<?xml version="1.0" encoding="UTF-8"?>
<testsuites name="Store_Suit" time="3639" tests="12" failures="0" errors="0">
   <testsuite name="Store_Suit" tests="12" failures="0" errors="0" time="3639" timestamp="2018-05-16 18:31:11" hostname="Quality Analyst - DESKTOP-BLFTK83" id="Test Suites/Store_Suit">
      <properties>
         <property name="deviceName" value=""/>
         <property name="devicePlatform" value=""/>
         <property name="logFolder" value="C:\\Users\\Quality Analyst\\Katalon Studio\\ds\\Reports\\Store_Suit\\20180516_183105"/>
         <property name="logFiles" value="C:\\Users\\Quality Analyst\\Katalon Studio\\ds\\Reports\\Store_Suit\\20180516_183105\\execution0.log, C:\\Users\\Quality Analyst\\Katalon Studio\\ds\\Reports\\Store_Suit\\20180516_183105\\execution1.log, C:\\Users\\Quality Analyst\\Katalon Studio\\ds\\Reports\\Store_Suit\\20180516_183105\\execution2.log, C:\\Users\\Quality Analyst\\Katalon Studio\\ds\\Reports\\Store_Suit\\20180516_183105\\execution3.log"/>
         <property name="attachments" value=""/>
         <property name="hostName" value="Quality Analyst - DESKTOP-BLFTK83"/>
         <property name="os" value="Windows 10 64bit"/>
         <property name="katalonVersion" value="5.4.1.1"/>
         <property name="browser" value="Chrome 66.0.3359.139"/>
         <property name="hostAddress" value="192.168.71.2"/>
         <property name="sessionId" value="02187f7a02093f5432f25d4b36c60755"/>
         <property name="seleniumVersion" value="3.7.1"/>
         <property name="proxyInformation" value="ProxyInformation{proxyOption=NO_PROXY, proxyServerType=HTTP, password=, proxyServerAddress=, proxyServerPort=0}"/>
         <property name="platform" value="Windows 10"/>
      </properties>
      <testcase name="Test Cases/STORE TO CMS REQUEST TEST CASES/TC_STCMS_001 To Verify Schedule 1 Store To CMS Request Are Working Successfully Or Not" classname="Test Cases/STORE TO CMS REQUEST TEST CASES/TC_STCMS_001 To Verify Schedule 1 Store To CMS Request Are Working Successfully Or Not" status="PASSED">
         <system-out><![CDATA[2018-05-16 18:31:11 - [TEST_CASE][PASSED] - Test Cases/STORE TO CMS REQUEST TEST CASES/TC_STCMS_001 To Verify Schedule 1 Store To CMS Request Are Working Successfully Or Not: Test Cases/STORE TO CMS REQUEST TEST CASES/TC_STCMS_001 To Verify Schedule 1 Store To CMS Request Are Working Successfully Or Not

2018-05-16 18:31:12 - [TEST_STEP][PASSED] - openBrowser: Browser is opened with url: ''

2018-05-16 18:31:15 - [MESSAGE][PASSED] - Browser is opened with url: ''

2018-05-16 18:31:15 - [TEST_STEP][PASSED] - Statement - out.println("Verify Schedule 1 Store Request Are Working Successfully Or Not"): null

2018-05-16 18:31:15 - [TEST_STEP][PASSED] - navigateToUrl: Navigate to 'http://192.168.137.1/multihospital_new/' successfully

2018-05-16 18:31:22 - [MESSAGE][PASSED] - Navigate to 'http://192.168.137.1/multihospital_new/' successfully

2018-05-16 18:31:22 - [TEST_STEP][PASSED] - maximizeWindow: Current window maximized

2018-05-16 18:31:23 - [MESSAGE][PASSED] - Current window maximized

2018-05-16 18:31:23 - [TEST_STEP][PASSED] - click: Object: 'Object Repository/Store Request Schedule 1/Page_KDMC/a_Divisional Store' is clicked on

2018-05-16 18:31:24 - [MESSAGE][PASSED] - Object: 'Object Repository/Store Request Schedule 1/Page_KDMC/a_Divisional Store' is clicked on

2018-05-16 18:31:24 - [TEST_STEP][PASSED] - setText: Text 'ragu' is set on object 'Object Repository/Store Request Schedule 1/Page_Divisonal Store Login/input_txtusername'

2018-05-16 18:31:24 - [MESSAGE][PASSED] - Text 'ragu' is set on object 'Object Repository/Store Request Schedule 1/Page_Divisonal Store Login/input_txtusername'

2018-05-16 18:31:24 - [TEST_STEP][PASSED] - setText: Text '123' is set on object 'Object Repository/Store Request Schedule 1/Page_Divisonal Store Login/input_txtpassword'

2018-05-16 18:31:24 - [MESSAGE][PASSED] - Text '123' is set on object 'Object Repository/Store Request Schedule 1/Page_Divisonal Store Login/input_txtpassword'

2018-05-16 18:31:24 - [TEST_STEP][PASSED] - delay: Delayed 3 second(s)

2018-05-16 18:31:27 - [MESSAGE][PASSED] - Delayed 3 second(s)

2018-05-16 18:31:27 - [TEST_STEP][PASSED] - click: Object: 'Object Repository/Store Request Schedule 1/Page_Divisonal Store Login/button_Sign in' is clicked on

2018-05-16 18:31:28 - [MESSAGE][PASSED] - Object: 'Object Repository/Store Request Schedule 1/Page_Divisonal Store Login/button_Sign in' is clicked on

2018-05-16 18:31:28 - [TEST_STEP][PASSED] - delay: Delayed 3 second(s)

2018-05-16 18:31:31 - [MESSAGE][PASSED] - Delayed 3 second(s)

2018-05-16 18:31:31 - [TEST_STEP][PASSED] - click: Object: 'Object Repository/Store Request Schedule 1/Page_Store/a_CMS' is clicked on

2018-05-16 18:31:32 - [MESSAGE][PASSED] - Object: 'Object Repository/Store Request Schedule 1/Page_Store/a_CMS' is clicked on

2018-05-16 18:31:32 - [TEST_STEP][PASSED] - delay: Delayed 2 second(s)

2018-05-16 18:31:34 - [MESSAGE][PASSED] - Delayed 2 second(s)

2018-05-16 18:31:34 - [TEST_STEP][PASSED] - click: Object: 'Object Repository/Store Request Schedule 1/Page_Store/a_Request Send' is clicked on

2018-05-16 18:31:34 - [MESSAGE][PASSED] - Object: 'Object Repository/Store Request Schedule 1/Page_Store/a_Request Send' is clicked on

2018-05-16 18:31:34 - [TEST_STEP][PASSED] - selectOptionByIndex: All options with index in [1] are selected on object 'Object Repository/Store Request Schedule 1/Page_Store/select_--Select--'

2018-05-16 18:31:35 - [MESSAGE][PASSED] - All options with index in [1] are selected on object 'Object Repository/Store Request Schedule 1/Page_Store/select_--Select--'

2018-05-16 18:31:35 - [TEST_STEP][PASSED] - selectOptionByIndex: All options with index in [1] are selected on object 'Object Repository/Store Request Schedule 1/Page_Store/select_--Select--Schedule 1Inj'

2018-05-16 18:31:35 - [MESSAGE][PASSED] - All options with index in [1] are selected on object 'Object Repository/Store Request Schedule 1/Page_Store/select_--Select--Schedule 1Inj'

2018-05-16 18:31:35 - [TEST_STEP][PASSED] - Statement - SelectedOptions = com.kms.katalon.core.webui.keyword.WebUiBuiltInKeywords.getNumberOfTotalOption(com.kms.katalon.core.testobject.ObjectRepository.findTestObject(Store Request Schedule 1/Page_Store/select_--Select--Adernaline 0.)): 63 options of object 'Object Repository/Store Request Schedule 1/Page_Store/select_--Select--Adernaline 0.' counted

2018-05-16 18:31:35 - [MESSAGE][PASSED] - 63 options of object 'Object Repository/Store Request Schedule 1/Page_Store/select_--Select--Adernaline 0.' counted

2018-05-16 18:31:35 - [TEST_STEP][PASSED] - Statement - For ([y = 1, y < SelectedOptions, (y++)]): Object: 'Object Repository/Store Request Schedule 1/Page_Store/button_Add' is clicked on

2018-05-16 18:31:35 - [TEST_STEP][PASSED] - selectOptionByIndex: All options with index in [1] are selected on object 'Object Repository/Store Request Schedule 1/Page_Store/select_--Select--Schedule 1Inj'

2018-05-16 18:31:35 - [MESSAGE][PASSED] - All options with index in [1] are selected on object 'Object Repository/Store Request Schedule 1/Page_Store/select_--Select--Schedule 1Inj'

2018-05-16 18:31:35 - [TEST_STEP][PASSED] - delay: Delayed 1 second(s)

2018-05-16 18:31:36 - [MESSAGE][PASSED] - Delayed 1 second(s)

2018-05-16 18:31:36 - [TEST_STEP][PASSED] - selectOptionByIndex: All options with index in [1] are selected on object 'Object Repository/Store Request Schedule 1/Page_Store/select_--Select--Adernaline 0.'

2018-05-16 18:31:36 - [MESSAGE][PASSED] - All options with index in [1] are selected on object 'Object Repository/Store Request Schedule 1/Page_Store/select_--Select--Adernaline 0.'

2018-05-16 18:31:36 - [TEST_STEP][PASSED] - setText: Text '100' is set on object 'Object Repository/Store Request Schedule 1/Page_Store/input_txttreat'

2018-05-16 18:31:36 - [MESSAGE][PASSED] - Text '100' is set on object 'Object Repository/Store Request Schedule 1/Page_Store/input_txttreat'

2018-05-16 18:31:36 - [TEST_STEP][PASSED] - click: Object: 'Object Repository/Store Request Schedule 1/Page_Store/button_Add' is clicked on

2018-05-16 18:31:36 - [MESSAGE][PASSED] - Object: 'Object Repository/Store Request Schedule 1/Page_Store/button_Add' is clicked on

2018-05-16 18:31:36 - [TEST_STEP][PASSED] - selectOptionByIndex: All options with index in [1] are selected on object 'Object Repository/Store Request Schedule 1/Page_Store/select_--Select--Schedule 1Inj'

2018-05-16 18:31:36 - [MESSAGE][PASSED] - All options with index in [1] are selected on object 'Object Repository/Store Request Schedule 1/Page_Store/select_--Select--Schedule 1Inj'

2018-05-16 18:31:36 - [TEST_STEP][PASSED] - delay: Delayed 1 second(s)

2018-05-16 18:31:38 - [MESSAGE][PASSED] - Delayed 1 second(s)

2018-05-16 18:31:38 - [TEST_STEP][PASSED] - selectOptionByIndex: All options with index in [2] are selected on object 'Object Repository/Store Request Schedule 1/Page_Store/select_--Select--Adernaline 0.'

2018-05-16 18:31:38 - [MESSAGE][PASSED] - All options with index in [2] are selected on object 'Object Repository/Store Request Schedule 1/Page_Store/select_--Select--Adernaline 0.'

2018-05-16 18:31:38 - [TEST_STEP][PASSED] - setText: Text '100' is set on object 'Object Repository/Store Request Schedule 1/Page_Store/input_txttreat'

2018-05-16 18:31:38 - [MESSAGE][PASSED] - Text '100' is set on object 'Object Repository/Store Request Schedule 1/Page_Store/input_txttreat'

2018-05-16 18:31:38 - [TEST_STEP][PASSED] - click: Object: 'Object Repository/Store Request Schedule 1/Page_Store/button_Add' is clicked on

2018-05-16 18:31:38 - [MESSAGE][PASSED] - Object: 'Object Repository/Store Request Schedule 1/Page_Store/button_Add' is clicked on

2018-05-16 18:31:38 - [TEST_STEP][PASSED] - selectOptionByIndex: All options with index in [1] are selected on object 'Object Repository/Store Request Schedule 1/Page_Store/select_--Select--Schedule 1Inj'

2018-05-16 18:31:38 - [MESSAGE][PASSED] - All options with index in [1] are selected on object 'Object Repository/Store Request Schedule 1/Page_Store/select_--Select--Schedule 1Inj'

2018-05-16 18:31:38 - [TEST_STEP][PASSED] - delay: Delayed 1 second(s)

2018-05-16 18:31:39 - [MESSAGE][PASSED] - Delayed 1 second(s)

2018-05-16 18:31:39 - [TEST_STEP][PASSED] - selectOptionByIndex: All options with index in [3] are selected on object 'Object Repository/Store Request Schedule 1/Page_Store/select_--Select--Adernaline 0.'

2018-05-16 18:31:39 - [MESSAGE][PASSED] - All options with index in [3] are selected on object 'Object Repository/Store Request Schedule 1/Page_Store/select_--Select--Adernaline 0.'

2018-05-16 18:31:39 - [TEST_STEP][PASSED] - setText: Text '100' is set on object 'Object Repository/Store Request Schedule 1/Page_Store/input_txttreat'

2018-05-16 18:31:39 - [MESSAGE][PASSED] - Text '100' is set on object 'Object Repository/Store Request Schedule 1/Page_Store/input_txttreat'

2018-05-16 18:31:39 - [TEST_STEP][PASSED] - click: Object: 'Object Repository/Store Request Schedule 1/Page_Store/button_Add' is clicked on

2018-05-16 18:31:39 - [MESSAGE][PASSED] - Object: 'Object Repository/Store Request Schedule 1/Page_Store/button_Add' is clicked on

2018-05-16 18:31:39 - [TEST_STEP][PASSED] - selectOptionByIndex: All options with index in [1] are selected on object 'Object Repository/Store Request Schedule 1/Page_Store/select_--Select--Schedule 1Inj'

2018-05-16 18:31:39 - [MESSAGE][PASSED] - All options with index in [1] are selected on object 'Object Repository/Store Request Schedule 1/Page_Store/select_--Select--Schedule 1Inj'

2018-05-16 18:31:39 - [TEST_STEP][PASSED] - delay: Delayed 1 second(s)

2018-05-16 18:31:40 - [MESSAGE][PASSED] - Delayed 1 second(s)

2018-05-16 18:31:40 - [TEST_STEP][PASSED] - selectOptionByIndex: All options with index in [4] are selected on object 'Object Repository/Store Request Schedule 1/Page_Store/select_--Select--Adernaline 0.'

2018-05-16 18:31:41 - [MESSAGE][PASSED] - All options with index in [4] are selected on object 'Object Repository/Store Request Schedule 1/Page_Store/select_--Select--Adernaline 0.'

2018-05-16 18:31:41 - [TEST_STEP][PASSED] - setText: Text '100' is set on object 'Object Repository/Store Request Schedule 1/Page_Store/input_txttreat'

2018-05-16 18:31:41 - [MESSAGE][PASSED] - Text '100' is set on object 'Object Repository/Store Request Schedule 1/Page_Store/input_txttreat'

2018-05-16 18:31:41 - [TEST_STEP][PASSED] - click: Object: 'Object Repository/Store Request Schedule 1/Page_Store/button_Add' is clicked on

2018-05-16 18:31:41 - [MESSAGE][PASSED] - Object: 'Object Repository/Store Request Schedule 1/Page_Store/button_Add' is clicked on

2018-05-16 18:31:41 - [TEST_STEP][PASSED] - selectOptionByIndex: All options with index in [1] are selected on object 'Object Repository/Store Request Schedule 1/Page_Store/select_--Select--Schedule 1Inj'

2018-05-16 18:31:41 - [MESSAGE][PASSED] - All options with index in [1] are selected on object 'Object Repository/Store Request Schedule 1/Page_Store/select_--Select--Schedule 1Inj'

2018-05-16 18:31:41 - [TEST_STEP][PASSED] - delay: Delayed 1 second(s)

2018-05-16 18:31:42 - [MESSAGE][PASSED] - Delayed 1 second(s)

2018-05-16 18:31:42 - [TEST_STEP][PASSED] - selectOptionByIndex: All options with index in [5] are selected on object 'Object Repository/Store Request Schedule 1/Page_Store/select_--Select--Adernaline 0.'

2018-05-16 18:31:42 - [MESSAGE][PASSED] - All options with index in [5] are selected on object 'Object Repository/Store Request Schedule 1/Page_Store/select_--Select--Adernaline 0.'

2018-05-16 18:31:42 - [TEST_STEP][PASSED] - setText: Text '100' is set on object 'Object Repository/Store Request Schedule 1/Page_Store/input_txttreat'

2018-05-16 18:31:42 - [MESSAGE][PASSED] - Text '100' is set on object 'Object Repository/Store Request Schedule 1/Page_Store/input_txttreat'

2018-05-16 18:31:42 - [TEST_STEP][PASSED] - click: Object: 'Object Repository/Store Request Schedule 1/Page_Store/button_Add' is clicked on

2018-05-16 18:31:42 - [MESSAGE][PASSED] - Object: 'Object Repository/Store Request Schedule 1/Page_Store/button_Add' is clicked on

2018-05-16 18:31:42 - [TEST_STEP][PASSED] - selectOptionByIndex: All options with index in [1] are selected on object 'Object Repository/Store Request Schedule 1/Page_Store/select_--Select--Schedule 1Inj'

2018-05-16 18:31:42 - [MESSAGE][PASSED] - All options with index in [1] are selected on object 'Object Repository/Store Request Schedule 1/Page_Store/select_--Select--Schedule 1Inj'

2018-05-16 18:31:42 - [TEST_STEP][PASSED] - delay: Delayed 1 second(s)

2018-05-16 18:31:43 - [MESSAGE][PASSED] - Delayed 1 second(s)

2018-05-16 18:31:43 - [TEST_STEP][PASSED] - selectOptionByIndex: All options with index in [6] are selected on object 'Object Repository/Store Request Schedule 1/Page_Store/select_--Select--Adernaline 0.'

2018-05-16 18:31:44 - [MESSAGE][PASSED] - All options with index in [6] are selected on object 'Object Repository/Store Request Schedule 1/Page_Store/select_--Select--Adernaline 0.'

2018-05-16 18:31:44 - [TEST_STEP][PASSED] - setText: Text '100' is set on object 'Object Repository/Store Request Schedule 1/Page_Store/input_txttreat'

2018-05-16 18:31:44 - [MESSAGE][PASSED] - Text '100' is set on object 'Object Repository/Store Request Schedule 1/Page_Store/input_txttreat'

2018-05-16 18:31:44 - [TEST_STEP][PASSED] - click: Object: 'Object Repository/Store Request Schedule 1/Page_Store/button_Add' is clicked on

2018-05-16 18:31:44 - [MESSAGE][PASSED] - Object: 'Object Repository/Store Request Schedule 1/Page_Store/button_Add' is clicked on

2018-05-16 18:31:44 - [TEST_STEP][PASSED] - selectOptionByIndex: All options with index in [1] are selected on object 'Object Repository/Store Request Schedule 1/Page_Store/select_--Select--Schedule 1Inj'

2018-05-16 18:31:44 - [MESSAGE][PASSED] - All options with index in [1] are selected on object 'Object Repository/Store Request Schedule 1/Page_Store/select_--Select--Schedule 1Inj'

2018-05-16 18:31:44 - [TEST_STEP][PASSED] - delay: Delayed 1 second(s)

2018-05-16 18:31:45 - [MESSAGE][PASSED] - Delayed 1 second(s)

2018-05-16 18:31:45 - [TEST_STEP][PASSED] - selectOptionByIndex: All options with index in [7] are selected on object 'Object Repository/Store Request Schedule 1/Page_Store/select_--Select--Adernaline 0.'

2018-05-16 18:31:45 - [MESSAGE][PASSED] - All options with index in [7] are selected on object 'Object Repository/Store Request Schedule 1/Page_Store/select_--Select--Adernaline 0.'

2018-05-16 18:31:45 - [TEST_STEP][PASSED] - setText: Text '100' is set on object 'Object Repository/Store Request Schedule 1/Page_Store/input_txttreat'

2018-05-16 18:31:45 - [MESSAGE][PASSED] - Text '100' is set on object 'Object Repository/Store Request Schedule 1/Page_Store/input_txttreat'

2018-05-16 18:31:45 - [TEST_STEP][PASSED] - click: Object: 'Object Repository/Store Request Schedule 1/Page_Store/button_Add' is clicked on

2018-05-16 18:31:45 - [MESSAGE][PASSED] - Object: 'Object Repository/Store Request Schedule 1/Page_Store/button_Add' is clicked on

2018-05-16 18:31:45 - [TEST_STEP][PASSED] - selectOptionByIndex: All options with index in [1] are selected on object 'Object Repository/Store Request Schedule 1/Page_Store/select_--Select--Schedule 1Inj'

2018-05-16 18:31:45 - [MESSAGE][PASSED] - All options with index in [1] are selected on object 'Object Repository/Store Request Schedule 1/Page_Store/select_--Select--Schedule 1Inj'

2018-05-16 18:31:45 - [TEST_STEP][PASSED] - delay: Delayed 1 second(s)

2018-05-16 18:31:46 - [MESSAGE][PASSED] - Delayed 1 second(s)

2018-05-16 18:31:46 - [TEST_STEP][PASSED] - selectOptionByIndex: All options with index in [8] are selected on object 'Object Repository/Store Request Schedule 1/Page_Store/select_--Select--Adernaline 0.'

2018-05-16 18:31:47 - [MESSAGE][PASSED] - All options with index in [8] are selected on object 'Object Repository/Store Request Schedule 1/Page_Store/select_--Select--Adernaline 0.'

2018-05-16 18:31:47 - [TEST_STEP][PASSED] - setText: Text '100' is set on object 'Object Repository/Store Request Schedule 1/Page_Store/input_txttreat'

2018-05-16 18:31:47 - [MESSAGE][PASSED] - Text '100' is set on object 'Object Repository/Store Request Schedule 1/Page_Store/input_txttreat'

2018-05-16 18:31:47 - [TEST_STEP][PASSED] - click: Object: 'Object Repository/Store Request Schedule 1/Page_Store/button_Add' is clicked on

2018-05-16 18:31:47 - [MESSAGE][PASSED] - Object: 'Object Repository/Store Request Schedule 1/Page_Store/button_Add' is clicked on

2018-05-16 18:31:47 - [TEST_STEP][PASSED] - selectOptionByIndex: All options with index in [1] are selected on object 'Object Repository/Store Request Schedule 1/Page_Store/select_--Select--Schedule 1Inj'

2018-05-16 18:31:47 - [MESSAGE][PASSED] - All options with index in [1] are selected on object 'Object Repository/Store Request Schedule 1/Page_Store/select_--Select--Schedule 1Inj'

2018-05-16 18:31:47 - [TEST_STEP][PASSED] - delay: Delayed 1 second(s)

2018-05-16 18:31:48 - [MESSAGE][PASSED] - Delayed 1 second(s)

2018-05-16 18:31:48 - [TEST_STEP][PASSED] - selectOptionByIndex: All options with index in [9] are selected on object 'Object Repository/Store Request Schedule 1/Page_Store/select_--Select--Adernaline 0.'

2018-05-16 18:31:48 - [MESSAGE][PASSED] - All options with index in [9] are selected on object 'Object Repository/Store Request Schedule 1/Page_Store/select_--Select--Adernaline 0.'

2018-05-16 18:31:48 - [TEST_STEP][PASSED] - setText: Text '100' is set on object 'Object Repository/Store Request Schedule 1/Page_Store/input_txttreat'

2018-05-16 18:31:48 - [MESSAGE][PASSED] - Text '100' is set on object 'Object Repository/Store Request Schedule 1/Page_Store/input_txttreat'

2018-05-16 18:31:48 - [TEST_STEP][PASSED] - click: Object: 'Object Repository/Store Request Schedule 1/Page_Store/button_Add' is clicked on

2018-05-16 18:31:48 - [MESSAGE][PASSED] - Object: 'Object Repository/Store Request Schedule 1/Page_Store/button_Add' is clicked on

2018-05-16 18:31:48 - [TEST_STEP][PASSED] - selectOptionByIndex: All options with index in [1] are selected on object 'Object Repository/Store Request Schedule 1/Page_Store/select_--Select--Schedule 1Inj'

2018-05-16 18:31:48 - [MESSAGE][PASSED] - All options with index in [1] are selected on object 'Object Repository/Store Request Schedule 1/Page_Store/select_--Select--Schedule 1Inj'

2018-05-16 18:31:48 - [TEST_STEP][PASSED] - delay: Delayed 1 second(s)

2018-05-16 18:31:49 - [MESSAGE][PASSED] - Delayed 1 second(s)

2018-05-16 18:31:49 - [TEST_STEP][PASSED] - selectOptionByIndex: All options with index in [10] are selected on object 'Object Repository/Store Request Schedule 1/Page_Store/select_--Select--Adernaline 0.'

2018-05-16 18:31:50 - [MESSAGE][PASSED] - All options with index in [10] are selected on object 'Object Repository/Store Request Schedule 1/Page_Store/select_--Select--Adernaline 0.'

2018-05-16 18:31:50 - [TEST_STEP][PASSED] - setText: Text '100' is set on object 'Object Repository/Store Request Schedule 1/Page_Store/input_txttreat'

2018-05-16 18:31:50 - [MESSAGE][PASSED] - Text '100' is set on object 'Object Repository/Store Request Schedule 1/Page_Store/input_txttreat'

2018-05-16 18:31:50 - [TEST_STEP][PASSED] - click: Object: 'Object Repository/Store Request Schedule 1/Page_Store/button_Add' is clicked on

2018-05-16 18:31:50 - [MESSAGE][PASSED] - Object: 'Object Repository/Store Request Schedule 1/Page_Store/button_Add' is clicked on

2018-05-16 18:31:50 - [TEST_STEP][PASSED] - selectOptionByIndex: All options with index in [1] are selected on object 'Object Repository/Store Request Schedule 1/Page_Store/select_--Select--Schedule 1Inj'

2018-05-16 18:31:50 - [MESSAGE][PASSED] - All options with index in [1] are selected on object 'Object Repository/Store Request Schedule 1/Page_Store/select_--Select--Schedule 1Inj'

2018-05-16 18:31:50 - [TEST_STEP][PASSED] - delay: Delayed 1 second(s)

2018-05-16 18:31:51 - [MESSAGE][PASSED] - Delayed 1 second(s)

2018-05-16 18:31:51 - [TEST_STEP][PASSED] - selectOptionByIndex: All options with index in [11] are selected on object 'Object Repository/Store Request Schedule 1/Page_Store/select_--Select--Adernaline 0.'

2018-05-16 18:31:51 - [MESSAGE][PASSED] - All options with index in [11] are selected on object 'Object Repository/Store Request Schedule 1/Page_Store/select_--Select--Adernaline 0.'

2018-05-16 18:31:51 - [TEST_STEP][PASSED] - setText: Text '100' is set on object 'Object Repository/Store Request Schedule 1/Page_Store/input_txttreat'

2018-05-16 18:31:51 - [MESSAGE][PASSED] - Text '100' is set on object 'Object Repository/Store Request Schedule 1/Page_Store/input_txttreat'

2018-05-16 18:31:51 - [TEST_STEP][PASSED] - click: Object: 'Object Repository/Store Request Schedule 1/Page_Store/button_Add' is clicked on

2018-05-16 18:31:51 - [MESSAGE][PASSED] - Object: 'Object Repository/Store Request Schedule 1/Page_Store/button_Add' is clicked on

2018-05-16 18:31:51 - [TEST_STEP][PASSED] - selectOptionByIndex: All options with index in [1] are selected on object 'Object Repository/Store Request Schedule 1/Page_Store/select_--Select--Schedule 1Inj'

2018-05-16 18:31:51 - [MESSAGE][PASSED] - All options with index in [1] are selected on object 'Object Repository/Store Request Schedule 1/Page_Store/select_--Select--Schedule 1Inj'

2018-05-16 18:31:51 - [TEST_STEP][PASSED] - delay: Delayed 1 second(s)

2018-05-16 18:31:52 - [MESSAGE][PASSED] - Delayed 1 second(s)

2018-05-16 18:31:52 - [TEST_STEP][PASSED] - selectOptionByIndex: All options with index in [12] are selected on object 'Object Repository/Store Request Schedule 1/Page_Store/select_--Select--Adernaline 0.'

2018-05-16 18:31:53 - [MESSAGE][PASSED] - All options with index in [12] are selected on object 'Object Repository/Store Request Schedule 1/Page_Store/select_--Select--Adernaline 0.'

2018-05-16 18:31:53 - [TEST_STEP][PASSED] - setText: Text '100' is set on object 'Object Repository/Store Request Schedule 1/Page_Store/input_txttreat'

2018-05-16 18:31:53 - [MESSAGE][PASSED] - Text '100' is set on object 'Object Repository/Store Request Schedule 1/Page_Store/input_txttreat'

2018-05-16 18:31:53 - [TEST_STEP][PASSED] - click: Object: 'Object Repository/Store Request Schedule 1/Page_Store/button_Add' is clicked on

2018-05-16 18:31:53 - [MESSAGE][PASSED] - Object: 'Object Repository/Store Request Schedule 1/Page_Store/button_Add' is clicked on

2018-05-16 18:31:53 - [TEST_STEP][PASSED] - selectOptionByIndex: All options with index in [1] are selected on object 'Object Repository/Store Request Schedule 1/Page_Store/select_--Select--Schedule 1Inj'

2018-05-16 18:31:53 - [MESSAGE][PASSED] - All options with index in [1] are selected on object 'Object Repository/Store Request Schedule 1/Page_Store/select_--Select--Schedule 1Inj'

2018-05-16 18:31:53 - [TEST_STEP][PASSED] - delay: Delayed 1 second(s)

2018-05-16 18:31:54 - [MESSAGE][PASSED] - Delayed 1 second(s)

2018-05-16 18:31:54 - [TEST_STEP][PASSED] - selectOptionByIndex: All options with index in [13] are selected on object 'Object Repository/Store Request Schedule 1/Page_Store/select_--Select--Adernaline 0.'

2018-05-16 18:31:54 - [MESSAGE][PASSED] - All options with index in [13] are selected on object 'Object Repository/Store Request Schedule 1/Page_Store/select_--Select--Adernaline 0.'

2018-05-16 18:31:54 - [TEST_STEP][PASSED] - setText: Text '100' is set on object 'Object Repository/Store Request Schedule 1/Page_Store/input_txttreat'

2018-05-16 18:31:54 - [MESSAGE][PASSED] - Text '100' is set on object 'Object Repository/Store Request Schedule 1/Page_Store/input_txttreat'

2018-05-16 18:31:54 - [TEST_STEP][PASSED] - click: Object: 'Object Repository/Store Request Schedule 1/Page_Store/button_Add' is clicked on

2018-05-16 18:31:54 - [MESSAGE][PASSED] - Object: 'Object Repository/Store Request Schedule 1/Page_Store/button_Add' is clicked on

2018-05-16 18:31:54 - [TEST_STEP][PASSED] - selectOptionByIndex: All options with index in [1] are selected on object 'Object Repository/Store Request Schedule 1/Page_Store/select_--Select--Schedule 1Inj'

2018-05-16 18:31:55 - [MESSAGE][PASSED] - All options with index in [1] are selected on object 'Object Repository/Store Request Schedule 1/Page_Store/select_--Select--Schedule 1Inj'

2018-05-16 18:31:55 - [TEST_STEP][PASSED] - delay: Delayed 1 second(s)

2018-05-16 18:31:56 - [MESSAGE][PASSED] - Delayed 1 second(s)

2018-05-16 18:31:56 - [TEST_STEP][PASSED] - selectOptionByIndex: All options with index in [14] are selected on object 'Object Repository/Store Request Schedule 1/Page_Store/select_--Select--Adernaline 0.'

2018-05-16 18:31:56 - [MESSAGE][PASSED] - All options with index in [14] are selected on object 'Object Repository/Store Request Schedule 1/Page_Store/select_--Select--Adernaline 0.'

2018-05-16 18:31:56 - [TEST_STEP][PASSED] - setText: Text '100' is set on object 'Object Repository/Store Request Schedule 1/Page_Store/input_txttreat'

2018-05-16 18:31:56 - [MESSAGE][PASSED] - Text '100' is set on object 'Object Repository/Store Request Schedule 1/Page_Store/input_txttreat'

2018-05-16 18:31:56 - [TEST_STEP][PASSED] - click: Object: 'Object Repository/Store Request Schedule 1/Page_Store/button_Add' is clicked on

2018-05-16 18:31:56 - [MESSAGE][PASSED] - Object: 'Object Repository/Store Request Schedule 1/Page_Store/button_Add' is clicked on

2018-05-16 18:31:56 - [TEST_STEP][PASSED] - selectOptionByIndex: All options with index in [1] are selected on object 'Object Repository/Store Request Schedule 1/Page_Store/select_--Select--Schedule 1Inj'

2018-05-16 18:31:56 - [MESSAGE][PASSED] - All options with index in [1] are selected on object 'Object Repository/Store Request Schedule 1/Page_Store/select_--Select--Schedule 1Inj'

2018-05-16 18:31:56 - [TEST_STEP][PASSED] - delay: Delayed 1 second(s)

2018-05-16 18:31:57 - [MESSAGE][PASSED] - Delayed 1 second(s)

2018-05-16 18:31:57 - [TEST_STEP][PASSED] - selectOptionByIndex: All options with index in [15] are selected on object 'Object Repository/Store Request Schedule 1/Page_Store/select_--Select--Adernaline 0.'

2018-05-16 18:31:58 - [MESSAGE][PASSED] - All options with index in [15] are selected on object 'Object Repository/Store Request Schedule 1/Page_Store/select_--Select--Adernaline 0.'

2018-05-16 18:31:58 - [TEST_STEP][PASSED] - setText: Text '100' is set on object 'Object Repository/Store Request Schedule 1/Page_Store/input_txttreat'

2018-05-16 18:31:58 - [MESSAGE][PASSED] - Text '100' is set on object 'Object Repository/Store Request Schedule 1/Page_Store/input_txttreat'

2018-05-16 18:31:58 - [TEST_STEP][PASSED] - click: Object: 'Object Repository/Store Request Schedule 1/Page_Store/button_Add' is clicked on

2018-05-16 18:31:58 - [MESSAGE][PASSED] - Object: 'Object Repository/Store Request Schedule 1/Page_Store/button_Add' is clicked on

2018-05-16 18:31:58 - [TEST_STEP][PASSED] - selectOptionByIndex: All options with index in [1] are selected on object 'Object Repository/Store Request Schedule 1/Page_Store/select_--Select--Schedule 1Inj'

2018-05-16 18:31:58 - [MESSAGE][PASSED] - All options with index in [1] are selected on object 'Object Repository/Store Request Schedule 1/Page_Store/select_--Select--Schedule 1Inj'

2018-05-16 18:31:58 - [TEST_STEP][PASSED] - delay: Delayed 1 second(s)

2018-05-16 18:31:59 - [MESSAGE][PASSED] - Delayed 1 second(s)

2018-05-16 18:31:59 - [TEST_STEP][PASSED] - selectOptionByIndex: All options with index in [16] are selected on object 'Object Repository/Store Request Schedule 1/Page_Store/select_--Select--Adernaline 0.'

2018-05-16 18:31:59 - [MESSAGE][PASSED] - All options with index in [16] are selected on object 'Object Repository/Store Request Schedule 1/Page_Store/select_--Select--Adernaline 0.'

2018-05-16 18:31:59 - [TEST_STEP][PASSED] - setText: Text '100' is set on object 'Object Repository/Store Request Schedule 1/Page_Store/input_txttreat'

2018-05-16 18:31:59 - [MESSAGE][PASSED] - Text '100' is set on object 'Object Repository/Store Request Schedule 1/Page_Store/input_txttreat'

2018-05-16 18:31:59 - [TEST_STEP][PASSED] - click: Object: 'Object Repository/Store Request Schedule 1/Page_Store/button_Add' is clicked on

2018-05-16 18:31:59 - [MESSAGE][PASSED] - Object: 'Object Repository/Store Request Schedule 1/Page_Store/button_Add' is clicked on

2018-05-16 18:31:59 - [TEST_STEP][PASSED] - selectOptionByIndex: All options with index in [1] are selected on object 'Object Repository/Store Request Schedule 1/Page_Store/select_--Select--Schedule 1Inj'

2018-05-16 18:31:59 - [MESSAGE][PASSED] - All options with index in [1] are selected on object 'Object Repository/Store Request Schedule 1/Page_Store/select_--Select--Schedule 1Inj'

2018-05-16 18:31:59 - [TEST_STEP][PASSED] - delay: Delayed 1 second(s)

2018-05-16 18:32:00 - [MESSAGE][PASSED] - Delayed 1 second(s)

2018-05-16 18:32:00 - [TEST_STEP][PASSED] - selectOptionByIndex: All options with index in [17] are selected on object 'Object Repository/Store Request Schedule 1/Page_Store/select_--Select--Adernaline 0.'

2018-05-16 18:32:01 - [MESSAGE][PASSED] - All options with index in [17] are selected on object 'Object Repository/Store Request Schedule 1/Page_Store/select_--Select--Adernaline 0.'

2018-05-16 18:32:01 - [TEST_STEP][PASSED] - setText: Text '100' is set on object 'Object Repository/Store Request Schedule 1/Page_Store/input_txttreat'

2018-05-16 18:32:01 - [MESSAGE][PASSED] - Text '100' is set on object 'Object Repository/Store Request Schedule 1/Page_Store/input_txttreat'

2018-05-16 18:32:01 - [TEST_STEP][PASSED] - click: Object: 'Object Repository/Store Request Schedule 1/Page_Store/button_Add' is clicked on

2018-05-16 18:32:01 - [MESSAGE][PASSED] - Object: 'Object Repository/Store Request Schedule 1/Page_Store/button_Add' is clicked on

2018-05-16 18:32:01 - [TEST_STEP][PASSED] - selectOptionByIndex: All options with index in [1] are selected on object 'Object Repository/Store Request Schedule 1/Page_Store/select_--Select--Schedule 1Inj'

2018-05-16 18:32:01 - [MESSAGE][PASSED] - All options with index in [1] are selected on object 'Object Repository/Store Request Schedule 1/Page_Store/select_--Select--Schedule 1Inj'

2018-05-16 18:32:01 - [TEST_STEP][PASSED] - delay: Delayed 1 second(s)

2018-05-16 18:32:02 - [MESSAGE][PASSED] - Delayed 1 second(s)

2018-05-16 18:32:02 - [TEST_STEP][PASSED] - selectOptionByIndex: All options with index in [18] are selected on object 'Object Repository/Store Request Schedule 1/Page_Store/select_--Select--Adernaline 0.'

2018-05-16 18:32:02 - [MESSAGE][PASSED] - All options with index in [18] are selected on object 'Object Repository/Store Request Schedule 1/Page_Store/select_--Select--Adernaline 0.'

2018-05-16 18:32:02 - [TEST_STEP][PASSED] - setText: Text '100' is set on object 'Object Repository/Store Request Schedule 1/Page_Store/input_txttreat'

2018-05-16 18:32:02 - [MESSAGE][PASSED] - Text '100' is set on object 'Object Repository/Store Request Schedule 1/Page_Store/input_txttreat'

2018-05-16 18:32:02 - [TEST_STEP][PASSED] - click: Object: 'Object Repository/Store Request Schedule 1/Page_Store/button_Add' is clicked on

2018-05-16 18:32:02 - [MESSAGE][PASSED] - Object: 'Object Repository/Store Request Schedule 1/Page_Store/button_Add' is clicked on

2018-05-16 18:32:02 - [TEST_STEP][PASSED] - selectOptionByIndex: All options with index in [1] are selected on object 'Object Repository/Store Request Schedule 1/Page_Store/select_--Select--Schedule 1Inj'

2018-05-16 18:32:03 - [MESSAGE][PASSED] - All options with index in [1] are selected on object 'Object Repository/Store Request Schedule 1/Page_Store/select_--Select--Schedule 1Inj'

2018-05-16 18:32:03 - [TEST_STEP][PASSED] - delay: Delayed 1 second(s)

2018-05-16 18:32:04 - [MESSAGE][PASSED] - Delayed 1 second(s)

2018-05-16 18:32:04 - [TEST_STEP][PASSED] - selectOptionByIndex: All options with index in [19] are selected on object 'Object Repository/Store Request Schedule 1/Page_Store/select_--Select--Adernaline 0.'

2018-05-16 18:32:04 - [MESSAGE][PASSED] - All options with index in [19] are selected on object 'Object Repository/Store Request Schedule 1/Page_Store/select_--Select--Adernaline 0.'

2018-05-16 18:32:04 - [TEST_STEP][PASSED] - setText: Text '100' is set on object 'Object Repository/Store Request Schedule 1/Page_Store/input_txttreat'

2018-05-16 18:32:04 - [MESSAGE][PASSED] - Text '100' is set on object 'Object Repository/Store Request Schedule 1/Page_Store/input_txttreat'

2018-05-16 18:32:04 - [TEST_STEP][PASSED] - click: Object: 'Object Repository/Store Request Schedule 1/Page_Store/button_Add' is clicked on

2018-05-16 18:32:04 - [MESSAGE][PASSED] - Object: 'Object Repository/Store Request Schedule 1/Page_Store/button_Add' is clicked on

2018-05-16 18:32:04 - [TEST_STEP][PASSED] - selectOptionByIndex: All options with index in [1] are selected on object 'Object Repository/Store Request Schedule 1/Page_Store/select_--Select--Schedule 1Inj'

2018-05-16 18:32:04 - [MESSAGE][PASSED] - All options with index in [1] are selected on object 'Object Repository/Store Request Schedule 1/Page_Store/select_--Select--Schedule 1Inj'

2018-05-16 18:32:04 - [TEST_STEP][PASSED] - delay: Delayed 1 second(s)

2018-05-16 18:32:05 - [MESSAGE][PASSED] - Delayed 1 second(s)

2018-05-16 18:32:05 - [TEST_STEP][PASSED] - selectOptionByIndex: All options with index in [20] are selected on object 'Object Repository/Store Request Schedule 1/Page_Store/select_--Select--Adernaline 0.'

2018-05-16 18:32:05 - [MESSAGE][PASSED] - All options with index in [20] are selected on object 'Object Repository/Store Request Schedule 1/Page_Store/select_--Select--Adernaline 0.'

2018-05-16 18:32:05 - [TEST_STEP][PASSED] - setText: Text '100' is set on object 'Object Repository/Store Request Schedule 1/Page_Store/input_txttreat'

2018-05-16 18:32:06 - [MESSAGE][PASSED] - Text '100' is set on object 'Object Repository/Store Request Schedule 1/Page_Store/input_txttreat'

2018-05-16 18:32:06 - [TEST_STEP][PASSED] - click: Object: 'Object Repository/Store Request Schedule 1/Page_Store/button_Add' is clicked on

2018-05-16 18:32:06 - [MESSAGE][PASSED] - Object: 'Object Repository/Store Request Schedule 1/Page_Store/button_Add' is clicked on

2018-05-16 18:32:06 - [TEST_STEP][PASSED] - selectOptionByIndex: All options with index in [1] are selected on object 'Object Repository/Store Request Schedule 1/Page_Store/select_--Select--Schedule 1Inj'

2018-05-16 18:32:06 - [MESSAGE][PASSED] - All options with index in [1] are selected on object 'Object Repository/Store Request Schedule 1/Page_Store/select_--Select--Schedule 1Inj'

2018-05-16 18:32:06 - [TEST_STEP][PASSED] - delay: Delayed 1 second(s)

2018-05-16 18:32:07 - [MESSAGE][PASSED] - Delayed 1 second(s)

2018-05-16 18:32:07 - [TEST_STEP][PASSED] - selectOptionByIndex: All options with index in [21] are selected on object 'Object Repository/Store Request Schedule 1/Page_Store/select_--Select--Adernaline 0.'

2018-05-16 18:32:07 - [MESSAGE][PASSED] - All options with index in [21] are selected on object 'Object Repository/Store Request Schedule 1/Page_Store/select_--Select--Adernaline 0.'

2018-05-16 18:32:07 - [TEST_STEP][PASSED] - setText: Text '100' is set on object 'Object Repository/Store Request Schedule 1/Page_Store/input_txttreat'

2018-05-16 18:32:07 - [MESSAGE][PASSED] - Text '100' is set on object 'Object Repository/Store Request Schedule 1/Page_Store/input_txttreat'

2018-05-16 18:32:07 - [TEST_STEP][PASSED] - click: Object: 'Object Repository/Store Request Schedule 1/Page_Store/button_Add' is clicked on

2018-05-16 18:32:07 - [MESSAGE][PASSED] - Object: 'Object Repository/Store Request Schedule 1/Page_Store/button_Add' is clicked on

2018-05-16 18:32:07 - [TEST_STEP][PASSED] - selectOptionByIndex: All options with index in [1] are selected on object 'Object Repository/Store Request Schedule 1/Page_Store/select_--Select--Schedule 1Inj'

2018-05-16 18:32:07 - [MESSAGE][PASSED] - All options with index in [1] are selected on object 'Object Repository/Store Request Schedule 1/Page_Store/select_--Select--Schedule 1Inj'

2018-05-16 18:32:07 - [TEST_STEP][PASSED] - delay: Delayed 1 second(s)

2018-05-16 18:32:08 - [MESSAGE][PASSED] - Delayed 1 second(s)

2018-05-16 18:32:08 - [TEST_STEP][PASSED] - selectOptionByIndex: All options with index in [22] are selected on object 'Object Repository/Store Request Schedule 1/Page_Store/select_--Select--Adernaline 0.'

2018-05-16 18:32:09 - [MESSAGE][PASSED] - All options with index in [22] are selected on object 'Object Repository/Store Request Schedule 1/Page_Store/select_--Select--Adernaline 0.'

2018-05-16 18:32:09 - [TEST_STEP][PASSED] - setText: Text '100' is set on object 'Object Repository/Store Request Schedule 1/Page_Store/input_txttreat'

2018-05-16 18:32:09 - [MESSAGE][PASSED] - Text '100' is set on object 'Object Repository/Store Request Schedule 1/Page_Store/input_txttreat'

2018-05-16 18:32:09 - [TEST_STEP][PASSED] - click: Object: 'Object Repository/Store Request Schedule 1/Page_Store/button_Add' is clicked on

2018-05-16 18:32:09 - [MESSAGE][PASSED] - Object: 'Object Repository/Store Request Schedule 1/Page_Store/button_Add' is clicked on

2018-05-16 18:32:09 - [TEST_STEP][PASSED] - selectOptionByIndex: All options with index in [1] are selected on object 'Object Repository/Store Request Schedule 1/Page_Store/select_--Select--Schedule 1Inj'

2018-05-16 18:32:09 - [MESSAGE][PASSED] - All options with index in [1] are selected on object 'Object Repository/Store Request Schedule 1/Page_Store/select_--Select--Schedule 1Inj'

2018-05-16 18:32:09 - [TEST_STEP][PASSED] - delay: Delayed 1 second(s)

2018-05-16 18:32:10 - [MESSAGE][PASSED] - Delayed 1 second(s)

2018-05-16 18:32:10 - [TEST_STEP][PASSED] - selectOptionByIndex: All options with index in [23] are selected on object 'Object Repository/Store Request Schedule 1/Page_Store/select_--Select--Adernaline 0.'

2018-05-16 18:32:10 - [MESSAGE][PASSED] - All options with index in [23] are selected on object 'Object Repository/Store Request Schedule 1/Page_Store/select_--Select--Adernaline 0.'

2018-05-16 18:32:10 - [TEST_STEP][PASSED] - setText: Text '100' is set on object 'Object Repository/Store Request Schedule 1/Page_Store/input_txttreat'

2018-05-16 18:32:10 - [MESSAGE][PASSED] - Text '100' is set on object 'Object Repository/Store Request Schedule 1/Page_Store/input_txttreat'

2018-05-16 18:32:10 - [TEST_STEP][PASSED] - click: Object: 'Object Repository/Store Request Schedule 1/Page_Store/button_Add' is clicked on

2018-05-16 18:32:10 - [MESSAGE][PASSED] - Object: 'Object Repository/Store Request Schedule 1/Page_Store/button_Add' is clicked on

2018-05-16 18:32:10 - [TEST_STEP][PASSED] - selectOptionByIndex: All options with index in [1] are selected on object 'Object Repository/Store Request Schedule 1/Page_Store/select_--Select--Schedule 1Inj'

2018-05-16 18:32:11 - [MESSAGE][PASSED] - All options with index in [1] are selected on object 'Object Repository/Store Request Schedule 1/Page_Store/select_--Select--Schedule 1Inj'

2018-05-16 18:32:11 - [TEST_STEP][PASSED] - delay: Delayed 1 second(s)

2018-05-16 18:32:12 - [MESSAGE][PASSED] - Delayed 1 second(s)

2018-05-16 18:32:12 - [TEST_STEP][PASSED] - selectOptionByIndex: All options with index in [24] are selected on object 'Object Repository/Store Request Schedule 1/Page_Store/select_--Select--Adernaline 0.'

2018-05-16 18:32:12 - [MESSAGE][PASSED] - All options with index in [24] are selected on object 'Object Repository/Store Request Schedule 1/Page_Store/select_--Select--Adernaline 0.'

2018-05-16 18:32:12 - [TEST_STEP][PASSED] - setText: Text '100' is set on object 'Object Repository/Store Request Schedule 1/Page_Store/input_txttreat'

2018-05-16 18:32:12 - [MESSAGE][PASSED] - Text '100' is set on object 'Object Repository/Store Request Schedule 1/Page_Store/input_txttreat'

2018-05-16 18:32:12 - [TEST_STEP][PASSED] - click: Object: 'Object Repository/Store Request Schedule 1/Page_Store/button_Add' is clicked on

2018-05-16 18:32:12 - [MESSAGE][PASSED] - Object: 'Object Repository/Store Request Schedule 1/Page_Store/button_Add' is clicked on

2018-05-16 18:32:12 - [TEST_STEP][PASSED] - selectOptionByIndex: All options with index in [1] are selected on object 'Object Repository/Store Request Schedule 1/Page_Store/select_--Select--Schedule 1Inj'

2018-05-16 18:32:12 - [MESSAGE][PASSED] - All options with index in [1] are selected on object 'Object Repository/Store Request Schedule 1/Page_Store/select_--Select--Schedule 1Inj'

2018-05-16 18:32:12 - [TEST_STEP][PASSED] - delay: Delayed 1 second(s)

2018-05-16 18:32:13 - [MESSAGE][PASSED] - Delayed 1 second(s)

2018-05-16 18:32:13 - [TEST_STEP][PASSED] - selectOptionByIndex: All options with index in [25] are selected on object 'Object Repository/Store Request Schedule 1/Page_Store/select_--Select--Adernaline 0.'

2018-05-16 18:32:14 - [MESSAGE][PASSED] - All options with index in [25] are selected on object 'Object Repository/Store Request Schedule 1/Page_Store/select_--Select--Adernaline 0.'

2018-05-16 18:32:14 - [TEST_STEP][PASSED] - setText: Text '100' is set on object 'Object Repository/Store Request Schedule 1/Page_Store/input_txttreat'

2018-05-16 18:32:14 - [MESSAGE][PASSED] - Text '100' is set on object 'Object Repository/Store Request Schedule 1/Page_Store/input_txttreat'

2018-05-16 18:32:14 - [TEST_STEP][PASSED] - click: Object: 'Object Repository/Store Request Schedule 1/Page_Store/button_Add' is clicked on

2018-05-16 18:32:14 - [MESSAGE][PASSED] - Object: 'Object Repository/Store Request Schedule 1/Page_Store/button_Add' is clicked on

2018-05-16 18:32:14 - [TEST_STEP][PASSED] - selectOptionByIndex: All options with index in [1] are selected on object 'Object Repository/Store Request Schedule 1/Page_Store/select_--Select--Schedule 1Inj'

2018-05-16 18:32:14 - [MESSAGE][PASSED] - All options with index in [1] are selected on object 'Object Repository/Store Request Schedule 1/Page_Store/select_--Select--Schedule 1Inj'

2018-05-16 18:32:14 - [TEST_STEP][PASSED] - delay: Delayed 1 second(s)

2018-05-16 18:32:15 - [MESSAGE][PASSED] - Delayed 1 second(s)

2018-05-16 18:32:15 - [TEST_STEP][PASSED] - selectOptionByIndex: All options with index in [26] are selected on object 'Object Repository/Store Request Schedule 1/Page_Store/select_--Select--Adernaline 0.'

2018-05-16 18:32:15 - [MESSAGE][PASSED] - All options with index in [26] are selected on object 'Object Repository/Store Request Schedule 1/Page_Store/select_--Select--Adernaline 0.'

2018-05-16 18:32:15 - [TEST_STEP][PASSED] - setText: Text '100' is set on object 'Object Repository/Store Request Schedule 1/Page_Store/input_txttreat'

2018-05-16 18:32:15 - [MESSAGE][PASSED] - Text '100' is set on object 'Object Repository/Store Request Schedule 1/Page_Store/input_txttreat'

2018-05-16 18:32:15 - [TEST_STEP][PASSED] - click: Object: 'Object Repository/Store Request Schedule 1/Page_Store/button_Add' is clicked on

2018-05-16 18:32:15 - [MESSAGE][PASSED] - Object: 'Object Repository/Store Request Schedule 1/Page_Store/button_Add' is clicked on

2018-05-16 18:32:15 - [TEST_STEP][PASSED] - selectOptionByIndex: All options with index in [1] are selected on object 'Object Repository/Store Request Schedule 1/Page_Store/select_--Select--Schedule 1Inj'

2018-05-16 18:32:16 - [MESSAGE][PASSED] - All options with index in [1] are selected on object 'Object Repository/Store Request Schedule 1/Page_Store/select_--Select--Schedule 1Inj'

2018-05-16 18:32:16 - [TEST_STEP][PASSED] - delay: Delayed 1 second(s)

2018-05-16 18:32:17 - [MESSAGE][PASSED] - Delayed 1 second(s)

2018-05-16 18:32:17 - [TEST_STEP][PASSED] - selectOptionByIndex: All options with index in [27] are selected on object 'Object Repository/Store Request Schedule 1/Page_Store/select_--Select--Adernaline 0.'

2018-05-16 18:32:17 - [MESSAGE][PASSED] - All options with index in [27] are selected on object 'Object Repository/Store Request Schedule 1/Page_Store/select_--Select--Adernaline 0.'

2018-05-16 18:32:17 - [TEST_STEP][PASSED] - setText: Text '100' is set on object 'Object Repository/Store Request Schedule 1/Page_Store/input_txttreat'

2018-05-16 18:32:17 - [MESSAGE][PASSED] - Text '100' is set on object 'Object Repository/Store Request Schedule 1/Page_Store/input_txttreat'

2018-05-16 18:32:17 - [TEST_STEP][PASSED] - click: Object: 'Object Repository/Store Request Schedule 1/Page_Store/button_Add' is clicked on

2018-05-16 18:32:17 - [MESSAGE][PASSED] - Object: 'Object Repository/Store Request Schedule 1/Page_Store/button_Add' is clicked on

2018-05-16 18:32:17 - [TEST_STEP][PASSED] - selectOptionByIndex: All options with index in [1] are selected on object 'Object Repository/Store Request Schedule 1/Page_Store/select_--Select--Schedule 1Inj'

2018-05-16 18:32:17 - [MESSAGE][PASSED] - All options with index in [1] are selected on object 'Object Repository/Store Request Schedule 1/Page_Store/select_--Select--Schedule 1Inj'

2018-05-16 18:32:17 - [TEST_STEP][PASSED] - delay: Delayed 1 second(s)

2018-05-16 18:32:18 - [MESSAGE][PASSED] - Delayed 1 second(s)

2018-05-16 18:32:18 - [TEST_STEP][PASSED] - selectOptionByIndex: All options with index in [28] are selected on object 'Object Repository/Store Request Schedule 1/Page_Store/select_--Select--Adernaline 0.'

2018-05-16 18:32:19 - [MESSAGE][PASSED] - All options with index in [28] are selected on object 'Object Repository/Store Request Schedule 1/Page_Store/select_--Select--Adernaline 0.'

2018-05-16 18:32:19 - [TEST_STEP][PASSED] - setText: Text '100' is set on object 'Object Repository/Store Request Schedule 1/Page_Store/input_txttreat'

2018-05-16 18:32:19 - [MESSAGE][PASSED] - Text '100' is set on object 'Object Repository/Store Request Schedule 1/Page_Store/input_txttreat'

2018-05-16 18:32:19 - [TEST_STEP][PASSED] - click: Object: 'Object Repository/Store Request Schedule 1/Page_Store/button_Add' is clicked on

2018-05-16 18:32:19 - [MESSAGE][PASSED] - Object: 'Object Repository/Store Request Schedule 1/Page_Store/button_Add' is clicked on

2018-05-16 18:32:19 - [TEST_STEP][PASSED] - selectOptionByIndex: All options with index in [1] are selected on object 'Object Repository/Store Request Schedule 1/Page_Store/select_--Select--Schedule 1Inj'

2018-05-16 18:32:19 - [MESSAGE][PASSED] - All options with index in [1] are selected on object 'Object Repository/Store Request Schedule 1/Page_Store/select_--Select--Schedule 1Inj'

2018-05-16 18:32:19 - [TEST_STEP][PASSED] - delay: Delayed 1 second(s)

2018-05-16 18:32:20 - [MESSAGE][PASSED] - Delayed 1 second(s)

2018-05-16 18:32:20 - [TEST_STEP][PASSED] - selectOptionByIndex: All options with index in [29] are selected on object 'Object Repository/Store Request Schedule 1/Page_Store/select_--Select--Adernaline 0.'

2018-05-16 18:32:20 - [MESSAGE][PASSED] - All options with index in [29] are selected on object 'Object Repository/Store Request Schedule 1/Page_Store/select_--Select--Adernaline 0.'

2018-05-16 18:32:20 - [TEST_STEP][PASSED] - setText: Text '100' is set on object 'Object Repository/Store Request Schedule 1/Page_Store/input_txttreat'

2018-05-16 18:32:20 - [MESSAGE][PASSED] - Text '100' is set on object 'Object Repository/Store Request Schedule 1/Page_Store/input_txttreat'

2018-05-16 18:32:20 - [TEST_STEP][PASSED] - click: Object: 'Object Repository/Store Request Schedule 1/Page_Store/button_Add' is clicked on

2018-05-16 18:32:21 - [MESSAGE][PASSED] - Object: 'Object Repository/Store Request Schedule 1/Page_Store/button_Add' is clicked on

2018-05-16 18:32:21 - [TEST_STEP][PASSED] - selectOptionByIndex: All options with index in [1] are selected on object 'Object Repository/Store Request Schedule 1/Page_Store/select_--Select--Schedule 1Inj'

2018-05-16 18:32:21 - [MESSAGE][PASSED] - All options with index in [1] are selected on object 'Object Repository/Store Request Schedule 1/Page_Store/select_--Select--Schedule 1Inj'

2018-05-16 18:32:21 - [TEST_STEP][PASSED] - delay: Delayed 1 second(s)

2018-05-16 18:32:22 - [MESSAGE][PASSED] - Delayed 1 second(s)

2018-05-16 18:32:22 - [TEST_STEP][PASSED] - selectOptionByIndex: All options with index in [30] are selected on object 'Object Repository/Store Request Schedule 1/Page_Store/select_--Select--Adernaline 0.'

2018-05-16 18:32:22 - [MESSAGE][PASSED] - All options with index in [30] are selected on object 'Object Repository/Store Request Schedule 1/Page_Store/select_--Select--Adernaline 0.'

2018-05-16 18:32:22 - [TEST_STEP][PASSED] - setText: Text '100' is set on object 'Object Repository/Store Request Schedule 1/Page_Store/input_txttreat'

2018-05-16 18:32:22 - [MESSAGE][PASSED] - Text '100' is set on object 'Object Repository/Store Request Schedule 1/Page_Store/input_txttreat'

2018-05-16 18:32:22 - [TEST_STEP][PASSED] - click: Object: 'Object Repository/Store Request Schedule 1/Page_Store/button_Add' is clicked on

2018-05-16 18:32:22 - [MESSAGE][PASSED] - Object: 'Object Repository/Store Request Schedule 1/Page_Store/button_Add' is clicked on

2018-05-16 18:32:22 - [TEST_STEP][PASSED] - selectOptionByIndex: All options with index in [1] are selected on object 'Object Repository/Store Request Schedule 1/Page_Store/select_--Select--Schedule 1Inj'

2018-05-16 18:32:22 - [MESSAGE][PASSED] - All options with index in [1] are selected on object 'Object Repository/Store Request Schedule 1/Page_Store/select_--Select--Schedule 1Inj'

2018-05-16 18:32:22 - [TEST_STEP][PASSED] - delay: Delayed 1 second(s)

2018-05-16 18:32:23 - [MESSAGE][PASSED] - Delayed 1 second(s)

2018-05-16 18:32:23 - [TEST_STEP][PASSED] - selectOptionByIndex: All options with index in [31] are selected on object 'Object Repository/Store Request Schedule 1/Page_Store/select_--Select--Adernaline 0.'

2018-05-16 18:32:24 - [MESSAGE][PASSED] - All options with index in [31] are selected on object 'Object Repository/Store Request Schedule 1/Page_Store/select_--Select--Adernaline 0.'

2018-05-16 18:32:24 - [TEST_STEP][PASSED] - setText: Text '100' is set on object 'Object Repository/Store Request Schedule 1/Page_Store/input_txttreat'

2018-05-16 18:32:24 - [MESSAGE][PASSED] - Text '100' is set on object 'Object Repository/Store Request Schedule 1/Page_Store/input_txttreat'

2018-05-16 18:32:24 - [TEST_STEP][PASSED] - click: Object: 'Object Repository/Store Request Schedule 1/Page_Store/button_Add' is clicked on

2018-05-16 18:32:24 - [MESSAGE][PASSED] - Object: 'Object Repository/Store Request Schedule 1/Page_Store/button_Add' is clicked on

2018-05-16 18:32:24 - [TEST_STEP][PASSED] - selectOptionByIndex: All options with index in [1] are selected on object 'Object Repository/Store Request Schedule 1/Page_Store/select_--Select--Schedule 1Inj'

2018-05-16 18:32:24 - [MESSAGE][PASSED] - All options with index in [1] are selected on object 'Object Repository/Store Request Schedule 1/Page_Store/select_--Select--Schedule 1Inj'

2018-05-16 18:32:24 - [TEST_STEP][PASSED] - delay: Delayed 1 second(s)

2018-05-16 18:32:25 - [MESSAGE][PASSED] - Delayed 1 second(s)

2018-05-16 18:32:25 - [TEST_STEP][PASSED] - selectOptionByIndex: All options with index in [32] are selected on object 'Object Repository/Store Request Schedule 1/Page_Store/select_--Select--Adernaline 0.'

2018-05-16 18:32:26 - [MESSAGE][PASSED] - All options with index in [32] are selected on object 'Object Repository/Store Request Schedule 1/Page_Store/select_--Select--Adernaline 0.'

2018-05-16 18:32:26 - [TEST_STEP][PASSED] - setText: Text '100' is set on object 'Object Repository/Store Request Schedule 1/Page_Store/input_txttreat'

2018-05-16 18:32:26 - [MESSAGE][PASSED] - Text '100' is set on object 'Object Repository/Store Request Schedule 1/Page_Store/input_txttreat'

2018-05-16 18:32:26 - [TEST_STEP][PASSED] - click: Object: 'Object Repository/Store Request Schedule 1/Page_Store/button_Add' is clicked on

2018-05-16 18:32:26 - [MESSAGE][PASSED] - Object: 'Object Repository/Store Request Schedule 1/Page_Store/button_Add' is clicked on

2018-05-16 18:32:26 - [TEST_STEP][PASSED] - selectOptionByIndex: All options with index in [1] are selected on object 'Object Repository/Store Request Schedule 1/Page_Store/select_--Select--Schedule 1Inj'

2018-05-16 18:32:26 - [MESSAGE][PASSED] - All options with index in [1] are selected on object 'Object Repository/Store Request Schedule 1/Page_Store/select_--Select--Schedule 1Inj'

2018-05-16 18:32:26 - [TEST_STEP][PASSED] - delay: Delayed 1 second(s)

2018-05-16 18:32:27 - [MESSAGE][PASSED] - Delayed 1 second(s)

2018-05-16 18:32:27 - [TEST_STEP][PASSED] - selectOptionByIndex: All options with index in [33] are selected on object 'Object Repository/Store Request Schedule 1/Page_Store/select_--Select--Adernaline 0.'

2018-05-16 18:32:27 - [MESSAGE][PASSED] - All options with index in [33] are selected on object 'Object Repository/Store Request Schedule 1/Page_Store/select_--Select--Adernaline 0.'

2018-05-16 18:32:27 - [TEST_STEP][PASSED] - setText: Text '100' is set on object 'Object Repository/Store Request Schedule 1/Page_Store/input_txttreat'

2018-05-16 18:32:27 - [MESSAGE][PASSED] - Text '100' is set on object 'Object Repository/Store Request Schedule 1/Page_Store/input_txttreat'

2018-05-16 18:32:27 - [TEST_STEP][PASSED] - click: Object: 'Object Repository/Store Request Schedule 1/Page_Store/button_Add' is clicked on

2018-05-16 18:32:27 - [MESSAGE][PASSED] - Object: 'Object Repository/Store Request Schedule 1/Page_Store/button_Add' is clicked on

2018-05-16 18:32:27 - [TEST_STEP][PASSED] - selectOptionByIndex: All options with index in [1] are selected on object 'Object Repository/Store Request Schedule 1/Page_Store/select_--Select--Schedule 1Inj'

2018-05-16 18:32:28 - [MESSAGE][PASSED] - All options with index in [1] are selected on object 'Object Repository/Store Request Schedule 1/Page_Store/select_--Select--Schedule 1Inj'

2018-05-16 18:32:28 - [TEST_STEP][PASSED] - delay: Delayed 1 second(s)

2018-05-16 18:32:29 - [MESSAGE][PASSED] - Delayed 1 second(s)

2018-05-16 18:32:29 - [TEST_STEP][PASSED] - selectOptionByIndex: All options with index in [34] are selected on object 'Object Repository/Store Request Schedule 1/Page_Store/select_--Select--Adernaline 0.'

2018-05-16 18:32:29 - [MESSAGE][PASSED] - All options with index in [34] are selected on object 'Object Repository/Store Request Schedule 1/Page_Store/select_--Select--Adernaline 0.'

2018-05-16 18:32:29 - [TEST_STEP][PASSED] - setText: Text '100' is set on object 'Object Repository/Store Request Schedule 1/Page_Store/input_txttreat'

2018-05-16 18:32:29 - [MESSAGE][PASSED] - Text '100' is set on object 'Object Repository/Store Request Schedule 1/Page_Store/input_txttreat'

2018-05-16 18:32:29 - [TEST_STEP][PASSED] - click: Object: 'Object Repository/Store Request Schedule 1/Page_Store/button_Add' is clicked on

2018-05-16 18:32:29 - [MESSAGE][PASSED] - Object: 'Object Repository/Store Request Schedule 1/Page_Store/button_Add' is clicked on

2018-05-16 18:32:29 - [TEST_STEP][PASSED] - selectOptionByIndex: All options with index in [1] are selected on object 'Object Repository/Store Request Schedule 1/Page_Store/select_--Select--Schedule 1Inj'

2018-05-16 18:32:29 - [MESSAGE][PASSED] - All options with index in [1] are selected on object 'Object Repository/Store Request Schedule 1/Page_Store/select_--Select--Schedule 1Inj'

2018-05-16 18:32:29 - [TEST_STEP][PASSED] - delay: Delayed 1 second(s)

2018-05-16 18:32:30 - [MESSAGE][PASSED] - Delayed 1 second(s)

2018-05-16 18:32:30 - [TEST_STEP][PASSED] - selectOptionByIndex: All options with index in [35] are selected on object 'Object Repository/Store Request Schedule 1/Page_Store/select_--Select--Adernaline 0.'

2018-05-16 18:32:31 - [MESSAGE][PASSED] - All options with index in [35] are selected on object 'Object Repository/Store Request Schedule 1/Page_Store/select_--Select--Adernaline 0.'

2018-05-16 18:32:31 - [TEST_STEP][PASSED] - setText: Text '100' is set on object 'Object Repository/Store Request Schedule 1/Page_Store/input_txttreat'

2018-05-16 18:32:31 - [MESSAGE][PASSED] - Text '100' is set on object 'Object Repository/Store Request Schedule 1/Page_Store/input_txttreat'

2018-05-16 18:32:31 - [TEST_STEP][PASSED] - click: Object: 'Object Repository/Store Request Schedule 1/Page_Store/button_Add' is clicked on

2018-05-16 18:32:31 - [MESSAGE][PASSED] - Object: 'Object Repository/Store Request Schedule 1/Page_Store/button_Add' is clicked on

2018-05-16 18:32:31 - [TEST_STEP][PASSED] - selectOptionByIndex: All options with index in [1] are selected on object 'Object Repository/Store Request Schedule 1/Page_Store/select_--Select--Schedule 1Inj'

2018-05-16 18:32:31 - [MESSAGE][PASSED] - All options with index in [1] are selected on object 'Object Repository/Store Request Schedule 1/Page_Store/select_--Select--Schedule 1Inj'

2018-05-16 18:32:31 - [TEST_STEP][PASSED] - delay: Delayed 1 second(s)

2018-05-16 18:32:32 - [MESSAGE][PASSED] - Delayed 1 second(s)

2018-05-16 18:32:32 - [TEST_STEP][PASSED] - selectOptionByIndex: All options with index in [36] are selected on object 'Object Repository/Store Request Schedule 1/Page_Store/select_--Select--Adernaline 0.'

2018-05-16 18:32:33 - [MESSAGE][PASSED] - All options with index in [36] are selected on object 'Object Repository/Store Request Schedule 1/Page_Store/select_--Select--Adernaline 0.'

2018-05-16 18:32:33 - [TEST_STEP][PASSED] - setText: Text '100' is set on object 'Object Repository/Store Request Schedule 1/Page_Store/input_txttreat'

2018-05-16 18:32:33 - [MESSAGE][PASSED] - Text '100' is set on object 'Object Repository/Store Request Schedule 1/Page_Store/input_txttreat'

2018-05-16 18:32:33 - [TEST_STEP][PASSED] - click: Object: 'Object Repository/Store Request Schedule 1/Page_Store/button_Add' is clicked on

2018-05-16 18:32:33 - [MESSAGE][PASSED] - Object: 'Object Repository/Store Request Schedule 1/Page_Store/button_Add' is clicked on

2018-05-16 18:32:33 - [TEST_STEP][PASSED] - selectOptionByIndex: All options with index in [1] are selected on object 'Object Repository/Store Request Schedule 1/Page_Store/select_--Select--Schedule 1Inj'

2018-05-16 18:32:33 - [MESSAGE][PASSED] - All options with index in [1] are selected on object 'Object Repository/Store Request Schedule 1/Page_Store/select_--Select--Schedule 1Inj'

2018-05-16 18:32:33 - [TEST_STEP][PASSED] - delay: Delayed 1 second(s)

2018-05-16 18:32:34 - [MESSAGE][PASSED] - Delayed 1 second(s)

2018-05-16 18:32:34 - [TEST_STEP][PASSED] - selectOptionByIndex: All options with index in [37] are selected on object 'Object Repository/Store Request Schedule 1/Page_Store/select_--Select--Adernaline 0.'

2018-05-16 18:32:34 - [MESSAGE][PASSED] - All options with index in [37] are selected on object 'Object Repository/Store Request Schedule 1/Page_Store/select_--Select--Adernaline 0.'

2018-05-16 18:32:34 - [TEST_STEP][PASSED] - setText: Text '100' is set on object 'Object Repository/Store Request Schedule 1/Page_Store/input_txttreat'

2018-05-16 18:32:35 - [MESSAGE][PASSED] - Text '100' is set on object 'Object Repository/Store Request Schedule 1/Page_Store/input_txttreat'

2018-05-16 18:32:35 - [TEST_STEP][PASSED] - click: Object: 'Object Repository/Store Request Schedule 1/Page_Store/button_Add' is clicked on

2018-05-16 18:32:35 - [MESSAGE][PASSED] - Object: 'Object Repository/Store Request Schedule 1/Page_Store/button_Add' is clicked on

2018-05-16 18:32:35 - [TEST_STEP][PASSED] - selectOptionByIndex: All options with index in [1] are selected on object 'Object Repository/Store Request Schedule 1/Page_Store/select_--Select--Schedule 1Inj'

2018-05-16 18:32:35 - [MESSAGE][PASSED] - All options with index in [1] are selected on object 'Object Repository/Store Request Schedule 1/Page_Store/select_--Select--Schedule 1Inj'

2018-05-16 18:32:35 - [TEST_STEP][PASSED] - delay: Delayed 1 second(s)

2018-05-16 18:32:36 - [MESSAGE][PASSED] - Delayed 1 second(s)

2018-05-16 18:32:36 - [TEST_STEP][PASSED] - selectOptionByIndex: All options with index in [38] are selected on object 'Object Repository/Store Request Schedule 1/Page_Store/select_--Select--Adernaline 0.'

2018-05-16 18:32:36 - [MESSAGE][PASSED] - All options with index in [38] are selected on object 'Object Repository/Store Request Schedule 1/Page_Store/select_--Select--Adernaline 0.'

2018-05-16 18:32:36 - [TEST_STEP][PASSED] - setText: Text '100' is set on object 'Object Repository/Store Request Schedule 1/Page_Store/input_txttreat'

2018-05-16 18:32:36 - [MESSAGE][PASSED] - Text '100' is set on object 'Object Repository/Store Request Schedule 1/Page_Store/input_txttreat'

2018-05-16 18:32:36 - [TEST_STEP][PASSED] - click: Object: 'Object Repository/Store Request Schedule 1/Page_Store/button_Add' is clicked on

2018-05-16 18:32:36 - [MESSAGE][PASSED] - Object: 'Object Repository/Store Request Schedule 1/Page_Store/button_Add' is clicked on

2018-05-16 18:32:36 - [TEST_STEP][PASSED] - selectOptionByIndex: All options with index in [1] are selected on object 'Object Repository/Store Request Schedule 1/Page_Store/select_--Select--Schedule 1Inj'

2018-05-16 18:32:37 - [MESSAGE][PASSED] - All options with index in [1] are selected on object 'Object Repository/Store Request Schedule 1/Page_Store/select_--Select--Schedule 1Inj'

2018-05-16 18:32:37 - [TEST_STEP][PASSED] - delay: Delayed 1 second(s)

2018-05-16 18:32:38 - [MESSAGE][PASSED] - Delayed 1 second(s)

2018-05-16 18:32:38 - [TEST_STEP][PASSED] - selectOptionByIndex: All options with index in [39] are selected on object 'Object Repository/Store Request Schedule 1/Page_Store/select_--Select--Adernaline 0.'

2018-05-16 18:32:38 - [MESSAGE][PASSED] - All options with index in [39] are selected on object 'Object Repository/Store Request Schedule 1/Page_Store/select_--Select--Adernaline 0.'

2018-05-16 18:32:38 - [TEST_STEP][PASSED] - setText: Text '100' is set on object 'Object Repository/Store Request Schedule 1/Page_Store/input_txttreat'

2018-05-16 18:32:38 - [MESSAGE][PASSED] - Text '100' is set on object 'Object Repository/Store Request Schedule 1/Page_Store/input_txttreat'

2018-05-16 18:32:38 - [TEST_STEP][PASSED] - click: Object: 'Object Repository/Store Request Schedule 1/Page_Store/button_Add' is clicked on

2018-05-16 18:32:38 - [MESSAGE][PASSED] - Object: 'Object Repository/Store Request Schedule 1/Page_Store/button_Add' is clicked on

2018-05-16 18:32:38 - [TEST_STEP][PASSED] - selectOptionByIndex: All options with index in [1] are selected on object 'Object Repository/Store Request Schedule 1/Page_Store/select_--Select--Schedule 1Inj'

2018-05-16 18:32:38 - [MESSAGE][PASSED] - All options with index in [1] are selected on object 'Object Repository/Store Request Schedule 1/Page_Store/select_--Select--Schedule 1Inj'

2018-05-16 18:32:38 - [TEST_STEP][PASSED] - delay: Delayed 1 second(s)

2018-05-16 18:32:39 - [MESSAGE][PASSED] - Delayed 1 second(s)

2018-05-16 18:32:39 - [TEST_STEP][PASSED] - selectOptionByIndex: All options with index in [40] are selected on object 'Object Repository/Store Request Schedule 1/Page_Store/select_--Select--Adernaline 0.'

2018-05-16 18:32:40 - [MESSAGE][PASSED] - All options with index in [40] are selected on object 'Object Repository/Store Request Schedule 1/Page_Store/select_--Select--Adernaline 0.'

2018-05-16 18:32:40 - [TEST_STEP][PASSED] - setText: Text '100' is set on object 'Object Repository/Store Request Schedule 1/Page_Store/input_txttreat'

2018-05-16 18:32:40 - [MESSAGE][PASSED] - Text '100' is set on object 'Object Repository/Store Request Schedule 1/Page_Store/input_txttreat'

2018-05-16 18:32:40 - [TEST_STEP][PASSED] - click: Object: 'Object Repository/Store Request Schedule 1/Page_Store/button_Add' is clicked on

2018-05-16 18:32:40 - [MESSAGE][PASSED] - Object: 'Object Repository/Store Request Schedule 1/Page_Store/button_Add' is clicked on

2018-05-16 18:32:40 - [TEST_STEP][PASSED] - selectOptionByIndex: All options with index in [1] are selected on object 'Object Repository/Store Request Schedule 1/Page_Store/select_--Select--Schedule 1Inj'

2018-05-16 18:32:40 - [MESSAGE][PASSED] - All options with index in [1] are selected on object 'Object Repository/Store Request Schedule 1/Page_Store/select_--Select--Schedule 1Inj'

2018-05-16 18:32:40 - [TEST_STEP][PASSED] - delay: Delayed 1 second(s)

2018-05-16 18:32:41 - [MESSAGE][PASSED] - Delayed 1 second(s)

2018-05-16 18:32:41 - [TEST_STEP][PASSED] - selectOptionByIndex: All options with index in [41] are selected on object 'Object Repository/Store Request Schedule 1/Page_Store/select_--Select--Adernaline 0.'

2018-05-16 18:32:42 - [MESSAGE][PASSED] - All options with index in [41] are selected on object 'Object Repository/Store Request Schedule 1/Page_Store/select_--Select--Adernaline 0.'

2018-05-16 18:32:42 - [TEST_STEP][PASSED] - setText: Text '100' is set on object 'Object Repository/Store Request Schedule 1/Page_Store/input_txttreat'

2018-05-16 18:32:42 - [MESSAGE][PASSED] - Text '100' is set on object 'Object Repository/Store Request Schedule 1/Page_Store/input_txttreat'

2018-05-16 18:32:42 - [TEST_STEP][PASSED] - click: Object: 'Object Repository/Store Request Schedule 1/Page_Store/button_Add' is clicked on

2018-05-16 18:32:42 - [MESSAGE][PASSED] - Object: 'Object Repository/Store Request Schedule 1/Page_Store/button_Add' is clicked on

2018-05-16 18:32:42 - [TEST_STEP][PASSED] - selectOptionByIndex: All options with index in [1] are selected on object 'Object Repository/Store Request Schedule 1/Page_Store/select_--Select--Schedule 1Inj'

2018-05-16 18:32:42 - [MESSAGE][PASSED] - All options with index in [1] are selected on object 'Object Repository/Store Request Schedule 1/Page_Store/select_--Select--Schedule 1Inj'

2018-05-16 18:32:42 - [TEST_STEP][PASSED] - delay: Delayed 1 second(s)

2018-05-16 18:32:43 - [MESSAGE][PASSED] - Delayed 1 second(s)

2018-05-16 18:32:43 - [TEST_STEP][PASSED] - selectOptionByIndex: All options with index in [42] are selected on object 'Object Repository/Store Request Schedule 1/Page_Store/select_--Select--Adernaline 0.'

2018-05-16 18:32:44 - [MESSAGE][PASSED] - All options with index in [42] are selected on object 'Object Repository/Store Request Schedule 1/Page_Store/select_--Select--Adernaline 0.'

2018-05-16 18:32:44 - [TEST_STEP][PASSED] - setText: Text '100' is set on object 'Object Repository/Store Request Schedule 1/Page_Store/input_txttreat'

2018-05-16 18:32:44 - [MESSAGE][PASSED] - Text '100' is set on object 'Object Repository/Store Request Schedule 1/Page_Store/input_txttreat'

2018-05-16 18:32:44 - [TEST_STEP][PASSED] - click: Object: 'Object Repository/Store Request Schedule 1/Page_Store/button_Add' is clicked on

2018-05-16 18:32:44 - [MESSAGE][PASSED] - Object: 'Object Repository/Store Request Schedule 1/Page_Store/button_Add' is clicked on

2018-05-16 18:32:44 - [TEST_STEP][PASSED] - selectOptionByIndex: All options with index in [1] are selected on object 'Object Repository/Store Request Schedule 1/Page_Store/select_--Select--Schedule 1Inj'

2018-05-16 18:32:44 - [MESSAGE][PASSED] - All options with index in [1] are selected on object 'Object Repository/Store Request Schedule 1/Page_Store/select_--Select--Schedule 1Inj'

2018-05-16 18:32:44 - [TEST_STEP][PASSED] - delay: Delayed 1 second(s)

2018-05-16 18:32:45 - [MESSAGE][PASSED] - Delayed 1 second(s)

2018-05-16 18:32:45 - [TEST_STEP][PASSED] - selectOptionByIndex: All options with index in [43] are selected on object 'Object Repository/Store Request Schedule 1/Page_Store/select_--Select--Adernaline 0.'

2018-05-16 18:32:45 - [MESSAGE][PASSED] - All options with index in [43] are selected on object 'Object Repository/Store Request Schedule 1/Page_Store/select_--Select--Adernaline 0.'

2018-05-16 18:32:45 - [TEST_STEP][PASSED] - setText: Text '100' is set on object 'Object Repository/Store Request Schedule 1/Page_Store/input_txttreat'

2018-05-16 18:32:46 - [MESSAGE][PASSED] - Text '100' is set on object 'Object Repository/Store Request Schedule 1/Page_Store/input_txttreat'

2018-05-16 18:32:46 - [TEST_STEP][PASSED] - click: Object: 'Object Repository/Store Request Schedule 1/Page_Store/button_Add' is clicked on

2018-05-16 18:32:46 - [MESSAGE][PASSED] - Object: 'Object Repository/Store Request Schedule 1/Page_Store/button_Add' is clicked on

2018-05-16 18:32:46 - [TEST_STEP][PASSED] - selectOptionByIndex: All options with index in [1] are selected on object 'Object Repository/Store Request Schedule 1/Page_Store/select_--Select--Schedule 1Inj'

2018-05-16 18:32:46 - [MESSAGE][PASSED] - All options with index in [1] are selected on object 'Object Repository/Store Request Schedule 1/Page_Store/select_--Select--Schedule 1Inj'

2018-05-16 18:32:46 - [TEST_STEP][PASSED] - delay: Delayed 1 second(s)

2018-05-16 18:32:47 - [MESSAGE][PASSED] - Delayed 1 second(s)

2018-05-16 18:32:47 - [TEST_STEP][PASSED] - selectOptionByIndex: All options with index in [44] are selected on object 'Object Repository/Store Request Schedule 1/Page_Store/select_--Select--Adernaline 0.'

2018-05-16 18:32:47 - [MESSAGE][PASSED] - All options with index in [44] are selected on object 'Object Repository/Store Request Schedule 1/Page_Store/select_--Select--Adernaline 0.'

2018-05-16 18:32:47 - [TEST_STEP][PASSED] - setText: Text '100' is set on object 'Object Repository/Store Request Schedule 1/Page_Store/input_txttreat'

2018-05-16 18:32:47 - [MESSAGE][PASSED] - Text '100' is set on object 'Object Repository/Store Request Schedule 1/Page_Store/input_txttreat'

2018-05-16 18:32:47 - [TEST_STEP][PASSED] - click: Object: 'Object Repository/Store Request Schedule 1/Page_Store/button_Add' is clicked on

2018-05-16 18:32:47 - [MESSAGE][PASSED] - Object: 'Object Repository/Store Request Schedule 1/Page_Store/button_Add' is clicked on

2018-05-16 18:32:47 - [TEST_STEP][PASSED] - selectOptionByIndex: All options with index in [1] are selected on object 'Object Repository/Store Request Schedule 1/Page_Store/select_--Select--Schedule 1Inj'

2018-05-16 18:32:48 - [MESSAGE][PASSED] - All options with index in [1] are selected on object 'Object Repository/Store Request Schedule 1/Page_Store/select_--Select--Schedule 1Inj'

2018-05-16 18:32:48 - [TEST_STEP][PASSED] - delay: Delayed 1 second(s)

2018-05-16 18:32:49 - [MESSAGE][PASSED] - Delayed 1 second(s)

2018-05-16 18:32:49 - [TEST_STEP][PASSED] - selectOptionByIndex: All options with index in [45] are selected on object 'Object Repository/Store Request Schedule 1/Page_Store/select_--Select--Adernaline 0.'

2018-05-16 18:32:49 - [MESSAGE][PASSED] - All options with index in [45] are selected on object 'Object Repository/Store Request Schedule 1/Page_Store/select_--Select--Adernaline 0.'

2018-05-16 18:32:49 - [TEST_STEP][PASSED] - setText: Text '100' is set on object 'Object Repository/Store Request Schedule 1/Page_Store/input_txttreat'

2018-05-16 18:32:49 - [MESSAGE][PASSED] - Text '100' is set on object 'Object Repository/Store Request Schedule 1/Page_Store/input_txttreat'

2018-05-16 18:32:49 - [TEST_STEP][PASSED] - click: Object: 'Object Repository/Store Request Schedule 1/Page_Store/button_Add' is clicked on

2018-05-16 18:32:49 - [MESSAGE][PASSED] - Object: 'Object Repository/Store Request Schedule 1/Page_Store/button_Add' is clicked on

2018-05-16 18:32:49 - [TEST_STEP][PASSED] - selectOptionByIndex: All options with index in [1] are selected on object 'Object Repository/Store Request Schedule 1/Page_Store/select_--Select--Schedule 1Inj'

2018-05-16 18:32:49 - [MESSAGE][PASSED] - All options with index in [1] are selected on object 'Object Repository/Store Request Schedule 1/Page_Store/select_--Select--Schedule 1Inj'

2018-05-16 18:32:49 - [TEST_STEP][PASSED] - delay: Delayed 1 second(s)

2018-05-16 18:32:50 - [MESSAGE][PASSED] - Delayed 1 second(s)

2018-05-16 18:32:50 - [TEST_STEP][PASSED] - selectOptionByIndex: All options with index in [46] are selected on object 'Object Repository/Store Request Schedule 1/Page_Store/select_--Select--Adernaline 0.'

2018-05-16 18:32:51 - [MESSAGE][PASSED] - All options with index in [46] are selected on object 'Object Repository/Store Request Schedule 1/Page_Store/select_--Select--Adernaline 0.'

2018-05-16 18:32:51 - [TEST_STEP][PASSED] - setText: Text '100' is set on object 'Object Repository/Store Request Schedule 1/Page_Store/input_txttreat'

2018-05-16 18:32:51 - [MESSAGE][PASSED] - Text '100' is set on object 'Object Repository/Store Request Schedule 1/Page_Store/input_txttreat'

2018-05-16 18:32:51 - [TEST_STEP][PASSED] - click: Object: 'Object Repository/Store Request Schedule 1/Page_Store/button_Add' is clicked on

2018-05-16 18:32:51 - [MESSAGE][PASSED] - Object: 'Object Repository/Store Request Schedule 1/Page_Store/button_Add' is clicked on

2018-05-16 18:32:51 - [TEST_STEP][PASSED] - selectOptionByIndex: All options with index in [1] are selected on object 'Object Repository/Store Request Schedule 1/Page_Store/select_--Select--Schedule 1Inj'

2018-05-16 18:32:51 - [MESSAGE][PASSED] - All options with index in [1] are selected on object 'Object Repository/Store Request Schedule 1/Page_Store/select_--Select--Schedule 1Inj'

2018-05-16 18:32:51 - [TEST_STEP][PASSED] - delay: Delayed 1 second(s)

2018-05-16 18:32:52 - [MESSAGE][PASSED] - Delayed 1 second(s)

2018-05-16 18:32:52 - [TEST_STEP][PASSED] - selectOptionByIndex: All options with index in [47] are selected on object 'Object Repository/Store Request Schedule 1/Page_Store/select_--Select--Adernaline 0.'

2018-05-16 18:32:53 - [MESSAGE][PASSED] - All options with index in [47] are selected on object 'Object Repository/Store Request Schedule 1/Page_Store/select_--Select--Adernaline 0.'

2018-05-16 18:32:53 - [TEST_STEP][PASSED] - setText: Text '100' is set on object 'Object Repository/Store Request Schedule 1/Page_Store/input_txttreat'

2018-05-16 18:32:53 - [MESSAGE][PASSED] - Text '100' is set on object 'Object Repository/Store Request Schedule 1/Page_Store/input_txttreat'

2018-05-16 18:32:53 - [TEST_STEP][PASSED] - click: Object: 'Object Repository/Store Request Schedule 1/Page_Store/button_Add' is clicked on

2018-05-16 18:32:53 - [MESSAGE][PASSED] - Object: 'Object Repository/Store Request Schedule 1/Page_Store/button_Add' is clicked on

2018-05-16 18:32:53 - [TEST_STEP][PASSED] - selectOptionByIndex: All options with index in [1] are selected on object 'Object Repository/Store Request Schedule 1/Page_Store/select_--Select--Schedule 1Inj'

2018-05-16 18:32:53 - [MESSAGE][PASSED] - All options with index in [1] are selected on object 'Object Repository/Store Request Schedule 1/Page_Store/select_--Select--Schedule 1Inj'

2018-05-16 18:32:53 - [TEST_STEP][PASSED] - delay: Delayed 1 second(s)

2018-05-16 18:32:54 - [MESSAGE][PASSED] - Delayed 1 second(s)

2018-05-16 18:32:54 - [TEST_STEP][PASSED] - selectOptionByIndex: All options with index in [48] are selected on object 'Object Repository/Store Request Schedule 1/Page_Store/select_--Select--Adernaline 0.'

2018-05-16 18:32:55 - [MESSAGE][PASSED] - All options with index in [48] are selected on object 'Object Repository/Store Request Schedule 1/Page_Store/select_--Select--Adernaline 0.'

2018-05-16 18:32:55 - [TEST_STEP][PASSED] - setText: Text '100' is set on object 'Object Repository/Store Request Schedule 1/Page_Store/input_txttreat'

2018-05-16 18:32:55 - [MESSAGE][PASSED] - Text '100' is set on object 'Object Repository/Store Request Schedule 1/Page_Store/input_txttreat'

2018-05-16 18:32:55 - [TEST_STEP][PASSED] - click: Object: 'Object Repository/Store Request Schedule 1/Page_Store/button_Add' is clicked on

2018-05-16 18:32:55 - [MESSAGE][PASSED] - Object: 'Object Repository/Store Request Schedule 1/Page_Store/button_Add' is clicked on

2018-05-16 18:32:55 - [TEST_STEP][PASSED] - selectOptionByIndex: All options with index in [1] are selected on object 'Object Repository/Store Request Schedule 1/Page_Store/select_--Select--Schedule 1Inj'

2018-05-16 18:32:55 - [MESSAGE][PASSED] - All options with index in [1] are selected on object 'Object Repository/Store Request Schedule 1/Page_Store/select_--Select--Schedule 1Inj'

2018-05-16 18:32:55 - [TEST_STEP][PASSED] - delay: Delayed 1 second(s)

2018-05-16 18:32:56 - [MESSAGE][PASSED] - Delayed 1 second(s)

2018-05-16 18:32:56 - [TEST_STEP][PASSED] - selectOptionByIndex: All options with index in [49] are selected on object 'Object Repository/Store Request Schedule 1/Page_Store/select_--Select--Adernaline 0.'

2018-05-16 18:32:57 - [MESSAGE][PASSED] - All options with index in [49] are selected on object 'Object Repository/Store Request Schedule 1/Page_Store/select_--Select--Adernaline 0.'

2018-05-16 18:32:57 - [TEST_STEP][PASSED] - setText: Text '100' is set on object 'Object Repository/Store Request Schedule 1/Page_Store/input_txttreat'

2018-05-16 18:32:57 - [MESSAGE][PASSED] - Text '100' is set on object 'Object Repository/Store Request Schedule 1/Page_Store/input_txttreat'

2018-05-16 18:32:57 - [TEST_STEP][PASSED] - click: Object: 'Object Repository/Store Request Schedule 1/Page_Store/button_Add' is clicked on

2018-05-16 18:32:57 - [MESSAGE][PASSED] - Object: 'Object Repository/Store Request Schedule 1/Page_Store/button_Add' is clicked on

2018-05-16 18:32:57 - [TEST_STEP][PASSED] - selectOptionByIndex: All options with index in [1] are selected on object 'Object Repository/Store Request Schedule 1/Page_Store/select_--Select--Schedule 1Inj'

2018-05-16 18:32:57 - [MESSAGE][PASSED] - All options with index in [1] are selected on object 'Object Repository/Store Request Schedule 1/Page_Store/select_--Select--Schedule 1Inj'

2018-05-16 18:32:57 - [TEST_STEP][PASSED] - delay: Delayed 1 second(s)

2018-05-16 18:32:58 - [MESSAGE][PASSED] - Delayed 1 second(s)

2018-05-16 18:32:58 - [TEST_STEP][PASSED] - selectOptionByIndex: All options with index in [50] are selected on object 'Object Repository/Store Request Schedule 1/Page_Store/select_--Select--Adernaline 0.'

2018-05-16 18:32:59 - [MESSAGE][PASSED] - All options with index in [50] are selected on object 'Object Repository/Store Request Schedule 1/Page_Store/select_--Select--Adernaline 0.'

2018-05-16 18:32:59 - [TEST_STEP][PASSED] - setText: Text '100' is set on object 'Object Repository/Store Request Schedule 1/Page_Store/input_txttreat'

2018-05-16 18:32:59 - [MESSAGE][PASSED] - Text '100' is set on object 'Object Repository/Store Request Schedule 1/Page_Store/input_txttreat'

2018-05-16 18:32:59 - [TEST_STEP][PASSED] - click: Object: 'Object Repository/Store Request Schedule 1/Page_Store/button_Add' is clicked on

2018-05-16 18:32:59 - [MESSAGE][PASSED] - Object: 'Object Repository/Store Request Schedule 1/Page_Store/button_Add' is clicked on

2018-05-16 18:32:59 - [TEST_STEP][PASSED] - selectOptionByIndex: All options with index in [1] are selected on object 'Object Repository/Store Request Schedule 1/Page_Store/select_--Select--Schedule 1Inj'

2018-05-16 18:32:59 - [MESSAGE][PASSED] - All options with index in [1] are selected on object 'Object Repository/Store Request Schedule 1/Page_Store/select_--Select--Schedule 1Inj'

2018-05-16 18:32:59 - [TEST_STEP][PASSED] - delay: Delayed 1 second(s)

2018-05-16 18:33:00 - [MESSAGE][PASSED] - Delayed 1 second(s)

2018-05-16 18:33:00 - [TEST_STEP][PASSED] - selectOptionByIndex: All options with index in [51] are selected on object 'Object Repository/Store Request Schedule 1/Page_Store/select_--Select--Adernaline 0.'

2018-05-16 18:33:00 - [MESSAGE][PASSED] - All options with index in [51] are selected on object 'Object Repository/Store Request Schedule 1/Page_Store/select_--Select--Adernaline 0.'

2018-05-16 18:33:00 - [TEST_STEP][PASSED] - setText: Text '100' is set on object 'Object Repository/Store Request Schedule 1/Page_Store/input_txttreat'

2018-05-16 18:33:01 - [MESSAGE][PASSED] - Text '100' is set on object 'Object Repository/Store Request Schedule 1/Page_Store/input_txttreat'

2018-05-16 18:33:01 - [TEST_STEP][PASSED] - click: Object: 'Object Repository/Store Request Schedule 1/Page_Store/button_Add' is clicked on

2018-05-16 18:33:01 - [MESSAGE][PASSED] - Object: 'Object Repository/Store Request Schedule 1/Page_Store/button_Add' is clicked on

2018-05-16 18:33:01 - [TEST_STEP][PASSED] - selectOptionByIndex: All options with index in [1] are selected on object 'Object Repository/Store Request Schedule 1/Page_Store/select_--Select--Schedule 1Inj'

2018-05-16 18:33:01 - [MESSAGE][PASSED] - All options with index in [1] are selected on object 'Object Repository/Store Request Schedule 1/Page_Store/select_--Select--Schedule 1Inj'

2018-05-16 18:33:01 - [TEST_STEP][PASSED] - delay: Delayed 1 second(s)

2018-05-16 18:33:02 - [MESSAGE][PASSED] - Delayed 1 second(s)

2018-05-16 18:33:02 - [TEST_STEP][PASSED] - selectOptionByIndex: All options with index in [52] are selected on object 'Object Repository/Store Request Schedule 1/Page_Store/select_--Select--Adernaline 0.'

2018-05-16 18:33:02 - [MESSAGE][PASSED] - All options with index in [52] are selected on object 'Object Repository/Store Request Schedule 1/Page_Store/select_--Select--Adernaline 0.'

2018-05-16 18:33:02 - [TEST_STEP][PASSED] - setText: Text '100' is set on object 'Object Repository/Store Request Schedule 1/Page_Store/input_txttreat'

2018-05-16 18:33:02 - [MESSAGE][PASSED] - Text '100' is set on object 'Object Repository/Store Request Schedule 1/Page_Store/input_txttreat'

2018-05-16 18:33:02 - [TEST_STEP][PASSED] - click: Object: 'Object Repository/Store Request Schedule 1/Page_Store/button_Add' is clicked on

2018-05-16 18:33:03 - [MESSAGE][PASSED] - Object: 'Object Repository/Store Request Schedule 1/Page_Store/button_Add' is clicked on

2018-05-16 18:33:03 - [TEST_STEP][PASSED] - selectOptionByIndex: All options with index in [1] are selected on object 'Object Repository/Store Request Schedule 1/Page_Store/select_--Select--Schedule 1Inj'

2018-05-16 18:33:03 - [MESSAGE][PASSED] - All options with index in [1] are selected on object 'Object Repository/Store Request Schedule 1/Page_Store/select_--Select--Schedule 1Inj'

2018-05-16 18:33:03 - [TEST_STEP][PASSED] - delay: Delayed 1 second(s)

2018-05-16 18:33:04 - [MESSAGE][PASSED] - Delayed 1 second(s)

2018-05-16 18:33:04 - [TEST_STEP][PASSED] - selectOptionByIndex: All options with index in [53] are selected on object 'Object Repository/Store Request Schedule 1/Page_Store/select_--Select--Adernaline 0.'

2018-05-16 18:33:04 - [MESSAGE][PASSED] - All options with index in [53] are selected on object 'Object Repository/Store Request Schedule 1/Page_Store/select_--Select--Adernaline 0.'

2018-05-16 18:33:04 - [TEST_STEP][PASSED] - setText: Text '100' is set on object 'Object Repository/Store Request Schedule 1/Page_Store/input_txttreat'

2018-05-16 18:33:04 - [MESSAGE][PASSED] - Text '100' is set on object 'Object Repository/Store Request Schedule 1/Page_Store/input_txttreat'

2018-05-16 18:33:04 - [TEST_STEP][PASSED] - click: Object: 'Object Repository/Store Request Schedule 1/Page_Store/button_Add' is clicked on

2018-05-16 18:33:05 - [MESSAGE][PASSED] - Object: 'Object Repository/Store Request Schedule 1/Page_Store/button_Add' is clicked on

2018-05-16 18:33:05 - [TEST_STEP][PASSED] - selectOptionByIndex: All options with index in [1] are selected on object 'Object Repository/Store Request Schedule 1/Page_Store/select_--Select--Schedule 1Inj'

2018-05-16 18:33:05 - [MESSAGE][PASSED] - All options with index in [1] are selected on object 'Object Repository/Store Request Schedule 1/Page_Store/select_--Select--Schedule 1Inj'

2018-05-16 18:33:05 - [TEST_STEP][PASSED] - delay: Delayed 1 second(s)

2018-05-16 18:33:06 - [MESSAGE][PASSED] - Delayed 1 second(s)

2018-05-16 18:33:06 - [TEST_STEP][PASSED] - selectOptionByIndex: All options with index in [54] are selected on object 'Object Repository/Store Request Schedule 1/Page_Store/select_--Select--Adernaline 0.'

2018-05-16 18:33:06 - [MESSAGE][PASSED] - All options with index in [54] are selected on object 'Object Repository/Store Request Schedule 1/Page_Store/select_--Select--Adernaline 0.'

2018-05-16 18:33:06 - [TEST_STEP][PASSED] - setText: Text '100' is set on object 'Object Repository/Store Request Schedule 1/Page_Store/input_txttreat'

2018-05-16 18:33:06 - [MESSAGE][PASSED] - Text '100' is set on object 'Object Repository/Store Request Schedule 1/Page_Store/input_txttreat'

2018-05-16 18:33:06 - [TEST_STEP][PASSED] - click: Object: 'Object Repository/Store Request Schedule 1/Page_Store/button_Add' is clicked on

2018-05-16 18:33:06 - [MESSAGE][PASSED] - Object: 'Object Repository/Store Request Schedule 1/Page_Store/button_Add' is clicked on

2018-05-16 18:33:06 - [TEST_STEP][PASSED] - selectOptionByIndex: All options with index in [1] are selected on object 'Object Repository/Store Request Schedule 1/Page_Store/select_--Select--Schedule 1Inj'

2018-05-16 18:33:07 - [MESSAGE][PASSED] - All options with index in [1] are selected on object 'Object Repository/Store Request Schedule 1/Page_Store/select_--Select--Schedule 1Inj'

2018-05-16 18:33:07 - [TEST_STEP][PASSED] - delay: Delayed 1 second(s)

2018-05-16 18:33:08 - [MESSAGE][PASSED] - Delayed 1 second(s)

2018-05-16 18:33:08 - [TEST_STEP][PASSED] - selectOptionByIndex: All options with index in [55] are selected on object 'Object Repository/Store Request Schedule 1/Page_Store/select_--Select--Adernaline 0.'

2018-05-16 18:33:08 - [MESSAGE][PASSED] - All options with index in [55] are selected on object 'Object Repository/Store Request Schedule 1/Page_Store/select_--Select--Adernaline 0.'

2018-05-16 18:33:08 - [TEST_STEP][PASSED] - setText: Text '100' is set on object 'Object Repository/Store Request Schedule 1/Page_Store/input_txttreat'

2018-05-16 18:33:08 - [MESSAGE][PASSED] - Text '100' is set on object 'Object Repository/Store Request Schedule 1/Page_Store/input_txttreat'

2018-05-16 18:33:08 - [TEST_STEP][PASSED] - click: Object: 'Object Repository/Store Request Schedule 1/Page_Store/button_Add' is clicked on

2018-05-16 18:33:08 - [MESSAGE][PASSED] - Object: 'Object Repository/Store Request Schedule 1/Page_Store/button_Add' is clicked on

2018-05-16 18:33:08 - [TEST_STEP][PASSED] - selectOptionByIndex: All options with index in [1] are selected on object 'Object Repository/Store Request Schedule 1/Page_Store/select_--Select--Schedule 1Inj'

2018-05-16 18:33:09 - [MESSAGE][PASSED] - All options with index in [1] are selected on object 'Object Repository/Store Request Schedule 1/Page_Store/select_--Select--Schedule 1Inj'

2018-05-16 18:33:09 - [TEST_STEP][PASSED] - delay: Delayed 1 second(s)

2018-05-16 18:33:10 - [MESSAGE][PASSED] - Delayed 1 second(s)

2018-05-16 18:33:10 - [TEST_STEP][PASSED] - selectOptionByIndex: All options with index in [56] are selected on object 'Object Repository/Store Request Schedule 1/Page_Store/select_--Select--Adernaline 0.'

2018-05-16 18:33:10 - [MESSAGE][PASSED] - All options with index in [56] are selected on object 'Object Repository/Store Request Schedule 1/Page_Store/select_--Select--Adernaline 0.'

2018-05-16 18:33:10 - [TEST_STEP][PASSED] - setText: Text '100' is set on object 'Object Repository/Store Request Schedule 1/Page_Store/input_txttreat'

2018-05-16 18:33:10 - [MESSAGE][PASSED] - Text '100' is set on object 'Object Repository/Store Request Schedule 1/Page_Store/input_txttreat'

2018-05-16 18:33:10 - [TEST_STEP][PASSED] - click: Object: 'Object Repository/Store Request Schedule 1/Page_Store/button_Add' is clicked on

2018-05-16 18:33:10 - [MESSAGE][PASSED] - Object: 'Object Repository/Store Request Schedule 1/Page_Store/button_Add' is clicked on

2018-05-16 18:33:10 - [TEST_STEP][PASSED] - selectOptionByIndex: All options with index in [1] are selected on object 'Object Repository/Store Request Schedule 1/Page_Store/select_--Select--Schedule 1Inj'

2018-05-16 18:33:11 - [MESSAGE][PASSED] - All options with index in [1] are selected on object 'Object Repository/Store Request Schedule 1/Page_Store/select_--Select--Schedule 1Inj'

2018-05-16 18:33:11 - [TEST_STEP][PASSED] - delay: Delayed 1 second(s)

2018-05-16 18:33:12 - [MESSAGE][PASSED] - Delayed 1 second(s)

2018-05-16 18:33:12 - [TEST_STEP][PASSED] - selectOptionByIndex: All options with index in [57] are selected on object 'Object Repository/Store Request Schedule 1/Page_Store/select_--Select--Adernaline 0.'

2018-05-16 18:33:12 - [MESSAGE][PASSED] - All options with index in [57] are selected on object 'Object Repository/Store Request Schedule 1/Page_Store/select_--Select--Adernaline 0.'

2018-05-16 18:33:12 - [TEST_STEP][PASSED] - setText: Text '100' is set on object 'Object Repository/Store Request Schedule 1/Page_Store/input_txttreat'

2018-05-16 18:33:12 - [MESSAGE][PASSED] - Text '100' is set on object 'Object Repository/Store Request Schedule 1/Page_Store/input_txttreat'

2018-05-16 18:33:12 - [TEST_STEP][PASSED] - click: Object: 'Object Repository/Store Request Schedule 1/Page_Store/button_Add' is clicked on

2018-05-16 18:33:12 - [MESSAGE][PASSED] - Object: 'Object Repository/Store Request Schedule 1/Page_Store/button_Add' is clicked on

2018-05-16 18:33:12 - [TEST_STEP][PASSED] - selectOptionByIndex: All options with index in [1] are selected on object 'Object Repository/Store Request Schedule 1/Page_Store/select_--Select--Schedule 1Inj'

2018-05-16 18:33:13 - [MESSAGE][PASSED] - All options with index in [1] are selected on object 'Object Repository/Store Request Schedule 1/Page_Store/select_--Select--Schedule 1Inj'

2018-05-16 18:33:13 - [TEST_STEP][PASSED] - delay: Delayed 1 second(s)

2018-05-16 18:33:14 - [MESSAGE][PASSED] - Delayed 1 second(s)

2018-05-16 18:33:14 - [TEST_STEP][PASSED] - selectOptionByIndex: All options with index in [58] are selected on object 'Object Repository/Store Request Schedule 1/Page_Store/select_--Select--Adernaline 0.'

2018-05-16 18:33:14 - [MESSAGE][PASSED] - All options with index in [58] are selected on object 'Object Repository/Store Request Schedule 1/Page_Store/select_--Select--Adernaline 0.'

2018-05-16 18:33:14 - [TEST_STEP][PASSED] - setText: Text '100' is set on object 'Object Repository/Store Request Schedule 1/Page_Store/input_txttreat'

2018-05-16 18:33:14 - [MESSAGE][PASSED] - Text '100' is set on object 'Object Repository/Store Request Schedule 1/Page_Store/input_txttreat'

2018-05-16 18:33:14 - [TEST_STEP][PASSED] - click: Object: 'Object Repository/Store Request Schedule 1/Page_Store/button_Add' is clicked on

2018-05-16 18:33:14 - [MESSAGE][PASSED] - Object: 'Object Repository/Store Request Schedule 1/Page_Store/button_Add' is clicked on

2018-05-16 18:33:14 - [TEST_STEP][PASSED] - selectOptionByIndex: All options with index in [1] are selected on object 'Object Repository/Store Request Schedule 1/Page_Store/select_--Select--Schedule 1Inj'

2018-05-16 18:33:15 - [MESSAGE][PASSED] - All options with index in [1] are selected on object 'Object Repository/Store Request Schedule 1/Page_Store/select_--Select--Schedule 1Inj'

2018-05-16 18:33:15 - [TEST_STEP][PASSED] - delay: Delayed 1 second(s)

2018-05-16 18:33:16 - [MESSAGE][PASSED] - Delayed 1 second(s)

2018-05-16 18:33:16 - [TEST_STEP][PASSED] - selectOptionByIndex: All options with index in [59] are selected on object 'Object Repository/Store Request Schedule 1/Page_Store/select_--Select--Adernaline 0.'

2018-05-16 18:33:16 - [MESSAGE][PASSED] - All options with index in [59] are selected on object 'Object Repository/Store Request Schedule 1/Page_Store/select_--Select--Adernaline 0.'

2018-05-16 18:33:16 - [TEST_STEP][PASSED] - setText: Text '100' is set on object 'Object Repository/Store Request Schedule 1/Page_Store/input_txttreat'

2018-05-16 18:33:16 - [MESSAGE][PASSED] - Text '100' is set on object 'Object Repository/Store Request Schedule 1/Page_Store/input_txttreat'

2018-05-16 18:33:16 - [TEST_STEP][PASSED] - click: Object: 'Object Repository/Store Request Schedule 1/Page_Store/button_Add' is clicked on

2018-05-16 18:33:16 - [MESSAGE][PASSED] - Object: 'Object Repository/Store Request Schedule 1/Page_Store/button_Add' is clicked on

2018-05-16 18:33:16 - [TEST_STEP][PASSED] - selectOptionByIndex: All options with index in [1] are selected on object 'Object Repository/Store Request Schedule 1/Page_Store/select_--Select--Schedule 1Inj'

2018-05-16 18:33:17 - [MESSAGE][PASSED] - All options with index in [1] are selected on object 'Object Repository/Store Request Schedule 1/Page_Store/select_--Select--Schedule 1Inj'

2018-05-16 18:33:17 - [TEST_STEP][PASSED] - delay: Delayed 1 second(s)

2018-05-16 18:33:18 - [MESSAGE][PASSED] - Delayed 1 second(s)

2018-05-16 18:33:18 - [TEST_STEP][PASSED] - selectOptionByIndex: All options with index in [60] are selected on object 'Object Repository/Store Request Schedule 1/Page_Store/select_--Select--Adernaline 0.'

2018-05-16 18:33:18 - [MESSAGE][PASSED] - All options with index in [60] are selected on object 'Object Repository/Store Request Schedule 1/Page_Store/select_--Select--Adernaline 0.'

2018-05-16 18:33:18 - [TEST_STEP][PASSED] - setText: Text '100' is set on object 'Object Repository/Store Request Schedule 1/Page_Store/input_txttreat'

2018-05-16 18:33:18 - [MESSAGE][PASSED] - Text '100' is set on object 'Object Repository/Store Request Schedule 1/Page_Store/input_txttreat'

2018-05-16 18:33:18 - [TEST_STEP][PASSED] - click: Object: 'Object Repository/Store Request Schedule 1/Page_Store/button_Add' is clicked on

2018-05-16 18:33:18 - [MESSAGE][PASSED] - Object: 'Object Repository/Store Request Schedule 1/Page_Store/button_Add' is clicked on

2018-05-16 18:33:18 - [TEST_STEP][PASSED] - selectOptionByIndex: All options with index in [1] are selected on object 'Object Repository/Store Request Schedule 1/Page_Store/select_--Select--Schedule 1Inj'

2018-05-16 18:33:19 - [MESSAGE][PASSED] - All options with index in [1] are selected on object 'Object Repository/Store Request Schedule 1/Page_Store/select_--Select--Schedule 1Inj'

2018-05-16 18:33:19 - [TEST_STEP][PASSED] - delay: Delayed 1 second(s)

2018-05-16 18:33:20 - [MESSAGE][PASSED] - Delayed 1 second(s)

2018-05-16 18:33:20 - [TEST_STEP][PASSED] - selectOptionByIndex: All options with index in [61] are selected on object 'Object Repository/Store Request Schedule 1/Page_Store/select_--Select--Adernaline 0.'

2018-05-16 18:33:20 - [MESSAGE][PASSED] - All options with index in [61] are selected on object 'Object Repository/Store Request Schedule 1/Page_Store/select_--Select--Adernaline 0.'

2018-05-16 18:33:20 - [TEST_STEP][PASSED] - setText: Text '100' is set on object 'Object Repository/Store Request Schedule 1/Page_Store/input_txttreat'

2018-05-16 18:33:20 - [MESSAGE][PASSED] - Text '100' is set on object 'Object Repository/Store Request Schedule 1/Page_Store/input_txttreat'

2018-05-16 18:33:20 - [TEST_STEP][PASSED] - click: Object: 'Object Repository/Store Request Schedule 1/Page_Store/button_Add' is clicked on

2018-05-16 18:33:20 - [MESSAGE][PASSED] - Object: 'Object Repository/Store Request Schedule 1/Page_Store/button_Add' is clicked on

2018-05-16 18:33:20 - [TEST_STEP][PASSED] - selectOptionByIndex: All options with index in [1] are selected on object 'Object Repository/Store Request Schedule 1/Page_Store/select_--Select--Schedule 1Inj'

2018-05-16 18:33:21 - [MESSAGE][PASSED] - All options with index in [1] are selected on object 'Object Repository/Store Request Schedule 1/Page_Store/select_--Select--Schedule 1Inj'

2018-05-16 18:33:21 - [TEST_STEP][PASSED] - delay: Delayed 1 second(s)

2018-05-16 18:33:22 - [MESSAGE][PASSED] - Delayed 1 second(s)

2018-05-16 18:33:22 - [TEST_STEP][PASSED] - selectOptionByIndex: All options with index in [62] are selected on object 'Object Repository/Store Request Schedule 1/Page_Store/select_--Select--Adernaline 0.'

2018-05-16 18:33:22 - [MESSAGE][PASSED] - All options with index in [62] are selected on object 'Object Repository/Store Request Schedule 1/Page_Store/select_--Select--Adernaline 0.'

2018-05-16 18:33:22 - [TEST_STEP][PASSED] - setText: Text '100' is set on object 'Object Repository/Store Request Schedule 1/Page_Store/input_txttreat'

2018-05-16 18:33:22 - [MESSAGE][PASSED] - Text '100' is set on object 'Object Repository/Store Request Schedule 1/Page_Store/input_txttreat'

2018-05-16 18:33:22 - [TEST_STEP][PASSED] - click: Object: 'Object Repository/Store Request Schedule 1/Page_Store/button_Add' is clicked on

2018-05-16 18:33:23 - [MESSAGE][PASSED] - Object: 'Object Repository/Store Request Schedule 1/Page_Store/button_Add' is clicked on

2018-05-16 18:33:23 - [TEST_STEP][PASSED] - delay: Delayed 2 second(s)

2018-05-16 18:33:25 - [MESSAGE][PASSED] - Delayed 2 second(s)

2018-05-16 18:33:25 - [TEST_STEP][PASSED] - scrollToElement: Scroll to object 'Object Repository/Store Request Schedule 1/Page_Store/input_btnsave' successfully

2018-05-16 18:33:25 - [MESSAGE][PASSED] - Scroll to object 'Object Repository/Store Request Schedule 1/Page_Store/input_btnsave' successfully

2018-05-16 18:33:25 - [TEST_STEP][PASSED] - click: Object: 'Object Repository/Store Request Schedule 1/Page_Store/input_btnsave' is clicked on

2018-05-16 18:33:25 - [MESSAGE][PASSED] - Object: 'Object Repository/Store Request Schedule 1/Page_Store/input_btnsave' is clicked on

2018-05-16 18:33:25 - [TEST_STEP][PASSED] - delay: Delayed 4 second(s)

2018-05-16 18:33:29 - [MESSAGE][PASSED] - Delayed 4 second(s)

2018-05-16 18:33:29 - [TEST_STEP][PASSED] - Statement - Cms_RequestNumber = com.kms.katalon.core.webui.keyword.WebUiBuiltInKeywords.getText(com.kms.katalon.core.testobject.ObjectRepository.findTestObject(Store Request Schedule 1/Page_Store/font_PRNO050520189)): Text of object 'Object Repository/Store Request Schedule 1/Page_Store/font_PRNO050520189' is: 'PRNO/16052018/162'

2018-05-16 18:33:29 - [MESSAGE][PASSED] - Text of object 'Object Repository/Store Request Schedule 1/Page_Store/font_PRNO050520189' is: 'PRNO/16052018/162'

2018-05-16 18:33:29 - [TEST_STEP][PASSED] - Statement - CR = Cms_RequestNumber.trim(): null

2018-05-16 18:33:29 - [TEST_STEP][PASSED] - Statement - out.println("RQ :" + Cms_RequestNumber): null

2018-05-16 18:33:29 - [TEST_STEP][PASSED] - Statement - RequestNumberID = Cms_RequestNumber.split("/")[2].trim(): null

2018-05-16 18:33:29 - [TEST_STEP][PASSED] - Statement - out.println("RQ ID :" + RequestNumberID): null

2018-05-16 18:33:29 - [TEST_STEP][PASSED] - delay: Delayed 3 second(s)

2018-05-16 18:33:32 - [MESSAGE][PASSED] - Delayed 3 second(s)

2018-05-16 18:33:32 - [TEST_STEP][PASSED] - Statement - ok = com.kms.katalon.core.webui.keyword.WebUiBuiltInKeywords.click(com.kms.katalon.core.testobject.ObjectRepository.findTestObject(Store Request Schedule 1/Page_Store/button_OK)): Object: 'Object Repository/Store Request Schedule 1/Page_Store/button_OK' is clicked on

2018-05-16 18:33:32 - [MESSAGE][PASSED] - Object: 'Object Repository/Store Request Schedule 1/Page_Store/button_OK' is clicked on

2018-05-16 18:33:32 - [TEST_STEP][PASSED] - delay: Delayed 3 second(s)

2018-05-16 18:33:35 - [MESSAGE][PASSED] - Delayed 3 second(s)

2018-05-16 18:33:35 - [TEST_STEP][PASSED] - click: Object: 'Object Repository/Store Request Schedule 1/Page_Store/a_dropdown-toggle' is clicked on

2018-05-16 18:33:36 - [MESSAGE][PASSED] - Object: 'Object Repository/Store Request Schedule 1/Page_Store/a_dropdown-toggle' is clicked on

2018-05-16 18:33:36 - [TEST_STEP][PASSED] - click: Object: 'Object Repository/Store Request Schedule 1/Page_Store/a_Sign out' is clicked on

2018-05-16 18:33:36 - [MESSAGE][PASSED] - Object: 'Object Repository/Store Request Schedule 1/Page_Store/a_Sign out' is clicked on

2018-05-16 18:33:36 - [TEST_STEP][PASSED] - delay: Delayed 3 second(s)

2018-05-16 18:33:39 - [MESSAGE][PASSED] - Delayed 3 second(s)

2018-05-16 18:33:39 - [TEST_STEP][PASSED] - click: Object: 'Object Repository/Store Request Schedule 1/Page_KDMC/a_CMO' is clicked on

2018-05-16 18:33:40 - [MESSAGE][PASSED] - Object: 'Object Repository/Store Request Schedule 1/Page_KDMC/a_CMO' is clicked on

2018-05-16 18:33:40 - [TEST_STEP][PASSED] - setText: Text 'guru' is set on object 'Object Repository/Store Request Schedule 1/Page_CMO login/input_txtusername'

2018-05-16 18:33:40 - [MESSAGE][PASSED] - Text 'guru' is set on object 'Object Repository/Store Request Schedule 1/Page_CMO login/input_txtusername'

2018-05-16 18:33:40 - [TEST_STEP][PASSED] - setText: Text '123' is set on object 'Object Repository/Store Request Schedule 1/Page_CMO login/input_txtpassword'

2018-05-16 18:33:40 - [MESSAGE][PASSED] - Text '123' is set on object 'Object Repository/Store Request Schedule 1/Page_CMO login/input_txtpassword'

2018-05-16 18:33:40 - [TEST_STEP][PASSED] - delay: Delayed 3 second(s)

2018-05-16 18:33:43 - [MESSAGE][PASSED] - Delayed 3 second(s)

2018-05-16 18:33:43 - [TEST_STEP][PASSED] - click: Object: 'Object Repository/Store Request Schedule 1/Page_CMO login/button_Sign in' is clicked on

2018-05-16 18:33:44 - [MESSAGE][PASSED] - Object: 'Object Repository/Store Request Schedule 1/Page_CMO login/button_Sign in' is clicked on

2018-05-16 18:33:44 - [TEST_STEP][PASSED] - delay: Delayed 2 second(s)

2018-05-16 18:33:46 - [MESSAGE][PASSED] - Delayed 2 second(s)

2018-05-16 18:33:46 - [TEST_STEP][PASSED] - click: Object: 'Object Repository/Store Request Schedule 1/Page_KDMC - CMO/span_Department Wise Request' is clicked on

2018-05-16 18:33:47 - [MESSAGE][PASSED] - Object: 'Object Repository/Store Request Schedule 1/Page_KDMC - CMO/span_Department Wise Request' is clicked on

2018-05-16 18:33:47 - [TEST_STEP][PASSED] - click: Object: 'Object Repository/Store Request Schedule 1/Page_KDMC - CMO/a_CMS Request' is clicked on

2018-05-16 18:33:47 - [MESSAGE][PASSED] - Object: 'Object Repository/Store Request Schedule 1/Page_KDMC - CMO/a_CMS Request' is clicked on

2018-05-16 18:33:47 - [TEST_STEP][PASSED] - click: Object: 'Object Repository/Store Request Schedule 1/Page_KDMC - CMO/a_CMS Request' is clicked on

2018-05-16 18:33:47 - [MESSAGE][PASSED] - Object: 'Object Repository/Store Request Schedule 1/Page_KDMC - CMO/a_CMS Request' is clicked on

2018-05-16 18:33:47 - [TEST_STEP][PASSED] - click: Object: 'Object Repository/Store Request Schedule 1/Page_KDMC - CMO/span_Divisional Store Request' is clicked on

2018-05-16 18:33:48 - [MESSAGE][PASSED] - Object: 'Object Repository/Store Request Schedule 1/Page_KDMC - CMO/span_Divisional Store Request' is clicked on

2018-05-16 18:33:48 - [TEST_STEP][PASSED] - delay: Delayed 2 second(s)

2018-05-16 18:33:50 - [MESSAGE][PASSED] - Delayed 2 second(s)

2018-05-16 18:33:50 - [TEST_STEP][PASSED] - Statement - approval = com.kms.katalon.core.webui.keyword.WebUiBuiltInKeywords.modifyObjectProperty(com.kms.katalon.core.testobject.ObjectRepository.findTestObject(Store Request Schedule 1/Page_KDMC - CMO/input_PRNO050520189), "xpath", "equals", "//*[@id=" + RequestNumberID + "]", true): Modify property of object successfully

2018-05-16 18:33:50 - [MESSAGE][PASSED] - Modify property of object successfully

2018-05-16 18:33:50 - [TEST_STEP][PASSED] - click: Object: 'Object Repository/Store Request Schedule 1/Page_KDMC - CMO/input_PRNO050520189' is clicked on

2018-05-16 18:33:50 - [MESSAGE][PASSED] - Object: 'Object Repository/Store Request Schedule 1/Page_KDMC - CMO/input_PRNO050520189' is clicked on

2018-05-16 18:33:50 - [TEST_STEP][PASSED] - delay: Delayed 2 second(s)

2018-05-16 18:33:52 - [MESSAGE][PASSED] - Delayed 2 second(s)

2018-05-16 18:33:52 - [TEST_STEP][PASSED] - selectOptionByIndex: All options with index in [1] are selected on object 'Object Repository/Store Request Schedule 1/Page_KDMC - CMO/select_--Select--'

2018-05-16 18:33:52 - [MESSAGE][PASSED] - All options with index in [1] are selected on object 'Object Repository/Store Request Schedule 1/Page_KDMC - CMO/select_--Select--'

2018-05-16 18:33:52 - [TEST_STEP][PASSED] - click: Object: 'Object Repository/Store Request Schedule 1/Page_KDMC - CMO/input_btnupdate' is clicked on

2018-05-16 18:33:52 - [MESSAGE][PASSED] - Object: 'Object Repository/Store Request Schedule 1/Page_KDMC - CMO/input_btnupdate' is clicked on

2018-05-16 18:33:52 - [TEST_STEP][PASSED] - delay: Delayed 2 second(s)

2018-05-16 18:33:54 - [MESSAGE][PASSED] - Delayed 2 second(s)

2018-05-16 18:33:54 - [TEST_STEP][PASSED] - click: Object: 'Object Repository/Store Request Schedule 1/Page_KDMC - CMO/button_OK' is clicked on

2018-05-16 18:33:55 - [MESSAGE][PASSED] - Object: 'Object Repository/Store Request Schedule 1/Page_KDMC - CMO/button_OK' is clicked on

2018-05-16 18:33:55 - [TEST_STEP][PASSED] - delay: Delayed 2 second(s)

2018-05-16 18:33:57 - [MESSAGE][PASSED] - Delayed 2 second(s)

2018-05-16 18:33:57 - [TEST_STEP][PASSED] - click: Object: 'Object Repository/Store Request Schedule 1/Page_KDMC - CMO/a_dropdown-toggle' is clicked on

2018-05-16 18:33:57 - [MESSAGE][PASSED] - Object: 'Object Repository/Store Request Schedule 1/Page_KDMC - CMO/a_dropdown-toggle' is clicked on

2018-05-16 18:33:57 - [TEST_STEP][PASSED] - click: Object: 'Object Repository/Store Request Schedule 1/Page_KDMC - CMO/a_Sign out' is clicked on

2018-05-16 18:33:57 - [MESSAGE][PASSED] - Object: 'Object Repository/Store Request Schedule 1/Page_KDMC - CMO/a_Sign out' is clicked on

2018-05-16 18:33:57 - [TEST_STEP][PASSED] - delay: Delayed 3 second(s)

2018-05-16 18:34:00 - [MESSAGE][PASSED] - Delayed 3 second(s)

2018-05-16 18:34:00 - [TEST_STEP][PASSED] - click: Object: 'Object Repository/store Request Schedule 1/Page_KDMC/a_CMS' is clicked on

2018-05-16 18:34:01 - [MESSAGE][PASSED] - Object: 'Object Repository/store Request Schedule 1/Page_KDMC/a_CMS' is clicked on

2018-05-16 18:34:01 - [TEST_STEP][PASSED] - setText: Text 'bala' is set on object 'Object Repository/store Request Schedule 1/Page_CMS login/input_txtusername'

2018-05-16 18:34:01 - [MESSAGE][PASSED] - Text 'bala' is set on object 'Object Repository/store Request Schedule 1/Page_CMS login/input_txtusername'

2018-05-16 18:34:01 - [TEST_STEP][PASSED] - setText: Text '123' is set on object 'Object Repository/store Request Schedule 1/Page_CMS login/input_txtpassword'

2018-05-16 18:34:01 - [MESSAGE][PASSED] - Text '123' is set on object 'Object Repository/store Request Schedule 1/Page_CMS login/input_txtpassword'

2018-05-16 18:34:01 - [TEST_STEP][PASSED] - delay: Delayed 3 second(s)

2018-05-16 18:34:04 - [MESSAGE][PASSED] - Delayed 3 second(s)

2018-05-16 18:34:04 - [TEST_STEP][PASSED] - click: Object: 'Object Repository/store Request Schedule 1/Page_CMS login/button_Sign in' is clicked on

2018-05-16 18:34:05 - [MESSAGE][PASSED] - Object: 'Object Repository/store Request Schedule 1/Page_CMS login/button_Sign in' is clicked on

2018-05-16 18:34:05 - [TEST_STEP][PASSED] - delay: Delayed 2 second(s)

2018-05-16 18:34:07 - [MESSAGE][PASSED] - Delayed 2 second(s)

2018-05-16 18:34:07 - [TEST_STEP][PASSED] - click: Object: 'Object Repository/store Request Schedule 1/Page_KDMC - CMS/a_Divisional Store' is clicked on

2018-05-16 18:34:07 - [MESSAGE][PASSED] - Object: 'Object Repository/store Request Schedule 1/Page_KDMC - CMS/a_Divisional Store' is clicked on

2018-05-16 18:34:07 - [TEST_STEP][PASSED] - delay: Delayed 2 second(s)

2018-05-16 18:34:09 - [MESSAGE][PASSED] - Delayed 2 second(s)

2018-05-16 18:34:09 - [TEST_STEP][PASSED] - click: Object: 'Object Repository/store Request Schedule 1/Page_KDMC - CMS/a_Dispatch Items' is clicked on

2018-05-16 18:34:09 - [MESSAGE][PASSED] - Object: 'Object Repository/store Request Schedule 1/Page_KDMC - CMS/a_Dispatch Items' is clicked on

2018-05-16 18:34:09 - [TEST_STEP][PASSED] - setText: Text 'PRNO/16052018/162' is set on object 'Object Repository/store Request Schedule 1/Page_KDMC - CMS/input'

2018-05-16 18:34:09 - [MESSAGE][PASSED] - Text 'PRNO/16052018/162' is set on object 'Object Repository/store Request Schedule 1/Page_KDMC - CMS/input'

2018-05-16 18:34:09 - [TEST_STEP][PASSED] - click: Object: 'Object Repository/store Request Schedule 1/Page_KDMC - CMS/td_text-center' is clicked on

2018-05-16 18:34:10 - [MESSAGE][PASSED] - Object: 'Object Repository/store Request Schedule 1/Page_KDMC - CMS/td_text-center' is clicked on

2018-05-16 18:34:10 - [TEST_STEP][PASSED] - delay: Delayed 2 second(s)

2018-05-16 18:34:12 - [MESSAGE][PASSED] - Delayed 2 second(s)

2018-05-16 18:34:12 - [TEST_STEP][PASSED] - Statement - For ([row = 0, row < SelectedOptions - 1, (row++)]): null

2018-05-16 18:34:12 - [TEST_STEP][PASSED] - Statement - batchlength = new com.kms.katalon.core.testobject.TestObject(): null

2018-05-16 18:34:12 - [TEST_STEP][PASSED] - Statement - batchlength = com.kms.katalon.core.webui.keyword.WebUiBuiltInKeywords.modifyObjectProperty(batchlength, "xpath", "equals", "//*[@id = "fldvendor" + row + ""]", true): Modify property of object successfully

2018-05-16 18:34:12 - [MESSAGE][PASSED] - Modify property of object successfully

2018-05-16 18:34:12 - [TEST_STEP][PASSED] - Statement - batchsize = com.kms.katalon.core.webui.keyword.WebUiBuiltInKeywords.getNumberOfTotalOption(batchlength): 12 options of object '' counted

2018-05-16 18:34:12 - [MESSAGE][PASSED] - 12 options of object '' counted

2018-05-16 18:34:12 - [TEST_STEP][PASSED] - Statement - out.println("BatchSize : " + batchsize): null

2018-05-16 18:34:12 - [TEST_STEP][PASSED] - Statement - For ([n = 1, n <= batchsize - 1, (n++)]): null

2018-05-16 18:34:12 - [TEST_STEP][PASSED] - Statement - product = new com.kms.katalon.core.testobject.TestObject(): null

2018-05-16 18:34:12 - [TEST_STEP][PASSED] - Statement - product = com.kms.katalon.core.webui.keyword.WebUiBuiltInKeywords.modifyObjectProperty(product, "xpath", "equals", "//*[@id = "fldvendor" + row + ""]", true): Modify property of object successfully

2018-05-16 18:34:12 - [MESSAGE][PASSED] - Modify property of object successfully

2018-05-16 18:34:12 - [TEST_STEP][PASSED] - selectOptionByIndex: All options with index in [1] are selected on object ''

2018-05-16 18:34:12 - [MESSAGE][PASSED] - All options with index in [1] are selected on object ''

2018-05-16 18:34:12 - [TEST_STEP][PASSED] - Statement - batch = new com.kms.katalon.core.testobject.TestObject(): null

2018-05-16 18:34:12 - [TEST_STEP][PASSED] - Statement - batch = com.kms.katalon.core.webui.keyword.WebUiBuiltInKeywords.modifyObjectProperty(batch, "xpath", "equals", "//*[@id = "txtbthqty" + row + ""]", true): Modify property of object successfully

2018-05-16 18:34:12 - [MESSAGE][PASSED] - Modify property of object successfully

2018-05-16 18:34:12 - [TEST_STEP][PASSED] - Statement - batchqty = com.kms.katalon.core.webui.keyword.WebUiBuiltInKeywords.getAttribute(batch, "value").trim(): Attribute 'value' of object '' is: '4000'

2018-05-16 18:34:12 - [MESSAGE][PASSED] - Attribute 'value' of object '' is: '4000'

2018-05-16 18:34:12 - [TEST_STEP][PASSED] - Statement - Rqty = 10000: null

2018-05-16 18:34:12 - [TEST_STEP][PASSED] - delay: Delayed 2 second(s)

2018-05-16 18:34:14 - [MESSAGE][PASSED] - Delayed 2 second(s)

2018-05-16 18:34:14 - [TEST_STEP][PASSED] - Statement - out.println("BatchQty : " + batchqty): null

2018-05-16 18:34:14 - [TEST_STEP][PASSED] - Statement - out.println("RQty : " + Rqty): null

2018-05-16 18:34:14 - [TEST_STEP][PASSED] - Statement - If (java.lang.Integer.valueOf(batchqty) >= java.lang.Integer.valueOf(Rqty)): null

2018-05-16 18:34:14 - [TEST_STEP][PASSED] - Statement - Else: null

2018-05-16 18:34:14 - [TEST_STEP][PASSED] - Statement - out.println("Batchqty Is Less Than Rqty"): null

2018-05-16 18:34:14 - [TEST_STEP][PASSED] - Statement - product = new com.kms.katalon.core.testobject.TestObject(): null

2018-05-16 18:34:14 - [TEST_STEP][PASSED] - Statement - product = com.kms.katalon.core.webui.keyword.WebUiBuiltInKeywords.modifyObjectProperty(product, "xpath", "equals", "//*[@id = "fldvendor" + row + ""]", true): Modify property of object successfully

2018-05-16 18:34:14 - [MESSAGE][PASSED] - Modify property of object successfully

2018-05-16 18:34:14 - [TEST_STEP][PASSED] - selectOptionByIndex: All options with index in [2] are selected on object ''

2018-05-16 18:34:14 - [MESSAGE][PASSED] - All options with index in [2] are selected on object ''

2018-05-16 18:34:14 - [TEST_STEP][PASSED] - Statement - batch = new com.kms.katalon.core.testobject.TestObject(): null

2018-05-16 18:34:14 - [TEST_STEP][PASSED] - Statement - batch = com.kms.katalon.core.webui.keyword.WebUiBuiltInKeywords.modifyObjectProperty(batch, "xpath", "equals", "//*[@id = "txtbthqty" + row + ""]", true): Modify property of object successfully

2018-05-16 18:34:14 - [MESSAGE][PASSED] - Modify property of object successfully

2018-05-16 18:34:14 - [TEST_STEP][PASSED] - Statement - batchqty = com.kms.katalon.core.webui.keyword.WebUiBuiltInKeywords.getAttribute(batch, "value").trim(): Attribute 'value' of object '' is: '39900'

2018-05-16 18:34:14 - [MESSAGE][PASSED] - Attribute 'value' of object '' is: '39900'

2018-05-16 18:34:14 - [TEST_STEP][PASSED] - Statement - Rqty = 10000: null

2018-05-16 18:34:14 - [TEST_STEP][PASSED] - delay: Delayed 2 second(s)

2018-05-16 18:34:16 - [MESSAGE][PASSED] - Delayed 2 second(s)

2018-05-16 18:34:16 - [TEST_STEP][PASSED] - Statement - out.println("BatchQty : " + batchqty): null

2018-05-16 18:34:16 - [TEST_STEP][PASSED] - Statement - out.println("RQty : " + Rqty): null

2018-05-16 18:34:16 - [TEST_STEP][PASSED] - Statement - If (java.lang.Integer.valueOf(batchqty) >= java.lang.Integer.valueOf(Rqty)): null

2018-05-16 18:34:16 - [TEST_STEP][PASSED] - Statement - Break: null

2018-05-16 18:34:16 - [TEST_STEP][PASSED] - Statement - batchlength = new com.kms.katalon.core.testobject.TestObject(): null

2018-05-16 18:34:16 - [TEST_STEP][PASSED] - Statement - batchlength = com.kms.katalon.core.webui.keyword.WebUiBuiltInKeywords.modifyObjectProperty(batchlength, "xpath", "equals", "//*[@id = "fldvendor" + row + ""]", true): Modify property of object successfully

2018-05-16 18:34:16 - [MESSAGE][PASSED] - Modify property of object successfully

2018-05-16 18:34:16 - [TEST_STEP][PASSED] - Statement - batchsize = com.kms.katalon.core.webui.keyword.WebUiBuiltInKeywords.getNumberOfTotalOption(batchlength): 13 options of object '' counted

2018-05-16 18:34:16 - [MESSAGE][PASSED] - 13 options of object '' counted

2018-05-16 18:34:16 - [TEST_STEP][PASSED] - Statement - out.println("BatchSize : " + batchsize): null

2018-05-16 18:34:16 - [TEST_STEP][PASSED] - Statement - For ([n = 1, n <= batchsize - 1, (n++)]): null

2018-05-16 18:34:16 - [TEST_STEP][PASSED] - Statement - product = new com.kms.katalon.core.testobject.TestObject(): null

2018-05-16 18:34:16 - [TEST_STEP][PASSED] - Statement - product = com.kms.katalon.core.webui.keyword.WebUiBuiltInKeywords.modifyObjectProperty(product, "xpath", "equals", "//*[@id = "fldvendor" + row + ""]", true): Modify property of object successfully

2018-05-16 18:34:16 - [MESSAGE][PASSED] - Modify property of object successfully

2018-05-16 18:34:16 - [TEST_STEP][PASSED] - selectOptionByIndex: All options with index in [1] are selected on object ''

2018-05-16 18:34:16 - [MESSAGE][PASSED] - All options with index in [1] are selected on object ''

2018-05-16 18:34:16 - [TEST_STEP][PASSED] - Statement - batch = new com.kms.katalon.core.testobject.TestObject(): null

2018-05-16 18:34:16 - [TEST_STEP][PASSED] - Statement - batch = com.kms.katalon.core.webui.keyword.WebUiBuiltInKeywords.modifyObjectProperty(batch, "xpath", "equals", "//*[@id = "txtbthqty" + row + ""]", true): Modify property of object successfully

2018-05-16 18:34:16 - [MESSAGE][PASSED] - Modify property of object successfully

2018-05-16 18:34:16 - [TEST_STEP][PASSED] - Statement - batchqty = com.kms.katalon.core.webui.keyword.WebUiBuiltInKeywords.getAttribute(batch, "value").trim(): Attribute 'value' of object '' is: '3800'

2018-05-16 18:34:16 - [MESSAGE][PASSED] - Attribute 'value' of object '' is: '3800'

2018-05-16 18:34:16 - [TEST_STEP][PASSED] - Statement - Rqty = 10000: null

2018-05-16 18:34:16 - [TEST_STEP][PASSED] - delay: Delayed 2 second(s)

2018-05-16 18:34:18 - [MESSAGE][PASSED] - Delayed 2 second(s)

2018-05-16 18:34:18 - [TEST_STEP][PASSED] - Statement - out.println("BatchQty : " + batchqty): null

2018-05-16 18:34:18 - [TEST_STEP][PASSED] - Statement - out.println("RQty : " + Rqty): null

2018-05-16 18:34:18 - [TEST_STEP][PASSED] - Statement - If (java.lang.Integer.valueOf(batchqty) >= java.lang.Integer.valueOf(Rqty)): null

2018-05-16 18:34:18 - [TEST_STEP][PASSED] - Statement - Else: null

2018-05-16 18:34:18 - [TEST_STEP][PASSED] - Statement - out.println("Batchqty Is Less Than Rqty"): null

2018-05-16 18:34:18 - [TEST_STEP][PASSED] - Statement - product = new com.kms.katalon.core.testobject.TestObject(): null

2018-05-16 18:34:18 - [TEST_STEP][PASSED] - Statement - product = com.kms.katalon.core.webui.keyword.WebUiBuiltInKeywords.modifyObjectProperty(product, "xpath", "equals", "//*[@id = "fldvendor" + row + ""]", true): Modify property of object successfully

2018-05-16 18:34:18 - [MESSAGE][PASSED] - Modify property of object successfully

2018-05-16 18:34:18 - [TEST_STEP][PASSED] - selectOptionByIndex: All options with index in [2] are selected on object ''

2018-05-16 18:34:18 - [MESSAGE][PASSED] - All options with index in [2] are selected on object ''

2018-05-16 18:34:18 - [TEST_STEP][PASSED] - Statement - batch = new com.kms.katalon.core.testobject.TestObject(): null

2018-05-16 18:34:18 - [TEST_STEP][PASSED] - Statement - batch = com.kms.katalon.core.webui.keyword.WebUiBuiltInKeywords.modifyObjectProperty(batch, "xpath", "equals", "//*[@id = "txtbthqty" + row + ""]", true): Modify property of object successfully

2018-05-16 18:34:18 - [MESSAGE][PASSED] - Modify property of object successfully

2018-05-16 18:34:18 - [TEST_STEP][PASSED] - Statement - batchqty = com.kms.katalon.core.webui.keyword.WebUiBuiltInKeywords.getAttribute(batch, "value").trim(): Attribute 'value' of object '' is: '39900'

2018-05-16 18:34:19 - [MESSAGE][PASSED] - Attribute 'value' of object '' is: '39900'

2018-05-16 18:34:19 - [TEST_STEP][PASSED] - Statement - Rqty = 10000: null

2018-05-16 18:34:19 - [TEST_STEP][PASSED] - delay: Delayed 2 second(s)

2018-05-16 18:34:21 - [MESSAGE][PASSED] - Delayed 2 second(s)

2018-05-16 18:34:21 - [TEST_STEP][PASSED] - Statement - out.println("BatchQty : " + batchqty): null

2018-05-16 18:34:21 - [TEST_STEP][PASSED] - Statement - out.println("RQty : " + Rqty): null

2018-05-16 18:34:21 - [TEST_STEP][PASSED] - Statement - If (java.lang.Integer.valueOf(batchqty) >= java.lang.Integer.valueOf(Rqty)): null

2018-05-16 18:34:21 - [TEST_STEP][PASSED] - Statement - Break: null

2018-05-16 18:34:21 - [TEST_STEP][PASSED] - Statement - batchlength = new com.kms.katalon.core.testobject.TestObject(): null

2018-05-16 18:34:21 - [TEST_STEP][PASSED] - Statement - batchlength = com.kms.katalon.core.webui.keyword.WebUiBuiltInKeywords.modifyObjectProperty(batchlength, "xpath", "equals", "//*[@id = "fldvendor" + row + ""]", true): Modify property of object successfully

2018-05-16 18:34:21 - [MESSAGE][PASSED] - Modify property of object successfully

2018-05-16 18:34:21 - [TEST_STEP][PASSED] - Statement - batchsize = com.kms.katalon.core.webui.keyword.WebUiBuiltInKeywords.getNumberOfTotalOption(batchlength): 11 options of object '' counted

2018-05-16 18:34:21 - [MESSAGE][PASSED] - 11 options of object '' counted

2018-05-16 18:34:21 - [TEST_STEP][PASSED] - Statement - out.println("BatchSize : " + batchsize): null

2018-05-16 18:34:21 - [TEST_STEP][PASSED] - Statement - For ([n = 1, n <= batchsize - 1, (n++)]): null

2018-05-16 18:34:21 - [TEST_STEP][PASSED] - Statement - product = new com.kms.katalon.core.testobject.TestObject(): null

2018-05-16 18:34:21 - [TEST_STEP][PASSED] - Statement - product = com.kms.katalon.core.webui.keyword.WebUiBuiltInKeywords.modifyObjectProperty(product, "xpath", "equals", "//*[@id = "fldvendor" + row + ""]", true): Modify property of object successfully

2018-05-16 18:34:21 - [MESSAGE][PASSED] - Modify property of object successfully

2018-05-16 18:34:21 - [TEST_STEP][PASSED] - selectOptionByIndex: All options with index in [1] are selected on object ''

2018-05-16 18:34:21 - [MESSAGE][PASSED] - All options with index in [1] are selected on object ''

2018-05-16 18:34:21 - [TEST_STEP][PASSED] - Statement - batch = new com.kms.katalon.core.testobject.TestObject(): null

2018-05-16 18:34:21 - [TEST_STEP][PASSED] - Statement - batch = com.kms.katalon.core.webui.keyword.WebUiBuiltInKeywords.modifyObjectProperty(batch, "xpath", "equals", "//*[@id = "txtbthqty" + row + ""]", true): Modify property of object successfully

2018-05-16 18:34:21 - [MESSAGE][PASSED] - Modify property of object successfully

2018-05-16 18:34:21 - [TEST_STEP][PASSED] - Statement - batchqty = com.kms.katalon.core.webui.keyword.WebUiBuiltInKeywords.getAttribute(batch, "value").trim(): Attribute 'value' of object '' is: '5000'

2018-05-16 18:34:21 - [MESSAGE][PASSED] - Attribute 'value' of object '' is: '5000'

2018-05-16 18:34:21 - [TEST_STEP][PASSED] - Statement - Rqty = 10000: null

2018-05-16 18:34:21 - [TEST_STEP][PASSED] - delay: Delayed 2 second(s)

2018-05-16 18:34:23 - [MESSAGE][PASSED] - Delayed 2 second(s)

2018-05-16 18:34:23 - [TEST_STEP][PASSED] - Statement - out.println("BatchQty : " + batchqty): null

2018-05-16 18:34:23 - [TEST_STEP][PASSED] - Statement - out.println("RQty : " + Rqty): null

2018-05-16 18:34:23 - [TEST_STEP][PASSED] - Statement - If (java.lang.Integer.valueOf(batchqty) >= java.lang.Integer.valueOf(Rqty)): null

2018-05-16 18:34:23 - [TEST_STEP][PASSED] - Statement - Else: null

2018-05-16 18:34:23 - [TEST_STEP][PASSED] - Statement - out.println("Batchqty Is Less Than Rqty"): null

2018-05-16 18:34:23 - [TEST_STEP][PASSED] - Statement - product = new com.kms.katalon.core.testobject.TestObject(): null

2018-05-16 18:34:23 - [TEST_STEP][PASSED] - Statement - product = com.kms.katalon.core.webui.keyword.WebUiBuiltInKeywords.modifyObjectProperty(product, "xpath", "equals", "//*[@id = "fldvendor" + row + ""]", true): Modify property of object successfully

2018-05-16 18:34:23 - [MESSAGE][PASSED] - Modify property of object successfully

2018-05-16 18:34:23 - [TEST_STEP][PASSED] - selectOptionByIndex: All options with index in [2] are selected on object ''

2018-05-16 18:34:23 - [MESSAGE][PASSED] - All options with index in [2] are selected on object ''

2018-05-16 18:34:23 - [TEST_STEP][PASSED] - Statement - batch = new com.kms.katalon.core.testobject.TestObject(): null

2018-05-16 18:34:23 - [TEST_STEP][PASSED] - Statement - batch = com.kms.katalon.core.webui.keyword.WebUiBuiltInKeywords.modifyObjectProperty(batch, "xpath", "equals", "//*[@id = "txtbthqty" + row + ""]", true): Modify property of object successfully

2018-05-16 18:34:23 - [MESSAGE][PASSED] - Modify property of object successfully

2018-05-16 18:34:23 - [TEST_STEP][PASSED] - Statement - batchqty = com.kms.katalon.core.webui.keyword.WebUiBuiltInKeywords.getAttribute(batch, "value").trim(): Attribute 'value' of object '' is: '3000'

2018-05-16 18:34:23 - [MESSAGE][PASSED] - Attribute 'value' of object '' is: '3000'

2018-05-16 18:34:23 - [TEST_STEP][PASSED] - Statement - Rqty = 10000: null

2018-05-16 18:34:23 - [TEST_STEP][PASSED] - delay: Delayed 2 second(s)

2018-05-16 18:34:25 - [MESSAGE][PASSED] - Delayed 2 second(s)

2018-05-16 18:34:25 - [TEST_STEP][PASSED] - Statement - out.println("BatchQty : " + batchqty): null

2018-05-16 18:34:25 - [TEST_STEP][PASSED] - Statement - out.println("RQty : " + Rqty): null

2018-05-16 18:34:25 - [TEST_STEP][PASSED] - Statement - If (java.lang.Integer.valueOf(batchqty) >= java.lang.Integer.valueOf(Rqty)): null

2018-05-16 18:34:25 - [TEST_STEP][PASSED] - Statement - Else: null

2018-05-16 18:34:25 - [TEST_STEP][PASSED] - Statement - out.println("Batchqty Is Less Than Rqty"): null

2018-05-16 18:34:25 - [TEST_STEP][PASSED] - Statement - product = new com.kms.katalon.core.testobject.TestObject(): null

2018-05-16 18:34:25 - [TEST_STEP][PASSED] - Statement - product = com.kms.katalon.core.webui.keyword.WebUiBuiltInKeywords.modifyObjectProperty(product, "xpath", "equals", "//*[@id = "fldvendor" + row + ""]", true): Modify property of object successfully

2018-05-16 18:34:25 - [MESSAGE][PASSED] - Modify property of object successfully

2018-05-16 18:34:25 - [TEST_STEP][PASSED] - selectOptionByIndex: All options with index in [3] are selected on object ''

2018-05-16 18:34:25 - [MESSAGE][PASSED] - All options with index in [3] are selected on object ''

2018-05-16 18:34:25 - [TEST_STEP][PASSED] - Statement - batch = new com.kms.katalon.core.testobject.TestObject(): null

2018-05-16 18:34:25 - [TEST_STEP][PASSED] - Statement - batch = com.kms.katalon.core.webui.keyword.WebUiBuiltInKeywords.modifyObjectProperty(batch, "xpath", "equals", "//*[@id = "txtbthqty" + row + ""]", true): Modify property of object successfully

2018-05-16 18:34:25 - [MESSAGE][PASSED] - Modify property of object successfully

2018-05-16 18:34:25 - [TEST_STEP][PASSED] - Statement - batchqty = com.kms.katalon.core.webui.keyword.WebUiBuiltInKeywords.getAttribute(batch, "value").trim(): Attribute 'value' of object '' is: '39900'

2018-05-16 18:34:25 - [MESSAGE][PASSED] - Attribute 'value' of object '' is: '39900'

2018-05-16 18:34:25 - [TEST_STEP][PASSED] - Statement - Rqty = 10000: null

2018-05-16 18:34:25 - [TEST_STEP][PASSED] - delay: Delayed 2 second(s)

2018-05-16 18:34:27 - [MESSAGE][PASSED] - Delayed 2 second(s)

2018-05-16 18:34:27 - [TEST_STEP][PASSED] - Statement - out.println("BatchQty : " + batchqty): null

2018-05-16 18:34:27 - [TEST_STEP][PASSED] - Statement - out.println("RQty : " + Rqty): null

2018-05-16 18:34:27 - [TEST_STEP][PASSED] - Statement - If (java.lang.Integer.valueOf(batchqty) >= java.lang.Integer.valueOf(Rqty)): null

2018-05-16 18:34:27 - [TEST_STEP][PASSED] - Statement - Break: null

2018-05-16 18:34:27 - [TEST_STEP][PASSED] - Statement - batchlength = new com.kms.katalon.core.testobject.TestObject(): null

2018-05-16 18:34:27 - [TEST_STEP][PASSED] - Statement - batchlength = com.kms.katalon.core.webui.keyword.WebUiBuiltInKeywords.modifyObjectProperty(batchlength, "xpath", "equals", "//*[@id = "fldvendor" + row + ""]", true): Modify property of object successfully

2018-05-16 18:34:27 - [MESSAGE][PASSED] - Modify property of object successfully

2018-05-16 18:34:27 - [TEST_STEP][PASSED] - Statement - batchsize = com.kms.katalon.core.webui.keyword.WebUiBuiltInKeywords.getNumberOfTotalOption(batchlength): 11 options of object '' counted

2018-05-16 18:34:27 - [MESSAGE][PASSED] - 11 options of object '' counted

2018-05-16 18:34:27 - [TEST_STEP][PASSED] - Statement - out.println("BatchSize : " + batchsize): null

2018-05-16 18:34:27 - [TEST_STEP][PASSED] - Statement - For ([n = 1, n <= batchsize - 1, (n++)]): null

2018-05-16 18:34:27 - [TEST_STEP][PASSED] - Statement - product = new com.kms.katalon.core.testobject.TestObject(): null

2018-05-16 18:34:27 - [TEST_STEP][PASSED] - Statement - product = com.kms.katalon.core.webui.keyword.WebUiBuiltInKeywords.modifyObjectProperty(product, "xpath", "equals", "//*[@id = "fldvendor" + row + ""]", true): Modify property of object successfully

2018-05-16 18:34:27 - [MESSAGE][PASSED] - Modify property of object successfully

2018-05-16 18:34:27 - [TEST_STEP][PASSED] - selectOptionByIndex: All options with index in [1] are selected on object ''

2018-05-16 18:34:27 - [MESSAGE][PASSED] - All options with index in [1] are selected on object ''

2018-05-16 18:34:27 - [TEST_STEP][PASSED] - Statement - batch = new com.kms.katalon.core.testobject.TestObject(): null

2018-05-16 18:34:27 - [TEST_STEP][PASSED] - Statement - batch = com.kms.katalon.core.webui.keyword.WebUiBuiltInKeywords.modifyObjectProperty(batch, "xpath", "equals", "//*[@id = "txtbthqty" + row + ""]", true): Modify property of object successfully

2018-05-16 18:34:27 - [MESSAGE][PASSED] - Modify property of object successfully

2018-05-16 18:34:27 - [TEST_STEP][PASSED] - Statement - batchqty = com.kms.katalon.core.webui.keyword.WebUiBuiltInKeywords.getAttribute(batch, "value").trim(): Attribute 'value' of object '' is: '5000'

2018-05-16 18:34:27 - [MESSAGE][PASSED] - Attribute 'value' of object '' is: '5000'

2018-05-16 18:34:27 - [TEST_STEP][PASSED] - Statement - Rqty = 10000: null

2018-05-16 18:34:27 - [TEST_STEP][PASSED] - delay: Delayed 2 second(s)

2018-05-16 18:34:29 - [MESSAGE][PASSED] - Delayed 2 second(s)

2018-05-16 18:34:29 - [TEST_STEP][PASSED] - Statement - out.println("BatchQty : " + batchqty): null

2018-05-16 18:34:29 - [TEST_STEP][PASSED] - Statement - out.println("RQty : " + Rqty): null

2018-05-16 18:34:29 - [TEST_STEP][PASSED] - Statement - If (java.lang.Integer.valueOf(batchqty) >= java.lang.Integer.valueOf(Rqty)): null

2018-05-16 18:34:29 - [TEST_STEP][PASSED] - Statement - Else: null

2018-05-16 18:34:29 - [TEST_STEP][PASSED] - Statement - out.println("Batchqty Is Less Than Rqty"): null

2018-05-16 18:34:29 - [TEST_STEP][PASSED] - Statement - product = new com.kms.katalon.core.testobject.TestObject(): null

2018-05-16 18:34:29 - [TEST_STEP][PASSED] - Statement - product = com.kms.katalon.core.webui.keyword.WebUiBuiltInKeywords.modifyObjectProperty(product, "xpath", "equals", "//*[@id = "fldvendor" + row + ""]", true): Modify property of object successfully

2018-05-16 18:34:29 - [MESSAGE][PASSED] - Modify property of object successfully

2018-05-16 18:34:29 - [TEST_STEP][PASSED] - selectOptionByIndex: All options with index in [2] are selected on object ''

2018-05-16 18:34:30 - [MESSAGE][PASSED] - All options with index in [2] are selected on object ''

2018-05-16 18:34:30 - [TEST_STEP][PASSED] - Statement - batch = new com.kms.katalon.core.testobject.TestObject(): null

2018-05-16 18:34:30 - [TEST_STEP][PASSED] - Statement - batch = com.kms.katalon.core.webui.keyword.WebUiBuiltInKeywords.modifyObjectProperty(batch, "xpath", "equals", "//*[@id = "txtbthqty" + row + ""]", true): Modify property of object successfully

2018-05-16 18:34:30 - [MESSAGE][PASSED] - Modify property of object successfully

2018-05-16 18:34:30 - [TEST_STEP][PASSED] - Statement - batchqty = com.kms.katalon.core.webui.keyword.WebUiBuiltInKeywords.getAttribute(batch, "value").trim(): Attribute 'value' of object '' is: '3850'

2018-05-16 18:34:30 - [MESSAGE][PASSED] - Attribute 'value' of object '' is: '3850'

2018-05-16 18:34:30 - [TEST_STEP][PASSED] - Statement - Rqty = 10000: null

2018-05-16 18:34:30 - [TEST_STEP][PASSED] - delay: Delayed 2 second(s)

2018-05-16 18:34:32 - [MESSAGE][PASSED] - Delayed 2 second(s)

2018-05-16 18:34:32 - [TEST_STEP][PASSED] - Statement - out.println("BatchQty : " + batchqty): null

2018-05-16 18:34:32 - [TEST_STEP][PASSED] - Statement - out.println("RQty : " + Rqty): null

2018-05-16 18:34:32 - [TEST_STEP][PASSED] - Statement - If (java.lang.Integer.valueOf(batchqty) >= java.lang.Integer.valueOf(Rqty)): null

2018-05-16 18:34:32 - [TEST_STEP][PASSED] - Statement - Else: null

2018-05-16 18:34:32 - [TEST_STEP][PASSED] - Statement - out.println("Batchqty Is Less Than Rqty"): null

2018-05-16 18:34:32 - [TEST_STEP][PASSED] - Statement - product = new com.kms.katalon.core.testobject.TestObject(): null

2018-05-16 18:34:32 - [TEST_STEP][PASSED] - Statement - product = com.kms.katalon.core.webui.keyword.WebUiBuiltInKeywords.modifyObjectProperty(product, "xpath", "equals", "//*[@id = "fldvendor" + row + ""]", true): Modify property of object successfully

2018-05-16 18:34:32 - [MESSAGE][PASSED] - Modify property of object successfully

2018-05-16 18:34:32 - [TEST_STEP][PASSED] - selectOptionByIndex: All options with index in [3] are selected on object ''

2018-05-16 18:34:32 - [MESSAGE][PASSED] - All options with index in [3] are selected on object ''

2018-05-16 18:34:32 - [TEST_STEP][PASSED] - Statement - batch = new com.kms.katalon.core.testobject.TestObject(): null

2018-05-16 18:34:32 - [TEST_STEP][PASSED] - Statement - batch = com.kms.katalon.core.webui.keyword.WebUiBuiltInKeywords.modifyObjectProperty(batch, "xpath", "equals", "//*[@id = "txtbthqty" + row + ""]", true): Modify property of object successfully

2018-05-16 18:34:32 - [MESSAGE][PASSED] - Modify property of object successfully

2018-05-16 18:34:32 - [TEST_STEP][PASSED] - Statement - batchqty = com.kms.katalon.core.webui.keyword.WebUiBuiltInKeywords.getAttribute(batch, "value").trim(): Attribute 'value' of object '' is: '5000'

2018-05-16 18:34:32 - [MESSAGE][PASSED] - Attribute 'value' of object '' is: '5000'

2018-05-16 18:34:32 - [TEST_STEP][PASSED] - Statement - Rqty = 10000: null

2018-05-16 18:34:32 - [TEST_STEP][PASSED] - delay: Delayed 2 second(s)

2018-05-16 18:34:34 - [MESSAGE][PASSED] - Delayed 2 second(s)

2018-05-16 18:34:34 - [TEST_STEP][PASSED] - Statement - out.println("BatchQty : " + batchqty): null

2018-05-16 18:34:34 - [TEST_STEP][PASSED] - Statement - out.println("RQty : " + Rqty): null

2018-05-16 18:34:34 - [TEST_STEP][PASSED] - Statement - If (java.lang.Integer.valueOf(batchqty) >= java.lang.Integer.valueOf(Rqty)): null

2018-05-16 18:34:34 - [TEST_STEP][PASSED] - Statement - Else: null

2018-05-16 18:34:34 - [TEST_STEP][PASSED] - Statement - out.println("Batchqty Is Less Than Rqty"): null

2018-05-16 18:34:34 - [TEST_STEP][PASSED] - Statement - product = new com.kms.katalon.core.testobject.TestObject(): null

2018-05-16 18:34:34 - [TEST_STEP][PASSED] - Statement - product = com.kms.katalon.core.webui.keyword.WebUiBuiltInKeywords.modifyObjectProperty(product, "xpath", "equals", "//*[@id = "fldvendor" + row + ""]", true): Modify property of object successfully

2018-05-16 18:34:34 - [MESSAGE][PASSED] - Modify property of object successfully

2018-05-16 18:34:34 - [TEST_STEP][PASSED] - selectOptionByIndex: All options with index in [4] are selected on object ''

2018-05-16 18:34:34 - [MESSAGE][PASSED] - All options with index in [4] are selected on object ''

2018-05-16 18:34:34 - [TEST_STEP][PASSED] - Statement - batch = new com.kms.katalon.core.testobject.TestObject(): null

2018-05-16 18:34:34 - [TEST_STEP][PASSED] - Statement - batch = com.kms.katalon.core.webui.keyword.WebUiBuiltInKeywords.modifyObjectProperty(batch, "xpath", "equals", "//*[@id = "txtbthqty" + row + ""]", true): Modify property of object successfully

2018-05-16 18:34:34 - [MESSAGE][PASSED] - Modify property of object successfully

2018-05-16 18:34:34 - [TEST_STEP][PASSED] - Statement - batchqty = com.kms.katalon.core.webui.keyword.WebUiBuiltInKeywords.getAttribute(batch, "value").trim(): Attribute 'value' of object '' is: '34900'

2018-05-16 18:34:34 - [MESSAGE][PASSED] - Attribute 'value' of object '' is: '34900'

2018-05-16 18:34:34 - [TEST_STEP][PASSED] - Statement - Rqty = 10000: null

2018-05-16 18:34:34 - [TEST_STEP][PASSED] - delay: Delayed 2 second(s)

2018-05-16 18:34:36 - [MESSAGE][PASSED] - Delayed 2 second(s)

2018-05-16 18:34:36 - [TEST_STEP][PASSED] - Statement - out.println("BatchQty : " + batchqty): null

2018-05-16 18:34:36 - [TEST_STEP][PASSED] - Statement - out.println("RQty : " + Rqty): null

2018-05-16 18:34:36 - [TEST_STEP][PASSED] - Statement - If (java.lang.Integer.valueOf(batchqty) >= java.lang.Integer.valueOf(Rqty)): null

2018-05-16 18:34:36 - [TEST_STEP][PASSED] - Statement - Break: null

2018-05-16 18:34:36 - [TEST_STEP][PASSED] - Statement - batchlength = new com.kms.katalon.core.testobject.TestObject(): null

2018-05-16 18:34:36 - [TEST_STEP][PASSED] - Statement - batchlength = com.kms.katalon.core.webui.keyword.WebUiBuiltInKeywords.modifyObjectProperty(batchlength, "xpath", "equals", "//*[@id = "fldvendor" + row + ""]", true): Modify property of object successfully

2018-05-16 18:34:36 - [MESSAGE][PASSED] - Modify property of object successfully

2018-05-16 18:34:36 - [TEST_STEP][PASSED] - Statement - batchsize = com.kms.katalon.core.webui.keyword.WebUiBuiltInKeywords.getNumberOfTotalOption(batchlength): 0 options of object '' counted

2018-05-16 18:34:36 - [MESSAGE][PASSED] - 0 options of object '' counted

2018-05-16 18:34:36 - [TEST_STEP][PASSED] - Statement - out.println("BatchSize : " + batchsize): null

2018-05-16 18:34:36 - [TEST_STEP][PASSED] - Statement - For ([n = 1, n <= batchsize - 1, (n++)]): null

2018-05-16 18:34:36 - [TEST_STEP][PASSED] - Statement - batchlength = new com.kms.katalon.core.testobject.TestObject(): null

2018-05-16 18:34:36 - [TEST_STEP][PASSED] - Statement - batchlength = com.kms.katalon.core.webui.keyword.WebUiBuiltInKeywords.modifyObjectProperty(batchlength, "xpath", "equals", "//*[@id = "fldvendor" + row + ""]", true): Modify property of object successfully

2018-05-16 18:34:36 - [MESSAGE][PASSED] - Modify property of object successfully

2018-05-16 18:34:36 - [TEST_STEP][PASSED] - Statement - batchsize = com.kms.katalon.core.webui.keyword.WebUiBuiltInKeywords.getNumberOfTotalOption(batchlength): 11 options of object '' counted

2018-05-16 18:34:36 - [MESSAGE][PASSED] - 11 options of object '' counted

2018-05-16 18:34:36 - [TEST_STEP][PASSED] - Statement - out.println("BatchSize : " + batchsize): null

2018-05-16 18:34:36 - [TEST_STEP][PASSED] - Statement - For ([n = 1, n <= batchsize - 1, (n++)]): null

2018-05-16 18:34:36 - [TEST_STEP][PASSED] - Statement - product = new com.kms.katalon.core.testobject.TestObject(): null

2018-05-16 18:34:36 - [TEST_STEP][PASSED] - Statement - product = com.kms.katalon.core.webui.keyword.WebUiBuiltInKeywords.modifyObjectProperty(product, "xpath", "equals", "//*[@id = "fldvendor" + row + ""]", true): Modify property of object successfully

2018-05-16 18:34:36 - [MESSAGE][PASSED] - Modify property of object successfully

2018-05-16 18:34:36 - [TEST_STEP][PASSED] - selectOptionByIndex: All options with index in [1] are selected on object ''

2018-05-16 18:34:36 - [MESSAGE][PASSED] - All options with index in [1] are selected on object ''

2018-05-16 18:34:36 - [TEST_STEP][PASSED] - Statement - batch = new com.kms.katalon.core.testobject.TestObject(): null

2018-05-16 18:34:36 - [TEST_STEP][PASSED] - Statement - batch = com.kms.katalon.core.webui.keyword.WebUiBuiltInKeywords.modifyObjectProperty(batch, "xpath", "equals", "//*[@id = "txtbthqty" + row + ""]", true): Modify property of object successfully

2018-05-16 18:34:36 - [MESSAGE][PASSED] - Modify property of object successfully

2018-05-16 18:34:36 - [TEST_STEP][PASSED] - Statement - batchqty = com.kms.katalon.core.webui.keyword.WebUiBuiltInKeywords.getAttribute(batch, "value").trim(): Attribute 'value' of object '' is: '5000'

2018-05-16 18:34:36 - [MESSAGE][PASSED] - Attribute 'value' of object '' is: '5000'

2018-05-16 18:34:36 - [TEST_STEP][PASSED] - Statement - Rqty = 10000: null

2018-05-16 18:34:36 - [TEST_STEP][PASSED] - delay: Delayed 2 second(s)

2018-05-16 18:34:38 - [MESSAGE][PASSED] - Delayed 2 second(s)

2018-05-16 18:34:38 - [TEST_STEP][PASSED] - Statement - out.println("BatchQty : " + batchqty): null

2018-05-16 18:34:38 - [TEST_STEP][PASSED] - Statement - out.println("RQty : " + Rqty): null

2018-05-16 18:34:38 - [TEST_STEP][PASSED] - Statement - If (java.lang.Integer.valueOf(batchqty) >= java.lang.Integer.valueOf(Rqty)): null

2018-05-16 18:34:38 - [TEST_STEP][PASSED] - Statement - Else: null

2018-05-16 18:34:38 - [TEST_STEP][PASSED] - Statement - out.println("Batchqty Is Less Than Rqty"): null

2018-05-16 18:34:38 - [TEST_STEP][PASSED] - Statement - product = new com.kms.katalon.core.testobject.TestObject(): null

2018-05-16 18:34:38 - [TEST_STEP][PASSED] - Statement - product = com.kms.katalon.core.webui.keyword.WebUiBuiltInKeywords.modifyObjectProperty(product, "xpath", "equals", "//*[@id = "fldvendor" + row + ""]", true): Modify property of object successfully

2018-05-16 18:34:38 - [MESSAGE][PASSED] - Modify property of object successfully

2018-05-16 18:34:38 - [TEST_STEP][PASSED] - selectOptionByIndex: All options with index in [2] are selected on object ''

2018-05-16 18:34:39 - [MESSAGE][PASSED] - All options with index in [2] are selected on object ''

2018-05-16 18:34:39 - [TEST_STEP][PASSED] - Statement - batch = new com.kms.katalon.core.testobject.TestObject(): null

2018-05-16 18:34:39 - [TEST_STEP][PASSED] - Statement - batch = com.kms.katalon.core.webui.keyword.WebUiBuiltInKeywords.modifyObjectProperty(batch, "xpath", "equals", "//*[@id = "txtbthqty" + row + ""]", true): Modify property of object successfully

2018-05-16 18:34:39 - [MESSAGE][PASSED] - Modify property of object successfully

2018-05-16 18:34:39 - [TEST_STEP][PASSED] - Statement - batchqty = com.kms.katalon.core.webui.keyword.WebUiBuiltInKeywords.getAttribute(batch, "value").trim(): Attribute 'value' of object '' is: '33900'

2018-05-16 18:34:39 - [MESSAGE][PASSED] - Attribute 'value' of object '' is: '33900'

2018-05-16 18:34:39 - [TEST_STEP][PASSED] - Statement - Rqty = 10000: null

2018-05-16 18:34:39 - [TEST_STEP][PASSED] - delay: Delayed 2 second(s)

2018-05-16 18:34:41 - [MESSAGE][PASSED] - Delayed 2 second(s)

2018-05-16 18:34:41 - [TEST_STEP][PASSED] - Statement - out.println("BatchQty : " + batchqty): null

2018-05-16 18:34:41 - [TEST_STEP][PASSED] - Statement - out.println("RQty : " + Rqty): null

2018-05-16 18:34:41 - [TEST_STEP][PASSED] - Statement - If (java.lang.Integer.valueOf(batchqty) >= java.lang.Integer.valueOf(Rqty)): null

2018-05-16 18:34:41 - [TEST_STEP][PASSED] - Statement - Break: null

2018-05-16 18:34:41 - [TEST_STEP][PASSED] - Statement - batchlength = new com.kms.katalon.core.testobject.TestObject(): null

2018-05-16 18:34:41 - [TEST_STEP][PASSED] - Statement - batchlength = com.kms.katalon.core.webui.keyword.WebUiBuiltInKeywords.modifyObjectProperty(batchlength, "xpath", "equals", "//*[@id = "fldvendor" + row + ""]", true): Modify property of object successfully

2018-05-16 18:34:41 - [MESSAGE][PASSED] - Modify property of object successfully

2018-05-16 18:34:41 - [TEST_STEP][PASSED] - Statement - batchsize = com.kms.katalon.core.webui.keyword.WebUiBuiltInKeywords.getNumberOfTotalOption(batchlength): 11 options of object '' counted

2018-05-16 18:34:41 - [MESSAGE][PASSED] - 11 options of object '' counted

2018-05-16 18:34:41 - [TEST_STEP][PASSED] - Statement - out.println("BatchSize : " + batchsize): null

2018-05-16 18:34:41 - [TEST_STEP][PASSED] - Statement - For ([n = 1, n <= batchsize - 1, (n++)]): null

2018-05-16 18:34:41 - [TEST_STEP][PASSED] - Statement - product = new com.kms.katalon.core.testobject.TestObject(): null

2018-05-16 18:34:41 - [TEST_STEP][PASSED] - Statement - product = com.kms.katalon.core.webui.keyword.WebUiBuiltInKeywords.modifyObjectProperty(product, "xpath", "equals", "//*[@id = "fldvendor" + row + ""]", true): Modify property of object successfully

2018-05-16 18:34:41 - [MESSAGE][PASSED] - Modify property of object successfully

2018-05-16 18:34:41 - [TEST_STEP][PASSED] - selectOptionByIndex: All options with index in [1] are selected on object ''

2018-05-16 18:34:41 - [MESSAGE][PASSED] - All options with index in [1] are selected on object ''

2018-05-16 18:34:41 - [TEST_STEP][PASSED] - Statement - batch = new com.kms.katalon.core.testobject.TestObject(): null

2018-05-16 18:34:41 - [TEST_STEP][PASSED] - Statement - batch = com.kms.katalon.core.webui.keyword.WebUiBuiltInKeywords.modifyObjectProperty(batch, "xpath", "equals", "//*[@id = "txtbthqty" + row + ""]", true): Modify property of object successfully

2018-05-16 18:34:41 - [MESSAGE][PASSED] - Modify property of object successfully

2018-05-16 18:34:41 - [TEST_STEP][PASSED] - Statement - batchqty = com.kms.katalon.core.webui.keyword.WebUiBuiltInKeywords.getAttribute(batch, "value").trim(): Attribute 'value' of object '' is: '500'

2018-05-16 18:34:41 - [MESSAGE][PASSED] - Attribute 'value' of object '' is: '500'

2018-05-16 18:34:41 - [TEST_STEP][PASSED] - Statement - Rqty = 10000: null

2018-05-16 18:34:41 - [TEST_STEP][PASSED] - delay: Delayed 2 second(s)

2018-05-16 18:34:43 - [MESSAGE][PASSED] - Delayed 2 second(s)

2018-05-16 18:34:43 - [TEST_STEP][PASSED] - Statement - out.println("BatchQty : " + batchqty): null

2018-05-16 18:34:43 - [TEST_STEP][PASSED] - Statement - out.println("RQty : " + Rqty): null

2018-05-16 18:34:43 - [TEST_STEP][PASSED] - Statement - If (java.lang.Integer.valueOf(batchqty) >= java.lang.Integer.valueOf(Rqty)): null

2018-05-16 18:34:43 - [TEST_STEP][PASSED] - Statement - Else: null

2018-05-16 18:34:43 - [TEST_STEP][PASSED] - Statement - out.println("Batchqty Is Less Than Rqty"): null

2018-05-16 18:34:43 - [TEST_STEP][PASSED] - Statement - product = new com.kms.katalon.core.testobject.TestObject(): null

2018-05-16 18:34:43 - [TEST_STEP][PASSED] - Statement - product = com.kms.katalon.core.webui.keyword.WebUiBuiltInKeywords.modifyObjectProperty(product, "xpath", "equals", "//*[@id = "fldvendor" + row + ""]", true): Modify property of object successfully

2018-05-16 18:34:43 - [MESSAGE][PASSED] - Modify property of object successfully

2018-05-16 18:34:43 - [TEST_STEP][PASSED] - selectOptionByIndex: All options with index in [2] are selected on object ''

2018-05-16 18:34:43 - [MESSAGE][PASSED] - All options with index in [2] are selected on object ''

2018-05-16 18:34:43 - [TEST_STEP][PASSED] - Statement - batch = new com.kms.katalon.core.testobject.TestObject(): null

2018-05-16 18:34:43 - [TEST_STEP][PASSED] - Statement - batch = com.kms.katalon.core.webui.keyword.WebUiBuiltInKeywords.modifyObjectProperty(batch, "xpath", "equals", "//*[@id = "txtbthqty" + row + ""]", true): Modify property of object successfully

2018-05-16 18:34:43 - [MESSAGE][PASSED] - Modify property of object successfully

2018-05-16 18:34:43 - [TEST_STEP][PASSED] - Statement - batchqty = com.kms.katalon.core.webui.keyword.WebUiBuiltInKeywords.getAttribute(batch, "value").trim(): Attribute 'value' of object '' is: '5000'

2018-05-16 18:34:43 - [MESSAGE][PASSED] - Attribute 'value' of object '' is: '5000'

2018-05-16 18:34:43 - [TEST_STEP][PASSED] - Statement - Rqty = 10000: null

2018-05-16 18:34:43 - [TEST_STEP][PASSED] - delay: Delayed 2 second(s)

2018-05-16 18:34:45 - [MESSAGE][PASSED] - Delayed 2 second(s)

2018-05-16 18:34:45 - [TEST_STEP][PASSED] - Statement - out.println("BatchQty : " + batchqty): null

2018-05-16 18:34:45 - [TEST_STEP][PASSED] - Statement - out.println("RQty : " + Rqty): null

2018-05-16 18:34:45 - [TEST_STEP][PASSED] - Statement - If (java.lang.Integer.valueOf(batchqty) >= java.lang.Integer.valueOf(Rqty)): null

2018-05-16 18:34:45 - [TEST_STEP][PASSED] - Statement - Else: null

2018-05-16 18:34:45 - [TEST_STEP][PASSED] - Statement - out.println("Batchqty Is Less Than Rqty"): null

2018-05-16 18:34:45 - [TEST_STEP][PASSED] - Statement - product = new com.kms.katalon.core.testobject.TestObject(): null

2018-05-16 18:34:45 - [TEST_STEP][PASSED] - Statement - product = com.kms.katalon.core.webui.keyword.WebUiBuiltInKeywords.modifyObjectProperty(product, "xpath", "equals", "//*[@id = "fldvendor" + row + ""]", true): Modify property of object successfully

2018-05-16 18:34:45 - [MESSAGE][PASSED] - Modify property of object successfully

2018-05-16 18:34:45 - [TEST_STEP][PASSED] - selectOptionByIndex: All options with index in [3] are selected on object ''

2018-05-16 18:34:45 - [MESSAGE][PASSED] - All options with index in [3] are selected on object ''

2018-05-16 18:34:45 - [TEST_STEP][PASSED] - Statement - batch = new com.kms.katalon.core.testobject.TestObject(): null

2018-05-16 18:34:45 - [TEST_STEP][PASSED] - Statement - batch = com.kms.katalon.core.webui.keyword.WebUiBuiltInKeywords.modifyObjectProperty(batch, "xpath", "equals", "//*[@id = "txtbthqty" + row + ""]", true): Modify property of object successfully

2018-05-16 18:34:45 - [MESSAGE][PASSED] - Modify property of object successfully

2018-05-16 18:34:45 - [TEST_STEP][PASSED] - Statement - batchqty = com.kms.katalon.core.webui.keyword.WebUiBuiltInKeywords.getAttribute(batch, "value").trim(): Attribute 'value' of object '' is: '5000'

2018-05-16 18:34:45 - [MESSAGE][PASSED] - Attribute 'value' of object '' is: '5000'

2018-05-16 18:34:45 - [TEST_STEP][PASSED] - Statement - Rqty = 10000: null

2018-05-16 18:34:45 - [TEST_STEP][PASSED] - delay: Delayed 2 second(s)

2018-05-16 18:34:47 - [MESSAGE][PASSED] - Delayed 2 second(s)

2018-05-16 18:34:47 - [TEST_STEP][PASSED] - Statement - out.println("BatchQty : " + batchqty): null

2018-05-16 18:34:47 - [TEST_STEP][PASSED] - Statement - out.println("RQty : " + Rqty): null

2018-05-16 18:34:47 - [TEST_STEP][PASSED] - Statement - If (java.lang.Integer.valueOf(batchqty) >= java.lang.Integer.valueOf(Rqty)): null

2018-05-16 18:34:47 - [TEST_STEP][PASSED] - Statement - Else: null

2018-05-16 18:34:47 - [TEST_STEP][PASSED] - Statement - out.println("Batchqty Is Less Than Rqty"): null

2018-05-16 18:34:47 - [TEST_STEP][PASSED] - Statement - product = new com.kms.katalon.core.testobject.TestObject(): null

2018-05-16 18:34:47 - [TEST_STEP][PASSED] - Statement - product = com.kms.katalon.core.webui.keyword.WebUiBuiltInKeywords.modifyObjectProperty(product, "xpath", "equals", "//*[@id = "fldvendor" + row + ""]", true): Modify property of object successfully

2018-05-16 18:34:47 - [MESSAGE][PASSED] - Modify property of object successfully

2018-05-16 18:34:47 - [TEST_STEP][PASSED] - selectOptionByIndex: All options with index in [4] are selected on object ''

2018-05-16 18:34:47 - [MESSAGE][PASSED] - All options with index in [4] are selected on object ''

2018-05-16 18:34:47 - [TEST_STEP][PASSED] - Statement - batch = new com.kms.katalon.core.testobject.TestObject(): null

2018-05-16 18:34:47 - [TEST_STEP][PASSED] - Statement - batch = com.kms.katalon.core.webui.keyword.WebUiBuiltInKeywords.modifyObjectProperty(batch, "xpath", "equals", "//*[@id = "txtbthqty" + row + ""]", true): Modify property of object successfully

2018-05-16 18:34:47 - [MESSAGE][PASSED] - Modify property of object successfully

2018-05-16 18:34:47 - [TEST_STEP][PASSED] - Statement - batchqty = com.kms.katalon.core.webui.keyword.WebUiBuiltInKeywords.getAttribute(batch, "value").trim(): Attribute 'value' of object '' is: '3000'

2018-05-16 18:34:47 - [MESSAGE][PASSED] - Attribute 'value' of object '' is: '3000'

2018-05-16 18:34:47 - [TEST_STEP][PASSED] - Statement - Rqty = 10000: null

2018-05-16 18:34:47 - [TEST_STEP][PASSED] - delay: Delayed 2 second(s)

2018-05-16 18:34:49 - [MESSAGE][PASSED] - Delayed 2 second(s)

2018-05-16 18:34:49 - [TEST_STEP][PASSED] - Statement - out.println("BatchQty : " + batchqty): null

2018-05-16 18:34:49 - [TEST_STEP][PASSED] - Statement - out.println("RQty : " + Rqty): null

2018-05-16 18:34:49 - [TEST_STEP][PASSED] - Statement - If (java.lang.Integer.valueOf(batchqty) >= java.lang.Integer.valueOf(Rqty)): null

2018-05-16 18:34:49 - [TEST_STEP][PASSED] - Statement - Else: null

2018-05-16 18:34:49 - [TEST_STEP][PASSED] - Statement - out.println("Batchqty Is Less Than Rqty"): null

2018-05-16 18:34:49 - [TEST_STEP][PASSED] - Statement - product = new com.kms.katalon.core.testobject.TestObject(): null

2018-05-16 18:34:49 - [TEST_STEP][PASSED] - Statement - product = com.kms.katalon.core.webui.keyword.WebUiBuiltInKeywords.modifyObjectProperty(product, "xpath", "equals", "//*[@id = "fldvendor" + row + ""]", true): Modify property of object successfully

2018-05-16 18:34:50 - [MESSAGE][PASSED] - Modify property of object successfully

2018-05-16 18:34:50 - [TEST_STEP][PASSED] - selectOptionByIndex: All options with index in [5] are selected on object ''

2018-05-16 18:34:50 - [MESSAGE][PASSED] - All options with index in [5] are selected on object ''

2018-05-16 18:34:50 - [TEST_STEP][PASSED] - Statement - batch = new com.kms.katalon.core.testobject.TestObject(): null

2018-05-16 18:34:50 - [TEST_STEP][PASSED] - Statement - batch = com.kms.katalon.core.webui.keyword.WebUiBuiltInKeywords.modifyObjectProperty(batch, "xpath", "equals", "//*[@id = "txtbthqty" + row + ""]", true): Modify property of object successfully

2018-05-16 18:34:50 - [MESSAGE][PASSED] - Modify property of object successfully

2018-05-16 18:34:50 - [TEST_STEP][PASSED] - Statement - batchqty = com.kms.katalon.core.webui.keyword.WebUiBuiltInKeywords.getAttribute(batch, "value").trim(): Attribute 'value' of object '' is: '35000'

2018-05-16 18:34:50 - [MESSAGE][PASSED] - Attribute 'value' of object '' is: '35000'

2018-05-16 18:34:50 - [TEST_STEP][PASSED] - Statement - Rqty = 10000: null

2018-05-16 18:34:50 - [TEST_STEP][PASSED] - delay: Delayed 2 second(s)

2018-05-16 18:34:52 - [MESSAGE][PASSED] - Delayed 2 second(s)

2018-05-16 18:34:52 - [TEST_STEP][PASSED] - Statement - out.println("BatchQty : " + batchqty): null

2018-05-16 18:34:52 - [TEST_STEP][PASSED] - Statement - out.println("RQty : " + Rqty): null

2018-05-16 18:34:52 - [TEST_STEP][PASSED] - Statement - If (java.lang.Integer.valueOf(batchqty) >= java.lang.Integer.valueOf(Rqty)): null

2018-05-16 18:34:52 - [TEST_STEP][PASSED] - Statement - Break: null

2018-05-16 18:34:52 - [TEST_STEP][PASSED] - Statement - batchlength = new com.kms.katalon.core.testobject.TestObject(): null

2018-05-16 18:34:52 - [TEST_STEP][PASSED] - Statement - batchlength = com.kms.katalon.core.webui.keyword.WebUiBuiltInKeywords.modifyObjectProperty(batchlength, "xpath", "equals", "//*[@id = "fldvendor" + row + ""]", true): Modify property of object successfully

2018-05-16 18:34:52 - [MESSAGE][PASSED] - Modify property of object successfully

2018-05-16 18:34:52 - [TEST_STEP][PASSED] - Statement - batchsize = com.kms.katalon.core.webui.keyword.WebUiBuiltInKeywords.getNumberOfTotalOption(batchlength): 11 options of object '' counted

2018-05-16 18:34:52 - [MESSAGE][PASSED] - 11 options of object '' counted

2018-05-16 18:34:52 - [TEST_STEP][PASSED] - Statement - out.println("BatchSize : " + batchsize): null

2018-05-16 18:34:52 - [TEST_STEP][PASSED] - Statement - For ([n = 1, n <= batchsize - 1, (n++)]): null

2018-05-16 18:34:52 - [TEST_STEP][PASSED] - Statement - product = new com.kms.katalon.core.testobject.TestObject(): null

2018-05-16 18:34:52 - [TEST_STEP][PASSED] - Statement - product = com.kms.katalon.core.webui.keyword.WebUiBuiltInKeywords.modifyObjectProperty(product, "xpath", "equals", "//*[@id = "fldvendor" + row + ""]", true): Modify property of object successfully

2018-05-16 18:34:52 - [MESSAGE][PASSED] - Modify property of object successfully

2018-05-16 18:34:52 - [TEST_STEP][PASSED] - selectOptionByIndex: All options with index in [1] are selected on object ''

2018-05-16 18:34:52 - [MESSAGE][PASSED] - All options with index in [1] are selected on object ''

2018-05-16 18:34:52 - [TEST_STEP][PASSED] - Statement - batch = new com.kms.katalon.core.testobject.TestObject(): null

2018-05-16 18:34:52 - [TEST_STEP][PASSED] - Statement - batch = com.kms.katalon.core.webui.keyword.WebUiBuiltInKeywords.modifyObjectProperty(batch, "xpath", "equals", "//*[@id = "txtbthqty" + row + ""]", true): Modify property of object successfully

2018-05-16 18:34:52 - [MESSAGE][PASSED] - Modify property of object successfully

2018-05-16 18:34:52 - [TEST_STEP][PASSED] - Statement - batchqty = com.kms.katalon.core.webui.keyword.WebUiBuiltInKeywords.getAttribute(batch, "value").trim(): Attribute 'value' of object '' is: '500'

2018-05-16 18:34:52 - [MESSAGE][PASSED] - Attribute 'value' of object '' is: '500'

2018-05-16 18:34:52 - [TEST_STEP][PASSED] - Statement - Rqty = 10000: null

2018-05-16 18:34:52 - [TEST_STEP][PASSED] - delay: Delayed 2 second(s)

2018-05-16 18:34:54 - [MESSAGE][PASSED] - Delayed 2 second(s)

2018-05-16 18:34:54 - [TEST_STEP][PASSED] - Statement - out.println("BatchQty : " + batchqty): null

2018-05-16 18:34:54 - [TEST_STEP][PASSED] - Statement - out.println("RQty : " + Rqty): null

2018-05-16 18:34:54 - [TEST_STEP][PASSED] - Statement - If (java.lang.Integer.valueOf(batchqty) >= java.lang.Integer.valueOf(Rqty)): null

2018-05-16 18:34:54 - [TEST_STEP][PASSED] - Statement - Else: null

2018-05-16 18:34:54 - [TEST_STEP][PASSED] - Statement - out.println("Batchqty Is Less Than Rqty"): null

2018-05-16 18:34:54 - [TEST_STEP][PASSED] - Statement - product = new com.kms.katalon.core.testobject.TestObject(): null

2018-05-16 18:34:54 - [TEST_STEP][PASSED] - Statement - product = com.kms.katalon.core.webui.keyword.WebUiBuiltInKeywords.modifyObjectProperty(product, "xpath", "equals", "//*[@id = "fldvendor" + row + ""]", true): Modify property of object successfully

2018-05-16 18:34:54 - [MESSAGE][PASSED] - Modify property of object successfully

2018-05-16 18:34:54 - [TEST_STEP][PASSED] - selectOptionByIndex: All options with index in [2] are selected on object ''

2018-05-16 18:34:54 - [MESSAGE][PASSED] - All options with index in [2] are selected on object ''

2018-05-16 18:34:54 - [TEST_STEP][PASSED] - Statement - batch = new com.kms.katalon.core.testobject.TestObject(): null

2018-05-16 18:34:54 - [TEST_STEP][PASSED] - Statement - batch = com.kms.katalon.core.webui.keyword.WebUiBuiltInKeywords.modifyObjectProperty(batch, "xpath", "equals", "//*[@id = "txtbthqty" + row + ""]", true): Modify property of object successfully

2018-05-16 18:34:54 - [MESSAGE][PASSED] - Modify property of object successfully

2018-05-16 18:34:54 - [TEST_STEP][PASSED] - Statement - batchqty = com.kms.katalon.core.webui.keyword.WebUiBuiltInKeywords.getAttribute(batch, "value").trim(): Attribute 'value' of object '' is: '5000'

2018-05-16 18:34:54 - [MESSAGE][PASSED] - Attribute 'value' of object '' is: '5000'

2018-05-16 18:34:54 - [TEST_STEP][PASSED] - Statement - Rqty = 10000: null

2018-05-16 18:34:54 - [TEST_STEP][PASSED] - delay: Delayed 2 second(s)

2018-05-16 18:34:56 - [MESSAGE][PASSED] - Delayed 2 second(s)

2018-05-16 18:34:56 - [TEST_STEP][PASSED] - Statement - out.println("BatchQty : " + batchqty): null

2018-05-16 18:34:56 - [TEST_STEP][PASSED] - Statement - out.println("RQty : " + Rqty): null

2018-05-16 18:34:56 - [TEST_STEP][PASSED] - Statement - If (java.lang.Integer.valueOf(batchqty) >= java.lang.Integer.valueOf(Rqty)): null

2018-05-16 18:34:56 - [TEST_STEP][PASSED] - Statement - Else: null

2018-05-16 18:34:56 - [TEST_STEP][PASSED] - Statement - out.println("Batchqty Is Less Than Rqty"): null

2018-05-16 18:34:56 - [TEST_STEP][PASSED] - Statement - product = new com.kms.katalon.core.testobject.TestObject(): null

2018-05-16 18:34:56 - [TEST_STEP][PASSED] - Statement - product = com.kms.katalon.core.webui.keyword.WebUiBuiltInKeywords.modifyObjectProperty(product, "xpath", "equals", "//*[@id = "fldvendor" + row + ""]", true): Modify property of object successfully

2018-05-16 18:34:56 - [MESSAGE][PASSED] - Modify property of object successfully

2018-05-16 18:34:56 - [TEST_STEP][PASSED] - selectOptionByIndex: All options with index in [3] are selected on object ''

2018-05-16 18:34:56 - [MESSAGE][PASSED] - All options with index in [3] are selected on object ''

2018-05-16 18:34:56 - [TEST_STEP][PASSED] - Statement - batch = new com.kms.katalon.core.testobject.TestObject(): null

2018-05-16 18:34:56 - [TEST_STEP][PASSED] - Statement - batch = com.kms.katalon.core.webui.keyword.WebUiBuiltInKeywords.modifyObjectProperty(batch, "xpath", "equals", "//*[@id = "txtbthqty" + row + ""]", true): Modify property of object successfully

2018-05-16 18:34:56 - [MESSAGE][PASSED] - Modify property of object successfully

2018-05-16 18:34:56 - [TEST_STEP][PASSED] - Statement - batchqty = com.kms.katalon.core.webui.keyword.WebUiBuiltInKeywords.getAttribute(batch, "value").trim(): Attribute 'value' of object '' is: '5000'

2018-05-16 18:34:56 - [MESSAGE][PASSED] - Attribute 'value' of object '' is: '5000'

2018-05-16 18:34:56 - [TEST_STEP][PASSED] - Statement - Rqty = 10000: null

2018-05-16 18:34:56 - [TEST_STEP][PASSED] - delay: Delayed 2 second(s)

2018-05-16 18:34:58 - [MESSAGE][PASSED] - Delayed 2 second(s)

2018-05-16 18:34:58 - [TEST_STEP][PASSED] - Statement - out.println("BatchQty : " + batchqty): null

2018-05-16 18:34:58 - [TEST_STEP][PASSED] - Statement - out.println("RQty : " + Rqty): null

2018-05-16 18:34:58 - [TEST_STEP][PASSED] - Statement - If (java.lang.Integer.valueOf(batchqty) >= java.lang.Integer.valueOf(Rqty)): null

2018-05-16 18:34:58 - [TEST_STEP][PASSED] - Statement - Else: null

2018-05-16 18:34:58 - [TEST_STEP][PASSED] - Statement - out.println("Batchqty Is Less Than Rqty"): null

2018-05-16 18:34:58 - [TEST_STEP][PASSED] - Statement - product = new com.kms.katalon.core.testobject.TestObject(): null

2018-05-16 18:34:58 - [TEST_STEP][PASSED] - Statement - product = com.kms.katalon.core.webui.keyword.WebUiBuiltInKeywords.modifyObjectProperty(product, "xpath", "equals", "//*[@id = "fldvendor" + row + ""]", true): Modify property of object successfully

2018-05-16 18:34:58 - [MESSAGE][PASSED] - Modify property of object successfully

2018-05-16 18:34:58 - [TEST_STEP][PASSED] - selectOptionByIndex: All options with index in [4] are selected on object ''

2018-05-16 18:34:59 - [MESSAGE][PASSED] - All options with index in [4] are selected on object ''

2018-05-16 18:34:59 - [TEST_STEP][PASSED] - Statement - batch = new com.kms.katalon.core.testobject.TestObject(): null

2018-05-16 18:34:59 - [TEST_STEP][PASSED] - Statement - batch = com.kms.katalon.core.webui.keyword.WebUiBuiltInKeywords.modifyObjectProperty(batch, "xpath", "equals", "//*[@id = "txtbthqty" + row + ""]", true): Modify property of object successfully

2018-05-16 18:34:59 - [MESSAGE][PASSED] - Modify property of object successfully

2018-05-16 18:34:59 - [TEST_STEP][PASSED] - Statement - batchqty = com.kms.katalon.core.webui.keyword.WebUiBuiltInKeywords.getAttribute(batch, "value").trim(): Attribute 'value' of object '' is: '5000'

2018-05-16 18:34:59 - [MESSAGE][PASSED] - Attribute 'value' of object '' is: '5000'

2018-05-16 18:34:59 - [TEST_STEP][PASSED] - Statement - Rqty = 10000: null

2018-05-16 18:34:59 - [TEST_STEP][PASSED] - delay: Delayed 2 second(s)

2018-05-16 18:35:01 - [MESSAGE][PASSED] - Delayed 2 second(s)

2018-05-16 18:35:01 - [TEST_STEP][PASSED] - Statement - out.println("BatchQty : " + batchqty): null

2018-05-16 18:35:01 - [TEST_STEP][PASSED] - Statement - out.println("RQty : " + Rqty): null

2018-05-16 18:35:01 - [TEST_STEP][PASSED] - Statement - If (java.lang.Integer.valueOf(batchqty) >= java.lang.Integer.valueOf(Rqty)): null

2018-05-16 18:35:01 - [TEST_STEP][PASSED] - Statement - Else: null

2018-05-16 18:35:01 - [TEST_STEP][PASSED] - Statement - out.println("Batchqty Is Less Than Rqty"): null

2018-05-16 18:35:01 - [TEST_STEP][PASSED] - Statement - product = new com.kms.katalon.core.testobject.TestObject(): null

2018-05-16 18:35:01 - [TEST_STEP][PASSED] - Statement - product = com.kms.katalon.core.webui.keyword.WebUiBuiltInKeywords.modifyObjectProperty(product, "xpath", "equals", "//*[@id = "fldvendor" + row + ""]", true): Modify property of object successfully

2018-05-16 18:35:01 - [MESSAGE][PASSED] - Modify property of object successfully

2018-05-16 18:35:01 - [TEST_STEP][PASSED] - selectOptionByIndex: All options with index in [5] are selected on object ''

2018-05-16 18:35:01 - [MESSAGE][PASSED] - All options with index in [5] are selected on object ''

2018-05-16 18:35:01 - [TEST_STEP][PASSED] - Statement - batch = new com.kms.katalon.core.testobject.TestObject(): null

2018-05-16 18:35:01 - [TEST_STEP][PASSED] - Statement - batch = com.kms.katalon.core.webui.keyword.WebUiBuiltInKeywords.modifyObjectProperty(batch, "xpath", "equals", "//*[@id = "txtbthqty" + row + ""]", true): Modify property of object successfully

2018-05-16 18:35:01 - [MESSAGE][PASSED] - Modify property of object successfully

2018-05-16 18:35:01 - [TEST_STEP][PASSED] - Statement - batchqty = com.kms.katalon.core.webui.keyword.WebUiBuiltInKeywords.getAttribute(batch, "value").trim(): Attribute 'value' of object '' is: '4000'

2018-05-16 18:35:01 - [MESSAGE][PASSED] - Attribute 'value' of object '' is: '4000'

2018-05-16 18:35:01 - [TEST_STEP][PASSED] - Statement - Rqty = 10000: null

2018-05-16 18:35:01 - [TEST_STEP][PASSED] - delay: Delayed 2 second(s)

2018-05-16 18:35:03 - [MESSAGE][PASSED] - Delayed 2 second(s)

2018-05-16 18:35:03 - [TEST_STEP][PASSED] - Statement - out.println("BatchQty : " + batchqty): null

2018-05-16 18:35:03 - [TEST_STEP][PASSED] - Statement - out.println("RQty : " + Rqty): null

2018-05-16 18:35:03 - [TEST_STEP][PASSED] - Statement - If (java.lang.Integer.valueOf(batchqty) >= java.lang.Integer.valueOf(Rqty)): null

2018-05-16 18:35:03 - [TEST_STEP][PASSED] - Statement - Else: null

2018-05-16 18:35:03 - [TEST_STEP][PASSED] - Statement - out.println("Batchqty Is Less Than Rqty"): null

2018-05-16 18:35:03 - [TEST_STEP][PASSED] - Statement - product = new com.kms.katalon.core.testobject.TestObject(): null

2018-05-16 18:35:03 - [TEST_STEP][PASSED] - Statement - product = com.kms.katalon.core.webui.keyword.WebUiBuiltInKeywords.modifyObjectProperty(product, "xpath", "equals", "//*[@id = "fldvendor" + row + ""]", true): Modify property of object successfully

2018-05-16 18:35:03 - [MESSAGE][PASSED] - Modify property of object successfully

2018-05-16 18:35:03 - [TEST_STEP][PASSED] - selectOptionByIndex: All options with index in [6] are selected on object ''

2018-05-16 18:35:03 - [MESSAGE][PASSED] - All options with index in [6] are selected on object ''

2018-05-16 18:35:03 - [TEST_STEP][PASSED] - Statement - batch = new com.kms.katalon.core.testobject.TestObject(): null

2018-05-16 18:35:03 - [TEST_STEP][PASSED] - Statement - batch = com.kms.katalon.core.webui.keyword.WebUiBuiltInKeywords.modifyObjectProperty(batch, "xpath", "equals", "//*[@id = "txtbthqty" + row + ""]", true): Modify property of object successfully

2018-05-16 18:35:03 - [MESSAGE][PASSED] - Modify property of object successfully

2018-05-16 18:35:03 - [TEST_STEP][PASSED] - Statement - batchqty = com.kms.katalon.core.webui.keyword.WebUiBuiltInKeywords.getAttribute(batch, "value").trim(): Attribute 'value' of object '' is: '39900'

2018-05-16 18:35:03 - [MESSAGE][PASSED] - Attribute 'value' of object '' is: '39900'

2018-05-16 18:35:03 - [TEST_STEP][PASSED] - Statement - Rqty = 10000: null

2018-05-16 18:35:03 - [TEST_STEP][PASSED] - delay: Delayed 2 second(s)

2018-05-16 18:35:05 - [MESSAGE][PASSED] - Delayed 2 second(s)

2018-05-16 18:35:05 - [TEST_STEP][PASSED] - Statement - out.println("BatchQty : " + batchqty): null

2018-05-16 18:35:05 - [TEST_STEP][PASSED] - Statement - out.println("RQty : " + Rqty): null

2018-05-16 18:35:05 - [TEST_STEP][PASSED] - Statement - If (java.lang.Integer.valueOf(batchqty) >= java.lang.Integer.valueOf(Rqty)): null

2018-05-16 18:35:05 - [TEST_STEP][PASSED] - Statement - Break: null

2018-05-16 18:35:05 - [TEST_STEP][PASSED] - Statement - batchlength = new com.kms.katalon.core.testobject.TestObject(): null

2018-05-16 18:35:05 - [TEST_STEP][PASSED] - Statement - batchlength = com.kms.katalon.core.webui.keyword.WebUiBuiltInKeywords.modifyObjectProperty(batchlength, "xpath", "equals", "//*[@id = "fldvendor" + row + ""]", true): Modify property of object successfully

2018-05-16 18:35:05 - [MESSAGE][PASSED] - Modify property of object successfully

2018-05-16 18:35:05 - [TEST_STEP][PASSED] - Statement - batchsize = com.kms.katalon.core.webui.keyword.WebUiBuiltInKeywords.getNumberOfTotalOption(batchlength): 11 options of object '' counted

2018-05-16 18:35:05 - [MESSAGE][PASSED] - 11 options of object '' counted

2018-05-16 18:35:05 - [TEST_STEP][PASSED] - Statement - out.println("BatchSize : " + batchsize): null

2018-05-16 18:35:05 - [TEST_STEP][PASSED] - Statement - For ([n = 1, n <= batchsize - 1, (n++)]): null

2018-05-16 18:35:05 - [TEST_STEP][PASSED] - Statement - product = new com.kms.katalon.core.testobject.TestObject(): null

2018-05-16 18:35:05 - [TEST_STEP][PASSED] - Statement - product = com.kms.katalon.core.webui.keyword.WebUiBuiltInKeywords.modifyObjectProperty(product, "xpath", "equals", "//*[@id = "fldvendor" + row + ""]", true): Modify property of object successfully

2018-05-16 18:35:05 - [MESSAGE][PASSED] - Modify property of object successfully

2018-05-16 18:35:05 - [TEST_STEP][PASSED] - selectOptionByIndex: All options with index in [1] are selected on object ''

2018-05-16 18:35:05 - [MESSAGE][PASSED] - All options with index in [1] are selected on object ''

2018-05-16 18:35:05 - [TEST_STEP][PASSED] - Statement - batch = new com.kms.katalon.core.testobject.TestObject(): null

2018-05-16 18:35:05 - [TEST_STEP][PASSED] - Statement - batch = com.kms.katalon.core.webui.keyword.WebUiBuiltInKeywords.modifyObjectProperty(batch, "xpath", "equals", "//*[@id = "txtbthqty" + row + ""]", true): Modify property of object successfully

2018-05-16 18:35:05 - [MESSAGE][PASSED] - Modify property of object successfully

2018-05-16 18:35:05 - [TEST_STEP][PASSED] - Statement - batchqty = com.kms.katalon.core.webui.keyword.WebUiBuiltInKeywords.getAttribute(batch, "value").trim(): Attribute 'value' of object '' is: '5000'

2018-05-16 18:35:05 - [MESSAGE][PASSED] - Attribute 'value' of object '' is: '5000'

2018-05-16 18:35:05 - [TEST_STEP][PASSED] - Statement - Rqty = 10000: null

2018-05-16 18:35:05 - [TEST_STEP][PASSED] - delay: Delayed 2 second(s)

2018-05-16 18:35:07 - [MESSAGE][PASSED] - Delayed 2 second(s)

2018-05-16 18:35:07 - [TEST_STEP][PASSED] - Statement - out.println("BatchQty : " + batchqty): null

2018-05-16 18:35:07 - [TEST_STEP][PASSED] - Statement - out.println("RQty : " + Rqty): null

2018-05-16 18:35:07 - [TEST_STEP][PASSED] - Statement - If (java.lang.Integer.valueOf(batchqty) >= java.lang.Integer.valueOf(Rqty)): null

2018-05-16 18:35:07 - [TEST_STEP][PASSED] - Statement - Else: null

2018-05-16 18:35:07 - [TEST_STEP][PASSED] - Statement - out.println("Batchqty Is Less Than Rqty"): null

2018-05-16 18:35:07 - [TEST_STEP][PASSED] - Statement - product = new com.kms.katalon.core.testobject.TestObject(): null

2018-05-16 18:35:07 - [TEST_STEP][PASSED] - Statement - product = com.kms.katalon.core.webui.keyword.WebUiBuiltInKeywords.modifyObjectProperty(product, "xpath", "equals", "//*[@id = "fldvendor" + row + ""]", true): Modify property of object successfully

2018-05-16 18:35:07 - [MESSAGE][PASSED] - Modify property of object successfully

2018-05-16 18:35:07 - [TEST_STEP][PASSED] - selectOptionByIndex: All options with index in [2] are selected on object ''

2018-05-16 18:35:07 - [MESSAGE][PASSED] - All options with index in [2] are selected on object ''

2018-05-16 18:35:07 - [TEST_STEP][PASSED] - Statement - batch = new com.kms.katalon.core.testobject.TestObject(): null

2018-05-16 18:35:07 - [TEST_STEP][PASSED] - Statement - batch = com.kms.katalon.core.webui.keyword.WebUiBuiltInKeywords.modifyObjectProperty(batch, "xpath", "equals", "//*[@id = "txtbthqty" + row + ""]", true): Modify property of object successfully

2018-05-16 18:35:07 - [MESSAGE][PASSED] - Modify property of object successfully

2018-05-16 18:35:07 - [TEST_STEP][PASSED] - Statement - batchqty = com.kms.katalon.core.webui.keyword.WebUiBuiltInKeywords.getAttribute(batch, "value").trim(): Attribute 'value' of object '' is: '5000'

2018-05-16 18:35:07 - [MESSAGE][PASSED] - Attribute 'value' of object '' is: '5000'

2018-05-16 18:35:07 - [TEST_STEP][PASSED] - Statement - Rqty = 10000: null

2018-05-16 18:35:07 - [TEST_STEP][PASSED] - delay: Delayed 2 second(s)

2018-05-16 18:35:09 - [MESSAGE][PASSED] - Delayed 2 second(s)

2018-05-16 18:35:09 - [TEST_STEP][PASSED] - Statement - out.println("BatchQty : " + batchqty): null

2018-05-16 18:35:09 - [TEST_STEP][PASSED] - Statement - out.println("RQty : " + Rqty): null

2018-05-16 18:35:09 - [TEST_STEP][PASSED] - Statement - If (java.lang.Integer.valueOf(batchqty) >= java.lang.Integer.valueOf(Rqty)): null

2018-05-16 18:35:09 - [TEST_STEP][PASSED] - Statement - Else: null

2018-05-16 18:35:09 - [TEST_STEP][PASSED] - Statement - out.println("Batchqty Is Less Than Rqty"): null

2018-05-16 18:35:09 - [TEST_STEP][PASSED] - Statement - product = new com.kms.katalon.core.testobject.TestObject(): null

2018-05-16 18:35:09 - [TEST_STEP][PASSED] - Statement - product = com.kms.katalon.core.webui.keyword.WebUiBuiltInKeywords.modifyObjectProperty(product, "xpath", "equals", "//*[@id = "fldvendor" + row + ""]", true): Modify property of object successfully

2018-05-16 18:35:09 - [MESSAGE][PASSED] - Modify property of object successfully

2018-05-16 18:35:09 - [TEST_STEP][PASSED] - selectOptionByIndex: All options with index in [3] are selected on object ''

2018-05-16 18:35:10 - [MESSAGE][PASSED] - All options with index in [3] are selected on object ''

2018-05-16 18:35:10 - [TEST_STEP][PASSED] - Statement - batch = new com.kms.katalon.core.testobject.TestObject(): null

2018-05-16 18:35:10 - [TEST_STEP][PASSED] - Statement - batch = com.kms.katalon.core.webui.keyword.WebUiBuiltInKeywords.modifyObjectProperty(batch, "xpath", "equals", "//*[@id = "txtbthqty" + row + ""]", true): Modify property of object successfully

2018-05-16 18:35:10 - [MESSAGE][PASSED] - Modify property of object successfully

2018-05-16 18:35:10 - [TEST_STEP][PASSED] - Statement - batchqty = com.kms.katalon.core.webui.keyword.WebUiBuiltInKeywords.getAttribute(batch, "value").trim(): Attribute 'value' of object '' is: '5000'

2018-05-16 18:35:10 - [MESSAGE][PASSED] - Attribute 'value' of object '' is: '5000'

2018-05-16 18:35:10 - [TEST_STEP][PASSED] - Statement - Rqty = 10000: null

2018-05-16 18:35:10 - [TEST_STEP][PASSED] - delay: Delayed 2 second(s)

2018-05-16 18:35:12 - [MESSAGE][PASSED] - Delayed 2 second(s)

2018-05-16 18:35:12 - [TEST_STEP][PASSED] - Statement - out.println("BatchQty : " + batchqty): null

2018-05-16 18:35:12 - [TEST_STEP][PASSED] - Statement - out.println("RQty : " + Rqty): null

2018-05-16 18:35:12 - [TEST_STEP][PASSED] - Statement - If (java.lang.Integer.valueOf(batchqty) >= java.lang.Integer.valueOf(Rqty)): null

2018-05-16 18:35:12 - [TEST_STEP][PASSED] - Statement - Else: null

2018-05-16 18:35:12 - [TEST_STEP][PASSED] - Statement - out.println("Batchqty Is Less Than Rqty"): null

2018-05-16 18:35:12 - [TEST_STEP][PASSED] - Statement - product = new com.kms.katalon.core.testobject.TestObject(): null

2018-05-16 18:35:12 - [TEST_STEP][PASSED] - Statement - product = com.kms.katalon.core.webui.keyword.WebUiBuiltInKeywords.modifyObjectProperty(product, "xpath", "equals", "//*[@id = "fldvendor" + row + ""]", true): Modify property of object successfully

2018-05-16 18:35:12 - [MESSAGE][PASSED] - Modify property of object successfully

2018-05-16 18:35:12 - [TEST_STEP][PASSED] - selectOptionByIndex: All options with index in [4] are selected on object ''

2018-05-16 18:35:12 - [MESSAGE][PASSED] - All options with index in [4] are selected on object ''

2018-05-16 18:35:12 - [TEST_STEP][PASSED] - Statement - batch = new com.kms.katalon.core.testobject.TestObject(): null

2018-05-16 18:35:12 - [TEST_STEP][PASSED] - Statement - batch = com.kms.katalon.core.webui.keyword.WebUiBuiltInKeywords.modifyObjectProperty(batch, "xpath", "equals", "//*[@id = "txtbthqty" + row + ""]", true): Modify property of object successfully

2018-05-16 18:35:12 - [MESSAGE][PASSED] - Modify property of object successfully

2018-05-16 18:35:12 - [TEST_STEP][PASSED] - Statement - batchqty = com.kms.katalon.core.webui.keyword.WebUiBuiltInKeywords.getAttribute(batch, "value").trim(): Attribute 'value' of object '' is: '38900'

2018-05-16 18:35:12 - [MESSAGE][PASSED] - Attribute 'value' of object '' is: '38900'

2018-05-16 18:35:12 - [TEST_STEP][PASSED] - Statement - Rqty = 10000: null

2018-05-16 18:35:12 - [TEST_STEP][PASSED] - delay: Delayed 2 second(s)

2018-05-16 18:35:14 - [MESSAGE][PASSED] - Delayed 2 second(s)

2018-05-16 18:35:14 - [TEST_STEP][PASSED] - Statement - out.println("BatchQty : " + batchqty): null

2018-05-16 18:35:14 - [TEST_STEP][PASSED] - Statement - out.println("RQty : " + Rqty): null

2018-05-16 18:35:14 - [TEST_STEP][PASSED] - Statement - If (java.lang.Integer.valueOf(batchqty) >= java.lang.Integer.valueOf(Rqty)): null

2018-05-16 18:35:14 - [TEST_STEP][PASSED] - Statement - Break: null

2018-05-16 18:35:14 - [TEST_STEP][PASSED] - Statement - batchlength = new com.kms.katalon.core.testobject.TestObject(): null

2018-05-16 18:35:14 - [TEST_STEP][PASSED] - Statement - batchlength = com.kms.katalon.core.webui.keyword.WebUiBuiltInKeywords.modifyObjectProperty(batchlength, "xpath", "equals", "//*[@id = "fldvendor" + row + ""]", true): Modify property of object successfully

2018-05-16 18:35:14 - [MESSAGE][PASSED] - Modify property of object successfully

2018-05-16 18:35:14 - [TEST_STEP][PASSED] - Statement - batchsize = com.kms.katalon.core.webui.keyword.WebUiBuiltInKeywords.getNumberOfTotalOption(batchlength): 11 options of object '' counted

2018-05-16 18:35:14 - [MESSAGE][PASSED] - 11 options of object '' counted

2018-05-16 18:35:14 - [TEST_STEP][PASSED] - Statement - out.println("BatchSize : " + batchsize): null

2018-05-16 18:35:14 - [TEST_STEP][PASSED] - Statement - For ([n = 1, n <= batchsize - 1, (n++)]): null

2018-05-16 18:35:14 - [TEST_STEP][PASSED] - Statement - product = new com.kms.katalon.core.testobject.TestObject(): null

2018-05-16 18:35:14 - [TEST_STEP][PASSED] - Statement - product = com.kms.katalon.core.webui.keyword.WebUiBuiltInKeywords.modifyObjectProperty(product, "xpath", "equals", "//*[@id = "fldvendor" + row + ""]", true): Modify property of object successfully

2018-05-16 18:35:14 - [MESSAGE][PASSED] - Modify property of object successfully

2018-05-16 18:35:14 - [TEST_STEP][PASSED] - selectOptionByIndex: All options with index in [1] are selected on object ''

2018-05-16 18:35:14 - [MESSAGE][PASSED] - All options with index in [1] are selected on object ''

2018-05-16 18:35:14 - [TEST_STEP][PASSED] - Statement - batch = new com.kms.katalon.core.testobject.TestObject(): null

2018-05-16 18:35:14 - [TEST_STEP][PASSED] - Statement - batch = com.kms.katalon.core.webui.keyword.WebUiBuiltInKeywords.modifyObjectProperty(batch, "xpath", "equals", "//*[@id = "txtbthqty" + row + ""]", true): Modify property of object successfully

2018-05-16 18:35:14 - [MESSAGE][PASSED] - Modify property of object successfully

2018-05-16 18:35:14 - [TEST_STEP][PASSED] - Statement - batchqty = com.kms.katalon.core.webui.keyword.WebUiBuiltInKeywords.getAttribute(batch, "value").trim(): Attribute 'value' of object '' is: '500'

2018-05-16 18:35:14 - [MESSAGE][PASSED] - Attribute 'value' of object '' is: '500'

2018-05-16 18:35:14 - [TEST_STEP][PASSED] - Statement - Rqty = 10000: null

2018-05-16 18:35:14 - [TEST_STEP][PASSED] - delay: Delayed 2 second(s)

2018-05-16 18:35:16 - [MESSAGE][PASSED] - Delayed 2 second(s)

2018-05-16 18:35:16 - [TEST_STEP][PASSED] - Statement - out.println("BatchQty : " + batchqty): null

2018-05-16 18:35:16 - [TEST_STEP][PASSED] - Statement - out.println("RQty : " + Rqty): null

2018-05-16 18:35:16 - [TEST_STEP][PASSED] - Statement - If (java.lang.Integer.valueOf(batchqty) >= java.lang.Integer.valueOf(Rqty)): null

2018-05-16 18:35:16 - [TEST_STEP][PASSED] - Statement - Else: null

2018-05-16 18:35:16 - [TEST_STEP][PASSED] - Statement - out.println("Batchqty Is Less Than Rqty"): null

2018-05-16 18:35:16 - [TEST_STEP][PASSED] - Statement - product = new com.kms.katalon.core.testobject.TestObject(): null

2018-05-16 18:35:16 - [TEST_STEP][PASSED] - Statement - product = com.kms.katalon.core.webui.keyword.WebUiBuiltInKeywords.modifyObjectProperty(product, "xpath", "equals", "//*[@id = "fldvendor" + row + ""]", true): Modify property of object successfully

2018-05-16 18:35:16 - [MESSAGE][PASSED] - Modify property of object successfully

2018-05-16 18:35:16 - [TEST_STEP][PASSED] - selectOptionByIndex: All options with index in [2] are selected on object ''

2018-05-16 18:35:16 - [MESSAGE][PASSED] - All options with index in [2] are selected on object ''

2018-05-16 18:35:16 - [TEST_STEP][PASSED] - Statement - batch = new com.kms.katalon.core.testobject.TestObject(): null

2018-05-16 18:35:16 - [TEST_STEP][PASSED] - Statement - batch = com.kms.katalon.core.webui.keyword.WebUiBuiltInKeywords.modifyObjectProperty(batch, "xpath", "equals", "//*[@id = "txtbthqty" + row + ""]", true): Modify property of object successfully

2018-05-16 18:35:16 - [MESSAGE][PASSED] - Modify property of object successfully

2018-05-16 18:35:16 - [TEST_STEP][PASSED] - Statement - batchqty = com.kms.katalon.core.webui.keyword.WebUiBuiltInKeywords.getAttribute(batch, "value").trim(): Attribute 'value' of object '' is: '5000'

2018-05-16 18:35:16 - [MESSAGE][PASSED] - Attribute 'value' of object '' is: '5000'

2018-05-16 18:35:16 - [TEST_STEP][PASSED] - Statement - Rqty = 10000: null

2018-05-16 18:35:16 - [TEST_STEP][PASSED] - delay: Delayed 2 second(s)

2018-05-16 18:35:18 - [MESSAGE][PASSED] - Delayed 2 second(s)

2018-05-16 18:35:18 - [TEST_STEP][PASSED] - Statement - out.println("BatchQty : " + batchqty): null

2018-05-16 18:35:18 - [TEST_STEP][PASSED] - Statement - out.println("RQty : " + Rqty): null

2018-05-16 18:35:18 - [TEST_STEP][PASSED] - Statement - If (java.lang.Integer.valueOf(batchqty) >= java.lang.Integer.valueOf(Rqty)): null

2018-05-16 18:35:18 - [TEST_STEP][PASSED] - Statement - Else: null

2018-05-16 18:35:18 - [TEST_STEP][PASSED] - Statement - out.println("Batchqty Is Less Than Rqty"): null

2018-05-16 18:35:18 - [TEST_STEP][PASSED] - Statement - product = new com.kms.katalon.core.testobject.TestObject(): null

2018-05-16 18:35:18 - [TEST_STEP][PASSED] - Statement - product = com.kms.katalon.core.webui.keyword.WebUiBuiltInKeywords.modifyObjectProperty(product, "xpath", "equals", "//*[@id = "fldvendor" + row + ""]", true): Modify property of object successfully

2018-05-16 18:35:18 - [MESSAGE][PASSED] - Modify property of object successfully

2018-05-16 18:35:18 - [TEST_STEP][PASSED] - selectOptionByIndex: All options with index in [3] are selected on object ''

2018-05-16 18:35:19 - [MESSAGE][PASSED] - All options with index in [3] are selected on object ''

2018-05-16 18:35:19 - [TEST_STEP][PASSED] - Statement - batch = new com.kms.katalon.core.testobject.TestObject(): null

2018-05-16 18:35:19 - [TEST_STEP][PASSED] - Statement - batch = com.kms.katalon.core.webui.keyword.WebUiBuiltInKeywords.modifyObjectProperty(batch, "xpath", "equals", "//*[@id = "txtbthqty" + row + ""]", true): Modify property of object successfully

2018-05-16 18:35:19 - [MESSAGE][PASSED] - Modify property of object successfully

2018-05-16 18:35:19 - [TEST_STEP][PASSED] - Statement - batchqty = com.kms.katalon.core.webui.keyword.WebUiBuiltInKeywords.getAttribute(batch, "value").trim(): Attribute 'value' of object '' is: '3000'

2018-05-16 18:35:19 - [MESSAGE][PASSED] - Attribute 'value' of object '' is: '3000'

2018-05-16 18:35:19 - [TEST_STEP][PASSED] - Statement - Rqty = 10000: null

2018-05-16 18:35:19 - [TEST_STEP][PASSED] - delay: Delayed 2 second(s)

2018-05-16 18:35:21 - [MESSAGE][PASSED] - Delayed 2 second(s)

2018-05-16 18:35:21 - [TEST_STEP][PASSED] - Statement - out.println("BatchQty : " + batchqty): null

2018-05-16 18:35:21 - [TEST_STEP][PASSED] - Statement - out.println("RQty : " + Rqty): null

2018-05-16 18:35:21 - [TEST_STEP][PASSED] - Statement - If (java.lang.Integer.valueOf(batchqty) >= java.lang.Integer.valueOf(Rqty)): null

2018-05-16 18:35:21 - [TEST_STEP][PASSED] - Statement - Else: null

2018-05-16 18:35:21 - [TEST_STEP][PASSED] - Statement - out.println("Batchqty Is Less Than Rqty"): null

2018-05-16 18:35:21 - [TEST_STEP][PASSED] - Statement - product = new com.kms.katalon.core.testobject.TestObject(): null

2018-05-16 18:35:21 - [TEST_STEP][PASSED] - Statement - product = com.kms.katalon.core.webui.keyword.WebUiBuiltInKeywords.modifyObjectProperty(product, "xpath", "equals", "//*[@id = "fldvendor" + row + ""]", true): Modify property of object successfully

2018-05-16 18:35:21 - [MESSAGE][PASSED] - Modify property of object successfully

2018-05-16 18:35:21 - [TEST_STEP][PASSED] - selectOptionByIndex: All options with index in [4] are selected on object ''

2018-05-16 18:35:21 - [MESSAGE][PASSED] - All options with index in [4] are selected on object ''

2018-05-16 18:35:21 - [TEST_STEP][PASSED] - Statement - batch = new com.kms.katalon.core.testobject.TestObject(): null

2018-05-16 18:35:21 - [TEST_STEP][PASSED] - Statement - batch = com.kms.katalon.core.webui.keyword.WebUiBuiltInKeywords.modifyObjectProperty(batch, "xpath", "equals", "//*[@id = "txtbthqty" + row + ""]", true): Modify property of object successfully

2018-05-16 18:35:21 - [MESSAGE][PASSED] - Modify property of object successfully

2018-05-16 18:35:21 - [TEST_STEP][PASSED] - Statement - batchqty = com.kms.katalon.core.webui.keyword.WebUiBuiltInKeywords.getAttribute(batch, "value").trim(): Attribute 'value' of object '' is: '39900'

2018-05-16 18:35:21 - [MESSAGE][PASSED] - Attribute 'value' of object '' is: '39900'

2018-05-16 18:35:21 - [TEST_STEP][PASSED] - Statement - Rqty = 10000: null

2018-05-16 18:35:21 - [TEST_STEP][PASSED] - delay: Delayed 2 second(s)

2018-05-16 18:35:23 - [MESSAGE][PASSED] - Delayed 2 second(s)

2018-05-16 18:35:23 - [TEST_STEP][PASSED] - Statement - out.println("BatchQty : " + batchqty): null

2018-05-16 18:35:23 - [TEST_STEP][PASSED] - Statement - out.println("RQty : " + Rqty): null

2018-05-16 18:35:23 - [TEST_STEP][PASSED] - Statement - If (java.lang.Integer.valueOf(batchqty) >= java.lang.Integer.valueOf(Rqty)): null

2018-05-16 18:35:23 - [TEST_STEP][PASSED] - Statement - Break: null

2018-05-16 18:35:23 - [TEST_STEP][PASSED] - Statement - batchlength = new com.kms.katalon.core.testobject.TestObject(): null

2018-05-16 18:35:23 - [TEST_STEP][PASSED] - Statement - batchlength = com.kms.katalon.core.webui.keyword.WebUiBuiltInKeywords.modifyObjectProperty(batchlength, "xpath", "equals", "//*[@id = "fldvendor" + row + ""]", true): Modify property of object successfully

2018-05-16 18:35:23 - [MESSAGE][PASSED] - Modify property of object successfully

2018-05-16 18:35:23 - [TEST_STEP][PASSED] - Statement - batchsize = com.kms.katalon.core.webui.keyword.WebUiBuiltInKeywords.getNumberOfTotalOption(batchlength): 11 options of object '' counted

2018-05-16 18:35:23 - [MESSAGE][PASSED] - 11 options of object '' counted

2018-05-16 18:35:23 - [TEST_STEP][PASSED] - Statement - out.println("BatchSize : " + batchsize): null

2018-05-16 18:35:23 - [TEST_STEP][PASSED] - Statement - For ([n = 1, n <= batchsize - 1, (n++)]): null

2018-05-16 18:35:23 - [TEST_STEP][PASSED] - Statement - product = new com.kms.katalon.core.testobject.TestObject(): null

2018-05-16 18:35:23 - [TEST_STEP][PASSED] - Statement - product = com.kms.katalon.core.webui.keyword.WebUiBuiltInKeywords.modifyObjectProperty(product, "xpath", "equals", "//*[@id = "fldvendor" + row + ""]", true): Modify property of object successfully

2018-05-16 18:35:23 - [MESSAGE][PASSED] - Modify property of object successfully

2018-05-16 18:35:23 - [TEST_STEP][PASSED] - selectOptionByIndex: All options with index in [1] are selected on object ''

2018-05-16 18:35:23 - [MESSAGE][PASSED] - All options with index in [1] are selected on object ''

2018-05-16 18:35:23 - [TEST_STEP][PASSED] - Statement - batch = new com.kms.katalon.core.testobject.TestObject(): null

2018-05-16 18:35:23 - [TEST_STEP][PASSED] - Statement - batch = com.kms.katalon.core.webui.keyword.WebUiBuiltInKeywords.modifyObjectProperty(batch, "xpath", "equals", "//*[@id = "txtbthqty" + row + ""]", true): Modify property of object successfully

2018-05-16 18:35:23 - [MESSAGE][PASSED] - Modify property of object successfully

2018-05-16 18:35:23 - [TEST_STEP][PASSED] - Statement - batchqty = com.kms.katalon.core.webui.keyword.WebUiBuiltInKeywords.getAttribute(batch, "value").trim(): Attribute 'value' of object '' is: '4000'

2018-05-16 18:35:23 - [MESSAGE][PASSED] - Attribute 'value' of object '' is: '4000'

2018-05-16 18:35:23 - [TEST_STEP][PASSED] - Statement - Rqty = 10000: null

2018-05-16 18:35:23 - [TEST_STEP][PASSED] - delay: Delayed 2 second(s)

2018-05-16 18:35:25 - [MESSAGE][PASSED] - Delayed 2 second(s)

2018-05-16 18:35:25 - [TEST_STEP][PASSED] - Statement - out.println("BatchQty : " + batchqty): null

2018-05-16 18:35:25 - [TEST_STEP][PASSED] - Statement - out.println("RQty : " + Rqty): null

2018-05-16 18:35:25 - [TEST_STEP][PASSED] - Statement - If (java.lang.Integer.valueOf(batchqty) >= java.lang.Integer.valueOf(Rqty)): null

2018-05-16 18:35:25 - [TEST_STEP][PASSED] - Statement - Else: null

2018-05-16 18:35:25 - [TEST_STEP][PASSED] - Statement - out.println("Batchqty Is Less Than Rqty"): null

2018-05-16 18:35:25 - [TEST_STEP][PASSED] - Statement - product = new com.kms.katalon.core.testobject.TestObject(): null

2018-05-16 18:35:25 - [TEST_STEP][PASSED] - Statement - product = com.kms.katalon.core.webui.keyword.WebUiBuiltInKeywords.modifyObjectProperty(product, "xpath", "equals", "//*[@id = "fldvendor" + row + ""]", true): Modify property of object successfully

2018-05-16 18:35:25 - [MESSAGE][PASSED] - Modify property of object successfully

2018-05-16 18:35:25 - [TEST_STEP][PASSED] - selectOptionByIndex: All options with index in [2] are selected on object ''

2018-05-16 18:35:25 - [MESSAGE][PASSED] - All options with index in [2] are selected on object ''

2018-05-16 18:35:25 - [TEST_STEP][PASSED] - Statement - batch = new com.kms.katalon.core.testobject.TestObject(): null

2018-05-16 18:35:25 - [TEST_STEP][PASSED] - Statement - batch = com.kms.katalon.core.webui.keyword.WebUiBuiltInKeywords.modifyObjectProperty(batch, "xpath", "equals", "//*[@id = "txtbthqty" + row + ""]", true): Modify property of object successfully

2018-05-16 18:35:25 - [MESSAGE][PASSED] - Modify property of object successfully

2018-05-16 18:35:25 - [TEST_STEP][PASSED] - Statement - batchqty = com.kms.katalon.core.webui.keyword.WebUiBuiltInKeywords.getAttribute(batch, "value").trim(): Attribute 'value' of object '' is: '39900'

2018-05-16 18:35:25 - [MESSAGE][PASSED] - Attribute 'value' of object '' is: '39900'

2018-05-16 18:35:25 - [TEST_STEP][PASSED] - Statement - Rqty = 10000: null

2018-05-16 18:35:25 - [TEST_STEP][PASSED] - delay: Delayed 2 second(s)

2018-05-16 18:35:27 - [MESSAGE][PASSED] - Delayed 2 second(s)

2018-05-16 18:35:27 - [TEST_STEP][PASSED] - Statement - out.println("BatchQty : " + batchqty): null

2018-05-16 18:35:27 - [TEST_STEP][PASSED] - Statement - out.println("RQty : " + Rqty): null

2018-05-16 18:35:27 - [TEST_STEP][PASSED] - Statement - If (java.lang.Integer.valueOf(batchqty) >= java.lang.Integer.valueOf(Rqty)): null

2018-05-16 18:35:27 - [TEST_STEP][PASSED] - Statement - Break: null

2018-05-16 18:35:27 - [TEST_STEP][PASSED] - Statement - batchlength = new com.kms.katalon.core.testobject.TestObject(): null

2018-05-16 18:35:27 - [TEST_STEP][PASSED] - Statement - batchlength = com.kms.katalon.core.webui.keyword.WebUiBuiltInKeywords.modifyObjectProperty(batchlength, "xpath", "equals", "//*[@id = "fldvendor" + row + ""]", true): Modify property of object successfully

2018-05-16 18:35:27 - [MESSAGE][PASSED] - Modify property of object successfully

2018-05-16 18:35:27 - [TEST_STEP][PASSED] - Statement - batchsize = com.kms.katalon.core.webui.keyword.WebUiBuiltInKeywords.getNumberOfTotalOption(batchlength): 11 options of object '' counted

2018-05-16 18:35:27 - [MESSAGE][PASSED] - 11 options of object '' counted

2018-05-16 18:35:27 - [TEST_STEP][PASSED] - Statement - out.println("BatchSize : " + batchsize): null

2018-05-16 18:35:27 - [TEST_STEP][PASSED] - Statement - For ([n = 1, n <= batchsize - 1, (n++)]): null

2018-05-16 18:35:27 - [TEST_STEP][PASSED] - Statement - product = new com.kms.katalon.core.testobject.TestObject(): null

2018-05-16 18:35:27 - [TEST_STEP][PASSED] - Statement - product = com.kms.katalon.core.webui.keyword.WebUiBuiltInKeywords.modifyObjectProperty(product, "xpath", "equals", "//*[@id = "fldvendor" + row + ""]", true): Modify property of object successfully

2018-05-16 18:35:27 - [MESSAGE][PASSED] - Modify property of object successfully

2018-05-16 18:35:27 - [TEST_STEP][PASSED] - selectOptionByIndex: All options with index in [1] are selected on object ''

2018-05-16 18:35:28 - [MESSAGE][PASSED] - All options with index in [1] are selected on object ''

2018-05-16 18:35:28 - [TEST_STEP][PASSED] - Statement - batch = new com.kms.katalon.core.testobject.TestObject(): null

2018-05-16 18:35:28 - [TEST_STEP][PASSED] - Statement - batch = com.kms.katalon.core.webui.keyword.WebUiBuiltInKeywords.modifyObjectProperty(batch, "xpath", "equals", "//*[@id = "txtbthqty" + row + ""]", true): Modify property of object successfully

2018-05-16 18:35:28 - [MESSAGE][PASSED] - Modify property of object successfully

2018-05-16 18:35:28 - [TEST_STEP][PASSED] - Statement - batchqty = com.kms.katalon.core.webui.keyword.WebUiBuiltInKeywords.getAttribute(batch, "value").trim(): Attribute 'value' of object '' is: '38900'

2018-05-16 18:35:28 - [MESSAGE][PASSED] - Attribute 'value' of object '' is: '38900'

2018-05-16 18:35:28 - [TEST_STEP][PASSED] - Statement - Rqty = 10000: null

2018-05-16 18:35:28 - [TEST_STEP][PASSED] - delay: Delayed 2 second(s)

2018-05-16 18:35:30 - [MESSAGE][PASSED] - Delayed 2 second(s)

2018-05-16 18:35:30 - [TEST_STEP][PASSED] - Statement - out.println("BatchQty : " + batchqty): null

2018-05-16 18:35:30 - [TEST_STEP][PASSED] - Statement - out.println("RQty : " + Rqty): null

2018-05-16 18:35:30 - [TEST_STEP][PASSED] - Statement - If (java.lang.Integer.valueOf(batchqty) >= java.lang.Integer.valueOf(Rqty)): null

2018-05-16 18:35:30 - [TEST_STEP][PASSED] - Statement - Break: null

2018-05-16 18:35:30 - [TEST_STEP][PASSED] - Statement - batchlength = new com.kms.katalon.core.testobject.TestObject(): null

2018-05-16 18:35:30 - [TEST_STEP][PASSED] - Statement - batchlength = com.kms.katalon.core.webui.keyword.WebUiBuiltInKeywords.modifyObjectProperty(batchlength, "xpath", "equals", "//*[@id = "fldvendor" + row + ""]", true): Modify property of object successfully

2018-05-16 18:35:30 - [MESSAGE][PASSED] - Modify property of object successfully

2018-05-16 18:35:30 - [TEST_STEP][PASSED] - Statement - batchsize = com.kms.katalon.core.webui.keyword.WebUiBuiltInKeywords.getNumberOfTotalOption(batchlength): 11 options of object '' counted

2018-05-16 18:35:30 - [MESSAGE][PASSED] - 11 options of object '' counted

2018-05-16 18:35:30 - [TEST_STEP][PASSED] - Statement - out.println("BatchSize : " + batchsize): null

2018-05-16 18:35:30 - [TEST_STEP][PASSED] - Statement - For ([n = 1, n <= batchsize - 1, (n++)]): null

2018-05-16 18:35:30 - [TEST_STEP][PASSED] - Statement - product = new com.kms.katalon.core.testobject.TestObject(): null

2018-05-16 18:35:30 - [TEST_STEP][PASSED] - Statement - product = com.kms.katalon.core.webui.keyword.WebUiBuiltInKeywords.modifyObjectProperty(product, "xpath", "equals", "//*[@id = "fldvendor" + row + ""]", true): Modify property of object successfully

2018-05-16 18:35:30 - [MESSAGE][PASSED] - Modify property of object successfully

2018-05-16 18:35:30 - [TEST_STEP][PASSED] - selectOptionByIndex: All options with index in [1] are selected on object ''

2018-05-16 18:35:30 - [MESSAGE][PASSED] - All options with index in [1] are selected on object ''

2018-05-16 18:35:30 - [TEST_STEP][PASSED] - Statement - batch = new com.kms.katalon.core.testobject.TestObject(): null

2018-05-16 18:35:30 - [TEST_STEP][PASSED] - Statement - batch = com.kms.katalon.core.webui.keyword.WebUiBuiltInKeywords.modifyObjectProperty(batch, "xpath", "equals", "//*[@id = "txtbthqty" + row + ""]", true): Modify property of object successfully

2018-05-16 18:35:30 - [MESSAGE][PASSED] - Modify property of object successfully

2018-05-16 18:35:30 - [TEST_STEP][PASSED] - Statement - batchqty = com.kms.katalon.core.webui.keyword.WebUiBuiltInKeywords.getAttribute(batch, "value").trim(): Attribute 'value' of object '' is: '5000'

2018-05-16 18:35:30 - [MESSAGE][PASSED] - Attribute 'value' of object '' is: '5000'

2018-05-16 18:35:30 - [TEST_STEP][PASSED] - Statement - Rqty = 10000: null

2018-05-16 18:35:30 - [TEST_STEP][PASSED] - delay: Delayed 2 second(s)

2018-05-16 18:35:32 - [MESSAGE][PASSED] - Delayed 2 second(s)

2018-05-16 18:35:32 - [TEST_STEP][PASSED] - Statement - out.println("BatchQty : " + batchqty): null

2018-05-16 18:35:32 - [TEST_STEP][PASSED] - Statement - out.println("RQty : " + Rqty): null

2018-05-16 18:35:32 - [TEST_STEP][PASSED] - Statement - If (java.lang.Integer.valueOf(batchqty) >= java.lang.Integer.valueOf(Rqty)): null

2018-05-16 18:35:32 - [TEST_STEP][PASSED] - Statement - Else: null

2018-05-16 18:35:32 - [TEST_STEP][PASSED] - Statement - out.println("Batchqty Is Less Than Rqty"): null

2018-05-16 18:35:32 - [TEST_STEP][PASSED] - Statement - product = new com.kms.katalon.core.testobject.TestObject(): null

2018-05-16 18:35:32 - [TEST_STEP][PASSED] - Statement - product = com.kms.katalon.core.webui.keyword.WebUiBuiltInKeywords.modifyObjectProperty(product, "xpath", "equals", "//*[@id = "fldvendor" + row + ""]", true): Modify property of object successfully

2018-05-16 18:35:32 - [MESSAGE][PASSED] - Modify property of object successfully

2018-05-16 18:35:32 - [TEST_STEP][PASSED] - selectOptionByIndex: All options with index in [2] are selected on object ''

2018-05-16 18:35:32 - [MESSAGE][PASSED] - All options with index in [2] are selected on object ''

2018-05-16 18:35:32 - [TEST_STEP][PASSED] - Statement - batch = new com.kms.katalon.core.testobject.TestObject(): null

2018-05-16 18:35:32 - [TEST_STEP][PASSED] - Statement - batch = com.kms.katalon.core.webui.keyword.WebUiBuiltInKeywords.modifyObjectProperty(batch, "xpath", "equals", "//*[@id = "txtbthqty" + row + ""]", true): Modify property of object successfully

2018-05-16 18:35:32 - [MESSAGE][PASSED] - Modify property of object successfully

2018-05-16 18:35:32 - [TEST_STEP][PASSED] - Statement - batchqty = com.kms.katalon.core.webui.keyword.WebUiBuiltInKeywords.getAttribute(batch, "value").trim(): Attribute 'value' of object '' is: '5000'

2018-05-16 18:35:32 - [MESSAGE][PASSED] - Attribute 'value' of object '' is: '5000'

2018-05-16 18:35:32 - [TEST_STEP][PASSED] - Statement - Rqty = 10000: null

2018-05-16 18:35:32 - [TEST_STEP][PASSED] - delay: Delayed 2 second(s)

2018-05-16 18:35:34 - [MESSAGE][PASSED] - Delayed 2 second(s)

2018-05-16 18:35:34 - [TEST_STEP][PASSED] - Statement - out.println("BatchQty : " + batchqty): null

2018-05-16 18:35:34 - [TEST_STEP][PASSED] - Statement - out.println("RQty : " + Rqty): null

2018-05-16 18:35:34 - [TEST_STEP][PASSED] - Statement - If (java.lang.Integer.valueOf(batchqty) >= java.lang.Integer.valueOf(Rqty)): null

2018-05-16 18:35:34 - [TEST_STEP][PASSED] - Statement - Else: null

2018-05-16 18:35:34 - [TEST_STEP][PASSED] - Statement - out.println("Batchqty Is Less Than Rqty"): null

2018-05-16 18:35:34 - [TEST_STEP][PASSED] - Statement - product = new com.kms.katalon.core.testobject.TestObject(): null

2018-05-16 18:35:34 - [TEST_STEP][PASSED] - Statement - product = com.kms.katalon.core.webui.keyword.WebUiBuiltInKeywords.modifyObjectProperty(product, "xpath", "equals", "//*[@id = "fldvendor" + row + ""]", true): Modify property of object successfully

2018-05-16 18:35:34 - [MESSAGE][PASSED] - Modify property of object successfully

2018-05-16 18:35:34 - [TEST_STEP][PASSED] - selectOptionByIndex: All options with index in [3] are selected on object ''

2018-05-16 18:35:34 - [MESSAGE][PASSED] - All options with index in [3] are selected on object ''

2018-05-16 18:35:34 - [TEST_STEP][PASSED] - Statement - batch = new com.kms.katalon.core.testobject.TestObject(): null

2018-05-16 18:35:34 - [TEST_STEP][PASSED] - Statement - batch = com.kms.katalon.core.webui.keyword.WebUiBuiltInKeywords.modifyObjectProperty(batch, "xpath", "equals", "//*[@id = "txtbthqty" + row + ""]", true): Modify property of object successfully

2018-05-16 18:35:34 - [MESSAGE][PASSED] - Modify property of object successfully

2018-05-16 18:35:34 - [TEST_STEP][PASSED] - Statement - batchqty = com.kms.katalon.core.webui.keyword.WebUiBuiltInKeywords.getAttribute(batch, "value").trim(): Attribute 'value' of object '' is: '5000'

2018-05-16 18:35:34 - [MESSAGE][PASSED] - Attribute 'value' of object '' is: '5000'

2018-05-16 18:35:34 - [TEST_STEP][PASSED] - Statement - Rqty = 10000: null

2018-05-16 18:35:34 - [TEST_STEP][PASSED] - delay: Delayed 2 second(s)

2018-05-16 18:35:36 - [MESSAGE][PASSED] - Delayed 2 second(s)

2018-05-16 18:35:36 - [TEST_STEP][PASSED] - Statement - out.println("BatchQty : " + batchqty): null

2018-05-16 18:35:36 - [TEST_STEP][PASSED] - Statement - out.println("RQty : " + Rqty): null

2018-05-16 18:35:36 - [TEST_STEP][PASSED] - Statement - If (java.lang.Integer.valueOf(batchqty) >= java.lang.Integer.valueOf(Rqty)): null

2018-05-16 18:35:36 - [TEST_STEP][PASSED] - Statement - Else: null

2018-05-16 18:35:36 - [TEST_STEP][PASSED] - Statement - out.println("Batchqty Is Less Than Rqty"): null

2018-05-16 18:35:36 - [TEST_STEP][PASSED] - Statement - product = new com.kms.katalon.core.testobject.TestObject(): null

2018-05-16 18:35:36 - [TEST_STEP][PASSED] - Statement - product = com.kms.katalon.core.webui.keyword.WebUiBuiltInKeywords.modifyObjectProperty(product, "xpath", "equals", "//*[@id = "fldvendor" + row + ""]", true): Modify property of object successfully

2018-05-16 18:35:36 - [MESSAGE][PASSED] - Modify property of object successfully

2018-05-16 18:35:36 - [TEST_STEP][PASSED] - selectOptionByIndex: All options with index in [4] are selected on object ''

2018-05-16 18:35:36 - [MESSAGE][PASSED] - All options with index in [4] are selected on object ''

2018-05-16 18:35:36 - [TEST_STEP][PASSED] - Statement - batch = new com.kms.katalon.core.testobject.TestObject(): null

2018-05-16 18:35:36 - [TEST_STEP][PASSED] - Statement - batch = com.kms.katalon.core.webui.keyword.WebUiBuiltInKeywords.modifyObjectProperty(batch, "xpath", "equals", "//*[@id = "txtbthqty" + row + ""]", true): Modify property of object successfully

2018-05-16 18:35:36 - [MESSAGE][PASSED] - Modify property of object successfully

2018-05-16 18:35:36 - [TEST_STEP][PASSED] - Statement - batchqty = com.kms.katalon.core.webui.keyword.WebUiBuiltInKeywords.getAttribute(batch, "value").trim(): Attribute 'value' of object '' is: '38900'

2018-05-16 18:35:36 - [MESSAGE][PASSED] - Attribute 'value' of object '' is: '38900'

2018-05-16 18:35:36 - [TEST_STEP][PASSED] - Statement - Rqty = 10000: null

2018-05-16 18:35:36 - [TEST_STEP][PASSED] - delay: Delayed 2 second(s)

2018-05-16 18:35:38 - [MESSAGE][PASSED] - Delayed 2 second(s)

2018-05-16 18:35:38 - [TEST_STEP][PASSED] - Statement - out.println("BatchQty : " + batchqty): null

2018-05-16 18:35:39 - [TEST_STEP][PASSED] - Statement - out.println("RQty : " + Rqty): null

2018-05-16 18:35:39 - [TEST_STEP][PASSED] - Statement - If (java.lang.Integer.valueOf(batchqty) >= java.lang.Integer.valueOf(Rqty)): null

2018-05-16 18:35:39 - [TEST_STEP][PASSED] - Statement - Break: null

2018-05-16 18:35:39 - [TEST_STEP][PASSED] - Statement - batchlength = new com.kms.katalon.core.testobject.TestObject(): null

2018-05-16 18:35:39 - [TEST_STEP][PASSED] - Statement - batchlength = com.kms.katalon.core.webui.keyword.WebUiBuiltInKeywords.modifyObjectProperty(batchlength, "xpath", "equals", "//*[@id = "fldvendor" + row + ""]", true): Modify property of object successfully

2018-05-16 18:35:39 - [MESSAGE][PASSED] - Modify property of object successfully

2018-05-16 18:35:39 - [TEST_STEP][PASSED] - Statement - batchsize = com.kms.katalon.core.webui.keyword.WebUiBuiltInKeywords.getNumberOfTotalOption(batchlength): 11 options of object '' counted

2018-05-16 18:35:39 - [MESSAGE][PASSED] - 11 options of object '' counted

2018-05-16 18:35:39 - [TEST_STEP][PASSED] - Statement - out.println("BatchSize : " + batchsize): null

2018-05-16 18:35:39 - [TEST_STEP][PASSED] - Statement - For ([n = 1, n <= batchsize - 1, (n++)]): null

2018-05-16 18:35:39 - [TEST_STEP][PASSED] - Statement - product = new com.kms.katalon.core.testobject.TestObject(): null

2018-05-16 18:35:39 - [TEST_STEP][PASSED] - Statement - product = com.kms.katalon.core.webui.keyword.WebUiBuiltInKeywords.modifyObjectProperty(product, "xpath", "equals", "//*[@id = "fldvendor" + row + ""]", true): Modify property of object successfully

2018-05-16 18:35:39 - [MESSAGE][PASSED] - Modify property of object successfully

2018-05-16 18:35:39 - [TEST_STEP][PASSED] - selectOptionByIndex: All options with index in [1] are selected on object ''

2018-05-16 18:35:39 - [MESSAGE][PASSED] - All options with index in [1] are selected on object ''

2018-05-16 18:35:39 - [TEST_STEP][PASSED] - Statement - batch = new com.kms.katalon.core.testobject.TestObject(): null

2018-05-16 18:35:39 - [TEST_STEP][PASSED] - Statement - batch = com.kms.katalon.core.webui.keyword.WebUiBuiltInKeywords.modifyObjectProperty(batch, "xpath", "equals", "//*[@id = "txtbthqty" + row + ""]", true): Modify property of object successfully

2018-05-16 18:35:39 - [MESSAGE][PASSED] - Modify property of object successfully

2018-05-16 18:35:39 - [TEST_STEP][PASSED] - Statement - batchqty = com.kms.katalon.core.webui.keyword.WebUiBuiltInKeywords.getAttribute(batch, "value").trim(): Attribute 'value' of object '' is: '500'

2018-05-16 18:35:39 - [MESSAGE][PASSED] - Attribute 'value' of object '' is: '500'

2018-05-16 18:35:39 - [TEST_STEP][PASSED] - Statement - Rqty = 10000: null

2018-05-16 18:35:39 - [TEST_STEP][PASSED] - delay: Delayed 2 second(s)

2018-05-16 18:35:41 - [MESSAGE][PASSED] - Delayed 2 second(s)

2018-05-16 18:35:41 - [TEST_STEP][PASSED] - Statement - out.println("BatchQty : " + batchqty): null

2018-05-16 18:35:41 - [TEST_STEP][PASSED] - Statement - out.println("RQty : " + Rqty): null

2018-05-16 18:35:41 - [TEST_STEP][PASSED] - Statement - If (java.lang.Integer.valueOf(batchqty) >= java.lang.Integer.valueOf(Rqty)): null

2018-05-16 18:35:41 - [TEST_STEP][PASSED] - Statement - Else: null

2018-05-16 18:35:41 - [TEST_STEP][PASSED] - Statement - out.println("Batchqty Is Less Than Rqty"): null

2018-05-16 18:35:41 - [TEST_STEP][PASSED] - Statement - product = new com.kms.katalon.core.testobject.TestObject(): null

2018-05-16 18:35:41 - [TEST_STEP][PASSED] - Statement - product = com.kms.katalon.core.webui.keyword.WebUiBuiltInKeywords.modifyObjectProperty(product, "xpath", "equals", "//*[@id = "fldvendor" + row + ""]", true): Modify property of object successfully

2018-05-16 18:35:41 - [MESSAGE][PASSED] - Modify property of object successfully

2018-05-16 18:35:41 - [TEST_STEP][PASSED] - selectOptionByIndex: All options with index in [2] are selected on object ''

2018-05-16 18:35:41 - [MESSAGE][PASSED] - All options with index in [2] are selected on object ''

2018-05-16 18:35:41 - [TEST_STEP][PASSED] - Statement - batch = new com.kms.katalon.core.testobject.TestObject(): null

2018-05-16 18:35:41 - [TEST_STEP][PASSED] - Statement - batch = com.kms.katalon.core.webui.keyword.WebUiBuiltInKeywords.modifyObjectProperty(batch, "xpath", "equals", "//*[@id = "txtbthqty" + row + ""]", true): Modify property of object successfully

2018-05-16 18:35:41 - [MESSAGE][PASSED] - Modify property of object successfully

2018-05-16 18:35:41 - [TEST_STEP][PASSED] - Statement - batchqty = com.kms.katalon.core.webui.keyword.WebUiBuiltInKeywords.getAttribute(batch, "value").trim(): Attribute 'value' of object '' is: '4000'

2018-05-16 18:35:41 - [MESSAGE][PASSED] - Attribute 'value' of object '' is: '4000'

2018-05-16 18:35:41 - [TEST_STEP][PASSED] - Statement - Rqty = 10000: null

2018-05-16 18:35:41 - [TEST_STEP][PASSED] - delay: Delayed 2 second(s)

2018-05-16 18:35:43 - [MESSAGE][PASSED] - Delayed 2 second(s)

2018-05-16 18:35:43 - [TEST_STEP][PASSED] - Statement - out.println("BatchQty : " + batchqty): null

2018-05-16 18:35:43 - [TEST_STEP][PASSED] - Statement - out.println("RQty : " + Rqty): null

2018-05-16 18:35:43 - [TEST_STEP][PASSED] - Statement - If (java.lang.Integer.valueOf(batchqty) >= java.lang.Integer.valueOf(Rqty)): null

2018-05-16 18:35:43 - [TEST_STEP][PASSED] - Statement - Else: null

2018-05-16 18:35:43 - [TEST_STEP][PASSED] - Statement - out.println("Batchqty Is Less Than Rqty"): null

2018-05-16 18:35:43 - [TEST_STEP][PASSED] - Statement - product = new com.kms.katalon.core.testobject.TestObject(): null

2018-05-16 18:35:43 - [TEST_STEP][PASSED] - Statement - product = com.kms.katalon.core.webui.keyword.WebUiBuiltInKeywords.modifyObjectProperty(product, "xpath", "equals", "//*[@id = "fldvendor" + row + ""]", true): Modify property of object successfully

2018-05-16 18:35:43 - [MESSAGE][PASSED] - Modify property of object successfully

2018-05-16 18:35:43 - [TEST_STEP][PASSED] - selectOptionByIndex: All options with index in [3] are selected on object ''

2018-05-16 18:35:43 - [MESSAGE][PASSED] - All options with index in [3] are selected on object ''

2018-05-16 18:35:43 - [TEST_STEP][PASSED] - Statement - batch = new com.kms.katalon.core.testobject.TestObject(): null

2018-05-16 18:35:43 - [TEST_STEP][PASSED] - Statement - batch = com.kms.katalon.core.webui.keyword.WebUiBuiltInKeywords.modifyObjectProperty(batch, "xpath", "equals", "//*[@id = "txtbthqty" + row + ""]", true): Modify property of object successfully

2018-05-16 18:35:43 - [MESSAGE][PASSED] - Modify property of object successfully

2018-05-16 18:35:43 - [TEST_STEP][PASSED] - Statement - batchqty = com.kms.katalon.core.webui.keyword.WebUiBuiltInKeywords.getAttribute(batch, "value").trim(): Attribute 'value' of object '' is: '5000'

2018-05-16 18:35:43 - [MESSAGE][PASSED] - Attribute 'value' of object '' is: '5000'

2018-05-16 18:35:43 - [TEST_STEP][PASSED] - Statement - Rqty = 10000: null

2018-05-16 18:35:43 - [TEST_STEP][PASSED] - delay: Delayed 2 second(s)

2018-05-16 18:35:45 - [MESSAGE][PASSED] - Delayed 2 second(s)

2018-05-16 18:35:45 - [TEST_STEP][PASSED] - Statement - out.println("BatchQty : " + batchqty): null

2018-05-16 18:35:45 - [TEST_STEP][PASSED] - Statement - out.println("RQty : " + Rqty): null

2018-05-16 18:35:45 - [TEST_STEP][PASSED] - Statement - If (java.lang.Integer.valueOf(batchqty) >= java.lang.Integer.valueOf(Rqty)): null

2018-05-16 18:35:45 - [TEST_STEP][PASSED] - Statement - Else: null

2018-05-16 18:35:45 - [TEST_STEP][PASSED] - Statement - out.println("Batchqty Is Less Than Rqty"): null

2018-05-16 18:35:45 - [TEST_STEP][PASSED] - Statement - product = new com.kms.katalon.core.testobject.TestObject(): null

2018-05-16 18:35:45 - [TEST_STEP][PASSED] - Statement - product = com.kms.katalon.core.webui.keyword.WebUiBuiltInKeywords.modifyObjectProperty(product, "xpath", "equals", "//*[@id = "fldvendor" + row + ""]", true): Modify property of object successfully

2018-05-16 18:35:45 - [MESSAGE][PASSED] - Modify property of object successfully

2018-05-16 18:35:45 - [TEST_STEP][PASSED] - selectOptionByIndex: All options with index in [4] are selected on object ''

2018-05-16 18:35:45 - [MESSAGE][PASSED] - All options with index in [4] are selected on object ''

2018-05-16 18:35:45 - [TEST_STEP][PASSED] - Statement - batch = new com.kms.katalon.core.testobject.TestObject(): null

2018-05-16 18:35:45 - [TEST_STEP][PASSED] - Statement - batch = com.kms.katalon.core.webui.keyword.WebUiBuiltInKeywords.modifyObjectProperty(batch, "xpath", "equals", "//*[@id = "txtbthqty" + row + ""]", true): Modify property of object successfully

2018-05-16 18:35:45 - [MESSAGE][PASSED] - Modify property of object successfully

2018-05-16 18:35:45 - [TEST_STEP][PASSED] - Statement - batchqty = com.kms.katalon.core.webui.keyword.WebUiBuiltInKeywords.getAttribute(batch, "value").trim(): Attribute 'value' of object '' is: '4000'

2018-05-16 18:35:45 - [MESSAGE][PASSED] - Attribute 'value' of object '' is: '4000'

2018-05-16 18:35:45 - [TEST_STEP][PASSED] - Statement - Rqty = 10000: null

2018-05-16 18:35:45 - [TEST_STEP][PASSED] - delay: Delayed 2 second(s)

2018-05-16 18:35:47 - [MESSAGE][PASSED] - Delayed 2 second(s)

2018-05-16 18:35:47 - [TEST_STEP][PASSED] - Statement - out.println("BatchQty : " + batchqty): null

2018-05-16 18:35:47 - [TEST_STEP][PASSED] - Statement - out.println("RQty : " + Rqty): null

2018-05-16 18:35:47 - [TEST_STEP][PASSED] - Statement - If (java.lang.Integer.valueOf(batchqty) >= java.lang.Integer.valueOf(Rqty)): null

2018-05-16 18:35:47 - [TEST_STEP][PASSED] - Statement - Else: null

2018-05-16 18:35:47 - [TEST_STEP][PASSED] - Statement - out.println("Batchqty Is Less Than Rqty"): null

2018-05-16 18:35:47 - [TEST_STEP][PASSED] - Statement - product = new com.kms.katalon.core.testobject.TestObject(): null

2018-05-16 18:35:47 - [TEST_STEP][PASSED] - Statement - product = com.kms.katalon.core.webui.keyword.WebUiBuiltInKeywords.modifyObjectProperty(product, "xpath", "equals", "//*[@id = "fldvendor" + row + ""]", true): Modify property of object successfully

2018-05-16 18:35:47 - [MESSAGE][PASSED] - Modify property of object successfully

2018-05-16 18:35:47 - [TEST_STEP][PASSED] - selectOptionByIndex: All options with index in [5] are selected on object ''

2018-05-16 18:35:48 - [MESSAGE][PASSED] - All options with index in [5] are selected on object ''

2018-05-16 18:35:48 - [TEST_STEP][PASSED] - Statement - batch = new com.kms.katalon.core.testobject.TestObject(): null

2018-05-16 18:35:48 - [TEST_STEP][PASSED] - Statement - batch = com.kms.katalon.core.webui.keyword.WebUiBuiltInKeywords.modifyObjectProperty(batch, "xpath", "equals", "//*[@id = "txtbthqty" + row + ""]", true): Modify property of object successfully

2018-05-16 18:35:48 - [MESSAGE][PASSED] - Modify property of object successfully

2018-05-16 18:35:48 - [TEST_STEP][PASSED] - Statement - batchqty = com.kms.katalon.core.webui.keyword.WebUiBuiltInKeywords.getAttribute(batch, "value").trim(): Attribute 'value' of object '' is: '39900'

2018-05-16 18:35:48 - [MESSAGE][PASSED] - Attribute 'value' of object '' is: '39900'

2018-05-16 18:35:48 - [TEST_STEP][PASSED] - Statement - Rqty = 10000: null

2018-05-16 18:35:48 - [TEST_STEP][PASSED] - delay: Delayed 2 second(s)

2018-05-16 18:35:50 - [MESSAGE][PASSED] - Delayed 2 second(s)

2018-05-16 18:35:50 - [TEST_STEP][PASSED] - Statement - out.println("BatchQty : " + batchqty): null

2018-05-16 18:35:50 - [TEST_STEP][PASSED] - Statement - out.println("RQty : " + Rqty): null

2018-05-16 18:35:50 - [TEST_STEP][PASSED] - Statement - If (java.lang.Integer.valueOf(batchqty) >= java.lang.Integer.valueOf(Rqty)): null

2018-05-16 18:35:50 - [TEST_STEP][PASSED] - Statement - Break: null

2018-05-16 18:35:50 - [TEST_STEP][PASSED] - Statement - batchlength = new com.kms.katalon.core.testobject.TestObject(): null

2018-05-16 18:35:50 - [TEST_STEP][PASSED] - Statement - batchlength = com.kms.katalon.core.webui.keyword.WebUiBuiltInKeywords.modifyObjectProperty(batchlength, "xpath", "equals", "//*[@id = "fldvendor" + row + ""]", true): Modify property of object successfully

2018-05-16 18:35:50 - [MESSAGE][PASSED] - Modify property of object successfully

2018-05-16 18:35:50 - [TEST_STEP][PASSED] - Statement - batchsize = com.kms.katalon.core.webui.keyword.WebUiBuiltInKeywords.getNumberOfTotalOption(batchlength): 11 options of object '' counted

2018-05-16 18:35:50 - [MESSAGE][PASSED] - 11 options of object '' counted

2018-05-16 18:35:50 - [TEST_STEP][PASSED] - Statement - out.println("BatchSize : " + batchsize): null

2018-05-16 18:35:50 - [TEST_STEP][PASSED] - Statement - For ([n = 1, n <= batchsize - 1, (n++)]): null

2018-05-16 18:35:50 - [TEST_STEP][PASSED] - Statement - product = new com.kms.katalon.core.testobject.TestObject(): null

2018-05-16 18:35:50 - [TEST_STEP][PASSED] - Statement - product = com.kms.katalon.core.webui.keyword.WebUiBuiltInKeywords.modifyObjectProperty(product, "xpath", "equals", "//*[@id = "fldvendor" + row + ""]", true): Modify property of object successfully

2018-05-16 18:35:50 - [MESSAGE][PASSED] - Modify property of object successfully

2018-05-16 18:35:50 - [TEST_STEP][PASSED] - selectOptionByIndex: All options with index in [1] are selected on object ''

2018-05-16 18:35:50 - [MESSAGE][PASSED] - All options with index in [1] are selected on object ''

2018-05-16 18:35:50 - [TEST_STEP][PASSED] - Statement - batch = new com.kms.katalon.core.testobject.TestObject(): null

2018-05-16 18:35:50 - [TEST_STEP][PASSED] - Statement - batch = com.kms.katalon.core.webui.keyword.WebUiBuiltInKeywords.modifyObjectProperty(batch, "xpath", "equals", "//*[@id = "txtbthqty" + row + ""]", true): Modify property of object successfully

2018-05-16 18:35:50 - [MESSAGE][PASSED] - Modify property of object successfully

2018-05-16 18:35:50 - [TEST_STEP][PASSED] - Statement - batchqty = com.kms.katalon.core.webui.keyword.WebUiBuiltInKeywords.getAttribute(batch, "value").trim(): Attribute 'value' of object '' is: '5000'

2018-05-16 18:35:50 - [MESSAGE][PASSED] - Attribute 'value' of object '' is: '5000'

2018-05-16 18:35:50 - [TEST_STEP][PASSED] - Statement - Rqty = 10000: null

2018-05-16 18:35:50 - [TEST_STEP][PASSED] - delay: Delayed 2 second(s)

2018-05-16 18:35:52 - [MESSAGE][PASSED] - Delayed 2 second(s)

2018-05-16 18:35:52 - [TEST_STEP][PASSED] - Statement - out.println("BatchQty : " + batchqty): null

2018-05-16 18:35:52 - [TEST_STEP][PASSED] - Statement - out.println("RQty : " + Rqty): null

2018-05-16 18:35:52 - [TEST_STEP][PASSED] - Statement - If (java.lang.Integer.valueOf(batchqty) >= java.lang.Integer.valueOf(Rqty)): null

2018-05-16 18:35:52 - [TEST_STEP][PASSED] - Statement - Else: null

2018-05-16 18:35:52 - [TEST_STEP][PASSED] - Statement - out.println("Batchqty Is Less Than Rqty"): null

2018-05-16 18:35:52 - [TEST_STEP][PASSED] - Statement - product = new com.kms.katalon.core.testobject.TestObject(): null

2018-05-16 18:35:52 - [TEST_STEP][PASSED] - Statement - product = com.kms.katalon.core.webui.keyword.WebUiBuiltInKeywords.modifyObjectProperty(product, "xpath", "equals", "//*[@id = "fldvendor" + row + ""]", true): Modify property of object successfully

2018-05-16 18:35:52 - [MESSAGE][PASSED] - Modify property of object successfully

2018-05-16 18:35:52 - [TEST_STEP][PASSED] - selectOptionByIndex: All options with index in [2] are selected on object ''

2018-05-16 18:35:52 - [MESSAGE][PASSED] - All options with index in [2] are selected on object ''

2018-05-16 18:35:52 - [TEST_STEP][PASSED] - Statement - batch = new com.kms.katalon.core.testobject.TestObject(): null

2018-05-16 18:35:52 - [TEST_STEP][PASSED] - Statement - batch = com.kms.katalon.core.webui.keyword.WebUiBuiltInKeywords.modifyObjectProperty(batch, "xpath", "equals", "//*[@id = "txtbthqty" + row + ""]", true): Modify property of object successfully

2018-05-16 18:35:52 - [MESSAGE][PASSED] - Modify property of object successfully

2018-05-16 18:35:52 - [TEST_STEP][PASSED] - Statement - batchqty = com.kms.katalon.core.webui.keyword.WebUiBuiltInKeywords.getAttribute(batch, "value").trim(): Attribute 'value' of object '' is: '3000'

2018-05-16 18:35:52 - [MESSAGE][PASSED] - Attribute 'value' of object '' is: '3000'

2018-05-16 18:35:52 - [TEST_STEP][PASSED] - Statement - Rqty = 10000: null

2018-05-16 18:35:52 - [TEST_STEP][PASSED] - delay: Delayed 2 second(s)

2018-05-16 18:35:54 - [MESSAGE][PASSED] - Delayed 2 second(s)

2018-05-16 18:35:54 - [TEST_STEP][PASSED] - Statement - out.println("BatchQty : " + batchqty): null

2018-05-16 18:35:54 - [TEST_STEP][PASSED] - Statement - out.println("RQty : " + Rqty): null

2018-05-16 18:35:54 - [TEST_STEP][PASSED] - Statement - If (java.lang.Integer.valueOf(batchqty) >= java.lang.Integer.valueOf(Rqty)): null

2018-05-16 18:35:54 - [TEST_STEP][PASSED] - Statement - Else: null

2018-05-16 18:35:54 - [TEST_STEP][PASSED] - Statement - out.println("Batchqty Is Less Than Rqty"): null

2018-05-16 18:35:54 - [TEST_STEP][PASSED] - Statement - product = new com.kms.katalon.core.testobject.TestObject(): null

2018-05-16 18:35:54 - [TEST_STEP][PASSED] - Statement - product = com.kms.katalon.core.webui.keyword.WebUiBuiltInKeywords.modifyObjectProperty(product, "xpath", "equals", "//*[@id = "fldvendor" + row + ""]", true): Modify property of object successfully

2018-05-16 18:35:54 - [MESSAGE][PASSED] - Modify property of object successfully

2018-05-16 18:35:54 - [TEST_STEP][PASSED] - selectOptionByIndex: All options with index in [3] are selected on object ''

2018-05-16 18:35:54 - [MESSAGE][PASSED] - All options with index in [3] are selected on object ''

2018-05-16 18:35:54 - [TEST_STEP][PASSED] - Statement - batch = new com.kms.katalon.core.testobject.TestObject(): null

2018-05-16 18:35:54 - [TEST_STEP][PASSED] - Statement - batch = com.kms.katalon.core.webui.keyword.WebUiBuiltInKeywords.modifyObjectProperty(batch, "xpath", "equals", "//*[@id = "txtbthqty" + row + ""]", true): Modify property of object successfully

2018-05-16 18:35:54 - [MESSAGE][PASSED] - Modify property of object successfully

2018-05-16 18:35:54 - [TEST_STEP][PASSED] - Statement - batchqty = com.kms.katalon.core.webui.keyword.WebUiBuiltInKeywords.getAttribute(batch, "value").trim(): Attribute 'value' of object '' is: '5000'

2018-05-16 18:35:54 - [MESSAGE][PASSED] - Attribute 'value' of object '' is: '5000'

2018-05-16 18:35:54 - [TEST_STEP][PASSED] - Statement - Rqty = 10000: null

2018-05-16 18:35:54 - [TEST_STEP][PASSED] - delay: Delayed 2 second(s)

2018-05-16 18:35:56 - [MESSAGE][PASSED] - Delayed 2 second(s)

2018-05-16 18:35:56 - [TEST_STEP][PASSED] - Statement - out.println("BatchQty : " + batchqty): null

2018-05-16 18:35:56 - [TEST_STEP][PASSED] - Statement - out.println("RQty : " + Rqty): null

2018-05-16 18:35:56 - [TEST_STEP][PASSED] - Statement - If (java.lang.Integer.valueOf(batchqty) >= java.lang.Integer.valueOf(Rqty)): null

2018-05-16 18:35:56 - [TEST_STEP][PASSED] - Statement - Else: null

2018-05-16 18:35:56 - [TEST_STEP][PASSED] - Statement - out.println("Batchqty Is Less Than Rqty"): null

2018-05-16 18:35:56 - [TEST_STEP][PASSED] - Statement - product = new com.kms.katalon.core.testobject.TestObject(): null

2018-05-16 18:35:56 - [TEST_STEP][PASSED] - Statement - product = com.kms.katalon.core.webui.keyword.WebUiBuiltInKeywords.modifyObjectProperty(product, "xpath", "equals", "//*[@id = "fldvendor" + row + ""]", true): Modify property of object successfully

2018-05-16 18:35:56 - [MESSAGE][PASSED] - Modify property of object successfully

2018-05-16 18:35:56 - [TEST_STEP][PASSED] - selectOptionByIndex: All options with index in [4] are selected on object ''

2018-05-16 18:35:57 - [MESSAGE][PASSED] - All options with index in [4] are selected on object ''

2018-05-16 18:35:57 - [TEST_STEP][PASSED] - Statement - batch = new com.kms.katalon.core.testobject.TestObject(): null

2018-05-16 18:35:57 - [TEST_STEP][PASSED] - Statement - batch = com.kms.katalon.core.webui.keyword.WebUiBuiltInKeywords.modifyObjectProperty(batch, "xpath", "equals", "//*[@id = "txtbthqty" + row + ""]", true): Modify property of object successfully

2018-05-16 18:35:57 - [MESSAGE][PASSED] - Modify property of object successfully

2018-05-16 18:35:57 - [TEST_STEP][PASSED] - Statement - batchqty = com.kms.katalon.core.webui.keyword.WebUiBuiltInKeywords.getAttribute(batch, "value").trim(): Attribute 'value' of object '' is: '34900'

2018-05-16 18:35:57 - [MESSAGE][PASSED] - Attribute 'value' of object '' is: '34900'

2018-05-16 18:35:57 - [TEST_STEP][PASSED] - Statement - Rqty = 10000: null

2018-05-16 18:35:57 - [TEST_STEP][PASSED] - delay: Delayed 2 second(s)

2018-05-16 18:35:59 - [MESSAGE][PASSED] - Delayed 2 second(s)

2018-05-16 18:35:59 - [TEST_STEP][PASSED] - Statement - out.println("BatchQty : " + batchqty): null

2018-05-16 18:35:59 - [TEST_STEP][PASSED] - Statement - out.println("RQty : " + Rqty): null

2018-05-16 18:35:59 - [TEST_STEP][PASSED] - Statement - If (java.lang.Integer.valueOf(batchqty) >= java.lang.Integer.valueOf(Rqty)): null

2018-05-16 18:35:59 - [TEST_STEP][PASSED] - Statement - Break: null

2018-05-16 18:35:59 - [TEST_STEP][PASSED] - Statement - batchlength = new com.kms.katalon.core.testobject.TestObject(): null

2018-05-16 18:35:59 - [TEST_STEP][PASSED] - Statement - batchlength = com.kms.katalon.core.webui.keyword.WebUiBuiltInKeywords.modifyObjectProperty(batchlength, "xpath", "equals", "//*[@id = "fldvendor" + row + ""]", true): Modify property of object successfully

2018-05-16 18:35:59 - [MESSAGE][PASSED] - Modify property of object successfully

2018-05-16 18:35:59 - [TEST_STEP][PASSED] - Statement - batchsize = com.kms.katalon.core.webui.keyword.WebUiBuiltInKeywords.getNumberOfTotalOption(batchlength): 11 options of object '' counted

2018-05-16 18:35:59 - [MESSAGE][PASSED] - 11 options of object '' counted

2018-05-16 18:35:59 - [TEST_STEP][PASSED] - Statement - out.println("BatchSize : " + batchsize): null

2018-05-16 18:35:59 - [TEST_STEP][PASSED] - Statement - For ([n = 1, n <= batchsize - 1, (n++)]): null

2018-05-16 18:35:59 - [TEST_STEP][PASSED] - Statement - product = new com.kms.katalon.core.testobject.TestObject(): null

2018-05-16 18:35:59 - [TEST_STEP][PASSED] - Statement - product = com.kms.katalon.core.webui.keyword.WebUiBuiltInKeywords.modifyObjectProperty(product, "xpath", "equals", "//*[@id = "fldvendor" + row + ""]", true): Modify property of object successfully

2018-05-16 18:35:59 - [MESSAGE][PASSED] - Modify property of object successfully

2018-05-16 18:35:59 - [TEST_STEP][PASSED] - selectOptionByIndex: All options with index in [1] are selected on object ''

2018-05-16 18:35:59 - [MESSAGE][PASSED] - All options with index in [1] are selected on object ''

2018-05-16 18:35:59 - [TEST_STEP][PASSED] - Statement - batch = new com.kms.katalon.core.testobject.TestObject(): null

2018-05-16 18:35:59 - [TEST_STEP][PASSED] - Statement - batch = com.kms.katalon.core.webui.keyword.WebUiBuiltInKeywords.modifyObjectProperty(batch, "xpath", "equals", "//*[@id = "txtbthqty" + row + ""]", true): Modify property of object successfully

2018-05-16 18:35:59 - [MESSAGE][PASSED] - Modify property of object successfully

2018-05-16 18:35:59 - [TEST_STEP][PASSED] - Statement - batchqty = com.kms.katalon.core.webui.keyword.WebUiBuiltInKeywords.getAttribute(batch, "value").trim(): Attribute 'value' of object '' is: '38900'

2018-05-16 18:35:59 - [MESSAGE][PASSED] - Attribute 'value' of object '' is: '38900'

2018-05-16 18:35:59 - [TEST_STEP][PASSED] - Statement - Rqty = 10000: null

2018-05-16 18:35:59 - [TEST_STEP][PASSED] - delay: Delayed 2 second(s)

2018-05-16 18:36:01 - [MESSAGE][PASSED] - Delayed 2 second(s)

2018-05-16 18:36:01 - [TEST_STEP][PASSED] - Statement - out.println("BatchQty : " + batchqty): null

2018-05-16 18:36:01 - [TEST_STEP][PASSED] - Statement - out.println("RQty : " + Rqty): null

2018-05-16 18:36:01 - [TEST_STEP][PASSED] - Statement - If (java.lang.Integer.valueOf(batchqty) >= java.lang.Integer.valueOf(Rqty)): null

2018-05-16 18:36:01 - [TEST_STEP][PASSED] - Statement - Break: null

2018-05-16 18:36:01 - [TEST_STEP][PASSED] - Statement - batchlength = new com.kms.katalon.core.testobject.TestObject(): null

2018-05-16 18:36:01 - [TEST_STEP][PASSED] - Statement - batchlength = com.kms.katalon.core.webui.keyword.WebUiBuiltInKeywords.modifyObjectProperty(batchlength, "xpath", "equals", "//*[@id = "fldvendor" + row + ""]", true): Modify property of object successfully

2018-05-16 18:36:01 - [MESSAGE][PASSED] - Modify property of object successfully

2018-05-16 18:36:01 - [TEST_STEP][PASSED] - Statement - batchsize = com.kms.katalon.core.webui.keyword.WebUiBuiltInKeywords.getNumberOfTotalOption(batchlength): 11 options of object '' counted

2018-05-16 18:36:01 - [MESSAGE][PASSED] - 11 options of object '' counted

2018-05-16 18:36:01 - [TEST_STEP][PASSED] - Statement - out.println("BatchSize : " + batchsize): null

2018-05-16 18:36:01 - [TEST_STEP][PASSED] - Statement - For ([n = 1, n <= batchsize - 1, (n++)]): null

2018-05-16 18:36:01 - [TEST_STEP][PASSED] - Statement - product = new com.kms.katalon.core.testobject.TestObject(): null

2018-05-16 18:36:01 - [TEST_STEP][PASSED] - Statement - product = com.kms.katalon.core.webui.keyword.WebUiBuiltInKeywords.modifyObjectProperty(product, "xpath", "equals", "//*[@id = "fldvendor" + row + ""]", true): Modify property of object successfully

2018-05-16 18:36:01 - [MESSAGE][PASSED] - Modify property of object successfully

2018-05-16 18:36:01 - [TEST_STEP][PASSED] - selectOptionByIndex: All options with index in [1] are selected on object ''

2018-05-16 18:36:01 - [MESSAGE][PASSED] - All options with index in [1] are selected on object ''

2018-05-16 18:36:01 - [TEST_STEP][PASSED] - Statement - batch = new com.kms.katalon.core.testobject.TestObject(): null

2018-05-16 18:36:01 - [TEST_STEP][PASSED] - Statement - batch = com.kms.katalon.core.webui.keyword.WebUiBuiltInKeywords.modifyObjectProperty(batch, "xpath", "equals", "//*[@id = "txtbthqty" + row + ""]", true): Modify property of object successfully

2018-05-16 18:36:01 - [MESSAGE][PASSED] - Modify property of object successfully

2018-05-16 18:36:01 - [TEST_STEP][PASSED] - Statement - batchqty = com.kms.katalon.core.webui.keyword.WebUiBuiltInKeywords.getAttribute(batch, "value").trim(): Attribute 'value' of object '' is: '5000'

2018-05-16 18:36:01 - [MESSAGE][PASSED] - Attribute 'value' of object '' is: '5000'

2018-05-16 18:36:01 - [TEST_STEP][PASSED] - Statement - Rqty = 10000: null

2018-05-16 18:36:01 - [TEST_STEP][PASSED] - delay: Delayed 2 second(s)

2018-05-16 18:36:03 - [MESSAGE][PASSED] - Delayed 2 second(s)

2018-05-16 18:36:03 - [TEST_STEP][PASSED] - Statement - out.println("BatchQty : " + batchqty): null

2018-05-16 18:36:03 - [TEST_STEP][PASSED] - Statement - out.println("RQty : " + Rqty): null

2018-05-16 18:36:03 - [TEST_STEP][PASSED] - Statement - If (java.lang.Integer.valueOf(batchqty) >= java.lang.Integer.valueOf(Rqty)): null

2018-05-16 18:36:03 - [TEST_STEP][PASSED] - Statement - Else: null

2018-05-16 18:36:03 - [TEST_STEP][PASSED] - Statement - out.println("Batchqty Is Less Than Rqty"): null

2018-05-16 18:36:03 - [TEST_STEP][PASSED] - Statement - product = new com.kms.katalon.core.testobject.TestObject(): null

2018-05-16 18:36:03 - [TEST_STEP][PASSED] - Statement - product = com.kms.katalon.core.webui.keyword.WebUiBuiltInKeywords.modifyObjectProperty(product, "xpath", "equals", "//*[@id = "fldvendor" + row + ""]", true): Modify property of object successfully

2018-05-16 18:36:03 - [MESSAGE][PASSED] - Modify property of object successfully

2018-05-16 18:36:03 - [TEST_STEP][PASSED] - selectOptionByIndex: All options with index in [2] are selected on object ''

2018-05-16 18:36:03 - [MESSAGE][PASSED] - All options with index in [2] are selected on object ''

2018-05-16 18:36:03 - [TEST_STEP][PASSED] - Statement - batch = new com.kms.katalon.core.testobject.TestObject(): null

2018-05-16 18:36:03 - [TEST_STEP][PASSED] - Statement - batch = com.kms.katalon.core.webui.keyword.WebUiBuiltInKeywords.modifyObjectProperty(batch, "xpath", "equals", "//*[@id = "txtbthqty" + row + ""]", true): Modify property of object successfully

2018-05-16 18:36:03 - [MESSAGE][PASSED] - Modify property of object successfully

2018-05-16 18:36:03 - [TEST_STEP][PASSED] - Statement - batchqty = com.kms.katalon.core.webui.keyword.WebUiBuiltInKeywords.getAttribute(batch, "value").trim(): Attribute 'value' of object '' is: '38900'

2018-05-16 18:36:03 - [MESSAGE][PASSED] - Attribute 'value' of object '' is: '38900'

2018-05-16 18:36:03 - [TEST_STEP][PASSED] - Statement - Rqty = 10000: null

2018-05-16 18:36:03 - [TEST_STEP][PASSED] - delay: Delayed 2 second(s)

2018-05-16 18:36:05 - [MESSAGE][PASSED] - Delayed 2 second(s)

2018-05-16 18:36:05 - [TEST_STEP][PASSED] - Statement - out.println("BatchQty : " + batchqty): null

2018-05-16 18:36:05 - [TEST_STEP][PASSED] - Statement - out.println("RQty : " + Rqty): null

2018-05-16 18:36:05 - [TEST_STEP][PASSED] - Statement - If (java.lang.Integer.valueOf(batchqty) >= java.lang.Integer.valueOf(Rqty)): null

2018-05-16 18:36:05 - [TEST_STEP][PASSED] - Statement - Break: null

2018-05-16 18:36:05 - [TEST_STEP][PASSED] - Statement - batchlength = new com.kms.katalon.core.testobject.TestObject(): null

2018-05-16 18:36:05 - [TEST_STEP][PASSED] - Statement - batchlength = com.kms.katalon.core.webui.keyword.WebUiBuiltInKeywords.modifyObjectProperty(batchlength, "xpath", "equals", "//*[@id = "fldvendor" + row + ""]", true): Modify property of object successfully

2018-05-16 18:36:05 - [MESSAGE][PASSED] - Modify property of object successfully

2018-05-16 18:36:05 - [TEST_STEP][PASSED] - Statement - batchsize = com.kms.katalon.core.webui.keyword.WebUiBuiltInKeywords.getNumberOfTotalOption(batchlength): 11 options of object '' counted

2018-05-16 18:36:05 - [MESSAGE][PASSED] - 11 options of object '' counted

2018-05-16 18:36:05 - [TEST_STEP][PASSED] - Statement - out.println("BatchSize : " + batchsize): null

2018-05-16 18:36:05 - [TEST_STEP][PASSED] - Statement - For ([n = 1, n <= batchsize - 1, (n++)]): null

2018-05-16 18:36:05 - [TEST_STEP][PASSED] - Statement - product = new com.kms.katalon.core.testobject.TestObject(): null

2018-05-16 18:36:05 - [TEST_STEP][PASSED] - Statement - product = com.kms.katalon.core.webui.keyword.WebUiBuiltInKeywords.modifyObjectProperty(product, "xpath", "equals", "//*[@id = "fldvendor" + row + ""]", true): Modify property of object successfully

2018-05-16 18:36:05 - [MESSAGE][PASSED] - Modify property of object successfully

2018-05-16 18:36:05 - [TEST_STEP][PASSED] - selectOptionByIndex: All options with index in [1] are selected on object ''

2018-05-16 18:36:06 - [MESSAGE][PASSED] - All options with index in [1] are selected on object ''

2018-05-16 18:36:06 - [TEST_STEP][PASSED] - Statement - batch = new com.kms.katalon.core.testobject.TestObject(): null

2018-05-16 18:36:06 - [TEST_STEP][PASSED] - Statement - batch = com.kms.katalon.core.webui.keyword.WebUiBuiltInKeywords.modifyObjectProperty(batch, "xpath", "equals", "//*[@id = "txtbthqty" + row + ""]", true): Modify property of object successfully

2018-05-16 18:36:06 - [MESSAGE][PASSED] - Modify property of object successfully

2018-05-16 18:36:06 - [TEST_STEP][PASSED] - Statement - batchqty = com.kms.katalon.core.webui.keyword.WebUiBuiltInKeywords.getAttribute(batch, "value").trim(): Attribute 'value' of object '' is: '38900'

2018-05-16 18:36:06 - [MESSAGE][PASSED] - Attribute 'value' of object '' is: '38900'

2018-05-16 18:36:06 - [TEST_STEP][PASSED] - Statement - Rqty = 10000: null

2018-05-16 18:36:06 - [TEST_STEP][PASSED] - delay: Delayed 2 second(s)

2018-05-16 18:36:08 - [MESSAGE][PASSED] - Delayed 2 second(s)

2018-05-16 18:36:08 - [TEST_STEP][PASSED] - Statement - out.println("BatchQty : " + batchqty): null

2018-05-16 18:36:08 - [TEST_STEP][PASSED] - Statement - out.println("RQty : " + Rqty): null

2018-05-16 18:36:08 - [TEST_STEP][PASSED] - Statement - If (java.lang.Integer.valueOf(batchqty) >= java.lang.Integer.valueOf(Rqty)): null

2018-05-16 18:36:08 - [TEST_STEP][PASSED] - Statement - Break: null

2018-05-16 18:36:08 - [TEST_STEP][PASSED] - Statement - batchlength = new com.kms.katalon.core.testobject.TestObject(): null

2018-05-16 18:36:08 - [TEST_STEP][PASSED] - Statement - batchlength = com.kms.katalon.core.webui.keyword.WebUiBuiltInKeywords.modifyObjectProperty(batchlength, "xpath", "equals", "//*[@id = "fldvendor" + row + ""]", true): Modify property of object successfully

2018-05-16 18:36:08 - [MESSAGE][PASSED] - Modify property of object successfully

2018-05-16 18:36:08 - [TEST_STEP][PASSED] - Statement - batchsize = com.kms.katalon.core.webui.keyword.WebUiBuiltInKeywords.getNumberOfTotalOption(batchlength): 20 options of object '' counted

2018-05-16 18:36:08 - [MESSAGE][PASSED] - 20 options of object '' counted

2018-05-16 18:36:08 - [TEST_STEP][PASSED] - Statement - out.println("BatchSize : " + batchsize): null

2018-05-16 18:36:08 - [TEST_STEP][PASSED] - Statement - For ([n = 1, n <= batchsize - 1, (n++)]): null

2018-05-16 18:36:08 - [TEST_STEP][PASSED] - Statement - product = new com.kms.katalon.core.testobject.TestObject(): null

2018-05-16 18:36:08 - [TEST_STEP][PASSED] - Statement - product = com.kms.katalon.core.webui.keyword.WebUiBuiltInKeywords.modifyObjectProperty(product, "xpath", "equals", "//*[@id = "fldvendor" + row + ""]", true): Modify property of object successfully

2018-05-16 18:36:08 - [MESSAGE][PASSED] - Modify property of object successfully

2018-05-16 18:36:08 - [TEST_STEP][PASSED] - selectOptionByIndex: All options with index in [1] are selected on object ''

2018-05-16 18:36:08 - [MESSAGE][PASSED] - All options with index in [1] are selected on object ''

2018-05-16 18:36:08 - [TEST_STEP][PASSED] - Statement - batch = new com.kms.katalon.core.testobject.TestObject(): null

2018-05-16 18:36:08 - [TEST_STEP][PASSED] - Statement - batch = com.kms.katalon.core.webui.keyword.WebUiBuiltInKeywords.modifyObjectProperty(batch, "xpath", "equals", "//*[@id = "txtbthqty" + row + ""]", true): Modify property of object successfully

2018-05-16 18:36:08 - [MESSAGE][PASSED] - Modify property of object successfully

2018-05-16 18:36:08 - [TEST_STEP][PASSED] - Statement - batchqty = com.kms.katalon.core.webui.keyword.WebUiBuiltInKeywords.getAttribute(batch, "value").trim(): Attribute 'value' of object '' is: '3000'

2018-05-16 18:36:08 - [MESSAGE][PASSED] - Attribute 'value' of object '' is: '3000'

2018-05-16 18:36:08 - [TEST_STEP][PASSED] - Statement - Rqty = 10000: null

2018-05-16 18:36:08 - [TEST_STEP][PASSED] - delay: Delayed 2 second(s)

2018-05-16 18:36:10 - [MESSAGE][PASSED] - Delayed 2 second(s)

2018-05-16 18:36:10 - [TEST_STEP][PASSED] - Statement - out.println("BatchQty : " + batchqty): null

2018-05-16 18:36:10 - [TEST_STEP][PASSED] - Statement - out.println("RQty : " + Rqty): null

2018-05-16 18:36:10 - [TEST_STEP][PASSED] - Statement - If (java.lang.Integer.valueOf(batchqty) >= java.lang.Integer.valueOf(Rqty)): null

2018-05-16 18:36:10 - [TEST_STEP][PASSED] - Statement - Else: null

2018-05-16 18:36:10 - [TEST_STEP][PASSED] - Statement - out.println("Batchqty Is Less Than Rqty"): null

2018-05-16 18:36:10 - [TEST_STEP][PASSED] - Statement - product = new com.kms.katalon.core.testobject.TestObject(): null

2018-05-16 18:36:10 - [TEST_STEP][PASSED] - Statement - product = com.kms.katalon.core.webui.keyword.WebUiBuiltInKeywords.modifyObjectProperty(product, "xpath", "equals", "//*[@id = "fldvendor" + row + ""]", true): Modify property of object successfully

2018-05-16 18:36:10 - [MESSAGE][PASSED] - Modify property of object successfully

2018-05-16 18:36:10 - [TEST_STEP][PASSED] - selectOptionByIndex: All options with index in [2] are selected on object ''

2018-05-16 18:36:10 - [MESSAGE][PASSED] - All options with index in [2] are selected on object ''

2018-05-16 18:36:10 - [TEST_STEP][PASSED] - Statement - batch = new com.kms.katalon.core.testobject.TestObject(): null

2018-05-16 18:36:10 - [TEST_STEP][PASSED] - Statement - batch = com.kms.katalon.core.webui.keyword.WebUiBuiltInKeywords.modifyObjectProperty(batch, "xpath", "equals", "//*[@id = "txtbthqty" + row + ""]", true): Modify property of object successfully

2018-05-16 18:36:10 - [MESSAGE][PASSED] - Modify property of object successfully

2018-05-16 18:36:10 - [TEST_STEP][PASSED] - Statement - batchqty = com.kms.katalon.core.webui.keyword.WebUiBuiltInKeywords.getAttribute(batch, "value").trim(): Attribute 'value' of object '' is: '5000'

2018-05-16 18:36:10 - [MESSAGE][PASSED] - Attribute 'value' of object '' is: '5000'

2018-05-16 18:36:10 - [TEST_STEP][PASSED] - Statement - Rqty = 10000: null

2018-05-16 18:36:10 - [TEST_STEP][PASSED] - delay: Delayed 2 second(s)

2018-05-16 18:36:12 - [MESSAGE][PASSED] - Delayed 2 second(s)

2018-05-16 18:36:12 - [TEST_STEP][PASSED] - Statement - out.println("BatchQty : " + batchqty): null

2018-05-16 18:36:12 - [TEST_STEP][PASSED] - Statement - out.println("RQty : " + Rqty): null

2018-05-16 18:36:12 - [TEST_STEP][PASSED] - Statement - If (java.lang.Integer.valueOf(batchqty) >= java.lang.Integer.valueOf(Rqty)): null

2018-05-16 18:36:12 - [TEST_STEP][PASSED] - Statement - Else: null

2018-05-16 18:36:12 - [TEST_STEP][PASSED] - Statement - out.println("Batchqty Is Less Than Rqty"): null

2018-05-16 18:36:12 - [TEST_STEP][PASSED] - Statement - product = new com.kms.katalon.core.testobject.TestObject(): null

2018-05-16 18:36:12 - [TEST_STEP][PASSED] - Statement - product = com.kms.katalon.core.webui.keyword.WebUiBuiltInKeywords.modifyObjectProperty(product, "xpath", "equals", "//*[@id = "fldvendor" + row + ""]", true): Modify property of object successfully

2018-05-16 18:36:12 - [MESSAGE][PASSED] - Modify property of object successfully

2018-05-16 18:36:12 - [TEST_STEP][PASSED] - selectOptionByIndex: All options with index in [3] are selected on object ''

2018-05-16 18:36:12 - [MESSAGE][PASSED] - All options with index in [3] are selected on object ''

2018-05-16 18:36:12 - [TEST_STEP][PASSED] - Statement - batch = new com.kms.katalon.core.testobject.TestObject(): null

2018-05-16 18:36:12 - [TEST_STEP][PASSED] - Statement - batch = com.kms.katalon.core.webui.keyword.WebUiBuiltInKeywords.modifyObjectProperty(batch, "xpath", "equals", "//*[@id = "txtbthqty" + row + ""]", true): Modify property of object successfully

2018-05-16 18:36:12 - [MESSAGE][PASSED] - Modify property of object successfully

2018-05-16 18:36:12 - [TEST_STEP][PASSED] - Statement - batchqty = com.kms.katalon.core.webui.keyword.WebUiBuiltInKeywords.getAttribute(batch, "value").trim(): Attribute 'value' of object '' is: '500'

2018-05-16 18:36:12 - [MESSAGE][PASSED] - Attribute 'value' of object '' is: '500'

2018-05-16 18:36:12 - [TEST_STEP][PASSED] - Statement - Rqty = 10000: null

2018-05-16 18:36:12 - [TEST_STEP][PASSED] - delay: Delayed 2 second(s)

2018-05-16 18:36:14 - [MESSAGE][PASSED] - Delayed 2 second(s)

2018-05-16 18:36:14 - [TEST_STEP][PASSED] - Statement - out.println("BatchQty : " + batchqty): null

2018-05-16 18:36:14 - [TEST_STEP][PASSED] - Statement - out.println("RQty : " + Rqty): null

2018-05-16 18:36:14 - [TEST_STEP][PASSED] - Statement - If (java.lang.Integer.valueOf(batchqty) >= java.lang.Integer.valueOf(Rqty)): null

2018-05-16 18:36:14 - [TEST_STEP][PASSED] - Statement - Else: null

2018-05-16 18:36:14 - [TEST_STEP][PASSED] - Statement - out.println("Batchqty Is Less Than Rqty"): null

2018-05-16 18:36:14 - [TEST_STEP][PASSED] - Statement - product = new com.kms.katalon.core.testobject.TestObject(): null

2018-05-16 18:36:14 - [TEST_STEP][PASSED] - Statement - product = com.kms.katalon.core.webui.keyword.WebUiBuiltInKeywords.modifyObjectProperty(product, "xpath", "equals", "//*[@id = "fldvendor" + row + ""]", true): Modify property of object successfully

2018-05-16 18:36:14 - [MESSAGE][PASSED] - Modify property of object successfully

2018-05-16 18:36:14 - [TEST_STEP][PASSED] - selectOptionByIndex: All options with index in [4] are selected on object ''

2018-05-16 18:36:15 - [MESSAGE][PASSED] - All options with index in [4] are selected on object ''

2018-05-16 18:36:15 - [TEST_STEP][PASSED] - Statement - batch = new com.kms.katalon.core.testobject.TestObject(): null

2018-05-16 18:36:15 - [TEST_STEP][PASSED] - Statement - batch = com.kms.katalon.core.webui.keyword.WebUiBuiltInKeywords.modifyObjectProperty(batch, "xpath", "equals", "//*[@id = "txtbthqty" + row + ""]", true): Modify property of object successfully

2018-05-16 18:36:15 - [MESSAGE][PASSED] - Modify property of object successfully

2018-05-16 18:36:15 - [TEST_STEP][PASSED] - Statement - batchqty = com.kms.katalon.core.webui.keyword.WebUiBuiltInKeywords.getAttribute(batch, "value").trim(): Attribute 'value' of object '' is: '5000'

2018-05-16 18:36:15 - [MESSAGE][PASSED] - Attribute 'value' of object '' is: '5000'

2018-05-16 18:36:15 - [TEST_STEP][PASSED] - Statement - Rqty = 10000: null

2018-05-16 18:36:15 - [TEST_STEP][PASSED] - delay: Delayed 2 second(s)

2018-05-16 18:36:17 - [MESSAGE][PASSED] - Delayed 2 second(s)

2018-05-16 18:36:17 - [TEST_STEP][PASSED] - Statement - out.println("BatchQty : " + batchqty): null

2018-05-16 18:36:17 - [TEST_STEP][PASSED] - Statement - out.println("RQty : " + Rqty): null

2018-05-16 18:36:17 - [TEST_STEP][PASSED] - Statement - If (java.lang.Integer.valueOf(batchqty) >= java.lang.Integer.valueOf(Rqty)): null

2018-05-16 18:36:17 - [TEST_STEP][PASSED] - Statement - Else: null

2018-05-16 18:36:17 - [TEST_STEP][PASSED] - Statement - out.println("Batchqty Is Less Than Rqty"): null

2018-05-16 18:36:17 - [TEST_STEP][PASSED] - Statement - product = new com.kms.katalon.core.testobject.TestObject(): null

2018-05-16 18:36:17 - [TEST_STEP][PASSED] - Statement - product = com.kms.katalon.core.webui.keyword.WebUiBuiltInKeywords.modifyObjectProperty(product, "xpath", "equals", "//*[@id = "fldvendor" + row + ""]", true): Modify property of object successfully

2018-05-16 18:36:17 - [MESSAGE][PASSED] - Modify property of object successfully

2018-05-16 18:36:17 - [TEST_STEP][PASSED] - selectOptionByIndex: All options with index in [5] are selected on object ''

2018-05-16 18:36:17 - [MESSAGE][PASSED] - All options with index in [5] are selected on object ''

2018-05-16 18:36:17 - [TEST_STEP][PASSED] - Statement - batch = new com.kms.katalon.core.testobject.TestObject(): null

2018-05-16 18:36:17 - [TEST_STEP][PASSED] - Statement - batch = com.kms.katalon.core.webui.keyword.WebUiBuiltInKeywords.modifyObjectProperty(batch, "xpath", "equals", "//*[@id = "txtbthqty" + row + ""]", true): Modify property of object successfully

2018-05-16 18:36:17 - [MESSAGE][PASSED] - Modify property of object successfully

2018-05-16 18:36:17 - [TEST_STEP][PASSED] - Statement - batchqty = com.kms.katalon.core.webui.keyword.WebUiBuiltInKeywords.getAttribute(batch, "value").trim(): Attribute 'value' of object '' is: '5000'

2018-05-16 18:36:17 - [MESSAGE][PASSED] - Attribute 'value' of object '' is: '5000'

2018-05-16 18:36:17 - [TEST_STEP][PASSED] - Statement - Rqty = 10000: null

2018-05-16 18:36:17 - [TEST_STEP][PASSED] - delay: Delayed 2 second(s)

2018-05-16 18:36:19 - [MESSAGE][PASSED] - Delayed 2 second(s)

2018-05-16 18:36:19 - [TEST_STEP][PASSED] - Statement - out.println("BatchQty : " + batchqty): null

2018-05-16 18:36:19 - [TEST_STEP][PASSED] - Statement - out.println("RQty : " + Rqty): null

2018-05-16 18:36:19 - [TEST_STEP][PASSED] - Statement - If (java.lang.Integer.valueOf(batchqty) >= java.lang.Integer.valueOf(Rqty)): null

2018-05-16 18:36:19 - [TEST_STEP][PASSED] - Statement - Else: null

2018-05-16 18:36:19 - [TEST_STEP][PASSED] - Statement - out.println("Batchqty Is Less Than Rqty"): null

2018-05-16 18:36:19 - [TEST_STEP][PASSED] - Statement - product = new com.kms.katalon.core.testobject.TestObject(): null

2018-05-16 18:36:19 - [TEST_STEP][PASSED] - Statement - product = com.kms.katalon.core.webui.keyword.WebUiBuiltInKeywords.modifyObjectProperty(product, "xpath", "equals", "//*[@id = "fldvendor" + row + ""]", true): Modify property of object successfully

2018-05-16 18:36:19 - [MESSAGE][PASSED] - Modify property of object successfully

2018-05-16 18:36:19 - [TEST_STEP][PASSED] - selectOptionByIndex: All options with index in [6] are selected on object ''

2018-05-16 18:36:19 - [MESSAGE][PASSED] - All options with index in [6] are selected on object ''

2018-05-16 18:36:19 - [TEST_STEP][PASSED] - Statement - batch = new com.kms.katalon.core.testobject.TestObject(): null

2018-05-16 18:36:19 - [TEST_STEP][PASSED] - Statement - batch = com.kms.katalon.core.webui.keyword.WebUiBuiltInKeywords.modifyObjectProperty(batch, "xpath", "equals", "//*[@id = "txtbthqty" + row + ""]", true): Modify property of object successfully

2018-05-16 18:36:19 - [MESSAGE][PASSED] - Modify property of object successfully

2018-05-16 18:36:19 - [TEST_STEP][PASSED] - Statement - batchqty = com.kms.katalon.core.webui.keyword.WebUiBuiltInKeywords.getAttribute(batch, "value").trim(): Attribute 'value' of object '' is: '5000'

2018-05-16 18:36:19 - [MESSAGE][PASSED] - Attribute 'value' of object '' is: '5000'

2018-05-16 18:36:19 - [TEST_STEP][PASSED] - Statement - Rqty = 10000: null

2018-05-16 18:36:19 - [TEST_STEP][PASSED] - delay: Delayed 2 second(s)

2018-05-16 18:36:21 - [MESSAGE][PASSED] - Delayed 2 second(s)

2018-05-16 18:36:21 - [TEST_STEP][PASSED] - Statement - out.println("BatchQty : " + batchqty): null

2018-05-16 18:36:21 - [TEST_STEP][PASSED] - Statement - out.println("RQty : " + Rqty): null

2018-05-16 18:36:21 - [TEST_STEP][PASSED] - Statement - If (java.lang.Integer.valueOf(batchqty) >= java.lang.Integer.valueOf(Rqty)): null

2018-05-16 18:36:21 - [TEST_STEP][PASSED] - Statement - Else: null

2018-05-16 18:36:21 - [TEST_STEP][PASSED] - Statement - out.println("Batchqty Is Less Than Rqty"): null

2018-05-16 18:36:21 - [TEST_STEP][PASSED] - Statement - product = new com.kms.katalon.core.testobject.TestObject(): null

2018-05-16 18:36:21 - [TEST_STEP][PASSED] - Statement - product = com.kms.katalon.core.webui.keyword.WebUiBuiltInKeywords.modifyObjectProperty(product, "xpath", "equals", "//*[@id = "fldvendor" + row + ""]", true): Modify property of object successfully

2018-05-16 18:36:21 - [MESSAGE][PASSED] - Modify property of object successfully

2018-05-16 18:36:21 - [TEST_STEP][PASSED] - selectOptionByIndex: All options with index in [7] are selected on object ''

2018-05-16 18:36:21 - [MESSAGE][PASSED] - All options with index in [7] are selected on object ''

2018-05-16 18:36:21 - [TEST_STEP][PASSED] - Statement - batch = new com.kms.katalon.core.testobject.TestObject(): null

2018-05-16 18:36:21 - [TEST_STEP][PASSED] - Statement - batch = com.kms.katalon.core.webui.keyword.WebUiBuiltInKeywords.modifyObjectProperty(batch, "xpath", "equals", "//*[@id = "txtbthqty" + row + ""]", true): Modify property of object successfully

2018-05-16 18:36:21 - [MESSAGE][PASSED] - Modify property of object successfully

2018-05-16 18:36:21 - [TEST_STEP][PASSED] - Statement - batchqty = com.kms.katalon.core.webui.keyword.WebUiBuiltInKeywords.getAttribute(batch, "value").trim(): Attribute 'value' of object '' is: '5000'

2018-05-16 18:36:21 - [MESSAGE][PASSED] - Attribute 'value' of object '' is: '5000'

2018-05-16 18:36:21 - [TEST_STEP][PASSED] - Statement - Rqty = 10000: null

2018-05-16 18:36:21 - [TEST_STEP][PASSED] - delay: Delayed 2 second(s)

2018-05-16 18:36:23 - [MESSAGE][PASSED] - Delayed 2 second(s)

2018-05-16 18:36:23 - [TEST_STEP][PASSED] - Statement - out.println("BatchQty : " + batchqty): null

2018-05-16 18:36:23 - [TEST_STEP][PASSED] - Statement - out.println("RQty : " + Rqty): null

2018-05-16 18:36:23 - [TEST_STEP][PASSED] - Statement - If (java.lang.Integer.valueOf(batchqty) >= java.lang.Integer.valueOf(Rqty)): null

2018-05-16 18:36:23 - [TEST_STEP][PASSED] - Statement - Else: null

2018-05-16 18:36:23 - [TEST_STEP][PASSED] - Statement - out.println("Batchqty Is Less Than Rqty"): null

2018-05-16 18:36:23 - [TEST_STEP][PASSED] - Statement - product = new com.kms.katalon.core.testobject.TestObject(): null

2018-05-16 18:36:23 - [TEST_STEP][PASSED] - Statement - product = com.kms.katalon.core.webui.keyword.WebUiBuiltInKeywords.modifyObjectProperty(product, "xpath", "equals", "//*[@id = "fldvendor" + row + ""]", true): Modify property of object successfully

2018-05-16 18:36:23 - [MESSAGE][PASSED] - Modify property of object successfully

2018-05-16 18:36:23 - [TEST_STEP][PASSED] - selectOptionByIndex: All options with index in [8] are selected on object ''

2018-05-16 18:36:23 - [MESSAGE][PASSED] - All options with index in [8] are selected on object ''

2018-05-16 18:36:23 - [TEST_STEP][PASSED] - Statement - batch = new com.kms.katalon.core.testobject.TestObject(): null

2018-05-16 18:36:23 - [TEST_STEP][PASSED] - Statement - batch = com.kms.katalon.core.webui.keyword.WebUiBuiltInKeywords.modifyObjectProperty(batch, "xpath", "equals", "//*[@id = "txtbthqty" + row + ""]", true): Modify property of object successfully

2018-05-16 18:36:23 - [MESSAGE][PASSED] - Modify property of object successfully

2018-05-16 18:36:23 - [TEST_STEP][PASSED] - Statement - batchqty = com.kms.katalon.core.webui.keyword.WebUiBuiltInKeywords.getAttribute(batch, "value").trim(): Attribute 'value' of object '' is: '5000'

2018-05-16 18:36:23 - [MESSAGE][PASSED] - Attribute 'value' of object '' is: '5000'

2018-05-16 18:36:23 - [TEST_STEP][PASSED] - Statement - Rqty = 10000: null

2018-05-16 18:36:23 - [TEST_STEP][PASSED] - delay: Delayed 2 second(s)

2018-05-16 18:36:25 - [MESSAGE][PASSED] - Delayed 2 second(s)

2018-05-16 18:36:25 - [TEST_STEP][PASSED] - Statement - out.println("BatchQty : " + batchqty): null

2018-05-16 18:36:25 - [TEST_STEP][PASSED] - Statement - out.println("RQty : " + Rqty): null

2018-05-16 18:36:25 - [TEST_STEP][PASSED] - Statement - If (java.lang.Integer.valueOf(batchqty) >= java.lang.Integer.valueOf(Rqty)): null

2018-05-16 18:36:25 - [TEST_STEP][PASSED] - Statement - Else: null

2018-05-16 18:36:25 - [TEST_STEP][PASSED] - Statement - out.println("Batchqty Is Less Than Rqty"): null

2018-05-16 18:36:25 - [TEST_STEP][PASSED] - Statement - product = new com.kms.katalon.core.testobject.TestObject(): null

2018-05-16 18:36:25 - [TEST_STEP][PASSED] - Statement - product = com.kms.katalon.core.webui.keyword.WebUiBuiltInKeywords.modifyObjectProperty(product, "xpath", "equals", "//*[@id = "fldvendor" + row + ""]", true): Modify property of object successfully

2018-05-16 18:36:25 - [MESSAGE][PASSED] - Modify property of object successfully

2018-05-16 18:36:25 - [TEST_STEP][PASSED] - selectOptionByIndex: All options with index in [9] are selected on object ''

2018-05-16 18:36:26 - [MESSAGE][PASSED] - All options with index in [9] are selected on object ''

2018-05-16 18:36:26 - [TEST_STEP][PASSED] - Statement - batch = new com.kms.katalon.core.testobject.TestObject(): null

2018-05-16 18:36:26 - [TEST_STEP][PASSED] - Statement - batch = com.kms.katalon.core.webui.keyword.WebUiBuiltInKeywords.modifyObjectProperty(batch, "xpath", "equals", "//*[@id = "txtbthqty" + row + ""]", true): Modify property of object successfully

2018-05-16 18:36:26 - [MESSAGE][PASSED] - Modify property of object successfully

2018-05-16 18:36:26 - [TEST_STEP][PASSED] - Statement - batchqty = com.kms.katalon.core.webui.keyword.WebUiBuiltInKeywords.getAttribute(batch, "value").trim(): Attribute 'value' of object '' is: '29800'

2018-05-16 18:36:26 - [MESSAGE][PASSED] - Attribute 'value' of object '' is: '29800'

2018-05-16 18:36:26 - [TEST_STEP][PASSED] - Statement - Rqty = 10000: null

2018-05-16 18:36:26 - [TEST_STEP][PASSED] - delay: Delayed 2 second(s)

2018-05-16 18:36:28 - [MESSAGE][PASSED] - Delayed 2 second(s)

2018-05-16 18:36:28 - [TEST_STEP][PASSED] - Statement - out.println("BatchQty : " + batchqty): null

2018-05-16 18:36:28 - [TEST_STEP][PASSED] - Statement - out.println("RQty : " + Rqty): null

2018-05-16 18:36:28 - [TEST_STEP][PASSED] - Statement - If (java.lang.Integer.valueOf(batchqty) >= java.lang.Integer.valueOf(Rqty)): null

2018-05-16 18:36:28 - [TEST_STEP][PASSED] - Statement - Break: null

2018-05-16 18:36:28 - [TEST_STEP][PASSED] - Statement - batchlength = new com.kms.katalon.core.testobject.TestObject(): null

2018-05-16 18:36:28 - [TEST_STEP][PASSED] - Statement - batchlength = com.kms.katalon.core.webui.keyword.WebUiBuiltInKeywords.modifyObjectProperty(batchlength, "xpath", "equals", "//*[@id = "fldvendor" + row + ""]", true): Modify property of object successfully

2018-05-16 18:36:28 - [MESSAGE][PASSED] - Modify property of object successfully

2018-05-16 18:36:28 - [TEST_STEP][PASSED] - Statement - batchsize = com.kms.katalon.core.webui.keyword.WebUiBuiltInKeywords.getNumberOfTotalOption(batchlength): 11 options of object '' counted

2018-05-16 18:36:28 - [MESSAGE][PASSED] - 11 options of object '' counted

2018-05-16 18:36:28 - [TEST_STEP][PASSED] - Statement - out.println("BatchSize : " + batchsize): null

2018-05-16 18:36:28 - [TEST_STEP][PASSED] - Statement - For ([n = 1, n <= batchsize - 1, (n++)]): null

2018-05-16 18:36:28 - [TEST_STEP][PASSED] - Statement - product = new com.kms.katalon.core.testobject.TestObject(): null

2018-05-16 18:36:28 - [TEST_STEP][PASSED] - Statement - product = com.kms.katalon.core.webui.keyword.WebUiBuiltInKeywords.modifyObjectProperty(product, "xpath", "equals", "//*[@id = "fldvendor" + row + ""]", true): Modify property of object successfully

2018-05-16 18:36:28 - [MESSAGE][PASSED] - Modify property of object successfully

2018-05-16 18:36:28 - [TEST_STEP][PASSED] - selectOptionByIndex: All options with index in [1] are selected on object ''

2018-05-16 18:36:28 - [MESSAGE][PASSED] - All options with index in [1] are selected on object ''

2018-05-16 18:36:28 - [TEST_STEP][PASSED] - Statement - batch = new com.kms.katalon.core.testobject.TestObject(): null

2018-05-16 18:36:28 - [TEST_STEP][PASSED] - Statement - batch = com.kms.katalon.core.webui.keyword.WebUiBuiltInKeywords.modifyObjectProperty(batch, "xpath", "equals", "//*[@id = "txtbthqty" + row + ""]", true): Modify property of object successfully

2018-05-16 18:36:28 - [MESSAGE][PASSED] - Modify property of object successfully

2018-05-16 18:36:28 - [TEST_STEP][PASSED] - Statement - batchqty = com.kms.katalon.core.webui.keyword.WebUiBuiltInKeywords.getAttribute(batch, "value").trim(): Attribute 'value' of object '' is: '500'

2018-05-16 18:36:28 - [MESSAGE][PASSED] - Attribute 'value' of object '' is: '500'

2018-05-16 18:36:28 - [TEST_STEP][PASSED] - Statement - Rqty = 10000: null

2018-05-16 18:36:28 - [TEST_STEP][PASSED] - delay: Delayed 2 second(s)

2018-05-16 18:36:30 - [MESSAGE][PASSED] - Delayed 2 second(s)

2018-05-16 18:36:30 - [TEST_STEP][PASSED] - Statement - out.println("BatchQty : " + batchqty): null

2018-05-16 18:36:30 - [TEST_STEP][PASSED] - Statement - out.println("RQty : " + Rqty): null

2018-05-16 18:36:30 - [TEST_STEP][PASSED] - Statement - If (java.lang.Integer.valueOf(batchqty) >= java.lang.Integer.valueOf(Rqty)): null

2018-05-16 18:36:30 - [TEST_STEP][PASSED] - Statement - Else: null

2018-05-16 18:36:30 - [TEST_STEP][PASSED] - Statement - out.println("Batchqty Is Less Than Rqty"): null

2018-05-16 18:36:30 - [TEST_STEP][PASSED] - Statement - product = new com.kms.katalon.core.testobject.TestObject(): null

2018-05-16 18:36:30 - [TEST_STEP][PASSED] - Statement - product = com.kms.katalon.core.webui.keyword.WebUiBuiltInKeywords.modifyObjectProperty(product, "xpath", "equals", "//*[@id = "fldvendor" + row + ""]", true): Modify property of object successfully

2018-05-16 18:36:30 - [MESSAGE][PASSED] - Modify property of object successfully

2018-05-16 18:36:30 - [TEST_STEP][PASSED] - selectOptionByIndex: All options with index in [2] are selected on object ''

2018-05-16 18:36:30 - [MESSAGE][PASSED] - All options with index in [2] are selected on object ''

2018-05-16 18:36:30 - [TEST_STEP][PASSED] - Statement - batch = new com.kms.katalon.core.testobject.TestObject(): null

2018-05-16 18:36:30 - [TEST_STEP][PASSED] - Statement - batch = com.kms.katalon.core.webui.keyword.WebUiBuiltInKeywords.modifyObjectProperty(batch, "xpath", "equals", "//*[@id = "txtbthqty" + row + ""]", true): Modify property of object successfully

2018-05-16 18:36:30 - [MESSAGE][PASSED] - Modify property of object successfully

2018-05-16 18:36:30 - [TEST_STEP][PASSED] - Statement - batchqty = com.kms.katalon.core.webui.keyword.WebUiBuiltInKeywords.getAttribute(batch, "value").trim(): Attribute 'value' of object '' is: '5000'

2018-05-16 18:36:30 - [MESSAGE][PASSED] - Attribute 'value' of object '' is: '5000'

2018-05-16 18:36:30 - [TEST_STEP][PASSED] - Statement - Rqty = 10000: null

2018-05-16 18:36:30 - [TEST_STEP][PASSED] - delay: Delayed 2 second(s)

2018-05-16 18:36:32 - [MESSAGE][PASSED] - Delayed 2 second(s)

2018-05-16 18:36:32 - [TEST_STEP][PASSED] - Statement - out.println("BatchQty : " + batchqty): null

2018-05-16 18:36:32 - [TEST_STEP][PASSED] - Statement - out.println("RQty : " + Rqty): null

2018-05-16 18:36:32 - [TEST_STEP][PASSED] - Statement - If (java.lang.Integer.valueOf(batchqty) >= java.lang.Integer.valueOf(Rqty)): null

2018-05-16 18:36:32 - [TEST_STEP][PASSED] - Statement - Else: null

2018-05-16 18:36:32 - [TEST_STEP][PASSED] - Statement - out.println("Batchqty Is Less Than Rqty"): null

2018-05-16 18:36:32 - [TEST_STEP][PASSED] - Statement - product = new com.kms.katalon.core.testobject.TestObject(): null

2018-05-16 18:36:32 - [TEST_STEP][PASSED] - Statement - product = com.kms.katalon.core.webui.keyword.WebUiBuiltInKeywords.modifyObjectProperty(product, "xpath", "equals", "//*[@id = "fldvendor" + row + ""]", true): Modify property of object successfully

2018-05-16 18:36:32 - [MESSAGE][PASSED] - Modify property of object successfully

2018-05-16 18:36:32 - [TEST_STEP][PASSED] - selectOptionByIndex: All options with index in [3] are selected on object ''

2018-05-16 18:36:32 - [MESSAGE][PASSED] - All options with index in [3] are selected on object ''

2018-05-16 18:36:32 - [TEST_STEP][PASSED] - Statement - batch = new com.kms.katalon.core.testobject.TestObject(): null

2018-05-16 18:36:32 - [TEST_STEP][PASSED] - Statement - batch = com.kms.katalon.core.webui.keyword.WebUiBuiltInKeywords.modifyObjectProperty(batch, "xpath", "equals", "//*[@id = "txtbthqty" + row + ""]", true): Modify property of object successfully

2018-05-16 18:36:32 - [MESSAGE][PASSED] - Modify property of object successfully

2018-05-16 18:36:32 - [TEST_STEP][PASSED] - Statement - batchqty = com.kms.katalon.core.webui.keyword.WebUiBuiltInKeywords.getAttribute(batch, "value").trim(): Attribute 'value' of object '' is: '5000'

2018-05-16 18:36:32 - [MESSAGE][PASSED] - Attribute 'value' of object '' is: '5000'

2018-05-16 18:36:32 - [TEST_STEP][PASSED] - Statement - Rqty = 10000: null

2018-05-16 18:36:32 - [TEST_STEP][PASSED] - delay: Delayed 2 second(s)

2018-05-16 18:36:34 - [MESSAGE][PASSED] - Delayed 2 second(s)

2018-05-16 18:36:34 - [TEST_STEP][PASSED] - Statement - out.println("BatchQty : " + batchqty): null

2018-05-16 18:36:34 - [TEST_STEP][PASSED] - Statement - out.println("RQty : " + Rqty): null

2018-05-16 18:36:34 - [TEST_STEP][PASSED] - Statement - If (java.lang.Integer.valueOf(batchqty) >= java.lang.Integer.valueOf(Rqty)): null

2018-05-16 18:36:34 - [TEST_STEP][PASSED] - Statement - Else: null

2018-05-16 18:36:34 - [TEST_STEP][PASSED] - Statement - out.println("Batchqty Is Less Than Rqty"): null

2018-05-16 18:36:34 - [TEST_STEP][PASSED] - Statement - product = new com.kms.katalon.core.testobject.TestObject(): null

2018-05-16 18:36:34 - [TEST_STEP][PASSED] - Statement - product = com.kms.katalon.core.webui.keyword.WebUiBuiltInKeywords.modifyObjectProperty(product, "xpath", "equals", "//*[@id = "fldvendor" + row + ""]", true): Modify property of object successfully

2018-05-16 18:36:34 - [MESSAGE][PASSED] - Modify property of object successfully

2018-05-16 18:36:34 - [TEST_STEP][PASSED] - selectOptionByIndex: All options with index in [4] are selected on object ''

2018-05-16 18:36:35 - [MESSAGE][PASSED] - All options with index in [4] are selected on object ''

2018-05-16 18:36:35 - [TEST_STEP][PASSED] - Statement - batch = new com.kms.katalon.core.testobject.TestObject(): null

2018-05-16 18:36:35 - [TEST_STEP][PASSED] - Statement - batch = com.kms.katalon.core.webui.keyword.WebUiBuiltInKeywords.modifyObjectProperty(batch, "xpath", "equals", "//*[@id = "txtbthqty" + row + ""]", true): Modify property of object successfully

2018-05-16 18:36:35 - [MESSAGE][PASSED] - Modify property of object successfully

2018-05-16 18:36:35 - [TEST_STEP][PASSED] - Statement - batchqty = com.kms.katalon.core.webui.keyword.WebUiBuiltInKeywords.getAttribute(batch, "value").trim(): Attribute 'value' of object '' is: '5000'

2018-05-16 18:36:35 - [MESSAGE][PASSED] - Attribute 'value' of object '' is: '5000'

2018-05-16 18:36:35 - [TEST_STEP][PASSED] - Statement - Rqty = 10000: null

2018-05-16 18:36:35 - [TEST_STEP][PASSED] - delay: Delayed 2 second(s)

2018-05-16 18:36:37 - [MESSAGE][PASSED] - Delayed 2 second(s)

2018-05-16 18:36:37 - [TEST_STEP][PASSED] - Statement - out.println("BatchQty : " + batchqty): null

2018-05-16 18:36:37 - [TEST_STEP][PASSED] - Statement - out.println("RQty : " + Rqty): null

2018-05-16 18:36:37 - [TEST_STEP][PASSED] - Statement - If (java.lang.Integer.valueOf(batchqty) >= java.lang.Integer.valueOf(Rqty)): null

2018-05-16 18:36:37 - [TEST_STEP][PASSED] - Statement - Else: null

2018-05-16 18:36:37 - [TEST_STEP][PASSED] - Statement - out.println("Batchqty Is Less Than Rqty"): null

2018-05-16 18:36:37 - [TEST_STEP][PASSED] - Statement - product = new com.kms.katalon.core.testobject.TestObject(): null

2018-05-16 18:36:37 - [TEST_STEP][PASSED] - Statement - product = com.kms.katalon.core.webui.keyword.WebUiBuiltInKeywords.modifyObjectProperty(product, "xpath", "equals", "//*[@id = "fldvendor" + row + ""]", true): Modify property of object successfully

2018-05-16 18:36:37 - [MESSAGE][PASSED] - Modify property of object successfully

2018-05-16 18:36:37 - [TEST_STEP][PASSED] - selectOptionByIndex: All options with index in [5] are selected on object ''

2018-05-16 18:36:37 - [MESSAGE][PASSED] - All options with index in [5] are selected on object ''

2018-05-16 18:36:37 - [TEST_STEP][PASSED] - Statement - batch = new com.kms.katalon.core.testobject.TestObject(): null

2018-05-16 18:36:37 - [TEST_STEP][PASSED] - Statement - batch = com.kms.katalon.core.webui.keyword.WebUiBuiltInKeywords.modifyObjectProperty(batch, "xpath", "equals", "//*[@id = "txtbthqty" + row + ""]", true): Modify property of object successfully

2018-05-16 18:36:37 - [MESSAGE][PASSED] - Modify property of object successfully

2018-05-16 18:36:37 - [TEST_STEP][PASSED] - Statement - batchqty = com.kms.katalon.core.webui.keyword.WebUiBuiltInKeywords.getAttribute(batch, "value").trim(): Attribute 'value' of object '' is: '33900'

2018-05-16 18:36:37 - [MESSAGE][PASSED] - Attribute 'value' of object '' is: '33900'

2018-05-16 18:36:37 - [TEST_STEP][PASSED] - Statement - Rqty = 10000: null

2018-05-16 18:36:37 - [TEST_STEP][PASSED] - delay: Delayed 2 second(s)

2018-05-16 18:36:39 - [MESSAGE][PASSED] - Delayed 2 second(s)

2018-05-16 18:36:39 - [TEST_STEP][PASSED] - Statement - out.println("BatchQty : " + batchqty): null

2018-05-16 18:36:39 - [TEST_STEP][PASSED] - Statement - out.println("RQty : " + Rqty): null

2018-05-16 18:36:39 - [TEST_STEP][PASSED] - Statement - If (java.lang.Integer.valueOf(batchqty) >= java.lang.Integer.valueOf(Rqty)): null

2018-05-16 18:36:39 - [TEST_STEP][PASSED] - Statement - Break: null

2018-05-16 18:36:39 - [TEST_STEP][PASSED] - Statement - batchlength = new com.kms.katalon.core.testobject.TestObject(): null

2018-05-16 18:36:39 - [TEST_STEP][PASSED] - Statement - batchlength = com.kms.katalon.core.webui.keyword.WebUiBuiltInKeywords.modifyObjectProperty(batchlength, "xpath", "equals", "//*[@id = "fldvendor" + row + ""]", true): Modify property of object successfully

2018-05-16 18:36:39 - [MESSAGE][PASSED] - Modify property of object successfully

2018-05-16 18:36:39 - [TEST_STEP][PASSED] - Statement - batchsize = com.kms.katalon.core.webui.keyword.WebUiBuiltInKeywords.getNumberOfTotalOption(batchlength): 11 options of object '' counted

2018-05-16 18:36:39 - [MESSAGE][PASSED] - 11 options of object '' counted

2018-05-16 18:36:39 - [TEST_STEP][PASSED] - Statement - out.println("BatchSize : " + batchsize): null

2018-05-16 18:36:39 - [TEST_STEP][PASSED] - Statement - For ([n = 1, n <= batchsize - 1, (n++)]): null

2018-05-16 18:36:39 - [TEST_STEP][PASSED] - Statement - product = new com.kms.katalon.core.testobject.TestObject(): null

2018-05-16 18:36:39 - [TEST_STEP][PASSED] - Statement - product = com.kms.katalon.core.webui.keyword.WebUiBuiltInKeywords.modifyObjectProperty(product, "xpath", "equals", "//*[@id = "fldvendor" + row + ""]", true): Modify property of object successfully

2018-05-16 18:36:39 - [MESSAGE][PASSED] - Modify property of object successfully

2018-05-16 18:36:39 - [TEST_STEP][PASSED] - selectOptionByIndex: All options with index in [1] are selected on object ''

2018-05-16 18:36:39 - [MESSAGE][PASSED] - All options with index in [1] are selected on object ''

2018-05-16 18:36:39 - [TEST_STEP][PASSED] - Statement - batch = new com.kms.katalon.core.testobject.TestObject(): null

2018-05-16 18:36:39 - [TEST_STEP][PASSED] - Statement - batch = com.kms.katalon.core.webui.keyword.WebUiBuiltInKeywords.modifyObjectProperty(batch, "xpath", "equals", "//*[@id = "txtbthqty" + row + ""]", true): Modify property of object successfully

2018-05-16 18:36:39 - [MESSAGE][PASSED] - Modify property of object successfully

2018-05-16 18:36:39 - [TEST_STEP][PASSED] - Statement - batchqty = com.kms.katalon.core.webui.keyword.WebUiBuiltInKeywords.getAttribute(batch, "value").trim(): Attribute 'value' of object '' is: '5000'

2018-05-16 18:36:39 - [MESSAGE][PASSED] - Attribute 'value' of object '' is: '5000'

2018-05-16 18:36:39 - [TEST_STEP][PASSED] - Statement - Rqty = 10000: null

2018-05-16 18:36:39 - [TEST_STEP][PASSED] - delay: Delayed 2 second(s)

2018-05-16 18:36:41 - [MESSAGE][PASSED] - Delayed 2 second(s)

2018-05-16 18:36:41 - [TEST_STEP][PASSED] - Statement - out.println("BatchQty : " + batchqty): null

2018-05-16 18:36:41 - [TEST_STEP][PASSED] - Statement - out.println("RQty : " + Rqty): null

2018-05-16 18:36:41 - [TEST_STEP][PASSED] - Statement - If (java.lang.Integer.valueOf(batchqty) >= java.lang.Integer.valueOf(Rqty)): null

2018-05-16 18:36:41 - [TEST_STEP][PASSED] - Statement - Else: null

2018-05-16 18:36:41 - [TEST_STEP][PASSED] - Statement - out.println("Batchqty Is Less Than Rqty"): null

2018-05-16 18:36:41 - [TEST_STEP][PASSED] - Statement - product = new com.kms.katalon.core.testobject.TestObject(): null

2018-05-16 18:36:41 - [TEST_STEP][PASSED] - Statement - product = com.kms.katalon.core.webui.keyword.WebUiBuiltInKeywords.modifyObjectProperty(product, "xpath", "equals", "//*[@id = "fldvendor" + row + ""]", true): Modify property of object successfully

2018-05-16 18:36:41 - [MESSAGE][PASSED] - Modify property of object successfully

2018-05-16 18:36:41 - [TEST_STEP][PASSED] - selectOptionByIndex: All options with index in [2] are selected on object ''

2018-05-16 18:36:41 - [MESSAGE][PASSED] - All options with index in [2] are selected on object ''

2018-05-16 18:36:41 - [TEST_STEP][PASSED] - Statement - batch = new com.kms.katalon.core.testobject.TestObject(): null

2018-05-16 18:36:41 - [TEST_STEP][PASSED] - Statement - batch = com.kms.katalon.core.webui.keyword.WebUiBuiltInKeywords.modifyObjectProperty(batch, "xpath", "equals", "//*[@id = "txtbthqty" + row + ""]", true): Modify property of object successfully

2018-05-16 18:36:41 - [MESSAGE][PASSED] - Modify property of object successfully

2018-05-16 18:36:41 - [TEST_STEP][PASSED] - Statement - batchqty = com.kms.katalon.core.webui.keyword.WebUiBuiltInKeywords.getAttribute(batch, "value").trim(): Attribute 'value' of object '' is: '500'

2018-05-16 18:36:41 - [MESSAGE][PASSED] - Attribute 'value' of object '' is: '500'

2018-05-16 18:36:41 - [TEST_STEP][PASSED] - Statement - Rqty = 10000: null

2018-05-16 18:36:41 - [TEST_STEP][PASSED] - delay: Delayed 2 second(s)

2018-05-16 18:36:43 - [MESSAGE][PASSED] - Delayed 2 second(s)

2018-05-16 18:36:43 - [TEST_STEP][PASSED] - Statement - out.println("BatchQty : " + batchqty): null

2018-05-16 18:36:43 - [TEST_STEP][PASSED] - Statement - out.println("RQty : " + Rqty): null

2018-05-16 18:36:43 - [TEST_STEP][PASSED] - Statement - If (java.lang.Integer.valueOf(batchqty) >= java.lang.Integer.valueOf(Rqty)): null

2018-05-16 18:36:43 - [TEST_STEP][PASSED] - Statement - Else: null

2018-05-16 18:36:43 - [TEST_STEP][PASSED] - Statement - out.println("Batchqty Is Less Than Rqty"): null

2018-05-16 18:36:43 - [TEST_STEP][PASSED] - Statement - product = new com.kms.katalon.core.testobject.TestObject(): null

2018-05-16 18:36:43 - [TEST_STEP][PASSED] - Statement - product = com.kms.katalon.core.webui.keyword.WebUiBuiltInKeywords.modifyObjectProperty(product, "xpath", "equals", "//*[@id = "fldvendor" + row + ""]", true): Modify property of object successfully

2018-05-16 18:36:43 - [MESSAGE][PASSED] - Modify property of object successfully

2018-05-16 18:36:43 - [TEST_STEP][PASSED] - selectOptionByIndex: All options with index in [3] are selected on object ''

2018-05-16 18:36:44 - [MESSAGE][PASSED] - All options with index in [3] are selected on object ''

2018-05-16 18:36:44 - [TEST_STEP][PASSED] - Statement - batch = new com.kms.katalon.core.testobject.TestObject(): null

2018-05-16 18:36:44 - [TEST_STEP][PASSED] - Statement - batch = com.kms.katalon.core.webui.keyword.WebUiBuiltInKeywords.modifyObjectProperty(batch, "xpath", "equals", "//*[@id = "txtbthqty" + row + ""]", true): Modify property of object successfully

2018-05-16 18:36:44 - [MESSAGE][PASSED] - Modify property of object successfully

2018-05-16 18:36:44 - [TEST_STEP][PASSED] - Statement - batchqty = com.kms.katalon.core.webui.keyword.WebUiBuiltInKeywords.getAttribute(batch, "value").trim(): Attribute 'value' of object '' is: '5000'

2018-05-16 18:36:44 - [MESSAGE][PASSED] - Attribute 'value' of object '' is: '5000'

2018-05-16 18:36:44 - [TEST_STEP][PASSED] - Statement - Rqty = 10000: null

2018-05-16 18:36:44 - [TEST_STEP][PASSED] - delay: Delayed 2 second(s)

2018-05-16 18:36:46 - [MESSAGE][PASSED] - Delayed 2 second(s)

2018-05-16 18:36:46 - [TEST_STEP][PASSED] - Statement - out.println("BatchQty : " + batchqty): null

2018-05-16 18:36:46 - [TEST_STEP][PASSED] - Statement - out.println("RQty : " + Rqty): null

2018-05-16 18:36:46 - [TEST_STEP][PASSED] - Statement - If (java.lang.Integer.valueOf(batchqty) >= java.lang.Integer.valueOf(Rqty)): null

2018-05-16 18:36:46 - [TEST_STEP][PASSED] - Statement - Else: null

2018-05-16 18:36:46 - [TEST_STEP][PASSED] - Statement - out.println("Batchqty Is Less Than Rqty"): null

2018-05-16 18:36:46 - [TEST_STEP][PASSED] - Statement - product = new com.kms.katalon.core.testobject.TestObject(): null

2018-05-16 18:36:46 - [TEST_STEP][PASSED] - Statement - product = com.kms.katalon.core.webui.keyword.WebUiBuiltInKeywords.modifyObjectProperty(product, "xpath", "equals", "//*[@id = "fldvendor" + row + ""]", true): Modify property of object successfully

2018-05-16 18:36:46 - [MESSAGE][PASSED] - Modify property of object successfully

2018-05-16 18:36:46 - [TEST_STEP][PASSED] - selectOptionByIndex: All options with index in [4] are selected on object ''

2018-05-16 18:36:46 - [MESSAGE][PASSED] - All options with index in [4] are selected on object ''

2018-05-16 18:36:46 - [TEST_STEP][PASSED] - Statement - batch = new com.kms.katalon.core.testobject.TestObject(): null

2018-05-16 18:36:46 - [TEST_STEP][PASSED] - Statement - batch = com.kms.katalon.core.webui.keyword.WebUiBuiltInKeywords.modifyObjectProperty(batch, "xpath", "equals", "//*[@id = "txtbthqty" + row + ""]", true): Modify property of object successfully

2018-05-16 18:36:46 - [MESSAGE][PASSED] - Modify property of object successfully

2018-05-16 18:36:46 - [TEST_STEP][PASSED] - Statement - batchqty = com.kms.katalon.core.webui.keyword.WebUiBuiltInKeywords.getAttribute(batch, "value").trim(): Attribute 'value' of object '' is: '38900'

2018-05-16 18:36:46 - [MESSAGE][PASSED] - Attribute 'value' of object '' is: '38900'

2018-05-16 18:36:46 - [TEST_STEP][PASSED] - Statement - Rqty = 10000: null

2018-05-16 18:36:46 - [TEST_STEP][PASSED] - delay: Delayed 2 second(s)

2018-05-16 18:36:48 - [MESSAGE][PASSED] - Delayed 2 second(s)

2018-05-16 18:36:48 - [TEST_STEP][PASSED] - Statement - out.println("BatchQty : " + batchqty): null

2018-05-16 18:36:48 - [TEST_STEP][PASSED] - Statement - out.println("RQty : " + Rqty): null

2018-05-16 18:36:48 - [TEST_STEP][PASSED] - Statement - If (java.lang.Integer.valueOf(batchqty) >= java.lang.Integer.valueOf(Rqty)): null

2018-05-16 18:36:48 - [TEST_STEP][PASSED] - Statement - Break: null

2018-05-16 18:36:48 - [TEST_STEP][PASSED] - Statement - batchlength = new com.kms.katalon.core.testobject.TestObject(): null

2018-05-16 18:36:48 - [TEST_STEP][PASSED] - Statement - batchlength = com.kms.katalon.core.webui.keyword.WebUiBuiltInKeywords.modifyObjectProperty(batchlength, "xpath", "equals", "//*[@id = "fldvendor" + row + ""]", true): Modify property of object successfully

2018-05-16 18:36:48 - [MESSAGE][PASSED] - Modify property of object successfully

2018-05-16 18:36:48 - [TEST_STEP][PASSED] - Statement - batchsize = com.kms.katalon.core.webui.keyword.WebUiBuiltInKeywords.getNumberOfTotalOption(batchlength): 11 options of object '' counted

2018-05-16 18:36:48 - [MESSAGE][PASSED] - 11 options of object '' counted

2018-05-16 18:36:48 - [TEST_STEP][PASSED] - Statement - out.println("BatchSize : " + batchsize): null

2018-05-16 18:36:48 - [TEST_STEP][PASSED] - Statement - For ([n = 1, n <= batchsize - 1, (n++)]): null

2018-05-16 18:36:48 - [TEST_STEP][PASSED] - Statement - product = new com.kms.katalon.core.testobject.TestObject(): null

2018-05-16 18:36:48 - [TEST_STEP][PASSED] - Statement - product = com.kms.katalon.core.webui.keyword.WebUiBuiltInKeywords.modifyObjectProperty(product, "xpath", "equals", "//*[@id = "fldvendor" + row + ""]", true): Modify property of object successfully

2018-05-16 18:36:48 - [MESSAGE][PASSED] - Modify property of object successfully

2018-05-16 18:36:48 - [TEST_STEP][PASSED] - selectOptionByIndex: All options with index in [1] are selected on object ''

2018-05-16 18:36:48 - [MESSAGE][PASSED] - All options with index in [1] are selected on object ''

2018-05-16 18:36:48 - [TEST_STEP][PASSED] - Statement - batch = new com.kms.katalon.core.testobject.TestObject(): null

2018-05-16 18:36:48 - [TEST_STEP][PASSED] - Statement - batch = com.kms.katalon.core.webui.keyword.WebUiBuiltInKeywords.modifyObjectProperty(batch, "xpath", "equals", "//*[@id = "txtbthqty" + row + ""]", true): Modify property of object successfully

2018-05-16 18:36:48 - [MESSAGE][PASSED] - Modify property of object successfully

2018-05-16 18:36:48 - [TEST_STEP][PASSED] - Statement - batchqty = com.kms.katalon.core.webui.keyword.WebUiBuiltInKeywords.getAttribute(batch, "value").trim(): Attribute 'value' of object '' is: '33900'

2018-05-16 18:36:48 - [MESSAGE][PASSED] - Attribute 'value' of object '' is: '33900'

2018-05-16 18:36:48 - [TEST_STEP][PASSED] - Statement - Rqty = 10000: null

2018-05-16 18:36:48 - [TEST_STEP][PASSED] - delay: Delayed 2 second(s)

2018-05-16 18:36:50 - [MESSAGE][PASSED] - Delayed 2 second(s)

2018-05-16 18:36:50 - [TEST_STEP][PASSED] - Statement - out.println("BatchQty : " + batchqty): null

2018-05-16 18:36:50 - [TEST_STEP][PASSED] - Statement - out.println("RQty : " + Rqty): null

2018-05-16 18:36:50 - [TEST_STEP][PASSED] - Statement - If (java.lang.Integer.valueOf(batchqty) >= java.lang.Integer.valueOf(Rqty)): null

2018-05-16 18:36:50 - [TEST_STEP][PASSED] - Statement - Break: null

2018-05-16 18:36:50 - [TEST_STEP][PASSED] - Statement - batchlength = new com.kms.katalon.core.testobject.TestObject(): null

2018-05-16 18:36:50 - [TEST_STEP][PASSED] - Statement - batchlength = com.kms.katalon.core.webui.keyword.WebUiBuiltInKeywords.modifyObjectProperty(batchlength, "xpath", "equals", "//*[@id = "fldvendor" + row + ""]", true): Modify property of object successfully

2018-05-16 18:36:50 - [MESSAGE][PASSED] - Modify property of object successfully

2018-05-16 18:36:50 - [TEST_STEP][PASSED] - Statement - batchsize = com.kms.katalon.core.webui.keyword.WebUiBuiltInKeywords.getNumberOfTotalOption(batchlength): 11 options of object '' counted

2018-05-16 18:36:50 - [MESSAGE][PASSED] - 11 options of object '' counted

2018-05-16 18:36:50 - [TEST_STEP][PASSED] - Statement - out.println("BatchSize : " + batchsize): null

2018-05-16 18:36:50 - [TEST_STEP][PASSED] - Statement - For ([n = 1, n <= batchsize - 1, (n++)]): null

2018-05-16 18:36:50 - [TEST_STEP][PASSED] - Statement - product = new com.kms.katalon.core.testobject.TestObject(): null

2018-05-16 18:36:50 - [TEST_STEP][PASSED] - Statement - product = com.kms.katalon.core.webui.keyword.WebUiBuiltInKeywords.modifyObjectProperty(product, "xpath", "equals", "//*[@id = "fldvendor" + row + ""]", true): Modify property of object successfully

2018-05-16 18:36:50 - [MESSAGE][PASSED] - Modify property of object successfully

2018-05-16 18:36:50 - [TEST_STEP][PASSED] - selectOptionByIndex: All options with index in [1] are selected on object ''

2018-05-16 18:36:50 - [MESSAGE][PASSED] - All options with index in [1] are selected on object ''

2018-05-16 18:36:50 - [TEST_STEP][PASSED] - Statement - batch = new com.kms.katalon.core.testobject.TestObject(): null

2018-05-16 18:36:50 - [TEST_STEP][PASSED] - Statement - batch = com.kms.katalon.core.webui.keyword.WebUiBuiltInKeywords.modifyObjectProperty(batch, "xpath", "equals", "//*[@id = "txtbthqty" + row + ""]", true): Modify property of object successfully

2018-05-16 18:36:50 - [MESSAGE][PASSED] - Modify property of object successfully

2018-05-16 18:36:50 - [TEST_STEP][PASSED] - Statement - batchqty = com.kms.katalon.core.webui.keyword.WebUiBuiltInKeywords.getAttribute(batch, "value").trim(): Attribute 'value' of object '' is: '3000'

2018-05-16 18:36:50 - [MESSAGE][PASSED] - Attribute 'value' of object '' is: '3000'

2018-05-16 18:36:50 - [TEST_STEP][PASSED] - Statement - Rqty = 10000: null

2018-05-16 18:36:50 - [TEST_STEP][PASSED] - delay: Delayed 2 second(s)

2018-05-16 18:36:52 - [MESSAGE][PASSED] - Delayed 2 second(s)

2018-05-16 18:36:52 - [TEST_STEP][PASSED] - Statement - out.println("BatchQty : " + batchqty): null

2018-05-16 18:36:52 - [TEST_STEP][PASSED] - Statement - out.println("RQty : " + Rqty): null

2018-05-16 18:36:52 - [TEST_STEP][PASSED] - Statement - If (java.lang.Integer.valueOf(batchqty) >= java.lang.Integer.valueOf(Rqty)): null

2018-05-16 18:36:52 - [TEST_STEP][PASSED] - Statement - Else: null

2018-05-16 18:36:52 - [TEST_STEP][PASSED] - Statement - out.println("Batchqty Is Less Than Rqty"): null

2018-05-16 18:36:52 - [TEST_STEP][PASSED] - Statement - product = new com.kms.katalon.core.testobject.TestObject(): null

2018-05-16 18:36:52 - [TEST_STEP][PASSED] - Statement - product = com.kms.katalon.core.webui.keyword.WebUiBuiltInKeywords.modifyObjectProperty(product, "xpath", "equals", "//*[@id = "fldvendor" + row + ""]", true): Modify property of object successfully

2018-05-16 18:36:52 - [MESSAGE][PASSED] - Modify property of object successfully

2018-05-16 18:36:52 - [TEST_STEP][PASSED] - selectOptionByIndex: All options with index in [2] are selected on object ''

2018-05-16 18:36:52 - [MESSAGE][PASSED] - All options with index in [2] are selected on object ''

2018-05-16 18:36:52 - [TEST_STEP][PASSED] - Statement - batch = new com.kms.katalon.core.testobject.TestObject(): null

2018-05-16 18:36:52 - [TEST_STEP][PASSED] - Statement - batch = com.kms.katalon.core.webui.keyword.WebUiBuiltInKeywords.modifyObjectProperty(batch, "xpath", "equals", "//*[@id = "txtbthqty" + row + ""]", true): Modify property of object successfully

2018-05-16 18:36:52 - [MESSAGE][PASSED] - Modify property of object successfully

2018-05-16 18:36:52 - [TEST_STEP][PASSED] - Statement - batchqty = com.kms.katalon.core.webui.keyword.WebUiBuiltInKeywords.getAttribute(batch, "value").trim(): Attribute 'value' of object '' is: '39900'

2018-05-16 18:36:52 - [MESSAGE][PASSED] - Attribute 'value' of object '' is: '39900'

2018-05-16 18:36:52 - [TEST_STEP][PASSED] - Statement - Rqty = 10000: null

2018-05-16 18:36:52 - [TEST_STEP][PASSED] - delay: Delayed 2 second(s)

2018-05-16 18:36:54 - [MESSAGE][PASSED] - Delayed 2 second(s)

2018-05-16 18:36:54 - [TEST_STEP][PASSED] - Statement - out.println("BatchQty : " + batchqty): null

2018-05-16 18:36:54 - [TEST_STEP][PASSED] - Statement - out.println("RQty : " + Rqty): null

2018-05-16 18:36:54 - [TEST_STEP][PASSED] - Statement - If (java.lang.Integer.valueOf(batchqty) >= java.lang.Integer.valueOf(Rqty)): null

2018-05-16 18:36:54 - [TEST_STEP][PASSED] - Statement - Break: null

2018-05-16 18:36:54 - [TEST_STEP][PASSED] - Statement - batchlength = new com.kms.katalon.core.testobject.TestObject(): null

2018-05-16 18:36:54 - [TEST_STEP][PASSED] - Statement - batchlength = com.kms.katalon.core.webui.keyword.WebUiBuiltInKeywords.modifyObjectProperty(batchlength, "xpath", "equals", "//*[@id = "fldvendor" + row + ""]", true): Modify property of object successfully

2018-05-16 18:36:54 - [MESSAGE][PASSED] - Modify property of object successfully

2018-05-16 18:36:54 - [TEST_STEP][PASSED] - Statement - batchsize = com.kms.katalon.core.webui.keyword.WebUiBuiltInKeywords.getNumberOfTotalOption(batchlength): 11 options of object '' counted

2018-05-16 18:36:55 - [MESSAGE][PASSED] - 11 options of object '' counted

2018-05-16 18:36:55 - [TEST_STEP][PASSED] - Statement - out.println("BatchSize : " + batchsize): null

2018-05-16 18:36:55 - [TEST_STEP][PASSED] - Statement - For ([n = 1, n <= batchsize - 1, (n++)]): null

2018-05-16 18:36:55 - [TEST_STEP][PASSED] - Statement - product = new com.kms.katalon.core.testobject.TestObject(): null

2018-05-16 18:36:55 - [TEST_STEP][PASSED] - Statement - product = com.kms.katalon.core.webui.keyword.WebUiBuiltInKeywords.modifyObjectProperty(product, "xpath", "equals", "//*[@id = "fldvendor" + row + ""]", true): Modify property of object successfully

2018-05-16 18:36:55 - [MESSAGE][PASSED] - Modify property of object successfully

2018-05-16 18:36:55 - [TEST_STEP][PASSED] - selectOptionByIndex: All options with index in [1] are selected on object ''

2018-05-16 18:36:55 - [MESSAGE][PASSED] - All options with index in [1] are selected on object ''

2018-05-16 18:36:55 - [TEST_STEP][PASSED] - Statement - batch = new com.kms.katalon.core.testobject.TestObject(): null

2018-05-16 18:36:55 - [TEST_STEP][PASSED] - Statement - batch = com.kms.katalon.core.webui.keyword.WebUiBuiltInKeywords.modifyObjectProperty(batch, "xpath", "equals", "//*[@id = "txtbthqty" + row + ""]", true): Modify property of object successfully

2018-05-16 18:36:55 - [MESSAGE][PASSED] - Modify property of object successfully

2018-05-16 18:36:55 - [TEST_STEP][PASSED] - Statement - batchqty = com.kms.katalon.core.webui.keyword.WebUiBuiltInKeywords.getAttribute(batch, "value").trim(): Attribute 'value' of object '' is: '38900'

2018-05-16 18:36:55 - [MESSAGE][PASSED] - Attribute 'value' of object '' is: '38900'

2018-05-16 18:36:55 - [TEST_STEP][PASSED] - Statement - Rqty = 10000: null

2018-05-16 18:36:55 - [TEST_STEP][PASSED] - delay: Delayed 2 second(s)

2018-05-16 18:36:57 - [MESSAGE][PASSED] - Delayed 2 second(s)

2018-05-16 18:36:57 - [TEST_STEP][PASSED] - Statement - out.println("BatchQty : " + batchqty): null

2018-05-16 18:36:57 - [TEST_STEP][PASSED] - Statement - out.println("RQty : " + Rqty): null

2018-05-16 18:36:57 - [TEST_STEP][PASSED] - Statement - If (java.lang.Integer.valueOf(batchqty) >= java.lang.Integer.valueOf(Rqty)): null

2018-05-16 18:36:57 - [TEST_STEP][PASSED] - Statement - Break: null

2018-05-16 18:36:57 - [TEST_STEP][PASSED] - Statement - batchlength = new com.kms.katalon.core.testobject.TestObject(): null

2018-05-16 18:36:57 - [TEST_STEP][PASSED] - Statement - batchlength = com.kms.katalon.core.webui.keyword.WebUiBuiltInKeywords.modifyObjectProperty(batchlength, "xpath", "equals", "//*[@id = "fldvendor" + row + ""]", true): Modify property of object successfully

2018-05-16 18:36:57 - [MESSAGE][PASSED] - Modify property of object successfully

2018-05-16 18:36:57 - [TEST_STEP][PASSED] - Statement - batchsize = com.kms.katalon.core.webui.keyword.WebUiBuiltInKeywords.getNumberOfTotalOption(batchlength): 11 options of object '' counted

2018-05-16 18:36:57 - [MESSAGE][PASSED] - 11 options of object '' counted

2018-05-16 18:36:57 - [TEST_STEP][PASSED] - Statement - out.println("BatchSize : " + batchsize): null

2018-05-16 18:36:57 - [TEST_STEP][PASSED] - Statement - For ([n = 1, n <= batchsize - 1, (n++)]): null

2018-05-16 18:36:57 - [TEST_STEP][PASSED] - Statement - product = new com.kms.katalon.core.testobject.TestObject(): null

2018-05-16 18:36:57 - [TEST_STEP][PASSED] - Statement - product = com.kms.katalon.core.webui.keyword.WebUiBuiltInKeywords.modifyObjectProperty(product, "xpath", "equals", "//*[@id = "fldvendor" + row + ""]", true): Modify property of object successfully

2018-05-16 18:36:57 - [MESSAGE][PASSED] - Modify property of object successfully

2018-05-16 18:36:57 - [TEST_STEP][PASSED] - selectOptionByIndex: All options with index in [1] are selected on object ''

2018-05-16 18:36:57 - [MESSAGE][PASSED] - All options with index in [1] are selected on object ''

2018-05-16 18:36:57 - [TEST_STEP][PASSED] - Statement - batch = new com.kms.katalon.core.testobject.TestObject(): null

2018-05-16 18:36:57 - [TEST_STEP][PASSED] - Statement - batch = com.kms.katalon.core.webui.keyword.WebUiBuiltInKeywords.modifyObjectProperty(batch, "xpath", "equals", "//*[@id = "txtbthqty" + row + ""]", true): Modify property of object successfully

2018-05-16 18:36:57 - [MESSAGE][PASSED] - Modify property of object successfully

2018-05-16 18:36:57 - [TEST_STEP][PASSED] - Statement - batchqty = com.kms.katalon.core.webui.keyword.WebUiBuiltInKeywords.getAttribute(batch, "value").trim(): Attribute 'value' of object '' is: '5000'

2018-05-16 18:36:57 - [MESSAGE][PASSED] - Attribute 'value' of object '' is: '5000'

2018-05-16 18:36:57 - [TEST_STEP][PASSED] - Statement - Rqty = 10000: null

2018-05-16 18:36:57 - [TEST_STEP][PASSED] - delay: Delayed 2 second(s)

2018-05-16 18:36:59 - [MESSAGE][PASSED] - Delayed 2 second(s)

2018-05-16 18:36:59 - [TEST_STEP][PASSED] - Statement - out.println("BatchQty : " + batchqty): null

2018-05-16 18:36:59 - [TEST_STEP][PASSED] - Statement - out.println("RQty : " + Rqty): null

2018-05-16 18:36:59 - [TEST_STEP][PASSED] - Statement - If (java.lang.Integer.valueOf(batchqty) >= java.lang.Integer.valueOf(Rqty)): null

2018-05-16 18:36:59 - [TEST_STEP][PASSED] - Statement - Else: null

2018-05-16 18:36:59 - [TEST_STEP][PASSED] - Statement - out.println("Batchqty Is Less Than Rqty"): null

2018-05-16 18:36:59 - [TEST_STEP][PASSED] - Statement - product = new com.kms.katalon.core.testobject.TestObject(): null

2018-05-16 18:36:59 - [TEST_STEP][PASSED] - Statement - product = com.kms.katalon.core.webui.keyword.WebUiBuiltInKeywords.modifyObjectProperty(product, "xpath", "equals", "//*[@id = "fldvendor" + row + ""]", true): Modify property of object successfully

2018-05-16 18:36:59 - [MESSAGE][PASSED] - Modify property of object successfully

2018-05-16 18:36:59 - [TEST_STEP][PASSED] - selectOptionByIndex: All options with index in [2] are selected on object ''

2018-05-16 18:36:59 - [MESSAGE][PASSED] - All options with index in [2] are selected on object ''

2018-05-16 18:36:59 - [TEST_STEP][PASSED] - Statement - batch = new com.kms.katalon.core.testobject.TestObject(): null

2018-05-16 18:36:59 - [TEST_STEP][PASSED] - Statement - batch = com.kms.katalon.core.webui.keyword.WebUiBuiltInKeywords.modifyObjectProperty(batch, "xpath", "equals", "//*[@id = "txtbthqty" + row + ""]", true): Modify property of object successfully

2018-05-16 18:36:59 - [MESSAGE][PASSED] - Modify property of object successfully

2018-05-16 18:36:59 - [TEST_STEP][PASSED] - Statement - batchqty = com.kms.katalon.core.webui.keyword.WebUiBuiltInKeywords.getAttribute(batch, "value").trim(): Attribute 'value' of object '' is: '5000'

2018-05-16 18:36:59 - [MESSAGE][PASSED] - Attribute 'value' of object '' is: '5000'

2018-05-16 18:36:59 - [TEST_STEP][PASSED] - Statement - Rqty = 10000: null

2018-05-16 18:36:59 - [TEST_STEP][PASSED] - delay: Delayed 2 second(s)

2018-05-16 18:37:01 - [MESSAGE][PASSED] - Delayed 2 second(s)

2018-05-16 18:37:01 - [TEST_STEP][PASSED] - Statement - out.println("BatchQty : " + batchqty): null

2018-05-16 18:37:01 - [TEST_STEP][PASSED] - Statement - out.println("RQty : " + Rqty): null

2018-05-16 18:37:01 - [TEST_STEP][PASSED] - Statement - If (java.lang.Integer.valueOf(batchqty) >= java.lang.Integer.valueOf(Rqty)): null

2018-05-16 18:37:01 - [TEST_STEP][PASSED] - Statement - Else: null

2018-05-16 18:37:01 - [TEST_STEP][PASSED] - Statement - out.println("Batchqty Is Less Than Rqty"): null

2018-05-16 18:37:01 - [TEST_STEP][PASSED] - Statement - product = new com.kms.katalon.core.testobject.TestObject(): null

2018-05-16 18:37:01 - [TEST_STEP][PASSED] - Statement - product = com.kms.katalon.core.webui.keyword.WebUiBuiltInKeywords.modifyObjectProperty(product, "xpath", "equals", "//*[@id = "fldvendor" + row + ""]", true): Modify property of object successfully

2018-05-16 18:37:01 - [MESSAGE][PASSED] - Modify property of object successfully

2018-05-16 18:37:01 - [TEST_STEP][PASSED] - selectOptionByIndex: All options with index in [3] are selected on object ''

2018-05-16 18:37:01 - [MESSAGE][PASSED] - All options with index in [3] are selected on object ''

2018-05-16 18:37:01 - [TEST_STEP][PASSED] - Statement - batch = new com.kms.katalon.core.testobject.TestObject(): null

2018-05-16 18:37:01 - [TEST_STEP][PASSED] - Statement - batch = com.kms.katalon.core.webui.keyword.WebUiBuiltInKeywords.modifyObjectProperty(batch, "xpath", "equals", "//*[@id = "txtbthqty" + row + ""]", true): Modify property of object successfully

2018-05-16 18:37:01 - [MESSAGE][PASSED] - Modify property of object successfully

2018-05-16 18:37:01 - [TEST_STEP][PASSED] - Statement - batchqty = com.kms.katalon.core.webui.keyword.WebUiBuiltInKeywords.getAttribute(batch, "value").trim(): Attribute 'value' of object '' is: '500'

2018-05-16 18:37:01 - [MESSAGE][PASSED] - Attribute 'value' of object '' is: '500'

2018-05-16 18:37:01 - [TEST_STEP][PASSED] - Statement - Rqty = 10000: null

2018-05-16 18:37:01 - [TEST_STEP][PASSED] - delay: Delayed 2 second(s)

2018-05-16 18:37:03 - [MESSAGE][PASSED] - Delayed 2 second(s)

2018-05-16 18:37:03 - [TEST_STEP][PASSED] - Statement - out.println("BatchQty : " + batchqty): null

2018-05-16 18:37:03 - [TEST_STEP][PASSED] - Statement - out.println("RQty : " + Rqty): null

2018-05-16 18:37:03 - [TEST_STEP][PASSED] - Statement - If (java.lang.Integer.valueOf(batchqty) >= java.lang.Integer.valueOf(Rqty)): null

2018-05-16 18:37:03 - [TEST_STEP][PASSED] - Statement - Else: null

2018-05-16 18:37:03 - [TEST_STEP][PASSED] - Statement - out.println("Batchqty Is Less Than Rqty"): null

2018-05-16 18:37:03 - [TEST_STEP][PASSED] - Statement - product = new com.kms.katalon.core.testobject.TestObject(): null

2018-05-16 18:37:03 - [TEST_STEP][PASSED] - Statement - product = com.kms.katalon.core.webui.keyword.WebUiBuiltInKeywords.modifyObjectProperty(product, "xpath", "equals", "//*[@id = "fldvendor" + row + ""]", true): Modify property of object successfully

2018-05-16 18:37:03 - [MESSAGE][PASSED] - Modify property of object successfully

2018-05-16 18:37:03 - [TEST_STEP][PASSED] - selectOptionByIndex: All options with index in [4] are selected on object ''

2018-05-16 18:37:04 - [MESSAGE][PASSED] - All options with index in [4] are selected on object ''

2018-05-16 18:37:04 - [TEST_STEP][PASSED] - Statement - batch = new com.kms.katalon.core.testobject.TestObject(): null

2018-05-16 18:37:04 - [TEST_STEP][PASSED] - Statement - batch = com.kms.katalon.core.webui.keyword.WebUiBuiltInKeywords.modifyObjectProperty(batch, "xpath", "equals", "//*[@id = "txtbthqty" + row + ""]", true): Modify property of object successfully

2018-05-16 18:37:04 - [MESSAGE][PASSED] - Modify property of object successfully

2018-05-16 18:37:04 - [TEST_STEP][PASSED] - Statement - batchqty = com.kms.katalon.core.webui.keyword.WebUiBuiltInKeywords.getAttribute(batch, "value").trim(): Attribute 'value' of object '' is: '5000'

2018-05-16 18:37:04 - [MESSAGE][PASSED] - Attribute 'value' of object '' is: '5000'

2018-05-16 18:37:04 - [TEST_STEP][PASSED] - Statement - Rqty = 10000: null

2018-05-16 18:37:04 - [TEST_STEP][PASSED] - delay: Delayed 2 second(s)

2018-05-16 18:37:06 - [MESSAGE][PASSED] - Delayed 2 second(s)

2018-05-16 18:37:06 - [TEST_STEP][PASSED] - Statement - out.println("BatchQty : " + batchqty): null

2018-05-16 18:37:06 - [TEST_STEP][PASSED] - Statement - out.println("RQty : " + Rqty): null

2018-05-16 18:37:06 - [TEST_STEP][PASSED] - Statement - If (java.lang.Integer.valueOf(batchqty) >= java.lang.Integer.valueOf(Rqty)): null

2018-05-16 18:37:06 - [TEST_STEP][PASSED] - Statement - Else: null

2018-05-16 18:37:06 - [TEST_STEP][PASSED] - Statement - out.println("Batchqty Is Less Than Rqty"): null

2018-05-16 18:37:06 - [TEST_STEP][PASSED] - Statement - product = new com.kms.katalon.core.testobject.TestObject(): null

2018-05-16 18:37:06 - [TEST_STEP][PASSED] - Statement - product = com.kms.katalon.core.webui.keyword.WebUiBuiltInKeywords.modifyObjectProperty(product, "xpath", "equals", "//*[@id = "fldvendor" + row + ""]", true): Modify property of object successfully

2018-05-16 18:37:06 - [MESSAGE][PASSED] - Modify property of object successfully

2018-05-16 18:37:06 - [TEST_STEP][PASSED] - selectOptionByIndex: All options with index in [5] are selected on object ''

2018-05-16 18:37:06 - [MESSAGE][PASSED] - All options with index in [5] are selected on object ''

2018-05-16 18:37:06 - [TEST_STEP][PASSED] - Statement - batch = new com.kms.katalon.core.testobject.TestObject(): null

2018-05-16 18:37:06 - [TEST_STEP][PASSED] - Statement - batch = com.kms.katalon.core.webui.keyword.WebUiBuiltInKeywords.modifyObjectProperty(batch, "xpath", "equals", "//*[@id = "txtbthqty" + row + ""]", true): Modify property of object successfully

2018-05-16 18:37:06 - [MESSAGE][PASSED] - Modify property of object successfully

2018-05-16 18:37:06 - [TEST_STEP][PASSED] - Statement - batchqty = com.kms.katalon.core.webui.keyword.WebUiBuiltInKeywords.getAttribute(batch, "value").trim(): Attribute 'value' of object '' is: '33900'

2018-05-16 18:37:06 - [MESSAGE][PASSED] - Attribute 'value' of object '' is: '33900'

2018-05-16 18:37:06 - [TEST_STEP][PASSED] - Statement - Rqty = 10000: null

2018-05-16 18:37:06 - [TEST_STEP][PASSED] - delay: Delayed 2 second(s)

2018-05-16 18:37:08 - [MESSAGE][PASSED] - Delayed 2 second(s)

2018-05-16 18:37:08 - [TEST_STEP][PASSED] - Statement - out.println("BatchQty : " + batchqty): null

2018-05-16 18:37:08 - [TEST_STEP][PASSED] - Statement - out.println("RQty : " + Rqty): null

2018-05-16 18:37:08 - [TEST_STEP][PASSED] - Statement - If (java.lang.Integer.valueOf(batchqty) >= java.lang.Integer.valueOf(Rqty)): null

2018-05-16 18:37:08 - [TEST_STEP][PASSED] - Statement - Break: null

2018-05-16 18:37:08 - [TEST_STEP][PASSED] - Statement - batchlength = new com.kms.katalon.core.testobject.TestObject(): null

2018-05-16 18:37:08 - [TEST_STEP][PASSED] - Statement - batchlength = com.kms.katalon.core.webui.keyword.WebUiBuiltInKeywords.modifyObjectProperty(batchlength, "xpath", "equals", "//*[@id = "fldvendor" + row + ""]", true): Modify property of object successfully

2018-05-16 18:37:08 - [MESSAGE][PASSED] - Modify property of object successfully

2018-05-16 18:37:08 - [TEST_STEP][PASSED] - Statement - batchsize = com.kms.katalon.core.webui.keyword.WebUiBuiltInKeywords.getNumberOfTotalOption(batchlength): 11 options of object '' counted

2018-05-16 18:37:08 - [MESSAGE][PASSED] - 11 options of object '' counted

2018-05-16 18:37:08 - [TEST_STEP][PASSED] - Statement - out.println("BatchSize : " + batchsize): null

2018-05-16 18:37:08 - [TEST_STEP][PASSED] - Statement - For ([n = 1, n <= batchsize - 1, (n++)]): null

2018-05-16 18:37:08 - [TEST_STEP][PASSED] - Statement - product = new com.kms.katalon.core.testobject.TestObject(): null

2018-05-16 18:37:08 - [TEST_STEP][PASSED] - Statement - product = com.kms.katalon.core.webui.keyword.WebUiBuiltInKeywords.modifyObjectProperty(product, "xpath", "equals", "//*[@id = "fldvendor" + row + ""]", true): Modify property of object successfully

2018-05-16 18:37:08 - [MESSAGE][PASSED] - Modify property of object successfully

2018-05-16 18:37:08 - [TEST_STEP][PASSED] - selectOptionByIndex: All options with index in [1] are selected on object ''

2018-05-16 18:37:08 - [MESSAGE][PASSED] - All options with index in [1] are selected on object ''

2018-05-16 18:37:08 - [TEST_STEP][PASSED] - Statement - batch = new com.kms.katalon.core.testobject.TestObject(): null

2018-05-16 18:37:08 - [TEST_STEP][PASSED] - Statement - batch = com.kms.katalon.core.webui.keyword.WebUiBuiltInKeywords.modifyObjectProperty(batch, "xpath", "equals", "//*[@id = "txtbthqty" + row + ""]", true): Modify property of object successfully

2018-05-16 18:37:08 - [MESSAGE][PASSED] - Modify property of object successfully

2018-05-16 18:37:08 - [TEST_STEP][PASSED] - Statement - batchqty = com.kms.katalon.core.webui.keyword.WebUiBuiltInKeywords.getAttribute(batch, "value").trim(): Attribute 'value' of object '' is: '38900'

2018-05-16 18:37:08 - [MESSAGE][PASSED] - Attribute 'value' of object '' is: '38900'

2018-05-16 18:37:08 - [TEST_STEP][PASSED] - Statement - Rqty = 10000: null

2018-05-16 18:37:08 - [TEST_STEP][PASSED] - delay: Delayed 2 second(s)

2018-05-16 18:37:10 - [MESSAGE][PASSED] - Delayed 2 second(s)

2018-05-16 18:37:10 - [TEST_STEP][PASSED] - Statement - out.println("BatchQty : " + batchqty): null

2018-05-16 18:37:10 - [TEST_STEP][PASSED] - Statement - out.println("RQty : " + Rqty): null

2018-05-16 18:37:10 - [TEST_STEP][PASSED] - Statement - If (java.lang.Integer.valueOf(batchqty) >= java.lang.Integer.valueOf(Rqty)): null

2018-05-16 18:37:10 - [TEST_STEP][PASSED] - Statement - Break: null

2018-05-16 18:37:10 - [TEST_STEP][PASSED] - Statement - batchlength = new com.kms.katalon.core.testobject.TestObject(): null

2018-05-16 18:37:10 - [TEST_STEP][PASSED] - Statement - batchlength = com.kms.katalon.core.webui.keyword.WebUiBuiltInKeywords.modifyObjectProperty(batchlength, "xpath", "equals", "//*[@id = "fldvendor" + row + ""]", true): Modify property of object successfully

2018-05-16 18:37:10 - [MESSAGE][PASSED] - Modify property of object successfully

2018-05-16 18:37:10 - [TEST_STEP][PASSED] - Statement - batchsize = com.kms.katalon.core.webui.keyword.WebUiBuiltInKeywords.getNumberOfTotalOption(batchlength): 11 options of object '' counted

2018-05-16 18:37:10 - [MESSAGE][PASSED] - 11 options of object '' counted

2018-05-16 18:37:10 - [TEST_STEP][PASSED] - Statement - out.println("BatchSize : " + batchsize): null

2018-05-16 18:37:10 - [TEST_STEP][PASSED] - Statement - For ([n = 1, n <= batchsize - 1, (n++)]): null

2018-05-16 18:37:10 - [TEST_STEP][PASSED] - Statement - product = new com.kms.katalon.core.testobject.TestObject(): null

2018-05-16 18:37:10 - [TEST_STEP][PASSED] - Statement - product = com.kms.katalon.core.webui.keyword.WebUiBuiltInKeywords.modifyObjectProperty(product, "xpath", "equals", "//*[@id = "fldvendor" + row + ""]", true): Modify property of object successfully

2018-05-16 18:37:10 - [MESSAGE][PASSED] - Modify property of object successfully

2018-05-16 18:37:10 - [TEST_STEP][PASSED] - selectOptionByIndex: All options with index in [1] are selected on object ''

2018-05-16 18:37:10 - [MESSAGE][PASSED] - All options with index in [1] are selected on object ''

2018-05-16 18:37:10 - [TEST_STEP][PASSED] - Statement - batch = new com.kms.katalon.core.testobject.TestObject(): null

2018-05-16 18:37:10 - [TEST_STEP][PASSED] - Statement - batch = com.kms.katalon.core.webui.keyword.WebUiBuiltInKeywords.modifyObjectProperty(batch, "xpath", "equals", "//*[@id = "txtbthqty" + row + ""]", true): Modify property of object successfully

2018-05-16 18:37:10 - [MESSAGE][PASSED] - Modify property of object successfully

2018-05-16 18:37:10 - [TEST_STEP][PASSED] - Statement - batchqty = com.kms.katalon.core.webui.keyword.WebUiBuiltInKeywords.getAttribute(batch, "value").trim(): Attribute 'value' of object '' is: '38900'

2018-05-16 18:37:11 - [MESSAGE][PASSED] - Attribute 'value' of object '' is: '38900'

2018-05-16 18:37:11 - [TEST_STEP][PASSED] - Statement - Rqty = 10000: null

2018-05-16 18:37:11 - [TEST_STEP][PASSED] - delay: Delayed 2 second(s)

2018-05-16 18:37:13 - [MESSAGE][PASSED] - Delayed 2 second(s)

2018-05-16 18:37:13 - [TEST_STEP][PASSED] - Statement - out.println("BatchQty : " + batchqty): null

2018-05-16 18:37:13 - [TEST_STEP][PASSED] - Statement - out.println("RQty : " + Rqty): null

2018-05-16 18:37:13 - [TEST_STEP][PASSED] - Statement - If (java.lang.Integer.valueOf(batchqty) >= java.lang.Integer.valueOf(Rqty)): null

2018-05-16 18:37:13 - [TEST_STEP][PASSED] - Statement - Break: null

2018-05-16 18:37:13 - [TEST_STEP][PASSED] - Statement - batchlength = new com.kms.katalon.core.testobject.TestObject(): null

2018-05-16 18:37:13 - [TEST_STEP][PASSED] - Statement - batchlength = com.kms.katalon.core.webui.keyword.WebUiBuiltInKeywords.modifyObjectProperty(batchlength, "xpath", "equals", "//*[@id = "fldvendor" + row + ""]", true): Modify property of object successfully

2018-05-16 18:37:13 - [MESSAGE][PASSED] - Modify property of object successfully

2018-05-16 18:37:13 - [TEST_STEP][PASSED] - Statement - batchsize = com.kms.katalon.core.webui.keyword.WebUiBuiltInKeywords.getNumberOfTotalOption(batchlength): 11 options of object '' counted

2018-05-16 18:37:13 - [MESSAGE][PASSED] - 11 options of object '' counted

2018-05-16 18:37:13 - [TEST_STEP][PASSED] - Statement - out.println("BatchSize : " + batchsize): null

2018-05-16 18:37:13 - [TEST_STEP][PASSED] - Statement - For ([n = 1, n <= batchsize - 1, (n++)]): null

2018-05-16 18:37:13 - [TEST_STEP][PASSED] - Statement - product = new com.kms.katalon.core.testobject.TestObject(): null

2018-05-16 18:37:13 - [TEST_STEP][PASSED] - Statement - product = com.kms.katalon.core.webui.keyword.WebUiBuiltInKeywords.modifyObjectProperty(product, "xpath", "equals", "//*[@id = "fldvendor" + row + ""]", true): Modify property of object successfully

2018-05-16 18:37:13 - [MESSAGE][PASSED] - Modify property of object successfully

2018-05-16 18:37:13 - [TEST_STEP][PASSED] - selectOptionByIndex: All options with index in [1] are selected on object ''

2018-05-16 18:37:13 - [MESSAGE][PASSED] - All options with index in [1] are selected on object ''

2018-05-16 18:37:13 - [TEST_STEP][PASSED] - Statement - batch = new com.kms.katalon.core.testobject.TestObject(): null

2018-05-16 18:37:13 - [TEST_STEP][PASSED] - Statement - batch = com.kms.katalon.core.webui.keyword.WebUiBuiltInKeywords.modifyObjectProperty(batch, "xpath", "equals", "//*[@id = "txtbthqty" + row + ""]", true): Modify property of object successfully

2018-05-16 18:37:13 - [MESSAGE][PASSED] - Modify property of object successfully

2018-05-16 18:37:13 - [TEST_STEP][PASSED] - Statement - batchqty = com.kms.katalon.core.webui.keyword.WebUiBuiltInKeywords.getAttribute(batch, "value").trim(): Attribute 'value' of object '' is: '5000'

2018-05-16 18:37:13 - [MESSAGE][PASSED] - Attribute 'value' of object '' is: '5000'

2018-05-16 18:37:13 - [TEST_STEP][PASSED] - Statement - Rqty = 10000: null

2018-05-16 18:37:13 - [TEST_STEP][PASSED] - delay: Delayed 2 second(s)

2018-05-16 18:37:15 - [MESSAGE][PASSED] - Delayed 2 second(s)

2018-05-16 18:37:15 - [TEST_STEP][PASSED] - Statement - out.println("BatchQty : " + batchqty): null

2018-05-16 18:37:15 - [TEST_STEP][PASSED] - Statement - out.println("RQty : " + Rqty): null

2018-05-16 18:37:15 - [TEST_STEP][PASSED] - Statement - If (java.lang.Integer.valueOf(batchqty) >= java.lang.Integer.valueOf(Rqty)): null

2018-05-16 18:37:15 - [TEST_STEP][PASSED] - Statement - Else: null

2018-05-16 18:37:15 - [TEST_STEP][PASSED] - Statement - out.println("Batchqty Is Less Than Rqty"): null

2018-05-16 18:37:15 - [TEST_STEP][PASSED] - Statement - product = new com.kms.katalon.core.testobject.TestObject(): null

2018-05-16 18:37:15 - [TEST_STEP][PASSED] - Statement - product = com.kms.katalon.core.webui.keyword.WebUiBuiltInKeywords.modifyObjectProperty(product, "xpath", "equals", "//*[@id = "fldvendor" + row + ""]", true): Modify property of object successfully

2018-05-16 18:37:15 - [MESSAGE][PASSED] - Modify property of object successfully

2018-05-16 18:37:15 - [TEST_STEP][PASSED] - selectOptionByIndex: All options with index in [2] are selected on object ''

2018-05-16 18:37:15 - [MESSAGE][PASSED] - All options with index in [2] are selected on object ''

2018-05-16 18:37:15 - [TEST_STEP][PASSED] - Statement - batch = new com.kms.katalon.core.testobject.TestObject(): null

2018-05-16 18:37:15 - [TEST_STEP][PASSED] - Statement - batch = com.kms.katalon.core.webui.keyword.WebUiBuiltInKeywords.modifyObjectProperty(batch, "xpath", "equals", "//*[@id = "txtbthqty" + row + ""]", true): Modify property of object successfully

2018-05-16 18:37:15 - [MESSAGE][PASSED] - Modify property of object successfully

2018-05-16 18:37:15 - [TEST_STEP][PASSED] - Statement - batchqty = com.kms.katalon.core.webui.keyword.WebUiBuiltInKeywords.getAttribute(batch, "value").trim(): Attribute 'value' of object '' is: '5000'

2018-05-16 18:37:15 - [MESSAGE][PASSED] - Attribute 'value' of object '' is: '5000'

2018-05-16 18:37:15 - [TEST_STEP][PASSED] - Statement - Rqty = 10000: null

2018-05-16 18:37:15 - [TEST_STEP][PASSED] - delay: Delayed 2 second(s)

2018-05-16 18:37:17 - [MESSAGE][PASSED] - Delayed 2 second(s)

2018-05-16 18:37:17 - [TEST_STEP][PASSED] - Statement - out.println("BatchQty : " + batchqty): null

2018-05-16 18:37:17 - [TEST_STEP][PASSED] - Statement - out.println("RQty : " + Rqty): null

2018-05-16 18:37:17 - [TEST_STEP][PASSED] - Statement - If (java.lang.Integer.valueOf(batchqty) >= java.lang.Integer.valueOf(Rqty)): null

2018-05-16 18:37:17 - [TEST_STEP][PASSED] - Statement - Else: null

2018-05-16 18:37:17 - [TEST_STEP][PASSED] - Statement - out.println("Batchqty Is Less Than Rqty"): null

2018-05-16 18:37:17 - [TEST_STEP][PASSED] - Statement - product = new com.kms.katalon.core.testobject.TestObject(): null

2018-05-16 18:37:17 - [TEST_STEP][PASSED] - Statement - product = com.kms.katalon.core.webui.keyword.WebUiBuiltInKeywords.modifyObjectProperty(product, "xpath", "equals", "//*[@id = "fldvendor" + row + ""]", true): Modify property of object successfully

2018-05-16 18:37:17 - [MESSAGE][PASSED] - Modify property of object successfully

2018-05-16 18:37:17 - [TEST_STEP][PASSED] - selectOptionByIndex: All options with index in [3] are selected on object ''

2018-05-16 18:37:17 - [MESSAGE][PASSED] - All options with index in [3] are selected on object ''

2018-05-16 18:37:17 - [TEST_STEP][PASSED] - Statement - batch = new com.kms.katalon.core.testobject.TestObject(): null

2018-05-16 18:37:17 - [TEST_STEP][PASSED] - Statement - batch = com.kms.katalon.core.webui.keyword.WebUiBuiltInKeywords.modifyObjectProperty(batch, "xpath", "equals", "//*[@id = "txtbthqty" + row + ""]", true): Modify property of object successfully

2018-05-16 18:37:17 - [MESSAGE][PASSED] - Modify property of object successfully

2018-05-16 18:37:17 - [TEST_STEP][PASSED] - Statement - batchqty = com.kms.katalon.core.webui.keyword.WebUiBuiltInKeywords.getAttribute(batch, "value").trim(): Attribute 'value' of object '' is: '38900'

2018-05-16 18:37:17 - [MESSAGE][PASSED] - Attribute 'value' of object '' is: '38900'

2018-05-16 18:37:17 - [TEST_STEP][PASSED] - Statement - Rqty = 10000: null

2018-05-16 18:37:17 - [TEST_STEP][PASSED] - delay: Delayed 2 second(s)

2018-05-16 18:37:19 - [MESSAGE][PASSED] - Delayed 2 second(s)

2018-05-16 18:37:19 - [TEST_STEP][PASSED] - Statement - out.println("BatchQty : " + batchqty): null

2018-05-16 18:37:19 - [TEST_STEP][PASSED] - Statement - out.println("RQty : " + Rqty): null

2018-05-16 18:37:19 - [TEST_STEP][PASSED] - Statement - If (java.lang.Integer.valueOf(batchqty) >= java.lang.Integer.valueOf(Rqty)): null

2018-05-16 18:37:19 - [TEST_STEP][PASSED] - Statement - Break: null

2018-05-16 18:37:19 - [TEST_STEP][PASSED] - Statement - batchlength = new com.kms.katalon.core.testobject.TestObject(): null

2018-05-16 18:37:19 - [TEST_STEP][PASSED] - Statement - batchlength = com.kms.katalon.core.webui.keyword.WebUiBuiltInKeywords.modifyObjectProperty(batchlength, "xpath", "equals", "//*[@id = "fldvendor" + row + ""]", true): Modify property of object successfully

2018-05-16 18:37:19 - [MESSAGE][PASSED] - Modify property of object successfully

2018-05-16 18:37:19 - [TEST_STEP][PASSED] - Statement - batchsize = com.kms.katalon.core.webui.keyword.WebUiBuiltInKeywords.getNumberOfTotalOption(batchlength): 11 options of object '' counted

2018-05-16 18:37:19 - [MESSAGE][PASSED] - 11 options of object '' counted

2018-05-16 18:37:19 - [TEST_STEP][PASSED] - Statement - out.println("BatchSize : " + batchsize): null

2018-05-16 18:37:19 - [TEST_STEP][PASSED] - Statement - For ([n = 1, n <= batchsize - 1, (n++)]): null

2018-05-16 18:37:19 - [TEST_STEP][PASSED] - Statement - product = new com.kms.katalon.core.testobject.TestObject(): null

2018-05-16 18:37:19 - [TEST_STEP][PASSED] - Statement - product = com.kms.katalon.core.webui.keyword.WebUiBuiltInKeywords.modifyObjectProperty(product, "xpath", "equals", "//*[@id = "fldvendor" + row + ""]", true): Modify property of object successfully

2018-05-16 18:37:19 - [MESSAGE][PASSED] - Modify property of object successfully

2018-05-16 18:37:19 - [TEST_STEP][PASSED] - selectOptionByIndex: All options with index in [1] are selected on object ''

2018-05-16 18:37:20 - [MESSAGE][PASSED] - All options with index in [1] are selected on object ''

2018-05-16 18:37:20 - [TEST_STEP][PASSED] - Statement - batch = new com.kms.katalon.core.testobject.TestObject(): null

2018-05-16 18:37:20 - [TEST_STEP][PASSED] - Statement - batch = com.kms.katalon.core.webui.keyword.WebUiBuiltInKeywords.modifyObjectProperty(batch, "xpath", "equals", "//*[@id = "txtbthqty" + row + ""]", true): Modify property of object successfully

2018-05-16 18:37:20 - [MESSAGE][PASSED] - Modify property of object successfully

2018-05-16 18:37:20 - [TEST_STEP][PASSED] - Statement - batchqty = com.kms.katalon.core.webui.keyword.WebUiBuiltInKeywords.getAttribute(batch, "value").trim(): Attribute 'value' of object '' is: '38900'

2018-05-16 18:37:20 - [MESSAGE][PASSED] - Attribute 'value' of object '' is: '38900'

2018-05-16 18:37:20 - [TEST_STEP][PASSED] - Statement - Rqty = 10000: null

2018-05-16 18:37:20 - [TEST_STEP][PASSED] - delay: Delayed 2 second(s)

2018-05-16 18:37:22 - [MESSAGE][PASSED] - Delayed 2 second(s)

2018-05-16 18:37:22 - [TEST_STEP][PASSED] - Statement - out.println("BatchQty : " + batchqty): null

2018-05-16 18:37:22 - [TEST_STEP][PASSED] - Statement - out.println("RQty : " + Rqty): null

2018-05-16 18:37:22 - [TEST_STEP][PASSED] - Statement - If (java.lang.Integer.valueOf(batchqty) >= java.lang.Integer.valueOf(Rqty)): null

2018-05-16 18:37:22 - [TEST_STEP][PASSED] - Statement - Break: null

2018-05-16 18:37:22 - [TEST_STEP][PASSED] - Statement - batchlength = new com.kms.katalon.core.testobject.TestObject(): null

2018-05-16 18:37:22 - [TEST_STEP][PASSED] - Statement - batchlength = com.kms.katalon.core.webui.keyword.WebUiBuiltInKeywords.modifyObjectProperty(batchlength, "xpath", "equals", "//*[@id = "fldvendor" + row + ""]", true): Modify property of object successfully

2018-05-16 18:37:22 - [MESSAGE][PASSED] - Modify property of object successfully

2018-05-16 18:37:22 - [TEST_STEP][PASSED] - Statement - batchsize = com.kms.katalon.core.webui.keyword.WebUiBuiltInKeywords.getNumberOfTotalOption(batchlength): 11 options of object '' counted

2018-05-16 18:37:22 - [MESSAGE][PASSED] - 11 options of object '' counted

2018-05-16 18:37:22 - [TEST_STEP][PASSED] - Statement - out.println("BatchSize : " + batchsize): null

2018-05-16 18:37:22 - [TEST_STEP][PASSED] - Statement - For ([n = 1, n <= batchsize - 1, (n++)]): null

2018-05-16 18:37:22 - [TEST_STEP][PASSED] - Statement - product = new com.kms.katalon.core.testobject.TestObject(): null

2018-05-16 18:37:22 - [TEST_STEP][PASSED] - Statement - product = com.kms.katalon.core.webui.keyword.WebUiBuiltInKeywords.modifyObjectProperty(product, "xpath", "equals", "//*[@id = "fldvendor" + row + ""]", true): Modify property of object successfully

2018-05-16 18:37:22 - [MESSAGE][PASSED] - Modify property of object successfully

2018-05-16 18:37:22 - [TEST_STEP][PASSED] - selectOptionByIndex: All options with index in [1] are selected on object ''

2018-05-16 18:37:22 - [MESSAGE][PASSED] - All options with index in [1] are selected on object ''

2018-05-16 18:37:22 - [TEST_STEP][PASSED] - Statement - batch = new com.kms.katalon.core.testobject.TestObject(): null

2018-05-16 18:37:22 - [TEST_STEP][PASSED] - Statement - batch = com.kms.katalon.core.webui.keyword.WebUiBuiltInKeywords.modifyObjectProperty(batch, "xpath", "equals", "//*[@id = "txtbthqty" + row + ""]", true): Modify property of object successfully

2018-05-16 18:37:22 - [MESSAGE][PASSED] - Modify property of object successfully

2018-05-16 18:37:22 - [TEST_STEP][PASSED] - Statement - batchqty = com.kms.katalon.core.webui.keyword.WebUiBuiltInKeywords.getAttribute(batch, "value").trim(): Attribute 'value' of object '' is: '38900'

2018-05-16 18:37:22 - [MESSAGE][PASSED] - Attribute 'value' of object '' is: '38900'

2018-05-16 18:37:22 - [TEST_STEP][PASSED] - Statement - Rqty = 10000: null

2018-05-16 18:37:22 - [TEST_STEP][PASSED] - delay: Delayed 2 second(s)

2018-05-16 18:37:24 - [MESSAGE][PASSED] - Delayed 2 second(s)

2018-05-16 18:37:24 - [TEST_STEP][PASSED] - Statement - out.println("BatchQty : " + batchqty): null

2018-05-16 18:37:24 - [TEST_STEP][PASSED] - Statement - out.println("RQty : " + Rqty): null

2018-05-16 18:37:24 - [TEST_STEP][PASSED] - Statement - If (java.lang.Integer.valueOf(batchqty) >= java.lang.Integer.valueOf(Rqty)): null

2018-05-16 18:37:24 - [TEST_STEP][PASSED] - Statement - Break: null

2018-05-16 18:37:24 - [TEST_STEP][PASSED] - Statement - batchlength = new com.kms.katalon.core.testobject.TestObject(): null

2018-05-16 18:37:24 - [TEST_STEP][PASSED] - Statement - batchlength = com.kms.katalon.core.webui.keyword.WebUiBuiltInKeywords.modifyObjectProperty(batchlength, "xpath", "equals", "//*[@id = "fldvendor" + row + ""]", true): Modify property of object successfully

2018-05-16 18:37:24 - [MESSAGE][PASSED] - Modify property of object successfully

2018-05-16 18:37:24 - [TEST_STEP][PASSED] - Statement - batchsize = com.kms.katalon.core.webui.keyword.WebUiBuiltInKeywords.getNumberOfTotalOption(batchlength): 11 options of object '' counted

2018-05-16 18:37:24 - [MESSAGE][PASSED] - 11 options of object '' counted

2018-05-16 18:37:24 - [TEST_STEP][PASSED] - Statement - out.println("BatchSize : " + batchsize): null

2018-05-16 18:37:24 - [TEST_STEP][PASSED] - Statement - For ([n = 1, n <= batchsize - 1, (n++)]): null

2018-05-16 18:37:24 - [TEST_STEP][PASSED] - Statement - product = new com.kms.katalon.core.testobject.TestObject(): null

2018-05-16 18:37:24 - [TEST_STEP][PASSED] - Statement - product = com.kms.katalon.core.webui.keyword.WebUiBuiltInKeywords.modifyObjectProperty(product, "xpath", "equals", "//*[@id = "fldvendor" + row + ""]", true): Modify property of object successfully

2018-05-16 18:37:24 - [MESSAGE][PASSED] - Modify property of object successfully

2018-05-16 18:37:24 - [TEST_STEP][PASSED] - selectOptionByIndex: All options with index in [1] are selected on object ''

2018-05-16 18:37:24 - [MESSAGE][PASSED] - All options with index in [1] are selected on object ''

2018-05-16 18:37:24 - [TEST_STEP][PASSED] - Statement - batch = new com.kms.katalon.core.testobject.TestObject(): null

2018-05-16 18:37:24 - [TEST_STEP][PASSED] - Statement - batch = com.kms.katalon.core.webui.keyword.WebUiBuiltInKeywords.modifyObjectProperty(batch, "xpath", "equals", "//*[@id = "txtbthqty" + row + ""]", true): Modify property of object successfully

2018-05-16 18:37:24 - [MESSAGE][PASSED] - Modify property of object successfully

2018-05-16 18:37:24 - [TEST_STEP][PASSED] - Statement - batchqty = com.kms.katalon.core.webui.keyword.WebUiBuiltInKeywords.getAttribute(batch, "value").trim(): Attribute 'value' of object '' is: '5000'

2018-05-16 18:37:24 - [MESSAGE][PASSED] - Attribute 'value' of object '' is: '5000'

2018-05-16 18:37:24 - [TEST_STEP][PASSED] - Statement - Rqty = 10000: null

2018-05-16 18:37:24 - [TEST_STEP][PASSED] - delay: Delayed 2 second(s)

2018-05-16 18:37:26 - [MESSAGE][PASSED] - Delayed 2 second(s)

2018-05-16 18:37:26 - [TEST_STEP][PASSED] - Statement - out.println("BatchQty : " + batchqty): null

2018-05-16 18:37:26 - [TEST_STEP][PASSED] - Statement - out.println("RQty : " + Rqty): null

2018-05-16 18:37:26 - [TEST_STEP][PASSED] - Statement - If (java.lang.Integer.valueOf(batchqty) >= java.lang.Integer.valueOf(Rqty)): null

2018-05-16 18:37:26 - [TEST_STEP][PASSED] - Statement - Else: null

2018-05-16 18:37:26 - [TEST_STEP][PASSED] - Statement - out.println("Batchqty Is Less Than Rqty"): null

2018-05-16 18:37:26 - [TEST_STEP][PASSED] - Statement - product = new com.kms.katalon.core.testobject.TestObject(): null

2018-05-16 18:37:26 - [TEST_STEP][PASSED] - Statement - product = com.kms.katalon.core.webui.keyword.WebUiBuiltInKeywords.modifyObjectProperty(product, "xpath", "equals", "//*[@id = "fldvendor" + row + ""]", true): Modify property of object successfully

2018-05-16 18:37:26 - [MESSAGE][PASSED] - Modify property of object successfully

2018-05-16 18:37:26 - [TEST_STEP][PASSED] - selectOptionByIndex: All options with index in [2] are selected on object ''

2018-05-16 18:37:26 - [MESSAGE][PASSED] - All options with index in [2] are selected on object ''

2018-05-16 18:37:26 - [TEST_STEP][PASSED] - Statement - batch = new com.kms.katalon.core.testobject.TestObject(): null

2018-05-16 18:37:26 - [TEST_STEP][PASSED] - Statement - batch = com.kms.katalon.core.webui.keyword.WebUiBuiltInKeywords.modifyObjectProperty(batch, "xpath", "equals", "//*[@id = "txtbthqty" + row + ""]", true): Modify property of object successfully

2018-05-16 18:37:26 - [MESSAGE][PASSED] - Modify property of object successfully

2018-05-16 18:37:26 - [TEST_STEP][PASSED] - Statement - batchqty = com.kms.katalon.core.webui.keyword.WebUiBuiltInKeywords.getAttribute(batch, "value").trim(): Attribute 'value' of object '' is: '38900'

2018-05-16 18:37:26 - [MESSAGE][PASSED] - Attribute 'value' of object '' is: '38900'

2018-05-16 18:37:26 - [TEST_STEP][PASSED] - Statement - Rqty = 10000: null

2018-05-16 18:37:26 - [TEST_STEP][PASSED] - delay: Delayed 2 second(s)

2018-05-16 18:37:28 - [MESSAGE][PASSED] - Delayed 2 second(s)

2018-05-16 18:37:28 - [TEST_STEP][PASSED] - Statement - out.println("BatchQty : " + batchqty): null

2018-05-16 18:37:28 - [TEST_STEP][PASSED] - Statement - out.println("RQty : " + Rqty): null

2018-05-16 18:37:28 - [TEST_STEP][PASSED] - Statement - If (java.lang.Integer.valueOf(batchqty) >= java.lang.Integer.valueOf(Rqty)): null

2018-05-16 18:37:28 - [TEST_STEP][PASSED] - Statement - Break: null

2018-05-16 18:37:28 - [TEST_STEP][PASSED] - Statement - batchlength = new com.kms.katalon.core.testobject.TestObject(): null

2018-05-16 18:37:28 - [TEST_STEP][PASSED] - Statement - batchlength = com.kms.katalon.core.webui.keyword.WebUiBuiltInKeywords.modifyObjectProperty(batchlength, "xpath", "equals", "//*[@id = "fldvendor" + row + ""]", true): Modify property of object successfully

2018-05-16 18:37:28 - [MESSAGE][PASSED] - Modify property of object successfully

2018-05-16 18:37:28 - [TEST_STEP][PASSED] - Statement - batchsize = com.kms.katalon.core.webui.keyword.WebUiBuiltInKeywords.getNumberOfTotalOption(batchlength): 11 options of object '' counted

2018-05-16 18:37:29 - [MESSAGE][PASSED] - 11 options of object '' counted

2018-05-16 18:37:29 - [TEST_STEP][PASSED] - Statement - out.println("BatchSize : " + batchsize): null

2018-05-16 18:37:29 - [TEST_STEP][PASSED] - Statement - For ([n = 1, n <= batchsize - 1, (n++)]): null

2018-05-16 18:37:29 - [TEST_STEP][PASSED] - Statement - product = new com.kms.katalon.core.testobject.TestObject(): null

2018-05-16 18:37:29 - [TEST_STEP][PASSED] - Statement - product = com.kms.katalon.core.webui.keyword.WebUiBuiltInKeywords.modifyObjectProperty(product, "xpath", "equals", "//*[@id = "fldvendor" + row + ""]", true): Modify property of object successfully

2018-05-16 18:37:29 - [MESSAGE][PASSED] - Modify property of object successfully

2018-05-16 18:37:29 - [TEST_STEP][PASSED] - selectOptionByIndex: All options with index in [1] are selected on object ''

2018-05-16 18:37:29 - [MESSAGE][PASSED] - All options with index in [1] are selected on object ''

2018-05-16 18:37:29 - [TEST_STEP][PASSED] - Statement - batch = new com.kms.katalon.core.testobject.TestObject(): null

2018-05-16 18:37:29 - [TEST_STEP][PASSED] - Statement - batch = com.kms.katalon.core.webui.keyword.WebUiBuiltInKeywords.modifyObjectProperty(batch, "xpath", "equals", "//*[@id = "txtbthqty" + row + ""]", true): Modify property of object successfully

2018-05-16 18:37:29 - [MESSAGE][PASSED] - Modify property of object successfully

2018-05-16 18:37:29 - [TEST_STEP][PASSED] - Statement - batchqty = com.kms.katalon.core.webui.keyword.WebUiBuiltInKeywords.getAttribute(batch, "value").trim(): Attribute 'value' of object '' is: '4000'

2018-05-16 18:37:29 - [MESSAGE][PASSED] - Attribute 'value' of object '' is: '4000'

2018-05-16 18:37:29 - [TEST_STEP][PASSED] - Statement - Rqty = 10000: null

2018-05-16 18:37:29 - [TEST_STEP][PASSED] - delay: Delayed 2 second(s)

2018-05-16 18:37:31 - [MESSAGE][PASSED] - Delayed 2 second(s)

2018-05-16 18:37:31 - [TEST_STEP][PASSED] - Statement - out.println("BatchQty : " + batchqty): null

2018-05-16 18:37:31 - [TEST_STEP][PASSED] - Statement - out.println("RQty : " + Rqty): null

2018-05-16 18:37:31 - [TEST_STEP][PASSED] - Statement - If (java.lang.Integer.valueOf(batchqty) >= java.lang.Integer.valueOf(Rqty)): null

2018-05-16 18:37:31 - [TEST_STEP][PASSED] - Statement - Else: null

2018-05-16 18:37:31 - [TEST_STEP][PASSED] - Statement - out.println("Batchqty Is Less Than Rqty"): null

2018-05-16 18:37:31 - [TEST_STEP][PASSED] - Statement - product = new com.kms.katalon.core.testobject.TestObject(): null

2018-05-16 18:37:31 - [TEST_STEP][PASSED] - Statement - product = com.kms.katalon.core.webui.keyword.WebUiBuiltInKeywords.modifyObjectProperty(product, "xpath", "equals", "//*[@id = "fldvendor" + row + ""]", true): Modify property of object successfully

2018-05-16 18:37:31 - [MESSAGE][PASSED] - Modify property of object successfully

2018-05-16 18:37:31 - [TEST_STEP][PASSED] - selectOptionByIndex: All options with index in [2] are selected on object ''

2018-05-16 18:37:31 - [MESSAGE][PASSED] - All options with index in [2] are selected on object ''

2018-05-16 18:37:31 - [TEST_STEP][PASSED] - Statement - batch = new com.kms.katalon.core.testobject.TestObject(): null

2018-05-16 18:37:31 - [TEST_STEP][PASSED] - Statement - batch = com.kms.katalon.core.webui.keyword.WebUiBuiltInKeywords.modifyObjectProperty(batch, "xpath", "equals", "//*[@id = "txtbthqty" + row + ""]", true): Modify property of object successfully

2018-05-16 18:37:31 - [MESSAGE][PASSED] - Modify property of object successfully

2018-05-16 18:37:31 - [TEST_STEP][PASSED] - Statement - batchqty = com.kms.katalon.core.webui.keyword.WebUiBuiltInKeywords.getAttribute(batch, "value").trim(): Attribute 'value' of object '' is: '39900'

2018-05-16 18:37:31 - [MESSAGE][PASSED] - Attribute 'value' of object '' is: '39900'

2018-05-16 18:37:31 - [TEST_STEP][PASSED] - Statement - Rqty = 10000: null

2018-05-16 18:37:31 - [TEST_STEP][PASSED] - delay: Delayed 2 second(s)

2018-05-16 18:37:33 - [MESSAGE][PASSED] - Delayed 2 second(s)

2018-05-16 18:37:33 - [TEST_STEP][PASSED] - Statement - out.println("BatchQty : " + batchqty): null

2018-05-16 18:37:33 - [TEST_STEP][PASSED] - Statement - out.println("RQty : " + Rqty): null

2018-05-16 18:37:33 - [TEST_STEP][PASSED] - Statement - If (java.lang.Integer.valueOf(batchqty) >= java.lang.Integer.valueOf(Rqty)): null

2018-05-16 18:37:33 - [TEST_STEP][PASSED] - Statement - Break: null

2018-05-16 18:37:33 - [TEST_STEP][PASSED] - Statement - batchlength = new com.kms.katalon.core.testobject.TestObject(): null

2018-05-16 18:37:33 - [TEST_STEP][PASSED] - Statement - batchlength = com.kms.katalon.core.webui.keyword.WebUiBuiltInKeywords.modifyObjectProperty(batchlength, "xpath", "equals", "//*[@id = "fldvendor" + row + ""]", true): Modify property of object successfully

2018-05-16 18:37:33 - [MESSAGE][PASSED] - Modify property of object successfully

2018-05-16 18:37:33 - [TEST_STEP][PASSED] - Statement - batchsize = com.kms.katalon.core.webui.keyword.WebUiBuiltInKeywords.getNumberOfTotalOption(batchlength): 11 options of object '' counted

2018-05-16 18:37:33 - [MESSAGE][PASSED] - 11 options of object '' counted

2018-05-16 18:37:33 - [TEST_STEP][PASSED] - Statement - out.println("BatchSize : " + batchsize): null

2018-05-16 18:37:33 - [TEST_STEP][PASSED] - Statement - For ([n = 1, n <= batchsize - 1, (n++)]): null

2018-05-16 18:37:33 - [TEST_STEP][PASSED] - Statement - product = new com.kms.katalon.core.testobject.TestObject(): null

2018-05-16 18:37:33 - [TEST_STEP][PASSED] - Statement - product = com.kms.katalon.core.webui.keyword.WebUiBuiltInKeywords.modifyObjectProperty(product, "xpath", "equals", "//*[@id = "fldvendor" + row + ""]", true): Modify property of object successfully

2018-05-16 18:37:33 - [MESSAGE][PASSED] - Modify property of object successfully

2018-05-16 18:37:33 - [TEST_STEP][PASSED] - selectOptionByIndex: All options with index in [1] are selected on object ''

2018-05-16 18:37:33 - [MESSAGE][PASSED] - All options with index in [1] are selected on object ''

2018-05-16 18:37:33 - [TEST_STEP][PASSED] - Statement - batch = new com.kms.katalon.core.testobject.TestObject(): null

2018-05-16 18:37:33 - [TEST_STEP][PASSED] - Statement - batch = com.kms.katalon.core.webui.keyword.WebUiBuiltInKeywords.modifyObjectProperty(batch, "xpath", "equals", "//*[@id = "txtbthqty" + row + ""]", true): Modify property of object successfully

2018-05-16 18:37:33 - [MESSAGE][PASSED] - Modify property of object successfully

2018-05-16 18:37:33 - [TEST_STEP][PASSED] - Statement - batchqty = com.kms.katalon.core.webui.keyword.WebUiBuiltInKeywords.getAttribute(batch, "value").trim(): Attribute 'value' of object '' is: '38900'

2018-05-16 18:37:33 - [MESSAGE][PASSED] - Attribute 'value' of object '' is: '38900'

2018-05-16 18:37:33 - [TEST_STEP][PASSED] - Statement - Rqty = 10000: null

2018-05-16 18:37:33 - [TEST_STEP][PASSED] - delay: Delayed 2 second(s)

2018-05-16 18:37:35 - [MESSAGE][PASSED] - Delayed 2 second(s)

2018-05-16 18:37:35 - [TEST_STEP][PASSED] - Statement - out.println("BatchQty : " + batchqty): null

2018-05-16 18:37:35 - [TEST_STEP][PASSED] - Statement - out.println("RQty : " + Rqty): null

2018-05-16 18:37:35 - [TEST_STEP][PASSED] - Statement - If (java.lang.Integer.valueOf(batchqty) >= java.lang.Integer.valueOf(Rqty)): null

2018-05-16 18:37:35 - [TEST_STEP][PASSED] - Statement - Break: null

2018-05-16 18:37:35 - [TEST_STEP][PASSED] - Statement - batchlength = new com.kms.katalon.core.testobject.TestObject(): null

2018-05-16 18:37:35 - [TEST_STEP][PASSED] - Statement - batchlength = com.kms.katalon.core.webui.keyword.WebUiBuiltInKeywords.modifyObjectProperty(batchlength, "xpath", "equals", "//*[@id = "fldvendor" + row + ""]", true): Modify property of object successfully

2018-05-16 18:37:35 - [MESSAGE][PASSED] - Modify property of object successfully

2018-05-16 18:37:35 - [TEST_STEP][PASSED] - Statement - batchsize = com.kms.katalon.core.webui.keyword.WebUiBuiltInKeywords.getNumberOfTotalOption(batchlength): 11 options of object '' counted

2018-05-16 18:37:35 - [MESSAGE][PASSED] - 11 options of object '' counted

2018-05-16 18:37:35 - [TEST_STEP][PASSED] - Statement - out.println("BatchSize : " + batchsize): null

2018-05-16 18:37:35 - [TEST_STEP][PASSED] - Statement - For ([n = 1, n <= batchsize - 1, (n++)]): null

2018-05-16 18:37:35 - [TEST_STEP][PASSED] - Statement - product = new com.kms.katalon.core.testobject.TestObject(): null

2018-05-16 18:37:35 - [TEST_STEP][PASSED] - Statement - product = com.kms.katalon.core.webui.keyword.WebUiBuiltInKeywords.modifyObjectProperty(product, "xpath", "equals", "//*[@id = "fldvendor" + row + ""]", true): Modify property of object successfully

2018-05-16 18:37:35 - [MESSAGE][PASSED] - Modify property of object successfully

2018-05-16 18:37:35 - [TEST_STEP][PASSED] - selectOptionByIndex: All options with index in [1] are selected on object ''

2018-05-16 18:37:35 - [MESSAGE][PASSED] - All options with index in [1] are selected on object ''

2018-05-16 18:37:35 - [TEST_STEP][PASSED] - Statement - batch = new com.kms.katalon.core.testobject.TestObject(): null

2018-05-16 18:37:35 - [TEST_STEP][PASSED] - Statement - batch = com.kms.katalon.core.webui.keyword.WebUiBuiltInKeywords.modifyObjectProperty(batch, "xpath", "equals", "//*[@id = "txtbthqty" + row + ""]", true): Modify property of object successfully

2018-05-16 18:37:35 - [MESSAGE][PASSED] - Modify property of object successfully

2018-05-16 18:37:35 - [TEST_STEP][PASSED] - Statement - batchqty = com.kms.katalon.core.webui.keyword.WebUiBuiltInKeywords.getAttribute(batch, "value").trim(): Attribute 'value' of object '' is: '4000'

2018-05-16 18:37:35 - [MESSAGE][PASSED] - Attribute 'value' of object '' is: '4000'

2018-05-16 18:37:35 - [TEST_STEP][PASSED] - Statement - Rqty = 10000: null

2018-05-16 18:37:35 - [TEST_STEP][PASSED] - delay: Delayed 2 second(s)

2018-05-16 18:37:37 - [MESSAGE][PASSED] - Delayed 2 second(s)

2018-05-16 18:37:37 - [TEST_STEP][PASSED] - Statement - out.println("BatchQty : " + batchqty): null

2018-05-16 18:37:37 - [TEST_STEP][PASSED] - Statement - out.println("RQty : " + Rqty): null

2018-05-16 18:37:37 - [TEST_STEP][PASSED] - Statement - If (java.lang.Integer.valueOf(batchqty) >= java.lang.Integer.valueOf(Rqty)): null

2018-05-16 18:37:37 - [TEST_STEP][PASSED] - Statement - Else: null

2018-05-16 18:37:37 - [TEST_STEP][PASSED] - Statement - out.println("Batchqty Is Less Than Rqty"): null

2018-05-16 18:37:37 - [TEST_STEP][PASSED] - Statement - product = new com.kms.katalon.core.testobject.TestObject(): null

2018-05-16 18:37:37 - [TEST_STEP][PASSED] - Statement - product = com.kms.katalon.core.webui.keyword.WebUiBuiltInKeywords.modifyObjectProperty(product, "xpath", "equals", "//*[@id = "fldvendor" + row + ""]", true): Modify property of object successfully

2018-05-16 18:37:37 - [MESSAGE][PASSED] - Modify property of object successfully

2018-05-16 18:37:37 - [TEST_STEP][PASSED] - selectOptionByIndex: All options with index in [2] are selected on object ''

2018-05-16 18:37:38 - [MESSAGE][PASSED] - All options with index in [2] are selected on object ''

2018-05-16 18:37:38 - [TEST_STEP][PASSED] - Statement - batch = new com.kms.katalon.core.testobject.TestObject(): null

2018-05-16 18:37:38 - [TEST_STEP][PASSED] - Statement - batch = com.kms.katalon.core.webui.keyword.WebUiBuiltInKeywords.modifyObjectProperty(batch, "xpath", "equals", "//*[@id = "txtbthqty" + row + ""]", true): Modify property of object successfully

2018-05-16 18:37:38 - [MESSAGE][PASSED] - Modify property of object successfully

2018-05-16 18:37:38 - [TEST_STEP][PASSED] - Statement - batchqty = com.kms.katalon.core.webui.keyword.WebUiBuiltInKeywords.getAttribute(batch, "value").trim(): Attribute 'value' of object '' is: '5000'

2018-05-16 18:37:38 - [MESSAGE][PASSED] - Attribute 'value' of object '' is: '5000'

2018-05-16 18:37:38 - [TEST_STEP][PASSED] - Statement - Rqty = 10000: null

2018-05-16 18:37:38 - [TEST_STEP][PASSED] - delay: Delayed 2 second(s)

2018-05-16 18:37:40 - [MESSAGE][PASSED] - Delayed 2 second(s)

2018-05-16 18:37:40 - [TEST_STEP][PASSED] - Statement - out.println("BatchQty : " + batchqty): null

2018-05-16 18:37:40 - [TEST_STEP][PASSED] - Statement - out.println("RQty : " + Rqty): null

2018-05-16 18:37:40 - [TEST_STEP][PASSED] - Statement - If (java.lang.Integer.valueOf(batchqty) >= java.lang.Integer.valueOf(Rqty)): null

2018-05-16 18:37:40 - [TEST_STEP][PASSED] - Statement - Else: null

2018-05-16 18:37:40 - [TEST_STEP][PASSED] - Statement - out.println("Batchqty Is Less Than Rqty"): null

2018-05-16 18:37:40 - [TEST_STEP][PASSED] - Statement - product = new com.kms.katalon.core.testobject.TestObject(): null

2018-05-16 18:37:40 - [TEST_STEP][PASSED] - Statement - product = com.kms.katalon.core.webui.keyword.WebUiBuiltInKeywords.modifyObjectProperty(product, "xpath", "equals", "//*[@id = "fldvendor" + row + ""]", true): Modify property of object successfully

2018-05-16 18:37:40 - [MESSAGE][PASSED] - Modify property of object successfully

2018-05-16 18:37:40 - [TEST_STEP][PASSED] - selectOptionByIndex: All options with index in [3] are selected on object ''

2018-05-16 18:37:40 - [MESSAGE][PASSED] - All options with index in [3] are selected on object ''

2018-05-16 18:37:40 - [TEST_STEP][PASSED] - Statement - batch = new com.kms.katalon.core.testobject.TestObject(): null

2018-05-16 18:37:40 - [TEST_STEP][PASSED] - Statement - batch = com.kms.katalon.core.webui.keyword.WebUiBuiltInKeywords.modifyObjectProperty(batch, "xpath", "equals", "//*[@id = "txtbthqty" + row + ""]", true): Modify property of object successfully

2018-05-16 18:37:40 - [MESSAGE][PASSED] - Modify property of object successfully

2018-05-16 18:37:40 - [TEST_STEP][PASSED] - Statement - batchqty = com.kms.katalon.core.webui.keyword.WebUiBuiltInKeywords.getAttribute(batch, "value").trim(): Attribute 'value' of object '' is: '5000'

2018-05-16 18:37:40 - [MESSAGE][PASSED] - Attribute 'value' of object '' is: '5000'

2018-05-16 18:37:40 - [TEST_STEP][PASSED] - Statement - Rqty = 10000: null

2018-05-16 18:37:40 - [TEST_STEP][PASSED] - delay: Delayed 2 second(s)

2018-05-16 18:37:42 - [MESSAGE][PASSED] - Delayed 2 second(s)

2018-05-16 18:37:42 - [TEST_STEP][PASSED] - Statement - out.println("BatchQty : " + batchqty): null

2018-05-16 18:37:42 - [TEST_STEP][PASSED] - Statement - out.println("RQty : " + Rqty): null

2018-05-16 18:37:42 - [TEST_STEP][PASSED] - Statement - If (java.lang.Integer.valueOf(batchqty) >= java.lang.Integer.valueOf(Rqty)): null

2018-05-16 18:37:42 - [TEST_STEP][PASSED] - Statement - Else: null

2018-05-16 18:37:42 - [TEST_STEP][PASSED] - Statement - out.println("Batchqty Is Less Than Rqty"): null

2018-05-16 18:37:42 - [TEST_STEP][PASSED] - Statement - product = new com.kms.katalon.core.testobject.TestObject(): null

2018-05-16 18:37:42 - [TEST_STEP][PASSED] - Statement - product = com.kms.katalon.core.webui.keyword.WebUiBuiltInKeywords.modifyObjectProperty(product, "xpath", "equals", "//*[@id = "fldvendor" + row + ""]", true): Modify property of object successfully

2018-05-16 18:37:42 - [MESSAGE][PASSED] - Modify property of object successfully

2018-05-16 18:37:42 - [TEST_STEP][PASSED] - selectOptionByIndex: All options with index in [4] are selected on object ''

2018-05-16 18:37:42 - [MESSAGE][PASSED] - All options with index in [4] are selected on object ''

2018-05-16 18:37:42 - [TEST_STEP][PASSED] - Statement - batch = new com.kms.katalon.core.testobject.TestObject(): null

2018-05-16 18:37:42 - [TEST_STEP][PASSED] - Statement - batch = com.kms.katalon.core.webui.keyword.WebUiBuiltInKeywords.modifyObjectProperty(batch, "xpath", "equals", "//*[@id = "txtbthqty" + row + ""]", true): Modify property of object successfully

2018-05-16 18:37:42 - [MESSAGE][PASSED] - Modify property of object successfully

2018-05-16 18:37:42 - [TEST_STEP][PASSED] - Statement - batchqty = com.kms.katalon.core.webui.keyword.WebUiBuiltInKeywords.getAttribute(batch, "value").trim(): Attribute 'value' of object '' is: '5000'

2018-05-16 18:37:42 - [MESSAGE][PASSED] - Attribute 'value' of object '' is: '5000'

2018-05-16 18:37:42 - [TEST_STEP][PASSED] - Statement - Rqty = 10000: null

2018-05-16 18:37:42 - [TEST_STEP][PASSED] - delay: Delayed 2 second(s)

2018-05-16 18:37:44 - [MESSAGE][PASSED] - Delayed 2 second(s)

2018-05-16 18:37:44 - [TEST_STEP][PASSED] - Statement - out.println("BatchQty : " + batchqty): null

2018-05-16 18:37:44 - [TEST_STEP][PASSED] - Statement - out.println("RQty : " + Rqty): null

2018-05-16 18:37:44 - [TEST_STEP][PASSED] - Statement - If (java.lang.Integer.valueOf(batchqty) >= java.lang.Integer.valueOf(Rqty)): null

2018-05-16 18:37:44 - [TEST_STEP][PASSED] - Statement - Else: null

2018-05-16 18:37:44 - [TEST_STEP][PASSED] - Statement - out.println("Batchqty Is Less Than Rqty"): null

2018-05-16 18:37:44 - [TEST_STEP][PASSED] - Statement - product = new com.kms.katalon.core.testobject.TestObject(): null

2018-05-16 18:37:44 - [TEST_STEP][PASSED] - Statement - product = com.kms.katalon.core.webui.keyword.WebUiBuiltInKeywords.modifyObjectProperty(product, "xpath", "equals", "//*[@id = "fldvendor" + row + ""]", true): Modify property of object successfully

2018-05-16 18:37:44 - [MESSAGE][PASSED] - Modify property of object successfully

2018-05-16 18:37:44 - [TEST_STEP][PASSED] - selectOptionByIndex: All options with index in [5] are selected on object ''

2018-05-16 18:37:44 - [MESSAGE][PASSED] - All options with index in [5] are selected on object ''

2018-05-16 18:37:44 - [TEST_STEP][PASSED] - Statement - batch = new com.kms.katalon.core.testobject.TestObject(): null

2018-05-16 18:37:44 - [TEST_STEP][PASSED] - Statement - batch = com.kms.katalon.core.webui.keyword.WebUiBuiltInKeywords.modifyObjectProperty(batch, "xpath", "equals", "//*[@id = "txtbthqty" + row + ""]", true): Modify property of object successfully

2018-05-16 18:37:44 - [MESSAGE][PASSED] - Modify property of object successfully

2018-05-16 18:37:44 - [TEST_STEP][PASSED] - Statement - batchqty = com.kms.katalon.core.webui.keyword.WebUiBuiltInKeywords.getAttribute(batch, "value").trim(): Attribute 'value' of object '' is: '500'

2018-05-16 18:37:44 - [MESSAGE][PASSED] - Attribute 'value' of object '' is: '500'

2018-05-16 18:37:44 - [TEST_STEP][PASSED] - Statement - Rqty = 10000: null

2018-05-16 18:37:44 - [TEST_STEP][PASSED] - delay: Delayed 2 second(s)

2018-05-16 18:37:46 - [MESSAGE][PASSED] - Delayed 2 second(s)

2018-05-16 18:37:46 - [TEST_STEP][PASSED] - Statement - out.println("BatchQty : " + batchqty): null

2018-05-16 18:37:46 - [TEST_STEP][PASSED] - Statement - out.println("RQty : " + Rqty): null

2018-05-16 18:37:46 - [TEST_STEP][PASSED] - Statement - If (java.lang.Integer.valueOf(batchqty) >= java.lang.Integer.valueOf(Rqty)): null

2018-05-16 18:37:46 - [TEST_STEP][PASSED] - Statement - Else: null

2018-05-16 18:37:46 - [TEST_STEP][PASSED] - Statement - out.println("Batchqty Is Less Than Rqty"): null

2018-05-16 18:37:46 - [TEST_STEP][PASSED] - Statement - product = new com.kms.katalon.core.testobject.TestObject(): null

2018-05-16 18:37:46 - [TEST_STEP][PASSED] - Statement - product = com.kms.katalon.core.webui.keyword.WebUiBuiltInKeywords.modifyObjectProperty(product, "xpath", "equals", "//*[@id = "fldvendor" + row + ""]", true): Modify property of object successfully

2018-05-16 18:37:46 - [MESSAGE][PASSED] - Modify property of object successfully

2018-05-16 18:37:46 - [TEST_STEP][PASSED] - selectOptionByIndex: All options with index in [6] are selected on object ''

2018-05-16 18:37:47 - [MESSAGE][PASSED] - All options with index in [6] are selected on object ''

2018-05-16 18:37:47 - [TEST_STEP][PASSED] - Statement - batch = new com.kms.katalon.core.testobject.TestObject(): null

2018-05-16 18:37:47 - [TEST_STEP][PASSED] - Statement - batch = com.kms.katalon.core.webui.keyword.WebUiBuiltInKeywords.modifyObjectProperty(batch, "xpath", "equals", "//*[@id = "txtbthqty" + row + ""]", true): Modify property of object successfully

2018-05-16 18:37:47 - [MESSAGE][PASSED] - Modify property of object successfully

2018-05-16 18:37:47 - [TEST_STEP][PASSED] - Statement - batchqty = com.kms.katalon.core.webui.keyword.WebUiBuiltInKeywords.getAttribute(batch, "value").trim(): Attribute 'value' of object '' is: '38900'

2018-05-16 18:37:47 - [MESSAGE][PASSED] - Attribute 'value' of object '' is: '38900'

2018-05-16 18:37:47 - [TEST_STEP][PASSED] - Statement - Rqty = 10000: null

2018-05-16 18:37:47 - [TEST_STEP][PASSED] - delay: Delayed 2 second(s)

2018-05-16 18:37:49 - [MESSAGE][PASSED] - Delayed 2 second(s)

2018-05-16 18:37:49 - [TEST_STEP][PASSED] - Statement - out.println("BatchQty : " + batchqty): null

2018-05-16 18:37:49 - [TEST_STEP][PASSED] - Statement - out.println("RQty : " + Rqty): null

2018-05-16 18:37:49 - [TEST_STEP][PASSED] - Statement - If (java.lang.Integer.valueOf(batchqty) >= java.lang.Integer.valueOf(Rqty)): null

2018-05-16 18:37:49 - [TEST_STEP][PASSED] - Statement - Break: null

2018-05-16 18:37:49 - [TEST_STEP][PASSED] - Statement - batchlength = new com.kms.katalon.core.testobject.TestObject(): null

2018-05-16 18:37:49 - [TEST_STEP][PASSED] - Statement - batchlength = com.kms.katalon.core.webui.keyword.WebUiBuiltInKeywords.modifyObjectProperty(batchlength, "xpath", "equals", "//*[@id = "fldvendor" + row + ""]", true): Modify property of object successfully

2018-05-16 18:37:49 - [MESSAGE][PASSED] - Modify property of object successfully

2018-05-16 18:37:49 - [TEST_STEP][PASSED] - Statement - batchsize = com.kms.katalon.core.webui.keyword.WebUiBuiltInKeywords.getNumberOfTotalOption(batchlength): 11 options of object '' counted

2018-05-16 18:37:49 - [MESSAGE][PASSED] - 11 options of object '' counted

2018-05-16 18:37:49 - [TEST_STEP][PASSED] - Statement - out.println("BatchSize : " + batchsize): null

2018-05-16 18:37:49 - [TEST_STEP][PASSED] - Statement - For ([n = 1, n <= batchsize - 1, (n++)]): null

2018-05-16 18:37:49 - [TEST_STEP][PASSED] - Statement - product = new com.kms.katalon.core.testobject.TestObject(): null

2018-05-16 18:37:49 - [TEST_STEP][PASSED] - Statement - product = com.kms.katalon.core.webui.keyword.WebUiBuiltInKeywords.modifyObjectProperty(product, "xpath", "equals", "//*[@id = "fldvendor" + row + ""]", true): Modify property of object successfully

2018-05-16 18:37:49 - [MESSAGE][PASSED] - Modify property of object successfully

2018-05-16 18:37:49 - [TEST_STEP][PASSED] - selectOptionByIndex: All options with index in [1] are selected on object ''

2018-05-16 18:37:49 - [MESSAGE][PASSED] - All options with index in [1] are selected on object ''

2018-05-16 18:37:49 - [TEST_STEP][PASSED] - Statement - batch = new com.kms.katalon.core.testobject.TestObject(): null

2018-05-16 18:37:49 - [TEST_STEP][PASSED] - Statement - batch = com.kms.katalon.core.webui.keyword.WebUiBuiltInKeywords.modifyObjectProperty(batch, "xpath", "equals", "//*[@id = "txtbthqty" + row + ""]", true): Modify property of object successfully

2018-05-16 18:37:49 - [MESSAGE][PASSED] - Modify property of object successfully

2018-05-16 18:37:49 - [TEST_STEP][PASSED] - Statement - batchqty = com.kms.katalon.core.webui.keyword.WebUiBuiltInKeywords.getAttribute(batch, "value").trim(): Attribute 'value' of object '' is: '3000'

2018-05-16 18:37:49 - [MESSAGE][PASSED] - Attribute 'value' of object '' is: '3000'

2018-05-16 18:37:49 - [TEST_STEP][PASSED] - Statement - Rqty = 10000: null

2018-05-16 18:37:49 - [TEST_STEP][PASSED] - delay: Delayed 2 second(s)

2018-05-16 18:37:51 - [MESSAGE][PASSED] - Delayed 2 second(s)

2018-05-16 18:37:51 - [TEST_STEP][PASSED] - Statement - out.println("BatchQty : " + batchqty): null

2018-05-16 18:37:51 - [TEST_STEP][PASSED] - Statement - out.println("RQty : " + Rqty): null

2018-05-16 18:37:51 - [TEST_STEP][PASSED] - Statement - If (java.lang.Integer.valueOf(batchqty) >= java.lang.Integer.valueOf(Rqty)): null

2018-05-16 18:37:51 - [TEST_STEP][PASSED] - Statement - Else: null

2018-05-16 18:37:51 - [TEST_STEP][PASSED] - Statement - out.println("Batchqty Is Less Than Rqty"): null

2018-05-16 18:37:51 - [TEST_STEP][PASSED] - Statement - product = new com.kms.katalon.core.testobject.TestObject(): null

2018-05-16 18:37:51 - [TEST_STEP][PASSED] - Statement - product = com.kms.katalon.core.webui.keyword.WebUiBuiltInKeywords.modifyObjectProperty(product, "xpath", "equals", "//*[@id = "fldvendor" + row + ""]", true): Modify property of object successfully

2018-05-16 18:37:51 - [MESSAGE][PASSED] - Modify property of object successfully

2018-05-16 18:37:51 - [TEST_STEP][PASSED] - selectOptionByIndex: All options with index in [2] are selected on object ''

2018-05-16 18:37:51 - [MESSAGE][PASSED] - All options with index in [2] are selected on object ''

2018-05-16 18:37:51 - [TEST_STEP][PASSED] - Statement - batch = new com.kms.katalon.core.testobject.TestObject(): null

2018-05-16 18:37:51 - [TEST_STEP][PASSED] - Statement - batch = com.kms.katalon.core.webui.keyword.WebUiBuiltInKeywords.modifyObjectProperty(batch, "xpath", "equals", "//*[@id = "txtbthqty" + row + ""]", true): Modify property of object successfully

2018-05-16 18:37:51 - [MESSAGE][PASSED] - Modify property of object successfully

2018-05-16 18:37:51 - [TEST_STEP][PASSED] - Statement - batchqty = com.kms.katalon.core.webui.keyword.WebUiBuiltInKeywords.getAttribute(batch, "value").trim(): Attribute 'value' of object '' is: '5000'

2018-05-16 18:37:51 - [MESSAGE][PASSED] - Attribute 'value' of object '' is: '5000'

2018-05-16 18:37:51 - [TEST_STEP][PASSED] - Statement - Rqty = 10000: null

2018-05-16 18:37:51 - [TEST_STEP][PASSED] - delay: Delayed 2 second(s)

2018-05-16 18:37:53 - [MESSAGE][PASSED] - Delayed 2 second(s)

2018-05-16 18:37:53 - [TEST_STEP][PASSED] - Statement - out.println("BatchQty : " + batchqty): null

2018-05-16 18:37:53 - [TEST_STEP][PASSED] - Statement - out.println("RQty : " + Rqty): null

2018-05-16 18:37:53 - [TEST_STEP][PASSED] - Statement - If (java.lang.Integer.valueOf(batchqty) >= java.lang.Integer.valueOf(Rqty)): null

2018-05-16 18:37:53 - [TEST_STEP][PASSED] - Statement - Else: null

2018-05-16 18:37:53 - [TEST_STEP][PASSED] - Statement - out.println("Batchqty Is Less Than Rqty"): null

2018-05-16 18:37:53 - [TEST_STEP][PASSED] - Statement - product = new com.kms.katalon.core.testobject.TestObject(): null

2018-05-16 18:37:53 - [TEST_STEP][PASSED] - Statement - product = com.kms.katalon.core.webui.keyword.WebUiBuiltInKeywords.modifyObjectProperty(product, "xpath", "equals", "//*[@id = "fldvendor" + row + ""]", true): Modify property of object successfully

2018-05-16 18:37:53 - [MESSAGE][PASSED] - Modify property of object successfully

2018-05-16 18:37:53 - [TEST_STEP][PASSED] - selectOptionByIndex: All options with index in [3] are selected on object ''

2018-05-16 18:37:53 - [MESSAGE][PASSED] - All options with index in [3] are selected on object ''

2018-05-16 18:37:53 - [TEST_STEP][PASSED] - Statement - batch = new com.kms.katalon.core.testobject.TestObject(): null

2018-05-16 18:37:53 - [TEST_STEP][PASSED] - Statement - batch = com.kms.katalon.core.webui.keyword.WebUiBuiltInKeywords.modifyObjectProperty(batch, "xpath", "equals", "//*[@id = "txtbthqty" + row + ""]", true): Modify property of object successfully

2018-05-16 18:37:53 - [MESSAGE][PASSED] - Modify property of object successfully

2018-05-16 18:37:53 - [TEST_STEP][PASSED] - Statement - batchqty = com.kms.katalon.core.webui.keyword.WebUiBuiltInKeywords.getAttribute(batch, "value").trim(): Attribute 'value' of object '' is: '5000'

2018-05-16 18:37:53 - [MESSAGE][PASSED] - Attribute 'value' of object '' is: '5000'

2018-05-16 18:37:53 - [TEST_STEP][PASSED] - Statement - Rqty = 10000: null

2018-05-16 18:37:53 - [TEST_STEP][PASSED] - delay: Delayed 2 second(s)

2018-05-16 18:37:55 - [MESSAGE][PASSED] - Delayed 2 second(s)

2018-05-16 18:37:55 - [TEST_STEP][PASSED] - Statement - out.println("BatchQty : " + batchqty): null

2018-05-16 18:37:55 - [TEST_STEP][PASSED] - Statement - out.println("RQty : " + Rqty): null

2018-05-16 18:37:55 - [TEST_STEP][PASSED] - Statement - If (java.lang.Integer.valueOf(batchqty) >= java.lang.Integer.valueOf(Rqty)): null

2018-05-16 18:37:55 - [TEST_STEP][PASSED] - Statement - Else: null

2018-05-16 18:37:55 - [TEST_STEP][PASSED] - Statement - out.println("Batchqty Is Less Than Rqty"): null

2018-05-16 18:37:55 - [TEST_STEP][PASSED] - Statement - product = new com.kms.katalon.core.testobject.TestObject(): null

2018-05-16 18:37:55 - [TEST_STEP][PASSED] - Statement - product = com.kms.katalon.core.webui.keyword.WebUiBuiltInKeywords.modifyObjectProperty(product, "xpath", "equals", "//*[@id = "fldvendor" + row + ""]", true): Modify property of object successfully

2018-05-16 18:37:55 - [MESSAGE][PASSED] - Modify property of object successfully

2018-05-16 18:37:55 - [TEST_STEP][PASSED] - selectOptionByIndex: All options with index in [4] are selected on object ''

2018-05-16 18:37:56 - [MESSAGE][PASSED] - All options with index in [4] are selected on object ''

2018-05-16 18:37:56 - [TEST_STEP][PASSED] - Statement - batch = new com.kms.katalon.core.testobject.TestObject(): null

2018-05-16 18:37:56 - [TEST_STEP][PASSED] - Statement - batch = com.kms.katalon.core.webui.keyword.WebUiBuiltInKeywords.modifyObjectProperty(batch, "xpath", "equals", "//*[@id = "txtbthqty" + row + ""]", true): Modify property of object successfully

2018-05-16 18:37:56 - [MESSAGE][PASSED] - Modify property of object successfully

2018-05-16 18:37:56 - [TEST_STEP][PASSED] - Statement - batchqty = com.kms.katalon.core.webui.keyword.WebUiBuiltInKeywords.getAttribute(batch, "value").trim(): Attribute 'value' of object '' is: '500'

2018-05-16 18:37:56 - [MESSAGE][PASSED] - Attribute 'value' of object '' is: '500'

2018-05-16 18:37:56 - [TEST_STEP][PASSED] - Statement - Rqty = 10000: null

2018-05-16 18:37:56 - [TEST_STEP][PASSED] - delay: Delayed 2 second(s)

2018-05-16 18:37:58 - [MESSAGE][PASSED] - Delayed 2 second(s)

2018-05-16 18:37:58 - [TEST_STEP][PASSED] - Statement - out.println("BatchQty : " + batchqty): null

2018-05-16 18:37:58 - [TEST_STEP][PASSED] - Statement - out.println("RQty : " + Rqty): null

2018-05-16 18:37:58 - [TEST_STEP][PASSED] - Statement - If (java.lang.Integer.valueOf(batchqty) >= java.lang.Integer.valueOf(Rqty)): null

2018-05-16 18:37:58 - [TEST_STEP][PASSED] - Statement - Else: null

2018-05-16 18:37:58 - [TEST_STEP][PASSED] - Statement - out.println("Batchqty Is Less Than Rqty"): null

2018-05-16 18:37:58 - [TEST_STEP][PASSED] - Statement - product = new com.kms.katalon.core.testobject.TestObject(): null

2018-05-16 18:37:58 - [TEST_STEP][PASSED] - Statement - product = com.kms.katalon.core.webui.keyword.WebUiBuiltInKeywords.modifyObjectProperty(product, "xpath", "equals", "//*[@id = "fldvendor" + row + ""]", true): Modify property of object successfully

2018-05-16 18:37:58 - [MESSAGE][PASSED] - Modify property of object successfully

2018-05-16 18:37:58 - [TEST_STEP][PASSED] - selectOptionByIndex: All options with index in [5] are selected on object ''

2018-05-16 18:37:58 - [MESSAGE][PASSED] - All options with index in [5] are selected on object ''

2018-05-16 18:37:58 - [TEST_STEP][PASSED] - Statement - batch = new com.kms.katalon.core.testobject.TestObject(): null

2018-05-16 18:37:58 - [TEST_STEP][PASSED] - Statement - batch = com.kms.katalon.core.webui.keyword.WebUiBuiltInKeywords.modifyObjectProperty(batch, "xpath", "equals", "//*[@id = "txtbthqty" + row + ""]", true): Modify property of object successfully

2018-05-16 18:37:58 - [MESSAGE][PASSED] - Modify property of object successfully

2018-05-16 18:37:58 - [TEST_STEP][PASSED] - Statement - batchqty = com.kms.katalon.core.webui.keyword.WebUiBuiltInKeywords.getAttribute(batch, "value").trim(): Attribute 'value' of object '' is: '5000'

2018-05-16 18:37:58 - [MESSAGE][PASSED] - Attribute 'value' of object '' is: '5000'

2018-05-16 18:37:58 - [TEST_STEP][PASSED] - Statement - Rqty = 10000: null

2018-05-16 18:37:58 - [TEST_STEP][PASSED] - delay: Delayed 2 second(s)

2018-05-16 18:38:00 - [MESSAGE][PASSED] - Delayed 2 second(s)

2018-05-16 18:38:00 - [TEST_STEP][PASSED] - Statement - out.println("BatchQty : " + batchqty): null

2018-05-16 18:38:00 - [TEST_STEP][PASSED] - Statement - out.println("RQty : " + Rqty): null

2018-05-16 18:38:00 - [TEST_STEP][PASSED] - Statement - If (java.lang.Integer.valueOf(batchqty) >= java.lang.Integer.valueOf(Rqty)): null

2018-05-16 18:38:00 - [TEST_STEP][PASSED] - Statement - Else: null

2018-05-16 18:38:00 - [TEST_STEP][PASSED] - Statement - out.println("Batchqty Is Less Than Rqty"): null

2018-05-16 18:38:00 - [TEST_STEP][PASSED] - Statement - product = new com.kms.katalon.core.testobject.TestObject(): null

2018-05-16 18:38:00 - [TEST_STEP][PASSED] - Statement - product = com.kms.katalon.core.webui.keyword.WebUiBuiltInKeywords.modifyObjectProperty(product, "xpath", "equals", "//*[@id = "fldvendor" + row + ""]", true): Modify property of object successfully

2018-05-16 18:38:00 - [MESSAGE][PASSED] - Modify property of object successfully

2018-05-16 18:38:00 - [TEST_STEP][PASSED] - selectOptionByIndex: All options with index in [6] are selected on object ''

2018-05-16 18:38:00 - [MESSAGE][PASSED] - All options with index in [6] are selected on object ''

2018-05-16 18:38:00 - [TEST_STEP][PASSED] - Statement - batch = new com.kms.katalon.core.testobject.TestObject(): null

2018-05-16 18:38:00 - [TEST_STEP][PASSED] - Statement - batch = com.kms.katalon.core.webui.keyword.WebUiBuiltInKeywords.modifyObjectProperty(batch, "xpath", "equals", "//*[@id = "txtbthqty" + row + ""]", true): Modify property of object successfully

2018-05-16 18:38:00 - [MESSAGE][PASSED] - Modify property of object successfully

2018-05-16 18:38:00 - [TEST_STEP][PASSED] - Statement - batchqty = com.kms.katalon.core.webui.keyword.WebUiBuiltInKeywords.getAttribute(batch, "value").trim(): Attribute 'value' of object '' is: '5000'

2018-05-16 18:38:00 - [MESSAGE][PASSED] - Attribute 'value' of object '' is: '5000'

2018-05-16 18:38:00 - [TEST_STEP][PASSED] - Statement - Rqty = 10000: null

2018-05-16 18:38:00 - [TEST_STEP][PASSED] - delay: Delayed 2 second(s)

2018-05-16 18:38:02 - [MESSAGE][PASSED] - Delayed 2 second(s)

2018-05-16 18:38:02 - [TEST_STEP][PASSED] - Statement - out.println("BatchQty : " + batchqty): null

2018-05-16 18:38:02 - [TEST_STEP][PASSED] - Statement - out.println("RQty : " + Rqty): null

2018-05-16 18:38:02 - [TEST_STEP][PASSED] - Statement - If (java.lang.Integer.valueOf(batchqty) >= java.lang.Integer.valueOf(Rqty)): null

2018-05-16 18:38:02 - [TEST_STEP][PASSED] - Statement - Else: null

2018-05-16 18:38:02 - [TEST_STEP][PASSED] - Statement - out.println("Batchqty Is Less Than Rqty"): null

2018-05-16 18:38:02 - [TEST_STEP][PASSED] - Statement - product = new com.kms.katalon.core.testobject.TestObject(): null

2018-05-16 18:38:02 - [TEST_STEP][PASSED] - Statement - product = com.kms.katalon.core.webui.keyword.WebUiBuiltInKeywords.modifyObjectProperty(product, "xpath", "equals", "//*[@id = "fldvendor" + row + ""]", true): Modify property of object successfully

2018-05-16 18:38:02 - [MESSAGE][PASSED] - Modify property of object successfully

2018-05-16 18:38:02 - [TEST_STEP][PASSED] - selectOptionByIndex: All options with index in [7] are selected on object ''

2018-05-16 18:38:02 - [MESSAGE][PASSED] - All options with index in [7] are selected on object ''

2018-05-16 18:38:02 - [TEST_STEP][PASSED] - Statement - batch = new com.kms.katalon.core.testobject.TestObject(): null

2018-05-16 18:38:02 - [TEST_STEP][PASSED] - Statement - batch = com.kms.katalon.core.webui.keyword.WebUiBuiltInKeywords.modifyObjectProperty(batch, "xpath", "equals", "//*[@id = "txtbthqty" + row + ""]", true): Modify property of object successfully

2018-05-16 18:38:02 - [MESSAGE][PASSED] - Modify property of object successfully

2018-05-16 18:38:02 - [TEST_STEP][PASSED] - Statement - batchqty = com.kms.katalon.core.webui.keyword.WebUiBuiltInKeywords.getAttribute(batch, "value").trim(): Attribute 'value' of object '' is: '39900'

2018-05-16 18:38:02 - [MESSAGE][PASSED] - Attribute 'value' of object '' is: '39900'

2018-05-16 18:38:02 - [TEST_STEP][PASSED] - Statement - Rqty = 10000: null

2018-05-16 18:38:02 - [TEST_STEP][PASSED] - delay: Delayed 2 second(s)

2018-05-16 18:38:04 - [MESSAGE][PASSED] - Delayed 2 second(s)

2018-05-16 18:38:04 - [TEST_STEP][PASSED] - Statement - out.println("BatchQty : " + batchqty): null

2018-05-16 18:38:04 - [TEST_STEP][PASSED] - Statement - out.println("RQty : " + Rqty): null

2018-05-16 18:38:04 - [TEST_STEP][PASSED] - Statement - If (java.lang.Integer.valueOf(batchqty) >= java.lang.Integer.valueOf(Rqty)): null

2018-05-16 18:38:04 - [TEST_STEP][PASSED] - Statement - Break: null

2018-05-16 18:38:04 - [TEST_STEP][PASSED] - Statement - batchlength = new com.kms.katalon.core.testobject.TestObject(): null

2018-05-16 18:38:04 - [TEST_STEP][PASSED] - Statement - batchlength = com.kms.katalon.core.webui.keyword.WebUiBuiltInKeywords.modifyObjectProperty(batchlength, "xpath", "equals", "//*[@id = "fldvendor" + row + ""]", true): Modify property of object successfully

2018-05-16 18:38:04 - [MESSAGE][PASSED] - Modify property of object successfully

2018-05-16 18:38:04 - [TEST_STEP][PASSED] - Statement - batchsize = com.kms.katalon.core.webui.keyword.WebUiBuiltInKeywords.getNumberOfTotalOption(batchlength): 11 options of object '' counted

2018-05-16 18:38:04 - [MESSAGE][PASSED] - 11 options of object '' counted

2018-05-16 18:38:04 - [TEST_STEP][PASSED] - Statement - out.println("BatchSize : " + batchsize): null

2018-05-16 18:38:04 - [TEST_STEP][PASSED] - Statement - For ([n = 1, n <= batchsize - 1, (n++)]): null

2018-05-16 18:38:04 - [TEST_STEP][PASSED] - Statement - product = new com.kms.katalon.core.testobject.TestObject(): null

2018-05-16 18:38:04 - [TEST_STEP][PASSED] - Statement - product = com.kms.katalon.core.webui.keyword.WebUiBuiltInKeywords.modifyObjectProperty(product, "xpath", "equals", "//*[@id = "fldvendor" + row + ""]", true): Modify property of object successfully

2018-05-16 18:38:04 - [MESSAGE][PASSED] - Modify property of object successfully

2018-05-16 18:38:04 - [TEST_STEP][PASSED] - selectOptionByIndex: All options with index in [1] are selected on object ''

2018-05-16 18:38:05 - [MESSAGE][PASSED] - All options with index in [1] are selected on object ''

2018-05-16 18:38:05 - [TEST_STEP][PASSED] - Statement - batch = new com.kms.katalon.core.testobject.TestObject(): null

2018-05-16 18:38:05 - [TEST_STEP][PASSED] - Statement - batch = com.kms.katalon.core.webui.keyword.WebUiBuiltInKeywords.modifyObjectProperty(batch, "xpath", "equals", "//*[@id = "txtbthqty" + row + ""]", true): Modify property of object successfully

2018-05-16 18:38:05 - [MESSAGE][PASSED] - Modify property of object successfully

2018-05-16 18:38:05 - [TEST_STEP][PASSED] - Statement - batchqty = com.kms.katalon.core.webui.keyword.WebUiBuiltInKeywords.getAttribute(batch, "value").trim(): Attribute 'value' of object '' is: '5000'

2018-05-16 18:38:05 - [MESSAGE][PASSED] - Attribute 'value' of object '' is: '5000'

2018-05-16 18:38:05 - [TEST_STEP][PASSED] - Statement - Rqty = 10000: null

2018-05-16 18:38:05 - [TEST_STEP][PASSED] - delay: Delayed 2 second(s)

2018-05-16 18:38:07 - [MESSAGE][PASSED] - Delayed 2 second(s)

2018-05-16 18:38:07 - [TEST_STEP][PASSED] - Statement - out.println("BatchQty : " + batchqty): null

2018-05-16 18:38:07 - [TEST_STEP][PASSED] - Statement - out.println("RQty : " + Rqty): null

2018-05-16 18:38:07 - [TEST_STEP][PASSED] - Statement - If (java.lang.Integer.valueOf(batchqty) >= java.lang.Integer.valueOf(Rqty)): null

2018-05-16 18:38:07 - [TEST_STEP][PASSED] - Statement - Else: null

2018-05-16 18:38:07 - [TEST_STEP][PASSED] - Statement - out.println("Batchqty Is Less Than Rqty"): null

2018-05-16 18:38:07 - [TEST_STEP][PASSED] - Statement - product = new com.kms.katalon.core.testobject.TestObject(): null

2018-05-16 18:38:07 - [TEST_STEP][PASSED] - Statement - product = com.kms.katalon.core.webui.keyword.WebUiBuiltInKeywords.modifyObjectProperty(product, "xpath", "equals", "//*[@id = "fldvendor" + row + ""]", true): Modify property of object successfully

2018-05-16 18:38:07 - [MESSAGE][PASSED] - Modify property of object successfully

2018-05-16 18:38:07 - [TEST_STEP][PASSED] - selectOptionByIndex: All options with index in [2] are selected on object ''

2018-05-16 18:38:07 - [MESSAGE][PASSED] - All options with index in [2] are selected on object ''

2018-05-16 18:38:07 - [TEST_STEP][PASSED] - Statement - batch = new com.kms.katalon.core.testobject.TestObject(): null

2018-05-16 18:38:07 - [TEST_STEP][PASSED] - Statement - batch = com.kms.katalon.core.webui.keyword.WebUiBuiltInKeywords.modifyObjectProperty(batch, "xpath", "equals", "//*[@id = "txtbthqty" + row + ""]", true): Modify property of object successfully

2018-05-16 18:38:07 - [MESSAGE][PASSED] - Modify property of object successfully

2018-05-16 18:38:07 - [TEST_STEP][PASSED] - Statement - batchqty = com.kms.katalon.core.webui.keyword.WebUiBuiltInKeywords.getAttribute(batch, "value").trim(): Attribute 'value' of object '' is: '5000'

2018-05-16 18:38:07 - [MESSAGE][PASSED] - Attribute 'value' of object '' is: '5000'

2018-05-16 18:38:07 - [TEST_STEP][PASSED] - Statement - Rqty = 10000: null

2018-05-16 18:38:07 - [TEST_STEP][PASSED] - delay: Delayed 2 second(s)

2018-05-16 18:38:09 - [MESSAGE][PASSED] - Delayed 2 second(s)

2018-05-16 18:38:09 - [TEST_STEP][PASSED] - Statement - out.println("BatchQty : " + batchqty): null

2018-05-16 18:38:09 - [TEST_STEP][PASSED] - Statement - out.println("RQty : " + Rqty): null

2018-05-16 18:38:09 - [TEST_STEP][PASSED] - Statement - If (java.lang.Integer.valueOf(batchqty) >= java.lang.Integer.valueOf(Rqty)): null

2018-05-16 18:38:09 - [TEST_STEP][PASSED] - Statement - Else: null

2018-05-16 18:38:09 - [TEST_STEP][PASSED] - Statement - out.println("Batchqty Is Less Than Rqty"): null

2018-05-16 18:38:09 - [TEST_STEP][PASSED] - Statement - product = new com.kms.katalon.core.testobject.TestObject(): null

2018-05-16 18:38:09 - [TEST_STEP][PASSED] - Statement - product = com.kms.katalon.core.webui.keyword.WebUiBuiltInKeywords.modifyObjectProperty(product, "xpath", "equals", "//*[@id = "fldvendor" + row + ""]", true): Modify property of object successfully

2018-05-16 18:38:09 - [MESSAGE][PASSED] - Modify property of object successfully

2018-05-16 18:38:09 - [TEST_STEP][PASSED] - selectOptionByIndex: All options with index in [3] are selected on object ''

2018-05-16 18:38:09 - [MESSAGE][PASSED] - All options with index in [3] are selected on object ''

2018-05-16 18:38:09 - [TEST_STEP][PASSED] - Statement - batch = new com.kms.katalon.core.testobject.TestObject(): null

2018-05-16 18:38:09 - [TEST_STEP][PASSED] - Statement - batch = com.kms.katalon.core.webui.keyword.WebUiBuiltInKeywords.modifyObjectProperty(batch, "xpath", "equals", "//*[@id = "txtbthqty" + row + ""]", true): Modify property of object successfully

2018-05-16 18:38:09 - [MESSAGE][PASSED] - Modify property of object successfully

2018-05-16 18:38:09 - [TEST_STEP][PASSED] - Statement - batchqty = com.kms.katalon.core.webui.keyword.WebUiBuiltInKeywords.getAttribute(batch, "value").trim(): Attribute 'value' of object '' is: '5000'

2018-05-16 18:38:09 - [MESSAGE][PASSED] - Attribute 'value' of object '' is: '5000'

2018-05-16 18:38:09 - [TEST_STEP][PASSED] - Statement - Rqty = 10000: null

2018-05-16 18:38:09 - [TEST_STEP][PASSED] - delay: Delayed 2 second(s)

2018-05-16 18:38:11 - [MESSAGE][PASSED] - Delayed 2 second(s)

2018-05-16 18:38:11 - [TEST_STEP][PASSED] - Statement - out.println("BatchQty : " + batchqty): null

2018-05-16 18:38:11 - [TEST_STEP][PASSED] - Statement - out.println("RQty : " + Rqty): null

2018-05-16 18:38:11 - [TEST_STEP][PASSED] - Statement - If (java.lang.Integer.valueOf(batchqty) >= java.lang.Integer.valueOf(Rqty)): null

2018-05-16 18:38:11 - [TEST_STEP][PASSED] - Statement - Else: null

2018-05-16 18:38:11 - [TEST_STEP][PASSED] - Statement - out.println("Batchqty Is Less Than Rqty"): null

2018-05-16 18:38:11 - [TEST_STEP][PASSED] - Statement - product = new com.kms.katalon.core.testobject.TestObject(): null

2018-05-16 18:38:11 - [TEST_STEP][PASSED] - Statement - product = com.kms.katalon.core.webui.keyword.WebUiBuiltInKeywords.modifyObjectProperty(product, "xpath", "equals", "//*[@id = "fldvendor" + row + ""]", true): Modify property of object successfully

2018-05-16 18:38:11 - [MESSAGE][PASSED] - Modify property of object successfully

2018-05-16 18:38:11 - [TEST_STEP][PASSED] - selectOptionByIndex: All options with index in [4] are selected on object ''

2018-05-16 18:38:11 - [MESSAGE][PASSED] - All options with index in [4] are selected on object ''

2018-05-16 18:38:11 - [TEST_STEP][PASSED] - Statement - batch = new com.kms.katalon.core.testobject.TestObject(): null

2018-05-16 18:38:11 - [TEST_STEP][PASSED] - Statement - batch = com.kms.katalon.core.webui.keyword.WebUiBuiltInKeywords.modifyObjectProperty(batch, "xpath", "equals", "//*[@id = "txtbthqty" + row + ""]", true): Modify property of object successfully

2018-05-16 18:38:11 - [MESSAGE][PASSED] - Modify property of object successfully

2018-05-16 18:38:11 - [TEST_STEP][PASSED] - Statement - batchqty = com.kms.katalon.core.webui.keyword.WebUiBuiltInKeywords.getAttribute(batch, "value").trim(): Attribute 'value' of object '' is: '4000'

2018-05-16 18:38:11 - [MESSAGE][PASSED] - Attribute 'value' of object '' is: '4000'

2018-05-16 18:38:11 - [TEST_STEP][PASSED] - Statement - Rqty = 10000: null

2018-05-16 18:38:11 - [TEST_STEP][PASSED] - delay: Delayed 2 second(s)

2018-05-16 18:38:13 - [MESSAGE][PASSED] - Delayed 2 second(s)

2018-05-16 18:38:13 - [TEST_STEP][PASSED] - Statement - out.println("BatchQty : " + batchqty): null

2018-05-16 18:38:13 - [TEST_STEP][PASSED] - Statement - out.println("RQty : " + Rqty): null

2018-05-16 18:38:13 - [TEST_STEP][PASSED] - Statement - If (java.lang.Integer.valueOf(batchqty) >= java.lang.Integer.valueOf(Rqty)): null

2018-05-16 18:38:13 - [TEST_STEP][PASSED] - Statement - Else: null

2018-05-16 18:38:13 - [TEST_STEP][PASSED] - Statement - out.println("Batchqty Is Less Than Rqty"): null

2018-05-16 18:38:13 - [TEST_STEP][PASSED] - Statement - product = new com.kms.katalon.core.testobject.TestObject(): null

2018-05-16 18:38:13 - [TEST_STEP][PASSED] - Statement - product = com.kms.katalon.core.webui.keyword.WebUiBuiltInKeywords.modifyObjectProperty(product, "xpath", "equals", "//*[@id = "fldvendor" + row + ""]", true): Modify property of object successfully

2018-05-16 18:38:13 - [MESSAGE][PASSED] - Modify property of object successfully

2018-05-16 18:38:13 - [TEST_STEP][PASSED] - selectOptionByIndex: All options with index in [5] are selected on object ''

2018-05-16 18:38:14 - [MESSAGE][PASSED] - All options with index in [5] are selected on object ''

2018-05-16 18:38:14 - [TEST_STEP][PASSED] - Statement - batch = new com.kms.katalon.core.testobject.TestObject(): null

2018-05-16 18:38:14 - [TEST_STEP][PASSED] - Statement - batch = com.kms.katalon.core.webui.keyword.WebUiBuiltInKeywords.modifyObjectProperty(batch, "xpath", "equals", "//*[@id = "txtbthqty" + row + ""]", true): Modify property of object successfully

2018-05-16 18:38:14 - [MESSAGE][PASSED] - Modify property of object successfully

2018-05-16 18:38:14 - [TEST_STEP][PASSED] - Statement - batchqty = com.kms.katalon.core.webui.keyword.WebUiBuiltInKeywords.getAttribute(batch, "value").trim(): Attribute 'value' of object '' is: '5000'

2018-05-16 18:38:14 - [MESSAGE][PASSED] - Attribute 'value' of object '' is: '5000'

2018-05-16 18:38:14 - [TEST_STEP][PASSED] - Statement - Rqty = 10000: null

2018-05-16 18:38:14 - [TEST_STEP][PASSED] - delay: Delayed 2 second(s)

2018-05-16 18:38:16 - [MESSAGE][PASSED] - Delayed 2 second(s)

2018-05-16 18:38:16 - [TEST_STEP][PASSED] - Statement - out.println("BatchQty : " + batchqty): null

2018-05-16 18:38:16 - [TEST_STEP][PASSED] - Statement - out.println("RQty : " + Rqty): null

2018-05-16 18:38:16 - [TEST_STEP][PASSED] - Statement - If (java.lang.Integer.valueOf(batchqty) >= java.lang.Integer.valueOf(Rqty)): null

2018-05-16 18:38:16 - [TEST_STEP][PASSED] - Statement - Else: null

2018-05-16 18:38:16 - [TEST_STEP][PASSED] - Statement - out.println("Batchqty Is Less Than Rqty"): null

2018-05-16 18:38:16 - [TEST_STEP][PASSED] - Statement - product = new com.kms.katalon.core.testobject.TestObject(): null

2018-05-16 18:38:16 - [TEST_STEP][PASSED] - Statement - product = com.kms.katalon.core.webui.keyword.WebUiBuiltInKeywords.modifyObjectProperty(product, "xpath", "equals", "//*[@id = "fldvendor" + row + ""]", true): Modify property of object successfully

2018-05-16 18:38:16 - [MESSAGE][PASSED] - Modify property of object successfully

2018-05-16 18:38:16 - [TEST_STEP][PASSED] - selectOptionByIndex: All options with index in [6] are selected on object ''

2018-05-16 18:38:16 - [MESSAGE][PASSED] - All options with index in [6] are selected on object ''

2018-05-16 18:38:16 - [TEST_STEP][PASSED] - Statement - batch = new com.kms.katalon.core.testobject.TestObject(): null

2018-05-16 18:38:16 - [TEST_STEP][PASSED] - Statement - batch = com.kms.katalon.core.webui.keyword.WebUiBuiltInKeywords.modifyObjectProperty(batch, "xpath", "equals", "//*[@id = "txtbthqty" + row + ""]", true): Modify property of object successfully

2018-05-16 18:38:16 - [MESSAGE][PASSED] - Modify property of object successfully

2018-05-16 18:38:16 - [TEST_STEP][PASSED] - Statement - batchqty = com.kms.katalon.core.webui.keyword.WebUiBuiltInKeywords.getAttribute(batch, "value").trim(): Attribute 'value' of object '' is: '39900'

2018-05-16 18:38:16 - [MESSAGE][PASSED] - Attribute 'value' of object '' is: '39900'

2018-05-16 18:38:16 - [TEST_STEP][PASSED] - Statement - Rqty = 10000: null

2018-05-16 18:38:16 - [TEST_STEP][PASSED] - delay: Delayed 2 second(s)

2018-05-16 18:38:18 - [MESSAGE][PASSED] - Delayed 2 second(s)

2018-05-16 18:38:18 - [TEST_STEP][PASSED] - Statement - out.println("BatchQty : " + batchqty): null

2018-05-16 18:38:18 - [TEST_STEP][PASSED] - Statement - out.println("RQty : " + Rqty): null

2018-05-16 18:38:18 - [TEST_STEP][PASSED] - Statement - If (java.lang.Integer.valueOf(batchqty) >= java.lang.Integer.valueOf(Rqty)): null

2018-05-16 18:38:18 - [TEST_STEP][PASSED] - Statement - Break: null

2018-05-16 18:38:18 - [TEST_STEP][PASSED] - Statement - batchlength = new com.kms.katalon.core.testobject.TestObject(): null

2018-05-16 18:38:18 - [TEST_STEP][PASSED] - Statement - batchlength = com.kms.katalon.core.webui.keyword.WebUiBuiltInKeywords.modifyObjectProperty(batchlength, "xpath", "equals", "//*[@id = "fldvendor" + row + ""]", true): Modify property of object successfully

2018-05-16 18:38:18 - [MESSAGE][PASSED] - Modify property of object successfully

2018-05-16 18:38:18 - [TEST_STEP][PASSED] - Statement - batchsize = com.kms.katalon.core.webui.keyword.WebUiBuiltInKeywords.getNumberOfTotalOption(batchlength): 11 options of object '' counted

2018-05-16 18:38:18 - [MESSAGE][PASSED] - 11 options of object '' counted

2018-05-16 18:38:18 - [TEST_STEP][PASSED] - Statement - out.println("BatchSize : " + batchsize): null

2018-05-16 18:38:18 - [TEST_STEP][PASSED] - Statement - For ([n = 1, n <= batchsize - 1, (n++)]): null

2018-05-16 18:38:18 - [TEST_STEP][PASSED] - Statement - product = new com.kms.katalon.core.testobject.TestObject(): null

2018-05-16 18:38:18 - [TEST_STEP][PASSED] - Statement - product = com.kms.katalon.core.webui.keyword.WebUiBuiltInKeywords.modifyObjectProperty(product, "xpath", "equals", "//*[@id = "fldvendor" + row + ""]", true): Modify property of object successfully

2018-05-16 18:38:18 - [MESSAGE][PASSED] - Modify property of object successfully

2018-05-16 18:38:18 - [TEST_STEP][PASSED] - selectOptionByIndex: All options with index in [1] are selected on object ''

2018-05-16 18:38:18 - [MESSAGE][PASSED] - All options with index in [1] are selected on object ''

2018-05-16 18:38:18 - [TEST_STEP][PASSED] - Statement - batch = new com.kms.katalon.core.testobject.TestObject(): null

2018-05-16 18:38:18 - [TEST_STEP][PASSED] - Statement - batch = com.kms.katalon.core.webui.keyword.WebUiBuiltInKeywords.modifyObjectProperty(batch, "xpath", "equals", "//*[@id = "txtbthqty" + row + ""]", true): Modify property of object successfully

2018-05-16 18:38:18 - [MESSAGE][PASSED] - Modify property of object successfully

2018-05-16 18:38:18 - [TEST_STEP][PASSED] - Statement - batchqty = com.kms.katalon.core.webui.keyword.WebUiBuiltInKeywords.getAttribute(batch, "value").trim(): Attribute 'value' of object '' is: '4000'

2018-05-16 18:38:18 - [MESSAGE][PASSED] - Attribute 'value' of object '' is: '4000'

2018-05-16 18:38:18 - [TEST_STEP][PASSED] - Statement - Rqty = 10000: null

2018-05-16 18:38:18 - [TEST_STEP][PASSED] - delay: Delayed 2 second(s)

2018-05-16 18:38:20 - [MESSAGE][PASSED] - Delayed 2 second(s)

2018-05-16 18:38:20 - [TEST_STEP][PASSED] - Statement - out.println("BatchQty : " + batchqty): null

2018-05-16 18:38:20 - [TEST_STEP][PASSED] - Statement - out.println("RQty : " + Rqty): null

2018-05-16 18:38:20 - [TEST_STEP][PASSED] - Statement - If (java.lang.Integer.valueOf(batchqty) >= java.lang.Integer.valueOf(Rqty)): null

2018-05-16 18:38:20 - [TEST_STEP][PASSED] - Statement - Else: null

2018-05-16 18:38:20 - [TEST_STEP][PASSED] - Statement - out.println("Batchqty Is Less Than Rqty"): null

2018-05-16 18:38:20 - [TEST_STEP][PASSED] - Statement - product = new com.kms.katalon.core.testobject.TestObject(): null

2018-05-16 18:38:20 - [TEST_STEP][PASSED] - Statement - product = com.kms.katalon.core.webui.keyword.WebUiBuiltInKeywords.modifyObjectProperty(product, "xpath", "equals", "//*[@id = "fldvendor" + row + ""]", true): Modify property of object successfully

2018-05-16 18:38:20 - [MESSAGE][PASSED] - Modify property of object successfully

2018-05-16 18:38:20 - [TEST_STEP][PASSED] - selectOptionByIndex: All options with index in [2] are selected on object ''

2018-05-16 18:38:20 - [MESSAGE][PASSED] - All options with index in [2] are selected on object ''

2018-05-16 18:38:20 - [TEST_STEP][PASSED] - Statement - batch = new com.kms.katalon.core.testobject.TestObject(): null

2018-05-16 18:38:20 - [TEST_STEP][PASSED] - Statement - batch = com.kms.katalon.core.webui.keyword.WebUiBuiltInKeywords.modifyObjectProperty(batch, "xpath", "equals", "//*[@id = "txtbthqty" + row + ""]", true): Modify property of object successfully

2018-05-16 18:38:20 - [MESSAGE][PASSED] - Modify property of object successfully

2018-05-16 18:38:20 - [TEST_STEP][PASSED] - Statement - batchqty = com.kms.katalon.core.webui.keyword.WebUiBuiltInKeywords.getAttribute(batch, "value").trim(): Attribute 'value' of object '' is: '39900'

2018-05-16 18:38:20 - [MESSAGE][PASSED] - Attribute 'value' of object '' is: '39900'

2018-05-16 18:38:20 - [TEST_STEP][PASSED] - Statement - Rqty = 10000: null

2018-05-16 18:38:20 - [TEST_STEP][PASSED] - delay: Delayed 2 second(s)

2018-05-16 18:38:22 - [MESSAGE][PASSED] - Delayed 2 second(s)

2018-05-16 18:38:22 - [TEST_STEP][PASSED] - Statement - out.println("BatchQty : " + batchqty): null

2018-05-16 18:38:22 - [TEST_STEP][PASSED] - Statement - out.println("RQty : " + Rqty): null

2018-05-16 18:38:22 - [TEST_STEP][PASSED] - Statement - If (java.lang.Integer.valueOf(batchqty) >= java.lang.Integer.valueOf(Rqty)): null

2018-05-16 18:38:22 - [TEST_STEP][PASSED] - Statement - Break: null

2018-05-16 18:38:22 - [TEST_STEP][PASSED] - Statement - batchlength = new com.kms.katalon.core.testobject.TestObject(): null

2018-05-16 18:38:22 - [TEST_STEP][PASSED] - Statement - batchlength = com.kms.katalon.core.webui.keyword.WebUiBuiltInKeywords.modifyObjectProperty(batchlength, "xpath", "equals", "//*[@id = "fldvendor" + row + ""]", true): Modify property of object successfully

2018-05-16 18:38:22 - [MESSAGE][PASSED] - Modify property of object successfully

2018-05-16 18:38:22 - [TEST_STEP][PASSED] - Statement - batchsize = com.kms.katalon.core.webui.keyword.WebUiBuiltInKeywords.getNumberOfTotalOption(batchlength): 11 options of object '' counted

2018-05-16 18:38:22 - [MESSAGE][PASSED] - 11 options of object '' counted

2018-05-16 18:38:22 - [TEST_STEP][PASSED] - Statement - out.println("BatchSize : " + batchsize): null

2018-05-16 18:38:22 - [TEST_STEP][PASSED] - Statement - For ([n = 1, n <= batchsize - 1, (n++)]): null

2018-05-16 18:38:22 - [TEST_STEP][PASSED] - Statement - product = new com.kms.katalon.core.testobject.TestObject(): null

2018-05-16 18:38:22 - [TEST_STEP][PASSED] - Statement - product = com.kms.katalon.core.webui.keyword.WebUiBuiltInKeywords.modifyObjectProperty(product, "xpath", "equals", "//*[@id = "fldvendor" + row + ""]", true): Modify property of object successfully

2018-05-16 18:38:22 - [MESSAGE][PASSED] - Modify property of object successfully

2018-05-16 18:38:22 - [TEST_STEP][PASSED] - selectOptionByIndex: All options with index in [1] are selected on object ''

2018-05-16 18:38:22 - [MESSAGE][PASSED] - All options with index in [1] are selected on object ''

2018-05-16 18:38:22 - [TEST_STEP][PASSED] - Statement - batch = new com.kms.katalon.core.testobject.TestObject(): null

2018-05-16 18:38:22 - [TEST_STEP][PASSED] - Statement - batch = com.kms.katalon.core.webui.keyword.WebUiBuiltInKeywords.modifyObjectProperty(batch, "xpath", "equals", "//*[@id = "txtbthqty" + row + ""]", true): Modify property of object successfully

2018-05-16 18:38:22 - [MESSAGE][PASSED] - Modify property of object successfully

2018-05-16 18:38:22 - [TEST_STEP][PASSED] - Statement - batchqty = com.kms.katalon.core.webui.keyword.WebUiBuiltInKeywords.getAttribute(batch, "value").trim(): Attribute 'value' of object '' is: '500'

2018-05-16 18:38:23 - [MESSAGE][PASSED] - Attribute 'value' of object '' is: '500'

2018-05-16 18:38:23 - [TEST_STEP][PASSED] - Statement - Rqty = 10000: null

2018-05-16 18:38:23 - [TEST_STEP][PASSED] - delay: Delayed 2 second(s)

2018-05-16 18:38:25 - [MESSAGE][PASSED] - Delayed 2 second(s)

2018-05-16 18:38:25 - [TEST_STEP][PASSED] - Statement - out.println("BatchQty : " + batchqty): null

2018-05-16 18:38:25 - [TEST_STEP][PASSED] - Statement - out.println("RQty : " + Rqty): null

2018-05-16 18:38:25 - [TEST_STEP][PASSED] - Statement - If (java.lang.Integer.valueOf(batchqty) >= java.lang.Integer.valueOf(Rqty)): null

2018-05-16 18:38:25 - [TEST_STEP][PASSED] - Statement - Else: null

2018-05-16 18:38:25 - [TEST_STEP][PASSED] - Statement - out.println("Batchqty Is Less Than Rqty"): null

2018-05-16 18:38:25 - [TEST_STEP][PASSED] - Statement - product = new com.kms.katalon.core.testobject.TestObject(): null

2018-05-16 18:38:25 - [TEST_STEP][PASSED] - Statement - product = com.kms.katalon.core.webui.keyword.WebUiBuiltInKeywords.modifyObjectProperty(product, "xpath", "equals", "//*[@id = "fldvendor" + row + ""]", true): Modify property of object successfully

2018-05-16 18:38:25 - [MESSAGE][PASSED] - Modify property of object successfully

2018-05-16 18:38:25 - [TEST_STEP][PASSED] - selectOptionByIndex: All options with index in [2] are selected on object ''

2018-05-16 18:38:25 - [MESSAGE][PASSED] - All options with index in [2] are selected on object ''

2018-05-16 18:38:25 - [TEST_STEP][PASSED] - Statement - batch = new com.kms.katalon.core.testobject.TestObject(): null

2018-05-16 18:38:25 - [TEST_STEP][PASSED] - Statement - batch = com.kms.katalon.core.webui.keyword.WebUiBuiltInKeywords.modifyObjectProperty(batch, "xpath", "equals", "//*[@id = "txtbthqty" + row + ""]", true): Modify property of object successfully

2018-05-16 18:38:25 - [MESSAGE][PASSED] - Modify property of object successfully

2018-05-16 18:38:25 - [TEST_STEP][PASSED] - Statement - batchqty = com.kms.katalon.core.webui.keyword.WebUiBuiltInKeywords.getAttribute(batch, "value").trim(): Attribute 'value' of object '' is: '38900'

2018-05-16 18:38:25 - [MESSAGE][PASSED] - Attribute 'value' of object '' is: '38900'

2018-05-16 18:38:25 - [TEST_STEP][PASSED] - Statement - Rqty = 10000: null

2018-05-16 18:38:25 - [TEST_STEP][PASSED] - delay: Delayed 2 second(s)

2018-05-16 18:38:27 - [MESSAGE][PASSED] - Delayed 2 second(s)

2018-05-16 18:38:27 - [TEST_STEP][PASSED] - Statement - out.println("BatchQty : " + batchqty): null

2018-05-16 18:38:27 - [TEST_STEP][PASSED] - Statement - out.println("RQty : " + Rqty): null

2018-05-16 18:38:27 - [TEST_STEP][PASSED] - Statement - If (java.lang.Integer.valueOf(batchqty) >= java.lang.Integer.valueOf(Rqty)): null

2018-05-16 18:38:27 - [TEST_STEP][PASSED] - Statement - Break: null

2018-05-16 18:38:27 - [TEST_STEP][PASSED] - Statement - batchlength = new com.kms.katalon.core.testobject.TestObject(): null

2018-05-16 18:38:27 - [TEST_STEP][PASSED] - Statement - batchlength = com.kms.katalon.core.webui.keyword.WebUiBuiltInKeywords.modifyObjectProperty(batchlength, "xpath", "equals", "//*[@id = "fldvendor" + row + ""]", true): Modify property of object successfully

2018-05-16 18:38:27 - [MESSAGE][PASSED] - Modify property of object successfully

2018-05-16 18:38:27 - [TEST_STEP][PASSED] - Statement - batchsize = com.kms.katalon.core.webui.keyword.WebUiBuiltInKeywords.getNumberOfTotalOption(batchlength): 11 options of object '' counted

2018-05-16 18:38:27 - [MESSAGE][PASSED] - 11 options of object '' counted

2018-05-16 18:38:27 - [TEST_STEP][PASSED] - Statement - out.println("BatchSize : " + batchsize): null

2018-05-16 18:38:27 - [TEST_STEP][PASSED] - Statement - For ([n = 1, n <= batchsize - 1, (n++)]): null

2018-05-16 18:38:27 - [TEST_STEP][PASSED] - Statement - product = new com.kms.katalon.core.testobject.TestObject(): null

2018-05-16 18:38:27 - [TEST_STEP][PASSED] - Statement - product = com.kms.katalon.core.webui.keyword.WebUiBuiltInKeywords.modifyObjectProperty(product, "xpath", "equals", "//*[@id = "fldvendor" + row + ""]", true): Modify property of object successfully

2018-05-16 18:38:27 - [MESSAGE][PASSED] - Modify property of object successfully

2018-05-16 18:38:27 - [TEST_STEP][PASSED] - selectOptionByIndex: All options with index in [1] are selected on object ''

2018-05-16 18:38:27 - [MESSAGE][PASSED] - All options with index in [1] are selected on object ''

2018-05-16 18:38:27 - [TEST_STEP][PASSED] - Statement - batch = new com.kms.katalon.core.testobject.TestObject(): null

2018-05-16 18:38:27 - [TEST_STEP][PASSED] - Statement - batch = com.kms.katalon.core.webui.keyword.WebUiBuiltInKeywords.modifyObjectProperty(batch, "xpath", "equals", "//*[@id = "txtbthqty" + row + ""]", true): Modify property of object successfully

2018-05-16 18:38:27 - [MESSAGE][PASSED] - Modify property of object successfully

2018-05-16 18:38:27 - [TEST_STEP][PASSED] - Statement - batchqty = com.kms.katalon.core.webui.keyword.WebUiBuiltInKeywords.getAttribute(batch, "value").trim(): Attribute 'value' of object '' is: '33900'

2018-05-16 18:38:27 - [MESSAGE][PASSED] - Attribute 'value' of object '' is: '33900'

2018-05-16 18:38:27 - [TEST_STEP][PASSED] - Statement - Rqty = 10000: null

2018-05-16 18:38:27 - [TEST_STEP][PASSED] - delay: Delayed 2 second(s)

2018-05-16 18:38:29 - [MESSAGE][PASSED] - Delayed 2 second(s)

2018-05-16 18:38:29 - [TEST_STEP][PASSED] - Statement - out.println("BatchQty : " + batchqty): null

2018-05-16 18:38:29 - [TEST_STEP][PASSED] - Statement - out.println("RQty : " + Rqty): null

2018-05-16 18:38:29 - [TEST_STEP][PASSED] - Statement - If (java.lang.Integer.valueOf(batchqty) >= java.lang.Integer.valueOf(Rqty)): null

2018-05-16 18:38:29 - [TEST_STEP][PASSED] - Statement - Break: null

2018-05-16 18:38:29 - [TEST_STEP][PASSED] - Statement - batchlength = new com.kms.katalon.core.testobject.TestObject(): null

2018-05-16 18:38:29 - [TEST_STEP][PASSED] - Statement - batchlength = com.kms.katalon.core.webui.keyword.WebUiBuiltInKeywords.modifyObjectProperty(batchlength, "xpath", "equals", "//*[@id = "fldvendor" + row + ""]", true): Modify property of object successfully

2018-05-16 18:38:29 - [MESSAGE][PASSED] - Modify property of object successfully

2018-05-16 18:38:29 - [TEST_STEP][PASSED] - Statement - batchsize = com.kms.katalon.core.webui.keyword.WebUiBuiltInKeywords.getNumberOfTotalOption(batchlength): 11 options of object '' counted

2018-05-16 18:38:29 - [MESSAGE][PASSED] - 11 options of object '' counted

2018-05-16 18:38:29 - [TEST_STEP][PASSED] - Statement - out.println("BatchSize : " + batchsize): null

2018-05-16 18:38:29 - [TEST_STEP][PASSED] - Statement - For ([n = 1, n <= batchsize - 1, (n++)]): null

2018-05-16 18:38:29 - [TEST_STEP][PASSED] - Statement - product = new com.kms.katalon.core.testobject.TestObject(): null

2018-05-16 18:38:29 - [TEST_STEP][PASSED] - Statement - product = com.kms.katalon.core.webui.keyword.WebUiBuiltInKeywords.modifyObjectProperty(product, "xpath", "equals", "//*[@id = "fldvendor" + row + ""]", true): Modify property of object successfully

2018-05-16 18:38:29 - [MESSAGE][PASSED] - Modify property of object successfully

2018-05-16 18:38:29 - [TEST_STEP][PASSED] - selectOptionByIndex: All options with index in [1] are selected on object ''

2018-05-16 18:38:29 - [MESSAGE][PASSED] - All options with index in [1] are selected on object ''

2018-05-16 18:38:29 - [TEST_STEP][PASSED] - Statement - batch = new com.kms.katalon.core.testobject.TestObject(): null

2018-05-16 18:38:29 - [TEST_STEP][PASSED] - Statement - batch = com.kms.katalon.core.webui.keyword.WebUiBuiltInKeywords.modifyObjectProperty(batch, "xpath", "equals", "//*[@id = "txtbthqty" + row + ""]", true): Modify property of object successfully

2018-05-16 18:38:29 - [MESSAGE][PASSED] - Modify property of object successfully

2018-05-16 18:38:29 - [TEST_STEP][PASSED] - Statement - batchqty = com.kms.katalon.core.webui.keyword.WebUiBuiltInKeywords.getAttribute(batch, "value").trim(): Attribute 'value' of object '' is: '4000'

2018-05-16 18:38:29 - [MESSAGE][PASSED] - Attribute 'value' of object '' is: '4000'

2018-05-16 18:38:29 - [TEST_STEP][PASSED] - Statement - Rqty = 10000: null

2018-05-16 18:38:29 - [TEST_STEP][PASSED] - delay: Delayed 2 second(s)

2018-05-16 18:38:31 - [MESSAGE][PASSED] - Delayed 2 second(s)

2018-05-16 18:38:31 - [TEST_STEP][PASSED] - Statement - out.println("BatchQty : " + batchqty): null

2018-05-16 18:38:31 - [TEST_STEP][PASSED] - Statement - out.println("RQty : " + Rqty): null

2018-05-16 18:38:31 - [TEST_STEP][PASSED] - Statement - If (java.lang.Integer.valueOf(batchqty) >= java.lang.Integer.valueOf(Rqty)): null

2018-05-16 18:38:31 - [TEST_STEP][PASSED] - Statement - Else: null

2018-05-16 18:38:31 - [TEST_STEP][PASSED] - Statement - out.println("Batchqty Is Less Than Rqty"): null

2018-05-16 18:38:31 - [TEST_STEP][PASSED] - Statement - product = new com.kms.katalon.core.testobject.TestObject(): null

2018-05-16 18:38:31 - [TEST_STEP][PASSED] - Statement - product = com.kms.katalon.core.webui.keyword.WebUiBuiltInKeywords.modifyObjectProperty(product, "xpath", "equals", "//*[@id = "fldvendor" + row + ""]", true): Modify property of object successfully

2018-05-16 18:38:31 - [MESSAGE][PASSED] - Modify property of object successfully

2018-05-16 18:38:31 - [TEST_STEP][PASSED] - selectOptionByIndex: All options with index in [2] are selected on object ''

2018-05-16 18:38:31 - [MESSAGE][PASSED] - All options with index in [2] are selected on object ''

2018-05-16 18:38:31 - [TEST_STEP][PASSED] - Statement - batch = new com.kms.katalon.core.testobject.TestObject(): null

2018-05-16 18:38:31 - [TEST_STEP][PASSED] - Statement - batch = com.kms.katalon.core.webui.keyword.WebUiBuiltInKeywords.modifyObjectProperty(batch, "xpath", "equals", "//*[@id = "txtbthqty" + row + ""]", true): Modify property of object successfully

2018-05-16 18:38:31 - [MESSAGE][PASSED] - Modify property of object successfully

2018-05-16 18:38:31 - [TEST_STEP][PASSED] - Statement - batchqty = com.kms.katalon.core.webui.keyword.WebUiBuiltInKeywords.getAttribute(batch, "value").trim(): Attribute 'value' of object '' is: '4000'

2018-05-16 18:38:31 - [MESSAGE][PASSED] - Attribute 'value' of object '' is: '4000'

2018-05-16 18:38:31 - [TEST_STEP][PASSED] - Statement - Rqty = 10000: null

2018-05-16 18:38:31 - [TEST_STEP][PASSED] - delay: Delayed 2 second(s)

2018-05-16 18:38:33 - [MESSAGE][PASSED] - Delayed 2 second(s)

2018-05-16 18:38:33 - [TEST_STEP][PASSED] - Statement - out.println("BatchQty : " + batchqty): null

2018-05-16 18:38:33 - [TEST_STEP][PASSED] - Statement - out.println("RQty : " + Rqty): null

2018-05-16 18:38:33 - [TEST_STEP][PASSED] - Statement - If (java.lang.Integer.valueOf(batchqty) >= java.lang.Integer.valueOf(Rqty)): null

2018-05-16 18:38:33 - [TEST_STEP][PASSED] - Statement - Else: null

2018-05-16 18:38:33 - [TEST_STEP][PASSED] - Statement - out.println("Batchqty Is Less Than Rqty"): null

2018-05-16 18:38:33 - [TEST_STEP][PASSED] - Statement - product = new com.kms.katalon.core.testobject.TestObject(): null

2018-05-16 18:38:33 - [TEST_STEP][PASSED] - Statement - product = com.kms.katalon.core.webui.keyword.WebUiBuiltInKeywords.modifyObjectProperty(product, "xpath", "equals", "//*[@id = "fldvendor" + row + ""]", true): Modify property of object successfully

2018-05-16 18:38:33 - [MESSAGE][PASSED] - Modify property of object successfully

2018-05-16 18:38:33 - [TEST_STEP][PASSED] - selectOptionByIndex: All options with index in [3] are selected on object ''

2018-05-16 18:38:34 - [MESSAGE][PASSED] - All options with index in [3] are selected on object ''

2018-05-16 18:38:34 - [TEST_STEP][PASSED] - Statement - batch = new com.kms.katalon.core.testobject.TestObject(): null

2018-05-16 18:38:34 - [TEST_STEP][PASSED] - Statement - batch = com.kms.katalon.core.webui.keyword.WebUiBuiltInKeywords.modifyObjectProperty(batch, "xpath", "equals", "//*[@id = "txtbthqty" + row + ""]", true): Modify property of object successfully

2018-05-16 18:38:34 - [MESSAGE][PASSED] - Modify property of object successfully

2018-05-16 18:38:34 - [TEST_STEP][PASSED] - Statement - batchqty = com.kms.katalon.core.webui.keyword.WebUiBuiltInKeywords.getAttribute(batch, "value").trim(): Attribute 'value' of object '' is: '34900'

2018-05-16 18:38:34 - [MESSAGE][PASSED] - Attribute 'value' of object '' is: '34900'

2018-05-16 18:38:34 - [TEST_STEP][PASSED] - Statement - Rqty = 10000: null

2018-05-16 18:38:34 - [TEST_STEP][PASSED] - delay: Delayed 2 second(s)

2018-05-16 18:38:36 - [MESSAGE][PASSED] - Delayed 2 second(s)

2018-05-16 18:38:36 - [TEST_STEP][PASSED] - Statement - out.println("BatchQty : " + batchqty): null

2018-05-16 18:38:36 - [TEST_STEP][PASSED] - Statement - out.println("RQty : " + Rqty): null

2018-05-16 18:38:36 - [TEST_STEP][PASSED] - Statement - If (java.lang.Integer.valueOf(batchqty) >= java.lang.Integer.valueOf(Rqty)): null

2018-05-16 18:38:36 - [TEST_STEP][PASSED] - Statement - Break: null

2018-05-16 18:38:36 - [TEST_STEP][PASSED] - Statement - batchlength = new com.kms.katalon.core.testobject.TestObject(): null

2018-05-16 18:38:36 - [TEST_STEP][PASSED] - Statement - batchlength = com.kms.katalon.core.webui.keyword.WebUiBuiltInKeywords.modifyObjectProperty(batchlength, "xpath", "equals", "//*[@id = "fldvendor" + row + ""]", true): Modify property of object successfully

2018-05-16 18:38:36 - [MESSAGE][PASSED] - Modify property of object successfully

2018-05-16 18:38:36 - [TEST_STEP][PASSED] - Statement - batchsize = com.kms.katalon.core.webui.keyword.WebUiBuiltInKeywords.getNumberOfTotalOption(batchlength): 11 options of object '' counted

2018-05-16 18:38:36 - [MESSAGE][PASSED] - 11 options of object '' counted

2018-05-16 18:38:36 - [TEST_STEP][PASSED] - Statement - out.println("BatchSize : " + batchsize): null

2018-05-16 18:38:36 - [TEST_STEP][PASSED] - Statement - For ([n = 1, n <= batchsize - 1, (n++)]): null

2018-05-16 18:38:36 - [TEST_STEP][PASSED] - Statement - product = new com.kms.katalon.core.testobject.TestObject(): null

2018-05-16 18:38:36 - [TEST_STEP][PASSED] - Statement - product = com.kms.katalon.core.webui.keyword.WebUiBuiltInKeywords.modifyObjectProperty(product, "xpath", "equals", "//*[@id = "fldvendor" + row + ""]", true): Modify property of object successfully

2018-05-16 18:38:36 - [MESSAGE][PASSED] - Modify property of object successfully

2018-05-16 18:38:36 - [TEST_STEP][PASSED] - selectOptionByIndex: All options with index in [1] are selected on object ''

2018-05-16 18:38:36 - [MESSAGE][PASSED] - All options with index in [1] are selected on object ''

2018-05-16 18:38:36 - [TEST_STEP][PASSED] - Statement - batch = new com.kms.katalon.core.testobject.TestObject(): null

2018-05-16 18:38:36 - [TEST_STEP][PASSED] - Statement - batch = com.kms.katalon.core.webui.keyword.WebUiBuiltInKeywords.modifyObjectProperty(batch, "xpath", "equals", "//*[@id = "txtbthqty" + row + ""]", true): Modify property of object successfully

2018-05-16 18:38:36 - [MESSAGE][PASSED] - Modify property of object successfully

2018-05-16 18:38:36 - [TEST_STEP][PASSED] - Statement - batchqty = com.kms.katalon.core.webui.keyword.WebUiBuiltInKeywords.getAttribute(batch, "value").trim(): Attribute 'value' of object '' is: '3000'

2018-05-16 18:38:36 - [MESSAGE][PASSED] - Attribute 'value' of object '' is: '3000'

2018-05-16 18:38:36 - [TEST_STEP][PASSED] - Statement - Rqty = 10000: null

2018-05-16 18:38:36 - [TEST_STEP][PASSED] - delay: Delayed 2 second(s)

2018-05-16 18:38:38 - [MESSAGE][PASSED] - Delayed 2 second(s)

2018-05-16 18:38:38 - [TEST_STEP][PASSED] - Statement - out.println("BatchQty : " + batchqty): null

2018-05-16 18:38:38 - [TEST_STEP][PASSED] - Statement - out.println("RQty : " + Rqty): null

2018-05-16 18:38:38 - [TEST_STEP][PASSED] - Statement - If (java.lang.Integer.valueOf(batchqty) >= java.lang.Integer.valueOf(Rqty)): null

2018-05-16 18:38:38 - [TEST_STEP][PASSED] - Statement - Else: null

2018-05-16 18:38:38 - [TEST_STEP][PASSED] - Statement - out.println("Batchqty Is Less Than Rqty"): null

2018-05-16 18:38:38 - [TEST_STEP][PASSED] - Statement - product = new com.kms.katalon.core.testobject.TestObject(): null

2018-05-16 18:38:38 - [TEST_STEP][PASSED] - Statement - product = com.kms.katalon.core.webui.keyword.WebUiBuiltInKeywords.modifyObjectProperty(product, "xpath", "equals", "//*[@id = "fldvendor" + row + ""]", true): Modify property of object successfully

2018-05-16 18:38:38 - [MESSAGE][PASSED] - Modify property of object successfully

2018-05-16 18:38:38 - [TEST_STEP][PASSED] - selectOptionByIndex: All options with index in [2] are selected on object ''

2018-05-16 18:38:38 - [MESSAGE][PASSED] - All options with index in [2] are selected on object ''

2018-05-16 18:38:38 - [TEST_STEP][PASSED] - Statement - batch = new com.kms.katalon.core.testobject.TestObject(): null

2018-05-16 18:38:38 - [TEST_STEP][PASSED] - Statement - batch = com.kms.katalon.core.webui.keyword.WebUiBuiltInKeywords.modifyObjectProperty(batch, "xpath", "equals", "//*[@id = "txtbthqty" + row + ""]", true): Modify property of object successfully

2018-05-16 18:38:38 - [MESSAGE][PASSED] - Modify property of object successfully

2018-05-16 18:38:38 - [TEST_STEP][PASSED] - Statement - batchqty = com.kms.katalon.core.webui.keyword.WebUiBuiltInKeywords.getAttribute(batch, "value").trim(): Attribute 'value' of object '' is: '39900'

2018-05-16 18:38:38 - [MESSAGE][PASSED] - Attribute 'value' of object '' is: '39900'

2018-05-16 18:38:38 - [TEST_STEP][PASSED] - Statement - Rqty = 10000: null

2018-05-16 18:38:38 - [TEST_STEP][PASSED] - delay: Delayed 2 second(s)

2018-05-16 18:38:40 - [MESSAGE][PASSED] - Delayed 2 second(s)

2018-05-16 18:38:40 - [TEST_STEP][PASSED] - Statement - out.println("BatchQty : " + batchqty): null

2018-05-16 18:38:40 - [TEST_STEP][PASSED] - Statement - out.println("RQty : " + Rqty): null

2018-05-16 18:38:40 - [TEST_STEP][PASSED] - Statement - If (java.lang.Integer.valueOf(batchqty) >= java.lang.Integer.valueOf(Rqty)): null

2018-05-16 18:38:40 - [TEST_STEP][PASSED] - Statement - Break: null

2018-05-16 18:38:40 - [TEST_STEP][PASSED] - Statement - batchlength = new com.kms.katalon.core.testobject.TestObject(): null

2018-05-16 18:38:40 - [TEST_STEP][PASSED] - Statement - batchlength = com.kms.katalon.core.webui.keyword.WebUiBuiltInKeywords.modifyObjectProperty(batchlength, "xpath", "equals", "//*[@id = "fldvendor" + row + ""]", true): Modify property of object successfully

2018-05-16 18:38:40 - [MESSAGE][PASSED] - Modify property of object successfully

2018-05-16 18:38:40 - [TEST_STEP][PASSED] - Statement - batchsize = com.kms.katalon.core.webui.keyword.WebUiBuiltInKeywords.getNumberOfTotalOption(batchlength): 11 options of object '' counted

2018-05-16 18:38:40 - [MESSAGE][PASSED] - 11 options of object '' counted

2018-05-16 18:38:40 - [TEST_STEP][PASSED] - Statement - out.println("BatchSize : " + batchsize): null

2018-05-16 18:38:40 - [TEST_STEP][PASSED] - Statement - For ([n = 1, n <= batchsize - 1, (n++)]): null

2018-05-16 18:38:40 - [TEST_STEP][PASSED] - Statement - product = new com.kms.katalon.core.testobject.TestObject(): null

2018-05-16 18:38:40 - [TEST_STEP][PASSED] - Statement - product = com.kms.katalon.core.webui.keyword.WebUiBuiltInKeywords.modifyObjectProperty(product, "xpath", "equals", "//*[@id = "fldvendor" + row + ""]", true): Modify property of object successfully

2018-05-16 18:38:40 - [MESSAGE][PASSED] - Modify property of object successfully

2018-05-16 18:38:40 - [TEST_STEP][PASSED] - selectOptionByIndex: All options with index in [1] are selected on object ''

2018-05-16 18:38:40 - [MESSAGE][PASSED] - All options with index in [1] are selected on object ''

2018-05-16 18:38:40 - [TEST_STEP][PASSED] - Statement - batch = new com.kms.katalon.core.testobject.TestObject(): null

2018-05-16 18:38:40 - [TEST_STEP][PASSED] - Statement - batch = com.kms.katalon.core.webui.keyword.WebUiBuiltInKeywords.modifyObjectProperty(batch, "xpath", "equals", "//*[@id = "txtbthqty" + row + ""]", true): Modify property of object successfully

2018-05-16 18:38:40 - [MESSAGE][PASSED] - Modify property of object successfully

2018-05-16 18:38:40 - [TEST_STEP][PASSED] - Statement - batchqty = com.kms.katalon.core.webui.keyword.WebUiBuiltInKeywords.getAttribute(batch, "value").trim(): Attribute 'value' of object '' is: '3000'

2018-05-16 18:38:40 - [MESSAGE][PASSED] - Attribute 'value' of object '' is: '3000'

2018-05-16 18:38:40 - [TEST_STEP][PASSED] - Statement - Rqty = 10000: null

2018-05-16 18:38:40 - [TEST_STEP][PASSED] - delay: Delayed 2 second(s)

2018-05-16 18:38:42 - [MESSAGE][PASSED] - Delayed 2 second(s)

2018-05-16 18:38:42 - [TEST_STEP][PASSED] - Statement - out.println("BatchQty : " + batchqty): null

2018-05-16 18:38:42 - [TEST_STEP][PASSED] - Statement - out.println("RQty : " + Rqty): null

2018-05-16 18:38:42 - [TEST_STEP][PASSED] - Statement - If (java.lang.Integer.valueOf(batchqty) >= java.lang.Integer.valueOf(Rqty)): null

2018-05-16 18:38:42 - [TEST_STEP][PASSED] - Statement - Else: null

2018-05-16 18:38:42 - [TEST_STEP][PASSED] - Statement - out.println("Batchqty Is Less Than Rqty"): null

2018-05-16 18:38:42 - [TEST_STEP][PASSED] - Statement - product = new com.kms.katalon.core.testobject.TestObject(): null

2018-05-16 18:38:42 - [TEST_STEP][PASSED] - Statement - product = com.kms.katalon.core.webui.keyword.WebUiBuiltInKeywords.modifyObjectProperty(product, "xpath", "equals", "//*[@id = "fldvendor" + row + ""]", true): Modify property of object successfully

2018-05-16 18:38:42 - [MESSAGE][PASSED] - Modify property of object successfully

2018-05-16 18:38:42 - [TEST_STEP][PASSED] - selectOptionByIndex: All options with index in [2] are selected on object ''

2018-05-16 18:38:43 - [MESSAGE][PASSED] - All options with index in [2] are selected on object ''

2018-05-16 18:38:43 - [TEST_STEP][PASSED] - Statement - batch = new com.kms.katalon.core.testobject.TestObject(): null

2018-05-16 18:38:43 - [TEST_STEP][PASSED] - Statement - batch = com.kms.katalon.core.webui.keyword.WebUiBuiltInKeywords.modifyObjectProperty(batch, "xpath", "equals", "//*[@id = "txtbthqty" + row + ""]", true): Modify property of object successfully

2018-05-16 18:38:43 - [MESSAGE][PASSED] - Modify property of object successfully

2018-05-16 18:38:43 - [TEST_STEP][PASSED] - Statement - batchqty = com.kms.katalon.core.webui.keyword.WebUiBuiltInKeywords.getAttribute(batch, "value").trim(): Attribute 'value' of object '' is: '5000'

2018-05-16 18:38:43 - [MESSAGE][PASSED] - Attribute 'value' of object '' is: '5000'

2018-05-16 18:38:43 - [TEST_STEP][PASSED] - Statement - Rqty = 10000: null

2018-05-16 18:38:43 - [TEST_STEP][PASSED] - delay: Delayed 2 second(s)

2018-05-16 18:38:45 - [MESSAGE][PASSED] - Delayed 2 second(s)

2018-05-16 18:38:45 - [TEST_STEP][PASSED] - Statement - out.println("BatchQty : " + batchqty): null

2018-05-16 18:38:45 - [TEST_STEP][PASSED] - Statement - out.println("RQty : " + Rqty): null

2018-05-16 18:38:45 - [TEST_STEP][PASSED] - Statement - If (java.lang.Integer.valueOf(batchqty) >= java.lang.Integer.valueOf(Rqty)): null

2018-05-16 18:38:45 - [TEST_STEP][PASSED] - Statement - Else: null

2018-05-16 18:38:45 - [TEST_STEP][PASSED] - Statement - out.println("Batchqty Is Less Than Rqty"): null

2018-05-16 18:38:45 - [TEST_STEP][PASSED] - Statement - product = new com.kms.katalon.core.testobject.TestObject(): null

2018-05-16 18:38:45 - [TEST_STEP][PASSED] - Statement - product = com.kms.katalon.core.webui.keyword.WebUiBuiltInKeywords.modifyObjectProperty(product, "xpath", "equals", "//*[@id = "fldvendor" + row + ""]", true): Modify property of object successfully

2018-05-16 18:38:45 - [MESSAGE][PASSED] - Modify property of object successfully

2018-05-16 18:38:45 - [TEST_STEP][PASSED] - selectOptionByIndex: All options with index in [3] are selected on object ''

2018-05-16 18:38:45 - [MESSAGE][PASSED] - All options with index in [3] are selected on object ''

2018-05-16 18:38:45 - [TEST_STEP][PASSED] - Statement - batch = new com.kms.katalon.core.testobject.TestObject(): null

2018-05-16 18:38:45 - [TEST_STEP][PASSED] - Statement - batch = com.kms.katalon.core.webui.keyword.WebUiBuiltInKeywords.modifyObjectProperty(batch, "xpath", "equals", "//*[@id = "txtbthqty" + row + ""]", true): Modify property of object successfully

2018-05-16 18:38:45 - [MESSAGE][PASSED] - Modify property of object successfully

2018-05-16 18:38:45 - [TEST_STEP][PASSED] - Statement - batchqty = com.kms.katalon.core.webui.keyword.WebUiBuiltInKeywords.getAttribute(batch, "value").trim(): Attribute 'value' of object '' is: '5000'

2018-05-16 18:38:45 - [MESSAGE][PASSED] - Attribute 'value' of object '' is: '5000'

2018-05-16 18:38:45 - [TEST_STEP][PASSED] - Statement - Rqty = 10000: null

2018-05-16 18:38:45 - [TEST_STEP][PASSED] - delay: Delayed 2 second(s)

2018-05-16 18:38:47 - [MESSAGE][PASSED] - Delayed 2 second(s)

2018-05-16 18:38:47 - [TEST_STEP][PASSED] - Statement - out.println("BatchQty : " + batchqty): null

2018-05-16 18:38:47 - [TEST_STEP][PASSED] - Statement - out.println("RQty : " + Rqty): null

2018-05-16 18:38:47 - [TEST_STEP][PASSED] - Statement - If (java.lang.Integer.valueOf(batchqty) >= java.lang.Integer.valueOf(Rqty)): null

2018-05-16 18:38:47 - [TEST_STEP][PASSED] - Statement - Else: null

2018-05-16 18:38:47 - [TEST_STEP][PASSED] - Statement - out.println("Batchqty Is Less Than Rqty"): null

2018-05-16 18:38:47 - [TEST_STEP][PASSED] - Statement - product = new com.kms.katalon.core.testobject.TestObject(): null

2018-05-16 18:38:47 - [TEST_STEP][PASSED] - Statement - product = com.kms.katalon.core.webui.keyword.WebUiBuiltInKeywords.modifyObjectProperty(product, "xpath", "equals", "//*[@id = "fldvendor" + row + ""]", true): Modify property of object successfully

2018-05-16 18:38:47 - [MESSAGE][PASSED] - Modify property of object successfully

2018-05-16 18:38:47 - [TEST_STEP][PASSED] - selectOptionByIndex: All options with index in [4] are selected on object ''

2018-05-16 18:38:47 - [MESSAGE][PASSED] - All options with index in [4] are selected on object ''

2018-05-16 18:38:47 - [TEST_STEP][PASSED] - Statement - batch = new com.kms.katalon.core.testobject.TestObject(): null

2018-05-16 18:38:47 - [TEST_STEP][PASSED] - Statement - batch = com.kms.katalon.core.webui.keyword.WebUiBuiltInKeywords.modifyObjectProperty(batch, "xpath", "equals", "//*[@id = "txtbthqty" + row + ""]", true): Modify property of object successfully

2018-05-16 18:38:47 - [MESSAGE][PASSED] - Modify property of object successfully

2018-05-16 18:38:47 - [TEST_STEP][PASSED] - Statement - batchqty = com.kms.katalon.core.webui.keyword.WebUiBuiltInKeywords.getAttribute(batch, "value").trim(): Attribute 'value' of object '' is: '39900'

2018-05-16 18:38:47 - [MESSAGE][PASSED] - Attribute 'value' of object '' is: '39900'

2018-05-16 18:38:47 - [TEST_STEP][PASSED] - Statement - Rqty = 10000: null

2018-05-16 18:38:47 - [TEST_STEP][PASSED] - delay: Delayed 2 second(s)

2018-05-16 18:38:49 - [MESSAGE][PASSED] - Delayed 2 second(s)

2018-05-16 18:38:49 - [TEST_STEP][PASSED] - Statement - out.println("BatchQty : " + batchqty): null

2018-05-16 18:38:49 - [TEST_STEP][PASSED] - Statement - out.println("RQty : " + Rqty): null

2018-05-16 18:38:49 - [TEST_STEP][PASSED] - Statement - If (java.lang.Integer.valueOf(batchqty) >= java.lang.Integer.valueOf(Rqty)): null

2018-05-16 18:38:49 - [TEST_STEP][PASSED] - Statement - Break: null

2018-05-16 18:38:49 - [TEST_STEP][PASSED] - Statement - batchlength = new com.kms.katalon.core.testobject.TestObject(): null

2018-05-16 18:38:49 - [TEST_STEP][PASSED] - Statement - batchlength = com.kms.katalon.core.webui.keyword.WebUiBuiltInKeywords.modifyObjectProperty(batchlength, "xpath", "equals", "//*[@id = "fldvendor" + row + ""]", true): Modify property of object successfully

2018-05-16 18:38:49 - [MESSAGE][PASSED] - Modify property of object successfully

2018-05-16 18:38:49 - [TEST_STEP][PASSED] - Statement - batchsize = com.kms.katalon.core.webui.keyword.WebUiBuiltInKeywords.getNumberOfTotalOption(batchlength): 11 options of object '' counted

2018-05-16 18:38:49 - [MESSAGE][PASSED] - 11 options of object '' counted

2018-05-16 18:38:49 - [TEST_STEP][PASSED] - Statement - out.println("BatchSize : " + batchsize): null

2018-05-16 18:38:49 - [TEST_STEP][PASSED] - Statement - For ([n = 1, n <= batchsize - 1, (n++)]): null

2018-05-16 18:38:49 - [TEST_STEP][PASSED] - Statement - product = new com.kms.katalon.core.testobject.TestObject(): null

2018-05-16 18:38:49 - [TEST_STEP][PASSED] - Statement - product = com.kms.katalon.core.webui.keyword.WebUiBuiltInKeywords.modifyObjectProperty(product, "xpath", "equals", "//*[@id = "fldvendor" + row + ""]", true): Modify property of object successfully

2018-05-16 18:38:49 - [MESSAGE][PASSED] - Modify property of object successfully

2018-05-16 18:38:49 - [TEST_STEP][PASSED] - selectOptionByIndex: All options with index in [1] are selected on object ''

2018-05-16 18:38:49 - [MESSAGE][PASSED] - All options with index in [1] are selected on object ''

2018-05-16 18:38:49 - [TEST_STEP][PASSED] - Statement - batch = new com.kms.katalon.core.testobject.TestObject(): null

2018-05-16 18:38:49 - [TEST_STEP][PASSED] - Statement - batch = com.kms.katalon.core.webui.keyword.WebUiBuiltInKeywords.modifyObjectProperty(batch, "xpath", "equals", "//*[@id = "txtbthqty" + row + ""]", true): Modify property of object successfully

2018-05-16 18:38:49 - [MESSAGE][PASSED] - Modify property of object successfully

2018-05-16 18:38:49 - [TEST_STEP][PASSED] - Statement - batchqty = com.kms.katalon.core.webui.keyword.WebUiBuiltInKeywords.getAttribute(batch, "value").trim(): Attribute 'value' of object '' is: '5000'

2018-05-16 18:38:49 - [MESSAGE][PASSED] - Attribute 'value' of object '' is: '5000'

2018-05-16 18:38:49 - [TEST_STEP][PASSED] - Statement - Rqty = 10000: null

2018-05-16 18:38:49 - [TEST_STEP][PASSED] - delay: Delayed 2 second(s)

2018-05-16 18:38:51 - [MESSAGE][PASSED] - Delayed 2 second(s)

2018-05-16 18:38:51 - [TEST_STEP][PASSED] - Statement - out.println("BatchQty : " + batchqty): null

2018-05-16 18:38:51 - [TEST_STEP][PASSED] - Statement - out.println("RQty : " + Rqty): null

2018-05-16 18:38:51 - [TEST_STEP][PASSED] - Statement - If (java.lang.Integer.valueOf(batchqty) >= java.lang.Integer.valueOf(Rqty)): null

2018-05-16 18:38:51 - [TEST_STEP][PASSED] - Statement - Else: null

2018-05-16 18:38:51 - [TEST_STEP][PASSED] - Statement - out.println("Batchqty Is Less Than Rqty"): null

2018-05-16 18:38:51 - [TEST_STEP][PASSED] - Statement - product = new com.kms.katalon.core.testobject.TestObject(): null

2018-05-16 18:38:51 - [TEST_STEP][PASSED] - Statement - product = com.kms.katalon.core.webui.keyword.WebUiBuiltInKeywords.modifyObjectProperty(product, "xpath", "equals", "//*[@id = "fldvendor" + row + ""]", true): Modify property of object successfully

2018-05-16 18:38:51 - [MESSAGE][PASSED] - Modify property of object successfully

2018-05-16 18:38:51 - [TEST_STEP][PASSED] - selectOptionByIndex: All options with index in [2] are selected on object ''

2018-05-16 18:38:52 - [MESSAGE][PASSED] - All options with index in [2] are selected on object ''

2018-05-16 18:38:52 - [TEST_STEP][PASSED] - Statement - batch = new com.kms.katalon.core.testobject.TestObject(): null

2018-05-16 18:38:52 - [TEST_STEP][PASSED] - Statement - batch = com.kms.katalon.core.webui.keyword.WebUiBuiltInKeywords.modifyObjectProperty(batch, "xpath", "equals", "//*[@id = "txtbthqty" + row + ""]", true): Modify property of object successfully

2018-05-16 18:38:52 - [MESSAGE][PASSED] - Modify property of object successfully

2018-05-16 18:38:52 - [TEST_STEP][PASSED] - Statement - batchqty = com.kms.katalon.core.webui.keyword.WebUiBuiltInKeywords.getAttribute(batch, "value").trim(): Attribute 'value' of object '' is: '33900'

2018-05-16 18:38:52 - [MESSAGE][PASSED] - Attribute 'value' of object '' is: '33900'

2018-05-16 18:38:52 - [TEST_STEP][PASSED] - Statement - Rqty = 10000: null

2018-05-16 18:38:52 - [TEST_STEP][PASSED] - delay: Delayed 2 second(s)

2018-05-16 18:38:54 - [MESSAGE][PASSED] - Delayed 2 second(s)

2018-05-16 18:38:54 - [TEST_STEP][PASSED] - Statement - out.println("BatchQty : " + batchqty): null

2018-05-16 18:38:54 - [TEST_STEP][PASSED] - Statement - out.println("RQty : " + Rqty): null

2018-05-16 18:38:54 - [TEST_STEP][PASSED] - Statement - If (java.lang.Integer.valueOf(batchqty) >= java.lang.Integer.valueOf(Rqty)): null

2018-05-16 18:38:54 - [TEST_STEP][PASSED] - Statement - Break: null

2018-05-16 18:38:54 - [TEST_STEP][PASSED] - Statement - batchlength = new com.kms.katalon.core.testobject.TestObject(): null

2018-05-16 18:38:54 - [TEST_STEP][PASSED] - Statement - batchlength = com.kms.katalon.core.webui.keyword.WebUiBuiltInKeywords.modifyObjectProperty(batchlength, "xpath", "equals", "//*[@id = "fldvendor" + row + ""]", true): Modify property of object successfully

2018-05-16 18:38:54 - [MESSAGE][PASSED] - Modify property of object successfully

2018-05-16 18:38:54 - [TEST_STEP][PASSED] - Statement - batchsize = com.kms.katalon.core.webui.keyword.WebUiBuiltInKeywords.getNumberOfTotalOption(batchlength): 11 options of object '' counted

2018-05-16 18:38:54 - [MESSAGE][PASSED] - 11 options of object '' counted

2018-05-16 18:38:54 - [TEST_STEP][PASSED] - Statement - out.println("BatchSize : " + batchsize): null

2018-05-16 18:38:54 - [TEST_STEP][PASSED] - Statement - For ([n = 1, n <= batchsize - 1, (n++)]): null

2018-05-16 18:38:54 - [TEST_STEP][PASSED] - Statement - product = new com.kms.katalon.core.testobject.TestObject(): null

2018-05-16 18:38:54 - [TEST_STEP][PASSED] - Statement - product = com.kms.katalon.core.webui.keyword.WebUiBuiltInKeywords.modifyObjectProperty(product, "xpath", "equals", "//*[@id = "fldvendor" + row + ""]", true): Modify property of object successfully

2018-05-16 18:38:54 - [MESSAGE][PASSED] - Modify property of object successfully

2018-05-16 18:38:54 - [TEST_STEP][PASSED] - selectOptionByIndex: All options with index in [1] are selected on object ''

2018-05-16 18:38:54 - [MESSAGE][PASSED] - All options with index in [1] are selected on object ''

2018-05-16 18:38:54 - [TEST_STEP][PASSED] - Statement - batch = new com.kms.katalon.core.testobject.TestObject(): null

2018-05-16 18:38:54 - [TEST_STEP][PASSED] - Statement - batch = com.kms.katalon.core.webui.keyword.WebUiBuiltInKeywords.modifyObjectProperty(batch, "xpath", "equals", "//*[@id = "txtbthqty" + row + ""]", true): Modify property of object successfully

2018-05-16 18:38:54 - [MESSAGE][PASSED] - Modify property of object successfully

2018-05-16 18:38:54 - [TEST_STEP][PASSED] - Statement - batchqty = com.kms.katalon.core.webui.keyword.WebUiBuiltInKeywords.getAttribute(batch, "value").trim(): Attribute 'value' of object '' is: '5000'

2018-05-16 18:38:54 - [MESSAGE][PASSED] - Attribute 'value' of object '' is: '5000'

2018-05-16 18:38:54 - [TEST_STEP][PASSED] - Statement - Rqty = 10000: null

2018-05-16 18:38:54 - [TEST_STEP][PASSED] - delay: Delayed 2 second(s)

2018-05-16 18:38:56 - [MESSAGE][PASSED] - Delayed 2 second(s)

2018-05-16 18:38:56 - [TEST_STEP][PASSED] - Statement - out.println("BatchQty : " + batchqty): null

2018-05-16 18:38:56 - [TEST_STEP][PASSED] - Statement - out.println("RQty : " + Rqty): null

2018-05-16 18:38:56 - [TEST_STEP][PASSED] - Statement - If (java.lang.Integer.valueOf(batchqty) >= java.lang.Integer.valueOf(Rqty)): null

2018-05-16 18:38:56 - [TEST_STEP][PASSED] - Statement - Else: null

2018-05-16 18:38:56 - [TEST_STEP][PASSED] - Statement - out.println("Batchqty Is Less Than Rqty"): null

2018-05-16 18:38:56 - [TEST_STEP][PASSED] - Statement - product = new com.kms.katalon.core.testobject.TestObject(): null

2018-05-16 18:38:56 - [TEST_STEP][PASSED] - Statement - product = com.kms.katalon.core.webui.keyword.WebUiBuiltInKeywords.modifyObjectProperty(product, "xpath", "equals", "//*[@id = "fldvendor" + row + ""]", true): Modify property of object successfully

2018-05-16 18:38:56 - [MESSAGE][PASSED] - Modify property of object successfully

2018-05-16 18:38:56 - [TEST_STEP][PASSED] - selectOptionByIndex: All options with index in [2] are selected on object ''

2018-05-16 18:38:56 - [MESSAGE][PASSED] - All options with index in [2] are selected on object ''

2018-05-16 18:38:56 - [TEST_STEP][PASSED] - Statement - batch = new com.kms.katalon.core.testobject.TestObject(): null

2018-05-16 18:38:56 - [TEST_STEP][PASSED] - Statement - batch = com.kms.katalon.core.webui.keyword.WebUiBuiltInKeywords.modifyObjectProperty(batch, "xpath", "equals", "//*[@id = "txtbthqty" + row + ""]", true): Modify property of object successfully

2018-05-16 18:38:56 - [MESSAGE][PASSED] - Modify property of object successfully

2018-05-16 18:38:56 - [TEST_STEP][PASSED] - Statement - batchqty = com.kms.katalon.core.webui.keyword.WebUiBuiltInKeywords.getAttribute(batch, "value").trim(): Attribute 'value' of object '' is: '39000'

2018-05-16 18:38:56 - [MESSAGE][PASSED] - Attribute 'value' of object '' is: '39000'

2018-05-16 18:38:56 - [TEST_STEP][PASSED] - Statement - Rqty = 10000: null

2018-05-16 18:38:56 - [TEST_STEP][PASSED] - delay: Delayed 2 second(s)

2018-05-16 18:38:58 - [MESSAGE][PASSED] - Delayed 2 second(s)

2018-05-16 18:38:58 - [TEST_STEP][PASSED] - Statement - out.println("BatchQty : " + batchqty): null

2018-05-16 18:38:58 - [TEST_STEP][PASSED] - Statement - out.println("RQty : " + Rqty): null

2018-05-16 18:38:58 - [TEST_STEP][PASSED] - Statement - If (java.lang.Integer.valueOf(batchqty) >= java.lang.Integer.valueOf(Rqty)): null

2018-05-16 18:38:58 - [TEST_STEP][PASSED] - Statement - Break: null

2018-05-16 18:38:58 - [TEST_STEP][PASSED] - Statement - batchlength = new com.kms.katalon.core.testobject.TestObject(): null

2018-05-16 18:38:58 - [TEST_STEP][PASSED] - Statement - batchlength = com.kms.katalon.core.webui.keyword.WebUiBuiltInKeywords.modifyObjectProperty(batchlength, "xpath", "equals", "//*[@id = "fldvendor" + row + ""]", true): Modify property of object successfully

2018-05-16 18:38:58 - [MESSAGE][PASSED] - Modify property of object successfully

2018-05-16 18:38:58 - [TEST_STEP][PASSED] - Statement - batchsize = com.kms.katalon.core.webui.keyword.WebUiBuiltInKeywords.getNumberOfTotalOption(batchlength): 11 options of object '' counted

2018-05-16 18:38:58 - [MESSAGE][PASSED] - 11 options of object '' counted

2018-05-16 18:38:58 - [TEST_STEP][PASSED] - Statement - out.println("BatchSize : " + batchsize): null

2018-05-16 18:38:58 - [TEST_STEP][PASSED] - Statement - For ([n = 1, n <= batchsize - 1, (n++)]): null

2018-05-16 18:38:58 - [TEST_STEP][PASSED] - Statement - product = new com.kms.katalon.core.testobject.TestObject(): null

2018-05-16 18:38:58 - [TEST_STEP][PASSED] - Statement - product = com.kms.katalon.core.webui.keyword.WebUiBuiltInKeywords.modifyObjectProperty(product, "xpath", "equals", "//*[@id = "fldvendor" + row + ""]", true): Modify property of object successfully

2018-05-16 18:38:58 - [MESSAGE][PASSED] - Modify property of object successfully

2018-05-16 18:38:58 - [TEST_STEP][PASSED] - selectOptionByIndex: All options with index in [1] are selected on object ''

2018-05-16 18:38:58 - [MESSAGE][PASSED] - All options with index in [1] are selected on object ''

2018-05-16 18:38:58 - [TEST_STEP][PASSED] - Statement - batch = new com.kms.katalon.core.testobject.TestObject(): null

2018-05-16 18:38:58 - [TEST_STEP][PASSED] - Statement - batch = com.kms.katalon.core.webui.keyword.WebUiBuiltInKeywords.modifyObjectProperty(batch, "xpath", "equals", "//*[@id = "txtbthqty" + row + ""]", true): Modify property of object successfully

2018-05-16 18:38:58 - [MESSAGE][PASSED] - Modify property of object successfully

2018-05-16 18:38:58 - [TEST_STEP][PASSED] - Statement - batchqty = com.kms.katalon.core.webui.keyword.WebUiBuiltInKeywords.getAttribute(batch, "value").trim(): Attribute 'value' of object '' is: '5000'

2018-05-16 18:38:58 - [MESSAGE][PASSED] - Attribute 'value' of object '' is: '5000'

2018-05-16 18:38:58 - [TEST_STEP][PASSED] - Statement - Rqty = 10000: null

2018-05-16 18:38:58 - [TEST_STEP][PASSED] - delay: Delayed 2 second(s)

2018-05-16 18:39:00 - [MESSAGE][PASSED] - Delayed 2 second(s)

2018-05-16 18:39:00 - [TEST_STEP][PASSED] - Statement - out.println("BatchQty : " + batchqty): null

2018-05-16 18:39:00 - [TEST_STEP][PASSED] - Statement - out.println("RQty : " + Rqty): null

2018-05-16 18:39:00 - [TEST_STEP][PASSED] - Statement - If (java.lang.Integer.valueOf(batchqty) >= java.lang.Integer.valueOf(Rqty)): null

2018-05-16 18:39:00 - [TEST_STEP][PASSED] - Statement - Else: null

2018-05-16 18:39:00 - [TEST_STEP][PASSED] - Statement - out.println("Batchqty Is Less Than Rqty"): null

2018-05-16 18:39:00 - [TEST_STEP][PASSED] - Statement - product = new com.kms.katalon.core.testobject.TestObject(): null

2018-05-16 18:39:00 - [TEST_STEP][PASSED] - Statement - product = com.kms.katalon.core.webui.keyword.WebUiBuiltInKeywords.modifyObjectProperty(product, "xpath", "equals", "//*[@id = "fldvendor" + row + ""]", true): Modify property of object successfully

2018-05-16 18:39:00 - [MESSAGE][PASSED] - Modify property of object successfully

2018-05-16 18:39:00 - [TEST_STEP][PASSED] - selectOptionByIndex: All options with index in [2] are selected on object ''

2018-05-16 18:39:01 - [MESSAGE][PASSED] - All options with index in [2] are selected on object ''

2018-05-16 18:39:01 - [TEST_STEP][PASSED] - Statement - batch = new com.kms.katalon.core.testobject.TestObject(): null

2018-05-16 18:39:01 - [TEST_STEP][PASSED] - Statement - batch = com.kms.katalon.core.webui.keyword.WebUiBuiltInKeywords.modifyObjectProperty(batch, "xpath", "equals", "//*[@id = "txtbthqty" + row + ""]", true): Modify property of object successfully

2018-05-16 18:39:01 - [MESSAGE][PASSED] - Modify property of object successfully

2018-05-16 18:39:01 - [TEST_STEP][PASSED] - Statement - batchqty = com.kms.katalon.core.webui.keyword.WebUiBuiltInKeywords.getAttribute(batch, "value").trim(): Attribute 'value' of object '' is: '4000'

2018-05-16 18:39:01 - [MESSAGE][PASSED] - Attribute 'value' of object '' is: '4000'

2018-05-16 18:39:01 - [TEST_STEP][PASSED] - Statement - Rqty = 10000: null

2018-05-16 18:39:01 - [TEST_STEP][PASSED] - delay: Delayed 2 second(s)

2018-05-16 18:39:03 - [MESSAGE][PASSED] - Delayed 2 second(s)

2018-05-16 18:39:03 - [TEST_STEP][PASSED] - Statement - out.println("BatchQty : " + batchqty): null

2018-05-16 18:39:03 - [TEST_STEP][PASSED] - Statement - out.println("RQty : " + Rqty): null

2018-05-16 18:39:03 - [TEST_STEP][PASSED] - Statement - If (java.lang.Integer.valueOf(batchqty) >= java.lang.Integer.valueOf(Rqty)): null

2018-05-16 18:39:03 - [TEST_STEP][PASSED] - Statement - Else: null

2018-05-16 18:39:03 - [TEST_STEP][PASSED] - Statement - out.println("Batchqty Is Less Than Rqty"): null

2018-05-16 18:39:03 - [TEST_STEP][PASSED] - Statement - product = new com.kms.katalon.core.testobject.TestObject(): null

2018-05-16 18:39:03 - [TEST_STEP][PASSED] - Statement - product = com.kms.katalon.core.webui.keyword.WebUiBuiltInKeywords.modifyObjectProperty(product, "xpath", "equals", "//*[@id = "fldvendor" + row + ""]", true): Modify property of object successfully

2018-05-16 18:39:03 - [MESSAGE][PASSED] - Modify property of object successfully

2018-05-16 18:39:03 - [TEST_STEP][PASSED] - selectOptionByIndex: All options with index in [3] are selected on object ''

2018-05-16 18:39:03 - [MESSAGE][PASSED] - All options with index in [3] are selected on object ''

2018-05-16 18:39:03 - [TEST_STEP][PASSED] - Statement - batch = new com.kms.katalon.core.testobject.TestObject(): null

2018-05-16 18:39:03 - [TEST_STEP][PASSED] - Statement - batch = com.kms.katalon.core.webui.keyword.WebUiBuiltInKeywords.modifyObjectProperty(batch, "xpath", "equals", "//*[@id = "txtbthqty" + row + ""]", true): Modify property of object successfully

2018-05-16 18:39:03 - [MESSAGE][PASSED] - Modify property of object successfully

2018-05-16 18:39:03 - [TEST_STEP][PASSED] - Statement - batchqty = com.kms.katalon.core.webui.keyword.WebUiBuiltInKeywords.getAttribute(batch, "value").trim(): Attribute 'value' of object '' is: '34900'

2018-05-16 18:39:03 - [MESSAGE][PASSED] - Attribute 'value' of object '' is: '34900'

2018-05-16 18:39:03 - [TEST_STEP][PASSED] - Statement - Rqty = 10000: null

2018-05-16 18:39:03 - [TEST_STEP][PASSED] - delay: Delayed 2 second(s)

2018-05-16 18:39:05 - [MESSAGE][PASSED] - Delayed 2 second(s)

2018-05-16 18:39:05 - [TEST_STEP][PASSED] - Statement - out.println("BatchQty : " + batchqty): null

2018-05-16 18:39:05 - [TEST_STEP][PASSED] - Statement - out.println("RQty : " + Rqty): null

2018-05-16 18:39:05 - [TEST_STEP][PASSED] - Statement - If (java.lang.Integer.valueOf(batchqty) >= java.lang.Integer.valueOf(Rqty)): null

2018-05-16 18:39:05 - [TEST_STEP][PASSED] - Statement - Break: null

2018-05-16 18:39:05 - [TEST_STEP][PASSED] - Statement - batchlength = new com.kms.katalon.core.testobject.TestObject(): null

2018-05-16 18:39:05 - [TEST_STEP][PASSED] - Statement - batchlength = com.kms.katalon.core.webui.keyword.WebUiBuiltInKeywords.modifyObjectProperty(batchlength, "xpath", "equals", "//*[@id = "fldvendor" + row + ""]", true): Modify property of object successfully

2018-05-16 18:39:05 - [MESSAGE][PASSED] - Modify property of object successfully

2018-05-16 18:39:05 - [TEST_STEP][PASSED] - Statement - batchsize = com.kms.katalon.core.webui.keyword.WebUiBuiltInKeywords.getNumberOfTotalOption(batchlength): 11 options of object '' counted

2018-05-16 18:39:05 - [MESSAGE][PASSED] - 11 options of object '' counted

2018-05-16 18:39:05 - [TEST_STEP][PASSED] - Statement - out.println("BatchSize : " + batchsize): null

2018-05-16 18:39:05 - [TEST_STEP][PASSED] - Statement - For ([n = 1, n <= batchsize - 1, (n++)]): null

2018-05-16 18:39:05 - [TEST_STEP][PASSED] - Statement - product = new com.kms.katalon.core.testobject.TestObject(): null

2018-05-16 18:39:05 - [TEST_STEP][PASSED] - Statement - product = com.kms.katalon.core.webui.keyword.WebUiBuiltInKeywords.modifyObjectProperty(product, "xpath", "equals", "//*[@id = "fldvendor" + row + ""]", true): Modify property of object successfully

2018-05-16 18:39:05 - [MESSAGE][PASSED] - Modify property of object successfully

2018-05-16 18:39:05 - [TEST_STEP][PASSED] - selectOptionByIndex: All options with index in [1] are selected on object ''

2018-05-16 18:39:05 - [MESSAGE][PASSED] - All options with index in [1] are selected on object ''

2018-05-16 18:39:05 - [TEST_STEP][PASSED] - Statement - batch = new com.kms.katalon.core.testobject.TestObject(): null

2018-05-16 18:39:05 - [TEST_STEP][PASSED] - Statement - batch = com.kms.katalon.core.webui.keyword.WebUiBuiltInKeywords.modifyObjectProperty(batch, "xpath", "equals", "//*[@id = "txtbthqty" + row + ""]", true): Modify property of object successfully

2018-05-16 18:39:05 - [MESSAGE][PASSED] - Modify property of object successfully

2018-05-16 18:39:05 - [TEST_STEP][PASSED] - Statement - batchqty = com.kms.katalon.core.webui.keyword.WebUiBuiltInKeywords.getAttribute(batch, "value").trim(): Attribute 'value' of object '' is: '3000'

2018-05-16 18:39:05 - [MESSAGE][PASSED] - Attribute 'value' of object '' is: '3000'

2018-05-16 18:39:05 - [TEST_STEP][PASSED] - Statement - Rqty = 10000: null

2018-05-16 18:39:05 - [TEST_STEP][PASSED] - delay: Delayed 2 second(s)

2018-05-16 18:39:07 - [MESSAGE][PASSED] - Delayed 2 second(s)

2018-05-16 18:39:07 - [TEST_STEP][PASSED] - Statement - out.println("BatchQty : " + batchqty): null

2018-05-16 18:39:07 - [TEST_STEP][PASSED] - Statement - out.println("RQty : " + Rqty): null

2018-05-16 18:39:07 - [TEST_STEP][PASSED] - Statement - If (java.lang.Integer.valueOf(batchqty) >= java.lang.Integer.valueOf(Rqty)): null

2018-05-16 18:39:07 - [TEST_STEP][PASSED] - Statement - Else: null

2018-05-16 18:39:07 - [TEST_STEP][PASSED] - Statement - out.println("Batchqty Is Less Than Rqty"): null

2018-05-16 18:39:07 - [TEST_STEP][PASSED] - Statement - product = new com.kms.katalon.core.testobject.TestObject(): null

2018-05-16 18:39:07 - [TEST_STEP][PASSED] - Statement - product = com.kms.katalon.core.webui.keyword.WebUiBuiltInKeywords.modifyObjectProperty(product, "xpath", "equals", "//*[@id = "fldvendor" + row + ""]", true): Modify property of object successfully

2018-05-16 18:39:07 - [MESSAGE][PASSED] - Modify property of object successfully

2018-05-16 18:39:07 - [TEST_STEP][PASSED] - selectOptionByIndex: All options with index in [2] are selected on object ''

2018-05-16 18:39:07 - [MESSAGE][PASSED] - All options with index in [2] are selected on object ''

2018-05-16 18:39:07 - [TEST_STEP][PASSED] - Statement - batch = new com.kms.katalon.core.testobject.TestObject(): null

2018-05-16 18:39:07 - [TEST_STEP][PASSED] - Statement - batch = com.kms.katalon.core.webui.keyword.WebUiBuiltInKeywords.modifyObjectProperty(batch, "xpath", "equals", "//*[@id = "txtbthqty" + row + ""]", true): Modify property of object successfully

2018-05-16 18:39:07 - [MESSAGE][PASSED] - Modify property of object successfully

2018-05-16 18:39:07 - [TEST_STEP][PASSED] - Statement - batchqty = com.kms.katalon.core.webui.keyword.WebUiBuiltInKeywords.getAttribute(batch, "value").trim(): Attribute 'value' of object '' is: '5000'

2018-05-16 18:39:07 - [MESSAGE][PASSED] - Attribute 'value' of object '' is: '5000'

2018-05-16 18:39:07 - [TEST_STEP][PASSED] - Statement - Rqty = 10000: null

2018-05-16 18:39:07 - [TEST_STEP][PASSED] - delay: Delayed 2 second(s)

2018-05-16 18:39:09 - [MESSAGE][PASSED] - Delayed 2 second(s)

2018-05-16 18:39:09 - [TEST_STEP][PASSED] - Statement - out.println("BatchQty : " + batchqty): null

2018-05-16 18:39:09 - [TEST_STEP][PASSED] - Statement - out.println("RQty : " + Rqty): null

2018-05-16 18:39:09 - [TEST_STEP][PASSED] - Statement - If (java.lang.Integer.valueOf(batchqty) >= java.lang.Integer.valueOf(Rqty)): null

2018-05-16 18:39:09 - [TEST_STEP][PASSED] - Statement - Else: null

2018-05-16 18:39:09 - [TEST_STEP][PASSED] - Statement - out.println("Batchqty Is Less Than Rqty"): null

2018-05-16 18:39:09 - [TEST_STEP][PASSED] - Statement - product = new com.kms.katalon.core.testobject.TestObject(): null

2018-05-16 18:39:09 - [TEST_STEP][PASSED] - Statement - product = com.kms.katalon.core.webui.keyword.WebUiBuiltInKeywords.modifyObjectProperty(product, "xpath", "equals", "//*[@id = "fldvendor" + row + ""]", true): Modify property of object successfully

2018-05-16 18:39:09 - [MESSAGE][PASSED] - Modify property of object successfully

2018-05-16 18:39:09 - [TEST_STEP][PASSED] - selectOptionByIndex: All options with index in [3] are selected on object ''

2018-05-16 18:39:09 - [MESSAGE][PASSED] - All options with index in [3] are selected on object ''

2018-05-16 18:39:09 - [TEST_STEP][PASSED] - Statement - batch = new com.kms.katalon.core.testobject.TestObject(): null

2018-05-16 18:39:09 - [TEST_STEP][PASSED] - Statement - batch = com.kms.katalon.core.webui.keyword.WebUiBuiltInKeywords.modifyObjectProperty(batch, "xpath", "equals", "//*[@id = "txtbthqty" + row + ""]", true): Modify property of object successfully

2018-05-16 18:39:09 - [MESSAGE][PASSED] - Modify property of object successfully

2018-05-16 18:39:09 - [TEST_STEP][PASSED] - Statement - batchqty = com.kms.katalon.core.webui.keyword.WebUiBuiltInKeywords.getAttribute(batch, "value").trim(): Attribute 'value' of object '' is: '5000'

2018-05-16 18:39:09 - [MESSAGE][PASSED] - Attribute 'value' of object '' is: '5000'

2018-05-16 18:39:09 - [TEST_STEP][PASSED] - Statement - Rqty = 10000: null

2018-05-16 18:39:09 - [TEST_STEP][PASSED] - delay: Delayed 2 second(s)

2018-05-16 18:39:11 - [MESSAGE][PASSED] - Delayed 2 second(s)

2018-05-16 18:39:11 - [TEST_STEP][PASSED] - Statement - out.println("BatchQty : " + batchqty): null

2018-05-16 18:39:11 - [TEST_STEP][PASSED] - Statement - out.println("RQty : " + Rqty): null

2018-05-16 18:39:11 - [TEST_STEP][PASSED] - Statement - If (java.lang.Integer.valueOf(batchqty) >= java.lang.Integer.valueOf(Rqty)): null

2018-05-16 18:39:11 - [TEST_STEP][PASSED] - Statement - Else: null

2018-05-16 18:39:11 - [TEST_STEP][PASSED] - Statement - out.println("Batchqty Is Less Than Rqty"): null

2018-05-16 18:39:11 - [TEST_STEP][PASSED] - Statement - product = new com.kms.katalon.core.testobject.TestObject(): null

2018-05-16 18:39:11 - [TEST_STEP][PASSED] - Statement - product = com.kms.katalon.core.webui.keyword.WebUiBuiltInKeywords.modifyObjectProperty(product, "xpath", "equals", "//*[@id = "fldvendor" + row + ""]", true): Modify property of object successfully

2018-05-16 18:39:11 - [MESSAGE][PASSED] - Modify property of object successfully

2018-05-16 18:39:11 - [TEST_STEP][PASSED] - selectOptionByIndex: All options with index in [4] are selected on object ''

2018-05-16 18:39:12 - [MESSAGE][PASSED] - All options with index in [4] are selected on object ''

2018-05-16 18:39:12 - [TEST_STEP][PASSED] - Statement - batch = new com.kms.katalon.core.testobject.TestObject(): null

2018-05-16 18:39:12 - [TEST_STEP][PASSED] - Statement - batch = com.kms.katalon.core.webui.keyword.WebUiBuiltInKeywords.modifyObjectProperty(batch, "xpath", "equals", "//*[@id = "txtbthqty" + row + ""]", true): Modify property of object successfully

2018-05-16 18:39:12 - [MESSAGE][PASSED] - Modify property of object successfully

2018-05-16 18:39:12 - [TEST_STEP][PASSED] - Statement - batchqty = com.kms.katalon.core.webui.keyword.WebUiBuiltInKeywords.getAttribute(batch, "value").trim(): Attribute 'value' of object '' is: '5000'

2018-05-16 18:39:12 - [MESSAGE][PASSED] - Attribute 'value' of object '' is: '5000'

2018-05-16 18:39:12 - [TEST_STEP][PASSED] - Statement - Rqty = 10000: null

2018-05-16 18:39:12 - [TEST_STEP][PASSED] - delay: Delayed 2 second(s)

2018-05-16 18:39:14 - [MESSAGE][PASSED] - Delayed 2 second(s)

2018-05-16 18:39:14 - [TEST_STEP][PASSED] - Statement - out.println("BatchQty : " + batchqty): null

2018-05-16 18:39:14 - [TEST_STEP][PASSED] - Statement - out.println("RQty : " + Rqty): null

2018-05-16 18:39:14 - [TEST_STEP][PASSED] - Statement - If (java.lang.Integer.valueOf(batchqty) >= java.lang.Integer.valueOf(Rqty)): null

2018-05-16 18:39:14 - [TEST_STEP][PASSED] - Statement - Else: null

2018-05-16 18:39:14 - [TEST_STEP][PASSED] - Statement - out.println("Batchqty Is Less Than Rqty"): null

2018-05-16 18:39:14 - [TEST_STEP][PASSED] - Statement - product = new com.kms.katalon.core.testobject.TestObject(): null

2018-05-16 18:39:14 - [TEST_STEP][PASSED] - Statement - product = com.kms.katalon.core.webui.keyword.WebUiBuiltInKeywords.modifyObjectProperty(product, "xpath", "equals", "//*[@id = "fldvendor" + row + ""]", true): Modify property of object successfully

2018-05-16 18:39:14 - [MESSAGE][PASSED] - Modify property of object successfully

2018-05-16 18:39:14 - [TEST_STEP][PASSED] - selectOptionByIndex: All options with index in [5] are selected on object ''

2018-05-16 18:39:14 - [MESSAGE][PASSED] - All options with index in [5] are selected on object ''

2018-05-16 18:39:14 - [TEST_STEP][PASSED] - Statement - batch = new com.kms.katalon.core.testobject.TestObject(): null

2018-05-16 18:39:14 - [TEST_STEP][PASSED] - Statement - batch = com.kms.katalon.core.webui.keyword.WebUiBuiltInKeywords.modifyObjectProperty(batch, "xpath", "equals", "//*[@id = "txtbthqty" + row + ""]", true): Modify property of object successfully

2018-05-16 18:39:14 - [MESSAGE][PASSED] - Modify property of object successfully

2018-05-16 18:39:14 - [TEST_STEP][PASSED] - Statement - batchqty = com.kms.katalon.core.webui.keyword.WebUiBuiltInKeywords.getAttribute(batch, "value").trim(): Attribute 'value' of object '' is: '35000'

2018-05-16 18:39:14 - [MESSAGE][PASSED] - Attribute 'value' of object '' is: '35000'

2018-05-16 18:39:14 - [TEST_STEP][PASSED] - Statement - Rqty = 10000: null

2018-05-16 18:39:14 - [TEST_STEP][PASSED] - delay: Delayed 2 second(s)

2018-05-16 18:39:16 - [MESSAGE][PASSED] - Delayed 2 second(s)

2018-05-16 18:39:16 - [TEST_STEP][PASSED] - Statement - out.println("BatchQty : " + batchqty): null

2018-05-16 18:39:16 - [TEST_STEP][PASSED] - Statement - out.println("RQty : " + Rqty): null

2018-05-16 18:39:16 - [TEST_STEP][PASSED] - Statement - If (java.lang.Integer.valueOf(batchqty) >= java.lang.Integer.valueOf(Rqty)): null

2018-05-16 18:39:16 - [TEST_STEP][PASSED] - Statement - Break: null

2018-05-16 18:39:16 - [TEST_STEP][PASSED] - Statement - batchlength = new com.kms.katalon.core.testobject.TestObject(): null

2018-05-16 18:39:16 - [TEST_STEP][PASSED] - Statement - batchlength = com.kms.katalon.core.webui.keyword.WebUiBuiltInKeywords.modifyObjectProperty(batchlength, "xpath", "equals", "//*[@id = "fldvendor" + row + ""]", true): Modify property of object successfully

2018-05-16 18:39:16 - [MESSAGE][PASSED] - Modify property of object successfully

2018-05-16 18:39:16 - [TEST_STEP][PASSED] - Statement - batchsize = com.kms.katalon.core.webui.keyword.WebUiBuiltInKeywords.getNumberOfTotalOption(batchlength): 11 options of object '' counted

2018-05-16 18:39:16 - [MESSAGE][PASSED] - 11 options of object '' counted

2018-05-16 18:39:16 - [TEST_STEP][PASSED] - Statement - out.println("BatchSize : " + batchsize): null

2018-05-16 18:39:16 - [TEST_STEP][PASSED] - Statement - For ([n = 1, n <= batchsize - 1, (n++)]): null

2018-05-16 18:39:16 - [TEST_STEP][PASSED] - Statement - product = new com.kms.katalon.core.testobject.TestObject(): null

2018-05-16 18:39:16 - [TEST_STEP][PASSED] - Statement - product = com.kms.katalon.core.webui.keyword.WebUiBuiltInKeywords.modifyObjectProperty(product, "xpath", "equals", "//*[@id = "fldvendor" + row + ""]", true): Modify property of object successfully

2018-05-16 18:39:16 - [MESSAGE][PASSED] - Modify property of object successfully

2018-05-16 18:39:16 - [TEST_STEP][PASSED] - selectOptionByIndex: All options with index in [1] are selected on object ''

2018-05-16 18:39:16 - [MESSAGE][PASSED] - All options with index in [1] are selected on object ''

2018-05-16 18:39:16 - [TEST_STEP][PASSED] - Statement - batch = new com.kms.katalon.core.testobject.TestObject(): null

2018-05-16 18:39:16 - [TEST_STEP][PASSED] - Statement - batch = com.kms.katalon.core.webui.keyword.WebUiBuiltInKeywords.modifyObjectProperty(batch, "xpath", "equals", "//*[@id = "txtbthqty" + row + ""]", true): Modify property of object successfully

2018-05-16 18:39:16 - [MESSAGE][PASSED] - Modify property of object successfully

2018-05-16 18:39:16 - [TEST_STEP][PASSED] - Statement - batchqty = com.kms.katalon.core.webui.keyword.WebUiBuiltInKeywords.getAttribute(batch, "value").trim(): Attribute 'value' of object '' is: '5000'

2018-05-16 18:39:16 - [MESSAGE][PASSED] - Attribute 'value' of object '' is: '5000'

2018-05-16 18:39:16 - [TEST_STEP][PASSED] - Statement - Rqty = 10000: null

2018-05-16 18:39:16 - [TEST_STEP][PASSED] - delay: Delayed 2 second(s)

2018-05-16 18:39:18 - [MESSAGE][PASSED] - Delayed 2 second(s)

2018-05-16 18:39:18 - [TEST_STEP][PASSED] - Statement - out.println("BatchQty : " + batchqty): null

2018-05-16 18:39:18 - [TEST_STEP][PASSED] - Statement - out.println("RQty : " + Rqty): null

2018-05-16 18:39:18 - [TEST_STEP][PASSED] - Statement - If (java.lang.Integer.valueOf(batchqty) >= java.lang.Integer.valueOf(Rqty)): null

2018-05-16 18:39:18 - [TEST_STEP][PASSED] - Statement - Else: null

2018-05-16 18:39:18 - [TEST_STEP][PASSED] - Statement - out.println("Batchqty Is Less Than Rqty"): null

2018-05-16 18:39:18 - [TEST_STEP][PASSED] - Statement - product = new com.kms.katalon.core.testobject.TestObject(): null

2018-05-16 18:39:18 - [TEST_STEP][PASSED] - Statement - product = com.kms.katalon.core.webui.keyword.WebUiBuiltInKeywords.modifyObjectProperty(product, "xpath", "equals", "//*[@id = "fldvendor" + row + ""]", true): Modify property of object successfully

2018-05-16 18:39:18 - [MESSAGE][PASSED] - Modify property of object successfully

2018-05-16 18:39:18 - [TEST_STEP][PASSED] - selectOptionByIndex: All options with index in [2] are selected on object ''

2018-05-16 18:39:18 - [MESSAGE][PASSED] - All options with index in [2] are selected on object ''

2018-05-16 18:39:18 - [TEST_STEP][PASSED] - Statement - batch = new com.kms.katalon.core.testobject.TestObject(): null

2018-05-16 18:39:18 - [TEST_STEP][PASSED] - Statement - batch = com.kms.katalon.core.webui.keyword.WebUiBuiltInKeywords.modifyObjectProperty(batch, "xpath", "equals", "//*[@id = "txtbthqty" + row + ""]", true): Modify property of object successfully

2018-05-16 18:39:18 - [MESSAGE][PASSED] - Modify property of object successfully

2018-05-16 18:39:18 - [TEST_STEP][PASSED] - Statement - batchqty = com.kms.katalon.core.webui.keyword.WebUiBuiltInKeywords.getAttribute(batch, "value").trim(): Attribute 'value' of object '' is: '33900'

2018-05-16 18:39:18 - [MESSAGE][PASSED] - Attribute 'value' of object '' is: '33900'

2018-05-16 18:39:18 - [TEST_STEP][PASSED] - Statement - Rqty = 10000: null

2018-05-16 18:39:18 - [TEST_STEP][PASSED] - delay: Delayed 2 second(s)

2018-05-16 18:39:20 - [MESSAGE][PASSED] - Delayed 2 second(s)

2018-05-16 18:39:20 - [TEST_STEP][PASSED] - Statement - out.println("BatchQty : " + batchqty): null

2018-05-16 18:39:20 - [TEST_STEP][PASSED] - Statement - out.println("RQty : " + Rqty): null

2018-05-16 18:39:20 - [TEST_STEP][PASSED] - Statement - If (java.lang.Integer.valueOf(batchqty) >= java.lang.Integer.valueOf(Rqty)): null

2018-05-16 18:39:20 - [TEST_STEP][PASSED] - Statement - Break: null

2018-05-16 18:39:20 - [TEST_STEP][PASSED] - Statement - batchlength = new com.kms.katalon.core.testobject.TestObject(): null

2018-05-16 18:39:20 - [TEST_STEP][PASSED] - Statement - batchlength = com.kms.katalon.core.webui.keyword.WebUiBuiltInKeywords.modifyObjectProperty(batchlength, "xpath", "equals", "//*[@id = "fldvendor" + row + ""]", true): Modify property of object successfully

2018-05-16 18:39:20 - [MESSAGE][PASSED] - Modify property of object successfully

2018-05-16 18:39:20 - [TEST_STEP][PASSED] - Statement - batchsize = com.kms.katalon.core.webui.keyword.WebUiBuiltInKeywords.getNumberOfTotalOption(batchlength): 11 options of object '' counted

2018-05-16 18:39:21 - [MESSAGE][PASSED] - 11 options of object '' counted

2018-05-16 18:39:21 - [TEST_STEP][PASSED] - Statement - out.println("BatchSize : " + batchsize): null

2018-05-16 18:39:21 - [TEST_STEP][PASSED] - Statement - For ([n = 1, n <= batchsize - 1, (n++)]): null

2018-05-16 18:39:21 - [TEST_STEP][PASSED] - Statement - product = new com.kms.katalon.core.testobject.TestObject(): null

2018-05-16 18:39:21 - [TEST_STEP][PASSED] - Statement - product = com.kms.katalon.core.webui.keyword.WebUiBuiltInKeywords.modifyObjectProperty(product, "xpath", "equals", "//*[@id = "fldvendor" + row + ""]", true): Modify property of object successfully

2018-05-16 18:39:21 - [MESSAGE][PASSED] - Modify property of object successfully

2018-05-16 18:39:21 - [TEST_STEP][PASSED] - selectOptionByIndex: All options with index in [1] are selected on object ''

2018-05-16 18:39:21 - [MESSAGE][PASSED] - All options with index in [1] are selected on object ''

2018-05-16 18:39:21 - [TEST_STEP][PASSED] - Statement - batch = new com.kms.katalon.core.testobject.TestObject(): null

2018-05-16 18:39:21 - [TEST_STEP][PASSED] - Statement - batch = com.kms.katalon.core.webui.keyword.WebUiBuiltInKeywords.modifyObjectProperty(batch, "xpath", "equals", "//*[@id = "txtbthqty" + row + ""]", true): Modify property of object successfully

2018-05-16 18:39:21 - [MESSAGE][PASSED] - Modify property of object successfully

2018-05-16 18:39:21 - [TEST_STEP][PASSED] - Statement - batchqty = com.kms.katalon.core.webui.keyword.WebUiBuiltInKeywords.getAttribute(batch, "value").trim(): Attribute 'value' of object '' is: '33900'

2018-05-16 18:39:21 - [MESSAGE][PASSED] - Attribute 'value' of object '' is: '33900'

2018-05-16 18:39:21 - [TEST_STEP][PASSED] - Statement - Rqty = 10000: null

2018-05-16 18:39:21 - [TEST_STEP][PASSED] - delay: Delayed 2 second(s)

2018-05-16 18:39:23 - [MESSAGE][PASSED] - Delayed 2 second(s)

2018-05-16 18:39:23 - [TEST_STEP][PASSED] - Statement - out.println("BatchQty : " + batchqty): null

2018-05-16 18:39:23 - [TEST_STEP][PASSED] - Statement - out.println("RQty : " + Rqty): null

2018-05-16 18:39:23 - [TEST_STEP][PASSED] - Statement - If (java.lang.Integer.valueOf(batchqty) >= java.lang.Integer.valueOf(Rqty)): null

2018-05-16 18:39:23 - [TEST_STEP][PASSED] - Statement - Break: null

2018-05-16 18:39:23 - [TEST_STEP][PASSED] - Statement - batchlength = new com.kms.katalon.core.testobject.TestObject(): null

2018-05-16 18:39:23 - [TEST_STEP][PASSED] - Statement - batchlength = com.kms.katalon.core.webui.keyword.WebUiBuiltInKeywords.modifyObjectProperty(batchlength, "xpath", "equals", "//*[@id = "fldvendor" + row + ""]", true): Modify property of object successfully

2018-05-16 18:39:23 - [MESSAGE][PASSED] - Modify property of object successfully

2018-05-16 18:39:23 - [TEST_STEP][PASSED] - Statement - batchsize = com.kms.katalon.core.webui.keyword.WebUiBuiltInKeywords.getNumberOfTotalOption(batchlength): 11 options of object '' counted

2018-05-16 18:39:23 - [MESSAGE][PASSED] - 11 options of object '' counted

2018-05-16 18:39:23 - [TEST_STEP][PASSED] - Statement - out.println("BatchSize : " + batchsize): null

2018-05-16 18:39:23 - [TEST_STEP][PASSED] - Statement - For ([n = 1, n <= batchsize - 1, (n++)]): null

2018-05-16 18:39:23 - [TEST_STEP][PASSED] - Statement - product = new com.kms.katalon.core.testobject.TestObject(): null

2018-05-16 18:39:23 - [TEST_STEP][PASSED] - Statement - product = com.kms.katalon.core.webui.keyword.WebUiBuiltInKeywords.modifyObjectProperty(product, "xpath", "equals", "//*[@id = "fldvendor" + row + ""]", true): Modify property of object successfully

2018-05-16 18:39:23 - [MESSAGE][PASSED] - Modify property of object successfully

2018-05-16 18:39:23 - [TEST_STEP][PASSED] - selectOptionByIndex: All options with index in [1] are selected on object ''

2018-05-16 18:39:23 - [MESSAGE][PASSED] - All options with index in [1] are selected on object ''

2018-05-16 18:39:23 - [TEST_STEP][PASSED] - Statement - batch = new com.kms.katalon.core.testobject.TestObject(): null

2018-05-16 18:39:23 - [TEST_STEP][PASSED] - Statement - batch = com.kms.katalon.core.webui.keyword.WebUiBuiltInKeywords.modifyObjectProperty(batch, "xpath", "equals", "//*[@id = "txtbthqty" + row + ""]", true): Modify property of object successfully

2018-05-16 18:39:23 - [MESSAGE][PASSED] - Modify property of object successfully

2018-05-16 18:39:23 - [TEST_STEP][PASSED] - Statement - batchqty = com.kms.katalon.core.webui.keyword.WebUiBuiltInKeywords.getAttribute(batch, "value").trim(): Attribute 'value' of object '' is: '37900'

2018-05-16 18:39:23 - [MESSAGE][PASSED] - Attribute 'value' of object '' is: '37900'

2018-05-16 18:39:23 - [TEST_STEP][PASSED] - Statement - Rqty = 10000: null

2018-05-16 18:39:23 - [TEST_STEP][PASSED] - delay: Delayed 2 second(s)

2018-05-16 18:39:25 - [MESSAGE][PASSED] - Delayed 2 second(s)

2018-05-16 18:39:25 - [TEST_STEP][PASSED] - Statement - out.println("BatchQty : " + batchqty): null

2018-05-16 18:39:25 - [TEST_STEP][PASSED] - Statement - out.println("RQty : " + Rqty): null

2018-05-16 18:39:25 - [TEST_STEP][PASSED] - Statement - If (java.lang.Integer.valueOf(batchqty) >= java.lang.Integer.valueOf(Rqty)): null

2018-05-16 18:39:25 - [TEST_STEP][PASSED] - Statement - Break: null

2018-05-16 18:39:25 - [TEST_STEP][PASSED] - Statement - batchlength = new com.kms.katalon.core.testobject.TestObject(): null

2018-05-16 18:39:25 - [TEST_STEP][PASSED] - Statement - batchlength = com.kms.katalon.core.webui.keyword.WebUiBuiltInKeywords.modifyObjectProperty(batchlength, "xpath", "equals", "//*[@id = "fldvendor" + row + ""]", true): Modify property of object successfully

2018-05-16 18:39:25 - [MESSAGE][PASSED] - Modify property of object successfully

2018-05-16 18:39:25 - [TEST_STEP][PASSED] - Statement - batchsize = com.kms.katalon.core.webui.keyword.WebUiBuiltInKeywords.getNumberOfTotalOption(batchlength): 11 options of object '' counted

2018-05-16 18:39:25 - [MESSAGE][PASSED] - 11 options of object '' counted

2018-05-16 18:39:25 - [TEST_STEP][PASSED] - Statement - out.println("BatchSize : " + batchsize): null

2018-05-16 18:39:25 - [TEST_STEP][PASSED] - Statement - For ([n = 1, n <= batchsize - 1, (n++)]): null

2018-05-16 18:39:25 - [TEST_STEP][PASSED] - Statement - product = new com.kms.katalon.core.testobject.TestObject(): null

2018-05-16 18:39:25 - [TEST_STEP][PASSED] - Statement - product = com.kms.katalon.core.webui.keyword.WebUiBuiltInKeywords.modifyObjectProperty(product, "xpath", "equals", "//*[@id = "fldvendor" + row + ""]", true): Modify property of object successfully

2018-05-16 18:39:25 - [MESSAGE][PASSED] - Modify property of object successfully

2018-05-16 18:39:25 - [TEST_STEP][PASSED] - selectOptionByIndex: All options with index in [1] are selected on object ''

2018-05-16 18:39:25 - [MESSAGE][PASSED] - All options with index in [1] are selected on object ''

2018-05-16 18:39:25 - [TEST_STEP][PASSED] - Statement - batch = new com.kms.katalon.core.testobject.TestObject(): null

2018-05-16 18:39:25 - [TEST_STEP][PASSED] - Statement - batch = com.kms.katalon.core.webui.keyword.WebUiBuiltInKeywords.modifyObjectProperty(batch, "xpath", "equals", "//*[@id = "txtbthqty" + row + ""]", true): Modify property of object successfully

2018-05-16 18:39:25 - [MESSAGE][PASSED] - Modify property of object successfully

2018-05-16 18:39:25 - [TEST_STEP][PASSED] - Statement - batchqty = com.kms.katalon.core.webui.keyword.WebUiBuiltInKeywords.getAttribute(batch, "value").trim(): Attribute 'value' of object '' is: '5000'

2018-05-16 18:39:25 - [MESSAGE][PASSED] - Attribute 'value' of object '' is: '5000'

2018-05-16 18:39:25 - [TEST_STEP][PASSED] - Statement - Rqty = 10000: null

2018-05-16 18:39:25 - [TEST_STEP][PASSED] - delay: Delayed 2 second(s)

2018-05-16 18:39:27 - [MESSAGE][PASSED] - Delayed 2 second(s)

2018-05-16 18:39:27 - [TEST_STEP][PASSED] - Statement - out.println("BatchQty : " + batchqty): null

2018-05-16 18:39:27 - [TEST_STEP][PASSED] - Statement - out.println("RQty : " + Rqty): null

2018-05-16 18:39:27 - [TEST_STEP][PASSED] - Statement - If (java.lang.Integer.valueOf(batchqty) >= java.lang.Integer.valueOf(Rqty)): null

2018-05-16 18:39:27 - [TEST_STEP][PASSED] - Statement - Else: null

2018-05-16 18:39:27 - [TEST_STEP][PASSED] - Statement - out.println("Batchqty Is Less Than Rqty"): null

2018-05-16 18:39:27 - [TEST_STEP][PASSED] - Statement - product = new com.kms.katalon.core.testobject.TestObject(): null

2018-05-16 18:39:27 - [TEST_STEP][PASSED] - Statement - product = com.kms.katalon.core.webui.keyword.WebUiBuiltInKeywords.modifyObjectProperty(product, "xpath", "equals", "//*[@id = "fldvendor" + row + ""]", true): Modify property of object successfully

2018-05-16 18:39:27 - [MESSAGE][PASSED] - Modify property of object successfully

2018-05-16 18:39:27 - [TEST_STEP][PASSED] - selectOptionByIndex: All options with index in [2] are selected on object ''

2018-05-16 18:39:27 - [MESSAGE][PASSED] - All options with index in [2] are selected on object ''

2018-05-16 18:39:27 - [TEST_STEP][PASSED] - Statement - batch = new com.kms.katalon.core.testobject.TestObject(): null

2018-05-16 18:39:27 - [TEST_STEP][PASSED] - Statement - batch = com.kms.katalon.core.webui.keyword.WebUiBuiltInKeywords.modifyObjectProperty(batch, "xpath", "equals", "//*[@id = "txtbthqty" + row + ""]", true): Modify property of object successfully

2018-05-16 18:39:27 - [MESSAGE][PASSED] - Modify property of object successfully

2018-05-16 18:39:27 - [TEST_STEP][PASSED] - Statement - batchqty = com.kms.katalon.core.webui.keyword.WebUiBuiltInKeywords.getAttribute(batch, "value").trim(): Attribute 'value' of object '' is: '4000'

2018-05-16 18:39:27 - [MESSAGE][PASSED] - Attribute 'value' of object '' is: '4000'

2018-05-16 18:39:27 - [TEST_STEP][PASSED] - Statement - Rqty = 10000: null

2018-05-16 18:39:27 - [TEST_STEP][PASSED] - delay: Delayed 2 second(s)

2018-05-16 18:39:29 - [MESSAGE][PASSED] - Delayed 2 second(s)

2018-05-16 18:39:29 - [TEST_STEP][PASSED] - Statement - out.println("BatchQty : " + batchqty): null

2018-05-16 18:39:29 - [TEST_STEP][PASSED] - Statement - out.println("RQty : " + Rqty): null

2018-05-16 18:39:29 - [TEST_STEP][PASSED] - Statement - If (java.lang.Integer.valueOf(batchqty) >= java.lang.Integer.valueOf(Rqty)): null

2018-05-16 18:39:29 - [TEST_STEP][PASSED] - Statement - Else: null

2018-05-16 18:39:29 - [TEST_STEP][PASSED] - Statement - out.println("Batchqty Is Less Than Rqty"): null

2018-05-16 18:39:29 - [TEST_STEP][PASSED] - Statement - product = new com.kms.katalon.core.testobject.TestObject(): null

2018-05-16 18:39:29 - [TEST_STEP][PASSED] - Statement - product = com.kms.katalon.core.webui.keyword.WebUiBuiltInKeywords.modifyObjectProperty(product, "xpath", "equals", "//*[@id = "fldvendor" + row + ""]", true): Modify property of object successfully

2018-05-16 18:39:29 - [MESSAGE][PASSED] - Modify property of object successfully

2018-05-16 18:39:29 - [TEST_STEP][PASSED] - selectOptionByIndex: All options with index in [3] are selected on object ''

2018-05-16 18:39:30 - [MESSAGE][PASSED] - All options with index in [3] are selected on object ''

2018-05-16 18:39:30 - [TEST_STEP][PASSED] - Statement - batch = new com.kms.katalon.core.testobject.TestObject(): null

2018-05-16 18:39:30 - [TEST_STEP][PASSED] - Statement - batch = com.kms.katalon.core.webui.keyword.WebUiBuiltInKeywords.modifyObjectProperty(batch, "xpath", "equals", "//*[@id = "txtbthqty" + row + ""]", true): Modify property of object successfully

2018-05-16 18:39:30 - [MESSAGE][PASSED] - Modify property of object successfully

2018-05-16 18:39:30 - [TEST_STEP][PASSED] - Statement - batchqty = com.kms.katalon.core.webui.keyword.WebUiBuiltInKeywords.getAttribute(batch, "value").trim(): Attribute 'value' of object '' is: '5000'

2018-05-16 18:39:30 - [MESSAGE][PASSED] - Attribute 'value' of object '' is: '5000'

2018-05-16 18:39:30 - [TEST_STEP][PASSED] - Statement - Rqty = 10000: null

2018-05-16 18:39:30 - [TEST_STEP][PASSED] - delay: Delayed 2 second(s)

2018-05-16 18:39:32 - [MESSAGE][PASSED] - Delayed 2 second(s)

2018-05-16 18:39:32 - [TEST_STEP][PASSED] - Statement - out.println("BatchQty : " + batchqty): null

2018-05-16 18:39:32 - [TEST_STEP][PASSED] - Statement - out.println("RQty : " + Rqty): null

2018-05-16 18:39:32 - [TEST_STEP][PASSED] - Statement - If (java.lang.Integer.valueOf(batchqty) >= java.lang.Integer.valueOf(Rqty)): null

2018-05-16 18:39:32 - [TEST_STEP][PASSED] - Statement - Else: null

2018-05-16 18:39:32 - [TEST_STEP][PASSED] - Statement - out.println("Batchqty Is Less Than Rqty"): null

2018-05-16 18:39:32 - [TEST_STEP][PASSED] - Statement - product = new com.kms.katalon.core.testobject.TestObject(): null

2018-05-16 18:39:32 - [TEST_STEP][PASSED] - Statement - product = com.kms.katalon.core.webui.keyword.WebUiBuiltInKeywords.modifyObjectProperty(product, "xpath", "equals", "//*[@id = "fldvendor" + row + ""]", true): Modify property of object successfully

2018-05-16 18:39:32 - [MESSAGE][PASSED] - Modify property of object successfully

2018-05-16 18:39:32 - [TEST_STEP][PASSED] - selectOptionByIndex: All options with index in [4] are selected on object ''

2018-05-16 18:39:32 - [MESSAGE][PASSED] - All options with index in [4] are selected on object ''

2018-05-16 18:39:32 - [TEST_STEP][PASSED] - Statement - batch = new com.kms.katalon.core.testobject.TestObject(): null

2018-05-16 18:39:32 - [TEST_STEP][PASSED] - Statement - batch = com.kms.katalon.core.webui.keyword.WebUiBuiltInKeywords.modifyObjectProperty(batch, "xpath", "equals", "//*[@id = "txtbthqty" + row + ""]", true): Modify property of object successfully

2018-05-16 18:39:32 - [MESSAGE][PASSED] - Modify property of object successfully

2018-05-16 18:39:32 - [TEST_STEP][PASSED] - Statement - batchqty = com.kms.katalon.core.webui.keyword.WebUiBuiltInKeywords.getAttribute(batch, "value").trim(): Attribute 'value' of object '' is: '5000'

2018-05-16 18:39:32 - [MESSAGE][PASSED] - Attribute 'value' of object '' is: '5000'

2018-05-16 18:39:32 - [TEST_STEP][PASSED] - Statement - Rqty = 10000: null

2018-05-16 18:39:32 - [TEST_STEP][PASSED] - delay: Delayed 2 second(s)

2018-05-16 18:39:34 - [MESSAGE][PASSED] - Delayed 2 second(s)

2018-05-16 18:39:34 - [TEST_STEP][PASSED] - Statement - out.println("BatchQty : " + batchqty): null

2018-05-16 18:39:34 - [TEST_STEP][PASSED] - Statement - out.println("RQty : " + Rqty): null

2018-05-16 18:39:34 - [TEST_STEP][PASSED] - Statement - If (java.lang.Integer.valueOf(batchqty) >= java.lang.Integer.valueOf(Rqty)): null

2018-05-16 18:39:34 - [TEST_STEP][PASSED] - Statement - Else: null

2018-05-16 18:39:34 - [TEST_STEP][PASSED] - Statement - out.println("Batchqty Is Less Than Rqty"): null

2018-05-16 18:39:34 - [TEST_STEP][PASSED] - Statement - product = new com.kms.katalon.core.testobject.TestObject(): null

2018-05-16 18:39:34 - [TEST_STEP][PASSED] - Statement - product = com.kms.katalon.core.webui.keyword.WebUiBuiltInKeywords.modifyObjectProperty(product, "xpath", "equals", "//*[@id = "fldvendor" + row + ""]", true): Modify property of object successfully

2018-05-16 18:39:34 - [MESSAGE][PASSED] - Modify property of object successfully

2018-05-16 18:39:34 - [TEST_STEP][PASSED] - selectOptionByIndex: All options with index in [5] are selected on object ''

2018-05-16 18:39:34 - [MESSAGE][PASSED] - All options with index in [5] are selected on object ''

2018-05-16 18:39:34 - [TEST_STEP][PASSED] - Statement - batch = new com.kms.katalon.core.testobject.TestObject(): null

2018-05-16 18:39:34 - [TEST_STEP][PASSED] - Statement - batch = com.kms.katalon.core.webui.keyword.WebUiBuiltInKeywords.modifyObjectProperty(batch, "xpath", "equals", "//*[@id = "txtbthqty" + row + ""]", true): Modify property of object successfully

2018-05-16 18:39:34 - [MESSAGE][PASSED] - Modify property of object successfully

2018-05-16 18:39:34 - [TEST_STEP][PASSED] - Statement - batchqty = com.kms.katalon.core.webui.keyword.WebUiBuiltInKeywords.getAttribute(batch, "value").trim(): Attribute 'value' of object '' is: '33900'

2018-05-16 18:39:34 - [MESSAGE][PASSED] - Attribute 'value' of object '' is: '33900'

2018-05-16 18:39:34 - [TEST_STEP][PASSED] - Statement - Rqty = 10000: null

2018-05-16 18:39:34 - [TEST_STEP][PASSED] - delay: Delayed 2 second(s)

2018-05-16 18:39:36 - [MESSAGE][PASSED] - Delayed 2 second(s)

2018-05-16 18:39:36 - [TEST_STEP][PASSED] - Statement - out.println("BatchQty : " + batchqty): null

2018-05-16 18:39:36 - [TEST_STEP][PASSED] - Statement - out.println("RQty : " + Rqty): null

2018-05-16 18:39:36 - [TEST_STEP][PASSED] - Statement - If (java.lang.Integer.valueOf(batchqty) >= java.lang.Integer.valueOf(Rqty)): null

2018-05-16 18:39:36 - [TEST_STEP][PASSED] - Statement - Break: null

2018-05-16 18:39:36 - [TEST_STEP][PASSED] - Statement - batchlength = new com.kms.katalon.core.testobject.TestObject(): null

2018-05-16 18:39:36 - [TEST_STEP][PASSED] - Statement - batchlength = com.kms.katalon.core.webui.keyword.WebUiBuiltInKeywords.modifyObjectProperty(batchlength, "xpath", "equals", "//*[@id = "fldvendor" + row + ""]", true): Modify property of object successfully

2018-05-16 18:39:36 - [MESSAGE][PASSED] - Modify property of object successfully

2018-05-16 18:39:36 - [TEST_STEP][PASSED] - Statement - batchsize = com.kms.katalon.core.webui.keyword.WebUiBuiltInKeywords.getNumberOfTotalOption(batchlength): 11 options of object '' counted

2018-05-16 18:39:36 - [MESSAGE][PASSED] - 11 options of object '' counted

2018-05-16 18:39:36 - [TEST_STEP][PASSED] - Statement - out.println("BatchSize : " + batchsize): null

2018-05-16 18:39:36 - [TEST_STEP][PASSED] - Statement - For ([n = 1, n <= batchsize - 1, (n++)]): null

2018-05-16 18:39:36 - [TEST_STEP][PASSED] - Statement - product = new com.kms.katalon.core.testobject.TestObject(): null

2018-05-16 18:39:36 - [TEST_STEP][PASSED] - Statement - product = com.kms.katalon.core.webui.keyword.WebUiBuiltInKeywords.modifyObjectProperty(product, "xpath", "equals", "//*[@id = "fldvendor" + row + ""]", true): Modify property of object successfully

2018-05-16 18:39:36 - [MESSAGE][PASSED] - Modify property of object successfully

2018-05-16 18:39:36 - [TEST_STEP][PASSED] - selectOptionByIndex: All options with index in [1] are selected on object ''

2018-05-16 18:39:36 - [MESSAGE][PASSED] - All options with index in [1] are selected on object ''

2018-05-16 18:39:36 - [TEST_STEP][PASSED] - Statement - batch = new com.kms.katalon.core.testobject.TestObject(): null

2018-05-16 18:39:36 - [TEST_STEP][PASSED] - Statement - batch = com.kms.katalon.core.webui.keyword.WebUiBuiltInKeywords.modifyObjectProperty(batch, "xpath", "equals", "//*[@id = "txtbthqty" + row + ""]", true): Modify property of object successfully

2018-05-16 18:39:36 - [MESSAGE][PASSED] - Modify property of object successfully

2018-05-16 18:39:36 - [TEST_STEP][PASSED] - Statement - batchqty = com.kms.katalon.core.webui.keyword.WebUiBuiltInKeywords.getAttribute(batch, "value").trim(): Attribute 'value' of object '' is: '4000'

2018-05-16 18:39:37 - [MESSAGE][PASSED] - Attribute 'value' of object '' is: '4000'

2018-05-16 18:39:37 - [TEST_STEP][PASSED] - Statement - Rqty = 10000: null

2018-05-16 18:39:37 - [TEST_STEP][PASSED] - delay: Delayed 2 second(s)

2018-05-16 18:39:39 - [MESSAGE][PASSED] - Delayed 2 second(s)

2018-05-16 18:39:39 - [TEST_STEP][PASSED] - Statement - out.println("BatchQty : " + batchqty): null

2018-05-16 18:39:39 - [TEST_STEP][PASSED] - Statement - out.println("RQty : " + Rqty): null

2018-05-16 18:39:39 - [TEST_STEP][PASSED] - Statement - If (java.lang.Integer.valueOf(batchqty) >= java.lang.Integer.valueOf(Rqty)): null

2018-05-16 18:39:39 - [TEST_STEP][PASSED] - Statement - Else: null

2018-05-16 18:39:39 - [TEST_STEP][PASSED] - Statement - out.println("Batchqty Is Less Than Rqty"): null

2018-05-16 18:39:39 - [TEST_STEP][PASSED] - Statement - product = new com.kms.katalon.core.testobject.TestObject(): null

2018-05-16 18:39:39 - [TEST_STEP][PASSED] - Statement - product = com.kms.katalon.core.webui.keyword.WebUiBuiltInKeywords.modifyObjectProperty(product, "xpath", "equals", "//*[@id = "fldvendor" + row + ""]", true): Modify property of object successfully

2018-05-16 18:39:39 - [MESSAGE][PASSED] - Modify property of object successfully

2018-05-16 18:39:39 - [TEST_STEP][PASSED] - selectOptionByIndex: All options with index in [2] are selected on object ''

2018-05-16 18:39:39 - [MESSAGE][PASSED] - All options with index in [2] are selected on object ''

2018-05-16 18:39:39 - [TEST_STEP][PASSED] - Statement - batch = new com.kms.katalon.core.testobject.TestObject(): null

2018-05-16 18:39:39 - [TEST_STEP][PASSED] - Statement - batch = com.kms.katalon.core.webui.keyword.WebUiBuiltInKeywords.modifyObjectProperty(batch, "xpath", "equals", "//*[@id = "txtbthqty" + row + ""]", true): Modify property of object successfully

2018-05-16 18:39:39 - [MESSAGE][PASSED] - Modify property of object successfully

2018-05-16 18:39:39 - [TEST_STEP][PASSED] - Statement - batchqty = com.kms.katalon.core.webui.keyword.WebUiBuiltInKeywords.getAttribute(batch, "value").trim(): Attribute 'value' of object '' is: '5000'

2018-05-16 18:39:39 - [MESSAGE][PASSED] - Attribute 'value' of object '' is: '5000'

2018-05-16 18:39:39 - [TEST_STEP][PASSED] - Statement - Rqty = 10000: null

2018-05-16 18:39:39 - [TEST_STEP][PASSED] - delay: Delayed 2 second(s)

2018-05-16 18:39:41 - [MESSAGE][PASSED] - Delayed 2 second(s)

2018-05-16 18:39:41 - [TEST_STEP][PASSED] - Statement - out.println("BatchQty : " + batchqty): null

2018-05-16 18:39:41 - [TEST_STEP][PASSED] - Statement - out.println("RQty : " + Rqty): null

2018-05-16 18:39:41 - [TEST_STEP][PASSED] - Statement - If (java.lang.Integer.valueOf(batchqty) >= java.lang.Integer.valueOf(Rqty)): null

2018-05-16 18:39:41 - [TEST_STEP][PASSED] - Statement - Else: null

2018-05-16 18:39:41 - [TEST_STEP][PASSED] - Statement - out.println("Batchqty Is Less Than Rqty"): null

2018-05-16 18:39:41 - [TEST_STEP][PASSED] - Statement - product = new com.kms.katalon.core.testobject.TestObject(): null

2018-05-16 18:39:41 - [TEST_STEP][PASSED] - Statement - product = com.kms.katalon.core.webui.keyword.WebUiBuiltInKeywords.modifyObjectProperty(product, "xpath", "equals", "//*[@id = "fldvendor" + row + ""]", true): Modify property of object successfully

2018-05-16 18:39:41 - [MESSAGE][PASSED] - Modify property of object successfully

2018-05-16 18:39:41 - [TEST_STEP][PASSED] - selectOptionByIndex: All options with index in [3] are selected on object ''

2018-05-16 18:39:41 - [MESSAGE][PASSED] - All options with index in [3] are selected on object ''

2018-05-16 18:39:41 - [TEST_STEP][PASSED] - Statement - batch = new com.kms.katalon.core.testobject.TestObject(): null

2018-05-16 18:39:41 - [TEST_STEP][PASSED] - Statement - batch = com.kms.katalon.core.webui.keyword.WebUiBuiltInKeywords.modifyObjectProperty(batch, "xpath", "equals", "//*[@id = "txtbthqty" + row + ""]", true): Modify property of object successfully

2018-05-16 18:39:41 - [MESSAGE][PASSED] - Modify property of object successfully

2018-05-16 18:39:41 - [TEST_STEP][PASSED] - Statement - batchqty = com.kms.katalon.core.webui.keyword.WebUiBuiltInKeywords.getAttribute(batch, "value").trim(): Attribute 'value' of object '' is: '33900'

2018-05-16 18:39:41 - [MESSAGE][PASSED] - Attribute 'value' of object '' is: '33900'

2018-05-16 18:39:41 - [TEST_STEP][PASSED] - Statement - Rqty = 10000: null

2018-05-16 18:39:41 - [TEST_STEP][PASSED] - delay: Delayed 2 second(s)

2018-05-16 18:39:43 - [MESSAGE][PASSED] - Delayed 2 second(s)

2018-05-16 18:39:43 - [TEST_STEP][PASSED] - Statement - out.println("BatchQty : " + batchqty): null

2018-05-16 18:39:43 - [TEST_STEP][PASSED] - Statement - out.println("RQty : " + Rqty): null

2018-05-16 18:39:43 - [TEST_STEP][PASSED] - Statement - If (java.lang.Integer.valueOf(batchqty) >= java.lang.Integer.valueOf(Rqty)): null

2018-05-16 18:39:43 - [TEST_STEP][PASSED] - Statement - Break: null

2018-05-16 18:39:43 - [TEST_STEP][PASSED] - Statement - batchlength = new com.kms.katalon.core.testobject.TestObject(): null

2018-05-16 18:39:43 - [TEST_STEP][PASSED] - Statement - batchlength = com.kms.katalon.core.webui.keyword.WebUiBuiltInKeywords.modifyObjectProperty(batchlength, "xpath", "equals", "//*[@id = "fldvendor" + row + ""]", true): Modify property of object successfully

2018-05-16 18:39:43 - [MESSAGE][PASSED] - Modify property of object successfully

2018-05-16 18:39:43 - [TEST_STEP][PASSED] - Statement - batchsize = com.kms.katalon.core.webui.keyword.WebUiBuiltInKeywords.getNumberOfTotalOption(batchlength): 11 options of object '' counted

2018-05-16 18:39:43 - [MESSAGE][PASSED] - 11 options of object '' counted

2018-05-16 18:39:43 - [TEST_STEP][PASSED] - Statement - out.println("BatchSize : " + batchsize): null

2018-05-16 18:39:43 - [TEST_STEP][PASSED] - Statement - For ([n = 1, n <= batchsize - 1, (n++)]): null

2018-05-16 18:39:43 - [TEST_STEP][PASSED] - Statement - product = new com.kms.katalon.core.testobject.TestObject(): null

2018-05-16 18:39:43 - [TEST_STEP][PASSED] - Statement - product = com.kms.katalon.core.webui.keyword.WebUiBuiltInKeywords.modifyObjectProperty(product, "xpath", "equals", "//*[@id = "fldvendor" + row + ""]", true): Modify property of object successfully

2018-05-16 18:39:43 - [MESSAGE][PASSED] - Modify property of object successfully

2018-05-16 18:39:43 - [TEST_STEP][PASSED] - selectOptionByIndex: All options with index in [1] are selected on object ''

2018-05-16 18:39:43 - [MESSAGE][PASSED] - All options with index in [1] are selected on object ''

2018-05-16 18:39:43 - [TEST_STEP][PASSED] - Statement - batch = new com.kms.katalon.core.testobject.TestObject(): null

2018-05-16 18:39:43 - [TEST_STEP][PASSED] - Statement - batch = com.kms.katalon.core.webui.keyword.WebUiBuiltInKeywords.modifyObjectProperty(batch, "xpath", "equals", "//*[@id = "txtbthqty" + row + ""]", true): Modify property of object successfully

2018-05-16 18:39:43 - [MESSAGE][PASSED] - Modify property of object successfully

2018-05-16 18:39:43 - [TEST_STEP][PASSED] - Statement - batchqty = com.kms.katalon.core.webui.keyword.WebUiBuiltInKeywords.getAttribute(batch, "value").trim(): Attribute 'value' of object '' is: '37900'

2018-05-16 18:39:43 - [MESSAGE][PASSED] - Attribute 'value' of object '' is: '37900'

2018-05-16 18:39:43 - [TEST_STEP][PASSED] - Statement - Rqty = 10000: null

2018-05-16 18:39:43 - [TEST_STEP][PASSED] - delay: Delayed 2 second(s)

2018-05-16 18:39:45 - [MESSAGE][PASSED] - Delayed 2 second(s)

2018-05-16 18:39:45 - [TEST_STEP][PASSED] - Statement - out.println("BatchQty : " + batchqty): null

2018-05-16 18:39:45 - [TEST_STEP][PASSED] - Statement - out.println("RQty : " + Rqty): null

2018-05-16 18:39:45 - [TEST_STEP][PASSED] - Statement - If (java.lang.Integer.valueOf(batchqty) >= java.lang.Integer.valueOf(Rqty)): null

2018-05-16 18:39:45 - [TEST_STEP][PASSED] - Statement - Break: null

2018-05-16 18:39:45 - [TEST_STEP][PASSED] - Statement - batchlength = new com.kms.katalon.core.testobject.TestObject(): null

2018-05-16 18:39:45 - [TEST_STEP][PASSED] - Statement - batchlength = com.kms.katalon.core.webui.keyword.WebUiBuiltInKeywords.modifyObjectProperty(batchlength, "xpath", "equals", "//*[@id = "fldvendor" + row + ""]", true): Modify property of object successfully

2018-05-16 18:39:45 - [MESSAGE][PASSED] - Modify property of object successfully

2018-05-16 18:39:45 - [TEST_STEP][PASSED] - Statement - batchsize = com.kms.katalon.core.webui.keyword.WebUiBuiltInKeywords.getNumberOfTotalOption(batchlength): 11 options of object '' counted

2018-05-16 18:39:45 - [MESSAGE][PASSED] - 11 options of object '' counted

2018-05-16 18:39:45 - [TEST_STEP][PASSED] - Statement - out.println("BatchSize : " + batchsize): null

2018-05-16 18:39:45 - [TEST_STEP][PASSED] - Statement - For ([n = 1, n <= batchsize - 1, (n++)]): null

2018-05-16 18:39:45 - [TEST_STEP][PASSED] - Statement - product = new com.kms.katalon.core.testobject.TestObject(): null

2018-05-16 18:39:45 - [TEST_STEP][PASSED] - Statement - product = com.kms.katalon.core.webui.keyword.WebUiBuiltInKeywords.modifyObjectProperty(product, "xpath", "equals", "//*[@id = "fldvendor" + row + ""]", true): Modify property of object successfully

2018-05-16 18:39:45 - [MESSAGE][PASSED] - Modify property of object successfully

2018-05-16 18:39:45 - [TEST_STEP][PASSED] - selectOptionByIndex: All options with index in [1] are selected on object ''

2018-05-16 18:39:45 - [MESSAGE][PASSED] - All options with index in [1] are selected on object ''

2018-05-16 18:39:45 - [TEST_STEP][PASSED] - Statement - batch = new com.kms.katalon.core.testobject.TestObject(): null

2018-05-16 18:39:45 - [TEST_STEP][PASSED] - Statement - batch = com.kms.katalon.core.webui.keyword.WebUiBuiltInKeywords.modifyObjectProperty(batch, "xpath", "equals", "//*[@id = "txtbthqty" + row + ""]", true): Modify property of object successfully

2018-05-16 18:39:45 - [MESSAGE][PASSED] - Modify property of object successfully

2018-05-16 18:39:45 - [TEST_STEP][PASSED] - Statement - batchqty = com.kms.katalon.core.webui.keyword.WebUiBuiltInKeywords.getAttribute(batch, "value").trim(): Attribute 'value' of object '' is: '4000'

2018-05-16 18:39:46 - [MESSAGE][PASSED] - Attribute 'value' of object '' is: '4000'

2018-05-16 18:39:46 - [TEST_STEP][PASSED] - Statement - Rqty = 10000: null

2018-05-16 18:39:46 - [TEST_STEP][PASSED] - delay: Delayed 2 second(s)

2018-05-16 18:39:48 - [MESSAGE][PASSED] - Delayed 2 second(s)

2018-05-16 18:39:48 - [TEST_STEP][PASSED] - Statement - out.println("BatchQty : " + batchqty): null

2018-05-16 18:39:48 - [TEST_STEP][PASSED] - Statement - out.println("RQty : " + Rqty): null

2018-05-16 18:39:48 - [TEST_STEP][PASSED] - Statement - If (java.lang.Integer.valueOf(batchqty) >= java.lang.Integer.valueOf(Rqty)): null

2018-05-16 18:39:48 - [TEST_STEP][PASSED] - Statement - Else: null

2018-05-16 18:39:48 - [TEST_STEP][PASSED] - Statement - out.println("Batchqty Is Less Than Rqty"): null

2018-05-16 18:39:48 - [TEST_STEP][PASSED] - Statement - product = new com.kms.katalon.core.testobject.TestObject(): null

2018-05-16 18:39:48 - [TEST_STEP][PASSED] - Statement - product = com.kms.katalon.core.webui.keyword.WebUiBuiltInKeywords.modifyObjectProperty(product, "xpath", "equals", "//*[@id = "fldvendor" + row + ""]", true): Modify property of object successfully

2018-05-16 18:39:48 - [MESSAGE][PASSED] - Modify property of object successfully

2018-05-16 18:39:48 - [TEST_STEP][PASSED] - selectOptionByIndex: All options with index in [2] are selected on object ''

2018-05-16 18:39:48 - [MESSAGE][PASSED] - All options with index in [2] are selected on object ''

2018-05-16 18:39:48 - [TEST_STEP][PASSED] - Statement - batch = new com.kms.katalon.core.testobject.TestObject(): null

2018-05-16 18:39:48 - [TEST_STEP][PASSED] - Statement - batch = com.kms.katalon.core.webui.keyword.WebUiBuiltInKeywords.modifyObjectProperty(batch, "xpath", "equals", "//*[@id = "txtbthqty" + row + ""]", true): Modify property of object successfully

2018-05-16 18:39:48 - [MESSAGE][PASSED] - Modify property of object successfully

2018-05-16 18:39:48 - [TEST_STEP][PASSED] - Statement - batchqty = com.kms.katalon.core.webui.keyword.WebUiBuiltInKeywords.getAttribute(batch, "value").trim(): Attribute 'value' of object '' is: '500'

2018-05-16 18:39:48 - [MESSAGE][PASSED] - Attribute 'value' of object '' is: '500'

2018-05-16 18:39:48 - [TEST_STEP][PASSED] - Statement - Rqty = 10000: null

2018-05-16 18:39:48 - [TEST_STEP][PASSED] - delay: Delayed 2 second(s)

2018-05-16 18:39:50 - [MESSAGE][PASSED] - Delayed 2 second(s)

2018-05-16 18:39:50 - [TEST_STEP][PASSED] - Statement - out.println("BatchQty : " + batchqty): null

2018-05-16 18:39:50 - [TEST_STEP][PASSED] - Statement - out.println("RQty : " + Rqty): null

2018-05-16 18:39:50 - [TEST_STEP][PASSED] - Statement - If (java.lang.Integer.valueOf(batchqty) >= java.lang.Integer.valueOf(Rqty)): null

2018-05-16 18:39:50 - [TEST_STEP][PASSED] - Statement - Else: null

2018-05-16 18:39:50 - [TEST_STEP][PASSED] - Statement - out.println("Batchqty Is Less Than Rqty"): null

2018-05-16 18:39:50 - [TEST_STEP][PASSED] - Statement - product = new com.kms.katalon.core.testobject.TestObject(): null

2018-05-16 18:39:50 - [TEST_STEP][PASSED] - Statement - product = com.kms.katalon.core.webui.keyword.WebUiBuiltInKeywords.modifyObjectProperty(product, "xpath", "equals", "//*[@id = "fldvendor" + row + ""]", true): Modify property of object successfully

2018-05-16 18:39:50 - [MESSAGE][PASSED] - Modify property of object successfully

2018-05-16 18:39:50 - [TEST_STEP][PASSED] - selectOptionByIndex: All options with index in [3] are selected on object ''

2018-05-16 18:39:50 - [MESSAGE][PASSED] - All options with index in [3] are selected on object ''

2018-05-16 18:39:50 - [TEST_STEP][PASSED] - Statement - batch = new com.kms.katalon.core.testobject.TestObject(): null

2018-05-16 18:39:50 - [TEST_STEP][PASSED] - Statement - batch = com.kms.katalon.core.webui.keyword.WebUiBuiltInKeywords.modifyObjectProperty(batch, "xpath", "equals", "//*[@id = "txtbthqty" + row + ""]", true): Modify property of object successfully

2018-05-16 18:39:50 - [MESSAGE][PASSED] - Modify property of object successfully

2018-05-16 18:39:50 - [TEST_STEP][PASSED] - Statement - batchqty = com.kms.katalon.core.webui.keyword.WebUiBuiltInKeywords.getAttribute(batch, "value").trim(): Attribute 'value' of object '' is: '5000'

2018-05-16 18:39:50 - [MESSAGE][PASSED] - Attribute 'value' of object '' is: '5000'

2018-05-16 18:39:50 - [TEST_STEP][PASSED] - Statement - Rqty = 10000: null

2018-05-16 18:39:50 - [TEST_STEP][PASSED] - delay: Delayed 2 second(s)

2018-05-16 18:39:52 - [MESSAGE][PASSED] - Delayed 2 second(s)

2018-05-16 18:39:52 - [TEST_STEP][PASSED] - Statement - out.println("BatchQty : " + batchqty): null

2018-05-16 18:39:52 - [TEST_STEP][PASSED] - Statement - out.println("RQty : " + Rqty): null

2018-05-16 18:39:52 - [TEST_STEP][PASSED] - Statement - If (java.lang.Integer.valueOf(batchqty) >= java.lang.Integer.valueOf(Rqty)): null

2018-05-16 18:39:52 - [TEST_STEP][PASSED] - Statement - Else: null

2018-05-16 18:39:52 - [TEST_STEP][PASSED] - Statement - out.println("Batchqty Is Less Than Rqty"): null

2018-05-16 18:39:52 - [TEST_STEP][PASSED] - Statement - product = new com.kms.katalon.core.testobject.TestObject(): null

2018-05-16 18:39:52 - [TEST_STEP][PASSED] - Statement - product = com.kms.katalon.core.webui.keyword.WebUiBuiltInKeywords.modifyObjectProperty(product, "xpath", "equals", "//*[@id = "fldvendor" + row + ""]", true): Modify property of object successfully

2018-05-16 18:39:52 - [MESSAGE][PASSED] - Modify property of object successfully

2018-05-16 18:39:52 - [TEST_STEP][PASSED] - selectOptionByIndex: All options with index in [4] are selected on object ''

2018-05-16 18:39:52 - [MESSAGE][PASSED] - All options with index in [4] are selected on object ''

2018-05-16 18:39:52 - [TEST_STEP][PASSED] - Statement - batch = new com.kms.katalon.core.testobject.TestObject(): null

2018-05-16 18:39:52 - [TEST_STEP][PASSED] - Statement - batch = com.kms.katalon.core.webui.keyword.WebUiBuiltInKeywords.modifyObjectProperty(batch, "xpath", "equals", "//*[@id = "txtbthqty" + row + ""]", true): Modify property of object successfully

2018-05-16 18:39:52 - [MESSAGE][PASSED] - Modify property of object successfully

2018-05-16 18:39:52 - [TEST_STEP][PASSED] - Statement - batchqty = com.kms.katalon.core.webui.keyword.WebUiBuiltInKeywords.getAttribute(batch, "value").trim(): Attribute 'value' of object '' is: '5000'

2018-05-16 18:39:52 - [MESSAGE][PASSED] - Attribute 'value' of object '' is: '5000'

2018-05-16 18:39:52 - [TEST_STEP][PASSED] - Statement - Rqty = 10000: null

2018-05-16 18:39:52 - [TEST_STEP][PASSED] - delay: Delayed 2 second(s)

2018-05-16 18:39:54 - [MESSAGE][PASSED] - Delayed 2 second(s)

2018-05-16 18:39:54 - [TEST_STEP][PASSED] - Statement - out.println("BatchQty : " + batchqty): null

2018-05-16 18:39:54 - [TEST_STEP][PASSED] - Statement - out.println("RQty : " + Rqty): null

2018-05-16 18:39:54 - [TEST_STEP][PASSED] - Statement - If (java.lang.Integer.valueOf(batchqty) >= java.lang.Integer.valueOf(Rqty)): null

2018-05-16 18:39:54 - [TEST_STEP][PASSED] - Statement - Else: null

2018-05-16 18:39:54 - [TEST_STEP][PASSED] - Statement - out.println("Batchqty Is Less Than Rqty"): null

2018-05-16 18:39:54 - [TEST_STEP][PASSED] - Statement - product = new com.kms.katalon.core.testobject.TestObject(): null

2018-05-16 18:39:54 - [TEST_STEP][PASSED] - Statement - product = com.kms.katalon.core.webui.keyword.WebUiBuiltInKeywords.modifyObjectProperty(product, "xpath", "equals", "//*[@id = "fldvendor" + row + ""]", true): Modify property of object successfully

2018-05-16 18:39:54 - [MESSAGE][PASSED] - Modify property of object successfully

2018-05-16 18:39:54 - [TEST_STEP][PASSED] - selectOptionByIndex: All options with index in [5] are selected on object ''

2018-05-16 18:39:54 - [MESSAGE][PASSED] - All options with index in [5] are selected on object ''

2018-05-16 18:39:54 - [TEST_STEP][PASSED] - Statement - batch = new com.kms.katalon.core.testobject.TestObject(): null

2018-05-16 18:39:54 - [TEST_STEP][PASSED] - Statement - batch = com.kms.katalon.core.webui.keyword.WebUiBuiltInKeywords.modifyObjectProperty(batch, "xpath", "equals", "//*[@id = "txtbthqty" + row + ""]", true): Modify property of object successfully

2018-05-16 18:39:54 - [MESSAGE][PASSED] - Modify property of object successfully

2018-05-16 18:39:54 - [TEST_STEP][PASSED] - Statement - batchqty = com.kms.katalon.core.webui.keyword.WebUiBuiltInKeywords.getAttribute(batch, "value").trim(): Attribute 'value' of object '' is: '33900'

2018-05-16 18:39:54 - [MESSAGE][PASSED] - Attribute 'value' of object '' is: '33900'

2018-05-16 18:39:54 - [TEST_STEP][PASSED] - Statement - Rqty = 10000: null

2018-05-16 18:39:54 - [TEST_STEP][PASSED] - delay: Delayed 2 second(s)

2018-05-16 18:39:56 - [MESSAGE][PASSED] - Delayed 2 second(s)

2018-05-16 18:39:56 - [TEST_STEP][PASSED] - Statement - out.println("BatchQty : " + batchqty): null

2018-05-16 18:39:56 - [TEST_STEP][PASSED] - Statement - out.println("RQty : " + Rqty): null

2018-05-16 18:39:56 - [TEST_STEP][PASSED] - Statement - If (java.lang.Integer.valueOf(batchqty) >= java.lang.Integer.valueOf(Rqty)): null

2018-05-16 18:39:56 - [TEST_STEP][PASSED] - Statement - Break: null

2018-05-16 18:39:56 - [TEST_STEP][PASSED] - Statement - batchlength = new com.kms.katalon.core.testobject.TestObject(): null

2018-05-16 18:39:56 - [TEST_STEP][PASSED] - Statement - batchlength = com.kms.katalon.core.webui.keyword.WebUiBuiltInKeywords.modifyObjectProperty(batchlength, "xpath", "equals", "//*[@id = "fldvendor" + row + ""]", true): Modify property of object successfully

2018-05-16 18:39:56 - [MESSAGE][PASSED] - Modify property of object successfully

2018-05-16 18:39:56 - [TEST_STEP][PASSED] - Statement - batchsize = com.kms.katalon.core.webui.keyword.WebUiBuiltInKeywords.getNumberOfTotalOption(batchlength): 11 options of object '' counted

2018-05-16 18:39:57 - [MESSAGE][PASSED] - 11 options of object '' counted

2018-05-16 18:39:57 - [TEST_STEP][PASSED] - Statement - out.println("BatchSize : " + batchsize): null

2018-05-16 18:39:57 - [TEST_STEP][PASSED] - Statement - For ([n = 1, n <= batchsize - 1, (n++)]): null

2018-05-16 18:39:57 - [TEST_STEP][PASSED] - Statement - product = new com.kms.katalon.core.testobject.TestObject(): null

2018-05-16 18:39:57 - [TEST_STEP][PASSED] - Statement - product = com.kms.katalon.core.webui.keyword.WebUiBuiltInKeywords.modifyObjectProperty(product, "xpath", "equals", "//*[@id = "fldvendor" + row + ""]", true): Modify property of object successfully

2018-05-16 18:39:57 - [MESSAGE][PASSED] - Modify property of object successfully

2018-05-16 18:39:57 - [TEST_STEP][PASSED] - selectOptionByIndex: All options with index in [1] are selected on object ''

2018-05-16 18:39:57 - [MESSAGE][PASSED] - All options with index in [1] are selected on object ''

2018-05-16 18:39:57 - [TEST_STEP][PASSED] - Statement - batch = new com.kms.katalon.core.testobject.TestObject(): null

2018-05-16 18:39:57 - [TEST_STEP][PASSED] - Statement - batch = com.kms.katalon.core.webui.keyword.WebUiBuiltInKeywords.modifyObjectProperty(batch, "xpath", "equals", "//*[@id = "txtbthqty" + row + ""]", true): Modify property of object successfully

2018-05-16 18:39:57 - [MESSAGE][PASSED] - Modify property of object successfully

2018-05-16 18:39:57 - [TEST_STEP][PASSED] - Statement - batchqty = com.kms.katalon.core.webui.keyword.WebUiBuiltInKeywords.getAttribute(batch, "value").trim(): Attribute 'value' of object '' is: '5000'

2018-05-16 18:39:57 - [MESSAGE][PASSED] - Attribute 'value' of object '' is: '5000'

2018-05-16 18:39:57 - [TEST_STEP][PASSED] - Statement - Rqty = 10000: null

2018-05-16 18:39:57 - [TEST_STEP][PASSED] - delay: Delayed 2 second(s)

2018-05-16 18:39:59 - [MESSAGE][PASSED] - Delayed 2 second(s)

2018-05-16 18:39:59 - [TEST_STEP][PASSED] - Statement - out.println("BatchQty : " + batchqty): null

2018-05-16 18:39:59 - [TEST_STEP][PASSED] - Statement - out.println("RQty : " + Rqty): null

2018-05-16 18:39:59 - [TEST_STEP][PASSED] - Statement - If (java.lang.Integer.valueOf(batchqty) >= java.lang.Integer.valueOf(Rqty)): null

2018-05-16 18:39:59 - [TEST_STEP][PASSED] - Statement - Else: null

2018-05-16 18:39:59 - [TEST_STEP][PASSED] - Statement - out.println("Batchqty Is Less Than Rqty"): null

2018-05-16 18:39:59 - [TEST_STEP][PASSED] - Statement - product = new com.kms.katalon.core.testobject.TestObject(): null

2018-05-16 18:39:59 - [TEST_STEP][PASSED] - Statement - product = com.kms.katalon.core.webui.keyword.WebUiBuiltInKeywords.modifyObjectProperty(product, "xpath", "equals", "//*[@id = "fldvendor" + row + ""]", true): Modify property of object successfully

2018-05-16 18:39:59 - [MESSAGE][PASSED] - Modify property of object successfully

2018-05-16 18:39:59 - [TEST_STEP][PASSED] - selectOptionByIndex: All options with index in [2] are selected on object ''

2018-05-16 18:39:59 - [MESSAGE][PASSED] - All options with index in [2] are selected on object ''

2018-05-16 18:39:59 - [TEST_STEP][PASSED] - Statement - batch = new com.kms.katalon.core.testobject.TestObject(): null

2018-05-16 18:39:59 - [TEST_STEP][PASSED] - Statement - batch = com.kms.katalon.core.webui.keyword.WebUiBuiltInKeywords.modifyObjectProperty(batch, "xpath", "equals", "//*[@id = "txtbthqty" + row + ""]", true): Modify property of object successfully

2018-05-16 18:39:59 - [MESSAGE][PASSED] - Modify property of object successfully

2018-05-16 18:39:59 - [TEST_STEP][PASSED] - Statement - batchqty = com.kms.katalon.core.webui.keyword.WebUiBuiltInKeywords.getAttribute(batch, "value").trim(): Attribute 'value' of object '' is: '32900'

2018-05-16 18:39:59 - [MESSAGE][PASSED] - Attribute 'value' of object '' is: '32900'

2018-05-16 18:39:59 - [TEST_STEP][PASSED] - Statement - Rqty = 10000: null

2018-05-16 18:39:59 - [TEST_STEP][PASSED] - delay: Delayed 2 second(s)

2018-05-16 18:40:01 - [MESSAGE][PASSED] - Delayed 2 second(s)

2018-05-16 18:40:01 - [TEST_STEP][PASSED] - Statement - out.println("BatchQty : " + batchqty): null

2018-05-16 18:40:01 - [TEST_STEP][PASSED] - Statement - out.println("RQty : " + Rqty): null

2018-05-16 18:40:01 - [TEST_STEP][PASSED] - Statement - If (java.lang.Integer.valueOf(batchqty) >= java.lang.Integer.valueOf(Rqty)): null

2018-05-16 18:40:01 - [TEST_STEP][PASSED] - Statement - Break: null

2018-05-16 18:40:01 - [TEST_STEP][PASSED] - Statement - batchlength = new com.kms.katalon.core.testobject.TestObject(): null

2018-05-16 18:40:01 - [TEST_STEP][PASSED] - Statement - batchlength = com.kms.katalon.core.webui.keyword.WebUiBuiltInKeywords.modifyObjectProperty(batchlength, "xpath", "equals", "//*[@id = "fldvendor" + row + ""]", true): Modify property of object successfully

2018-05-16 18:40:01 - [MESSAGE][PASSED] - Modify property of object successfully

2018-05-16 18:40:01 - [TEST_STEP][PASSED] - Statement - batchsize = com.kms.katalon.core.webui.keyword.WebUiBuiltInKeywords.getNumberOfTotalOption(batchlength): 11 options of object '' counted

2018-05-16 18:40:01 - [MESSAGE][PASSED] - 11 options of object '' counted

2018-05-16 18:40:01 - [TEST_STEP][PASSED] - Statement - out.println("BatchSize : " + batchsize): null

2018-05-16 18:40:01 - [TEST_STEP][PASSED] - Statement - For ([n = 1, n <= batchsize - 1, (n++)]): null

2018-05-16 18:40:01 - [TEST_STEP][PASSED] - Statement - product = new com.kms.katalon.core.testobject.TestObject(): null

2018-05-16 18:40:01 - [TEST_STEP][PASSED] - Statement - product = com.kms.katalon.core.webui.keyword.WebUiBuiltInKeywords.modifyObjectProperty(product, "xpath", "equals", "//*[@id = "fldvendor" + row + ""]", true): Modify property of object successfully

2018-05-16 18:40:01 - [MESSAGE][PASSED] - Modify property of object successfully

2018-05-16 18:40:01 - [TEST_STEP][PASSED] - selectOptionByIndex: All options with index in [1] are selected on object ''

2018-05-16 18:40:01 - [MESSAGE][PASSED] - All options with index in [1] are selected on object ''

2018-05-16 18:40:01 - [TEST_STEP][PASSED] - Statement - batch = new com.kms.katalon.core.testobject.TestObject(): null

2018-05-16 18:40:01 - [TEST_STEP][PASSED] - Statement - batch = com.kms.katalon.core.webui.keyword.WebUiBuiltInKeywords.modifyObjectProperty(batch, "xpath", "equals", "//*[@id = "txtbthqty" + row + ""]", true): Modify property of object successfully

2018-05-16 18:40:01 - [MESSAGE][PASSED] - Modify property of object successfully

2018-05-16 18:40:01 - [TEST_STEP][PASSED] - Statement - batchqty = com.kms.katalon.core.webui.keyword.WebUiBuiltInKeywords.getAttribute(batch, "value").trim(): Attribute 'value' of object '' is: '4000'

2018-05-16 18:40:01 - [MESSAGE][PASSED] - Attribute 'value' of object '' is: '4000'

2018-05-16 18:40:01 - [TEST_STEP][PASSED] - Statement - Rqty = 10000: null

2018-05-16 18:40:01 - [TEST_STEP][PASSED] - delay: Delayed 2 second(s)

2018-05-16 18:40:03 - [MESSAGE][PASSED] - Delayed 2 second(s)

2018-05-16 18:40:03 - [TEST_STEP][PASSED] - Statement - out.println("BatchQty : " + batchqty): null

2018-05-16 18:40:03 - [TEST_STEP][PASSED] - Statement - out.println("RQty : " + Rqty): null

2018-05-16 18:40:03 - [TEST_STEP][PASSED] - Statement - If (java.lang.Integer.valueOf(batchqty) >= java.lang.Integer.valueOf(Rqty)): null

2018-05-16 18:40:03 - [TEST_STEP][PASSED] - Statement - Else: null

2018-05-16 18:40:03 - [TEST_STEP][PASSED] - Statement - out.println("Batchqty Is Less Than Rqty"): null

2018-05-16 18:40:03 - [TEST_STEP][PASSED] - Statement - product = new com.kms.katalon.core.testobject.TestObject(): null

2018-05-16 18:40:03 - [TEST_STEP][PASSED] - Statement - product = com.kms.katalon.core.webui.keyword.WebUiBuiltInKeywords.modifyObjectProperty(product, "xpath", "equals", "//*[@id = "fldvendor" + row + ""]", true): Modify property of object successfully

2018-05-16 18:40:03 - [MESSAGE][PASSED] - Modify property of object successfully

2018-05-16 18:40:03 - [TEST_STEP][PASSED] - selectOptionByIndex: All options with index in [2] are selected on object ''

2018-05-16 18:40:03 - [MESSAGE][PASSED] - All options with index in [2] are selected on object ''

2018-05-16 18:40:03 - [TEST_STEP][PASSED] - Statement - batch = new com.kms.katalon.core.testobject.TestObject(): null

2018-05-16 18:40:03 - [TEST_STEP][PASSED] - Statement - batch = com.kms.katalon.core.webui.keyword.WebUiBuiltInKeywords.modifyObjectProperty(batch, "xpath", "equals", "//*[@id = "txtbthqty" + row + ""]", true): Modify property of object successfully

2018-05-16 18:40:03 - [MESSAGE][PASSED] - Modify property of object successfully

2018-05-16 18:40:03 - [TEST_STEP][PASSED] - Statement - batchqty = com.kms.katalon.core.webui.keyword.WebUiBuiltInKeywords.getAttribute(batch, "value").trim(): Attribute 'value' of object '' is: '33900'

2018-05-16 18:40:03 - [MESSAGE][PASSED] - Attribute 'value' of object '' is: '33900'

2018-05-16 18:40:03 - [TEST_STEP][PASSED] - Statement - Rqty = 10000: null

2018-05-16 18:40:03 - [TEST_STEP][PASSED] - delay: Delayed 2 second(s)

2018-05-16 18:40:05 - [MESSAGE][PASSED] - Delayed 2 second(s)

2018-05-16 18:40:05 - [TEST_STEP][PASSED] - Statement - out.println("BatchQty : " + batchqty): null

2018-05-16 18:40:05 - [TEST_STEP][PASSED] - Statement - out.println("RQty : " + Rqty): null

2018-05-16 18:40:05 - [TEST_STEP][PASSED] - Statement - If (java.lang.Integer.valueOf(batchqty) >= java.lang.Integer.valueOf(Rqty)): null

2018-05-16 18:40:05 - [TEST_STEP][PASSED] - Statement - Break: null

2018-05-16 18:40:05 - [TEST_STEP][PASSED] - Statement - batchlength = new com.kms.katalon.core.testobject.TestObject(): null

2018-05-16 18:40:05 - [TEST_STEP][PASSED] - Statement - batchlength = com.kms.katalon.core.webui.keyword.WebUiBuiltInKeywords.modifyObjectProperty(batchlength, "xpath", "equals", "//*[@id = "fldvendor" + row + ""]", true): Modify property of object successfully

2018-05-16 18:40:05 - [MESSAGE][PASSED] - Modify property of object successfully

2018-05-16 18:40:05 - [TEST_STEP][PASSED] - Statement - batchsize = com.kms.katalon.core.webui.keyword.WebUiBuiltInKeywords.getNumberOfTotalOption(batchlength): 11 options of object '' counted

2018-05-16 18:40:05 - [MESSAGE][PASSED] - 11 options of object '' counted

2018-05-16 18:40:05 - [TEST_STEP][PASSED] - Statement - out.println("BatchSize : " + batchsize): null

2018-05-16 18:40:05 - [TEST_STEP][PASSED] - Statement - For ([n = 1, n <= batchsize - 1, (n++)]): null

2018-05-16 18:40:05 - [TEST_STEP][PASSED] - Statement - product = new com.kms.katalon.core.testobject.TestObject(): null

2018-05-16 18:40:05 - [TEST_STEP][PASSED] - Statement - product = com.kms.katalon.core.webui.keyword.WebUiBuiltInKeywords.modifyObjectProperty(product, "xpath", "equals", "//*[@id = "fldvendor" + row + ""]", true): Modify property of object successfully

2018-05-16 18:40:05 - [MESSAGE][PASSED] - Modify property of object successfully

2018-05-16 18:40:05 - [TEST_STEP][PASSED] - selectOptionByIndex: All options with index in [1] are selected on object ''

2018-05-16 18:40:06 - [MESSAGE][PASSED] - All options with index in [1] are selected on object ''

2018-05-16 18:40:06 - [TEST_STEP][PASSED] - Statement - batch = new com.kms.katalon.core.testobject.TestObject(): null

2018-05-16 18:40:06 - [TEST_STEP][PASSED] - Statement - batch = com.kms.katalon.core.webui.keyword.WebUiBuiltInKeywords.modifyObjectProperty(batch, "xpath", "equals", "//*[@id = "txtbthqty" + row + ""]", true): Modify property of object successfully

2018-05-16 18:40:06 - [MESSAGE][PASSED] - Modify property of object successfully

2018-05-16 18:40:06 - [TEST_STEP][PASSED] - Statement - batchqty = com.kms.katalon.core.webui.keyword.WebUiBuiltInKeywords.getAttribute(batch, "value").trim(): Attribute 'value' of object '' is: '5000'

2018-05-16 18:40:06 - [MESSAGE][PASSED] - Attribute 'value' of object '' is: '5000'

2018-05-16 18:40:06 - [TEST_STEP][PASSED] - Statement - Rqty = 10000: null

2018-05-16 18:40:06 - [TEST_STEP][PASSED] - delay: Delayed 2 second(s)

2018-05-16 18:40:08 - [MESSAGE][PASSED] - Delayed 2 second(s)

2018-05-16 18:40:08 - [TEST_STEP][PASSED] - Statement - out.println("BatchQty : " + batchqty): null

2018-05-16 18:40:08 - [TEST_STEP][PASSED] - Statement - out.println("RQty : " + Rqty): null

2018-05-16 18:40:08 - [TEST_STEP][PASSED] - Statement - If (java.lang.Integer.valueOf(batchqty) >= java.lang.Integer.valueOf(Rqty)): null

2018-05-16 18:40:08 - [TEST_STEP][PASSED] - Statement - Else: null

2018-05-16 18:40:08 - [TEST_STEP][PASSED] - Statement - out.println("Batchqty Is Less Than Rqty"): null

2018-05-16 18:40:08 - [TEST_STEP][PASSED] - Statement - product = new com.kms.katalon.core.testobject.TestObject(): null

2018-05-16 18:40:08 - [TEST_STEP][PASSED] - Statement - product = com.kms.katalon.core.webui.keyword.WebUiBuiltInKeywords.modifyObjectProperty(product, "xpath", "equals", "//*[@id = "fldvendor" + row + ""]", true): Modify property of object successfully

2018-05-16 18:40:08 - [MESSAGE][PASSED] - Modify property of object successfully

2018-05-16 18:40:08 - [TEST_STEP][PASSED] - selectOptionByIndex: All options with index in [2] are selected on object ''

2018-05-16 18:40:08 - [MESSAGE][PASSED] - All options with index in [2] are selected on object ''

2018-05-16 18:40:08 - [TEST_STEP][PASSED] - Statement - batch = new com.kms.katalon.core.testobject.TestObject(): null

2018-05-16 18:40:08 - [TEST_STEP][PASSED] - Statement - batch = com.kms.katalon.core.webui.keyword.WebUiBuiltInKeywords.modifyObjectProperty(batch, "xpath", "equals", "//*[@id = "txtbthqty" + row + ""]", true): Modify property of object successfully

2018-05-16 18:40:08 - [MESSAGE][PASSED] - Modify property of object successfully

2018-05-16 18:40:08 - [TEST_STEP][PASSED] - Statement - batchqty = com.kms.katalon.core.webui.keyword.WebUiBuiltInKeywords.getAttribute(batch, "value").trim(): Attribute 'value' of object '' is: '4000'

2018-05-16 18:40:08 - [MESSAGE][PASSED] - Attribute 'value' of object '' is: '4000'

2018-05-16 18:40:08 - [TEST_STEP][PASSED] - Statement - Rqty = 10000: null

2018-05-16 18:40:08 - [TEST_STEP][PASSED] - delay: Delayed 2 second(s)

2018-05-16 18:40:10 - [MESSAGE][PASSED] - Delayed 2 second(s)

2018-05-16 18:40:10 - [TEST_STEP][PASSED] - Statement - out.println("BatchQty : " + batchqty): null

2018-05-16 18:40:10 - [TEST_STEP][PASSED] - Statement - out.println("RQty : " + Rqty): null

2018-05-16 18:40:10 - [TEST_STEP][PASSED] - Statement - If (java.lang.Integer.valueOf(batchqty) >= java.lang.Integer.valueOf(Rqty)): null

2018-05-16 18:40:10 - [TEST_STEP][PASSED] - Statement - Else: null

2018-05-16 18:40:10 - [TEST_STEP][PASSED] - Statement - out.println("Batchqty Is Less Than Rqty"): null

2018-05-16 18:40:10 - [TEST_STEP][PASSED] - Statement - product = new com.kms.katalon.core.testobject.TestObject(): null

2018-05-16 18:40:10 - [TEST_STEP][PASSED] - Statement - product = com.kms.katalon.core.webui.keyword.WebUiBuiltInKeywords.modifyObjectProperty(product, "xpath", "equals", "//*[@id = "fldvendor" + row + ""]", true): Modify property of object successfully

2018-05-16 18:40:10 - [MESSAGE][PASSED] - Modify property of object successfully

2018-05-16 18:40:10 - [TEST_STEP][PASSED] - selectOptionByIndex: All options with index in [3] are selected on object ''

2018-05-16 18:40:10 - [MESSAGE][PASSED] - All options with index in [3] are selected on object ''

2018-05-16 18:40:10 - [TEST_STEP][PASSED] - Statement - batch = new com.kms.katalon.core.testobject.TestObject(): null

2018-05-16 18:40:10 - [TEST_STEP][PASSED] - Statement - batch = com.kms.katalon.core.webui.keyword.WebUiBuiltInKeywords.modifyObjectProperty(batch, "xpath", "equals", "//*[@id = "txtbthqty" + row + ""]", true): Modify property of object successfully

2018-05-16 18:40:10 - [MESSAGE][PASSED] - Modify property of object successfully

2018-05-16 18:40:10 - [TEST_STEP][PASSED] - Statement - batchqty = com.kms.katalon.core.webui.keyword.WebUiBuiltInKeywords.getAttribute(batch, "value").trim(): Attribute 'value' of object '' is: '5000'

2018-05-16 18:40:10 - [MESSAGE][PASSED] - Attribute 'value' of object '' is: '5000'

2018-05-16 18:40:10 - [TEST_STEP][PASSED] - Statement - Rqty = 10000: null

2018-05-16 18:40:10 - [TEST_STEP][PASSED] - delay: Delayed 2 second(s)

2018-05-16 18:40:12 - [MESSAGE][PASSED] - Delayed 2 second(s)

2018-05-16 18:40:12 - [TEST_STEP][PASSED] - Statement - out.println("BatchQty : " + batchqty): null

2018-05-16 18:40:12 - [TEST_STEP][PASSED] - Statement - out.println("RQty : " + Rqty): null

2018-05-16 18:40:12 - [TEST_STEP][PASSED] - Statement - If (java.lang.Integer.valueOf(batchqty) >= java.lang.Integer.valueOf(Rqty)): null

2018-05-16 18:40:12 - [TEST_STEP][PASSED] - Statement - Else: null

2018-05-16 18:40:12 - [TEST_STEP][PASSED] - Statement - out.println("Batchqty Is Less Than Rqty"): null

2018-05-16 18:40:12 - [TEST_STEP][PASSED] - Statement - product = new com.kms.katalon.core.testobject.TestObject(): null

2018-05-16 18:40:12 - [TEST_STEP][PASSED] - Statement - product = com.kms.katalon.core.webui.keyword.WebUiBuiltInKeywords.modifyObjectProperty(product, "xpath", "equals", "//*[@id = "fldvendor" + row + ""]", true): Modify property of object successfully

2018-05-16 18:40:12 - [MESSAGE][PASSED] - Modify property of object successfully

2018-05-16 18:40:12 - [TEST_STEP][PASSED] - selectOptionByIndex: All options with index in [4] are selected on object ''

2018-05-16 18:40:12 - [MESSAGE][PASSED] - All options with index in [4] are selected on object ''

2018-05-16 18:40:12 - [TEST_STEP][PASSED] - Statement - batch = new com.kms.katalon.core.testobject.TestObject(): null

2018-05-16 18:40:12 - [TEST_STEP][PASSED] - Statement - batch = com.kms.katalon.core.webui.keyword.WebUiBuiltInKeywords.modifyObjectProperty(batch, "xpath", "equals", "//*[@id = "txtbthqty" + row + ""]", true): Modify property of object successfully

2018-05-16 18:40:12 - [MESSAGE][PASSED] - Modify property of object successfully

2018-05-16 18:40:12 - [TEST_STEP][PASSED] - Statement - batchqty = com.kms.katalon.core.webui.keyword.WebUiBuiltInKeywords.getAttribute(batch, "value").trim(): Attribute 'value' of object '' is: '39000'

2018-05-16 18:40:12 - [MESSAGE][PASSED] - Attribute 'value' of object '' is: '39000'

2018-05-16 18:40:12 - [TEST_STEP][PASSED] - Statement - Rqty = 10000: null

2018-05-16 18:40:12 - [TEST_STEP][PASSED] - delay: Delayed 2 second(s)

2018-05-16 18:40:14 - [MESSAGE][PASSED] - Delayed 2 second(s)

2018-05-16 18:40:14 - [TEST_STEP][PASSED] - Statement - out.println("BatchQty : " + batchqty): null

2018-05-16 18:40:14 - [TEST_STEP][PASSED] - Statement - out.println("RQty : " + Rqty): null

2018-05-16 18:40:14 - [TEST_STEP][PASSED] - Statement - If (java.lang.Integer.valueOf(batchqty) >= java.lang.Integer.valueOf(Rqty)): null

2018-05-16 18:40:14 - [TEST_STEP][PASSED] - Statement - Break: null

2018-05-16 18:40:14 - [TEST_STEP][PASSED] - Statement - batchlength = new com.kms.katalon.core.testobject.TestObject(): null

2018-05-16 18:40:14 - [TEST_STEP][PASSED] - Statement - batchlength = com.kms.katalon.core.webui.keyword.WebUiBuiltInKeywords.modifyObjectProperty(batchlength, "xpath", "equals", "//*[@id = "fldvendor" + row + ""]", true): Modify property of object successfully

2018-05-16 18:40:14 - [MESSAGE][PASSED] - Modify property of object successfully

2018-05-16 18:40:14 - [TEST_STEP][PASSED] - Statement - batchsize = com.kms.katalon.core.webui.keyword.WebUiBuiltInKeywords.getNumberOfTotalOption(batchlength): 11 options of object '' counted

2018-05-16 18:40:14 - [MESSAGE][PASSED] - 11 options of object '' counted

2018-05-16 18:40:14 - [TEST_STEP][PASSED] - Statement - out.println("BatchSize : " + batchsize): null

2018-05-16 18:40:14 - [TEST_STEP][PASSED] - Statement - For ([n = 1, n <= batchsize - 1, (n++)]): null

2018-05-16 18:40:14 - [TEST_STEP][PASSED] - Statement - product = new com.kms.katalon.core.testobject.TestObject(): null

2018-05-16 18:40:14 - [TEST_STEP][PASSED] - Statement - product = com.kms.katalon.core.webui.keyword.WebUiBuiltInKeywords.modifyObjectProperty(product, "xpath", "equals", "//*[@id = "fldvendor" + row + ""]", true): Modify property of object successfully

2018-05-16 18:40:14 - [MESSAGE][PASSED] - Modify property of object successfully

2018-05-16 18:40:14 - [TEST_STEP][PASSED] - selectOptionByIndex: All options with index in [1] are selected on object ''

2018-05-16 18:40:15 - [MESSAGE][PASSED] - All options with index in [1] are selected on object ''

2018-05-16 18:40:15 - [TEST_STEP][PASSED] - Statement - batch = new com.kms.katalon.core.testobject.TestObject(): null

2018-05-16 18:40:15 - [TEST_STEP][PASSED] - Statement - batch = com.kms.katalon.core.webui.keyword.WebUiBuiltInKeywords.modifyObjectProperty(batch, "xpath", "equals", "//*[@id = "txtbthqty" + row + ""]", true): Modify property of object successfully

2018-05-16 18:40:15 - [MESSAGE][PASSED] - Modify property of object successfully

2018-05-16 18:40:15 - [TEST_STEP][PASSED] - Statement - batchqty = com.kms.katalon.core.webui.keyword.WebUiBuiltInKeywords.getAttribute(batch, "value").trim(): Attribute 'value' of object '' is: '4000'

2018-05-16 18:40:15 - [MESSAGE][PASSED] - Attribute 'value' of object '' is: '4000'

2018-05-16 18:40:15 - [TEST_STEP][PASSED] - Statement - Rqty = 10000: null

2018-05-16 18:40:15 - [TEST_STEP][PASSED] - delay: Delayed 2 second(s)

2018-05-16 18:40:17 - [MESSAGE][PASSED] - Delayed 2 second(s)

2018-05-16 18:40:17 - [TEST_STEP][PASSED] - Statement - out.println("BatchQty : " + batchqty): null

2018-05-16 18:40:17 - [TEST_STEP][PASSED] - Statement - out.println("RQty : " + Rqty): null

2018-05-16 18:40:17 - [TEST_STEP][PASSED] - Statement - If (java.lang.Integer.valueOf(batchqty) >= java.lang.Integer.valueOf(Rqty)): null

2018-05-16 18:40:17 - [TEST_STEP][PASSED] - Statement - Else: null

2018-05-16 18:40:17 - [TEST_STEP][PASSED] - Statement - out.println("Batchqty Is Less Than Rqty"): null

2018-05-16 18:40:17 - [TEST_STEP][PASSED] - Statement - product = new com.kms.katalon.core.testobject.TestObject(): null

2018-05-16 18:40:17 - [TEST_STEP][PASSED] - Statement - product = com.kms.katalon.core.webui.keyword.WebUiBuiltInKeywords.modifyObjectProperty(product, "xpath", "equals", "//*[@id = "fldvendor" + row + ""]", true): Modify property of object successfully

2018-05-16 18:40:17 - [MESSAGE][PASSED] - Modify property of object successfully

2018-05-16 18:40:17 - [TEST_STEP][PASSED] - selectOptionByIndex: All options with index in [2] are selected on object ''

2018-05-16 18:40:17 - [MESSAGE][PASSED] - All options with index in [2] are selected on object ''

2018-05-16 18:40:17 - [TEST_STEP][PASSED] - Statement - batch = new com.kms.katalon.core.testobject.TestObject(): null

2018-05-16 18:40:17 - [TEST_STEP][PASSED] - Statement - batch = com.kms.katalon.core.webui.keyword.WebUiBuiltInKeywords.modifyObjectProperty(batch, "xpath", "equals", "//*[@id = "txtbthqty" + row + ""]", true): Modify property of object successfully

2018-05-16 18:40:17 - [MESSAGE][PASSED] - Modify property of object successfully

2018-05-16 18:40:17 - [TEST_STEP][PASSED] - Statement - batchqty = com.kms.katalon.core.webui.keyword.WebUiBuiltInKeywords.getAttribute(batch, "value").trim(): Attribute 'value' of object '' is: '5000'

2018-05-16 18:40:17 - [MESSAGE][PASSED] - Attribute 'value' of object '' is: '5000'

2018-05-16 18:40:17 - [TEST_STEP][PASSED] - Statement - Rqty = 10000: null

2018-05-16 18:40:17 - [TEST_STEP][PASSED] - delay: Delayed 2 second(s)

2018-05-16 18:40:19 - [MESSAGE][PASSED] - Delayed 2 second(s)

2018-05-16 18:40:19 - [TEST_STEP][PASSED] - Statement - out.println("BatchQty : " + batchqty): null

2018-05-16 18:40:19 - [TEST_STEP][PASSED] - Statement - out.println("RQty : " + Rqty): null

2018-05-16 18:40:19 - [TEST_STEP][PASSED] - Statement - If (java.lang.Integer.valueOf(batchqty) >= java.lang.Integer.valueOf(Rqty)): null

2018-05-16 18:40:19 - [TEST_STEP][PASSED] - Statement - Else: null

2018-05-16 18:40:19 - [TEST_STEP][PASSED] - Statement - out.println("Batchqty Is Less Than Rqty"): null

2018-05-16 18:40:19 - [TEST_STEP][PASSED] - Statement - product = new com.kms.katalon.core.testobject.TestObject(): null

2018-05-16 18:40:19 - [TEST_STEP][PASSED] - Statement - product = com.kms.katalon.core.webui.keyword.WebUiBuiltInKeywords.modifyObjectProperty(product, "xpath", "equals", "//*[@id = "fldvendor" + row + ""]", true): Modify property of object successfully

2018-05-16 18:40:19 - [MESSAGE][PASSED] - Modify property of object successfully

2018-05-16 18:40:19 - [TEST_STEP][PASSED] - selectOptionByIndex: All options with index in [3] are selected on object ''

2018-05-16 18:40:19 - [MESSAGE][PASSED] - All options with index in [3] are selected on object ''

2018-05-16 18:40:19 - [TEST_STEP][PASSED] - Statement - batch = new com.kms.katalon.core.testobject.TestObject(): null

2018-05-16 18:40:19 - [TEST_STEP][PASSED] - Statement - batch = com.kms.katalon.core.webui.keyword.WebUiBuiltInKeywords.modifyObjectProperty(batch, "xpath", "equals", "//*[@id = "txtbthqty" + row + ""]", true): Modify property of object successfully

2018-05-16 18:40:19 - [MESSAGE][PASSED] - Modify property of object successfully

2018-05-16 18:40:19 - [TEST_STEP][PASSED] - Statement - batchqty = com.kms.katalon.core.webui.keyword.WebUiBuiltInKeywords.getAttribute(batch, "value").trim(): Attribute 'value' of object '' is: '5000'

2018-05-16 18:40:19 - [MESSAGE][PASSED] - Attribute 'value' of object '' is: '5000'

2018-05-16 18:40:19 - [TEST_STEP][PASSED] - Statement - Rqty = 10000: null

2018-05-16 18:40:19 - [TEST_STEP][PASSED] - delay: Delayed 2 second(s)

2018-05-16 18:40:21 - [MESSAGE][PASSED] - Delayed 2 second(s)

2018-05-16 18:40:21 - [TEST_STEP][PASSED] - Statement - out.println("BatchQty : " + batchqty): null

2018-05-16 18:40:21 - [TEST_STEP][PASSED] - Statement - out.println("RQty : " + Rqty): null

2018-05-16 18:40:21 - [TEST_STEP][PASSED] - Statement - If (java.lang.Integer.valueOf(batchqty) >= java.lang.Integer.valueOf(Rqty)): null

2018-05-16 18:40:21 - [TEST_STEP][PASSED] - Statement - Else: null

2018-05-16 18:40:21 - [TEST_STEP][PASSED] - Statement - out.println("Batchqty Is Less Than Rqty"): null

2018-05-16 18:40:21 - [TEST_STEP][PASSED] - Statement - product = new com.kms.katalon.core.testobject.TestObject(): null

2018-05-16 18:40:21 - [TEST_STEP][PASSED] - Statement - product = com.kms.katalon.core.webui.keyword.WebUiBuiltInKeywords.modifyObjectProperty(product, "xpath", "equals", "//*[@id = "fldvendor" + row + ""]", true): Modify property of object successfully

2018-05-16 18:40:21 - [MESSAGE][PASSED] - Modify property of object successfully

2018-05-16 18:40:21 - [TEST_STEP][PASSED] - selectOptionByIndex: All options with index in [4] are selected on object ''

2018-05-16 18:40:21 - [MESSAGE][PASSED] - All options with index in [4] are selected on object ''

2018-05-16 18:40:21 - [TEST_STEP][PASSED] - Statement - batch = new com.kms.katalon.core.testobject.TestObject(): null

2018-05-16 18:40:21 - [TEST_STEP][PASSED] - Statement - batch = com.kms.katalon.core.webui.keyword.WebUiBuiltInKeywords.modifyObjectProperty(batch, "xpath", "equals", "//*[@id = "txtbthqty" + row + ""]", true): Modify property of object successfully

2018-05-16 18:40:21 - [MESSAGE][PASSED] - Modify property of object successfully

2018-05-16 18:40:21 - [TEST_STEP][PASSED] - Statement - batchqty = com.kms.katalon.core.webui.keyword.WebUiBuiltInKeywords.getAttribute(batch, "value").trim(): Attribute 'value' of object '' is: '5000'

2018-05-16 18:40:21 - [MESSAGE][PASSED] - Attribute 'value' of object '' is: '5000'

2018-05-16 18:40:21 - [TEST_STEP][PASSED] - Statement - Rqty = 10000: null

2018-05-16 18:40:21 - [TEST_STEP][PASSED] - delay: Delayed 2 second(s)

2018-05-16 18:40:23 - [MESSAGE][PASSED] - Delayed 2 second(s)

2018-05-16 18:40:23 - [TEST_STEP][PASSED] - Statement - out.println("BatchQty : " + batchqty): null

2018-05-16 18:40:23 - [TEST_STEP][PASSED] - Statement - out.println("RQty : " + Rqty): null

2018-05-16 18:40:23 - [TEST_STEP][PASSED] - Statement - If (java.lang.Integer.valueOf(batchqty) >= java.lang.Integer.valueOf(Rqty)): null

2018-05-16 18:40:23 - [TEST_STEP][PASSED] - Statement - Else: null

2018-05-16 18:40:23 - [TEST_STEP][PASSED] - Statement - out.println("Batchqty Is Less Than Rqty"): null

2018-05-16 18:40:23 - [TEST_STEP][PASSED] - Statement - product = new com.kms.katalon.core.testobject.TestObject(): null

2018-05-16 18:40:23 - [TEST_STEP][PASSED] - Statement - product = com.kms.katalon.core.webui.keyword.WebUiBuiltInKeywords.modifyObjectProperty(product, "xpath", "equals", "//*[@id = "fldvendor" + row + ""]", true): Modify property of object successfully

2018-05-16 18:40:23 - [MESSAGE][PASSED] - Modify property of object successfully

2018-05-16 18:40:23 - [TEST_STEP][PASSED] - selectOptionByIndex: All options with index in [5] are selected on object ''

2018-05-16 18:40:24 - [MESSAGE][PASSED] - All options with index in [5] are selected on object ''

2018-05-16 18:40:24 - [TEST_STEP][PASSED] - Statement - batch = new com.kms.katalon.core.testobject.TestObject(): null

2018-05-16 18:40:24 - [TEST_STEP][PASSED] - Statement - batch = com.kms.katalon.core.webui.keyword.WebUiBuiltInKeywords.modifyObjectProperty(batch, "xpath", "equals", "//*[@id = "txtbthqty" + row + ""]", true): Modify property of object successfully

2018-05-16 18:40:24 - [MESSAGE][PASSED] - Modify property of object successfully

2018-05-16 18:40:24 - [TEST_STEP][PASSED] - Statement - batchqty = com.kms.katalon.core.webui.keyword.WebUiBuiltInKeywords.getAttribute(batch, "value").trim(): Attribute 'value' of object '' is: '33900'

2018-05-16 18:40:24 - [MESSAGE][PASSED] - Attribute 'value' of object '' is: '33900'

2018-05-16 18:40:24 - [TEST_STEP][PASSED] - Statement - Rqty = 10000: null

2018-05-16 18:40:24 - [TEST_STEP][PASSED] - delay: Delayed 2 second(s)

2018-05-16 18:40:26 - [MESSAGE][PASSED] - Delayed 2 second(s)

2018-05-16 18:40:26 - [TEST_STEP][PASSED] - Statement - out.println("BatchQty : " + batchqty): null

2018-05-16 18:40:26 - [TEST_STEP][PASSED] - Statement - out.println("RQty : " + Rqty): null

2018-05-16 18:40:26 - [TEST_STEP][PASSED] - Statement - If (java.lang.Integer.valueOf(batchqty) >= java.lang.Integer.valueOf(Rqty)): null

2018-05-16 18:40:26 - [TEST_STEP][PASSED] - Statement - Break: null

2018-05-16 18:40:26 - [TEST_STEP][PASSED] - Statement - batchlength = new com.kms.katalon.core.testobject.TestObject(): null

2018-05-16 18:40:26 - [TEST_STEP][PASSED] - Statement - batchlength = com.kms.katalon.core.webui.keyword.WebUiBuiltInKeywords.modifyObjectProperty(batchlength, "xpath", "equals", "//*[@id = "fldvendor" + row + ""]", true): Modify property of object successfully

2018-05-16 18:40:26 - [MESSAGE][PASSED] - Modify property of object successfully

2018-05-16 18:40:26 - [TEST_STEP][PASSED] - Statement - batchsize = com.kms.katalon.core.webui.keyword.WebUiBuiltInKeywords.getNumberOfTotalOption(batchlength): 11 options of object '' counted

2018-05-16 18:40:26 - [MESSAGE][PASSED] - 11 options of object '' counted

2018-05-16 18:40:26 - [TEST_STEP][PASSED] - Statement - out.println("BatchSize : " + batchsize): null

2018-05-16 18:40:26 - [TEST_STEP][PASSED] - Statement - For ([n = 1, n <= batchsize - 1, (n++)]): null

2018-05-16 18:40:26 - [TEST_STEP][PASSED] - Statement - product = new com.kms.katalon.core.testobject.TestObject(): null

2018-05-16 18:40:26 - [TEST_STEP][PASSED] - Statement - product = com.kms.katalon.core.webui.keyword.WebUiBuiltInKeywords.modifyObjectProperty(product, "xpath", "equals", "//*[@id = "fldvendor" + row + ""]", true): Modify property of object successfully

2018-05-16 18:40:26 - [MESSAGE][PASSED] - Modify property of object successfully

2018-05-16 18:40:26 - [TEST_STEP][PASSED] - selectOptionByIndex: All options with index in [1] are selected on object ''

2018-05-16 18:40:26 - [MESSAGE][PASSED] - All options with index in [1] are selected on object ''

2018-05-16 18:40:26 - [TEST_STEP][PASSED] - Statement - batch = new com.kms.katalon.core.testobject.TestObject(): null

2018-05-16 18:40:26 - [TEST_STEP][PASSED] - Statement - batch = com.kms.katalon.core.webui.keyword.WebUiBuiltInKeywords.modifyObjectProperty(batch, "xpath", "equals", "//*[@id = "txtbthqty" + row + ""]", true): Modify property of object successfully

2018-05-16 18:40:26 - [MESSAGE][PASSED] - Modify property of object successfully

2018-05-16 18:40:26 - [TEST_STEP][PASSED] - Statement - batchqty = com.kms.katalon.core.webui.keyword.WebUiBuiltInKeywords.getAttribute(batch, "value").trim(): Attribute 'value' of object '' is: '5000'

2018-05-16 18:40:26 - [MESSAGE][PASSED] - Attribute 'value' of object '' is: '5000'

2018-05-16 18:40:26 - [TEST_STEP][PASSED] - Statement - Rqty = 10000: null

2018-05-16 18:40:26 - [TEST_STEP][PASSED] - delay: Delayed 2 second(s)

2018-05-16 18:40:28 - [MESSAGE][PASSED] - Delayed 2 second(s)

2018-05-16 18:40:28 - [TEST_STEP][PASSED] - Statement - out.println("BatchQty : " + batchqty): null

2018-05-16 18:40:28 - [TEST_STEP][PASSED] - Statement - out.println("RQty : " + Rqty): null

2018-05-16 18:40:28 - [TEST_STEP][PASSED] - Statement - If (java.lang.Integer.valueOf(batchqty) >= java.lang.Integer.valueOf(Rqty)): null

2018-05-16 18:40:28 - [TEST_STEP][PASSED] - Statement - Else: null

2018-05-16 18:40:28 - [TEST_STEP][PASSED] - Statement - out.println("Batchqty Is Less Than Rqty"): null

2018-05-16 18:40:28 - [TEST_STEP][PASSED] - Statement - product = new com.kms.katalon.core.testobject.TestObject(): null

2018-05-16 18:40:28 - [TEST_STEP][PASSED] - Statement - product = com.kms.katalon.core.webui.keyword.WebUiBuiltInKeywords.modifyObjectProperty(product, "xpath", "equals", "//*[@id = "fldvendor" + row + ""]", true): Modify property of object successfully

2018-05-16 18:40:28 - [MESSAGE][PASSED] - Modify property of object successfully

2018-05-16 18:40:28 - [TEST_STEP][PASSED] - selectOptionByIndex: All options with index in [2] are selected on object ''

2018-05-16 18:40:28 - [MESSAGE][PASSED] - All options with index in [2] are selected on object ''

2018-05-16 18:40:28 - [TEST_STEP][PASSED] - Statement - batch = new com.kms.katalon.core.testobject.TestObject(): null

2018-05-16 18:40:28 - [TEST_STEP][PASSED] - Statement - batch = com.kms.katalon.core.webui.keyword.WebUiBuiltInKeywords.modifyObjectProperty(batch, "xpath", "equals", "//*[@id = "txtbthqty" + row + ""]", true): Modify property of object successfully

2018-05-16 18:40:28 - [MESSAGE][PASSED] - Modify property of object successfully

2018-05-16 18:40:28 - [TEST_STEP][PASSED] - Statement - batchqty = com.kms.katalon.core.webui.keyword.WebUiBuiltInKeywords.getAttribute(batch, "value").trim(): Attribute 'value' of object '' is: '5000'

2018-05-16 18:40:28 - [MESSAGE][PASSED] - Attribute 'value' of object '' is: '5000'

2018-05-16 18:40:28 - [TEST_STEP][PASSED] - Statement - Rqty = 10000: null

2018-05-16 18:40:28 - [TEST_STEP][PASSED] - delay: Delayed 2 second(s)

2018-05-16 18:40:30 - [MESSAGE][PASSED] - Delayed 2 second(s)

2018-05-16 18:40:30 - [TEST_STEP][PASSED] - Statement - out.println("BatchQty : " + batchqty): null

2018-05-16 18:40:30 - [TEST_STEP][PASSED] - Statement - out.println("RQty : " + Rqty): null

2018-05-16 18:40:30 - [TEST_STEP][PASSED] - Statement - If (java.lang.Integer.valueOf(batchqty) >= java.lang.Integer.valueOf(Rqty)): null

2018-05-16 18:40:30 - [TEST_STEP][PASSED] - Statement - Else: null

2018-05-16 18:40:30 - [TEST_STEP][PASSED] - Statement - out.println("Batchqty Is Less Than Rqty"): null

2018-05-16 18:40:30 - [TEST_STEP][PASSED] - Statement - product = new com.kms.katalon.core.testobject.TestObject(): null

2018-05-16 18:40:30 - [TEST_STEP][PASSED] - Statement - product = com.kms.katalon.core.webui.keyword.WebUiBuiltInKeywords.modifyObjectProperty(product, "xpath", "equals", "//*[@id = "fldvendor" + row + ""]", true): Modify property of object successfully

2018-05-16 18:40:30 - [MESSAGE][PASSED] - Modify property of object successfully

2018-05-16 18:40:30 - [TEST_STEP][PASSED] - selectOptionByIndex: All options with index in [3] are selected on object ''

2018-05-16 18:40:30 - [MESSAGE][PASSED] - All options with index in [3] are selected on object ''

2018-05-16 18:40:30 - [TEST_STEP][PASSED] - Statement - batch = new com.kms.katalon.core.testobject.TestObject(): null

2018-05-16 18:40:30 - [TEST_STEP][PASSED] - Statement - batch = com.kms.katalon.core.webui.keyword.WebUiBuiltInKeywords.modifyObjectProperty(batch, "xpath", "equals", "//*[@id = "txtbthqty" + row + ""]", true): Modify property of object successfully

2018-05-16 18:40:30 - [MESSAGE][PASSED] - Modify property of object successfully

2018-05-16 18:40:30 - [TEST_STEP][PASSED] - Statement - batchqty = com.kms.katalon.core.webui.keyword.WebUiBuiltInKeywords.getAttribute(batch, "value").trim(): Attribute 'value' of object '' is: '500'

2018-05-16 18:40:30 - [MESSAGE][PASSED] - Attribute 'value' of object '' is: '500'

2018-05-16 18:40:30 - [TEST_STEP][PASSED] - Statement - Rqty = 10000: null

2018-05-16 18:40:30 - [TEST_STEP][PASSED] - delay: Delayed 2 second(s)

2018-05-16 18:40:32 - [MESSAGE][PASSED] - Delayed 2 second(s)

2018-05-16 18:40:32 - [TEST_STEP][PASSED] - Statement - out.println("BatchQty : " + batchqty): null

2018-05-16 18:40:32 - [TEST_STEP][PASSED] - Statement - out.println("RQty : " + Rqty): null

2018-05-16 18:40:32 - [TEST_STEP][PASSED] - Statement - If (java.lang.Integer.valueOf(batchqty) >= java.lang.Integer.valueOf(Rqty)): null

2018-05-16 18:40:32 - [TEST_STEP][PASSED] - Statement - Else: null

2018-05-16 18:40:32 - [TEST_STEP][PASSED] - Statement - out.println("Batchqty Is Less Than Rqty"): null

2018-05-16 18:40:32 - [TEST_STEP][PASSED] - Statement - product = new com.kms.katalon.core.testobject.TestObject(): null

2018-05-16 18:40:32 - [TEST_STEP][PASSED] - Statement - product = com.kms.katalon.core.webui.keyword.WebUiBuiltInKeywords.modifyObjectProperty(product, "xpath", "equals", "//*[@id = "fldvendor" + row + ""]", true): Modify property of object successfully

2018-05-16 18:40:32 - [MESSAGE][PASSED] - Modify property of object successfully

2018-05-16 18:40:32 - [TEST_STEP][PASSED] - selectOptionByIndex: All options with index in [4] are selected on object ''

2018-05-16 18:40:32 - [MESSAGE][PASSED] - All options with index in [4] are selected on object ''

2018-05-16 18:40:32 - [TEST_STEP][PASSED] - Statement - batch = new com.kms.katalon.core.testobject.TestObject(): null

2018-05-16 18:40:32 - [TEST_STEP][PASSED] - Statement - batch = com.kms.katalon.core.webui.keyword.WebUiBuiltInKeywords.modifyObjectProperty(batch, "xpath", "equals", "//*[@id = "txtbthqty" + row + ""]", true): Modify property of object successfully

2018-05-16 18:40:32 - [MESSAGE][PASSED] - Modify property of object successfully

2018-05-16 18:40:32 - [TEST_STEP][PASSED] - Statement - batchqty = com.kms.katalon.core.webui.keyword.WebUiBuiltInKeywords.getAttribute(batch, "value").trim(): Attribute 'value' of object '' is: '5000'

2018-05-16 18:40:32 - [MESSAGE][PASSED] - Attribute 'value' of object '' is: '5000'

2018-05-16 18:40:32 - [TEST_STEP][PASSED] - Statement - Rqty = 10000: null

2018-05-16 18:40:32 - [TEST_STEP][PASSED] - delay: Delayed 2 second(s)

2018-05-16 18:40:34 - [MESSAGE][PASSED] - Delayed 2 second(s)

2018-05-16 18:40:34 - [TEST_STEP][PASSED] - Statement - out.println("BatchQty : " + batchqty): null

2018-05-16 18:40:34 - [TEST_STEP][PASSED] - Statement - out.println("RQty : " + Rqty): null

2018-05-16 18:40:34 - [TEST_STEP][PASSED] - Statement - If (java.lang.Integer.valueOf(batchqty) >= java.lang.Integer.valueOf(Rqty)): null

2018-05-16 18:40:34 - [TEST_STEP][PASSED] - Statement - Else: null

2018-05-16 18:40:34 - [TEST_STEP][PASSED] - Statement - out.println("Batchqty Is Less Than Rqty"): null

2018-05-16 18:40:34 - [TEST_STEP][PASSED] - Statement - product = new com.kms.katalon.core.testobject.TestObject(): null

2018-05-16 18:40:34 - [TEST_STEP][PASSED] - Statement - product = com.kms.katalon.core.webui.keyword.WebUiBuiltInKeywords.modifyObjectProperty(product, "xpath", "equals", "//*[@id = "fldvendor" + row + ""]", true): Modify property of object successfully

2018-05-16 18:40:34 - [MESSAGE][PASSED] - Modify property of object successfully

2018-05-16 18:40:34 - [TEST_STEP][PASSED] - selectOptionByIndex: All options with index in [5] are selected on object ''

2018-05-16 18:40:35 - [MESSAGE][PASSED] - All options with index in [5] are selected on object ''

2018-05-16 18:40:35 - [TEST_STEP][PASSED] - Statement - batch = new com.kms.katalon.core.testobject.TestObject(): null

2018-05-16 18:40:35 - [TEST_STEP][PASSED] - Statement - batch = com.kms.katalon.core.webui.keyword.WebUiBuiltInKeywords.modifyObjectProperty(batch, "xpath", "equals", "//*[@id = "txtbthqty" + row + ""]", true): Modify property of object successfully

2018-05-16 18:40:35 - [MESSAGE][PASSED] - Modify property of object successfully

2018-05-16 18:40:35 - [TEST_STEP][PASSED] - Statement - batchqty = com.kms.katalon.core.webui.keyword.WebUiBuiltInKeywords.getAttribute(batch, "value").trim(): Attribute 'value' of object '' is: '3000'

2018-05-16 18:40:35 - [MESSAGE][PASSED] - Attribute 'value' of object '' is: '3000'

2018-05-16 18:40:35 - [TEST_STEP][PASSED] - Statement - Rqty = 10000: null

2018-05-16 18:40:35 - [TEST_STEP][PASSED] - delay: Delayed 2 second(s)

2018-05-16 18:40:37 - [MESSAGE][PASSED] - Delayed 2 second(s)

2018-05-16 18:40:37 - [TEST_STEP][PASSED] - Statement - out.println("BatchQty : " + batchqty): null

2018-05-16 18:40:37 - [TEST_STEP][PASSED] - Statement - out.println("RQty : " + Rqty): null

2018-05-16 18:40:37 - [TEST_STEP][PASSED] - Statement - If (java.lang.Integer.valueOf(batchqty) >= java.lang.Integer.valueOf(Rqty)): null

2018-05-16 18:40:37 - [TEST_STEP][PASSED] - Statement - Else: null

2018-05-16 18:40:37 - [TEST_STEP][PASSED] - Statement - out.println("Batchqty Is Less Than Rqty"): null

2018-05-16 18:40:37 - [TEST_STEP][PASSED] - Statement - product = new com.kms.katalon.core.testobject.TestObject(): null

2018-05-16 18:40:37 - [TEST_STEP][PASSED] - Statement - product = com.kms.katalon.core.webui.keyword.WebUiBuiltInKeywords.modifyObjectProperty(product, "xpath", "equals", "//*[@id = "fldvendor" + row + ""]", true): Modify property of object successfully

2018-05-16 18:40:37 - [MESSAGE][PASSED] - Modify property of object successfully

2018-05-16 18:40:37 - [TEST_STEP][PASSED] - selectOptionByIndex: All options with index in [6] are selected on object ''

2018-05-16 18:40:37 - [MESSAGE][PASSED] - All options with index in [6] are selected on object ''

2018-05-16 18:40:37 - [TEST_STEP][PASSED] - Statement - batch = new com.kms.katalon.core.testobject.TestObject(): null

2018-05-16 18:40:37 - [TEST_STEP][PASSED] - Statement - batch = com.kms.katalon.core.webui.keyword.WebUiBuiltInKeywords.modifyObjectProperty(batch, "xpath", "equals", "//*[@id = "txtbthqty" + row + ""]", true): Modify property of object successfully

2018-05-16 18:40:37 - [MESSAGE][PASSED] - Modify property of object successfully

2018-05-16 18:40:37 - [TEST_STEP][PASSED] - Statement - batchqty = com.kms.katalon.core.webui.keyword.WebUiBuiltInKeywords.getAttribute(batch, "value").trim(): Attribute 'value' of object '' is: '39900'

2018-05-16 18:40:37 - [MESSAGE][PASSED] - Attribute 'value' of object '' is: '39900'

2018-05-16 18:40:37 - [TEST_STEP][PASSED] - Statement - Rqty = 10000: null

2018-05-16 18:40:37 - [TEST_STEP][PASSED] - delay: Delayed 2 second(s)

2018-05-16 18:40:39 - [MESSAGE][PASSED] - Delayed 2 second(s)

2018-05-16 18:40:39 - [TEST_STEP][PASSED] - Statement - out.println("BatchQty : " + batchqty): null

2018-05-16 18:40:39 - [TEST_STEP][PASSED] - Statement - out.println("RQty : " + Rqty): null

2018-05-16 18:40:39 - [TEST_STEP][PASSED] - Statement - If (java.lang.Integer.valueOf(batchqty) >= java.lang.Integer.valueOf(Rqty)): null

2018-05-16 18:40:39 - [TEST_STEP][PASSED] - Statement - Break: null

2018-05-16 18:40:39 - [TEST_STEP][PASSED] - Statement - batchlength = new com.kms.katalon.core.testobject.TestObject(): null

2018-05-16 18:40:39 - [TEST_STEP][PASSED] - Statement - batchlength = com.kms.katalon.core.webui.keyword.WebUiBuiltInKeywords.modifyObjectProperty(batchlength, "xpath", "equals", "//*[@id = "fldvendor" + row + ""]", true): Modify property of object successfully

2018-05-16 18:40:39 - [MESSAGE][PASSED] - Modify property of object successfully

2018-05-16 18:40:39 - [TEST_STEP][PASSED] - Statement - batchsize = com.kms.katalon.core.webui.keyword.WebUiBuiltInKeywords.getNumberOfTotalOption(batchlength): 11 options of object '' counted

2018-05-16 18:40:39 - [MESSAGE][PASSED] - 11 options of object '' counted

2018-05-16 18:40:39 - [TEST_STEP][PASSED] - Statement - out.println("BatchSize : " + batchsize): null

2018-05-16 18:40:39 - [TEST_STEP][PASSED] - Statement - For ([n = 1, n <= batchsize - 1, (n++)]): null

2018-05-16 18:40:39 - [TEST_STEP][PASSED] - Statement - product = new com.kms.katalon.core.testobject.TestObject(): null

2018-05-16 18:40:39 - [TEST_STEP][PASSED] - Statement - product = com.kms.katalon.core.webui.keyword.WebUiBuiltInKeywords.modifyObjectProperty(product, "xpath", "equals", "//*[@id = "fldvendor" + row + ""]", true): Modify property of object successfully

2018-05-16 18:40:39 - [MESSAGE][PASSED] - Modify property of object successfully

2018-05-16 18:40:39 - [TEST_STEP][PASSED] - selectOptionByIndex: All options with index in [1] are selected on object ''

2018-05-16 18:40:39 - [MESSAGE][PASSED] - All options with index in [1] are selected on object ''

2018-05-16 18:40:39 - [TEST_STEP][PASSED] - Statement - batch = new com.kms.katalon.core.testobject.TestObject(): null

2018-05-16 18:40:39 - [TEST_STEP][PASSED] - Statement - batch = com.kms.katalon.core.webui.keyword.WebUiBuiltInKeywords.modifyObjectProperty(batch, "xpath", "equals", "//*[@id = "txtbthqty" + row + ""]", true): Modify property of object successfully

2018-05-16 18:40:39 - [MESSAGE][PASSED] - Modify property of object successfully

2018-05-16 18:40:39 - [TEST_STEP][PASSED] - Statement - batchqty = com.kms.katalon.core.webui.keyword.WebUiBuiltInKeywords.getAttribute(batch, "value").trim(): Attribute 'value' of object '' is: '500'

2018-05-16 18:40:39 - [MESSAGE][PASSED] - Attribute 'value' of object '' is: '500'

2018-05-16 18:40:39 - [TEST_STEP][PASSED] - Statement - Rqty = 10000: null

2018-05-16 18:40:39 - [TEST_STEP][PASSED] - delay: Delayed 2 second(s)

2018-05-16 18:40:41 - [MESSAGE][PASSED] - Delayed 2 second(s)

2018-05-16 18:40:41 - [TEST_STEP][PASSED] - Statement - out.println("BatchQty : " + batchqty): null

2018-05-16 18:40:41 - [TEST_STEP][PASSED] - Statement - out.println("RQty : " + Rqty): null

2018-05-16 18:40:41 - [TEST_STEP][PASSED] - Statement - If (java.lang.Integer.valueOf(batchqty) >= java.lang.Integer.valueOf(Rqty)): null

2018-05-16 18:40:41 - [TEST_STEP][PASSED] - Statement - Else: null

2018-05-16 18:40:41 - [TEST_STEP][PASSED] - Statement - out.println("Batchqty Is Less Than Rqty"): null

2018-05-16 18:40:41 - [TEST_STEP][PASSED] - Statement - product = new com.kms.katalon.core.testobject.TestObject(): null

2018-05-16 18:40:41 - [TEST_STEP][PASSED] - Statement - product = com.kms.katalon.core.webui.keyword.WebUiBuiltInKeywords.modifyObjectProperty(product, "xpath", "equals", "//*[@id = "fldvendor" + row + ""]", true): Modify property of object successfully

2018-05-16 18:40:41 - [MESSAGE][PASSED] - Modify property of object successfully

2018-05-16 18:40:41 - [TEST_STEP][PASSED] - selectOptionByIndex: All options with index in [2] are selected on object ''

2018-05-16 18:40:41 - [MESSAGE][PASSED] - All options with index in [2] are selected on object ''

2018-05-16 18:40:41 - [TEST_STEP][PASSED] - Statement - batch = new com.kms.katalon.core.testobject.TestObject(): null

2018-05-16 18:40:41 - [TEST_STEP][PASSED] - Statement - batch = com.kms.katalon.core.webui.keyword.WebUiBuiltInKeywords.modifyObjectProperty(batch, "xpath", "equals", "//*[@id = "txtbthqty" + row + ""]", true): Modify property of object successfully

2018-05-16 18:40:41 - [MESSAGE][PASSED] - Modify property of object successfully

2018-05-16 18:40:41 - [TEST_STEP][PASSED] - Statement - batchqty = com.kms.katalon.core.webui.keyword.WebUiBuiltInKeywords.getAttribute(batch, "value").trim(): Attribute 'value' of object '' is: '37900'

2018-05-16 18:40:41 - [MESSAGE][PASSED] - Attribute 'value' of object '' is: '37900'

2018-05-16 18:40:41 - [TEST_STEP][PASSED] - Statement - Rqty = 10000: null

2018-05-16 18:40:41 - [TEST_STEP][PASSED] - delay: Delayed 2 second(s)

2018-05-16 18:40:43 - [MESSAGE][PASSED] - Delayed 2 second(s)

2018-05-16 18:40:43 - [TEST_STEP][PASSED] - Statement - out.println("BatchQty : " + batchqty): null

2018-05-16 18:40:43 - [TEST_STEP][PASSED] - Statement - out.println("RQty : " + Rqty): null

2018-05-16 18:40:43 - [TEST_STEP][PASSED] - Statement - If (java.lang.Integer.valueOf(batchqty) >= java.lang.Integer.valueOf(Rqty)): null

2018-05-16 18:40:43 - [TEST_STEP][PASSED] - Statement - Break: null

2018-05-16 18:40:43 - [TEST_STEP][PASSED] - Statement - batchlength = new com.kms.katalon.core.testobject.TestObject(): null

2018-05-16 18:40:43 - [TEST_STEP][PASSED] - Statement - batchlength = com.kms.katalon.core.webui.keyword.WebUiBuiltInKeywords.modifyObjectProperty(batchlength, "xpath", "equals", "//*[@id = "fldvendor" + row + ""]", true): Modify property of object successfully

2018-05-16 18:40:43 - [MESSAGE][PASSED] - Modify property of object successfully

2018-05-16 18:40:43 - [TEST_STEP][PASSED] - Statement - batchsize = com.kms.katalon.core.webui.keyword.WebUiBuiltInKeywords.getNumberOfTotalOption(batchlength): 11 options of object '' counted

2018-05-16 18:40:44 - [MESSAGE][PASSED] - 11 options of object '' counted

2018-05-16 18:40:44 - [TEST_STEP][PASSED] - Statement - out.println("BatchSize : " + batchsize): null

2018-05-16 18:40:44 - [TEST_STEP][PASSED] - Statement - For ([n = 1, n <= batchsize - 1, (n++)]): null

2018-05-16 18:40:44 - [TEST_STEP][PASSED] - Statement - product = new com.kms.katalon.core.testobject.TestObject(): null

2018-05-16 18:40:44 - [TEST_STEP][PASSED] - Statement - product = com.kms.katalon.core.webui.keyword.WebUiBuiltInKeywords.modifyObjectProperty(product, "xpath", "equals", "//*[@id = "fldvendor" + row + ""]", true): Modify property of object successfully

2018-05-16 18:40:44 - [MESSAGE][PASSED] - Modify property of object successfully

2018-05-16 18:40:44 - [TEST_STEP][PASSED] - selectOptionByIndex: All options with index in [1] are selected on object ''

2018-05-16 18:40:44 - [MESSAGE][PASSED] - All options with index in [1] are selected on object ''

2018-05-16 18:40:44 - [TEST_STEP][PASSED] - Statement - batch = new com.kms.katalon.core.testobject.TestObject(): null

2018-05-16 18:40:44 - [TEST_STEP][PASSED] - Statement - batch = com.kms.katalon.core.webui.keyword.WebUiBuiltInKeywords.modifyObjectProperty(batch, "xpath", "equals", "//*[@id = "txtbthqty" + row + ""]", true): Modify property of object successfully

2018-05-16 18:40:44 - [MESSAGE][PASSED] - Modify property of object successfully

2018-05-16 18:40:44 - [TEST_STEP][PASSED] - Statement - batchqty = com.kms.katalon.core.webui.keyword.WebUiBuiltInKeywords.getAttribute(batch, "value").trim(): Attribute 'value' of object '' is: '37900'

2018-05-16 18:40:44 - [MESSAGE][PASSED] - Attribute 'value' of object '' is: '37900'

2018-05-16 18:40:44 - [TEST_STEP][PASSED] - Statement - Rqty = 10000: null

2018-05-16 18:40:44 - [TEST_STEP][PASSED] - delay: Delayed 2 second(s)

2018-05-16 18:40:46 - [MESSAGE][PASSED] - Delayed 2 second(s)

2018-05-16 18:40:46 - [TEST_STEP][PASSED] - Statement - out.println("BatchQty : " + batchqty): null

2018-05-16 18:40:46 - [TEST_STEP][PASSED] - Statement - out.println("RQty : " + Rqty): null

2018-05-16 18:40:46 - [TEST_STEP][PASSED] - Statement - If (java.lang.Integer.valueOf(batchqty) >= java.lang.Integer.valueOf(Rqty)): null

2018-05-16 18:40:46 - [TEST_STEP][PASSED] - Statement - Break: null

2018-05-16 18:40:46 - [TEST_STEP][PASSED] - Statement - batchlength = new com.kms.katalon.core.testobject.TestObject(): null

2018-05-16 18:40:46 - [TEST_STEP][PASSED] - Statement - batchlength = com.kms.katalon.core.webui.keyword.WebUiBuiltInKeywords.modifyObjectProperty(batchlength, "xpath", "equals", "//*[@id = "fldvendor" + row + ""]", true): Modify property of object successfully

2018-05-16 18:40:46 - [MESSAGE][PASSED] - Modify property of object successfully

2018-05-16 18:40:46 - [TEST_STEP][PASSED] - Statement - batchsize = com.kms.katalon.core.webui.keyword.WebUiBuiltInKeywords.getNumberOfTotalOption(batchlength): 11 options of object '' counted

2018-05-16 18:40:46 - [MESSAGE][PASSED] - 11 options of object '' counted

2018-05-16 18:40:46 - [TEST_STEP][PASSED] - Statement - out.println("BatchSize : " + batchsize): null

2018-05-16 18:40:46 - [TEST_STEP][PASSED] - Statement - For ([n = 1, n <= batchsize - 1, (n++)]): null

2018-05-16 18:40:46 - [TEST_STEP][PASSED] - Statement - product = new com.kms.katalon.core.testobject.TestObject(): null

2018-05-16 18:40:46 - [TEST_STEP][PASSED] - Statement - product = com.kms.katalon.core.webui.keyword.WebUiBuiltInKeywords.modifyObjectProperty(product, "xpath", "equals", "//*[@id = "fldvendor" + row + ""]", true): Modify property of object successfully

2018-05-16 18:40:46 - [MESSAGE][PASSED] - Modify property of object successfully

2018-05-16 18:40:46 - [TEST_STEP][PASSED] - selectOptionByIndex: All options with index in [1] are selected on object ''

2018-05-16 18:40:46 - [MESSAGE][PASSED] - All options with index in [1] are selected on object ''

2018-05-16 18:40:46 - [TEST_STEP][PASSED] - Statement - batch = new com.kms.katalon.core.testobject.TestObject(): null

2018-05-16 18:40:46 - [TEST_STEP][PASSED] - Statement - batch = com.kms.katalon.core.webui.keyword.WebUiBuiltInKeywords.modifyObjectProperty(batch, "xpath", "equals", "//*[@id = "txtbthqty" + row + ""]", true): Modify property of object successfully

2018-05-16 18:40:46 - [MESSAGE][PASSED] - Modify property of object successfully

2018-05-16 18:40:46 - [TEST_STEP][PASSED] - Statement - batchqty = com.kms.katalon.core.webui.keyword.WebUiBuiltInKeywords.getAttribute(batch, "value").trim(): Attribute 'value' of object '' is: '5000'

2018-05-16 18:40:46 - [MESSAGE][PASSED] - Attribute 'value' of object '' is: '5000'

2018-05-16 18:40:46 - [TEST_STEP][PASSED] - Statement - Rqty = 10000: null

2018-05-16 18:40:46 - [TEST_STEP][PASSED] - delay: Delayed 2 second(s)

2018-05-16 18:40:48 - [MESSAGE][PASSED] - Delayed 2 second(s)

2018-05-16 18:40:48 - [TEST_STEP][PASSED] - Statement - out.println("BatchQty : " + batchqty): null

2018-05-16 18:40:48 - [TEST_STEP][PASSED] - Statement - out.println("RQty : " + Rqty): null

2018-05-16 18:40:48 - [TEST_STEP][PASSED] - Statement - If (java.lang.Integer.valueOf(batchqty) >= java.lang.Integer.valueOf(Rqty)): null

2018-05-16 18:40:48 - [TEST_STEP][PASSED] - Statement - Else: null

2018-05-16 18:40:48 - [TEST_STEP][PASSED] - Statement - out.println("Batchqty Is Less Than Rqty"): null

2018-05-16 18:40:48 - [TEST_STEP][PASSED] - Statement - product = new com.kms.katalon.core.testobject.TestObject(): null

2018-05-16 18:40:48 - [TEST_STEP][PASSED] - Statement - product = com.kms.katalon.core.webui.keyword.WebUiBuiltInKeywords.modifyObjectProperty(product, "xpath", "equals", "//*[@id = "fldvendor" + row + ""]", true): Modify property of object successfully

2018-05-16 18:40:48 - [MESSAGE][PASSED] - Modify property of object successfully

2018-05-16 18:40:48 - [TEST_STEP][PASSED] - selectOptionByIndex: All options with index in [2] are selected on object ''

2018-05-16 18:40:48 - [MESSAGE][PASSED] - All options with index in [2] are selected on object ''

2018-05-16 18:40:48 - [TEST_STEP][PASSED] - Statement - batch = new com.kms.katalon.core.testobject.TestObject(): null

2018-05-16 18:40:48 - [TEST_STEP][PASSED] - Statement - batch = com.kms.katalon.core.webui.keyword.WebUiBuiltInKeywords.modifyObjectProperty(batch, "xpath", "equals", "//*[@id = "txtbthqty" + row + ""]", true): Modify property of object successfully

2018-05-16 18:40:48 - [MESSAGE][PASSED] - Modify property of object successfully

2018-05-16 18:40:48 - [TEST_STEP][PASSED] - Statement - batchqty = com.kms.katalon.core.webui.keyword.WebUiBuiltInKeywords.getAttribute(batch, "value").trim(): Attribute 'value' of object '' is: '3000'

2018-05-16 18:40:48 - [MESSAGE][PASSED] - Attribute 'value' of object '' is: '3000'

2018-05-16 18:40:48 - [TEST_STEP][PASSED] - Statement - Rqty = 10000: null

2018-05-16 18:40:48 - [TEST_STEP][PASSED] - delay: Delayed 2 second(s)

2018-05-16 18:40:50 - [MESSAGE][PASSED] - Delayed 2 second(s)

2018-05-16 18:40:50 - [TEST_STEP][PASSED] - Statement - out.println("BatchQty : " + batchqty): null

2018-05-16 18:40:50 - [TEST_STEP][PASSED] - Statement - out.println("RQty : " + Rqty): null

2018-05-16 18:40:50 - [TEST_STEP][PASSED] - Statement - If (java.lang.Integer.valueOf(batchqty) >= java.lang.Integer.valueOf(Rqty)): null

2018-05-16 18:40:50 - [TEST_STEP][PASSED] - Statement - Else: null

2018-05-16 18:40:50 - [TEST_STEP][PASSED] - Statement - out.println("Batchqty Is Less Than Rqty"): null

2018-05-16 18:40:50 - [TEST_STEP][PASSED] - Statement - product = new com.kms.katalon.core.testobject.TestObject(): null

2018-05-16 18:40:50 - [TEST_STEP][PASSED] - Statement - product = com.kms.katalon.core.webui.keyword.WebUiBuiltInKeywords.modifyObjectProperty(product, "xpath", "equals", "//*[@id = "fldvendor" + row + ""]", true): Modify property of object successfully

2018-05-16 18:40:50 - [MESSAGE][PASSED] - Modify property of object successfully

2018-05-16 18:40:50 - [TEST_STEP][PASSED] - selectOptionByIndex: All options with index in [3] are selected on object ''

2018-05-16 18:40:50 - [MESSAGE][PASSED] - All options with index in [3] are selected on object ''

2018-05-16 18:40:50 - [TEST_STEP][PASSED] - Statement - batch = new com.kms.katalon.core.testobject.TestObject(): null

2018-05-16 18:40:50 - [TEST_STEP][PASSED] - Statement - batch = com.kms.katalon.core.webui.keyword.WebUiBuiltInKeywords.modifyObjectProperty(batch, "xpath", "equals", "//*[@id = "txtbthqty" + row + ""]", true): Modify property of object successfully

2018-05-16 18:40:50 - [MESSAGE][PASSED] - Modify property of object successfully

2018-05-16 18:40:50 - [TEST_STEP][PASSED] - Statement - batchqty = com.kms.katalon.core.webui.keyword.WebUiBuiltInKeywords.getAttribute(batch, "value").trim(): Attribute 'value' of object '' is: '39900'

2018-05-16 18:40:51 - [MESSAGE][PASSED] - Attribute 'value' of object '' is: '39900'

2018-05-16 18:40:51 - [TEST_STEP][PASSED] - Statement - Rqty = 10000: null

2018-05-16 18:40:51 - [TEST_STEP][PASSED] - delay: Delayed 2 second(s)

2018-05-16 18:40:53 - [MESSAGE][PASSED] - Delayed 2 second(s)

2018-05-16 18:40:53 - [TEST_STEP][PASSED] - Statement - out.println("BatchQty : " + batchqty): null

2018-05-16 18:40:53 - [TEST_STEP][PASSED] - Statement - out.println("RQty : " + Rqty): null

2018-05-16 18:40:53 - [TEST_STEP][PASSED] - Statement - If (java.lang.Integer.valueOf(batchqty) >= java.lang.Integer.valueOf(Rqty)): null

2018-05-16 18:40:53 - [TEST_STEP][PASSED] - Statement - Break: null

2018-05-16 18:40:53 - [TEST_STEP][PASSED] - Statement - batchlength = new com.kms.katalon.core.testobject.TestObject(): null

2018-05-16 18:40:53 - [TEST_STEP][PASSED] - Statement - batchlength = com.kms.katalon.core.webui.keyword.WebUiBuiltInKeywords.modifyObjectProperty(batchlength, "xpath", "equals", "//*[@id = "fldvendor" + row + ""]", true): Modify property of object successfully

2018-05-16 18:40:53 - [MESSAGE][PASSED] - Modify property of object successfully

2018-05-16 18:40:53 - [TEST_STEP][PASSED] - Statement - batchsize = com.kms.katalon.core.webui.keyword.WebUiBuiltInKeywords.getNumberOfTotalOption(batchlength): 11 options of object '' counted

2018-05-16 18:40:53 - [MESSAGE][PASSED] - 11 options of object '' counted

2018-05-16 18:40:53 - [TEST_STEP][PASSED] - Statement - out.println("BatchSize : " + batchsize): null

2018-05-16 18:40:53 - [TEST_STEP][PASSED] - Statement - For ([n = 1, n <= batchsize - 1, (n++)]): null

2018-05-16 18:40:53 - [TEST_STEP][PASSED] - Statement - product = new com.kms.katalon.core.testobject.TestObject(): null

2018-05-16 18:40:53 - [TEST_STEP][PASSED] - Statement - product = com.kms.katalon.core.webui.keyword.WebUiBuiltInKeywords.modifyObjectProperty(product, "xpath", "equals", "//*[@id = "fldvendor" + row + ""]", true): Modify property of object successfully

2018-05-16 18:40:53 - [MESSAGE][PASSED] - Modify property of object successfully

2018-05-16 18:40:53 - [TEST_STEP][PASSED] - selectOptionByIndex: All options with index in [1] are selected on object ''

2018-05-16 18:40:53 - [MESSAGE][PASSED] - All options with index in [1] are selected on object ''

2018-05-16 18:40:53 - [TEST_STEP][PASSED] - Statement - batch = new com.kms.katalon.core.testobject.TestObject(): null

2018-05-16 18:40:53 - [TEST_STEP][PASSED] - Statement - batch = com.kms.katalon.core.webui.keyword.WebUiBuiltInKeywords.modifyObjectProperty(batch, "xpath", "equals", "//*[@id = "txtbthqty" + row + ""]", true): Modify property of object successfully

2018-05-16 18:40:53 - [MESSAGE][PASSED] - Modify property of object successfully

2018-05-16 18:40:53 - [TEST_STEP][PASSED] - Statement - batchqty = com.kms.katalon.core.webui.keyword.WebUiBuiltInKeywords.getAttribute(batch, "value").trim(): Attribute 'value' of object '' is: '5000'

2018-05-16 18:40:53 - [MESSAGE][PASSED] - Attribute 'value' of object '' is: '5000'

2018-05-16 18:40:53 - [TEST_STEP][PASSED] - Statement - Rqty = 10000: null

2018-05-16 18:40:53 - [TEST_STEP][PASSED] - delay: Delayed 2 second(s)

2018-05-16 18:40:55 - [MESSAGE][PASSED] - Delayed 2 second(s)

2018-05-16 18:40:55 - [TEST_STEP][PASSED] - Statement - out.println("BatchQty : " + batchqty): null

2018-05-16 18:40:55 - [TEST_STEP][PASSED] - Statement - out.println("RQty : " + Rqty): null

2018-05-16 18:40:55 - [TEST_STEP][PASSED] - Statement - If (java.lang.Integer.valueOf(batchqty) >= java.lang.Integer.valueOf(Rqty)): null

2018-05-16 18:40:55 - [TEST_STEP][PASSED] - Statement - Else: null

2018-05-16 18:40:55 - [TEST_STEP][PASSED] - Statement - out.println("Batchqty Is Less Than Rqty"): null

2018-05-16 18:40:55 - [TEST_STEP][PASSED] - Statement - product = new com.kms.katalon.core.testobject.TestObject(): null

2018-05-16 18:40:55 - [TEST_STEP][PASSED] - Statement - product = com.kms.katalon.core.webui.keyword.WebUiBuiltInKeywords.modifyObjectProperty(product, "xpath", "equals", "//*[@id = "fldvendor" + row + ""]", true): Modify property of object successfully

2018-05-16 18:40:55 - [MESSAGE][PASSED] - Modify property of object successfully

2018-05-16 18:40:55 - [TEST_STEP][PASSED] - selectOptionByIndex: All options with index in [2] are selected on object ''

2018-05-16 18:40:55 - [MESSAGE][PASSED] - All options with index in [2] are selected on object ''

2018-05-16 18:40:55 - [TEST_STEP][PASSED] - Statement - batch = new com.kms.katalon.core.testobject.TestObject(): null

2018-05-16 18:40:55 - [TEST_STEP][PASSED] - Statement - batch = com.kms.katalon.core.webui.keyword.WebUiBuiltInKeywords.modifyObjectProperty(batch, "xpath", "equals", "//*[@id = "txtbthqty" + row + ""]", true): Modify property of object successfully

2018-05-16 18:40:55 - [MESSAGE][PASSED] - Modify property of object successfully

2018-05-16 18:40:55 - [TEST_STEP][PASSED] - Statement - batchqty = com.kms.katalon.core.webui.keyword.WebUiBuiltInKeywords.getAttribute(batch, "value").trim(): Attribute 'value' of object '' is: '39900'

2018-05-16 18:40:55 - [MESSAGE][PASSED] - Attribute 'value' of object '' is: '39900'

2018-05-16 18:40:55 - [TEST_STEP][PASSED] - Statement - Rqty = 10000: null

2018-05-16 18:40:55 - [TEST_STEP][PASSED] - delay: Delayed 2 second(s)

2018-05-16 18:40:57 - [MESSAGE][PASSED] - Delayed 2 second(s)

2018-05-16 18:40:57 - [TEST_STEP][PASSED] - Statement - out.println("BatchQty : " + batchqty): null

2018-05-16 18:40:57 - [TEST_STEP][PASSED] - Statement - out.println("RQty : " + Rqty): null

2018-05-16 18:40:57 - [TEST_STEP][PASSED] - Statement - If (java.lang.Integer.valueOf(batchqty) >= java.lang.Integer.valueOf(Rqty)): null

2018-05-16 18:40:57 - [TEST_STEP][PASSED] - Statement - Break: null

2018-05-16 18:40:57 - [TEST_STEP][PASSED] - click: Object: 'Object Repository/store Request Schedule 1/Page_KDMC - CMS/input_btndispatch' is clicked on

2018-05-16 18:40:58 - [MESSAGE][PASSED] - Object: 'Object Repository/store Request Schedule 1/Page_KDMC - CMS/input_btndispatch' is clicked on

2018-05-16 18:40:58 - [TEST_STEP][PASSED] - delay: Delayed 3 second(s)

2018-05-16 18:41:01 - [MESSAGE][PASSED] - Delayed 3 second(s)

2018-05-16 18:41:01 - [TEST_STEP][PASSED] - click: Object: 'Object Repository/store Request Schedule 1/Page_KDMC - CMS/button_OK' is clicked on

2018-05-16 18:41:02 - [MESSAGE][PASSED] - Object: 'Object Repository/store Request Schedule 1/Page_KDMC - CMS/button_OK' is clicked on

2018-05-16 18:41:02 - [TEST_STEP][PASSED] - delay: Delayed 3 second(s)

2018-05-16 18:41:05 - [MESSAGE][PASSED] - Delayed 3 second(s)

2018-05-16 18:41:05 - [TEST_STEP][PASSED] - click: Object: 'Object Repository/store Request Schedule 1/Page_KDMC - CMS/a_dropdown-toggle' is clicked on

2018-05-16 18:41:05 - [MESSAGE][PASSED] - Object: 'Object Repository/store Request Schedule 1/Page_KDMC - CMS/a_dropdown-toggle' is clicked on

2018-05-16 18:41:05 - [TEST_STEP][PASSED] - click: Object: 'Object Repository/store Request Schedule 1/Page_KDMC - CMS/a_Sign out' is clicked on

2018-05-16 18:41:05 - [MESSAGE][PASSED] - Object: 'Object Repository/store Request Schedule 1/Page_KDMC - CMS/a_Sign out' is clicked on

2018-05-16 18:41:05 - [TEST_STEP][PASSED] - delay: Delayed 3 second(s)

2018-05-16 18:41:08 - [MESSAGE][PASSED] - Delayed 3 second(s)

2018-05-16 18:41:08 - [TEST_STEP][PASSED] - click: Object: 'Object Repository/Store Request Schedule 1/Page_KDMC/a_Divisional Store' is clicked on

2018-05-16 18:41:09 - [MESSAGE][PASSED] - Object: 'Object Repository/Store Request Schedule 1/Page_KDMC/a_Divisional Store' is clicked on

2018-05-16 18:41:09 - [TEST_STEP][PASSED] - setText: Text 'ragu' is set on object 'Object Repository/Store Request Schedule 1/Page_Divisonal Store Login/input_txtusername'

2018-05-16 18:41:09 - [MESSAGE][PASSED] - Text 'ragu' is set on object 'Object Repository/Store Request Schedule 1/Page_Divisonal Store Login/input_txtusername'

2018-05-16 18:41:09 - [TEST_STEP][PASSED] - setText: Text '123' is set on object 'Object Repository/Store Request Schedule 1/Page_Divisonal Store Login/input_txtpassword'

2018-05-16 18:41:09 - [MESSAGE][PASSED] - Text '123' is set on object 'Object Repository/Store Request Schedule 1/Page_Divisonal Store Login/input_txtpassword'

2018-05-16 18:41:09 - [TEST_STEP][PASSED] - delay: Delayed 3 second(s)

2018-05-16 18:41:12 - [MESSAGE][PASSED] - Delayed 3 second(s)

2018-05-16 18:41:12 - [TEST_STEP][PASSED] - click: Object: 'Object Repository/Store Request Schedule 1/Page_Divisonal Store Login/button_Sign in' is clicked on

2018-05-16 18:41:13 - [MESSAGE][PASSED] - Object: 'Object Repository/Store Request Schedule 1/Page_Divisonal Store Login/button_Sign in' is clicked on

2018-05-16 18:41:13 - [TEST_STEP][PASSED] - delay: Delayed 3 second(s)

2018-05-16 18:41:16 - [MESSAGE][PASSED] - Delayed 3 second(s)

2018-05-16 18:41:16 - [TEST_STEP][PASSED] - click: Object: 'Object Repository/Store Request Schedule 1/Page_Store/a_CMS' is clicked on

2018-05-16 18:41:16 - [MESSAGE][PASSED] - Object: 'Object Repository/Store Request Schedule 1/Page_Store/a_CMS' is clicked on

2018-05-16 18:41:16 - [TEST_STEP][PASSED] - delay: Delayed 2 second(s)

2018-05-16 18:41:18 - [MESSAGE][PASSED] - Delayed 2 second(s)

2018-05-16 18:41:18 - [TEST_STEP][PASSED] - click: Object: 'Object Repository/Store Request Schedule 1/Page_Store/a_Receiving Goods' is clicked on

2018-05-16 18:41:19 - [MESSAGE][PASSED] - Object: 'Object Repository/Store Request Schedule 1/Page_Store/a_Receiving Goods' is clicked on

2018-05-16 18:41:19 - [TEST_STEP][PASSED] - setText: Text 'PRNO/16052018/162' is set on object 'Object Repository/Store Request Schedule 1/Page_Store/input'

2018-05-16 18:41:19 - [MESSAGE][PASSED] - Text 'PRNO/16052018/162' is set on object 'Object Repository/Store Request Schedule 1/Page_Store/input'

2018-05-16 18:41:19 - [TEST_STEP][PASSED] - click: Object: 'Object Repository/Store Request Schedule 1/Page_Store/input_btn btn-primary' is clicked on

2018-05-16 18:41:19 - [MESSAGE][PASSED] - Object: 'Object Repository/Store Request Schedule 1/Page_Store/input_btn btn-primary' is clicked on

2018-05-16 18:41:19 - [TEST_STEP][PASSED] - delay: Delayed 2 second(s)

2018-05-16 18:41:21 - [MESSAGE][PASSED] - Delayed 2 second(s)

2018-05-16 18:41:21 - [TEST_STEP][PASSED] - click: Object: 'Object Repository/Store Request Schedule 1/Page_Store/input_chkrem' is clicked on

2018-05-16 18:41:22 - [MESSAGE][PASSED] - Object: 'Object Repository/Store Request Schedule 1/Page_Store/input_chkrem' is clicked on

2018-05-16 18:41:22 - [TEST_STEP][PASSED] - scrollToElement: Scroll to object 'Object Repository/Store Request Schedule 1/Page_Store/input_btchkroqadd' successfully

2018-05-16 18:41:22 - [MESSAGE][PASSED] - Scroll to object 'Object Repository/Store Request Schedule 1/Page_Store/input_btchkroqadd' successfully

2018-05-16 18:41:22 - [TEST_STEP][PASSED] - click: Object: 'Object Repository/Store Request Schedule 1/Page_Store/input_btchkroqadd' is clicked on

2018-05-16 18:41:22 - [MESSAGE][PASSED] - Object: 'Object Repository/Store Request Schedule 1/Page_Store/input_btchkroqadd' is clicked on

2018-05-16 18:41:22 - [TEST_STEP][PASSED] - delay: Delayed 2 second(s)

2018-05-16 18:41:24 - [MESSAGE][PASSED] - Delayed 2 second(s)

2018-05-16 18:41:24 - [TEST_STEP][PASSED] - refresh: Refresh successfully

2018-05-16 18:41:24 - [MESSAGE][PASSED] - Refresh successfully

2018-05-16 18:41:24 - [TEST_STEP][PASSED] - delay: Delayed 3 second(s)

2018-05-16 18:41:27 - [MESSAGE][PASSED] - Delayed 3 second(s)

2018-05-16 18:41:27 - [TEST_STEP][PASSED] - click: Object: 'Object Repository/Store Request Schedule 1/Page_Store/a_dropdown-toggle' is clicked on

2018-05-16 18:41:28 - [MESSAGE][PASSED] - Object: 'Object Repository/Store Request Schedule 1/Page_Store/a_dropdown-toggle' is clicked on

2018-05-16 18:41:28 - [TEST_STEP][PASSED] - click: Object: 'Object Repository/Store Request Schedule 1/Page_Store/a_Sign out' is clicked on

2018-05-16 18:41:28 - [MESSAGE][PASSED] - Object: 'Object Repository/Store Request Schedule 1/Page_Store/a_Sign out' is clicked on

2018-05-16 18:41:28 - [TEST_STEP][PASSED] - closeBrowser: Browser is closed

2018-05-16 18:41:29 - [MESSAGE][PASSED] - Browser is closed

2018-05-16 18:41:29 - [TEST_STEP][PASSED] - Statement - out.println("Schedule 1 Store Request Are Working Successfully"): null]]></system-out>
         <system-err><![CDATA[]]></system-err>
      </testcase>
      <testcase name="Test Cases/STORE TO CMS REQUEST TEST CASES/TC_STCMS_002 To Verify Schedule 2 Store To CMS Request Are Working Successfully Or Not" classname="Test Cases/STORE TO CMS REQUEST TEST CASES/TC_STCMS_002 To Verify Schedule 2 Store To CMS Request Are Working Successfully Or Not" status="PASSED">
         <system-out><![CDATA[2018-05-16 18:41:29 - [TEST_CASE][PASSED] - Test Cases/STORE TO CMS REQUEST TEST CASES/TC_STCMS_002 To Verify Schedule 2 Store To CMS Request Are Working Successfully Or Not: Test Cases/STORE TO CMS REQUEST TEST CASES/TC_STCMS_002 To Verify Schedule 2 Store To CMS Request Are Working Successfully Or Not

2018-05-16 18:41:29 - [TEST_STEP][PASSED] - openBrowser: Browser is opened with url: ''

2018-05-16 18:41:32 - [MESSAGE][PASSED] - Browser is opened with url: ''

2018-05-16 18:41:32 - [TEST_STEP][PASSED] - Statement - out.println("Verify Schedule 2 Store Request Are Working Successfully Or Not"): null

2018-05-16 18:41:32 - [TEST_STEP][PASSED] - navigateToUrl: Navigate to 'http://192.168.137.1/multihospital_new/' successfully

2018-05-16 18:41:34 - [MESSAGE][PASSED] - Navigate to 'http://192.168.137.1/multihospital_new/' successfully

2018-05-16 18:41:34 - [TEST_STEP][PASSED] - maximizeWindow: Current window maximized

2018-05-16 18:41:35 - [MESSAGE][PASSED] - Current window maximized

2018-05-16 18:41:35 - [TEST_STEP][PASSED] - click: Object: 'Object Repository/Store Request Schedule 1/Page_KDMC/a_Divisional Store' is clicked on

2018-05-16 18:41:36 - [MESSAGE][PASSED] - Object: 'Object Repository/Store Request Schedule 1/Page_KDMC/a_Divisional Store' is clicked on

2018-05-16 18:41:36 - [TEST_STEP][PASSED] - setText: Text 'ragu' is set on object 'Object Repository/Store Request Schedule 1/Page_Divisonal Store Login/input_txtusername'

2018-05-16 18:41:36 - [MESSAGE][PASSED] - Text 'ragu' is set on object 'Object Repository/Store Request Schedule 1/Page_Divisonal Store Login/input_txtusername'

2018-05-16 18:41:36 - [TEST_STEP][PASSED] - setText: Text '123' is set on object 'Object Repository/Store Request Schedule 1/Page_Divisonal Store Login/input_txtpassword'

2018-05-16 18:41:36 - [MESSAGE][PASSED] - Text '123' is set on object 'Object Repository/Store Request Schedule 1/Page_Divisonal Store Login/input_txtpassword'

2018-05-16 18:41:36 - [TEST_STEP][PASSED] - delay: Delayed 3 second(s)

2018-05-16 18:41:39 - [MESSAGE][PASSED] - Delayed 3 second(s)

2018-05-16 18:41:39 - [TEST_STEP][PASSED] - click: Object: 'Object Repository/Store Request Schedule 1/Page_Divisonal Store Login/button_Sign in' is clicked on

2018-05-16 18:41:41 - [MESSAGE][PASSED] - Object: 'Object Repository/Store Request Schedule 1/Page_Divisonal Store Login/button_Sign in' is clicked on

2018-05-16 18:41:41 - [TEST_STEP][PASSED] - delay: Delayed 3 second(s)

2018-05-16 18:41:44 - [MESSAGE][PASSED] - Delayed 3 second(s)

2018-05-16 18:41:44 - [TEST_STEP][PASSED] - click: Object: 'Object Repository/Store Request Schedule 1/Page_Store/a_CMS' is clicked on

2018-05-16 18:41:44 - [MESSAGE][PASSED] - Object: 'Object Repository/Store Request Schedule 1/Page_Store/a_CMS' is clicked on

2018-05-16 18:41:44 - [TEST_STEP][PASSED] - delay: Delayed 2 second(s)

2018-05-16 18:41:46 - [MESSAGE][PASSED] - Delayed 2 second(s)

2018-05-16 18:41:46 - [TEST_STEP][PASSED] - click: Object: 'Object Repository/Store Request Schedule 1/Page_Store/a_Request Send' is clicked on

2018-05-16 18:41:47 - [MESSAGE][PASSED] - Object: 'Object Repository/Store Request Schedule 1/Page_Store/a_Request Send' is clicked on

2018-05-16 18:41:47 - [TEST_STEP][PASSED] - selectOptionByIndex: All options with index in [1] are selected on object 'Object Repository/Store Request Schedule 1/Page_Store/select_--Select--'

2018-05-16 18:41:47 - [MESSAGE][PASSED] - All options with index in [1] are selected on object 'Object Repository/Store Request Schedule 1/Page_Store/select_--Select--'

2018-05-16 18:41:47 - [TEST_STEP][PASSED] - selectOptionByIndex: All options with index in [2] are selected on object 'Object Repository/Store Request Schedule 1/Page_Store/select_--Select--Schedule 1Inj'

2018-05-16 18:41:47 - [MESSAGE][PASSED] - All options with index in [2] are selected on object 'Object Repository/Store Request Schedule 1/Page_Store/select_--Select--Schedule 1Inj'

2018-05-16 18:41:47 - [TEST_STEP][PASSED] - Statement - SelectedOptions = com.kms.katalon.core.webui.keyword.WebUiBuiltInKeywords.getNumberOfTotalOption(com.kms.katalon.core.testobject.ObjectRepository.findTestObject(Store Request Schedule 1/Page_Store/select_--Select--Adernaline 0.)): 73 options of object 'Object Repository/Store Request Schedule 1/Page_Store/select_--Select--Adernaline 0.' counted

2018-05-16 18:41:47 - [MESSAGE][PASSED] - 73 options of object 'Object Repository/Store Request Schedule 1/Page_Store/select_--Select--Adernaline 0.' counted

2018-05-16 18:41:47 - [TEST_STEP][PASSED] - Statement - For ([y = 1, y < SelectedOptions, (y++)]): Object: 'Object Repository/Store Request Schedule 1/Page_Store/button_Add' is clicked on

2018-05-16 18:41:47 - [TEST_STEP][PASSED] - selectOptionByIndex: All options with index in [2] are selected on object 'Object Repository/Store Request Schedule 1/Page_Store/select_--Select--Schedule 1Inj'

2018-05-16 18:41:47 - [MESSAGE][PASSED] - All options with index in [2] are selected on object 'Object Repository/Store Request Schedule 1/Page_Store/select_--Select--Schedule 1Inj'

2018-05-16 18:41:47 - [TEST_STEP][PASSED] - delay: Delayed 1 second(s)

2018-05-16 18:41:48 - [MESSAGE][PASSED] - Delayed 1 second(s)

2018-05-16 18:41:48 - [TEST_STEP][PASSED] - selectOptionByIndex: All options with index in [1] are selected on object 'Object Repository/Store Request Schedule 1/Page_Store/select_--Select--Adernaline 0.'

2018-05-16 18:41:48 - [MESSAGE][PASSED] - All options with index in [1] are selected on object 'Object Repository/Store Request Schedule 1/Page_Store/select_--Select--Adernaline 0.'

2018-05-16 18:41:48 - [TEST_STEP][PASSED] - setText: Text '100' is set on object 'Object Repository/Store Request Schedule 1/Page_Store/input_txttreat'

2018-05-16 18:41:49 - [MESSAGE][PASSED] - Text '100' is set on object 'Object Repository/Store Request Schedule 1/Page_Store/input_txttreat'

2018-05-16 18:41:49 - [TEST_STEP][PASSED] - click: Object: 'Object Repository/Store Request Schedule 1/Page_Store/button_Add' is clicked on

2018-05-16 18:41:49 - [MESSAGE][PASSED] - Object: 'Object Repository/Store Request Schedule 1/Page_Store/button_Add' is clicked on

2018-05-16 18:41:49 - [TEST_STEP][PASSED] - selectOptionByIndex: All options with index in [2] are selected on object 'Object Repository/Store Request Schedule 1/Page_Store/select_--Select--Schedule 1Inj'

2018-05-16 18:41:49 - [MESSAGE][PASSED] - All options with index in [2] are selected on object 'Object Repository/Store Request Schedule 1/Page_Store/select_--Select--Schedule 1Inj'

2018-05-16 18:41:49 - [TEST_STEP][PASSED] - delay: Delayed 1 second(s)

2018-05-16 18:41:50 - [MESSAGE][PASSED] - Delayed 1 second(s)

2018-05-16 18:41:50 - [TEST_STEP][PASSED] - selectOptionByIndex: All options with index in [2] are selected on object 'Object Repository/Store Request Schedule 1/Page_Store/select_--Select--Adernaline 0.'

2018-05-16 18:41:50 - [MESSAGE][PASSED] - All options with index in [2] are selected on object 'Object Repository/Store Request Schedule 1/Page_Store/select_--Select--Adernaline 0.'

2018-05-16 18:41:50 - [TEST_STEP][PASSED] - setText: Text '100' is set on object 'Object Repository/Store Request Schedule 1/Page_Store/input_txttreat'

2018-05-16 18:41:50 - [MESSAGE][PASSED] - Text '100' is set on object 'Object Repository/Store Request Schedule 1/Page_Store/input_txttreat'

2018-05-16 18:41:50 - [TEST_STEP][PASSED] - click: Object: 'Object Repository/Store Request Schedule 1/Page_Store/button_Add' is clicked on

2018-05-16 18:41:50 - [MESSAGE][PASSED] - Object: 'Object Repository/Store Request Schedule 1/Page_Store/button_Add' is clicked on

2018-05-16 18:41:50 - [TEST_STEP][PASSED] - selectOptionByIndex: All options with index in [2] are selected on object 'Object Repository/Store Request Schedule 1/Page_Store/select_--Select--Schedule 1Inj'

2018-05-16 18:41:50 - [MESSAGE][PASSED] - All options with index in [2] are selected on object 'Object Repository/Store Request Schedule 1/Page_Store/select_--Select--Schedule 1Inj'

2018-05-16 18:41:50 - [TEST_STEP][PASSED] - delay: Delayed 1 second(s)

2018-05-16 18:41:51 - [MESSAGE][PASSED] - Delayed 1 second(s)

2018-05-16 18:41:51 - [TEST_STEP][PASSED] - selectOptionByIndex: All options with index in [3] are selected on object 'Object Repository/Store Request Schedule 1/Page_Store/select_--Select--Adernaline 0.'

2018-05-16 18:41:51 - [MESSAGE][PASSED] - All options with index in [3] are selected on object 'Object Repository/Store Request Schedule 1/Page_Store/select_--Select--Adernaline 0.'

2018-05-16 18:41:51 - [TEST_STEP][PASSED] - setText: Text '100' is set on object 'Object Repository/Store Request Schedule 1/Page_Store/input_txttreat'

2018-05-16 18:41:52 - [MESSAGE][PASSED] - Text '100' is set on object 'Object Repository/Store Request Schedule 1/Page_Store/input_txttreat'

2018-05-16 18:41:52 - [TEST_STEP][PASSED] - click: Object: 'Object Repository/Store Request Schedule 1/Page_Store/button_Add' is clicked on

2018-05-16 18:41:52 - [MESSAGE][PASSED] - Object: 'Object Repository/Store Request Schedule 1/Page_Store/button_Add' is clicked on

2018-05-16 18:41:52 - [TEST_STEP][PASSED] - selectOptionByIndex: All options with index in [2] are selected on object 'Object Repository/Store Request Schedule 1/Page_Store/select_--Select--Schedule 1Inj'

2018-05-16 18:41:52 - [MESSAGE][PASSED] - All options with index in [2] are selected on object 'Object Repository/Store Request Schedule 1/Page_Store/select_--Select--Schedule 1Inj'

2018-05-16 18:41:52 - [TEST_STEP][PASSED] - delay: Delayed 1 second(s)

2018-05-16 18:41:53 - [MESSAGE][PASSED] - Delayed 1 second(s)

2018-05-16 18:41:53 - [TEST_STEP][PASSED] - selectOptionByIndex: All options with index in [4] are selected on object 'Object Repository/Store Request Schedule 1/Page_Store/select_--Select--Adernaline 0.'

2018-05-16 18:41:53 - [MESSAGE][PASSED] - All options with index in [4] are selected on object 'Object Repository/Store Request Schedule 1/Page_Store/select_--Select--Adernaline 0.'

2018-05-16 18:41:53 - [TEST_STEP][PASSED] - setText: Text '100' is set on object 'Object Repository/Store Request Schedule 1/Page_Store/input_txttreat'

2018-05-16 18:41:53 - [MESSAGE][PASSED] - Text '100' is set on object 'Object Repository/Store Request Schedule 1/Page_Store/input_txttreat'

2018-05-16 18:41:53 - [TEST_STEP][PASSED] - click: Object: 'Object Repository/Store Request Schedule 1/Page_Store/button_Add' is clicked on

2018-05-16 18:41:53 - [MESSAGE][PASSED] - Object: 'Object Repository/Store Request Schedule 1/Page_Store/button_Add' is clicked on

2018-05-16 18:41:53 - [TEST_STEP][PASSED] - selectOptionByIndex: All options with index in [2] are selected on object 'Object Repository/Store Request Schedule 1/Page_Store/select_--Select--Schedule 1Inj'

2018-05-16 18:41:53 - [MESSAGE][PASSED] - All options with index in [2] are selected on object 'Object Repository/Store Request Schedule 1/Page_Store/select_--Select--Schedule 1Inj'

2018-05-16 18:41:53 - [TEST_STEP][PASSED] - delay: Delayed 1 second(s)

2018-05-16 18:41:54 - [MESSAGE][PASSED] - Delayed 1 second(s)

2018-05-16 18:41:54 - [TEST_STEP][PASSED] - selectOptionByIndex: All options with index in [5] are selected on object 'Object Repository/Store Request Schedule 1/Page_Store/select_--Select--Adernaline 0.'

2018-05-16 18:41:54 - [MESSAGE][PASSED] - All options with index in [5] are selected on object 'Object Repository/Store Request Schedule 1/Page_Store/select_--Select--Adernaline 0.'

2018-05-16 18:41:54 - [TEST_STEP][PASSED] - setText: Text '100' is set on object 'Object Repository/Store Request Schedule 1/Page_Store/input_txttreat'

2018-05-16 18:41:54 - [MESSAGE][PASSED] - Text '100' is set on object 'Object Repository/Store Request Schedule 1/Page_Store/input_txttreat'

2018-05-16 18:41:54 - [TEST_STEP][PASSED] - click: Object: 'Object Repository/Store Request Schedule 1/Page_Store/button_Add' is clicked on

2018-05-16 18:41:54 - [MESSAGE][PASSED] - Object: 'Object Repository/Store Request Schedule 1/Page_Store/button_Add' is clicked on

2018-05-16 18:41:54 - [TEST_STEP][PASSED] - selectOptionByIndex: All options with index in [2] are selected on object 'Object Repository/Store Request Schedule 1/Page_Store/select_--Select--Schedule 1Inj'

2018-05-16 18:41:55 - [MESSAGE][PASSED] - All options with index in [2] are selected on object 'Object Repository/Store Request Schedule 1/Page_Store/select_--Select--Schedule 1Inj'

2018-05-16 18:41:55 - [TEST_STEP][PASSED] - delay: Delayed 1 second(s)

2018-05-16 18:41:56 - [MESSAGE][PASSED] - Delayed 1 second(s)

2018-05-16 18:41:56 - [TEST_STEP][PASSED] - selectOptionByIndex: All options with index in [6] are selected on object 'Object Repository/Store Request Schedule 1/Page_Store/select_--Select--Adernaline 0.'

2018-05-16 18:41:56 - [MESSAGE][PASSED] - All options with index in [6] are selected on object 'Object Repository/Store Request Schedule 1/Page_Store/select_--Select--Adernaline 0.'

2018-05-16 18:41:56 - [TEST_STEP][PASSED] - setText: Text '100' is set on object 'Object Repository/Store Request Schedule 1/Page_Store/input_txttreat'

2018-05-16 18:41:56 - [MESSAGE][PASSED] - Text '100' is set on object 'Object Repository/Store Request Schedule 1/Page_Store/input_txttreat'

2018-05-16 18:41:56 - [TEST_STEP][PASSED] - click: Object: 'Object Repository/Store Request Schedule 1/Page_Store/button_Add' is clicked on

2018-05-16 18:41:56 - [MESSAGE][PASSED] - Object: 'Object Repository/Store Request Schedule 1/Page_Store/button_Add' is clicked on

2018-05-16 18:41:56 - [TEST_STEP][PASSED] - selectOptionByIndex: All options with index in [2] are selected on object 'Object Repository/Store Request Schedule 1/Page_Store/select_--Select--Schedule 1Inj'

2018-05-16 18:41:56 - [MESSAGE][PASSED] - All options with index in [2] are selected on object 'Object Repository/Store Request Schedule 1/Page_Store/select_--Select--Schedule 1Inj'

2018-05-16 18:41:56 - [TEST_STEP][PASSED] - delay: Delayed 1 second(s)

2018-05-16 18:41:57 - [MESSAGE][PASSED] - Delayed 1 second(s)

2018-05-16 18:41:57 - [TEST_STEP][PASSED] - selectOptionByIndex: All options with index in [7] are selected on object 'Object Repository/Store Request Schedule 1/Page_Store/select_--Select--Adernaline 0.'

2018-05-16 18:41:57 - [MESSAGE][PASSED] - All options with index in [7] are selected on object 'Object Repository/Store Request Schedule 1/Page_Store/select_--Select--Adernaline 0.'

2018-05-16 18:41:57 - [TEST_STEP][PASSED] - setText: Text '100' is set on object 'Object Repository/Store Request Schedule 1/Page_Store/input_txttreat'

2018-05-16 18:41:57 - [MESSAGE][PASSED] - Text '100' is set on object 'Object Repository/Store Request Schedule 1/Page_Store/input_txttreat'

2018-05-16 18:41:57 - [TEST_STEP][PASSED] - click: Object: 'Object Repository/Store Request Schedule 1/Page_Store/button_Add' is clicked on

2018-05-16 18:41:57 - [MESSAGE][PASSED] - Object: 'Object Repository/Store Request Schedule 1/Page_Store/button_Add' is clicked on

2018-05-16 18:41:57 - [TEST_STEP][PASSED] - selectOptionByIndex: All options with index in [2] are selected on object 'Object Repository/Store Request Schedule 1/Page_Store/select_--Select--Schedule 1Inj'

2018-05-16 18:41:58 - [MESSAGE][PASSED] - All options with index in [2] are selected on object 'Object Repository/Store Request Schedule 1/Page_Store/select_--Select--Schedule 1Inj'

2018-05-16 18:41:58 - [TEST_STEP][PASSED] - delay: Delayed 1 second(s)

2018-05-16 18:41:59 - [MESSAGE][PASSED] - Delayed 1 second(s)

2018-05-16 18:41:59 - [TEST_STEP][PASSED] - selectOptionByIndex: All options with index in [8] are selected on object 'Object Repository/Store Request Schedule 1/Page_Store/select_--Select--Adernaline 0.'

2018-05-16 18:41:59 - [MESSAGE][PASSED] - All options with index in [8] are selected on object 'Object Repository/Store Request Schedule 1/Page_Store/select_--Select--Adernaline 0.'

2018-05-16 18:41:59 - [TEST_STEP][PASSED] - setText: Text '100' is set on object 'Object Repository/Store Request Schedule 1/Page_Store/input_txttreat'

2018-05-16 18:41:59 - [MESSAGE][PASSED] - Text '100' is set on object 'Object Repository/Store Request Schedule 1/Page_Store/input_txttreat'

2018-05-16 18:41:59 - [TEST_STEP][PASSED] - click: Object: 'Object Repository/Store Request Schedule 1/Page_Store/button_Add' is clicked on

2018-05-16 18:41:59 - [MESSAGE][PASSED] - Object: 'Object Repository/Store Request Schedule 1/Page_Store/button_Add' is clicked on

2018-05-16 18:41:59 - [TEST_STEP][PASSED] - selectOptionByIndex: All options with index in [2] are selected on object 'Object Repository/Store Request Schedule 1/Page_Store/select_--Select--Schedule 1Inj'

2018-05-16 18:41:59 - [MESSAGE][PASSED] - All options with index in [2] are selected on object 'Object Repository/Store Request Schedule 1/Page_Store/select_--Select--Schedule 1Inj'

2018-05-16 18:41:59 - [TEST_STEP][PASSED] - delay: Delayed 1 second(s)

2018-05-16 18:42:00 - [MESSAGE][PASSED] - Delayed 1 second(s)

2018-05-16 18:42:00 - [TEST_STEP][PASSED] - selectOptionByIndex: All options with index in [9] are selected on object 'Object Repository/Store Request Schedule 1/Page_Store/select_--Select--Adernaline 0.'

2018-05-16 18:42:00 - [MESSAGE][PASSED] - All options with index in [9] are selected on object 'Object Repository/Store Request Schedule 1/Page_Store/select_--Select--Adernaline 0.'

2018-05-16 18:42:00 - [TEST_STEP][PASSED] - setText: Text '100' is set on object 'Object Repository/Store Request Schedule 1/Page_Store/input_txttreat'

2018-05-16 18:42:00 - [MESSAGE][PASSED] - Text '100' is set on object 'Object Repository/Store Request Schedule 1/Page_Store/input_txttreat'

2018-05-16 18:42:00 - [TEST_STEP][PASSED] - click: Object: 'Object Repository/Store Request Schedule 1/Page_Store/button_Add' is clicked on

2018-05-16 18:42:00 - [MESSAGE][PASSED] - Object: 'Object Repository/Store Request Schedule 1/Page_Store/button_Add' is clicked on

2018-05-16 18:42:00 - [TEST_STEP][PASSED] - selectOptionByIndex: All options with index in [2] are selected on object 'Object Repository/Store Request Schedule 1/Page_Store/select_--Select--Schedule 1Inj'

2018-05-16 18:42:01 - [MESSAGE][PASSED] - All options with index in [2] are selected on object 'Object Repository/Store Request Schedule 1/Page_Store/select_--Select--Schedule 1Inj'

2018-05-16 18:42:01 - [TEST_STEP][PASSED] - delay: Delayed 1 second(s)

2018-05-16 18:42:02 - [MESSAGE][PASSED] - Delayed 1 second(s)

2018-05-16 18:42:02 - [TEST_STEP][PASSED] - selectOptionByIndex: All options with index in [10] are selected on object 'Object Repository/Store Request Schedule 1/Page_Store/select_--Select--Adernaline 0.'

2018-05-16 18:42:02 - [MESSAGE][PASSED] - All options with index in [10] are selected on object 'Object Repository/Store Request Schedule 1/Page_Store/select_--Select--Adernaline 0.'

2018-05-16 18:42:02 - [TEST_STEP][PASSED] - setText: Text '100' is set on object 'Object Repository/Store Request Schedule 1/Page_Store/input_txttreat'

2018-05-16 18:42:02 - [MESSAGE][PASSED] - Text '100' is set on object 'Object Repository/Store Request Schedule 1/Page_Store/input_txttreat'

2018-05-16 18:42:02 - [TEST_STEP][PASSED] - click: Object: 'Object Repository/Store Request Schedule 1/Page_Store/button_Add' is clicked on

2018-05-16 18:42:02 - [MESSAGE][PASSED] - Object: 'Object Repository/Store Request Schedule 1/Page_Store/button_Add' is clicked on

2018-05-16 18:42:02 - [TEST_STEP][PASSED] - selectOptionByIndex: All options with index in [2] are selected on object 'Object Repository/Store Request Schedule 1/Page_Store/select_--Select--Schedule 1Inj'

2018-05-16 18:42:02 - [MESSAGE][PASSED] - All options with index in [2] are selected on object 'Object Repository/Store Request Schedule 1/Page_Store/select_--Select--Schedule 1Inj'

2018-05-16 18:42:02 - [TEST_STEP][PASSED] - delay: Delayed 1 second(s)

2018-05-16 18:42:03 - [MESSAGE][PASSED] - Delayed 1 second(s)

2018-05-16 18:42:03 - [TEST_STEP][PASSED] - selectOptionByIndex: All options with index in [11] are selected on object 'Object Repository/Store Request Schedule 1/Page_Store/select_--Select--Adernaline 0.'

2018-05-16 18:42:03 - [MESSAGE][PASSED] - All options with index in [11] are selected on object 'Object Repository/Store Request Schedule 1/Page_Store/select_--Select--Adernaline 0.'

2018-05-16 18:42:03 - [TEST_STEP][PASSED] - setText: Text '100' is set on object 'Object Repository/Store Request Schedule 1/Page_Store/input_txttreat'

2018-05-16 18:42:03 - [MESSAGE][PASSED] - Text '100' is set on object 'Object Repository/Store Request Schedule 1/Page_Store/input_txttreat'

2018-05-16 18:42:03 - [TEST_STEP][PASSED] - click: Object: 'Object Repository/Store Request Schedule 1/Page_Store/button_Add' is clicked on

2018-05-16 18:42:03 - [MESSAGE][PASSED] - Object: 'Object Repository/Store Request Schedule 1/Page_Store/button_Add' is clicked on

2018-05-16 18:42:03 - [TEST_STEP][PASSED] - selectOptionByIndex: All options with index in [2] are selected on object 'Object Repository/Store Request Schedule 1/Page_Store/select_--Select--Schedule 1Inj'

2018-05-16 18:42:04 - [MESSAGE][PASSED] - All options with index in [2] are selected on object 'Object Repository/Store Request Schedule 1/Page_Store/select_--Select--Schedule 1Inj'

2018-05-16 18:42:04 - [TEST_STEP][PASSED] - delay: Delayed 1 second(s)

2018-05-16 18:42:05 - [MESSAGE][PASSED] - Delayed 1 second(s)

2018-05-16 18:42:05 - [TEST_STEP][PASSED] - selectOptionByIndex: All options with index in [12] are selected on object 'Object Repository/Store Request Schedule 1/Page_Store/select_--Select--Adernaline 0.'

2018-05-16 18:42:05 - [MESSAGE][PASSED] - All options with index in [12] are selected on object 'Object Repository/Store Request Schedule 1/Page_Store/select_--Select--Adernaline 0.'

2018-05-16 18:42:05 - [TEST_STEP][PASSED] - setText: Text '100' is set on object 'Object Repository/Store Request Schedule 1/Page_Store/input_txttreat'

2018-05-16 18:42:05 - [MESSAGE][PASSED] - Text '100' is set on object 'Object Repository/Store Request Schedule 1/Page_Store/input_txttreat'

2018-05-16 18:42:05 - [TEST_STEP][PASSED] - click: Object: 'Object Repository/Store Request Schedule 1/Page_Store/button_Add' is clicked on

2018-05-16 18:42:05 - [MESSAGE][PASSED] - Object: 'Object Repository/Store Request Schedule 1/Page_Store/button_Add' is clicked on

2018-05-16 18:42:05 - [TEST_STEP][PASSED] - selectOptionByIndex: All options with index in [2] are selected on object 'Object Repository/Store Request Schedule 1/Page_Store/select_--Select--Schedule 1Inj'

2018-05-16 18:42:05 - [MESSAGE][PASSED] - All options with index in [2] are selected on object 'Object Repository/Store Request Schedule 1/Page_Store/select_--Select--Schedule 1Inj'

2018-05-16 18:42:05 - [TEST_STEP][PASSED] - delay: Delayed 1 second(s)

2018-05-16 18:42:06 - [MESSAGE][PASSED] - Delayed 1 second(s)

2018-05-16 18:42:06 - [TEST_STEP][PASSED] - selectOptionByIndex: All options with index in [13] are selected on object 'Object Repository/Store Request Schedule 1/Page_Store/select_--Select--Adernaline 0.'

2018-05-16 18:42:06 - [MESSAGE][PASSED] - All options with index in [13] are selected on object 'Object Repository/Store Request Schedule 1/Page_Store/select_--Select--Adernaline 0.'

2018-05-16 18:42:06 - [TEST_STEP][PASSED] - setText: Text '100' is set on object 'Object Repository/Store Request Schedule 1/Page_Store/input_txttreat'

2018-05-16 18:42:06 - [MESSAGE][PASSED] - Text '100' is set on object 'Object Repository/Store Request Schedule 1/Page_Store/input_txttreat'

2018-05-16 18:42:06 - [TEST_STEP][PASSED] - click: Object: 'Object Repository/Store Request Schedule 1/Page_Store/button_Add' is clicked on

2018-05-16 18:42:07 - [MESSAGE][PASSED] - Object: 'Object Repository/Store Request Schedule 1/Page_Store/button_Add' is clicked on

2018-05-16 18:42:07 - [TEST_STEP][PASSED] - selectOptionByIndex: All options with index in [2] are selected on object 'Object Repository/Store Request Schedule 1/Page_Store/select_--Select--Schedule 1Inj'

2018-05-16 18:42:07 - [MESSAGE][PASSED] - All options with index in [2] are selected on object 'Object Repository/Store Request Schedule 1/Page_Store/select_--Select--Schedule 1Inj'

2018-05-16 18:42:07 - [TEST_STEP][PASSED] - delay: Delayed 1 second(s)

2018-05-16 18:42:08 - [MESSAGE][PASSED] - Delayed 1 second(s)

2018-05-16 18:42:08 - [TEST_STEP][PASSED] - selectOptionByIndex: All options with index in [14] are selected on object 'Object Repository/Store Request Schedule 1/Page_Store/select_--Select--Adernaline 0.'

2018-05-16 18:42:08 - [MESSAGE][PASSED] - All options with index in [14] are selected on object 'Object Repository/Store Request Schedule 1/Page_Store/select_--Select--Adernaline 0.'

2018-05-16 18:42:08 - [TEST_STEP][PASSED] - setText: Text '100' is set on object 'Object Repository/Store Request Schedule 1/Page_Store/input_txttreat'

2018-05-16 18:42:08 - [MESSAGE][PASSED] - Text '100' is set on object 'Object Repository/Store Request Schedule 1/Page_Store/input_txttreat'

2018-05-16 18:42:08 - [TEST_STEP][PASSED] - click: Object: 'Object Repository/Store Request Schedule 1/Page_Store/button_Add' is clicked on

2018-05-16 18:42:08 - [MESSAGE][PASSED] - Object: 'Object Repository/Store Request Schedule 1/Page_Store/button_Add' is clicked on

2018-05-16 18:42:08 - [TEST_STEP][PASSED] - selectOptionByIndex: All options with index in [2] are selected on object 'Object Repository/Store Request Schedule 1/Page_Store/select_--Select--Schedule 1Inj'

2018-05-16 18:42:08 - [MESSAGE][PASSED] - All options with index in [2] are selected on object 'Object Repository/Store Request Schedule 1/Page_Store/select_--Select--Schedule 1Inj'

2018-05-16 18:42:08 - [TEST_STEP][PASSED] - delay: Delayed 1 second(s)

2018-05-16 18:42:09 - [MESSAGE][PASSED] - Delayed 1 second(s)

2018-05-16 18:42:09 - [TEST_STEP][PASSED] - selectOptionByIndex: All options with index in [15] are selected on object 'Object Repository/Store Request Schedule 1/Page_Store/select_--Select--Adernaline 0.'

2018-05-16 18:42:10 - [MESSAGE][PASSED] - All options with index in [15] are selected on object 'Object Repository/Store Request Schedule 1/Page_Store/select_--Select--Adernaline 0.'

2018-05-16 18:42:10 - [TEST_STEP][PASSED] - setText: Text '100' is set on object 'Object Repository/Store Request Schedule 1/Page_Store/input_txttreat'

2018-05-16 18:42:10 - [MESSAGE][PASSED] - Text '100' is set on object 'Object Repository/Store Request Schedule 1/Page_Store/input_txttreat'

2018-05-16 18:42:10 - [TEST_STEP][PASSED] - click: Object: 'Object Repository/Store Request Schedule 1/Page_Store/button_Add' is clicked on

2018-05-16 18:42:10 - [MESSAGE][PASSED] - Object: 'Object Repository/Store Request Schedule 1/Page_Store/button_Add' is clicked on

2018-05-16 18:42:10 - [TEST_STEP][PASSED] - selectOptionByIndex: All options with index in [2] are selected on object 'Object Repository/Store Request Schedule 1/Page_Store/select_--Select--Schedule 1Inj'

2018-05-16 18:42:10 - [MESSAGE][PASSED] - All options with index in [2] are selected on object 'Object Repository/Store Request Schedule 1/Page_Store/select_--Select--Schedule 1Inj'

2018-05-16 18:42:10 - [TEST_STEP][PASSED] - delay: Delayed 1 second(s)

2018-05-16 18:42:11 - [MESSAGE][PASSED] - Delayed 1 second(s)

2018-05-16 18:42:11 - [TEST_STEP][PASSED] - selectOptionByIndex: All options with index in [16] are selected on object 'Object Repository/Store Request Schedule 1/Page_Store/select_--Select--Adernaline 0.'

2018-05-16 18:42:11 - [MESSAGE][PASSED] - All options with index in [16] are selected on object 'Object Repository/Store Request Schedule 1/Page_Store/select_--Select--Adernaline 0.'

2018-05-16 18:42:11 - [TEST_STEP][PASSED] - setText: Text '100' is set on object 'Object Repository/Store Request Schedule 1/Page_Store/input_txttreat'

2018-05-16 18:42:11 - [MESSAGE][PASSED] - Text '100' is set on object 'Object Repository/Store Request Schedule 1/Page_Store/input_txttreat'

2018-05-16 18:42:11 - [TEST_STEP][PASSED] - click: Object: 'Object Repository/Store Request Schedule 1/Page_Store/button_Add' is clicked on

2018-05-16 18:42:11 - [MESSAGE][PASSED] - Object: 'Object Repository/Store Request Schedule 1/Page_Store/button_Add' is clicked on

2018-05-16 18:42:11 - [TEST_STEP][PASSED] - selectOptionByIndex: All options with index in [2] are selected on object 'Object Repository/Store Request Schedule 1/Page_Store/select_--Select--Schedule 1Inj'

2018-05-16 18:42:11 - [MESSAGE][PASSED] - All options with index in [2] are selected on object 'Object Repository/Store Request Schedule 1/Page_Store/select_--Select--Schedule 1Inj'

2018-05-16 18:42:11 - [TEST_STEP][PASSED] - delay: Delayed 1 second(s)

2018-05-16 18:42:12 - [MESSAGE][PASSED] - Delayed 1 second(s)

2018-05-16 18:42:12 - [TEST_STEP][PASSED] - selectOptionByIndex: All options with index in [17] are selected on object 'Object Repository/Store Request Schedule 1/Page_Store/select_--Select--Adernaline 0.'

2018-05-16 18:42:13 - [MESSAGE][PASSED] - All options with index in [17] are selected on object 'Object Repository/Store Request Schedule 1/Page_Store/select_--Select--Adernaline 0.'

2018-05-16 18:42:13 - [TEST_STEP][PASSED] - setText: Text '100' is set on object 'Object Repository/Store Request Schedule 1/Page_Store/input_txttreat'

2018-05-16 18:42:13 - [MESSAGE][PASSED] - Text '100' is set on object 'Object Repository/Store Request Schedule 1/Page_Store/input_txttreat'

2018-05-16 18:42:13 - [TEST_STEP][PASSED] - click: Object: 'Object Repository/Store Request Schedule 1/Page_Store/button_Add' is clicked on

2018-05-16 18:42:13 - [MESSAGE][PASSED] - Object: 'Object Repository/Store Request Schedule 1/Page_Store/button_Add' is clicked on

2018-05-16 18:42:13 - [TEST_STEP][PASSED] - selectOptionByIndex: All options with index in [2] are selected on object 'Object Repository/Store Request Schedule 1/Page_Store/select_--Select--Schedule 1Inj'

2018-05-16 18:42:13 - [MESSAGE][PASSED] - All options with index in [2] are selected on object 'Object Repository/Store Request Schedule 1/Page_Store/select_--Select--Schedule 1Inj'

2018-05-16 18:42:13 - [TEST_STEP][PASSED] - delay: Delayed 1 second(s)

2018-05-16 18:42:14 - [MESSAGE][PASSED] - Delayed 1 second(s)

2018-05-16 18:42:14 - [TEST_STEP][PASSED] - selectOptionByIndex: All options with index in [18] are selected on object 'Object Repository/Store Request Schedule 1/Page_Store/select_--Select--Adernaline 0.'

2018-05-16 18:42:14 - [MESSAGE][PASSED] - All options with index in [18] are selected on object 'Object Repository/Store Request Schedule 1/Page_Store/select_--Select--Adernaline 0.'

2018-05-16 18:42:14 - [TEST_STEP][PASSED] - setText: Text '100' is set on object 'Object Repository/Store Request Schedule 1/Page_Store/input_txttreat'

2018-05-16 18:42:14 - [MESSAGE][PASSED] - Text '100' is set on object 'Object Repository/Store Request Schedule 1/Page_Store/input_txttreat'

2018-05-16 18:42:14 - [TEST_STEP][PASSED] - click: Object: 'Object Repository/Store Request Schedule 1/Page_Store/button_Add' is clicked on

2018-05-16 18:42:15 - [MESSAGE][PASSED] - Object: 'Object Repository/Store Request Schedule 1/Page_Store/button_Add' is clicked on

2018-05-16 18:42:15 - [TEST_STEP][PASSED] - selectOptionByIndex: All options with index in [2] are selected on object 'Object Repository/Store Request Schedule 1/Page_Store/select_--Select--Schedule 1Inj'

2018-05-16 18:42:15 - [MESSAGE][PASSED] - All options with index in [2] are selected on object 'Object Repository/Store Request Schedule 1/Page_Store/select_--Select--Schedule 1Inj'

2018-05-16 18:42:15 - [TEST_STEP][PASSED] - delay: Delayed 1 second(s)

2018-05-16 18:42:16 - [MESSAGE][PASSED] - Delayed 1 second(s)

2018-05-16 18:42:16 - [TEST_STEP][PASSED] - selectOptionByIndex: All options with index in [19] are selected on object 'Object Repository/Store Request Schedule 1/Page_Store/select_--Select--Adernaline 0.'

2018-05-16 18:42:16 - [MESSAGE][PASSED] - All options with index in [19] are selected on object 'Object Repository/Store Request Schedule 1/Page_Store/select_--Select--Adernaline 0.'

2018-05-16 18:42:16 - [TEST_STEP][PASSED] - setText: Text '100' is set on object 'Object Repository/Store Request Schedule 1/Page_Store/input_txttreat'

2018-05-16 18:42:16 - [MESSAGE][PASSED] - Text '100' is set on object 'Object Repository/Store Request Schedule 1/Page_Store/input_txttreat'

2018-05-16 18:42:16 - [TEST_STEP][PASSED] - click: Object: 'Object Repository/Store Request Schedule 1/Page_Store/button_Add' is clicked on

2018-05-16 18:42:16 - [MESSAGE][PASSED] - Object: 'Object Repository/Store Request Schedule 1/Page_Store/button_Add' is clicked on

2018-05-16 18:42:16 - [TEST_STEP][PASSED] - selectOptionByIndex: All options with index in [2] are selected on object 'Object Repository/Store Request Schedule 1/Page_Store/select_--Select--Schedule 1Inj'

2018-05-16 18:42:16 - [MESSAGE][PASSED] - All options with index in [2] are selected on object 'Object Repository/Store Request Schedule 1/Page_Store/select_--Select--Schedule 1Inj'

2018-05-16 18:42:16 - [TEST_STEP][PASSED] - delay: Delayed 1 second(s)

2018-05-16 18:42:17 - [MESSAGE][PASSED] - Delayed 1 second(s)

2018-05-16 18:42:17 - [TEST_STEP][PASSED] - selectOptionByIndex: All options with index in [20] are selected on object 'Object Repository/Store Request Schedule 1/Page_Store/select_--Select--Adernaline 0.'

2018-05-16 18:42:18 - [MESSAGE][PASSED] - All options with index in [20] are selected on object 'Object Repository/Store Request Schedule 1/Page_Store/select_--Select--Adernaline 0.'

2018-05-16 18:42:18 - [TEST_STEP][PASSED] - setText: Text '100' is set on object 'Object Repository/Store Request Schedule 1/Page_Store/input_txttreat'

2018-05-16 18:42:18 - [MESSAGE][PASSED] - Text '100' is set on object 'Object Repository/Store Request Schedule 1/Page_Store/input_txttreat'

2018-05-16 18:42:18 - [TEST_STEP][PASSED] - click: Object: 'Object Repository/Store Request Schedule 1/Page_Store/button_Add' is clicked on

2018-05-16 18:42:18 - [MESSAGE][PASSED] - Object: 'Object Repository/Store Request Schedule 1/Page_Store/button_Add' is clicked on

2018-05-16 18:42:18 - [TEST_STEP][PASSED] - selectOptionByIndex: All options with index in [2] are selected on object 'Object Repository/Store Request Schedule 1/Page_Store/select_--Select--Schedule 1Inj'

2018-05-16 18:42:18 - [MESSAGE][PASSED] - All options with index in [2] are selected on object 'Object Repository/Store Request Schedule 1/Page_Store/select_--Select--Schedule 1Inj'

2018-05-16 18:42:18 - [TEST_STEP][PASSED] - delay: Delayed 1 second(s)

2018-05-16 18:42:19 - [MESSAGE][PASSED] - Delayed 1 second(s)

2018-05-16 18:42:19 - [TEST_STEP][PASSED] - selectOptionByIndex: All options with index in [21] are selected on object 'Object Repository/Store Request Schedule 1/Page_Store/select_--Select--Adernaline 0.'

2018-05-16 18:42:19 - [MESSAGE][PASSED] - All options with index in [21] are selected on object 'Object Repository/Store Request Schedule 1/Page_Store/select_--Select--Adernaline 0.'

2018-05-16 18:42:19 - [TEST_STEP][PASSED] - setText: Text '100' is set on object 'Object Repository/Store Request Schedule 1/Page_Store/input_txttreat'

2018-05-16 18:42:19 - [MESSAGE][PASSED] - Text '100' is set on object 'Object Repository/Store Request Schedule 1/Page_Store/input_txttreat'

2018-05-16 18:42:19 - [TEST_STEP][PASSED] - click: Object: 'Object Repository/Store Request Schedule 1/Page_Store/button_Add' is clicked on

2018-05-16 18:42:19 - [MESSAGE][PASSED] - Object: 'Object Repository/Store Request Schedule 1/Page_Store/button_Add' is clicked on

2018-05-16 18:42:19 - [TEST_STEP][PASSED] - selectOptionByIndex: All options with index in [2] are selected on object 'Object Repository/Store Request Schedule 1/Page_Store/select_--Select--Schedule 1Inj'

2018-05-16 18:42:19 - [MESSAGE][PASSED] - All options with index in [2] are selected on object 'Object Repository/Store Request Schedule 1/Page_Store/select_--Select--Schedule 1Inj'

2018-05-16 18:42:19 - [TEST_STEP][PASSED] - delay: Delayed 1 second(s)

2018-05-16 18:42:20 - [MESSAGE][PASSED] - Delayed 1 second(s)

2018-05-16 18:42:20 - [TEST_STEP][PASSED] - selectOptionByIndex: All options with index in [22] are selected on object 'Object Repository/Store Request Schedule 1/Page_Store/select_--Select--Adernaline 0.'

2018-05-16 18:42:21 - [MESSAGE][PASSED] - All options with index in [22] are selected on object 'Object Repository/Store Request Schedule 1/Page_Store/select_--Select--Adernaline 0.'

2018-05-16 18:42:21 - [TEST_STEP][PASSED] - setText: Text '100' is set on object 'Object Repository/Store Request Schedule 1/Page_Store/input_txttreat'

2018-05-16 18:42:21 - [MESSAGE][PASSED] - Text '100' is set on object 'Object Repository/Store Request Schedule 1/Page_Store/input_txttreat'

2018-05-16 18:42:21 - [TEST_STEP][PASSED] - click: Object: 'Object Repository/Store Request Schedule 1/Page_Store/button_Add' is clicked on

2018-05-16 18:42:21 - [MESSAGE][PASSED] - Object: 'Object Repository/Store Request Schedule 1/Page_Store/button_Add' is clicked on

2018-05-16 18:42:21 - [TEST_STEP][PASSED] - selectOptionByIndex: All options with index in [2] are selected on object 'Object Repository/Store Request Schedule 1/Page_Store/select_--Select--Schedule 1Inj'

2018-05-16 18:42:21 - [MESSAGE][PASSED] - All options with index in [2] are selected on object 'Object Repository/Store Request Schedule 1/Page_Store/select_--Select--Schedule 1Inj'

2018-05-16 18:42:21 - [TEST_STEP][PASSED] - delay: Delayed 1 second(s)

2018-05-16 18:42:22 - [MESSAGE][PASSED] - Delayed 1 second(s)

2018-05-16 18:42:22 - [TEST_STEP][PASSED] - selectOptionByIndex: All options with index in [23] are selected on object 'Object Repository/Store Request Schedule 1/Page_Store/select_--Select--Adernaline 0.'

2018-05-16 18:42:22 - [MESSAGE][PASSED] - All options with index in [23] are selected on object 'Object Repository/Store Request Schedule 1/Page_Store/select_--Select--Adernaline 0.'

2018-05-16 18:42:22 - [TEST_STEP][PASSED] - setText: Text '100' is set on object 'Object Repository/Store Request Schedule 1/Page_Store/input_txttreat'

2018-05-16 18:42:22 - [MESSAGE][PASSED] - Text '100' is set on object 'Object Repository/Store Request Schedule 1/Page_Store/input_txttreat'

2018-05-16 18:42:22 - [TEST_STEP][PASSED] - click: Object: 'Object Repository/Store Request Schedule 1/Page_Store/button_Add' is clicked on

2018-05-16 18:42:23 - [MESSAGE][PASSED] - Object: 'Object Repository/Store Request Schedule 1/Page_Store/button_Add' is clicked on

2018-05-16 18:42:23 - [TEST_STEP][PASSED] - selectOptionByIndex: All options with index in [2] are selected on object 'Object Repository/Store Request Schedule 1/Page_Store/select_--Select--Schedule 1Inj'

2018-05-16 18:42:23 - [MESSAGE][PASSED] - All options with index in [2] are selected on object 'Object Repository/Store Request Schedule 1/Page_Store/select_--Select--Schedule 1Inj'

2018-05-16 18:42:23 - [TEST_STEP][PASSED] - delay: Delayed 1 second(s)

2018-05-16 18:42:24 - [MESSAGE][PASSED] - Delayed 1 second(s)

2018-05-16 18:42:24 - [TEST_STEP][PASSED] - selectOptionByIndex: All options with index in [24] are selected on object 'Object Repository/Store Request Schedule 1/Page_Store/select_--Select--Adernaline 0.'

2018-05-16 18:42:24 - [MESSAGE][PASSED] - All options with index in [24] are selected on object 'Object Repository/Store Request Schedule 1/Page_Store/select_--Select--Adernaline 0.'

2018-05-16 18:42:24 - [TEST_STEP][PASSED] - setText: Text '100' is set on object 'Object Repository/Store Request Schedule 1/Page_Store/input_txttreat'

2018-05-16 18:42:24 - [MESSAGE][PASSED] - Text '100' is set on object 'Object Repository/Store Request Schedule 1/Page_Store/input_txttreat'

2018-05-16 18:42:24 - [TEST_STEP][PASSED] - click: Object: 'Object Repository/Store Request Schedule 1/Page_Store/button_Add' is clicked on

2018-05-16 18:42:24 - [MESSAGE][PASSED] - Object: 'Object Repository/Store Request Schedule 1/Page_Store/button_Add' is clicked on

2018-05-16 18:42:24 - [TEST_STEP][PASSED] - selectOptionByIndex: All options with index in [2] are selected on object 'Object Repository/Store Request Schedule 1/Page_Store/select_--Select--Schedule 1Inj'

2018-05-16 18:42:24 - [MESSAGE][PASSED] - All options with index in [2] are selected on object 'Object Repository/Store Request Schedule 1/Page_Store/select_--Select--Schedule 1Inj'

2018-05-16 18:42:24 - [TEST_STEP][PASSED] - delay: Delayed 1 second(s)

2018-05-16 18:42:25 - [MESSAGE][PASSED] - Delayed 1 second(s)

2018-05-16 18:42:25 - [TEST_STEP][PASSED] - selectOptionByIndex: All options with index in [25] are selected on object 'Object Repository/Store Request Schedule 1/Page_Store/select_--Select--Adernaline 0.'

2018-05-16 18:42:26 - [MESSAGE][PASSED] - All options with index in [25] are selected on object 'Object Repository/Store Request Schedule 1/Page_Store/select_--Select--Adernaline 0.'

2018-05-16 18:42:26 - [TEST_STEP][PASSED] - setText: Text '100' is set on object 'Object Repository/Store Request Schedule 1/Page_Store/input_txttreat'

2018-05-16 18:42:26 - [MESSAGE][PASSED] - Text '100' is set on object 'Object Repository/Store Request Schedule 1/Page_Store/input_txttreat'

2018-05-16 18:42:26 - [TEST_STEP][PASSED] - click: Object: 'Object Repository/Store Request Schedule 1/Page_Store/button_Add' is clicked on

2018-05-16 18:42:26 - [MESSAGE][PASSED] - Object: 'Object Repository/Store Request Schedule 1/Page_Store/button_Add' is clicked on

2018-05-16 18:42:26 - [TEST_STEP][PASSED] - selectOptionByIndex: All options with index in [2] are selected on object 'Object Repository/Store Request Schedule 1/Page_Store/select_--Select--Schedule 1Inj'

2018-05-16 18:42:26 - [MESSAGE][PASSED] - All options with index in [2] are selected on object 'Object Repository/Store Request Schedule 1/Page_Store/select_--Select--Schedule 1Inj'

2018-05-16 18:42:26 - [TEST_STEP][PASSED] - delay: Delayed 1 second(s)

2018-05-16 18:42:27 - [MESSAGE][PASSED] - Delayed 1 second(s)

2018-05-16 18:42:27 - [TEST_STEP][PASSED] - selectOptionByIndex: All options with index in [26] are selected on object 'Object Repository/Store Request Schedule 1/Page_Store/select_--Select--Adernaline 0.'

2018-05-16 18:42:27 - [MESSAGE][PASSED] - All options with index in [26] are selected on object 'Object Repository/Store Request Schedule 1/Page_Store/select_--Select--Adernaline 0.'

2018-05-16 18:42:27 - [TEST_STEP][PASSED] - setText: Text '100' is set on object 'Object Repository/Store Request Schedule 1/Page_Store/input_txttreat'

2018-05-16 18:42:27 - [MESSAGE][PASSED] - Text '100' is set on object 'Object Repository/Store Request Schedule 1/Page_Store/input_txttreat'

2018-05-16 18:42:27 - [TEST_STEP][PASSED] - click: Object: 'Object Repository/Store Request Schedule 1/Page_Store/button_Add' is clicked on

2018-05-16 18:42:28 - [MESSAGE][PASSED] - Object: 'Object Repository/Store Request Schedule 1/Page_Store/button_Add' is clicked on

2018-05-16 18:42:28 - [TEST_STEP][PASSED] - selectOptionByIndex: All options with index in [2] are selected on object 'Object Repository/Store Request Schedule 1/Page_Store/select_--Select--Schedule 1Inj'

2018-05-16 18:42:28 - [MESSAGE][PASSED] - All options with index in [2] are selected on object 'Object Repository/Store Request Schedule 1/Page_Store/select_--Select--Schedule 1Inj'

2018-05-16 18:42:28 - [TEST_STEP][PASSED] - delay: Delayed 1 second(s)

2018-05-16 18:42:29 - [MESSAGE][PASSED] - Delayed 1 second(s)

2018-05-16 18:42:29 - [TEST_STEP][PASSED] - selectOptionByIndex: All options with index in [27] are selected on object 'Object Repository/Store Request Schedule 1/Page_Store/select_--Select--Adernaline 0.'

2018-05-16 18:42:29 - [MESSAGE][PASSED] - All options with index in [27] are selected on object 'Object Repository/Store Request Schedule 1/Page_Store/select_--Select--Adernaline 0.'

2018-05-16 18:42:29 - [TEST_STEP][PASSED] - setText: Text '100' is set on object 'Object Repository/Store Request Schedule 1/Page_Store/input_txttreat'

2018-05-16 18:42:29 - [MESSAGE][PASSED] - Text '100' is set on object 'Object Repository/Store Request Schedule 1/Page_Store/input_txttreat'

2018-05-16 18:42:29 - [TEST_STEP][PASSED] - click: Object: 'Object Repository/Store Request Schedule 1/Page_Store/button_Add' is clicked on

2018-05-16 18:42:29 - [MESSAGE][PASSED] - Object: 'Object Repository/Store Request Schedule 1/Page_Store/button_Add' is clicked on

2018-05-16 18:42:29 - [TEST_STEP][PASSED] - selectOptionByIndex: All options with index in [2] are selected on object 'Object Repository/Store Request Schedule 1/Page_Store/select_--Select--Schedule 1Inj'

2018-05-16 18:42:29 - [MESSAGE][PASSED] - All options with index in [2] are selected on object 'Object Repository/Store Request Schedule 1/Page_Store/select_--Select--Schedule 1Inj'

2018-05-16 18:42:29 - [TEST_STEP][PASSED] - delay: Delayed 1 second(s)

2018-05-16 18:42:30 - [MESSAGE][PASSED] - Delayed 1 second(s)

2018-05-16 18:42:30 - [TEST_STEP][PASSED] - selectOptionByIndex: All options with index in [28] are selected on object 'Object Repository/Store Request Schedule 1/Page_Store/select_--Select--Adernaline 0.'

2018-05-16 18:42:31 - [MESSAGE][PASSED] - All options with index in [28] are selected on object 'Object Repository/Store Request Schedule 1/Page_Store/select_--Select--Adernaline 0.'

2018-05-16 18:42:31 - [TEST_STEP][PASSED] - setText: Text '100' is set on object 'Object Repository/Store Request Schedule 1/Page_Store/input_txttreat'

2018-05-16 18:42:31 - [MESSAGE][PASSED] - Text '100' is set on object 'Object Repository/Store Request Schedule 1/Page_Store/input_txttreat'

2018-05-16 18:42:31 - [TEST_STEP][PASSED] - click: Object: 'Object Repository/Store Request Schedule 1/Page_Store/button_Add' is clicked on

2018-05-16 18:42:31 - [MESSAGE][PASSED] - Object: 'Object Repository/Store Request Schedule 1/Page_Store/button_Add' is clicked on

2018-05-16 18:42:31 - [TEST_STEP][PASSED] - selectOptionByIndex: All options with index in [2] are selected on object 'Object Repository/Store Request Schedule 1/Page_Store/select_--Select--Schedule 1Inj'

2018-05-16 18:42:31 - [MESSAGE][PASSED] - All options with index in [2] are selected on object 'Object Repository/Store Request Schedule 1/Page_Store/select_--Select--Schedule 1Inj'

2018-05-16 18:42:31 - [TEST_STEP][PASSED] - delay: Delayed 1 second(s)

2018-05-16 18:42:32 - [MESSAGE][PASSED] - Delayed 1 second(s)

2018-05-16 18:42:32 - [TEST_STEP][PASSED] - selectOptionByIndex: All options with index in [29] are selected on object 'Object Repository/Store Request Schedule 1/Page_Store/select_--Select--Adernaline 0.'

2018-05-16 18:42:32 - [MESSAGE][PASSED] - All options with index in [29] are selected on object 'Object Repository/Store Request Schedule 1/Page_Store/select_--Select--Adernaline 0.'

2018-05-16 18:42:32 - [TEST_STEP][PASSED] - setText: Text '100' is set on object 'Object Repository/Store Request Schedule 1/Page_Store/input_txttreat'

2018-05-16 18:42:33 - [MESSAGE][PASSED] - Text '100' is set on object 'Object Repository/Store Request Schedule 1/Page_Store/input_txttreat'

2018-05-16 18:42:33 - [TEST_STEP][PASSED] - click: Object: 'Object Repository/Store Request Schedule 1/Page_Store/button_Add' is clicked on

2018-05-16 18:42:33 - [MESSAGE][PASSED] - Object: 'Object Repository/Store Request Schedule 1/Page_Store/button_Add' is clicked on

2018-05-16 18:42:33 - [TEST_STEP][PASSED] - selectOptionByIndex: All options with index in [2] are selected on object 'Object Repository/Store Request Schedule 1/Page_Store/select_--Select--Schedule 1Inj'

2018-05-16 18:42:33 - [MESSAGE][PASSED] - All options with index in [2] are selected on object 'Object Repository/Store Request Schedule 1/Page_Store/select_--Select--Schedule 1Inj'

2018-05-16 18:42:33 - [TEST_STEP][PASSED] - delay: Delayed 1 second(s)

2018-05-16 18:42:34 - [MESSAGE][PASSED] - Delayed 1 second(s)

2018-05-16 18:42:34 - [TEST_STEP][PASSED] - selectOptionByIndex: All options with index in [30] are selected on object 'Object Repository/Store Request Schedule 1/Page_Store/select_--Select--Adernaline 0.'

2018-05-16 18:42:34 - [MESSAGE][PASSED] - All options with index in [30] are selected on object 'Object Repository/Store Request Schedule 1/Page_Store/select_--Select--Adernaline 0.'

2018-05-16 18:42:34 - [TEST_STEP][PASSED] - setText: Text '100' is set on object 'Object Repository/Store Request Schedule 1/Page_Store/input_txttreat'

2018-05-16 18:42:34 - [MESSAGE][PASSED] - Text '100' is set on object 'Object Repository/Store Request Schedule 1/Page_Store/input_txttreat'

2018-05-16 18:42:34 - [TEST_STEP][PASSED] - click: Object: 'Object Repository/Store Request Schedule 1/Page_Store/button_Add' is clicked on

2018-05-16 18:42:34 - [MESSAGE][PASSED] - Object: 'Object Repository/Store Request Schedule 1/Page_Store/button_Add' is clicked on

2018-05-16 18:42:34 - [TEST_STEP][PASSED] - selectOptionByIndex: All options with index in [2] are selected on object 'Object Repository/Store Request Schedule 1/Page_Store/select_--Select--Schedule 1Inj'

2018-05-16 18:42:34 - [MESSAGE][PASSED] - All options with index in [2] are selected on object 'Object Repository/Store Request Schedule 1/Page_Store/select_--Select--Schedule 1Inj'

2018-05-16 18:42:34 - [TEST_STEP][PASSED] - delay: Delayed 1 second(s)

2018-05-16 18:42:35 - [MESSAGE][PASSED] - Delayed 1 second(s)

2018-05-16 18:42:35 - [TEST_STEP][PASSED] - selectOptionByIndex: All options with index in [31] are selected on object 'Object Repository/Store Request Schedule 1/Page_Store/select_--Select--Adernaline 0.'

2018-05-16 18:42:36 - [MESSAGE][PASSED] - All options with index in [31] are selected on object 'Object Repository/Store Request Schedule 1/Page_Store/select_--Select--Adernaline 0.'

2018-05-16 18:42:36 - [TEST_STEP][PASSED] - setText: Text '100' is set on object 'Object Repository/Store Request Schedule 1/Page_Store/input_txttreat'

2018-05-16 18:42:36 - [MESSAGE][PASSED] - Text '100' is set on object 'Object Repository/Store Request Schedule 1/Page_Store/input_txttreat'

2018-05-16 18:42:36 - [TEST_STEP][PASSED] - click: Object: 'Object Repository/Store Request Schedule 1/Page_Store/button_Add' is clicked on

2018-05-16 18:42:36 - [MESSAGE][PASSED] - Object: 'Object Repository/Store Request Schedule 1/Page_Store/button_Add' is clicked on

2018-05-16 18:42:36 - [TEST_STEP][PASSED] - selectOptionByIndex: All options with index in [2] are selected on object 'Object Repository/Store Request Schedule 1/Page_Store/select_--Select--Schedule 1Inj'

2018-05-16 18:42:36 - [MESSAGE][PASSED] - All options with index in [2] are selected on object 'Object Repository/Store Request Schedule 1/Page_Store/select_--Select--Schedule 1Inj'

2018-05-16 18:42:36 - [TEST_STEP][PASSED] - delay: Delayed 1 second(s)

2018-05-16 18:42:37 - [MESSAGE][PASSED] - Delayed 1 second(s)

2018-05-16 18:42:37 - [TEST_STEP][PASSED] - selectOptionByIndex: All options with index in [32] are selected on object 'Object Repository/Store Request Schedule 1/Page_Store/select_--Select--Adernaline 0.'

2018-05-16 18:42:38 - [MESSAGE][PASSED] - All options with index in [32] are selected on object 'Object Repository/Store Request Schedule 1/Page_Store/select_--Select--Adernaline 0.'

2018-05-16 18:42:38 - [TEST_STEP][PASSED] - setText: Text '100' is set on object 'Object Repository/Store Request Schedule 1/Page_Store/input_txttreat'

2018-05-16 18:42:38 - [MESSAGE][PASSED] - Text '100' is set on object 'Object Repository/Store Request Schedule 1/Page_Store/input_txttreat'

2018-05-16 18:42:38 - [TEST_STEP][PASSED] - click: Object: 'Object Repository/Store Request Schedule 1/Page_Store/button_Add' is clicked on

2018-05-16 18:42:38 - [MESSAGE][PASSED] - Object: 'Object Repository/Store Request Schedule 1/Page_Store/button_Add' is clicked on

2018-05-16 18:42:38 - [TEST_STEP][PASSED] - selectOptionByIndex: All options with index in [2] are selected on object 'Object Repository/Store Request Schedule 1/Page_Store/select_--Select--Schedule 1Inj'

2018-05-16 18:42:38 - [MESSAGE][PASSED] - All options with index in [2] are selected on object 'Object Repository/Store Request Schedule 1/Page_Store/select_--Select--Schedule 1Inj'

2018-05-16 18:42:38 - [TEST_STEP][PASSED] - delay: Delayed 1 second(s)

2018-05-16 18:42:39 - [MESSAGE][PASSED] - Delayed 1 second(s)

2018-05-16 18:42:39 - [TEST_STEP][PASSED] - selectOptionByIndex: All options with index in [33] are selected on object 'Object Repository/Store Request Schedule 1/Page_Store/select_--Select--Adernaline 0.'

2018-05-16 18:42:39 - [MESSAGE][PASSED] - All options with index in [33] are selected on object 'Object Repository/Store Request Schedule 1/Page_Store/select_--Select--Adernaline 0.'

2018-05-16 18:42:39 - [TEST_STEP][PASSED] - setText: Text '100' is set on object 'Object Repository/Store Request Schedule 1/Page_Store/input_txttreat'

2018-05-16 18:42:39 - [MESSAGE][PASSED] - Text '100' is set on object 'Object Repository/Store Request Schedule 1/Page_Store/input_txttreat'

2018-05-16 18:42:39 - [TEST_STEP][PASSED] - click: Object: 'Object Repository/Store Request Schedule 1/Page_Store/button_Add' is clicked on

2018-05-16 18:42:40 - [MESSAGE][PASSED] - Object: 'Object Repository/Store Request Schedule 1/Page_Store/button_Add' is clicked on

2018-05-16 18:42:40 - [TEST_STEP][PASSED] - selectOptionByIndex: All options with index in [2] are selected on object 'Object Repository/Store Request Schedule 1/Page_Store/select_--Select--Schedule 1Inj'

2018-05-16 18:42:40 - [MESSAGE][PASSED] - All options with index in [2] are selected on object 'Object Repository/Store Request Schedule 1/Page_Store/select_--Select--Schedule 1Inj'

2018-05-16 18:42:40 - [TEST_STEP][PASSED] - delay: Delayed 1 second(s)

2018-05-16 18:42:41 - [MESSAGE][PASSED] - Delayed 1 second(s)

2018-05-16 18:42:41 - [TEST_STEP][PASSED] - selectOptionByIndex: All options with index in [34] are selected on object 'Object Repository/Store Request Schedule 1/Page_Store/select_--Select--Adernaline 0.'

2018-05-16 18:42:41 - [MESSAGE][PASSED] - All options with index in [34] are selected on object 'Object Repository/Store Request Schedule 1/Page_Store/select_--Select--Adernaline 0.'

2018-05-16 18:42:41 - [TEST_STEP][PASSED] - setText: Text '100' is set on object 'Object Repository/Store Request Schedule 1/Page_Store/input_txttreat'

2018-05-16 18:42:41 - [MESSAGE][PASSED] - Text '100' is set on object 'Object Repository/Store Request Schedule 1/Page_Store/input_txttreat'

2018-05-16 18:42:41 - [TEST_STEP][PASSED] - click: Object: 'Object Repository/Store Request Schedule 1/Page_Store/button_Add' is clicked on

2018-05-16 18:42:41 - [MESSAGE][PASSED] - Object: 'Object Repository/Store Request Schedule 1/Page_Store/button_Add' is clicked on

2018-05-16 18:42:41 - [TEST_STEP][PASSED] - selectOptionByIndex: All options with index in [2] are selected on object 'Object Repository/Store Request Schedule 1/Page_Store/select_--Select--Schedule 1Inj'

2018-05-16 18:42:41 - [MESSAGE][PASSED] - All options with index in [2] are selected on object 'Object Repository/Store Request Schedule 1/Page_Store/select_--Select--Schedule 1Inj'

2018-05-16 18:42:41 - [TEST_STEP][PASSED] - delay: Delayed 1 second(s)

2018-05-16 18:42:42 - [MESSAGE][PASSED] - Delayed 1 second(s)

2018-05-16 18:42:42 - [TEST_STEP][PASSED] - selectOptionByIndex: All options with index in [35] are selected on object 'Object Repository/Store Request Schedule 1/Page_Store/select_--Select--Adernaline 0.'

2018-05-16 18:42:43 - [MESSAGE][PASSED] - All options with index in [35] are selected on object 'Object Repository/Store Request Schedule 1/Page_Store/select_--Select--Adernaline 0.'

2018-05-16 18:42:43 - [TEST_STEP][PASSED] - setText: Text '100' is set on object 'Object Repository/Store Request Schedule 1/Page_Store/input_txttreat'

2018-05-16 18:42:43 - [MESSAGE][PASSED] - Text '100' is set on object 'Object Repository/Store Request Schedule 1/Page_Store/input_txttreat'

2018-05-16 18:42:43 - [TEST_STEP][PASSED] - click: Object: 'Object Repository/Store Request Schedule 1/Page_Store/button_Add' is clicked on

2018-05-16 18:42:43 - [MESSAGE][PASSED] - Object: 'Object Repository/Store Request Schedule 1/Page_Store/button_Add' is clicked on

2018-05-16 18:42:43 - [TEST_STEP][PASSED] - selectOptionByIndex: All options with index in [2] are selected on object 'Object Repository/Store Request Schedule 1/Page_Store/select_--Select--Schedule 1Inj'

2018-05-16 18:42:43 - [MESSAGE][PASSED] - All options with index in [2] are selected on object 'Object Repository/Store Request Schedule 1/Page_Store/select_--Select--Schedule 1Inj'

2018-05-16 18:42:43 - [TEST_STEP][PASSED] - delay: Delayed 1 second(s)

2018-05-16 18:42:44 - [MESSAGE][PASSED] - Delayed 1 second(s)

2018-05-16 18:42:44 - [TEST_STEP][PASSED] - selectOptionByIndex: All options with index in [36] are selected on object 'Object Repository/Store Request Schedule 1/Page_Store/select_--Select--Adernaline 0.'

2018-05-16 18:42:45 - [MESSAGE][PASSED] - All options with index in [36] are selected on object 'Object Repository/Store Request Schedule 1/Page_Store/select_--Select--Adernaline 0.'

2018-05-16 18:42:45 - [TEST_STEP][PASSED] - setText: Text '100' is set on object 'Object Repository/Store Request Schedule 1/Page_Store/input_txttreat'

2018-05-16 18:42:45 - [MESSAGE][PASSED] - Text '100' is set on object 'Object Repository/Store Request Schedule 1/Page_Store/input_txttreat'

2018-05-16 18:42:45 - [TEST_STEP][PASSED] - click: Object: 'Object Repository/Store Request Schedule 1/Page_Store/button_Add' is clicked on

2018-05-16 18:42:45 - [MESSAGE][PASSED] - Object: 'Object Repository/Store Request Schedule 1/Page_Store/button_Add' is clicked on

2018-05-16 18:42:45 - [TEST_STEP][PASSED] - selectOptionByIndex: All options with index in [2] are selected on object 'Object Repository/Store Request Schedule 1/Page_Store/select_--Select--Schedule 1Inj'

2018-05-16 18:42:45 - [MESSAGE][PASSED] - All options with index in [2] are selected on object 'Object Repository/Store Request Schedule 1/Page_Store/select_--Select--Schedule 1Inj'

2018-05-16 18:42:45 - [TEST_STEP][PASSED] - delay: Delayed 1 second(s)

2018-05-16 18:42:46 - [MESSAGE][PASSED] - Delayed 1 second(s)

2018-05-16 18:42:46 - [TEST_STEP][PASSED] - selectOptionByIndex: All options with index in [37] are selected on object 'Object Repository/Store Request Schedule 1/Page_Store/select_--Select--Adernaline 0.'

2018-05-16 18:42:46 - [MESSAGE][PASSED] - All options with index in [37] are selected on object 'Object Repository/Store Request Schedule 1/Page_Store/select_--Select--Adernaline 0.'

2018-05-16 18:42:46 - [TEST_STEP][PASSED] - setText: Text '100' is set on object 'Object Repository/Store Request Schedule 1/Page_Store/input_txttreat'

2018-05-16 18:42:47 - [MESSAGE][PASSED] - Text '100' is set on object 'Object Repository/Store Request Schedule 1/Page_Store/input_txttreat'

2018-05-16 18:42:47 - [TEST_STEP][PASSED] - click: Object: 'Object Repository/Store Request Schedule 1/Page_Store/button_Add' is clicked on

2018-05-16 18:42:47 - [MESSAGE][PASSED] - Object: 'Object Repository/Store Request Schedule 1/Page_Store/button_Add' is clicked on

2018-05-16 18:42:47 - [TEST_STEP][PASSED] - selectOptionByIndex: All options with index in [2] are selected on object 'Object Repository/Store Request Schedule 1/Page_Store/select_--Select--Schedule 1Inj'

2018-05-16 18:42:47 - [MESSAGE][PASSED] - All options with index in [2] are selected on object 'Object Repository/Store Request Schedule 1/Page_Store/select_--Select--Schedule 1Inj'

2018-05-16 18:42:47 - [TEST_STEP][PASSED] - delay: Delayed 1 second(s)

2018-05-16 18:42:48 - [MESSAGE][PASSED] - Delayed 1 second(s)

2018-05-16 18:42:48 - [TEST_STEP][PASSED] - selectOptionByIndex: All options with index in [38] are selected on object 'Object Repository/Store Request Schedule 1/Page_Store/select_--Select--Adernaline 0.'

2018-05-16 18:42:48 - [MESSAGE][PASSED] - All options with index in [38] are selected on object 'Object Repository/Store Request Schedule 1/Page_Store/select_--Select--Adernaline 0.'

2018-05-16 18:42:48 - [TEST_STEP][PASSED] - setText: Text '100' is set on object 'Object Repository/Store Request Schedule 1/Page_Store/input_txttreat'

2018-05-16 18:42:48 - [MESSAGE][PASSED] - Text '100' is set on object 'Object Repository/Store Request Schedule 1/Page_Store/input_txttreat'

2018-05-16 18:42:48 - [TEST_STEP][PASSED] - click: Object: 'Object Repository/Store Request Schedule 1/Page_Store/button_Add' is clicked on

2018-05-16 18:42:48 - [MESSAGE][PASSED] - Object: 'Object Repository/Store Request Schedule 1/Page_Store/button_Add' is clicked on

2018-05-16 18:42:48 - [TEST_STEP][PASSED] - selectOptionByIndex: All options with index in [2] are selected on object 'Object Repository/Store Request Schedule 1/Page_Store/select_--Select--Schedule 1Inj'

2018-05-16 18:42:49 - [MESSAGE][PASSED] - All options with index in [2] are selected on object 'Object Repository/Store Request Schedule 1/Page_Store/select_--Select--Schedule 1Inj'

2018-05-16 18:42:49 - [TEST_STEP][PASSED] - delay: Delayed 1 second(s)

2018-05-16 18:42:50 - [MESSAGE][PASSED] - Delayed 1 second(s)

2018-05-16 18:42:50 - [TEST_STEP][PASSED] - selectOptionByIndex: All options with index in [39] are selected on object 'Object Repository/Store Request Schedule 1/Page_Store/select_--Select--Adernaline 0.'

2018-05-16 18:42:50 - [MESSAGE][PASSED] - All options with index in [39] are selected on object 'Object Repository/Store Request Schedule 1/Page_Store/select_--Select--Adernaline 0.'

2018-05-16 18:42:50 - [TEST_STEP][PASSED] - setText: Text '100' is set on object 'Object Repository/Store Request Schedule 1/Page_Store/input_txttreat'

2018-05-16 18:42:50 - [MESSAGE][PASSED] - Text '100' is set on object 'Object Repository/Store Request Schedule 1/Page_Store/input_txttreat'

2018-05-16 18:42:50 - [TEST_STEP][PASSED] - click: Object: 'Object Repository/Store Request Schedule 1/Page_Store/button_Add' is clicked on

2018-05-16 18:42:50 - [MESSAGE][PASSED] - Object: 'Object Repository/Store Request Schedule 1/Page_Store/button_Add' is clicked on

2018-05-16 18:42:50 - [TEST_STEP][PASSED] - selectOptionByIndex: All options with index in [2] are selected on object 'Object Repository/Store Request Schedule 1/Page_Store/select_--Select--Schedule 1Inj'

2018-05-16 18:42:50 - [MESSAGE][PASSED] - All options with index in [2] are selected on object 'Object Repository/Store Request Schedule 1/Page_Store/select_--Select--Schedule 1Inj'

2018-05-16 18:42:50 - [TEST_STEP][PASSED] - delay: Delayed 1 second(s)

2018-05-16 18:42:51 - [MESSAGE][PASSED] - Delayed 1 second(s)

2018-05-16 18:42:51 - [TEST_STEP][PASSED] - selectOptionByIndex: All options with index in [40] are selected on object 'Object Repository/Store Request Schedule 1/Page_Store/select_--Select--Adernaline 0.'

2018-05-16 18:42:52 - [MESSAGE][PASSED] - All options with index in [40] are selected on object 'Object Repository/Store Request Schedule 1/Page_Store/select_--Select--Adernaline 0.'

2018-05-16 18:42:52 - [TEST_STEP][PASSED] - setText: Text '100' is set on object 'Object Repository/Store Request Schedule 1/Page_Store/input_txttreat'

2018-05-16 18:42:52 - [MESSAGE][PASSED] - Text '100' is set on object 'Object Repository/Store Request Schedule 1/Page_Store/input_txttreat'

2018-05-16 18:42:52 - [TEST_STEP][PASSED] - click: Object: 'Object Repository/Store Request Schedule 1/Page_Store/button_Add' is clicked on

2018-05-16 18:42:52 - [MESSAGE][PASSED] - Object: 'Object Repository/Store Request Schedule 1/Page_Store/button_Add' is clicked on

2018-05-16 18:42:52 - [TEST_STEP][PASSED] - selectOptionByIndex: All options with index in [2] are selected on object 'Object Repository/Store Request Schedule 1/Page_Store/select_--Select--Schedule 1Inj'

2018-05-16 18:42:52 - [MESSAGE][PASSED] - All options with index in [2] are selected on object 'Object Repository/Store Request Schedule 1/Page_Store/select_--Select--Schedule 1Inj'

2018-05-16 18:42:52 - [TEST_STEP][PASSED] - delay: Delayed 1 second(s)

2018-05-16 18:42:53 - [MESSAGE][PASSED] - Delayed 1 second(s)

2018-05-16 18:42:53 - [TEST_STEP][PASSED] - selectOptionByIndex: All options with index in [41] are selected on object 'Object Repository/Store Request Schedule 1/Page_Store/select_--Select--Adernaline 0.'

2018-05-16 18:42:54 - [MESSAGE][PASSED] - All options with index in [41] are selected on object 'Object Repository/Store Request Schedule 1/Page_Store/select_--Select--Adernaline 0.'

2018-05-16 18:42:54 - [TEST_STEP][PASSED] - setText: Text '100' is set on object 'Object Repository/Store Request Schedule 1/Page_Store/input_txttreat'

2018-05-16 18:42:54 - [MESSAGE][PASSED] - Text '100' is set on object 'Object Repository/Store Request Schedule 1/Page_Store/input_txttreat'

2018-05-16 18:42:54 - [TEST_STEP][PASSED] - click: Object: 'Object Repository/Store Request Schedule 1/Page_Store/button_Add' is clicked on

2018-05-16 18:42:54 - [MESSAGE][PASSED] - Object: 'Object Repository/Store Request Schedule 1/Page_Store/button_Add' is clicked on

2018-05-16 18:42:54 - [TEST_STEP][PASSED] - selectOptionByIndex: All options with index in [2] are selected on object 'Object Repository/Store Request Schedule 1/Page_Store/select_--Select--Schedule 1Inj'

2018-05-16 18:42:54 - [MESSAGE][PASSED] - All options with index in [2] are selected on object 'Object Repository/Store Request Schedule 1/Page_Store/select_--Select--Schedule 1Inj'

2018-05-16 18:42:54 - [TEST_STEP][PASSED] - delay: Delayed 1 second(s)

2018-05-16 18:42:55 - [MESSAGE][PASSED] - Delayed 1 second(s)

2018-05-16 18:42:55 - [TEST_STEP][PASSED] - selectOptionByIndex: All options with index in [42] are selected on object 'Object Repository/Store Request Schedule 1/Page_Store/select_--Select--Adernaline 0.'

2018-05-16 18:42:56 - [MESSAGE][PASSED] - All options with index in [42] are selected on object 'Object Repository/Store Request Schedule 1/Page_Store/select_--Select--Adernaline 0.'

2018-05-16 18:42:56 - [TEST_STEP][PASSED] - setText: Text '100' is set on object 'Object Repository/Store Request Schedule 1/Page_Store/input_txttreat'

2018-05-16 18:42:56 - [MESSAGE][PASSED] - Text '100' is set on object 'Object Repository/Store Request Schedule 1/Page_Store/input_txttreat'

2018-05-16 18:42:56 - [TEST_STEP][PASSED] - click: Object: 'Object Repository/Store Request Schedule 1/Page_Store/button_Add' is clicked on

2018-05-16 18:42:56 - [MESSAGE][PASSED] - Object: 'Object Repository/Store Request Schedule 1/Page_Store/button_Add' is clicked on

2018-05-16 18:42:56 - [TEST_STEP][PASSED] - selectOptionByIndex: All options with index in [2] are selected on object 'Object Repository/Store Request Schedule 1/Page_Store/select_--Select--Schedule 1Inj'

2018-05-16 18:42:56 - [MESSAGE][PASSED] - All options with index in [2] are selected on object 'Object Repository/Store Request Schedule 1/Page_Store/select_--Select--Schedule 1Inj'

2018-05-16 18:42:56 - [TEST_STEP][PASSED] - delay: Delayed 1 second(s)

2018-05-16 18:42:57 - [MESSAGE][PASSED] - Delayed 1 second(s)

2018-05-16 18:42:57 - [TEST_STEP][PASSED] - selectOptionByIndex: All options with index in [43] are selected on object 'Object Repository/Store Request Schedule 1/Page_Store/select_--Select--Adernaline 0.'

2018-05-16 18:42:57 - [MESSAGE][PASSED] - All options with index in [43] are selected on object 'Object Repository/Store Request Schedule 1/Page_Store/select_--Select--Adernaline 0.'

2018-05-16 18:42:57 - [TEST_STEP][PASSED] - setText: Text '100' is set on object 'Object Repository/Store Request Schedule 1/Page_Store/input_txttreat'

2018-05-16 18:42:58 - [MESSAGE][PASSED] - Text '100' is set on object 'Object Repository/Store Request Schedule 1/Page_Store/input_txttreat'

2018-05-16 18:42:58 - [TEST_STEP][PASSED] - click: Object: 'Object Repository/Store Request Schedule 1/Page_Store/button_Add' is clicked on

2018-05-16 18:42:58 - [MESSAGE][PASSED] - Object: 'Object Repository/Store Request Schedule 1/Page_Store/button_Add' is clicked on

2018-05-16 18:42:58 - [TEST_STEP][PASSED] - selectOptionByIndex: All options with index in [2] are selected on object 'Object Repository/Store Request Schedule 1/Page_Store/select_--Select--Schedule 1Inj'

2018-05-16 18:42:58 - [MESSAGE][PASSED] - All options with index in [2] are selected on object 'Object Repository/Store Request Schedule 1/Page_Store/select_--Select--Schedule 1Inj'

2018-05-16 18:42:58 - [TEST_STEP][PASSED] - delay: Delayed 1 second(s)

2018-05-16 18:42:59 - [MESSAGE][PASSED] - Delayed 1 second(s)

2018-05-16 18:42:59 - [TEST_STEP][PASSED] - selectOptionByIndex: All options with index in [44] are selected on object 'Object Repository/Store Request Schedule 1/Page_Store/select_--Select--Adernaline 0.'

2018-05-16 18:42:59 - [MESSAGE][PASSED] - All options with index in [44] are selected on object 'Object Repository/Store Request Schedule 1/Page_Store/select_--Select--Adernaline 0.'

2018-05-16 18:42:59 - [TEST_STEP][PASSED] - setText: Text '100' is set on object 'Object Repository/Store Request Schedule 1/Page_Store/input_txttreat'

2018-05-16 18:42:59 - [MESSAGE][PASSED] - Text '100' is set on object 'Object Repository/Store Request Schedule 1/Page_Store/input_txttreat'

2018-05-16 18:42:59 - [TEST_STEP][PASSED] - click: Object: 'Object Repository/Store Request Schedule 1/Page_Store/button_Add' is clicked on

2018-05-16 18:42:59 - [MESSAGE][PASSED] - Object: 'Object Repository/Store Request Schedule 1/Page_Store/button_Add' is clicked on

2018-05-16 18:42:59 - [TEST_STEP][PASSED] - selectOptionByIndex: All options with index in [2] are selected on object 'Object Repository/Store Request Schedule 1/Page_Store/select_--Select--Schedule 1Inj'

2018-05-16 18:43:00 - [MESSAGE][PASSED] - All options with index in [2] are selected on object 'Object Repository/Store Request Schedule 1/Page_Store/select_--Select--Schedule 1Inj'

2018-05-16 18:43:00 - [TEST_STEP][PASSED] - delay: Delayed 1 second(s)

2018-05-16 18:43:01 - [MESSAGE][PASSED] - Delayed 1 second(s)

2018-05-16 18:43:01 - [TEST_STEP][PASSED] - selectOptionByIndex: All options with index in [45] are selected on object 'Object Repository/Store Request Schedule 1/Page_Store/select_--Select--Adernaline 0.'

2018-05-16 18:43:01 - [MESSAGE][PASSED] - All options with index in [45] are selected on object 'Object Repository/Store Request Schedule 1/Page_Store/select_--Select--Adernaline 0.'

2018-05-16 18:43:01 - [TEST_STEP][PASSED] - setText: Text '100' is set on object 'Object Repository/Store Request Schedule 1/Page_Store/input_txttreat'

2018-05-16 18:43:01 - [MESSAGE][PASSED] - Text '100' is set on object 'Object Repository/Store Request Schedule 1/Page_Store/input_txttreat'

2018-05-16 18:43:01 - [TEST_STEP][PASSED] - click: Object: 'Object Repository/Store Request Schedule 1/Page_Store/button_Add' is clicked on

2018-05-16 18:43:01 - [MESSAGE][PASSED] - Object: 'Object Repository/Store Request Schedule 1/Page_Store/button_Add' is clicked on

2018-05-16 18:43:01 - [TEST_STEP][PASSED] - selectOptionByIndex: All options with index in [2] are selected on object 'Object Repository/Store Request Schedule 1/Page_Store/select_--Select--Schedule 1Inj'

2018-05-16 18:43:01 - [MESSAGE][PASSED] - All options with index in [2] are selected on object 'Object Repository/Store Request Schedule 1/Page_Store/select_--Select--Schedule 1Inj'

2018-05-16 18:43:01 - [TEST_STEP][PASSED] - delay: Delayed 1 second(s)

2018-05-16 18:43:02 - [MESSAGE][PASSED] - Delayed 1 second(s)

2018-05-16 18:43:02 - [TEST_STEP][PASSED] - selectOptionByIndex: All options with index in [46] are selected on object 'Object Repository/Store Request Schedule 1/Page_Store/select_--Select--Adernaline 0.'

2018-05-16 18:43:03 - [MESSAGE][PASSED] - All options with index in [46] are selected on object 'Object Repository/Store Request Schedule 1/Page_Store/select_--Select--Adernaline 0.'

2018-05-16 18:43:03 - [TEST_STEP][PASSED] - setText: Text '100' is set on object 'Object Repository/Store Request Schedule 1/Page_Store/input_txttreat'

2018-05-16 18:43:03 - [MESSAGE][PASSED] - Text '100' is set on object 'Object Repository/Store Request Schedule 1/Page_Store/input_txttreat'

2018-05-16 18:43:03 - [TEST_STEP][PASSED] - click: Object: 'Object Repository/Store Request Schedule 1/Page_Store/button_Add' is clicked on

2018-05-16 18:43:03 - [MESSAGE][PASSED] - Object: 'Object Repository/Store Request Schedule 1/Page_Store/button_Add' is clicked on

2018-05-16 18:43:03 - [TEST_STEP][PASSED] - selectOptionByIndex: All options with index in [2] are selected on object 'Object Repository/Store Request Schedule 1/Page_Store/select_--Select--Schedule 1Inj'

2018-05-16 18:43:03 - [MESSAGE][PASSED] - All options with index in [2] are selected on object 'Object Repository/Store Request Schedule 1/Page_Store/select_--Select--Schedule 1Inj'

2018-05-16 18:43:03 - [TEST_STEP][PASSED] - delay: Delayed 1 second(s)

2018-05-16 18:43:04 - [MESSAGE][PASSED] - Delayed 1 second(s)

2018-05-16 18:43:04 - [TEST_STEP][PASSED] - selectOptionByIndex: All options with index in [47] are selected on object 'Object Repository/Store Request Schedule 1/Page_Store/select_--Select--Adernaline 0.'

2018-05-16 18:43:05 - [MESSAGE][PASSED] - All options with index in [47] are selected on object 'Object Repository/Store Request Schedule 1/Page_Store/select_--Select--Adernaline 0.'

2018-05-16 18:43:05 - [TEST_STEP][PASSED] - setText: Text '100' is set on object 'Object Repository/Store Request Schedule 1/Page_Store/input_txttreat'

2018-05-16 18:43:05 - [MESSAGE][PASSED] - Text '100' is set on object 'Object Repository/Store Request Schedule 1/Page_Store/input_txttreat'

2018-05-16 18:43:05 - [TEST_STEP][PASSED] - click: Object: 'Object Repository/Store Request Schedule 1/Page_Store/button_Add' is clicked on

2018-05-16 18:43:05 - [MESSAGE][PASSED] - Object: 'Object Repository/Store Request Schedule 1/Page_Store/button_Add' is clicked on

2018-05-16 18:43:05 - [TEST_STEP][PASSED] - selectOptionByIndex: All options with index in [2] are selected on object 'Object Repository/Store Request Schedule 1/Page_Store/select_--Select--Schedule 1Inj'

2018-05-16 18:43:05 - [MESSAGE][PASSED] - All options with index in [2] are selected on object 'Object Repository/Store Request Schedule 1/Page_Store/select_--Select--Schedule 1Inj'

2018-05-16 18:43:05 - [TEST_STEP][PASSED] - delay: Delayed 1 second(s)

2018-05-16 18:43:06 - [MESSAGE][PASSED] - Delayed 1 second(s)

2018-05-16 18:43:06 - [TEST_STEP][PASSED] - selectOptionByIndex: All options with index in [48] are selected on object 'Object Repository/Store Request Schedule 1/Page_Store/select_--Select--Adernaline 0.'

2018-05-16 18:43:07 - [MESSAGE][PASSED] - All options with index in [48] are selected on object 'Object Repository/Store Request Schedule 1/Page_Store/select_--Select--Adernaline 0.'

2018-05-16 18:43:07 - [TEST_STEP][PASSED] - setText: Text '100' is set on object 'Object Repository/Store Request Schedule 1/Page_Store/input_txttreat'

2018-05-16 18:43:07 - [MESSAGE][PASSED] - Text '100' is set on object 'Object Repository/Store Request Schedule 1/Page_Store/input_txttreat'

2018-05-16 18:43:07 - [TEST_STEP][PASSED] - click: Object: 'Object Repository/Store Request Schedule 1/Page_Store/button_Add' is clicked on

2018-05-16 18:43:07 - [MESSAGE][PASSED] - Object: 'Object Repository/Store Request Schedule 1/Page_Store/button_Add' is clicked on

2018-05-16 18:43:07 - [TEST_STEP][PASSED] - selectOptionByIndex: All options with index in [2] are selected on object 'Object Repository/Store Request Schedule 1/Page_Store/select_--Select--Schedule 1Inj'

2018-05-16 18:43:07 - [MESSAGE][PASSED] - All options with index in [2] are selected on object 'Object Repository/Store Request Schedule 1/Page_Store/select_--Select--Schedule 1Inj'

2018-05-16 18:43:07 - [TEST_STEP][PASSED] - delay: Delayed 1 second(s)

2018-05-16 18:43:08 - [MESSAGE][PASSED] - Delayed 1 second(s)

2018-05-16 18:43:08 - [TEST_STEP][PASSED] - selectOptionByIndex: All options with index in [49] are selected on object 'Object Repository/Store Request Schedule 1/Page_Store/select_--Select--Adernaline 0.'

2018-05-16 18:43:09 - [MESSAGE][PASSED] - All options with index in [49] are selected on object 'Object Repository/Store Request Schedule 1/Page_Store/select_--Select--Adernaline 0.'

2018-05-16 18:43:09 - [TEST_STEP][PASSED] - setText: Text '100' is set on object 'Object Repository/Store Request Schedule 1/Page_Store/input_txttreat'

2018-05-16 18:43:09 - [MESSAGE][PASSED] - Text '100' is set on object 'Object Repository/Store Request Schedule 1/Page_Store/input_txttreat'

2018-05-16 18:43:09 - [TEST_STEP][PASSED] - click: Object: 'Object Repository/Store Request Schedule 1/Page_Store/button_Add' is clicked on

2018-05-16 18:43:09 - [MESSAGE][PASSED] - Object: 'Object Repository/Store Request Schedule 1/Page_Store/button_Add' is clicked on

2018-05-16 18:43:09 - [TEST_STEP][PASSED] - selectOptionByIndex: All options with index in [2] are selected on object 'Object Repository/Store Request Schedule 1/Page_Store/select_--Select--Schedule 1Inj'

2018-05-16 18:43:09 - [MESSAGE][PASSED] - All options with index in [2] are selected on object 'Object Repository/Store Request Schedule 1/Page_Store/select_--Select--Schedule 1Inj'

2018-05-16 18:43:09 - [TEST_STEP][PASSED] - delay: Delayed 1 second(s)

2018-05-16 18:43:10 - [MESSAGE][PASSED] - Delayed 1 second(s)

2018-05-16 18:43:10 - [TEST_STEP][PASSED] - selectOptionByIndex: All options with index in [50] are selected on object 'Object Repository/Store Request Schedule 1/Page_Store/select_--Select--Adernaline 0.'

2018-05-16 18:43:11 - [MESSAGE][PASSED] - All options with index in [50] are selected on object 'Object Repository/Store Request Schedule 1/Page_Store/select_--Select--Adernaline 0.'

2018-05-16 18:43:11 - [TEST_STEP][PASSED] - setText: Text '100' is set on object 'Object Repository/Store Request Schedule 1/Page_Store/input_txttreat'

2018-05-16 18:43:11 - [MESSAGE][PASSED] - Text '100' is set on object 'Object Repository/Store Request Schedule 1/Page_Store/input_txttreat'

2018-05-16 18:43:11 - [TEST_STEP][PASSED] - click: Object: 'Object Repository/Store Request Schedule 1/Page_Store/button_Add' is clicked on

2018-05-16 18:43:11 - [MESSAGE][PASSED] - Object: 'Object Repository/Store Request Schedule 1/Page_Store/button_Add' is clicked on

2018-05-16 18:43:11 - [TEST_STEP][PASSED] - selectOptionByIndex: All options with index in [2] are selected on object 'Object Repository/Store Request Schedule 1/Page_Store/select_--Select--Schedule 1Inj'

2018-05-16 18:43:11 - [MESSAGE][PASSED] - All options with index in [2] are selected on object 'Object Repository/Store Request Schedule 1/Page_Store/select_--Select--Schedule 1Inj'

2018-05-16 18:43:11 - [TEST_STEP][PASSED] - delay: Delayed 1 second(s)

2018-05-16 18:43:12 - [MESSAGE][PASSED] - Delayed 1 second(s)

2018-05-16 18:43:12 - [TEST_STEP][PASSED] - selectOptionByIndex: All options with index in [51] are selected on object 'Object Repository/Store Request Schedule 1/Page_Store/select_--Select--Adernaline 0.'

2018-05-16 18:43:13 - [MESSAGE][PASSED] - All options with index in [51] are selected on object 'Object Repository/Store Request Schedule 1/Page_Store/select_--Select--Adernaline 0.'

2018-05-16 18:43:13 - [TEST_STEP][PASSED] - setText: Text '100' is set on object 'Object Repository/Store Request Schedule 1/Page_Store/input_txttreat'

2018-05-16 18:43:13 - [MESSAGE][PASSED] - Text '100' is set on object 'Object Repository/Store Request Schedule 1/Page_Store/input_txttreat'

2018-05-16 18:43:13 - [TEST_STEP][PASSED] - click: Object: 'Object Repository/Store Request Schedule 1/Page_Store/button_Add' is clicked on

2018-05-16 18:43:13 - [MESSAGE][PASSED] - Object: 'Object Repository/Store Request Schedule 1/Page_Store/button_Add' is clicked on

2018-05-16 18:43:13 - [TEST_STEP][PASSED] - selectOptionByIndex: All options with index in [2] are selected on object 'Object Repository/Store Request Schedule 1/Page_Store/select_--Select--Schedule 1Inj'

2018-05-16 18:43:13 - [MESSAGE][PASSED] - All options with index in [2] are selected on object 'Object Repository/Store Request Schedule 1/Page_Store/select_--Select--Schedule 1Inj'

2018-05-16 18:43:13 - [TEST_STEP][PASSED] - delay: Delayed 1 second(s)

2018-05-16 18:43:14 - [MESSAGE][PASSED] - Delayed 1 second(s)

2018-05-16 18:43:14 - [TEST_STEP][PASSED] - selectOptionByIndex: All options with index in [52] are selected on object 'Object Repository/Store Request Schedule 1/Page_Store/select_--Select--Adernaline 0.'

2018-05-16 18:43:15 - [MESSAGE][PASSED] - All options with index in [52] are selected on object 'Object Repository/Store Request Schedule 1/Page_Store/select_--Select--Adernaline 0.'

2018-05-16 18:43:15 - [TEST_STEP][PASSED] - setText: Text '100' is set on object 'Object Repository/Store Request Schedule 1/Page_Store/input_txttreat'

2018-05-16 18:43:15 - [MESSAGE][PASSED] - Text '100' is set on object 'Object Repository/Store Request Schedule 1/Page_Store/input_txttreat'

2018-05-16 18:43:15 - [TEST_STEP][PASSED] - click: Object: 'Object Repository/Store Request Schedule 1/Page_Store/button_Add' is clicked on

2018-05-16 18:43:15 - [MESSAGE][PASSED] - Object: 'Object Repository/Store Request Schedule 1/Page_Store/button_Add' is clicked on

2018-05-16 18:43:15 - [TEST_STEP][PASSED] - selectOptionByIndex: All options with index in [2] are selected on object 'Object Repository/Store Request Schedule 1/Page_Store/select_--Select--Schedule 1Inj'

2018-05-16 18:43:15 - [MESSAGE][PASSED] - All options with index in [2] are selected on object 'Object Repository/Store Request Schedule 1/Page_Store/select_--Select--Schedule 1Inj'

2018-05-16 18:43:15 - [TEST_STEP][PASSED] - delay: Delayed 1 second(s)

2018-05-16 18:43:16 - [MESSAGE][PASSED] - Delayed 1 second(s)

2018-05-16 18:43:16 - [TEST_STEP][PASSED] - selectOptionByIndex: All options with index in [53] are selected on object 'Object Repository/Store Request Schedule 1/Page_Store/select_--Select--Adernaline 0.'

2018-05-16 18:43:16 - [MESSAGE][PASSED] - All options with index in [53] are selected on object 'Object Repository/Store Request Schedule 1/Page_Store/select_--Select--Adernaline 0.'

2018-05-16 18:43:16 - [TEST_STEP][PASSED] - setText: Text '100' is set on object 'Object Repository/Store Request Schedule 1/Page_Store/input_txttreat'

2018-05-16 18:43:17 - [MESSAGE][PASSED] - Text '100' is set on object 'Object Repository/Store Request Schedule 1/Page_Store/input_txttreat'

2018-05-16 18:43:17 - [TEST_STEP][PASSED] - click: Object: 'Object Repository/Store Request Schedule 1/Page_Store/button_Add' is clicked on

2018-05-16 18:43:17 - [MESSAGE][PASSED] - Object: 'Object Repository/Store Request Schedule 1/Page_Store/button_Add' is clicked on

2018-05-16 18:43:17 - [TEST_STEP][PASSED] - selectOptionByIndex: All options with index in [2] are selected on object 'Object Repository/Store Request Schedule 1/Page_Store/select_--Select--Schedule 1Inj'

2018-05-16 18:43:17 - [MESSAGE][PASSED] - All options with index in [2] are selected on object 'Object Repository/Store Request Schedule 1/Page_Store/select_--Select--Schedule 1Inj'

2018-05-16 18:43:17 - [TEST_STEP][PASSED] - delay: Delayed 1 second(s)

2018-05-16 18:43:18 - [MESSAGE][PASSED] - Delayed 1 second(s)

2018-05-16 18:43:18 - [TEST_STEP][PASSED] - selectOptionByIndex: All options with index in [54] are selected on object 'Object Repository/Store Request Schedule 1/Page_Store/select_--Select--Adernaline 0.'

2018-05-16 18:43:18 - [MESSAGE][PASSED] - All options with index in [54] are selected on object 'Object Repository/Store Request Schedule 1/Page_Store/select_--Select--Adernaline 0.'

2018-05-16 18:43:18 - [TEST_STEP][PASSED] - setText: Text '100' is set on object 'Object Repository/Store Request Schedule 1/Page_Store/input_txttreat'

2018-05-16 18:43:19 - [MESSAGE][PASSED] - Text '100' is set on object 'Object Repository/Store Request Schedule 1/Page_Store/input_txttreat'

2018-05-16 18:43:19 - [TEST_STEP][PASSED] - click: Object: 'Object Repository/Store Request Schedule 1/Page_Store/button_Add' is clicked on

2018-05-16 18:43:19 - [MESSAGE][PASSED] - Object: 'Object Repository/Store Request Schedule 1/Page_Store/button_Add' is clicked on

2018-05-16 18:43:19 - [TEST_STEP][PASSED] - selectOptionByIndex: All options with index in [2] are selected on object 'Object Repository/Store Request Schedule 1/Page_Store/select_--Select--Schedule 1Inj'

2018-05-16 18:43:19 - [MESSAGE][PASSED] - All options with index in [2] are selected on object 'Object Repository/Store Request Schedule 1/Page_Store/select_--Select--Schedule 1Inj'

2018-05-16 18:43:19 - [TEST_STEP][PASSED] - delay: Delayed 1 second(s)

2018-05-16 18:43:20 - [MESSAGE][PASSED] - Delayed 1 second(s)

2018-05-16 18:43:20 - [TEST_STEP][PASSED] - selectOptionByIndex: All options with index in [55] are selected on object 'Object Repository/Store Request Schedule 1/Page_Store/select_--Select--Adernaline 0.'

2018-05-16 18:43:21 - [MESSAGE][PASSED] - All options with index in [55] are selected on object 'Object Repository/Store Request Schedule 1/Page_Store/select_--Select--Adernaline 0.'

2018-05-16 18:43:21 - [TEST_STEP][PASSED] - setText: Text '100' is set on object 'Object Repository/Store Request Schedule 1/Page_Store/input_txttreat'

2018-05-16 18:43:21 - [MESSAGE][PASSED] - Text '100' is set on object 'Object Repository/Store Request Schedule 1/Page_Store/input_txttreat'

2018-05-16 18:43:21 - [TEST_STEP][PASSED] - click: Object: 'Object Repository/Store Request Schedule 1/Page_Store/button_Add' is clicked on

2018-05-16 18:43:21 - [MESSAGE][PASSED] - Object: 'Object Repository/Store Request Schedule 1/Page_Store/button_Add' is clicked on

2018-05-16 18:43:21 - [TEST_STEP][PASSED] - selectOptionByIndex: All options with index in [2] are selected on object 'Object Repository/Store Request Schedule 1/Page_Store/select_--Select--Schedule 1Inj'

2018-05-16 18:43:21 - [MESSAGE][PASSED] - All options with index in [2] are selected on object 'Object Repository/Store Request Schedule 1/Page_Store/select_--Select--Schedule 1Inj'

2018-05-16 18:43:21 - [TEST_STEP][PASSED] - delay: Delayed 1 second(s)

2018-05-16 18:43:22 - [MESSAGE][PASSED] - Delayed 1 second(s)

2018-05-16 18:43:22 - [TEST_STEP][PASSED] - selectOptionByIndex: All options with index in [56] are selected on object 'Object Repository/Store Request Schedule 1/Page_Store/select_--Select--Adernaline 0.'

2018-05-16 18:43:23 - [MESSAGE][PASSED] - All options with index in [56] are selected on object 'Object Repository/Store Request Schedule 1/Page_Store/select_--Select--Adernaline 0.'

2018-05-16 18:43:23 - [TEST_STEP][PASSED] - setText: Text '100' is set on object 'Object Repository/Store Request Schedule 1/Page_Store/input_txttreat'

2018-05-16 18:43:23 - [MESSAGE][PASSED] - Text '100' is set on object 'Object Repository/Store Request Schedule 1/Page_Store/input_txttreat'

2018-05-16 18:43:23 - [TEST_STEP][PASSED] - click: Object: 'Object Repository/Store Request Schedule 1/Page_Store/button_Add' is clicked on

2018-05-16 18:43:23 - [MESSAGE][PASSED] - Object: 'Object Repository/Store Request Schedule 1/Page_Store/button_Add' is clicked on

2018-05-16 18:43:23 - [TEST_STEP][PASSED] - selectOptionByIndex: All options with index in [2] are selected on object 'Object Repository/Store Request Schedule 1/Page_Store/select_--Select--Schedule 1Inj'

2018-05-16 18:43:23 - [MESSAGE][PASSED] - All options with index in [2] are selected on object 'Object Repository/Store Request Schedule 1/Page_Store/select_--Select--Schedule 1Inj'

2018-05-16 18:43:23 - [TEST_STEP][PASSED] - delay: Delayed 1 second(s)

2018-05-16 18:43:24 - [MESSAGE][PASSED] - Delayed 1 second(s)

2018-05-16 18:43:24 - [TEST_STEP][PASSED] - selectOptionByIndex: All options with index in [57] are selected on object 'Object Repository/Store Request Schedule 1/Page_Store/select_--Select--Adernaline 0.'

2018-05-16 18:43:25 - [MESSAGE][PASSED] - All options with index in [57] are selected on object 'Object Repository/Store Request Schedule 1/Page_Store/select_--Select--Adernaline 0.'

2018-05-16 18:43:25 - [TEST_STEP][PASSED] - setText: Text '100' is set on object 'Object Repository/Store Request Schedule 1/Page_Store/input_txttreat'

2018-05-16 18:43:25 - [MESSAGE][PASSED] - Text '100' is set on object 'Object Repository/Store Request Schedule 1/Page_Store/input_txttreat'

2018-05-16 18:43:25 - [TEST_STEP][PASSED] - click: Object: 'Object Repository/Store Request Schedule 1/Page_Store/button_Add' is clicked on

2018-05-16 18:43:25 - [MESSAGE][PASSED] - Object: 'Object Repository/Store Request Schedule 1/Page_Store/button_Add' is clicked on

2018-05-16 18:43:25 - [TEST_STEP][PASSED] - selectOptionByIndex: All options with index in [2] are selected on object 'Object Repository/Store Request Schedule 1/Page_Store/select_--Select--Schedule 1Inj'

2018-05-16 18:43:25 - [MESSAGE][PASSED] - All options with index in [2] are selected on object 'Object Repository/Store Request Schedule 1/Page_Store/select_--Select--Schedule 1Inj'

2018-05-16 18:43:25 - [TEST_STEP][PASSED] - delay: Delayed 1 second(s)

2018-05-16 18:43:26 - [MESSAGE][PASSED] - Delayed 1 second(s)

2018-05-16 18:43:26 - [TEST_STEP][PASSED] - selectOptionByIndex: All options with index in [58] are selected on object 'Object Repository/Store Request Schedule 1/Page_Store/select_--Select--Adernaline 0.'

2018-05-16 18:43:27 - [MESSAGE][PASSED] - All options with index in [58] are selected on object 'Object Repository/Store Request Schedule 1/Page_Store/select_--Select--Adernaline 0.'

2018-05-16 18:43:27 - [TEST_STEP][PASSED] - setText: Text '100' is set on object 'Object Repository/Store Request Schedule 1/Page_Store/input_txttreat'

2018-05-16 18:43:27 - [MESSAGE][PASSED] - Text '100' is set on object 'Object Repository/Store Request Schedule 1/Page_Store/input_txttreat'

2018-05-16 18:43:27 - [TEST_STEP][PASSED] - click: Object: 'Object Repository/Store Request Schedule 1/Page_Store/button_Add' is clicked on

2018-05-16 18:43:27 - [MESSAGE][PASSED] - Object: 'Object Repository/Store Request Schedule 1/Page_Store/button_Add' is clicked on

2018-05-16 18:43:27 - [TEST_STEP][PASSED] - selectOptionByIndex: All options with index in [2] are selected on object 'Object Repository/Store Request Schedule 1/Page_Store/select_--Select--Schedule 1Inj'

2018-05-16 18:43:27 - [MESSAGE][PASSED] - All options with index in [2] are selected on object 'Object Repository/Store Request Schedule 1/Page_Store/select_--Select--Schedule 1Inj'

2018-05-16 18:43:27 - [TEST_STEP][PASSED] - delay: Delayed 1 second(s)

2018-05-16 18:43:28 - [MESSAGE][PASSED] - Delayed 1 second(s)

2018-05-16 18:43:28 - [TEST_STEP][PASSED] - selectOptionByIndex: All options with index in [59] are selected on object 'Object Repository/Store Request Schedule 1/Page_Store/select_--Select--Adernaline 0.'

2018-05-16 18:43:29 - [MESSAGE][PASSED] - All options with index in [59] are selected on object 'Object Repository/Store Request Schedule 1/Page_Store/select_--Select--Adernaline 0.'

2018-05-16 18:43:29 - [TEST_STEP][PASSED] - setText: Text '100' is set on object 'Object Repository/Store Request Schedule 1/Page_Store/input_txttreat'

2018-05-16 18:43:29 - [MESSAGE][PASSED] - Text '100' is set on object 'Object Repository/Store Request Schedule 1/Page_Store/input_txttreat'

2018-05-16 18:43:29 - [TEST_STEP][PASSED] - click: Object: 'Object Repository/Store Request Schedule 1/Page_Store/button_Add' is clicked on

2018-05-16 18:43:29 - [MESSAGE][PASSED] - Object: 'Object Repository/Store Request Schedule 1/Page_Store/button_Add' is clicked on

2018-05-16 18:43:29 - [TEST_STEP][PASSED] - selectOptionByIndex: All options with index in [2] are selected on object 'Object Repository/Store Request Schedule 1/Page_Store/select_--Select--Schedule 1Inj'

2018-05-16 18:43:29 - [MESSAGE][PASSED] - All options with index in [2] are selected on object 'Object Repository/Store Request Schedule 1/Page_Store/select_--Select--Schedule 1Inj'

2018-05-16 18:43:29 - [TEST_STEP][PASSED] - delay: Delayed 1 second(s)

2018-05-16 18:43:30 - [MESSAGE][PASSED] - Delayed 1 second(s)

2018-05-16 18:43:30 - [TEST_STEP][PASSED] - selectOptionByIndex: All options with index in [60] are selected on object 'Object Repository/Store Request Schedule 1/Page_Store/select_--Select--Adernaline 0.'

2018-05-16 18:43:31 - [MESSAGE][PASSED] - All options with index in [60] are selected on object 'Object Repository/Store Request Schedule 1/Page_Store/select_--Select--Adernaline 0.'

2018-05-16 18:43:31 - [TEST_STEP][PASSED] - setText: Text '100' is set on object 'Object Repository/Store Request Schedule 1/Page_Store/input_txttreat'

2018-05-16 18:43:31 - [MESSAGE][PASSED] - Text '100' is set on object 'Object Repository/Store Request Schedule 1/Page_Store/input_txttreat'

2018-05-16 18:43:31 - [TEST_STEP][PASSED] - click: Object: 'Object Repository/Store Request Schedule 1/Page_Store/button_Add' is clicked on

2018-05-16 18:43:31 - [MESSAGE][PASSED] - Object: 'Object Repository/Store Request Schedule 1/Page_Store/button_Add' is clicked on

2018-05-16 18:43:31 - [TEST_STEP][PASSED] - selectOptionByIndex: All options with index in [2] are selected on object 'Object Repository/Store Request Schedule 1/Page_Store/select_--Select--Schedule 1Inj'

2018-05-16 18:43:31 - [MESSAGE][PASSED] - All options with index in [2] are selected on object 'Object Repository/Store Request Schedule 1/Page_Store/select_--Select--Schedule 1Inj'

2018-05-16 18:43:31 - [TEST_STEP][PASSED] - delay: Delayed 1 second(s)

2018-05-16 18:43:32 - [MESSAGE][PASSED] - Delayed 1 second(s)

2018-05-16 18:43:32 - [TEST_STEP][PASSED] - selectOptionByIndex: All options with index in [61] are selected on object 'Object Repository/Store Request Schedule 1/Page_Store/select_--Select--Adernaline 0.'

2018-05-16 18:43:33 - [MESSAGE][PASSED] - All options with index in [61] are selected on object 'Object Repository/Store Request Schedule 1/Page_Store/select_--Select--Adernaline 0.'

2018-05-16 18:43:33 - [TEST_STEP][PASSED] - setText: Text '100' is set on object 'Object Repository/Store Request Schedule 1/Page_Store/input_txttreat'

2018-05-16 18:43:33 - [MESSAGE][PASSED] - Text '100' is set on object 'Object Repository/Store Request Schedule 1/Page_Store/input_txttreat'

2018-05-16 18:43:33 - [TEST_STEP][PASSED] - click: Object: 'Object Repository/Store Request Schedule 1/Page_Store/button_Add' is clicked on

2018-05-16 18:43:33 - [MESSAGE][PASSED] - Object: 'Object Repository/Store Request Schedule 1/Page_Store/button_Add' is clicked on

2018-05-16 18:43:33 - [TEST_STEP][PASSED] - selectOptionByIndex: All options with index in [2] are selected on object 'Object Repository/Store Request Schedule 1/Page_Store/select_--Select--Schedule 1Inj'

2018-05-16 18:43:33 - [MESSAGE][PASSED] - All options with index in [2] are selected on object 'Object Repository/Store Request Schedule 1/Page_Store/select_--Select--Schedule 1Inj'

2018-05-16 18:43:33 - [TEST_STEP][PASSED] - delay: Delayed 1 second(s)

2018-05-16 18:43:34 - [MESSAGE][PASSED] - Delayed 1 second(s)

2018-05-16 18:43:34 - [TEST_STEP][PASSED] - selectOptionByIndex: All options with index in [62] are selected on object 'Object Repository/Store Request Schedule 1/Page_Store/select_--Select--Adernaline 0.'

2018-05-16 18:43:35 - [MESSAGE][PASSED] - All options with index in [62] are selected on object 'Object Repository/Store Request Schedule 1/Page_Store/select_--Select--Adernaline 0.'

2018-05-16 18:43:35 - [TEST_STEP][PASSED] - setText: Text '100' is set on object 'Object Repository/Store Request Schedule 1/Page_Store/input_txttreat'

2018-05-16 18:43:35 - [MESSAGE][PASSED] - Text '100' is set on object 'Object Repository/Store Request Schedule 1/Page_Store/input_txttreat'

2018-05-16 18:43:35 - [TEST_STEP][PASSED] - click: Object: 'Object Repository/Store Request Schedule 1/Page_Store/button_Add' is clicked on

2018-05-16 18:43:35 - [MESSAGE][PASSED] - Object: 'Object Repository/Store Request Schedule 1/Page_Store/button_Add' is clicked on

2018-05-16 18:43:35 - [TEST_STEP][PASSED] - selectOptionByIndex: All options with index in [2] are selected on object 'Object Repository/Store Request Schedule 1/Page_Store/select_--Select--Schedule 1Inj'

2018-05-16 18:43:35 - [MESSAGE][PASSED] - All options with index in [2] are selected on object 'Object Repository/Store Request Schedule 1/Page_Store/select_--Select--Schedule 1Inj'

2018-05-16 18:43:35 - [TEST_STEP][PASSED] - delay: Delayed 1 second(s)

2018-05-16 18:43:36 - [MESSAGE][PASSED] - Delayed 1 second(s)

2018-05-16 18:43:36 - [TEST_STEP][PASSED] - selectOptionByIndex: All options with index in [63] are selected on object 'Object Repository/Store Request Schedule 1/Page_Store/select_--Select--Adernaline 0.'

2018-05-16 18:43:37 - [MESSAGE][PASSED] - All options with index in [63] are selected on object 'Object Repository/Store Request Schedule 1/Page_Store/select_--Select--Adernaline 0.'

2018-05-16 18:43:37 - [TEST_STEP][PASSED] - setText: Text '100' is set on object 'Object Repository/Store Request Schedule 1/Page_Store/input_txttreat'

2018-05-16 18:43:37 - [MESSAGE][PASSED] - Text '100' is set on object 'Object Repository/Store Request Schedule 1/Page_Store/input_txttreat'

2018-05-16 18:43:37 - [TEST_STEP][PASSED] - click: Object: 'Object Repository/Store Request Schedule 1/Page_Store/button_Add' is clicked on

2018-05-16 18:43:37 - [MESSAGE][PASSED] - Object: 'Object Repository/Store Request Schedule 1/Page_Store/button_Add' is clicked on

2018-05-16 18:43:37 - [TEST_STEP][PASSED] - selectOptionByIndex: All options with index in [2] are selected on object 'Object Repository/Store Request Schedule 1/Page_Store/select_--Select--Schedule 1Inj'

2018-05-16 18:43:37 - [MESSAGE][PASSED] - All options with index in [2] are selected on object 'Object Repository/Store Request Schedule 1/Page_Store/select_--Select--Schedule 1Inj'

2018-05-16 18:43:37 - [TEST_STEP][PASSED] - delay: Delayed 1 second(s)

2018-05-16 18:43:38 - [MESSAGE][PASSED] - Delayed 1 second(s)

2018-05-16 18:43:38 - [TEST_STEP][PASSED] - selectOptionByIndex: All options with index in [64] are selected on object 'Object Repository/Store Request Schedule 1/Page_Store/select_--Select--Adernaline 0.'

2018-05-16 18:43:39 - [MESSAGE][PASSED] - All options with index in [64] are selected on object 'Object Repository/Store Request Schedule 1/Page_Store/select_--Select--Adernaline 0.'

2018-05-16 18:43:39 - [TEST_STEP][PASSED] - setText: Text '100' is set on object 'Object Repository/Store Request Schedule 1/Page_Store/input_txttreat'

2018-05-16 18:43:39 - [MESSAGE][PASSED] - Text '100' is set on object 'Object Repository/Store Request Schedule 1/Page_Store/input_txttreat'

2018-05-16 18:43:39 - [TEST_STEP][PASSED] - click: Object: 'Object Repository/Store Request Schedule 1/Page_Store/button_Add' is clicked on

2018-05-16 18:43:39 - [MESSAGE][PASSED] - Object: 'Object Repository/Store Request Schedule 1/Page_Store/button_Add' is clicked on

2018-05-16 18:43:39 - [TEST_STEP][PASSED] - selectOptionByIndex: All options with index in [2] are selected on object 'Object Repository/Store Request Schedule 1/Page_Store/select_--Select--Schedule 1Inj'

2018-05-16 18:43:39 - [MESSAGE][PASSED] - All options with index in [2] are selected on object 'Object Repository/Store Request Schedule 1/Page_Store/select_--Select--Schedule 1Inj'

2018-05-16 18:43:39 - [TEST_STEP][PASSED] - delay: Delayed 1 second(s)

2018-05-16 18:43:40 - [MESSAGE][PASSED] - Delayed 1 second(s)

2018-05-16 18:43:40 - [TEST_STEP][PASSED] - selectOptionByIndex: All options with index in [65] are selected on object 'Object Repository/Store Request Schedule 1/Page_Store/select_--Select--Adernaline 0.'

2018-05-16 18:43:41 - [MESSAGE][PASSED] - All options with index in [65] are selected on object 'Object Repository/Store Request Schedule 1/Page_Store/select_--Select--Adernaline 0.'

2018-05-16 18:43:41 - [TEST_STEP][PASSED] - setText: Text '100' is set on object 'Object Repository/Store Request Schedule 1/Page_Store/input_txttreat'

2018-05-16 18:43:41 - [MESSAGE][PASSED] - Text '100' is set on object 'Object Repository/Store Request Schedule 1/Page_Store/input_txttreat'

2018-05-16 18:43:41 - [TEST_STEP][PASSED] - click: Object: 'Object Repository/Store Request Schedule 1/Page_Store/button_Add' is clicked on

2018-05-16 18:43:41 - [MESSAGE][PASSED] - Object: 'Object Repository/Store Request Schedule 1/Page_Store/button_Add' is clicked on

2018-05-16 18:43:41 - [TEST_STEP][PASSED] - selectOptionByIndex: All options with index in [2] are selected on object 'Object Repository/Store Request Schedule 1/Page_Store/select_--Select--Schedule 1Inj'

2018-05-16 18:43:41 - [MESSAGE][PASSED] - All options with index in [2] are selected on object 'Object Repository/Store Request Schedule 1/Page_Store/select_--Select--Schedule 1Inj'

2018-05-16 18:43:41 - [TEST_STEP][PASSED] - delay: Delayed 1 second(s)

2018-05-16 18:43:42 - [MESSAGE][PASSED] - Delayed 1 second(s)

2018-05-16 18:43:42 - [TEST_STEP][PASSED] - selectOptionByIndex: All options with index in [66] are selected on object 'Object Repository/Store Request Schedule 1/Page_Store/select_--Select--Adernaline 0.'

2018-05-16 18:43:43 - [MESSAGE][PASSED] - All options with index in [66] are selected on object 'Object Repository/Store Request Schedule 1/Page_Store/select_--Select--Adernaline 0.'

2018-05-16 18:43:43 - [TEST_STEP][PASSED] - setText: Text '100' is set on object 'Object Repository/Store Request Schedule 1/Page_Store/input_txttreat'

2018-05-16 18:43:43 - [MESSAGE][PASSED] - Text '100' is set on object 'Object Repository/Store Request Schedule 1/Page_Store/input_txttreat'

2018-05-16 18:43:43 - [TEST_STEP][PASSED] - click: Object: 'Object Repository/Store Request Schedule 1/Page_Store/button_Add' is clicked on

2018-05-16 18:43:43 - [MESSAGE][PASSED] - Object: 'Object Repository/Store Request Schedule 1/Page_Store/button_Add' is clicked on

2018-05-16 18:43:43 - [TEST_STEP][PASSED] - selectOptionByIndex: All options with index in [2] are selected on object 'Object Repository/Store Request Schedule 1/Page_Store/select_--Select--Schedule 1Inj'

2018-05-16 18:43:43 - [MESSAGE][PASSED] - All options with index in [2] are selected on object 'Object Repository/Store Request Schedule 1/Page_Store/select_--Select--Schedule 1Inj'

2018-05-16 18:43:43 - [TEST_STEP][PASSED] - delay: Delayed 1 second(s)

2018-05-16 18:43:44 - [MESSAGE][PASSED] - Delayed 1 second(s)

2018-05-16 18:43:44 - [TEST_STEP][PASSED] - selectOptionByIndex: All options with index in [67] are selected on object 'Object Repository/Store Request Schedule 1/Page_Store/select_--Select--Adernaline 0.'

2018-05-16 18:43:45 - [MESSAGE][PASSED] - All options with index in [67] are selected on object 'Object Repository/Store Request Schedule 1/Page_Store/select_--Select--Adernaline 0.'

2018-05-16 18:43:45 - [TEST_STEP][PASSED] - setText: Text '100' is set on object 'Object Repository/Store Request Schedule 1/Page_Store/input_txttreat'

2018-05-16 18:43:45 - [MESSAGE][PASSED] - Text '100' is set on object 'Object Repository/Store Request Schedule 1/Page_Store/input_txttreat'

2018-05-16 18:43:45 - [TEST_STEP][PASSED] - click: Object: 'Object Repository/Store Request Schedule 1/Page_Store/button_Add' is clicked on

2018-05-16 18:43:45 - [MESSAGE][PASSED] - Object: 'Object Repository/Store Request Schedule 1/Page_Store/button_Add' is clicked on

2018-05-16 18:43:45 - [TEST_STEP][PASSED] - selectOptionByIndex: All options with index in [2] are selected on object 'Object Repository/Store Request Schedule 1/Page_Store/select_--Select--Schedule 1Inj'

2018-05-16 18:43:45 - [MESSAGE][PASSED] - All options with index in [2] are selected on object 'Object Repository/Store Request Schedule 1/Page_Store/select_--Select--Schedule 1Inj'

2018-05-16 18:43:45 - [TEST_STEP][PASSED] - delay: Delayed 1 second(s)

2018-05-16 18:43:46 - [MESSAGE][PASSED] - Delayed 1 second(s)

2018-05-16 18:43:46 - [TEST_STEP][PASSED] - selectOptionByIndex: All options with index in [68] are selected on object 'Object Repository/Store Request Schedule 1/Page_Store/select_--Select--Adernaline 0.'

2018-05-16 18:43:47 - [MESSAGE][PASSED] - All options with index in [68] are selected on object 'Object Repository/Store Request Schedule 1/Page_Store/select_--Select--Adernaline 0.'

2018-05-16 18:43:47 - [TEST_STEP][PASSED] - setText: Text '100' is set on object 'Object Repository/Store Request Schedule 1/Page_Store/input_txttreat'

2018-05-16 18:43:47 - [MESSAGE][PASSED] - Text '100' is set on object 'Object Repository/Store Request Schedule 1/Page_Store/input_txttreat'

2018-05-16 18:43:47 - [TEST_STEP][PASSED] - click: Object: 'Object Repository/Store Request Schedule 1/Page_Store/button_Add' is clicked on

2018-05-16 18:43:47 - [MESSAGE][PASSED] - Object: 'Object Repository/Store Request Schedule 1/Page_Store/button_Add' is clicked on

2018-05-16 18:43:47 - [TEST_STEP][PASSED] - selectOptionByIndex: All options with index in [2] are selected on object 'Object Repository/Store Request Schedule 1/Page_Store/select_--Select--Schedule 1Inj'

2018-05-16 18:43:47 - [MESSAGE][PASSED] - All options with index in [2] are selected on object 'Object Repository/Store Request Schedule 1/Page_Store/select_--Select--Schedule 1Inj'

2018-05-16 18:43:47 - [TEST_STEP][PASSED] - delay: Delayed 1 second(s)

2018-05-16 18:43:48 - [MESSAGE][PASSED] - Delayed 1 second(s)

2018-05-16 18:43:48 - [TEST_STEP][PASSED] - selectOptionByIndex: All options with index in [69] are selected on object 'Object Repository/Store Request Schedule 1/Page_Store/select_--Select--Adernaline 0.'

2018-05-16 18:43:49 - [MESSAGE][PASSED] - All options with index in [69] are selected on object 'Object Repository/Store Request Schedule 1/Page_Store/select_--Select--Adernaline 0.'

2018-05-16 18:43:49 - [TEST_STEP][PASSED] - setText: Text '100' is set on object 'Object Repository/Store Request Schedule 1/Page_Store/input_txttreat'

2018-05-16 18:43:49 - [MESSAGE][PASSED] - Text '100' is set on object 'Object Repository/Store Request Schedule 1/Page_Store/input_txttreat'

2018-05-16 18:43:49 - [TEST_STEP][PASSED] - click: Object: 'Object Repository/Store Request Schedule 1/Page_Store/button_Add' is clicked on

2018-05-16 18:43:49 - [MESSAGE][PASSED] - Object: 'Object Repository/Store Request Schedule 1/Page_Store/button_Add' is clicked on

2018-05-16 18:43:49 - [TEST_STEP][PASSED] - selectOptionByIndex: All options with index in [2] are selected on object 'Object Repository/Store Request Schedule 1/Page_Store/select_--Select--Schedule 1Inj'

2018-05-16 18:43:49 - [MESSAGE][PASSED] - All options with index in [2] are selected on object 'Object Repository/Store Request Schedule 1/Page_Store/select_--Select--Schedule 1Inj'

2018-05-16 18:43:49 - [TEST_STEP][PASSED] - delay: Delayed 1 second(s)

2018-05-16 18:43:50 - [MESSAGE][PASSED] - Delayed 1 second(s)

2018-05-16 18:43:50 - [TEST_STEP][PASSED] - selectOptionByIndex: All options with index in [70] are selected on object 'Object Repository/Store Request Schedule 1/Page_Store/select_--Select--Adernaline 0.'

2018-05-16 18:43:51 - [MESSAGE][PASSED] - All options with index in [70] are selected on object 'Object Repository/Store Request Schedule 1/Page_Store/select_--Select--Adernaline 0.'

2018-05-16 18:43:51 - [TEST_STEP][PASSED] - setText: Text '100' is set on object 'Object Repository/Store Request Schedule 1/Page_Store/input_txttreat'

2018-05-16 18:43:51 - [MESSAGE][PASSED] - Text '100' is set on object 'Object Repository/Store Request Schedule 1/Page_Store/input_txttreat'

2018-05-16 18:43:51 - [TEST_STEP][PASSED] - click: Object: 'Object Repository/Store Request Schedule 1/Page_Store/button_Add' is clicked on

2018-05-16 18:43:51 - [MESSAGE][PASSED] - Object: 'Object Repository/Store Request Schedule 1/Page_Store/button_Add' is clicked on

2018-05-16 18:43:51 - [TEST_STEP][PASSED] - selectOptionByIndex: All options with index in [2] are selected on object 'Object Repository/Store Request Schedule 1/Page_Store/select_--Select--Schedule 1Inj'

2018-05-16 18:43:52 - [MESSAGE][PASSED] - All options with index in [2] are selected on object 'Object Repository/Store Request Schedule 1/Page_Store/select_--Select--Schedule 1Inj'

2018-05-16 18:43:52 - [TEST_STEP][PASSED] - delay: Delayed 1 second(s)

2018-05-16 18:43:53 - [MESSAGE][PASSED] - Delayed 1 second(s)

2018-05-16 18:43:53 - [TEST_STEP][PASSED] - selectOptionByIndex: All options with index in [71] are selected on object 'Object Repository/Store Request Schedule 1/Page_Store/select_--Select--Adernaline 0.'

2018-05-16 18:43:53 - [MESSAGE][PASSED] - All options with index in [71] are selected on object 'Object Repository/Store Request Schedule 1/Page_Store/select_--Select--Adernaline 0.'

2018-05-16 18:43:53 - [TEST_STEP][PASSED] - setText: Text '100' is set on object 'Object Repository/Store Request Schedule 1/Page_Store/input_txttreat'

2018-05-16 18:43:53 - [MESSAGE][PASSED] - Text '100' is set on object 'Object Repository/Store Request Schedule 1/Page_Store/input_txttreat'

2018-05-16 18:43:54 - [TEST_STEP][PASSED] - click: Object: 'Object Repository/Store Request Schedule 1/Page_Store/button_Add' is clicked on

2018-05-16 18:43:54 - [MESSAGE][PASSED] - Object: 'Object Repository/Store Request Schedule 1/Page_Store/button_Add' is clicked on

2018-05-16 18:43:54 - [TEST_STEP][PASSED] - selectOptionByIndex: All options with index in [2] are selected on object 'Object Repository/Store Request Schedule 1/Page_Store/select_--Select--Schedule 1Inj'

2018-05-16 18:43:54 - [MESSAGE][PASSED] - All options with index in [2] are selected on object 'Object Repository/Store Request Schedule 1/Page_Store/select_--Select--Schedule 1Inj'

2018-05-16 18:43:54 - [TEST_STEP][PASSED] - delay: Delayed 1 second(s)

2018-05-16 18:43:55 - [MESSAGE][PASSED] - Delayed 1 second(s)

2018-05-16 18:43:55 - [TEST_STEP][PASSED] - selectOptionByIndex: All options with index in [72] are selected on object 'Object Repository/Store Request Schedule 1/Page_Store/select_--Select--Adernaline 0.'

2018-05-16 18:43:56 - [MESSAGE][PASSED] - All options with index in [72] are selected on object 'Object Repository/Store Request Schedule 1/Page_Store/select_--Select--Adernaline 0.'

2018-05-16 18:43:56 - [TEST_STEP][PASSED] - setText: Text '100' is set on object 'Object Repository/Store Request Schedule 1/Page_Store/input_txttreat'

2018-05-16 18:43:56 - [MESSAGE][PASSED] - Text '100' is set on object 'Object Repository/Store Request Schedule 1/Page_Store/input_txttreat'

2018-05-16 18:43:56 - [TEST_STEP][PASSED] - click: Object: 'Object Repository/Store Request Schedule 1/Page_Store/button_Add' is clicked on

2018-05-16 18:43:56 - [MESSAGE][PASSED] - Object: 'Object Repository/Store Request Schedule 1/Page_Store/button_Add' is clicked on

2018-05-16 18:43:56 - [TEST_STEP][PASSED] - delay: Delayed 2 second(s)

2018-05-16 18:43:58 - [MESSAGE][PASSED] - Delayed 2 second(s)

2018-05-16 18:43:58 - [TEST_STEP][PASSED] - scrollToElement: Scroll to object 'Object Repository/Store Request Schedule 1/Page_Store/input_btnsave' successfully

2018-05-16 18:43:58 - [MESSAGE][PASSED] - Scroll to object 'Object Repository/Store Request Schedule 1/Page_Store/input_btnsave' successfully

2018-05-16 18:43:58 - [TEST_STEP][PASSED] - click: Object: 'Object Repository/Store Request Schedule 1/Page_Store/input_btnsave' is clicked on

2018-05-16 18:43:58 - [MESSAGE][PASSED] - Object: 'Object Repository/Store Request Schedule 1/Page_Store/input_btnsave' is clicked on

2018-05-16 18:43:58 - [TEST_STEP][PASSED] - delay: Delayed 4 second(s)

2018-05-16 18:44:02 - [MESSAGE][PASSED] - Delayed 4 second(s)

2018-05-16 18:44:02 - [TEST_STEP][PASSED] - Statement - Cms_RequestNumber = com.kms.katalon.core.webui.keyword.WebUiBuiltInKeywords.getText(com.kms.katalon.core.testobject.ObjectRepository.findTestObject(Store Request Schedule 1/Page_Store/font_PRNO050520189)): Text of object 'Object Repository/Store Request Schedule 1/Page_Store/font_PRNO050520189' is: 'PRNO/16052018/163'

2018-05-16 18:44:02 - [MESSAGE][PASSED] - Text of object 'Object Repository/Store Request Schedule 1/Page_Store/font_PRNO050520189' is: 'PRNO/16052018/163'

2018-05-16 18:44:02 - [TEST_STEP][PASSED] - Statement - CR = Cms_RequestNumber.trim(): null

2018-05-16 18:44:02 - [TEST_STEP][PASSED] - Statement - out.println("RQ :" + Cms_RequestNumber): null

2018-05-16 18:44:02 - [TEST_STEP][PASSED] - Statement - RequestNumberID = Cms_RequestNumber.split("/")[2].trim(): null

2018-05-16 18:44:02 - [TEST_STEP][PASSED] - Statement - out.println("RQ ID :" + RequestNumberID): null

2018-05-16 18:44:02 - [TEST_STEP][PASSED] - delay: Delayed 3 second(s)

2018-05-16 18:44:05 - [MESSAGE][PASSED] - Delayed 3 second(s)

2018-05-16 18:44:05 - [TEST_STEP][PASSED] - Statement - ok = com.kms.katalon.core.webui.keyword.WebUiBuiltInKeywords.click(com.kms.katalon.core.testobject.ObjectRepository.findTestObject(Store Request Schedule 1/Page_Store/button_OK)): Object: 'Object Repository/Store Request Schedule 1/Page_Store/button_OK' is clicked on

2018-05-16 18:44:06 - [MESSAGE][PASSED] - Object: 'Object Repository/Store Request Schedule 1/Page_Store/button_OK' is clicked on

2018-05-16 18:44:06 - [TEST_STEP][PASSED] - delay: Delayed 3 second(s)

2018-05-16 18:44:09 - [MESSAGE][PASSED] - Delayed 3 second(s)

2018-05-16 18:44:09 - [TEST_STEP][PASSED] - click: Object: 'Object Repository/Store Request Schedule 1/Page_Store/a_dropdown-toggle' is clicked on

2018-05-16 18:44:09 - [MESSAGE][PASSED] - Object: 'Object Repository/Store Request Schedule 1/Page_Store/a_dropdown-toggle' is clicked on

2018-05-16 18:44:09 - [TEST_STEP][PASSED] - click: Object: 'Object Repository/Store Request Schedule 1/Page_Store/a_Sign out' is clicked on

2018-05-16 18:44:09 - [MESSAGE][PASSED] - Object: 'Object Repository/Store Request Schedule 1/Page_Store/a_Sign out' is clicked on

2018-05-16 18:44:09 - [TEST_STEP][PASSED] - delay: Delayed 3 second(s)

2018-05-16 18:44:12 - [MESSAGE][PASSED] - Delayed 3 second(s)

2018-05-16 18:44:12 - [TEST_STEP][PASSED] - click: Object: 'Object Repository/Store Request Schedule 1/Page_KDMC/a_CMO' is clicked on

2018-05-16 18:44:13 - [MESSAGE][PASSED] - Object: 'Object Repository/Store Request Schedule 1/Page_KDMC/a_CMO' is clicked on

2018-05-16 18:44:13 - [TEST_STEP][PASSED] - setText: Text 'guru' is set on object 'Object Repository/Store Request Schedule 1/Page_CMO login/input_txtusername'

2018-05-16 18:44:13 - [MESSAGE][PASSED] - Text 'guru' is set on object 'Object Repository/Store Request Schedule 1/Page_CMO login/input_txtusername'

2018-05-16 18:44:13 - [TEST_STEP][PASSED] - setText: Text '123' is set on object 'Object Repository/Store Request Schedule 1/Page_CMO login/input_txtpassword'

2018-05-16 18:44:13 - [MESSAGE][PASSED] - Text '123' is set on object 'Object Repository/Store Request Schedule 1/Page_CMO login/input_txtpassword'

2018-05-16 18:44:13 - [TEST_STEP][PASSED] - delay: Delayed 3 second(s)

2018-05-16 18:44:16 - [MESSAGE][PASSED] - Delayed 3 second(s)

2018-05-16 18:44:16 - [TEST_STEP][PASSED] - click: Object: 'Object Repository/Store Request Schedule 1/Page_CMO login/button_Sign in' is clicked on

2018-05-16 18:44:17 - [MESSAGE][PASSED] - Object: 'Object Repository/Store Request Schedule 1/Page_CMO login/button_Sign in' is clicked on

2018-05-16 18:44:17 - [TEST_STEP][PASSED] - delay: Delayed 2 second(s)

2018-05-16 18:44:19 - [MESSAGE][PASSED] - Delayed 2 second(s)

2018-05-16 18:44:19 - [TEST_STEP][PASSED] - click: Object: 'Object Repository/Store Request Schedule 1/Page_KDMC - CMO/span_Department Wise Request' is clicked on

2018-05-16 18:44:19 - [MESSAGE][PASSED] - Object: 'Object Repository/Store Request Schedule 1/Page_KDMC - CMO/span_Department Wise Request' is clicked on

2018-05-16 18:44:19 - [TEST_STEP][PASSED] - click: Object: 'Object Repository/Store Request Schedule 1/Page_KDMC - CMO/a_CMS Request' is clicked on

2018-05-16 18:44:19 - [MESSAGE][PASSED] - Object: 'Object Repository/Store Request Schedule 1/Page_KDMC - CMO/a_CMS Request' is clicked on

2018-05-16 18:44:19 - [TEST_STEP][PASSED] - click: Object: 'Object Repository/Store Request Schedule 1/Page_KDMC - CMO/a_CMS Request' is clicked on

2018-05-16 18:44:20 - [MESSAGE][PASSED] - Object: 'Object Repository/Store Request Schedule 1/Page_KDMC - CMO/a_CMS Request' is clicked on

2018-05-16 18:44:20 - [TEST_STEP][PASSED] - click: Object: 'Object Repository/Store Request Schedule 1/Page_KDMC - CMO/span_Divisional Store Request' is clicked on

2018-05-16 18:44:21 - [MESSAGE][PASSED] - Object: 'Object Repository/Store Request Schedule 1/Page_KDMC - CMO/span_Divisional Store Request' is clicked on

2018-05-16 18:44:21 - [TEST_STEP][PASSED] - delay: Delayed 2 second(s)

2018-05-16 18:44:23 - [MESSAGE][PASSED] - Delayed 2 second(s)

2018-05-16 18:44:23 - [TEST_STEP][PASSED] - Statement - approval = com.kms.katalon.core.webui.keyword.WebUiBuiltInKeywords.modifyObjectProperty(com.kms.katalon.core.testobject.ObjectRepository.findTestObject(Store Request Schedule 1/Page_KDMC - CMO/input_PRNO050520189), "xpath", "equals", "//*[@id=" + RequestNumberID + "]", true): Modify property of object successfully

2018-05-16 18:44:23 - [MESSAGE][PASSED] - Modify property of object successfully

2018-05-16 18:44:23 - [TEST_STEP][PASSED] - click: Object: 'Object Repository/Store Request Schedule 1/Page_KDMC - CMO/input_PRNO050520189' is clicked on

2018-05-16 18:44:23 - [MESSAGE][PASSED] - Object: 'Object Repository/Store Request Schedule 1/Page_KDMC - CMO/input_PRNO050520189' is clicked on

2018-05-16 18:44:23 - [TEST_STEP][PASSED] - delay: Delayed 2 second(s)

2018-05-16 18:44:25 - [MESSAGE][PASSED] - Delayed 2 second(s)

2018-05-16 18:44:25 - [TEST_STEP][PASSED] - selectOptionByIndex: All options with index in [1] are selected on object 'Object Repository/Store Request Schedule 1/Page_KDMC - CMO/select_--Select--'

2018-05-16 18:44:25 - [MESSAGE][PASSED] - All options with index in [1] are selected on object 'Object Repository/Store Request Schedule 1/Page_KDMC - CMO/select_--Select--'

2018-05-16 18:44:25 - [TEST_STEP][PASSED] - click: Object: 'Object Repository/Store Request Schedule 1/Page_KDMC - CMO/input_btnupdate' is clicked on

2018-05-16 18:44:25 - [MESSAGE][PASSED] - Object: 'Object Repository/Store Request Schedule 1/Page_KDMC - CMO/input_btnupdate' is clicked on

2018-05-16 18:44:25 - [TEST_STEP][PASSED] - delay: Delayed 2 second(s)

2018-05-16 18:44:27 - [MESSAGE][PASSED] - Delayed 2 second(s)

2018-05-16 18:44:27 - [TEST_STEP][PASSED] - click: Object: 'Object Repository/Store Request Schedule 1/Page_KDMC - CMO/button_OK' is clicked on

2018-05-16 18:44:28 - [MESSAGE][PASSED] - Object: 'Object Repository/Store Request Schedule 1/Page_KDMC - CMO/button_OK' is clicked on

2018-05-16 18:44:28 - [TEST_STEP][PASSED] - delay: Delayed 2 second(s)

2018-05-16 18:44:30 - [MESSAGE][PASSED] - Delayed 2 second(s)

2018-05-16 18:44:30 - [TEST_STEP][PASSED] - click: Object: 'Object Repository/Store Request Schedule 1/Page_KDMC - CMO/a_dropdown-toggle' is clicked on

2018-05-16 18:44:30 - [MESSAGE][PASSED] - Object: 'Object Repository/Store Request Schedule 1/Page_KDMC - CMO/a_dropdown-toggle' is clicked on

2018-05-16 18:44:30 - [TEST_STEP][PASSED] - click: Object: 'Object Repository/Store Request Schedule 1/Page_KDMC - CMO/a_Sign out' is clicked on

2018-05-16 18:44:30 - [MESSAGE][PASSED] - Object: 'Object Repository/Store Request Schedule 1/Page_KDMC - CMO/a_Sign out' is clicked on

2018-05-16 18:44:30 - [TEST_STEP][PASSED] - delay: Delayed 3 second(s)

2018-05-16 18:44:33 - [MESSAGE][PASSED] - Delayed 3 second(s)

2018-05-16 18:44:33 - [TEST_STEP][PASSED] - click: Object: 'Object Repository/store Request Schedule 1/Page_KDMC/a_CMS' is clicked on

2018-05-16 18:44:34 - [MESSAGE][PASSED] - Object: 'Object Repository/store Request Schedule 1/Page_KDMC/a_CMS' is clicked on

2018-05-16 18:44:34 - [TEST_STEP][PASSED] - setText: Text 'bala' is set on object 'Object Repository/store Request Schedule 1/Page_CMS login/input_txtusername'

2018-05-16 18:44:34 - [MESSAGE][PASSED] - Text 'bala' is set on object 'Object Repository/store Request Schedule 1/Page_CMS login/input_txtusername'

2018-05-16 18:44:34 - [TEST_STEP][PASSED] - setText: Text '123' is set on object 'Object Repository/store Request Schedule 1/Page_CMS login/input_txtpassword'

2018-05-16 18:44:34 - [MESSAGE][PASSED] - Text '123' is set on object 'Object Repository/store Request Schedule 1/Page_CMS login/input_txtpassword'

2018-05-16 18:44:34 - [TEST_STEP][PASSED] - delay: Delayed 3 second(s)

2018-05-16 18:44:37 - [MESSAGE][PASSED] - Delayed 3 second(s)

2018-05-16 18:44:37 - [TEST_STEP][PASSED] - click: Object: 'Object Repository/store Request Schedule 1/Page_CMS login/button_Sign in' is clicked on

2018-05-16 18:44:37 - [MESSAGE][PASSED] - Object: 'Object Repository/store Request Schedule 1/Page_CMS login/button_Sign in' is clicked on

2018-05-16 18:44:37 - [TEST_STEP][PASSED] - delay: Delayed 2 second(s)

2018-05-16 18:44:39 - [MESSAGE][PASSED] - Delayed 2 second(s)

2018-05-16 18:44:39 - [TEST_STEP][PASSED] - click: Object: 'Object Repository/store Request Schedule 1/Page_KDMC - CMS/a_Divisional Store' is clicked on

2018-05-16 18:44:39 - [MESSAGE][PASSED] - Object: 'Object Repository/store Request Schedule 1/Page_KDMC - CMS/a_Divisional Store' is clicked on

2018-05-16 18:44:39 - [TEST_STEP][PASSED] - delay: Delayed 2 second(s)

2018-05-16 18:44:41 - [MESSAGE][PASSED] - Delayed 2 second(s)

2018-05-16 18:44:41 - [TEST_STEP][PASSED] - click: Object: 'Object Repository/store Request Schedule 1/Page_KDMC - CMS/a_Dispatch Items' is clicked on

2018-05-16 18:44:42 - [MESSAGE][PASSED] - Object: 'Object Repository/store Request Schedule 1/Page_KDMC - CMS/a_Dispatch Items' is clicked on

2018-05-16 18:44:42 - [TEST_STEP][PASSED] - setText: Text 'PRNO/16052018/163' is set on object 'Object Repository/store Request Schedule 1/Page_KDMC - CMS/input'

2018-05-16 18:44:42 - [MESSAGE][PASSED] - Text 'PRNO/16052018/163' is set on object 'Object Repository/store Request Schedule 1/Page_KDMC - CMS/input'

2018-05-16 18:44:42 - [TEST_STEP][PASSED] - click: Object: 'Object Repository/store Request Schedule 1/Page_KDMC - CMS/td_text-center' is clicked on

2018-05-16 18:44:42 - [MESSAGE][PASSED] - Object: 'Object Repository/store Request Schedule 1/Page_KDMC - CMS/td_text-center' is clicked on

2018-05-16 18:44:42 - [TEST_STEP][PASSED] - delay: Delayed 2 second(s)

2018-05-16 18:44:44 - [MESSAGE][PASSED] - Delayed 2 second(s)

2018-05-16 18:44:44 - [TEST_STEP][PASSED] - Statement - For ([row = 0, row < SelectedOptions - 1, (row++)]): null

2018-05-16 18:44:44 - [TEST_STEP][PASSED] - Statement - batchlength = new com.kms.katalon.core.testobject.TestObject(): null

2018-05-16 18:44:44 - [TEST_STEP][PASSED] - Statement - batchlength = com.kms.katalon.core.webui.keyword.WebUiBuiltInKeywords.modifyObjectProperty(batchlength, "xpath", "equals", "//*[@id = "fldvendor" + row + ""]", true): Modify property of object successfully

2018-05-16 18:44:44 - [MESSAGE][PASSED] - Modify property of object successfully

2018-05-16 18:44:44 - [TEST_STEP][PASSED] - Statement - batchsize = com.kms.katalon.core.webui.keyword.WebUiBuiltInKeywords.getNumberOfTotalOption(batchlength): 5 options of object '' counted

2018-05-16 18:44:44 - [MESSAGE][PASSED] - 5 options of object '' counted

2018-05-16 18:44:44 - [TEST_STEP][PASSED] - Statement - out.println("BatchSize : " + batchsize): null

2018-05-16 18:44:44 - [TEST_STEP][PASSED] - Statement - For ([n = 1, n <= batchsize - 1, (n++)]): null

2018-05-16 18:44:44 - [TEST_STEP][PASSED] - Statement - product = new com.kms.katalon.core.testobject.TestObject(): null

2018-05-16 18:44:44 - [TEST_STEP][PASSED] - Statement - product = com.kms.katalon.core.webui.keyword.WebUiBuiltInKeywords.modifyObjectProperty(product, "xpath", "equals", "//*[@id = "fldvendor" + row + ""]", true): Modify property of object successfully

2018-05-16 18:44:44 - [MESSAGE][PASSED] - Modify property of object successfully

2018-05-16 18:44:44 - [TEST_STEP][PASSED] - selectOptionByIndex: All options with index in [1] are selected on object ''

2018-05-16 18:44:44 - [MESSAGE][PASSED] - All options with index in [1] are selected on object ''

2018-05-16 18:44:44 - [TEST_STEP][PASSED] - Statement - batch = new com.kms.katalon.core.testobject.TestObject(): null

2018-05-16 18:44:44 - [TEST_STEP][PASSED] - Statement - batch = com.kms.katalon.core.webui.keyword.WebUiBuiltInKeywords.modifyObjectProperty(batch, "xpath", "equals", "//*[@id = "txtbthqty" + row + ""]", true): Modify property of object successfully

2018-05-16 18:44:44 - [MESSAGE][PASSED] - Modify property of object successfully

2018-05-16 18:44:44 - [TEST_STEP][PASSED] - Statement - batchqty = com.kms.katalon.core.webui.keyword.WebUiBuiltInKeywords.getAttribute(batch, "value").trim(): Attribute 'value' of object '' is: '38800'

2018-05-16 18:44:44 - [MESSAGE][PASSED] - Attribute 'value' of object '' is: '38800'

2018-05-16 18:44:44 - [TEST_STEP][PASSED] - Statement - Rqty = 10000: null

2018-05-16 18:44:44 - [TEST_STEP][PASSED] - delay: Delayed 2 second(s)

2018-05-16 18:44:46 - [MESSAGE][PASSED] - Delayed 2 second(s)

2018-05-16 18:44:46 - [TEST_STEP][PASSED] - Statement - out.println("BatchQty : " + batchqty): null

2018-05-16 18:44:46 - [TEST_STEP][PASSED] - Statement - out.println("RQty : " + Rqty): null

2018-05-16 18:44:46 - [TEST_STEP][PASSED] - Statement - If (java.lang.Integer.valueOf(batchqty) >= java.lang.Integer.valueOf(Rqty)): null

2018-05-16 18:44:46 - [TEST_STEP][PASSED] - Statement - Break: null

2018-05-16 18:44:46 - [TEST_STEP][PASSED] - Statement - batchlength = new com.kms.katalon.core.testobject.TestObject(): null

2018-05-16 18:44:46 - [TEST_STEP][PASSED] - Statement - batchlength = com.kms.katalon.core.webui.keyword.WebUiBuiltInKeywords.modifyObjectProperty(batchlength, "xpath", "equals", "//*[@id = "fldvendor" + row + ""]", true): Modify property of object successfully

2018-05-16 18:44:46 - [MESSAGE][PASSED] - Modify property of object successfully

2018-05-16 18:44:46 - [TEST_STEP][PASSED] - Statement - batchsize = com.kms.katalon.core.webui.keyword.WebUiBuiltInKeywords.getNumberOfTotalOption(batchlength): 5 options of object '' counted

2018-05-16 18:44:46 - [MESSAGE][PASSED] - 5 options of object '' counted

2018-05-16 18:44:46 - [TEST_STEP][PASSED] - Statement - out.println("BatchSize : " + batchsize): null

2018-05-16 18:44:46 - [TEST_STEP][PASSED] - Statement - For ([n = 1, n <= batchsize - 1, (n++)]): null

2018-05-16 18:44:46 - [TEST_STEP][PASSED] - Statement - product = new com.kms.katalon.core.testobject.TestObject(): null

2018-05-16 18:44:46 - [TEST_STEP][PASSED] - Statement - product = com.kms.katalon.core.webui.keyword.WebUiBuiltInKeywords.modifyObjectProperty(product, "xpath", "equals", "//*[@id = "fldvendor" + row + ""]", true): Modify property of object successfully

2018-05-16 18:44:46 - [MESSAGE][PASSED] - Modify property of object successfully

2018-05-16 18:44:46 - [TEST_STEP][PASSED] - selectOptionByIndex: All options with index in [1] are selected on object ''

2018-05-16 18:44:47 - [MESSAGE][PASSED] - All options with index in [1] are selected on object ''

2018-05-16 18:44:47 - [TEST_STEP][PASSED] - Statement - batch = new com.kms.katalon.core.testobject.TestObject(): null

2018-05-16 18:44:47 - [TEST_STEP][PASSED] - Statement - batch = com.kms.katalon.core.webui.keyword.WebUiBuiltInKeywords.modifyObjectProperty(batch, "xpath", "equals", "//*[@id = "txtbthqty" + row + ""]", true): Modify property of object successfully

2018-05-16 18:44:47 - [MESSAGE][PASSED] - Modify property of object successfully

2018-05-16 18:44:47 - [TEST_STEP][PASSED] - Statement - batchqty = com.kms.katalon.core.webui.keyword.WebUiBuiltInKeywords.getAttribute(batch, "value").trim(): Attribute 'value' of object '' is: '5000'

2018-05-16 18:44:47 - [MESSAGE][PASSED] - Attribute 'value' of object '' is: '5000'

2018-05-16 18:44:47 - [TEST_STEP][PASSED] - Statement - Rqty = 10000: null

2018-05-16 18:44:47 - [TEST_STEP][PASSED] - delay: Delayed 2 second(s)

2018-05-16 18:44:49 - [MESSAGE][PASSED] - Delayed 2 second(s)

2018-05-16 18:44:49 - [TEST_STEP][PASSED] - Statement - out.println("BatchQty : " + batchqty): null

2018-05-16 18:44:49 - [TEST_STEP][PASSED] - Statement - out.println("RQty : " + Rqty): null

2018-05-16 18:44:49 - [TEST_STEP][PASSED] - Statement - If (java.lang.Integer.valueOf(batchqty) >= java.lang.Integer.valueOf(Rqty)): null

2018-05-16 18:44:49 - [TEST_STEP][PASSED] - Statement - Else: null

2018-05-16 18:44:49 - [TEST_STEP][PASSED] - Statement - out.println("Batchqty Is Less Than Rqty"): null

2018-05-16 18:44:49 - [TEST_STEP][PASSED] - Statement - product = new com.kms.katalon.core.testobject.TestObject(): null

2018-05-16 18:44:49 - [TEST_STEP][PASSED] - Statement - product = com.kms.katalon.core.webui.keyword.WebUiBuiltInKeywords.modifyObjectProperty(product, "xpath", "equals", "//*[@id = "fldvendor" + row + ""]", true): Modify property of object successfully

2018-05-16 18:44:49 - [MESSAGE][PASSED] - Modify property of object successfully

2018-05-16 18:44:49 - [TEST_STEP][PASSED] - selectOptionByIndex: All options with index in [2] are selected on object ''

2018-05-16 18:44:49 - [MESSAGE][PASSED] - All options with index in [2] are selected on object ''

2018-05-16 18:44:49 - [TEST_STEP][PASSED] - Statement - batch = new com.kms.katalon.core.testobject.TestObject(): null

2018-05-16 18:44:49 - [TEST_STEP][PASSED] - Statement - batch = com.kms.katalon.core.webui.keyword.WebUiBuiltInKeywords.modifyObjectProperty(batch, "xpath", "equals", "//*[@id = "txtbthqty" + row + ""]", true): Modify property of object successfully

2018-05-16 18:44:49 - [MESSAGE][PASSED] - Modify property of object successfully

2018-05-16 18:44:49 - [TEST_STEP][PASSED] - Statement - batchqty = com.kms.katalon.core.webui.keyword.WebUiBuiltInKeywords.getAttribute(batch, "value").trim(): Attribute 'value' of object '' is: '5000'

2018-05-16 18:44:49 - [MESSAGE][PASSED] - Attribute 'value' of object '' is: '5000'

2018-05-16 18:44:49 - [TEST_STEP][PASSED] - Statement - Rqty = 10000: null

2018-05-16 18:44:49 - [TEST_STEP][PASSED] - delay: Delayed 2 second(s)

2018-05-16 18:44:51 - [MESSAGE][PASSED] - Delayed 2 second(s)

2018-05-16 18:44:51 - [TEST_STEP][PASSED] - Statement - out.println("BatchQty : " + batchqty): null

2018-05-16 18:44:51 - [TEST_STEP][PASSED] - Statement - out.println("RQty : " + Rqty): null

2018-05-16 18:44:51 - [TEST_STEP][PASSED] - Statement - If (java.lang.Integer.valueOf(batchqty) >= java.lang.Integer.valueOf(Rqty)): null

2018-05-16 18:44:51 - [TEST_STEP][PASSED] - Statement - Else: null

2018-05-16 18:44:51 - [TEST_STEP][PASSED] - Statement - out.println("Batchqty Is Less Than Rqty"): null

2018-05-16 18:44:51 - [TEST_STEP][PASSED] - Statement - product = new com.kms.katalon.core.testobject.TestObject(): null

2018-05-16 18:44:51 - [TEST_STEP][PASSED] - Statement - product = com.kms.katalon.core.webui.keyword.WebUiBuiltInKeywords.modifyObjectProperty(product, "xpath", "equals", "//*[@id = "fldvendor" + row + ""]", true): Modify property of object successfully

2018-05-16 18:44:51 - [MESSAGE][PASSED] - Modify property of object successfully

2018-05-16 18:44:51 - [TEST_STEP][PASSED] - selectOptionByIndex: All options with index in [3] are selected on object ''

2018-05-16 18:44:51 - [MESSAGE][PASSED] - All options with index in [3] are selected on object ''

2018-05-16 18:44:51 - [TEST_STEP][PASSED] - Statement - batch = new com.kms.katalon.core.testobject.TestObject(): null

2018-05-16 18:44:51 - [TEST_STEP][PASSED] - Statement - batch = com.kms.katalon.core.webui.keyword.WebUiBuiltInKeywords.modifyObjectProperty(batch, "xpath", "equals", "//*[@id = "txtbthqty" + row + ""]", true): Modify property of object successfully

2018-05-16 18:44:51 - [MESSAGE][PASSED] - Modify property of object successfully

2018-05-16 18:44:51 - [TEST_STEP][PASSED] - Statement - batchqty = com.kms.katalon.core.webui.keyword.WebUiBuiltInKeywords.getAttribute(batch, "value").trim(): Attribute 'value' of object '' is: '38800'

2018-05-16 18:44:51 - [MESSAGE][PASSED] - Attribute 'value' of object '' is: '38800'

2018-05-16 18:44:51 - [TEST_STEP][PASSED] - Statement - Rqty = 10000: null

2018-05-16 18:44:51 - [TEST_STEP][PASSED] - delay: Delayed 2 second(s)

2018-05-16 18:44:53 - [MESSAGE][PASSED] - Delayed 2 second(s)

2018-05-16 18:44:53 - [TEST_STEP][PASSED] - Statement - out.println("BatchQty : " + batchqty): null

2018-05-16 18:44:53 - [TEST_STEP][PASSED] - Statement - out.println("RQty : " + Rqty): null

2018-05-16 18:44:53 - [TEST_STEP][PASSED] - Statement - If (java.lang.Integer.valueOf(batchqty) >= java.lang.Integer.valueOf(Rqty)): null

2018-05-16 18:44:53 - [TEST_STEP][PASSED] - Statement - Break: null

2018-05-16 18:44:53 - [TEST_STEP][PASSED] - Statement - batchlength = new com.kms.katalon.core.testobject.TestObject(): null

2018-05-16 18:44:53 - [TEST_STEP][PASSED] - Statement - batchlength = com.kms.katalon.core.webui.keyword.WebUiBuiltInKeywords.modifyObjectProperty(batchlength, "xpath", "equals", "//*[@id = "fldvendor" + row + ""]", true): Modify property of object successfully

2018-05-16 18:44:53 - [MESSAGE][PASSED] - Modify property of object successfully

2018-05-16 18:44:53 - [TEST_STEP][PASSED] - Statement - batchsize = com.kms.katalon.core.webui.keyword.WebUiBuiltInKeywords.getNumberOfTotalOption(batchlength): 5 options of object '' counted

2018-05-16 18:44:53 - [MESSAGE][PASSED] - 5 options of object '' counted

2018-05-16 18:44:53 - [TEST_STEP][PASSED] - Statement - out.println("BatchSize : " + batchsize): null

2018-05-16 18:44:53 - [TEST_STEP][PASSED] - Statement - For ([n = 1, n <= batchsize - 1, (n++)]): null

2018-05-16 18:44:53 - [TEST_STEP][PASSED] - Statement - product = new com.kms.katalon.core.testobject.TestObject(): null

2018-05-16 18:44:53 - [TEST_STEP][PASSED] - Statement - product = com.kms.katalon.core.webui.keyword.WebUiBuiltInKeywords.modifyObjectProperty(product, "xpath", "equals", "//*[@id = "fldvendor" + row + ""]", true): Modify property of object successfully

2018-05-16 18:44:53 - [MESSAGE][PASSED] - Modify property of object successfully

2018-05-16 18:44:53 - [TEST_STEP][PASSED] - selectOptionByIndex: All options with index in [1] are selected on object ''

2018-05-16 18:44:53 - [MESSAGE][PASSED] - All options with index in [1] are selected on object ''

2018-05-16 18:44:53 - [TEST_STEP][PASSED] - Statement - batch = new com.kms.katalon.core.testobject.TestObject(): null

2018-05-16 18:44:53 - [TEST_STEP][PASSED] - Statement - batch = com.kms.katalon.core.webui.keyword.WebUiBuiltInKeywords.modifyObjectProperty(batch, "xpath", "equals", "//*[@id = "txtbthqty" + row + ""]", true): Modify property of object successfully

2018-05-16 18:44:53 - [MESSAGE][PASSED] - Modify property of object successfully

2018-05-16 18:44:53 - [TEST_STEP][PASSED] - Statement - batchqty = com.kms.katalon.core.webui.keyword.WebUiBuiltInKeywords.getAttribute(batch, "value").trim(): Attribute 'value' of object '' is: '4000'

2018-05-16 18:44:53 - [MESSAGE][PASSED] - Attribute 'value' of object '' is: '4000'

2018-05-16 18:44:53 - [TEST_STEP][PASSED] - Statement - Rqty = 10000: null

2018-05-16 18:44:53 - [TEST_STEP][PASSED] - delay: Delayed 2 second(s)

2018-05-16 18:44:55 - [MESSAGE][PASSED] - Delayed 2 second(s)

2018-05-16 18:44:55 - [TEST_STEP][PASSED] - Statement - out.println("BatchQty : " + batchqty): null

2018-05-16 18:44:55 - [TEST_STEP][PASSED] - Statement - out.println("RQty : " + Rqty): null

2018-05-16 18:44:55 - [TEST_STEP][PASSED] - Statement - If (java.lang.Integer.valueOf(batchqty) >= java.lang.Integer.valueOf(Rqty)): null

2018-05-16 18:44:55 - [TEST_STEP][PASSED] - Statement - Else: null

2018-05-16 18:44:55 - [TEST_STEP][PASSED] - Statement - out.println("Batchqty Is Less Than Rqty"): null

2018-05-16 18:44:55 - [TEST_STEP][PASSED] - Statement - product = new com.kms.katalon.core.testobject.TestObject(): null

2018-05-16 18:44:55 - [TEST_STEP][PASSED] - Statement - product = com.kms.katalon.core.webui.keyword.WebUiBuiltInKeywords.modifyObjectProperty(product, "xpath", "equals", "//*[@id = "fldvendor" + row + ""]", true): Modify property of object successfully

2018-05-16 18:44:55 - [MESSAGE][PASSED] - Modify property of object successfully

2018-05-16 18:44:55 - [TEST_STEP][PASSED] - selectOptionByIndex: All options with index in [2] are selected on object ''

2018-05-16 18:44:55 - [MESSAGE][PASSED] - All options with index in [2] are selected on object ''

2018-05-16 18:44:55 - [TEST_STEP][PASSED] - Statement - batch = new com.kms.katalon.core.testobject.TestObject(): null

2018-05-16 18:44:55 - [TEST_STEP][PASSED] - Statement - batch = com.kms.katalon.core.webui.keyword.WebUiBuiltInKeywords.modifyObjectProperty(batch, "xpath", "equals", "//*[@id = "txtbthqty" + row + ""]", true): Modify property of object successfully

2018-05-16 18:44:55 - [MESSAGE][PASSED] - Modify property of object successfully

2018-05-16 18:44:55 - [TEST_STEP][PASSED] - Statement - batchqty = com.kms.katalon.core.webui.keyword.WebUiBuiltInKeywords.getAttribute(batch, "value").trim(): Attribute 'value' of object '' is: '5000'

2018-05-16 18:44:55 - [MESSAGE][PASSED] - Attribute 'value' of object '' is: '5000'

2018-05-16 18:44:55 - [TEST_STEP][PASSED] - Statement - Rqty = 10000: null

2018-05-16 18:44:55 - [TEST_STEP][PASSED] - delay: Delayed 2 second(s)

2018-05-16 18:44:57 - [MESSAGE][PASSED] - Delayed 2 second(s)

2018-05-16 18:44:57 - [TEST_STEP][PASSED] - Statement - out.println("BatchQty : " + batchqty): null

2018-05-16 18:44:57 - [TEST_STEP][PASSED] - Statement - out.println("RQty : " + Rqty): null

2018-05-16 18:44:57 - [TEST_STEP][PASSED] - Statement - If (java.lang.Integer.valueOf(batchqty) >= java.lang.Integer.valueOf(Rqty)): null

2018-05-16 18:44:57 - [TEST_STEP][PASSED] - Statement - Else: null

2018-05-16 18:44:57 - [TEST_STEP][PASSED] - Statement - out.println("Batchqty Is Less Than Rqty"): null

2018-05-16 18:44:57 - [TEST_STEP][PASSED] - Statement - product = new com.kms.katalon.core.testobject.TestObject(): null

2018-05-16 18:44:57 - [TEST_STEP][PASSED] - Statement - product = com.kms.katalon.core.webui.keyword.WebUiBuiltInKeywords.modifyObjectProperty(product, "xpath", "equals", "//*[@id = "fldvendor" + row + ""]", true): Modify property of object successfully

2018-05-16 18:44:57 - [MESSAGE][PASSED] - Modify property of object successfully

2018-05-16 18:44:57 - [TEST_STEP][PASSED] - selectOptionByIndex: All options with index in [3] are selected on object ''

2018-05-16 18:44:58 - [MESSAGE][PASSED] - All options with index in [3] are selected on object ''

2018-05-16 18:44:58 - [TEST_STEP][PASSED] - Statement - batch = new com.kms.katalon.core.testobject.TestObject(): null

2018-05-16 18:44:58 - [TEST_STEP][PASSED] - Statement - batch = com.kms.katalon.core.webui.keyword.WebUiBuiltInKeywords.modifyObjectProperty(batch, "xpath", "equals", "//*[@id = "txtbthqty" + row + ""]", true): Modify property of object successfully

2018-05-16 18:44:58 - [MESSAGE][PASSED] - Modify property of object successfully

2018-05-16 18:44:58 - [TEST_STEP][PASSED] - Statement - batchqty = com.kms.katalon.core.webui.keyword.WebUiBuiltInKeywords.getAttribute(batch, "value").trim(): Attribute 'value' of object '' is: '39900'

2018-05-16 18:44:58 - [MESSAGE][PASSED] - Attribute 'value' of object '' is: '39900'

2018-05-16 18:44:58 - [TEST_STEP][PASSED] - Statement - Rqty = 10000: null

2018-05-16 18:44:58 - [TEST_STEP][PASSED] - delay: Delayed 2 second(s)

2018-05-16 18:45:00 - [MESSAGE][PASSED] - Delayed 2 second(s)

2018-05-16 18:45:00 - [TEST_STEP][PASSED] - Statement - out.println("BatchQty : " + batchqty): null

2018-05-16 18:45:00 - [TEST_STEP][PASSED] - Statement - out.println("RQty : " + Rqty): null

2018-05-16 18:45:00 - [TEST_STEP][PASSED] - Statement - If (java.lang.Integer.valueOf(batchqty) >= java.lang.Integer.valueOf(Rqty)): null

2018-05-16 18:45:00 - [TEST_STEP][PASSED] - Statement - Break: null

2018-05-16 18:45:00 - [TEST_STEP][PASSED] - Statement - batchlength = new com.kms.katalon.core.testobject.TestObject(): null

2018-05-16 18:45:00 - [TEST_STEP][PASSED] - Statement - batchlength = com.kms.katalon.core.webui.keyword.WebUiBuiltInKeywords.modifyObjectProperty(batchlength, "xpath", "equals", "//*[@id = "fldvendor" + row + ""]", true): Modify property of object successfully

2018-05-16 18:45:00 - [MESSAGE][PASSED] - Modify property of object successfully

2018-05-16 18:45:00 - [TEST_STEP][PASSED] - Statement - batchsize = com.kms.katalon.core.webui.keyword.WebUiBuiltInKeywords.getNumberOfTotalOption(batchlength): 5 options of object '' counted

2018-05-16 18:45:00 - [MESSAGE][PASSED] - 5 options of object '' counted

2018-05-16 18:45:00 - [TEST_STEP][PASSED] - Statement - out.println("BatchSize : " + batchsize): null

2018-05-16 18:45:00 - [TEST_STEP][PASSED] - Statement - For ([n = 1, n <= batchsize - 1, (n++)]): null

2018-05-16 18:45:00 - [TEST_STEP][PASSED] - Statement - product = new com.kms.katalon.core.testobject.TestObject(): null

2018-05-16 18:45:00 - [TEST_STEP][PASSED] - Statement - product = com.kms.katalon.core.webui.keyword.WebUiBuiltInKeywords.modifyObjectProperty(product, "xpath", "equals", "//*[@id = "fldvendor" + row + ""]", true): Modify property of object successfully

2018-05-16 18:45:00 - [MESSAGE][PASSED] - Modify property of object successfully

2018-05-16 18:45:00 - [TEST_STEP][PASSED] - selectOptionByIndex: All options with index in [1] are selected on object ''

2018-05-16 18:45:00 - [MESSAGE][PASSED] - All options with index in [1] are selected on object ''

2018-05-16 18:45:00 - [TEST_STEP][PASSED] - Statement - batch = new com.kms.katalon.core.testobject.TestObject(): null

2018-05-16 18:45:00 - [TEST_STEP][PASSED] - Statement - batch = com.kms.katalon.core.webui.keyword.WebUiBuiltInKeywords.modifyObjectProperty(batch, "xpath", "equals", "//*[@id = "txtbthqty" + row + ""]", true): Modify property of object successfully

2018-05-16 18:45:00 - [MESSAGE][PASSED] - Modify property of object successfully

2018-05-16 18:45:00 - [TEST_STEP][PASSED] - Statement - batchqty = com.kms.katalon.core.webui.keyword.WebUiBuiltInKeywords.getAttribute(batch, "value").trim(): Attribute 'value' of object '' is: '38800'

2018-05-16 18:45:00 - [MESSAGE][PASSED] - Attribute 'value' of object '' is: '38800'

2018-05-16 18:45:00 - [TEST_STEP][PASSED] - Statement - Rqty = 10000: null

2018-05-16 18:45:00 - [TEST_STEP][PASSED] - delay: Delayed 2 second(s)

2018-05-16 18:45:02 - [MESSAGE][PASSED] - Delayed 2 second(s)

2018-05-16 18:45:02 - [TEST_STEP][PASSED] - Statement - out.println("BatchQty : " + batchqty): null

2018-05-16 18:45:02 - [TEST_STEP][PASSED] - Statement - out.println("RQty : " + Rqty): null

2018-05-16 18:45:02 - [TEST_STEP][PASSED] - Statement - If (java.lang.Integer.valueOf(batchqty) >= java.lang.Integer.valueOf(Rqty)): null

2018-05-16 18:45:02 - [TEST_STEP][PASSED] - Statement - Break: null

2018-05-16 18:45:02 - [TEST_STEP][PASSED] - Statement - batchlength = new com.kms.katalon.core.testobject.TestObject(): null

2018-05-16 18:45:02 - [TEST_STEP][PASSED] - Statement - batchlength = com.kms.katalon.core.webui.keyword.WebUiBuiltInKeywords.modifyObjectProperty(batchlength, "xpath", "equals", "//*[@id = "fldvendor" + row + ""]", true): Modify property of object successfully

2018-05-16 18:45:02 - [MESSAGE][PASSED] - Modify property of object successfully

2018-05-16 18:45:02 - [TEST_STEP][PASSED] - Statement - batchsize = com.kms.katalon.core.webui.keyword.WebUiBuiltInKeywords.getNumberOfTotalOption(batchlength): 5 options of object '' counted

2018-05-16 18:45:02 - [MESSAGE][PASSED] - 5 options of object '' counted

2018-05-16 18:45:02 - [TEST_STEP][PASSED] - Statement - out.println("BatchSize : " + batchsize): null

2018-05-16 18:45:02 - [TEST_STEP][PASSED] - Statement - For ([n = 1, n <= batchsize - 1, (n++)]): null

2018-05-16 18:45:02 - [TEST_STEP][PASSED] - Statement - product = new com.kms.katalon.core.testobject.TestObject(): null

2018-05-16 18:45:02 - [TEST_STEP][PASSED] - Statement - product = com.kms.katalon.core.webui.keyword.WebUiBuiltInKeywords.modifyObjectProperty(product, "xpath", "equals", "//*[@id = "fldvendor" + row + ""]", true): Modify property of object successfully

2018-05-16 18:45:02 - [MESSAGE][PASSED] - Modify property of object successfully

2018-05-16 18:45:02 - [TEST_STEP][PASSED] - selectOptionByIndex: All options with index in [1] are selected on object ''

2018-05-16 18:45:02 - [MESSAGE][PASSED] - All options with index in [1] are selected on object ''

2018-05-16 18:45:02 - [TEST_STEP][PASSED] - Statement - batch = new com.kms.katalon.core.testobject.TestObject(): null

2018-05-16 18:45:02 - [TEST_STEP][PASSED] - Statement - batch = com.kms.katalon.core.webui.keyword.WebUiBuiltInKeywords.modifyObjectProperty(batch, "xpath", "equals", "//*[@id = "txtbthqty" + row + ""]", true): Modify property of object successfully

2018-05-16 18:45:02 - [MESSAGE][PASSED] - Modify property of object successfully

2018-05-16 18:45:02 - [TEST_STEP][PASSED] - Statement - batchqty = com.kms.katalon.core.webui.keyword.WebUiBuiltInKeywords.getAttribute(batch, "value").trim(): Attribute 'value' of object '' is: '5000'

2018-05-16 18:45:02 - [MESSAGE][PASSED] - Attribute 'value' of object '' is: '5000'

2018-05-16 18:45:02 - [TEST_STEP][PASSED] - Statement - Rqty = 10000: null

2018-05-16 18:45:02 - [TEST_STEP][PASSED] - delay: Delayed 2 second(s)

2018-05-16 18:45:04 - [MESSAGE][PASSED] - Delayed 2 second(s)

2018-05-16 18:45:04 - [TEST_STEP][PASSED] - Statement - out.println("BatchQty : " + batchqty): null

2018-05-16 18:45:04 - [TEST_STEP][PASSED] - Statement - out.println("RQty : " + Rqty): null

2018-05-16 18:45:04 - [TEST_STEP][PASSED] - Statement - If (java.lang.Integer.valueOf(batchqty) >= java.lang.Integer.valueOf(Rqty)): null

2018-05-16 18:45:04 - [TEST_STEP][PASSED] - Statement - Else: null

2018-05-16 18:45:04 - [TEST_STEP][PASSED] - Statement - out.println("Batchqty Is Less Than Rqty"): null

2018-05-16 18:45:04 - [TEST_STEP][PASSED] - Statement - product = new com.kms.katalon.core.testobject.TestObject(): null

2018-05-16 18:45:04 - [TEST_STEP][PASSED] - Statement - product = com.kms.katalon.core.webui.keyword.WebUiBuiltInKeywords.modifyObjectProperty(product, "xpath", "equals", "//*[@id = "fldvendor" + row + ""]", true): Modify property of object successfully

2018-05-16 18:45:04 - [MESSAGE][PASSED] - Modify property of object successfully

2018-05-16 18:45:04 - [TEST_STEP][PASSED] - selectOptionByIndex: All options with index in [2] are selected on object ''

2018-05-16 18:45:04 - [MESSAGE][PASSED] - All options with index in [2] are selected on object ''

2018-05-16 18:45:04 - [TEST_STEP][PASSED] - Statement - batch = new com.kms.katalon.core.testobject.TestObject(): null

2018-05-16 18:45:04 - [TEST_STEP][PASSED] - Statement - batch = com.kms.katalon.core.webui.keyword.WebUiBuiltInKeywords.modifyObjectProperty(batch, "xpath", "equals", "//*[@id = "txtbthqty" + row + ""]", true): Modify property of object successfully

2018-05-16 18:45:04 - [MESSAGE][PASSED] - Modify property of object successfully

2018-05-16 18:45:04 - [TEST_STEP][PASSED] - Statement - batchqty = com.kms.katalon.core.webui.keyword.WebUiBuiltInKeywords.getAttribute(batch, "value").trim(): Attribute 'value' of object '' is: '38800'

2018-05-16 18:45:04 - [MESSAGE][PASSED] - Attribute 'value' of object '' is: '38800'

2018-05-16 18:45:04 - [TEST_STEP][PASSED] - Statement - Rqty = 10000: null

2018-05-16 18:45:04 - [TEST_STEP][PASSED] - delay: Delayed 2 second(s)

2018-05-16 18:45:06 - [MESSAGE][PASSED] - Delayed 2 second(s)

2018-05-16 18:45:06 - [TEST_STEP][PASSED] - Statement - out.println("BatchQty : " + batchqty): null

2018-05-16 18:45:06 - [TEST_STEP][PASSED] - Statement - out.println("RQty : " + Rqty): null

2018-05-16 18:45:06 - [TEST_STEP][PASSED] - Statement - If (java.lang.Integer.valueOf(batchqty) >= java.lang.Integer.valueOf(Rqty)): null

2018-05-16 18:45:06 - [TEST_STEP][PASSED] - Statement - Break: null

2018-05-16 18:45:06 - [TEST_STEP][PASSED] - Statement - batchlength = new com.kms.katalon.core.testobject.TestObject(): null

2018-05-16 18:45:06 - [TEST_STEP][PASSED] - Statement - batchlength = com.kms.katalon.core.webui.keyword.WebUiBuiltInKeywords.modifyObjectProperty(batchlength, "xpath", "equals", "//*[@id = "fldvendor" + row + ""]", true): Modify property of object successfully

2018-05-16 18:45:06 - [MESSAGE][PASSED] - Modify property of object successfully

2018-05-16 18:45:06 - [TEST_STEP][PASSED] - Statement - batchsize = com.kms.katalon.core.webui.keyword.WebUiBuiltInKeywords.getNumberOfTotalOption(batchlength): 5 options of object '' counted

2018-05-16 18:45:06 - [MESSAGE][PASSED] - 5 options of object '' counted

2018-05-16 18:45:06 - [TEST_STEP][PASSED] - Statement - out.println("BatchSize : " + batchsize): null

2018-05-16 18:45:06 - [TEST_STEP][PASSED] - Statement - For ([n = 1, n <= batchsize - 1, (n++)]): null

2018-05-16 18:45:06 - [TEST_STEP][PASSED] - Statement - product = new com.kms.katalon.core.testobject.TestObject(): null

2018-05-16 18:45:06 - [TEST_STEP][PASSED] - Statement - product = com.kms.katalon.core.webui.keyword.WebUiBuiltInKeywords.modifyObjectProperty(product, "xpath", "equals", "//*[@id = "fldvendor" + row + ""]", true): Modify property of object successfully

2018-05-16 18:45:06 - [MESSAGE][PASSED] - Modify property of object successfully

2018-05-16 18:45:06 - [TEST_STEP][PASSED] - selectOptionByIndex: All options with index in [1] are selected on object ''

2018-05-16 18:45:07 - [MESSAGE][PASSED] - All options with index in [1] are selected on object ''

2018-05-16 18:45:07 - [TEST_STEP][PASSED] - Statement - batch = new com.kms.katalon.core.testobject.TestObject(): null

2018-05-16 18:45:07 - [TEST_STEP][PASSED] - Statement - batch = com.kms.katalon.core.webui.keyword.WebUiBuiltInKeywords.modifyObjectProperty(batch, "xpath", "equals", "//*[@id = "txtbthqty" + row + ""]", true): Modify property of object successfully

2018-05-16 18:45:07 - [MESSAGE][PASSED] - Modify property of object successfully

2018-05-16 18:45:07 - [TEST_STEP][PASSED] - Statement - batchqty = com.kms.katalon.core.webui.keyword.WebUiBuiltInKeywords.getAttribute(batch, "value").trim(): Attribute 'value' of object '' is: '5000'

2018-05-16 18:45:07 - [MESSAGE][PASSED] - Attribute 'value' of object '' is: '5000'

2018-05-16 18:45:07 - [TEST_STEP][PASSED] - Statement - Rqty = 10000: null

2018-05-16 18:45:07 - [TEST_STEP][PASSED] - delay: Delayed 2 second(s)

2018-05-16 18:45:09 - [MESSAGE][PASSED] - Delayed 2 second(s)

2018-05-16 18:45:09 - [TEST_STEP][PASSED] - Statement - out.println("BatchQty : " + batchqty): null

2018-05-16 18:45:09 - [TEST_STEP][PASSED] - Statement - out.println("RQty : " + Rqty): null

2018-05-16 18:45:09 - [TEST_STEP][PASSED] - Statement - If (java.lang.Integer.valueOf(batchqty) >= java.lang.Integer.valueOf(Rqty)): null

2018-05-16 18:45:09 - [TEST_STEP][PASSED] - Statement - Else: null

2018-05-16 18:45:09 - [TEST_STEP][PASSED] - Statement - out.println("Batchqty Is Less Than Rqty"): null

2018-05-16 18:45:09 - [TEST_STEP][PASSED] - Statement - product = new com.kms.katalon.core.testobject.TestObject(): null

2018-05-16 18:45:09 - [TEST_STEP][PASSED] - Statement - product = com.kms.katalon.core.webui.keyword.WebUiBuiltInKeywords.modifyObjectProperty(product, "xpath", "equals", "//*[@id = "fldvendor" + row + ""]", true): Modify property of object successfully

2018-05-16 18:45:09 - [MESSAGE][PASSED] - Modify property of object successfully

2018-05-16 18:45:09 - [TEST_STEP][PASSED] - selectOptionByIndex: All options with index in [2] are selected on object ''

2018-05-16 18:45:09 - [MESSAGE][PASSED] - All options with index in [2] are selected on object ''

2018-05-16 18:45:09 - [TEST_STEP][PASSED] - Statement - batch = new com.kms.katalon.core.testobject.TestObject(): null

2018-05-16 18:45:09 - [TEST_STEP][PASSED] - Statement - batch = com.kms.katalon.core.webui.keyword.WebUiBuiltInKeywords.modifyObjectProperty(batch, "xpath", "equals", "//*[@id = "txtbthqty" + row + ""]", true): Modify property of object successfully

2018-05-16 18:45:09 - [MESSAGE][PASSED] - Modify property of object successfully

2018-05-16 18:45:09 - [TEST_STEP][PASSED] - Statement - batchqty = com.kms.katalon.core.webui.keyword.WebUiBuiltInKeywords.getAttribute(batch, "value").trim(): Attribute 'value' of object '' is: '38800'

2018-05-16 18:45:09 - [MESSAGE][PASSED] - Attribute 'value' of object '' is: '38800'

2018-05-16 18:45:09 - [TEST_STEP][PASSED] - Statement - Rqty = 10000: null

2018-05-16 18:45:09 - [TEST_STEP][PASSED] - delay: Delayed 2 second(s)

2018-05-16 18:45:11 - [MESSAGE][PASSED] - Delayed 2 second(s)

2018-05-16 18:45:11 - [TEST_STEP][PASSED] - Statement - out.println("BatchQty : " + batchqty): null

2018-05-16 18:45:11 - [TEST_STEP][PASSED] - Statement - out.println("RQty : " + Rqty): null

2018-05-16 18:45:11 - [TEST_STEP][PASSED] - Statement - If (java.lang.Integer.valueOf(batchqty) >= java.lang.Integer.valueOf(Rqty)): null

2018-05-16 18:45:11 - [TEST_STEP][PASSED] - Statement - Break: null

2018-05-16 18:45:11 - [TEST_STEP][PASSED] - Statement - batchlength = new com.kms.katalon.core.testobject.TestObject(): null

2018-05-16 18:45:11 - [TEST_STEP][PASSED] - Statement - batchlength = com.kms.katalon.core.webui.keyword.WebUiBuiltInKeywords.modifyObjectProperty(batchlength, "xpath", "equals", "//*[@id = "fldvendor" + row + ""]", true): Modify property of object successfully

2018-05-16 18:45:11 - [MESSAGE][PASSED] - Modify property of object successfully

2018-05-16 18:45:11 - [TEST_STEP][PASSED] - Statement - batchsize = com.kms.katalon.core.webui.keyword.WebUiBuiltInKeywords.getNumberOfTotalOption(batchlength): 5 options of object '' counted

2018-05-16 18:45:11 - [MESSAGE][PASSED] - 5 options of object '' counted

2018-05-16 18:45:11 - [TEST_STEP][PASSED] - Statement - out.println("BatchSize : " + batchsize): null

2018-05-16 18:45:11 - [TEST_STEP][PASSED] - Statement - For ([n = 1, n <= batchsize - 1, (n++)]): null

2018-05-16 18:45:11 - [TEST_STEP][PASSED] - Statement - product = new com.kms.katalon.core.testobject.TestObject(): null

2018-05-16 18:45:11 - [TEST_STEP][PASSED] - Statement - product = com.kms.katalon.core.webui.keyword.WebUiBuiltInKeywords.modifyObjectProperty(product, "xpath", "equals", "//*[@id = "fldvendor" + row + ""]", true): Modify property of object successfully

2018-05-16 18:45:11 - [MESSAGE][PASSED] - Modify property of object successfully

2018-05-16 18:45:11 - [TEST_STEP][PASSED] - selectOptionByIndex: All options with index in [1] are selected on object ''

2018-05-16 18:45:11 - [MESSAGE][PASSED] - All options with index in [1] are selected on object ''

2018-05-16 18:45:11 - [TEST_STEP][PASSED] - Statement - batch = new com.kms.katalon.core.testobject.TestObject(): null

2018-05-16 18:45:11 - [TEST_STEP][PASSED] - Statement - batch = com.kms.katalon.core.webui.keyword.WebUiBuiltInKeywords.modifyObjectProperty(batch, "xpath", "equals", "//*[@id = "txtbthqty" + row + ""]", true): Modify property of object successfully

2018-05-16 18:45:11 - [MESSAGE][PASSED] - Modify property of object successfully

2018-05-16 18:45:11 - [TEST_STEP][PASSED] - Statement - batchqty = com.kms.katalon.core.webui.keyword.WebUiBuiltInKeywords.getAttribute(batch, "value").trim(): Attribute 'value' of object '' is: '5000'

2018-05-16 18:45:11 - [MESSAGE][PASSED] - Attribute 'value' of object '' is: '5000'

2018-05-16 18:45:11 - [TEST_STEP][PASSED] - Statement - Rqty = 10000: null

2018-05-16 18:45:11 - [TEST_STEP][PASSED] - delay: Delayed 2 second(s)

2018-05-16 18:45:13 - [MESSAGE][PASSED] - Delayed 2 second(s)

2018-05-16 18:45:13 - [TEST_STEP][PASSED] - Statement - out.println("BatchQty : " + batchqty): null

2018-05-16 18:45:13 - [TEST_STEP][PASSED] - Statement - out.println("RQty : " + Rqty): null

2018-05-16 18:45:13 - [TEST_STEP][PASSED] - Statement - If (java.lang.Integer.valueOf(batchqty) >= java.lang.Integer.valueOf(Rqty)): null

2018-05-16 18:45:13 - [TEST_STEP][PASSED] - Statement - Else: null

2018-05-16 18:45:13 - [TEST_STEP][PASSED] - Statement - out.println("Batchqty Is Less Than Rqty"): null

2018-05-16 18:45:13 - [TEST_STEP][PASSED] - Statement - product = new com.kms.katalon.core.testobject.TestObject(): null

2018-05-16 18:45:13 - [TEST_STEP][PASSED] - Statement - product = com.kms.katalon.core.webui.keyword.WebUiBuiltInKeywords.modifyObjectProperty(product, "xpath", "equals", "//*[@id = "fldvendor" + row + ""]", true): Modify property of object successfully

2018-05-16 18:45:13 - [MESSAGE][PASSED] - Modify property of object successfully

2018-05-16 18:45:13 - [TEST_STEP][PASSED] - selectOptionByIndex: All options with index in [2] are selected on object ''

2018-05-16 18:45:13 - [MESSAGE][PASSED] - All options with index in [2] are selected on object ''

2018-05-16 18:45:13 - [TEST_STEP][PASSED] - Statement - batch = new com.kms.katalon.core.testobject.TestObject(): null

2018-05-16 18:45:13 - [TEST_STEP][PASSED] - Statement - batch = com.kms.katalon.core.webui.keyword.WebUiBuiltInKeywords.modifyObjectProperty(batch, "xpath", "equals", "//*[@id = "txtbthqty" + row + ""]", true): Modify property of object successfully

2018-05-16 18:45:13 - [MESSAGE][PASSED] - Modify property of object successfully

2018-05-16 18:45:13 - [TEST_STEP][PASSED] - Statement - batchqty = com.kms.katalon.core.webui.keyword.WebUiBuiltInKeywords.getAttribute(batch, "value").trim(): Attribute 'value' of object '' is: '38800'

2018-05-16 18:45:13 - [MESSAGE][PASSED] - Attribute 'value' of object '' is: '38800'

2018-05-16 18:45:13 - [TEST_STEP][PASSED] - Statement - Rqty = 10000: null

2018-05-16 18:45:13 - [TEST_STEP][PASSED] - delay: Delayed 2 second(s)

2018-05-16 18:45:15 - [MESSAGE][PASSED] - Delayed 2 second(s)

2018-05-16 18:45:15 - [TEST_STEP][PASSED] - Statement - out.println("BatchQty : " + batchqty): null

2018-05-16 18:45:15 - [TEST_STEP][PASSED] - Statement - out.println("RQty : " + Rqty): null

2018-05-16 18:45:15 - [TEST_STEP][PASSED] - Statement - If (java.lang.Integer.valueOf(batchqty) >= java.lang.Integer.valueOf(Rqty)): null

2018-05-16 18:45:15 - [TEST_STEP][PASSED] - Statement - Break: null

2018-05-16 18:45:15 - [TEST_STEP][PASSED] - Statement - batchlength = new com.kms.katalon.core.testobject.TestObject(): null

2018-05-16 18:45:15 - [TEST_STEP][PASSED] - Statement - batchlength = com.kms.katalon.core.webui.keyword.WebUiBuiltInKeywords.modifyObjectProperty(batchlength, "xpath", "equals", "//*[@id = "fldvendor" + row + ""]", true): Modify property of object successfully

2018-05-16 18:45:15 - [MESSAGE][PASSED] - Modify property of object successfully

2018-05-16 18:45:15 - [TEST_STEP][PASSED] - Statement - batchsize = com.kms.katalon.core.webui.keyword.WebUiBuiltInKeywords.getNumberOfTotalOption(batchlength): 5 options of object '' counted

2018-05-16 18:45:15 - [MESSAGE][PASSED] - 5 options of object '' counted

2018-05-16 18:45:15 - [TEST_STEP][PASSED] - Statement - out.println("BatchSize : " + batchsize): null

2018-05-16 18:45:15 - [TEST_STEP][PASSED] - Statement - For ([n = 1, n <= batchsize - 1, (n++)]): null

2018-05-16 18:45:15 - [TEST_STEP][PASSED] - Statement - product = new com.kms.katalon.core.testobject.TestObject(): null

2018-05-16 18:45:15 - [TEST_STEP][PASSED] - Statement - product = com.kms.katalon.core.webui.keyword.WebUiBuiltInKeywords.modifyObjectProperty(product, "xpath", "equals", "//*[@id = "fldvendor" + row + ""]", true): Modify property of object successfully

2018-05-16 18:45:15 - [MESSAGE][PASSED] - Modify property of object successfully

2018-05-16 18:45:15 - [TEST_STEP][PASSED] - selectOptionByIndex: All options with index in [1] are selected on object ''

2018-05-16 18:45:15 - [MESSAGE][PASSED] - All options with index in [1] are selected on object ''

2018-05-16 18:45:15 - [TEST_STEP][PASSED] - Statement - batch = new com.kms.katalon.core.testobject.TestObject(): null

2018-05-16 18:45:15 - [TEST_STEP][PASSED] - Statement - batch = com.kms.katalon.core.webui.keyword.WebUiBuiltInKeywords.modifyObjectProperty(batch, "xpath", "equals", "//*[@id = "txtbthqty" + row + ""]", true): Modify property of object successfully

2018-05-16 18:45:15 - [MESSAGE][PASSED] - Modify property of object successfully

2018-05-16 18:45:15 - [TEST_STEP][PASSED] - Statement - batchqty = com.kms.katalon.core.webui.keyword.WebUiBuiltInKeywords.getAttribute(batch, "value").trim(): Attribute 'value' of object '' is: '4000'

2018-05-16 18:45:15 - [MESSAGE][PASSED] - Attribute 'value' of object '' is: '4000'

2018-05-16 18:45:15 - [TEST_STEP][PASSED] - Statement - Rqty = 10000: null

2018-05-16 18:45:15 - [TEST_STEP][PASSED] - delay: Delayed 2 second(s)

2018-05-16 18:45:17 - [MESSAGE][PASSED] - Delayed 2 second(s)

2018-05-16 18:45:17 - [TEST_STEP][PASSED] - Statement - out.println("BatchQty : " + batchqty): null

2018-05-16 18:45:17 - [TEST_STEP][PASSED] - Statement - out.println("RQty : " + Rqty): null

2018-05-16 18:45:17 - [TEST_STEP][PASSED] - Statement - If (java.lang.Integer.valueOf(batchqty) >= java.lang.Integer.valueOf(Rqty)): null

2018-05-16 18:45:17 - [TEST_STEP][PASSED] - Statement - Else: null

2018-05-16 18:45:17 - [TEST_STEP][PASSED] - Statement - out.println("Batchqty Is Less Than Rqty"): null

2018-05-16 18:45:17 - [TEST_STEP][PASSED] - Statement - product = new com.kms.katalon.core.testobject.TestObject(): null

2018-05-16 18:45:17 - [TEST_STEP][PASSED] - Statement - product = com.kms.katalon.core.webui.keyword.WebUiBuiltInKeywords.modifyObjectProperty(product, "xpath", "equals", "//*[@id = "fldvendor" + row + ""]", true): Modify property of object successfully

2018-05-16 18:45:17 - [MESSAGE][PASSED] - Modify property of object successfully

2018-05-16 18:45:17 - [TEST_STEP][PASSED] - selectOptionByIndex: All options with index in [2] are selected on object ''

2018-05-16 18:45:18 - [MESSAGE][PASSED] - All options with index in [2] are selected on object ''

2018-05-16 18:45:18 - [TEST_STEP][PASSED] - Statement - batch = new com.kms.katalon.core.testobject.TestObject(): null

2018-05-16 18:45:18 - [TEST_STEP][PASSED] - Statement - batch = com.kms.katalon.core.webui.keyword.WebUiBuiltInKeywords.modifyObjectProperty(batch, "xpath", "equals", "//*[@id = "txtbthqty" + row + ""]", true): Modify property of object successfully

2018-05-16 18:45:18 - [MESSAGE][PASSED] - Modify property of object successfully

2018-05-16 18:45:18 - [TEST_STEP][PASSED] - Statement - batchqty = com.kms.katalon.core.webui.keyword.WebUiBuiltInKeywords.getAttribute(batch, "value").trim(): Attribute 'value' of object '' is: '39800'

2018-05-16 18:45:18 - [MESSAGE][PASSED] - Attribute 'value' of object '' is: '39800'

2018-05-16 18:45:18 - [TEST_STEP][PASSED] - Statement - Rqty = 10000: null

2018-05-16 18:45:18 - [TEST_STEP][PASSED] - delay: Delayed 2 second(s)

2018-05-16 18:45:20 - [MESSAGE][PASSED] - Delayed 2 second(s)

2018-05-16 18:45:20 - [TEST_STEP][PASSED] - Statement - out.println("BatchQty : " + batchqty): null

2018-05-16 18:45:20 - [TEST_STEP][PASSED] - Statement - out.println("RQty : " + Rqty): null

2018-05-16 18:45:20 - [TEST_STEP][PASSED] - Statement - If (java.lang.Integer.valueOf(batchqty) >= java.lang.Integer.valueOf(Rqty)): null

2018-05-16 18:45:20 - [TEST_STEP][PASSED] - Statement - Break: null

2018-05-16 18:45:20 - [TEST_STEP][PASSED] - Statement - batchlength = new com.kms.katalon.core.testobject.TestObject(): null

2018-05-16 18:45:20 - [TEST_STEP][PASSED] - Statement - batchlength = com.kms.katalon.core.webui.keyword.WebUiBuiltInKeywords.modifyObjectProperty(batchlength, "xpath", "equals", "//*[@id = "fldvendor" + row + ""]", true): Modify property of object successfully

2018-05-16 18:45:20 - [MESSAGE][PASSED] - Modify property of object successfully

2018-05-16 18:45:20 - [TEST_STEP][PASSED] - Statement - batchsize = com.kms.katalon.core.webui.keyword.WebUiBuiltInKeywords.getNumberOfTotalOption(batchlength): 5 options of object '' counted

2018-05-16 18:45:20 - [MESSAGE][PASSED] - 5 options of object '' counted

2018-05-16 18:45:20 - [TEST_STEP][PASSED] - Statement - out.println("BatchSize : " + batchsize): null

2018-05-16 18:45:20 - [TEST_STEP][PASSED] - Statement - For ([n = 1, n <= batchsize - 1, (n++)]): null

2018-05-16 18:45:20 - [TEST_STEP][PASSED] - Statement - product = new com.kms.katalon.core.testobject.TestObject(): null

2018-05-16 18:45:20 - [TEST_STEP][PASSED] - Statement - product = com.kms.katalon.core.webui.keyword.WebUiBuiltInKeywords.modifyObjectProperty(product, "xpath", "equals", "//*[@id = "fldvendor" + row + ""]", true): Modify property of object successfully

2018-05-16 18:45:20 - [MESSAGE][PASSED] - Modify property of object successfully

2018-05-16 18:45:20 - [TEST_STEP][PASSED] - selectOptionByIndex: All options with index in [1] are selected on object ''

2018-05-16 18:45:20 - [MESSAGE][PASSED] - All options with index in [1] are selected on object ''

2018-05-16 18:45:20 - [TEST_STEP][PASSED] - Statement - batch = new com.kms.katalon.core.testobject.TestObject(): null

2018-05-16 18:45:20 - [TEST_STEP][PASSED] - Statement - batch = com.kms.katalon.core.webui.keyword.WebUiBuiltInKeywords.modifyObjectProperty(batch, "xpath", "equals", "//*[@id = "txtbthqty" + row + ""]", true): Modify property of object successfully

2018-05-16 18:45:20 - [MESSAGE][PASSED] - Modify property of object successfully

2018-05-16 18:45:20 - [TEST_STEP][PASSED] - Statement - batchqty = com.kms.katalon.core.webui.keyword.WebUiBuiltInKeywords.getAttribute(batch, "value").trim(): Attribute 'value' of object '' is: '5000'

2018-05-16 18:45:20 - [MESSAGE][PASSED] - Attribute 'value' of object '' is: '5000'

2018-05-16 18:45:20 - [TEST_STEP][PASSED] - Statement - Rqty = 10000: null

2018-05-16 18:45:20 - [TEST_STEP][PASSED] - delay: Delayed 2 second(s)

2018-05-16 18:45:22 - [MESSAGE][PASSED] - Delayed 2 second(s)

2018-05-16 18:45:22 - [TEST_STEP][PASSED] - Statement - out.println("BatchQty : " + batchqty): null

2018-05-16 18:45:22 - [TEST_STEP][PASSED] - Statement - out.println("RQty : " + Rqty): null

2018-05-16 18:45:22 - [TEST_STEP][PASSED] - Statement - If (java.lang.Integer.valueOf(batchqty) >= java.lang.Integer.valueOf(Rqty)): null

2018-05-16 18:45:22 - [TEST_STEP][PASSED] - Statement - Else: null

2018-05-16 18:45:22 - [TEST_STEP][PASSED] - Statement - out.println("Batchqty Is Less Than Rqty"): null

2018-05-16 18:45:22 - [TEST_STEP][PASSED] - Statement - product = new com.kms.katalon.core.testobject.TestObject(): null

2018-05-16 18:45:22 - [TEST_STEP][PASSED] - Statement - product = com.kms.katalon.core.webui.keyword.WebUiBuiltInKeywords.modifyObjectProperty(product, "xpath", "equals", "//*[@id = "fldvendor" + row + ""]", true): Modify property of object successfully

2018-05-16 18:45:22 - [MESSAGE][PASSED] - Modify property of object successfully

2018-05-16 18:45:22 - [TEST_STEP][PASSED] - selectOptionByIndex: All options with index in [2] are selected on object ''

2018-05-16 18:45:22 - [MESSAGE][PASSED] - All options with index in [2] are selected on object ''

2018-05-16 18:45:22 - [TEST_STEP][PASSED] - Statement - batch = new com.kms.katalon.core.testobject.TestObject(): null

2018-05-16 18:45:22 - [TEST_STEP][PASSED] - Statement - batch = com.kms.katalon.core.webui.keyword.WebUiBuiltInKeywords.modifyObjectProperty(batch, "xpath", "equals", "//*[@id = "txtbthqty" + row + ""]", true): Modify property of object successfully

2018-05-16 18:45:22 - [MESSAGE][PASSED] - Modify property of object successfully

2018-05-16 18:45:22 - [TEST_STEP][PASSED] - Statement - batchqty = com.kms.katalon.core.webui.keyword.WebUiBuiltInKeywords.getAttribute(batch, "value").trim(): Attribute 'value' of object '' is: '38800'

2018-05-16 18:45:22 - [MESSAGE][PASSED] - Attribute 'value' of object '' is: '38800'

2018-05-16 18:45:22 - [TEST_STEP][PASSED] - Statement - Rqty = 10000: null

2018-05-16 18:45:22 - [TEST_STEP][PASSED] - delay: Delayed 2 second(s)

2018-05-16 18:45:24 - [MESSAGE][PASSED] - Delayed 2 second(s)

2018-05-16 18:45:24 - [TEST_STEP][PASSED] - Statement - out.println("BatchQty : " + batchqty): null

2018-05-16 18:45:24 - [TEST_STEP][PASSED] - Statement - out.println("RQty : " + Rqty): null

2018-05-16 18:45:24 - [TEST_STEP][PASSED] - Statement - If (java.lang.Integer.valueOf(batchqty) >= java.lang.Integer.valueOf(Rqty)): null

2018-05-16 18:45:24 - [TEST_STEP][PASSED] - Statement - Break: null

2018-05-16 18:45:24 - [TEST_STEP][PASSED] - Statement - batchlength = new com.kms.katalon.core.testobject.TestObject(): null

2018-05-16 18:45:24 - [TEST_STEP][PASSED] - Statement - batchlength = com.kms.katalon.core.webui.keyword.WebUiBuiltInKeywords.modifyObjectProperty(batchlength, "xpath", "equals", "//*[@id = "fldvendor" + row + ""]", true): Modify property of object successfully

2018-05-16 18:45:24 - [MESSAGE][PASSED] - Modify property of object successfully

2018-05-16 18:45:24 - [TEST_STEP][PASSED] - Statement - batchsize = com.kms.katalon.core.webui.keyword.WebUiBuiltInKeywords.getNumberOfTotalOption(batchlength): 5 options of object '' counted

2018-05-16 18:45:24 - [MESSAGE][PASSED] - 5 options of object '' counted

2018-05-16 18:45:24 - [TEST_STEP][PASSED] - Statement - out.println("BatchSize : " + batchsize): null

2018-05-16 18:45:24 - [TEST_STEP][PASSED] - Statement - For ([n = 1, n <= batchsize - 1, (n++)]): null

2018-05-16 18:45:24 - [TEST_STEP][PASSED] - Statement - product = new com.kms.katalon.core.testobject.TestObject(): null

2018-05-16 18:45:24 - [TEST_STEP][PASSED] - Statement - product = com.kms.katalon.core.webui.keyword.WebUiBuiltInKeywords.modifyObjectProperty(product, "xpath", "equals", "//*[@id = "fldvendor" + row + ""]", true): Modify property of object successfully

2018-05-16 18:45:24 - [MESSAGE][PASSED] - Modify property of object successfully

2018-05-16 18:45:24 - [TEST_STEP][PASSED] - selectOptionByIndex: All options with index in [1] are selected on object ''

2018-05-16 18:45:24 - [MESSAGE][PASSED] - All options with index in [1] are selected on object ''

2018-05-16 18:45:24 - [TEST_STEP][PASSED] - Statement - batch = new com.kms.katalon.core.testobject.TestObject(): null

2018-05-16 18:45:24 - [TEST_STEP][PASSED] - Statement - batch = com.kms.katalon.core.webui.keyword.WebUiBuiltInKeywords.modifyObjectProperty(batch, "xpath", "equals", "//*[@id = "txtbthqty" + row + ""]", true): Modify property of object successfully

2018-05-16 18:45:24 - [MESSAGE][PASSED] - Modify property of object successfully

2018-05-16 18:45:24 - [TEST_STEP][PASSED] - Statement - batchqty = com.kms.katalon.core.webui.keyword.WebUiBuiltInKeywords.getAttribute(batch, "value").trim(): Attribute 'value' of object '' is: '5000'

2018-05-16 18:45:24 - [MESSAGE][PASSED] - Attribute 'value' of object '' is: '5000'

2018-05-16 18:45:24 - [TEST_STEP][PASSED] - Statement - Rqty = 10000: null

2018-05-16 18:45:24 - [TEST_STEP][PASSED] - delay: Delayed 2 second(s)

2018-05-16 18:45:26 - [MESSAGE][PASSED] - Delayed 2 second(s)

2018-05-16 18:45:26 - [TEST_STEP][PASSED] - Statement - out.println("BatchQty : " + batchqty): null

2018-05-16 18:45:26 - [TEST_STEP][PASSED] - Statement - out.println("RQty : " + Rqty): null

2018-05-16 18:45:26 - [TEST_STEP][PASSED] - Statement - If (java.lang.Integer.valueOf(batchqty) >= java.lang.Integer.valueOf(Rqty)): null

2018-05-16 18:45:26 - [TEST_STEP][PASSED] - Statement - Else: null

2018-05-16 18:45:26 - [TEST_STEP][PASSED] - Statement - out.println("Batchqty Is Less Than Rqty"): null

2018-05-16 18:45:26 - [TEST_STEP][PASSED] - Statement - product = new com.kms.katalon.core.testobject.TestObject(): null

2018-05-16 18:45:26 - [TEST_STEP][PASSED] - Statement - product = com.kms.katalon.core.webui.keyword.WebUiBuiltInKeywords.modifyObjectProperty(product, "xpath", "equals", "//*[@id = "fldvendor" + row + ""]", true): Modify property of object successfully

2018-05-16 18:45:26 - [MESSAGE][PASSED] - Modify property of object successfully

2018-05-16 18:45:26 - [TEST_STEP][PASSED] - selectOptionByIndex: All options with index in [2] are selected on object ''

2018-05-16 18:45:26 - [MESSAGE][PASSED] - All options with index in [2] are selected on object ''

2018-05-16 18:45:26 - [TEST_STEP][PASSED] - Statement - batch = new com.kms.katalon.core.testobject.TestObject(): null

2018-05-16 18:45:26 - [TEST_STEP][PASSED] - Statement - batch = com.kms.katalon.core.webui.keyword.WebUiBuiltInKeywords.modifyObjectProperty(batch, "xpath", "equals", "//*[@id = "txtbthqty" + row + ""]", true): Modify property of object successfully

2018-05-16 18:45:26 - [MESSAGE][PASSED] - Modify property of object successfully

2018-05-16 18:45:26 - [TEST_STEP][PASSED] - Statement - batchqty = com.kms.katalon.core.webui.keyword.WebUiBuiltInKeywords.getAttribute(batch, "value").trim(): Attribute 'value' of object '' is: '4000'

2018-05-16 18:45:27 - [MESSAGE][PASSED] - Attribute 'value' of object '' is: '4000'

2018-05-16 18:45:27 - [TEST_STEP][PASSED] - Statement - Rqty = 10000: null

2018-05-16 18:45:27 - [TEST_STEP][PASSED] - delay: Delayed 2 second(s)

2018-05-16 18:45:29 - [MESSAGE][PASSED] - Delayed 2 second(s)

2018-05-16 18:45:29 - [TEST_STEP][PASSED] - Statement - out.println("BatchQty : " + batchqty): null

2018-05-16 18:45:29 - [TEST_STEP][PASSED] - Statement - out.println("RQty : " + Rqty): null

2018-05-16 18:45:29 - [TEST_STEP][PASSED] - Statement - If (java.lang.Integer.valueOf(batchqty) >= java.lang.Integer.valueOf(Rqty)): null

2018-05-16 18:45:29 - [TEST_STEP][PASSED] - Statement - Else: null

2018-05-16 18:45:29 - [TEST_STEP][PASSED] - Statement - out.println("Batchqty Is Less Than Rqty"): null

2018-05-16 18:45:29 - [TEST_STEP][PASSED] - Statement - product = new com.kms.katalon.core.testobject.TestObject(): null

2018-05-16 18:45:29 - [TEST_STEP][PASSED] - Statement - product = com.kms.katalon.core.webui.keyword.WebUiBuiltInKeywords.modifyObjectProperty(product, "xpath", "equals", "//*[@id = "fldvendor" + row + ""]", true): Modify property of object successfully

2018-05-16 18:45:29 - [MESSAGE][PASSED] - Modify property of object successfully

2018-05-16 18:45:29 - [TEST_STEP][PASSED] - selectOptionByIndex: All options with index in [3] are selected on object ''

2018-05-16 18:45:29 - [MESSAGE][PASSED] - All options with index in [3] are selected on object ''

2018-05-16 18:45:29 - [TEST_STEP][PASSED] - Statement - batch = new com.kms.katalon.core.testobject.TestObject(): null

2018-05-16 18:45:29 - [TEST_STEP][PASSED] - Statement - batch = com.kms.katalon.core.webui.keyword.WebUiBuiltInKeywords.modifyObjectProperty(batch, "xpath", "equals", "//*[@id = "txtbthqty" + row + ""]", true): Modify property of object successfully

2018-05-16 18:45:29 - [MESSAGE][PASSED] - Modify property of object successfully

2018-05-16 18:45:29 - [TEST_STEP][PASSED] - Statement - batchqty = com.kms.katalon.core.webui.keyword.WebUiBuiltInKeywords.getAttribute(batch, "value").trim(): Attribute 'value' of object '' is: '5000'

2018-05-16 18:45:29 - [MESSAGE][PASSED] - Attribute 'value' of object '' is: '5000'

2018-05-16 18:45:29 - [TEST_STEP][PASSED] - Statement - Rqty = 10000: null

2018-05-16 18:45:29 - [TEST_STEP][PASSED] - delay: Delayed 2 second(s)

2018-05-16 18:45:31 - [MESSAGE][PASSED] - Delayed 2 second(s)

2018-05-16 18:45:31 - [TEST_STEP][PASSED] - Statement - out.println("BatchQty : " + batchqty): null

2018-05-16 18:45:31 - [TEST_STEP][PASSED] - Statement - out.println("RQty : " + Rqty): null

2018-05-16 18:45:31 - [TEST_STEP][PASSED] - Statement - If (java.lang.Integer.valueOf(batchqty) >= java.lang.Integer.valueOf(Rqty)): null

2018-05-16 18:45:31 - [TEST_STEP][PASSED] - Statement - Else: null

2018-05-16 18:45:31 - [TEST_STEP][PASSED] - Statement - out.println("Batchqty Is Less Than Rqty"): null

2018-05-16 18:45:31 - [TEST_STEP][PASSED] - Statement - product = new com.kms.katalon.core.testobject.TestObject(): null

2018-05-16 18:45:31 - [TEST_STEP][PASSED] - Statement - product = com.kms.katalon.core.webui.keyword.WebUiBuiltInKeywords.modifyObjectProperty(product, "xpath", "equals", "//*[@id = "fldvendor" + row + ""]", true): Modify property of object successfully

2018-05-16 18:45:31 - [MESSAGE][PASSED] - Modify property of object successfully

2018-05-16 18:45:31 - [TEST_STEP][PASSED] - selectOptionByIndex: All options with index in [4] are selected on object ''

2018-05-16 18:45:31 - [MESSAGE][PASSED] - All options with index in [4] are selected on object ''

2018-05-16 18:45:31 - [TEST_STEP][PASSED] - Statement - batch = new com.kms.katalon.core.testobject.TestObject(): null

2018-05-16 18:45:31 - [TEST_STEP][PASSED] - Statement - batch = com.kms.katalon.core.webui.keyword.WebUiBuiltInKeywords.modifyObjectProperty(batch, "xpath", "equals", "//*[@id = "txtbthqty" + row + ""]", true): Modify property of object successfully

2018-05-16 18:45:31 - [MESSAGE][PASSED] - Modify property of object successfully

2018-05-16 18:45:31 - [TEST_STEP][PASSED] - Statement - batchqty = com.kms.katalon.core.webui.keyword.WebUiBuiltInKeywords.getAttribute(batch, "value").trim(): Attribute 'value' of object '' is: '39800'

2018-05-16 18:45:31 - [MESSAGE][PASSED] - Attribute 'value' of object '' is: '39800'

2018-05-16 18:45:31 - [TEST_STEP][PASSED] - Statement - Rqty = 10000: null

2018-05-16 18:45:31 - [TEST_STEP][PASSED] - delay: Delayed 2 second(s)

2018-05-16 18:45:33 - [MESSAGE][PASSED] - Delayed 2 second(s)

2018-05-16 18:45:33 - [TEST_STEP][PASSED] - Statement - out.println("BatchQty : " + batchqty): null

2018-05-16 18:45:33 - [TEST_STEP][PASSED] - Statement - out.println("RQty : " + Rqty): null

2018-05-16 18:45:33 - [TEST_STEP][PASSED] - Statement - If (java.lang.Integer.valueOf(batchqty) >= java.lang.Integer.valueOf(Rqty)): null

2018-05-16 18:45:33 - [TEST_STEP][PASSED] - Statement - Break: null

2018-05-16 18:45:33 - [TEST_STEP][PASSED] - Statement - batchlength = new com.kms.katalon.core.testobject.TestObject(): null

2018-05-16 18:45:33 - [TEST_STEP][PASSED] - Statement - batchlength = com.kms.katalon.core.webui.keyword.WebUiBuiltInKeywords.modifyObjectProperty(batchlength, "xpath", "equals", "//*[@id = "fldvendor" + row + ""]", true): Modify property of object successfully

2018-05-16 18:45:33 - [MESSAGE][PASSED] - Modify property of object successfully

2018-05-16 18:45:33 - [TEST_STEP][PASSED] - Statement - batchsize = com.kms.katalon.core.webui.keyword.WebUiBuiltInKeywords.getNumberOfTotalOption(batchlength): 5 options of object '' counted

2018-05-16 18:45:33 - [MESSAGE][PASSED] - 5 options of object '' counted

2018-05-16 18:45:33 - [TEST_STEP][PASSED] - Statement - out.println("BatchSize : " + batchsize): null

2018-05-16 18:45:33 - [TEST_STEP][PASSED] - Statement - For ([n = 1, n <= batchsize - 1, (n++)]): null

2018-05-16 18:45:33 - [TEST_STEP][PASSED] - Statement - product = new com.kms.katalon.core.testobject.TestObject(): null

2018-05-16 18:45:33 - [TEST_STEP][PASSED] - Statement - product = com.kms.katalon.core.webui.keyword.WebUiBuiltInKeywords.modifyObjectProperty(product, "xpath", "equals", "//*[@id = "fldvendor" + row + ""]", true): Modify property of object successfully

2018-05-16 18:45:33 - [MESSAGE][PASSED] - Modify property of object successfully

2018-05-16 18:45:33 - [TEST_STEP][PASSED] - selectOptionByIndex: All options with index in [1] are selected on object ''

2018-05-16 18:45:33 - [MESSAGE][PASSED] - All options with index in [1] are selected on object ''

2018-05-16 18:45:33 - [TEST_STEP][PASSED] - Statement - batch = new com.kms.katalon.core.testobject.TestObject(): null

2018-05-16 18:45:33 - [TEST_STEP][PASSED] - Statement - batch = com.kms.katalon.core.webui.keyword.WebUiBuiltInKeywords.modifyObjectProperty(batch, "xpath", "equals", "//*[@id = "txtbthqty" + row + ""]", true): Modify property of object successfully

2018-05-16 18:45:33 - [MESSAGE][PASSED] - Modify property of object successfully

2018-05-16 18:45:33 - [TEST_STEP][PASSED] - Statement - batchqty = com.kms.katalon.core.webui.keyword.WebUiBuiltInKeywords.getAttribute(batch, "value").trim(): Attribute 'value' of object '' is: '38800'

2018-05-16 18:45:33 - [MESSAGE][PASSED] - Attribute 'value' of object '' is: '38800'

2018-05-16 18:45:33 - [TEST_STEP][PASSED] - Statement - Rqty = 10000: null

2018-05-16 18:45:33 - [TEST_STEP][PASSED] - delay: Delayed 2 second(s)

2018-05-16 18:45:35 - [MESSAGE][PASSED] - Delayed 2 second(s)

2018-05-16 18:45:35 - [TEST_STEP][PASSED] - Statement - out.println("BatchQty : " + batchqty): null

2018-05-16 18:45:35 - [TEST_STEP][PASSED] - Statement - out.println("RQty : " + Rqty): null

2018-05-16 18:45:35 - [TEST_STEP][PASSED] - Statement - If (java.lang.Integer.valueOf(batchqty) >= java.lang.Integer.valueOf(Rqty)): null

2018-05-16 18:45:35 - [TEST_STEP][PASSED] - Statement - Break: null

2018-05-16 18:45:35 - [TEST_STEP][PASSED] - Statement - batchlength = new com.kms.katalon.core.testobject.TestObject(): null

2018-05-16 18:45:35 - [TEST_STEP][PASSED] - Statement - batchlength = com.kms.katalon.core.webui.keyword.WebUiBuiltInKeywords.modifyObjectProperty(batchlength, "xpath", "equals", "//*[@id = "fldvendor" + row + ""]", true): Modify property of object successfully

2018-05-16 18:45:35 - [MESSAGE][PASSED] - Modify property of object successfully

2018-05-16 18:45:35 - [TEST_STEP][PASSED] - Statement - batchsize = com.kms.katalon.core.webui.keyword.WebUiBuiltInKeywords.getNumberOfTotalOption(batchlength): 5 options of object '' counted

2018-05-16 18:45:35 - [MESSAGE][PASSED] - 5 options of object '' counted

2018-05-16 18:45:35 - [TEST_STEP][PASSED] - Statement - out.println("BatchSize : " + batchsize): null

2018-05-16 18:45:35 - [TEST_STEP][PASSED] - Statement - For ([n = 1, n <= batchsize - 1, (n++)]): null

2018-05-16 18:45:35 - [TEST_STEP][PASSED] - Statement - product = new com.kms.katalon.core.testobject.TestObject(): null

2018-05-16 18:45:35 - [TEST_STEP][PASSED] - Statement - product = com.kms.katalon.core.webui.keyword.WebUiBuiltInKeywords.modifyObjectProperty(product, "xpath", "equals", "//*[@id = "fldvendor" + row + ""]", true): Modify property of object successfully

2018-05-16 18:45:35 - [MESSAGE][PASSED] - Modify property of object successfully

2018-05-16 18:45:35 - [TEST_STEP][PASSED] - selectOptionByIndex: All options with index in [1] are selected on object ''

2018-05-16 18:45:35 - [MESSAGE][PASSED] - All options with index in [1] are selected on object ''

2018-05-16 18:45:35 - [TEST_STEP][PASSED] - Statement - batch = new com.kms.katalon.core.testobject.TestObject(): null

2018-05-16 18:45:35 - [TEST_STEP][PASSED] - Statement - batch = com.kms.katalon.core.webui.keyword.WebUiBuiltInKeywords.modifyObjectProperty(batch, "xpath", "equals", "//*[@id = "txtbthqty" + row + ""]", true): Modify property of object successfully

2018-05-16 18:45:35 - [MESSAGE][PASSED] - Modify property of object successfully

2018-05-16 18:45:35 - [TEST_STEP][PASSED] - Statement - batchqty = com.kms.katalon.core.webui.keyword.WebUiBuiltInKeywords.getAttribute(batch, "value").trim(): Attribute 'value' of object '' is: '4000'

2018-05-16 18:45:35 - [MESSAGE][PASSED] - Attribute 'value' of object '' is: '4000'

2018-05-16 18:45:35 - [TEST_STEP][PASSED] - Statement - Rqty = 10000: null

2018-05-16 18:45:35 - [TEST_STEP][PASSED] - delay: Delayed 2 second(s)

2018-05-16 18:45:37 - [MESSAGE][PASSED] - Delayed 2 second(s)

2018-05-16 18:45:37 - [TEST_STEP][PASSED] - Statement - out.println("BatchQty : " + batchqty): null

2018-05-16 18:45:37 - [TEST_STEP][PASSED] - Statement - out.println("RQty : " + Rqty): null

2018-05-16 18:45:37 - [TEST_STEP][PASSED] - Statement - If (java.lang.Integer.valueOf(batchqty) >= java.lang.Integer.valueOf(Rqty)): null

2018-05-16 18:45:37 - [TEST_STEP][PASSED] - Statement - Else: null

2018-05-16 18:45:37 - [TEST_STEP][PASSED] - Statement - out.println("Batchqty Is Less Than Rqty"): null

2018-05-16 18:45:37 - [TEST_STEP][PASSED] - Statement - product = new com.kms.katalon.core.testobject.TestObject(): null

2018-05-16 18:45:37 - [TEST_STEP][PASSED] - Statement - product = com.kms.katalon.core.webui.keyword.WebUiBuiltInKeywords.modifyObjectProperty(product, "xpath", "equals", "//*[@id = "fldvendor" + row + ""]", true): Modify property of object successfully

2018-05-16 18:45:37 - [MESSAGE][PASSED] - Modify property of object successfully

2018-05-16 18:45:37 - [TEST_STEP][PASSED] - selectOptionByIndex: All options with index in [2] are selected on object ''

2018-05-16 18:45:38 - [MESSAGE][PASSED] - All options with index in [2] are selected on object ''

2018-05-16 18:45:38 - [TEST_STEP][PASSED] - Statement - batch = new com.kms.katalon.core.testobject.TestObject(): null

2018-05-16 18:45:38 - [TEST_STEP][PASSED] - Statement - batch = com.kms.katalon.core.webui.keyword.WebUiBuiltInKeywords.modifyObjectProperty(batch, "xpath", "equals", "//*[@id = "txtbthqty" + row + ""]", true): Modify property of object successfully

2018-05-16 18:45:38 - [MESSAGE][PASSED] - Modify property of object successfully

2018-05-16 18:45:38 - [TEST_STEP][PASSED] - Statement - batchqty = com.kms.katalon.core.webui.keyword.WebUiBuiltInKeywords.getAttribute(batch, "value").trim(): Attribute 'value' of object '' is: '39800'

2018-05-16 18:45:38 - [MESSAGE][PASSED] - Attribute 'value' of object '' is: '39800'

2018-05-16 18:45:38 - [TEST_STEP][PASSED] - Statement - Rqty = 10000: null

2018-05-16 18:45:38 - [TEST_STEP][PASSED] - delay: Delayed 2 second(s)

2018-05-16 18:45:40 - [MESSAGE][PASSED] - Delayed 2 second(s)

2018-05-16 18:45:40 - [TEST_STEP][PASSED] - Statement - out.println("BatchQty : " + batchqty): null

2018-05-16 18:45:40 - [TEST_STEP][PASSED] - Statement - out.println("RQty : " + Rqty): null

2018-05-16 18:45:40 - [TEST_STEP][PASSED] - Statement - If (java.lang.Integer.valueOf(batchqty) >= java.lang.Integer.valueOf(Rqty)): null

2018-05-16 18:45:40 - [TEST_STEP][PASSED] - Statement - Break: null

2018-05-16 18:45:40 - [TEST_STEP][PASSED] - Statement - batchlength = new com.kms.katalon.core.testobject.TestObject(): null

2018-05-16 18:45:40 - [TEST_STEP][PASSED] - Statement - batchlength = com.kms.katalon.core.webui.keyword.WebUiBuiltInKeywords.modifyObjectProperty(batchlength, "xpath", "equals", "//*[@id = "fldvendor" + row + ""]", true): Modify property of object successfully

2018-05-16 18:45:40 - [MESSAGE][PASSED] - Modify property of object successfully

2018-05-16 18:45:40 - [TEST_STEP][PASSED] - Statement - batchsize = com.kms.katalon.core.webui.keyword.WebUiBuiltInKeywords.getNumberOfTotalOption(batchlength): 5 options of object '' counted

2018-05-16 18:45:40 - [MESSAGE][PASSED] - 5 options of object '' counted

2018-05-16 18:45:40 - [TEST_STEP][PASSED] - Statement - out.println("BatchSize : " + batchsize): null

2018-05-16 18:45:40 - [TEST_STEP][PASSED] - Statement - For ([n = 1, n <= batchsize - 1, (n++)]): null

2018-05-16 18:45:40 - [TEST_STEP][PASSED] - Statement - product = new com.kms.katalon.core.testobject.TestObject(): null

2018-05-16 18:45:40 - [TEST_STEP][PASSED] - Statement - product = com.kms.katalon.core.webui.keyword.WebUiBuiltInKeywords.modifyObjectProperty(product, "xpath", "equals", "//*[@id = "fldvendor" + row + ""]", true): Modify property of object successfully

2018-05-16 18:45:40 - [MESSAGE][PASSED] - Modify property of object successfully

2018-05-16 18:45:40 - [TEST_STEP][PASSED] - selectOptionByIndex: All options with index in [1] are selected on object ''

2018-05-16 18:45:40 - [MESSAGE][PASSED] - All options with index in [1] are selected on object ''

2018-05-16 18:45:40 - [TEST_STEP][PASSED] - Statement - batch = new com.kms.katalon.core.testobject.TestObject(): null

2018-05-16 18:45:40 - [TEST_STEP][PASSED] - Statement - batch = com.kms.katalon.core.webui.keyword.WebUiBuiltInKeywords.modifyObjectProperty(batch, "xpath", "equals", "//*[@id = "txtbthqty" + row + ""]", true): Modify property of object successfully

2018-05-16 18:45:40 - [MESSAGE][PASSED] - Modify property of object successfully

2018-05-16 18:45:40 - [TEST_STEP][PASSED] - Statement - batchqty = com.kms.katalon.core.webui.keyword.WebUiBuiltInKeywords.getAttribute(batch, "value").trim(): Attribute 'value' of object '' is: '5000'

2018-05-16 18:45:40 - [MESSAGE][PASSED] - Attribute 'value' of object '' is: '5000'

2018-05-16 18:45:40 - [TEST_STEP][PASSED] - Statement - Rqty = 10000: null

2018-05-16 18:45:40 - [TEST_STEP][PASSED] - delay: Delayed 2 second(s)

2018-05-16 18:45:42 - [MESSAGE][PASSED] - Delayed 2 second(s)

2018-05-16 18:45:42 - [TEST_STEP][PASSED] - Statement - out.println("BatchQty : " + batchqty): null

2018-05-16 18:45:42 - [TEST_STEP][PASSED] - Statement - out.println("RQty : " + Rqty): null

2018-05-16 18:45:42 - [TEST_STEP][PASSED] - Statement - If (java.lang.Integer.valueOf(batchqty) >= java.lang.Integer.valueOf(Rqty)): null

2018-05-16 18:45:42 - [TEST_STEP][PASSED] - Statement - Else: null

2018-05-16 18:45:42 - [TEST_STEP][PASSED] - Statement - out.println("Batchqty Is Less Than Rqty"): null

2018-05-16 18:45:42 - [TEST_STEP][PASSED] - Statement - product = new com.kms.katalon.core.testobject.TestObject(): null

2018-05-16 18:45:42 - [TEST_STEP][PASSED] - Statement - product = com.kms.katalon.core.webui.keyword.WebUiBuiltInKeywords.modifyObjectProperty(product, "xpath", "equals", "//*[@id = "fldvendor" + row + ""]", true): Modify property of object successfully

2018-05-16 18:45:42 - [MESSAGE][PASSED] - Modify property of object successfully

2018-05-16 18:45:42 - [TEST_STEP][PASSED] - selectOptionByIndex: All options with index in [2] are selected on object ''

2018-05-16 18:45:42 - [MESSAGE][PASSED] - All options with index in [2] are selected on object ''

2018-05-16 18:45:42 - [TEST_STEP][PASSED] - Statement - batch = new com.kms.katalon.core.testobject.TestObject(): null

2018-05-16 18:45:42 - [TEST_STEP][PASSED] - Statement - batch = com.kms.katalon.core.webui.keyword.WebUiBuiltInKeywords.modifyObjectProperty(batch, "xpath", "equals", "//*[@id = "txtbthqty" + row + ""]", true): Modify property of object successfully

2018-05-16 18:45:42 - [MESSAGE][PASSED] - Modify property of object successfully

2018-05-16 18:45:42 - [TEST_STEP][PASSED] - Statement - batchqty = com.kms.katalon.core.webui.keyword.WebUiBuiltInKeywords.getAttribute(batch, "value").trim(): Attribute 'value' of object '' is: '38800'

2018-05-16 18:45:42 - [MESSAGE][PASSED] - Attribute 'value' of object '' is: '38800'

2018-05-16 18:45:42 - [TEST_STEP][PASSED] - Statement - Rqty = 10000: null

2018-05-16 18:45:42 - [TEST_STEP][PASSED] - delay: Delayed 2 second(s)

2018-05-16 18:45:44 - [MESSAGE][PASSED] - Delayed 2 second(s)

2018-05-16 18:45:44 - [TEST_STEP][PASSED] - Statement - out.println("BatchQty : " + batchqty): null

2018-05-16 18:45:44 - [TEST_STEP][PASSED] - Statement - out.println("RQty : " + Rqty): null

2018-05-16 18:45:44 - [TEST_STEP][PASSED] - Statement - If (java.lang.Integer.valueOf(batchqty) >= java.lang.Integer.valueOf(Rqty)): null

2018-05-16 18:45:44 - [TEST_STEP][PASSED] - Statement - Break: null

2018-05-16 18:45:44 - [TEST_STEP][PASSED] - Statement - batchlength = new com.kms.katalon.core.testobject.TestObject(): null

2018-05-16 18:45:44 - [TEST_STEP][PASSED] - Statement - batchlength = com.kms.katalon.core.webui.keyword.WebUiBuiltInKeywords.modifyObjectProperty(batchlength, "xpath", "equals", "//*[@id = "fldvendor" + row + ""]", true): Modify property of object successfully

2018-05-16 18:45:44 - [MESSAGE][PASSED] - Modify property of object successfully

2018-05-16 18:45:44 - [TEST_STEP][PASSED] - Statement - batchsize = com.kms.katalon.core.webui.keyword.WebUiBuiltInKeywords.getNumberOfTotalOption(batchlength): 5 options of object '' counted

2018-05-16 18:45:44 - [MESSAGE][PASSED] - 5 options of object '' counted

2018-05-16 18:45:44 - [TEST_STEP][PASSED] - Statement - out.println("BatchSize : " + batchsize): null

2018-05-16 18:45:44 - [TEST_STEP][PASSED] - Statement - For ([n = 1, n <= batchsize - 1, (n++)]): null

2018-05-16 18:45:44 - [TEST_STEP][PASSED] - Statement - product = new com.kms.katalon.core.testobject.TestObject(): null

2018-05-16 18:45:44 - [TEST_STEP][PASSED] - Statement - product = com.kms.katalon.core.webui.keyword.WebUiBuiltInKeywords.modifyObjectProperty(product, "xpath", "equals", "//*[@id = "fldvendor" + row + ""]", true): Modify property of object successfully

2018-05-16 18:45:44 - [MESSAGE][PASSED] - Modify property of object successfully

2018-05-16 18:45:44 - [TEST_STEP][PASSED] - selectOptionByIndex: All options with index in [1] are selected on object ''

2018-05-16 18:45:44 - [MESSAGE][PASSED] - All options with index in [1] are selected on object ''

2018-05-16 18:45:44 - [TEST_STEP][PASSED] - Statement - batch = new com.kms.katalon.core.testobject.TestObject(): null

2018-05-16 18:45:44 - [TEST_STEP][PASSED] - Statement - batch = com.kms.katalon.core.webui.keyword.WebUiBuiltInKeywords.modifyObjectProperty(batch, "xpath", "equals", "//*[@id = "txtbthqty" + row + ""]", true): Modify property of object successfully

2018-05-16 18:45:44 - [MESSAGE][PASSED] - Modify property of object successfully

2018-05-16 18:45:44 - [TEST_STEP][PASSED] - Statement - batchqty = com.kms.katalon.core.webui.keyword.WebUiBuiltInKeywords.getAttribute(batch, "value").trim(): Attribute 'value' of object '' is: '38800'

2018-05-16 18:45:44 - [MESSAGE][PASSED] - Attribute 'value' of object '' is: '38800'

2018-05-16 18:45:44 - [TEST_STEP][PASSED] - Statement - Rqty = 10000: null

2018-05-16 18:45:44 - [TEST_STEP][PASSED] - delay: Delayed 2 second(s)

2018-05-16 18:45:46 - [MESSAGE][PASSED] - Delayed 2 second(s)

2018-05-16 18:45:46 - [TEST_STEP][PASSED] - Statement - out.println("BatchQty : " + batchqty): null

2018-05-16 18:45:46 - [TEST_STEP][PASSED] - Statement - out.println("RQty : " + Rqty): null

2018-05-16 18:45:46 - [TEST_STEP][PASSED] - Statement - If (java.lang.Integer.valueOf(batchqty) >= java.lang.Integer.valueOf(Rqty)): null

2018-05-16 18:45:46 - [TEST_STEP][PASSED] - Statement - Break: null

2018-05-16 18:45:46 - [TEST_STEP][PASSED] - Statement - batchlength = new com.kms.katalon.core.testobject.TestObject(): null

2018-05-16 18:45:46 - [TEST_STEP][PASSED] - Statement - batchlength = com.kms.katalon.core.webui.keyword.WebUiBuiltInKeywords.modifyObjectProperty(batchlength, "xpath", "equals", "//*[@id = "fldvendor" + row + ""]", true): Modify property of object successfully

2018-05-16 18:45:46 - [MESSAGE][PASSED] - Modify property of object successfully

2018-05-16 18:45:46 - [TEST_STEP][PASSED] - Statement - batchsize = com.kms.katalon.core.webui.keyword.WebUiBuiltInKeywords.getNumberOfTotalOption(batchlength): 5 options of object '' counted

2018-05-16 18:45:46 - [MESSAGE][PASSED] - 5 options of object '' counted

2018-05-16 18:45:46 - [TEST_STEP][PASSED] - Statement - out.println("BatchSize : " + batchsize): null

2018-05-16 18:45:46 - [TEST_STEP][PASSED] - Statement - For ([n = 1, n <= batchsize - 1, (n++)]): null

2018-05-16 18:45:46 - [TEST_STEP][PASSED] - Statement - product = new com.kms.katalon.core.testobject.TestObject(): null

2018-05-16 18:45:46 - [TEST_STEP][PASSED] - Statement - product = com.kms.katalon.core.webui.keyword.WebUiBuiltInKeywords.modifyObjectProperty(product, "xpath", "equals", "//*[@id = "fldvendor" + row + ""]", true): Modify property of object successfully

2018-05-16 18:45:46 - [MESSAGE][PASSED] - Modify property of object successfully

2018-05-16 18:45:46 - [TEST_STEP][PASSED] - selectOptionByIndex: All options with index in [1] are selected on object ''

2018-05-16 18:45:47 - [MESSAGE][PASSED] - All options with index in [1] are selected on object ''

2018-05-16 18:45:47 - [TEST_STEP][PASSED] - Statement - batch = new com.kms.katalon.core.testobject.TestObject(): null

2018-05-16 18:45:47 - [TEST_STEP][PASSED] - Statement - batch = com.kms.katalon.core.webui.keyword.WebUiBuiltInKeywords.modifyObjectProperty(batch, "xpath", "equals", "//*[@id = "txtbthqty" + row + ""]", true): Modify property of object successfully

2018-05-16 18:45:47 - [MESSAGE][PASSED] - Modify property of object successfully

2018-05-16 18:45:47 - [TEST_STEP][PASSED] - Statement - batchqty = com.kms.katalon.core.webui.keyword.WebUiBuiltInKeywords.getAttribute(batch, "value").trim(): Attribute 'value' of object '' is: '38800'

2018-05-16 18:45:47 - [MESSAGE][PASSED] - Attribute 'value' of object '' is: '38800'

2018-05-16 18:45:47 - [TEST_STEP][PASSED] - Statement - Rqty = 10000: null

2018-05-16 18:45:47 - [TEST_STEP][PASSED] - delay: Delayed 2 second(s)

2018-05-16 18:45:49 - [MESSAGE][PASSED] - Delayed 2 second(s)

2018-05-16 18:45:49 - [TEST_STEP][PASSED] - Statement - out.println("BatchQty : " + batchqty): null

2018-05-16 18:45:49 - [TEST_STEP][PASSED] - Statement - out.println("RQty : " + Rqty): null

2018-05-16 18:45:49 - [TEST_STEP][PASSED] - Statement - If (java.lang.Integer.valueOf(batchqty) >= java.lang.Integer.valueOf(Rqty)): null

2018-05-16 18:45:49 - [TEST_STEP][PASSED] - Statement - Break: null

2018-05-16 18:45:49 - [TEST_STEP][PASSED] - Statement - batchlength = new com.kms.katalon.core.testobject.TestObject(): null

2018-05-16 18:45:49 - [TEST_STEP][PASSED] - Statement - batchlength = com.kms.katalon.core.webui.keyword.WebUiBuiltInKeywords.modifyObjectProperty(batchlength, "xpath", "equals", "//*[@id = "fldvendor" + row + ""]", true): Modify property of object successfully

2018-05-16 18:45:49 - [MESSAGE][PASSED] - Modify property of object successfully

2018-05-16 18:45:49 - [TEST_STEP][PASSED] - Statement - batchsize = com.kms.katalon.core.webui.keyword.WebUiBuiltInKeywords.getNumberOfTotalOption(batchlength): 5 options of object '' counted

2018-05-16 18:45:49 - [MESSAGE][PASSED] - 5 options of object '' counted

2018-05-16 18:45:49 - [TEST_STEP][PASSED] - Statement - out.println("BatchSize : " + batchsize): null

2018-05-16 18:45:49 - [TEST_STEP][PASSED] - Statement - For ([n = 1, n <= batchsize - 1, (n++)]): null

2018-05-16 18:45:49 - [TEST_STEP][PASSED] - Statement - product = new com.kms.katalon.core.testobject.TestObject(): null

2018-05-16 18:45:49 - [TEST_STEP][PASSED] - Statement - product = com.kms.katalon.core.webui.keyword.WebUiBuiltInKeywords.modifyObjectProperty(product, "xpath", "equals", "//*[@id = "fldvendor" + row + ""]", true): Modify property of object successfully

2018-05-16 18:45:49 - [MESSAGE][PASSED] - Modify property of object successfully

2018-05-16 18:45:49 - [TEST_STEP][PASSED] - selectOptionByIndex: All options with index in [1] are selected on object ''

2018-05-16 18:45:49 - [MESSAGE][PASSED] - All options with index in [1] are selected on object ''

2018-05-16 18:45:49 - [TEST_STEP][PASSED] - Statement - batch = new com.kms.katalon.core.testobject.TestObject(): null

2018-05-16 18:45:49 - [TEST_STEP][PASSED] - Statement - batch = com.kms.katalon.core.webui.keyword.WebUiBuiltInKeywords.modifyObjectProperty(batch, "xpath", "equals", "//*[@id = "txtbthqty" + row + ""]", true): Modify property of object successfully

2018-05-16 18:45:49 - [MESSAGE][PASSED] - Modify property of object successfully

2018-05-16 18:45:49 - [TEST_STEP][PASSED] - Statement - batchqty = com.kms.katalon.core.webui.keyword.WebUiBuiltInKeywords.getAttribute(batch, "value").trim(): Attribute 'value' of object '' is: '38800'

2018-05-16 18:45:49 - [MESSAGE][PASSED] - Attribute 'value' of object '' is: '38800'

2018-05-16 18:45:49 - [TEST_STEP][PASSED] - Statement - Rqty = 10000: null

2018-05-16 18:45:49 - [TEST_STEP][PASSED] - delay: Delayed 2 second(s)

2018-05-16 18:45:51 - [MESSAGE][PASSED] - Delayed 2 second(s)

2018-05-16 18:45:51 - [TEST_STEP][PASSED] - Statement - out.println("BatchQty : " + batchqty): null

2018-05-16 18:45:51 - [TEST_STEP][PASSED] - Statement - out.println("RQty : " + Rqty): null

2018-05-16 18:45:51 - [TEST_STEP][PASSED] - Statement - If (java.lang.Integer.valueOf(batchqty) >= java.lang.Integer.valueOf(Rqty)): null

2018-05-16 18:45:51 - [TEST_STEP][PASSED] - Statement - Break: null

2018-05-16 18:45:51 - [TEST_STEP][PASSED] - Statement - batchlength = new com.kms.katalon.core.testobject.TestObject(): null

2018-05-16 18:45:51 - [TEST_STEP][PASSED] - Statement - batchlength = com.kms.katalon.core.webui.keyword.WebUiBuiltInKeywords.modifyObjectProperty(batchlength, "xpath", "equals", "//*[@id = "fldvendor" + row + ""]", true): Modify property of object successfully

2018-05-16 18:45:51 - [MESSAGE][PASSED] - Modify property of object successfully

2018-05-16 18:45:51 - [TEST_STEP][PASSED] - Statement - batchsize = com.kms.katalon.core.webui.keyword.WebUiBuiltInKeywords.getNumberOfTotalOption(batchlength): 5 options of object '' counted

2018-05-16 18:45:51 - [MESSAGE][PASSED] - 5 options of object '' counted

2018-05-16 18:45:51 - [TEST_STEP][PASSED] - Statement - out.println("BatchSize : " + batchsize): null

2018-05-16 18:45:51 - [TEST_STEP][PASSED] - Statement - For ([n = 1, n <= batchsize - 1, (n++)]): null

2018-05-16 18:45:51 - [TEST_STEP][PASSED] - Statement - product = new com.kms.katalon.core.testobject.TestObject(): null

2018-05-16 18:45:51 - [TEST_STEP][PASSED] - Statement - product = com.kms.katalon.core.webui.keyword.WebUiBuiltInKeywords.modifyObjectProperty(product, "xpath", "equals", "//*[@id = "fldvendor" + row + ""]", true): Modify property of object successfully

2018-05-16 18:45:51 - [MESSAGE][PASSED] - Modify property of object successfully

2018-05-16 18:45:51 - [TEST_STEP][PASSED] - selectOptionByIndex: All options with index in [1] are selected on object ''

2018-05-16 18:45:51 - [MESSAGE][PASSED] - All options with index in [1] are selected on object ''

2018-05-16 18:45:51 - [TEST_STEP][PASSED] - Statement - batch = new com.kms.katalon.core.testobject.TestObject(): null

2018-05-16 18:45:51 - [TEST_STEP][PASSED] - Statement - batch = com.kms.katalon.core.webui.keyword.WebUiBuiltInKeywords.modifyObjectProperty(batch, "xpath", "equals", "//*[@id = "txtbthqty" + row + ""]", true): Modify property of object successfully

2018-05-16 18:45:51 - [MESSAGE][PASSED] - Modify property of object successfully

2018-05-16 18:45:51 - [TEST_STEP][PASSED] - Statement - batchqty = com.kms.katalon.core.webui.keyword.WebUiBuiltInKeywords.getAttribute(batch, "value").trim(): Attribute 'value' of object '' is: '4000'

2018-05-16 18:45:51 - [MESSAGE][PASSED] - Attribute 'value' of object '' is: '4000'

2018-05-16 18:45:51 - [TEST_STEP][PASSED] - Statement - Rqty = 10000: null

2018-05-16 18:45:51 - [TEST_STEP][PASSED] - delay: Delayed 2 second(s)

2018-05-16 18:45:53 - [MESSAGE][PASSED] - Delayed 2 second(s)

2018-05-16 18:45:53 - [TEST_STEP][PASSED] - Statement - out.println("BatchQty : " + batchqty): null

2018-05-16 18:45:53 - [TEST_STEP][PASSED] - Statement - out.println("RQty : " + Rqty): null

2018-05-16 18:45:53 - [TEST_STEP][PASSED] - Statement - If (java.lang.Integer.valueOf(batchqty) >= java.lang.Integer.valueOf(Rqty)): null

2018-05-16 18:45:53 - [TEST_STEP][PASSED] - Statement - Else: null

2018-05-16 18:45:53 - [TEST_STEP][PASSED] - Statement - out.println("Batchqty Is Less Than Rqty"): null

2018-05-16 18:45:53 - [TEST_STEP][PASSED] - Statement - product = new com.kms.katalon.core.testobject.TestObject(): null

2018-05-16 18:45:53 - [TEST_STEP][PASSED] - Statement - product = com.kms.katalon.core.webui.keyword.WebUiBuiltInKeywords.modifyObjectProperty(product, "xpath", "equals", "//*[@id = "fldvendor" + row + ""]", true): Modify property of object successfully

2018-05-16 18:45:53 - [MESSAGE][PASSED] - Modify property of object successfully

2018-05-16 18:45:53 - [TEST_STEP][PASSED] - selectOptionByIndex: All options with index in [2] are selected on object ''

2018-05-16 18:45:53 - [MESSAGE][PASSED] - All options with index in [2] are selected on object ''

2018-05-16 18:45:53 - [TEST_STEP][PASSED] - Statement - batch = new com.kms.katalon.core.testobject.TestObject(): null

2018-05-16 18:45:53 - [TEST_STEP][PASSED] - Statement - batch = com.kms.katalon.core.webui.keyword.WebUiBuiltInKeywords.modifyObjectProperty(batch, "xpath", "equals", "//*[@id = "txtbthqty" + row + ""]", true): Modify property of object successfully

2018-05-16 18:45:53 - [MESSAGE][PASSED] - Modify property of object successfully

2018-05-16 18:45:53 - [TEST_STEP][PASSED] - Statement - batchqty = com.kms.katalon.core.webui.keyword.WebUiBuiltInKeywords.getAttribute(batch, "value").trim(): Attribute 'value' of object '' is: '5000'

2018-05-16 18:45:53 - [MESSAGE][PASSED] - Attribute 'value' of object '' is: '5000'

2018-05-16 18:45:53 - [TEST_STEP][PASSED] - Statement - Rqty = 10000: null

2018-05-16 18:45:53 - [TEST_STEP][PASSED] - delay: Delayed 2 second(s)

2018-05-16 18:45:55 - [MESSAGE][PASSED] - Delayed 2 second(s)

2018-05-16 18:45:55 - [TEST_STEP][PASSED] - Statement - out.println("BatchQty : " + batchqty): null

2018-05-16 18:45:55 - [TEST_STEP][PASSED] - Statement - out.println("RQty : " + Rqty): null

2018-05-16 18:45:55 - [TEST_STEP][PASSED] - Statement - If (java.lang.Integer.valueOf(batchqty) >= java.lang.Integer.valueOf(Rqty)): null

2018-05-16 18:45:55 - [TEST_STEP][PASSED] - Statement - Else: null

2018-05-16 18:45:55 - [TEST_STEP][PASSED] - Statement - out.println("Batchqty Is Less Than Rqty"): null

2018-05-16 18:45:55 - [TEST_STEP][PASSED] - Statement - product = new com.kms.katalon.core.testobject.TestObject(): null

2018-05-16 18:45:55 - [TEST_STEP][PASSED] - Statement - product = com.kms.katalon.core.webui.keyword.WebUiBuiltInKeywords.modifyObjectProperty(product, "xpath", "equals", "//*[@id = "fldvendor" + row + ""]", true): Modify property of object successfully

2018-05-16 18:45:55 - [MESSAGE][PASSED] - Modify property of object successfully

2018-05-16 18:45:55 - [TEST_STEP][PASSED] - selectOptionByIndex: All options with index in [3] are selected on object ''

2018-05-16 18:45:55 - [MESSAGE][PASSED] - All options with index in [3] are selected on object ''

2018-05-16 18:45:55 - [TEST_STEP][PASSED] - Statement - batch = new com.kms.katalon.core.testobject.TestObject(): null

2018-05-16 18:45:55 - [TEST_STEP][PASSED] - Statement - batch = com.kms.katalon.core.webui.keyword.WebUiBuiltInKeywords.modifyObjectProperty(batch, "xpath", "equals", "//*[@id = "txtbthqty" + row + ""]", true): Modify property of object successfully

2018-05-16 18:45:55 - [MESSAGE][PASSED] - Modify property of object successfully

2018-05-16 18:45:55 - [TEST_STEP][PASSED] - Statement - batchqty = com.kms.katalon.core.webui.keyword.WebUiBuiltInKeywords.getAttribute(batch, "value").trim(): Attribute 'value' of object '' is: '5000'

2018-05-16 18:45:56 - [MESSAGE][PASSED] - Attribute 'value' of object '' is: '5000'

2018-05-16 18:45:56 - [TEST_STEP][PASSED] - Statement - Rqty = 10000: null

2018-05-16 18:45:56 - [TEST_STEP][PASSED] - delay: Delayed 2 second(s)

2018-05-16 18:45:58 - [MESSAGE][PASSED] - Delayed 2 second(s)

2018-05-16 18:45:58 - [TEST_STEP][PASSED] - Statement - out.println("BatchQty : " + batchqty): null

2018-05-16 18:45:58 - [TEST_STEP][PASSED] - Statement - out.println("RQty : " + Rqty): null

2018-05-16 18:45:58 - [TEST_STEP][PASSED] - Statement - If (java.lang.Integer.valueOf(batchqty) >= java.lang.Integer.valueOf(Rqty)): null

2018-05-16 18:45:58 - [TEST_STEP][PASSED] - Statement - Else: null

2018-05-16 18:45:58 - [TEST_STEP][PASSED] - Statement - out.println("Batchqty Is Less Than Rqty"): null

2018-05-16 18:45:58 - [TEST_STEP][PASSED] - Statement - product = new com.kms.katalon.core.testobject.TestObject(): null

2018-05-16 18:45:58 - [TEST_STEP][PASSED] - Statement - product = com.kms.katalon.core.webui.keyword.WebUiBuiltInKeywords.modifyObjectProperty(product, "xpath", "equals", "//*[@id = "fldvendor" + row + ""]", true): Modify property of object successfully

2018-05-16 18:45:58 - [MESSAGE][PASSED] - Modify property of object successfully

2018-05-16 18:45:58 - [TEST_STEP][PASSED] - selectOptionByIndex: All options with index in [4] are selected on object ''

2018-05-16 18:45:58 - [MESSAGE][PASSED] - All options with index in [4] are selected on object ''

2018-05-16 18:45:58 - [TEST_STEP][PASSED] - Statement - batch = new com.kms.katalon.core.testobject.TestObject(): null

2018-05-16 18:45:58 - [TEST_STEP][PASSED] - Statement - batch = com.kms.katalon.core.webui.keyword.WebUiBuiltInKeywords.modifyObjectProperty(batch, "xpath", "equals", "//*[@id = "txtbthqty" + row + ""]", true): Modify property of object successfully

2018-05-16 18:45:58 - [MESSAGE][PASSED] - Modify property of object successfully

2018-05-16 18:45:58 - [TEST_STEP][PASSED] - Statement - batchqty = com.kms.katalon.core.webui.keyword.WebUiBuiltInKeywords.getAttribute(batch, "value").trim(): Attribute 'value' of object '' is: '39800'

2018-05-16 18:45:58 - [MESSAGE][PASSED] - Attribute 'value' of object '' is: '39800'

2018-05-16 18:45:58 - [TEST_STEP][PASSED] - Statement - Rqty = 10000: null

2018-05-16 18:45:58 - [TEST_STEP][PASSED] - delay: Delayed 2 second(s)

2018-05-16 18:46:00 - [MESSAGE][PASSED] - Delayed 2 second(s)

2018-05-16 18:46:00 - [TEST_STEP][PASSED] - Statement - out.println("BatchQty : " + batchqty): null

2018-05-16 18:46:00 - [TEST_STEP][PASSED] - Statement - out.println("RQty : " + Rqty): null

2018-05-16 18:46:00 - [TEST_STEP][PASSED] - Statement - If (java.lang.Integer.valueOf(batchqty) >= java.lang.Integer.valueOf(Rqty)): null

2018-05-16 18:46:00 - [TEST_STEP][PASSED] - Statement - Break: null

2018-05-16 18:46:00 - [TEST_STEP][PASSED] - Statement - batchlength = new com.kms.katalon.core.testobject.TestObject(): null

2018-05-16 18:46:00 - [TEST_STEP][PASSED] - Statement - batchlength = com.kms.katalon.core.webui.keyword.WebUiBuiltInKeywords.modifyObjectProperty(batchlength, "xpath", "equals", "//*[@id = "fldvendor" + row + ""]", true): Modify property of object successfully

2018-05-16 18:46:00 - [MESSAGE][PASSED] - Modify property of object successfully

2018-05-16 18:46:00 - [TEST_STEP][PASSED] - Statement - batchsize = com.kms.katalon.core.webui.keyword.WebUiBuiltInKeywords.getNumberOfTotalOption(batchlength): 5 options of object '' counted

2018-05-16 18:46:00 - [MESSAGE][PASSED] - 5 options of object '' counted

2018-05-16 18:46:00 - [TEST_STEP][PASSED] - Statement - out.println("BatchSize : " + batchsize): null

2018-05-16 18:46:00 - [TEST_STEP][PASSED] - Statement - For ([n = 1, n <= batchsize - 1, (n++)]): null

2018-05-16 18:46:00 - [TEST_STEP][PASSED] - Statement - product = new com.kms.katalon.core.testobject.TestObject(): null

2018-05-16 18:46:00 - [TEST_STEP][PASSED] - Statement - product = com.kms.katalon.core.webui.keyword.WebUiBuiltInKeywords.modifyObjectProperty(product, "xpath", "equals", "//*[@id = "fldvendor" + row + ""]", true): Modify property of object successfully

2018-05-16 18:46:00 - [MESSAGE][PASSED] - Modify property of object successfully

2018-05-16 18:46:00 - [TEST_STEP][PASSED] - selectOptionByIndex: All options with index in [1] are selected on object ''

2018-05-16 18:46:00 - [MESSAGE][PASSED] - All options with index in [1] are selected on object ''

2018-05-16 18:46:00 - [TEST_STEP][PASSED] - Statement - batch = new com.kms.katalon.core.testobject.TestObject(): null

2018-05-16 18:46:00 - [TEST_STEP][PASSED] - Statement - batch = com.kms.katalon.core.webui.keyword.WebUiBuiltInKeywords.modifyObjectProperty(batch, "xpath", "equals", "//*[@id = "txtbthqty" + row + ""]", true): Modify property of object successfully

2018-05-16 18:46:00 - [MESSAGE][PASSED] - Modify property of object successfully

2018-05-16 18:46:00 - [TEST_STEP][PASSED] - Statement - batchqty = com.kms.katalon.core.webui.keyword.WebUiBuiltInKeywords.getAttribute(batch, "value").trim(): Attribute 'value' of object '' is: '4000'

2018-05-16 18:46:00 - [MESSAGE][PASSED] - Attribute 'value' of object '' is: '4000'

2018-05-16 18:46:00 - [TEST_STEP][PASSED] - Statement - Rqty = 10000: null

2018-05-16 18:46:00 - [TEST_STEP][PASSED] - delay: Delayed 2 second(s)

2018-05-16 18:46:02 - [MESSAGE][PASSED] - Delayed 2 second(s)

2018-05-16 18:46:02 - [TEST_STEP][PASSED] - Statement - out.println("BatchQty : " + batchqty): null

2018-05-16 18:46:02 - [TEST_STEP][PASSED] - Statement - out.println("RQty : " + Rqty): null

2018-05-16 18:46:02 - [TEST_STEP][PASSED] - Statement - If (java.lang.Integer.valueOf(batchqty) >= java.lang.Integer.valueOf(Rqty)): null

2018-05-16 18:46:02 - [TEST_STEP][PASSED] - Statement - Else: null

2018-05-16 18:46:02 - [TEST_STEP][PASSED] - Statement - out.println("Batchqty Is Less Than Rqty"): null

2018-05-16 18:46:02 - [TEST_STEP][PASSED] - Statement - product = new com.kms.katalon.core.testobject.TestObject(): null

2018-05-16 18:46:02 - [TEST_STEP][PASSED] - Statement - product = com.kms.katalon.core.webui.keyword.WebUiBuiltInKeywords.modifyObjectProperty(product, "xpath", "equals", "//*[@id = "fldvendor" + row + ""]", true): Modify property of object successfully

2018-05-16 18:46:02 - [MESSAGE][PASSED] - Modify property of object successfully

2018-05-16 18:46:02 - [TEST_STEP][PASSED] - selectOptionByIndex: All options with index in [2] are selected on object ''

2018-05-16 18:46:02 - [MESSAGE][PASSED] - All options with index in [2] are selected on object ''

2018-05-16 18:46:02 - [TEST_STEP][PASSED] - Statement - batch = new com.kms.katalon.core.testobject.TestObject(): null

2018-05-16 18:46:02 - [TEST_STEP][PASSED] - Statement - batch = com.kms.katalon.core.webui.keyword.WebUiBuiltInKeywords.modifyObjectProperty(batch, "xpath", "equals", "//*[@id = "txtbthqty" + row + ""]", true): Modify property of object successfully

2018-05-16 18:46:02 - [MESSAGE][PASSED] - Modify property of object successfully

2018-05-16 18:46:02 - [TEST_STEP][PASSED] - Statement - batchqty = com.kms.katalon.core.webui.keyword.WebUiBuiltInKeywords.getAttribute(batch, "value").trim(): Attribute 'value' of object '' is: '5000'

2018-05-16 18:46:02 - [MESSAGE][PASSED] - Attribute 'value' of object '' is: '5000'

2018-05-16 18:46:02 - [TEST_STEP][PASSED] - Statement - Rqty = 10000: null

2018-05-16 18:46:02 - [TEST_STEP][PASSED] - delay: Delayed 2 second(s)

2018-05-16 18:46:04 - [MESSAGE][PASSED] - Delayed 2 second(s)

2018-05-16 18:46:04 - [TEST_STEP][PASSED] - Statement - out.println("BatchQty : " + batchqty): null

2018-05-16 18:46:04 - [TEST_STEP][PASSED] - Statement - out.println("RQty : " + Rqty): null

2018-05-16 18:46:04 - [TEST_STEP][PASSED] - Statement - If (java.lang.Integer.valueOf(batchqty) >= java.lang.Integer.valueOf(Rqty)): null

2018-05-16 18:46:04 - [TEST_STEP][PASSED] - Statement - Else: null

2018-05-16 18:46:04 - [TEST_STEP][PASSED] - Statement - out.println("Batchqty Is Less Than Rqty"): null

2018-05-16 18:46:04 - [TEST_STEP][PASSED] - Statement - product = new com.kms.katalon.core.testobject.TestObject(): null

2018-05-16 18:46:04 - [TEST_STEP][PASSED] - Statement - product = com.kms.katalon.core.webui.keyword.WebUiBuiltInKeywords.modifyObjectProperty(product, "xpath", "equals", "//*[@id = "fldvendor" + row + ""]", true): Modify property of object successfully

2018-05-16 18:46:04 - [MESSAGE][PASSED] - Modify property of object successfully

2018-05-16 18:46:04 - [TEST_STEP][PASSED] - selectOptionByIndex: All options with index in [3] are selected on object ''

2018-05-16 18:46:04 - [MESSAGE][PASSED] - All options with index in [3] are selected on object ''

2018-05-16 18:46:04 - [TEST_STEP][PASSED] - Statement - batch = new com.kms.katalon.core.testobject.TestObject(): null

2018-05-16 18:46:04 - [TEST_STEP][PASSED] - Statement - batch = com.kms.katalon.core.webui.keyword.WebUiBuiltInKeywords.modifyObjectProperty(batch, "xpath", "equals", "//*[@id = "txtbthqty" + row + ""]", true): Modify property of object successfully

2018-05-16 18:46:04 - [MESSAGE][PASSED] - Modify property of object successfully

2018-05-16 18:46:04 - [TEST_STEP][PASSED] - Statement - batchqty = com.kms.katalon.core.webui.keyword.WebUiBuiltInKeywords.getAttribute(batch, "value").trim(): Attribute 'value' of object '' is: '5000'

2018-05-16 18:46:04 - [MESSAGE][PASSED] - Attribute 'value' of object '' is: '5000'

2018-05-16 18:46:04 - [TEST_STEP][PASSED] - Statement - Rqty = 10000: null

2018-05-16 18:46:04 - [TEST_STEP][PASSED] - delay: Delayed 2 second(s)

2018-05-16 18:46:06 - [MESSAGE][PASSED] - Delayed 2 second(s)

2018-05-16 18:46:06 - [TEST_STEP][PASSED] - Statement - out.println("BatchQty : " + batchqty): null

2018-05-16 18:46:06 - [TEST_STEP][PASSED] - Statement - out.println("RQty : " + Rqty): null

2018-05-16 18:46:06 - [TEST_STEP][PASSED] - Statement - If (java.lang.Integer.valueOf(batchqty) >= java.lang.Integer.valueOf(Rqty)): null

2018-05-16 18:46:06 - [TEST_STEP][PASSED] - Statement - Else: null

2018-05-16 18:46:06 - [TEST_STEP][PASSED] - Statement - out.println("Batchqty Is Less Than Rqty"): null

2018-05-16 18:46:06 - [TEST_STEP][PASSED] - Statement - product = new com.kms.katalon.core.testobject.TestObject(): null

2018-05-16 18:46:06 - [TEST_STEP][PASSED] - Statement - product = com.kms.katalon.core.webui.keyword.WebUiBuiltInKeywords.modifyObjectProperty(product, "xpath", "equals", "//*[@id = "fldvendor" + row + ""]", true): Modify property of object successfully

2018-05-16 18:46:06 - [MESSAGE][PASSED] - Modify property of object successfully

2018-05-16 18:46:06 - [TEST_STEP][PASSED] - selectOptionByIndex: All options with index in [4] are selected on object ''

2018-05-16 18:46:07 - [MESSAGE][PASSED] - All options with index in [4] are selected on object ''

2018-05-16 18:46:07 - [TEST_STEP][PASSED] - Statement - batch = new com.kms.katalon.core.testobject.TestObject(): null

2018-05-16 18:46:07 - [TEST_STEP][PASSED] - Statement - batch = com.kms.katalon.core.webui.keyword.WebUiBuiltInKeywords.modifyObjectProperty(batch, "xpath", "equals", "//*[@id = "txtbthqty" + row + ""]", true): Modify property of object successfully

2018-05-16 18:46:07 - [MESSAGE][PASSED] - Modify property of object successfully

2018-05-16 18:46:07 - [TEST_STEP][PASSED] - Statement - batchqty = com.kms.katalon.core.webui.keyword.WebUiBuiltInKeywords.getAttribute(batch, "value").trim(): Attribute 'value' of object '' is: '39800'

2018-05-16 18:46:07 - [MESSAGE][PASSED] - Attribute 'value' of object '' is: '39800'

2018-05-16 18:46:07 - [TEST_STEP][PASSED] - Statement - Rqty = 10000: null

2018-05-16 18:46:07 - [TEST_STEP][PASSED] - delay: Delayed 2 second(s)

2018-05-16 18:46:09 - [MESSAGE][PASSED] - Delayed 2 second(s)

2018-05-16 18:46:09 - [TEST_STEP][PASSED] - Statement - out.println("BatchQty : " + batchqty): null

2018-05-16 18:46:09 - [TEST_STEP][PASSED] - Statement - out.println("RQty : " + Rqty): null

2018-05-16 18:46:09 - [TEST_STEP][PASSED] - Statement - If (java.lang.Integer.valueOf(batchqty) >= java.lang.Integer.valueOf(Rqty)): null

2018-05-16 18:46:09 - [TEST_STEP][PASSED] - Statement - Break: null

2018-05-16 18:46:09 - [TEST_STEP][PASSED] - Statement - batchlength = new com.kms.katalon.core.testobject.TestObject(): null

2018-05-16 18:46:09 - [TEST_STEP][PASSED] - Statement - batchlength = com.kms.katalon.core.webui.keyword.WebUiBuiltInKeywords.modifyObjectProperty(batchlength, "xpath", "equals", "//*[@id = "fldvendor" + row + ""]", true): Modify property of object successfully

2018-05-16 18:46:09 - [MESSAGE][PASSED] - Modify property of object successfully

2018-05-16 18:46:09 - [TEST_STEP][PASSED] - Statement - batchsize = com.kms.katalon.core.webui.keyword.WebUiBuiltInKeywords.getNumberOfTotalOption(batchlength): 5 options of object '' counted

2018-05-16 18:46:09 - [MESSAGE][PASSED] - 5 options of object '' counted

2018-05-16 18:46:09 - [TEST_STEP][PASSED] - Statement - out.println("BatchSize : " + batchsize): null

2018-05-16 18:46:09 - [TEST_STEP][PASSED] - Statement - For ([n = 1, n <= batchsize - 1, (n++)]): null

2018-05-16 18:46:09 - [TEST_STEP][PASSED] - Statement - product = new com.kms.katalon.core.testobject.TestObject(): null

2018-05-16 18:46:09 - [TEST_STEP][PASSED] - Statement - product = com.kms.katalon.core.webui.keyword.WebUiBuiltInKeywords.modifyObjectProperty(product, "xpath", "equals", "//*[@id = "fldvendor" + row + ""]", true): Modify property of object successfully

2018-05-16 18:46:09 - [MESSAGE][PASSED] - Modify property of object successfully

2018-05-16 18:46:09 - [TEST_STEP][PASSED] - selectOptionByIndex: All options with index in [1] are selected on object ''

2018-05-16 18:46:09 - [MESSAGE][PASSED] - All options with index in [1] are selected on object ''

2018-05-16 18:46:09 - [TEST_STEP][PASSED] - Statement - batch = new com.kms.katalon.core.testobject.TestObject(): null

2018-05-16 18:46:09 - [TEST_STEP][PASSED] - Statement - batch = com.kms.katalon.core.webui.keyword.WebUiBuiltInKeywords.modifyObjectProperty(batch, "xpath", "equals", "//*[@id = "txtbthqty" + row + ""]", true): Modify property of object successfully

2018-05-16 18:46:09 - [MESSAGE][PASSED] - Modify property of object successfully

2018-05-16 18:46:09 - [TEST_STEP][PASSED] - Statement - batchqty = com.kms.katalon.core.webui.keyword.WebUiBuiltInKeywords.getAttribute(batch, "value").trim(): Attribute 'value' of object '' is: '5000'

2018-05-16 18:46:09 - [MESSAGE][PASSED] - Attribute 'value' of object '' is: '5000'

2018-05-16 18:46:09 - [TEST_STEP][PASSED] - Statement - Rqty = 10000: null

2018-05-16 18:46:09 - [TEST_STEP][PASSED] - delay: Delayed 2 second(s)

2018-05-16 18:46:11 - [MESSAGE][PASSED] - Delayed 2 second(s)

2018-05-16 18:46:11 - [TEST_STEP][PASSED] - Statement - out.println("BatchQty : " + batchqty): null

2018-05-16 18:46:11 - [TEST_STEP][PASSED] - Statement - out.println("RQty : " + Rqty): null

2018-05-16 18:46:11 - [TEST_STEP][PASSED] - Statement - If (java.lang.Integer.valueOf(batchqty) >= java.lang.Integer.valueOf(Rqty)): null

2018-05-16 18:46:11 - [TEST_STEP][PASSED] - Statement - Else: null

2018-05-16 18:46:11 - [TEST_STEP][PASSED] - Statement - out.println("Batchqty Is Less Than Rqty"): null

2018-05-16 18:46:11 - [TEST_STEP][PASSED] - Statement - product = new com.kms.katalon.core.testobject.TestObject(): null

2018-05-16 18:46:11 - [TEST_STEP][PASSED] - Statement - product = com.kms.katalon.core.webui.keyword.WebUiBuiltInKeywords.modifyObjectProperty(product, "xpath", "equals", "//*[@id = "fldvendor" + row + ""]", true): Modify property of object successfully

2018-05-16 18:46:11 - [MESSAGE][PASSED] - Modify property of object successfully

2018-05-16 18:46:11 - [TEST_STEP][PASSED] - selectOptionByIndex: All options with index in [2] are selected on object ''

2018-05-16 18:46:11 - [MESSAGE][PASSED] - All options with index in [2] are selected on object ''

2018-05-16 18:46:11 - [TEST_STEP][PASSED] - Statement - batch = new com.kms.katalon.core.testobject.TestObject(): null

2018-05-16 18:46:11 - [TEST_STEP][PASSED] - Statement - batch = com.kms.katalon.core.webui.keyword.WebUiBuiltInKeywords.modifyObjectProperty(batch, "xpath", "equals", "//*[@id = "txtbthqty" + row + ""]", true): Modify property of object successfully

2018-05-16 18:46:11 - [MESSAGE][PASSED] - Modify property of object successfully

2018-05-16 18:46:11 - [TEST_STEP][PASSED] - Statement - batchqty = com.kms.katalon.core.webui.keyword.WebUiBuiltInKeywords.getAttribute(batch, "value").trim(): Attribute 'value' of object '' is: '38800'

2018-05-16 18:46:11 - [MESSAGE][PASSED] - Attribute 'value' of object '' is: '38800'

2018-05-16 18:46:11 - [TEST_STEP][PASSED] - Statement - Rqty = 10000: null

2018-05-16 18:46:11 - [TEST_STEP][PASSED] - delay: Delayed 2 second(s)

2018-05-16 18:46:13 - [MESSAGE][PASSED] - Delayed 2 second(s)

2018-05-16 18:46:13 - [TEST_STEP][PASSED] - Statement - out.println("BatchQty : " + batchqty): null

2018-05-16 18:46:13 - [TEST_STEP][PASSED] - Statement - out.println("RQty : " + Rqty): null

2018-05-16 18:46:13 - [TEST_STEP][PASSED] - Statement - If (java.lang.Integer.valueOf(batchqty) >= java.lang.Integer.valueOf(Rqty)): null

2018-05-16 18:46:13 - [TEST_STEP][PASSED] - Statement - Break: null

2018-05-16 18:46:13 - [TEST_STEP][PASSED] - Statement - batchlength = new com.kms.katalon.core.testobject.TestObject(): null

2018-05-16 18:46:13 - [TEST_STEP][PASSED] - Statement - batchlength = com.kms.katalon.core.webui.keyword.WebUiBuiltInKeywords.modifyObjectProperty(batchlength, "xpath", "equals", "//*[@id = "fldvendor" + row + ""]", true): Modify property of object successfully

2018-05-16 18:46:13 - [MESSAGE][PASSED] - Modify property of object successfully

2018-05-16 18:46:13 - [TEST_STEP][PASSED] - Statement - batchsize = com.kms.katalon.core.webui.keyword.WebUiBuiltInKeywords.getNumberOfTotalOption(batchlength): 5 options of object '' counted

2018-05-16 18:46:13 - [MESSAGE][PASSED] - 5 options of object '' counted

2018-05-16 18:46:13 - [TEST_STEP][PASSED] - Statement - out.println("BatchSize : " + batchsize): null

2018-05-16 18:46:13 - [TEST_STEP][PASSED] - Statement - For ([n = 1, n <= batchsize - 1, (n++)]): null

2018-05-16 18:46:13 - [TEST_STEP][PASSED] - Statement - product = new com.kms.katalon.core.testobject.TestObject(): null

2018-05-16 18:46:13 - [TEST_STEP][PASSED] - Statement - product = com.kms.katalon.core.webui.keyword.WebUiBuiltInKeywords.modifyObjectProperty(product, "xpath", "equals", "//*[@id = "fldvendor" + row + ""]", true): Modify property of object successfully

2018-05-16 18:46:13 - [MESSAGE][PASSED] - Modify property of object successfully

2018-05-16 18:46:13 - [TEST_STEP][PASSED] - selectOptionByIndex: All options with index in [1] are selected on object ''

2018-05-16 18:46:13 - [MESSAGE][PASSED] - All options with index in [1] are selected on object ''

2018-05-16 18:46:13 - [TEST_STEP][PASSED] - Statement - batch = new com.kms.katalon.core.testobject.TestObject(): null

2018-05-16 18:46:13 - [TEST_STEP][PASSED] - Statement - batch = com.kms.katalon.core.webui.keyword.WebUiBuiltInKeywords.modifyObjectProperty(batch, "xpath", "equals", "//*[@id = "txtbthqty" + row + ""]", true): Modify property of object successfully

2018-05-16 18:46:13 - [MESSAGE][PASSED] - Modify property of object successfully

2018-05-16 18:46:13 - [TEST_STEP][PASSED] - Statement - batchqty = com.kms.katalon.core.webui.keyword.WebUiBuiltInKeywords.getAttribute(batch, "value").trim(): Attribute 'value' of object '' is: '4000'

2018-05-16 18:46:13 - [MESSAGE][PASSED] - Attribute 'value' of object '' is: '4000'

2018-05-16 18:46:13 - [TEST_STEP][PASSED] - Statement - Rqty = 10000: null

2018-05-16 18:46:13 - [TEST_STEP][PASSED] - delay: Delayed 2 second(s)

2018-05-16 18:46:15 - [MESSAGE][PASSED] - Delayed 2 second(s)

2018-05-16 18:46:15 - [TEST_STEP][PASSED] - Statement - out.println("BatchQty : " + batchqty): null

2018-05-16 18:46:15 - [TEST_STEP][PASSED] - Statement - out.println("RQty : " + Rqty): null

2018-05-16 18:46:15 - [TEST_STEP][PASSED] - Statement - If (java.lang.Integer.valueOf(batchqty) >= java.lang.Integer.valueOf(Rqty)): null

2018-05-16 18:46:15 - [TEST_STEP][PASSED] - Statement - Else: null

2018-05-16 18:46:15 - [TEST_STEP][PASSED] - Statement - out.println("Batchqty Is Less Than Rqty"): null

2018-05-16 18:46:15 - [TEST_STEP][PASSED] - Statement - product = new com.kms.katalon.core.testobject.TestObject(): null

2018-05-16 18:46:15 - [TEST_STEP][PASSED] - Statement - product = com.kms.katalon.core.webui.keyword.WebUiBuiltInKeywords.modifyObjectProperty(product, "xpath", "equals", "//*[@id = "fldvendor" + row + ""]", true): Modify property of object successfully

2018-05-16 18:46:15 - [MESSAGE][PASSED] - Modify property of object successfully

2018-05-16 18:46:15 - [TEST_STEP][PASSED] - selectOptionByIndex: All options with index in [2] are selected on object ''

2018-05-16 18:46:15 - [MESSAGE][PASSED] - All options with index in [2] are selected on object ''

2018-05-16 18:46:15 - [TEST_STEP][PASSED] - Statement - batch = new com.kms.katalon.core.testobject.TestObject(): null

2018-05-16 18:46:15 - [TEST_STEP][PASSED] - Statement - batch = com.kms.katalon.core.webui.keyword.WebUiBuiltInKeywords.modifyObjectProperty(batch, "xpath", "equals", "//*[@id = "txtbthqty" + row + ""]", true): Modify property of object successfully

2018-05-16 18:46:15 - [MESSAGE][PASSED] - Modify property of object successfully

2018-05-16 18:46:15 - [TEST_STEP][PASSED] - Statement - batchqty = com.kms.katalon.core.webui.keyword.WebUiBuiltInKeywords.getAttribute(batch, "value").trim(): Attribute 'value' of object '' is: '5000'

2018-05-16 18:46:15 - [MESSAGE][PASSED] - Attribute 'value' of object '' is: '5000'

2018-05-16 18:46:15 - [TEST_STEP][PASSED] - Statement - Rqty = 10000: null

2018-05-16 18:46:15 - [TEST_STEP][PASSED] - delay: Delayed 2 second(s)

2018-05-16 18:46:17 - [MESSAGE][PASSED] - Delayed 2 second(s)

2018-05-16 18:46:17 - [TEST_STEP][PASSED] - Statement - out.println("BatchQty : " + batchqty): null

2018-05-16 18:46:17 - [TEST_STEP][PASSED] - Statement - out.println("RQty : " + Rqty): null

2018-05-16 18:46:17 - [TEST_STEP][PASSED] - Statement - If (java.lang.Integer.valueOf(batchqty) >= java.lang.Integer.valueOf(Rqty)): null

2018-05-16 18:46:17 - [TEST_STEP][PASSED] - Statement - Else: null

2018-05-16 18:46:17 - [TEST_STEP][PASSED] - Statement - out.println("Batchqty Is Less Than Rqty"): null

2018-05-16 18:46:17 - [TEST_STEP][PASSED] - Statement - product = new com.kms.katalon.core.testobject.TestObject(): null

2018-05-16 18:46:17 - [TEST_STEP][PASSED] - Statement - product = com.kms.katalon.core.webui.keyword.WebUiBuiltInKeywords.modifyObjectProperty(product, "xpath", "equals", "//*[@id = "fldvendor" + row + ""]", true): Modify property of object successfully

2018-05-16 18:46:17 - [MESSAGE][PASSED] - Modify property of object successfully

2018-05-16 18:46:17 - [TEST_STEP][PASSED] - selectOptionByIndex: All options with index in [3] are selected on object ''

2018-05-16 18:46:18 - [MESSAGE][PASSED] - All options with index in [3] are selected on object ''

2018-05-16 18:46:18 - [TEST_STEP][PASSED] - Statement - batch = new com.kms.katalon.core.testobject.TestObject(): null

2018-05-16 18:46:18 - [TEST_STEP][PASSED] - Statement - batch = com.kms.katalon.core.webui.keyword.WebUiBuiltInKeywords.modifyObjectProperty(batch, "xpath", "equals", "//*[@id = "txtbthqty" + row + ""]", true): Modify property of object successfully

2018-05-16 18:46:18 - [MESSAGE][PASSED] - Modify property of object successfully

2018-05-16 18:46:18 - [TEST_STEP][PASSED] - Statement - batchqty = com.kms.katalon.core.webui.keyword.WebUiBuiltInKeywords.getAttribute(batch, "value").trim(): Attribute 'value' of object '' is: '39800'

2018-05-16 18:46:18 - [MESSAGE][PASSED] - Attribute 'value' of object '' is: '39800'

2018-05-16 18:46:18 - [TEST_STEP][PASSED] - Statement - Rqty = 10000: null

2018-05-16 18:46:18 - [TEST_STEP][PASSED] - delay: Delayed 2 second(s)

2018-05-16 18:46:20 - [MESSAGE][PASSED] - Delayed 2 second(s)

2018-05-16 18:46:20 - [TEST_STEP][PASSED] - Statement - out.println("BatchQty : " + batchqty): null

2018-05-16 18:46:20 - [TEST_STEP][PASSED] - Statement - out.println("RQty : " + Rqty): null

2018-05-16 18:46:20 - [TEST_STEP][PASSED] - Statement - If (java.lang.Integer.valueOf(batchqty) >= java.lang.Integer.valueOf(Rqty)): null

2018-05-16 18:46:20 - [TEST_STEP][PASSED] - Statement - Break: null

2018-05-16 18:46:20 - [TEST_STEP][PASSED] - Statement - batchlength = new com.kms.katalon.core.testobject.TestObject(): null

2018-05-16 18:46:20 - [TEST_STEP][PASSED] - Statement - batchlength = com.kms.katalon.core.webui.keyword.WebUiBuiltInKeywords.modifyObjectProperty(batchlength, "xpath", "equals", "//*[@id = "fldvendor" + row + ""]", true): Modify property of object successfully

2018-05-16 18:46:20 - [MESSAGE][PASSED] - Modify property of object successfully

2018-05-16 18:46:20 - [TEST_STEP][PASSED] - Statement - batchsize = com.kms.katalon.core.webui.keyword.WebUiBuiltInKeywords.getNumberOfTotalOption(batchlength): 5 options of object '' counted

2018-05-16 18:46:20 - [MESSAGE][PASSED] - 5 options of object '' counted

2018-05-16 18:46:20 - [TEST_STEP][PASSED] - Statement - out.println("BatchSize : " + batchsize): null

2018-05-16 18:46:20 - [TEST_STEP][PASSED] - Statement - For ([n = 1, n <= batchsize - 1, (n++)]): null

2018-05-16 18:46:20 - [TEST_STEP][PASSED] - Statement - product = new com.kms.katalon.core.testobject.TestObject(): null

2018-05-16 18:46:20 - [TEST_STEP][PASSED] - Statement - product = com.kms.katalon.core.webui.keyword.WebUiBuiltInKeywords.modifyObjectProperty(product, "xpath", "equals", "//*[@id = "fldvendor" + row + ""]", true): Modify property of object successfully

2018-05-16 18:46:20 - [MESSAGE][PASSED] - Modify property of object successfully

2018-05-16 18:46:20 - [TEST_STEP][PASSED] - selectOptionByIndex: All options with index in [1] are selected on object ''

2018-05-16 18:46:20 - [MESSAGE][PASSED] - All options with index in [1] are selected on object ''

2018-05-16 18:46:20 - [TEST_STEP][PASSED] - Statement - batch = new com.kms.katalon.core.testobject.TestObject(): null

2018-05-16 18:46:20 - [TEST_STEP][PASSED] - Statement - batch = com.kms.katalon.core.webui.keyword.WebUiBuiltInKeywords.modifyObjectProperty(batch, "xpath", "equals", "//*[@id = "txtbthqty" + row + ""]", true): Modify property of object successfully

2018-05-16 18:46:20 - [MESSAGE][PASSED] - Modify property of object successfully

2018-05-16 18:46:20 - [TEST_STEP][PASSED] - Statement - batchqty = com.kms.katalon.core.webui.keyword.WebUiBuiltInKeywords.getAttribute(batch, "value").trim(): Attribute 'value' of object '' is: '38800'

2018-05-16 18:46:20 - [MESSAGE][PASSED] - Attribute 'value' of object '' is: '38800'

2018-05-16 18:46:20 - [TEST_STEP][PASSED] - Statement - Rqty = 10000: null

2018-05-16 18:46:20 - [TEST_STEP][PASSED] - delay: Delayed 2 second(s)

2018-05-16 18:46:22 - [MESSAGE][PASSED] - Delayed 2 second(s)

2018-05-16 18:46:22 - [TEST_STEP][PASSED] - Statement - out.println("BatchQty : " + batchqty): null

2018-05-16 18:46:22 - [TEST_STEP][PASSED] - Statement - out.println("RQty : " + Rqty): null

2018-05-16 18:46:22 - [TEST_STEP][PASSED] - Statement - If (java.lang.Integer.valueOf(batchqty) >= java.lang.Integer.valueOf(Rqty)): null

2018-05-16 18:46:22 - [TEST_STEP][PASSED] - Statement - Break: null

2018-05-16 18:46:22 - [TEST_STEP][PASSED] - Statement - batchlength = new com.kms.katalon.core.testobject.TestObject(): null

2018-05-16 18:46:22 - [TEST_STEP][PASSED] - Statement - batchlength = com.kms.katalon.core.webui.keyword.WebUiBuiltInKeywords.modifyObjectProperty(batchlength, "xpath", "equals", "//*[@id = "fldvendor" + row + ""]", true): Modify property of object successfully

2018-05-16 18:46:22 - [MESSAGE][PASSED] - Modify property of object successfully

2018-05-16 18:46:22 - [TEST_STEP][PASSED] - Statement - batchsize = com.kms.katalon.core.webui.keyword.WebUiBuiltInKeywords.getNumberOfTotalOption(batchlength): 5 options of object '' counted

2018-05-16 18:46:22 - [MESSAGE][PASSED] - 5 options of object '' counted

2018-05-16 18:46:22 - [TEST_STEP][PASSED] - Statement - out.println("BatchSize : " + batchsize): null

2018-05-16 18:46:22 - [TEST_STEP][PASSED] - Statement - For ([n = 1, n <= batchsize - 1, (n++)]): null

2018-05-16 18:46:22 - [TEST_STEP][PASSED] - Statement - product = new com.kms.katalon.core.testobject.TestObject(): null

2018-05-16 18:46:22 - [TEST_STEP][PASSED] - Statement - product = com.kms.katalon.core.webui.keyword.WebUiBuiltInKeywords.modifyObjectProperty(product, "xpath", "equals", "//*[@id = "fldvendor" + row + ""]", true): Modify property of object successfully

2018-05-16 18:46:22 - [MESSAGE][PASSED] - Modify property of object successfully

2018-05-16 18:46:22 - [TEST_STEP][PASSED] - selectOptionByIndex: All options with index in [1] are selected on object ''

2018-05-16 18:46:22 - [MESSAGE][PASSED] - All options with index in [1] are selected on object ''

2018-05-16 18:46:22 - [TEST_STEP][PASSED] - Statement - batch = new com.kms.katalon.core.testobject.TestObject(): null

2018-05-16 18:46:22 - [TEST_STEP][PASSED] - Statement - batch = com.kms.katalon.core.webui.keyword.WebUiBuiltInKeywords.modifyObjectProperty(batch, "xpath", "equals", "//*[@id = "txtbthqty" + row + ""]", true): Modify property of object successfully

2018-05-16 18:46:22 - [MESSAGE][PASSED] - Modify property of object successfully

2018-05-16 18:46:22 - [TEST_STEP][PASSED] - Statement - batchqty = com.kms.katalon.core.webui.keyword.WebUiBuiltInKeywords.getAttribute(batch, "value").trim(): Attribute 'value' of object '' is: '4000'

2018-05-16 18:46:22 - [MESSAGE][PASSED] - Attribute 'value' of object '' is: '4000'

2018-05-16 18:46:22 - [TEST_STEP][PASSED] - Statement - Rqty = 10000: null

2018-05-16 18:46:22 - [TEST_STEP][PASSED] - delay: Delayed 2 second(s)

2018-05-16 18:46:24 - [MESSAGE][PASSED] - Delayed 2 second(s)

2018-05-16 18:46:24 - [TEST_STEP][PASSED] - Statement - out.println("BatchQty : " + batchqty): null

2018-05-16 18:46:24 - [TEST_STEP][PASSED] - Statement - out.println("RQty : " + Rqty): null

2018-05-16 18:46:24 - [TEST_STEP][PASSED] - Statement - If (java.lang.Integer.valueOf(batchqty) >= java.lang.Integer.valueOf(Rqty)): null

2018-05-16 18:46:24 - [TEST_STEP][PASSED] - Statement - Else: null

2018-05-16 18:46:24 - [TEST_STEP][PASSED] - Statement - out.println("Batchqty Is Less Than Rqty"): null

2018-05-16 18:46:24 - [TEST_STEP][PASSED] - Statement - product = new com.kms.katalon.core.testobject.TestObject(): null

2018-05-16 18:46:24 - [TEST_STEP][PASSED] - Statement - product = com.kms.katalon.core.webui.keyword.WebUiBuiltInKeywords.modifyObjectProperty(product, "xpath", "equals", "//*[@id = "fldvendor" + row + ""]", true): Modify property of object successfully

2018-05-16 18:46:24 - [MESSAGE][PASSED] - Modify property of object successfully

2018-05-16 18:46:24 - [TEST_STEP][PASSED] - selectOptionByIndex: All options with index in [2] are selected on object ''

2018-05-16 18:46:24 - [MESSAGE][PASSED] - All options with index in [2] are selected on object ''

2018-05-16 18:46:24 - [TEST_STEP][PASSED] - Statement - batch = new com.kms.katalon.core.testobject.TestObject(): null

2018-05-16 18:46:24 - [TEST_STEP][PASSED] - Statement - batch = com.kms.katalon.core.webui.keyword.WebUiBuiltInKeywords.modifyObjectProperty(batch, "xpath", "equals", "//*[@id = "txtbthqty" + row + ""]", true): Modify property of object successfully

2018-05-16 18:46:24 - [MESSAGE][PASSED] - Modify property of object successfully

2018-05-16 18:46:24 - [TEST_STEP][PASSED] - Statement - batchqty = com.kms.katalon.core.webui.keyword.WebUiBuiltInKeywords.getAttribute(batch, "value").trim(): Attribute 'value' of object '' is: '5000'

2018-05-16 18:46:24 - [MESSAGE][PASSED] - Attribute 'value' of object '' is: '5000'

2018-05-16 18:46:24 - [TEST_STEP][PASSED] - Statement - Rqty = 10000: null

2018-05-16 18:46:24 - [TEST_STEP][PASSED] - delay: Delayed 2 second(s)

2018-05-16 18:46:26 - [MESSAGE][PASSED] - Delayed 2 second(s)

2018-05-16 18:46:26 - [TEST_STEP][PASSED] - Statement - out.println("BatchQty : " + batchqty): null

2018-05-16 18:46:26 - [TEST_STEP][PASSED] - Statement - out.println("RQty : " + Rqty): null

2018-05-16 18:46:26 - [TEST_STEP][PASSED] - Statement - If (java.lang.Integer.valueOf(batchqty) >= java.lang.Integer.valueOf(Rqty)): null

2018-05-16 18:46:26 - [TEST_STEP][PASSED] - Statement - Else: null

2018-05-16 18:46:26 - [TEST_STEP][PASSED] - Statement - out.println("Batchqty Is Less Than Rqty"): null

2018-05-16 18:46:26 - [TEST_STEP][PASSED] - Statement - product = new com.kms.katalon.core.testobject.TestObject(): null

2018-05-16 18:46:26 - [TEST_STEP][PASSED] - Statement - product = com.kms.katalon.core.webui.keyword.WebUiBuiltInKeywords.modifyObjectProperty(product, "xpath", "equals", "//*[@id = "fldvendor" + row + ""]", true): Modify property of object successfully

2018-05-16 18:46:26 - [MESSAGE][PASSED] - Modify property of object successfully

2018-05-16 18:46:26 - [TEST_STEP][PASSED] - selectOptionByIndex: All options with index in [3] are selected on object ''

2018-05-16 18:46:27 - [MESSAGE][PASSED] - All options with index in [3] are selected on object ''

2018-05-16 18:46:27 - [TEST_STEP][PASSED] - Statement - batch = new com.kms.katalon.core.testobject.TestObject(): null

2018-05-16 18:46:27 - [TEST_STEP][PASSED] - Statement - batch = com.kms.katalon.core.webui.keyword.WebUiBuiltInKeywords.modifyObjectProperty(batch, "xpath", "equals", "//*[@id = "txtbthqty" + row + ""]", true): Modify property of object successfully

2018-05-16 18:46:27 - [MESSAGE][PASSED] - Modify property of object successfully

2018-05-16 18:46:27 - [TEST_STEP][PASSED] - Statement - batchqty = com.kms.katalon.core.webui.keyword.WebUiBuiltInKeywords.getAttribute(batch, "value").trim(): Attribute 'value' of object '' is: '39800'

2018-05-16 18:46:27 - [MESSAGE][PASSED] - Attribute 'value' of object '' is: '39800'

2018-05-16 18:46:27 - [TEST_STEP][PASSED] - Statement - Rqty = 10000: null

2018-05-16 18:46:27 - [TEST_STEP][PASSED] - delay: Delayed 2 second(s)

2018-05-16 18:46:29 - [MESSAGE][PASSED] - Delayed 2 second(s)

2018-05-16 18:46:29 - [TEST_STEP][PASSED] - Statement - out.println("BatchQty : " + batchqty): null

2018-05-16 18:46:29 - [TEST_STEP][PASSED] - Statement - out.println("RQty : " + Rqty): null

2018-05-16 18:46:29 - [TEST_STEP][PASSED] - Statement - If (java.lang.Integer.valueOf(batchqty) >= java.lang.Integer.valueOf(Rqty)): null

2018-05-16 18:46:29 - [TEST_STEP][PASSED] - Statement - Break: null

2018-05-16 18:46:29 - [TEST_STEP][PASSED] - Statement - batchlength = new com.kms.katalon.core.testobject.TestObject(): null

2018-05-16 18:46:29 - [TEST_STEP][PASSED] - Statement - batchlength = com.kms.katalon.core.webui.keyword.WebUiBuiltInKeywords.modifyObjectProperty(batchlength, "xpath", "equals", "//*[@id = "fldvendor" + row + ""]", true): Modify property of object successfully

2018-05-16 18:46:29 - [MESSAGE][PASSED] - Modify property of object successfully

2018-05-16 18:46:29 - [TEST_STEP][PASSED] - Statement - batchsize = com.kms.katalon.core.webui.keyword.WebUiBuiltInKeywords.getNumberOfTotalOption(batchlength): 5 options of object '' counted

2018-05-16 18:46:29 - [MESSAGE][PASSED] - 5 options of object '' counted

2018-05-16 18:46:29 - [TEST_STEP][PASSED] - Statement - out.println("BatchSize : " + batchsize): null

2018-05-16 18:46:29 - [TEST_STEP][PASSED] - Statement - For ([n = 1, n <= batchsize - 1, (n++)]): null

2018-05-16 18:46:29 - [TEST_STEP][PASSED] - Statement - product = new com.kms.katalon.core.testobject.TestObject(): null

2018-05-16 18:46:29 - [TEST_STEP][PASSED] - Statement - product = com.kms.katalon.core.webui.keyword.WebUiBuiltInKeywords.modifyObjectProperty(product, "xpath", "equals", "//*[@id = "fldvendor" + row + ""]", true): Modify property of object successfully

2018-05-16 18:46:29 - [MESSAGE][PASSED] - Modify property of object successfully

2018-05-16 18:46:29 - [TEST_STEP][PASSED] - selectOptionByIndex: All options with index in [1] are selected on object ''

2018-05-16 18:46:29 - [MESSAGE][PASSED] - All options with index in [1] are selected on object ''

2018-05-16 18:46:29 - [TEST_STEP][PASSED] - Statement - batch = new com.kms.katalon.core.testobject.TestObject(): null

2018-05-16 18:46:29 - [TEST_STEP][PASSED] - Statement - batch = com.kms.katalon.core.webui.keyword.WebUiBuiltInKeywords.modifyObjectProperty(batch, "xpath", "equals", "//*[@id = "txtbthqty" + row + ""]", true): Modify property of object successfully

2018-05-16 18:46:29 - [MESSAGE][PASSED] - Modify property of object successfully

2018-05-16 18:46:29 - [TEST_STEP][PASSED] - Statement - batchqty = com.kms.katalon.core.webui.keyword.WebUiBuiltInKeywords.getAttribute(batch, "value").trim(): Attribute 'value' of object '' is: '4000'

2018-05-16 18:46:29 - [MESSAGE][PASSED] - Attribute 'value' of object '' is: '4000'

2018-05-16 18:46:29 - [TEST_STEP][PASSED] - Statement - Rqty = 10000: null

2018-05-16 18:46:29 - [TEST_STEP][PASSED] - delay: Delayed 2 second(s)

2018-05-16 18:46:31 - [MESSAGE][PASSED] - Delayed 2 second(s)

2018-05-16 18:46:31 - [TEST_STEP][PASSED] - Statement - out.println("BatchQty : " + batchqty): null

2018-05-16 18:46:31 - [TEST_STEP][PASSED] - Statement - out.println("RQty : " + Rqty): null

2018-05-16 18:46:31 - [TEST_STEP][PASSED] - Statement - If (java.lang.Integer.valueOf(batchqty) >= java.lang.Integer.valueOf(Rqty)): null

2018-05-16 18:46:31 - [TEST_STEP][PASSED] - Statement - Else: null

2018-05-16 18:46:31 - [TEST_STEP][PASSED] - Statement - out.println("Batchqty Is Less Than Rqty"): null

2018-05-16 18:46:31 - [TEST_STEP][PASSED] - Statement - product = new com.kms.katalon.core.testobject.TestObject(): null

2018-05-16 18:46:31 - [TEST_STEP][PASSED] - Statement - product = com.kms.katalon.core.webui.keyword.WebUiBuiltInKeywords.modifyObjectProperty(product, "xpath", "equals", "//*[@id = "fldvendor" + row + ""]", true): Modify property of object successfully

2018-05-16 18:46:31 - [MESSAGE][PASSED] - Modify property of object successfully

2018-05-16 18:46:31 - [TEST_STEP][PASSED] - selectOptionByIndex: All options with index in [2] are selected on object ''

2018-05-16 18:46:31 - [MESSAGE][PASSED] - All options with index in [2] are selected on object ''

2018-05-16 18:46:31 - [TEST_STEP][PASSED] - Statement - batch = new com.kms.katalon.core.testobject.TestObject(): null

2018-05-16 18:46:31 - [TEST_STEP][PASSED] - Statement - batch = com.kms.katalon.core.webui.keyword.WebUiBuiltInKeywords.modifyObjectProperty(batch, "xpath", "equals", "//*[@id = "txtbthqty" + row + ""]", true): Modify property of object successfully

2018-05-16 18:46:31 - [MESSAGE][PASSED] - Modify property of object successfully

2018-05-16 18:46:31 - [TEST_STEP][PASSED] - Statement - batchqty = com.kms.katalon.core.webui.keyword.WebUiBuiltInKeywords.getAttribute(batch, "value").trim(): Attribute 'value' of object '' is: '5000'

2018-05-16 18:46:31 - [MESSAGE][PASSED] - Attribute 'value' of object '' is: '5000'

2018-05-16 18:46:31 - [TEST_STEP][PASSED] - Statement - Rqty = 10000: null

2018-05-16 18:46:31 - [TEST_STEP][PASSED] - delay: Delayed 2 second(s)

2018-05-16 18:46:33 - [MESSAGE][PASSED] - Delayed 2 second(s)

2018-05-16 18:46:33 - [TEST_STEP][PASSED] - Statement - out.println("BatchQty : " + batchqty): null

2018-05-16 18:46:33 - [TEST_STEP][PASSED] - Statement - out.println("RQty : " + Rqty): null

2018-05-16 18:46:33 - [TEST_STEP][PASSED] - Statement - If (java.lang.Integer.valueOf(batchqty) >= java.lang.Integer.valueOf(Rqty)): null

2018-05-16 18:46:33 - [TEST_STEP][PASSED] - Statement - Else: null

2018-05-16 18:46:33 - [TEST_STEP][PASSED] - Statement - out.println("Batchqty Is Less Than Rqty"): null

2018-05-16 18:46:33 - [TEST_STEP][PASSED] - Statement - product = new com.kms.katalon.core.testobject.TestObject(): null

2018-05-16 18:46:33 - [TEST_STEP][PASSED] - Statement - product = com.kms.katalon.core.webui.keyword.WebUiBuiltInKeywords.modifyObjectProperty(product, "xpath", "equals", "//*[@id = "fldvendor" + row + ""]", true): Modify property of object successfully

2018-05-16 18:46:33 - [MESSAGE][PASSED] - Modify property of object successfully

2018-05-16 18:46:33 - [TEST_STEP][PASSED] - selectOptionByIndex: All options with index in [3] are selected on object ''

2018-05-16 18:46:33 - [MESSAGE][PASSED] - All options with index in [3] are selected on object ''

2018-05-16 18:46:33 - [TEST_STEP][PASSED] - Statement - batch = new com.kms.katalon.core.testobject.TestObject(): null

2018-05-16 18:46:33 - [TEST_STEP][PASSED] - Statement - batch = com.kms.katalon.core.webui.keyword.WebUiBuiltInKeywords.modifyObjectProperty(batch, "xpath", "equals", "//*[@id = "txtbthqty" + row + ""]", true): Modify property of object successfully

2018-05-16 18:46:33 - [MESSAGE][PASSED] - Modify property of object successfully

2018-05-16 18:46:33 - [TEST_STEP][PASSED] - Statement - batchqty = com.kms.katalon.core.webui.keyword.WebUiBuiltInKeywords.getAttribute(batch, "value").trim(): Attribute 'value' of object '' is: '5000'

2018-05-16 18:46:33 - [MESSAGE][PASSED] - Attribute 'value' of object '' is: '5000'

2018-05-16 18:46:33 - [TEST_STEP][PASSED] - Statement - Rqty = 10000: null

2018-05-16 18:46:33 - [TEST_STEP][PASSED] - delay: Delayed 2 second(s)

2018-05-16 18:46:35 - [MESSAGE][PASSED] - Delayed 2 second(s)

2018-05-16 18:46:35 - [TEST_STEP][PASSED] - Statement - out.println("BatchQty : " + batchqty): null

2018-05-16 18:46:35 - [TEST_STEP][PASSED] - Statement - out.println("RQty : " + Rqty): null

2018-05-16 18:46:35 - [TEST_STEP][PASSED] - Statement - If (java.lang.Integer.valueOf(batchqty) >= java.lang.Integer.valueOf(Rqty)): null

2018-05-16 18:46:35 - [TEST_STEP][PASSED] - Statement - Else: null

2018-05-16 18:46:35 - [TEST_STEP][PASSED] - Statement - out.println("Batchqty Is Less Than Rqty"): null

2018-05-16 18:46:35 - [TEST_STEP][PASSED] - Statement - product = new com.kms.katalon.core.testobject.TestObject(): null

2018-05-16 18:46:35 - [TEST_STEP][PASSED] - Statement - product = com.kms.katalon.core.webui.keyword.WebUiBuiltInKeywords.modifyObjectProperty(product, "xpath", "equals", "//*[@id = "fldvendor" + row + ""]", true): Modify property of object successfully

2018-05-16 18:46:35 - [MESSAGE][PASSED] - Modify property of object successfully

2018-05-16 18:46:35 - [TEST_STEP][PASSED] - selectOptionByIndex: All options with index in [4] are selected on object ''

2018-05-16 18:46:35 - [MESSAGE][PASSED] - All options with index in [4] are selected on object ''

2018-05-16 18:46:35 - [TEST_STEP][PASSED] - Statement - batch = new com.kms.katalon.core.testobject.TestObject(): null

2018-05-16 18:46:35 - [TEST_STEP][PASSED] - Statement - batch = com.kms.katalon.core.webui.keyword.WebUiBuiltInKeywords.modifyObjectProperty(batch, "xpath", "equals", "//*[@id = "txtbthqty" + row + ""]", true): Modify property of object successfully

2018-05-16 18:46:35 - [MESSAGE][PASSED] - Modify property of object successfully

2018-05-16 18:46:35 - [TEST_STEP][PASSED] - Statement - batchqty = com.kms.katalon.core.webui.keyword.WebUiBuiltInKeywords.getAttribute(batch, "value").trim(): Attribute 'value' of object '' is: '39800'

2018-05-16 18:46:35 - [MESSAGE][PASSED] - Attribute 'value' of object '' is: '39800'

2018-05-16 18:46:35 - [TEST_STEP][PASSED] - Statement - Rqty = 10000: null

2018-05-16 18:46:35 - [TEST_STEP][PASSED] - delay: Delayed 2 second(s)

2018-05-16 18:46:37 - [MESSAGE][PASSED] - Delayed 2 second(s)

2018-05-16 18:46:37 - [TEST_STEP][PASSED] - Statement - out.println("BatchQty : " + batchqty): null

2018-05-16 18:46:37 - [TEST_STEP][PASSED] - Statement - out.println("RQty : " + Rqty): null

2018-05-16 18:46:37 - [TEST_STEP][PASSED] - Statement - If (java.lang.Integer.valueOf(batchqty) >= java.lang.Integer.valueOf(Rqty)): null

2018-05-16 18:46:37 - [TEST_STEP][PASSED] - Statement - Break: null

2018-05-16 18:46:37 - [TEST_STEP][PASSED] - Statement - batchlength = new com.kms.katalon.core.testobject.TestObject(): null

2018-05-16 18:46:37 - [TEST_STEP][PASSED] - Statement - batchlength = com.kms.katalon.core.webui.keyword.WebUiBuiltInKeywords.modifyObjectProperty(batchlength, "xpath", "equals", "//*[@id = "fldvendor" + row + ""]", true): Modify property of object successfully

2018-05-16 18:46:37 - [MESSAGE][PASSED] - Modify property of object successfully

2018-05-16 18:46:37 - [TEST_STEP][PASSED] - Statement - batchsize = com.kms.katalon.core.webui.keyword.WebUiBuiltInKeywords.getNumberOfTotalOption(batchlength): 5 options of object '' counted

2018-05-16 18:46:38 - [MESSAGE][PASSED] - 5 options of object '' counted

2018-05-16 18:46:38 - [TEST_STEP][PASSED] - Statement - out.println("BatchSize : " + batchsize): null

2018-05-16 18:46:38 - [TEST_STEP][PASSED] - Statement - For ([n = 1, n <= batchsize - 1, (n++)]): null

2018-05-16 18:46:38 - [TEST_STEP][PASSED] - Statement - product = new com.kms.katalon.core.testobject.TestObject(): null

2018-05-16 18:46:38 - [TEST_STEP][PASSED] - Statement - product = com.kms.katalon.core.webui.keyword.WebUiBuiltInKeywords.modifyObjectProperty(product, "xpath", "equals", "//*[@id = "fldvendor" + row + ""]", true): Modify property of object successfully

2018-05-16 18:46:38 - [MESSAGE][PASSED] - Modify property of object successfully

2018-05-16 18:46:38 - [TEST_STEP][PASSED] - selectOptionByIndex: All options with index in [1] are selected on object ''

2018-05-16 18:46:38 - [MESSAGE][PASSED] - All options with index in [1] are selected on object ''

2018-05-16 18:46:38 - [TEST_STEP][PASSED] - Statement - batch = new com.kms.katalon.core.testobject.TestObject(): null

2018-05-16 18:46:38 - [TEST_STEP][PASSED] - Statement - batch = com.kms.katalon.core.webui.keyword.WebUiBuiltInKeywords.modifyObjectProperty(batch, "xpath", "equals", "//*[@id = "txtbthqty" + row + ""]", true): Modify property of object successfully

2018-05-16 18:46:38 - [MESSAGE][PASSED] - Modify property of object successfully

2018-05-16 18:46:38 - [TEST_STEP][PASSED] - Statement - batchqty = com.kms.katalon.core.webui.keyword.WebUiBuiltInKeywords.getAttribute(batch, "value").trim(): Attribute 'value' of object '' is: '5000'

2018-05-16 18:46:38 - [MESSAGE][PASSED] - Attribute 'value' of object '' is: '5000'

2018-05-16 18:46:38 - [TEST_STEP][PASSED] - Statement - Rqty = 10000: null

2018-05-16 18:46:38 - [TEST_STEP][PASSED] - delay: Delayed 2 second(s)

2018-05-16 18:46:40 - [MESSAGE][PASSED] - Delayed 2 second(s)

2018-05-16 18:46:40 - [TEST_STEP][PASSED] - Statement - out.println("BatchQty : " + batchqty): null

2018-05-16 18:46:40 - [TEST_STEP][PASSED] - Statement - out.println("RQty : " + Rqty): null

2018-05-16 18:46:40 - [TEST_STEP][PASSED] - Statement - If (java.lang.Integer.valueOf(batchqty) >= java.lang.Integer.valueOf(Rqty)): null

2018-05-16 18:46:40 - [TEST_STEP][PASSED] - Statement - Else: null

2018-05-16 18:46:40 - [TEST_STEP][PASSED] - Statement - out.println("Batchqty Is Less Than Rqty"): null

2018-05-16 18:46:40 - [TEST_STEP][PASSED] - Statement - product = new com.kms.katalon.core.testobject.TestObject(): null

2018-05-16 18:46:40 - [TEST_STEP][PASSED] - Statement - product = com.kms.katalon.core.webui.keyword.WebUiBuiltInKeywords.modifyObjectProperty(product, "xpath", "equals", "//*[@id = "fldvendor" + row + ""]", true): Modify property of object successfully

2018-05-16 18:46:40 - [MESSAGE][PASSED] - Modify property of object successfully

2018-05-16 18:46:40 - [TEST_STEP][PASSED] - selectOptionByIndex: All options with index in [2] are selected on object ''

2018-05-16 18:46:40 - [MESSAGE][PASSED] - All options with index in [2] are selected on object ''

2018-05-16 18:46:40 - [TEST_STEP][PASSED] - Statement - batch = new com.kms.katalon.core.testobject.TestObject(): null

2018-05-16 18:46:40 - [TEST_STEP][PASSED] - Statement - batch = com.kms.katalon.core.webui.keyword.WebUiBuiltInKeywords.modifyObjectProperty(batch, "xpath", "equals", "//*[@id = "txtbthqty" + row + ""]", true): Modify property of object successfully

2018-05-16 18:46:40 - [MESSAGE][PASSED] - Modify property of object successfully

2018-05-16 18:46:40 - [TEST_STEP][PASSED] - Statement - batchqty = com.kms.katalon.core.webui.keyword.WebUiBuiltInKeywords.getAttribute(batch, "value").trim(): Attribute 'value' of object '' is: '38800'

2018-05-16 18:46:40 - [MESSAGE][PASSED] - Attribute 'value' of object '' is: '38800'

2018-05-16 18:46:40 - [TEST_STEP][PASSED] - Statement - Rqty = 10000: null

2018-05-16 18:46:40 - [TEST_STEP][PASSED] - delay: Delayed 2 second(s)

2018-05-16 18:46:42 - [MESSAGE][PASSED] - Delayed 2 second(s)

2018-05-16 18:46:42 - [TEST_STEP][PASSED] - Statement - out.println("BatchQty : " + batchqty): null

2018-05-16 18:46:42 - [TEST_STEP][PASSED] - Statement - out.println("RQty : " + Rqty): null

2018-05-16 18:46:42 - [TEST_STEP][PASSED] - Statement - If (java.lang.Integer.valueOf(batchqty) >= java.lang.Integer.valueOf(Rqty)): null

2018-05-16 18:46:42 - [TEST_STEP][PASSED] - Statement - Break: null

2018-05-16 18:46:42 - [TEST_STEP][PASSED] - Statement - batchlength = new com.kms.katalon.core.testobject.TestObject(): null

2018-05-16 18:46:42 - [TEST_STEP][PASSED] - Statement - batchlength = com.kms.katalon.core.webui.keyword.WebUiBuiltInKeywords.modifyObjectProperty(batchlength, "xpath", "equals", "//*[@id = "fldvendor" + row + ""]", true): Modify property of object successfully

2018-05-16 18:46:42 - [MESSAGE][PASSED] - Modify property of object successfully

2018-05-16 18:46:42 - [TEST_STEP][PASSED] - Statement - batchsize = com.kms.katalon.core.webui.keyword.WebUiBuiltInKeywords.getNumberOfTotalOption(batchlength): 5 options of object '' counted

2018-05-16 18:46:42 - [MESSAGE][PASSED] - 5 options of object '' counted

2018-05-16 18:46:42 - [TEST_STEP][PASSED] - Statement - out.println("BatchSize : " + batchsize): null

2018-05-16 18:46:42 - [TEST_STEP][PASSED] - Statement - For ([n = 1, n <= batchsize - 1, (n++)]): null

2018-05-16 18:46:42 - [TEST_STEP][PASSED] - Statement - product = new com.kms.katalon.core.testobject.TestObject(): null

2018-05-16 18:46:42 - [TEST_STEP][PASSED] - Statement - product = com.kms.katalon.core.webui.keyword.WebUiBuiltInKeywords.modifyObjectProperty(product, "xpath", "equals", "//*[@id = "fldvendor" + row + ""]", true): Modify property of object successfully

2018-05-16 18:46:42 - [MESSAGE][PASSED] - Modify property of object successfully

2018-05-16 18:46:42 - [TEST_STEP][PASSED] - selectOptionByIndex: All options with index in [1] are selected on object ''

2018-05-16 18:46:42 - [MESSAGE][PASSED] - All options with index in [1] are selected on object ''

2018-05-16 18:46:42 - [TEST_STEP][PASSED] - Statement - batch = new com.kms.katalon.core.testobject.TestObject(): null

2018-05-16 18:46:42 - [TEST_STEP][PASSED] - Statement - batch = com.kms.katalon.core.webui.keyword.WebUiBuiltInKeywords.modifyObjectProperty(batch, "xpath", "equals", "//*[@id = "txtbthqty" + row + ""]", true): Modify property of object successfully

2018-05-16 18:46:42 - [MESSAGE][PASSED] - Modify property of object successfully

2018-05-16 18:46:42 - [TEST_STEP][PASSED] - Statement - batchqty = com.kms.katalon.core.webui.keyword.WebUiBuiltInKeywords.getAttribute(batch, "value").trim(): Attribute 'value' of object '' is: '4000'

2018-05-16 18:46:42 - [MESSAGE][PASSED] - Attribute 'value' of object '' is: '4000'

2018-05-16 18:46:42 - [TEST_STEP][PASSED] - Statement - Rqty = 10000: null

2018-05-16 18:46:42 - [TEST_STEP][PASSED] - delay: Delayed 2 second(s)

2018-05-16 18:46:44 - [MESSAGE][PASSED] - Delayed 2 second(s)

2018-05-16 18:46:44 - [TEST_STEP][PASSED] - Statement - out.println("BatchQty : " + batchqty): null

2018-05-16 18:46:44 - [TEST_STEP][PASSED] - Statement - out.println("RQty : " + Rqty): null

2018-05-16 18:46:44 - [TEST_STEP][PASSED] - Statement - If (java.lang.Integer.valueOf(batchqty) >= java.lang.Integer.valueOf(Rqty)): null

2018-05-16 18:46:44 - [TEST_STEP][PASSED] - Statement - Else: null

2018-05-16 18:46:44 - [TEST_STEP][PASSED] - Statement - out.println("Batchqty Is Less Than Rqty"): null

2018-05-16 18:46:44 - [TEST_STEP][PASSED] - Statement - product = new com.kms.katalon.core.testobject.TestObject(): null

2018-05-16 18:46:44 - [TEST_STEP][PASSED] - Statement - product = com.kms.katalon.core.webui.keyword.WebUiBuiltInKeywords.modifyObjectProperty(product, "xpath", "equals", "//*[@id = "fldvendor" + row + ""]", true): Modify property of object successfully

2018-05-16 18:46:44 - [MESSAGE][PASSED] - Modify property of object successfully

2018-05-16 18:46:44 - [TEST_STEP][PASSED] - selectOptionByIndex: All options with index in [2] are selected on object ''

2018-05-16 18:46:44 - [MESSAGE][PASSED] - All options with index in [2] are selected on object ''

2018-05-16 18:46:44 - [TEST_STEP][PASSED] - Statement - batch = new com.kms.katalon.core.testobject.TestObject(): null

2018-05-16 18:46:44 - [TEST_STEP][PASSED] - Statement - batch = com.kms.katalon.core.webui.keyword.WebUiBuiltInKeywords.modifyObjectProperty(batch, "xpath", "equals", "//*[@id = "txtbthqty" + row + ""]", true): Modify property of object successfully

2018-05-16 18:46:44 - [MESSAGE][PASSED] - Modify property of object successfully

2018-05-16 18:46:44 - [TEST_STEP][PASSED] - Statement - batchqty = com.kms.katalon.core.webui.keyword.WebUiBuiltInKeywords.getAttribute(batch, "value").trim(): Attribute 'value' of object '' is: '5000'

2018-05-16 18:46:44 - [MESSAGE][PASSED] - Attribute 'value' of object '' is: '5000'

2018-05-16 18:46:44 - [TEST_STEP][PASSED] - Statement - Rqty = 10000: null

2018-05-16 18:46:44 - [TEST_STEP][PASSED] - delay: Delayed 2 second(s)

2018-05-16 18:46:46 - [MESSAGE][PASSED] - Delayed 2 second(s)

2018-05-16 18:46:46 - [TEST_STEP][PASSED] - Statement - out.println("BatchQty : " + batchqty): null

2018-05-16 18:46:46 - [TEST_STEP][PASSED] - Statement - out.println("RQty : " + Rqty): null

2018-05-16 18:46:46 - [TEST_STEP][PASSED] - Statement - If (java.lang.Integer.valueOf(batchqty) >= java.lang.Integer.valueOf(Rqty)): null

2018-05-16 18:46:46 - [TEST_STEP][PASSED] - Statement - Else: null

2018-05-16 18:46:46 - [TEST_STEP][PASSED] - Statement - out.println("Batchqty Is Less Than Rqty"): null

2018-05-16 18:46:46 - [TEST_STEP][PASSED] - Statement - product = new com.kms.katalon.core.testobject.TestObject(): null

2018-05-16 18:46:46 - [TEST_STEP][PASSED] - Statement - product = com.kms.katalon.core.webui.keyword.WebUiBuiltInKeywords.modifyObjectProperty(product, "xpath", "equals", "//*[@id = "fldvendor" + row + ""]", true): Modify property of object successfully

2018-05-16 18:46:46 - [MESSAGE][PASSED] - Modify property of object successfully

2018-05-16 18:46:46 - [TEST_STEP][PASSED] - selectOptionByIndex: All options with index in [3] are selected on object ''

2018-05-16 18:46:47 - [MESSAGE][PASSED] - All options with index in [3] are selected on object ''

2018-05-16 18:46:47 - [TEST_STEP][PASSED] - Statement - batch = new com.kms.katalon.core.testobject.TestObject(): null

2018-05-16 18:46:47 - [TEST_STEP][PASSED] - Statement - batch = com.kms.katalon.core.webui.keyword.WebUiBuiltInKeywords.modifyObjectProperty(batch, "xpath", "equals", "//*[@id = "txtbthqty" + row + ""]", true): Modify property of object successfully

2018-05-16 18:46:47 - [MESSAGE][PASSED] - Modify property of object successfully

2018-05-16 18:46:47 - [TEST_STEP][PASSED] - Statement - batchqty = com.kms.katalon.core.webui.keyword.WebUiBuiltInKeywords.getAttribute(batch, "value").trim(): Attribute 'value' of object '' is: '5000'

2018-05-16 18:46:47 - [MESSAGE][PASSED] - Attribute 'value' of object '' is: '5000'

2018-05-16 18:46:47 - [TEST_STEP][PASSED] - Statement - Rqty = 10000: null

2018-05-16 18:46:47 - [TEST_STEP][PASSED] - delay: Delayed 2 second(s)

2018-05-16 18:46:49 - [MESSAGE][PASSED] - Delayed 2 second(s)

2018-05-16 18:46:49 - [TEST_STEP][PASSED] - Statement - out.println("BatchQty : " + batchqty): null

2018-05-16 18:46:49 - [TEST_STEP][PASSED] - Statement - out.println("RQty : " + Rqty): null

2018-05-16 18:46:49 - [TEST_STEP][PASSED] - Statement - If (java.lang.Integer.valueOf(batchqty) >= java.lang.Integer.valueOf(Rqty)): null

2018-05-16 18:46:49 - [TEST_STEP][PASSED] - Statement - Else: null

2018-05-16 18:46:49 - [TEST_STEP][PASSED] - Statement - out.println("Batchqty Is Less Than Rqty"): null

2018-05-16 18:46:49 - [TEST_STEP][PASSED] - Statement - product = new com.kms.katalon.core.testobject.TestObject(): null

2018-05-16 18:46:49 - [TEST_STEP][PASSED] - Statement - product = com.kms.katalon.core.webui.keyword.WebUiBuiltInKeywords.modifyObjectProperty(product, "xpath", "equals", "//*[@id = "fldvendor" + row + ""]", true): Modify property of object successfully

2018-05-16 18:46:49 - [MESSAGE][PASSED] - Modify property of object successfully

2018-05-16 18:46:49 - [TEST_STEP][PASSED] - selectOptionByIndex: All options with index in [4] are selected on object ''

2018-05-16 18:46:49 - [MESSAGE][PASSED] - All options with index in [4] are selected on object ''

2018-05-16 18:46:49 - [TEST_STEP][PASSED] - Statement - batch = new com.kms.katalon.core.testobject.TestObject(): null

2018-05-16 18:46:49 - [TEST_STEP][PASSED] - Statement - batch = com.kms.katalon.core.webui.keyword.WebUiBuiltInKeywords.modifyObjectProperty(batch, "xpath", "equals", "//*[@id = "txtbthqty" + row + ""]", true): Modify property of object successfully

2018-05-16 18:46:49 - [MESSAGE][PASSED] - Modify property of object successfully

2018-05-16 18:46:49 - [TEST_STEP][PASSED] - Statement - batchqty = com.kms.katalon.core.webui.keyword.WebUiBuiltInKeywords.getAttribute(batch, "value").trim(): Attribute 'value' of object '' is: '39800'

2018-05-16 18:46:49 - [MESSAGE][PASSED] - Attribute 'value' of object '' is: '39800'

2018-05-16 18:46:49 - [TEST_STEP][PASSED] - Statement - Rqty = 10000: null

2018-05-16 18:46:49 - [TEST_STEP][PASSED] - delay: Delayed 2 second(s)

2018-05-16 18:46:51 - [MESSAGE][PASSED] - Delayed 2 second(s)

2018-05-16 18:46:51 - [TEST_STEP][PASSED] - Statement - out.println("BatchQty : " + batchqty): null

2018-05-16 18:46:51 - [TEST_STEP][PASSED] - Statement - out.println("RQty : " + Rqty): null

2018-05-16 18:46:51 - [TEST_STEP][PASSED] - Statement - If (java.lang.Integer.valueOf(batchqty) >= java.lang.Integer.valueOf(Rqty)): null

2018-05-16 18:46:51 - [TEST_STEP][PASSED] - Statement - Break: null

2018-05-16 18:46:51 - [TEST_STEP][PASSED] - Statement - batchlength = new com.kms.katalon.core.testobject.TestObject(): null

2018-05-16 18:46:51 - [TEST_STEP][PASSED] - Statement - batchlength = com.kms.katalon.core.webui.keyword.WebUiBuiltInKeywords.modifyObjectProperty(batchlength, "xpath", "equals", "//*[@id = "fldvendor" + row + ""]", true): Modify property of object successfully

2018-05-16 18:46:51 - [MESSAGE][PASSED] - Modify property of object successfully

2018-05-16 18:46:51 - [TEST_STEP][PASSED] - Statement - batchsize = com.kms.katalon.core.webui.keyword.WebUiBuiltInKeywords.getNumberOfTotalOption(batchlength): 5 options of object '' counted

2018-05-16 18:46:51 - [MESSAGE][PASSED] - 5 options of object '' counted

2018-05-16 18:46:51 - [TEST_STEP][PASSED] - Statement - out.println("BatchSize : " + batchsize): null

2018-05-16 18:46:51 - [TEST_STEP][PASSED] - Statement - For ([n = 1, n <= batchsize - 1, (n++)]): null

2018-05-16 18:46:51 - [TEST_STEP][PASSED] - Statement - product = new com.kms.katalon.core.testobject.TestObject(): null

2018-05-16 18:46:51 - [TEST_STEP][PASSED] - Statement - product = com.kms.katalon.core.webui.keyword.WebUiBuiltInKeywords.modifyObjectProperty(product, "xpath", "equals", "//*[@id = "fldvendor" + row + ""]", true): Modify property of object successfully

2018-05-16 18:46:51 - [MESSAGE][PASSED] - Modify property of object successfully

2018-05-16 18:46:51 - [TEST_STEP][PASSED] - selectOptionByIndex: All options with index in [1] are selected on object ''

2018-05-16 18:46:51 - [MESSAGE][PASSED] - All options with index in [1] are selected on object ''

2018-05-16 18:46:51 - [TEST_STEP][PASSED] - Statement - batch = new com.kms.katalon.core.testobject.TestObject(): null

2018-05-16 18:46:51 - [TEST_STEP][PASSED] - Statement - batch = com.kms.katalon.core.webui.keyword.WebUiBuiltInKeywords.modifyObjectProperty(batch, "xpath", "equals", "//*[@id = "txtbthqty" + row + ""]", true): Modify property of object successfully

2018-05-16 18:46:51 - [MESSAGE][PASSED] - Modify property of object successfully

2018-05-16 18:46:51 - [TEST_STEP][PASSED] - Statement - batchqty = com.kms.katalon.core.webui.keyword.WebUiBuiltInKeywords.getAttribute(batch, "value").trim(): Attribute 'value' of object '' is: '4000'

2018-05-16 18:46:51 - [MESSAGE][PASSED] - Attribute 'value' of object '' is: '4000'

2018-05-16 18:46:51 - [TEST_STEP][PASSED] - Statement - Rqty = 10000: null

2018-05-16 18:46:51 - [TEST_STEP][PASSED] - delay: Delayed 2 second(s)

2018-05-16 18:46:53 - [MESSAGE][PASSED] - Delayed 2 second(s)

2018-05-16 18:46:53 - [TEST_STEP][PASSED] - Statement - out.println("BatchQty : " + batchqty): null

2018-05-16 18:46:53 - [TEST_STEP][PASSED] - Statement - out.println("RQty : " + Rqty): null

2018-05-16 18:46:53 - [TEST_STEP][PASSED] - Statement - If (java.lang.Integer.valueOf(batchqty) >= java.lang.Integer.valueOf(Rqty)): null

2018-05-16 18:46:53 - [TEST_STEP][PASSED] - Statement - Else: null

2018-05-16 18:46:53 - [TEST_STEP][PASSED] - Statement - out.println("Batchqty Is Less Than Rqty"): null

2018-05-16 18:46:53 - [TEST_STEP][PASSED] - Statement - product = new com.kms.katalon.core.testobject.TestObject(): null

2018-05-16 18:46:53 - [TEST_STEP][PASSED] - Statement - product = com.kms.katalon.core.webui.keyword.WebUiBuiltInKeywords.modifyObjectProperty(product, "xpath", "equals", "//*[@id = "fldvendor" + row + ""]", true): Modify property of object successfully

2018-05-16 18:46:53 - [MESSAGE][PASSED] - Modify property of object successfully

2018-05-16 18:46:53 - [TEST_STEP][PASSED] - selectOptionByIndex: All options with index in [2] are selected on object ''

2018-05-16 18:46:53 - [MESSAGE][PASSED] - All options with index in [2] are selected on object ''

2018-05-16 18:46:53 - [TEST_STEP][PASSED] - Statement - batch = new com.kms.katalon.core.testobject.TestObject(): null

2018-05-16 18:46:53 - [TEST_STEP][PASSED] - Statement - batch = com.kms.katalon.core.webui.keyword.WebUiBuiltInKeywords.modifyObjectProperty(batch, "xpath", "equals", "//*[@id = "txtbthqty" + row + ""]", true): Modify property of object successfully

2018-05-16 18:46:53 - [MESSAGE][PASSED] - Modify property of object successfully

2018-05-16 18:46:53 - [TEST_STEP][PASSED] - Statement - batchqty = com.kms.katalon.core.webui.keyword.WebUiBuiltInKeywords.getAttribute(batch, "value").trim(): Attribute 'value' of object '' is: '5000'

2018-05-16 18:46:53 - [MESSAGE][PASSED] - Attribute 'value' of object '' is: '5000'

2018-05-16 18:46:53 - [TEST_STEP][PASSED] - Statement - Rqty = 10000: null

2018-05-16 18:46:53 - [TEST_STEP][PASSED] - delay: Delayed 2 second(s)

2018-05-16 18:46:55 - [MESSAGE][PASSED] - Delayed 2 second(s)

2018-05-16 18:46:55 - [TEST_STEP][PASSED] - Statement - out.println("BatchQty : " + batchqty): null

2018-05-16 18:46:55 - [TEST_STEP][PASSED] - Statement - out.println("RQty : " + Rqty): null

2018-05-16 18:46:55 - [TEST_STEP][PASSED] - Statement - If (java.lang.Integer.valueOf(batchqty) >= java.lang.Integer.valueOf(Rqty)): null

2018-05-16 18:46:55 - [TEST_STEP][PASSED] - Statement - Else: null

2018-05-16 18:46:55 - [TEST_STEP][PASSED] - Statement - out.println("Batchqty Is Less Than Rqty"): null

2018-05-16 18:46:55 - [TEST_STEP][PASSED] - Statement - product = new com.kms.katalon.core.testobject.TestObject(): null

2018-05-16 18:46:55 - [TEST_STEP][PASSED] - Statement - product = com.kms.katalon.core.webui.keyword.WebUiBuiltInKeywords.modifyObjectProperty(product, "xpath", "equals", "//*[@id = "fldvendor" + row + ""]", true): Modify property of object successfully

2018-05-16 18:46:55 - [MESSAGE][PASSED] - Modify property of object successfully

2018-05-16 18:46:55 - [TEST_STEP][PASSED] - selectOptionByIndex: All options with index in [3] are selected on object ''

2018-05-16 18:46:55 - [MESSAGE][PASSED] - All options with index in [3] are selected on object ''

2018-05-16 18:46:55 - [TEST_STEP][PASSED] - Statement - batch = new com.kms.katalon.core.testobject.TestObject(): null

2018-05-16 18:46:55 - [TEST_STEP][PASSED] - Statement - batch = com.kms.katalon.core.webui.keyword.WebUiBuiltInKeywords.modifyObjectProperty(batch, "xpath", "equals", "//*[@id = "txtbthqty" + row + ""]", true): Modify property of object successfully

2018-05-16 18:46:55 - [MESSAGE][PASSED] - Modify property of object successfully

2018-05-16 18:46:55 - [TEST_STEP][PASSED] - Statement - batchqty = com.kms.katalon.core.webui.keyword.WebUiBuiltInKeywords.getAttribute(batch, "value").trim(): Attribute 'value' of object '' is: '5000'

2018-05-16 18:46:55 - [MESSAGE][PASSED] - Attribute 'value' of object '' is: '5000'

2018-05-16 18:46:55 - [TEST_STEP][PASSED] - Statement - Rqty = 10000: null

2018-05-16 18:46:55 - [TEST_STEP][PASSED] - delay: Delayed 2 second(s)

2018-05-16 18:46:57 - [MESSAGE][PASSED] - Delayed 2 second(s)

2018-05-16 18:46:57 - [TEST_STEP][PASSED] - Statement - out.println("BatchQty : " + batchqty): null

2018-05-16 18:46:57 - [TEST_STEP][PASSED] - Statement - out.println("RQty : " + Rqty): null

2018-05-16 18:46:57 - [TEST_STEP][PASSED] - Statement - If (java.lang.Integer.valueOf(batchqty) >= java.lang.Integer.valueOf(Rqty)): null

2018-05-16 18:46:57 - [TEST_STEP][PASSED] - Statement - Else: null

2018-05-16 18:46:57 - [TEST_STEP][PASSED] - Statement - out.println("Batchqty Is Less Than Rqty"): null

2018-05-16 18:46:57 - [TEST_STEP][PASSED] - Statement - product = new com.kms.katalon.core.testobject.TestObject(): null

2018-05-16 18:46:57 - [TEST_STEP][PASSED] - Statement - product = com.kms.katalon.core.webui.keyword.WebUiBuiltInKeywords.modifyObjectProperty(product, "xpath", "equals", "//*[@id = "fldvendor" + row + ""]", true): Modify property of object successfully

2018-05-16 18:46:57 - [MESSAGE][PASSED] - Modify property of object successfully

2018-05-16 18:46:57 - [TEST_STEP][PASSED] - selectOptionByIndex: All options with index in [4] are selected on object ''

2018-05-16 18:46:58 - [MESSAGE][PASSED] - All options with index in [4] are selected on object ''

2018-05-16 18:46:58 - [TEST_STEP][PASSED] - Statement - batch = new com.kms.katalon.core.testobject.TestObject(): null

2018-05-16 18:46:58 - [TEST_STEP][PASSED] - Statement - batch = com.kms.katalon.core.webui.keyword.WebUiBuiltInKeywords.modifyObjectProperty(batch, "xpath", "equals", "//*[@id = "txtbthqty" + row + ""]", true): Modify property of object successfully

2018-05-16 18:46:58 - [MESSAGE][PASSED] - Modify property of object successfully

2018-05-16 18:46:58 - [TEST_STEP][PASSED] - Statement - batchqty = com.kms.katalon.core.webui.keyword.WebUiBuiltInKeywords.getAttribute(batch, "value").trim(): Attribute 'value' of object '' is: '39800'

2018-05-16 18:46:58 - [MESSAGE][PASSED] - Attribute 'value' of object '' is: '39800'

2018-05-16 18:46:58 - [TEST_STEP][PASSED] - Statement - Rqty = 10000: null

2018-05-16 18:46:58 - [TEST_STEP][PASSED] - delay: Delayed 2 second(s)

2018-05-16 18:47:00 - [MESSAGE][PASSED] - Delayed 2 second(s)

2018-05-16 18:47:00 - [TEST_STEP][PASSED] - Statement - out.println("BatchQty : " + batchqty): null

2018-05-16 18:47:00 - [TEST_STEP][PASSED] - Statement - out.println("RQty : " + Rqty): null

2018-05-16 18:47:00 - [TEST_STEP][PASSED] - Statement - If (java.lang.Integer.valueOf(batchqty) >= java.lang.Integer.valueOf(Rqty)): null

2018-05-16 18:47:00 - [TEST_STEP][PASSED] - Statement - Break: null

2018-05-16 18:47:00 - [TEST_STEP][PASSED] - Statement - batchlength = new com.kms.katalon.core.testobject.TestObject(): null

2018-05-16 18:47:00 - [TEST_STEP][PASSED] - Statement - batchlength = com.kms.katalon.core.webui.keyword.WebUiBuiltInKeywords.modifyObjectProperty(batchlength, "xpath", "equals", "//*[@id = "fldvendor" + row + ""]", true): Modify property of object successfully

2018-05-16 18:47:00 - [MESSAGE][PASSED] - Modify property of object successfully

2018-05-16 18:47:00 - [TEST_STEP][PASSED] - Statement - batchsize = com.kms.katalon.core.webui.keyword.WebUiBuiltInKeywords.getNumberOfTotalOption(batchlength): 5 options of object '' counted

2018-05-16 18:47:00 - [MESSAGE][PASSED] - 5 options of object '' counted

2018-05-16 18:47:00 - [TEST_STEP][PASSED] - Statement - out.println("BatchSize : " + batchsize): null

2018-05-16 18:47:00 - [TEST_STEP][PASSED] - Statement - For ([n = 1, n <= batchsize - 1, (n++)]): null

2018-05-16 18:47:00 - [TEST_STEP][PASSED] - Statement - product = new com.kms.katalon.core.testobject.TestObject(): null

2018-05-16 18:47:00 - [TEST_STEP][PASSED] - Statement - product = com.kms.katalon.core.webui.keyword.WebUiBuiltInKeywords.modifyObjectProperty(product, "xpath", "equals", "//*[@id = "fldvendor" + row + ""]", true): Modify property of object successfully

2018-05-16 18:47:00 - [MESSAGE][PASSED] - Modify property of object successfully

2018-05-16 18:47:00 - [TEST_STEP][PASSED] - selectOptionByIndex: All options with index in [1] are selected on object ''

2018-05-16 18:47:00 - [MESSAGE][PASSED] - All options with index in [1] are selected on object ''

2018-05-16 18:47:00 - [TEST_STEP][PASSED] - Statement - batch = new com.kms.katalon.core.testobject.TestObject(): null

2018-05-16 18:47:00 - [TEST_STEP][PASSED] - Statement - batch = com.kms.katalon.core.webui.keyword.WebUiBuiltInKeywords.modifyObjectProperty(batch, "xpath", "equals", "//*[@id = "txtbthqty" + row + ""]", true): Modify property of object successfully

2018-05-16 18:47:00 - [MESSAGE][PASSED] - Modify property of object successfully

2018-05-16 18:47:00 - [TEST_STEP][PASSED] - Statement - batchqty = com.kms.katalon.core.webui.keyword.WebUiBuiltInKeywords.getAttribute(batch, "value").trim(): Attribute 'value' of object '' is: '38800'

2018-05-16 18:47:00 - [MESSAGE][PASSED] - Attribute 'value' of object '' is: '38800'

2018-05-16 18:47:00 - [TEST_STEP][PASSED] - Statement - Rqty = 10000: null

2018-05-16 18:47:00 - [TEST_STEP][PASSED] - delay: Delayed 2 second(s)

2018-05-16 18:47:02 - [MESSAGE][PASSED] - Delayed 2 second(s)

2018-05-16 18:47:02 - [TEST_STEP][PASSED] - Statement - out.println("BatchQty : " + batchqty): null

2018-05-16 18:47:02 - [TEST_STEP][PASSED] - Statement - out.println("RQty : " + Rqty): null

2018-05-16 18:47:02 - [TEST_STEP][PASSED] - Statement - If (java.lang.Integer.valueOf(batchqty) >= java.lang.Integer.valueOf(Rqty)): null

2018-05-16 18:47:02 - [TEST_STEP][PASSED] - Statement - Break: null

2018-05-16 18:47:02 - [TEST_STEP][PASSED] - Statement - batchlength = new com.kms.katalon.core.testobject.TestObject(): null

2018-05-16 18:47:02 - [TEST_STEP][PASSED] - Statement - batchlength = com.kms.katalon.core.webui.keyword.WebUiBuiltInKeywords.modifyObjectProperty(batchlength, "xpath", "equals", "//*[@id = "fldvendor" + row + ""]", true): Modify property of object successfully

2018-05-16 18:47:02 - [MESSAGE][PASSED] - Modify property of object successfully

2018-05-16 18:47:02 - [TEST_STEP][PASSED] - Statement - batchsize = com.kms.katalon.core.webui.keyword.WebUiBuiltInKeywords.getNumberOfTotalOption(batchlength): 5 options of object '' counted

2018-05-16 18:47:02 - [MESSAGE][PASSED] - 5 options of object '' counted

2018-05-16 18:47:02 - [TEST_STEP][PASSED] - Statement - out.println("BatchSize : " + batchsize): null

2018-05-16 18:47:02 - [TEST_STEP][PASSED] - Statement - For ([n = 1, n <= batchsize - 1, (n++)]): null

2018-05-16 18:47:02 - [TEST_STEP][PASSED] - Statement - product = new com.kms.katalon.core.testobject.TestObject(): null

2018-05-16 18:47:02 - [TEST_STEP][PASSED] - Statement - product = com.kms.katalon.core.webui.keyword.WebUiBuiltInKeywords.modifyObjectProperty(product, "xpath", "equals", "//*[@id = "fldvendor" + row + ""]", true): Modify property of object successfully

2018-05-16 18:47:02 - [MESSAGE][PASSED] - Modify property of object successfully

2018-05-16 18:47:02 - [TEST_STEP][PASSED] - selectOptionByIndex: All options with index in [1] are selected on object ''

2018-05-16 18:47:02 - [MESSAGE][PASSED] - All options with index in [1] are selected on object ''

2018-05-16 18:47:02 - [TEST_STEP][PASSED] - Statement - batch = new com.kms.katalon.core.testobject.TestObject(): null

2018-05-16 18:47:02 - [TEST_STEP][PASSED] - Statement - batch = com.kms.katalon.core.webui.keyword.WebUiBuiltInKeywords.modifyObjectProperty(batch, "xpath", "equals", "//*[@id = "txtbthqty" + row + ""]", true): Modify property of object successfully

2018-05-16 18:47:02 - [MESSAGE][PASSED] - Modify property of object successfully

2018-05-16 18:47:02 - [TEST_STEP][PASSED] - Statement - batchqty = com.kms.katalon.core.webui.keyword.WebUiBuiltInKeywords.getAttribute(batch, "value").trim(): Attribute 'value' of object '' is: '5000'

2018-05-16 18:47:02 - [MESSAGE][PASSED] - Attribute 'value' of object '' is: '5000'

2018-05-16 18:47:02 - [TEST_STEP][PASSED] - Statement - Rqty = 10000: null

2018-05-16 18:47:02 - [TEST_STEP][PASSED] - delay: Delayed 2 second(s)

2018-05-16 18:47:04 - [MESSAGE][PASSED] - Delayed 2 second(s)

2018-05-16 18:47:04 - [TEST_STEP][PASSED] - Statement - out.println("BatchQty : " + batchqty): null

2018-05-16 18:47:04 - [TEST_STEP][PASSED] - Statement - out.println("RQty : " + Rqty): null

2018-05-16 18:47:04 - [TEST_STEP][PASSED] - Statement - If (java.lang.Integer.valueOf(batchqty) >= java.lang.Integer.valueOf(Rqty)): null

2018-05-16 18:47:04 - [TEST_STEP][PASSED] - Statement - Else: null

2018-05-16 18:47:04 - [TEST_STEP][PASSED] - Statement - out.println("Batchqty Is Less Than Rqty"): null

2018-05-16 18:47:04 - [TEST_STEP][PASSED] - Statement - product = new com.kms.katalon.core.testobject.TestObject(): null

2018-05-16 18:47:04 - [TEST_STEP][PASSED] - Statement - product = com.kms.katalon.core.webui.keyword.WebUiBuiltInKeywords.modifyObjectProperty(product, "xpath", "equals", "//*[@id = "fldvendor" + row + ""]", true): Modify property of object successfully

2018-05-16 18:47:04 - [MESSAGE][PASSED] - Modify property of object successfully

2018-05-16 18:47:04 - [TEST_STEP][PASSED] - selectOptionByIndex: All options with index in [2] are selected on object ''

2018-05-16 18:47:04 - [MESSAGE][PASSED] - All options with index in [2] are selected on object ''

2018-05-16 18:47:04 - [TEST_STEP][PASSED] - Statement - batch = new com.kms.katalon.core.testobject.TestObject(): null

2018-05-16 18:47:04 - [TEST_STEP][PASSED] - Statement - batch = com.kms.katalon.core.webui.keyword.WebUiBuiltInKeywords.modifyObjectProperty(batch, "xpath", "equals", "//*[@id = "txtbthqty" + row + ""]", true): Modify property of object successfully

2018-05-16 18:47:04 - [MESSAGE][PASSED] - Modify property of object successfully

2018-05-16 18:47:04 - [TEST_STEP][PASSED] - Statement - batchqty = com.kms.katalon.core.webui.keyword.WebUiBuiltInKeywords.getAttribute(batch, "value").trim(): Attribute 'value' of object '' is: '4000'

2018-05-16 18:47:04 - [MESSAGE][PASSED] - Attribute 'value' of object '' is: '4000'

2018-05-16 18:47:04 - [TEST_STEP][PASSED] - Statement - Rqty = 10000: null

2018-05-16 18:47:04 - [TEST_STEP][PASSED] - delay: Delayed 2 second(s)

2018-05-16 18:47:06 - [MESSAGE][PASSED] - Delayed 2 second(s)

2018-05-16 18:47:06 - [TEST_STEP][PASSED] - Statement - out.println("BatchQty : " + batchqty): null

2018-05-16 18:47:06 - [TEST_STEP][PASSED] - Statement - out.println("RQty : " + Rqty): null

2018-05-16 18:47:06 - [TEST_STEP][PASSED] - Statement - If (java.lang.Integer.valueOf(batchqty) >= java.lang.Integer.valueOf(Rqty)): null

2018-05-16 18:47:06 - [TEST_STEP][PASSED] - Statement - Else: null

2018-05-16 18:47:06 - [TEST_STEP][PASSED] - Statement - out.println("Batchqty Is Less Than Rqty"): null

2018-05-16 18:47:06 - [TEST_STEP][PASSED] - Statement - product = new com.kms.katalon.core.testobject.TestObject(): null

2018-05-16 18:47:06 - [TEST_STEP][PASSED] - Statement - product = com.kms.katalon.core.webui.keyword.WebUiBuiltInKeywords.modifyObjectProperty(product, "xpath", "equals", "//*[@id = "fldvendor" + row + ""]", true): Modify property of object successfully

2018-05-16 18:47:06 - [MESSAGE][PASSED] - Modify property of object successfully

2018-05-16 18:47:06 - [TEST_STEP][PASSED] - selectOptionByIndex: All options with index in [3] are selected on object ''

2018-05-16 18:47:07 - [MESSAGE][PASSED] - All options with index in [3] are selected on object ''

2018-05-16 18:47:07 - [TEST_STEP][PASSED] - Statement - batch = new com.kms.katalon.core.testobject.TestObject(): null

2018-05-16 18:47:07 - [TEST_STEP][PASSED] - Statement - batch = com.kms.katalon.core.webui.keyword.WebUiBuiltInKeywords.modifyObjectProperty(batch, "xpath", "equals", "//*[@id = "txtbthqty" + row + ""]", true): Modify property of object successfully

2018-05-16 18:47:07 - [MESSAGE][PASSED] - Modify property of object successfully

2018-05-16 18:47:07 - [TEST_STEP][PASSED] - Statement - batchqty = com.kms.katalon.core.webui.keyword.WebUiBuiltInKeywords.getAttribute(batch, "value").trim(): Attribute 'value' of object '' is: '39800'

2018-05-16 18:47:07 - [MESSAGE][PASSED] - Attribute 'value' of object '' is: '39800'

2018-05-16 18:47:07 - [TEST_STEP][PASSED] - Statement - Rqty = 10000: null

2018-05-16 18:47:07 - [TEST_STEP][PASSED] - delay: Delayed 2 second(s)

2018-05-16 18:47:09 - [MESSAGE][PASSED] - Delayed 2 second(s)

2018-05-16 18:47:09 - [TEST_STEP][PASSED] - Statement - out.println("BatchQty : " + batchqty): null

2018-05-16 18:47:09 - [TEST_STEP][PASSED] - Statement - out.println("RQty : " + Rqty): null

2018-05-16 18:47:09 - [TEST_STEP][PASSED] - Statement - If (java.lang.Integer.valueOf(batchqty) >= java.lang.Integer.valueOf(Rqty)): null

2018-05-16 18:47:09 - [TEST_STEP][PASSED] - Statement - Break: null

2018-05-16 18:47:09 - [TEST_STEP][PASSED] - Statement - batchlength = new com.kms.katalon.core.testobject.TestObject(): null

2018-05-16 18:47:09 - [TEST_STEP][PASSED] - Statement - batchlength = com.kms.katalon.core.webui.keyword.WebUiBuiltInKeywords.modifyObjectProperty(batchlength, "xpath", "equals", "//*[@id = "fldvendor" + row + ""]", true): Modify property of object successfully

2018-05-16 18:47:09 - [MESSAGE][PASSED] - Modify property of object successfully

2018-05-16 18:47:09 - [TEST_STEP][PASSED] - Statement - batchsize = com.kms.katalon.core.webui.keyword.WebUiBuiltInKeywords.getNumberOfTotalOption(batchlength): 5 options of object '' counted

2018-05-16 18:47:09 - [MESSAGE][PASSED] - 5 options of object '' counted

2018-05-16 18:47:09 - [TEST_STEP][PASSED] - Statement - out.println("BatchSize : " + batchsize): null

2018-05-16 18:47:09 - [TEST_STEP][PASSED] - Statement - For ([n = 1, n <= batchsize - 1, (n++)]): null

2018-05-16 18:47:09 - [TEST_STEP][PASSED] - Statement - product = new com.kms.katalon.core.testobject.TestObject(): null

2018-05-16 18:47:09 - [TEST_STEP][PASSED] - Statement - product = com.kms.katalon.core.webui.keyword.WebUiBuiltInKeywords.modifyObjectProperty(product, "xpath", "equals", "//*[@id = "fldvendor" + row + ""]", true): Modify property of object successfully

2018-05-16 18:47:09 - [MESSAGE][PASSED] - Modify property of object successfully

2018-05-16 18:47:09 - [TEST_STEP][PASSED] - selectOptionByIndex: All options with index in [1] are selected on object ''

2018-05-16 18:47:09 - [MESSAGE][PASSED] - All options with index in [1] are selected on object ''

2018-05-16 18:47:09 - [TEST_STEP][PASSED] - Statement - batch = new com.kms.katalon.core.testobject.TestObject(): null

2018-05-16 18:47:09 - [TEST_STEP][PASSED] - Statement - batch = com.kms.katalon.core.webui.keyword.WebUiBuiltInKeywords.modifyObjectProperty(batch, "xpath", "equals", "//*[@id = "txtbthqty" + row + ""]", true): Modify property of object successfully

2018-05-16 18:47:09 - [MESSAGE][PASSED] - Modify property of object successfully

2018-05-16 18:47:09 - [TEST_STEP][PASSED] - Statement - batchqty = com.kms.katalon.core.webui.keyword.WebUiBuiltInKeywords.getAttribute(batch, "value").trim(): Attribute 'value' of object '' is: '38800'

2018-05-16 18:47:09 - [MESSAGE][PASSED] - Attribute 'value' of object '' is: '38800'

2018-05-16 18:47:09 - [TEST_STEP][PASSED] - Statement - Rqty = 10000: null

2018-05-16 18:47:09 - [TEST_STEP][PASSED] - delay: Delayed 2 second(s)

2018-05-16 18:47:11 - [MESSAGE][PASSED] - Delayed 2 second(s)

2018-05-16 18:47:11 - [TEST_STEP][PASSED] - Statement - out.println("BatchQty : " + batchqty): null

2018-05-16 18:47:11 - [TEST_STEP][PASSED] - Statement - out.println("RQty : " + Rqty): null

2018-05-16 18:47:11 - [TEST_STEP][PASSED] - Statement - If (java.lang.Integer.valueOf(batchqty) >= java.lang.Integer.valueOf(Rqty)): null

2018-05-16 18:47:11 - [TEST_STEP][PASSED] - Statement - Break: null

2018-05-16 18:47:11 - [TEST_STEP][PASSED] - Statement - batchlength = new com.kms.katalon.core.testobject.TestObject(): null

2018-05-16 18:47:11 - [TEST_STEP][PASSED] - Statement - batchlength = com.kms.katalon.core.webui.keyword.WebUiBuiltInKeywords.modifyObjectProperty(batchlength, "xpath", "equals", "//*[@id = "fldvendor" + row + ""]", true): Modify property of object successfully

2018-05-16 18:47:11 - [MESSAGE][PASSED] - Modify property of object successfully

2018-05-16 18:47:11 - [TEST_STEP][PASSED] - Statement - batchsize = com.kms.katalon.core.webui.keyword.WebUiBuiltInKeywords.getNumberOfTotalOption(batchlength): 5 options of object '' counted

2018-05-16 18:47:11 - [MESSAGE][PASSED] - 5 options of object '' counted

2018-05-16 18:47:11 - [TEST_STEP][PASSED] - Statement - out.println("BatchSize : " + batchsize): null

2018-05-16 18:47:11 - [TEST_STEP][PASSED] - Statement - For ([n = 1, n <= batchsize - 1, (n++)]): null

2018-05-16 18:47:11 - [TEST_STEP][PASSED] - Statement - product = new com.kms.katalon.core.testobject.TestObject(): null

2018-05-16 18:47:11 - [TEST_STEP][PASSED] - Statement - product = com.kms.katalon.core.webui.keyword.WebUiBuiltInKeywords.modifyObjectProperty(product, "xpath", "equals", "//*[@id = "fldvendor" + row + ""]", true): Modify property of object successfully

2018-05-16 18:47:11 - [MESSAGE][PASSED] - Modify property of object successfully

2018-05-16 18:47:11 - [TEST_STEP][PASSED] - selectOptionByIndex: All options with index in [1] are selected on object ''

2018-05-16 18:47:11 - [MESSAGE][PASSED] - All options with index in [1] are selected on object ''

2018-05-16 18:47:11 - [TEST_STEP][PASSED] - Statement - batch = new com.kms.katalon.core.testobject.TestObject(): null

2018-05-16 18:47:11 - [TEST_STEP][PASSED] - Statement - batch = com.kms.katalon.core.webui.keyword.WebUiBuiltInKeywords.modifyObjectProperty(batch, "xpath", "equals", "//*[@id = "txtbthqty" + row + ""]", true): Modify property of object successfully

2018-05-16 18:47:11 - [MESSAGE][PASSED] - Modify property of object successfully

2018-05-16 18:47:11 - [TEST_STEP][PASSED] - Statement - batchqty = com.kms.katalon.core.webui.keyword.WebUiBuiltInKeywords.getAttribute(batch, "value").trim(): Attribute 'value' of object '' is: '38800'

2018-05-16 18:47:11 - [MESSAGE][PASSED] - Attribute 'value' of object '' is: '38800'

2018-05-16 18:47:11 - [TEST_STEP][PASSED] - Statement - Rqty = 10000: null

2018-05-16 18:47:11 - [TEST_STEP][PASSED] - delay: Delayed 2 second(s)

2018-05-16 18:47:13 - [MESSAGE][PASSED] - Delayed 2 second(s)

2018-05-16 18:47:13 - [TEST_STEP][PASSED] - Statement - out.println("BatchQty : " + batchqty): null

2018-05-16 18:47:13 - [TEST_STEP][PASSED] - Statement - out.println("RQty : " + Rqty): null

2018-05-16 18:47:13 - [TEST_STEP][PASSED] - Statement - If (java.lang.Integer.valueOf(batchqty) >= java.lang.Integer.valueOf(Rqty)): null

2018-05-16 18:47:13 - [TEST_STEP][PASSED] - Statement - Break: null

2018-05-16 18:47:13 - [TEST_STEP][PASSED] - Statement - batchlength = new com.kms.katalon.core.testobject.TestObject(): null

2018-05-16 18:47:13 - [TEST_STEP][PASSED] - Statement - batchlength = com.kms.katalon.core.webui.keyword.WebUiBuiltInKeywords.modifyObjectProperty(batchlength, "xpath", "equals", "//*[@id = "fldvendor" + row + ""]", true): Modify property of object successfully

2018-05-16 18:47:13 - [MESSAGE][PASSED] - Modify property of object successfully

2018-05-16 18:47:13 - [TEST_STEP][PASSED] - Statement - batchsize = com.kms.katalon.core.webui.keyword.WebUiBuiltInKeywords.getNumberOfTotalOption(batchlength): 5 options of object '' counted

2018-05-16 18:47:13 - [MESSAGE][PASSED] - 5 options of object '' counted

2018-05-16 18:47:13 - [TEST_STEP][PASSED] - Statement - out.println("BatchSize : " + batchsize): null

2018-05-16 18:47:13 - [TEST_STEP][PASSED] - Statement - For ([n = 1, n <= batchsize - 1, (n++)]): null

2018-05-16 18:47:13 - [TEST_STEP][PASSED] - Statement - product = new com.kms.katalon.core.testobject.TestObject(): null

2018-05-16 18:47:13 - [TEST_STEP][PASSED] - Statement - product = com.kms.katalon.core.webui.keyword.WebUiBuiltInKeywords.modifyObjectProperty(product, "xpath", "equals", "//*[@id = "fldvendor" + row + ""]", true): Modify property of object successfully

2018-05-16 18:47:13 - [MESSAGE][PASSED] - Modify property of object successfully

2018-05-16 18:47:13 - [TEST_STEP][PASSED] - selectOptionByIndex: All options with index in [1] are selected on object ''

2018-05-16 18:47:13 - [MESSAGE][PASSED] - All options with index in [1] are selected on object ''

2018-05-16 18:47:13 - [TEST_STEP][PASSED] - Statement - batch = new com.kms.katalon.core.testobject.TestObject(): null

2018-05-16 18:47:13 - [TEST_STEP][PASSED] - Statement - batch = com.kms.katalon.core.webui.keyword.WebUiBuiltInKeywords.modifyObjectProperty(batch, "xpath", "equals", "//*[@id = "txtbthqty" + row + ""]", true): Modify property of object successfully

2018-05-16 18:47:13 - [MESSAGE][PASSED] - Modify property of object successfully

2018-05-16 18:47:13 - [TEST_STEP][PASSED] - Statement - batchqty = com.kms.katalon.core.webui.keyword.WebUiBuiltInKeywords.getAttribute(batch, "value").trim(): Attribute 'value' of object '' is: '4000'

2018-05-16 18:47:13 - [MESSAGE][PASSED] - Attribute 'value' of object '' is: '4000'

2018-05-16 18:47:13 - [TEST_STEP][PASSED] - Statement - Rqty = 10000: null

2018-05-16 18:47:13 - [TEST_STEP][PASSED] - delay: Delayed 2 second(s)

2018-05-16 18:47:15 - [MESSAGE][PASSED] - Delayed 2 second(s)

2018-05-16 18:47:15 - [TEST_STEP][PASSED] - Statement - out.println("BatchQty : " + batchqty): null

2018-05-16 18:47:15 - [TEST_STEP][PASSED] - Statement - out.println("RQty : " + Rqty): null

2018-05-16 18:47:15 - [TEST_STEP][PASSED] - Statement - If (java.lang.Integer.valueOf(batchqty) >= java.lang.Integer.valueOf(Rqty)): null

2018-05-16 18:47:15 - [TEST_STEP][PASSED] - Statement - Else: null

2018-05-16 18:47:15 - [TEST_STEP][PASSED] - Statement - out.println("Batchqty Is Less Than Rqty"): null

2018-05-16 18:47:15 - [TEST_STEP][PASSED] - Statement - product = new com.kms.katalon.core.testobject.TestObject(): null

2018-05-16 18:47:15 - [TEST_STEP][PASSED] - Statement - product = com.kms.katalon.core.webui.keyword.WebUiBuiltInKeywords.modifyObjectProperty(product, "xpath", "equals", "//*[@id = "fldvendor" + row + ""]", true): Modify property of object successfully

2018-05-16 18:47:15 - [MESSAGE][PASSED] - Modify property of object successfully

2018-05-16 18:47:15 - [TEST_STEP][PASSED] - selectOptionByIndex: All options with index in [2] are selected on object ''

2018-05-16 18:47:16 - [MESSAGE][PASSED] - All options with index in [2] are selected on object ''

2018-05-16 18:47:16 - [TEST_STEP][PASSED] - Statement - batch = new com.kms.katalon.core.testobject.TestObject(): null

2018-05-16 18:47:16 - [TEST_STEP][PASSED] - Statement - batch = com.kms.katalon.core.webui.keyword.WebUiBuiltInKeywords.modifyObjectProperty(batch, "xpath", "equals", "//*[@id = "txtbthqty" + row + ""]", true): Modify property of object successfully

2018-05-16 18:47:16 - [MESSAGE][PASSED] - Modify property of object successfully

2018-05-16 18:47:16 - [TEST_STEP][PASSED] - Statement - batchqty = com.kms.katalon.core.webui.keyword.WebUiBuiltInKeywords.getAttribute(batch, "value").trim(): Attribute 'value' of object '' is: '39800'

2018-05-16 18:47:16 - [MESSAGE][PASSED] - Attribute 'value' of object '' is: '39800'

2018-05-16 18:47:16 - [TEST_STEP][PASSED] - Statement - Rqty = 10000: null

2018-05-16 18:47:16 - [TEST_STEP][PASSED] - delay: Delayed 2 second(s)

2018-05-16 18:47:18 - [MESSAGE][PASSED] - Delayed 2 second(s)

2018-05-16 18:47:18 - [TEST_STEP][PASSED] - Statement - out.println("BatchQty : " + batchqty): null

2018-05-16 18:47:18 - [TEST_STEP][PASSED] - Statement - out.println("RQty : " + Rqty): null

2018-05-16 18:47:18 - [TEST_STEP][PASSED] - Statement - If (java.lang.Integer.valueOf(batchqty) >= java.lang.Integer.valueOf(Rqty)): null

2018-05-16 18:47:18 - [TEST_STEP][PASSED] - Statement - Break: null

2018-05-16 18:47:18 - [TEST_STEP][PASSED] - Statement - batchlength = new com.kms.katalon.core.testobject.TestObject(): null

2018-05-16 18:47:18 - [TEST_STEP][PASSED] - Statement - batchlength = com.kms.katalon.core.webui.keyword.WebUiBuiltInKeywords.modifyObjectProperty(batchlength, "xpath", "equals", "//*[@id = "fldvendor" + row + ""]", true): Modify property of object successfully

2018-05-16 18:47:18 - [MESSAGE][PASSED] - Modify property of object successfully

2018-05-16 18:47:18 - [TEST_STEP][PASSED] - Statement - batchsize = com.kms.katalon.core.webui.keyword.WebUiBuiltInKeywords.getNumberOfTotalOption(batchlength): 5 options of object '' counted

2018-05-16 18:47:18 - [MESSAGE][PASSED] - 5 options of object '' counted

2018-05-16 18:47:18 - [TEST_STEP][PASSED] - Statement - out.println("BatchSize : " + batchsize): null

2018-05-16 18:47:18 - [TEST_STEP][PASSED] - Statement - For ([n = 1, n <= batchsize - 1, (n++)]): null

2018-05-16 18:47:18 - [TEST_STEP][PASSED] - Statement - product = new com.kms.katalon.core.testobject.TestObject(): null

2018-05-16 18:47:18 - [TEST_STEP][PASSED] - Statement - product = com.kms.katalon.core.webui.keyword.WebUiBuiltInKeywords.modifyObjectProperty(product, "xpath", "equals", "//*[@id = "fldvendor" + row + ""]", true): Modify property of object successfully

2018-05-16 18:47:18 - [MESSAGE][PASSED] - Modify property of object successfully

2018-05-16 18:47:18 - [TEST_STEP][PASSED] - selectOptionByIndex: All options with index in [1] are selected on object ''

2018-05-16 18:47:18 - [MESSAGE][PASSED] - All options with index in [1] are selected on object ''

2018-05-16 18:47:18 - [TEST_STEP][PASSED] - Statement - batch = new com.kms.katalon.core.testobject.TestObject(): null

2018-05-16 18:47:18 - [TEST_STEP][PASSED] - Statement - batch = com.kms.katalon.core.webui.keyword.WebUiBuiltInKeywords.modifyObjectProperty(batch, "xpath", "equals", "//*[@id = "txtbthqty" + row + ""]", true): Modify property of object successfully

2018-05-16 18:47:18 - [MESSAGE][PASSED] - Modify property of object successfully

2018-05-16 18:47:18 - [TEST_STEP][PASSED] - Statement - batchqty = com.kms.katalon.core.webui.keyword.WebUiBuiltInKeywords.getAttribute(batch, "value").trim(): Attribute 'value' of object '' is: '4000'

2018-05-16 18:47:18 - [MESSAGE][PASSED] - Attribute 'value' of object '' is: '4000'

2018-05-16 18:47:18 - [TEST_STEP][PASSED] - Statement - Rqty = 10000: null

2018-05-16 18:47:18 - [TEST_STEP][PASSED] - delay: Delayed 2 second(s)

2018-05-16 18:47:20 - [MESSAGE][PASSED] - Delayed 2 second(s)

2018-05-16 18:47:20 - [TEST_STEP][PASSED] - Statement - out.println("BatchQty : " + batchqty): null

2018-05-16 18:47:20 - [TEST_STEP][PASSED] - Statement - out.println("RQty : " + Rqty): null

2018-05-16 18:47:20 - [TEST_STEP][PASSED] - Statement - If (java.lang.Integer.valueOf(batchqty) >= java.lang.Integer.valueOf(Rqty)): null

2018-05-16 18:47:20 - [TEST_STEP][PASSED] - Statement - Else: null

2018-05-16 18:47:20 - [TEST_STEP][PASSED] - Statement - out.println("Batchqty Is Less Than Rqty"): null

2018-05-16 18:47:20 - [TEST_STEP][PASSED] - Statement - product = new com.kms.katalon.core.testobject.TestObject(): null

2018-05-16 18:47:20 - [TEST_STEP][PASSED] - Statement - product = com.kms.katalon.core.webui.keyword.WebUiBuiltInKeywords.modifyObjectProperty(product, "xpath", "equals", "//*[@id = "fldvendor" + row + ""]", true): Modify property of object successfully

2018-05-16 18:47:20 - [MESSAGE][PASSED] - Modify property of object successfully

2018-05-16 18:47:20 - [TEST_STEP][PASSED] - selectOptionByIndex: All options with index in [2] are selected on object ''

2018-05-16 18:47:20 - [MESSAGE][PASSED] - All options with index in [2] are selected on object ''

2018-05-16 18:47:20 - [TEST_STEP][PASSED] - Statement - batch = new com.kms.katalon.core.testobject.TestObject(): null

2018-05-16 18:47:20 - [TEST_STEP][PASSED] - Statement - batch = com.kms.katalon.core.webui.keyword.WebUiBuiltInKeywords.modifyObjectProperty(batch, "xpath", "equals", "//*[@id = "txtbthqty" + row + ""]", true): Modify property of object successfully

2018-05-16 18:47:20 - [MESSAGE][PASSED] - Modify property of object successfully

2018-05-16 18:47:20 - [TEST_STEP][PASSED] - Statement - batchqty = com.kms.katalon.core.webui.keyword.WebUiBuiltInKeywords.getAttribute(batch, "value").trim(): Attribute 'value' of object '' is: '39800'

2018-05-16 18:47:20 - [MESSAGE][PASSED] - Attribute 'value' of object '' is: '39800'

2018-05-16 18:47:20 - [TEST_STEP][PASSED] - Statement - Rqty = 10000: null

2018-05-16 18:47:20 - [TEST_STEP][PASSED] - delay: Delayed 2 second(s)

2018-05-16 18:47:22 - [MESSAGE][PASSED] - Delayed 2 second(s)

2018-05-16 18:47:22 - [TEST_STEP][PASSED] - Statement - out.println("BatchQty : " + batchqty): null

2018-05-16 18:47:22 - [TEST_STEP][PASSED] - Statement - out.println("RQty : " + Rqty): null

2018-05-16 18:47:22 - [TEST_STEP][PASSED] - Statement - If (java.lang.Integer.valueOf(batchqty) >= java.lang.Integer.valueOf(Rqty)): null

2018-05-16 18:47:22 - [TEST_STEP][PASSED] - Statement - Break: null

2018-05-16 18:47:22 - [TEST_STEP][PASSED] - Statement - batchlength = new com.kms.katalon.core.testobject.TestObject(): null

2018-05-16 18:47:22 - [TEST_STEP][PASSED] - Statement - batchlength = com.kms.katalon.core.webui.keyword.WebUiBuiltInKeywords.modifyObjectProperty(batchlength, "xpath", "equals", "//*[@id = "fldvendor" + row + ""]", true): Modify property of object successfully

2018-05-16 18:47:22 - [MESSAGE][PASSED] - Modify property of object successfully

2018-05-16 18:47:22 - [TEST_STEP][PASSED] - Statement - batchsize = com.kms.katalon.core.webui.keyword.WebUiBuiltInKeywords.getNumberOfTotalOption(batchlength): 5 options of object '' counted

2018-05-16 18:47:22 - [MESSAGE][PASSED] - 5 options of object '' counted

2018-05-16 18:47:22 - [TEST_STEP][PASSED] - Statement - out.println("BatchSize : " + batchsize): null

2018-05-16 18:47:22 - [TEST_STEP][PASSED] - Statement - For ([n = 1, n <= batchsize - 1, (n++)]): null

2018-05-16 18:47:22 - [TEST_STEP][PASSED] - Statement - product = new com.kms.katalon.core.testobject.TestObject(): null

2018-05-16 18:47:22 - [TEST_STEP][PASSED] - Statement - product = com.kms.katalon.core.webui.keyword.WebUiBuiltInKeywords.modifyObjectProperty(product, "xpath", "equals", "//*[@id = "fldvendor" + row + ""]", true): Modify property of object successfully

2018-05-16 18:47:22 - [MESSAGE][PASSED] - Modify property of object successfully

2018-05-16 18:47:22 - [TEST_STEP][PASSED] - selectOptionByIndex: All options with index in [1] are selected on object ''

2018-05-16 18:47:22 - [MESSAGE][PASSED] - All options with index in [1] are selected on object ''

2018-05-16 18:47:22 - [TEST_STEP][PASSED] - Statement - batch = new com.kms.katalon.core.testobject.TestObject(): null

2018-05-16 18:47:22 - [TEST_STEP][PASSED] - Statement - batch = com.kms.katalon.core.webui.keyword.WebUiBuiltInKeywords.modifyObjectProperty(batch, "xpath", "equals", "//*[@id = "txtbthqty" + row + ""]", true): Modify property of object successfully

2018-05-16 18:47:22 - [MESSAGE][PASSED] - Modify property of object successfully

2018-05-16 18:47:22 - [TEST_STEP][PASSED] - Statement - batchqty = com.kms.katalon.core.webui.keyword.WebUiBuiltInKeywords.getAttribute(batch, "value").trim(): Attribute 'value' of object '' is: '5000'

2018-05-16 18:47:22 - [MESSAGE][PASSED] - Attribute 'value' of object '' is: '5000'

2018-05-16 18:47:22 - [TEST_STEP][PASSED] - Statement - Rqty = 10000: null

2018-05-16 18:47:22 - [TEST_STEP][PASSED] - delay: Delayed 2 second(s)

2018-05-16 18:47:24 - [MESSAGE][PASSED] - Delayed 2 second(s)

2018-05-16 18:47:24 - [TEST_STEP][PASSED] - Statement - out.println("BatchQty : " + batchqty): null

2018-05-16 18:47:24 - [TEST_STEP][PASSED] - Statement - out.println("RQty : " + Rqty): null

2018-05-16 18:47:24 - [TEST_STEP][PASSED] - Statement - If (java.lang.Integer.valueOf(batchqty) >= java.lang.Integer.valueOf(Rqty)): null

2018-05-16 18:47:24 - [TEST_STEP][PASSED] - Statement - Else: null

2018-05-16 18:47:24 - [TEST_STEP][PASSED] - Statement - out.println("Batchqty Is Less Than Rqty"): null

2018-05-16 18:47:24 - [TEST_STEP][PASSED] - Statement - product = new com.kms.katalon.core.testobject.TestObject(): null

2018-05-16 18:47:24 - [TEST_STEP][PASSED] - Statement - product = com.kms.katalon.core.webui.keyword.WebUiBuiltInKeywords.modifyObjectProperty(product, "xpath", "equals", "//*[@id = "fldvendor" + row + ""]", true): Modify property of object successfully

2018-05-16 18:47:24 - [MESSAGE][PASSED] - Modify property of object successfully

2018-05-16 18:47:24 - [TEST_STEP][PASSED] - selectOptionByIndex: All options with index in [2] are selected on object ''

2018-05-16 18:47:25 - [MESSAGE][PASSED] - All options with index in [2] are selected on object ''

2018-05-16 18:47:25 - [TEST_STEP][PASSED] - Statement - batch = new com.kms.katalon.core.testobject.TestObject(): null

2018-05-16 18:47:25 - [TEST_STEP][PASSED] - Statement - batch = com.kms.katalon.core.webui.keyword.WebUiBuiltInKeywords.modifyObjectProperty(batch, "xpath", "equals", "//*[@id = "txtbthqty" + row + ""]", true): Modify property of object successfully

2018-05-16 18:47:25 - [MESSAGE][PASSED] - Modify property of object successfully

2018-05-16 18:47:25 - [TEST_STEP][PASSED] - Statement - batchqty = com.kms.katalon.core.webui.keyword.WebUiBuiltInKeywords.getAttribute(batch, "value").trim(): Attribute 'value' of object '' is: '38800'

2018-05-16 18:47:25 - [MESSAGE][PASSED] - Attribute 'value' of object '' is: '38800'

2018-05-16 18:47:25 - [TEST_STEP][PASSED] - Statement - Rqty = 10000: null

2018-05-16 18:47:25 - [TEST_STEP][PASSED] - delay: Delayed 2 second(s)

2018-05-16 18:47:27 - [MESSAGE][PASSED] - Delayed 2 second(s)

2018-05-16 18:47:27 - [TEST_STEP][PASSED] - Statement - out.println("BatchQty : " + batchqty): null

2018-05-16 18:47:27 - [TEST_STEP][PASSED] - Statement - out.println("RQty : " + Rqty): null

2018-05-16 18:47:27 - [TEST_STEP][PASSED] - Statement - If (java.lang.Integer.valueOf(batchqty) >= java.lang.Integer.valueOf(Rqty)): null

2018-05-16 18:47:27 - [TEST_STEP][PASSED] - Statement - Break: null

2018-05-16 18:47:27 - [TEST_STEP][PASSED] - Statement - batchlength = new com.kms.katalon.core.testobject.TestObject(): null

2018-05-16 18:47:27 - [TEST_STEP][PASSED] - Statement - batchlength = com.kms.katalon.core.webui.keyword.WebUiBuiltInKeywords.modifyObjectProperty(batchlength, "xpath", "equals", "//*[@id = "fldvendor" + row + ""]", true): Modify property of object successfully

2018-05-16 18:47:27 - [MESSAGE][PASSED] - Modify property of object successfully

2018-05-16 18:47:27 - [TEST_STEP][PASSED] - Statement - batchsize = com.kms.katalon.core.webui.keyword.WebUiBuiltInKeywords.getNumberOfTotalOption(batchlength): 5 options of object '' counted

2018-05-16 18:47:27 - [MESSAGE][PASSED] - 5 options of object '' counted

2018-05-16 18:47:27 - [TEST_STEP][PASSED] - Statement - out.println("BatchSize : " + batchsize): null

2018-05-16 18:47:27 - [TEST_STEP][PASSED] - Statement - For ([n = 1, n <= batchsize - 1, (n++)]): null

2018-05-16 18:47:27 - [TEST_STEP][PASSED] - Statement - product = new com.kms.katalon.core.testobject.TestObject(): null

2018-05-16 18:47:27 - [TEST_STEP][PASSED] - Statement - product = com.kms.katalon.core.webui.keyword.WebUiBuiltInKeywords.modifyObjectProperty(product, "xpath", "equals", "//*[@id = "fldvendor" + row + ""]", true): Modify property of object successfully

2018-05-16 18:47:27 - [MESSAGE][PASSED] - Modify property of object successfully

2018-05-16 18:47:27 - [TEST_STEP][PASSED] - selectOptionByIndex: All options with index in [1] are selected on object ''

2018-05-16 18:47:27 - [MESSAGE][PASSED] - All options with index in [1] are selected on object ''

2018-05-16 18:47:27 - [TEST_STEP][PASSED] - Statement - batch = new com.kms.katalon.core.testobject.TestObject(): null

2018-05-16 18:47:27 - [TEST_STEP][PASSED] - Statement - batch = com.kms.katalon.core.webui.keyword.WebUiBuiltInKeywords.modifyObjectProperty(batch, "xpath", "equals", "//*[@id = "txtbthqty" + row + ""]", true): Modify property of object successfully

2018-05-16 18:47:27 - [MESSAGE][PASSED] - Modify property of object successfully

2018-05-16 18:47:27 - [TEST_STEP][PASSED] - Statement - batchqty = com.kms.katalon.core.webui.keyword.WebUiBuiltInKeywords.getAttribute(batch, "value").trim(): Attribute 'value' of object '' is: '38800'

2018-05-16 18:47:27 - [MESSAGE][PASSED] - Attribute 'value' of object '' is: '38800'

2018-05-16 18:47:27 - [TEST_STEP][PASSED] - Statement - Rqty = 10000: null

2018-05-16 18:47:27 - [TEST_STEP][PASSED] - delay: Delayed 2 second(s)

2018-05-16 18:47:29 - [MESSAGE][PASSED] - Delayed 2 second(s)

2018-05-16 18:47:29 - [TEST_STEP][PASSED] - Statement - out.println("BatchQty : " + batchqty): null

2018-05-16 18:47:29 - [TEST_STEP][PASSED] - Statement - out.println("RQty : " + Rqty): null

2018-05-16 18:47:29 - [TEST_STEP][PASSED] - Statement - If (java.lang.Integer.valueOf(batchqty) >= java.lang.Integer.valueOf(Rqty)): null

2018-05-16 18:47:29 - [TEST_STEP][PASSED] - Statement - Break: null

2018-05-16 18:47:29 - [TEST_STEP][PASSED] - Statement - batchlength = new com.kms.katalon.core.testobject.TestObject(): null

2018-05-16 18:47:29 - [TEST_STEP][PASSED] - Statement - batchlength = com.kms.katalon.core.webui.keyword.WebUiBuiltInKeywords.modifyObjectProperty(batchlength, "xpath", "equals", "//*[@id = "fldvendor" + row + ""]", true): Modify property of object successfully

2018-05-16 18:47:29 - [MESSAGE][PASSED] - Modify property of object successfully

2018-05-16 18:47:29 - [TEST_STEP][PASSED] - Statement - batchsize = com.kms.katalon.core.webui.keyword.WebUiBuiltInKeywords.getNumberOfTotalOption(batchlength): 5 options of object '' counted

2018-05-16 18:47:29 - [MESSAGE][PASSED] - 5 options of object '' counted

2018-05-16 18:47:29 - [TEST_STEP][PASSED] - Statement - out.println("BatchSize : " + batchsize): null

2018-05-16 18:47:29 - [TEST_STEP][PASSED] - Statement - For ([n = 1, n <= batchsize - 1, (n++)]): null

2018-05-16 18:47:29 - [TEST_STEP][PASSED] - Statement - product = new com.kms.katalon.core.testobject.TestObject(): null

2018-05-16 18:47:29 - [TEST_STEP][PASSED] - Statement - product = com.kms.katalon.core.webui.keyword.WebUiBuiltInKeywords.modifyObjectProperty(product, "xpath", "equals", "//*[@id = "fldvendor" + row + ""]", true): Modify property of object successfully

2018-05-16 18:47:29 - [MESSAGE][PASSED] - Modify property of object successfully

2018-05-16 18:47:29 - [TEST_STEP][PASSED] - selectOptionByIndex: All options with index in [1] are selected on object ''

2018-05-16 18:47:29 - [MESSAGE][PASSED] - All options with index in [1] are selected on object ''

2018-05-16 18:47:29 - [TEST_STEP][PASSED] - Statement - batch = new com.kms.katalon.core.testobject.TestObject(): null

2018-05-16 18:47:29 - [TEST_STEP][PASSED] - Statement - batch = com.kms.katalon.core.webui.keyword.WebUiBuiltInKeywords.modifyObjectProperty(batch, "xpath", "equals", "//*[@id = "txtbthqty" + row + ""]", true): Modify property of object successfully

2018-05-16 18:47:29 - [MESSAGE][PASSED] - Modify property of object successfully

2018-05-16 18:47:29 - [TEST_STEP][PASSED] - Statement - batchqty = com.kms.katalon.core.webui.keyword.WebUiBuiltInKeywords.getAttribute(batch, "value").trim(): Attribute 'value' of object '' is: '4000'

2018-05-16 18:47:29 - [MESSAGE][PASSED] - Attribute 'value' of object '' is: '4000'

2018-05-16 18:47:29 - [TEST_STEP][PASSED] - Statement - Rqty = 10000: null

2018-05-16 18:47:29 - [TEST_STEP][PASSED] - delay: Delayed 2 second(s)

2018-05-16 18:47:31 - [MESSAGE][PASSED] - Delayed 2 second(s)

2018-05-16 18:47:31 - [TEST_STEP][PASSED] - Statement - out.println("BatchQty : " + batchqty): null

2018-05-16 18:47:31 - [TEST_STEP][PASSED] - Statement - out.println("RQty : " + Rqty): null

2018-05-16 18:47:31 - [TEST_STEP][PASSED] - Statement - If (java.lang.Integer.valueOf(batchqty) >= java.lang.Integer.valueOf(Rqty)): null

2018-05-16 18:47:31 - [TEST_STEP][PASSED] - Statement - Else: null

2018-05-16 18:47:31 - [TEST_STEP][PASSED] - Statement - out.println("Batchqty Is Less Than Rqty"): null

2018-05-16 18:47:31 - [TEST_STEP][PASSED] - Statement - product = new com.kms.katalon.core.testobject.TestObject(): null

2018-05-16 18:47:31 - [TEST_STEP][PASSED] - Statement - product = com.kms.katalon.core.webui.keyword.WebUiBuiltInKeywords.modifyObjectProperty(product, "xpath", "equals", "//*[@id = "fldvendor" + row + ""]", true): Modify property of object successfully

2018-05-16 18:47:31 - [MESSAGE][PASSED] - Modify property of object successfully

2018-05-16 18:47:31 - [TEST_STEP][PASSED] - selectOptionByIndex: All options with index in [2] are selected on object ''

2018-05-16 18:47:31 - [MESSAGE][PASSED] - All options with index in [2] are selected on object ''

2018-05-16 18:47:31 - [TEST_STEP][PASSED] - Statement - batch = new com.kms.katalon.core.testobject.TestObject(): null

2018-05-16 18:47:31 - [TEST_STEP][PASSED] - Statement - batch = com.kms.katalon.core.webui.keyword.WebUiBuiltInKeywords.modifyObjectProperty(batch, "xpath", "equals", "//*[@id = "txtbthqty" + row + ""]", true): Modify property of object successfully

2018-05-16 18:47:31 - [MESSAGE][PASSED] - Modify property of object successfully

2018-05-16 18:47:31 - [TEST_STEP][PASSED] - Statement - batchqty = com.kms.katalon.core.webui.keyword.WebUiBuiltInKeywords.getAttribute(batch, "value").trim(): Attribute 'value' of object '' is: '5000'

2018-05-16 18:47:31 - [MESSAGE][PASSED] - Attribute 'value' of object '' is: '5000'

2018-05-16 18:47:31 - [TEST_STEP][PASSED] - Statement - Rqty = 10000: null

2018-05-16 18:47:31 - [TEST_STEP][PASSED] - delay: Delayed 2 second(s)

2018-05-16 18:47:33 - [MESSAGE][PASSED] - Delayed 2 second(s)

2018-05-16 18:47:33 - [TEST_STEP][PASSED] - Statement - out.println("BatchQty : " + batchqty): null

2018-05-16 18:47:33 - [TEST_STEP][PASSED] - Statement - out.println("RQty : " + Rqty): null

2018-05-16 18:47:33 - [TEST_STEP][PASSED] - Statement - If (java.lang.Integer.valueOf(batchqty) >= java.lang.Integer.valueOf(Rqty)): null

2018-05-16 18:47:33 - [TEST_STEP][PASSED] - Statement - Else: null

2018-05-16 18:47:33 - [TEST_STEP][PASSED] - Statement - out.println("Batchqty Is Less Than Rqty"): null

2018-05-16 18:47:33 - [TEST_STEP][PASSED] - Statement - product = new com.kms.katalon.core.testobject.TestObject(): null

2018-05-16 18:47:33 - [TEST_STEP][PASSED] - Statement - product = com.kms.katalon.core.webui.keyword.WebUiBuiltInKeywords.modifyObjectProperty(product, "xpath", "equals", "//*[@id = "fldvendor" + row + ""]", true): Modify property of object successfully

2018-05-16 18:47:33 - [MESSAGE][PASSED] - Modify property of object successfully

2018-05-16 18:47:33 - [TEST_STEP][PASSED] - selectOptionByIndex: All options with index in [3] are selected on object ''

2018-05-16 18:47:34 - [MESSAGE][PASSED] - All options with index in [3] are selected on object ''

2018-05-16 18:47:34 - [TEST_STEP][PASSED] - Statement - batch = new com.kms.katalon.core.testobject.TestObject(): null

2018-05-16 18:47:34 - [TEST_STEP][PASSED] - Statement - batch = com.kms.katalon.core.webui.keyword.WebUiBuiltInKeywords.modifyObjectProperty(batch, "xpath", "equals", "//*[@id = "txtbthqty" + row + ""]", true): Modify property of object successfully

2018-05-16 18:47:34 - [MESSAGE][PASSED] - Modify property of object successfully

2018-05-16 18:47:34 - [TEST_STEP][PASSED] - Statement - batchqty = com.kms.katalon.core.webui.keyword.WebUiBuiltInKeywords.getAttribute(batch, "value").trim(): Attribute 'value' of object '' is: '5000'

2018-05-16 18:47:34 - [MESSAGE][PASSED] - Attribute 'value' of object '' is: '5000'

2018-05-16 18:47:34 - [TEST_STEP][PASSED] - Statement - Rqty = 10000: null

2018-05-16 18:47:34 - [TEST_STEP][PASSED] - delay: Delayed 2 second(s)

2018-05-16 18:47:36 - [MESSAGE][PASSED] - Delayed 2 second(s)

2018-05-16 18:47:36 - [TEST_STEP][PASSED] - Statement - out.println("BatchQty : " + batchqty): null

2018-05-16 18:47:36 - [TEST_STEP][PASSED] - Statement - out.println("RQty : " + Rqty): null

2018-05-16 18:47:36 - [TEST_STEP][PASSED] - Statement - If (java.lang.Integer.valueOf(batchqty) >= java.lang.Integer.valueOf(Rqty)): null

2018-05-16 18:47:36 - [TEST_STEP][PASSED] - Statement - Else: null

2018-05-16 18:47:36 - [TEST_STEP][PASSED] - Statement - out.println("Batchqty Is Less Than Rqty"): null

2018-05-16 18:47:36 - [TEST_STEP][PASSED] - Statement - product = new com.kms.katalon.core.testobject.TestObject(): null

2018-05-16 18:47:36 - [TEST_STEP][PASSED] - Statement - product = com.kms.katalon.core.webui.keyword.WebUiBuiltInKeywords.modifyObjectProperty(product, "xpath", "equals", "//*[@id = "fldvendor" + row + ""]", true): Modify property of object successfully

2018-05-16 18:47:36 - [MESSAGE][PASSED] - Modify property of object successfully

2018-05-16 18:47:36 - [TEST_STEP][PASSED] - selectOptionByIndex: All options with index in [4] are selected on object ''

2018-05-16 18:47:36 - [MESSAGE][PASSED] - All options with index in [4] are selected on object ''

2018-05-16 18:47:36 - [TEST_STEP][PASSED] - Statement - batch = new com.kms.katalon.core.testobject.TestObject(): null

2018-05-16 18:47:36 - [TEST_STEP][PASSED] - Statement - batch = com.kms.katalon.core.webui.keyword.WebUiBuiltInKeywords.modifyObjectProperty(batch, "xpath", "equals", "//*[@id = "txtbthqty" + row + ""]", true): Modify property of object successfully

2018-05-16 18:47:36 - [MESSAGE][PASSED] - Modify property of object successfully

2018-05-16 18:47:36 - [TEST_STEP][PASSED] - Statement - batchqty = com.kms.katalon.core.webui.keyword.WebUiBuiltInKeywords.getAttribute(batch, "value").trim(): Attribute 'value' of object '' is: '39800'

2018-05-16 18:47:36 - [MESSAGE][PASSED] - Attribute 'value' of object '' is: '39800'

2018-05-16 18:47:36 - [TEST_STEP][PASSED] - Statement - Rqty = 10000: null

2018-05-16 18:47:36 - [TEST_STEP][PASSED] - delay: Delayed 2 second(s)

2018-05-16 18:47:38 - [MESSAGE][PASSED] - Delayed 2 second(s)

2018-05-16 18:47:38 - [TEST_STEP][PASSED] - Statement - out.println("BatchQty : " + batchqty): null

2018-05-16 18:47:38 - [TEST_STEP][PASSED] - Statement - out.println("RQty : " + Rqty): null

2018-05-16 18:47:38 - [TEST_STEP][PASSED] - Statement - If (java.lang.Integer.valueOf(batchqty) >= java.lang.Integer.valueOf(Rqty)): null

2018-05-16 18:47:38 - [TEST_STEP][PASSED] - Statement - Break: null

2018-05-16 18:47:38 - [TEST_STEP][PASSED] - Statement - batchlength = new com.kms.katalon.core.testobject.TestObject(): null

2018-05-16 18:47:38 - [TEST_STEP][PASSED] - Statement - batchlength = com.kms.katalon.core.webui.keyword.WebUiBuiltInKeywords.modifyObjectProperty(batchlength, "xpath", "equals", "//*[@id = "fldvendor" + row + ""]", true): Modify property of object successfully

2018-05-16 18:47:38 - [MESSAGE][PASSED] - Modify property of object successfully

2018-05-16 18:47:38 - [TEST_STEP][PASSED] - Statement - batchsize = com.kms.katalon.core.webui.keyword.WebUiBuiltInKeywords.getNumberOfTotalOption(batchlength): 5 options of object '' counted

2018-05-16 18:47:38 - [MESSAGE][PASSED] - 5 options of object '' counted

2018-05-16 18:47:38 - [TEST_STEP][PASSED] - Statement - out.println("BatchSize : " + batchsize): null

2018-05-16 18:47:38 - [TEST_STEP][PASSED] - Statement - For ([n = 1, n <= batchsize - 1, (n++)]): null

2018-05-16 18:47:38 - [TEST_STEP][PASSED] - Statement - product = new com.kms.katalon.core.testobject.TestObject(): null

2018-05-16 18:47:38 - [TEST_STEP][PASSED] - Statement - product = com.kms.katalon.core.webui.keyword.WebUiBuiltInKeywords.modifyObjectProperty(product, "xpath", "equals", "//*[@id = "fldvendor" + row + ""]", true): Modify property of object successfully

2018-05-16 18:47:38 - [MESSAGE][PASSED] - Modify property of object successfully

2018-05-16 18:47:38 - [TEST_STEP][PASSED] - selectOptionByIndex: All options with index in [1] are selected on object ''

2018-05-16 18:47:38 - [MESSAGE][PASSED] - All options with index in [1] are selected on object ''

2018-05-16 18:47:38 - [TEST_STEP][PASSED] - Statement - batch = new com.kms.katalon.core.testobject.TestObject(): null

2018-05-16 18:47:38 - [TEST_STEP][PASSED] - Statement - batch = com.kms.katalon.core.webui.keyword.WebUiBuiltInKeywords.modifyObjectProperty(batch, "xpath", "equals", "//*[@id = "txtbthqty" + row + ""]", true): Modify property of object successfully

2018-05-16 18:47:38 - [MESSAGE][PASSED] - Modify property of object successfully

2018-05-16 18:47:38 - [TEST_STEP][PASSED] - Statement - batchqty = com.kms.katalon.core.webui.keyword.WebUiBuiltInKeywords.getAttribute(batch, "value").trim(): Attribute 'value' of object '' is: '4000'

2018-05-16 18:47:38 - [MESSAGE][PASSED] - Attribute 'value' of object '' is: '4000'

2018-05-16 18:47:38 - [TEST_STEP][PASSED] - Statement - Rqty = 10000: null

2018-05-16 18:47:38 - [TEST_STEP][PASSED] - delay: Delayed 2 second(s)

2018-05-16 18:47:40 - [MESSAGE][PASSED] - Delayed 2 second(s)

2018-05-16 18:47:40 - [TEST_STEP][PASSED] - Statement - out.println("BatchQty : " + batchqty): null

2018-05-16 18:47:40 - [TEST_STEP][PASSED] - Statement - out.println("RQty : " + Rqty): null

2018-05-16 18:47:40 - [TEST_STEP][PASSED] - Statement - If (java.lang.Integer.valueOf(batchqty) >= java.lang.Integer.valueOf(Rqty)): null

2018-05-16 18:47:40 - [TEST_STEP][PASSED] - Statement - Else: null

2018-05-16 18:47:40 - [TEST_STEP][PASSED] - Statement - out.println("Batchqty Is Less Than Rqty"): null

2018-05-16 18:47:40 - [TEST_STEP][PASSED] - Statement - product = new com.kms.katalon.core.testobject.TestObject(): null

2018-05-16 18:47:40 - [TEST_STEP][PASSED] - Statement - product = com.kms.katalon.core.webui.keyword.WebUiBuiltInKeywords.modifyObjectProperty(product, "xpath", "equals", "//*[@id = "fldvendor" + row + ""]", true): Modify property of object successfully

2018-05-16 18:47:40 - [MESSAGE][PASSED] - Modify property of object successfully

2018-05-16 18:47:40 - [TEST_STEP][PASSED] - selectOptionByIndex: All options with index in [2] are selected on object ''

2018-05-16 18:47:40 - [MESSAGE][PASSED] - All options with index in [2] are selected on object ''

2018-05-16 18:47:40 - [TEST_STEP][PASSED] - Statement - batch = new com.kms.katalon.core.testobject.TestObject(): null

2018-05-16 18:47:40 - [TEST_STEP][PASSED] - Statement - batch = com.kms.katalon.core.webui.keyword.WebUiBuiltInKeywords.modifyObjectProperty(batch, "xpath", "equals", "//*[@id = "txtbthqty" + row + ""]", true): Modify property of object successfully

2018-05-16 18:47:40 - [MESSAGE][PASSED] - Modify property of object successfully

2018-05-16 18:47:40 - [TEST_STEP][PASSED] - Statement - batchqty = com.kms.katalon.core.webui.keyword.WebUiBuiltInKeywords.getAttribute(batch, "value").trim(): Attribute 'value' of object '' is: '5000'

2018-05-16 18:47:40 - [MESSAGE][PASSED] - Attribute 'value' of object '' is: '5000'

2018-05-16 18:47:40 - [TEST_STEP][PASSED] - Statement - Rqty = 10000: null

2018-05-16 18:47:40 - [TEST_STEP][PASSED] - delay: Delayed 2 second(s)

2018-05-16 18:47:42 - [MESSAGE][PASSED] - Delayed 2 second(s)

2018-05-16 18:47:42 - [TEST_STEP][PASSED] - Statement - out.println("BatchQty : " + batchqty): null

2018-05-16 18:47:42 - [TEST_STEP][PASSED] - Statement - out.println("RQty : " + Rqty): null

2018-05-16 18:47:42 - [TEST_STEP][PASSED] - Statement - If (java.lang.Integer.valueOf(batchqty) >= java.lang.Integer.valueOf(Rqty)): null

2018-05-16 18:47:42 - [TEST_STEP][PASSED] - Statement - Else: null

2018-05-16 18:47:42 - [TEST_STEP][PASSED] - Statement - out.println("Batchqty Is Less Than Rqty"): null

2018-05-16 18:47:42 - [TEST_STEP][PASSED] - Statement - product = new com.kms.katalon.core.testobject.TestObject(): null

2018-05-16 18:47:42 - [TEST_STEP][PASSED] - Statement - product = com.kms.katalon.core.webui.keyword.WebUiBuiltInKeywords.modifyObjectProperty(product, "xpath", "equals", "//*[@id = "fldvendor" + row + ""]", true): Modify property of object successfully

2018-05-16 18:47:42 - [MESSAGE][PASSED] - Modify property of object successfully

2018-05-16 18:47:42 - [TEST_STEP][PASSED] - selectOptionByIndex: All options with index in [3] are selected on object ''

2018-05-16 18:47:42 - [MESSAGE][PASSED] - All options with index in [3] are selected on object ''

2018-05-16 18:47:42 - [TEST_STEP][PASSED] - Statement - batch = new com.kms.katalon.core.testobject.TestObject(): null

2018-05-16 18:47:42 - [TEST_STEP][PASSED] - Statement - batch = com.kms.katalon.core.webui.keyword.WebUiBuiltInKeywords.modifyObjectProperty(batch, "xpath", "equals", "//*[@id = "txtbthqty" + row + ""]", true): Modify property of object successfully

2018-05-16 18:47:42 - [MESSAGE][PASSED] - Modify property of object successfully

2018-05-16 18:47:42 - [TEST_STEP][PASSED] - Statement - batchqty = com.kms.katalon.core.webui.keyword.WebUiBuiltInKeywords.getAttribute(batch, "value").trim(): Attribute 'value' of object '' is: '5000'

2018-05-16 18:47:42 - [MESSAGE][PASSED] - Attribute 'value' of object '' is: '5000'

2018-05-16 18:47:42 - [TEST_STEP][PASSED] - Statement - Rqty = 10000: null

2018-05-16 18:47:42 - [TEST_STEP][PASSED] - delay: Delayed 2 second(s)

2018-05-16 18:47:44 - [MESSAGE][PASSED] - Delayed 2 second(s)

2018-05-16 18:47:44 - [TEST_STEP][PASSED] - Statement - out.println("BatchQty : " + batchqty): null

2018-05-16 18:47:44 - [TEST_STEP][PASSED] - Statement - out.println("RQty : " + Rqty): null

2018-05-16 18:47:44 - [TEST_STEP][PASSED] - Statement - If (java.lang.Integer.valueOf(batchqty) >= java.lang.Integer.valueOf(Rqty)): null

2018-05-16 18:47:44 - [TEST_STEP][PASSED] - Statement - Else: null

2018-05-16 18:47:44 - [TEST_STEP][PASSED] - Statement - out.println("Batchqty Is Less Than Rqty"): null

2018-05-16 18:47:44 - [TEST_STEP][PASSED] - Statement - product = new com.kms.katalon.core.testobject.TestObject(): null

2018-05-16 18:47:44 - [TEST_STEP][PASSED] - Statement - product = com.kms.katalon.core.webui.keyword.WebUiBuiltInKeywords.modifyObjectProperty(product, "xpath", "equals", "//*[@id = "fldvendor" + row + ""]", true): Modify property of object successfully

2018-05-16 18:47:44 - [MESSAGE][PASSED] - Modify property of object successfully

2018-05-16 18:47:44 - [TEST_STEP][PASSED] - selectOptionByIndex: All options with index in [4] are selected on object ''

2018-05-16 18:47:45 - [MESSAGE][PASSED] - All options with index in [4] are selected on object ''

2018-05-16 18:47:45 - [TEST_STEP][PASSED] - Statement - batch = new com.kms.katalon.core.testobject.TestObject(): null

2018-05-16 18:47:45 - [TEST_STEP][PASSED] - Statement - batch = com.kms.katalon.core.webui.keyword.WebUiBuiltInKeywords.modifyObjectProperty(batch, "xpath", "equals", "//*[@id = "txtbthqty" + row + ""]", true): Modify property of object successfully

2018-05-16 18:47:45 - [MESSAGE][PASSED] - Modify property of object successfully

2018-05-16 18:47:45 - [TEST_STEP][PASSED] - Statement - batchqty = com.kms.katalon.core.webui.keyword.WebUiBuiltInKeywords.getAttribute(batch, "value").trim(): Attribute 'value' of object '' is: '39800'

2018-05-16 18:47:45 - [MESSAGE][PASSED] - Attribute 'value' of object '' is: '39800'

2018-05-16 18:47:45 - [TEST_STEP][PASSED] - Statement - Rqty = 10000: null

2018-05-16 18:47:45 - [TEST_STEP][PASSED] - delay: Delayed 2 second(s)

2018-05-16 18:47:47 - [MESSAGE][PASSED] - Delayed 2 second(s)

2018-05-16 18:47:47 - [TEST_STEP][PASSED] - Statement - out.println("BatchQty : " + batchqty): null

2018-05-16 18:47:47 - [TEST_STEP][PASSED] - Statement - out.println("RQty : " + Rqty): null

2018-05-16 18:47:47 - [TEST_STEP][PASSED] - Statement - If (java.lang.Integer.valueOf(batchqty) >= java.lang.Integer.valueOf(Rqty)): null

2018-05-16 18:47:47 - [TEST_STEP][PASSED] - Statement - Break: null

2018-05-16 18:47:47 - [TEST_STEP][PASSED] - Statement - batchlength = new com.kms.katalon.core.testobject.TestObject(): null

2018-05-16 18:47:47 - [TEST_STEP][PASSED] - Statement - batchlength = com.kms.katalon.core.webui.keyword.WebUiBuiltInKeywords.modifyObjectProperty(batchlength, "xpath", "equals", "//*[@id = "fldvendor" + row + ""]", true): Modify property of object successfully

2018-05-16 18:47:47 - [MESSAGE][PASSED] - Modify property of object successfully

2018-05-16 18:47:47 - [TEST_STEP][PASSED] - Statement - batchsize = com.kms.katalon.core.webui.keyword.WebUiBuiltInKeywords.getNumberOfTotalOption(batchlength): 5 options of object '' counted

2018-05-16 18:47:47 - [MESSAGE][PASSED] - 5 options of object '' counted

2018-05-16 18:47:47 - [TEST_STEP][PASSED] - Statement - out.println("BatchSize : " + batchsize): null

2018-05-16 18:47:47 - [TEST_STEP][PASSED] - Statement - For ([n = 1, n <= batchsize - 1, (n++)]): null

2018-05-16 18:47:47 - [TEST_STEP][PASSED] - Statement - product = new com.kms.katalon.core.testobject.TestObject(): null

2018-05-16 18:47:47 - [TEST_STEP][PASSED] - Statement - product = com.kms.katalon.core.webui.keyword.WebUiBuiltInKeywords.modifyObjectProperty(product, "xpath", "equals", "//*[@id = "fldvendor" + row + ""]", true): Modify property of object successfully

2018-05-16 18:47:47 - [MESSAGE][PASSED] - Modify property of object successfully

2018-05-16 18:47:47 - [TEST_STEP][PASSED] - selectOptionByIndex: All options with index in [1] are selected on object ''

2018-05-16 18:47:47 - [MESSAGE][PASSED] - All options with index in [1] are selected on object ''

2018-05-16 18:47:47 - [TEST_STEP][PASSED] - Statement - batch = new com.kms.katalon.core.testobject.TestObject(): null

2018-05-16 18:47:47 - [TEST_STEP][PASSED] - Statement - batch = com.kms.katalon.core.webui.keyword.WebUiBuiltInKeywords.modifyObjectProperty(batch, "xpath", "equals", "//*[@id = "txtbthqty" + row + ""]", true): Modify property of object successfully

2018-05-16 18:47:47 - [MESSAGE][PASSED] - Modify property of object successfully

2018-05-16 18:47:47 - [TEST_STEP][PASSED] - Statement - batchqty = com.kms.katalon.core.webui.keyword.WebUiBuiltInKeywords.getAttribute(batch, "value").trim(): Attribute 'value' of object '' is: '4000'

2018-05-16 18:47:47 - [MESSAGE][PASSED] - Attribute 'value' of object '' is: '4000'

2018-05-16 18:47:47 - [TEST_STEP][PASSED] - Statement - Rqty = 10000: null

2018-05-16 18:47:47 - [TEST_STEP][PASSED] - delay: Delayed 2 second(s)

2018-05-16 18:47:49 - [MESSAGE][PASSED] - Delayed 2 second(s)

2018-05-16 18:47:49 - [TEST_STEP][PASSED] - Statement - out.println("BatchQty : " + batchqty): null

2018-05-16 18:47:49 - [TEST_STEP][PASSED] - Statement - out.println("RQty : " + Rqty): null

2018-05-16 18:47:49 - [TEST_STEP][PASSED] - Statement - If (java.lang.Integer.valueOf(batchqty) >= java.lang.Integer.valueOf(Rqty)): null

2018-05-16 18:47:49 - [TEST_STEP][PASSED] - Statement - Else: null

2018-05-16 18:47:49 - [TEST_STEP][PASSED] - Statement - out.println("Batchqty Is Less Than Rqty"): null

2018-05-16 18:47:49 - [TEST_STEP][PASSED] - Statement - product = new com.kms.katalon.core.testobject.TestObject(): null

2018-05-16 18:47:49 - [TEST_STEP][PASSED] - Statement - product = com.kms.katalon.core.webui.keyword.WebUiBuiltInKeywords.modifyObjectProperty(product, "xpath", "equals", "//*[@id = "fldvendor" + row + ""]", true): Modify property of object successfully

2018-05-16 18:47:49 - [MESSAGE][PASSED] - Modify property of object successfully

2018-05-16 18:47:49 - [TEST_STEP][PASSED] - selectOptionByIndex: All options with index in [2] are selected on object ''

2018-05-16 18:47:49 - [MESSAGE][PASSED] - All options with index in [2] are selected on object ''

2018-05-16 18:47:49 - [TEST_STEP][PASSED] - Statement - batch = new com.kms.katalon.core.testobject.TestObject(): null

2018-05-16 18:47:49 - [TEST_STEP][PASSED] - Statement - batch = com.kms.katalon.core.webui.keyword.WebUiBuiltInKeywords.modifyObjectProperty(batch, "xpath", "equals", "//*[@id = "txtbthqty" + row + ""]", true): Modify property of object successfully

2018-05-16 18:47:49 - [MESSAGE][PASSED] - Modify property of object successfully

2018-05-16 18:47:49 - [TEST_STEP][PASSED] - Statement - batchqty = com.kms.katalon.core.webui.keyword.WebUiBuiltInKeywords.getAttribute(batch, "value").trim(): Attribute 'value' of object '' is: '5000'

2018-05-16 18:47:49 - [MESSAGE][PASSED] - Attribute 'value' of object '' is: '5000'

2018-05-16 18:47:49 - [TEST_STEP][PASSED] - Statement - Rqty = 10000: null

2018-05-16 18:47:49 - [TEST_STEP][PASSED] - delay: Delayed 2 second(s)

2018-05-16 18:47:51 - [MESSAGE][PASSED] - Delayed 2 second(s)

2018-05-16 18:47:51 - [TEST_STEP][PASSED] - Statement - out.println("BatchQty : " + batchqty): null

2018-05-16 18:47:51 - [TEST_STEP][PASSED] - Statement - out.println("RQty : " + Rqty): null

2018-05-16 18:47:51 - [TEST_STEP][PASSED] - Statement - If (java.lang.Integer.valueOf(batchqty) >= java.lang.Integer.valueOf(Rqty)): null

2018-05-16 18:47:51 - [TEST_STEP][PASSED] - Statement - Else: null

2018-05-16 18:47:51 - [TEST_STEP][PASSED] - Statement - out.println("Batchqty Is Less Than Rqty"): null

2018-05-16 18:47:51 - [TEST_STEP][PASSED] - Statement - product = new com.kms.katalon.core.testobject.TestObject(): null

2018-05-16 18:47:51 - [TEST_STEP][PASSED] - Statement - product = com.kms.katalon.core.webui.keyword.WebUiBuiltInKeywords.modifyObjectProperty(product, "xpath", "equals", "//*[@id = "fldvendor" + row + ""]", true): Modify property of object successfully

2018-05-16 18:47:51 - [MESSAGE][PASSED] - Modify property of object successfully

2018-05-16 18:47:51 - [TEST_STEP][PASSED] - selectOptionByIndex: All options with index in [3] are selected on object ''

2018-05-16 18:47:51 - [MESSAGE][PASSED] - All options with index in [3] are selected on object ''

2018-05-16 18:47:51 - [TEST_STEP][PASSED] - Statement - batch = new com.kms.katalon.core.testobject.TestObject(): null

2018-05-16 18:47:51 - [TEST_STEP][PASSED] - Statement - batch = com.kms.katalon.core.webui.keyword.WebUiBuiltInKeywords.modifyObjectProperty(batch, "xpath", "equals", "//*[@id = "txtbthqty" + row + ""]", true): Modify property of object successfully

2018-05-16 18:47:51 - [MESSAGE][PASSED] - Modify property of object successfully

2018-05-16 18:47:51 - [TEST_STEP][PASSED] - Statement - batchqty = com.kms.katalon.core.webui.keyword.WebUiBuiltInKeywords.getAttribute(batch, "value").trim(): Attribute 'value' of object '' is: '5000'

2018-05-16 18:47:51 - [MESSAGE][PASSED] - Attribute 'value' of object '' is: '5000'

2018-05-16 18:47:51 - [TEST_STEP][PASSED] - Statement - Rqty = 10000: null

2018-05-16 18:47:51 - [TEST_STEP][PASSED] - delay: Delayed 2 second(s)

2018-05-16 18:47:53 - [MESSAGE][PASSED] - Delayed 2 second(s)

2018-05-16 18:47:53 - [TEST_STEP][PASSED] - Statement - out.println("BatchQty : " + batchqty): null

2018-05-16 18:47:53 - [TEST_STEP][PASSED] - Statement - out.println("RQty : " + Rqty): null

2018-05-16 18:47:53 - [TEST_STEP][PASSED] - Statement - If (java.lang.Integer.valueOf(batchqty) >= java.lang.Integer.valueOf(Rqty)): null

2018-05-16 18:47:53 - [TEST_STEP][PASSED] - Statement - Else: null

2018-05-16 18:47:53 - [TEST_STEP][PASSED] - Statement - out.println("Batchqty Is Less Than Rqty"): null

2018-05-16 18:47:53 - [TEST_STEP][PASSED] - Statement - product = new com.kms.katalon.core.testobject.TestObject(): null

2018-05-16 18:47:53 - [TEST_STEP][PASSED] - Statement - product = com.kms.katalon.core.webui.keyword.WebUiBuiltInKeywords.modifyObjectProperty(product, "xpath", "equals", "//*[@id = "fldvendor" + row + ""]", true): Modify property of object successfully

2018-05-16 18:47:53 - [MESSAGE][PASSED] - Modify property of object successfully

2018-05-16 18:47:53 - [TEST_STEP][PASSED] - selectOptionByIndex: All options with index in [4] are selected on object ''

2018-05-16 18:47:54 - [MESSAGE][PASSED] - All options with index in [4] are selected on object ''

2018-05-16 18:47:54 - [TEST_STEP][PASSED] - Statement - batch = new com.kms.katalon.core.testobject.TestObject(): null

2018-05-16 18:47:54 - [TEST_STEP][PASSED] - Statement - batch = com.kms.katalon.core.webui.keyword.WebUiBuiltInKeywords.modifyObjectProperty(batch, "xpath", "equals", "//*[@id = "txtbthqty" + row + ""]", true): Modify property of object successfully

2018-05-16 18:47:54 - [MESSAGE][PASSED] - Modify property of object successfully

2018-05-16 18:47:54 - [TEST_STEP][PASSED] - Statement - batchqty = com.kms.katalon.core.webui.keyword.WebUiBuiltInKeywords.getAttribute(batch, "value").trim(): Attribute 'value' of object '' is: '39800'

2018-05-16 18:47:54 - [MESSAGE][PASSED] - Attribute 'value' of object '' is: '39800'

2018-05-16 18:47:54 - [TEST_STEP][PASSED] - Statement - Rqty = 10000: null

2018-05-16 18:47:54 - [TEST_STEP][PASSED] - delay: Delayed 2 second(s)

2018-05-16 18:47:56 - [MESSAGE][PASSED] - Delayed 2 second(s)

2018-05-16 18:47:56 - [TEST_STEP][PASSED] - Statement - out.println("BatchQty : " + batchqty): null

2018-05-16 18:47:56 - [TEST_STEP][PASSED] - Statement - out.println("RQty : " + Rqty): null

2018-05-16 18:47:56 - [TEST_STEP][PASSED] - Statement - If (java.lang.Integer.valueOf(batchqty) >= java.lang.Integer.valueOf(Rqty)): null

2018-05-16 18:47:56 - [TEST_STEP][PASSED] - Statement - Break: null

2018-05-16 18:47:56 - [TEST_STEP][PASSED] - Statement - batchlength = new com.kms.katalon.core.testobject.TestObject(): null

2018-05-16 18:47:56 - [TEST_STEP][PASSED] - Statement - batchlength = com.kms.katalon.core.webui.keyword.WebUiBuiltInKeywords.modifyObjectProperty(batchlength, "xpath", "equals", "//*[@id = "fldvendor" + row + ""]", true): Modify property of object successfully

2018-05-16 18:47:56 - [MESSAGE][PASSED] - Modify property of object successfully

2018-05-16 18:47:56 - [TEST_STEP][PASSED] - Statement - batchsize = com.kms.katalon.core.webui.keyword.WebUiBuiltInKeywords.getNumberOfTotalOption(batchlength): 5 options of object '' counted

2018-05-16 18:47:56 - [MESSAGE][PASSED] - 5 options of object '' counted

2018-05-16 18:47:56 - [TEST_STEP][PASSED] - Statement - out.println("BatchSize : " + batchsize): null

2018-05-16 18:47:56 - [TEST_STEP][PASSED] - Statement - For ([n = 1, n <= batchsize - 1, (n++)]): null

2018-05-16 18:47:56 - [TEST_STEP][PASSED] - Statement - product = new com.kms.katalon.core.testobject.TestObject(): null

2018-05-16 18:47:56 - [TEST_STEP][PASSED] - Statement - product = com.kms.katalon.core.webui.keyword.WebUiBuiltInKeywords.modifyObjectProperty(product, "xpath", "equals", "//*[@id = "fldvendor" + row + ""]", true): Modify property of object successfully

2018-05-16 18:47:56 - [MESSAGE][PASSED] - Modify property of object successfully

2018-05-16 18:47:56 - [TEST_STEP][PASSED] - selectOptionByIndex: All options with index in [1] are selected on object ''

2018-05-16 18:47:56 - [MESSAGE][PASSED] - All options with index in [1] are selected on object ''

2018-05-16 18:47:56 - [TEST_STEP][PASSED] - Statement - batch = new com.kms.katalon.core.testobject.TestObject(): null

2018-05-16 18:47:56 - [TEST_STEP][PASSED] - Statement - batch = com.kms.katalon.core.webui.keyword.WebUiBuiltInKeywords.modifyObjectProperty(batch, "xpath", "equals", "//*[@id = "txtbthqty" + row + ""]", true): Modify property of object successfully

2018-05-16 18:47:56 - [MESSAGE][PASSED] - Modify property of object successfully

2018-05-16 18:47:56 - [TEST_STEP][PASSED] - Statement - batchqty = com.kms.katalon.core.webui.keyword.WebUiBuiltInKeywords.getAttribute(batch, "value").trim(): Attribute 'value' of object '' is: '5000'

2018-05-16 18:47:56 - [MESSAGE][PASSED] - Attribute 'value' of object '' is: '5000'

2018-05-16 18:47:56 - [TEST_STEP][PASSED] - Statement - Rqty = 10000: null

2018-05-16 18:47:56 - [TEST_STEP][PASSED] - delay: Delayed 2 second(s)

2018-05-16 18:47:58 - [MESSAGE][PASSED] - Delayed 2 second(s)

2018-05-16 18:47:58 - [TEST_STEP][PASSED] - Statement - out.println("BatchQty : " + batchqty): null

2018-05-16 18:47:58 - [TEST_STEP][PASSED] - Statement - out.println("RQty : " + Rqty): null

2018-05-16 18:47:58 - [TEST_STEP][PASSED] - Statement - If (java.lang.Integer.valueOf(batchqty) >= java.lang.Integer.valueOf(Rqty)): null

2018-05-16 18:47:58 - [TEST_STEP][PASSED] - Statement - Else: null

2018-05-16 18:47:58 - [TEST_STEP][PASSED] - Statement - out.println("Batchqty Is Less Than Rqty"): null

2018-05-16 18:47:58 - [TEST_STEP][PASSED] - Statement - product = new com.kms.katalon.core.testobject.TestObject(): null

2018-05-16 18:47:58 - [TEST_STEP][PASSED] - Statement - product = com.kms.katalon.core.webui.keyword.WebUiBuiltInKeywords.modifyObjectProperty(product, "xpath", "equals", "//*[@id = "fldvendor" + row + ""]", true): Modify property of object successfully

2018-05-16 18:47:58 - [MESSAGE][PASSED] - Modify property of object successfully

2018-05-16 18:47:58 - [TEST_STEP][PASSED] - selectOptionByIndex: All options with index in [2] are selected on object ''

2018-05-16 18:47:58 - [MESSAGE][PASSED] - All options with index in [2] are selected on object ''

2018-05-16 18:47:58 - [TEST_STEP][PASSED] - Statement - batch = new com.kms.katalon.core.testobject.TestObject(): null

2018-05-16 18:47:58 - [TEST_STEP][PASSED] - Statement - batch = com.kms.katalon.core.webui.keyword.WebUiBuiltInKeywords.modifyObjectProperty(batch, "xpath", "equals", "//*[@id = "txtbthqty" + row + ""]", true): Modify property of object successfully

2018-05-16 18:47:58 - [MESSAGE][PASSED] - Modify property of object successfully

2018-05-16 18:47:58 - [TEST_STEP][PASSED] - Statement - batchqty = com.kms.katalon.core.webui.keyword.WebUiBuiltInKeywords.getAttribute(batch, "value").trim(): Attribute 'value' of object '' is: '4000'

2018-05-16 18:47:58 - [MESSAGE][PASSED] - Attribute 'value' of object '' is: '4000'

2018-05-16 18:47:58 - [TEST_STEP][PASSED] - Statement - Rqty = 10000: null

2018-05-16 18:47:58 - [TEST_STEP][PASSED] - delay: Delayed 2 second(s)

2018-05-16 18:48:00 - [MESSAGE][PASSED] - Delayed 2 second(s)

2018-05-16 18:48:00 - [TEST_STEP][PASSED] - Statement - out.println("BatchQty : " + batchqty): null

2018-05-16 18:48:00 - [TEST_STEP][PASSED] - Statement - out.println("RQty : " + Rqty): null

2018-05-16 18:48:00 - [TEST_STEP][PASSED] - Statement - If (java.lang.Integer.valueOf(batchqty) >= java.lang.Integer.valueOf(Rqty)): null

2018-05-16 18:48:00 - [TEST_STEP][PASSED] - Statement - Else: null

2018-05-16 18:48:00 - [TEST_STEP][PASSED] - Statement - out.println("Batchqty Is Less Than Rqty"): null

2018-05-16 18:48:00 - [TEST_STEP][PASSED] - Statement - product = new com.kms.katalon.core.testobject.TestObject(): null

2018-05-16 18:48:00 - [TEST_STEP][PASSED] - Statement - product = com.kms.katalon.core.webui.keyword.WebUiBuiltInKeywords.modifyObjectProperty(product, "xpath", "equals", "//*[@id = "fldvendor" + row + ""]", true): Modify property of object successfully

2018-05-16 18:48:00 - [MESSAGE][PASSED] - Modify property of object successfully

2018-05-16 18:48:00 - [TEST_STEP][PASSED] - selectOptionByIndex: All options with index in [3] are selected on object ''

2018-05-16 18:48:00 - [MESSAGE][PASSED] - All options with index in [3] are selected on object ''

2018-05-16 18:48:00 - [TEST_STEP][PASSED] - Statement - batch = new com.kms.katalon.core.testobject.TestObject(): null

2018-05-16 18:48:00 - [TEST_STEP][PASSED] - Statement - batch = com.kms.katalon.core.webui.keyword.WebUiBuiltInKeywords.modifyObjectProperty(batch, "xpath", "equals", "//*[@id = "txtbthqty" + row + ""]", true): Modify property of object successfully

2018-05-16 18:48:00 - [MESSAGE][PASSED] - Modify property of object successfully

2018-05-16 18:48:00 - [TEST_STEP][PASSED] - Statement - batchqty = com.kms.katalon.core.webui.keyword.WebUiBuiltInKeywords.getAttribute(batch, "value").trim(): Attribute 'value' of object '' is: '5000'

2018-05-16 18:48:00 - [MESSAGE][PASSED] - Attribute 'value' of object '' is: '5000'

2018-05-16 18:48:00 - [TEST_STEP][PASSED] - Statement - Rqty = 10000: null

2018-05-16 18:48:00 - [TEST_STEP][PASSED] - delay: Delayed 2 second(s)

2018-05-16 18:48:02 - [MESSAGE][PASSED] - Delayed 2 second(s)

2018-05-16 18:48:02 - [TEST_STEP][PASSED] - Statement - out.println("BatchQty : " + batchqty): null

2018-05-16 18:48:02 - [TEST_STEP][PASSED] - Statement - out.println("RQty : " + Rqty): null

2018-05-16 18:48:02 - [TEST_STEP][PASSED] - Statement - If (java.lang.Integer.valueOf(batchqty) >= java.lang.Integer.valueOf(Rqty)): null

2018-05-16 18:48:02 - [TEST_STEP][PASSED] - Statement - Else: null

2018-05-16 18:48:02 - [TEST_STEP][PASSED] - Statement - out.println("Batchqty Is Less Than Rqty"): null

2018-05-16 18:48:02 - [TEST_STEP][PASSED] - Statement - product = new com.kms.katalon.core.testobject.TestObject(): null

2018-05-16 18:48:02 - [TEST_STEP][PASSED] - Statement - product = com.kms.katalon.core.webui.keyword.WebUiBuiltInKeywords.modifyObjectProperty(product, "xpath", "equals", "//*[@id = "fldvendor" + row + ""]", true): Modify property of object successfully

2018-05-16 18:48:02 - [MESSAGE][PASSED] - Modify property of object successfully

2018-05-16 18:48:02 - [TEST_STEP][PASSED] - selectOptionByIndex: All options with index in [4] are selected on object ''

2018-05-16 18:48:02 - [MESSAGE][PASSED] - All options with index in [4] are selected on object ''

2018-05-16 18:48:02 - [TEST_STEP][PASSED] - Statement - batch = new com.kms.katalon.core.testobject.TestObject(): null

2018-05-16 18:48:02 - [TEST_STEP][PASSED] - Statement - batch = com.kms.katalon.core.webui.keyword.WebUiBuiltInKeywords.modifyObjectProperty(batch, "xpath", "equals", "//*[@id = "txtbthqty" + row + ""]", true): Modify property of object successfully

2018-05-16 18:48:02 - [MESSAGE][PASSED] - Modify property of object successfully

2018-05-16 18:48:02 - [TEST_STEP][PASSED] - Statement - batchqty = com.kms.katalon.core.webui.keyword.WebUiBuiltInKeywords.getAttribute(batch, "value").trim(): Attribute 'value' of object '' is: '39800'

2018-05-16 18:48:02 - [MESSAGE][PASSED] - Attribute 'value' of object '' is: '39800'

2018-05-16 18:48:02 - [TEST_STEP][PASSED] - Statement - Rqty = 10000: null

2018-05-16 18:48:02 - [TEST_STEP][PASSED] - delay: Delayed 2 second(s)

2018-05-16 18:48:04 - [MESSAGE][PASSED] - Delayed 2 second(s)

2018-05-16 18:48:04 - [TEST_STEP][PASSED] - Statement - out.println("BatchQty : " + batchqty): null

2018-05-16 18:48:04 - [TEST_STEP][PASSED] - Statement - out.println("RQty : " + Rqty): null

2018-05-16 18:48:04 - [TEST_STEP][PASSED] - Statement - If (java.lang.Integer.valueOf(batchqty) >= java.lang.Integer.valueOf(Rqty)): null

2018-05-16 18:48:04 - [TEST_STEP][PASSED] - Statement - Break: null

2018-05-16 18:48:04 - [TEST_STEP][PASSED] - Statement - batchlength = new com.kms.katalon.core.testobject.TestObject(): null

2018-05-16 18:48:04 - [TEST_STEP][PASSED] - Statement - batchlength = com.kms.katalon.core.webui.keyword.WebUiBuiltInKeywords.modifyObjectProperty(batchlength, "xpath", "equals", "//*[@id = "fldvendor" + row + ""]", true): Modify property of object successfully

2018-05-16 18:48:04 - [MESSAGE][PASSED] - Modify property of object successfully

2018-05-16 18:48:04 - [TEST_STEP][PASSED] - Statement - batchsize = com.kms.katalon.core.webui.keyword.WebUiBuiltInKeywords.getNumberOfTotalOption(batchlength): 5 options of object '' counted

2018-05-16 18:48:04 - [MESSAGE][PASSED] - 5 options of object '' counted

2018-05-16 18:48:04 - [TEST_STEP][PASSED] - Statement - out.println("BatchSize : " + batchsize): null

2018-05-16 18:48:04 - [TEST_STEP][PASSED] - Statement - For ([n = 1, n <= batchsize - 1, (n++)]): null

2018-05-16 18:48:04 - [TEST_STEP][PASSED] - Statement - product = new com.kms.katalon.core.testobject.TestObject(): null

2018-05-16 18:48:04 - [TEST_STEP][PASSED] - Statement - product = com.kms.katalon.core.webui.keyword.WebUiBuiltInKeywords.modifyObjectProperty(product, "xpath", "equals", "//*[@id = "fldvendor" + row + ""]", true): Modify property of object successfully

2018-05-16 18:48:04 - [MESSAGE][PASSED] - Modify property of object successfully

2018-05-16 18:48:04 - [TEST_STEP][PASSED] - selectOptionByIndex: All options with index in [1] are selected on object ''

2018-05-16 18:48:05 - [MESSAGE][PASSED] - All options with index in [1] are selected on object ''

2018-05-16 18:48:05 - [TEST_STEP][PASSED] - Statement - batch = new com.kms.katalon.core.testobject.TestObject(): null

2018-05-16 18:48:05 - [TEST_STEP][PASSED] - Statement - batch = com.kms.katalon.core.webui.keyword.WebUiBuiltInKeywords.modifyObjectProperty(batch, "xpath", "equals", "//*[@id = "txtbthqty" + row + ""]", true): Modify property of object successfully

2018-05-16 18:48:05 - [MESSAGE][PASSED] - Modify property of object successfully

2018-05-16 18:48:05 - [TEST_STEP][PASSED] - Statement - batchqty = com.kms.katalon.core.webui.keyword.WebUiBuiltInKeywords.getAttribute(batch, "value").trim(): Attribute 'value' of object '' is: '5000'

2018-05-16 18:48:05 - [MESSAGE][PASSED] - Attribute 'value' of object '' is: '5000'

2018-05-16 18:48:05 - [TEST_STEP][PASSED] - Statement - Rqty = 10000: null

2018-05-16 18:48:05 - [TEST_STEP][PASSED] - delay: Delayed 2 second(s)

2018-05-16 18:48:07 - [MESSAGE][PASSED] - Delayed 2 second(s)

2018-05-16 18:48:07 - [TEST_STEP][PASSED] - Statement - out.println("BatchQty : " + batchqty): null

2018-05-16 18:48:07 - [TEST_STEP][PASSED] - Statement - out.println("RQty : " + Rqty): null

2018-05-16 18:48:07 - [TEST_STEP][PASSED] - Statement - If (java.lang.Integer.valueOf(batchqty) >= java.lang.Integer.valueOf(Rqty)): null

2018-05-16 18:48:07 - [TEST_STEP][PASSED] - Statement - Else: null

2018-05-16 18:48:07 - [TEST_STEP][PASSED] - Statement - out.println("Batchqty Is Less Than Rqty"): null

2018-05-16 18:48:07 - [TEST_STEP][PASSED] - Statement - product = new com.kms.katalon.core.testobject.TestObject(): null

2018-05-16 18:48:07 - [TEST_STEP][PASSED] - Statement - product = com.kms.katalon.core.webui.keyword.WebUiBuiltInKeywords.modifyObjectProperty(product, "xpath", "equals", "//*[@id = "fldvendor" + row + ""]", true): Modify property of object successfully

2018-05-16 18:48:07 - [MESSAGE][PASSED] - Modify property of object successfully

2018-05-16 18:48:07 - [TEST_STEP][PASSED] - selectOptionByIndex: All options with index in [2] are selected on object ''

2018-05-16 18:48:07 - [MESSAGE][PASSED] - All options with index in [2] are selected on object ''

2018-05-16 18:48:07 - [TEST_STEP][PASSED] - Statement - batch = new com.kms.katalon.core.testobject.TestObject(): null

2018-05-16 18:48:07 - [TEST_STEP][PASSED] - Statement - batch = com.kms.katalon.core.webui.keyword.WebUiBuiltInKeywords.modifyObjectProperty(batch, "xpath", "equals", "//*[@id = "txtbthqty" + row + ""]", true): Modify property of object successfully

2018-05-16 18:48:07 - [MESSAGE][PASSED] - Modify property of object successfully

2018-05-16 18:48:07 - [TEST_STEP][PASSED] - Statement - batchqty = com.kms.katalon.core.webui.keyword.WebUiBuiltInKeywords.getAttribute(batch, "value").trim(): Attribute 'value' of object '' is: '5000'

2018-05-16 18:48:07 - [MESSAGE][PASSED] - Attribute 'value' of object '' is: '5000'

2018-05-16 18:48:07 - [TEST_STEP][PASSED] - Statement - Rqty = 10000: null

2018-05-16 18:48:07 - [TEST_STEP][PASSED] - delay: Delayed 2 second(s)

2018-05-16 18:48:09 - [MESSAGE][PASSED] - Delayed 2 second(s)

2018-05-16 18:48:09 - [TEST_STEP][PASSED] - Statement - out.println("BatchQty : " + batchqty): null

2018-05-16 18:48:09 - [TEST_STEP][PASSED] - Statement - out.println("RQty : " + Rqty): null

2018-05-16 18:48:09 - [TEST_STEP][PASSED] - Statement - If (java.lang.Integer.valueOf(batchqty) >= java.lang.Integer.valueOf(Rqty)): null

2018-05-16 18:48:09 - [TEST_STEP][PASSED] - Statement - Else: null

2018-05-16 18:48:09 - [TEST_STEP][PASSED] - Statement - out.println("Batchqty Is Less Than Rqty"): null

2018-05-16 18:48:09 - [TEST_STEP][PASSED] - Statement - product = new com.kms.katalon.core.testobject.TestObject(): null

2018-05-16 18:48:09 - [TEST_STEP][PASSED] - Statement - product = com.kms.katalon.core.webui.keyword.WebUiBuiltInKeywords.modifyObjectProperty(product, "xpath", "equals", "//*[@id = "fldvendor" + row + ""]", true): Modify property of object successfully

2018-05-16 18:48:09 - [MESSAGE][PASSED] - Modify property of object successfully

2018-05-16 18:48:09 - [TEST_STEP][PASSED] - selectOptionByIndex: All options with index in [3] are selected on object ''

2018-05-16 18:48:09 - [MESSAGE][PASSED] - All options with index in [3] are selected on object ''

2018-05-16 18:48:09 - [TEST_STEP][PASSED] - Statement - batch = new com.kms.katalon.core.testobject.TestObject(): null

2018-05-16 18:48:09 - [TEST_STEP][PASSED] - Statement - batch = com.kms.katalon.core.webui.keyword.WebUiBuiltInKeywords.modifyObjectProperty(batch, "xpath", "equals", "//*[@id = "txtbthqty" + row + ""]", true): Modify property of object successfully

2018-05-16 18:48:09 - [MESSAGE][PASSED] - Modify property of object successfully

2018-05-16 18:48:09 - [TEST_STEP][PASSED] - Statement - batchqty = com.kms.katalon.core.webui.keyword.WebUiBuiltInKeywords.getAttribute(batch, "value").trim(): Attribute 'value' of object '' is: '38800'

2018-05-16 18:48:09 - [MESSAGE][PASSED] - Attribute 'value' of object '' is: '38800'

2018-05-16 18:48:09 - [TEST_STEP][PASSED] - Statement - Rqty = 10000: null

2018-05-16 18:48:09 - [TEST_STEP][PASSED] - delay: Delayed 2 second(s)

2018-05-16 18:48:11 - [MESSAGE][PASSED] - Delayed 2 second(s)

2018-05-16 18:48:11 - [TEST_STEP][PASSED] - Statement - out.println("BatchQty : " + batchqty): null

2018-05-16 18:48:11 - [TEST_STEP][PASSED] - Statement - out.println("RQty : " + Rqty): null

2018-05-16 18:48:11 - [TEST_STEP][PASSED] - Statement - If (java.lang.Integer.valueOf(batchqty) >= java.lang.Integer.valueOf(Rqty)): null

2018-05-16 18:48:11 - [TEST_STEP][PASSED] - Statement - Break: null

2018-05-16 18:48:11 - [TEST_STEP][PASSED] - Statement - batchlength = new com.kms.katalon.core.testobject.TestObject(): null

2018-05-16 18:48:11 - [TEST_STEP][PASSED] - Statement - batchlength = com.kms.katalon.core.webui.keyword.WebUiBuiltInKeywords.modifyObjectProperty(batchlength, "xpath", "equals", "//*[@id = "fldvendor" + row + ""]", true): Modify property of object successfully

2018-05-16 18:48:11 - [MESSAGE][PASSED] - Modify property of object successfully

2018-05-16 18:48:11 - [TEST_STEP][PASSED] - Statement - batchsize = com.kms.katalon.core.webui.keyword.WebUiBuiltInKeywords.getNumberOfTotalOption(batchlength): 5 options of object '' counted

2018-05-16 18:48:11 - [MESSAGE][PASSED] - 5 options of object '' counted

2018-05-16 18:48:11 - [TEST_STEP][PASSED] - Statement - out.println("BatchSize : " + batchsize): null

2018-05-16 18:48:11 - [TEST_STEP][PASSED] - Statement - For ([n = 1, n <= batchsize - 1, (n++)]): null

2018-05-16 18:48:11 - [TEST_STEP][PASSED] - Statement - product = new com.kms.katalon.core.testobject.TestObject(): null

2018-05-16 18:48:11 - [TEST_STEP][PASSED] - Statement - product = com.kms.katalon.core.webui.keyword.WebUiBuiltInKeywords.modifyObjectProperty(product, "xpath", "equals", "//*[@id = "fldvendor" + row + ""]", true): Modify property of object successfully

2018-05-16 18:48:11 - [MESSAGE][PASSED] - Modify property of object successfully

2018-05-16 18:48:11 - [TEST_STEP][PASSED] - selectOptionByIndex: All options with index in [1] are selected on object ''

2018-05-16 18:48:11 - [MESSAGE][PASSED] - All options with index in [1] are selected on object ''

2018-05-16 18:48:11 - [TEST_STEP][PASSED] - Statement - batch = new com.kms.katalon.core.testobject.TestObject(): null

2018-05-16 18:48:11 - [TEST_STEP][PASSED] - Statement - batch = com.kms.katalon.core.webui.keyword.WebUiBuiltInKeywords.modifyObjectProperty(batch, "xpath", "equals", "//*[@id = "txtbthqty" + row + ""]", true): Modify property of object successfully

2018-05-16 18:48:11 - [MESSAGE][PASSED] - Modify property of object successfully

2018-05-16 18:48:11 - [TEST_STEP][PASSED] - Statement - batchqty = com.kms.katalon.core.webui.keyword.WebUiBuiltInKeywords.getAttribute(batch, "value").trim(): Attribute 'value' of object '' is: '5000'

2018-05-16 18:48:11 - [MESSAGE][PASSED] - Attribute 'value' of object '' is: '5000'

2018-05-16 18:48:11 - [TEST_STEP][PASSED] - Statement - Rqty = 10000: null

2018-05-16 18:48:11 - [TEST_STEP][PASSED] - delay: Delayed 2 second(s)

2018-05-16 18:48:13 - [MESSAGE][PASSED] - Delayed 2 second(s)

2018-05-16 18:48:13 - [TEST_STEP][PASSED] - Statement - out.println("BatchQty : " + batchqty): null

2018-05-16 18:48:13 - [TEST_STEP][PASSED] - Statement - out.println("RQty : " + Rqty): null

2018-05-16 18:48:13 - [TEST_STEP][PASSED] - Statement - If (java.lang.Integer.valueOf(batchqty) >= java.lang.Integer.valueOf(Rqty)): null

2018-05-16 18:48:13 - [TEST_STEP][PASSED] - Statement - Else: null

2018-05-16 18:48:13 - [TEST_STEP][PASSED] - Statement - out.println("Batchqty Is Less Than Rqty"): null

2018-05-16 18:48:13 - [TEST_STEP][PASSED] - Statement - product = new com.kms.katalon.core.testobject.TestObject(): null

2018-05-16 18:48:13 - [TEST_STEP][PASSED] - Statement - product = com.kms.katalon.core.webui.keyword.WebUiBuiltInKeywords.modifyObjectProperty(product, "xpath", "equals", "//*[@id = "fldvendor" + row + ""]", true): Modify property of object successfully

2018-05-16 18:48:13 - [MESSAGE][PASSED] - Modify property of object successfully

2018-05-16 18:48:13 - [TEST_STEP][PASSED] - selectOptionByIndex: All options with index in [2] are selected on object ''

2018-05-16 18:48:14 - [MESSAGE][PASSED] - All options with index in [2] are selected on object ''

2018-05-16 18:48:14 - [TEST_STEP][PASSED] - Statement - batch = new com.kms.katalon.core.testobject.TestObject(): null

2018-05-16 18:48:14 - [TEST_STEP][PASSED] - Statement - batch = com.kms.katalon.core.webui.keyword.WebUiBuiltInKeywords.modifyObjectProperty(batch, "xpath", "equals", "//*[@id = "txtbthqty" + row + ""]", true): Modify property of object successfully

2018-05-16 18:48:14 - [MESSAGE][PASSED] - Modify property of object successfully

2018-05-16 18:48:14 - [TEST_STEP][PASSED] - Statement - batchqty = com.kms.katalon.core.webui.keyword.WebUiBuiltInKeywords.getAttribute(batch, "value").trim(): Attribute 'value' of object '' is: '4000'

2018-05-16 18:48:14 - [MESSAGE][PASSED] - Attribute 'value' of object '' is: '4000'

2018-05-16 18:48:14 - [TEST_STEP][PASSED] - Statement - Rqty = 10000: null

2018-05-16 18:48:14 - [TEST_STEP][PASSED] - delay: Delayed 2 second(s)

2018-05-16 18:48:16 - [MESSAGE][PASSED] - Delayed 2 second(s)

2018-05-16 18:48:16 - [TEST_STEP][PASSED] - Statement - out.println("BatchQty : " + batchqty): null

2018-05-16 18:48:16 - [TEST_STEP][PASSED] - Statement - out.println("RQty : " + Rqty): null

2018-05-16 18:48:16 - [TEST_STEP][PASSED] - Statement - If (java.lang.Integer.valueOf(batchqty) >= java.lang.Integer.valueOf(Rqty)): null

2018-05-16 18:48:16 - [TEST_STEP][PASSED] - Statement - Else: null

2018-05-16 18:48:16 - [TEST_STEP][PASSED] - Statement - out.println("Batchqty Is Less Than Rqty"): null

2018-05-16 18:48:16 - [TEST_STEP][PASSED] - Statement - product = new com.kms.katalon.core.testobject.TestObject(): null

2018-05-16 18:48:16 - [TEST_STEP][PASSED] - Statement - product = com.kms.katalon.core.webui.keyword.WebUiBuiltInKeywords.modifyObjectProperty(product, "xpath", "equals", "//*[@id = "fldvendor" + row + ""]", true): Modify property of object successfully

2018-05-16 18:48:16 - [MESSAGE][PASSED] - Modify property of object successfully

2018-05-16 18:48:16 - [TEST_STEP][PASSED] - selectOptionByIndex: All options with index in [3] are selected on object ''

2018-05-16 18:48:16 - [MESSAGE][PASSED] - All options with index in [3] are selected on object ''

2018-05-16 18:48:16 - [TEST_STEP][PASSED] - Statement - batch = new com.kms.katalon.core.testobject.TestObject(): null

2018-05-16 18:48:16 - [TEST_STEP][PASSED] - Statement - batch = com.kms.katalon.core.webui.keyword.WebUiBuiltInKeywords.modifyObjectProperty(batch, "xpath", "equals", "//*[@id = "txtbthqty" + row + ""]", true): Modify property of object successfully

2018-05-16 18:48:16 - [MESSAGE][PASSED] - Modify property of object successfully

2018-05-16 18:48:16 - [TEST_STEP][PASSED] - Statement - batchqty = com.kms.katalon.core.webui.keyword.WebUiBuiltInKeywords.getAttribute(batch, "value").trim(): Attribute 'value' of object '' is: '5000'

2018-05-16 18:48:16 - [MESSAGE][PASSED] - Attribute 'value' of object '' is: '5000'

2018-05-16 18:48:16 - [TEST_STEP][PASSED] - Statement - Rqty = 10000: null

2018-05-16 18:48:16 - [TEST_STEP][PASSED] - delay: Delayed 2 second(s)

2018-05-16 18:48:18 - [MESSAGE][PASSED] - Delayed 2 second(s)

2018-05-16 18:48:18 - [TEST_STEP][PASSED] - Statement - out.println("BatchQty : " + batchqty): null

2018-05-16 18:48:18 - [TEST_STEP][PASSED] - Statement - out.println("RQty : " + Rqty): null

2018-05-16 18:48:18 - [TEST_STEP][PASSED] - Statement - If (java.lang.Integer.valueOf(batchqty) >= java.lang.Integer.valueOf(Rqty)): null

2018-05-16 18:48:18 - [TEST_STEP][PASSED] - Statement - Else: null

2018-05-16 18:48:18 - [TEST_STEP][PASSED] - Statement - out.println("Batchqty Is Less Than Rqty"): null

2018-05-16 18:48:18 - [TEST_STEP][PASSED] - Statement - product = new com.kms.katalon.core.testobject.TestObject(): null

2018-05-16 18:48:18 - [TEST_STEP][PASSED] - Statement - product = com.kms.katalon.core.webui.keyword.WebUiBuiltInKeywords.modifyObjectProperty(product, "xpath", "equals", "//*[@id = "fldvendor" + row + ""]", true): Modify property of object successfully

2018-05-16 18:48:18 - [MESSAGE][PASSED] - Modify property of object successfully

2018-05-16 18:48:18 - [TEST_STEP][PASSED] - selectOptionByIndex: All options with index in [4] are selected on object ''

2018-05-16 18:48:18 - [MESSAGE][PASSED] - All options with index in [4] are selected on object ''

2018-05-16 18:48:18 - [TEST_STEP][PASSED] - Statement - batch = new com.kms.katalon.core.testobject.TestObject(): null

2018-05-16 18:48:18 - [TEST_STEP][PASSED] - Statement - batch = com.kms.katalon.core.webui.keyword.WebUiBuiltInKeywords.modifyObjectProperty(batch, "xpath", "equals", "//*[@id = "txtbthqty" + row + ""]", true): Modify property of object successfully

2018-05-16 18:48:18 - [MESSAGE][PASSED] - Modify property of object successfully

2018-05-16 18:48:18 - [TEST_STEP][PASSED] - Statement - batchqty = com.kms.katalon.core.webui.keyword.WebUiBuiltInKeywords.getAttribute(batch, "value").trim(): Attribute 'value' of object '' is: '39800'

2018-05-16 18:48:18 - [MESSAGE][PASSED] - Attribute 'value' of object '' is: '39800'

2018-05-16 18:48:18 - [TEST_STEP][PASSED] - Statement - Rqty = 10000: null

2018-05-16 18:48:18 - [TEST_STEP][PASSED] - delay: Delayed 2 second(s)

2018-05-16 18:48:20 - [MESSAGE][PASSED] - Delayed 2 second(s)

2018-05-16 18:48:20 - [TEST_STEP][PASSED] - Statement - out.println("BatchQty : " + batchqty): null

2018-05-16 18:48:20 - [TEST_STEP][PASSED] - Statement - out.println("RQty : " + Rqty): null

2018-05-16 18:48:20 - [TEST_STEP][PASSED] - Statement - If (java.lang.Integer.valueOf(batchqty) >= java.lang.Integer.valueOf(Rqty)): null

2018-05-16 18:48:20 - [TEST_STEP][PASSED] - Statement - Break: null

2018-05-16 18:48:20 - [TEST_STEP][PASSED] - Statement - batchlength = new com.kms.katalon.core.testobject.TestObject(): null

2018-05-16 18:48:20 - [TEST_STEP][PASSED] - Statement - batchlength = com.kms.katalon.core.webui.keyword.WebUiBuiltInKeywords.modifyObjectProperty(batchlength, "xpath", "equals", "//*[@id = "fldvendor" + row + ""]", true): Modify property of object successfully

2018-05-16 18:48:20 - [MESSAGE][PASSED] - Modify property of object successfully

2018-05-16 18:48:20 - [TEST_STEP][PASSED] - Statement - batchsize = com.kms.katalon.core.webui.keyword.WebUiBuiltInKeywords.getNumberOfTotalOption(batchlength): 5 options of object '' counted

2018-05-16 18:48:20 - [MESSAGE][PASSED] - 5 options of object '' counted

2018-05-16 18:48:20 - [TEST_STEP][PASSED] - Statement - out.println("BatchSize : " + batchsize): null

2018-05-16 18:48:20 - [TEST_STEP][PASSED] - Statement - For ([n = 1, n <= batchsize - 1, (n++)]): null

2018-05-16 18:48:20 - [TEST_STEP][PASSED] - Statement - product = new com.kms.katalon.core.testobject.TestObject(): null

2018-05-16 18:48:20 - [TEST_STEP][PASSED] - Statement - product = com.kms.katalon.core.webui.keyword.WebUiBuiltInKeywords.modifyObjectProperty(product, "xpath", "equals", "//*[@id = "fldvendor" + row + ""]", true): Modify property of object successfully

2018-05-16 18:48:20 - [MESSAGE][PASSED] - Modify property of object successfully

2018-05-16 18:48:20 - [TEST_STEP][PASSED] - selectOptionByIndex: All options with index in [1] are selected on object ''

2018-05-16 18:48:20 - [MESSAGE][PASSED] - All options with index in [1] are selected on object ''

2018-05-16 18:48:20 - [TEST_STEP][PASSED] - Statement - batch = new com.kms.katalon.core.testobject.TestObject(): null

2018-05-16 18:48:20 - [TEST_STEP][PASSED] - Statement - batch = com.kms.katalon.core.webui.keyword.WebUiBuiltInKeywords.modifyObjectProperty(batch, "xpath", "equals", "//*[@id = "txtbthqty" + row + ""]", true): Modify property of object successfully

2018-05-16 18:48:20 - [MESSAGE][PASSED] - Modify property of object successfully

2018-05-16 18:48:20 - [TEST_STEP][PASSED] - Statement - batchqty = com.kms.katalon.core.webui.keyword.WebUiBuiltInKeywords.getAttribute(batch, "value").trim(): Attribute 'value' of object '' is: '5000'

2018-05-16 18:48:20 - [MESSAGE][PASSED] - Attribute 'value' of object '' is: '5000'

2018-05-16 18:48:20 - [TEST_STEP][PASSED] - Statement - Rqty = 10000: null

2018-05-16 18:48:20 - [TEST_STEP][PASSED] - delay: Delayed 2 second(s)

2018-05-16 18:48:22 - [MESSAGE][PASSED] - Delayed 2 second(s)

2018-05-16 18:48:22 - [TEST_STEP][PASSED] - Statement - out.println("BatchQty : " + batchqty): null

2018-05-16 18:48:22 - [TEST_STEP][PASSED] - Statement - out.println("RQty : " + Rqty): null

2018-05-16 18:48:22 - [TEST_STEP][PASSED] - Statement - If (java.lang.Integer.valueOf(batchqty) >= java.lang.Integer.valueOf(Rqty)): null

2018-05-16 18:48:22 - [TEST_STEP][PASSED] - Statement - Else: null

2018-05-16 18:48:22 - [TEST_STEP][PASSED] - Statement - out.println("Batchqty Is Less Than Rqty"): null

2018-05-16 18:48:22 - [TEST_STEP][PASSED] - Statement - product = new com.kms.katalon.core.testobject.TestObject(): null

2018-05-16 18:48:22 - [TEST_STEP][PASSED] - Statement - product = com.kms.katalon.core.webui.keyword.WebUiBuiltInKeywords.modifyObjectProperty(product, "xpath", "equals", "//*[@id = "fldvendor" + row + ""]", true): Modify property of object successfully

2018-05-16 18:48:22 - [MESSAGE][PASSED] - Modify property of object successfully

2018-05-16 18:48:22 - [TEST_STEP][PASSED] - selectOptionByIndex: All options with index in [2] are selected on object ''

2018-05-16 18:48:22 - [MESSAGE][PASSED] - All options with index in [2] are selected on object ''

2018-05-16 18:48:22 - [TEST_STEP][PASSED] - Statement - batch = new com.kms.katalon.core.testobject.TestObject(): null

2018-05-16 18:48:22 - [TEST_STEP][PASSED] - Statement - batch = com.kms.katalon.core.webui.keyword.WebUiBuiltInKeywords.modifyObjectProperty(batch, "xpath", "equals", "//*[@id = "txtbthqty" + row + ""]", true): Modify property of object successfully

2018-05-16 18:48:22 - [MESSAGE][PASSED] - Modify property of object successfully

2018-05-16 18:48:22 - [TEST_STEP][PASSED] - Statement - batchqty = com.kms.katalon.core.webui.keyword.WebUiBuiltInKeywords.getAttribute(batch, "value").trim(): Attribute 'value' of object '' is: '5000'

2018-05-16 18:48:22 - [MESSAGE][PASSED] - Attribute 'value' of object '' is: '5000'

2018-05-16 18:48:22 - [TEST_STEP][PASSED] - Statement - Rqty = 10000: null

2018-05-16 18:48:22 - [TEST_STEP][PASSED] - delay: Delayed 2 second(s)

2018-05-16 18:48:24 - [MESSAGE][PASSED] - Delayed 2 second(s)

2018-05-16 18:48:24 - [TEST_STEP][PASSED] - Statement - out.println("BatchQty : " + batchqty): null

2018-05-16 18:48:24 - [TEST_STEP][PASSED] - Statement - out.println("RQty : " + Rqty): null

2018-05-16 18:48:24 - [TEST_STEP][PASSED] - Statement - If (java.lang.Integer.valueOf(batchqty) >= java.lang.Integer.valueOf(Rqty)): null

2018-05-16 18:48:24 - [TEST_STEP][PASSED] - Statement - Else: null

2018-05-16 18:48:24 - [TEST_STEP][PASSED] - Statement - out.println("Batchqty Is Less Than Rqty"): null

2018-05-16 18:48:24 - [TEST_STEP][PASSED] - Statement - product = new com.kms.katalon.core.testobject.TestObject(): null

2018-05-16 18:48:24 - [TEST_STEP][PASSED] - Statement - product = com.kms.katalon.core.webui.keyword.WebUiBuiltInKeywords.modifyObjectProperty(product, "xpath", "equals", "//*[@id = "fldvendor" + row + ""]", true): Modify property of object successfully

2018-05-16 18:48:24 - [MESSAGE][PASSED] - Modify property of object successfully

2018-05-16 18:48:24 - [TEST_STEP][PASSED] - selectOptionByIndex: All options with index in [3] are selected on object ''

2018-05-16 18:48:25 - [MESSAGE][PASSED] - All options with index in [3] are selected on object ''

2018-05-16 18:48:25 - [TEST_STEP][PASSED] - Statement - batch = new com.kms.katalon.core.testobject.TestObject(): null

2018-05-16 18:48:25 - [TEST_STEP][PASSED] - Statement - batch = com.kms.katalon.core.webui.keyword.WebUiBuiltInKeywords.modifyObjectProperty(batch, "xpath", "equals", "//*[@id = "txtbthqty" + row + ""]", true): Modify property of object successfully

2018-05-16 18:48:25 - [MESSAGE][PASSED] - Modify property of object successfully

2018-05-16 18:48:25 - [TEST_STEP][PASSED] - Statement - batchqty = com.kms.katalon.core.webui.keyword.WebUiBuiltInKeywords.getAttribute(batch, "value").trim(): Attribute 'value' of object '' is: '4000'

2018-05-16 18:48:25 - [MESSAGE][PASSED] - Attribute 'value' of object '' is: '4000'

2018-05-16 18:48:25 - [TEST_STEP][PASSED] - Statement - Rqty = 10000: null

2018-05-16 18:48:25 - [TEST_STEP][PASSED] - delay: Delayed 2 second(s)

2018-05-16 18:48:27 - [MESSAGE][PASSED] - Delayed 2 second(s)

2018-05-16 18:48:27 - [TEST_STEP][PASSED] - Statement - out.println("BatchQty : " + batchqty): null

2018-05-16 18:48:27 - [TEST_STEP][PASSED] - Statement - out.println("RQty : " + Rqty): null

2018-05-16 18:48:27 - [TEST_STEP][PASSED] - Statement - If (java.lang.Integer.valueOf(batchqty) >= java.lang.Integer.valueOf(Rqty)): null

2018-05-16 18:48:27 - [TEST_STEP][PASSED] - Statement - Else: null

2018-05-16 18:48:27 - [TEST_STEP][PASSED] - Statement - out.println("Batchqty Is Less Than Rqty"): null

2018-05-16 18:48:27 - [TEST_STEP][PASSED] - Statement - product = new com.kms.katalon.core.testobject.TestObject(): null

2018-05-16 18:48:27 - [TEST_STEP][PASSED] - Statement - product = com.kms.katalon.core.webui.keyword.WebUiBuiltInKeywords.modifyObjectProperty(product, "xpath", "equals", "//*[@id = "fldvendor" + row + ""]", true): Modify property of object successfully

2018-05-16 18:48:27 - [MESSAGE][PASSED] - Modify property of object successfully

2018-05-16 18:48:27 - [TEST_STEP][PASSED] - selectOptionByIndex: All options with index in [4] are selected on object ''

2018-05-16 18:48:27 - [MESSAGE][PASSED] - All options with index in [4] are selected on object ''

2018-05-16 18:48:27 - [TEST_STEP][PASSED] - Statement - batch = new com.kms.katalon.core.testobject.TestObject(): null

2018-05-16 18:48:27 - [TEST_STEP][PASSED] - Statement - batch = com.kms.katalon.core.webui.keyword.WebUiBuiltInKeywords.modifyObjectProperty(batch, "xpath", "equals", "//*[@id = "txtbthqty" + row + ""]", true): Modify property of object successfully

2018-05-16 18:48:27 - [MESSAGE][PASSED] - Modify property of object successfully

2018-05-16 18:48:27 - [TEST_STEP][PASSED] - Statement - batchqty = com.kms.katalon.core.webui.keyword.WebUiBuiltInKeywords.getAttribute(batch, "value").trim(): Attribute 'value' of object '' is: '39800'

2018-05-16 18:48:27 - [MESSAGE][PASSED] - Attribute 'value' of object '' is: '39800'

2018-05-16 18:48:27 - [TEST_STEP][PASSED] - Statement - Rqty = 10000: null

2018-05-16 18:48:27 - [TEST_STEP][PASSED] - delay: Delayed 2 second(s)

2018-05-16 18:48:29 - [MESSAGE][PASSED] - Delayed 2 second(s)

2018-05-16 18:48:29 - [TEST_STEP][PASSED] - Statement - out.println("BatchQty : " + batchqty): null

2018-05-16 18:48:29 - [TEST_STEP][PASSED] - Statement - out.println("RQty : " + Rqty): null

2018-05-16 18:48:29 - [TEST_STEP][PASSED] - Statement - If (java.lang.Integer.valueOf(batchqty) >= java.lang.Integer.valueOf(Rqty)): null

2018-05-16 18:48:29 - [TEST_STEP][PASSED] - Statement - Break: null

2018-05-16 18:48:29 - [TEST_STEP][PASSED] - Statement - batchlength = new com.kms.katalon.core.testobject.TestObject(): null

2018-05-16 18:48:29 - [TEST_STEP][PASSED] - Statement - batchlength = com.kms.katalon.core.webui.keyword.WebUiBuiltInKeywords.modifyObjectProperty(batchlength, "xpath", "equals", "//*[@id = "fldvendor" + row + ""]", true): Modify property of object successfully

2018-05-16 18:48:29 - [MESSAGE][PASSED] - Modify property of object successfully

2018-05-16 18:48:29 - [TEST_STEP][PASSED] - Statement - batchsize = com.kms.katalon.core.webui.keyword.WebUiBuiltInKeywords.getNumberOfTotalOption(batchlength): 5 options of object '' counted

2018-05-16 18:48:29 - [MESSAGE][PASSED] - 5 options of object '' counted

2018-05-16 18:48:29 - [TEST_STEP][PASSED] - Statement - out.println("BatchSize : " + batchsize): null

2018-05-16 18:48:29 - [TEST_STEP][PASSED] - Statement - For ([n = 1, n <= batchsize - 1, (n++)]): null

2018-05-16 18:48:29 - [TEST_STEP][PASSED] - Statement - product = new com.kms.katalon.core.testobject.TestObject(): null

2018-05-16 18:48:29 - [TEST_STEP][PASSED] - Statement - product = com.kms.katalon.core.webui.keyword.WebUiBuiltInKeywords.modifyObjectProperty(product, "xpath", "equals", "//*[@id = "fldvendor" + row + ""]", true): Modify property of object successfully

2018-05-16 18:48:29 - [MESSAGE][PASSED] - Modify property of object successfully

2018-05-16 18:48:29 - [TEST_STEP][PASSED] - selectOptionByIndex: All options with index in [1] are selected on object ''

2018-05-16 18:48:29 - [MESSAGE][PASSED] - All options with index in [1] are selected on object ''

2018-05-16 18:48:29 - [TEST_STEP][PASSED] - Statement - batch = new com.kms.katalon.core.testobject.TestObject(): null

2018-05-16 18:48:29 - [TEST_STEP][PASSED] - Statement - batch = com.kms.katalon.core.webui.keyword.WebUiBuiltInKeywords.modifyObjectProperty(batch, "xpath", "equals", "//*[@id = "txtbthqty" + row + ""]", true): Modify property of object successfully

2018-05-16 18:48:29 - [MESSAGE][PASSED] - Modify property of object successfully

2018-05-16 18:48:29 - [TEST_STEP][PASSED] - Statement - batchqty = com.kms.katalon.core.webui.keyword.WebUiBuiltInKeywords.getAttribute(batch, "value").trim(): Attribute 'value' of object '' is: '38800'

2018-05-16 18:48:29 - [MESSAGE][PASSED] - Attribute 'value' of object '' is: '38800'

2018-05-16 18:48:29 - [TEST_STEP][PASSED] - Statement - Rqty = 10000: null

2018-05-16 18:48:29 - [TEST_STEP][PASSED] - delay: Delayed 2 second(s)

2018-05-16 18:48:31 - [MESSAGE][PASSED] - Delayed 2 second(s)

2018-05-16 18:48:31 - [TEST_STEP][PASSED] - Statement - out.println("BatchQty : " + batchqty): null

2018-05-16 18:48:31 - [TEST_STEP][PASSED] - Statement - out.println("RQty : " + Rqty): null

2018-05-16 18:48:31 - [TEST_STEP][PASSED] - Statement - If (java.lang.Integer.valueOf(batchqty) >= java.lang.Integer.valueOf(Rqty)): null

2018-05-16 18:48:31 - [TEST_STEP][PASSED] - Statement - Break: null

2018-05-16 18:48:31 - [TEST_STEP][PASSED] - Statement - batchlength = new com.kms.katalon.core.testobject.TestObject(): null

2018-05-16 18:48:31 - [TEST_STEP][PASSED] - Statement - batchlength = com.kms.katalon.core.webui.keyword.WebUiBuiltInKeywords.modifyObjectProperty(batchlength, "xpath", "equals", "//*[@id = "fldvendor" + row + ""]", true): Modify property of object successfully

2018-05-16 18:48:31 - [MESSAGE][PASSED] - Modify property of object successfully

2018-05-16 18:48:31 - [TEST_STEP][PASSED] - Statement - batchsize = com.kms.katalon.core.webui.keyword.WebUiBuiltInKeywords.getNumberOfTotalOption(batchlength): 5 options of object '' counted

2018-05-16 18:48:31 - [MESSAGE][PASSED] - 5 options of object '' counted

2018-05-16 18:48:31 - [TEST_STEP][PASSED] - Statement - out.println("BatchSize : " + batchsize): null

2018-05-16 18:48:31 - [TEST_STEP][PASSED] - Statement - For ([n = 1, n <= batchsize - 1, (n++)]): null

2018-05-16 18:48:31 - [TEST_STEP][PASSED] - Statement - product = new com.kms.katalon.core.testobject.TestObject(): null

2018-05-16 18:48:31 - [TEST_STEP][PASSED] - Statement - product = com.kms.katalon.core.webui.keyword.WebUiBuiltInKeywords.modifyObjectProperty(product, "xpath", "equals", "//*[@id = "fldvendor" + row + ""]", true): Modify property of object successfully

2018-05-16 18:48:31 - [MESSAGE][PASSED] - Modify property of object successfully

2018-05-16 18:48:31 - [TEST_STEP][PASSED] - selectOptionByIndex: All options with index in [1] are selected on object ''

2018-05-16 18:48:31 - [MESSAGE][PASSED] - All options with index in [1] are selected on object ''

2018-05-16 18:48:31 - [TEST_STEP][PASSED] - Statement - batch = new com.kms.katalon.core.testobject.TestObject(): null

2018-05-16 18:48:31 - [TEST_STEP][PASSED] - Statement - batch = com.kms.katalon.core.webui.keyword.WebUiBuiltInKeywords.modifyObjectProperty(batch, "xpath", "equals", "//*[@id = "txtbthqty" + row + ""]", true): Modify property of object successfully

2018-05-16 18:48:31 - [MESSAGE][PASSED] - Modify property of object successfully

2018-05-16 18:48:31 - [TEST_STEP][PASSED] - Statement - batchqty = com.kms.katalon.core.webui.keyword.WebUiBuiltInKeywords.getAttribute(batch, "value").trim(): Attribute 'value' of object '' is: '4000'

2018-05-16 18:48:31 - [MESSAGE][PASSED] - Attribute 'value' of object '' is: '4000'

2018-05-16 18:48:31 - [TEST_STEP][PASSED] - Statement - Rqty = 10000: null

2018-05-16 18:48:31 - [TEST_STEP][PASSED] - delay: Delayed 2 second(s)

2018-05-16 18:48:33 - [MESSAGE][PASSED] - Delayed 2 second(s)

2018-05-16 18:48:33 - [TEST_STEP][PASSED] - Statement - out.println("BatchQty : " + batchqty): null

2018-05-16 18:48:33 - [TEST_STEP][PASSED] - Statement - out.println("RQty : " + Rqty): null

2018-05-16 18:48:33 - [TEST_STEP][PASSED] - Statement - If (java.lang.Integer.valueOf(batchqty) >= java.lang.Integer.valueOf(Rqty)): null

2018-05-16 18:48:33 - [TEST_STEP][PASSED] - Statement - Else: null

2018-05-16 18:48:33 - [TEST_STEP][PASSED] - Statement - out.println("Batchqty Is Less Than Rqty"): null

2018-05-16 18:48:33 - [TEST_STEP][PASSED] - Statement - product = new com.kms.katalon.core.testobject.TestObject(): null

2018-05-16 18:48:33 - [TEST_STEP][PASSED] - Statement - product = com.kms.katalon.core.webui.keyword.WebUiBuiltInKeywords.modifyObjectProperty(product, "xpath", "equals", "//*[@id = "fldvendor" + row + ""]", true): Modify property of object successfully

2018-05-16 18:48:33 - [MESSAGE][PASSED] - Modify property of object successfully

2018-05-16 18:48:33 - [TEST_STEP][PASSED] - selectOptionByIndex: All options with index in [2] are selected on object ''

2018-05-16 18:48:34 - [MESSAGE][PASSED] - All options with index in [2] are selected on object ''

2018-05-16 18:48:34 - [TEST_STEP][PASSED] - Statement - batch = new com.kms.katalon.core.testobject.TestObject(): null

2018-05-16 18:48:34 - [TEST_STEP][PASSED] - Statement - batch = com.kms.katalon.core.webui.keyword.WebUiBuiltInKeywords.modifyObjectProperty(batch, "xpath", "equals", "//*[@id = "txtbthqty" + row + ""]", true): Modify property of object successfully

2018-05-16 18:48:34 - [MESSAGE][PASSED] - Modify property of object successfully

2018-05-16 18:48:34 - [TEST_STEP][PASSED] - Statement - batchqty = com.kms.katalon.core.webui.keyword.WebUiBuiltInKeywords.getAttribute(batch, "value").trim(): Attribute 'value' of object '' is: '5000'

2018-05-16 18:48:34 - [MESSAGE][PASSED] - Attribute 'value' of object '' is: '5000'

2018-05-16 18:48:34 - [TEST_STEP][PASSED] - Statement - Rqty = 10000: null

2018-05-16 18:48:34 - [TEST_STEP][PASSED] - delay: Delayed 2 second(s)

2018-05-16 18:48:36 - [MESSAGE][PASSED] - Delayed 2 second(s)

2018-05-16 18:48:36 - [TEST_STEP][PASSED] - Statement - out.println("BatchQty : " + batchqty): null

2018-05-16 18:48:36 - [TEST_STEP][PASSED] - Statement - out.println("RQty : " + Rqty): null

2018-05-16 18:48:36 - [TEST_STEP][PASSED] - Statement - If (java.lang.Integer.valueOf(batchqty) >= java.lang.Integer.valueOf(Rqty)): null

2018-05-16 18:48:36 - [TEST_STEP][PASSED] - Statement - Else: null

2018-05-16 18:48:36 - [TEST_STEP][PASSED] - Statement - out.println("Batchqty Is Less Than Rqty"): null

2018-05-16 18:48:36 - [TEST_STEP][PASSED] - Statement - product = new com.kms.katalon.core.testobject.TestObject(): null

2018-05-16 18:48:36 - [TEST_STEP][PASSED] - Statement - product = com.kms.katalon.core.webui.keyword.WebUiBuiltInKeywords.modifyObjectProperty(product, "xpath", "equals", "//*[@id = "fldvendor" + row + ""]", true): Modify property of object successfully

2018-05-16 18:48:36 - [MESSAGE][PASSED] - Modify property of object successfully

2018-05-16 18:48:36 - [TEST_STEP][PASSED] - selectOptionByIndex: All options with index in [3] are selected on object ''

2018-05-16 18:48:36 - [MESSAGE][PASSED] - All options with index in [3] are selected on object ''

2018-05-16 18:48:36 - [TEST_STEP][PASSED] - Statement - batch = new com.kms.katalon.core.testobject.TestObject(): null

2018-05-16 18:48:36 - [TEST_STEP][PASSED] - Statement - batch = com.kms.katalon.core.webui.keyword.WebUiBuiltInKeywords.modifyObjectProperty(batch, "xpath", "equals", "//*[@id = "txtbthqty" + row + ""]", true): Modify property of object successfully

2018-05-16 18:48:36 - [MESSAGE][PASSED] - Modify property of object successfully

2018-05-16 18:48:36 - [TEST_STEP][PASSED] - Statement - batchqty = com.kms.katalon.core.webui.keyword.WebUiBuiltInKeywords.getAttribute(batch, "value").trim(): Attribute 'value' of object '' is: '5000'

2018-05-16 18:48:36 - [MESSAGE][PASSED] - Attribute 'value' of object '' is: '5000'

2018-05-16 18:48:36 - [TEST_STEP][PASSED] - Statement - Rqty = 10000: null

2018-05-16 18:48:36 - [TEST_STEP][PASSED] - delay: Delayed 2 second(s)

2018-05-16 18:48:38 - [MESSAGE][PASSED] - Delayed 2 second(s)

2018-05-16 18:48:38 - [TEST_STEP][PASSED] - Statement - out.println("BatchQty : " + batchqty): null

2018-05-16 18:48:38 - [TEST_STEP][PASSED] - Statement - out.println("RQty : " + Rqty): null

2018-05-16 18:48:38 - [TEST_STEP][PASSED] - Statement - If (java.lang.Integer.valueOf(batchqty) >= java.lang.Integer.valueOf(Rqty)): null

2018-05-16 18:48:38 - [TEST_STEP][PASSED] - Statement - Else: null

2018-05-16 18:48:38 - [TEST_STEP][PASSED] - Statement - out.println("Batchqty Is Less Than Rqty"): null

2018-05-16 18:48:38 - [TEST_STEP][PASSED] - Statement - product = new com.kms.katalon.core.testobject.TestObject(): null

2018-05-16 18:48:38 - [TEST_STEP][PASSED] - Statement - product = com.kms.katalon.core.webui.keyword.WebUiBuiltInKeywords.modifyObjectProperty(product, "xpath", "equals", "//*[@id = "fldvendor" + row + ""]", true): Modify property of object successfully

2018-05-16 18:48:38 - [MESSAGE][PASSED] - Modify property of object successfully

2018-05-16 18:48:38 - [TEST_STEP][PASSED] - selectOptionByIndex: All options with index in [4] are selected on object ''

2018-05-16 18:48:38 - [MESSAGE][PASSED] - All options with index in [4] are selected on object ''

2018-05-16 18:48:38 - [TEST_STEP][PASSED] - Statement - batch = new com.kms.katalon.core.testobject.TestObject(): null

2018-05-16 18:48:38 - [TEST_STEP][PASSED] - Statement - batch = com.kms.katalon.core.webui.keyword.WebUiBuiltInKeywords.modifyObjectProperty(batch, "xpath", "equals", "//*[@id = "txtbthqty" + row + ""]", true): Modify property of object successfully

2018-05-16 18:48:38 - [MESSAGE][PASSED] - Modify property of object successfully

2018-05-16 18:48:38 - [TEST_STEP][PASSED] - Statement - batchqty = com.kms.katalon.core.webui.keyword.WebUiBuiltInKeywords.getAttribute(batch, "value").trim(): Attribute 'value' of object '' is: '39800'

2018-05-16 18:48:38 - [MESSAGE][PASSED] - Attribute 'value' of object '' is: '39800'

2018-05-16 18:48:38 - [TEST_STEP][PASSED] - Statement - Rqty = 10000: null

2018-05-16 18:48:38 - [TEST_STEP][PASSED] - delay: Delayed 2 second(s)

2018-05-16 18:48:40 - [MESSAGE][PASSED] - Delayed 2 second(s)

2018-05-16 18:48:40 - [TEST_STEP][PASSED] - Statement - out.println("BatchQty : " + batchqty): null

2018-05-16 18:48:40 - [TEST_STEP][PASSED] - Statement - out.println("RQty : " + Rqty): null

2018-05-16 18:48:40 - [TEST_STEP][PASSED] - Statement - If (java.lang.Integer.valueOf(batchqty) >= java.lang.Integer.valueOf(Rqty)): null

2018-05-16 18:48:40 - [TEST_STEP][PASSED] - Statement - Break: null

2018-05-16 18:48:40 - [TEST_STEP][PASSED] - Statement - batchlength = new com.kms.katalon.core.testobject.TestObject(): null

2018-05-16 18:48:40 - [TEST_STEP][PASSED] - Statement - batchlength = com.kms.katalon.core.webui.keyword.WebUiBuiltInKeywords.modifyObjectProperty(batchlength, "xpath", "equals", "//*[@id = "fldvendor" + row + ""]", true): Modify property of object successfully

2018-05-16 18:48:40 - [MESSAGE][PASSED] - Modify property of object successfully

2018-05-16 18:48:40 - [TEST_STEP][PASSED] - Statement - batchsize = com.kms.katalon.core.webui.keyword.WebUiBuiltInKeywords.getNumberOfTotalOption(batchlength): 5 options of object '' counted

2018-05-16 18:48:40 - [MESSAGE][PASSED] - 5 options of object '' counted

2018-05-16 18:48:40 - [TEST_STEP][PASSED] - Statement - out.println("BatchSize : " + batchsize): null

2018-05-16 18:48:40 - [TEST_STEP][PASSED] - Statement - For ([n = 1, n <= batchsize - 1, (n++)]): null

2018-05-16 18:48:40 - [TEST_STEP][PASSED] - Statement - product = new com.kms.katalon.core.testobject.TestObject(): null

2018-05-16 18:48:40 - [TEST_STEP][PASSED] - Statement - product = com.kms.katalon.core.webui.keyword.WebUiBuiltInKeywords.modifyObjectProperty(product, "xpath", "equals", "//*[@id = "fldvendor" + row + ""]", true): Modify property of object successfully

2018-05-16 18:48:40 - [MESSAGE][PASSED] - Modify property of object successfully

2018-05-16 18:48:40 - [TEST_STEP][PASSED] - selectOptionByIndex: All options with index in [1] are selected on object ''

2018-05-16 18:48:40 - [MESSAGE][PASSED] - All options with index in [1] are selected on object ''

2018-05-16 18:48:40 - [TEST_STEP][PASSED] - Statement - batch = new com.kms.katalon.core.testobject.TestObject(): null

2018-05-16 18:48:40 - [TEST_STEP][PASSED] - Statement - batch = com.kms.katalon.core.webui.keyword.WebUiBuiltInKeywords.modifyObjectProperty(batch, "xpath", "equals", "//*[@id = "txtbthqty" + row + ""]", true): Modify property of object successfully

2018-05-16 18:48:40 - [MESSAGE][PASSED] - Modify property of object successfully

2018-05-16 18:48:40 - [TEST_STEP][PASSED] - Statement - batchqty = com.kms.katalon.core.webui.keyword.WebUiBuiltInKeywords.getAttribute(batch, "value").trim(): Attribute 'value' of object '' is: '5000'

2018-05-16 18:48:40 - [MESSAGE][PASSED] - Attribute 'value' of object '' is: '5000'

2018-05-16 18:48:40 - [TEST_STEP][PASSED] - Statement - Rqty = 10000: null

2018-05-16 18:48:40 - [TEST_STEP][PASSED] - delay: Delayed 2 second(s)

2018-05-16 18:48:42 - [MESSAGE][PASSED] - Delayed 2 second(s)

2018-05-16 18:48:42 - [TEST_STEP][PASSED] - Statement - out.println("BatchQty : " + batchqty): null

2018-05-16 18:48:42 - [TEST_STEP][PASSED] - Statement - out.println("RQty : " + Rqty): null

2018-05-16 18:48:42 - [TEST_STEP][PASSED] - Statement - If (java.lang.Integer.valueOf(batchqty) >= java.lang.Integer.valueOf(Rqty)): null

2018-05-16 18:48:42 - [TEST_STEP][PASSED] - Statement - Else: null

2018-05-16 18:48:42 - [TEST_STEP][PASSED] - Statement - out.println("Batchqty Is Less Than Rqty"): null

2018-05-16 18:48:42 - [TEST_STEP][PASSED] - Statement - product = new com.kms.katalon.core.testobject.TestObject(): null

2018-05-16 18:48:42 - [TEST_STEP][PASSED] - Statement - product = com.kms.katalon.core.webui.keyword.WebUiBuiltInKeywords.modifyObjectProperty(product, "xpath", "equals", "//*[@id = "fldvendor" + row + ""]", true): Modify property of object successfully

2018-05-16 18:48:42 - [MESSAGE][PASSED] - Modify property of object successfully

2018-05-16 18:48:42 - [TEST_STEP][PASSED] - selectOptionByIndex: All options with index in [2] are selected on object ''

2018-05-16 18:48:42 - [MESSAGE][PASSED] - All options with index in [2] are selected on object ''

2018-05-16 18:48:42 - [TEST_STEP][PASSED] - Statement - batch = new com.kms.katalon.core.testobject.TestObject(): null

2018-05-16 18:48:42 - [TEST_STEP][PASSED] - Statement - batch = com.kms.katalon.core.webui.keyword.WebUiBuiltInKeywords.modifyObjectProperty(batch, "xpath", "equals", "//*[@id = "txtbthqty" + row + ""]", true): Modify property of object successfully

2018-05-16 18:48:42 - [MESSAGE][PASSED] - Modify property of object successfully

2018-05-16 18:48:42 - [TEST_STEP][PASSED] - Statement - batchqty = com.kms.katalon.core.webui.keyword.WebUiBuiltInKeywords.getAttribute(batch, "value").trim(): Attribute 'value' of object '' is: '38800'

2018-05-16 18:48:42 - [MESSAGE][PASSED] - Attribute 'value' of object '' is: '38800'

2018-05-16 18:48:42 - [TEST_STEP][PASSED] - Statement - Rqty = 10000: null

2018-05-16 18:48:42 - [TEST_STEP][PASSED] - delay: Delayed 2 second(s)

2018-05-16 18:48:44 - [MESSAGE][PASSED] - Delayed 2 second(s)

2018-05-16 18:48:44 - [TEST_STEP][PASSED] - Statement - out.println("BatchQty : " + batchqty): null

2018-05-16 18:48:44 - [TEST_STEP][PASSED] - Statement - out.println("RQty : " + Rqty): null

2018-05-16 18:48:44 - [TEST_STEP][PASSED] - Statement - If (java.lang.Integer.valueOf(batchqty) >= java.lang.Integer.valueOf(Rqty)): null

2018-05-16 18:48:44 - [TEST_STEP][PASSED] - Statement - Break: null

2018-05-16 18:48:44 - [TEST_STEP][PASSED] - Statement - batchlength = new com.kms.katalon.core.testobject.TestObject(): null

2018-05-16 18:48:44 - [TEST_STEP][PASSED] - Statement - batchlength = com.kms.katalon.core.webui.keyword.WebUiBuiltInKeywords.modifyObjectProperty(batchlength, "xpath", "equals", "//*[@id = "fldvendor" + row + ""]", true): Modify property of object successfully

2018-05-16 18:48:44 - [MESSAGE][PASSED] - Modify property of object successfully

2018-05-16 18:48:44 - [TEST_STEP][PASSED] - Statement - batchsize = com.kms.katalon.core.webui.keyword.WebUiBuiltInKeywords.getNumberOfTotalOption(batchlength): 5 options of object '' counted

2018-05-16 18:48:45 - [MESSAGE][PASSED] - 5 options of object '' counted

2018-05-16 18:48:45 - [TEST_STEP][PASSED] - Statement - out.println("BatchSize : " + batchsize): null

2018-05-16 18:48:45 - [TEST_STEP][PASSED] - Statement - For ([n = 1, n <= batchsize - 1, (n++)]): null

2018-05-16 18:48:45 - [TEST_STEP][PASSED] - Statement - product = new com.kms.katalon.core.testobject.TestObject(): null

2018-05-16 18:48:45 - [TEST_STEP][PASSED] - Statement - product = com.kms.katalon.core.webui.keyword.WebUiBuiltInKeywords.modifyObjectProperty(product, "xpath", "equals", "//*[@id = "fldvendor" + row + ""]", true): Modify property of object successfully

2018-05-16 18:48:45 - [MESSAGE][PASSED] - Modify property of object successfully

2018-05-16 18:48:45 - [TEST_STEP][PASSED] - selectOptionByIndex: All options with index in [1] are selected on object ''

2018-05-16 18:48:45 - [MESSAGE][PASSED] - All options with index in [1] are selected on object ''

2018-05-16 18:48:45 - [TEST_STEP][PASSED] - Statement - batch = new com.kms.katalon.core.testobject.TestObject(): null

2018-05-16 18:48:45 - [TEST_STEP][PASSED] - Statement - batch = com.kms.katalon.core.webui.keyword.WebUiBuiltInKeywords.modifyObjectProperty(batch, "xpath", "equals", "//*[@id = "txtbthqty" + row + ""]", true): Modify property of object successfully

2018-05-16 18:48:45 - [MESSAGE][PASSED] - Modify property of object successfully

2018-05-16 18:48:45 - [TEST_STEP][PASSED] - Statement - batchqty = com.kms.katalon.core.webui.keyword.WebUiBuiltInKeywords.getAttribute(batch, "value").trim(): Attribute 'value' of object '' is: '5000'

2018-05-16 18:48:45 - [MESSAGE][PASSED] - Attribute 'value' of object '' is: '5000'

2018-05-16 18:48:45 - [TEST_STEP][PASSED] - Statement - Rqty = 10000: null

2018-05-16 18:48:45 - [TEST_STEP][PASSED] - delay: Delayed 2 second(s)

2018-05-16 18:48:47 - [MESSAGE][PASSED] - Delayed 2 second(s)

2018-05-16 18:48:47 - [TEST_STEP][PASSED] - Statement - out.println("BatchQty : " + batchqty): null

2018-05-16 18:48:47 - [TEST_STEP][PASSED] - Statement - out.println("RQty : " + Rqty): null

2018-05-16 18:48:47 - [TEST_STEP][PASSED] - Statement - If (java.lang.Integer.valueOf(batchqty) >= java.lang.Integer.valueOf(Rqty)): null

2018-05-16 18:48:47 - [TEST_STEP][PASSED] - Statement - Else: null

2018-05-16 18:48:47 - [TEST_STEP][PASSED] - Statement - out.println("Batchqty Is Less Than Rqty"): null

2018-05-16 18:48:47 - [TEST_STEP][PASSED] - Statement - product = new com.kms.katalon.core.testobject.TestObject(): null

2018-05-16 18:48:47 - [TEST_STEP][PASSED] - Statement - product = com.kms.katalon.core.webui.keyword.WebUiBuiltInKeywords.modifyObjectProperty(product, "xpath", "equals", "//*[@id = "fldvendor" + row + ""]", true): Modify property of object successfully

2018-05-16 18:48:47 - [MESSAGE][PASSED] - Modify property of object successfully

2018-05-16 18:48:47 - [TEST_STEP][PASSED] - selectOptionByIndex: All options with index in [2] are selected on object ''

2018-05-16 18:48:47 - [MESSAGE][PASSED] - All options with index in [2] are selected on object ''

2018-05-16 18:48:47 - [TEST_STEP][PASSED] - Statement - batch = new com.kms.katalon.core.testobject.TestObject(): null

2018-05-16 18:48:47 - [TEST_STEP][PASSED] - Statement - batch = com.kms.katalon.core.webui.keyword.WebUiBuiltInKeywords.modifyObjectProperty(batch, "xpath", "equals", "//*[@id = "txtbthqty" + row + ""]", true): Modify property of object successfully

2018-05-16 18:48:47 - [MESSAGE][PASSED] - Modify property of object successfully

2018-05-16 18:48:47 - [TEST_STEP][PASSED] - Statement - batchqty = com.kms.katalon.core.webui.keyword.WebUiBuiltInKeywords.getAttribute(batch, "value").trim(): Attribute 'value' of object '' is: '4000'

2018-05-16 18:48:47 - [MESSAGE][PASSED] - Attribute 'value' of object '' is: '4000'

2018-05-16 18:48:47 - [TEST_STEP][PASSED] - Statement - Rqty = 10000: null

2018-05-16 18:48:47 - [TEST_STEP][PASSED] - delay: Delayed 2 second(s)

2018-05-16 18:48:49 - [MESSAGE][PASSED] - Delayed 2 second(s)

2018-05-16 18:48:49 - [TEST_STEP][PASSED] - Statement - out.println("BatchQty : " + batchqty): null

2018-05-16 18:48:49 - [TEST_STEP][PASSED] - Statement - out.println("RQty : " + Rqty): null

2018-05-16 18:48:49 - [TEST_STEP][PASSED] - Statement - If (java.lang.Integer.valueOf(batchqty) >= java.lang.Integer.valueOf(Rqty)): null

2018-05-16 18:48:49 - [TEST_STEP][PASSED] - Statement - Else: null

2018-05-16 18:48:49 - [TEST_STEP][PASSED] - Statement - out.println("Batchqty Is Less Than Rqty"): null

2018-05-16 18:48:49 - [TEST_STEP][PASSED] - Statement - product = new com.kms.katalon.core.testobject.TestObject(): null

2018-05-16 18:48:49 - [TEST_STEP][PASSED] - Statement - product = com.kms.katalon.core.webui.keyword.WebUiBuiltInKeywords.modifyObjectProperty(product, "xpath", "equals", "//*[@id = "fldvendor" + row + ""]", true): Modify property of object successfully

2018-05-16 18:48:49 - [MESSAGE][PASSED] - Modify property of object successfully

2018-05-16 18:48:49 - [TEST_STEP][PASSED] - selectOptionByIndex: All options with index in [3] are selected on object ''

2018-05-16 18:48:49 - [MESSAGE][PASSED] - All options with index in [3] are selected on object ''

2018-05-16 18:48:49 - [TEST_STEP][PASSED] - Statement - batch = new com.kms.katalon.core.testobject.TestObject(): null

2018-05-16 18:48:49 - [TEST_STEP][PASSED] - Statement - batch = com.kms.katalon.core.webui.keyword.WebUiBuiltInKeywords.modifyObjectProperty(batch, "xpath", "equals", "//*[@id = "txtbthqty" + row + ""]", true): Modify property of object successfully

2018-05-16 18:48:49 - [MESSAGE][PASSED] - Modify property of object successfully

2018-05-16 18:48:49 - [TEST_STEP][PASSED] - Statement - batchqty = com.kms.katalon.core.webui.keyword.WebUiBuiltInKeywords.getAttribute(batch, "value").trim(): Attribute 'value' of object '' is: '39800'

2018-05-16 18:48:49 - [MESSAGE][PASSED] - Attribute 'value' of object '' is: '39800'

2018-05-16 18:48:49 - [TEST_STEP][PASSED] - Statement - Rqty = 10000: null

2018-05-16 18:48:49 - [TEST_STEP][PASSED] - delay: Delayed 2 second(s)

2018-05-16 18:48:51 - [MESSAGE][PASSED] - Delayed 2 second(s)

2018-05-16 18:48:51 - [TEST_STEP][PASSED] - Statement - out.println("BatchQty : " + batchqty): null

2018-05-16 18:48:51 - [TEST_STEP][PASSED] - Statement - out.println("RQty : " + Rqty): null

2018-05-16 18:48:51 - [TEST_STEP][PASSED] - Statement - If (java.lang.Integer.valueOf(batchqty) >= java.lang.Integer.valueOf(Rqty)): null

2018-05-16 18:48:51 - [TEST_STEP][PASSED] - Statement - Break: null

2018-05-16 18:48:51 - [TEST_STEP][PASSED] - Statement - batchlength = new com.kms.katalon.core.testobject.TestObject(): null

2018-05-16 18:48:51 - [TEST_STEP][PASSED] - Statement - batchlength = com.kms.katalon.core.webui.keyword.WebUiBuiltInKeywords.modifyObjectProperty(batchlength, "xpath", "equals", "//*[@id = "fldvendor" + row + ""]", true): Modify property of object successfully

2018-05-16 18:48:51 - [MESSAGE][PASSED] - Modify property of object successfully

2018-05-16 18:48:51 - [TEST_STEP][PASSED] - Statement - batchsize = com.kms.katalon.core.webui.keyword.WebUiBuiltInKeywords.getNumberOfTotalOption(batchlength): 5 options of object '' counted

2018-05-16 18:48:51 - [MESSAGE][PASSED] - 5 options of object '' counted

2018-05-16 18:48:51 - [TEST_STEP][PASSED] - Statement - out.println("BatchSize : " + batchsize): null

2018-05-16 18:48:51 - [TEST_STEP][PASSED] - Statement - For ([n = 1, n <= batchsize - 1, (n++)]): null

2018-05-16 18:48:51 - [TEST_STEP][PASSED] - Statement - product = new com.kms.katalon.core.testobject.TestObject(): null

2018-05-16 18:48:51 - [TEST_STEP][PASSED] - Statement - product = com.kms.katalon.core.webui.keyword.WebUiBuiltInKeywords.modifyObjectProperty(product, "xpath", "equals", "//*[@id = "fldvendor" + row + ""]", true): Modify property of object successfully

2018-05-16 18:48:51 - [MESSAGE][PASSED] - Modify property of object successfully

2018-05-16 18:48:51 - [TEST_STEP][PASSED] - selectOptionByIndex: All options with index in [1] are selected on object ''

2018-05-16 18:48:51 - [MESSAGE][PASSED] - All options with index in [1] are selected on object ''

2018-05-16 18:48:51 - [TEST_STEP][PASSED] - Statement - batch = new com.kms.katalon.core.testobject.TestObject(): null

2018-05-16 18:48:51 - [TEST_STEP][PASSED] - Statement - batch = com.kms.katalon.core.webui.keyword.WebUiBuiltInKeywords.modifyObjectProperty(batch, "xpath", "equals", "//*[@id = "txtbthqty" + row + ""]", true): Modify property of object successfully

2018-05-16 18:48:51 - [MESSAGE][PASSED] - Modify property of object successfully

2018-05-16 18:48:51 - [TEST_STEP][PASSED] - Statement - batchqty = com.kms.katalon.core.webui.keyword.WebUiBuiltInKeywords.getAttribute(batch, "value").trim(): Attribute 'value' of object '' is: '38800'

2018-05-16 18:48:51 - [MESSAGE][PASSED] - Attribute 'value' of object '' is: '38800'

2018-05-16 18:48:51 - [TEST_STEP][PASSED] - Statement - Rqty = 10000: null

2018-05-16 18:48:51 - [TEST_STEP][PASSED] - delay: Delayed 2 second(s)

2018-05-16 18:48:53 - [MESSAGE][PASSED] - Delayed 2 second(s)

2018-05-16 18:48:53 - [TEST_STEP][PASSED] - Statement - out.println("BatchQty : " + batchqty): null

2018-05-16 18:48:53 - [TEST_STEP][PASSED] - Statement - out.println("RQty : " + Rqty): null

2018-05-16 18:48:53 - [TEST_STEP][PASSED] - Statement - If (java.lang.Integer.valueOf(batchqty) >= java.lang.Integer.valueOf(Rqty)): null

2018-05-16 18:48:53 - [TEST_STEP][PASSED] - Statement - Break: null

2018-05-16 18:48:53 - [TEST_STEP][PASSED] - Statement - batchlength = new com.kms.katalon.core.testobject.TestObject(): null

2018-05-16 18:48:53 - [TEST_STEP][PASSED] - Statement - batchlength = com.kms.katalon.core.webui.keyword.WebUiBuiltInKeywords.modifyObjectProperty(batchlength, "xpath", "equals", "//*[@id = "fldvendor" + row + ""]", true): Modify property of object successfully

2018-05-16 18:48:53 - [MESSAGE][PASSED] - Modify property of object successfully

2018-05-16 18:48:53 - [TEST_STEP][PASSED] - Statement - batchsize = com.kms.katalon.core.webui.keyword.WebUiBuiltInKeywords.getNumberOfTotalOption(batchlength): 5 options of object '' counted

2018-05-16 18:48:54 - [MESSAGE][PASSED] - 5 options of object '' counted

2018-05-16 18:48:54 - [TEST_STEP][PASSED] - Statement - out.println("BatchSize : " + batchsize): null

2018-05-16 18:48:54 - [TEST_STEP][PASSED] - Statement - For ([n = 1, n <= batchsize - 1, (n++)]): null

2018-05-16 18:48:54 - [TEST_STEP][PASSED] - Statement - product = new com.kms.katalon.core.testobject.TestObject(): null

2018-05-16 18:48:54 - [TEST_STEP][PASSED] - Statement - product = com.kms.katalon.core.webui.keyword.WebUiBuiltInKeywords.modifyObjectProperty(product, "xpath", "equals", "//*[@id = "fldvendor" + row + ""]", true): Modify property of object successfully

2018-05-16 18:48:54 - [MESSAGE][PASSED] - Modify property of object successfully

2018-05-16 18:48:54 - [TEST_STEP][PASSED] - selectOptionByIndex: All options with index in [1] are selected on object ''

2018-05-16 18:48:54 - [MESSAGE][PASSED] - All options with index in [1] are selected on object ''

2018-05-16 18:48:54 - [TEST_STEP][PASSED] - Statement - batch = new com.kms.katalon.core.testobject.TestObject(): null

2018-05-16 18:48:54 - [TEST_STEP][PASSED] - Statement - batch = com.kms.katalon.core.webui.keyword.WebUiBuiltInKeywords.modifyObjectProperty(batch, "xpath", "equals", "//*[@id = "txtbthqty" + row + ""]", true): Modify property of object successfully

2018-05-16 18:48:54 - [MESSAGE][PASSED] - Modify property of object successfully

2018-05-16 18:48:54 - [TEST_STEP][PASSED] - Statement - batchqty = com.kms.katalon.core.webui.keyword.WebUiBuiltInKeywords.getAttribute(batch, "value").trim(): Attribute 'value' of object '' is: '38800'

2018-05-16 18:48:54 - [MESSAGE][PASSED] - Attribute 'value' of object '' is: '38800'

2018-05-16 18:48:54 - [TEST_STEP][PASSED] - Statement - Rqty = 10000: null

2018-05-16 18:48:54 - [TEST_STEP][PASSED] - delay: Delayed 2 second(s)

2018-05-16 18:48:56 - [MESSAGE][PASSED] - Delayed 2 second(s)

2018-05-16 18:48:56 - [TEST_STEP][PASSED] - Statement - out.println("BatchQty : " + batchqty): null

2018-05-16 18:48:56 - [TEST_STEP][PASSED] - Statement - out.println("RQty : " + Rqty): null

2018-05-16 18:48:56 - [TEST_STEP][PASSED] - Statement - If (java.lang.Integer.valueOf(batchqty) >= java.lang.Integer.valueOf(Rqty)): null

2018-05-16 18:48:56 - [TEST_STEP][PASSED] - Statement - Break: null

2018-05-16 18:48:56 - [TEST_STEP][PASSED] - Statement - batchlength = new com.kms.katalon.core.testobject.TestObject(): null

2018-05-16 18:48:56 - [TEST_STEP][PASSED] - Statement - batchlength = com.kms.katalon.core.webui.keyword.WebUiBuiltInKeywords.modifyObjectProperty(batchlength, "xpath", "equals", "//*[@id = "fldvendor" + row + ""]", true): Modify property of object successfully

2018-05-16 18:48:56 - [MESSAGE][PASSED] - Modify property of object successfully

2018-05-16 18:48:56 - [TEST_STEP][PASSED] - Statement - batchsize = com.kms.katalon.core.webui.keyword.WebUiBuiltInKeywords.getNumberOfTotalOption(batchlength): 5 options of object '' counted

2018-05-16 18:48:56 - [MESSAGE][PASSED] - 5 options of object '' counted

2018-05-16 18:48:56 - [TEST_STEP][PASSED] - Statement - out.println("BatchSize : " + batchsize): null

2018-05-16 18:48:56 - [TEST_STEP][PASSED] - Statement - For ([n = 1, n <= batchsize - 1, (n++)]): null

2018-05-16 18:48:56 - [TEST_STEP][PASSED] - Statement - product = new com.kms.katalon.core.testobject.TestObject(): null

2018-05-16 18:48:56 - [TEST_STEP][PASSED] - Statement - product = com.kms.katalon.core.webui.keyword.WebUiBuiltInKeywords.modifyObjectProperty(product, "xpath", "equals", "//*[@id = "fldvendor" + row + ""]", true): Modify property of object successfully

2018-05-16 18:48:56 - [MESSAGE][PASSED] - Modify property of object successfully

2018-05-16 18:48:56 - [TEST_STEP][PASSED] - selectOptionByIndex: All options with index in [1] are selected on object ''

2018-05-16 18:48:56 - [MESSAGE][PASSED] - All options with index in [1] are selected on object ''

2018-05-16 18:48:56 - [TEST_STEP][PASSED] - Statement - batch = new com.kms.katalon.core.testobject.TestObject(): null

2018-05-16 18:48:56 - [TEST_STEP][PASSED] - Statement - batch = com.kms.katalon.core.webui.keyword.WebUiBuiltInKeywords.modifyObjectProperty(batch, "xpath", "equals", "//*[@id = "txtbthqty" + row + ""]", true): Modify property of object successfully

2018-05-16 18:48:56 - [MESSAGE][PASSED] - Modify property of object successfully

2018-05-16 18:48:56 - [TEST_STEP][PASSED] - Statement - batchqty = com.kms.katalon.core.webui.keyword.WebUiBuiltInKeywords.getAttribute(batch, "value").trim(): Attribute 'value' of object '' is: '5000'

2018-05-16 18:48:56 - [MESSAGE][PASSED] - Attribute 'value' of object '' is: '5000'

2018-05-16 18:48:56 - [TEST_STEP][PASSED] - Statement - Rqty = 10000: null

2018-05-16 18:48:56 - [TEST_STEP][PASSED] - delay: Delayed 2 second(s)

2018-05-16 18:48:58 - [MESSAGE][PASSED] - Delayed 2 second(s)

2018-05-16 18:48:58 - [TEST_STEP][PASSED] - Statement - out.println("BatchQty : " + batchqty): null

2018-05-16 18:48:58 - [TEST_STEP][PASSED] - Statement - out.println("RQty : " + Rqty): null

2018-05-16 18:48:58 - [TEST_STEP][PASSED] - Statement - If (java.lang.Integer.valueOf(batchqty) >= java.lang.Integer.valueOf(Rqty)): null

2018-05-16 18:48:58 - [TEST_STEP][PASSED] - Statement - Else: null

2018-05-16 18:48:58 - [TEST_STEP][PASSED] - Statement - out.println("Batchqty Is Less Than Rqty"): null

2018-05-16 18:48:58 - [TEST_STEP][PASSED] - Statement - product = new com.kms.katalon.core.testobject.TestObject(): null

2018-05-16 18:48:58 - [TEST_STEP][PASSED] - Statement - product = com.kms.katalon.core.webui.keyword.WebUiBuiltInKeywords.modifyObjectProperty(product, "xpath", "equals", "//*[@id = "fldvendor" + row + ""]", true): Modify property of object successfully

2018-05-16 18:48:58 - [MESSAGE][PASSED] - Modify property of object successfully

2018-05-16 18:48:58 - [TEST_STEP][PASSED] - selectOptionByIndex: All options with index in [2] are selected on object ''

2018-05-16 18:48:58 - [MESSAGE][PASSED] - All options with index in [2] are selected on object ''

2018-05-16 18:48:58 - [TEST_STEP][PASSED] - Statement - batch = new com.kms.katalon.core.testobject.TestObject(): null

2018-05-16 18:48:58 - [TEST_STEP][PASSED] - Statement - batch = com.kms.katalon.core.webui.keyword.WebUiBuiltInKeywords.modifyObjectProperty(batch, "xpath", "equals", "//*[@id = "txtbthqty" + row + ""]", true): Modify property of object successfully

2018-05-16 18:48:58 - [MESSAGE][PASSED] - Modify property of object successfully

2018-05-16 18:48:58 - [TEST_STEP][PASSED] - Statement - batchqty = com.kms.katalon.core.webui.keyword.WebUiBuiltInKeywords.getAttribute(batch, "value").trim(): Attribute 'value' of object '' is: '5000'

2018-05-16 18:48:58 - [MESSAGE][PASSED] - Attribute 'value' of object '' is: '5000'

2018-05-16 18:48:58 - [TEST_STEP][PASSED] - Statement - Rqty = 10000: null

2018-05-16 18:48:58 - [TEST_STEP][PASSED] - delay: Delayed 2 second(s)

2018-05-16 18:49:00 - [MESSAGE][PASSED] - Delayed 2 second(s)

2018-05-16 18:49:00 - [TEST_STEP][PASSED] - Statement - out.println("BatchQty : " + batchqty): null

2018-05-16 18:49:00 - [TEST_STEP][PASSED] - Statement - out.println("RQty : " + Rqty): null

2018-05-16 18:49:00 - [TEST_STEP][PASSED] - Statement - If (java.lang.Integer.valueOf(batchqty) >= java.lang.Integer.valueOf(Rqty)): null

2018-05-16 18:49:00 - [TEST_STEP][PASSED] - Statement - Else: null

2018-05-16 18:49:00 - [TEST_STEP][PASSED] - Statement - out.println("Batchqty Is Less Than Rqty"): null

2018-05-16 18:49:00 - [TEST_STEP][PASSED] - Statement - product = new com.kms.katalon.core.testobject.TestObject(): null

2018-05-16 18:49:00 - [TEST_STEP][PASSED] - Statement - product = com.kms.katalon.core.webui.keyword.WebUiBuiltInKeywords.modifyObjectProperty(product, "xpath", "equals", "//*[@id = "fldvendor" + row + ""]", true): Modify property of object successfully

2018-05-16 18:49:00 - [MESSAGE][PASSED] - Modify property of object successfully

2018-05-16 18:49:00 - [TEST_STEP][PASSED] - selectOptionByIndex: All options with index in [3] are selected on object ''

2018-05-16 18:49:00 - [MESSAGE][PASSED] - All options with index in [3] are selected on object ''

2018-05-16 18:49:00 - [TEST_STEP][PASSED] - Statement - batch = new com.kms.katalon.core.testobject.TestObject(): null

2018-05-16 18:49:00 - [TEST_STEP][PASSED] - Statement - batch = com.kms.katalon.core.webui.keyword.WebUiBuiltInKeywords.modifyObjectProperty(batch, "xpath", "equals", "//*[@id = "txtbthqty" + row + ""]", true): Modify property of object successfully

2018-05-16 18:49:00 - [MESSAGE][PASSED] - Modify property of object successfully

2018-05-16 18:49:00 - [TEST_STEP][PASSED] - Statement - batchqty = com.kms.katalon.core.webui.keyword.WebUiBuiltInKeywords.getAttribute(batch, "value").trim(): Attribute 'value' of object '' is: '4000'

2018-05-16 18:49:00 - [MESSAGE][PASSED] - Attribute 'value' of object '' is: '4000'

2018-05-16 18:49:00 - [TEST_STEP][PASSED] - Statement - Rqty = 10000: null

2018-05-16 18:49:00 - [TEST_STEP][PASSED] - delay: Delayed 2 second(s)

2018-05-16 18:49:02 - [MESSAGE][PASSED] - Delayed 2 second(s)

2018-05-16 18:49:02 - [TEST_STEP][PASSED] - Statement - out.println("BatchQty : " + batchqty): null

2018-05-16 18:49:02 - [TEST_STEP][PASSED] - Statement - out.println("RQty : " + Rqty): null

2018-05-16 18:49:02 - [TEST_STEP][PASSED] - Statement - If (java.lang.Integer.valueOf(batchqty) >= java.lang.Integer.valueOf(Rqty)): null

2018-05-16 18:49:02 - [TEST_STEP][PASSED] - Statement - Else: null

2018-05-16 18:49:02 - [TEST_STEP][PASSED] - Statement - out.println("Batchqty Is Less Than Rqty"): null

2018-05-16 18:49:02 - [TEST_STEP][PASSED] - Statement - product = new com.kms.katalon.core.testobject.TestObject(): null

2018-05-16 18:49:02 - [TEST_STEP][PASSED] - Statement - product = com.kms.katalon.core.webui.keyword.WebUiBuiltInKeywords.modifyObjectProperty(product, "xpath", "equals", "//*[@id = "fldvendor" + row + ""]", true): Modify property of object successfully

2018-05-16 18:49:02 - [MESSAGE][PASSED] - Modify property of object successfully

2018-05-16 18:49:02 - [TEST_STEP][PASSED] - selectOptionByIndex: All options with index in [4] are selected on object ''

2018-05-16 18:49:03 - [MESSAGE][PASSED] - All options with index in [4] are selected on object ''

2018-05-16 18:49:03 - [TEST_STEP][PASSED] - Statement - batch = new com.kms.katalon.core.testobject.TestObject(): null

2018-05-16 18:49:03 - [TEST_STEP][PASSED] - Statement - batch = com.kms.katalon.core.webui.keyword.WebUiBuiltInKeywords.modifyObjectProperty(batch, "xpath", "equals", "//*[@id = "txtbthqty" + row + ""]", true): Modify property of object successfully

2018-05-16 18:49:03 - [MESSAGE][PASSED] - Modify property of object successfully

2018-05-16 18:49:03 - [TEST_STEP][PASSED] - Statement - batchqty = com.kms.katalon.core.webui.keyword.WebUiBuiltInKeywords.getAttribute(batch, "value").trim(): Attribute 'value' of object '' is: '39800'

2018-05-16 18:49:03 - [MESSAGE][PASSED] - Attribute 'value' of object '' is: '39800'

2018-05-16 18:49:03 - [TEST_STEP][PASSED] - Statement - Rqty = 10000: null

2018-05-16 18:49:03 - [TEST_STEP][PASSED] - delay: Delayed 2 second(s)

2018-05-16 18:49:05 - [MESSAGE][PASSED] - Delayed 2 second(s)

2018-05-16 18:49:05 - [TEST_STEP][PASSED] - Statement - out.println("BatchQty : " + batchqty): null

2018-05-16 18:49:05 - [TEST_STEP][PASSED] - Statement - out.println("RQty : " + Rqty): null

2018-05-16 18:49:05 - [TEST_STEP][PASSED] - Statement - If (java.lang.Integer.valueOf(batchqty) >= java.lang.Integer.valueOf(Rqty)): null

2018-05-16 18:49:05 - [TEST_STEP][PASSED] - Statement - Break: null

2018-05-16 18:49:05 - [TEST_STEP][PASSED] - Statement - batchlength = new com.kms.katalon.core.testobject.TestObject(): null

2018-05-16 18:49:05 - [TEST_STEP][PASSED] - Statement - batchlength = com.kms.katalon.core.webui.keyword.WebUiBuiltInKeywords.modifyObjectProperty(batchlength, "xpath", "equals", "//*[@id = "fldvendor" + row + ""]", true): Modify property of object successfully

2018-05-16 18:49:05 - [MESSAGE][PASSED] - Modify property of object successfully

2018-05-16 18:49:05 - [TEST_STEP][PASSED] - Statement - batchsize = com.kms.katalon.core.webui.keyword.WebUiBuiltInKeywords.getNumberOfTotalOption(batchlength): 5 options of object '' counted

2018-05-16 18:49:05 - [MESSAGE][PASSED] - 5 options of object '' counted

2018-05-16 18:49:05 - [TEST_STEP][PASSED] - Statement - out.println("BatchSize : " + batchsize): null

2018-05-16 18:49:05 - [TEST_STEP][PASSED] - Statement - For ([n = 1, n <= batchsize - 1, (n++)]): null

2018-05-16 18:49:05 - [TEST_STEP][PASSED] - Statement - product = new com.kms.katalon.core.testobject.TestObject(): null

2018-05-16 18:49:05 - [TEST_STEP][PASSED] - Statement - product = com.kms.katalon.core.webui.keyword.WebUiBuiltInKeywords.modifyObjectProperty(product, "xpath", "equals", "//*[@id = "fldvendor" + row + ""]", true): Modify property of object successfully

2018-05-16 18:49:05 - [MESSAGE][PASSED] - Modify property of object successfully

2018-05-16 18:49:05 - [TEST_STEP][PASSED] - selectOptionByIndex: All options with index in [1] are selected on object ''

2018-05-16 18:49:05 - [MESSAGE][PASSED] - All options with index in [1] are selected on object ''

2018-05-16 18:49:05 - [TEST_STEP][PASSED] - Statement - batch = new com.kms.katalon.core.testobject.TestObject(): null

2018-05-16 18:49:05 - [TEST_STEP][PASSED] - Statement - batch = com.kms.katalon.core.webui.keyword.WebUiBuiltInKeywords.modifyObjectProperty(batch, "xpath", "equals", "//*[@id = "txtbthqty" + row + ""]", true): Modify property of object successfully

2018-05-16 18:49:05 - [MESSAGE][PASSED] - Modify property of object successfully

2018-05-16 18:49:05 - [TEST_STEP][PASSED] - Statement - batchqty = com.kms.katalon.core.webui.keyword.WebUiBuiltInKeywords.getAttribute(batch, "value").trim(): Attribute 'value' of object '' is: '38800'

2018-05-16 18:49:05 - [MESSAGE][PASSED] - Attribute 'value' of object '' is: '38800'

2018-05-16 18:49:05 - [TEST_STEP][PASSED] - Statement - Rqty = 10000: null

2018-05-16 18:49:05 - [TEST_STEP][PASSED] - delay: Delayed 2 second(s)

2018-05-16 18:49:07 - [MESSAGE][PASSED] - Delayed 2 second(s)

2018-05-16 18:49:07 - [TEST_STEP][PASSED] - Statement - out.println("BatchQty : " + batchqty): null

2018-05-16 18:49:07 - [TEST_STEP][PASSED] - Statement - out.println("RQty : " + Rqty): null

2018-05-16 18:49:07 - [TEST_STEP][PASSED] - Statement - If (java.lang.Integer.valueOf(batchqty) >= java.lang.Integer.valueOf(Rqty)): null

2018-05-16 18:49:07 - [TEST_STEP][PASSED] - Statement - Break: null

2018-05-16 18:49:07 - [TEST_STEP][PASSED] - Statement - batchlength = new com.kms.katalon.core.testobject.TestObject(): null

2018-05-16 18:49:07 - [TEST_STEP][PASSED] - Statement - batchlength = com.kms.katalon.core.webui.keyword.WebUiBuiltInKeywords.modifyObjectProperty(batchlength, "xpath", "equals", "//*[@id = "fldvendor" + row + ""]", true): Modify property of object successfully

2018-05-16 18:49:07 - [MESSAGE][PASSED] - Modify property of object successfully

2018-05-16 18:49:07 - [TEST_STEP][PASSED] - Statement - batchsize = com.kms.katalon.core.webui.keyword.WebUiBuiltInKeywords.getNumberOfTotalOption(batchlength): 5 options of object '' counted

2018-05-16 18:49:07 - [MESSAGE][PASSED] - 5 options of object '' counted

2018-05-16 18:49:07 - [TEST_STEP][PASSED] - Statement - out.println("BatchSize : " + batchsize): null

2018-05-16 18:49:07 - [TEST_STEP][PASSED] - Statement - For ([n = 1, n <= batchsize - 1, (n++)]): null

2018-05-16 18:49:07 - [TEST_STEP][PASSED] - Statement - product = new com.kms.katalon.core.testobject.TestObject(): null

2018-05-16 18:49:07 - [TEST_STEP][PASSED] - Statement - product = com.kms.katalon.core.webui.keyword.WebUiBuiltInKeywords.modifyObjectProperty(product, "xpath", "equals", "//*[@id = "fldvendor" + row + ""]", true): Modify property of object successfully

2018-05-16 18:49:07 - [MESSAGE][PASSED] - Modify property of object successfully

2018-05-16 18:49:07 - [TEST_STEP][PASSED] - selectOptionByIndex: All options with index in [1] are selected on object ''

2018-05-16 18:49:07 - [MESSAGE][PASSED] - All options with index in [1] are selected on object ''

2018-05-16 18:49:07 - [TEST_STEP][PASSED] - Statement - batch = new com.kms.katalon.core.testobject.TestObject(): null

2018-05-16 18:49:07 - [TEST_STEP][PASSED] - Statement - batch = com.kms.katalon.core.webui.keyword.WebUiBuiltInKeywords.modifyObjectProperty(batch, "xpath", "equals", "//*[@id = "txtbthqty" + row + ""]", true): Modify property of object successfully

2018-05-16 18:49:07 - [MESSAGE][PASSED] - Modify property of object successfully

2018-05-16 18:49:07 - [TEST_STEP][PASSED] - Statement - batchqty = com.kms.katalon.core.webui.keyword.WebUiBuiltInKeywords.getAttribute(batch, "value").trim(): Attribute 'value' of object '' is: '5000'

2018-05-16 18:49:07 - [MESSAGE][PASSED] - Attribute 'value' of object '' is: '5000'

2018-05-16 18:49:07 - [TEST_STEP][PASSED] - Statement - Rqty = 10000: null

2018-05-16 18:49:07 - [TEST_STEP][PASSED] - delay: Delayed 2 second(s)

2018-05-16 18:49:09 - [MESSAGE][PASSED] - Delayed 2 second(s)

2018-05-16 18:49:09 - [TEST_STEP][PASSED] - Statement - out.println("BatchQty : " + batchqty): null

2018-05-16 18:49:09 - [TEST_STEP][PASSED] - Statement - out.println("RQty : " + Rqty): null

2018-05-16 18:49:09 - [TEST_STEP][PASSED] - Statement - If (java.lang.Integer.valueOf(batchqty) >= java.lang.Integer.valueOf(Rqty)): null

2018-05-16 18:49:09 - [TEST_STEP][PASSED] - Statement - Else: null

2018-05-16 18:49:09 - [TEST_STEP][PASSED] - Statement - out.println("Batchqty Is Less Than Rqty"): null

2018-05-16 18:49:09 - [TEST_STEP][PASSED] - Statement - product = new com.kms.katalon.core.testobject.TestObject(): null

2018-05-16 18:49:09 - [TEST_STEP][PASSED] - Statement - product = com.kms.katalon.core.webui.keyword.WebUiBuiltInKeywords.modifyObjectProperty(product, "xpath", "equals", "//*[@id = "fldvendor" + row + ""]", true): Modify property of object successfully

2018-05-16 18:49:09 - [MESSAGE][PASSED] - Modify property of object successfully

2018-05-16 18:49:09 - [TEST_STEP][PASSED] - selectOptionByIndex: All options with index in [2] are selected on object ''

2018-05-16 18:49:09 - [MESSAGE][PASSED] - All options with index in [2] are selected on object ''

2018-05-16 18:49:09 - [TEST_STEP][PASSED] - Statement - batch = new com.kms.katalon.core.testobject.TestObject(): null

2018-05-16 18:49:09 - [TEST_STEP][PASSED] - Statement - batch = com.kms.katalon.core.webui.keyword.WebUiBuiltInKeywords.modifyObjectProperty(batch, "xpath", "equals", "//*[@id = "txtbthqty" + row + ""]", true): Modify property of object successfully

2018-05-16 18:49:09 - [MESSAGE][PASSED] - Modify property of object successfully

2018-05-16 18:49:09 - [TEST_STEP][PASSED] - Statement - batchqty = com.kms.katalon.core.webui.keyword.WebUiBuiltInKeywords.getAttribute(batch, "value").trim(): Attribute 'value' of object '' is: '38800'

2018-05-16 18:49:09 - [MESSAGE][PASSED] - Attribute 'value' of object '' is: '38800'

2018-05-16 18:49:09 - [TEST_STEP][PASSED] - Statement - Rqty = 10000: null

2018-05-16 18:49:09 - [TEST_STEP][PASSED] - delay: Delayed 2 second(s)

2018-05-16 18:49:11 - [MESSAGE][PASSED] - Delayed 2 second(s)

2018-05-16 18:49:11 - [TEST_STEP][PASSED] - Statement - out.println("BatchQty : " + batchqty): null

2018-05-16 18:49:11 - [TEST_STEP][PASSED] - Statement - out.println("RQty : " + Rqty): null

2018-05-16 18:49:11 - [TEST_STEP][PASSED] - Statement - If (java.lang.Integer.valueOf(batchqty) >= java.lang.Integer.valueOf(Rqty)): null

2018-05-16 18:49:11 - [TEST_STEP][PASSED] - Statement - Break: null

2018-05-16 18:49:11 - [TEST_STEP][PASSED] - Statement - batchlength = new com.kms.katalon.core.testobject.TestObject(): null

2018-05-16 18:49:11 - [TEST_STEP][PASSED] - Statement - batchlength = com.kms.katalon.core.webui.keyword.WebUiBuiltInKeywords.modifyObjectProperty(batchlength, "xpath", "equals", "//*[@id = "fldvendor" + row + ""]", true): Modify property of object successfully

2018-05-16 18:49:11 - [MESSAGE][PASSED] - Modify property of object successfully

2018-05-16 18:49:11 - [TEST_STEP][PASSED] - Statement - batchsize = com.kms.katalon.core.webui.keyword.WebUiBuiltInKeywords.getNumberOfTotalOption(batchlength): 5 options of object '' counted

2018-05-16 18:49:11 - [MESSAGE][PASSED] - 5 options of object '' counted

2018-05-16 18:49:11 - [TEST_STEP][PASSED] - Statement - out.println("BatchSize : " + batchsize): null

2018-05-16 18:49:11 - [TEST_STEP][PASSED] - Statement - For ([n = 1, n <= batchsize - 1, (n++)]): null

2018-05-16 18:49:11 - [TEST_STEP][PASSED] - Statement - product = new com.kms.katalon.core.testobject.TestObject(): null

2018-05-16 18:49:11 - [TEST_STEP][PASSED] - Statement - product = com.kms.katalon.core.webui.keyword.WebUiBuiltInKeywords.modifyObjectProperty(product, "xpath", "equals", "//*[@id = "fldvendor" + row + ""]", true): Modify property of object successfully

2018-05-16 18:49:11 - [MESSAGE][PASSED] - Modify property of object successfully

2018-05-16 18:49:11 - [TEST_STEP][PASSED] - selectOptionByIndex: All options with index in [1] are selected on object ''

2018-05-16 18:49:12 - [MESSAGE][PASSED] - All options with index in [1] are selected on object ''

2018-05-16 18:49:12 - [TEST_STEP][PASSED] - Statement - batch = new com.kms.katalon.core.testobject.TestObject(): null

2018-05-16 18:49:12 - [TEST_STEP][PASSED] - Statement - batch = com.kms.katalon.core.webui.keyword.WebUiBuiltInKeywords.modifyObjectProperty(batch, "xpath", "equals", "//*[@id = "txtbthqty" + row + ""]", true): Modify property of object successfully

2018-05-16 18:49:12 - [MESSAGE][PASSED] - Modify property of object successfully

2018-05-16 18:49:12 - [TEST_STEP][PASSED] - Statement - batchqty = com.kms.katalon.core.webui.keyword.WebUiBuiltInKeywords.getAttribute(batch, "value").trim(): Attribute 'value' of object '' is: '5000'

2018-05-16 18:49:12 - [MESSAGE][PASSED] - Attribute 'value' of object '' is: '5000'

2018-05-16 18:49:12 - [TEST_STEP][PASSED] - Statement - Rqty = 10000: null

2018-05-16 18:49:12 - [TEST_STEP][PASSED] - delay: Delayed 2 second(s)

2018-05-16 18:49:14 - [MESSAGE][PASSED] - Delayed 2 second(s)

2018-05-16 18:49:14 - [TEST_STEP][PASSED] - Statement - out.println("BatchQty : " + batchqty): null

2018-05-16 18:49:14 - [TEST_STEP][PASSED] - Statement - out.println("RQty : " + Rqty): null

2018-05-16 18:49:14 - [TEST_STEP][PASSED] - Statement - If (java.lang.Integer.valueOf(batchqty) >= java.lang.Integer.valueOf(Rqty)): null

2018-05-16 18:49:14 - [TEST_STEP][PASSED] - Statement - Else: null

2018-05-16 18:49:14 - [TEST_STEP][PASSED] - Statement - out.println("Batchqty Is Less Than Rqty"): null

2018-05-16 18:49:14 - [TEST_STEP][PASSED] - Statement - product = new com.kms.katalon.core.testobject.TestObject(): null

2018-05-16 18:49:14 - [TEST_STEP][PASSED] - Statement - product = com.kms.katalon.core.webui.keyword.WebUiBuiltInKeywords.modifyObjectProperty(product, "xpath", "equals", "//*[@id = "fldvendor" + row + ""]", true): Modify property of object successfully

2018-05-16 18:49:14 - [MESSAGE][PASSED] - Modify property of object successfully

2018-05-16 18:49:14 - [TEST_STEP][PASSED] - selectOptionByIndex: All options with index in [2] are selected on object ''

2018-05-16 18:49:14 - [MESSAGE][PASSED] - All options with index in [2] are selected on object ''

2018-05-16 18:49:14 - [TEST_STEP][PASSED] - Statement - batch = new com.kms.katalon.core.testobject.TestObject(): null

2018-05-16 18:49:14 - [TEST_STEP][PASSED] - Statement - batch = com.kms.katalon.core.webui.keyword.WebUiBuiltInKeywords.modifyObjectProperty(batch, "xpath", "equals", "//*[@id = "txtbthqty" + row + ""]", true): Modify property of object successfully

2018-05-16 18:49:14 - [MESSAGE][PASSED] - Modify property of object successfully

2018-05-16 18:49:14 - [TEST_STEP][PASSED] - Statement - batchqty = com.kms.katalon.core.webui.keyword.WebUiBuiltInKeywords.getAttribute(batch, "value").trim(): Attribute 'value' of object '' is: '38800'

2018-05-16 18:49:14 - [MESSAGE][PASSED] - Attribute 'value' of object '' is: '38800'

2018-05-16 18:49:14 - [TEST_STEP][PASSED] - Statement - Rqty = 10000: null

2018-05-16 18:49:14 - [TEST_STEP][PASSED] - delay: Delayed 2 second(s)

2018-05-16 18:49:16 - [MESSAGE][PASSED] - Delayed 2 second(s)

2018-05-16 18:49:16 - [TEST_STEP][PASSED] - Statement - out.println("BatchQty : " + batchqty): null

2018-05-16 18:49:16 - [TEST_STEP][PASSED] - Statement - out.println("RQty : " + Rqty): null

2018-05-16 18:49:16 - [TEST_STEP][PASSED] - Statement - If (java.lang.Integer.valueOf(batchqty) >= java.lang.Integer.valueOf(Rqty)): null

2018-05-16 18:49:16 - [TEST_STEP][PASSED] - Statement - Break: null

2018-05-16 18:49:16 - [TEST_STEP][PASSED] - Statement - batchlength = new com.kms.katalon.core.testobject.TestObject(): null

2018-05-16 18:49:16 - [TEST_STEP][PASSED] - Statement - batchlength = com.kms.katalon.core.webui.keyword.WebUiBuiltInKeywords.modifyObjectProperty(batchlength, "xpath", "equals", "//*[@id = "fldvendor" + row + ""]", true): Modify property of object successfully

2018-05-16 18:49:16 - [MESSAGE][PASSED] - Modify property of object successfully

2018-05-16 18:49:16 - [TEST_STEP][PASSED] - Statement - batchsize = com.kms.katalon.core.webui.keyword.WebUiBuiltInKeywords.getNumberOfTotalOption(batchlength): 5 options of object '' counted

2018-05-16 18:49:16 - [MESSAGE][PASSED] - 5 options of object '' counted

2018-05-16 18:49:16 - [TEST_STEP][PASSED] - Statement - out.println("BatchSize : " + batchsize): null

2018-05-16 18:49:16 - [TEST_STEP][PASSED] - Statement - For ([n = 1, n <= batchsize - 1, (n++)]): null

2018-05-16 18:49:16 - [TEST_STEP][PASSED] - Statement - product = new com.kms.katalon.core.testobject.TestObject(): null

2018-05-16 18:49:16 - [TEST_STEP][PASSED] - Statement - product = com.kms.katalon.core.webui.keyword.WebUiBuiltInKeywords.modifyObjectProperty(product, "xpath", "equals", "//*[@id = "fldvendor" + row + ""]", true): Modify property of object successfully

2018-05-16 18:49:16 - [MESSAGE][PASSED] - Modify property of object successfully

2018-05-16 18:49:16 - [TEST_STEP][PASSED] - selectOptionByIndex: All options with index in [1] are selected on object ''

2018-05-16 18:49:16 - [MESSAGE][PASSED] - All options with index in [1] are selected on object ''

2018-05-16 18:49:16 - [TEST_STEP][PASSED] - Statement - batch = new com.kms.katalon.core.testobject.TestObject(): null

2018-05-16 18:49:16 - [TEST_STEP][PASSED] - Statement - batch = com.kms.katalon.core.webui.keyword.WebUiBuiltInKeywords.modifyObjectProperty(batch, "xpath", "equals", "//*[@id = "txtbthqty" + row + ""]", true): Modify property of object successfully

2018-05-16 18:49:16 - [MESSAGE][PASSED] - Modify property of object successfully

2018-05-16 18:49:16 - [TEST_STEP][PASSED] - Statement - batchqty = com.kms.katalon.core.webui.keyword.WebUiBuiltInKeywords.getAttribute(batch, "value").trim(): Attribute 'value' of object '' is: '5000'

2018-05-16 18:49:16 - [MESSAGE][PASSED] - Attribute 'value' of object '' is: '5000'

2018-05-16 18:49:16 - [TEST_STEP][PASSED] - Statement - Rqty = 10000: null

2018-05-16 18:49:16 - [TEST_STEP][PASSED] - delay: Delayed 2 second(s)

2018-05-16 18:49:18 - [MESSAGE][PASSED] - Delayed 2 second(s)

2018-05-16 18:49:18 - [TEST_STEP][PASSED] - Statement - out.println("BatchQty : " + batchqty): null

2018-05-16 18:49:18 - [TEST_STEP][PASSED] - Statement - out.println("RQty : " + Rqty): null

2018-05-16 18:49:18 - [TEST_STEP][PASSED] - Statement - If (java.lang.Integer.valueOf(batchqty) >= java.lang.Integer.valueOf(Rqty)): null

2018-05-16 18:49:18 - [TEST_STEP][PASSED] - Statement - Else: null

2018-05-16 18:49:18 - [TEST_STEP][PASSED] - Statement - out.println("Batchqty Is Less Than Rqty"): null

2018-05-16 18:49:18 - [TEST_STEP][PASSED] - Statement - product = new com.kms.katalon.core.testobject.TestObject(): null

2018-05-16 18:49:18 - [TEST_STEP][PASSED] - Statement - product = com.kms.katalon.core.webui.keyword.WebUiBuiltInKeywords.modifyObjectProperty(product, "xpath", "equals", "//*[@id = "fldvendor" + row + ""]", true): Modify property of object successfully

2018-05-16 18:49:18 - [MESSAGE][PASSED] - Modify property of object successfully

2018-05-16 18:49:18 - [TEST_STEP][PASSED] - selectOptionByIndex: All options with index in [2] are selected on object ''

2018-05-16 18:49:18 - [MESSAGE][PASSED] - All options with index in [2] are selected on object ''

2018-05-16 18:49:18 - [TEST_STEP][PASSED] - Statement - batch = new com.kms.katalon.core.testobject.TestObject(): null

2018-05-16 18:49:18 - [TEST_STEP][PASSED] - Statement - batch = com.kms.katalon.core.webui.keyword.WebUiBuiltInKeywords.modifyObjectProperty(batch, "xpath", "equals", "//*[@id = "txtbthqty" + row + ""]", true): Modify property of object successfully

2018-05-16 18:49:18 - [MESSAGE][PASSED] - Modify property of object successfully

2018-05-16 18:49:18 - [TEST_STEP][PASSED] - Statement - batchqty = com.kms.katalon.core.webui.keyword.WebUiBuiltInKeywords.getAttribute(batch, "value").trim(): Attribute 'value' of object '' is: '38800'

2018-05-16 18:49:18 - [MESSAGE][PASSED] - Attribute 'value' of object '' is: '38800'

2018-05-16 18:49:18 - [TEST_STEP][PASSED] - Statement - Rqty = 10000: null

2018-05-16 18:49:18 - [TEST_STEP][PASSED] - delay: Delayed 2 second(s)

2018-05-16 18:49:20 - [MESSAGE][PASSED] - Delayed 2 second(s)

2018-05-16 18:49:20 - [TEST_STEP][PASSED] - Statement - out.println("BatchQty : " + batchqty): null

2018-05-16 18:49:20 - [TEST_STEP][PASSED] - Statement - out.println("RQty : " + Rqty): null

2018-05-16 18:49:20 - [TEST_STEP][PASSED] - Statement - If (java.lang.Integer.valueOf(batchqty) >= java.lang.Integer.valueOf(Rqty)): null

2018-05-16 18:49:20 - [TEST_STEP][PASSED] - Statement - Break: null

2018-05-16 18:49:20 - [TEST_STEP][PASSED] - Statement - batchlength = new com.kms.katalon.core.testobject.TestObject(): null

2018-05-16 18:49:20 - [TEST_STEP][PASSED] - Statement - batchlength = com.kms.katalon.core.webui.keyword.WebUiBuiltInKeywords.modifyObjectProperty(batchlength, "xpath", "equals", "//*[@id = "fldvendor" + row + ""]", true): Modify property of object successfully

2018-05-16 18:49:20 - [MESSAGE][PASSED] - Modify property of object successfully

2018-05-16 18:49:20 - [TEST_STEP][PASSED] - Statement - batchsize = com.kms.katalon.core.webui.keyword.WebUiBuiltInKeywords.getNumberOfTotalOption(batchlength): 5 options of object '' counted

2018-05-16 18:49:20 - [MESSAGE][PASSED] - 5 options of object '' counted

2018-05-16 18:49:20 - [TEST_STEP][PASSED] - Statement - out.println("BatchSize : " + batchsize): null

2018-05-16 18:49:20 - [TEST_STEP][PASSED] - Statement - For ([n = 1, n <= batchsize - 1, (n++)]): null

2018-05-16 18:49:20 - [TEST_STEP][PASSED] - Statement - product = new com.kms.katalon.core.testobject.TestObject(): null

2018-05-16 18:49:20 - [TEST_STEP][PASSED] - Statement - product = com.kms.katalon.core.webui.keyword.WebUiBuiltInKeywords.modifyObjectProperty(product, "xpath", "equals", "//*[@id = "fldvendor" + row + ""]", true): Modify property of object successfully

2018-05-16 18:49:20 - [MESSAGE][PASSED] - Modify property of object successfully

2018-05-16 18:49:20 - [TEST_STEP][PASSED] - selectOptionByIndex: All options with index in [1] are selected on object ''

2018-05-16 18:49:20 - [MESSAGE][PASSED] - All options with index in [1] are selected on object ''

2018-05-16 18:49:20 - [TEST_STEP][PASSED] - Statement - batch = new com.kms.katalon.core.testobject.TestObject(): null

2018-05-16 18:49:20 - [TEST_STEP][PASSED] - Statement - batch = com.kms.katalon.core.webui.keyword.WebUiBuiltInKeywords.modifyObjectProperty(batch, "xpath", "equals", "//*[@id = "txtbthqty" + row + ""]", true): Modify property of object successfully

2018-05-16 18:49:20 - [MESSAGE][PASSED] - Modify property of object successfully

2018-05-16 18:49:20 - [TEST_STEP][PASSED] - Statement - batchqty = com.kms.katalon.core.webui.keyword.WebUiBuiltInKeywords.getAttribute(batch, "value").trim(): Attribute 'value' of object '' is: '38800'

2018-05-16 18:49:20 - [MESSAGE][PASSED] - Attribute 'value' of object '' is: '38800'

2018-05-16 18:49:20 - [TEST_STEP][PASSED] - Statement - Rqty = 10000: null

2018-05-16 18:49:20 - [TEST_STEP][PASSED] - delay: Delayed 2 second(s)

2018-05-16 18:49:22 - [MESSAGE][PASSED] - Delayed 2 second(s)

2018-05-16 18:49:22 - [TEST_STEP][PASSED] - Statement - out.println("BatchQty : " + batchqty): null

2018-05-16 18:49:22 - [TEST_STEP][PASSED] - Statement - out.println("RQty : " + Rqty): null

2018-05-16 18:49:22 - [TEST_STEP][PASSED] - Statement - If (java.lang.Integer.valueOf(batchqty) >= java.lang.Integer.valueOf(Rqty)): null

2018-05-16 18:49:23 - [TEST_STEP][PASSED] - Statement - Break: null

2018-05-16 18:49:23 - [TEST_STEP][PASSED] - Statement - batchlength = new com.kms.katalon.core.testobject.TestObject(): null

2018-05-16 18:49:23 - [TEST_STEP][PASSED] - Statement - batchlength = com.kms.katalon.core.webui.keyword.WebUiBuiltInKeywords.modifyObjectProperty(batchlength, "xpath", "equals", "//*[@id = "fldvendor" + row + ""]", true): Modify property of object successfully

2018-05-16 18:49:23 - [MESSAGE][PASSED] - Modify property of object successfully

2018-05-16 18:49:23 - [TEST_STEP][PASSED] - Statement - batchsize = com.kms.katalon.core.webui.keyword.WebUiBuiltInKeywords.getNumberOfTotalOption(batchlength): 5 options of object '' counted

2018-05-16 18:49:23 - [MESSAGE][PASSED] - 5 options of object '' counted

2018-05-16 18:49:23 - [TEST_STEP][PASSED] - Statement - out.println("BatchSize : " + batchsize): null

2018-05-16 18:49:23 - [TEST_STEP][PASSED] - Statement - For ([n = 1, n <= batchsize - 1, (n++)]): null

2018-05-16 18:49:23 - [TEST_STEP][PASSED] - Statement - product = new com.kms.katalon.core.testobject.TestObject(): null

2018-05-16 18:49:23 - [TEST_STEP][PASSED] - Statement - product = com.kms.katalon.core.webui.keyword.WebUiBuiltInKeywords.modifyObjectProperty(product, "xpath", "equals", "//*[@id = "fldvendor" + row + ""]", true): Modify property of object successfully

2018-05-16 18:49:23 - [MESSAGE][PASSED] - Modify property of object successfully

2018-05-16 18:49:23 - [TEST_STEP][PASSED] - selectOptionByIndex: All options with index in [1] are selected on object ''

2018-05-16 18:49:23 - [MESSAGE][PASSED] - All options with index in [1] are selected on object ''

2018-05-16 18:49:23 - [TEST_STEP][PASSED] - Statement - batch = new com.kms.katalon.core.testobject.TestObject(): null

2018-05-16 18:49:23 - [TEST_STEP][PASSED] - Statement - batch = com.kms.katalon.core.webui.keyword.WebUiBuiltInKeywords.modifyObjectProperty(batch, "xpath", "equals", "//*[@id = "txtbthqty" + row + ""]", true): Modify property of object successfully

2018-05-16 18:49:23 - [MESSAGE][PASSED] - Modify property of object successfully

2018-05-16 18:49:23 - [TEST_STEP][PASSED] - Statement - batchqty = com.kms.katalon.core.webui.keyword.WebUiBuiltInKeywords.getAttribute(batch, "value").trim(): Attribute 'value' of object '' is: '38800'

2018-05-16 18:49:23 - [MESSAGE][PASSED] - Attribute 'value' of object '' is: '38800'

2018-05-16 18:49:23 - [TEST_STEP][PASSED] - Statement - Rqty = 10000: null

2018-05-16 18:49:23 - [TEST_STEP][PASSED] - delay: Delayed 2 second(s)

2018-05-16 18:49:25 - [MESSAGE][PASSED] - Delayed 2 second(s)

2018-05-16 18:49:25 - [TEST_STEP][PASSED] - Statement - out.println("BatchQty : " + batchqty): null

2018-05-16 18:49:25 - [TEST_STEP][PASSED] - Statement - out.println("RQty : " + Rqty): null

2018-05-16 18:49:25 - [TEST_STEP][PASSED] - Statement - If (java.lang.Integer.valueOf(batchqty) >= java.lang.Integer.valueOf(Rqty)): null

2018-05-16 18:49:25 - [TEST_STEP][PASSED] - Statement - Break: null

2018-05-16 18:49:25 - [TEST_STEP][PASSED] - Statement - batchlength = new com.kms.katalon.core.testobject.TestObject(): null

2018-05-16 18:49:25 - [TEST_STEP][PASSED] - Statement - batchlength = com.kms.katalon.core.webui.keyword.WebUiBuiltInKeywords.modifyObjectProperty(batchlength, "xpath", "equals", "//*[@id = "fldvendor" + row + ""]", true): Modify property of object successfully

2018-05-16 18:49:25 - [MESSAGE][PASSED] - Modify property of object successfully

2018-05-16 18:49:25 - [TEST_STEP][PASSED] - Statement - batchsize = com.kms.katalon.core.webui.keyword.WebUiBuiltInKeywords.getNumberOfTotalOption(batchlength): 5 options of object '' counted

2018-05-16 18:49:25 - [MESSAGE][PASSED] - 5 options of object '' counted

2018-05-16 18:49:25 - [TEST_STEP][PASSED] - Statement - out.println("BatchSize : " + batchsize): null

2018-05-16 18:49:25 - [TEST_STEP][PASSED] - Statement - For ([n = 1, n <= batchsize - 1, (n++)]): null

2018-05-16 18:49:25 - [TEST_STEP][PASSED] - Statement - product = new com.kms.katalon.core.testobject.TestObject(): null

2018-05-16 18:49:25 - [TEST_STEP][PASSED] - Statement - product = com.kms.katalon.core.webui.keyword.WebUiBuiltInKeywords.modifyObjectProperty(product, "xpath", "equals", "//*[@id = "fldvendor" + row + ""]", true): Modify property of object successfully

2018-05-16 18:49:25 - [MESSAGE][PASSED] - Modify property of object successfully

2018-05-16 18:49:25 - [TEST_STEP][PASSED] - selectOptionByIndex: All options with index in [1] are selected on object ''

2018-05-16 18:49:25 - [MESSAGE][PASSED] - All options with index in [1] are selected on object ''

2018-05-16 18:49:25 - [TEST_STEP][PASSED] - Statement - batch = new com.kms.katalon.core.testobject.TestObject(): null

2018-05-16 18:49:25 - [TEST_STEP][PASSED] - Statement - batch = com.kms.katalon.core.webui.keyword.WebUiBuiltInKeywords.modifyObjectProperty(batch, "xpath", "equals", "//*[@id = "txtbthqty" + row + ""]", true): Modify property of object successfully

2018-05-16 18:49:25 - [MESSAGE][PASSED] - Modify property of object successfully

2018-05-16 18:49:25 - [TEST_STEP][PASSED] - Statement - batchqty = com.kms.katalon.core.webui.keyword.WebUiBuiltInKeywords.getAttribute(batch, "value").trim(): Attribute 'value' of object '' is: '4000'

2018-05-16 18:49:25 - [MESSAGE][PASSED] - Attribute 'value' of object '' is: '4000'

2018-05-16 18:49:25 - [TEST_STEP][PASSED] - Statement - Rqty = 10000: null

2018-05-16 18:49:25 - [TEST_STEP][PASSED] - delay: Delayed 2 second(s)

2018-05-16 18:49:27 - [MESSAGE][PASSED] - Delayed 2 second(s)

2018-05-16 18:49:27 - [TEST_STEP][PASSED] - Statement - out.println("BatchQty : " + batchqty): null

2018-05-16 18:49:27 - [TEST_STEP][PASSED] - Statement - out.println("RQty : " + Rqty): null

2018-05-16 18:49:27 - [TEST_STEP][PASSED] - Statement - If (java.lang.Integer.valueOf(batchqty) >= java.lang.Integer.valueOf(Rqty)): null

2018-05-16 18:49:27 - [TEST_STEP][PASSED] - Statement - Else: null

2018-05-16 18:49:27 - [TEST_STEP][PASSED] - Statement - out.println("Batchqty Is Less Than Rqty"): null

2018-05-16 18:49:27 - [TEST_STEP][PASSED] - Statement - product = new com.kms.katalon.core.testobject.TestObject(): null

2018-05-16 18:49:27 - [TEST_STEP][PASSED] - Statement - product = com.kms.katalon.core.webui.keyword.WebUiBuiltInKeywords.modifyObjectProperty(product, "xpath", "equals", "//*[@id = "fldvendor" + row + ""]", true): Modify property of object successfully

2018-05-16 18:49:27 - [MESSAGE][PASSED] - Modify property of object successfully

2018-05-16 18:49:27 - [TEST_STEP][PASSED] - selectOptionByIndex: All options with index in [2] are selected on object ''

2018-05-16 18:49:27 - [MESSAGE][PASSED] - All options with index in [2] are selected on object ''

2018-05-16 18:49:27 - [TEST_STEP][PASSED] - Statement - batch = new com.kms.katalon.core.testobject.TestObject(): null

2018-05-16 18:49:27 - [TEST_STEP][PASSED] - Statement - batch = com.kms.katalon.core.webui.keyword.WebUiBuiltInKeywords.modifyObjectProperty(batch, "xpath", "equals", "//*[@id = "txtbthqty" + row + ""]", true): Modify property of object successfully

2018-05-16 18:49:27 - [MESSAGE][PASSED] - Modify property of object successfully

2018-05-16 18:49:27 - [TEST_STEP][PASSED] - Statement - batchqty = com.kms.katalon.core.webui.keyword.WebUiBuiltInKeywords.getAttribute(batch, "value").trim(): Attribute 'value' of object '' is: '39800'

2018-05-16 18:49:27 - [MESSAGE][PASSED] - Attribute 'value' of object '' is: '39800'

2018-05-16 18:49:27 - [TEST_STEP][PASSED] - Statement - Rqty = 10000: null

2018-05-16 18:49:27 - [TEST_STEP][PASSED] - delay: Delayed 2 second(s)

2018-05-16 18:49:29 - [MESSAGE][PASSED] - Delayed 2 second(s)

2018-05-16 18:49:29 - [TEST_STEP][PASSED] - Statement - out.println("BatchQty : " + batchqty): null

2018-05-16 18:49:29 - [TEST_STEP][PASSED] - Statement - out.println("RQty : " + Rqty): null

2018-05-16 18:49:29 - [TEST_STEP][PASSED] - Statement - If (java.lang.Integer.valueOf(batchqty) >= java.lang.Integer.valueOf(Rqty)): null

2018-05-16 18:49:29 - [TEST_STEP][PASSED] - Statement - Break: null

2018-05-16 18:49:29 - [TEST_STEP][PASSED] - Statement - batchlength = new com.kms.katalon.core.testobject.TestObject(): null

2018-05-16 18:49:29 - [TEST_STEP][PASSED] - Statement - batchlength = com.kms.katalon.core.webui.keyword.WebUiBuiltInKeywords.modifyObjectProperty(batchlength, "xpath", "equals", "//*[@id = "fldvendor" + row + ""]", true): Modify property of object successfully

2018-05-16 18:49:29 - [MESSAGE][PASSED] - Modify property of object successfully

2018-05-16 18:49:29 - [TEST_STEP][PASSED] - Statement - batchsize = com.kms.katalon.core.webui.keyword.WebUiBuiltInKeywords.getNumberOfTotalOption(batchlength): 5 options of object '' counted

2018-05-16 18:49:29 - [MESSAGE][PASSED] - 5 options of object '' counted

2018-05-16 18:49:29 - [TEST_STEP][PASSED] - Statement - out.println("BatchSize : " + batchsize): null

2018-05-16 18:49:29 - [TEST_STEP][PASSED] - Statement - For ([n = 1, n <= batchsize - 1, (n++)]): null

2018-05-16 18:49:29 - [TEST_STEP][PASSED] - Statement - product = new com.kms.katalon.core.testobject.TestObject(): null

2018-05-16 18:49:29 - [TEST_STEP][PASSED] - Statement - product = com.kms.katalon.core.webui.keyword.WebUiBuiltInKeywords.modifyObjectProperty(product, "xpath", "equals", "//*[@id = "fldvendor" + row + ""]", true): Modify property of object successfully

2018-05-16 18:49:29 - [MESSAGE][PASSED] - Modify property of object successfully

2018-05-16 18:49:29 - [TEST_STEP][PASSED] - selectOptionByIndex: All options with index in [1] are selected on object ''

2018-05-16 18:49:29 - [MESSAGE][PASSED] - All options with index in [1] are selected on object ''

2018-05-16 18:49:29 - [TEST_STEP][PASSED] - Statement - batch = new com.kms.katalon.core.testobject.TestObject(): null

2018-05-16 18:49:29 - [TEST_STEP][PASSED] - Statement - batch = com.kms.katalon.core.webui.keyword.WebUiBuiltInKeywords.modifyObjectProperty(batch, "xpath", "equals", "//*[@id = "txtbthqty" + row + ""]", true): Modify property of object successfully

2018-05-16 18:49:29 - [MESSAGE][PASSED] - Modify property of object successfully

2018-05-16 18:49:29 - [TEST_STEP][PASSED] - Statement - batchqty = com.kms.katalon.core.webui.keyword.WebUiBuiltInKeywords.getAttribute(batch, "value").trim(): Attribute 'value' of object '' is: '5000'

2018-05-16 18:49:29 - [MESSAGE][PASSED] - Attribute 'value' of object '' is: '5000'

2018-05-16 18:49:29 - [TEST_STEP][PASSED] - Statement - Rqty = 10000: null

2018-05-16 18:49:29 - [TEST_STEP][PASSED] - delay: Delayed 2 second(s)

2018-05-16 18:49:31 - [MESSAGE][PASSED] - Delayed 2 second(s)

2018-05-16 18:49:31 - [TEST_STEP][PASSED] - Statement - out.println("BatchQty : " + batchqty): null

2018-05-16 18:49:31 - [TEST_STEP][PASSED] - Statement - out.println("RQty : " + Rqty): null

2018-05-16 18:49:31 - [TEST_STEP][PASSED] - Statement - If (java.lang.Integer.valueOf(batchqty) >= java.lang.Integer.valueOf(Rqty)): null

2018-05-16 18:49:31 - [TEST_STEP][PASSED] - Statement - Else: null

2018-05-16 18:49:31 - [TEST_STEP][PASSED] - Statement - out.println("Batchqty Is Less Than Rqty"): null

2018-05-16 18:49:31 - [TEST_STEP][PASSED] - Statement - product = new com.kms.katalon.core.testobject.TestObject(): null

2018-05-16 18:49:31 - [TEST_STEP][PASSED] - Statement - product = com.kms.katalon.core.webui.keyword.WebUiBuiltInKeywords.modifyObjectProperty(product, "xpath", "equals", "//*[@id = "fldvendor" + row + ""]", true): Modify property of object successfully

2018-05-16 18:49:31 - [MESSAGE][PASSED] - Modify property of object successfully

2018-05-16 18:49:31 - [TEST_STEP][PASSED] - selectOptionByIndex: All options with index in [2] are selected on object ''

2018-05-16 18:49:32 - [MESSAGE][PASSED] - All options with index in [2] are selected on object ''

2018-05-16 18:49:32 - [TEST_STEP][PASSED] - Statement - batch = new com.kms.katalon.core.testobject.TestObject(): null

2018-05-16 18:49:32 - [TEST_STEP][PASSED] - Statement - batch = com.kms.katalon.core.webui.keyword.WebUiBuiltInKeywords.modifyObjectProperty(batch, "xpath", "equals", "//*[@id = "txtbthqty" + row + ""]", true): Modify property of object successfully

2018-05-16 18:49:32 - [MESSAGE][PASSED] - Modify property of object successfully

2018-05-16 18:49:32 - [TEST_STEP][PASSED] - Statement - batchqty = com.kms.katalon.core.webui.keyword.WebUiBuiltInKeywords.getAttribute(batch, "value").trim(): Attribute 'value' of object '' is: '38800'

2018-05-16 18:49:32 - [MESSAGE][PASSED] - Attribute 'value' of object '' is: '38800'

2018-05-16 18:49:32 - [TEST_STEP][PASSED] - Statement - Rqty = 10000: null

2018-05-16 18:49:32 - [TEST_STEP][PASSED] - delay: Delayed 2 second(s)

2018-05-16 18:49:34 - [MESSAGE][PASSED] - Delayed 2 second(s)

2018-05-16 18:49:34 - [TEST_STEP][PASSED] - Statement - out.println("BatchQty : " + batchqty): null

2018-05-16 18:49:34 - [TEST_STEP][PASSED] - Statement - out.println("RQty : " + Rqty): null

2018-05-16 18:49:34 - [TEST_STEP][PASSED] - Statement - If (java.lang.Integer.valueOf(batchqty) >= java.lang.Integer.valueOf(Rqty)): null

2018-05-16 18:49:34 - [TEST_STEP][PASSED] - Statement - Break: null

2018-05-16 18:49:34 - [TEST_STEP][PASSED] - Statement - batchlength = new com.kms.katalon.core.testobject.TestObject(): null

2018-05-16 18:49:34 - [TEST_STEP][PASSED] - Statement - batchlength = com.kms.katalon.core.webui.keyword.WebUiBuiltInKeywords.modifyObjectProperty(batchlength, "xpath", "equals", "//*[@id = "fldvendor" + row + ""]", true): Modify property of object successfully

2018-05-16 18:49:34 - [MESSAGE][PASSED] - Modify property of object successfully

2018-05-16 18:49:34 - [TEST_STEP][PASSED] - Statement - batchsize = com.kms.katalon.core.webui.keyword.WebUiBuiltInKeywords.getNumberOfTotalOption(batchlength): 5 options of object '' counted

2018-05-16 18:49:34 - [MESSAGE][PASSED] - 5 options of object '' counted

2018-05-16 18:49:34 - [TEST_STEP][PASSED] - Statement - out.println("BatchSize : " + batchsize): null

2018-05-16 18:49:34 - [TEST_STEP][PASSED] - Statement - For ([n = 1, n <= batchsize - 1, (n++)]): null

2018-05-16 18:49:34 - [TEST_STEP][PASSED] - Statement - product = new com.kms.katalon.core.testobject.TestObject(): null

2018-05-16 18:49:34 - [TEST_STEP][PASSED] - Statement - product = com.kms.katalon.core.webui.keyword.WebUiBuiltInKeywords.modifyObjectProperty(product, "xpath", "equals", "//*[@id = "fldvendor" + row + ""]", true): Modify property of object successfully

2018-05-16 18:49:34 - [MESSAGE][PASSED] - Modify property of object successfully

2018-05-16 18:49:34 - [TEST_STEP][PASSED] - selectOptionByIndex: All options with index in [1] are selected on object ''

2018-05-16 18:49:34 - [MESSAGE][PASSED] - All options with index in [1] are selected on object ''

2018-05-16 18:49:34 - [TEST_STEP][PASSED] - Statement - batch = new com.kms.katalon.core.testobject.TestObject(): null

2018-05-16 18:49:34 - [TEST_STEP][PASSED] - Statement - batch = com.kms.katalon.core.webui.keyword.WebUiBuiltInKeywords.modifyObjectProperty(batch, "xpath", "equals", "//*[@id = "txtbthqty" + row + ""]", true): Modify property of object successfully

2018-05-16 18:49:34 - [MESSAGE][PASSED] - Modify property of object successfully

2018-05-16 18:49:34 - [TEST_STEP][PASSED] - Statement - batchqty = com.kms.katalon.core.webui.keyword.WebUiBuiltInKeywords.getAttribute(batch, "value").trim(): Attribute 'value' of object '' is: '4000'

2018-05-16 18:49:34 - [MESSAGE][PASSED] - Attribute 'value' of object '' is: '4000'

2018-05-16 18:49:34 - [TEST_STEP][PASSED] - Statement - Rqty = 10000: null

2018-05-16 18:49:34 - [TEST_STEP][PASSED] - delay: Delayed 2 second(s)

2018-05-16 18:49:36 - [MESSAGE][PASSED] - Delayed 2 second(s)

2018-05-16 18:49:36 - [TEST_STEP][PASSED] - Statement - out.println("BatchQty : " + batchqty): null

2018-05-16 18:49:36 - [TEST_STEP][PASSED] - Statement - out.println("RQty : " + Rqty): null

2018-05-16 18:49:36 - [TEST_STEP][PASSED] - Statement - If (java.lang.Integer.valueOf(batchqty) >= java.lang.Integer.valueOf(Rqty)): null

2018-05-16 18:49:36 - [TEST_STEP][PASSED] - Statement - Else: null

2018-05-16 18:49:36 - [TEST_STEP][PASSED] - Statement - out.println("Batchqty Is Less Than Rqty"): null

2018-05-16 18:49:36 - [TEST_STEP][PASSED] - Statement - product = new com.kms.katalon.core.testobject.TestObject(): null

2018-05-16 18:49:36 - [TEST_STEP][PASSED] - Statement - product = com.kms.katalon.core.webui.keyword.WebUiBuiltInKeywords.modifyObjectProperty(product, "xpath", "equals", "//*[@id = "fldvendor" + row + ""]", true): Modify property of object successfully

2018-05-16 18:49:36 - [MESSAGE][PASSED] - Modify property of object successfully

2018-05-16 18:49:36 - [TEST_STEP][PASSED] - selectOptionByIndex: All options with index in [2] are selected on object ''

2018-05-16 18:49:36 - [MESSAGE][PASSED] - All options with index in [2] are selected on object ''

2018-05-16 18:49:36 - [TEST_STEP][PASSED] - Statement - batch = new com.kms.katalon.core.testobject.TestObject(): null

2018-05-16 18:49:36 - [TEST_STEP][PASSED] - Statement - batch = com.kms.katalon.core.webui.keyword.WebUiBuiltInKeywords.modifyObjectProperty(batch, "xpath", "equals", "//*[@id = "txtbthqty" + row + ""]", true): Modify property of object successfully

2018-05-16 18:49:36 - [MESSAGE][PASSED] - Modify property of object successfully

2018-05-16 18:49:36 - [TEST_STEP][PASSED] - Statement - batchqty = com.kms.katalon.core.webui.keyword.WebUiBuiltInKeywords.getAttribute(batch, "value").trim(): Attribute 'value' of object '' is: '5000'

2018-05-16 18:49:36 - [MESSAGE][PASSED] - Attribute 'value' of object '' is: '5000'

2018-05-16 18:49:36 - [TEST_STEP][PASSED] - Statement - Rqty = 10000: null

2018-05-16 18:49:36 - [TEST_STEP][PASSED] - delay: Delayed 2 second(s)

2018-05-16 18:49:38 - [MESSAGE][PASSED] - Delayed 2 second(s)

2018-05-16 18:49:38 - [TEST_STEP][PASSED] - Statement - out.println("BatchQty : " + batchqty): null

2018-05-16 18:49:38 - [TEST_STEP][PASSED] - Statement - out.println("RQty : " + Rqty): null

2018-05-16 18:49:38 - [TEST_STEP][PASSED] - Statement - If (java.lang.Integer.valueOf(batchqty) >= java.lang.Integer.valueOf(Rqty)): null

2018-05-16 18:49:38 - [TEST_STEP][PASSED] - Statement - Else: null

2018-05-16 18:49:38 - [TEST_STEP][PASSED] - Statement - out.println("Batchqty Is Less Than Rqty"): null

2018-05-16 18:49:38 - [TEST_STEP][PASSED] - Statement - product = new com.kms.katalon.core.testobject.TestObject(): null

2018-05-16 18:49:38 - [TEST_STEP][PASSED] - Statement - product = com.kms.katalon.core.webui.keyword.WebUiBuiltInKeywords.modifyObjectProperty(product, "xpath", "equals", "//*[@id = "fldvendor" + row + ""]", true): Modify property of object successfully

2018-05-16 18:49:38 - [MESSAGE][PASSED] - Modify property of object successfully

2018-05-16 18:49:38 - [TEST_STEP][PASSED] - selectOptionByIndex: All options with index in [3] are selected on object ''

2018-05-16 18:49:38 - [MESSAGE][PASSED] - All options with index in [3] are selected on object ''

2018-05-16 18:49:38 - [TEST_STEP][PASSED] - Statement - batch = new com.kms.katalon.core.testobject.TestObject(): null

2018-05-16 18:49:38 - [TEST_STEP][PASSED] - Statement - batch = com.kms.katalon.core.webui.keyword.WebUiBuiltInKeywords.modifyObjectProperty(batch, "xpath", "equals", "//*[@id = "txtbthqty" + row + ""]", true): Modify property of object successfully

2018-05-16 18:49:38 - [MESSAGE][PASSED] - Modify property of object successfully

2018-05-16 18:49:38 - [TEST_STEP][PASSED] - Statement - batchqty = com.kms.katalon.core.webui.keyword.WebUiBuiltInKeywords.getAttribute(batch, "value").trim(): Attribute 'value' of object '' is: '39800'

2018-05-16 18:49:38 - [MESSAGE][PASSED] - Attribute 'value' of object '' is: '39800'

2018-05-16 18:49:38 - [TEST_STEP][PASSED] - Statement - Rqty = 10000: null

2018-05-16 18:49:38 - [TEST_STEP][PASSED] - delay: Delayed 2 second(s)

2018-05-16 18:49:40 - [MESSAGE][PASSED] - Delayed 2 second(s)

2018-05-16 18:49:40 - [TEST_STEP][PASSED] - Statement - out.println("BatchQty : " + batchqty): null

2018-05-16 18:49:40 - [TEST_STEP][PASSED] - Statement - out.println("RQty : " + Rqty): null

2018-05-16 18:49:40 - [TEST_STEP][PASSED] - Statement - If (java.lang.Integer.valueOf(batchqty) >= java.lang.Integer.valueOf(Rqty)): null

2018-05-16 18:49:40 - [TEST_STEP][PASSED] - Statement - Break: null

2018-05-16 18:49:40 - [TEST_STEP][PASSED] - Statement - batchlength = new com.kms.katalon.core.testobject.TestObject(): null

2018-05-16 18:49:40 - [TEST_STEP][PASSED] - Statement - batchlength = com.kms.katalon.core.webui.keyword.WebUiBuiltInKeywords.modifyObjectProperty(batchlength, "xpath", "equals", "//*[@id = "fldvendor" + row + ""]", true): Modify property of object successfully

2018-05-16 18:49:40 - [MESSAGE][PASSED] - Modify property of object successfully

2018-05-16 18:49:40 - [TEST_STEP][PASSED] - Statement - batchsize = com.kms.katalon.core.webui.keyword.WebUiBuiltInKeywords.getNumberOfTotalOption(batchlength): 5 options of object '' counted

2018-05-16 18:49:40 - [MESSAGE][PASSED] - 5 options of object '' counted

2018-05-16 18:49:40 - [TEST_STEP][PASSED] - Statement - out.println("BatchSize : " + batchsize): null

2018-05-16 18:49:40 - [TEST_STEP][PASSED] - Statement - For ([n = 1, n <= batchsize - 1, (n++)]): null

2018-05-16 18:49:40 - [TEST_STEP][PASSED] - Statement - product = new com.kms.katalon.core.testobject.TestObject(): null

2018-05-16 18:49:40 - [TEST_STEP][PASSED] - Statement - product = com.kms.katalon.core.webui.keyword.WebUiBuiltInKeywords.modifyObjectProperty(product, "xpath", "equals", "//*[@id = "fldvendor" + row + ""]", true): Modify property of object successfully

2018-05-16 18:49:40 - [MESSAGE][PASSED] - Modify property of object successfully

2018-05-16 18:49:40 - [TEST_STEP][PASSED] - selectOptionByIndex: All options with index in [1] are selected on object ''

2018-05-16 18:49:41 - [MESSAGE][PASSED] - All options with index in [1] are selected on object ''

2018-05-16 18:49:41 - [TEST_STEP][PASSED] - Statement - batch = new com.kms.katalon.core.testobject.TestObject(): null

2018-05-16 18:49:41 - [TEST_STEP][PASSED] - Statement - batch = com.kms.katalon.core.webui.keyword.WebUiBuiltInKeywords.modifyObjectProperty(batch, "xpath", "equals", "//*[@id = "txtbthqty" + row + ""]", true): Modify property of object successfully

2018-05-16 18:49:41 - [MESSAGE][PASSED] - Modify property of object successfully

2018-05-16 18:49:41 - [TEST_STEP][PASSED] - Statement - batchqty = com.kms.katalon.core.webui.keyword.WebUiBuiltInKeywords.getAttribute(batch, "value").trim(): Attribute 'value' of object '' is: '4000'

2018-05-16 18:49:41 - [MESSAGE][PASSED] - Attribute 'value' of object '' is: '4000'

2018-05-16 18:49:41 - [TEST_STEP][PASSED] - Statement - Rqty = 10000: null

2018-05-16 18:49:41 - [TEST_STEP][PASSED] - delay: Delayed 2 second(s)

2018-05-16 18:49:43 - [MESSAGE][PASSED] - Delayed 2 second(s)

2018-05-16 18:49:43 - [TEST_STEP][PASSED] - Statement - out.println("BatchQty : " + batchqty): null

2018-05-16 18:49:43 - [TEST_STEP][PASSED] - Statement - out.println("RQty : " + Rqty): null

2018-05-16 18:49:43 - [TEST_STEP][PASSED] - Statement - If (java.lang.Integer.valueOf(batchqty) >= java.lang.Integer.valueOf(Rqty)): null

2018-05-16 18:49:43 - [TEST_STEP][PASSED] - Statement - Else: null

2018-05-16 18:49:43 - [TEST_STEP][PASSED] - Statement - out.println("Batchqty Is Less Than Rqty"): null

2018-05-16 18:49:43 - [TEST_STEP][PASSED] - Statement - product = new com.kms.katalon.core.testobject.TestObject(): null

2018-05-16 18:49:43 - [TEST_STEP][PASSED] - Statement - product = com.kms.katalon.core.webui.keyword.WebUiBuiltInKeywords.modifyObjectProperty(product, "xpath", "equals", "//*[@id = "fldvendor" + row + ""]", true): Modify property of object successfully

2018-05-16 18:49:43 - [MESSAGE][PASSED] - Modify property of object successfully

2018-05-16 18:49:43 - [TEST_STEP][PASSED] - selectOptionByIndex: All options with index in [2] are selected on object ''

2018-05-16 18:49:43 - [MESSAGE][PASSED] - All options with index in [2] are selected on object ''

2018-05-16 18:49:43 - [TEST_STEP][PASSED] - Statement - batch = new com.kms.katalon.core.testobject.TestObject(): null

2018-05-16 18:49:43 - [TEST_STEP][PASSED] - Statement - batch = com.kms.katalon.core.webui.keyword.WebUiBuiltInKeywords.modifyObjectProperty(batch, "xpath", "equals", "//*[@id = "txtbthqty" + row + ""]", true): Modify property of object successfully

2018-05-16 18:49:43 - [MESSAGE][PASSED] - Modify property of object successfully

2018-05-16 18:49:43 - [TEST_STEP][PASSED] - Statement - batchqty = com.kms.katalon.core.webui.keyword.WebUiBuiltInKeywords.getAttribute(batch, "value").trim(): Attribute 'value' of object '' is: '5000'

2018-05-16 18:49:43 - [MESSAGE][PASSED] - Attribute 'value' of object '' is: '5000'

2018-05-16 18:49:43 - [TEST_STEP][PASSED] - Statement - Rqty = 10000: null

2018-05-16 18:49:43 - [TEST_STEP][PASSED] - delay: Delayed 2 second(s)

2018-05-16 18:49:45 - [MESSAGE][PASSED] - Delayed 2 second(s)

2018-05-16 18:49:45 - [TEST_STEP][PASSED] - Statement - out.println("BatchQty : " + batchqty): null

2018-05-16 18:49:45 - [TEST_STEP][PASSED] - Statement - out.println("RQty : " + Rqty): null

2018-05-16 18:49:45 - [TEST_STEP][PASSED] - Statement - If (java.lang.Integer.valueOf(batchqty) >= java.lang.Integer.valueOf(Rqty)): null

2018-05-16 18:49:45 - [TEST_STEP][PASSED] - Statement - Else: null

2018-05-16 18:49:45 - [TEST_STEP][PASSED] - Statement - out.println("Batchqty Is Less Than Rqty"): null

2018-05-16 18:49:45 - [TEST_STEP][PASSED] - Statement - product = new com.kms.katalon.core.testobject.TestObject(): null

2018-05-16 18:49:45 - [TEST_STEP][PASSED] - Statement - product = com.kms.katalon.core.webui.keyword.WebUiBuiltInKeywords.modifyObjectProperty(product, "xpath", "equals", "//*[@id = "fldvendor" + row + ""]", true): Modify property of object successfully

2018-05-16 18:49:45 - [MESSAGE][PASSED] - Modify property of object successfully

2018-05-16 18:49:45 - [TEST_STEP][PASSED] - selectOptionByIndex: All options with index in [3] are selected on object ''

2018-05-16 18:49:45 - [MESSAGE][PASSED] - All options with index in [3] are selected on object ''

2018-05-16 18:49:45 - [TEST_STEP][PASSED] - Statement - batch = new com.kms.katalon.core.testobject.TestObject(): null

2018-05-16 18:49:45 - [TEST_STEP][PASSED] - Statement - batch = com.kms.katalon.core.webui.keyword.WebUiBuiltInKeywords.modifyObjectProperty(batch, "xpath", "equals", "//*[@id = "txtbthqty" + row + ""]", true): Modify property of object successfully

2018-05-16 18:49:45 - [MESSAGE][PASSED] - Modify property of object successfully

2018-05-16 18:49:45 - [TEST_STEP][PASSED] - Statement - batchqty = com.kms.katalon.core.webui.keyword.WebUiBuiltInKeywords.getAttribute(batch, "value").trim(): Attribute 'value' of object '' is: '5000'

2018-05-16 18:49:45 - [MESSAGE][PASSED] - Attribute 'value' of object '' is: '5000'

2018-05-16 18:49:45 - [TEST_STEP][PASSED] - Statement - Rqty = 10000: null

2018-05-16 18:49:45 - [TEST_STEP][PASSED] - delay: Delayed 2 second(s)

2018-05-16 18:49:47 - [MESSAGE][PASSED] - Delayed 2 second(s)

2018-05-16 18:49:47 - [TEST_STEP][PASSED] - Statement - out.println("BatchQty : " + batchqty): null

2018-05-16 18:49:47 - [TEST_STEP][PASSED] - Statement - out.println("RQty : " + Rqty): null

2018-05-16 18:49:47 - [TEST_STEP][PASSED] - Statement - If (java.lang.Integer.valueOf(batchqty) >= java.lang.Integer.valueOf(Rqty)): null

2018-05-16 18:49:47 - [TEST_STEP][PASSED] - Statement - Else: null

2018-05-16 18:49:47 - [TEST_STEP][PASSED] - Statement - out.println("Batchqty Is Less Than Rqty"): null

2018-05-16 18:49:47 - [TEST_STEP][PASSED] - Statement - product = new com.kms.katalon.core.testobject.TestObject(): null

2018-05-16 18:49:47 - [TEST_STEP][PASSED] - Statement - product = com.kms.katalon.core.webui.keyword.WebUiBuiltInKeywords.modifyObjectProperty(product, "xpath", "equals", "//*[@id = "fldvendor" + row + ""]", true): Modify property of object successfully

2018-05-16 18:49:47 - [MESSAGE][PASSED] - Modify property of object successfully

2018-05-16 18:49:47 - [TEST_STEP][PASSED] - selectOptionByIndex: All options with index in [4] are selected on object ''

2018-05-16 18:49:47 - [MESSAGE][PASSED] - All options with index in [4] are selected on object ''

2018-05-16 18:49:47 - [TEST_STEP][PASSED] - Statement - batch = new com.kms.katalon.core.testobject.TestObject(): null

2018-05-16 18:49:47 - [TEST_STEP][PASSED] - Statement - batch = com.kms.katalon.core.webui.keyword.WebUiBuiltInKeywords.modifyObjectProperty(batch, "xpath", "equals", "//*[@id = "txtbthqty" + row + ""]", true): Modify property of object successfully

2018-05-16 18:49:47 - [MESSAGE][PASSED] - Modify property of object successfully

2018-05-16 18:49:47 - [TEST_STEP][PASSED] - Statement - batchqty = com.kms.katalon.core.webui.keyword.WebUiBuiltInKeywords.getAttribute(batch, "value").trim(): Attribute 'value' of object '' is: '39800'

2018-05-16 18:49:47 - [MESSAGE][PASSED] - Attribute 'value' of object '' is: '39800'

2018-05-16 18:49:47 - [TEST_STEP][PASSED] - Statement - Rqty = 10000: null

2018-05-16 18:49:47 - [TEST_STEP][PASSED] - delay: Delayed 2 second(s)

2018-05-16 18:49:49 - [MESSAGE][PASSED] - Delayed 2 second(s)

2018-05-16 18:49:49 - [TEST_STEP][PASSED] - Statement - out.println("BatchQty : " + batchqty): null

2018-05-16 18:49:49 - [TEST_STEP][PASSED] - Statement - out.println("RQty : " + Rqty): null

2018-05-16 18:49:49 - [TEST_STEP][PASSED] - Statement - If (java.lang.Integer.valueOf(batchqty) >= java.lang.Integer.valueOf(Rqty)): null

2018-05-16 18:49:49 - [TEST_STEP][PASSED] - Statement - Break: null

2018-05-16 18:49:49 - [TEST_STEP][PASSED] - Statement - batchlength = new com.kms.katalon.core.testobject.TestObject(): null

2018-05-16 18:49:49 - [TEST_STEP][PASSED] - Statement - batchlength = com.kms.katalon.core.webui.keyword.WebUiBuiltInKeywords.modifyObjectProperty(batchlength, "xpath", "equals", "//*[@id = "fldvendor" + row + ""]", true): Modify property of object successfully

2018-05-16 18:49:49 - [MESSAGE][PASSED] - Modify property of object successfully

2018-05-16 18:49:49 - [TEST_STEP][PASSED] - Statement - batchsize = com.kms.katalon.core.webui.keyword.WebUiBuiltInKeywords.getNumberOfTotalOption(batchlength): 5 options of object '' counted

2018-05-16 18:49:49 - [MESSAGE][PASSED] - 5 options of object '' counted

2018-05-16 18:49:49 - [TEST_STEP][PASSED] - Statement - out.println("BatchSize : " + batchsize): null

2018-05-16 18:49:49 - [TEST_STEP][PASSED] - Statement - For ([n = 1, n <= batchsize - 1, (n++)]): null

2018-05-16 18:49:49 - [TEST_STEP][PASSED] - Statement - product = new com.kms.katalon.core.testobject.TestObject(): null

2018-05-16 18:49:49 - [TEST_STEP][PASSED] - Statement - product = com.kms.katalon.core.webui.keyword.WebUiBuiltInKeywords.modifyObjectProperty(product, "xpath", "equals", "//*[@id = "fldvendor" + row + ""]", true): Modify property of object successfully

2018-05-16 18:49:49 - [MESSAGE][PASSED] - Modify property of object successfully

2018-05-16 18:49:49 - [TEST_STEP][PASSED] - selectOptionByIndex: All options with index in [1] are selected on object ''

2018-05-16 18:49:50 - [MESSAGE][PASSED] - All options with index in [1] are selected on object ''

2018-05-16 18:49:50 - [TEST_STEP][PASSED] - Statement - batch = new com.kms.katalon.core.testobject.TestObject(): null

2018-05-16 18:49:50 - [TEST_STEP][PASSED] - Statement - batch = com.kms.katalon.core.webui.keyword.WebUiBuiltInKeywords.modifyObjectProperty(batch, "xpath", "equals", "//*[@id = "txtbthqty" + row + ""]", true): Modify property of object successfully

2018-05-16 18:49:50 - [MESSAGE][PASSED] - Modify property of object successfully

2018-05-16 18:49:50 - [TEST_STEP][PASSED] - Statement - batchqty = com.kms.katalon.core.webui.keyword.WebUiBuiltInKeywords.getAttribute(batch, "value").trim(): Attribute 'value' of object '' is: '4000'

2018-05-16 18:49:50 - [MESSAGE][PASSED] - Attribute 'value' of object '' is: '4000'

2018-05-16 18:49:50 - [TEST_STEP][PASSED] - Statement - Rqty = 10000: null

2018-05-16 18:49:50 - [TEST_STEP][PASSED] - delay: Delayed 2 second(s)

2018-05-16 18:49:52 - [MESSAGE][PASSED] - Delayed 2 second(s)

2018-05-16 18:49:52 - [TEST_STEP][PASSED] - Statement - out.println("BatchQty : " + batchqty): null

2018-05-16 18:49:52 - [TEST_STEP][PASSED] - Statement - out.println("RQty : " + Rqty): null

2018-05-16 18:49:52 - [TEST_STEP][PASSED] - Statement - If (java.lang.Integer.valueOf(batchqty) >= java.lang.Integer.valueOf(Rqty)): null

2018-05-16 18:49:52 - [TEST_STEP][PASSED] - Statement - Else: null

2018-05-16 18:49:52 - [TEST_STEP][PASSED] - Statement - out.println("Batchqty Is Less Than Rqty"): null

2018-05-16 18:49:52 - [TEST_STEP][PASSED] - Statement - product = new com.kms.katalon.core.testobject.TestObject(): null

2018-05-16 18:49:52 - [TEST_STEP][PASSED] - Statement - product = com.kms.katalon.core.webui.keyword.WebUiBuiltInKeywords.modifyObjectProperty(product, "xpath", "equals", "//*[@id = "fldvendor" + row + ""]", true): Modify property of object successfully

2018-05-16 18:49:52 - [MESSAGE][PASSED] - Modify property of object successfully

2018-05-16 18:49:52 - [TEST_STEP][PASSED] - selectOptionByIndex: All options with index in [2] are selected on object ''

2018-05-16 18:49:52 - [MESSAGE][PASSED] - All options with index in [2] are selected on object ''

2018-05-16 18:49:52 - [TEST_STEP][PASSED] - Statement - batch = new com.kms.katalon.core.testobject.TestObject(): null

2018-05-16 18:49:52 - [TEST_STEP][PASSED] - Statement - batch = com.kms.katalon.core.webui.keyword.WebUiBuiltInKeywords.modifyObjectProperty(batch, "xpath", "equals", "//*[@id = "txtbthqty" + row + ""]", true): Modify property of object successfully

2018-05-16 18:49:52 - [MESSAGE][PASSED] - Modify property of object successfully

2018-05-16 18:49:52 - [TEST_STEP][PASSED] - Statement - batchqty = com.kms.katalon.core.webui.keyword.WebUiBuiltInKeywords.getAttribute(batch, "value").trim(): Attribute 'value' of object '' is: '39800'

2018-05-16 18:49:52 - [MESSAGE][PASSED] - Attribute 'value' of object '' is: '39800'

2018-05-16 18:49:52 - [TEST_STEP][PASSED] - Statement - Rqty = 10000: null

2018-05-16 18:49:52 - [TEST_STEP][PASSED] - delay: Delayed 2 second(s)

2018-05-16 18:49:54 - [MESSAGE][PASSED] - Delayed 2 second(s)

2018-05-16 18:49:54 - [TEST_STEP][PASSED] - Statement - out.println("BatchQty : " + batchqty): null

2018-05-16 18:49:54 - [TEST_STEP][PASSED] - Statement - out.println("RQty : " + Rqty): null

2018-05-16 18:49:54 - [TEST_STEP][PASSED] - Statement - If (java.lang.Integer.valueOf(batchqty) >= java.lang.Integer.valueOf(Rqty)): null

2018-05-16 18:49:54 - [TEST_STEP][PASSED] - Statement - Break: null

2018-05-16 18:49:54 - [TEST_STEP][PASSED] - Statement - batchlength = new com.kms.katalon.core.testobject.TestObject(): null

2018-05-16 18:49:54 - [TEST_STEP][PASSED] - Statement - batchlength = com.kms.katalon.core.webui.keyword.WebUiBuiltInKeywords.modifyObjectProperty(batchlength, "xpath", "equals", "//*[@id = "fldvendor" + row + ""]", true): Modify property of object successfully

2018-05-16 18:49:54 - [MESSAGE][PASSED] - Modify property of object successfully

2018-05-16 18:49:54 - [TEST_STEP][PASSED] - Statement - batchsize = com.kms.katalon.core.webui.keyword.WebUiBuiltInKeywords.getNumberOfTotalOption(batchlength): 5 options of object '' counted

2018-05-16 18:49:54 - [MESSAGE][PASSED] - 5 options of object '' counted

2018-05-16 18:49:54 - [TEST_STEP][PASSED] - Statement - out.println("BatchSize : " + batchsize): null

2018-05-16 18:49:54 - [TEST_STEP][PASSED] - Statement - For ([n = 1, n <= batchsize - 1, (n++)]): null

2018-05-16 18:49:54 - [TEST_STEP][PASSED] - Statement - product = new com.kms.katalon.core.testobject.TestObject(): null

2018-05-16 18:49:54 - [TEST_STEP][PASSED] - Statement - product = com.kms.katalon.core.webui.keyword.WebUiBuiltInKeywords.modifyObjectProperty(product, "xpath", "equals", "//*[@id = "fldvendor" + row + ""]", true): Modify property of object successfully

2018-05-16 18:49:54 - [MESSAGE][PASSED] - Modify property of object successfully

2018-05-16 18:49:54 - [TEST_STEP][PASSED] - selectOptionByIndex: All options with index in [1] are selected on object ''

2018-05-16 18:49:54 - [MESSAGE][PASSED] - All options with index in [1] are selected on object ''

2018-05-16 18:49:54 - [TEST_STEP][PASSED] - Statement - batch = new com.kms.katalon.core.testobject.TestObject(): null

2018-05-16 18:49:54 - [TEST_STEP][PASSED] - Statement - batch = com.kms.katalon.core.webui.keyword.WebUiBuiltInKeywords.modifyObjectProperty(batch, "xpath", "equals", "//*[@id = "txtbthqty" + row + ""]", true): Modify property of object successfully

2018-05-16 18:49:54 - [MESSAGE][PASSED] - Modify property of object successfully

2018-05-16 18:49:54 - [TEST_STEP][PASSED] - Statement - batchqty = com.kms.katalon.core.webui.keyword.WebUiBuiltInKeywords.getAttribute(batch, "value").trim(): Attribute 'value' of object '' is: '5000'

2018-05-16 18:49:54 - [MESSAGE][PASSED] - Attribute 'value' of object '' is: '5000'

2018-05-16 18:49:54 - [TEST_STEP][PASSED] - Statement - Rqty = 10000: null

2018-05-16 18:49:54 - [TEST_STEP][PASSED] - delay: Delayed 2 second(s)

2018-05-16 18:49:56 - [MESSAGE][PASSED] - Delayed 2 second(s)

2018-05-16 18:49:56 - [TEST_STEP][PASSED] - Statement - out.println("BatchQty : " + batchqty): null

2018-05-16 18:49:56 - [TEST_STEP][PASSED] - Statement - out.println("RQty : " + Rqty): null

2018-05-16 18:49:56 - [TEST_STEP][PASSED] - Statement - If (java.lang.Integer.valueOf(batchqty) >= java.lang.Integer.valueOf(Rqty)): null

2018-05-16 18:49:56 - [TEST_STEP][PASSED] - Statement - Else: null

2018-05-16 18:49:56 - [TEST_STEP][PASSED] - Statement - out.println("Batchqty Is Less Than Rqty"): null

2018-05-16 18:49:56 - [TEST_STEP][PASSED] - Statement - product = new com.kms.katalon.core.testobject.TestObject(): null

2018-05-16 18:49:56 - [TEST_STEP][PASSED] - Statement - product = com.kms.katalon.core.webui.keyword.WebUiBuiltInKeywords.modifyObjectProperty(product, "xpath", "equals", "//*[@id = "fldvendor" + row + ""]", true): Modify property of object successfully

2018-05-16 18:49:56 - [MESSAGE][PASSED] - Modify property of object successfully

2018-05-16 18:49:56 - [TEST_STEP][PASSED] - selectOptionByIndex: All options with index in [2] are selected on object ''

2018-05-16 18:49:56 - [MESSAGE][PASSED] - All options with index in [2] are selected on object ''

2018-05-16 18:49:56 - [TEST_STEP][PASSED] - Statement - batch = new com.kms.katalon.core.testobject.TestObject(): null

2018-05-16 18:49:56 - [TEST_STEP][PASSED] - Statement - batch = com.kms.katalon.core.webui.keyword.WebUiBuiltInKeywords.modifyObjectProperty(batch, "xpath", "equals", "//*[@id = "txtbthqty" + row + ""]", true): Modify property of object successfully

2018-05-16 18:49:56 - [MESSAGE][PASSED] - Modify property of object successfully

2018-05-16 18:49:56 - [TEST_STEP][PASSED] - Statement - batchqty = com.kms.katalon.core.webui.keyword.WebUiBuiltInKeywords.getAttribute(batch, "value").trim(): Attribute 'value' of object '' is: '5000'

2018-05-16 18:49:56 - [MESSAGE][PASSED] - Attribute 'value' of object '' is: '5000'

2018-05-16 18:49:56 - [TEST_STEP][PASSED] - Statement - Rqty = 10000: null

2018-05-16 18:49:56 - [TEST_STEP][PASSED] - delay: Delayed 2 second(s)

2018-05-16 18:49:58 - [MESSAGE][PASSED] - Delayed 2 second(s)

2018-05-16 18:49:58 - [TEST_STEP][PASSED] - Statement - out.println("BatchQty : " + batchqty): null

2018-05-16 18:49:58 - [TEST_STEP][PASSED] - Statement - out.println("RQty : " + Rqty): null

2018-05-16 18:49:58 - [TEST_STEP][PASSED] - Statement - If (java.lang.Integer.valueOf(batchqty) >= java.lang.Integer.valueOf(Rqty)): null

2018-05-16 18:49:58 - [TEST_STEP][PASSED] - Statement - Else: null

2018-05-16 18:49:58 - [TEST_STEP][PASSED] - Statement - out.println("Batchqty Is Less Than Rqty"): null

2018-05-16 18:49:58 - [TEST_STEP][PASSED] - Statement - product = new com.kms.katalon.core.testobject.TestObject(): null

2018-05-16 18:49:58 - [TEST_STEP][PASSED] - Statement - product = com.kms.katalon.core.webui.keyword.WebUiBuiltInKeywords.modifyObjectProperty(product, "xpath", "equals", "//*[@id = "fldvendor" + row + ""]", true): Modify property of object successfully

2018-05-16 18:49:58 - [MESSAGE][PASSED] - Modify property of object successfully

2018-05-16 18:49:58 - [TEST_STEP][PASSED] - selectOptionByIndex: All options with index in [3] are selected on object ''

2018-05-16 18:49:58 - [MESSAGE][PASSED] - All options with index in [3] are selected on object ''

2018-05-16 18:49:58 - [TEST_STEP][PASSED] - Statement - batch = new com.kms.katalon.core.testobject.TestObject(): null

2018-05-16 18:49:58 - [TEST_STEP][PASSED] - Statement - batch = com.kms.katalon.core.webui.keyword.WebUiBuiltInKeywords.modifyObjectProperty(batch, "xpath", "equals", "//*[@id = "txtbthqty" + row + ""]", true): Modify property of object successfully

2018-05-16 18:49:58 - [MESSAGE][PASSED] - Modify property of object successfully

2018-05-16 18:49:58 - [TEST_STEP][PASSED] - Statement - batchqty = com.kms.katalon.core.webui.keyword.WebUiBuiltInKeywords.getAttribute(batch, "value").trim(): Attribute 'value' of object '' is: '38800'

2018-05-16 18:49:58 - [MESSAGE][PASSED] - Attribute 'value' of object '' is: '38800'

2018-05-16 18:49:58 - [TEST_STEP][PASSED] - Statement - Rqty = 10000: null

2018-05-16 18:49:58 - [TEST_STEP][PASSED] - delay: Delayed 2 second(s)

2018-05-16 18:50:00 - [MESSAGE][PASSED] - Delayed 2 second(s)

2018-05-16 18:50:00 - [TEST_STEP][PASSED] - Statement - out.println("BatchQty : " + batchqty): null

2018-05-16 18:50:00 - [TEST_STEP][PASSED] - Statement - out.println("RQty : " + Rqty): null

2018-05-16 18:50:00 - [TEST_STEP][PASSED] - Statement - If (java.lang.Integer.valueOf(batchqty) >= java.lang.Integer.valueOf(Rqty)): null

2018-05-16 18:50:00 - [TEST_STEP][PASSED] - Statement - Break: null

2018-05-16 18:50:00 - [TEST_STEP][PASSED] - Statement - batchlength = new com.kms.katalon.core.testobject.TestObject(): null

2018-05-16 18:50:00 - [TEST_STEP][PASSED] - Statement - batchlength = com.kms.katalon.core.webui.keyword.WebUiBuiltInKeywords.modifyObjectProperty(batchlength, "xpath", "equals", "//*[@id = "fldvendor" + row + ""]", true): Modify property of object successfully

2018-05-16 18:50:00 - [MESSAGE][PASSED] - Modify property of object successfully

2018-05-16 18:50:00 - [TEST_STEP][PASSED] - Statement - batchsize = com.kms.katalon.core.webui.keyword.WebUiBuiltInKeywords.getNumberOfTotalOption(batchlength): 5 options of object '' counted

2018-05-16 18:50:00 - [MESSAGE][PASSED] - 5 options of object '' counted

2018-05-16 18:50:00 - [TEST_STEP][PASSED] - Statement - out.println("BatchSize : " + batchsize): null

2018-05-16 18:50:00 - [TEST_STEP][PASSED] - Statement - For ([n = 1, n <= batchsize - 1, (n++)]): null

2018-05-16 18:50:00 - [TEST_STEP][PASSED] - Statement - product = new com.kms.katalon.core.testobject.TestObject(): null

2018-05-16 18:50:00 - [TEST_STEP][PASSED] - Statement - product = com.kms.katalon.core.webui.keyword.WebUiBuiltInKeywords.modifyObjectProperty(product, "xpath", "equals", "//*[@id = "fldvendor" + row + ""]", true): Modify property of object successfully

2018-05-16 18:50:00 - [MESSAGE][PASSED] - Modify property of object successfully

2018-05-16 18:50:00 - [TEST_STEP][PASSED] - selectOptionByIndex: All options with index in [1] are selected on object ''

2018-05-16 18:50:01 - [MESSAGE][PASSED] - All options with index in [1] are selected on object ''

2018-05-16 18:50:01 - [TEST_STEP][PASSED] - Statement - batch = new com.kms.katalon.core.testobject.TestObject(): null

2018-05-16 18:50:01 - [TEST_STEP][PASSED] - Statement - batch = com.kms.katalon.core.webui.keyword.WebUiBuiltInKeywords.modifyObjectProperty(batch, "xpath", "equals", "//*[@id = "txtbthqty" + row + ""]", true): Modify property of object successfully

2018-05-16 18:50:01 - [MESSAGE][PASSED] - Modify property of object successfully

2018-05-16 18:50:01 - [TEST_STEP][PASSED] - Statement - batchqty = com.kms.katalon.core.webui.keyword.WebUiBuiltInKeywords.getAttribute(batch, "value").trim(): Attribute 'value' of object '' is: '4000'

2018-05-16 18:50:01 - [MESSAGE][PASSED] - Attribute 'value' of object '' is: '4000'

2018-05-16 18:50:01 - [TEST_STEP][PASSED] - Statement - Rqty = 10000: null

2018-05-16 18:50:01 - [TEST_STEP][PASSED] - delay: Delayed 2 second(s)

2018-05-16 18:50:03 - [MESSAGE][PASSED] - Delayed 2 second(s)

2018-05-16 18:50:03 - [TEST_STEP][PASSED] - Statement - out.println("BatchQty : " + batchqty): null

2018-05-16 18:50:03 - [TEST_STEP][PASSED] - Statement - out.println("RQty : " + Rqty): null

2018-05-16 18:50:03 - [TEST_STEP][PASSED] - Statement - If (java.lang.Integer.valueOf(batchqty) >= java.lang.Integer.valueOf(Rqty)): null

2018-05-16 18:50:03 - [TEST_STEP][PASSED] - Statement - Else: null

2018-05-16 18:50:03 - [TEST_STEP][PASSED] - Statement - out.println("Batchqty Is Less Than Rqty"): null

2018-05-16 18:50:03 - [TEST_STEP][PASSED] - Statement - product = new com.kms.katalon.core.testobject.TestObject(): null

2018-05-16 18:50:03 - [TEST_STEP][PASSED] - Statement - product = com.kms.katalon.core.webui.keyword.WebUiBuiltInKeywords.modifyObjectProperty(product, "xpath", "equals", "//*[@id = "fldvendor" + row + ""]", true): Modify property of object successfully

2018-05-16 18:50:03 - [MESSAGE][PASSED] - Modify property of object successfully

2018-05-16 18:50:03 - [TEST_STEP][PASSED] - selectOptionByIndex: All options with index in [2] are selected on object ''

2018-05-16 18:50:03 - [MESSAGE][PASSED] - All options with index in [2] are selected on object ''

2018-05-16 18:50:03 - [TEST_STEP][PASSED] - Statement - batch = new com.kms.katalon.core.testobject.TestObject(): null

2018-05-16 18:50:03 - [TEST_STEP][PASSED] - Statement - batch = com.kms.katalon.core.webui.keyword.WebUiBuiltInKeywords.modifyObjectProperty(batch, "xpath", "equals", "//*[@id = "txtbthqty" + row + ""]", true): Modify property of object successfully

2018-05-16 18:50:03 - [MESSAGE][PASSED] - Modify property of object successfully

2018-05-16 18:50:03 - [TEST_STEP][PASSED] - Statement - batchqty = com.kms.katalon.core.webui.keyword.WebUiBuiltInKeywords.getAttribute(batch, "value").trim(): Attribute 'value' of object '' is: '5000'

2018-05-16 18:50:03 - [MESSAGE][PASSED] - Attribute 'value' of object '' is: '5000'

2018-05-16 18:50:03 - [TEST_STEP][PASSED] - Statement - Rqty = 10000: null

2018-05-16 18:50:03 - [TEST_STEP][PASSED] - delay: Delayed 2 second(s)

2018-05-16 18:50:05 - [MESSAGE][PASSED] - Delayed 2 second(s)

2018-05-16 18:50:05 - [TEST_STEP][PASSED] - Statement - out.println("BatchQty : " + batchqty): null

2018-05-16 18:50:05 - [TEST_STEP][PASSED] - Statement - out.println("RQty : " + Rqty): null

2018-05-16 18:50:05 - [TEST_STEP][PASSED] - Statement - If (java.lang.Integer.valueOf(batchqty) >= java.lang.Integer.valueOf(Rqty)): null

2018-05-16 18:50:05 - [TEST_STEP][PASSED] - Statement - Else: null

2018-05-16 18:50:05 - [TEST_STEP][PASSED] - Statement - out.println("Batchqty Is Less Than Rqty"): null

2018-05-16 18:50:05 - [TEST_STEP][PASSED] - Statement - product = new com.kms.katalon.core.testobject.TestObject(): null

2018-05-16 18:50:05 - [TEST_STEP][PASSED] - Statement - product = com.kms.katalon.core.webui.keyword.WebUiBuiltInKeywords.modifyObjectProperty(product, "xpath", "equals", "//*[@id = "fldvendor" + row + ""]", true): Modify property of object successfully

2018-05-16 18:50:05 - [MESSAGE][PASSED] - Modify property of object successfully

2018-05-16 18:50:05 - [TEST_STEP][PASSED] - selectOptionByIndex: All options with index in [3] are selected on object ''

2018-05-16 18:50:05 - [MESSAGE][PASSED] - All options with index in [3] are selected on object ''

2018-05-16 18:50:05 - [TEST_STEP][PASSED] - Statement - batch = new com.kms.katalon.core.testobject.TestObject(): null

2018-05-16 18:50:05 - [TEST_STEP][PASSED] - Statement - batch = com.kms.katalon.core.webui.keyword.WebUiBuiltInKeywords.modifyObjectProperty(batch, "xpath", "equals", "//*[@id = "txtbthqty" + row + ""]", true): Modify property of object successfully

2018-05-16 18:50:05 - [MESSAGE][PASSED] - Modify property of object successfully

2018-05-16 18:50:05 - [TEST_STEP][PASSED] - Statement - batchqty = com.kms.katalon.core.webui.keyword.WebUiBuiltInKeywords.getAttribute(batch, "value").trim(): Attribute 'value' of object '' is: '39800'

2018-05-16 18:50:05 - [MESSAGE][PASSED] - Attribute 'value' of object '' is: '39800'

2018-05-16 18:50:05 - [TEST_STEP][PASSED] - Statement - Rqty = 10000: null

2018-05-16 18:50:05 - [TEST_STEP][PASSED] - delay: Delayed 2 second(s)

2018-05-16 18:50:07 - [MESSAGE][PASSED] - Delayed 2 second(s)

2018-05-16 18:50:07 - [TEST_STEP][PASSED] - Statement - out.println("BatchQty : " + batchqty): null

2018-05-16 18:50:07 - [TEST_STEP][PASSED] - Statement - out.println("RQty : " + Rqty): null

2018-05-16 18:50:07 - [TEST_STEP][PASSED] - Statement - If (java.lang.Integer.valueOf(batchqty) >= java.lang.Integer.valueOf(Rqty)): null

2018-05-16 18:50:07 - [TEST_STEP][PASSED] - Statement - Break: null

2018-05-16 18:50:07 - [TEST_STEP][PASSED] - Statement - batchlength = new com.kms.katalon.core.testobject.TestObject(): null

2018-05-16 18:50:07 - [TEST_STEP][PASSED] - Statement - batchlength = com.kms.katalon.core.webui.keyword.WebUiBuiltInKeywords.modifyObjectProperty(batchlength, "xpath", "equals", "//*[@id = "fldvendor" + row + ""]", true): Modify property of object successfully

2018-05-16 18:50:07 - [MESSAGE][PASSED] - Modify property of object successfully

2018-05-16 18:50:07 - [TEST_STEP][PASSED] - Statement - batchsize = com.kms.katalon.core.webui.keyword.WebUiBuiltInKeywords.getNumberOfTotalOption(batchlength): 5 options of object '' counted

2018-05-16 18:50:07 - [MESSAGE][PASSED] - 5 options of object '' counted

2018-05-16 18:50:07 - [TEST_STEP][PASSED] - Statement - out.println("BatchSize : " + batchsize): null

2018-05-16 18:50:07 - [TEST_STEP][PASSED] - Statement - For ([n = 1, n <= batchsize - 1, (n++)]): null

2018-05-16 18:50:07 - [TEST_STEP][PASSED] - Statement - product = new com.kms.katalon.core.testobject.TestObject(): null

2018-05-16 18:50:07 - [TEST_STEP][PASSED] - Statement - product = com.kms.katalon.core.webui.keyword.WebUiBuiltInKeywords.modifyObjectProperty(product, "xpath", "equals", "//*[@id = "fldvendor" + row + ""]", true): Modify property of object successfully

2018-05-16 18:50:07 - [MESSAGE][PASSED] - Modify property of object successfully

2018-05-16 18:50:07 - [TEST_STEP][PASSED] - selectOptionByIndex: All options with index in [1] are selected on object ''

2018-05-16 18:50:07 - [MESSAGE][PASSED] - All options with index in [1] are selected on object ''

2018-05-16 18:50:07 - [TEST_STEP][PASSED] - Statement - batch = new com.kms.katalon.core.testobject.TestObject(): null

2018-05-16 18:50:07 - [TEST_STEP][PASSED] - Statement - batch = com.kms.katalon.core.webui.keyword.WebUiBuiltInKeywords.modifyObjectProperty(batch, "xpath", "equals", "//*[@id = "txtbthqty" + row + ""]", true): Modify property of object successfully

2018-05-16 18:50:07 - [MESSAGE][PASSED] - Modify property of object successfully

2018-05-16 18:50:07 - [TEST_STEP][PASSED] - Statement - batchqty = com.kms.katalon.core.webui.keyword.WebUiBuiltInKeywords.getAttribute(batch, "value").trim(): Attribute 'value' of object '' is: '5000'

2018-05-16 18:50:07 - [MESSAGE][PASSED] - Attribute 'value' of object '' is: '5000'

2018-05-16 18:50:07 - [TEST_STEP][PASSED] - Statement - Rqty = 10000: null

2018-05-16 18:50:07 - [TEST_STEP][PASSED] - delay: Delayed 2 second(s)

2018-05-16 18:50:09 - [MESSAGE][PASSED] - Delayed 2 second(s)

2018-05-16 18:50:09 - [TEST_STEP][PASSED] - Statement - out.println("BatchQty : " + batchqty): null

2018-05-16 18:50:09 - [TEST_STEP][PASSED] - Statement - out.println("RQty : " + Rqty): null

2018-05-16 18:50:09 - [TEST_STEP][PASSED] - Statement - If (java.lang.Integer.valueOf(batchqty) >= java.lang.Integer.valueOf(Rqty)): null

2018-05-16 18:50:09 - [TEST_STEP][PASSED] - Statement - Else: null

2018-05-16 18:50:09 - [TEST_STEP][PASSED] - Statement - out.println("Batchqty Is Less Than Rqty"): null

2018-05-16 18:50:09 - [TEST_STEP][PASSED] - Statement - product = new com.kms.katalon.core.testobject.TestObject(): null

2018-05-16 18:50:09 - [TEST_STEP][PASSED] - Statement - product = com.kms.katalon.core.webui.keyword.WebUiBuiltInKeywords.modifyObjectProperty(product, "xpath", "equals", "//*[@id = "fldvendor" + row + ""]", true): Modify property of object successfully

2018-05-16 18:50:09 - [MESSAGE][PASSED] - Modify property of object successfully

2018-05-16 18:50:09 - [TEST_STEP][PASSED] - selectOptionByIndex: All options with index in [2] are selected on object ''

2018-05-16 18:50:09 - [MESSAGE][PASSED] - All options with index in [2] are selected on object ''

2018-05-16 18:50:09 - [TEST_STEP][PASSED] - Statement - batch = new com.kms.katalon.core.testobject.TestObject(): null

2018-05-16 18:50:09 - [TEST_STEP][PASSED] - Statement - batch = com.kms.katalon.core.webui.keyword.WebUiBuiltInKeywords.modifyObjectProperty(batch, "xpath", "equals", "//*[@id = "txtbthqty" + row + ""]", true): Modify property of object successfully

2018-05-16 18:50:09 - [MESSAGE][PASSED] - Modify property of object successfully

2018-05-16 18:50:09 - [TEST_STEP][PASSED] - Statement - batchqty = com.kms.katalon.core.webui.keyword.WebUiBuiltInKeywords.getAttribute(batch, "value").trim(): Attribute 'value' of object '' is: '4000'

2018-05-16 18:50:10 - [MESSAGE][PASSED] - Attribute 'value' of object '' is: '4000'

2018-05-16 18:50:10 - [TEST_STEP][PASSED] - Statement - Rqty = 10000: null

2018-05-16 18:50:10 - [TEST_STEP][PASSED] - delay: Delayed 2 second(s)

2018-05-16 18:50:12 - [MESSAGE][PASSED] - Delayed 2 second(s)

2018-05-16 18:50:12 - [TEST_STEP][PASSED] - Statement - out.println("BatchQty : " + batchqty): null

2018-05-16 18:50:12 - [TEST_STEP][PASSED] - Statement - out.println("RQty : " + Rqty): null

2018-05-16 18:50:12 - [TEST_STEP][PASSED] - Statement - If (java.lang.Integer.valueOf(batchqty) >= java.lang.Integer.valueOf(Rqty)): null

2018-05-16 18:50:12 - [TEST_STEP][PASSED] - Statement - Else: null

2018-05-16 18:50:12 - [TEST_STEP][PASSED] - Statement - out.println("Batchqty Is Less Than Rqty"): null

2018-05-16 18:50:12 - [TEST_STEP][PASSED] - Statement - product = new com.kms.katalon.core.testobject.TestObject(): null

2018-05-16 18:50:12 - [TEST_STEP][PASSED] - Statement - product = com.kms.katalon.core.webui.keyword.WebUiBuiltInKeywords.modifyObjectProperty(product, "xpath", "equals", "//*[@id = "fldvendor" + row + ""]", true): Modify property of object successfully

2018-05-16 18:50:12 - [MESSAGE][PASSED] - Modify property of object successfully

2018-05-16 18:50:12 - [TEST_STEP][PASSED] - selectOptionByIndex: All options with index in [3] are selected on object ''

2018-05-16 18:50:12 - [MESSAGE][PASSED] - All options with index in [3] are selected on object ''

2018-05-16 18:50:12 - [TEST_STEP][PASSED] - Statement - batch = new com.kms.katalon.core.testobject.TestObject(): null

2018-05-16 18:50:12 - [TEST_STEP][PASSED] - Statement - batch = com.kms.katalon.core.webui.keyword.WebUiBuiltInKeywords.modifyObjectProperty(batch, "xpath", "equals", "//*[@id = "txtbthqty" + row + ""]", true): Modify property of object successfully

2018-05-16 18:50:12 - [MESSAGE][PASSED] - Modify property of object successfully

2018-05-16 18:50:12 - [TEST_STEP][PASSED] - Statement - batchqty = com.kms.katalon.core.webui.keyword.WebUiBuiltInKeywords.getAttribute(batch, "value").trim(): Attribute 'value' of object '' is: '39800'

2018-05-16 18:50:12 - [MESSAGE][PASSED] - Attribute 'value' of object '' is: '39800'

2018-05-16 18:50:12 - [TEST_STEP][PASSED] - Statement - Rqty = 10000: null

2018-05-16 18:50:12 - [TEST_STEP][PASSED] - delay: Delayed 2 second(s)

2018-05-16 18:50:14 - [MESSAGE][PASSED] - Delayed 2 second(s)

2018-05-16 18:50:14 - [TEST_STEP][PASSED] - Statement - out.println("BatchQty : " + batchqty): null

2018-05-16 18:50:14 - [TEST_STEP][PASSED] - Statement - out.println("RQty : " + Rqty): null

2018-05-16 18:50:14 - [TEST_STEP][PASSED] - Statement - If (java.lang.Integer.valueOf(batchqty) >= java.lang.Integer.valueOf(Rqty)): null

2018-05-16 18:50:14 - [TEST_STEP][PASSED] - Statement - Break: null

2018-05-16 18:50:14 - [TEST_STEP][PASSED] - Statement - batchlength = new com.kms.katalon.core.testobject.TestObject(): null

2018-05-16 18:50:14 - [TEST_STEP][PASSED] - Statement - batchlength = com.kms.katalon.core.webui.keyword.WebUiBuiltInKeywords.modifyObjectProperty(batchlength, "xpath", "equals", "//*[@id = "fldvendor" + row + ""]", true): Modify property of object successfully

2018-05-16 18:50:14 - [MESSAGE][PASSED] - Modify property of object successfully

2018-05-16 18:50:14 - [TEST_STEP][PASSED] - Statement - batchsize = com.kms.katalon.core.webui.keyword.WebUiBuiltInKeywords.getNumberOfTotalOption(batchlength): 5 options of object '' counted

2018-05-16 18:50:14 - [MESSAGE][PASSED] - 5 options of object '' counted

2018-05-16 18:50:14 - [TEST_STEP][PASSED] - Statement - out.println("BatchSize : " + batchsize): null

2018-05-16 18:50:14 - [TEST_STEP][PASSED] - Statement - For ([n = 1, n <= batchsize - 1, (n++)]): null

2018-05-16 18:50:14 - [TEST_STEP][PASSED] - Statement - product = new com.kms.katalon.core.testobject.TestObject(): null

2018-05-16 18:50:14 - [TEST_STEP][PASSED] - Statement - product = com.kms.katalon.core.webui.keyword.WebUiBuiltInKeywords.modifyObjectProperty(product, "xpath", "equals", "//*[@id = "fldvendor" + row + ""]", true): Modify property of object successfully

2018-05-16 18:50:14 - [MESSAGE][PASSED] - Modify property of object successfully

2018-05-16 18:50:14 - [TEST_STEP][PASSED] - selectOptionByIndex: All options with index in [1] are selected on object ''

2018-05-16 18:50:14 - [MESSAGE][PASSED] - All options with index in [1] are selected on object ''

2018-05-16 18:50:14 - [TEST_STEP][PASSED] - Statement - batch = new com.kms.katalon.core.testobject.TestObject(): null

2018-05-16 18:50:14 - [TEST_STEP][PASSED] - Statement - batch = com.kms.katalon.core.webui.keyword.WebUiBuiltInKeywords.modifyObjectProperty(batch, "xpath", "equals", "//*[@id = "txtbthqty" + row + ""]", true): Modify property of object successfully

2018-05-16 18:50:14 - [MESSAGE][PASSED] - Modify property of object successfully

2018-05-16 18:50:14 - [TEST_STEP][PASSED] - Statement - batchqty = com.kms.katalon.core.webui.keyword.WebUiBuiltInKeywords.getAttribute(batch, "value").trim(): Attribute 'value' of object '' is: '5000'

2018-05-16 18:50:14 - [MESSAGE][PASSED] - Attribute 'value' of object '' is: '5000'

2018-05-16 18:50:14 - [TEST_STEP][PASSED] - Statement - Rqty = 10000: null

2018-05-16 18:50:14 - [TEST_STEP][PASSED] - delay: Delayed 2 second(s)

2018-05-16 18:50:16 - [MESSAGE][PASSED] - Delayed 2 second(s)

2018-05-16 18:50:16 - [TEST_STEP][PASSED] - Statement - out.println("BatchQty : " + batchqty): null

2018-05-16 18:50:16 - [TEST_STEP][PASSED] - Statement - out.println("RQty : " + Rqty): null

2018-05-16 18:50:16 - [TEST_STEP][PASSED] - Statement - If (java.lang.Integer.valueOf(batchqty) >= java.lang.Integer.valueOf(Rqty)): null

2018-05-16 18:50:16 - [TEST_STEP][PASSED] - Statement - Else: null

2018-05-16 18:50:16 - [TEST_STEP][PASSED] - Statement - out.println("Batchqty Is Less Than Rqty"): null

2018-05-16 18:50:16 - [TEST_STEP][PASSED] - Statement - product = new com.kms.katalon.core.testobject.TestObject(): null

2018-05-16 18:50:16 - [TEST_STEP][PASSED] - Statement - product = com.kms.katalon.core.webui.keyword.WebUiBuiltInKeywords.modifyObjectProperty(product, "xpath", "equals", "//*[@id = "fldvendor" + row + ""]", true): Modify property of object successfully

2018-05-16 18:50:16 - [MESSAGE][PASSED] - Modify property of object successfully

2018-05-16 18:50:16 - [TEST_STEP][PASSED] - selectOptionByIndex: All options with index in [2] are selected on object ''

2018-05-16 18:50:16 - [MESSAGE][PASSED] - All options with index in [2] are selected on object ''

2018-05-16 18:50:16 - [TEST_STEP][PASSED] - Statement - batch = new com.kms.katalon.core.testobject.TestObject(): null

2018-05-16 18:50:16 - [TEST_STEP][PASSED] - Statement - batch = com.kms.katalon.core.webui.keyword.WebUiBuiltInKeywords.modifyObjectProperty(batch, "xpath", "equals", "//*[@id = "txtbthqty" + row + ""]", true): Modify property of object successfully

2018-05-16 18:50:16 - [MESSAGE][PASSED] - Modify property of object successfully

2018-05-16 18:50:16 - [TEST_STEP][PASSED] - Statement - batchqty = com.kms.katalon.core.webui.keyword.WebUiBuiltInKeywords.getAttribute(batch, "value").trim(): Attribute 'value' of object '' is: '38800'

2018-05-16 18:50:16 - [MESSAGE][PASSED] - Attribute 'value' of object '' is: '38800'

2018-05-16 18:50:16 - [TEST_STEP][PASSED] - Statement - Rqty = 10000: null

2018-05-16 18:50:16 - [TEST_STEP][PASSED] - delay: Delayed 2 second(s)

2018-05-16 18:50:18 - [MESSAGE][PASSED] - Delayed 2 second(s)

2018-05-16 18:50:18 - [TEST_STEP][PASSED] - Statement - out.println("BatchQty : " + batchqty): null

2018-05-16 18:50:18 - [TEST_STEP][PASSED] - Statement - out.println("RQty : " + Rqty): null

2018-05-16 18:50:18 - [TEST_STEP][PASSED] - Statement - If (java.lang.Integer.valueOf(batchqty) >= java.lang.Integer.valueOf(Rqty)): null

2018-05-16 18:50:18 - [TEST_STEP][PASSED] - Statement - Break: null

2018-05-16 18:50:18 - [TEST_STEP][PASSED] - Statement - batchlength = new com.kms.katalon.core.testobject.TestObject(): null

2018-05-16 18:50:18 - [TEST_STEP][PASSED] - Statement - batchlength = com.kms.katalon.core.webui.keyword.WebUiBuiltInKeywords.modifyObjectProperty(batchlength, "xpath", "equals", "//*[@id = "fldvendor" + row + ""]", true): Modify property of object successfully

2018-05-16 18:50:18 - [MESSAGE][PASSED] - Modify property of object successfully

2018-05-16 18:50:18 - [TEST_STEP][PASSED] - Statement - batchsize = com.kms.katalon.core.webui.keyword.WebUiBuiltInKeywords.getNumberOfTotalOption(batchlength): 5 options of object '' counted

2018-05-16 18:50:18 - [MESSAGE][PASSED] - 5 options of object '' counted

2018-05-16 18:50:18 - [TEST_STEP][PASSED] - Statement - out.println("BatchSize : " + batchsize): null

2018-05-16 18:50:18 - [TEST_STEP][PASSED] - Statement - For ([n = 1, n <= batchsize - 1, (n++)]): null

2018-05-16 18:50:18 - [TEST_STEP][PASSED] - Statement - product = new com.kms.katalon.core.testobject.TestObject(): null

2018-05-16 18:50:18 - [TEST_STEP][PASSED] - Statement - product = com.kms.katalon.core.webui.keyword.WebUiBuiltInKeywords.modifyObjectProperty(product, "xpath", "equals", "//*[@id = "fldvendor" + row + ""]", true): Modify property of object successfully

2018-05-16 18:50:18 - [MESSAGE][PASSED] - Modify property of object successfully

2018-05-16 18:50:18 - [TEST_STEP][PASSED] - selectOptionByIndex: All options with index in [1] are selected on object ''

2018-05-16 18:50:18 - [MESSAGE][PASSED] - All options with index in [1] are selected on object ''

2018-05-16 18:50:18 - [TEST_STEP][PASSED] - Statement - batch = new com.kms.katalon.core.testobject.TestObject(): null

2018-05-16 18:50:18 - [TEST_STEP][PASSED] - Statement - batch = com.kms.katalon.core.webui.keyword.WebUiBuiltInKeywords.modifyObjectProperty(batch, "xpath", "equals", "//*[@id = "txtbthqty" + row + ""]", true): Modify property of object successfully

2018-05-16 18:50:18 - [MESSAGE][PASSED] - Modify property of object successfully

2018-05-16 18:50:18 - [TEST_STEP][PASSED] - Statement - batchqty = com.kms.katalon.core.webui.keyword.WebUiBuiltInKeywords.getAttribute(batch, "value").trim(): Attribute 'value' of object '' is: '5000'

2018-05-16 18:50:18 - [MESSAGE][PASSED] - Attribute 'value' of object '' is: '5000'

2018-05-16 18:50:18 - [TEST_STEP][PASSED] - Statement - Rqty = 10000: null

2018-05-16 18:50:18 - [TEST_STEP][PASSED] - delay: Delayed 2 second(s)

2018-05-16 18:50:20 - [MESSAGE][PASSED] - Delayed 2 second(s)

2018-05-16 18:50:20 - [TEST_STEP][PASSED] - Statement - out.println("BatchQty : " + batchqty): null

2018-05-16 18:50:20 - [TEST_STEP][PASSED] - Statement - out.println("RQty : " + Rqty): null

2018-05-16 18:50:20 - [TEST_STEP][PASSED] - Statement - If (java.lang.Integer.valueOf(batchqty) >= java.lang.Integer.valueOf(Rqty)): null

2018-05-16 18:50:20 - [TEST_STEP][PASSED] - Statement - Else: null

2018-05-16 18:50:20 - [TEST_STEP][PASSED] - Statement - out.println("Batchqty Is Less Than Rqty"): null

2018-05-16 18:50:21 - [TEST_STEP][PASSED] - Statement - product = new com.kms.katalon.core.testobject.TestObject(): null

2018-05-16 18:50:21 - [TEST_STEP][PASSED] - Statement - product = com.kms.katalon.core.webui.keyword.WebUiBuiltInKeywords.modifyObjectProperty(product, "xpath", "equals", "//*[@id = "fldvendor" + row + ""]", true): Modify property of object successfully

2018-05-16 18:50:21 - [MESSAGE][PASSED] - Modify property of object successfully

2018-05-16 18:50:21 - [TEST_STEP][PASSED] - selectOptionByIndex: All options with index in [2] are selected on object ''

2018-05-16 18:50:21 - [MESSAGE][PASSED] - All options with index in [2] are selected on object ''

2018-05-16 18:50:21 - [TEST_STEP][PASSED] - Statement - batch = new com.kms.katalon.core.testobject.TestObject(): null

2018-05-16 18:50:21 - [TEST_STEP][PASSED] - Statement - batch = com.kms.katalon.core.webui.keyword.WebUiBuiltInKeywords.modifyObjectProperty(batch, "xpath", "equals", "//*[@id = "txtbthqty" + row + ""]", true): Modify property of object successfully

2018-05-16 18:50:21 - [MESSAGE][PASSED] - Modify property of object successfully

2018-05-16 18:50:21 - [TEST_STEP][PASSED] - Statement - batchqty = com.kms.katalon.core.webui.keyword.WebUiBuiltInKeywords.getAttribute(batch, "value").trim(): Attribute 'value' of object '' is: '38800'

2018-05-16 18:50:21 - [MESSAGE][PASSED] - Attribute 'value' of object '' is: '38800'

2018-05-16 18:50:21 - [TEST_STEP][PASSED] - Statement - Rqty = 10000: null

2018-05-16 18:50:21 - [TEST_STEP][PASSED] - delay: Delayed 2 second(s)

2018-05-16 18:50:23 - [MESSAGE][PASSED] - Delayed 2 second(s)

2018-05-16 18:50:23 - [TEST_STEP][PASSED] - Statement - out.println("BatchQty : " + batchqty): null

2018-05-16 18:50:23 - [TEST_STEP][PASSED] - Statement - out.println("RQty : " + Rqty): null

2018-05-16 18:50:23 - [TEST_STEP][PASSED] - Statement - If (java.lang.Integer.valueOf(batchqty) >= java.lang.Integer.valueOf(Rqty)): null

2018-05-16 18:50:23 - [TEST_STEP][PASSED] - Statement - Break: null

2018-05-16 18:50:23 - [TEST_STEP][PASSED] - Statement - batchlength = new com.kms.katalon.core.testobject.TestObject(): null

2018-05-16 18:50:23 - [TEST_STEP][PASSED] - Statement - batchlength = com.kms.katalon.core.webui.keyword.WebUiBuiltInKeywords.modifyObjectProperty(batchlength, "xpath", "equals", "//*[@id = "fldvendor" + row + ""]", true): Modify property of object successfully

2018-05-16 18:50:23 - [MESSAGE][PASSED] - Modify property of object successfully

2018-05-16 18:50:23 - [TEST_STEP][PASSED] - Statement - batchsize = com.kms.katalon.core.webui.keyword.WebUiBuiltInKeywords.getNumberOfTotalOption(batchlength): 5 options of object '' counted

2018-05-16 18:50:23 - [MESSAGE][PASSED] - 5 options of object '' counted

2018-05-16 18:50:23 - [TEST_STEP][PASSED] - Statement - out.println("BatchSize : " + batchsize): null

2018-05-16 18:50:23 - [TEST_STEP][PASSED] - Statement - For ([n = 1, n <= batchsize - 1, (n++)]): null

2018-05-16 18:50:23 - [TEST_STEP][PASSED] - Statement - product = new com.kms.katalon.core.testobject.TestObject(): null

2018-05-16 18:50:23 - [TEST_STEP][PASSED] - Statement - product = com.kms.katalon.core.webui.keyword.WebUiBuiltInKeywords.modifyObjectProperty(product, "xpath", "equals", "//*[@id = "fldvendor" + row + ""]", true): Modify property of object successfully

2018-05-16 18:50:23 - [MESSAGE][PASSED] - Modify property of object successfully

2018-05-16 18:50:23 - [TEST_STEP][PASSED] - selectOptionByIndex: All options with index in [1] are selected on object ''

2018-05-16 18:50:23 - [MESSAGE][PASSED] - All options with index in [1] are selected on object ''

2018-05-16 18:50:23 - [TEST_STEP][PASSED] - Statement - batch = new com.kms.katalon.core.testobject.TestObject(): null

2018-05-16 18:50:23 - [TEST_STEP][PASSED] - Statement - batch = com.kms.katalon.core.webui.keyword.WebUiBuiltInKeywords.modifyObjectProperty(batch, "xpath", "equals", "//*[@id = "txtbthqty" + row + ""]", true): Modify property of object successfully

2018-05-16 18:50:23 - [MESSAGE][PASSED] - Modify property of object successfully

2018-05-16 18:50:23 - [TEST_STEP][PASSED] - Statement - batchqty = com.kms.katalon.core.webui.keyword.WebUiBuiltInKeywords.getAttribute(batch, "value").trim(): Attribute 'value' of object '' is: '5000'

2018-05-16 18:50:23 - [MESSAGE][PASSED] - Attribute 'value' of object '' is: '5000'

2018-05-16 18:50:23 - [TEST_STEP][PASSED] - Statement - Rqty = 10000: null

2018-05-16 18:50:23 - [TEST_STEP][PASSED] - delay: Delayed 2 second(s)

2018-05-16 18:50:25 - [MESSAGE][PASSED] - Delayed 2 second(s)

2018-05-16 18:50:25 - [TEST_STEP][PASSED] - Statement - out.println("BatchQty : " + batchqty): null

2018-05-16 18:50:25 - [TEST_STEP][PASSED] - Statement - out.println("RQty : " + Rqty): null

2018-05-16 18:50:25 - [TEST_STEP][PASSED] - Statement - If (java.lang.Integer.valueOf(batchqty) >= java.lang.Integer.valueOf(Rqty)): null

2018-05-16 18:50:25 - [TEST_STEP][PASSED] - Statement - Else: null

2018-05-16 18:50:25 - [TEST_STEP][PASSED] - Statement - out.println("Batchqty Is Less Than Rqty"): null

2018-05-16 18:50:25 - [TEST_STEP][PASSED] - Statement - product = new com.kms.katalon.core.testobject.TestObject(): null

2018-05-16 18:50:25 - [TEST_STEP][PASSED] - Statement - product = com.kms.katalon.core.webui.keyword.WebUiBuiltInKeywords.modifyObjectProperty(product, "xpath", "equals", "//*[@id = "fldvendor" + row + ""]", true): Modify property of object successfully

2018-05-16 18:50:25 - [MESSAGE][PASSED] - Modify property of object successfully

2018-05-16 18:50:25 - [TEST_STEP][PASSED] - selectOptionByIndex: All options with index in [2] are selected on object ''

2018-05-16 18:50:25 - [MESSAGE][PASSED] - All options with index in [2] are selected on object ''

2018-05-16 18:50:25 - [TEST_STEP][PASSED] - Statement - batch = new com.kms.katalon.core.testobject.TestObject(): null

2018-05-16 18:50:25 - [TEST_STEP][PASSED] - Statement - batch = com.kms.katalon.core.webui.keyword.WebUiBuiltInKeywords.modifyObjectProperty(batch, "xpath", "equals", "//*[@id = "txtbthqty" + row + ""]", true): Modify property of object successfully

2018-05-16 18:50:25 - [MESSAGE][PASSED] - Modify property of object successfully

2018-05-16 18:50:25 - [TEST_STEP][PASSED] - Statement - batchqty = com.kms.katalon.core.webui.keyword.WebUiBuiltInKeywords.getAttribute(batch, "value").trim(): Attribute 'value' of object '' is: '5000'

2018-05-16 18:50:25 - [MESSAGE][PASSED] - Attribute 'value' of object '' is: '5000'

2018-05-16 18:50:25 - [TEST_STEP][PASSED] - Statement - Rqty = 10000: null

2018-05-16 18:50:25 - [TEST_STEP][PASSED] - delay: Delayed 2 second(s)

2018-05-16 18:50:27 - [MESSAGE][PASSED] - Delayed 2 second(s)

2018-05-16 18:50:27 - [TEST_STEP][PASSED] - Statement - out.println("BatchQty : " + batchqty): null

2018-05-16 18:50:27 - [TEST_STEP][PASSED] - Statement - out.println("RQty : " + Rqty): null

2018-05-16 18:50:27 - [TEST_STEP][PASSED] - Statement - If (java.lang.Integer.valueOf(batchqty) >= java.lang.Integer.valueOf(Rqty)): null

2018-05-16 18:50:27 - [TEST_STEP][PASSED] - Statement - Else: null

2018-05-16 18:50:27 - [TEST_STEP][PASSED] - Statement - out.println("Batchqty Is Less Than Rqty"): null

2018-05-16 18:50:27 - [TEST_STEP][PASSED] - Statement - product = new com.kms.katalon.core.testobject.TestObject(): null

2018-05-16 18:50:27 - [TEST_STEP][PASSED] - Statement - product = com.kms.katalon.core.webui.keyword.WebUiBuiltInKeywords.modifyObjectProperty(product, "xpath", "equals", "//*[@id = "fldvendor" + row + ""]", true): Modify property of object successfully

2018-05-16 18:50:27 - [MESSAGE][PASSED] - Modify property of object successfully

2018-05-16 18:50:27 - [TEST_STEP][PASSED] - selectOptionByIndex: All options with index in [3] are selected on object ''

2018-05-16 18:50:27 - [MESSAGE][PASSED] - All options with index in [3] are selected on object ''

2018-05-16 18:50:27 - [TEST_STEP][PASSED] - Statement - batch = new com.kms.katalon.core.testobject.TestObject(): null

2018-05-16 18:50:27 - [TEST_STEP][PASSED] - Statement - batch = com.kms.katalon.core.webui.keyword.WebUiBuiltInKeywords.modifyObjectProperty(batch, "xpath", "equals", "//*[@id = "txtbthqty" + row + ""]", true): Modify property of object successfully

2018-05-16 18:50:27 - [MESSAGE][PASSED] - Modify property of object successfully

2018-05-16 18:50:27 - [TEST_STEP][PASSED] - Statement - batchqty = com.kms.katalon.core.webui.keyword.WebUiBuiltInKeywords.getAttribute(batch, "value").trim(): Attribute 'value' of object '' is: '4000'

2018-05-16 18:50:27 - [MESSAGE][PASSED] - Attribute 'value' of object '' is: '4000'

2018-05-16 18:50:27 - [TEST_STEP][PASSED] - Statement - Rqty = 10000: null

2018-05-16 18:50:27 - [TEST_STEP][PASSED] - delay: Delayed 2 second(s)

2018-05-16 18:50:29 - [MESSAGE][PASSED] - Delayed 2 second(s)

2018-05-16 18:50:29 - [TEST_STEP][PASSED] - Statement - out.println("BatchQty : " + batchqty): null

2018-05-16 18:50:29 - [TEST_STEP][PASSED] - Statement - out.println("RQty : " + Rqty): null

2018-05-16 18:50:29 - [TEST_STEP][PASSED] - Statement - If (java.lang.Integer.valueOf(batchqty) >= java.lang.Integer.valueOf(Rqty)): null

2018-05-16 18:50:29 - [TEST_STEP][PASSED] - Statement - Else: null

2018-05-16 18:50:29 - [TEST_STEP][PASSED] - Statement - out.println("Batchqty Is Less Than Rqty"): null

2018-05-16 18:50:29 - [TEST_STEP][PASSED] - Statement - product = new com.kms.katalon.core.testobject.TestObject(): null

2018-05-16 18:50:29 - [TEST_STEP][PASSED] - Statement - product = com.kms.katalon.core.webui.keyword.WebUiBuiltInKeywords.modifyObjectProperty(product, "xpath", "equals", "//*[@id = "fldvendor" + row + ""]", true): Modify property of object successfully

2018-05-16 18:50:29 - [MESSAGE][PASSED] - Modify property of object successfully

2018-05-16 18:50:29 - [TEST_STEP][PASSED] - selectOptionByIndex: All options with index in [4] are selected on object ''

2018-05-16 18:50:30 - [MESSAGE][PASSED] - All options with index in [4] are selected on object ''

2018-05-16 18:50:30 - [TEST_STEP][PASSED] - Statement - batch = new com.kms.katalon.core.testobject.TestObject(): null

2018-05-16 18:50:30 - [TEST_STEP][PASSED] - Statement - batch = com.kms.katalon.core.webui.keyword.WebUiBuiltInKeywords.modifyObjectProperty(batch, "xpath", "equals", "//*[@id = "txtbthqty" + row + ""]", true): Modify property of object successfully

2018-05-16 18:50:30 - [MESSAGE][PASSED] - Modify property of object successfully

2018-05-16 18:50:30 - [TEST_STEP][PASSED] - Statement - batchqty = com.kms.katalon.core.webui.keyword.WebUiBuiltInKeywords.getAttribute(batch, "value").trim(): Attribute 'value' of object '' is: '39800'

2018-05-16 18:50:30 - [MESSAGE][PASSED] - Attribute 'value' of object '' is: '39800'

2018-05-16 18:50:30 - [TEST_STEP][PASSED] - Statement - Rqty = 10000: null

2018-05-16 18:50:30 - [TEST_STEP][PASSED] - delay: Delayed 2 second(s)

2018-05-16 18:50:32 - [MESSAGE][PASSED] - Delayed 2 second(s)

2018-05-16 18:50:32 - [TEST_STEP][PASSED] - Statement - out.println("BatchQty : " + batchqty): null

2018-05-16 18:50:32 - [TEST_STEP][PASSED] - Statement - out.println("RQty : " + Rqty): null

2018-05-16 18:50:32 - [TEST_STEP][PASSED] - Statement - If (java.lang.Integer.valueOf(batchqty) >= java.lang.Integer.valueOf(Rqty)): null

2018-05-16 18:50:32 - [TEST_STEP][PASSED] - Statement - Break: null

2018-05-16 18:50:32 - [TEST_STEP][PASSED] - Statement - batchlength = new com.kms.katalon.core.testobject.TestObject(): null

2018-05-16 18:50:32 - [TEST_STEP][PASSED] - Statement - batchlength = com.kms.katalon.core.webui.keyword.WebUiBuiltInKeywords.modifyObjectProperty(batchlength, "xpath", "equals", "//*[@id = "fldvendor" + row + ""]", true): Modify property of object successfully

2018-05-16 18:50:32 - [MESSAGE][PASSED] - Modify property of object successfully

2018-05-16 18:50:32 - [TEST_STEP][PASSED] - Statement - batchsize = com.kms.katalon.core.webui.keyword.WebUiBuiltInKeywords.getNumberOfTotalOption(batchlength): 5 options of object '' counted

2018-05-16 18:50:32 - [MESSAGE][PASSED] - 5 options of object '' counted

2018-05-16 18:50:32 - [TEST_STEP][PASSED] - Statement - out.println("BatchSize : " + batchsize): null

2018-05-16 18:50:32 - [TEST_STEP][PASSED] - Statement - For ([n = 1, n <= batchsize - 1, (n++)]): null

2018-05-16 18:50:32 - [TEST_STEP][PASSED] - Statement - product = new com.kms.katalon.core.testobject.TestObject(): null

2018-05-16 18:50:32 - [TEST_STEP][PASSED] - Statement - product = com.kms.katalon.core.webui.keyword.WebUiBuiltInKeywords.modifyObjectProperty(product, "xpath", "equals", "//*[@id = "fldvendor" + row + ""]", true): Modify property of object successfully

2018-05-16 18:50:32 - [MESSAGE][PASSED] - Modify property of object successfully

2018-05-16 18:50:32 - [TEST_STEP][PASSED] - selectOptionByIndex: All options with index in [1] are selected on object ''

2018-05-16 18:50:32 - [MESSAGE][PASSED] - All options with index in [1] are selected on object ''

2018-05-16 18:50:32 - [TEST_STEP][PASSED] - Statement - batch = new com.kms.katalon.core.testobject.TestObject(): null

2018-05-16 18:50:32 - [TEST_STEP][PASSED] - Statement - batch = com.kms.katalon.core.webui.keyword.WebUiBuiltInKeywords.modifyObjectProperty(batch, "xpath", "equals", "//*[@id = "txtbthqty" + row + ""]", true): Modify property of object successfully

2018-05-16 18:50:32 - [MESSAGE][PASSED] - Modify property of object successfully

2018-05-16 18:50:32 - [TEST_STEP][PASSED] - Statement - batchqty = com.kms.katalon.core.webui.keyword.WebUiBuiltInKeywords.getAttribute(batch, "value").trim(): Attribute 'value' of object '' is: '38800'

2018-05-16 18:50:32 - [MESSAGE][PASSED] - Attribute 'value' of object '' is: '38800'

2018-05-16 18:50:32 - [TEST_STEP][PASSED] - Statement - Rqty = 10000: null

2018-05-16 18:50:32 - [TEST_STEP][PASSED] - delay: Delayed 2 second(s)

2018-05-16 18:50:34 - [MESSAGE][PASSED] - Delayed 2 second(s)

2018-05-16 18:50:34 - [TEST_STEP][PASSED] - Statement - out.println("BatchQty : " + batchqty): null

2018-05-16 18:50:34 - [TEST_STEP][PASSED] - Statement - out.println("RQty : " + Rqty): null

2018-05-16 18:50:34 - [TEST_STEP][PASSED] - Statement - If (java.lang.Integer.valueOf(batchqty) >= java.lang.Integer.valueOf(Rqty)): null

2018-05-16 18:50:34 - [TEST_STEP][PASSED] - Statement - Break: null

2018-05-16 18:50:34 - [TEST_STEP][PASSED] - Statement - batchlength = new com.kms.katalon.core.testobject.TestObject(): null

2018-05-16 18:50:34 - [TEST_STEP][PASSED] - Statement - batchlength = com.kms.katalon.core.webui.keyword.WebUiBuiltInKeywords.modifyObjectProperty(batchlength, "xpath", "equals", "//*[@id = "fldvendor" + row + ""]", true): Modify property of object successfully

2018-05-16 18:50:34 - [MESSAGE][PASSED] - Modify property of object successfully

2018-05-16 18:50:34 - [TEST_STEP][PASSED] - Statement - batchsize = com.kms.katalon.core.webui.keyword.WebUiBuiltInKeywords.getNumberOfTotalOption(batchlength): 5 options of object '' counted

2018-05-16 18:50:34 - [MESSAGE][PASSED] - 5 options of object '' counted

2018-05-16 18:50:34 - [TEST_STEP][PASSED] - Statement - out.println("BatchSize : " + batchsize): null

2018-05-16 18:50:34 - [TEST_STEP][PASSED] - Statement - For ([n = 1, n <= batchsize - 1, (n++)]): null

2018-05-16 18:50:34 - [TEST_STEP][PASSED] - Statement - product = new com.kms.katalon.core.testobject.TestObject(): null

2018-05-16 18:50:34 - [TEST_STEP][PASSED] - Statement - product = com.kms.katalon.core.webui.keyword.WebUiBuiltInKeywords.modifyObjectProperty(product, "xpath", "equals", "//*[@id = "fldvendor" + row + ""]", true): Modify property of object successfully

2018-05-16 18:50:34 - [MESSAGE][PASSED] - Modify property of object successfully

2018-05-16 18:50:34 - [TEST_STEP][PASSED] - selectOptionByIndex: All options with index in [1] are selected on object ''

2018-05-16 18:50:34 - [MESSAGE][PASSED] - All options with index in [1] are selected on object ''

2018-05-16 18:50:34 - [TEST_STEP][PASSED] - Statement - batch = new com.kms.katalon.core.testobject.TestObject(): null

2018-05-16 18:50:34 - [TEST_STEP][PASSED] - Statement - batch = com.kms.katalon.core.webui.keyword.WebUiBuiltInKeywords.modifyObjectProperty(batch, "xpath", "equals", "//*[@id = "txtbthqty" + row + ""]", true): Modify property of object successfully

2018-05-16 18:50:34 - [MESSAGE][PASSED] - Modify property of object successfully

2018-05-16 18:50:34 - [TEST_STEP][PASSED] - Statement - batchqty = com.kms.katalon.core.webui.keyword.WebUiBuiltInKeywords.getAttribute(batch, "value").trim(): Attribute 'value' of object '' is: '5000'

2018-05-16 18:50:34 - [MESSAGE][PASSED] - Attribute 'value' of object '' is: '5000'

2018-05-16 18:50:34 - [TEST_STEP][PASSED] - Statement - Rqty = 10000: null

2018-05-16 18:50:34 - [TEST_STEP][PASSED] - delay: Delayed 2 second(s)

2018-05-16 18:50:36 - [MESSAGE][PASSED] - Delayed 2 second(s)

2018-05-16 18:50:36 - [TEST_STEP][PASSED] - Statement - out.println("BatchQty : " + batchqty): null

2018-05-16 18:50:36 - [TEST_STEP][PASSED] - Statement - out.println("RQty : " + Rqty): null

2018-05-16 18:50:36 - [TEST_STEP][PASSED] - Statement - If (java.lang.Integer.valueOf(batchqty) >= java.lang.Integer.valueOf(Rqty)): null

2018-05-16 18:50:36 - [TEST_STEP][PASSED] - Statement - Else: null

2018-05-16 18:50:36 - [TEST_STEP][PASSED] - Statement - out.println("Batchqty Is Less Than Rqty"): null

2018-05-16 18:50:36 - [TEST_STEP][PASSED] - Statement - product = new com.kms.katalon.core.testobject.TestObject(): null

2018-05-16 18:50:36 - [TEST_STEP][PASSED] - Statement - product = com.kms.katalon.core.webui.keyword.WebUiBuiltInKeywords.modifyObjectProperty(product, "xpath", "equals", "//*[@id = "fldvendor" + row + ""]", true): Modify property of object successfully

2018-05-16 18:50:36 - [MESSAGE][PASSED] - Modify property of object successfully

2018-05-16 18:50:36 - [TEST_STEP][PASSED] - selectOptionByIndex: All options with index in [2] are selected on object ''

2018-05-16 18:50:36 - [MESSAGE][PASSED] - All options with index in [2] are selected on object ''

2018-05-16 18:50:36 - [TEST_STEP][PASSED] - Statement - batch = new com.kms.katalon.core.testobject.TestObject(): null

2018-05-16 18:50:36 - [TEST_STEP][PASSED] - Statement - batch = com.kms.katalon.core.webui.keyword.WebUiBuiltInKeywords.modifyObjectProperty(batch, "xpath", "equals", "//*[@id = "txtbthqty" + row + ""]", true): Modify property of object successfully

2018-05-16 18:50:36 - [MESSAGE][PASSED] - Modify property of object successfully

2018-05-16 18:50:36 - [TEST_STEP][PASSED] - Statement - batchqty = com.kms.katalon.core.webui.keyword.WebUiBuiltInKeywords.getAttribute(batch, "value").trim(): Attribute 'value' of object '' is: '5000'

2018-05-16 18:50:36 - [MESSAGE][PASSED] - Attribute 'value' of object '' is: '5000'

2018-05-16 18:50:36 - [TEST_STEP][PASSED] - Statement - Rqty = 10000: null

2018-05-16 18:50:36 - [TEST_STEP][PASSED] - delay: Delayed 2 second(s)

2018-05-16 18:50:38 - [MESSAGE][PASSED] - Delayed 2 second(s)

2018-05-16 18:50:38 - [TEST_STEP][PASSED] - Statement - out.println("BatchQty : " + batchqty): null

2018-05-16 18:50:38 - [TEST_STEP][PASSED] - Statement - out.println("RQty : " + Rqty): null

2018-05-16 18:50:38 - [TEST_STEP][PASSED] - Statement - If (java.lang.Integer.valueOf(batchqty) >= java.lang.Integer.valueOf(Rqty)): null

2018-05-16 18:50:38 - [TEST_STEP][PASSED] - Statement - Else: null

2018-05-16 18:50:38 - [TEST_STEP][PASSED] - Statement - out.println("Batchqty Is Less Than Rqty"): null

2018-05-16 18:50:38 - [TEST_STEP][PASSED] - Statement - product = new com.kms.katalon.core.testobject.TestObject(): null

2018-05-16 18:50:38 - [TEST_STEP][PASSED] - Statement - product = com.kms.katalon.core.webui.keyword.WebUiBuiltInKeywords.modifyObjectProperty(product, "xpath", "equals", "//*[@id = "fldvendor" + row + ""]", true): Modify property of object successfully

2018-05-16 18:50:38 - [MESSAGE][PASSED] - Modify property of object successfully

2018-05-16 18:50:38 - [TEST_STEP][PASSED] - selectOptionByIndex: All options with index in [3] are selected on object ''

2018-05-16 18:50:38 - [MESSAGE][PASSED] - All options with index in [3] are selected on object ''

2018-05-16 18:50:38 - [TEST_STEP][PASSED] - Statement - batch = new com.kms.katalon.core.testobject.TestObject(): null

2018-05-16 18:50:38 - [TEST_STEP][PASSED] - Statement - batch = com.kms.katalon.core.webui.keyword.WebUiBuiltInKeywords.modifyObjectProperty(batch, "xpath", "equals", "//*[@id = "txtbthqty" + row + ""]", true): Modify property of object successfully

2018-05-16 18:50:38 - [MESSAGE][PASSED] - Modify property of object successfully

2018-05-16 18:50:38 - [TEST_STEP][PASSED] - Statement - batchqty = com.kms.katalon.core.webui.keyword.WebUiBuiltInKeywords.getAttribute(batch, "value").trim(): Attribute 'value' of object '' is: '38800'

2018-05-16 18:50:38 - [MESSAGE][PASSED] - Attribute 'value' of object '' is: '38800'

2018-05-16 18:50:38 - [TEST_STEP][PASSED] - Statement - Rqty = 10000: null

2018-05-16 18:50:38 - [TEST_STEP][PASSED] - delay: Delayed 2 second(s)

2018-05-16 18:50:40 - [MESSAGE][PASSED] - Delayed 2 second(s)

2018-05-16 18:50:40 - [TEST_STEP][PASSED] - Statement - out.println("BatchQty : " + batchqty): null

2018-05-16 18:50:40 - [TEST_STEP][PASSED] - Statement - out.println("RQty : " + Rqty): null

2018-05-16 18:50:40 - [TEST_STEP][PASSED] - Statement - If (java.lang.Integer.valueOf(batchqty) >= java.lang.Integer.valueOf(Rqty)): null

2018-05-16 18:50:40 - [TEST_STEP][PASSED] - Statement - Break: null

2018-05-16 18:50:40 - [TEST_STEP][PASSED] - Statement - batchlength = new com.kms.katalon.core.testobject.TestObject(): null

2018-05-16 18:50:40 - [TEST_STEP][PASSED] - Statement - batchlength = com.kms.katalon.core.webui.keyword.WebUiBuiltInKeywords.modifyObjectProperty(batchlength, "xpath", "equals", "//*[@id = "fldvendor" + row + ""]", true): Modify property of object successfully

2018-05-16 18:50:40 - [MESSAGE][PASSED] - Modify property of object successfully

2018-05-16 18:50:40 - [TEST_STEP][PASSED] - Statement - batchsize = com.kms.katalon.core.webui.keyword.WebUiBuiltInKeywords.getNumberOfTotalOption(batchlength): 5 options of object '' counted

2018-05-16 18:50:41 - [MESSAGE][PASSED] - 5 options of object '' counted

2018-05-16 18:50:41 - [TEST_STEP][PASSED] - Statement - out.println("BatchSize : " + batchsize): null

2018-05-16 18:50:41 - [TEST_STEP][PASSED] - Statement - For ([n = 1, n <= batchsize - 1, (n++)]): null

2018-05-16 18:50:41 - [TEST_STEP][PASSED] - Statement - product = new com.kms.katalon.core.testobject.TestObject(): null

2018-05-16 18:50:41 - [TEST_STEP][PASSED] - Statement - product = com.kms.katalon.core.webui.keyword.WebUiBuiltInKeywords.modifyObjectProperty(product, "xpath", "equals", "//*[@id = "fldvendor" + row + ""]", true): Modify property of object successfully

2018-05-16 18:50:41 - [MESSAGE][PASSED] - Modify property of object successfully

2018-05-16 18:50:41 - [TEST_STEP][PASSED] - selectOptionByIndex: All options with index in [1] are selected on object ''

2018-05-16 18:50:41 - [MESSAGE][PASSED] - All options with index in [1] are selected on object ''

2018-05-16 18:50:41 - [TEST_STEP][PASSED] - Statement - batch = new com.kms.katalon.core.testobject.TestObject(): null

2018-05-16 18:50:41 - [TEST_STEP][PASSED] - Statement - batch = com.kms.katalon.core.webui.keyword.WebUiBuiltInKeywords.modifyObjectProperty(batch, "xpath", "equals", "//*[@id = "txtbthqty" + row + ""]", true): Modify property of object successfully

2018-05-16 18:50:41 - [MESSAGE][PASSED] - Modify property of object successfully

2018-05-16 18:50:41 - [TEST_STEP][PASSED] - Statement - batchqty = com.kms.katalon.core.webui.keyword.WebUiBuiltInKeywords.getAttribute(batch, "value").trim(): Attribute 'value' of object '' is: '5000'

2018-05-16 18:50:41 - [MESSAGE][PASSED] - Attribute 'value' of object '' is: '5000'

2018-05-16 18:50:41 - [TEST_STEP][PASSED] - Statement - Rqty = 10000: null

2018-05-16 18:50:41 - [TEST_STEP][PASSED] - delay: Delayed 2 second(s)

2018-05-16 18:50:43 - [MESSAGE][PASSED] - Delayed 2 second(s)

2018-05-16 18:50:43 - [TEST_STEP][PASSED] - Statement - out.println("BatchQty : " + batchqty): null

2018-05-16 18:50:43 - [TEST_STEP][PASSED] - Statement - out.println("RQty : " + Rqty): null

2018-05-16 18:50:43 - [TEST_STEP][PASSED] - Statement - If (java.lang.Integer.valueOf(batchqty) >= java.lang.Integer.valueOf(Rqty)): null

2018-05-16 18:50:43 - [TEST_STEP][PASSED] - Statement - Else: null

2018-05-16 18:50:43 - [TEST_STEP][PASSED] - Statement - out.println("Batchqty Is Less Than Rqty"): null

2018-05-16 18:50:43 - [TEST_STEP][PASSED] - Statement - product = new com.kms.katalon.core.testobject.TestObject(): null

2018-05-16 18:50:43 - [TEST_STEP][PASSED] - Statement - product = com.kms.katalon.core.webui.keyword.WebUiBuiltInKeywords.modifyObjectProperty(product, "xpath", "equals", "//*[@id = "fldvendor" + row + ""]", true): Modify property of object successfully

2018-05-16 18:50:43 - [MESSAGE][PASSED] - Modify property of object successfully

2018-05-16 18:50:43 - [TEST_STEP][PASSED] - selectOptionByIndex: All options with index in [2] are selected on object ''

2018-05-16 18:50:43 - [MESSAGE][PASSED] - All options with index in [2] are selected on object ''

2018-05-16 18:50:43 - [TEST_STEP][PASSED] - Statement - batch = new com.kms.katalon.core.testobject.TestObject(): null

2018-05-16 18:50:43 - [TEST_STEP][PASSED] - Statement - batch = com.kms.katalon.core.webui.keyword.WebUiBuiltInKeywords.modifyObjectProperty(batch, "xpath", "equals", "//*[@id = "txtbthqty" + row + ""]", true): Modify property of object successfully

2018-05-16 18:50:43 - [MESSAGE][PASSED] - Modify property of object successfully

2018-05-16 18:50:43 - [TEST_STEP][PASSED] - Statement - batchqty = com.kms.katalon.core.webui.keyword.WebUiBuiltInKeywords.getAttribute(batch, "value").trim(): Attribute 'value' of object '' is: '4000'

2018-05-16 18:50:43 - [MESSAGE][PASSED] - Attribute 'value' of object '' is: '4000'

2018-05-16 18:50:43 - [TEST_STEP][PASSED] - Statement - Rqty = 10000: null

2018-05-16 18:50:43 - [TEST_STEP][PASSED] - delay: Delayed 2 second(s)

2018-05-16 18:50:45 - [MESSAGE][PASSED] - Delayed 2 second(s)

2018-05-16 18:50:45 - [TEST_STEP][PASSED] - Statement - out.println("BatchQty : " + batchqty): null

2018-05-16 18:50:45 - [TEST_STEP][PASSED] - Statement - out.println("RQty : " + Rqty): null

2018-05-16 18:50:45 - [TEST_STEP][PASSED] - Statement - If (java.lang.Integer.valueOf(batchqty) >= java.lang.Integer.valueOf(Rqty)): null

2018-05-16 18:50:45 - [TEST_STEP][PASSED] - Statement - Else: null

2018-05-16 18:50:45 - [TEST_STEP][PASSED] - Statement - out.println("Batchqty Is Less Than Rqty"): null

2018-05-16 18:50:45 - [TEST_STEP][PASSED] - Statement - product = new com.kms.katalon.core.testobject.TestObject(): null

2018-05-16 18:50:45 - [TEST_STEP][PASSED] - Statement - product = com.kms.katalon.core.webui.keyword.WebUiBuiltInKeywords.modifyObjectProperty(product, "xpath", "equals", "//*[@id = "fldvendor" + row + ""]", true): Modify property of object successfully

2018-05-16 18:50:45 - [MESSAGE][PASSED] - Modify property of object successfully

2018-05-16 18:50:45 - [TEST_STEP][PASSED] - selectOptionByIndex: All options with index in [3] are selected on object ''

2018-05-16 18:50:45 - [MESSAGE][PASSED] - All options with index in [3] are selected on object ''

2018-05-16 18:50:45 - [TEST_STEP][PASSED] - Statement - batch = new com.kms.katalon.core.testobject.TestObject(): null

2018-05-16 18:50:45 - [TEST_STEP][PASSED] - Statement - batch = com.kms.katalon.core.webui.keyword.WebUiBuiltInKeywords.modifyObjectProperty(batch, "xpath", "equals", "//*[@id = "txtbthqty" + row + ""]", true): Modify property of object successfully

2018-05-16 18:50:45 - [MESSAGE][PASSED] - Modify property of object successfully

2018-05-16 18:50:45 - [TEST_STEP][PASSED] - Statement - batchqty = com.kms.katalon.core.webui.keyword.WebUiBuiltInKeywords.getAttribute(batch, "value").trim(): Attribute 'value' of object '' is: '39800'

2018-05-16 18:50:45 - [MESSAGE][PASSED] - Attribute 'value' of object '' is: '39800'

2018-05-16 18:50:45 - [TEST_STEP][PASSED] - Statement - Rqty = 10000: null

2018-05-16 18:50:45 - [TEST_STEP][PASSED] - delay: Delayed 2 second(s)

2018-05-16 18:50:47 - [MESSAGE][PASSED] - Delayed 2 second(s)

2018-05-16 18:50:47 - [TEST_STEP][PASSED] - Statement - out.println("BatchQty : " + batchqty): null

2018-05-16 18:50:47 - [TEST_STEP][PASSED] - Statement - out.println("RQty : " + Rqty): null

2018-05-16 18:50:47 - [TEST_STEP][PASSED] - Statement - If (java.lang.Integer.valueOf(batchqty) >= java.lang.Integer.valueOf(Rqty)): null

2018-05-16 18:50:47 - [TEST_STEP][PASSED] - Statement - Break: null

2018-05-16 18:50:47 - [TEST_STEP][PASSED] - Statement - batchlength = new com.kms.katalon.core.testobject.TestObject(): null

2018-05-16 18:50:47 - [TEST_STEP][PASSED] - Statement - batchlength = com.kms.katalon.core.webui.keyword.WebUiBuiltInKeywords.modifyObjectProperty(batchlength, "xpath", "equals", "//*[@id = "fldvendor" + row + ""]", true): Modify property of object successfully

2018-05-16 18:50:47 - [MESSAGE][PASSED] - Modify property of object successfully

2018-05-16 18:50:47 - [TEST_STEP][PASSED] - Statement - batchsize = com.kms.katalon.core.webui.keyword.WebUiBuiltInKeywords.getNumberOfTotalOption(batchlength): 5 options of object '' counted

2018-05-16 18:50:47 - [MESSAGE][PASSED] - 5 options of object '' counted

2018-05-16 18:50:47 - [TEST_STEP][PASSED] - Statement - out.println("BatchSize : " + batchsize): null

2018-05-16 18:50:47 - [TEST_STEP][PASSED] - Statement - For ([n = 1, n <= batchsize - 1, (n++)]): null

2018-05-16 18:50:47 - [TEST_STEP][PASSED] - Statement - product = new com.kms.katalon.core.testobject.TestObject(): null

2018-05-16 18:50:47 - [TEST_STEP][PASSED] - Statement - product = com.kms.katalon.core.webui.keyword.WebUiBuiltInKeywords.modifyObjectProperty(product, "xpath", "equals", "//*[@id = "fldvendor" + row + ""]", true): Modify property of object successfully

2018-05-16 18:50:47 - [MESSAGE][PASSED] - Modify property of object successfully

2018-05-16 18:50:47 - [TEST_STEP][PASSED] - selectOptionByIndex: All options with index in [1] are selected on object ''

2018-05-16 18:50:47 - [MESSAGE][PASSED] - All options with index in [1] are selected on object ''

2018-05-16 18:50:47 - [TEST_STEP][PASSED] - Statement - batch = new com.kms.katalon.core.testobject.TestObject(): null

2018-05-16 18:50:47 - [TEST_STEP][PASSED] - Statement - batch = com.kms.katalon.core.webui.keyword.WebUiBuiltInKeywords.modifyObjectProperty(batch, "xpath", "equals", "//*[@id = "txtbthqty" + row + ""]", true): Modify property of object successfully

2018-05-16 18:50:47 - [MESSAGE][PASSED] - Modify property of object successfully

2018-05-16 18:50:47 - [TEST_STEP][PASSED] - Statement - batchqty = com.kms.katalon.core.webui.keyword.WebUiBuiltInKeywords.getAttribute(batch, "value").trim(): Attribute 'value' of object '' is: '5000'

2018-05-16 18:50:48 - [MESSAGE][PASSED] - Attribute 'value' of object '' is: '5000'

2018-05-16 18:50:48 - [TEST_STEP][PASSED] - Statement - Rqty = 10000: null

2018-05-16 18:50:48 - [TEST_STEP][PASSED] - delay: Delayed 2 second(s)

2018-05-16 18:50:50 - [MESSAGE][PASSED] - Delayed 2 second(s)

2018-05-16 18:50:50 - [TEST_STEP][PASSED] - Statement - out.println("BatchQty : " + batchqty): null

2018-05-16 18:50:50 - [TEST_STEP][PASSED] - Statement - out.println("RQty : " + Rqty): null

2018-05-16 18:50:50 - [TEST_STEP][PASSED] - Statement - If (java.lang.Integer.valueOf(batchqty) >= java.lang.Integer.valueOf(Rqty)): null

2018-05-16 18:50:50 - [TEST_STEP][PASSED] - Statement - Else: null

2018-05-16 18:50:50 - [TEST_STEP][PASSED] - Statement - out.println("Batchqty Is Less Than Rqty"): null

2018-05-16 18:50:50 - [TEST_STEP][PASSED] - Statement - product = new com.kms.katalon.core.testobject.TestObject(): null

2018-05-16 18:50:50 - [TEST_STEP][PASSED] - Statement - product = com.kms.katalon.core.webui.keyword.WebUiBuiltInKeywords.modifyObjectProperty(product, "xpath", "equals", "//*[@id = "fldvendor" + row + ""]", true): Modify property of object successfully

2018-05-16 18:50:50 - [MESSAGE][PASSED] - Modify property of object successfully

2018-05-16 18:50:50 - [TEST_STEP][PASSED] - selectOptionByIndex: All options with index in [2] are selected on object ''

2018-05-16 18:50:50 - [MESSAGE][PASSED] - All options with index in [2] are selected on object ''

2018-05-16 18:50:50 - [TEST_STEP][PASSED] - Statement - batch = new com.kms.katalon.core.testobject.TestObject(): null

2018-05-16 18:50:50 - [TEST_STEP][PASSED] - Statement - batch = com.kms.katalon.core.webui.keyword.WebUiBuiltInKeywords.modifyObjectProperty(batch, "xpath", "equals", "//*[@id = "txtbthqty" + row + ""]", true): Modify property of object successfully

2018-05-16 18:50:50 - [MESSAGE][PASSED] - Modify property of object successfully

2018-05-16 18:50:50 - [TEST_STEP][PASSED] - Statement - batchqty = com.kms.katalon.core.webui.keyword.WebUiBuiltInKeywords.getAttribute(batch, "value").trim(): Attribute 'value' of object '' is: '4000'

2018-05-16 18:50:50 - [MESSAGE][PASSED] - Attribute 'value' of object '' is: '4000'

2018-05-16 18:50:50 - [TEST_STEP][PASSED] - Statement - Rqty = 10000: null

2018-05-16 18:50:50 - [TEST_STEP][PASSED] - delay: Delayed 2 second(s)

2018-05-16 18:50:52 - [MESSAGE][PASSED] - Delayed 2 second(s)

2018-05-16 18:50:52 - [TEST_STEP][PASSED] - Statement - out.println("BatchQty : " + batchqty): null

2018-05-16 18:50:52 - [TEST_STEP][PASSED] - Statement - out.println("RQty : " + Rqty): null

2018-05-16 18:50:52 - [TEST_STEP][PASSED] - Statement - If (java.lang.Integer.valueOf(batchqty) >= java.lang.Integer.valueOf(Rqty)): null

2018-05-16 18:50:52 - [TEST_STEP][PASSED] - Statement - Else: null

2018-05-16 18:50:52 - [TEST_STEP][PASSED] - Statement - out.println("Batchqty Is Less Than Rqty"): null

2018-05-16 18:50:52 - [TEST_STEP][PASSED] - Statement - product = new com.kms.katalon.core.testobject.TestObject(): null

2018-05-16 18:50:52 - [TEST_STEP][PASSED] - Statement - product = com.kms.katalon.core.webui.keyword.WebUiBuiltInKeywords.modifyObjectProperty(product, "xpath", "equals", "//*[@id = "fldvendor" + row + ""]", true): Modify property of object successfully

2018-05-16 18:50:52 - [MESSAGE][PASSED] - Modify property of object successfully

2018-05-16 18:50:52 - [TEST_STEP][PASSED] - selectOptionByIndex: All options with index in [3] are selected on object ''

2018-05-16 18:50:52 - [MESSAGE][PASSED] - All options with index in [3] are selected on object ''

2018-05-16 18:50:52 - [TEST_STEP][PASSED] - Statement - batch = new com.kms.katalon.core.testobject.TestObject(): null

2018-05-16 18:50:52 - [TEST_STEP][PASSED] - Statement - batch = com.kms.katalon.core.webui.keyword.WebUiBuiltInKeywords.modifyObjectProperty(batch, "xpath", "equals", "//*[@id = "txtbthqty" + row + ""]", true): Modify property of object successfully

2018-05-16 18:50:52 - [MESSAGE][PASSED] - Modify property of object successfully

2018-05-16 18:50:52 - [TEST_STEP][PASSED] - Statement - batchqty = com.kms.katalon.core.webui.keyword.WebUiBuiltInKeywords.getAttribute(batch, "value").trim(): Attribute 'value' of object '' is: '5000'

2018-05-16 18:50:52 - [MESSAGE][PASSED] - Attribute 'value' of object '' is: '5000'

2018-05-16 18:50:52 - [TEST_STEP][PASSED] - Statement - Rqty = 10000: null

2018-05-16 18:50:52 - [TEST_STEP][PASSED] - delay: Delayed 2 second(s)

2018-05-16 18:50:54 - [MESSAGE][PASSED] - Delayed 2 second(s)

2018-05-16 18:50:54 - [TEST_STEP][PASSED] - Statement - out.println("BatchQty : " + batchqty): null

2018-05-16 18:50:54 - [TEST_STEP][PASSED] - Statement - out.println("RQty : " + Rqty): null

2018-05-16 18:50:54 - [TEST_STEP][PASSED] - Statement - If (java.lang.Integer.valueOf(batchqty) >= java.lang.Integer.valueOf(Rqty)): null

2018-05-16 18:50:54 - [TEST_STEP][PASSED] - Statement - Else: null

2018-05-16 18:50:54 - [TEST_STEP][PASSED] - Statement - out.println("Batchqty Is Less Than Rqty"): null

2018-05-16 18:50:54 - [TEST_STEP][PASSED] - Statement - product = new com.kms.katalon.core.testobject.TestObject(): null

2018-05-16 18:50:54 - [TEST_STEP][PASSED] - Statement - product = com.kms.katalon.core.webui.keyword.WebUiBuiltInKeywords.modifyObjectProperty(product, "xpath", "equals", "//*[@id = "fldvendor" + row + ""]", true): Modify property of object successfully

2018-05-16 18:50:54 - [MESSAGE][PASSED] - Modify property of object successfully

2018-05-16 18:50:54 - [TEST_STEP][PASSED] - selectOptionByIndex: All options with index in [4] are selected on object ''

2018-05-16 18:50:54 - [MESSAGE][PASSED] - All options with index in [4] are selected on object ''

2018-05-16 18:50:54 - [TEST_STEP][PASSED] - Statement - batch = new com.kms.katalon.core.testobject.TestObject(): null

2018-05-16 18:50:54 - [TEST_STEP][PASSED] - Statement - batch = com.kms.katalon.core.webui.keyword.WebUiBuiltInKeywords.modifyObjectProperty(batch, "xpath", "equals", "//*[@id = "txtbthqty" + row + ""]", true): Modify property of object successfully

2018-05-16 18:50:54 - [MESSAGE][PASSED] - Modify property of object successfully

2018-05-16 18:50:54 - [TEST_STEP][PASSED] - Statement - batchqty = com.kms.katalon.core.webui.keyword.WebUiBuiltInKeywords.getAttribute(batch, "value").trim(): Attribute 'value' of object '' is: '39800'

2018-05-16 18:50:54 - [MESSAGE][PASSED] - Attribute 'value' of object '' is: '39800'

2018-05-16 18:50:54 - [TEST_STEP][PASSED] - Statement - Rqty = 10000: null

2018-05-16 18:50:54 - [TEST_STEP][PASSED] - delay: Delayed 2 second(s)

2018-05-16 18:50:56 - [MESSAGE][PASSED] - Delayed 2 second(s)

2018-05-16 18:50:56 - [TEST_STEP][PASSED] - Statement - out.println("BatchQty : " + batchqty): null

2018-05-16 18:50:56 - [TEST_STEP][PASSED] - Statement - out.println("RQty : " + Rqty): null

2018-05-16 18:50:56 - [TEST_STEP][PASSED] - Statement - If (java.lang.Integer.valueOf(batchqty) >= java.lang.Integer.valueOf(Rqty)): null

2018-05-16 18:50:56 - [TEST_STEP][PASSED] - Statement - Break: null

2018-05-16 18:50:56 - [TEST_STEP][PASSED] - Statement - batchlength = new com.kms.katalon.core.testobject.TestObject(): null

2018-05-16 18:50:56 - [TEST_STEP][PASSED] - Statement - batchlength = com.kms.katalon.core.webui.keyword.WebUiBuiltInKeywords.modifyObjectProperty(batchlength, "xpath", "equals", "//*[@id = "fldvendor" + row + ""]", true): Modify property of object successfully

2018-05-16 18:50:56 - [MESSAGE][PASSED] - Modify property of object successfully

2018-05-16 18:50:56 - [TEST_STEP][PASSED] - Statement - batchsize = com.kms.katalon.core.webui.keyword.WebUiBuiltInKeywords.getNumberOfTotalOption(batchlength): 5 options of object '' counted

2018-05-16 18:50:56 - [MESSAGE][PASSED] - 5 options of object '' counted

2018-05-16 18:50:56 - [TEST_STEP][PASSED] - Statement - out.println("BatchSize : " + batchsize): null

2018-05-16 18:50:56 - [TEST_STEP][PASSED] - Statement - For ([n = 1, n <= batchsize - 1, (n++)]): null

2018-05-16 18:50:56 - [TEST_STEP][PASSED] - Statement - product = new com.kms.katalon.core.testobject.TestObject(): null

2018-05-16 18:50:56 - [TEST_STEP][PASSED] - Statement - product = com.kms.katalon.core.webui.keyword.WebUiBuiltInKeywords.modifyObjectProperty(product, "xpath", "equals", "//*[@id = "fldvendor" + row + ""]", true): Modify property of object successfully

2018-05-16 18:50:56 - [MESSAGE][PASSED] - Modify property of object successfully

2018-05-16 18:50:56 - [TEST_STEP][PASSED] - selectOptionByIndex: All options with index in [1] are selected on object ''

2018-05-16 18:50:56 - [MESSAGE][PASSED] - All options with index in [1] are selected on object ''

2018-05-16 18:50:56 - [TEST_STEP][PASSED] - Statement - batch = new com.kms.katalon.core.testobject.TestObject(): null

2018-05-16 18:50:56 - [TEST_STEP][PASSED] - Statement - batch = com.kms.katalon.core.webui.keyword.WebUiBuiltInKeywords.modifyObjectProperty(batch, "xpath", "equals", "//*[@id = "txtbthqty" + row + ""]", true): Modify property of object successfully

2018-05-16 18:50:56 - [MESSAGE][PASSED] - Modify property of object successfully

2018-05-16 18:50:56 - [TEST_STEP][PASSED] - Statement - batchqty = com.kms.katalon.core.webui.keyword.WebUiBuiltInKeywords.getAttribute(batch, "value").trim(): Attribute 'value' of object '' is: '4000'

2018-05-16 18:50:56 - [MESSAGE][PASSED] - Attribute 'value' of object '' is: '4000'

2018-05-16 18:50:56 - [TEST_STEP][PASSED] - Statement - Rqty = 10000: null

2018-05-16 18:50:56 - [TEST_STEP][PASSED] - delay: Delayed 2 second(s)

2018-05-16 18:50:58 - [MESSAGE][PASSED] - Delayed 2 second(s)

2018-05-16 18:50:58 - [TEST_STEP][PASSED] - Statement - out.println("BatchQty : " + batchqty): null

2018-05-16 18:50:58 - [TEST_STEP][PASSED] - Statement - out.println("RQty : " + Rqty): null

2018-05-16 18:50:58 - [TEST_STEP][PASSED] - Statement - If (java.lang.Integer.valueOf(batchqty) >= java.lang.Integer.valueOf(Rqty)): null

2018-05-16 18:50:58 - [TEST_STEP][PASSED] - Statement - Else: null

2018-05-16 18:50:58 - [TEST_STEP][PASSED] - Statement - out.println("Batchqty Is Less Than Rqty"): null

2018-05-16 18:50:58 - [TEST_STEP][PASSED] - Statement - product = new com.kms.katalon.core.testobject.TestObject(): null

2018-05-16 18:50:58 - [TEST_STEP][PASSED] - Statement - product = com.kms.katalon.core.webui.keyword.WebUiBuiltInKeywords.modifyObjectProperty(product, "xpath", "equals", "//*[@id = "fldvendor" + row + ""]", true): Modify property of object successfully

2018-05-16 18:50:58 - [MESSAGE][PASSED] - Modify property of object successfully

2018-05-16 18:50:58 - [TEST_STEP][PASSED] - selectOptionByIndex: All options with index in [2] are selected on object ''

2018-05-16 18:50:59 - [MESSAGE][PASSED] - All options with index in [2] are selected on object ''

2018-05-16 18:50:59 - [TEST_STEP][PASSED] - Statement - batch = new com.kms.katalon.core.testobject.TestObject(): null

2018-05-16 18:50:59 - [TEST_STEP][PASSED] - Statement - batch = com.kms.katalon.core.webui.keyword.WebUiBuiltInKeywords.modifyObjectProperty(batch, "xpath", "equals", "//*[@id = "txtbthqty" + row + ""]", true): Modify property of object successfully

2018-05-16 18:50:59 - [MESSAGE][PASSED] - Modify property of object successfully

2018-05-16 18:50:59 - [TEST_STEP][PASSED] - Statement - batchqty = com.kms.katalon.core.webui.keyword.WebUiBuiltInKeywords.getAttribute(batch, "value").trim(): Attribute 'value' of object '' is: '39800'

2018-05-16 18:50:59 - [MESSAGE][PASSED] - Attribute 'value' of object '' is: '39800'

2018-05-16 18:50:59 - [TEST_STEP][PASSED] - Statement - Rqty = 10000: null

2018-05-16 18:50:59 - [TEST_STEP][PASSED] - delay: Delayed 2 second(s)

2018-05-16 18:51:01 - [MESSAGE][PASSED] - Delayed 2 second(s)

2018-05-16 18:51:01 - [TEST_STEP][PASSED] - Statement - out.println("BatchQty : " + batchqty): null

2018-05-16 18:51:01 - [TEST_STEP][PASSED] - Statement - out.println("RQty : " + Rqty): null

2018-05-16 18:51:01 - [TEST_STEP][PASSED] - Statement - If (java.lang.Integer.valueOf(batchqty) >= java.lang.Integer.valueOf(Rqty)): null

2018-05-16 18:51:01 - [TEST_STEP][PASSED] - Statement - Break: null

2018-05-16 18:51:01 - [TEST_STEP][PASSED] - Statement - batchlength = new com.kms.katalon.core.testobject.TestObject(): null

2018-05-16 18:51:01 - [TEST_STEP][PASSED] - Statement - batchlength = com.kms.katalon.core.webui.keyword.WebUiBuiltInKeywords.modifyObjectProperty(batchlength, "xpath", "equals", "//*[@id = "fldvendor" + row + ""]", true): Modify property of object successfully

2018-05-16 18:51:01 - [MESSAGE][PASSED] - Modify property of object successfully

2018-05-16 18:51:01 - [TEST_STEP][PASSED] - Statement - batchsize = com.kms.katalon.core.webui.keyword.WebUiBuiltInKeywords.getNumberOfTotalOption(batchlength): 5 options of object '' counted

2018-05-16 18:51:01 - [MESSAGE][PASSED] - 5 options of object '' counted

2018-05-16 18:51:01 - [TEST_STEP][PASSED] - Statement - out.println("BatchSize : " + batchsize): null

2018-05-16 18:51:01 - [TEST_STEP][PASSED] - Statement - For ([n = 1, n <= batchsize - 1, (n++)]): null

2018-05-16 18:51:01 - [TEST_STEP][PASSED] - Statement - product = new com.kms.katalon.core.testobject.TestObject(): null

2018-05-16 18:51:01 - [TEST_STEP][PASSED] - Statement - product = com.kms.katalon.core.webui.keyword.WebUiBuiltInKeywords.modifyObjectProperty(product, "xpath", "equals", "//*[@id = "fldvendor" + row + ""]", true): Modify property of object successfully

2018-05-16 18:51:01 - [MESSAGE][PASSED] - Modify property of object successfully

2018-05-16 18:51:01 - [TEST_STEP][PASSED] - selectOptionByIndex: All options with index in [1] are selected on object ''

2018-05-16 18:51:01 - [MESSAGE][PASSED] - All options with index in [1] are selected on object ''

2018-05-16 18:51:01 - [TEST_STEP][PASSED] - Statement - batch = new com.kms.katalon.core.testobject.TestObject(): null

2018-05-16 18:51:01 - [TEST_STEP][PASSED] - Statement - batch = com.kms.katalon.core.webui.keyword.WebUiBuiltInKeywords.modifyObjectProperty(batch, "xpath", "equals", "//*[@id = "txtbthqty" + row + ""]", true): Modify property of object successfully

2018-05-16 18:51:01 - [MESSAGE][PASSED] - Modify property of object successfully

2018-05-16 18:51:01 - [TEST_STEP][PASSED] - Statement - batchqty = com.kms.katalon.core.webui.keyword.WebUiBuiltInKeywords.getAttribute(batch, "value").trim(): Attribute 'value' of object '' is: '4000'

2018-05-16 18:51:01 - [MESSAGE][PASSED] - Attribute 'value' of object '' is: '4000'

2018-05-16 18:51:01 - [TEST_STEP][PASSED] - Statement - Rqty = 10000: null

2018-05-16 18:51:01 - [TEST_STEP][PASSED] - delay: Delayed 2 second(s)

2018-05-16 18:51:03 - [MESSAGE][PASSED] - Delayed 2 second(s)

2018-05-16 18:51:03 - [TEST_STEP][PASSED] - Statement - out.println("BatchQty : " + batchqty): null

2018-05-16 18:51:03 - [TEST_STEP][PASSED] - Statement - out.println("RQty : " + Rqty): null

2018-05-16 18:51:03 - [TEST_STEP][PASSED] - Statement - If (java.lang.Integer.valueOf(batchqty) >= java.lang.Integer.valueOf(Rqty)): null

2018-05-16 18:51:03 - [TEST_STEP][PASSED] - Statement - Else: null

2018-05-16 18:51:03 - [TEST_STEP][PASSED] - Statement - out.println("Batchqty Is Less Than Rqty"): null

2018-05-16 18:51:03 - [TEST_STEP][PASSED] - Statement - product = new com.kms.katalon.core.testobject.TestObject(): null

2018-05-16 18:51:03 - [TEST_STEP][PASSED] - Statement - product = com.kms.katalon.core.webui.keyword.WebUiBuiltInKeywords.modifyObjectProperty(product, "xpath", "equals", "//*[@id = "fldvendor" + row + ""]", true): Modify property of object successfully

2018-05-16 18:51:03 - [MESSAGE][PASSED] - Modify property of object successfully

2018-05-16 18:51:03 - [TEST_STEP][PASSED] - selectOptionByIndex: All options with index in [2] are selected on object ''

2018-05-16 18:51:03 - [MESSAGE][PASSED] - All options with index in [2] are selected on object ''

2018-05-16 18:51:03 - [TEST_STEP][PASSED] - Statement - batch = new com.kms.katalon.core.testobject.TestObject(): null

2018-05-16 18:51:03 - [TEST_STEP][PASSED] - Statement - batch = com.kms.katalon.core.webui.keyword.WebUiBuiltInKeywords.modifyObjectProperty(batch, "xpath", "equals", "//*[@id = "txtbthqty" + row + ""]", true): Modify property of object successfully

2018-05-16 18:51:03 - [MESSAGE][PASSED] - Modify property of object successfully

2018-05-16 18:51:03 - [TEST_STEP][PASSED] - Statement - batchqty = com.kms.katalon.core.webui.keyword.WebUiBuiltInKeywords.getAttribute(batch, "value").trim(): Attribute 'value' of object '' is: '5000'

2018-05-16 18:51:03 - [MESSAGE][PASSED] - Attribute 'value' of object '' is: '5000'

2018-05-16 18:51:03 - [TEST_STEP][PASSED] - Statement - Rqty = 10000: null

2018-05-16 18:51:03 - [TEST_STEP][PASSED] - delay: Delayed 2 second(s)

2018-05-16 18:51:05 - [MESSAGE][PASSED] - Delayed 2 second(s)

2018-05-16 18:51:05 - [TEST_STEP][PASSED] - Statement - out.println("BatchQty : " + batchqty): null

2018-05-16 18:51:05 - [TEST_STEP][PASSED] - Statement - out.println("RQty : " + Rqty): null

2018-05-16 18:51:05 - [TEST_STEP][PASSED] - Statement - If (java.lang.Integer.valueOf(batchqty) >= java.lang.Integer.valueOf(Rqty)): null

2018-05-16 18:51:05 - [TEST_STEP][PASSED] - Statement - Else: null

2018-05-16 18:51:05 - [TEST_STEP][PASSED] - Statement - out.println("Batchqty Is Less Than Rqty"): null

2018-05-16 18:51:05 - [TEST_STEP][PASSED] - Statement - product = new com.kms.katalon.core.testobject.TestObject(): null

2018-05-16 18:51:05 - [TEST_STEP][PASSED] - Statement - product = com.kms.katalon.core.webui.keyword.WebUiBuiltInKeywords.modifyObjectProperty(product, "xpath", "equals", "//*[@id = "fldvendor" + row + ""]", true): Modify property of object successfully

2018-05-16 18:51:05 - [MESSAGE][PASSED] - Modify property of object successfully

2018-05-16 18:51:05 - [TEST_STEP][PASSED] - selectOptionByIndex: All options with index in [3] are selected on object ''

2018-05-16 18:51:05 - [MESSAGE][PASSED] - All options with index in [3] are selected on object ''

2018-05-16 18:51:05 - [TEST_STEP][PASSED] - Statement - batch = new com.kms.katalon.core.testobject.TestObject(): null

2018-05-16 18:51:05 - [TEST_STEP][PASSED] - Statement - batch = com.kms.katalon.core.webui.keyword.WebUiBuiltInKeywords.modifyObjectProperty(batch, "xpath", "equals", "//*[@id = "txtbthqty" + row + ""]", true): Modify property of object successfully

2018-05-16 18:51:05 - [MESSAGE][PASSED] - Modify property of object successfully

2018-05-16 18:51:05 - [TEST_STEP][PASSED] - Statement - batchqty = com.kms.katalon.core.webui.keyword.WebUiBuiltInKeywords.getAttribute(batch, "value").trim(): Attribute 'value' of object '' is: '39800'

2018-05-16 18:51:05 - [MESSAGE][PASSED] - Attribute 'value' of object '' is: '39800'

2018-05-16 18:51:05 - [TEST_STEP][PASSED] - Statement - Rqty = 10000: null

2018-05-16 18:51:05 - [TEST_STEP][PASSED] - delay: Delayed 2 second(s)

2018-05-16 18:51:07 - [MESSAGE][PASSED] - Delayed 2 second(s)

2018-05-16 18:51:07 - [TEST_STEP][PASSED] - Statement - out.println("BatchQty : " + batchqty): null

2018-05-16 18:51:07 - [TEST_STEP][PASSED] - Statement - out.println("RQty : " + Rqty): null

2018-05-16 18:51:07 - [TEST_STEP][PASSED] - Statement - If (java.lang.Integer.valueOf(batchqty) >= java.lang.Integer.valueOf(Rqty)): null

2018-05-16 18:51:07 - [TEST_STEP][PASSED] - Statement - Break: null

2018-05-16 18:51:07 - [TEST_STEP][PASSED] - Statement - batchlength = new com.kms.katalon.core.testobject.TestObject(): null

2018-05-16 18:51:07 - [TEST_STEP][PASSED] - Statement - batchlength = com.kms.katalon.core.webui.keyword.WebUiBuiltInKeywords.modifyObjectProperty(batchlength, "xpath", "equals", "//*[@id = "fldvendor" + row + ""]", true): Modify property of object successfully

2018-05-16 18:51:07 - [MESSAGE][PASSED] - Modify property of object successfully

2018-05-16 18:51:07 - [TEST_STEP][PASSED] - Statement - batchsize = com.kms.katalon.core.webui.keyword.WebUiBuiltInKeywords.getNumberOfTotalOption(batchlength): 5 options of object '' counted

2018-05-16 18:51:07 - [MESSAGE][PASSED] - 5 options of object '' counted

2018-05-16 18:51:07 - [TEST_STEP][PASSED] - Statement - out.println("BatchSize : " + batchsize): null

2018-05-16 18:51:07 - [TEST_STEP][PASSED] - Statement - For ([n = 1, n <= batchsize - 1, (n++)]): null

2018-05-16 18:51:07 - [TEST_STEP][PASSED] - Statement - product = new com.kms.katalon.core.testobject.TestObject(): null

2018-05-16 18:51:07 - [TEST_STEP][PASSED] - Statement - product = com.kms.katalon.core.webui.keyword.WebUiBuiltInKeywords.modifyObjectProperty(product, "xpath", "equals", "//*[@id = "fldvendor" + row + ""]", true): Modify property of object successfully

2018-05-16 18:51:07 - [MESSAGE][PASSED] - Modify property of object successfully

2018-05-16 18:51:07 - [TEST_STEP][PASSED] - selectOptionByIndex: All options with index in [1] are selected on object ''

2018-05-16 18:51:08 - [MESSAGE][PASSED] - All options with index in [1] are selected on object ''

2018-05-16 18:51:08 - [TEST_STEP][PASSED] - Statement - batch = new com.kms.katalon.core.testobject.TestObject(): null

2018-05-16 18:51:08 - [TEST_STEP][PASSED] - Statement - batch = com.kms.katalon.core.webui.keyword.WebUiBuiltInKeywords.modifyObjectProperty(batch, "xpath", "equals", "//*[@id = "txtbthqty" + row + ""]", true): Modify property of object successfully

2018-05-16 18:51:08 - [MESSAGE][PASSED] - Modify property of object successfully

2018-05-16 18:51:08 - [TEST_STEP][PASSED] - Statement - batchqty = com.kms.katalon.core.webui.keyword.WebUiBuiltInKeywords.getAttribute(batch, "value").trim(): Attribute 'value' of object '' is: '5000'

2018-05-16 18:51:08 - [MESSAGE][PASSED] - Attribute 'value' of object '' is: '5000'

2018-05-16 18:51:08 - [TEST_STEP][PASSED] - Statement - Rqty = 10000: null

2018-05-16 18:51:08 - [TEST_STEP][PASSED] - delay: Delayed 2 second(s)

2018-05-16 18:51:10 - [MESSAGE][PASSED] - Delayed 2 second(s)

2018-05-16 18:51:10 - [TEST_STEP][PASSED] - Statement - out.println("BatchQty : " + batchqty): null

2018-05-16 18:51:10 - [TEST_STEP][PASSED] - Statement - out.println("RQty : " + Rqty): null

2018-05-16 18:51:10 - [TEST_STEP][PASSED] - Statement - If (java.lang.Integer.valueOf(batchqty) >= java.lang.Integer.valueOf(Rqty)): null

2018-05-16 18:51:10 - [TEST_STEP][PASSED] - Statement - Else: null

2018-05-16 18:51:10 - [TEST_STEP][PASSED] - Statement - out.println("Batchqty Is Less Than Rqty"): null

2018-05-16 18:51:10 - [TEST_STEP][PASSED] - Statement - product = new com.kms.katalon.core.testobject.TestObject(): null

2018-05-16 18:51:10 - [TEST_STEP][PASSED] - Statement - product = com.kms.katalon.core.webui.keyword.WebUiBuiltInKeywords.modifyObjectProperty(product, "xpath", "equals", "//*[@id = "fldvendor" + row + ""]", true): Modify property of object successfully

2018-05-16 18:51:10 - [MESSAGE][PASSED] - Modify property of object successfully

2018-05-16 18:51:10 - [TEST_STEP][PASSED] - selectOptionByIndex: All options with index in [2] are selected on object ''

2018-05-16 18:51:10 - [MESSAGE][PASSED] - All options with index in [2] are selected on object ''

2018-05-16 18:51:10 - [TEST_STEP][PASSED] - Statement - batch = new com.kms.katalon.core.testobject.TestObject(): null

2018-05-16 18:51:10 - [TEST_STEP][PASSED] - Statement - batch = com.kms.katalon.core.webui.keyword.WebUiBuiltInKeywords.modifyObjectProperty(batch, "xpath", "equals", "//*[@id = "txtbthqty" + row + ""]", true): Modify property of object successfully

2018-05-16 18:51:10 - [MESSAGE][PASSED] - Modify property of object successfully

2018-05-16 18:51:10 - [TEST_STEP][PASSED] - Statement - batchqty = com.kms.katalon.core.webui.keyword.WebUiBuiltInKeywords.getAttribute(batch, "value").trim(): Attribute 'value' of object '' is: '4000'

2018-05-16 18:51:10 - [MESSAGE][PASSED] - Attribute 'value' of object '' is: '4000'

2018-05-16 18:51:10 - [TEST_STEP][PASSED] - Statement - Rqty = 10000: null

2018-05-16 18:51:10 - [TEST_STEP][PASSED] - delay: Delayed 2 second(s)

2018-05-16 18:51:12 - [MESSAGE][PASSED] - Delayed 2 second(s)

2018-05-16 18:51:12 - [TEST_STEP][PASSED] - Statement - out.println("BatchQty : " + batchqty): null

2018-05-16 18:51:12 - [TEST_STEP][PASSED] - Statement - out.println("RQty : " + Rqty): null

2018-05-16 18:51:12 - [TEST_STEP][PASSED] - Statement - If (java.lang.Integer.valueOf(batchqty) >= java.lang.Integer.valueOf(Rqty)): null

2018-05-16 18:51:12 - [TEST_STEP][PASSED] - Statement - Else: null

2018-05-16 18:51:12 - [TEST_STEP][PASSED] - Statement - out.println("Batchqty Is Less Than Rqty"): null

2018-05-16 18:51:12 - [TEST_STEP][PASSED] - Statement - product = new com.kms.katalon.core.testobject.TestObject(): null

2018-05-16 18:51:12 - [TEST_STEP][PASSED] - Statement - product = com.kms.katalon.core.webui.keyword.WebUiBuiltInKeywords.modifyObjectProperty(product, "xpath", "equals", "//*[@id = "fldvendor" + row + ""]", true): Modify property of object successfully

2018-05-16 18:51:12 - [MESSAGE][PASSED] - Modify property of object successfully

2018-05-16 18:51:12 - [TEST_STEP][PASSED] - selectOptionByIndex: All options with index in [3] are selected on object ''

2018-05-16 18:51:12 - [MESSAGE][PASSED] - All options with index in [3] are selected on object ''

2018-05-16 18:51:12 - [TEST_STEP][PASSED] - Statement - batch = new com.kms.katalon.core.testobject.TestObject(): null

2018-05-16 18:51:12 - [TEST_STEP][PASSED] - Statement - batch = com.kms.katalon.core.webui.keyword.WebUiBuiltInKeywords.modifyObjectProperty(batch, "xpath", "equals", "//*[@id = "txtbthqty" + row + ""]", true): Modify property of object successfully

2018-05-16 18:51:12 - [MESSAGE][PASSED] - Modify property of object successfully

2018-05-16 18:51:12 - [TEST_STEP][PASSED] - Statement - batchqty = com.kms.katalon.core.webui.keyword.WebUiBuiltInKeywords.getAttribute(batch, "value").trim(): Attribute 'value' of object '' is: '5000'

2018-05-16 18:51:12 - [MESSAGE][PASSED] - Attribute 'value' of object '' is: '5000'

2018-05-16 18:51:12 - [TEST_STEP][PASSED] - Statement - Rqty = 10000: null

2018-05-16 18:51:12 - [TEST_STEP][PASSED] - delay: Delayed 2 second(s)

2018-05-16 18:51:14 - [MESSAGE][PASSED] - Delayed 2 second(s)

2018-05-16 18:51:14 - [TEST_STEP][PASSED] - Statement - out.println("BatchQty : " + batchqty): null

2018-05-16 18:51:14 - [TEST_STEP][PASSED] - Statement - out.println("RQty : " + Rqty): null

2018-05-16 18:51:14 - [TEST_STEP][PASSED] - Statement - If (java.lang.Integer.valueOf(batchqty) >= java.lang.Integer.valueOf(Rqty)): null

2018-05-16 18:51:14 - [TEST_STEP][PASSED] - Statement - Else: null

2018-05-16 18:51:14 - [TEST_STEP][PASSED] - Statement - out.println("Batchqty Is Less Than Rqty"): null

2018-05-16 18:51:14 - [TEST_STEP][PASSED] - Statement - product = new com.kms.katalon.core.testobject.TestObject(): null

2018-05-16 18:51:14 - [TEST_STEP][PASSED] - Statement - product = com.kms.katalon.core.webui.keyword.WebUiBuiltInKeywords.modifyObjectProperty(product, "xpath", "equals", "//*[@id = "fldvendor" + row + ""]", true): Modify property of object successfully

2018-05-16 18:51:14 - [MESSAGE][PASSED] - Modify property of object successfully

2018-05-16 18:51:14 - [TEST_STEP][PASSED] - selectOptionByIndex: All options with index in [4] are selected on object ''

2018-05-16 18:51:14 - [MESSAGE][PASSED] - All options with index in [4] are selected on object ''

2018-05-16 18:51:14 - [TEST_STEP][PASSED] - Statement - batch = new com.kms.katalon.core.testobject.TestObject(): null

2018-05-16 18:51:14 - [TEST_STEP][PASSED] - Statement - batch = com.kms.katalon.core.webui.keyword.WebUiBuiltInKeywords.modifyObjectProperty(batch, "xpath", "equals", "//*[@id = "txtbthqty" + row + ""]", true): Modify property of object successfully

2018-05-16 18:51:14 - [MESSAGE][PASSED] - Modify property of object successfully

2018-05-16 18:51:14 - [TEST_STEP][PASSED] - Statement - batchqty = com.kms.katalon.core.webui.keyword.WebUiBuiltInKeywords.getAttribute(batch, "value").trim(): Attribute 'value' of object '' is: '39800'

2018-05-16 18:51:14 - [MESSAGE][PASSED] - Attribute 'value' of object '' is: '39800'

2018-05-16 18:51:14 - [TEST_STEP][PASSED] - Statement - Rqty = 10000: null

2018-05-16 18:51:14 - [TEST_STEP][PASSED] - delay: Delayed 2 second(s)

2018-05-16 18:51:16 - [MESSAGE][PASSED] - Delayed 2 second(s)

2018-05-16 18:51:16 - [TEST_STEP][PASSED] - Statement - out.println("BatchQty : " + batchqty): null

2018-05-16 18:51:16 - [TEST_STEP][PASSED] - Statement - out.println("RQty : " + Rqty): null

2018-05-16 18:51:16 - [TEST_STEP][PASSED] - Statement - If (java.lang.Integer.valueOf(batchqty) >= java.lang.Integer.valueOf(Rqty)): null

2018-05-16 18:51:16 - [TEST_STEP][PASSED] - Statement - Break: null

2018-05-16 18:51:16 - [TEST_STEP][PASSED] - click: Object: 'Object Repository/store Request Schedule 1/Page_KDMC - CMS/input_btndispatch' is clicked on

2018-05-16 18:51:17 - [MESSAGE][PASSED] - Object: 'Object Repository/store Request Schedule 1/Page_KDMC - CMS/input_btndispatch' is clicked on

2018-05-16 18:51:17 - [TEST_STEP][PASSED] - delay: Delayed 3 second(s)

2018-05-16 18:51:20 - [MESSAGE][PASSED] - Delayed 3 second(s)

2018-05-16 18:51:20 - [TEST_STEP][PASSED] - click: Object: 'Object Repository/store Request Schedule 1/Page_KDMC - CMS/button_OK' is clicked on

2018-05-16 18:51:21 - [MESSAGE][PASSED] - Object: 'Object Repository/store Request Schedule 1/Page_KDMC - CMS/button_OK' is clicked on

2018-05-16 18:51:21 - [TEST_STEP][PASSED] - delay: Delayed 3 second(s)

2018-05-16 18:51:24 - [MESSAGE][PASSED] - Delayed 3 second(s)

2018-05-16 18:51:24 - [TEST_STEP][PASSED] - click: Object: 'Object Repository/store Request Schedule 1/Page_KDMC - CMS/a_dropdown-toggle' is clicked on

2018-05-16 18:51:24 - [MESSAGE][PASSED] - Object: 'Object Repository/store Request Schedule 1/Page_KDMC - CMS/a_dropdown-toggle' is clicked on

2018-05-16 18:51:24 - [TEST_STEP][PASSED] - click: Object: 'Object Repository/store Request Schedule 1/Page_KDMC - CMS/a_Sign out' is clicked on

2018-05-16 18:51:24 - [MESSAGE][PASSED] - Object: 'Object Repository/store Request Schedule 1/Page_KDMC - CMS/a_Sign out' is clicked on

2018-05-16 18:51:24 - [TEST_STEP][PASSED] - delay: Delayed 3 second(s)

2018-05-16 18:51:27 - [MESSAGE][PASSED] - Delayed 3 second(s)

2018-05-16 18:51:27 - [TEST_STEP][PASSED] - click: Object: 'Object Repository/Store Request Schedule 1/Page_KDMC/a_Divisional Store' is clicked on

2018-05-16 18:51:28 - [MESSAGE][PASSED] - Object: 'Object Repository/Store Request Schedule 1/Page_KDMC/a_Divisional Store' is clicked on

2018-05-16 18:51:28 - [TEST_STEP][PASSED] - setText: Text 'ragu' is set on object 'Object Repository/Store Request Schedule 1/Page_Divisonal Store Login/input_txtusername'

2018-05-16 18:51:28 - [MESSAGE][PASSED] - Text 'ragu' is set on object 'Object Repository/Store Request Schedule 1/Page_Divisonal Store Login/input_txtusername'

2018-05-16 18:51:28 - [TEST_STEP][PASSED] - setText: Text '123' is set on object 'Object Repository/Store Request Schedule 1/Page_Divisonal Store Login/input_txtpassword'

2018-05-16 18:51:28 - [MESSAGE][PASSED] - Text '123' is set on object 'Object Repository/Store Request Schedule 1/Page_Divisonal Store Login/input_txtpassword'

2018-05-16 18:51:28 - [TEST_STEP][PASSED] - delay: Delayed 3 second(s)

2018-05-16 18:51:31 - [MESSAGE][PASSED] - Delayed 3 second(s)

2018-05-16 18:51:31 - [TEST_STEP][PASSED] - click: Object: 'Object Repository/Store Request Schedule 1/Page_Divisonal Store Login/button_Sign in' is clicked on

2018-05-16 18:51:32 - [MESSAGE][PASSED] - Object: 'Object Repository/Store Request Schedule 1/Page_Divisonal Store Login/button_Sign in' is clicked on

2018-05-16 18:51:32 - [TEST_STEP][PASSED] - delay: Delayed 3 second(s)

2018-05-16 18:51:35 - [MESSAGE][PASSED] - Delayed 3 second(s)

2018-05-16 18:51:35 - [TEST_STEP][PASSED] - click: Object: 'Object Repository/Store Request Schedule 1/Page_Store/a_CMS' is clicked on

2018-05-16 18:51:35 - [MESSAGE][PASSED] - Object: 'Object Repository/Store Request Schedule 1/Page_Store/a_CMS' is clicked on

2018-05-16 18:51:35 - [TEST_STEP][PASSED] - delay: Delayed 2 second(s)

2018-05-16 18:51:37 - [MESSAGE][PASSED] - Delayed 2 second(s)

2018-05-16 18:51:37 - [TEST_STEP][PASSED] - click: Object: 'Object Repository/Store Request Schedule 1/Page_Store/a_Receiving Goods' is clicked on

2018-05-16 18:51:38 - [MESSAGE][PASSED] - Object: 'Object Repository/Store Request Schedule 1/Page_Store/a_Receiving Goods' is clicked on

2018-05-16 18:51:38 - [TEST_STEP][PASSED] - setText: Text 'PRNO/16052018/163' is set on object 'Object Repository/Store Request Schedule 1/Page_Store/input'

2018-05-16 18:51:38 - [MESSAGE][PASSED] - Text 'PRNO/16052018/163' is set on object 'Object Repository/Store Request Schedule 1/Page_Store/input'

2018-05-16 18:51:38 - [TEST_STEP][PASSED] - click: Object: 'Object Repository/Store Request Schedule 1/Page_Store/input_btn btn-primary' is clicked on

2018-05-16 18:51:38 - [MESSAGE][PASSED] - Object: 'Object Repository/Store Request Schedule 1/Page_Store/input_btn btn-primary' is clicked on

2018-05-16 18:51:38 - [TEST_STEP][PASSED] - delay: Delayed 2 second(s)

2018-05-16 18:51:40 - [MESSAGE][PASSED] - Delayed 2 second(s)

2018-05-16 18:51:40 - [TEST_STEP][PASSED] - click: Object: 'Object Repository/Store Request Schedule 1/Page_Store/input_chkrem' is clicked on

2018-05-16 18:51:40 - [MESSAGE][PASSED] - Object: 'Object Repository/Store Request Schedule 1/Page_Store/input_chkrem' is clicked on

2018-05-16 18:51:40 - [TEST_STEP][PASSED] - scrollToElement: Scroll to object 'Object Repository/Store Request Schedule 1/Page_Store/input_btchkroqadd' successfully

2018-05-16 18:51:40 - [MESSAGE][PASSED] - Scroll to object 'Object Repository/Store Request Schedule 1/Page_Store/input_btchkroqadd' successfully

2018-05-16 18:51:40 - [TEST_STEP][PASSED] - click: Object: 'Object Repository/Store Request Schedule 1/Page_Store/input_btchkroqadd' is clicked on

2018-05-16 18:51:40 - [MESSAGE][PASSED] - Object: 'Object Repository/Store Request Schedule 1/Page_Store/input_btchkroqadd' is clicked on

2018-05-16 18:51:40 - [TEST_STEP][PASSED] - delay: Delayed 2 second(s)

2018-05-16 18:51:42 - [MESSAGE][PASSED] - Delayed 2 second(s)

2018-05-16 18:51:42 - [TEST_STEP][PASSED] - refresh: Refresh successfully

2018-05-16 18:51:43 - [MESSAGE][PASSED] - Refresh successfully

2018-05-16 18:51:43 - [TEST_STEP][PASSED] - delay: Delayed 3 second(s)

2018-05-16 18:51:46 - [MESSAGE][PASSED] - Delayed 3 second(s)

2018-05-16 18:51:46 - [TEST_STEP][PASSED] - click: Object: 'Object Repository/Store Request Schedule 1/Page_Store/a_dropdown-toggle' is clicked on

2018-05-16 18:51:46 - [MESSAGE][PASSED] - Object: 'Object Repository/Store Request Schedule 1/Page_Store/a_dropdown-toggle' is clicked on

2018-05-16 18:51:46 - [TEST_STEP][PASSED] - click: Object: 'Object Repository/Store Request Schedule 1/Page_Store/a_Sign out' is clicked on

2018-05-16 18:51:46 - [MESSAGE][PASSED] - Object: 'Object Repository/Store Request Schedule 1/Page_Store/a_Sign out' is clicked on

2018-05-16 18:51:46 - [TEST_STEP][PASSED] - closeBrowser: Browser is closed

2018-05-16 18:51:47 - [MESSAGE][PASSED] - Browser is closed

2018-05-16 18:51:47 - [TEST_STEP][PASSED] - Statement - out.println("Schedule 1 Store Request Are Working Successfully"): null]]></system-out>
         <system-err><![CDATA[]]></system-err>
      </testcase>
      <testcase name="Test Cases/STORE TO CMS REQUEST TEST CASES/TC_STCMS_003 To Verify Schedule 3 Store To CMS Request Are Working Successfully Or Not" classname="Test Cases/STORE TO CMS REQUEST TEST CASES/TC_STCMS_003 To Verify Schedule 3 Store To CMS Request Are Working Successfully Or Not" status="PASSED">
         <system-out><![CDATA[2018-05-16 18:51:47 - [TEST_CASE][PASSED] - Test Cases/STORE TO CMS REQUEST TEST CASES/TC_STCMS_003 To Verify Schedule 3 Store To CMS Request Are Working Successfully Or Not: Test Cases/STORE TO CMS REQUEST TEST CASES/TC_STCMS_003 To Verify Schedule 3 Store To CMS Request Are Working Successfully Or Not

2018-05-16 18:51:47 - [TEST_STEP][PASSED] - openBrowser: Browser is opened with url: ''

2018-05-16 18:51:49 - [MESSAGE][PASSED] - Browser is opened with url: ''

2018-05-16 18:51:49 - [TEST_STEP][PASSED] - Statement - out.println("Verify Schedule 3 Store Request Are Working Successfully Or Not"): null

2018-05-16 18:51:49 - [TEST_STEP][PASSED] - navigateToUrl: Navigate to 'http://192.168.137.1/multihospital_new/' successfully

2018-05-16 18:51:51 - [MESSAGE][PASSED] - Navigate to 'http://192.168.137.1/multihospital_new/' successfully

2018-05-16 18:51:51 - [TEST_STEP][PASSED] - maximizeWindow: Current window maximized

2018-05-16 18:51:52 - [MESSAGE][PASSED] - Current window maximized

2018-05-16 18:51:52 - [TEST_STEP][PASSED] - click: Object: 'Object Repository/Store Request Schedule 1/Page_KDMC/a_Divisional Store' is clicked on

2018-05-16 18:51:53 - [MESSAGE][PASSED] - Object: 'Object Repository/Store Request Schedule 1/Page_KDMC/a_Divisional Store' is clicked on

2018-05-16 18:51:53 - [TEST_STEP][PASSED] - setText: Text 'ragu' is set on object 'Object Repository/Store Request Schedule 1/Page_Divisonal Store Login/input_txtusername'

2018-05-16 18:51:53 - [MESSAGE][PASSED] - Text 'ragu' is set on object 'Object Repository/Store Request Schedule 1/Page_Divisonal Store Login/input_txtusername'

2018-05-16 18:51:53 - [TEST_STEP][PASSED] - setText: Text '123' is set on object 'Object Repository/Store Request Schedule 1/Page_Divisonal Store Login/input_txtpassword'

2018-05-16 18:51:53 - [MESSAGE][PASSED] - Text '123' is set on object 'Object Repository/Store Request Schedule 1/Page_Divisonal Store Login/input_txtpassword'

2018-05-16 18:51:53 - [TEST_STEP][PASSED] - delay: Delayed 3 second(s)

2018-05-16 18:51:56 - [MESSAGE][PASSED] - Delayed 3 second(s)

2018-05-16 18:51:56 - [TEST_STEP][PASSED] - click: Object: 'Object Repository/Store Request Schedule 1/Page_Divisonal Store Login/button_Sign in' is clicked on

2018-05-16 18:51:57 - [MESSAGE][PASSED] - Object: 'Object Repository/Store Request Schedule 1/Page_Divisonal Store Login/button_Sign in' is clicked on

2018-05-16 18:51:57 - [TEST_STEP][PASSED] - delay: Delayed 3 second(s)

2018-05-16 18:52:00 - [MESSAGE][PASSED] - Delayed 3 second(s)

2018-05-16 18:52:00 - [TEST_STEP][PASSED] - click: Object: 'Object Repository/Store Request Schedule 1/Page_Store/a_CMS' is clicked on

2018-05-16 18:52:01 - [MESSAGE][PASSED] - Object: 'Object Repository/Store Request Schedule 1/Page_Store/a_CMS' is clicked on

2018-05-16 18:52:01 - [TEST_STEP][PASSED] - delay: Delayed 2 second(s)

2018-05-16 18:52:03 - [MESSAGE][PASSED] - Delayed 2 second(s)

2018-05-16 18:52:03 - [TEST_STEP][PASSED] - click: Object: 'Object Repository/Store Request Schedule 1/Page_Store/a_Request Send' is clicked on

2018-05-16 18:52:03 - [MESSAGE][PASSED] - Object: 'Object Repository/Store Request Schedule 1/Page_Store/a_Request Send' is clicked on

2018-05-16 18:52:03 - [TEST_STEP][PASSED] - selectOptionByIndex: All options with index in [1] are selected on object 'Object Repository/Store Request Schedule 1/Page_Store/select_--Select--'

2018-05-16 18:52:03 - [MESSAGE][PASSED] - All options with index in [1] are selected on object 'Object Repository/Store Request Schedule 1/Page_Store/select_--Select--'

2018-05-16 18:52:03 - [TEST_STEP][PASSED] - selectOptionByIndex: All options with index in [3] are selected on object 'Object Repository/Store Request Schedule 1/Page_Store/select_--Select--Schedule 1Inj'

2018-05-16 18:52:04 - [MESSAGE][PASSED] - All options with index in [3] are selected on object 'Object Repository/Store Request Schedule 1/Page_Store/select_--Select--Schedule 1Inj'

2018-05-16 18:52:04 - [TEST_STEP][PASSED] - Statement - SelectedOptions = com.kms.katalon.core.webui.keyword.WebUiBuiltInKeywords.getNumberOfTotalOption(com.kms.katalon.core.testobject.ObjectRepository.findTestObject(Store Request Schedule 1/Page_Store/select_--Select--Adernaline 0.)): 37 options of object 'Object Repository/Store Request Schedule 1/Page_Store/select_--Select--Adernaline 0.' counted

2018-05-16 18:52:04 - [MESSAGE][PASSED] - 37 options of object 'Object Repository/Store Request Schedule 1/Page_Store/select_--Select--Adernaline 0.' counted

2018-05-16 18:52:04 - [TEST_STEP][PASSED] - Statement - For ([y = 1, y < SelectedOptions, (y++)]): Object: 'Object Repository/Store Request Schedule 1/Page_Store/button_Add' is clicked on

2018-05-16 18:52:04 - [TEST_STEP][PASSED] - selectOptionByIndex: All options with index in [3] are selected on object 'Object Repository/Store Request Schedule 1/Page_Store/select_--Select--Schedule 1Inj'

2018-05-16 18:52:04 - [MESSAGE][PASSED] - All options with index in [3] are selected on object 'Object Repository/Store Request Schedule 1/Page_Store/select_--Select--Schedule 1Inj'

2018-05-16 18:52:04 - [TEST_STEP][PASSED] - delay: Delayed 1 second(s)

2018-05-16 18:52:05 - [MESSAGE][PASSED] - Delayed 1 second(s)

2018-05-16 18:52:05 - [TEST_STEP][PASSED] - selectOptionByIndex: All options with index in [1] are selected on object 'Object Repository/Store Request Schedule 1/Page_Store/select_--Select--Adernaline 0.'

2018-05-16 18:52:05 - [MESSAGE][PASSED] - All options with index in [1] are selected on object 'Object Repository/Store Request Schedule 1/Page_Store/select_--Select--Adernaline 0.'

2018-05-16 18:52:05 - [TEST_STEP][PASSED] - setText: Text '100' is set on object 'Object Repository/Store Request Schedule 1/Page_Store/input_txttreat'

2018-05-16 18:52:05 - [MESSAGE][PASSED] - Text '100' is set on object 'Object Repository/Store Request Schedule 1/Page_Store/input_txttreat'

2018-05-16 18:52:05 - [TEST_STEP][PASSED] - click: Object: 'Object Repository/Store Request Schedule 1/Page_Store/button_Add' is clicked on

2018-05-16 18:52:05 - [MESSAGE][PASSED] - Object: 'Object Repository/Store Request Schedule 1/Page_Store/button_Add' is clicked on

2018-05-16 18:52:05 - [TEST_STEP][PASSED] - selectOptionByIndex: All options with index in [3] are selected on object 'Object Repository/Store Request Schedule 1/Page_Store/select_--Select--Schedule 1Inj'

2018-05-16 18:52:05 - [MESSAGE][PASSED] - All options with index in [3] are selected on object 'Object Repository/Store Request Schedule 1/Page_Store/select_--Select--Schedule 1Inj'

2018-05-16 18:52:05 - [TEST_STEP][PASSED] - delay: Delayed 1 second(s)

2018-05-16 18:52:06 - [MESSAGE][PASSED] - Delayed 1 second(s)

2018-05-16 18:52:06 - [TEST_STEP][PASSED] - selectOptionByIndex: All options with index in [2] are selected on object 'Object Repository/Store Request Schedule 1/Page_Store/select_--Select--Adernaline 0.'

2018-05-16 18:52:06 - [MESSAGE][PASSED] - All options with index in [2] are selected on object 'Object Repository/Store Request Schedule 1/Page_Store/select_--Select--Adernaline 0.'

2018-05-16 18:52:06 - [TEST_STEP][PASSED] - setText: Text '100' is set on object 'Object Repository/Store Request Schedule 1/Page_Store/input_txttreat'

2018-05-16 18:52:06 - [MESSAGE][PASSED] - Text '100' is set on object 'Object Repository/Store Request Schedule 1/Page_Store/input_txttreat'

2018-05-16 18:52:06 - [TEST_STEP][PASSED] - click: Object: 'Object Repository/Store Request Schedule 1/Page_Store/button_Add' is clicked on

2018-05-16 18:52:07 - [MESSAGE][PASSED] - Object: 'Object Repository/Store Request Schedule 1/Page_Store/button_Add' is clicked on

2018-05-16 18:52:07 - [TEST_STEP][PASSED] - selectOptionByIndex: All options with index in [3] are selected on object 'Object Repository/Store Request Schedule 1/Page_Store/select_--Select--Schedule 1Inj'

2018-05-16 18:52:07 - [MESSAGE][PASSED] - All options with index in [3] are selected on object 'Object Repository/Store Request Schedule 1/Page_Store/select_--Select--Schedule 1Inj'

2018-05-16 18:52:07 - [TEST_STEP][PASSED] - delay: Delayed 1 second(s)

2018-05-16 18:52:08 - [MESSAGE][PASSED] - Delayed 1 second(s)

2018-05-16 18:52:08 - [TEST_STEP][PASSED] - selectOptionByIndex: All options with index in [3] are selected on object 'Object Repository/Store Request Schedule 1/Page_Store/select_--Select--Adernaline 0.'

2018-05-16 18:52:08 - [MESSAGE][PASSED] - All options with index in [3] are selected on object 'Object Repository/Store Request Schedule 1/Page_Store/select_--Select--Adernaline 0.'

2018-05-16 18:52:08 - [TEST_STEP][PASSED] - setText: Text '100' is set on object 'Object Repository/Store Request Schedule 1/Page_Store/input_txttreat'

2018-05-16 18:52:08 - [MESSAGE][PASSED] - Text '100' is set on object 'Object Repository/Store Request Schedule 1/Page_Store/input_txttreat'

2018-05-16 18:52:08 - [TEST_STEP][PASSED] - click: Object: 'Object Repository/Store Request Schedule 1/Page_Store/button_Add' is clicked on

2018-05-16 18:52:08 - [MESSAGE][PASSED] - Object: 'Object Repository/Store Request Schedule 1/Page_Store/button_Add' is clicked on

2018-05-16 18:52:08 - [TEST_STEP][PASSED] - selectOptionByIndex: All options with index in [3] are selected on object 'Object Repository/Store Request Schedule 1/Page_Store/select_--Select--Schedule 1Inj'

2018-05-16 18:52:08 - [MESSAGE][PASSED] - All options with index in [3] are selected on object 'Object Repository/Store Request Schedule 1/Page_Store/select_--Select--Schedule 1Inj'

2018-05-16 18:52:08 - [TEST_STEP][PASSED] - delay: Delayed 1 second(s)

2018-05-16 18:52:09 - [MESSAGE][PASSED] - Delayed 1 second(s)

2018-05-16 18:52:09 - [TEST_STEP][PASSED] - selectOptionByIndex: All options with index in [4] are selected on object 'Object Repository/Store Request Schedule 1/Page_Store/select_--Select--Adernaline 0.'

2018-05-16 18:52:09 - [MESSAGE][PASSED] - All options with index in [4] are selected on object 'Object Repository/Store Request Schedule 1/Page_Store/select_--Select--Adernaline 0.'

2018-05-16 18:52:09 - [TEST_STEP][PASSED] - setText: Text '100' is set on object 'Object Repository/Store Request Schedule 1/Page_Store/input_txttreat'

2018-05-16 18:52:09 - [MESSAGE][PASSED] - Text '100' is set on object 'Object Repository/Store Request Schedule 1/Page_Store/input_txttreat'

2018-05-16 18:52:09 - [TEST_STEP][PASSED] - click: Object: 'Object Repository/Store Request Schedule 1/Page_Store/button_Add' is clicked on

2018-05-16 18:52:09 - [MESSAGE][PASSED] - Object: 'Object Repository/Store Request Schedule 1/Page_Store/button_Add' is clicked on

2018-05-16 18:52:09 - [TEST_STEP][PASSED] - selectOptionByIndex: All options with index in [3] are selected on object 'Object Repository/Store Request Schedule 1/Page_Store/select_--Select--Schedule 1Inj'

2018-05-16 18:52:10 - [MESSAGE][PASSED] - All options with index in [3] are selected on object 'Object Repository/Store Request Schedule 1/Page_Store/select_--Select--Schedule 1Inj'

2018-05-16 18:52:10 - [TEST_STEP][PASSED] - delay: Delayed 1 second(s)

2018-05-16 18:52:11 - [MESSAGE][PASSED] - Delayed 1 second(s)

2018-05-16 18:52:11 - [TEST_STEP][PASSED] - selectOptionByIndex: All options with index in [5] are selected on object 'Object Repository/Store Request Schedule 1/Page_Store/select_--Select--Adernaline 0.'

2018-05-16 18:52:11 - [MESSAGE][PASSED] - All options with index in [5] are selected on object 'Object Repository/Store Request Schedule 1/Page_Store/select_--Select--Adernaline 0.'

2018-05-16 18:52:11 - [TEST_STEP][PASSED] - setText: Text '100' is set on object 'Object Repository/Store Request Schedule 1/Page_Store/input_txttreat'

2018-05-16 18:52:11 - [MESSAGE][PASSED] - Text '100' is set on object 'Object Repository/Store Request Schedule 1/Page_Store/input_txttreat'

2018-05-16 18:52:11 - [TEST_STEP][PASSED] - click: Object: 'Object Repository/Store Request Schedule 1/Page_Store/button_Add' is clicked on

2018-05-16 18:52:11 - [MESSAGE][PASSED] - Object: 'Object Repository/Store Request Schedule 1/Page_Store/button_Add' is clicked on

2018-05-16 18:52:11 - [TEST_STEP][PASSED] - selectOptionByIndex: All options with index in [3] are selected on object 'Object Repository/Store Request Schedule 1/Page_Store/select_--Select--Schedule 1Inj'

2018-05-16 18:52:11 - [MESSAGE][PASSED] - All options with index in [3] are selected on object 'Object Repository/Store Request Schedule 1/Page_Store/select_--Select--Schedule 1Inj'

2018-05-16 18:52:11 - [TEST_STEP][PASSED] - delay: Delayed 1 second(s)

2018-05-16 18:52:12 - [MESSAGE][PASSED] - Delayed 1 second(s)

2018-05-16 18:52:12 - [TEST_STEP][PASSED] - selectOptionByIndex: All options with index in [6] are selected on object 'Object Repository/Store Request Schedule 1/Page_Store/select_--Select--Adernaline 0.'

2018-05-16 18:52:12 - [MESSAGE][PASSED] - All options with index in [6] are selected on object 'Object Repository/Store Request Schedule 1/Page_Store/select_--Select--Adernaline 0.'

2018-05-16 18:52:12 - [TEST_STEP][PASSED] - setText: Text '100' is set on object 'Object Repository/Store Request Schedule 1/Page_Store/input_txttreat'

2018-05-16 18:52:12 - [MESSAGE][PASSED] - Text '100' is set on object 'Object Repository/Store Request Schedule 1/Page_Store/input_txttreat'

2018-05-16 18:52:12 - [TEST_STEP][PASSED] - click: Object: 'Object Repository/Store Request Schedule 1/Page_Store/button_Add' is clicked on

2018-05-16 18:52:12 - [MESSAGE][PASSED] - Object: 'Object Repository/Store Request Schedule 1/Page_Store/button_Add' is clicked on

2018-05-16 18:52:12 - [TEST_STEP][PASSED] - selectOptionByIndex: All options with index in [3] are selected on object 'Object Repository/Store Request Schedule 1/Page_Store/select_--Select--Schedule 1Inj'

2018-05-16 18:52:13 - [MESSAGE][PASSED] - All options with index in [3] are selected on object 'Object Repository/Store Request Schedule 1/Page_Store/select_--Select--Schedule 1Inj'

2018-05-16 18:52:13 - [TEST_STEP][PASSED] - delay: Delayed 1 second(s)

2018-05-16 18:52:14 - [MESSAGE][PASSED] - Delayed 1 second(s)

2018-05-16 18:52:14 - [TEST_STEP][PASSED] - selectOptionByIndex: All options with index in [7] are selected on object 'Object Repository/Store Request Schedule 1/Page_Store/select_--Select--Adernaline 0.'

2018-05-16 18:52:14 - [MESSAGE][PASSED] - All options with index in [7] are selected on object 'Object Repository/Store Request Schedule 1/Page_Store/select_--Select--Adernaline 0.'

2018-05-16 18:52:14 - [TEST_STEP][PASSED] - setText: Text '100' is set on object 'Object Repository/Store Request Schedule 1/Page_Store/input_txttreat'

2018-05-16 18:52:14 - [MESSAGE][PASSED] - Text '100' is set on object 'Object Repository/Store Request Schedule 1/Page_Store/input_txttreat'

2018-05-16 18:52:14 - [TEST_STEP][PASSED] - click: Object: 'Object Repository/Store Request Schedule 1/Page_Store/button_Add' is clicked on

2018-05-16 18:52:14 - [MESSAGE][PASSED] - Object: 'Object Repository/Store Request Schedule 1/Page_Store/button_Add' is clicked on

2018-05-16 18:52:14 - [TEST_STEP][PASSED] - selectOptionByIndex: All options with index in [3] are selected on object 'Object Repository/Store Request Schedule 1/Page_Store/select_--Select--Schedule 1Inj'

2018-05-16 18:52:14 - [MESSAGE][PASSED] - All options with index in [3] are selected on object 'Object Repository/Store Request Schedule 1/Page_Store/select_--Select--Schedule 1Inj'

2018-05-16 18:52:14 - [TEST_STEP][PASSED] - delay: Delayed 1 second(s)

2018-05-16 18:52:15 - [MESSAGE][PASSED] - Delayed 1 second(s)

2018-05-16 18:52:15 - [TEST_STEP][PASSED] - selectOptionByIndex: All options with index in [8] are selected on object 'Object Repository/Store Request Schedule 1/Page_Store/select_--Select--Adernaline 0.'

2018-05-16 18:52:15 - [MESSAGE][PASSED] - All options with index in [8] are selected on object 'Object Repository/Store Request Schedule 1/Page_Store/select_--Select--Adernaline 0.'

2018-05-16 18:52:15 - [TEST_STEP][PASSED] - setText: Text '100' is set on object 'Object Repository/Store Request Schedule 1/Page_Store/input_txttreat'

2018-05-16 18:52:15 - [MESSAGE][PASSED] - Text '100' is set on object 'Object Repository/Store Request Schedule 1/Page_Store/input_txttreat'

2018-05-16 18:52:15 - [TEST_STEP][PASSED] - click: Object: 'Object Repository/Store Request Schedule 1/Page_Store/button_Add' is clicked on

2018-05-16 18:52:15 - [MESSAGE][PASSED] - Object: 'Object Repository/Store Request Schedule 1/Page_Store/button_Add' is clicked on

2018-05-16 18:52:15 - [TEST_STEP][PASSED] - selectOptionByIndex: All options with index in [3] are selected on object 'Object Repository/Store Request Schedule 1/Page_Store/select_--Select--Schedule 1Inj'

2018-05-16 18:52:15 - [MESSAGE][PASSED] - All options with index in [3] are selected on object 'Object Repository/Store Request Schedule 1/Page_Store/select_--Select--Schedule 1Inj'

2018-05-16 18:52:15 - [TEST_STEP][PASSED] - delay: Delayed 1 second(s)

2018-05-16 18:52:16 - [MESSAGE][PASSED] - Delayed 1 second(s)

2018-05-16 18:52:16 - [TEST_STEP][PASSED] - selectOptionByIndex: All options with index in [9] are selected on object 'Object Repository/Store Request Schedule 1/Page_Store/select_--Select--Adernaline 0.'

2018-05-16 18:52:17 - [MESSAGE][PASSED] - All options with index in [9] are selected on object 'Object Repository/Store Request Schedule 1/Page_Store/select_--Select--Adernaline 0.'

2018-05-16 18:52:17 - [TEST_STEP][PASSED] - setText: Text '100' is set on object 'Object Repository/Store Request Schedule 1/Page_Store/input_txttreat'

2018-05-16 18:52:17 - [MESSAGE][PASSED] - Text '100' is set on object 'Object Repository/Store Request Schedule 1/Page_Store/input_txttreat'

2018-05-16 18:52:17 - [TEST_STEP][PASSED] - click: Object: 'Object Repository/Store Request Schedule 1/Page_Store/button_Add' is clicked on

2018-05-16 18:52:17 - [MESSAGE][PASSED] - Object: 'Object Repository/Store Request Schedule 1/Page_Store/button_Add' is clicked on

2018-05-16 18:52:17 - [TEST_STEP][PASSED] - selectOptionByIndex: All options with index in [3] are selected on object 'Object Repository/Store Request Schedule 1/Page_Store/select_--Select--Schedule 1Inj'

2018-05-16 18:52:17 - [MESSAGE][PASSED] - All options with index in [3] are selected on object 'Object Repository/Store Request Schedule 1/Page_Store/select_--Select--Schedule 1Inj'

2018-05-16 18:52:17 - [TEST_STEP][PASSED] - delay: Delayed 1 second(s)

2018-05-16 18:52:18 - [MESSAGE][PASSED] - Delayed 1 second(s)

2018-05-16 18:52:18 - [TEST_STEP][PASSED] - selectOptionByIndex: All options with index in [10] are selected on object 'Object Repository/Store Request Schedule 1/Page_Store/select_--Select--Adernaline 0.'

2018-05-16 18:52:18 - [MESSAGE][PASSED] - All options with index in [10] are selected on object 'Object Repository/Store Request Schedule 1/Page_Store/select_--Select--Adernaline 0.'

2018-05-16 18:52:18 - [TEST_STEP][PASSED] - setText: Text '100' is set on object 'Object Repository/Store Request Schedule 1/Page_Store/input_txttreat'

2018-05-16 18:52:18 - [MESSAGE][PASSED] - Text '100' is set on object 'Object Repository/Store Request Schedule 1/Page_Store/input_txttreat'

2018-05-16 18:52:18 - [TEST_STEP][PASSED] - click: Object: 'Object Repository/Store Request Schedule 1/Page_Store/button_Add' is clicked on

2018-05-16 18:52:18 - [MESSAGE][PASSED] - Object: 'Object Repository/Store Request Schedule 1/Page_Store/button_Add' is clicked on

2018-05-16 18:52:18 - [TEST_STEP][PASSED] - selectOptionByIndex: All options with index in [3] are selected on object 'Object Repository/Store Request Schedule 1/Page_Store/select_--Select--Schedule 1Inj'

2018-05-16 18:52:19 - [MESSAGE][PASSED] - All options with index in [3] are selected on object 'Object Repository/Store Request Schedule 1/Page_Store/select_--Select--Schedule 1Inj'

2018-05-16 18:52:19 - [TEST_STEP][PASSED] - delay: Delayed 1 second(s)

2018-05-16 18:52:20 - [MESSAGE][PASSED] - Delayed 1 second(s)

2018-05-16 18:52:20 - [TEST_STEP][PASSED] - selectOptionByIndex: All options with index in [11] are selected on object 'Object Repository/Store Request Schedule 1/Page_Store/select_--Select--Adernaline 0.'

2018-05-16 18:52:20 - [MESSAGE][PASSED] - All options with index in [11] are selected on object 'Object Repository/Store Request Schedule 1/Page_Store/select_--Select--Adernaline 0.'

2018-05-16 18:52:20 - [TEST_STEP][PASSED] - setText: Text '100' is set on object 'Object Repository/Store Request Schedule 1/Page_Store/input_txttreat'

2018-05-16 18:52:20 - [MESSAGE][PASSED] - Text '100' is set on object 'Object Repository/Store Request Schedule 1/Page_Store/input_txttreat'

2018-05-16 18:52:20 - [TEST_STEP][PASSED] - click: Object: 'Object Repository/Store Request Schedule 1/Page_Store/button_Add' is clicked on

2018-05-16 18:52:20 - [MESSAGE][PASSED] - Object: 'Object Repository/Store Request Schedule 1/Page_Store/button_Add' is clicked on

2018-05-16 18:52:20 - [TEST_STEP][PASSED] - selectOptionByIndex: All options with index in [3] are selected on object 'Object Repository/Store Request Schedule 1/Page_Store/select_--Select--Schedule 1Inj'

2018-05-16 18:52:20 - [MESSAGE][PASSED] - All options with index in [3] are selected on object 'Object Repository/Store Request Schedule 1/Page_Store/select_--Select--Schedule 1Inj'

2018-05-16 18:52:20 - [TEST_STEP][PASSED] - delay: Delayed 1 second(s)

2018-05-16 18:52:21 - [MESSAGE][PASSED] - Delayed 1 second(s)

2018-05-16 18:52:21 - [TEST_STEP][PASSED] - selectOptionByIndex: All options with index in [12] are selected on object 'Object Repository/Store Request Schedule 1/Page_Store/select_--Select--Adernaline 0.'

2018-05-16 18:52:21 - [MESSAGE][PASSED] - All options with index in [12] are selected on object 'Object Repository/Store Request Schedule 1/Page_Store/select_--Select--Adernaline 0.'

2018-05-16 18:52:21 - [TEST_STEP][PASSED] - setText: Text '100' is set on object 'Object Repository/Store Request Schedule 1/Page_Store/input_txttreat'

2018-05-16 18:52:21 - [MESSAGE][PASSED] - Text '100' is set on object 'Object Repository/Store Request Schedule 1/Page_Store/input_txttreat'

2018-05-16 18:52:21 - [TEST_STEP][PASSED] - click: Object: 'Object Repository/Store Request Schedule 1/Page_Store/button_Add' is clicked on

2018-05-16 18:52:21 - [MESSAGE][PASSED] - Object: 'Object Repository/Store Request Schedule 1/Page_Store/button_Add' is clicked on

2018-05-16 18:52:21 - [TEST_STEP][PASSED] - selectOptionByIndex: All options with index in [3] are selected on object 'Object Repository/Store Request Schedule 1/Page_Store/select_--Select--Schedule 1Inj'

2018-05-16 18:52:22 - [MESSAGE][PASSED] - All options with index in [3] are selected on object 'Object Repository/Store Request Schedule 1/Page_Store/select_--Select--Schedule 1Inj'

2018-05-16 18:52:22 - [TEST_STEP][PASSED] - delay: Delayed 1 second(s)

2018-05-16 18:52:23 - [MESSAGE][PASSED] - Delayed 1 second(s)

2018-05-16 18:52:23 - [TEST_STEP][PASSED] - selectOptionByIndex: All options with index in [13] are selected on object 'Object Repository/Store Request Schedule 1/Page_Store/select_--Select--Adernaline 0.'

2018-05-16 18:52:23 - [MESSAGE][PASSED] - All options with index in [13] are selected on object 'Object Repository/Store Request Schedule 1/Page_Store/select_--Select--Adernaline 0.'

2018-05-16 18:52:23 - [TEST_STEP][PASSED] - setText: Text '100' is set on object 'Object Repository/Store Request Schedule 1/Page_Store/input_txttreat'

2018-05-16 18:52:23 - [MESSAGE][PASSED] - Text '100' is set on object 'Object Repository/Store Request Schedule 1/Page_Store/input_txttreat'

2018-05-16 18:52:23 - [TEST_STEP][PASSED] - click: Object: 'Object Repository/Store Request Schedule 1/Page_Store/button_Add' is clicked on

2018-05-16 18:52:23 - [MESSAGE][PASSED] - Object: 'Object Repository/Store Request Schedule 1/Page_Store/button_Add' is clicked on

2018-05-16 18:52:23 - [TEST_STEP][PASSED] - selectOptionByIndex: All options with index in [3] are selected on object 'Object Repository/Store Request Schedule 1/Page_Store/select_--Select--Schedule 1Inj'

2018-05-16 18:52:23 - [MESSAGE][PASSED] - All options with index in [3] are selected on object 'Object Repository/Store Request Schedule 1/Page_Store/select_--Select--Schedule 1Inj'

2018-05-16 18:52:23 - [TEST_STEP][PASSED] - delay: Delayed 1 second(s)

2018-05-16 18:52:24 - [MESSAGE][PASSED] - Delayed 1 second(s)

2018-05-16 18:52:24 - [TEST_STEP][PASSED] - selectOptionByIndex: All options with index in [14] are selected on object 'Object Repository/Store Request Schedule 1/Page_Store/select_--Select--Adernaline 0.'

2018-05-16 18:52:24 - [MESSAGE][PASSED] - All options with index in [14] are selected on object 'Object Repository/Store Request Schedule 1/Page_Store/select_--Select--Adernaline 0.'

2018-05-16 18:52:24 - [TEST_STEP][PASSED] - setText: Text '100' is set on object 'Object Repository/Store Request Schedule 1/Page_Store/input_txttreat'

2018-05-16 18:52:24 - [MESSAGE][PASSED] - Text '100' is set on object 'Object Repository/Store Request Schedule 1/Page_Store/input_txttreat'

2018-05-16 18:52:24 - [TEST_STEP][PASSED] - click: Object: 'Object Repository/Store Request Schedule 1/Page_Store/button_Add' is clicked on

2018-05-16 18:52:25 - [MESSAGE][PASSED] - Object: 'Object Repository/Store Request Schedule 1/Page_Store/button_Add' is clicked on

2018-05-16 18:52:25 - [TEST_STEP][PASSED] - selectOptionByIndex: All options with index in [3] are selected on object 'Object Repository/Store Request Schedule 1/Page_Store/select_--Select--Schedule 1Inj'

2018-05-16 18:52:25 - [MESSAGE][PASSED] - All options with index in [3] are selected on object 'Object Repository/Store Request Schedule 1/Page_Store/select_--Select--Schedule 1Inj'

2018-05-16 18:52:25 - [TEST_STEP][PASSED] - delay: Delayed 1 second(s)

2018-05-16 18:52:26 - [MESSAGE][PASSED] - Delayed 1 second(s)

2018-05-16 18:52:26 - [TEST_STEP][PASSED] - selectOptionByIndex: All options with index in [15] are selected on object 'Object Repository/Store Request Schedule 1/Page_Store/select_--Select--Adernaline 0.'

2018-05-16 18:52:26 - [MESSAGE][PASSED] - All options with index in [15] are selected on object 'Object Repository/Store Request Schedule 1/Page_Store/select_--Select--Adernaline 0.'

2018-05-16 18:52:26 - [TEST_STEP][PASSED] - setText: Text '100' is set on object 'Object Repository/Store Request Schedule 1/Page_Store/input_txttreat'

2018-05-16 18:52:26 - [MESSAGE][PASSED] - Text '100' is set on object 'Object Repository/Store Request Schedule 1/Page_Store/input_txttreat'

2018-05-16 18:52:26 - [TEST_STEP][PASSED] - click: Object: 'Object Repository/Store Request Schedule 1/Page_Store/button_Add' is clicked on

2018-05-16 18:52:26 - [MESSAGE][PASSED] - Object: 'Object Repository/Store Request Schedule 1/Page_Store/button_Add' is clicked on

2018-05-16 18:52:26 - [TEST_STEP][PASSED] - selectOptionByIndex: All options with index in [3] are selected on object 'Object Repository/Store Request Schedule 1/Page_Store/select_--Select--Schedule 1Inj'

2018-05-16 18:52:26 - [MESSAGE][PASSED] - All options with index in [3] are selected on object 'Object Repository/Store Request Schedule 1/Page_Store/select_--Select--Schedule 1Inj'

2018-05-16 18:52:26 - [TEST_STEP][PASSED] - delay: Delayed 1 second(s)

2018-05-16 18:52:27 - [MESSAGE][PASSED] - Delayed 1 second(s)

2018-05-16 18:52:27 - [TEST_STEP][PASSED] - selectOptionByIndex: All options with index in [16] are selected on object 'Object Repository/Store Request Schedule 1/Page_Store/select_--Select--Adernaline 0.'

2018-05-16 18:52:28 - [MESSAGE][PASSED] - All options with index in [16] are selected on object 'Object Repository/Store Request Schedule 1/Page_Store/select_--Select--Adernaline 0.'

2018-05-16 18:52:28 - [TEST_STEP][PASSED] - setText: Text '100' is set on object 'Object Repository/Store Request Schedule 1/Page_Store/input_txttreat'

2018-05-16 18:52:28 - [MESSAGE][PASSED] - Text '100' is set on object 'Object Repository/Store Request Schedule 1/Page_Store/input_txttreat'

2018-05-16 18:52:28 - [TEST_STEP][PASSED] - click: Object: 'Object Repository/Store Request Schedule 1/Page_Store/button_Add' is clicked on

2018-05-16 18:52:28 - [MESSAGE][PASSED] - Object: 'Object Repository/Store Request Schedule 1/Page_Store/button_Add' is clicked on

2018-05-16 18:52:28 - [TEST_STEP][PASSED] - selectOptionByIndex: All options with index in [3] are selected on object 'Object Repository/Store Request Schedule 1/Page_Store/select_--Select--Schedule 1Inj'

2018-05-16 18:52:28 - [MESSAGE][PASSED] - All options with index in [3] are selected on object 'Object Repository/Store Request Schedule 1/Page_Store/select_--Select--Schedule 1Inj'

2018-05-16 18:52:28 - [TEST_STEP][PASSED] - delay: Delayed 1 second(s)

2018-05-16 18:52:29 - [MESSAGE][PASSED] - Delayed 1 second(s)

2018-05-16 18:52:29 - [TEST_STEP][PASSED] - selectOptionByIndex: All options with index in [17] are selected on object 'Object Repository/Store Request Schedule 1/Page_Store/select_--Select--Adernaline 0.'

2018-05-16 18:52:29 - [MESSAGE][PASSED] - All options with index in [17] are selected on object 'Object Repository/Store Request Schedule 1/Page_Store/select_--Select--Adernaline 0.'

2018-05-16 18:52:29 - [TEST_STEP][PASSED] - setText: Text '100' is set on object 'Object Repository/Store Request Schedule 1/Page_Store/input_txttreat'

2018-05-16 18:52:29 - [MESSAGE][PASSED] - Text '100' is set on object 'Object Repository/Store Request Schedule 1/Page_Store/input_txttreat'

2018-05-16 18:52:29 - [TEST_STEP][PASSED] - click: Object: 'Object Repository/Store Request Schedule 1/Page_Store/button_Add' is clicked on

2018-05-16 18:52:29 - [MESSAGE][PASSED] - Object: 'Object Repository/Store Request Schedule 1/Page_Store/button_Add' is clicked on

2018-05-16 18:52:29 - [TEST_STEP][PASSED] - selectOptionByIndex: All options with index in [3] are selected on object 'Object Repository/Store Request Schedule 1/Page_Store/select_--Select--Schedule 1Inj'

2018-05-16 18:52:29 - [MESSAGE][PASSED] - All options with index in [3] are selected on object 'Object Repository/Store Request Schedule 1/Page_Store/select_--Select--Schedule 1Inj'

2018-05-16 18:52:29 - [TEST_STEP][PASSED] - delay: Delayed 1 second(s)

2018-05-16 18:52:30 - [MESSAGE][PASSED] - Delayed 1 second(s)

2018-05-16 18:52:30 - [TEST_STEP][PASSED] - selectOptionByIndex: All options with index in [18] are selected on object 'Object Repository/Store Request Schedule 1/Page_Store/select_--Select--Adernaline 0.'

2018-05-16 18:52:31 - [MESSAGE][PASSED] - All options with index in [18] are selected on object 'Object Repository/Store Request Schedule 1/Page_Store/select_--Select--Adernaline 0.'

2018-05-16 18:52:31 - [TEST_STEP][PASSED] - setText: Text '100' is set on object 'Object Repository/Store Request Schedule 1/Page_Store/input_txttreat'

2018-05-16 18:52:31 - [MESSAGE][PASSED] - Text '100' is set on object 'Object Repository/Store Request Schedule 1/Page_Store/input_txttreat'

2018-05-16 18:52:31 - [TEST_STEP][PASSED] - click: Object: 'Object Repository/Store Request Schedule 1/Page_Store/button_Add' is clicked on

2018-05-16 18:52:31 - [MESSAGE][PASSED] - Object: 'Object Repository/Store Request Schedule 1/Page_Store/button_Add' is clicked on

2018-05-16 18:52:31 - [TEST_STEP][PASSED] - selectOptionByIndex: All options with index in [3] are selected on object 'Object Repository/Store Request Schedule 1/Page_Store/select_--Select--Schedule 1Inj'

2018-05-16 18:52:31 - [MESSAGE][PASSED] - All options with index in [3] are selected on object 'Object Repository/Store Request Schedule 1/Page_Store/select_--Select--Schedule 1Inj'

2018-05-16 18:52:31 - [TEST_STEP][PASSED] - delay: Delayed 1 second(s)

2018-05-16 18:52:32 - [MESSAGE][PASSED] - Delayed 1 second(s)

2018-05-16 18:52:32 - [TEST_STEP][PASSED] - selectOptionByIndex: All options with index in [19] are selected on object 'Object Repository/Store Request Schedule 1/Page_Store/select_--Select--Adernaline 0.'

2018-05-16 18:52:32 - [MESSAGE][PASSED] - All options with index in [19] are selected on object 'Object Repository/Store Request Schedule 1/Page_Store/select_--Select--Adernaline 0.'

2018-05-16 18:52:32 - [TEST_STEP][PASSED] - setText: Text '100' is set on object 'Object Repository/Store Request Schedule 1/Page_Store/input_txttreat'

2018-05-16 18:52:32 - [MESSAGE][PASSED] - Text '100' is set on object 'Object Repository/Store Request Schedule 1/Page_Store/input_txttreat'

2018-05-16 18:52:32 - [TEST_STEP][PASSED] - click: Object: 'Object Repository/Store Request Schedule 1/Page_Store/button_Add' is clicked on

2018-05-16 18:52:32 - [MESSAGE][PASSED] - Object: 'Object Repository/Store Request Schedule 1/Page_Store/button_Add' is clicked on

2018-05-16 18:52:32 - [TEST_STEP][PASSED] - selectOptionByIndex: All options with index in [3] are selected on object 'Object Repository/Store Request Schedule 1/Page_Store/select_--Select--Schedule 1Inj'

2018-05-16 18:52:33 - [MESSAGE][PASSED] - All options with index in [3] are selected on object 'Object Repository/Store Request Schedule 1/Page_Store/select_--Select--Schedule 1Inj'

2018-05-16 18:52:33 - [TEST_STEP][PASSED] - delay: Delayed 1 second(s)

2018-05-16 18:52:34 - [MESSAGE][PASSED] - Delayed 1 second(s)

2018-05-16 18:52:34 - [TEST_STEP][PASSED] - selectOptionByIndex: All options with index in [20] are selected on object 'Object Repository/Store Request Schedule 1/Page_Store/select_--Select--Adernaline 0.'

2018-05-16 18:52:34 - [MESSAGE][PASSED] - All options with index in [20] are selected on object 'Object Repository/Store Request Schedule 1/Page_Store/select_--Select--Adernaline 0.'

2018-05-16 18:52:34 - [TEST_STEP][PASSED] - setText: Text '100' is set on object 'Object Repository/Store Request Schedule 1/Page_Store/input_txttreat'

2018-05-16 18:52:34 - [MESSAGE][PASSED] - Text '100' is set on object 'Object Repository/Store Request Schedule 1/Page_Store/input_txttreat'

2018-05-16 18:52:34 - [TEST_STEP][PASSED] - click: Object: 'Object Repository/Store Request Schedule 1/Page_Store/button_Add' is clicked on

2018-05-16 18:52:34 - [MESSAGE][PASSED] - Object: 'Object Repository/Store Request Schedule 1/Page_Store/button_Add' is clicked on

2018-05-16 18:52:34 - [TEST_STEP][PASSED] - selectOptionByIndex: All options with index in [3] are selected on object 'Object Repository/Store Request Schedule 1/Page_Store/select_--Select--Schedule 1Inj'

2018-05-16 18:52:34 - [MESSAGE][PASSED] - All options with index in [3] are selected on object 'Object Repository/Store Request Schedule 1/Page_Store/select_--Select--Schedule 1Inj'

2018-05-16 18:52:34 - [TEST_STEP][PASSED] - delay: Delayed 1 second(s)

2018-05-16 18:52:35 - [MESSAGE][PASSED] - Delayed 1 second(s)

2018-05-16 18:52:35 - [TEST_STEP][PASSED] - selectOptionByIndex: All options with index in [21] are selected on object 'Object Repository/Store Request Schedule 1/Page_Store/select_--Select--Adernaline 0.'

2018-05-16 18:52:36 - [MESSAGE][PASSED] - All options with index in [21] are selected on object 'Object Repository/Store Request Schedule 1/Page_Store/select_--Select--Adernaline 0.'

2018-05-16 18:52:36 - [TEST_STEP][PASSED] - setText: Text '100' is set on object 'Object Repository/Store Request Schedule 1/Page_Store/input_txttreat'

2018-05-16 18:52:36 - [MESSAGE][PASSED] - Text '100' is set on object 'Object Repository/Store Request Schedule 1/Page_Store/input_txttreat'

2018-05-16 18:52:36 - [TEST_STEP][PASSED] - click: Object: 'Object Repository/Store Request Schedule 1/Page_Store/button_Add' is clicked on

2018-05-16 18:52:36 - [MESSAGE][PASSED] - Object: 'Object Repository/Store Request Schedule 1/Page_Store/button_Add' is clicked on

2018-05-16 18:52:36 - [TEST_STEP][PASSED] - selectOptionByIndex: All options with index in [3] are selected on object 'Object Repository/Store Request Schedule 1/Page_Store/select_--Select--Schedule 1Inj'

2018-05-16 18:52:36 - [MESSAGE][PASSED] - All options with index in [3] are selected on object 'Object Repository/Store Request Schedule 1/Page_Store/select_--Select--Schedule 1Inj'

2018-05-16 18:52:36 - [TEST_STEP][PASSED] - delay: Delayed 1 second(s)

2018-05-16 18:52:37 - [MESSAGE][PASSED] - Delayed 1 second(s)

2018-05-16 18:52:37 - [TEST_STEP][PASSED] - selectOptionByIndex: All options with index in [22] are selected on object 'Object Repository/Store Request Schedule 1/Page_Store/select_--Select--Adernaline 0.'

2018-05-16 18:52:37 - [MESSAGE][PASSED] - All options with index in [22] are selected on object 'Object Repository/Store Request Schedule 1/Page_Store/select_--Select--Adernaline 0.'

2018-05-16 18:52:37 - [TEST_STEP][PASSED] - setText: Text '100' is set on object 'Object Repository/Store Request Schedule 1/Page_Store/input_txttreat'

2018-05-16 18:52:37 - [MESSAGE][PASSED] - Text '100' is set on object 'Object Repository/Store Request Schedule 1/Page_Store/input_txttreat'

2018-05-16 18:52:37 - [TEST_STEP][PASSED] - click: Object: 'Object Repository/Store Request Schedule 1/Page_Store/button_Add' is clicked on

2018-05-16 18:52:37 - [MESSAGE][PASSED] - Object: 'Object Repository/Store Request Schedule 1/Page_Store/button_Add' is clicked on

2018-05-16 18:52:37 - [TEST_STEP][PASSED] - selectOptionByIndex: All options with index in [3] are selected on object 'Object Repository/Store Request Schedule 1/Page_Store/select_--Select--Schedule 1Inj'

2018-05-16 18:52:37 - [MESSAGE][PASSED] - All options with index in [3] are selected on object 'Object Repository/Store Request Schedule 1/Page_Store/select_--Select--Schedule 1Inj'

2018-05-16 18:52:37 - [TEST_STEP][PASSED] - delay: Delayed 1 second(s)

2018-05-16 18:52:38 - [MESSAGE][PASSED] - Delayed 1 second(s)

2018-05-16 18:52:38 - [TEST_STEP][PASSED] - selectOptionByIndex: All options with index in [23] are selected on object 'Object Repository/Store Request Schedule 1/Page_Store/select_--Select--Adernaline 0.'

2018-05-16 18:52:39 - [MESSAGE][PASSED] - All options with index in [23] are selected on object 'Object Repository/Store Request Schedule 1/Page_Store/select_--Select--Adernaline 0.'

2018-05-16 18:52:39 - [TEST_STEP][PASSED] - setText: Text '100' is set on object 'Object Repository/Store Request Schedule 1/Page_Store/input_txttreat'

2018-05-16 18:52:39 - [MESSAGE][PASSED] - Text '100' is set on object 'Object Repository/Store Request Schedule 1/Page_Store/input_txttreat'

2018-05-16 18:52:39 - [TEST_STEP][PASSED] - click: Object: 'Object Repository/Store Request Schedule 1/Page_Store/button_Add' is clicked on

2018-05-16 18:52:39 - [MESSAGE][PASSED] - Object: 'Object Repository/Store Request Schedule 1/Page_Store/button_Add' is clicked on

2018-05-16 18:52:39 - [TEST_STEP][PASSED] - selectOptionByIndex: All options with index in [3] are selected on object 'Object Repository/Store Request Schedule 1/Page_Store/select_--Select--Schedule 1Inj'

2018-05-16 18:52:39 - [MESSAGE][PASSED] - All options with index in [3] are selected on object 'Object Repository/Store Request Schedule 1/Page_Store/select_--Select--Schedule 1Inj'

2018-05-16 18:52:39 - [TEST_STEP][PASSED] - delay: Delayed 1 second(s)

2018-05-16 18:52:40 - [MESSAGE][PASSED] - Delayed 1 second(s)

2018-05-16 18:52:40 - [TEST_STEP][PASSED] - selectOptionByIndex: All options with index in [24] are selected on object 'Object Repository/Store Request Schedule 1/Page_Store/select_--Select--Adernaline 0.'

2018-05-16 18:52:41 - [MESSAGE][PASSED] - All options with index in [24] are selected on object 'Object Repository/Store Request Schedule 1/Page_Store/select_--Select--Adernaline 0.'

2018-05-16 18:52:41 - [TEST_STEP][PASSED] - setText: Text '100' is set on object 'Object Repository/Store Request Schedule 1/Page_Store/input_txttreat'

2018-05-16 18:52:41 - [MESSAGE][PASSED] - Text '100' is set on object 'Object Repository/Store Request Schedule 1/Page_Store/input_txttreat'

2018-05-16 18:52:41 - [TEST_STEP][PASSED] - click: Object: 'Object Repository/Store Request Schedule 1/Page_Store/button_Add' is clicked on

2018-05-16 18:52:41 - [MESSAGE][PASSED] - Object: 'Object Repository/Store Request Schedule 1/Page_Store/button_Add' is clicked on

2018-05-16 18:52:41 - [TEST_STEP][PASSED] - selectOptionByIndex: All options with index in [3] are selected on object 'Object Repository/Store Request Schedule 1/Page_Store/select_--Select--Schedule 1Inj'

2018-05-16 18:52:41 - [MESSAGE][PASSED] - All options with index in [3] are selected on object 'Object Repository/Store Request Schedule 1/Page_Store/select_--Select--Schedule 1Inj'

2018-05-16 18:52:41 - [TEST_STEP][PASSED] - delay: Delayed 1 second(s)

2018-05-16 18:52:42 - [MESSAGE][PASSED] - Delayed 1 second(s)

2018-05-16 18:52:42 - [TEST_STEP][PASSED] - selectOptionByIndex: All options with index in [25] are selected on object 'Object Repository/Store Request Schedule 1/Page_Store/select_--Select--Adernaline 0.'

2018-05-16 18:52:42 - [MESSAGE][PASSED] - All options with index in [25] are selected on object 'Object Repository/Store Request Schedule 1/Page_Store/select_--Select--Adernaline 0.'

2018-05-16 18:52:42 - [TEST_STEP][PASSED] - setText: Text '100' is set on object 'Object Repository/Store Request Schedule 1/Page_Store/input_txttreat'

2018-05-16 18:52:42 - [MESSAGE][PASSED] - Text '100' is set on object 'Object Repository/Store Request Schedule 1/Page_Store/input_txttreat'

2018-05-16 18:52:42 - [TEST_STEP][PASSED] - click: Object: 'Object Repository/Store Request Schedule 1/Page_Store/button_Add' is clicked on

2018-05-16 18:52:42 - [MESSAGE][PASSED] - Object: 'Object Repository/Store Request Schedule 1/Page_Store/button_Add' is clicked on

2018-05-16 18:52:42 - [TEST_STEP][PASSED] - selectOptionByIndex: All options with index in [3] are selected on object 'Object Repository/Store Request Schedule 1/Page_Store/select_--Select--Schedule 1Inj'

2018-05-16 18:52:42 - [MESSAGE][PASSED] - All options with index in [3] are selected on object 'Object Repository/Store Request Schedule 1/Page_Store/select_--Select--Schedule 1Inj'

2018-05-16 18:52:42 - [TEST_STEP][PASSED] - delay: Delayed 1 second(s)

2018-05-16 18:52:43 - [MESSAGE][PASSED] - Delayed 1 second(s)

2018-05-16 18:52:43 - [TEST_STEP][PASSED] - selectOptionByIndex: All options with index in [26] are selected on object 'Object Repository/Store Request Schedule 1/Page_Store/select_--Select--Adernaline 0.'

2018-05-16 18:52:44 - [MESSAGE][PASSED] - All options with index in [26] are selected on object 'Object Repository/Store Request Schedule 1/Page_Store/select_--Select--Adernaline 0.'

2018-05-16 18:52:44 - [TEST_STEP][PASSED] - setText: Text '100' is set on object 'Object Repository/Store Request Schedule 1/Page_Store/input_txttreat'

2018-05-16 18:52:44 - [MESSAGE][PASSED] - Text '100' is set on object 'Object Repository/Store Request Schedule 1/Page_Store/input_txttreat'

2018-05-16 18:52:44 - [TEST_STEP][PASSED] - click: Object: 'Object Repository/Store Request Schedule 1/Page_Store/button_Add' is clicked on

2018-05-16 18:52:44 - [MESSAGE][PASSED] - Object: 'Object Repository/Store Request Schedule 1/Page_Store/button_Add' is clicked on

2018-05-16 18:52:44 - [TEST_STEP][PASSED] - selectOptionByIndex: All options with index in [3] are selected on object 'Object Repository/Store Request Schedule 1/Page_Store/select_--Select--Schedule 1Inj'

2018-05-16 18:52:44 - [MESSAGE][PASSED] - All options with index in [3] are selected on object 'Object Repository/Store Request Schedule 1/Page_Store/select_--Select--Schedule 1Inj'

2018-05-16 18:52:44 - [TEST_STEP][PASSED] - delay: Delayed 1 second(s)

2018-05-16 18:52:45 - [MESSAGE][PASSED] - Delayed 1 second(s)

2018-05-16 18:52:45 - [TEST_STEP][PASSED] - selectOptionByIndex: All options with index in [27] are selected on object 'Object Repository/Store Request Schedule 1/Page_Store/select_--Select--Adernaline 0.'

2018-05-16 18:52:45 - [MESSAGE][PASSED] - All options with index in [27] are selected on object 'Object Repository/Store Request Schedule 1/Page_Store/select_--Select--Adernaline 0.'

2018-05-16 18:52:45 - [TEST_STEP][PASSED] - setText: Text '100' is set on object 'Object Repository/Store Request Schedule 1/Page_Store/input_txttreat'

2018-05-16 18:52:46 - [MESSAGE][PASSED] - Text '100' is set on object 'Object Repository/Store Request Schedule 1/Page_Store/input_txttreat'

2018-05-16 18:52:46 - [TEST_STEP][PASSED] - click: Object: 'Object Repository/Store Request Schedule 1/Page_Store/button_Add' is clicked on

2018-05-16 18:52:46 - [MESSAGE][PASSED] - Object: 'Object Repository/Store Request Schedule 1/Page_Store/button_Add' is clicked on

2018-05-16 18:52:46 - [TEST_STEP][PASSED] - selectOptionByIndex: All options with index in [3] are selected on object 'Object Repository/Store Request Schedule 1/Page_Store/select_--Select--Schedule 1Inj'

2018-05-16 18:52:46 - [MESSAGE][PASSED] - All options with index in [3] are selected on object 'Object Repository/Store Request Schedule 1/Page_Store/select_--Select--Schedule 1Inj'

2018-05-16 18:52:46 - [TEST_STEP][PASSED] - delay: Delayed 1 second(s)

2018-05-16 18:52:47 - [MESSAGE][PASSED] - Delayed 1 second(s)

2018-05-16 18:52:47 - [TEST_STEP][PASSED] - selectOptionByIndex: All options with index in [28] are selected on object 'Object Repository/Store Request Schedule 1/Page_Store/select_--Select--Adernaline 0.'

2018-05-16 18:52:47 - [MESSAGE][PASSED] - All options with index in [28] are selected on object 'Object Repository/Store Request Schedule 1/Page_Store/select_--Select--Adernaline 0.'

2018-05-16 18:52:47 - [TEST_STEP][PASSED] - setText: Text '100' is set on object 'Object Repository/Store Request Schedule 1/Page_Store/input_txttreat'

2018-05-16 18:52:47 - [MESSAGE][PASSED] - Text '100' is set on object 'Object Repository/Store Request Schedule 1/Page_Store/input_txttreat'

2018-05-16 18:52:47 - [TEST_STEP][PASSED] - click: Object: 'Object Repository/Store Request Schedule 1/Page_Store/button_Add' is clicked on

2018-05-16 18:52:47 - [MESSAGE][PASSED] - Object: 'Object Repository/Store Request Schedule 1/Page_Store/button_Add' is clicked on

2018-05-16 18:52:47 - [TEST_STEP][PASSED] - selectOptionByIndex: All options with index in [3] are selected on object 'Object Repository/Store Request Schedule 1/Page_Store/select_--Select--Schedule 1Inj'

2018-05-16 18:52:47 - [MESSAGE][PASSED] - All options with index in [3] are selected on object 'Object Repository/Store Request Schedule 1/Page_Store/select_--Select--Schedule 1Inj'

2018-05-16 18:52:47 - [TEST_STEP][PASSED] - delay: Delayed 1 second(s)

2018-05-16 18:52:48 - [MESSAGE][PASSED] - Delayed 1 second(s)

2018-05-16 18:52:48 - [TEST_STEP][PASSED] - selectOptionByIndex: All options with index in [29] are selected on object 'Object Repository/Store Request Schedule 1/Page_Store/select_--Select--Adernaline 0.'

2018-05-16 18:52:49 - [MESSAGE][PASSED] - All options with index in [29] are selected on object 'Object Repository/Store Request Schedule 1/Page_Store/select_--Select--Adernaline 0.'

2018-05-16 18:52:49 - [TEST_STEP][PASSED] - setText: Text '100' is set on object 'Object Repository/Store Request Schedule 1/Page_Store/input_txttreat'

2018-05-16 18:52:49 - [MESSAGE][PASSED] - Text '100' is set on object 'Object Repository/Store Request Schedule 1/Page_Store/input_txttreat'

2018-05-16 18:52:49 - [TEST_STEP][PASSED] - click: Object: 'Object Repository/Store Request Schedule 1/Page_Store/button_Add' is clicked on

2018-05-16 18:52:49 - [MESSAGE][PASSED] - Object: 'Object Repository/Store Request Schedule 1/Page_Store/button_Add' is clicked on

2018-05-16 18:52:49 - [TEST_STEP][PASSED] - selectOptionByIndex: All options with index in [3] are selected on object 'Object Repository/Store Request Schedule 1/Page_Store/select_--Select--Schedule 1Inj'

2018-05-16 18:52:49 - [MESSAGE][PASSED] - All options with index in [3] are selected on object 'Object Repository/Store Request Schedule 1/Page_Store/select_--Select--Schedule 1Inj'

2018-05-16 18:52:49 - [TEST_STEP][PASSED] - delay: Delayed 1 second(s)

2018-05-16 18:52:50 - [MESSAGE][PASSED] - Delayed 1 second(s)

2018-05-16 18:52:50 - [TEST_STEP][PASSED] - selectOptionByIndex: All options with index in [30] are selected on object 'Object Repository/Store Request Schedule 1/Page_Store/select_--Select--Adernaline 0.'

2018-05-16 18:52:50 - [MESSAGE][PASSED] - All options with index in [30] are selected on object 'Object Repository/Store Request Schedule 1/Page_Store/select_--Select--Adernaline 0.'

2018-05-16 18:52:50 - [TEST_STEP][PASSED] - setText: Text '100' is set on object 'Object Repository/Store Request Schedule 1/Page_Store/input_txttreat'

2018-05-16 18:52:51 - [MESSAGE][PASSED] - Text '100' is set on object 'Object Repository/Store Request Schedule 1/Page_Store/input_txttreat'

2018-05-16 18:52:51 - [TEST_STEP][PASSED] - click: Object: 'Object Repository/Store Request Schedule 1/Page_Store/button_Add' is clicked on

2018-05-16 18:52:51 - [MESSAGE][PASSED] - Object: 'Object Repository/Store Request Schedule 1/Page_Store/button_Add' is clicked on

2018-05-16 18:52:51 - [TEST_STEP][PASSED] - selectOptionByIndex: All options with index in [3] are selected on object 'Object Repository/Store Request Schedule 1/Page_Store/select_--Select--Schedule 1Inj'

2018-05-16 18:52:51 - [MESSAGE][PASSED] - All options with index in [3] are selected on object 'Object Repository/Store Request Schedule 1/Page_Store/select_--Select--Schedule 1Inj'

2018-05-16 18:52:51 - [TEST_STEP][PASSED] - delay: Delayed 1 second(s)

2018-05-16 18:52:52 - [MESSAGE][PASSED] - Delayed 1 second(s)

2018-05-16 18:52:52 - [TEST_STEP][PASSED] - selectOptionByIndex: All options with index in [31] are selected on object 'Object Repository/Store Request Schedule 1/Page_Store/select_--Select--Adernaline 0.'

2018-05-16 18:52:52 - [MESSAGE][PASSED] - All options with index in [31] are selected on object 'Object Repository/Store Request Schedule 1/Page_Store/select_--Select--Adernaline 0.'

2018-05-16 18:52:52 - [TEST_STEP][PASSED] - setText: Text '100' is set on object 'Object Repository/Store Request Schedule 1/Page_Store/input_txttreat'

2018-05-16 18:52:52 - [MESSAGE][PASSED] - Text '100' is set on object 'Object Repository/Store Request Schedule 1/Page_Store/input_txttreat'

2018-05-16 18:52:52 - [TEST_STEP][PASSED] - click: Object: 'Object Repository/Store Request Schedule 1/Page_Store/button_Add' is clicked on

2018-05-16 18:52:52 - [MESSAGE][PASSED] - Object: 'Object Repository/Store Request Schedule 1/Page_Store/button_Add' is clicked on

2018-05-16 18:52:52 - [TEST_STEP][PASSED] - selectOptionByIndex: All options with index in [3] are selected on object 'Object Repository/Store Request Schedule 1/Page_Store/select_--Select--Schedule 1Inj'

2018-05-16 18:52:52 - [MESSAGE][PASSED] - All options with index in [3] are selected on object 'Object Repository/Store Request Schedule 1/Page_Store/select_--Select--Schedule 1Inj'

2018-05-16 18:52:52 - [TEST_STEP][PASSED] - delay: Delayed 1 second(s)

2018-05-16 18:52:53 - [MESSAGE][PASSED] - Delayed 1 second(s)

2018-05-16 18:52:53 - [TEST_STEP][PASSED] - selectOptionByIndex: All options with index in [32] are selected on object 'Object Repository/Store Request Schedule 1/Page_Store/select_--Select--Adernaline 0.'

2018-05-16 18:52:54 - [MESSAGE][PASSED] - All options with index in [32] are selected on object 'Object Repository/Store Request Schedule 1/Page_Store/select_--Select--Adernaline 0.'

2018-05-16 18:52:54 - [TEST_STEP][PASSED] - setText: Text '100' is set on object 'Object Repository/Store Request Schedule 1/Page_Store/input_txttreat'

2018-05-16 18:52:54 - [MESSAGE][PASSED] - Text '100' is set on object 'Object Repository/Store Request Schedule 1/Page_Store/input_txttreat'

2018-05-16 18:52:54 - [TEST_STEP][PASSED] - click: Object: 'Object Repository/Store Request Schedule 1/Page_Store/button_Add' is clicked on

2018-05-16 18:52:54 - [MESSAGE][PASSED] - Object: 'Object Repository/Store Request Schedule 1/Page_Store/button_Add' is clicked on

2018-05-16 18:52:54 - [TEST_STEP][PASSED] - selectOptionByIndex: All options with index in [3] are selected on object 'Object Repository/Store Request Schedule 1/Page_Store/select_--Select--Schedule 1Inj'

2018-05-16 18:52:54 - [MESSAGE][PASSED] - All options with index in [3] are selected on object 'Object Repository/Store Request Schedule 1/Page_Store/select_--Select--Schedule 1Inj'

2018-05-16 18:52:54 - [TEST_STEP][PASSED] - delay: Delayed 1 second(s)

2018-05-16 18:52:55 - [MESSAGE][PASSED] - Delayed 1 second(s)

2018-05-16 18:52:55 - [TEST_STEP][PASSED] - selectOptionByIndex: All options with index in [33] are selected on object 'Object Repository/Store Request Schedule 1/Page_Store/select_--Select--Adernaline 0.'

2018-05-16 18:52:56 - [MESSAGE][PASSED] - All options with index in [33] are selected on object 'Object Repository/Store Request Schedule 1/Page_Store/select_--Select--Adernaline 0.'

2018-05-16 18:52:56 - [TEST_STEP][PASSED] - setText: Text '100' is set on object 'Object Repository/Store Request Schedule 1/Page_Store/input_txttreat'

2018-05-16 18:52:56 - [MESSAGE][PASSED] - Text '100' is set on object 'Object Repository/Store Request Schedule 1/Page_Store/input_txttreat'

2018-05-16 18:52:56 - [TEST_STEP][PASSED] - click: Object: 'Object Repository/Store Request Schedule 1/Page_Store/button_Add' is clicked on

2018-05-16 18:52:56 - [MESSAGE][PASSED] - Object: 'Object Repository/Store Request Schedule 1/Page_Store/button_Add' is clicked on

2018-05-16 18:52:56 - [TEST_STEP][PASSED] - selectOptionByIndex: All options with index in [3] are selected on object 'Object Repository/Store Request Schedule 1/Page_Store/select_--Select--Schedule 1Inj'

2018-05-16 18:52:56 - [MESSAGE][PASSED] - All options with index in [3] are selected on object 'Object Repository/Store Request Schedule 1/Page_Store/select_--Select--Schedule 1Inj'

2018-05-16 18:52:56 - [TEST_STEP][PASSED] - delay: Delayed 1 second(s)

2018-05-16 18:52:57 - [MESSAGE][PASSED] - Delayed 1 second(s)

2018-05-16 18:52:57 - [TEST_STEP][PASSED] - selectOptionByIndex: All options with index in [34] are selected on object 'Object Repository/Store Request Schedule 1/Page_Store/select_--Select--Adernaline 0.'

2018-05-16 18:52:57 - [MESSAGE][PASSED] - All options with index in [34] are selected on object 'Object Repository/Store Request Schedule 1/Page_Store/select_--Select--Adernaline 0.'

2018-05-16 18:52:57 - [TEST_STEP][PASSED] - setText: Text '100' is set on object 'Object Repository/Store Request Schedule 1/Page_Store/input_txttreat'

2018-05-16 18:52:57 - [MESSAGE][PASSED] - Text '100' is set on object 'Object Repository/Store Request Schedule 1/Page_Store/input_txttreat'

2018-05-16 18:52:57 - [TEST_STEP][PASSED] - click: Object: 'Object Repository/Store Request Schedule 1/Page_Store/button_Add' is clicked on

2018-05-16 18:52:58 - [MESSAGE][PASSED] - Object: 'Object Repository/Store Request Schedule 1/Page_Store/button_Add' is clicked on

2018-05-16 18:52:58 - [TEST_STEP][PASSED] - selectOptionByIndex: All options with index in [3] are selected on object 'Object Repository/Store Request Schedule 1/Page_Store/select_--Select--Schedule 1Inj'

2018-05-16 18:52:58 - [MESSAGE][PASSED] - All options with index in [3] are selected on object 'Object Repository/Store Request Schedule 1/Page_Store/select_--Select--Schedule 1Inj'

2018-05-16 18:52:58 - [TEST_STEP][PASSED] - delay: Delayed 1 second(s)

2018-05-16 18:52:59 - [MESSAGE][PASSED] - Delayed 1 second(s)

2018-05-16 18:52:59 - [TEST_STEP][PASSED] - selectOptionByIndex: All options with index in [35] are selected on object 'Object Repository/Store Request Schedule 1/Page_Store/select_--Select--Adernaline 0.'

2018-05-16 18:52:59 - [MESSAGE][PASSED] - All options with index in [35] are selected on object 'Object Repository/Store Request Schedule 1/Page_Store/select_--Select--Adernaline 0.'

2018-05-16 18:52:59 - [TEST_STEP][PASSED] - setText: Text '100' is set on object 'Object Repository/Store Request Schedule 1/Page_Store/input_txttreat'

2018-05-16 18:52:59 - [MESSAGE][PASSED] - Text '100' is set on object 'Object Repository/Store Request Schedule 1/Page_Store/input_txttreat'

2018-05-16 18:52:59 - [TEST_STEP][PASSED] - click: Object: 'Object Repository/Store Request Schedule 1/Page_Store/button_Add' is clicked on

2018-05-16 18:52:59 - [MESSAGE][PASSED] - Object: 'Object Repository/Store Request Schedule 1/Page_Store/button_Add' is clicked on

2018-05-16 18:52:59 - [TEST_STEP][PASSED] - selectOptionByIndex: All options with index in [3] are selected on object 'Object Repository/Store Request Schedule 1/Page_Store/select_--Select--Schedule 1Inj'

2018-05-16 18:52:59 - [MESSAGE][PASSED] - All options with index in [3] are selected on object 'Object Repository/Store Request Schedule 1/Page_Store/select_--Select--Schedule 1Inj'

2018-05-16 18:52:59 - [TEST_STEP][PASSED] - delay: Delayed 1 second(s)

2018-05-16 18:53:00 - [MESSAGE][PASSED] - Delayed 1 second(s)

2018-05-16 18:53:00 - [TEST_STEP][PASSED] - selectOptionByIndex: All options with index in [36] are selected on object 'Object Repository/Store Request Schedule 1/Page_Store/select_--Select--Adernaline 0.'

2018-05-16 18:53:01 - [MESSAGE][PASSED] - All options with index in [36] are selected on object 'Object Repository/Store Request Schedule 1/Page_Store/select_--Select--Adernaline 0.'

2018-05-16 18:53:01 - [TEST_STEP][PASSED] - setText: Text '100' is set on object 'Object Repository/Store Request Schedule 1/Page_Store/input_txttreat'

2018-05-16 18:53:01 - [MESSAGE][PASSED] - Text '100' is set on object 'Object Repository/Store Request Schedule 1/Page_Store/input_txttreat'

2018-05-16 18:53:01 - [TEST_STEP][PASSED] - click: Object: 'Object Repository/Store Request Schedule 1/Page_Store/button_Add' is clicked on

2018-05-16 18:53:01 - [MESSAGE][PASSED] - Object: 'Object Repository/Store Request Schedule 1/Page_Store/button_Add' is clicked on

2018-05-16 18:53:01 - [TEST_STEP][PASSED] - delay: Delayed 2 second(s)

2018-05-16 18:53:03 - [MESSAGE][PASSED] - Delayed 2 second(s)

2018-05-16 18:53:03 - [TEST_STEP][PASSED] - scrollToElement: Scroll to object 'Object Repository/Store Request Schedule 1/Page_Store/input_btnsave' successfully

2018-05-16 18:53:03 - [MESSAGE][PASSED] - Scroll to object 'Object Repository/Store Request Schedule 1/Page_Store/input_btnsave' successfully

2018-05-16 18:53:03 - [TEST_STEP][PASSED] - click: Object: 'Object Repository/Store Request Schedule 1/Page_Store/input_btnsave' is clicked on

2018-05-16 18:53:03 - [MESSAGE][PASSED] - Object: 'Object Repository/Store Request Schedule 1/Page_Store/input_btnsave' is clicked on

2018-05-16 18:53:03 - [TEST_STEP][PASSED] - delay: Delayed 4 second(s)

2018-05-16 18:53:07 - [MESSAGE][PASSED] - Delayed 4 second(s)

2018-05-16 18:53:07 - [TEST_STEP][PASSED] - Statement - Cms_RequestNumber = com.kms.katalon.core.webui.keyword.WebUiBuiltInKeywords.getText(com.kms.katalon.core.testobject.ObjectRepository.findTestObject(Store Request Schedule 1/Page_Store/font_PRNO050520189)): Text of object 'Object Repository/Store Request Schedule 1/Page_Store/font_PRNO050520189' is: 'PRNO/16052018/164'

2018-05-16 18:53:07 - [MESSAGE][PASSED] - Text of object 'Object Repository/Store Request Schedule 1/Page_Store/font_PRNO050520189' is: 'PRNO/16052018/164'

2018-05-16 18:53:07 - [TEST_STEP][PASSED] - Statement - CR = Cms_RequestNumber.trim(): null

2018-05-16 18:53:07 - [TEST_STEP][PASSED] - Statement - out.println("RQ :" + Cms_RequestNumber): null

2018-05-16 18:53:07 - [TEST_STEP][PASSED] - Statement - RequestNumberID = Cms_RequestNumber.split("/")[2].trim(): null

2018-05-16 18:53:07 - [TEST_STEP][PASSED] - Statement - out.println("RQ ID :" + RequestNumberID): null

2018-05-16 18:53:07 - [TEST_STEP][PASSED] - delay: Delayed 3 second(s)

2018-05-16 18:53:10 - [MESSAGE][PASSED] - Delayed 3 second(s)

2018-05-16 18:53:10 - [TEST_STEP][PASSED] - Statement - ok = com.kms.katalon.core.webui.keyword.WebUiBuiltInKeywords.click(com.kms.katalon.core.testobject.ObjectRepository.findTestObject(Store Request Schedule 1/Page_Store/button_OK)): Object: 'Object Repository/Store Request Schedule 1/Page_Store/button_OK' is clicked on

2018-05-16 18:53:11 - [MESSAGE][PASSED] - Object: 'Object Repository/Store Request Schedule 1/Page_Store/button_OK' is clicked on

2018-05-16 18:53:11 - [TEST_STEP][PASSED] - delay: Delayed 3 second(s)

2018-05-16 18:53:14 - [MESSAGE][PASSED] - Delayed 3 second(s)

2018-05-16 18:53:14 - [TEST_STEP][PASSED] - click: Object: 'Object Repository/Store Request Schedule 1/Page_Store/a_dropdown-toggle' is clicked on

2018-05-16 18:53:14 - [MESSAGE][PASSED] - Object: 'Object Repository/Store Request Schedule 1/Page_Store/a_dropdown-toggle' is clicked on

2018-05-16 18:53:14 - [TEST_STEP][PASSED] - click: Object: 'Object Repository/Store Request Schedule 1/Page_Store/a_Sign out' is clicked on

2018-05-16 18:53:15 - [MESSAGE][PASSED] - Object: 'Object Repository/Store Request Schedule 1/Page_Store/a_Sign out' is clicked on

2018-05-16 18:53:15 - [TEST_STEP][PASSED] - delay: Delayed 3 second(s)

2018-05-16 18:53:18 - [MESSAGE][PASSED] - Delayed 3 second(s)

2018-05-16 18:53:18 - [TEST_STEP][PASSED] - click: Object: 'Object Repository/Store Request Schedule 1/Page_KDMC/a_CMO' is clicked on

2018-05-16 18:53:18 - [MESSAGE][PASSED] - Object: 'Object Repository/Store Request Schedule 1/Page_KDMC/a_CMO' is clicked on

2018-05-16 18:53:18 - [TEST_STEP][PASSED] - setText: Text 'guru' is set on object 'Object Repository/Store Request Schedule 1/Page_CMO login/input_txtusername'

2018-05-16 18:53:18 - [MESSAGE][PASSED] - Text 'guru' is set on object 'Object Repository/Store Request Schedule 1/Page_CMO login/input_txtusername'

2018-05-16 18:53:18 - [TEST_STEP][PASSED] - setText: Text '123' is set on object 'Object Repository/Store Request Schedule 1/Page_CMO login/input_txtpassword'

2018-05-16 18:53:19 - [MESSAGE][PASSED] - Text '123' is set on object 'Object Repository/Store Request Schedule 1/Page_CMO login/input_txtpassword'

2018-05-16 18:53:19 - [TEST_STEP][PASSED] - delay: Delayed 3 second(s)

2018-05-16 18:53:22 - [MESSAGE][PASSED] - Delayed 3 second(s)

2018-05-16 18:53:22 - [TEST_STEP][PASSED] - click: Object: 'Object Repository/Store Request Schedule 1/Page_CMO login/button_Sign in' is clicked on

2018-05-16 18:53:22 - [MESSAGE][PASSED] - Object: 'Object Repository/Store Request Schedule 1/Page_CMO login/button_Sign in' is clicked on

2018-05-16 18:53:22 - [TEST_STEP][PASSED] - delay: Delayed 2 second(s)

2018-05-16 18:53:24 - [MESSAGE][PASSED] - Delayed 2 second(s)

2018-05-16 18:53:24 - [TEST_STEP][PASSED] - click: Object: 'Object Repository/Store Request Schedule 1/Page_KDMC - CMO/span_Department Wise Request' is clicked on

2018-05-16 18:53:25 - [MESSAGE][PASSED] - Object: 'Object Repository/Store Request Schedule 1/Page_KDMC - CMO/span_Department Wise Request' is clicked on

2018-05-16 18:53:25 - [TEST_STEP][PASSED] - click: Object: 'Object Repository/Store Request Schedule 1/Page_KDMC - CMO/a_CMS Request' is clicked on

2018-05-16 18:53:25 - [MESSAGE][PASSED] - Object: 'Object Repository/Store Request Schedule 1/Page_KDMC - CMO/a_CMS Request' is clicked on

2018-05-16 18:53:25 - [TEST_STEP][PASSED] - click: Object: 'Object Repository/Store Request Schedule 1/Page_KDMC - CMO/a_CMS Request' is clicked on

2018-05-16 18:53:25 - [MESSAGE][PASSED] - Object: 'Object Repository/Store Request Schedule 1/Page_KDMC - CMO/a_CMS Request' is clicked on

2018-05-16 18:53:25 - [TEST_STEP][PASSED] - click: Object: 'Object Repository/Store Request Schedule 1/Page_KDMC - CMO/span_Divisional Store Request' is clicked on

2018-05-16 18:53:26 - [MESSAGE][PASSED] - Object: 'Object Repository/Store Request Schedule 1/Page_KDMC - CMO/span_Divisional Store Request' is clicked on

2018-05-16 18:53:26 - [TEST_STEP][PASSED] - delay: Delayed 2 second(s)

2018-05-16 18:53:28 - [MESSAGE][PASSED] - Delayed 2 second(s)

2018-05-16 18:53:28 - [TEST_STEP][PASSED] - Statement - approval = com.kms.katalon.core.webui.keyword.WebUiBuiltInKeywords.modifyObjectProperty(com.kms.katalon.core.testobject.ObjectRepository.findTestObject(Store Request Schedule 1/Page_KDMC - CMO/input_PRNO050520189), "xpath", "equals", "//*[@id=" + RequestNumberID + "]", true): Modify property of object successfully

2018-05-16 18:53:28 - [MESSAGE][PASSED] - Modify property of object successfully

2018-05-16 18:53:28 - [TEST_STEP][PASSED] - click: Object: 'Object Repository/Store Request Schedule 1/Page_KDMC - CMO/input_PRNO050520189' is clicked on

2018-05-16 18:53:29 - [MESSAGE][PASSED] - Object: 'Object Repository/Store Request Schedule 1/Page_KDMC - CMO/input_PRNO050520189' is clicked on

2018-05-16 18:53:29 - [TEST_STEP][PASSED] - delay: Delayed 2 second(s)

2018-05-16 18:53:31 - [MESSAGE][PASSED] - Delayed 2 second(s)

2018-05-16 18:53:31 - [TEST_STEP][PASSED] - selectOptionByIndex: All options with index in [1] are selected on object 'Object Repository/Store Request Schedule 1/Page_KDMC - CMO/select_--Select--'

2018-05-16 18:53:31 - [MESSAGE][PASSED] - All options with index in [1] are selected on object 'Object Repository/Store Request Schedule 1/Page_KDMC - CMO/select_--Select--'

2018-05-16 18:53:31 - [TEST_STEP][PASSED] - click: Object: 'Object Repository/Store Request Schedule 1/Page_KDMC - CMO/input_btnupdate' is clicked on

2018-05-16 18:53:31 - [MESSAGE][PASSED] - Object: 'Object Repository/Store Request Schedule 1/Page_KDMC - CMO/input_btnupdate' is clicked on

2018-05-16 18:53:31 - [TEST_STEP][PASSED] - delay: Delayed 2 second(s)

2018-05-16 18:53:33 - [MESSAGE][PASSED] - Delayed 2 second(s)

2018-05-16 18:53:33 - [TEST_STEP][PASSED] - click: Object: 'Object Repository/Store Request Schedule 1/Page_KDMC - CMO/button_OK' is clicked on

2018-05-16 18:53:33 - [MESSAGE][PASSED] - Object: 'Object Repository/Store Request Schedule 1/Page_KDMC - CMO/button_OK' is clicked on

2018-05-16 18:53:33 - [TEST_STEP][PASSED] - delay: Delayed 2 second(s)

2018-05-16 18:53:35 - [MESSAGE][PASSED] - Delayed 2 second(s)

2018-05-16 18:53:35 - [TEST_STEP][PASSED] - click: Object: 'Object Repository/Store Request Schedule 1/Page_KDMC - CMO/a_dropdown-toggle' is clicked on

2018-05-16 18:53:35 - [MESSAGE][PASSED] - Object: 'Object Repository/Store Request Schedule 1/Page_KDMC - CMO/a_dropdown-toggle' is clicked on

2018-05-16 18:53:35 - [TEST_STEP][PASSED] - click: Object: 'Object Repository/Store Request Schedule 1/Page_KDMC - CMO/a_Sign out' is clicked on

2018-05-16 18:53:36 - [MESSAGE][PASSED] - Object: 'Object Repository/Store Request Schedule 1/Page_KDMC - CMO/a_Sign out' is clicked on

2018-05-16 18:53:36 - [TEST_STEP][PASSED] - delay: Delayed 3 second(s)

2018-05-16 18:53:39 - [MESSAGE][PASSED] - Delayed 3 second(s)

2018-05-16 18:53:39 - [TEST_STEP][PASSED] - click: Object: 'Object Repository/store Request Schedule 1/Page_KDMC/a_CMS' is clicked on

2018-05-16 18:53:39 - [MESSAGE][PASSED] - Object: 'Object Repository/store Request Schedule 1/Page_KDMC/a_CMS' is clicked on

2018-05-16 18:53:39 - [TEST_STEP][PASSED] - setText: Text 'bala' is set on object 'Object Repository/store Request Schedule 1/Page_CMS login/input_txtusername'

2018-05-16 18:53:39 - [MESSAGE][PASSED] - Text 'bala' is set on object 'Object Repository/store Request Schedule 1/Page_CMS login/input_txtusername'

2018-05-16 18:53:39 - [TEST_STEP][PASSED] - setText: Text '123' is set on object 'Object Repository/store Request Schedule 1/Page_CMS login/input_txtpassword'

2018-05-16 18:53:39 - [MESSAGE][PASSED] - Text '123' is set on object 'Object Repository/store Request Schedule 1/Page_CMS login/input_txtpassword'

2018-05-16 18:53:39 - [TEST_STEP][PASSED] - delay: Delayed 3 second(s)

2018-05-16 18:53:42 - [MESSAGE][PASSED] - Delayed 3 second(s)

2018-05-16 18:53:42 - [TEST_STEP][PASSED] - click: Object: 'Object Repository/store Request Schedule 1/Page_CMS login/button_Sign in' is clicked on

2018-05-16 18:53:43 - [MESSAGE][PASSED] - Object: 'Object Repository/store Request Schedule 1/Page_CMS login/button_Sign in' is clicked on

2018-05-16 18:53:43 - [TEST_STEP][PASSED] - delay: Delayed 2 second(s)

2018-05-16 18:53:45 - [MESSAGE][PASSED] - Delayed 2 second(s)

2018-05-16 18:53:45 - [TEST_STEP][PASSED] - click: Object: 'Object Repository/store Request Schedule 1/Page_KDMC - CMS/a_Divisional Store' is clicked on

2018-05-16 18:53:45 - [MESSAGE][PASSED] - Object: 'Object Repository/store Request Schedule 1/Page_KDMC - CMS/a_Divisional Store' is clicked on

2018-05-16 18:53:45 - [TEST_STEP][PASSED] - delay: Delayed 2 second(s)

2018-05-16 18:53:47 - [MESSAGE][PASSED] - Delayed 2 second(s)

2018-05-16 18:53:47 - [TEST_STEP][PASSED] - click: Object: 'Object Repository/store Request Schedule 1/Page_KDMC - CMS/a_Dispatch Items' is clicked on

2018-05-16 18:53:47 - [MESSAGE][PASSED] - Object: 'Object Repository/store Request Schedule 1/Page_KDMC - CMS/a_Dispatch Items' is clicked on

2018-05-16 18:53:47 - [TEST_STEP][PASSED] - setText: Text 'PRNO/16052018/164' is set on object 'Object Repository/store Request Schedule 1/Page_KDMC - CMS/input'

2018-05-16 18:53:48 - [MESSAGE][PASSED] - Text 'PRNO/16052018/164' is set on object 'Object Repository/store Request Schedule 1/Page_KDMC - CMS/input'

2018-05-16 18:53:48 - [TEST_STEP][PASSED] - click: Object: 'Object Repository/store Request Schedule 1/Page_KDMC - CMS/td_text-center' is clicked on

2018-05-16 18:53:48 - [MESSAGE][PASSED] - Object: 'Object Repository/store Request Schedule 1/Page_KDMC - CMS/td_text-center' is clicked on

2018-05-16 18:53:48 - [TEST_STEP][PASSED] - delay: Delayed 2 second(s)

2018-05-16 18:53:50 - [MESSAGE][PASSED] - Delayed 2 second(s)

2018-05-16 18:53:50 - [TEST_STEP][PASSED] - Statement - For ([row = 0, row < SelectedOptions - 1, (row++)]): null

2018-05-16 18:53:50 - [TEST_STEP][PASSED] - Statement - batchlength = new com.kms.katalon.core.testobject.TestObject(): null

2018-05-16 18:53:50 - [TEST_STEP][PASSED] - Statement - batchlength = com.kms.katalon.core.webui.keyword.WebUiBuiltInKeywords.modifyObjectProperty(batchlength, "xpath", "equals", "//*[@id = "fldvendor" + row + ""]", true): Modify property of object successfully

2018-05-16 18:53:50 - [MESSAGE][PASSED] - Modify property of object successfully

2018-05-16 18:53:50 - [TEST_STEP][PASSED] - Statement - batchsize = com.kms.katalon.core.webui.keyword.WebUiBuiltInKeywords.getNumberOfTotalOption(batchlength): 6 options of object '' counted

2018-05-16 18:53:50 - [MESSAGE][PASSED] - 6 options of object '' counted

2018-05-16 18:53:50 - [TEST_STEP][PASSED] - Statement - out.println("BatchSize : " + batchsize): null

2018-05-16 18:53:50 - [TEST_STEP][PASSED] - Statement - For ([n = 1, n <= batchsize - 1, (n++)]): null

2018-05-16 18:53:50 - [TEST_STEP][PASSED] - Statement - product = new com.kms.katalon.core.testobject.TestObject(): null

2018-05-16 18:53:50 - [TEST_STEP][PASSED] - Statement - product = com.kms.katalon.core.webui.keyword.WebUiBuiltInKeywords.modifyObjectProperty(product, "xpath", "equals", "//*[@id = "fldvendor" + row + ""]", true): Modify property of object successfully

2018-05-16 18:53:50 - [MESSAGE][PASSED] - Modify property of object successfully

2018-05-16 18:53:50 - [TEST_STEP][PASSED] - selectOptionByIndex: All options with index in [1] are selected on object ''

2018-05-16 18:53:50 - [MESSAGE][PASSED] - All options with index in [1] are selected on object ''

2018-05-16 18:53:50 - [TEST_STEP][PASSED] - Statement - batch = new com.kms.katalon.core.testobject.TestObject(): null

2018-05-16 18:53:50 - [TEST_STEP][PASSED] - Statement - batch = com.kms.katalon.core.webui.keyword.WebUiBuiltInKeywords.modifyObjectProperty(batch, "xpath", "equals", "//*[@id = "txtbthqty" + row + ""]", true): Modify property of object successfully

2018-05-16 18:53:50 - [MESSAGE][PASSED] - Modify property of object successfully

2018-05-16 18:53:50 - [TEST_STEP][PASSED] - Statement - batchqty = com.kms.katalon.core.webui.keyword.WebUiBuiltInKeywords.getAttribute(batch, "value").trim(): Attribute 'value' of object '' is: '5000'

2018-05-16 18:53:50 - [MESSAGE][PASSED] - Attribute 'value' of object '' is: '5000'

2018-05-16 18:53:50 - [TEST_STEP][PASSED] - Statement - Rqty = 10000: null

2018-05-16 18:53:50 - [TEST_STEP][PASSED] - delay: Delayed 2 second(s)

2018-05-16 18:53:52 - [MESSAGE][PASSED] - Delayed 2 second(s)

2018-05-16 18:53:52 - [TEST_STEP][PASSED] - Statement - out.println("BatchQty : " + batchqty): null

2018-05-16 18:53:52 - [TEST_STEP][PASSED] - Statement - out.println("RQty : " + Rqty): null

2018-05-16 18:53:52 - [TEST_STEP][PASSED] - Statement - If (java.lang.Integer.valueOf(batchqty) >= java.lang.Integer.valueOf(Rqty)): null

2018-05-16 18:53:52 - [TEST_STEP][PASSED] - Statement - Else: null

2018-05-16 18:53:52 - [TEST_STEP][PASSED] - Statement - out.println("Batchqty Is Less Than Rqty"): null

2018-05-16 18:53:52 - [TEST_STEP][PASSED] - Statement - product = new com.kms.katalon.core.testobject.TestObject(): null

2018-05-16 18:53:52 - [TEST_STEP][PASSED] - Statement - product = com.kms.katalon.core.webui.keyword.WebUiBuiltInKeywords.modifyObjectProperty(product, "xpath", "equals", "//*[@id = "fldvendor" + row + ""]", true): Modify property of object successfully

2018-05-16 18:53:52 - [MESSAGE][PASSED] - Modify property of object successfully

2018-05-16 18:53:52 - [TEST_STEP][PASSED] - selectOptionByIndex: All options with index in [2] are selected on object ''

2018-05-16 18:53:52 - [MESSAGE][PASSED] - All options with index in [2] are selected on object ''

2018-05-16 18:53:52 - [TEST_STEP][PASSED] - Statement - batch = new com.kms.katalon.core.testobject.TestObject(): null

2018-05-16 18:53:52 - [TEST_STEP][PASSED] - Statement - batch = com.kms.katalon.core.webui.keyword.WebUiBuiltInKeywords.modifyObjectProperty(batch, "xpath", "equals", "//*[@id = "txtbthqty" + row + ""]", true): Modify property of object successfully

2018-05-16 18:53:52 - [MESSAGE][PASSED] - Modify property of object successfully

2018-05-16 18:53:52 - [TEST_STEP][PASSED] - Statement - batchqty = com.kms.katalon.core.webui.keyword.WebUiBuiltInKeywords.getAttribute(batch, "value").trim(): Attribute 'value' of object '' is: '2000'

2018-05-16 18:53:52 - [MESSAGE][PASSED] - Attribute 'value' of object '' is: '2000'

2018-05-16 18:53:52 - [TEST_STEP][PASSED] - Statement - Rqty = 10000: null

2018-05-16 18:53:52 - [TEST_STEP][PASSED] - delay: Delayed 2 second(s)

2018-05-16 18:53:54 - [MESSAGE][PASSED] - Delayed 2 second(s)

2018-05-16 18:53:54 - [TEST_STEP][PASSED] - Statement - out.println("BatchQty : " + batchqty): null

2018-05-16 18:53:54 - [TEST_STEP][PASSED] - Statement - out.println("RQty : " + Rqty): null

2018-05-16 18:53:54 - [TEST_STEP][PASSED] - Statement - If (java.lang.Integer.valueOf(batchqty) >= java.lang.Integer.valueOf(Rqty)): null

2018-05-16 18:53:54 - [TEST_STEP][PASSED] - Statement - Else: null

2018-05-16 18:53:54 - [TEST_STEP][PASSED] - Statement - out.println("Batchqty Is Less Than Rqty"): null

2018-05-16 18:53:54 - [TEST_STEP][PASSED] - Statement - product = new com.kms.katalon.core.testobject.TestObject(): null

2018-05-16 18:53:54 - [TEST_STEP][PASSED] - Statement - product = com.kms.katalon.core.webui.keyword.WebUiBuiltInKeywords.modifyObjectProperty(product, "xpath", "equals", "//*[@id = "fldvendor" + row + ""]", true): Modify property of object successfully

2018-05-16 18:53:54 - [MESSAGE][PASSED] - Modify property of object successfully

2018-05-16 18:53:54 - [TEST_STEP][PASSED] - selectOptionByIndex: All options with index in [3] are selected on object ''

2018-05-16 18:53:54 - [MESSAGE][PASSED] - All options with index in [3] are selected on object ''

2018-05-16 18:53:54 - [TEST_STEP][PASSED] - Statement - batch = new com.kms.katalon.core.testobject.TestObject(): null

2018-05-16 18:53:54 - [TEST_STEP][PASSED] - Statement - batch = com.kms.katalon.core.webui.keyword.WebUiBuiltInKeywords.modifyObjectProperty(batch, "xpath", "equals", "//*[@id = "txtbthqty" + row + ""]", true): Modify property of object successfully

2018-05-16 18:53:54 - [MESSAGE][PASSED] - Modify property of object successfully

2018-05-16 18:53:54 - [TEST_STEP][PASSED] - Statement - batchqty = com.kms.katalon.core.webui.keyword.WebUiBuiltInKeywords.getAttribute(batch, "value").trim(): Attribute 'value' of object '' is: '5000'

2018-05-16 18:53:54 - [MESSAGE][PASSED] - Attribute 'value' of object '' is: '5000'

2018-05-16 18:53:54 - [TEST_STEP][PASSED] - Statement - Rqty = 10000: null

2018-05-16 18:53:54 - [TEST_STEP][PASSED] - delay: Delayed 2 second(s)

2018-05-16 18:53:56 - [MESSAGE][PASSED] - Delayed 2 second(s)

2018-05-16 18:53:56 - [TEST_STEP][PASSED] - Statement - out.println("BatchQty : " + batchqty): null

2018-05-16 18:53:56 - [TEST_STEP][PASSED] - Statement - out.println("RQty : " + Rqty): null

2018-05-16 18:53:56 - [TEST_STEP][PASSED] - Statement - If (java.lang.Integer.valueOf(batchqty) >= java.lang.Integer.valueOf(Rqty)): null

2018-05-16 18:53:56 - [TEST_STEP][PASSED] - Statement - Else: null

2018-05-16 18:53:56 - [TEST_STEP][PASSED] - Statement - out.println("Batchqty Is Less Than Rqty"): null

2018-05-16 18:53:56 - [TEST_STEP][PASSED] - Statement - product = new com.kms.katalon.core.testobject.TestObject(): null

2018-05-16 18:53:56 - [TEST_STEP][PASSED] - Statement - product = com.kms.katalon.core.webui.keyword.WebUiBuiltInKeywords.modifyObjectProperty(product, "xpath", "equals", "//*[@id = "fldvendor" + row + ""]", true): Modify property of object successfully

2018-05-16 18:53:56 - [MESSAGE][PASSED] - Modify property of object successfully

2018-05-16 18:53:56 - [TEST_STEP][PASSED] - selectOptionByIndex: All options with index in [4] are selected on object ''

2018-05-16 18:53:56 - [MESSAGE][PASSED] - All options with index in [4] are selected on object ''

2018-05-16 18:53:56 - [TEST_STEP][PASSED] - Statement - batch = new com.kms.katalon.core.testobject.TestObject(): null

2018-05-16 18:53:56 - [TEST_STEP][PASSED] - Statement - batch = com.kms.katalon.core.webui.keyword.WebUiBuiltInKeywords.modifyObjectProperty(batch, "xpath", "equals", "//*[@id = "txtbthqty" + row + ""]", true): Modify property of object successfully

2018-05-16 18:53:56 - [MESSAGE][PASSED] - Modify property of object successfully

2018-05-16 18:53:56 - [TEST_STEP][PASSED] - Statement - batchqty = com.kms.katalon.core.webui.keyword.WebUiBuiltInKeywords.getAttribute(batch, "value").trim(): Attribute 'value' of object '' is: '40000'

2018-05-16 18:53:56 - [MESSAGE][PASSED] - Attribute 'value' of object '' is: '40000'

2018-05-16 18:53:56 - [TEST_STEP][PASSED] - Statement - Rqty = 10000: null

2018-05-16 18:53:56 - [TEST_STEP][PASSED] - delay: Delayed 2 second(s)

2018-05-16 18:53:58 - [MESSAGE][PASSED] - Delayed 2 second(s)

2018-05-16 18:53:58 - [TEST_STEP][PASSED] - Statement - out.println("BatchQty : " + batchqty): null

2018-05-16 18:53:58 - [TEST_STEP][PASSED] - Statement - out.println("RQty : " + Rqty): null

2018-05-16 18:53:58 - [TEST_STEP][PASSED] - Statement - If (java.lang.Integer.valueOf(batchqty) >= java.lang.Integer.valueOf(Rqty)): null

2018-05-16 18:53:58 - [TEST_STEP][PASSED] - Statement - Break: null

2018-05-16 18:53:58 - [TEST_STEP][PASSED] - Statement - batchlength = new com.kms.katalon.core.testobject.TestObject(): null

2018-05-16 18:53:58 - [TEST_STEP][PASSED] - Statement - batchlength = com.kms.katalon.core.webui.keyword.WebUiBuiltInKeywords.modifyObjectProperty(batchlength, "xpath", "equals", "//*[@id = "fldvendor" + row + ""]", true): Modify property of object successfully

2018-05-16 18:53:59 - [MESSAGE][PASSED] - Modify property of object successfully

2018-05-16 18:53:59 - [TEST_STEP][PASSED] - Statement - batchsize = com.kms.katalon.core.webui.keyword.WebUiBuiltInKeywords.getNumberOfTotalOption(batchlength): 6 options of object '' counted

2018-05-16 18:53:59 - [MESSAGE][PASSED] - 6 options of object '' counted

2018-05-16 18:53:59 - [TEST_STEP][PASSED] - Statement - out.println("BatchSize : " + batchsize): null

2018-05-16 18:53:59 - [TEST_STEP][PASSED] - Statement - For ([n = 1, n <= batchsize - 1, (n++)]): null

2018-05-16 18:53:59 - [TEST_STEP][PASSED] - Statement - product = new com.kms.katalon.core.testobject.TestObject(): null

2018-05-16 18:53:59 - [TEST_STEP][PASSED] - Statement - product = com.kms.katalon.core.webui.keyword.WebUiBuiltInKeywords.modifyObjectProperty(product, "xpath", "equals", "//*[@id = "fldvendor" + row + ""]", true): Modify property of object successfully

2018-05-16 18:53:59 - [MESSAGE][PASSED] - Modify property of object successfully

2018-05-16 18:53:59 - [TEST_STEP][PASSED] - selectOptionByIndex: All options with index in [1] are selected on object ''

2018-05-16 18:53:59 - [MESSAGE][PASSED] - All options with index in [1] are selected on object ''

2018-05-16 18:53:59 - [TEST_STEP][PASSED] - Statement - batch = new com.kms.katalon.core.testobject.TestObject(): null

2018-05-16 18:53:59 - [TEST_STEP][PASSED] - Statement - batch = com.kms.katalon.core.webui.keyword.WebUiBuiltInKeywords.modifyObjectProperty(batch, "xpath", "equals", "//*[@id = "txtbthqty" + row + ""]", true): Modify property of object successfully

2018-05-16 18:53:59 - [MESSAGE][PASSED] - Modify property of object successfully

2018-05-16 18:53:59 - [TEST_STEP][PASSED] - Statement - batchqty = com.kms.katalon.core.webui.keyword.WebUiBuiltInKeywords.getAttribute(batch, "value").trim(): Attribute 'value' of object '' is: '4985'

2018-05-16 18:53:59 - [MESSAGE][PASSED] - Attribute 'value' of object '' is: '4985'

2018-05-16 18:53:59 - [TEST_STEP][PASSED] - Statement - Rqty = 10000: null

2018-05-16 18:53:59 - [TEST_STEP][PASSED] - delay: Delayed 2 second(s)

2018-05-16 18:54:01 - [MESSAGE][PASSED] - Delayed 2 second(s)

2018-05-16 18:54:01 - [TEST_STEP][PASSED] - Statement - out.println("BatchQty : " + batchqty): null

2018-05-16 18:54:01 - [TEST_STEP][PASSED] - Statement - out.println("RQty : " + Rqty): null

2018-05-16 18:54:01 - [TEST_STEP][PASSED] - Statement - If (java.lang.Integer.valueOf(batchqty) >= java.lang.Integer.valueOf(Rqty)): null

2018-05-16 18:54:01 - [TEST_STEP][PASSED] - Statement - Else: null

2018-05-16 18:54:01 - [TEST_STEP][PASSED] - Statement - out.println("Batchqty Is Less Than Rqty"): null

2018-05-16 18:54:01 - [TEST_STEP][PASSED] - Statement - product = new com.kms.katalon.core.testobject.TestObject(): null

2018-05-16 18:54:01 - [TEST_STEP][PASSED] - Statement - product = com.kms.katalon.core.webui.keyword.WebUiBuiltInKeywords.modifyObjectProperty(product, "xpath", "equals", "//*[@id = "fldvendor" + row + ""]", true): Modify property of object successfully

2018-05-16 18:54:01 - [MESSAGE][PASSED] - Modify property of object successfully

2018-05-16 18:54:01 - [TEST_STEP][PASSED] - selectOptionByIndex: All options with index in [2] are selected on object ''

2018-05-16 18:54:01 - [MESSAGE][PASSED] - All options with index in [2] are selected on object ''

2018-05-16 18:54:01 - [TEST_STEP][PASSED] - Statement - batch = new com.kms.katalon.core.testobject.TestObject(): null

2018-05-16 18:54:01 - [TEST_STEP][PASSED] - Statement - batch = com.kms.katalon.core.webui.keyword.WebUiBuiltInKeywords.modifyObjectProperty(batch, "xpath", "equals", "//*[@id = "txtbthqty" + row + ""]", true): Modify property of object successfully

2018-05-16 18:54:01 - [MESSAGE][PASSED] - Modify property of object successfully

2018-05-16 18:54:01 - [TEST_STEP][PASSED] - Statement - batchqty = com.kms.katalon.core.webui.keyword.WebUiBuiltInKeywords.getAttribute(batch, "value").trim(): Attribute 'value' of object '' is: '5000'

2018-05-16 18:54:01 - [MESSAGE][PASSED] - Attribute 'value' of object '' is: '5000'

2018-05-16 18:54:01 - [TEST_STEP][PASSED] - Statement - Rqty = 10000: null

2018-05-16 18:54:01 - [TEST_STEP][PASSED] - delay: Delayed 2 second(s)

2018-05-16 18:54:03 - [MESSAGE][PASSED] - Delayed 2 second(s)

2018-05-16 18:54:03 - [TEST_STEP][PASSED] - Statement - out.println("BatchQty : " + batchqty): null

2018-05-16 18:54:03 - [TEST_STEP][PASSED] - Statement - out.println("RQty : " + Rqty): null

2018-05-16 18:54:03 - [TEST_STEP][PASSED] - Statement - If (java.lang.Integer.valueOf(batchqty) >= java.lang.Integer.valueOf(Rqty)): null

2018-05-16 18:54:03 - [TEST_STEP][PASSED] - Statement - Else: null

2018-05-16 18:54:03 - [TEST_STEP][PASSED] - Statement - out.println("Batchqty Is Less Than Rqty"): null

2018-05-16 18:54:03 - [TEST_STEP][PASSED] - Statement - product = new com.kms.katalon.core.testobject.TestObject(): null

2018-05-16 18:54:03 - [TEST_STEP][PASSED] - Statement - product = com.kms.katalon.core.webui.keyword.WebUiBuiltInKeywords.modifyObjectProperty(product, "xpath", "equals", "//*[@id = "fldvendor" + row + ""]", true): Modify property of object successfully

2018-05-16 18:54:03 - [MESSAGE][PASSED] - Modify property of object successfully

2018-05-16 18:54:03 - [TEST_STEP][PASSED] - selectOptionByIndex: All options with index in [3] are selected on object ''

2018-05-16 18:54:03 - [MESSAGE][PASSED] - All options with index in [3] are selected on object ''

2018-05-16 18:54:03 - [TEST_STEP][PASSED] - Statement - batch = new com.kms.katalon.core.testobject.TestObject(): null

2018-05-16 18:54:03 - [TEST_STEP][PASSED] - Statement - batch = com.kms.katalon.core.webui.keyword.WebUiBuiltInKeywords.modifyObjectProperty(batch, "xpath", "equals", "//*[@id = "txtbthqty" + row + ""]", true): Modify property of object successfully

2018-05-16 18:54:03 - [MESSAGE][PASSED] - Modify property of object successfully

2018-05-16 18:54:03 - [TEST_STEP][PASSED] - Statement - batchqty = com.kms.katalon.core.webui.keyword.WebUiBuiltInKeywords.getAttribute(batch, "value").trim(): Attribute 'value' of object '' is: '5000'

2018-05-16 18:54:03 - [MESSAGE][PASSED] - Attribute 'value' of object '' is: '5000'

2018-05-16 18:54:03 - [TEST_STEP][PASSED] - Statement - Rqty = 10000: null

2018-05-16 18:54:03 - [TEST_STEP][PASSED] - delay: Delayed 2 second(s)

2018-05-16 18:54:05 - [MESSAGE][PASSED] - Delayed 2 second(s)

2018-05-16 18:54:05 - [TEST_STEP][PASSED] - Statement - out.println("BatchQty : " + batchqty): null

2018-05-16 18:54:05 - [TEST_STEP][PASSED] - Statement - out.println("RQty : " + Rqty): null

2018-05-16 18:54:05 - [TEST_STEP][PASSED] - Statement - If (java.lang.Integer.valueOf(batchqty) >= java.lang.Integer.valueOf(Rqty)): null

2018-05-16 18:54:05 - [TEST_STEP][PASSED] - Statement - Else: null

2018-05-16 18:54:05 - [TEST_STEP][PASSED] - Statement - out.println("Batchqty Is Less Than Rqty"): null

2018-05-16 18:54:05 - [TEST_STEP][PASSED] - Statement - product = new com.kms.katalon.core.testobject.TestObject(): null

2018-05-16 18:54:05 - [TEST_STEP][PASSED] - Statement - product = com.kms.katalon.core.webui.keyword.WebUiBuiltInKeywords.modifyObjectProperty(product, "xpath", "equals", "//*[@id = "fldvendor" + row + ""]", true): Modify property of object successfully

2018-05-16 18:54:05 - [MESSAGE][PASSED] - Modify property of object successfully

2018-05-16 18:54:05 - [TEST_STEP][PASSED] - selectOptionByIndex: All options with index in [4] are selected on object ''

2018-05-16 18:54:05 - [MESSAGE][PASSED] - All options with index in [4] are selected on object ''

2018-05-16 18:54:05 - [TEST_STEP][PASSED] - Statement - batch = new com.kms.katalon.core.testobject.TestObject(): null

2018-05-16 18:54:05 - [TEST_STEP][PASSED] - Statement - batch = com.kms.katalon.core.webui.keyword.WebUiBuiltInKeywords.modifyObjectProperty(batch, "xpath", "equals", "//*[@id = "txtbthqty" + row + ""]", true): Modify property of object successfully

2018-05-16 18:54:05 - [MESSAGE][PASSED] - Modify property of object successfully

2018-05-16 18:54:05 - [TEST_STEP][PASSED] - Statement - batchqty = com.kms.katalon.core.webui.keyword.WebUiBuiltInKeywords.getAttribute(batch, "value").trim(): Attribute 'value' of object '' is: '2000'

2018-05-16 18:54:05 - [MESSAGE][PASSED] - Attribute 'value' of object '' is: '2000'

2018-05-16 18:54:05 - [TEST_STEP][PASSED] - Statement - Rqty = 10000: null

2018-05-16 18:54:05 - [TEST_STEP][PASSED] - delay: Delayed 2 second(s)

2018-05-16 18:54:07 - [MESSAGE][PASSED] - Delayed 2 second(s)

2018-05-16 18:54:07 - [TEST_STEP][PASSED] - Statement - out.println("BatchQty : " + batchqty): null

2018-05-16 18:54:07 - [TEST_STEP][PASSED] - Statement - out.println("RQty : " + Rqty): null

2018-05-16 18:54:07 - [TEST_STEP][PASSED] - Statement - If (java.lang.Integer.valueOf(batchqty) >= java.lang.Integer.valueOf(Rqty)): null

2018-05-16 18:54:07 - [TEST_STEP][PASSED] - Statement - Else: null

2018-05-16 18:54:07 - [TEST_STEP][PASSED] - Statement - out.println("Batchqty Is Less Than Rqty"): null

2018-05-16 18:54:07 - [TEST_STEP][PASSED] - Statement - product = new com.kms.katalon.core.testobject.TestObject(): null

2018-05-16 18:54:07 - [TEST_STEP][PASSED] - Statement - product = com.kms.katalon.core.webui.keyword.WebUiBuiltInKeywords.modifyObjectProperty(product, "xpath", "equals", "//*[@id = "fldvendor" + row + ""]", true): Modify property of object successfully

2018-05-16 18:54:07 - [MESSAGE][PASSED] - Modify property of object successfully

2018-05-16 18:54:07 - [TEST_STEP][PASSED] - selectOptionByIndex: All options with index in [5] are selected on object ''

2018-05-16 18:54:08 - [MESSAGE][PASSED] - All options with index in [5] are selected on object ''

2018-05-16 18:54:08 - [TEST_STEP][PASSED] - Statement - batch = new com.kms.katalon.core.testobject.TestObject(): null

2018-05-16 18:54:08 - [TEST_STEP][PASSED] - Statement - batch = com.kms.katalon.core.webui.keyword.WebUiBuiltInKeywords.modifyObjectProperty(batch, "xpath", "equals", "//*[@id = "txtbthqty" + row + ""]", true): Modify property of object successfully

2018-05-16 18:54:08 - [MESSAGE][PASSED] - Modify property of object successfully

2018-05-16 18:54:08 - [TEST_STEP][PASSED] - Statement - batchqty = com.kms.katalon.core.webui.keyword.WebUiBuiltInKeywords.getAttribute(batch, "value").trim(): Attribute 'value' of object '' is: '40000'

2018-05-16 18:54:08 - [MESSAGE][PASSED] - Attribute 'value' of object '' is: '40000'

2018-05-16 18:54:08 - [TEST_STEP][PASSED] - Statement - Rqty = 10000: null

2018-05-16 18:54:08 - [TEST_STEP][PASSED] - delay: Delayed 2 second(s)

2018-05-16 18:54:10 - [MESSAGE][PASSED] - Delayed 2 second(s)

2018-05-16 18:54:10 - [TEST_STEP][PASSED] - Statement - out.println("BatchQty : " + batchqty): null

2018-05-16 18:54:10 - [TEST_STEP][PASSED] - Statement - out.println("RQty : " + Rqty): null

2018-05-16 18:54:10 - [TEST_STEP][PASSED] - Statement - If (java.lang.Integer.valueOf(batchqty) >= java.lang.Integer.valueOf(Rqty)): null

2018-05-16 18:54:10 - [TEST_STEP][PASSED] - Statement - Break: null

2018-05-16 18:54:10 - [TEST_STEP][PASSED] - Statement - batchlength = new com.kms.katalon.core.testobject.TestObject(): null

2018-05-16 18:54:10 - [TEST_STEP][PASSED] - Statement - batchlength = com.kms.katalon.core.webui.keyword.WebUiBuiltInKeywords.modifyObjectProperty(batchlength, "xpath", "equals", "//*[@id = "fldvendor" + row + ""]", true): Modify property of object successfully

2018-05-16 18:54:10 - [MESSAGE][PASSED] - Modify property of object successfully

2018-05-16 18:54:10 - [TEST_STEP][PASSED] - Statement - batchsize = com.kms.katalon.core.webui.keyword.WebUiBuiltInKeywords.getNumberOfTotalOption(batchlength): 6 options of object '' counted

2018-05-16 18:54:10 - [MESSAGE][PASSED] - 6 options of object '' counted

2018-05-16 18:54:10 - [TEST_STEP][PASSED] - Statement - out.println("BatchSize : " + batchsize): null

2018-05-16 18:54:10 - [TEST_STEP][PASSED] - Statement - For ([n = 1, n <= batchsize - 1, (n++)]): null

2018-05-16 18:54:10 - [TEST_STEP][PASSED] - Statement - product = new com.kms.katalon.core.testobject.TestObject(): null

2018-05-16 18:54:10 - [TEST_STEP][PASSED] - Statement - product = com.kms.katalon.core.webui.keyword.WebUiBuiltInKeywords.modifyObjectProperty(product, "xpath", "equals", "//*[@id = "fldvendor" + row + ""]", true): Modify property of object successfully

2018-05-16 18:54:10 - [MESSAGE][PASSED] - Modify property of object successfully

2018-05-16 18:54:10 - [TEST_STEP][PASSED] - selectOptionByIndex: All options with index in [1] are selected on object ''

2018-05-16 18:54:10 - [MESSAGE][PASSED] - All options with index in [1] are selected on object ''

2018-05-16 18:54:10 - [TEST_STEP][PASSED] - Statement - batch = new com.kms.katalon.core.testobject.TestObject(): null

2018-05-16 18:54:10 - [TEST_STEP][PASSED] - Statement - batch = com.kms.katalon.core.webui.keyword.WebUiBuiltInKeywords.modifyObjectProperty(batch, "xpath", "equals", "//*[@id = "txtbthqty" + row + ""]", true): Modify property of object successfully

2018-05-16 18:54:10 - [MESSAGE][PASSED] - Modify property of object successfully

2018-05-16 18:54:10 - [TEST_STEP][PASSED] - Statement - batchqty = com.kms.katalon.core.webui.keyword.WebUiBuiltInKeywords.getAttribute(batch, "value").trim(): Attribute 'value' of object '' is: '37000'

2018-05-16 18:54:10 - [MESSAGE][PASSED] - Attribute 'value' of object '' is: '37000'

2018-05-16 18:54:10 - [TEST_STEP][PASSED] - Statement - Rqty = 10000: null

2018-05-16 18:54:10 - [TEST_STEP][PASSED] - delay: Delayed 2 second(s)

2018-05-16 18:54:12 - [MESSAGE][PASSED] - Delayed 2 second(s)

2018-05-16 18:54:12 - [TEST_STEP][PASSED] - Statement - out.println("BatchQty : " + batchqty): null

2018-05-16 18:54:12 - [TEST_STEP][PASSED] - Statement - out.println("RQty : " + Rqty): null

2018-05-16 18:54:12 - [TEST_STEP][PASSED] - Statement - If (java.lang.Integer.valueOf(batchqty) >= java.lang.Integer.valueOf(Rqty)): null

2018-05-16 18:54:12 - [TEST_STEP][PASSED] - Statement - Break: null

2018-05-16 18:54:12 - [TEST_STEP][PASSED] - Statement - batchlength = new com.kms.katalon.core.testobject.TestObject(): null

2018-05-16 18:54:12 - [TEST_STEP][PASSED] - Statement - batchlength = com.kms.katalon.core.webui.keyword.WebUiBuiltInKeywords.modifyObjectProperty(batchlength, "xpath", "equals", "//*[@id = "fldvendor" + row + ""]", true): Modify property of object successfully

2018-05-16 18:54:12 - [MESSAGE][PASSED] - Modify property of object successfully

2018-05-16 18:54:12 - [TEST_STEP][PASSED] - Statement - batchsize = com.kms.katalon.core.webui.keyword.WebUiBuiltInKeywords.getNumberOfTotalOption(batchlength): 6 options of object '' counted

2018-05-16 18:54:12 - [MESSAGE][PASSED] - 6 options of object '' counted

2018-05-16 18:54:12 - [TEST_STEP][PASSED] - Statement - out.println("BatchSize : " + batchsize): null

2018-05-16 18:54:12 - [TEST_STEP][PASSED] - Statement - For ([n = 1, n <= batchsize - 1, (n++)]): null

2018-05-16 18:54:12 - [TEST_STEP][PASSED] - Statement - product = new com.kms.katalon.core.testobject.TestObject(): null

2018-05-16 18:54:12 - [TEST_STEP][PASSED] - Statement - product = com.kms.katalon.core.webui.keyword.WebUiBuiltInKeywords.modifyObjectProperty(product, "xpath", "equals", "//*[@id = "fldvendor" + row + ""]", true): Modify property of object successfully

2018-05-16 18:54:12 - [MESSAGE][PASSED] - Modify property of object successfully

2018-05-16 18:54:12 - [TEST_STEP][PASSED] - selectOptionByIndex: All options with index in [1] are selected on object ''

2018-05-16 18:54:12 - [MESSAGE][PASSED] - All options with index in [1] are selected on object ''

2018-05-16 18:54:12 - [TEST_STEP][PASSED] - Statement - batch = new com.kms.katalon.core.testobject.TestObject(): null

2018-05-16 18:54:12 - [TEST_STEP][PASSED] - Statement - batch = com.kms.katalon.core.webui.keyword.WebUiBuiltInKeywords.modifyObjectProperty(batch, "xpath", "equals", "//*[@id = "txtbthqty" + row + ""]", true): Modify property of object successfully

2018-05-16 18:54:12 - [MESSAGE][PASSED] - Modify property of object successfully

2018-05-16 18:54:12 - [TEST_STEP][PASSED] - Statement - batchqty = com.kms.katalon.core.webui.keyword.WebUiBuiltInKeywords.getAttribute(batch, "value").trim(): Attribute 'value' of object '' is: '38000'

2018-05-16 18:54:12 - [MESSAGE][PASSED] - Attribute 'value' of object '' is: '38000'

2018-05-16 18:54:12 - [TEST_STEP][PASSED] - Statement - Rqty = 10000: null

2018-05-16 18:54:12 - [TEST_STEP][PASSED] - delay: Delayed 2 second(s)

2018-05-16 18:54:14 - [MESSAGE][PASSED] - Delayed 2 second(s)

2018-05-16 18:54:14 - [TEST_STEP][PASSED] - Statement - out.println("BatchQty : " + batchqty): null

2018-05-16 18:54:14 - [TEST_STEP][PASSED] - Statement - out.println("RQty : " + Rqty): null

2018-05-16 18:54:14 - [TEST_STEP][PASSED] - Statement - If (java.lang.Integer.valueOf(batchqty) >= java.lang.Integer.valueOf(Rqty)): null

2018-05-16 18:54:14 - [TEST_STEP][PASSED] - Statement - Break: null

2018-05-16 18:54:14 - [TEST_STEP][PASSED] - Statement - batchlength = new com.kms.katalon.core.testobject.TestObject(): null

2018-05-16 18:54:14 - [TEST_STEP][PASSED] - Statement - batchlength = com.kms.katalon.core.webui.keyword.WebUiBuiltInKeywords.modifyObjectProperty(batchlength, "xpath", "equals", "//*[@id = "fldvendor" + row + ""]", true): Modify property of object successfully

2018-05-16 18:54:14 - [MESSAGE][PASSED] - Modify property of object successfully

2018-05-16 18:54:14 - [TEST_STEP][PASSED] - Statement - batchsize = com.kms.katalon.core.webui.keyword.WebUiBuiltInKeywords.getNumberOfTotalOption(batchlength): 6 options of object '' counted

2018-05-16 18:54:14 - [MESSAGE][PASSED] - 6 options of object '' counted

2018-05-16 18:54:14 - [TEST_STEP][PASSED] - Statement - out.println("BatchSize : " + batchsize): null

2018-05-16 18:54:14 - [TEST_STEP][PASSED] - Statement - For ([n = 1, n <= batchsize - 1, (n++)]): null

2018-05-16 18:54:14 - [TEST_STEP][PASSED] - Statement - product = new com.kms.katalon.core.testobject.TestObject(): null

2018-05-16 18:54:14 - [TEST_STEP][PASSED] - Statement - product = com.kms.katalon.core.webui.keyword.WebUiBuiltInKeywords.modifyObjectProperty(product, "xpath", "equals", "//*[@id = "fldvendor" + row + ""]", true): Modify property of object successfully

2018-05-16 18:54:14 - [MESSAGE][PASSED] - Modify property of object successfully

2018-05-16 18:54:14 - [TEST_STEP][PASSED] - selectOptionByIndex: All options with index in [1] are selected on object ''

2018-05-16 18:54:14 - [MESSAGE][PASSED] - All options with index in [1] are selected on object ''

2018-05-16 18:54:14 - [TEST_STEP][PASSED] - Statement - batch = new com.kms.katalon.core.testobject.TestObject(): null

2018-05-16 18:54:14 - [TEST_STEP][PASSED] - Statement - batch = com.kms.katalon.core.webui.keyword.WebUiBuiltInKeywords.modifyObjectProperty(batch, "xpath", "equals", "//*[@id = "txtbthqty" + row + ""]", true): Modify property of object successfully

2018-05-16 18:54:14 - [MESSAGE][PASSED] - Modify property of object successfully

2018-05-16 18:54:14 - [TEST_STEP][PASSED] - Statement - batchqty = com.kms.katalon.core.webui.keyword.WebUiBuiltInKeywords.getAttribute(batch, "value").trim(): Attribute 'value' of object '' is: '39000'

2018-05-16 18:54:14 - [MESSAGE][PASSED] - Attribute 'value' of object '' is: '39000'

2018-05-16 18:54:14 - [TEST_STEP][PASSED] - Statement - Rqty = 10000: null

2018-05-16 18:54:14 - [TEST_STEP][PASSED] - delay: Delayed 2 second(s)

2018-05-16 18:54:16 - [MESSAGE][PASSED] - Delayed 2 second(s)

2018-05-16 18:54:16 - [TEST_STEP][PASSED] - Statement - out.println("BatchQty : " + batchqty): null

2018-05-16 18:54:16 - [TEST_STEP][PASSED] - Statement - out.println("RQty : " + Rqty): null

2018-05-16 18:54:16 - [TEST_STEP][PASSED] - Statement - If (java.lang.Integer.valueOf(batchqty) >= java.lang.Integer.valueOf(Rqty)): null

2018-05-16 18:54:16 - [TEST_STEP][PASSED] - Statement - Break: null

2018-05-16 18:54:16 - [TEST_STEP][PASSED] - Statement - batchlength = new com.kms.katalon.core.testobject.TestObject(): null

2018-05-16 18:54:16 - [TEST_STEP][PASSED] - Statement - batchlength = com.kms.katalon.core.webui.keyword.WebUiBuiltInKeywords.modifyObjectProperty(batchlength, "xpath", "equals", "//*[@id = "fldvendor" + row + ""]", true): Modify property of object successfully

2018-05-16 18:54:16 - [MESSAGE][PASSED] - Modify property of object successfully

2018-05-16 18:54:16 - [TEST_STEP][PASSED] - Statement - batchsize = com.kms.katalon.core.webui.keyword.WebUiBuiltInKeywords.getNumberOfTotalOption(batchlength): 6 options of object '' counted

2018-05-16 18:54:16 - [MESSAGE][PASSED] - 6 options of object '' counted

2018-05-16 18:54:16 - [TEST_STEP][PASSED] - Statement - out.println("BatchSize : " + batchsize): null

2018-05-16 18:54:16 - [TEST_STEP][PASSED] - Statement - For ([n = 1, n <= batchsize - 1, (n++)]): null

2018-05-16 18:54:16 - [TEST_STEP][PASSED] - Statement - product = new com.kms.katalon.core.testobject.TestObject(): null

2018-05-16 18:54:16 - [TEST_STEP][PASSED] - Statement - product = com.kms.katalon.core.webui.keyword.WebUiBuiltInKeywords.modifyObjectProperty(product, "xpath", "equals", "//*[@id = "fldvendor" + row + ""]", true): Modify property of object successfully

2018-05-16 18:54:16 - [MESSAGE][PASSED] - Modify property of object successfully

2018-05-16 18:54:16 - [TEST_STEP][PASSED] - selectOptionByIndex: All options with index in [1] are selected on object ''

2018-05-16 18:54:17 - [MESSAGE][PASSED] - All options with index in [1] are selected on object ''

2018-05-16 18:54:17 - [TEST_STEP][PASSED] - Statement - batch = new com.kms.katalon.core.testobject.TestObject(): null

2018-05-16 18:54:17 - [TEST_STEP][PASSED] - Statement - batch = com.kms.katalon.core.webui.keyword.WebUiBuiltInKeywords.modifyObjectProperty(batch, "xpath", "equals", "//*[@id = "txtbthqty" + row + ""]", true): Modify property of object successfully

2018-05-16 18:54:17 - [MESSAGE][PASSED] - Modify property of object successfully

2018-05-16 18:54:17 - [TEST_STEP][PASSED] - Statement - batchqty = com.kms.katalon.core.webui.keyword.WebUiBuiltInKeywords.getAttribute(batch, "value").trim(): Attribute 'value' of object '' is: '5000'

2018-05-16 18:54:17 - [MESSAGE][PASSED] - Attribute 'value' of object '' is: '5000'

2018-05-16 18:54:17 - [TEST_STEP][PASSED] - Statement - Rqty = 10000: null

2018-05-16 18:54:17 - [TEST_STEP][PASSED] - delay: Delayed 2 second(s)

2018-05-16 18:54:19 - [MESSAGE][PASSED] - Delayed 2 second(s)

2018-05-16 18:54:19 - [TEST_STEP][PASSED] - Statement - out.println("BatchQty : " + batchqty): null

2018-05-16 18:54:19 - [TEST_STEP][PASSED] - Statement - out.println("RQty : " + Rqty): null

2018-05-16 18:54:19 - [TEST_STEP][PASSED] - Statement - If (java.lang.Integer.valueOf(batchqty) >= java.lang.Integer.valueOf(Rqty)): null

2018-05-16 18:54:19 - [TEST_STEP][PASSED] - Statement - Else: null

2018-05-16 18:54:19 - [TEST_STEP][PASSED] - Statement - out.println("Batchqty Is Less Than Rqty"): null

2018-05-16 18:54:19 - [TEST_STEP][PASSED] - Statement - product = new com.kms.katalon.core.testobject.TestObject(): null

2018-05-16 18:54:19 - [TEST_STEP][PASSED] - Statement - product = com.kms.katalon.core.webui.keyword.WebUiBuiltInKeywords.modifyObjectProperty(product, "xpath", "equals", "//*[@id = "fldvendor" + row + ""]", true): Modify property of object successfully

2018-05-16 18:54:19 - [MESSAGE][PASSED] - Modify property of object successfully

2018-05-16 18:54:19 - [TEST_STEP][PASSED] - selectOptionByIndex: All options with index in [2] are selected on object ''

2018-05-16 18:54:19 - [MESSAGE][PASSED] - All options with index in [2] are selected on object ''

2018-05-16 18:54:19 - [TEST_STEP][PASSED] - Statement - batch = new com.kms.katalon.core.testobject.TestObject(): null

2018-05-16 18:54:19 - [TEST_STEP][PASSED] - Statement - batch = com.kms.katalon.core.webui.keyword.WebUiBuiltInKeywords.modifyObjectProperty(batch, "xpath", "equals", "//*[@id = "txtbthqty" + row + ""]", true): Modify property of object successfully

2018-05-16 18:54:19 - [MESSAGE][PASSED] - Modify property of object successfully

2018-05-16 18:54:19 - [TEST_STEP][PASSED] - Statement - batchqty = com.kms.katalon.core.webui.keyword.WebUiBuiltInKeywords.getAttribute(batch, "value").trim(): Attribute 'value' of object '' is: '5000'

2018-05-16 18:54:19 - [MESSAGE][PASSED] - Attribute 'value' of object '' is: '5000'

2018-05-16 18:54:19 - [TEST_STEP][PASSED] - Statement - Rqty = 10000: null

2018-05-16 18:54:19 - [TEST_STEP][PASSED] - delay: Delayed 2 second(s)

2018-05-16 18:54:21 - [MESSAGE][PASSED] - Delayed 2 second(s)

2018-05-16 18:54:21 - [TEST_STEP][PASSED] - Statement - out.println("BatchQty : " + batchqty): null

2018-05-16 18:54:21 - [TEST_STEP][PASSED] - Statement - out.println("RQty : " + Rqty): null

2018-05-16 18:54:21 - [TEST_STEP][PASSED] - Statement - If (java.lang.Integer.valueOf(batchqty) >= java.lang.Integer.valueOf(Rqty)): null

2018-05-16 18:54:21 - [TEST_STEP][PASSED] - Statement - Else: null

2018-05-16 18:54:21 - [TEST_STEP][PASSED] - Statement - out.println("Batchqty Is Less Than Rqty"): null

2018-05-16 18:54:21 - [TEST_STEP][PASSED] - Statement - product = new com.kms.katalon.core.testobject.TestObject(): null

2018-05-16 18:54:21 - [TEST_STEP][PASSED] - Statement - product = com.kms.katalon.core.webui.keyword.WebUiBuiltInKeywords.modifyObjectProperty(product, "xpath", "equals", "//*[@id = "fldvendor" + row + ""]", true): Modify property of object successfully

2018-05-16 18:54:21 - [MESSAGE][PASSED] - Modify property of object successfully

2018-05-16 18:54:21 - [TEST_STEP][PASSED] - selectOptionByIndex: All options with index in [3] are selected on object ''

2018-05-16 18:54:21 - [MESSAGE][PASSED] - All options with index in [3] are selected on object ''

2018-05-16 18:54:21 - [TEST_STEP][PASSED] - Statement - batch = new com.kms.katalon.core.testobject.TestObject(): null

2018-05-16 18:54:21 - [TEST_STEP][PASSED] - Statement - batch = com.kms.katalon.core.webui.keyword.WebUiBuiltInKeywords.modifyObjectProperty(batch, "xpath", "equals", "//*[@id = "txtbthqty" + row + ""]", true): Modify property of object successfully

2018-05-16 18:54:21 - [MESSAGE][PASSED] - Modify property of object successfully

2018-05-16 18:54:21 - [TEST_STEP][PASSED] - Statement - batchqty = com.kms.katalon.core.webui.keyword.WebUiBuiltInKeywords.getAttribute(batch, "value").trim(): Attribute 'value' of object '' is: '4000'

2018-05-16 18:54:21 - [MESSAGE][PASSED] - Attribute 'value' of object '' is: '4000'

2018-05-16 18:54:21 - [TEST_STEP][PASSED] - Statement - Rqty = 10000: null

2018-05-16 18:54:21 - [TEST_STEP][PASSED] - delay: Delayed 2 second(s)

2018-05-16 18:54:23 - [MESSAGE][PASSED] - Delayed 2 second(s)

2018-05-16 18:54:23 - [TEST_STEP][PASSED] - Statement - out.println("BatchQty : " + batchqty): null

2018-05-16 18:54:23 - [TEST_STEP][PASSED] - Statement - out.println("RQty : " + Rqty): null

2018-05-16 18:54:23 - [TEST_STEP][PASSED] - Statement - If (java.lang.Integer.valueOf(batchqty) >= java.lang.Integer.valueOf(Rqty)): null

2018-05-16 18:54:23 - [TEST_STEP][PASSED] - Statement - Else: null

2018-05-16 18:54:23 - [TEST_STEP][PASSED] - Statement - out.println("Batchqty Is Less Than Rqty"): null

2018-05-16 18:54:23 - [TEST_STEP][PASSED] - Statement - product = new com.kms.katalon.core.testobject.TestObject(): null

2018-05-16 18:54:23 - [TEST_STEP][PASSED] - Statement - product = com.kms.katalon.core.webui.keyword.WebUiBuiltInKeywords.modifyObjectProperty(product, "xpath", "equals", "//*[@id = "fldvendor" + row + ""]", true): Modify property of object successfully

2018-05-16 18:54:23 - [MESSAGE][PASSED] - Modify property of object successfully

2018-05-16 18:54:23 - [TEST_STEP][PASSED] - selectOptionByIndex: All options with index in [4] are selected on object ''

2018-05-16 18:54:23 - [MESSAGE][PASSED] - All options with index in [4] are selected on object ''

2018-05-16 18:54:23 - [TEST_STEP][PASSED] - Statement - batch = new com.kms.katalon.core.testobject.TestObject(): null

2018-05-16 18:54:23 - [TEST_STEP][PASSED] - Statement - batch = com.kms.katalon.core.webui.keyword.WebUiBuiltInKeywords.modifyObjectProperty(batch, "xpath", "equals", "//*[@id = "txtbthqty" + row + ""]", true): Modify property of object successfully

2018-05-16 18:54:23 - [MESSAGE][PASSED] - Modify property of object successfully

2018-05-16 18:54:23 - [TEST_STEP][PASSED] - Statement - batchqty = com.kms.katalon.core.webui.keyword.WebUiBuiltInKeywords.getAttribute(batch, "value").trim(): Attribute 'value' of object '' is: '40000'

2018-05-16 18:54:23 - [MESSAGE][PASSED] - Attribute 'value' of object '' is: '40000'

2018-05-16 18:54:23 - [TEST_STEP][PASSED] - Statement - Rqty = 10000: null

2018-05-16 18:54:23 - [TEST_STEP][PASSED] - delay: Delayed 2 second(s)

2018-05-16 18:54:25 - [MESSAGE][PASSED] - Delayed 2 second(s)

2018-05-16 18:54:25 - [TEST_STEP][PASSED] - Statement - out.println("BatchQty : " + batchqty): null

2018-05-16 18:54:25 - [TEST_STEP][PASSED] - Statement - out.println("RQty : " + Rqty): null

2018-05-16 18:54:25 - [TEST_STEP][PASSED] - Statement - If (java.lang.Integer.valueOf(batchqty) >= java.lang.Integer.valueOf(Rqty)): null

2018-05-16 18:54:25 - [TEST_STEP][PASSED] - Statement - Break: null

2018-05-16 18:54:25 - [TEST_STEP][PASSED] - Statement - batchlength = new com.kms.katalon.core.testobject.TestObject(): null

2018-05-16 18:54:25 - [TEST_STEP][PASSED] - Statement - batchlength = com.kms.katalon.core.webui.keyword.WebUiBuiltInKeywords.modifyObjectProperty(batchlength, "xpath", "equals", "//*[@id = "fldvendor" + row + ""]", true): Modify property of object successfully

2018-05-16 18:54:25 - [MESSAGE][PASSED] - Modify property of object successfully

2018-05-16 18:54:25 - [TEST_STEP][PASSED] - Statement - batchsize = com.kms.katalon.core.webui.keyword.WebUiBuiltInKeywords.getNumberOfTotalOption(batchlength): 6 options of object '' counted

2018-05-16 18:54:25 - [MESSAGE][PASSED] - 6 options of object '' counted

2018-05-16 18:54:25 - [TEST_STEP][PASSED] - Statement - out.println("BatchSize : " + batchsize): null

2018-05-16 18:54:25 - [TEST_STEP][PASSED] - Statement - For ([n = 1, n <= batchsize - 1, (n++)]): null

2018-05-16 18:54:25 - [TEST_STEP][PASSED] - Statement - product = new com.kms.katalon.core.testobject.TestObject(): null

2018-05-16 18:54:25 - [TEST_STEP][PASSED] - Statement - product = com.kms.katalon.core.webui.keyword.WebUiBuiltInKeywords.modifyObjectProperty(product, "xpath", "equals", "//*[@id = "fldvendor" + row + ""]", true): Modify property of object successfully

2018-05-16 18:54:25 - [MESSAGE][PASSED] - Modify property of object successfully

2018-05-16 18:54:25 - [TEST_STEP][PASSED] - selectOptionByIndex: All options with index in [1] are selected on object ''

2018-05-16 18:54:25 - [MESSAGE][PASSED] - All options with index in [1] are selected on object ''

2018-05-16 18:54:25 - [TEST_STEP][PASSED] - Statement - batch = new com.kms.katalon.core.testobject.TestObject(): null

2018-05-16 18:54:25 - [TEST_STEP][PASSED] - Statement - batch = com.kms.katalon.core.webui.keyword.WebUiBuiltInKeywords.modifyObjectProperty(batch, "xpath", "equals", "//*[@id = "txtbthqty" + row + ""]", true): Modify property of object successfully

2018-05-16 18:54:25 - [MESSAGE][PASSED] - Modify property of object successfully

2018-05-16 18:54:25 - [TEST_STEP][PASSED] - Statement - batchqty = com.kms.katalon.core.webui.keyword.WebUiBuiltInKeywords.getAttribute(batch, "value").trim(): Attribute 'value' of object '' is: '4000'

2018-05-16 18:54:25 - [MESSAGE][PASSED] - Attribute 'value' of object '' is: '4000'

2018-05-16 18:54:25 - [TEST_STEP][PASSED] - Statement - Rqty = 10000: null

2018-05-16 18:54:25 - [TEST_STEP][PASSED] - delay: Delayed 2 second(s)

2018-05-16 18:54:27 - [MESSAGE][PASSED] - Delayed 2 second(s)

2018-05-16 18:54:27 - [TEST_STEP][PASSED] - Statement - out.println("BatchQty : " + batchqty): null

2018-05-16 18:54:27 - [TEST_STEP][PASSED] - Statement - out.println("RQty : " + Rqty): null

2018-05-16 18:54:27 - [TEST_STEP][PASSED] - Statement - If (java.lang.Integer.valueOf(batchqty) >= java.lang.Integer.valueOf(Rqty)): null

2018-05-16 18:54:27 - [TEST_STEP][PASSED] - Statement - Else: null

2018-05-16 18:54:27 - [TEST_STEP][PASSED] - Statement - out.println("Batchqty Is Less Than Rqty"): null

2018-05-16 18:54:27 - [TEST_STEP][PASSED] - Statement - product = new com.kms.katalon.core.testobject.TestObject(): null

2018-05-16 18:54:27 - [TEST_STEP][PASSED] - Statement - product = com.kms.katalon.core.webui.keyword.WebUiBuiltInKeywords.modifyObjectProperty(product, "xpath", "equals", "//*[@id = "fldvendor" + row + ""]", true): Modify property of object successfully

2018-05-16 18:54:27 - [MESSAGE][PASSED] - Modify property of object successfully

2018-05-16 18:54:27 - [TEST_STEP][PASSED] - selectOptionByIndex: All options with index in [2] are selected on object ''

2018-05-16 18:54:28 - [MESSAGE][PASSED] - All options with index in [2] are selected on object ''

2018-05-16 18:54:28 - [TEST_STEP][PASSED] - Statement - batch = new com.kms.katalon.core.testobject.TestObject(): null

2018-05-16 18:54:28 - [TEST_STEP][PASSED] - Statement - batch = com.kms.katalon.core.webui.keyword.WebUiBuiltInKeywords.modifyObjectProperty(batch, "xpath", "equals", "//*[@id = "txtbthqty" + row + ""]", true): Modify property of object successfully

2018-05-16 18:54:28 - [MESSAGE][PASSED] - Modify property of object successfully

2018-05-16 18:54:28 - [TEST_STEP][PASSED] - Statement - batchqty = com.kms.katalon.core.webui.keyword.WebUiBuiltInKeywords.getAttribute(batch, "value").trim(): Attribute 'value' of object '' is: '5000'

2018-05-16 18:54:28 - [MESSAGE][PASSED] - Attribute 'value' of object '' is: '5000'

2018-05-16 18:54:28 - [TEST_STEP][PASSED] - Statement - Rqty = 10000: null

2018-05-16 18:54:28 - [TEST_STEP][PASSED] - delay: Delayed 2 second(s)

2018-05-16 18:54:30 - [MESSAGE][PASSED] - Delayed 2 second(s)

2018-05-16 18:54:30 - [TEST_STEP][PASSED] - Statement - out.println("BatchQty : " + batchqty): null

2018-05-16 18:54:30 - [TEST_STEP][PASSED] - Statement - out.println("RQty : " + Rqty): null

2018-05-16 18:54:30 - [TEST_STEP][PASSED] - Statement - If (java.lang.Integer.valueOf(batchqty) >= java.lang.Integer.valueOf(Rqty)): null

2018-05-16 18:54:30 - [TEST_STEP][PASSED] - Statement - Else: null

2018-05-16 18:54:30 - [TEST_STEP][PASSED] - Statement - out.println("Batchqty Is Less Than Rqty"): null

2018-05-16 18:54:30 - [TEST_STEP][PASSED] - Statement - product = new com.kms.katalon.core.testobject.TestObject(): null

2018-05-16 18:54:30 - [TEST_STEP][PASSED] - Statement - product = com.kms.katalon.core.webui.keyword.WebUiBuiltInKeywords.modifyObjectProperty(product, "xpath", "equals", "//*[@id = "fldvendor" + row + ""]", true): Modify property of object successfully

2018-05-16 18:54:30 - [MESSAGE][PASSED] - Modify property of object successfully

2018-05-16 18:54:30 - [TEST_STEP][PASSED] - selectOptionByIndex: All options with index in [3] are selected on object ''

2018-05-16 18:54:30 - [MESSAGE][PASSED] - All options with index in [3] are selected on object ''

2018-05-16 18:54:30 - [TEST_STEP][PASSED] - Statement - batch = new com.kms.katalon.core.testobject.TestObject(): null

2018-05-16 18:54:30 - [TEST_STEP][PASSED] - Statement - batch = com.kms.katalon.core.webui.keyword.WebUiBuiltInKeywords.modifyObjectProperty(batch, "xpath", "equals", "//*[@id = "txtbthqty" + row + ""]", true): Modify property of object successfully

2018-05-16 18:54:30 - [MESSAGE][PASSED] - Modify property of object successfully

2018-05-16 18:54:30 - [TEST_STEP][PASSED] - Statement - batchqty = com.kms.katalon.core.webui.keyword.WebUiBuiltInKeywords.getAttribute(batch, "value").trim(): Attribute 'value' of object '' is: '5000'

2018-05-16 18:54:30 - [MESSAGE][PASSED] - Attribute 'value' of object '' is: '5000'

2018-05-16 18:54:30 - [TEST_STEP][PASSED] - Statement - Rqty = 10000: null

2018-05-16 18:54:30 - [TEST_STEP][PASSED] - delay: Delayed 2 second(s)

2018-05-16 18:54:32 - [MESSAGE][PASSED] - Delayed 2 second(s)

2018-05-16 18:54:32 - [TEST_STEP][PASSED] - Statement - out.println("BatchQty : " + batchqty): null

2018-05-16 18:54:32 - [TEST_STEP][PASSED] - Statement - out.println("RQty : " + Rqty): null

2018-05-16 18:54:32 - [TEST_STEP][PASSED] - Statement - If (java.lang.Integer.valueOf(batchqty) >= java.lang.Integer.valueOf(Rqty)): null

2018-05-16 18:54:32 - [TEST_STEP][PASSED] - Statement - Else: null

2018-05-16 18:54:32 - [TEST_STEP][PASSED] - Statement - out.println("Batchqty Is Less Than Rqty"): null

2018-05-16 18:54:32 - [TEST_STEP][PASSED] - Statement - product = new com.kms.katalon.core.testobject.TestObject(): null

2018-05-16 18:54:32 - [TEST_STEP][PASSED] - Statement - product = com.kms.katalon.core.webui.keyword.WebUiBuiltInKeywords.modifyObjectProperty(product, "xpath", "equals", "//*[@id = "fldvendor" + row + ""]", true): Modify property of object successfully

2018-05-16 18:54:32 - [MESSAGE][PASSED] - Modify property of object successfully

2018-05-16 18:54:32 - [TEST_STEP][PASSED] - selectOptionByIndex: All options with index in [4] are selected on object ''

2018-05-16 18:54:32 - [MESSAGE][PASSED] - All options with index in [4] are selected on object ''

2018-05-16 18:54:32 - [TEST_STEP][PASSED] - Statement - batch = new com.kms.katalon.core.testobject.TestObject(): null

2018-05-16 18:54:32 - [TEST_STEP][PASSED] - Statement - batch = com.kms.katalon.core.webui.keyword.WebUiBuiltInKeywords.modifyObjectProperty(batch, "xpath", "equals", "//*[@id = "txtbthqty" + row + ""]", true): Modify property of object successfully

2018-05-16 18:54:32 - [MESSAGE][PASSED] - Modify property of object successfully

2018-05-16 18:54:32 - [TEST_STEP][PASSED] - Statement - batchqty = com.kms.katalon.core.webui.keyword.WebUiBuiltInKeywords.getAttribute(batch, "value").trim(): Attribute 'value' of object '' is: '40000'

2018-05-16 18:54:32 - [MESSAGE][PASSED] - Attribute 'value' of object '' is: '40000'

2018-05-16 18:54:32 - [TEST_STEP][PASSED] - Statement - Rqty = 10000: null

2018-05-16 18:54:32 - [TEST_STEP][PASSED] - delay: Delayed 2 second(s)

2018-05-16 18:54:34 - [MESSAGE][PASSED] - Delayed 2 second(s)

2018-05-16 18:54:34 - [TEST_STEP][PASSED] - Statement - out.println("BatchQty : " + batchqty): null

2018-05-16 18:54:34 - [TEST_STEP][PASSED] - Statement - out.println("RQty : " + Rqty): null

2018-05-16 18:54:34 - [TEST_STEP][PASSED] - Statement - If (java.lang.Integer.valueOf(batchqty) >= java.lang.Integer.valueOf(Rqty)): null

2018-05-16 18:54:34 - [TEST_STEP][PASSED] - Statement - Break: null

2018-05-16 18:54:34 - [TEST_STEP][PASSED] - Statement - batchlength = new com.kms.katalon.core.testobject.TestObject(): null

2018-05-16 18:54:34 - [TEST_STEP][PASSED] - Statement - batchlength = com.kms.katalon.core.webui.keyword.WebUiBuiltInKeywords.modifyObjectProperty(batchlength, "xpath", "equals", "//*[@id = "fldvendor" + row + ""]", true): Modify property of object successfully

2018-05-16 18:54:34 - [MESSAGE][PASSED] - Modify property of object successfully

2018-05-16 18:54:34 - [TEST_STEP][PASSED] - Statement - batchsize = com.kms.katalon.core.webui.keyword.WebUiBuiltInKeywords.getNumberOfTotalOption(batchlength): 6 options of object '' counted

2018-05-16 18:54:34 - [MESSAGE][PASSED] - 6 options of object '' counted

2018-05-16 18:54:34 - [TEST_STEP][PASSED] - Statement - out.println("BatchSize : " + batchsize): null

2018-05-16 18:54:34 - [TEST_STEP][PASSED] - Statement - For ([n = 1, n <= batchsize - 1, (n++)]): null

2018-05-16 18:54:34 - [TEST_STEP][PASSED] - Statement - product = new com.kms.katalon.core.testobject.TestObject(): null

2018-05-16 18:54:34 - [TEST_STEP][PASSED] - Statement - product = com.kms.katalon.core.webui.keyword.WebUiBuiltInKeywords.modifyObjectProperty(product, "xpath", "equals", "//*[@id = "fldvendor" + row + ""]", true): Modify property of object successfully

2018-05-16 18:54:34 - [MESSAGE][PASSED] - Modify property of object successfully

2018-05-16 18:54:34 - [TEST_STEP][PASSED] - selectOptionByIndex: All options with index in [1] are selected on object ''

2018-05-16 18:54:34 - [MESSAGE][PASSED] - All options with index in [1] are selected on object ''

2018-05-16 18:54:34 - [TEST_STEP][PASSED] - Statement - batch = new com.kms.katalon.core.testobject.TestObject(): null

2018-05-16 18:54:34 - [TEST_STEP][PASSED] - Statement - batch = com.kms.katalon.core.webui.keyword.WebUiBuiltInKeywords.modifyObjectProperty(batch, "xpath", "equals", "//*[@id = "txtbthqty" + row + ""]", true): Modify property of object successfully

2018-05-16 18:54:34 - [MESSAGE][PASSED] - Modify property of object successfully

2018-05-16 18:54:34 - [TEST_STEP][PASSED] - Statement - batchqty = com.kms.katalon.core.webui.keyword.WebUiBuiltInKeywords.getAttribute(batch, "value").trim(): Attribute 'value' of object '' is: '39000'

2018-05-16 18:54:34 - [MESSAGE][PASSED] - Attribute 'value' of object '' is: '39000'

2018-05-16 18:54:34 - [TEST_STEP][PASSED] - Statement - Rqty = 10000: null

2018-05-16 18:54:34 - [TEST_STEP][PASSED] - delay: Delayed 2 second(s)

2018-05-16 18:54:36 - [MESSAGE][PASSED] - Delayed 2 second(s)

2018-05-16 18:54:36 - [TEST_STEP][PASSED] - Statement - out.println("BatchQty : " + batchqty): null

2018-05-16 18:54:36 - [TEST_STEP][PASSED] - Statement - out.println("RQty : " + Rqty): null

2018-05-16 18:54:36 - [TEST_STEP][PASSED] - Statement - If (java.lang.Integer.valueOf(batchqty) >= java.lang.Integer.valueOf(Rqty)): null

2018-05-16 18:54:36 - [TEST_STEP][PASSED] - Statement - Break: null

2018-05-16 18:54:36 - [TEST_STEP][PASSED] - Statement - batchlength = new com.kms.katalon.core.testobject.TestObject(): null

2018-05-16 18:54:36 - [TEST_STEP][PASSED] - Statement - batchlength = com.kms.katalon.core.webui.keyword.WebUiBuiltInKeywords.modifyObjectProperty(batchlength, "xpath", "equals", "//*[@id = "fldvendor" + row + ""]", true): Modify property of object successfully

2018-05-16 18:54:36 - [MESSAGE][PASSED] - Modify property of object successfully

2018-05-16 18:54:36 - [TEST_STEP][PASSED] - Statement - batchsize = com.kms.katalon.core.webui.keyword.WebUiBuiltInKeywords.getNumberOfTotalOption(batchlength): 6 options of object '' counted

2018-05-16 18:54:36 - [MESSAGE][PASSED] - 6 options of object '' counted

2018-05-16 18:54:36 - [TEST_STEP][PASSED] - Statement - out.println("BatchSize : " + batchsize): null

2018-05-16 18:54:36 - [TEST_STEP][PASSED] - Statement - For ([n = 1, n <= batchsize - 1, (n++)]): null

2018-05-16 18:54:36 - [TEST_STEP][PASSED] - Statement - product = new com.kms.katalon.core.testobject.TestObject(): null

2018-05-16 18:54:36 - [TEST_STEP][PASSED] - Statement - product = com.kms.katalon.core.webui.keyword.WebUiBuiltInKeywords.modifyObjectProperty(product, "xpath", "equals", "//*[@id = "fldvendor" + row + ""]", true): Modify property of object successfully

2018-05-16 18:54:36 - [MESSAGE][PASSED] - Modify property of object successfully

2018-05-16 18:54:36 - [TEST_STEP][PASSED] - selectOptionByIndex: All options with index in [1] are selected on object ''

2018-05-16 18:54:36 - [MESSAGE][PASSED] - All options with index in [1] are selected on object ''

2018-05-16 18:54:36 - [TEST_STEP][PASSED] - Statement - batch = new com.kms.katalon.core.testobject.TestObject(): null

2018-05-16 18:54:36 - [TEST_STEP][PASSED] - Statement - batch = com.kms.katalon.core.webui.keyword.WebUiBuiltInKeywords.modifyObjectProperty(batch, "xpath", "equals", "//*[@id = "txtbthqty" + row + ""]", true): Modify property of object successfully

2018-05-16 18:54:37 - [MESSAGE][PASSED] - Modify property of object successfully

2018-05-16 18:54:37 - [TEST_STEP][PASSED] - Statement - batchqty = com.kms.katalon.core.webui.keyword.WebUiBuiltInKeywords.getAttribute(batch, "value").trim(): Attribute 'value' of object '' is: '5000'

2018-05-16 18:54:37 - [MESSAGE][PASSED] - Attribute 'value' of object '' is: '5000'

2018-05-16 18:54:37 - [TEST_STEP][PASSED] - Statement - Rqty = 10000: null

2018-05-16 18:54:37 - [TEST_STEP][PASSED] - delay: Delayed 2 second(s)

2018-05-16 18:54:39 - [MESSAGE][PASSED] - Delayed 2 second(s)

2018-05-16 18:54:39 - [TEST_STEP][PASSED] - Statement - out.println("BatchQty : " + batchqty): null

2018-05-16 18:54:39 - [TEST_STEP][PASSED] - Statement - out.println("RQty : " + Rqty): null

2018-05-16 18:54:39 - [TEST_STEP][PASSED] - Statement - If (java.lang.Integer.valueOf(batchqty) >= java.lang.Integer.valueOf(Rqty)): null

2018-05-16 18:54:39 - [TEST_STEP][PASSED] - Statement - Else: null

2018-05-16 18:54:39 - [TEST_STEP][PASSED] - Statement - out.println("Batchqty Is Less Than Rqty"): null

2018-05-16 18:54:39 - [TEST_STEP][PASSED] - Statement - product = new com.kms.katalon.core.testobject.TestObject(): null

2018-05-16 18:54:39 - [TEST_STEP][PASSED] - Statement - product = com.kms.katalon.core.webui.keyword.WebUiBuiltInKeywords.modifyObjectProperty(product, "xpath", "equals", "//*[@id = "fldvendor" + row + ""]", true): Modify property of object successfully

2018-05-16 18:54:39 - [MESSAGE][PASSED] - Modify property of object successfully

2018-05-16 18:54:39 - [TEST_STEP][PASSED] - selectOptionByIndex: All options with index in [2] are selected on object ''

2018-05-16 18:54:39 - [MESSAGE][PASSED] - All options with index in [2] are selected on object ''

2018-05-16 18:54:39 - [TEST_STEP][PASSED] - Statement - batch = new com.kms.katalon.core.testobject.TestObject(): null

2018-05-16 18:54:39 - [TEST_STEP][PASSED] - Statement - batch = com.kms.katalon.core.webui.keyword.WebUiBuiltInKeywords.modifyObjectProperty(batch, "xpath", "equals", "//*[@id = "txtbthqty" + row + ""]", true): Modify property of object successfully

2018-05-16 18:54:39 - [MESSAGE][PASSED] - Modify property of object successfully

2018-05-16 18:54:39 - [TEST_STEP][PASSED] - Statement - batchqty = com.kms.katalon.core.webui.keyword.WebUiBuiltInKeywords.getAttribute(batch, "value").trim(): Attribute 'value' of object '' is: '5000'

2018-05-16 18:54:39 - [MESSAGE][PASSED] - Attribute 'value' of object '' is: '5000'

2018-05-16 18:54:39 - [TEST_STEP][PASSED] - Statement - Rqty = 10000: null

2018-05-16 18:54:39 - [TEST_STEP][PASSED] - delay: Delayed 2 second(s)

2018-05-16 18:54:41 - [MESSAGE][PASSED] - Delayed 2 second(s)

2018-05-16 18:54:41 - [TEST_STEP][PASSED] - Statement - out.println("BatchQty : " + batchqty): null

2018-05-16 18:54:41 - [TEST_STEP][PASSED] - Statement - out.println("RQty : " + Rqty): null

2018-05-16 18:54:41 - [TEST_STEP][PASSED] - Statement - If (java.lang.Integer.valueOf(batchqty) >= java.lang.Integer.valueOf(Rqty)): null

2018-05-16 18:54:41 - [TEST_STEP][PASSED] - Statement - Else: null

2018-05-16 18:54:41 - [TEST_STEP][PASSED] - Statement - out.println("Batchqty Is Less Than Rqty"): null

2018-05-16 18:54:41 - [TEST_STEP][PASSED] - Statement - product = new com.kms.katalon.core.testobject.TestObject(): null

2018-05-16 18:54:41 - [TEST_STEP][PASSED] - Statement - product = com.kms.katalon.core.webui.keyword.WebUiBuiltInKeywords.modifyObjectProperty(product, "xpath", "equals", "//*[@id = "fldvendor" + row + ""]", true): Modify property of object successfully

2018-05-16 18:54:41 - [MESSAGE][PASSED] - Modify property of object successfully

2018-05-16 18:54:41 - [TEST_STEP][PASSED] - selectOptionByIndex: All options with index in [3] are selected on object ''

2018-05-16 18:54:41 - [MESSAGE][PASSED] - All options with index in [3] are selected on object ''

2018-05-16 18:54:41 - [TEST_STEP][PASSED] - Statement - batch = new com.kms.katalon.core.testobject.TestObject(): null

2018-05-16 18:54:41 - [TEST_STEP][PASSED] - Statement - batch = com.kms.katalon.core.webui.keyword.WebUiBuiltInKeywords.modifyObjectProperty(batch, "xpath", "equals", "//*[@id = "txtbthqty" + row + ""]", true): Modify property of object successfully

2018-05-16 18:54:41 - [MESSAGE][PASSED] - Modify property of object successfully

2018-05-16 18:54:41 - [TEST_STEP][PASSED] - Statement - batchqty = com.kms.katalon.core.webui.keyword.WebUiBuiltInKeywords.getAttribute(batch, "value").trim(): Attribute 'value' of object '' is: '4000'

2018-05-16 18:54:41 - [MESSAGE][PASSED] - Attribute 'value' of object '' is: '4000'

2018-05-16 18:54:41 - [TEST_STEP][PASSED] - Statement - Rqty = 10000: null

2018-05-16 18:54:41 - [TEST_STEP][PASSED] - delay: Delayed 2 second(s)

2018-05-16 18:54:43 - [MESSAGE][PASSED] - Delayed 2 second(s)

2018-05-16 18:54:43 - [TEST_STEP][PASSED] - Statement - out.println("BatchQty : " + batchqty): null

2018-05-16 18:54:43 - [TEST_STEP][PASSED] - Statement - out.println("RQty : " + Rqty): null

2018-05-16 18:54:43 - [TEST_STEP][PASSED] - Statement - If (java.lang.Integer.valueOf(batchqty) >= java.lang.Integer.valueOf(Rqty)): null

2018-05-16 18:54:43 - [TEST_STEP][PASSED] - Statement - Else: null

2018-05-16 18:54:43 - [TEST_STEP][PASSED] - Statement - out.println("Batchqty Is Less Than Rqty"): null

2018-05-16 18:54:43 - [TEST_STEP][PASSED] - Statement - product = new com.kms.katalon.core.testobject.TestObject(): null

2018-05-16 18:54:43 - [TEST_STEP][PASSED] - Statement - product = com.kms.katalon.core.webui.keyword.WebUiBuiltInKeywords.modifyObjectProperty(product, "xpath", "equals", "//*[@id = "fldvendor" + row + ""]", true): Modify property of object successfully

2018-05-16 18:54:43 - [MESSAGE][PASSED] - Modify property of object successfully

2018-05-16 18:54:43 - [TEST_STEP][PASSED] - selectOptionByIndex: All options with index in [4] are selected on object ''

2018-05-16 18:54:43 - [MESSAGE][PASSED] - All options with index in [4] are selected on object ''

2018-05-16 18:54:43 - [TEST_STEP][PASSED] - Statement - batch = new com.kms.katalon.core.testobject.TestObject(): null

2018-05-16 18:54:43 - [TEST_STEP][PASSED] - Statement - batch = com.kms.katalon.core.webui.keyword.WebUiBuiltInKeywords.modifyObjectProperty(batch, "xpath", "equals", "//*[@id = "txtbthqty" + row + ""]", true): Modify property of object successfully

2018-05-16 18:54:43 - [MESSAGE][PASSED] - Modify property of object successfully

2018-05-16 18:54:43 - [TEST_STEP][PASSED] - Statement - batchqty = com.kms.katalon.core.webui.keyword.WebUiBuiltInKeywords.getAttribute(batch, "value").trim(): Attribute 'value' of object '' is: '40000'

2018-05-16 18:54:43 - [MESSAGE][PASSED] - Attribute 'value' of object '' is: '40000'

2018-05-16 18:54:43 - [TEST_STEP][PASSED] - Statement - Rqty = 10000: null

2018-05-16 18:54:43 - [TEST_STEP][PASSED] - delay: Delayed 2 second(s)

2018-05-16 18:54:45 - [MESSAGE][PASSED] - Delayed 2 second(s)

2018-05-16 18:54:45 - [TEST_STEP][PASSED] - Statement - out.println("BatchQty : " + batchqty): null

2018-05-16 18:54:45 - [TEST_STEP][PASSED] - Statement - out.println("RQty : " + Rqty): null

2018-05-16 18:54:45 - [TEST_STEP][PASSED] - Statement - If (java.lang.Integer.valueOf(batchqty) >= java.lang.Integer.valueOf(Rqty)): null

2018-05-16 18:54:45 - [TEST_STEP][PASSED] - Statement - Break: null

2018-05-16 18:54:45 - [TEST_STEP][PASSED] - Statement - batchlength = new com.kms.katalon.core.testobject.TestObject(): null

2018-05-16 18:54:45 - [TEST_STEP][PASSED] - Statement - batchlength = com.kms.katalon.core.webui.keyword.WebUiBuiltInKeywords.modifyObjectProperty(batchlength, "xpath", "equals", "//*[@id = "fldvendor" + row + ""]", true): Modify property of object successfully

2018-05-16 18:54:45 - [MESSAGE][PASSED] - Modify property of object successfully

2018-05-16 18:54:45 - [TEST_STEP][PASSED] - Statement - batchsize = com.kms.katalon.core.webui.keyword.WebUiBuiltInKeywords.getNumberOfTotalOption(batchlength): 6 options of object '' counted

2018-05-16 18:54:45 - [MESSAGE][PASSED] - 6 options of object '' counted

2018-05-16 18:54:45 - [TEST_STEP][PASSED] - Statement - out.println("BatchSize : " + batchsize): null

2018-05-16 18:54:45 - [TEST_STEP][PASSED] - Statement - For ([n = 1, n <= batchsize - 1, (n++)]): null

2018-05-16 18:54:45 - [TEST_STEP][PASSED] - Statement - product = new com.kms.katalon.core.testobject.TestObject(): null

2018-05-16 18:54:45 - [TEST_STEP][PASSED] - Statement - product = com.kms.katalon.core.webui.keyword.WebUiBuiltInKeywords.modifyObjectProperty(product, "xpath", "equals", "//*[@id = "fldvendor" + row + ""]", true): Modify property of object successfully

2018-05-16 18:54:45 - [MESSAGE][PASSED] - Modify property of object successfully

2018-05-16 18:54:45 - [TEST_STEP][PASSED] - selectOptionByIndex: All options with index in [1] are selected on object ''

2018-05-16 18:54:45 - [MESSAGE][PASSED] - All options with index in [1] are selected on object ''

2018-05-16 18:54:45 - [TEST_STEP][PASSED] - Statement - batch = new com.kms.katalon.core.testobject.TestObject(): null

2018-05-16 18:54:45 - [TEST_STEP][PASSED] - Statement - batch = com.kms.katalon.core.webui.keyword.WebUiBuiltInKeywords.modifyObjectProperty(batch, "xpath", "equals", "//*[@id = "txtbthqty" + row + ""]", true): Modify property of object successfully

2018-05-16 18:54:45 - [MESSAGE][PASSED] - Modify property of object successfully

2018-05-16 18:54:45 - [TEST_STEP][PASSED] - Statement - batchqty = com.kms.katalon.core.webui.keyword.WebUiBuiltInKeywords.getAttribute(batch, "value").trim(): Attribute 'value' of object '' is: '39000'

2018-05-16 18:54:45 - [MESSAGE][PASSED] - Attribute 'value' of object '' is: '39000'

2018-05-16 18:54:45 - [TEST_STEP][PASSED] - Statement - Rqty = 10000: null

2018-05-16 18:54:45 - [TEST_STEP][PASSED] - delay: Delayed 2 second(s)

2018-05-16 18:54:47 - [MESSAGE][PASSED] - Delayed 2 second(s)

2018-05-16 18:54:47 - [TEST_STEP][PASSED] - Statement - out.println("BatchQty : " + batchqty): null

2018-05-16 18:54:47 - [TEST_STEP][PASSED] - Statement - out.println("RQty : " + Rqty): null

2018-05-16 18:54:47 - [TEST_STEP][PASSED] - Statement - If (java.lang.Integer.valueOf(batchqty) >= java.lang.Integer.valueOf(Rqty)): null

2018-05-16 18:54:47 - [TEST_STEP][PASSED] - Statement - Break: null

2018-05-16 18:54:47 - [TEST_STEP][PASSED] - Statement - batchlength = new com.kms.katalon.core.testobject.TestObject(): null

2018-05-16 18:54:47 - [TEST_STEP][PASSED] - Statement - batchlength = com.kms.katalon.core.webui.keyword.WebUiBuiltInKeywords.modifyObjectProperty(batchlength, "xpath", "equals", "//*[@id = "fldvendor" + row + ""]", true): Modify property of object successfully

2018-05-16 18:54:47 - [MESSAGE][PASSED] - Modify property of object successfully

2018-05-16 18:54:47 - [TEST_STEP][PASSED] - Statement - batchsize = com.kms.katalon.core.webui.keyword.WebUiBuiltInKeywords.getNumberOfTotalOption(batchlength): 6 options of object '' counted

2018-05-16 18:54:47 - [MESSAGE][PASSED] - 6 options of object '' counted

2018-05-16 18:54:47 - [TEST_STEP][PASSED] - Statement - out.println("BatchSize : " + batchsize): null

2018-05-16 18:54:47 - [TEST_STEP][PASSED] - Statement - For ([n = 1, n <= batchsize - 1, (n++)]): null

2018-05-16 18:54:47 - [TEST_STEP][PASSED] - Statement - product = new com.kms.katalon.core.testobject.TestObject(): null

2018-05-16 18:54:47 - [TEST_STEP][PASSED] - Statement - product = com.kms.katalon.core.webui.keyword.WebUiBuiltInKeywords.modifyObjectProperty(product, "xpath", "equals", "//*[@id = "fldvendor" + row + ""]", true): Modify property of object successfully

2018-05-16 18:54:47 - [MESSAGE][PASSED] - Modify property of object successfully

2018-05-16 18:54:47 - [TEST_STEP][PASSED] - selectOptionByIndex: All options with index in [1] are selected on object ''

2018-05-16 18:54:48 - [MESSAGE][PASSED] - All options with index in [1] are selected on object ''

2018-05-16 18:54:48 - [TEST_STEP][PASSED] - Statement - batch = new com.kms.katalon.core.testobject.TestObject(): null

2018-05-16 18:54:48 - [TEST_STEP][PASSED] - Statement - batch = com.kms.katalon.core.webui.keyword.WebUiBuiltInKeywords.modifyObjectProperty(batch, "xpath", "equals", "//*[@id = "txtbthqty" + row + ""]", true): Modify property of object successfully

2018-05-16 18:54:48 - [MESSAGE][PASSED] - Modify property of object successfully

2018-05-16 18:54:48 - [TEST_STEP][PASSED] - Statement - batchqty = com.kms.katalon.core.webui.keyword.WebUiBuiltInKeywords.getAttribute(batch, "value").trim(): Attribute 'value' of object '' is: '5000'

2018-05-16 18:54:48 - [MESSAGE][PASSED] - Attribute 'value' of object '' is: '5000'

2018-05-16 18:54:48 - [TEST_STEP][PASSED] - Statement - Rqty = 10000: null

2018-05-16 18:54:48 - [TEST_STEP][PASSED] - delay: Delayed 2 second(s)

2018-05-16 18:54:50 - [MESSAGE][PASSED] - Delayed 2 second(s)

2018-05-16 18:54:50 - [TEST_STEP][PASSED] - Statement - out.println("BatchQty : " + batchqty): null

2018-05-16 18:54:50 - [TEST_STEP][PASSED] - Statement - out.println("RQty : " + Rqty): null

2018-05-16 18:54:50 - [TEST_STEP][PASSED] - Statement - If (java.lang.Integer.valueOf(batchqty) >= java.lang.Integer.valueOf(Rqty)): null

2018-05-16 18:54:50 - [TEST_STEP][PASSED] - Statement - Else: null

2018-05-16 18:54:50 - [TEST_STEP][PASSED] - Statement - out.println("Batchqty Is Less Than Rqty"): null

2018-05-16 18:54:50 - [TEST_STEP][PASSED] - Statement - product = new com.kms.katalon.core.testobject.TestObject(): null

2018-05-16 18:54:50 - [TEST_STEP][PASSED] - Statement - product = com.kms.katalon.core.webui.keyword.WebUiBuiltInKeywords.modifyObjectProperty(product, "xpath", "equals", "//*[@id = "fldvendor" + row + ""]", true): Modify property of object successfully

2018-05-16 18:54:50 - [MESSAGE][PASSED] - Modify property of object successfully

2018-05-16 18:54:50 - [TEST_STEP][PASSED] - selectOptionByIndex: All options with index in [2] are selected on object ''

2018-05-16 18:54:50 - [MESSAGE][PASSED] - All options with index in [2] are selected on object ''

2018-05-16 18:54:50 - [TEST_STEP][PASSED] - Statement - batch = new com.kms.katalon.core.testobject.TestObject(): null

2018-05-16 18:54:50 - [TEST_STEP][PASSED] - Statement - batch = com.kms.katalon.core.webui.keyword.WebUiBuiltInKeywords.modifyObjectProperty(batch, "xpath", "equals", "//*[@id = "txtbthqty" + row + ""]", true): Modify property of object successfully

2018-05-16 18:54:50 - [MESSAGE][PASSED] - Modify property of object successfully

2018-05-16 18:54:50 - [TEST_STEP][PASSED] - Statement - batchqty = com.kms.katalon.core.webui.keyword.WebUiBuiltInKeywords.getAttribute(batch, "value").trim(): Attribute 'value' of object '' is: '38850'

2018-05-16 18:54:50 - [MESSAGE][PASSED] - Attribute 'value' of object '' is: '38850'

2018-05-16 18:54:50 - [TEST_STEP][PASSED] - Statement - Rqty = 10000: null

2018-05-16 18:54:50 - [TEST_STEP][PASSED] - delay: Delayed 2 second(s)

2018-05-16 18:54:52 - [MESSAGE][PASSED] - Delayed 2 second(s)

2018-05-16 18:54:52 - [TEST_STEP][PASSED] - Statement - out.println("BatchQty : " + batchqty): null

2018-05-16 18:54:52 - [TEST_STEP][PASSED] - Statement - out.println("RQty : " + Rqty): null

2018-05-16 18:54:52 - [TEST_STEP][PASSED] - Statement - If (java.lang.Integer.valueOf(batchqty) >= java.lang.Integer.valueOf(Rqty)): null

2018-05-16 18:54:52 - [TEST_STEP][PASSED] - Statement - Break: null

2018-05-16 18:54:52 - [TEST_STEP][PASSED] - Statement - batchlength = new com.kms.katalon.core.testobject.TestObject(): null

2018-05-16 18:54:52 - [TEST_STEP][PASSED] - Statement - batchlength = com.kms.katalon.core.webui.keyword.WebUiBuiltInKeywords.modifyObjectProperty(batchlength, "xpath", "equals", "//*[@id = "fldvendor" + row + ""]", true): Modify property of object successfully

2018-05-16 18:54:52 - [MESSAGE][PASSED] - Modify property of object successfully

2018-05-16 18:54:52 - [TEST_STEP][PASSED] - Statement - batchsize = com.kms.katalon.core.webui.keyword.WebUiBuiltInKeywords.getNumberOfTotalOption(batchlength): 6 options of object '' counted

2018-05-16 18:54:52 - [MESSAGE][PASSED] - 6 options of object '' counted

2018-05-16 18:54:52 - [TEST_STEP][PASSED] - Statement - out.println("BatchSize : " + batchsize): null

2018-05-16 18:54:52 - [TEST_STEP][PASSED] - Statement - For ([n = 1, n <= batchsize - 1, (n++)]): null

2018-05-16 18:54:52 - [TEST_STEP][PASSED] - Statement - product = new com.kms.katalon.core.testobject.TestObject(): null

2018-05-16 18:54:52 - [TEST_STEP][PASSED] - Statement - product = com.kms.katalon.core.webui.keyword.WebUiBuiltInKeywords.modifyObjectProperty(product, "xpath", "equals", "//*[@id = "fldvendor" + row + ""]", true): Modify property of object successfully

2018-05-16 18:54:52 - [MESSAGE][PASSED] - Modify property of object successfully

2018-05-16 18:54:52 - [TEST_STEP][PASSED] - selectOptionByIndex: All options with index in [1] are selected on object ''

2018-05-16 18:54:52 - [MESSAGE][PASSED] - All options with index in [1] are selected on object ''

2018-05-16 18:54:52 - [TEST_STEP][PASSED] - Statement - batch = new com.kms.katalon.core.testobject.TestObject(): null

2018-05-16 18:54:52 - [TEST_STEP][PASSED] - Statement - batch = com.kms.katalon.core.webui.keyword.WebUiBuiltInKeywords.modifyObjectProperty(batch, "xpath", "equals", "//*[@id = "txtbthqty" + row + ""]", true): Modify property of object successfully

2018-05-16 18:54:52 - [MESSAGE][PASSED] - Modify property of object successfully

2018-05-16 18:54:52 - [TEST_STEP][PASSED] - Statement - batchqty = com.kms.katalon.core.webui.keyword.WebUiBuiltInKeywords.getAttribute(batch, "value").trim(): Attribute 'value' of object '' is: '39000'

2018-05-16 18:54:52 - [MESSAGE][PASSED] - Attribute 'value' of object '' is: '39000'

2018-05-16 18:54:52 - [TEST_STEP][PASSED] - Statement - Rqty = 10000: null

2018-05-16 18:54:52 - [TEST_STEP][PASSED] - delay: Delayed 2 second(s)

2018-05-16 18:54:54 - [MESSAGE][PASSED] - Delayed 2 second(s)

2018-05-16 18:54:54 - [TEST_STEP][PASSED] - Statement - out.println("BatchQty : " + batchqty): null

2018-05-16 18:54:54 - [TEST_STEP][PASSED] - Statement - out.println("RQty : " + Rqty): null

2018-05-16 18:54:54 - [TEST_STEP][PASSED] - Statement - If (java.lang.Integer.valueOf(batchqty) >= java.lang.Integer.valueOf(Rqty)): null

2018-05-16 18:54:54 - [TEST_STEP][PASSED] - Statement - Break: null

2018-05-16 18:54:54 - [TEST_STEP][PASSED] - Statement - batchlength = new com.kms.katalon.core.testobject.TestObject(): null

2018-05-16 18:54:54 - [TEST_STEP][PASSED] - Statement - batchlength = com.kms.katalon.core.webui.keyword.WebUiBuiltInKeywords.modifyObjectProperty(batchlength, "xpath", "equals", "//*[@id = "fldvendor" + row + ""]", true): Modify property of object successfully

2018-05-16 18:54:54 - [MESSAGE][PASSED] - Modify property of object successfully

2018-05-16 18:54:54 - [TEST_STEP][PASSED] - Statement - batchsize = com.kms.katalon.core.webui.keyword.WebUiBuiltInKeywords.getNumberOfTotalOption(batchlength): 6 options of object '' counted

2018-05-16 18:54:54 - [MESSAGE][PASSED] - 6 options of object '' counted

2018-05-16 18:54:54 - [TEST_STEP][PASSED] - Statement - out.println("BatchSize : " + batchsize): null

2018-05-16 18:54:54 - [TEST_STEP][PASSED] - Statement - For ([n = 1, n <= batchsize - 1, (n++)]): null

2018-05-16 18:54:54 - [TEST_STEP][PASSED] - Statement - product = new com.kms.katalon.core.testobject.TestObject(): null

2018-05-16 18:54:54 - [TEST_STEP][PASSED] - Statement - product = com.kms.katalon.core.webui.keyword.WebUiBuiltInKeywords.modifyObjectProperty(product, "xpath", "equals", "//*[@id = "fldvendor" + row + ""]", true): Modify property of object successfully

2018-05-16 18:54:54 - [MESSAGE][PASSED] - Modify property of object successfully

2018-05-16 18:54:54 - [TEST_STEP][PASSED] - selectOptionByIndex: All options with index in [1] are selected on object ''

2018-05-16 18:54:54 - [MESSAGE][PASSED] - All options with index in [1] are selected on object ''

2018-05-16 18:54:54 - [TEST_STEP][PASSED] - Statement - batch = new com.kms.katalon.core.testobject.TestObject(): null

2018-05-16 18:54:54 - [TEST_STEP][PASSED] - Statement - batch = com.kms.katalon.core.webui.keyword.WebUiBuiltInKeywords.modifyObjectProperty(batch, "xpath", "equals", "//*[@id = "txtbthqty" + row + ""]", true): Modify property of object successfully

2018-05-16 18:54:54 - [MESSAGE][PASSED] - Modify property of object successfully

2018-05-16 18:54:54 - [TEST_STEP][PASSED] - Statement - batchqty = com.kms.katalon.core.webui.keyword.WebUiBuiltInKeywords.getAttribute(batch, "value").trim(): Attribute 'value' of object '' is: '5000'

2018-05-16 18:54:54 - [MESSAGE][PASSED] - Attribute 'value' of object '' is: '5000'

2018-05-16 18:54:54 - [TEST_STEP][PASSED] - Statement - Rqty = 10000: null

2018-05-16 18:54:54 - [TEST_STEP][PASSED] - delay: Delayed 2 second(s)

2018-05-16 18:54:56 - [MESSAGE][PASSED] - Delayed 2 second(s)

2018-05-16 18:54:56 - [TEST_STEP][PASSED] - Statement - out.println("BatchQty : " + batchqty): null

2018-05-16 18:54:56 - [TEST_STEP][PASSED] - Statement - out.println("RQty : " + Rqty): null

2018-05-16 18:54:56 - [TEST_STEP][PASSED] - Statement - If (java.lang.Integer.valueOf(batchqty) >= java.lang.Integer.valueOf(Rqty)): null

2018-05-16 18:54:56 - [TEST_STEP][PASSED] - Statement - Else: null

2018-05-16 18:54:56 - [TEST_STEP][PASSED] - Statement - out.println("Batchqty Is Less Than Rqty"): null

2018-05-16 18:54:56 - [TEST_STEP][PASSED] - Statement - product = new com.kms.katalon.core.testobject.TestObject(): null

2018-05-16 18:54:56 - [TEST_STEP][PASSED] - Statement - product = com.kms.katalon.core.webui.keyword.WebUiBuiltInKeywords.modifyObjectProperty(product, "xpath", "equals", "//*[@id = "fldvendor" + row + ""]", true): Modify property of object successfully

2018-05-16 18:54:56 - [MESSAGE][PASSED] - Modify property of object successfully

2018-05-16 18:54:56 - [TEST_STEP][PASSED] - selectOptionByIndex: All options with index in [2] are selected on object ''

2018-05-16 18:54:57 - [MESSAGE][PASSED] - All options with index in [2] are selected on object ''

2018-05-16 18:54:57 - [TEST_STEP][PASSED] - Statement - batch = new com.kms.katalon.core.testobject.TestObject(): null

2018-05-16 18:54:57 - [TEST_STEP][PASSED] - Statement - batch = com.kms.katalon.core.webui.keyword.WebUiBuiltInKeywords.modifyObjectProperty(batch, "xpath", "equals", "//*[@id = "txtbthqty" + row + ""]", true): Modify property of object successfully

2018-05-16 18:54:57 - [MESSAGE][PASSED] - Modify property of object successfully

2018-05-16 18:54:57 - [TEST_STEP][PASSED] - Statement - batchqty = com.kms.katalon.core.webui.keyword.WebUiBuiltInKeywords.getAttribute(batch, "value").trim(): Attribute 'value' of object '' is: '5000'

2018-05-16 18:54:57 - [MESSAGE][PASSED] - Attribute 'value' of object '' is: '5000'

2018-05-16 18:54:57 - [TEST_STEP][PASSED] - Statement - Rqty = 10000: null

2018-05-16 18:54:57 - [TEST_STEP][PASSED] - delay: Delayed 2 second(s)

2018-05-16 18:54:59 - [MESSAGE][PASSED] - Delayed 2 second(s)

2018-05-16 18:54:59 - [TEST_STEP][PASSED] - Statement - out.println("BatchQty : " + batchqty): null

2018-05-16 18:54:59 - [TEST_STEP][PASSED] - Statement - out.println("RQty : " + Rqty): null

2018-05-16 18:54:59 - [TEST_STEP][PASSED] - Statement - If (java.lang.Integer.valueOf(batchqty) >= java.lang.Integer.valueOf(Rqty)): null

2018-05-16 18:54:59 - [TEST_STEP][PASSED] - Statement - Else: null

2018-05-16 18:54:59 - [TEST_STEP][PASSED] - Statement - out.println("Batchqty Is Less Than Rqty"): null

2018-05-16 18:54:59 - [TEST_STEP][PASSED] - Statement - product = new com.kms.katalon.core.testobject.TestObject(): null

2018-05-16 18:54:59 - [TEST_STEP][PASSED] - Statement - product = com.kms.katalon.core.webui.keyword.WebUiBuiltInKeywords.modifyObjectProperty(product, "xpath", "equals", "//*[@id = "fldvendor" + row + ""]", true): Modify property of object successfully

2018-05-16 18:54:59 - [MESSAGE][PASSED] - Modify property of object successfully

2018-05-16 18:54:59 - [TEST_STEP][PASSED] - selectOptionByIndex: All options with index in [3] are selected on object ''

2018-05-16 18:54:59 - [MESSAGE][PASSED] - All options with index in [3] are selected on object ''

2018-05-16 18:54:59 - [TEST_STEP][PASSED] - Statement - batch = new com.kms.katalon.core.testobject.TestObject(): null

2018-05-16 18:54:59 - [TEST_STEP][PASSED] - Statement - batch = com.kms.katalon.core.webui.keyword.WebUiBuiltInKeywords.modifyObjectProperty(batch, "xpath", "equals", "//*[@id = "txtbthqty" + row + ""]", true): Modify property of object successfully

2018-05-16 18:54:59 - [MESSAGE][PASSED] - Modify property of object successfully

2018-05-16 18:54:59 - [TEST_STEP][PASSED] - Statement - batchqty = com.kms.katalon.core.webui.keyword.WebUiBuiltInKeywords.getAttribute(batch, "value").trim(): Attribute 'value' of object '' is: '5000'

2018-05-16 18:54:59 - [MESSAGE][PASSED] - Attribute 'value' of object '' is: '5000'

2018-05-16 18:54:59 - [TEST_STEP][PASSED] - Statement - Rqty = 10000: null

2018-05-16 18:54:59 - [TEST_STEP][PASSED] - delay: Delayed 2 second(s)

2018-05-16 18:55:01 - [MESSAGE][PASSED] - Delayed 2 second(s)

2018-05-16 18:55:01 - [TEST_STEP][PASSED] - Statement - out.println("BatchQty : " + batchqty): null

2018-05-16 18:55:01 - [TEST_STEP][PASSED] - Statement - out.println("RQty : " + Rqty): null

2018-05-16 18:55:01 - [TEST_STEP][PASSED] - Statement - If (java.lang.Integer.valueOf(batchqty) >= java.lang.Integer.valueOf(Rqty)): null

2018-05-16 18:55:01 - [TEST_STEP][PASSED] - Statement - Else: null

2018-05-16 18:55:01 - [TEST_STEP][PASSED] - Statement - out.println("Batchqty Is Less Than Rqty"): null

2018-05-16 18:55:01 - [TEST_STEP][PASSED] - Statement - product = new com.kms.katalon.core.testobject.TestObject(): null

2018-05-16 18:55:01 - [TEST_STEP][PASSED] - Statement - product = com.kms.katalon.core.webui.keyword.WebUiBuiltInKeywords.modifyObjectProperty(product, "xpath", "equals", "//*[@id = "fldvendor" + row + ""]", true): Modify property of object successfully

2018-05-16 18:55:01 - [MESSAGE][PASSED] - Modify property of object successfully

2018-05-16 18:55:01 - [TEST_STEP][PASSED] - selectOptionByIndex: All options with index in [4] are selected on object ''

2018-05-16 18:55:01 - [MESSAGE][PASSED] - All options with index in [4] are selected on object ''

2018-05-16 18:55:01 - [TEST_STEP][PASSED] - Statement - batch = new com.kms.katalon.core.testobject.TestObject(): null

2018-05-16 18:55:01 - [TEST_STEP][PASSED] - Statement - batch = com.kms.katalon.core.webui.keyword.WebUiBuiltInKeywords.modifyObjectProperty(batch, "xpath", "equals", "//*[@id = "txtbthqty" + row + ""]", true): Modify property of object successfully

2018-05-16 18:55:01 - [MESSAGE][PASSED] - Modify property of object successfully

2018-05-16 18:55:01 - [TEST_STEP][PASSED] - Statement - batchqty = com.kms.katalon.core.webui.keyword.WebUiBuiltInKeywords.getAttribute(batch, "value").trim(): Attribute 'value' of object '' is: '39000'

2018-05-16 18:55:01 - [MESSAGE][PASSED] - Attribute 'value' of object '' is: '39000'

2018-05-16 18:55:01 - [TEST_STEP][PASSED] - Statement - Rqty = 10000: null

2018-05-16 18:55:01 - [TEST_STEP][PASSED] - delay: Delayed 2 second(s)

2018-05-16 18:55:03 - [MESSAGE][PASSED] - Delayed 2 second(s)

2018-05-16 18:55:03 - [TEST_STEP][PASSED] - Statement - out.println("BatchQty : " + batchqty): null

2018-05-16 18:55:03 - [TEST_STEP][PASSED] - Statement - out.println("RQty : " + Rqty): null

2018-05-16 18:55:03 - [TEST_STEP][PASSED] - Statement - If (java.lang.Integer.valueOf(batchqty) >= java.lang.Integer.valueOf(Rqty)): null

2018-05-16 18:55:03 - [TEST_STEP][PASSED] - Statement - Break: null

2018-05-16 18:55:03 - [TEST_STEP][PASSED] - Statement - batchlength = new com.kms.katalon.core.testobject.TestObject(): null

2018-05-16 18:55:03 - [TEST_STEP][PASSED] - Statement - batchlength = com.kms.katalon.core.webui.keyword.WebUiBuiltInKeywords.modifyObjectProperty(batchlength, "xpath", "equals", "//*[@id = "fldvendor" + row + ""]", true): Modify property of object successfully

2018-05-16 18:55:03 - [MESSAGE][PASSED] - Modify property of object successfully

2018-05-16 18:55:03 - [TEST_STEP][PASSED] - Statement - batchsize = com.kms.katalon.core.webui.keyword.WebUiBuiltInKeywords.getNumberOfTotalOption(batchlength): 6 options of object '' counted

2018-05-16 18:55:03 - [MESSAGE][PASSED] - 6 options of object '' counted

2018-05-16 18:55:03 - [TEST_STEP][PASSED] - Statement - out.println("BatchSize : " + batchsize): null

2018-05-16 18:55:03 - [TEST_STEP][PASSED] - Statement - For ([n = 1, n <= batchsize - 1, (n++)]): null

2018-05-16 18:55:03 - [TEST_STEP][PASSED] - Statement - product = new com.kms.katalon.core.testobject.TestObject(): null

2018-05-16 18:55:03 - [TEST_STEP][PASSED] - Statement - product = com.kms.katalon.core.webui.keyword.WebUiBuiltInKeywords.modifyObjectProperty(product, "xpath", "equals", "//*[@id = "fldvendor" + row + ""]", true): Modify property of object successfully

2018-05-16 18:55:03 - [MESSAGE][PASSED] - Modify property of object successfully

2018-05-16 18:55:03 - [TEST_STEP][PASSED] - selectOptionByIndex: All options with index in [1] are selected on object ''

2018-05-16 18:55:03 - [MESSAGE][PASSED] - All options with index in [1] are selected on object ''

2018-05-16 18:55:03 - [TEST_STEP][PASSED] - Statement - batch = new com.kms.katalon.core.testobject.TestObject(): null

2018-05-16 18:55:03 - [TEST_STEP][PASSED] - Statement - batch = com.kms.katalon.core.webui.keyword.WebUiBuiltInKeywords.modifyObjectProperty(batch, "xpath", "equals", "//*[@id = "txtbthqty" + row + ""]", true): Modify property of object successfully

2018-05-16 18:55:03 - [MESSAGE][PASSED] - Modify property of object successfully

2018-05-16 18:55:03 - [TEST_STEP][PASSED] - Statement - batchqty = com.kms.katalon.core.webui.keyword.WebUiBuiltInKeywords.getAttribute(batch, "value").trim(): Attribute 'value' of object '' is: '4000'

2018-05-16 18:55:03 - [MESSAGE][PASSED] - Attribute 'value' of object '' is: '4000'

2018-05-16 18:55:03 - [TEST_STEP][PASSED] - Statement - Rqty = 10000: null

2018-05-16 18:55:03 - [TEST_STEP][PASSED] - delay: Delayed 2 second(s)

2018-05-16 18:55:05 - [MESSAGE][PASSED] - Delayed 2 second(s)

2018-05-16 18:55:05 - [TEST_STEP][PASSED] - Statement - out.println("BatchQty : " + batchqty): null

2018-05-16 18:55:05 - [TEST_STEP][PASSED] - Statement - out.println("RQty : " + Rqty): null

2018-05-16 18:55:05 - [TEST_STEP][PASSED] - Statement - If (java.lang.Integer.valueOf(batchqty) >= java.lang.Integer.valueOf(Rqty)): null

2018-05-16 18:55:05 - [TEST_STEP][PASSED] - Statement - Else: null

2018-05-16 18:55:05 - [TEST_STEP][PASSED] - Statement - out.println("Batchqty Is Less Than Rqty"): null

2018-05-16 18:55:05 - [TEST_STEP][PASSED] - Statement - product = new com.kms.katalon.core.testobject.TestObject(): null

2018-05-16 18:55:05 - [TEST_STEP][PASSED] - Statement - product = com.kms.katalon.core.webui.keyword.WebUiBuiltInKeywords.modifyObjectProperty(product, "xpath", "equals", "//*[@id = "fldvendor" + row + ""]", true): Modify property of object successfully

2018-05-16 18:55:05 - [MESSAGE][PASSED] - Modify property of object successfully

2018-05-16 18:55:05 - [TEST_STEP][PASSED] - selectOptionByIndex: All options with index in [2] are selected on object ''

2018-05-16 18:55:05 - [MESSAGE][PASSED] - All options with index in [2] are selected on object ''

2018-05-16 18:55:05 - [TEST_STEP][PASSED] - Statement - batch = new com.kms.katalon.core.testobject.TestObject(): null

2018-05-16 18:55:05 - [TEST_STEP][PASSED] - Statement - batch = com.kms.katalon.core.webui.keyword.WebUiBuiltInKeywords.modifyObjectProperty(batch, "xpath", "equals", "//*[@id = "txtbthqty" + row + ""]", true): Modify property of object successfully

2018-05-16 18:55:05 - [MESSAGE][PASSED] - Modify property of object successfully

2018-05-16 18:55:05 - [TEST_STEP][PASSED] - Statement - batchqty = com.kms.katalon.core.webui.keyword.WebUiBuiltInKeywords.getAttribute(batch, "value").trim(): Attribute 'value' of object '' is: '5000'

2018-05-16 18:55:05 - [MESSAGE][PASSED] - Attribute 'value' of object '' is: '5000'

2018-05-16 18:55:05 - [TEST_STEP][PASSED] - Statement - Rqty = 10000: null

2018-05-16 18:55:05 - [TEST_STEP][PASSED] - delay: Delayed 2 second(s)

2018-05-16 18:55:07 - [MESSAGE][PASSED] - Delayed 2 second(s)

2018-05-16 18:55:07 - [TEST_STEP][PASSED] - Statement - out.println("BatchQty : " + batchqty): null

2018-05-16 18:55:07 - [TEST_STEP][PASSED] - Statement - out.println("RQty : " + Rqty): null

2018-05-16 18:55:07 - [TEST_STEP][PASSED] - Statement - If (java.lang.Integer.valueOf(batchqty) >= java.lang.Integer.valueOf(Rqty)): null

2018-05-16 18:55:07 - [TEST_STEP][PASSED] - Statement - Else: null

2018-05-16 18:55:07 - [TEST_STEP][PASSED] - Statement - out.println("Batchqty Is Less Than Rqty"): null

2018-05-16 18:55:07 - [TEST_STEP][PASSED] - Statement - product = new com.kms.katalon.core.testobject.TestObject(): null

2018-05-16 18:55:07 - [TEST_STEP][PASSED] - Statement - product = com.kms.katalon.core.webui.keyword.WebUiBuiltInKeywords.modifyObjectProperty(product, "xpath", "equals", "//*[@id = "fldvendor" + row + ""]", true): Modify property of object successfully

2018-05-16 18:55:07 - [MESSAGE][PASSED] - Modify property of object successfully

2018-05-16 18:55:07 - [TEST_STEP][PASSED] - selectOptionByIndex: All options with index in [3] are selected on object ''

2018-05-16 18:55:08 - [MESSAGE][PASSED] - All options with index in [3] are selected on object ''

2018-05-16 18:55:08 - [TEST_STEP][PASSED] - Statement - batch = new com.kms.katalon.core.testobject.TestObject(): null

2018-05-16 18:55:08 - [TEST_STEP][PASSED] - Statement - batch = com.kms.katalon.core.webui.keyword.WebUiBuiltInKeywords.modifyObjectProperty(batch, "xpath", "equals", "//*[@id = "txtbthqty" + row + ""]", true): Modify property of object successfully

2018-05-16 18:55:08 - [MESSAGE][PASSED] - Modify property of object successfully

2018-05-16 18:55:08 - [TEST_STEP][PASSED] - Statement - batchqty = com.kms.katalon.core.webui.keyword.WebUiBuiltInKeywords.getAttribute(batch, "value").trim(): Attribute 'value' of object '' is: '40000'

2018-05-16 18:55:08 - [MESSAGE][PASSED] - Attribute 'value' of object '' is: '40000'

2018-05-16 18:55:08 - [TEST_STEP][PASSED] - Statement - Rqty = 10000: null

2018-05-16 18:55:08 - [TEST_STEP][PASSED] - delay: Delayed 2 second(s)

2018-05-16 18:55:10 - [MESSAGE][PASSED] - Delayed 2 second(s)

2018-05-16 18:55:10 - [TEST_STEP][PASSED] - Statement - out.println("BatchQty : " + batchqty): null

2018-05-16 18:55:10 - [TEST_STEP][PASSED] - Statement - out.println("RQty : " + Rqty): null

2018-05-16 18:55:10 - [TEST_STEP][PASSED] - Statement - If (java.lang.Integer.valueOf(batchqty) >= java.lang.Integer.valueOf(Rqty)): null

2018-05-16 18:55:10 - [TEST_STEP][PASSED] - Statement - Break: null

2018-05-16 18:55:10 - [TEST_STEP][PASSED] - Statement - batchlength = new com.kms.katalon.core.testobject.TestObject(): null

2018-05-16 18:55:10 - [TEST_STEP][PASSED] - Statement - batchlength = com.kms.katalon.core.webui.keyword.WebUiBuiltInKeywords.modifyObjectProperty(batchlength, "xpath", "equals", "//*[@id = "fldvendor" + row + ""]", true): Modify property of object successfully

2018-05-16 18:55:10 - [MESSAGE][PASSED] - Modify property of object successfully

2018-05-16 18:55:10 - [TEST_STEP][PASSED] - Statement - batchsize = com.kms.katalon.core.webui.keyword.WebUiBuiltInKeywords.getNumberOfTotalOption(batchlength): 6 options of object '' counted

2018-05-16 18:55:10 - [MESSAGE][PASSED] - 6 options of object '' counted

2018-05-16 18:55:10 - [TEST_STEP][PASSED] - Statement - out.println("BatchSize : " + batchsize): null

2018-05-16 18:55:10 - [TEST_STEP][PASSED] - Statement - For ([n = 1, n <= batchsize - 1, (n++)]): null

2018-05-16 18:55:10 - [TEST_STEP][PASSED] - Statement - product = new com.kms.katalon.core.testobject.TestObject(): null

2018-05-16 18:55:10 - [TEST_STEP][PASSED] - Statement - product = com.kms.katalon.core.webui.keyword.WebUiBuiltInKeywords.modifyObjectProperty(product, "xpath", "equals", "//*[@id = "fldvendor" + row + ""]", true): Modify property of object successfully

2018-05-16 18:55:10 - [MESSAGE][PASSED] - Modify property of object successfully

2018-05-16 18:55:10 - [TEST_STEP][PASSED] - selectOptionByIndex: All options with index in [1] are selected on object ''

2018-05-16 18:55:10 - [MESSAGE][PASSED] - All options with index in [1] are selected on object ''

2018-05-16 18:55:10 - [TEST_STEP][PASSED] - Statement - batch = new com.kms.katalon.core.testobject.TestObject(): null

2018-05-16 18:55:10 - [TEST_STEP][PASSED] - Statement - batch = com.kms.katalon.core.webui.keyword.WebUiBuiltInKeywords.modifyObjectProperty(batch, "xpath", "equals", "//*[@id = "txtbthqty" + row + ""]", true): Modify property of object successfully

2018-05-16 18:55:10 - [MESSAGE][PASSED] - Modify property of object successfully

2018-05-16 18:55:10 - [TEST_STEP][PASSED] - Statement - batchqty = com.kms.katalon.core.webui.keyword.WebUiBuiltInKeywords.getAttribute(batch, "value").trim(): Attribute 'value' of object '' is: '5000'

2018-05-16 18:55:10 - [MESSAGE][PASSED] - Attribute 'value' of object '' is: '5000'

2018-05-16 18:55:10 - [TEST_STEP][PASSED] - Statement - Rqty = 10000: null

2018-05-16 18:55:10 - [TEST_STEP][PASSED] - delay: Delayed 2 second(s)

2018-05-16 18:55:12 - [MESSAGE][PASSED] - Delayed 2 second(s)

2018-05-16 18:55:12 - [TEST_STEP][PASSED] - Statement - out.println("BatchQty : " + batchqty): null

2018-05-16 18:55:12 - [TEST_STEP][PASSED] - Statement - out.println("RQty : " + Rqty): null

2018-05-16 18:55:12 - [TEST_STEP][PASSED] - Statement - If (java.lang.Integer.valueOf(batchqty) >= java.lang.Integer.valueOf(Rqty)): null

2018-05-16 18:55:12 - [TEST_STEP][PASSED] - Statement - Else: null

2018-05-16 18:55:12 - [TEST_STEP][PASSED] - Statement - out.println("Batchqty Is Less Than Rqty"): null

2018-05-16 18:55:12 - [TEST_STEP][PASSED] - Statement - product = new com.kms.katalon.core.testobject.TestObject(): null

2018-05-16 18:55:12 - [TEST_STEP][PASSED] - Statement - product = com.kms.katalon.core.webui.keyword.WebUiBuiltInKeywords.modifyObjectProperty(product, "xpath", "equals", "//*[@id = "fldvendor" + row + ""]", true): Modify property of object successfully

2018-05-16 18:55:12 - [MESSAGE][PASSED] - Modify property of object successfully

2018-05-16 18:55:12 - [TEST_STEP][PASSED] - selectOptionByIndex: All options with index in [2] are selected on object ''

2018-05-16 18:55:12 - [MESSAGE][PASSED] - All options with index in [2] are selected on object ''

2018-05-16 18:55:12 - [TEST_STEP][PASSED] - Statement - batch = new com.kms.katalon.core.testobject.TestObject(): null

2018-05-16 18:55:12 - [TEST_STEP][PASSED] - Statement - batch = com.kms.katalon.core.webui.keyword.WebUiBuiltInKeywords.modifyObjectProperty(batch, "xpath", "equals", "//*[@id = "txtbthqty" + row + ""]", true): Modify property of object successfully

2018-05-16 18:55:12 - [MESSAGE][PASSED] - Modify property of object successfully

2018-05-16 18:55:12 - [TEST_STEP][PASSED] - Statement - batchqty = com.kms.katalon.core.webui.keyword.WebUiBuiltInKeywords.getAttribute(batch, "value").trim(): Attribute 'value' of object '' is: '5000'

2018-05-16 18:55:12 - [MESSAGE][PASSED] - Attribute 'value' of object '' is: '5000'

2018-05-16 18:55:12 - [TEST_STEP][PASSED] - Statement - Rqty = 10000: null

2018-05-16 18:55:12 - [TEST_STEP][PASSED] - delay: Delayed 2 second(s)

2018-05-16 18:55:14 - [MESSAGE][PASSED] - Delayed 2 second(s)

2018-05-16 18:55:14 - [TEST_STEP][PASSED] - Statement - out.println("BatchQty : " + batchqty): null

2018-05-16 18:55:14 - [TEST_STEP][PASSED] - Statement - out.println("RQty : " + Rqty): null

2018-05-16 18:55:14 - [TEST_STEP][PASSED] - Statement - If (java.lang.Integer.valueOf(batchqty) >= java.lang.Integer.valueOf(Rqty)): null

2018-05-16 18:55:14 - [TEST_STEP][PASSED] - Statement - Else: null

2018-05-16 18:55:14 - [TEST_STEP][PASSED] - Statement - out.println("Batchqty Is Less Than Rqty"): null

2018-05-16 18:55:14 - [TEST_STEP][PASSED] - Statement - product = new com.kms.katalon.core.testobject.TestObject(): null

2018-05-16 18:55:14 - [TEST_STEP][PASSED] - Statement - product = com.kms.katalon.core.webui.keyword.WebUiBuiltInKeywords.modifyObjectProperty(product, "xpath", "equals", "//*[@id = "fldvendor" + row + ""]", true): Modify property of object successfully

2018-05-16 18:55:14 - [MESSAGE][PASSED] - Modify property of object successfully

2018-05-16 18:55:14 - [TEST_STEP][PASSED] - selectOptionByIndex: All options with index in [3] are selected on object ''

2018-05-16 18:55:14 - [MESSAGE][PASSED] - All options with index in [3] are selected on object ''

2018-05-16 18:55:14 - [TEST_STEP][PASSED] - Statement - batch = new com.kms.katalon.core.testobject.TestObject(): null

2018-05-16 18:55:14 - [TEST_STEP][PASSED] - Statement - batch = com.kms.katalon.core.webui.keyword.WebUiBuiltInKeywords.modifyObjectProperty(batch, "xpath", "equals", "//*[@id = "txtbthqty" + row + ""]", true): Modify property of object successfully

2018-05-16 18:55:14 - [MESSAGE][PASSED] - Modify property of object successfully

2018-05-16 18:55:14 - [TEST_STEP][PASSED] - Statement - batchqty = com.kms.katalon.core.webui.keyword.WebUiBuiltInKeywords.getAttribute(batch, "value").trim(): Attribute 'value' of object '' is: '4000'

2018-05-16 18:55:14 - [MESSAGE][PASSED] - Attribute 'value' of object '' is: '4000'

2018-05-16 18:55:14 - [TEST_STEP][PASSED] - Statement - Rqty = 10000: null

2018-05-16 18:55:14 - [TEST_STEP][PASSED] - delay: Delayed 2 second(s)

2018-05-16 18:55:16 - [MESSAGE][PASSED] - Delayed 2 second(s)

2018-05-16 18:55:16 - [TEST_STEP][PASSED] - Statement - out.println("BatchQty : " + batchqty): null

2018-05-16 18:55:16 - [TEST_STEP][PASSED] - Statement - out.println("RQty : " + Rqty): null

2018-05-16 18:55:16 - [TEST_STEP][PASSED] - Statement - If (java.lang.Integer.valueOf(batchqty) >= java.lang.Integer.valueOf(Rqty)): null

2018-05-16 18:55:16 - [TEST_STEP][PASSED] - Statement - Else: null

2018-05-16 18:55:16 - [TEST_STEP][PASSED] - Statement - out.println("Batchqty Is Less Than Rqty"): null

2018-05-16 18:55:16 - [TEST_STEP][PASSED] - Statement - product = new com.kms.katalon.core.testobject.TestObject(): null

2018-05-16 18:55:16 - [TEST_STEP][PASSED] - Statement - product = com.kms.katalon.core.webui.keyword.WebUiBuiltInKeywords.modifyObjectProperty(product, "xpath", "equals", "//*[@id = "fldvendor" + row + ""]", true): Modify property of object successfully

2018-05-16 18:55:16 - [MESSAGE][PASSED] - Modify property of object successfully

2018-05-16 18:55:16 - [TEST_STEP][PASSED] - selectOptionByIndex: All options with index in [4] are selected on object ''

2018-05-16 18:55:16 - [MESSAGE][PASSED] - All options with index in [4] are selected on object ''

2018-05-16 18:55:16 - [TEST_STEP][PASSED] - Statement - batch = new com.kms.katalon.core.testobject.TestObject(): null

2018-05-16 18:55:16 - [TEST_STEP][PASSED] - Statement - batch = com.kms.katalon.core.webui.keyword.WebUiBuiltInKeywords.modifyObjectProperty(batch, "xpath", "equals", "//*[@id = "txtbthqty" + row + ""]", true): Modify property of object successfully

2018-05-16 18:55:16 - [MESSAGE][PASSED] - Modify property of object successfully

2018-05-16 18:55:16 - [TEST_STEP][PASSED] - Statement - batchqty = com.kms.katalon.core.webui.keyword.WebUiBuiltInKeywords.getAttribute(batch, "value").trim(): Attribute 'value' of object '' is: '5000'

2018-05-16 18:55:16 - [MESSAGE][PASSED] - Attribute 'value' of object '' is: '5000'

2018-05-16 18:55:16 - [TEST_STEP][PASSED] - Statement - Rqty = 10000: null

2018-05-16 18:55:16 - [TEST_STEP][PASSED] - delay: Delayed 2 second(s)

2018-05-16 18:55:18 - [MESSAGE][PASSED] - Delayed 2 second(s)

2018-05-16 18:55:18 - [TEST_STEP][PASSED] - Statement - out.println("BatchQty : " + batchqty): null

2018-05-16 18:55:18 - [TEST_STEP][PASSED] - Statement - out.println("RQty : " + Rqty): null

2018-05-16 18:55:18 - [TEST_STEP][PASSED] - Statement - If (java.lang.Integer.valueOf(batchqty) >= java.lang.Integer.valueOf(Rqty)): null

2018-05-16 18:55:18 - [TEST_STEP][PASSED] - Statement - Else: null

2018-05-16 18:55:18 - [TEST_STEP][PASSED] - Statement - out.println("Batchqty Is Less Than Rqty"): null

2018-05-16 18:55:18 - [TEST_STEP][PASSED] - Statement - product = new com.kms.katalon.core.testobject.TestObject(): null

2018-05-16 18:55:18 - [TEST_STEP][PASSED] - Statement - product = com.kms.katalon.core.webui.keyword.WebUiBuiltInKeywords.modifyObjectProperty(product, "xpath", "equals", "//*[@id = "fldvendor" + row + ""]", true): Modify property of object successfully

2018-05-16 18:55:18 - [MESSAGE][PASSED] - Modify property of object successfully

2018-05-16 18:55:18 - [TEST_STEP][PASSED] - selectOptionByIndex: All options with index in [5] are selected on object ''

2018-05-16 18:55:19 - [MESSAGE][PASSED] - All options with index in [5] are selected on object ''

2018-05-16 18:55:19 - [TEST_STEP][PASSED] - Statement - batch = new com.kms.katalon.core.testobject.TestObject(): null

2018-05-16 18:55:19 - [TEST_STEP][PASSED] - Statement - batch = com.kms.katalon.core.webui.keyword.WebUiBuiltInKeywords.modifyObjectProperty(batch, "xpath", "equals", "//*[@id = "txtbthqty" + row + ""]", true): Modify property of object successfully

2018-05-16 18:55:19 - [MESSAGE][PASSED] - Modify property of object successfully

2018-05-16 18:55:19 - [TEST_STEP][PASSED] - Statement - batchqty = com.kms.katalon.core.webui.keyword.WebUiBuiltInKeywords.getAttribute(batch, "value").trim(): Attribute 'value' of object '' is: '40000'

2018-05-16 18:55:19 - [MESSAGE][PASSED] - Attribute 'value' of object '' is: '40000'

2018-05-16 18:55:19 - [TEST_STEP][PASSED] - Statement - Rqty = 10000: null

2018-05-16 18:55:19 - [TEST_STEP][PASSED] - delay: Delayed 2 second(s)

2018-05-16 18:55:21 - [MESSAGE][PASSED] - Delayed 2 second(s)

2018-05-16 18:55:21 - [TEST_STEP][PASSED] - Statement - out.println("BatchQty : " + batchqty): null

2018-05-16 18:55:21 - [TEST_STEP][PASSED] - Statement - out.println("RQty : " + Rqty): null

2018-05-16 18:55:21 - [TEST_STEP][PASSED] - Statement - If (java.lang.Integer.valueOf(batchqty) >= java.lang.Integer.valueOf(Rqty)): null

2018-05-16 18:55:21 - [TEST_STEP][PASSED] - Statement - Break: null

2018-05-16 18:55:21 - [TEST_STEP][PASSED] - Statement - batchlength = new com.kms.katalon.core.testobject.TestObject(): null

2018-05-16 18:55:21 - [TEST_STEP][PASSED] - Statement - batchlength = com.kms.katalon.core.webui.keyword.WebUiBuiltInKeywords.modifyObjectProperty(batchlength, "xpath", "equals", "//*[@id = "fldvendor" + row + ""]", true): Modify property of object successfully

2018-05-16 18:55:21 - [MESSAGE][PASSED] - Modify property of object successfully

2018-05-16 18:55:21 - [TEST_STEP][PASSED] - Statement - batchsize = com.kms.katalon.core.webui.keyword.WebUiBuiltInKeywords.getNumberOfTotalOption(batchlength): 6 options of object '' counted

2018-05-16 18:55:21 - [MESSAGE][PASSED] - 6 options of object '' counted

2018-05-16 18:55:21 - [TEST_STEP][PASSED] - Statement - out.println("BatchSize : " + batchsize): null

2018-05-16 18:55:21 - [TEST_STEP][PASSED] - Statement - For ([n = 1, n <= batchsize - 1, (n++)]): null

2018-05-16 18:55:21 - [TEST_STEP][PASSED] - Statement - product = new com.kms.katalon.core.testobject.TestObject(): null

2018-05-16 18:55:21 - [TEST_STEP][PASSED] - Statement - product = com.kms.katalon.core.webui.keyword.WebUiBuiltInKeywords.modifyObjectProperty(product, "xpath", "equals", "//*[@id = "fldvendor" + row + ""]", true): Modify property of object successfully

2018-05-16 18:55:21 - [MESSAGE][PASSED] - Modify property of object successfully

2018-05-16 18:55:21 - [TEST_STEP][PASSED] - selectOptionByIndex: All options with index in [1] are selected on object ''

2018-05-16 18:55:21 - [MESSAGE][PASSED] - All options with index in [1] are selected on object ''

2018-05-16 18:55:21 - [TEST_STEP][PASSED] - Statement - batch = new com.kms.katalon.core.testobject.TestObject(): null

2018-05-16 18:55:21 - [TEST_STEP][PASSED] - Statement - batch = com.kms.katalon.core.webui.keyword.WebUiBuiltInKeywords.modifyObjectProperty(batch, "xpath", "equals", "//*[@id = "txtbthqty" + row + ""]", true): Modify property of object successfully

2018-05-16 18:55:21 - [MESSAGE][PASSED] - Modify property of object successfully

2018-05-16 18:55:21 - [TEST_STEP][PASSED] - Statement - batchqty = com.kms.katalon.core.webui.keyword.WebUiBuiltInKeywords.getAttribute(batch, "value").trim(): Attribute 'value' of object '' is: '38850'

2018-05-16 18:55:21 - [MESSAGE][PASSED] - Attribute 'value' of object '' is: '38850'

2018-05-16 18:55:21 - [TEST_STEP][PASSED] - Statement - Rqty = 10000: null

2018-05-16 18:55:21 - [TEST_STEP][PASSED] - delay: Delayed 2 second(s)

2018-05-16 18:55:23 - [MESSAGE][PASSED] - Delayed 2 second(s)

2018-05-16 18:55:23 - [TEST_STEP][PASSED] - Statement - out.println("BatchQty : " + batchqty): null

2018-05-16 18:55:23 - [TEST_STEP][PASSED] - Statement - out.println("RQty : " + Rqty): null

2018-05-16 18:55:23 - [TEST_STEP][PASSED] - Statement - If (java.lang.Integer.valueOf(batchqty) >= java.lang.Integer.valueOf(Rqty)): null

2018-05-16 18:55:23 - [TEST_STEP][PASSED] - Statement - Break: null

2018-05-16 18:55:23 - [TEST_STEP][PASSED] - Statement - batchlength = new com.kms.katalon.core.testobject.TestObject(): null

2018-05-16 18:55:23 - [TEST_STEP][PASSED] - Statement - batchlength = com.kms.katalon.core.webui.keyword.WebUiBuiltInKeywords.modifyObjectProperty(batchlength, "xpath", "equals", "//*[@id = "fldvendor" + row + ""]", true): Modify property of object successfully

2018-05-16 18:55:23 - [MESSAGE][PASSED] - Modify property of object successfully

2018-05-16 18:55:23 - [TEST_STEP][PASSED] - Statement - batchsize = com.kms.katalon.core.webui.keyword.WebUiBuiltInKeywords.getNumberOfTotalOption(batchlength): 6 options of object '' counted

2018-05-16 18:55:23 - [MESSAGE][PASSED] - 6 options of object '' counted

2018-05-16 18:55:23 - [TEST_STEP][PASSED] - Statement - out.println("BatchSize : " + batchsize): null

2018-05-16 18:55:23 - [TEST_STEP][PASSED] - Statement - For ([n = 1, n <= batchsize - 1, (n++)]): null

2018-05-16 18:55:23 - [TEST_STEP][PASSED] - Statement - product = new com.kms.katalon.core.testobject.TestObject(): null

2018-05-16 18:55:23 - [TEST_STEP][PASSED] - Statement - product = com.kms.katalon.core.webui.keyword.WebUiBuiltInKeywords.modifyObjectProperty(product, "xpath", "equals", "//*[@id = "fldvendor" + row + ""]", true): Modify property of object successfully

2018-05-16 18:55:23 - [MESSAGE][PASSED] - Modify property of object successfully

2018-05-16 18:55:23 - [TEST_STEP][PASSED] - selectOptionByIndex: All options with index in [1] are selected on object ''

2018-05-16 18:55:23 - [MESSAGE][PASSED] - All options with index in [1] are selected on object ''

2018-05-16 18:55:23 - [TEST_STEP][PASSED] - Statement - batch = new com.kms.katalon.core.testobject.TestObject(): null

2018-05-16 18:55:23 - [TEST_STEP][PASSED] - Statement - batch = com.kms.katalon.core.webui.keyword.WebUiBuiltInKeywords.modifyObjectProperty(batch, "xpath", "equals", "//*[@id = "txtbthqty" + row + ""]", true): Modify property of object successfully

2018-05-16 18:55:23 - [MESSAGE][PASSED] - Modify property of object successfully

2018-05-16 18:55:23 - [TEST_STEP][PASSED] - Statement - batchqty = com.kms.katalon.core.webui.keyword.WebUiBuiltInKeywords.getAttribute(batch, "value").trim(): Attribute 'value' of object '' is: '5000'

2018-05-16 18:55:23 - [MESSAGE][PASSED] - Attribute 'value' of object '' is: '5000'

2018-05-16 18:55:23 - [TEST_STEP][PASSED] - Statement - Rqty = 10000: null

2018-05-16 18:55:23 - [TEST_STEP][PASSED] - delay: Delayed 2 second(s)

2018-05-16 18:55:25 - [MESSAGE][PASSED] - Delayed 2 second(s)

2018-05-16 18:55:25 - [TEST_STEP][PASSED] - Statement - out.println("BatchQty : " + batchqty): null

2018-05-16 18:55:25 - [TEST_STEP][PASSED] - Statement - out.println("RQty : " + Rqty): null

2018-05-16 18:55:25 - [TEST_STEP][PASSED] - Statement - If (java.lang.Integer.valueOf(batchqty) >= java.lang.Integer.valueOf(Rqty)): null

2018-05-16 18:55:25 - [TEST_STEP][PASSED] - Statement - Else: null

2018-05-16 18:55:25 - [TEST_STEP][PASSED] - Statement - out.println("Batchqty Is Less Than Rqty"): null

2018-05-16 18:55:25 - [TEST_STEP][PASSED] - Statement - product = new com.kms.katalon.core.testobject.TestObject(): null

2018-05-16 18:55:25 - [TEST_STEP][PASSED] - Statement - product = com.kms.katalon.core.webui.keyword.WebUiBuiltInKeywords.modifyObjectProperty(product, "xpath", "equals", "//*[@id = "fldvendor" + row + ""]", true): Modify property of object successfully

2018-05-16 18:55:25 - [MESSAGE][PASSED] - Modify property of object successfully

2018-05-16 18:55:25 - [TEST_STEP][PASSED] - selectOptionByIndex: All options with index in [2] are selected on object ''

2018-05-16 18:55:25 - [MESSAGE][PASSED] - All options with index in [2] are selected on object ''

2018-05-16 18:55:25 - [TEST_STEP][PASSED] - Statement - batch = new com.kms.katalon.core.testobject.TestObject(): null

2018-05-16 18:55:25 - [TEST_STEP][PASSED] - Statement - batch = com.kms.katalon.core.webui.keyword.WebUiBuiltInKeywords.modifyObjectProperty(batch, "xpath", "equals", "//*[@id = "txtbthqty" + row + ""]", true): Modify property of object successfully

2018-05-16 18:55:25 - [MESSAGE][PASSED] - Modify property of object successfully

2018-05-16 18:55:25 - [TEST_STEP][PASSED] - Statement - batchqty = com.kms.katalon.core.webui.keyword.WebUiBuiltInKeywords.getAttribute(batch, "value").trim(): Attribute 'value' of object '' is: '5000'

2018-05-16 18:55:25 - [MESSAGE][PASSED] - Attribute 'value' of object '' is: '5000'

2018-05-16 18:55:25 - [TEST_STEP][PASSED] - Statement - Rqty = 10000: null

2018-05-16 18:55:25 - [TEST_STEP][PASSED] - delay: Delayed 2 second(s)

2018-05-16 18:55:27 - [MESSAGE][PASSED] - Delayed 2 second(s)

2018-05-16 18:55:27 - [TEST_STEP][PASSED] - Statement - out.println("BatchQty : " + batchqty): null

2018-05-16 18:55:27 - [TEST_STEP][PASSED] - Statement - out.println("RQty : " + Rqty): null

2018-05-16 18:55:27 - [TEST_STEP][PASSED] - Statement - If (java.lang.Integer.valueOf(batchqty) >= java.lang.Integer.valueOf(Rqty)): null

2018-05-16 18:55:27 - [TEST_STEP][PASSED] - Statement - Else: null

2018-05-16 18:55:27 - [TEST_STEP][PASSED] - Statement - out.println("Batchqty Is Less Than Rqty"): null

2018-05-16 18:55:27 - [TEST_STEP][PASSED] - Statement - product = new com.kms.katalon.core.testobject.TestObject(): null

2018-05-16 18:55:27 - [TEST_STEP][PASSED] - Statement - product = com.kms.katalon.core.webui.keyword.WebUiBuiltInKeywords.modifyObjectProperty(product, "xpath", "equals", "//*[@id = "fldvendor" + row + ""]", true): Modify property of object successfully

2018-05-16 18:55:27 - [MESSAGE][PASSED] - Modify property of object successfully

2018-05-16 18:55:27 - [TEST_STEP][PASSED] - selectOptionByIndex: All options with index in [3] are selected on object ''

2018-05-16 18:55:27 - [MESSAGE][PASSED] - All options with index in [3] are selected on object ''

2018-05-16 18:55:27 - [TEST_STEP][PASSED] - Statement - batch = new com.kms.katalon.core.testobject.TestObject(): null

2018-05-16 18:55:27 - [TEST_STEP][PASSED] - Statement - batch = com.kms.katalon.core.webui.keyword.WebUiBuiltInKeywords.modifyObjectProperty(batch, "xpath", "equals", "//*[@id = "txtbthqty" + row + ""]", true): Modify property of object successfully

2018-05-16 18:55:27 - [MESSAGE][PASSED] - Modify property of object successfully

2018-05-16 18:55:27 - [TEST_STEP][PASSED] - Statement - batchqty = com.kms.katalon.core.webui.keyword.WebUiBuiltInKeywords.getAttribute(batch, "value").trim(): Attribute 'value' of object '' is: '5000'

2018-05-16 18:55:28 - [MESSAGE][PASSED] - Attribute 'value' of object '' is: '5000'

2018-05-16 18:55:28 - [TEST_STEP][PASSED] - Statement - Rqty = 10000: null

2018-05-16 18:55:28 - [TEST_STEP][PASSED] - delay: Delayed 2 second(s)

2018-05-16 18:55:30 - [MESSAGE][PASSED] - Delayed 2 second(s)

2018-05-16 18:55:30 - [TEST_STEP][PASSED] - Statement - out.println("BatchQty : " + batchqty): null

2018-05-16 18:55:30 - [TEST_STEP][PASSED] - Statement - out.println("RQty : " + Rqty): null

2018-05-16 18:55:30 - [TEST_STEP][PASSED] - Statement - If (java.lang.Integer.valueOf(batchqty) >= java.lang.Integer.valueOf(Rqty)): null

2018-05-16 18:55:30 - [TEST_STEP][PASSED] - Statement - Else: null

2018-05-16 18:55:30 - [TEST_STEP][PASSED] - Statement - out.println("Batchqty Is Less Than Rqty"): null

2018-05-16 18:55:30 - [TEST_STEP][PASSED] - Statement - product = new com.kms.katalon.core.testobject.TestObject(): null

2018-05-16 18:55:30 - [TEST_STEP][PASSED] - Statement - product = com.kms.katalon.core.webui.keyword.WebUiBuiltInKeywords.modifyObjectProperty(product, "xpath", "equals", "//*[@id = "fldvendor" + row + ""]", true): Modify property of object successfully

2018-05-16 18:55:30 - [MESSAGE][PASSED] - Modify property of object successfully

2018-05-16 18:55:30 - [TEST_STEP][PASSED] - selectOptionByIndex: All options with index in [4] are selected on object ''

2018-05-16 18:55:30 - [MESSAGE][PASSED] - All options with index in [4] are selected on object ''

2018-05-16 18:55:30 - [TEST_STEP][PASSED] - Statement - batch = new com.kms.katalon.core.testobject.TestObject(): null

2018-05-16 18:55:30 - [TEST_STEP][PASSED] - Statement - batch = com.kms.katalon.core.webui.keyword.WebUiBuiltInKeywords.modifyObjectProperty(batch, "xpath", "equals", "//*[@id = "txtbthqty" + row + ""]", true): Modify property of object successfully

2018-05-16 18:55:30 - [MESSAGE][PASSED] - Modify property of object successfully

2018-05-16 18:55:30 - [TEST_STEP][PASSED] - Statement - batchqty = com.kms.katalon.core.webui.keyword.WebUiBuiltInKeywords.getAttribute(batch, "value").trim(): Attribute 'value' of object '' is: '39000'

2018-05-16 18:55:30 - [MESSAGE][PASSED] - Attribute 'value' of object '' is: '39000'

2018-05-16 18:55:30 - [TEST_STEP][PASSED] - Statement - Rqty = 10000: null

2018-05-16 18:55:30 - [TEST_STEP][PASSED] - delay: Delayed 2 second(s)

2018-05-16 18:55:32 - [MESSAGE][PASSED] - Delayed 2 second(s)

2018-05-16 18:55:32 - [TEST_STEP][PASSED] - Statement - out.println("BatchQty : " + batchqty): null

2018-05-16 18:55:32 - [TEST_STEP][PASSED] - Statement - out.println("RQty : " + Rqty): null

2018-05-16 18:55:32 - [TEST_STEP][PASSED] - Statement - If (java.lang.Integer.valueOf(batchqty) >= java.lang.Integer.valueOf(Rqty)): null

2018-05-16 18:55:32 - [TEST_STEP][PASSED] - Statement - Break: null

2018-05-16 18:55:32 - [TEST_STEP][PASSED] - Statement - batchlength = new com.kms.katalon.core.testobject.TestObject(): null

2018-05-16 18:55:32 - [TEST_STEP][PASSED] - Statement - batchlength = com.kms.katalon.core.webui.keyword.WebUiBuiltInKeywords.modifyObjectProperty(batchlength, "xpath", "equals", "//*[@id = "fldvendor" + row + ""]", true): Modify property of object successfully

2018-05-16 18:55:32 - [MESSAGE][PASSED] - Modify property of object successfully

2018-05-16 18:55:32 - [TEST_STEP][PASSED] - Statement - batchsize = com.kms.katalon.core.webui.keyword.WebUiBuiltInKeywords.getNumberOfTotalOption(batchlength): 6 options of object '' counted

2018-05-16 18:55:32 - [MESSAGE][PASSED] - 6 options of object '' counted

2018-05-16 18:55:32 - [TEST_STEP][PASSED] - Statement - out.println("BatchSize : " + batchsize): null

2018-05-16 18:55:32 - [TEST_STEP][PASSED] - Statement - For ([n = 1, n <= batchsize - 1, (n++)]): null

2018-05-16 18:55:32 - [TEST_STEP][PASSED] - Statement - product = new com.kms.katalon.core.testobject.TestObject(): null

2018-05-16 18:55:32 - [TEST_STEP][PASSED] - Statement - product = com.kms.katalon.core.webui.keyword.WebUiBuiltInKeywords.modifyObjectProperty(product, "xpath", "equals", "//*[@id = "fldvendor" + row + ""]", true): Modify property of object successfully

2018-05-16 18:55:32 - [MESSAGE][PASSED] - Modify property of object successfully

2018-05-16 18:55:32 - [TEST_STEP][PASSED] - selectOptionByIndex: All options with index in [1] are selected on object ''

2018-05-16 18:55:32 - [MESSAGE][PASSED] - All options with index in [1] are selected on object ''

2018-05-16 18:55:32 - [TEST_STEP][PASSED] - Statement - batch = new com.kms.katalon.core.testobject.TestObject(): null

2018-05-16 18:55:32 - [TEST_STEP][PASSED] - Statement - batch = com.kms.katalon.core.webui.keyword.WebUiBuiltInKeywords.modifyObjectProperty(batch, "xpath", "equals", "//*[@id = "txtbthqty" + row + ""]", true): Modify property of object successfully

2018-05-16 18:55:32 - [MESSAGE][PASSED] - Modify property of object successfully

2018-05-16 18:55:32 - [TEST_STEP][PASSED] - Statement - batchqty = com.kms.katalon.core.webui.keyword.WebUiBuiltInKeywords.getAttribute(batch, "value").trim(): Attribute 'value' of object '' is: '5000'

2018-05-16 18:55:32 - [MESSAGE][PASSED] - Attribute 'value' of object '' is: '5000'

2018-05-16 18:55:32 - [TEST_STEP][PASSED] - Statement - Rqty = 10000: null

2018-05-16 18:55:32 - [TEST_STEP][PASSED] - delay: Delayed 2 second(s)

2018-05-16 18:55:34 - [MESSAGE][PASSED] - Delayed 2 second(s)

2018-05-16 18:55:34 - [TEST_STEP][PASSED] - Statement - out.println("BatchQty : " + batchqty): null

2018-05-16 18:55:34 - [TEST_STEP][PASSED] - Statement - out.println("RQty : " + Rqty): null

2018-05-16 18:55:34 - [TEST_STEP][PASSED] - Statement - If (java.lang.Integer.valueOf(batchqty) >= java.lang.Integer.valueOf(Rqty)): null

2018-05-16 18:55:34 - [TEST_STEP][PASSED] - Statement - Else: null

2018-05-16 18:55:34 - [TEST_STEP][PASSED] - Statement - out.println("Batchqty Is Less Than Rqty"): null

2018-05-16 18:55:34 - [TEST_STEP][PASSED] - Statement - product = new com.kms.katalon.core.testobject.TestObject(): null

2018-05-16 18:55:34 - [TEST_STEP][PASSED] - Statement - product = com.kms.katalon.core.webui.keyword.WebUiBuiltInKeywords.modifyObjectProperty(product, "xpath", "equals", "//*[@id = "fldvendor" + row + ""]", true): Modify property of object successfully

2018-05-16 18:55:34 - [MESSAGE][PASSED] - Modify property of object successfully

2018-05-16 18:55:34 - [TEST_STEP][PASSED] - selectOptionByIndex: All options with index in [2] are selected on object ''

2018-05-16 18:55:34 - [MESSAGE][PASSED] - All options with index in [2] are selected on object ''

2018-05-16 18:55:34 - [TEST_STEP][PASSED] - Statement - batch = new com.kms.katalon.core.testobject.TestObject(): null

2018-05-16 18:55:34 - [TEST_STEP][PASSED] - Statement - batch = com.kms.katalon.core.webui.keyword.WebUiBuiltInKeywords.modifyObjectProperty(batch, "xpath", "equals", "//*[@id = "txtbthqty" + row + ""]", true): Modify property of object successfully

2018-05-16 18:55:34 - [MESSAGE][PASSED] - Modify property of object successfully

2018-05-16 18:55:34 - [TEST_STEP][PASSED] - Statement - batchqty = com.kms.katalon.core.webui.keyword.WebUiBuiltInKeywords.getAttribute(batch, "value").trim(): Attribute 'value' of object '' is: '5000'

2018-05-16 18:55:34 - [MESSAGE][PASSED] - Attribute 'value' of object '' is: '5000'

2018-05-16 18:55:34 - [TEST_STEP][PASSED] - Statement - Rqty = 10000: null

2018-05-16 18:55:34 - [TEST_STEP][PASSED] - delay: Delayed 2 second(s)

2018-05-16 18:55:36 - [MESSAGE][PASSED] - Delayed 2 second(s)

2018-05-16 18:55:36 - [TEST_STEP][PASSED] - Statement - out.println("BatchQty : " + batchqty): null

2018-05-16 18:55:36 - [TEST_STEP][PASSED] - Statement - out.println("RQty : " + Rqty): null

2018-05-16 18:55:36 - [TEST_STEP][PASSED] - Statement - If (java.lang.Integer.valueOf(batchqty) >= java.lang.Integer.valueOf(Rqty)): null

2018-05-16 18:55:36 - [TEST_STEP][PASSED] - Statement - Else: null

2018-05-16 18:55:36 - [TEST_STEP][PASSED] - Statement - out.println("Batchqty Is Less Than Rqty"): null

2018-05-16 18:55:36 - [TEST_STEP][PASSED] - Statement - product = new com.kms.katalon.core.testobject.TestObject(): null

2018-05-16 18:55:36 - [TEST_STEP][PASSED] - Statement - product = com.kms.katalon.core.webui.keyword.WebUiBuiltInKeywords.modifyObjectProperty(product, "xpath", "equals", "//*[@id = "fldvendor" + row + ""]", true): Modify property of object successfully

2018-05-16 18:55:36 - [MESSAGE][PASSED] - Modify property of object successfully

2018-05-16 18:55:36 - [TEST_STEP][PASSED] - selectOptionByIndex: All options with index in [3] are selected on object ''

2018-05-16 18:55:36 - [MESSAGE][PASSED] - All options with index in [3] are selected on object ''

2018-05-16 18:55:36 - [TEST_STEP][PASSED] - Statement - batch = new com.kms.katalon.core.testobject.TestObject(): null

2018-05-16 18:55:36 - [TEST_STEP][PASSED] - Statement - batch = com.kms.katalon.core.webui.keyword.WebUiBuiltInKeywords.modifyObjectProperty(batch, "xpath", "equals", "//*[@id = "txtbthqty" + row + ""]", true): Modify property of object successfully

2018-05-16 18:55:36 - [MESSAGE][PASSED] - Modify property of object successfully

2018-05-16 18:55:36 - [TEST_STEP][PASSED] - Statement - batchqty = com.kms.katalon.core.webui.keyword.WebUiBuiltInKeywords.getAttribute(batch, "value").trim(): Attribute 'value' of object '' is: '5000'

2018-05-16 18:55:36 - [MESSAGE][PASSED] - Attribute 'value' of object '' is: '5000'

2018-05-16 18:55:36 - [TEST_STEP][PASSED] - Statement - Rqty = 10000: null

2018-05-16 18:55:36 - [TEST_STEP][PASSED] - delay: Delayed 2 second(s)

2018-05-16 18:55:38 - [MESSAGE][PASSED] - Delayed 2 second(s)

2018-05-16 18:55:38 - [TEST_STEP][PASSED] - Statement - out.println("BatchQty : " + batchqty): null

2018-05-16 18:55:38 - [TEST_STEP][PASSED] - Statement - out.println("RQty : " + Rqty): null

2018-05-16 18:55:38 - [TEST_STEP][PASSED] - Statement - If (java.lang.Integer.valueOf(batchqty) >= java.lang.Integer.valueOf(Rqty)): null

2018-05-16 18:55:38 - [TEST_STEP][PASSED] - Statement - Else: null

2018-05-16 18:55:38 - [TEST_STEP][PASSED] - Statement - out.println("Batchqty Is Less Than Rqty"): null

2018-05-16 18:55:38 - [TEST_STEP][PASSED] - Statement - product = new com.kms.katalon.core.testobject.TestObject(): null

2018-05-16 18:55:38 - [TEST_STEP][PASSED] - Statement - product = com.kms.katalon.core.webui.keyword.WebUiBuiltInKeywords.modifyObjectProperty(product, "xpath", "equals", "//*[@id = "fldvendor" + row + ""]", true): Modify property of object successfully

2018-05-16 18:55:38 - [MESSAGE][PASSED] - Modify property of object successfully

2018-05-16 18:55:38 - [TEST_STEP][PASSED] - selectOptionByIndex: All options with index in [4] are selected on object ''

2018-05-16 18:55:39 - [MESSAGE][PASSED] - All options with index in [4] are selected on object ''

2018-05-16 18:55:39 - [TEST_STEP][PASSED] - Statement - batch = new com.kms.katalon.core.testobject.TestObject(): null

2018-05-16 18:55:39 - [TEST_STEP][PASSED] - Statement - batch = com.kms.katalon.core.webui.keyword.WebUiBuiltInKeywords.modifyObjectProperty(batch, "xpath", "equals", "//*[@id = "txtbthqty" + row + ""]", true): Modify property of object successfully

2018-05-16 18:55:39 - [MESSAGE][PASSED] - Modify property of object successfully

2018-05-16 18:55:39 - [TEST_STEP][PASSED] - Statement - batchqty = com.kms.katalon.core.webui.keyword.WebUiBuiltInKeywords.getAttribute(batch, "value").trim(): Attribute 'value' of object '' is: '39000'

2018-05-16 18:55:39 - [MESSAGE][PASSED] - Attribute 'value' of object '' is: '39000'

2018-05-16 18:55:39 - [TEST_STEP][PASSED] - Statement - Rqty = 10000: null

2018-05-16 18:55:39 - [TEST_STEP][PASSED] - delay: Delayed 2 second(s)

2018-05-16 18:55:41 - [MESSAGE][PASSED] - Delayed 2 second(s)

2018-05-16 18:55:41 - [TEST_STEP][PASSED] - Statement - out.println("BatchQty : " + batchqty): null

2018-05-16 18:55:41 - [TEST_STEP][PASSED] - Statement - out.println("RQty : " + Rqty): null

2018-05-16 18:55:41 - [TEST_STEP][PASSED] - Statement - If (java.lang.Integer.valueOf(batchqty) >= java.lang.Integer.valueOf(Rqty)): null

2018-05-16 18:55:41 - [TEST_STEP][PASSED] - Statement - Break: null

2018-05-16 18:55:41 - [TEST_STEP][PASSED] - Statement - batchlength = new com.kms.katalon.core.testobject.TestObject(): null

2018-05-16 18:55:41 - [TEST_STEP][PASSED] - Statement - batchlength = com.kms.katalon.core.webui.keyword.WebUiBuiltInKeywords.modifyObjectProperty(batchlength, "xpath", "equals", "//*[@id = "fldvendor" + row + ""]", true): Modify property of object successfully

2018-05-16 18:55:41 - [MESSAGE][PASSED] - Modify property of object successfully

2018-05-16 18:55:41 - [TEST_STEP][PASSED] - Statement - batchsize = com.kms.katalon.core.webui.keyword.WebUiBuiltInKeywords.getNumberOfTotalOption(batchlength): 6 options of object '' counted

2018-05-16 18:55:41 - [MESSAGE][PASSED] - 6 options of object '' counted

2018-05-16 18:55:41 - [TEST_STEP][PASSED] - Statement - out.println("BatchSize : " + batchsize): null

2018-05-16 18:55:41 - [TEST_STEP][PASSED] - Statement - For ([n = 1, n <= batchsize - 1, (n++)]): null

2018-05-16 18:55:41 - [TEST_STEP][PASSED] - Statement - product = new com.kms.katalon.core.testobject.TestObject(): null

2018-05-16 18:55:41 - [TEST_STEP][PASSED] - Statement - product = com.kms.katalon.core.webui.keyword.WebUiBuiltInKeywords.modifyObjectProperty(product, "xpath", "equals", "//*[@id = "fldvendor" + row + ""]", true): Modify property of object successfully

2018-05-16 18:55:41 - [MESSAGE][PASSED] - Modify property of object successfully

2018-05-16 18:55:41 - [TEST_STEP][PASSED] - selectOptionByIndex: All options with index in [1] are selected on object ''

2018-05-16 18:55:41 - [MESSAGE][PASSED] - All options with index in [1] are selected on object ''

2018-05-16 18:55:41 - [TEST_STEP][PASSED] - Statement - batch = new com.kms.katalon.core.testobject.TestObject(): null

2018-05-16 18:55:41 - [TEST_STEP][PASSED] - Statement - batch = com.kms.katalon.core.webui.keyword.WebUiBuiltInKeywords.modifyObjectProperty(batch, "xpath", "equals", "//*[@id = "txtbthqty" + row + ""]", true): Modify property of object successfully

2018-05-16 18:55:41 - [MESSAGE][PASSED] - Modify property of object successfully

2018-05-16 18:55:41 - [TEST_STEP][PASSED] - Statement - batchqty = com.kms.katalon.core.webui.keyword.WebUiBuiltInKeywords.getAttribute(batch, "value").trim(): Attribute 'value' of object '' is: '5000'

2018-05-16 18:55:41 - [MESSAGE][PASSED] - Attribute 'value' of object '' is: '5000'

2018-05-16 18:55:41 - [TEST_STEP][PASSED] - Statement - Rqty = 10000: null

2018-05-16 18:55:41 - [TEST_STEP][PASSED] - delay: Delayed 2 second(s)

2018-05-16 18:55:43 - [MESSAGE][PASSED] - Delayed 2 second(s)

2018-05-16 18:55:43 - [TEST_STEP][PASSED] - Statement - out.println("BatchQty : " + batchqty): null

2018-05-16 18:55:43 - [TEST_STEP][PASSED] - Statement - out.println("RQty : " + Rqty): null

2018-05-16 18:55:43 - [TEST_STEP][PASSED] - Statement - If (java.lang.Integer.valueOf(batchqty) >= java.lang.Integer.valueOf(Rqty)): null

2018-05-16 18:55:43 - [TEST_STEP][PASSED] - Statement - Else: null

2018-05-16 18:55:43 - [TEST_STEP][PASSED] - Statement - out.println("Batchqty Is Less Than Rqty"): null

2018-05-16 18:55:43 - [TEST_STEP][PASSED] - Statement - product = new com.kms.katalon.core.testobject.TestObject(): null

2018-05-16 18:55:43 - [TEST_STEP][PASSED] - Statement - product = com.kms.katalon.core.webui.keyword.WebUiBuiltInKeywords.modifyObjectProperty(product, "xpath", "equals", "//*[@id = "fldvendor" + row + ""]", true): Modify property of object successfully

2018-05-16 18:55:43 - [MESSAGE][PASSED] - Modify property of object successfully

2018-05-16 18:55:43 - [TEST_STEP][PASSED] - selectOptionByIndex: All options with index in [2] are selected on object ''

2018-05-16 18:55:43 - [MESSAGE][PASSED] - All options with index in [2] are selected on object ''

2018-05-16 18:55:43 - [TEST_STEP][PASSED] - Statement - batch = new com.kms.katalon.core.testobject.TestObject(): null

2018-05-16 18:55:43 - [TEST_STEP][PASSED] - Statement - batch = com.kms.katalon.core.webui.keyword.WebUiBuiltInKeywords.modifyObjectProperty(batch, "xpath", "equals", "//*[@id = "txtbthqty" + row + ""]", true): Modify property of object successfully

2018-05-16 18:55:43 - [MESSAGE][PASSED] - Modify property of object successfully

2018-05-16 18:55:43 - [TEST_STEP][PASSED] - Statement - batchqty = com.kms.katalon.core.webui.keyword.WebUiBuiltInKeywords.getAttribute(batch, "value").trim(): Attribute 'value' of object '' is: '39000'

2018-05-16 18:55:43 - [MESSAGE][PASSED] - Attribute 'value' of object '' is: '39000'

2018-05-16 18:55:43 - [TEST_STEP][PASSED] - Statement - Rqty = 10000: null

2018-05-16 18:55:43 - [TEST_STEP][PASSED] - delay: Delayed 2 second(s)

2018-05-16 18:55:45 - [MESSAGE][PASSED] - Delayed 2 second(s)

2018-05-16 18:55:45 - [TEST_STEP][PASSED] - Statement - out.println("BatchQty : " + batchqty): null

2018-05-16 18:55:45 - [TEST_STEP][PASSED] - Statement - out.println("RQty : " + Rqty): null

2018-05-16 18:55:45 - [TEST_STEP][PASSED] - Statement - If (java.lang.Integer.valueOf(batchqty) >= java.lang.Integer.valueOf(Rqty)): null

2018-05-16 18:55:45 - [TEST_STEP][PASSED] - Statement - Break: null

2018-05-16 18:55:45 - [TEST_STEP][PASSED] - Statement - batchlength = new com.kms.katalon.core.testobject.TestObject(): null

2018-05-16 18:55:45 - [TEST_STEP][PASSED] - Statement - batchlength = com.kms.katalon.core.webui.keyword.WebUiBuiltInKeywords.modifyObjectProperty(batchlength, "xpath", "equals", "//*[@id = "fldvendor" + row + ""]", true): Modify property of object successfully

2018-05-16 18:55:45 - [MESSAGE][PASSED] - Modify property of object successfully

2018-05-16 18:55:45 - [TEST_STEP][PASSED] - Statement - batchsize = com.kms.katalon.core.webui.keyword.WebUiBuiltInKeywords.getNumberOfTotalOption(batchlength): 6 options of object '' counted

2018-05-16 18:55:45 - [MESSAGE][PASSED] - 6 options of object '' counted

2018-05-16 18:55:45 - [TEST_STEP][PASSED] - Statement - out.println("BatchSize : " + batchsize): null

2018-05-16 18:55:45 - [TEST_STEP][PASSED] - Statement - For ([n = 1, n <= batchsize - 1, (n++)]): null

2018-05-16 18:55:45 - [TEST_STEP][PASSED] - Statement - product = new com.kms.katalon.core.testobject.TestObject(): null

2018-05-16 18:55:45 - [TEST_STEP][PASSED] - Statement - product = com.kms.katalon.core.webui.keyword.WebUiBuiltInKeywords.modifyObjectProperty(product, "xpath", "equals", "//*[@id = "fldvendor" + row + ""]", true): Modify property of object successfully

2018-05-16 18:55:45 - [MESSAGE][PASSED] - Modify property of object successfully

2018-05-16 18:55:45 - [TEST_STEP][PASSED] - selectOptionByIndex: All options with index in [1] are selected on object ''

2018-05-16 18:55:45 - [MESSAGE][PASSED] - All options with index in [1] are selected on object ''

2018-05-16 18:55:45 - [TEST_STEP][PASSED] - Statement - batch = new com.kms.katalon.core.testobject.TestObject(): null

2018-05-16 18:55:45 - [TEST_STEP][PASSED] - Statement - batch = com.kms.katalon.core.webui.keyword.WebUiBuiltInKeywords.modifyObjectProperty(batch, "xpath", "equals", "//*[@id = "txtbthqty" + row + ""]", true): Modify property of object successfully

2018-05-16 18:55:45 - [MESSAGE][PASSED] - Modify property of object successfully

2018-05-16 18:55:45 - [TEST_STEP][PASSED] - Statement - batchqty = com.kms.katalon.core.webui.keyword.WebUiBuiltInKeywords.getAttribute(batch, "value").trim(): Attribute 'value' of object '' is: '39000'

2018-05-16 18:55:45 - [MESSAGE][PASSED] - Attribute 'value' of object '' is: '39000'

2018-05-16 18:55:45 - [TEST_STEP][PASSED] - Statement - Rqty = 10000: null

2018-05-16 18:55:45 - [TEST_STEP][PASSED] - delay: Delayed 2 second(s)

2018-05-16 18:55:47 - [MESSAGE][PASSED] - Delayed 2 second(s)

2018-05-16 18:55:47 - [TEST_STEP][PASSED] - Statement - out.println("BatchQty : " + batchqty): null

2018-05-16 18:55:47 - [TEST_STEP][PASSED] - Statement - out.println("RQty : " + Rqty): null

2018-05-16 18:55:47 - [TEST_STEP][PASSED] - Statement - If (java.lang.Integer.valueOf(batchqty) >= java.lang.Integer.valueOf(Rqty)): null

2018-05-16 18:55:47 - [TEST_STEP][PASSED] - Statement - Break: null

2018-05-16 18:55:47 - [TEST_STEP][PASSED] - Statement - batchlength = new com.kms.katalon.core.testobject.TestObject(): null

2018-05-16 18:55:47 - [TEST_STEP][PASSED] - Statement - batchlength = com.kms.katalon.core.webui.keyword.WebUiBuiltInKeywords.modifyObjectProperty(batchlength, "xpath", "equals", "//*[@id = "fldvendor" + row + ""]", true): Modify property of object successfully

2018-05-16 18:55:47 - [MESSAGE][PASSED] - Modify property of object successfully

2018-05-16 18:55:47 - [TEST_STEP][PASSED] - Statement - batchsize = com.kms.katalon.core.webui.keyword.WebUiBuiltInKeywords.getNumberOfTotalOption(batchlength): 6 options of object '' counted

2018-05-16 18:55:47 - [MESSAGE][PASSED] - 6 options of object '' counted

2018-05-16 18:55:47 - [TEST_STEP][PASSED] - Statement - out.println("BatchSize : " + batchsize): null

2018-05-16 18:55:47 - [TEST_STEP][PASSED] - Statement - For ([n = 1, n <= batchsize - 1, (n++)]): null

2018-05-16 18:55:47 - [TEST_STEP][PASSED] - Statement - product = new com.kms.katalon.core.testobject.TestObject(): null

2018-05-16 18:55:47 - [TEST_STEP][PASSED] - Statement - product = com.kms.katalon.core.webui.keyword.WebUiBuiltInKeywords.modifyObjectProperty(product, "xpath", "equals", "//*[@id = "fldvendor" + row + ""]", true): Modify property of object successfully

2018-05-16 18:55:47 - [MESSAGE][PASSED] - Modify property of object successfully

2018-05-16 18:55:47 - [TEST_STEP][PASSED] - selectOptionByIndex: All options with index in [1] are selected on object ''

2018-05-16 18:55:47 - [MESSAGE][PASSED] - All options with index in [1] are selected on object ''

2018-05-16 18:55:47 - [TEST_STEP][PASSED] - Statement - batch = new com.kms.katalon.core.testobject.TestObject(): null

2018-05-16 18:55:47 - [TEST_STEP][PASSED] - Statement - batch = com.kms.katalon.core.webui.keyword.WebUiBuiltInKeywords.modifyObjectProperty(batch, "xpath", "equals", "//*[@id = "txtbthqty" + row + ""]", true): Modify property of object successfully

2018-05-16 18:55:47 - [MESSAGE][PASSED] - Modify property of object successfully

2018-05-16 18:55:47 - [TEST_STEP][PASSED] - Statement - batchqty = com.kms.katalon.core.webui.keyword.WebUiBuiltInKeywords.getAttribute(batch, "value").trim(): Attribute 'value' of object '' is: '5000'

2018-05-16 18:55:48 - [MESSAGE][PASSED] - Attribute 'value' of object '' is: '5000'

2018-05-16 18:55:48 - [TEST_STEP][PASSED] - Statement - Rqty = 10000: null

2018-05-16 18:55:48 - [TEST_STEP][PASSED] - delay: Delayed 2 second(s)

2018-05-16 18:55:50 - [MESSAGE][PASSED] - Delayed 2 second(s)

2018-05-16 18:55:50 - [TEST_STEP][PASSED] - Statement - out.println("BatchQty : " + batchqty): null

2018-05-16 18:55:50 - [TEST_STEP][PASSED] - Statement - out.println("RQty : " + Rqty): null

2018-05-16 18:55:50 - [TEST_STEP][PASSED] - Statement - If (java.lang.Integer.valueOf(batchqty) >= java.lang.Integer.valueOf(Rqty)): null

2018-05-16 18:55:50 - [TEST_STEP][PASSED] - Statement - Else: null

2018-05-16 18:55:50 - [TEST_STEP][PASSED] - Statement - out.println("Batchqty Is Less Than Rqty"): null

2018-05-16 18:55:50 - [TEST_STEP][PASSED] - Statement - product = new com.kms.katalon.core.testobject.TestObject(): null

2018-05-16 18:55:50 - [TEST_STEP][PASSED] - Statement - product = com.kms.katalon.core.webui.keyword.WebUiBuiltInKeywords.modifyObjectProperty(product, "xpath", "equals", "//*[@id = "fldvendor" + row + ""]", true): Modify property of object successfully

2018-05-16 18:55:50 - [MESSAGE][PASSED] - Modify property of object successfully

2018-05-16 18:55:50 - [TEST_STEP][PASSED] - selectOptionByIndex: All options with index in [2] are selected on object ''

2018-05-16 18:55:50 - [MESSAGE][PASSED] - All options with index in [2] are selected on object ''

2018-05-16 18:55:50 - [TEST_STEP][PASSED] - Statement - batch = new com.kms.katalon.core.testobject.TestObject(): null

2018-05-16 18:55:50 - [TEST_STEP][PASSED] - Statement - batch = com.kms.katalon.core.webui.keyword.WebUiBuiltInKeywords.modifyObjectProperty(batch, "xpath", "equals", "//*[@id = "txtbthqty" + row + ""]", true): Modify property of object successfully

2018-05-16 18:55:50 - [MESSAGE][PASSED] - Modify property of object successfully

2018-05-16 18:55:50 - [TEST_STEP][PASSED] - Statement - batchqty = com.kms.katalon.core.webui.keyword.WebUiBuiltInKeywords.getAttribute(batch, "value").trim(): Attribute 'value' of object '' is: '4000'

2018-05-16 18:55:50 - [MESSAGE][PASSED] - Attribute 'value' of object '' is: '4000'

2018-05-16 18:55:50 - [TEST_STEP][PASSED] - Statement - Rqty = 10000: null

2018-05-16 18:55:50 - [TEST_STEP][PASSED] - delay: Delayed 2 second(s)

2018-05-16 18:55:52 - [MESSAGE][PASSED] - Delayed 2 second(s)

2018-05-16 18:55:52 - [TEST_STEP][PASSED] - Statement - out.println("BatchQty : " + batchqty): null

2018-05-16 18:55:52 - [TEST_STEP][PASSED] - Statement - out.println("RQty : " + Rqty): null

2018-05-16 18:55:52 - [TEST_STEP][PASSED] - Statement - If (java.lang.Integer.valueOf(batchqty) >= java.lang.Integer.valueOf(Rqty)): null

2018-05-16 18:55:52 - [TEST_STEP][PASSED] - Statement - Else: null

2018-05-16 18:55:52 - [TEST_STEP][PASSED] - Statement - out.println("Batchqty Is Less Than Rqty"): null

2018-05-16 18:55:52 - [TEST_STEP][PASSED] - Statement - product = new com.kms.katalon.core.testobject.TestObject(): null

2018-05-16 18:55:52 - [TEST_STEP][PASSED] - Statement - product = com.kms.katalon.core.webui.keyword.WebUiBuiltInKeywords.modifyObjectProperty(product, "xpath", "equals", "//*[@id = "fldvendor" + row + ""]", true): Modify property of object successfully

2018-05-16 18:55:52 - [MESSAGE][PASSED] - Modify property of object successfully

2018-05-16 18:55:52 - [TEST_STEP][PASSED] - selectOptionByIndex: All options with index in [3] are selected on object ''

2018-05-16 18:55:52 - [MESSAGE][PASSED] - All options with index in [3] are selected on object ''

2018-05-16 18:55:52 - [TEST_STEP][PASSED] - Statement - batch = new com.kms.katalon.core.testobject.TestObject(): null

2018-05-16 18:55:52 - [TEST_STEP][PASSED] - Statement - batch = com.kms.katalon.core.webui.keyword.WebUiBuiltInKeywords.modifyObjectProperty(batch, "xpath", "equals", "//*[@id = "txtbthqty" + row + ""]", true): Modify property of object successfully

2018-05-16 18:55:52 - [MESSAGE][PASSED] - Modify property of object successfully

2018-05-16 18:55:52 - [TEST_STEP][PASSED] - Statement - batchqty = com.kms.katalon.core.webui.keyword.WebUiBuiltInKeywords.getAttribute(batch, "value").trim(): Attribute 'value' of object '' is: '5000'

2018-05-16 18:55:52 - [MESSAGE][PASSED] - Attribute 'value' of object '' is: '5000'

2018-05-16 18:55:52 - [TEST_STEP][PASSED] - Statement - Rqty = 10000: null

2018-05-16 18:55:52 - [TEST_STEP][PASSED] - delay: Delayed 2 second(s)

2018-05-16 18:55:54 - [MESSAGE][PASSED] - Delayed 2 second(s)

2018-05-16 18:55:54 - [TEST_STEP][PASSED] - Statement - out.println("BatchQty : " + batchqty): null

2018-05-16 18:55:54 - [TEST_STEP][PASSED] - Statement - out.println("RQty : " + Rqty): null

2018-05-16 18:55:54 - [TEST_STEP][PASSED] - Statement - If (java.lang.Integer.valueOf(batchqty) >= java.lang.Integer.valueOf(Rqty)): null

2018-05-16 18:55:54 - [TEST_STEP][PASSED] - Statement - Else: null

2018-05-16 18:55:54 - [TEST_STEP][PASSED] - Statement - out.println("Batchqty Is Less Than Rqty"): null

2018-05-16 18:55:54 - [TEST_STEP][PASSED] - Statement - product = new com.kms.katalon.core.testobject.TestObject(): null

2018-05-16 18:55:54 - [TEST_STEP][PASSED] - Statement - product = com.kms.katalon.core.webui.keyword.WebUiBuiltInKeywords.modifyObjectProperty(product, "xpath", "equals", "//*[@id = "fldvendor" + row + ""]", true): Modify property of object successfully

2018-05-16 18:55:54 - [MESSAGE][PASSED] - Modify property of object successfully

2018-05-16 18:55:54 - [TEST_STEP][PASSED] - selectOptionByIndex: All options with index in [4] are selected on object ''

2018-05-16 18:55:54 - [MESSAGE][PASSED] - All options with index in [4] are selected on object ''

2018-05-16 18:55:54 - [TEST_STEP][PASSED] - Statement - batch = new com.kms.katalon.core.testobject.TestObject(): null

2018-05-16 18:55:54 - [TEST_STEP][PASSED] - Statement - batch = com.kms.katalon.core.webui.keyword.WebUiBuiltInKeywords.modifyObjectProperty(batch, "xpath", "equals", "//*[@id = "txtbthqty" + row + ""]", true): Modify property of object successfully

2018-05-16 18:55:54 - [MESSAGE][PASSED] - Modify property of object successfully

2018-05-16 18:55:54 - [TEST_STEP][PASSED] - Statement - batchqty = com.kms.katalon.core.webui.keyword.WebUiBuiltInKeywords.getAttribute(batch, "value").trim(): Attribute 'value' of object '' is: '40000'

2018-05-16 18:55:54 - [MESSAGE][PASSED] - Attribute 'value' of object '' is: '40000'

2018-05-16 18:55:54 - [TEST_STEP][PASSED] - Statement - Rqty = 10000: null

2018-05-16 18:55:54 - [TEST_STEP][PASSED] - delay: Delayed 2 second(s)

2018-05-16 18:55:56 - [MESSAGE][PASSED] - Delayed 2 second(s)

2018-05-16 18:55:56 - [TEST_STEP][PASSED] - Statement - out.println("BatchQty : " + batchqty): null

2018-05-16 18:55:56 - [TEST_STEP][PASSED] - Statement - out.println("RQty : " + Rqty): null

2018-05-16 18:55:56 - [TEST_STEP][PASSED] - Statement - If (java.lang.Integer.valueOf(batchqty) >= java.lang.Integer.valueOf(Rqty)): null

2018-05-16 18:55:56 - [TEST_STEP][PASSED] - Statement - Break: null

2018-05-16 18:55:56 - [TEST_STEP][PASSED] - Statement - batchlength = new com.kms.katalon.core.testobject.TestObject(): null

2018-05-16 18:55:56 - [TEST_STEP][PASSED] - Statement - batchlength = com.kms.katalon.core.webui.keyword.WebUiBuiltInKeywords.modifyObjectProperty(batchlength, "xpath", "equals", "//*[@id = "fldvendor" + row + ""]", true): Modify property of object successfully

2018-05-16 18:55:56 - [MESSAGE][PASSED] - Modify property of object successfully

2018-05-16 18:55:56 - [TEST_STEP][PASSED] - Statement - batchsize = com.kms.katalon.core.webui.keyword.WebUiBuiltInKeywords.getNumberOfTotalOption(batchlength): 6 options of object '' counted

2018-05-16 18:55:56 - [MESSAGE][PASSED] - 6 options of object '' counted

2018-05-16 18:55:56 - [TEST_STEP][PASSED] - Statement - out.println("BatchSize : " + batchsize): null

2018-05-16 18:55:56 - [TEST_STEP][PASSED] - Statement - For ([n = 1, n <= batchsize - 1, (n++)]): null

2018-05-16 18:55:56 - [TEST_STEP][PASSED] - Statement - product = new com.kms.katalon.core.testobject.TestObject(): null

2018-05-16 18:55:56 - [TEST_STEP][PASSED] - Statement - product = com.kms.katalon.core.webui.keyword.WebUiBuiltInKeywords.modifyObjectProperty(product, "xpath", "equals", "//*[@id = "fldvendor" + row + ""]", true): Modify property of object successfully

2018-05-16 18:55:56 - [MESSAGE][PASSED] - Modify property of object successfully

2018-05-16 18:55:56 - [TEST_STEP][PASSED] - selectOptionByIndex: All options with index in [1] are selected on object ''

2018-05-16 18:55:56 - [MESSAGE][PASSED] - All options with index in [1] are selected on object ''

2018-05-16 18:55:56 - [TEST_STEP][PASSED] - Statement - batch = new com.kms.katalon.core.testobject.TestObject(): null

2018-05-16 18:55:56 - [TEST_STEP][PASSED] - Statement - batch = com.kms.katalon.core.webui.keyword.WebUiBuiltInKeywords.modifyObjectProperty(batch, "xpath", "equals", "//*[@id = "txtbthqty" + row + ""]", true): Modify property of object successfully

2018-05-16 18:55:56 - [MESSAGE][PASSED] - Modify property of object successfully

2018-05-16 18:55:56 - [TEST_STEP][PASSED] - Statement - batchqty = com.kms.katalon.core.webui.keyword.WebUiBuiltInKeywords.getAttribute(batch, "value").trim(): Attribute 'value' of object '' is: '5000'

2018-05-16 18:55:56 - [MESSAGE][PASSED] - Attribute 'value' of object '' is: '5000'

2018-05-16 18:55:56 - [TEST_STEP][PASSED] - Statement - Rqty = 10000: null

2018-05-16 18:55:56 - [TEST_STEP][PASSED] - delay: Delayed 2 second(s)

2018-05-16 18:55:58 - [MESSAGE][PASSED] - Delayed 2 second(s)

2018-05-16 18:55:58 - [TEST_STEP][PASSED] - Statement - out.println("BatchQty : " + batchqty): null

2018-05-16 18:55:58 - [TEST_STEP][PASSED] - Statement - out.println("RQty : " + Rqty): null

2018-05-16 18:55:58 - [TEST_STEP][PASSED] - Statement - If (java.lang.Integer.valueOf(batchqty) >= java.lang.Integer.valueOf(Rqty)): null

2018-05-16 18:55:58 - [TEST_STEP][PASSED] - Statement - Else: null

2018-05-16 18:55:58 - [TEST_STEP][PASSED] - Statement - out.println("Batchqty Is Less Than Rqty"): null

2018-05-16 18:55:58 - [TEST_STEP][PASSED] - Statement - product = new com.kms.katalon.core.testobject.TestObject(): null

2018-05-16 18:55:58 - [TEST_STEP][PASSED] - Statement - product = com.kms.katalon.core.webui.keyword.WebUiBuiltInKeywords.modifyObjectProperty(product, "xpath", "equals", "//*[@id = "fldvendor" + row + ""]", true): Modify property of object successfully

2018-05-16 18:55:58 - [MESSAGE][PASSED] - Modify property of object successfully

2018-05-16 18:55:58 - [TEST_STEP][PASSED] - selectOptionByIndex: All options with index in [2] are selected on object ''

2018-05-16 18:55:59 - [MESSAGE][PASSED] - All options with index in [2] are selected on object ''

2018-05-16 18:55:59 - [TEST_STEP][PASSED] - Statement - batch = new com.kms.katalon.core.testobject.TestObject(): null

2018-05-16 18:55:59 - [TEST_STEP][PASSED] - Statement - batch = com.kms.katalon.core.webui.keyword.WebUiBuiltInKeywords.modifyObjectProperty(batch, "xpath", "equals", "//*[@id = "txtbthqty" + row + ""]", true): Modify property of object successfully

2018-05-16 18:55:59 - [MESSAGE][PASSED] - Modify property of object successfully

2018-05-16 18:55:59 - [TEST_STEP][PASSED] - Statement - batchqty = com.kms.katalon.core.webui.keyword.WebUiBuiltInKeywords.getAttribute(batch, "value").trim(): Attribute 'value' of object '' is: '4000'

2018-05-16 18:55:59 - [MESSAGE][PASSED] - Attribute 'value' of object '' is: '4000'

2018-05-16 18:55:59 - [TEST_STEP][PASSED] - Statement - Rqty = 10000: null

2018-05-16 18:55:59 - [TEST_STEP][PASSED] - delay: Delayed 2 second(s)

2018-05-16 18:56:01 - [MESSAGE][PASSED] - Delayed 2 second(s)

2018-05-16 18:56:01 - [TEST_STEP][PASSED] - Statement - out.println("BatchQty : " + batchqty): null

2018-05-16 18:56:01 - [TEST_STEP][PASSED] - Statement - out.println("RQty : " + Rqty): null

2018-05-16 18:56:01 - [TEST_STEP][PASSED] - Statement - If (java.lang.Integer.valueOf(batchqty) >= java.lang.Integer.valueOf(Rqty)): null

2018-05-16 18:56:01 - [TEST_STEP][PASSED] - Statement - Else: null

2018-05-16 18:56:01 - [TEST_STEP][PASSED] - Statement - out.println("Batchqty Is Less Than Rqty"): null

2018-05-16 18:56:01 - [TEST_STEP][PASSED] - Statement - product = new com.kms.katalon.core.testobject.TestObject(): null

2018-05-16 18:56:01 - [TEST_STEP][PASSED] - Statement - product = com.kms.katalon.core.webui.keyword.WebUiBuiltInKeywords.modifyObjectProperty(product, "xpath", "equals", "//*[@id = "fldvendor" + row + ""]", true): Modify property of object successfully

2018-05-16 18:56:01 - [MESSAGE][PASSED] - Modify property of object successfully

2018-05-16 18:56:01 - [TEST_STEP][PASSED] - selectOptionByIndex: All options with index in [3] are selected on object ''

2018-05-16 18:56:01 - [MESSAGE][PASSED] - All options with index in [3] are selected on object ''

2018-05-16 18:56:01 - [TEST_STEP][PASSED] - Statement - batch = new com.kms.katalon.core.testobject.TestObject(): null

2018-05-16 18:56:01 - [TEST_STEP][PASSED] - Statement - batch = com.kms.katalon.core.webui.keyword.WebUiBuiltInKeywords.modifyObjectProperty(batch, "xpath", "equals", "//*[@id = "txtbthqty" + row + ""]", true): Modify property of object successfully

2018-05-16 18:56:01 - [MESSAGE][PASSED] - Modify property of object successfully

2018-05-16 18:56:01 - [TEST_STEP][PASSED] - Statement - batchqty = com.kms.katalon.core.webui.keyword.WebUiBuiltInKeywords.getAttribute(batch, "value").trim(): Attribute 'value' of object '' is: '5000'

2018-05-16 18:56:01 - [MESSAGE][PASSED] - Attribute 'value' of object '' is: '5000'

2018-05-16 18:56:01 - [TEST_STEP][PASSED] - Statement - Rqty = 10000: null

2018-05-16 18:56:01 - [TEST_STEP][PASSED] - delay: Delayed 2 second(s)

2018-05-16 18:56:03 - [MESSAGE][PASSED] - Delayed 2 second(s)

2018-05-16 18:56:03 - [TEST_STEP][PASSED] - Statement - out.println("BatchQty : " + batchqty): null

2018-05-16 18:56:03 - [TEST_STEP][PASSED] - Statement - out.println("RQty : " + Rqty): null

2018-05-16 18:56:03 - [TEST_STEP][PASSED] - Statement - If (java.lang.Integer.valueOf(batchqty) >= java.lang.Integer.valueOf(Rqty)): null

2018-05-16 18:56:03 - [TEST_STEP][PASSED] - Statement - Else: null

2018-05-16 18:56:03 - [TEST_STEP][PASSED] - Statement - out.println("Batchqty Is Less Than Rqty"): null

2018-05-16 18:56:03 - [TEST_STEP][PASSED] - Statement - product = new com.kms.katalon.core.testobject.TestObject(): null

2018-05-16 18:56:03 - [TEST_STEP][PASSED] - Statement - product = com.kms.katalon.core.webui.keyword.WebUiBuiltInKeywords.modifyObjectProperty(product, "xpath", "equals", "//*[@id = "fldvendor" + row + ""]", true): Modify property of object successfully

2018-05-16 18:56:03 - [MESSAGE][PASSED] - Modify property of object successfully

2018-05-16 18:56:03 - [TEST_STEP][PASSED] - selectOptionByIndex: All options with index in [4] are selected on object ''

2018-05-16 18:56:03 - [MESSAGE][PASSED] - All options with index in [4] are selected on object ''

2018-05-16 18:56:03 - [TEST_STEP][PASSED] - Statement - batch = new com.kms.katalon.core.testobject.TestObject(): null

2018-05-16 18:56:03 - [TEST_STEP][PASSED] - Statement - batch = com.kms.katalon.core.webui.keyword.WebUiBuiltInKeywords.modifyObjectProperty(batch, "xpath", "equals", "//*[@id = "txtbthqty" + row + ""]", true): Modify property of object successfully

2018-05-16 18:56:03 - [MESSAGE][PASSED] - Modify property of object successfully

2018-05-16 18:56:03 - [TEST_STEP][PASSED] - Statement - batchqty = com.kms.katalon.core.webui.keyword.WebUiBuiltInKeywords.getAttribute(batch, "value").trim(): Attribute 'value' of object '' is: '5000'

2018-05-16 18:56:03 - [MESSAGE][PASSED] - Attribute 'value' of object '' is: '5000'

2018-05-16 18:56:03 - [TEST_STEP][PASSED] - Statement - Rqty = 10000: null

2018-05-16 18:56:03 - [TEST_STEP][PASSED] - delay: Delayed 2 second(s)

2018-05-16 18:56:05 - [MESSAGE][PASSED] - Delayed 2 second(s)

2018-05-16 18:56:05 - [TEST_STEP][PASSED] - Statement - out.println("BatchQty : " + batchqty): null

2018-05-16 18:56:05 - [TEST_STEP][PASSED] - Statement - out.println("RQty : " + Rqty): null

2018-05-16 18:56:05 - [TEST_STEP][PASSED] - Statement - If (java.lang.Integer.valueOf(batchqty) >= java.lang.Integer.valueOf(Rqty)): null

2018-05-16 18:56:05 - [TEST_STEP][PASSED] - Statement - Else: null

2018-05-16 18:56:05 - [TEST_STEP][PASSED] - Statement - out.println("Batchqty Is Less Than Rqty"): null

2018-05-16 18:56:05 - [TEST_STEP][PASSED] - Statement - product = new com.kms.katalon.core.testobject.TestObject(): null

2018-05-16 18:56:05 - [TEST_STEP][PASSED] - Statement - product = com.kms.katalon.core.webui.keyword.WebUiBuiltInKeywords.modifyObjectProperty(product, "xpath", "equals", "//*[@id = "fldvendor" + row + ""]", true): Modify property of object successfully

2018-05-16 18:56:05 - [MESSAGE][PASSED] - Modify property of object successfully

2018-05-16 18:56:05 - [TEST_STEP][PASSED] - selectOptionByIndex: All options with index in [5] are selected on object ''

2018-05-16 18:56:05 - [MESSAGE][PASSED] - All options with index in [5] are selected on object ''

2018-05-16 18:56:05 - [TEST_STEP][PASSED] - Statement - batch = new com.kms.katalon.core.testobject.TestObject(): null

2018-05-16 18:56:05 - [TEST_STEP][PASSED] - Statement - batch = com.kms.katalon.core.webui.keyword.WebUiBuiltInKeywords.modifyObjectProperty(batch, "xpath", "equals", "//*[@id = "txtbthqty" + row + ""]", true): Modify property of object successfully

2018-05-16 18:56:05 - [MESSAGE][PASSED] - Modify property of object successfully

2018-05-16 18:56:05 - [TEST_STEP][PASSED] - Statement - batchqty = com.kms.katalon.core.webui.keyword.WebUiBuiltInKeywords.getAttribute(batch, "value").trim(): Attribute 'value' of object '' is: '40000'

2018-05-16 18:56:05 - [MESSAGE][PASSED] - Attribute 'value' of object '' is: '40000'

2018-05-16 18:56:05 - [TEST_STEP][PASSED] - Statement - Rqty = 10000: null

2018-05-16 18:56:05 - [TEST_STEP][PASSED] - delay: Delayed 2 second(s)

2018-05-16 18:56:07 - [MESSAGE][PASSED] - Delayed 2 second(s)

2018-05-16 18:56:07 - [TEST_STEP][PASSED] - Statement - out.println("BatchQty : " + batchqty): null

2018-05-16 18:56:07 - [TEST_STEP][PASSED] - Statement - out.println("RQty : " + Rqty): null

2018-05-16 18:56:07 - [TEST_STEP][PASSED] - Statement - If (java.lang.Integer.valueOf(batchqty) >= java.lang.Integer.valueOf(Rqty)): null

2018-05-16 18:56:07 - [TEST_STEP][PASSED] - Statement - Break: null

2018-05-16 18:56:07 - [TEST_STEP][PASSED] - Statement - batchlength = new com.kms.katalon.core.testobject.TestObject(): null

2018-05-16 18:56:07 - [TEST_STEP][PASSED] - Statement - batchlength = com.kms.katalon.core.webui.keyword.WebUiBuiltInKeywords.modifyObjectProperty(batchlength, "xpath", "equals", "//*[@id = "fldvendor" + row + ""]", true): Modify property of object successfully

2018-05-16 18:56:07 - [MESSAGE][PASSED] - Modify property of object successfully

2018-05-16 18:56:07 - [TEST_STEP][PASSED] - Statement - batchsize = com.kms.katalon.core.webui.keyword.WebUiBuiltInKeywords.getNumberOfTotalOption(batchlength): 6 options of object '' counted

2018-05-16 18:56:07 - [MESSAGE][PASSED] - 6 options of object '' counted

2018-05-16 18:56:07 - [TEST_STEP][PASSED] - Statement - out.println("BatchSize : " + batchsize): null

2018-05-16 18:56:07 - [TEST_STEP][PASSED] - Statement - For ([n = 1, n <= batchsize - 1, (n++)]): null

2018-05-16 18:56:07 - [TEST_STEP][PASSED] - Statement - product = new com.kms.katalon.core.testobject.TestObject(): null

2018-05-16 18:56:07 - [TEST_STEP][PASSED] - Statement - product = com.kms.katalon.core.webui.keyword.WebUiBuiltInKeywords.modifyObjectProperty(product, "xpath", "equals", "//*[@id = "fldvendor" + row + ""]", true): Modify property of object successfully

2018-05-16 18:56:07 - [MESSAGE][PASSED] - Modify property of object successfully

2018-05-16 18:56:07 - [TEST_STEP][PASSED] - selectOptionByIndex: All options with index in [1] are selected on object ''

2018-05-16 18:56:07 - [MESSAGE][PASSED] - All options with index in [1] are selected on object ''

2018-05-16 18:56:07 - [TEST_STEP][PASSED] - Statement - batch = new com.kms.katalon.core.testobject.TestObject(): null

2018-05-16 18:56:07 - [TEST_STEP][PASSED] - Statement - batch = com.kms.katalon.core.webui.keyword.WebUiBuiltInKeywords.modifyObjectProperty(batch, "xpath", "equals", "//*[@id = "txtbthqty" + row + ""]", true): Modify property of object successfully

2018-05-16 18:56:07 - [MESSAGE][PASSED] - Modify property of object successfully

2018-05-16 18:56:07 - [TEST_STEP][PASSED] - Statement - batchqty = com.kms.katalon.core.webui.keyword.WebUiBuiltInKeywords.getAttribute(batch, "value").trim(): Attribute 'value' of object '' is: '4000'

2018-05-16 18:56:07 - [MESSAGE][PASSED] - Attribute 'value' of object '' is: '4000'

2018-05-16 18:56:07 - [TEST_STEP][PASSED] - Statement - Rqty = 10000: null

2018-05-16 18:56:07 - [TEST_STEP][PASSED] - delay: Delayed 2 second(s)

2018-05-16 18:56:09 - [MESSAGE][PASSED] - Delayed 2 second(s)

2018-05-16 18:56:09 - [TEST_STEP][PASSED] - Statement - out.println("BatchQty : " + batchqty): null

2018-05-16 18:56:09 - [TEST_STEP][PASSED] - Statement - out.println("RQty : " + Rqty): null

2018-05-16 18:56:09 - [TEST_STEP][PASSED] - Statement - If (java.lang.Integer.valueOf(batchqty) >= java.lang.Integer.valueOf(Rqty)): null

2018-05-16 18:56:09 - [TEST_STEP][PASSED] - Statement - Else: null

2018-05-16 18:56:09 - [TEST_STEP][PASSED] - Statement - out.println("Batchqty Is Less Than Rqty"): null

2018-05-16 18:56:09 - [TEST_STEP][PASSED] - Statement - product = new com.kms.katalon.core.testobject.TestObject(): null

2018-05-16 18:56:09 - [TEST_STEP][PASSED] - Statement - product = com.kms.katalon.core.webui.keyword.WebUiBuiltInKeywords.modifyObjectProperty(product, "xpath", "equals", "//*[@id = "fldvendor" + row + ""]", true): Modify property of object successfully

2018-05-16 18:56:09 - [MESSAGE][PASSED] - Modify property of object successfully

2018-05-16 18:56:09 - [TEST_STEP][PASSED] - selectOptionByIndex: All options with index in [2] are selected on object ''

2018-05-16 18:56:10 - [MESSAGE][PASSED] - All options with index in [2] are selected on object ''

2018-05-16 18:56:10 - [TEST_STEP][PASSED] - Statement - batch = new com.kms.katalon.core.testobject.TestObject(): null

2018-05-16 18:56:10 - [TEST_STEP][PASSED] - Statement - batch = com.kms.katalon.core.webui.keyword.WebUiBuiltInKeywords.modifyObjectProperty(batch, "xpath", "equals", "//*[@id = "txtbthqty" + row + ""]", true): Modify property of object successfully

2018-05-16 18:56:10 - [MESSAGE][PASSED] - Modify property of object successfully

2018-05-16 18:56:10 - [TEST_STEP][PASSED] - Statement - batchqty = com.kms.katalon.core.webui.keyword.WebUiBuiltInKeywords.getAttribute(batch, "value").trim(): Attribute 'value' of object '' is: '5000'

2018-05-16 18:56:10 - [MESSAGE][PASSED] - Attribute 'value' of object '' is: '5000'

2018-05-16 18:56:10 - [TEST_STEP][PASSED] - Statement - Rqty = 10000: null

2018-05-16 18:56:10 - [TEST_STEP][PASSED] - delay: Delayed 2 second(s)

2018-05-16 18:56:12 - [MESSAGE][PASSED] - Delayed 2 second(s)

2018-05-16 18:56:12 - [TEST_STEP][PASSED] - Statement - out.println("BatchQty : " + batchqty): null

2018-05-16 18:56:12 - [TEST_STEP][PASSED] - Statement - out.println("RQty : " + Rqty): null

2018-05-16 18:56:12 - [TEST_STEP][PASSED] - Statement - If (java.lang.Integer.valueOf(batchqty) >= java.lang.Integer.valueOf(Rqty)): null

2018-05-16 18:56:12 - [TEST_STEP][PASSED] - Statement - Else: null

2018-05-16 18:56:12 - [TEST_STEP][PASSED] - Statement - out.println("Batchqty Is Less Than Rqty"): null

2018-05-16 18:56:12 - [TEST_STEP][PASSED] - Statement - product = new com.kms.katalon.core.testobject.TestObject(): null

2018-05-16 18:56:12 - [TEST_STEP][PASSED] - Statement - product = com.kms.katalon.core.webui.keyword.WebUiBuiltInKeywords.modifyObjectProperty(product, "xpath", "equals", "//*[@id = "fldvendor" + row + ""]", true): Modify property of object successfully

2018-05-16 18:56:12 - [MESSAGE][PASSED] - Modify property of object successfully

2018-05-16 18:56:12 - [TEST_STEP][PASSED] - selectOptionByIndex: All options with index in [3] are selected on object ''

2018-05-16 18:56:12 - [MESSAGE][PASSED] - All options with index in [3] are selected on object ''

2018-05-16 18:56:12 - [TEST_STEP][PASSED] - Statement - batch = new com.kms.katalon.core.testobject.TestObject(): null

2018-05-16 18:56:12 - [TEST_STEP][PASSED] - Statement - batch = com.kms.katalon.core.webui.keyword.WebUiBuiltInKeywords.modifyObjectProperty(batch, "xpath", "equals", "//*[@id = "txtbthqty" + row + ""]", true): Modify property of object successfully

2018-05-16 18:56:12 - [MESSAGE][PASSED] - Modify property of object successfully

2018-05-16 18:56:12 - [TEST_STEP][PASSED] - Statement - batchqty = com.kms.katalon.core.webui.keyword.WebUiBuiltInKeywords.getAttribute(batch, "value").trim(): Attribute 'value' of object '' is: '5000'

2018-05-16 18:56:12 - [MESSAGE][PASSED] - Attribute 'value' of object '' is: '5000'

2018-05-16 18:56:12 - [TEST_STEP][PASSED] - Statement - Rqty = 10000: null

2018-05-16 18:56:12 - [TEST_STEP][PASSED] - delay: Delayed 2 second(s)

2018-05-16 18:56:14 - [MESSAGE][PASSED] - Delayed 2 second(s)

2018-05-16 18:56:14 - [TEST_STEP][PASSED] - Statement - out.println("BatchQty : " + batchqty): null

2018-05-16 18:56:14 - [TEST_STEP][PASSED] - Statement - out.println("RQty : " + Rqty): null

2018-05-16 18:56:14 - [TEST_STEP][PASSED] - Statement - If (java.lang.Integer.valueOf(batchqty) >= java.lang.Integer.valueOf(Rqty)): null

2018-05-16 18:56:14 - [TEST_STEP][PASSED] - Statement - Else: null

2018-05-16 18:56:14 - [TEST_STEP][PASSED] - Statement - out.println("Batchqty Is Less Than Rqty"): null

2018-05-16 18:56:14 - [TEST_STEP][PASSED] - Statement - product = new com.kms.katalon.core.testobject.TestObject(): null

2018-05-16 18:56:14 - [TEST_STEP][PASSED] - Statement - product = com.kms.katalon.core.webui.keyword.WebUiBuiltInKeywords.modifyObjectProperty(product, "xpath", "equals", "//*[@id = "fldvendor" + row + ""]", true): Modify property of object successfully

2018-05-16 18:56:14 - [MESSAGE][PASSED] - Modify property of object successfully

2018-05-16 18:56:14 - [TEST_STEP][PASSED] - selectOptionByIndex: All options with index in [4] are selected on object ''

2018-05-16 18:56:14 - [MESSAGE][PASSED] - All options with index in [4] are selected on object ''

2018-05-16 18:56:14 - [TEST_STEP][PASSED] - Statement - batch = new com.kms.katalon.core.testobject.TestObject(): null

2018-05-16 18:56:14 - [TEST_STEP][PASSED] - Statement - batch = com.kms.katalon.core.webui.keyword.WebUiBuiltInKeywords.modifyObjectProperty(batch, "xpath", "equals", "//*[@id = "txtbthqty" + row + ""]", true): Modify property of object successfully

2018-05-16 18:56:14 - [MESSAGE][PASSED] - Modify property of object successfully

2018-05-16 18:56:14 - [TEST_STEP][PASSED] - Statement - batchqty = com.kms.katalon.core.webui.keyword.WebUiBuiltInKeywords.getAttribute(batch, "value").trim(): Attribute 'value' of object '' is: '5000'

2018-05-16 18:56:14 - [MESSAGE][PASSED] - Attribute 'value' of object '' is: '5000'

2018-05-16 18:56:14 - [TEST_STEP][PASSED] - Statement - Rqty = 10000: null

2018-05-16 18:56:14 - [TEST_STEP][PASSED] - delay: Delayed 2 second(s)

2018-05-16 18:56:16 - [MESSAGE][PASSED] - Delayed 2 second(s)

2018-05-16 18:56:16 - [TEST_STEP][PASSED] - Statement - out.println("BatchQty : " + batchqty): null

2018-05-16 18:56:16 - [TEST_STEP][PASSED] - Statement - out.println("RQty : " + Rqty): null

2018-05-16 18:56:16 - [TEST_STEP][PASSED] - Statement - If (java.lang.Integer.valueOf(batchqty) >= java.lang.Integer.valueOf(Rqty)): null

2018-05-16 18:56:16 - [TEST_STEP][PASSED] - Statement - Else: null

2018-05-16 18:56:16 - [TEST_STEP][PASSED] - Statement - out.println("Batchqty Is Less Than Rqty"): null

2018-05-16 18:56:16 - [TEST_STEP][PASSED] - Statement - product = new com.kms.katalon.core.testobject.TestObject(): null

2018-05-16 18:56:16 - [TEST_STEP][PASSED] - Statement - product = com.kms.katalon.core.webui.keyword.WebUiBuiltInKeywords.modifyObjectProperty(product, "xpath", "equals", "//*[@id = "fldvendor" + row + ""]", true): Modify property of object successfully

2018-05-16 18:56:16 - [MESSAGE][PASSED] - Modify property of object successfully

2018-05-16 18:56:16 - [TEST_STEP][PASSED] - selectOptionByIndex: All options with index in [5] are selected on object ''

2018-05-16 18:56:16 - [MESSAGE][PASSED] - All options with index in [5] are selected on object ''

2018-05-16 18:56:16 - [TEST_STEP][PASSED] - Statement - batch = new com.kms.katalon.core.testobject.TestObject(): null

2018-05-16 18:56:16 - [TEST_STEP][PASSED] - Statement - batch = com.kms.katalon.core.webui.keyword.WebUiBuiltInKeywords.modifyObjectProperty(batch, "xpath", "equals", "//*[@id = "txtbthqty" + row + ""]", true): Modify property of object successfully

2018-05-16 18:56:16 - [MESSAGE][PASSED] - Modify property of object successfully

2018-05-16 18:56:16 - [TEST_STEP][PASSED] - Statement - batchqty = com.kms.katalon.core.webui.keyword.WebUiBuiltInKeywords.getAttribute(batch, "value").trim(): Attribute 'value' of object '' is: '40000'

2018-05-16 18:56:16 - [MESSAGE][PASSED] - Attribute 'value' of object '' is: '40000'

2018-05-16 18:56:16 - [TEST_STEP][PASSED] - Statement - Rqty = 10000: null

2018-05-16 18:56:16 - [TEST_STEP][PASSED] - delay: Delayed 2 second(s)

2018-05-16 18:56:18 - [MESSAGE][PASSED] - Delayed 2 second(s)

2018-05-16 18:56:18 - [TEST_STEP][PASSED] - Statement - out.println("BatchQty : " + batchqty): null

2018-05-16 18:56:18 - [TEST_STEP][PASSED] - Statement - out.println("RQty : " + Rqty): null

2018-05-16 18:56:18 - [TEST_STEP][PASSED] - Statement - If (java.lang.Integer.valueOf(batchqty) >= java.lang.Integer.valueOf(Rqty)): null

2018-05-16 18:56:18 - [TEST_STEP][PASSED] - Statement - Break: null

2018-05-16 18:56:18 - [TEST_STEP][PASSED] - Statement - batchlength = new com.kms.katalon.core.testobject.TestObject(): null

2018-05-16 18:56:18 - [TEST_STEP][PASSED] - Statement - batchlength = com.kms.katalon.core.webui.keyword.WebUiBuiltInKeywords.modifyObjectProperty(batchlength, "xpath", "equals", "//*[@id = "fldvendor" + row + ""]", true): Modify property of object successfully

2018-05-16 18:56:18 - [MESSAGE][PASSED] - Modify property of object successfully

2018-05-16 18:56:18 - [TEST_STEP][PASSED] - Statement - batchsize = com.kms.katalon.core.webui.keyword.WebUiBuiltInKeywords.getNumberOfTotalOption(batchlength): 6 options of object '' counted

2018-05-16 18:56:18 - [MESSAGE][PASSED] - 6 options of object '' counted

2018-05-16 18:56:18 - [TEST_STEP][PASSED] - Statement - out.println("BatchSize : " + batchsize): null

2018-05-16 18:56:18 - [TEST_STEP][PASSED] - Statement - For ([n = 1, n <= batchsize - 1, (n++)]): null

2018-05-16 18:56:18 - [TEST_STEP][PASSED] - Statement - product = new com.kms.katalon.core.testobject.TestObject(): null

2018-05-16 18:56:18 - [TEST_STEP][PASSED] - Statement - product = com.kms.katalon.core.webui.keyword.WebUiBuiltInKeywords.modifyObjectProperty(product, "xpath", "equals", "//*[@id = "fldvendor" + row + ""]", true): Modify property of object successfully

2018-05-16 18:56:18 - [MESSAGE][PASSED] - Modify property of object successfully

2018-05-16 18:56:18 - [TEST_STEP][PASSED] - selectOptionByIndex: All options with index in [1] are selected on object ''

2018-05-16 18:56:18 - [MESSAGE][PASSED] - All options with index in [1] are selected on object ''

2018-05-16 18:56:18 - [TEST_STEP][PASSED] - Statement - batch = new com.kms.katalon.core.testobject.TestObject(): null

2018-05-16 18:56:18 - [TEST_STEP][PASSED] - Statement - batch = com.kms.katalon.core.webui.keyword.WebUiBuiltInKeywords.modifyObjectProperty(batch, "xpath", "equals", "//*[@id = "txtbthqty" + row + ""]", true): Modify property of object successfully

2018-05-16 18:56:18 - [MESSAGE][PASSED] - Modify property of object successfully

2018-05-16 18:56:18 - [TEST_STEP][PASSED] - Statement - batchqty = com.kms.katalon.core.webui.keyword.WebUiBuiltInKeywords.getAttribute(batch, "value").trim(): Attribute 'value' of object '' is: '5000'

2018-05-16 18:56:18 - [MESSAGE][PASSED] - Attribute 'value' of object '' is: '5000'

2018-05-16 18:56:18 - [TEST_STEP][PASSED] - Statement - Rqty = 10000: null

2018-05-16 18:56:18 - [TEST_STEP][PASSED] - delay: Delayed 2 second(s)

2018-05-16 18:56:20 - [MESSAGE][PASSED] - Delayed 2 second(s)

2018-05-16 18:56:20 - [TEST_STEP][PASSED] - Statement - out.println("BatchQty : " + batchqty): null

2018-05-16 18:56:20 - [TEST_STEP][PASSED] - Statement - out.println("RQty : " + Rqty): null

2018-05-16 18:56:20 - [TEST_STEP][PASSED] - Statement - If (java.lang.Integer.valueOf(batchqty) >= java.lang.Integer.valueOf(Rqty)): null

2018-05-16 18:56:20 - [TEST_STEP][PASSED] - Statement - Else: null

2018-05-16 18:56:20 - [TEST_STEP][PASSED] - Statement - out.println("Batchqty Is Less Than Rqty"): null

2018-05-16 18:56:20 - [TEST_STEP][PASSED] - Statement - product = new com.kms.katalon.core.testobject.TestObject(): null

2018-05-16 18:56:20 - [TEST_STEP][PASSED] - Statement - product = com.kms.katalon.core.webui.keyword.WebUiBuiltInKeywords.modifyObjectProperty(product, "xpath", "equals", "//*[@id = "fldvendor" + row + ""]", true): Modify property of object successfully

2018-05-16 18:56:20 - [MESSAGE][PASSED] - Modify property of object successfully

2018-05-16 18:56:20 - [TEST_STEP][PASSED] - selectOptionByIndex: All options with index in [2] are selected on object ''

2018-05-16 18:56:21 - [MESSAGE][PASSED] - All options with index in [2] are selected on object ''

2018-05-16 18:56:21 - [TEST_STEP][PASSED] - Statement - batch = new com.kms.katalon.core.testobject.TestObject(): null

2018-05-16 18:56:21 - [TEST_STEP][PASSED] - Statement - batch = com.kms.katalon.core.webui.keyword.WebUiBuiltInKeywords.modifyObjectProperty(batch, "xpath", "equals", "//*[@id = "txtbthqty" + row + ""]", true): Modify property of object successfully

2018-05-16 18:56:21 - [MESSAGE][PASSED] - Modify property of object successfully

2018-05-16 18:56:21 - [TEST_STEP][PASSED] - Statement - batchqty = com.kms.katalon.core.webui.keyword.WebUiBuiltInKeywords.getAttribute(batch, "value").trim(): Attribute 'value' of object '' is: '5000'

2018-05-16 18:56:21 - [MESSAGE][PASSED] - Attribute 'value' of object '' is: '5000'

2018-05-16 18:56:21 - [TEST_STEP][PASSED] - Statement - Rqty = 10000: null

2018-05-16 18:56:21 - [TEST_STEP][PASSED] - delay: Delayed 2 second(s)

2018-05-16 18:56:23 - [MESSAGE][PASSED] - Delayed 2 second(s)

2018-05-16 18:56:23 - [TEST_STEP][PASSED] - Statement - out.println("BatchQty : " + batchqty): null

2018-05-16 18:56:23 - [TEST_STEP][PASSED] - Statement - out.println("RQty : " + Rqty): null

2018-05-16 18:56:23 - [TEST_STEP][PASSED] - Statement - If (java.lang.Integer.valueOf(batchqty) >= java.lang.Integer.valueOf(Rqty)): null

2018-05-16 18:56:23 - [TEST_STEP][PASSED] - Statement - Else: null

2018-05-16 18:56:23 - [TEST_STEP][PASSED] - Statement - out.println("Batchqty Is Less Than Rqty"): null

2018-05-16 18:56:23 - [TEST_STEP][PASSED] - Statement - product = new com.kms.katalon.core.testobject.TestObject(): null

2018-05-16 18:56:23 - [TEST_STEP][PASSED] - Statement - product = com.kms.katalon.core.webui.keyword.WebUiBuiltInKeywords.modifyObjectProperty(product, "xpath", "equals", "//*[@id = "fldvendor" + row + ""]", true): Modify property of object successfully

2018-05-16 18:56:23 - [MESSAGE][PASSED] - Modify property of object successfully

2018-05-16 18:56:23 - [TEST_STEP][PASSED] - selectOptionByIndex: All options with index in [3] are selected on object ''

2018-05-16 18:56:23 - [MESSAGE][PASSED] - All options with index in [3] are selected on object ''

2018-05-16 18:56:23 - [TEST_STEP][PASSED] - Statement - batch = new com.kms.katalon.core.testobject.TestObject(): null

2018-05-16 18:56:23 - [TEST_STEP][PASSED] - Statement - batch = com.kms.katalon.core.webui.keyword.WebUiBuiltInKeywords.modifyObjectProperty(batch, "xpath", "equals", "//*[@id = "txtbthqty" + row + ""]", true): Modify property of object successfully

2018-05-16 18:56:23 - [MESSAGE][PASSED] - Modify property of object successfully

2018-05-16 18:56:23 - [TEST_STEP][PASSED] - Statement - batchqty = com.kms.katalon.core.webui.keyword.WebUiBuiltInKeywords.getAttribute(batch, "value").trim(): Attribute 'value' of object '' is: '4000'

2018-05-16 18:56:23 - [MESSAGE][PASSED] - Attribute 'value' of object '' is: '4000'

2018-05-16 18:56:23 - [TEST_STEP][PASSED] - Statement - Rqty = 10000: null

2018-05-16 18:56:23 - [TEST_STEP][PASSED] - delay: Delayed 2 second(s)

2018-05-16 18:56:25 - [MESSAGE][PASSED] - Delayed 2 second(s)

2018-05-16 18:56:25 - [TEST_STEP][PASSED] - Statement - out.println("BatchQty : " + batchqty): null

2018-05-16 18:56:25 - [TEST_STEP][PASSED] - Statement - out.println("RQty : " + Rqty): null

2018-05-16 18:56:25 - [TEST_STEP][PASSED] - Statement - If (java.lang.Integer.valueOf(batchqty) >= java.lang.Integer.valueOf(Rqty)): null

2018-05-16 18:56:25 - [TEST_STEP][PASSED] - Statement - Else: null

2018-05-16 18:56:25 - [TEST_STEP][PASSED] - Statement - out.println("Batchqty Is Less Than Rqty"): null

2018-05-16 18:56:25 - [TEST_STEP][PASSED] - Statement - product = new com.kms.katalon.core.testobject.TestObject(): null

2018-05-16 18:56:25 - [TEST_STEP][PASSED] - Statement - product = com.kms.katalon.core.webui.keyword.WebUiBuiltInKeywords.modifyObjectProperty(product, "xpath", "equals", "//*[@id = "fldvendor" + row + ""]", true): Modify property of object successfully

2018-05-16 18:56:25 - [MESSAGE][PASSED] - Modify property of object successfully

2018-05-16 18:56:25 - [TEST_STEP][PASSED] - selectOptionByIndex: All options with index in [4] are selected on object ''

2018-05-16 18:56:25 - [MESSAGE][PASSED] - All options with index in [4] are selected on object ''

2018-05-16 18:56:25 - [TEST_STEP][PASSED] - Statement - batch = new com.kms.katalon.core.testobject.TestObject(): null

2018-05-16 18:56:25 - [TEST_STEP][PASSED] - Statement - batch = com.kms.katalon.core.webui.keyword.WebUiBuiltInKeywords.modifyObjectProperty(batch, "xpath", "equals", "//*[@id = "txtbthqty" + row + ""]", true): Modify property of object successfully

2018-05-16 18:56:25 - [MESSAGE][PASSED] - Modify property of object successfully

2018-05-16 18:56:25 - [TEST_STEP][PASSED] - Statement - batchqty = com.kms.katalon.core.webui.keyword.WebUiBuiltInKeywords.getAttribute(batch, "value").trim(): Attribute 'value' of object '' is: '40000'

2018-05-16 18:56:25 - [MESSAGE][PASSED] - Attribute 'value' of object '' is: '40000'

2018-05-16 18:56:25 - [TEST_STEP][PASSED] - Statement - Rqty = 10000: null

2018-05-16 18:56:25 - [TEST_STEP][PASSED] - delay: Delayed 2 second(s)

2018-05-16 18:56:27 - [MESSAGE][PASSED] - Delayed 2 second(s)

2018-05-16 18:56:27 - [TEST_STEP][PASSED] - Statement - out.println("BatchQty : " + batchqty): null

2018-05-16 18:56:27 - [TEST_STEP][PASSED] - Statement - out.println("RQty : " + Rqty): null

2018-05-16 18:56:27 - [TEST_STEP][PASSED] - Statement - If (java.lang.Integer.valueOf(batchqty) >= java.lang.Integer.valueOf(Rqty)): null

2018-05-16 18:56:27 - [TEST_STEP][PASSED] - Statement - Break: null

2018-05-16 18:56:27 - [TEST_STEP][PASSED] - Statement - batchlength = new com.kms.katalon.core.testobject.TestObject(): null

2018-05-16 18:56:27 - [TEST_STEP][PASSED] - Statement - batchlength = com.kms.katalon.core.webui.keyword.WebUiBuiltInKeywords.modifyObjectProperty(batchlength, "xpath", "equals", "//*[@id = "fldvendor" + row + ""]", true): Modify property of object successfully

2018-05-16 18:56:27 - [MESSAGE][PASSED] - Modify property of object successfully

2018-05-16 18:56:27 - [TEST_STEP][PASSED] - Statement - batchsize = com.kms.katalon.core.webui.keyword.WebUiBuiltInKeywords.getNumberOfTotalOption(batchlength): 6 options of object '' counted

2018-05-16 18:56:27 - [MESSAGE][PASSED] - 6 options of object '' counted

2018-05-16 18:56:27 - [TEST_STEP][PASSED] - Statement - out.println("BatchSize : " + batchsize): null

2018-05-16 18:56:27 - [TEST_STEP][PASSED] - Statement - For ([n = 1, n <= batchsize - 1, (n++)]): null

2018-05-16 18:56:27 - [TEST_STEP][PASSED] - Statement - product = new com.kms.katalon.core.testobject.TestObject(): null

2018-05-16 18:56:27 - [TEST_STEP][PASSED] - Statement - product = com.kms.katalon.core.webui.keyword.WebUiBuiltInKeywords.modifyObjectProperty(product, "xpath", "equals", "//*[@id = "fldvendor" + row + ""]", true): Modify property of object successfully

2018-05-16 18:56:27 - [MESSAGE][PASSED] - Modify property of object successfully

2018-05-16 18:56:27 - [TEST_STEP][PASSED] - selectOptionByIndex: All options with index in [1] are selected on object ''

2018-05-16 18:56:27 - [MESSAGE][PASSED] - All options with index in [1] are selected on object ''

2018-05-16 18:56:27 - [TEST_STEP][PASSED] - Statement - batch = new com.kms.katalon.core.testobject.TestObject(): null

2018-05-16 18:56:27 - [TEST_STEP][PASSED] - Statement - batch = com.kms.katalon.core.webui.keyword.WebUiBuiltInKeywords.modifyObjectProperty(batch, "xpath", "equals", "//*[@id = "txtbthqty" + row + ""]", true): Modify property of object successfully

2018-05-16 18:56:27 - [MESSAGE][PASSED] - Modify property of object successfully

2018-05-16 18:56:27 - [TEST_STEP][PASSED] - Statement - batchqty = com.kms.katalon.core.webui.keyword.WebUiBuiltInKeywords.getAttribute(batch, "value").trim(): Attribute 'value' of object '' is: '5000'

2018-05-16 18:56:27 - [MESSAGE][PASSED] - Attribute 'value' of object '' is: '5000'

2018-05-16 18:56:27 - [TEST_STEP][PASSED] - Statement - Rqty = 10000: null

2018-05-16 18:56:27 - [TEST_STEP][PASSED] - delay: Delayed 2 second(s)

2018-05-16 18:56:29 - [MESSAGE][PASSED] - Delayed 2 second(s)

2018-05-16 18:56:29 - [TEST_STEP][PASSED] - Statement - out.println("BatchQty : " + batchqty): null

2018-05-16 18:56:29 - [TEST_STEP][PASSED] - Statement - out.println("RQty : " + Rqty): null

2018-05-16 18:56:29 - [TEST_STEP][PASSED] - Statement - If (java.lang.Integer.valueOf(batchqty) >= java.lang.Integer.valueOf(Rqty)): null

2018-05-16 18:56:29 - [TEST_STEP][PASSED] - Statement - Else: null

2018-05-16 18:56:29 - [TEST_STEP][PASSED] - Statement - out.println("Batchqty Is Less Than Rqty"): null

2018-05-16 18:56:29 - [TEST_STEP][PASSED] - Statement - product = new com.kms.katalon.core.testobject.TestObject(): null

2018-05-16 18:56:29 - [TEST_STEP][PASSED] - Statement - product = com.kms.katalon.core.webui.keyword.WebUiBuiltInKeywords.modifyObjectProperty(product, "xpath", "equals", "//*[@id = "fldvendor" + row + ""]", true): Modify property of object successfully

2018-05-16 18:56:29 - [MESSAGE][PASSED] - Modify property of object successfully

2018-05-16 18:56:29 - [TEST_STEP][PASSED] - selectOptionByIndex: All options with index in [2] are selected on object ''

2018-05-16 18:56:30 - [MESSAGE][PASSED] - All options with index in [2] are selected on object ''

2018-05-16 18:56:30 - [TEST_STEP][PASSED] - Statement - batch = new com.kms.katalon.core.testobject.TestObject(): null

2018-05-16 18:56:30 - [TEST_STEP][PASSED] - Statement - batch = com.kms.katalon.core.webui.keyword.WebUiBuiltInKeywords.modifyObjectProperty(batch, "xpath", "equals", "//*[@id = "txtbthqty" + row + ""]", true): Modify property of object successfully

2018-05-16 18:56:30 - [MESSAGE][PASSED] - Modify property of object successfully

2018-05-16 18:56:30 - [TEST_STEP][PASSED] - Statement - batchqty = com.kms.katalon.core.webui.keyword.WebUiBuiltInKeywords.getAttribute(batch, "value").trim(): Attribute 'value' of object '' is: '39000'

2018-05-16 18:56:30 - [MESSAGE][PASSED] - Attribute 'value' of object '' is: '39000'

2018-05-16 18:56:30 - [TEST_STEP][PASSED] - Statement - Rqty = 10000: null

2018-05-16 18:56:30 - [TEST_STEP][PASSED] - delay: Delayed 2 second(s)

2018-05-16 18:56:32 - [MESSAGE][PASSED] - Delayed 2 second(s)

2018-05-16 18:56:32 - [TEST_STEP][PASSED] - Statement - out.println("BatchQty : " + batchqty): null

2018-05-16 18:56:32 - [TEST_STEP][PASSED] - Statement - out.println("RQty : " + Rqty): null

2018-05-16 18:56:32 - [TEST_STEP][PASSED] - Statement - If (java.lang.Integer.valueOf(batchqty) >= java.lang.Integer.valueOf(Rqty)): null

2018-05-16 18:56:32 - [TEST_STEP][PASSED] - Statement - Break: null

2018-05-16 18:56:32 - [TEST_STEP][PASSED] - Statement - batchlength = new com.kms.katalon.core.testobject.TestObject(): null

2018-05-16 18:56:32 - [TEST_STEP][PASSED] - Statement - batchlength = com.kms.katalon.core.webui.keyword.WebUiBuiltInKeywords.modifyObjectProperty(batchlength, "xpath", "equals", "//*[@id = "fldvendor" + row + ""]", true): Modify property of object successfully

2018-05-16 18:56:32 - [MESSAGE][PASSED] - Modify property of object successfully

2018-05-16 18:56:32 - [TEST_STEP][PASSED] - Statement - batchsize = com.kms.katalon.core.webui.keyword.WebUiBuiltInKeywords.getNumberOfTotalOption(batchlength): 6 options of object '' counted

2018-05-16 18:56:32 - [MESSAGE][PASSED] - 6 options of object '' counted

2018-05-16 18:56:32 - [TEST_STEP][PASSED] - Statement - out.println("BatchSize : " + batchsize): null

2018-05-16 18:56:32 - [TEST_STEP][PASSED] - Statement - For ([n = 1, n <= batchsize - 1, (n++)]): null

2018-05-16 18:56:32 - [TEST_STEP][PASSED] - Statement - product = new com.kms.katalon.core.testobject.TestObject(): null

2018-05-16 18:56:32 - [TEST_STEP][PASSED] - Statement - product = com.kms.katalon.core.webui.keyword.WebUiBuiltInKeywords.modifyObjectProperty(product, "xpath", "equals", "//*[@id = "fldvendor" + row + ""]", true): Modify property of object successfully

2018-05-16 18:56:32 - [MESSAGE][PASSED] - Modify property of object successfully

2018-05-16 18:56:32 - [TEST_STEP][PASSED] - selectOptionByIndex: All options with index in [1] are selected on object ''

2018-05-16 18:56:32 - [MESSAGE][PASSED] - All options with index in [1] are selected on object ''

2018-05-16 18:56:32 - [TEST_STEP][PASSED] - Statement - batch = new com.kms.katalon.core.testobject.TestObject(): null

2018-05-16 18:56:32 - [TEST_STEP][PASSED] - Statement - batch = com.kms.katalon.core.webui.keyword.WebUiBuiltInKeywords.modifyObjectProperty(batch, "xpath", "equals", "//*[@id = "txtbthqty" + row + ""]", true): Modify property of object successfully

2018-05-16 18:56:32 - [MESSAGE][PASSED] - Modify property of object successfully

2018-05-16 18:56:32 - [TEST_STEP][PASSED] - Statement - batchqty = com.kms.katalon.core.webui.keyword.WebUiBuiltInKeywords.getAttribute(batch, "value").trim(): Attribute 'value' of object '' is: '4000'

2018-05-16 18:56:32 - [MESSAGE][PASSED] - Attribute 'value' of object '' is: '4000'

2018-05-16 18:56:32 - [TEST_STEP][PASSED] - Statement - Rqty = 10000: null

2018-05-16 18:56:32 - [TEST_STEP][PASSED] - delay: Delayed 2 second(s)

2018-05-16 18:56:34 - [MESSAGE][PASSED] - Delayed 2 second(s)

2018-05-16 18:56:34 - [TEST_STEP][PASSED] - Statement - out.println("BatchQty : " + batchqty): null

2018-05-16 18:56:34 - [TEST_STEP][PASSED] - Statement - out.println("RQty : " + Rqty): null

2018-05-16 18:56:34 - [TEST_STEP][PASSED] - Statement - If (java.lang.Integer.valueOf(batchqty) >= java.lang.Integer.valueOf(Rqty)): null

2018-05-16 18:56:34 - [TEST_STEP][PASSED] - Statement - Else: null

2018-05-16 18:56:34 - [TEST_STEP][PASSED] - Statement - out.println("Batchqty Is Less Than Rqty"): null

2018-05-16 18:56:34 - [TEST_STEP][PASSED] - Statement - product = new com.kms.katalon.core.testobject.TestObject(): null

2018-05-16 18:56:34 - [TEST_STEP][PASSED] - Statement - product = com.kms.katalon.core.webui.keyword.WebUiBuiltInKeywords.modifyObjectProperty(product, "xpath", "equals", "//*[@id = "fldvendor" + row + ""]", true): Modify property of object successfully

2018-05-16 18:56:34 - [MESSAGE][PASSED] - Modify property of object successfully

2018-05-16 18:56:34 - [TEST_STEP][PASSED] - selectOptionByIndex: All options with index in [2] are selected on object ''

2018-05-16 18:56:34 - [MESSAGE][PASSED] - All options with index in [2] are selected on object ''

2018-05-16 18:56:34 - [TEST_STEP][PASSED] - Statement - batch = new com.kms.katalon.core.testobject.TestObject(): null

2018-05-16 18:56:34 - [TEST_STEP][PASSED] - Statement - batch = com.kms.katalon.core.webui.keyword.WebUiBuiltInKeywords.modifyObjectProperty(batch, "xpath", "equals", "//*[@id = "txtbthqty" + row + ""]", true): Modify property of object successfully

2018-05-16 18:56:34 - [MESSAGE][PASSED] - Modify property of object successfully

2018-05-16 18:56:34 - [TEST_STEP][PASSED] - Statement - batchqty = com.kms.katalon.core.webui.keyword.WebUiBuiltInKeywords.getAttribute(batch, "value").trim(): Attribute 'value' of object '' is: '5000'

2018-05-16 18:56:34 - [MESSAGE][PASSED] - Attribute 'value' of object '' is: '5000'

2018-05-16 18:56:34 - [TEST_STEP][PASSED] - Statement - Rqty = 10000: null

2018-05-16 18:56:34 - [TEST_STEP][PASSED] - delay: Delayed 2 second(s)

2018-05-16 18:56:36 - [MESSAGE][PASSED] - Delayed 2 second(s)

2018-05-16 18:56:36 - [TEST_STEP][PASSED] - Statement - out.println("BatchQty : " + batchqty): null

2018-05-16 18:56:36 - [TEST_STEP][PASSED] - Statement - out.println("RQty : " + Rqty): null

2018-05-16 18:56:36 - [TEST_STEP][PASSED] - Statement - If (java.lang.Integer.valueOf(batchqty) >= java.lang.Integer.valueOf(Rqty)): null

2018-05-16 18:56:36 - [TEST_STEP][PASSED] - Statement - Else: null

2018-05-16 18:56:36 - [TEST_STEP][PASSED] - Statement - out.println("Batchqty Is Less Than Rqty"): null

2018-05-16 18:56:36 - [TEST_STEP][PASSED] - Statement - product = new com.kms.katalon.core.testobject.TestObject(): null

2018-05-16 18:56:36 - [TEST_STEP][PASSED] - Statement - product = com.kms.katalon.core.webui.keyword.WebUiBuiltInKeywords.modifyObjectProperty(product, "xpath", "equals", "//*[@id = "fldvendor" + row + ""]", true): Modify property of object successfully

2018-05-16 18:56:36 - [MESSAGE][PASSED] - Modify property of object successfully

2018-05-16 18:56:36 - [TEST_STEP][PASSED] - selectOptionByIndex: All options with index in [3] are selected on object ''

2018-05-16 18:56:36 - [MESSAGE][PASSED] - All options with index in [3] are selected on object ''

2018-05-16 18:56:36 - [TEST_STEP][PASSED] - Statement - batch = new com.kms.katalon.core.testobject.TestObject(): null

2018-05-16 18:56:36 - [TEST_STEP][PASSED] - Statement - batch = com.kms.katalon.core.webui.keyword.WebUiBuiltInKeywords.modifyObjectProperty(batch, "xpath", "equals", "//*[@id = "txtbthqty" + row + ""]", true): Modify property of object successfully

2018-05-16 18:56:36 - [MESSAGE][PASSED] - Modify property of object successfully

2018-05-16 18:56:36 - [TEST_STEP][PASSED] - Statement - batchqty = com.kms.katalon.core.webui.keyword.WebUiBuiltInKeywords.getAttribute(batch, "value").trim(): Attribute 'value' of object '' is: '40000'

2018-05-16 18:56:36 - [MESSAGE][PASSED] - Attribute 'value' of object '' is: '40000'

2018-05-16 18:56:36 - [TEST_STEP][PASSED] - Statement - Rqty = 10000: null

2018-05-16 18:56:36 - [TEST_STEP][PASSED] - delay: Delayed 2 second(s)

2018-05-16 18:56:38 - [MESSAGE][PASSED] - Delayed 2 second(s)

2018-05-16 18:56:38 - [TEST_STEP][PASSED] - Statement - out.println("BatchQty : " + batchqty): null

2018-05-16 18:56:38 - [TEST_STEP][PASSED] - Statement - out.println("RQty : " + Rqty): null

2018-05-16 18:56:38 - [TEST_STEP][PASSED] - Statement - If (java.lang.Integer.valueOf(batchqty) >= java.lang.Integer.valueOf(Rqty)): null

2018-05-16 18:56:38 - [TEST_STEP][PASSED] - Statement - Break: null

2018-05-16 18:56:38 - [TEST_STEP][PASSED] - Statement - batchlength = new com.kms.katalon.core.testobject.TestObject(): null

2018-05-16 18:56:38 - [TEST_STEP][PASSED] - Statement - batchlength = com.kms.katalon.core.webui.keyword.WebUiBuiltInKeywords.modifyObjectProperty(batchlength, "xpath", "equals", "//*[@id = "fldvendor" + row + ""]", true): Modify property of object successfully

2018-05-16 18:56:38 - [MESSAGE][PASSED] - Modify property of object successfully

2018-05-16 18:56:38 - [TEST_STEP][PASSED] - Statement - batchsize = com.kms.katalon.core.webui.keyword.WebUiBuiltInKeywords.getNumberOfTotalOption(batchlength): 6 options of object '' counted

2018-05-16 18:56:38 - [MESSAGE][PASSED] - 6 options of object '' counted

2018-05-16 18:56:38 - [TEST_STEP][PASSED] - Statement - out.println("BatchSize : " + batchsize): null

2018-05-16 18:56:38 - [TEST_STEP][PASSED] - Statement - For ([n = 1, n <= batchsize - 1, (n++)]): null

2018-05-16 18:56:38 - [TEST_STEP][PASSED] - Statement - product = new com.kms.katalon.core.testobject.TestObject(): null

2018-05-16 18:56:38 - [TEST_STEP][PASSED] - Statement - product = com.kms.katalon.core.webui.keyword.WebUiBuiltInKeywords.modifyObjectProperty(product, "xpath", "equals", "//*[@id = "fldvendor" + row + ""]", true): Modify property of object successfully

2018-05-16 18:56:38 - [MESSAGE][PASSED] - Modify property of object successfully

2018-05-16 18:56:38 - [TEST_STEP][PASSED] - selectOptionByIndex: All options with index in [1] are selected on object ''

2018-05-16 18:56:38 - [MESSAGE][PASSED] - All options with index in [1] are selected on object ''

2018-05-16 18:56:38 - [TEST_STEP][PASSED] - Statement - batch = new com.kms.katalon.core.testobject.TestObject(): null

2018-05-16 18:56:38 - [TEST_STEP][PASSED] - Statement - batch = com.kms.katalon.core.webui.keyword.WebUiBuiltInKeywords.modifyObjectProperty(batch, "xpath", "equals", "//*[@id = "txtbthqty" + row + ""]", true): Modify property of object successfully

2018-05-16 18:56:38 - [MESSAGE][PASSED] - Modify property of object successfully

2018-05-16 18:56:38 - [TEST_STEP][PASSED] - Statement - batchqty = com.kms.katalon.core.webui.keyword.WebUiBuiltInKeywords.getAttribute(batch, "value").trim(): Attribute 'value' of object '' is: '5000'

2018-05-16 18:56:38 - [MESSAGE][PASSED] - Attribute 'value' of object '' is: '5000'

2018-05-16 18:56:38 - [TEST_STEP][PASSED] - Statement - Rqty = 10000: null

2018-05-16 18:56:38 - [TEST_STEP][PASSED] - delay: Delayed 2 second(s)

2018-05-16 18:56:41 - [MESSAGE][PASSED] - Delayed 2 second(s)

2018-05-16 18:56:41 - [TEST_STEP][PASSED] - Statement - out.println("BatchQty : " + batchqty): null

2018-05-16 18:56:41 - [TEST_STEP][PASSED] - Statement - out.println("RQty : " + Rqty): null

2018-05-16 18:56:41 - [TEST_STEP][PASSED] - Statement - If (java.lang.Integer.valueOf(batchqty) >= java.lang.Integer.valueOf(Rqty)): null

2018-05-16 18:56:41 - [TEST_STEP][PASSED] - Statement - Else: null

2018-05-16 18:56:41 - [TEST_STEP][PASSED] - Statement - out.println("Batchqty Is Less Than Rqty"): null

2018-05-16 18:56:41 - [TEST_STEP][PASSED] - Statement - product = new com.kms.katalon.core.testobject.TestObject(): null

2018-05-16 18:56:41 - [TEST_STEP][PASSED] - Statement - product = com.kms.katalon.core.webui.keyword.WebUiBuiltInKeywords.modifyObjectProperty(product, "xpath", "equals", "//*[@id = "fldvendor" + row + ""]", true): Modify property of object successfully

2018-05-16 18:56:41 - [MESSAGE][PASSED] - Modify property of object successfully

2018-05-16 18:56:41 - [TEST_STEP][PASSED] - selectOptionByIndex: All options with index in [2] are selected on object ''

2018-05-16 18:56:41 - [MESSAGE][PASSED] - All options with index in [2] are selected on object ''

2018-05-16 18:56:41 - [TEST_STEP][PASSED] - Statement - batch = new com.kms.katalon.core.testobject.TestObject(): null

2018-05-16 18:56:41 - [TEST_STEP][PASSED] - Statement - batch = com.kms.katalon.core.webui.keyword.WebUiBuiltInKeywords.modifyObjectProperty(batch, "xpath", "equals", "//*[@id = "txtbthqty" + row + ""]", true): Modify property of object successfully

2018-05-16 18:56:41 - [MESSAGE][PASSED] - Modify property of object successfully

2018-05-16 18:56:41 - [TEST_STEP][PASSED] - Statement - batchqty = com.kms.katalon.core.webui.keyword.WebUiBuiltInKeywords.getAttribute(batch, "value").trim(): Attribute 'value' of object '' is: '5000'

2018-05-16 18:56:41 - [MESSAGE][PASSED] - Attribute 'value' of object '' is: '5000'

2018-05-16 18:56:41 - [TEST_STEP][PASSED] - Statement - Rqty = 10000: null

2018-05-16 18:56:41 - [TEST_STEP][PASSED] - delay: Delayed 2 second(s)

2018-05-16 18:56:43 - [MESSAGE][PASSED] - Delayed 2 second(s)

2018-05-16 18:56:43 - [TEST_STEP][PASSED] - Statement - out.println("BatchQty : " + batchqty): null

2018-05-16 18:56:43 - [TEST_STEP][PASSED] - Statement - out.println("RQty : " + Rqty): null

2018-05-16 18:56:43 - [TEST_STEP][PASSED] - Statement - If (java.lang.Integer.valueOf(batchqty) >= java.lang.Integer.valueOf(Rqty)): null

2018-05-16 18:56:43 - [TEST_STEP][PASSED] - Statement - Else: null

2018-05-16 18:56:43 - [TEST_STEP][PASSED] - Statement - out.println("Batchqty Is Less Than Rqty"): null

2018-05-16 18:56:43 - [TEST_STEP][PASSED] - Statement - product = new com.kms.katalon.core.testobject.TestObject(): null

2018-05-16 18:56:43 - [TEST_STEP][PASSED] - Statement - product = com.kms.katalon.core.webui.keyword.WebUiBuiltInKeywords.modifyObjectProperty(product, "xpath", "equals", "//*[@id = "fldvendor" + row + ""]", true): Modify property of object successfully

2018-05-16 18:56:43 - [MESSAGE][PASSED] - Modify property of object successfully

2018-05-16 18:56:43 - [TEST_STEP][PASSED] - selectOptionByIndex: All options with index in [3] are selected on object ''

2018-05-16 18:56:43 - [MESSAGE][PASSED] - All options with index in [3] are selected on object ''

2018-05-16 18:56:43 - [TEST_STEP][PASSED] - Statement - batch = new com.kms.katalon.core.testobject.TestObject(): null

2018-05-16 18:56:43 - [TEST_STEP][PASSED] - Statement - batch = com.kms.katalon.core.webui.keyword.WebUiBuiltInKeywords.modifyObjectProperty(batch, "xpath", "equals", "//*[@id = "txtbthqty" + row + ""]", true): Modify property of object successfully

2018-05-16 18:56:43 - [MESSAGE][PASSED] - Modify property of object successfully

2018-05-16 18:56:43 - [TEST_STEP][PASSED] - Statement - batchqty = com.kms.katalon.core.webui.keyword.WebUiBuiltInKeywords.getAttribute(batch, "value").trim(): Attribute 'value' of object '' is: '4000'

2018-05-16 18:56:43 - [MESSAGE][PASSED] - Attribute 'value' of object '' is: '4000'

2018-05-16 18:56:43 - [TEST_STEP][PASSED] - Statement - Rqty = 10000: null

2018-05-16 18:56:43 - [TEST_STEP][PASSED] - delay: Delayed 2 second(s)

2018-05-16 18:56:45 - [MESSAGE][PASSED] - Delayed 2 second(s)

2018-05-16 18:56:45 - [TEST_STEP][PASSED] - Statement - out.println("BatchQty : " + batchqty): null

2018-05-16 18:56:45 - [TEST_STEP][PASSED] - Statement - out.println("RQty : " + Rqty): null

2018-05-16 18:56:45 - [TEST_STEP][PASSED] - Statement - If (java.lang.Integer.valueOf(batchqty) >= java.lang.Integer.valueOf(Rqty)): null

2018-05-16 18:56:45 - [TEST_STEP][PASSED] - Statement - Else: null

2018-05-16 18:56:45 - [TEST_STEP][PASSED] - Statement - out.println("Batchqty Is Less Than Rqty"): null

2018-05-16 18:56:45 - [TEST_STEP][PASSED] - Statement - product = new com.kms.katalon.core.testobject.TestObject(): null

2018-05-16 18:56:45 - [TEST_STEP][PASSED] - Statement - product = com.kms.katalon.core.webui.keyword.WebUiBuiltInKeywords.modifyObjectProperty(product, "xpath", "equals", "//*[@id = "fldvendor" + row + ""]", true): Modify property of object successfully

2018-05-16 18:56:45 - [MESSAGE][PASSED] - Modify property of object successfully

2018-05-16 18:56:45 - [TEST_STEP][PASSED] - selectOptionByIndex: All options with index in [4] are selected on object ''

2018-05-16 18:56:45 - [MESSAGE][PASSED] - All options with index in [4] are selected on object ''

2018-05-16 18:56:45 - [TEST_STEP][PASSED] - Statement - batch = new com.kms.katalon.core.testobject.TestObject(): null

2018-05-16 18:56:45 - [TEST_STEP][PASSED] - Statement - batch = com.kms.katalon.core.webui.keyword.WebUiBuiltInKeywords.modifyObjectProperty(batch, "xpath", "equals", "//*[@id = "txtbthqty" + row + ""]", true): Modify property of object successfully

2018-05-16 18:56:45 - [MESSAGE][PASSED] - Modify property of object successfully

2018-05-16 18:56:45 - [TEST_STEP][PASSED] - Statement - batchqty = com.kms.katalon.core.webui.keyword.WebUiBuiltInKeywords.getAttribute(batch, "value").trim(): Attribute 'value' of object '' is: '5000'

2018-05-16 18:56:45 - [MESSAGE][PASSED] - Attribute 'value' of object '' is: '5000'

2018-05-16 18:56:45 - [TEST_STEP][PASSED] - Statement - Rqty = 10000: null

2018-05-16 18:56:45 - [TEST_STEP][PASSED] - delay: Delayed 2 second(s)

2018-05-16 18:56:47 - [MESSAGE][PASSED] - Delayed 2 second(s)

2018-05-16 18:56:47 - [TEST_STEP][PASSED] - Statement - out.println("BatchQty : " + batchqty): null

2018-05-16 18:56:47 - [TEST_STEP][PASSED] - Statement - out.println("RQty : " + Rqty): null

2018-05-16 18:56:47 - [TEST_STEP][PASSED] - Statement - If (java.lang.Integer.valueOf(batchqty) >= java.lang.Integer.valueOf(Rqty)): null

2018-05-16 18:56:47 - [TEST_STEP][PASSED] - Statement - Else: null

2018-05-16 18:56:47 - [TEST_STEP][PASSED] - Statement - out.println("Batchqty Is Less Than Rqty"): null

2018-05-16 18:56:47 - [TEST_STEP][PASSED] - Statement - product = new com.kms.katalon.core.testobject.TestObject(): null

2018-05-16 18:56:47 - [TEST_STEP][PASSED] - Statement - product = com.kms.katalon.core.webui.keyword.WebUiBuiltInKeywords.modifyObjectProperty(product, "xpath", "equals", "//*[@id = "fldvendor" + row + ""]", true): Modify property of object successfully

2018-05-16 18:56:47 - [MESSAGE][PASSED] - Modify property of object successfully

2018-05-16 18:56:47 - [TEST_STEP][PASSED] - selectOptionByIndex: All options with index in [5] are selected on object ''

2018-05-16 18:56:47 - [MESSAGE][PASSED] - All options with index in [5] are selected on object ''

2018-05-16 18:56:47 - [TEST_STEP][PASSED] - Statement - batch = new com.kms.katalon.core.testobject.TestObject(): null

2018-05-16 18:56:47 - [TEST_STEP][PASSED] - Statement - batch = com.kms.katalon.core.webui.keyword.WebUiBuiltInKeywords.modifyObjectProperty(batch, "xpath", "equals", "//*[@id = "txtbthqty" + row + ""]", true): Modify property of object successfully

2018-05-16 18:56:47 - [MESSAGE][PASSED] - Modify property of object successfully

2018-05-16 18:56:47 - [TEST_STEP][PASSED] - Statement - batchqty = com.kms.katalon.core.webui.keyword.WebUiBuiltInKeywords.getAttribute(batch, "value").trim(): Attribute 'value' of object '' is: '40000'

2018-05-16 18:56:47 - [MESSAGE][PASSED] - Attribute 'value' of object '' is: '40000'

2018-05-16 18:56:47 - [TEST_STEP][PASSED] - Statement - Rqty = 10000: null

2018-05-16 18:56:47 - [TEST_STEP][PASSED] - delay: Delayed 2 second(s)

2018-05-16 18:56:49 - [MESSAGE][PASSED] - Delayed 2 second(s)

2018-05-16 18:56:49 - [TEST_STEP][PASSED] - Statement - out.println("BatchQty : " + batchqty): null

2018-05-16 18:56:49 - [TEST_STEP][PASSED] - Statement - out.println("RQty : " + Rqty): null

2018-05-16 18:56:49 - [TEST_STEP][PASSED] - Statement - If (java.lang.Integer.valueOf(batchqty) >= java.lang.Integer.valueOf(Rqty)): null

2018-05-16 18:56:49 - [TEST_STEP][PASSED] - Statement - Break: null

2018-05-16 18:56:49 - [TEST_STEP][PASSED] - Statement - batchlength = new com.kms.katalon.core.testobject.TestObject(): null

2018-05-16 18:56:49 - [TEST_STEP][PASSED] - Statement - batchlength = com.kms.katalon.core.webui.keyword.WebUiBuiltInKeywords.modifyObjectProperty(batchlength, "xpath", "equals", "//*[@id = "fldvendor" + row + ""]", true): Modify property of object successfully

2018-05-16 18:56:49 - [MESSAGE][PASSED] - Modify property of object successfully

2018-05-16 18:56:49 - [TEST_STEP][PASSED] - Statement - batchsize = com.kms.katalon.core.webui.keyword.WebUiBuiltInKeywords.getNumberOfTotalOption(batchlength): 6 options of object '' counted

2018-05-16 18:56:49 - [MESSAGE][PASSED] - 6 options of object '' counted

2018-05-16 18:56:49 - [TEST_STEP][PASSED] - Statement - out.println("BatchSize : " + batchsize): null

2018-05-16 18:56:49 - [TEST_STEP][PASSED] - Statement - For ([n = 1, n <= batchsize - 1, (n++)]): null

2018-05-16 18:56:49 - [TEST_STEP][PASSED] - Statement - product = new com.kms.katalon.core.testobject.TestObject(): null

2018-05-16 18:56:49 - [TEST_STEP][PASSED] - Statement - product = com.kms.katalon.core.webui.keyword.WebUiBuiltInKeywords.modifyObjectProperty(product, "xpath", "equals", "//*[@id = "fldvendor" + row + ""]", true): Modify property of object successfully

2018-05-16 18:56:49 - [MESSAGE][PASSED] - Modify property of object successfully

2018-05-16 18:56:49 - [TEST_STEP][PASSED] - selectOptionByIndex: All options with index in [1] are selected on object ''

2018-05-16 18:56:50 - [MESSAGE][PASSED] - All options with index in [1] are selected on object ''

2018-05-16 18:56:50 - [TEST_STEP][PASSED] - Statement - batch = new com.kms.katalon.core.testobject.TestObject(): null

2018-05-16 18:56:50 - [TEST_STEP][PASSED] - Statement - batch = com.kms.katalon.core.webui.keyword.WebUiBuiltInKeywords.modifyObjectProperty(batch, "xpath", "equals", "//*[@id = "txtbthqty" + row + ""]", true): Modify property of object successfully

2018-05-16 18:56:50 - [MESSAGE][PASSED] - Modify property of object successfully

2018-05-16 18:56:50 - [TEST_STEP][PASSED] - Statement - batchqty = com.kms.katalon.core.webui.keyword.WebUiBuiltInKeywords.getAttribute(batch, "value").trim(): Attribute 'value' of object '' is: '5000'

2018-05-16 18:56:50 - [MESSAGE][PASSED] - Attribute 'value' of object '' is: '5000'

2018-05-16 18:56:50 - [TEST_STEP][PASSED] - Statement - Rqty = 10000: null

2018-05-16 18:56:50 - [TEST_STEP][PASSED] - delay: Delayed 2 second(s)

2018-05-16 18:56:52 - [MESSAGE][PASSED] - Delayed 2 second(s)

2018-05-16 18:56:52 - [TEST_STEP][PASSED] - Statement - out.println("BatchQty : " + batchqty): null

2018-05-16 18:56:52 - [TEST_STEP][PASSED] - Statement - out.println("RQty : " + Rqty): null

2018-05-16 18:56:52 - [TEST_STEP][PASSED] - Statement - If (java.lang.Integer.valueOf(batchqty) >= java.lang.Integer.valueOf(Rqty)): null

2018-05-16 18:56:52 - [TEST_STEP][PASSED] - Statement - Else: null

2018-05-16 18:56:52 - [TEST_STEP][PASSED] - Statement - out.println("Batchqty Is Less Than Rqty"): null

2018-05-16 18:56:52 - [TEST_STEP][PASSED] - Statement - product = new com.kms.katalon.core.testobject.TestObject(): null

2018-05-16 18:56:52 - [TEST_STEP][PASSED] - Statement - product = com.kms.katalon.core.webui.keyword.WebUiBuiltInKeywords.modifyObjectProperty(product, "xpath", "equals", "//*[@id = "fldvendor" + row + ""]", true): Modify property of object successfully

2018-05-16 18:56:52 - [MESSAGE][PASSED] - Modify property of object successfully

2018-05-16 18:56:52 - [TEST_STEP][PASSED] - selectOptionByIndex: All options with index in [2] are selected on object ''

2018-05-16 18:56:52 - [MESSAGE][PASSED] - All options with index in [2] are selected on object ''

2018-05-16 18:56:52 - [TEST_STEP][PASSED] - Statement - batch = new com.kms.katalon.core.testobject.TestObject(): null

2018-05-16 18:56:52 - [TEST_STEP][PASSED] - Statement - batch = com.kms.katalon.core.webui.keyword.WebUiBuiltInKeywords.modifyObjectProperty(batch, "xpath", "equals", "//*[@id = "txtbthqty" + row + ""]", true): Modify property of object successfully

2018-05-16 18:56:52 - [MESSAGE][PASSED] - Modify property of object successfully

2018-05-16 18:56:52 - [TEST_STEP][PASSED] - Statement - batchqty = com.kms.katalon.core.webui.keyword.WebUiBuiltInKeywords.getAttribute(batch, "value").trim(): Attribute 'value' of object '' is: '4000'

2018-05-16 18:56:52 - [MESSAGE][PASSED] - Attribute 'value' of object '' is: '4000'

2018-05-16 18:56:52 - [TEST_STEP][PASSED] - Statement - Rqty = 10000: null

2018-05-16 18:56:52 - [TEST_STEP][PASSED] - delay: Delayed 2 second(s)

2018-05-16 18:56:54 - [MESSAGE][PASSED] - Delayed 2 second(s)

2018-05-16 18:56:54 - [TEST_STEP][PASSED] - Statement - out.println("BatchQty : " + batchqty): null

2018-05-16 18:56:54 - [TEST_STEP][PASSED] - Statement - out.println("RQty : " + Rqty): null

2018-05-16 18:56:54 - [TEST_STEP][PASSED] - Statement - If (java.lang.Integer.valueOf(batchqty) >= java.lang.Integer.valueOf(Rqty)): null

2018-05-16 18:56:54 - [TEST_STEP][PASSED] - Statement - Else: null

2018-05-16 18:56:54 - [TEST_STEP][PASSED] - Statement - out.println("Batchqty Is Less Than Rqty"): null

2018-05-16 18:56:54 - [TEST_STEP][PASSED] - Statement - product = new com.kms.katalon.core.testobject.TestObject(): null

2018-05-16 18:56:54 - [TEST_STEP][PASSED] - Statement - product = com.kms.katalon.core.webui.keyword.WebUiBuiltInKeywords.modifyObjectProperty(product, "xpath", "equals", "//*[@id = "fldvendor" + row + ""]", true): Modify property of object successfully

2018-05-16 18:56:54 - [MESSAGE][PASSED] - Modify property of object successfully

2018-05-16 18:56:54 - [TEST_STEP][PASSED] - selectOptionByIndex: All options with index in [3] are selected on object ''

2018-05-16 18:56:54 - [MESSAGE][PASSED] - All options with index in [3] are selected on object ''

2018-05-16 18:56:54 - [TEST_STEP][PASSED] - Statement - batch = new com.kms.katalon.core.testobject.TestObject(): null

2018-05-16 18:56:54 - [TEST_STEP][PASSED] - Statement - batch = com.kms.katalon.core.webui.keyword.WebUiBuiltInKeywords.modifyObjectProperty(batch, "xpath", "equals", "//*[@id = "txtbthqty" + row + ""]", true): Modify property of object successfully

2018-05-16 18:56:54 - [MESSAGE][PASSED] - Modify property of object successfully

2018-05-16 18:56:54 - [TEST_STEP][PASSED] - Statement - batchqty = com.kms.katalon.core.webui.keyword.WebUiBuiltInKeywords.getAttribute(batch, "value").trim(): Attribute 'value' of object '' is: '5000'

2018-05-16 18:56:54 - [MESSAGE][PASSED] - Attribute 'value' of object '' is: '5000'

2018-05-16 18:56:54 - [TEST_STEP][PASSED] - Statement - Rqty = 10000: null

2018-05-16 18:56:54 - [TEST_STEP][PASSED] - delay: Delayed 2 second(s)

2018-05-16 18:56:56 - [MESSAGE][PASSED] - Delayed 2 second(s)

2018-05-16 18:56:56 - [TEST_STEP][PASSED] - Statement - out.println("BatchQty : " + batchqty): null

2018-05-16 18:56:56 - [TEST_STEP][PASSED] - Statement - out.println("RQty : " + Rqty): null

2018-05-16 18:56:56 - [TEST_STEP][PASSED] - Statement - If (java.lang.Integer.valueOf(batchqty) >= java.lang.Integer.valueOf(Rqty)): null

2018-05-16 18:56:56 - [TEST_STEP][PASSED] - Statement - Else: null

2018-05-16 18:56:56 - [TEST_STEP][PASSED] - Statement - out.println("Batchqty Is Less Than Rqty"): null

2018-05-16 18:56:56 - [TEST_STEP][PASSED] - Statement - product = new com.kms.katalon.core.testobject.TestObject(): null

2018-05-16 18:56:56 - [TEST_STEP][PASSED] - Statement - product = com.kms.katalon.core.webui.keyword.WebUiBuiltInKeywords.modifyObjectProperty(product, "xpath", "equals", "//*[@id = "fldvendor" + row + ""]", true): Modify property of object successfully

2018-05-16 18:56:56 - [MESSAGE][PASSED] - Modify property of object successfully

2018-05-16 18:56:56 - [TEST_STEP][PASSED] - selectOptionByIndex: All options with index in [4] are selected on object ''

2018-05-16 18:56:56 - [MESSAGE][PASSED] - All options with index in [4] are selected on object ''

2018-05-16 18:56:56 - [TEST_STEP][PASSED] - Statement - batch = new com.kms.katalon.core.testobject.TestObject(): null

2018-05-16 18:56:56 - [TEST_STEP][PASSED] - Statement - batch = com.kms.katalon.core.webui.keyword.WebUiBuiltInKeywords.modifyObjectProperty(batch, "xpath", "equals", "//*[@id = "txtbthqty" + row + ""]", true): Modify property of object successfully

2018-05-16 18:56:56 - [MESSAGE][PASSED] - Modify property of object successfully

2018-05-16 18:56:56 - [TEST_STEP][PASSED] - Statement - batchqty = com.kms.katalon.core.webui.keyword.WebUiBuiltInKeywords.getAttribute(batch, "value").trim(): Attribute 'value' of object '' is: '5000'

2018-05-16 18:56:56 - [MESSAGE][PASSED] - Attribute 'value' of object '' is: '5000'

2018-05-16 18:56:56 - [TEST_STEP][PASSED] - Statement - Rqty = 10000: null

2018-05-16 18:56:56 - [TEST_STEP][PASSED] - delay: Delayed 2 second(s)

2018-05-16 18:56:58 - [MESSAGE][PASSED] - Delayed 2 second(s)

2018-05-16 18:56:58 - [TEST_STEP][PASSED] - Statement - out.println("BatchQty : " + batchqty): null

2018-05-16 18:56:58 - [TEST_STEP][PASSED] - Statement - out.println("RQty : " + Rqty): null

2018-05-16 18:56:58 - [TEST_STEP][PASSED] - Statement - If (java.lang.Integer.valueOf(batchqty) >= java.lang.Integer.valueOf(Rqty)): null

2018-05-16 18:56:58 - [TEST_STEP][PASSED] - Statement - Else: null

2018-05-16 18:56:58 - [TEST_STEP][PASSED] - Statement - out.println("Batchqty Is Less Than Rqty"): null

2018-05-16 18:56:58 - [TEST_STEP][PASSED] - Statement - product = new com.kms.katalon.core.testobject.TestObject(): null

2018-05-16 18:56:58 - [TEST_STEP][PASSED] - Statement - product = com.kms.katalon.core.webui.keyword.WebUiBuiltInKeywords.modifyObjectProperty(product, "xpath", "equals", "//*[@id = "fldvendor" + row + ""]", true): Modify property of object successfully

2018-05-16 18:56:58 - [MESSAGE][PASSED] - Modify property of object successfully

2018-05-16 18:56:58 - [TEST_STEP][PASSED] - selectOptionByIndex: All options with index in [5] are selected on object ''

2018-05-16 18:56:58 - [MESSAGE][PASSED] - All options with index in [5] are selected on object ''

2018-05-16 18:56:58 - [TEST_STEP][PASSED] - Statement - batch = new com.kms.katalon.core.testobject.TestObject(): null

2018-05-16 18:56:58 - [TEST_STEP][PASSED] - Statement - batch = com.kms.katalon.core.webui.keyword.WebUiBuiltInKeywords.modifyObjectProperty(batch, "xpath", "equals", "//*[@id = "txtbthqty" + row + ""]", true): Modify property of object successfully

2018-05-16 18:56:58 - [MESSAGE][PASSED] - Modify property of object successfully

2018-05-16 18:56:58 - [TEST_STEP][PASSED] - Statement - batchqty = com.kms.katalon.core.webui.keyword.WebUiBuiltInKeywords.getAttribute(batch, "value").trim(): Attribute 'value' of object '' is: '40000'

2018-05-16 18:56:58 - [MESSAGE][PASSED] - Attribute 'value' of object '' is: '40000'

2018-05-16 18:56:58 - [TEST_STEP][PASSED] - Statement - Rqty = 10000: null

2018-05-16 18:56:58 - [TEST_STEP][PASSED] - delay: Delayed 2 second(s)

2018-05-16 18:57:00 - [MESSAGE][PASSED] - Delayed 2 second(s)

2018-05-16 18:57:00 - [TEST_STEP][PASSED] - Statement - out.println("BatchQty : " + batchqty): null

2018-05-16 18:57:00 - [TEST_STEP][PASSED] - Statement - out.println("RQty : " + Rqty): null

2018-05-16 18:57:00 - [TEST_STEP][PASSED] - Statement - If (java.lang.Integer.valueOf(batchqty) >= java.lang.Integer.valueOf(Rqty)): null

2018-05-16 18:57:00 - [TEST_STEP][PASSED] - Statement - Break: null

2018-05-16 18:57:00 - [TEST_STEP][PASSED] - Statement - batchlength = new com.kms.katalon.core.testobject.TestObject(): null

2018-05-16 18:57:00 - [TEST_STEP][PASSED] - Statement - batchlength = com.kms.katalon.core.webui.keyword.WebUiBuiltInKeywords.modifyObjectProperty(batchlength, "xpath", "equals", "//*[@id = "fldvendor" + row + ""]", true): Modify property of object successfully

2018-05-16 18:57:00 - [MESSAGE][PASSED] - Modify property of object successfully

2018-05-16 18:57:00 - [TEST_STEP][PASSED] - Statement - batchsize = com.kms.katalon.core.webui.keyword.WebUiBuiltInKeywords.getNumberOfTotalOption(batchlength): 6 options of object '' counted

2018-05-16 18:57:00 - [MESSAGE][PASSED] - 6 options of object '' counted

2018-05-16 18:57:00 - [TEST_STEP][PASSED] - Statement - out.println("BatchSize : " + batchsize): null

2018-05-16 18:57:00 - [TEST_STEP][PASSED] - Statement - For ([n = 1, n <= batchsize - 1, (n++)]): null

2018-05-16 18:57:00 - [TEST_STEP][PASSED] - Statement - product = new com.kms.katalon.core.testobject.TestObject(): null

2018-05-16 18:57:00 - [TEST_STEP][PASSED] - Statement - product = com.kms.katalon.core.webui.keyword.WebUiBuiltInKeywords.modifyObjectProperty(product, "xpath", "equals", "//*[@id = "fldvendor" + row + ""]", true): Modify property of object successfully

2018-05-16 18:57:00 - [MESSAGE][PASSED] - Modify property of object successfully

2018-05-16 18:57:00 - [TEST_STEP][PASSED] - selectOptionByIndex: All options with index in [1] are selected on object ''

2018-05-16 18:57:01 - [MESSAGE][PASSED] - All options with index in [1] are selected on object ''

2018-05-16 18:57:01 - [TEST_STEP][PASSED] - Statement - batch = new com.kms.katalon.core.testobject.TestObject(): null

2018-05-16 18:57:01 - [TEST_STEP][PASSED] - Statement - batch = com.kms.katalon.core.webui.keyword.WebUiBuiltInKeywords.modifyObjectProperty(batch, "xpath", "equals", "//*[@id = "txtbthqty" + row + ""]", true): Modify property of object successfully

2018-05-16 18:57:01 - [MESSAGE][PASSED] - Modify property of object successfully

2018-05-16 18:57:01 - [TEST_STEP][PASSED] - Statement - batchqty = com.kms.katalon.core.webui.keyword.WebUiBuiltInKeywords.getAttribute(batch, "value").trim(): Attribute 'value' of object '' is: '39000'

2018-05-16 18:57:01 - [MESSAGE][PASSED] - Attribute 'value' of object '' is: '39000'

2018-05-16 18:57:01 - [TEST_STEP][PASSED] - Statement - Rqty = 10000: null

2018-05-16 18:57:01 - [TEST_STEP][PASSED] - delay: Delayed 2 second(s)

2018-05-16 18:57:03 - [MESSAGE][PASSED] - Delayed 2 second(s)

2018-05-16 18:57:03 - [TEST_STEP][PASSED] - Statement - out.println("BatchQty : " + batchqty): null

2018-05-16 18:57:03 - [TEST_STEP][PASSED] - Statement - out.println("RQty : " + Rqty): null

2018-05-16 18:57:03 - [TEST_STEP][PASSED] - Statement - If (java.lang.Integer.valueOf(batchqty) >= java.lang.Integer.valueOf(Rqty)): null

2018-05-16 18:57:03 - [TEST_STEP][PASSED] - Statement - Break: null

2018-05-16 18:57:03 - [TEST_STEP][PASSED] - Statement - batchlength = new com.kms.katalon.core.testobject.TestObject(): null

2018-05-16 18:57:03 - [TEST_STEP][PASSED] - Statement - batchlength = com.kms.katalon.core.webui.keyword.WebUiBuiltInKeywords.modifyObjectProperty(batchlength, "xpath", "equals", "//*[@id = "fldvendor" + row + ""]", true): Modify property of object successfully

2018-05-16 18:57:03 - [MESSAGE][PASSED] - Modify property of object successfully

2018-05-16 18:57:03 - [TEST_STEP][PASSED] - Statement - batchsize = com.kms.katalon.core.webui.keyword.WebUiBuiltInKeywords.getNumberOfTotalOption(batchlength): 6 options of object '' counted

2018-05-16 18:57:03 - [MESSAGE][PASSED] - 6 options of object '' counted

2018-05-16 18:57:03 - [TEST_STEP][PASSED] - Statement - out.println("BatchSize : " + batchsize): null

2018-05-16 18:57:03 - [TEST_STEP][PASSED] - Statement - For ([n = 1, n <= batchsize - 1, (n++)]): null

2018-05-16 18:57:03 - [TEST_STEP][PASSED] - Statement - product = new com.kms.katalon.core.testobject.TestObject(): null

2018-05-16 18:57:03 - [TEST_STEP][PASSED] - Statement - product = com.kms.katalon.core.webui.keyword.WebUiBuiltInKeywords.modifyObjectProperty(product, "xpath", "equals", "//*[@id = "fldvendor" + row + ""]", true): Modify property of object successfully

2018-05-16 18:57:03 - [MESSAGE][PASSED] - Modify property of object successfully

2018-05-16 18:57:03 - [TEST_STEP][PASSED] - selectOptionByIndex: All options with index in [1] are selected on object ''

2018-05-16 18:57:03 - [MESSAGE][PASSED] - All options with index in [1] are selected on object ''

2018-05-16 18:57:03 - [TEST_STEP][PASSED] - Statement - batch = new com.kms.katalon.core.testobject.TestObject(): null

2018-05-16 18:57:03 - [TEST_STEP][PASSED] - Statement - batch = com.kms.katalon.core.webui.keyword.WebUiBuiltInKeywords.modifyObjectProperty(batch, "xpath", "equals", "//*[@id = "txtbthqty" + row + ""]", true): Modify property of object successfully

2018-05-16 18:57:03 - [MESSAGE][PASSED] - Modify property of object successfully

2018-05-16 18:57:03 - [TEST_STEP][PASSED] - Statement - batchqty = com.kms.katalon.core.webui.keyword.WebUiBuiltInKeywords.getAttribute(batch, "value").trim(): Attribute 'value' of object '' is: '5000'

2018-05-16 18:57:03 - [MESSAGE][PASSED] - Attribute 'value' of object '' is: '5000'

2018-05-16 18:57:03 - [TEST_STEP][PASSED] - Statement - Rqty = 10000: null

2018-05-16 18:57:03 - [TEST_STEP][PASSED] - delay: Delayed 2 second(s)

2018-05-16 18:57:05 - [MESSAGE][PASSED] - Delayed 2 second(s)

2018-05-16 18:57:05 - [TEST_STEP][PASSED] - Statement - out.println("BatchQty : " + batchqty): null

2018-05-16 18:57:05 - [TEST_STEP][PASSED] - Statement - out.println("RQty : " + Rqty): null

2018-05-16 18:57:05 - [TEST_STEP][PASSED] - Statement - If (java.lang.Integer.valueOf(batchqty) >= java.lang.Integer.valueOf(Rqty)): null

2018-05-16 18:57:05 - [TEST_STEP][PASSED] - Statement - Else: null

2018-05-16 18:57:05 - [TEST_STEP][PASSED] - Statement - out.println("Batchqty Is Less Than Rqty"): null

2018-05-16 18:57:05 - [TEST_STEP][PASSED] - Statement - product = new com.kms.katalon.core.testobject.TestObject(): null

2018-05-16 18:57:05 - [TEST_STEP][PASSED] - Statement - product = com.kms.katalon.core.webui.keyword.WebUiBuiltInKeywords.modifyObjectProperty(product, "xpath", "equals", "//*[@id = "fldvendor" + row + ""]", true): Modify property of object successfully

2018-05-16 18:57:05 - [MESSAGE][PASSED] - Modify property of object successfully

2018-05-16 18:57:05 - [TEST_STEP][PASSED] - selectOptionByIndex: All options with index in [2] are selected on object ''

2018-05-16 18:57:05 - [MESSAGE][PASSED] - All options with index in [2] are selected on object ''

2018-05-16 18:57:05 - [TEST_STEP][PASSED] - Statement - batch = new com.kms.katalon.core.testobject.TestObject(): null

2018-05-16 18:57:05 - [TEST_STEP][PASSED] - Statement - batch = com.kms.katalon.core.webui.keyword.WebUiBuiltInKeywords.modifyObjectProperty(batch, "xpath", "equals", "//*[@id = "txtbthqty" + row + ""]", true): Modify property of object successfully

2018-05-16 18:57:05 - [MESSAGE][PASSED] - Modify property of object successfully

2018-05-16 18:57:05 - [TEST_STEP][PASSED] - Statement - batchqty = com.kms.katalon.core.webui.keyword.WebUiBuiltInKeywords.getAttribute(batch, "value").trim(): Attribute 'value' of object '' is: '5000'

2018-05-16 18:57:05 - [MESSAGE][PASSED] - Attribute 'value' of object '' is: '5000'

2018-05-16 18:57:05 - [TEST_STEP][PASSED] - Statement - Rqty = 10000: null

2018-05-16 18:57:05 - [TEST_STEP][PASSED] - delay: Delayed 2 second(s)

2018-05-16 18:57:07 - [MESSAGE][PASSED] - Delayed 2 second(s)

2018-05-16 18:57:07 - [TEST_STEP][PASSED] - Statement - out.println("BatchQty : " + batchqty): null

2018-05-16 18:57:07 - [TEST_STEP][PASSED] - Statement - out.println("RQty : " + Rqty): null

2018-05-16 18:57:07 - [TEST_STEP][PASSED] - Statement - If (java.lang.Integer.valueOf(batchqty) >= java.lang.Integer.valueOf(Rqty)): null

2018-05-16 18:57:07 - [TEST_STEP][PASSED] - Statement - Else: null

2018-05-16 18:57:07 - [TEST_STEP][PASSED] - Statement - out.println("Batchqty Is Less Than Rqty"): null

2018-05-16 18:57:07 - [TEST_STEP][PASSED] - Statement - product = new com.kms.katalon.core.testobject.TestObject(): null

2018-05-16 18:57:07 - [TEST_STEP][PASSED] - Statement - product = com.kms.katalon.core.webui.keyword.WebUiBuiltInKeywords.modifyObjectProperty(product, "xpath", "equals", "//*[@id = "fldvendor" + row + ""]", true): Modify property of object successfully

2018-05-16 18:57:07 - [MESSAGE][PASSED] - Modify property of object successfully

2018-05-16 18:57:07 - [TEST_STEP][PASSED] - selectOptionByIndex: All options with index in [3] are selected on object ''

2018-05-16 18:57:07 - [MESSAGE][PASSED] - All options with index in [3] are selected on object ''

2018-05-16 18:57:07 - [TEST_STEP][PASSED] - Statement - batch = new com.kms.katalon.core.testobject.TestObject(): null

2018-05-16 18:57:07 - [TEST_STEP][PASSED] - Statement - batch = com.kms.katalon.core.webui.keyword.WebUiBuiltInKeywords.modifyObjectProperty(batch, "xpath", "equals", "//*[@id = "txtbthqty" + row + ""]", true): Modify property of object successfully

2018-05-16 18:57:07 - [MESSAGE][PASSED] - Modify property of object successfully

2018-05-16 18:57:07 - [TEST_STEP][PASSED] - Statement - batchqty = com.kms.katalon.core.webui.keyword.WebUiBuiltInKeywords.getAttribute(batch, "value").trim(): Attribute 'value' of object '' is: '4000'

2018-05-16 18:57:07 - [MESSAGE][PASSED] - Attribute 'value' of object '' is: '4000'

2018-05-16 18:57:07 - [TEST_STEP][PASSED] - Statement - Rqty = 10000: null

2018-05-16 18:57:07 - [TEST_STEP][PASSED] - delay: Delayed 2 second(s)

2018-05-16 18:57:09 - [MESSAGE][PASSED] - Delayed 2 second(s)

2018-05-16 18:57:09 - [TEST_STEP][PASSED] - Statement - out.println("BatchQty : " + batchqty): null

2018-05-16 18:57:09 - [TEST_STEP][PASSED] - Statement - out.println("RQty : " + Rqty): null

2018-05-16 18:57:09 - [TEST_STEP][PASSED] - Statement - If (java.lang.Integer.valueOf(batchqty) >= java.lang.Integer.valueOf(Rqty)): null

2018-05-16 18:57:09 - [TEST_STEP][PASSED] - Statement - Else: null

2018-05-16 18:57:09 - [TEST_STEP][PASSED] - Statement - out.println("Batchqty Is Less Than Rqty"): null

2018-05-16 18:57:09 - [TEST_STEP][PASSED] - Statement - product = new com.kms.katalon.core.testobject.TestObject(): null

2018-05-16 18:57:09 - [TEST_STEP][PASSED] - Statement - product = com.kms.katalon.core.webui.keyword.WebUiBuiltInKeywords.modifyObjectProperty(product, "xpath", "equals", "//*[@id = "fldvendor" + row + ""]", true): Modify property of object successfully

2018-05-16 18:57:09 - [MESSAGE][PASSED] - Modify property of object successfully

2018-05-16 18:57:09 - [TEST_STEP][PASSED] - selectOptionByIndex: All options with index in [4] are selected on object ''

2018-05-16 18:57:09 - [MESSAGE][PASSED] - All options with index in [4] are selected on object ''

2018-05-16 18:57:09 - [TEST_STEP][PASSED] - Statement - batch = new com.kms.katalon.core.testobject.TestObject(): null

2018-05-16 18:57:09 - [TEST_STEP][PASSED] - Statement - batch = com.kms.katalon.core.webui.keyword.WebUiBuiltInKeywords.modifyObjectProperty(batch, "xpath", "equals", "//*[@id = "txtbthqty" + row + ""]", true): Modify property of object successfully

2018-05-16 18:57:09 - [MESSAGE][PASSED] - Modify property of object successfully

2018-05-16 18:57:09 - [TEST_STEP][PASSED] - Statement - batchqty = com.kms.katalon.core.webui.keyword.WebUiBuiltInKeywords.getAttribute(batch, "value").trim(): Attribute 'value' of object '' is: '5000'

2018-05-16 18:57:09 - [MESSAGE][PASSED] - Attribute 'value' of object '' is: '5000'

2018-05-16 18:57:09 - [TEST_STEP][PASSED] - Statement - Rqty = 10000: null

2018-05-16 18:57:09 - [TEST_STEP][PASSED] - delay: Delayed 2 second(s)

2018-05-16 18:57:11 - [MESSAGE][PASSED] - Delayed 2 second(s)

2018-05-16 18:57:11 - [TEST_STEP][PASSED] - Statement - out.println("BatchQty : " + batchqty): null

2018-05-16 18:57:11 - [TEST_STEP][PASSED] - Statement - out.println("RQty : " + Rqty): null

2018-05-16 18:57:11 - [TEST_STEP][PASSED] - Statement - If (java.lang.Integer.valueOf(batchqty) >= java.lang.Integer.valueOf(Rqty)): null

2018-05-16 18:57:11 - [TEST_STEP][PASSED] - Statement - Else: null

2018-05-16 18:57:11 - [TEST_STEP][PASSED] - Statement - out.println("Batchqty Is Less Than Rqty"): null

2018-05-16 18:57:11 - [TEST_STEP][PASSED] - Statement - product = new com.kms.katalon.core.testobject.TestObject(): null

2018-05-16 18:57:11 - [TEST_STEP][PASSED] - Statement - product = com.kms.katalon.core.webui.keyword.WebUiBuiltInKeywords.modifyObjectProperty(product, "xpath", "equals", "//*[@id = "fldvendor" + row + ""]", true): Modify property of object successfully

2018-05-16 18:57:11 - [MESSAGE][PASSED] - Modify property of object successfully

2018-05-16 18:57:11 - [TEST_STEP][PASSED] - selectOptionByIndex: All options with index in [5] are selected on object ''

2018-05-16 18:57:12 - [MESSAGE][PASSED] - All options with index in [5] are selected on object ''

2018-05-16 18:57:12 - [TEST_STEP][PASSED] - Statement - batch = new com.kms.katalon.core.testobject.TestObject(): null

2018-05-16 18:57:12 - [TEST_STEP][PASSED] - Statement - batch = com.kms.katalon.core.webui.keyword.WebUiBuiltInKeywords.modifyObjectProperty(batch, "xpath", "equals", "//*[@id = "txtbthqty" + row + ""]", true): Modify property of object successfully

2018-05-16 18:57:12 - [MESSAGE][PASSED] - Modify property of object successfully

2018-05-16 18:57:12 - [TEST_STEP][PASSED] - Statement - batchqty = com.kms.katalon.core.webui.keyword.WebUiBuiltInKeywords.getAttribute(batch, "value").trim(): Attribute 'value' of object '' is: '40000'

2018-05-16 18:57:12 - [MESSAGE][PASSED] - Attribute 'value' of object '' is: '40000'

2018-05-16 18:57:12 - [TEST_STEP][PASSED] - Statement - Rqty = 10000: null

2018-05-16 18:57:12 - [TEST_STEP][PASSED] - delay: Delayed 2 second(s)

2018-05-16 18:57:14 - [MESSAGE][PASSED] - Delayed 2 second(s)

2018-05-16 18:57:14 - [TEST_STEP][PASSED] - Statement - out.println("BatchQty : " + batchqty): null

2018-05-16 18:57:14 - [TEST_STEP][PASSED] - Statement - out.println("RQty : " + Rqty): null

2018-05-16 18:57:14 - [TEST_STEP][PASSED] - Statement - If (java.lang.Integer.valueOf(batchqty) >= java.lang.Integer.valueOf(Rqty)): null

2018-05-16 18:57:14 - [TEST_STEP][PASSED] - Statement - Break: null

2018-05-16 18:57:14 - [TEST_STEP][PASSED] - Statement - batchlength = new com.kms.katalon.core.testobject.TestObject(): null

2018-05-16 18:57:14 - [TEST_STEP][PASSED] - Statement - batchlength = com.kms.katalon.core.webui.keyword.WebUiBuiltInKeywords.modifyObjectProperty(batchlength, "xpath", "equals", "//*[@id = "fldvendor" + row + ""]", true): Modify property of object successfully

2018-05-16 18:57:14 - [MESSAGE][PASSED] - Modify property of object successfully

2018-05-16 18:57:14 - [TEST_STEP][PASSED] - Statement - batchsize = com.kms.katalon.core.webui.keyword.WebUiBuiltInKeywords.getNumberOfTotalOption(batchlength): 6 options of object '' counted

2018-05-16 18:57:14 - [MESSAGE][PASSED] - 6 options of object '' counted

2018-05-16 18:57:14 - [TEST_STEP][PASSED] - Statement - out.println("BatchSize : " + batchsize): null

2018-05-16 18:57:14 - [TEST_STEP][PASSED] - Statement - For ([n = 1, n <= batchsize - 1, (n++)]): null

2018-05-16 18:57:14 - [TEST_STEP][PASSED] - Statement - product = new com.kms.katalon.core.testobject.TestObject(): null

2018-05-16 18:57:14 - [TEST_STEP][PASSED] - Statement - product = com.kms.katalon.core.webui.keyword.WebUiBuiltInKeywords.modifyObjectProperty(product, "xpath", "equals", "//*[@id = "fldvendor" + row + ""]", true): Modify property of object successfully

2018-05-16 18:57:14 - [MESSAGE][PASSED] - Modify property of object successfully

2018-05-16 18:57:14 - [TEST_STEP][PASSED] - selectOptionByIndex: All options with index in [1] are selected on object ''

2018-05-16 18:57:14 - [MESSAGE][PASSED] - All options with index in [1] are selected on object ''

2018-05-16 18:57:14 - [TEST_STEP][PASSED] - Statement - batch = new com.kms.katalon.core.testobject.TestObject(): null

2018-05-16 18:57:14 - [TEST_STEP][PASSED] - Statement - batch = com.kms.katalon.core.webui.keyword.WebUiBuiltInKeywords.modifyObjectProperty(batch, "xpath", "equals", "//*[@id = "txtbthqty" + row + ""]", true): Modify property of object successfully

2018-05-16 18:57:14 - [MESSAGE][PASSED] - Modify property of object successfully

2018-05-16 18:57:14 - [TEST_STEP][PASSED] - Statement - batchqty = com.kms.katalon.core.webui.keyword.WebUiBuiltInKeywords.getAttribute(batch, "value").trim(): Attribute 'value' of object '' is: '5000'

2018-05-16 18:57:14 - [MESSAGE][PASSED] - Attribute 'value' of object '' is: '5000'

2018-05-16 18:57:14 - [TEST_STEP][PASSED] - Statement - Rqty = 10000: null

2018-05-16 18:57:14 - [TEST_STEP][PASSED] - delay: Delayed 2 second(s)

2018-05-16 18:57:16 - [MESSAGE][PASSED] - Delayed 2 second(s)

2018-05-16 18:57:16 - [TEST_STEP][PASSED] - Statement - out.println("BatchQty : " + batchqty): null

2018-05-16 18:57:16 - [TEST_STEP][PASSED] - Statement - out.println("RQty : " + Rqty): null

2018-05-16 18:57:16 - [TEST_STEP][PASSED] - Statement - If (java.lang.Integer.valueOf(batchqty) >= java.lang.Integer.valueOf(Rqty)): null

2018-05-16 18:57:16 - [TEST_STEP][PASSED] - Statement - Else: null

2018-05-16 18:57:16 - [TEST_STEP][PASSED] - Statement - out.println("Batchqty Is Less Than Rqty"): null

2018-05-16 18:57:16 - [TEST_STEP][PASSED] - Statement - product = new com.kms.katalon.core.testobject.TestObject(): null

2018-05-16 18:57:16 - [TEST_STEP][PASSED] - Statement - product = com.kms.katalon.core.webui.keyword.WebUiBuiltInKeywords.modifyObjectProperty(product, "xpath", "equals", "//*[@id = "fldvendor" + row + ""]", true): Modify property of object successfully

2018-05-16 18:57:16 - [MESSAGE][PASSED] - Modify property of object successfully

2018-05-16 18:57:16 - [TEST_STEP][PASSED] - selectOptionByIndex: All options with index in [2] are selected on object ''

2018-05-16 18:57:16 - [MESSAGE][PASSED] - All options with index in [2] are selected on object ''

2018-05-16 18:57:16 - [TEST_STEP][PASSED] - Statement - batch = new com.kms.katalon.core.testobject.TestObject(): null

2018-05-16 18:57:16 - [TEST_STEP][PASSED] - Statement - batch = com.kms.katalon.core.webui.keyword.WebUiBuiltInKeywords.modifyObjectProperty(batch, "xpath", "equals", "//*[@id = "txtbthqty" + row + ""]", true): Modify property of object successfully

2018-05-16 18:57:16 - [MESSAGE][PASSED] - Modify property of object successfully

2018-05-16 18:57:16 - [TEST_STEP][PASSED] - Statement - batchqty = com.kms.katalon.core.webui.keyword.WebUiBuiltInKeywords.getAttribute(batch, "value").trim(): Attribute 'value' of object '' is: '4000'

2018-05-16 18:57:16 - [MESSAGE][PASSED] - Attribute 'value' of object '' is: '4000'

2018-05-16 18:57:16 - [TEST_STEP][PASSED] - Statement - Rqty = 10000: null

2018-05-16 18:57:16 - [TEST_STEP][PASSED] - delay: Delayed 2 second(s)

2018-05-16 18:57:18 - [MESSAGE][PASSED] - Delayed 2 second(s)

2018-05-16 18:57:18 - [TEST_STEP][PASSED] - Statement - out.println("BatchQty : " + batchqty): null

2018-05-16 18:57:18 - [TEST_STEP][PASSED] - Statement - out.println("RQty : " + Rqty): null

2018-05-16 18:57:18 - [TEST_STEP][PASSED] - Statement - If (java.lang.Integer.valueOf(batchqty) >= java.lang.Integer.valueOf(Rqty)): null

2018-05-16 18:57:18 - [TEST_STEP][PASSED] - Statement - Else: null

2018-05-16 18:57:18 - [TEST_STEP][PASSED] - Statement - out.println("Batchqty Is Less Than Rqty"): null

2018-05-16 18:57:18 - [TEST_STEP][PASSED] - Statement - product = new com.kms.katalon.core.testobject.TestObject(): null

2018-05-16 18:57:18 - [TEST_STEP][PASSED] - Statement - product = com.kms.katalon.core.webui.keyword.WebUiBuiltInKeywords.modifyObjectProperty(product, "xpath", "equals", "//*[@id = "fldvendor" + row + ""]", true): Modify property of object successfully

2018-05-16 18:57:18 - [MESSAGE][PASSED] - Modify property of object successfully

2018-05-16 18:57:18 - [TEST_STEP][PASSED] - selectOptionByIndex: All options with index in [3] are selected on object ''

2018-05-16 18:57:18 - [MESSAGE][PASSED] - All options with index in [3] are selected on object ''

2018-05-16 18:57:18 - [TEST_STEP][PASSED] - Statement - batch = new com.kms.katalon.core.testobject.TestObject(): null

2018-05-16 18:57:18 - [TEST_STEP][PASSED] - Statement - batch = com.kms.katalon.core.webui.keyword.WebUiBuiltInKeywords.modifyObjectProperty(batch, "xpath", "equals", "//*[@id = "txtbthqty" + row + ""]", true): Modify property of object successfully

2018-05-16 18:57:18 - [MESSAGE][PASSED] - Modify property of object successfully

2018-05-16 18:57:18 - [TEST_STEP][PASSED] - Statement - batchqty = com.kms.katalon.core.webui.keyword.WebUiBuiltInKeywords.getAttribute(batch, "value").trim(): Attribute 'value' of object '' is: '5000'

2018-05-16 18:57:18 - [MESSAGE][PASSED] - Attribute 'value' of object '' is: '5000'

2018-05-16 18:57:18 - [TEST_STEP][PASSED] - Statement - Rqty = 10000: null

2018-05-16 18:57:18 - [TEST_STEP][PASSED] - delay: Delayed 2 second(s)

2018-05-16 18:57:20 - [MESSAGE][PASSED] - Delayed 2 second(s)

2018-05-16 18:57:20 - [TEST_STEP][PASSED] - Statement - out.println("BatchQty : " + batchqty): null

2018-05-16 18:57:20 - [TEST_STEP][PASSED] - Statement - out.println("RQty : " + Rqty): null

2018-05-16 18:57:20 - [TEST_STEP][PASSED] - Statement - If (java.lang.Integer.valueOf(batchqty) >= java.lang.Integer.valueOf(Rqty)): null

2018-05-16 18:57:20 - [TEST_STEP][PASSED] - Statement - Else: null

2018-05-16 18:57:20 - [TEST_STEP][PASSED] - Statement - out.println("Batchqty Is Less Than Rqty"): null

2018-05-16 18:57:20 - [TEST_STEP][PASSED] - Statement - product = new com.kms.katalon.core.testobject.TestObject(): null

2018-05-16 18:57:20 - [TEST_STEP][PASSED] - Statement - product = com.kms.katalon.core.webui.keyword.WebUiBuiltInKeywords.modifyObjectProperty(product, "xpath", "equals", "//*[@id = "fldvendor" + row + ""]", true): Modify property of object successfully

2018-05-16 18:57:20 - [MESSAGE][PASSED] - Modify property of object successfully

2018-05-16 18:57:20 - [TEST_STEP][PASSED] - selectOptionByIndex: All options with index in [4] are selected on object ''

2018-05-16 18:57:21 - [MESSAGE][PASSED] - All options with index in [4] are selected on object ''

2018-05-16 18:57:21 - [TEST_STEP][PASSED] - Statement - batch = new com.kms.katalon.core.testobject.TestObject(): null

2018-05-16 18:57:21 - [TEST_STEP][PASSED] - Statement - batch = com.kms.katalon.core.webui.keyword.WebUiBuiltInKeywords.modifyObjectProperty(batch, "xpath", "equals", "//*[@id = "txtbthqty" + row + ""]", true): Modify property of object successfully

2018-05-16 18:57:21 - [MESSAGE][PASSED] - Modify property of object successfully

2018-05-16 18:57:21 - [TEST_STEP][PASSED] - Statement - batchqty = com.kms.katalon.core.webui.keyword.WebUiBuiltInKeywords.getAttribute(batch, "value").trim(): Attribute 'value' of object '' is: '40000'

2018-05-16 18:57:21 - [MESSAGE][PASSED] - Attribute 'value' of object '' is: '40000'

2018-05-16 18:57:21 - [TEST_STEP][PASSED] - Statement - Rqty = 10000: null

2018-05-16 18:57:21 - [TEST_STEP][PASSED] - delay: Delayed 2 second(s)

2018-05-16 18:57:23 - [MESSAGE][PASSED] - Delayed 2 second(s)

2018-05-16 18:57:23 - [TEST_STEP][PASSED] - Statement - out.println("BatchQty : " + batchqty): null

2018-05-16 18:57:23 - [TEST_STEP][PASSED] - Statement - out.println("RQty : " + Rqty): null

2018-05-16 18:57:23 - [TEST_STEP][PASSED] - Statement - If (java.lang.Integer.valueOf(batchqty) >= java.lang.Integer.valueOf(Rqty)): null

2018-05-16 18:57:23 - [TEST_STEP][PASSED] - Statement - Break: null

2018-05-16 18:57:23 - [TEST_STEP][PASSED] - Statement - batchlength = new com.kms.katalon.core.testobject.TestObject(): null

2018-05-16 18:57:23 - [TEST_STEP][PASSED] - Statement - batchlength = com.kms.katalon.core.webui.keyword.WebUiBuiltInKeywords.modifyObjectProperty(batchlength, "xpath", "equals", "//*[@id = "fldvendor" + row + ""]", true): Modify property of object successfully

2018-05-16 18:57:23 - [MESSAGE][PASSED] - Modify property of object successfully

2018-05-16 18:57:23 - [TEST_STEP][PASSED] - Statement - batchsize = com.kms.katalon.core.webui.keyword.WebUiBuiltInKeywords.getNumberOfTotalOption(batchlength): 6 options of object '' counted

2018-05-16 18:57:23 - [MESSAGE][PASSED] - 6 options of object '' counted

2018-05-16 18:57:23 - [TEST_STEP][PASSED] - Statement - out.println("BatchSize : " + batchsize): null

2018-05-16 18:57:23 - [TEST_STEP][PASSED] - Statement - For ([n = 1, n <= batchsize - 1, (n++)]): null

2018-05-16 18:57:23 - [TEST_STEP][PASSED] - Statement - product = new com.kms.katalon.core.testobject.TestObject(): null

2018-05-16 18:57:23 - [TEST_STEP][PASSED] - Statement - product = com.kms.katalon.core.webui.keyword.WebUiBuiltInKeywords.modifyObjectProperty(product, "xpath", "equals", "//*[@id = "fldvendor" + row + ""]", true): Modify property of object successfully

2018-05-16 18:57:23 - [MESSAGE][PASSED] - Modify property of object successfully

2018-05-16 18:57:23 - [TEST_STEP][PASSED] - selectOptionByIndex: All options with index in [1] are selected on object ''

2018-05-16 18:57:23 - [MESSAGE][PASSED] - All options with index in [1] are selected on object ''

2018-05-16 18:57:23 - [TEST_STEP][PASSED] - Statement - batch = new com.kms.katalon.core.testobject.TestObject(): null

2018-05-16 18:57:23 - [TEST_STEP][PASSED] - Statement - batch = com.kms.katalon.core.webui.keyword.WebUiBuiltInKeywords.modifyObjectProperty(batch, "xpath", "equals", "//*[@id = "txtbthqty" + row + ""]", true): Modify property of object successfully

2018-05-16 18:57:23 - [MESSAGE][PASSED] - Modify property of object successfully

2018-05-16 18:57:23 - [TEST_STEP][PASSED] - Statement - batchqty = com.kms.katalon.core.webui.keyword.WebUiBuiltInKeywords.getAttribute(batch, "value").trim(): Attribute 'value' of object '' is: '39000'

2018-05-16 18:57:23 - [MESSAGE][PASSED] - Attribute 'value' of object '' is: '39000'

2018-05-16 18:57:23 - [TEST_STEP][PASSED] - Statement - Rqty = 10000: null

2018-05-16 18:57:23 - [TEST_STEP][PASSED] - delay: Delayed 2 second(s)

2018-05-16 18:57:25 - [MESSAGE][PASSED] - Delayed 2 second(s)

2018-05-16 18:57:25 - [TEST_STEP][PASSED] - Statement - out.println("BatchQty : " + batchqty): null

2018-05-16 18:57:25 - [TEST_STEP][PASSED] - Statement - out.println("RQty : " + Rqty): null

2018-05-16 18:57:25 - [TEST_STEP][PASSED] - Statement - If (java.lang.Integer.valueOf(batchqty) >= java.lang.Integer.valueOf(Rqty)): null

2018-05-16 18:57:25 - [TEST_STEP][PASSED] - Statement - Break: null

2018-05-16 18:57:25 - [TEST_STEP][PASSED] - Statement - batchlength = new com.kms.katalon.core.testobject.TestObject(): null

2018-05-16 18:57:25 - [TEST_STEP][PASSED] - Statement - batchlength = com.kms.katalon.core.webui.keyword.WebUiBuiltInKeywords.modifyObjectProperty(batchlength, "xpath", "equals", "//*[@id = "fldvendor" + row + ""]", true): Modify property of object successfully

2018-05-16 18:57:25 - [MESSAGE][PASSED] - Modify property of object successfully

2018-05-16 18:57:25 - [TEST_STEP][PASSED] - Statement - batchsize = com.kms.katalon.core.webui.keyword.WebUiBuiltInKeywords.getNumberOfTotalOption(batchlength): 6 options of object '' counted

2018-05-16 18:57:25 - [MESSAGE][PASSED] - 6 options of object '' counted

2018-05-16 18:57:25 - [TEST_STEP][PASSED] - Statement - out.println("BatchSize : " + batchsize): null

2018-05-16 18:57:25 - [TEST_STEP][PASSED] - Statement - For ([n = 1, n <= batchsize - 1, (n++)]): null

2018-05-16 18:57:25 - [TEST_STEP][PASSED] - Statement - product = new com.kms.katalon.core.testobject.TestObject(): null

2018-05-16 18:57:25 - [TEST_STEP][PASSED] - Statement - product = com.kms.katalon.core.webui.keyword.WebUiBuiltInKeywords.modifyObjectProperty(product, "xpath", "equals", "//*[@id = "fldvendor" + row + ""]", true): Modify property of object successfully

2018-05-16 18:57:25 - [MESSAGE][PASSED] - Modify property of object successfully

2018-05-16 18:57:25 - [TEST_STEP][PASSED] - selectOptionByIndex: All options with index in [1] are selected on object ''

2018-05-16 18:57:25 - [MESSAGE][PASSED] - All options with index in [1] are selected on object ''

2018-05-16 18:57:25 - [TEST_STEP][PASSED] - Statement - batch = new com.kms.katalon.core.testobject.TestObject(): null

2018-05-16 18:57:25 - [TEST_STEP][PASSED] - Statement - batch = com.kms.katalon.core.webui.keyword.WebUiBuiltInKeywords.modifyObjectProperty(batch, "xpath", "equals", "//*[@id = "txtbthqty" + row + ""]", true): Modify property of object successfully

2018-05-16 18:57:25 - [MESSAGE][PASSED] - Modify property of object successfully

2018-05-16 18:57:25 - [TEST_STEP][PASSED] - Statement - batchqty = com.kms.katalon.core.webui.keyword.WebUiBuiltInKeywords.getAttribute(batch, "value").trim(): Attribute 'value' of object '' is: '4000'

2018-05-16 18:57:25 - [MESSAGE][PASSED] - Attribute 'value' of object '' is: '4000'

2018-05-16 18:57:25 - [TEST_STEP][PASSED] - Statement - Rqty = 10000: null

2018-05-16 18:57:25 - [TEST_STEP][PASSED] - delay: Delayed 2 second(s)

2018-05-16 18:57:27 - [MESSAGE][PASSED] - Delayed 2 second(s)

2018-05-16 18:57:27 - [TEST_STEP][PASSED] - Statement - out.println("BatchQty : " + batchqty): null

2018-05-16 18:57:27 - [TEST_STEP][PASSED] - Statement - out.println("RQty : " + Rqty): null

2018-05-16 18:57:27 - [TEST_STEP][PASSED] - Statement - If (java.lang.Integer.valueOf(batchqty) >= java.lang.Integer.valueOf(Rqty)): null

2018-05-16 18:57:27 - [TEST_STEP][PASSED] - Statement - Else: null

2018-05-16 18:57:27 - [TEST_STEP][PASSED] - Statement - out.println("Batchqty Is Less Than Rqty"): null

2018-05-16 18:57:27 - [TEST_STEP][PASSED] - Statement - product = new com.kms.katalon.core.testobject.TestObject(): null

2018-05-16 18:57:27 - [TEST_STEP][PASSED] - Statement - product = com.kms.katalon.core.webui.keyword.WebUiBuiltInKeywords.modifyObjectProperty(product, "xpath", "equals", "//*[@id = "fldvendor" + row + ""]", true): Modify property of object successfully

2018-05-16 18:57:27 - [MESSAGE][PASSED] - Modify property of object successfully

2018-05-16 18:57:27 - [TEST_STEP][PASSED] - selectOptionByIndex: All options with index in [2] are selected on object ''

2018-05-16 18:57:27 - [MESSAGE][PASSED] - All options with index in [2] are selected on object ''

2018-05-16 18:57:27 - [TEST_STEP][PASSED] - Statement - batch = new com.kms.katalon.core.testobject.TestObject(): null

2018-05-16 18:57:27 - [TEST_STEP][PASSED] - Statement - batch = com.kms.katalon.core.webui.keyword.WebUiBuiltInKeywords.modifyObjectProperty(batch, "xpath", "equals", "//*[@id = "txtbthqty" + row + ""]", true): Modify property of object successfully

2018-05-16 18:57:27 - [MESSAGE][PASSED] - Modify property of object successfully

2018-05-16 18:57:27 - [TEST_STEP][PASSED] - Statement - batchqty = com.kms.katalon.core.webui.keyword.WebUiBuiltInKeywords.getAttribute(batch, "value").trim(): Attribute 'value' of object '' is: '40000'

2018-05-16 18:57:27 - [MESSAGE][PASSED] - Attribute 'value' of object '' is: '40000'

2018-05-16 18:57:27 - [TEST_STEP][PASSED] - Statement - Rqty = 10000: null

2018-05-16 18:57:27 - [TEST_STEP][PASSED] - delay: Delayed 2 second(s)

2018-05-16 18:57:29 - [MESSAGE][PASSED] - Delayed 2 second(s)

2018-05-16 18:57:29 - [TEST_STEP][PASSED] - Statement - out.println("BatchQty : " + batchqty): null

2018-05-16 18:57:29 - [TEST_STEP][PASSED] - Statement - out.println("RQty : " + Rqty): null

2018-05-16 18:57:29 - [TEST_STEP][PASSED] - Statement - If (java.lang.Integer.valueOf(batchqty) >= java.lang.Integer.valueOf(Rqty)): null

2018-05-16 18:57:29 - [TEST_STEP][PASSED] - Statement - Break: null

2018-05-16 18:57:29 - [TEST_STEP][PASSED] - Statement - batchlength = new com.kms.katalon.core.testobject.TestObject(): null

2018-05-16 18:57:29 - [TEST_STEP][PASSED] - Statement - batchlength = com.kms.katalon.core.webui.keyword.WebUiBuiltInKeywords.modifyObjectProperty(batchlength, "xpath", "equals", "//*[@id = "fldvendor" + row + ""]", true): Modify property of object successfully

2018-05-16 18:57:29 - [MESSAGE][PASSED] - Modify property of object successfully

2018-05-16 18:57:29 - [TEST_STEP][PASSED] - Statement - batchsize = com.kms.katalon.core.webui.keyword.WebUiBuiltInKeywords.getNumberOfTotalOption(batchlength): 6 options of object '' counted

2018-05-16 18:57:29 - [MESSAGE][PASSED] - 6 options of object '' counted

2018-05-16 18:57:29 - [TEST_STEP][PASSED] - Statement - out.println("BatchSize : " + batchsize): null

2018-05-16 18:57:29 - [TEST_STEP][PASSED] - Statement - For ([n = 1, n <= batchsize - 1, (n++)]): null

2018-05-16 18:57:29 - [TEST_STEP][PASSED] - Statement - product = new com.kms.katalon.core.testobject.TestObject(): null

2018-05-16 18:57:29 - [TEST_STEP][PASSED] - Statement - product = com.kms.katalon.core.webui.keyword.WebUiBuiltInKeywords.modifyObjectProperty(product, "xpath", "equals", "//*[@id = "fldvendor" + row + ""]", true): Modify property of object successfully

2018-05-16 18:57:29 - [MESSAGE][PASSED] - Modify property of object successfully

2018-05-16 18:57:29 - [TEST_STEP][PASSED] - selectOptionByIndex: All options with index in [1] are selected on object ''

2018-05-16 18:57:30 - [MESSAGE][PASSED] - All options with index in [1] are selected on object ''

2018-05-16 18:57:30 - [TEST_STEP][PASSED] - Statement - batch = new com.kms.katalon.core.testobject.TestObject(): null

2018-05-16 18:57:30 - [TEST_STEP][PASSED] - Statement - batch = com.kms.katalon.core.webui.keyword.WebUiBuiltInKeywords.modifyObjectProperty(batch, "xpath", "equals", "//*[@id = "txtbthqty" + row + ""]", true): Modify property of object successfully

2018-05-16 18:57:30 - [MESSAGE][PASSED] - Modify property of object successfully

2018-05-16 18:57:30 - [TEST_STEP][PASSED] - Statement - batchqty = com.kms.katalon.core.webui.keyword.WebUiBuiltInKeywords.getAttribute(batch, "value").trim(): Attribute 'value' of object '' is: '5000'

2018-05-16 18:57:30 - [MESSAGE][PASSED] - Attribute 'value' of object '' is: '5000'

2018-05-16 18:57:30 - [TEST_STEP][PASSED] - Statement - Rqty = 10000: null

2018-05-16 18:57:30 - [TEST_STEP][PASSED] - delay: Delayed 2 second(s)

2018-05-16 18:57:32 - [MESSAGE][PASSED] - Delayed 2 second(s)

2018-05-16 18:57:32 - [TEST_STEP][PASSED] - Statement - out.println("BatchQty : " + batchqty): null

2018-05-16 18:57:32 - [TEST_STEP][PASSED] - Statement - out.println("RQty : " + Rqty): null

2018-05-16 18:57:32 - [TEST_STEP][PASSED] - Statement - If (java.lang.Integer.valueOf(batchqty) >= java.lang.Integer.valueOf(Rqty)): null

2018-05-16 18:57:32 - [TEST_STEP][PASSED] - Statement - Else: null

2018-05-16 18:57:32 - [TEST_STEP][PASSED] - Statement - out.println("Batchqty Is Less Than Rqty"): null

2018-05-16 18:57:32 - [TEST_STEP][PASSED] - Statement - product = new com.kms.katalon.core.testobject.TestObject(): null

2018-05-16 18:57:32 - [TEST_STEP][PASSED] - Statement - product = com.kms.katalon.core.webui.keyword.WebUiBuiltInKeywords.modifyObjectProperty(product, "xpath", "equals", "//*[@id = "fldvendor" + row + ""]", true): Modify property of object successfully

2018-05-16 18:57:32 - [MESSAGE][PASSED] - Modify property of object successfully

2018-05-16 18:57:32 - [TEST_STEP][PASSED] - selectOptionByIndex: All options with index in [2] are selected on object ''

2018-05-16 18:57:32 - [MESSAGE][PASSED] - All options with index in [2] are selected on object ''

2018-05-16 18:57:32 - [TEST_STEP][PASSED] - Statement - batch = new com.kms.katalon.core.testobject.TestObject(): null

2018-05-16 18:57:32 - [TEST_STEP][PASSED] - Statement - batch = com.kms.katalon.core.webui.keyword.WebUiBuiltInKeywords.modifyObjectProperty(batch, "xpath", "equals", "//*[@id = "txtbthqty" + row + ""]", true): Modify property of object successfully

2018-05-16 18:57:32 - [MESSAGE][PASSED] - Modify property of object successfully

2018-05-16 18:57:32 - [TEST_STEP][PASSED] - Statement - batchqty = com.kms.katalon.core.webui.keyword.WebUiBuiltInKeywords.getAttribute(batch, "value").trim(): Attribute 'value' of object '' is: '5000'

2018-05-16 18:57:32 - [MESSAGE][PASSED] - Attribute 'value' of object '' is: '5000'

2018-05-16 18:57:32 - [TEST_STEP][PASSED] - Statement - Rqty = 10000: null

2018-05-16 18:57:32 - [TEST_STEP][PASSED] - delay: Delayed 2 second(s)

2018-05-16 18:57:34 - [MESSAGE][PASSED] - Delayed 2 second(s)

2018-05-16 18:57:34 - [TEST_STEP][PASSED] - Statement - out.println("BatchQty : " + batchqty): null

2018-05-16 18:57:34 - [TEST_STEP][PASSED] - Statement - out.println("RQty : " + Rqty): null

2018-05-16 18:57:34 - [TEST_STEP][PASSED] - Statement - If (java.lang.Integer.valueOf(batchqty) >= java.lang.Integer.valueOf(Rqty)): null

2018-05-16 18:57:34 - [TEST_STEP][PASSED] - Statement - Else: null

2018-05-16 18:57:34 - [TEST_STEP][PASSED] - Statement - out.println("Batchqty Is Less Than Rqty"): null

2018-05-16 18:57:34 - [TEST_STEP][PASSED] - Statement - product = new com.kms.katalon.core.testobject.TestObject(): null

2018-05-16 18:57:34 - [TEST_STEP][PASSED] - Statement - product = com.kms.katalon.core.webui.keyword.WebUiBuiltInKeywords.modifyObjectProperty(product, "xpath", "equals", "//*[@id = "fldvendor" + row + ""]", true): Modify property of object successfully

2018-05-16 18:57:34 - [MESSAGE][PASSED] - Modify property of object successfully

2018-05-16 18:57:34 - [TEST_STEP][PASSED] - selectOptionByIndex: All options with index in [3] are selected on object ''

2018-05-16 18:57:34 - [MESSAGE][PASSED] - All options with index in [3] are selected on object ''

2018-05-16 18:57:34 - [TEST_STEP][PASSED] - Statement - batch = new com.kms.katalon.core.testobject.TestObject(): null

2018-05-16 18:57:34 - [TEST_STEP][PASSED] - Statement - batch = com.kms.katalon.core.webui.keyword.WebUiBuiltInKeywords.modifyObjectProperty(batch, "xpath", "equals", "//*[@id = "txtbthqty" + row + ""]", true): Modify property of object successfully

2018-05-16 18:57:34 - [MESSAGE][PASSED] - Modify property of object successfully

2018-05-16 18:57:34 - [TEST_STEP][PASSED] - Statement - batchqty = com.kms.katalon.core.webui.keyword.WebUiBuiltInKeywords.getAttribute(batch, "value").trim(): Attribute 'value' of object '' is: '5000'

2018-05-16 18:57:34 - [MESSAGE][PASSED] - Attribute 'value' of object '' is: '5000'

2018-05-16 18:57:34 - [TEST_STEP][PASSED] - Statement - Rqty = 10000: null

2018-05-16 18:57:34 - [TEST_STEP][PASSED] - delay: Delayed 2 second(s)

2018-05-16 18:57:36 - [MESSAGE][PASSED] - Delayed 2 second(s)

2018-05-16 18:57:36 - [TEST_STEP][PASSED] - Statement - out.println("BatchQty : " + batchqty): null

2018-05-16 18:57:36 - [TEST_STEP][PASSED] - Statement - out.println("RQty : " + Rqty): null

2018-05-16 18:57:36 - [TEST_STEP][PASSED] - Statement - If (java.lang.Integer.valueOf(batchqty) >= java.lang.Integer.valueOf(Rqty)): null

2018-05-16 18:57:36 - [TEST_STEP][PASSED] - Statement - Else: null

2018-05-16 18:57:36 - [TEST_STEP][PASSED] - Statement - out.println("Batchqty Is Less Than Rqty"): null

2018-05-16 18:57:36 - [TEST_STEP][PASSED] - Statement - product = new com.kms.katalon.core.testobject.TestObject(): null

2018-05-16 18:57:36 - [TEST_STEP][PASSED] - Statement - product = com.kms.katalon.core.webui.keyword.WebUiBuiltInKeywords.modifyObjectProperty(product, "xpath", "equals", "//*[@id = "fldvendor" + row + ""]", true): Modify property of object successfully

2018-05-16 18:57:36 - [MESSAGE][PASSED] - Modify property of object successfully

2018-05-16 18:57:36 - [TEST_STEP][PASSED] - selectOptionByIndex: All options with index in [4] are selected on object ''

2018-05-16 18:57:36 - [MESSAGE][PASSED] - All options with index in [4] are selected on object ''

2018-05-16 18:57:36 - [TEST_STEP][PASSED] - Statement - batch = new com.kms.katalon.core.testobject.TestObject(): null

2018-05-16 18:57:36 - [TEST_STEP][PASSED] - Statement - batch = com.kms.katalon.core.webui.keyword.WebUiBuiltInKeywords.modifyObjectProperty(batch, "xpath", "equals", "//*[@id = "txtbthqty" + row + ""]", true): Modify property of object successfully

2018-05-16 18:57:36 - [MESSAGE][PASSED] - Modify property of object successfully

2018-05-16 18:57:36 - [TEST_STEP][PASSED] - Statement - batchqty = com.kms.katalon.core.webui.keyword.WebUiBuiltInKeywords.getAttribute(batch, "value").trim(): Attribute 'value' of object '' is: '39000'

2018-05-16 18:57:36 - [MESSAGE][PASSED] - Attribute 'value' of object '' is: '39000'

2018-05-16 18:57:36 - [TEST_STEP][PASSED] - Statement - Rqty = 10000: null

2018-05-16 18:57:36 - [TEST_STEP][PASSED] - delay: Delayed 2 second(s)

2018-05-16 18:57:38 - [MESSAGE][PASSED] - Delayed 2 second(s)

2018-05-16 18:57:38 - [TEST_STEP][PASSED] - Statement - out.println("BatchQty : " + batchqty): null

2018-05-16 18:57:38 - [TEST_STEP][PASSED] - Statement - out.println("RQty : " + Rqty): null

2018-05-16 18:57:38 - [TEST_STEP][PASSED] - Statement - If (java.lang.Integer.valueOf(batchqty) >= java.lang.Integer.valueOf(Rqty)): null

2018-05-16 18:57:38 - [TEST_STEP][PASSED] - Statement - Break: null

2018-05-16 18:57:38 - [TEST_STEP][PASSED] - Statement - batchlength = new com.kms.katalon.core.testobject.TestObject(): null

2018-05-16 18:57:38 - [TEST_STEP][PASSED] - Statement - batchlength = com.kms.katalon.core.webui.keyword.WebUiBuiltInKeywords.modifyObjectProperty(batchlength, "xpath", "equals", "//*[@id = "fldvendor" + row + ""]", true): Modify property of object successfully

2018-05-16 18:57:38 - [MESSAGE][PASSED] - Modify property of object successfully

2018-05-16 18:57:38 - [TEST_STEP][PASSED] - Statement - batchsize = com.kms.katalon.core.webui.keyword.WebUiBuiltInKeywords.getNumberOfTotalOption(batchlength): 6 options of object '' counted

2018-05-16 18:57:38 - [MESSAGE][PASSED] - 6 options of object '' counted

2018-05-16 18:57:38 - [TEST_STEP][PASSED] - Statement - out.println("BatchSize : " + batchsize): null

2018-05-16 18:57:38 - [TEST_STEP][PASSED] - Statement - For ([n = 1, n <= batchsize - 1, (n++)]): null

2018-05-16 18:57:38 - [TEST_STEP][PASSED] - Statement - product = new com.kms.katalon.core.testobject.TestObject(): null

2018-05-16 18:57:38 - [TEST_STEP][PASSED] - Statement - product = com.kms.katalon.core.webui.keyword.WebUiBuiltInKeywords.modifyObjectProperty(product, "xpath", "equals", "//*[@id = "fldvendor" + row + ""]", true): Modify property of object successfully

2018-05-16 18:57:38 - [MESSAGE][PASSED] - Modify property of object successfully

2018-05-16 18:57:38 - [TEST_STEP][PASSED] - selectOptionByIndex: All options with index in [1] are selected on object ''

2018-05-16 18:57:38 - [MESSAGE][PASSED] - All options with index in [1] are selected on object ''

2018-05-16 18:57:38 - [TEST_STEP][PASSED] - Statement - batch = new com.kms.katalon.core.testobject.TestObject(): null

2018-05-16 18:57:38 - [TEST_STEP][PASSED] - Statement - batch = com.kms.katalon.core.webui.keyword.WebUiBuiltInKeywords.modifyObjectProperty(batch, "xpath", "equals", "//*[@id = "txtbthqty" + row + ""]", true): Modify property of object successfully

2018-05-16 18:57:38 - [MESSAGE][PASSED] - Modify property of object successfully

2018-05-16 18:57:38 - [TEST_STEP][PASSED] - Statement - batchqty = com.kms.katalon.core.webui.keyword.WebUiBuiltInKeywords.getAttribute(batch, "value").trim(): Attribute 'value' of object '' is: '5000'

2018-05-16 18:57:38 - [MESSAGE][PASSED] - Attribute 'value' of object '' is: '5000'

2018-05-16 18:57:38 - [TEST_STEP][PASSED] - Statement - Rqty = 10000: null

2018-05-16 18:57:38 - [TEST_STEP][PASSED] - delay: Delayed 2 second(s)

2018-05-16 18:57:40 - [MESSAGE][PASSED] - Delayed 2 second(s)

2018-05-16 18:57:40 - [TEST_STEP][PASSED] - Statement - out.println("BatchQty : " + batchqty): null

2018-05-16 18:57:40 - [TEST_STEP][PASSED] - Statement - out.println("RQty : " + Rqty): null

2018-05-16 18:57:40 - [TEST_STEP][PASSED] - Statement - If (java.lang.Integer.valueOf(batchqty) >= java.lang.Integer.valueOf(Rqty)): null

2018-05-16 18:57:40 - [TEST_STEP][PASSED] - Statement - Else: null

2018-05-16 18:57:40 - [TEST_STEP][PASSED] - Statement - out.println("Batchqty Is Less Than Rqty"): null

2018-05-16 18:57:40 - [TEST_STEP][PASSED] - Statement - product = new com.kms.katalon.core.testobject.TestObject(): null

2018-05-16 18:57:40 - [TEST_STEP][PASSED] - Statement - product = com.kms.katalon.core.webui.keyword.WebUiBuiltInKeywords.modifyObjectProperty(product, "xpath", "equals", "//*[@id = "fldvendor" + row + ""]", true): Modify property of object successfully

2018-05-16 18:57:40 - [MESSAGE][PASSED] - Modify property of object successfully

2018-05-16 18:57:40 - [TEST_STEP][PASSED] - selectOptionByIndex: All options with index in [2] are selected on object ''

2018-05-16 18:57:41 - [MESSAGE][PASSED] - All options with index in [2] are selected on object ''

2018-05-16 18:57:41 - [TEST_STEP][PASSED] - Statement - batch = new com.kms.katalon.core.testobject.TestObject(): null

2018-05-16 18:57:41 - [TEST_STEP][PASSED] - Statement - batch = com.kms.katalon.core.webui.keyword.WebUiBuiltInKeywords.modifyObjectProperty(batch, "xpath", "equals", "//*[@id = "txtbthqty" + row + ""]", true): Modify property of object successfully

2018-05-16 18:57:41 - [MESSAGE][PASSED] - Modify property of object successfully

2018-05-16 18:57:41 - [TEST_STEP][PASSED] - Statement - batchqty = com.kms.katalon.core.webui.keyword.WebUiBuiltInKeywords.getAttribute(batch, "value").trim(): Attribute 'value' of object '' is: '4000'

2018-05-16 18:57:41 - [MESSAGE][PASSED] - Attribute 'value' of object '' is: '4000'

2018-05-16 18:57:41 - [TEST_STEP][PASSED] - Statement - Rqty = 10000: null

2018-05-16 18:57:41 - [TEST_STEP][PASSED] - delay: Delayed 2 second(s)

2018-05-16 18:57:43 - [MESSAGE][PASSED] - Delayed 2 second(s)

2018-05-16 18:57:43 - [TEST_STEP][PASSED] - Statement - out.println("BatchQty : " + batchqty): null

2018-05-16 18:57:43 - [TEST_STEP][PASSED] - Statement - out.println("RQty : " + Rqty): null

2018-05-16 18:57:43 - [TEST_STEP][PASSED] - Statement - If (java.lang.Integer.valueOf(batchqty) >= java.lang.Integer.valueOf(Rqty)): null

2018-05-16 18:57:43 - [TEST_STEP][PASSED] - Statement - Else: null

2018-05-16 18:57:43 - [TEST_STEP][PASSED] - Statement - out.println("Batchqty Is Less Than Rqty"): null

2018-05-16 18:57:43 - [TEST_STEP][PASSED] - Statement - product = new com.kms.katalon.core.testobject.TestObject(): null

2018-05-16 18:57:43 - [TEST_STEP][PASSED] - Statement - product = com.kms.katalon.core.webui.keyword.WebUiBuiltInKeywords.modifyObjectProperty(product, "xpath", "equals", "//*[@id = "fldvendor" + row + ""]", true): Modify property of object successfully

2018-05-16 18:57:43 - [MESSAGE][PASSED] - Modify property of object successfully

2018-05-16 18:57:43 - [TEST_STEP][PASSED] - selectOptionByIndex: All options with index in [3] are selected on object ''

2018-05-16 18:57:43 - [MESSAGE][PASSED] - All options with index in [3] are selected on object ''

2018-05-16 18:57:43 - [TEST_STEP][PASSED] - Statement - batch = new com.kms.katalon.core.testobject.TestObject(): null

2018-05-16 18:57:43 - [TEST_STEP][PASSED] - Statement - batch = com.kms.katalon.core.webui.keyword.WebUiBuiltInKeywords.modifyObjectProperty(batch, "xpath", "equals", "//*[@id = "txtbthqty" + row + ""]", true): Modify property of object successfully

2018-05-16 18:57:43 - [MESSAGE][PASSED] - Modify property of object successfully

2018-05-16 18:57:43 - [TEST_STEP][PASSED] - Statement - batchqty = com.kms.katalon.core.webui.keyword.WebUiBuiltInKeywords.getAttribute(batch, "value").trim(): Attribute 'value' of object '' is: '5000'

2018-05-16 18:57:43 - [MESSAGE][PASSED] - Attribute 'value' of object '' is: '5000'

2018-05-16 18:57:43 - [TEST_STEP][PASSED] - Statement - Rqty = 10000: null

2018-05-16 18:57:43 - [TEST_STEP][PASSED] - delay: Delayed 2 second(s)

2018-05-16 18:57:45 - [MESSAGE][PASSED] - Delayed 2 second(s)

2018-05-16 18:57:45 - [TEST_STEP][PASSED] - Statement - out.println("BatchQty : " + batchqty): null

2018-05-16 18:57:45 - [TEST_STEP][PASSED] - Statement - out.println("RQty : " + Rqty): null

2018-05-16 18:57:45 - [TEST_STEP][PASSED] - Statement - If (java.lang.Integer.valueOf(batchqty) >= java.lang.Integer.valueOf(Rqty)): null

2018-05-16 18:57:45 - [TEST_STEP][PASSED] - Statement - Else: null

2018-05-16 18:57:45 - [TEST_STEP][PASSED] - Statement - out.println("Batchqty Is Less Than Rqty"): null

2018-05-16 18:57:45 - [TEST_STEP][PASSED] - Statement - product = new com.kms.katalon.core.testobject.TestObject(): null

2018-05-16 18:57:45 - [TEST_STEP][PASSED] - Statement - product = com.kms.katalon.core.webui.keyword.WebUiBuiltInKeywords.modifyObjectProperty(product, "xpath", "equals", "//*[@id = "fldvendor" + row + ""]", true): Modify property of object successfully

2018-05-16 18:57:45 - [MESSAGE][PASSED] - Modify property of object successfully

2018-05-16 18:57:45 - [TEST_STEP][PASSED] - selectOptionByIndex: All options with index in [4] are selected on object ''

2018-05-16 18:57:45 - [MESSAGE][PASSED] - All options with index in [4] are selected on object ''

2018-05-16 18:57:45 - [TEST_STEP][PASSED] - Statement - batch = new com.kms.katalon.core.testobject.TestObject(): null

2018-05-16 18:57:45 - [TEST_STEP][PASSED] - Statement - batch = com.kms.katalon.core.webui.keyword.WebUiBuiltInKeywords.modifyObjectProperty(batch, "xpath", "equals", "//*[@id = "txtbthqty" + row + ""]", true): Modify property of object successfully

2018-05-16 18:57:45 - [MESSAGE][PASSED] - Modify property of object successfully

2018-05-16 18:57:45 - [TEST_STEP][PASSED] - Statement - batchqty = com.kms.katalon.core.webui.keyword.WebUiBuiltInKeywords.getAttribute(batch, "value").trim(): Attribute 'value' of object '' is: '40000'

2018-05-16 18:57:45 - [MESSAGE][PASSED] - Attribute 'value' of object '' is: '40000'

2018-05-16 18:57:45 - [TEST_STEP][PASSED] - Statement - Rqty = 10000: null

2018-05-16 18:57:45 - [TEST_STEP][PASSED] - delay: Delayed 2 second(s)

2018-05-16 18:57:47 - [MESSAGE][PASSED] - Delayed 2 second(s)

2018-05-16 18:57:47 - [TEST_STEP][PASSED] - Statement - out.println("BatchQty : " + batchqty): null

2018-05-16 18:57:47 - [TEST_STEP][PASSED] - Statement - out.println("RQty : " + Rqty): null

2018-05-16 18:57:47 - [TEST_STEP][PASSED] - Statement - If (java.lang.Integer.valueOf(batchqty) >= java.lang.Integer.valueOf(Rqty)): null

2018-05-16 18:57:47 - [TEST_STEP][PASSED] - Statement - Break: null

2018-05-16 18:57:47 - [TEST_STEP][PASSED] - Statement - batchlength = new com.kms.katalon.core.testobject.TestObject(): null

2018-05-16 18:57:47 - [TEST_STEP][PASSED] - Statement - batchlength = com.kms.katalon.core.webui.keyword.WebUiBuiltInKeywords.modifyObjectProperty(batchlength, "xpath", "equals", "//*[@id = "fldvendor" + row + ""]", true): Modify property of object successfully

2018-05-16 18:57:47 - [MESSAGE][PASSED] - Modify property of object successfully

2018-05-16 18:57:47 - [TEST_STEP][PASSED] - Statement - batchsize = com.kms.katalon.core.webui.keyword.WebUiBuiltInKeywords.getNumberOfTotalOption(batchlength): 6 options of object '' counted

2018-05-16 18:57:47 - [MESSAGE][PASSED] - 6 options of object '' counted

2018-05-16 18:57:47 - [TEST_STEP][PASSED] - Statement - out.println("BatchSize : " + batchsize): null

2018-05-16 18:57:47 - [TEST_STEP][PASSED] - Statement - For ([n = 1, n <= batchsize - 1, (n++)]): null

2018-05-16 18:57:47 - [TEST_STEP][PASSED] - Statement - product = new com.kms.katalon.core.testobject.TestObject(): null

2018-05-16 18:57:47 - [TEST_STEP][PASSED] - Statement - product = com.kms.katalon.core.webui.keyword.WebUiBuiltInKeywords.modifyObjectProperty(product, "xpath", "equals", "//*[@id = "fldvendor" + row + ""]", true): Modify property of object successfully

2018-05-16 18:57:47 - [MESSAGE][PASSED] - Modify property of object successfully

2018-05-16 18:57:47 - [TEST_STEP][PASSED] - selectOptionByIndex: All options with index in [1] are selected on object ''

2018-05-16 18:57:47 - [MESSAGE][PASSED] - All options with index in [1] are selected on object ''

2018-05-16 18:57:47 - [TEST_STEP][PASSED] - Statement - batch = new com.kms.katalon.core.testobject.TestObject(): null

2018-05-16 18:57:47 - [TEST_STEP][PASSED] - Statement - batch = com.kms.katalon.core.webui.keyword.WebUiBuiltInKeywords.modifyObjectProperty(batch, "xpath", "equals", "//*[@id = "txtbthqty" + row + ""]", true): Modify property of object successfully

2018-05-16 18:57:47 - [MESSAGE][PASSED] - Modify property of object successfully

2018-05-16 18:57:47 - [TEST_STEP][PASSED] - Statement - batchqty = com.kms.katalon.core.webui.keyword.WebUiBuiltInKeywords.getAttribute(batch, "value").trim(): Attribute 'value' of object '' is: '39000'

2018-05-16 18:57:47 - [MESSAGE][PASSED] - Attribute 'value' of object '' is: '39000'

2018-05-16 18:57:47 - [TEST_STEP][PASSED] - Statement - Rqty = 10000: null

2018-05-16 18:57:47 - [TEST_STEP][PASSED] - delay: Delayed 2 second(s)

2018-05-16 18:57:49 - [MESSAGE][PASSED] - Delayed 2 second(s)

2018-05-16 18:57:49 - [TEST_STEP][PASSED] - Statement - out.println("BatchQty : " + batchqty): null

2018-05-16 18:57:49 - [TEST_STEP][PASSED] - Statement - out.println("RQty : " + Rqty): null

2018-05-16 18:57:49 - [TEST_STEP][PASSED] - Statement - If (java.lang.Integer.valueOf(batchqty) >= java.lang.Integer.valueOf(Rqty)): null

2018-05-16 18:57:49 - [TEST_STEP][PASSED] - Statement - Break: null

2018-05-16 18:57:49 - [TEST_STEP][PASSED] - click: Object: 'Object Repository/store Request Schedule 1/Page_KDMC - CMS/input_btndispatch' is clicked on

2018-05-16 18:57:50 - [MESSAGE][PASSED] - Object: 'Object Repository/store Request Schedule 1/Page_KDMC - CMS/input_btndispatch' is clicked on

2018-05-16 18:57:50 - [TEST_STEP][PASSED] - delay: Delayed 3 second(s)

2018-05-16 18:57:53 - [MESSAGE][PASSED] - Delayed 3 second(s)

2018-05-16 18:57:53 - [TEST_STEP][PASSED] - click: Object: 'Object Repository/store Request Schedule 1/Page_KDMC - CMS/button_OK' is clicked on

2018-05-16 18:57:53 - [MESSAGE][PASSED] - Object: 'Object Repository/store Request Schedule 1/Page_KDMC - CMS/button_OK' is clicked on

2018-05-16 18:57:53 - [TEST_STEP][PASSED] - delay: Delayed 3 second(s)

2018-05-16 18:57:56 - [MESSAGE][PASSED] - Delayed 3 second(s)

2018-05-16 18:57:56 - [TEST_STEP][PASSED] - click: Object: 'Object Repository/store Request Schedule 1/Page_KDMC - CMS/a_dropdown-toggle' is clicked on

2018-05-16 18:57:57 - [MESSAGE][PASSED] - Object: 'Object Repository/store Request Schedule 1/Page_KDMC - CMS/a_dropdown-toggle' is clicked on

2018-05-16 18:57:57 - [TEST_STEP][PASSED] - click: Object: 'Object Repository/store Request Schedule 1/Page_KDMC - CMS/a_Sign out' is clicked on

2018-05-16 18:57:58 - [MESSAGE][PASSED] - Object: 'Object Repository/store Request Schedule 1/Page_KDMC - CMS/a_Sign out' is clicked on

2018-05-16 18:57:58 - [TEST_STEP][PASSED] - delay: Delayed 3 second(s)

2018-05-16 18:58:01 - [MESSAGE][PASSED] - Delayed 3 second(s)

2018-05-16 18:58:01 - [TEST_STEP][PASSED] - click: Object: 'Object Repository/Store Request Schedule 1/Page_KDMC/a_Divisional Store' is clicked on

2018-05-16 18:58:01 - [MESSAGE][PASSED] - Object: 'Object Repository/Store Request Schedule 1/Page_KDMC/a_Divisional Store' is clicked on

2018-05-16 18:58:01 - [TEST_STEP][PASSED] - setText: Text 'ragu' is set on object 'Object Repository/Store Request Schedule 1/Page_Divisonal Store Login/input_txtusername'

2018-05-16 18:58:01 - [MESSAGE][PASSED] - Text 'ragu' is set on object 'Object Repository/Store Request Schedule 1/Page_Divisonal Store Login/input_txtusername'

2018-05-16 18:58:01 - [TEST_STEP][PASSED] - setText: Text '123' is set on object 'Object Repository/Store Request Schedule 1/Page_Divisonal Store Login/input_txtpassword'

2018-05-16 18:58:01 - [MESSAGE][PASSED] - Text '123' is set on object 'Object Repository/Store Request Schedule 1/Page_Divisonal Store Login/input_txtpassword'

2018-05-16 18:58:01 - [TEST_STEP][PASSED] - delay: Delayed 3 second(s)

2018-05-16 18:58:04 - [MESSAGE][PASSED] - Delayed 3 second(s)

2018-05-16 18:58:04 - [TEST_STEP][PASSED] - click: Object: 'Object Repository/Store Request Schedule 1/Page_Divisonal Store Login/button_Sign in' is clicked on

2018-05-16 18:58:05 - [MESSAGE][PASSED] - Object: 'Object Repository/Store Request Schedule 1/Page_Divisonal Store Login/button_Sign in' is clicked on

2018-05-16 18:58:05 - [TEST_STEP][PASSED] - delay: Delayed 3 second(s)

2018-05-16 18:58:08 - [MESSAGE][PASSED] - Delayed 3 second(s)

2018-05-16 18:58:08 - [TEST_STEP][PASSED] - click: Object: 'Object Repository/Store Request Schedule 1/Page_Store/a_CMS' is clicked on

2018-05-16 18:58:08 - [MESSAGE][PASSED] - Object: 'Object Repository/Store Request Schedule 1/Page_Store/a_CMS' is clicked on

2018-05-16 18:58:08 - [TEST_STEP][PASSED] - delay: Delayed 2 second(s)

2018-05-16 18:58:10 - [MESSAGE][PASSED] - Delayed 2 second(s)

2018-05-16 18:58:10 - [TEST_STEP][PASSED] - click: Object: 'Object Repository/Store Request Schedule 1/Page_Store/a_Receiving Goods' is clicked on

2018-05-16 18:58:11 - [MESSAGE][PASSED] - Object: 'Object Repository/Store Request Schedule 1/Page_Store/a_Receiving Goods' is clicked on

2018-05-16 18:58:11 - [TEST_STEP][PASSED] - setText: Text 'PRNO/16052018/164' is set on object 'Object Repository/Store Request Schedule 1/Page_Store/input'

2018-05-16 18:58:11 - [MESSAGE][PASSED] - Text 'PRNO/16052018/164' is set on object 'Object Repository/Store Request Schedule 1/Page_Store/input'

2018-05-16 18:58:11 - [TEST_STEP][PASSED] - click: Object: 'Object Repository/Store Request Schedule 1/Page_Store/input_btn btn-primary' is clicked on

2018-05-16 18:58:12 - [MESSAGE][PASSED] - Object: 'Object Repository/Store Request Schedule 1/Page_Store/input_btn btn-primary' is clicked on

2018-05-16 18:58:12 - [TEST_STEP][PASSED] - delay: Delayed 2 second(s)

2018-05-16 18:58:14 - [MESSAGE][PASSED] - Delayed 2 second(s)

2018-05-16 18:58:14 - [TEST_STEP][PASSED] - click: Object: 'Object Repository/Store Request Schedule 1/Page_Store/input_chkrem' is clicked on

2018-05-16 18:58:14 - [MESSAGE][PASSED] - Object: 'Object Repository/Store Request Schedule 1/Page_Store/input_chkrem' is clicked on

2018-05-16 18:58:14 - [TEST_STEP][PASSED] - scrollToElement: Scroll to object 'Object Repository/Store Request Schedule 1/Page_Store/input_btchkroqadd' successfully

2018-05-16 18:58:14 - [MESSAGE][PASSED] - Scroll to object 'Object Repository/Store Request Schedule 1/Page_Store/input_btchkroqadd' successfully

2018-05-16 18:58:14 - [TEST_STEP][PASSED] - click: Object: 'Object Repository/Store Request Schedule 1/Page_Store/input_btchkroqadd' is clicked on

2018-05-16 18:58:14 - [MESSAGE][PASSED] - Object: 'Object Repository/Store Request Schedule 1/Page_Store/input_btchkroqadd' is clicked on

2018-05-16 18:58:14 - [TEST_STEP][PASSED] - delay: Delayed 2 second(s)

2018-05-16 18:58:16 - [MESSAGE][PASSED] - Delayed 2 second(s)

2018-05-16 18:58:16 - [TEST_STEP][PASSED] - refresh: Refresh successfully

2018-05-16 18:58:16 - [MESSAGE][PASSED] - Refresh successfully

2018-05-16 18:58:16 - [TEST_STEP][PASSED] - delay: Delayed 3 second(s)

2018-05-16 18:58:19 - [MESSAGE][PASSED] - Delayed 3 second(s)

2018-05-16 18:58:19 - [TEST_STEP][PASSED] - click: Object: 'Object Repository/Store Request Schedule 1/Page_Store/a_dropdown-toggle' is clicked on

2018-05-16 18:58:19 - [MESSAGE][PASSED] - Object: 'Object Repository/Store Request Schedule 1/Page_Store/a_dropdown-toggle' is clicked on

2018-05-16 18:58:19 - [TEST_STEP][PASSED] - click: Object: 'Object Repository/Store Request Schedule 1/Page_Store/a_Sign out' is clicked on

2018-05-16 18:58:20 - [MESSAGE][PASSED] - Object: 'Object Repository/Store Request Schedule 1/Page_Store/a_Sign out' is clicked on

2018-05-16 18:58:20 - [TEST_STEP][PASSED] - closeBrowser: Browser is closed

2018-05-16 18:58:21 - [MESSAGE][PASSED] - Browser is closed

2018-05-16 18:58:21 - [TEST_STEP][PASSED] - Statement - out.println("Schedule 3 Store Request Are Working Successfully"): null]]></system-out>
         <system-err><![CDATA[]]></system-err>
      </testcase>
      <testcase name="Test Cases/STORE TO CMS REQUEST TEST CASES/TC_STCMS_004 To Verify Schedule 4 Store To CMS Request Are Working Successfully Or Not" classname="Test Cases/STORE TO CMS REQUEST TEST CASES/TC_STCMS_004 To Verify Schedule 4 Store To CMS Request Are Working Successfully Or Not" status="PASSED">
         <system-out><![CDATA[2018-05-16 18:58:21 - [TEST_CASE][PASSED] - Test Cases/STORE TO CMS REQUEST TEST CASES/TC_STCMS_004 To Verify Schedule 4 Store To CMS Request Are Working Successfully Or Not: Test Cases/STORE TO CMS REQUEST TEST CASES/TC_STCMS_004 To Verify Schedule 4 Store To CMS Request Are Working Successfully Or Not

2018-05-16 18:58:21 - [TEST_STEP][PASSED] - openBrowser: Browser is opened with url: ''

2018-05-16 18:58:23 - [MESSAGE][PASSED] - Browser is opened with url: ''

2018-05-16 18:58:23 - [TEST_STEP][PASSED] - Statement - out.println("Verify Schedule 4 STORE Request Are Working Successfully Or Not"): null

2018-05-16 18:58:23 - [TEST_STEP][PASSED] - navigateToUrl: Navigate to 'http://192.168.137.1/multihospital_new/' successfully

2018-05-16 18:58:25 - [MESSAGE][PASSED] - Navigate to 'http://192.168.137.1/multihospital_new/' successfully

2018-05-16 18:58:25 - [TEST_STEP][PASSED] - maximizeWindow: Current window maximized

2018-05-16 18:58:26 - [MESSAGE][PASSED] - Current window maximized

2018-05-16 18:58:26 - [TEST_STEP][PASSED] - click: Object: 'Object Repository/Store Request Schedule 1/Page_KDMC/a_Divisional Store' is clicked on

2018-05-16 18:58:26 - [MESSAGE][PASSED] - Object: 'Object Repository/Store Request Schedule 1/Page_KDMC/a_Divisional Store' is clicked on

2018-05-16 18:58:26 - [TEST_STEP][PASSED] - setText: Text 'ragu' is set on object 'Object Repository/Store Request Schedule 1/Page_Divisonal Store Login/input_txtusername'

2018-05-16 18:58:27 - [MESSAGE][PASSED] - Text 'ragu' is set on object 'Object Repository/Store Request Schedule 1/Page_Divisonal Store Login/input_txtusername'

2018-05-16 18:58:27 - [TEST_STEP][PASSED] - setText: Text '123' is set on object 'Object Repository/Store Request Schedule 1/Page_Divisonal Store Login/input_txtpassword'

2018-05-16 18:58:27 - [MESSAGE][PASSED] - Text '123' is set on object 'Object Repository/Store Request Schedule 1/Page_Divisonal Store Login/input_txtpassword'

2018-05-16 18:58:27 - [TEST_STEP][PASSED] - delay: Delayed 3 second(s)

2018-05-16 18:58:30 - [MESSAGE][PASSED] - Delayed 3 second(s)

2018-05-16 18:58:30 - [TEST_STEP][PASSED] - click: Object: 'Object Repository/Store Request Schedule 1/Page_Divisonal Store Login/button_Sign in' is clicked on

2018-05-16 18:58:31 - [MESSAGE][PASSED] - Object: 'Object Repository/Store Request Schedule 1/Page_Divisonal Store Login/button_Sign in' is clicked on

2018-05-16 18:58:31 - [TEST_STEP][PASSED] - delay: Delayed 3 second(s)

2018-05-16 18:58:34 - [MESSAGE][PASSED] - Delayed 3 second(s)

2018-05-16 18:58:34 - [TEST_STEP][PASSED] - click: Object: 'Object Repository/Store Request Schedule 1/Page_Store/a_CMS' is clicked on

2018-05-16 18:58:34 - [MESSAGE][PASSED] - Object: 'Object Repository/Store Request Schedule 1/Page_Store/a_CMS' is clicked on

2018-05-16 18:58:34 - [TEST_STEP][PASSED] - delay: Delayed 2 second(s)

2018-05-16 18:58:36 - [MESSAGE][PASSED] - Delayed 2 second(s)

2018-05-16 18:58:36 - [TEST_STEP][PASSED] - click: Object: 'Object Repository/Store Request Schedule 1/Page_Store/a_Request Send' is clicked on

2018-05-16 18:58:36 - [MESSAGE][PASSED] - Object: 'Object Repository/Store Request Schedule 1/Page_Store/a_Request Send' is clicked on

2018-05-16 18:58:36 - [TEST_STEP][PASSED] - selectOptionByIndex: All options with index in [1] are selected on object 'Object Repository/Store Request Schedule 1/Page_Store/select_--Select--'

2018-05-16 18:58:37 - [MESSAGE][PASSED] - All options with index in [1] are selected on object 'Object Repository/Store Request Schedule 1/Page_Store/select_--Select--'

2018-05-16 18:58:37 - [TEST_STEP][PASSED] - selectOptionByIndex: All options with index in [4] are selected on object 'Object Repository/Store Request Schedule 1/Page_Store/select_--Select--Schedule 1Inj'

2018-05-16 18:58:37 - [MESSAGE][PASSED] - All options with index in [4] are selected on object 'Object Repository/Store Request Schedule 1/Page_Store/select_--Select--Schedule 1Inj'

2018-05-16 18:58:37 - [TEST_STEP][PASSED] - Statement - SelectedOptions = com.kms.katalon.core.webui.keyword.WebUiBuiltInKeywords.getNumberOfTotalOption(com.kms.katalon.core.testobject.ObjectRepository.findTestObject(Store Request Schedule 1/Page_Store/select_--Select--Adernaline 0.)): 16 options of object 'Object Repository/Store Request Schedule 1/Page_Store/select_--Select--Adernaline 0.' counted

2018-05-16 18:58:37 - [MESSAGE][PASSED] - 16 options of object 'Object Repository/Store Request Schedule 1/Page_Store/select_--Select--Adernaline 0.' counted

2018-05-16 18:58:37 - [TEST_STEP][PASSED] - Statement - For ([y = 1, y < SelectedOptions, (y++)]): Object: 'Object Repository/Store Request Schedule 1/Page_Store/button_Add' is clicked on

2018-05-16 18:58:37 - [TEST_STEP][PASSED] - selectOptionByIndex: All options with index in [4] are selected on object 'Object Repository/Store Request Schedule 1/Page_Store/select_--Select--Schedule 1Inj'

2018-05-16 18:58:37 - [MESSAGE][PASSED] - All options with index in [4] are selected on object 'Object Repository/Store Request Schedule 1/Page_Store/select_--Select--Schedule 1Inj'

2018-05-16 18:58:37 - [TEST_STEP][PASSED] - delay: Delayed 1 second(s)

2018-05-16 18:58:38 - [MESSAGE][PASSED] - Delayed 1 second(s)

2018-05-16 18:58:38 - [TEST_STEP][PASSED] - selectOptionByIndex: All options with index in [1] are selected on object 'Object Repository/Store Request Schedule 1/Page_Store/select_--Select--Adernaline 0.'

2018-05-16 18:58:38 - [MESSAGE][PASSED] - All options with index in [1] are selected on object 'Object Repository/Store Request Schedule 1/Page_Store/select_--Select--Adernaline 0.'

2018-05-16 18:58:38 - [TEST_STEP][PASSED] - setText: Text '100' is set on object 'Object Repository/Store Request Schedule 1/Page_Store/input_txttreat'

2018-05-16 18:58:38 - [MESSAGE][PASSED] - Text '100' is set on object 'Object Repository/Store Request Schedule 1/Page_Store/input_txttreat'

2018-05-16 18:58:38 - [TEST_STEP][PASSED] - click: Object: 'Object Repository/Store Request Schedule 1/Page_Store/button_Add' is clicked on

2018-05-16 18:58:38 - [MESSAGE][PASSED] - Object: 'Object Repository/Store Request Schedule 1/Page_Store/button_Add' is clicked on

2018-05-16 18:58:38 - [TEST_STEP][PASSED] - selectOptionByIndex: All options with index in [4] are selected on object 'Object Repository/Store Request Schedule 1/Page_Store/select_--Select--Schedule 1Inj'

2018-05-16 18:58:38 - [MESSAGE][PASSED] - All options with index in [4] are selected on object 'Object Repository/Store Request Schedule 1/Page_Store/select_--Select--Schedule 1Inj'

2018-05-16 18:58:38 - [TEST_STEP][PASSED] - delay: Delayed 1 second(s)

2018-05-16 18:58:39 - [MESSAGE][PASSED] - Delayed 1 second(s)

2018-05-16 18:58:39 - [TEST_STEP][PASSED] - selectOptionByIndex: All options with index in [2] are selected on object 'Object Repository/Store Request Schedule 1/Page_Store/select_--Select--Adernaline 0.'

2018-05-16 18:58:40 - [MESSAGE][PASSED] - All options with index in [2] are selected on object 'Object Repository/Store Request Schedule 1/Page_Store/select_--Select--Adernaline 0.'

2018-05-16 18:58:40 - [TEST_STEP][PASSED] - setText: Text '100' is set on object 'Object Repository/Store Request Schedule 1/Page_Store/input_txttreat'

2018-05-16 18:58:40 - [MESSAGE][PASSED] - Text '100' is set on object 'Object Repository/Store Request Schedule 1/Page_Store/input_txttreat'

2018-05-16 18:58:40 - [TEST_STEP][PASSED] - click: Object: 'Object Repository/Store Request Schedule 1/Page_Store/button_Add' is clicked on

2018-05-16 18:58:40 - [MESSAGE][PASSED] - Object: 'Object Repository/Store Request Schedule 1/Page_Store/button_Add' is clicked on

2018-05-16 18:58:40 - [TEST_STEP][PASSED] - selectOptionByIndex: All options with index in [4] are selected on object 'Object Repository/Store Request Schedule 1/Page_Store/select_--Select--Schedule 1Inj'

2018-05-16 18:58:40 - [MESSAGE][PASSED] - All options with index in [4] are selected on object 'Object Repository/Store Request Schedule 1/Page_Store/select_--Select--Schedule 1Inj'

2018-05-16 18:58:40 - [TEST_STEP][PASSED] - delay: Delayed 1 second(s)

2018-05-16 18:58:41 - [MESSAGE][PASSED] - Delayed 1 second(s)

2018-05-16 18:58:41 - [TEST_STEP][PASSED] - selectOptionByIndex: All options with index in [3] are selected on object 'Object Repository/Store Request Schedule 1/Page_Store/select_--Select--Adernaline 0.'

2018-05-16 18:58:41 - [MESSAGE][PASSED] - All options with index in [3] are selected on object 'Object Repository/Store Request Schedule 1/Page_Store/select_--Select--Adernaline 0.'

2018-05-16 18:58:41 - [TEST_STEP][PASSED] - setText: Text '100' is set on object 'Object Repository/Store Request Schedule 1/Page_Store/input_txttreat'

2018-05-16 18:58:41 - [MESSAGE][PASSED] - Text '100' is set on object 'Object Repository/Store Request Schedule 1/Page_Store/input_txttreat'

2018-05-16 18:58:41 - [TEST_STEP][PASSED] - click: Object: 'Object Repository/Store Request Schedule 1/Page_Store/button_Add' is clicked on

2018-05-16 18:58:41 - [MESSAGE][PASSED] - Object: 'Object Repository/Store Request Schedule 1/Page_Store/button_Add' is clicked on

2018-05-16 18:58:41 - [TEST_STEP][PASSED] - selectOptionByIndex: All options with index in [4] are selected on object 'Object Repository/Store Request Schedule 1/Page_Store/select_--Select--Schedule 1Inj'

2018-05-16 18:58:41 - [MESSAGE][PASSED] - All options with index in [4] are selected on object 'Object Repository/Store Request Schedule 1/Page_Store/select_--Select--Schedule 1Inj'

2018-05-16 18:58:41 - [TEST_STEP][PASSED] - delay: Delayed 1 second(s)

2018-05-16 18:58:42 - [MESSAGE][PASSED] - Delayed 1 second(s)

2018-05-16 18:58:42 - [TEST_STEP][PASSED] - selectOptionByIndex: All options with index in [4] are selected on object 'Object Repository/Store Request Schedule 1/Page_Store/select_--Select--Adernaline 0.'

2018-05-16 18:58:43 - [MESSAGE][PASSED] - All options with index in [4] are selected on object 'Object Repository/Store Request Schedule 1/Page_Store/select_--Select--Adernaline 0.'

2018-05-16 18:58:43 - [TEST_STEP][PASSED] - setText: Text '100' is set on object 'Object Repository/Store Request Schedule 1/Page_Store/input_txttreat'

2018-05-16 18:58:43 - [MESSAGE][PASSED] - Text '100' is set on object 'Object Repository/Store Request Schedule 1/Page_Store/input_txttreat'

2018-05-16 18:58:43 - [TEST_STEP][PASSED] - click: Object: 'Object Repository/Store Request Schedule 1/Page_Store/button_Add' is clicked on

2018-05-16 18:58:43 - [MESSAGE][PASSED] - Object: 'Object Repository/Store Request Schedule 1/Page_Store/button_Add' is clicked on

2018-05-16 18:58:43 - [TEST_STEP][PASSED] - selectOptionByIndex: All options with index in [4] are selected on object 'Object Repository/Store Request Schedule 1/Page_Store/select_--Select--Schedule 1Inj'

2018-05-16 18:58:43 - [MESSAGE][PASSED] - All options with index in [4] are selected on object 'Object Repository/Store Request Schedule 1/Page_Store/select_--Select--Schedule 1Inj'

2018-05-16 18:58:43 - [TEST_STEP][PASSED] - delay: Delayed 1 second(s)

2018-05-16 18:58:44 - [MESSAGE][PASSED] - Delayed 1 second(s)

2018-05-16 18:58:44 - [TEST_STEP][PASSED] - selectOptionByIndex: All options with index in [5] are selected on object 'Object Repository/Store Request Schedule 1/Page_Store/select_--Select--Adernaline 0.'

2018-05-16 18:58:44 - [MESSAGE][PASSED] - All options with index in [5] are selected on object 'Object Repository/Store Request Schedule 1/Page_Store/select_--Select--Adernaline 0.'

2018-05-16 18:58:44 - [TEST_STEP][PASSED] - setText: Text '100' is set on object 'Object Repository/Store Request Schedule 1/Page_Store/input_txttreat'

2018-05-16 18:58:44 - [MESSAGE][PASSED] - Text '100' is set on object 'Object Repository/Store Request Schedule 1/Page_Store/input_txttreat'

2018-05-16 18:58:44 - [TEST_STEP][PASSED] - click: Object: 'Object Repository/Store Request Schedule 1/Page_Store/button_Add' is clicked on

2018-05-16 18:58:44 - [MESSAGE][PASSED] - Object: 'Object Repository/Store Request Schedule 1/Page_Store/button_Add' is clicked on

2018-05-16 18:58:44 - [TEST_STEP][PASSED] - selectOptionByIndex: All options with index in [4] are selected on object 'Object Repository/Store Request Schedule 1/Page_Store/select_--Select--Schedule 1Inj'

2018-05-16 18:58:44 - [MESSAGE][PASSED] - All options with index in [4] are selected on object 'Object Repository/Store Request Schedule 1/Page_Store/select_--Select--Schedule 1Inj'

2018-05-16 18:58:44 - [TEST_STEP][PASSED] - delay: Delayed 1 second(s)

2018-05-16 18:58:45 - [MESSAGE][PASSED] - Delayed 1 second(s)

2018-05-16 18:58:45 - [TEST_STEP][PASSED] - selectOptionByIndex: All options with index in [6] are selected on object 'Object Repository/Store Request Schedule 1/Page_Store/select_--Select--Adernaline 0.'

2018-05-16 18:58:45 - [MESSAGE][PASSED] - All options with index in [6] are selected on object 'Object Repository/Store Request Schedule 1/Page_Store/select_--Select--Adernaline 0.'

2018-05-16 18:58:45 - [TEST_STEP][PASSED] - setText: Text '100' is set on object 'Object Repository/Store Request Schedule 1/Page_Store/input_txttreat'

2018-05-16 18:58:46 - [MESSAGE][PASSED] - Text '100' is set on object 'Object Repository/Store Request Schedule 1/Page_Store/input_txttreat'

2018-05-16 18:58:46 - [TEST_STEP][PASSED] - click: Object: 'Object Repository/Store Request Schedule 1/Page_Store/button_Add' is clicked on

2018-05-16 18:58:46 - [MESSAGE][PASSED] - Object: 'Object Repository/Store Request Schedule 1/Page_Store/button_Add' is clicked on

2018-05-16 18:58:46 - [TEST_STEP][PASSED] - selectOptionByIndex: All options with index in [4] are selected on object 'Object Repository/Store Request Schedule 1/Page_Store/select_--Select--Schedule 1Inj'

2018-05-16 18:58:46 - [MESSAGE][PASSED] - All options with index in [4] are selected on object 'Object Repository/Store Request Schedule 1/Page_Store/select_--Select--Schedule 1Inj'

2018-05-16 18:58:46 - [TEST_STEP][PASSED] - delay: Delayed 1 second(s)

2018-05-16 18:58:47 - [MESSAGE][PASSED] - Delayed 1 second(s)

2018-05-16 18:58:47 - [TEST_STEP][PASSED] - selectOptionByIndex: All options with index in [7] are selected on object 'Object Repository/Store Request Schedule 1/Page_Store/select_--Select--Adernaline 0.'

2018-05-16 18:58:47 - [MESSAGE][PASSED] - All options with index in [7] are selected on object 'Object Repository/Store Request Schedule 1/Page_Store/select_--Select--Adernaline 0.'

2018-05-16 18:58:47 - [TEST_STEP][PASSED] - setText: Text '100' is set on object 'Object Repository/Store Request Schedule 1/Page_Store/input_txttreat'

2018-05-16 18:58:47 - [MESSAGE][PASSED] - Text '100' is set on object 'Object Repository/Store Request Schedule 1/Page_Store/input_txttreat'

2018-05-16 18:58:47 - [TEST_STEP][PASSED] - click: Object: 'Object Repository/Store Request Schedule 1/Page_Store/button_Add' is clicked on

2018-05-16 18:58:47 - [MESSAGE][PASSED] - Object: 'Object Repository/Store Request Schedule 1/Page_Store/button_Add' is clicked on

2018-05-16 18:58:47 - [TEST_STEP][PASSED] - selectOptionByIndex: All options with index in [4] are selected on object 'Object Repository/Store Request Schedule 1/Page_Store/select_--Select--Schedule 1Inj'

2018-05-16 18:58:47 - [MESSAGE][PASSED] - All options with index in [4] are selected on object 'Object Repository/Store Request Schedule 1/Page_Store/select_--Select--Schedule 1Inj'

2018-05-16 18:58:47 - [TEST_STEP][PASSED] - delay: Delayed 1 second(s)

2018-05-16 18:58:48 - [MESSAGE][PASSED] - Delayed 1 second(s)

2018-05-16 18:58:48 - [TEST_STEP][PASSED] - selectOptionByIndex: All options with index in [8] are selected on object 'Object Repository/Store Request Schedule 1/Page_Store/select_--Select--Adernaline 0.'

2018-05-16 18:58:48 - [MESSAGE][PASSED] - All options with index in [8] are selected on object 'Object Repository/Store Request Schedule 1/Page_Store/select_--Select--Adernaline 0.'

2018-05-16 18:58:48 - [TEST_STEP][PASSED] - setText: Text '100' is set on object 'Object Repository/Store Request Schedule 1/Page_Store/input_txttreat'

2018-05-16 18:58:49 - [MESSAGE][PASSED] - Text '100' is set on object 'Object Repository/Store Request Schedule 1/Page_Store/input_txttreat'

2018-05-16 18:58:49 - [TEST_STEP][PASSED] - click: Object: 'Object Repository/Store Request Schedule 1/Page_Store/button_Add' is clicked on

2018-05-16 18:58:49 - [MESSAGE][PASSED] - Object: 'Object Repository/Store Request Schedule 1/Page_Store/button_Add' is clicked on

2018-05-16 18:58:49 - [TEST_STEP][PASSED] - selectOptionByIndex: All options with index in [4] are selected on object 'Object Repository/Store Request Schedule 1/Page_Store/select_--Select--Schedule 1Inj'

2018-05-16 18:58:49 - [MESSAGE][PASSED] - All options with index in [4] are selected on object 'Object Repository/Store Request Schedule 1/Page_Store/select_--Select--Schedule 1Inj'

2018-05-16 18:58:49 - [TEST_STEP][PASSED] - delay: Delayed 1 second(s)

2018-05-16 18:58:50 - [MESSAGE][PASSED] - Delayed 1 second(s)

2018-05-16 18:58:50 - [TEST_STEP][PASSED] - selectOptionByIndex: All options with index in [9] are selected on object 'Object Repository/Store Request Schedule 1/Page_Store/select_--Select--Adernaline 0.'

2018-05-16 18:58:50 - [MESSAGE][PASSED] - All options with index in [9] are selected on object 'Object Repository/Store Request Schedule 1/Page_Store/select_--Select--Adernaline 0.'

2018-05-16 18:58:50 - [TEST_STEP][PASSED] - setText: Text '100' is set on object 'Object Repository/Store Request Schedule 1/Page_Store/input_txttreat'

2018-05-16 18:58:50 - [MESSAGE][PASSED] - Text '100' is set on object 'Object Repository/Store Request Schedule 1/Page_Store/input_txttreat'

2018-05-16 18:58:50 - [TEST_STEP][PASSED] - click: Object: 'Object Repository/Store Request Schedule 1/Page_Store/button_Add' is clicked on

2018-05-16 18:58:50 - [MESSAGE][PASSED] - Object: 'Object Repository/Store Request Schedule 1/Page_Store/button_Add' is clicked on

2018-05-16 18:58:50 - [TEST_STEP][PASSED] - selectOptionByIndex: All options with index in [4] are selected on object 'Object Repository/Store Request Schedule 1/Page_Store/select_--Select--Schedule 1Inj'

2018-05-16 18:58:50 - [MESSAGE][PASSED] - All options with index in [4] are selected on object 'Object Repository/Store Request Schedule 1/Page_Store/select_--Select--Schedule 1Inj'

2018-05-16 18:58:50 - [TEST_STEP][PASSED] - delay: Delayed 1 second(s)

2018-05-16 18:58:51 - [MESSAGE][PASSED] - Delayed 1 second(s)

2018-05-16 18:58:51 - [TEST_STEP][PASSED] - selectOptionByIndex: All options with index in [10] are selected on object 'Object Repository/Store Request Schedule 1/Page_Store/select_--Select--Adernaline 0.'

2018-05-16 18:58:51 - [MESSAGE][PASSED] - All options with index in [10] are selected on object 'Object Repository/Store Request Schedule 1/Page_Store/select_--Select--Adernaline 0.'

2018-05-16 18:58:51 - [TEST_STEP][PASSED] - setText: Text '100' is set on object 'Object Repository/Store Request Schedule 1/Page_Store/input_txttreat'

2018-05-16 18:58:51 - [MESSAGE][PASSED] - Text '100' is set on object 'Object Repository/Store Request Schedule 1/Page_Store/input_txttreat'

2018-05-16 18:58:51 - [TEST_STEP][PASSED] - click: Object: 'Object Repository/Store Request Schedule 1/Page_Store/button_Add' is clicked on

2018-05-16 18:58:52 - [MESSAGE][PASSED] - Object: 'Object Repository/Store Request Schedule 1/Page_Store/button_Add' is clicked on

2018-05-16 18:58:52 - [TEST_STEP][PASSED] - selectOptionByIndex: All options with index in [4] are selected on object 'Object Repository/Store Request Schedule 1/Page_Store/select_--Select--Schedule 1Inj'

2018-05-16 18:58:52 - [MESSAGE][PASSED] - All options with index in [4] are selected on object 'Object Repository/Store Request Schedule 1/Page_Store/select_--Select--Schedule 1Inj'

2018-05-16 18:58:52 - [TEST_STEP][PASSED] - delay: Delayed 1 second(s)

2018-05-16 18:58:53 - [MESSAGE][PASSED] - Delayed 1 second(s)

2018-05-16 18:58:53 - [TEST_STEP][PASSED] - selectOptionByIndex: All options with index in [11] are selected on object 'Object Repository/Store Request Schedule 1/Page_Store/select_--Select--Adernaline 0.'

2018-05-16 18:58:53 - [MESSAGE][PASSED] - All options with index in [11] are selected on object 'Object Repository/Store Request Schedule 1/Page_Store/select_--Select--Adernaline 0.'

2018-05-16 18:58:53 - [TEST_STEP][PASSED] - setText: Text '100' is set on object 'Object Repository/Store Request Schedule 1/Page_Store/input_txttreat'

2018-05-16 18:58:53 - [MESSAGE][PASSED] - Text '100' is set on object 'Object Repository/Store Request Schedule 1/Page_Store/input_txttreat'

2018-05-16 18:58:53 - [TEST_STEP][PASSED] - click: Object: 'Object Repository/Store Request Schedule 1/Page_Store/button_Add' is clicked on

2018-05-16 18:58:53 - [MESSAGE][PASSED] - Object: 'Object Repository/Store Request Schedule 1/Page_Store/button_Add' is clicked on

2018-05-16 18:58:53 - [TEST_STEP][PASSED] - selectOptionByIndex: All options with index in [4] are selected on object 'Object Repository/Store Request Schedule 1/Page_Store/select_--Select--Schedule 1Inj'

2018-05-16 18:58:53 - [MESSAGE][PASSED] - All options with index in [4] are selected on object 'Object Repository/Store Request Schedule 1/Page_Store/select_--Select--Schedule 1Inj'

2018-05-16 18:58:53 - [TEST_STEP][PASSED] - delay: Delayed 1 second(s)

2018-05-16 18:58:54 - [MESSAGE][PASSED] - Delayed 1 second(s)

2018-05-16 18:58:54 - [TEST_STEP][PASSED] - selectOptionByIndex: All options with index in [12] are selected on object 'Object Repository/Store Request Schedule 1/Page_Store/select_--Select--Adernaline 0.'

2018-05-16 18:58:55 - [MESSAGE][PASSED] - All options with index in [12] are selected on object 'Object Repository/Store Request Schedule 1/Page_Store/select_--Select--Adernaline 0.'

2018-05-16 18:58:55 - [TEST_STEP][PASSED] - setText: Text '100' is set on object 'Object Repository/Store Request Schedule 1/Page_Store/input_txttreat'

2018-05-16 18:58:55 - [MESSAGE][PASSED] - Text '100' is set on object 'Object Repository/Store Request Schedule 1/Page_Store/input_txttreat'

2018-05-16 18:58:55 - [TEST_STEP][PASSED] - click: Object: 'Object Repository/Store Request Schedule 1/Page_Store/button_Add' is clicked on

2018-05-16 18:58:55 - [MESSAGE][PASSED] - Object: 'Object Repository/Store Request Schedule 1/Page_Store/button_Add' is clicked on

2018-05-16 18:58:55 - [TEST_STEP][PASSED] - selectOptionByIndex: All options with index in [4] are selected on object 'Object Repository/Store Request Schedule 1/Page_Store/select_--Select--Schedule 1Inj'

2018-05-16 18:58:55 - [MESSAGE][PASSED] - All options with index in [4] are selected on object 'Object Repository/Store Request Schedule 1/Page_Store/select_--Select--Schedule 1Inj'

2018-05-16 18:58:55 - [TEST_STEP][PASSED] - delay: Delayed 1 second(s)

2018-05-16 18:58:56 - [MESSAGE][PASSED] - Delayed 1 second(s)

2018-05-16 18:58:56 - [TEST_STEP][PASSED] - selectOptionByIndex: All options with index in [13] are selected on object 'Object Repository/Store Request Schedule 1/Page_Store/select_--Select--Adernaline 0.'

2018-05-16 18:58:56 - [MESSAGE][PASSED] - All options with index in [13] are selected on object 'Object Repository/Store Request Schedule 1/Page_Store/select_--Select--Adernaline 0.'

2018-05-16 18:58:56 - [TEST_STEP][PASSED] - setText: Text '100' is set on object 'Object Repository/Store Request Schedule 1/Page_Store/input_txttreat'

2018-05-16 18:58:56 - [MESSAGE][PASSED] - Text '100' is set on object 'Object Repository/Store Request Schedule 1/Page_Store/input_txttreat'

2018-05-16 18:58:56 - [TEST_STEP][PASSED] - click: Object: 'Object Repository/Store Request Schedule 1/Page_Store/button_Add' is clicked on

2018-05-16 18:58:56 - [MESSAGE][PASSED] - Object: 'Object Repository/Store Request Schedule 1/Page_Store/button_Add' is clicked on

2018-05-16 18:58:56 - [TEST_STEP][PASSED] - selectOptionByIndex: All options with index in [4] are selected on object 'Object Repository/Store Request Schedule 1/Page_Store/select_--Select--Schedule 1Inj'

2018-05-16 18:58:56 - [MESSAGE][PASSED] - All options with index in [4] are selected on object 'Object Repository/Store Request Schedule 1/Page_Store/select_--Select--Schedule 1Inj'

2018-05-16 18:58:56 - [TEST_STEP][PASSED] - delay: Delayed 1 second(s)

2018-05-16 18:58:57 - [MESSAGE][PASSED] - Delayed 1 second(s)

2018-05-16 18:58:57 - [TEST_STEP][PASSED] - selectOptionByIndex: All options with index in [14] are selected on object 'Object Repository/Store Request Schedule 1/Page_Store/select_--Select--Adernaline 0.'

2018-05-16 18:58:58 - [MESSAGE][PASSED] - All options with index in [14] are selected on object 'Object Repository/Store Request Schedule 1/Page_Store/select_--Select--Adernaline 0.'

2018-05-16 18:58:58 - [TEST_STEP][PASSED] - setText: Text '100' is set on object 'Object Repository/Store Request Schedule 1/Page_Store/input_txttreat'

2018-05-16 18:58:58 - [MESSAGE][PASSED] - Text '100' is set on object 'Object Repository/Store Request Schedule 1/Page_Store/input_txttreat'

2018-05-16 18:58:58 - [TEST_STEP][PASSED] - click: Object: 'Object Repository/Store Request Schedule 1/Page_Store/button_Add' is clicked on

2018-05-16 18:58:58 - [MESSAGE][PASSED] - Object: 'Object Repository/Store Request Schedule 1/Page_Store/button_Add' is clicked on

2018-05-16 18:58:58 - [TEST_STEP][PASSED] - selectOptionByIndex: All options with index in [4] are selected on object 'Object Repository/Store Request Schedule 1/Page_Store/select_--Select--Schedule 1Inj'

2018-05-16 18:58:58 - [MESSAGE][PASSED] - All options with index in [4] are selected on object 'Object Repository/Store Request Schedule 1/Page_Store/select_--Select--Schedule 1Inj'

2018-05-16 18:58:58 - [TEST_STEP][PASSED] - delay: Delayed 1 second(s)

2018-05-16 18:58:59 - [MESSAGE][PASSED] - Delayed 1 second(s)

2018-05-16 18:58:59 - [TEST_STEP][PASSED] - selectOptionByIndex: All options with index in [15] are selected on object 'Object Repository/Store Request Schedule 1/Page_Store/select_--Select--Adernaline 0.'

2018-05-16 18:58:59 - [MESSAGE][PASSED] - All options with index in [15] are selected on object 'Object Repository/Store Request Schedule 1/Page_Store/select_--Select--Adernaline 0.'

2018-05-16 18:58:59 - [TEST_STEP][PASSED] - setText: Text '100' is set on object 'Object Repository/Store Request Schedule 1/Page_Store/input_txttreat'

2018-05-16 18:58:59 - [MESSAGE][PASSED] - Text '100' is set on object 'Object Repository/Store Request Schedule 1/Page_Store/input_txttreat'

2018-05-16 18:58:59 - [TEST_STEP][PASSED] - click: Object: 'Object Repository/Store Request Schedule 1/Page_Store/button_Add' is clicked on

2018-05-16 18:58:59 - [MESSAGE][PASSED] - Object: 'Object Repository/Store Request Schedule 1/Page_Store/button_Add' is clicked on

2018-05-16 18:58:59 - [TEST_STEP][PASSED] - delay: Delayed 2 second(s)

2018-05-16 18:59:01 - [MESSAGE][PASSED] - Delayed 2 second(s)

2018-05-16 18:59:01 - [TEST_STEP][PASSED] - scrollToElement: Scroll to object 'Object Repository/Store Request Schedule 1/Page_Store/input_btnsave' successfully

2018-05-16 18:59:01 - [MESSAGE][PASSED] - Scroll to object 'Object Repository/Store Request Schedule 1/Page_Store/input_btnsave' successfully

2018-05-16 18:59:01 - [TEST_STEP][PASSED] - click: Object: 'Object Repository/Store Request Schedule 1/Page_Store/input_btnsave' is clicked on

2018-05-16 18:59:01 - [MESSAGE][PASSED] - Object: 'Object Repository/Store Request Schedule 1/Page_Store/input_btnsave' is clicked on

2018-05-16 18:59:01 - [TEST_STEP][PASSED] - delay: Delayed 4 second(s)

2018-05-16 18:59:05 - [MESSAGE][PASSED] - Delayed 4 second(s)

2018-05-16 18:59:05 - [TEST_STEP][PASSED] - Statement - Cms_RequestNumber = com.kms.katalon.core.webui.keyword.WebUiBuiltInKeywords.getText(com.kms.katalon.core.testobject.ObjectRepository.findTestObject(Store Request Schedule 1/Page_Store/font_PRNO050520189)): Text of object 'Object Repository/Store Request Schedule 1/Page_Store/font_PRNO050520189' is: 'PRNO/16052018/165'

2018-05-16 18:59:06 - [MESSAGE][PASSED] - Text of object 'Object Repository/Store Request Schedule 1/Page_Store/font_PRNO050520189' is: 'PRNO/16052018/165'

2018-05-16 18:59:06 - [TEST_STEP][PASSED] - Statement - CR = Cms_RequestNumber.trim(): null

2018-05-16 18:59:06 - [TEST_STEP][PASSED] - Statement - out.println("RQ :" + Cms_RequestNumber): null

2018-05-16 18:59:06 - [TEST_STEP][PASSED] - Statement - RequestNumberID = Cms_RequestNumber.split("/")[2].trim(): null

2018-05-16 18:59:06 - [TEST_STEP][PASSED] - Statement - out.println("RQ ID :" + RequestNumberID): null

2018-05-16 18:59:06 - [TEST_STEP][PASSED] - delay: Delayed 3 second(s)

2018-05-16 18:59:09 - [MESSAGE][PASSED] - Delayed 3 second(s)

2018-05-16 18:59:09 - [TEST_STEP][PASSED] - Statement - ok = com.kms.katalon.core.webui.keyword.WebUiBuiltInKeywords.click(com.kms.katalon.core.testobject.ObjectRepository.findTestObject(Store Request Schedule 1/Page_Store/button_OK)): Object: 'Object Repository/Store Request Schedule 1/Page_Store/button_OK' is clicked on

2018-05-16 18:59:09 - [MESSAGE][PASSED] - Object: 'Object Repository/Store Request Schedule 1/Page_Store/button_OK' is clicked on

2018-05-16 18:59:09 - [TEST_STEP][PASSED] - delay: Delayed 3 second(s)

2018-05-16 18:59:12 - [MESSAGE][PASSED] - Delayed 3 second(s)

2018-05-16 18:59:12 - [TEST_STEP][PASSED] - click: Object: 'Object Repository/Store Request Schedule 1/Page_Store/a_dropdown-toggle' is clicked on

2018-05-16 18:59:12 - [MESSAGE][PASSED] - Object: 'Object Repository/Store Request Schedule 1/Page_Store/a_dropdown-toggle' is clicked on

2018-05-16 18:59:12 - [TEST_STEP][PASSED] - click: Object: 'Object Repository/Store Request Schedule 1/Page_Store/a_Sign out' is clicked on

2018-05-16 18:59:13 - [MESSAGE][PASSED] - Object: 'Object Repository/Store Request Schedule 1/Page_Store/a_Sign out' is clicked on

2018-05-16 18:59:13 - [TEST_STEP][PASSED] - delay: Delayed 3 second(s)

2018-05-16 18:59:16 - [MESSAGE][PASSED] - Delayed 3 second(s)

2018-05-16 18:59:16 - [TEST_STEP][PASSED] - click: Object: 'Object Repository/Store Request Schedule 1/Page_KDMC/a_CMO' is clicked on

2018-05-16 18:59:17 - [MESSAGE][PASSED] - Object: 'Object Repository/Store Request Schedule 1/Page_KDMC/a_CMO' is clicked on

2018-05-16 18:59:17 - [TEST_STEP][PASSED] - setText: Text 'guru' is set on object 'Object Repository/Store Request Schedule 1/Page_CMO login/input_txtusername'

2018-05-16 18:59:17 - [MESSAGE][PASSED] - Text 'guru' is set on object 'Object Repository/Store Request Schedule 1/Page_CMO login/input_txtusername'

2018-05-16 18:59:17 - [TEST_STEP][PASSED] - setText: Text '123' is set on object 'Object Repository/Store Request Schedule 1/Page_CMO login/input_txtpassword'

2018-05-16 18:59:17 - [MESSAGE][PASSED] - Text '123' is set on object 'Object Repository/Store Request Schedule 1/Page_CMO login/input_txtpassword'

2018-05-16 18:59:17 - [TEST_STEP][PASSED] - delay: Delayed 3 second(s)

2018-05-16 18:59:20 - [MESSAGE][PASSED] - Delayed 3 second(s)

2018-05-16 18:59:20 - [TEST_STEP][PASSED] - click: Object: 'Object Repository/Store Request Schedule 1/Page_CMO login/button_Sign in' is clicked on

2018-05-16 18:59:21 - [MESSAGE][PASSED] - Object: 'Object Repository/Store Request Schedule 1/Page_CMO login/button_Sign in' is clicked on

2018-05-16 18:59:21 - [TEST_STEP][PASSED] - delay: Delayed 2 second(s)

2018-05-16 18:59:23 - [MESSAGE][PASSED] - Delayed 2 second(s)

2018-05-16 18:59:23 - [TEST_STEP][PASSED] - click: Object: 'Object Repository/Store Request Schedule 1/Page_KDMC - CMO/span_Department Wise Request' is clicked on

2018-05-16 18:59:23 - [MESSAGE][PASSED] - Object: 'Object Repository/Store Request Schedule 1/Page_KDMC - CMO/span_Department Wise Request' is clicked on

2018-05-16 18:59:23 - [TEST_STEP][PASSED] - click: Object: 'Object Repository/Store Request Schedule 1/Page_KDMC - CMO/a_CMS Request' is clicked on

2018-05-16 18:59:23 - [MESSAGE][PASSED] - Object: 'Object Repository/Store Request Schedule 1/Page_KDMC - CMO/a_CMS Request' is clicked on

2018-05-16 18:59:23 - [TEST_STEP][PASSED] - click: Object: 'Object Repository/Store Request Schedule 1/Page_KDMC - CMO/a_CMS Request' is clicked on

2018-05-16 18:59:23 - [MESSAGE][PASSED] - Object: 'Object Repository/Store Request Schedule 1/Page_KDMC - CMO/a_CMS Request' is clicked on

2018-05-16 18:59:23 - [TEST_STEP][PASSED] - click: Object: 'Object Repository/Store Request Schedule 1/Page_KDMC - CMO/span_Divisional Store Request' is clicked on

2018-05-16 18:59:25 - [MESSAGE][PASSED] - Object: 'Object Repository/Store Request Schedule 1/Page_KDMC - CMO/span_Divisional Store Request' is clicked on

2018-05-16 18:59:25 - [TEST_STEP][PASSED] - delay: Delayed 2 second(s)

2018-05-16 18:59:27 - [MESSAGE][PASSED] - Delayed 2 second(s)

2018-05-16 18:59:27 - [TEST_STEP][PASSED] - Statement - approval = com.kms.katalon.core.webui.keyword.WebUiBuiltInKeywords.modifyObjectProperty(com.kms.katalon.core.testobject.ObjectRepository.findTestObject(Store Request Schedule 1/Page_KDMC - CMO/input_PRNO050520189), "xpath", "equals", "//*[@id=" + RequestNumberID + "]", true): Modify property of object successfully

2018-05-16 18:59:27 - [MESSAGE][PASSED] - Modify property of object successfully

2018-05-16 18:59:27 - [TEST_STEP][PASSED] - click: Object: 'Object Repository/Store Request Schedule 1/Page_KDMC - CMO/input_PRNO050520189' is clicked on

2018-05-16 18:59:27 - [MESSAGE][PASSED] - Object: 'Object Repository/Store Request Schedule 1/Page_KDMC - CMO/input_PRNO050520189' is clicked on

2018-05-16 18:59:27 - [TEST_STEP][PASSED] - delay: Delayed 2 second(s)

2018-05-16 18:59:29 - [MESSAGE][PASSED] - Delayed 2 second(s)

2018-05-16 18:59:29 - [TEST_STEP][PASSED] - selectOptionByIndex: All options with index in [1] are selected on object 'Object Repository/Store Request Schedule 1/Page_KDMC - CMO/select_--Select--'

2018-05-16 18:59:29 - [MESSAGE][PASSED] - All options with index in [1] are selected on object 'Object Repository/Store Request Schedule 1/Page_KDMC - CMO/select_--Select--'

2018-05-16 18:59:29 - [TEST_STEP][PASSED] - click: Object: 'Object Repository/Store Request Schedule 1/Page_KDMC - CMO/input_btnupdate' is clicked on

2018-05-16 18:59:29 - [MESSAGE][PASSED] - Object: 'Object Repository/Store Request Schedule 1/Page_KDMC - CMO/input_btnupdate' is clicked on

2018-05-16 18:59:29 - [TEST_STEP][PASSED] - delay: Delayed 2 second(s)

2018-05-16 18:59:31 - [MESSAGE][PASSED] - Delayed 2 second(s)

2018-05-16 18:59:31 - [TEST_STEP][PASSED] - click: Object: 'Object Repository/Store Request Schedule 1/Page_KDMC - CMO/button_OK' is clicked on

2018-05-16 18:59:32 - [MESSAGE][PASSED] - Object: 'Object Repository/Store Request Schedule 1/Page_KDMC - CMO/button_OK' is clicked on

2018-05-16 18:59:32 - [TEST_STEP][PASSED] - delay: Delayed 2 second(s)

2018-05-16 18:59:34 - [MESSAGE][PASSED] - Delayed 2 second(s)

2018-05-16 18:59:34 - [TEST_STEP][PASSED] - click: Object: 'Object Repository/Store Request Schedule 1/Page_KDMC - CMO/a_dropdown-toggle' is clicked on

2018-05-16 18:59:34 - [MESSAGE][PASSED] - Object: 'Object Repository/Store Request Schedule 1/Page_KDMC - CMO/a_dropdown-toggle' is clicked on

2018-05-16 18:59:34 - [TEST_STEP][PASSED] - click: Object: 'Object Repository/Store Request Schedule 1/Page_KDMC - CMO/a_Sign out' is clicked on

2018-05-16 18:59:34 - [MESSAGE][PASSED] - Object: 'Object Repository/Store Request Schedule 1/Page_KDMC - CMO/a_Sign out' is clicked on

2018-05-16 18:59:34 - [TEST_STEP][PASSED] - delay: Delayed 3 second(s)

2018-05-16 18:59:37 - [MESSAGE][PASSED] - Delayed 3 second(s)

2018-05-16 18:59:37 - [TEST_STEP][PASSED] - click: Object: 'Object Repository/store Request Schedule 1/Page_KDMC/a_CMS' is clicked on

2018-05-16 18:59:37 - [MESSAGE][PASSED] - Object: 'Object Repository/store Request Schedule 1/Page_KDMC/a_CMS' is clicked on

2018-05-16 18:59:37 - [TEST_STEP][PASSED] - setText: Text 'bala' is set on object 'Object Repository/store Request Schedule 1/Page_CMS login/input_txtusername'

2018-05-16 18:59:38 - [MESSAGE][PASSED] - Text 'bala' is set on object 'Object Repository/store Request Schedule 1/Page_CMS login/input_txtusername'

2018-05-16 18:59:38 - [TEST_STEP][PASSED] - setText: Text '123' is set on object 'Object Repository/store Request Schedule 1/Page_CMS login/input_txtpassword'

2018-05-16 18:59:38 - [MESSAGE][PASSED] - Text '123' is set on object 'Object Repository/store Request Schedule 1/Page_CMS login/input_txtpassword'

2018-05-16 18:59:38 - [TEST_STEP][PASSED] - delay: Delayed 3 second(s)

2018-05-16 18:59:41 - [MESSAGE][PASSED] - Delayed 3 second(s)

2018-05-16 18:59:41 - [TEST_STEP][PASSED] - click: Object: 'Object Repository/store Request Schedule 1/Page_CMS login/button_Sign in' is clicked on

2018-05-16 18:59:41 - [MESSAGE][PASSED] - Object: 'Object Repository/store Request Schedule 1/Page_CMS login/button_Sign in' is clicked on

2018-05-16 18:59:41 - [TEST_STEP][PASSED] - delay: Delayed 2 second(s)

2018-05-16 18:59:43 - [MESSAGE][PASSED] - Delayed 2 second(s)

2018-05-16 18:59:43 - [TEST_STEP][PASSED] - click: Object: 'Object Repository/store Request Schedule 1/Page_KDMC - CMS/a_Divisional Store' is clicked on

2018-05-16 18:59:43 - [MESSAGE][PASSED] - Object: 'Object Repository/store Request Schedule 1/Page_KDMC - CMS/a_Divisional Store' is clicked on

2018-05-16 18:59:43 - [TEST_STEP][PASSED] - delay: Delayed 2 second(s)

2018-05-16 18:59:45 - [MESSAGE][PASSED] - Delayed 2 second(s)

2018-05-16 18:59:45 - [TEST_STEP][PASSED] - click: Object: 'Object Repository/store Request Schedule 1/Page_KDMC - CMS/a_Dispatch Items' is clicked on

2018-05-16 18:59:46 - [MESSAGE][PASSED] - Object: 'Object Repository/store Request Schedule 1/Page_KDMC - CMS/a_Dispatch Items' is clicked on

2018-05-16 18:59:46 - [TEST_STEP][PASSED] - setText: Text 'PRNO/16052018/165' is set on object 'Object Repository/store Request Schedule 1/Page_KDMC - CMS/input'

2018-05-16 18:59:46 - [MESSAGE][PASSED] - Text 'PRNO/16052018/165' is set on object 'Object Repository/store Request Schedule 1/Page_KDMC - CMS/input'

2018-05-16 18:59:46 - [TEST_STEP][PASSED] - click: Object: 'Object Repository/store Request Schedule 1/Page_KDMC - CMS/td_text-center' is clicked on

2018-05-16 18:59:46 - [MESSAGE][PASSED] - Object: 'Object Repository/store Request Schedule 1/Page_KDMC - CMS/td_text-center' is clicked on

2018-05-16 18:59:46 - [TEST_STEP][PASSED] - delay: Delayed 2 second(s)

2018-05-16 18:59:48 - [MESSAGE][PASSED] - Delayed 2 second(s)

2018-05-16 18:59:48 - [TEST_STEP][PASSED] - Statement - For ([row = 0, row < SelectedOptions - 1, (row++)]): null

2018-05-16 18:59:48 - [TEST_STEP][PASSED] - Statement - batchlength = new com.kms.katalon.core.testobject.TestObject(): null

2018-05-16 18:59:48 - [TEST_STEP][PASSED] - Statement - batchlength = com.kms.katalon.core.webui.keyword.WebUiBuiltInKeywords.modifyObjectProperty(batchlength, "xpath", "equals", "//*[@id = "fldvendor" + row + ""]", true): Modify property of object successfully

2018-05-16 18:59:48 - [MESSAGE][PASSED] - Modify property of object successfully

2018-05-16 18:59:48 - [TEST_STEP][PASSED] - Statement - batchsize = com.kms.katalon.core.webui.keyword.WebUiBuiltInKeywords.getNumberOfTotalOption(batchlength): 8 options of object '' counted

2018-05-16 18:59:48 - [MESSAGE][PASSED] - 8 options of object '' counted

2018-05-16 18:59:48 - [TEST_STEP][PASSED] - Statement - out.println("BatchSize : " + batchsize): null

2018-05-16 18:59:48 - [TEST_STEP][PASSED] - Statement - For ([n = 1, n <= batchsize - 1, (n++)]): null

2018-05-16 18:59:48 - [TEST_STEP][PASSED] - Statement - product = new com.kms.katalon.core.testobject.TestObject(): null

2018-05-16 18:59:48 - [TEST_STEP][PASSED] - Statement - product = com.kms.katalon.core.webui.keyword.WebUiBuiltInKeywords.modifyObjectProperty(product, "xpath", "equals", "//*[@id = "fldvendor" + row + ""]", true): Modify property of object successfully

2018-05-16 18:59:48 - [MESSAGE][PASSED] - Modify property of object successfully

2018-05-16 18:59:48 - [TEST_STEP][PASSED] - selectOptionByIndex: All options with index in [1] are selected on object ''

2018-05-16 18:59:48 - [MESSAGE][PASSED] - All options with index in [1] are selected on object ''

2018-05-16 18:59:48 - [TEST_STEP][PASSED] - Statement - batch = new com.kms.katalon.core.testobject.TestObject(): null

2018-05-16 18:59:48 - [TEST_STEP][PASSED] - Statement - batch = com.kms.katalon.core.webui.keyword.WebUiBuiltInKeywords.modifyObjectProperty(batch, "xpath", "equals", "//*[@id = "txtbthqty" + row + ""]", true): Modify property of object successfully

2018-05-16 18:59:48 - [MESSAGE][PASSED] - Modify property of object successfully

2018-05-16 18:59:48 - [TEST_STEP][PASSED] - Statement - batchqty = com.kms.katalon.core.webui.keyword.WebUiBuiltInKeywords.getAttribute(batch, "value").trim(): Attribute 'value' of object '' is: '5000'

2018-05-16 18:59:48 - [MESSAGE][PASSED] - Attribute 'value' of object '' is: '5000'

2018-05-16 18:59:48 - [TEST_STEP][PASSED] - Statement - Rqty = 10000: null

2018-05-16 18:59:48 - [TEST_STEP][PASSED] - delay: Delayed 2 second(s)

2018-05-16 18:59:50 - [MESSAGE][PASSED] - Delayed 2 second(s)

2018-05-16 18:59:50 - [TEST_STEP][PASSED] - Statement - out.println("BatchQty : " + batchqty): null

2018-05-16 18:59:50 - [TEST_STEP][PASSED] - Statement - out.println("RQty : " + Rqty): null

2018-05-16 18:59:50 - [TEST_STEP][PASSED] - Statement - If (java.lang.Integer.valueOf(batchqty) >= java.lang.Integer.valueOf(Rqty)): null

2018-05-16 18:59:50 - [TEST_STEP][PASSED] - Statement - Else: null

2018-05-16 18:59:50 - [TEST_STEP][PASSED] - Statement - out.println("Batchqty Is Less Than Rqty"): null

2018-05-16 18:59:50 - [TEST_STEP][PASSED] - Statement - product = new com.kms.katalon.core.testobject.TestObject(): null

2018-05-16 18:59:50 - [TEST_STEP][PASSED] - Statement - product = com.kms.katalon.core.webui.keyword.WebUiBuiltInKeywords.modifyObjectProperty(product, "xpath", "equals", "//*[@id = "fldvendor" + row + ""]", true): Modify property of object successfully

2018-05-16 18:59:50 - [MESSAGE][PASSED] - Modify property of object successfully

2018-05-16 18:59:50 - [TEST_STEP][PASSED] - selectOptionByIndex: All options with index in [2] are selected on object ''

2018-05-16 18:59:50 - [MESSAGE][PASSED] - All options with index in [2] are selected on object ''

2018-05-16 18:59:50 - [TEST_STEP][PASSED] - Statement - batch = new com.kms.katalon.core.testobject.TestObject(): null

2018-05-16 18:59:50 - [TEST_STEP][PASSED] - Statement - batch = com.kms.katalon.core.webui.keyword.WebUiBuiltInKeywords.modifyObjectProperty(batch, "xpath", "equals", "//*[@id = "txtbthqty" + row + ""]", true): Modify property of object successfully

2018-05-16 18:59:50 - [MESSAGE][PASSED] - Modify property of object successfully

2018-05-16 18:59:50 - [TEST_STEP][PASSED] - Statement - batchqty = com.kms.katalon.core.webui.keyword.WebUiBuiltInKeywords.getAttribute(batch, "value").trim(): Attribute 'value' of object '' is: '4000'

2018-05-16 18:59:50 - [MESSAGE][PASSED] - Attribute 'value' of object '' is: '4000'

2018-05-16 18:59:50 - [TEST_STEP][PASSED] - Statement - Rqty = 10000: null

2018-05-16 18:59:50 - [TEST_STEP][PASSED] - delay: Delayed 2 second(s)

2018-05-16 18:59:52 - [MESSAGE][PASSED] - Delayed 2 second(s)

2018-05-16 18:59:52 - [TEST_STEP][PASSED] - Statement - out.println("BatchQty : " + batchqty): null

2018-05-16 18:59:52 - [TEST_STEP][PASSED] - Statement - out.println("RQty : " + Rqty): null

2018-05-16 18:59:52 - [TEST_STEP][PASSED] - Statement - If (java.lang.Integer.valueOf(batchqty) >= java.lang.Integer.valueOf(Rqty)): null

2018-05-16 18:59:52 - [TEST_STEP][PASSED] - Statement - Else: null

2018-05-16 18:59:52 - [TEST_STEP][PASSED] - Statement - out.println("Batchqty Is Less Than Rqty"): null

2018-05-16 18:59:52 - [TEST_STEP][PASSED] - Statement - product = new com.kms.katalon.core.testobject.TestObject(): null

2018-05-16 18:59:52 - [TEST_STEP][PASSED] - Statement - product = com.kms.katalon.core.webui.keyword.WebUiBuiltInKeywords.modifyObjectProperty(product, "xpath", "equals", "//*[@id = "fldvendor" + row + ""]", true): Modify property of object successfully

2018-05-16 18:59:52 - [MESSAGE][PASSED] - Modify property of object successfully

2018-05-16 18:59:52 - [TEST_STEP][PASSED] - selectOptionByIndex: All options with index in [3] are selected on object ''

2018-05-16 18:59:53 - [MESSAGE][PASSED] - All options with index in [3] are selected on object ''

2018-05-16 18:59:53 - [TEST_STEP][PASSED] - Statement - batch = new com.kms.katalon.core.testobject.TestObject(): null

2018-05-16 18:59:53 - [TEST_STEP][PASSED] - Statement - batch = com.kms.katalon.core.webui.keyword.WebUiBuiltInKeywords.modifyObjectProperty(batch, "xpath", "equals", "//*[@id = "txtbthqty" + row + ""]", true): Modify property of object successfully

2018-05-16 18:59:53 - [MESSAGE][PASSED] - Modify property of object successfully

2018-05-16 18:59:53 - [TEST_STEP][PASSED] - Statement - batchqty = com.kms.katalon.core.webui.keyword.WebUiBuiltInKeywords.getAttribute(batch, "value").trim(): Attribute 'value' of object '' is: '40000'

2018-05-16 18:59:53 - [MESSAGE][PASSED] - Attribute 'value' of object '' is: '40000'

2018-05-16 18:59:53 - [TEST_STEP][PASSED] - Statement - Rqty = 10000: null

2018-05-16 18:59:53 - [TEST_STEP][PASSED] - delay: Delayed 2 second(s)

2018-05-16 18:59:55 - [MESSAGE][PASSED] - Delayed 2 second(s)

2018-05-16 18:59:55 - [TEST_STEP][PASSED] - Statement - out.println("BatchQty : " + batchqty): null

2018-05-16 18:59:55 - [TEST_STEP][PASSED] - Statement - out.println("RQty : " + Rqty): null

2018-05-16 18:59:55 - [TEST_STEP][PASSED] - Statement - If (java.lang.Integer.valueOf(batchqty) >= java.lang.Integer.valueOf(Rqty)): null

2018-05-16 18:59:55 - [TEST_STEP][PASSED] - Statement - Break: null

2018-05-16 18:59:55 - [TEST_STEP][PASSED] - Statement - batchlength = new com.kms.katalon.core.testobject.TestObject(): null

2018-05-16 18:59:55 - [TEST_STEP][PASSED] - Statement - batchlength = com.kms.katalon.core.webui.keyword.WebUiBuiltInKeywords.modifyObjectProperty(batchlength, "xpath", "equals", "//*[@id = "fldvendor" + row + ""]", true): Modify property of object successfully

2018-05-16 18:59:55 - [MESSAGE][PASSED] - Modify property of object successfully

2018-05-16 18:59:55 - [TEST_STEP][PASSED] - Statement - batchsize = com.kms.katalon.core.webui.keyword.WebUiBuiltInKeywords.getNumberOfTotalOption(batchlength): 7 options of object '' counted

2018-05-16 18:59:55 - [MESSAGE][PASSED] - 7 options of object '' counted

2018-05-16 18:59:55 - [TEST_STEP][PASSED] - Statement - out.println("BatchSize : " + batchsize): null

2018-05-16 18:59:55 - [TEST_STEP][PASSED] - Statement - For ([n = 1, n <= batchsize - 1, (n++)]): null

2018-05-16 18:59:55 - [TEST_STEP][PASSED] - Statement - product = new com.kms.katalon.core.testobject.TestObject(): null

2018-05-16 18:59:55 - [TEST_STEP][PASSED] - Statement - product = com.kms.katalon.core.webui.keyword.WebUiBuiltInKeywords.modifyObjectProperty(product, "xpath", "equals", "//*[@id = "fldvendor" + row + ""]", true): Modify property of object successfully

2018-05-16 18:59:55 - [MESSAGE][PASSED] - Modify property of object successfully

2018-05-16 18:59:55 - [TEST_STEP][PASSED] - selectOptionByIndex: All options with index in [1] are selected on object ''

2018-05-16 18:59:55 - [MESSAGE][PASSED] - All options with index in [1] are selected on object ''

2018-05-16 18:59:55 - [TEST_STEP][PASSED] - Statement - batch = new com.kms.katalon.core.testobject.TestObject(): null

2018-05-16 18:59:55 - [TEST_STEP][PASSED] - Statement - batch = com.kms.katalon.core.webui.keyword.WebUiBuiltInKeywords.modifyObjectProperty(batch, "xpath", "equals", "//*[@id = "txtbthqty" + row + ""]", true): Modify property of object successfully

2018-05-16 18:59:55 - [MESSAGE][PASSED] - Modify property of object successfully

2018-05-16 18:59:55 - [TEST_STEP][PASSED] - Statement - batchqty = com.kms.katalon.core.webui.keyword.WebUiBuiltInKeywords.getAttribute(batch, "value").trim(): Attribute 'value' of object '' is: '5300'

2018-05-16 18:59:55 - [MESSAGE][PASSED] - Attribute 'value' of object '' is: '5300'

2018-05-16 18:59:55 - [TEST_STEP][PASSED] - Statement - Rqty = 10000: null

2018-05-16 18:59:55 - [TEST_STEP][PASSED] - delay: Delayed 2 second(s)

2018-05-16 18:59:57 - [MESSAGE][PASSED] - Delayed 2 second(s)

2018-05-16 18:59:57 - [TEST_STEP][PASSED] - Statement - out.println("BatchQty : " + batchqty): null

2018-05-16 18:59:57 - [TEST_STEP][PASSED] - Statement - out.println("RQty : " + Rqty): null

2018-05-16 18:59:57 - [TEST_STEP][PASSED] - Statement - If (java.lang.Integer.valueOf(batchqty) >= java.lang.Integer.valueOf(Rqty)): null

2018-05-16 18:59:57 - [TEST_STEP][PASSED] - Statement - Else: null

2018-05-16 18:59:57 - [TEST_STEP][PASSED] - Statement - out.println("Batchqty Is Less Than Rqty"): null

2018-05-16 18:59:57 - [TEST_STEP][PASSED] - Statement - product = new com.kms.katalon.core.testobject.TestObject(): null

2018-05-16 18:59:57 - [TEST_STEP][PASSED] - Statement - product = com.kms.katalon.core.webui.keyword.WebUiBuiltInKeywords.modifyObjectProperty(product, "xpath", "equals", "//*[@id = "fldvendor" + row + ""]", true): Modify property of object successfully

2018-05-16 18:59:57 - [MESSAGE][PASSED] - Modify property of object successfully

2018-05-16 18:59:57 - [TEST_STEP][PASSED] - selectOptionByIndex: All options with index in [2] are selected on object ''

2018-05-16 18:59:57 - [MESSAGE][PASSED] - All options with index in [2] are selected on object ''

2018-05-16 18:59:57 - [TEST_STEP][PASSED] - Statement - batch = new com.kms.katalon.core.testobject.TestObject(): null

2018-05-16 18:59:57 - [TEST_STEP][PASSED] - Statement - batch = com.kms.katalon.core.webui.keyword.WebUiBuiltInKeywords.modifyObjectProperty(batch, "xpath", "equals", "//*[@id = "txtbthqty" + row + ""]", true): Modify property of object successfully

2018-05-16 18:59:57 - [MESSAGE][PASSED] - Modify property of object successfully

2018-05-16 18:59:57 - [TEST_STEP][PASSED] - Statement - batchqty = com.kms.katalon.core.webui.keyword.WebUiBuiltInKeywords.getAttribute(batch, "value").trim(): Attribute 'value' of object '' is: '500'

2018-05-16 18:59:57 - [MESSAGE][PASSED] - Attribute 'value' of object '' is: '500'

2018-05-16 18:59:57 - [TEST_STEP][PASSED] - Statement - Rqty = 10000: null

2018-05-16 18:59:57 - [TEST_STEP][PASSED] - delay: Delayed 2 second(s)

2018-05-16 18:59:59 - [MESSAGE][PASSED] - Delayed 2 second(s)

2018-05-16 18:59:59 - [TEST_STEP][PASSED] - Statement - out.println("BatchQty : " + batchqty): null

2018-05-16 18:59:59 - [TEST_STEP][PASSED] - Statement - out.println("RQty : " + Rqty): null

2018-05-16 18:59:59 - [TEST_STEP][PASSED] - Statement - If (java.lang.Integer.valueOf(batchqty) >= java.lang.Integer.valueOf(Rqty)): null

2018-05-16 18:59:59 - [TEST_STEP][PASSED] - Statement - Else: null

2018-05-16 18:59:59 - [TEST_STEP][PASSED] - Statement - out.println("Batchqty Is Less Than Rqty"): null

2018-05-16 18:59:59 - [TEST_STEP][PASSED] - Statement - product = new com.kms.katalon.core.testobject.TestObject(): null

2018-05-16 18:59:59 - [TEST_STEP][PASSED] - Statement - product = com.kms.katalon.core.webui.keyword.WebUiBuiltInKeywords.modifyObjectProperty(product, "xpath", "equals", "//*[@id = "fldvendor" + row + ""]", true): Modify property of object successfully

2018-05-16 18:59:59 - [MESSAGE][PASSED] - Modify property of object successfully

2018-05-16 18:59:59 - [TEST_STEP][PASSED] - selectOptionByIndex: All options with index in [3] are selected on object ''

2018-05-16 18:59:59 - [MESSAGE][PASSED] - All options with index in [3] are selected on object ''

2018-05-16 18:59:59 - [TEST_STEP][PASSED] - Statement - batch = new com.kms.katalon.core.testobject.TestObject(): null

2018-05-16 18:59:59 - [TEST_STEP][PASSED] - Statement - batch = com.kms.katalon.core.webui.keyword.WebUiBuiltInKeywords.modifyObjectProperty(batch, "xpath", "equals", "//*[@id = "txtbthqty" + row + ""]", true): Modify property of object successfully

2018-05-16 18:59:59 - [MESSAGE][PASSED] - Modify property of object successfully

2018-05-16 18:59:59 - [TEST_STEP][PASSED] - Statement - batchqty = com.kms.katalon.core.webui.keyword.WebUiBuiltInKeywords.getAttribute(batch, "value").trim(): Attribute 'value' of object '' is: '39000'

2018-05-16 18:59:59 - [MESSAGE][PASSED] - Attribute 'value' of object '' is: '39000'

2018-05-16 18:59:59 - [TEST_STEP][PASSED] - Statement - Rqty = 10000: null

2018-05-16 18:59:59 - [TEST_STEP][PASSED] - delay: Delayed 2 second(s)

2018-05-16 19:00:01 - [MESSAGE][PASSED] - Delayed 2 second(s)

2018-05-16 19:00:01 - [TEST_STEP][PASSED] - Statement - out.println("BatchQty : " + batchqty): null

2018-05-16 19:00:01 - [TEST_STEP][PASSED] - Statement - out.println("RQty : " + Rqty): null

2018-05-16 19:00:01 - [TEST_STEP][PASSED] - Statement - If (java.lang.Integer.valueOf(batchqty) >= java.lang.Integer.valueOf(Rqty)): null

2018-05-16 19:00:01 - [TEST_STEP][PASSED] - Statement - Break: null

2018-05-16 19:00:01 - [TEST_STEP][PASSED] - Statement - batchlength = new com.kms.katalon.core.testobject.TestObject(): null

2018-05-16 19:00:01 - [TEST_STEP][PASSED] - Statement - batchlength = com.kms.katalon.core.webui.keyword.WebUiBuiltInKeywords.modifyObjectProperty(batchlength, "xpath", "equals", "//*[@id = "fldvendor" + row + ""]", true): Modify property of object successfully

2018-05-16 19:00:01 - [MESSAGE][PASSED] - Modify property of object successfully

2018-05-16 19:00:01 - [TEST_STEP][PASSED] - Statement - batchsize = com.kms.katalon.core.webui.keyword.WebUiBuiltInKeywords.getNumberOfTotalOption(batchlength): 7 options of object '' counted

2018-05-16 19:00:01 - [MESSAGE][PASSED] - 7 options of object '' counted

2018-05-16 19:00:01 - [TEST_STEP][PASSED] - Statement - out.println("BatchSize : " + batchsize): null

2018-05-16 19:00:01 - [TEST_STEP][PASSED] - Statement - For ([n = 1, n <= batchsize - 1, (n++)]): null

2018-05-16 19:00:01 - [TEST_STEP][PASSED] - Statement - product = new com.kms.katalon.core.testobject.TestObject(): null

2018-05-16 19:00:01 - [TEST_STEP][PASSED] - Statement - product = com.kms.katalon.core.webui.keyword.WebUiBuiltInKeywords.modifyObjectProperty(product, "xpath", "equals", "//*[@id = "fldvendor" + row + ""]", true): Modify property of object successfully

2018-05-16 19:00:01 - [MESSAGE][PASSED] - Modify property of object successfully

2018-05-16 19:00:01 - [TEST_STEP][PASSED] - selectOptionByIndex: All options with index in [1] are selected on object ''

2018-05-16 19:00:01 - [MESSAGE][PASSED] - All options with index in [1] are selected on object ''

2018-05-16 19:00:01 - [TEST_STEP][PASSED] - Statement - batch = new com.kms.katalon.core.testobject.TestObject(): null

2018-05-16 19:00:01 - [TEST_STEP][PASSED] - Statement - batch = com.kms.katalon.core.webui.keyword.WebUiBuiltInKeywords.modifyObjectProperty(batch, "xpath", "equals", "//*[@id = "txtbthqty" + row + ""]", true): Modify property of object successfully

2018-05-16 19:00:01 - [MESSAGE][PASSED] - Modify property of object successfully

2018-05-16 19:00:01 - [TEST_STEP][PASSED] - Statement - batchqty = com.kms.katalon.core.webui.keyword.WebUiBuiltInKeywords.getAttribute(batch, "value").trim(): Attribute 'value' of object '' is: '5000'

2018-05-16 19:00:01 - [MESSAGE][PASSED] - Attribute 'value' of object '' is: '5000'

2018-05-16 19:00:01 - [TEST_STEP][PASSED] - Statement - Rqty = 10000: null

2018-05-16 19:00:01 - [TEST_STEP][PASSED] - delay: Delayed 2 second(s)

2018-05-16 19:00:03 - [MESSAGE][PASSED] - Delayed 2 second(s)

2018-05-16 19:00:03 - [TEST_STEP][PASSED] - Statement - out.println("BatchQty : " + batchqty): null

2018-05-16 19:00:03 - [TEST_STEP][PASSED] - Statement - out.println("RQty : " + Rqty): null

2018-05-16 19:00:03 - [TEST_STEP][PASSED] - Statement - If (java.lang.Integer.valueOf(batchqty) >= java.lang.Integer.valueOf(Rqty)): null

2018-05-16 19:00:03 - [TEST_STEP][PASSED] - Statement - Else: null

2018-05-16 19:00:03 - [TEST_STEP][PASSED] - Statement - out.println("Batchqty Is Less Than Rqty"): null

2018-05-16 19:00:03 - [TEST_STEP][PASSED] - Statement - product = new com.kms.katalon.core.testobject.TestObject(): null

2018-05-16 19:00:03 - [TEST_STEP][PASSED] - Statement - product = com.kms.katalon.core.webui.keyword.WebUiBuiltInKeywords.modifyObjectProperty(product, "xpath", "equals", "//*[@id = "fldvendor" + row + ""]", true): Modify property of object successfully

2018-05-16 19:00:03 - [MESSAGE][PASSED] - Modify property of object successfully

2018-05-16 19:00:03 - [TEST_STEP][PASSED] - selectOptionByIndex: All options with index in [2] are selected on object ''

2018-05-16 19:00:04 - [MESSAGE][PASSED] - All options with index in [2] are selected on object ''

2018-05-16 19:00:04 - [TEST_STEP][PASSED] - Statement - batch = new com.kms.katalon.core.testobject.TestObject(): null

2018-05-16 19:00:04 - [TEST_STEP][PASSED] - Statement - batch = com.kms.katalon.core.webui.keyword.WebUiBuiltInKeywords.modifyObjectProperty(batch, "xpath", "equals", "//*[@id = "txtbthqty" + row + ""]", true): Modify property of object successfully

2018-05-16 19:00:04 - [MESSAGE][PASSED] - Modify property of object successfully

2018-05-16 19:00:04 - [TEST_STEP][PASSED] - Statement - batchqty = com.kms.katalon.core.webui.keyword.WebUiBuiltInKeywords.getAttribute(batch, "value").trim(): Attribute 'value' of object '' is: '300'

2018-05-16 19:00:04 - [MESSAGE][PASSED] - Attribute 'value' of object '' is: '300'

2018-05-16 19:00:04 - [TEST_STEP][PASSED] - Statement - Rqty = 10000: null

2018-05-16 19:00:04 - [TEST_STEP][PASSED] - delay: Delayed 2 second(s)

2018-05-16 19:00:06 - [MESSAGE][PASSED] - Delayed 2 second(s)

2018-05-16 19:00:06 - [TEST_STEP][PASSED] - Statement - out.println("BatchQty : " + batchqty): null

2018-05-16 19:00:06 - [TEST_STEP][PASSED] - Statement - out.println("RQty : " + Rqty): null

2018-05-16 19:00:06 - [TEST_STEP][PASSED] - Statement - If (java.lang.Integer.valueOf(batchqty) >= java.lang.Integer.valueOf(Rqty)): null

2018-05-16 19:00:06 - [TEST_STEP][PASSED] - Statement - Else: null

2018-05-16 19:00:06 - [TEST_STEP][PASSED] - Statement - out.println("Batchqty Is Less Than Rqty"): null

2018-05-16 19:00:06 - [TEST_STEP][PASSED] - Statement - product = new com.kms.katalon.core.testobject.TestObject(): null

2018-05-16 19:00:06 - [TEST_STEP][PASSED] - Statement - product = com.kms.katalon.core.webui.keyword.WebUiBuiltInKeywords.modifyObjectProperty(product, "xpath", "equals", "//*[@id = "fldvendor" + row + ""]", true): Modify property of object successfully

2018-05-16 19:00:06 - [MESSAGE][PASSED] - Modify property of object successfully

2018-05-16 19:00:06 - [TEST_STEP][PASSED] - selectOptionByIndex: All options with index in [3] are selected on object ''

2018-05-16 19:00:06 - [MESSAGE][PASSED] - All options with index in [3] are selected on object ''

2018-05-16 19:00:06 - [TEST_STEP][PASSED] - Statement - batch = new com.kms.katalon.core.testobject.TestObject(): null

2018-05-16 19:00:06 - [TEST_STEP][PASSED] - Statement - batch = com.kms.katalon.core.webui.keyword.WebUiBuiltInKeywords.modifyObjectProperty(batch, "xpath", "equals", "//*[@id = "txtbthqty" + row + ""]", true): Modify property of object successfully

2018-05-16 19:00:06 - [MESSAGE][PASSED] - Modify property of object successfully

2018-05-16 19:00:06 - [TEST_STEP][PASSED] - Statement - batchqty = com.kms.katalon.core.webui.keyword.WebUiBuiltInKeywords.getAttribute(batch, "value").trim(): Attribute 'value' of object '' is: '4000'

2018-05-16 19:00:06 - [MESSAGE][PASSED] - Attribute 'value' of object '' is: '4000'

2018-05-16 19:00:06 - [TEST_STEP][PASSED] - Statement - Rqty = 10000: null

2018-05-16 19:00:06 - [TEST_STEP][PASSED] - delay: Delayed 2 second(s)

2018-05-16 19:00:08 - [MESSAGE][PASSED] - Delayed 2 second(s)

2018-05-16 19:00:08 - [TEST_STEP][PASSED] - Statement - out.println("BatchQty : " + batchqty): null

2018-05-16 19:00:08 - [TEST_STEP][PASSED] - Statement - out.println("RQty : " + Rqty): null

2018-05-16 19:00:08 - [TEST_STEP][PASSED] - Statement - If (java.lang.Integer.valueOf(batchqty) >= java.lang.Integer.valueOf(Rqty)): null

2018-05-16 19:00:08 - [TEST_STEP][PASSED] - Statement - Else: null

2018-05-16 19:00:08 - [TEST_STEP][PASSED] - Statement - out.println("Batchqty Is Less Than Rqty"): null

2018-05-16 19:00:08 - [TEST_STEP][PASSED] - Statement - product = new com.kms.katalon.core.testobject.TestObject(): null

2018-05-16 19:00:08 - [TEST_STEP][PASSED] - Statement - product = com.kms.katalon.core.webui.keyword.WebUiBuiltInKeywords.modifyObjectProperty(product, "xpath", "equals", "//*[@id = "fldvendor" + row + ""]", true): Modify property of object successfully

2018-05-16 19:00:08 - [MESSAGE][PASSED] - Modify property of object successfully

2018-05-16 19:00:08 - [TEST_STEP][PASSED] - selectOptionByIndex: All options with index in [4] are selected on object ''

2018-05-16 19:00:08 - [MESSAGE][PASSED] - All options with index in [4] are selected on object ''

2018-05-16 19:00:08 - [TEST_STEP][PASSED] - Statement - batch = new com.kms.katalon.core.testobject.TestObject(): null

2018-05-16 19:00:08 - [TEST_STEP][PASSED] - Statement - batch = com.kms.katalon.core.webui.keyword.WebUiBuiltInKeywords.modifyObjectProperty(batch, "xpath", "equals", "//*[@id = "txtbthqty" + row + ""]", true): Modify property of object successfully

2018-05-16 19:00:08 - [MESSAGE][PASSED] - Modify property of object successfully

2018-05-16 19:00:08 - [TEST_STEP][PASSED] - Statement - batchqty = com.kms.katalon.core.webui.keyword.WebUiBuiltInKeywords.getAttribute(batch, "value").trim(): Attribute 'value' of object '' is: '5000'

2018-05-16 19:00:08 - [MESSAGE][PASSED] - Attribute 'value' of object '' is: '5000'

2018-05-16 19:00:08 - [TEST_STEP][PASSED] - Statement - Rqty = 10000: null

2018-05-16 19:00:08 - [TEST_STEP][PASSED] - delay: Delayed 2 second(s)

2018-05-16 19:00:10 - [MESSAGE][PASSED] - Delayed 2 second(s)

2018-05-16 19:00:10 - [TEST_STEP][PASSED] - Statement - out.println("BatchQty : " + batchqty): null

2018-05-16 19:00:10 - [TEST_STEP][PASSED] - Statement - out.println("RQty : " + Rqty): null

2018-05-16 19:00:10 - [TEST_STEP][PASSED] - Statement - If (java.lang.Integer.valueOf(batchqty) >= java.lang.Integer.valueOf(Rqty)): null

2018-05-16 19:00:10 - [TEST_STEP][PASSED] - Statement - Else: null

2018-05-16 19:00:10 - [TEST_STEP][PASSED] - Statement - out.println("Batchqty Is Less Than Rqty"): null

2018-05-16 19:00:10 - [TEST_STEP][PASSED] - Statement - product = new com.kms.katalon.core.testobject.TestObject(): null

2018-05-16 19:00:10 - [TEST_STEP][PASSED] - Statement - product = com.kms.katalon.core.webui.keyword.WebUiBuiltInKeywords.modifyObjectProperty(product, "xpath", "equals", "//*[@id = "fldvendor" + row + ""]", true): Modify property of object successfully

2018-05-16 19:00:10 - [MESSAGE][PASSED] - Modify property of object successfully

2018-05-16 19:00:10 - [TEST_STEP][PASSED] - selectOptionByIndex: All options with index in [5] are selected on object ''

2018-05-16 19:00:10 - [MESSAGE][PASSED] - All options with index in [5] are selected on object ''

2018-05-16 19:00:10 - [TEST_STEP][PASSED] - Statement - batch = new com.kms.katalon.core.testobject.TestObject(): null

2018-05-16 19:00:10 - [TEST_STEP][PASSED] - Statement - batch = com.kms.katalon.core.webui.keyword.WebUiBuiltInKeywords.modifyObjectProperty(batch, "xpath", "equals", "//*[@id = "txtbthqty" + row + ""]", true): Modify property of object successfully

2018-05-16 19:00:10 - [MESSAGE][PASSED] - Modify property of object successfully

2018-05-16 19:00:10 - [TEST_STEP][PASSED] - Statement - batchqty = com.kms.katalon.core.webui.keyword.WebUiBuiltInKeywords.getAttribute(batch, "value").trim(): Attribute 'value' of object '' is: '500'

2018-05-16 19:00:10 - [MESSAGE][PASSED] - Attribute 'value' of object '' is: '500'

2018-05-16 19:00:10 - [TEST_STEP][PASSED] - Statement - Rqty = 10000: null

2018-05-16 19:00:10 - [TEST_STEP][PASSED] - delay: Delayed 2 second(s)

2018-05-16 19:00:12 - [MESSAGE][PASSED] - Delayed 2 second(s)

2018-05-16 19:00:12 - [TEST_STEP][PASSED] - Statement - out.println("BatchQty : " + batchqty): null

2018-05-16 19:00:12 - [TEST_STEP][PASSED] - Statement - out.println("RQty : " + Rqty): null

2018-05-16 19:00:12 - [TEST_STEP][PASSED] - Statement - If (java.lang.Integer.valueOf(batchqty) >= java.lang.Integer.valueOf(Rqty)): null

2018-05-16 19:00:12 - [TEST_STEP][PASSED] - Statement - Else: null

2018-05-16 19:00:12 - [TEST_STEP][PASSED] - Statement - out.println("Batchqty Is Less Than Rqty"): null

2018-05-16 19:00:12 - [TEST_STEP][PASSED] - Statement - product = new com.kms.katalon.core.testobject.TestObject(): null

2018-05-16 19:00:12 - [TEST_STEP][PASSED] - Statement - product = com.kms.katalon.core.webui.keyword.WebUiBuiltInKeywords.modifyObjectProperty(product, "xpath", "equals", "//*[@id = "fldvendor" + row + ""]", true): Modify property of object successfully

2018-05-16 19:00:12 - [MESSAGE][PASSED] - Modify property of object successfully

2018-05-16 19:00:12 - [TEST_STEP][PASSED] - selectOptionByIndex: All options with index in [6] are selected on object ''

2018-05-16 19:00:12 - [MESSAGE][PASSED] - All options with index in [6] are selected on object ''

2018-05-16 19:00:12 - [TEST_STEP][PASSED] - Statement - batch = new com.kms.katalon.core.testobject.TestObject(): null

2018-05-16 19:00:12 - [TEST_STEP][PASSED] - Statement - batch = com.kms.katalon.core.webui.keyword.WebUiBuiltInKeywords.modifyObjectProperty(batch, "xpath", "equals", "//*[@id = "txtbthqty" + row + ""]", true): Modify property of object successfully

2018-05-16 19:00:12 - [MESSAGE][PASSED] - Modify property of object successfully

2018-05-16 19:00:12 - [TEST_STEP][PASSED] - Statement - batchqty = com.kms.katalon.core.webui.keyword.WebUiBuiltInKeywords.getAttribute(batch, "value").trim(): Attribute 'value' of object '' is: '40000'

2018-05-16 19:00:12 - [MESSAGE][PASSED] - Attribute 'value' of object '' is: '40000'

2018-05-16 19:00:12 - [TEST_STEP][PASSED] - Statement - Rqty = 10000: null

2018-05-16 19:00:12 - [TEST_STEP][PASSED] - delay: Delayed 2 second(s)

2018-05-16 19:00:14 - [MESSAGE][PASSED] - Delayed 2 second(s)

2018-05-16 19:00:14 - [TEST_STEP][PASSED] - Statement - out.println("BatchQty : " + batchqty): null

2018-05-16 19:00:14 - [TEST_STEP][PASSED] - Statement - out.println("RQty : " + Rqty): null

2018-05-16 19:00:14 - [TEST_STEP][PASSED] - Statement - If (java.lang.Integer.valueOf(batchqty) >= java.lang.Integer.valueOf(Rqty)): null

2018-05-16 19:00:14 - [TEST_STEP][PASSED] - Statement - Break: null

2018-05-16 19:00:14 - [TEST_STEP][PASSED] - Statement - batchlength = new com.kms.katalon.core.testobject.TestObject(): null

2018-05-16 19:00:14 - [TEST_STEP][PASSED] - Statement - batchlength = com.kms.katalon.core.webui.keyword.WebUiBuiltInKeywords.modifyObjectProperty(batchlength, "xpath", "equals", "//*[@id = "fldvendor" + row + ""]", true): Modify property of object successfully

2018-05-16 19:00:14 - [MESSAGE][PASSED] - Modify property of object successfully

2018-05-16 19:00:14 - [TEST_STEP][PASSED] - Statement - batchsize = com.kms.katalon.core.webui.keyword.WebUiBuiltInKeywords.getNumberOfTotalOption(batchlength): 7 options of object '' counted

2018-05-16 19:00:14 - [MESSAGE][PASSED] - 7 options of object '' counted

2018-05-16 19:00:14 - [TEST_STEP][PASSED] - Statement - out.println("BatchSize : " + batchsize): null

2018-05-16 19:00:14 - [TEST_STEP][PASSED] - Statement - For ([n = 1, n <= batchsize - 1, (n++)]): null

2018-05-16 19:00:14 - [TEST_STEP][PASSED] - Statement - product = new com.kms.katalon.core.testobject.TestObject(): null

2018-05-16 19:00:14 - [TEST_STEP][PASSED] - Statement - product = com.kms.katalon.core.webui.keyword.WebUiBuiltInKeywords.modifyObjectProperty(product, "xpath", "equals", "//*[@id = "fldvendor" + row + ""]", true): Modify property of object successfully

2018-05-16 19:00:14 - [MESSAGE][PASSED] - Modify property of object successfully

2018-05-16 19:00:14 - [TEST_STEP][PASSED] - selectOptionByIndex: All options with index in [1] are selected on object ''

2018-05-16 19:00:15 - [MESSAGE][PASSED] - All options with index in [1] are selected on object ''

2018-05-16 19:00:15 - [TEST_STEP][PASSED] - Statement - batch = new com.kms.katalon.core.testobject.TestObject(): null

2018-05-16 19:00:15 - [TEST_STEP][PASSED] - Statement - batch = com.kms.katalon.core.webui.keyword.WebUiBuiltInKeywords.modifyObjectProperty(batch, "xpath", "equals", "//*[@id = "txtbthqty" + row + ""]", true): Modify property of object successfully

2018-05-16 19:00:15 - [MESSAGE][PASSED] - Modify property of object successfully

2018-05-16 19:00:15 - [TEST_STEP][PASSED] - Statement - batchqty = com.kms.katalon.core.webui.keyword.WebUiBuiltInKeywords.getAttribute(batch, "value").trim(): Attribute 'value' of object '' is: '350'

2018-05-16 19:00:15 - [MESSAGE][PASSED] - Attribute 'value' of object '' is: '350'

2018-05-16 19:00:15 - [TEST_STEP][PASSED] - Statement - Rqty = 10000: null

2018-05-16 19:00:15 - [TEST_STEP][PASSED] - delay: Delayed 2 second(s)

2018-05-16 19:00:17 - [MESSAGE][PASSED] - Delayed 2 second(s)

2018-05-16 19:00:17 - [TEST_STEP][PASSED] - Statement - out.println("BatchQty : " + batchqty): null

2018-05-16 19:00:17 - [TEST_STEP][PASSED] - Statement - out.println("RQty : " + Rqty): null

2018-05-16 19:00:17 - [TEST_STEP][PASSED] - Statement - If (java.lang.Integer.valueOf(batchqty) >= java.lang.Integer.valueOf(Rqty)): null

2018-05-16 19:00:17 - [TEST_STEP][PASSED] - Statement - Else: null

2018-05-16 19:00:17 - [TEST_STEP][PASSED] - Statement - out.println("Batchqty Is Less Than Rqty"): null

2018-05-16 19:00:17 - [TEST_STEP][PASSED] - Statement - product = new com.kms.katalon.core.testobject.TestObject(): null

2018-05-16 19:00:17 - [TEST_STEP][PASSED] - Statement - product = com.kms.katalon.core.webui.keyword.WebUiBuiltInKeywords.modifyObjectProperty(product, "xpath", "equals", "//*[@id = "fldvendor" + row + ""]", true): Modify property of object successfully

2018-05-16 19:00:17 - [MESSAGE][PASSED] - Modify property of object successfully

2018-05-16 19:00:17 - [TEST_STEP][PASSED] - selectOptionByIndex: All options with index in [2] are selected on object ''

2018-05-16 19:00:17 - [MESSAGE][PASSED] - All options with index in [2] are selected on object ''

2018-05-16 19:00:17 - [TEST_STEP][PASSED] - Statement - batch = new com.kms.katalon.core.testobject.TestObject(): null

2018-05-16 19:00:17 - [TEST_STEP][PASSED] - Statement - batch = com.kms.katalon.core.webui.keyword.WebUiBuiltInKeywords.modifyObjectProperty(batch, "xpath", "equals", "//*[@id = "txtbthqty" + row + ""]", true): Modify property of object successfully

2018-05-16 19:00:17 - [MESSAGE][PASSED] - Modify property of object successfully

2018-05-16 19:00:17 - [TEST_STEP][PASSED] - Statement - batchqty = com.kms.katalon.core.webui.keyword.WebUiBuiltInKeywords.getAttribute(batch, "value").trim(): Attribute 'value' of object '' is: '500'

2018-05-16 19:00:17 - [MESSAGE][PASSED] - Attribute 'value' of object '' is: '500'

2018-05-16 19:00:17 - [TEST_STEP][PASSED] - Statement - Rqty = 10000: null

2018-05-16 19:00:17 - [TEST_STEP][PASSED] - delay: Delayed 2 second(s)

2018-05-16 19:00:19 - [MESSAGE][PASSED] - Delayed 2 second(s)

2018-05-16 19:00:19 - [TEST_STEP][PASSED] - Statement - out.println("BatchQty : " + batchqty): null

2018-05-16 19:00:19 - [TEST_STEP][PASSED] - Statement - out.println("RQty : " + Rqty): null

2018-05-16 19:00:19 - [TEST_STEP][PASSED] - Statement - If (java.lang.Integer.valueOf(batchqty) >= java.lang.Integer.valueOf(Rqty)): null

2018-05-16 19:00:19 - [TEST_STEP][PASSED] - Statement - Else: null

2018-05-16 19:00:19 - [TEST_STEP][PASSED] - Statement - out.println("Batchqty Is Less Than Rqty"): null

2018-05-16 19:00:19 - [TEST_STEP][PASSED] - Statement - product = new com.kms.katalon.core.testobject.TestObject(): null

2018-05-16 19:00:19 - [TEST_STEP][PASSED] - Statement - product = com.kms.katalon.core.webui.keyword.WebUiBuiltInKeywords.modifyObjectProperty(product, "xpath", "equals", "//*[@id = "fldvendor" + row + ""]", true): Modify property of object successfully

2018-05-16 19:00:19 - [MESSAGE][PASSED] - Modify property of object successfully

2018-05-16 19:00:19 - [TEST_STEP][PASSED] - selectOptionByIndex: All options with index in [3] are selected on object ''

2018-05-16 19:00:19 - [MESSAGE][PASSED] - All options with index in [3] are selected on object ''

2018-05-16 19:00:19 - [TEST_STEP][PASSED] - Statement - batch = new com.kms.katalon.core.testobject.TestObject(): null

2018-05-16 19:00:19 - [TEST_STEP][PASSED] - Statement - batch = com.kms.katalon.core.webui.keyword.WebUiBuiltInKeywords.modifyObjectProperty(batch, "xpath", "equals", "//*[@id = "txtbthqty" + row + ""]", true): Modify property of object successfully

2018-05-16 19:00:19 - [MESSAGE][PASSED] - Modify property of object successfully

2018-05-16 19:00:19 - [TEST_STEP][PASSED] - Statement - batchqty = com.kms.katalon.core.webui.keyword.WebUiBuiltInKeywords.getAttribute(batch, "value").trim(): Attribute 'value' of object '' is: '39000'

2018-05-16 19:00:19 - [MESSAGE][PASSED] - Attribute 'value' of object '' is: '39000'

2018-05-16 19:00:19 - [TEST_STEP][PASSED] - Statement - Rqty = 10000: null

2018-05-16 19:00:19 - [TEST_STEP][PASSED] - delay: Delayed 2 second(s)

2018-05-16 19:00:21 - [MESSAGE][PASSED] - Delayed 2 second(s)

2018-05-16 19:00:21 - [TEST_STEP][PASSED] - Statement - out.println("BatchQty : " + batchqty): null

2018-05-16 19:00:21 - [TEST_STEP][PASSED] - Statement - out.println("RQty : " + Rqty): null

2018-05-16 19:00:21 - [TEST_STEP][PASSED] - Statement - If (java.lang.Integer.valueOf(batchqty) >= java.lang.Integer.valueOf(Rqty)): null

2018-05-16 19:00:21 - [TEST_STEP][PASSED] - Statement - Break: null

2018-05-16 19:00:21 - [TEST_STEP][PASSED] - Statement - batchlength = new com.kms.katalon.core.testobject.TestObject(): null

2018-05-16 19:00:21 - [TEST_STEP][PASSED] - Statement - batchlength = com.kms.katalon.core.webui.keyword.WebUiBuiltInKeywords.modifyObjectProperty(batchlength, "xpath", "equals", "//*[@id = "fldvendor" + row + ""]", true): Modify property of object successfully

2018-05-16 19:00:21 - [MESSAGE][PASSED] - Modify property of object successfully

2018-05-16 19:00:21 - [TEST_STEP][PASSED] - Statement - batchsize = com.kms.katalon.core.webui.keyword.WebUiBuiltInKeywords.getNumberOfTotalOption(batchlength): 7 options of object '' counted

2018-05-16 19:00:21 - [MESSAGE][PASSED] - 7 options of object '' counted

2018-05-16 19:00:21 - [TEST_STEP][PASSED] - Statement - out.println("BatchSize : " + batchsize): null

2018-05-16 19:00:21 - [TEST_STEP][PASSED] - Statement - For ([n = 1, n <= batchsize - 1, (n++)]): null

2018-05-16 19:00:21 - [TEST_STEP][PASSED] - Statement - product = new com.kms.katalon.core.testobject.TestObject(): null

2018-05-16 19:00:21 - [TEST_STEP][PASSED] - Statement - product = com.kms.katalon.core.webui.keyword.WebUiBuiltInKeywords.modifyObjectProperty(product, "xpath", "equals", "//*[@id = "fldvendor" + row + ""]", true): Modify property of object successfully

2018-05-16 19:00:21 - [MESSAGE][PASSED] - Modify property of object successfully

2018-05-16 19:00:21 - [TEST_STEP][PASSED] - selectOptionByIndex: All options with index in [1] are selected on object ''

2018-05-16 19:00:21 - [MESSAGE][PASSED] - All options with index in [1] are selected on object ''

2018-05-16 19:00:21 - [TEST_STEP][PASSED] - Statement - batch = new com.kms.katalon.core.testobject.TestObject(): null

2018-05-16 19:00:21 - [TEST_STEP][PASSED] - Statement - batch = com.kms.katalon.core.webui.keyword.WebUiBuiltInKeywords.modifyObjectProperty(batch, "xpath", "equals", "//*[@id = "txtbthqty" + row + ""]", true): Modify property of object successfully

2018-05-16 19:00:21 - [MESSAGE][PASSED] - Modify property of object successfully

2018-05-16 19:00:21 - [TEST_STEP][PASSED] - Statement - batchqty = com.kms.katalon.core.webui.keyword.WebUiBuiltInKeywords.getAttribute(batch, "value").trim(): Attribute 'value' of object '' is: '4000'

2018-05-16 19:00:21 - [MESSAGE][PASSED] - Attribute 'value' of object '' is: '4000'

2018-05-16 19:00:21 - [TEST_STEP][PASSED] - Statement - Rqty = 10000: null

2018-05-16 19:00:21 - [TEST_STEP][PASSED] - delay: Delayed 2 second(s)

2018-05-16 19:00:23 - [MESSAGE][PASSED] - Delayed 2 second(s)

2018-05-16 19:00:23 - [TEST_STEP][PASSED] - Statement - out.println("BatchQty : " + batchqty): null

2018-05-16 19:00:23 - [TEST_STEP][PASSED] - Statement - out.println("RQty : " + Rqty): null

2018-05-16 19:00:23 - [TEST_STEP][PASSED] - Statement - If (java.lang.Integer.valueOf(batchqty) >= java.lang.Integer.valueOf(Rqty)): null

2018-05-16 19:00:23 - [TEST_STEP][PASSED] - Statement - Else: null

2018-05-16 19:00:23 - [TEST_STEP][PASSED] - Statement - out.println("Batchqty Is Less Than Rqty"): null

2018-05-16 19:00:23 - [TEST_STEP][PASSED] - Statement - product = new com.kms.katalon.core.testobject.TestObject(): null

2018-05-16 19:00:23 - [TEST_STEP][PASSED] - Statement - product = com.kms.katalon.core.webui.keyword.WebUiBuiltInKeywords.modifyObjectProperty(product, "xpath", "equals", "//*[@id = "fldvendor" + row + ""]", true): Modify property of object successfully

2018-05-16 19:00:23 - [MESSAGE][PASSED] - Modify property of object successfully

2018-05-16 19:00:23 - [TEST_STEP][PASSED] - selectOptionByIndex: All options with index in [2] are selected on object ''

2018-05-16 19:00:23 - [MESSAGE][PASSED] - All options with index in [2] are selected on object ''

2018-05-16 19:00:23 - [TEST_STEP][PASSED] - Statement - batch = new com.kms.katalon.core.testobject.TestObject(): null

2018-05-16 19:00:23 - [TEST_STEP][PASSED] - Statement - batch = com.kms.katalon.core.webui.keyword.WebUiBuiltInKeywords.modifyObjectProperty(batch, "xpath", "equals", "//*[@id = "txtbthqty" + row + ""]", true): Modify property of object successfully

2018-05-16 19:00:23 - [MESSAGE][PASSED] - Modify property of object successfully

2018-05-16 19:00:23 - [TEST_STEP][PASSED] - Statement - batchqty = com.kms.katalon.core.webui.keyword.WebUiBuiltInKeywords.getAttribute(batch, "value").trim(): Attribute 'value' of object '' is: '40000'

2018-05-16 19:00:23 - [MESSAGE][PASSED] - Attribute 'value' of object '' is: '40000'

2018-05-16 19:00:23 - [TEST_STEP][PASSED] - Statement - Rqty = 10000: null

2018-05-16 19:00:23 - [TEST_STEP][PASSED] - delay: Delayed 2 second(s)

2018-05-16 19:00:25 - [MESSAGE][PASSED] - Delayed 2 second(s)

2018-05-16 19:00:25 - [TEST_STEP][PASSED] - Statement - out.println("BatchQty : " + batchqty): null

2018-05-16 19:00:25 - [TEST_STEP][PASSED] - Statement - out.println("RQty : " + Rqty): null

2018-05-16 19:00:25 - [TEST_STEP][PASSED] - Statement - If (java.lang.Integer.valueOf(batchqty) >= java.lang.Integer.valueOf(Rqty)): null

2018-05-16 19:00:25 - [TEST_STEP][PASSED] - Statement - Break: null

2018-05-16 19:00:25 - [TEST_STEP][PASSED] - Statement - batchlength = new com.kms.katalon.core.testobject.TestObject(): null

2018-05-16 19:00:25 - [TEST_STEP][PASSED] - Statement - batchlength = com.kms.katalon.core.webui.keyword.WebUiBuiltInKeywords.modifyObjectProperty(batchlength, "xpath", "equals", "//*[@id = "fldvendor" + row + ""]", true): Modify property of object successfully

2018-05-16 19:00:25 - [MESSAGE][PASSED] - Modify property of object successfully

2018-05-16 19:00:25 - [TEST_STEP][PASSED] - Statement - batchsize = com.kms.katalon.core.webui.keyword.WebUiBuiltInKeywords.getNumberOfTotalOption(batchlength): 7 options of object '' counted

2018-05-16 19:00:25 - [MESSAGE][PASSED] - 7 options of object '' counted

2018-05-16 19:00:25 - [TEST_STEP][PASSED] - Statement - out.println("BatchSize : " + batchsize): null

2018-05-16 19:00:25 - [TEST_STEP][PASSED] - Statement - For ([n = 1, n <= batchsize - 1, (n++)]): null

2018-05-16 19:00:25 - [TEST_STEP][PASSED] - Statement - product = new com.kms.katalon.core.testobject.TestObject(): null

2018-05-16 19:00:25 - [TEST_STEP][PASSED] - Statement - product = com.kms.katalon.core.webui.keyword.WebUiBuiltInKeywords.modifyObjectProperty(product, "xpath", "equals", "//*[@id = "fldvendor" + row + ""]", true): Modify property of object successfully

2018-05-16 19:00:25 - [MESSAGE][PASSED] - Modify property of object successfully

2018-05-16 19:00:25 - [TEST_STEP][PASSED] - selectOptionByIndex: All options with index in [1] are selected on object ''

2018-05-16 19:00:26 - [MESSAGE][PASSED] - All options with index in [1] are selected on object ''

2018-05-16 19:00:26 - [TEST_STEP][PASSED] - Statement - batch = new com.kms.katalon.core.testobject.TestObject(): null

2018-05-16 19:00:26 - [TEST_STEP][PASSED] - Statement - batch = com.kms.katalon.core.webui.keyword.WebUiBuiltInKeywords.modifyObjectProperty(batch, "xpath", "equals", "//*[@id = "txtbthqty" + row + ""]", true): Modify property of object successfully

2018-05-16 19:00:26 - [MESSAGE][PASSED] - Modify property of object successfully

2018-05-16 19:00:26 - [TEST_STEP][PASSED] - Statement - batchqty = com.kms.katalon.core.webui.keyword.WebUiBuiltInKeywords.getAttribute(batch, "value").trim(): Attribute 'value' of object '' is: '39000'

2018-05-16 19:00:26 - [MESSAGE][PASSED] - Attribute 'value' of object '' is: '39000'

2018-05-16 19:00:26 - [TEST_STEP][PASSED] - Statement - Rqty = 10000: null

2018-05-16 19:00:26 - [TEST_STEP][PASSED] - delay: Delayed 2 second(s)

2018-05-16 19:00:28 - [MESSAGE][PASSED] - Delayed 2 second(s)

2018-05-16 19:00:28 - [TEST_STEP][PASSED] - Statement - out.println("BatchQty : " + batchqty): null

2018-05-16 19:00:28 - [TEST_STEP][PASSED] - Statement - out.println("RQty : " + Rqty): null

2018-05-16 19:00:28 - [TEST_STEP][PASSED] - Statement - If (java.lang.Integer.valueOf(batchqty) >= java.lang.Integer.valueOf(Rqty)): null

2018-05-16 19:00:28 - [TEST_STEP][PASSED] - Statement - Break: null

2018-05-16 19:00:28 - [TEST_STEP][PASSED] - Statement - batchlength = new com.kms.katalon.core.testobject.TestObject(): null

2018-05-16 19:00:28 - [TEST_STEP][PASSED] - Statement - batchlength = com.kms.katalon.core.webui.keyword.WebUiBuiltInKeywords.modifyObjectProperty(batchlength, "xpath", "equals", "//*[@id = "fldvendor" + row + ""]", true): Modify property of object successfully

2018-05-16 19:00:28 - [MESSAGE][PASSED] - Modify property of object successfully

2018-05-16 19:00:28 - [TEST_STEP][PASSED] - Statement - batchsize = com.kms.katalon.core.webui.keyword.WebUiBuiltInKeywords.getNumberOfTotalOption(batchlength): 7 options of object '' counted

2018-05-16 19:00:28 - [MESSAGE][PASSED] - 7 options of object '' counted

2018-05-16 19:00:28 - [TEST_STEP][PASSED] - Statement - out.println("BatchSize : " + batchsize): null

2018-05-16 19:00:28 - [TEST_STEP][PASSED] - Statement - For ([n = 1, n <= batchsize - 1, (n++)]): null

2018-05-16 19:00:28 - [TEST_STEP][PASSED] - Statement - product = new com.kms.katalon.core.testobject.TestObject(): null

2018-05-16 19:00:28 - [TEST_STEP][PASSED] - Statement - product = com.kms.katalon.core.webui.keyword.WebUiBuiltInKeywords.modifyObjectProperty(product, "xpath", "equals", "//*[@id = "fldvendor" + row + ""]", true): Modify property of object successfully

2018-05-16 19:00:28 - [MESSAGE][PASSED] - Modify property of object successfully

2018-05-16 19:00:28 - [TEST_STEP][PASSED] - selectOptionByIndex: All options with index in [1] are selected on object ''

2018-05-16 19:00:28 - [MESSAGE][PASSED] - All options with index in [1] are selected on object ''

2018-05-16 19:00:28 - [TEST_STEP][PASSED] - Statement - batch = new com.kms.katalon.core.testobject.TestObject(): null

2018-05-16 19:00:28 - [TEST_STEP][PASSED] - Statement - batch = com.kms.katalon.core.webui.keyword.WebUiBuiltInKeywords.modifyObjectProperty(batch, "xpath", "equals", "//*[@id = "txtbthqty" + row + ""]", true): Modify property of object successfully

2018-05-16 19:00:28 - [MESSAGE][PASSED] - Modify property of object successfully

2018-05-16 19:00:28 - [TEST_STEP][PASSED] - Statement - batchqty = com.kms.katalon.core.webui.keyword.WebUiBuiltInKeywords.getAttribute(batch, "value").trim(): Attribute 'value' of object '' is: '4000'

2018-05-16 19:00:28 - [MESSAGE][PASSED] - Attribute 'value' of object '' is: '4000'

2018-05-16 19:00:28 - [TEST_STEP][PASSED] - Statement - Rqty = 10000: null

2018-05-16 19:00:28 - [TEST_STEP][PASSED] - delay: Delayed 2 second(s)

2018-05-16 19:00:30 - [MESSAGE][PASSED] - Delayed 2 second(s)

2018-05-16 19:00:30 - [TEST_STEP][PASSED] - Statement - out.println("BatchQty : " + batchqty): null

2018-05-16 19:00:30 - [TEST_STEP][PASSED] - Statement - out.println("RQty : " + Rqty): null

2018-05-16 19:00:30 - [TEST_STEP][PASSED] - Statement - If (java.lang.Integer.valueOf(batchqty) >= java.lang.Integer.valueOf(Rqty)): null

2018-05-16 19:00:30 - [TEST_STEP][PASSED] - Statement - Else: null

2018-05-16 19:00:30 - [TEST_STEP][PASSED] - Statement - out.println("Batchqty Is Less Than Rqty"): null

2018-05-16 19:00:30 - [TEST_STEP][PASSED] - Statement - product = new com.kms.katalon.core.testobject.TestObject(): null

2018-05-16 19:00:30 - [TEST_STEP][PASSED] - Statement - product = com.kms.katalon.core.webui.keyword.WebUiBuiltInKeywords.modifyObjectProperty(product, "xpath", "equals", "//*[@id = "fldvendor" + row + ""]", true): Modify property of object successfully

2018-05-16 19:00:30 - [MESSAGE][PASSED] - Modify property of object successfully

2018-05-16 19:00:30 - [TEST_STEP][PASSED] - selectOptionByIndex: All options with index in [2] are selected on object ''

2018-05-16 19:00:30 - [MESSAGE][PASSED] - All options with index in [2] are selected on object ''

2018-05-16 19:00:30 - [TEST_STEP][PASSED] - Statement - batch = new com.kms.katalon.core.testobject.TestObject(): null

2018-05-16 19:00:30 - [TEST_STEP][PASSED] - Statement - batch = com.kms.katalon.core.webui.keyword.WebUiBuiltInKeywords.modifyObjectProperty(batch, "xpath", "equals", "//*[@id = "txtbthqty" + row + ""]", true): Modify property of object successfully

2018-05-16 19:00:30 - [MESSAGE][PASSED] - Modify property of object successfully

2018-05-16 19:00:30 - [TEST_STEP][PASSED] - Statement - batchqty = com.kms.katalon.core.webui.keyword.WebUiBuiltInKeywords.getAttribute(batch, "value").trim(): Attribute 'value' of object '' is: '5000'

2018-05-16 19:00:30 - [MESSAGE][PASSED] - Attribute 'value' of object '' is: '5000'

2018-05-16 19:00:30 - [TEST_STEP][PASSED] - Statement - Rqty = 10000: null

2018-05-16 19:00:30 - [TEST_STEP][PASSED] - delay: Delayed 2 second(s)

2018-05-16 19:00:32 - [MESSAGE][PASSED] - Delayed 2 second(s)

2018-05-16 19:00:32 - [TEST_STEP][PASSED] - Statement - out.println("BatchQty : " + batchqty): null

2018-05-16 19:00:32 - [TEST_STEP][PASSED] - Statement - out.println("RQty : " + Rqty): null

2018-05-16 19:00:32 - [TEST_STEP][PASSED] - Statement - If (java.lang.Integer.valueOf(batchqty) >= java.lang.Integer.valueOf(Rqty)): null

2018-05-16 19:00:32 - [TEST_STEP][PASSED] - Statement - Else: null

2018-05-16 19:00:32 - [TEST_STEP][PASSED] - Statement - out.println("Batchqty Is Less Than Rqty"): null

2018-05-16 19:00:32 - [TEST_STEP][PASSED] - Statement - product = new com.kms.katalon.core.testobject.TestObject(): null

2018-05-16 19:00:32 - [TEST_STEP][PASSED] - Statement - product = com.kms.katalon.core.webui.keyword.WebUiBuiltInKeywords.modifyObjectProperty(product, "xpath", "equals", "//*[@id = "fldvendor" + row + ""]", true): Modify property of object successfully

2018-05-16 19:00:32 - [MESSAGE][PASSED] - Modify property of object successfully

2018-05-16 19:00:32 - [TEST_STEP][PASSED] - selectOptionByIndex: All options with index in [3] are selected on object ''

2018-05-16 19:00:32 - [MESSAGE][PASSED] - All options with index in [3] are selected on object ''

2018-05-16 19:00:32 - [TEST_STEP][PASSED] - Statement - batch = new com.kms.katalon.core.testobject.TestObject(): null

2018-05-16 19:00:32 - [TEST_STEP][PASSED] - Statement - batch = com.kms.katalon.core.webui.keyword.WebUiBuiltInKeywords.modifyObjectProperty(batch, "xpath", "equals", "//*[@id = "txtbthqty" + row + ""]", true): Modify property of object successfully

2018-05-16 19:00:32 - [MESSAGE][PASSED] - Modify property of object successfully

2018-05-16 19:00:32 - [TEST_STEP][PASSED] - Statement - batchqty = com.kms.katalon.core.webui.keyword.WebUiBuiltInKeywords.getAttribute(batch, "value").trim(): Attribute 'value' of object '' is: '40000'

2018-05-16 19:00:32 - [MESSAGE][PASSED] - Attribute 'value' of object '' is: '40000'

2018-05-16 19:00:32 - [TEST_STEP][PASSED] - Statement - Rqty = 10000: null

2018-05-16 19:00:32 - [TEST_STEP][PASSED] - delay: Delayed 2 second(s)

2018-05-16 19:00:34 - [MESSAGE][PASSED] - Delayed 2 second(s)

2018-05-16 19:00:34 - [TEST_STEP][PASSED] - Statement - out.println("BatchQty : " + batchqty): null

2018-05-16 19:00:34 - [TEST_STEP][PASSED] - Statement - out.println("RQty : " + Rqty): null

2018-05-16 19:00:34 - [TEST_STEP][PASSED] - Statement - If (java.lang.Integer.valueOf(batchqty) >= java.lang.Integer.valueOf(Rqty)): null

2018-05-16 19:00:34 - [TEST_STEP][PASSED] - Statement - Break: null

2018-05-16 19:00:34 - [TEST_STEP][PASSED] - Statement - batchlength = new com.kms.katalon.core.testobject.TestObject(): null

2018-05-16 19:00:34 - [TEST_STEP][PASSED] - Statement - batchlength = com.kms.katalon.core.webui.keyword.WebUiBuiltInKeywords.modifyObjectProperty(batchlength, "xpath", "equals", "//*[@id = "fldvendor" + row + ""]", true): Modify property of object successfully

2018-05-16 19:00:34 - [MESSAGE][PASSED] - Modify property of object successfully

2018-05-16 19:00:34 - [TEST_STEP][PASSED] - Statement - batchsize = com.kms.katalon.core.webui.keyword.WebUiBuiltInKeywords.getNumberOfTotalOption(batchlength): 7 options of object '' counted

2018-05-16 19:00:34 - [MESSAGE][PASSED] - 7 options of object '' counted

2018-05-16 19:00:34 - [TEST_STEP][PASSED] - Statement - out.println("BatchSize : " + batchsize): null

2018-05-16 19:00:34 - [TEST_STEP][PASSED] - Statement - For ([n = 1, n <= batchsize - 1, (n++)]): null

2018-05-16 19:00:34 - [TEST_STEP][PASSED] - Statement - product = new com.kms.katalon.core.testobject.TestObject(): null

2018-05-16 19:00:34 - [TEST_STEP][PASSED] - Statement - product = com.kms.katalon.core.webui.keyword.WebUiBuiltInKeywords.modifyObjectProperty(product, "xpath", "equals", "//*[@id = "fldvendor" + row + ""]", true): Modify property of object successfully

2018-05-16 19:00:34 - [MESSAGE][PASSED] - Modify property of object successfully

2018-05-16 19:00:34 - [TEST_STEP][PASSED] - selectOptionByIndex: All options with index in [1] are selected on object ''

2018-05-16 19:00:35 - [MESSAGE][PASSED] - All options with index in [1] are selected on object ''

2018-05-16 19:00:35 - [TEST_STEP][PASSED] - Statement - batch = new com.kms.katalon.core.testobject.TestObject(): null

2018-05-16 19:00:35 - [TEST_STEP][PASSED] - Statement - batch = com.kms.katalon.core.webui.keyword.WebUiBuiltInKeywords.modifyObjectProperty(batch, "xpath", "equals", "//*[@id = "txtbthqty" + row + ""]", true): Modify property of object successfully

2018-05-16 19:00:35 - [MESSAGE][PASSED] - Modify property of object successfully

2018-05-16 19:00:35 - [TEST_STEP][PASSED] - Statement - batchqty = com.kms.katalon.core.webui.keyword.WebUiBuiltInKeywords.getAttribute(batch, "value").trim(): Attribute 'value' of object '' is: '39000'

2018-05-16 19:00:35 - [MESSAGE][PASSED] - Attribute 'value' of object '' is: '39000'

2018-05-16 19:00:35 - [TEST_STEP][PASSED] - Statement - Rqty = 10000: null

2018-05-16 19:00:35 - [TEST_STEP][PASSED] - delay: Delayed 2 second(s)

2018-05-16 19:00:37 - [MESSAGE][PASSED] - Delayed 2 second(s)

2018-05-16 19:00:37 - [TEST_STEP][PASSED] - Statement - out.println("BatchQty : " + batchqty): null

2018-05-16 19:00:37 - [TEST_STEP][PASSED] - Statement - out.println("RQty : " + Rqty): null

2018-05-16 19:00:37 - [TEST_STEP][PASSED] - Statement - If (java.lang.Integer.valueOf(batchqty) >= java.lang.Integer.valueOf(Rqty)): null

2018-05-16 19:00:37 - [TEST_STEP][PASSED] - Statement - Break: null

2018-05-16 19:00:37 - [TEST_STEP][PASSED] - Statement - batchlength = new com.kms.katalon.core.testobject.TestObject(): null

2018-05-16 19:00:37 - [TEST_STEP][PASSED] - Statement - batchlength = com.kms.katalon.core.webui.keyword.WebUiBuiltInKeywords.modifyObjectProperty(batchlength, "xpath", "equals", "//*[@id = "fldvendor" + row + ""]", true): Modify property of object successfully

2018-05-16 19:00:37 - [MESSAGE][PASSED] - Modify property of object successfully

2018-05-16 19:00:37 - [TEST_STEP][PASSED] - Statement - batchsize = com.kms.katalon.core.webui.keyword.WebUiBuiltInKeywords.getNumberOfTotalOption(batchlength): 7 options of object '' counted

2018-05-16 19:00:37 - [MESSAGE][PASSED] - 7 options of object '' counted

2018-05-16 19:00:37 - [TEST_STEP][PASSED] - Statement - out.println("BatchSize : " + batchsize): null

2018-05-16 19:00:37 - [TEST_STEP][PASSED] - Statement - For ([n = 1, n <= batchsize - 1, (n++)]): null

2018-05-16 19:00:37 - [TEST_STEP][PASSED] - Statement - product = new com.kms.katalon.core.testobject.TestObject(): null

2018-05-16 19:00:37 - [TEST_STEP][PASSED] - Statement - product = com.kms.katalon.core.webui.keyword.WebUiBuiltInKeywords.modifyObjectProperty(product, "xpath", "equals", "//*[@id = "fldvendor" + row + ""]", true): Modify property of object successfully

2018-05-16 19:00:37 - [MESSAGE][PASSED] - Modify property of object successfully

2018-05-16 19:00:37 - [TEST_STEP][PASSED] - selectOptionByIndex: All options with index in [1] are selected on object ''

2018-05-16 19:00:37 - [MESSAGE][PASSED] - All options with index in [1] are selected on object ''

2018-05-16 19:00:37 - [TEST_STEP][PASSED] - Statement - batch = new com.kms.katalon.core.testobject.TestObject(): null

2018-05-16 19:00:37 - [TEST_STEP][PASSED] - Statement - batch = com.kms.katalon.core.webui.keyword.WebUiBuiltInKeywords.modifyObjectProperty(batch, "xpath", "equals", "//*[@id = "txtbthqty" + row + ""]", true): Modify property of object successfully

2018-05-16 19:00:37 - [MESSAGE][PASSED] - Modify property of object successfully

2018-05-16 19:00:37 - [TEST_STEP][PASSED] - Statement - batchqty = com.kms.katalon.core.webui.keyword.WebUiBuiltInKeywords.getAttribute(batch, "value").trim(): Attribute 'value' of object '' is: '4000'

2018-05-16 19:00:37 - [MESSAGE][PASSED] - Attribute 'value' of object '' is: '4000'

2018-05-16 19:00:37 - [TEST_STEP][PASSED] - Statement - Rqty = 10000: null

2018-05-16 19:00:37 - [TEST_STEP][PASSED] - delay: Delayed 2 second(s)

2018-05-16 19:00:39 - [MESSAGE][PASSED] - Delayed 2 second(s)

2018-05-16 19:00:39 - [TEST_STEP][PASSED] - Statement - out.println("BatchQty : " + batchqty): null

2018-05-16 19:00:39 - [TEST_STEP][PASSED] - Statement - out.println("RQty : " + Rqty): null

2018-05-16 19:00:39 - [TEST_STEP][PASSED] - Statement - If (java.lang.Integer.valueOf(batchqty) >= java.lang.Integer.valueOf(Rqty)): null

2018-05-16 19:00:39 - [TEST_STEP][PASSED] - Statement - Else: null

2018-05-16 19:00:39 - [TEST_STEP][PASSED] - Statement - out.println("Batchqty Is Less Than Rqty"): null

2018-05-16 19:00:39 - [TEST_STEP][PASSED] - Statement - product = new com.kms.katalon.core.testobject.TestObject(): null

2018-05-16 19:00:39 - [TEST_STEP][PASSED] - Statement - product = com.kms.katalon.core.webui.keyword.WebUiBuiltInKeywords.modifyObjectProperty(product, "xpath", "equals", "//*[@id = "fldvendor" + row + ""]", true): Modify property of object successfully

2018-05-16 19:00:39 - [MESSAGE][PASSED] - Modify property of object successfully

2018-05-16 19:00:39 - [TEST_STEP][PASSED] - selectOptionByIndex: All options with index in [2] are selected on object ''

2018-05-16 19:00:39 - [MESSAGE][PASSED] - All options with index in [2] are selected on object ''

2018-05-16 19:00:39 - [TEST_STEP][PASSED] - Statement - batch = new com.kms.katalon.core.testobject.TestObject(): null

2018-05-16 19:00:39 - [TEST_STEP][PASSED] - Statement - batch = com.kms.katalon.core.webui.keyword.WebUiBuiltInKeywords.modifyObjectProperty(batch, "xpath", "equals", "//*[@id = "txtbthqty" + row + ""]", true): Modify property of object successfully

2018-05-16 19:00:39 - [MESSAGE][PASSED] - Modify property of object successfully

2018-05-16 19:00:39 - [TEST_STEP][PASSED] - Statement - batchqty = com.kms.katalon.core.webui.keyword.WebUiBuiltInKeywords.getAttribute(batch, "value").trim(): Attribute 'value' of object '' is: '300'

2018-05-16 19:00:39 - [MESSAGE][PASSED] - Attribute 'value' of object '' is: '300'

2018-05-16 19:00:39 - [TEST_STEP][PASSED] - Statement - Rqty = 10000: null

2018-05-16 19:00:39 - [TEST_STEP][PASSED] - delay: Delayed 2 second(s)

2018-05-16 19:00:41 - [MESSAGE][PASSED] - Delayed 2 second(s)

2018-05-16 19:00:41 - [TEST_STEP][PASSED] - Statement - out.println("BatchQty : " + batchqty): null

2018-05-16 19:00:41 - [TEST_STEP][PASSED] - Statement - out.println("RQty : " + Rqty): null

2018-05-16 19:00:41 - [TEST_STEP][PASSED] - Statement - If (java.lang.Integer.valueOf(batchqty) >= java.lang.Integer.valueOf(Rqty)): null

2018-05-16 19:00:41 - [TEST_STEP][PASSED] - Statement - Else: null

2018-05-16 19:00:41 - [TEST_STEP][PASSED] - Statement - out.println("Batchqty Is Less Than Rqty"): null

2018-05-16 19:00:41 - [TEST_STEP][PASSED] - Statement - product = new com.kms.katalon.core.testobject.TestObject(): null

2018-05-16 19:00:41 - [TEST_STEP][PASSED] - Statement - product = com.kms.katalon.core.webui.keyword.WebUiBuiltInKeywords.modifyObjectProperty(product, "xpath", "equals", "//*[@id = "fldvendor" + row + ""]", true): Modify property of object successfully

2018-05-16 19:00:41 - [MESSAGE][PASSED] - Modify property of object successfully

2018-05-16 19:00:41 - [TEST_STEP][PASSED] - selectOptionByIndex: All options with index in [3] are selected on object ''

2018-05-16 19:00:41 - [MESSAGE][PASSED] - All options with index in [3] are selected on object ''

2018-05-16 19:00:41 - [TEST_STEP][PASSED] - Statement - batch = new com.kms.katalon.core.testobject.TestObject(): null

2018-05-16 19:00:41 - [TEST_STEP][PASSED] - Statement - batch = com.kms.katalon.core.webui.keyword.WebUiBuiltInKeywords.modifyObjectProperty(batch, "xpath", "equals", "//*[@id = "txtbthqty" + row + ""]", true): Modify property of object successfully

2018-05-16 19:00:41 - [MESSAGE][PASSED] - Modify property of object successfully

2018-05-16 19:00:41 - [TEST_STEP][PASSED] - Statement - batchqty = com.kms.katalon.core.webui.keyword.WebUiBuiltInKeywords.getAttribute(batch, "value").trim(): Attribute 'value' of object '' is: '5000'

2018-05-16 19:00:41 - [MESSAGE][PASSED] - Attribute 'value' of object '' is: '5000'

2018-05-16 19:00:41 - [TEST_STEP][PASSED] - Statement - Rqty = 10000: null

2018-05-16 19:00:41 - [TEST_STEP][PASSED] - delay: Delayed 2 second(s)

2018-05-16 19:00:43 - [MESSAGE][PASSED] - Delayed 2 second(s)

2018-05-16 19:00:43 - [TEST_STEP][PASSED] - Statement - out.println("BatchQty : " + batchqty): null

2018-05-16 19:00:43 - [TEST_STEP][PASSED] - Statement - out.println("RQty : " + Rqty): null

2018-05-16 19:00:43 - [TEST_STEP][PASSED] - Statement - If (java.lang.Integer.valueOf(batchqty) >= java.lang.Integer.valueOf(Rqty)): null

2018-05-16 19:00:43 - [TEST_STEP][PASSED] - Statement - Else: null

2018-05-16 19:00:43 - [TEST_STEP][PASSED] - Statement - out.println("Batchqty Is Less Than Rqty"): null

2018-05-16 19:00:43 - [TEST_STEP][PASSED] - Statement - product = new com.kms.katalon.core.testobject.TestObject(): null

2018-05-16 19:00:43 - [TEST_STEP][PASSED] - Statement - product = com.kms.katalon.core.webui.keyword.WebUiBuiltInKeywords.modifyObjectProperty(product, "xpath", "equals", "//*[@id = "fldvendor" + row + ""]", true): Modify property of object successfully

2018-05-16 19:00:43 - [MESSAGE][PASSED] - Modify property of object successfully

2018-05-16 19:00:43 - [TEST_STEP][PASSED] - selectOptionByIndex: All options with index in [4] are selected on object ''

2018-05-16 19:00:43 - [MESSAGE][PASSED] - All options with index in [4] are selected on object ''

2018-05-16 19:00:43 - [TEST_STEP][PASSED] - Statement - batch = new com.kms.katalon.core.testobject.TestObject(): null

2018-05-16 19:00:43 - [TEST_STEP][PASSED] - Statement - batch = com.kms.katalon.core.webui.keyword.WebUiBuiltInKeywords.modifyObjectProperty(batch, "xpath", "equals", "//*[@id = "txtbthqty" + row + ""]", true): Modify property of object successfully

2018-05-16 19:00:43 - [MESSAGE][PASSED] - Modify property of object successfully

2018-05-16 19:00:43 - [TEST_STEP][PASSED] - Statement - batchqty = com.kms.katalon.core.webui.keyword.WebUiBuiltInKeywords.getAttribute(batch, "value").trim(): Attribute 'value' of object '' is: '5000'

2018-05-16 19:00:43 - [MESSAGE][PASSED] - Attribute 'value' of object '' is: '5000'

2018-05-16 19:00:43 - [TEST_STEP][PASSED] - Statement - Rqty = 10000: null

2018-05-16 19:00:43 - [TEST_STEP][PASSED] - delay: Delayed 2 second(s)

2018-05-16 19:00:45 - [MESSAGE][PASSED] - Delayed 2 second(s)

2018-05-16 19:00:45 - [TEST_STEP][PASSED] - Statement - out.println("BatchQty : " + batchqty): null

2018-05-16 19:00:45 - [TEST_STEP][PASSED] - Statement - out.println("RQty : " + Rqty): null

2018-05-16 19:00:45 - [TEST_STEP][PASSED] - Statement - If (java.lang.Integer.valueOf(batchqty) >= java.lang.Integer.valueOf(Rqty)): null

2018-05-16 19:00:45 - [TEST_STEP][PASSED] - Statement - Else: null

2018-05-16 19:00:45 - [TEST_STEP][PASSED] - Statement - out.println("Batchqty Is Less Than Rqty"): null

2018-05-16 19:00:45 - [TEST_STEP][PASSED] - Statement - product = new com.kms.katalon.core.testobject.TestObject(): null

2018-05-16 19:00:45 - [TEST_STEP][PASSED] - Statement - product = com.kms.katalon.core.webui.keyword.WebUiBuiltInKeywords.modifyObjectProperty(product, "xpath", "equals", "//*[@id = "fldvendor" + row + ""]", true): Modify property of object successfully

2018-05-16 19:00:45 - [MESSAGE][PASSED] - Modify property of object successfully

2018-05-16 19:00:45 - [TEST_STEP][PASSED] - selectOptionByIndex: All options with index in [5] are selected on object ''

2018-05-16 19:00:46 - [MESSAGE][PASSED] - All options with index in [5] are selected on object ''

2018-05-16 19:00:46 - [TEST_STEP][PASSED] - Statement - batch = new com.kms.katalon.core.testobject.TestObject(): null

2018-05-16 19:00:46 - [TEST_STEP][PASSED] - Statement - batch = com.kms.katalon.core.webui.keyword.WebUiBuiltInKeywords.modifyObjectProperty(batch, "xpath", "equals", "//*[@id = "txtbthqty" + row + ""]", true): Modify property of object successfully

2018-05-16 19:00:46 - [MESSAGE][PASSED] - Modify property of object successfully

2018-05-16 19:00:46 - [TEST_STEP][PASSED] - Statement - batchqty = com.kms.katalon.core.webui.keyword.WebUiBuiltInKeywords.getAttribute(batch, "value").trim(): Attribute 'value' of object '' is: '40000'

2018-05-16 19:00:46 - [MESSAGE][PASSED] - Attribute 'value' of object '' is: '40000'

2018-05-16 19:00:46 - [TEST_STEP][PASSED] - Statement - Rqty = 10000: null

2018-05-16 19:00:46 - [TEST_STEP][PASSED] - delay: Delayed 2 second(s)

2018-05-16 19:00:48 - [MESSAGE][PASSED] - Delayed 2 second(s)

2018-05-16 19:00:48 - [TEST_STEP][PASSED] - Statement - out.println("BatchQty : " + batchqty): null

2018-05-16 19:00:48 - [TEST_STEP][PASSED] - Statement - out.println("RQty : " + Rqty): null

2018-05-16 19:00:48 - [TEST_STEP][PASSED] - Statement - If (java.lang.Integer.valueOf(batchqty) >= java.lang.Integer.valueOf(Rqty)): null

2018-05-16 19:00:48 - [TEST_STEP][PASSED] - Statement - Break: null

2018-05-16 19:00:48 - [TEST_STEP][PASSED] - Statement - batchlength = new com.kms.katalon.core.testobject.TestObject(): null

2018-05-16 19:00:48 - [TEST_STEP][PASSED] - Statement - batchlength = com.kms.katalon.core.webui.keyword.WebUiBuiltInKeywords.modifyObjectProperty(batchlength, "xpath", "equals", "//*[@id = "fldvendor" + row + ""]", true): Modify property of object successfully

2018-05-16 19:00:48 - [MESSAGE][PASSED] - Modify property of object successfully

2018-05-16 19:00:48 - [TEST_STEP][PASSED] - Statement - batchsize = com.kms.katalon.core.webui.keyword.WebUiBuiltInKeywords.getNumberOfTotalOption(batchlength): 7 options of object '' counted

2018-05-16 19:00:48 - [MESSAGE][PASSED] - 7 options of object '' counted

2018-05-16 19:00:48 - [TEST_STEP][PASSED] - Statement - out.println("BatchSize : " + batchsize): null

2018-05-16 19:00:48 - [TEST_STEP][PASSED] - Statement - For ([n = 1, n <= batchsize - 1, (n++)]): null

2018-05-16 19:00:48 - [TEST_STEP][PASSED] - Statement - product = new com.kms.katalon.core.testobject.TestObject(): null

2018-05-16 19:00:48 - [TEST_STEP][PASSED] - Statement - product = com.kms.katalon.core.webui.keyword.WebUiBuiltInKeywords.modifyObjectProperty(product, "xpath", "equals", "//*[@id = "fldvendor" + row + ""]", true): Modify property of object successfully

2018-05-16 19:00:48 - [MESSAGE][PASSED] - Modify property of object successfully

2018-05-16 19:00:48 - [TEST_STEP][PASSED] - selectOptionByIndex: All options with index in [1] are selected on object ''

2018-05-16 19:00:48 - [MESSAGE][PASSED] - All options with index in [1] are selected on object ''

2018-05-16 19:00:48 - [TEST_STEP][PASSED] - Statement - batch = new com.kms.katalon.core.testobject.TestObject(): null

2018-05-16 19:00:48 - [TEST_STEP][PASSED] - Statement - batch = com.kms.katalon.core.webui.keyword.WebUiBuiltInKeywords.modifyObjectProperty(batch, "xpath", "equals", "//*[@id = "txtbthqty" + row + ""]", true): Modify property of object successfully

2018-05-16 19:00:48 - [MESSAGE][PASSED] - Modify property of object successfully

2018-05-16 19:00:48 - [TEST_STEP][PASSED] - Statement - batchqty = com.kms.katalon.core.webui.keyword.WebUiBuiltInKeywords.getAttribute(batch, "value").trim(): Attribute 'value' of object '' is: '300'

2018-05-16 19:00:48 - [MESSAGE][PASSED] - Attribute 'value' of object '' is: '300'

2018-05-16 19:00:48 - [TEST_STEP][PASSED] - Statement - Rqty = 10000: null

2018-05-16 19:00:48 - [TEST_STEP][PASSED] - delay: Delayed 2 second(s)

2018-05-16 19:00:50 - [MESSAGE][PASSED] - Delayed 2 second(s)

2018-05-16 19:00:50 - [TEST_STEP][PASSED] - Statement - out.println("BatchQty : " + batchqty): null

2018-05-16 19:00:50 - [TEST_STEP][PASSED] - Statement - out.println("RQty : " + Rqty): null

2018-05-16 19:00:50 - [TEST_STEP][PASSED] - Statement - If (java.lang.Integer.valueOf(batchqty) >= java.lang.Integer.valueOf(Rqty)): null

2018-05-16 19:00:50 - [TEST_STEP][PASSED] - Statement - Else: null

2018-05-16 19:00:50 - [TEST_STEP][PASSED] - Statement - out.println("Batchqty Is Less Than Rqty"): null

2018-05-16 19:00:50 - [TEST_STEP][PASSED] - Statement - product = new com.kms.katalon.core.testobject.TestObject(): null

2018-05-16 19:00:50 - [TEST_STEP][PASSED] - Statement - product = com.kms.katalon.core.webui.keyword.WebUiBuiltInKeywords.modifyObjectProperty(product, "xpath", "equals", "//*[@id = "fldvendor" + row + ""]", true): Modify property of object successfully

2018-05-16 19:00:50 - [MESSAGE][PASSED] - Modify property of object successfully

2018-05-16 19:00:50 - [TEST_STEP][PASSED] - selectOptionByIndex: All options with index in [2] are selected on object ''

2018-05-16 19:00:50 - [MESSAGE][PASSED] - All options with index in [2] are selected on object ''

2018-05-16 19:00:50 - [TEST_STEP][PASSED] - Statement - batch = new com.kms.katalon.core.testobject.TestObject(): null

2018-05-16 19:00:50 - [TEST_STEP][PASSED] - Statement - batch = com.kms.katalon.core.webui.keyword.WebUiBuiltInKeywords.modifyObjectProperty(batch, "xpath", "equals", "//*[@id = "txtbthqty" + row + ""]", true): Modify property of object successfully

2018-05-16 19:00:50 - [MESSAGE][PASSED] - Modify property of object successfully

2018-05-16 19:00:50 - [TEST_STEP][PASSED] - Statement - batchqty = com.kms.katalon.core.webui.keyword.WebUiBuiltInKeywords.getAttribute(batch, "value").trim(): Attribute 'value' of object '' is: '4000'

2018-05-16 19:00:50 - [MESSAGE][PASSED] - Attribute 'value' of object '' is: '4000'

2018-05-16 19:00:50 - [TEST_STEP][PASSED] - Statement - Rqty = 10000: null

2018-05-16 19:00:50 - [TEST_STEP][PASSED] - delay: Delayed 2 second(s)

2018-05-16 19:00:52 - [MESSAGE][PASSED] - Delayed 2 second(s)

2018-05-16 19:00:52 - [TEST_STEP][PASSED] - Statement - out.println("BatchQty : " + batchqty): null

2018-05-16 19:00:52 - [TEST_STEP][PASSED] - Statement - out.println("RQty : " + Rqty): null

2018-05-16 19:00:52 - [TEST_STEP][PASSED] - Statement - If (java.lang.Integer.valueOf(batchqty) >= java.lang.Integer.valueOf(Rqty)): null

2018-05-16 19:00:52 - [TEST_STEP][PASSED] - Statement - Else: null

2018-05-16 19:00:52 - [TEST_STEP][PASSED] - Statement - out.println("Batchqty Is Less Than Rqty"): null

2018-05-16 19:00:52 - [TEST_STEP][PASSED] - Statement - product = new com.kms.katalon.core.testobject.TestObject(): null

2018-05-16 19:00:52 - [TEST_STEP][PASSED] - Statement - product = com.kms.katalon.core.webui.keyword.WebUiBuiltInKeywords.modifyObjectProperty(product, "xpath", "equals", "//*[@id = "fldvendor" + row + ""]", true): Modify property of object successfully

2018-05-16 19:00:52 - [MESSAGE][PASSED] - Modify property of object successfully

2018-05-16 19:00:52 - [TEST_STEP][PASSED] - selectOptionByIndex: All options with index in [3] are selected on object ''

2018-05-16 19:00:52 - [MESSAGE][PASSED] - All options with index in [3] are selected on object ''

2018-05-16 19:00:52 - [TEST_STEP][PASSED] - Statement - batch = new com.kms.katalon.core.testobject.TestObject(): null

2018-05-16 19:00:52 - [TEST_STEP][PASSED] - Statement - batch = com.kms.katalon.core.webui.keyword.WebUiBuiltInKeywords.modifyObjectProperty(batch, "xpath", "equals", "//*[@id = "txtbthqty" + row + ""]", true): Modify property of object successfully

2018-05-16 19:00:52 - [MESSAGE][PASSED] - Modify property of object successfully

2018-05-16 19:00:52 - [TEST_STEP][PASSED] - Statement - batchqty = com.kms.katalon.core.webui.keyword.WebUiBuiltInKeywords.getAttribute(batch, "value").trim(): Attribute 'value' of object '' is: '5000'

2018-05-16 19:00:52 - [MESSAGE][PASSED] - Attribute 'value' of object '' is: '5000'

2018-05-16 19:00:52 - [TEST_STEP][PASSED] - Statement - Rqty = 10000: null

2018-05-16 19:00:52 - [TEST_STEP][PASSED] - delay: Delayed 2 second(s)

2018-05-16 19:00:54 - [MESSAGE][PASSED] - Delayed 2 second(s)

2018-05-16 19:00:54 - [TEST_STEP][PASSED] - Statement - out.println("BatchQty : " + batchqty): null

2018-05-16 19:00:54 - [TEST_STEP][PASSED] - Statement - out.println("RQty : " + Rqty): null

2018-05-16 19:00:54 - [TEST_STEP][PASSED] - Statement - If (java.lang.Integer.valueOf(batchqty) >= java.lang.Integer.valueOf(Rqty)): null

2018-05-16 19:00:54 - [TEST_STEP][PASSED] - Statement - Else: null

2018-05-16 19:00:54 - [TEST_STEP][PASSED] - Statement - out.println("Batchqty Is Less Than Rqty"): null

2018-05-16 19:00:54 - [TEST_STEP][PASSED] - Statement - product = new com.kms.katalon.core.testobject.TestObject(): null

2018-05-16 19:00:54 - [TEST_STEP][PASSED] - Statement - product = com.kms.katalon.core.webui.keyword.WebUiBuiltInKeywords.modifyObjectProperty(product, "xpath", "equals", "//*[@id = "fldvendor" + row + ""]", true): Modify property of object successfully

2018-05-16 19:00:54 - [MESSAGE][PASSED] - Modify property of object successfully

2018-05-16 19:00:54 - [TEST_STEP][PASSED] - selectOptionByIndex: All options with index in [4] are selected on object ''

2018-05-16 19:00:54 - [MESSAGE][PASSED] - All options with index in [4] are selected on object ''

2018-05-16 19:00:54 - [TEST_STEP][PASSED] - Statement - batch = new com.kms.katalon.core.testobject.TestObject(): null

2018-05-16 19:00:54 - [TEST_STEP][PASSED] - Statement - batch = com.kms.katalon.core.webui.keyword.WebUiBuiltInKeywords.modifyObjectProperty(batch, "xpath", "equals", "//*[@id = "txtbthqty" + row + ""]", true): Modify property of object successfully

2018-05-16 19:00:54 - [MESSAGE][PASSED] - Modify property of object successfully

2018-05-16 19:00:54 - [TEST_STEP][PASSED] - Statement - batchqty = com.kms.katalon.core.webui.keyword.WebUiBuiltInKeywords.getAttribute(batch, "value").trim(): Attribute 'value' of object '' is: '500'

2018-05-16 19:00:54 - [MESSAGE][PASSED] - Attribute 'value' of object '' is: '500'

2018-05-16 19:00:54 - [TEST_STEP][PASSED] - Statement - Rqty = 10000: null

2018-05-16 19:00:54 - [TEST_STEP][PASSED] - delay: Delayed 2 second(s)

2018-05-16 19:00:56 - [MESSAGE][PASSED] - Delayed 2 second(s)

2018-05-16 19:00:56 - [TEST_STEP][PASSED] - Statement - out.println("BatchQty : " + batchqty): null

2018-05-16 19:00:56 - [TEST_STEP][PASSED] - Statement - out.println("RQty : " + Rqty): null

2018-05-16 19:00:56 - [TEST_STEP][PASSED] - Statement - If (java.lang.Integer.valueOf(batchqty) >= java.lang.Integer.valueOf(Rqty)): null

2018-05-16 19:00:56 - [TEST_STEP][PASSED] - Statement - Else: null

2018-05-16 19:00:56 - [TEST_STEP][PASSED] - Statement - out.println("Batchqty Is Less Than Rqty"): null

2018-05-16 19:00:56 - [TEST_STEP][PASSED] - Statement - product = new com.kms.katalon.core.testobject.TestObject(): null

2018-05-16 19:00:56 - [TEST_STEP][PASSED] - Statement - product = com.kms.katalon.core.webui.keyword.WebUiBuiltInKeywords.modifyObjectProperty(product, "xpath", "equals", "//*[@id = "fldvendor" + row + ""]", true): Modify property of object successfully

2018-05-16 19:00:56 - [MESSAGE][PASSED] - Modify property of object successfully

2018-05-16 19:00:56 - [TEST_STEP][PASSED] - selectOptionByIndex: All options with index in [5] are selected on object ''

2018-05-16 19:00:57 - [MESSAGE][PASSED] - All options with index in [5] are selected on object ''

2018-05-16 19:00:57 - [TEST_STEP][PASSED] - Statement - batch = new com.kms.katalon.core.testobject.TestObject(): null

2018-05-16 19:00:57 - [TEST_STEP][PASSED] - Statement - batch = com.kms.katalon.core.webui.keyword.WebUiBuiltInKeywords.modifyObjectProperty(batch, "xpath", "equals", "//*[@id = "txtbthqty" + row + ""]", true): Modify property of object successfully

2018-05-16 19:00:57 - [MESSAGE][PASSED] - Modify property of object successfully

2018-05-16 19:00:57 - [TEST_STEP][PASSED] - Statement - batchqty = com.kms.katalon.core.webui.keyword.WebUiBuiltInKeywords.getAttribute(batch, "value").trim(): Attribute 'value' of object '' is: '5000'

2018-05-16 19:00:57 - [MESSAGE][PASSED] - Attribute 'value' of object '' is: '5000'

2018-05-16 19:00:57 - [TEST_STEP][PASSED] - Statement - Rqty = 10000: null

2018-05-16 19:00:57 - [TEST_STEP][PASSED] - delay: Delayed 2 second(s)

2018-05-16 19:00:59 - [MESSAGE][PASSED] - Delayed 2 second(s)

2018-05-16 19:00:59 - [TEST_STEP][PASSED] - Statement - out.println("BatchQty : " + batchqty): null

2018-05-16 19:00:59 - [TEST_STEP][PASSED] - Statement - out.println("RQty : " + Rqty): null

2018-05-16 19:00:59 - [TEST_STEP][PASSED] - Statement - If (java.lang.Integer.valueOf(batchqty) >= java.lang.Integer.valueOf(Rqty)): null

2018-05-16 19:00:59 - [TEST_STEP][PASSED] - Statement - Else: null

2018-05-16 19:00:59 - [TEST_STEP][PASSED] - Statement - out.println("Batchqty Is Less Than Rqty"): null

2018-05-16 19:00:59 - [TEST_STEP][PASSED] - Statement - product = new com.kms.katalon.core.testobject.TestObject(): null

2018-05-16 19:00:59 - [TEST_STEP][PASSED] - Statement - product = com.kms.katalon.core.webui.keyword.WebUiBuiltInKeywords.modifyObjectProperty(product, "xpath", "equals", "//*[@id = "fldvendor" + row + ""]", true): Modify property of object successfully

2018-05-16 19:00:59 - [MESSAGE][PASSED] - Modify property of object successfully

2018-05-16 19:00:59 - [TEST_STEP][PASSED] - selectOptionByIndex: All options with index in [6] are selected on object ''

2018-05-16 19:00:59 - [MESSAGE][PASSED] - All options with index in [6] are selected on object ''

2018-05-16 19:00:59 - [TEST_STEP][PASSED] - Statement - batch = new com.kms.katalon.core.testobject.TestObject(): null

2018-05-16 19:00:59 - [TEST_STEP][PASSED] - Statement - batch = com.kms.katalon.core.webui.keyword.WebUiBuiltInKeywords.modifyObjectProperty(batch, "xpath", "equals", "//*[@id = "txtbthqty" + row + ""]", true): Modify property of object successfully

2018-05-16 19:00:59 - [MESSAGE][PASSED] - Modify property of object successfully

2018-05-16 19:00:59 - [TEST_STEP][PASSED] - Statement - batchqty = com.kms.katalon.core.webui.keyword.WebUiBuiltInKeywords.getAttribute(batch, "value").trim(): Attribute 'value' of object '' is: '40000'

2018-05-16 19:00:59 - [MESSAGE][PASSED] - Attribute 'value' of object '' is: '40000'

2018-05-16 19:00:59 - [TEST_STEP][PASSED] - Statement - Rqty = 10000: null

2018-05-16 19:00:59 - [TEST_STEP][PASSED] - delay: Delayed 2 second(s)

2018-05-16 19:01:01 - [MESSAGE][PASSED] - Delayed 2 second(s)

2018-05-16 19:01:01 - [TEST_STEP][PASSED] - Statement - out.println("BatchQty : " + batchqty): null

2018-05-16 19:01:01 - [TEST_STEP][PASSED] - Statement - out.println("RQty : " + Rqty): null

2018-05-16 19:01:01 - [TEST_STEP][PASSED] - Statement - If (java.lang.Integer.valueOf(batchqty) >= java.lang.Integer.valueOf(Rqty)): null

2018-05-16 19:01:01 - [TEST_STEP][PASSED] - Statement - Break: null

2018-05-16 19:01:01 - [TEST_STEP][PASSED] - Statement - batchlength = new com.kms.katalon.core.testobject.TestObject(): null

2018-05-16 19:01:01 - [TEST_STEP][PASSED] - Statement - batchlength = com.kms.katalon.core.webui.keyword.WebUiBuiltInKeywords.modifyObjectProperty(batchlength, "xpath", "equals", "//*[@id = "fldvendor" + row + ""]", true): Modify property of object successfully

2018-05-16 19:01:01 - [MESSAGE][PASSED] - Modify property of object successfully

2018-05-16 19:01:01 - [TEST_STEP][PASSED] - Statement - batchsize = com.kms.katalon.core.webui.keyword.WebUiBuiltInKeywords.getNumberOfTotalOption(batchlength): 7 options of object '' counted

2018-05-16 19:01:01 - [MESSAGE][PASSED] - 7 options of object '' counted

2018-05-16 19:01:01 - [TEST_STEP][PASSED] - Statement - out.println("BatchSize : " + batchsize): null

2018-05-16 19:01:01 - [TEST_STEP][PASSED] - Statement - For ([n = 1, n <= batchsize - 1, (n++)]): null

2018-05-16 19:01:01 - [TEST_STEP][PASSED] - Statement - product = new com.kms.katalon.core.testobject.TestObject(): null

2018-05-16 19:01:01 - [TEST_STEP][PASSED] - Statement - product = com.kms.katalon.core.webui.keyword.WebUiBuiltInKeywords.modifyObjectProperty(product, "xpath", "equals", "//*[@id = "fldvendor" + row + ""]", true): Modify property of object successfully

2018-05-16 19:01:01 - [MESSAGE][PASSED] - Modify property of object successfully

2018-05-16 19:01:01 - [TEST_STEP][PASSED] - selectOptionByIndex: All options with index in [1] are selected on object ''

2018-05-16 19:01:01 - [MESSAGE][PASSED] - All options with index in [1] are selected on object ''

2018-05-16 19:01:01 - [TEST_STEP][PASSED] - Statement - batch = new com.kms.katalon.core.testobject.TestObject(): null

2018-05-16 19:01:01 - [TEST_STEP][PASSED] - Statement - batch = com.kms.katalon.core.webui.keyword.WebUiBuiltInKeywords.modifyObjectProperty(batch, "xpath", "equals", "//*[@id = "txtbthqty" + row + ""]", true): Modify property of object successfully

2018-05-16 19:01:01 - [MESSAGE][PASSED] - Modify property of object successfully

2018-05-16 19:01:01 - [TEST_STEP][PASSED] - Statement - batchqty = com.kms.katalon.core.webui.keyword.WebUiBuiltInKeywords.getAttribute(batch, "value").trim(): Attribute 'value' of object '' is: '300'

2018-05-16 19:01:01 - [MESSAGE][PASSED] - Attribute 'value' of object '' is: '300'

2018-05-16 19:01:01 - [TEST_STEP][PASSED] - Statement - Rqty = 10000: null

2018-05-16 19:01:01 - [TEST_STEP][PASSED] - delay: Delayed 2 second(s)

2018-05-16 19:01:03 - [MESSAGE][PASSED] - Delayed 2 second(s)

2018-05-16 19:01:03 - [TEST_STEP][PASSED] - Statement - out.println("BatchQty : " + batchqty): null

2018-05-16 19:01:03 - [TEST_STEP][PASSED] - Statement - out.println("RQty : " + Rqty): null

2018-05-16 19:01:03 - [TEST_STEP][PASSED] - Statement - If (java.lang.Integer.valueOf(batchqty) >= java.lang.Integer.valueOf(Rqty)): null

2018-05-16 19:01:03 - [TEST_STEP][PASSED] - Statement - Else: null

2018-05-16 19:01:03 - [TEST_STEP][PASSED] - Statement - out.println("Batchqty Is Less Than Rqty"): null

2018-05-16 19:01:03 - [TEST_STEP][PASSED] - Statement - product = new com.kms.katalon.core.testobject.TestObject(): null

2018-05-16 19:01:03 - [TEST_STEP][PASSED] - Statement - product = com.kms.katalon.core.webui.keyword.WebUiBuiltInKeywords.modifyObjectProperty(product, "xpath", "equals", "//*[@id = "fldvendor" + row + ""]", true): Modify property of object successfully

2018-05-16 19:01:03 - [MESSAGE][PASSED] - Modify property of object successfully

2018-05-16 19:01:03 - [TEST_STEP][PASSED] - selectOptionByIndex: All options with index in [2] are selected on object ''

2018-05-16 19:01:03 - [MESSAGE][PASSED] - All options with index in [2] are selected on object ''

2018-05-16 19:01:03 - [TEST_STEP][PASSED] - Statement - batch = new com.kms.katalon.core.testobject.TestObject(): null

2018-05-16 19:01:03 - [TEST_STEP][PASSED] - Statement - batch = com.kms.katalon.core.webui.keyword.WebUiBuiltInKeywords.modifyObjectProperty(batch, "xpath", "equals", "//*[@id = "txtbthqty" + row + ""]", true): Modify property of object successfully

2018-05-16 19:01:03 - [MESSAGE][PASSED] - Modify property of object successfully

2018-05-16 19:01:03 - [TEST_STEP][PASSED] - Statement - batchqty = com.kms.katalon.core.webui.keyword.WebUiBuiltInKeywords.getAttribute(batch, "value").trim(): Attribute 'value' of object '' is: '5000'

2018-05-16 19:01:03 - [MESSAGE][PASSED] - Attribute 'value' of object '' is: '5000'

2018-05-16 19:01:03 - [TEST_STEP][PASSED] - Statement - Rqty = 10000: null

2018-05-16 19:01:03 - [TEST_STEP][PASSED] - delay: Delayed 2 second(s)

2018-05-16 19:01:05 - [MESSAGE][PASSED] - Delayed 2 second(s)

2018-05-16 19:01:05 - [TEST_STEP][PASSED] - Statement - out.println("BatchQty : " + batchqty): null

2018-05-16 19:01:05 - [TEST_STEP][PASSED] - Statement - out.println("RQty : " + Rqty): null

2018-05-16 19:01:05 - [TEST_STEP][PASSED] - Statement - If (java.lang.Integer.valueOf(batchqty) >= java.lang.Integer.valueOf(Rqty)): null

2018-05-16 19:01:05 - [TEST_STEP][PASSED] - Statement - Else: null

2018-05-16 19:01:05 - [TEST_STEP][PASSED] - Statement - out.println("Batchqty Is Less Than Rqty"): null

2018-05-16 19:01:05 - [TEST_STEP][PASSED] - Statement - product = new com.kms.katalon.core.testobject.TestObject(): null

2018-05-16 19:01:05 - [TEST_STEP][PASSED] - Statement - product = com.kms.katalon.core.webui.keyword.WebUiBuiltInKeywords.modifyObjectProperty(product, "xpath", "equals", "//*[@id = "fldvendor" + row + ""]", true): Modify property of object successfully

2018-05-16 19:01:05 - [MESSAGE][PASSED] - Modify property of object successfully

2018-05-16 19:01:05 - [TEST_STEP][PASSED] - selectOptionByIndex: All options with index in [3] are selected on object ''

2018-05-16 19:01:06 - [MESSAGE][PASSED] - All options with index in [3] are selected on object ''

2018-05-16 19:01:06 - [TEST_STEP][PASSED] - Statement - batch = new com.kms.katalon.core.testobject.TestObject(): null

2018-05-16 19:01:06 - [TEST_STEP][PASSED] - Statement - batch = com.kms.katalon.core.webui.keyword.WebUiBuiltInKeywords.modifyObjectProperty(batch, "xpath", "equals", "//*[@id = "txtbthqty" + row + ""]", true): Modify property of object successfully

2018-05-16 19:01:06 - [MESSAGE][PASSED] - Modify property of object successfully

2018-05-16 19:01:06 - [TEST_STEP][PASSED] - Statement - batchqty = com.kms.katalon.core.webui.keyword.WebUiBuiltInKeywords.getAttribute(batch, "value").trim(): Attribute 'value' of object '' is: '39000'

2018-05-16 19:01:06 - [MESSAGE][PASSED] - Attribute 'value' of object '' is: '39000'

2018-05-16 19:01:06 - [TEST_STEP][PASSED] - Statement - Rqty = 10000: null

2018-05-16 19:01:06 - [TEST_STEP][PASSED] - delay: Delayed 2 second(s)

2018-05-16 19:01:08 - [MESSAGE][PASSED] - Delayed 2 second(s)

2018-05-16 19:01:08 - [TEST_STEP][PASSED] - Statement - out.println("BatchQty : " + batchqty): null

2018-05-16 19:01:08 - [TEST_STEP][PASSED] - Statement - out.println("RQty : " + Rqty): null

2018-05-16 19:01:08 - [TEST_STEP][PASSED] - Statement - If (java.lang.Integer.valueOf(batchqty) >= java.lang.Integer.valueOf(Rqty)): null

2018-05-16 19:01:08 - [TEST_STEP][PASSED] - Statement - Break: null

2018-05-16 19:01:08 - [TEST_STEP][PASSED] - Statement - batchlength = new com.kms.katalon.core.testobject.TestObject(): null

2018-05-16 19:01:08 - [TEST_STEP][PASSED] - Statement - batchlength = com.kms.katalon.core.webui.keyword.WebUiBuiltInKeywords.modifyObjectProperty(batchlength, "xpath", "equals", "//*[@id = "fldvendor" + row + ""]", true): Modify property of object successfully

2018-05-16 19:01:08 - [MESSAGE][PASSED] - Modify property of object successfully

2018-05-16 19:01:08 - [TEST_STEP][PASSED] - Statement - batchsize = com.kms.katalon.core.webui.keyword.WebUiBuiltInKeywords.getNumberOfTotalOption(batchlength): 7 options of object '' counted

2018-05-16 19:01:08 - [MESSAGE][PASSED] - 7 options of object '' counted

2018-05-16 19:01:08 - [TEST_STEP][PASSED] - Statement - out.println("BatchSize : " + batchsize): null

2018-05-16 19:01:08 - [TEST_STEP][PASSED] - Statement - For ([n = 1, n <= batchsize - 1, (n++)]): null

2018-05-16 19:01:08 - [TEST_STEP][PASSED] - Statement - product = new com.kms.katalon.core.testobject.TestObject(): null

2018-05-16 19:01:08 - [TEST_STEP][PASSED] - Statement - product = com.kms.katalon.core.webui.keyword.WebUiBuiltInKeywords.modifyObjectProperty(product, "xpath", "equals", "//*[@id = "fldvendor" + row + ""]", true): Modify property of object successfully

2018-05-16 19:01:08 - [MESSAGE][PASSED] - Modify property of object successfully

2018-05-16 19:01:08 - [TEST_STEP][PASSED] - selectOptionByIndex: All options with index in [1] are selected on object ''

2018-05-16 19:01:08 - [MESSAGE][PASSED] - All options with index in [1] are selected on object ''

2018-05-16 19:01:08 - [TEST_STEP][PASSED] - Statement - batch = new com.kms.katalon.core.testobject.TestObject(): null

2018-05-16 19:01:08 - [TEST_STEP][PASSED] - Statement - batch = com.kms.katalon.core.webui.keyword.WebUiBuiltInKeywords.modifyObjectProperty(batch, "xpath", "equals", "//*[@id = "txtbthqty" + row + ""]", true): Modify property of object successfully

2018-05-16 19:01:08 - [MESSAGE][PASSED] - Modify property of object successfully

2018-05-16 19:01:08 - [TEST_STEP][PASSED] - Statement - batchqty = com.kms.katalon.core.webui.keyword.WebUiBuiltInKeywords.getAttribute(batch, "value").trim(): Attribute 'value' of object '' is: '300'

2018-05-16 19:01:08 - [MESSAGE][PASSED] - Attribute 'value' of object '' is: '300'

2018-05-16 19:01:08 - [TEST_STEP][PASSED] - Statement - Rqty = 10000: null

2018-05-16 19:01:08 - [TEST_STEP][PASSED] - delay: Delayed 2 second(s)

2018-05-16 19:01:10 - [MESSAGE][PASSED] - Delayed 2 second(s)

2018-05-16 19:01:10 - [TEST_STEP][PASSED] - Statement - out.println("BatchQty : " + batchqty): null

2018-05-16 19:01:10 - [TEST_STEP][PASSED] - Statement - out.println("RQty : " + Rqty): null

2018-05-16 19:01:10 - [TEST_STEP][PASSED] - Statement - If (java.lang.Integer.valueOf(batchqty) >= java.lang.Integer.valueOf(Rqty)): null

2018-05-16 19:01:10 - [TEST_STEP][PASSED] - Statement - Else: null

2018-05-16 19:01:10 - [TEST_STEP][PASSED] - Statement - out.println("Batchqty Is Less Than Rqty"): null

2018-05-16 19:01:10 - [TEST_STEP][PASSED] - Statement - product = new com.kms.katalon.core.testobject.TestObject(): null

2018-05-16 19:01:10 - [TEST_STEP][PASSED] - Statement - product = com.kms.katalon.core.webui.keyword.WebUiBuiltInKeywords.modifyObjectProperty(product, "xpath", "equals", "//*[@id = "fldvendor" + row + ""]", true): Modify property of object successfully

2018-05-16 19:01:10 - [MESSAGE][PASSED] - Modify property of object successfully

2018-05-16 19:01:10 - [TEST_STEP][PASSED] - selectOptionByIndex: All options with index in [2] are selected on object ''

2018-05-16 19:01:10 - [MESSAGE][PASSED] - All options with index in [2] are selected on object ''

2018-05-16 19:01:10 - [TEST_STEP][PASSED] - Statement - batch = new com.kms.katalon.core.testobject.TestObject(): null

2018-05-16 19:01:10 - [TEST_STEP][PASSED] - Statement - batch = com.kms.katalon.core.webui.keyword.WebUiBuiltInKeywords.modifyObjectProperty(batch, "xpath", "equals", "//*[@id = "txtbthqty" + row + ""]", true): Modify property of object successfully

2018-05-16 19:01:10 - [MESSAGE][PASSED] - Modify property of object successfully

2018-05-16 19:01:10 - [TEST_STEP][PASSED] - Statement - batchqty = com.kms.katalon.core.webui.keyword.WebUiBuiltInKeywords.getAttribute(batch, "value").trim(): Attribute 'value' of object '' is: '39000'

2018-05-16 19:01:10 - [MESSAGE][PASSED] - Attribute 'value' of object '' is: '39000'

2018-05-16 19:01:10 - [TEST_STEP][PASSED] - Statement - Rqty = 10000: null

2018-05-16 19:01:10 - [TEST_STEP][PASSED] - delay: Delayed 2 second(s)

2018-05-16 19:01:12 - [MESSAGE][PASSED] - Delayed 2 second(s)

2018-05-16 19:01:12 - [TEST_STEP][PASSED] - Statement - out.println("BatchQty : " + batchqty): null

2018-05-16 19:01:12 - [TEST_STEP][PASSED] - Statement - out.println("RQty : " + Rqty): null

2018-05-16 19:01:12 - [TEST_STEP][PASSED] - Statement - If (java.lang.Integer.valueOf(batchqty) >= java.lang.Integer.valueOf(Rqty)): null

2018-05-16 19:01:12 - [TEST_STEP][PASSED] - Statement - Break: null

2018-05-16 19:01:12 - [TEST_STEP][PASSED] - Statement - batchlength = new com.kms.katalon.core.testobject.TestObject(): null

2018-05-16 19:01:12 - [TEST_STEP][PASSED] - Statement - batchlength = com.kms.katalon.core.webui.keyword.WebUiBuiltInKeywords.modifyObjectProperty(batchlength, "xpath", "equals", "//*[@id = "fldvendor" + row + ""]", true): Modify property of object successfully

2018-05-16 19:01:12 - [MESSAGE][PASSED] - Modify property of object successfully

2018-05-16 19:01:12 - [TEST_STEP][PASSED] - Statement - batchsize = com.kms.katalon.core.webui.keyword.WebUiBuiltInKeywords.getNumberOfTotalOption(batchlength): 7 options of object '' counted

2018-05-16 19:01:12 - [MESSAGE][PASSED] - 7 options of object '' counted

2018-05-16 19:01:12 - [TEST_STEP][PASSED] - Statement - out.println("BatchSize : " + batchsize): null

2018-05-16 19:01:12 - [TEST_STEP][PASSED] - Statement - For ([n = 1, n <= batchsize - 1, (n++)]): null

2018-05-16 19:01:12 - [TEST_STEP][PASSED] - Statement - product = new com.kms.katalon.core.testobject.TestObject(): null

2018-05-16 19:01:12 - [TEST_STEP][PASSED] - Statement - product = com.kms.katalon.core.webui.keyword.WebUiBuiltInKeywords.modifyObjectProperty(product, "xpath", "equals", "//*[@id = "fldvendor" + row + ""]", true): Modify property of object successfully

2018-05-16 19:01:12 - [MESSAGE][PASSED] - Modify property of object successfully

2018-05-16 19:01:12 - [TEST_STEP][PASSED] - selectOptionByIndex: All options with index in [1] are selected on object ''

2018-05-16 19:01:12 - [MESSAGE][PASSED] - All options with index in [1] are selected on object ''

2018-05-16 19:01:12 - [TEST_STEP][PASSED] - Statement - batch = new com.kms.katalon.core.testobject.TestObject(): null

2018-05-16 19:01:12 - [TEST_STEP][PASSED] - Statement - batch = com.kms.katalon.core.webui.keyword.WebUiBuiltInKeywords.modifyObjectProperty(batch, "xpath", "equals", "//*[@id = "txtbthqty" + row + ""]", true): Modify property of object successfully

2018-05-16 19:01:12 - [MESSAGE][PASSED] - Modify property of object successfully

2018-05-16 19:01:12 - [TEST_STEP][PASSED] - Statement - batchqty = com.kms.katalon.core.webui.keyword.WebUiBuiltInKeywords.getAttribute(batch, "value").trim(): Attribute 'value' of object '' is: '4000'

2018-05-16 19:01:12 - [MESSAGE][PASSED] - Attribute 'value' of object '' is: '4000'

2018-05-16 19:01:12 - [TEST_STEP][PASSED] - Statement - Rqty = 10000: null

2018-05-16 19:01:12 - [TEST_STEP][PASSED] - delay: Delayed 2 second(s)

2018-05-16 19:01:14 - [MESSAGE][PASSED] - Delayed 2 second(s)

2018-05-16 19:01:14 - [TEST_STEP][PASSED] - Statement - out.println("BatchQty : " + batchqty): null

2018-05-16 19:01:14 - [TEST_STEP][PASSED] - Statement - out.println("RQty : " + Rqty): null

2018-05-16 19:01:14 - [TEST_STEP][PASSED] - Statement - If (java.lang.Integer.valueOf(batchqty) >= java.lang.Integer.valueOf(Rqty)): null

2018-05-16 19:01:14 - [TEST_STEP][PASSED] - Statement - Else: null

2018-05-16 19:01:14 - [TEST_STEP][PASSED] - Statement - out.println("Batchqty Is Less Than Rqty"): null

2018-05-16 19:01:14 - [TEST_STEP][PASSED] - Statement - product = new com.kms.katalon.core.testobject.TestObject(): null

2018-05-16 19:01:14 - [TEST_STEP][PASSED] - Statement - product = com.kms.katalon.core.webui.keyword.WebUiBuiltInKeywords.modifyObjectProperty(product, "xpath", "equals", "//*[@id = "fldvendor" + row + ""]", true): Modify property of object successfully

2018-05-16 19:01:14 - [MESSAGE][PASSED] - Modify property of object successfully

2018-05-16 19:01:14 - [TEST_STEP][PASSED] - selectOptionByIndex: All options with index in [2] are selected on object ''

2018-05-16 19:01:14 - [MESSAGE][PASSED] - All options with index in [2] are selected on object ''

2018-05-16 19:01:14 - [TEST_STEP][PASSED] - Statement - batch = new com.kms.katalon.core.testobject.TestObject(): null

2018-05-16 19:01:14 - [TEST_STEP][PASSED] - Statement - batch = com.kms.katalon.core.webui.keyword.WebUiBuiltInKeywords.modifyObjectProperty(batch, "xpath", "equals", "//*[@id = "txtbthqty" + row + ""]", true): Modify property of object successfully

2018-05-16 19:01:14 - [MESSAGE][PASSED] - Modify property of object successfully

2018-05-16 19:01:14 - [TEST_STEP][PASSED] - Statement - batchqty = com.kms.katalon.core.webui.keyword.WebUiBuiltInKeywords.getAttribute(batch, "value").trim(): Attribute 'value' of object '' is: '5000'

2018-05-16 19:01:14 - [MESSAGE][PASSED] - Attribute 'value' of object '' is: '5000'

2018-05-16 19:01:14 - [TEST_STEP][PASSED] - Statement - Rqty = 10000: null

2018-05-16 19:01:14 - [TEST_STEP][PASSED] - delay: Delayed 2 second(s)

2018-05-16 19:01:16 - [MESSAGE][PASSED] - Delayed 2 second(s)

2018-05-16 19:01:16 - [TEST_STEP][PASSED] - Statement - out.println("BatchQty : " + batchqty): null

2018-05-16 19:01:16 - [TEST_STEP][PASSED] - Statement - out.println("RQty : " + Rqty): null

2018-05-16 19:01:16 - [TEST_STEP][PASSED] - Statement - If (java.lang.Integer.valueOf(batchqty) >= java.lang.Integer.valueOf(Rqty)): null

2018-05-16 19:01:16 - [TEST_STEP][PASSED] - Statement - Else: null

2018-05-16 19:01:16 - [TEST_STEP][PASSED] - Statement - out.println("Batchqty Is Less Than Rqty"): null

2018-05-16 19:01:16 - [TEST_STEP][PASSED] - Statement - product = new com.kms.katalon.core.testobject.TestObject(): null

2018-05-16 19:01:16 - [TEST_STEP][PASSED] - Statement - product = com.kms.katalon.core.webui.keyword.WebUiBuiltInKeywords.modifyObjectProperty(product, "xpath", "equals", "//*[@id = "fldvendor" + row + ""]", true): Modify property of object successfully

2018-05-16 19:01:16 - [MESSAGE][PASSED] - Modify property of object successfully

2018-05-16 19:01:16 - [TEST_STEP][PASSED] - selectOptionByIndex: All options with index in [3] are selected on object ''

2018-05-16 19:01:17 - [MESSAGE][PASSED] - All options with index in [3] are selected on object ''

2018-05-16 19:01:17 - [TEST_STEP][PASSED] - Statement - batch = new com.kms.katalon.core.testobject.TestObject(): null

2018-05-16 19:01:17 - [TEST_STEP][PASSED] - Statement - batch = com.kms.katalon.core.webui.keyword.WebUiBuiltInKeywords.modifyObjectProperty(batch, "xpath", "equals", "//*[@id = "txtbthqty" + row + ""]", true): Modify property of object successfully

2018-05-16 19:01:17 - [MESSAGE][PASSED] - Modify property of object successfully

2018-05-16 19:01:17 - [TEST_STEP][PASSED] - Statement - batchqty = com.kms.katalon.core.webui.keyword.WebUiBuiltInKeywords.getAttribute(batch, "value").trim(): Attribute 'value' of object '' is: '500'

2018-05-16 19:01:17 - [MESSAGE][PASSED] - Attribute 'value' of object '' is: '500'

2018-05-16 19:01:17 - [TEST_STEP][PASSED] - Statement - Rqty = 10000: null

2018-05-16 19:01:17 - [TEST_STEP][PASSED] - delay: Delayed 2 second(s)

2018-05-16 19:01:19 - [MESSAGE][PASSED] - Delayed 2 second(s)

2018-05-16 19:01:19 - [TEST_STEP][PASSED] - Statement - out.println("BatchQty : " + batchqty): null

2018-05-16 19:01:19 - [TEST_STEP][PASSED] - Statement - out.println("RQty : " + Rqty): null

2018-05-16 19:01:19 - [TEST_STEP][PASSED] - Statement - If (java.lang.Integer.valueOf(batchqty) >= java.lang.Integer.valueOf(Rqty)): null

2018-05-16 19:01:19 - [TEST_STEP][PASSED] - Statement - Else: null

2018-05-16 19:01:19 - [TEST_STEP][PASSED] - Statement - out.println("Batchqty Is Less Than Rqty"): null

2018-05-16 19:01:19 - [TEST_STEP][PASSED] - Statement - product = new com.kms.katalon.core.testobject.TestObject(): null

2018-05-16 19:01:19 - [TEST_STEP][PASSED] - Statement - product = com.kms.katalon.core.webui.keyword.WebUiBuiltInKeywords.modifyObjectProperty(product, "xpath", "equals", "//*[@id = "fldvendor" + row + ""]", true): Modify property of object successfully

2018-05-16 19:01:19 - [MESSAGE][PASSED] - Modify property of object successfully

2018-05-16 19:01:19 - [TEST_STEP][PASSED] - selectOptionByIndex: All options with index in [4] are selected on object ''

2018-05-16 19:01:19 - [MESSAGE][PASSED] - All options with index in [4] are selected on object ''

2018-05-16 19:01:19 - [TEST_STEP][PASSED] - Statement - batch = new com.kms.katalon.core.testobject.TestObject(): null

2018-05-16 19:01:19 - [TEST_STEP][PASSED] - Statement - batch = com.kms.katalon.core.webui.keyword.WebUiBuiltInKeywords.modifyObjectProperty(batch, "xpath", "equals", "//*[@id = "txtbthqty" + row + ""]", true): Modify property of object successfully

2018-05-16 19:01:19 - [MESSAGE][PASSED] - Modify property of object successfully

2018-05-16 19:01:19 - [TEST_STEP][PASSED] - Statement - batchqty = com.kms.katalon.core.webui.keyword.WebUiBuiltInKeywords.getAttribute(batch, "value").trim(): Attribute 'value' of object '' is: '500'

2018-05-16 19:01:19 - [MESSAGE][PASSED] - Attribute 'value' of object '' is: '500'

2018-05-16 19:01:19 - [TEST_STEP][PASSED] - Statement - Rqty = 10000: null

2018-05-16 19:01:19 - [TEST_STEP][PASSED] - delay: Delayed 2 second(s)

2018-05-16 19:01:21 - [MESSAGE][PASSED] - Delayed 2 second(s)

2018-05-16 19:01:21 - [TEST_STEP][PASSED] - Statement - out.println("BatchQty : " + batchqty): null

2018-05-16 19:01:21 - [TEST_STEP][PASSED] - Statement - out.println("RQty : " + Rqty): null

2018-05-16 19:01:21 - [TEST_STEP][PASSED] - Statement - If (java.lang.Integer.valueOf(batchqty) >= java.lang.Integer.valueOf(Rqty)): null

2018-05-16 19:01:21 - [TEST_STEP][PASSED] - Statement - Else: null

2018-05-16 19:01:21 - [TEST_STEP][PASSED] - Statement - out.println("Batchqty Is Less Than Rqty"): null

2018-05-16 19:01:21 - [TEST_STEP][PASSED] - Statement - product = new com.kms.katalon.core.testobject.TestObject(): null

2018-05-16 19:01:21 - [TEST_STEP][PASSED] - Statement - product = com.kms.katalon.core.webui.keyword.WebUiBuiltInKeywords.modifyObjectProperty(product, "xpath", "equals", "//*[@id = "fldvendor" + row + ""]", true): Modify property of object successfully

2018-05-16 19:01:21 - [MESSAGE][PASSED] - Modify property of object successfully

2018-05-16 19:01:21 - [TEST_STEP][PASSED] - selectOptionByIndex: All options with index in [5] are selected on object ''

2018-05-16 19:01:21 - [MESSAGE][PASSED] - All options with index in [5] are selected on object ''

2018-05-16 19:01:21 - [TEST_STEP][PASSED] - Statement - batch = new com.kms.katalon.core.testobject.TestObject(): null

2018-05-16 19:01:21 - [TEST_STEP][PASSED] - Statement - batch = com.kms.katalon.core.webui.keyword.WebUiBuiltInKeywords.modifyObjectProperty(batch, "xpath", "equals", "//*[@id = "txtbthqty" + row + ""]", true): Modify property of object successfully

2018-05-16 19:01:21 - [MESSAGE][PASSED] - Modify property of object successfully

2018-05-16 19:01:21 - [TEST_STEP][PASSED] - Statement - batchqty = com.kms.katalon.core.webui.keyword.WebUiBuiltInKeywords.getAttribute(batch, "value").trim(): Attribute 'value' of object '' is: '5000'

2018-05-16 19:01:21 - [MESSAGE][PASSED] - Attribute 'value' of object '' is: '5000'

2018-05-16 19:01:21 - [TEST_STEP][PASSED] - Statement - Rqty = 10000: null

2018-05-16 19:01:21 - [TEST_STEP][PASSED] - delay: Delayed 2 second(s)

2018-05-16 19:01:23 - [MESSAGE][PASSED] - Delayed 2 second(s)

2018-05-16 19:01:23 - [TEST_STEP][PASSED] - Statement - out.println("BatchQty : " + batchqty): null

2018-05-16 19:01:23 - [TEST_STEP][PASSED] - Statement - out.println("RQty : " + Rqty): null

2018-05-16 19:01:23 - [TEST_STEP][PASSED] - Statement - If (java.lang.Integer.valueOf(batchqty) >= java.lang.Integer.valueOf(Rqty)): null

2018-05-16 19:01:23 - [TEST_STEP][PASSED] - Statement - Else: null

2018-05-16 19:01:23 - [TEST_STEP][PASSED] - Statement - out.println("Batchqty Is Less Than Rqty"): null

2018-05-16 19:01:23 - [TEST_STEP][PASSED] - Statement - product = new com.kms.katalon.core.testobject.TestObject(): null

2018-05-16 19:01:23 - [TEST_STEP][PASSED] - Statement - product = com.kms.katalon.core.webui.keyword.WebUiBuiltInKeywords.modifyObjectProperty(product, "xpath", "equals", "//*[@id = "fldvendor" + row + ""]", true): Modify property of object successfully

2018-05-16 19:01:23 - [MESSAGE][PASSED] - Modify property of object successfully

2018-05-16 19:01:23 - [TEST_STEP][PASSED] - selectOptionByIndex: All options with index in [6] are selected on object ''

2018-05-16 19:01:23 - [MESSAGE][PASSED] - All options with index in [6] are selected on object ''

2018-05-16 19:01:23 - [TEST_STEP][PASSED] - Statement - batch = new com.kms.katalon.core.testobject.TestObject(): null

2018-05-16 19:01:23 - [TEST_STEP][PASSED] - Statement - batch = com.kms.katalon.core.webui.keyword.WebUiBuiltInKeywords.modifyObjectProperty(batch, "xpath", "equals", "//*[@id = "txtbthqty" + row + ""]", true): Modify property of object successfully

2018-05-16 19:01:23 - [MESSAGE][PASSED] - Modify property of object successfully

2018-05-16 19:01:23 - [TEST_STEP][PASSED] - Statement - batchqty = com.kms.katalon.core.webui.keyword.WebUiBuiltInKeywords.getAttribute(batch, "value").trim(): Attribute 'value' of object '' is: '40000'

2018-05-16 19:01:23 - [MESSAGE][PASSED] - Attribute 'value' of object '' is: '40000'

2018-05-16 19:01:23 - [TEST_STEP][PASSED] - Statement - Rqty = 10000: null

2018-05-16 19:01:23 - [TEST_STEP][PASSED] - delay: Delayed 2 second(s)

2018-05-16 19:01:25 - [MESSAGE][PASSED] - Delayed 2 second(s)

2018-05-16 19:01:25 - [TEST_STEP][PASSED] - Statement - out.println("BatchQty : " + batchqty): null

2018-05-16 19:01:25 - [TEST_STEP][PASSED] - Statement - out.println("RQty : " + Rqty): null

2018-05-16 19:01:25 - [TEST_STEP][PASSED] - Statement - If (java.lang.Integer.valueOf(batchqty) >= java.lang.Integer.valueOf(Rqty)): null

2018-05-16 19:01:25 - [TEST_STEP][PASSED] - Statement - Break: null

2018-05-16 19:01:25 - [TEST_STEP][PASSED] - Statement - batchlength = new com.kms.katalon.core.testobject.TestObject(): null

2018-05-16 19:01:25 - [TEST_STEP][PASSED] - Statement - batchlength = com.kms.katalon.core.webui.keyword.WebUiBuiltInKeywords.modifyObjectProperty(batchlength, "xpath", "equals", "//*[@id = "fldvendor" + row + ""]", true): Modify property of object successfully

2018-05-16 19:01:25 - [MESSAGE][PASSED] - Modify property of object successfully

2018-05-16 19:01:25 - [TEST_STEP][PASSED] - Statement - batchsize = com.kms.katalon.core.webui.keyword.WebUiBuiltInKeywords.getNumberOfTotalOption(batchlength): 7 options of object '' counted

2018-05-16 19:01:25 - [MESSAGE][PASSED] - 7 options of object '' counted

2018-05-16 19:01:25 - [TEST_STEP][PASSED] - Statement - out.println("BatchSize : " + batchsize): null

2018-05-16 19:01:25 - [TEST_STEP][PASSED] - Statement - For ([n = 1, n <= batchsize - 1, (n++)]): null

2018-05-16 19:01:25 - [TEST_STEP][PASSED] - Statement - product = new com.kms.katalon.core.testobject.TestObject(): null

2018-05-16 19:01:25 - [TEST_STEP][PASSED] - Statement - product = com.kms.katalon.core.webui.keyword.WebUiBuiltInKeywords.modifyObjectProperty(product, "xpath", "equals", "//*[@id = "fldvendor" + row + ""]", true): Modify property of object successfully

2018-05-16 19:01:25 - [MESSAGE][PASSED] - Modify property of object successfully

2018-05-16 19:01:25 - [TEST_STEP][PASSED] - selectOptionByIndex: All options with index in [1] are selected on object ''

2018-05-16 19:01:26 - [MESSAGE][PASSED] - All options with index in [1] are selected on object ''

2018-05-16 19:01:26 - [TEST_STEP][PASSED] - Statement - batch = new com.kms.katalon.core.testobject.TestObject(): null

2018-05-16 19:01:26 - [TEST_STEP][PASSED] - Statement - batch = com.kms.katalon.core.webui.keyword.WebUiBuiltInKeywords.modifyObjectProperty(batch, "xpath", "equals", "//*[@id = "txtbthqty" + row + ""]", true): Modify property of object successfully

2018-05-16 19:01:26 - [MESSAGE][PASSED] - Modify property of object successfully

2018-05-16 19:01:26 - [TEST_STEP][PASSED] - Statement - batchqty = com.kms.katalon.core.webui.keyword.WebUiBuiltInKeywords.getAttribute(batch, "value").trim(): Attribute 'value' of object '' is: '4000'

2018-05-16 19:01:26 - [MESSAGE][PASSED] - Attribute 'value' of object '' is: '4000'

2018-05-16 19:01:26 - [TEST_STEP][PASSED] - Statement - Rqty = 10000: null

2018-05-16 19:01:26 - [TEST_STEP][PASSED] - delay: Delayed 2 second(s)

2018-05-16 19:01:28 - [MESSAGE][PASSED] - Delayed 2 second(s)

2018-05-16 19:01:28 - [TEST_STEP][PASSED] - Statement - out.println("BatchQty : " + batchqty): null

2018-05-16 19:01:28 - [TEST_STEP][PASSED] - Statement - out.println("RQty : " + Rqty): null

2018-05-16 19:01:28 - [TEST_STEP][PASSED] - Statement - If (java.lang.Integer.valueOf(batchqty) >= java.lang.Integer.valueOf(Rqty)): null

2018-05-16 19:01:28 - [TEST_STEP][PASSED] - Statement - Else: null

2018-05-16 19:01:28 - [TEST_STEP][PASSED] - Statement - out.println("Batchqty Is Less Than Rqty"): null

2018-05-16 19:01:28 - [TEST_STEP][PASSED] - Statement - product = new com.kms.katalon.core.testobject.TestObject(): null

2018-05-16 19:01:28 - [TEST_STEP][PASSED] - Statement - product = com.kms.katalon.core.webui.keyword.WebUiBuiltInKeywords.modifyObjectProperty(product, "xpath", "equals", "//*[@id = "fldvendor" + row + ""]", true): Modify property of object successfully

2018-05-16 19:01:28 - [MESSAGE][PASSED] - Modify property of object successfully

2018-05-16 19:01:28 - [TEST_STEP][PASSED] - selectOptionByIndex: All options with index in [2] are selected on object ''

2018-05-16 19:01:28 - [MESSAGE][PASSED] - All options with index in [2] are selected on object ''

2018-05-16 19:01:28 - [TEST_STEP][PASSED] - Statement - batch = new com.kms.katalon.core.testobject.TestObject(): null

2018-05-16 19:01:28 - [TEST_STEP][PASSED] - Statement - batch = com.kms.katalon.core.webui.keyword.WebUiBuiltInKeywords.modifyObjectProperty(batch, "xpath", "equals", "//*[@id = "txtbthqty" + row + ""]", true): Modify property of object successfully

2018-05-16 19:01:28 - [MESSAGE][PASSED] - Modify property of object successfully

2018-05-16 19:01:28 - [TEST_STEP][PASSED] - Statement - batchqty = com.kms.katalon.core.webui.keyword.WebUiBuiltInKeywords.getAttribute(batch, "value").trim(): Attribute 'value' of object '' is: '500'

2018-05-16 19:01:28 - [MESSAGE][PASSED] - Attribute 'value' of object '' is: '500'

2018-05-16 19:01:28 - [TEST_STEP][PASSED] - Statement - Rqty = 10000: null

2018-05-16 19:01:28 - [TEST_STEP][PASSED] - delay: Delayed 2 second(s)

2018-05-16 19:01:30 - [MESSAGE][PASSED] - Delayed 2 second(s)

2018-05-16 19:01:30 - [TEST_STEP][PASSED] - Statement - out.println("BatchQty : " + batchqty): null

2018-05-16 19:01:30 - [TEST_STEP][PASSED] - Statement - out.println("RQty : " + Rqty): null

2018-05-16 19:01:30 - [TEST_STEP][PASSED] - Statement - If (java.lang.Integer.valueOf(batchqty) >= java.lang.Integer.valueOf(Rqty)): null

2018-05-16 19:01:30 - [TEST_STEP][PASSED] - Statement - Else: null

2018-05-16 19:01:30 - [TEST_STEP][PASSED] - Statement - out.println("Batchqty Is Less Than Rqty"): null

2018-05-16 19:01:30 - [TEST_STEP][PASSED] - Statement - product = new com.kms.katalon.core.testobject.TestObject(): null

2018-05-16 19:01:30 - [TEST_STEP][PASSED] - Statement - product = com.kms.katalon.core.webui.keyword.WebUiBuiltInKeywords.modifyObjectProperty(product, "xpath", "equals", "//*[@id = "fldvendor" + row + ""]", true): Modify property of object successfully

2018-05-16 19:01:30 - [MESSAGE][PASSED] - Modify property of object successfully

2018-05-16 19:01:30 - [TEST_STEP][PASSED] - selectOptionByIndex: All options with index in [3] are selected on object ''

2018-05-16 19:01:30 - [MESSAGE][PASSED] - All options with index in [3] are selected on object ''

2018-05-16 19:01:30 - [TEST_STEP][PASSED] - Statement - batch = new com.kms.katalon.core.testobject.TestObject(): null

2018-05-16 19:01:30 - [TEST_STEP][PASSED] - Statement - batch = com.kms.katalon.core.webui.keyword.WebUiBuiltInKeywords.modifyObjectProperty(batch, "xpath", "equals", "//*[@id = "txtbthqty" + row + ""]", true): Modify property of object successfully

2018-05-16 19:01:30 - [MESSAGE][PASSED] - Modify property of object successfully

2018-05-16 19:01:30 - [TEST_STEP][PASSED] - Statement - batchqty = com.kms.katalon.core.webui.keyword.WebUiBuiltInKeywords.getAttribute(batch, "value").trim(): Attribute 'value' of object '' is: '40000'

2018-05-16 19:01:30 - [MESSAGE][PASSED] - Attribute 'value' of object '' is: '40000'

2018-05-16 19:01:30 - [TEST_STEP][PASSED] - Statement - Rqty = 10000: null

2018-05-16 19:01:30 - [TEST_STEP][PASSED] - delay: Delayed 2 second(s)

2018-05-16 19:01:32 - [MESSAGE][PASSED] - Delayed 2 second(s)

2018-05-16 19:01:32 - [TEST_STEP][PASSED] - Statement - out.println("BatchQty : " + batchqty): null

2018-05-16 19:01:32 - [TEST_STEP][PASSED] - Statement - out.println("RQty : " + Rqty): null

2018-05-16 19:01:32 - [TEST_STEP][PASSED] - Statement - If (java.lang.Integer.valueOf(batchqty) >= java.lang.Integer.valueOf(Rqty)): null

2018-05-16 19:01:32 - [TEST_STEP][PASSED] - Statement - Break: null

2018-05-16 19:01:32 - [TEST_STEP][PASSED] - Statement - batchlength = new com.kms.katalon.core.testobject.TestObject(): null

2018-05-16 19:01:32 - [TEST_STEP][PASSED] - Statement - batchlength = com.kms.katalon.core.webui.keyword.WebUiBuiltInKeywords.modifyObjectProperty(batchlength, "xpath", "equals", "//*[@id = "fldvendor" + row + ""]", true): Modify property of object successfully

2018-05-16 19:01:32 - [MESSAGE][PASSED] - Modify property of object successfully

2018-05-16 19:01:32 - [TEST_STEP][PASSED] - Statement - batchsize = com.kms.katalon.core.webui.keyword.WebUiBuiltInKeywords.getNumberOfTotalOption(batchlength): 7 options of object '' counted

2018-05-16 19:01:32 - [MESSAGE][PASSED] - 7 options of object '' counted

2018-05-16 19:01:32 - [TEST_STEP][PASSED] - Statement - out.println("BatchSize : " + batchsize): null

2018-05-16 19:01:32 - [TEST_STEP][PASSED] - Statement - For ([n = 1, n <= batchsize - 1, (n++)]): null

2018-05-16 19:01:32 - [TEST_STEP][PASSED] - Statement - product = new com.kms.katalon.core.testobject.TestObject(): null

2018-05-16 19:01:32 - [TEST_STEP][PASSED] - Statement - product = com.kms.katalon.core.webui.keyword.WebUiBuiltInKeywords.modifyObjectProperty(product, "xpath", "equals", "//*[@id = "fldvendor" + row + ""]", true): Modify property of object successfully

2018-05-16 19:01:32 - [MESSAGE][PASSED] - Modify property of object successfully

2018-05-16 19:01:32 - [TEST_STEP][PASSED] - selectOptionByIndex: All options with index in [1] are selected on object ''

2018-05-16 19:01:32 - [MESSAGE][PASSED] - All options with index in [1] are selected on object ''

2018-05-16 19:01:32 - [TEST_STEP][PASSED] - Statement - batch = new com.kms.katalon.core.testobject.TestObject(): null

2018-05-16 19:01:32 - [TEST_STEP][PASSED] - Statement - batch = com.kms.katalon.core.webui.keyword.WebUiBuiltInKeywords.modifyObjectProperty(batch, "xpath", "equals", "//*[@id = "txtbthqty" + row + ""]", true): Modify property of object successfully

2018-05-16 19:01:32 - [MESSAGE][PASSED] - Modify property of object successfully

2018-05-16 19:01:32 - [TEST_STEP][PASSED] - Statement - batchqty = com.kms.katalon.core.webui.keyword.WebUiBuiltInKeywords.getAttribute(batch, "value").trim(): Attribute 'value' of object '' is: '5000'

2018-05-16 19:01:32 - [MESSAGE][PASSED] - Attribute 'value' of object '' is: '5000'

2018-05-16 19:01:32 - [TEST_STEP][PASSED] - Statement - Rqty = 10000: null

2018-05-16 19:01:32 - [TEST_STEP][PASSED] - delay: Delayed 2 second(s)

2018-05-16 19:01:34 - [MESSAGE][PASSED] - Delayed 2 second(s)

2018-05-16 19:01:34 - [TEST_STEP][PASSED] - Statement - out.println("BatchQty : " + batchqty): null

2018-05-16 19:01:34 - [TEST_STEP][PASSED] - Statement - out.println("RQty : " + Rqty): null

2018-05-16 19:01:34 - [TEST_STEP][PASSED] - Statement - If (java.lang.Integer.valueOf(batchqty) >= java.lang.Integer.valueOf(Rqty)): null

2018-05-16 19:01:34 - [TEST_STEP][PASSED] - Statement - Else: null

2018-05-16 19:01:34 - [TEST_STEP][PASSED] - Statement - out.println("Batchqty Is Less Than Rqty"): null

2018-05-16 19:01:34 - [TEST_STEP][PASSED] - Statement - product = new com.kms.katalon.core.testobject.TestObject(): null

2018-05-16 19:01:34 - [TEST_STEP][PASSED] - Statement - product = com.kms.katalon.core.webui.keyword.WebUiBuiltInKeywords.modifyObjectProperty(product, "xpath", "equals", "//*[@id = "fldvendor" + row + ""]", true): Modify property of object successfully

2018-05-16 19:01:34 - [MESSAGE][PASSED] - Modify property of object successfully

2018-05-16 19:01:34 - [TEST_STEP][PASSED] - selectOptionByIndex: All options with index in [2] are selected on object ''

2018-05-16 19:01:34 - [MESSAGE][PASSED] - All options with index in [2] are selected on object ''

2018-05-16 19:01:34 - [TEST_STEP][PASSED] - Statement - batch = new com.kms.katalon.core.testobject.TestObject(): null

2018-05-16 19:01:34 - [TEST_STEP][PASSED] - Statement - batch = com.kms.katalon.core.webui.keyword.WebUiBuiltInKeywords.modifyObjectProperty(batch, "xpath", "equals", "//*[@id = "txtbthqty" + row + ""]", true): Modify property of object successfully

2018-05-16 19:01:34 - [MESSAGE][PASSED] - Modify property of object successfully

2018-05-16 19:01:34 - [TEST_STEP][PASSED] - Statement - batchqty = com.kms.katalon.core.webui.keyword.WebUiBuiltInKeywords.getAttribute(batch, "value").trim(): Attribute 'value' of object '' is: '300'

2018-05-16 19:01:34 - [MESSAGE][PASSED] - Attribute 'value' of object '' is: '300'

2018-05-16 19:01:34 - [TEST_STEP][PASSED] - Statement - Rqty = 10000: null

2018-05-16 19:01:34 - [TEST_STEP][PASSED] - delay: Delayed 2 second(s)

2018-05-16 19:01:36 - [MESSAGE][PASSED] - Delayed 2 second(s)

2018-05-16 19:01:36 - [TEST_STEP][PASSED] - Statement - out.println("BatchQty : " + batchqty): null

2018-05-16 19:01:36 - [TEST_STEP][PASSED] - Statement - out.println("RQty : " + Rqty): null

2018-05-16 19:01:36 - [TEST_STEP][PASSED] - Statement - If (java.lang.Integer.valueOf(batchqty) >= java.lang.Integer.valueOf(Rqty)): null

2018-05-16 19:01:36 - [TEST_STEP][PASSED] - Statement - Else: null

2018-05-16 19:01:36 - [TEST_STEP][PASSED] - Statement - out.println("Batchqty Is Less Than Rqty"): null

2018-05-16 19:01:36 - [TEST_STEP][PASSED] - Statement - product = new com.kms.katalon.core.testobject.TestObject(): null

2018-05-16 19:01:36 - [TEST_STEP][PASSED] - Statement - product = com.kms.katalon.core.webui.keyword.WebUiBuiltInKeywords.modifyObjectProperty(product, "xpath", "equals", "//*[@id = "fldvendor" + row + ""]", true): Modify property of object successfully

2018-05-16 19:01:36 - [MESSAGE][PASSED] - Modify property of object successfully

2018-05-16 19:01:36 - [TEST_STEP][PASSED] - selectOptionByIndex: All options with index in [3] are selected on object ''

2018-05-16 19:01:37 - [MESSAGE][PASSED] - All options with index in [3] are selected on object ''

2018-05-16 19:01:37 - [TEST_STEP][PASSED] - Statement - batch = new com.kms.katalon.core.testobject.TestObject(): null

2018-05-16 19:01:37 - [TEST_STEP][PASSED] - Statement - batch = com.kms.katalon.core.webui.keyword.WebUiBuiltInKeywords.modifyObjectProperty(batch, "xpath", "equals", "//*[@id = "txtbthqty" + row + ""]", true): Modify property of object successfully

2018-05-16 19:01:37 - [MESSAGE][PASSED] - Modify property of object successfully

2018-05-16 19:01:37 - [TEST_STEP][PASSED] - Statement - batchqty = com.kms.katalon.core.webui.keyword.WebUiBuiltInKeywords.getAttribute(batch, "value").trim(): Attribute 'value' of object '' is: '4000'

2018-05-16 19:01:37 - [MESSAGE][PASSED] - Attribute 'value' of object '' is: '4000'

2018-05-16 19:01:37 - [TEST_STEP][PASSED] - Statement - Rqty = 10000: null

2018-05-16 19:01:37 - [TEST_STEP][PASSED] - delay: Delayed 2 second(s)

2018-05-16 19:01:39 - [MESSAGE][PASSED] - Delayed 2 second(s)

2018-05-16 19:01:39 - [TEST_STEP][PASSED] - Statement - out.println("BatchQty : " + batchqty): null

2018-05-16 19:01:39 - [TEST_STEP][PASSED] - Statement - out.println("RQty : " + Rqty): null

2018-05-16 19:01:39 - [TEST_STEP][PASSED] - Statement - If (java.lang.Integer.valueOf(batchqty) >= java.lang.Integer.valueOf(Rqty)): null

2018-05-16 19:01:39 - [TEST_STEP][PASSED] - Statement - Else: null

2018-05-16 19:01:39 - [TEST_STEP][PASSED] - Statement - out.println("Batchqty Is Less Than Rqty"): null

2018-05-16 19:01:39 - [TEST_STEP][PASSED] - Statement - product = new com.kms.katalon.core.testobject.TestObject(): null

2018-05-16 19:01:39 - [TEST_STEP][PASSED] - Statement - product = com.kms.katalon.core.webui.keyword.WebUiBuiltInKeywords.modifyObjectProperty(product, "xpath", "equals", "//*[@id = "fldvendor" + row + ""]", true): Modify property of object successfully

2018-05-16 19:01:39 - [MESSAGE][PASSED] - Modify property of object successfully

2018-05-16 19:01:39 - [TEST_STEP][PASSED] - selectOptionByIndex: All options with index in [4] are selected on object ''

2018-05-16 19:01:39 - [MESSAGE][PASSED] - All options with index in [4] are selected on object ''

2018-05-16 19:01:39 - [TEST_STEP][PASSED] - Statement - batch = new com.kms.katalon.core.testobject.TestObject(): null

2018-05-16 19:01:39 - [TEST_STEP][PASSED] - Statement - batch = com.kms.katalon.core.webui.keyword.WebUiBuiltInKeywords.modifyObjectProperty(batch, "xpath", "equals", "//*[@id = "txtbthqty" + row + ""]", true): Modify property of object successfully

2018-05-16 19:01:39 - [MESSAGE][PASSED] - Modify property of object successfully

2018-05-16 19:01:39 - [TEST_STEP][PASSED] - Statement - batchqty = com.kms.katalon.core.webui.keyword.WebUiBuiltInKeywords.getAttribute(batch, "value").trim(): Attribute 'value' of object '' is: '40000'

2018-05-16 19:01:39 - [MESSAGE][PASSED] - Attribute 'value' of object '' is: '40000'

2018-05-16 19:01:39 - [TEST_STEP][PASSED] - Statement - Rqty = 10000: null

2018-05-16 19:01:39 - [TEST_STEP][PASSED] - delay: Delayed 2 second(s)

2018-05-16 19:01:41 - [MESSAGE][PASSED] - Delayed 2 second(s)

2018-05-16 19:01:41 - [TEST_STEP][PASSED] - Statement - out.println("BatchQty : " + batchqty): null

2018-05-16 19:01:41 - [TEST_STEP][PASSED] - Statement - out.println("RQty : " + Rqty): null

2018-05-16 19:01:41 - [TEST_STEP][PASSED] - Statement - If (java.lang.Integer.valueOf(batchqty) >= java.lang.Integer.valueOf(Rqty)): null

2018-05-16 19:01:41 - [TEST_STEP][PASSED] - Statement - Break: null

2018-05-16 19:01:41 - [TEST_STEP][PASSED] - click: Object: 'Object Repository/store Request Schedule 1/Page_KDMC - CMS/input_btndispatch' is clicked on

2018-05-16 19:01:41 - [MESSAGE][PASSED] - Object: 'Object Repository/store Request Schedule 1/Page_KDMC - CMS/input_btndispatch' is clicked on

2018-05-16 19:01:41 - [TEST_STEP][PASSED] - delay: Delayed 3 second(s)

2018-05-16 19:01:44 - [MESSAGE][PASSED] - Delayed 3 second(s)

2018-05-16 19:01:44 - [TEST_STEP][PASSED] - click: Object: 'Object Repository/store Request Schedule 1/Page_KDMC - CMS/button_OK' is clicked on

2018-05-16 19:01:44 - [MESSAGE][PASSED] - Object: 'Object Repository/store Request Schedule 1/Page_KDMC - CMS/button_OK' is clicked on

2018-05-16 19:01:44 - [TEST_STEP][PASSED] - click: Object: 'Object Repository/store Request Schedule 1/Page_KDMC - CMS/a_dropdown-toggle' is clicked on

2018-05-16 19:01:46 - [MESSAGE][PASSED] - Object: 'Object Repository/store Request Schedule 1/Page_KDMC - CMS/a_dropdown-toggle' is clicked on

2018-05-16 19:01:46 - [TEST_STEP][PASSED] - click: Object: 'Object Repository/store Request Schedule 1/Page_KDMC - CMS/a_Sign out' is clicked on

2018-05-16 19:01:46 - [MESSAGE][PASSED] - Object: 'Object Repository/store Request Schedule 1/Page_KDMC - CMS/a_Sign out' is clicked on

2018-05-16 19:01:46 - [TEST_STEP][PASSED] - delay: Delayed 3 second(s)

2018-05-16 19:01:49 - [MESSAGE][PASSED] - Delayed 3 second(s)

2018-05-16 19:01:49 - [TEST_STEP][PASSED] - click: Object: 'Object Repository/Store Request Schedule 1/Page_KDMC/a_Divisional Store' is clicked on

2018-05-16 19:01:49 - [MESSAGE][PASSED] - Object: 'Object Repository/Store Request Schedule 1/Page_KDMC/a_Divisional Store' is clicked on

2018-05-16 19:01:49 - [TEST_STEP][PASSED] - setText: Text 'ragu' is set on object 'Object Repository/Store Request Schedule 1/Page_Divisonal Store Login/input_txtusername'

2018-05-16 19:01:49 - [MESSAGE][PASSED] - Text 'ragu' is set on object 'Object Repository/Store Request Schedule 1/Page_Divisonal Store Login/input_txtusername'

2018-05-16 19:01:49 - [TEST_STEP][PASSED] - setText: Text '123' is set on object 'Object Repository/Store Request Schedule 1/Page_Divisonal Store Login/input_txtpassword'

2018-05-16 19:01:49 - [MESSAGE][PASSED] - Text '123' is set on object 'Object Repository/Store Request Schedule 1/Page_Divisonal Store Login/input_txtpassword'

2018-05-16 19:01:49 - [TEST_STEP][PASSED] - delay: Delayed 3 second(s)

2018-05-16 19:01:52 - [MESSAGE][PASSED] - Delayed 3 second(s)

2018-05-16 19:01:52 - [TEST_STEP][PASSED] - click: Object: 'Object Repository/Store Request Schedule 1/Page_Divisonal Store Login/button_Sign in' is clicked on

2018-05-16 19:01:53 - [MESSAGE][PASSED] - Object: 'Object Repository/Store Request Schedule 1/Page_Divisonal Store Login/button_Sign in' is clicked on

2018-05-16 19:01:53 - [TEST_STEP][PASSED] - delay: Delayed 3 second(s)

2018-05-16 19:01:56 - [MESSAGE][PASSED] - Delayed 3 second(s)

2018-05-16 19:01:56 - [TEST_STEP][PASSED] - click: Object: 'Object Repository/Store Request Schedule 1/Page_Store/a_CMS' is clicked on

2018-05-16 19:01:57 - [MESSAGE][PASSED] - Object: 'Object Repository/Store Request Schedule 1/Page_Store/a_CMS' is clicked on

2018-05-16 19:01:57 - [TEST_STEP][PASSED] - delay: Delayed 2 second(s)

2018-05-16 19:01:59 - [MESSAGE][PASSED] - Delayed 2 second(s)

2018-05-16 19:01:59 - [TEST_STEP][PASSED] - click: Object: 'Object Repository/Store Request Schedule 1/Page_Store/a_Receiving Goods' is clicked on

2018-05-16 19:01:59 - [MESSAGE][PASSED] - Object: 'Object Repository/Store Request Schedule 1/Page_Store/a_Receiving Goods' is clicked on

2018-05-16 19:01:59 - [TEST_STEP][PASSED] - setText: Text 'PRNO/16052018/165' is set on object 'Object Repository/Store Request Schedule 1/Page_Store/input'

2018-05-16 19:02:00 - [MESSAGE][PASSED] - Text 'PRNO/16052018/165' is set on object 'Object Repository/Store Request Schedule 1/Page_Store/input'

2018-05-16 19:02:00 - [TEST_STEP][PASSED] - click: Object: 'Object Repository/Store Request Schedule 1/Page_Store/input_btn btn-primary' is clicked on

2018-05-16 19:02:00 - [MESSAGE][PASSED] - Object: 'Object Repository/Store Request Schedule 1/Page_Store/input_btn btn-primary' is clicked on

2018-05-16 19:02:00 - [TEST_STEP][PASSED] - delay: Delayed 2 second(s)

2018-05-16 19:02:02 - [MESSAGE][PASSED] - Delayed 2 second(s)

2018-05-16 19:02:02 - [TEST_STEP][PASSED] - click: Object: 'Object Repository/Store Request Schedule 1/Page_Store/input_chkrem' is clicked on

2018-05-16 19:02:02 - [MESSAGE][PASSED] - Object: 'Object Repository/Store Request Schedule 1/Page_Store/input_chkrem' is clicked on

2018-05-16 19:02:02 - [TEST_STEP][PASSED] - scrollToElement: Scroll to object 'Object Repository/Store Request Schedule 1/Page_Store/input_btchkroqadd' successfully

2018-05-16 19:02:02 - [MESSAGE][PASSED] - Scroll to object 'Object Repository/Store Request Schedule 1/Page_Store/input_btchkroqadd' successfully

2018-05-16 19:02:02 - [TEST_STEP][PASSED] - click: Object: 'Object Repository/Store Request Schedule 1/Page_Store/input_btchkroqadd' is clicked on

2018-05-16 19:02:02 - [MESSAGE][PASSED] - Object: 'Object Repository/Store Request Schedule 1/Page_Store/input_btchkroqadd' is clicked on

2018-05-16 19:02:02 - [TEST_STEP][PASSED] - delay: Delayed 2 second(s)

2018-05-16 19:02:04 - [MESSAGE][PASSED] - Delayed 2 second(s)

2018-05-16 19:02:04 - [TEST_STEP][PASSED] - refresh: Refresh successfully

2018-05-16 19:02:04 - [MESSAGE][PASSED] - Refresh successfully

2018-05-16 19:02:04 - [TEST_STEP][PASSED] - delay: Delayed 3 second(s)

2018-05-16 19:02:07 - [MESSAGE][PASSED] - Delayed 3 second(s)

2018-05-16 19:02:07 - [TEST_STEP][PASSED] - click: Object: 'Object Repository/Store Request Schedule 1/Page_Store/a_dropdown-toggle' is clicked on

2018-05-16 19:02:08 - [MESSAGE][PASSED] - Object: 'Object Repository/Store Request Schedule 1/Page_Store/a_dropdown-toggle' is clicked on

2018-05-16 19:02:08 - [TEST_STEP][PASSED] - click: Object: 'Object Repository/Store Request Schedule 1/Page_Store/a_Sign out' is clicked on

2018-05-16 19:02:08 - [MESSAGE][PASSED] - Object: 'Object Repository/Store Request Schedule 1/Page_Store/a_Sign out' is clicked on

2018-05-16 19:02:08 - [TEST_STEP][PASSED] - closeBrowser: Browser is closed

2018-05-16 19:02:09 - [MESSAGE][PASSED] - Browser is closed

2018-05-16 19:02:09 - [TEST_STEP][PASSED] - Statement - out.println("Schedule 4 STORE Request Are Working Successfully"): null]]></system-out>
         <system-err><![CDATA[]]></system-err>
      </testcase>
      <testcase name="Test Cases/STORE TO CMS REQUEST TEST CASES/TC_STCMS_005 To Verify Schedule 5 Store To CMS Request Are Working Successfully Or Not" classname="Test Cases/STORE TO CMS REQUEST TEST CASES/TC_STCMS_005 To Verify Schedule 5 Store To CMS Request Are Working Successfully Or Not" status="PASSED">
         <system-out><![CDATA[2018-05-16 19:02:09 - [TEST_CASE][PASSED] - Test Cases/STORE TO CMS REQUEST TEST CASES/TC_STCMS_005 To Verify Schedule 5 Store To CMS Request Are Working Successfully Or Not: Test Cases/STORE TO CMS REQUEST TEST CASES/TC_STCMS_005 To Verify Schedule 5 Store To CMS Request Are Working Successfully Or Not

2018-05-16 19:02:09 - [TEST_STEP][PASSED] - openBrowser: Browser is opened with url: ''

2018-05-16 19:02:11 - [MESSAGE][PASSED] - Browser is opened with url: ''

2018-05-16 19:02:11 - [TEST_STEP][PASSED] - Statement - out.println("Verify Schedule 5 STORE Request Are Working Successfully Or Not"): null

2018-05-16 19:02:11 - [TEST_STEP][PASSED] - navigateToUrl: Navigate to 'http://192.168.137.1/multihospital_new/' successfully

2018-05-16 19:02:12 - [MESSAGE][PASSED] - Navigate to 'http://192.168.137.1/multihospital_new/' successfully

2018-05-16 19:02:12 - [TEST_STEP][PASSED] - maximizeWindow: Current window maximized

2018-05-16 19:02:13 - [MESSAGE][PASSED] - Current window maximized

2018-05-16 19:02:13 - [TEST_STEP][PASSED] - click: Object: 'Object Repository/Store Request Schedule 1/Page_KDMC/a_Divisional Store' is clicked on

2018-05-16 19:02:14 - [MESSAGE][PASSED] - Object: 'Object Repository/Store Request Schedule 1/Page_KDMC/a_Divisional Store' is clicked on

2018-05-16 19:02:14 - [TEST_STEP][PASSED] - setText: Text 'ragu' is set on object 'Object Repository/Store Request Schedule 1/Page_Divisonal Store Login/input_txtusername'

2018-05-16 19:02:14 - [MESSAGE][PASSED] - Text 'ragu' is set on object 'Object Repository/Store Request Schedule 1/Page_Divisonal Store Login/input_txtusername'

2018-05-16 19:02:14 - [TEST_STEP][PASSED] - setText: Text '123' is set on object 'Object Repository/Store Request Schedule 1/Page_Divisonal Store Login/input_txtpassword'

2018-05-16 19:02:14 - [MESSAGE][PASSED] - Text '123' is set on object 'Object Repository/Store Request Schedule 1/Page_Divisonal Store Login/input_txtpassword'

2018-05-16 19:02:14 - [TEST_STEP][PASSED] - delay: Delayed 3 second(s)

2018-05-16 19:02:17 - [MESSAGE][PASSED] - Delayed 3 second(s)

2018-05-16 19:02:17 - [TEST_STEP][PASSED] - click: Object: 'Object Repository/Store Request Schedule 1/Page_Divisonal Store Login/button_Sign in' is clicked on

2018-05-16 19:02:19 - [MESSAGE][PASSED] - Object: 'Object Repository/Store Request Schedule 1/Page_Divisonal Store Login/button_Sign in' is clicked on

2018-05-16 19:02:19 - [TEST_STEP][PASSED] - delay: Delayed 3 second(s)

2018-05-16 19:02:22 - [MESSAGE][PASSED] - Delayed 3 second(s)

2018-05-16 19:02:22 - [TEST_STEP][PASSED] - click: Object: 'Object Repository/Store Request Schedule 1/Page_Store/a_CMS' is clicked on

2018-05-16 19:02:22 - [MESSAGE][PASSED] - Object: 'Object Repository/Store Request Schedule 1/Page_Store/a_CMS' is clicked on

2018-05-16 19:02:22 - [TEST_STEP][PASSED] - delay: Delayed 2 second(s)

2018-05-16 19:02:24 - [MESSAGE][PASSED] - Delayed 2 second(s)

2018-05-16 19:02:24 - [TEST_STEP][PASSED] - click: Object: 'Object Repository/Store Request Schedule 1/Page_Store/a_Request Send' is clicked on

2018-05-16 19:02:25 - [MESSAGE][PASSED] - Object: 'Object Repository/Store Request Schedule 1/Page_Store/a_Request Send' is clicked on

2018-05-16 19:02:25 - [TEST_STEP][PASSED] - selectOptionByIndex: All options with index in [1] are selected on object 'Object Repository/Store Request Schedule 1/Page_Store/select_--Select--'

2018-05-16 19:02:25 - [MESSAGE][PASSED] - All options with index in [1] are selected on object 'Object Repository/Store Request Schedule 1/Page_Store/select_--Select--'

2018-05-16 19:02:25 - [TEST_STEP][PASSED] - selectOptionByIndex: All options with index in [5] are selected on object 'Object Repository/Store Request Schedule 1/Page_Store/select_--Select--Schedule 1Inj'

2018-05-16 19:02:25 - [MESSAGE][PASSED] - All options with index in [5] are selected on object 'Object Repository/Store Request Schedule 1/Page_Store/select_--Select--Schedule 1Inj'

2018-05-16 19:02:25 - [TEST_STEP][PASSED] - Statement - SelectedOptions = com.kms.katalon.core.webui.keyword.WebUiBuiltInKeywords.getNumberOfTotalOption(com.kms.katalon.core.testobject.ObjectRepository.findTestObject(Store Request Schedule 1/Page_Store/select_--Select--Adernaline 0.)): 17 options of object 'Object Repository/Store Request Schedule 1/Page_Store/select_--Select--Adernaline 0.' counted

2018-05-16 19:02:25 - [MESSAGE][PASSED] - 17 options of object 'Object Repository/Store Request Schedule 1/Page_Store/select_--Select--Adernaline 0.' counted

2018-05-16 19:02:25 - [TEST_STEP][PASSED] - Statement - For ([y = 1, y < SelectedOptions, (y++)]): Object: 'Object Repository/Store Request Schedule 1/Page_Store/button_Add' is clicked on

2018-05-16 19:02:25 - [TEST_STEP][PASSED] - selectOptionByIndex: All options with index in [5] are selected on object 'Object Repository/Store Request Schedule 1/Page_Store/select_--Select--Schedule 1Inj'

2018-05-16 19:02:25 - [MESSAGE][PASSED] - All options with index in [5] are selected on object 'Object Repository/Store Request Schedule 1/Page_Store/select_--Select--Schedule 1Inj'

2018-05-16 19:02:25 - [TEST_STEP][PASSED] - delay: Delayed 1 second(s)

2018-05-16 19:02:26 - [MESSAGE][PASSED] - Delayed 1 second(s)

2018-05-16 19:02:26 - [TEST_STEP][PASSED] - selectOptionByIndex: All options with index in [1] are selected on object 'Object Repository/Store Request Schedule 1/Page_Store/select_--Select--Adernaline 0.'

2018-05-16 19:02:26 - [MESSAGE][PASSED] - All options with index in [1] are selected on object 'Object Repository/Store Request Schedule 1/Page_Store/select_--Select--Adernaline 0.'

2018-05-16 19:02:26 - [TEST_STEP][PASSED] - setText: Text '100' is set on object 'Object Repository/Store Request Schedule 1/Page_Store/input_txttreat'

2018-05-16 19:02:26 - [MESSAGE][PASSED] - Text '100' is set on object 'Object Repository/Store Request Schedule 1/Page_Store/input_txttreat'

2018-05-16 19:02:26 - [TEST_STEP][PASSED] - click: Object: 'Object Repository/Store Request Schedule 1/Page_Store/button_Add' is clicked on

2018-05-16 19:02:27 - [MESSAGE][PASSED] - Object: 'Object Repository/Store Request Schedule 1/Page_Store/button_Add' is clicked on

2018-05-16 19:02:27 - [TEST_STEP][PASSED] - selectOptionByIndex: All options with index in [5] are selected on object 'Object Repository/Store Request Schedule 1/Page_Store/select_--Select--Schedule 1Inj'

2018-05-16 19:02:27 - [MESSAGE][PASSED] - All options with index in [5] are selected on object 'Object Repository/Store Request Schedule 1/Page_Store/select_--Select--Schedule 1Inj'

2018-05-16 19:02:27 - [TEST_STEP][PASSED] - delay: Delayed 1 second(s)

2018-05-16 19:02:28 - [MESSAGE][PASSED] - Delayed 1 second(s)

2018-05-16 19:02:28 - [TEST_STEP][PASSED] - selectOptionByIndex: All options with index in [2] are selected on object 'Object Repository/Store Request Schedule 1/Page_Store/select_--Select--Adernaline 0.'

2018-05-16 19:02:28 - [MESSAGE][PASSED] - All options with index in [2] are selected on object 'Object Repository/Store Request Schedule 1/Page_Store/select_--Select--Adernaline 0.'

2018-05-16 19:02:28 - [TEST_STEP][PASSED] - setText: Text '100' is set on object 'Object Repository/Store Request Schedule 1/Page_Store/input_txttreat'

2018-05-16 19:02:28 - [MESSAGE][PASSED] - Text '100' is set on object 'Object Repository/Store Request Schedule 1/Page_Store/input_txttreat'

2018-05-16 19:02:28 - [TEST_STEP][PASSED] - click: Object: 'Object Repository/Store Request Schedule 1/Page_Store/button_Add' is clicked on

2018-05-16 19:02:28 - [MESSAGE][PASSED] - Object: 'Object Repository/Store Request Schedule 1/Page_Store/button_Add' is clicked on

2018-05-16 19:02:28 - [TEST_STEP][PASSED] - selectOptionByIndex: All options with index in [5] are selected on object 'Object Repository/Store Request Schedule 1/Page_Store/select_--Select--Schedule 1Inj'

2018-05-16 19:02:28 - [MESSAGE][PASSED] - All options with index in [5] are selected on object 'Object Repository/Store Request Schedule 1/Page_Store/select_--Select--Schedule 1Inj'

2018-05-16 19:02:28 - [TEST_STEP][PASSED] - delay: Delayed 1 second(s)

2018-05-16 19:02:29 - [MESSAGE][PASSED] - Delayed 1 second(s)

2018-05-16 19:02:29 - [TEST_STEP][PASSED] - selectOptionByIndex: All options with index in [3] are selected on object 'Object Repository/Store Request Schedule 1/Page_Store/select_--Select--Adernaline 0.'

2018-05-16 19:02:29 - [MESSAGE][PASSED] - All options with index in [3] are selected on object 'Object Repository/Store Request Schedule 1/Page_Store/select_--Select--Adernaline 0.'

2018-05-16 19:02:29 - [TEST_STEP][PASSED] - setText: Text '100' is set on object 'Object Repository/Store Request Schedule 1/Page_Store/input_txttreat'

2018-05-16 19:02:29 - [MESSAGE][PASSED] - Text '100' is set on object 'Object Repository/Store Request Schedule 1/Page_Store/input_txttreat'

2018-05-16 19:02:29 - [TEST_STEP][PASSED] - click: Object: 'Object Repository/Store Request Schedule 1/Page_Store/button_Add' is clicked on

2018-05-16 19:02:29 - [MESSAGE][PASSED] - Object: 'Object Repository/Store Request Schedule 1/Page_Store/button_Add' is clicked on

2018-05-16 19:02:29 - [TEST_STEP][PASSED] - selectOptionByIndex: All options with index in [5] are selected on object 'Object Repository/Store Request Schedule 1/Page_Store/select_--Select--Schedule 1Inj'

2018-05-16 19:02:30 - [MESSAGE][PASSED] - All options with index in [5] are selected on object 'Object Repository/Store Request Schedule 1/Page_Store/select_--Select--Schedule 1Inj'

2018-05-16 19:02:30 - [TEST_STEP][PASSED] - delay: Delayed 1 second(s)

2018-05-16 19:02:31 - [MESSAGE][PASSED] - Delayed 1 second(s)

2018-05-16 19:02:31 - [TEST_STEP][PASSED] - selectOptionByIndex: All options with index in [4] are selected on object 'Object Repository/Store Request Schedule 1/Page_Store/select_--Select--Adernaline 0.'

2018-05-16 19:02:31 - [MESSAGE][PASSED] - All options with index in [4] are selected on object 'Object Repository/Store Request Schedule 1/Page_Store/select_--Select--Adernaline 0.'

2018-05-16 19:02:31 - [TEST_STEP][PASSED] - setText: Text '100' is set on object 'Object Repository/Store Request Schedule 1/Page_Store/input_txttreat'

2018-05-16 19:02:31 - [MESSAGE][PASSED] - Text '100' is set on object 'Object Repository/Store Request Schedule 1/Page_Store/input_txttreat'

2018-05-16 19:02:31 - [TEST_STEP][PASSED] - click: Object: 'Object Repository/Store Request Schedule 1/Page_Store/button_Add' is clicked on

2018-05-16 19:02:31 - [MESSAGE][PASSED] - Object: 'Object Repository/Store Request Schedule 1/Page_Store/button_Add' is clicked on

2018-05-16 19:02:31 - [TEST_STEP][PASSED] - selectOptionByIndex: All options with index in [5] are selected on object 'Object Repository/Store Request Schedule 1/Page_Store/select_--Select--Schedule 1Inj'

2018-05-16 19:02:31 - [MESSAGE][PASSED] - All options with index in [5] are selected on object 'Object Repository/Store Request Schedule 1/Page_Store/select_--Select--Schedule 1Inj'

2018-05-16 19:02:31 - [TEST_STEP][PASSED] - delay: Delayed 1 second(s)

2018-05-16 19:02:32 - [MESSAGE][PASSED] - Delayed 1 second(s)

2018-05-16 19:02:32 - [TEST_STEP][PASSED] - selectOptionByIndex: All options with index in [5] are selected on object 'Object Repository/Store Request Schedule 1/Page_Store/select_--Select--Adernaline 0.'

2018-05-16 19:02:32 - [MESSAGE][PASSED] - All options with index in [5] are selected on object 'Object Repository/Store Request Schedule 1/Page_Store/select_--Select--Adernaline 0.'

2018-05-16 19:02:32 - [TEST_STEP][PASSED] - setText: Text '100' is set on object 'Object Repository/Store Request Schedule 1/Page_Store/input_txttreat'

2018-05-16 19:02:32 - [MESSAGE][PASSED] - Text '100' is set on object 'Object Repository/Store Request Schedule 1/Page_Store/input_txttreat'

2018-05-16 19:02:32 - [TEST_STEP][PASSED] - click: Object: 'Object Repository/Store Request Schedule 1/Page_Store/button_Add' is clicked on

2018-05-16 19:02:32 - [MESSAGE][PASSED] - Object: 'Object Repository/Store Request Schedule 1/Page_Store/button_Add' is clicked on

2018-05-16 19:02:32 - [TEST_STEP][PASSED] - selectOptionByIndex: All options with index in [5] are selected on object 'Object Repository/Store Request Schedule 1/Page_Store/select_--Select--Schedule 1Inj'

2018-05-16 19:02:33 - [MESSAGE][PASSED] - All options with index in [5] are selected on object 'Object Repository/Store Request Schedule 1/Page_Store/select_--Select--Schedule 1Inj'

2018-05-16 19:02:33 - [TEST_STEP][PASSED] - delay: Delayed 1 second(s)

2018-05-16 19:02:34 - [MESSAGE][PASSED] - Delayed 1 second(s)

2018-05-16 19:02:34 - [TEST_STEP][PASSED] - selectOptionByIndex: All options with index in [6] are selected on object 'Object Repository/Store Request Schedule 1/Page_Store/select_--Select--Adernaline 0.'

2018-05-16 19:02:34 - [MESSAGE][PASSED] - All options with index in [6] are selected on object 'Object Repository/Store Request Schedule 1/Page_Store/select_--Select--Adernaline 0.'

2018-05-16 19:02:34 - [TEST_STEP][PASSED] - setText: Text '100' is set on object 'Object Repository/Store Request Schedule 1/Page_Store/input_txttreat'

2018-05-16 19:02:34 - [MESSAGE][PASSED] - Text '100' is set on object 'Object Repository/Store Request Schedule 1/Page_Store/input_txttreat'

2018-05-16 19:02:34 - [TEST_STEP][PASSED] - click: Object: 'Object Repository/Store Request Schedule 1/Page_Store/button_Add' is clicked on

2018-05-16 19:02:34 - [MESSAGE][PASSED] - Object: 'Object Repository/Store Request Schedule 1/Page_Store/button_Add' is clicked on

2018-05-16 19:02:34 - [TEST_STEP][PASSED] - selectOptionByIndex: All options with index in [5] are selected on object 'Object Repository/Store Request Schedule 1/Page_Store/select_--Select--Schedule 1Inj'

2018-05-16 19:02:34 - [MESSAGE][PASSED] - All options with index in [5] are selected on object 'Object Repository/Store Request Schedule 1/Page_Store/select_--Select--Schedule 1Inj'

2018-05-16 19:02:34 - [TEST_STEP][PASSED] - delay: Delayed 1 second(s)

2018-05-16 19:02:35 - [MESSAGE][PASSED] - Delayed 1 second(s)

2018-05-16 19:02:35 - [TEST_STEP][PASSED] - selectOptionByIndex: All options with index in [7] are selected on object 'Object Repository/Store Request Schedule 1/Page_Store/select_--Select--Adernaline 0.'

2018-05-16 19:02:35 - [MESSAGE][PASSED] - All options with index in [7] are selected on object 'Object Repository/Store Request Schedule 1/Page_Store/select_--Select--Adernaline 0.'

2018-05-16 19:02:35 - [TEST_STEP][PASSED] - setText: Text '100' is set on object 'Object Repository/Store Request Schedule 1/Page_Store/input_txttreat'

2018-05-16 19:02:35 - [MESSAGE][PASSED] - Text '100' is set on object 'Object Repository/Store Request Schedule 1/Page_Store/input_txttreat'

2018-05-16 19:02:35 - [TEST_STEP][PASSED] - click: Object: 'Object Repository/Store Request Schedule 1/Page_Store/button_Add' is clicked on

2018-05-16 19:02:35 - [MESSAGE][PASSED] - Object: 'Object Repository/Store Request Schedule 1/Page_Store/button_Add' is clicked on

2018-05-16 19:02:35 - [TEST_STEP][PASSED] - selectOptionByIndex: All options with index in [5] are selected on object 'Object Repository/Store Request Schedule 1/Page_Store/select_--Select--Schedule 1Inj'

2018-05-16 19:02:36 - [MESSAGE][PASSED] - All options with index in [5] are selected on object 'Object Repository/Store Request Schedule 1/Page_Store/select_--Select--Schedule 1Inj'

2018-05-16 19:02:36 - [TEST_STEP][PASSED] - delay: Delayed 1 second(s)

2018-05-16 19:02:37 - [MESSAGE][PASSED] - Delayed 1 second(s)

2018-05-16 19:02:37 - [TEST_STEP][PASSED] - selectOptionByIndex: All options with index in [8] are selected on object 'Object Repository/Store Request Schedule 1/Page_Store/select_--Select--Adernaline 0.'

2018-05-16 19:02:37 - [MESSAGE][PASSED] - All options with index in [8] are selected on object 'Object Repository/Store Request Schedule 1/Page_Store/select_--Select--Adernaline 0.'

2018-05-16 19:02:37 - [TEST_STEP][PASSED] - setText: Text '100' is set on object 'Object Repository/Store Request Schedule 1/Page_Store/input_txttreat'

2018-05-16 19:02:37 - [MESSAGE][PASSED] - Text '100' is set on object 'Object Repository/Store Request Schedule 1/Page_Store/input_txttreat'

2018-05-16 19:02:37 - [TEST_STEP][PASSED] - click: Object: 'Object Repository/Store Request Schedule 1/Page_Store/button_Add' is clicked on

2018-05-16 19:02:37 - [MESSAGE][PASSED] - Object: 'Object Repository/Store Request Schedule 1/Page_Store/button_Add' is clicked on

2018-05-16 19:02:37 - [TEST_STEP][PASSED] - selectOptionByIndex: All options with index in [5] are selected on object 'Object Repository/Store Request Schedule 1/Page_Store/select_--Select--Schedule 1Inj'

2018-05-16 19:02:37 - [MESSAGE][PASSED] - All options with index in [5] are selected on object 'Object Repository/Store Request Schedule 1/Page_Store/select_--Select--Schedule 1Inj'

2018-05-16 19:02:37 - [TEST_STEP][PASSED] - delay: Delayed 1 second(s)

2018-05-16 19:02:38 - [MESSAGE][PASSED] - Delayed 1 second(s)

2018-05-16 19:02:38 - [TEST_STEP][PASSED] - selectOptionByIndex: All options with index in [9] are selected on object 'Object Repository/Store Request Schedule 1/Page_Store/select_--Select--Adernaline 0.'

2018-05-16 19:02:38 - [MESSAGE][PASSED] - All options with index in [9] are selected on object 'Object Repository/Store Request Schedule 1/Page_Store/select_--Select--Adernaline 0.'

2018-05-16 19:02:38 - [TEST_STEP][PASSED] - setText: Text '100' is set on object 'Object Repository/Store Request Schedule 1/Page_Store/input_txttreat'

2018-05-16 19:02:38 - [MESSAGE][PASSED] - Text '100' is set on object 'Object Repository/Store Request Schedule 1/Page_Store/input_txttreat'

2018-05-16 19:02:38 - [TEST_STEP][PASSED] - click: Object: 'Object Repository/Store Request Schedule 1/Page_Store/button_Add' is clicked on

2018-05-16 19:02:38 - [MESSAGE][PASSED] - Object: 'Object Repository/Store Request Schedule 1/Page_Store/button_Add' is clicked on

2018-05-16 19:02:38 - [TEST_STEP][PASSED] - selectOptionByIndex: All options with index in [5] are selected on object 'Object Repository/Store Request Schedule 1/Page_Store/select_--Select--Schedule 1Inj'

2018-05-16 19:02:39 - [MESSAGE][PASSED] - All options with index in [5] are selected on object 'Object Repository/Store Request Schedule 1/Page_Store/select_--Select--Schedule 1Inj'

2018-05-16 19:02:39 - [TEST_STEP][PASSED] - delay: Delayed 1 second(s)

2018-05-16 19:02:40 - [MESSAGE][PASSED] - Delayed 1 second(s)

2018-05-16 19:02:40 - [TEST_STEP][PASSED] - selectOptionByIndex: All options with index in [10] are selected on object 'Object Repository/Store Request Schedule 1/Page_Store/select_--Select--Adernaline 0.'

2018-05-16 19:02:40 - [MESSAGE][PASSED] - All options with index in [10] are selected on object 'Object Repository/Store Request Schedule 1/Page_Store/select_--Select--Adernaline 0.'

2018-05-16 19:02:40 - [TEST_STEP][PASSED] - setText: Text '100' is set on object 'Object Repository/Store Request Schedule 1/Page_Store/input_txttreat'

2018-05-16 19:02:40 - [MESSAGE][PASSED] - Text '100' is set on object 'Object Repository/Store Request Schedule 1/Page_Store/input_txttreat'

2018-05-16 19:02:40 - [TEST_STEP][PASSED] - click: Object: 'Object Repository/Store Request Schedule 1/Page_Store/button_Add' is clicked on

2018-05-16 19:02:40 - [MESSAGE][PASSED] - Object: 'Object Repository/Store Request Schedule 1/Page_Store/button_Add' is clicked on

2018-05-16 19:02:40 - [TEST_STEP][PASSED] - selectOptionByIndex: All options with index in [5] are selected on object 'Object Repository/Store Request Schedule 1/Page_Store/select_--Select--Schedule 1Inj'

2018-05-16 19:02:40 - [MESSAGE][PASSED] - All options with index in [5] are selected on object 'Object Repository/Store Request Schedule 1/Page_Store/select_--Select--Schedule 1Inj'

2018-05-16 19:02:40 - [TEST_STEP][PASSED] - delay: Delayed 1 second(s)

2018-05-16 19:02:41 - [MESSAGE][PASSED] - Delayed 1 second(s)

2018-05-16 19:02:41 - [TEST_STEP][PASSED] - selectOptionByIndex: All options with index in [11] are selected on object 'Object Repository/Store Request Schedule 1/Page_Store/select_--Select--Adernaline 0.'

2018-05-16 19:02:41 - [MESSAGE][PASSED] - All options with index in [11] are selected on object 'Object Repository/Store Request Schedule 1/Page_Store/select_--Select--Adernaline 0.'

2018-05-16 19:02:41 - [TEST_STEP][PASSED] - setText: Text '100' is set on object 'Object Repository/Store Request Schedule 1/Page_Store/input_txttreat'

2018-05-16 19:02:41 - [MESSAGE][PASSED] - Text '100' is set on object 'Object Repository/Store Request Schedule 1/Page_Store/input_txttreat'

2018-05-16 19:02:41 - [TEST_STEP][PASSED] - click: Object: 'Object Repository/Store Request Schedule 1/Page_Store/button_Add' is clicked on

2018-05-16 19:02:41 - [MESSAGE][PASSED] - Object: 'Object Repository/Store Request Schedule 1/Page_Store/button_Add' is clicked on

2018-05-16 19:02:41 - [TEST_STEP][PASSED] - selectOptionByIndex: All options with index in [5] are selected on object 'Object Repository/Store Request Schedule 1/Page_Store/select_--Select--Schedule 1Inj'

2018-05-16 19:02:42 - [MESSAGE][PASSED] - All options with index in [5] are selected on object 'Object Repository/Store Request Schedule 1/Page_Store/select_--Select--Schedule 1Inj'

2018-05-16 19:02:42 - [TEST_STEP][PASSED] - delay: Delayed 1 second(s)

2018-05-16 19:02:43 - [MESSAGE][PASSED] - Delayed 1 second(s)

2018-05-16 19:02:43 - [TEST_STEP][PASSED] - selectOptionByIndex: All options with index in [12] are selected on object 'Object Repository/Store Request Schedule 1/Page_Store/select_--Select--Adernaline 0.'

2018-05-16 19:02:43 - [MESSAGE][PASSED] - All options with index in [12] are selected on object 'Object Repository/Store Request Schedule 1/Page_Store/select_--Select--Adernaline 0.'

2018-05-16 19:02:43 - [TEST_STEP][PASSED] - setText: Text '100' is set on object 'Object Repository/Store Request Schedule 1/Page_Store/input_txttreat'

2018-05-16 19:02:43 - [MESSAGE][PASSED] - Text '100' is set on object 'Object Repository/Store Request Schedule 1/Page_Store/input_txttreat'

2018-05-16 19:02:43 - [TEST_STEP][PASSED] - click: Object: 'Object Repository/Store Request Schedule 1/Page_Store/button_Add' is clicked on

2018-05-16 19:02:43 - [MESSAGE][PASSED] - Object: 'Object Repository/Store Request Schedule 1/Page_Store/button_Add' is clicked on

2018-05-16 19:02:43 - [TEST_STEP][PASSED] - selectOptionByIndex: All options with index in [5] are selected on object 'Object Repository/Store Request Schedule 1/Page_Store/select_--Select--Schedule 1Inj'

2018-05-16 19:02:43 - [MESSAGE][PASSED] - All options with index in [5] are selected on object 'Object Repository/Store Request Schedule 1/Page_Store/select_--Select--Schedule 1Inj'

2018-05-16 19:02:43 - [TEST_STEP][PASSED] - delay: Delayed 1 second(s)

2018-05-16 19:02:44 - [MESSAGE][PASSED] - Delayed 1 second(s)

2018-05-16 19:02:44 - [TEST_STEP][PASSED] - selectOptionByIndex: All options with index in [13] are selected on object 'Object Repository/Store Request Schedule 1/Page_Store/select_--Select--Adernaline 0.'

2018-05-16 19:02:44 - [MESSAGE][PASSED] - All options with index in [13] are selected on object 'Object Repository/Store Request Schedule 1/Page_Store/select_--Select--Adernaline 0.'

2018-05-16 19:02:44 - [TEST_STEP][PASSED] - setText: Text '100' is set on object 'Object Repository/Store Request Schedule 1/Page_Store/input_txttreat'

2018-05-16 19:02:45 - [MESSAGE][PASSED] - Text '100' is set on object 'Object Repository/Store Request Schedule 1/Page_Store/input_txttreat'

2018-05-16 19:02:45 - [TEST_STEP][PASSED] - click: Object: 'Object Repository/Store Request Schedule 1/Page_Store/button_Add' is clicked on

2018-05-16 19:02:45 - [MESSAGE][PASSED] - Object: 'Object Repository/Store Request Schedule 1/Page_Store/button_Add' is clicked on

2018-05-16 19:02:45 - [TEST_STEP][PASSED] - selectOptionByIndex: All options with index in [5] are selected on object 'Object Repository/Store Request Schedule 1/Page_Store/select_--Select--Schedule 1Inj'

2018-05-16 19:02:45 - [MESSAGE][PASSED] - All options with index in [5] are selected on object 'Object Repository/Store Request Schedule 1/Page_Store/select_--Select--Schedule 1Inj'

2018-05-16 19:02:45 - [TEST_STEP][PASSED] - delay: Delayed 1 second(s)

2018-05-16 19:02:46 - [MESSAGE][PASSED] - Delayed 1 second(s)

2018-05-16 19:02:46 - [TEST_STEP][PASSED] - selectOptionByIndex: All options with index in [14] are selected on object 'Object Repository/Store Request Schedule 1/Page_Store/select_--Select--Adernaline 0.'

2018-05-16 19:02:46 - [MESSAGE][PASSED] - All options with index in [14] are selected on object 'Object Repository/Store Request Schedule 1/Page_Store/select_--Select--Adernaline 0.'

2018-05-16 19:02:46 - [TEST_STEP][PASSED] - setText: Text '100' is set on object 'Object Repository/Store Request Schedule 1/Page_Store/input_txttreat'

2018-05-16 19:02:46 - [MESSAGE][PASSED] - Text '100' is set on object 'Object Repository/Store Request Schedule 1/Page_Store/input_txttreat'

2018-05-16 19:02:46 - [TEST_STEP][PASSED] - click: Object: 'Object Repository/Store Request Schedule 1/Page_Store/button_Add' is clicked on

2018-05-16 19:02:46 - [MESSAGE][PASSED] - Object: 'Object Repository/Store Request Schedule 1/Page_Store/button_Add' is clicked on

2018-05-16 19:02:46 - [TEST_STEP][PASSED] - selectOptionByIndex: All options with index in [5] are selected on object 'Object Repository/Store Request Schedule 1/Page_Store/select_--Select--Schedule 1Inj'

2018-05-16 19:02:46 - [MESSAGE][PASSED] - All options with index in [5] are selected on object 'Object Repository/Store Request Schedule 1/Page_Store/select_--Select--Schedule 1Inj'

2018-05-16 19:02:46 - [TEST_STEP][PASSED] - delay: Delayed 1 second(s)

2018-05-16 19:02:47 - [MESSAGE][PASSED] - Delayed 1 second(s)

2018-05-16 19:02:47 - [TEST_STEP][PASSED] - selectOptionByIndex: All options with index in [15] are selected on object 'Object Repository/Store Request Schedule 1/Page_Store/select_--Select--Adernaline 0.'

2018-05-16 19:02:48 - [MESSAGE][PASSED] - All options with index in [15] are selected on object 'Object Repository/Store Request Schedule 1/Page_Store/select_--Select--Adernaline 0.'

2018-05-16 19:02:48 - [TEST_STEP][PASSED] - setText: Text '100' is set on object 'Object Repository/Store Request Schedule 1/Page_Store/input_txttreat'

2018-05-16 19:02:48 - [MESSAGE][PASSED] - Text '100' is set on object 'Object Repository/Store Request Schedule 1/Page_Store/input_txttreat'

2018-05-16 19:02:48 - [TEST_STEP][PASSED] - click: Object: 'Object Repository/Store Request Schedule 1/Page_Store/button_Add' is clicked on

2018-05-16 19:02:48 - [MESSAGE][PASSED] - Object: 'Object Repository/Store Request Schedule 1/Page_Store/button_Add' is clicked on

2018-05-16 19:02:48 - [TEST_STEP][PASSED] - selectOptionByIndex: All options with index in [5] are selected on object 'Object Repository/Store Request Schedule 1/Page_Store/select_--Select--Schedule 1Inj'

2018-05-16 19:02:48 - [MESSAGE][PASSED] - All options with index in [5] are selected on object 'Object Repository/Store Request Schedule 1/Page_Store/select_--Select--Schedule 1Inj'

2018-05-16 19:02:48 - [TEST_STEP][PASSED] - delay: Delayed 1 second(s)

2018-05-16 19:02:49 - [MESSAGE][PASSED] - Delayed 1 second(s)

2018-05-16 19:02:49 - [TEST_STEP][PASSED] - selectOptionByIndex: All options with index in [16] are selected on object 'Object Repository/Store Request Schedule 1/Page_Store/select_--Select--Adernaline 0.'

2018-05-16 19:02:49 - [MESSAGE][PASSED] - All options with index in [16] are selected on object 'Object Repository/Store Request Schedule 1/Page_Store/select_--Select--Adernaline 0.'

2018-05-16 19:02:49 - [TEST_STEP][PASSED] - setText: Text '100' is set on object 'Object Repository/Store Request Schedule 1/Page_Store/input_txttreat'

2018-05-16 19:02:49 - [MESSAGE][PASSED] - Text '100' is set on object 'Object Repository/Store Request Schedule 1/Page_Store/input_txttreat'

2018-05-16 19:02:49 - [TEST_STEP][PASSED] - click: Object: 'Object Repository/Store Request Schedule 1/Page_Store/button_Add' is clicked on

2018-05-16 19:02:49 - [MESSAGE][PASSED] - Object: 'Object Repository/Store Request Schedule 1/Page_Store/button_Add' is clicked on

2018-05-16 19:02:49 - [TEST_STEP][PASSED] - delay: Delayed 2 second(s)

2018-05-16 19:02:51 - [MESSAGE][PASSED] - Delayed 2 second(s)

2018-05-16 19:02:51 - [TEST_STEP][PASSED] - scrollToElement: Scroll to object 'Object Repository/Store Request Schedule 1/Page_Store/input_btnsave' successfully

2018-05-16 19:02:51 - [MESSAGE][PASSED] - Scroll to object 'Object Repository/Store Request Schedule 1/Page_Store/input_btnsave' successfully

2018-05-16 19:02:51 - [TEST_STEP][PASSED] - click: Object: 'Object Repository/Store Request Schedule 1/Page_Store/input_btnsave' is clicked on

2018-05-16 19:02:51 - [MESSAGE][PASSED] - Object: 'Object Repository/Store Request Schedule 1/Page_Store/input_btnsave' is clicked on

2018-05-16 19:02:51 - [TEST_STEP][PASSED] - delay: Delayed 4 second(s)

2018-05-16 19:02:55 - [MESSAGE][PASSED] - Delayed 4 second(s)

2018-05-16 19:02:55 - [TEST_STEP][PASSED] - Statement - Cms_RequestNumber = com.kms.katalon.core.webui.keyword.WebUiBuiltInKeywords.getText(com.kms.katalon.core.testobject.ObjectRepository.findTestObject(Store Request Schedule 1/Page_Store/font_PRNO050520189)): Text of object 'Object Repository/Store Request Schedule 1/Page_Store/font_PRNO050520189' is: 'PRNO/16052018/166'

2018-05-16 19:02:56 - [MESSAGE][PASSED] - Text of object 'Object Repository/Store Request Schedule 1/Page_Store/font_PRNO050520189' is: 'PRNO/16052018/166'

2018-05-16 19:02:56 - [TEST_STEP][PASSED] - Statement - CR = Cms_RequestNumber.trim(): null

2018-05-16 19:02:56 - [TEST_STEP][PASSED] - Statement - out.println("RQ :" + Cms_RequestNumber): null

2018-05-16 19:02:56 - [TEST_STEP][PASSED] - Statement - RequestNumberID = Cms_RequestNumber.split("/")[2].trim(): null

2018-05-16 19:02:56 - [TEST_STEP][PASSED] - Statement - out.println("RQ ID :" + RequestNumberID): null

2018-05-16 19:02:56 - [TEST_STEP][PASSED] - delay: Delayed 3 second(s)

2018-05-16 19:02:59 - [MESSAGE][PASSED] - Delayed 3 second(s)

2018-05-16 19:02:59 - [TEST_STEP][PASSED] - Statement - ok = com.kms.katalon.core.webui.keyword.WebUiBuiltInKeywords.click(com.kms.katalon.core.testobject.ObjectRepository.findTestObject(Store Request Schedule 1/Page_Store/button_OK)): Object: 'Object Repository/Store Request Schedule 1/Page_Store/button_OK' is clicked on

2018-05-16 19:02:59 - [MESSAGE][PASSED] - Object: 'Object Repository/Store Request Schedule 1/Page_Store/button_OK' is clicked on

2018-05-16 19:02:59 - [TEST_STEP][PASSED] - delay: Delayed 3 second(s)

2018-05-16 19:03:02 - [MESSAGE][PASSED] - Delayed 3 second(s)

2018-05-16 19:03:02 - [TEST_STEP][PASSED] - click: Object: 'Object Repository/Store Request Schedule 1/Page_Store/a_dropdown-toggle' is clicked on

2018-05-16 19:03:02 - [MESSAGE][PASSED] - Object: 'Object Repository/Store Request Schedule 1/Page_Store/a_dropdown-toggle' is clicked on

2018-05-16 19:03:02 - [TEST_STEP][PASSED] - click: Object: 'Object Repository/Store Request Schedule 1/Page_Store/a_Sign out' is clicked on

2018-05-16 19:03:03 - [MESSAGE][PASSED] - Object: 'Object Repository/Store Request Schedule 1/Page_Store/a_Sign out' is clicked on

2018-05-16 19:03:03 - [TEST_STEP][PASSED] - delay: Delayed 3 second(s)

2018-05-16 19:03:06 - [MESSAGE][PASSED] - Delayed 3 second(s)

2018-05-16 19:03:06 - [TEST_STEP][PASSED] - click: Object: 'Object Repository/Store Request Schedule 1/Page_KDMC/a_CMO' is clicked on

2018-05-16 19:03:06 - [MESSAGE][PASSED] - Object: 'Object Repository/Store Request Schedule 1/Page_KDMC/a_CMO' is clicked on

2018-05-16 19:03:07 - [TEST_STEP][PASSED] - setText: Text 'guru' is set on object 'Object Repository/Store Request Schedule 1/Page_CMO login/input_txtusername'

2018-05-16 19:03:07 - [MESSAGE][PASSED] - Text 'guru' is set on object 'Object Repository/Store Request Schedule 1/Page_CMO login/input_txtusername'

2018-05-16 19:03:07 - [TEST_STEP][PASSED] - setText: Text '123' is set on object 'Object Repository/Store Request Schedule 1/Page_CMO login/input_txtpassword'

2018-05-16 19:03:07 - [MESSAGE][PASSED] - Text '123' is set on object 'Object Repository/Store Request Schedule 1/Page_CMO login/input_txtpassword'

2018-05-16 19:03:07 - [TEST_STEP][PASSED] - delay: Delayed 3 second(s)

2018-05-16 19:03:10 - [MESSAGE][PASSED] - Delayed 3 second(s)

2018-05-16 19:03:10 - [TEST_STEP][PASSED] - click: Object: 'Object Repository/Store Request Schedule 1/Page_CMO login/button_Sign in' is clicked on

2018-05-16 19:03:11 - [MESSAGE][PASSED] - Object: 'Object Repository/Store Request Schedule 1/Page_CMO login/button_Sign in' is clicked on

2018-05-16 19:03:11 - [TEST_STEP][PASSED] - delay: Delayed 2 second(s)

2018-05-16 19:03:13 - [MESSAGE][PASSED] - Delayed 2 second(s)

2018-05-16 19:03:13 - [TEST_STEP][PASSED] - click: Object: 'Object Repository/Store Request Schedule 1/Page_KDMC - CMO/span_Department Wise Request' is clicked on

2018-05-16 19:03:13 - [MESSAGE][PASSED] - Object: 'Object Repository/Store Request Schedule 1/Page_KDMC - CMO/span_Department Wise Request' is clicked on

2018-05-16 19:03:13 - [TEST_STEP][PASSED] - click: Object: 'Object Repository/Store Request Schedule 1/Page_KDMC - CMO/a_CMS Request' is clicked on

2018-05-16 19:03:13 - [MESSAGE][PASSED] - Object: 'Object Repository/Store Request Schedule 1/Page_KDMC - CMO/a_CMS Request' is clicked on

2018-05-16 19:03:13 - [TEST_STEP][PASSED] - click: Object: 'Object Repository/Store Request Schedule 1/Page_KDMC - CMO/a_CMS Request' is clicked on

2018-05-16 19:03:13 - [MESSAGE][PASSED] - Object: 'Object Repository/Store Request Schedule 1/Page_KDMC - CMO/a_CMS Request' is clicked on

2018-05-16 19:03:13 - [TEST_STEP][PASSED] - click: Object: 'Object Repository/Store Request Schedule 1/Page_KDMC - CMO/span_Divisional Store Request' is clicked on

2018-05-16 19:03:15 - [MESSAGE][PASSED] - Object: 'Object Repository/Store Request Schedule 1/Page_KDMC - CMO/span_Divisional Store Request' is clicked on

2018-05-16 19:03:15 - [TEST_STEP][PASSED] - delay: Delayed 2 second(s)

2018-05-16 19:03:17 - [MESSAGE][PASSED] - Delayed 2 second(s)

2018-05-16 19:03:17 - [TEST_STEP][PASSED] - Statement - approval = com.kms.katalon.core.webui.keyword.WebUiBuiltInKeywords.modifyObjectProperty(com.kms.katalon.core.testobject.ObjectRepository.findTestObject(Store Request Schedule 1/Page_KDMC - CMO/input_PRNO050520189), "xpath", "equals", "//*[@id=" + RequestNumberID + "]", true): Modify property of object successfully

2018-05-16 19:03:17 - [MESSAGE][PASSED] - Modify property of object successfully

2018-05-16 19:03:17 - [TEST_STEP][PASSED] - click: Object: 'Object Repository/Store Request Schedule 1/Page_KDMC - CMO/input_PRNO050520189' is clicked on

2018-05-16 19:03:17 - [MESSAGE][PASSED] - Object: 'Object Repository/Store Request Schedule 1/Page_KDMC - CMO/input_PRNO050520189' is clicked on

2018-05-16 19:03:17 - [TEST_STEP][PASSED] - delay: Delayed 2 second(s)

2018-05-16 19:03:19 - [MESSAGE][PASSED] - Delayed 2 second(s)

2018-05-16 19:03:19 - [TEST_STEP][PASSED] - selectOptionByIndex: All options with index in [1] are selected on object 'Object Repository/Store Request Schedule 1/Page_KDMC - CMO/select_--Select--'

2018-05-16 19:03:19 - [MESSAGE][PASSED] - All options with index in [1] are selected on object 'Object Repository/Store Request Schedule 1/Page_KDMC - CMO/select_--Select--'

2018-05-16 19:03:19 - [TEST_STEP][PASSED] - click: Object: 'Object Repository/Store Request Schedule 1/Page_KDMC - CMO/input_btnupdate' is clicked on

2018-05-16 19:03:19 - [MESSAGE][PASSED] - Object: 'Object Repository/Store Request Schedule 1/Page_KDMC - CMO/input_btnupdate' is clicked on

2018-05-16 19:03:19 - [TEST_STEP][PASSED] - delay: Delayed 2 second(s)

2018-05-16 19:03:21 - [MESSAGE][PASSED] - Delayed 2 second(s)

2018-05-16 19:03:21 - [TEST_STEP][PASSED] - click: Object: 'Object Repository/Store Request Schedule 1/Page_KDMC - CMO/button_OK' is clicked on

2018-05-16 19:03:21 - [MESSAGE][PASSED] - Object: 'Object Repository/Store Request Schedule 1/Page_KDMC - CMO/button_OK' is clicked on

2018-05-16 19:03:21 - [TEST_STEP][PASSED] - delay: Delayed 2 second(s)

2018-05-16 19:03:23 - [MESSAGE][PASSED] - Delayed 2 second(s)

2018-05-16 19:03:23 - [TEST_STEP][PASSED] - click: Object: 'Object Repository/Store Request Schedule 1/Page_KDMC - CMO/a_dropdown-toggle' is clicked on

2018-05-16 19:03:23 - [MESSAGE][PASSED] - Object: 'Object Repository/Store Request Schedule 1/Page_KDMC - CMO/a_dropdown-toggle' is clicked on

2018-05-16 19:03:23 - [TEST_STEP][PASSED] - click: Object: 'Object Repository/Store Request Schedule 1/Page_KDMC - CMO/a_Sign out' is clicked on

2018-05-16 19:03:24 - [MESSAGE][PASSED] - Object: 'Object Repository/Store Request Schedule 1/Page_KDMC - CMO/a_Sign out' is clicked on

2018-05-16 19:03:24 - [TEST_STEP][PASSED] - delay: Delayed 3 second(s)

2018-05-16 19:03:27 - [MESSAGE][PASSED] - Delayed 3 second(s)

2018-05-16 19:03:27 - [TEST_STEP][PASSED] - click: Object: 'Object Repository/store Request Schedule 1/Page_KDMC/a_CMS' is clicked on

2018-05-16 19:03:27 - [MESSAGE][PASSED] - Object: 'Object Repository/store Request Schedule 1/Page_KDMC/a_CMS' is clicked on

2018-05-16 19:03:27 - [TEST_STEP][PASSED] - setText: Text 'bala' is set on object 'Object Repository/store Request Schedule 1/Page_CMS login/input_txtusername'

2018-05-16 19:03:27 - [MESSAGE][PASSED] - Text 'bala' is set on object 'Object Repository/store Request Schedule 1/Page_CMS login/input_txtusername'

2018-05-16 19:03:27 - [TEST_STEP][PASSED] - setText: Text '123' is set on object 'Object Repository/store Request Schedule 1/Page_CMS login/input_txtpassword'

2018-05-16 19:03:27 - [MESSAGE][PASSED] - Text '123' is set on object 'Object Repository/store Request Schedule 1/Page_CMS login/input_txtpassword'

2018-05-16 19:03:27 - [TEST_STEP][PASSED] - delay: Delayed 3 second(s)

2018-05-16 19:03:30 - [MESSAGE][PASSED] - Delayed 3 second(s)

2018-05-16 19:03:30 - [TEST_STEP][PASSED] - click: Object: 'Object Repository/store Request Schedule 1/Page_CMS login/button_Sign in' is clicked on

2018-05-16 19:03:31 - [MESSAGE][PASSED] - Object: 'Object Repository/store Request Schedule 1/Page_CMS login/button_Sign in' is clicked on

2018-05-16 19:03:31 - [TEST_STEP][PASSED] - delay: Delayed 2 second(s)

2018-05-16 19:03:33 - [MESSAGE][PASSED] - Delayed 2 second(s)

2018-05-16 19:03:33 - [TEST_STEP][PASSED] - click: Object: 'Object Repository/store Request Schedule 1/Page_KDMC - CMS/a_Divisional Store' is clicked on

2018-05-16 19:03:33 - [MESSAGE][PASSED] - Object: 'Object Repository/store Request Schedule 1/Page_KDMC - CMS/a_Divisional Store' is clicked on

2018-05-16 19:03:33 - [TEST_STEP][PASSED] - delay: Delayed 2 second(s)

2018-05-16 19:03:35 - [MESSAGE][PASSED] - Delayed 2 second(s)

2018-05-16 19:03:35 - [TEST_STEP][PASSED] - click: Object: 'Object Repository/store Request Schedule 1/Page_KDMC - CMS/a_Dispatch Items' is clicked on

2018-05-16 19:03:35 - [MESSAGE][PASSED] - Object: 'Object Repository/store Request Schedule 1/Page_KDMC - CMS/a_Dispatch Items' is clicked on

2018-05-16 19:03:35 - [TEST_STEP][PASSED] - setText: Text 'PRNO/16052018/166' is set on object 'Object Repository/store Request Schedule 1/Page_KDMC - CMS/input'

2018-05-16 19:03:36 - [MESSAGE][PASSED] - Text 'PRNO/16052018/166' is set on object 'Object Repository/store Request Schedule 1/Page_KDMC - CMS/input'

2018-05-16 19:03:36 - [TEST_STEP][PASSED] - click: Object: 'Object Repository/store Request Schedule 1/Page_KDMC - CMS/td_text-center' is clicked on

2018-05-16 19:03:36 - [MESSAGE][PASSED] - Object: 'Object Repository/store Request Schedule 1/Page_KDMC - CMS/td_text-center' is clicked on

2018-05-16 19:03:36 - [TEST_STEP][PASSED] - delay: Delayed 2 second(s)

2018-05-16 19:03:38 - [MESSAGE][PASSED] - Delayed 2 second(s)

2018-05-16 19:03:38 - [TEST_STEP][PASSED] - Statement - For ([row = 0, row < SelectedOptions - 1, (row++)]): null

2018-05-16 19:03:38 - [TEST_STEP][PASSED] - Statement - batchlength = new com.kms.katalon.core.testobject.TestObject(): null

2018-05-16 19:03:38 - [TEST_STEP][PASSED] - Statement - batchlength = com.kms.katalon.core.webui.keyword.WebUiBuiltInKeywords.modifyObjectProperty(batchlength, "xpath", "equals", "//*[@id = "fldvendor" + row + ""]", true): Modify property of object successfully

2018-05-16 19:03:38 - [MESSAGE][PASSED] - Modify property of object successfully

2018-05-16 19:03:38 - [TEST_STEP][PASSED] - Statement - batchsize = com.kms.katalon.core.webui.keyword.WebUiBuiltInKeywords.getNumberOfTotalOption(batchlength): 9 options of object '' counted

2018-05-16 19:03:38 - [MESSAGE][PASSED] - 9 options of object '' counted

2018-05-16 19:03:38 - [TEST_STEP][PASSED] - Statement - out.println("BatchSize : " + batchsize): null

2018-05-16 19:03:38 - [TEST_STEP][PASSED] - Statement - For ([n = 1, n <= batchsize - 1, (n++)]): null

2018-05-16 19:03:38 - [TEST_STEP][PASSED] - Statement - product = new com.kms.katalon.core.testobject.TestObject(): null

2018-05-16 19:03:38 - [TEST_STEP][PASSED] - Statement - product = com.kms.katalon.core.webui.keyword.WebUiBuiltInKeywords.modifyObjectProperty(product, "xpath", "equals", "//*[@id = "fldvendor" + row + ""]", true): Modify property of object successfully

2018-05-16 19:03:38 - [MESSAGE][PASSED] - Modify property of object successfully

2018-05-16 19:03:38 - [TEST_STEP][PASSED] - selectOptionByIndex: All options with index in [1] are selected on object ''

2018-05-16 19:03:38 - [MESSAGE][PASSED] - All options with index in [1] are selected on object ''

2018-05-16 19:03:38 - [TEST_STEP][PASSED] - Statement - batch = new com.kms.katalon.core.testobject.TestObject(): null

2018-05-16 19:03:38 - [TEST_STEP][PASSED] - Statement - batch = com.kms.katalon.core.webui.keyword.WebUiBuiltInKeywords.modifyObjectProperty(batch, "xpath", "equals", "//*[@id = "txtbthqty" + row + ""]", true): Modify property of object successfully

2018-05-16 19:03:38 - [MESSAGE][PASSED] - Modify property of object successfully

2018-05-16 19:03:38 - [TEST_STEP][PASSED] - Statement - batchqty = com.kms.katalon.core.webui.keyword.WebUiBuiltInKeywords.getAttribute(batch, "value").trim(): Attribute 'value' of object '' is: '5000'

2018-05-16 19:03:38 - [MESSAGE][PASSED] - Attribute 'value' of object '' is: '5000'

2018-05-16 19:03:38 - [TEST_STEP][PASSED] - Statement - Rqty = 10000: null

2018-05-16 19:03:38 - [TEST_STEP][PASSED] - delay: Delayed 2 second(s)

2018-05-16 19:03:40 - [MESSAGE][PASSED] - Delayed 2 second(s)

2018-05-16 19:03:40 - [TEST_STEP][PASSED] - Statement - out.println("BatchQty : " + batchqty): null

2018-05-16 19:03:40 - [TEST_STEP][PASSED] - Statement - out.println("RQty : " + Rqty): null

2018-05-16 19:03:40 - [TEST_STEP][PASSED] - Statement - If (java.lang.Integer.valueOf(batchqty) >= java.lang.Integer.valueOf(Rqty)): null

2018-05-16 19:03:40 - [TEST_STEP][PASSED] - Statement - Else: null

2018-05-16 19:03:40 - [TEST_STEP][PASSED] - Statement - out.println("Batchqty Is Less Than Rqty"): null

2018-05-16 19:03:40 - [TEST_STEP][PASSED] - Statement - product = new com.kms.katalon.core.testobject.TestObject(): null

2018-05-16 19:03:40 - [TEST_STEP][PASSED] - Statement - product = com.kms.katalon.core.webui.keyword.WebUiBuiltInKeywords.modifyObjectProperty(product, "xpath", "equals", "//*[@id = "fldvendor" + row + ""]", true): Modify property of object successfully

2018-05-16 19:03:40 - [MESSAGE][PASSED] - Modify property of object successfully

2018-05-16 19:03:40 - [TEST_STEP][PASSED] - selectOptionByIndex: All options with index in [2] are selected on object ''

2018-05-16 19:03:40 - [MESSAGE][PASSED] - All options with index in [2] are selected on object ''

2018-05-16 19:03:40 - [TEST_STEP][PASSED] - Statement - batch = new com.kms.katalon.core.testobject.TestObject(): null

2018-05-16 19:03:40 - [TEST_STEP][PASSED] - Statement - batch = com.kms.katalon.core.webui.keyword.WebUiBuiltInKeywords.modifyObjectProperty(batch, "xpath", "equals", "//*[@id = "txtbthqty" + row + ""]", true): Modify property of object successfully

2018-05-16 19:03:40 - [MESSAGE][PASSED] - Modify property of object successfully

2018-05-16 19:03:40 - [TEST_STEP][PASSED] - Statement - batchqty = com.kms.katalon.core.webui.keyword.WebUiBuiltInKeywords.getAttribute(batch, "value").trim(): Attribute 'value' of object '' is: '2800'

2018-05-16 19:03:40 - [MESSAGE][PASSED] - Attribute 'value' of object '' is: '2800'

2018-05-16 19:03:40 - [TEST_STEP][PASSED] - Statement - Rqty = 10000: null

2018-05-16 19:03:40 - [TEST_STEP][PASSED] - delay: Delayed 2 second(s)

2018-05-16 19:03:42 - [MESSAGE][PASSED] - Delayed 2 second(s)

2018-05-16 19:03:42 - [TEST_STEP][PASSED] - Statement - out.println("BatchQty : " + batchqty): null

2018-05-16 19:03:42 - [TEST_STEP][PASSED] - Statement - out.println("RQty : " + Rqty): null

2018-05-16 19:03:42 - [TEST_STEP][PASSED] - Statement - If (java.lang.Integer.valueOf(batchqty) >= java.lang.Integer.valueOf(Rqty)): null

2018-05-16 19:03:42 - [TEST_STEP][PASSED] - Statement - Else: null

2018-05-16 19:03:42 - [TEST_STEP][PASSED] - Statement - out.println("Batchqty Is Less Than Rqty"): null

2018-05-16 19:03:42 - [TEST_STEP][PASSED] - Statement - product = new com.kms.katalon.core.testobject.TestObject(): null

2018-05-16 19:03:42 - [TEST_STEP][PASSED] - Statement - product = com.kms.katalon.core.webui.keyword.WebUiBuiltInKeywords.modifyObjectProperty(product, "xpath", "equals", "//*[@id = "fldvendor" + row + ""]", true): Modify property of object successfully

2018-05-16 19:03:42 - [MESSAGE][PASSED] - Modify property of object successfully

2018-05-16 19:03:42 - [TEST_STEP][PASSED] - selectOptionByIndex: All options with index in [3] are selected on object ''

2018-05-16 19:03:42 - [MESSAGE][PASSED] - All options with index in [3] are selected on object ''

2018-05-16 19:03:42 - [TEST_STEP][PASSED] - Statement - batch = new com.kms.katalon.core.testobject.TestObject(): null

2018-05-16 19:03:42 - [TEST_STEP][PASSED] - Statement - batch = com.kms.katalon.core.webui.keyword.WebUiBuiltInKeywords.modifyObjectProperty(batch, "xpath", "equals", "//*[@id = "txtbthqty" + row + ""]", true): Modify property of object successfully

2018-05-16 19:03:42 - [MESSAGE][PASSED] - Modify property of object successfully

2018-05-16 19:03:42 - [TEST_STEP][PASSED] - Statement - batchqty = com.kms.katalon.core.webui.keyword.WebUiBuiltInKeywords.getAttribute(batch, "value").trim(): Attribute 'value' of object '' is: '5000'

2018-05-16 19:03:42 - [MESSAGE][PASSED] - Attribute 'value' of object '' is: '5000'

2018-05-16 19:03:42 - [TEST_STEP][PASSED] - Statement - Rqty = 10000: null

2018-05-16 19:03:42 - [TEST_STEP][PASSED] - delay: Delayed 2 second(s)

2018-05-16 19:03:44 - [MESSAGE][PASSED] - Delayed 2 second(s)

2018-05-16 19:03:44 - [TEST_STEP][PASSED] - Statement - out.println("BatchQty : " + batchqty): null

2018-05-16 19:03:44 - [TEST_STEP][PASSED] - Statement - out.println("RQty : " + Rqty): null

2018-05-16 19:03:44 - [TEST_STEP][PASSED] - Statement - If (java.lang.Integer.valueOf(batchqty) >= java.lang.Integer.valueOf(Rqty)): null

2018-05-16 19:03:44 - [TEST_STEP][PASSED] - Statement - Else: null

2018-05-16 19:03:44 - [TEST_STEP][PASSED] - Statement - out.println("Batchqty Is Less Than Rqty"): null

2018-05-16 19:03:44 - [TEST_STEP][PASSED] - Statement - product = new com.kms.katalon.core.testobject.TestObject(): null

2018-05-16 19:03:44 - [TEST_STEP][PASSED] - Statement - product = com.kms.katalon.core.webui.keyword.WebUiBuiltInKeywords.modifyObjectProperty(product, "xpath", "equals", "//*[@id = "fldvendor" + row + ""]", true): Modify property of object successfully

2018-05-16 19:03:44 - [MESSAGE][PASSED] - Modify property of object successfully

2018-05-16 19:03:44 - [TEST_STEP][PASSED] - selectOptionByIndex: All options with index in [4] are selected on object ''

2018-05-16 19:03:45 - [MESSAGE][PASSED] - All options with index in [4] are selected on object ''

2018-05-16 19:03:45 - [TEST_STEP][PASSED] - Statement - batch = new com.kms.katalon.core.testobject.TestObject(): null

2018-05-16 19:03:45 - [TEST_STEP][PASSED] - Statement - batch = com.kms.katalon.core.webui.keyword.WebUiBuiltInKeywords.modifyObjectProperty(batch, "xpath", "equals", "//*[@id = "txtbthqty" + row + ""]", true): Modify property of object successfully

2018-05-16 19:03:45 - [MESSAGE][PASSED] - Modify property of object successfully

2018-05-16 19:03:45 - [TEST_STEP][PASSED] - Statement - batchqty = com.kms.katalon.core.webui.keyword.WebUiBuiltInKeywords.getAttribute(batch, "value").trim(): Attribute 'value' of object '' is: '5000'

2018-05-16 19:03:45 - [MESSAGE][PASSED] - Attribute 'value' of object '' is: '5000'

2018-05-16 19:03:45 - [TEST_STEP][PASSED] - Statement - Rqty = 10000: null

2018-05-16 19:03:45 - [TEST_STEP][PASSED] - delay: Delayed 2 second(s)

2018-05-16 19:03:47 - [MESSAGE][PASSED] - Delayed 2 second(s)

2018-05-16 19:03:47 - [TEST_STEP][PASSED] - Statement - out.println("BatchQty : " + batchqty): null

2018-05-16 19:03:47 - [TEST_STEP][PASSED] - Statement - out.println("RQty : " + Rqty): null

2018-05-16 19:03:47 - [TEST_STEP][PASSED] - Statement - If (java.lang.Integer.valueOf(batchqty) >= java.lang.Integer.valueOf(Rqty)): null

2018-05-16 19:03:47 - [TEST_STEP][PASSED] - Statement - Else: null

2018-05-16 19:03:47 - [TEST_STEP][PASSED] - Statement - out.println("Batchqty Is Less Than Rqty"): null

2018-05-16 19:03:47 - [TEST_STEP][PASSED] - Statement - product = new com.kms.katalon.core.testobject.TestObject(): null

2018-05-16 19:03:47 - [TEST_STEP][PASSED] - Statement - product = com.kms.katalon.core.webui.keyword.WebUiBuiltInKeywords.modifyObjectProperty(product, "xpath", "equals", "//*[@id = "fldvendor" + row + ""]", true): Modify property of object successfully

2018-05-16 19:03:47 - [MESSAGE][PASSED] - Modify property of object successfully

2018-05-16 19:03:47 - [TEST_STEP][PASSED] - selectOptionByIndex: All options with index in [5] are selected on object ''

2018-05-16 19:03:47 - [MESSAGE][PASSED] - All options with index in [5] are selected on object ''

2018-05-16 19:03:47 - [TEST_STEP][PASSED] - Statement - batch = new com.kms.katalon.core.testobject.TestObject(): null

2018-05-16 19:03:47 - [TEST_STEP][PASSED] - Statement - batch = com.kms.katalon.core.webui.keyword.WebUiBuiltInKeywords.modifyObjectProperty(batch, "xpath", "equals", "//*[@id = "txtbthqty" + row + ""]", true): Modify property of object successfully

2018-05-16 19:03:47 - [MESSAGE][PASSED] - Modify property of object successfully

2018-05-16 19:03:47 - [TEST_STEP][PASSED] - Statement - batchqty = com.kms.katalon.core.webui.keyword.WebUiBuiltInKeywords.getAttribute(batch, "value").trim(): Attribute 'value' of object '' is: '5000'

2018-05-16 19:03:47 - [MESSAGE][PASSED] - Attribute 'value' of object '' is: '5000'

2018-05-16 19:03:47 - [TEST_STEP][PASSED] - Statement - Rqty = 10000: null

2018-05-16 19:03:47 - [TEST_STEP][PASSED] - delay: Delayed 2 second(s)

2018-05-16 19:03:49 - [MESSAGE][PASSED] - Delayed 2 second(s)

2018-05-16 19:03:49 - [TEST_STEP][PASSED] - Statement - out.println("BatchQty : " + batchqty): null

2018-05-16 19:03:49 - [TEST_STEP][PASSED] - Statement - out.println("RQty : " + Rqty): null

2018-05-16 19:03:49 - [TEST_STEP][PASSED] - Statement - If (java.lang.Integer.valueOf(batchqty) >= java.lang.Integer.valueOf(Rqty)): null

2018-05-16 19:03:49 - [TEST_STEP][PASSED] - Statement - Else: null

2018-05-16 19:03:49 - [TEST_STEP][PASSED] - Statement - out.println("Batchqty Is Less Than Rqty"): null

2018-05-16 19:03:49 - [TEST_STEP][PASSED] - Statement - product = new com.kms.katalon.core.testobject.TestObject(): null

2018-05-16 19:03:49 - [TEST_STEP][PASSED] - Statement - product = com.kms.katalon.core.webui.keyword.WebUiBuiltInKeywords.modifyObjectProperty(product, "xpath", "equals", "//*[@id = "fldvendor" + row + ""]", true): Modify property of object successfully

2018-05-16 19:03:49 - [MESSAGE][PASSED] - Modify property of object successfully

2018-05-16 19:03:49 - [TEST_STEP][PASSED] - selectOptionByIndex: All options with index in [6] are selected on object ''

2018-05-16 19:03:49 - [MESSAGE][PASSED] - All options with index in [6] are selected on object ''

2018-05-16 19:03:49 - [TEST_STEP][PASSED] - Statement - batch = new com.kms.katalon.core.testobject.TestObject(): null

2018-05-16 19:03:49 - [TEST_STEP][PASSED] - Statement - batch = com.kms.katalon.core.webui.keyword.WebUiBuiltInKeywords.modifyObjectProperty(batch, "xpath", "equals", "//*[@id = "txtbthqty" + row + ""]", true): Modify property of object successfully

2018-05-16 19:03:49 - [MESSAGE][PASSED] - Modify property of object successfully

2018-05-16 19:03:49 - [TEST_STEP][PASSED] - Statement - batchqty = com.kms.katalon.core.webui.keyword.WebUiBuiltInKeywords.getAttribute(batch, "value").trim(): Attribute 'value' of object '' is: '39900'

2018-05-16 19:03:49 - [MESSAGE][PASSED] - Attribute 'value' of object '' is: '39900'

2018-05-16 19:03:49 - [TEST_STEP][PASSED] - Statement - Rqty = 10000: null

2018-05-16 19:03:49 - [TEST_STEP][PASSED] - delay: Delayed 2 second(s)

2018-05-16 19:03:51 - [MESSAGE][PASSED] - Delayed 2 second(s)

2018-05-16 19:03:51 - [TEST_STEP][PASSED] - Statement - out.println("BatchQty : " + batchqty): null

2018-05-16 19:03:51 - [TEST_STEP][PASSED] - Statement - out.println("RQty : " + Rqty): null

2018-05-16 19:03:51 - [TEST_STEP][PASSED] - Statement - If (java.lang.Integer.valueOf(batchqty) >= java.lang.Integer.valueOf(Rqty)): null

2018-05-16 19:03:51 - [TEST_STEP][PASSED] - Statement - Break: null

2018-05-16 19:03:51 - [TEST_STEP][PASSED] - Statement - batchlength = new com.kms.katalon.core.testobject.TestObject(): null

2018-05-16 19:03:51 - [TEST_STEP][PASSED] - Statement - batchlength = com.kms.katalon.core.webui.keyword.WebUiBuiltInKeywords.modifyObjectProperty(batchlength, "xpath", "equals", "//*[@id = "fldvendor" + row + ""]", true): Modify property of object successfully

2018-05-16 19:03:51 - [MESSAGE][PASSED] - Modify property of object successfully

2018-05-16 19:03:51 - [TEST_STEP][PASSED] - Statement - batchsize = com.kms.katalon.core.webui.keyword.WebUiBuiltInKeywords.getNumberOfTotalOption(batchlength): 9 options of object '' counted

2018-05-16 19:03:51 - [MESSAGE][PASSED] - 9 options of object '' counted

2018-05-16 19:03:51 - [TEST_STEP][PASSED] - Statement - out.println("BatchSize : " + batchsize): null

2018-05-16 19:03:51 - [TEST_STEP][PASSED] - Statement - For ([n = 1, n <= batchsize - 1, (n++)]): null

2018-05-16 19:03:51 - [TEST_STEP][PASSED] - Statement - product = new com.kms.katalon.core.testobject.TestObject(): null

2018-05-16 19:03:51 - [TEST_STEP][PASSED] - Statement - product = com.kms.katalon.core.webui.keyword.WebUiBuiltInKeywords.modifyObjectProperty(product, "xpath", "equals", "//*[@id = "fldvendor" + row + ""]", true): Modify property of object successfully

2018-05-16 19:03:51 - [MESSAGE][PASSED] - Modify property of object successfully

2018-05-16 19:03:51 - [TEST_STEP][PASSED] - selectOptionByIndex: All options with index in [1] are selected on object ''

2018-05-16 19:03:51 - [MESSAGE][PASSED] - All options with index in [1] are selected on object ''

2018-05-16 19:03:51 - [TEST_STEP][PASSED] - Statement - batch = new com.kms.katalon.core.testobject.TestObject(): null

2018-05-16 19:03:51 - [TEST_STEP][PASSED] - Statement - batch = com.kms.katalon.core.webui.keyword.WebUiBuiltInKeywords.modifyObjectProperty(batch, "xpath", "equals", "//*[@id = "txtbthqty" + row + ""]", true): Modify property of object successfully

2018-05-16 19:03:51 - [MESSAGE][PASSED] - Modify property of object successfully

2018-05-16 19:03:51 - [TEST_STEP][PASSED] - Statement - batchqty = com.kms.katalon.core.webui.keyword.WebUiBuiltInKeywords.getAttribute(batch, "value").trim(): Attribute 'value' of object '' is: '5000'

2018-05-16 19:03:51 - [MESSAGE][PASSED] - Attribute 'value' of object '' is: '5000'

2018-05-16 19:03:51 - [TEST_STEP][PASSED] - Statement - Rqty = 10000: null

2018-05-16 19:03:51 - [TEST_STEP][PASSED] - delay: Delayed 2 second(s)

2018-05-16 19:03:53 - [MESSAGE][PASSED] - Delayed 2 second(s)

2018-05-16 19:03:53 - [TEST_STEP][PASSED] - Statement - out.println("BatchQty : " + batchqty): null

2018-05-16 19:03:53 - [TEST_STEP][PASSED] - Statement - out.println("RQty : " + Rqty): null

2018-05-16 19:03:53 - [TEST_STEP][PASSED] - Statement - If (java.lang.Integer.valueOf(batchqty) >= java.lang.Integer.valueOf(Rqty)): null

2018-05-16 19:03:53 - [TEST_STEP][PASSED] - Statement - Else: null

2018-05-16 19:03:53 - [TEST_STEP][PASSED] - Statement - out.println("Batchqty Is Less Than Rqty"): null

2018-05-16 19:03:53 - [TEST_STEP][PASSED] - Statement - product = new com.kms.katalon.core.testobject.TestObject(): null

2018-05-16 19:03:53 - [TEST_STEP][PASSED] - Statement - product = com.kms.katalon.core.webui.keyword.WebUiBuiltInKeywords.modifyObjectProperty(product, "xpath", "equals", "//*[@id = "fldvendor" + row + ""]", true): Modify property of object successfully

2018-05-16 19:03:53 - [MESSAGE][PASSED] - Modify property of object successfully

2018-05-16 19:03:53 - [TEST_STEP][PASSED] - selectOptionByIndex: All options with index in [2] are selected on object ''

2018-05-16 19:03:53 - [MESSAGE][PASSED] - All options with index in [2] are selected on object ''

2018-05-16 19:03:53 - [TEST_STEP][PASSED] - Statement - batch = new com.kms.katalon.core.testobject.TestObject(): null

2018-05-16 19:03:53 - [TEST_STEP][PASSED] - Statement - batch = com.kms.katalon.core.webui.keyword.WebUiBuiltInKeywords.modifyObjectProperty(batch, "xpath", "equals", "//*[@id = "txtbthqty" + row + ""]", true): Modify property of object successfully

2018-05-16 19:03:53 - [MESSAGE][PASSED] - Modify property of object successfully

2018-05-16 19:03:53 - [TEST_STEP][PASSED] - Statement - batchqty = com.kms.katalon.core.webui.keyword.WebUiBuiltInKeywords.getAttribute(batch, "value").trim(): Attribute 'value' of object '' is: '39800'

2018-05-16 19:03:53 - [MESSAGE][PASSED] - Attribute 'value' of object '' is: '39800'

2018-05-16 19:03:53 - [TEST_STEP][PASSED] - Statement - Rqty = 10000: null

2018-05-16 19:03:53 - [TEST_STEP][PASSED] - delay: Delayed 2 second(s)

2018-05-16 19:03:55 - [MESSAGE][PASSED] - Delayed 2 second(s)

2018-05-16 19:03:55 - [TEST_STEP][PASSED] - Statement - out.println("BatchQty : " + batchqty): null

2018-05-16 19:03:55 - [TEST_STEP][PASSED] - Statement - out.println("RQty : " + Rqty): null

2018-05-16 19:03:55 - [TEST_STEP][PASSED] - Statement - If (java.lang.Integer.valueOf(batchqty) >= java.lang.Integer.valueOf(Rqty)): null

2018-05-16 19:03:55 - [TEST_STEP][PASSED] - Statement - Break: null

2018-05-16 19:03:55 - [TEST_STEP][PASSED] - Statement - batchlength = new com.kms.katalon.core.testobject.TestObject(): null

2018-05-16 19:03:55 - [TEST_STEP][PASSED] - Statement - batchlength = com.kms.katalon.core.webui.keyword.WebUiBuiltInKeywords.modifyObjectProperty(batchlength, "xpath", "equals", "//*[@id = "fldvendor" + row + ""]", true): Modify property of object successfully

2018-05-16 19:03:55 - [MESSAGE][PASSED] - Modify property of object successfully

2018-05-16 19:03:55 - [TEST_STEP][PASSED] - Statement - batchsize = com.kms.katalon.core.webui.keyword.WebUiBuiltInKeywords.getNumberOfTotalOption(batchlength): 9 options of object '' counted

2018-05-16 19:03:56 - [MESSAGE][PASSED] - 9 options of object '' counted

2018-05-16 19:03:56 - [TEST_STEP][PASSED] - Statement - out.println("BatchSize : " + batchsize): null

2018-05-16 19:03:56 - [TEST_STEP][PASSED] - Statement - For ([n = 1, n <= batchsize - 1, (n++)]): null

2018-05-16 19:03:56 - [TEST_STEP][PASSED] - Statement - product = new com.kms.katalon.core.testobject.TestObject(): null

2018-05-16 19:03:56 - [TEST_STEP][PASSED] - Statement - product = com.kms.katalon.core.webui.keyword.WebUiBuiltInKeywords.modifyObjectProperty(product, "xpath", "equals", "//*[@id = "fldvendor" + row + ""]", true): Modify property of object successfully

2018-05-16 19:03:56 - [MESSAGE][PASSED] - Modify property of object successfully

2018-05-16 19:03:56 - [TEST_STEP][PASSED] - selectOptionByIndex: All options with index in [1] are selected on object ''

2018-05-16 19:03:56 - [MESSAGE][PASSED] - All options with index in [1] are selected on object ''

2018-05-16 19:03:56 - [TEST_STEP][PASSED] - Statement - batch = new com.kms.katalon.core.testobject.TestObject(): null

2018-05-16 19:03:56 - [TEST_STEP][PASSED] - Statement - batch = com.kms.katalon.core.webui.keyword.WebUiBuiltInKeywords.modifyObjectProperty(batch, "xpath", "equals", "//*[@id = "txtbthqty" + row + ""]", true): Modify property of object successfully

2018-05-16 19:03:56 - [MESSAGE][PASSED] - Modify property of object successfully

2018-05-16 19:03:56 - [TEST_STEP][PASSED] - Statement - batchqty = com.kms.katalon.core.webui.keyword.WebUiBuiltInKeywords.getAttribute(batch, "value").trim(): Attribute 'value' of object '' is: '5000'

2018-05-16 19:03:56 - [MESSAGE][PASSED] - Attribute 'value' of object '' is: '5000'

2018-05-16 19:03:56 - [TEST_STEP][PASSED] - Statement - Rqty = 10000: null

2018-05-16 19:03:56 - [TEST_STEP][PASSED] - delay: Delayed 2 second(s)

2018-05-16 19:03:58 - [MESSAGE][PASSED] - Delayed 2 second(s)

2018-05-16 19:03:58 - [TEST_STEP][PASSED] - Statement - out.println("BatchQty : " + batchqty): null

2018-05-16 19:03:58 - [TEST_STEP][PASSED] - Statement - out.println("RQty : " + Rqty): null

2018-05-16 19:03:58 - [TEST_STEP][PASSED] - Statement - If (java.lang.Integer.valueOf(batchqty) >= java.lang.Integer.valueOf(Rqty)): null

2018-05-16 19:03:58 - [TEST_STEP][PASSED] - Statement - Else: null

2018-05-16 19:03:58 - [TEST_STEP][PASSED] - Statement - out.println("Batchqty Is Less Than Rqty"): null

2018-05-16 19:03:58 - [TEST_STEP][PASSED] - Statement - product = new com.kms.katalon.core.testobject.TestObject(): null

2018-05-16 19:03:58 - [TEST_STEP][PASSED] - Statement - product = com.kms.katalon.core.webui.keyword.WebUiBuiltInKeywords.modifyObjectProperty(product, "xpath", "equals", "//*[@id = "fldvendor" + row + ""]", true): Modify property of object successfully

2018-05-16 19:03:58 - [MESSAGE][PASSED] - Modify property of object successfully

2018-05-16 19:03:58 - [TEST_STEP][PASSED] - selectOptionByIndex: All options with index in [2] are selected on object ''

2018-05-16 19:03:58 - [MESSAGE][PASSED] - All options with index in [2] are selected on object ''

2018-05-16 19:03:58 - [TEST_STEP][PASSED] - Statement - batch = new com.kms.katalon.core.testobject.TestObject(): null

2018-05-16 19:03:58 - [TEST_STEP][PASSED] - Statement - batch = com.kms.katalon.core.webui.keyword.WebUiBuiltInKeywords.modifyObjectProperty(batch, "xpath", "equals", "//*[@id = "txtbthqty" + row + ""]", true): Modify property of object successfully

2018-05-16 19:03:58 - [MESSAGE][PASSED] - Modify property of object successfully

2018-05-16 19:03:58 - [TEST_STEP][PASSED] - Statement - batchqty = com.kms.katalon.core.webui.keyword.WebUiBuiltInKeywords.getAttribute(batch, "value").trim(): Attribute 'value' of object '' is: '5000'

2018-05-16 19:03:58 - [MESSAGE][PASSED] - Attribute 'value' of object '' is: '5000'

2018-05-16 19:03:58 - [TEST_STEP][PASSED] - Statement - Rqty = 10000: null

2018-05-16 19:03:58 - [TEST_STEP][PASSED] - delay: Delayed 2 second(s)

2018-05-16 19:04:00 - [MESSAGE][PASSED] - Delayed 2 second(s)

2018-05-16 19:04:00 - [TEST_STEP][PASSED] - Statement - out.println("BatchQty : " + batchqty): null

2018-05-16 19:04:00 - [TEST_STEP][PASSED] - Statement - out.println("RQty : " + Rqty): null

2018-05-16 19:04:00 - [TEST_STEP][PASSED] - Statement - If (java.lang.Integer.valueOf(batchqty) >= java.lang.Integer.valueOf(Rqty)): null

2018-05-16 19:04:00 - [TEST_STEP][PASSED] - Statement - Else: null

2018-05-16 19:04:00 - [TEST_STEP][PASSED] - Statement - out.println("Batchqty Is Less Than Rqty"): null

2018-05-16 19:04:00 - [TEST_STEP][PASSED] - Statement - product = new com.kms.katalon.core.testobject.TestObject(): null

2018-05-16 19:04:00 - [TEST_STEP][PASSED] - Statement - product = com.kms.katalon.core.webui.keyword.WebUiBuiltInKeywords.modifyObjectProperty(product, "xpath", "equals", "//*[@id = "fldvendor" + row + ""]", true): Modify property of object successfully

2018-05-16 19:04:00 - [MESSAGE][PASSED] - Modify property of object successfully

2018-05-16 19:04:00 - [TEST_STEP][PASSED] - selectOptionByIndex: All options with index in [3] are selected on object ''

2018-05-16 19:04:00 - [MESSAGE][PASSED] - All options with index in [3] are selected on object ''

2018-05-16 19:04:00 - [TEST_STEP][PASSED] - Statement - batch = new com.kms.katalon.core.testobject.TestObject(): null

2018-05-16 19:04:00 - [TEST_STEP][PASSED] - Statement - batch = com.kms.katalon.core.webui.keyword.WebUiBuiltInKeywords.modifyObjectProperty(batch, "xpath", "equals", "//*[@id = "txtbthqty" + row + ""]", true): Modify property of object successfully

2018-05-16 19:04:00 - [MESSAGE][PASSED] - Modify property of object successfully

2018-05-16 19:04:00 - [TEST_STEP][PASSED] - Statement - batchqty = com.kms.katalon.core.webui.keyword.WebUiBuiltInKeywords.getAttribute(batch, "value").trim(): Attribute 'value' of object '' is: '2900'

2018-05-16 19:04:00 - [MESSAGE][PASSED] - Attribute 'value' of object '' is: '2900'

2018-05-16 19:04:00 - [TEST_STEP][PASSED] - Statement - Rqty = 10000: null

2018-05-16 19:04:00 - [TEST_STEP][PASSED] - delay: Delayed 2 second(s)

2018-05-16 19:04:02 - [MESSAGE][PASSED] - Delayed 2 second(s)

2018-05-16 19:04:02 - [TEST_STEP][PASSED] - Statement - out.println("BatchQty : " + batchqty): null

2018-05-16 19:04:02 - [TEST_STEP][PASSED] - Statement - out.println("RQty : " + Rqty): null

2018-05-16 19:04:02 - [TEST_STEP][PASSED] - Statement - If (java.lang.Integer.valueOf(batchqty) >= java.lang.Integer.valueOf(Rqty)): null

2018-05-16 19:04:02 - [TEST_STEP][PASSED] - Statement - Else: null

2018-05-16 19:04:02 - [TEST_STEP][PASSED] - Statement - out.println("Batchqty Is Less Than Rqty"): null

2018-05-16 19:04:02 - [TEST_STEP][PASSED] - Statement - product = new com.kms.katalon.core.testobject.TestObject(): null

2018-05-16 19:04:02 - [TEST_STEP][PASSED] - Statement - product = com.kms.katalon.core.webui.keyword.WebUiBuiltInKeywords.modifyObjectProperty(product, "xpath", "equals", "//*[@id = "fldvendor" + row + ""]", true): Modify property of object successfully

2018-05-16 19:04:02 - [MESSAGE][PASSED] - Modify property of object successfully

2018-05-16 19:04:02 - [TEST_STEP][PASSED] - selectOptionByIndex: All options with index in [4] are selected on object ''

2018-05-16 19:04:02 - [MESSAGE][PASSED] - All options with index in [4] are selected on object ''

2018-05-16 19:04:02 - [TEST_STEP][PASSED] - Statement - batch = new com.kms.katalon.core.testobject.TestObject(): null

2018-05-16 19:04:02 - [TEST_STEP][PASSED] - Statement - batch = com.kms.katalon.core.webui.keyword.WebUiBuiltInKeywords.modifyObjectProperty(batch, "xpath", "equals", "//*[@id = "txtbthqty" + row + ""]", true): Modify property of object successfully

2018-05-16 19:04:02 - [MESSAGE][PASSED] - Modify property of object successfully

2018-05-16 19:04:02 - [TEST_STEP][PASSED] - Statement - batchqty = com.kms.katalon.core.webui.keyword.WebUiBuiltInKeywords.getAttribute(batch, "value").trim(): Attribute 'value' of object '' is: '5000'

2018-05-16 19:04:02 - [MESSAGE][PASSED] - Attribute 'value' of object '' is: '5000'

2018-05-16 19:04:02 - [TEST_STEP][PASSED] - Statement - Rqty = 10000: null

2018-05-16 19:04:02 - [TEST_STEP][PASSED] - delay: Delayed 2 second(s)

2018-05-16 19:04:04 - [MESSAGE][PASSED] - Delayed 2 second(s)

2018-05-16 19:04:04 - [TEST_STEP][PASSED] - Statement - out.println("BatchQty : " + batchqty): null

2018-05-16 19:04:04 - [TEST_STEP][PASSED] - Statement - out.println("RQty : " + Rqty): null

2018-05-16 19:04:04 - [TEST_STEP][PASSED] - Statement - If (java.lang.Integer.valueOf(batchqty) >= java.lang.Integer.valueOf(Rqty)): null

2018-05-16 19:04:04 - [TEST_STEP][PASSED] - Statement - Else: null

2018-05-16 19:04:04 - [TEST_STEP][PASSED] - Statement - out.println("Batchqty Is Less Than Rqty"): null

2018-05-16 19:04:04 - [TEST_STEP][PASSED] - Statement - product = new com.kms.katalon.core.testobject.TestObject(): null

2018-05-16 19:04:04 - [TEST_STEP][PASSED] - Statement - product = com.kms.katalon.core.webui.keyword.WebUiBuiltInKeywords.modifyObjectProperty(product, "xpath", "equals", "//*[@id = "fldvendor" + row + ""]", true): Modify property of object successfully

2018-05-16 19:04:04 - [MESSAGE][PASSED] - Modify property of object successfully

2018-05-16 19:04:04 - [TEST_STEP][PASSED] - selectOptionByIndex: All options with index in [5] are selected on object ''

2018-05-16 19:04:04 - [MESSAGE][PASSED] - All options with index in [5] are selected on object ''

2018-05-16 19:04:04 - [TEST_STEP][PASSED] - Statement - batch = new com.kms.katalon.core.testobject.TestObject(): null

2018-05-16 19:04:04 - [TEST_STEP][PASSED] - Statement - batch = com.kms.katalon.core.webui.keyword.WebUiBuiltInKeywords.modifyObjectProperty(batch, "xpath", "equals", "//*[@id = "txtbthqty" + row + ""]", true): Modify property of object successfully

2018-05-16 19:04:04 - [MESSAGE][PASSED] - Modify property of object successfully

2018-05-16 19:04:04 - [TEST_STEP][PASSED] - Statement - batchqty = com.kms.katalon.core.webui.keyword.WebUiBuiltInKeywords.getAttribute(batch, "value").trim(): Attribute 'value' of object '' is: '5000'

2018-05-16 19:04:04 - [MESSAGE][PASSED] - Attribute 'value' of object '' is: '5000'

2018-05-16 19:04:04 - [TEST_STEP][PASSED] - Statement - Rqty = 10000: null

2018-05-16 19:04:04 - [TEST_STEP][PASSED] - delay: Delayed 2 second(s)

2018-05-16 19:04:06 - [MESSAGE][PASSED] - Delayed 2 second(s)

2018-05-16 19:04:06 - [TEST_STEP][PASSED] - Statement - out.println("BatchQty : " + batchqty): null

2018-05-16 19:04:06 - [TEST_STEP][PASSED] - Statement - out.println("RQty : " + Rqty): null

2018-05-16 19:04:06 - [TEST_STEP][PASSED] - Statement - If (java.lang.Integer.valueOf(batchqty) >= java.lang.Integer.valueOf(Rqty)): null

2018-05-16 19:04:06 - [TEST_STEP][PASSED] - Statement - Else: null

2018-05-16 19:04:06 - [TEST_STEP][PASSED] - Statement - out.println("Batchqty Is Less Than Rqty"): null

2018-05-16 19:04:06 - [TEST_STEP][PASSED] - Statement - product = new com.kms.katalon.core.testobject.TestObject(): null

2018-05-16 19:04:06 - [TEST_STEP][PASSED] - Statement - product = com.kms.katalon.core.webui.keyword.WebUiBuiltInKeywords.modifyObjectProperty(product, "xpath", "equals", "//*[@id = "fldvendor" + row + ""]", true): Modify property of object successfully

2018-05-16 19:04:06 - [MESSAGE][PASSED] - Modify property of object successfully

2018-05-16 19:04:06 - [TEST_STEP][PASSED] - selectOptionByIndex: All options with index in [6] are selected on object ''

2018-05-16 19:04:07 - [MESSAGE][PASSED] - All options with index in [6] are selected on object ''

2018-05-16 19:04:07 - [TEST_STEP][PASSED] - Statement - batch = new com.kms.katalon.core.testobject.TestObject(): null

2018-05-16 19:04:07 - [TEST_STEP][PASSED] - Statement - batch = com.kms.katalon.core.webui.keyword.WebUiBuiltInKeywords.modifyObjectProperty(batch, "xpath", "equals", "//*[@id = "txtbthqty" + row + ""]", true): Modify property of object successfully

2018-05-16 19:04:07 - [MESSAGE][PASSED] - Modify property of object successfully

2018-05-16 19:04:07 - [TEST_STEP][PASSED] - Statement - batchqty = com.kms.katalon.core.webui.keyword.WebUiBuiltInKeywords.getAttribute(batch, "value").trim(): Attribute 'value' of object '' is: '5000'

2018-05-16 19:04:07 - [MESSAGE][PASSED] - Attribute 'value' of object '' is: '5000'

2018-05-16 19:04:07 - [TEST_STEP][PASSED] - Statement - Rqty = 10000: null

2018-05-16 19:04:07 - [TEST_STEP][PASSED] - delay: Delayed 2 second(s)

2018-05-16 19:04:09 - [MESSAGE][PASSED] - Delayed 2 second(s)

2018-05-16 19:04:09 - [TEST_STEP][PASSED] - Statement - out.println("BatchQty : " + batchqty): null

2018-05-16 19:04:09 - [TEST_STEP][PASSED] - Statement - out.println("RQty : " + Rqty): null

2018-05-16 19:04:09 - [TEST_STEP][PASSED] - Statement - If (java.lang.Integer.valueOf(batchqty) >= java.lang.Integer.valueOf(Rqty)): null

2018-05-16 19:04:09 - [TEST_STEP][PASSED] - Statement - Else: null

2018-05-16 19:04:09 - [TEST_STEP][PASSED] - Statement - out.println("Batchqty Is Less Than Rqty"): null

2018-05-16 19:04:09 - [TEST_STEP][PASSED] - Statement - product = new com.kms.katalon.core.testobject.TestObject(): null

2018-05-16 19:04:09 - [TEST_STEP][PASSED] - Statement - product = com.kms.katalon.core.webui.keyword.WebUiBuiltInKeywords.modifyObjectProperty(product, "xpath", "equals", "//*[@id = "fldvendor" + row + ""]", true): Modify property of object successfully

2018-05-16 19:04:09 - [MESSAGE][PASSED] - Modify property of object successfully

2018-05-16 19:04:09 - [TEST_STEP][PASSED] - selectOptionByIndex: All options with index in [7] are selected on object ''

2018-05-16 19:04:09 - [MESSAGE][PASSED] - All options with index in [7] are selected on object ''

2018-05-16 19:04:09 - [TEST_STEP][PASSED] - Statement - batch = new com.kms.katalon.core.testobject.TestObject(): null

2018-05-16 19:04:09 - [TEST_STEP][PASSED] - Statement - batch = com.kms.katalon.core.webui.keyword.WebUiBuiltInKeywords.modifyObjectProperty(batch, "xpath", "equals", "//*[@id = "txtbthqty" + row + ""]", true): Modify property of object successfully

2018-05-16 19:04:09 - [MESSAGE][PASSED] - Modify property of object successfully

2018-05-16 19:04:09 - [TEST_STEP][PASSED] - Statement - batchqty = com.kms.katalon.core.webui.keyword.WebUiBuiltInKeywords.getAttribute(batch, "value").trim(): Attribute 'value' of object '' is: '39900'

2018-05-16 19:04:09 - [MESSAGE][PASSED] - Attribute 'value' of object '' is: '39900'

2018-05-16 19:04:09 - [TEST_STEP][PASSED] - Statement - Rqty = 10000: null

2018-05-16 19:04:09 - [TEST_STEP][PASSED] - delay: Delayed 2 second(s)

2018-05-16 19:04:11 - [MESSAGE][PASSED] - Delayed 2 second(s)

2018-05-16 19:04:11 - [TEST_STEP][PASSED] - Statement - out.println("BatchQty : " + batchqty): null

2018-05-16 19:04:11 - [TEST_STEP][PASSED] - Statement - out.println("RQty : " + Rqty): null

2018-05-16 19:04:11 - [TEST_STEP][PASSED] - Statement - If (java.lang.Integer.valueOf(batchqty) >= java.lang.Integer.valueOf(Rqty)): null

2018-05-16 19:04:11 - [TEST_STEP][PASSED] - Statement - Break: null

2018-05-16 19:04:11 - [TEST_STEP][PASSED] - Statement - batchlength = new com.kms.katalon.core.testobject.TestObject(): null

2018-05-16 19:04:11 - [TEST_STEP][PASSED] - Statement - batchlength = com.kms.katalon.core.webui.keyword.WebUiBuiltInKeywords.modifyObjectProperty(batchlength, "xpath", "equals", "//*[@id = "fldvendor" + row + ""]", true): Modify property of object successfully

2018-05-16 19:04:11 - [MESSAGE][PASSED] - Modify property of object successfully

2018-05-16 19:04:11 - [TEST_STEP][PASSED] - Statement - batchsize = com.kms.katalon.core.webui.keyword.WebUiBuiltInKeywords.getNumberOfTotalOption(batchlength): 9 options of object '' counted

2018-05-16 19:04:11 - [MESSAGE][PASSED] - 9 options of object '' counted

2018-05-16 19:04:11 - [TEST_STEP][PASSED] - Statement - out.println("BatchSize : " + batchsize): null

2018-05-16 19:04:11 - [TEST_STEP][PASSED] - Statement - For ([n = 1, n <= batchsize - 1, (n++)]): null

2018-05-16 19:04:11 - [TEST_STEP][PASSED] - Statement - product = new com.kms.katalon.core.testobject.TestObject(): null

2018-05-16 19:04:11 - [TEST_STEP][PASSED] - Statement - product = com.kms.katalon.core.webui.keyword.WebUiBuiltInKeywords.modifyObjectProperty(product, "xpath", "equals", "//*[@id = "fldvendor" + row + ""]", true): Modify property of object successfully

2018-05-16 19:04:11 - [MESSAGE][PASSED] - Modify property of object successfully

2018-05-16 19:04:11 - [TEST_STEP][PASSED] - selectOptionByIndex: All options with index in [1] are selected on object ''

2018-05-16 19:04:11 - [MESSAGE][PASSED] - All options with index in [1] are selected on object ''

2018-05-16 19:04:11 - [TEST_STEP][PASSED] - Statement - batch = new com.kms.katalon.core.testobject.TestObject(): null

2018-05-16 19:04:11 - [TEST_STEP][PASSED] - Statement - batch = com.kms.katalon.core.webui.keyword.WebUiBuiltInKeywords.modifyObjectProperty(batch, "xpath", "equals", "//*[@id = "txtbthqty" + row + ""]", true): Modify property of object successfully

2018-05-16 19:04:11 - [MESSAGE][PASSED] - Modify property of object successfully

2018-05-16 19:04:11 - [TEST_STEP][PASSED] - Statement - batchqty = com.kms.katalon.core.webui.keyword.WebUiBuiltInKeywords.getAttribute(batch, "value").trim(): Attribute 'value' of object '' is: '2900'

2018-05-16 19:04:11 - [MESSAGE][PASSED] - Attribute 'value' of object '' is: '2900'

2018-05-16 19:04:11 - [TEST_STEP][PASSED] - Statement - Rqty = 10000: null

2018-05-16 19:04:11 - [TEST_STEP][PASSED] - delay: Delayed 2 second(s)

2018-05-16 19:04:13 - [MESSAGE][PASSED] - Delayed 2 second(s)

2018-05-16 19:04:13 - [TEST_STEP][PASSED] - Statement - out.println("BatchQty : " + batchqty): null

2018-05-16 19:04:13 - [TEST_STEP][PASSED] - Statement - out.println("RQty : " + Rqty): null

2018-05-16 19:04:13 - [TEST_STEP][PASSED] - Statement - If (java.lang.Integer.valueOf(batchqty) >= java.lang.Integer.valueOf(Rqty)): null

2018-05-16 19:04:13 - [TEST_STEP][PASSED] - Statement - Else: null

2018-05-16 19:04:13 - [TEST_STEP][PASSED] - Statement - out.println("Batchqty Is Less Than Rqty"): null

2018-05-16 19:04:13 - [TEST_STEP][PASSED] - Statement - product = new com.kms.katalon.core.testobject.TestObject(): null

2018-05-16 19:04:13 - [TEST_STEP][PASSED] - Statement - product = com.kms.katalon.core.webui.keyword.WebUiBuiltInKeywords.modifyObjectProperty(product, "xpath", "equals", "//*[@id = "fldvendor" + row + ""]", true): Modify property of object successfully

2018-05-16 19:04:13 - [MESSAGE][PASSED] - Modify property of object successfully

2018-05-16 19:04:13 - [TEST_STEP][PASSED] - selectOptionByIndex: All options with index in [2] are selected on object ''

2018-05-16 19:04:13 - [MESSAGE][PASSED] - All options with index in [2] are selected on object ''

2018-05-16 19:04:13 - [TEST_STEP][PASSED] - Statement - batch = new com.kms.katalon.core.testobject.TestObject(): null

2018-05-16 19:04:13 - [TEST_STEP][PASSED] - Statement - batch = com.kms.katalon.core.webui.keyword.WebUiBuiltInKeywords.modifyObjectProperty(batch, "xpath", "equals", "//*[@id = "txtbthqty" + row + ""]", true): Modify property of object successfully

2018-05-16 19:04:13 - [MESSAGE][PASSED] - Modify property of object successfully

2018-05-16 19:04:13 - [TEST_STEP][PASSED] - Statement - batchqty = com.kms.katalon.core.webui.keyword.WebUiBuiltInKeywords.getAttribute(batch, "value").trim(): Attribute 'value' of object '' is: '5000'

2018-05-16 19:04:13 - [MESSAGE][PASSED] - Attribute 'value' of object '' is: '5000'

2018-05-16 19:04:13 - [TEST_STEP][PASSED] - Statement - Rqty = 10000: null

2018-05-16 19:04:13 - [TEST_STEP][PASSED] - delay: Delayed 2 second(s)

2018-05-16 19:04:15 - [MESSAGE][PASSED] - Delayed 2 second(s)

2018-05-16 19:04:15 - [TEST_STEP][PASSED] - Statement - out.println("BatchQty : " + batchqty): null

2018-05-16 19:04:15 - [TEST_STEP][PASSED] - Statement - out.println("RQty : " + Rqty): null

2018-05-16 19:04:15 - [TEST_STEP][PASSED] - Statement - If (java.lang.Integer.valueOf(batchqty) >= java.lang.Integer.valueOf(Rqty)): null

2018-05-16 19:04:15 - [TEST_STEP][PASSED] - Statement - Else: null

2018-05-16 19:04:15 - [TEST_STEP][PASSED] - Statement - out.println("Batchqty Is Less Than Rqty"): null

2018-05-16 19:04:15 - [TEST_STEP][PASSED] - Statement - product = new com.kms.katalon.core.testobject.TestObject(): null

2018-05-16 19:04:15 - [TEST_STEP][PASSED] - Statement - product = com.kms.katalon.core.webui.keyword.WebUiBuiltInKeywords.modifyObjectProperty(product, "xpath", "equals", "//*[@id = "fldvendor" + row + ""]", true): Modify property of object successfully

2018-05-16 19:04:15 - [MESSAGE][PASSED] - Modify property of object successfully

2018-05-16 19:04:15 - [TEST_STEP][PASSED] - selectOptionByIndex: All options with index in [3] are selected on object ''

2018-05-16 19:04:15 - [MESSAGE][PASSED] - All options with index in [3] are selected on object ''

2018-05-16 19:04:15 - [TEST_STEP][PASSED] - Statement - batch = new com.kms.katalon.core.testobject.TestObject(): null

2018-05-16 19:04:15 - [TEST_STEP][PASSED] - Statement - batch = com.kms.katalon.core.webui.keyword.WebUiBuiltInKeywords.modifyObjectProperty(batch, "xpath", "equals", "//*[@id = "txtbthqty" + row + ""]", true): Modify property of object successfully

2018-05-16 19:04:15 - [MESSAGE][PASSED] - Modify property of object successfully

2018-05-16 19:04:15 - [TEST_STEP][PASSED] - Statement - batchqty = com.kms.katalon.core.webui.keyword.WebUiBuiltInKeywords.getAttribute(batch, "value").trim(): Attribute 'value' of object '' is: '5000'

2018-05-16 19:04:15 - [MESSAGE][PASSED] - Attribute 'value' of object '' is: '5000'

2018-05-16 19:04:15 - [TEST_STEP][PASSED] - Statement - Rqty = 10000: null

2018-05-16 19:04:15 - [TEST_STEP][PASSED] - delay: Delayed 2 second(s)

2018-05-16 19:04:17 - [MESSAGE][PASSED] - Delayed 2 second(s)

2018-05-16 19:04:17 - [TEST_STEP][PASSED] - Statement - out.println("BatchQty : " + batchqty): null

2018-05-16 19:04:17 - [TEST_STEP][PASSED] - Statement - out.println("RQty : " + Rqty): null

2018-05-16 19:04:17 - [TEST_STEP][PASSED] - Statement - If (java.lang.Integer.valueOf(batchqty) >= java.lang.Integer.valueOf(Rqty)): null

2018-05-16 19:04:17 - [TEST_STEP][PASSED] - Statement - Else: null

2018-05-16 19:04:17 - [TEST_STEP][PASSED] - Statement - out.println("Batchqty Is Less Than Rqty"): null

2018-05-16 19:04:17 - [TEST_STEP][PASSED] - Statement - product = new com.kms.katalon.core.testobject.TestObject(): null

2018-05-16 19:04:17 - [TEST_STEP][PASSED] - Statement - product = com.kms.katalon.core.webui.keyword.WebUiBuiltInKeywords.modifyObjectProperty(product, "xpath", "equals", "//*[@id = "fldvendor" + row + ""]", true): Modify property of object successfully

2018-05-16 19:04:17 - [MESSAGE][PASSED] - Modify property of object successfully

2018-05-16 19:04:17 - [TEST_STEP][PASSED] - selectOptionByIndex: All options with index in [4] are selected on object ''

2018-05-16 19:04:18 - [MESSAGE][PASSED] - All options with index in [4] are selected on object ''

2018-05-16 19:04:18 - [TEST_STEP][PASSED] - Statement - batch = new com.kms.katalon.core.testobject.TestObject(): null

2018-05-16 19:04:18 - [TEST_STEP][PASSED] - Statement - batch = com.kms.katalon.core.webui.keyword.WebUiBuiltInKeywords.modifyObjectProperty(batch, "xpath", "equals", "//*[@id = "txtbthqty" + row + ""]", true): Modify property of object successfully

2018-05-16 19:04:18 - [MESSAGE][PASSED] - Modify property of object successfully

2018-05-16 19:04:18 - [TEST_STEP][PASSED] - Statement - batchqty = com.kms.katalon.core.webui.keyword.WebUiBuiltInKeywords.getAttribute(batch, "value").trim(): Attribute 'value' of object '' is: '5000'

2018-05-16 19:04:18 - [MESSAGE][PASSED] - Attribute 'value' of object '' is: '5000'

2018-05-16 19:04:18 - [TEST_STEP][PASSED] - Statement - Rqty = 10000: null

2018-05-16 19:04:18 - [TEST_STEP][PASSED] - delay: Delayed 2 second(s)

2018-05-16 19:04:20 - [MESSAGE][PASSED] - Delayed 2 second(s)

2018-05-16 19:04:20 - [TEST_STEP][PASSED] - Statement - out.println("BatchQty : " + batchqty): null

2018-05-16 19:04:20 - [TEST_STEP][PASSED] - Statement - out.println("RQty : " + Rqty): null

2018-05-16 19:04:20 - [TEST_STEP][PASSED] - Statement - If (java.lang.Integer.valueOf(batchqty) >= java.lang.Integer.valueOf(Rqty)): null

2018-05-16 19:04:20 - [TEST_STEP][PASSED] - Statement - Else: null

2018-05-16 19:04:20 - [TEST_STEP][PASSED] - Statement - out.println("Batchqty Is Less Than Rqty"): null

2018-05-16 19:04:20 - [TEST_STEP][PASSED] - Statement - product = new com.kms.katalon.core.testobject.TestObject(): null

2018-05-16 19:04:20 - [TEST_STEP][PASSED] - Statement - product = com.kms.katalon.core.webui.keyword.WebUiBuiltInKeywords.modifyObjectProperty(product, "xpath", "equals", "//*[@id = "fldvendor" + row + ""]", true): Modify property of object successfully

2018-05-16 19:04:20 - [MESSAGE][PASSED] - Modify property of object successfully

2018-05-16 19:04:20 - [TEST_STEP][PASSED] - selectOptionByIndex: All options with index in [5] are selected on object ''

2018-05-16 19:04:20 - [MESSAGE][PASSED] - All options with index in [5] are selected on object ''

2018-05-16 19:04:20 - [TEST_STEP][PASSED] - Statement - batch = new com.kms.katalon.core.testobject.TestObject(): null

2018-05-16 19:04:20 - [TEST_STEP][PASSED] - Statement - batch = com.kms.katalon.core.webui.keyword.WebUiBuiltInKeywords.modifyObjectProperty(batch, "xpath", "equals", "//*[@id = "txtbthqty" + row + ""]", true): Modify property of object successfully

2018-05-16 19:04:20 - [MESSAGE][PASSED] - Modify property of object successfully

2018-05-16 19:04:20 - [TEST_STEP][PASSED] - Statement - batchqty = com.kms.katalon.core.webui.keyword.WebUiBuiltInKeywords.getAttribute(batch, "value").trim(): Attribute 'value' of object '' is: '5000'

2018-05-16 19:04:20 - [MESSAGE][PASSED] - Attribute 'value' of object '' is: '5000'

2018-05-16 19:04:20 - [TEST_STEP][PASSED] - Statement - Rqty = 10000: null

2018-05-16 19:04:20 - [TEST_STEP][PASSED] - delay: Delayed 2 second(s)

2018-05-16 19:04:22 - [MESSAGE][PASSED] - Delayed 2 second(s)

2018-05-16 19:04:22 - [TEST_STEP][PASSED] - Statement - out.println("BatchQty : " + batchqty): null

2018-05-16 19:04:22 - [TEST_STEP][PASSED] - Statement - out.println("RQty : " + Rqty): null

2018-05-16 19:04:22 - [TEST_STEP][PASSED] - Statement - If (java.lang.Integer.valueOf(batchqty) >= java.lang.Integer.valueOf(Rqty)): null

2018-05-16 19:04:22 - [TEST_STEP][PASSED] - Statement - Else: null

2018-05-16 19:04:22 - [TEST_STEP][PASSED] - Statement - out.println("Batchqty Is Less Than Rqty"): null

2018-05-16 19:04:22 - [TEST_STEP][PASSED] - Statement - product = new com.kms.katalon.core.testobject.TestObject(): null

2018-05-16 19:04:22 - [TEST_STEP][PASSED] - Statement - product = com.kms.katalon.core.webui.keyword.WebUiBuiltInKeywords.modifyObjectProperty(product, "xpath", "equals", "//*[@id = "fldvendor" + row + ""]", true): Modify property of object successfully

2018-05-16 19:04:22 - [MESSAGE][PASSED] - Modify property of object successfully

2018-05-16 19:04:22 - [TEST_STEP][PASSED] - selectOptionByIndex: All options with index in [6] are selected on object ''

2018-05-16 19:04:22 - [MESSAGE][PASSED] - All options with index in [6] are selected on object ''

2018-05-16 19:04:22 - [TEST_STEP][PASSED] - Statement - batch = new com.kms.katalon.core.testobject.TestObject(): null

2018-05-16 19:04:22 - [TEST_STEP][PASSED] - Statement - batch = com.kms.katalon.core.webui.keyword.WebUiBuiltInKeywords.modifyObjectProperty(batch, "xpath", "equals", "//*[@id = "txtbthqty" + row + ""]", true): Modify property of object successfully

2018-05-16 19:04:22 - [MESSAGE][PASSED] - Modify property of object successfully

2018-05-16 19:04:22 - [TEST_STEP][PASSED] - Statement - batchqty = com.kms.katalon.core.webui.keyword.WebUiBuiltInKeywords.getAttribute(batch, "value").trim(): Attribute 'value' of object '' is: '39900'

2018-05-16 19:04:22 - [MESSAGE][PASSED] - Attribute 'value' of object '' is: '39900'

2018-05-16 19:04:22 - [TEST_STEP][PASSED] - Statement - Rqty = 10000: null

2018-05-16 19:04:22 - [TEST_STEP][PASSED] - delay: Delayed 2 second(s)

2018-05-16 19:04:24 - [MESSAGE][PASSED] - Delayed 2 second(s)

2018-05-16 19:04:24 - [TEST_STEP][PASSED] - Statement - out.println("BatchQty : " + batchqty): null

2018-05-16 19:04:24 - [TEST_STEP][PASSED] - Statement - out.println("RQty : " + Rqty): null

2018-05-16 19:04:24 - [TEST_STEP][PASSED] - Statement - If (java.lang.Integer.valueOf(batchqty) >= java.lang.Integer.valueOf(Rqty)): null

2018-05-16 19:04:24 - [TEST_STEP][PASSED] - Statement - Break: null

2018-05-16 19:04:24 - [TEST_STEP][PASSED] - Statement - batchlength = new com.kms.katalon.core.testobject.TestObject(): null

2018-05-16 19:04:24 - [TEST_STEP][PASSED] - Statement - batchlength = com.kms.katalon.core.webui.keyword.WebUiBuiltInKeywords.modifyObjectProperty(batchlength, "xpath", "equals", "//*[@id = "fldvendor" + row + ""]", true): Modify property of object successfully

2018-05-16 19:04:24 - [MESSAGE][PASSED] - Modify property of object successfully

2018-05-16 19:04:24 - [TEST_STEP][PASSED] - Statement - batchsize = com.kms.katalon.core.webui.keyword.WebUiBuiltInKeywords.getNumberOfTotalOption(batchlength): 9 options of object '' counted

2018-05-16 19:04:24 - [MESSAGE][PASSED] - 9 options of object '' counted

2018-05-16 19:04:24 - [TEST_STEP][PASSED] - Statement - out.println("BatchSize : " + batchsize): null

2018-05-16 19:04:24 - [TEST_STEP][PASSED] - Statement - For ([n = 1, n <= batchsize - 1, (n++)]): null

2018-05-16 19:04:24 - [TEST_STEP][PASSED] - Statement - product = new com.kms.katalon.core.testobject.TestObject(): null

2018-05-16 19:04:24 - [TEST_STEP][PASSED] - Statement - product = com.kms.katalon.core.webui.keyword.WebUiBuiltInKeywords.modifyObjectProperty(product, "xpath", "equals", "//*[@id = "fldvendor" + row + ""]", true): Modify property of object successfully

2018-05-16 19:04:24 - [MESSAGE][PASSED] - Modify property of object successfully

2018-05-16 19:04:24 - [TEST_STEP][PASSED] - selectOptionByIndex: All options with index in [1] are selected on object ''

2018-05-16 19:04:24 - [MESSAGE][PASSED] - All options with index in [1] are selected on object ''

2018-05-16 19:04:24 - [TEST_STEP][PASSED] - Statement - batch = new com.kms.katalon.core.testobject.TestObject(): null

2018-05-16 19:04:24 - [TEST_STEP][PASSED] - Statement - batch = com.kms.katalon.core.webui.keyword.WebUiBuiltInKeywords.modifyObjectProperty(batch, "xpath", "equals", "//*[@id = "txtbthqty" + row + ""]", true): Modify property of object successfully

2018-05-16 19:04:24 - [MESSAGE][PASSED] - Modify property of object successfully

2018-05-16 19:04:24 - [TEST_STEP][PASSED] - Statement - batchqty = com.kms.katalon.core.webui.keyword.WebUiBuiltInKeywords.getAttribute(batch, "value").trim(): Attribute 'value' of object '' is: '5000'

2018-05-16 19:04:24 - [MESSAGE][PASSED] - Attribute 'value' of object '' is: '5000'

2018-05-16 19:04:24 - [TEST_STEP][PASSED] - Statement - Rqty = 10000: null

2018-05-16 19:04:24 - [TEST_STEP][PASSED] - delay: Delayed 2 second(s)

2018-05-16 19:04:26 - [MESSAGE][PASSED] - Delayed 2 second(s)

2018-05-16 19:04:26 - [TEST_STEP][PASSED] - Statement - out.println("BatchQty : " + batchqty): null

2018-05-16 19:04:26 - [TEST_STEP][PASSED] - Statement - out.println("RQty : " + Rqty): null

2018-05-16 19:04:26 - [TEST_STEP][PASSED] - Statement - If (java.lang.Integer.valueOf(batchqty) >= java.lang.Integer.valueOf(Rqty)): null

2018-05-16 19:04:26 - [TEST_STEP][PASSED] - Statement - Else: null

2018-05-16 19:04:26 - [TEST_STEP][PASSED] - Statement - out.println("Batchqty Is Less Than Rqty"): null

2018-05-16 19:04:26 - [TEST_STEP][PASSED] - Statement - product = new com.kms.katalon.core.testobject.TestObject(): null

2018-05-16 19:04:26 - [TEST_STEP][PASSED] - Statement - product = com.kms.katalon.core.webui.keyword.WebUiBuiltInKeywords.modifyObjectProperty(product, "xpath", "equals", "//*[@id = "fldvendor" + row + ""]", true): Modify property of object successfully

2018-05-16 19:04:26 - [MESSAGE][PASSED] - Modify property of object successfully

2018-05-16 19:04:26 - [TEST_STEP][PASSED] - selectOptionByIndex: All options with index in [2] are selected on object ''

2018-05-16 19:04:27 - [MESSAGE][PASSED] - All options with index in [2] are selected on object ''

2018-05-16 19:04:27 - [TEST_STEP][PASSED] - Statement - batch = new com.kms.katalon.core.testobject.TestObject(): null

2018-05-16 19:04:27 - [TEST_STEP][PASSED] - Statement - batch = com.kms.katalon.core.webui.keyword.WebUiBuiltInKeywords.modifyObjectProperty(batch, "xpath", "equals", "//*[@id = "txtbthqty" + row + ""]", true): Modify property of object successfully

2018-05-16 19:04:27 - [MESSAGE][PASSED] - Modify property of object successfully

2018-05-16 19:04:27 - [TEST_STEP][PASSED] - Statement - batchqty = com.kms.katalon.core.webui.keyword.WebUiBuiltInKeywords.getAttribute(batch, "value").trim(): Attribute 'value' of object '' is: '2900'

2018-05-16 19:04:27 - [MESSAGE][PASSED] - Attribute 'value' of object '' is: '2900'

2018-05-16 19:04:27 - [TEST_STEP][PASSED] - Statement - Rqty = 10000: null

2018-05-16 19:04:27 - [TEST_STEP][PASSED] - delay: Delayed 2 second(s)

2018-05-16 19:04:29 - [MESSAGE][PASSED] - Delayed 2 second(s)

2018-05-16 19:04:29 - [TEST_STEP][PASSED] - Statement - out.println("BatchQty : " + batchqty): null

2018-05-16 19:04:29 - [TEST_STEP][PASSED] - Statement - out.println("RQty : " + Rqty): null

2018-05-16 19:04:29 - [TEST_STEP][PASSED] - Statement - If (java.lang.Integer.valueOf(batchqty) >= java.lang.Integer.valueOf(Rqty)): null

2018-05-16 19:04:29 - [TEST_STEP][PASSED] - Statement - Else: null

2018-05-16 19:04:29 - [TEST_STEP][PASSED] - Statement - out.println("Batchqty Is Less Than Rqty"): null

2018-05-16 19:04:29 - [TEST_STEP][PASSED] - Statement - product = new com.kms.katalon.core.testobject.TestObject(): null

2018-05-16 19:04:29 - [TEST_STEP][PASSED] - Statement - product = com.kms.katalon.core.webui.keyword.WebUiBuiltInKeywords.modifyObjectProperty(product, "xpath", "equals", "//*[@id = "fldvendor" + row + ""]", true): Modify property of object successfully

2018-05-16 19:04:29 - [MESSAGE][PASSED] - Modify property of object successfully

2018-05-16 19:04:29 - [TEST_STEP][PASSED] - selectOptionByIndex: All options with index in [3] are selected on object ''

2018-05-16 19:04:29 - [MESSAGE][PASSED] - All options with index in [3] are selected on object ''

2018-05-16 19:04:29 - [TEST_STEP][PASSED] - Statement - batch = new com.kms.katalon.core.testobject.TestObject(): null

2018-05-16 19:04:29 - [TEST_STEP][PASSED] - Statement - batch = com.kms.katalon.core.webui.keyword.WebUiBuiltInKeywords.modifyObjectProperty(batch, "xpath", "equals", "//*[@id = "txtbthqty" + row + ""]", true): Modify property of object successfully

2018-05-16 19:04:29 - [MESSAGE][PASSED] - Modify property of object successfully

2018-05-16 19:04:29 - [TEST_STEP][PASSED] - Statement - batchqty = com.kms.katalon.core.webui.keyword.WebUiBuiltInKeywords.getAttribute(batch, "value").trim(): Attribute 'value' of object '' is: '5000'

2018-05-16 19:04:29 - [MESSAGE][PASSED] - Attribute 'value' of object '' is: '5000'

2018-05-16 19:04:29 - [TEST_STEP][PASSED] - Statement - Rqty = 10000: null

2018-05-16 19:04:29 - [TEST_STEP][PASSED] - delay: Delayed 2 second(s)

2018-05-16 19:04:31 - [MESSAGE][PASSED] - Delayed 2 second(s)

2018-05-16 19:04:31 - [TEST_STEP][PASSED] - Statement - out.println("BatchQty : " + batchqty): null

2018-05-16 19:04:31 - [TEST_STEP][PASSED] - Statement - out.println("RQty : " + Rqty): null

2018-05-16 19:04:31 - [TEST_STEP][PASSED] - Statement - If (java.lang.Integer.valueOf(batchqty) >= java.lang.Integer.valueOf(Rqty)): null

2018-05-16 19:04:31 - [TEST_STEP][PASSED] - Statement - Else: null

2018-05-16 19:04:31 - [TEST_STEP][PASSED] - Statement - out.println("Batchqty Is Less Than Rqty"): null

2018-05-16 19:04:31 - [TEST_STEP][PASSED] - Statement - product = new com.kms.katalon.core.testobject.TestObject(): null

2018-05-16 19:04:31 - [TEST_STEP][PASSED] - Statement - product = com.kms.katalon.core.webui.keyword.WebUiBuiltInKeywords.modifyObjectProperty(product, "xpath", "equals", "//*[@id = "fldvendor" + row + ""]", true): Modify property of object successfully

2018-05-16 19:04:31 - [MESSAGE][PASSED] - Modify property of object successfully

2018-05-16 19:04:31 - [TEST_STEP][PASSED] - selectOptionByIndex: All options with index in [4] are selected on object ''

2018-05-16 19:04:31 - [MESSAGE][PASSED] - All options with index in [4] are selected on object ''

2018-05-16 19:04:31 - [TEST_STEP][PASSED] - Statement - batch = new com.kms.katalon.core.testobject.TestObject(): null

2018-05-16 19:04:31 - [TEST_STEP][PASSED] - Statement - batch = com.kms.katalon.core.webui.keyword.WebUiBuiltInKeywords.modifyObjectProperty(batch, "xpath", "equals", "//*[@id = "txtbthqty" + row + ""]", true): Modify property of object successfully

2018-05-16 19:04:31 - [MESSAGE][PASSED] - Modify property of object successfully

2018-05-16 19:04:31 - [TEST_STEP][PASSED] - Statement - batchqty = com.kms.katalon.core.webui.keyword.WebUiBuiltInKeywords.getAttribute(batch, "value").trim(): Attribute 'value' of object '' is: '5000'

2018-05-16 19:04:31 - [MESSAGE][PASSED] - Attribute 'value' of object '' is: '5000'

2018-05-16 19:04:31 - [TEST_STEP][PASSED] - Statement - Rqty = 10000: null

2018-05-16 19:04:31 - [TEST_STEP][PASSED] - delay: Delayed 2 second(s)

2018-05-16 19:04:33 - [MESSAGE][PASSED] - Delayed 2 second(s)

2018-05-16 19:04:33 - [TEST_STEP][PASSED] - Statement - out.println("BatchQty : " + batchqty): null

2018-05-16 19:04:33 - [TEST_STEP][PASSED] - Statement - out.println("RQty : " + Rqty): null

2018-05-16 19:04:33 - [TEST_STEP][PASSED] - Statement - If (java.lang.Integer.valueOf(batchqty) >= java.lang.Integer.valueOf(Rqty)): null

2018-05-16 19:04:33 - [TEST_STEP][PASSED] - Statement - Else: null

2018-05-16 19:04:33 - [TEST_STEP][PASSED] - Statement - out.println("Batchqty Is Less Than Rqty"): null

2018-05-16 19:04:33 - [TEST_STEP][PASSED] - Statement - product = new com.kms.katalon.core.testobject.TestObject(): null

2018-05-16 19:04:33 - [TEST_STEP][PASSED] - Statement - product = com.kms.katalon.core.webui.keyword.WebUiBuiltInKeywords.modifyObjectProperty(product, "xpath", "equals", "//*[@id = "fldvendor" + row + ""]", true): Modify property of object successfully

2018-05-16 19:04:33 - [MESSAGE][PASSED] - Modify property of object successfully

2018-05-16 19:04:33 - [TEST_STEP][PASSED] - selectOptionByIndex: All options with index in [5] are selected on object ''

2018-05-16 19:04:33 - [MESSAGE][PASSED] - All options with index in [5] are selected on object ''

2018-05-16 19:04:33 - [TEST_STEP][PASSED] - Statement - batch = new com.kms.katalon.core.testobject.TestObject(): null

2018-05-16 19:04:33 - [TEST_STEP][PASSED] - Statement - batch = com.kms.katalon.core.webui.keyword.WebUiBuiltInKeywords.modifyObjectProperty(batch, "xpath", "equals", "//*[@id = "txtbthqty" + row + ""]", true): Modify property of object successfully

2018-05-16 19:04:33 - [MESSAGE][PASSED] - Modify property of object successfully

2018-05-16 19:04:33 - [TEST_STEP][PASSED] - Statement - batchqty = com.kms.katalon.core.webui.keyword.WebUiBuiltInKeywords.getAttribute(batch, "value").trim(): Attribute 'value' of object '' is: '5000'

2018-05-16 19:04:33 - [MESSAGE][PASSED] - Attribute 'value' of object '' is: '5000'

2018-05-16 19:04:33 - [TEST_STEP][PASSED] - Statement - Rqty = 10000: null

2018-05-16 19:04:33 - [TEST_STEP][PASSED] - delay: Delayed 2 second(s)

2018-05-16 19:04:35 - [MESSAGE][PASSED] - Delayed 2 second(s)

2018-05-16 19:04:35 - [TEST_STEP][PASSED] - Statement - out.println("BatchQty : " + batchqty): null

2018-05-16 19:04:35 - [TEST_STEP][PASSED] - Statement - out.println("RQty : " + Rqty): null

2018-05-16 19:04:35 - [TEST_STEP][PASSED] - Statement - If (java.lang.Integer.valueOf(batchqty) >= java.lang.Integer.valueOf(Rqty)): null

2018-05-16 19:04:35 - [TEST_STEP][PASSED] - Statement - Else: null

2018-05-16 19:04:35 - [TEST_STEP][PASSED] - Statement - out.println("Batchqty Is Less Than Rqty"): null

2018-05-16 19:04:35 - [TEST_STEP][PASSED] - Statement - product = new com.kms.katalon.core.testobject.TestObject(): null

2018-05-16 19:04:35 - [TEST_STEP][PASSED] - Statement - product = com.kms.katalon.core.webui.keyword.WebUiBuiltInKeywords.modifyObjectProperty(product, "xpath", "equals", "//*[@id = "fldvendor" + row + ""]", true): Modify property of object successfully

2018-05-16 19:04:35 - [MESSAGE][PASSED] - Modify property of object successfully

2018-05-16 19:04:35 - [TEST_STEP][PASSED] - selectOptionByIndex: All options with index in [6] are selected on object ''

2018-05-16 19:04:35 - [MESSAGE][PASSED] - All options with index in [6] are selected on object ''

2018-05-16 19:04:35 - [TEST_STEP][PASSED] - Statement - batch = new com.kms.katalon.core.testobject.TestObject(): null

2018-05-16 19:04:35 - [TEST_STEP][PASSED] - Statement - batch = com.kms.katalon.core.webui.keyword.WebUiBuiltInKeywords.modifyObjectProperty(batch, "xpath", "equals", "//*[@id = "txtbthqty" + row + ""]", true): Modify property of object successfully

2018-05-16 19:04:35 - [MESSAGE][PASSED] - Modify property of object successfully

2018-05-16 19:04:35 - [TEST_STEP][PASSED] - Statement - batchqty = com.kms.katalon.core.webui.keyword.WebUiBuiltInKeywords.getAttribute(batch, "value").trim(): Attribute 'value' of object '' is: '39900'

2018-05-16 19:04:35 - [MESSAGE][PASSED] - Attribute 'value' of object '' is: '39900'

2018-05-16 19:04:35 - [TEST_STEP][PASSED] - Statement - Rqty = 10000: null

2018-05-16 19:04:35 - [TEST_STEP][PASSED] - delay: Delayed 2 second(s)

2018-05-16 19:04:37 - [MESSAGE][PASSED] - Delayed 2 second(s)

2018-05-16 19:04:37 - [TEST_STEP][PASSED] - Statement - out.println("BatchQty : " + batchqty): null

2018-05-16 19:04:37 - [TEST_STEP][PASSED] - Statement - out.println("RQty : " + Rqty): null

2018-05-16 19:04:37 - [TEST_STEP][PASSED] - Statement - If (java.lang.Integer.valueOf(batchqty) >= java.lang.Integer.valueOf(Rqty)): null

2018-05-16 19:04:37 - [TEST_STEP][PASSED] - Statement - Break: null

2018-05-16 19:04:37 - [TEST_STEP][PASSED] - Statement - batchlength = new com.kms.katalon.core.testobject.TestObject(): null

2018-05-16 19:04:37 - [TEST_STEP][PASSED] - Statement - batchlength = com.kms.katalon.core.webui.keyword.WebUiBuiltInKeywords.modifyObjectProperty(batchlength, "xpath", "equals", "//*[@id = "fldvendor" + row + ""]", true): Modify property of object successfully

2018-05-16 19:04:37 - [MESSAGE][PASSED] - Modify property of object successfully

2018-05-16 19:04:37 - [TEST_STEP][PASSED] - Statement - batchsize = com.kms.katalon.core.webui.keyword.WebUiBuiltInKeywords.getNumberOfTotalOption(batchlength): 9 options of object '' counted

2018-05-16 19:04:37 - [MESSAGE][PASSED] - 9 options of object '' counted

2018-05-16 19:04:37 - [TEST_STEP][PASSED] - Statement - out.println("BatchSize : " + batchsize): null

2018-05-16 19:04:37 - [TEST_STEP][PASSED] - Statement - For ([n = 1, n <= batchsize - 1, (n++)]): null

2018-05-16 19:04:37 - [TEST_STEP][PASSED] - Statement - product = new com.kms.katalon.core.testobject.TestObject(): null

2018-05-16 19:04:37 - [TEST_STEP][PASSED] - Statement - product = com.kms.katalon.core.webui.keyword.WebUiBuiltInKeywords.modifyObjectProperty(product, "xpath", "equals", "//*[@id = "fldvendor" + row + ""]", true): Modify property of object successfully

2018-05-16 19:04:37 - [MESSAGE][PASSED] - Modify property of object successfully

2018-05-16 19:04:37 - [TEST_STEP][PASSED] - selectOptionByIndex: All options with index in [1] are selected on object ''

2018-05-16 19:04:38 - [MESSAGE][PASSED] - All options with index in [1] are selected on object ''

2018-05-16 19:04:38 - [TEST_STEP][PASSED] - Statement - batch = new com.kms.katalon.core.testobject.TestObject(): null

2018-05-16 19:04:38 - [TEST_STEP][PASSED] - Statement - batch = com.kms.katalon.core.webui.keyword.WebUiBuiltInKeywords.modifyObjectProperty(batch, "xpath", "equals", "//*[@id = "txtbthqty" + row + ""]", true): Modify property of object successfully

2018-05-16 19:04:38 - [MESSAGE][PASSED] - Modify property of object successfully

2018-05-16 19:04:38 - [TEST_STEP][PASSED] - Statement - batchqty = com.kms.katalon.core.webui.keyword.WebUiBuiltInKeywords.getAttribute(batch, "value").trim(): Attribute 'value' of object '' is: '2800'

2018-05-16 19:04:38 - [MESSAGE][PASSED] - Attribute 'value' of object '' is: '2800'

2018-05-16 19:04:38 - [TEST_STEP][PASSED] - Statement - Rqty = 10000: null

2018-05-16 19:04:38 - [TEST_STEP][PASSED] - delay: Delayed 2 second(s)

2018-05-16 19:04:40 - [MESSAGE][PASSED] - Delayed 2 second(s)

2018-05-16 19:04:40 - [TEST_STEP][PASSED] - Statement - out.println("BatchQty : " + batchqty): null

2018-05-16 19:04:40 - [TEST_STEP][PASSED] - Statement - out.println("RQty : " + Rqty): null

2018-05-16 19:04:40 - [TEST_STEP][PASSED] - Statement - If (java.lang.Integer.valueOf(batchqty) >= java.lang.Integer.valueOf(Rqty)): null

2018-05-16 19:04:40 - [TEST_STEP][PASSED] - Statement - Else: null

2018-05-16 19:04:40 - [TEST_STEP][PASSED] - Statement - out.println("Batchqty Is Less Than Rqty"): null

2018-05-16 19:04:40 - [TEST_STEP][PASSED] - Statement - product = new com.kms.katalon.core.testobject.TestObject(): null

2018-05-16 19:04:40 - [TEST_STEP][PASSED] - Statement - product = com.kms.katalon.core.webui.keyword.WebUiBuiltInKeywords.modifyObjectProperty(product, "xpath", "equals", "//*[@id = "fldvendor" + row + ""]", true): Modify property of object successfully

2018-05-16 19:04:40 - [MESSAGE][PASSED] - Modify property of object successfully

2018-05-16 19:04:40 - [TEST_STEP][PASSED] - selectOptionByIndex: All options with index in [2] are selected on object ''

2018-05-16 19:04:40 - [MESSAGE][PASSED] - All options with index in [2] are selected on object ''

2018-05-16 19:04:40 - [TEST_STEP][PASSED] - Statement - batch = new com.kms.katalon.core.testobject.TestObject(): null

2018-05-16 19:04:40 - [TEST_STEP][PASSED] - Statement - batch = com.kms.katalon.core.webui.keyword.WebUiBuiltInKeywords.modifyObjectProperty(batch, "xpath", "equals", "//*[@id = "txtbthqty" + row + ""]", true): Modify property of object successfully

2018-05-16 19:04:40 - [MESSAGE][PASSED] - Modify property of object successfully

2018-05-16 19:04:40 - [TEST_STEP][PASSED] - Statement - batchqty = com.kms.katalon.core.webui.keyword.WebUiBuiltInKeywords.getAttribute(batch, "value").trim(): Attribute 'value' of object '' is: '5000'

2018-05-16 19:04:40 - [MESSAGE][PASSED] - Attribute 'value' of object '' is: '5000'

2018-05-16 19:04:40 - [TEST_STEP][PASSED] - Statement - Rqty = 10000: null

2018-05-16 19:04:40 - [TEST_STEP][PASSED] - delay: Delayed 2 second(s)

2018-05-16 19:04:42 - [MESSAGE][PASSED] - Delayed 2 second(s)

2018-05-16 19:04:42 - [TEST_STEP][PASSED] - Statement - out.println("BatchQty : " + batchqty): null

2018-05-16 19:04:42 - [TEST_STEP][PASSED] - Statement - out.println("RQty : " + Rqty): null

2018-05-16 19:04:42 - [TEST_STEP][PASSED] - Statement - If (java.lang.Integer.valueOf(batchqty) >= java.lang.Integer.valueOf(Rqty)): null

2018-05-16 19:04:42 - [TEST_STEP][PASSED] - Statement - Else: null

2018-05-16 19:04:42 - [TEST_STEP][PASSED] - Statement - out.println("Batchqty Is Less Than Rqty"): null

2018-05-16 19:04:42 - [TEST_STEP][PASSED] - Statement - product = new com.kms.katalon.core.testobject.TestObject(): null

2018-05-16 19:04:42 - [TEST_STEP][PASSED] - Statement - product = com.kms.katalon.core.webui.keyword.WebUiBuiltInKeywords.modifyObjectProperty(product, "xpath", "equals", "//*[@id = "fldvendor" + row + ""]", true): Modify property of object successfully

2018-05-16 19:04:42 - [MESSAGE][PASSED] - Modify property of object successfully

2018-05-16 19:04:42 - [TEST_STEP][PASSED] - selectOptionByIndex: All options with index in [3] are selected on object ''

2018-05-16 19:04:42 - [MESSAGE][PASSED] - All options with index in [3] are selected on object ''

2018-05-16 19:04:42 - [TEST_STEP][PASSED] - Statement - batch = new com.kms.katalon.core.testobject.TestObject(): null

2018-05-16 19:04:42 - [TEST_STEP][PASSED] - Statement - batch = com.kms.katalon.core.webui.keyword.WebUiBuiltInKeywords.modifyObjectProperty(batch, "xpath", "equals", "//*[@id = "txtbthqty" + row + ""]", true): Modify property of object successfully

2018-05-16 19:04:42 - [MESSAGE][PASSED] - Modify property of object successfully

2018-05-16 19:04:42 - [TEST_STEP][PASSED] - Statement - batchqty = com.kms.katalon.core.webui.keyword.WebUiBuiltInKeywords.getAttribute(batch, "value").trim(): Attribute 'value' of object '' is: '5000'

2018-05-16 19:04:42 - [MESSAGE][PASSED] - Attribute 'value' of object '' is: '5000'

2018-05-16 19:04:42 - [TEST_STEP][PASSED] - Statement - Rqty = 10000: null

2018-05-16 19:04:42 - [TEST_STEP][PASSED] - delay: Delayed 2 second(s)

2018-05-16 19:04:44 - [MESSAGE][PASSED] - Delayed 2 second(s)

2018-05-16 19:04:44 - [TEST_STEP][PASSED] - Statement - out.println("BatchQty : " + batchqty): null

2018-05-16 19:04:44 - [TEST_STEP][PASSED] - Statement - out.println("RQty : " + Rqty): null

2018-05-16 19:04:44 - [TEST_STEP][PASSED] - Statement - If (java.lang.Integer.valueOf(batchqty) >= java.lang.Integer.valueOf(Rqty)): null

2018-05-16 19:04:44 - [TEST_STEP][PASSED] - Statement - Else: null

2018-05-16 19:04:44 - [TEST_STEP][PASSED] - Statement - out.println("Batchqty Is Less Than Rqty"): null

2018-05-16 19:04:44 - [TEST_STEP][PASSED] - Statement - product = new com.kms.katalon.core.testobject.TestObject(): null

2018-05-16 19:04:44 - [TEST_STEP][PASSED] - Statement - product = com.kms.katalon.core.webui.keyword.WebUiBuiltInKeywords.modifyObjectProperty(product, "xpath", "equals", "//*[@id = "fldvendor" + row + ""]", true): Modify property of object successfully

2018-05-16 19:04:44 - [MESSAGE][PASSED] - Modify property of object successfully

2018-05-16 19:04:44 - [TEST_STEP][PASSED] - selectOptionByIndex: All options with index in [4] are selected on object ''

2018-05-16 19:04:44 - [MESSAGE][PASSED] - All options with index in [4] are selected on object ''

2018-05-16 19:04:44 - [TEST_STEP][PASSED] - Statement - batch = new com.kms.katalon.core.testobject.TestObject(): null

2018-05-16 19:04:44 - [TEST_STEP][PASSED] - Statement - batch = com.kms.katalon.core.webui.keyword.WebUiBuiltInKeywords.modifyObjectProperty(batch, "xpath", "equals", "//*[@id = "txtbthqty" + row + ""]", true): Modify property of object successfully

2018-05-16 19:04:44 - [MESSAGE][PASSED] - Modify property of object successfully

2018-05-16 19:04:44 - [TEST_STEP][PASSED] - Statement - batchqty = com.kms.katalon.core.webui.keyword.WebUiBuiltInKeywords.getAttribute(batch, "value").trim(): Attribute 'value' of object '' is: '39900'

2018-05-16 19:04:44 - [MESSAGE][PASSED] - Attribute 'value' of object '' is: '39900'

2018-05-16 19:04:44 - [TEST_STEP][PASSED] - Statement - Rqty = 10000: null

2018-05-16 19:04:44 - [TEST_STEP][PASSED] - delay: Delayed 2 second(s)

2018-05-16 19:04:46 - [MESSAGE][PASSED] - Delayed 2 second(s)

2018-05-16 19:04:46 - [TEST_STEP][PASSED] - Statement - out.println("BatchQty : " + batchqty): null

2018-05-16 19:04:46 - [TEST_STEP][PASSED] - Statement - out.println("RQty : " + Rqty): null

2018-05-16 19:04:46 - [TEST_STEP][PASSED] - Statement - If (java.lang.Integer.valueOf(batchqty) >= java.lang.Integer.valueOf(Rqty)): null

2018-05-16 19:04:46 - [TEST_STEP][PASSED] - Statement - Break: null

2018-05-16 19:04:46 - [TEST_STEP][PASSED] - Statement - batchlength = new com.kms.katalon.core.testobject.TestObject(): null

2018-05-16 19:04:46 - [TEST_STEP][PASSED] - Statement - batchlength = com.kms.katalon.core.webui.keyword.WebUiBuiltInKeywords.modifyObjectProperty(batchlength, "xpath", "equals", "//*[@id = "fldvendor" + row + ""]", true): Modify property of object successfully

2018-05-16 19:04:46 - [MESSAGE][PASSED] - Modify property of object successfully

2018-05-16 19:04:46 - [TEST_STEP][PASSED] - Statement - batchsize = com.kms.katalon.core.webui.keyword.WebUiBuiltInKeywords.getNumberOfTotalOption(batchlength): 9 options of object '' counted

2018-05-16 19:04:46 - [MESSAGE][PASSED] - 9 options of object '' counted

2018-05-16 19:04:46 - [TEST_STEP][PASSED] - Statement - out.println("BatchSize : " + batchsize): null

2018-05-16 19:04:46 - [TEST_STEP][PASSED] - Statement - For ([n = 1, n <= batchsize - 1, (n++)]): null

2018-05-16 19:04:46 - [TEST_STEP][PASSED] - Statement - product = new com.kms.katalon.core.testobject.TestObject(): null

2018-05-16 19:04:46 - [TEST_STEP][PASSED] - Statement - product = com.kms.katalon.core.webui.keyword.WebUiBuiltInKeywords.modifyObjectProperty(product, "xpath", "equals", "//*[@id = "fldvendor" + row + ""]", true): Modify property of object successfully

2018-05-16 19:04:46 - [MESSAGE][PASSED] - Modify property of object successfully

2018-05-16 19:04:46 - [TEST_STEP][PASSED] - selectOptionByIndex: All options with index in [1] are selected on object ''

2018-05-16 19:04:46 - [MESSAGE][PASSED] - All options with index in [1] are selected on object ''

2018-05-16 19:04:46 - [TEST_STEP][PASSED] - Statement - batch = new com.kms.katalon.core.testobject.TestObject(): null

2018-05-16 19:04:46 - [TEST_STEP][PASSED] - Statement - batch = com.kms.katalon.core.webui.keyword.WebUiBuiltInKeywords.modifyObjectProperty(batch, "xpath", "equals", "//*[@id = "txtbthqty" + row + ""]", true): Modify property of object successfully

2018-05-16 19:04:46 - [MESSAGE][PASSED] - Modify property of object successfully

2018-05-16 19:04:46 - [TEST_STEP][PASSED] - Statement - batchqty = com.kms.katalon.core.webui.keyword.WebUiBuiltInKeywords.getAttribute(batch, "value").trim(): Attribute 'value' of object '' is: '4650'

2018-05-16 19:04:46 - [MESSAGE][PASSED] - Attribute 'value' of object '' is: '4650'

2018-05-16 19:04:46 - [TEST_STEP][PASSED] - Statement - Rqty = 10000: null

2018-05-16 19:04:46 - [TEST_STEP][PASSED] - delay: Delayed 2 second(s)

2018-05-16 19:04:48 - [MESSAGE][PASSED] - Delayed 2 second(s)

2018-05-16 19:04:48 - [TEST_STEP][PASSED] - Statement - out.println("BatchQty : " + batchqty): null

2018-05-16 19:04:48 - [TEST_STEP][PASSED] - Statement - out.println("RQty : " + Rqty): null

2018-05-16 19:04:48 - [TEST_STEP][PASSED] - Statement - If (java.lang.Integer.valueOf(batchqty) >= java.lang.Integer.valueOf(Rqty)): null

2018-05-16 19:04:48 - [TEST_STEP][PASSED] - Statement - Else: null

2018-05-16 19:04:48 - [TEST_STEP][PASSED] - Statement - out.println("Batchqty Is Less Than Rqty"): null

2018-05-16 19:04:48 - [TEST_STEP][PASSED] - Statement - product = new com.kms.katalon.core.testobject.TestObject(): null

2018-05-16 19:04:48 - [TEST_STEP][PASSED] - Statement - product = com.kms.katalon.core.webui.keyword.WebUiBuiltInKeywords.modifyObjectProperty(product, "xpath", "equals", "//*[@id = "fldvendor" + row + ""]", true): Modify property of object successfully

2018-05-16 19:04:48 - [MESSAGE][PASSED] - Modify property of object successfully

2018-05-16 19:04:48 - [TEST_STEP][PASSED] - selectOptionByIndex: All options with index in [2] are selected on object ''

2018-05-16 19:04:49 - [MESSAGE][PASSED] - All options with index in [2] are selected on object ''

2018-05-16 19:04:49 - [TEST_STEP][PASSED] - Statement - batch = new com.kms.katalon.core.testobject.TestObject(): null

2018-05-16 19:04:49 - [TEST_STEP][PASSED] - Statement - batch = com.kms.katalon.core.webui.keyword.WebUiBuiltInKeywords.modifyObjectProperty(batch, "xpath", "equals", "//*[@id = "txtbthqty" + row + ""]", true): Modify property of object successfully

2018-05-16 19:04:49 - [MESSAGE][PASSED] - Modify property of object successfully

2018-05-16 19:04:49 - [TEST_STEP][PASSED] - Statement - batchqty = com.kms.katalon.core.webui.keyword.WebUiBuiltInKeywords.getAttribute(batch, "value").trim(): Attribute 'value' of object '' is: '4650'

2018-05-16 19:04:49 - [MESSAGE][PASSED] - Attribute 'value' of object '' is: '4650'

2018-05-16 19:04:49 - [TEST_STEP][PASSED] - Statement - Rqty = 10000: null

2018-05-16 19:04:49 - [TEST_STEP][PASSED] - delay: Delayed 2 second(s)

2018-05-16 19:04:51 - [MESSAGE][PASSED] - Delayed 2 second(s)

2018-05-16 19:04:51 - [TEST_STEP][PASSED] - Statement - out.println("BatchQty : " + batchqty): null

2018-05-16 19:04:51 - [TEST_STEP][PASSED] - Statement - out.println("RQty : " + Rqty): null

2018-05-16 19:04:51 - [TEST_STEP][PASSED] - Statement - If (java.lang.Integer.valueOf(batchqty) >= java.lang.Integer.valueOf(Rqty)): null

2018-05-16 19:04:51 - [TEST_STEP][PASSED] - Statement - Else: null

2018-05-16 19:04:51 - [TEST_STEP][PASSED] - Statement - out.println("Batchqty Is Less Than Rqty"): null

2018-05-16 19:04:51 - [TEST_STEP][PASSED] - Statement - product = new com.kms.katalon.core.testobject.TestObject(): null

2018-05-16 19:04:51 - [TEST_STEP][PASSED] - Statement - product = com.kms.katalon.core.webui.keyword.WebUiBuiltInKeywords.modifyObjectProperty(product, "xpath", "equals", "//*[@id = "fldvendor" + row + ""]", true): Modify property of object successfully

2018-05-16 19:04:51 - [MESSAGE][PASSED] - Modify property of object successfully

2018-05-16 19:04:51 - [TEST_STEP][PASSED] - selectOptionByIndex: All options with index in [3] are selected on object ''

2018-05-16 19:04:51 - [MESSAGE][PASSED] - All options with index in [3] are selected on object ''

2018-05-16 19:04:51 - [TEST_STEP][PASSED] - Statement - batch = new com.kms.katalon.core.testobject.TestObject(): null

2018-05-16 19:04:51 - [TEST_STEP][PASSED] - Statement - batch = com.kms.katalon.core.webui.keyword.WebUiBuiltInKeywords.modifyObjectProperty(batch, "xpath", "equals", "//*[@id = "txtbthqty" + row + ""]", true): Modify property of object successfully

2018-05-16 19:04:51 - [MESSAGE][PASSED] - Modify property of object successfully

2018-05-16 19:04:51 - [TEST_STEP][PASSED] - Statement - batchqty = com.kms.katalon.core.webui.keyword.WebUiBuiltInKeywords.getAttribute(batch, "value").trim(): Attribute 'value' of object '' is: '4900'

2018-05-16 19:04:51 - [MESSAGE][PASSED] - Attribute 'value' of object '' is: '4900'

2018-05-16 19:04:51 - [TEST_STEP][PASSED] - Statement - Rqty = 10000: null

2018-05-16 19:04:51 - [TEST_STEP][PASSED] - delay: Delayed 2 second(s)

2018-05-16 19:04:53 - [MESSAGE][PASSED] - Delayed 2 second(s)

2018-05-16 19:04:53 - [TEST_STEP][PASSED] - Statement - out.println("BatchQty : " + batchqty): null

2018-05-16 19:04:53 - [TEST_STEP][PASSED] - Statement - out.println("RQty : " + Rqty): null

2018-05-16 19:04:53 - [TEST_STEP][PASSED] - Statement - If (java.lang.Integer.valueOf(batchqty) >= java.lang.Integer.valueOf(Rqty)): null

2018-05-16 19:04:53 - [TEST_STEP][PASSED] - Statement - Else: null

2018-05-16 19:04:53 - [TEST_STEP][PASSED] - Statement - out.println("Batchqty Is Less Than Rqty"): null

2018-05-16 19:04:53 - [TEST_STEP][PASSED] - Statement - product = new com.kms.katalon.core.testobject.TestObject(): null

2018-05-16 19:04:53 - [TEST_STEP][PASSED] - Statement - product = com.kms.katalon.core.webui.keyword.WebUiBuiltInKeywords.modifyObjectProperty(product, "xpath", "equals", "//*[@id = "fldvendor" + row + ""]", true): Modify property of object successfully

2018-05-16 19:04:53 - [MESSAGE][PASSED] - Modify property of object successfully

2018-05-16 19:04:53 - [TEST_STEP][PASSED] - selectOptionByIndex: All options with index in [4] are selected on object ''

2018-05-16 19:04:53 - [MESSAGE][PASSED] - All options with index in [4] are selected on object ''

2018-05-16 19:04:53 - [TEST_STEP][PASSED] - Statement - batch = new com.kms.katalon.core.testobject.TestObject(): null

2018-05-16 19:04:53 - [TEST_STEP][PASSED] - Statement - batch = com.kms.katalon.core.webui.keyword.WebUiBuiltInKeywords.modifyObjectProperty(batch, "xpath", "equals", "//*[@id = "txtbthqty" + row + ""]", true): Modify property of object successfully

2018-05-16 19:04:53 - [MESSAGE][PASSED] - Modify property of object successfully

2018-05-16 19:04:53 - [TEST_STEP][PASSED] - Statement - batchqty = com.kms.katalon.core.webui.keyword.WebUiBuiltInKeywords.getAttribute(batch, "value").trim(): Attribute 'value' of object '' is: '5000'

2018-05-16 19:04:53 - [MESSAGE][PASSED] - Attribute 'value' of object '' is: '5000'

2018-05-16 19:04:53 - [TEST_STEP][PASSED] - Statement - Rqty = 10000: null

2018-05-16 19:04:53 - [TEST_STEP][PASSED] - delay: Delayed 2 second(s)

2018-05-16 19:04:55 - [MESSAGE][PASSED] - Delayed 2 second(s)

2018-05-16 19:04:55 - [TEST_STEP][PASSED] - Statement - out.println("BatchQty : " + batchqty): null

2018-05-16 19:04:55 - [TEST_STEP][PASSED] - Statement - out.println("RQty : " + Rqty): null

2018-05-16 19:04:55 - [TEST_STEP][PASSED] - Statement - If (java.lang.Integer.valueOf(batchqty) >= java.lang.Integer.valueOf(Rqty)): null

2018-05-16 19:04:55 - [TEST_STEP][PASSED] - Statement - Else: null

2018-05-16 19:04:55 - [TEST_STEP][PASSED] - Statement - out.println("Batchqty Is Less Than Rqty"): null

2018-05-16 19:04:55 - [TEST_STEP][PASSED] - Statement - product = new com.kms.katalon.core.testobject.TestObject(): null

2018-05-16 19:04:55 - [TEST_STEP][PASSED] - Statement - product = com.kms.katalon.core.webui.keyword.WebUiBuiltInKeywords.modifyObjectProperty(product, "xpath", "equals", "//*[@id = "fldvendor" + row + ""]", true): Modify property of object successfully

2018-05-16 19:04:55 - [MESSAGE][PASSED] - Modify property of object successfully

2018-05-16 19:04:55 - [TEST_STEP][PASSED] - selectOptionByIndex: All options with index in [5] are selected on object ''

2018-05-16 19:04:55 - [MESSAGE][PASSED] - All options with index in [5] are selected on object ''

2018-05-16 19:04:55 - [TEST_STEP][PASSED] - Statement - batch = new com.kms.katalon.core.testobject.TestObject(): null

2018-05-16 19:04:55 - [TEST_STEP][PASSED] - Statement - batch = com.kms.katalon.core.webui.keyword.WebUiBuiltInKeywords.modifyObjectProperty(batch, "xpath", "equals", "//*[@id = "txtbthqty" + row + ""]", true): Modify property of object successfully

2018-05-16 19:04:55 - [MESSAGE][PASSED] - Modify property of object successfully

2018-05-16 19:04:55 - [TEST_STEP][PASSED] - Statement - batchqty = com.kms.katalon.core.webui.keyword.WebUiBuiltInKeywords.getAttribute(batch, "value").trim(): Attribute 'value' of object '' is: '39900'

2018-05-16 19:04:55 - [MESSAGE][PASSED] - Attribute 'value' of object '' is: '39900'

2018-05-16 19:04:55 - [TEST_STEP][PASSED] - Statement - Rqty = 10000: null

2018-05-16 19:04:55 - [TEST_STEP][PASSED] - delay: Delayed 2 second(s)

2018-05-16 19:04:57 - [MESSAGE][PASSED] - Delayed 2 second(s)

2018-05-16 19:04:57 - [TEST_STEP][PASSED] - Statement - out.println("BatchQty : " + batchqty): null

2018-05-16 19:04:57 - [TEST_STEP][PASSED] - Statement - out.println("RQty : " + Rqty): null

2018-05-16 19:04:57 - [TEST_STEP][PASSED] - Statement - If (java.lang.Integer.valueOf(batchqty) >= java.lang.Integer.valueOf(Rqty)): null

2018-05-16 19:04:57 - [TEST_STEP][PASSED] - Statement - Break: null

2018-05-16 19:04:57 - [TEST_STEP][PASSED] - Statement - batchlength = new com.kms.katalon.core.testobject.TestObject(): null

2018-05-16 19:04:57 - [TEST_STEP][PASSED] - Statement - batchlength = com.kms.katalon.core.webui.keyword.WebUiBuiltInKeywords.modifyObjectProperty(batchlength, "xpath", "equals", "//*[@id = "fldvendor" + row + ""]", true): Modify property of object successfully

2018-05-16 19:04:57 - [MESSAGE][PASSED] - Modify property of object successfully

2018-05-16 19:04:57 - [TEST_STEP][PASSED] - Statement - batchsize = com.kms.katalon.core.webui.keyword.WebUiBuiltInKeywords.getNumberOfTotalOption(batchlength): 9 options of object '' counted

2018-05-16 19:04:58 - [MESSAGE][PASSED] - 9 options of object '' counted

2018-05-16 19:04:58 - [TEST_STEP][PASSED] - Statement - out.println("BatchSize : " + batchsize): null

2018-05-16 19:04:58 - [TEST_STEP][PASSED] - Statement - For ([n = 1, n <= batchsize - 1, (n++)]): null

2018-05-16 19:04:58 - [TEST_STEP][PASSED] - Statement - product = new com.kms.katalon.core.testobject.TestObject(): null

2018-05-16 19:04:58 - [TEST_STEP][PASSED] - Statement - product = com.kms.katalon.core.webui.keyword.WebUiBuiltInKeywords.modifyObjectProperty(product, "xpath", "equals", "//*[@id = "fldvendor" + row + ""]", true): Modify property of object successfully

2018-05-16 19:04:58 - [MESSAGE][PASSED] - Modify property of object successfully

2018-05-16 19:04:58 - [TEST_STEP][PASSED] - selectOptionByIndex: All options with index in [1] are selected on object ''

2018-05-16 19:04:58 - [MESSAGE][PASSED] - All options with index in [1] are selected on object ''

2018-05-16 19:04:58 - [TEST_STEP][PASSED] - Statement - batch = new com.kms.katalon.core.testobject.TestObject(): null

2018-05-16 19:04:58 - [TEST_STEP][PASSED] - Statement - batch = com.kms.katalon.core.webui.keyword.WebUiBuiltInKeywords.modifyObjectProperty(batch, "xpath", "equals", "//*[@id = "txtbthqty" + row + ""]", true): Modify property of object successfully

2018-05-16 19:04:58 - [MESSAGE][PASSED] - Modify property of object successfully

2018-05-16 19:04:58 - [TEST_STEP][PASSED] - Statement - batchqty = com.kms.katalon.core.webui.keyword.WebUiBuiltInKeywords.getAttribute(batch, "value").trim(): Attribute 'value' of object '' is: '2800'

2018-05-16 19:04:58 - [MESSAGE][PASSED] - Attribute 'value' of object '' is: '2800'

2018-05-16 19:04:58 - [TEST_STEP][PASSED] - Statement - Rqty = 10000: null

2018-05-16 19:04:58 - [TEST_STEP][PASSED] - delay: Delayed 2 second(s)

2018-05-16 19:05:00 - [MESSAGE][PASSED] - Delayed 2 second(s)

2018-05-16 19:05:00 - [TEST_STEP][PASSED] - Statement - out.println("BatchQty : " + batchqty): null

2018-05-16 19:05:00 - [TEST_STEP][PASSED] - Statement - out.println("RQty : " + Rqty): null

2018-05-16 19:05:00 - [TEST_STEP][PASSED] - Statement - If (java.lang.Integer.valueOf(batchqty) >= java.lang.Integer.valueOf(Rqty)): null

2018-05-16 19:05:00 - [TEST_STEP][PASSED] - Statement - Else: null

2018-05-16 19:05:00 - [TEST_STEP][PASSED] - Statement - out.println("Batchqty Is Less Than Rqty"): null

2018-05-16 19:05:00 - [TEST_STEP][PASSED] - Statement - product = new com.kms.katalon.core.testobject.TestObject(): null

2018-05-16 19:05:00 - [TEST_STEP][PASSED] - Statement - product = com.kms.katalon.core.webui.keyword.WebUiBuiltInKeywords.modifyObjectProperty(product, "xpath", "equals", "//*[@id = "fldvendor" + row + ""]", true): Modify property of object successfully

2018-05-16 19:05:00 - [MESSAGE][PASSED] - Modify property of object successfully

2018-05-16 19:05:00 - [TEST_STEP][PASSED] - selectOptionByIndex: All options with index in [2] are selected on object ''

2018-05-16 19:05:00 - [MESSAGE][PASSED] - All options with index in [2] are selected on object ''

2018-05-16 19:05:00 - [TEST_STEP][PASSED] - Statement - batch = new com.kms.katalon.core.testobject.TestObject(): null

2018-05-16 19:05:00 - [TEST_STEP][PASSED] - Statement - batch = com.kms.katalon.core.webui.keyword.WebUiBuiltInKeywords.modifyObjectProperty(batch, "xpath", "equals", "//*[@id = "txtbthqty" + row + ""]", true): Modify property of object successfully

2018-05-16 19:05:00 - [MESSAGE][PASSED] - Modify property of object successfully

2018-05-16 19:05:00 - [TEST_STEP][PASSED] - Statement - batchqty = com.kms.katalon.core.webui.keyword.WebUiBuiltInKeywords.getAttribute(batch, "value").trim(): Attribute 'value' of object '' is: '5000'

2018-05-16 19:05:00 - [MESSAGE][PASSED] - Attribute 'value' of object '' is: '5000'

2018-05-16 19:05:00 - [TEST_STEP][PASSED] - Statement - Rqty = 10000: null

2018-05-16 19:05:00 - [TEST_STEP][PASSED] - delay: Delayed 2 second(s)

2018-05-16 19:05:02 - [MESSAGE][PASSED] - Delayed 2 second(s)

2018-05-16 19:05:02 - [TEST_STEP][PASSED] - Statement - out.println("BatchQty : " + batchqty): null

2018-05-16 19:05:02 - [TEST_STEP][PASSED] - Statement - out.println("RQty : " + Rqty): null

2018-05-16 19:05:02 - [TEST_STEP][PASSED] - Statement - If (java.lang.Integer.valueOf(batchqty) >= java.lang.Integer.valueOf(Rqty)): null

2018-05-16 19:05:02 - [TEST_STEP][PASSED] - Statement - Else: null

2018-05-16 19:05:02 - [TEST_STEP][PASSED] - Statement - out.println("Batchqty Is Less Than Rqty"): null

2018-05-16 19:05:02 - [TEST_STEP][PASSED] - Statement - product = new com.kms.katalon.core.testobject.TestObject(): null

2018-05-16 19:05:02 - [TEST_STEP][PASSED] - Statement - product = com.kms.katalon.core.webui.keyword.WebUiBuiltInKeywords.modifyObjectProperty(product, "xpath", "equals", "//*[@id = "fldvendor" + row + ""]", true): Modify property of object successfully

2018-05-16 19:05:02 - [MESSAGE][PASSED] - Modify property of object successfully

2018-05-16 19:05:02 - [TEST_STEP][PASSED] - selectOptionByIndex: All options with index in [3] are selected on object ''

2018-05-16 19:05:02 - [MESSAGE][PASSED] - All options with index in [3] are selected on object ''

2018-05-16 19:05:02 - [TEST_STEP][PASSED] - Statement - batch = new com.kms.katalon.core.testobject.TestObject(): null

2018-05-16 19:05:02 - [TEST_STEP][PASSED] - Statement - batch = com.kms.katalon.core.webui.keyword.WebUiBuiltInKeywords.modifyObjectProperty(batch, "xpath", "equals", "//*[@id = "txtbthqty" + row + ""]", true): Modify property of object successfully

2018-05-16 19:05:02 - [MESSAGE][PASSED] - Modify property of object successfully

2018-05-16 19:05:02 - [TEST_STEP][PASSED] - Statement - batchqty = com.kms.katalon.core.webui.keyword.WebUiBuiltInKeywords.getAttribute(batch, "value").trim(): Attribute 'value' of object '' is: '5000'

2018-05-16 19:05:02 - [MESSAGE][PASSED] - Attribute 'value' of object '' is: '5000'

2018-05-16 19:05:02 - [TEST_STEP][PASSED] - Statement - Rqty = 10000: null

2018-05-16 19:05:02 - [TEST_STEP][PASSED] - delay: Delayed 2 second(s)

2018-05-16 19:05:04 - [MESSAGE][PASSED] - Delayed 2 second(s)

2018-05-16 19:05:04 - [TEST_STEP][PASSED] - Statement - out.println("BatchQty : " + batchqty): null

2018-05-16 19:05:04 - [TEST_STEP][PASSED] - Statement - out.println("RQty : " + Rqty): null

2018-05-16 19:05:04 - [TEST_STEP][PASSED] - Statement - If (java.lang.Integer.valueOf(batchqty) >= java.lang.Integer.valueOf(Rqty)): null

2018-05-16 19:05:04 - [TEST_STEP][PASSED] - Statement - Else: null

2018-05-16 19:05:04 - [TEST_STEP][PASSED] - Statement - out.println("Batchqty Is Less Than Rqty"): null

2018-05-16 19:05:04 - [TEST_STEP][PASSED] - Statement - product = new com.kms.katalon.core.testobject.TestObject(): null

2018-05-16 19:05:04 - [TEST_STEP][PASSED] - Statement - product = com.kms.katalon.core.webui.keyword.WebUiBuiltInKeywords.modifyObjectProperty(product, "xpath", "equals", "//*[@id = "fldvendor" + row + ""]", true): Modify property of object successfully

2018-05-16 19:05:04 - [MESSAGE][PASSED] - Modify property of object successfully

2018-05-16 19:05:04 - [TEST_STEP][PASSED] - selectOptionByIndex: All options with index in [4] are selected on object ''

2018-05-16 19:05:04 - [MESSAGE][PASSED] - All options with index in [4] are selected on object ''

2018-05-16 19:05:04 - [TEST_STEP][PASSED] - Statement - batch = new com.kms.katalon.core.testobject.TestObject(): null

2018-05-16 19:05:04 - [TEST_STEP][PASSED] - Statement - batch = com.kms.katalon.core.webui.keyword.WebUiBuiltInKeywords.modifyObjectProperty(batch, "xpath", "equals", "//*[@id = "txtbthqty" + row + ""]", true): Modify property of object successfully

2018-05-16 19:05:04 - [MESSAGE][PASSED] - Modify property of object successfully

2018-05-16 19:05:04 - [TEST_STEP][PASSED] - Statement - batchqty = com.kms.katalon.core.webui.keyword.WebUiBuiltInKeywords.getAttribute(batch, "value").trim(): Attribute 'value' of object '' is: '5000'

2018-05-16 19:05:04 - [MESSAGE][PASSED] - Attribute 'value' of object '' is: '5000'

2018-05-16 19:05:04 - [TEST_STEP][PASSED] - Statement - Rqty = 10000: null

2018-05-16 19:05:04 - [TEST_STEP][PASSED] - delay: Delayed 2 second(s)

2018-05-16 19:05:06 - [MESSAGE][PASSED] - Delayed 2 second(s)

2018-05-16 19:05:06 - [TEST_STEP][PASSED] - Statement - out.println("BatchQty : " + batchqty): null

2018-05-16 19:05:06 - [TEST_STEP][PASSED] - Statement - out.println("RQty : " + Rqty): null

2018-05-16 19:05:06 - [TEST_STEP][PASSED] - Statement - If (java.lang.Integer.valueOf(batchqty) >= java.lang.Integer.valueOf(Rqty)): null

2018-05-16 19:05:06 - [TEST_STEP][PASSED] - Statement - Else: null

2018-05-16 19:05:06 - [TEST_STEP][PASSED] - Statement - out.println("Batchqty Is Less Than Rqty"): null

2018-05-16 19:05:06 - [TEST_STEP][PASSED] - Statement - product = new com.kms.katalon.core.testobject.TestObject(): null

2018-05-16 19:05:06 - [TEST_STEP][PASSED] - Statement - product = com.kms.katalon.core.webui.keyword.WebUiBuiltInKeywords.modifyObjectProperty(product, "xpath", "equals", "//*[@id = "fldvendor" + row + ""]", true): Modify property of object successfully

2018-05-16 19:05:06 - [MESSAGE][PASSED] - Modify property of object successfully

2018-05-16 19:05:06 - [TEST_STEP][PASSED] - selectOptionByIndex: All options with index in [5] are selected on object ''

2018-05-16 19:05:06 - [MESSAGE][PASSED] - All options with index in [5] are selected on object ''

2018-05-16 19:05:06 - [TEST_STEP][PASSED] - Statement - batch = new com.kms.katalon.core.testobject.TestObject(): null

2018-05-16 19:05:06 - [TEST_STEP][PASSED] - Statement - batch = com.kms.katalon.core.webui.keyword.WebUiBuiltInKeywords.modifyObjectProperty(batch, "xpath", "equals", "//*[@id = "txtbthqty" + row + ""]", true): Modify property of object successfully

2018-05-16 19:05:06 - [MESSAGE][PASSED] - Modify property of object successfully

2018-05-16 19:05:06 - [TEST_STEP][PASSED] - Statement - batchqty = com.kms.katalon.core.webui.keyword.WebUiBuiltInKeywords.getAttribute(batch, "value").trim(): Attribute 'value' of object '' is: '5000'

2018-05-16 19:05:07 - [MESSAGE][PASSED] - Attribute 'value' of object '' is: '5000'

2018-05-16 19:05:07 - [TEST_STEP][PASSED] - Statement - Rqty = 10000: null

2018-05-16 19:05:07 - [TEST_STEP][PASSED] - delay: Delayed 2 second(s)

2018-05-16 19:05:09 - [MESSAGE][PASSED] - Delayed 2 second(s)

2018-05-16 19:05:09 - [TEST_STEP][PASSED] - Statement - out.println("BatchQty : " + batchqty): null

2018-05-16 19:05:09 - [TEST_STEP][PASSED] - Statement - out.println("RQty : " + Rqty): null

2018-05-16 19:05:09 - [TEST_STEP][PASSED] - Statement - If (java.lang.Integer.valueOf(batchqty) >= java.lang.Integer.valueOf(Rqty)): null

2018-05-16 19:05:09 - [TEST_STEP][PASSED] - Statement - Else: null

2018-05-16 19:05:09 - [TEST_STEP][PASSED] - Statement - out.println("Batchqty Is Less Than Rqty"): null

2018-05-16 19:05:09 - [TEST_STEP][PASSED] - Statement - product = new com.kms.katalon.core.testobject.TestObject(): null

2018-05-16 19:05:09 - [TEST_STEP][PASSED] - Statement - product = com.kms.katalon.core.webui.keyword.WebUiBuiltInKeywords.modifyObjectProperty(product, "xpath", "equals", "//*[@id = "fldvendor" + row + ""]", true): Modify property of object successfully

2018-05-16 19:05:09 - [MESSAGE][PASSED] - Modify property of object successfully

2018-05-16 19:05:09 - [TEST_STEP][PASSED] - selectOptionByIndex: All options with index in [6] are selected on object ''

2018-05-16 19:05:09 - [MESSAGE][PASSED] - All options with index in [6] are selected on object ''

2018-05-16 19:05:09 - [TEST_STEP][PASSED] - Statement - batch = new com.kms.katalon.core.testobject.TestObject(): null

2018-05-16 19:05:09 - [TEST_STEP][PASSED] - Statement - batch = com.kms.katalon.core.webui.keyword.WebUiBuiltInKeywords.modifyObjectProperty(batch, "xpath", "equals", "//*[@id = "txtbthqty" + row + ""]", true): Modify property of object successfully

2018-05-16 19:05:09 - [MESSAGE][PASSED] - Modify property of object successfully

2018-05-16 19:05:09 - [TEST_STEP][PASSED] - Statement - batchqty = com.kms.katalon.core.webui.keyword.WebUiBuiltInKeywords.getAttribute(batch, "value").trim(): Attribute 'value' of object '' is: '5000'

2018-05-16 19:05:09 - [MESSAGE][PASSED] - Attribute 'value' of object '' is: '5000'

2018-05-16 19:05:09 - [TEST_STEP][PASSED] - Statement - Rqty = 10000: null

2018-05-16 19:05:09 - [TEST_STEP][PASSED] - delay: Delayed 2 second(s)

2018-05-16 19:05:11 - [MESSAGE][PASSED] - Delayed 2 second(s)

2018-05-16 19:05:11 - [TEST_STEP][PASSED] - Statement - out.println("BatchQty : " + batchqty): null

2018-05-16 19:05:11 - [TEST_STEP][PASSED] - Statement - out.println("RQty : " + Rqty): null

2018-05-16 19:05:11 - [TEST_STEP][PASSED] - Statement - If (java.lang.Integer.valueOf(batchqty) >= java.lang.Integer.valueOf(Rqty)): null

2018-05-16 19:05:11 - [TEST_STEP][PASSED] - Statement - Else: null

2018-05-16 19:05:11 - [TEST_STEP][PASSED] - Statement - out.println("Batchqty Is Less Than Rqty"): null

2018-05-16 19:05:11 - [TEST_STEP][PASSED] - Statement - product = new com.kms.katalon.core.testobject.TestObject(): null

2018-05-16 19:05:11 - [TEST_STEP][PASSED] - Statement - product = com.kms.katalon.core.webui.keyword.WebUiBuiltInKeywords.modifyObjectProperty(product, "xpath", "equals", "//*[@id = "fldvendor" + row + ""]", true): Modify property of object successfully

2018-05-16 19:05:11 - [MESSAGE][PASSED] - Modify property of object successfully

2018-05-16 19:05:11 - [TEST_STEP][PASSED] - selectOptionByIndex: All options with index in [7] are selected on object ''

2018-05-16 19:05:11 - [MESSAGE][PASSED] - All options with index in [7] are selected on object ''

2018-05-16 19:05:11 - [TEST_STEP][PASSED] - Statement - batch = new com.kms.katalon.core.testobject.TestObject(): null

2018-05-16 19:05:11 - [TEST_STEP][PASSED] - Statement - batch = com.kms.katalon.core.webui.keyword.WebUiBuiltInKeywords.modifyObjectProperty(batch, "xpath", "equals", "//*[@id = "txtbthqty" + row + ""]", true): Modify property of object successfully

2018-05-16 19:05:11 - [MESSAGE][PASSED] - Modify property of object successfully

2018-05-16 19:05:11 - [TEST_STEP][PASSED] - Statement - batchqty = com.kms.katalon.core.webui.keyword.WebUiBuiltInKeywords.getAttribute(batch, "value").trim(): Attribute 'value' of object '' is: '39900'

2018-05-16 19:05:11 - [MESSAGE][PASSED] - Attribute 'value' of object '' is: '39900'

2018-05-16 19:05:11 - [TEST_STEP][PASSED] - Statement - Rqty = 10000: null

2018-05-16 19:05:11 - [TEST_STEP][PASSED] - delay: Delayed 2 second(s)

2018-05-16 19:05:13 - [MESSAGE][PASSED] - Delayed 2 second(s)

2018-05-16 19:05:13 - [TEST_STEP][PASSED] - Statement - out.println("BatchQty : " + batchqty): null

2018-05-16 19:05:13 - [TEST_STEP][PASSED] - Statement - out.println("RQty : " + Rqty): null

2018-05-16 19:05:13 - [TEST_STEP][PASSED] - Statement - If (java.lang.Integer.valueOf(batchqty) >= java.lang.Integer.valueOf(Rqty)): null

2018-05-16 19:05:13 - [TEST_STEP][PASSED] - Statement - Break: null

2018-05-16 19:05:13 - [TEST_STEP][PASSED] - Statement - batchlength = new com.kms.katalon.core.testobject.TestObject(): null

2018-05-16 19:05:13 - [TEST_STEP][PASSED] - Statement - batchlength = com.kms.katalon.core.webui.keyword.WebUiBuiltInKeywords.modifyObjectProperty(batchlength, "xpath", "equals", "//*[@id = "fldvendor" + row + ""]", true): Modify property of object successfully

2018-05-16 19:05:13 - [MESSAGE][PASSED] - Modify property of object successfully

2018-05-16 19:05:13 - [TEST_STEP][PASSED] - Statement - batchsize = com.kms.katalon.core.webui.keyword.WebUiBuiltInKeywords.getNumberOfTotalOption(batchlength): 9 options of object '' counted

2018-05-16 19:05:13 - [MESSAGE][PASSED] - 9 options of object '' counted

2018-05-16 19:05:13 - [TEST_STEP][PASSED] - Statement - out.println("BatchSize : " + batchsize): null

2018-05-16 19:05:13 - [TEST_STEP][PASSED] - Statement - For ([n = 1, n <= batchsize - 1, (n++)]): null

2018-05-16 19:05:13 - [TEST_STEP][PASSED] - Statement - product = new com.kms.katalon.core.testobject.TestObject(): null

2018-05-16 19:05:13 - [TEST_STEP][PASSED] - Statement - product = com.kms.katalon.core.webui.keyword.WebUiBuiltInKeywords.modifyObjectProperty(product, "xpath", "equals", "//*[@id = "fldvendor" + row + ""]", true): Modify property of object successfully

2018-05-16 19:05:13 - [MESSAGE][PASSED] - Modify property of object successfully

2018-05-16 19:05:13 - [TEST_STEP][PASSED] - selectOptionByIndex: All options with index in [1] are selected on object ''

2018-05-16 19:05:13 - [MESSAGE][PASSED] - All options with index in [1] are selected on object ''

2018-05-16 19:05:13 - [TEST_STEP][PASSED] - Statement - batch = new com.kms.katalon.core.testobject.TestObject(): null

2018-05-16 19:05:13 - [TEST_STEP][PASSED] - Statement - batch = com.kms.katalon.core.webui.keyword.WebUiBuiltInKeywords.modifyObjectProperty(batch, "xpath", "equals", "//*[@id = "txtbthqty" + row + ""]", true): Modify property of object successfully

2018-05-16 19:05:13 - [MESSAGE][PASSED] - Modify property of object successfully

2018-05-16 19:05:13 - [TEST_STEP][PASSED] - Statement - batchqty = com.kms.katalon.core.webui.keyword.WebUiBuiltInKeywords.getAttribute(batch, "value").trim(): Attribute 'value' of object '' is: '4850'

2018-05-16 19:05:13 - [MESSAGE][PASSED] - Attribute 'value' of object '' is: '4850'

2018-05-16 19:05:13 - [TEST_STEP][PASSED] - Statement - Rqty = 10000: null

2018-05-16 19:05:13 - [TEST_STEP][PASSED] - delay: Delayed 2 second(s)

2018-05-16 19:05:15 - [MESSAGE][PASSED] - Delayed 2 second(s)

2018-05-16 19:05:15 - [TEST_STEP][PASSED] - Statement - out.println("BatchQty : " + batchqty): null

2018-05-16 19:05:15 - [TEST_STEP][PASSED] - Statement - out.println("RQty : " + Rqty): null

2018-05-16 19:05:15 - [TEST_STEP][PASSED] - Statement - If (java.lang.Integer.valueOf(batchqty) >= java.lang.Integer.valueOf(Rqty)): null

2018-05-16 19:05:15 - [TEST_STEP][PASSED] - Statement - Else: null

2018-05-16 19:05:15 - [TEST_STEP][PASSED] - Statement - out.println("Batchqty Is Less Than Rqty"): null

2018-05-16 19:05:15 - [TEST_STEP][PASSED] - Statement - product = new com.kms.katalon.core.testobject.TestObject(): null

2018-05-16 19:05:15 - [TEST_STEP][PASSED] - Statement - product = com.kms.katalon.core.webui.keyword.WebUiBuiltInKeywords.modifyObjectProperty(product, "xpath", "equals", "//*[@id = "fldvendor" + row + ""]", true): Modify property of object successfully

2018-05-16 19:05:15 - [MESSAGE][PASSED] - Modify property of object successfully

2018-05-16 19:05:15 - [TEST_STEP][PASSED] - selectOptionByIndex: All options with index in [2] are selected on object ''

2018-05-16 19:05:15 - [MESSAGE][PASSED] - All options with index in [2] are selected on object ''

2018-05-16 19:05:15 - [TEST_STEP][PASSED] - Statement - batch = new com.kms.katalon.core.testobject.TestObject(): null

2018-05-16 19:05:15 - [TEST_STEP][PASSED] - Statement - batch = com.kms.katalon.core.webui.keyword.WebUiBuiltInKeywords.modifyObjectProperty(batch, "xpath", "equals", "//*[@id = "txtbthqty" + row + ""]", true): Modify property of object successfully

2018-05-16 19:05:15 - [MESSAGE][PASSED] - Modify property of object successfully

2018-05-16 19:05:15 - [TEST_STEP][PASSED] - Statement - batchqty = com.kms.katalon.core.webui.keyword.WebUiBuiltInKeywords.getAttribute(batch, "value").trim(): Attribute 'value' of object '' is: '2900'

2018-05-16 19:05:15 - [MESSAGE][PASSED] - Attribute 'value' of object '' is: '2900'

2018-05-16 19:05:15 - [TEST_STEP][PASSED] - Statement - Rqty = 10000: null

2018-05-16 19:05:15 - [TEST_STEP][PASSED] - delay: Delayed 2 second(s)

2018-05-16 19:05:17 - [MESSAGE][PASSED] - Delayed 2 second(s)

2018-05-16 19:05:17 - [TEST_STEP][PASSED] - Statement - out.println("BatchQty : " + batchqty): null

2018-05-16 19:05:17 - [TEST_STEP][PASSED] - Statement - out.println("RQty : " + Rqty): null

2018-05-16 19:05:17 - [TEST_STEP][PASSED] - Statement - If (java.lang.Integer.valueOf(batchqty) >= java.lang.Integer.valueOf(Rqty)): null

2018-05-16 19:05:17 - [TEST_STEP][PASSED] - Statement - Else: null

2018-05-16 19:05:17 - [TEST_STEP][PASSED] - Statement - out.println("Batchqty Is Less Than Rqty"): null

2018-05-16 19:05:17 - [TEST_STEP][PASSED] - Statement - product = new com.kms.katalon.core.testobject.TestObject(): null

2018-05-16 19:05:17 - [TEST_STEP][PASSED] - Statement - product = com.kms.katalon.core.webui.keyword.WebUiBuiltInKeywords.modifyObjectProperty(product, "xpath", "equals", "//*[@id = "fldvendor" + row + ""]", true): Modify property of object successfully

2018-05-16 19:05:17 - [MESSAGE][PASSED] - Modify property of object successfully

2018-05-16 19:05:17 - [TEST_STEP][PASSED] - selectOptionByIndex: All options with index in [3] are selected on object ''

2018-05-16 19:05:18 - [MESSAGE][PASSED] - All options with index in [3] are selected on object ''

2018-05-16 19:05:18 - [TEST_STEP][PASSED] - Statement - batch = new com.kms.katalon.core.testobject.TestObject(): null

2018-05-16 19:05:18 - [TEST_STEP][PASSED] - Statement - batch = com.kms.katalon.core.webui.keyword.WebUiBuiltInKeywords.modifyObjectProperty(batch, "xpath", "equals", "//*[@id = "txtbthqty" + row + ""]", true): Modify property of object successfully

2018-05-16 19:05:18 - [MESSAGE][PASSED] - Modify property of object successfully

2018-05-16 19:05:18 - [TEST_STEP][PASSED] - Statement - batchqty = com.kms.katalon.core.webui.keyword.WebUiBuiltInKeywords.getAttribute(batch, "value").trim(): Attribute 'value' of object '' is: '5000'

2018-05-16 19:05:18 - [MESSAGE][PASSED] - Attribute 'value' of object '' is: '5000'

2018-05-16 19:05:18 - [TEST_STEP][PASSED] - Statement - Rqty = 10000: null

2018-05-16 19:05:18 - [TEST_STEP][PASSED] - delay: Delayed 2 second(s)

2018-05-16 19:05:20 - [MESSAGE][PASSED] - Delayed 2 second(s)

2018-05-16 19:05:20 - [TEST_STEP][PASSED] - Statement - out.println("BatchQty : " + batchqty): null

2018-05-16 19:05:20 - [TEST_STEP][PASSED] - Statement - out.println("RQty : " + Rqty): null

2018-05-16 19:05:20 - [TEST_STEP][PASSED] - Statement - If (java.lang.Integer.valueOf(batchqty) >= java.lang.Integer.valueOf(Rqty)): null

2018-05-16 19:05:20 - [TEST_STEP][PASSED] - Statement - Else: null

2018-05-16 19:05:20 - [TEST_STEP][PASSED] - Statement - out.println("Batchqty Is Less Than Rqty"): null

2018-05-16 19:05:20 - [TEST_STEP][PASSED] - Statement - product = new com.kms.katalon.core.testobject.TestObject(): null

2018-05-16 19:05:20 - [TEST_STEP][PASSED] - Statement - product = com.kms.katalon.core.webui.keyword.WebUiBuiltInKeywords.modifyObjectProperty(product, "xpath", "equals", "//*[@id = "fldvendor" + row + ""]", true): Modify property of object successfully

2018-05-16 19:05:20 - [MESSAGE][PASSED] - Modify property of object successfully

2018-05-16 19:05:20 - [TEST_STEP][PASSED] - selectOptionByIndex: All options with index in [4] are selected on object ''

2018-05-16 19:05:20 - [MESSAGE][PASSED] - All options with index in [4] are selected on object ''

2018-05-16 19:05:20 - [TEST_STEP][PASSED] - Statement - batch = new com.kms.katalon.core.testobject.TestObject(): null

2018-05-16 19:05:20 - [TEST_STEP][PASSED] - Statement - batch = com.kms.katalon.core.webui.keyword.WebUiBuiltInKeywords.modifyObjectProperty(batch, "xpath", "equals", "//*[@id = "txtbthqty" + row + ""]", true): Modify property of object successfully

2018-05-16 19:05:20 - [MESSAGE][PASSED] - Modify property of object successfully

2018-05-16 19:05:20 - [TEST_STEP][PASSED] - Statement - batchqty = com.kms.katalon.core.webui.keyword.WebUiBuiltInKeywords.getAttribute(batch, "value").trim(): Attribute 'value' of object '' is: '5000'

2018-05-16 19:05:20 - [MESSAGE][PASSED] - Attribute 'value' of object '' is: '5000'

2018-05-16 19:05:20 - [TEST_STEP][PASSED] - Statement - Rqty = 10000: null

2018-05-16 19:05:20 - [TEST_STEP][PASSED] - delay: Delayed 2 second(s)

2018-05-16 19:05:22 - [MESSAGE][PASSED] - Delayed 2 second(s)

2018-05-16 19:05:22 - [TEST_STEP][PASSED] - Statement - out.println("BatchQty : " + batchqty): null

2018-05-16 19:05:22 - [TEST_STEP][PASSED] - Statement - out.println("RQty : " + Rqty): null

2018-05-16 19:05:22 - [TEST_STEP][PASSED] - Statement - If (java.lang.Integer.valueOf(batchqty) >= java.lang.Integer.valueOf(Rqty)): null

2018-05-16 19:05:22 - [TEST_STEP][PASSED] - Statement - Else: null

2018-05-16 19:05:22 - [TEST_STEP][PASSED] - Statement - out.println("Batchqty Is Less Than Rqty"): null

2018-05-16 19:05:22 - [TEST_STEP][PASSED] - Statement - product = new com.kms.katalon.core.testobject.TestObject(): null

2018-05-16 19:05:22 - [TEST_STEP][PASSED] - Statement - product = com.kms.katalon.core.webui.keyword.WebUiBuiltInKeywords.modifyObjectProperty(product, "xpath", "equals", "//*[@id = "fldvendor" + row + ""]", true): Modify property of object successfully

2018-05-16 19:05:22 - [MESSAGE][PASSED] - Modify property of object successfully

2018-05-16 19:05:22 - [TEST_STEP][PASSED] - selectOptionByIndex: All options with index in [5] are selected on object ''

2018-05-16 19:05:22 - [MESSAGE][PASSED] - All options with index in [5] are selected on object ''

2018-05-16 19:05:22 - [TEST_STEP][PASSED] - Statement - batch = new com.kms.katalon.core.testobject.TestObject(): null

2018-05-16 19:05:22 - [TEST_STEP][PASSED] - Statement - batch = com.kms.katalon.core.webui.keyword.WebUiBuiltInKeywords.modifyObjectProperty(batch, "xpath", "equals", "//*[@id = "txtbthqty" + row + ""]", true): Modify property of object successfully

2018-05-16 19:05:22 - [MESSAGE][PASSED] - Modify property of object successfully

2018-05-16 19:05:22 - [TEST_STEP][PASSED] - Statement - batchqty = com.kms.katalon.core.webui.keyword.WebUiBuiltInKeywords.getAttribute(batch, "value").trim(): Attribute 'value' of object '' is: '39900'

2018-05-16 19:05:22 - [MESSAGE][PASSED] - Attribute 'value' of object '' is: '39900'

2018-05-16 19:05:22 - [TEST_STEP][PASSED] - Statement - Rqty = 10000: null

2018-05-16 19:05:22 - [TEST_STEP][PASSED] - delay: Delayed 2 second(s)

2018-05-16 19:05:24 - [MESSAGE][PASSED] - Delayed 2 second(s)

2018-05-16 19:05:24 - [TEST_STEP][PASSED] - Statement - out.println("BatchQty : " + batchqty): null

2018-05-16 19:05:24 - [TEST_STEP][PASSED] - Statement - out.println("RQty : " + Rqty): null

2018-05-16 19:05:24 - [TEST_STEP][PASSED] - Statement - If (java.lang.Integer.valueOf(batchqty) >= java.lang.Integer.valueOf(Rqty)): null

2018-05-16 19:05:24 - [TEST_STEP][PASSED] - Statement - Break: null

2018-05-16 19:05:24 - [TEST_STEP][PASSED] - Statement - batchlength = new com.kms.katalon.core.testobject.TestObject(): null

2018-05-16 19:05:24 - [TEST_STEP][PASSED] - Statement - batchlength = com.kms.katalon.core.webui.keyword.WebUiBuiltInKeywords.modifyObjectProperty(batchlength, "xpath", "equals", "//*[@id = "fldvendor" + row + ""]", true): Modify property of object successfully

2018-05-16 19:05:24 - [MESSAGE][PASSED] - Modify property of object successfully

2018-05-16 19:05:24 - [TEST_STEP][PASSED] - Statement - batchsize = com.kms.katalon.core.webui.keyword.WebUiBuiltInKeywords.getNumberOfTotalOption(batchlength): 9 options of object '' counted

2018-05-16 19:05:24 - [MESSAGE][PASSED] - 9 options of object '' counted

2018-05-16 19:05:24 - [TEST_STEP][PASSED] - Statement - out.println("BatchSize : " + batchsize): null

2018-05-16 19:05:24 - [TEST_STEP][PASSED] - Statement - For ([n = 1, n <= batchsize - 1, (n++)]): null

2018-05-16 19:05:24 - [TEST_STEP][PASSED] - Statement - product = new com.kms.katalon.core.testobject.TestObject(): null

2018-05-16 19:05:24 - [TEST_STEP][PASSED] - Statement - product = com.kms.katalon.core.webui.keyword.WebUiBuiltInKeywords.modifyObjectProperty(product, "xpath", "equals", "//*[@id = "fldvendor" + row + ""]", true): Modify property of object successfully

2018-05-16 19:05:24 - [MESSAGE][PASSED] - Modify property of object successfully

2018-05-16 19:05:24 - [TEST_STEP][PASSED] - selectOptionByIndex: All options with index in [1] are selected on object ''

2018-05-16 19:05:24 - [MESSAGE][PASSED] - All options with index in [1] are selected on object ''

2018-05-16 19:05:24 - [TEST_STEP][PASSED] - Statement - batch = new com.kms.katalon.core.testobject.TestObject(): null

2018-05-16 19:05:24 - [TEST_STEP][PASSED] - Statement - batch = com.kms.katalon.core.webui.keyword.WebUiBuiltInKeywords.modifyObjectProperty(batch, "xpath", "equals", "//*[@id = "txtbthqty" + row + ""]", true): Modify property of object successfully

2018-05-16 19:05:24 - [MESSAGE][PASSED] - Modify property of object successfully

2018-05-16 19:05:24 - [TEST_STEP][PASSED] - Statement - batchqty = com.kms.katalon.core.webui.keyword.WebUiBuiltInKeywords.getAttribute(batch, "value").trim(): Attribute 'value' of object '' is: '5000'

2018-05-16 19:05:24 - [MESSAGE][PASSED] - Attribute 'value' of object '' is: '5000'

2018-05-16 19:05:24 - [TEST_STEP][PASSED] - Statement - Rqty = 10000: null

2018-05-16 19:05:24 - [TEST_STEP][PASSED] - delay: Delayed 2 second(s)

2018-05-16 19:05:26 - [MESSAGE][PASSED] - Delayed 2 second(s)

2018-05-16 19:05:26 - [TEST_STEP][PASSED] - Statement - out.println("BatchQty : " + batchqty): null

2018-05-16 19:05:26 - [TEST_STEP][PASSED] - Statement - out.println("RQty : " + Rqty): null

2018-05-16 19:05:26 - [TEST_STEP][PASSED] - Statement - If (java.lang.Integer.valueOf(batchqty) >= java.lang.Integer.valueOf(Rqty)): null

2018-05-16 19:05:26 - [TEST_STEP][PASSED] - Statement - Else: null

2018-05-16 19:05:26 - [TEST_STEP][PASSED] - Statement - out.println("Batchqty Is Less Than Rqty"): null

2018-05-16 19:05:26 - [TEST_STEP][PASSED] - Statement - product = new com.kms.katalon.core.testobject.TestObject(): null

2018-05-16 19:05:26 - [TEST_STEP][PASSED] - Statement - product = com.kms.katalon.core.webui.keyword.WebUiBuiltInKeywords.modifyObjectProperty(product, "xpath", "equals", "//*[@id = "fldvendor" + row + ""]", true): Modify property of object successfully

2018-05-16 19:05:26 - [MESSAGE][PASSED] - Modify property of object successfully

2018-05-16 19:05:26 - [TEST_STEP][PASSED] - selectOptionByIndex: All options with index in [2] are selected on object ''

2018-05-16 19:05:26 - [MESSAGE][PASSED] - All options with index in [2] are selected on object ''

2018-05-16 19:05:26 - [TEST_STEP][PASSED] - Statement - batch = new com.kms.katalon.core.testobject.TestObject(): null

2018-05-16 19:05:26 - [TEST_STEP][PASSED] - Statement - batch = com.kms.katalon.core.webui.keyword.WebUiBuiltInKeywords.modifyObjectProperty(batch, "xpath", "equals", "//*[@id = "txtbthqty" + row + ""]", true): Modify property of object successfully

2018-05-16 19:05:26 - [MESSAGE][PASSED] - Modify property of object successfully

2018-05-16 19:05:26 - [TEST_STEP][PASSED] - Statement - batchqty = com.kms.katalon.core.webui.keyword.WebUiBuiltInKeywords.getAttribute(batch, "value").trim(): Attribute 'value' of object '' is: '2900'

2018-05-16 19:05:26 - [MESSAGE][PASSED] - Attribute 'value' of object '' is: '2900'

2018-05-16 19:05:26 - [TEST_STEP][PASSED] - Statement - Rqty = 10000: null

2018-05-16 19:05:26 - [TEST_STEP][PASSED] - delay: Delayed 2 second(s)

2018-05-16 19:05:28 - [MESSAGE][PASSED] - Delayed 2 second(s)

2018-05-16 19:05:28 - [TEST_STEP][PASSED] - Statement - out.println("BatchQty : " + batchqty): null

2018-05-16 19:05:28 - [TEST_STEP][PASSED] - Statement - out.println("RQty : " + Rqty): null

2018-05-16 19:05:28 - [TEST_STEP][PASSED] - Statement - If (java.lang.Integer.valueOf(batchqty) >= java.lang.Integer.valueOf(Rqty)): null

2018-05-16 19:05:28 - [TEST_STEP][PASSED] - Statement - Else: null

2018-05-16 19:05:28 - [TEST_STEP][PASSED] - Statement - out.println("Batchqty Is Less Than Rqty"): null

2018-05-16 19:05:28 - [TEST_STEP][PASSED] - Statement - product = new com.kms.katalon.core.testobject.TestObject(): null

2018-05-16 19:05:28 - [TEST_STEP][PASSED] - Statement - product = com.kms.katalon.core.webui.keyword.WebUiBuiltInKeywords.modifyObjectProperty(product, "xpath", "equals", "//*[@id = "fldvendor" + row + ""]", true): Modify property of object successfully

2018-05-16 19:05:28 - [MESSAGE][PASSED] - Modify property of object successfully

2018-05-16 19:05:28 - [TEST_STEP][PASSED] - selectOptionByIndex: All options with index in [3] are selected on object ''

2018-05-16 19:05:29 - [MESSAGE][PASSED] - All options with index in [3] are selected on object ''

2018-05-16 19:05:29 - [TEST_STEP][PASSED] - Statement - batch = new com.kms.katalon.core.testobject.TestObject(): null

2018-05-16 19:05:29 - [TEST_STEP][PASSED] - Statement - batch = com.kms.katalon.core.webui.keyword.WebUiBuiltInKeywords.modifyObjectProperty(batch, "xpath", "equals", "//*[@id = "txtbthqty" + row + ""]", true): Modify property of object successfully

2018-05-16 19:05:29 - [MESSAGE][PASSED] - Modify property of object successfully

2018-05-16 19:05:29 - [TEST_STEP][PASSED] - Statement - batchqty = com.kms.katalon.core.webui.keyword.WebUiBuiltInKeywords.getAttribute(batch, "value").trim(): Attribute 'value' of object '' is: '5000'

2018-05-16 19:05:29 - [MESSAGE][PASSED] - Attribute 'value' of object '' is: '5000'

2018-05-16 19:05:29 - [TEST_STEP][PASSED] - Statement - Rqty = 10000: null

2018-05-16 19:05:29 - [TEST_STEP][PASSED] - delay: Delayed 2 second(s)

2018-05-16 19:05:31 - [MESSAGE][PASSED] - Delayed 2 second(s)

2018-05-16 19:05:31 - [TEST_STEP][PASSED] - Statement - out.println("BatchQty : " + batchqty): null

2018-05-16 19:05:31 - [TEST_STEP][PASSED] - Statement - out.println("RQty : " + Rqty): null

2018-05-16 19:05:31 - [TEST_STEP][PASSED] - Statement - If (java.lang.Integer.valueOf(batchqty) >= java.lang.Integer.valueOf(Rqty)): null

2018-05-16 19:05:31 - [TEST_STEP][PASSED] - Statement - Else: null

2018-05-16 19:05:31 - [TEST_STEP][PASSED] - Statement - out.println("Batchqty Is Less Than Rqty"): null

2018-05-16 19:05:31 - [TEST_STEP][PASSED] - Statement - product = new com.kms.katalon.core.testobject.TestObject(): null

2018-05-16 19:05:31 - [TEST_STEP][PASSED] - Statement - product = com.kms.katalon.core.webui.keyword.WebUiBuiltInKeywords.modifyObjectProperty(product, "xpath", "equals", "//*[@id = "fldvendor" + row + ""]", true): Modify property of object successfully

2018-05-16 19:05:31 - [MESSAGE][PASSED] - Modify property of object successfully

2018-05-16 19:05:31 - [TEST_STEP][PASSED] - selectOptionByIndex: All options with index in [4] are selected on object ''

2018-05-16 19:05:31 - [MESSAGE][PASSED] - All options with index in [4] are selected on object ''

2018-05-16 19:05:31 - [TEST_STEP][PASSED] - Statement - batch = new com.kms.katalon.core.testobject.TestObject(): null

2018-05-16 19:05:31 - [TEST_STEP][PASSED] - Statement - batch = com.kms.katalon.core.webui.keyword.WebUiBuiltInKeywords.modifyObjectProperty(batch, "xpath", "equals", "//*[@id = "txtbthqty" + row + ""]", true): Modify property of object successfully

2018-05-16 19:05:31 - [MESSAGE][PASSED] - Modify property of object successfully

2018-05-16 19:05:31 - [TEST_STEP][PASSED] - Statement - batchqty = com.kms.katalon.core.webui.keyword.WebUiBuiltInKeywords.getAttribute(batch, "value").trim(): Attribute 'value' of object '' is: '5000'

2018-05-16 19:05:31 - [MESSAGE][PASSED] - Attribute 'value' of object '' is: '5000'

2018-05-16 19:05:31 - [TEST_STEP][PASSED] - Statement - Rqty = 10000: null

2018-05-16 19:05:31 - [TEST_STEP][PASSED] - delay: Delayed 2 second(s)

2018-05-16 19:05:33 - [MESSAGE][PASSED] - Delayed 2 second(s)

2018-05-16 19:05:33 - [TEST_STEP][PASSED] - Statement - out.println("BatchQty : " + batchqty): null

2018-05-16 19:05:33 - [TEST_STEP][PASSED] - Statement - out.println("RQty : " + Rqty): null

2018-05-16 19:05:33 - [TEST_STEP][PASSED] - Statement - If (java.lang.Integer.valueOf(batchqty) >= java.lang.Integer.valueOf(Rqty)): null

2018-05-16 19:05:33 - [TEST_STEP][PASSED] - Statement - Else: null

2018-05-16 19:05:33 - [TEST_STEP][PASSED] - Statement - out.println("Batchqty Is Less Than Rqty"): null

2018-05-16 19:05:33 - [TEST_STEP][PASSED] - Statement - product = new com.kms.katalon.core.testobject.TestObject(): null

2018-05-16 19:05:33 - [TEST_STEP][PASSED] - Statement - product = com.kms.katalon.core.webui.keyword.WebUiBuiltInKeywords.modifyObjectProperty(product, "xpath", "equals", "//*[@id = "fldvendor" + row + ""]", true): Modify property of object successfully

2018-05-16 19:05:33 - [MESSAGE][PASSED] - Modify property of object successfully

2018-05-16 19:05:33 - [TEST_STEP][PASSED] - selectOptionByIndex: All options with index in [5] are selected on object ''

2018-05-16 19:05:33 - [MESSAGE][PASSED] - All options with index in [5] are selected on object ''

2018-05-16 19:05:33 - [TEST_STEP][PASSED] - Statement - batch = new com.kms.katalon.core.testobject.TestObject(): null

2018-05-16 19:05:33 - [TEST_STEP][PASSED] - Statement - batch = com.kms.katalon.core.webui.keyword.WebUiBuiltInKeywords.modifyObjectProperty(batch, "xpath", "equals", "//*[@id = "txtbthqty" + row + ""]", true): Modify property of object successfully

2018-05-16 19:05:33 - [MESSAGE][PASSED] - Modify property of object successfully

2018-05-16 19:05:33 - [TEST_STEP][PASSED] - Statement - batchqty = com.kms.katalon.core.webui.keyword.WebUiBuiltInKeywords.getAttribute(batch, "value").trim(): Attribute 'value' of object '' is: '5000'

2018-05-16 19:05:33 - [MESSAGE][PASSED] - Attribute 'value' of object '' is: '5000'

2018-05-16 19:05:33 - [TEST_STEP][PASSED] - Statement - Rqty = 10000: null

2018-05-16 19:05:33 - [TEST_STEP][PASSED] - delay: Delayed 2 second(s)

2018-05-16 19:05:35 - [MESSAGE][PASSED] - Delayed 2 second(s)

2018-05-16 19:05:35 - [TEST_STEP][PASSED] - Statement - out.println("BatchQty : " + batchqty): null

2018-05-16 19:05:35 - [TEST_STEP][PASSED] - Statement - out.println("RQty : " + Rqty): null

2018-05-16 19:05:35 - [TEST_STEP][PASSED] - Statement - If (java.lang.Integer.valueOf(batchqty) >= java.lang.Integer.valueOf(Rqty)): null

2018-05-16 19:05:35 - [TEST_STEP][PASSED] - Statement - Else: null

2018-05-16 19:05:35 - [TEST_STEP][PASSED] - Statement - out.println("Batchqty Is Less Than Rqty"): null

2018-05-16 19:05:35 - [TEST_STEP][PASSED] - Statement - product = new com.kms.katalon.core.testobject.TestObject(): null

2018-05-16 19:05:35 - [TEST_STEP][PASSED] - Statement - product = com.kms.katalon.core.webui.keyword.WebUiBuiltInKeywords.modifyObjectProperty(product, "xpath", "equals", "//*[@id = "fldvendor" + row + ""]", true): Modify property of object successfully

2018-05-16 19:05:35 - [MESSAGE][PASSED] - Modify property of object successfully

2018-05-16 19:05:35 - [TEST_STEP][PASSED] - selectOptionByIndex: All options with index in [6] are selected on object ''

2018-05-16 19:05:35 - [MESSAGE][PASSED] - All options with index in [6] are selected on object ''

2018-05-16 19:05:35 - [TEST_STEP][PASSED] - Statement - batch = new com.kms.katalon.core.testobject.TestObject(): null

2018-05-16 19:05:35 - [TEST_STEP][PASSED] - Statement - batch = com.kms.katalon.core.webui.keyword.WebUiBuiltInKeywords.modifyObjectProperty(batch, "xpath", "equals", "//*[@id = "txtbthqty" + row + ""]", true): Modify property of object successfully

2018-05-16 19:05:35 - [MESSAGE][PASSED] - Modify property of object successfully

2018-05-16 19:05:35 - [TEST_STEP][PASSED] - Statement - batchqty = com.kms.katalon.core.webui.keyword.WebUiBuiltInKeywords.getAttribute(batch, "value").trim(): Attribute 'value' of object '' is: '39900'

2018-05-16 19:05:35 - [MESSAGE][PASSED] - Attribute 'value' of object '' is: '39900'

2018-05-16 19:05:35 - [TEST_STEP][PASSED] - Statement - Rqty = 10000: null

2018-05-16 19:05:35 - [TEST_STEP][PASSED] - delay: Delayed 2 second(s)

2018-05-16 19:05:37 - [MESSAGE][PASSED] - Delayed 2 second(s)

2018-05-16 19:05:37 - [TEST_STEP][PASSED] - Statement - out.println("BatchQty : " + batchqty): null

2018-05-16 19:05:37 - [TEST_STEP][PASSED] - Statement - out.println("RQty : " + Rqty): null

2018-05-16 19:05:37 - [TEST_STEP][PASSED] - Statement - If (java.lang.Integer.valueOf(batchqty) >= java.lang.Integer.valueOf(Rqty)): null

2018-05-16 19:05:37 - [TEST_STEP][PASSED] - Statement - Break: null

2018-05-16 19:05:37 - [TEST_STEP][PASSED] - Statement - batchlength = new com.kms.katalon.core.testobject.TestObject(): null

2018-05-16 19:05:37 - [TEST_STEP][PASSED] - Statement - batchlength = com.kms.katalon.core.webui.keyword.WebUiBuiltInKeywords.modifyObjectProperty(batchlength, "xpath", "equals", "//*[@id = "fldvendor" + row + ""]", true): Modify property of object successfully

2018-05-16 19:05:37 - [MESSAGE][PASSED] - Modify property of object successfully

2018-05-16 19:05:37 - [TEST_STEP][PASSED] - Statement - batchsize = com.kms.katalon.core.webui.keyword.WebUiBuiltInKeywords.getNumberOfTotalOption(batchlength): 9 options of object '' counted

2018-05-16 19:05:37 - [MESSAGE][PASSED] - 9 options of object '' counted

2018-05-16 19:05:37 - [TEST_STEP][PASSED] - Statement - out.println("BatchSize : " + batchsize): null

2018-05-16 19:05:37 - [TEST_STEP][PASSED] - Statement - For ([n = 1, n <= batchsize - 1, (n++)]): null

2018-05-16 19:05:37 - [TEST_STEP][PASSED] - Statement - product = new com.kms.katalon.core.testobject.TestObject(): null

2018-05-16 19:05:37 - [TEST_STEP][PASSED] - Statement - product = com.kms.katalon.core.webui.keyword.WebUiBuiltInKeywords.modifyObjectProperty(product, "xpath", "equals", "//*[@id = "fldvendor" + row + ""]", true): Modify property of object successfully

2018-05-16 19:05:37 - [MESSAGE][PASSED] - Modify property of object successfully

2018-05-16 19:05:37 - [TEST_STEP][PASSED] - selectOptionByIndex: All options with index in [1] are selected on object ''

2018-05-16 19:05:38 - [MESSAGE][PASSED] - All options with index in [1] are selected on object ''

2018-05-16 19:05:38 - [TEST_STEP][PASSED] - Statement - batch = new com.kms.katalon.core.testobject.TestObject(): null

2018-05-16 19:05:38 - [TEST_STEP][PASSED] - Statement - batch = com.kms.katalon.core.webui.keyword.WebUiBuiltInKeywords.modifyObjectProperty(batch, "xpath", "equals", "//*[@id = "txtbthqty" + row + ""]", true): Modify property of object successfully

2018-05-16 19:05:38 - [MESSAGE][PASSED] - Modify property of object successfully

2018-05-16 19:05:38 - [TEST_STEP][PASSED] - Statement - batchqty = com.kms.katalon.core.webui.keyword.WebUiBuiltInKeywords.getAttribute(batch, "value").trim(): Attribute 'value' of object '' is: '2900'

2018-05-16 19:05:38 - [MESSAGE][PASSED] - Attribute 'value' of object '' is: '2900'

2018-05-16 19:05:38 - [TEST_STEP][PASSED] - Statement - Rqty = 10000: null

2018-05-16 19:05:38 - [TEST_STEP][PASSED] - delay: Delayed 2 second(s)

2018-05-16 19:05:40 - [MESSAGE][PASSED] - Delayed 2 second(s)

2018-05-16 19:05:40 - [TEST_STEP][PASSED] - Statement - out.println("BatchQty : " + batchqty): null

2018-05-16 19:05:40 - [TEST_STEP][PASSED] - Statement - out.println("RQty : " + Rqty): null

2018-05-16 19:05:40 - [TEST_STEP][PASSED] - Statement - If (java.lang.Integer.valueOf(batchqty) >= java.lang.Integer.valueOf(Rqty)): null

2018-05-16 19:05:40 - [TEST_STEP][PASSED] - Statement - Else: null

2018-05-16 19:05:40 - [TEST_STEP][PASSED] - Statement - out.println("Batchqty Is Less Than Rqty"): null

2018-05-16 19:05:40 - [TEST_STEP][PASSED] - Statement - product = new com.kms.katalon.core.testobject.TestObject(): null

2018-05-16 19:05:40 - [TEST_STEP][PASSED] - Statement - product = com.kms.katalon.core.webui.keyword.WebUiBuiltInKeywords.modifyObjectProperty(product, "xpath", "equals", "//*[@id = "fldvendor" + row + ""]", true): Modify property of object successfully

2018-05-16 19:05:40 - [MESSAGE][PASSED] - Modify property of object successfully

2018-05-16 19:05:40 - [TEST_STEP][PASSED] - selectOptionByIndex: All options with index in [2] are selected on object ''

2018-05-16 19:05:40 - [MESSAGE][PASSED] - All options with index in [2] are selected on object ''

2018-05-16 19:05:40 - [TEST_STEP][PASSED] - Statement - batch = new com.kms.katalon.core.testobject.TestObject(): null

2018-05-16 19:05:40 - [TEST_STEP][PASSED] - Statement - batch = com.kms.katalon.core.webui.keyword.WebUiBuiltInKeywords.modifyObjectProperty(batch, "xpath", "equals", "//*[@id = "txtbthqty" + row + ""]", true): Modify property of object successfully

2018-05-16 19:05:40 - [MESSAGE][PASSED] - Modify property of object successfully

2018-05-16 19:05:40 - [TEST_STEP][PASSED] - Statement - batchqty = com.kms.katalon.core.webui.keyword.WebUiBuiltInKeywords.getAttribute(batch, "value").trim(): Attribute 'value' of object '' is: '39900'

2018-05-16 19:05:40 - [MESSAGE][PASSED] - Attribute 'value' of object '' is: '39900'

2018-05-16 19:05:40 - [TEST_STEP][PASSED] - Statement - Rqty = 10000: null

2018-05-16 19:05:40 - [TEST_STEP][PASSED] - delay: Delayed 2 second(s)

2018-05-16 19:05:42 - [MESSAGE][PASSED] - Delayed 2 second(s)

2018-05-16 19:05:42 - [TEST_STEP][PASSED] - Statement - out.println("BatchQty : " + batchqty): null

2018-05-16 19:05:42 - [TEST_STEP][PASSED] - Statement - out.println("RQty : " + Rqty): null

2018-05-16 19:05:42 - [TEST_STEP][PASSED] - Statement - If (java.lang.Integer.valueOf(batchqty) >= java.lang.Integer.valueOf(Rqty)): null

2018-05-16 19:05:42 - [TEST_STEP][PASSED] - Statement - Break: null

2018-05-16 19:05:42 - [TEST_STEP][PASSED] - Statement - batchlength = new com.kms.katalon.core.testobject.TestObject(): null

2018-05-16 19:05:42 - [TEST_STEP][PASSED] - Statement - batchlength = com.kms.katalon.core.webui.keyword.WebUiBuiltInKeywords.modifyObjectProperty(batchlength, "xpath", "equals", "//*[@id = "fldvendor" + row + ""]", true): Modify property of object successfully

2018-05-16 19:05:42 - [MESSAGE][PASSED] - Modify property of object successfully

2018-05-16 19:05:42 - [TEST_STEP][PASSED] - Statement - batchsize = com.kms.katalon.core.webui.keyword.WebUiBuiltInKeywords.getNumberOfTotalOption(batchlength): 9 options of object '' counted

2018-05-16 19:05:42 - [MESSAGE][PASSED] - 9 options of object '' counted

2018-05-16 19:05:42 - [TEST_STEP][PASSED] - Statement - out.println("BatchSize : " + batchsize): null

2018-05-16 19:05:42 - [TEST_STEP][PASSED] - Statement - For ([n = 1, n <= batchsize - 1, (n++)]): null

2018-05-16 19:05:42 - [TEST_STEP][PASSED] - Statement - product = new com.kms.katalon.core.testobject.TestObject(): null

2018-05-16 19:05:42 - [TEST_STEP][PASSED] - Statement - product = com.kms.katalon.core.webui.keyword.WebUiBuiltInKeywords.modifyObjectProperty(product, "xpath", "equals", "//*[@id = "fldvendor" + row + ""]", true): Modify property of object successfully

2018-05-16 19:05:42 - [MESSAGE][PASSED] - Modify property of object successfully

2018-05-16 19:05:42 - [TEST_STEP][PASSED] - selectOptionByIndex: All options with index in [1] are selected on object ''

2018-05-16 19:05:42 - [MESSAGE][PASSED] - All options with index in [1] are selected on object ''

2018-05-16 19:05:42 - [TEST_STEP][PASSED] - Statement - batch = new com.kms.katalon.core.testobject.TestObject(): null

2018-05-16 19:05:42 - [TEST_STEP][PASSED] - Statement - batch = com.kms.katalon.core.webui.keyword.WebUiBuiltInKeywords.modifyObjectProperty(batch, "xpath", "equals", "//*[@id = "txtbthqty" + row + ""]", true): Modify property of object successfully

2018-05-16 19:05:42 - [MESSAGE][PASSED] - Modify property of object successfully

2018-05-16 19:05:42 - [TEST_STEP][PASSED] - Statement - batchqty = com.kms.katalon.core.webui.keyword.WebUiBuiltInKeywords.getAttribute(batch, "value").trim(): Attribute 'value' of object '' is: '5000'

2018-05-16 19:05:42 - [MESSAGE][PASSED] - Attribute 'value' of object '' is: '5000'

2018-05-16 19:05:42 - [TEST_STEP][PASSED] - Statement - Rqty = 10000: null

2018-05-16 19:05:42 - [TEST_STEP][PASSED] - delay: Delayed 2 second(s)

2018-05-16 19:05:44 - [MESSAGE][PASSED] - Delayed 2 second(s)

2018-05-16 19:05:44 - [TEST_STEP][PASSED] - Statement - out.println("BatchQty : " + batchqty): null

2018-05-16 19:05:44 - [TEST_STEP][PASSED] - Statement - out.println("RQty : " + Rqty): null

2018-05-16 19:05:44 - [TEST_STEP][PASSED] - Statement - If (java.lang.Integer.valueOf(batchqty) >= java.lang.Integer.valueOf(Rqty)): null

2018-05-16 19:05:44 - [TEST_STEP][PASSED] - Statement - Else: null

2018-05-16 19:05:44 - [TEST_STEP][PASSED] - Statement - out.println("Batchqty Is Less Than Rqty"): null

2018-05-16 19:05:44 - [TEST_STEP][PASSED] - Statement - product = new com.kms.katalon.core.testobject.TestObject(): null

2018-05-16 19:05:44 - [TEST_STEP][PASSED] - Statement - product = com.kms.katalon.core.webui.keyword.WebUiBuiltInKeywords.modifyObjectProperty(product, "xpath", "equals", "//*[@id = "fldvendor" + row + ""]", true): Modify property of object successfully

2018-05-16 19:05:44 - [MESSAGE][PASSED] - Modify property of object successfully

2018-05-16 19:05:44 - [TEST_STEP][PASSED] - selectOptionByIndex: All options with index in [2] are selected on object ''

2018-05-16 19:05:44 - [MESSAGE][PASSED] - All options with index in [2] are selected on object ''

2018-05-16 19:05:44 - [TEST_STEP][PASSED] - Statement - batch = new com.kms.katalon.core.testobject.TestObject(): null

2018-05-16 19:05:44 - [TEST_STEP][PASSED] - Statement - batch = com.kms.katalon.core.webui.keyword.WebUiBuiltInKeywords.modifyObjectProperty(batch, "xpath", "equals", "//*[@id = "txtbthqty" + row + ""]", true): Modify property of object successfully

2018-05-16 19:05:44 - [MESSAGE][PASSED] - Modify property of object successfully

2018-05-16 19:05:44 - [TEST_STEP][PASSED] - Statement - batchqty = com.kms.katalon.core.webui.keyword.WebUiBuiltInKeywords.getAttribute(batch, "value").trim(): Attribute 'value' of object '' is: '4900'

2018-05-16 19:05:44 - [MESSAGE][PASSED] - Attribute 'value' of object '' is: '4900'

2018-05-16 19:05:44 - [TEST_STEP][PASSED] - Statement - Rqty = 10000: null

2018-05-16 19:05:44 - [TEST_STEP][PASSED] - delay: Delayed 2 second(s)

2018-05-16 19:05:46 - [MESSAGE][PASSED] - Delayed 2 second(s)

2018-05-16 19:05:46 - [TEST_STEP][PASSED] - Statement - out.println("BatchQty : " + batchqty): null

2018-05-16 19:05:46 - [TEST_STEP][PASSED] - Statement - out.println("RQty : " + Rqty): null

2018-05-16 19:05:46 - [TEST_STEP][PASSED] - Statement - If (java.lang.Integer.valueOf(batchqty) >= java.lang.Integer.valueOf(Rqty)): null

2018-05-16 19:05:46 - [TEST_STEP][PASSED] - Statement - Else: null

2018-05-16 19:05:46 - [TEST_STEP][PASSED] - Statement - out.println("Batchqty Is Less Than Rqty"): null

2018-05-16 19:05:46 - [TEST_STEP][PASSED] - Statement - product = new com.kms.katalon.core.testobject.TestObject(): null

2018-05-16 19:05:46 - [TEST_STEP][PASSED] - Statement - product = com.kms.katalon.core.webui.keyword.WebUiBuiltInKeywords.modifyObjectProperty(product, "xpath", "equals", "//*[@id = "fldvendor" + row + ""]", true): Modify property of object successfully

2018-05-16 19:05:46 - [MESSAGE][PASSED] - Modify property of object successfully

2018-05-16 19:05:46 - [TEST_STEP][PASSED] - selectOptionByIndex: All options with index in [3] are selected on object ''

2018-05-16 19:05:46 - [MESSAGE][PASSED] - All options with index in [3] are selected on object ''

2018-05-16 19:05:46 - [TEST_STEP][PASSED] - Statement - batch = new com.kms.katalon.core.testobject.TestObject(): null

2018-05-16 19:05:46 - [TEST_STEP][PASSED] - Statement - batch = com.kms.katalon.core.webui.keyword.WebUiBuiltInKeywords.modifyObjectProperty(batch, "xpath", "equals", "//*[@id = "txtbthqty" + row + ""]", true): Modify property of object successfully

2018-05-16 19:05:46 - [MESSAGE][PASSED] - Modify property of object successfully

2018-05-16 19:05:46 - [TEST_STEP][PASSED] - Statement - batchqty = com.kms.katalon.core.webui.keyword.WebUiBuiltInKeywords.getAttribute(batch, "value").trim(): Attribute 'value' of object '' is: '3000'

2018-05-16 19:05:46 - [MESSAGE][PASSED] - Attribute 'value' of object '' is: '3000'

2018-05-16 19:05:46 - [TEST_STEP][PASSED] - Statement - Rqty = 10000: null

2018-05-16 19:05:46 - [TEST_STEP][PASSED] - delay: Delayed 2 second(s)

2018-05-16 19:05:48 - [MESSAGE][PASSED] - Delayed 2 second(s)

2018-05-16 19:05:48 - [TEST_STEP][PASSED] - Statement - out.println("BatchQty : " + batchqty): null

2018-05-16 19:05:48 - [TEST_STEP][PASSED] - Statement - out.println("RQty : " + Rqty): null

2018-05-16 19:05:48 - [TEST_STEP][PASSED] - Statement - If (java.lang.Integer.valueOf(batchqty) >= java.lang.Integer.valueOf(Rqty)): null

2018-05-16 19:05:48 - [TEST_STEP][PASSED] - Statement - Else: null

2018-05-16 19:05:48 - [TEST_STEP][PASSED] - Statement - out.println("Batchqty Is Less Than Rqty"): null

2018-05-16 19:05:48 - [TEST_STEP][PASSED] - Statement - product = new com.kms.katalon.core.testobject.TestObject(): null

2018-05-16 19:05:48 - [TEST_STEP][PASSED] - Statement - product = com.kms.katalon.core.webui.keyword.WebUiBuiltInKeywords.modifyObjectProperty(product, "xpath", "equals", "//*[@id = "fldvendor" + row + ""]", true): Modify property of object successfully

2018-05-16 19:05:48 - [MESSAGE][PASSED] - Modify property of object successfully

2018-05-16 19:05:48 - [TEST_STEP][PASSED] - selectOptionByIndex: All options with index in [4] are selected on object ''

2018-05-16 19:05:49 - [MESSAGE][PASSED] - All options with index in [4] are selected on object ''

2018-05-16 19:05:49 - [TEST_STEP][PASSED] - Statement - batch = new com.kms.katalon.core.testobject.TestObject(): null

2018-05-16 19:05:49 - [TEST_STEP][PASSED] - Statement - batch = com.kms.katalon.core.webui.keyword.WebUiBuiltInKeywords.modifyObjectProperty(batch, "xpath", "equals", "//*[@id = "txtbthqty" + row + ""]", true): Modify property of object successfully

2018-05-16 19:05:49 - [MESSAGE][PASSED] - Modify property of object successfully

2018-05-16 19:05:49 - [TEST_STEP][PASSED] - Statement - batchqty = com.kms.katalon.core.webui.keyword.WebUiBuiltInKeywords.getAttribute(batch, "value").trim(): Attribute 'value' of object '' is: '5000'

2018-05-16 19:05:49 - [MESSAGE][PASSED] - Attribute 'value' of object '' is: '5000'

2018-05-16 19:05:49 - [TEST_STEP][PASSED] - Statement - Rqty = 10000: null

2018-05-16 19:05:49 - [TEST_STEP][PASSED] - delay: Delayed 2 second(s)

2018-05-16 19:05:51 - [MESSAGE][PASSED] - Delayed 2 second(s)

2018-05-16 19:05:51 - [TEST_STEP][PASSED] - Statement - out.println("BatchQty : " + batchqty): null

2018-05-16 19:05:51 - [TEST_STEP][PASSED] - Statement - out.println("RQty : " + Rqty): null

2018-05-16 19:05:51 - [TEST_STEP][PASSED] - Statement - If (java.lang.Integer.valueOf(batchqty) >= java.lang.Integer.valueOf(Rqty)): null

2018-05-16 19:05:51 - [TEST_STEP][PASSED] - Statement - Else: null

2018-05-16 19:05:51 - [TEST_STEP][PASSED] - Statement - out.println("Batchqty Is Less Than Rqty"): null

2018-05-16 19:05:51 - [TEST_STEP][PASSED] - Statement - product = new com.kms.katalon.core.testobject.TestObject(): null

2018-05-16 19:05:51 - [TEST_STEP][PASSED] - Statement - product = com.kms.katalon.core.webui.keyword.WebUiBuiltInKeywords.modifyObjectProperty(product, "xpath", "equals", "//*[@id = "fldvendor" + row + ""]", true): Modify property of object successfully

2018-05-16 19:05:51 - [MESSAGE][PASSED] - Modify property of object successfully

2018-05-16 19:05:51 - [TEST_STEP][PASSED] - selectOptionByIndex: All options with index in [5] are selected on object ''

2018-05-16 19:05:51 - [MESSAGE][PASSED] - All options with index in [5] are selected on object ''

2018-05-16 19:05:51 - [TEST_STEP][PASSED] - Statement - batch = new com.kms.katalon.core.testobject.TestObject(): null

2018-05-16 19:05:51 - [TEST_STEP][PASSED] - Statement - batch = com.kms.katalon.core.webui.keyword.WebUiBuiltInKeywords.modifyObjectProperty(batch, "xpath", "equals", "//*[@id = "txtbthqty" + row + ""]", true): Modify property of object successfully

2018-05-16 19:05:51 - [MESSAGE][PASSED] - Modify property of object successfully

2018-05-16 19:05:51 - [TEST_STEP][PASSED] - Statement - batchqty = com.kms.katalon.core.webui.keyword.WebUiBuiltInKeywords.getAttribute(batch, "value").trim(): Attribute 'value' of object '' is: '5000'

2018-05-16 19:05:51 - [MESSAGE][PASSED] - Attribute 'value' of object '' is: '5000'

2018-05-16 19:05:51 - [TEST_STEP][PASSED] - Statement - Rqty = 10000: null

2018-05-16 19:05:51 - [TEST_STEP][PASSED] - delay: Delayed 2 second(s)

2018-05-16 19:05:53 - [MESSAGE][PASSED] - Delayed 2 second(s)

2018-05-16 19:05:53 - [TEST_STEP][PASSED] - Statement - out.println("BatchQty : " + batchqty): null

2018-05-16 19:05:53 - [TEST_STEP][PASSED] - Statement - out.println("RQty : " + Rqty): null

2018-05-16 19:05:53 - [TEST_STEP][PASSED] - Statement - If (java.lang.Integer.valueOf(batchqty) >= java.lang.Integer.valueOf(Rqty)): null

2018-05-16 19:05:53 - [TEST_STEP][PASSED] - Statement - Else: null

2018-05-16 19:05:53 - [TEST_STEP][PASSED] - Statement - out.println("Batchqty Is Less Than Rqty"): null

2018-05-16 19:05:53 - [TEST_STEP][PASSED] - Statement - product = new com.kms.katalon.core.testobject.TestObject(): null

2018-05-16 19:05:53 - [TEST_STEP][PASSED] - Statement - product = com.kms.katalon.core.webui.keyword.WebUiBuiltInKeywords.modifyObjectProperty(product, "xpath", "equals", "//*[@id = "fldvendor" + row + ""]", true): Modify property of object successfully

2018-05-16 19:05:53 - [MESSAGE][PASSED] - Modify property of object successfully

2018-05-16 19:05:53 - [TEST_STEP][PASSED] - selectOptionByIndex: All options with index in [6] are selected on object ''

2018-05-16 19:05:53 - [MESSAGE][PASSED] - All options with index in [6] are selected on object ''

2018-05-16 19:05:53 - [TEST_STEP][PASSED] - Statement - batch = new com.kms.katalon.core.testobject.TestObject(): null

2018-05-16 19:05:53 - [TEST_STEP][PASSED] - Statement - batch = com.kms.katalon.core.webui.keyword.WebUiBuiltInKeywords.modifyObjectProperty(batch, "xpath", "equals", "//*[@id = "txtbthqty" + row + ""]", true): Modify property of object successfully

2018-05-16 19:05:53 - [MESSAGE][PASSED] - Modify property of object successfully

2018-05-16 19:05:53 - [TEST_STEP][PASSED] - Statement - batchqty = com.kms.katalon.core.webui.keyword.WebUiBuiltInKeywords.getAttribute(batch, "value").trim(): Attribute 'value' of object '' is: '5000'

2018-05-16 19:05:53 - [MESSAGE][PASSED] - Attribute 'value' of object '' is: '5000'

2018-05-16 19:05:53 - [TEST_STEP][PASSED] - Statement - Rqty = 10000: null

2018-05-16 19:05:53 - [TEST_STEP][PASSED] - delay: Delayed 2 second(s)

2018-05-16 19:05:55 - [MESSAGE][PASSED] - Delayed 2 second(s)

2018-05-16 19:05:55 - [TEST_STEP][PASSED] - Statement - out.println("BatchQty : " + batchqty): null

2018-05-16 19:05:55 - [TEST_STEP][PASSED] - Statement - out.println("RQty : " + Rqty): null

2018-05-16 19:05:55 - [TEST_STEP][PASSED] - Statement - If (java.lang.Integer.valueOf(batchqty) >= java.lang.Integer.valueOf(Rqty)): null

2018-05-16 19:05:55 - [TEST_STEP][PASSED] - Statement - Else: null

2018-05-16 19:05:55 - [TEST_STEP][PASSED] - Statement - out.println("Batchqty Is Less Than Rqty"): null

2018-05-16 19:05:55 - [TEST_STEP][PASSED] - Statement - product = new com.kms.katalon.core.testobject.TestObject(): null

2018-05-16 19:05:55 - [TEST_STEP][PASSED] - Statement - product = com.kms.katalon.core.webui.keyword.WebUiBuiltInKeywords.modifyObjectProperty(product, "xpath", "equals", "//*[@id = "fldvendor" + row + ""]", true): Modify property of object successfully

2018-05-16 19:05:55 - [MESSAGE][PASSED] - Modify property of object successfully

2018-05-16 19:05:55 - [TEST_STEP][PASSED] - selectOptionByIndex: All options with index in [7] are selected on object ''

2018-05-16 19:05:55 - [MESSAGE][PASSED] - All options with index in [7] are selected on object ''

2018-05-16 19:05:55 - [TEST_STEP][PASSED] - Statement - batch = new com.kms.katalon.core.testobject.TestObject(): null

2018-05-16 19:05:55 - [TEST_STEP][PASSED] - Statement - batch = com.kms.katalon.core.webui.keyword.WebUiBuiltInKeywords.modifyObjectProperty(batch, "xpath", "equals", "//*[@id = "txtbthqty" + row + ""]", true): Modify property of object successfully

2018-05-16 19:05:55 - [MESSAGE][PASSED] - Modify property of object successfully

2018-05-16 19:05:55 - [TEST_STEP][PASSED] - Statement - batchqty = com.kms.katalon.core.webui.keyword.WebUiBuiltInKeywords.getAttribute(batch, "value").trim(): Attribute 'value' of object '' is: '5000'

2018-05-16 19:05:55 - [MESSAGE][PASSED] - Attribute 'value' of object '' is: '5000'

2018-05-16 19:05:55 - [TEST_STEP][PASSED] - Statement - Rqty = 10000: null

2018-05-16 19:05:55 - [TEST_STEP][PASSED] - delay: Delayed 2 second(s)

2018-05-16 19:05:57 - [MESSAGE][PASSED] - Delayed 2 second(s)

2018-05-16 19:05:57 - [TEST_STEP][PASSED] - Statement - out.println("BatchQty : " + batchqty): null

2018-05-16 19:05:57 - [TEST_STEP][PASSED] - Statement - out.println("RQty : " + Rqty): null

2018-05-16 19:05:57 - [TEST_STEP][PASSED] - Statement - If (java.lang.Integer.valueOf(batchqty) >= java.lang.Integer.valueOf(Rqty)): null

2018-05-16 19:05:57 - [TEST_STEP][PASSED] - Statement - Else: null

2018-05-16 19:05:57 - [TEST_STEP][PASSED] - Statement - out.println("Batchqty Is Less Than Rqty"): null

2018-05-16 19:05:57 - [TEST_STEP][PASSED] - Statement - product = new com.kms.katalon.core.testobject.TestObject(): null

2018-05-16 19:05:57 - [TEST_STEP][PASSED] - Statement - product = com.kms.katalon.core.webui.keyword.WebUiBuiltInKeywords.modifyObjectProperty(product, "xpath", "equals", "//*[@id = "fldvendor" + row + ""]", true): Modify property of object successfully

2018-05-16 19:05:57 - [MESSAGE][PASSED] - Modify property of object successfully

2018-05-16 19:05:57 - [TEST_STEP][PASSED] - selectOptionByIndex: All options with index in [8] are selected on object ''

2018-05-16 19:05:57 - [MESSAGE][PASSED] - All options with index in [8] are selected on object ''

2018-05-16 19:05:57 - [TEST_STEP][PASSED] - Statement - batch = new com.kms.katalon.core.testobject.TestObject(): null

2018-05-16 19:05:57 - [TEST_STEP][PASSED] - Statement - batch = com.kms.katalon.core.webui.keyword.WebUiBuiltInKeywords.modifyObjectProperty(batch, "xpath", "equals", "//*[@id = "txtbthqty" + row + ""]", true): Modify property of object successfully

2018-05-16 19:05:57 - [MESSAGE][PASSED] - Modify property of object successfully

2018-05-16 19:05:57 - [TEST_STEP][PASSED] - Statement - batchqty = com.kms.katalon.core.webui.keyword.WebUiBuiltInKeywords.getAttribute(batch, "value").trim(): Attribute 'value' of object '' is: '39900'

2018-05-16 19:05:57 - [MESSAGE][PASSED] - Attribute 'value' of object '' is: '39900'

2018-05-16 19:05:57 - [TEST_STEP][PASSED] - Statement - Rqty = 10000: null

2018-05-16 19:05:57 - [TEST_STEP][PASSED] - delay: Delayed 2 second(s)

2018-05-16 19:05:59 - [MESSAGE][PASSED] - Delayed 2 second(s)

2018-05-16 19:05:59 - [TEST_STEP][PASSED] - Statement - out.println("BatchQty : " + batchqty): null

2018-05-16 19:05:59 - [TEST_STEP][PASSED] - Statement - out.println("RQty : " + Rqty): null

2018-05-16 19:05:59 - [TEST_STEP][PASSED] - Statement - If (java.lang.Integer.valueOf(batchqty) >= java.lang.Integer.valueOf(Rqty)): null

2018-05-16 19:05:59 - [TEST_STEP][PASSED] - Statement - Break: null

2018-05-16 19:05:59 - [TEST_STEP][PASSED] - Statement - batchlength = new com.kms.katalon.core.testobject.TestObject(): null

2018-05-16 19:05:59 - [TEST_STEP][PASSED] - Statement - batchlength = com.kms.katalon.core.webui.keyword.WebUiBuiltInKeywords.modifyObjectProperty(batchlength, "xpath", "equals", "//*[@id = "fldvendor" + row + ""]", true): Modify property of object successfully

2018-05-16 19:05:59 - [MESSAGE][PASSED] - Modify property of object successfully

2018-05-16 19:05:59 - [TEST_STEP][PASSED] - Statement - batchsize = com.kms.katalon.core.webui.keyword.WebUiBuiltInKeywords.getNumberOfTotalOption(batchlength): 9 options of object '' counted

2018-05-16 19:06:00 - [MESSAGE][PASSED] - 9 options of object '' counted

2018-05-16 19:06:00 - [TEST_STEP][PASSED] - Statement - out.println("BatchSize : " + batchsize): null

2018-05-16 19:06:00 - [TEST_STEP][PASSED] - Statement - For ([n = 1, n <= batchsize - 1, (n++)]): null

2018-05-16 19:06:00 - [TEST_STEP][PASSED] - Statement - product = new com.kms.katalon.core.testobject.TestObject(): null

2018-05-16 19:06:00 - [TEST_STEP][PASSED] - Statement - product = com.kms.katalon.core.webui.keyword.WebUiBuiltInKeywords.modifyObjectProperty(product, "xpath", "equals", "//*[@id = "fldvendor" + row + ""]", true): Modify property of object successfully

2018-05-16 19:06:00 - [MESSAGE][PASSED] - Modify property of object successfully

2018-05-16 19:06:00 - [TEST_STEP][PASSED] - selectOptionByIndex: All options with index in [1] are selected on object ''

2018-05-16 19:06:00 - [MESSAGE][PASSED] - All options with index in [1] are selected on object ''

2018-05-16 19:06:00 - [TEST_STEP][PASSED] - Statement - batch = new com.kms.katalon.core.testobject.TestObject(): null

2018-05-16 19:06:00 - [TEST_STEP][PASSED] - Statement - batch = com.kms.katalon.core.webui.keyword.WebUiBuiltInKeywords.modifyObjectProperty(batch, "xpath", "equals", "//*[@id = "txtbthqty" + row + ""]", true): Modify property of object successfully

2018-05-16 19:06:00 - [MESSAGE][PASSED] - Modify property of object successfully

2018-05-16 19:06:00 - [TEST_STEP][PASSED] - Statement - batchqty = com.kms.katalon.core.webui.keyword.WebUiBuiltInKeywords.getAttribute(batch, "value").trim(): Attribute 'value' of object '' is: '5000'

2018-05-16 19:06:00 - [MESSAGE][PASSED] - Attribute 'value' of object '' is: '5000'

2018-05-16 19:06:00 - [TEST_STEP][PASSED] - Statement - Rqty = 10000: null

2018-05-16 19:06:00 - [TEST_STEP][PASSED] - delay: Delayed 2 second(s)

2018-05-16 19:06:02 - [MESSAGE][PASSED] - Delayed 2 second(s)

2018-05-16 19:06:02 - [TEST_STEP][PASSED] - Statement - out.println("BatchQty : " + batchqty): null

2018-05-16 19:06:02 - [TEST_STEP][PASSED] - Statement - out.println("RQty : " + Rqty): null

2018-05-16 19:06:02 - [TEST_STEP][PASSED] - Statement - If (java.lang.Integer.valueOf(batchqty) >= java.lang.Integer.valueOf(Rqty)): null

2018-05-16 19:06:02 - [TEST_STEP][PASSED] - Statement - Else: null

2018-05-16 19:06:02 - [TEST_STEP][PASSED] - Statement - out.println("Batchqty Is Less Than Rqty"): null

2018-05-16 19:06:02 - [TEST_STEP][PASSED] - Statement - product = new com.kms.katalon.core.testobject.TestObject(): null

2018-05-16 19:06:02 - [TEST_STEP][PASSED] - Statement - product = com.kms.katalon.core.webui.keyword.WebUiBuiltInKeywords.modifyObjectProperty(product, "xpath", "equals", "//*[@id = "fldvendor" + row + ""]", true): Modify property of object successfully

2018-05-16 19:06:02 - [MESSAGE][PASSED] - Modify property of object successfully

2018-05-16 19:06:02 - [TEST_STEP][PASSED] - selectOptionByIndex: All options with index in [2] are selected on object ''

2018-05-16 19:06:02 - [MESSAGE][PASSED] - All options with index in [2] are selected on object ''

2018-05-16 19:06:02 - [TEST_STEP][PASSED] - Statement - batch = new com.kms.katalon.core.testobject.TestObject(): null

2018-05-16 19:06:02 - [TEST_STEP][PASSED] - Statement - batch = com.kms.katalon.core.webui.keyword.WebUiBuiltInKeywords.modifyObjectProperty(batch, "xpath", "equals", "//*[@id = "txtbthqty" + row + ""]", true): Modify property of object successfully

2018-05-16 19:06:02 - [MESSAGE][PASSED] - Modify property of object successfully

2018-05-16 19:06:02 - [TEST_STEP][PASSED] - Statement - batchqty = com.kms.katalon.core.webui.keyword.WebUiBuiltInKeywords.getAttribute(batch, "value").trim(): Attribute 'value' of object '' is: '4900'

2018-05-16 19:06:02 - [MESSAGE][PASSED] - Attribute 'value' of object '' is: '4900'

2018-05-16 19:06:02 - [TEST_STEP][PASSED] - Statement - Rqty = 10000: null

2018-05-16 19:06:02 - [TEST_STEP][PASSED] - delay: Delayed 2 second(s)

2018-05-16 19:06:04 - [MESSAGE][PASSED] - Delayed 2 second(s)

2018-05-16 19:06:04 - [TEST_STEP][PASSED] - Statement - out.println("BatchQty : " + batchqty): null

2018-05-16 19:06:04 - [TEST_STEP][PASSED] - Statement - out.println("RQty : " + Rqty): null

2018-05-16 19:06:04 - [TEST_STEP][PASSED] - Statement - If (java.lang.Integer.valueOf(batchqty) >= java.lang.Integer.valueOf(Rqty)): null

2018-05-16 19:06:04 - [TEST_STEP][PASSED] - Statement - Else: null

2018-05-16 19:06:04 - [TEST_STEP][PASSED] - Statement - out.println("Batchqty Is Less Than Rqty"): null

2018-05-16 19:06:04 - [TEST_STEP][PASSED] - Statement - product = new com.kms.katalon.core.testobject.TestObject(): null

2018-05-16 19:06:04 - [TEST_STEP][PASSED] - Statement - product = com.kms.katalon.core.webui.keyword.WebUiBuiltInKeywords.modifyObjectProperty(product, "xpath", "equals", "//*[@id = "fldvendor" + row + ""]", true): Modify property of object successfully

2018-05-16 19:06:04 - [MESSAGE][PASSED] - Modify property of object successfully

2018-05-16 19:06:04 - [TEST_STEP][PASSED] - selectOptionByIndex: All options with index in [3] are selected on object ''

2018-05-16 19:06:04 - [MESSAGE][PASSED] - All options with index in [3] are selected on object ''

2018-05-16 19:06:04 - [TEST_STEP][PASSED] - Statement - batch = new com.kms.katalon.core.testobject.TestObject(): null

2018-05-16 19:06:04 - [TEST_STEP][PASSED] - Statement - batch = com.kms.katalon.core.webui.keyword.WebUiBuiltInKeywords.modifyObjectProperty(batch, "xpath", "equals", "//*[@id = "txtbthqty" + row + ""]", true): Modify property of object successfully

2018-05-16 19:06:04 - [MESSAGE][PASSED] - Modify property of object successfully

2018-05-16 19:06:04 - [TEST_STEP][PASSED] - Statement - batchqty = com.kms.katalon.core.webui.keyword.WebUiBuiltInKeywords.getAttribute(batch, "value").trim(): Attribute 'value' of object '' is: '39900'

2018-05-16 19:06:04 - [MESSAGE][PASSED] - Attribute 'value' of object '' is: '39900'

2018-05-16 19:06:04 - [TEST_STEP][PASSED] - Statement - Rqty = 10000: null

2018-05-16 19:06:04 - [TEST_STEP][PASSED] - delay: Delayed 2 second(s)

2018-05-16 19:06:06 - [MESSAGE][PASSED] - Delayed 2 second(s)

2018-05-16 19:06:06 - [TEST_STEP][PASSED] - Statement - out.println("BatchQty : " + batchqty): null

2018-05-16 19:06:06 - [TEST_STEP][PASSED] - Statement - out.println("RQty : " + Rqty): null

2018-05-16 19:06:06 - [TEST_STEP][PASSED] - Statement - If (java.lang.Integer.valueOf(batchqty) >= java.lang.Integer.valueOf(Rqty)): null

2018-05-16 19:06:06 - [TEST_STEP][PASSED] - Statement - Break: null

2018-05-16 19:06:06 - [TEST_STEP][PASSED] - Statement - batchlength = new com.kms.katalon.core.testobject.TestObject(): null

2018-05-16 19:06:06 - [TEST_STEP][PASSED] - Statement - batchlength = com.kms.katalon.core.webui.keyword.WebUiBuiltInKeywords.modifyObjectProperty(batchlength, "xpath", "equals", "//*[@id = "fldvendor" + row + ""]", true): Modify property of object successfully

2018-05-16 19:06:06 - [MESSAGE][PASSED] - Modify property of object successfully

2018-05-16 19:06:06 - [TEST_STEP][PASSED] - Statement - batchsize = com.kms.katalon.core.webui.keyword.WebUiBuiltInKeywords.getNumberOfTotalOption(batchlength): 9 options of object '' counted

2018-05-16 19:06:06 - [MESSAGE][PASSED] - 9 options of object '' counted

2018-05-16 19:06:06 - [TEST_STEP][PASSED] - Statement - out.println("BatchSize : " + batchsize): null

2018-05-16 19:06:06 - [TEST_STEP][PASSED] - Statement - For ([n = 1, n <= batchsize - 1, (n++)]): null

2018-05-16 19:06:06 - [TEST_STEP][PASSED] - Statement - product = new com.kms.katalon.core.testobject.TestObject(): null

2018-05-16 19:06:06 - [TEST_STEP][PASSED] - Statement - product = com.kms.katalon.core.webui.keyword.WebUiBuiltInKeywords.modifyObjectProperty(product, "xpath", "equals", "//*[@id = "fldvendor" + row + ""]", true): Modify property of object successfully

2018-05-16 19:06:06 - [MESSAGE][PASSED] - Modify property of object successfully

2018-05-16 19:06:06 - [TEST_STEP][PASSED] - selectOptionByIndex: All options with index in [1] are selected on object ''

2018-05-16 19:06:06 - [MESSAGE][PASSED] - All options with index in [1] are selected on object ''

2018-05-16 19:06:06 - [TEST_STEP][PASSED] - Statement - batch = new com.kms.katalon.core.testobject.TestObject(): null

2018-05-16 19:06:06 - [TEST_STEP][PASSED] - Statement - batch = com.kms.katalon.core.webui.keyword.WebUiBuiltInKeywords.modifyObjectProperty(batch, "xpath", "equals", "//*[@id = "txtbthqty" + row + ""]", true): Modify property of object successfully

2018-05-16 19:06:06 - [MESSAGE][PASSED] - Modify property of object successfully

2018-05-16 19:06:06 - [TEST_STEP][PASSED] - Statement - batchqty = com.kms.katalon.core.webui.keyword.WebUiBuiltInKeywords.getAttribute(batch, "value").trim(): Attribute 'value' of object '' is: '2900'

2018-05-16 19:06:06 - [MESSAGE][PASSED] - Attribute 'value' of object '' is: '2900'

2018-05-16 19:06:06 - [TEST_STEP][PASSED] - Statement - Rqty = 10000: null

2018-05-16 19:06:06 - [TEST_STEP][PASSED] - delay: Delayed 2 second(s)

2018-05-16 19:06:08 - [MESSAGE][PASSED] - Delayed 2 second(s)

2018-05-16 19:06:08 - [TEST_STEP][PASSED] - Statement - out.println("BatchQty : " + batchqty): null

2018-05-16 19:06:08 - [TEST_STEP][PASSED] - Statement - out.println("RQty : " + Rqty): null

2018-05-16 19:06:08 - [TEST_STEP][PASSED] - Statement - If (java.lang.Integer.valueOf(batchqty) >= java.lang.Integer.valueOf(Rqty)): null

2018-05-16 19:06:08 - [TEST_STEP][PASSED] - Statement - Else: null

2018-05-16 19:06:08 - [TEST_STEP][PASSED] - Statement - out.println("Batchqty Is Less Than Rqty"): null

2018-05-16 19:06:08 - [TEST_STEP][PASSED] - Statement - product = new com.kms.katalon.core.testobject.TestObject(): null

2018-05-16 19:06:08 - [TEST_STEP][PASSED] - Statement - product = com.kms.katalon.core.webui.keyword.WebUiBuiltInKeywords.modifyObjectProperty(product, "xpath", "equals", "//*[@id = "fldvendor" + row + ""]", true): Modify property of object successfully

2018-05-16 19:06:08 - [MESSAGE][PASSED] - Modify property of object successfully

2018-05-16 19:06:08 - [TEST_STEP][PASSED] - selectOptionByIndex: All options with index in [2] are selected on object ''

2018-05-16 19:06:09 - [MESSAGE][PASSED] - All options with index in [2] are selected on object ''

2018-05-16 19:06:09 - [TEST_STEP][PASSED] - Statement - batch = new com.kms.katalon.core.testobject.TestObject(): null

2018-05-16 19:06:09 - [TEST_STEP][PASSED] - Statement - batch = com.kms.katalon.core.webui.keyword.WebUiBuiltInKeywords.modifyObjectProperty(batch, "xpath", "equals", "//*[@id = "txtbthqty" + row + ""]", true): Modify property of object successfully

2018-05-16 19:06:09 - [MESSAGE][PASSED] - Modify property of object successfully

2018-05-16 19:06:09 - [TEST_STEP][PASSED] - Statement - batchqty = com.kms.katalon.core.webui.keyword.WebUiBuiltInKeywords.getAttribute(batch, "value").trim(): Attribute 'value' of object '' is: '5000'

2018-05-16 19:06:09 - [MESSAGE][PASSED] - Attribute 'value' of object '' is: '5000'

2018-05-16 19:06:09 - [TEST_STEP][PASSED] - Statement - Rqty = 10000: null

2018-05-16 19:06:09 - [TEST_STEP][PASSED] - delay: Delayed 2 second(s)

2018-05-16 19:06:11 - [MESSAGE][PASSED] - Delayed 2 second(s)

2018-05-16 19:06:11 - [TEST_STEP][PASSED] - Statement - out.println("BatchQty : " + batchqty): null

2018-05-16 19:06:11 - [TEST_STEP][PASSED] - Statement - out.println("RQty : " + Rqty): null

2018-05-16 19:06:11 - [TEST_STEP][PASSED] - Statement - If (java.lang.Integer.valueOf(batchqty) >= java.lang.Integer.valueOf(Rqty)): null

2018-05-16 19:06:11 - [TEST_STEP][PASSED] - Statement - Else: null

2018-05-16 19:06:11 - [TEST_STEP][PASSED] - Statement - out.println("Batchqty Is Less Than Rqty"): null

2018-05-16 19:06:11 - [TEST_STEP][PASSED] - Statement - product = new com.kms.katalon.core.testobject.TestObject(): null

2018-05-16 19:06:11 - [TEST_STEP][PASSED] - Statement - product = com.kms.katalon.core.webui.keyword.WebUiBuiltInKeywords.modifyObjectProperty(product, "xpath", "equals", "//*[@id = "fldvendor" + row + ""]", true): Modify property of object successfully

2018-05-16 19:06:11 - [MESSAGE][PASSED] - Modify property of object successfully

2018-05-16 19:06:11 - [TEST_STEP][PASSED] - selectOptionByIndex: All options with index in [3] are selected on object ''

2018-05-16 19:06:11 - [MESSAGE][PASSED] - All options with index in [3] are selected on object ''

2018-05-16 19:06:11 - [TEST_STEP][PASSED] - Statement - batch = new com.kms.katalon.core.testobject.TestObject(): null

2018-05-16 19:06:11 - [TEST_STEP][PASSED] - Statement - batch = com.kms.katalon.core.webui.keyword.WebUiBuiltInKeywords.modifyObjectProperty(batch, "xpath", "equals", "//*[@id = "txtbthqty" + row + ""]", true): Modify property of object successfully

2018-05-16 19:06:11 - [MESSAGE][PASSED] - Modify property of object successfully

2018-05-16 19:06:11 - [TEST_STEP][PASSED] - Statement - batchqty = com.kms.katalon.core.webui.keyword.WebUiBuiltInKeywords.getAttribute(batch, "value").trim(): Attribute 'value' of object '' is: '5000'

2018-05-16 19:06:11 - [MESSAGE][PASSED] - Attribute 'value' of object '' is: '5000'

2018-05-16 19:06:11 - [TEST_STEP][PASSED] - Statement - Rqty = 10000: null

2018-05-16 19:06:11 - [TEST_STEP][PASSED] - delay: Delayed 2 second(s)

2018-05-16 19:06:13 - [MESSAGE][PASSED] - Delayed 2 second(s)

2018-05-16 19:06:13 - [TEST_STEP][PASSED] - Statement - out.println("BatchQty : " + batchqty): null

2018-05-16 19:06:13 - [TEST_STEP][PASSED] - Statement - out.println("RQty : " + Rqty): null

2018-05-16 19:06:13 - [TEST_STEP][PASSED] - Statement - If (java.lang.Integer.valueOf(batchqty) >= java.lang.Integer.valueOf(Rqty)): null

2018-05-16 19:06:13 - [TEST_STEP][PASSED] - Statement - Else: null

2018-05-16 19:06:13 - [TEST_STEP][PASSED] - Statement - out.println("Batchqty Is Less Than Rqty"): null

2018-05-16 19:06:13 - [TEST_STEP][PASSED] - Statement - product = new com.kms.katalon.core.testobject.TestObject(): null

2018-05-16 19:06:13 - [TEST_STEP][PASSED] - Statement - product = com.kms.katalon.core.webui.keyword.WebUiBuiltInKeywords.modifyObjectProperty(product, "xpath", "equals", "//*[@id = "fldvendor" + row + ""]", true): Modify property of object successfully

2018-05-16 19:06:13 - [MESSAGE][PASSED] - Modify property of object successfully

2018-05-16 19:06:13 - [TEST_STEP][PASSED] - selectOptionByIndex: All options with index in [4] are selected on object ''

2018-05-16 19:06:13 - [MESSAGE][PASSED] - All options with index in [4] are selected on object ''

2018-05-16 19:06:13 - [TEST_STEP][PASSED] - Statement - batch = new com.kms.katalon.core.testobject.TestObject(): null

2018-05-16 19:06:13 - [TEST_STEP][PASSED] - Statement - batch = com.kms.katalon.core.webui.keyword.WebUiBuiltInKeywords.modifyObjectProperty(batch, "xpath", "equals", "//*[@id = "txtbthqty" + row + ""]", true): Modify property of object successfully

2018-05-16 19:06:13 - [MESSAGE][PASSED] - Modify property of object successfully

2018-05-16 19:06:13 - [TEST_STEP][PASSED] - Statement - batchqty = com.kms.katalon.core.webui.keyword.WebUiBuiltInKeywords.getAttribute(batch, "value").trim(): Attribute 'value' of object '' is: '5000'

2018-05-16 19:06:13 - [MESSAGE][PASSED] - Attribute 'value' of object '' is: '5000'

2018-05-16 19:06:13 - [TEST_STEP][PASSED] - Statement - Rqty = 10000: null

2018-05-16 19:06:13 - [TEST_STEP][PASSED] - delay: Delayed 2 second(s)

2018-05-16 19:06:15 - [MESSAGE][PASSED] - Delayed 2 second(s)

2018-05-16 19:06:15 - [TEST_STEP][PASSED] - Statement - out.println("BatchQty : " + batchqty): null

2018-05-16 19:06:15 - [TEST_STEP][PASSED] - Statement - out.println("RQty : " + Rqty): null

2018-05-16 19:06:15 - [TEST_STEP][PASSED] - Statement - If (java.lang.Integer.valueOf(batchqty) >= java.lang.Integer.valueOf(Rqty)): null

2018-05-16 19:06:15 - [TEST_STEP][PASSED] - Statement - Else: null

2018-05-16 19:06:15 - [TEST_STEP][PASSED] - Statement - out.println("Batchqty Is Less Than Rqty"): null

2018-05-16 19:06:15 - [TEST_STEP][PASSED] - Statement - product = new com.kms.katalon.core.testobject.TestObject(): null

2018-05-16 19:06:15 - [TEST_STEP][PASSED] - Statement - product = com.kms.katalon.core.webui.keyword.WebUiBuiltInKeywords.modifyObjectProperty(product, "xpath", "equals", "//*[@id = "fldvendor" + row + ""]", true): Modify property of object successfully

2018-05-16 19:06:15 - [MESSAGE][PASSED] - Modify property of object successfully

2018-05-16 19:06:15 - [TEST_STEP][PASSED] - selectOptionByIndex: All options with index in [5] are selected on object ''

2018-05-16 19:06:15 - [MESSAGE][PASSED] - All options with index in [5] are selected on object ''

2018-05-16 19:06:15 - [TEST_STEP][PASSED] - Statement - batch = new com.kms.katalon.core.testobject.TestObject(): null

2018-05-16 19:06:15 - [TEST_STEP][PASSED] - Statement - batch = com.kms.katalon.core.webui.keyword.WebUiBuiltInKeywords.modifyObjectProperty(batch, "xpath", "equals", "//*[@id = "txtbthqty" + row + ""]", true): Modify property of object successfully

2018-05-16 19:06:15 - [MESSAGE][PASSED] - Modify property of object successfully

2018-05-16 19:06:15 - [TEST_STEP][PASSED] - Statement - batchqty = com.kms.katalon.core.webui.keyword.WebUiBuiltInKeywords.getAttribute(batch, "value").trim(): Attribute 'value' of object '' is: '5000'

2018-05-16 19:06:15 - [MESSAGE][PASSED] - Attribute 'value' of object '' is: '5000'

2018-05-16 19:06:15 - [TEST_STEP][PASSED] - Statement - Rqty = 10000: null

2018-05-16 19:06:15 - [TEST_STEP][PASSED] - delay: Delayed 2 second(s)

2018-05-16 19:06:17 - [MESSAGE][PASSED] - Delayed 2 second(s)

2018-05-16 19:06:17 - [TEST_STEP][PASSED] - Statement - out.println("BatchQty : " + batchqty): null

2018-05-16 19:06:17 - [TEST_STEP][PASSED] - Statement - out.println("RQty : " + Rqty): null

2018-05-16 19:06:17 - [TEST_STEP][PASSED] - Statement - If (java.lang.Integer.valueOf(batchqty) >= java.lang.Integer.valueOf(Rqty)): null

2018-05-16 19:06:17 - [TEST_STEP][PASSED] - Statement - Else: null

2018-05-16 19:06:17 - [TEST_STEP][PASSED] - Statement - out.println("Batchqty Is Less Than Rqty"): null

2018-05-16 19:06:17 - [TEST_STEP][PASSED] - Statement - product = new com.kms.katalon.core.testobject.TestObject(): null

2018-05-16 19:06:17 - [TEST_STEP][PASSED] - Statement - product = com.kms.katalon.core.webui.keyword.WebUiBuiltInKeywords.modifyObjectProperty(product, "xpath", "equals", "//*[@id = "fldvendor" + row + ""]", true): Modify property of object successfully

2018-05-16 19:06:17 - [MESSAGE][PASSED] - Modify property of object successfully

2018-05-16 19:06:17 - [TEST_STEP][PASSED] - selectOptionByIndex: All options with index in [6] are selected on object ''

2018-05-16 19:06:17 - [MESSAGE][PASSED] - All options with index in [6] are selected on object ''

2018-05-16 19:06:17 - [TEST_STEP][PASSED] - Statement - batch = new com.kms.katalon.core.testobject.TestObject(): null

2018-05-16 19:06:17 - [TEST_STEP][PASSED] - Statement - batch = com.kms.katalon.core.webui.keyword.WebUiBuiltInKeywords.modifyObjectProperty(batch, "xpath", "equals", "//*[@id = "txtbthqty" + row + ""]", true): Modify property of object successfully

2018-05-16 19:06:17 - [MESSAGE][PASSED] - Modify property of object successfully

2018-05-16 19:06:17 - [TEST_STEP][PASSED] - Statement - batchqty = com.kms.katalon.core.webui.keyword.WebUiBuiltInKeywords.getAttribute(batch, "value").trim(): Attribute 'value' of object '' is: '39900'

2018-05-16 19:06:17 - [MESSAGE][PASSED] - Attribute 'value' of object '' is: '39900'

2018-05-16 19:06:17 - [TEST_STEP][PASSED] - Statement - Rqty = 10000: null

2018-05-16 19:06:17 - [TEST_STEP][PASSED] - delay: Delayed 2 second(s)

2018-05-16 19:06:19 - [MESSAGE][PASSED] - Delayed 2 second(s)

2018-05-16 19:06:19 - [TEST_STEP][PASSED] - Statement - out.println("BatchQty : " + batchqty): null

2018-05-16 19:06:19 - [TEST_STEP][PASSED] - Statement - out.println("RQty : " + Rqty): null

2018-05-16 19:06:19 - [TEST_STEP][PASSED] - Statement - If (java.lang.Integer.valueOf(batchqty) >= java.lang.Integer.valueOf(Rqty)): null

2018-05-16 19:06:19 - [TEST_STEP][PASSED] - Statement - Break: null

2018-05-16 19:06:19 - [TEST_STEP][PASSED] - Statement - batchlength = new com.kms.katalon.core.testobject.TestObject(): null

2018-05-16 19:06:19 - [TEST_STEP][PASSED] - Statement - batchlength = com.kms.katalon.core.webui.keyword.WebUiBuiltInKeywords.modifyObjectProperty(batchlength, "xpath", "equals", "//*[@id = "fldvendor" + row + ""]", true): Modify property of object successfully

2018-05-16 19:06:19 - [MESSAGE][PASSED] - Modify property of object successfully

2018-05-16 19:06:19 - [TEST_STEP][PASSED] - Statement - batchsize = com.kms.katalon.core.webui.keyword.WebUiBuiltInKeywords.getNumberOfTotalOption(batchlength): 8 options of object '' counted

2018-05-16 19:06:20 - [MESSAGE][PASSED] - 8 options of object '' counted

2018-05-16 19:06:20 - [TEST_STEP][PASSED] - Statement - out.println("BatchSize : " + batchsize): null

2018-05-16 19:06:20 - [TEST_STEP][PASSED] - Statement - For ([n = 1, n <= batchsize - 1, (n++)]): null

2018-05-16 19:06:20 - [TEST_STEP][PASSED] - Statement - product = new com.kms.katalon.core.testobject.TestObject(): null

2018-05-16 19:06:20 - [TEST_STEP][PASSED] - Statement - product = com.kms.katalon.core.webui.keyword.WebUiBuiltInKeywords.modifyObjectProperty(product, "xpath", "equals", "//*[@id = "fldvendor" + row + ""]", true): Modify property of object successfully

2018-05-16 19:06:20 - [MESSAGE][PASSED] - Modify property of object successfully

2018-05-16 19:06:20 - [TEST_STEP][PASSED] - selectOptionByIndex: All options with index in [1] are selected on object ''

2018-05-16 19:06:20 - [MESSAGE][PASSED] - All options with index in [1] are selected on object ''

2018-05-16 19:06:20 - [TEST_STEP][PASSED] - Statement - batch = new com.kms.katalon.core.testobject.TestObject(): null

2018-05-16 19:06:20 - [TEST_STEP][PASSED] - Statement - batch = com.kms.katalon.core.webui.keyword.WebUiBuiltInKeywords.modifyObjectProperty(batch, "xpath", "equals", "//*[@id = "txtbthqty" + row + ""]", true): Modify property of object successfully

2018-05-16 19:06:20 - [MESSAGE][PASSED] - Modify property of object successfully

2018-05-16 19:06:20 - [TEST_STEP][PASSED] - Statement - batchqty = com.kms.katalon.core.webui.keyword.WebUiBuiltInKeywords.getAttribute(batch, "value").trim(): Attribute 'value' of object '' is: '2900'

2018-05-16 19:06:20 - [MESSAGE][PASSED] - Attribute 'value' of object '' is: '2900'

2018-05-16 19:06:20 - [TEST_STEP][PASSED] - Statement - Rqty = 10000: null

2018-05-16 19:06:20 - [TEST_STEP][PASSED] - delay: Delayed 2 second(s)

2018-05-16 19:06:22 - [MESSAGE][PASSED] - Delayed 2 second(s)

2018-05-16 19:06:22 - [TEST_STEP][PASSED] - Statement - out.println("BatchQty : " + batchqty): null

2018-05-16 19:06:22 - [TEST_STEP][PASSED] - Statement - out.println("RQty : " + Rqty): null

2018-05-16 19:06:22 - [TEST_STEP][PASSED] - Statement - If (java.lang.Integer.valueOf(batchqty) >= java.lang.Integer.valueOf(Rqty)): null

2018-05-16 19:06:22 - [TEST_STEP][PASSED] - Statement - Else: null

2018-05-16 19:06:22 - [TEST_STEP][PASSED] - Statement - out.println("Batchqty Is Less Than Rqty"): null

2018-05-16 19:06:22 - [TEST_STEP][PASSED] - Statement - product = new com.kms.katalon.core.testobject.TestObject(): null

2018-05-16 19:06:22 - [TEST_STEP][PASSED] - Statement - product = com.kms.katalon.core.webui.keyword.WebUiBuiltInKeywords.modifyObjectProperty(product, "xpath", "equals", "//*[@id = "fldvendor" + row + ""]", true): Modify property of object successfully

2018-05-16 19:06:22 - [MESSAGE][PASSED] - Modify property of object successfully

2018-05-16 19:06:22 - [TEST_STEP][PASSED] - selectOptionByIndex: All options with index in [2] are selected on object ''

2018-05-16 19:06:22 - [MESSAGE][PASSED] - All options with index in [2] are selected on object ''

2018-05-16 19:06:22 - [TEST_STEP][PASSED] - Statement - batch = new com.kms.katalon.core.testobject.TestObject(): null

2018-05-16 19:06:22 - [TEST_STEP][PASSED] - Statement - batch = com.kms.katalon.core.webui.keyword.WebUiBuiltInKeywords.modifyObjectProperty(batch, "xpath", "equals", "//*[@id = "txtbthqty" + row + ""]", true): Modify property of object successfully

2018-05-16 19:06:22 - [MESSAGE][PASSED] - Modify property of object successfully

2018-05-16 19:06:22 - [TEST_STEP][PASSED] - Statement - batchqty = com.kms.katalon.core.webui.keyword.WebUiBuiltInKeywords.getAttribute(batch, "value").trim(): Attribute 'value' of object '' is: '5000'

2018-05-16 19:06:22 - [MESSAGE][PASSED] - Attribute 'value' of object '' is: '5000'

2018-05-16 19:06:22 - [TEST_STEP][PASSED] - Statement - Rqty = 10000: null

2018-05-16 19:06:22 - [TEST_STEP][PASSED] - delay: Delayed 2 second(s)

2018-05-16 19:06:24 - [MESSAGE][PASSED] - Delayed 2 second(s)

2018-05-16 19:06:24 - [TEST_STEP][PASSED] - Statement - out.println("BatchQty : " + batchqty): null

2018-05-16 19:06:24 - [TEST_STEP][PASSED] - Statement - out.println("RQty : " + Rqty): null

2018-05-16 19:06:24 - [TEST_STEP][PASSED] - Statement - If (java.lang.Integer.valueOf(batchqty) >= java.lang.Integer.valueOf(Rqty)): null

2018-05-16 19:06:24 - [TEST_STEP][PASSED] - Statement - Else: null

2018-05-16 19:06:24 - [TEST_STEP][PASSED] - Statement - out.println("Batchqty Is Less Than Rqty"): null

2018-05-16 19:06:24 - [TEST_STEP][PASSED] - Statement - product = new com.kms.katalon.core.testobject.TestObject(): null

2018-05-16 19:06:24 - [TEST_STEP][PASSED] - Statement - product = com.kms.katalon.core.webui.keyword.WebUiBuiltInKeywords.modifyObjectProperty(product, "xpath", "equals", "//*[@id = "fldvendor" + row + ""]", true): Modify property of object successfully

2018-05-16 19:06:24 - [MESSAGE][PASSED] - Modify property of object successfully

2018-05-16 19:06:24 - [TEST_STEP][PASSED] - selectOptionByIndex: All options with index in [3] are selected on object ''

2018-05-16 19:06:24 - [MESSAGE][PASSED] - All options with index in [3] are selected on object ''

2018-05-16 19:06:24 - [TEST_STEP][PASSED] - Statement - batch = new com.kms.katalon.core.testobject.TestObject(): null

2018-05-16 19:06:24 - [TEST_STEP][PASSED] - Statement - batch = com.kms.katalon.core.webui.keyword.WebUiBuiltInKeywords.modifyObjectProperty(batch, "xpath", "equals", "//*[@id = "txtbthqty" + row + ""]", true): Modify property of object successfully

2018-05-16 19:06:24 - [MESSAGE][PASSED] - Modify property of object successfully

2018-05-16 19:06:24 - [TEST_STEP][PASSED] - Statement - batchqty = com.kms.katalon.core.webui.keyword.WebUiBuiltInKeywords.getAttribute(batch, "value").trim(): Attribute 'value' of object '' is: '5000'

2018-05-16 19:06:24 - [MESSAGE][PASSED] - Attribute 'value' of object '' is: '5000'

2018-05-16 19:06:24 - [TEST_STEP][PASSED] - Statement - Rqty = 10000: null

2018-05-16 19:06:24 - [TEST_STEP][PASSED] - delay: Delayed 2 second(s)

2018-05-16 19:06:26 - [MESSAGE][PASSED] - Delayed 2 second(s)

2018-05-16 19:06:26 - [TEST_STEP][PASSED] - Statement - out.println("BatchQty : " + batchqty): null

2018-05-16 19:06:26 - [TEST_STEP][PASSED] - Statement - out.println("RQty : " + Rqty): null

2018-05-16 19:06:26 - [TEST_STEP][PASSED] - Statement - If (java.lang.Integer.valueOf(batchqty) >= java.lang.Integer.valueOf(Rqty)): null

2018-05-16 19:06:26 - [TEST_STEP][PASSED] - Statement - Else: null

2018-05-16 19:06:26 - [TEST_STEP][PASSED] - Statement - out.println("Batchqty Is Less Than Rqty"): null

2018-05-16 19:06:26 - [TEST_STEP][PASSED] - Statement - product = new com.kms.katalon.core.testobject.TestObject(): null

2018-05-16 19:06:26 - [TEST_STEP][PASSED] - Statement - product = com.kms.katalon.core.webui.keyword.WebUiBuiltInKeywords.modifyObjectProperty(product, "xpath", "equals", "//*[@id = "fldvendor" + row + ""]", true): Modify property of object successfully

2018-05-16 19:06:26 - [MESSAGE][PASSED] - Modify property of object successfully

2018-05-16 19:06:26 - [TEST_STEP][PASSED] - selectOptionByIndex: All options with index in [4] are selected on object ''

2018-05-16 19:06:26 - [MESSAGE][PASSED] - All options with index in [4] are selected on object ''

2018-05-16 19:06:26 - [TEST_STEP][PASSED] - Statement - batch = new com.kms.katalon.core.testobject.TestObject(): null

2018-05-16 19:06:26 - [TEST_STEP][PASSED] - Statement - batch = com.kms.katalon.core.webui.keyword.WebUiBuiltInKeywords.modifyObjectProperty(batch, "xpath", "equals", "//*[@id = "txtbthqty" + row + ""]", true): Modify property of object successfully

2018-05-16 19:06:26 - [MESSAGE][PASSED] - Modify property of object successfully

2018-05-16 19:06:26 - [TEST_STEP][PASSED] - Statement - batchqty = com.kms.katalon.core.webui.keyword.WebUiBuiltInKeywords.getAttribute(batch, "value").trim(): Attribute 'value' of object '' is: '5000'

2018-05-16 19:06:26 - [MESSAGE][PASSED] - Attribute 'value' of object '' is: '5000'

2018-05-16 19:06:26 - [TEST_STEP][PASSED] - Statement - Rqty = 10000: null

2018-05-16 19:06:26 - [TEST_STEP][PASSED] - delay: Delayed 2 second(s)

2018-05-16 19:06:28 - [MESSAGE][PASSED] - Delayed 2 second(s)

2018-05-16 19:06:28 - [TEST_STEP][PASSED] - Statement - out.println("BatchQty : " + batchqty): null

2018-05-16 19:06:28 - [TEST_STEP][PASSED] - Statement - out.println("RQty : " + Rqty): null

2018-05-16 19:06:28 - [TEST_STEP][PASSED] - Statement - If (java.lang.Integer.valueOf(batchqty) >= java.lang.Integer.valueOf(Rqty)): null

2018-05-16 19:06:28 - [TEST_STEP][PASSED] - Statement - Else: null

2018-05-16 19:06:28 - [TEST_STEP][PASSED] - Statement - out.println("Batchqty Is Less Than Rqty"): null

2018-05-16 19:06:28 - [TEST_STEP][PASSED] - Statement - product = new com.kms.katalon.core.testobject.TestObject(): null

2018-05-16 19:06:28 - [TEST_STEP][PASSED] - Statement - product = com.kms.katalon.core.webui.keyword.WebUiBuiltInKeywords.modifyObjectProperty(product, "xpath", "equals", "//*[@id = "fldvendor" + row + ""]", true): Modify property of object successfully

2018-05-16 19:06:28 - [MESSAGE][PASSED] - Modify property of object successfully

2018-05-16 19:06:28 - [TEST_STEP][PASSED] - selectOptionByIndex: All options with index in [5] are selected on object ''

2018-05-16 19:06:28 - [MESSAGE][PASSED] - All options with index in [5] are selected on object ''

2018-05-16 19:06:28 - [TEST_STEP][PASSED] - Statement - batch = new com.kms.katalon.core.testobject.TestObject(): null

2018-05-16 19:06:28 - [TEST_STEP][PASSED] - Statement - batch = com.kms.katalon.core.webui.keyword.WebUiBuiltInKeywords.modifyObjectProperty(batch, "xpath", "equals", "//*[@id = "txtbthqty" + row + ""]", true): Modify property of object successfully

2018-05-16 19:06:28 - [MESSAGE][PASSED] - Modify property of object successfully

2018-05-16 19:06:28 - [TEST_STEP][PASSED] - Statement - batchqty = com.kms.katalon.core.webui.keyword.WebUiBuiltInKeywords.getAttribute(batch, "value").trim(): Attribute 'value' of object '' is: '5000'

2018-05-16 19:06:28 - [MESSAGE][PASSED] - Attribute 'value' of object '' is: '5000'

2018-05-16 19:06:28 - [TEST_STEP][PASSED] - Statement - Rqty = 10000: null

2018-05-16 19:06:28 - [TEST_STEP][PASSED] - delay: Delayed 2 second(s)

2018-05-16 19:06:30 - [MESSAGE][PASSED] - Delayed 2 second(s)

2018-05-16 19:06:30 - [TEST_STEP][PASSED] - Statement - out.println("BatchQty : " + batchqty): null

2018-05-16 19:06:30 - [TEST_STEP][PASSED] - Statement - out.println("RQty : " + Rqty): null

2018-05-16 19:06:30 - [TEST_STEP][PASSED] - Statement - If (java.lang.Integer.valueOf(batchqty) >= java.lang.Integer.valueOf(Rqty)): null

2018-05-16 19:06:30 - [TEST_STEP][PASSED] - Statement - Else: null

2018-05-16 19:06:30 - [TEST_STEP][PASSED] - Statement - out.println("Batchqty Is Less Than Rqty"): null

2018-05-16 19:06:30 - [TEST_STEP][PASSED] - Statement - product = new com.kms.katalon.core.testobject.TestObject(): null

2018-05-16 19:06:30 - [TEST_STEP][PASSED] - Statement - product = com.kms.katalon.core.webui.keyword.WebUiBuiltInKeywords.modifyObjectProperty(product, "xpath", "equals", "//*[@id = "fldvendor" + row + ""]", true): Modify property of object successfully

2018-05-16 19:06:30 - [MESSAGE][PASSED] - Modify property of object successfully

2018-05-16 19:06:30 - [TEST_STEP][PASSED] - selectOptionByIndex: All options with index in [6] are selected on object ''

2018-05-16 19:06:31 - [MESSAGE][PASSED] - All options with index in [6] are selected on object ''

2018-05-16 19:06:31 - [TEST_STEP][PASSED] - Statement - batch = new com.kms.katalon.core.testobject.TestObject(): null

2018-05-16 19:06:31 - [TEST_STEP][PASSED] - Statement - batch = com.kms.katalon.core.webui.keyword.WebUiBuiltInKeywords.modifyObjectProperty(batch, "xpath", "equals", "//*[@id = "txtbthqty" + row + ""]", true): Modify property of object successfully

2018-05-16 19:06:31 - [MESSAGE][PASSED] - Modify property of object successfully

2018-05-16 19:06:31 - [TEST_STEP][PASSED] - Statement - batchqty = com.kms.katalon.core.webui.keyword.WebUiBuiltInKeywords.getAttribute(batch, "value").trim(): Attribute 'value' of object '' is: '39900'

2018-05-16 19:06:31 - [MESSAGE][PASSED] - Attribute 'value' of object '' is: '39900'

2018-05-16 19:06:31 - [TEST_STEP][PASSED] - Statement - Rqty = 10000: null

2018-05-16 19:06:31 - [TEST_STEP][PASSED] - delay: Delayed 2 second(s)

2018-05-16 19:06:33 - [MESSAGE][PASSED] - Delayed 2 second(s)

2018-05-16 19:06:33 - [TEST_STEP][PASSED] - Statement - out.println("BatchQty : " + batchqty): null

2018-05-16 19:06:33 - [TEST_STEP][PASSED] - Statement - out.println("RQty : " + Rqty): null

2018-05-16 19:06:33 - [TEST_STEP][PASSED] - Statement - If (java.lang.Integer.valueOf(batchqty) >= java.lang.Integer.valueOf(Rqty)): null

2018-05-16 19:06:33 - [TEST_STEP][PASSED] - Statement - Break: null

2018-05-16 19:06:33 - [TEST_STEP][PASSED] - Statement - batchlength = new com.kms.katalon.core.testobject.TestObject(): null

2018-05-16 19:06:33 - [TEST_STEP][PASSED] - Statement - batchlength = com.kms.katalon.core.webui.keyword.WebUiBuiltInKeywords.modifyObjectProperty(batchlength, "xpath", "equals", "//*[@id = "fldvendor" + row + ""]", true): Modify property of object successfully

2018-05-16 19:06:33 - [MESSAGE][PASSED] - Modify property of object successfully

2018-05-16 19:06:33 - [TEST_STEP][PASSED] - Statement - batchsize = com.kms.katalon.core.webui.keyword.WebUiBuiltInKeywords.getNumberOfTotalOption(batchlength): 8 options of object '' counted

2018-05-16 19:06:33 - [MESSAGE][PASSED] - 8 options of object '' counted

2018-05-16 19:06:33 - [TEST_STEP][PASSED] - Statement - out.println("BatchSize : " + batchsize): null

2018-05-16 19:06:33 - [TEST_STEP][PASSED] - Statement - For ([n = 1, n <= batchsize - 1, (n++)]): null

2018-05-16 19:06:33 - [TEST_STEP][PASSED] - Statement - product = new com.kms.katalon.core.testobject.TestObject(): null

2018-05-16 19:06:33 - [TEST_STEP][PASSED] - Statement - product = com.kms.katalon.core.webui.keyword.WebUiBuiltInKeywords.modifyObjectProperty(product, "xpath", "equals", "//*[@id = "fldvendor" + row + ""]", true): Modify property of object successfully

2018-05-16 19:06:33 - [MESSAGE][PASSED] - Modify property of object successfully

2018-05-16 19:06:33 - [TEST_STEP][PASSED] - selectOptionByIndex: All options with index in [1] are selected on object ''

2018-05-16 19:06:33 - [MESSAGE][PASSED] - All options with index in [1] are selected on object ''

2018-05-16 19:06:33 - [TEST_STEP][PASSED] - Statement - batch = new com.kms.katalon.core.testobject.TestObject(): null

2018-05-16 19:06:33 - [TEST_STEP][PASSED] - Statement - batch = com.kms.katalon.core.webui.keyword.WebUiBuiltInKeywords.modifyObjectProperty(batch, "xpath", "equals", "//*[@id = "txtbthqty" + row + ""]", true): Modify property of object successfully

2018-05-16 19:06:33 - [MESSAGE][PASSED] - Modify property of object successfully

2018-05-16 19:06:33 - [TEST_STEP][PASSED] - Statement - batchqty = com.kms.katalon.core.webui.keyword.WebUiBuiltInKeywords.getAttribute(batch, "value").trim(): Attribute 'value' of object '' is: '4900'

2018-05-16 19:06:33 - [MESSAGE][PASSED] - Attribute 'value' of object '' is: '4900'

2018-05-16 19:06:33 - [TEST_STEP][PASSED] - Statement - Rqty = 10000: null

2018-05-16 19:06:33 - [TEST_STEP][PASSED] - delay: Delayed 2 second(s)

2018-05-16 19:06:35 - [MESSAGE][PASSED] - Delayed 2 second(s)

2018-05-16 19:06:35 - [TEST_STEP][PASSED] - Statement - out.println("BatchQty : " + batchqty): null

2018-05-16 19:06:35 - [TEST_STEP][PASSED] - Statement - out.println("RQty : " + Rqty): null

2018-05-16 19:06:35 - [TEST_STEP][PASSED] - Statement - If (java.lang.Integer.valueOf(batchqty) >= java.lang.Integer.valueOf(Rqty)): null

2018-05-16 19:06:35 - [TEST_STEP][PASSED] - Statement - Else: null

2018-05-16 19:06:35 - [TEST_STEP][PASSED] - Statement - out.println("Batchqty Is Less Than Rqty"): null

2018-05-16 19:06:35 - [TEST_STEP][PASSED] - Statement - product = new com.kms.katalon.core.testobject.TestObject(): null

2018-05-16 19:06:35 - [TEST_STEP][PASSED] - Statement - product = com.kms.katalon.core.webui.keyword.WebUiBuiltInKeywords.modifyObjectProperty(product, "xpath", "equals", "//*[@id = "fldvendor" + row + ""]", true): Modify property of object successfully

2018-05-16 19:06:35 - [MESSAGE][PASSED] - Modify property of object successfully

2018-05-16 19:06:35 - [TEST_STEP][PASSED] - selectOptionByIndex: All options with index in [2] are selected on object ''

2018-05-16 19:06:35 - [MESSAGE][PASSED] - All options with index in [2] are selected on object ''

2018-05-16 19:06:35 - [TEST_STEP][PASSED] - Statement - batch = new com.kms.katalon.core.testobject.TestObject(): null

2018-05-16 19:06:35 - [TEST_STEP][PASSED] - Statement - batch = com.kms.katalon.core.webui.keyword.WebUiBuiltInKeywords.modifyObjectProperty(batch, "xpath", "equals", "//*[@id = "txtbthqty" + row + ""]", true): Modify property of object successfully

2018-05-16 19:06:35 - [MESSAGE][PASSED] - Modify property of object successfully

2018-05-16 19:06:35 - [TEST_STEP][PASSED] - Statement - batchqty = com.kms.katalon.core.webui.keyword.WebUiBuiltInKeywords.getAttribute(batch, "value").trim(): Attribute 'value' of object '' is: '39900'

2018-05-16 19:06:35 - [MESSAGE][PASSED] - Attribute 'value' of object '' is: '39900'

2018-05-16 19:06:35 - [TEST_STEP][PASSED] - Statement - Rqty = 10000: null

2018-05-16 19:06:35 - [TEST_STEP][PASSED] - delay: Delayed 2 second(s)

2018-05-16 19:06:37 - [MESSAGE][PASSED] - Delayed 2 second(s)

2018-05-16 19:06:37 - [TEST_STEP][PASSED] - Statement - out.println("BatchQty : " + batchqty): null

2018-05-16 19:06:37 - [TEST_STEP][PASSED] - Statement - out.println("RQty : " + Rqty): null

2018-05-16 19:06:37 - [TEST_STEP][PASSED] - Statement - If (java.lang.Integer.valueOf(batchqty) >= java.lang.Integer.valueOf(Rqty)): null

2018-05-16 19:06:37 - [TEST_STEP][PASSED] - Statement - Break: null

2018-05-16 19:06:37 - [TEST_STEP][PASSED] - click: Object: 'Object Repository/store Request Schedule 1/Page_KDMC - CMS/input_btndispatch' is clicked on

2018-05-16 19:06:37 - [MESSAGE][PASSED] - Object: 'Object Repository/store Request Schedule 1/Page_KDMC - CMS/input_btndispatch' is clicked on

2018-05-16 19:06:37 - [TEST_STEP][PASSED] - delay: Delayed 3 second(s)

2018-05-16 19:06:40 - [MESSAGE][PASSED] - Delayed 3 second(s)

2018-05-16 19:06:40 - [TEST_STEP][PASSED] - click: Object: 'Object Repository/store Request Schedule 1/Page_KDMC - CMS/button_OK' is clicked on

2018-05-16 19:06:41 - [MESSAGE][PASSED] - Object: 'Object Repository/store Request Schedule 1/Page_KDMC - CMS/button_OK' is clicked on

2018-05-16 19:06:41 - [TEST_STEP][PASSED] - delay: Delayed 3 second(s)

2018-05-16 19:06:44 - [MESSAGE][PASSED] - Delayed 3 second(s)

2018-05-16 19:06:44 - [TEST_STEP][PASSED] - click: Object: 'Object Repository/store Request Schedule 1/Page_KDMC - CMS/a_dropdown-toggle' is clicked on

2018-05-16 19:06:44 - [MESSAGE][PASSED] - Object: 'Object Repository/store Request Schedule 1/Page_KDMC - CMS/a_dropdown-toggle' is clicked on

2018-05-16 19:06:44 - [TEST_STEP][PASSED] - click: Object: 'Object Repository/store Request Schedule 1/Page_KDMC - CMS/a_Sign out' is clicked on

2018-05-16 19:06:45 - [MESSAGE][PASSED] - Object: 'Object Repository/store Request Schedule 1/Page_KDMC - CMS/a_Sign out' is clicked on

2018-05-16 19:06:45 - [TEST_STEP][PASSED] - delay: Delayed 3 second(s)

2018-05-16 19:06:48 - [MESSAGE][PASSED] - Delayed 3 second(s)

2018-05-16 19:06:48 - [TEST_STEP][PASSED] - click: Object: 'Object Repository/Store Request Schedule 1/Page_KDMC/a_Divisional Store' is clicked on

2018-05-16 19:06:48 - [MESSAGE][PASSED] - Object: 'Object Repository/Store Request Schedule 1/Page_KDMC/a_Divisional Store' is clicked on

2018-05-16 19:06:48 - [TEST_STEP][PASSED] - setText: Text 'ragu' is set on object 'Object Repository/Store Request Schedule 1/Page_Divisonal Store Login/input_txtusername'

2018-05-16 19:06:48 - [MESSAGE][PASSED] - Text 'ragu' is set on object 'Object Repository/Store Request Schedule 1/Page_Divisonal Store Login/input_txtusername'

2018-05-16 19:06:48 - [TEST_STEP][PASSED] - setText: Text '123' is set on object 'Object Repository/Store Request Schedule 1/Page_Divisonal Store Login/input_txtpassword'

2018-05-16 19:06:48 - [MESSAGE][PASSED] - Text '123' is set on object 'Object Repository/Store Request Schedule 1/Page_Divisonal Store Login/input_txtpassword'

2018-05-16 19:06:48 - [TEST_STEP][PASSED] - delay: Delayed 3 second(s)

2018-05-16 19:06:51 - [MESSAGE][PASSED] - Delayed 3 second(s)

2018-05-16 19:06:51 - [TEST_STEP][PASSED] - click: Object: 'Object Repository/Store Request Schedule 1/Page_Divisonal Store Login/button_Sign in' is clicked on

2018-05-16 19:06:52 - [MESSAGE][PASSED] - Object: 'Object Repository/Store Request Schedule 1/Page_Divisonal Store Login/button_Sign in' is clicked on

2018-05-16 19:06:52 - [TEST_STEP][PASSED] - delay: Delayed 3 second(s)

2018-05-16 19:06:55 - [MESSAGE][PASSED] - Delayed 3 second(s)

2018-05-16 19:06:55 - [TEST_STEP][PASSED] - click: Object: 'Object Repository/Store Request Schedule 1/Page_Store/a_CMS' is clicked on

2018-05-16 19:06:55 - [MESSAGE][PASSED] - Object: 'Object Repository/Store Request Schedule 1/Page_Store/a_CMS' is clicked on

2018-05-16 19:06:55 - [TEST_STEP][PASSED] - delay: Delayed 2 second(s)

2018-05-16 19:06:57 - [MESSAGE][PASSED] - Delayed 2 second(s)

2018-05-16 19:06:57 - [TEST_STEP][PASSED] - click: Object: 'Object Repository/Store Request Schedule 1/Page_Store/a_Receiving Goods' is clicked on

2018-05-16 19:06:58 - [MESSAGE][PASSED] - Object: 'Object Repository/Store Request Schedule 1/Page_Store/a_Receiving Goods' is clicked on

2018-05-16 19:06:58 - [TEST_STEP][PASSED] - setText: Text 'PRNO/16052018/166' is set on object 'Object Repository/Store Request Schedule 1/Page_Store/input'

2018-05-16 19:06:58 - [MESSAGE][PASSED] - Text 'PRNO/16052018/166' is set on object 'Object Repository/Store Request Schedule 1/Page_Store/input'

2018-05-16 19:06:58 - [TEST_STEP][PASSED] - click: Object: 'Object Repository/Store Request Schedule 1/Page_Store/input_btn btn-primary' is clicked on

2018-05-16 19:06:58 - [MESSAGE][PASSED] - Object: 'Object Repository/Store Request Schedule 1/Page_Store/input_btn btn-primary' is clicked on

2018-05-16 19:06:58 - [TEST_STEP][PASSED] - delay: Delayed 2 second(s)

2018-05-16 19:07:00 - [MESSAGE][PASSED] - Delayed 2 second(s)

2018-05-16 19:07:00 - [TEST_STEP][PASSED] - click: Object: 'Object Repository/Store Request Schedule 1/Page_Store/input_chkrem' is clicked on

2018-05-16 19:07:00 - [MESSAGE][PASSED] - Object: 'Object Repository/Store Request Schedule 1/Page_Store/input_chkrem' is clicked on

2018-05-16 19:07:00 - [TEST_STEP][PASSED] - scrollToElement: Scroll to object 'Object Repository/Store Request Schedule 1/Page_Store/input_btchkroqadd' successfully

2018-05-16 19:07:00 - [MESSAGE][PASSED] - Scroll to object 'Object Repository/Store Request Schedule 1/Page_Store/input_btchkroqadd' successfully

2018-05-16 19:07:00 - [TEST_STEP][PASSED] - click: Object: 'Object Repository/Store Request Schedule 1/Page_Store/input_btchkroqadd' is clicked on

2018-05-16 19:07:01 - [MESSAGE][PASSED] - Object: 'Object Repository/Store Request Schedule 1/Page_Store/input_btchkroqadd' is clicked on

2018-05-16 19:07:01 - [TEST_STEP][PASSED] - delay: Delayed 2 second(s)

2018-05-16 19:07:03 - [MESSAGE][PASSED] - Delayed 2 second(s)

2018-05-16 19:07:03 - [TEST_STEP][PASSED] - refresh: Refresh successfully

2018-05-16 19:07:03 - [MESSAGE][PASSED] - Refresh successfully

2018-05-16 19:07:03 - [TEST_STEP][PASSED] - delay: Delayed 3 second(s)

2018-05-16 19:07:06 - [MESSAGE][PASSED] - Delayed 3 second(s)

2018-05-16 19:07:06 - [TEST_STEP][PASSED] - click: Object: 'Object Repository/Store Request Schedule 1/Page_Store/a_dropdown-toggle' is clicked on

2018-05-16 19:07:06 - [MESSAGE][PASSED] - Object: 'Object Repository/Store Request Schedule 1/Page_Store/a_dropdown-toggle' is clicked on

2018-05-16 19:07:06 - [TEST_STEP][PASSED] - click: Object: 'Object Repository/Store Request Schedule 1/Page_Store/a_Sign out' is clicked on

2018-05-16 19:07:07 - [MESSAGE][PASSED] - Object: 'Object Repository/Store Request Schedule 1/Page_Store/a_Sign out' is clicked on

2018-05-16 19:07:07 - [TEST_STEP][PASSED] - closeBrowser: Browser is closed

2018-05-16 19:07:07 - [MESSAGE][PASSED] - Browser is closed

2018-05-16 19:07:07 - [TEST_STEP][PASSED] - Statement - out.println("Schedule 5 STORE Request Are Working Successfully"): null]]></system-out>
         <system-err><![CDATA[]]></system-err>
      </testcase>
      <testcase name="Test Cases/STORE TO CMS REQUEST TEST CASES/TC_STCMS_006 To Verify Schedule 6 Store To CMS Request Are Working Successfully Or Not" classname="Test Cases/STORE TO CMS REQUEST TEST CASES/TC_STCMS_006 To Verify Schedule 6 Store To CMS Request Are Working Successfully Or Not" status="PASSED">
         <system-out><![CDATA[2018-05-16 19:07:07 - [TEST_CASE][PASSED] - Test Cases/STORE TO CMS REQUEST TEST CASES/TC_STCMS_006 To Verify Schedule 6 Store To CMS Request Are Working Successfully Or Not: Test Cases/STORE TO CMS REQUEST TEST CASES/TC_STCMS_006 To Verify Schedule 6 Store To CMS Request Are Working Successfully Or Not

2018-05-16 19:07:08 - [TEST_STEP][PASSED] - openBrowser: Browser is opened with url: ''

2018-05-16 19:07:10 - [MESSAGE][PASSED] - Browser is opened with url: ''

2018-05-16 19:07:10 - [TEST_STEP][PASSED] - Statement - out.println("Verify Schedule 6 STORE Request Are Working Successfully Or Not"): null

2018-05-16 19:07:10 - [TEST_STEP][PASSED] - navigateToUrl: Navigate to 'http://192.168.137.1/multihospital_new/' successfully

2018-05-16 19:07:13 - [MESSAGE][PASSED] - Navigate to 'http://192.168.137.1/multihospital_new/' successfully

2018-05-16 19:07:13 - [TEST_STEP][PASSED] - maximizeWindow: Current window maximized

2018-05-16 19:07:14 - [MESSAGE][PASSED] - Current window maximized

2018-05-16 19:07:14 - [TEST_STEP][PASSED] - click: Object: 'Object Repository/Store Request Schedule 1/Page_KDMC/a_Divisional Store' is clicked on

2018-05-16 19:07:15 - [MESSAGE][PASSED] - Object: 'Object Repository/Store Request Schedule 1/Page_KDMC/a_Divisional Store' is clicked on

2018-05-16 19:07:15 - [TEST_STEP][PASSED] - setText: Text 'ragu' is set on object 'Object Repository/Store Request Schedule 1/Page_Divisonal Store Login/input_txtusername'

2018-05-16 19:07:15 - [MESSAGE][PASSED] - Text 'ragu' is set on object 'Object Repository/Store Request Schedule 1/Page_Divisonal Store Login/input_txtusername'

2018-05-16 19:07:15 - [TEST_STEP][PASSED] - setText: Text '123' is set on object 'Object Repository/Store Request Schedule 1/Page_Divisonal Store Login/input_txtpassword'

2018-05-16 19:07:15 - [MESSAGE][PASSED] - Text '123' is set on object 'Object Repository/Store Request Schedule 1/Page_Divisonal Store Login/input_txtpassword'

2018-05-16 19:07:15 - [TEST_STEP][PASSED] - delay: Delayed 3 second(s)

2018-05-16 19:07:18 - [MESSAGE][PASSED] - Delayed 3 second(s)

2018-05-16 19:07:18 - [TEST_STEP][PASSED] - click: Object: 'Object Repository/Store Request Schedule 1/Page_Divisonal Store Login/button_Sign in' is clicked on

2018-05-16 19:07:20 - [MESSAGE][PASSED] - Object: 'Object Repository/Store Request Schedule 1/Page_Divisonal Store Login/button_Sign in' is clicked on

2018-05-16 19:07:20 - [TEST_STEP][PASSED] - delay: Delayed 3 second(s)

2018-05-16 19:07:23 - [MESSAGE][PASSED] - Delayed 3 second(s)

2018-05-16 19:07:23 - [TEST_STEP][PASSED] - click: Object: 'Object Repository/Store Request Schedule 1/Page_Store/a_CMS' is clicked on

2018-05-16 19:07:23 - [MESSAGE][PASSED] - Object: 'Object Repository/Store Request Schedule 1/Page_Store/a_CMS' is clicked on

2018-05-16 19:07:23 - [TEST_STEP][PASSED] - delay: Delayed 2 second(s)

2018-05-16 19:07:25 - [MESSAGE][PASSED] - Delayed 2 second(s)

2018-05-16 19:07:25 - [TEST_STEP][PASSED] - click: Object: 'Object Repository/Store Request Schedule 1/Page_Store/a_Request Send' is clicked on

2018-05-16 19:07:26 - [MESSAGE][PASSED] - Object: 'Object Repository/Store Request Schedule 1/Page_Store/a_Request Send' is clicked on

2018-05-16 19:07:26 - [TEST_STEP][PASSED] - selectOptionByIndex: All options with index in [1] are selected on object 'Object Repository/Store Request Schedule 1/Page_Store/select_--Select--'

2018-05-16 19:07:26 - [MESSAGE][PASSED] - All options with index in [1] are selected on object 'Object Repository/Store Request Schedule 1/Page_Store/select_--Select--'

2018-05-16 19:07:26 - [TEST_STEP][PASSED] - selectOptionByIndex: All options with index in [6] are selected on object 'Object Repository/Store Request Schedule 1/Page_Store/select_--Select--Schedule 1Inj'

2018-05-16 19:07:26 - [MESSAGE][PASSED] - All options with index in [6] are selected on object 'Object Repository/Store Request Schedule 1/Page_Store/select_--Select--Schedule 1Inj'

2018-05-16 19:07:26 - [TEST_STEP][PASSED] - Statement - SelectedOptions = com.kms.katalon.core.webui.keyword.WebUiBuiltInKeywords.getNumberOfTotalOption(com.kms.katalon.core.testobject.ObjectRepository.findTestObject(Store Request Schedule 1/Page_Store/select_--Select--Adernaline 0.)): 14 options of object 'Object Repository/Store Request Schedule 1/Page_Store/select_--Select--Adernaline 0.' counted

2018-05-16 19:07:27 - [MESSAGE][PASSED] - 14 options of object 'Object Repository/Store Request Schedule 1/Page_Store/select_--Select--Adernaline 0.' counted

2018-05-16 19:07:27 - [TEST_STEP][PASSED] - Statement - For ([y = 1, y < SelectedOptions, (y++)]): Object: 'Object Repository/Store Request Schedule 1/Page_Store/button_Add' is clicked on

2018-05-16 19:07:27 - [TEST_STEP][PASSED] - selectOptionByIndex: All options with index in [6] are selected on object 'Object Repository/Store Request Schedule 1/Page_Store/select_--Select--Schedule 1Inj'

2018-05-16 19:07:27 - [MESSAGE][PASSED] - All options with index in [6] are selected on object 'Object Repository/Store Request Schedule 1/Page_Store/select_--Select--Schedule 1Inj'

2018-05-16 19:07:27 - [TEST_STEP][PASSED] - delay: Delayed 1 second(s)

2018-05-16 19:07:28 - [MESSAGE][PASSED] - Delayed 1 second(s)

2018-05-16 19:07:28 - [TEST_STEP][PASSED] - selectOptionByIndex: All options with index in [1] are selected on object 'Object Repository/Store Request Schedule 1/Page_Store/select_--Select--Adernaline 0.'

2018-05-16 19:07:28 - [MESSAGE][PASSED] - All options with index in [1] are selected on object 'Object Repository/Store Request Schedule 1/Page_Store/select_--Select--Adernaline 0.'

2018-05-16 19:07:28 - [TEST_STEP][PASSED] - setText: Text '100' is set on object 'Object Repository/Store Request Schedule 1/Page_Store/input_txttreat'

2018-05-16 19:07:28 - [MESSAGE][PASSED] - Text '100' is set on object 'Object Repository/Store Request Schedule 1/Page_Store/input_txttreat'

2018-05-16 19:07:28 - [TEST_STEP][PASSED] - click: Object: 'Object Repository/Store Request Schedule 1/Page_Store/button_Add' is clicked on

2018-05-16 19:07:28 - [MESSAGE][PASSED] - Object: 'Object Repository/Store Request Schedule 1/Page_Store/button_Add' is clicked on

2018-05-16 19:07:28 - [TEST_STEP][PASSED] - selectOptionByIndex: All options with index in [6] are selected on object 'Object Repository/Store Request Schedule 1/Page_Store/select_--Select--Schedule 1Inj'

2018-05-16 19:07:28 - [MESSAGE][PASSED] - All options with index in [6] are selected on object 'Object Repository/Store Request Schedule 1/Page_Store/select_--Select--Schedule 1Inj'

2018-05-16 19:07:28 - [TEST_STEP][PASSED] - delay: Delayed 1 second(s)

2018-05-16 19:07:29 - [MESSAGE][PASSED] - Delayed 1 second(s)

2018-05-16 19:07:29 - [TEST_STEP][PASSED] - selectOptionByIndex: All options with index in [2] are selected on object 'Object Repository/Store Request Schedule 1/Page_Store/select_--Select--Adernaline 0.'

2018-05-16 19:07:29 - [MESSAGE][PASSED] - All options with index in [2] are selected on object 'Object Repository/Store Request Schedule 1/Page_Store/select_--Select--Adernaline 0.'

2018-05-16 19:07:29 - [TEST_STEP][PASSED] - setText: Text '100' is set on object 'Object Repository/Store Request Schedule 1/Page_Store/input_txttreat'

2018-05-16 19:07:29 - [MESSAGE][PASSED] - Text '100' is set on object 'Object Repository/Store Request Schedule 1/Page_Store/input_txttreat'

2018-05-16 19:07:29 - [TEST_STEP][PASSED] - click: Object: 'Object Repository/Store Request Schedule 1/Page_Store/button_Add' is clicked on

2018-05-16 19:07:29 - [MESSAGE][PASSED] - Object: 'Object Repository/Store Request Schedule 1/Page_Store/button_Add' is clicked on

2018-05-16 19:07:29 - [TEST_STEP][PASSED] - selectOptionByIndex: All options with index in [6] are selected on object 'Object Repository/Store Request Schedule 1/Page_Store/select_--Select--Schedule 1Inj'

2018-05-16 19:07:30 - [MESSAGE][PASSED] - All options with index in [6] are selected on object 'Object Repository/Store Request Schedule 1/Page_Store/select_--Select--Schedule 1Inj'

2018-05-16 19:07:30 - [TEST_STEP][PASSED] - delay: Delayed 1 second(s)

2018-05-16 19:07:31 - [MESSAGE][PASSED] - Delayed 1 second(s)

2018-05-16 19:07:31 - [TEST_STEP][PASSED] - selectOptionByIndex: All options with index in [3] are selected on object 'Object Repository/Store Request Schedule 1/Page_Store/select_--Select--Adernaline 0.'

2018-05-16 19:07:31 - [MESSAGE][PASSED] - All options with index in [3] are selected on object 'Object Repository/Store Request Schedule 1/Page_Store/select_--Select--Adernaline 0.'

2018-05-16 19:07:31 - [TEST_STEP][PASSED] - setText: Text '100' is set on object 'Object Repository/Store Request Schedule 1/Page_Store/input_txttreat'

2018-05-16 19:07:31 - [MESSAGE][PASSED] - Text '100' is set on object 'Object Repository/Store Request Schedule 1/Page_Store/input_txttreat'

2018-05-16 19:07:31 - [TEST_STEP][PASSED] - click: Object: 'Object Repository/Store Request Schedule 1/Page_Store/button_Add' is clicked on

2018-05-16 19:07:31 - [MESSAGE][PASSED] - Object: 'Object Repository/Store Request Schedule 1/Page_Store/button_Add' is clicked on

2018-05-16 19:07:31 - [TEST_STEP][PASSED] - selectOptionByIndex: All options with index in [6] are selected on object 'Object Repository/Store Request Schedule 1/Page_Store/select_--Select--Schedule 1Inj'

2018-05-16 19:07:31 - [MESSAGE][PASSED] - All options with index in [6] are selected on object 'Object Repository/Store Request Schedule 1/Page_Store/select_--Select--Schedule 1Inj'

2018-05-16 19:07:31 - [TEST_STEP][PASSED] - delay: Delayed 1 second(s)

2018-05-16 19:07:32 - [MESSAGE][PASSED] - Delayed 1 second(s)

2018-05-16 19:07:32 - [TEST_STEP][PASSED] - selectOptionByIndex: All options with index in [4] are selected on object 'Object Repository/Store Request Schedule 1/Page_Store/select_--Select--Adernaline 0.'

2018-05-16 19:07:32 - [MESSAGE][PASSED] - All options with index in [4] are selected on object 'Object Repository/Store Request Schedule 1/Page_Store/select_--Select--Adernaline 0.'

2018-05-16 19:07:32 - [TEST_STEP][PASSED] - setText: Text '100' is set on object 'Object Repository/Store Request Schedule 1/Page_Store/input_txttreat'

2018-05-16 19:07:32 - [MESSAGE][PASSED] - Text '100' is set on object 'Object Repository/Store Request Schedule 1/Page_Store/input_txttreat'

2018-05-16 19:07:32 - [TEST_STEP][PASSED] - click: Object: 'Object Repository/Store Request Schedule 1/Page_Store/button_Add' is clicked on

2018-05-16 19:07:32 - [MESSAGE][PASSED] - Object: 'Object Repository/Store Request Schedule 1/Page_Store/button_Add' is clicked on

2018-05-16 19:07:32 - [TEST_STEP][PASSED] - selectOptionByIndex: All options with index in [6] are selected on object 'Object Repository/Store Request Schedule 1/Page_Store/select_--Select--Schedule 1Inj'

2018-05-16 19:07:33 - [MESSAGE][PASSED] - All options with index in [6] are selected on object 'Object Repository/Store Request Schedule 1/Page_Store/select_--Select--Schedule 1Inj'

2018-05-16 19:07:33 - [TEST_STEP][PASSED] - delay: Delayed 1 second(s)

2018-05-16 19:07:34 - [MESSAGE][PASSED] - Delayed 1 second(s)

2018-05-16 19:07:34 - [TEST_STEP][PASSED] - selectOptionByIndex: All options with index in [5] are selected on object 'Object Repository/Store Request Schedule 1/Page_Store/select_--Select--Adernaline 0.'

2018-05-16 19:07:34 - [MESSAGE][PASSED] - All options with index in [5] are selected on object 'Object Repository/Store Request Schedule 1/Page_Store/select_--Select--Adernaline 0.'

2018-05-16 19:07:34 - [TEST_STEP][PASSED] - setText: Text '100' is set on object 'Object Repository/Store Request Schedule 1/Page_Store/input_txttreat'

2018-05-16 19:07:34 - [MESSAGE][PASSED] - Text '100' is set on object 'Object Repository/Store Request Schedule 1/Page_Store/input_txttreat'

2018-05-16 19:07:34 - [TEST_STEP][PASSED] - click: Object: 'Object Repository/Store Request Schedule 1/Page_Store/button_Add' is clicked on

2018-05-16 19:07:34 - [MESSAGE][PASSED] - Object: 'Object Repository/Store Request Schedule 1/Page_Store/button_Add' is clicked on

2018-05-16 19:07:34 - [TEST_STEP][PASSED] - selectOptionByIndex: All options with index in [6] are selected on object 'Object Repository/Store Request Schedule 1/Page_Store/select_--Select--Schedule 1Inj'

2018-05-16 19:07:34 - [MESSAGE][PASSED] - All options with index in [6] are selected on object 'Object Repository/Store Request Schedule 1/Page_Store/select_--Select--Schedule 1Inj'

2018-05-16 19:07:34 - [TEST_STEP][PASSED] - delay: Delayed 1 second(s)

2018-05-16 19:07:35 - [MESSAGE][PASSED] - Delayed 1 second(s)

2018-05-16 19:07:35 - [TEST_STEP][PASSED] - selectOptionByIndex: All options with index in [6] are selected on object 'Object Repository/Store Request Schedule 1/Page_Store/select_--Select--Adernaline 0.'

2018-05-16 19:07:35 - [MESSAGE][PASSED] - All options with index in [6] are selected on object 'Object Repository/Store Request Schedule 1/Page_Store/select_--Select--Adernaline 0.'

2018-05-16 19:07:35 - [TEST_STEP][PASSED] - setText: Text '100' is set on object 'Object Repository/Store Request Schedule 1/Page_Store/input_txttreat'

2018-05-16 19:07:35 - [MESSAGE][PASSED] - Text '100' is set on object 'Object Repository/Store Request Schedule 1/Page_Store/input_txttreat'

2018-05-16 19:07:35 - [TEST_STEP][PASSED] - click: Object: 'Object Repository/Store Request Schedule 1/Page_Store/button_Add' is clicked on

2018-05-16 19:07:35 - [MESSAGE][PASSED] - Object: 'Object Repository/Store Request Schedule 1/Page_Store/button_Add' is clicked on

2018-05-16 19:07:35 - [TEST_STEP][PASSED] - selectOptionByIndex: All options with index in [6] are selected on object 'Object Repository/Store Request Schedule 1/Page_Store/select_--Select--Schedule 1Inj'

2018-05-16 19:07:36 - [MESSAGE][PASSED] - All options with index in [6] are selected on object 'Object Repository/Store Request Schedule 1/Page_Store/select_--Select--Schedule 1Inj'

2018-05-16 19:07:36 - [TEST_STEP][PASSED] - delay: Delayed 1 second(s)

2018-05-16 19:07:37 - [MESSAGE][PASSED] - Delayed 1 second(s)

2018-05-16 19:07:37 - [TEST_STEP][PASSED] - selectOptionByIndex: All options with index in [7] are selected on object 'Object Repository/Store Request Schedule 1/Page_Store/select_--Select--Adernaline 0.'

2018-05-16 19:07:37 - [MESSAGE][PASSED] - All options with index in [7] are selected on object 'Object Repository/Store Request Schedule 1/Page_Store/select_--Select--Adernaline 0.'

2018-05-16 19:07:37 - [TEST_STEP][PASSED] - setText: Text '100' is set on object 'Object Repository/Store Request Schedule 1/Page_Store/input_txttreat'

2018-05-16 19:07:37 - [MESSAGE][PASSED] - Text '100' is set on object 'Object Repository/Store Request Schedule 1/Page_Store/input_txttreat'

2018-05-16 19:07:37 - [TEST_STEP][PASSED] - click: Object: 'Object Repository/Store Request Schedule 1/Page_Store/button_Add' is clicked on

2018-05-16 19:07:37 - [MESSAGE][PASSED] - Object: 'Object Repository/Store Request Schedule 1/Page_Store/button_Add' is clicked on

2018-05-16 19:07:37 - [TEST_STEP][PASSED] - selectOptionByIndex: All options with index in [6] are selected on object 'Object Repository/Store Request Schedule 1/Page_Store/select_--Select--Schedule 1Inj'

2018-05-16 19:07:37 - [MESSAGE][PASSED] - All options with index in [6] are selected on object 'Object Repository/Store Request Schedule 1/Page_Store/select_--Select--Schedule 1Inj'

2018-05-16 19:07:37 - [TEST_STEP][PASSED] - delay: Delayed 1 second(s)

2018-05-16 19:07:38 - [MESSAGE][PASSED] - Delayed 1 second(s)

2018-05-16 19:07:38 - [TEST_STEP][PASSED] - selectOptionByIndex: All options with index in [8] are selected on object 'Object Repository/Store Request Schedule 1/Page_Store/select_--Select--Adernaline 0.'

2018-05-16 19:07:38 - [MESSAGE][PASSED] - All options with index in [8] are selected on object 'Object Repository/Store Request Schedule 1/Page_Store/select_--Select--Adernaline 0.'

2018-05-16 19:07:38 - [TEST_STEP][PASSED] - setText: Text '100' is set on object 'Object Repository/Store Request Schedule 1/Page_Store/input_txttreat'

2018-05-16 19:07:38 - [MESSAGE][PASSED] - Text '100' is set on object 'Object Repository/Store Request Schedule 1/Page_Store/input_txttreat'

2018-05-16 19:07:38 - [TEST_STEP][PASSED] - click: Object: 'Object Repository/Store Request Schedule 1/Page_Store/button_Add' is clicked on

2018-05-16 19:07:38 - [MESSAGE][PASSED] - Object: 'Object Repository/Store Request Schedule 1/Page_Store/button_Add' is clicked on

2018-05-16 19:07:38 - [TEST_STEP][PASSED] - selectOptionByIndex: All options with index in [6] are selected on object 'Object Repository/Store Request Schedule 1/Page_Store/select_--Select--Schedule 1Inj'

2018-05-16 19:07:39 - [MESSAGE][PASSED] - All options with index in [6] are selected on object 'Object Repository/Store Request Schedule 1/Page_Store/select_--Select--Schedule 1Inj'

2018-05-16 19:07:39 - [TEST_STEP][PASSED] - delay: Delayed 1 second(s)

2018-05-16 19:07:40 - [MESSAGE][PASSED] - Delayed 1 second(s)

2018-05-16 19:07:40 - [TEST_STEP][PASSED] - selectOptionByIndex: All options with index in [9] are selected on object 'Object Repository/Store Request Schedule 1/Page_Store/select_--Select--Adernaline 0.'

2018-05-16 19:07:40 - [MESSAGE][PASSED] - All options with index in [9] are selected on object 'Object Repository/Store Request Schedule 1/Page_Store/select_--Select--Adernaline 0.'

2018-05-16 19:07:40 - [TEST_STEP][PASSED] - setText: Text '100' is set on object 'Object Repository/Store Request Schedule 1/Page_Store/input_txttreat'

2018-05-16 19:07:40 - [MESSAGE][PASSED] - Text '100' is set on object 'Object Repository/Store Request Schedule 1/Page_Store/input_txttreat'

2018-05-16 19:07:40 - [TEST_STEP][PASSED] - click: Object: 'Object Repository/Store Request Schedule 1/Page_Store/button_Add' is clicked on

2018-05-16 19:07:40 - [MESSAGE][PASSED] - Object: 'Object Repository/Store Request Schedule 1/Page_Store/button_Add' is clicked on

2018-05-16 19:07:40 - [TEST_STEP][PASSED] - selectOptionByIndex: All options with index in [6] are selected on object 'Object Repository/Store Request Schedule 1/Page_Store/select_--Select--Schedule 1Inj'

2018-05-16 19:07:40 - [MESSAGE][PASSED] - All options with index in [6] are selected on object 'Object Repository/Store Request Schedule 1/Page_Store/select_--Select--Schedule 1Inj'

2018-05-16 19:07:40 - [TEST_STEP][PASSED] - delay: Delayed 1 second(s)

2018-05-16 19:07:41 - [MESSAGE][PASSED] - Delayed 1 second(s)

2018-05-16 19:07:41 - [TEST_STEP][PASSED] - selectOptionByIndex: All options with index in [10] are selected on object 'Object Repository/Store Request Schedule 1/Page_Store/select_--Select--Adernaline 0.'

2018-05-16 19:07:41 - [MESSAGE][PASSED] - All options with index in [10] are selected on object 'Object Repository/Store Request Schedule 1/Page_Store/select_--Select--Adernaline 0.'

2018-05-16 19:07:41 - [TEST_STEP][PASSED] - setText: Text '100' is set on object 'Object Repository/Store Request Schedule 1/Page_Store/input_txttreat'

2018-05-16 19:07:41 - [MESSAGE][PASSED] - Text '100' is set on object 'Object Repository/Store Request Schedule 1/Page_Store/input_txttreat'

2018-05-16 19:07:41 - [TEST_STEP][PASSED] - click: Object: 'Object Repository/Store Request Schedule 1/Page_Store/button_Add' is clicked on

2018-05-16 19:07:41 - [MESSAGE][PASSED] - Object: 'Object Repository/Store Request Schedule 1/Page_Store/button_Add' is clicked on

2018-05-16 19:07:41 - [TEST_STEP][PASSED] - selectOptionByIndex: All options with index in [6] are selected on object 'Object Repository/Store Request Schedule 1/Page_Store/select_--Select--Schedule 1Inj'

2018-05-16 19:07:42 - [MESSAGE][PASSED] - All options with index in [6] are selected on object 'Object Repository/Store Request Schedule 1/Page_Store/select_--Select--Schedule 1Inj'

2018-05-16 19:07:42 - [TEST_STEP][PASSED] - delay: Delayed 1 second(s)

2018-05-16 19:07:43 - [MESSAGE][PASSED] - Delayed 1 second(s)

2018-05-16 19:07:43 - [TEST_STEP][PASSED] - selectOptionByIndex: All options with index in [11] are selected on object 'Object Repository/Store Request Schedule 1/Page_Store/select_--Select--Adernaline 0.'

2018-05-16 19:07:43 - [MESSAGE][PASSED] - All options with index in [11] are selected on object 'Object Repository/Store Request Schedule 1/Page_Store/select_--Select--Adernaline 0.'

2018-05-16 19:07:43 - [TEST_STEP][PASSED] - setText: Text '100' is set on object 'Object Repository/Store Request Schedule 1/Page_Store/input_txttreat'

2018-05-16 19:07:43 - [MESSAGE][PASSED] - Text '100' is set on object 'Object Repository/Store Request Schedule 1/Page_Store/input_txttreat'

2018-05-16 19:07:43 - [TEST_STEP][PASSED] - click: Object: 'Object Repository/Store Request Schedule 1/Page_Store/button_Add' is clicked on

2018-05-16 19:07:43 - [MESSAGE][PASSED] - Object: 'Object Repository/Store Request Schedule 1/Page_Store/button_Add' is clicked on

2018-05-16 19:07:43 - [TEST_STEP][PASSED] - selectOptionByIndex: All options with index in [6] are selected on object 'Object Repository/Store Request Schedule 1/Page_Store/select_--Select--Schedule 1Inj'

2018-05-16 19:07:43 - [MESSAGE][PASSED] - All options with index in [6] are selected on object 'Object Repository/Store Request Schedule 1/Page_Store/select_--Select--Schedule 1Inj'

2018-05-16 19:07:43 - [TEST_STEP][PASSED] - delay: Delayed 1 second(s)

2018-05-16 19:07:44 - [MESSAGE][PASSED] - Delayed 1 second(s)

2018-05-16 19:07:44 - [TEST_STEP][PASSED] - selectOptionByIndex: All options with index in [12] are selected on object 'Object Repository/Store Request Schedule 1/Page_Store/select_--Select--Adernaline 0.'

2018-05-16 19:07:44 - [MESSAGE][PASSED] - All options with index in [12] are selected on object 'Object Repository/Store Request Schedule 1/Page_Store/select_--Select--Adernaline 0.'

2018-05-16 19:07:44 - [TEST_STEP][PASSED] - setText: Text '100' is set on object 'Object Repository/Store Request Schedule 1/Page_Store/input_txttreat'

2018-05-16 19:07:44 - [MESSAGE][PASSED] - Text '100' is set on object 'Object Repository/Store Request Schedule 1/Page_Store/input_txttreat'

2018-05-16 19:07:44 - [TEST_STEP][PASSED] - click: Object: 'Object Repository/Store Request Schedule 1/Page_Store/button_Add' is clicked on

2018-05-16 19:07:45 - [MESSAGE][PASSED] - Object: 'Object Repository/Store Request Schedule 1/Page_Store/button_Add' is clicked on

2018-05-16 19:07:45 - [TEST_STEP][PASSED] - selectOptionByIndex: All options with index in [6] are selected on object 'Object Repository/Store Request Schedule 1/Page_Store/select_--Select--Schedule 1Inj'

2018-05-16 19:07:45 - [MESSAGE][PASSED] - All options with index in [6] are selected on object 'Object Repository/Store Request Schedule 1/Page_Store/select_--Select--Schedule 1Inj'

2018-05-16 19:07:45 - [TEST_STEP][PASSED] - delay: Delayed 1 second(s)

2018-05-16 19:07:46 - [MESSAGE][PASSED] - Delayed 1 second(s)

2018-05-16 19:07:46 - [TEST_STEP][PASSED] - selectOptionByIndex: All options with index in [13] are selected on object 'Object Repository/Store Request Schedule 1/Page_Store/select_--Select--Adernaline 0.'

2018-05-16 19:07:46 - [MESSAGE][PASSED] - All options with index in [13] are selected on object 'Object Repository/Store Request Schedule 1/Page_Store/select_--Select--Adernaline 0.'

2018-05-16 19:07:46 - [TEST_STEP][PASSED] - setText: Text '100' is set on object 'Object Repository/Store Request Schedule 1/Page_Store/input_txttreat'

2018-05-16 19:07:46 - [MESSAGE][PASSED] - Text '100' is set on object 'Object Repository/Store Request Schedule 1/Page_Store/input_txttreat'

2018-05-16 19:07:46 - [TEST_STEP][PASSED] - click: Object: 'Object Repository/Store Request Schedule 1/Page_Store/button_Add' is clicked on

2018-05-16 19:07:46 - [MESSAGE][PASSED] - Object: 'Object Repository/Store Request Schedule 1/Page_Store/button_Add' is clicked on

2018-05-16 19:07:46 - [TEST_STEP][PASSED] - delay: Delayed 2 second(s)

2018-05-16 19:07:48 - [MESSAGE][PASSED] - Delayed 2 second(s)

2018-05-16 19:07:48 - [TEST_STEP][PASSED] - scrollToElement: Scroll to object 'Object Repository/Store Request Schedule 1/Page_Store/input_btnsave' successfully

2018-05-16 19:07:48 - [MESSAGE][PASSED] - Scroll to object 'Object Repository/Store Request Schedule 1/Page_Store/input_btnsave' successfully

2018-05-16 19:07:48 - [TEST_STEP][PASSED] - click: Object: 'Object Repository/Store Request Schedule 1/Page_Store/input_btnsave' is clicked on

2018-05-16 19:07:48 - [MESSAGE][PASSED] - Object: 'Object Repository/Store Request Schedule 1/Page_Store/input_btnsave' is clicked on

2018-05-16 19:07:48 - [TEST_STEP][PASSED] - delay: Delayed 4 second(s)

2018-05-16 19:07:52 - [MESSAGE][PASSED] - Delayed 4 second(s)

2018-05-16 19:07:52 - [TEST_STEP][PASSED] - Statement - Cms_RequestNumber = com.kms.katalon.core.webui.keyword.WebUiBuiltInKeywords.getText(com.kms.katalon.core.testobject.ObjectRepository.findTestObject(Store Request Schedule 1/Page_Store/font_PRNO050520189)): Text of object 'Object Repository/Store Request Schedule 1/Page_Store/font_PRNO050520189' is: 'PRNO/16052018/167'

2018-05-16 19:07:52 - [MESSAGE][PASSED] - Text of object 'Object Repository/Store Request Schedule 1/Page_Store/font_PRNO050520189' is: 'PRNO/16052018/167'

2018-05-16 19:07:52 - [TEST_STEP][PASSED] - Statement - CR = Cms_RequestNumber.trim(): null

2018-05-16 19:07:52 - [TEST_STEP][PASSED] - Statement - out.println("RQ :" + Cms_RequestNumber): null

2018-05-16 19:07:52 - [TEST_STEP][PASSED] - Statement - RequestNumberID = Cms_RequestNumber.split("/")[2].trim(): null

2018-05-16 19:07:52 - [TEST_STEP][PASSED] - Statement - out.println("RQ ID :" + RequestNumberID): null

2018-05-16 19:07:52 - [TEST_STEP][PASSED] - delay: Delayed 3 second(s)

2018-05-16 19:07:55 - [MESSAGE][PASSED] - Delayed 3 second(s)

2018-05-16 19:07:55 - [TEST_STEP][PASSED] - Statement - ok = com.kms.katalon.core.webui.keyword.WebUiBuiltInKeywords.click(com.kms.katalon.core.testobject.ObjectRepository.findTestObject(Store Request Schedule 1/Page_Store/button_OK)): Object: 'Object Repository/Store Request Schedule 1/Page_Store/button_OK' is clicked on

2018-05-16 19:07:56 - [MESSAGE][PASSED] - Object: 'Object Repository/Store Request Schedule 1/Page_Store/button_OK' is clicked on

2018-05-16 19:07:56 - [TEST_STEP][PASSED] - delay: Delayed 3 second(s)

2018-05-16 19:07:59 - [MESSAGE][PASSED] - Delayed 3 second(s)

2018-05-16 19:07:59 - [TEST_STEP][PASSED] - click: Object: 'Object Repository/Store Request Schedule 1/Page_Store/a_dropdown-toggle' is clicked on

2018-05-16 19:07:59 - [MESSAGE][PASSED] - Object: 'Object Repository/Store Request Schedule 1/Page_Store/a_dropdown-toggle' is clicked on

2018-05-16 19:07:59 - [TEST_STEP][PASSED] - click: Object: 'Object Repository/Store Request Schedule 1/Page_Store/a_Sign out' is clicked on

2018-05-16 19:08:00 - [MESSAGE][PASSED] - Object: 'Object Repository/Store Request Schedule 1/Page_Store/a_Sign out' is clicked on

2018-05-16 19:08:00 - [TEST_STEP][PASSED] - delay: Delayed 3 second(s)

2018-05-16 19:08:03 - [MESSAGE][PASSED] - Delayed 3 second(s)

2018-05-16 19:08:03 - [TEST_STEP][PASSED] - click: Object: 'Object Repository/Store Request Schedule 1/Page_KDMC/a_CMO' is clicked on

2018-05-16 19:08:04 - [MESSAGE][PASSED] - Object: 'Object Repository/Store Request Schedule 1/Page_KDMC/a_CMO' is clicked on

2018-05-16 19:08:04 - [TEST_STEP][PASSED] - setText: Text 'guru' is set on object 'Object Repository/Store Request Schedule 1/Page_CMO login/input_txtusername'

2018-05-16 19:08:04 - [MESSAGE][PASSED] - Text 'guru' is set on object 'Object Repository/Store Request Schedule 1/Page_CMO login/input_txtusername'

2018-05-16 19:08:04 - [TEST_STEP][PASSED] - setText: Text '123' is set on object 'Object Repository/Store Request Schedule 1/Page_CMO login/input_txtpassword'

2018-05-16 19:08:04 - [MESSAGE][PASSED] - Text '123' is set on object 'Object Repository/Store Request Schedule 1/Page_CMO login/input_txtpassword'

2018-05-16 19:08:04 - [TEST_STEP][PASSED] - delay: Delayed 3 second(s)

2018-05-16 19:08:07 - [MESSAGE][PASSED] - Delayed 3 second(s)

2018-05-16 19:08:07 - [TEST_STEP][PASSED] - click: Object: 'Object Repository/Store Request Schedule 1/Page_CMO login/button_Sign in' is clicked on

2018-05-16 19:08:08 - [MESSAGE][PASSED] - Object: 'Object Repository/Store Request Schedule 1/Page_CMO login/button_Sign in' is clicked on

2018-05-16 19:08:08 - [TEST_STEP][PASSED] - delay: Delayed 2 second(s)

2018-05-16 19:08:10 - [MESSAGE][PASSED] - Delayed 2 second(s)

2018-05-16 19:08:10 - [TEST_STEP][PASSED] - click: Object: 'Object Repository/Store Request Schedule 1/Page_KDMC - CMO/span_Department Wise Request' is clicked on

2018-05-16 19:08:10 - [MESSAGE][PASSED] - Object: 'Object Repository/Store Request Schedule 1/Page_KDMC - CMO/span_Department Wise Request' is clicked on

2018-05-16 19:08:10 - [TEST_STEP][PASSED] - click: Object: 'Object Repository/Store Request Schedule 1/Page_KDMC - CMO/a_CMS Request' is clicked on

2018-05-16 19:08:10 - [MESSAGE][PASSED] - Object: 'Object Repository/Store Request Schedule 1/Page_KDMC - CMO/a_CMS Request' is clicked on

2018-05-16 19:08:10 - [TEST_STEP][PASSED] - click: Object: 'Object Repository/Store Request Schedule 1/Page_KDMC - CMO/a_CMS Request' is clicked on

2018-05-16 19:08:10 - [MESSAGE][PASSED] - Object: 'Object Repository/Store Request Schedule 1/Page_KDMC - CMO/a_CMS Request' is clicked on

2018-05-16 19:08:10 - [TEST_STEP][PASSED] - click: Object: 'Object Repository/Store Request Schedule 1/Page_KDMC - CMO/span_Divisional Store Request' is clicked on

2018-05-16 19:08:12 - [MESSAGE][PASSED] - Object: 'Object Repository/Store Request Schedule 1/Page_KDMC - CMO/span_Divisional Store Request' is clicked on

2018-05-16 19:08:12 - [TEST_STEP][PASSED] - delay: Delayed 2 second(s)

2018-05-16 19:08:14 - [MESSAGE][PASSED] - Delayed 2 second(s)

2018-05-16 19:08:14 - [TEST_STEP][PASSED] - Statement - approval = com.kms.katalon.core.webui.keyword.WebUiBuiltInKeywords.modifyObjectProperty(com.kms.katalon.core.testobject.ObjectRepository.findTestObject(Store Request Schedule 1/Page_KDMC - CMO/input_PRNO050520189), "xpath", "equals", "//*[@id=" + RequestNumberID + "]", true): Modify property of object successfully

2018-05-16 19:08:14 - [MESSAGE][PASSED] - Modify property of object successfully

2018-05-16 19:08:14 - [TEST_STEP][PASSED] - click: Object: 'Object Repository/Store Request Schedule 1/Page_KDMC - CMO/input_PRNO050520189' is clicked on

2018-05-16 19:08:14 - [MESSAGE][PASSED] - Object: 'Object Repository/Store Request Schedule 1/Page_KDMC - CMO/input_PRNO050520189' is clicked on

2018-05-16 19:08:14 - [TEST_STEP][PASSED] - delay: Delayed 2 second(s)

2018-05-16 19:08:16 - [MESSAGE][PASSED] - Delayed 2 second(s)

2018-05-16 19:08:16 - [TEST_STEP][PASSED] - selectOptionByIndex: All options with index in [1] are selected on object 'Object Repository/Store Request Schedule 1/Page_KDMC - CMO/select_--Select--'

2018-05-16 19:08:16 - [MESSAGE][PASSED] - All options with index in [1] are selected on object 'Object Repository/Store Request Schedule 1/Page_KDMC - CMO/select_--Select--'

2018-05-16 19:08:16 - [TEST_STEP][PASSED] - click: Object: 'Object Repository/Store Request Schedule 1/Page_KDMC - CMO/input_btnupdate' is clicked on

2018-05-16 19:08:16 - [MESSAGE][PASSED] - Object: 'Object Repository/Store Request Schedule 1/Page_KDMC - CMO/input_btnupdate' is clicked on

2018-05-16 19:08:16 - [TEST_STEP][PASSED] - delay: Delayed 2 second(s)

2018-05-16 19:08:18 - [MESSAGE][PASSED] - Delayed 2 second(s)

2018-05-16 19:08:18 - [TEST_STEP][PASSED] - click: Object: 'Object Repository/Store Request Schedule 1/Page_KDMC - CMO/button_OK' is clicked on

2018-05-16 19:08:18 - [MESSAGE][PASSED] - Object: 'Object Repository/Store Request Schedule 1/Page_KDMC - CMO/button_OK' is clicked on

2018-05-16 19:08:18 - [TEST_STEP][PASSED] - delay: Delayed 2 second(s)

2018-05-16 19:08:20 - [MESSAGE][PASSED] - Delayed 2 second(s)

2018-05-16 19:08:20 - [TEST_STEP][PASSED] - click: Object: 'Object Repository/Store Request Schedule 1/Page_KDMC - CMO/a_dropdown-toggle' is clicked on

2018-05-16 19:08:21 - [MESSAGE][PASSED] - Object: 'Object Repository/Store Request Schedule 1/Page_KDMC - CMO/a_dropdown-toggle' is clicked on

2018-05-16 19:08:21 - [TEST_STEP][PASSED] - click: Object: 'Object Repository/Store Request Schedule 1/Page_KDMC - CMO/a_Sign out' is clicked on

2018-05-16 19:08:21 - [MESSAGE][PASSED] - Object: 'Object Repository/Store Request Schedule 1/Page_KDMC - CMO/a_Sign out' is clicked on

2018-05-16 19:08:21 - [TEST_STEP][PASSED] - delay: Delayed 3 second(s)

2018-05-16 19:08:24 - [MESSAGE][PASSED] - Delayed 3 second(s)

2018-05-16 19:08:24 - [TEST_STEP][PASSED] - click: Object: 'Object Repository/store Request Schedule 1/Page_KDMC/a_CMS' is clicked on

2018-05-16 19:08:24 - [MESSAGE][PASSED] - Object: 'Object Repository/store Request Schedule 1/Page_KDMC/a_CMS' is clicked on

2018-05-16 19:08:24 - [TEST_STEP][PASSED] - setText: Text 'bala' is set on object 'Object Repository/store Request Schedule 1/Page_CMS login/input_txtusername'

2018-05-16 19:08:24 - [MESSAGE][PASSED] - Text 'bala' is set on object 'Object Repository/store Request Schedule 1/Page_CMS login/input_txtusername'

2018-05-16 19:08:24 - [TEST_STEP][PASSED] - setText: Text '123' is set on object 'Object Repository/store Request Schedule 1/Page_CMS login/input_txtpassword'

2018-05-16 19:08:24 - [MESSAGE][PASSED] - Text '123' is set on object 'Object Repository/store Request Schedule 1/Page_CMS login/input_txtpassword'

2018-05-16 19:08:24 - [TEST_STEP][PASSED] - delay: Delayed 3 second(s)

2018-05-16 19:08:27 - [MESSAGE][PASSED] - Delayed 3 second(s)

2018-05-16 19:08:27 - [TEST_STEP][PASSED] - click: Object: 'Object Repository/store Request Schedule 1/Page_CMS login/button_Sign in' is clicked on

2018-05-16 19:08:28 - [MESSAGE][PASSED] - Object: 'Object Repository/store Request Schedule 1/Page_CMS login/button_Sign in' is clicked on

2018-05-16 19:08:28 - [TEST_STEP][PASSED] - delay: Delayed 2 second(s)

2018-05-16 19:08:30 - [MESSAGE][PASSED] - Delayed 2 second(s)

2018-05-16 19:08:30 - [TEST_STEP][PASSED] - click: Object: 'Object Repository/store Request Schedule 1/Page_KDMC - CMS/a_Divisional Store' is clicked on

2018-05-16 19:08:30 - [MESSAGE][PASSED] - Object: 'Object Repository/store Request Schedule 1/Page_KDMC - CMS/a_Divisional Store' is clicked on

2018-05-16 19:08:30 - [TEST_STEP][PASSED] - delay: Delayed 2 second(s)

2018-05-16 19:08:32 - [MESSAGE][PASSED] - Delayed 2 second(s)

2018-05-16 19:08:32 - [TEST_STEP][PASSED] - click: Object: 'Object Repository/store Request Schedule 1/Page_KDMC - CMS/a_Dispatch Items' is clicked on

2018-05-16 19:08:33 - [MESSAGE][PASSED] - Object: 'Object Repository/store Request Schedule 1/Page_KDMC - CMS/a_Dispatch Items' is clicked on

2018-05-16 19:08:33 - [TEST_STEP][PASSED] - setText: Text 'PRNO/16052018/167' is set on object 'Object Repository/store Request Schedule 1/Page_KDMC - CMS/input'

2018-05-16 19:08:33 - [MESSAGE][PASSED] - Text 'PRNO/16052018/167' is set on object 'Object Repository/store Request Schedule 1/Page_KDMC - CMS/input'

2018-05-16 19:08:33 - [TEST_STEP][PASSED] - click: Object: 'Object Repository/store Request Schedule 1/Page_KDMC - CMS/td_text-center' is clicked on

2018-05-16 19:08:33 - [MESSAGE][PASSED] - Object: 'Object Repository/store Request Schedule 1/Page_KDMC - CMS/td_text-center' is clicked on

2018-05-16 19:08:33 - [TEST_STEP][PASSED] - delay: Delayed 2 second(s)

2018-05-16 19:08:35 - [MESSAGE][PASSED] - Delayed 2 second(s)

2018-05-16 19:08:35 - [TEST_STEP][PASSED] - Statement - For ([row = 0, row < SelectedOptions - 1, (row++)]): null

2018-05-16 19:08:35 - [TEST_STEP][PASSED] - Statement - batchlength = new com.kms.katalon.core.testobject.TestObject(): null

2018-05-16 19:08:35 - [TEST_STEP][PASSED] - Statement - batchlength = com.kms.katalon.core.webui.keyword.WebUiBuiltInKeywords.modifyObjectProperty(batchlength, "xpath", "equals", "//*[@id = "fldvendor" + row + ""]", true): Modify property of object successfully

2018-05-16 19:08:35 - [MESSAGE][PASSED] - Modify property of object successfully

2018-05-16 19:08:35 - [TEST_STEP][PASSED] - Statement - batchsize = com.kms.katalon.core.webui.keyword.WebUiBuiltInKeywords.getNumberOfTotalOption(batchlength): 7 options of object '' counted

2018-05-16 19:08:35 - [MESSAGE][PASSED] - 7 options of object '' counted

2018-05-16 19:08:35 - [TEST_STEP][PASSED] - Statement - out.println("BatchSize : " + batchsize): null

2018-05-16 19:08:35 - [TEST_STEP][PASSED] - Statement - For ([n = 1, n <= batchsize - 1, (n++)]): null

2018-05-16 19:08:35 - [TEST_STEP][PASSED] - Statement - product = new com.kms.katalon.core.testobject.TestObject(): null

2018-05-16 19:08:35 - [TEST_STEP][PASSED] - Statement - product = com.kms.katalon.core.webui.keyword.WebUiBuiltInKeywords.modifyObjectProperty(product, "xpath", "equals", "//*[@id = "fldvendor" + row + ""]", true): Modify property of object successfully

2018-05-16 19:08:35 - [MESSAGE][PASSED] - Modify property of object successfully

2018-05-16 19:08:35 - [TEST_STEP][PASSED] - selectOptionByIndex: All options with index in [1] are selected on object ''

2018-05-16 19:08:35 - [MESSAGE][PASSED] - All options with index in [1] are selected on object ''

2018-05-16 19:08:35 - [TEST_STEP][PASSED] - Statement - batch = new com.kms.katalon.core.testobject.TestObject(): null

2018-05-16 19:08:35 - [TEST_STEP][PASSED] - Statement - batch = com.kms.katalon.core.webui.keyword.WebUiBuiltInKeywords.modifyObjectProperty(batch, "xpath", "equals", "//*[@id = "txtbthqty" + row + ""]", true): Modify property of object successfully

2018-05-16 19:08:35 - [MESSAGE][PASSED] - Modify property of object successfully

2018-05-16 19:08:35 - [TEST_STEP][PASSED] - Statement - batchqty = com.kms.katalon.core.webui.keyword.WebUiBuiltInKeywords.getAttribute(batch, "value").trim(): Attribute 'value' of object '' is: '39900'

2018-05-16 19:08:35 - [MESSAGE][PASSED] - Attribute 'value' of object '' is: '39900'

2018-05-16 19:08:35 - [TEST_STEP][PASSED] - Statement - Rqty = 100: null

2018-05-16 19:08:35 - [TEST_STEP][PASSED] - delay: Delayed 2 second(s)

2018-05-16 19:08:37 - [MESSAGE][PASSED] - Delayed 2 second(s)

2018-05-16 19:08:37 - [TEST_STEP][PASSED] - Statement - out.println("BatchQty : " + batchqty): null

2018-05-16 19:08:37 - [TEST_STEP][PASSED] - Statement - out.println("RQty : " + Rqty): null

2018-05-16 19:08:37 - [TEST_STEP][PASSED] - Statement - If (java.lang.Integer.valueOf(batchqty) >= java.lang.Integer.valueOf(Rqty)): null

2018-05-16 19:08:37 - [TEST_STEP][PASSED] - Statement - Break: null

2018-05-16 19:08:37 - [TEST_STEP][PASSED] - Statement - batchlength = new com.kms.katalon.core.testobject.TestObject(): null

2018-05-16 19:08:37 - [TEST_STEP][PASSED] - Statement - batchlength = com.kms.katalon.core.webui.keyword.WebUiBuiltInKeywords.modifyObjectProperty(batchlength, "xpath", "equals", "//*[@id = "fldvendor" + row + ""]", true): Modify property of object successfully

2018-05-16 19:08:37 - [MESSAGE][PASSED] - Modify property of object successfully

2018-05-16 19:08:37 - [TEST_STEP][PASSED] - Statement - batchsize = com.kms.katalon.core.webui.keyword.WebUiBuiltInKeywords.getNumberOfTotalOption(batchlength): 7 options of object '' counted

2018-05-16 19:08:37 - [MESSAGE][PASSED] - 7 options of object '' counted

2018-05-16 19:08:37 - [TEST_STEP][PASSED] - Statement - out.println("BatchSize : " + batchsize): null

2018-05-16 19:08:37 - [TEST_STEP][PASSED] - Statement - For ([n = 1, n <= batchsize - 1, (n++)]): null

2018-05-16 19:08:37 - [TEST_STEP][PASSED] - Statement - product = new com.kms.katalon.core.testobject.TestObject(): null

2018-05-16 19:08:37 - [TEST_STEP][PASSED] - Statement - product = com.kms.katalon.core.webui.keyword.WebUiBuiltInKeywords.modifyObjectProperty(product, "xpath", "equals", "//*[@id = "fldvendor" + row + ""]", true): Modify property of object successfully

2018-05-16 19:08:37 - [MESSAGE][PASSED] - Modify property of object successfully

2018-05-16 19:08:37 - [TEST_STEP][PASSED] - selectOptionByIndex: All options with index in [1] are selected on object ''

2018-05-16 19:08:38 - [MESSAGE][PASSED] - All options with index in [1] are selected on object ''

2018-05-16 19:08:38 - [TEST_STEP][PASSED] - Statement - batch = new com.kms.katalon.core.testobject.TestObject(): null

2018-05-16 19:08:38 - [TEST_STEP][PASSED] - Statement - batch = com.kms.katalon.core.webui.keyword.WebUiBuiltInKeywords.modifyObjectProperty(batch, "xpath", "equals", "//*[@id = "txtbthqty" + row + ""]", true): Modify property of object successfully

2018-05-16 19:08:38 - [MESSAGE][PASSED] - Modify property of object successfully

2018-05-16 19:08:38 - [TEST_STEP][PASSED] - Statement - batchqty = com.kms.katalon.core.webui.keyword.WebUiBuiltInKeywords.getAttribute(batch, "value").trim(): Attribute 'value' of object '' is: '5000'

2018-05-16 19:08:38 - [MESSAGE][PASSED] - Attribute 'value' of object '' is: '5000'

2018-05-16 19:08:38 - [TEST_STEP][PASSED] - Statement - Rqty = 100: null

2018-05-16 19:08:38 - [TEST_STEP][PASSED] - delay: Delayed 2 second(s)

2018-05-16 19:08:40 - [MESSAGE][PASSED] - Delayed 2 second(s)

2018-05-16 19:08:40 - [TEST_STEP][PASSED] - Statement - out.println("BatchQty : " + batchqty): null

2018-05-16 19:08:40 - [TEST_STEP][PASSED] - Statement - out.println("RQty : " + Rqty): null

2018-05-16 19:08:40 - [TEST_STEP][PASSED] - Statement - If (java.lang.Integer.valueOf(batchqty) >= java.lang.Integer.valueOf(Rqty)): null

2018-05-16 19:08:40 - [TEST_STEP][PASSED] - Statement - Break: null

2018-05-16 19:08:40 - [TEST_STEP][PASSED] - Statement - batchlength = new com.kms.katalon.core.testobject.TestObject(): null

2018-05-16 19:08:40 - [TEST_STEP][PASSED] - Statement - batchlength = com.kms.katalon.core.webui.keyword.WebUiBuiltInKeywords.modifyObjectProperty(batchlength, "xpath", "equals", "//*[@id = "fldvendor" + row + ""]", true): Modify property of object successfully

2018-05-16 19:08:40 - [MESSAGE][PASSED] - Modify property of object successfully

2018-05-16 19:08:40 - [TEST_STEP][PASSED] - Statement - batchsize = com.kms.katalon.core.webui.keyword.WebUiBuiltInKeywords.getNumberOfTotalOption(batchlength): 7 options of object '' counted

2018-05-16 19:08:40 - [MESSAGE][PASSED] - 7 options of object '' counted

2018-05-16 19:08:40 - [TEST_STEP][PASSED] - Statement - out.println("BatchSize : " + batchsize): null

2018-05-16 19:08:40 - [TEST_STEP][PASSED] - Statement - For ([n = 1, n <= batchsize - 1, (n++)]): null

2018-05-16 19:08:40 - [TEST_STEP][PASSED] - Statement - product = new com.kms.katalon.core.testobject.TestObject(): null

2018-05-16 19:08:40 - [TEST_STEP][PASSED] - Statement - product = com.kms.katalon.core.webui.keyword.WebUiBuiltInKeywords.modifyObjectProperty(product, "xpath", "equals", "//*[@id = "fldvendor" + row + ""]", true): Modify property of object successfully

2018-05-16 19:08:40 - [MESSAGE][PASSED] - Modify property of object successfully

2018-05-16 19:08:40 - [TEST_STEP][PASSED] - selectOptionByIndex: All options with index in [1] are selected on object ''

2018-05-16 19:08:40 - [MESSAGE][PASSED] - All options with index in [1] are selected on object ''

2018-05-16 19:08:40 - [TEST_STEP][PASSED] - Statement - batch = new com.kms.katalon.core.testobject.TestObject(): null

2018-05-16 19:08:40 - [TEST_STEP][PASSED] - Statement - batch = com.kms.katalon.core.webui.keyword.WebUiBuiltInKeywords.modifyObjectProperty(batch, "xpath", "equals", "//*[@id = "txtbthqty" + row + ""]", true): Modify property of object successfully

2018-05-16 19:08:40 - [MESSAGE][PASSED] - Modify property of object successfully

2018-05-16 19:08:40 - [TEST_STEP][PASSED] - Statement - batchqty = com.kms.katalon.core.webui.keyword.WebUiBuiltInKeywords.getAttribute(batch, "value").trim(): Attribute 'value' of object '' is: '4800'

2018-05-16 19:08:40 - [MESSAGE][PASSED] - Attribute 'value' of object '' is: '4800'

2018-05-16 19:08:40 - [TEST_STEP][PASSED] - Statement - Rqty = 100: null

2018-05-16 19:08:40 - [TEST_STEP][PASSED] - delay: Delayed 2 second(s)

2018-05-16 19:08:42 - [MESSAGE][PASSED] - Delayed 2 second(s)

2018-05-16 19:08:42 - [TEST_STEP][PASSED] - Statement - out.println("BatchQty : " + batchqty): null

2018-05-16 19:08:42 - [TEST_STEP][PASSED] - Statement - out.println("RQty : " + Rqty): null

2018-05-16 19:08:42 - [TEST_STEP][PASSED] - Statement - If (java.lang.Integer.valueOf(batchqty) >= java.lang.Integer.valueOf(Rqty)): null

2018-05-16 19:08:42 - [TEST_STEP][PASSED] - Statement - Break: null

2018-05-16 19:08:42 - [TEST_STEP][PASSED] - Statement - batchlength = new com.kms.katalon.core.testobject.TestObject(): null

2018-05-16 19:08:42 - [TEST_STEP][PASSED] - Statement - batchlength = com.kms.katalon.core.webui.keyword.WebUiBuiltInKeywords.modifyObjectProperty(batchlength, "xpath", "equals", "//*[@id = "fldvendor" + row + ""]", true): Modify property of object successfully

2018-05-16 19:08:42 - [MESSAGE][PASSED] - Modify property of object successfully

2018-05-16 19:08:42 - [TEST_STEP][PASSED] - Statement - batchsize = com.kms.katalon.core.webui.keyword.WebUiBuiltInKeywords.getNumberOfTotalOption(batchlength): 6 options of object '' counted

2018-05-16 19:08:42 - [MESSAGE][PASSED] - 6 options of object '' counted

2018-05-16 19:08:42 - [TEST_STEP][PASSED] - Statement - out.println("BatchSize : " + batchsize): null

2018-05-16 19:08:42 - [TEST_STEP][PASSED] - Statement - For ([n = 1, n <= batchsize - 1, (n++)]): null

2018-05-16 19:08:42 - [TEST_STEP][PASSED] - Statement - product = new com.kms.katalon.core.testobject.TestObject(): null

2018-05-16 19:08:42 - [TEST_STEP][PASSED] - Statement - product = com.kms.katalon.core.webui.keyword.WebUiBuiltInKeywords.modifyObjectProperty(product, "xpath", "equals", "//*[@id = "fldvendor" + row + ""]", true): Modify property of object successfully

2018-05-16 19:08:42 - [MESSAGE][PASSED] - Modify property of object successfully

2018-05-16 19:08:42 - [TEST_STEP][PASSED] - selectOptionByIndex: All options with index in [1] are selected on object ''

2018-05-16 19:08:42 - [MESSAGE][PASSED] - All options with index in [1] are selected on object ''

2018-05-16 19:08:42 - [TEST_STEP][PASSED] - Statement - batch = new com.kms.katalon.core.testobject.TestObject(): null

2018-05-16 19:08:42 - [TEST_STEP][PASSED] - Statement - batch = com.kms.katalon.core.webui.keyword.WebUiBuiltInKeywords.modifyObjectProperty(batch, "xpath", "equals", "//*[@id = "txtbthqty" + row + ""]", true): Modify property of object successfully

2018-05-16 19:08:42 - [MESSAGE][PASSED] - Modify property of object successfully

2018-05-16 19:08:42 - [TEST_STEP][PASSED] - Statement - batchqty = com.kms.katalon.core.webui.keyword.WebUiBuiltInKeywords.getAttribute(batch, "value").trim(): Attribute 'value' of object '' is: '5000'

2018-05-16 19:08:42 - [MESSAGE][PASSED] - Attribute 'value' of object '' is: '5000'

2018-05-16 19:08:42 - [TEST_STEP][PASSED] - Statement - Rqty = 100: null

2018-05-16 19:08:42 - [TEST_STEP][PASSED] - delay: Delayed 2 second(s)

2018-05-16 19:08:44 - [MESSAGE][PASSED] - Delayed 2 second(s)

2018-05-16 19:08:44 - [TEST_STEP][PASSED] - Statement - out.println("BatchQty : " + batchqty): null

2018-05-16 19:08:44 - [TEST_STEP][PASSED] - Statement - out.println("RQty : " + Rqty): null

2018-05-16 19:08:44 - [TEST_STEP][PASSED] - Statement - If (java.lang.Integer.valueOf(batchqty) >= java.lang.Integer.valueOf(Rqty)): null

2018-05-16 19:08:44 - [TEST_STEP][PASSED] - Statement - Break: null

2018-05-16 19:08:44 - [TEST_STEP][PASSED] - Statement - batchlength = new com.kms.katalon.core.testobject.TestObject(): null

2018-05-16 19:08:44 - [TEST_STEP][PASSED] - Statement - batchlength = com.kms.katalon.core.webui.keyword.WebUiBuiltInKeywords.modifyObjectProperty(batchlength, "xpath", "equals", "//*[@id = "fldvendor" + row + ""]", true): Modify property of object successfully

2018-05-16 19:08:44 - [MESSAGE][PASSED] - Modify property of object successfully

2018-05-16 19:08:44 - [TEST_STEP][PASSED] - Statement - batchsize = com.kms.katalon.core.webui.keyword.WebUiBuiltInKeywords.getNumberOfTotalOption(batchlength): 0 options of object '' counted

2018-05-16 19:08:44 - [MESSAGE][PASSED] - 0 options of object '' counted

2018-05-16 19:08:44 - [TEST_STEP][PASSED] - Statement - out.println("BatchSize : " + batchsize): null

2018-05-16 19:08:44 - [TEST_STEP][PASSED] - Statement - For ([n = 1, n <= batchsize - 1, (n++)]): null

2018-05-16 19:08:44 - [TEST_STEP][PASSED] - Statement - batchlength = new com.kms.katalon.core.testobject.TestObject(): null

2018-05-16 19:08:44 - [TEST_STEP][PASSED] - Statement - batchlength = com.kms.katalon.core.webui.keyword.WebUiBuiltInKeywords.modifyObjectProperty(batchlength, "xpath", "equals", "//*[@id = "fldvendor" + row + ""]", true): Modify property of object successfully

2018-05-16 19:08:44 - [MESSAGE][PASSED] - Modify property of object successfully

2018-05-16 19:08:44 - [TEST_STEP][PASSED] - Statement - batchsize = com.kms.katalon.core.webui.keyword.WebUiBuiltInKeywords.getNumberOfTotalOption(batchlength): 7 options of object '' counted

2018-05-16 19:08:44 - [MESSAGE][PASSED] - 7 options of object '' counted

2018-05-16 19:08:44 - [TEST_STEP][PASSED] - Statement - out.println("BatchSize : " + batchsize): null

2018-05-16 19:08:44 - [TEST_STEP][PASSED] - Statement - For ([n = 1, n <= batchsize - 1, (n++)]): null

2018-05-16 19:08:44 - [TEST_STEP][PASSED] - Statement - product = new com.kms.katalon.core.testobject.TestObject(): null

2018-05-16 19:08:44 - [TEST_STEP][PASSED] - Statement - product = com.kms.katalon.core.webui.keyword.WebUiBuiltInKeywords.modifyObjectProperty(product, "xpath", "equals", "//*[@id = "fldvendor" + row + ""]", true): Modify property of object successfully

2018-05-16 19:08:44 - [MESSAGE][PASSED] - Modify property of object successfully

2018-05-16 19:08:44 - [TEST_STEP][PASSED] - selectOptionByIndex: All options with index in [1] are selected on object ''

2018-05-16 19:08:44 - [MESSAGE][PASSED] - All options with index in [1] are selected on object ''

2018-05-16 19:08:44 - [TEST_STEP][PASSED] - Statement - batch = new com.kms.katalon.core.testobject.TestObject(): null

2018-05-16 19:08:44 - [TEST_STEP][PASSED] - Statement - batch = com.kms.katalon.core.webui.keyword.WebUiBuiltInKeywords.modifyObjectProperty(batch, "xpath", "equals", "//*[@id = "txtbthqty" + row + ""]", true): Modify property of object successfully

2018-05-16 19:08:44 - [MESSAGE][PASSED] - Modify property of object successfully

2018-05-16 19:08:44 - [TEST_STEP][PASSED] - Statement - batchqty = com.kms.katalon.core.webui.keyword.WebUiBuiltInKeywords.getAttribute(batch, "value").trim(): Attribute 'value' of object '' is: '5000'

2018-05-16 19:08:44 - [MESSAGE][PASSED] - Attribute 'value' of object '' is: '5000'

2018-05-16 19:08:44 - [TEST_STEP][PASSED] - Statement - Rqty = 100: null

2018-05-16 19:08:44 - [TEST_STEP][PASSED] - delay: Delayed 2 second(s)

2018-05-16 19:08:46 - [MESSAGE][PASSED] - Delayed 2 second(s)

2018-05-16 19:08:46 - [TEST_STEP][PASSED] - Statement - out.println("BatchQty : " + batchqty): null

2018-05-16 19:08:46 - [TEST_STEP][PASSED] - Statement - out.println("RQty : " + Rqty): null

2018-05-16 19:08:46 - [TEST_STEP][PASSED] - Statement - If (java.lang.Integer.valueOf(batchqty) >= java.lang.Integer.valueOf(Rqty)): null

2018-05-16 19:08:46 - [TEST_STEP][PASSED] - Statement - Break: null

2018-05-16 19:08:46 - [TEST_STEP][PASSED] - Statement - batchlength = new com.kms.katalon.core.testobject.TestObject(): null

2018-05-16 19:08:46 - [TEST_STEP][PASSED] - Statement - batchlength = com.kms.katalon.core.webui.keyword.WebUiBuiltInKeywords.modifyObjectProperty(batchlength, "xpath", "equals", "//*[@id = "fldvendor" + row + ""]", true): Modify property of object successfully

2018-05-16 19:08:46 - [MESSAGE][PASSED] - Modify property of object successfully

2018-05-16 19:08:46 - [TEST_STEP][PASSED] - Statement - batchsize = com.kms.katalon.core.webui.keyword.WebUiBuiltInKeywords.getNumberOfTotalOption(batchlength): 7 options of object '' counted

2018-05-16 19:08:46 - [MESSAGE][PASSED] - 7 options of object '' counted

2018-05-16 19:08:46 - [TEST_STEP][PASSED] - Statement - out.println("BatchSize : " + batchsize): null

2018-05-16 19:08:46 - [TEST_STEP][PASSED] - Statement - For ([n = 1, n <= batchsize - 1, (n++)]): null

2018-05-16 19:08:46 - [TEST_STEP][PASSED] - Statement - product = new com.kms.katalon.core.testobject.TestObject(): null

2018-05-16 19:08:46 - [TEST_STEP][PASSED] - Statement - product = com.kms.katalon.core.webui.keyword.WebUiBuiltInKeywords.modifyObjectProperty(product, "xpath", "equals", "//*[@id = "fldvendor" + row + ""]", true): Modify property of object successfully

2018-05-16 19:08:46 - [MESSAGE][PASSED] - Modify property of object successfully

2018-05-16 19:08:46 - [TEST_STEP][PASSED] - selectOptionByIndex: All options with index in [1] are selected on object ''

2018-05-16 19:08:47 - [MESSAGE][PASSED] - All options with index in [1] are selected on object ''

2018-05-16 19:08:47 - [TEST_STEP][PASSED] - Statement - batch = new com.kms.katalon.core.testobject.TestObject(): null

2018-05-16 19:08:47 - [TEST_STEP][PASSED] - Statement - batch = com.kms.katalon.core.webui.keyword.WebUiBuiltInKeywords.modifyObjectProperty(batch, "xpath", "equals", "//*[@id = "txtbthqty" + row + ""]", true): Modify property of object successfully

2018-05-16 19:08:47 - [MESSAGE][PASSED] - Modify property of object successfully

2018-05-16 19:08:47 - [TEST_STEP][PASSED] - Statement - batchqty = com.kms.katalon.core.webui.keyword.WebUiBuiltInKeywords.getAttribute(batch, "value").trim(): Attribute 'value' of object '' is: '4800'

2018-05-16 19:08:47 - [MESSAGE][PASSED] - Attribute 'value' of object '' is: '4800'

2018-05-16 19:08:47 - [TEST_STEP][PASSED] - Statement - Rqty = 100: null

2018-05-16 19:08:47 - [TEST_STEP][PASSED] - delay: Delayed 2 second(s)

2018-05-16 19:08:49 - [MESSAGE][PASSED] - Delayed 2 second(s)

2018-05-16 19:08:49 - [TEST_STEP][PASSED] - Statement - out.println("BatchQty : " + batchqty): null

2018-05-16 19:08:49 - [TEST_STEP][PASSED] - Statement - out.println("RQty : " + Rqty): null

2018-05-16 19:08:49 - [TEST_STEP][PASSED] - Statement - If (java.lang.Integer.valueOf(batchqty) >= java.lang.Integer.valueOf(Rqty)): null

2018-05-16 19:08:49 - [TEST_STEP][PASSED] - Statement - Break: null

2018-05-16 19:08:49 - [TEST_STEP][PASSED] - Statement - batchlength = new com.kms.katalon.core.testobject.TestObject(): null

2018-05-16 19:08:49 - [TEST_STEP][PASSED] - Statement - batchlength = com.kms.katalon.core.webui.keyword.WebUiBuiltInKeywords.modifyObjectProperty(batchlength, "xpath", "equals", "//*[@id = "fldvendor" + row + ""]", true): Modify property of object successfully

2018-05-16 19:08:49 - [MESSAGE][PASSED] - Modify property of object successfully

2018-05-16 19:08:49 - [TEST_STEP][PASSED] - Statement - batchsize = com.kms.katalon.core.webui.keyword.WebUiBuiltInKeywords.getNumberOfTotalOption(batchlength): 6 options of object '' counted

2018-05-16 19:08:49 - [MESSAGE][PASSED] - 6 options of object '' counted

2018-05-16 19:08:49 - [TEST_STEP][PASSED] - Statement - out.println("BatchSize : " + batchsize): null

2018-05-16 19:08:49 - [TEST_STEP][PASSED] - Statement - For ([n = 1, n <= batchsize - 1, (n++)]): null

2018-05-16 19:08:49 - [TEST_STEP][PASSED] - Statement - product = new com.kms.katalon.core.testobject.TestObject(): null

2018-05-16 19:08:49 - [TEST_STEP][PASSED] - Statement - product = com.kms.katalon.core.webui.keyword.WebUiBuiltInKeywords.modifyObjectProperty(product, "xpath", "equals", "//*[@id = "fldvendor" + row + ""]", true): Modify property of object successfully

2018-05-16 19:08:49 - [MESSAGE][PASSED] - Modify property of object successfully

2018-05-16 19:08:49 - [TEST_STEP][PASSED] - selectOptionByIndex: All options with index in [1] are selected on object ''

2018-05-16 19:08:49 - [MESSAGE][PASSED] - All options with index in [1] are selected on object ''

2018-05-16 19:08:49 - [TEST_STEP][PASSED] - Statement - batch = new com.kms.katalon.core.testobject.TestObject(): null

2018-05-16 19:08:49 - [TEST_STEP][PASSED] - Statement - batch = com.kms.katalon.core.webui.keyword.WebUiBuiltInKeywords.modifyObjectProperty(batch, "xpath", "equals", "//*[@id = "txtbthqty" + row + ""]", true): Modify property of object successfully

2018-05-16 19:08:49 - [MESSAGE][PASSED] - Modify property of object successfully

2018-05-16 19:08:49 - [TEST_STEP][PASSED] - Statement - batchqty = com.kms.katalon.core.webui.keyword.WebUiBuiltInKeywords.getAttribute(batch, "value").trim(): Attribute 'value' of object '' is: '5000'

2018-05-16 19:08:49 - [MESSAGE][PASSED] - Attribute 'value' of object '' is: '5000'

2018-05-16 19:08:49 - [TEST_STEP][PASSED] - Statement - Rqty = 100: null

2018-05-16 19:08:49 - [TEST_STEP][PASSED] - delay: Delayed 2 second(s)

2018-05-16 19:08:51 - [MESSAGE][PASSED] - Delayed 2 second(s)

2018-05-16 19:08:51 - [TEST_STEP][PASSED] - Statement - out.println("BatchQty : " + batchqty): null

2018-05-16 19:08:51 - [TEST_STEP][PASSED] - Statement - out.println("RQty : " + Rqty): null

2018-05-16 19:08:51 - [TEST_STEP][PASSED] - Statement - If (java.lang.Integer.valueOf(batchqty) >= java.lang.Integer.valueOf(Rqty)): null

2018-05-16 19:08:51 - [TEST_STEP][PASSED] - Statement - Break: null

2018-05-16 19:08:51 - [TEST_STEP][PASSED] - Statement - batchlength = new com.kms.katalon.core.testobject.TestObject(): null

2018-05-16 19:08:51 - [TEST_STEP][PASSED] - Statement - batchlength = com.kms.katalon.core.webui.keyword.WebUiBuiltInKeywords.modifyObjectProperty(batchlength, "xpath", "equals", "//*[@id = "fldvendor" + row + ""]", true): Modify property of object successfully

2018-05-16 19:08:51 - [MESSAGE][PASSED] - Modify property of object successfully

2018-05-16 19:08:51 - [TEST_STEP][PASSED] - Statement - batchsize = com.kms.katalon.core.webui.keyword.WebUiBuiltInKeywords.getNumberOfTotalOption(batchlength): 6 options of object '' counted

2018-05-16 19:08:51 - [MESSAGE][PASSED] - 6 options of object '' counted

2018-05-16 19:08:51 - [TEST_STEP][PASSED] - Statement - out.println("BatchSize : " + batchsize): null

2018-05-16 19:08:51 - [TEST_STEP][PASSED] - Statement - For ([n = 1, n <= batchsize - 1, (n++)]): null

2018-05-16 19:08:51 - [TEST_STEP][PASSED] - Statement - product = new com.kms.katalon.core.testobject.TestObject(): null

2018-05-16 19:08:51 - [TEST_STEP][PASSED] - Statement - product = com.kms.katalon.core.webui.keyword.WebUiBuiltInKeywords.modifyObjectProperty(product, "xpath", "equals", "//*[@id = "fldvendor" + row + ""]", true): Modify property of object successfully

2018-05-16 19:08:51 - [MESSAGE][PASSED] - Modify property of object successfully

2018-05-16 19:08:51 - [TEST_STEP][PASSED] - selectOptionByIndex: All options with index in [1] are selected on object ''

2018-05-16 19:08:51 - [MESSAGE][PASSED] - All options with index in [1] are selected on object ''

2018-05-16 19:08:51 - [TEST_STEP][PASSED] - Statement - batch = new com.kms.katalon.core.testobject.TestObject(): null

2018-05-16 19:08:51 - [TEST_STEP][PASSED] - Statement - batch = com.kms.katalon.core.webui.keyword.WebUiBuiltInKeywords.modifyObjectProperty(batch, "xpath", "equals", "//*[@id = "txtbthqty" + row + ""]", true): Modify property of object successfully

2018-05-16 19:08:51 - [MESSAGE][PASSED] - Modify property of object successfully

2018-05-16 19:08:51 - [TEST_STEP][PASSED] - Statement - batchqty = com.kms.katalon.core.webui.keyword.WebUiBuiltInKeywords.getAttribute(batch, "value").trim(): Attribute 'value' of object '' is: '39900'

2018-05-16 19:08:51 - [MESSAGE][PASSED] - Attribute 'value' of object '' is: '39900'

2018-05-16 19:08:51 - [TEST_STEP][PASSED] - Statement - Rqty = 100: null

2018-05-16 19:08:51 - [TEST_STEP][PASSED] - delay: Delayed 2 second(s)

2018-05-16 19:08:53 - [MESSAGE][PASSED] - Delayed 2 second(s)

2018-05-16 19:08:53 - [TEST_STEP][PASSED] - Statement - out.println("BatchQty : " + batchqty): null

2018-05-16 19:08:53 - [TEST_STEP][PASSED] - Statement - out.println("RQty : " + Rqty): null

2018-05-16 19:08:53 - [TEST_STEP][PASSED] - Statement - If (java.lang.Integer.valueOf(batchqty) >= java.lang.Integer.valueOf(Rqty)): null

2018-05-16 19:08:53 - [TEST_STEP][PASSED] - Statement - Break: null

2018-05-16 19:08:53 - [TEST_STEP][PASSED] - Statement - batchlength = new com.kms.katalon.core.testobject.TestObject(): null

2018-05-16 19:08:53 - [TEST_STEP][PASSED] - Statement - batchlength = com.kms.katalon.core.webui.keyword.WebUiBuiltInKeywords.modifyObjectProperty(batchlength, "xpath", "equals", "//*[@id = "fldvendor" + row + ""]", true): Modify property of object successfully

2018-05-16 19:08:53 - [MESSAGE][PASSED] - Modify property of object successfully

2018-05-16 19:08:53 - [TEST_STEP][PASSED] - Statement - batchsize = com.kms.katalon.core.webui.keyword.WebUiBuiltInKeywords.getNumberOfTotalOption(batchlength): 7 options of object '' counted

2018-05-16 19:08:53 - [MESSAGE][PASSED] - 7 options of object '' counted

2018-05-16 19:08:53 - [TEST_STEP][PASSED] - Statement - out.println("BatchSize : " + batchsize): null

2018-05-16 19:08:53 - [TEST_STEP][PASSED] - Statement - For ([n = 1, n <= batchsize - 1, (n++)]): null

2018-05-16 19:08:53 - [TEST_STEP][PASSED] - Statement - product = new com.kms.katalon.core.testobject.TestObject(): null

2018-05-16 19:08:53 - [TEST_STEP][PASSED] - Statement - product = com.kms.katalon.core.webui.keyword.WebUiBuiltInKeywords.modifyObjectProperty(product, "xpath", "equals", "//*[@id = "fldvendor" + row + ""]", true): Modify property of object successfully

2018-05-16 19:08:53 - [MESSAGE][PASSED] - Modify property of object successfully

2018-05-16 19:08:53 - [TEST_STEP][PASSED] - selectOptionByIndex: All options with index in [1] are selected on object ''

2018-05-16 19:08:53 - [MESSAGE][PASSED] - All options with index in [1] are selected on object ''

2018-05-16 19:08:53 - [TEST_STEP][PASSED] - Statement - batch = new com.kms.katalon.core.testobject.TestObject(): null

2018-05-16 19:08:53 - [TEST_STEP][PASSED] - Statement - batch = com.kms.katalon.core.webui.keyword.WebUiBuiltInKeywords.modifyObjectProperty(batch, "xpath", "equals", "//*[@id = "txtbthqty" + row + ""]", true): Modify property of object successfully

2018-05-16 19:08:53 - [MESSAGE][PASSED] - Modify property of object successfully

2018-05-16 19:08:53 - [TEST_STEP][PASSED] - Statement - batchqty = com.kms.katalon.core.webui.keyword.WebUiBuiltInKeywords.getAttribute(batch, "value").trim(): Attribute 'value' of object '' is: '5000'

2018-05-16 19:08:53 - [MESSAGE][PASSED] - Attribute 'value' of object '' is: '5000'

2018-05-16 19:08:53 - [TEST_STEP][PASSED] - Statement - Rqty = 100: null

2018-05-16 19:08:53 - [TEST_STEP][PASSED] - delay: Delayed 2 second(s)

2018-05-16 19:08:55 - [MESSAGE][PASSED] - Delayed 2 second(s)

2018-05-16 19:08:55 - [TEST_STEP][PASSED] - Statement - out.println("BatchQty : " + batchqty): null

2018-05-16 19:08:55 - [TEST_STEP][PASSED] - Statement - out.println("RQty : " + Rqty): null

2018-05-16 19:08:55 - [TEST_STEP][PASSED] - Statement - If (java.lang.Integer.valueOf(batchqty) >= java.lang.Integer.valueOf(Rqty)): null

2018-05-16 19:08:55 - [TEST_STEP][PASSED] - Statement - Break: null

2018-05-16 19:08:55 - [TEST_STEP][PASSED] - Statement - batchlength = new com.kms.katalon.core.testobject.TestObject(): null

2018-05-16 19:08:55 - [TEST_STEP][PASSED] - Statement - batchlength = com.kms.katalon.core.webui.keyword.WebUiBuiltInKeywords.modifyObjectProperty(batchlength, "xpath", "equals", "//*[@id = "fldvendor" + row + ""]", true): Modify property of object successfully

2018-05-16 19:08:55 - [MESSAGE][PASSED] - Modify property of object successfully

2018-05-16 19:08:55 - [TEST_STEP][PASSED] - Statement - batchsize = com.kms.katalon.core.webui.keyword.WebUiBuiltInKeywords.getNumberOfTotalOption(batchlength): 7 options of object '' counted

2018-05-16 19:08:55 - [MESSAGE][PASSED] - 7 options of object '' counted

2018-05-16 19:08:55 - [TEST_STEP][PASSED] - Statement - out.println("BatchSize : " + batchsize): null

2018-05-16 19:08:55 - [TEST_STEP][PASSED] - Statement - For ([n = 1, n <= batchsize - 1, (n++)]): null

2018-05-16 19:08:55 - [TEST_STEP][PASSED] - Statement - product = new com.kms.katalon.core.testobject.TestObject(): null

2018-05-16 19:08:55 - [TEST_STEP][PASSED] - Statement - product = com.kms.katalon.core.webui.keyword.WebUiBuiltInKeywords.modifyObjectProperty(product, "xpath", "equals", "//*[@id = "fldvendor" + row + ""]", true): Modify property of object successfully

2018-05-16 19:08:55 - [MESSAGE][PASSED] - Modify property of object successfully

2018-05-16 19:08:55 - [TEST_STEP][PASSED] - selectOptionByIndex: All options with index in [1] are selected on object ''

2018-05-16 19:08:56 - [MESSAGE][PASSED] - All options with index in [1] are selected on object ''

2018-05-16 19:08:56 - [TEST_STEP][PASSED] - Statement - batch = new com.kms.katalon.core.testobject.TestObject(): null

2018-05-16 19:08:56 - [TEST_STEP][PASSED] - Statement - batch = com.kms.katalon.core.webui.keyword.WebUiBuiltInKeywords.modifyObjectProperty(batch, "xpath", "equals", "//*[@id = "txtbthqty" + row + ""]", true): Modify property of object successfully

2018-05-16 19:08:56 - [MESSAGE][PASSED] - Modify property of object successfully

2018-05-16 19:08:56 - [TEST_STEP][PASSED] - Statement - batchqty = com.kms.katalon.core.webui.keyword.WebUiBuiltInKeywords.getAttribute(batch, "value").trim(): Attribute 'value' of object '' is: '4800'

2018-05-16 19:08:56 - [MESSAGE][PASSED] - Attribute 'value' of object '' is: '4800'

2018-05-16 19:08:56 - [TEST_STEP][PASSED] - Statement - Rqty = 100: null

2018-05-16 19:08:56 - [TEST_STEP][PASSED] - delay: Delayed 2 second(s)

2018-05-16 19:08:58 - [MESSAGE][PASSED] - Delayed 2 second(s)

2018-05-16 19:08:58 - [TEST_STEP][PASSED] - Statement - out.println("BatchQty : " + batchqty): null

2018-05-16 19:08:58 - [TEST_STEP][PASSED] - Statement - out.println("RQty : " + Rqty): null

2018-05-16 19:08:58 - [TEST_STEP][PASSED] - Statement - If (java.lang.Integer.valueOf(batchqty) >= java.lang.Integer.valueOf(Rqty)): null

2018-05-16 19:08:58 - [TEST_STEP][PASSED] - Statement - Break: null

2018-05-16 19:08:58 - [TEST_STEP][PASSED] - Statement - batchlength = new com.kms.katalon.core.testobject.TestObject(): null

2018-05-16 19:08:58 - [TEST_STEP][PASSED] - Statement - batchlength = com.kms.katalon.core.webui.keyword.WebUiBuiltInKeywords.modifyObjectProperty(batchlength, "xpath", "equals", "//*[@id = "fldvendor" + row + ""]", true): Modify property of object successfully

2018-05-16 19:08:58 - [MESSAGE][PASSED] - Modify property of object successfully

2018-05-16 19:08:58 - [TEST_STEP][PASSED] - Statement - batchsize = com.kms.katalon.core.webui.keyword.WebUiBuiltInKeywords.getNumberOfTotalOption(batchlength): 7 options of object '' counted

2018-05-16 19:08:58 - [MESSAGE][PASSED] - 7 options of object '' counted

2018-05-16 19:08:58 - [TEST_STEP][PASSED] - Statement - out.println("BatchSize : " + batchsize): null

2018-05-16 19:08:58 - [TEST_STEP][PASSED] - Statement - For ([n = 1, n <= batchsize - 1, (n++)]): null

2018-05-16 19:08:58 - [TEST_STEP][PASSED] - Statement - product = new com.kms.katalon.core.testobject.TestObject(): null

2018-05-16 19:08:58 - [TEST_STEP][PASSED] - Statement - product = com.kms.katalon.core.webui.keyword.WebUiBuiltInKeywords.modifyObjectProperty(product, "xpath", "equals", "//*[@id = "fldvendor" + row + ""]", true): Modify property of object successfully

2018-05-16 19:08:58 - [MESSAGE][PASSED] - Modify property of object successfully

2018-05-16 19:08:58 - [TEST_STEP][PASSED] - selectOptionByIndex: All options with index in [1] are selected on object ''

2018-05-16 19:08:58 - [MESSAGE][PASSED] - All options with index in [1] are selected on object ''

2018-05-16 19:08:58 - [TEST_STEP][PASSED] - Statement - batch = new com.kms.katalon.core.testobject.TestObject(): null

2018-05-16 19:08:58 - [TEST_STEP][PASSED] - Statement - batch = com.kms.katalon.core.webui.keyword.WebUiBuiltInKeywords.modifyObjectProperty(batch, "xpath", "equals", "//*[@id = "txtbthqty" + row + ""]", true): Modify property of object successfully

2018-05-16 19:08:58 - [MESSAGE][PASSED] - Modify property of object successfully

2018-05-16 19:08:58 - [TEST_STEP][PASSED] - Statement - batchqty = com.kms.katalon.core.webui.keyword.WebUiBuiltInKeywords.getAttribute(batch, "value").trim(): Attribute 'value' of object '' is: '5000'

2018-05-16 19:08:58 - [MESSAGE][PASSED] - Attribute 'value' of object '' is: '5000'

2018-05-16 19:08:58 - [TEST_STEP][PASSED] - Statement - Rqty = 100: null

2018-05-16 19:08:58 - [TEST_STEP][PASSED] - delay: Delayed 2 second(s)

2018-05-16 19:09:00 - [MESSAGE][PASSED] - Delayed 2 second(s)

2018-05-16 19:09:00 - [TEST_STEP][PASSED] - Statement - out.println("BatchQty : " + batchqty): null

2018-05-16 19:09:00 - [TEST_STEP][PASSED] - Statement - out.println("RQty : " + Rqty): null

2018-05-16 19:09:00 - [TEST_STEP][PASSED] - Statement - If (java.lang.Integer.valueOf(batchqty) >= java.lang.Integer.valueOf(Rqty)): null

2018-05-16 19:09:00 - [TEST_STEP][PASSED] - Statement - Break: null

2018-05-16 19:09:00 - [TEST_STEP][PASSED] - Statement - batchlength = new com.kms.katalon.core.testobject.TestObject(): null

2018-05-16 19:09:00 - [TEST_STEP][PASSED] - Statement - batchlength = com.kms.katalon.core.webui.keyword.WebUiBuiltInKeywords.modifyObjectProperty(batchlength, "xpath", "equals", "//*[@id = "fldvendor" + row + ""]", true): Modify property of object successfully

2018-05-16 19:09:00 - [MESSAGE][PASSED] - Modify property of object successfully

2018-05-16 19:09:00 - [TEST_STEP][PASSED] - Statement - batchsize = com.kms.katalon.core.webui.keyword.WebUiBuiltInKeywords.getNumberOfTotalOption(batchlength): 6 options of object '' counted

2018-05-16 19:09:00 - [MESSAGE][PASSED] - 6 options of object '' counted

2018-05-16 19:09:00 - [TEST_STEP][PASSED] - Statement - out.println("BatchSize : " + batchsize): null

2018-05-16 19:09:00 - [TEST_STEP][PASSED] - Statement - For ([n = 1, n <= batchsize - 1, (n++)]): null

2018-05-16 19:09:00 - [TEST_STEP][PASSED] - Statement - product = new com.kms.katalon.core.testobject.TestObject(): null

2018-05-16 19:09:00 - [TEST_STEP][PASSED] - Statement - product = com.kms.katalon.core.webui.keyword.WebUiBuiltInKeywords.modifyObjectProperty(product, "xpath", "equals", "//*[@id = "fldvendor" + row + ""]", true): Modify property of object successfully

2018-05-16 19:09:00 - [MESSAGE][PASSED] - Modify property of object successfully

2018-05-16 19:09:00 - [TEST_STEP][PASSED] - selectOptionByIndex: All options with index in [1] are selected on object ''

2018-05-16 19:09:00 - [MESSAGE][PASSED] - All options with index in [1] are selected on object ''

2018-05-16 19:09:00 - [TEST_STEP][PASSED] - Statement - batch = new com.kms.katalon.core.testobject.TestObject(): null

2018-05-16 19:09:00 - [TEST_STEP][PASSED] - Statement - batch = com.kms.katalon.core.webui.keyword.WebUiBuiltInKeywords.modifyObjectProperty(batch, "xpath", "equals", "//*[@id = "txtbthqty" + row + ""]", true): Modify property of object successfully

2018-05-16 19:09:00 - [MESSAGE][PASSED] - Modify property of object successfully

2018-05-16 19:09:00 - [TEST_STEP][PASSED] - Statement - batchqty = com.kms.katalon.core.webui.keyword.WebUiBuiltInKeywords.getAttribute(batch, "value").trim(): Attribute 'value' of object '' is: '39900'

2018-05-16 19:09:00 - [MESSAGE][PASSED] - Attribute 'value' of object '' is: '39900'

2018-05-16 19:09:00 - [TEST_STEP][PASSED] - Statement - Rqty = 100: null

2018-05-16 19:09:00 - [TEST_STEP][PASSED] - delay: Delayed 2 second(s)

2018-05-16 19:09:02 - [MESSAGE][PASSED] - Delayed 2 second(s)

2018-05-16 19:09:02 - [TEST_STEP][PASSED] - Statement - out.println("BatchQty : " + batchqty): null

2018-05-16 19:09:02 - [TEST_STEP][PASSED] - Statement - out.println("RQty : " + Rqty): null

2018-05-16 19:09:02 - [TEST_STEP][PASSED] - Statement - If (java.lang.Integer.valueOf(batchqty) >= java.lang.Integer.valueOf(Rqty)): null

2018-05-16 19:09:02 - [TEST_STEP][PASSED] - Statement - Break: null

2018-05-16 19:09:02 - [TEST_STEP][PASSED] - click: Object: 'Object Repository/store Request Schedule 1/Page_KDMC - CMS/input_btndispatch' is clicked on

2018-05-16 19:09:02 - [MESSAGE][PASSED] - Object: 'Object Repository/store Request Schedule 1/Page_KDMC - CMS/input_btndispatch' is clicked on

2018-05-16 19:09:02 - [TEST_STEP][PASSED] - delay: Delayed 3 second(s)

2018-05-16 19:09:05 - [MESSAGE][PASSED] - Delayed 3 second(s)

2018-05-16 19:09:05 - [TEST_STEP][PASSED] - click: Object: 'Object Repository/store Request Schedule 1/Page_KDMC - CMS/button_OK' is clicked on

2018-05-16 19:09:06 - [MESSAGE][PASSED] - Object: 'Object Repository/store Request Schedule 1/Page_KDMC - CMS/button_OK' is clicked on

2018-05-16 19:09:06 - [TEST_STEP][PASSED] - delay: Delayed 3 second(s)

2018-05-16 19:09:09 - [MESSAGE][PASSED] - Delayed 3 second(s)

2018-05-16 19:09:09 - [TEST_STEP][PASSED] - click: Object: 'Object Repository/store Request Schedule 1/Page_KDMC - CMS/a_dropdown-toggle' is clicked on

2018-05-16 19:09:09 - [MESSAGE][PASSED] - Object: 'Object Repository/store Request Schedule 1/Page_KDMC - CMS/a_dropdown-toggle' is clicked on

2018-05-16 19:09:09 - [TEST_STEP][PASSED] - click: Object: 'Object Repository/store Request Schedule 1/Page_KDMC - CMS/a_Sign out' is clicked on

2018-05-16 19:09:09 - [MESSAGE][PASSED] - Object: 'Object Repository/store Request Schedule 1/Page_KDMC - CMS/a_Sign out' is clicked on

2018-05-16 19:09:09 - [TEST_STEP][PASSED] - delay: Delayed 3 second(s)

2018-05-16 19:09:12 - [MESSAGE][PASSED] - Delayed 3 second(s)

2018-05-16 19:09:12 - [TEST_STEP][PASSED] - click: Object: 'Object Repository/Store Request Schedule 1/Page_KDMC/a_Divisional Store' is clicked on

2018-05-16 19:09:13 - [MESSAGE][PASSED] - Object: 'Object Repository/Store Request Schedule 1/Page_KDMC/a_Divisional Store' is clicked on

2018-05-16 19:09:13 - [TEST_STEP][PASSED] - setText: Text 'ragu' is set on object 'Object Repository/Store Request Schedule 1/Page_Divisonal Store Login/input_txtusername'

2018-05-16 19:09:13 - [MESSAGE][PASSED] - Text 'ragu' is set on object 'Object Repository/Store Request Schedule 1/Page_Divisonal Store Login/input_txtusername'

2018-05-16 19:09:13 - [TEST_STEP][PASSED] - setText: Text '123' is set on object 'Object Repository/Store Request Schedule 1/Page_Divisonal Store Login/input_txtpassword'

2018-05-16 19:09:13 - [MESSAGE][PASSED] - Text '123' is set on object 'Object Repository/Store Request Schedule 1/Page_Divisonal Store Login/input_txtpassword'

2018-05-16 19:09:13 - [TEST_STEP][PASSED] - delay: Delayed 3 second(s)

2018-05-16 19:09:16 - [MESSAGE][PASSED] - Delayed 3 second(s)

2018-05-16 19:09:16 - [TEST_STEP][PASSED] - click: Object: 'Object Repository/Store Request Schedule 1/Page_Divisonal Store Login/button_Sign in' is clicked on

2018-05-16 19:09:17 - [MESSAGE][PASSED] - Object: 'Object Repository/Store Request Schedule 1/Page_Divisonal Store Login/button_Sign in' is clicked on

2018-05-16 19:09:17 - [TEST_STEP][PASSED] - delay: Delayed 3 second(s)

2018-05-16 19:09:20 - [MESSAGE][PASSED] - Delayed 3 second(s)

2018-05-16 19:09:20 - [TEST_STEP][PASSED] - click: Object: 'Object Repository/Store Request Schedule 1/Page_Store/a_CMS' is clicked on

2018-05-16 19:09:20 - [MESSAGE][PASSED] - Object: 'Object Repository/Store Request Schedule 1/Page_Store/a_CMS' is clicked on

2018-05-16 19:09:20 - [TEST_STEP][PASSED] - delay: Delayed 2 second(s)

2018-05-16 19:09:22 - [MESSAGE][PASSED] - Delayed 2 second(s)

2018-05-16 19:09:22 - [TEST_STEP][PASSED] - click: Object: 'Object Repository/Store Request Schedule 1/Page_Store/a_Receiving Goods' is clicked on

2018-05-16 19:09:23 - [MESSAGE][PASSED] - Object: 'Object Repository/Store Request Schedule 1/Page_Store/a_Receiving Goods' is clicked on

2018-05-16 19:09:23 - [TEST_STEP][PASSED] - setText: Text 'PRNO/16052018/167' is set on object 'Object Repository/Store Request Schedule 1/Page_Store/input'

2018-05-16 19:09:23 - [MESSAGE][PASSED] - Text 'PRNO/16052018/167' is set on object 'Object Repository/Store Request Schedule 1/Page_Store/input'

2018-05-16 19:09:23 - [TEST_STEP][PASSED] - click: Object: 'Object Repository/Store Request Schedule 1/Page_Store/input_btn btn-primary' is clicked on

2018-05-16 19:09:23 - [MESSAGE][PASSED] - Object: 'Object Repository/Store Request Schedule 1/Page_Store/input_btn btn-primary' is clicked on

2018-05-16 19:09:23 - [TEST_STEP][PASSED] - delay: Delayed 2 second(s)

2018-05-16 19:09:25 - [MESSAGE][PASSED] - Delayed 2 second(s)

2018-05-16 19:09:25 - [TEST_STEP][PASSED] - click: Object: 'Object Repository/Store Request Schedule 1/Page_Store/input_chkrem' is clicked on

2018-05-16 19:09:25 - [MESSAGE][PASSED] - Object: 'Object Repository/Store Request Schedule 1/Page_Store/input_chkrem' is clicked on

2018-05-16 19:09:25 - [TEST_STEP][PASSED] - scrollToElement: Scroll to object 'Object Repository/Store Request Schedule 1/Page_Store/input_btchkroqadd' successfully

2018-05-16 19:09:25 - [MESSAGE][PASSED] - Scroll to object 'Object Repository/Store Request Schedule 1/Page_Store/input_btchkroqadd' successfully

2018-05-16 19:09:25 - [TEST_STEP][PASSED] - click: Object: 'Object Repository/Store Request Schedule 1/Page_Store/input_btchkroqadd' is clicked on

2018-05-16 19:09:25 - [MESSAGE][PASSED] - Object: 'Object Repository/Store Request Schedule 1/Page_Store/input_btchkroqadd' is clicked on

2018-05-16 19:09:25 - [TEST_STEP][PASSED] - delay: Delayed 2 second(s)

2018-05-16 19:09:27 - [MESSAGE][PASSED] - Delayed 2 second(s)

2018-05-16 19:09:27 - [TEST_STEP][PASSED] - refresh: Refresh successfully

2018-05-16 19:09:28 - [MESSAGE][PASSED] - Refresh successfully

2018-05-16 19:09:28 - [TEST_STEP][PASSED] - delay: Delayed 3 second(s)

2018-05-16 19:09:31 - [MESSAGE][PASSED] - Delayed 3 second(s)

2018-05-16 19:09:31 - [TEST_STEP][PASSED] - click: Object: 'Object Repository/Store Request Schedule 1/Page_Store/a_dropdown-toggle' is clicked on

2018-05-16 19:09:31 - [MESSAGE][PASSED] - Object: 'Object Repository/Store Request Schedule 1/Page_Store/a_dropdown-toggle' is clicked on

2018-05-16 19:09:31 - [TEST_STEP][PASSED] - click: Object: 'Object Repository/Store Request Schedule 1/Page_Store/a_Sign out' is clicked on

2018-05-16 19:09:31 - [MESSAGE][PASSED] - Object: 'Object Repository/Store Request Schedule 1/Page_Store/a_Sign out' is clicked on

2018-05-16 19:09:31 - [TEST_STEP][PASSED] - closeBrowser: Browser is closed

2018-05-16 19:09:32 - [MESSAGE][PASSED] - Browser is closed

2018-05-16 19:09:32 - [TEST_STEP][PASSED] - Statement - out.println("Schedule 6 STORE Request Are Working Successfully"): null]]></system-out>
         <system-err><![CDATA[]]></system-err>
      </testcase>
      <testcase name="Test Cases/STORE TO CMS REQUEST TEST CASES/TC_STCMS_007 To Verify Schedule 7 Store To CMS Request Are Working Successfully Or Not" classname="Test Cases/STORE TO CMS REQUEST TEST CASES/TC_STCMS_007 To Verify Schedule 7 Store To CMS Request Are Working Successfully Or Not" status="PASSED">
         <system-out><![CDATA[2018-05-16 19:09:32 - [TEST_CASE][PASSED] - Test Cases/STORE TO CMS REQUEST TEST CASES/TC_STCMS_007 To Verify Schedule 7 Store To CMS Request Are Working Successfully Or Not: Test Cases/STORE TO CMS REQUEST TEST CASES/TC_STCMS_007 To Verify Schedule 7 Store To CMS Request Are Working Successfully Or Not

2018-05-16 19:09:32 - [TEST_STEP][PASSED] - openBrowser: Browser is opened with url: ''

2018-05-16 19:09:34 - [MESSAGE][PASSED] - Browser is opened with url: ''

2018-05-16 19:09:34 - [TEST_STEP][PASSED] - Statement - out.println("Verify Schedule 7 STORE Request Are Working Successfully Or Not"): null

2018-05-16 19:09:34 - [TEST_STEP][PASSED] - navigateToUrl: Navigate to 'http://192.168.137.1/multihospital_new/' successfully

2018-05-16 19:09:36 - [MESSAGE][PASSED] - Navigate to 'http://192.168.137.1/multihospital_new/' successfully

2018-05-16 19:09:36 - [TEST_STEP][PASSED] - maximizeWindow: Current window maximized

2018-05-16 19:09:37 - [MESSAGE][PASSED] - Current window maximized

2018-05-16 19:09:37 - [TEST_STEP][PASSED] - click: Object: 'Object Repository/Store Request Schedule 1/Page_KDMC/a_Divisional Store' is clicked on

2018-05-16 19:09:38 - [MESSAGE][PASSED] - Object: 'Object Repository/Store Request Schedule 1/Page_KDMC/a_Divisional Store' is clicked on

2018-05-16 19:09:38 - [TEST_STEP][PASSED] - setText: Text 'ragu' is set on object 'Object Repository/Store Request Schedule 1/Page_Divisonal Store Login/input_txtusername'

2018-05-16 19:09:38 - [MESSAGE][PASSED] - Text 'ragu' is set on object 'Object Repository/Store Request Schedule 1/Page_Divisonal Store Login/input_txtusername'

2018-05-16 19:09:38 - [TEST_STEP][PASSED] - setText: Text '123' is set on object 'Object Repository/Store Request Schedule 1/Page_Divisonal Store Login/input_txtpassword'

2018-05-16 19:09:38 - [MESSAGE][PASSED] - Text '123' is set on object 'Object Repository/Store Request Schedule 1/Page_Divisonal Store Login/input_txtpassword'

2018-05-16 19:09:38 - [TEST_STEP][PASSED] - delay: Delayed 3 second(s)

2018-05-16 19:09:41 - [MESSAGE][PASSED] - Delayed 3 second(s)

2018-05-16 19:09:41 - [TEST_STEP][PASSED] - click: Object: 'Object Repository/Store Request Schedule 1/Page_Divisonal Store Login/button_Sign in' is clicked on

2018-05-16 19:09:42 - [MESSAGE][PASSED] - Object: 'Object Repository/Store Request Schedule 1/Page_Divisonal Store Login/button_Sign in' is clicked on

2018-05-16 19:09:42 - [TEST_STEP][PASSED] - delay: Delayed 3 second(s)

2018-05-16 19:09:45 - [MESSAGE][PASSED] - Delayed 3 second(s)

2018-05-16 19:09:45 - [TEST_STEP][PASSED] - click: Object: 'Object Repository/Store Request Schedule 1/Page_Store/a_CMS' is clicked on

2018-05-16 19:09:45 - [MESSAGE][PASSED] - Object: 'Object Repository/Store Request Schedule 1/Page_Store/a_CMS' is clicked on

2018-05-16 19:09:45 - [TEST_STEP][PASSED] - delay: Delayed 2 second(s)

2018-05-16 19:09:47 - [MESSAGE][PASSED] - Delayed 2 second(s)

2018-05-16 19:09:47 - [TEST_STEP][PASSED] - click: Object: 'Object Repository/Store Request Schedule 1/Page_Store/a_Request Send' is clicked on

2018-05-16 19:09:48 - [MESSAGE][PASSED] - Object: 'Object Repository/Store Request Schedule 1/Page_Store/a_Request Send' is clicked on

2018-05-16 19:09:48 - [TEST_STEP][PASSED] - selectOptionByIndex: All options with index in [1] are selected on object 'Object Repository/Store Request Schedule 1/Page_Store/select_--Select--'

2018-05-16 19:09:48 - [MESSAGE][PASSED] - All options with index in [1] are selected on object 'Object Repository/Store Request Schedule 1/Page_Store/select_--Select--'

2018-05-16 19:09:48 - [TEST_STEP][PASSED] - selectOptionByIndex: All options with index in [7] are selected on object 'Object Repository/Store Request Schedule 1/Page_Store/select_--Select--Schedule 1Inj'

2018-05-16 19:09:48 - [MESSAGE][PASSED] - All options with index in [7] are selected on object 'Object Repository/Store Request Schedule 1/Page_Store/select_--Select--Schedule 1Inj'

2018-05-16 19:09:48 - [TEST_STEP][PASSED] - Statement - SelectedOptions = com.kms.katalon.core.webui.keyword.WebUiBuiltInKeywords.getNumberOfTotalOption(com.kms.katalon.core.testobject.ObjectRepository.findTestObject(Store Request Schedule 1/Page_Store/select_--Select--Adernaline 0.)): 24 options of object 'Object Repository/Store Request Schedule 1/Page_Store/select_--Select--Adernaline 0.' counted

2018-05-16 19:09:49 - [MESSAGE][PASSED] - 24 options of object 'Object Repository/Store Request Schedule 1/Page_Store/select_--Select--Adernaline 0.' counted

2018-05-16 19:09:49 - [TEST_STEP][PASSED] - Statement - For ([y = 1, y < SelectedOptions, (y++)]): Object: 'Object Repository/Store Request Schedule 1/Page_Store/button_Add' is clicked on

2018-05-16 19:09:49 - [TEST_STEP][PASSED] - selectOptionByIndex: All options with index in [7] are selected on object 'Object Repository/Store Request Schedule 1/Page_Store/select_--Select--Schedule 1Inj'

2018-05-16 19:09:49 - [MESSAGE][PASSED] - All options with index in [7] are selected on object 'Object Repository/Store Request Schedule 1/Page_Store/select_--Select--Schedule 1Inj'

2018-05-16 19:09:49 - [TEST_STEP][PASSED] - delay: Delayed 1 second(s)

2018-05-16 19:09:50 - [MESSAGE][PASSED] - Delayed 1 second(s)

2018-05-16 19:09:50 - [TEST_STEP][PASSED] - selectOptionByIndex: All options with index in [1] are selected on object 'Object Repository/Store Request Schedule 1/Page_Store/select_--Select--Adernaline 0.'

2018-05-16 19:09:50 - [MESSAGE][PASSED] - All options with index in [1] are selected on object 'Object Repository/Store Request Schedule 1/Page_Store/select_--Select--Adernaline 0.'

2018-05-16 19:09:50 - [TEST_STEP][PASSED] - setText: Text '100' is set on object 'Object Repository/Store Request Schedule 1/Page_Store/input_txttreat'

2018-05-16 19:09:50 - [MESSAGE][PASSED] - Text '100' is set on object 'Object Repository/Store Request Schedule 1/Page_Store/input_txttreat'

2018-05-16 19:09:50 - [TEST_STEP][PASSED] - click: Object: 'Object Repository/Store Request Schedule 1/Page_Store/button_Add' is clicked on

2018-05-16 19:09:50 - [MESSAGE][PASSED] - Object: 'Object Repository/Store Request Schedule 1/Page_Store/button_Add' is clicked on

2018-05-16 19:09:50 - [TEST_STEP][PASSED] - selectOptionByIndex: All options with index in [7] are selected on object 'Object Repository/Store Request Schedule 1/Page_Store/select_--Select--Schedule 1Inj'

2018-05-16 19:09:50 - [MESSAGE][PASSED] - All options with index in [7] are selected on object 'Object Repository/Store Request Schedule 1/Page_Store/select_--Select--Schedule 1Inj'

2018-05-16 19:09:50 - [TEST_STEP][PASSED] - delay: Delayed 1 second(s)

2018-05-16 19:09:51 - [MESSAGE][PASSED] - Delayed 1 second(s)

2018-05-16 19:09:51 - [TEST_STEP][PASSED] - selectOptionByIndex: All options with index in [2] are selected on object 'Object Repository/Store Request Schedule 1/Page_Store/select_--Select--Adernaline 0.'

2018-05-16 19:09:51 - [MESSAGE][PASSED] - All options with index in [2] are selected on object 'Object Repository/Store Request Schedule 1/Page_Store/select_--Select--Adernaline 0.'

2018-05-16 19:09:51 - [TEST_STEP][PASSED] - setText: Text '100' is set on object 'Object Repository/Store Request Schedule 1/Page_Store/input_txttreat'

2018-05-16 19:09:51 - [MESSAGE][PASSED] - Text '100' is set on object 'Object Repository/Store Request Schedule 1/Page_Store/input_txttreat'

2018-05-16 19:09:51 - [TEST_STEP][PASSED] - click: Object: 'Object Repository/Store Request Schedule 1/Page_Store/button_Add' is clicked on

2018-05-16 19:09:51 - [MESSAGE][PASSED] - Object: 'Object Repository/Store Request Schedule 1/Page_Store/button_Add' is clicked on

2018-05-16 19:09:51 - [TEST_STEP][PASSED] - selectOptionByIndex: All options with index in [7] are selected on object 'Object Repository/Store Request Schedule 1/Page_Store/select_--Select--Schedule 1Inj'

2018-05-16 19:09:52 - [MESSAGE][PASSED] - All options with index in [7] are selected on object 'Object Repository/Store Request Schedule 1/Page_Store/select_--Select--Schedule 1Inj'

2018-05-16 19:09:52 - [TEST_STEP][PASSED] - delay: Delayed 1 second(s)

2018-05-16 19:09:53 - [MESSAGE][PASSED] - Delayed 1 second(s)

2018-05-16 19:09:53 - [TEST_STEP][PASSED] - selectOptionByIndex: All options with index in [3] are selected on object 'Object Repository/Store Request Schedule 1/Page_Store/select_--Select--Adernaline 0.'

2018-05-16 19:09:53 - [MESSAGE][PASSED] - All options with index in [3] are selected on object 'Object Repository/Store Request Schedule 1/Page_Store/select_--Select--Adernaline 0.'

2018-05-16 19:09:53 - [TEST_STEP][PASSED] - setText: Text '100' is set on object 'Object Repository/Store Request Schedule 1/Page_Store/input_txttreat'

2018-05-16 19:09:53 - [MESSAGE][PASSED] - Text '100' is set on object 'Object Repository/Store Request Schedule 1/Page_Store/input_txttreat'

2018-05-16 19:09:53 - [TEST_STEP][PASSED] - click: Object: 'Object Repository/Store Request Schedule 1/Page_Store/button_Add' is clicked on

2018-05-16 19:09:53 - [MESSAGE][PASSED] - Object: 'Object Repository/Store Request Schedule 1/Page_Store/button_Add' is clicked on

2018-05-16 19:09:53 - [TEST_STEP][PASSED] - selectOptionByIndex: All options with index in [7] are selected on object 'Object Repository/Store Request Schedule 1/Page_Store/select_--Select--Schedule 1Inj'

2018-05-16 19:09:53 - [MESSAGE][PASSED] - All options with index in [7] are selected on object 'Object Repository/Store Request Schedule 1/Page_Store/select_--Select--Schedule 1Inj'

2018-05-16 19:09:53 - [TEST_STEP][PASSED] - delay: Delayed 1 second(s)

2018-05-16 19:09:54 - [MESSAGE][PASSED] - Delayed 1 second(s)

2018-05-16 19:09:54 - [TEST_STEP][PASSED] - selectOptionByIndex: All options with index in [4] are selected on object 'Object Repository/Store Request Schedule 1/Page_Store/select_--Select--Adernaline 0.'

2018-05-16 19:09:54 - [MESSAGE][PASSED] - All options with index in [4] are selected on object 'Object Repository/Store Request Schedule 1/Page_Store/select_--Select--Adernaline 0.'

2018-05-16 19:09:54 - [TEST_STEP][PASSED] - setText: Text '100' is set on object 'Object Repository/Store Request Schedule 1/Page_Store/input_txttreat'

2018-05-16 19:09:54 - [MESSAGE][PASSED] - Text '100' is set on object 'Object Repository/Store Request Schedule 1/Page_Store/input_txttreat'

2018-05-16 19:09:54 - [TEST_STEP][PASSED] - click: Object: 'Object Repository/Store Request Schedule 1/Page_Store/button_Add' is clicked on

2018-05-16 19:09:54 - [MESSAGE][PASSED] - Object: 'Object Repository/Store Request Schedule 1/Page_Store/button_Add' is clicked on

2018-05-16 19:09:54 - [TEST_STEP][PASSED] - selectOptionByIndex: All options with index in [7] are selected on object 'Object Repository/Store Request Schedule 1/Page_Store/select_--Select--Schedule 1Inj'

2018-05-16 19:09:55 - [MESSAGE][PASSED] - All options with index in [7] are selected on object 'Object Repository/Store Request Schedule 1/Page_Store/select_--Select--Schedule 1Inj'

2018-05-16 19:09:55 - [TEST_STEP][PASSED] - delay: Delayed 1 second(s)

2018-05-16 19:09:56 - [MESSAGE][PASSED] - Delayed 1 second(s)

2018-05-16 19:09:56 - [TEST_STEP][PASSED] - selectOptionByIndex: All options with index in [5] are selected on object 'Object Repository/Store Request Schedule 1/Page_Store/select_--Select--Adernaline 0.'

2018-05-16 19:09:56 - [MESSAGE][PASSED] - All options with index in [5] are selected on object 'Object Repository/Store Request Schedule 1/Page_Store/select_--Select--Adernaline 0.'

2018-05-16 19:09:56 - [TEST_STEP][PASSED] - setText: Text '100' is set on object 'Object Repository/Store Request Schedule 1/Page_Store/input_txttreat'

2018-05-16 19:09:56 - [MESSAGE][PASSED] - Text '100' is set on object 'Object Repository/Store Request Schedule 1/Page_Store/input_txttreat'

2018-05-16 19:09:56 - [TEST_STEP][PASSED] - click: Object: 'Object Repository/Store Request Schedule 1/Page_Store/button_Add' is clicked on

2018-05-16 19:09:56 - [MESSAGE][PASSED] - Object: 'Object Repository/Store Request Schedule 1/Page_Store/button_Add' is clicked on

2018-05-16 19:09:56 - [TEST_STEP][PASSED] - selectOptionByIndex: All options with index in [7] are selected on object 'Object Repository/Store Request Schedule 1/Page_Store/select_--Select--Schedule 1Inj'

2018-05-16 19:09:56 - [MESSAGE][PASSED] - All options with index in [7] are selected on object 'Object Repository/Store Request Schedule 1/Page_Store/select_--Select--Schedule 1Inj'

2018-05-16 19:09:56 - [TEST_STEP][PASSED] - delay: Delayed 1 second(s)

2018-05-16 19:09:57 - [MESSAGE][PASSED] - Delayed 1 second(s)

2018-05-16 19:09:57 - [TEST_STEP][PASSED] - selectOptionByIndex: All options with index in [6] are selected on object 'Object Repository/Store Request Schedule 1/Page_Store/select_--Select--Adernaline 0.'

2018-05-16 19:09:57 - [MESSAGE][PASSED] - All options with index in [6] are selected on object 'Object Repository/Store Request Schedule 1/Page_Store/select_--Select--Adernaline 0.'

2018-05-16 19:09:57 - [TEST_STEP][PASSED] - setText: Text '100' is set on object 'Object Repository/Store Request Schedule 1/Page_Store/input_txttreat'

2018-05-16 19:09:57 - [MESSAGE][PASSED] - Text '100' is set on object 'Object Repository/Store Request Schedule 1/Page_Store/input_txttreat'

2018-05-16 19:09:57 - [TEST_STEP][PASSED] - click: Object: 'Object Repository/Store Request Schedule 1/Page_Store/button_Add' is clicked on

2018-05-16 19:09:57 - [MESSAGE][PASSED] - Object: 'Object Repository/Store Request Schedule 1/Page_Store/button_Add' is clicked on

2018-05-16 19:09:57 - [TEST_STEP][PASSED] - selectOptionByIndex: All options with index in [7] are selected on object 'Object Repository/Store Request Schedule 1/Page_Store/select_--Select--Schedule 1Inj'

2018-05-16 19:09:58 - [MESSAGE][PASSED] - All options with index in [7] are selected on object 'Object Repository/Store Request Schedule 1/Page_Store/select_--Select--Schedule 1Inj'

2018-05-16 19:09:58 - [TEST_STEP][PASSED] - delay: Delayed 1 second(s)

2018-05-16 19:09:59 - [MESSAGE][PASSED] - Delayed 1 second(s)

2018-05-16 19:09:59 - [TEST_STEP][PASSED] - selectOptionByIndex: All options with index in [7] are selected on object 'Object Repository/Store Request Schedule 1/Page_Store/select_--Select--Adernaline 0.'

2018-05-16 19:09:59 - [MESSAGE][PASSED] - All options with index in [7] are selected on object 'Object Repository/Store Request Schedule 1/Page_Store/select_--Select--Adernaline 0.'

2018-05-16 19:09:59 - [TEST_STEP][PASSED] - setText: Text '100' is set on object 'Object Repository/Store Request Schedule 1/Page_Store/input_txttreat'

2018-05-16 19:09:59 - [MESSAGE][PASSED] - Text '100' is set on object 'Object Repository/Store Request Schedule 1/Page_Store/input_txttreat'

2018-05-16 19:09:59 - [TEST_STEP][PASSED] - click: Object: 'Object Repository/Store Request Schedule 1/Page_Store/button_Add' is clicked on

2018-05-16 19:09:59 - [MESSAGE][PASSED] - Object: 'Object Repository/Store Request Schedule 1/Page_Store/button_Add' is clicked on

2018-05-16 19:09:59 - [TEST_STEP][PASSED] - selectOptionByIndex: All options with index in [7] are selected on object 'Object Repository/Store Request Schedule 1/Page_Store/select_--Select--Schedule 1Inj'

2018-05-16 19:09:59 - [MESSAGE][PASSED] - All options with index in [7] are selected on object 'Object Repository/Store Request Schedule 1/Page_Store/select_--Select--Schedule 1Inj'

2018-05-16 19:09:59 - [TEST_STEP][PASSED] - delay: Delayed 1 second(s)

2018-05-16 19:10:00 - [MESSAGE][PASSED] - Delayed 1 second(s)

2018-05-16 19:10:00 - [TEST_STEP][PASSED] - selectOptionByIndex: All options with index in [8] are selected on object 'Object Repository/Store Request Schedule 1/Page_Store/select_--Select--Adernaline 0.'

2018-05-16 19:10:00 - [MESSAGE][PASSED] - All options with index in [8] are selected on object 'Object Repository/Store Request Schedule 1/Page_Store/select_--Select--Adernaline 0.'

2018-05-16 19:10:00 - [TEST_STEP][PASSED] - setText: Text '100' is set on object 'Object Repository/Store Request Schedule 1/Page_Store/input_txttreat'

2018-05-16 19:10:00 - [MESSAGE][PASSED] - Text '100' is set on object 'Object Repository/Store Request Schedule 1/Page_Store/input_txttreat'

2018-05-16 19:10:00 - [TEST_STEP][PASSED] - click: Object: 'Object Repository/Store Request Schedule 1/Page_Store/button_Add' is clicked on

2018-05-16 19:10:00 - [MESSAGE][PASSED] - Object: 'Object Repository/Store Request Schedule 1/Page_Store/button_Add' is clicked on

2018-05-16 19:10:00 - [TEST_STEP][PASSED] - selectOptionByIndex: All options with index in [7] are selected on object 'Object Repository/Store Request Schedule 1/Page_Store/select_--Select--Schedule 1Inj'

2018-05-16 19:10:01 - [MESSAGE][PASSED] - All options with index in [7] are selected on object 'Object Repository/Store Request Schedule 1/Page_Store/select_--Select--Schedule 1Inj'

2018-05-16 19:10:01 - [TEST_STEP][PASSED] - delay: Delayed 1 second(s)

2018-05-16 19:10:02 - [MESSAGE][PASSED] - Delayed 1 second(s)

2018-05-16 19:10:02 - [TEST_STEP][PASSED] - selectOptionByIndex: All options with index in [9] are selected on object 'Object Repository/Store Request Schedule 1/Page_Store/select_--Select--Adernaline 0.'

2018-05-16 19:10:02 - [MESSAGE][PASSED] - All options with index in [9] are selected on object 'Object Repository/Store Request Schedule 1/Page_Store/select_--Select--Adernaline 0.'

2018-05-16 19:10:02 - [TEST_STEP][PASSED] - setText: Text '100' is set on object 'Object Repository/Store Request Schedule 1/Page_Store/input_txttreat'

2018-05-16 19:10:02 - [MESSAGE][PASSED] - Text '100' is set on object 'Object Repository/Store Request Schedule 1/Page_Store/input_txttreat'

2018-05-16 19:10:02 - [TEST_STEP][PASSED] - click: Object: 'Object Repository/Store Request Schedule 1/Page_Store/button_Add' is clicked on

2018-05-16 19:10:02 - [MESSAGE][PASSED] - Object: 'Object Repository/Store Request Schedule 1/Page_Store/button_Add' is clicked on

2018-05-16 19:10:02 - [TEST_STEP][PASSED] - selectOptionByIndex: All options with index in [7] are selected on object 'Object Repository/Store Request Schedule 1/Page_Store/select_--Select--Schedule 1Inj'

2018-05-16 19:10:02 - [MESSAGE][PASSED] - All options with index in [7] are selected on object 'Object Repository/Store Request Schedule 1/Page_Store/select_--Select--Schedule 1Inj'

2018-05-16 19:10:02 - [TEST_STEP][PASSED] - delay: Delayed 1 second(s)

2018-05-16 19:10:03 - [MESSAGE][PASSED] - Delayed 1 second(s)

2018-05-16 19:10:03 - [TEST_STEP][PASSED] - selectOptionByIndex: All options with index in [10] are selected on object 'Object Repository/Store Request Schedule 1/Page_Store/select_--Select--Adernaline 0.'

2018-05-16 19:10:03 - [MESSAGE][PASSED] - All options with index in [10] are selected on object 'Object Repository/Store Request Schedule 1/Page_Store/select_--Select--Adernaline 0.'

2018-05-16 19:10:03 - [TEST_STEP][PASSED] - setText: Text '100' is set on object 'Object Repository/Store Request Schedule 1/Page_Store/input_txttreat'

2018-05-16 19:10:03 - [MESSAGE][PASSED] - Text '100' is set on object 'Object Repository/Store Request Schedule 1/Page_Store/input_txttreat'

2018-05-16 19:10:03 - [TEST_STEP][PASSED] - click: Object: 'Object Repository/Store Request Schedule 1/Page_Store/button_Add' is clicked on

2018-05-16 19:10:04 - [MESSAGE][PASSED] - Object: 'Object Repository/Store Request Schedule 1/Page_Store/button_Add' is clicked on

2018-05-16 19:10:04 - [TEST_STEP][PASSED] - selectOptionByIndex: All options with index in [7] are selected on object 'Object Repository/Store Request Schedule 1/Page_Store/select_--Select--Schedule 1Inj'

2018-05-16 19:10:04 - [MESSAGE][PASSED] - All options with index in [7] are selected on object 'Object Repository/Store Request Schedule 1/Page_Store/select_--Select--Schedule 1Inj'

2018-05-16 19:10:04 - [TEST_STEP][PASSED] - delay: Delayed 1 second(s)

2018-05-16 19:10:05 - [MESSAGE][PASSED] - Delayed 1 second(s)

2018-05-16 19:10:05 - [TEST_STEP][PASSED] - selectOptionByIndex: All options with index in [11] are selected on object 'Object Repository/Store Request Schedule 1/Page_Store/select_--Select--Adernaline 0.'

2018-05-16 19:10:05 - [MESSAGE][PASSED] - All options with index in [11] are selected on object 'Object Repository/Store Request Schedule 1/Page_Store/select_--Select--Adernaline 0.'

2018-05-16 19:10:05 - [TEST_STEP][PASSED] - setText: Text '100' is set on object 'Object Repository/Store Request Schedule 1/Page_Store/input_txttreat'

2018-05-16 19:10:05 - [MESSAGE][PASSED] - Text '100' is set on object 'Object Repository/Store Request Schedule 1/Page_Store/input_txttreat'

2018-05-16 19:10:05 - [TEST_STEP][PASSED] - click: Object: 'Object Repository/Store Request Schedule 1/Page_Store/button_Add' is clicked on

2018-05-16 19:10:05 - [MESSAGE][PASSED] - Object: 'Object Repository/Store Request Schedule 1/Page_Store/button_Add' is clicked on

2018-05-16 19:10:05 - [TEST_STEP][PASSED] - selectOptionByIndex: All options with index in [7] are selected on object 'Object Repository/Store Request Schedule 1/Page_Store/select_--Select--Schedule 1Inj'

2018-05-16 19:10:05 - [MESSAGE][PASSED] - All options with index in [7] are selected on object 'Object Repository/Store Request Schedule 1/Page_Store/select_--Select--Schedule 1Inj'

2018-05-16 19:10:05 - [TEST_STEP][PASSED] - delay: Delayed 1 second(s)

2018-05-16 19:10:06 - [MESSAGE][PASSED] - Delayed 1 second(s)

2018-05-16 19:10:06 - [TEST_STEP][PASSED] - selectOptionByIndex: All options with index in [12] are selected on object 'Object Repository/Store Request Schedule 1/Page_Store/select_--Select--Adernaline 0.'

2018-05-16 19:10:07 - [MESSAGE][PASSED] - All options with index in [12] are selected on object 'Object Repository/Store Request Schedule 1/Page_Store/select_--Select--Adernaline 0.'

2018-05-16 19:10:07 - [TEST_STEP][PASSED] - setText: Text '100' is set on object 'Object Repository/Store Request Schedule 1/Page_Store/input_txttreat'

2018-05-16 19:10:07 - [MESSAGE][PASSED] - Text '100' is set on object 'Object Repository/Store Request Schedule 1/Page_Store/input_txttreat'

2018-05-16 19:10:07 - [TEST_STEP][PASSED] - click: Object: 'Object Repository/Store Request Schedule 1/Page_Store/button_Add' is clicked on

2018-05-16 19:10:07 - [MESSAGE][PASSED] - Object: 'Object Repository/Store Request Schedule 1/Page_Store/button_Add' is clicked on

2018-05-16 19:10:07 - [TEST_STEP][PASSED] - selectOptionByIndex: All options with index in [7] are selected on object 'Object Repository/Store Request Schedule 1/Page_Store/select_--Select--Schedule 1Inj'

2018-05-16 19:10:07 - [MESSAGE][PASSED] - All options with index in [7] are selected on object 'Object Repository/Store Request Schedule 1/Page_Store/select_--Select--Schedule 1Inj'

2018-05-16 19:10:07 - [TEST_STEP][PASSED] - delay: Delayed 1 second(s)

2018-05-16 19:10:08 - [MESSAGE][PASSED] - Delayed 1 second(s)

2018-05-16 19:10:08 - [TEST_STEP][PASSED] - selectOptionByIndex: All options with index in [13] are selected on object 'Object Repository/Store Request Schedule 1/Page_Store/select_--Select--Adernaline 0.'

2018-05-16 19:10:08 - [MESSAGE][PASSED] - All options with index in [13] are selected on object 'Object Repository/Store Request Schedule 1/Page_Store/select_--Select--Adernaline 0.'

2018-05-16 19:10:08 - [TEST_STEP][PASSED] - setText: Text '100' is set on object 'Object Repository/Store Request Schedule 1/Page_Store/input_txttreat'

2018-05-16 19:10:08 - [MESSAGE][PASSED] - Text '100' is set on object 'Object Repository/Store Request Schedule 1/Page_Store/input_txttreat'

2018-05-16 19:10:08 - [TEST_STEP][PASSED] - click: Object: 'Object Repository/Store Request Schedule 1/Page_Store/button_Add' is clicked on

2018-05-16 19:10:08 - [MESSAGE][PASSED] - Object: 'Object Repository/Store Request Schedule 1/Page_Store/button_Add' is clicked on

2018-05-16 19:10:08 - [TEST_STEP][PASSED] - selectOptionByIndex: All options with index in [7] are selected on object 'Object Repository/Store Request Schedule 1/Page_Store/select_--Select--Schedule 1Inj'

2018-05-16 19:10:08 - [MESSAGE][PASSED] - All options with index in [7] are selected on object 'Object Repository/Store Request Schedule 1/Page_Store/select_--Select--Schedule 1Inj'

2018-05-16 19:10:08 - [TEST_STEP][PASSED] - delay: Delayed 1 second(s)

2018-05-16 19:10:09 - [MESSAGE][PASSED] - Delayed 1 second(s)

2018-05-16 19:10:09 - [TEST_STEP][PASSED] - selectOptionByIndex: All options with index in [14] are selected on object 'Object Repository/Store Request Schedule 1/Page_Store/select_--Select--Adernaline 0.'

2018-05-16 19:10:10 - [MESSAGE][PASSED] - All options with index in [14] are selected on object 'Object Repository/Store Request Schedule 1/Page_Store/select_--Select--Adernaline 0.'

2018-05-16 19:10:10 - [TEST_STEP][PASSED] - setText: Text '100' is set on object 'Object Repository/Store Request Schedule 1/Page_Store/input_txttreat'

2018-05-16 19:10:10 - [MESSAGE][PASSED] - Text '100' is set on object 'Object Repository/Store Request Schedule 1/Page_Store/input_txttreat'

2018-05-16 19:10:10 - [TEST_STEP][PASSED] - click: Object: 'Object Repository/Store Request Schedule 1/Page_Store/button_Add' is clicked on

2018-05-16 19:10:10 - [MESSAGE][PASSED] - Object: 'Object Repository/Store Request Schedule 1/Page_Store/button_Add' is clicked on

2018-05-16 19:10:10 - [TEST_STEP][PASSED] - selectOptionByIndex: All options with index in [7] are selected on object 'Object Repository/Store Request Schedule 1/Page_Store/select_--Select--Schedule 1Inj'

2018-05-16 19:10:10 - [MESSAGE][PASSED] - All options with index in [7] are selected on object 'Object Repository/Store Request Schedule 1/Page_Store/select_--Select--Schedule 1Inj'

2018-05-16 19:10:10 - [TEST_STEP][PASSED] - delay: Delayed 1 second(s)

2018-05-16 19:10:11 - [MESSAGE][PASSED] - Delayed 1 second(s)

2018-05-16 19:10:11 - [TEST_STEP][PASSED] - selectOptionByIndex: All options with index in [15] are selected on object 'Object Repository/Store Request Schedule 1/Page_Store/select_--Select--Adernaline 0.'

2018-05-16 19:10:11 - [MESSAGE][PASSED] - All options with index in [15] are selected on object 'Object Repository/Store Request Schedule 1/Page_Store/select_--Select--Adernaline 0.'

2018-05-16 19:10:11 - [TEST_STEP][PASSED] - setText: Text '100' is set on object 'Object Repository/Store Request Schedule 1/Page_Store/input_txttreat'

2018-05-16 19:10:11 - [MESSAGE][PASSED] - Text '100' is set on object 'Object Repository/Store Request Schedule 1/Page_Store/input_txttreat'

2018-05-16 19:10:11 - [TEST_STEP][PASSED] - click: Object: 'Object Repository/Store Request Schedule 1/Page_Store/button_Add' is clicked on

2018-05-16 19:10:11 - [MESSAGE][PASSED] - Object: 'Object Repository/Store Request Schedule 1/Page_Store/button_Add' is clicked on

2018-05-16 19:10:11 - [TEST_STEP][PASSED] - selectOptionByIndex: All options with index in [7] are selected on object 'Object Repository/Store Request Schedule 1/Page_Store/select_--Select--Schedule 1Inj'

2018-05-16 19:10:11 - [MESSAGE][PASSED] - All options with index in [7] are selected on object 'Object Repository/Store Request Schedule 1/Page_Store/select_--Select--Schedule 1Inj'

2018-05-16 19:10:11 - [TEST_STEP][PASSED] - delay: Delayed 1 second(s)

2018-05-16 19:10:12 - [MESSAGE][PASSED] - Delayed 1 second(s)

2018-05-16 19:10:12 - [TEST_STEP][PASSED] - selectOptionByIndex: All options with index in [16] are selected on object 'Object Repository/Store Request Schedule 1/Page_Store/select_--Select--Adernaline 0.'

2018-05-16 19:10:13 - [MESSAGE][PASSED] - All options with index in [16] are selected on object 'Object Repository/Store Request Schedule 1/Page_Store/select_--Select--Adernaline 0.'

2018-05-16 19:10:13 - [TEST_STEP][PASSED] - setText: Text '100' is set on object 'Object Repository/Store Request Schedule 1/Page_Store/input_txttreat'

2018-05-16 19:10:13 - [MESSAGE][PASSED] - Text '100' is set on object 'Object Repository/Store Request Schedule 1/Page_Store/input_txttreat'

2018-05-16 19:10:13 - [TEST_STEP][PASSED] - click: Object: 'Object Repository/Store Request Schedule 1/Page_Store/button_Add' is clicked on

2018-05-16 19:10:13 - [MESSAGE][PASSED] - Object: 'Object Repository/Store Request Schedule 1/Page_Store/button_Add' is clicked on

2018-05-16 19:10:13 - [TEST_STEP][PASSED] - selectOptionByIndex: All options with index in [7] are selected on object 'Object Repository/Store Request Schedule 1/Page_Store/select_--Select--Schedule 1Inj'

2018-05-16 19:10:13 - [MESSAGE][PASSED] - All options with index in [7] are selected on object 'Object Repository/Store Request Schedule 1/Page_Store/select_--Select--Schedule 1Inj'

2018-05-16 19:10:13 - [TEST_STEP][PASSED] - delay: Delayed 1 second(s)

2018-05-16 19:10:14 - [MESSAGE][PASSED] - Delayed 1 second(s)

2018-05-16 19:10:14 - [TEST_STEP][PASSED] - selectOptionByIndex: All options with index in [17] are selected on object 'Object Repository/Store Request Schedule 1/Page_Store/select_--Select--Adernaline 0.'

2018-05-16 19:10:14 - [MESSAGE][PASSED] - All options with index in [17] are selected on object 'Object Repository/Store Request Schedule 1/Page_Store/select_--Select--Adernaline 0.'

2018-05-16 19:10:14 - [TEST_STEP][PASSED] - setText: Text '100' is set on object 'Object Repository/Store Request Schedule 1/Page_Store/input_txttreat'

2018-05-16 19:10:14 - [MESSAGE][PASSED] - Text '100' is set on object 'Object Repository/Store Request Schedule 1/Page_Store/input_txttreat'

2018-05-16 19:10:14 - [TEST_STEP][PASSED] - click: Object: 'Object Repository/Store Request Schedule 1/Page_Store/button_Add' is clicked on

2018-05-16 19:10:14 - [MESSAGE][PASSED] - Object: 'Object Repository/Store Request Schedule 1/Page_Store/button_Add' is clicked on

2018-05-16 19:10:14 - [TEST_STEP][PASSED] - selectOptionByIndex: All options with index in [7] are selected on object 'Object Repository/Store Request Schedule 1/Page_Store/select_--Select--Schedule 1Inj'

2018-05-16 19:10:15 - [MESSAGE][PASSED] - All options with index in [7] are selected on object 'Object Repository/Store Request Schedule 1/Page_Store/select_--Select--Schedule 1Inj'

2018-05-16 19:10:15 - [TEST_STEP][PASSED] - delay: Delayed 1 second(s)

2018-05-16 19:10:16 - [MESSAGE][PASSED] - Delayed 1 second(s)

2018-05-16 19:10:16 - [TEST_STEP][PASSED] - selectOptionByIndex: All options with index in [18] are selected on object 'Object Repository/Store Request Schedule 1/Page_Store/select_--Select--Adernaline 0.'

2018-05-16 19:10:16 - [MESSAGE][PASSED] - All options with index in [18] are selected on object 'Object Repository/Store Request Schedule 1/Page_Store/select_--Select--Adernaline 0.'

2018-05-16 19:10:16 - [TEST_STEP][PASSED] - setText: Text '100' is set on object 'Object Repository/Store Request Schedule 1/Page_Store/input_txttreat'

2018-05-16 19:10:16 - [MESSAGE][PASSED] - Text '100' is set on object 'Object Repository/Store Request Schedule 1/Page_Store/input_txttreat'

2018-05-16 19:10:16 - [TEST_STEP][PASSED] - click: Object: 'Object Repository/Store Request Schedule 1/Page_Store/button_Add' is clicked on

2018-05-16 19:10:16 - [MESSAGE][PASSED] - Object: 'Object Repository/Store Request Schedule 1/Page_Store/button_Add' is clicked on

2018-05-16 19:10:16 - [TEST_STEP][PASSED] - selectOptionByIndex: All options with index in [7] are selected on object 'Object Repository/Store Request Schedule 1/Page_Store/select_--Select--Schedule 1Inj'

2018-05-16 19:10:16 - [MESSAGE][PASSED] - All options with index in [7] are selected on object 'Object Repository/Store Request Schedule 1/Page_Store/select_--Select--Schedule 1Inj'

2018-05-16 19:10:16 - [TEST_STEP][PASSED] - delay: Delayed 1 second(s)

2018-05-16 19:10:17 - [MESSAGE][PASSED] - Delayed 1 second(s)

2018-05-16 19:10:17 - [TEST_STEP][PASSED] - selectOptionByIndex: All options with index in [19] are selected on object 'Object Repository/Store Request Schedule 1/Page_Store/select_--Select--Adernaline 0.'

2018-05-16 19:10:18 - [MESSAGE][PASSED] - All options with index in [19] are selected on object 'Object Repository/Store Request Schedule 1/Page_Store/select_--Select--Adernaline 0.'

2018-05-16 19:10:18 - [TEST_STEP][PASSED] - setText: Text '100' is set on object 'Object Repository/Store Request Schedule 1/Page_Store/input_txttreat'

2018-05-16 19:10:18 - [MESSAGE][PASSED] - Text '100' is set on object 'Object Repository/Store Request Schedule 1/Page_Store/input_txttreat'

2018-05-16 19:10:18 - [TEST_STEP][PASSED] - click: Object: 'Object Repository/Store Request Schedule 1/Page_Store/button_Add' is clicked on

2018-05-16 19:10:18 - [MESSAGE][PASSED] - Object: 'Object Repository/Store Request Schedule 1/Page_Store/button_Add' is clicked on

2018-05-16 19:10:18 - [TEST_STEP][PASSED] - selectOptionByIndex: All options with index in [7] are selected on object 'Object Repository/Store Request Schedule 1/Page_Store/select_--Select--Schedule 1Inj'

2018-05-16 19:10:18 - [MESSAGE][PASSED] - All options with index in [7] are selected on object 'Object Repository/Store Request Schedule 1/Page_Store/select_--Select--Schedule 1Inj'

2018-05-16 19:10:18 - [TEST_STEP][PASSED] - delay: Delayed 1 second(s)

2018-05-16 19:10:19 - [MESSAGE][PASSED] - Delayed 1 second(s)

2018-05-16 19:10:19 - [TEST_STEP][PASSED] - selectOptionByIndex: All options with index in [20] are selected on object 'Object Repository/Store Request Schedule 1/Page_Store/select_--Select--Adernaline 0.'

2018-05-16 19:10:19 - [MESSAGE][PASSED] - All options with index in [20] are selected on object 'Object Repository/Store Request Schedule 1/Page_Store/select_--Select--Adernaline 0.'

2018-05-16 19:10:19 - [TEST_STEP][PASSED] - setText: Text '100' is set on object 'Object Repository/Store Request Schedule 1/Page_Store/input_txttreat'

2018-05-16 19:10:19 - [MESSAGE][PASSED] - Text '100' is set on object 'Object Repository/Store Request Schedule 1/Page_Store/input_txttreat'

2018-05-16 19:10:19 - [TEST_STEP][PASSED] - click: Object: 'Object Repository/Store Request Schedule 1/Page_Store/button_Add' is clicked on

2018-05-16 19:10:19 - [MESSAGE][PASSED] - Object: 'Object Repository/Store Request Schedule 1/Page_Store/button_Add' is clicked on

2018-05-16 19:10:19 - [TEST_STEP][PASSED] - selectOptionByIndex: All options with index in [7] are selected on object 'Object Repository/Store Request Schedule 1/Page_Store/select_--Select--Schedule 1Inj'

2018-05-16 19:10:20 - [MESSAGE][PASSED] - All options with index in [7] are selected on object 'Object Repository/Store Request Schedule 1/Page_Store/select_--Select--Schedule 1Inj'

2018-05-16 19:10:20 - [TEST_STEP][PASSED] - delay: Delayed 1 second(s)

2018-05-16 19:10:21 - [MESSAGE][PASSED] - Delayed 1 second(s)

2018-05-16 19:10:21 - [TEST_STEP][PASSED] - selectOptionByIndex: All options with index in [21] are selected on object 'Object Repository/Store Request Schedule 1/Page_Store/select_--Select--Adernaline 0.'

2018-05-16 19:10:21 - [MESSAGE][PASSED] - All options with index in [21] are selected on object 'Object Repository/Store Request Schedule 1/Page_Store/select_--Select--Adernaline 0.'

2018-05-16 19:10:21 - [TEST_STEP][PASSED] - setText: Text '100' is set on object 'Object Repository/Store Request Schedule 1/Page_Store/input_txttreat'

2018-05-16 19:10:21 - [MESSAGE][PASSED] - Text '100' is set on object 'Object Repository/Store Request Schedule 1/Page_Store/input_txttreat'

2018-05-16 19:10:21 - [TEST_STEP][PASSED] - click: Object: 'Object Repository/Store Request Schedule 1/Page_Store/button_Add' is clicked on

2018-05-16 19:10:21 - [MESSAGE][PASSED] - Object: 'Object Repository/Store Request Schedule 1/Page_Store/button_Add' is clicked on

2018-05-16 19:10:21 - [TEST_STEP][PASSED] - selectOptionByIndex: All options with index in [7] are selected on object 'Object Repository/Store Request Schedule 1/Page_Store/select_--Select--Schedule 1Inj'

2018-05-16 19:10:21 - [MESSAGE][PASSED] - All options with index in [7] are selected on object 'Object Repository/Store Request Schedule 1/Page_Store/select_--Select--Schedule 1Inj'

2018-05-16 19:10:21 - [TEST_STEP][PASSED] - delay: Delayed 1 second(s)

2018-05-16 19:10:22 - [MESSAGE][PASSED] - Delayed 1 second(s)

2018-05-16 19:10:22 - [TEST_STEP][PASSED] - selectOptionByIndex: All options with index in [22] are selected on object 'Object Repository/Store Request Schedule 1/Page_Store/select_--Select--Adernaline 0.'

2018-05-16 19:10:22 - [MESSAGE][PASSED] - All options with index in [22] are selected on object 'Object Repository/Store Request Schedule 1/Page_Store/select_--Select--Adernaline 0.'

2018-05-16 19:10:22 - [TEST_STEP][PASSED] - setText: Text '100' is set on object 'Object Repository/Store Request Schedule 1/Page_Store/input_txttreat'

2018-05-16 19:10:23 - [MESSAGE][PASSED] - Text '100' is set on object 'Object Repository/Store Request Schedule 1/Page_Store/input_txttreat'

2018-05-16 19:10:23 - [TEST_STEP][PASSED] - click: Object: 'Object Repository/Store Request Schedule 1/Page_Store/button_Add' is clicked on

2018-05-16 19:10:23 - [MESSAGE][PASSED] - Object: 'Object Repository/Store Request Schedule 1/Page_Store/button_Add' is clicked on

2018-05-16 19:10:23 - [TEST_STEP][PASSED] - selectOptionByIndex: All options with index in [7] are selected on object 'Object Repository/Store Request Schedule 1/Page_Store/select_--Select--Schedule 1Inj'

2018-05-16 19:10:23 - [MESSAGE][PASSED] - All options with index in [7] are selected on object 'Object Repository/Store Request Schedule 1/Page_Store/select_--Select--Schedule 1Inj'

2018-05-16 19:10:23 - [TEST_STEP][PASSED] - delay: Delayed 1 second(s)

2018-05-16 19:10:24 - [MESSAGE][PASSED] - Delayed 1 second(s)

2018-05-16 19:10:24 - [TEST_STEP][PASSED] - selectOptionByIndex: All options with index in [23] are selected on object 'Object Repository/Store Request Schedule 1/Page_Store/select_--Select--Adernaline 0.'

2018-05-16 19:10:24 - [MESSAGE][PASSED] - All options with index in [23] are selected on object 'Object Repository/Store Request Schedule 1/Page_Store/select_--Select--Adernaline 0.'

2018-05-16 19:10:24 - [TEST_STEP][PASSED] - setText: Text '100' is set on object 'Object Repository/Store Request Schedule 1/Page_Store/input_txttreat'

2018-05-16 19:10:24 - [MESSAGE][PASSED] - Text '100' is set on object 'Object Repository/Store Request Schedule 1/Page_Store/input_txttreat'

2018-05-16 19:10:24 - [TEST_STEP][PASSED] - click: Object: 'Object Repository/Store Request Schedule 1/Page_Store/button_Add' is clicked on

2018-05-16 19:10:24 - [MESSAGE][PASSED] - Object: 'Object Repository/Store Request Schedule 1/Page_Store/button_Add' is clicked on

2018-05-16 19:10:24 - [TEST_STEP][PASSED] - delay: Delayed 2 second(s)

2018-05-16 19:10:26 - [MESSAGE][PASSED] - Delayed 2 second(s)

2018-05-16 19:10:26 - [TEST_STEP][PASSED] - scrollToElement: Scroll to object 'Object Repository/Store Request Schedule 1/Page_Store/input_btnsave' successfully

2018-05-16 19:10:26 - [MESSAGE][PASSED] - Scroll to object 'Object Repository/Store Request Schedule 1/Page_Store/input_btnsave' successfully

2018-05-16 19:10:26 - [TEST_STEP][PASSED] - click: Object: 'Object Repository/Store Request Schedule 1/Page_Store/input_btnsave' is clicked on

2018-05-16 19:10:26 - [MESSAGE][PASSED] - Object: 'Object Repository/Store Request Schedule 1/Page_Store/input_btnsave' is clicked on

2018-05-16 19:10:26 - [TEST_STEP][PASSED] - delay: Delayed 4 second(s)

2018-05-16 19:10:30 - [MESSAGE][PASSED] - Delayed 4 second(s)

2018-05-16 19:10:30 - [TEST_STEP][PASSED] - Statement - Cms_RequestNumber = com.kms.katalon.core.webui.keyword.WebUiBuiltInKeywords.getText(com.kms.katalon.core.testobject.ObjectRepository.findTestObject(Store Request Schedule 1/Page_Store/font_PRNO050520189)): Text of object 'Object Repository/Store Request Schedule 1/Page_Store/font_PRNO050520189' is: 'PRNO/16052018/168'

2018-05-16 19:10:30 - [MESSAGE][PASSED] - Text of object 'Object Repository/Store Request Schedule 1/Page_Store/font_PRNO050520189' is: 'PRNO/16052018/168'

2018-05-16 19:10:30 - [TEST_STEP][PASSED] - Statement - CR = Cms_RequestNumber.trim(): null

2018-05-16 19:10:30 - [TEST_STEP][PASSED] - Statement - out.println("RQ :" + Cms_RequestNumber): null

2018-05-16 19:10:30 - [TEST_STEP][PASSED] - Statement - RequestNumberID = Cms_RequestNumber.split("/")[2].trim(): null

2018-05-16 19:10:30 - [TEST_STEP][PASSED] - Statement - out.println("RQ ID :" + RequestNumberID): null

2018-05-16 19:10:30 - [TEST_STEP][PASSED] - delay: Delayed 3 second(s)

2018-05-16 19:10:33 - [MESSAGE][PASSED] - Delayed 3 second(s)

2018-05-16 19:10:33 - [TEST_STEP][PASSED] - Statement - ok = com.kms.katalon.core.webui.keyword.WebUiBuiltInKeywords.click(com.kms.katalon.core.testobject.ObjectRepository.findTestObject(Store Request Schedule 1/Page_Store/button_OK)): Object: 'Object Repository/Store Request Schedule 1/Page_Store/button_OK' is clicked on

2018-05-16 19:10:34 - [MESSAGE][PASSED] - Object: 'Object Repository/Store Request Schedule 1/Page_Store/button_OK' is clicked on

2018-05-16 19:10:34 - [TEST_STEP][PASSED] - delay: Delayed 3 second(s)

2018-05-16 19:10:37 - [MESSAGE][PASSED] - Delayed 3 second(s)

2018-05-16 19:10:37 - [TEST_STEP][PASSED] - click: Object: 'Object Repository/Store Request Schedule 1/Page_Store/a_dropdown-toggle' is clicked on

2018-05-16 19:10:37 - [MESSAGE][PASSED] - Object: 'Object Repository/Store Request Schedule 1/Page_Store/a_dropdown-toggle' is clicked on

2018-05-16 19:10:37 - [TEST_STEP][PASSED] - click: Object: 'Object Repository/Store Request Schedule 1/Page_Store/a_Sign out' is clicked on

2018-05-16 19:10:38 - [MESSAGE][PASSED] - Object: 'Object Repository/Store Request Schedule 1/Page_Store/a_Sign out' is clicked on

2018-05-16 19:10:38 - [TEST_STEP][PASSED] - delay: Delayed 3 second(s)

2018-05-16 19:10:41 - [MESSAGE][PASSED] - Delayed 3 second(s)

2018-05-16 19:10:41 - [TEST_STEP][PASSED] - click: Object: 'Object Repository/Store Request Schedule 1/Page_KDMC/a_CMO' is clicked on

2018-05-16 19:10:42 - [MESSAGE][PASSED] - Object: 'Object Repository/Store Request Schedule 1/Page_KDMC/a_CMO' is clicked on

2018-05-16 19:10:42 - [TEST_STEP][PASSED] - setText: Text 'guru' is set on object 'Object Repository/Store Request Schedule 1/Page_CMO login/input_txtusername'

2018-05-16 19:10:42 - [MESSAGE][PASSED] - Text 'guru' is set on object 'Object Repository/Store Request Schedule 1/Page_CMO login/input_txtusername'

2018-05-16 19:10:42 - [TEST_STEP][PASSED] - setText: Text '123' is set on object 'Object Repository/Store Request Schedule 1/Page_CMO login/input_txtpassword'

2018-05-16 19:10:42 - [MESSAGE][PASSED] - Text '123' is set on object 'Object Repository/Store Request Schedule 1/Page_CMO login/input_txtpassword'

2018-05-16 19:10:42 - [TEST_STEP][PASSED] - delay: Delayed 3 second(s)

2018-05-16 19:10:45 - [MESSAGE][PASSED] - Delayed 3 second(s)

2018-05-16 19:10:45 - [TEST_STEP][PASSED] - click: Object: 'Object Repository/Store Request Schedule 1/Page_CMO login/button_Sign in' is clicked on

2018-05-16 19:10:46 - [MESSAGE][PASSED] - Object: 'Object Repository/Store Request Schedule 1/Page_CMO login/button_Sign in' is clicked on

2018-05-16 19:10:46 - [TEST_STEP][PASSED] - delay: Delayed 2 second(s)

2018-05-16 19:10:48 - [MESSAGE][PASSED] - Delayed 2 second(s)

2018-05-16 19:10:48 - [TEST_STEP][PASSED] - click: Object: 'Object Repository/Store Request Schedule 1/Page_KDMC - CMO/span_Department Wise Request' is clicked on

2018-05-16 19:10:49 - [MESSAGE][PASSED] - Object: 'Object Repository/Store Request Schedule 1/Page_KDMC - CMO/span_Department Wise Request' is clicked on

2018-05-16 19:10:49 - [TEST_STEP][PASSED] - click: Object: 'Object Repository/Store Request Schedule 1/Page_KDMC - CMO/a_CMS Request' is clicked on

2018-05-16 19:10:49 - [MESSAGE][PASSED] - Object: 'Object Repository/Store Request Schedule 1/Page_KDMC - CMO/a_CMS Request' is clicked on

2018-05-16 19:10:49 - [TEST_STEP][PASSED] - click: Object: 'Object Repository/Store Request Schedule 1/Page_KDMC - CMO/a_CMS Request' is clicked on

2018-05-16 19:10:49 - [MESSAGE][PASSED] - Object: 'Object Repository/Store Request Schedule 1/Page_KDMC - CMO/a_CMS Request' is clicked on

2018-05-16 19:10:49 - [TEST_STEP][PASSED] - click: Object: 'Object Repository/Store Request Schedule 1/Page_KDMC - CMO/span_Divisional Store Request' is clicked on

2018-05-16 19:10:50 - [MESSAGE][PASSED] - Object: 'Object Repository/Store Request Schedule 1/Page_KDMC - CMO/span_Divisional Store Request' is clicked on

2018-05-16 19:10:50 - [TEST_STEP][PASSED] - delay: Delayed 2 second(s)

2018-05-16 19:10:52 - [MESSAGE][PASSED] - Delayed 2 second(s)

2018-05-16 19:10:52 - [TEST_STEP][PASSED] - Statement - approval = com.kms.katalon.core.webui.keyword.WebUiBuiltInKeywords.modifyObjectProperty(com.kms.katalon.core.testobject.ObjectRepository.findTestObject(Store Request Schedule 1/Page_KDMC - CMO/input_PRNO050520189), "xpath", "equals", "//*[@id=" + RequestNumberID + "]", true): Modify property of object successfully

2018-05-16 19:10:52 - [MESSAGE][PASSED] - Modify property of object successfully

2018-05-16 19:10:52 - [TEST_STEP][PASSED] - click: Object: 'Object Repository/Store Request Schedule 1/Page_KDMC - CMO/input_PRNO050520189' is clicked on

2018-05-16 19:10:52 - [MESSAGE][PASSED] - Object: 'Object Repository/Store Request Schedule 1/Page_KDMC - CMO/input_PRNO050520189' is clicked on

2018-05-16 19:10:52 - [TEST_STEP][PASSED] - delay: Delayed 2 second(s)

2018-05-16 19:10:54 - [MESSAGE][PASSED] - Delayed 2 second(s)

2018-05-16 19:10:54 - [TEST_STEP][PASSED] - selectOptionByIndex: All options with index in [1] are selected on object 'Object Repository/Store Request Schedule 1/Page_KDMC - CMO/select_--Select--'

2018-05-16 19:10:54 - [MESSAGE][PASSED] - All options with index in [1] are selected on object 'Object Repository/Store Request Schedule 1/Page_KDMC - CMO/select_--Select--'

2018-05-16 19:10:54 - [TEST_STEP][PASSED] - click: Object: 'Object Repository/Store Request Schedule 1/Page_KDMC - CMO/input_btnupdate' is clicked on

2018-05-16 19:10:55 - [MESSAGE][PASSED] - Object: 'Object Repository/Store Request Schedule 1/Page_KDMC - CMO/input_btnupdate' is clicked on

2018-05-16 19:10:55 - [TEST_STEP][PASSED] - delay: Delayed 2 second(s)

2018-05-16 19:10:57 - [MESSAGE][PASSED] - Delayed 2 second(s)

2018-05-16 19:10:57 - [TEST_STEP][PASSED] - click: Object: 'Object Repository/Store Request Schedule 1/Page_KDMC - CMO/button_OK' is clicked on

2018-05-16 19:10:57 - [MESSAGE][PASSED] - Object: 'Object Repository/Store Request Schedule 1/Page_KDMC - CMO/button_OK' is clicked on

2018-05-16 19:10:57 - [TEST_STEP][PASSED] - delay: Delayed 2 second(s)

2018-05-16 19:10:59 - [MESSAGE][PASSED] - Delayed 2 second(s)

2018-05-16 19:10:59 - [TEST_STEP][PASSED] - click: Object: 'Object Repository/Store Request Schedule 1/Page_KDMC - CMO/a_dropdown-toggle' is clicked on

2018-05-16 19:10:59 - [MESSAGE][PASSED] - Object: 'Object Repository/Store Request Schedule 1/Page_KDMC - CMO/a_dropdown-toggle' is clicked on

2018-05-16 19:10:59 - [TEST_STEP][PASSED] - click: Object: 'Object Repository/Store Request Schedule 1/Page_KDMC - CMO/a_Sign out' is clicked on

2018-05-16 19:11:00 - [MESSAGE][PASSED] - Object: 'Object Repository/Store Request Schedule 1/Page_KDMC - CMO/a_Sign out' is clicked on

2018-05-16 19:11:00 - [TEST_STEP][PASSED] - delay: Delayed 3 second(s)

2018-05-16 19:11:03 - [MESSAGE][PASSED] - Delayed 3 second(s)

2018-05-16 19:11:03 - [TEST_STEP][PASSED] - click: Object: 'Object Repository/store Request Schedule 1/Page_KDMC/a_CMS' is clicked on

2018-05-16 19:11:03 - [MESSAGE][PASSED] - Object: 'Object Repository/store Request Schedule 1/Page_KDMC/a_CMS' is clicked on

2018-05-16 19:11:03 - [TEST_STEP][PASSED] - setText: Text 'bala' is set on object 'Object Repository/store Request Schedule 1/Page_CMS login/input_txtusername'

2018-05-16 19:11:03 - [MESSAGE][PASSED] - Text 'bala' is set on object 'Object Repository/store Request Schedule 1/Page_CMS login/input_txtusername'

2018-05-16 19:11:03 - [TEST_STEP][PASSED] - setText: Text '123' is set on object 'Object Repository/store Request Schedule 1/Page_CMS login/input_txtpassword'

2018-05-16 19:11:03 - [MESSAGE][PASSED] - Text '123' is set on object 'Object Repository/store Request Schedule 1/Page_CMS login/input_txtpassword'

2018-05-16 19:11:03 - [TEST_STEP][PASSED] - delay: Delayed 3 second(s)

2018-05-16 19:11:06 - [MESSAGE][PASSED] - Delayed 3 second(s)

2018-05-16 19:11:06 - [TEST_STEP][PASSED] - click: Object: 'Object Repository/store Request Schedule 1/Page_CMS login/button_Sign in' is clicked on

2018-05-16 19:11:07 - [MESSAGE][PASSED] - Object: 'Object Repository/store Request Schedule 1/Page_CMS login/button_Sign in' is clicked on

2018-05-16 19:11:07 - [TEST_STEP][PASSED] - delay: Delayed 2 second(s)

2018-05-16 19:11:09 - [MESSAGE][PASSED] - Delayed 2 second(s)

2018-05-16 19:11:09 - [TEST_STEP][PASSED] - click: Object: 'Object Repository/store Request Schedule 1/Page_KDMC - CMS/a_Divisional Store' is clicked on

2018-05-16 19:11:09 - [MESSAGE][PASSED] - Object: 'Object Repository/store Request Schedule 1/Page_KDMC - CMS/a_Divisional Store' is clicked on

2018-05-16 19:11:09 - [TEST_STEP][PASSED] - delay: Delayed 2 second(s)

2018-05-16 19:11:11 - [MESSAGE][PASSED] - Delayed 2 second(s)

2018-05-16 19:11:11 - [TEST_STEP][PASSED] - click: Object: 'Object Repository/store Request Schedule 1/Page_KDMC - CMS/a_Dispatch Items' is clicked on

2018-05-16 19:11:11 - [MESSAGE][PASSED] - Object: 'Object Repository/store Request Schedule 1/Page_KDMC - CMS/a_Dispatch Items' is clicked on

2018-05-16 19:11:11 - [TEST_STEP][PASSED] - setText: Text 'PRNO/16052018/168' is set on object 'Object Repository/store Request Schedule 1/Page_KDMC - CMS/input'

2018-05-16 19:11:11 - [MESSAGE][PASSED] - Text 'PRNO/16052018/168' is set on object 'Object Repository/store Request Schedule 1/Page_KDMC - CMS/input'

2018-05-16 19:11:11 - [TEST_STEP][PASSED] - click: Object: 'Object Repository/store Request Schedule 1/Page_KDMC - CMS/td_text-center' is clicked on

2018-05-16 19:11:12 - [MESSAGE][PASSED] - Object: 'Object Repository/store Request Schedule 1/Page_KDMC - CMS/td_text-center' is clicked on

2018-05-16 19:11:12 - [TEST_STEP][PASSED] - delay: Delayed 2 second(s)

2018-05-16 19:11:14 - [MESSAGE][PASSED] - Delayed 2 second(s)

2018-05-16 19:11:14 - [TEST_STEP][PASSED] - Statement - For ([row = 0, row < SelectedOptions - 1, (row++)]): null

2018-05-16 19:11:14 - [TEST_STEP][PASSED] - Statement - batchlength = new com.kms.katalon.core.testobject.TestObject(): null

2018-05-16 19:11:14 - [TEST_STEP][PASSED] - Statement - batchlength = com.kms.katalon.core.webui.keyword.WebUiBuiltInKeywords.modifyObjectProperty(batchlength, "xpath", "equals", "//*[@id = "fldvendor" + row + ""]", true): Modify property of object successfully

2018-05-16 19:11:14 - [MESSAGE][PASSED] - Modify property of object successfully

2018-05-16 19:11:14 - [TEST_STEP][PASSED] - Statement - batchsize = com.kms.katalon.core.webui.keyword.WebUiBuiltInKeywords.getNumberOfTotalOption(batchlength): 7 options of object '' counted

2018-05-16 19:11:14 - [MESSAGE][PASSED] - 7 options of object '' counted

2018-05-16 19:11:14 - [TEST_STEP][PASSED] - Statement - out.println("BatchSize : " + batchsize): null

2018-05-16 19:11:14 - [TEST_STEP][PASSED] - Statement - For ([n = 1, n <= batchsize - 1, (n++)]): null

2018-05-16 19:11:14 - [TEST_STEP][PASSED] - Statement - product = new com.kms.katalon.core.testobject.TestObject(): null

2018-05-16 19:11:14 - [TEST_STEP][PASSED] - Statement - product = com.kms.katalon.core.webui.keyword.WebUiBuiltInKeywords.modifyObjectProperty(product, "xpath", "equals", "//*[@id = "fldvendor" + row + ""]", true): Modify property of object successfully

2018-05-16 19:11:14 - [MESSAGE][PASSED] - Modify property of object successfully

2018-05-16 19:11:14 - [TEST_STEP][PASSED] - selectOptionByIndex: All options with index in [1] are selected on object ''

2018-05-16 19:11:14 - [MESSAGE][PASSED] - All options with index in [1] are selected on object ''

2018-05-16 19:11:14 - [TEST_STEP][PASSED] - Statement - batch = new com.kms.katalon.core.testobject.TestObject(): null

2018-05-16 19:11:14 - [TEST_STEP][PASSED] - Statement - batch = com.kms.katalon.core.webui.keyword.WebUiBuiltInKeywords.modifyObjectProperty(batch, "xpath", "equals", "//*[@id = "txtbthqty" + row + ""]", true): Modify property of object successfully

2018-05-16 19:11:14 - [MESSAGE][PASSED] - Modify property of object successfully

2018-05-16 19:11:14 - [TEST_STEP][PASSED] - Statement - batchqty = com.kms.katalon.core.webui.keyword.WebUiBuiltInKeywords.getAttribute(batch, "value").trim(): Attribute 'value' of object '' is: '4900'

2018-05-16 19:11:14 - [MESSAGE][PASSED] - Attribute 'value' of object '' is: '4900'

2018-05-16 19:11:14 - [TEST_STEP][PASSED] - Statement - Rqty = 100: null

2018-05-16 19:11:14 - [TEST_STEP][PASSED] - delay: Delayed 2 second(s)

2018-05-16 19:11:16 - [MESSAGE][PASSED] - Delayed 2 second(s)

2018-05-16 19:11:16 - [TEST_STEP][PASSED] - Statement - out.println("BatchQty : " + batchqty): null

2018-05-16 19:11:16 - [TEST_STEP][PASSED] - Statement - out.println("RQty : " + Rqty): null

2018-05-16 19:11:16 - [TEST_STEP][PASSED] - Statement - If (java.lang.Integer.valueOf(batchqty) >= java.lang.Integer.valueOf(Rqty)): null

2018-05-16 19:11:16 - [TEST_STEP][PASSED] - Statement - Break: null

2018-05-16 19:11:16 - [TEST_STEP][PASSED] - Statement - batchlength = new com.kms.katalon.core.testobject.TestObject(): null

2018-05-16 19:11:16 - [TEST_STEP][PASSED] - Statement - batchlength = com.kms.katalon.core.webui.keyword.WebUiBuiltInKeywords.modifyObjectProperty(batchlength, "xpath", "equals", "//*[@id = "fldvendor" + row + ""]", true): Modify property of object successfully

2018-05-16 19:11:16 - [MESSAGE][PASSED] - Modify property of object successfully

2018-05-16 19:11:16 - [TEST_STEP][PASSED] - Statement - batchsize = com.kms.katalon.core.webui.keyword.WebUiBuiltInKeywords.getNumberOfTotalOption(batchlength): 7 options of object '' counted

2018-05-16 19:11:16 - [MESSAGE][PASSED] - 7 options of object '' counted

2018-05-16 19:11:16 - [TEST_STEP][PASSED] - Statement - out.println("BatchSize : " + batchsize): null

2018-05-16 19:11:16 - [TEST_STEP][PASSED] - Statement - For ([n = 1, n <= batchsize - 1, (n++)]): null

2018-05-16 19:11:16 - [TEST_STEP][PASSED] - Statement - product = new com.kms.katalon.core.testobject.TestObject(): null

2018-05-16 19:11:16 - [TEST_STEP][PASSED] - Statement - product = com.kms.katalon.core.webui.keyword.WebUiBuiltInKeywords.modifyObjectProperty(product, "xpath", "equals", "//*[@id = "fldvendor" + row + ""]", true): Modify property of object successfully

2018-05-16 19:11:16 - [MESSAGE][PASSED] - Modify property of object successfully

2018-05-16 19:11:16 - [TEST_STEP][PASSED] - selectOptionByIndex: All options with index in [1] are selected on object ''

2018-05-16 19:11:16 - [MESSAGE][PASSED] - All options with index in [1] are selected on object ''

2018-05-16 19:11:16 - [TEST_STEP][PASSED] - Statement - batch = new com.kms.katalon.core.testobject.TestObject(): null

2018-05-16 19:11:16 - [TEST_STEP][PASSED] - Statement - batch = com.kms.katalon.core.webui.keyword.WebUiBuiltInKeywords.modifyObjectProperty(batch, "xpath", "equals", "//*[@id = "txtbthqty" + row + ""]", true): Modify property of object successfully

2018-05-16 19:11:16 - [MESSAGE][PASSED] - Modify property of object successfully

2018-05-16 19:11:16 - [TEST_STEP][PASSED] - Statement - batchqty = com.kms.katalon.core.webui.keyword.WebUiBuiltInKeywords.getAttribute(batch, "value").trim(): Attribute 'value' of object '' is: '4900'

2018-05-16 19:11:16 - [MESSAGE][PASSED] - Attribute 'value' of object '' is: '4900'

2018-05-16 19:11:16 - [TEST_STEP][PASSED] - Statement - Rqty = 100: null

2018-05-16 19:11:16 - [TEST_STEP][PASSED] - delay: Delayed 2 second(s)

2018-05-16 19:11:18 - [MESSAGE][PASSED] - Delayed 2 second(s)

2018-05-16 19:11:18 - [TEST_STEP][PASSED] - Statement - out.println("BatchQty : " + batchqty): null

2018-05-16 19:11:18 - [TEST_STEP][PASSED] - Statement - out.println("RQty : " + Rqty): null

2018-05-16 19:11:18 - [TEST_STEP][PASSED] - Statement - If (java.lang.Integer.valueOf(batchqty) >= java.lang.Integer.valueOf(Rqty)): null

2018-05-16 19:11:18 - [TEST_STEP][PASSED] - Statement - Break: null

2018-05-16 19:11:18 - [TEST_STEP][PASSED] - Statement - batchlength = new com.kms.katalon.core.testobject.TestObject(): null

2018-05-16 19:11:18 - [TEST_STEP][PASSED] - Statement - batchlength = com.kms.katalon.core.webui.keyword.WebUiBuiltInKeywords.modifyObjectProperty(batchlength, "xpath", "equals", "//*[@id = "fldvendor" + row + ""]", true): Modify property of object successfully

2018-05-16 19:11:18 - [MESSAGE][PASSED] - Modify property of object successfully

2018-05-16 19:11:18 - [TEST_STEP][PASSED] - Statement - batchsize = com.kms.katalon.core.webui.keyword.WebUiBuiltInKeywords.getNumberOfTotalOption(batchlength): 7 options of object '' counted

2018-05-16 19:11:18 - [MESSAGE][PASSED] - 7 options of object '' counted

2018-05-16 19:11:18 - [TEST_STEP][PASSED] - Statement - out.println("BatchSize : " + batchsize): null

2018-05-16 19:11:18 - [TEST_STEP][PASSED] - Statement - For ([n = 1, n <= batchsize - 1, (n++)]): null

2018-05-16 19:11:18 - [TEST_STEP][PASSED] - Statement - product = new com.kms.katalon.core.testobject.TestObject(): null

2018-05-16 19:11:18 - [TEST_STEP][PASSED] - Statement - product = com.kms.katalon.core.webui.keyword.WebUiBuiltInKeywords.modifyObjectProperty(product, "xpath", "equals", "//*[@id = "fldvendor" + row + ""]", true): Modify property of object successfully

2018-05-16 19:11:18 - [MESSAGE][PASSED] - Modify property of object successfully

2018-05-16 19:11:18 - [TEST_STEP][PASSED] - selectOptionByIndex: All options with index in [1] are selected on object ''

2018-05-16 19:11:18 - [MESSAGE][PASSED] - All options with index in [1] are selected on object ''

2018-05-16 19:11:18 - [TEST_STEP][PASSED] - Statement - batch = new com.kms.katalon.core.testobject.TestObject(): null

2018-05-16 19:11:18 - [TEST_STEP][PASSED] - Statement - batch = com.kms.katalon.core.webui.keyword.WebUiBuiltInKeywords.modifyObjectProperty(batch, "xpath", "equals", "//*[@id = "txtbthqty" + row + ""]", true): Modify property of object successfully

2018-05-16 19:11:18 - [MESSAGE][PASSED] - Modify property of object successfully

2018-05-16 19:11:18 - [TEST_STEP][PASSED] - Statement - batchqty = com.kms.katalon.core.webui.keyword.WebUiBuiltInKeywords.getAttribute(batch, "value").trim(): Attribute 'value' of object '' is: '39900'

2018-05-16 19:11:18 - [MESSAGE][PASSED] - Attribute 'value' of object '' is: '39900'

2018-05-16 19:11:18 - [TEST_STEP][PASSED] - Statement - Rqty = 100: null

2018-05-16 19:11:18 - [TEST_STEP][PASSED] - delay: Delayed 2 second(s)

2018-05-16 19:11:20 - [MESSAGE][PASSED] - Delayed 2 second(s)

2018-05-16 19:11:20 - [TEST_STEP][PASSED] - Statement - out.println("BatchQty : " + batchqty): null

2018-05-16 19:11:20 - [TEST_STEP][PASSED] - Statement - out.println("RQty : " + Rqty): null

2018-05-16 19:11:20 - [TEST_STEP][PASSED] - Statement - If (java.lang.Integer.valueOf(batchqty) >= java.lang.Integer.valueOf(Rqty)): null

2018-05-16 19:11:20 - [TEST_STEP][PASSED] - Statement - Break: null

2018-05-16 19:11:20 - [TEST_STEP][PASSED] - Statement - batchlength = new com.kms.katalon.core.testobject.TestObject(): null

2018-05-16 19:11:20 - [TEST_STEP][PASSED] - Statement - batchlength = com.kms.katalon.core.webui.keyword.WebUiBuiltInKeywords.modifyObjectProperty(batchlength, "xpath", "equals", "//*[@id = "fldvendor" + row + ""]", true): Modify property of object successfully

2018-05-16 19:11:20 - [MESSAGE][PASSED] - Modify property of object successfully

2018-05-16 19:11:20 - [TEST_STEP][PASSED] - Statement - batchsize = com.kms.katalon.core.webui.keyword.WebUiBuiltInKeywords.getNumberOfTotalOption(batchlength): 7 options of object '' counted

2018-05-16 19:11:20 - [MESSAGE][PASSED] - 7 options of object '' counted

2018-05-16 19:11:20 - [TEST_STEP][PASSED] - Statement - out.println("BatchSize : " + batchsize): null

2018-05-16 19:11:20 - [TEST_STEP][PASSED] - Statement - For ([n = 1, n <= batchsize - 1, (n++)]): null

2018-05-16 19:11:20 - [TEST_STEP][PASSED] - Statement - product = new com.kms.katalon.core.testobject.TestObject(): null

2018-05-16 19:11:20 - [TEST_STEP][PASSED] - Statement - product = com.kms.katalon.core.webui.keyword.WebUiBuiltInKeywords.modifyObjectProperty(product, "xpath", "equals", "//*[@id = "fldvendor" + row + ""]", true): Modify property of object successfully

2018-05-16 19:11:20 - [MESSAGE][PASSED] - Modify property of object successfully

2018-05-16 19:11:20 - [TEST_STEP][PASSED] - selectOptionByIndex: All options with index in [1] are selected on object ''

2018-05-16 19:11:21 - [MESSAGE][PASSED] - All options with index in [1] are selected on object ''

2018-05-16 19:11:21 - [TEST_STEP][PASSED] - Statement - batch = new com.kms.katalon.core.testobject.TestObject(): null

2018-05-16 19:11:21 - [TEST_STEP][PASSED] - Statement - batch = com.kms.katalon.core.webui.keyword.WebUiBuiltInKeywords.modifyObjectProperty(batch, "xpath", "equals", "//*[@id = "txtbthqty" + row + ""]", true): Modify property of object successfully

2018-05-16 19:11:21 - [MESSAGE][PASSED] - Modify property of object successfully

2018-05-16 19:11:21 - [TEST_STEP][PASSED] - Statement - batchqty = com.kms.katalon.core.webui.keyword.WebUiBuiltInKeywords.getAttribute(batch, "value").trim(): Attribute 'value' of object '' is: '39900'

2018-05-16 19:11:21 - [MESSAGE][PASSED] - Attribute 'value' of object '' is: '39900'

2018-05-16 19:11:21 - [TEST_STEP][PASSED] - Statement - Rqty = 100: null

2018-05-16 19:11:21 - [TEST_STEP][PASSED] - delay: Delayed 2 second(s)

2018-05-16 19:11:23 - [MESSAGE][PASSED] - Delayed 2 second(s)

2018-05-16 19:11:23 - [TEST_STEP][PASSED] - Statement - out.println("BatchQty : " + batchqty): null

2018-05-16 19:11:23 - [TEST_STEP][PASSED] - Statement - out.println("RQty : " + Rqty): null

2018-05-16 19:11:23 - [TEST_STEP][PASSED] - Statement - If (java.lang.Integer.valueOf(batchqty) >= java.lang.Integer.valueOf(Rqty)): null

2018-05-16 19:11:23 - [TEST_STEP][PASSED] - Statement - Break: null

2018-05-16 19:11:23 - [TEST_STEP][PASSED] - Statement - batchlength = new com.kms.katalon.core.testobject.TestObject(): null

2018-05-16 19:11:23 - [TEST_STEP][PASSED] - Statement - batchlength = com.kms.katalon.core.webui.keyword.WebUiBuiltInKeywords.modifyObjectProperty(batchlength, "xpath", "equals", "//*[@id = "fldvendor" + row + ""]", true): Modify property of object successfully

2018-05-16 19:11:23 - [MESSAGE][PASSED] - Modify property of object successfully

2018-05-16 19:11:23 - [TEST_STEP][PASSED] - Statement - batchsize = com.kms.katalon.core.webui.keyword.WebUiBuiltInKeywords.getNumberOfTotalOption(batchlength): 7 options of object '' counted

2018-05-16 19:11:23 - [MESSAGE][PASSED] - 7 options of object '' counted

2018-05-16 19:11:23 - [TEST_STEP][PASSED] - Statement - out.println("BatchSize : " + batchsize): null

2018-05-16 19:11:23 - [TEST_STEP][PASSED] - Statement - For ([n = 1, n <= batchsize - 1, (n++)]): null

2018-05-16 19:11:23 - [TEST_STEP][PASSED] - Statement - product = new com.kms.katalon.core.testobject.TestObject(): null

2018-05-16 19:11:23 - [TEST_STEP][PASSED] - Statement - product = com.kms.katalon.core.webui.keyword.WebUiBuiltInKeywords.modifyObjectProperty(product, "xpath", "equals", "//*[@id = "fldvendor" + row + ""]", true): Modify property of object successfully

2018-05-16 19:11:23 - [MESSAGE][PASSED] - Modify property of object successfully

2018-05-16 19:11:23 - [TEST_STEP][PASSED] - selectOptionByIndex: All options with index in [1] are selected on object ''

2018-05-16 19:11:23 - [MESSAGE][PASSED] - All options with index in [1] are selected on object ''

2018-05-16 19:11:23 - [TEST_STEP][PASSED] - Statement - batch = new com.kms.katalon.core.testobject.TestObject(): null

2018-05-16 19:11:23 - [TEST_STEP][PASSED] - Statement - batch = com.kms.katalon.core.webui.keyword.WebUiBuiltInKeywords.modifyObjectProperty(batch, "xpath", "equals", "//*[@id = "txtbthqty" + row + ""]", true): Modify property of object successfully

2018-05-16 19:11:23 - [MESSAGE][PASSED] - Modify property of object successfully

2018-05-16 19:11:23 - [TEST_STEP][PASSED] - Statement - batchqty = com.kms.katalon.core.webui.keyword.WebUiBuiltInKeywords.getAttribute(batch, "value").trim(): Attribute 'value' of object '' is: '5000'

2018-05-16 19:11:23 - [MESSAGE][PASSED] - Attribute 'value' of object '' is: '5000'

2018-05-16 19:11:23 - [TEST_STEP][PASSED] - Statement - Rqty = 100: null

2018-05-16 19:11:23 - [TEST_STEP][PASSED] - delay: Delayed 2 second(s)

2018-05-16 19:11:25 - [MESSAGE][PASSED] - Delayed 2 second(s)

2018-05-16 19:11:25 - [TEST_STEP][PASSED] - Statement - out.println("BatchQty : " + batchqty): null

2018-05-16 19:11:25 - [TEST_STEP][PASSED] - Statement - out.println("RQty : " + Rqty): null

2018-05-16 19:11:25 - [TEST_STEP][PASSED] - Statement - If (java.lang.Integer.valueOf(batchqty) >= java.lang.Integer.valueOf(Rqty)): null

2018-05-16 19:11:25 - [TEST_STEP][PASSED] - Statement - Break: null

2018-05-16 19:11:25 - [TEST_STEP][PASSED] - Statement - batchlength = new com.kms.katalon.core.testobject.TestObject(): null

2018-05-16 19:11:25 - [TEST_STEP][PASSED] - Statement - batchlength = com.kms.katalon.core.webui.keyword.WebUiBuiltInKeywords.modifyObjectProperty(batchlength, "xpath", "equals", "//*[@id = "fldvendor" + row + ""]", true): Modify property of object successfully

2018-05-16 19:11:25 - [MESSAGE][PASSED] - Modify property of object successfully

2018-05-16 19:11:25 - [TEST_STEP][PASSED] - Statement - batchsize = com.kms.katalon.core.webui.keyword.WebUiBuiltInKeywords.getNumberOfTotalOption(batchlength): 7 options of object '' counted

2018-05-16 19:11:25 - [MESSAGE][PASSED] - 7 options of object '' counted

2018-05-16 19:11:25 - [TEST_STEP][PASSED] - Statement - out.println("BatchSize : " + batchsize): null

2018-05-16 19:11:25 - [TEST_STEP][PASSED] - Statement - For ([n = 1, n <= batchsize - 1, (n++)]): null

2018-05-16 19:11:25 - [TEST_STEP][PASSED] - Statement - product = new com.kms.katalon.core.testobject.TestObject(): null

2018-05-16 19:11:25 - [TEST_STEP][PASSED] - Statement - product = com.kms.katalon.core.webui.keyword.WebUiBuiltInKeywords.modifyObjectProperty(product, "xpath", "equals", "//*[@id = "fldvendor" + row + ""]", true): Modify property of object successfully

2018-05-16 19:11:25 - [MESSAGE][PASSED] - Modify property of object successfully

2018-05-16 19:11:25 - [TEST_STEP][PASSED] - selectOptionByIndex: All options with index in [1] are selected on object ''

2018-05-16 19:11:25 - [MESSAGE][PASSED] - All options with index in [1] are selected on object ''

2018-05-16 19:11:25 - [TEST_STEP][PASSED] - Statement - batch = new com.kms.katalon.core.testobject.TestObject(): null

2018-05-16 19:11:25 - [TEST_STEP][PASSED] - Statement - batch = com.kms.katalon.core.webui.keyword.WebUiBuiltInKeywords.modifyObjectProperty(batch, "xpath", "equals", "//*[@id = "txtbthqty" + row + ""]", true): Modify property of object successfully

2018-05-16 19:11:25 - [MESSAGE][PASSED] - Modify property of object successfully

2018-05-16 19:11:25 - [TEST_STEP][PASSED] - Statement - batchqty = com.kms.katalon.core.webui.keyword.WebUiBuiltInKeywords.getAttribute(batch, "value").trim(): Attribute 'value' of object '' is: '39900'

2018-05-16 19:11:25 - [MESSAGE][PASSED] - Attribute 'value' of object '' is: '39900'

2018-05-16 19:11:25 - [TEST_STEP][PASSED] - Statement - Rqty = 100: null

2018-05-16 19:11:25 - [TEST_STEP][PASSED] - delay: Delayed 2 second(s)

2018-05-16 19:11:27 - [MESSAGE][PASSED] - Delayed 2 second(s)

2018-05-16 19:11:27 - [TEST_STEP][PASSED] - Statement - out.println("BatchQty : " + batchqty): null

2018-05-16 19:11:27 - [TEST_STEP][PASSED] - Statement - out.println("RQty : " + Rqty): null

2018-05-16 19:11:27 - [TEST_STEP][PASSED] - Statement - If (java.lang.Integer.valueOf(batchqty) >= java.lang.Integer.valueOf(Rqty)): null

2018-05-16 19:11:27 - [TEST_STEP][PASSED] - Statement - Break: null

2018-05-16 19:11:27 - [TEST_STEP][PASSED] - Statement - batchlength = new com.kms.katalon.core.testobject.TestObject(): null

2018-05-16 19:11:27 - [TEST_STEP][PASSED] - Statement - batchlength = com.kms.katalon.core.webui.keyword.WebUiBuiltInKeywords.modifyObjectProperty(batchlength, "xpath", "equals", "//*[@id = "fldvendor" + row + ""]", true): Modify property of object successfully

2018-05-16 19:11:27 - [MESSAGE][PASSED] - Modify property of object successfully

2018-05-16 19:11:27 - [TEST_STEP][PASSED] - Statement - batchsize = com.kms.katalon.core.webui.keyword.WebUiBuiltInKeywords.getNumberOfTotalOption(batchlength): 7 options of object '' counted

2018-05-16 19:11:27 - [MESSAGE][PASSED] - 7 options of object '' counted

2018-05-16 19:11:27 - [TEST_STEP][PASSED] - Statement - out.println("BatchSize : " + batchsize): null

2018-05-16 19:11:27 - [TEST_STEP][PASSED] - Statement - For ([n = 1, n <= batchsize - 1, (n++)]): null

2018-05-16 19:11:27 - [TEST_STEP][PASSED] - Statement - product = new com.kms.katalon.core.testobject.TestObject(): null

2018-05-16 19:11:27 - [TEST_STEP][PASSED] - Statement - product = com.kms.katalon.core.webui.keyword.WebUiBuiltInKeywords.modifyObjectProperty(product, "xpath", "equals", "//*[@id = "fldvendor" + row + ""]", true): Modify property of object successfully

2018-05-16 19:11:27 - [MESSAGE][PASSED] - Modify property of object successfully

2018-05-16 19:11:27 - [TEST_STEP][PASSED] - selectOptionByIndex: All options with index in [1] are selected on object ''

2018-05-16 19:11:27 - [MESSAGE][PASSED] - All options with index in [1] are selected on object ''

2018-05-16 19:11:27 - [TEST_STEP][PASSED] - Statement - batch = new com.kms.katalon.core.testobject.TestObject(): null

2018-05-16 19:11:27 - [TEST_STEP][PASSED] - Statement - batch = com.kms.katalon.core.webui.keyword.WebUiBuiltInKeywords.modifyObjectProperty(batch, "xpath", "equals", "//*[@id = "txtbthqty" + row + ""]", true): Modify property of object successfully

2018-05-16 19:11:27 - [MESSAGE][PASSED] - Modify property of object successfully

2018-05-16 19:11:27 - [TEST_STEP][PASSED] - Statement - batchqty = com.kms.katalon.core.webui.keyword.WebUiBuiltInKeywords.getAttribute(batch, "value").trim(): Attribute 'value' of object '' is: '39900'

2018-05-16 19:11:27 - [MESSAGE][PASSED] - Attribute 'value' of object '' is: '39900'

2018-05-16 19:11:27 - [TEST_STEP][PASSED] - Statement - Rqty = 100: null

2018-05-16 19:11:27 - [TEST_STEP][PASSED] - delay: Delayed 2 second(s)

2018-05-16 19:11:29 - [MESSAGE][PASSED] - Delayed 2 second(s)

2018-05-16 19:11:29 - [TEST_STEP][PASSED] - Statement - out.println("BatchQty : " + batchqty): null

2018-05-16 19:11:29 - [TEST_STEP][PASSED] - Statement - out.println("RQty : " + Rqty): null

2018-05-16 19:11:29 - [TEST_STEP][PASSED] - Statement - If (java.lang.Integer.valueOf(batchqty) >= java.lang.Integer.valueOf(Rqty)): null

2018-05-16 19:11:29 - [TEST_STEP][PASSED] - Statement - Break: null

2018-05-16 19:11:29 - [TEST_STEP][PASSED] - Statement - batchlength = new com.kms.katalon.core.testobject.TestObject(): null

2018-05-16 19:11:29 - [TEST_STEP][PASSED] - Statement - batchlength = com.kms.katalon.core.webui.keyword.WebUiBuiltInKeywords.modifyObjectProperty(batchlength, "xpath", "equals", "//*[@id = "fldvendor" + row + ""]", true): Modify property of object successfully

2018-05-16 19:11:29 - [MESSAGE][PASSED] - Modify property of object successfully

2018-05-16 19:11:29 - [TEST_STEP][PASSED] - Statement - batchsize = com.kms.katalon.core.webui.keyword.WebUiBuiltInKeywords.getNumberOfTotalOption(batchlength): 7 options of object '' counted

2018-05-16 19:11:29 - [MESSAGE][PASSED] - 7 options of object '' counted

2018-05-16 19:11:29 - [TEST_STEP][PASSED] - Statement - out.println("BatchSize : " + batchsize): null

2018-05-16 19:11:29 - [TEST_STEP][PASSED] - Statement - For ([n = 1, n <= batchsize - 1, (n++)]): null

2018-05-16 19:11:29 - [TEST_STEP][PASSED] - Statement - product = new com.kms.katalon.core.testobject.TestObject(): null

2018-05-16 19:11:29 - [TEST_STEP][PASSED] - Statement - product = com.kms.katalon.core.webui.keyword.WebUiBuiltInKeywords.modifyObjectProperty(product, "xpath", "equals", "//*[@id = "fldvendor" + row + ""]", true): Modify property of object successfully

2018-05-16 19:11:29 - [MESSAGE][PASSED] - Modify property of object successfully

2018-05-16 19:11:29 - [TEST_STEP][PASSED] - selectOptionByIndex: All options with index in [1] are selected on object ''

2018-05-16 19:11:30 - [MESSAGE][PASSED] - All options with index in [1] are selected on object ''

2018-05-16 19:11:30 - [TEST_STEP][PASSED] - Statement - batch = new com.kms.katalon.core.testobject.TestObject(): null

2018-05-16 19:11:30 - [TEST_STEP][PASSED] - Statement - batch = com.kms.katalon.core.webui.keyword.WebUiBuiltInKeywords.modifyObjectProperty(batch, "xpath", "equals", "//*[@id = "txtbthqty" + row + ""]", true): Modify property of object successfully

2018-05-16 19:11:30 - [MESSAGE][PASSED] - Modify property of object successfully

2018-05-16 19:11:30 - [TEST_STEP][PASSED] - Statement - batchqty = com.kms.katalon.core.webui.keyword.WebUiBuiltInKeywords.getAttribute(batch, "value").trim(): Attribute 'value' of object '' is: '39900'

2018-05-16 19:11:30 - [MESSAGE][PASSED] - Attribute 'value' of object '' is: '39900'

2018-05-16 19:11:30 - [TEST_STEP][PASSED] - Statement - Rqty = 100: null

2018-05-16 19:11:30 - [TEST_STEP][PASSED] - delay: Delayed 2 second(s)

2018-05-16 19:11:32 - [MESSAGE][PASSED] - Delayed 2 second(s)

2018-05-16 19:11:32 - [TEST_STEP][PASSED] - Statement - out.println("BatchQty : " + batchqty): null

2018-05-16 19:11:32 - [TEST_STEP][PASSED] - Statement - out.println("RQty : " + Rqty): null

2018-05-16 19:11:32 - [TEST_STEP][PASSED] - Statement - If (java.lang.Integer.valueOf(batchqty) >= java.lang.Integer.valueOf(Rqty)): null

2018-05-16 19:11:32 - [TEST_STEP][PASSED] - Statement - Break: null

2018-05-16 19:11:32 - [TEST_STEP][PASSED] - Statement - batchlength = new com.kms.katalon.core.testobject.TestObject(): null

2018-05-16 19:11:32 - [TEST_STEP][PASSED] - Statement - batchlength = com.kms.katalon.core.webui.keyword.WebUiBuiltInKeywords.modifyObjectProperty(batchlength, "xpath", "equals", "//*[@id = "fldvendor" + row + ""]", true): Modify property of object successfully

2018-05-16 19:11:32 - [MESSAGE][PASSED] - Modify property of object successfully

2018-05-16 19:11:32 - [TEST_STEP][PASSED] - Statement - batchsize = com.kms.katalon.core.webui.keyword.WebUiBuiltInKeywords.getNumberOfTotalOption(batchlength): 7 options of object '' counted

2018-05-16 19:11:32 - [MESSAGE][PASSED] - 7 options of object '' counted

2018-05-16 19:11:32 - [TEST_STEP][PASSED] - Statement - out.println("BatchSize : " + batchsize): null

2018-05-16 19:11:32 - [TEST_STEP][PASSED] - Statement - For ([n = 1, n <= batchsize - 1, (n++)]): null

2018-05-16 19:11:32 - [TEST_STEP][PASSED] - Statement - product = new com.kms.katalon.core.testobject.TestObject(): null

2018-05-16 19:11:32 - [TEST_STEP][PASSED] - Statement - product = com.kms.katalon.core.webui.keyword.WebUiBuiltInKeywords.modifyObjectProperty(product, "xpath", "equals", "//*[@id = "fldvendor" + row + ""]", true): Modify property of object successfully

2018-05-16 19:11:32 - [MESSAGE][PASSED] - Modify property of object successfully

2018-05-16 19:11:32 - [TEST_STEP][PASSED] - selectOptionByIndex: All options with index in [1] are selected on object ''

2018-05-16 19:11:32 - [MESSAGE][PASSED] - All options with index in [1] are selected on object ''

2018-05-16 19:11:32 - [TEST_STEP][PASSED] - Statement - batch = new com.kms.katalon.core.testobject.TestObject(): null

2018-05-16 19:11:32 - [TEST_STEP][PASSED] - Statement - batch = com.kms.katalon.core.webui.keyword.WebUiBuiltInKeywords.modifyObjectProperty(batch, "xpath", "equals", "//*[@id = "txtbthqty" + row + ""]", true): Modify property of object successfully

2018-05-16 19:11:32 - [MESSAGE][PASSED] - Modify property of object successfully

2018-05-16 19:11:32 - [TEST_STEP][PASSED] - Statement - batchqty = com.kms.katalon.core.webui.keyword.WebUiBuiltInKeywords.getAttribute(batch, "value").trim(): Attribute 'value' of object '' is: '39900'

2018-05-16 19:11:32 - [MESSAGE][PASSED] - Attribute 'value' of object '' is: '39900'

2018-05-16 19:11:32 - [TEST_STEP][PASSED] - Statement - Rqty = 100: null

2018-05-16 19:11:32 - [TEST_STEP][PASSED] - delay: Delayed 2 second(s)

2018-05-16 19:11:34 - [MESSAGE][PASSED] - Delayed 2 second(s)

2018-05-16 19:11:34 - [TEST_STEP][PASSED] - Statement - out.println("BatchQty : " + batchqty): null

2018-05-16 19:11:34 - [TEST_STEP][PASSED] - Statement - out.println("RQty : " + Rqty): null

2018-05-16 19:11:34 - [TEST_STEP][PASSED] - Statement - If (java.lang.Integer.valueOf(batchqty) >= java.lang.Integer.valueOf(Rqty)): null

2018-05-16 19:11:34 - [TEST_STEP][PASSED] - Statement - Break: null

2018-05-16 19:11:34 - [TEST_STEP][PASSED] - Statement - batchlength = new com.kms.katalon.core.testobject.TestObject(): null

2018-05-16 19:11:34 - [TEST_STEP][PASSED] - Statement - batchlength = com.kms.katalon.core.webui.keyword.WebUiBuiltInKeywords.modifyObjectProperty(batchlength, "xpath", "equals", "//*[@id = "fldvendor" + row + ""]", true): Modify property of object successfully

2018-05-16 19:11:34 - [MESSAGE][PASSED] - Modify property of object successfully

2018-05-16 19:11:34 - [TEST_STEP][PASSED] - Statement - batchsize = com.kms.katalon.core.webui.keyword.WebUiBuiltInKeywords.getNumberOfTotalOption(batchlength): 7 options of object '' counted

2018-05-16 19:11:34 - [MESSAGE][PASSED] - 7 options of object '' counted

2018-05-16 19:11:34 - [TEST_STEP][PASSED] - Statement - out.println("BatchSize : " + batchsize): null

2018-05-16 19:11:34 - [TEST_STEP][PASSED] - Statement - For ([n = 1, n <= batchsize - 1, (n++)]): null

2018-05-16 19:11:34 - [TEST_STEP][PASSED] - Statement - product = new com.kms.katalon.core.testobject.TestObject(): null

2018-05-16 19:11:34 - [TEST_STEP][PASSED] - Statement - product = com.kms.katalon.core.webui.keyword.WebUiBuiltInKeywords.modifyObjectProperty(product, "xpath", "equals", "//*[@id = "fldvendor" + row + ""]", true): Modify property of object successfully

2018-05-16 19:11:34 - [MESSAGE][PASSED] - Modify property of object successfully

2018-05-16 19:11:34 - [TEST_STEP][PASSED] - selectOptionByIndex: All options with index in [1] are selected on object ''

2018-05-16 19:11:34 - [MESSAGE][PASSED] - All options with index in [1] are selected on object ''

2018-05-16 19:11:34 - [TEST_STEP][PASSED] - Statement - batch = new com.kms.katalon.core.testobject.TestObject(): null

2018-05-16 19:11:34 - [TEST_STEP][PASSED] - Statement - batch = com.kms.katalon.core.webui.keyword.WebUiBuiltInKeywords.modifyObjectProperty(batch, "xpath", "equals", "//*[@id = "txtbthqty" + row + ""]", true): Modify property of object successfully

2018-05-16 19:11:34 - [MESSAGE][PASSED] - Modify property of object successfully

2018-05-16 19:11:34 - [TEST_STEP][PASSED] - Statement - batchqty = com.kms.katalon.core.webui.keyword.WebUiBuiltInKeywords.getAttribute(batch, "value").trim(): Attribute 'value' of object '' is: '5000'

2018-05-16 19:11:34 - [MESSAGE][PASSED] - Attribute 'value' of object '' is: '5000'

2018-05-16 19:11:34 - [TEST_STEP][PASSED] - Statement - Rqty = 100: null

2018-05-16 19:11:34 - [TEST_STEP][PASSED] - delay: Delayed 2 second(s)

2018-05-16 19:11:36 - [MESSAGE][PASSED] - Delayed 2 second(s)

2018-05-16 19:11:36 - [TEST_STEP][PASSED] - Statement - out.println("BatchQty : " + batchqty): null

2018-05-16 19:11:36 - [TEST_STEP][PASSED] - Statement - out.println("RQty : " + Rqty): null

2018-05-16 19:11:36 - [TEST_STEP][PASSED] - Statement - If (java.lang.Integer.valueOf(batchqty) >= java.lang.Integer.valueOf(Rqty)): null

2018-05-16 19:11:36 - [TEST_STEP][PASSED] - Statement - Break: null

2018-05-16 19:11:36 - [TEST_STEP][PASSED] - Statement - batchlength = new com.kms.katalon.core.testobject.TestObject(): null

2018-05-16 19:11:36 - [TEST_STEP][PASSED] - Statement - batchlength = com.kms.katalon.core.webui.keyword.WebUiBuiltInKeywords.modifyObjectProperty(batchlength, "xpath", "equals", "//*[@id = "fldvendor" + row + ""]", true): Modify property of object successfully

2018-05-16 19:11:36 - [MESSAGE][PASSED] - Modify property of object successfully

2018-05-16 19:11:36 - [TEST_STEP][PASSED] - Statement - batchsize = com.kms.katalon.core.webui.keyword.WebUiBuiltInKeywords.getNumberOfTotalOption(batchlength): 7 options of object '' counted

2018-05-16 19:11:36 - [MESSAGE][PASSED] - 7 options of object '' counted

2018-05-16 19:11:36 - [TEST_STEP][PASSED] - Statement - out.println("BatchSize : " + batchsize): null

2018-05-16 19:11:36 - [TEST_STEP][PASSED] - Statement - For ([n = 1, n <= batchsize - 1, (n++)]): null

2018-05-16 19:11:36 - [TEST_STEP][PASSED] - Statement - product = new com.kms.katalon.core.testobject.TestObject(): null

2018-05-16 19:11:36 - [TEST_STEP][PASSED] - Statement - product = com.kms.katalon.core.webui.keyword.WebUiBuiltInKeywords.modifyObjectProperty(product, "xpath", "equals", "//*[@id = "fldvendor" + row + ""]", true): Modify property of object successfully

2018-05-16 19:11:36 - [MESSAGE][PASSED] - Modify property of object successfully

2018-05-16 19:11:36 - [TEST_STEP][PASSED] - selectOptionByIndex: All options with index in [1] are selected on object ''

2018-05-16 19:11:36 - [MESSAGE][PASSED] - All options with index in [1] are selected on object ''

2018-05-16 19:11:36 - [TEST_STEP][PASSED] - Statement - batch = new com.kms.katalon.core.testobject.TestObject(): null

2018-05-16 19:11:36 - [TEST_STEP][PASSED] - Statement - batch = com.kms.katalon.core.webui.keyword.WebUiBuiltInKeywords.modifyObjectProperty(batch, "xpath", "equals", "//*[@id = "txtbthqty" + row + ""]", true): Modify property of object successfully

2018-05-16 19:11:36 - [MESSAGE][PASSED] - Modify property of object successfully

2018-05-16 19:11:36 - [TEST_STEP][PASSED] - Statement - batchqty = com.kms.katalon.core.webui.keyword.WebUiBuiltInKeywords.getAttribute(batch, "value").trim(): Attribute 'value' of object '' is: '4900'

2018-05-16 19:11:36 - [MESSAGE][PASSED] - Attribute 'value' of object '' is: '4900'

2018-05-16 19:11:36 - [TEST_STEP][PASSED] - Statement - Rqty = 100: null

2018-05-16 19:11:36 - [TEST_STEP][PASSED] - delay: Delayed 2 second(s)

2018-05-16 19:11:38 - [MESSAGE][PASSED] - Delayed 2 second(s)

2018-05-16 19:11:38 - [TEST_STEP][PASSED] - Statement - out.println("BatchQty : " + batchqty): null

2018-05-16 19:11:38 - [TEST_STEP][PASSED] - Statement - out.println("RQty : " + Rqty): null

2018-05-16 19:11:38 - [TEST_STEP][PASSED] - Statement - If (java.lang.Integer.valueOf(batchqty) >= java.lang.Integer.valueOf(Rqty)): null

2018-05-16 19:11:38 - [TEST_STEP][PASSED] - Statement - Break: null

2018-05-16 19:11:38 - [TEST_STEP][PASSED] - Statement - batchlength = new com.kms.katalon.core.testobject.TestObject(): null

2018-05-16 19:11:38 - [TEST_STEP][PASSED] - Statement - batchlength = com.kms.katalon.core.webui.keyword.WebUiBuiltInKeywords.modifyObjectProperty(batchlength, "xpath", "equals", "//*[@id = "fldvendor" + row + ""]", true): Modify property of object successfully

2018-05-16 19:11:38 - [MESSAGE][PASSED] - Modify property of object successfully

2018-05-16 19:11:38 - [TEST_STEP][PASSED] - Statement - batchsize = com.kms.katalon.core.webui.keyword.WebUiBuiltInKeywords.getNumberOfTotalOption(batchlength): 7 options of object '' counted

2018-05-16 19:11:38 - [MESSAGE][PASSED] - 7 options of object '' counted

2018-05-16 19:11:38 - [TEST_STEP][PASSED] - Statement - out.println("BatchSize : " + batchsize): null

2018-05-16 19:11:38 - [TEST_STEP][PASSED] - Statement - For ([n = 1, n <= batchsize - 1, (n++)]): null

2018-05-16 19:11:38 - [TEST_STEP][PASSED] - Statement - product = new com.kms.katalon.core.testobject.TestObject(): null

2018-05-16 19:11:38 - [TEST_STEP][PASSED] - Statement - product = com.kms.katalon.core.webui.keyword.WebUiBuiltInKeywords.modifyObjectProperty(product, "xpath", "equals", "//*[@id = "fldvendor" + row + ""]", true): Modify property of object successfully

2018-05-16 19:11:38 - [MESSAGE][PASSED] - Modify property of object successfully

2018-05-16 19:11:38 - [TEST_STEP][PASSED] - selectOptionByIndex: All options with index in [1] are selected on object ''

2018-05-16 19:11:39 - [MESSAGE][PASSED] - All options with index in [1] are selected on object ''

2018-05-16 19:11:39 - [TEST_STEP][PASSED] - Statement - batch = new com.kms.katalon.core.testobject.TestObject(): null

2018-05-16 19:11:39 - [TEST_STEP][PASSED] - Statement - batch = com.kms.katalon.core.webui.keyword.WebUiBuiltInKeywords.modifyObjectProperty(batch, "xpath", "equals", "//*[@id = "txtbthqty" + row + ""]", true): Modify property of object successfully

2018-05-16 19:11:39 - [MESSAGE][PASSED] - Modify property of object successfully

2018-05-16 19:11:39 - [TEST_STEP][PASSED] - Statement - batchqty = com.kms.katalon.core.webui.keyword.WebUiBuiltInKeywords.getAttribute(batch, "value").trim(): Attribute 'value' of object '' is: '4800'

2018-05-16 19:11:39 - [MESSAGE][PASSED] - Attribute 'value' of object '' is: '4800'

2018-05-16 19:11:39 - [TEST_STEP][PASSED] - Statement - Rqty = 100: null

2018-05-16 19:11:39 - [TEST_STEP][PASSED] - delay: Delayed 2 second(s)

2018-05-16 19:11:41 - [MESSAGE][PASSED] - Delayed 2 second(s)

2018-05-16 19:11:41 - [TEST_STEP][PASSED] - Statement - out.println("BatchQty : " + batchqty): null

2018-05-16 19:11:41 - [TEST_STEP][PASSED] - Statement - out.println("RQty : " + Rqty): null

2018-05-16 19:11:41 - [TEST_STEP][PASSED] - Statement - If (java.lang.Integer.valueOf(batchqty) >= java.lang.Integer.valueOf(Rqty)): null

2018-05-16 19:11:41 - [TEST_STEP][PASSED] - Statement - Break: null

2018-05-16 19:11:41 - [TEST_STEP][PASSED] - Statement - batchlength = new com.kms.katalon.core.testobject.TestObject(): null

2018-05-16 19:11:41 - [TEST_STEP][PASSED] - Statement - batchlength = com.kms.katalon.core.webui.keyword.WebUiBuiltInKeywords.modifyObjectProperty(batchlength, "xpath", "equals", "//*[@id = "fldvendor" + row + ""]", true): Modify property of object successfully

2018-05-16 19:11:41 - [MESSAGE][PASSED] - Modify property of object successfully

2018-05-16 19:11:41 - [TEST_STEP][PASSED] - Statement - batchsize = com.kms.katalon.core.webui.keyword.WebUiBuiltInKeywords.getNumberOfTotalOption(batchlength): 7 options of object '' counted

2018-05-16 19:11:41 - [MESSAGE][PASSED] - 7 options of object '' counted

2018-05-16 19:11:41 - [TEST_STEP][PASSED] - Statement - out.println("BatchSize : " + batchsize): null

2018-05-16 19:11:41 - [TEST_STEP][PASSED] - Statement - For ([n = 1, n <= batchsize - 1, (n++)]): null

2018-05-16 19:11:41 - [TEST_STEP][PASSED] - Statement - product = new com.kms.katalon.core.testobject.TestObject(): null

2018-05-16 19:11:41 - [TEST_STEP][PASSED] - Statement - product = com.kms.katalon.core.webui.keyword.WebUiBuiltInKeywords.modifyObjectProperty(product, "xpath", "equals", "//*[@id = "fldvendor" + row + ""]", true): Modify property of object successfully

2018-05-16 19:11:41 - [MESSAGE][PASSED] - Modify property of object successfully

2018-05-16 19:11:41 - [TEST_STEP][PASSED] - selectOptionByIndex: All options with index in [1] are selected on object ''

2018-05-16 19:11:41 - [MESSAGE][PASSED] - All options with index in [1] are selected on object ''

2018-05-16 19:11:41 - [TEST_STEP][PASSED] - Statement - batch = new com.kms.katalon.core.testobject.TestObject(): null

2018-05-16 19:11:41 - [TEST_STEP][PASSED] - Statement - batch = com.kms.katalon.core.webui.keyword.WebUiBuiltInKeywords.modifyObjectProperty(batch, "xpath", "equals", "//*[@id = "txtbthqty" + row + ""]", true): Modify property of object successfully

2018-05-16 19:11:41 - [MESSAGE][PASSED] - Modify property of object successfully

2018-05-16 19:11:41 - [TEST_STEP][PASSED] - Statement - batchqty = com.kms.katalon.core.webui.keyword.WebUiBuiltInKeywords.getAttribute(batch, "value").trim(): Attribute 'value' of object '' is: '5000'

2018-05-16 19:11:41 - [MESSAGE][PASSED] - Attribute 'value' of object '' is: '5000'

2018-05-16 19:11:41 - [TEST_STEP][PASSED] - Statement - Rqty = 100: null

2018-05-16 19:11:41 - [TEST_STEP][PASSED] - delay: Delayed 2 second(s)

2018-05-16 19:11:43 - [MESSAGE][PASSED] - Delayed 2 second(s)

2018-05-16 19:11:43 - [TEST_STEP][PASSED] - Statement - out.println("BatchQty : " + batchqty): null

2018-05-16 19:11:43 - [TEST_STEP][PASSED] - Statement - out.println("RQty : " + Rqty): null

2018-05-16 19:11:43 - [TEST_STEP][PASSED] - Statement - If (java.lang.Integer.valueOf(batchqty) >= java.lang.Integer.valueOf(Rqty)): null

2018-05-16 19:11:43 - [TEST_STEP][PASSED] - Statement - Break: null

2018-05-16 19:11:43 - [TEST_STEP][PASSED] - Statement - batchlength = new com.kms.katalon.core.testobject.TestObject(): null

2018-05-16 19:11:43 - [TEST_STEP][PASSED] - Statement - batchlength = com.kms.katalon.core.webui.keyword.WebUiBuiltInKeywords.modifyObjectProperty(batchlength, "xpath", "equals", "//*[@id = "fldvendor" + row + ""]", true): Modify property of object successfully

2018-05-16 19:11:43 - [MESSAGE][PASSED] - Modify property of object successfully

2018-05-16 19:11:43 - [TEST_STEP][PASSED] - Statement - batchsize = com.kms.katalon.core.webui.keyword.WebUiBuiltInKeywords.getNumberOfTotalOption(batchlength): 7 options of object '' counted

2018-05-16 19:11:43 - [MESSAGE][PASSED] - 7 options of object '' counted

2018-05-16 19:11:43 - [TEST_STEP][PASSED] - Statement - out.println("BatchSize : " + batchsize): null

2018-05-16 19:11:43 - [TEST_STEP][PASSED] - Statement - For ([n = 1, n <= batchsize - 1, (n++)]): null

2018-05-16 19:11:43 - [TEST_STEP][PASSED] - Statement - product = new com.kms.katalon.core.testobject.TestObject(): null

2018-05-16 19:11:43 - [TEST_STEP][PASSED] - Statement - product = com.kms.katalon.core.webui.keyword.WebUiBuiltInKeywords.modifyObjectProperty(product, "xpath", "equals", "//*[@id = "fldvendor" + row + ""]", true): Modify property of object successfully

2018-05-16 19:11:43 - [MESSAGE][PASSED] - Modify property of object successfully

2018-05-16 19:11:43 - [TEST_STEP][PASSED] - selectOptionByIndex: All options with index in [1] are selected on object ''

2018-05-16 19:11:43 - [MESSAGE][PASSED] - All options with index in [1] are selected on object ''

2018-05-16 19:11:43 - [TEST_STEP][PASSED] - Statement - batch = new com.kms.katalon.core.testobject.TestObject(): null

2018-05-16 19:11:43 - [TEST_STEP][PASSED] - Statement - batch = com.kms.katalon.core.webui.keyword.WebUiBuiltInKeywords.modifyObjectProperty(batch, "xpath", "equals", "//*[@id = "txtbthqty" + row + ""]", true): Modify property of object successfully

2018-05-16 19:11:43 - [MESSAGE][PASSED] - Modify property of object successfully

2018-05-16 19:11:43 - [TEST_STEP][PASSED] - Statement - batchqty = com.kms.katalon.core.webui.keyword.WebUiBuiltInKeywords.getAttribute(batch, "value").trim(): Attribute 'value' of object '' is: '4800'

2018-05-16 19:11:43 - [MESSAGE][PASSED] - Attribute 'value' of object '' is: '4800'

2018-05-16 19:11:43 - [TEST_STEP][PASSED] - Statement - Rqty = 100: null

2018-05-16 19:11:43 - [TEST_STEP][PASSED] - delay: Delayed 2 second(s)

2018-05-16 19:11:45 - [MESSAGE][PASSED] - Delayed 2 second(s)

2018-05-16 19:11:45 - [TEST_STEP][PASSED] - Statement - out.println("BatchQty : " + batchqty): null

2018-05-16 19:11:45 - [TEST_STEP][PASSED] - Statement - out.println("RQty : " + Rqty): null

2018-05-16 19:11:45 - [TEST_STEP][PASSED] - Statement - If (java.lang.Integer.valueOf(batchqty) >= java.lang.Integer.valueOf(Rqty)): null

2018-05-16 19:11:45 - [TEST_STEP][PASSED] - Statement - Break: null

2018-05-16 19:11:45 - [TEST_STEP][PASSED] - Statement - batchlength = new com.kms.katalon.core.testobject.TestObject(): null

2018-05-16 19:11:45 - [TEST_STEP][PASSED] - Statement - batchlength = com.kms.katalon.core.webui.keyword.WebUiBuiltInKeywords.modifyObjectProperty(batchlength, "xpath", "equals", "//*[@id = "fldvendor" + row + ""]", true): Modify property of object successfully

2018-05-16 19:11:45 - [MESSAGE][PASSED] - Modify property of object successfully

2018-05-16 19:11:45 - [TEST_STEP][PASSED] - Statement - batchsize = com.kms.katalon.core.webui.keyword.WebUiBuiltInKeywords.getNumberOfTotalOption(batchlength): 7 options of object '' counted

2018-05-16 19:11:45 - [MESSAGE][PASSED] - 7 options of object '' counted

2018-05-16 19:11:45 - [TEST_STEP][PASSED] - Statement - out.println("BatchSize : " + batchsize): null

2018-05-16 19:11:45 - [TEST_STEP][PASSED] - Statement - For ([n = 1, n <= batchsize - 1, (n++)]): null

2018-05-16 19:11:45 - [TEST_STEP][PASSED] - Statement - product = new com.kms.katalon.core.testobject.TestObject(): null

2018-05-16 19:11:45 - [TEST_STEP][PASSED] - Statement - product = com.kms.katalon.core.webui.keyword.WebUiBuiltInKeywords.modifyObjectProperty(product, "xpath", "equals", "//*[@id = "fldvendor" + row + ""]", true): Modify property of object successfully

2018-05-16 19:11:45 - [MESSAGE][PASSED] - Modify property of object successfully

2018-05-16 19:11:45 - [TEST_STEP][PASSED] - selectOptionByIndex: All options with index in [1] are selected on object ''

2018-05-16 19:11:45 - [MESSAGE][PASSED] - All options with index in [1] are selected on object ''

2018-05-16 19:11:45 - [TEST_STEP][PASSED] - Statement - batch = new com.kms.katalon.core.testobject.TestObject(): null

2018-05-16 19:11:45 - [TEST_STEP][PASSED] - Statement - batch = com.kms.katalon.core.webui.keyword.WebUiBuiltInKeywords.modifyObjectProperty(batch, "xpath", "equals", "//*[@id = "txtbthqty" + row + ""]", true): Modify property of object successfully

2018-05-16 19:11:45 - [MESSAGE][PASSED] - Modify property of object successfully

2018-05-16 19:11:45 - [TEST_STEP][PASSED] - Statement - batchqty = com.kms.katalon.core.webui.keyword.WebUiBuiltInKeywords.getAttribute(batch, "value").trim(): Attribute 'value' of object '' is: '4800'

2018-05-16 19:11:45 - [MESSAGE][PASSED] - Attribute 'value' of object '' is: '4800'

2018-05-16 19:11:45 - [TEST_STEP][PASSED] - Statement - Rqty = 100: null

2018-05-16 19:11:45 - [TEST_STEP][PASSED] - delay: Delayed 2 second(s)

2018-05-16 19:11:47 - [MESSAGE][PASSED] - Delayed 2 second(s)

2018-05-16 19:11:47 - [TEST_STEP][PASSED] - Statement - out.println("BatchQty : " + batchqty): null

2018-05-16 19:11:47 - [TEST_STEP][PASSED] - Statement - out.println("RQty : " + Rqty): null

2018-05-16 19:11:47 - [TEST_STEP][PASSED] - Statement - If (java.lang.Integer.valueOf(batchqty) >= java.lang.Integer.valueOf(Rqty)): null

2018-05-16 19:11:47 - [TEST_STEP][PASSED] - Statement - Break: null

2018-05-16 19:11:47 - [TEST_STEP][PASSED] - Statement - batchlength = new com.kms.katalon.core.testobject.TestObject(): null

2018-05-16 19:11:47 - [TEST_STEP][PASSED] - Statement - batchlength = com.kms.katalon.core.webui.keyword.WebUiBuiltInKeywords.modifyObjectProperty(batchlength, "xpath", "equals", "//*[@id = "fldvendor" + row + ""]", true): Modify property of object successfully

2018-05-16 19:11:47 - [MESSAGE][PASSED] - Modify property of object successfully

2018-05-16 19:11:47 - [TEST_STEP][PASSED] - Statement - batchsize = com.kms.katalon.core.webui.keyword.WebUiBuiltInKeywords.getNumberOfTotalOption(batchlength): 7 options of object '' counted

2018-05-16 19:11:47 - [MESSAGE][PASSED] - 7 options of object '' counted

2018-05-16 19:11:47 - [TEST_STEP][PASSED] - Statement - out.println("BatchSize : " + batchsize): null

2018-05-16 19:11:47 - [TEST_STEP][PASSED] - Statement - For ([n = 1, n <= batchsize - 1, (n++)]): null

2018-05-16 19:11:47 - [TEST_STEP][PASSED] - Statement - product = new com.kms.katalon.core.testobject.TestObject(): null

2018-05-16 19:11:47 - [TEST_STEP][PASSED] - Statement - product = com.kms.katalon.core.webui.keyword.WebUiBuiltInKeywords.modifyObjectProperty(product, "xpath", "equals", "//*[@id = "fldvendor" + row + ""]", true): Modify property of object successfully

2018-05-16 19:11:47 - [MESSAGE][PASSED] - Modify property of object successfully

2018-05-16 19:11:47 - [TEST_STEP][PASSED] - selectOptionByIndex: All options with index in [1] are selected on object ''

2018-05-16 19:11:48 - [MESSAGE][PASSED] - All options with index in [1] are selected on object ''

2018-05-16 19:11:48 - [TEST_STEP][PASSED] - Statement - batch = new com.kms.katalon.core.testobject.TestObject(): null

2018-05-16 19:11:48 - [TEST_STEP][PASSED] - Statement - batch = com.kms.katalon.core.webui.keyword.WebUiBuiltInKeywords.modifyObjectProperty(batch, "xpath", "equals", "//*[@id = "txtbthqty" + row + ""]", true): Modify property of object successfully

2018-05-16 19:11:48 - [MESSAGE][PASSED] - Modify property of object successfully

2018-05-16 19:11:48 - [TEST_STEP][PASSED] - Statement - batchqty = com.kms.katalon.core.webui.keyword.WebUiBuiltInKeywords.getAttribute(batch, "value").trim(): Attribute 'value' of object '' is: '5000'

2018-05-16 19:11:48 - [MESSAGE][PASSED] - Attribute 'value' of object '' is: '5000'

2018-05-16 19:11:48 - [TEST_STEP][PASSED] - Statement - Rqty = 100: null

2018-05-16 19:11:48 - [TEST_STEP][PASSED] - delay: Delayed 2 second(s)

2018-05-16 19:11:50 - [MESSAGE][PASSED] - Delayed 2 second(s)

2018-05-16 19:11:50 - [TEST_STEP][PASSED] - Statement - out.println("BatchQty : " + batchqty): null

2018-05-16 19:11:50 - [TEST_STEP][PASSED] - Statement - out.println("RQty : " + Rqty): null

2018-05-16 19:11:50 - [TEST_STEP][PASSED] - Statement - If (java.lang.Integer.valueOf(batchqty) >= java.lang.Integer.valueOf(Rqty)): null

2018-05-16 19:11:50 - [TEST_STEP][PASSED] - Statement - Break: null

2018-05-16 19:11:50 - [TEST_STEP][PASSED] - Statement - batchlength = new com.kms.katalon.core.testobject.TestObject(): null

2018-05-16 19:11:50 - [TEST_STEP][PASSED] - Statement - batchlength = com.kms.katalon.core.webui.keyword.WebUiBuiltInKeywords.modifyObjectProperty(batchlength, "xpath", "equals", "//*[@id = "fldvendor" + row + ""]", true): Modify property of object successfully

2018-05-16 19:11:50 - [MESSAGE][PASSED] - Modify property of object successfully

2018-05-16 19:11:50 - [TEST_STEP][PASSED] - Statement - batchsize = com.kms.katalon.core.webui.keyword.WebUiBuiltInKeywords.getNumberOfTotalOption(batchlength): 7 options of object '' counted

2018-05-16 19:11:50 - [MESSAGE][PASSED] - 7 options of object '' counted

2018-05-16 19:11:50 - [TEST_STEP][PASSED] - Statement - out.println("BatchSize : " + batchsize): null

2018-05-16 19:11:50 - [TEST_STEP][PASSED] - Statement - For ([n = 1, n <= batchsize - 1, (n++)]): null

2018-05-16 19:11:50 - [TEST_STEP][PASSED] - Statement - product = new com.kms.katalon.core.testobject.TestObject(): null

2018-05-16 19:11:50 - [TEST_STEP][PASSED] - Statement - product = com.kms.katalon.core.webui.keyword.WebUiBuiltInKeywords.modifyObjectProperty(product, "xpath", "equals", "//*[@id = "fldvendor" + row + ""]", true): Modify property of object successfully

2018-05-16 19:11:50 - [MESSAGE][PASSED] - Modify property of object successfully

2018-05-16 19:11:50 - [TEST_STEP][PASSED] - selectOptionByIndex: All options with index in [1] are selected on object ''

2018-05-16 19:11:50 - [MESSAGE][PASSED] - All options with index in [1] are selected on object ''

2018-05-16 19:11:50 - [TEST_STEP][PASSED] - Statement - batch = new com.kms.katalon.core.testobject.TestObject(): null

2018-05-16 19:11:50 - [TEST_STEP][PASSED] - Statement - batch = com.kms.katalon.core.webui.keyword.WebUiBuiltInKeywords.modifyObjectProperty(batch, "xpath", "equals", "//*[@id = "txtbthqty" + row + ""]", true): Modify property of object successfully

2018-05-16 19:11:50 - [MESSAGE][PASSED] - Modify property of object successfully

2018-05-16 19:11:50 - [TEST_STEP][PASSED] - Statement - batchqty = com.kms.katalon.core.webui.keyword.WebUiBuiltInKeywords.getAttribute(batch, "value").trim(): Attribute 'value' of object '' is: '39900'

2018-05-16 19:11:50 - [MESSAGE][PASSED] - Attribute 'value' of object '' is: '39900'

2018-05-16 19:11:50 - [TEST_STEP][PASSED] - Statement - Rqty = 100: null

2018-05-16 19:11:50 - [TEST_STEP][PASSED] - delay: Delayed 2 second(s)

2018-05-16 19:11:52 - [MESSAGE][PASSED] - Delayed 2 second(s)

2018-05-16 19:11:52 - [TEST_STEP][PASSED] - Statement - out.println("BatchQty : " + batchqty): null

2018-05-16 19:11:52 - [TEST_STEP][PASSED] - Statement - out.println("RQty : " + Rqty): null

2018-05-16 19:11:52 - [TEST_STEP][PASSED] - Statement - If (java.lang.Integer.valueOf(batchqty) >= java.lang.Integer.valueOf(Rqty)): null

2018-05-16 19:11:52 - [TEST_STEP][PASSED] - Statement - Break: null

2018-05-16 19:11:52 - [TEST_STEP][PASSED] - Statement - batchlength = new com.kms.katalon.core.testobject.TestObject(): null

2018-05-16 19:11:52 - [TEST_STEP][PASSED] - Statement - batchlength = com.kms.katalon.core.webui.keyword.WebUiBuiltInKeywords.modifyObjectProperty(batchlength, "xpath", "equals", "//*[@id = "fldvendor" + row + ""]", true): Modify property of object successfully

2018-05-16 19:11:52 - [MESSAGE][PASSED] - Modify property of object successfully

2018-05-16 19:11:52 - [TEST_STEP][PASSED] - Statement - batchsize = com.kms.katalon.core.webui.keyword.WebUiBuiltInKeywords.getNumberOfTotalOption(batchlength): 7 options of object '' counted

2018-05-16 19:11:52 - [MESSAGE][PASSED] - 7 options of object '' counted

2018-05-16 19:11:52 - [TEST_STEP][PASSED] - Statement - out.println("BatchSize : " + batchsize): null

2018-05-16 19:11:52 - [TEST_STEP][PASSED] - Statement - For ([n = 1, n <= batchsize - 1, (n++)]): null

2018-05-16 19:11:52 - [TEST_STEP][PASSED] - Statement - product = new com.kms.katalon.core.testobject.TestObject(): null

2018-05-16 19:11:52 - [TEST_STEP][PASSED] - Statement - product = com.kms.katalon.core.webui.keyword.WebUiBuiltInKeywords.modifyObjectProperty(product, "xpath", "equals", "//*[@id = "fldvendor" + row + ""]", true): Modify property of object successfully

2018-05-16 19:11:52 - [MESSAGE][PASSED] - Modify property of object successfully

2018-05-16 19:11:52 - [TEST_STEP][PASSED] - selectOptionByIndex: All options with index in [1] are selected on object ''

2018-05-16 19:11:52 - [MESSAGE][PASSED] - All options with index in [1] are selected on object ''

2018-05-16 19:11:52 - [TEST_STEP][PASSED] - Statement - batch = new com.kms.katalon.core.testobject.TestObject(): null

2018-05-16 19:11:52 - [TEST_STEP][PASSED] - Statement - batch = com.kms.katalon.core.webui.keyword.WebUiBuiltInKeywords.modifyObjectProperty(batch, "xpath", "equals", "//*[@id = "txtbthqty" + row + ""]", true): Modify property of object successfully

2018-05-16 19:11:52 - [MESSAGE][PASSED] - Modify property of object successfully

2018-05-16 19:11:52 - [TEST_STEP][PASSED] - Statement - batchqty = com.kms.katalon.core.webui.keyword.WebUiBuiltInKeywords.getAttribute(batch, "value").trim(): Attribute 'value' of object '' is: '5000'

2018-05-16 19:11:52 - [MESSAGE][PASSED] - Attribute 'value' of object '' is: '5000'

2018-05-16 19:11:52 - [TEST_STEP][PASSED] - Statement - Rqty = 100: null

2018-05-16 19:11:52 - [TEST_STEP][PASSED] - delay: Delayed 2 second(s)

2018-05-16 19:11:54 - [MESSAGE][PASSED] - Delayed 2 second(s)

2018-05-16 19:11:54 - [TEST_STEP][PASSED] - Statement - out.println("BatchQty : " + batchqty): null

2018-05-16 19:11:54 - [TEST_STEP][PASSED] - Statement - out.println("RQty : " + Rqty): null

2018-05-16 19:11:54 - [TEST_STEP][PASSED] - Statement - If (java.lang.Integer.valueOf(batchqty) >= java.lang.Integer.valueOf(Rqty)): null

2018-05-16 19:11:54 - [TEST_STEP][PASSED] - Statement - Break: null

2018-05-16 19:11:54 - [TEST_STEP][PASSED] - Statement - batchlength = new com.kms.katalon.core.testobject.TestObject(): null

2018-05-16 19:11:54 - [TEST_STEP][PASSED] - Statement - batchlength = com.kms.katalon.core.webui.keyword.WebUiBuiltInKeywords.modifyObjectProperty(batchlength, "xpath", "equals", "//*[@id = "fldvendor" + row + ""]", true): Modify property of object successfully

2018-05-16 19:11:54 - [MESSAGE][PASSED] - Modify property of object successfully

2018-05-16 19:11:54 - [TEST_STEP][PASSED] - Statement - batchsize = com.kms.katalon.core.webui.keyword.WebUiBuiltInKeywords.getNumberOfTotalOption(batchlength): 7 options of object '' counted

2018-05-16 19:11:54 - [MESSAGE][PASSED] - 7 options of object '' counted

2018-05-16 19:11:54 - [TEST_STEP][PASSED] - Statement - out.println("BatchSize : " + batchsize): null

2018-05-16 19:11:54 - [TEST_STEP][PASSED] - Statement - For ([n = 1, n <= batchsize - 1, (n++)]): null

2018-05-16 19:11:54 - [TEST_STEP][PASSED] - Statement - product = new com.kms.katalon.core.testobject.TestObject(): null

2018-05-16 19:11:54 - [TEST_STEP][PASSED] - Statement - product = com.kms.katalon.core.webui.keyword.WebUiBuiltInKeywords.modifyObjectProperty(product, "xpath", "equals", "//*[@id = "fldvendor" + row + ""]", true): Modify property of object successfully

2018-05-16 19:11:54 - [MESSAGE][PASSED] - Modify property of object successfully

2018-05-16 19:11:54 - [TEST_STEP][PASSED] - selectOptionByIndex: All options with index in [1] are selected on object ''

2018-05-16 19:11:54 - [MESSAGE][PASSED] - All options with index in [1] are selected on object ''

2018-05-16 19:11:54 - [TEST_STEP][PASSED] - Statement - batch = new com.kms.katalon.core.testobject.TestObject(): null

2018-05-16 19:11:54 - [TEST_STEP][PASSED] - Statement - batch = com.kms.katalon.core.webui.keyword.WebUiBuiltInKeywords.modifyObjectProperty(batch, "xpath", "equals", "//*[@id = "txtbthqty" + row + ""]", true): Modify property of object successfully

2018-05-16 19:11:54 - [MESSAGE][PASSED] - Modify property of object successfully

2018-05-16 19:11:54 - [TEST_STEP][PASSED] - Statement - batchqty = com.kms.katalon.core.webui.keyword.WebUiBuiltInKeywords.getAttribute(batch, "value").trim(): Attribute 'value' of object '' is: '5000'

2018-05-16 19:11:54 - [MESSAGE][PASSED] - Attribute 'value' of object '' is: '5000'

2018-05-16 19:11:54 - [TEST_STEP][PASSED] - Statement - Rqty = 100: null

2018-05-16 19:11:54 - [TEST_STEP][PASSED] - delay: Delayed 2 second(s)

2018-05-16 19:11:56 - [MESSAGE][PASSED] - Delayed 2 second(s)

2018-05-16 19:11:56 - [TEST_STEP][PASSED] - Statement - out.println("BatchQty : " + batchqty): null

2018-05-16 19:11:56 - [TEST_STEP][PASSED] - Statement - out.println("RQty : " + Rqty): null

2018-05-16 19:11:56 - [TEST_STEP][PASSED] - Statement - If (java.lang.Integer.valueOf(batchqty) >= java.lang.Integer.valueOf(Rqty)): null

2018-05-16 19:11:56 - [TEST_STEP][PASSED] - Statement - Break: null

2018-05-16 19:11:56 - [TEST_STEP][PASSED] - Statement - batchlength = new com.kms.katalon.core.testobject.TestObject(): null

2018-05-16 19:11:56 - [TEST_STEP][PASSED] - Statement - batchlength = com.kms.katalon.core.webui.keyword.WebUiBuiltInKeywords.modifyObjectProperty(batchlength, "xpath", "equals", "//*[@id = "fldvendor" + row + ""]", true): Modify property of object successfully

2018-05-16 19:11:56 - [MESSAGE][PASSED] - Modify property of object successfully

2018-05-16 19:11:56 - [TEST_STEP][PASSED] - Statement - batchsize = com.kms.katalon.core.webui.keyword.WebUiBuiltInKeywords.getNumberOfTotalOption(batchlength): 7 options of object '' counted

2018-05-16 19:11:56 - [MESSAGE][PASSED] - 7 options of object '' counted

2018-05-16 19:11:56 - [TEST_STEP][PASSED] - Statement - out.println("BatchSize : " + batchsize): null

2018-05-16 19:11:56 - [TEST_STEP][PASSED] - Statement - For ([n = 1, n <= batchsize - 1, (n++)]): null

2018-05-16 19:11:56 - [TEST_STEP][PASSED] - Statement - product = new com.kms.katalon.core.testobject.TestObject(): null

2018-05-16 19:11:56 - [TEST_STEP][PASSED] - Statement - product = com.kms.katalon.core.webui.keyword.WebUiBuiltInKeywords.modifyObjectProperty(product, "xpath", "equals", "//*[@id = "fldvendor" + row + ""]", true): Modify property of object successfully

2018-05-16 19:11:56 - [MESSAGE][PASSED] - Modify property of object successfully

2018-05-16 19:11:56 - [TEST_STEP][PASSED] - selectOptionByIndex: All options with index in [1] are selected on object ''

2018-05-16 19:11:57 - [MESSAGE][PASSED] - All options with index in [1] are selected on object ''

2018-05-16 19:11:57 - [TEST_STEP][PASSED] - Statement - batch = new com.kms.katalon.core.testobject.TestObject(): null

2018-05-16 19:11:57 - [TEST_STEP][PASSED] - Statement - batch = com.kms.katalon.core.webui.keyword.WebUiBuiltInKeywords.modifyObjectProperty(batch, "xpath", "equals", "//*[@id = "txtbthqty" + row + ""]", true): Modify property of object successfully

2018-05-16 19:11:57 - [MESSAGE][PASSED] - Modify property of object successfully

2018-05-16 19:11:57 - [TEST_STEP][PASSED] - Statement - batchqty = com.kms.katalon.core.webui.keyword.WebUiBuiltInKeywords.getAttribute(batch, "value").trim(): Attribute 'value' of object '' is: '39900'

2018-05-16 19:11:57 - [MESSAGE][PASSED] - Attribute 'value' of object '' is: '39900'

2018-05-16 19:11:57 - [TEST_STEP][PASSED] - Statement - Rqty = 100: null

2018-05-16 19:11:57 - [TEST_STEP][PASSED] - delay: Delayed 2 second(s)

2018-05-16 19:11:59 - [MESSAGE][PASSED] - Delayed 2 second(s)

2018-05-16 19:11:59 - [TEST_STEP][PASSED] - Statement - out.println("BatchQty : " + batchqty): null

2018-05-16 19:11:59 - [TEST_STEP][PASSED] - Statement - out.println("RQty : " + Rqty): null

2018-05-16 19:11:59 - [TEST_STEP][PASSED] - Statement - If (java.lang.Integer.valueOf(batchqty) >= java.lang.Integer.valueOf(Rqty)): null

2018-05-16 19:11:59 - [TEST_STEP][PASSED] - Statement - Break: null

2018-05-16 19:11:59 - [TEST_STEP][PASSED] - Statement - batchlength = new com.kms.katalon.core.testobject.TestObject(): null

2018-05-16 19:11:59 - [TEST_STEP][PASSED] - Statement - batchlength = com.kms.katalon.core.webui.keyword.WebUiBuiltInKeywords.modifyObjectProperty(batchlength, "xpath", "equals", "//*[@id = "fldvendor" + row + ""]", true): Modify property of object successfully

2018-05-16 19:11:59 - [MESSAGE][PASSED] - Modify property of object successfully

2018-05-16 19:11:59 - [TEST_STEP][PASSED] - Statement - batchsize = com.kms.katalon.core.webui.keyword.WebUiBuiltInKeywords.getNumberOfTotalOption(batchlength): 7 options of object '' counted

2018-05-16 19:11:59 - [MESSAGE][PASSED] - 7 options of object '' counted

2018-05-16 19:11:59 - [TEST_STEP][PASSED] - Statement - out.println("BatchSize : " + batchsize): null

2018-05-16 19:11:59 - [TEST_STEP][PASSED] - Statement - For ([n = 1, n <= batchsize - 1, (n++)]): null

2018-05-16 19:11:59 - [TEST_STEP][PASSED] - Statement - product = new com.kms.katalon.core.testobject.TestObject(): null

2018-05-16 19:11:59 - [TEST_STEP][PASSED] - Statement - product = com.kms.katalon.core.webui.keyword.WebUiBuiltInKeywords.modifyObjectProperty(product, "xpath", "equals", "//*[@id = "fldvendor" + row + ""]", true): Modify property of object successfully

2018-05-16 19:11:59 - [MESSAGE][PASSED] - Modify property of object successfully

2018-05-16 19:11:59 - [TEST_STEP][PASSED] - selectOptionByIndex: All options with index in [1] are selected on object ''

2018-05-16 19:11:59 - [MESSAGE][PASSED] - All options with index in [1] are selected on object ''

2018-05-16 19:11:59 - [TEST_STEP][PASSED] - Statement - batch = new com.kms.katalon.core.testobject.TestObject(): null

2018-05-16 19:11:59 - [TEST_STEP][PASSED] - Statement - batch = com.kms.katalon.core.webui.keyword.WebUiBuiltInKeywords.modifyObjectProperty(batch, "xpath", "equals", "//*[@id = "txtbthqty" + row + ""]", true): Modify property of object successfully

2018-05-16 19:11:59 - [MESSAGE][PASSED] - Modify property of object successfully

2018-05-16 19:11:59 - [TEST_STEP][PASSED] - Statement - batchqty = com.kms.katalon.core.webui.keyword.WebUiBuiltInKeywords.getAttribute(batch, "value").trim(): Attribute 'value' of object '' is: '39900'

2018-05-16 19:11:59 - [MESSAGE][PASSED] - Attribute 'value' of object '' is: '39900'

2018-05-16 19:11:59 - [TEST_STEP][PASSED] - Statement - Rqty = 100: null

2018-05-16 19:11:59 - [TEST_STEP][PASSED] - delay: Delayed 2 second(s)

2018-05-16 19:12:01 - [MESSAGE][PASSED] - Delayed 2 second(s)

2018-05-16 19:12:01 - [TEST_STEP][PASSED] - Statement - out.println("BatchQty : " + batchqty): null

2018-05-16 19:12:01 - [TEST_STEP][PASSED] - Statement - out.println("RQty : " + Rqty): null

2018-05-16 19:12:01 - [TEST_STEP][PASSED] - Statement - If (java.lang.Integer.valueOf(batchqty) >= java.lang.Integer.valueOf(Rqty)): null

2018-05-16 19:12:01 - [TEST_STEP][PASSED] - Statement - Break: null

2018-05-16 19:12:01 - [TEST_STEP][PASSED] - Statement - batchlength = new com.kms.katalon.core.testobject.TestObject(): null

2018-05-16 19:12:01 - [TEST_STEP][PASSED] - Statement - batchlength = com.kms.katalon.core.webui.keyword.WebUiBuiltInKeywords.modifyObjectProperty(batchlength, "xpath", "equals", "//*[@id = "fldvendor" + row + ""]", true): Modify property of object successfully

2018-05-16 19:12:01 - [MESSAGE][PASSED] - Modify property of object successfully

2018-05-16 19:12:01 - [TEST_STEP][PASSED] - Statement - batchsize = com.kms.katalon.core.webui.keyword.WebUiBuiltInKeywords.getNumberOfTotalOption(batchlength): 7 options of object '' counted

2018-05-16 19:12:01 - [MESSAGE][PASSED] - 7 options of object '' counted

2018-05-16 19:12:01 - [TEST_STEP][PASSED] - Statement - out.println("BatchSize : " + batchsize): null

2018-05-16 19:12:01 - [TEST_STEP][PASSED] - Statement - For ([n = 1, n <= batchsize - 1, (n++)]): null

2018-05-16 19:12:01 - [TEST_STEP][PASSED] - Statement - product = new com.kms.katalon.core.testobject.TestObject(): null

2018-05-16 19:12:01 - [TEST_STEP][PASSED] - Statement - product = com.kms.katalon.core.webui.keyword.WebUiBuiltInKeywords.modifyObjectProperty(product, "xpath", "equals", "//*[@id = "fldvendor" + row + ""]", true): Modify property of object successfully

2018-05-16 19:12:01 - [MESSAGE][PASSED] - Modify property of object successfully

2018-05-16 19:12:01 - [TEST_STEP][PASSED] - selectOptionByIndex: All options with index in [1] are selected on object ''

2018-05-16 19:12:01 - [MESSAGE][PASSED] - All options with index in [1] are selected on object ''

2018-05-16 19:12:01 - [TEST_STEP][PASSED] - Statement - batch = new com.kms.katalon.core.testobject.TestObject(): null

2018-05-16 19:12:01 - [TEST_STEP][PASSED] - Statement - batch = com.kms.katalon.core.webui.keyword.WebUiBuiltInKeywords.modifyObjectProperty(batch, "xpath", "equals", "//*[@id = "txtbthqty" + row + ""]", true): Modify property of object successfully

2018-05-16 19:12:01 - [MESSAGE][PASSED] - Modify property of object successfully

2018-05-16 19:12:01 - [TEST_STEP][PASSED] - Statement - batchqty = com.kms.katalon.core.webui.keyword.WebUiBuiltInKeywords.getAttribute(batch, "value").trim(): Attribute 'value' of object '' is: '39900'

2018-05-16 19:12:01 - [MESSAGE][PASSED] - Attribute 'value' of object '' is: '39900'

2018-05-16 19:12:01 - [TEST_STEP][PASSED] - Statement - Rqty = 100: null

2018-05-16 19:12:01 - [TEST_STEP][PASSED] - delay: Delayed 2 second(s)

2018-05-16 19:12:03 - [MESSAGE][PASSED] - Delayed 2 second(s)

2018-05-16 19:12:03 - [TEST_STEP][PASSED] - Statement - out.println("BatchQty : " + batchqty): null

2018-05-16 19:12:03 - [TEST_STEP][PASSED] - Statement - out.println("RQty : " + Rqty): null

2018-05-16 19:12:03 - [TEST_STEP][PASSED] - Statement - If (java.lang.Integer.valueOf(batchqty) >= java.lang.Integer.valueOf(Rqty)): null

2018-05-16 19:12:03 - [TEST_STEP][PASSED] - Statement - Break: null

2018-05-16 19:12:03 - [TEST_STEP][PASSED] - Statement - batchlength = new com.kms.katalon.core.testobject.TestObject(): null

2018-05-16 19:12:03 - [TEST_STEP][PASSED] - Statement - batchlength = com.kms.katalon.core.webui.keyword.WebUiBuiltInKeywords.modifyObjectProperty(batchlength, "xpath", "equals", "//*[@id = "fldvendor" + row + ""]", true): Modify property of object successfully

2018-05-16 19:12:03 - [MESSAGE][PASSED] - Modify property of object successfully

2018-05-16 19:12:03 - [TEST_STEP][PASSED] - Statement - batchsize = com.kms.katalon.core.webui.keyword.WebUiBuiltInKeywords.getNumberOfTotalOption(batchlength): 7 options of object '' counted

2018-05-16 19:12:03 - [MESSAGE][PASSED] - 7 options of object '' counted

2018-05-16 19:12:03 - [TEST_STEP][PASSED] - Statement - out.println("BatchSize : " + batchsize): null

2018-05-16 19:12:03 - [TEST_STEP][PASSED] - Statement - For ([n = 1, n <= batchsize - 1, (n++)]): null

2018-05-16 19:12:03 - [TEST_STEP][PASSED] - Statement - product = new com.kms.katalon.core.testobject.TestObject(): null

2018-05-16 19:12:03 - [TEST_STEP][PASSED] - Statement - product = com.kms.katalon.core.webui.keyword.WebUiBuiltInKeywords.modifyObjectProperty(product, "xpath", "equals", "//*[@id = "fldvendor" + row + ""]", true): Modify property of object successfully

2018-05-16 19:12:03 - [MESSAGE][PASSED] - Modify property of object successfully

2018-05-16 19:12:03 - [TEST_STEP][PASSED] - selectOptionByIndex: All options with index in [1] are selected on object ''

2018-05-16 19:12:03 - [MESSAGE][PASSED] - All options with index in [1] are selected on object ''

2018-05-16 19:12:03 - [TEST_STEP][PASSED] - Statement - batch = new com.kms.katalon.core.testobject.TestObject(): null

2018-05-16 19:12:03 - [TEST_STEP][PASSED] - Statement - batch = com.kms.katalon.core.webui.keyword.WebUiBuiltInKeywords.modifyObjectProperty(batch, "xpath", "equals", "//*[@id = "txtbthqty" + row + ""]", true): Modify property of object successfully

2018-05-16 19:12:03 - [MESSAGE][PASSED] - Modify property of object successfully

2018-05-16 19:12:03 - [TEST_STEP][PASSED] - Statement - batchqty = com.kms.katalon.core.webui.keyword.WebUiBuiltInKeywords.getAttribute(batch, "value").trim(): Attribute 'value' of object '' is: '4900'

2018-05-16 19:12:03 - [MESSAGE][PASSED] - Attribute 'value' of object '' is: '4900'

2018-05-16 19:12:03 - [TEST_STEP][PASSED] - Statement - Rqty = 100: null

2018-05-16 19:12:03 - [TEST_STEP][PASSED] - delay: Delayed 2 second(s)

2018-05-16 19:12:05 - [MESSAGE][PASSED] - Delayed 2 second(s)

2018-05-16 19:12:05 - [TEST_STEP][PASSED] - Statement - out.println("BatchQty : " + batchqty): null

2018-05-16 19:12:05 - [TEST_STEP][PASSED] - Statement - out.println("RQty : " + Rqty): null

2018-05-16 19:12:05 - [TEST_STEP][PASSED] - Statement - If (java.lang.Integer.valueOf(batchqty) >= java.lang.Integer.valueOf(Rqty)): null

2018-05-16 19:12:05 - [TEST_STEP][PASSED] - Statement - Break: null

2018-05-16 19:12:05 - [TEST_STEP][PASSED] - click: Object: 'Object Repository/store Request Schedule 1/Page_KDMC - CMS/input_btndispatch' is clicked on

2018-05-16 19:12:06 - [MESSAGE][PASSED] - Object: 'Object Repository/store Request Schedule 1/Page_KDMC - CMS/input_btndispatch' is clicked on

2018-05-16 19:12:06 - [TEST_STEP][PASSED] - delay: Delayed 3 second(s)

2018-05-16 19:12:09 - [MESSAGE][PASSED] - Delayed 3 second(s)

2018-05-16 19:12:09 - [TEST_STEP][PASSED] - click: Object: 'Object Repository/store Request Schedule 1/Page_KDMC - CMS/button_OK' is clicked on

2018-05-16 19:12:09 - [MESSAGE][PASSED] - Object: 'Object Repository/store Request Schedule 1/Page_KDMC - CMS/button_OK' is clicked on

2018-05-16 19:12:09 - [TEST_STEP][PASSED] - delay: Delayed 3 second(s)

2018-05-16 19:12:12 - [MESSAGE][PASSED] - Delayed 3 second(s)

2018-05-16 19:12:12 - [TEST_STEP][PASSED] - click: Object: 'Object Repository/store Request Schedule 1/Page_KDMC - CMS/a_dropdown-toggle' is clicked on

2018-05-16 19:12:12 - [MESSAGE][PASSED] - Object: 'Object Repository/store Request Schedule 1/Page_KDMC - CMS/a_dropdown-toggle' is clicked on

2018-05-16 19:12:12 - [TEST_STEP][PASSED] - click: Object: 'Object Repository/store Request Schedule 1/Page_KDMC - CMS/a_Sign out' is clicked on

2018-05-16 19:12:13 - [MESSAGE][PASSED] - Object: 'Object Repository/store Request Schedule 1/Page_KDMC - CMS/a_Sign out' is clicked on

2018-05-16 19:12:13 - [TEST_STEP][PASSED] - delay: Delayed 3 second(s)

2018-05-16 19:12:16 - [MESSAGE][PASSED] - Delayed 3 second(s)

2018-05-16 19:12:16 - [TEST_STEP][PASSED] - click: Object: 'Object Repository/Store Request Schedule 1/Page_KDMC/a_Divisional Store' is clicked on

2018-05-16 19:12:16 - [MESSAGE][PASSED] - Object: 'Object Repository/Store Request Schedule 1/Page_KDMC/a_Divisional Store' is clicked on

2018-05-16 19:12:16 - [TEST_STEP][PASSED] - setText: Text 'ragu' is set on object 'Object Repository/Store Request Schedule 1/Page_Divisonal Store Login/input_txtusername'

2018-05-16 19:12:16 - [MESSAGE][PASSED] - Text 'ragu' is set on object 'Object Repository/Store Request Schedule 1/Page_Divisonal Store Login/input_txtusername'

2018-05-16 19:12:16 - [TEST_STEP][PASSED] - setText: Text '123' is set on object 'Object Repository/Store Request Schedule 1/Page_Divisonal Store Login/input_txtpassword'

2018-05-16 19:12:16 - [MESSAGE][PASSED] - Text '123' is set on object 'Object Repository/Store Request Schedule 1/Page_Divisonal Store Login/input_txtpassword'

2018-05-16 19:12:16 - [TEST_STEP][PASSED] - delay: Delayed 3 second(s)

2018-05-16 19:12:19 - [MESSAGE][PASSED] - Delayed 3 second(s)

2018-05-16 19:12:19 - [TEST_STEP][PASSED] - click: Object: 'Object Repository/Store Request Schedule 1/Page_Divisonal Store Login/button_Sign in' is clicked on

2018-05-16 19:12:20 - [MESSAGE][PASSED] - Object: 'Object Repository/Store Request Schedule 1/Page_Divisonal Store Login/button_Sign in' is clicked on

2018-05-16 19:12:20 - [TEST_STEP][PASSED] - delay: Delayed 3 second(s)

2018-05-16 19:12:23 - [MESSAGE][PASSED] - Delayed 3 second(s)

2018-05-16 19:12:23 - [TEST_STEP][PASSED] - click: Object: 'Object Repository/Store Request Schedule 1/Page_Store/a_CMS' is clicked on

2018-05-16 19:12:23 - [MESSAGE][PASSED] - Object: 'Object Repository/Store Request Schedule 1/Page_Store/a_CMS' is clicked on

2018-05-16 19:12:23 - [TEST_STEP][PASSED] - delay: Delayed 2 second(s)

2018-05-16 19:12:25 - [MESSAGE][PASSED] - Delayed 2 second(s)

2018-05-16 19:12:25 - [TEST_STEP][PASSED] - click: Object: 'Object Repository/Store Request Schedule 1/Page_Store/a_Receiving Goods' is clicked on

2018-05-16 19:12:26 - [MESSAGE][PASSED] - Object: 'Object Repository/Store Request Schedule 1/Page_Store/a_Receiving Goods' is clicked on

2018-05-16 19:12:26 - [TEST_STEP][PASSED] - setText: Text 'PRNO/16052018/168' is set on object 'Object Repository/Store Request Schedule 1/Page_Store/input'

2018-05-16 19:12:26 - [MESSAGE][PASSED] - Text 'PRNO/16052018/168' is set on object 'Object Repository/Store Request Schedule 1/Page_Store/input'

2018-05-16 19:12:26 - [TEST_STEP][PASSED] - click: Object: 'Object Repository/Store Request Schedule 1/Page_Store/input_btn btn-primary' is clicked on

2018-05-16 19:12:26 - [MESSAGE][PASSED] - Object: 'Object Repository/Store Request Schedule 1/Page_Store/input_btn btn-primary' is clicked on

2018-05-16 19:12:26 - [TEST_STEP][PASSED] - delay: Delayed 2 second(s)

2018-05-16 19:12:28 - [MESSAGE][PASSED] - Delayed 2 second(s)

2018-05-16 19:12:28 - [TEST_STEP][PASSED] - click: Object: 'Object Repository/Store Request Schedule 1/Page_Store/input_chkrem' is clicked on

2018-05-16 19:12:28 - [MESSAGE][PASSED] - Object: 'Object Repository/Store Request Schedule 1/Page_Store/input_chkrem' is clicked on

2018-05-16 19:12:28 - [TEST_STEP][PASSED] - scrollToElement: Scroll to object 'Object Repository/Store Request Schedule 1/Page_Store/input_btchkroqadd' successfully

2018-05-16 19:12:28 - [MESSAGE][PASSED] - Scroll to object 'Object Repository/Store Request Schedule 1/Page_Store/input_btchkroqadd' successfully

2018-05-16 19:12:28 - [TEST_STEP][PASSED] - click: Object: 'Object Repository/Store Request Schedule 1/Page_Store/input_btchkroqadd' is clicked on

2018-05-16 19:12:28 - [MESSAGE][PASSED] - Object: 'Object Repository/Store Request Schedule 1/Page_Store/input_btchkroqadd' is clicked on

2018-05-16 19:12:28 - [TEST_STEP][PASSED] - delay: Delayed 2 second(s)

2018-05-16 19:12:30 - [MESSAGE][PASSED] - Delayed 2 second(s)

2018-05-16 19:12:30 - [TEST_STEP][PASSED] - refresh: Refresh successfully

2018-05-16 19:12:31 - [MESSAGE][PASSED] - Refresh successfully

2018-05-16 19:12:31 - [TEST_STEP][PASSED] - delay: Delayed 3 second(s)

2018-05-16 19:12:34 - [MESSAGE][PASSED] - Delayed 3 second(s)

2018-05-16 19:12:34 - [TEST_STEP][PASSED] - click: Object: 'Object Repository/Store Request Schedule 1/Page_Store/a_dropdown-toggle' is clicked on

2018-05-16 19:12:34 - [MESSAGE][PASSED] - Object: 'Object Repository/Store Request Schedule 1/Page_Store/a_dropdown-toggle' is clicked on

2018-05-16 19:12:34 - [TEST_STEP][PASSED] - click: Object: 'Object Repository/Store Request Schedule 1/Page_Store/a_Sign out' is clicked on

2018-05-16 19:12:35 - [MESSAGE][PASSED] - Object: 'Object Repository/Store Request Schedule 1/Page_Store/a_Sign out' is clicked on

2018-05-16 19:12:35 - [TEST_STEP][PASSED] - closeBrowser: Browser is closed

2018-05-16 19:12:35 - [MESSAGE][PASSED] - Browser is closed

2018-05-16 19:12:35 - [TEST_STEP][PASSED] - Statement - out.println("Schedule 7 STORE Request Are Working Successfully"): null]]></system-out>
         <system-err><![CDATA[]]></system-err>
      </testcase>
      <testcase name="Test Cases/STORE TO CMS REQUEST TEST CASES/TC_STCMS_008 To Verify Schedule 8 Store To CMS Request Are Working Successfully Or Not" classname="Test Cases/STORE TO CMS REQUEST TEST CASES/TC_STCMS_008 To Verify Schedule 8 Store To CMS Request Are Working Successfully Or Not" status="PASSED">
         <system-out><![CDATA[2018-05-16 19:12:35 - [TEST_CASE][PASSED] - Test Cases/STORE TO CMS REQUEST TEST CASES/TC_STCMS_008 To Verify Schedule 8 Store To CMS Request Are Working Successfully Or Not: Test Cases/STORE TO CMS REQUEST TEST CASES/TC_STCMS_008 To Verify Schedule 8 Store To CMS Request Are Working Successfully Or Not

2018-05-16 19:12:36 - [TEST_STEP][PASSED] - openBrowser: Browser is opened with url: ''

2018-05-16 19:12:38 - [MESSAGE][PASSED] - Browser is opened with url: ''

2018-05-16 19:12:38 - [TEST_STEP][PASSED] - Statement - out.println("Verify Schedule 8 STORE Request Are Working Successfully Or Not"): null

2018-05-16 19:12:38 - [TEST_STEP][PASSED] - navigateToUrl: Navigate to 'http://192.168.137.1/multihospital_new/' successfully

2018-05-16 19:12:39 - [MESSAGE][PASSED] - Navigate to 'http://192.168.137.1/multihospital_new/' successfully

2018-05-16 19:12:39 - [TEST_STEP][PASSED] - maximizeWindow: Current window maximized

2018-05-16 19:12:40 - [MESSAGE][PASSED] - Current window maximized

2018-05-16 19:12:40 - [TEST_STEP][PASSED] - click: Object: 'Object Repository/Store Request Schedule 1/Page_KDMC/a_Divisional Store' is clicked on

2018-05-16 19:12:41 - [MESSAGE][PASSED] - Object: 'Object Repository/Store Request Schedule 1/Page_KDMC/a_Divisional Store' is clicked on

2018-05-16 19:12:41 - [TEST_STEP][PASSED] - setText: Text 'ragu' is set on object 'Object Repository/Store Request Schedule 1/Page_Divisonal Store Login/input_txtusername'

2018-05-16 19:12:41 - [MESSAGE][PASSED] - Text 'ragu' is set on object 'Object Repository/Store Request Schedule 1/Page_Divisonal Store Login/input_txtusername'

2018-05-16 19:12:41 - [TEST_STEP][PASSED] - setText: Text '123' is set on object 'Object Repository/Store Request Schedule 1/Page_Divisonal Store Login/input_txtpassword'

2018-05-16 19:12:41 - [MESSAGE][PASSED] - Text '123' is set on object 'Object Repository/Store Request Schedule 1/Page_Divisonal Store Login/input_txtpassword'

2018-05-16 19:12:41 - [TEST_STEP][PASSED] - delay: Delayed 3 second(s)

2018-05-16 19:12:44 - [MESSAGE][PASSED] - Delayed 3 second(s)

2018-05-16 19:12:44 - [TEST_STEP][PASSED] - click: Object: 'Object Repository/Store Request Schedule 1/Page_Divisonal Store Login/button_Sign in' is clicked on

2018-05-16 19:12:46 - [MESSAGE][PASSED] - Object: 'Object Repository/Store Request Schedule 1/Page_Divisonal Store Login/button_Sign in' is clicked on

2018-05-16 19:12:46 - [TEST_STEP][PASSED] - delay: Delayed 3 second(s)

2018-05-16 19:12:49 - [MESSAGE][PASSED] - Delayed 3 second(s)

2018-05-16 19:12:49 - [TEST_STEP][PASSED] - click: Object: 'Object Repository/Store Request Schedule 1/Page_Store/a_CMS' is clicked on

2018-05-16 19:12:49 - [MESSAGE][PASSED] - Object: 'Object Repository/Store Request Schedule 1/Page_Store/a_CMS' is clicked on

2018-05-16 19:12:49 - [TEST_STEP][PASSED] - delay: Delayed 2 second(s)

2018-05-16 19:12:51 - [MESSAGE][PASSED] - Delayed 2 second(s)

2018-05-16 19:12:51 - [TEST_STEP][PASSED] - click: Object: 'Object Repository/Store Request Schedule 1/Page_Store/a_Request Send' is clicked on

2018-05-16 19:12:52 - [MESSAGE][PASSED] - Object: 'Object Repository/Store Request Schedule 1/Page_Store/a_Request Send' is clicked on

2018-05-16 19:12:52 - [TEST_STEP][PASSED] - selectOptionByIndex: All options with index in [1] are selected on object 'Object Repository/Store Request Schedule 1/Page_Store/select_--Select--'

2018-05-16 19:12:52 - [MESSAGE][PASSED] - All options with index in [1] are selected on object 'Object Repository/Store Request Schedule 1/Page_Store/select_--Select--'

2018-05-16 19:12:52 - [TEST_STEP][PASSED] - selectOptionByIndex: All options with index in [8] are selected on object 'Object Repository/Store Request Schedule 1/Page_Store/select_--Select--Schedule 1Inj'

2018-05-16 19:12:52 - [MESSAGE][PASSED] - All options with index in [8] are selected on object 'Object Repository/Store Request Schedule 1/Page_Store/select_--Select--Schedule 1Inj'

2018-05-16 19:12:52 - [TEST_STEP][PASSED] - Statement - SelectedOptions = com.kms.katalon.core.webui.keyword.WebUiBuiltInKeywords.getNumberOfTotalOption(com.kms.katalon.core.testobject.ObjectRepository.findTestObject(Store Request Schedule 1/Page_Store/select_--Select--Adernaline 0.)): 18 options of object 'Object Repository/Store Request Schedule 1/Page_Store/select_--Select--Adernaline 0.' counted

2018-05-16 19:12:52 - [MESSAGE][PASSED] - 18 options of object 'Object Repository/Store Request Schedule 1/Page_Store/select_--Select--Adernaline 0.' counted

2018-05-16 19:12:52 - [TEST_STEP][PASSED] - Statement - For ([y = 1, y < SelectedOptions, (y++)]): Object: 'Object Repository/Store Request Schedule 1/Page_Store/button_Add' is clicked on

2018-05-16 19:12:52 - [TEST_STEP][PASSED] - selectOptionByIndex: All options with index in [8] are selected on object 'Object Repository/Store Request Schedule 1/Page_Store/select_--Select--Schedule 1Inj'

2018-05-16 19:12:52 - [MESSAGE][PASSED] - All options with index in [8] are selected on object 'Object Repository/Store Request Schedule 1/Page_Store/select_--Select--Schedule 1Inj'

2018-05-16 19:12:52 - [TEST_STEP][PASSED] - delay: Delayed 1 second(s)

2018-05-16 19:12:53 - [MESSAGE][PASSED] - Delayed 1 second(s)

2018-05-16 19:12:53 - [TEST_STEP][PASSED] - selectOptionByIndex: All options with index in [1] are selected on object 'Object Repository/Store Request Schedule 1/Page_Store/select_--Select--Adernaline 0.'

2018-05-16 19:12:53 - [MESSAGE][PASSED] - All options with index in [1] are selected on object 'Object Repository/Store Request Schedule 1/Page_Store/select_--Select--Adernaline 0.'

2018-05-16 19:12:53 - [TEST_STEP][PASSED] - setText: Text '100' is set on object 'Object Repository/Store Request Schedule 1/Page_Store/input_txttreat'

2018-05-16 19:12:53 - [MESSAGE][PASSED] - Text '100' is set on object 'Object Repository/Store Request Schedule 1/Page_Store/input_txttreat'

2018-05-16 19:12:53 - [TEST_STEP][PASSED] - click: Object: 'Object Repository/Store Request Schedule 1/Page_Store/button_Add' is clicked on

2018-05-16 19:12:53 - [MESSAGE][PASSED] - Object: 'Object Repository/Store Request Schedule 1/Page_Store/button_Add' is clicked on

2018-05-16 19:12:53 - [TEST_STEP][PASSED] - selectOptionByIndex: All options with index in [8] are selected on object 'Object Repository/Store Request Schedule 1/Page_Store/select_--Select--Schedule 1Inj'

2018-05-16 19:12:54 - [MESSAGE][PASSED] - All options with index in [8] are selected on object 'Object Repository/Store Request Schedule 1/Page_Store/select_--Select--Schedule 1Inj'

2018-05-16 19:12:54 - [TEST_STEP][PASSED] - delay: Delayed 1 second(s)

2018-05-16 19:12:55 - [MESSAGE][PASSED] - Delayed 1 second(s)

2018-05-16 19:12:55 - [TEST_STEP][PASSED] - selectOptionByIndex: All options with index in [2] are selected on object 'Object Repository/Store Request Schedule 1/Page_Store/select_--Select--Adernaline 0.'

2018-05-16 19:12:55 - [MESSAGE][PASSED] - All options with index in [2] are selected on object 'Object Repository/Store Request Schedule 1/Page_Store/select_--Select--Adernaline 0.'

2018-05-16 19:12:55 - [TEST_STEP][PASSED] - setText: Text '100' is set on object 'Object Repository/Store Request Schedule 1/Page_Store/input_txttreat'

2018-05-16 19:12:55 - [MESSAGE][PASSED] - Text '100' is set on object 'Object Repository/Store Request Schedule 1/Page_Store/input_txttreat'

2018-05-16 19:12:55 - [TEST_STEP][PASSED] - click: Object: 'Object Repository/Store Request Schedule 1/Page_Store/button_Add' is clicked on

2018-05-16 19:12:55 - [MESSAGE][PASSED] - Object: 'Object Repository/Store Request Schedule 1/Page_Store/button_Add' is clicked on

2018-05-16 19:12:55 - [TEST_STEP][PASSED] - selectOptionByIndex: All options with index in [8] are selected on object 'Object Repository/Store Request Schedule 1/Page_Store/select_--Select--Schedule 1Inj'

2018-05-16 19:12:55 - [MESSAGE][PASSED] - All options with index in [8] are selected on object 'Object Repository/Store Request Schedule 1/Page_Store/select_--Select--Schedule 1Inj'

2018-05-16 19:12:55 - [TEST_STEP][PASSED] - delay: Delayed 1 second(s)

2018-05-16 19:12:56 - [MESSAGE][PASSED] - Delayed 1 second(s)

2018-05-16 19:12:56 - [TEST_STEP][PASSED] - selectOptionByIndex: All options with index in [3] are selected on object 'Object Repository/Store Request Schedule 1/Page_Store/select_--Select--Adernaline 0.'

2018-05-16 19:12:56 - [MESSAGE][PASSED] - All options with index in [3] are selected on object 'Object Repository/Store Request Schedule 1/Page_Store/select_--Select--Adernaline 0.'

2018-05-16 19:12:56 - [TEST_STEP][PASSED] - setText: Text '100' is set on object 'Object Repository/Store Request Schedule 1/Page_Store/input_txttreat'

2018-05-16 19:12:56 - [MESSAGE][PASSED] - Text '100' is set on object 'Object Repository/Store Request Schedule 1/Page_Store/input_txttreat'

2018-05-16 19:12:56 - [TEST_STEP][PASSED] - click: Object: 'Object Repository/Store Request Schedule 1/Page_Store/button_Add' is clicked on

2018-05-16 19:12:56 - [MESSAGE][PASSED] - Object: 'Object Repository/Store Request Schedule 1/Page_Store/button_Add' is clicked on

2018-05-16 19:12:56 - [TEST_STEP][PASSED] - selectOptionByIndex: All options with index in [8] are selected on object 'Object Repository/Store Request Schedule 1/Page_Store/select_--Select--Schedule 1Inj'

2018-05-16 19:12:57 - [MESSAGE][PASSED] - All options with index in [8] are selected on object 'Object Repository/Store Request Schedule 1/Page_Store/select_--Select--Schedule 1Inj'

2018-05-16 19:12:57 - [TEST_STEP][PASSED] - delay: Delayed 1 second(s)

2018-05-16 19:12:58 - [MESSAGE][PASSED] - Delayed 1 second(s)

2018-05-16 19:12:58 - [TEST_STEP][PASSED] - selectOptionByIndex: All options with index in [4] are selected on object 'Object Repository/Store Request Schedule 1/Page_Store/select_--Select--Adernaline 0.'

2018-05-16 19:12:58 - [MESSAGE][PASSED] - All options with index in [4] are selected on object 'Object Repository/Store Request Schedule 1/Page_Store/select_--Select--Adernaline 0.'

2018-05-16 19:12:58 - [TEST_STEP][PASSED] - setText: Text '100' is set on object 'Object Repository/Store Request Schedule 1/Page_Store/input_txttreat'

2018-05-16 19:12:58 - [MESSAGE][PASSED] - Text '100' is set on object 'Object Repository/Store Request Schedule 1/Page_Store/input_txttreat'

2018-05-16 19:12:58 - [TEST_STEP][PASSED] - click: Object: 'Object Repository/Store Request Schedule 1/Page_Store/button_Add' is clicked on

2018-05-16 19:12:58 - [MESSAGE][PASSED] - Object: 'Object Repository/Store Request Schedule 1/Page_Store/button_Add' is clicked on

2018-05-16 19:12:58 - [TEST_STEP][PASSED] - selectOptionByIndex: All options with index in [8] are selected on object 'Object Repository/Store Request Schedule 1/Page_Store/select_--Select--Schedule 1Inj'

2018-05-16 19:12:58 - [MESSAGE][PASSED] - All options with index in [8] are selected on object 'Object Repository/Store Request Schedule 1/Page_Store/select_--Select--Schedule 1Inj'

2018-05-16 19:12:58 - [TEST_STEP][PASSED] - delay: Delayed 1 second(s)

2018-05-16 19:12:59 - [MESSAGE][PASSED] - Delayed 1 second(s)

2018-05-16 19:12:59 - [TEST_STEP][PASSED] - selectOptionByIndex: All options with index in [5] are selected on object 'Object Repository/Store Request Schedule 1/Page_Store/select_--Select--Adernaline 0.'

2018-05-16 19:12:59 - [MESSAGE][PASSED] - All options with index in [5] are selected on object 'Object Repository/Store Request Schedule 1/Page_Store/select_--Select--Adernaline 0.'

2018-05-16 19:12:59 - [TEST_STEP][PASSED] - setText: Text '100' is set on object 'Object Repository/Store Request Schedule 1/Page_Store/input_txttreat'

2018-05-16 19:12:59 - [MESSAGE][PASSED] - Text '100' is set on object 'Object Repository/Store Request Schedule 1/Page_Store/input_txttreat'

2018-05-16 19:12:59 - [TEST_STEP][PASSED] - click: Object: 'Object Repository/Store Request Schedule 1/Page_Store/button_Add' is clicked on

2018-05-16 19:12:59 - [MESSAGE][PASSED] - Object: 'Object Repository/Store Request Schedule 1/Page_Store/button_Add' is clicked on

2018-05-16 19:12:59 - [TEST_STEP][PASSED] - selectOptionByIndex: All options with index in [8] are selected on object 'Object Repository/Store Request Schedule 1/Page_Store/select_--Select--Schedule 1Inj'

2018-05-16 19:13:00 - [MESSAGE][PASSED] - All options with index in [8] are selected on object 'Object Repository/Store Request Schedule 1/Page_Store/select_--Select--Schedule 1Inj'

2018-05-16 19:13:00 - [TEST_STEP][PASSED] - delay: Delayed 1 second(s)

2018-05-16 19:13:01 - [MESSAGE][PASSED] - Delayed 1 second(s)

2018-05-16 19:13:01 - [TEST_STEP][PASSED] - selectOptionByIndex: All options with index in [6] are selected on object 'Object Repository/Store Request Schedule 1/Page_Store/select_--Select--Adernaline 0.'

2018-05-16 19:13:01 - [MESSAGE][PASSED] - All options with index in [6] are selected on object 'Object Repository/Store Request Schedule 1/Page_Store/select_--Select--Adernaline 0.'

2018-05-16 19:13:01 - [TEST_STEP][PASSED] - setText: Text '100' is set on object 'Object Repository/Store Request Schedule 1/Page_Store/input_txttreat'

2018-05-16 19:13:01 - [MESSAGE][PASSED] - Text '100' is set on object 'Object Repository/Store Request Schedule 1/Page_Store/input_txttreat'

2018-05-16 19:13:01 - [TEST_STEP][PASSED] - click: Object: 'Object Repository/Store Request Schedule 1/Page_Store/button_Add' is clicked on

2018-05-16 19:13:01 - [MESSAGE][PASSED] - Object: 'Object Repository/Store Request Schedule 1/Page_Store/button_Add' is clicked on

2018-05-16 19:13:01 - [TEST_STEP][PASSED] - selectOptionByIndex: All options with index in [8] are selected on object 'Object Repository/Store Request Schedule 1/Page_Store/select_--Select--Schedule 1Inj'

2018-05-16 19:13:01 - [MESSAGE][PASSED] - All options with index in [8] are selected on object 'Object Repository/Store Request Schedule 1/Page_Store/select_--Select--Schedule 1Inj'

2018-05-16 19:13:01 - [TEST_STEP][PASSED] - delay: Delayed 1 second(s)

2018-05-16 19:13:02 - [MESSAGE][PASSED] - Delayed 1 second(s)

2018-05-16 19:13:02 - [TEST_STEP][PASSED] - selectOptionByIndex: All options with index in [7] are selected on object 'Object Repository/Store Request Schedule 1/Page_Store/select_--Select--Adernaline 0.'

2018-05-16 19:13:02 - [MESSAGE][PASSED] - All options with index in [7] are selected on object 'Object Repository/Store Request Schedule 1/Page_Store/select_--Select--Adernaline 0.'

2018-05-16 19:13:02 - [TEST_STEP][PASSED] - setText: Text '100' is set on object 'Object Repository/Store Request Schedule 1/Page_Store/input_txttreat'

2018-05-16 19:13:02 - [MESSAGE][PASSED] - Text '100' is set on object 'Object Repository/Store Request Schedule 1/Page_Store/input_txttreat'

2018-05-16 19:13:02 - [TEST_STEP][PASSED] - click: Object: 'Object Repository/Store Request Schedule 1/Page_Store/button_Add' is clicked on

2018-05-16 19:13:02 - [MESSAGE][PASSED] - Object: 'Object Repository/Store Request Schedule 1/Page_Store/button_Add' is clicked on

2018-05-16 19:13:02 - [TEST_STEP][PASSED] - selectOptionByIndex: All options with index in [8] are selected on object 'Object Repository/Store Request Schedule 1/Page_Store/select_--Select--Schedule 1Inj'

2018-05-16 19:13:03 - [MESSAGE][PASSED] - All options with index in [8] are selected on object 'Object Repository/Store Request Schedule 1/Page_Store/select_--Select--Schedule 1Inj'

2018-05-16 19:13:03 - [TEST_STEP][PASSED] - delay: Delayed 1 second(s)

2018-05-16 19:13:04 - [MESSAGE][PASSED] - Delayed 1 second(s)

2018-05-16 19:13:04 - [TEST_STEP][PASSED] - selectOptionByIndex: All options with index in [8] are selected on object 'Object Repository/Store Request Schedule 1/Page_Store/select_--Select--Adernaline 0.'

2018-05-16 19:13:04 - [MESSAGE][PASSED] - All options with index in [8] are selected on object 'Object Repository/Store Request Schedule 1/Page_Store/select_--Select--Adernaline 0.'

2018-05-16 19:13:04 - [TEST_STEP][PASSED] - setText: Text '100' is set on object 'Object Repository/Store Request Schedule 1/Page_Store/input_txttreat'

2018-05-16 19:13:04 - [MESSAGE][PASSED] - Text '100' is set on object 'Object Repository/Store Request Schedule 1/Page_Store/input_txttreat'

2018-05-16 19:13:04 - [TEST_STEP][PASSED] - click: Object: 'Object Repository/Store Request Schedule 1/Page_Store/button_Add' is clicked on

2018-05-16 19:13:04 - [MESSAGE][PASSED] - Object: 'Object Repository/Store Request Schedule 1/Page_Store/button_Add' is clicked on

2018-05-16 19:13:04 - [TEST_STEP][PASSED] - selectOptionByIndex: All options with index in [8] are selected on object 'Object Repository/Store Request Schedule 1/Page_Store/select_--Select--Schedule 1Inj'

2018-05-16 19:13:04 - [MESSAGE][PASSED] - All options with index in [8] are selected on object 'Object Repository/Store Request Schedule 1/Page_Store/select_--Select--Schedule 1Inj'

2018-05-16 19:13:04 - [TEST_STEP][PASSED] - delay: Delayed 1 second(s)

2018-05-16 19:13:05 - [MESSAGE][PASSED] - Delayed 1 second(s)

2018-05-16 19:13:05 - [TEST_STEP][PASSED] - selectOptionByIndex: All options with index in [9] are selected on object 'Object Repository/Store Request Schedule 1/Page_Store/select_--Select--Adernaline 0.'

2018-05-16 19:13:05 - [MESSAGE][PASSED] - All options with index in [9] are selected on object 'Object Repository/Store Request Schedule 1/Page_Store/select_--Select--Adernaline 0.'

2018-05-16 19:13:05 - [TEST_STEP][PASSED] - setText: Text '100' is set on object 'Object Repository/Store Request Schedule 1/Page_Store/input_txttreat'

2018-05-16 19:13:05 - [MESSAGE][PASSED] - Text '100' is set on object 'Object Repository/Store Request Schedule 1/Page_Store/input_txttreat'

2018-05-16 19:13:05 - [TEST_STEP][PASSED] - click: Object: 'Object Repository/Store Request Schedule 1/Page_Store/button_Add' is clicked on

2018-05-16 19:13:05 - [MESSAGE][PASSED] - Object: 'Object Repository/Store Request Schedule 1/Page_Store/button_Add' is clicked on

2018-05-16 19:13:05 - [TEST_STEP][PASSED] - selectOptionByIndex: All options with index in [8] are selected on object 'Object Repository/Store Request Schedule 1/Page_Store/select_--Select--Schedule 1Inj'

2018-05-16 19:13:06 - [MESSAGE][PASSED] - All options with index in [8] are selected on object 'Object Repository/Store Request Schedule 1/Page_Store/select_--Select--Schedule 1Inj'

2018-05-16 19:13:06 - [TEST_STEP][PASSED] - delay: Delayed 1 second(s)

2018-05-16 19:13:07 - [MESSAGE][PASSED] - Delayed 1 second(s)

2018-05-16 19:13:07 - [TEST_STEP][PASSED] - selectOptionByIndex: All options with index in [10] are selected on object 'Object Repository/Store Request Schedule 1/Page_Store/select_--Select--Adernaline 0.'

2018-05-16 19:13:07 - [MESSAGE][PASSED] - All options with index in [10] are selected on object 'Object Repository/Store Request Schedule 1/Page_Store/select_--Select--Adernaline 0.'

2018-05-16 19:13:07 - [TEST_STEP][PASSED] - setText: Text '100' is set on object 'Object Repository/Store Request Schedule 1/Page_Store/input_txttreat'

2018-05-16 19:13:07 - [MESSAGE][PASSED] - Text '100' is set on object 'Object Repository/Store Request Schedule 1/Page_Store/input_txttreat'

2018-05-16 19:13:07 - [TEST_STEP][PASSED] - click: Object: 'Object Repository/Store Request Schedule 1/Page_Store/button_Add' is clicked on

2018-05-16 19:13:07 - [MESSAGE][PASSED] - Object: 'Object Repository/Store Request Schedule 1/Page_Store/button_Add' is clicked on

2018-05-16 19:13:07 - [TEST_STEP][PASSED] - selectOptionByIndex: All options with index in [8] are selected on object 'Object Repository/Store Request Schedule 1/Page_Store/select_--Select--Schedule 1Inj'

2018-05-16 19:13:07 - [MESSAGE][PASSED] - All options with index in [8] are selected on object 'Object Repository/Store Request Schedule 1/Page_Store/select_--Select--Schedule 1Inj'

2018-05-16 19:13:07 - [TEST_STEP][PASSED] - delay: Delayed 1 second(s)

2018-05-16 19:13:08 - [MESSAGE][PASSED] - Delayed 1 second(s)

2018-05-16 19:13:08 - [TEST_STEP][PASSED] - selectOptionByIndex: All options with index in [11] are selected on object 'Object Repository/Store Request Schedule 1/Page_Store/select_--Select--Adernaline 0.'

2018-05-16 19:13:08 - [MESSAGE][PASSED] - All options with index in [11] are selected on object 'Object Repository/Store Request Schedule 1/Page_Store/select_--Select--Adernaline 0.'

2018-05-16 19:13:08 - [TEST_STEP][PASSED] - setText: Text '100' is set on object 'Object Repository/Store Request Schedule 1/Page_Store/input_txttreat'

2018-05-16 19:13:09 - [MESSAGE][PASSED] - Text '100' is set on object 'Object Repository/Store Request Schedule 1/Page_Store/input_txttreat'

2018-05-16 19:13:09 - [TEST_STEP][PASSED] - click: Object: 'Object Repository/Store Request Schedule 1/Page_Store/button_Add' is clicked on

2018-05-16 19:13:09 - [MESSAGE][PASSED] - Object: 'Object Repository/Store Request Schedule 1/Page_Store/button_Add' is clicked on

2018-05-16 19:13:09 - [TEST_STEP][PASSED] - selectOptionByIndex: All options with index in [8] are selected on object 'Object Repository/Store Request Schedule 1/Page_Store/select_--Select--Schedule 1Inj'

2018-05-16 19:13:09 - [MESSAGE][PASSED] - All options with index in [8] are selected on object 'Object Repository/Store Request Schedule 1/Page_Store/select_--Select--Schedule 1Inj'

2018-05-16 19:13:09 - [TEST_STEP][PASSED] - delay: Delayed 1 second(s)

2018-05-16 19:13:10 - [MESSAGE][PASSED] - Delayed 1 second(s)

2018-05-16 19:13:10 - [TEST_STEP][PASSED] - selectOptionByIndex: All options with index in [12] are selected on object 'Object Repository/Store Request Schedule 1/Page_Store/select_--Select--Adernaline 0.'

2018-05-16 19:13:10 - [MESSAGE][PASSED] - All options with index in [12] are selected on object 'Object Repository/Store Request Schedule 1/Page_Store/select_--Select--Adernaline 0.'

2018-05-16 19:13:10 - [TEST_STEP][PASSED] - setText: Text '100' is set on object 'Object Repository/Store Request Schedule 1/Page_Store/input_txttreat'

2018-05-16 19:13:10 - [MESSAGE][PASSED] - Text '100' is set on object 'Object Repository/Store Request Schedule 1/Page_Store/input_txttreat'

2018-05-16 19:13:10 - [TEST_STEP][PASSED] - click: Object: 'Object Repository/Store Request Schedule 1/Page_Store/button_Add' is clicked on

2018-05-16 19:13:10 - [MESSAGE][PASSED] - Object: 'Object Repository/Store Request Schedule 1/Page_Store/button_Add' is clicked on

2018-05-16 19:13:10 - [TEST_STEP][PASSED] - selectOptionByIndex: All options with index in [8] are selected on object 'Object Repository/Store Request Schedule 1/Page_Store/select_--Select--Schedule 1Inj'

2018-05-16 19:13:10 - [MESSAGE][PASSED] - All options with index in [8] are selected on object 'Object Repository/Store Request Schedule 1/Page_Store/select_--Select--Schedule 1Inj'

2018-05-16 19:13:10 - [TEST_STEP][PASSED] - delay: Delayed 1 second(s)

2018-05-16 19:13:11 - [MESSAGE][PASSED] - Delayed 1 second(s)

2018-05-16 19:13:11 - [TEST_STEP][PASSED] - selectOptionByIndex: All options with index in [13] are selected on object 'Object Repository/Store Request Schedule 1/Page_Store/select_--Select--Adernaline 0.'

2018-05-16 19:13:12 - [MESSAGE][PASSED] - All options with index in [13] are selected on object 'Object Repository/Store Request Schedule 1/Page_Store/select_--Select--Adernaline 0.'

2018-05-16 19:13:12 - [TEST_STEP][PASSED] - setText: Text '100' is set on object 'Object Repository/Store Request Schedule 1/Page_Store/input_txttreat'

2018-05-16 19:13:12 - [MESSAGE][PASSED] - Text '100' is set on object 'Object Repository/Store Request Schedule 1/Page_Store/input_txttreat'

2018-05-16 19:13:12 - [TEST_STEP][PASSED] - click: Object: 'Object Repository/Store Request Schedule 1/Page_Store/button_Add' is clicked on

2018-05-16 19:13:12 - [MESSAGE][PASSED] - Object: 'Object Repository/Store Request Schedule 1/Page_Store/button_Add' is clicked on

2018-05-16 19:13:12 - [TEST_STEP][PASSED] - selectOptionByIndex: All options with index in [8] are selected on object 'Object Repository/Store Request Schedule 1/Page_Store/select_--Select--Schedule 1Inj'

2018-05-16 19:13:12 - [MESSAGE][PASSED] - All options with index in [8] are selected on object 'Object Repository/Store Request Schedule 1/Page_Store/select_--Select--Schedule 1Inj'

2018-05-16 19:13:12 - [TEST_STEP][PASSED] - delay: Delayed 1 second(s)

2018-05-16 19:13:13 - [MESSAGE][PASSED] - Delayed 1 second(s)

2018-05-16 19:13:13 - [TEST_STEP][PASSED] - selectOptionByIndex: All options with index in [14] are selected on object 'Object Repository/Store Request Schedule 1/Page_Store/select_--Select--Adernaline 0.'

2018-05-16 19:13:13 - [MESSAGE][PASSED] - All options with index in [14] are selected on object 'Object Repository/Store Request Schedule 1/Page_Store/select_--Select--Adernaline 0.'

2018-05-16 19:13:13 - [TEST_STEP][PASSED] - setText: Text '100' is set on object 'Object Repository/Store Request Schedule 1/Page_Store/input_txttreat'

2018-05-16 19:13:13 - [MESSAGE][PASSED] - Text '100' is set on object 'Object Repository/Store Request Schedule 1/Page_Store/input_txttreat'

2018-05-16 19:13:13 - [TEST_STEP][PASSED] - click: Object: 'Object Repository/Store Request Schedule 1/Page_Store/button_Add' is clicked on

2018-05-16 19:13:13 - [MESSAGE][PASSED] - Object: 'Object Repository/Store Request Schedule 1/Page_Store/button_Add' is clicked on

2018-05-16 19:13:13 - [TEST_STEP][PASSED] - selectOptionByIndex: All options with index in [8] are selected on object 'Object Repository/Store Request Schedule 1/Page_Store/select_--Select--Schedule 1Inj'

2018-05-16 19:13:14 - [MESSAGE][PASSED] - All options with index in [8] are selected on object 'Object Repository/Store Request Schedule 1/Page_Store/select_--Select--Schedule 1Inj'

2018-05-16 19:13:14 - [TEST_STEP][PASSED] - delay: Delayed 1 second(s)

2018-05-16 19:13:15 - [MESSAGE][PASSED] - Delayed 1 second(s)

2018-05-16 19:13:15 - [TEST_STEP][PASSED] - selectOptionByIndex: All options with index in [15] are selected on object 'Object Repository/Store Request Schedule 1/Page_Store/select_--Select--Adernaline 0.'

2018-05-16 19:13:15 - [MESSAGE][PASSED] - All options with index in [15] are selected on object 'Object Repository/Store Request Schedule 1/Page_Store/select_--Select--Adernaline 0.'

2018-05-16 19:13:15 - [TEST_STEP][PASSED] - setText: Text '100' is set on object 'Object Repository/Store Request Schedule 1/Page_Store/input_txttreat'

2018-05-16 19:13:15 - [MESSAGE][PASSED] - Text '100' is set on object 'Object Repository/Store Request Schedule 1/Page_Store/input_txttreat'

2018-05-16 19:13:15 - [TEST_STEP][PASSED] - click: Object: 'Object Repository/Store Request Schedule 1/Page_Store/button_Add' is clicked on

2018-05-16 19:13:15 - [MESSAGE][PASSED] - Object: 'Object Repository/Store Request Schedule 1/Page_Store/button_Add' is clicked on

2018-05-16 19:13:15 - [TEST_STEP][PASSED] - selectOptionByIndex: All options with index in [8] are selected on object 'Object Repository/Store Request Schedule 1/Page_Store/select_--Select--Schedule 1Inj'

2018-05-16 19:13:15 - [MESSAGE][PASSED] - All options with index in [8] are selected on object 'Object Repository/Store Request Schedule 1/Page_Store/select_--Select--Schedule 1Inj'

2018-05-16 19:13:15 - [TEST_STEP][PASSED] - delay: Delayed 1 second(s)

2018-05-16 19:13:16 - [MESSAGE][PASSED] - Delayed 1 second(s)

2018-05-16 19:13:16 - [TEST_STEP][PASSED] - selectOptionByIndex: All options with index in [16] are selected on object 'Object Repository/Store Request Schedule 1/Page_Store/select_--Select--Adernaline 0.'

2018-05-16 19:13:17 - [MESSAGE][PASSED] - All options with index in [16] are selected on object 'Object Repository/Store Request Schedule 1/Page_Store/select_--Select--Adernaline 0.'

2018-05-16 19:13:17 - [TEST_STEP][PASSED] - setText: Text '100' is set on object 'Object Repository/Store Request Schedule 1/Page_Store/input_txttreat'

2018-05-16 19:13:17 - [MESSAGE][PASSED] - Text '100' is set on object 'Object Repository/Store Request Schedule 1/Page_Store/input_txttreat'

2018-05-16 19:13:17 - [TEST_STEP][PASSED] - click: Object: 'Object Repository/Store Request Schedule 1/Page_Store/button_Add' is clicked on

2018-05-16 19:13:17 - [MESSAGE][PASSED] - Object: 'Object Repository/Store Request Schedule 1/Page_Store/button_Add' is clicked on

2018-05-16 19:13:17 - [TEST_STEP][PASSED] - selectOptionByIndex: All options with index in [8] are selected on object 'Object Repository/Store Request Schedule 1/Page_Store/select_--Select--Schedule 1Inj'

2018-05-16 19:13:17 - [MESSAGE][PASSED] - All options with index in [8] are selected on object 'Object Repository/Store Request Schedule 1/Page_Store/select_--Select--Schedule 1Inj'

2018-05-16 19:13:17 - [TEST_STEP][PASSED] - delay: Delayed 1 second(s)

2018-05-16 19:13:18 - [MESSAGE][PASSED] - Delayed 1 second(s)

2018-05-16 19:13:18 - [TEST_STEP][PASSED] - selectOptionByIndex: All options with index in [17] are selected on object 'Object Repository/Store Request Schedule 1/Page_Store/select_--Select--Adernaline 0.'

2018-05-16 19:13:18 - [MESSAGE][PASSED] - All options with index in [17] are selected on object 'Object Repository/Store Request Schedule 1/Page_Store/select_--Select--Adernaline 0.'

2018-05-16 19:13:18 - [TEST_STEP][PASSED] - setText: Text '100' is set on object 'Object Repository/Store Request Schedule 1/Page_Store/input_txttreat'

2018-05-16 19:13:18 - [MESSAGE][PASSED] - Text '100' is set on object 'Object Repository/Store Request Schedule 1/Page_Store/input_txttreat'

2018-05-16 19:13:18 - [TEST_STEP][PASSED] - click: Object: 'Object Repository/Store Request Schedule 1/Page_Store/button_Add' is clicked on

2018-05-16 19:13:18 - [MESSAGE][PASSED] - Object: 'Object Repository/Store Request Schedule 1/Page_Store/button_Add' is clicked on

2018-05-16 19:13:18 - [TEST_STEP][PASSED] - delay: Delayed 2 second(s)

2018-05-16 19:13:20 - [MESSAGE][PASSED] - Delayed 2 second(s)

2018-05-16 19:13:20 - [TEST_STEP][PASSED] - scrollToElement: Scroll to object 'Object Repository/Store Request Schedule 1/Page_Store/input_btnsave' successfully

2018-05-16 19:13:20 - [MESSAGE][PASSED] - Scroll to object 'Object Repository/Store Request Schedule 1/Page_Store/input_btnsave' successfully

2018-05-16 19:13:20 - [TEST_STEP][PASSED] - click: Object: 'Object Repository/Store Request Schedule 1/Page_Store/input_btnsave' is clicked on

2018-05-16 19:13:20 - [MESSAGE][PASSED] - Object: 'Object Repository/Store Request Schedule 1/Page_Store/input_btnsave' is clicked on

2018-05-16 19:13:20 - [TEST_STEP][PASSED] - delay: Delayed 4 second(s)

2018-05-16 19:13:24 - [MESSAGE][PASSED] - Delayed 4 second(s)

2018-05-16 19:13:24 - [TEST_STEP][PASSED] - Statement - Cms_RequestNumber = com.kms.katalon.core.webui.keyword.WebUiBuiltInKeywords.getText(com.kms.katalon.core.testobject.ObjectRepository.findTestObject(Store Request Schedule 1/Page_Store/font_PRNO050520189)): Text of object 'Object Repository/Store Request Schedule 1/Page_Store/font_PRNO050520189' is: 'PRNO/16052018/169'

2018-05-16 19:13:24 - [MESSAGE][PASSED] - Text of object 'Object Repository/Store Request Schedule 1/Page_Store/font_PRNO050520189' is: 'PRNO/16052018/169'

2018-05-16 19:13:24 - [TEST_STEP][PASSED] - Statement - CR = Cms_RequestNumber.trim(): null

2018-05-16 19:13:24 - [TEST_STEP][PASSED] - Statement - out.println("RQ :" + Cms_RequestNumber): null

2018-05-16 19:13:24 - [TEST_STEP][PASSED] - Statement - RequestNumberID = Cms_RequestNumber.split("/")[2].trim(): null

2018-05-16 19:13:24 - [TEST_STEP][PASSED] - Statement - out.println("RQ ID :" + RequestNumberID): null

2018-05-16 19:13:24 - [TEST_STEP][PASSED] - delay: Delayed 3 second(s)

2018-05-16 19:13:27 - [MESSAGE][PASSED] - Delayed 3 second(s)

2018-05-16 19:13:27 - [TEST_STEP][PASSED] - Statement - ok = com.kms.katalon.core.webui.keyword.WebUiBuiltInKeywords.click(com.kms.katalon.core.testobject.ObjectRepository.findTestObject(Store Request Schedule 1/Page_Store/button_OK)): Object: 'Object Repository/Store Request Schedule 1/Page_Store/button_OK' is clicked on

2018-05-16 19:13:28 - [MESSAGE][PASSED] - Object: 'Object Repository/Store Request Schedule 1/Page_Store/button_OK' is clicked on

2018-05-16 19:13:28 - [TEST_STEP][PASSED] - delay: Delayed 3 second(s)

2018-05-16 19:13:31 - [MESSAGE][PASSED] - Delayed 3 second(s)

2018-05-16 19:13:31 - [TEST_STEP][PASSED] - click: Object: 'Object Repository/Store Request Schedule 1/Page_Store/a_dropdown-toggle' is clicked on

2018-05-16 19:13:31 - [MESSAGE][PASSED] - Object: 'Object Repository/Store Request Schedule 1/Page_Store/a_dropdown-toggle' is clicked on

2018-05-16 19:13:31 - [TEST_STEP][PASSED] - click: Object: 'Object Repository/Store Request Schedule 1/Page_Store/a_Sign out' is clicked on

2018-05-16 19:13:32 - [MESSAGE][PASSED] - Object: 'Object Repository/Store Request Schedule 1/Page_Store/a_Sign out' is clicked on

2018-05-16 19:13:32 - [TEST_STEP][PASSED] - delay: Delayed 3 second(s)

2018-05-16 19:13:35 - [MESSAGE][PASSED] - Delayed 3 second(s)

2018-05-16 19:13:35 - [TEST_STEP][PASSED] - click: Object: 'Object Repository/Store Request Schedule 1/Page_KDMC/a_CMO' is clicked on

2018-05-16 19:13:35 - [MESSAGE][PASSED] - Object: 'Object Repository/Store Request Schedule 1/Page_KDMC/a_CMO' is clicked on

2018-05-16 19:13:35 - [TEST_STEP][PASSED] - setText: Text 'guru' is set on object 'Object Repository/Store Request Schedule 1/Page_CMO login/input_txtusername'

2018-05-16 19:13:35 - [MESSAGE][PASSED] - Text 'guru' is set on object 'Object Repository/Store Request Schedule 1/Page_CMO login/input_txtusername'

2018-05-16 19:13:35 - [TEST_STEP][PASSED] - setText: Text '123' is set on object 'Object Repository/Store Request Schedule 1/Page_CMO login/input_txtpassword'

2018-05-16 19:13:35 - [MESSAGE][PASSED] - Text '123' is set on object 'Object Repository/Store Request Schedule 1/Page_CMO login/input_txtpassword'

2018-05-16 19:13:35 - [TEST_STEP][PASSED] - delay: Delayed 3 second(s)

2018-05-16 19:13:38 - [MESSAGE][PASSED] - Delayed 3 second(s)

2018-05-16 19:13:38 - [TEST_STEP][PASSED] - click: Object: 'Object Repository/Store Request Schedule 1/Page_CMO login/button_Sign in' is clicked on

2018-05-16 19:13:39 - [MESSAGE][PASSED] - Object: 'Object Repository/Store Request Schedule 1/Page_CMO login/button_Sign in' is clicked on

2018-05-16 19:13:39 - [TEST_STEP][PASSED] - delay: Delayed 2 second(s)

2018-05-16 19:13:41 - [MESSAGE][PASSED] - Delayed 2 second(s)

2018-05-16 19:13:41 - [TEST_STEP][PASSED] - click: Object: 'Object Repository/Store Request Schedule 1/Page_KDMC - CMO/span_Department Wise Request' is clicked on

2018-05-16 19:13:42 - [MESSAGE][PASSED] - Object: 'Object Repository/Store Request Schedule 1/Page_KDMC - CMO/span_Department Wise Request' is clicked on

2018-05-16 19:13:42 - [TEST_STEP][PASSED] - click: Object: 'Object Repository/Store Request Schedule 1/Page_KDMC - CMO/a_CMS Request' is clicked on

2018-05-16 19:13:42 - [MESSAGE][PASSED] - Object: 'Object Repository/Store Request Schedule 1/Page_KDMC - CMO/a_CMS Request' is clicked on

2018-05-16 19:13:42 - [TEST_STEP][PASSED] - click: Object: 'Object Repository/Store Request Schedule 1/Page_KDMC - CMO/a_CMS Request' is clicked on

2018-05-16 19:13:42 - [MESSAGE][PASSED] - Object: 'Object Repository/Store Request Schedule 1/Page_KDMC - CMO/a_CMS Request' is clicked on

2018-05-16 19:13:42 - [TEST_STEP][PASSED] - click: Object: 'Object Repository/Store Request Schedule 1/Page_KDMC - CMO/span_Divisional Store Request' is clicked on

2018-05-16 19:13:44 - [MESSAGE][PASSED] - Object: 'Object Repository/Store Request Schedule 1/Page_KDMC - CMO/span_Divisional Store Request' is clicked on

2018-05-16 19:13:44 - [TEST_STEP][PASSED] - delay: Delayed 2 second(s)

2018-05-16 19:13:46 - [MESSAGE][PASSED] - Delayed 2 second(s)

2018-05-16 19:13:46 - [TEST_STEP][PASSED] - Statement - approval = com.kms.katalon.core.webui.keyword.WebUiBuiltInKeywords.modifyObjectProperty(com.kms.katalon.core.testobject.ObjectRepository.findTestObject(Store Request Schedule 1/Page_KDMC - CMO/input_PRNO050520189), "xpath", "equals", "//*[@id=" + RequestNumberID + "]", true): Modify property of object successfully

2018-05-16 19:13:46 - [MESSAGE][PASSED] - Modify property of object successfully

2018-05-16 19:13:46 - [TEST_STEP][PASSED] - click: Object: 'Object Repository/Store Request Schedule 1/Page_KDMC - CMO/input_PRNO050520189' is clicked on

2018-05-16 19:13:46 - [MESSAGE][PASSED] - Object: 'Object Repository/Store Request Schedule 1/Page_KDMC - CMO/input_PRNO050520189' is clicked on

2018-05-16 19:13:46 - [TEST_STEP][PASSED] - delay: Delayed 2 second(s)

2018-05-16 19:13:48 - [MESSAGE][PASSED] - Delayed 2 second(s)

2018-05-16 19:13:48 - [TEST_STEP][PASSED] - selectOptionByIndex: All options with index in [1] are selected on object 'Object Repository/Store Request Schedule 1/Page_KDMC - CMO/select_--Select--'

2018-05-16 19:13:48 - [MESSAGE][PASSED] - All options with index in [1] are selected on object 'Object Repository/Store Request Schedule 1/Page_KDMC - CMO/select_--Select--'

2018-05-16 19:13:48 - [TEST_STEP][PASSED] - click: Object: 'Object Repository/Store Request Schedule 1/Page_KDMC - CMO/input_btnupdate' is clicked on

2018-05-16 19:13:48 - [MESSAGE][PASSED] - Object: 'Object Repository/Store Request Schedule 1/Page_KDMC - CMO/input_btnupdate' is clicked on

2018-05-16 19:13:48 - [TEST_STEP][PASSED] - delay: Delayed 2 second(s)

2018-05-16 19:13:50 - [MESSAGE][PASSED] - Delayed 2 second(s)

2018-05-16 19:13:50 - [TEST_STEP][PASSED] - click: Object: 'Object Repository/Store Request Schedule 1/Page_KDMC - CMO/button_OK' is clicked on

2018-05-16 19:13:50 - [MESSAGE][PASSED] - Object: 'Object Repository/Store Request Schedule 1/Page_KDMC - CMO/button_OK' is clicked on

2018-05-16 19:13:50 - [TEST_STEP][PASSED] - delay: Delayed 2 second(s)

2018-05-16 19:13:52 - [MESSAGE][PASSED] - Delayed 2 second(s)

2018-05-16 19:13:52 - [TEST_STEP][PASSED] - click: Object: 'Object Repository/Store Request Schedule 1/Page_KDMC - CMO/a_dropdown-toggle' is clicked on

2018-05-16 19:13:52 - [MESSAGE][PASSED] - Object: 'Object Repository/Store Request Schedule 1/Page_KDMC - CMO/a_dropdown-toggle' is clicked on

2018-05-16 19:13:52 - [TEST_STEP][PASSED] - click: Object: 'Object Repository/Store Request Schedule 1/Page_KDMC - CMO/a_Sign out' is clicked on

2018-05-16 19:13:53 - [MESSAGE][PASSED] - Object: 'Object Repository/Store Request Schedule 1/Page_KDMC - CMO/a_Sign out' is clicked on

2018-05-16 19:13:53 - [TEST_STEP][PASSED] - delay: Delayed 3 second(s)

2018-05-16 19:13:56 - [MESSAGE][PASSED] - Delayed 3 second(s)

2018-05-16 19:13:56 - [TEST_STEP][PASSED] - click: Object: 'Object Repository/store Request Schedule 1/Page_KDMC/a_CMS' is clicked on

2018-05-16 19:13:56 - [MESSAGE][PASSED] - Object: 'Object Repository/store Request Schedule 1/Page_KDMC/a_CMS' is clicked on

2018-05-16 19:13:56 - [TEST_STEP][PASSED] - setText: Text 'bala' is set on object 'Object Repository/store Request Schedule 1/Page_CMS login/input_txtusername'

2018-05-16 19:13:56 - [MESSAGE][PASSED] - Text 'bala' is set on object 'Object Repository/store Request Schedule 1/Page_CMS login/input_txtusername'

2018-05-16 19:13:56 - [TEST_STEP][PASSED] - setText: Text '123' is set on object 'Object Repository/store Request Schedule 1/Page_CMS login/input_txtpassword'

2018-05-16 19:13:57 - [MESSAGE][PASSED] - Text '123' is set on object 'Object Repository/store Request Schedule 1/Page_CMS login/input_txtpassword'

2018-05-16 19:13:57 - [TEST_STEP][PASSED] - delay: Delayed 3 second(s)

2018-05-16 19:14:00 - [MESSAGE][PASSED] - Delayed 3 second(s)

2018-05-16 19:14:00 - [TEST_STEP][PASSED] - click: Object: 'Object Repository/store Request Schedule 1/Page_CMS login/button_Sign in' is clicked on

2018-05-16 19:14:00 - [MESSAGE][PASSED] - Object: 'Object Repository/store Request Schedule 1/Page_CMS login/button_Sign in' is clicked on

2018-05-16 19:14:00 - [TEST_STEP][PASSED] - delay: Delayed 2 second(s)

2018-05-16 19:14:02 - [MESSAGE][PASSED] - Delayed 2 second(s)

2018-05-16 19:14:02 - [TEST_STEP][PASSED] - click: Object: 'Object Repository/store Request Schedule 1/Page_KDMC - CMS/a_Divisional Store' is clicked on

2018-05-16 19:14:02 - [MESSAGE][PASSED] - Object: 'Object Repository/store Request Schedule 1/Page_KDMC - CMS/a_Divisional Store' is clicked on

2018-05-16 19:14:02 - [TEST_STEP][PASSED] - delay: Delayed 2 second(s)

2018-05-16 19:14:04 - [MESSAGE][PASSED] - Delayed 2 second(s)

2018-05-16 19:14:04 - [TEST_STEP][PASSED] - click: Object: 'Object Repository/store Request Schedule 1/Page_KDMC - CMS/a_Dispatch Items' is clicked on

2018-05-16 19:14:05 - [MESSAGE][PASSED] - Object: 'Object Repository/store Request Schedule 1/Page_KDMC - CMS/a_Dispatch Items' is clicked on

2018-05-16 19:14:05 - [TEST_STEP][PASSED] - setText: Text 'PRNO/16052018/169' is set on object 'Object Repository/store Request Schedule 1/Page_KDMC - CMS/input'

2018-05-16 19:14:05 - [MESSAGE][PASSED] - Text 'PRNO/16052018/169' is set on object 'Object Repository/store Request Schedule 1/Page_KDMC - CMS/input'

2018-05-16 19:14:05 - [TEST_STEP][PASSED] - click: Object: 'Object Repository/store Request Schedule 1/Page_KDMC - CMS/td_text-center' is clicked on

2018-05-16 19:14:05 - [MESSAGE][PASSED] - Object: 'Object Repository/store Request Schedule 1/Page_KDMC - CMS/td_text-center' is clicked on

2018-05-16 19:14:05 - [TEST_STEP][PASSED] - delay: Delayed 2 second(s)

2018-05-16 19:14:07 - [MESSAGE][PASSED] - Delayed 2 second(s)

2018-05-16 19:14:07 - [TEST_STEP][PASSED] - Statement - For ([row = 0, row < SelectedOptions - 1, (row++)]): null

2018-05-16 19:14:07 - [TEST_STEP][PASSED] - Statement - batchlength = new com.kms.katalon.core.testobject.TestObject(): null

2018-05-16 19:14:07 - [TEST_STEP][PASSED] - Statement - batchlength = com.kms.katalon.core.webui.keyword.WebUiBuiltInKeywords.modifyObjectProperty(batchlength, "xpath", "equals", "//*[@id = "fldvendor" + row + ""]", true): Modify property of object successfully

2018-05-16 19:14:07 - [MESSAGE][PASSED] - Modify property of object successfully

2018-05-16 19:14:07 - [TEST_STEP][PASSED] - Statement - batchsize = com.kms.katalon.core.webui.keyword.WebUiBuiltInKeywords.getNumberOfTotalOption(batchlength): 9 options of object '' counted

2018-05-16 19:14:07 - [MESSAGE][PASSED] - 9 options of object '' counted

2018-05-16 19:14:07 - [TEST_STEP][PASSED] - Statement - out.println("BatchSize : " + batchsize): null

2018-05-16 19:14:07 - [TEST_STEP][PASSED] - Statement - For ([n = 1, n <= batchsize - 1, (n++)]): null

2018-05-16 19:14:07 - [TEST_STEP][PASSED] - Statement - product = new com.kms.katalon.core.testobject.TestObject(): null

2018-05-16 19:14:07 - [TEST_STEP][PASSED] - Statement - product = com.kms.katalon.core.webui.keyword.WebUiBuiltInKeywords.modifyObjectProperty(product, "xpath", "equals", "//*[@id = "fldvendor" + row + ""]", true): Modify property of object successfully

2018-05-16 19:14:07 - [MESSAGE][PASSED] - Modify property of object successfully

2018-05-16 19:14:07 - [TEST_STEP][PASSED] - selectOptionByIndex: All options with index in [1] are selected on object ''

2018-05-16 19:14:07 - [MESSAGE][PASSED] - All options with index in [1] are selected on object ''

2018-05-16 19:14:07 - [TEST_STEP][PASSED] - Statement - batch = new com.kms.katalon.core.testobject.TestObject(): null

2018-05-16 19:14:07 - [TEST_STEP][PASSED] - Statement - batch = com.kms.katalon.core.webui.keyword.WebUiBuiltInKeywords.modifyObjectProperty(batch, "xpath", "equals", "//*[@id = "txtbthqty" + row + ""]", true): Modify property of object successfully

2018-05-16 19:14:07 - [MESSAGE][PASSED] - Modify property of object successfully

2018-05-16 19:14:07 - [TEST_STEP][PASSED] - Statement - batchqty = com.kms.katalon.core.webui.keyword.WebUiBuiltInKeywords.getAttribute(batch, "value").trim(): Attribute 'value' of object '' is: '28900'

2018-05-16 19:14:07 - [MESSAGE][PASSED] - Attribute 'value' of object '' is: '28900'

2018-05-16 19:14:07 - [TEST_STEP][PASSED] - Statement - Rqty = 100: null

2018-05-16 19:14:07 - [TEST_STEP][PASSED] - delay: Delayed 2 second(s)

2018-05-16 19:14:09 - [MESSAGE][PASSED] - Delayed 2 second(s)

2018-05-16 19:14:09 - [TEST_STEP][PASSED] - Statement - out.println("BatchQty : " + batchqty): null

2018-05-16 19:14:09 - [TEST_STEP][PASSED] - Statement - out.println("RQty : " + Rqty): null

2018-05-16 19:14:09 - [TEST_STEP][PASSED] - Statement - If (java.lang.Integer.valueOf(batchqty) >= java.lang.Integer.valueOf(Rqty)): null

2018-05-16 19:14:09 - [TEST_STEP][PASSED] - Statement - Break: null

2018-05-16 19:14:09 - [TEST_STEP][PASSED] - Statement - batchlength = new com.kms.katalon.core.testobject.TestObject(): null

2018-05-16 19:14:09 - [TEST_STEP][PASSED] - Statement - batchlength = com.kms.katalon.core.webui.keyword.WebUiBuiltInKeywords.modifyObjectProperty(batchlength, "xpath", "equals", "//*[@id = "fldvendor" + row + ""]", true): Modify property of object successfully

2018-05-16 19:14:09 - [MESSAGE][PASSED] - Modify property of object successfully

2018-05-16 19:14:09 - [TEST_STEP][PASSED] - Statement - batchsize = com.kms.katalon.core.webui.keyword.WebUiBuiltInKeywords.getNumberOfTotalOption(batchlength): 10 options of object '' counted

2018-05-16 19:14:09 - [MESSAGE][PASSED] - 10 options of object '' counted

2018-05-16 19:14:09 - [TEST_STEP][PASSED] - Statement - out.println("BatchSize : " + batchsize): null

2018-05-16 19:14:09 - [TEST_STEP][PASSED] - Statement - For ([n = 1, n <= batchsize - 1, (n++)]): null

2018-05-16 19:14:09 - [TEST_STEP][PASSED] - Statement - product = new com.kms.katalon.core.testobject.TestObject(): null

2018-05-16 19:14:09 - [TEST_STEP][PASSED] - Statement - product = com.kms.katalon.core.webui.keyword.WebUiBuiltInKeywords.modifyObjectProperty(product, "xpath", "equals", "//*[@id = "fldvendor" + row + ""]", true): Modify property of object successfully

2018-05-16 19:14:09 - [MESSAGE][PASSED] - Modify property of object successfully

2018-05-16 19:14:09 - [TEST_STEP][PASSED] - selectOptionByIndex: All options with index in [1] are selected on object ''

2018-05-16 19:14:09 - [MESSAGE][PASSED] - All options with index in [1] are selected on object ''

2018-05-16 19:14:09 - [TEST_STEP][PASSED] - Statement - batch = new com.kms.katalon.core.testobject.TestObject(): null

2018-05-16 19:14:09 - [TEST_STEP][PASSED] - Statement - batch = com.kms.katalon.core.webui.keyword.WebUiBuiltInKeywords.modifyObjectProperty(batch, "xpath", "equals", "//*[@id = "txtbthqty" + row + ""]", true): Modify property of object successfully

2018-05-16 19:14:09 - [MESSAGE][PASSED] - Modify property of object successfully

2018-05-16 19:14:09 - [TEST_STEP][PASSED] - Statement - batchqty = com.kms.katalon.core.webui.keyword.WebUiBuiltInKeywords.getAttribute(batch, "value").trim(): Attribute 'value' of object '' is: '5000'

2018-05-16 19:14:09 - [MESSAGE][PASSED] - Attribute 'value' of object '' is: '5000'

2018-05-16 19:14:09 - [TEST_STEP][PASSED] - Statement - Rqty = 100: null

2018-05-16 19:14:09 - [TEST_STEP][PASSED] - delay: Delayed 2 second(s)

2018-05-16 19:14:11 - [MESSAGE][PASSED] - Delayed 2 second(s)

2018-05-16 19:14:11 - [TEST_STEP][PASSED] - Statement - out.println("BatchQty : " + batchqty): null

2018-05-16 19:14:11 - [TEST_STEP][PASSED] - Statement - out.println("RQty : " + Rqty): null

2018-05-16 19:14:11 - [TEST_STEP][PASSED] - Statement - If (java.lang.Integer.valueOf(batchqty) >= java.lang.Integer.valueOf(Rqty)): null

2018-05-16 19:14:11 - [TEST_STEP][PASSED] - Statement - Break: null

2018-05-16 19:14:11 - [TEST_STEP][PASSED] - Statement - batchlength = new com.kms.katalon.core.testobject.TestObject(): null

2018-05-16 19:14:11 - [TEST_STEP][PASSED] - Statement - batchlength = com.kms.katalon.core.webui.keyword.WebUiBuiltInKeywords.modifyObjectProperty(batchlength, "xpath", "equals", "//*[@id = "fldvendor" + row + ""]", true): Modify property of object successfully

2018-05-16 19:14:11 - [MESSAGE][PASSED] - Modify property of object successfully

2018-05-16 19:14:11 - [TEST_STEP][PASSED] - Statement - batchsize = com.kms.katalon.core.webui.keyword.WebUiBuiltInKeywords.getNumberOfTotalOption(batchlength): 10 options of object '' counted

2018-05-16 19:14:12 - [MESSAGE][PASSED] - 10 options of object '' counted

2018-05-16 19:14:12 - [TEST_STEP][PASSED] - Statement - out.println("BatchSize : " + batchsize): null

2018-05-16 19:14:12 - [TEST_STEP][PASSED] - Statement - For ([n = 1, n <= batchsize - 1, (n++)]): null

2018-05-16 19:14:12 - [TEST_STEP][PASSED] - Statement - product = new com.kms.katalon.core.testobject.TestObject(): null

2018-05-16 19:14:12 - [TEST_STEP][PASSED] - Statement - product = com.kms.katalon.core.webui.keyword.WebUiBuiltInKeywords.modifyObjectProperty(product, "xpath", "equals", "//*[@id = "fldvendor" + row + ""]", true): Modify property of object successfully

2018-05-16 19:14:12 - [MESSAGE][PASSED] - Modify property of object successfully

2018-05-16 19:14:12 - [TEST_STEP][PASSED] - selectOptionByIndex: All options with index in [1] are selected on object ''

2018-05-16 19:14:12 - [MESSAGE][PASSED] - All options with index in [1] are selected on object ''

2018-05-16 19:14:12 - [TEST_STEP][PASSED] - Statement - batch = new com.kms.katalon.core.testobject.TestObject(): null

2018-05-16 19:14:12 - [TEST_STEP][PASSED] - Statement - batch = com.kms.katalon.core.webui.keyword.WebUiBuiltInKeywords.modifyObjectProperty(batch, "xpath", "equals", "//*[@id = "txtbthqty" + row + ""]", true): Modify property of object successfully

2018-05-16 19:14:12 - [MESSAGE][PASSED] - Modify property of object successfully

2018-05-16 19:14:12 - [TEST_STEP][PASSED] - Statement - batchqty = com.kms.katalon.core.webui.keyword.WebUiBuiltInKeywords.getAttribute(batch, "value").trim(): Attribute 'value' of object '' is: '4000'

2018-05-16 19:14:12 - [MESSAGE][PASSED] - Attribute 'value' of object '' is: '4000'

2018-05-16 19:14:12 - [TEST_STEP][PASSED] - Statement - Rqty = 100: null

2018-05-16 19:14:12 - [TEST_STEP][PASSED] - delay: Delayed 2 second(s)

2018-05-16 19:14:14 - [MESSAGE][PASSED] - Delayed 2 second(s)

2018-05-16 19:14:14 - [TEST_STEP][PASSED] - Statement - out.println("BatchQty : " + batchqty): null

2018-05-16 19:14:14 - [TEST_STEP][PASSED] - Statement - out.println("RQty : " + Rqty): null

2018-05-16 19:14:14 - [TEST_STEP][PASSED] - Statement - If (java.lang.Integer.valueOf(batchqty) >= java.lang.Integer.valueOf(Rqty)): null

2018-05-16 19:14:14 - [TEST_STEP][PASSED] - Statement - Break: null

2018-05-16 19:14:14 - [TEST_STEP][PASSED] - Statement - batchlength = new com.kms.katalon.core.testobject.TestObject(): null

2018-05-16 19:14:14 - [TEST_STEP][PASSED] - Statement - batchlength = com.kms.katalon.core.webui.keyword.WebUiBuiltInKeywords.modifyObjectProperty(batchlength, "xpath", "equals", "//*[@id = "fldvendor" + row + ""]", true): Modify property of object successfully

2018-05-16 19:14:14 - [MESSAGE][PASSED] - Modify property of object successfully

2018-05-16 19:14:14 - [TEST_STEP][PASSED] - Statement - batchsize = com.kms.katalon.core.webui.keyword.WebUiBuiltInKeywords.getNumberOfTotalOption(batchlength): 10 options of object '' counted

2018-05-16 19:14:14 - [MESSAGE][PASSED] - 10 options of object '' counted

2018-05-16 19:14:14 - [TEST_STEP][PASSED] - Statement - out.println("BatchSize : " + batchsize): null

2018-05-16 19:14:14 - [TEST_STEP][PASSED] - Statement - For ([n = 1, n <= batchsize - 1, (n++)]): null

2018-05-16 19:14:14 - [TEST_STEP][PASSED] - Statement - product = new com.kms.katalon.core.testobject.TestObject(): null

2018-05-16 19:14:14 - [TEST_STEP][PASSED] - Statement - product = com.kms.katalon.core.webui.keyword.WebUiBuiltInKeywords.modifyObjectProperty(product, "xpath", "equals", "//*[@id = "fldvendor" + row + ""]", true): Modify property of object successfully

2018-05-16 19:14:14 - [MESSAGE][PASSED] - Modify property of object successfully

2018-05-16 19:14:14 - [TEST_STEP][PASSED] - selectOptionByIndex: All options with index in [1] are selected on object ''

2018-05-16 19:14:14 - [MESSAGE][PASSED] - All options with index in [1] are selected on object ''

2018-05-16 19:14:14 - [TEST_STEP][PASSED] - Statement - batch = new com.kms.katalon.core.testobject.TestObject(): null

2018-05-16 19:14:14 - [TEST_STEP][PASSED] - Statement - batch = com.kms.katalon.core.webui.keyword.WebUiBuiltInKeywords.modifyObjectProperty(batch, "xpath", "equals", "//*[@id = "txtbthqty" + row + ""]", true): Modify property of object successfully

2018-05-16 19:14:14 - [MESSAGE][PASSED] - Modify property of object successfully

2018-05-16 19:14:14 - [TEST_STEP][PASSED] - Statement - batchqty = com.kms.katalon.core.webui.keyword.WebUiBuiltInKeywords.getAttribute(batch, "value").trim(): Attribute 'value' of object '' is: '5000'

2018-05-16 19:14:14 - [MESSAGE][PASSED] - Attribute 'value' of object '' is: '5000'

2018-05-16 19:14:14 - [TEST_STEP][PASSED] - Statement - Rqty = 100: null

2018-05-16 19:14:14 - [TEST_STEP][PASSED] - delay: Delayed 2 second(s)

2018-05-16 19:14:16 - [MESSAGE][PASSED] - Delayed 2 second(s)

2018-05-16 19:14:16 - [TEST_STEP][PASSED] - Statement - out.println("BatchQty : " + batchqty): null

2018-05-16 19:14:16 - [TEST_STEP][PASSED] - Statement - out.println("RQty : " + Rqty): null

2018-05-16 19:14:16 - [TEST_STEP][PASSED] - Statement - If (java.lang.Integer.valueOf(batchqty) >= java.lang.Integer.valueOf(Rqty)): null

2018-05-16 19:14:16 - [TEST_STEP][PASSED] - Statement - Break: null

2018-05-16 19:14:16 - [TEST_STEP][PASSED] - Statement - batchlength = new com.kms.katalon.core.testobject.TestObject(): null

2018-05-16 19:14:16 - [TEST_STEP][PASSED] - Statement - batchlength = com.kms.katalon.core.webui.keyword.WebUiBuiltInKeywords.modifyObjectProperty(batchlength, "xpath", "equals", "//*[@id = "fldvendor" + row + ""]", true): Modify property of object successfully

2018-05-16 19:14:16 - [MESSAGE][PASSED] - Modify property of object successfully

2018-05-16 19:14:16 - [TEST_STEP][PASSED] - Statement - batchsize = com.kms.katalon.core.webui.keyword.WebUiBuiltInKeywords.getNumberOfTotalOption(batchlength): 10 options of object '' counted

2018-05-16 19:14:16 - [MESSAGE][PASSED] - 10 options of object '' counted

2018-05-16 19:14:16 - [TEST_STEP][PASSED] - Statement - out.println("BatchSize : " + batchsize): null

2018-05-16 19:14:16 - [TEST_STEP][PASSED] - Statement - For ([n = 1, n <= batchsize - 1, (n++)]): null

2018-05-16 19:14:16 - [TEST_STEP][PASSED] - Statement - product = new com.kms.katalon.core.testobject.TestObject(): null

2018-05-16 19:14:16 - [TEST_STEP][PASSED] - Statement - product = com.kms.katalon.core.webui.keyword.WebUiBuiltInKeywords.modifyObjectProperty(product, "xpath", "equals", "//*[@id = "fldvendor" + row + ""]", true): Modify property of object successfully

2018-05-16 19:14:16 - [MESSAGE][PASSED] - Modify property of object successfully

2018-05-16 19:14:16 - [TEST_STEP][PASSED] - selectOptionByIndex: All options with index in [1] are selected on object ''

2018-05-16 19:14:16 - [MESSAGE][PASSED] - All options with index in [1] are selected on object ''

2018-05-16 19:14:16 - [TEST_STEP][PASSED] - Statement - batch = new com.kms.katalon.core.testobject.TestObject(): null

2018-05-16 19:14:16 - [TEST_STEP][PASSED] - Statement - batch = com.kms.katalon.core.webui.keyword.WebUiBuiltInKeywords.modifyObjectProperty(batch, "xpath", "equals", "//*[@id = "txtbthqty" + row + ""]", true): Modify property of object successfully

2018-05-16 19:14:16 - [MESSAGE][PASSED] - Modify property of object successfully

2018-05-16 19:14:16 - [TEST_STEP][PASSED] - Statement - batchqty = com.kms.katalon.core.webui.keyword.WebUiBuiltInKeywords.getAttribute(batch, "value").trim(): Attribute 'value' of object '' is: '5000'

2018-05-16 19:14:16 - [MESSAGE][PASSED] - Attribute 'value' of object '' is: '5000'

2018-05-16 19:14:16 - [TEST_STEP][PASSED] - Statement - Rqty = 100: null

2018-05-16 19:14:16 - [TEST_STEP][PASSED] - delay: Delayed 2 second(s)

2018-05-16 19:14:18 - [MESSAGE][PASSED] - Delayed 2 second(s)

2018-05-16 19:14:18 - [TEST_STEP][PASSED] - Statement - out.println("BatchQty : " + batchqty): null

2018-05-16 19:14:18 - [TEST_STEP][PASSED] - Statement - out.println("RQty : " + Rqty): null

2018-05-16 19:14:18 - [TEST_STEP][PASSED] - Statement - If (java.lang.Integer.valueOf(batchqty) >= java.lang.Integer.valueOf(Rqty)): null

2018-05-16 19:14:18 - [TEST_STEP][PASSED] - Statement - Break: null

2018-05-16 19:14:18 - [TEST_STEP][PASSED] - Statement - batchlength = new com.kms.katalon.core.testobject.TestObject(): null

2018-05-16 19:14:18 - [TEST_STEP][PASSED] - Statement - batchlength = com.kms.katalon.core.webui.keyword.WebUiBuiltInKeywords.modifyObjectProperty(batchlength, "xpath", "equals", "//*[@id = "fldvendor" + row + ""]", true): Modify property of object successfully

2018-05-16 19:14:18 - [MESSAGE][PASSED] - Modify property of object successfully

2018-05-16 19:14:18 - [TEST_STEP][PASSED] - Statement - batchsize = com.kms.katalon.core.webui.keyword.WebUiBuiltInKeywords.getNumberOfTotalOption(batchlength): 10 options of object '' counted

2018-05-16 19:14:18 - [MESSAGE][PASSED] - 10 options of object '' counted

2018-05-16 19:14:18 - [TEST_STEP][PASSED] - Statement - out.println("BatchSize : " + batchsize): null

2018-05-16 19:14:18 - [TEST_STEP][PASSED] - Statement - For ([n = 1, n <= batchsize - 1, (n++)]): null

2018-05-16 19:14:18 - [TEST_STEP][PASSED] - Statement - product = new com.kms.katalon.core.testobject.TestObject(): null

2018-05-16 19:14:18 - [TEST_STEP][PASSED] - Statement - product = com.kms.katalon.core.webui.keyword.WebUiBuiltInKeywords.modifyObjectProperty(product, "xpath", "equals", "//*[@id = "fldvendor" + row + ""]", true): Modify property of object successfully

2018-05-16 19:14:18 - [MESSAGE][PASSED] - Modify property of object successfully

2018-05-16 19:14:18 - [TEST_STEP][PASSED] - selectOptionByIndex: All options with index in [1] are selected on object ''

2018-05-16 19:14:18 - [MESSAGE][PASSED] - All options with index in [1] are selected on object ''

2018-05-16 19:14:18 - [TEST_STEP][PASSED] - Statement - batch = new com.kms.katalon.core.testobject.TestObject(): null

2018-05-16 19:14:18 - [TEST_STEP][PASSED] - Statement - batch = com.kms.katalon.core.webui.keyword.WebUiBuiltInKeywords.modifyObjectProperty(batch, "xpath", "equals", "//*[@id = "txtbthqty" + row + ""]", true): Modify property of object successfully

2018-05-16 19:14:18 - [MESSAGE][PASSED] - Modify property of object successfully

2018-05-16 19:14:18 - [TEST_STEP][PASSED] - Statement - batchqty = com.kms.katalon.core.webui.keyword.WebUiBuiltInKeywords.getAttribute(batch, "value").trim(): Attribute 'value' of object '' is: '5000'

2018-05-16 19:14:18 - [MESSAGE][PASSED] - Attribute 'value' of object '' is: '5000'

2018-05-16 19:14:18 - [TEST_STEP][PASSED] - Statement - Rqty = 100: null

2018-05-16 19:14:18 - [TEST_STEP][PASSED] - delay: Delayed 2 second(s)

2018-05-16 19:14:20 - [MESSAGE][PASSED] - Delayed 2 second(s)

2018-05-16 19:14:20 - [TEST_STEP][PASSED] - Statement - out.println("BatchQty : " + batchqty): null

2018-05-16 19:14:20 - [TEST_STEP][PASSED] - Statement - out.println("RQty : " + Rqty): null

2018-05-16 19:14:20 - [TEST_STEP][PASSED] - Statement - If (java.lang.Integer.valueOf(batchqty) >= java.lang.Integer.valueOf(Rqty)): null

2018-05-16 19:14:20 - [TEST_STEP][PASSED] - Statement - Break: null

2018-05-16 19:14:20 - [TEST_STEP][PASSED] - Statement - batchlength = new com.kms.katalon.core.testobject.TestObject(): null

2018-05-16 19:14:20 - [TEST_STEP][PASSED] - Statement - batchlength = com.kms.katalon.core.webui.keyword.WebUiBuiltInKeywords.modifyObjectProperty(batchlength, "xpath", "equals", "//*[@id = "fldvendor" + row + ""]", true): Modify property of object successfully

2018-05-16 19:14:20 - [MESSAGE][PASSED] - Modify property of object successfully

2018-05-16 19:14:20 - [TEST_STEP][PASSED] - Statement - batchsize = com.kms.katalon.core.webui.keyword.WebUiBuiltInKeywords.getNumberOfTotalOption(batchlength): 10 options of object '' counted

2018-05-16 19:14:21 - [MESSAGE][PASSED] - 10 options of object '' counted

2018-05-16 19:14:21 - [TEST_STEP][PASSED] - Statement - out.println("BatchSize : " + batchsize): null

2018-05-16 19:14:21 - [TEST_STEP][PASSED] - Statement - For ([n = 1, n <= batchsize - 1, (n++)]): null

2018-05-16 19:14:21 - [TEST_STEP][PASSED] - Statement - product = new com.kms.katalon.core.testobject.TestObject(): null

2018-05-16 19:14:21 - [TEST_STEP][PASSED] - Statement - product = com.kms.katalon.core.webui.keyword.WebUiBuiltInKeywords.modifyObjectProperty(product, "xpath", "equals", "//*[@id = "fldvendor" + row + ""]", true): Modify property of object successfully

2018-05-16 19:14:21 - [MESSAGE][PASSED] - Modify property of object successfully

2018-05-16 19:14:21 - [TEST_STEP][PASSED] - selectOptionByIndex: All options with index in [1] are selected on object ''

2018-05-16 19:14:21 - [MESSAGE][PASSED] - All options with index in [1] are selected on object ''

2018-05-16 19:14:21 - [TEST_STEP][PASSED] - Statement - batch = new com.kms.katalon.core.testobject.TestObject(): null

2018-05-16 19:14:21 - [TEST_STEP][PASSED] - Statement - batch = com.kms.katalon.core.webui.keyword.WebUiBuiltInKeywords.modifyObjectProperty(batch, "xpath", "equals", "//*[@id = "txtbthqty" + row + ""]", true): Modify property of object successfully

2018-05-16 19:14:21 - [MESSAGE][PASSED] - Modify property of object successfully

2018-05-16 19:14:21 - [TEST_STEP][PASSED] - Statement - batchqty = com.kms.katalon.core.webui.keyword.WebUiBuiltInKeywords.getAttribute(batch, "value").trim(): Attribute 'value' of object '' is: '28900'

2018-05-16 19:14:21 - [MESSAGE][PASSED] - Attribute 'value' of object '' is: '28900'

2018-05-16 19:14:21 - [TEST_STEP][PASSED] - Statement - Rqty = 100: null

2018-05-16 19:14:21 - [TEST_STEP][PASSED] - delay: Delayed 2 second(s)

2018-05-16 19:14:23 - [MESSAGE][PASSED] - Delayed 2 second(s)

2018-05-16 19:14:23 - [TEST_STEP][PASSED] - Statement - out.println("BatchQty : " + batchqty): null

2018-05-16 19:14:23 - [TEST_STEP][PASSED] - Statement - out.println("RQty : " + Rqty): null

2018-05-16 19:14:23 - [TEST_STEP][PASSED] - Statement - If (java.lang.Integer.valueOf(batchqty) >= java.lang.Integer.valueOf(Rqty)): null

2018-05-16 19:14:23 - [TEST_STEP][PASSED] - Statement - Break: null

2018-05-16 19:14:23 - [TEST_STEP][PASSED] - Statement - batchlength = new com.kms.katalon.core.testobject.TestObject(): null

2018-05-16 19:14:23 - [TEST_STEP][PASSED] - Statement - batchlength = com.kms.katalon.core.webui.keyword.WebUiBuiltInKeywords.modifyObjectProperty(batchlength, "xpath", "equals", "//*[@id = "fldvendor" + row + ""]", true): Modify property of object successfully

2018-05-16 19:14:23 - [MESSAGE][PASSED] - Modify property of object successfully

2018-05-16 19:14:23 - [TEST_STEP][PASSED] - Statement - batchsize = com.kms.katalon.core.webui.keyword.WebUiBuiltInKeywords.getNumberOfTotalOption(batchlength): 10 options of object '' counted

2018-05-16 19:14:23 - [MESSAGE][PASSED] - 10 options of object '' counted

2018-05-16 19:14:23 - [TEST_STEP][PASSED] - Statement - out.println("BatchSize : " + batchsize): null

2018-05-16 19:14:23 - [TEST_STEP][PASSED] - Statement - For ([n = 1, n <= batchsize - 1, (n++)]): null

2018-05-16 19:14:23 - [TEST_STEP][PASSED] - Statement - product = new com.kms.katalon.core.testobject.TestObject(): null

2018-05-16 19:14:23 - [TEST_STEP][PASSED] - Statement - product = com.kms.katalon.core.webui.keyword.WebUiBuiltInKeywords.modifyObjectProperty(product, "xpath", "equals", "//*[@id = "fldvendor" + row + ""]", true): Modify property of object successfully

2018-05-16 19:14:23 - [MESSAGE][PASSED] - Modify property of object successfully

2018-05-16 19:14:23 - [TEST_STEP][PASSED] - selectOptionByIndex: All options with index in [1] are selected on object ''

2018-05-16 19:14:23 - [MESSAGE][PASSED] - All options with index in [1] are selected on object ''

2018-05-16 19:14:23 - [TEST_STEP][PASSED] - Statement - batch = new com.kms.katalon.core.testobject.TestObject(): null

2018-05-16 19:14:23 - [TEST_STEP][PASSED] - Statement - batch = com.kms.katalon.core.webui.keyword.WebUiBuiltInKeywords.modifyObjectProperty(batch, "xpath", "equals", "//*[@id = "txtbthqty" + row + ""]", true): Modify property of object successfully

2018-05-16 19:14:23 - [MESSAGE][PASSED] - Modify property of object successfully

2018-05-16 19:14:23 - [TEST_STEP][PASSED] - Statement - batchqty = com.kms.katalon.core.webui.keyword.WebUiBuiltInKeywords.getAttribute(batch, "value").trim(): Attribute 'value' of object '' is: '4000'

2018-05-16 19:14:23 - [MESSAGE][PASSED] - Attribute 'value' of object '' is: '4000'

2018-05-16 19:14:23 - [TEST_STEP][PASSED] - Statement - Rqty = 100: null

2018-05-16 19:14:23 - [TEST_STEP][PASSED] - delay: Delayed 2 second(s)

2018-05-16 19:14:25 - [MESSAGE][PASSED] - Delayed 2 second(s)

2018-05-16 19:14:25 - [TEST_STEP][PASSED] - Statement - out.println("BatchQty : " + batchqty): null

2018-05-16 19:14:25 - [TEST_STEP][PASSED] - Statement - out.println("RQty : " + Rqty): null

2018-05-16 19:14:25 - [TEST_STEP][PASSED] - Statement - If (java.lang.Integer.valueOf(batchqty) >= java.lang.Integer.valueOf(Rqty)): null

2018-05-16 19:14:25 - [TEST_STEP][PASSED] - Statement - Break: null

2018-05-16 19:14:25 - [TEST_STEP][PASSED] - Statement - batchlength = new com.kms.katalon.core.testobject.TestObject(): null

2018-05-16 19:14:25 - [TEST_STEP][PASSED] - Statement - batchlength = com.kms.katalon.core.webui.keyword.WebUiBuiltInKeywords.modifyObjectProperty(batchlength, "xpath", "equals", "//*[@id = "fldvendor" + row + ""]", true): Modify property of object successfully

2018-05-16 19:14:25 - [MESSAGE][PASSED] - Modify property of object successfully

2018-05-16 19:14:25 - [TEST_STEP][PASSED] - Statement - batchsize = com.kms.katalon.core.webui.keyword.WebUiBuiltInKeywords.getNumberOfTotalOption(batchlength): 10 options of object '' counted

2018-05-16 19:14:25 - [MESSAGE][PASSED] - 10 options of object '' counted

2018-05-16 19:14:25 - [TEST_STEP][PASSED] - Statement - out.println("BatchSize : " + batchsize): null

2018-05-16 19:14:25 - [TEST_STEP][PASSED] - Statement - For ([n = 1, n <= batchsize - 1, (n++)]): null

2018-05-16 19:14:25 - [TEST_STEP][PASSED] - Statement - product = new com.kms.katalon.core.testobject.TestObject(): null

2018-05-16 19:14:25 - [TEST_STEP][PASSED] - Statement - product = com.kms.katalon.core.webui.keyword.WebUiBuiltInKeywords.modifyObjectProperty(product, "xpath", "equals", "//*[@id = "fldvendor" + row + ""]", true): Modify property of object successfully

2018-05-16 19:14:25 - [MESSAGE][PASSED] - Modify property of object successfully

2018-05-16 19:14:25 - [TEST_STEP][PASSED] - selectOptionByIndex: All options with index in [1] are selected on object ''

2018-05-16 19:14:25 - [MESSAGE][PASSED] - All options with index in [1] are selected on object ''

2018-05-16 19:14:25 - [TEST_STEP][PASSED] - Statement - batch = new com.kms.katalon.core.testobject.TestObject(): null

2018-05-16 19:14:25 - [TEST_STEP][PASSED] - Statement - batch = com.kms.katalon.core.webui.keyword.WebUiBuiltInKeywords.modifyObjectProperty(batch, "xpath", "equals", "//*[@id = "txtbthqty" + row + ""]", true): Modify property of object successfully

2018-05-16 19:14:25 - [MESSAGE][PASSED] - Modify property of object successfully

2018-05-16 19:14:25 - [TEST_STEP][PASSED] - Statement - batchqty = com.kms.katalon.core.webui.keyword.WebUiBuiltInKeywords.getAttribute(batch, "value").trim(): Attribute 'value' of object '' is: '5000'

2018-05-16 19:14:25 - [MESSAGE][PASSED] - Attribute 'value' of object '' is: '5000'

2018-05-16 19:14:25 - [TEST_STEP][PASSED] - Statement - Rqty = 100: null

2018-05-16 19:14:25 - [TEST_STEP][PASSED] - delay: Delayed 2 second(s)

2018-05-16 19:14:27 - [MESSAGE][PASSED] - Delayed 2 second(s)

2018-05-16 19:14:27 - [TEST_STEP][PASSED] - Statement - out.println("BatchQty : " + batchqty): null

2018-05-16 19:14:27 - [TEST_STEP][PASSED] - Statement - out.println("RQty : " + Rqty): null

2018-05-16 19:14:27 - [TEST_STEP][PASSED] - Statement - If (java.lang.Integer.valueOf(batchqty) >= java.lang.Integer.valueOf(Rqty)): null

2018-05-16 19:14:27 - [TEST_STEP][PASSED] - Statement - Break: null

2018-05-16 19:14:27 - [TEST_STEP][PASSED] - Statement - batchlength = new com.kms.katalon.core.testobject.TestObject(): null

2018-05-16 19:14:27 - [TEST_STEP][PASSED] - Statement - batchlength = com.kms.katalon.core.webui.keyword.WebUiBuiltInKeywords.modifyObjectProperty(batchlength, "xpath", "equals", "//*[@id = "fldvendor" + row + ""]", true): Modify property of object successfully

2018-05-16 19:14:27 - [MESSAGE][PASSED] - Modify property of object successfully

2018-05-16 19:14:27 - [TEST_STEP][PASSED] - Statement - batchsize = com.kms.katalon.core.webui.keyword.WebUiBuiltInKeywords.getNumberOfTotalOption(batchlength): 10 options of object '' counted

2018-05-16 19:14:27 - [MESSAGE][PASSED] - 10 options of object '' counted

2018-05-16 19:14:27 - [TEST_STEP][PASSED] - Statement - out.println("BatchSize : " + batchsize): null

2018-05-16 19:14:27 - [TEST_STEP][PASSED] - Statement - For ([n = 1, n <= batchsize - 1, (n++)]): null

2018-05-16 19:14:27 - [TEST_STEP][PASSED] - Statement - product = new com.kms.katalon.core.testobject.TestObject(): null

2018-05-16 19:14:27 - [TEST_STEP][PASSED] - Statement - product = com.kms.katalon.core.webui.keyword.WebUiBuiltInKeywords.modifyObjectProperty(product, "xpath", "equals", "//*[@id = "fldvendor" + row + ""]", true): Modify property of object successfully

2018-05-16 19:14:27 - [MESSAGE][PASSED] - Modify property of object successfully

2018-05-16 19:14:27 - [TEST_STEP][PASSED] - selectOptionByIndex: All options with index in [1] are selected on object ''

2018-05-16 19:14:27 - [MESSAGE][PASSED] - All options with index in [1] are selected on object ''

2018-05-16 19:14:27 - [TEST_STEP][PASSED] - Statement - batch = new com.kms.katalon.core.testobject.TestObject(): null

2018-05-16 19:14:27 - [TEST_STEP][PASSED] - Statement - batch = com.kms.katalon.core.webui.keyword.WebUiBuiltInKeywords.modifyObjectProperty(batch, "xpath", "equals", "//*[@id = "txtbthqty" + row + ""]", true): Modify property of object successfully

2018-05-16 19:14:27 - [MESSAGE][PASSED] - Modify property of object successfully

2018-05-16 19:14:27 - [TEST_STEP][PASSED] - Statement - batchqty = com.kms.katalon.core.webui.keyword.WebUiBuiltInKeywords.getAttribute(batch, "value").trim(): Attribute 'value' of object '' is: '28900'

2018-05-16 19:14:27 - [MESSAGE][PASSED] - Attribute 'value' of object '' is: '28900'

2018-05-16 19:14:27 - [TEST_STEP][PASSED] - Statement - Rqty = 100: null

2018-05-16 19:14:27 - [TEST_STEP][PASSED] - delay: Delayed 2 second(s)

2018-05-16 19:14:29 - [MESSAGE][PASSED] - Delayed 2 second(s)

2018-05-16 19:14:29 - [TEST_STEP][PASSED] - Statement - out.println("BatchQty : " + batchqty): null

2018-05-16 19:14:29 - [TEST_STEP][PASSED] - Statement - out.println("RQty : " + Rqty): null

2018-05-16 19:14:30 - [TEST_STEP][PASSED] - Statement - If (java.lang.Integer.valueOf(batchqty) >= java.lang.Integer.valueOf(Rqty)): null

2018-05-16 19:14:30 - [TEST_STEP][PASSED] - Statement - Break: null

2018-05-16 19:14:30 - [TEST_STEP][PASSED] - Statement - batchlength = new com.kms.katalon.core.testobject.TestObject(): null

2018-05-16 19:14:30 - [TEST_STEP][PASSED] - Statement - batchlength = com.kms.katalon.core.webui.keyword.WebUiBuiltInKeywords.modifyObjectProperty(batchlength, "xpath", "equals", "//*[@id = "fldvendor" + row + ""]", true): Modify property of object successfully

2018-05-16 19:14:30 - [MESSAGE][PASSED] - Modify property of object successfully

2018-05-16 19:14:30 - [TEST_STEP][PASSED] - Statement - batchsize = com.kms.katalon.core.webui.keyword.WebUiBuiltInKeywords.getNumberOfTotalOption(batchlength): 10 options of object '' counted

2018-05-16 19:14:30 - [MESSAGE][PASSED] - 10 options of object '' counted

2018-05-16 19:14:30 - [TEST_STEP][PASSED] - Statement - out.println("BatchSize : " + batchsize): null

2018-05-16 19:14:30 - [TEST_STEP][PASSED] - Statement - For ([n = 1, n <= batchsize - 1, (n++)]): null

2018-05-16 19:14:30 - [TEST_STEP][PASSED] - Statement - product = new com.kms.katalon.core.testobject.TestObject(): null

2018-05-16 19:14:30 - [TEST_STEP][PASSED] - Statement - product = com.kms.katalon.core.webui.keyword.WebUiBuiltInKeywords.modifyObjectProperty(product, "xpath", "equals", "//*[@id = "fldvendor" + row + ""]", true): Modify property of object successfully

2018-05-16 19:14:30 - [MESSAGE][PASSED] - Modify property of object successfully

2018-05-16 19:14:30 - [TEST_STEP][PASSED] - selectOptionByIndex: All options with index in [1] are selected on object ''

2018-05-16 19:14:30 - [MESSAGE][PASSED] - All options with index in [1] are selected on object ''

2018-05-16 19:14:30 - [TEST_STEP][PASSED] - Statement - batch = new com.kms.katalon.core.testobject.TestObject(): null

2018-05-16 19:14:30 - [TEST_STEP][PASSED] - Statement - batch = com.kms.katalon.core.webui.keyword.WebUiBuiltInKeywords.modifyObjectProperty(batch, "xpath", "equals", "//*[@id = "txtbthqty" + row + ""]", true): Modify property of object successfully

2018-05-16 19:14:30 - [MESSAGE][PASSED] - Modify property of object successfully

2018-05-16 19:14:30 - [TEST_STEP][PASSED] - Statement - batchqty = com.kms.katalon.core.webui.keyword.WebUiBuiltInKeywords.getAttribute(batch, "value").trim(): Attribute 'value' of object '' is: '5000'

2018-05-16 19:14:30 - [MESSAGE][PASSED] - Attribute 'value' of object '' is: '5000'

2018-05-16 19:14:30 - [TEST_STEP][PASSED] - Statement - Rqty = 100: null

2018-05-16 19:14:30 - [TEST_STEP][PASSED] - delay: Delayed 2 second(s)

2018-05-16 19:14:32 - [MESSAGE][PASSED] - Delayed 2 second(s)

2018-05-16 19:14:32 - [TEST_STEP][PASSED] - Statement - out.println("BatchQty : " + batchqty): null

2018-05-16 19:14:32 - [TEST_STEP][PASSED] - Statement - out.println("RQty : " + Rqty): null

2018-05-16 19:14:32 - [TEST_STEP][PASSED] - Statement - If (java.lang.Integer.valueOf(batchqty) >= java.lang.Integer.valueOf(Rqty)): null

2018-05-16 19:14:32 - [TEST_STEP][PASSED] - Statement - Break: null

2018-05-16 19:14:32 - [TEST_STEP][PASSED] - Statement - batchlength = new com.kms.katalon.core.testobject.TestObject(): null

2018-05-16 19:14:32 - [TEST_STEP][PASSED] - Statement - batchlength = com.kms.katalon.core.webui.keyword.WebUiBuiltInKeywords.modifyObjectProperty(batchlength, "xpath", "equals", "//*[@id = "fldvendor" + row + ""]", true): Modify property of object successfully

2018-05-16 19:14:32 - [MESSAGE][PASSED] - Modify property of object successfully

2018-05-16 19:14:32 - [TEST_STEP][PASSED] - Statement - batchsize = com.kms.katalon.core.webui.keyword.WebUiBuiltInKeywords.getNumberOfTotalOption(batchlength): 10 options of object '' counted

2018-05-16 19:14:32 - [MESSAGE][PASSED] - 10 options of object '' counted

2018-05-16 19:14:32 - [TEST_STEP][PASSED] - Statement - out.println("BatchSize : " + batchsize): null

2018-05-16 19:14:32 - [TEST_STEP][PASSED] - Statement - For ([n = 1, n <= batchsize - 1, (n++)]): null

2018-05-16 19:14:32 - [TEST_STEP][PASSED] - Statement - product = new com.kms.katalon.core.testobject.TestObject(): null

2018-05-16 19:14:32 - [TEST_STEP][PASSED] - Statement - product = com.kms.katalon.core.webui.keyword.WebUiBuiltInKeywords.modifyObjectProperty(product, "xpath", "equals", "//*[@id = "fldvendor" + row + ""]", true): Modify property of object successfully

2018-05-16 19:14:32 - [MESSAGE][PASSED] - Modify property of object successfully

2018-05-16 19:14:32 - [TEST_STEP][PASSED] - selectOptionByIndex: All options with index in [1] are selected on object ''

2018-05-16 19:14:32 - [MESSAGE][PASSED] - All options with index in [1] are selected on object ''

2018-05-16 19:14:32 - [TEST_STEP][PASSED] - Statement - batch = new com.kms.katalon.core.testobject.TestObject(): null

2018-05-16 19:14:32 - [TEST_STEP][PASSED] - Statement - batch = com.kms.katalon.core.webui.keyword.WebUiBuiltInKeywords.modifyObjectProperty(batch, "xpath", "equals", "//*[@id = "txtbthqty" + row + ""]", true): Modify property of object successfully

2018-05-16 19:14:32 - [MESSAGE][PASSED] - Modify property of object successfully

2018-05-16 19:14:32 - [TEST_STEP][PASSED] - Statement - batchqty = com.kms.katalon.core.webui.keyword.WebUiBuiltInKeywords.getAttribute(batch, "value").trim(): Attribute 'value' of object '' is: '28900'

2018-05-16 19:14:32 - [MESSAGE][PASSED] - Attribute 'value' of object '' is: '28900'

2018-05-16 19:14:32 - [TEST_STEP][PASSED] - Statement - Rqty = 100: null

2018-05-16 19:14:32 - [TEST_STEP][PASSED] - delay: Delayed 2 second(s)

2018-05-16 19:14:34 - [MESSAGE][PASSED] - Delayed 2 second(s)

2018-05-16 19:14:34 - [TEST_STEP][PASSED] - Statement - out.println("BatchQty : " + batchqty): null

2018-05-16 19:14:34 - [TEST_STEP][PASSED] - Statement - out.println("RQty : " + Rqty): null

2018-05-16 19:14:34 - [TEST_STEP][PASSED] - Statement - If (java.lang.Integer.valueOf(batchqty) >= java.lang.Integer.valueOf(Rqty)): null

2018-05-16 19:14:34 - [TEST_STEP][PASSED] - Statement - Break: null

2018-05-16 19:14:34 - [TEST_STEP][PASSED] - Statement - batchlength = new com.kms.katalon.core.testobject.TestObject(): null

2018-05-16 19:14:34 - [TEST_STEP][PASSED] - Statement - batchlength = com.kms.katalon.core.webui.keyword.WebUiBuiltInKeywords.modifyObjectProperty(batchlength, "xpath", "equals", "//*[@id = "fldvendor" + row + ""]", true): Modify property of object successfully

2018-05-16 19:14:34 - [MESSAGE][PASSED] - Modify property of object successfully

2018-05-16 19:14:34 - [TEST_STEP][PASSED] - Statement - batchsize = com.kms.katalon.core.webui.keyword.WebUiBuiltInKeywords.getNumberOfTotalOption(batchlength): 10 options of object '' counted

2018-05-16 19:14:34 - [MESSAGE][PASSED] - 10 options of object '' counted

2018-05-16 19:14:34 - [TEST_STEP][PASSED] - Statement - out.println("BatchSize : " + batchsize): null

2018-05-16 19:14:34 - [TEST_STEP][PASSED] - Statement - For ([n = 1, n <= batchsize - 1, (n++)]): null

2018-05-16 19:14:34 - [TEST_STEP][PASSED] - Statement - product = new com.kms.katalon.core.testobject.TestObject(): null

2018-05-16 19:14:34 - [TEST_STEP][PASSED] - Statement - product = com.kms.katalon.core.webui.keyword.WebUiBuiltInKeywords.modifyObjectProperty(product, "xpath", "equals", "//*[@id = "fldvendor" + row + ""]", true): Modify property of object successfully

2018-05-16 19:14:34 - [MESSAGE][PASSED] - Modify property of object successfully

2018-05-16 19:14:34 - [TEST_STEP][PASSED] - selectOptionByIndex: All options with index in [1] are selected on object ''

2018-05-16 19:14:34 - [MESSAGE][PASSED] - All options with index in [1] are selected on object ''

2018-05-16 19:14:34 - [TEST_STEP][PASSED] - Statement - batch = new com.kms.katalon.core.testobject.TestObject(): null

2018-05-16 19:14:34 - [TEST_STEP][PASSED] - Statement - batch = com.kms.katalon.core.webui.keyword.WebUiBuiltInKeywords.modifyObjectProperty(batch, "xpath", "equals", "//*[@id = "txtbthqty" + row + ""]", true): Modify property of object successfully

2018-05-16 19:14:34 - [MESSAGE][PASSED] - Modify property of object successfully

2018-05-16 19:14:34 - [TEST_STEP][PASSED] - Statement - batchqty = com.kms.katalon.core.webui.keyword.WebUiBuiltInKeywords.getAttribute(batch, "value").trim(): Attribute 'value' of object '' is: '5000'

2018-05-16 19:14:34 - [MESSAGE][PASSED] - Attribute 'value' of object '' is: '5000'

2018-05-16 19:14:34 - [TEST_STEP][PASSED] - Statement - Rqty = 100: null

2018-05-16 19:14:34 - [TEST_STEP][PASSED] - delay: Delayed 2 second(s)

2018-05-16 19:14:36 - [MESSAGE][PASSED] - Delayed 2 second(s)

2018-05-16 19:14:36 - [TEST_STEP][PASSED] - Statement - out.println("BatchQty : " + batchqty): null

2018-05-16 19:14:36 - [TEST_STEP][PASSED] - Statement - out.println("RQty : " + Rqty): null

2018-05-16 19:14:36 - [TEST_STEP][PASSED] - Statement - If (java.lang.Integer.valueOf(batchqty) >= java.lang.Integer.valueOf(Rqty)): null

2018-05-16 19:14:36 - [TEST_STEP][PASSED] - Statement - Break: null

2018-05-16 19:14:36 - [TEST_STEP][PASSED] - Statement - batchlength = new com.kms.katalon.core.testobject.TestObject(): null

2018-05-16 19:14:36 - [TEST_STEP][PASSED] - Statement - batchlength = com.kms.katalon.core.webui.keyword.WebUiBuiltInKeywords.modifyObjectProperty(batchlength, "xpath", "equals", "//*[@id = "fldvendor" + row + ""]", true): Modify property of object successfully

2018-05-16 19:14:36 - [MESSAGE][PASSED] - Modify property of object successfully

2018-05-16 19:14:36 - [TEST_STEP][PASSED] - Statement - batchsize = com.kms.katalon.core.webui.keyword.WebUiBuiltInKeywords.getNumberOfTotalOption(batchlength): 19 options of object '' counted

2018-05-16 19:14:36 - [MESSAGE][PASSED] - 19 options of object '' counted

2018-05-16 19:14:36 - [TEST_STEP][PASSED] - Statement - out.println("BatchSize : " + batchsize): null

2018-05-16 19:14:36 - [TEST_STEP][PASSED] - Statement - For ([n = 1, n <= batchsize - 1, (n++)]): null

2018-05-16 19:14:36 - [TEST_STEP][PASSED] - Statement - product = new com.kms.katalon.core.testobject.TestObject(): null

2018-05-16 19:14:36 - [TEST_STEP][PASSED] - Statement - product = com.kms.katalon.core.webui.keyword.WebUiBuiltInKeywords.modifyObjectProperty(product, "xpath", "equals", "//*[@id = "fldvendor" + row + ""]", true): Modify property of object successfully

2018-05-16 19:14:36 - [MESSAGE][PASSED] - Modify property of object successfully

2018-05-16 19:14:36 - [TEST_STEP][PASSED] - selectOptionByIndex: All options with index in [1] are selected on object ''

2018-05-16 19:14:36 - [MESSAGE][PASSED] - All options with index in [1] are selected on object ''

2018-05-16 19:14:36 - [TEST_STEP][PASSED] - Statement - batch = new com.kms.katalon.core.testobject.TestObject(): null

2018-05-16 19:14:36 - [TEST_STEP][PASSED] - Statement - batch = com.kms.katalon.core.webui.keyword.WebUiBuiltInKeywords.modifyObjectProperty(batch, "xpath", "equals", "//*[@id = "txtbthqty" + row + ""]", true): Modify property of object successfully

2018-05-16 19:14:36 - [MESSAGE][PASSED] - Modify property of object successfully

2018-05-16 19:14:36 - [TEST_STEP][PASSED] - Statement - batchqty = com.kms.katalon.core.webui.keyword.WebUiBuiltInKeywords.getAttribute(batch, "value").trim(): Attribute 'value' of object '' is: '8000'

2018-05-16 19:14:37 - [MESSAGE][PASSED] - Attribute 'value' of object '' is: '8000'

2018-05-16 19:14:37 - [TEST_STEP][PASSED] - Statement - Rqty = 100: null

2018-05-16 19:14:37 - [TEST_STEP][PASSED] - delay: Delayed 2 second(s)

2018-05-16 19:14:39 - [MESSAGE][PASSED] - Delayed 2 second(s)

2018-05-16 19:14:39 - [TEST_STEP][PASSED] - Statement - out.println("BatchQty : " + batchqty): null

2018-05-16 19:14:39 - [TEST_STEP][PASSED] - Statement - out.println("RQty : " + Rqty): null

2018-05-16 19:14:39 - [TEST_STEP][PASSED] - Statement - If (java.lang.Integer.valueOf(batchqty) >= java.lang.Integer.valueOf(Rqty)): null

2018-05-16 19:14:39 - [TEST_STEP][PASSED] - Statement - Break: null

2018-05-16 19:14:39 - [TEST_STEP][PASSED] - Statement - batchlength = new com.kms.katalon.core.testobject.TestObject(): null

2018-05-16 19:14:39 - [TEST_STEP][PASSED] - Statement - batchlength = com.kms.katalon.core.webui.keyword.WebUiBuiltInKeywords.modifyObjectProperty(batchlength, "xpath", "equals", "//*[@id = "fldvendor" + row + ""]", true): Modify property of object successfully

2018-05-16 19:14:39 - [MESSAGE][PASSED] - Modify property of object successfully

2018-05-16 19:14:39 - [TEST_STEP][PASSED] - Statement - batchsize = com.kms.katalon.core.webui.keyword.WebUiBuiltInKeywords.getNumberOfTotalOption(batchlength): 19 options of object '' counted

2018-05-16 19:14:39 - [MESSAGE][PASSED] - 19 options of object '' counted

2018-05-16 19:14:39 - [TEST_STEP][PASSED] - Statement - out.println("BatchSize : " + batchsize): null

2018-05-16 19:14:39 - [TEST_STEP][PASSED] - Statement - For ([n = 1, n <= batchsize - 1, (n++)]): null

2018-05-16 19:14:39 - [TEST_STEP][PASSED] - Statement - product = new com.kms.katalon.core.testobject.TestObject(): null

2018-05-16 19:14:39 - [TEST_STEP][PASSED] - Statement - product = com.kms.katalon.core.webui.keyword.WebUiBuiltInKeywords.modifyObjectProperty(product, "xpath", "equals", "//*[@id = "fldvendor" + row + ""]", true): Modify property of object successfully

2018-05-16 19:14:39 - [MESSAGE][PASSED] - Modify property of object successfully

2018-05-16 19:14:39 - [TEST_STEP][PASSED] - selectOptionByIndex: All options with index in [1] are selected on object ''

2018-05-16 19:14:39 - [MESSAGE][PASSED] - All options with index in [1] are selected on object ''

2018-05-16 19:14:39 - [TEST_STEP][PASSED] - Statement - batch = new com.kms.katalon.core.testobject.TestObject(): null

2018-05-16 19:14:39 - [TEST_STEP][PASSED] - Statement - batch = com.kms.katalon.core.webui.keyword.WebUiBuiltInKeywords.modifyObjectProperty(batch, "xpath", "equals", "//*[@id = "txtbthqty" + row + ""]", true): Modify property of object successfully

2018-05-16 19:14:39 - [MESSAGE][PASSED] - Modify property of object successfully

2018-05-16 19:14:39 - [TEST_STEP][PASSED] - Statement - batchqty = com.kms.katalon.core.webui.keyword.WebUiBuiltInKeywords.getAttribute(batch, "value").trim(): Attribute 'value' of object '' is: '8000'

2018-05-16 19:14:39 - [MESSAGE][PASSED] - Attribute 'value' of object '' is: '8000'

2018-05-16 19:14:39 - [TEST_STEP][PASSED] - Statement - Rqty = 100: null

2018-05-16 19:14:39 - [TEST_STEP][PASSED] - delay: Delayed 2 second(s)

2018-05-16 19:14:41 - [MESSAGE][PASSED] - Delayed 2 second(s)

2018-05-16 19:14:41 - [TEST_STEP][PASSED] - Statement - out.println("BatchQty : " + batchqty): null

2018-05-16 19:14:41 - [TEST_STEP][PASSED] - Statement - out.println("RQty : " + Rqty): null

2018-05-16 19:14:41 - [TEST_STEP][PASSED] - Statement - If (java.lang.Integer.valueOf(batchqty) >= java.lang.Integer.valueOf(Rqty)): null

2018-05-16 19:14:41 - [TEST_STEP][PASSED] - Statement - Break: null

2018-05-16 19:14:41 - [TEST_STEP][PASSED] - Statement - batchlength = new com.kms.katalon.core.testobject.TestObject(): null

2018-05-16 19:14:41 - [TEST_STEP][PASSED] - Statement - batchlength = com.kms.katalon.core.webui.keyword.WebUiBuiltInKeywords.modifyObjectProperty(batchlength, "xpath", "equals", "//*[@id = "fldvendor" + row + ""]", true): Modify property of object successfully

2018-05-16 19:14:41 - [MESSAGE][PASSED] - Modify property of object successfully

2018-05-16 19:14:41 - [TEST_STEP][PASSED] - Statement - batchsize = com.kms.katalon.core.webui.keyword.WebUiBuiltInKeywords.getNumberOfTotalOption(batchlength): 10 options of object '' counted

2018-05-16 19:14:41 - [MESSAGE][PASSED] - 10 options of object '' counted

2018-05-16 19:14:41 - [TEST_STEP][PASSED] - Statement - out.println("BatchSize : " + batchsize): null

2018-05-16 19:14:41 - [TEST_STEP][PASSED] - Statement - For ([n = 1, n <= batchsize - 1, (n++)]): null

2018-05-16 19:14:41 - [TEST_STEP][PASSED] - Statement - product = new com.kms.katalon.core.testobject.TestObject(): null

2018-05-16 19:14:41 - [TEST_STEP][PASSED] - Statement - product = com.kms.katalon.core.webui.keyword.WebUiBuiltInKeywords.modifyObjectProperty(product, "xpath", "equals", "//*[@id = "fldvendor" + row + ""]", true): Modify property of object successfully

2018-05-16 19:14:41 - [MESSAGE][PASSED] - Modify property of object successfully

2018-05-16 19:14:41 - [TEST_STEP][PASSED] - selectOptionByIndex: All options with index in [1] are selected on object ''

2018-05-16 19:14:41 - [MESSAGE][PASSED] - All options with index in [1] are selected on object ''

2018-05-16 19:14:41 - [TEST_STEP][PASSED] - Statement - batch = new com.kms.katalon.core.testobject.TestObject(): null

2018-05-16 19:14:41 - [TEST_STEP][PASSED] - Statement - batch = com.kms.katalon.core.webui.keyword.WebUiBuiltInKeywords.modifyObjectProperty(batch, "xpath", "equals", "//*[@id = "txtbthqty" + row + ""]", true): Modify property of object successfully

2018-05-16 19:14:41 - [MESSAGE][PASSED] - Modify property of object successfully

2018-05-16 19:14:41 - [TEST_STEP][PASSED] - Statement - batchqty = com.kms.katalon.core.webui.keyword.WebUiBuiltInKeywords.getAttribute(batch, "value").trim(): Attribute 'value' of object '' is: '5000'

2018-05-16 19:14:41 - [MESSAGE][PASSED] - Attribute 'value' of object '' is: '5000'

2018-05-16 19:14:41 - [TEST_STEP][PASSED] - Statement - Rqty = 100: null

2018-05-16 19:14:41 - [TEST_STEP][PASSED] - delay: Delayed 2 second(s)

2018-05-16 19:14:43 - [MESSAGE][PASSED] - Delayed 2 second(s)

2018-05-16 19:14:43 - [TEST_STEP][PASSED] - Statement - out.println("BatchQty : " + batchqty): null

2018-05-16 19:14:43 - [TEST_STEP][PASSED] - Statement - out.println("RQty : " + Rqty): null

2018-05-16 19:14:43 - [TEST_STEP][PASSED] - Statement - If (java.lang.Integer.valueOf(batchqty) >= java.lang.Integer.valueOf(Rqty)): null

2018-05-16 19:14:43 - [TEST_STEP][PASSED] - Statement - Break: null

2018-05-16 19:14:43 - [TEST_STEP][PASSED] - Statement - batchlength = new com.kms.katalon.core.testobject.TestObject(): null

2018-05-16 19:14:43 - [TEST_STEP][PASSED] - Statement - batchlength = com.kms.katalon.core.webui.keyword.WebUiBuiltInKeywords.modifyObjectProperty(batchlength, "xpath", "equals", "//*[@id = "fldvendor" + row + ""]", true): Modify property of object successfully

2018-05-16 19:14:43 - [MESSAGE][PASSED] - Modify property of object successfully

2018-05-16 19:14:43 - [TEST_STEP][PASSED] - Statement - batchsize = com.kms.katalon.core.webui.keyword.WebUiBuiltInKeywords.getNumberOfTotalOption(batchlength): 10 options of object '' counted

2018-05-16 19:14:43 - [MESSAGE][PASSED] - 10 options of object '' counted

2018-05-16 19:14:43 - [TEST_STEP][PASSED] - Statement - out.println("BatchSize : " + batchsize): null

2018-05-16 19:14:43 - [TEST_STEP][PASSED] - Statement - For ([n = 1, n <= batchsize - 1, (n++)]): null

2018-05-16 19:14:43 - [TEST_STEP][PASSED] - Statement - product = new com.kms.katalon.core.testobject.TestObject(): null

2018-05-16 19:14:43 - [TEST_STEP][PASSED] - Statement - product = com.kms.katalon.core.webui.keyword.WebUiBuiltInKeywords.modifyObjectProperty(product, "xpath", "equals", "//*[@id = "fldvendor" + row + ""]", true): Modify property of object successfully

2018-05-16 19:14:43 - [MESSAGE][PASSED] - Modify property of object successfully

2018-05-16 19:14:43 - [TEST_STEP][PASSED] - selectOptionByIndex: All options with index in [1] are selected on object ''

2018-05-16 19:14:43 - [MESSAGE][PASSED] - All options with index in [1] are selected on object ''

2018-05-16 19:14:43 - [TEST_STEP][PASSED] - Statement - batch = new com.kms.katalon.core.testobject.TestObject(): null

2018-05-16 19:14:43 - [TEST_STEP][PASSED] - Statement - batch = com.kms.katalon.core.webui.keyword.WebUiBuiltInKeywords.modifyObjectProperty(batch, "xpath", "equals", "//*[@id = "txtbthqty" + row + ""]", true): Modify property of object successfully

2018-05-16 19:14:43 - [MESSAGE][PASSED] - Modify property of object successfully

2018-05-16 19:14:43 - [TEST_STEP][PASSED] - Statement - batchqty = com.kms.katalon.core.webui.keyword.WebUiBuiltInKeywords.getAttribute(batch, "value").trim(): Attribute 'value' of object '' is: '28900'

2018-05-16 19:14:43 - [MESSAGE][PASSED] - Attribute 'value' of object '' is: '28900'

2018-05-16 19:14:43 - [TEST_STEP][PASSED] - Statement - Rqty = 100: null

2018-05-16 19:14:43 - [TEST_STEP][PASSED] - delay: Delayed 2 second(s)

2018-05-16 19:14:45 - [MESSAGE][PASSED] - Delayed 2 second(s)

2018-05-16 19:14:45 - [TEST_STEP][PASSED] - Statement - out.println("BatchQty : " + batchqty): null

2018-05-16 19:14:45 - [TEST_STEP][PASSED] - Statement - out.println("RQty : " + Rqty): null

2018-05-16 19:14:45 - [TEST_STEP][PASSED] - Statement - If (java.lang.Integer.valueOf(batchqty) >= java.lang.Integer.valueOf(Rqty)): null

2018-05-16 19:14:45 - [TEST_STEP][PASSED] - Statement - Break: null

2018-05-16 19:14:45 - [TEST_STEP][PASSED] - click: Object: 'Object Repository/store Request Schedule 1/Page_KDMC - CMS/input_btndispatch' is clicked on

2018-05-16 19:14:45 - [MESSAGE][PASSED] - Object: 'Object Repository/store Request Schedule 1/Page_KDMC - CMS/input_btndispatch' is clicked on

2018-05-16 19:14:45 - [TEST_STEP][PASSED] - delay: Delayed 3 second(s)

2018-05-16 19:14:48 - [MESSAGE][PASSED] - Delayed 3 second(s)

2018-05-16 19:14:48 - [TEST_STEP][PASSED] - click: Object: 'Object Repository/store Request Schedule 1/Page_KDMC - CMS/button_OK' is clicked on

2018-05-16 19:14:49 - [MESSAGE][PASSED] - Object: 'Object Repository/store Request Schedule 1/Page_KDMC - CMS/button_OK' is clicked on

2018-05-16 19:14:49 - [TEST_STEP][PASSED] - delay: Delayed 3 second(s)

2018-05-16 19:14:52 - [MESSAGE][PASSED] - Delayed 3 second(s)

2018-05-16 19:14:52 - [TEST_STEP][PASSED] - click: Object: 'Object Repository/store Request Schedule 1/Page_KDMC - CMS/a_dropdown-toggle' is clicked on

2018-05-16 19:14:52 - [MESSAGE][PASSED] - Object: 'Object Repository/store Request Schedule 1/Page_KDMC - CMS/a_dropdown-toggle' is clicked on

2018-05-16 19:14:52 - [TEST_STEP][PASSED] - click: Object: 'Object Repository/store Request Schedule 1/Page_KDMC - CMS/a_Sign out' is clicked on

2018-05-16 19:14:52 - [MESSAGE][PASSED] - Object: 'Object Repository/store Request Schedule 1/Page_KDMC - CMS/a_Sign out' is clicked on

2018-05-16 19:14:52 - [TEST_STEP][PASSED] - delay: Delayed 3 second(s)

2018-05-16 19:14:55 - [MESSAGE][PASSED] - Delayed 3 second(s)

2018-05-16 19:14:55 - [TEST_STEP][PASSED] - click: Object: 'Object Repository/Store Request Schedule 1/Page_KDMC/a_Divisional Store' is clicked on

2018-05-16 19:14:56 - [MESSAGE][PASSED] - Object: 'Object Repository/Store Request Schedule 1/Page_KDMC/a_Divisional Store' is clicked on

2018-05-16 19:14:56 - [TEST_STEP][PASSED] - setText: Text 'ragu' is set on object 'Object Repository/Store Request Schedule 1/Page_Divisonal Store Login/input_txtusername'

2018-05-16 19:14:56 - [MESSAGE][PASSED] - Text 'ragu' is set on object 'Object Repository/Store Request Schedule 1/Page_Divisonal Store Login/input_txtusername'

2018-05-16 19:14:56 - [TEST_STEP][PASSED] - setText: Text '123' is set on object 'Object Repository/Store Request Schedule 1/Page_Divisonal Store Login/input_txtpassword'

2018-05-16 19:14:56 - [MESSAGE][PASSED] - Text '123' is set on object 'Object Repository/Store Request Schedule 1/Page_Divisonal Store Login/input_txtpassword'

2018-05-16 19:14:56 - [TEST_STEP][PASSED] - delay: Delayed 3 second(s)

2018-05-16 19:14:59 - [MESSAGE][PASSED] - Delayed 3 second(s)

2018-05-16 19:14:59 - [TEST_STEP][PASSED] - click: Object: 'Object Repository/Store Request Schedule 1/Page_Divisonal Store Login/button_Sign in' is clicked on

2018-05-16 19:15:00 - [MESSAGE][PASSED] - Object: 'Object Repository/Store Request Schedule 1/Page_Divisonal Store Login/button_Sign in' is clicked on

2018-05-16 19:15:00 - [TEST_STEP][PASSED] - delay: Delayed 3 second(s)

2018-05-16 19:15:03 - [MESSAGE][PASSED] - Delayed 3 second(s)

2018-05-16 19:15:03 - [TEST_STEP][PASSED] - click: Object: 'Object Repository/Store Request Schedule 1/Page_Store/a_CMS' is clicked on

2018-05-16 19:15:03 - [MESSAGE][PASSED] - Object: 'Object Repository/Store Request Schedule 1/Page_Store/a_CMS' is clicked on

2018-05-16 19:15:03 - [TEST_STEP][PASSED] - delay: Delayed 2 second(s)

2018-05-16 19:15:05 - [MESSAGE][PASSED] - Delayed 2 second(s)

2018-05-16 19:15:05 - [TEST_STEP][PASSED] - click: Object: 'Object Repository/Store Request Schedule 1/Page_Store/a_Receiving Goods' is clicked on

2018-05-16 19:15:06 - [MESSAGE][PASSED] - Object: 'Object Repository/Store Request Schedule 1/Page_Store/a_Receiving Goods' is clicked on

2018-05-16 19:15:06 - [TEST_STEP][PASSED] - setText: Text 'PRNO/16052018/169' is set on object 'Object Repository/Store Request Schedule 1/Page_Store/input'

2018-05-16 19:15:06 - [MESSAGE][PASSED] - Text 'PRNO/16052018/169' is set on object 'Object Repository/Store Request Schedule 1/Page_Store/input'

2018-05-16 19:15:06 - [TEST_STEP][PASSED] - click: Object: 'Object Repository/Store Request Schedule 1/Page_Store/input_btn btn-primary' is clicked on

2018-05-16 19:15:06 - [MESSAGE][PASSED] - Object: 'Object Repository/Store Request Schedule 1/Page_Store/input_btn btn-primary' is clicked on

2018-05-16 19:15:06 - [TEST_STEP][PASSED] - delay: Delayed 2 second(s)

2018-05-16 19:15:08 - [MESSAGE][PASSED] - Delayed 2 second(s)

2018-05-16 19:15:08 - [TEST_STEP][PASSED] - click: Object: 'Object Repository/Store Request Schedule 1/Page_Store/input_chkrem' is clicked on

2018-05-16 19:15:08 - [MESSAGE][PASSED] - Object: 'Object Repository/Store Request Schedule 1/Page_Store/input_chkrem' is clicked on

2018-05-16 19:15:08 - [TEST_STEP][PASSED] - scrollToElement: Scroll to object 'Object Repository/Store Request Schedule 1/Page_Store/input_btchkroqadd' successfully

2018-05-16 19:15:08 - [MESSAGE][PASSED] - Scroll to object 'Object Repository/Store Request Schedule 1/Page_Store/input_btchkroqadd' successfully

2018-05-16 19:15:08 - [TEST_STEP][PASSED] - click: Object: 'Object Repository/Store Request Schedule 1/Page_Store/input_btchkroqadd' is clicked on

2018-05-16 19:15:08 - [MESSAGE][PASSED] - Object: 'Object Repository/Store Request Schedule 1/Page_Store/input_btchkroqadd' is clicked on

2018-05-16 19:15:08 - [TEST_STEP][PASSED] - delay: Delayed 2 second(s)

2018-05-16 19:15:10 - [MESSAGE][PASSED] - Delayed 2 second(s)

2018-05-16 19:15:10 - [TEST_STEP][PASSED] - refresh: Refresh successfully

2018-05-16 19:15:11 - [MESSAGE][PASSED] - Refresh successfully

2018-05-16 19:15:11 - [TEST_STEP][PASSED] - delay: Delayed 3 second(s)

2018-05-16 19:15:14 - [MESSAGE][PASSED] - Delayed 3 second(s)

2018-05-16 19:15:14 - [TEST_STEP][PASSED] - click: Object: 'Object Repository/Store Request Schedule 1/Page_Store/a_dropdown-toggle' is clicked on

2018-05-16 19:15:14 - [MESSAGE][PASSED] - Object: 'Object Repository/Store Request Schedule 1/Page_Store/a_dropdown-toggle' is clicked on

2018-05-16 19:15:14 - [TEST_STEP][PASSED] - click: Object: 'Object Repository/Store Request Schedule 1/Page_Store/a_Sign out' is clicked on

2018-05-16 19:15:14 - [MESSAGE][PASSED] - Object: 'Object Repository/Store Request Schedule 1/Page_Store/a_Sign out' is clicked on

2018-05-16 19:15:14 - [TEST_STEP][PASSED] - closeBrowser: Browser is closed

2018-05-16 19:15:15 - [MESSAGE][PASSED] - Browser is closed

2018-05-16 19:15:15 - [TEST_STEP][PASSED] - Statement - out.println("Schedule 8 STORE Request Are Working Successfully"): null]]></system-out>
         <system-err><![CDATA[]]></system-err>
      </testcase>
      <testcase name="Test Cases/STORE TO CMS REQUEST TEST CASES/TC_STCMS_009 To Verify Schedule 9 Store To CMS Request Are Working Successfully Or Not" classname="Test Cases/STORE TO CMS REQUEST TEST CASES/TC_STCMS_009 To Verify Schedule 9 Store To CMS Request Are Working Successfully Or Not" status="PASSED">
         <system-out><![CDATA[2018-05-16 19:15:15 - [TEST_CASE][PASSED] - Test Cases/STORE TO CMS REQUEST TEST CASES/TC_STCMS_009 To Verify Schedule 9 Store To CMS Request Are Working Successfully Or Not: Test Cases/STORE TO CMS REQUEST TEST CASES/TC_STCMS_009 To Verify Schedule 9 Store To CMS Request Are Working Successfully Or Not

2018-05-16 19:15:15 - [TEST_STEP][PASSED] - openBrowser: Browser is opened with url: ''

2018-05-16 19:15:17 - [MESSAGE][PASSED] - Browser is opened with url: ''

2018-05-16 19:15:17 - [TEST_STEP][PASSED] - Statement - out.println("Verify Schedule 9 STORE Request Are Working Successfully Or Not"): null

2018-05-16 19:15:17 - [TEST_STEP][PASSED] - navigateToUrl: Navigate to 'http://192.168.137.1/multihospital_new/' successfully

2018-05-16 19:15:19 - [MESSAGE][PASSED] - Navigate to 'http://192.168.137.1/multihospital_new/' successfully

2018-05-16 19:15:19 - [TEST_STEP][PASSED] - maximizeWindow: Current window maximized

2018-05-16 19:15:20 - [MESSAGE][PASSED] - Current window maximized

2018-05-16 19:15:20 - [TEST_STEP][PASSED] - click: Object: 'Object Repository/Store Request Schedule 1/Page_KDMC/a_Divisional Store' is clicked on

2018-05-16 19:15:21 - [MESSAGE][PASSED] - Object: 'Object Repository/Store Request Schedule 1/Page_KDMC/a_Divisional Store' is clicked on

2018-05-16 19:15:21 - [TEST_STEP][PASSED] - setText: Text 'ragu' is set on object 'Object Repository/Store Request Schedule 1/Page_Divisonal Store Login/input_txtusername'

2018-05-16 19:15:21 - [MESSAGE][PASSED] - Text 'ragu' is set on object 'Object Repository/Store Request Schedule 1/Page_Divisonal Store Login/input_txtusername'

2018-05-16 19:15:21 - [TEST_STEP][PASSED] - setText: Text '123' is set on object 'Object Repository/Store Request Schedule 1/Page_Divisonal Store Login/input_txtpassword'

2018-05-16 19:15:21 - [MESSAGE][PASSED] - Text '123' is set on object 'Object Repository/Store Request Schedule 1/Page_Divisonal Store Login/input_txtpassword'

2018-05-16 19:15:21 - [TEST_STEP][PASSED] - delay: Delayed 3 second(s)

2018-05-16 19:15:24 - [MESSAGE][PASSED] - Delayed 3 second(s)

2018-05-16 19:15:24 - [TEST_STEP][PASSED] - click: Object: 'Object Repository/Store Request Schedule 1/Page_Divisonal Store Login/button_Sign in' is clicked on

2018-05-16 19:15:25 - [MESSAGE][PASSED] - Object: 'Object Repository/Store Request Schedule 1/Page_Divisonal Store Login/button_Sign in' is clicked on

2018-05-16 19:15:25 - [TEST_STEP][PASSED] - delay: Delayed 3 second(s)

2018-05-16 19:15:28 - [MESSAGE][PASSED] - Delayed 3 second(s)

2018-05-16 19:15:28 - [TEST_STEP][PASSED] - click: Object: 'Object Repository/Store Request Schedule 1/Page_Store/a_CMS' is clicked on

2018-05-16 19:15:28 - [MESSAGE][PASSED] - Object: 'Object Repository/Store Request Schedule 1/Page_Store/a_CMS' is clicked on

2018-05-16 19:15:28 - [TEST_STEP][PASSED] - delay: Delayed 2 second(s)

2018-05-16 19:15:30 - [MESSAGE][PASSED] - Delayed 2 second(s)

2018-05-16 19:15:30 - [TEST_STEP][PASSED] - click: Object: 'Object Repository/Store Request Schedule 1/Page_Store/a_Request Send' is clicked on

2018-05-16 19:15:31 - [MESSAGE][PASSED] - Object: 'Object Repository/Store Request Schedule 1/Page_Store/a_Request Send' is clicked on

2018-05-16 19:15:31 - [TEST_STEP][PASSED] - selectOptionByIndex: All options with index in [1] are selected on object 'Object Repository/Store Request Schedule 1/Page_Store/select_--Select--'

2018-05-16 19:15:31 - [MESSAGE][PASSED] - All options with index in [1] are selected on object 'Object Repository/Store Request Schedule 1/Page_Store/select_--Select--'

2018-05-16 19:15:31 - [TEST_STEP][PASSED] - selectOptionByIndex: All options with index in [9] are selected on object 'Object Repository/Store Request Schedule 1/Page_Store/select_--Select--Schedule 1Inj'

2018-05-16 19:15:32 - [MESSAGE][PASSED] - All options with index in [9] are selected on object 'Object Repository/Store Request Schedule 1/Page_Store/select_--Select--Schedule 1Inj'

2018-05-16 19:15:32 - [TEST_STEP][PASSED] - Statement - SelectedOptions = com.kms.katalon.core.webui.keyword.WebUiBuiltInKeywords.getNumberOfTotalOption(com.kms.katalon.core.testobject.ObjectRepository.findTestObject(Store Request Schedule 1/Page_Store/select_--Select--Adernaline 0.)): 36 options of object 'Object Repository/Store Request Schedule 1/Page_Store/select_--Select--Adernaline 0.' counted

2018-05-16 19:15:32 - [MESSAGE][PASSED] - 36 options of object 'Object Repository/Store Request Schedule 1/Page_Store/select_--Select--Adernaline 0.' counted

2018-05-16 19:15:32 - [TEST_STEP][PASSED] - Statement - For ([y = 1, y < SelectedOptions, (y++)]): Object: 'Object Repository/Store Request Schedule 1/Page_Store/button_Add' is clicked on

2018-05-16 19:15:32 - [TEST_STEP][PASSED] - selectOptionByIndex: All options with index in [9] are selected on object 'Object Repository/Store Request Schedule 1/Page_Store/select_--Select--Schedule 1Inj'

2018-05-16 19:15:32 - [MESSAGE][PASSED] - All options with index in [9] are selected on object 'Object Repository/Store Request Schedule 1/Page_Store/select_--Select--Schedule 1Inj'

2018-05-16 19:15:32 - [TEST_STEP][PASSED] - delay: Delayed 1 second(s)

2018-05-16 19:15:33 - [MESSAGE][PASSED] - Delayed 1 second(s)

2018-05-16 19:15:33 - [TEST_STEP][PASSED] - selectOptionByIndex: All options with index in [1] are selected on object 'Object Repository/Store Request Schedule 1/Page_Store/select_--Select--Adernaline 0.'

2018-05-16 19:15:33 - [MESSAGE][PASSED] - All options with index in [1] are selected on object 'Object Repository/Store Request Schedule 1/Page_Store/select_--Select--Adernaline 0.'

2018-05-16 19:15:33 - [TEST_STEP][PASSED] - setText: Text '100' is set on object 'Object Repository/Store Request Schedule 1/Page_Store/input_txttreat'

2018-05-16 19:15:33 - [MESSAGE][PASSED] - Text '100' is set on object 'Object Repository/Store Request Schedule 1/Page_Store/input_txttreat'

2018-05-16 19:15:33 - [TEST_STEP][PASSED] - click: Object: 'Object Repository/Store Request Schedule 1/Page_Store/button_Add' is clicked on

2018-05-16 19:15:33 - [MESSAGE][PASSED] - Object: 'Object Repository/Store Request Schedule 1/Page_Store/button_Add' is clicked on

2018-05-16 19:15:33 - [TEST_STEP][PASSED] - selectOptionByIndex: All options with index in [9] are selected on object 'Object Repository/Store Request Schedule 1/Page_Store/select_--Select--Schedule 1Inj'

2018-05-16 19:15:33 - [MESSAGE][PASSED] - All options with index in [9] are selected on object 'Object Repository/Store Request Schedule 1/Page_Store/select_--Select--Schedule 1Inj'

2018-05-16 19:15:33 - [TEST_STEP][PASSED] - delay: Delayed 1 second(s)

2018-05-16 19:15:34 - [MESSAGE][PASSED] - Delayed 1 second(s)

2018-05-16 19:15:34 - [TEST_STEP][PASSED] - selectOptionByIndex: All options with index in [2] are selected on object 'Object Repository/Store Request Schedule 1/Page_Store/select_--Select--Adernaline 0.'

2018-05-16 19:15:34 - [MESSAGE][PASSED] - All options with index in [2] are selected on object 'Object Repository/Store Request Schedule 1/Page_Store/select_--Select--Adernaline 0.'

2018-05-16 19:15:34 - [TEST_STEP][PASSED] - setText: Text '100' is set on object 'Object Repository/Store Request Schedule 1/Page_Store/input_txttreat'

2018-05-16 19:15:34 - [MESSAGE][PASSED] - Text '100' is set on object 'Object Repository/Store Request Schedule 1/Page_Store/input_txttreat'

2018-05-16 19:15:34 - [TEST_STEP][PASSED] - click: Object: 'Object Repository/Store Request Schedule 1/Page_Store/button_Add' is clicked on

2018-05-16 19:15:35 - [MESSAGE][PASSED] - Object: 'Object Repository/Store Request Schedule 1/Page_Store/button_Add' is clicked on

2018-05-16 19:15:35 - [TEST_STEP][PASSED] - selectOptionByIndex: All options with index in [9] are selected on object 'Object Repository/Store Request Schedule 1/Page_Store/select_--Select--Schedule 1Inj'

2018-05-16 19:15:35 - [MESSAGE][PASSED] - All options with index in [9] are selected on object 'Object Repository/Store Request Schedule 1/Page_Store/select_--Select--Schedule 1Inj'

2018-05-16 19:15:35 - [TEST_STEP][PASSED] - delay: Delayed 1 second(s)

2018-05-16 19:15:36 - [MESSAGE][PASSED] - Delayed 1 second(s)

2018-05-16 19:15:36 - [TEST_STEP][PASSED] - selectOptionByIndex: All options with index in [3] are selected on object 'Object Repository/Store Request Schedule 1/Page_Store/select_--Select--Adernaline 0.'

2018-05-16 19:15:36 - [MESSAGE][PASSED] - All options with index in [3] are selected on object 'Object Repository/Store Request Schedule 1/Page_Store/select_--Select--Adernaline 0.'

2018-05-16 19:15:36 - [TEST_STEP][PASSED] - setText: Text '100' is set on object 'Object Repository/Store Request Schedule 1/Page_Store/input_txttreat'

2018-05-16 19:15:36 - [MESSAGE][PASSED] - Text '100' is set on object 'Object Repository/Store Request Schedule 1/Page_Store/input_txttreat'

2018-05-16 19:15:36 - [TEST_STEP][PASSED] - click: Object: 'Object Repository/Store Request Schedule 1/Page_Store/button_Add' is clicked on

2018-05-16 19:15:36 - [MESSAGE][PASSED] - Object: 'Object Repository/Store Request Schedule 1/Page_Store/button_Add' is clicked on

2018-05-16 19:15:36 - [TEST_STEP][PASSED] - selectOptionByIndex: All options with index in [9] are selected on object 'Object Repository/Store Request Schedule 1/Page_Store/select_--Select--Schedule 1Inj'

2018-05-16 19:15:36 - [MESSAGE][PASSED] - All options with index in [9] are selected on object 'Object Repository/Store Request Schedule 1/Page_Store/select_--Select--Schedule 1Inj'

2018-05-16 19:15:36 - [TEST_STEP][PASSED] - delay: Delayed 1 second(s)

2018-05-16 19:15:37 - [MESSAGE][PASSED] - Delayed 1 second(s)

2018-05-16 19:15:37 - [TEST_STEP][PASSED] - selectOptionByIndex: All options with index in [4] are selected on object 'Object Repository/Store Request Schedule 1/Page_Store/select_--Select--Adernaline 0.'

2018-05-16 19:15:37 - [MESSAGE][PASSED] - All options with index in [4] are selected on object 'Object Repository/Store Request Schedule 1/Page_Store/select_--Select--Adernaline 0.'

2018-05-16 19:15:37 - [TEST_STEP][PASSED] - setText: Text '100' is set on object 'Object Repository/Store Request Schedule 1/Page_Store/input_txttreat'

2018-05-16 19:15:37 - [MESSAGE][PASSED] - Text '100' is set on object 'Object Repository/Store Request Schedule 1/Page_Store/input_txttreat'

2018-05-16 19:15:37 - [TEST_STEP][PASSED] - click: Object: 'Object Repository/Store Request Schedule 1/Page_Store/button_Add' is clicked on

2018-05-16 19:15:38 - [MESSAGE][PASSED] - Object: 'Object Repository/Store Request Schedule 1/Page_Store/button_Add' is clicked on

2018-05-16 19:15:38 - [TEST_STEP][PASSED] - selectOptionByIndex: All options with index in [9] are selected on object 'Object Repository/Store Request Schedule 1/Page_Store/select_--Select--Schedule 1Inj'

2018-05-16 19:15:38 - [MESSAGE][PASSED] - All options with index in [9] are selected on object 'Object Repository/Store Request Schedule 1/Page_Store/select_--Select--Schedule 1Inj'

2018-05-16 19:15:38 - [TEST_STEP][PASSED] - delay: Delayed 1 second(s)

2018-05-16 19:15:39 - [MESSAGE][PASSED] - Delayed 1 second(s)

2018-05-16 19:15:39 - [TEST_STEP][PASSED] - selectOptionByIndex: All options with index in [5] are selected on object 'Object Repository/Store Request Schedule 1/Page_Store/select_--Select--Adernaline 0.'

2018-05-16 19:15:39 - [MESSAGE][PASSED] - All options with index in [5] are selected on object 'Object Repository/Store Request Schedule 1/Page_Store/select_--Select--Adernaline 0.'

2018-05-16 19:15:39 - [TEST_STEP][PASSED] - setText: Text '100' is set on object 'Object Repository/Store Request Schedule 1/Page_Store/input_txttreat'

2018-05-16 19:15:39 - [MESSAGE][PASSED] - Text '100' is set on object 'Object Repository/Store Request Schedule 1/Page_Store/input_txttreat'

2018-05-16 19:15:39 - [TEST_STEP][PASSED] - click: Object: 'Object Repository/Store Request Schedule 1/Page_Store/button_Add' is clicked on

2018-05-16 19:15:39 - [MESSAGE][PASSED] - Object: 'Object Repository/Store Request Schedule 1/Page_Store/button_Add' is clicked on

2018-05-16 19:15:39 - [TEST_STEP][PASSED] - selectOptionByIndex: All options with index in [9] are selected on object 'Object Repository/Store Request Schedule 1/Page_Store/select_--Select--Schedule 1Inj'

2018-05-16 19:15:39 - [MESSAGE][PASSED] - All options with index in [9] are selected on object 'Object Repository/Store Request Schedule 1/Page_Store/select_--Select--Schedule 1Inj'

2018-05-16 19:15:39 - [TEST_STEP][PASSED] - delay: Delayed 1 second(s)

2018-05-16 19:15:40 - [MESSAGE][PASSED] - Delayed 1 second(s)

2018-05-16 19:15:40 - [TEST_STEP][PASSED] - selectOptionByIndex: All options with index in [6] are selected on object 'Object Repository/Store Request Schedule 1/Page_Store/select_--Select--Adernaline 0.'

2018-05-16 19:15:40 - [MESSAGE][PASSED] - All options with index in [6] are selected on object 'Object Repository/Store Request Schedule 1/Page_Store/select_--Select--Adernaline 0.'

2018-05-16 19:15:40 - [TEST_STEP][PASSED] - setText: Text '100' is set on object 'Object Repository/Store Request Schedule 1/Page_Store/input_txttreat'

2018-05-16 19:15:40 - [MESSAGE][PASSED] - Text '100' is set on object 'Object Repository/Store Request Schedule 1/Page_Store/input_txttreat'

2018-05-16 19:15:40 - [TEST_STEP][PASSED] - click: Object: 'Object Repository/Store Request Schedule 1/Page_Store/button_Add' is clicked on

2018-05-16 19:15:41 - [MESSAGE][PASSED] - Object: 'Object Repository/Store Request Schedule 1/Page_Store/button_Add' is clicked on

2018-05-16 19:15:41 - [TEST_STEP][PASSED] - selectOptionByIndex: All options with index in [9] are selected on object 'Object Repository/Store Request Schedule 1/Page_Store/select_--Select--Schedule 1Inj'

2018-05-16 19:15:41 - [MESSAGE][PASSED] - All options with index in [9] are selected on object 'Object Repository/Store Request Schedule 1/Page_Store/select_--Select--Schedule 1Inj'

2018-05-16 19:15:41 - [TEST_STEP][PASSED] - delay: Delayed 1 second(s)

2018-05-16 19:15:42 - [MESSAGE][PASSED] - Delayed 1 second(s)

2018-05-16 19:15:42 - [TEST_STEP][PASSED] - selectOptionByIndex: All options with index in [7] are selected on object 'Object Repository/Store Request Schedule 1/Page_Store/select_--Select--Adernaline 0.'

2018-05-16 19:15:42 - [MESSAGE][PASSED] - All options with index in [7] are selected on object 'Object Repository/Store Request Schedule 1/Page_Store/select_--Select--Adernaline 0.'

2018-05-16 19:15:42 - [TEST_STEP][PASSED] - setText: Text '100' is set on object 'Object Repository/Store Request Schedule 1/Page_Store/input_txttreat'

2018-05-16 19:15:42 - [MESSAGE][PASSED] - Text '100' is set on object 'Object Repository/Store Request Schedule 1/Page_Store/input_txttreat'

2018-05-16 19:15:42 - [TEST_STEP][PASSED] - click: Object: 'Object Repository/Store Request Schedule 1/Page_Store/button_Add' is clicked on

2018-05-16 19:15:42 - [MESSAGE][PASSED] - Object: 'Object Repository/Store Request Schedule 1/Page_Store/button_Add' is clicked on

2018-05-16 19:15:42 - [TEST_STEP][PASSED] - selectOptionByIndex: All options with index in [9] are selected on object 'Object Repository/Store Request Schedule 1/Page_Store/select_--Select--Schedule 1Inj'

2018-05-16 19:15:42 - [MESSAGE][PASSED] - All options with index in [9] are selected on object 'Object Repository/Store Request Schedule 1/Page_Store/select_--Select--Schedule 1Inj'

2018-05-16 19:15:42 - [TEST_STEP][PASSED] - delay: Delayed 1 second(s)

2018-05-16 19:15:43 - [MESSAGE][PASSED] - Delayed 1 second(s)

2018-05-16 19:15:43 - [TEST_STEP][PASSED] - selectOptionByIndex: All options with index in [8] are selected on object 'Object Repository/Store Request Schedule 1/Page_Store/select_--Select--Adernaline 0.'

2018-05-16 19:15:43 - [MESSAGE][PASSED] - All options with index in [8] are selected on object 'Object Repository/Store Request Schedule 1/Page_Store/select_--Select--Adernaline 0.'

2018-05-16 19:15:43 - [TEST_STEP][PASSED] - setText: Text '100' is set on object 'Object Repository/Store Request Schedule 1/Page_Store/input_txttreat'

2018-05-16 19:15:43 - [MESSAGE][PASSED] - Text '100' is set on object 'Object Repository/Store Request Schedule 1/Page_Store/input_txttreat'

2018-05-16 19:15:43 - [TEST_STEP][PASSED] - click: Object: 'Object Repository/Store Request Schedule 1/Page_Store/button_Add' is clicked on

2018-05-16 19:15:44 - [MESSAGE][PASSED] - Object: 'Object Repository/Store Request Schedule 1/Page_Store/button_Add' is clicked on

2018-05-16 19:15:44 - [TEST_STEP][PASSED] - selectOptionByIndex: All options with index in [9] are selected on object 'Object Repository/Store Request Schedule 1/Page_Store/select_--Select--Schedule 1Inj'

2018-05-16 19:15:44 - [MESSAGE][PASSED] - All options with index in [9] are selected on object 'Object Repository/Store Request Schedule 1/Page_Store/select_--Select--Schedule 1Inj'

2018-05-16 19:15:44 - [TEST_STEP][PASSED] - delay: Delayed 1 second(s)

2018-05-16 19:15:45 - [MESSAGE][PASSED] - Delayed 1 second(s)

2018-05-16 19:15:45 - [TEST_STEP][PASSED] - selectOptionByIndex: All options with index in [9] are selected on object 'Object Repository/Store Request Schedule 1/Page_Store/select_--Select--Adernaline 0.'

2018-05-16 19:15:45 - [MESSAGE][PASSED] - All options with index in [9] are selected on object 'Object Repository/Store Request Schedule 1/Page_Store/select_--Select--Adernaline 0.'

2018-05-16 19:15:45 - [TEST_STEP][PASSED] - setText: Text '100' is set on object 'Object Repository/Store Request Schedule 1/Page_Store/input_txttreat'

2018-05-16 19:15:45 - [MESSAGE][PASSED] - Text '100' is set on object 'Object Repository/Store Request Schedule 1/Page_Store/input_txttreat'

2018-05-16 19:15:45 - [TEST_STEP][PASSED] - click: Object: 'Object Repository/Store Request Schedule 1/Page_Store/button_Add' is clicked on

2018-05-16 19:15:45 - [MESSAGE][PASSED] - Object: 'Object Repository/Store Request Schedule 1/Page_Store/button_Add' is clicked on

2018-05-16 19:15:45 - [TEST_STEP][PASSED] - selectOptionByIndex: All options with index in [9] are selected on object 'Object Repository/Store Request Schedule 1/Page_Store/select_--Select--Schedule 1Inj'

2018-05-16 19:15:45 - [MESSAGE][PASSED] - All options with index in [9] are selected on object 'Object Repository/Store Request Schedule 1/Page_Store/select_--Select--Schedule 1Inj'

2018-05-16 19:15:45 - [TEST_STEP][PASSED] - delay: Delayed 1 second(s)

2018-05-16 19:15:46 - [MESSAGE][PASSED] - Delayed 1 second(s)

2018-05-16 19:15:46 - [TEST_STEP][PASSED] - selectOptionByIndex: All options with index in [10] are selected on object 'Object Repository/Store Request Schedule 1/Page_Store/select_--Select--Adernaline 0.'

2018-05-16 19:15:46 - [MESSAGE][PASSED] - All options with index in [10] are selected on object 'Object Repository/Store Request Schedule 1/Page_Store/select_--Select--Adernaline 0.'

2018-05-16 19:15:46 - [TEST_STEP][PASSED] - setText: Text '100' is set on object 'Object Repository/Store Request Schedule 1/Page_Store/input_txttreat'

2018-05-16 19:15:47 - [MESSAGE][PASSED] - Text '100' is set on object 'Object Repository/Store Request Schedule 1/Page_Store/input_txttreat'

2018-05-16 19:15:47 - [TEST_STEP][PASSED] - click: Object: 'Object Repository/Store Request Schedule 1/Page_Store/button_Add' is clicked on

2018-05-16 19:15:47 - [MESSAGE][PASSED] - Object: 'Object Repository/Store Request Schedule 1/Page_Store/button_Add' is clicked on

2018-05-16 19:15:47 - [TEST_STEP][PASSED] - selectOptionByIndex: All options with index in [9] are selected on object 'Object Repository/Store Request Schedule 1/Page_Store/select_--Select--Schedule 1Inj'

2018-05-16 19:15:47 - [MESSAGE][PASSED] - All options with index in [9] are selected on object 'Object Repository/Store Request Schedule 1/Page_Store/select_--Select--Schedule 1Inj'

2018-05-16 19:15:47 - [TEST_STEP][PASSED] - delay: Delayed 1 second(s)

2018-05-16 19:15:48 - [MESSAGE][PASSED] - Delayed 1 second(s)

2018-05-16 19:15:48 - [TEST_STEP][PASSED] - selectOptionByIndex: All options with index in [11] are selected on object 'Object Repository/Store Request Schedule 1/Page_Store/select_--Select--Adernaline 0.'

2018-05-16 19:15:48 - [MESSAGE][PASSED] - All options with index in [11] are selected on object 'Object Repository/Store Request Schedule 1/Page_Store/select_--Select--Adernaline 0.'

2018-05-16 19:15:48 - [TEST_STEP][PASSED] - setText: Text '100' is set on object 'Object Repository/Store Request Schedule 1/Page_Store/input_txttreat'

2018-05-16 19:15:48 - [MESSAGE][PASSED] - Text '100' is set on object 'Object Repository/Store Request Schedule 1/Page_Store/input_txttreat'

2018-05-16 19:15:48 - [TEST_STEP][PASSED] - click: Object: 'Object Repository/Store Request Schedule 1/Page_Store/button_Add' is clicked on

2018-05-16 19:15:48 - [MESSAGE][PASSED] - Object: 'Object Repository/Store Request Schedule 1/Page_Store/button_Add' is clicked on

2018-05-16 19:15:48 - [TEST_STEP][PASSED] - selectOptionByIndex: All options with index in [9] are selected on object 'Object Repository/Store Request Schedule 1/Page_Store/select_--Select--Schedule 1Inj'

2018-05-16 19:15:48 - [MESSAGE][PASSED] - All options with index in [9] are selected on object 'Object Repository/Store Request Schedule 1/Page_Store/select_--Select--Schedule 1Inj'

2018-05-16 19:15:48 - [TEST_STEP][PASSED] - delay: Delayed 1 second(s)

2018-05-16 19:15:49 - [MESSAGE][PASSED] - Delayed 1 second(s)

2018-05-16 19:15:49 - [TEST_STEP][PASSED] - selectOptionByIndex: All options with index in [12] are selected on object 'Object Repository/Store Request Schedule 1/Page_Store/select_--Select--Adernaline 0.'

2018-05-16 19:15:50 - [MESSAGE][PASSED] - All options with index in [12] are selected on object 'Object Repository/Store Request Schedule 1/Page_Store/select_--Select--Adernaline 0.'

2018-05-16 19:15:50 - [TEST_STEP][PASSED] - setText: Text '100' is set on object 'Object Repository/Store Request Schedule 1/Page_Store/input_txttreat'

2018-05-16 19:15:50 - [MESSAGE][PASSED] - Text '100' is set on object 'Object Repository/Store Request Schedule 1/Page_Store/input_txttreat'

2018-05-16 19:15:50 - [TEST_STEP][PASSED] - click: Object: 'Object Repository/Store Request Schedule 1/Page_Store/button_Add' is clicked on

2018-05-16 19:15:50 - [MESSAGE][PASSED] - Object: 'Object Repository/Store Request Schedule 1/Page_Store/button_Add' is clicked on

2018-05-16 19:15:50 - [TEST_STEP][PASSED] - selectOptionByIndex: All options with index in [9] are selected on object 'Object Repository/Store Request Schedule 1/Page_Store/select_--Select--Schedule 1Inj'

2018-05-16 19:15:50 - [MESSAGE][PASSED] - All options with index in [9] are selected on object 'Object Repository/Store Request Schedule 1/Page_Store/select_--Select--Schedule 1Inj'

2018-05-16 19:15:50 - [TEST_STEP][PASSED] - delay: Delayed 1 second(s)

2018-05-16 19:15:51 - [MESSAGE][PASSED] - Delayed 1 second(s)

2018-05-16 19:15:51 - [TEST_STEP][PASSED] - selectOptionByIndex: All options with index in [13] are selected on object 'Object Repository/Store Request Schedule 1/Page_Store/select_--Select--Adernaline 0.'

2018-05-16 19:15:51 - [MESSAGE][PASSED] - All options with index in [13] are selected on object 'Object Repository/Store Request Schedule 1/Page_Store/select_--Select--Adernaline 0.'

2018-05-16 19:15:51 - [TEST_STEP][PASSED] - setText: Text '100' is set on object 'Object Repository/Store Request Schedule 1/Page_Store/input_txttreat'

2018-05-16 19:15:51 - [MESSAGE][PASSED] - Text '100' is set on object 'Object Repository/Store Request Schedule 1/Page_Store/input_txttreat'

2018-05-16 19:15:51 - [TEST_STEP][PASSED] - click: Object: 'Object Repository/Store Request Schedule 1/Page_Store/button_Add' is clicked on

2018-05-16 19:15:51 - [MESSAGE][PASSED] - Object: 'Object Repository/Store Request Schedule 1/Page_Store/button_Add' is clicked on

2018-05-16 19:15:51 - [TEST_STEP][PASSED] - selectOptionByIndex: All options with index in [9] are selected on object 'Object Repository/Store Request Schedule 1/Page_Store/select_--Select--Schedule 1Inj'

2018-05-16 19:15:51 - [MESSAGE][PASSED] - All options with index in [9] are selected on object 'Object Repository/Store Request Schedule 1/Page_Store/select_--Select--Schedule 1Inj'

2018-05-16 19:15:51 - [TEST_STEP][PASSED] - delay: Delayed 1 second(s)

2018-05-16 19:15:52 - [MESSAGE][PASSED] - Delayed 1 second(s)

2018-05-16 19:15:52 - [TEST_STEP][PASSED] - selectOptionByIndex: All options with index in [14] are selected on object 'Object Repository/Store Request Schedule 1/Page_Store/select_--Select--Adernaline 0.'

2018-05-16 19:15:53 - [MESSAGE][PASSED] - All options with index in [14] are selected on object 'Object Repository/Store Request Schedule 1/Page_Store/select_--Select--Adernaline 0.'

2018-05-16 19:15:53 - [TEST_STEP][PASSED] - setText: Text '100' is set on object 'Object Repository/Store Request Schedule 1/Page_Store/input_txttreat'

2018-05-16 19:15:53 - [MESSAGE][PASSED] - Text '100' is set on object 'Object Repository/Store Request Schedule 1/Page_Store/input_txttreat'

2018-05-16 19:15:53 - [TEST_STEP][PASSED] - click: Object: 'Object Repository/Store Request Schedule 1/Page_Store/button_Add' is clicked on

2018-05-16 19:15:53 - [MESSAGE][PASSED] - Object: 'Object Repository/Store Request Schedule 1/Page_Store/button_Add' is clicked on

2018-05-16 19:15:53 - [TEST_STEP][PASSED] - selectOptionByIndex: All options with index in [9] are selected on object 'Object Repository/Store Request Schedule 1/Page_Store/select_--Select--Schedule 1Inj'

2018-05-16 19:15:53 - [MESSAGE][PASSED] - All options with index in [9] are selected on object 'Object Repository/Store Request Schedule 1/Page_Store/select_--Select--Schedule 1Inj'

2018-05-16 19:15:53 - [TEST_STEP][PASSED] - delay: Delayed 1 second(s)

2018-05-16 19:15:54 - [MESSAGE][PASSED] - Delayed 1 second(s)

2018-05-16 19:15:54 - [TEST_STEP][PASSED] - selectOptionByIndex: All options with index in [15] are selected on object 'Object Repository/Store Request Schedule 1/Page_Store/select_--Select--Adernaline 0.'

2018-05-16 19:15:54 - [MESSAGE][PASSED] - All options with index in [15] are selected on object 'Object Repository/Store Request Schedule 1/Page_Store/select_--Select--Adernaline 0.'

2018-05-16 19:15:54 - [TEST_STEP][PASSED] - setText: Text '100' is set on object 'Object Repository/Store Request Schedule 1/Page_Store/input_txttreat'

2018-05-16 19:15:54 - [MESSAGE][PASSED] - Text '100' is set on object 'Object Repository/Store Request Schedule 1/Page_Store/input_txttreat'

2018-05-16 19:15:54 - [TEST_STEP][PASSED] - click: Object: 'Object Repository/Store Request Schedule 1/Page_Store/button_Add' is clicked on

2018-05-16 19:15:54 - [MESSAGE][PASSED] - Object: 'Object Repository/Store Request Schedule 1/Page_Store/button_Add' is clicked on

2018-05-16 19:15:54 - [TEST_STEP][PASSED] - selectOptionByIndex: All options with index in [9] are selected on object 'Object Repository/Store Request Schedule 1/Page_Store/select_--Select--Schedule 1Inj'

2018-05-16 19:15:55 - [MESSAGE][PASSED] - All options with index in [9] are selected on object 'Object Repository/Store Request Schedule 1/Page_Store/select_--Select--Schedule 1Inj'

2018-05-16 19:15:55 - [TEST_STEP][PASSED] - delay: Delayed 1 second(s)

2018-05-16 19:15:56 - [MESSAGE][PASSED] - Delayed 1 second(s)

2018-05-16 19:15:56 - [TEST_STEP][PASSED] - selectOptionByIndex: All options with index in [16] are selected on object 'Object Repository/Store Request Schedule 1/Page_Store/select_--Select--Adernaline 0.'

2018-05-16 19:15:56 - [MESSAGE][PASSED] - All options with index in [16] are selected on object 'Object Repository/Store Request Schedule 1/Page_Store/select_--Select--Adernaline 0.'

2018-05-16 19:15:56 - [TEST_STEP][PASSED] - setText: Text '100' is set on object 'Object Repository/Store Request Schedule 1/Page_Store/input_txttreat'

2018-05-16 19:15:56 - [MESSAGE][PASSED] - Text '100' is set on object 'Object Repository/Store Request Schedule 1/Page_Store/input_txttreat'

2018-05-16 19:15:56 - [TEST_STEP][PASSED] - click: Object: 'Object Repository/Store Request Schedule 1/Page_Store/button_Add' is clicked on

2018-05-16 19:15:56 - [MESSAGE][PASSED] - Object: 'Object Repository/Store Request Schedule 1/Page_Store/button_Add' is clicked on

2018-05-16 19:15:56 - [TEST_STEP][PASSED] - selectOptionByIndex: All options with index in [9] are selected on object 'Object Repository/Store Request Schedule 1/Page_Store/select_--Select--Schedule 1Inj'

2018-05-16 19:15:56 - [MESSAGE][PASSED] - All options with index in [9] are selected on object 'Object Repository/Store Request Schedule 1/Page_Store/select_--Select--Schedule 1Inj'

2018-05-16 19:15:56 - [TEST_STEP][PASSED] - delay: Delayed 1 second(s)

2018-05-16 19:15:57 - [MESSAGE][PASSED] - Delayed 1 second(s)

2018-05-16 19:15:57 - [TEST_STEP][PASSED] - selectOptionByIndex: All options with index in [17] are selected on object 'Object Repository/Store Request Schedule 1/Page_Store/select_--Select--Adernaline 0.'

2018-05-16 19:15:57 - [MESSAGE][PASSED] - All options with index in [17] are selected on object 'Object Repository/Store Request Schedule 1/Page_Store/select_--Select--Adernaline 0.'

2018-05-16 19:15:57 - [TEST_STEP][PASSED] - setText: Text '100' is set on object 'Object Repository/Store Request Schedule 1/Page_Store/input_txttreat'

2018-05-16 19:15:58 - [MESSAGE][PASSED] - Text '100' is set on object 'Object Repository/Store Request Schedule 1/Page_Store/input_txttreat'

2018-05-16 19:15:58 - [TEST_STEP][PASSED] - click: Object: 'Object Repository/Store Request Schedule 1/Page_Store/button_Add' is clicked on

2018-05-16 19:15:58 - [MESSAGE][PASSED] - Object: 'Object Repository/Store Request Schedule 1/Page_Store/button_Add' is clicked on

2018-05-16 19:15:58 - [TEST_STEP][PASSED] - selectOptionByIndex: All options with index in [9] are selected on object 'Object Repository/Store Request Schedule 1/Page_Store/select_--Select--Schedule 1Inj'

2018-05-16 19:15:58 - [MESSAGE][PASSED] - All options with index in [9] are selected on object 'Object Repository/Store Request Schedule 1/Page_Store/select_--Select--Schedule 1Inj'

2018-05-16 19:15:58 - [TEST_STEP][PASSED] - delay: Delayed 1 second(s)

2018-05-16 19:15:59 - [MESSAGE][PASSED] - Delayed 1 second(s)

2018-05-16 19:15:59 - [TEST_STEP][PASSED] - selectOptionByIndex: All options with index in [18] are selected on object 'Object Repository/Store Request Schedule 1/Page_Store/select_--Select--Adernaline 0.'

2018-05-16 19:15:59 - [MESSAGE][PASSED] - All options with index in [18] are selected on object 'Object Repository/Store Request Schedule 1/Page_Store/select_--Select--Adernaline 0.'

2018-05-16 19:15:59 - [TEST_STEP][PASSED] - setText: Text '100' is set on object 'Object Repository/Store Request Schedule 1/Page_Store/input_txttreat'

2018-05-16 19:15:59 - [MESSAGE][PASSED] - Text '100' is set on object 'Object Repository/Store Request Schedule 1/Page_Store/input_txttreat'

2018-05-16 19:15:59 - [TEST_STEP][PASSED] - click: Object: 'Object Repository/Store Request Schedule 1/Page_Store/button_Add' is clicked on

2018-05-16 19:15:59 - [MESSAGE][PASSED] - Object: 'Object Repository/Store Request Schedule 1/Page_Store/button_Add' is clicked on

2018-05-16 19:15:59 - [TEST_STEP][PASSED] - selectOptionByIndex: All options with index in [9] are selected on object 'Object Repository/Store Request Schedule 1/Page_Store/select_--Select--Schedule 1Inj'

2018-05-16 19:15:59 - [MESSAGE][PASSED] - All options with index in [9] are selected on object 'Object Repository/Store Request Schedule 1/Page_Store/select_--Select--Schedule 1Inj'

2018-05-16 19:15:59 - [TEST_STEP][PASSED] - delay: Delayed 1 second(s)

2018-05-16 19:16:00 - [MESSAGE][PASSED] - Delayed 1 second(s)

2018-05-16 19:16:00 - [TEST_STEP][PASSED] - selectOptionByIndex: All options with index in [19] are selected on object 'Object Repository/Store Request Schedule 1/Page_Store/select_--Select--Adernaline 0.'

2018-05-16 19:16:01 - [MESSAGE][PASSED] - All options with index in [19] are selected on object 'Object Repository/Store Request Schedule 1/Page_Store/select_--Select--Adernaline 0.'

2018-05-16 19:16:01 - [TEST_STEP][PASSED] - setText: Text '100' is set on object 'Object Repository/Store Request Schedule 1/Page_Store/input_txttreat'

2018-05-16 19:16:01 - [MESSAGE][PASSED] - Text '100' is set on object 'Object Repository/Store Request Schedule 1/Page_Store/input_txttreat'

2018-05-16 19:16:01 - [TEST_STEP][PASSED] - click: Object: 'Object Repository/Store Request Schedule 1/Page_Store/button_Add' is clicked on

2018-05-16 19:16:01 - [MESSAGE][PASSED] - Object: 'Object Repository/Store Request Schedule 1/Page_Store/button_Add' is clicked on

2018-05-16 19:16:01 - [TEST_STEP][PASSED] - selectOptionByIndex: All options with index in [9] are selected on object 'Object Repository/Store Request Schedule 1/Page_Store/select_--Select--Schedule 1Inj'

2018-05-16 19:16:01 - [MESSAGE][PASSED] - All options with index in [9] are selected on object 'Object Repository/Store Request Schedule 1/Page_Store/select_--Select--Schedule 1Inj'

2018-05-16 19:16:01 - [TEST_STEP][PASSED] - delay: Delayed 1 second(s)

2018-05-16 19:16:02 - [MESSAGE][PASSED] - Delayed 1 second(s)

2018-05-16 19:16:02 - [TEST_STEP][PASSED] - selectOptionByIndex: All options with index in [20] are selected on object 'Object Repository/Store Request Schedule 1/Page_Store/select_--Select--Adernaline 0.'

2018-05-16 19:16:02 - [MESSAGE][PASSED] - All options with index in [20] are selected on object 'Object Repository/Store Request Schedule 1/Page_Store/select_--Select--Adernaline 0.'

2018-05-16 19:16:02 - [TEST_STEP][PASSED] - setText: Text '100' is set on object 'Object Repository/Store Request Schedule 1/Page_Store/input_txttreat'

2018-05-16 19:16:03 - [MESSAGE][PASSED] - Text '100' is set on object 'Object Repository/Store Request Schedule 1/Page_Store/input_txttreat'

2018-05-16 19:16:03 - [TEST_STEP][PASSED] - click: Object: 'Object Repository/Store Request Schedule 1/Page_Store/button_Add' is clicked on

2018-05-16 19:16:03 - [MESSAGE][PASSED] - Object: 'Object Repository/Store Request Schedule 1/Page_Store/button_Add' is clicked on

2018-05-16 19:16:03 - [TEST_STEP][PASSED] - selectOptionByIndex: All options with index in [9] are selected on object 'Object Repository/Store Request Schedule 1/Page_Store/select_--Select--Schedule 1Inj'

2018-05-16 19:16:03 - [MESSAGE][PASSED] - All options with index in [9] are selected on object 'Object Repository/Store Request Schedule 1/Page_Store/select_--Select--Schedule 1Inj'

2018-05-16 19:16:03 - [TEST_STEP][PASSED] - delay: Delayed 1 second(s)

2018-05-16 19:16:04 - [MESSAGE][PASSED] - Delayed 1 second(s)

2018-05-16 19:16:04 - [TEST_STEP][PASSED] - selectOptionByIndex: All options with index in [21] are selected on object 'Object Repository/Store Request Schedule 1/Page_Store/select_--Select--Adernaline 0.'

2018-05-16 19:16:04 - [MESSAGE][PASSED] - All options with index in [21] are selected on object 'Object Repository/Store Request Schedule 1/Page_Store/select_--Select--Adernaline 0.'

2018-05-16 19:16:04 - [TEST_STEP][PASSED] - setText: Text '100' is set on object 'Object Repository/Store Request Schedule 1/Page_Store/input_txttreat'

2018-05-16 19:16:04 - [MESSAGE][PASSED] - Text '100' is set on object 'Object Repository/Store Request Schedule 1/Page_Store/input_txttreat'

2018-05-16 19:16:04 - [TEST_STEP][PASSED] - click: Object: 'Object Repository/Store Request Schedule 1/Page_Store/button_Add' is clicked on

2018-05-16 19:16:04 - [MESSAGE][PASSED] - Object: 'Object Repository/Store Request Schedule 1/Page_Store/button_Add' is clicked on

2018-05-16 19:16:04 - [TEST_STEP][PASSED] - selectOptionByIndex: All options with index in [9] are selected on object 'Object Repository/Store Request Schedule 1/Page_Store/select_--Select--Schedule 1Inj'

2018-05-16 19:16:04 - [MESSAGE][PASSED] - All options with index in [9] are selected on object 'Object Repository/Store Request Schedule 1/Page_Store/select_--Select--Schedule 1Inj'

2018-05-16 19:16:04 - [TEST_STEP][PASSED] - delay: Delayed 1 second(s)

2018-05-16 19:16:05 - [MESSAGE][PASSED] - Delayed 1 second(s)

2018-05-16 19:16:05 - [TEST_STEP][PASSED] - selectOptionByIndex: All options with index in [22] are selected on object 'Object Repository/Store Request Schedule 1/Page_Store/select_--Select--Adernaline 0.'

2018-05-16 19:16:06 - [MESSAGE][PASSED] - All options with index in [22] are selected on object 'Object Repository/Store Request Schedule 1/Page_Store/select_--Select--Adernaline 0.'

2018-05-16 19:16:06 - [TEST_STEP][PASSED] - setText: Text '100' is set on object 'Object Repository/Store Request Schedule 1/Page_Store/input_txttreat'

2018-05-16 19:16:06 - [MESSAGE][PASSED] - Text '100' is set on object 'Object Repository/Store Request Schedule 1/Page_Store/input_txttreat'

2018-05-16 19:16:06 - [TEST_STEP][PASSED] - click: Object: 'Object Repository/Store Request Schedule 1/Page_Store/button_Add' is clicked on

2018-05-16 19:16:06 - [MESSAGE][PASSED] - Object: 'Object Repository/Store Request Schedule 1/Page_Store/button_Add' is clicked on

2018-05-16 19:16:06 - [TEST_STEP][PASSED] - selectOptionByIndex: All options with index in [9] are selected on object 'Object Repository/Store Request Schedule 1/Page_Store/select_--Select--Schedule 1Inj'

2018-05-16 19:16:06 - [MESSAGE][PASSED] - All options with index in [9] are selected on object 'Object Repository/Store Request Schedule 1/Page_Store/select_--Select--Schedule 1Inj'

2018-05-16 19:16:06 - [TEST_STEP][PASSED] - delay: Delayed 1 second(s)

2018-05-16 19:16:07 - [MESSAGE][PASSED] - Delayed 1 second(s)

2018-05-16 19:16:07 - [TEST_STEP][PASSED] - selectOptionByIndex: All options with index in [23] are selected on object 'Object Repository/Store Request Schedule 1/Page_Store/select_--Select--Adernaline 0.'

2018-05-16 19:16:07 - [MESSAGE][PASSED] - All options with index in [23] are selected on object 'Object Repository/Store Request Schedule 1/Page_Store/select_--Select--Adernaline 0.'

2018-05-16 19:16:07 - [TEST_STEP][PASSED] - setText: Text '100' is set on object 'Object Repository/Store Request Schedule 1/Page_Store/input_txttreat'

2018-05-16 19:16:07 - [MESSAGE][PASSED] - Text '100' is set on object 'Object Repository/Store Request Schedule 1/Page_Store/input_txttreat'

2018-05-16 19:16:07 - [TEST_STEP][PASSED] - click: Object: 'Object Repository/Store Request Schedule 1/Page_Store/button_Add' is clicked on

2018-05-16 19:16:08 - [MESSAGE][PASSED] - Object: 'Object Repository/Store Request Schedule 1/Page_Store/button_Add' is clicked on

2018-05-16 19:16:08 - [TEST_STEP][PASSED] - selectOptionByIndex: All options with index in [9] are selected on object 'Object Repository/Store Request Schedule 1/Page_Store/select_--Select--Schedule 1Inj'

2018-05-16 19:16:08 - [MESSAGE][PASSED] - All options with index in [9] are selected on object 'Object Repository/Store Request Schedule 1/Page_Store/select_--Select--Schedule 1Inj'

2018-05-16 19:16:08 - [TEST_STEP][PASSED] - delay: Delayed 1 second(s)

2018-05-16 19:16:09 - [MESSAGE][PASSED] - Delayed 1 second(s)

2018-05-16 19:16:09 - [TEST_STEP][PASSED] - selectOptionByIndex: All options with index in [24] are selected on object 'Object Repository/Store Request Schedule 1/Page_Store/select_--Select--Adernaline 0.'

2018-05-16 19:16:09 - [MESSAGE][PASSED] - All options with index in [24] are selected on object 'Object Repository/Store Request Schedule 1/Page_Store/select_--Select--Adernaline 0.'

2018-05-16 19:16:09 - [TEST_STEP][PASSED] - setText: Text '100' is set on object 'Object Repository/Store Request Schedule 1/Page_Store/input_txttreat'

2018-05-16 19:16:09 - [MESSAGE][PASSED] - Text '100' is set on object 'Object Repository/Store Request Schedule 1/Page_Store/input_txttreat'

2018-05-16 19:16:09 - [TEST_STEP][PASSED] - click: Object: 'Object Repository/Store Request Schedule 1/Page_Store/button_Add' is clicked on

2018-05-16 19:16:09 - [MESSAGE][PASSED] - Object: 'Object Repository/Store Request Schedule 1/Page_Store/button_Add' is clicked on

2018-05-16 19:16:09 - [TEST_STEP][PASSED] - selectOptionByIndex: All options with index in [9] are selected on object 'Object Repository/Store Request Schedule 1/Page_Store/select_--Select--Schedule 1Inj'

2018-05-16 19:16:09 - [MESSAGE][PASSED] - All options with index in [9] are selected on object 'Object Repository/Store Request Schedule 1/Page_Store/select_--Select--Schedule 1Inj'

2018-05-16 19:16:09 - [TEST_STEP][PASSED] - delay: Delayed 1 second(s)

2018-05-16 19:16:10 - [MESSAGE][PASSED] - Delayed 1 second(s)

2018-05-16 19:16:10 - [TEST_STEP][PASSED] - selectOptionByIndex: All options with index in [25] are selected on object 'Object Repository/Store Request Schedule 1/Page_Store/select_--Select--Adernaline 0.'

2018-05-16 19:16:11 - [MESSAGE][PASSED] - All options with index in [25] are selected on object 'Object Repository/Store Request Schedule 1/Page_Store/select_--Select--Adernaline 0.'

2018-05-16 19:16:11 - [TEST_STEP][PASSED] - setText: Text '100' is set on object 'Object Repository/Store Request Schedule 1/Page_Store/input_txttreat'

2018-05-16 19:16:11 - [MESSAGE][PASSED] - Text '100' is set on object 'Object Repository/Store Request Schedule 1/Page_Store/input_txttreat'

2018-05-16 19:16:11 - [TEST_STEP][PASSED] - click: Object: 'Object Repository/Store Request Schedule 1/Page_Store/button_Add' is clicked on

2018-05-16 19:16:11 - [MESSAGE][PASSED] - Object: 'Object Repository/Store Request Schedule 1/Page_Store/button_Add' is clicked on

2018-05-16 19:16:11 - [TEST_STEP][PASSED] - selectOptionByIndex: All options with index in [9] are selected on object 'Object Repository/Store Request Schedule 1/Page_Store/select_--Select--Schedule 1Inj'

2018-05-16 19:16:11 - [MESSAGE][PASSED] - All options with index in [9] are selected on object 'Object Repository/Store Request Schedule 1/Page_Store/select_--Select--Schedule 1Inj'

2018-05-16 19:16:11 - [TEST_STEP][PASSED] - delay: Delayed 1 second(s)

2018-05-16 19:16:12 - [MESSAGE][PASSED] - Delayed 1 second(s)

2018-05-16 19:16:12 - [TEST_STEP][PASSED] - selectOptionByIndex: All options with index in [26] are selected on object 'Object Repository/Store Request Schedule 1/Page_Store/select_--Select--Adernaline 0.'

2018-05-16 19:16:12 - [MESSAGE][PASSED] - All options with index in [26] are selected on object 'Object Repository/Store Request Schedule 1/Page_Store/select_--Select--Adernaline 0.'

2018-05-16 19:16:12 - [TEST_STEP][PASSED] - setText: Text '100' is set on object 'Object Repository/Store Request Schedule 1/Page_Store/input_txttreat'

2018-05-16 19:16:13 - [MESSAGE][PASSED] - Text '100' is set on object 'Object Repository/Store Request Schedule 1/Page_Store/input_txttreat'

2018-05-16 19:16:13 - [TEST_STEP][PASSED] - click: Object: 'Object Repository/Store Request Schedule 1/Page_Store/button_Add' is clicked on

2018-05-16 19:16:13 - [MESSAGE][PASSED] - Object: 'Object Repository/Store Request Schedule 1/Page_Store/button_Add' is clicked on

2018-05-16 19:16:13 - [TEST_STEP][PASSED] - selectOptionByIndex: All options with index in [9] are selected on object 'Object Repository/Store Request Schedule 1/Page_Store/select_--Select--Schedule 1Inj'

2018-05-16 19:16:13 - [MESSAGE][PASSED] - All options with index in [9] are selected on object 'Object Repository/Store Request Schedule 1/Page_Store/select_--Select--Schedule 1Inj'

2018-05-16 19:16:13 - [TEST_STEP][PASSED] - delay: Delayed 1 second(s)

2018-05-16 19:16:14 - [MESSAGE][PASSED] - Delayed 1 second(s)

2018-05-16 19:16:14 - [TEST_STEP][PASSED] - selectOptionByIndex: All options with index in [27] are selected on object 'Object Repository/Store Request Schedule 1/Page_Store/select_--Select--Adernaline 0.'

2018-05-16 19:16:14 - [MESSAGE][PASSED] - All options with index in [27] are selected on object 'Object Repository/Store Request Schedule 1/Page_Store/select_--Select--Adernaline 0.'

2018-05-16 19:16:14 - [TEST_STEP][PASSED] - setText: Text '100' is set on object 'Object Repository/Store Request Schedule 1/Page_Store/input_txttreat'

2018-05-16 19:16:14 - [MESSAGE][PASSED] - Text '100' is set on object 'Object Repository/Store Request Schedule 1/Page_Store/input_txttreat'

2018-05-16 19:16:14 - [TEST_STEP][PASSED] - click: Object: 'Object Repository/Store Request Schedule 1/Page_Store/button_Add' is clicked on

2018-05-16 19:16:14 - [MESSAGE][PASSED] - Object: 'Object Repository/Store Request Schedule 1/Page_Store/button_Add' is clicked on

2018-05-16 19:16:14 - [TEST_STEP][PASSED] - selectOptionByIndex: All options with index in [9] are selected on object 'Object Repository/Store Request Schedule 1/Page_Store/select_--Select--Schedule 1Inj'

2018-05-16 19:16:14 - [MESSAGE][PASSED] - All options with index in [9] are selected on object 'Object Repository/Store Request Schedule 1/Page_Store/select_--Select--Schedule 1Inj'

2018-05-16 19:16:14 - [TEST_STEP][PASSED] - delay: Delayed 1 second(s)

2018-05-16 19:16:15 - [MESSAGE][PASSED] - Delayed 1 second(s)

2018-05-16 19:16:15 - [TEST_STEP][PASSED] - selectOptionByIndex: All options with index in [28] are selected on object 'Object Repository/Store Request Schedule 1/Page_Store/select_--Select--Adernaline 0.'

2018-05-16 19:16:16 - [MESSAGE][PASSED] - All options with index in [28] are selected on object 'Object Repository/Store Request Schedule 1/Page_Store/select_--Select--Adernaline 0.'

2018-05-16 19:16:16 - [TEST_STEP][PASSED] - setText: Text '100' is set on object 'Object Repository/Store Request Schedule 1/Page_Store/input_txttreat'

2018-05-16 19:16:16 - [MESSAGE][PASSED] - Text '100' is set on object 'Object Repository/Store Request Schedule 1/Page_Store/input_txttreat'

2018-05-16 19:16:16 - [TEST_STEP][PASSED] - click: Object: 'Object Repository/Store Request Schedule 1/Page_Store/button_Add' is clicked on

2018-05-16 19:16:16 - [MESSAGE][PASSED] - Object: 'Object Repository/Store Request Schedule 1/Page_Store/button_Add' is clicked on

2018-05-16 19:16:16 - [TEST_STEP][PASSED] - selectOptionByIndex: All options with index in [9] are selected on object 'Object Repository/Store Request Schedule 1/Page_Store/select_--Select--Schedule 1Inj'

2018-05-16 19:16:16 - [MESSAGE][PASSED] - All options with index in [9] are selected on object 'Object Repository/Store Request Schedule 1/Page_Store/select_--Select--Schedule 1Inj'

2018-05-16 19:16:16 - [TEST_STEP][PASSED] - delay: Delayed 1 second(s)

2018-05-16 19:16:17 - [MESSAGE][PASSED] - Delayed 1 second(s)

2018-05-16 19:16:17 - [TEST_STEP][PASSED] - selectOptionByIndex: All options with index in [29] are selected on object 'Object Repository/Store Request Schedule 1/Page_Store/select_--Select--Adernaline 0.'

2018-05-16 19:16:18 - [MESSAGE][PASSED] - All options with index in [29] are selected on object 'Object Repository/Store Request Schedule 1/Page_Store/select_--Select--Adernaline 0.'

2018-05-16 19:16:18 - [TEST_STEP][PASSED] - setText: Text '100' is set on object 'Object Repository/Store Request Schedule 1/Page_Store/input_txttreat'

2018-05-16 19:16:18 - [MESSAGE][PASSED] - Text '100' is set on object 'Object Repository/Store Request Schedule 1/Page_Store/input_txttreat'

2018-05-16 19:16:18 - [TEST_STEP][PASSED] - click: Object: 'Object Repository/Store Request Schedule 1/Page_Store/button_Add' is clicked on

2018-05-16 19:16:18 - [MESSAGE][PASSED] - Object: 'Object Repository/Store Request Schedule 1/Page_Store/button_Add' is clicked on

2018-05-16 19:16:18 - [TEST_STEP][PASSED] - selectOptionByIndex: All options with index in [9] are selected on object 'Object Repository/Store Request Schedule 1/Page_Store/select_--Select--Schedule 1Inj'

2018-05-16 19:16:18 - [MESSAGE][PASSED] - All options with index in [9] are selected on object 'Object Repository/Store Request Schedule 1/Page_Store/select_--Select--Schedule 1Inj'

2018-05-16 19:16:18 - [TEST_STEP][PASSED] - delay: Delayed 1 second(s)

2018-05-16 19:16:19 - [MESSAGE][PASSED] - Delayed 1 second(s)

2018-05-16 19:16:19 - [TEST_STEP][PASSED] - selectOptionByIndex: All options with index in [30] are selected on object 'Object Repository/Store Request Schedule 1/Page_Store/select_--Select--Adernaline 0.'

2018-05-16 19:16:19 - [MESSAGE][PASSED] - All options with index in [30] are selected on object 'Object Repository/Store Request Schedule 1/Page_Store/select_--Select--Adernaline 0.'

2018-05-16 19:16:19 - [TEST_STEP][PASSED] - setText: Text '100' is set on object 'Object Repository/Store Request Schedule 1/Page_Store/input_txttreat'

2018-05-16 19:16:19 - [MESSAGE][PASSED] - Text '100' is set on object 'Object Repository/Store Request Schedule 1/Page_Store/input_txttreat'

2018-05-16 19:16:19 - [TEST_STEP][PASSED] - click: Object: 'Object Repository/Store Request Schedule 1/Page_Store/button_Add' is clicked on

2018-05-16 19:16:19 - [MESSAGE][PASSED] - Object: 'Object Repository/Store Request Schedule 1/Page_Store/button_Add' is clicked on

2018-05-16 19:16:19 - [TEST_STEP][PASSED] - selectOptionByIndex: All options with index in [9] are selected on object 'Object Repository/Store Request Schedule 1/Page_Store/select_--Select--Schedule 1Inj'

2018-05-16 19:16:20 - [MESSAGE][PASSED] - All options with index in [9] are selected on object 'Object Repository/Store Request Schedule 1/Page_Store/select_--Select--Schedule 1Inj'

2018-05-16 19:16:20 - [TEST_STEP][PASSED] - delay: Delayed 1 second(s)

2018-05-16 19:16:21 - [MESSAGE][PASSED] - Delayed 1 second(s)

2018-05-16 19:16:21 - [TEST_STEP][PASSED] - selectOptionByIndex: All options with index in [31] are selected on object 'Object Repository/Store Request Schedule 1/Page_Store/select_--Select--Adernaline 0.'

2018-05-16 19:16:21 - [MESSAGE][PASSED] - All options with index in [31] are selected on object 'Object Repository/Store Request Schedule 1/Page_Store/select_--Select--Adernaline 0.'

2018-05-16 19:16:21 - [TEST_STEP][PASSED] - setText: Text '100' is set on object 'Object Repository/Store Request Schedule 1/Page_Store/input_txttreat'

2018-05-16 19:16:21 - [MESSAGE][PASSED] - Text '100' is set on object 'Object Repository/Store Request Schedule 1/Page_Store/input_txttreat'

2018-05-16 19:16:21 - [TEST_STEP][PASSED] - click: Object: 'Object Repository/Store Request Schedule 1/Page_Store/button_Add' is clicked on

2018-05-16 19:16:21 - [MESSAGE][PASSED] - Object: 'Object Repository/Store Request Schedule 1/Page_Store/button_Add' is clicked on

2018-05-16 19:16:21 - [TEST_STEP][PASSED] - selectOptionByIndex: All options with index in [9] are selected on object 'Object Repository/Store Request Schedule 1/Page_Store/select_--Select--Schedule 1Inj'

2018-05-16 19:16:21 - [MESSAGE][PASSED] - All options with index in [9] are selected on object 'Object Repository/Store Request Schedule 1/Page_Store/select_--Select--Schedule 1Inj'

2018-05-16 19:16:21 - [TEST_STEP][PASSED] - delay: Delayed 1 second(s)

2018-05-16 19:16:22 - [MESSAGE][PASSED] - Delayed 1 second(s)

2018-05-16 19:16:22 - [TEST_STEP][PASSED] - selectOptionByIndex: All options with index in [32] are selected on object 'Object Repository/Store Request Schedule 1/Page_Store/select_--Select--Adernaline 0.'

2018-05-16 19:16:23 - [MESSAGE][PASSED] - All options with index in [32] are selected on object 'Object Repository/Store Request Schedule 1/Page_Store/select_--Select--Adernaline 0.'

2018-05-16 19:16:23 - [TEST_STEP][PASSED] - setText: Text '100' is set on object 'Object Repository/Store Request Schedule 1/Page_Store/input_txttreat'

2018-05-16 19:16:23 - [MESSAGE][PASSED] - Text '100' is set on object 'Object Repository/Store Request Schedule 1/Page_Store/input_txttreat'

2018-05-16 19:16:23 - [TEST_STEP][PASSED] - click: Object: 'Object Repository/Store Request Schedule 1/Page_Store/button_Add' is clicked on

2018-05-16 19:16:23 - [MESSAGE][PASSED] - Object: 'Object Repository/Store Request Schedule 1/Page_Store/button_Add' is clicked on

2018-05-16 19:16:23 - [TEST_STEP][PASSED] - selectOptionByIndex: All options with index in [9] are selected on object 'Object Repository/Store Request Schedule 1/Page_Store/select_--Select--Schedule 1Inj'

2018-05-16 19:16:23 - [MESSAGE][PASSED] - All options with index in [9] are selected on object 'Object Repository/Store Request Schedule 1/Page_Store/select_--Select--Schedule 1Inj'

2018-05-16 19:16:23 - [TEST_STEP][PASSED] - delay: Delayed 1 second(s)

2018-05-16 19:16:24 - [MESSAGE][PASSED] - Delayed 1 second(s)

2018-05-16 19:16:24 - [TEST_STEP][PASSED] - selectOptionByIndex: All options with index in [33] are selected on object 'Object Repository/Store Request Schedule 1/Page_Store/select_--Select--Adernaline 0.'

2018-05-16 19:16:25 - [MESSAGE][PASSED] - All options with index in [33] are selected on object 'Object Repository/Store Request Schedule 1/Page_Store/select_--Select--Adernaline 0.'

2018-05-16 19:16:25 - [TEST_STEP][PASSED] - setText: Text '100' is set on object 'Object Repository/Store Request Schedule 1/Page_Store/input_txttreat'

2018-05-16 19:16:25 - [MESSAGE][PASSED] - Text '100' is set on object 'Object Repository/Store Request Schedule 1/Page_Store/input_txttreat'

2018-05-16 19:16:25 - [TEST_STEP][PASSED] - click: Object: 'Object Repository/Store Request Schedule 1/Page_Store/button_Add' is clicked on

2018-05-16 19:16:25 - [MESSAGE][PASSED] - Object: 'Object Repository/Store Request Schedule 1/Page_Store/button_Add' is clicked on

2018-05-16 19:16:25 - [TEST_STEP][PASSED] - selectOptionByIndex: All options with index in [9] are selected on object 'Object Repository/Store Request Schedule 1/Page_Store/select_--Select--Schedule 1Inj'

2018-05-16 19:16:25 - [MESSAGE][PASSED] - All options with index in [9] are selected on object 'Object Repository/Store Request Schedule 1/Page_Store/select_--Select--Schedule 1Inj'

2018-05-16 19:16:25 - [TEST_STEP][PASSED] - delay: Delayed 1 second(s)

2018-05-16 19:16:26 - [MESSAGE][PASSED] - Delayed 1 second(s)

2018-05-16 19:16:26 - [TEST_STEP][PASSED] - selectOptionByIndex: All options with index in [34] are selected on object 'Object Repository/Store Request Schedule 1/Page_Store/select_--Select--Adernaline 0.'

2018-05-16 19:16:26 - [MESSAGE][PASSED] - All options with index in [34] are selected on object 'Object Repository/Store Request Schedule 1/Page_Store/select_--Select--Adernaline 0.'

2018-05-16 19:16:26 - [TEST_STEP][PASSED] - setText: Text '100' is set on object 'Object Repository/Store Request Schedule 1/Page_Store/input_txttreat'

2018-05-16 19:16:26 - [MESSAGE][PASSED] - Text '100' is set on object 'Object Repository/Store Request Schedule 1/Page_Store/input_txttreat'

2018-05-16 19:16:26 - [TEST_STEP][PASSED] - click: Object: 'Object Repository/Store Request Schedule 1/Page_Store/button_Add' is clicked on

2018-05-16 19:16:26 - [MESSAGE][PASSED] - Object: 'Object Repository/Store Request Schedule 1/Page_Store/button_Add' is clicked on

2018-05-16 19:16:26 - [TEST_STEP][PASSED] - selectOptionByIndex: All options with index in [9] are selected on object 'Object Repository/Store Request Schedule 1/Page_Store/select_--Select--Schedule 1Inj'

2018-05-16 19:16:27 - [MESSAGE][PASSED] - All options with index in [9] are selected on object 'Object Repository/Store Request Schedule 1/Page_Store/select_--Select--Schedule 1Inj'

2018-05-16 19:16:27 - [TEST_STEP][PASSED] - delay: Delayed 1 second(s)

2018-05-16 19:16:28 - [MESSAGE][PASSED] - Delayed 1 second(s)

2018-05-16 19:16:28 - [TEST_STEP][PASSED] - selectOptionByIndex: All options with index in [35] are selected on object 'Object Repository/Store Request Schedule 1/Page_Store/select_--Select--Adernaline 0.'

2018-05-16 19:16:28 - [MESSAGE][PASSED] - All options with index in [35] are selected on object 'Object Repository/Store Request Schedule 1/Page_Store/select_--Select--Adernaline 0.'

2018-05-16 19:16:28 - [TEST_STEP][PASSED] - setText: Text '100' is set on object 'Object Repository/Store Request Schedule 1/Page_Store/input_txttreat'

2018-05-16 19:16:28 - [MESSAGE][PASSED] - Text '100' is set on object 'Object Repository/Store Request Schedule 1/Page_Store/input_txttreat'

2018-05-16 19:16:28 - [TEST_STEP][PASSED] - click: Object: 'Object Repository/Store Request Schedule 1/Page_Store/button_Add' is clicked on

2018-05-16 19:16:28 - [MESSAGE][PASSED] - Object: 'Object Repository/Store Request Schedule 1/Page_Store/button_Add' is clicked on

2018-05-16 19:16:28 - [TEST_STEP][PASSED] - delay: Delayed 2 second(s)

2018-05-16 19:16:30 - [MESSAGE][PASSED] - Delayed 2 second(s)

2018-05-16 19:16:30 - [TEST_STEP][PASSED] - scrollToElement: Scroll to object 'Object Repository/Store Request Schedule 1/Page_Store/input_btnsave' successfully

2018-05-16 19:16:30 - [MESSAGE][PASSED] - Scroll to object 'Object Repository/Store Request Schedule 1/Page_Store/input_btnsave' successfully

2018-05-16 19:16:30 - [TEST_STEP][PASSED] - click: Object: 'Object Repository/Store Request Schedule 1/Page_Store/input_btnsave' is clicked on

2018-05-16 19:16:30 - [MESSAGE][PASSED] - Object: 'Object Repository/Store Request Schedule 1/Page_Store/input_btnsave' is clicked on

2018-05-16 19:16:30 - [TEST_STEP][PASSED] - delay: Delayed 4 second(s)

2018-05-16 19:16:34 - [MESSAGE][PASSED] - Delayed 4 second(s)

2018-05-16 19:16:34 - [TEST_STEP][PASSED] - Statement - Cms_RequestNumber = com.kms.katalon.core.webui.keyword.WebUiBuiltInKeywords.getText(com.kms.katalon.core.testobject.ObjectRepository.findTestObject(Store Request Schedule 1/Page_Store/font_PRNO050520189)): Text of object 'Object Repository/Store Request Schedule 1/Page_Store/font_PRNO050520189' is: 'PRNO/16052018/170'

2018-05-16 19:16:34 - [MESSAGE][PASSED] - Text of object 'Object Repository/Store Request Schedule 1/Page_Store/font_PRNO050520189' is: 'PRNO/16052018/170'

2018-05-16 19:16:34 - [TEST_STEP][PASSED] - Statement - CR = Cms_RequestNumber.trim(): null

2018-05-16 19:16:34 - [TEST_STEP][PASSED] - Statement - out.println("RQ :" + Cms_RequestNumber): null

2018-05-16 19:16:34 - [TEST_STEP][PASSED] - Statement - RequestNumberID = Cms_RequestNumber.split("/")[2].trim(): null

2018-05-16 19:16:34 - [TEST_STEP][PASSED] - Statement - out.println("RQ ID :" + RequestNumberID): null

2018-05-16 19:16:34 - [TEST_STEP][PASSED] - delay: Delayed 3 second(s)

2018-05-16 19:16:37 - [MESSAGE][PASSED] - Delayed 3 second(s)

2018-05-16 19:16:37 - [TEST_STEP][PASSED] - Statement - ok = com.kms.katalon.core.webui.keyword.WebUiBuiltInKeywords.click(com.kms.katalon.core.testobject.ObjectRepository.findTestObject(Store Request Schedule 1/Page_Store/button_OK)): Object: 'Object Repository/Store Request Schedule 1/Page_Store/button_OK' is clicked on

2018-05-16 19:16:38 - [MESSAGE][PASSED] - Object: 'Object Repository/Store Request Schedule 1/Page_Store/button_OK' is clicked on

2018-05-16 19:16:38 - [TEST_STEP][PASSED] - delay: Delayed 3 second(s)

2018-05-16 19:16:41 - [MESSAGE][PASSED] - Delayed 3 second(s)

2018-05-16 19:16:41 - [TEST_STEP][PASSED] - click: Object: 'Object Repository/Store Request Schedule 1/Page_Store/a_dropdown-toggle' is clicked on

2018-05-16 19:16:41 - [MESSAGE][PASSED] - Object: 'Object Repository/Store Request Schedule 1/Page_Store/a_dropdown-toggle' is clicked on

2018-05-16 19:16:41 - [TEST_STEP][PASSED] - click: Object: 'Object Repository/Store Request Schedule 1/Page_Store/a_Sign out' is clicked on

2018-05-16 19:16:42 - [MESSAGE][PASSED] - Object: 'Object Repository/Store Request Schedule 1/Page_Store/a_Sign out' is clicked on

2018-05-16 19:16:42 - [TEST_STEP][PASSED] - delay: Delayed 3 second(s)

2018-05-16 19:16:45 - [MESSAGE][PASSED] - Delayed 3 second(s)

2018-05-16 19:16:45 - [TEST_STEP][PASSED] - click: Object: 'Object Repository/Store Request Schedule 1/Page_KDMC/a_CMO' is clicked on

2018-05-16 19:16:45 - [MESSAGE][PASSED] - Object: 'Object Repository/Store Request Schedule 1/Page_KDMC/a_CMO' is clicked on

2018-05-16 19:16:45 - [TEST_STEP][PASSED] - setText: Text 'guru' is set on object 'Object Repository/Store Request Schedule 1/Page_CMO login/input_txtusername'

2018-05-16 19:16:45 - [MESSAGE][PASSED] - Text 'guru' is set on object 'Object Repository/Store Request Schedule 1/Page_CMO login/input_txtusername'

2018-05-16 19:16:45 - [TEST_STEP][PASSED] - setText: Text '123' is set on object 'Object Repository/Store Request Schedule 1/Page_CMO login/input_txtpassword'

2018-05-16 19:16:46 - [MESSAGE][PASSED] - Text '123' is set on object 'Object Repository/Store Request Schedule 1/Page_CMO login/input_txtpassword'

2018-05-16 19:16:46 - [TEST_STEP][PASSED] - delay: Delayed 3 second(s)

2018-05-16 19:16:49 - [MESSAGE][PASSED] - Delayed 3 second(s)

2018-05-16 19:16:49 - [TEST_STEP][PASSED] - click: Object: 'Object Repository/Store Request Schedule 1/Page_CMO login/button_Sign in' is clicked on

2018-05-16 19:16:49 - [MESSAGE][PASSED] - Object: 'Object Repository/Store Request Schedule 1/Page_CMO login/button_Sign in' is clicked on

2018-05-16 19:16:49 - [TEST_STEP][PASSED] - delay: Delayed 2 second(s)

2018-05-16 19:16:51 - [MESSAGE][PASSED] - Delayed 2 second(s)

2018-05-16 19:16:51 - [TEST_STEP][PASSED] - click: Object: 'Object Repository/Store Request Schedule 1/Page_KDMC - CMO/span_Department Wise Request' is clicked on

2018-05-16 19:16:52 - [MESSAGE][PASSED] - Object: 'Object Repository/Store Request Schedule 1/Page_KDMC - CMO/span_Department Wise Request' is clicked on

2018-05-16 19:16:52 - [TEST_STEP][PASSED] - click: Object: 'Object Repository/Store Request Schedule 1/Page_KDMC - CMO/a_CMS Request' is clicked on

2018-05-16 19:16:52 - [MESSAGE][PASSED] - Object: 'Object Repository/Store Request Schedule 1/Page_KDMC - CMO/a_CMS Request' is clicked on

2018-05-16 19:16:52 - [TEST_STEP][PASSED] - click: Object: 'Object Repository/Store Request Schedule 1/Page_KDMC - CMO/a_CMS Request' is clicked on

2018-05-16 19:16:52 - [MESSAGE][PASSED] - Object: 'Object Repository/Store Request Schedule 1/Page_KDMC - CMO/a_CMS Request' is clicked on

2018-05-16 19:16:52 - [TEST_STEP][PASSED] - click: Object: 'Object Repository/Store Request Schedule 1/Page_KDMC - CMO/span_Divisional Store Request' is clicked on

2018-05-16 19:16:53 - [MESSAGE][PASSED] - Object: 'Object Repository/Store Request Schedule 1/Page_KDMC - CMO/span_Divisional Store Request' is clicked on

2018-05-16 19:16:53 - [TEST_STEP][PASSED] - delay: Delayed 2 second(s)

2018-05-16 19:16:55 - [MESSAGE][PASSED] - Delayed 2 second(s)

2018-05-16 19:16:55 - [TEST_STEP][PASSED] - Statement - approval = com.kms.katalon.core.webui.keyword.WebUiBuiltInKeywords.modifyObjectProperty(com.kms.katalon.core.testobject.ObjectRepository.findTestObject(Store Request Schedule 1/Page_KDMC - CMO/input_PRNO050520189), "xpath", "equals", "//*[@id=" + RequestNumberID + "]", true): Modify property of object successfully

2018-05-16 19:16:55 - [MESSAGE][PASSED] - Modify property of object successfully

2018-05-16 19:16:55 - [TEST_STEP][PASSED] - click: Object: 'Object Repository/Store Request Schedule 1/Page_KDMC - CMO/input_PRNO050520189' is clicked on

2018-05-16 19:16:56 - [MESSAGE][PASSED] - Object: 'Object Repository/Store Request Schedule 1/Page_KDMC - CMO/input_PRNO050520189' is clicked on

2018-05-16 19:16:56 - [TEST_STEP][PASSED] - delay: Delayed 2 second(s)

2018-05-16 19:16:58 - [MESSAGE][PASSED] - Delayed 2 second(s)

2018-05-16 19:16:58 - [TEST_STEP][PASSED] - selectOptionByIndex: All options with index in [1] are selected on object 'Object Repository/Store Request Schedule 1/Page_KDMC - CMO/select_--Select--'

2018-05-16 19:16:58 - [MESSAGE][PASSED] - All options with index in [1] are selected on object 'Object Repository/Store Request Schedule 1/Page_KDMC - CMO/select_--Select--'

2018-05-16 19:16:58 - [TEST_STEP][PASSED] - click: Object: 'Object Repository/Store Request Schedule 1/Page_KDMC - CMO/input_btnupdate' is clicked on

2018-05-16 19:16:58 - [MESSAGE][PASSED] - Object: 'Object Repository/Store Request Schedule 1/Page_KDMC - CMO/input_btnupdate' is clicked on

2018-05-16 19:16:58 - [TEST_STEP][PASSED] - delay: Delayed 2 second(s)

2018-05-16 19:17:00 - [MESSAGE][PASSED] - Delayed 2 second(s)

2018-05-16 19:17:00 - [TEST_STEP][PASSED] - click: Object: 'Object Repository/Store Request Schedule 1/Page_KDMC - CMO/button_OK' is clicked on

2018-05-16 19:17:00 - [MESSAGE][PASSED] - Object: 'Object Repository/Store Request Schedule 1/Page_KDMC - CMO/button_OK' is clicked on

2018-05-16 19:17:00 - [TEST_STEP][PASSED] - delay: Delayed 2 second(s)

2018-05-16 19:17:02 - [MESSAGE][PASSED] - Delayed 2 second(s)

2018-05-16 19:17:02 - [TEST_STEP][PASSED] - click: Object: 'Object Repository/Store Request Schedule 1/Page_KDMC - CMO/a_dropdown-toggle' is clicked on

2018-05-16 19:17:02 - [MESSAGE][PASSED] - Object: 'Object Repository/Store Request Schedule 1/Page_KDMC - CMO/a_dropdown-toggle' is clicked on

2018-05-16 19:17:02 - [TEST_STEP][PASSED] - click: Object: 'Object Repository/Store Request Schedule 1/Page_KDMC - CMO/a_Sign out' is clicked on

2018-05-16 19:17:03 - [MESSAGE][PASSED] - Object: 'Object Repository/Store Request Schedule 1/Page_KDMC - CMO/a_Sign out' is clicked on

2018-05-16 19:17:03 - [TEST_STEP][PASSED] - delay: Delayed 3 second(s)

2018-05-16 19:17:06 - [MESSAGE][PASSED] - Delayed 3 second(s)

2018-05-16 19:17:06 - [TEST_STEP][PASSED] - click: Object: 'Object Repository/store Request Schedule 1/Page_KDMC/a_CMS' is clicked on

2018-05-16 19:17:06 - [MESSAGE][PASSED] - Object: 'Object Repository/store Request Schedule 1/Page_KDMC/a_CMS' is clicked on

2018-05-16 19:17:06 - [TEST_STEP][PASSED] - setText: Text 'bala' is set on object 'Object Repository/store Request Schedule 1/Page_CMS login/input_txtusername'

2018-05-16 19:17:06 - [MESSAGE][PASSED] - Text 'bala' is set on object 'Object Repository/store Request Schedule 1/Page_CMS login/input_txtusername'

2018-05-16 19:17:06 - [TEST_STEP][PASSED] - setText: Text '123' is set on object 'Object Repository/store Request Schedule 1/Page_CMS login/input_txtpassword'

2018-05-16 19:17:06 - [MESSAGE][PASSED] - Text '123' is set on object 'Object Repository/store Request Schedule 1/Page_CMS login/input_txtpassword'

2018-05-16 19:17:06 - [TEST_STEP][PASSED] - delay: Delayed 3 second(s)

2018-05-16 19:17:09 - [MESSAGE][PASSED] - Delayed 3 second(s)

2018-05-16 19:17:09 - [TEST_STEP][PASSED] - click: Object: 'Object Repository/store Request Schedule 1/Page_CMS login/button_Sign in' is clicked on

2018-05-16 19:17:10 - [MESSAGE][PASSED] - Object: 'Object Repository/store Request Schedule 1/Page_CMS login/button_Sign in' is clicked on

2018-05-16 19:17:10 - [TEST_STEP][PASSED] - delay: Delayed 2 second(s)

2018-05-16 19:17:12 - [MESSAGE][PASSED] - Delayed 2 second(s)

2018-05-16 19:17:12 - [TEST_STEP][PASSED] - click: Object: 'Object Repository/store Request Schedule 1/Page_KDMC - CMS/a_Divisional Store' is clicked on

2018-05-16 19:17:12 - [MESSAGE][PASSED] - Object: 'Object Repository/store Request Schedule 1/Page_KDMC - CMS/a_Divisional Store' is clicked on

2018-05-16 19:17:12 - [TEST_STEP][PASSED] - delay: Delayed 2 second(s)

2018-05-16 19:17:14 - [MESSAGE][PASSED] - Delayed 2 second(s)

2018-05-16 19:17:14 - [TEST_STEP][PASSED] - click: Object: 'Object Repository/store Request Schedule 1/Page_KDMC - CMS/a_Dispatch Items' is clicked on

2018-05-16 19:17:15 - [MESSAGE][PASSED] - Object: 'Object Repository/store Request Schedule 1/Page_KDMC - CMS/a_Dispatch Items' is clicked on

2018-05-16 19:17:15 - [TEST_STEP][PASSED] - setText: Text 'PRNO/16052018/170' is set on object 'Object Repository/store Request Schedule 1/Page_KDMC - CMS/input'

2018-05-16 19:17:15 - [MESSAGE][PASSED] - Text 'PRNO/16052018/170' is set on object 'Object Repository/store Request Schedule 1/Page_KDMC - CMS/input'

2018-05-16 19:17:15 - [TEST_STEP][PASSED] - click: Object: 'Object Repository/store Request Schedule 1/Page_KDMC - CMS/td_text-center' is clicked on

2018-05-16 19:17:15 - [MESSAGE][PASSED] - Object: 'Object Repository/store Request Schedule 1/Page_KDMC - CMS/td_text-center' is clicked on

2018-05-16 19:17:15 - [TEST_STEP][PASSED] - delay: Delayed 2 second(s)

2018-05-16 19:17:17 - [MESSAGE][PASSED] - Delayed 2 second(s)

2018-05-16 19:17:17 - [TEST_STEP][PASSED] - Statement - For ([row = 0, row < SelectedOptions - 1, (row++)]): null

2018-05-16 19:17:17 - [TEST_STEP][PASSED] - Statement - batchlength = new com.kms.katalon.core.testobject.TestObject(): null

2018-05-16 19:17:17 - [TEST_STEP][PASSED] - Statement - batchlength = com.kms.katalon.core.webui.keyword.WebUiBuiltInKeywords.modifyObjectProperty(batchlength, "xpath", "equals", "//*[@id = "fldvendor" + row + ""]", true): Modify property of object successfully

2018-05-16 19:17:17 - [MESSAGE][PASSED] - Modify property of object successfully

2018-05-16 19:17:17 - [TEST_STEP][PASSED] - Statement - batchsize = com.kms.katalon.core.webui.keyword.WebUiBuiltInKeywords.getNumberOfTotalOption(batchlength): 9 options of object '' counted

2018-05-16 19:17:17 - [MESSAGE][PASSED] - 9 options of object '' counted

2018-05-16 19:17:17 - [TEST_STEP][PASSED] - Statement - out.println("BatchSize : " + batchsize): null

2018-05-16 19:17:17 - [TEST_STEP][PASSED] - Statement - For ([n = 1, n <= batchsize - 1, (n++)]): null

2018-05-16 19:17:17 - [TEST_STEP][PASSED] - Statement - product = new com.kms.katalon.core.testobject.TestObject(): null

2018-05-16 19:17:17 - [TEST_STEP][PASSED] - Statement - product = com.kms.katalon.core.webui.keyword.WebUiBuiltInKeywords.modifyObjectProperty(product, "xpath", "equals", "//*[@id = "fldvendor" + row + ""]", true): Modify property of object successfully

2018-05-16 19:17:17 - [MESSAGE][PASSED] - Modify property of object successfully

2018-05-16 19:17:17 - [TEST_STEP][PASSED] - selectOptionByIndex: All options with index in [1] are selected on object ''

2018-05-16 19:17:17 - [MESSAGE][PASSED] - All options with index in [1] are selected on object ''

2018-05-16 19:17:17 - [TEST_STEP][PASSED] - Statement - batch = new com.kms.katalon.core.testobject.TestObject(): null

2018-05-16 19:17:17 - [TEST_STEP][PASSED] - Statement - batch = com.kms.katalon.core.webui.keyword.WebUiBuiltInKeywords.modifyObjectProperty(batch, "xpath", "equals", "//*[@id = "txtbthqty" + row + ""]", true): Modify property of object successfully

2018-05-16 19:17:17 - [MESSAGE][PASSED] - Modify property of object successfully

2018-05-16 19:17:17 - [TEST_STEP][PASSED] - Statement - batchqty = com.kms.katalon.core.webui.keyword.WebUiBuiltInKeywords.getAttribute(batch, "value").trim(): Attribute 'value' of object '' is: '5000'

2018-05-16 19:17:17 - [MESSAGE][PASSED] - Attribute 'value' of object '' is: '5000'

2018-05-16 19:17:17 - [TEST_STEP][PASSED] - Statement - Rqty = 100: null

2018-05-16 19:17:17 - [TEST_STEP][PASSED] - delay: Delayed 2 second(s)

2018-05-16 19:17:19 - [MESSAGE][PASSED] - Delayed 2 second(s)

2018-05-16 19:17:19 - [TEST_STEP][PASSED] - Statement - out.println("BatchQty : " + batchqty): null

2018-05-16 19:17:19 - [TEST_STEP][PASSED] - Statement - out.println("RQty : " + Rqty): null

2018-05-16 19:17:19 - [TEST_STEP][PASSED] - Statement - If (java.lang.Integer.valueOf(batchqty) >= java.lang.Integer.valueOf(Rqty)): null

2018-05-16 19:17:19 - [TEST_STEP][PASSED] - Statement - Break: null

2018-05-16 19:17:19 - [TEST_STEP][PASSED] - Statement - batchlength = new com.kms.katalon.core.testobject.TestObject(): null

2018-05-16 19:17:19 - [TEST_STEP][PASSED] - Statement - batchlength = com.kms.katalon.core.webui.keyword.WebUiBuiltInKeywords.modifyObjectProperty(batchlength, "xpath", "equals", "//*[@id = "fldvendor" + row + ""]", true): Modify property of object successfully

2018-05-16 19:17:19 - [MESSAGE][PASSED] - Modify property of object successfully

2018-05-16 19:17:19 - [TEST_STEP][PASSED] - Statement - batchsize = com.kms.katalon.core.webui.keyword.WebUiBuiltInKeywords.getNumberOfTotalOption(batchlength): 9 options of object '' counted

2018-05-16 19:17:19 - [MESSAGE][PASSED] - 9 options of object '' counted

2018-05-16 19:17:19 - [TEST_STEP][PASSED] - Statement - out.println("BatchSize : " + batchsize): null

2018-05-16 19:17:19 - [TEST_STEP][PASSED] - Statement - For ([n = 1, n <= batchsize - 1, (n++)]): null

2018-05-16 19:17:19 - [TEST_STEP][PASSED] - Statement - product = new com.kms.katalon.core.testobject.TestObject(): null

2018-05-16 19:17:19 - [TEST_STEP][PASSED] - Statement - product = com.kms.katalon.core.webui.keyword.WebUiBuiltInKeywords.modifyObjectProperty(product, "xpath", "equals", "//*[@id = "fldvendor" + row + ""]", true): Modify property of object successfully

2018-05-16 19:17:19 - [MESSAGE][PASSED] - Modify property of object successfully

2018-05-16 19:17:19 - [TEST_STEP][PASSED] - selectOptionByIndex: All options with index in [1] are selected on object ''

2018-05-16 19:17:20 - [MESSAGE][PASSED] - All options with index in [1] are selected on object ''

2018-05-16 19:17:20 - [TEST_STEP][PASSED] - Statement - batch = new com.kms.katalon.core.testobject.TestObject(): null

2018-05-16 19:17:20 - [TEST_STEP][PASSED] - Statement - batch = com.kms.katalon.core.webui.keyword.WebUiBuiltInKeywords.modifyObjectProperty(batch, "xpath", "equals", "//*[@id = "txtbthqty" + row + ""]", true): Modify property of object successfully

2018-05-16 19:17:20 - [MESSAGE][PASSED] - Modify property of object successfully

2018-05-16 19:17:20 - [TEST_STEP][PASSED] - Statement - batchqty = com.kms.katalon.core.webui.keyword.WebUiBuiltInKeywords.getAttribute(batch, "value").trim(): Attribute 'value' of object '' is: '5000'

2018-05-16 19:17:20 - [MESSAGE][PASSED] - Attribute 'value' of object '' is: '5000'

2018-05-16 19:17:20 - [TEST_STEP][PASSED] - Statement - Rqty = 100: null

2018-05-16 19:17:20 - [TEST_STEP][PASSED] - delay: Delayed 2 second(s)

2018-05-16 19:17:22 - [MESSAGE][PASSED] - Delayed 2 second(s)

2018-05-16 19:17:22 - [TEST_STEP][PASSED] - Statement - out.println("BatchQty : " + batchqty): null

2018-05-16 19:17:22 - [TEST_STEP][PASSED] - Statement - out.println("RQty : " + Rqty): null

2018-05-16 19:17:22 - [TEST_STEP][PASSED] - Statement - If (java.lang.Integer.valueOf(batchqty) >= java.lang.Integer.valueOf(Rqty)): null

2018-05-16 19:17:22 - [TEST_STEP][PASSED] - Statement - Break: null

2018-05-16 19:17:22 - [TEST_STEP][PASSED] - Statement - batchlength = new com.kms.katalon.core.testobject.TestObject(): null

2018-05-16 19:17:22 - [TEST_STEP][PASSED] - Statement - batchlength = com.kms.katalon.core.webui.keyword.WebUiBuiltInKeywords.modifyObjectProperty(batchlength, "xpath", "equals", "//*[@id = "fldvendor" + row + ""]", true): Modify property of object successfully

2018-05-16 19:17:22 - [MESSAGE][PASSED] - Modify property of object successfully

2018-05-16 19:17:22 - [TEST_STEP][PASSED] - Statement - batchsize = com.kms.katalon.core.webui.keyword.WebUiBuiltInKeywords.getNumberOfTotalOption(batchlength): 9 options of object '' counted

2018-05-16 19:17:22 - [MESSAGE][PASSED] - 9 options of object '' counted

2018-05-16 19:17:22 - [TEST_STEP][PASSED] - Statement - out.println("BatchSize : " + batchsize): null

2018-05-16 19:17:22 - [TEST_STEP][PASSED] - Statement - For ([n = 1, n <= batchsize - 1, (n++)]): null

2018-05-16 19:17:22 - [TEST_STEP][PASSED] - Statement - product = new com.kms.katalon.core.testobject.TestObject(): null

2018-05-16 19:17:22 - [TEST_STEP][PASSED] - Statement - product = com.kms.katalon.core.webui.keyword.WebUiBuiltInKeywords.modifyObjectProperty(product, "xpath", "equals", "//*[@id = "fldvendor" + row + ""]", true): Modify property of object successfully

2018-05-16 19:17:22 - [MESSAGE][PASSED] - Modify property of object successfully

2018-05-16 19:17:22 - [TEST_STEP][PASSED] - selectOptionByIndex: All options with index in [1] are selected on object ''

2018-05-16 19:17:22 - [MESSAGE][PASSED] - All options with index in [1] are selected on object ''

2018-05-16 19:17:22 - [TEST_STEP][PASSED] - Statement - batch = new com.kms.katalon.core.testobject.TestObject(): null

2018-05-16 19:17:22 - [TEST_STEP][PASSED] - Statement - batch = com.kms.katalon.core.webui.keyword.WebUiBuiltInKeywords.modifyObjectProperty(batch, "xpath", "equals", "//*[@id = "txtbthqty" + row + ""]", true): Modify property of object successfully

2018-05-16 19:17:22 - [MESSAGE][PASSED] - Modify property of object successfully

2018-05-16 19:17:22 - [TEST_STEP][PASSED] - Statement - batchqty = com.kms.katalon.core.webui.keyword.WebUiBuiltInKeywords.getAttribute(batch, "value").trim(): Attribute 'value' of object '' is: '32800'

2018-05-16 19:17:22 - [MESSAGE][PASSED] - Attribute 'value' of object '' is: '32800'

2018-05-16 19:17:22 - [TEST_STEP][PASSED] - Statement - Rqty = 100: null

2018-05-16 19:17:22 - [TEST_STEP][PASSED] - delay: Delayed 2 second(s)

2018-05-16 19:17:24 - [MESSAGE][PASSED] - Delayed 2 second(s)

2018-05-16 19:17:24 - [TEST_STEP][PASSED] - Statement - out.println("BatchQty : " + batchqty): null

2018-05-16 19:17:24 - [TEST_STEP][PASSED] - Statement - out.println("RQty : " + Rqty): null

2018-05-16 19:17:24 - [TEST_STEP][PASSED] - Statement - If (java.lang.Integer.valueOf(batchqty) >= java.lang.Integer.valueOf(Rqty)): null

2018-05-16 19:17:24 - [TEST_STEP][PASSED] - Statement - Break: null

2018-05-16 19:17:24 - [TEST_STEP][PASSED] - Statement - batchlength = new com.kms.katalon.core.testobject.TestObject(): null

2018-05-16 19:17:24 - [TEST_STEP][PASSED] - Statement - batchlength = com.kms.katalon.core.webui.keyword.WebUiBuiltInKeywords.modifyObjectProperty(batchlength, "xpath", "equals", "//*[@id = "fldvendor" + row + ""]", true): Modify property of object successfully

2018-05-16 19:17:24 - [MESSAGE][PASSED] - Modify property of object successfully

2018-05-16 19:17:24 - [TEST_STEP][PASSED] - Statement - batchsize = com.kms.katalon.core.webui.keyword.WebUiBuiltInKeywords.getNumberOfTotalOption(batchlength): 9 options of object '' counted

2018-05-16 19:17:24 - [MESSAGE][PASSED] - 9 options of object '' counted

2018-05-16 19:17:24 - [TEST_STEP][PASSED] - Statement - out.println("BatchSize : " + batchsize): null

2018-05-16 19:17:24 - [TEST_STEP][PASSED] - Statement - For ([n = 1, n <= batchsize - 1, (n++)]): null

2018-05-16 19:17:24 - [TEST_STEP][PASSED] - Statement - product = new com.kms.katalon.core.testobject.TestObject(): null

2018-05-16 19:17:24 - [TEST_STEP][PASSED] - Statement - product = com.kms.katalon.core.webui.keyword.WebUiBuiltInKeywords.modifyObjectProperty(product, "xpath", "equals", "//*[@id = "fldvendor" + row + ""]", true): Modify property of object successfully

2018-05-16 19:17:24 - [MESSAGE][PASSED] - Modify property of object successfully

2018-05-16 19:17:24 - [TEST_STEP][PASSED] - selectOptionByIndex: All options with index in [1] are selected on object ''

2018-05-16 19:17:24 - [MESSAGE][PASSED] - All options with index in [1] are selected on object ''

2018-05-16 19:17:24 - [TEST_STEP][PASSED] - Statement - batch = new com.kms.katalon.core.testobject.TestObject(): null

2018-05-16 19:17:24 - [TEST_STEP][PASSED] - Statement - batch = com.kms.katalon.core.webui.keyword.WebUiBuiltInKeywords.modifyObjectProperty(batch, "xpath", "equals", "//*[@id = "txtbthqty" + row + ""]", true): Modify property of object successfully

2018-05-16 19:17:24 - [MESSAGE][PASSED] - Modify property of object successfully

2018-05-16 19:17:24 - [TEST_STEP][PASSED] - Statement - batchqty = com.kms.katalon.core.webui.keyword.WebUiBuiltInKeywords.getAttribute(batch, "value").trim(): Attribute 'value' of object '' is: '31800'

2018-05-16 19:17:24 - [MESSAGE][PASSED] - Attribute 'value' of object '' is: '31800'

2018-05-16 19:17:24 - [TEST_STEP][PASSED] - Statement - Rqty = 100: null

2018-05-16 19:17:24 - [TEST_STEP][PASSED] - delay: Delayed 2 second(s)

2018-05-16 19:17:26 - [MESSAGE][PASSED] - Delayed 2 second(s)

2018-05-16 19:17:26 - [TEST_STEP][PASSED] - Statement - out.println("BatchQty : " + batchqty): null

2018-05-16 19:17:26 - [TEST_STEP][PASSED] - Statement - out.println("RQty : " + Rqty): null

2018-05-16 19:17:26 - [TEST_STEP][PASSED] - Statement - If (java.lang.Integer.valueOf(batchqty) >= java.lang.Integer.valueOf(Rqty)): null

2018-05-16 19:17:26 - [TEST_STEP][PASSED] - Statement - Break: null

2018-05-16 19:17:26 - [TEST_STEP][PASSED] - Statement - batchlength = new com.kms.katalon.core.testobject.TestObject(): null

2018-05-16 19:17:26 - [TEST_STEP][PASSED] - Statement - batchlength = com.kms.katalon.core.webui.keyword.WebUiBuiltInKeywords.modifyObjectProperty(batchlength, "xpath", "equals", "//*[@id = "fldvendor" + row + ""]", true): Modify property of object successfully

2018-05-16 19:17:26 - [MESSAGE][PASSED] - Modify property of object successfully

2018-05-16 19:17:26 - [TEST_STEP][PASSED] - Statement - batchsize = com.kms.katalon.core.webui.keyword.WebUiBuiltInKeywords.getNumberOfTotalOption(batchlength): 9 options of object '' counted

2018-05-16 19:17:26 - [MESSAGE][PASSED] - 9 options of object '' counted

2018-05-16 19:17:26 - [TEST_STEP][PASSED] - Statement - out.println("BatchSize : " + batchsize): null

2018-05-16 19:17:26 - [TEST_STEP][PASSED] - Statement - For ([n = 1, n <= batchsize - 1, (n++)]): null

2018-05-16 19:17:26 - [TEST_STEP][PASSED] - Statement - product = new com.kms.katalon.core.testobject.TestObject(): null

2018-05-16 19:17:26 - [TEST_STEP][PASSED] - Statement - product = com.kms.katalon.core.webui.keyword.WebUiBuiltInKeywords.modifyObjectProperty(product, "xpath", "equals", "//*[@id = "fldvendor" + row + ""]", true): Modify property of object successfully

2018-05-16 19:17:26 - [MESSAGE][PASSED] - Modify property of object successfully

2018-05-16 19:17:26 - [TEST_STEP][PASSED] - selectOptionByIndex: All options with index in [1] are selected on object ''

2018-05-16 19:17:26 - [MESSAGE][PASSED] - All options with index in [1] are selected on object ''

2018-05-16 19:17:26 - [TEST_STEP][PASSED] - Statement - batch = new com.kms.katalon.core.testobject.TestObject(): null

2018-05-16 19:17:26 - [TEST_STEP][PASSED] - Statement - batch = com.kms.katalon.core.webui.keyword.WebUiBuiltInKeywords.modifyObjectProperty(batch, "xpath", "equals", "//*[@id = "txtbthqty" + row + ""]", true): Modify property of object successfully

2018-05-16 19:17:26 - [MESSAGE][PASSED] - Modify property of object successfully

2018-05-16 19:17:26 - [TEST_STEP][PASSED] - Statement - batchqty = com.kms.katalon.core.webui.keyword.WebUiBuiltInKeywords.getAttribute(batch, "value").trim(): Attribute 'value' of object '' is: '5000'

2018-05-16 19:17:26 - [MESSAGE][PASSED] - Attribute 'value' of object '' is: '5000'

2018-05-16 19:17:26 - [TEST_STEP][PASSED] - Statement - Rqty = 100: null

2018-05-16 19:17:26 - [TEST_STEP][PASSED] - delay: Delayed 2 second(s)

2018-05-16 19:17:28 - [MESSAGE][PASSED] - Delayed 2 second(s)

2018-05-16 19:17:28 - [TEST_STEP][PASSED] - Statement - out.println("BatchQty : " + batchqty): null

2018-05-16 19:17:28 - [TEST_STEP][PASSED] - Statement - out.println("RQty : " + Rqty): null

2018-05-16 19:17:28 - [TEST_STEP][PASSED] - Statement - If (java.lang.Integer.valueOf(batchqty) >= java.lang.Integer.valueOf(Rqty)): null

2018-05-16 19:17:28 - [TEST_STEP][PASSED] - Statement - Break: null

2018-05-16 19:17:28 - [TEST_STEP][PASSED] - Statement - batchlength = new com.kms.katalon.core.testobject.TestObject(): null

2018-05-16 19:17:28 - [TEST_STEP][PASSED] - Statement - batchlength = com.kms.katalon.core.webui.keyword.WebUiBuiltInKeywords.modifyObjectProperty(batchlength, "xpath", "equals", "//*[@id = "fldvendor" + row + ""]", true): Modify property of object successfully

2018-05-16 19:17:28 - [MESSAGE][PASSED] - Modify property of object successfully

2018-05-16 19:17:28 - [TEST_STEP][PASSED] - Statement - batchsize = com.kms.katalon.core.webui.keyword.WebUiBuiltInKeywords.getNumberOfTotalOption(batchlength): 9 options of object '' counted

2018-05-16 19:17:28 - [MESSAGE][PASSED] - 9 options of object '' counted

2018-05-16 19:17:28 - [TEST_STEP][PASSED] - Statement - out.println("BatchSize : " + batchsize): null

2018-05-16 19:17:28 - [TEST_STEP][PASSED] - Statement - For ([n = 1, n <= batchsize - 1, (n++)]): null

2018-05-16 19:17:28 - [TEST_STEP][PASSED] - Statement - product = new com.kms.katalon.core.testobject.TestObject(): null

2018-05-16 19:17:28 - [TEST_STEP][PASSED] - Statement - product = com.kms.katalon.core.webui.keyword.WebUiBuiltInKeywords.modifyObjectProperty(product, "xpath", "equals", "//*[@id = "fldvendor" + row + ""]", true): Modify property of object successfully

2018-05-16 19:17:28 - [MESSAGE][PASSED] - Modify property of object successfully

2018-05-16 19:17:28 - [TEST_STEP][PASSED] - selectOptionByIndex: All options with index in [1] are selected on object ''

2018-05-16 19:17:29 - [MESSAGE][PASSED] - All options with index in [1] are selected on object ''

2018-05-16 19:17:29 - [TEST_STEP][PASSED] - Statement - batch = new com.kms.katalon.core.testobject.TestObject(): null

2018-05-16 19:17:29 - [TEST_STEP][PASSED] - Statement - batch = com.kms.katalon.core.webui.keyword.WebUiBuiltInKeywords.modifyObjectProperty(batch, "xpath", "equals", "//*[@id = "txtbthqty" + row + ""]", true): Modify property of object successfully

2018-05-16 19:17:29 - [MESSAGE][PASSED] - Modify property of object successfully

2018-05-16 19:17:29 - [TEST_STEP][PASSED] - Statement - batchqty = com.kms.katalon.core.webui.keyword.WebUiBuiltInKeywords.getAttribute(batch, "value").trim(): Attribute 'value' of object '' is: '39000'

2018-05-16 19:17:29 - [MESSAGE][PASSED] - Attribute 'value' of object '' is: '39000'

2018-05-16 19:17:29 - [TEST_STEP][PASSED] - Statement - Rqty = 100: null

2018-05-16 19:17:29 - [TEST_STEP][PASSED] - delay: Delayed 2 second(s)

2018-05-16 19:17:31 - [MESSAGE][PASSED] - Delayed 2 second(s)

2018-05-16 19:17:31 - [TEST_STEP][PASSED] - Statement - out.println("BatchQty : " + batchqty): null

2018-05-16 19:17:31 - [TEST_STEP][PASSED] - Statement - out.println("RQty : " + Rqty): null

2018-05-16 19:17:31 - [TEST_STEP][PASSED] - Statement - If (java.lang.Integer.valueOf(batchqty) >= java.lang.Integer.valueOf(Rqty)): null

2018-05-16 19:17:31 - [TEST_STEP][PASSED] - Statement - Break: null

2018-05-16 19:17:31 - [TEST_STEP][PASSED] - Statement - batchlength = new com.kms.katalon.core.testobject.TestObject(): null

2018-05-16 19:17:31 - [TEST_STEP][PASSED] - Statement - batchlength = com.kms.katalon.core.webui.keyword.WebUiBuiltInKeywords.modifyObjectProperty(batchlength, "xpath", "equals", "//*[@id = "fldvendor" + row + ""]", true): Modify property of object successfully

2018-05-16 19:17:31 - [MESSAGE][PASSED] - Modify property of object successfully

2018-05-16 19:17:31 - [TEST_STEP][PASSED] - Statement - batchsize = com.kms.katalon.core.webui.keyword.WebUiBuiltInKeywords.getNumberOfTotalOption(batchlength): 9 options of object '' counted

2018-05-16 19:17:31 - [MESSAGE][PASSED] - 9 options of object '' counted

2018-05-16 19:17:31 - [TEST_STEP][PASSED] - Statement - out.println("BatchSize : " + batchsize): null

2018-05-16 19:17:31 - [TEST_STEP][PASSED] - Statement - For ([n = 1, n <= batchsize - 1, (n++)]): null

2018-05-16 19:17:31 - [TEST_STEP][PASSED] - Statement - product = new com.kms.katalon.core.testobject.TestObject(): null

2018-05-16 19:17:31 - [TEST_STEP][PASSED] - Statement - product = com.kms.katalon.core.webui.keyword.WebUiBuiltInKeywords.modifyObjectProperty(product, "xpath", "equals", "//*[@id = "fldvendor" + row + ""]", true): Modify property of object successfully

2018-05-16 19:17:31 - [MESSAGE][PASSED] - Modify property of object successfully

2018-05-16 19:17:31 - [TEST_STEP][PASSED] - selectOptionByIndex: All options with index in [1] are selected on object ''

2018-05-16 19:17:31 - [MESSAGE][PASSED] - All options with index in [1] are selected on object ''

2018-05-16 19:17:31 - [TEST_STEP][PASSED] - Statement - batch = new com.kms.katalon.core.testobject.TestObject(): null

2018-05-16 19:17:31 - [TEST_STEP][PASSED] - Statement - batch = com.kms.katalon.core.webui.keyword.WebUiBuiltInKeywords.modifyObjectProperty(batch, "xpath", "equals", "//*[@id = "txtbthqty" + row + ""]", true): Modify property of object successfully

2018-05-16 19:17:31 - [MESSAGE][PASSED] - Modify property of object successfully

2018-05-16 19:17:31 - [TEST_STEP][PASSED] - Statement - batchqty = com.kms.katalon.core.webui.keyword.WebUiBuiltInKeywords.getAttribute(batch, "value").trim(): Attribute 'value' of object '' is: '5000'

2018-05-16 19:17:31 - [MESSAGE][PASSED] - Attribute 'value' of object '' is: '5000'

2018-05-16 19:17:31 - [TEST_STEP][PASSED] - Statement - Rqty = 100: null

2018-05-16 19:17:31 - [TEST_STEP][PASSED] - delay: Delayed 2 second(s)

2018-05-16 19:17:33 - [MESSAGE][PASSED] - Delayed 2 second(s)

2018-05-16 19:17:33 - [TEST_STEP][PASSED] - Statement - out.println("BatchQty : " + batchqty): null

2018-05-16 19:17:33 - [TEST_STEP][PASSED] - Statement - out.println("RQty : " + Rqty): null

2018-05-16 19:17:33 - [TEST_STEP][PASSED] - Statement - If (java.lang.Integer.valueOf(batchqty) >= java.lang.Integer.valueOf(Rqty)): null

2018-05-16 19:17:33 - [TEST_STEP][PASSED] - Statement - Break: null

2018-05-16 19:17:33 - [TEST_STEP][PASSED] - Statement - batchlength = new com.kms.katalon.core.testobject.TestObject(): null

2018-05-16 19:17:33 - [TEST_STEP][PASSED] - Statement - batchlength = com.kms.katalon.core.webui.keyword.WebUiBuiltInKeywords.modifyObjectProperty(batchlength, "xpath", "equals", "//*[@id = "fldvendor" + row + ""]", true): Modify property of object successfully

2018-05-16 19:17:33 - [MESSAGE][PASSED] - Modify property of object successfully

2018-05-16 19:17:33 - [TEST_STEP][PASSED] - Statement - batchsize = com.kms.katalon.core.webui.keyword.WebUiBuiltInKeywords.getNumberOfTotalOption(batchlength): 9 options of object '' counted

2018-05-16 19:17:33 - [MESSAGE][PASSED] - 9 options of object '' counted

2018-05-16 19:17:33 - [TEST_STEP][PASSED] - Statement - out.println("BatchSize : " + batchsize): null

2018-05-16 19:17:33 - [TEST_STEP][PASSED] - Statement - For ([n = 1, n <= batchsize - 1, (n++)]): null

2018-05-16 19:17:33 - [TEST_STEP][PASSED] - Statement - product = new com.kms.katalon.core.testobject.TestObject(): null

2018-05-16 19:17:33 - [TEST_STEP][PASSED] - Statement - product = com.kms.katalon.core.webui.keyword.WebUiBuiltInKeywords.modifyObjectProperty(product, "xpath", "equals", "//*[@id = "fldvendor" + row + ""]", true): Modify property of object successfully

2018-05-16 19:17:33 - [MESSAGE][PASSED] - Modify property of object successfully

2018-05-16 19:17:33 - [TEST_STEP][PASSED] - selectOptionByIndex: All options with index in [1] are selected on object ''

2018-05-16 19:17:33 - [MESSAGE][PASSED] - All options with index in [1] are selected on object ''

2018-05-16 19:17:33 - [TEST_STEP][PASSED] - Statement - batch = new com.kms.katalon.core.testobject.TestObject(): null

2018-05-16 19:17:33 - [TEST_STEP][PASSED] - Statement - batch = com.kms.katalon.core.webui.keyword.WebUiBuiltInKeywords.modifyObjectProperty(batch, "xpath", "equals", "//*[@id = "txtbthqty" + row + ""]", true): Modify property of object successfully

2018-05-16 19:17:33 - [MESSAGE][PASSED] - Modify property of object successfully

2018-05-16 19:17:33 - [TEST_STEP][PASSED] - Statement - batchqty = com.kms.katalon.core.webui.keyword.WebUiBuiltInKeywords.getAttribute(batch, "value").trim(): Attribute 'value' of object '' is: '4000'

2018-05-16 19:17:33 - [MESSAGE][PASSED] - Attribute 'value' of object '' is: '4000'

2018-05-16 19:17:33 - [TEST_STEP][PASSED] - Statement - Rqty = 100: null

2018-05-16 19:17:33 - [TEST_STEP][PASSED] - delay: Delayed 2 second(s)

2018-05-16 19:17:35 - [MESSAGE][PASSED] - Delayed 2 second(s)

2018-05-16 19:17:35 - [TEST_STEP][PASSED] - Statement - out.println("BatchQty : " + batchqty): null

2018-05-16 19:17:35 - [TEST_STEP][PASSED] - Statement - out.println("RQty : " + Rqty): null

2018-05-16 19:17:35 - [TEST_STEP][PASSED] - Statement - If (java.lang.Integer.valueOf(batchqty) >= java.lang.Integer.valueOf(Rqty)): null

2018-05-16 19:17:35 - [TEST_STEP][PASSED] - Statement - Break: null

2018-05-16 19:17:35 - [TEST_STEP][PASSED] - Statement - batchlength = new com.kms.katalon.core.testobject.TestObject(): null

2018-05-16 19:17:35 - [TEST_STEP][PASSED] - Statement - batchlength = com.kms.katalon.core.webui.keyword.WebUiBuiltInKeywords.modifyObjectProperty(batchlength, "xpath", "equals", "//*[@id = "fldvendor" + row + ""]", true): Modify property of object successfully

2018-05-16 19:17:35 - [MESSAGE][PASSED] - Modify property of object successfully

2018-05-16 19:17:35 - [TEST_STEP][PASSED] - Statement - batchsize = com.kms.katalon.core.webui.keyword.WebUiBuiltInKeywords.getNumberOfTotalOption(batchlength): 9 options of object '' counted

2018-05-16 19:17:35 - [MESSAGE][PASSED] - 9 options of object '' counted

2018-05-16 19:17:35 - [TEST_STEP][PASSED] - Statement - out.println("BatchSize : " + batchsize): null

2018-05-16 19:17:35 - [TEST_STEP][PASSED] - Statement - For ([n = 1, n <= batchsize - 1, (n++)]): null

2018-05-16 19:17:35 - [TEST_STEP][PASSED] - Statement - product = new com.kms.katalon.core.testobject.TestObject(): null

2018-05-16 19:17:35 - [TEST_STEP][PASSED] - Statement - product = com.kms.katalon.core.webui.keyword.WebUiBuiltInKeywords.modifyObjectProperty(product, "xpath", "equals", "//*[@id = "fldvendor" + row + ""]", true): Modify property of object successfully

2018-05-16 19:17:35 - [MESSAGE][PASSED] - Modify property of object successfully

2018-05-16 19:17:35 - [TEST_STEP][PASSED] - selectOptionByIndex: All options with index in [1] are selected on object ''

2018-05-16 19:17:35 - [MESSAGE][PASSED] - All options with index in [1] are selected on object ''

2018-05-16 19:17:35 - [TEST_STEP][PASSED] - Statement - batch = new com.kms.katalon.core.testobject.TestObject(): null

2018-05-16 19:17:35 - [TEST_STEP][PASSED] - Statement - batch = com.kms.katalon.core.webui.keyword.WebUiBuiltInKeywords.modifyObjectProperty(batch, "xpath", "equals", "//*[@id = "txtbthqty" + row + ""]", true): Modify property of object successfully

2018-05-16 19:17:35 - [MESSAGE][PASSED] - Modify property of object successfully

2018-05-16 19:17:35 - [TEST_STEP][PASSED] - Statement - batchqty = com.kms.katalon.core.webui.keyword.WebUiBuiltInKeywords.getAttribute(batch, "value").trim(): Attribute 'value' of object '' is: '5000'

2018-05-16 19:17:35 - [MESSAGE][PASSED] - Attribute 'value' of object '' is: '5000'

2018-05-16 19:17:35 - [TEST_STEP][PASSED] - Statement - Rqty = 100: null

2018-05-16 19:17:35 - [TEST_STEP][PASSED] - delay: Delayed 2 second(s)

2018-05-16 19:17:37 - [MESSAGE][PASSED] - Delayed 2 second(s)

2018-05-16 19:17:37 - [TEST_STEP][PASSED] - Statement - out.println("BatchQty : " + batchqty): null

2018-05-16 19:17:37 - [TEST_STEP][PASSED] - Statement - out.println("RQty : " + Rqty): null

2018-05-16 19:17:37 - [TEST_STEP][PASSED] - Statement - If (java.lang.Integer.valueOf(batchqty) >= java.lang.Integer.valueOf(Rqty)): null

2018-05-16 19:17:37 - [TEST_STEP][PASSED] - Statement - Break: null

2018-05-16 19:17:37 - [TEST_STEP][PASSED] - Statement - batchlength = new com.kms.katalon.core.testobject.TestObject(): null

2018-05-16 19:17:37 - [TEST_STEP][PASSED] - Statement - batchlength = com.kms.katalon.core.webui.keyword.WebUiBuiltInKeywords.modifyObjectProperty(batchlength, "xpath", "equals", "//*[@id = "fldvendor" + row + ""]", true): Modify property of object successfully

2018-05-16 19:17:37 - [MESSAGE][PASSED] - Modify property of object successfully

2018-05-16 19:17:37 - [TEST_STEP][PASSED] - Statement - batchsize = com.kms.katalon.core.webui.keyword.WebUiBuiltInKeywords.getNumberOfTotalOption(batchlength): 9 options of object '' counted

2018-05-16 19:17:37 - [MESSAGE][PASSED] - 9 options of object '' counted

2018-05-16 19:17:37 - [TEST_STEP][PASSED] - Statement - out.println("BatchSize : " + batchsize): null

2018-05-16 19:17:37 - [TEST_STEP][PASSED] - Statement - For ([n = 1, n <= batchsize - 1, (n++)]): null

2018-05-16 19:17:37 - [TEST_STEP][PASSED] - Statement - product = new com.kms.katalon.core.testobject.TestObject(): null

2018-05-16 19:17:37 - [TEST_STEP][PASSED] - Statement - product = com.kms.katalon.core.webui.keyword.WebUiBuiltInKeywords.modifyObjectProperty(product, "xpath", "equals", "//*[@id = "fldvendor" + row + ""]", true): Modify property of object successfully

2018-05-16 19:17:37 - [MESSAGE][PASSED] - Modify property of object successfully

2018-05-16 19:17:37 - [TEST_STEP][PASSED] - selectOptionByIndex: All options with index in [1] are selected on object ''

2018-05-16 19:17:38 - [MESSAGE][PASSED] - All options with index in [1] are selected on object ''

2018-05-16 19:17:38 - [TEST_STEP][PASSED] - Statement - batch = new com.kms.katalon.core.testobject.TestObject(): null

2018-05-16 19:17:38 - [TEST_STEP][PASSED] - Statement - batch = com.kms.katalon.core.webui.keyword.WebUiBuiltInKeywords.modifyObjectProperty(batch, "xpath", "equals", "//*[@id = "txtbthqty" + row + ""]", true): Modify property of object successfully

2018-05-16 19:17:38 - [MESSAGE][PASSED] - Modify property of object successfully

2018-05-16 19:17:38 - [TEST_STEP][PASSED] - Statement - batchqty = com.kms.katalon.core.webui.keyword.WebUiBuiltInKeywords.getAttribute(batch, "value").trim(): Attribute 'value' of object '' is: '5000'

2018-05-16 19:17:38 - [MESSAGE][PASSED] - Attribute 'value' of object '' is: '5000'

2018-05-16 19:17:38 - [TEST_STEP][PASSED] - Statement - Rqty = 100: null

2018-05-16 19:17:38 - [TEST_STEP][PASSED] - delay: Delayed 2 second(s)

2018-05-16 19:17:40 - [MESSAGE][PASSED] - Delayed 2 second(s)

2018-05-16 19:17:40 - [TEST_STEP][PASSED] - Statement - out.println("BatchQty : " + batchqty): null

2018-05-16 19:17:40 - [TEST_STEP][PASSED] - Statement - out.println("RQty : " + Rqty): null

2018-05-16 19:17:40 - [TEST_STEP][PASSED] - Statement - If (java.lang.Integer.valueOf(batchqty) >= java.lang.Integer.valueOf(Rqty)): null

2018-05-16 19:17:40 - [TEST_STEP][PASSED] - Statement - Break: null

2018-05-16 19:17:40 - [TEST_STEP][PASSED] - Statement - batchlength = new com.kms.katalon.core.testobject.TestObject(): null

2018-05-16 19:17:40 - [TEST_STEP][PASSED] - Statement - batchlength = com.kms.katalon.core.webui.keyword.WebUiBuiltInKeywords.modifyObjectProperty(batchlength, "xpath", "equals", "//*[@id = "fldvendor" + row + ""]", true): Modify property of object successfully

2018-05-16 19:17:40 - [MESSAGE][PASSED] - Modify property of object successfully

2018-05-16 19:17:40 - [TEST_STEP][PASSED] - Statement - batchsize = com.kms.katalon.core.webui.keyword.WebUiBuiltInKeywords.getNumberOfTotalOption(batchlength): 9 options of object '' counted

2018-05-16 19:17:40 - [MESSAGE][PASSED] - 9 options of object '' counted

2018-05-16 19:17:40 - [TEST_STEP][PASSED] - Statement - out.println("BatchSize : " + batchsize): null

2018-05-16 19:17:40 - [TEST_STEP][PASSED] - Statement - For ([n = 1, n <= batchsize - 1, (n++)]): null

2018-05-16 19:17:40 - [TEST_STEP][PASSED] - Statement - product = new com.kms.katalon.core.testobject.TestObject(): null

2018-05-16 19:17:40 - [TEST_STEP][PASSED] - Statement - product = com.kms.katalon.core.webui.keyword.WebUiBuiltInKeywords.modifyObjectProperty(product, "xpath", "equals", "//*[@id = "fldvendor" + row + ""]", true): Modify property of object successfully

2018-05-16 19:17:40 - [MESSAGE][PASSED] - Modify property of object successfully

2018-05-16 19:17:40 - [TEST_STEP][PASSED] - selectOptionByIndex: All options with index in [1] are selected on object ''

2018-05-16 19:17:40 - [MESSAGE][PASSED] - All options with index in [1] are selected on object ''

2018-05-16 19:17:40 - [TEST_STEP][PASSED] - Statement - batch = new com.kms.katalon.core.testobject.TestObject(): null

2018-05-16 19:17:40 - [TEST_STEP][PASSED] - Statement - batch = com.kms.katalon.core.webui.keyword.WebUiBuiltInKeywords.modifyObjectProperty(batch, "xpath", "equals", "//*[@id = "txtbthqty" + row + ""]", true): Modify property of object successfully

2018-05-16 19:17:40 - [MESSAGE][PASSED] - Modify property of object successfully

2018-05-16 19:17:40 - [TEST_STEP][PASSED] - Statement - batchqty = com.kms.katalon.core.webui.keyword.WebUiBuiltInKeywords.getAttribute(batch, "value").trim(): Attribute 'value' of object '' is: '4000'

2018-05-16 19:17:40 - [MESSAGE][PASSED] - Attribute 'value' of object '' is: '4000'

2018-05-16 19:17:40 - [TEST_STEP][PASSED] - Statement - Rqty = 100: null

2018-05-16 19:17:40 - [TEST_STEP][PASSED] - delay: Delayed 2 second(s)

2018-05-16 19:17:42 - [MESSAGE][PASSED] - Delayed 2 second(s)

2018-05-16 19:17:42 - [TEST_STEP][PASSED] - Statement - out.println("BatchQty : " + batchqty): null

2018-05-16 19:17:42 - [TEST_STEP][PASSED] - Statement - out.println("RQty : " + Rqty): null

2018-05-16 19:17:42 - [TEST_STEP][PASSED] - Statement - If (java.lang.Integer.valueOf(batchqty) >= java.lang.Integer.valueOf(Rqty)): null

2018-05-16 19:17:42 - [TEST_STEP][PASSED] - Statement - Break: null

2018-05-16 19:17:42 - [TEST_STEP][PASSED] - Statement - batchlength = new com.kms.katalon.core.testobject.TestObject(): null

2018-05-16 19:17:42 - [TEST_STEP][PASSED] - Statement - batchlength = com.kms.katalon.core.webui.keyword.WebUiBuiltInKeywords.modifyObjectProperty(batchlength, "xpath", "equals", "//*[@id = "fldvendor" + row + ""]", true): Modify property of object successfully

2018-05-16 19:17:42 - [MESSAGE][PASSED] - Modify property of object successfully

2018-05-16 19:17:42 - [TEST_STEP][PASSED] - Statement - batchsize = com.kms.katalon.core.webui.keyword.WebUiBuiltInKeywords.getNumberOfTotalOption(batchlength): 9 options of object '' counted

2018-05-16 19:17:42 - [MESSAGE][PASSED] - 9 options of object '' counted

2018-05-16 19:17:42 - [TEST_STEP][PASSED] - Statement - out.println("BatchSize : " + batchsize): null

2018-05-16 19:17:42 - [TEST_STEP][PASSED] - Statement - For ([n = 1, n <= batchsize - 1, (n++)]): null

2018-05-16 19:17:42 - [TEST_STEP][PASSED] - Statement - product = new com.kms.katalon.core.testobject.TestObject(): null

2018-05-16 19:17:42 - [TEST_STEP][PASSED] - Statement - product = com.kms.katalon.core.webui.keyword.WebUiBuiltInKeywords.modifyObjectProperty(product, "xpath", "equals", "//*[@id = "fldvendor" + row + ""]", true): Modify property of object successfully

2018-05-16 19:17:42 - [MESSAGE][PASSED] - Modify property of object successfully

2018-05-16 19:17:42 - [TEST_STEP][PASSED] - selectOptionByIndex: All options with index in [1] are selected on object ''

2018-05-16 19:17:42 - [MESSAGE][PASSED] - All options with index in [1] are selected on object ''

2018-05-16 19:17:42 - [TEST_STEP][PASSED] - Statement - batch = new com.kms.katalon.core.testobject.TestObject(): null

2018-05-16 19:17:42 - [TEST_STEP][PASSED] - Statement - batch = com.kms.katalon.core.webui.keyword.WebUiBuiltInKeywords.modifyObjectProperty(batch, "xpath", "equals", "//*[@id = "txtbthqty" + row + ""]", true): Modify property of object successfully

2018-05-16 19:17:42 - [MESSAGE][PASSED] - Modify property of object successfully

2018-05-16 19:17:42 - [TEST_STEP][PASSED] - Statement - batchqty = com.kms.katalon.core.webui.keyword.WebUiBuiltInKeywords.getAttribute(batch, "value").trim(): Attribute 'value' of object '' is: '40000'

2018-05-16 19:17:42 - [MESSAGE][PASSED] - Attribute 'value' of object '' is: '40000'

2018-05-16 19:17:42 - [TEST_STEP][PASSED] - Statement - Rqty = 100: null

2018-05-16 19:17:42 - [TEST_STEP][PASSED] - delay: Delayed 2 second(s)

2018-05-16 19:17:44 - [MESSAGE][PASSED] - Delayed 2 second(s)

2018-05-16 19:17:44 - [TEST_STEP][PASSED] - Statement - out.println("BatchQty : " + batchqty): null

2018-05-16 19:17:44 - [TEST_STEP][PASSED] - Statement - out.println("RQty : " + Rqty): null

2018-05-16 19:17:44 - [TEST_STEP][PASSED] - Statement - If (java.lang.Integer.valueOf(batchqty) >= java.lang.Integer.valueOf(Rqty)): null

2018-05-16 19:17:44 - [TEST_STEP][PASSED] - Statement - Break: null

2018-05-16 19:17:44 - [TEST_STEP][PASSED] - Statement - batchlength = new com.kms.katalon.core.testobject.TestObject(): null

2018-05-16 19:17:44 - [TEST_STEP][PASSED] - Statement - batchlength = com.kms.katalon.core.webui.keyword.WebUiBuiltInKeywords.modifyObjectProperty(batchlength, "xpath", "equals", "//*[@id = "fldvendor" + row + ""]", true): Modify property of object successfully

2018-05-16 19:17:44 - [MESSAGE][PASSED] - Modify property of object successfully

2018-05-16 19:17:44 - [TEST_STEP][PASSED] - Statement - batchsize = com.kms.katalon.core.webui.keyword.WebUiBuiltInKeywords.getNumberOfTotalOption(batchlength): 9 options of object '' counted

2018-05-16 19:17:44 - [MESSAGE][PASSED] - 9 options of object '' counted

2018-05-16 19:17:44 - [TEST_STEP][PASSED] - Statement - out.println("BatchSize : " + batchsize): null

2018-05-16 19:17:44 - [TEST_STEP][PASSED] - Statement - For ([n = 1, n <= batchsize - 1, (n++)]): null

2018-05-16 19:17:44 - [TEST_STEP][PASSED] - Statement - product = new com.kms.katalon.core.testobject.TestObject(): null

2018-05-16 19:17:44 - [TEST_STEP][PASSED] - Statement - product = com.kms.katalon.core.webui.keyword.WebUiBuiltInKeywords.modifyObjectProperty(product, "xpath", "equals", "//*[@id = "fldvendor" + row + ""]", true): Modify property of object successfully

2018-05-16 19:17:44 - [MESSAGE][PASSED] - Modify property of object successfully

2018-05-16 19:17:44 - [TEST_STEP][PASSED] - selectOptionByIndex: All options with index in [1] are selected on object ''

2018-05-16 19:17:44 - [MESSAGE][PASSED] - All options with index in [1] are selected on object ''

2018-05-16 19:17:44 - [TEST_STEP][PASSED] - Statement - batch = new com.kms.katalon.core.testobject.TestObject(): null

2018-05-16 19:17:44 - [TEST_STEP][PASSED] - Statement - batch = com.kms.katalon.core.webui.keyword.WebUiBuiltInKeywords.modifyObjectProperty(batch, "xpath", "equals", "//*[@id = "txtbthqty" + row + ""]", true): Modify property of object successfully

2018-05-16 19:17:44 - [MESSAGE][PASSED] - Modify property of object successfully

2018-05-16 19:17:44 - [TEST_STEP][PASSED] - Statement - batchqty = com.kms.katalon.core.webui.keyword.WebUiBuiltInKeywords.getAttribute(batch, "value").trim(): Attribute 'value' of object '' is: '4000'

2018-05-16 19:17:44 - [MESSAGE][PASSED] - Attribute 'value' of object '' is: '4000'

2018-05-16 19:17:44 - [TEST_STEP][PASSED] - Statement - Rqty = 100: null

2018-05-16 19:17:44 - [TEST_STEP][PASSED] - delay: Delayed 2 second(s)

2018-05-16 19:17:46 - [MESSAGE][PASSED] - Delayed 2 second(s)

2018-05-16 19:17:46 - [TEST_STEP][PASSED] - Statement - out.println("BatchQty : " + batchqty): null

2018-05-16 19:17:46 - [TEST_STEP][PASSED] - Statement - out.println("RQty : " + Rqty): null

2018-05-16 19:17:46 - [TEST_STEP][PASSED] - Statement - If (java.lang.Integer.valueOf(batchqty) >= java.lang.Integer.valueOf(Rqty)): null

2018-05-16 19:17:46 - [TEST_STEP][PASSED] - Statement - Break: null

2018-05-16 19:17:46 - [TEST_STEP][PASSED] - Statement - batchlength = new com.kms.katalon.core.testobject.TestObject(): null

2018-05-16 19:17:46 - [TEST_STEP][PASSED] - Statement - batchlength = com.kms.katalon.core.webui.keyword.WebUiBuiltInKeywords.modifyObjectProperty(batchlength, "xpath", "equals", "//*[@id = "fldvendor" + row + ""]", true): Modify property of object successfully

2018-05-16 19:17:46 - [MESSAGE][PASSED] - Modify property of object successfully

2018-05-16 19:17:46 - [TEST_STEP][PASSED] - Statement - batchsize = com.kms.katalon.core.webui.keyword.WebUiBuiltInKeywords.getNumberOfTotalOption(batchlength): 9 options of object '' counted

2018-05-16 19:17:46 - [MESSAGE][PASSED] - 9 options of object '' counted

2018-05-16 19:17:46 - [TEST_STEP][PASSED] - Statement - out.println("BatchSize : " + batchsize): null

2018-05-16 19:17:46 - [TEST_STEP][PASSED] - Statement - For ([n = 1, n <= batchsize - 1, (n++)]): null

2018-05-16 19:17:46 - [TEST_STEP][PASSED] - Statement - product = new com.kms.katalon.core.testobject.TestObject(): null

2018-05-16 19:17:46 - [TEST_STEP][PASSED] - Statement - product = com.kms.katalon.core.webui.keyword.WebUiBuiltInKeywords.modifyObjectProperty(product, "xpath", "equals", "//*[@id = "fldvendor" + row + ""]", true): Modify property of object successfully

2018-05-16 19:17:46 - [MESSAGE][PASSED] - Modify property of object successfully

2018-05-16 19:17:46 - [TEST_STEP][PASSED] - selectOptionByIndex: All options with index in [1] are selected on object ''

2018-05-16 19:17:47 - [MESSAGE][PASSED] - All options with index in [1] are selected on object ''

2018-05-16 19:17:47 - [TEST_STEP][PASSED] - Statement - batch = new com.kms.katalon.core.testobject.TestObject(): null

2018-05-16 19:17:47 - [TEST_STEP][PASSED] - Statement - batch = com.kms.katalon.core.webui.keyword.WebUiBuiltInKeywords.modifyObjectProperty(batch, "xpath", "equals", "//*[@id = "txtbthqty" + row + ""]", true): Modify property of object successfully

2018-05-16 19:17:47 - [MESSAGE][PASSED] - Modify property of object successfully

2018-05-16 19:17:47 - [TEST_STEP][PASSED] - Statement - batchqty = com.kms.katalon.core.webui.keyword.WebUiBuiltInKeywords.getAttribute(batch, "value").trim(): Attribute 'value' of object '' is: '5000'

2018-05-16 19:17:47 - [MESSAGE][PASSED] - Attribute 'value' of object '' is: '5000'

2018-05-16 19:17:47 - [TEST_STEP][PASSED] - Statement - Rqty = 100: null

2018-05-16 19:17:47 - [TEST_STEP][PASSED] - delay: Delayed 2 second(s)

2018-05-16 19:17:49 - [MESSAGE][PASSED] - Delayed 2 second(s)

2018-05-16 19:17:49 - [TEST_STEP][PASSED] - Statement - out.println("BatchQty : " + batchqty): null

2018-05-16 19:17:49 - [TEST_STEP][PASSED] - Statement - out.println("RQty : " + Rqty): null

2018-05-16 19:17:49 - [TEST_STEP][PASSED] - Statement - If (java.lang.Integer.valueOf(batchqty) >= java.lang.Integer.valueOf(Rqty)): null

2018-05-16 19:17:49 - [TEST_STEP][PASSED] - Statement - Break: null

2018-05-16 19:17:49 - [TEST_STEP][PASSED] - Statement - batchlength = new com.kms.katalon.core.testobject.TestObject(): null

2018-05-16 19:17:49 - [TEST_STEP][PASSED] - Statement - batchlength = com.kms.katalon.core.webui.keyword.WebUiBuiltInKeywords.modifyObjectProperty(batchlength, "xpath", "equals", "//*[@id = "fldvendor" + row + ""]", true): Modify property of object successfully

2018-05-16 19:17:49 - [MESSAGE][PASSED] - Modify property of object successfully

2018-05-16 19:17:49 - [TEST_STEP][PASSED] - Statement - batchsize = com.kms.katalon.core.webui.keyword.WebUiBuiltInKeywords.getNumberOfTotalOption(batchlength): 9 options of object '' counted

2018-05-16 19:17:49 - [MESSAGE][PASSED] - 9 options of object '' counted

2018-05-16 19:17:49 - [TEST_STEP][PASSED] - Statement - out.println("BatchSize : " + batchsize): null

2018-05-16 19:17:49 - [TEST_STEP][PASSED] - Statement - For ([n = 1, n <= batchsize - 1, (n++)]): null

2018-05-16 19:17:49 - [TEST_STEP][PASSED] - Statement - product = new com.kms.katalon.core.testobject.TestObject(): null

2018-05-16 19:17:49 - [TEST_STEP][PASSED] - Statement - product = com.kms.katalon.core.webui.keyword.WebUiBuiltInKeywords.modifyObjectProperty(product, "xpath", "equals", "//*[@id = "fldvendor" + row + ""]", true): Modify property of object successfully

2018-05-16 19:17:49 - [MESSAGE][PASSED] - Modify property of object successfully

2018-05-16 19:17:49 - [TEST_STEP][PASSED] - selectOptionByIndex: All options with index in [1] are selected on object ''

2018-05-16 19:17:49 - [MESSAGE][PASSED] - All options with index in [1] are selected on object ''

2018-05-16 19:17:49 - [TEST_STEP][PASSED] - Statement - batch = new com.kms.katalon.core.testobject.TestObject(): null

2018-05-16 19:17:49 - [TEST_STEP][PASSED] - Statement - batch = com.kms.katalon.core.webui.keyword.WebUiBuiltInKeywords.modifyObjectProperty(batch, "xpath", "equals", "//*[@id = "txtbthqty" + row + ""]", true): Modify property of object successfully

2018-05-16 19:17:49 - [MESSAGE][PASSED] - Modify property of object successfully

2018-05-16 19:17:49 - [TEST_STEP][PASSED] - Statement - batchqty = com.kms.katalon.core.webui.keyword.WebUiBuiltInKeywords.getAttribute(batch, "value").trim(): Attribute 'value' of object '' is: '4000'

2018-05-16 19:17:49 - [MESSAGE][PASSED] - Attribute 'value' of object '' is: '4000'

2018-05-16 19:17:49 - [TEST_STEP][PASSED] - Statement - Rqty = 100: null

2018-05-16 19:17:49 - [TEST_STEP][PASSED] - delay: Delayed 2 second(s)

2018-05-16 19:17:51 - [MESSAGE][PASSED] - Delayed 2 second(s)

2018-05-16 19:17:51 - [TEST_STEP][PASSED] - Statement - out.println("BatchQty : " + batchqty): null

2018-05-16 19:17:51 - [TEST_STEP][PASSED] - Statement - out.println("RQty : " + Rqty): null

2018-05-16 19:17:51 - [TEST_STEP][PASSED] - Statement - If (java.lang.Integer.valueOf(batchqty) >= java.lang.Integer.valueOf(Rqty)): null

2018-05-16 19:17:51 - [TEST_STEP][PASSED] - Statement - Break: null

2018-05-16 19:17:51 - [TEST_STEP][PASSED] - Statement - batchlength = new com.kms.katalon.core.testobject.TestObject(): null

2018-05-16 19:17:51 - [TEST_STEP][PASSED] - Statement - batchlength = com.kms.katalon.core.webui.keyword.WebUiBuiltInKeywords.modifyObjectProperty(batchlength, "xpath", "equals", "//*[@id = "fldvendor" + row + ""]", true): Modify property of object successfully

2018-05-16 19:17:51 - [MESSAGE][PASSED] - Modify property of object successfully

2018-05-16 19:17:51 - [TEST_STEP][PASSED] - Statement - batchsize = com.kms.katalon.core.webui.keyword.WebUiBuiltInKeywords.getNumberOfTotalOption(batchlength): 9 options of object '' counted

2018-05-16 19:17:51 - [MESSAGE][PASSED] - 9 options of object '' counted

2018-05-16 19:17:51 - [TEST_STEP][PASSED] - Statement - out.println("BatchSize : " + batchsize): null

2018-05-16 19:17:51 - [TEST_STEP][PASSED] - Statement - For ([n = 1, n <= batchsize - 1, (n++)]): null

2018-05-16 19:17:51 - [TEST_STEP][PASSED] - Statement - product = new com.kms.katalon.core.testobject.TestObject(): null

2018-05-16 19:17:51 - [TEST_STEP][PASSED] - Statement - product = com.kms.katalon.core.webui.keyword.WebUiBuiltInKeywords.modifyObjectProperty(product, "xpath", "equals", "//*[@id = "fldvendor" + row + ""]", true): Modify property of object successfully

2018-05-16 19:17:51 - [MESSAGE][PASSED] - Modify property of object successfully

2018-05-16 19:17:51 - [TEST_STEP][PASSED] - selectOptionByIndex: All options with index in [1] are selected on object ''

2018-05-16 19:17:51 - [MESSAGE][PASSED] - All options with index in [1] are selected on object ''

2018-05-16 19:17:51 - [TEST_STEP][PASSED] - Statement - batch = new com.kms.katalon.core.testobject.TestObject(): null

2018-05-16 19:17:51 - [TEST_STEP][PASSED] - Statement - batch = com.kms.katalon.core.webui.keyword.WebUiBuiltInKeywords.modifyObjectProperty(batch, "xpath", "equals", "//*[@id = "txtbthqty" + row + ""]", true): Modify property of object successfully

2018-05-16 19:17:51 - [MESSAGE][PASSED] - Modify property of object successfully

2018-05-16 19:17:51 - [TEST_STEP][PASSED] - Statement - batchqty = com.kms.katalon.core.webui.keyword.WebUiBuiltInKeywords.getAttribute(batch, "value").trim(): Attribute 'value' of object '' is: '5000'

2018-05-16 19:17:51 - [MESSAGE][PASSED] - Attribute 'value' of object '' is: '5000'

2018-05-16 19:17:51 - [TEST_STEP][PASSED] - Statement - Rqty = 100: null

2018-05-16 19:17:51 - [TEST_STEP][PASSED] - delay: Delayed 2 second(s)

2018-05-16 19:17:53 - [MESSAGE][PASSED] - Delayed 2 second(s)

2018-05-16 19:17:53 - [TEST_STEP][PASSED] - Statement - out.println("BatchQty : " + batchqty): null

2018-05-16 19:17:53 - [TEST_STEP][PASSED] - Statement - out.println("RQty : " + Rqty): null

2018-05-16 19:17:53 - [TEST_STEP][PASSED] - Statement - If (java.lang.Integer.valueOf(batchqty) >= java.lang.Integer.valueOf(Rqty)): null

2018-05-16 19:17:53 - [TEST_STEP][PASSED] - Statement - Break: null

2018-05-16 19:17:53 - [TEST_STEP][PASSED] - Statement - batchlength = new com.kms.katalon.core.testobject.TestObject(): null

2018-05-16 19:17:53 - [TEST_STEP][PASSED] - Statement - batchlength = com.kms.katalon.core.webui.keyword.WebUiBuiltInKeywords.modifyObjectProperty(batchlength, "xpath", "equals", "//*[@id = "fldvendor" + row + ""]", true): Modify property of object successfully

2018-05-16 19:17:53 - [MESSAGE][PASSED] - Modify property of object successfully

2018-05-16 19:17:53 - [TEST_STEP][PASSED] - Statement - batchsize = com.kms.katalon.core.webui.keyword.WebUiBuiltInKeywords.getNumberOfTotalOption(batchlength): 9 options of object '' counted

2018-05-16 19:17:53 - [MESSAGE][PASSED] - 9 options of object '' counted

2018-05-16 19:17:53 - [TEST_STEP][PASSED] - Statement - out.println("BatchSize : " + batchsize): null

2018-05-16 19:17:53 - [TEST_STEP][PASSED] - Statement - For ([n = 1, n <= batchsize - 1, (n++)]): null

2018-05-16 19:17:53 - [TEST_STEP][PASSED] - Statement - product = new com.kms.katalon.core.testobject.TestObject(): null

2018-05-16 19:17:53 - [TEST_STEP][PASSED] - Statement - product = com.kms.katalon.core.webui.keyword.WebUiBuiltInKeywords.modifyObjectProperty(product, "xpath", "equals", "//*[@id = "fldvendor" + row + ""]", true): Modify property of object successfully

2018-05-16 19:17:53 - [MESSAGE][PASSED] - Modify property of object successfully

2018-05-16 19:17:53 - [TEST_STEP][PASSED] - selectOptionByIndex: All options with index in [1] are selected on object ''

2018-05-16 19:17:53 - [MESSAGE][PASSED] - All options with index in [1] are selected on object ''

2018-05-16 19:17:53 - [TEST_STEP][PASSED] - Statement - batch = new com.kms.katalon.core.testobject.TestObject(): null

2018-05-16 19:17:53 - [TEST_STEP][PASSED] - Statement - batch = com.kms.katalon.core.webui.keyword.WebUiBuiltInKeywords.modifyObjectProperty(batch, "xpath", "equals", "//*[@id = "txtbthqty" + row + ""]", true): Modify property of object successfully

2018-05-16 19:17:53 - [MESSAGE][PASSED] - Modify property of object successfully

2018-05-16 19:17:53 - [TEST_STEP][PASSED] - Statement - batchqty = com.kms.katalon.core.webui.keyword.WebUiBuiltInKeywords.getAttribute(batch, "value").trim(): Attribute 'value' of object '' is: '4000'

2018-05-16 19:17:53 - [MESSAGE][PASSED] - Attribute 'value' of object '' is: '4000'

2018-05-16 19:17:53 - [TEST_STEP][PASSED] - Statement - Rqty = 100: null

2018-05-16 19:17:53 - [TEST_STEP][PASSED] - delay: Delayed 2 second(s)

2018-05-16 19:17:55 - [MESSAGE][PASSED] - Delayed 2 second(s)

2018-05-16 19:17:55 - [TEST_STEP][PASSED] - Statement - out.println("BatchQty : " + batchqty): null

2018-05-16 19:17:55 - [TEST_STEP][PASSED] - Statement - out.println("RQty : " + Rqty): null

2018-05-16 19:17:55 - [TEST_STEP][PASSED] - Statement - If (java.lang.Integer.valueOf(batchqty) >= java.lang.Integer.valueOf(Rqty)): null

2018-05-16 19:17:55 - [TEST_STEP][PASSED] - Statement - Break: null

2018-05-16 19:17:55 - [TEST_STEP][PASSED] - Statement - batchlength = new com.kms.katalon.core.testobject.TestObject(): null

2018-05-16 19:17:55 - [TEST_STEP][PASSED] - Statement - batchlength = com.kms.katalon.core.webui.keyword.WebUiBuiltInKeywords.modifyObjectProperty(batchlength, "xpath", "equals", "//*[@id = "fldvendor" + row + ""]", true): Modify property of object successfully

2018-05-16 19:17:55 - [MESSAGE][PASSED] - Modify property of object successfully

2018-05-16 19:17:55 - [TEST_STEP][PASSED] - Statement - batchsize = com.kms.katalon.core.webui.keyword.WebUiBuiltInKeywords.getNumberOfTotalOption(batchlength): 9 options of object '' counted

2018-05-16 19:17:55 - [MESSAGE][PASSED] - 9 options of object '' counted

2018-05-16 19:17:55 - [TEST_STEP][PASSED] - Statement - out.println("BatchSize : " + batchsize): null

2018-05-16 19:17:55 - [TEST_STEP][PASSED] - Statement - For ([n = 1, n <= batchsize - 1, (n++)]): null

2018-05-16 19:17:55 - [TEST_STEP][PASSED] - Statement - product = new com.kms.katalon.core.testobject.TestObject(): null

2018-05-16 19:17:55 - [TEST_STEP][PASSED] - Statement - product = com.kms.katalon.core.webui.keyword.WebUiBuiltInKeywords.modifyObjectProperty(product, "xpath", "equals", "//*[@id = "fldvendor" + row + ""]", true): Modify property of object successfully

2018-05-16 19:17:55 - [MESSAGE][PASSED] - Modify property of object successfully

2018-05-16 19:17:55 - [TEST_STEP][PASSED] - selectOptionByIndex: All options with index in [1] are selected on object ''

2018-05-16 19:17:56 - [MESSAGE][PASSED] - All options with index in [1] are selected on object ''

2018-05-16 19:17:56 - [TEST_STEP][PASSED] - Statement - batch = new com.kms.katalon.core.testobject.TestObject(): null

2018-05-16 19:17:56 - [TEST_STEP][PASSED] - Statement - batch = com.kms.katalon.core.webui.keyword.WebUiBuiltInKeywords.modifyObjectProperty(batch, "xpath", "equals", "//*[@id = "txtbthqty" + row + ""]", true): Modify property of object successfully

2018-05-16 19:17:56 - [MESSAGE][PASSED] - Modify property of object successfully

2018-05-16 19:17:56 - [TEST_STEP][PASSED] - Statement - batchqty = com.kms.katalon.core.webui.keyword.WebUiBuiltInKeywords.getAttribute(batch, "value").trim(): Attribute 'value' of object '' is: '40000'

2018-05-16 19:17:56 - [MESSAGE][PASSED] - Attribute 'value' of object '' is: '40000'

2018-05-16 19:17:56 - [TEST_STEP][PASSED] - Statement - Rqty = 100: null

2018-05-16 19:17:56 - [TEST_STEP][PASSED] - delay: Delayed 2 second(s)

2018-05-16 19:17:58 - [MESSAGE][PASSED] - Delayed 2 second(s)

2018-05-16 19:17:58 - [TEST_STEP][PASSED] - Statement - out.println("BatchQty : " + batchqty): null

2018-05-16 19:17:58 - [TEST_STEP][PASSED] - Statement - out.println("RQty : " + Rqty): null

2018-05-16 19:17:58 - [TEST_STEP][PASSED] - Statement - If (java.lang.Integer.valueOf(batchqty) >= java.lang.Integer.valueOf(Rqty)): null

2018-05-16 19:17:58 - [TEST_STEP][PASSED] - Statement - Break: null

2018-05-16 19:17:58 - [TEST_STEP][PASSED] - Statement - batchlength = new com.kms.katalon.core.testobject.TestObject(): null

2018-05-16 19:17:58 - [TEST_STEP][PASSED] - Statement - batchlength = com.kms.katalon.core.webui.keyword.WebUiBuiltInKeywords.modifyObjectProperty(batchlength, "xpath", "equals", "//*[@id = "fldvendor" + row + ""]", true): Modify property of object successfully

2018-05-16 19:17:58 - [MESSAGE][PASSED] - Modify property of object successfully

2018-05-16 19:17:58 - [TEST_STEP][PASSED] - Statement - batchsize = com.kms.katalon.core.webui.keyword.WebUiBuiltInKeywords.getNumberOfTotalOption(batchlength): 10 options of object '' counted

2018-05-16 19:17:58 - [MESSAGE][PASSED] - 10 options of object '' counted

2018-05-16 19:17:58 - [TEST_STEP][PASSED] - Statement - out.println("BatchSize : " + batchsize): null

2018-05-16 19:17:58 - [TEST_STEP][PASSED] - Statement - For ([n = 1, n <= batchsize - 1, (n++)]): null

2018-05-16 19:17:58 - [TEST_STEP][PASSED] - Statement - product = new com.kms.katalon.core.testobject.TestObject(): null

2018-05-16 19:17:58 - [TEST_STEP][PASSED] - Statement - product = com.kms.katalon.core.webui.keyword.WebUiBuiltInKeywords.modifyObjectProperty(product, "xpath", "equals", "//*[@id = "fldvendor" + row + ""]", true): Modify property of object successfully

2018-05-16 19:17:58 - [MESSAGE][PASSED] - Modify property of object successfully

2018-05-16 19:17:58 - [TEST_STEP][PASSED] - selectOptionByIndex: All options with index in [1] are selected on object ''

2018-05-16 19:17:58 - [MESSAGE][PASSED] - All options with index in [1] are selected on object ''

2018-05-16 19:17:58 - [TEST_STEP][PASSED] - Statement - batch = new com.kms.katalon.core.testobject.TestObject(): null

2018-05-16 19:17:58 - [TEST_STEP][PASSED] - Statement - batch = com.kms.katalon.core.webui.keyword.WebUiBuiltInKeywords.modifyObjectProperty(batch, "xpath", "equals", "//*[@id = "txtbthqty" + row + ""]", true): Modify property of object successfully

2018-05-16 19:17:58 - [MESSAGE][PASSED] - Modify property of object successfully

2018-05-16 19:17:58 - [TEST_STEP][PASSED] - Statement - batchqty = com.kms.katalon.core.webui.keyword.WebUiBuiltInKeywords.getAttribute(batch, "value").trim(): Attribute 'value' of object '' is: '5000'

2018-05-16 19:17:58 - [MESSAGE][PASSED] - Attribute 'value' of object '' is: '5000'

2018-05-16 19:17:58 - [TEST_STEP][PASSED] - Statement - Rqty = 100: null

2018-05-16 19:17:58 - [TEST_STEP][PASSED] - delay: Delayed 2 second(s)

2018-05-16 19:18:00 - [MESSAGE][PASSED] - Delayed 2 second(s)

2018-05-16 19:18:00 - [TEST_STEP][PASSED] - Statement - out.println("BatchQty : " + batchqty): null

2018-05-16 19:18:00 - [TEST_STEP][PASSED] - Statement - out.println("RQty : " + Rqty): null

2018-05-16 19:18:00 - [TEST_STEP][PASSED] - Statement - If (java.lang.Integer.valueOf(batchqty) >= java.lang.Integer.valueOf(Rqty)): null

2018-05-16 19:18:00 - [TEST_STEP][PASSED] - Statement - Break: null

2018-05-16 19:18:00 - [TEST_STEP][PASSED] - Statement - batchlength = new com.kms.katalon.core.testobject.TestObject(): null

2018-05-16 19:18:00 - [TEST_STEP][PASSED] - Statement - batchlength = com.kms.katalon.core.webui.keyword.WebUiBuiltInKeywords.modifyObjectProperty(batchlength, "xpath", "equals", "//*[@id = "fldvendor" + row + ""]", true): Modify property of object successfully

2018-05-16 19:18:00 - [MESSAGE][PASSED] - Modify property of object successfully

2018-05-16 19:18:00 - [TEST_STEP][PASSED] - Statement - batchsize = com.kms.katalon.core.webui.keyword.WebUiBuiltInKeywords.getNumberOfTotalOption(batchlength): 9 options of object '' counted

2018-05-16 19:18:00 - [MESSAGE][PASSED] - 9 options of object '' counted

2018-05-16 19:18:00 - [TEST_STEP][PASSED] - Statement - out.println("BatchSize : " + batchsize): null

2018-05-16 19:18:00 - [TEST_STEP][PASSED] - Statement - For ([n = 1, n <= batchsize - 1, (n++)]): null

2018-05-16 19:18:00 - [TEST_STEP][PASSED] - Statement - product = new com.kms.katalon.core.testobject.TestObject(): null

2018-05-16 19:18:00 - [TEST_STEP][PASSED] - Statement - product = com.kms.katalon.core.webui.keyword.WebUiBuiltInKeywords.modifyObjectProperty(product, "xpath", "equals", "//*[@id = "fldvendor" + row + ""]", true): Modify property of object successfully

2018-05-16 19:18:00 - [MESSAGE][PASSED] - Modify property of object successfully

2018-05-16 19:18:00 - [TEST_STEP][PASSED] - selectOptionByIndex: All options with index in [1] are selected on object ''

2018-05-16 19:18:00 - [MESSAGE][PASSED] - All options with index in [1] are selected on object ''

2018-05-16 19:18:00 - [TEST_STEP][PASSED] - Statement - batch = new com.kms.katalon.core.testobject.TestObject(): null

2018-05-16 19:18:00 - [TEST_STEP][PASSED] - Statement - batch = com.kms.katalon.core.webui.keyword.WebUiBuiltInKeywords.modifyObjectProperty(batch, "xpath", "equals", "//*[@id = "txtbthqty" + row + ""]", true): Modify property of object successfully

2018-05-16 19:18:00 - [MESSAGE][PASSED] - Modify property of object successfully

2018-05-16 19:18:00 - [TEST_STEP][PASSED] - Statement - batchqty = com.kms.katalon.core.webui.keyword.WebUiBuiltInKeywords.getAttribute(batch, "value").trim(): Attribute 'value' of object '' is: '39000'

2018-05-16 19:18:00 - [MESSAGE][PASSED] - Attribute 'value' of object '' is: '39000'

2018-05-16 19:18:00 - [TEST_STEP][PASSED] - Statement - Rqty = 100: null

2018-05-16 19:18:00 - [TEST_STEP][PASSED] - delay: Delayed 2 second(s)

2018-05-16 19:18:02 - [MESSAGE][PASSED] - Delayed 2 second(s)

2018-05-16 19:18:02 - [TEST_STEP][PASSED] - Statement - out.println("BatchQty : " + batchqty): null

2018-05-16 19:18:02 - [TEST_STEP][PASSED] - Statement - out.println("RQty : " + Rqty): null

2018-05-16 19:18:02 - [TEST_STEP][PASSED] - Statement - If (java.lang.Integer.valueOf(batchqty) >= java.lang.Integer.valueOf(Rqty)): null

2018-05-16 19:18:02 - [TEST_STEP][PASSED] - Statement - Break: null

2018-05-16 19:18:02 - [TEST_STEP][PASSED] - Statement - batchlength = new com.kms.katalon.core.testobject.TestObject(): null

2018-05-16 19:18:02 - [TEST_STEP][PASSED] - Statement - batchlength = com.kms.katalon.core.webui.keyword.WebUiBuiltInKeywords.modifyObjectProperty(batchlength, "xpath", "equals", "//*[@id = "fldvendor" + row + ""]", true): Modify property of object successfully

2018-05-16 19:18:02 - [MESSAGE][PASSED] - Modify property of object successfully

2018-05-16 19:18:02 - [TEST_STEP][PASSED] - Statement - batchsize = com.kms.katalon.core.webui.keyword.WebUiBuiltInKeywords.getNumberOfTotalOption(batchlength): 9 options of object '' counted

2018-05-16 19:18:02 - [MESSAGE][PASSED] - 9 options of object '' counted

2018-05-16 19:18:02 - [TEST_STEP][PASSED] - Statement - out.println("BatchSize : " + batchsize): null

2018-05-16 19:18:02 - [TEST_STEP][PASSED] - Statement - For ([n = 1, n <= batchsize - 1, (n++)]): null

2018-05-16 19:18:02 - [TEST_STEP][PASSED] - Statement - product = new com.kms.katalon.core.testobject.TestObject(): null

2018-05-16 19:18:02 - [TEST_STEP][PASSED] - Statement - product = com.kms.katalon.core.webui.keyword.WebUiBuiltInKeywords.modifyObjectProperty(product, "xpath", "equals", "//*[@id = "fldvendor" + row + ""]", true): Modify property of object successfully

2018-05-16 19:18:02 - [MESSAGE][PASSED] - Modify property of object successfully

2018-05-16 19:18:02 - [TEST_STEP][PASSED] - selectOptionByIndex: All options with index in [1] are selected on object ''

2018-05-16 19:18:02 - [MESSAGE][PASSED] - All options with index in [1] are selected on object ''

2018-05-16 19:18:02 - [TEST_STEP][PASSED] - Statement - batch = new com.kms.katalon.core.testobject.TestObject(): null

2018-05-16 19:18:02 - [TEST_STEP][PASSED] - Statement - batch = com.kms.katalon.core.webui.keyword.WebUiBuiltInKeywords.modifyObjectProperty(batch, "xpath", "equals", "//*[@id = "txtbthqty" + row + ""]", true): Modify property of object successfully

2018-05-16 19:18:02 - [MESSAGE][PASSED] - Modify property of object successfully

2018-05-16 19:18:02 - [TEST_STEP][PASSED] - Statement - batchqty = com.kms.katalon.core.webui.keyword.WebUiBuiltInKeywords.getAttribute(batch, "value").trim(): Attribute 'value' of object '' is: '39000'

2018-05-16 19:18:02 - [MESSAGE][PASSED] - Attribute 'value' of object '' is: '39000'

2018-05-16 19:18:02 - [TEST_STEP][PASSED] - Statement - Rqty = 100: null

2018-05-16 19:18:02 - [TEST_STEP][PASSED] - delay: Delayed 2 second(s)

2018-05-16 19:18:04 - [MESSAGE][PASSED] - Delayed 2 second(s)

2018-05-16 19:18:04 - [TEST_STEP][PASSED] - Statement - out.println("BatchQty : " + batchqty): null

2018-05-16 19:18:04 - [TEST_STEP][PASSED] - Statement - out.println("RQty : " + Rqty): null

2018-05-16 19:18:04 - [TEST_STEP][PASSED] - Statement - If (java.lang.Integer.valueOf(batchqty) >= java.lang.Integer.valueOf(Rqty)): null

2018-05-16 19:18:04 - [TEST_STEP][PASSED] - Statement - Break: null

2018-05-16 19:18:04 - [TEST_STEP][PASSED] - Statement - batchlength = new com.kms.katalon.core.testobject.TestObject(): null

2018-05-16 19:18:04 - [TEST_STEP][PASSED] - Statement - batchlength = com.kms.katalon.core.webui.keyword.WebUiBuiltInKeywords.modifyObjectProperty(batchlength, "xpath", "equals", "//*[@id = "fldvendor" + row + ""]", true): Modify property of object successfully

2018-05-16 19:18:04 - [MESSAGE][PASSED] - Modify property of object successfully

2018-05-16 19:18:04 - [TEST_STEP][PASSED] - Statement - batchsize = com.kms.katalon.core.webui.keyword.WebUiBuiltInKeywords.getNumberOfTotalOption(batchlength): 9 options of object '' counted

2018-05-16 19:18:04 - [MESSAGE][PASSED] - 9 options of object '' counted

2018-05-16 19:18:04 - [TEST_STEP][PASSED] - Statement - out.println("BatchSize : " + batchsize): null

2018-05-16 19:18:05 - [TEST_STEP][PASSED] - Statement - For ([n = 1, n <= batchsize - 1, (n++)]): null

2018-05-16 19:18:05 - [TEST_STEP][PASSED] - Statement - product = new com.kms.katalon.core.testobject.TestObject(): null

2018-05-16 19:18:05 - [TEST_STEP][PASSED] - Statement - product = com.kms.katalon.core.webui.keyword.WebUiBuiltInKeywords.modifyObjectProperty(product, "xpath", "equals", "//*[@id = "fldvendor" + row + ""]", true): Modify property of object successfully

2018-05-16 19:18:05 - [MESSAGE][PASSED] - Modify property of object successfully

2018-05-16 19:18:05 - [TEST_STEP][PASSED] - selectOptionByIndex: All options with index in [1] are selected on object ''

2018-05-16 19:18:05 - [MESSAGE][PASSED] - All options with index in [1] are selected on object ''

2018-05-16 19:18:05 - [TEST_STEP][PASSED] - Statement - batch = new com.kms.katalon.core.testobject.TestObject(): null

2018-05-16 19:18:05 - [TEST_STEP][PASSED] - Statement - batch = com.kms.katalon.core.webui.keyword.WebUiBuiltInKeywords.modifyObjectProperty(batch, "xpath", "equals", "//*[@id = "txtbthqty" + row + ""]", true): Modify property of object successfully

2018-05-16 19:18:05 - [MESSAGE][PASSED] - Modify property of object successfully

2018-05-16 19:18:05 - [TEST_STEP][PASSED] - Statement - batchqty = com.kms.katalon.core.webui.keyword.WebUiBuiltInKeywords.getAttribute(batch, "value").trim(): Attribute 'value' of object '' is: '40000'

2018-05-16 19:18:05 - [MESSAGE][PASSED] - Attribute 'value' of object '' is: '40000'

2018-05-16 19:18:05 - [TEST_STEP][PASSED] - Statement - Rqty = 100: null

2018-05-16 19:18:05 - [TEST_STEP][PASSED] - delay: Delayed 2 second(s)

2018-05-16 19:18:07 - [MESSAGE][PASSED] - Delayed 2 second(s)

2018-05-16 19:18:07 - [TEST_STEP][PASSED] - Statement - out.println("BatchQty : " + batchqty): null

2018-05-16 19:18:07 - [TEST_STEP][PASSED] - Statement - out.println("RQty : " + Rqty): null

2018-05-16 19:18:07 - [TEST_STEP][PASSED] - Statement - If (java.lang.Integer.valueOf(batchqty) >= java.lang.Integer.valueOf(Rqty)): null

2018-05-16 19:18:07 - [TEST_STEP][PASSED] - Statement - Break: null

2018-05-16 19:18:07 - [TEST_STEP][PASSED] - Statement - batchlength = new com.kms.katalon.core.testobject.TestObject(): null

2018-05-16 19:18:07 - [TEST_STEP][PASSED] - Statement - batchlength = com.kms.katalon.core.webui.keyword.WebUiBuiltInKeywords.modifyObjectProperty(batchlength, "xpath", "equals", "//*[@id = "fldvendor" + row + ""]", true): Modify property of object successfully

2018-05-16 19:18:07 - [MESSAGE][PASSED] - Modify property of object successfully

2018-05-16 19:18:07 - [TEST_STEP][PASSED] - Statement - batchsize = com.kms.katalon.core.webui.keyword.WebUiBuiltInKeywords.getNumberOfTotalOption(batchlength): 9 options of object '' counted

2018-05-16 19:18:07 - [MESSAGE][PASSED] - 9 options of object '' counted

2018-05-16 19:18:07 - [TEST_STEP][PASSED] - Statement - out.println("BatchSize : " + batchsize): null

2018-05-16 19:18:07 - [TEST_STEP][PASSED] - Statement - For ([n = 1, n <= batchsize - 1, (n++)]): null

2018-05-16 19:18:07 - [TEST_STEP][PASSED] - Statement - product = new com.kms.katalon.core.testobject.TestObject(): null

2018-05-16 19:18:07 - [TEST_STEP][PASSED] - Statement - product = com.kms.katalon.core.webui.keyword.WebUiBuiltInKeywords.modifyObjectProperty(product, "xpath", "equals", "//*[@id = "fldvendor" + row + ""]", true): Modify property of object successfully

2018-05-16 19:18:07 - [MESSAGE][PASSED] - Modify property of object successfully

2018-05-16 19:18:07 - [TEST_STEP][PASSED] - selectOptionByIndex: All options with index in [1] are selected on object ''

2018-05-16 19:18:07 - [MESSAGE][PASSED] - All options with index in [1] are selected on object ''

2018-05-16 19:18:07 - [TEST_STEP][PASSED] - Statement - batch = new com.kms.katalon.core.testobject.TestObject(): null

2018-05-16 19:18:07 - [TEST_STEP][PASSED] - Statement - batch = com.kms.katalon.core.webui.keyword.WebUiBuiltInKeywords.modifyObjectProperty(batch, "xpath", "equals", "//*[@id = "txtbthqty" + row + ""]", true): Modify property of object successfully

2018-05-16 19:18:07 - [MESSAGE][PASSED] - Modify property of object successfully

2018-05-16 19:18:07 - [TEST_STEP][PASSED] - Statement - batchqty = com.kms.katalon.core.webui.keyword.WebUiBuiltInKeywords.getAttribute(batch, "value").trim(): Attribute 'value' of object '' is: '4000'

2018-05-16 19:18:07 - [MESSAGE][PASSED] - Attribute 'value' of object '' is: '4000'

2018-05-16 19:18:07 - [TEST_STEP][PASSED] - Statement - Rqty = 100: null

2018-05-16 19:18:07 - [TEST_STEP][PASSED] - delay: Delayed 2 second(s)

2018-05-16 19:18:09 - [MESSAGE][PASSED] - Delayed 2 second(s)

2018-05-16 19:18:09 - [TEST_STEP][PASSED] - Statement - out.println("BatchQty : " + batchqty): null

2018-05-16 19:18:09 - [TEST_STEP][PASSED] - Statement - out.println("RQty : " + Rqty): null

2018-05-16 19:18:09 - [TEST_STEP][PASSED] - Statement - If (java.lang.Integer.valueOf(batchqty) >= java.lang.Integer.valueOf(Rqty)): null

2018-05-16 19:18:09 - [TEST_STEP][PASSED] - Statement - Break: null

2018-05-16 19:18:09 - [TEST_STEP][PASSED] - Statement - batchlength = new com.kms.katalon.core.testobject.TestObject(): null

2018-05-16 19:18:09 - [TEST_STEP][PASSED] - Statement - batchlength = com.kms.katalon.core.webui.keyword.WebUiBuiltInKeywords.modifyObjectProperty(batchlength, "xpath", "equals", "//*[@id = "fldvendor" + row + ""]", true): Modify property of object successfully

2018-05-16 19:18:09 - [MESSAGE][PASSED] - Modify property of object successfully

2018-05-16 19:18:09 - [TEST_STEP][PASSED] - Statement - batchsize = com.kms.katalon.core.webui.keyword.WebUiBuiltInKeywords.getNumberOfTotalOption(batchlength): 9 options of object '' counted

2018-05-16 19:18:09 - [MESSAGE][PASSED] - 9 options of object '' counted

2018-05-16 19:18:09 - [TEST_STEP][PASSED] - Statement - out.println("BatchSize : " + batchsize): null

2018-05-16 19:18:09 - [TEST_STEP][PASSED] - Statement - For ([n = 1, n <= batchsize - 1, (n++)]): null

2018-05-16 19:18:09 - [TEST_STEP][PASSED] - Statement - product = new com.kms.katalon.core.testobject.TestObject(): null

2018-05-16 19:18:09 - [TEST_STEP][PASSED] - Statement - product = com.kms.katalon.core.webui.keyword.WebUiBuiltInKeywords.modifyObjectProperty(product, "xpath", "equals", "//*[@id = "fldvendor" + row + ""]", true): Modify property of object successfully

2018-05-16 19:18:09 - [MESSAGE][PASSED] - Modify property of object successfully

2018-05-16 19:18:09 - [TEST_STEP][PASSED] - selectOptionByIndex: All options with index in [1] are selected on object ''

2018-05-16 19:18:09 - [MESSAGE][PASSED] - All options with index in [1] are selected on object ''

2018-05-16 19:18:09 - [TEST_STEP][PASSED] - Statement - batch = new com.kms.katalon.core.testobject.TestObject(): null

2018-05-16 19:18:09 - [TEST_STEP][PASSED] - Statement - batch = com.kms.katalon.core.webui.keyword.WebUiBuiltInKeywords.modifyObjectProperty(batch, "xpath", "equals", "//*[@id = "txtbthqty" + row + ""]", true): Modify property of object successfully

2018-05-16 19:18:09 - [MESSAGE][PASSED] - Modify property of object successfully

2018-05-16 19:18:09 - [TEST_STEP][PASSED] - Statement - batchqty = com.kms.katalon.core.webui.keyword.WebUiBuiltInKeywords.getAttribute(batch, "value").trim(): Attribute 'value' of object '' is: '5000'

2018-05-16 19:18:09 - [MESSAGE][PASSED] - Attribute 'value' of object '' is: '5000'

2018-05-16 19:18:09 - [TEST_STEP][PASSED] - Statement - Rqty = 100: null

2018-05-16 19:18:09 - [TEST_STEP][PASSED] - delay: Delayed 2 second(s)

2018-05-16 19:18:11 - [MESSAGE][PASSED] - Delayed 2 second(s)

2018-05-16 19:18:11 - [TEST_STEP][PASSED] - Statement - out.println("BatchQty : " + batchqty): null

2018-05-16 19:18:11 - [TEST_STEP][PASSED] - Statement - out.println("RQty : " + Rqty): null

2018-05-16 19:18:11 - [TEST_STEP][PASSED] - Statement - If (java.lang.Integer.valueOf(batchqty) >= java.lang.Integer.valueOf(Rqty)): null

2018-05-16 19:18:11 - [TEST_STEP][PASSED] - Statement - Break: null

2018-05-16 19:18:11 - [TEST_STEP][PASSED] - Statement - batchlength = new com.kms.katalon.core.testobject.TestObject(): null

2018-05-16 19:18:11 - [TEST_STEP][PASSED] - Statement - batchlength = com.kms.katalon.core.webui.keyword.WebUiBuiltInKeywords.modifyObjectProperty(batchlength, "xpath", "equals", "//*[@id = "fldvendor" + row + ""]", true): Modify property of object successfully

2018-05-16 19:18:11 - [MESSAGE][PASSED] - Modify property of object successfully

2018-05-16 19:18:11 - [TEST_STEP][PASSED] - Statement - batchsize = com.kms.katalon.core.webui.keyword.WebUiBuiltInKeywords.getNumberOfTotalOption(batchlength): 9 options of object '' counted

2018-05-16 19:18:11 - [MESSAGE][PASSED] - 9 options of object '' counted

2018-05-16 19:18:11 - [TEST_STEP][PASSED] - Statement - out.println("BatchSize : " + batchsize): null

2018-05-16 19:18:11 - [TEST_STEP][PASSED] - Statement - For ([n = 1, n <= batchsize - 1, (n++)]): null

2018-05-16 19:18:11 - [TEST_STEP][PASSED] - Statement - product = new com.kms.katalon.core.testobject.TestObject(): null

2018-05-16 19:18:11 - [TEST_STEP][PASSED] - Statement - product = com.kms.katalon.core.webui.keyword.WebUiBuiltInKeywords.modifyObjectProperty(product, "xpath", "equals", "//*[@id = "fldvendor" + row + ""]", true): Modify property of object successfully

2018-05-16 19:18:11 - [MESSAGE][PASSED] - Modify property of object successfully

2018-05-16 19:18:11 - [TEST_STEP][PASSED] - selectOptionByIndex: All options with index in [1] are selected on object ''

2018-05-16 19:18:11 - [MESSAGE][PASSED] - All options with index in [1] are selected on object ''

2018-05-16 19:18:11 - [TEST_STEP][PASSED] - Statement - batch = new com.kms.katalon.core.testobject.TestObject(): null

2018-05-16 19:18:11 - [TEST_STEP][PASSED] - Statement - batch = com.kms.katalon.core.webui.keyword.WebUiBuiltInKeywords.modifyObjectProperty(batch, "xpath", "equals", "//*[@id = "txtbthqty" + row + ""]", true): Modify property of object successfully

2018-05-16 19:18:11 - [MESSAGE][PASSED] - Modify property of object successfully

2018-05-16 19:18:11 - [TEST_STEP][PASSED] - Statement - batchqty = com.kms.katalon.core.webui.keyword.WebUiBuiltInKeywords.getAttribute(batch, "value").trim(): Attribute 'value' of object '' is: '4000'

2018-05-16 19:18:11 - [MESSAGE][PASSED] - Attribute 'value' of object '' is: '4000'

2018-05-16 19:18:11 - [TEST_STEP][PASSED] - Statement - Rqty = 100: null

2018-05-16 19:18:11 - [TEST_STEP][PASSED] - delay: Delayed 2 second(s)

2018-05-16 19:18:13 - [MESSAGE][PASSED] - Delayed 2 second(s)

2018-05-16 19:18:13 - [TEST_STEP][PASSED] - Statement - out.println("BatchQty : " + batchqty): null

2018-05-16 19:18:13 - [TEST_STEP][PASSED] - Statement - out.println("RQty : " + Rqty): null

2018-05-16 19:18:13 - [TEST_STEP][PASSED] - Statement - If (java.lang.Integer.valueOf(batchqty) >= java.lang.Integer.valueOf(Rqty)): null

2018-05-16 19:18:13 - [TEST_STEP][PASSED] - Statement - Break: null

2018-05-16 19:18:13 - [TEST_STEP][PASSED] - Statement - batchlength = new com.kms.katalon.core.testobject.TestObject(): null

2018-05-16 19:18:13 - [TEST_STEP][PASSED] - Statement - batchlength = com.kms.katalon.core.webui.keyword.WebUiBuiltInKeywords.modifyObjectProperty(batchlength, "xpath", "equals", "//*[@id = "fldvendor" + row + ""]", true): Modify property of object successfully

2018-05-16 19:18:13 - [MESSAGE][PASSED] - Modify property of object successfully

2018-05-16 19:18:13 - [TEST_STEP][PASSED] - Statement - batchsize = com.kms.katalon.core.webui.keyword.WebUiBuiltInKeywords.getNumberOfTotalOption(batchlength): 9 options of object '' counted

2018-05-16 19:18:14 - [MESSAGE][PASSED] - 9 options of object '' counted

2018-05-16 19:18:14 - [TEST_STEP][PASSED] - Statement - out.println("BatchSize : " + batchsize): null

2018-05-16 19:18:14 - [TEST_STEP][PASSED] - Statement - For ([n = 1, n <= batchsize - 1, (n++)]): null

2018-05-16 19:18:14 - [TEST_STEP][PASSED] - Statement - product = new com.kms.katalon.core.testobject.TestObject(): null

2018-05-16 19:18:14 - [TEST_STEP][PASSED] - Statement - product = com.kms.katalon.core.webui.keyword.WebUiBuiltInKeywords.modifyObjectProperty(product, "xpath", "equals", "//*[@id = "fldvendor" + row + ""]", true): Modify property of object successfully

2018-05-16 19:18:14 - [MESSAGE][PASSED] - Modify property of object successfully

2018-05-16 19:18:14 - [TEST_STEP][PASSED] - selectOptionByIndex: All options with index in [1] are selected on object ''

2018-05-16 19:18:14 - [MESSAGE][PASSED] - All options with index in [1] are selected on object ''

2018-05-16 19:18:14 - [TEST_STEP][PASSED] - Statement - batch = new com.kms.katalon.core.testobject.TestObject(): null

2018-05-16 19:18:14 - [TEST_STEP][PASSED] - Statement - batch = com.kms.katalon.core.webui.keyword.WebUiBuiltInKeywords.modifyObjectProperty(batch, "xpath", "equals", "//*[@id = "txtbthqty" + row + ""]", true): Modify property of object successfully

2018-05-16 19:18:14 - [MESSAGE][PASSED] - Modify property of object successfully

2018-05-16 19:18:14 - [TEST_STEP][PASSED] - Statement - batchqty = com.kms.katalon.core.webui.keyword.WebUiBuiltInKeywords.getAttribute(batch, "value").trim(): Attribute 'value' of object '' is: '5000'

2018-05-16 19:18:14 - [MESSAGE][PASSED] - Attribute 'value' of object '' is: '5000'

2018-05-16 19:18:14 - [TEST_STEP][PASSED] - Statement - Rqty = 100: null

2018-05-16 19:18:14 - [TEST_STEP][PASSED] - delay: Delayed 2 second(s)

2018-05-16 19:18:16 - [MESSAGE][PASSED] - Delayed 2 second(s)

2018-05-16 19:18:16 - [TEST_STEP][PASSED] - Statement - out.println("BatchQty : " + batchqty): null

2018-05-16 19:18:16 - [TEST_STEP][PASSED] - Statement - out.println("RQty : " + Rqty): null

2018-05-16 19:18:16 - [TEST_STEP][PASSED] - Statement - If (java.lang.Integer.valueOf(batchqty) >= java.lang.Integer.valueOf(Rqty)): null

2018-05-16 19:18:16 - [TEST_STEP][PASSED] - Statement - Break: null

2018-05-16 19:18:16 - [TEST_STEP][PASSED] - Statement - batchlength = new com.kms.katalon.core.testobject.TestObject(): null

2018-05-16 19:18:16 - [TEST_STEP][PASSED] - Statement - batchlength = com.kms.katalon.core.webui.keyword.WebUiBuiltInKeywords.modifyObjectProperty(batchlength, "xpath", "equals", "//*[@id = "fldvendor" + row + ""]", true): Modify property of object successfully

2018-05-16 19:18:16 - [MESSAGE][PASSED] - Modify property of object successfully

2018-05-16 19:18:16 - [TEST_STEP][PASSED] - Statement - batchsize = com.kms.katalon.core.webui.keyword.WebUiBuiltInKeywords.getNumberOfTotalOption(batchlength): 9 options of object '' counted

2018-05-16 19:18:16 - [MESSAGE][PASSED] - 9 options of object '' counted

2018-05-16 19:18:16 - [TEST_STEP][PASSED] - Statement - out.println("BatchSize : " + batchsize): null

2018-05-16 19:18:16 - [TEST_STEP][PASSED] - Statement - For ([n = 1, n <= batchsize - 1, (n++)]): null

2018-05-16 19:18:16 - [TEST_STEP][PASSED] - Statement - product = new com.kms.katalon.core.testobject.TestObject(): null

2018-05-16 19:18:16 - [TEST_STEP][PASSED] - Statement - product = com.kms.katalon.core.webui.keyword.WebUiBuiltInKeywords.modifyObjectProperty(product, "xpath", "equals", "//*[@id = "fldvendor" + row + ""]", true): Modify property of object successfully

2018-05-16 19:18:16 - [MESSAGE][PASSED] - Modify property of object successfully

2018-05-16 19:18:16 - [TEST_STEP][PASSED] - selectOptionByIndex: All options with index in [1] are selected on object ''

2018-05-16 19:18:16 - [MESSAGE][PASSED] - All options with index in [1] are selected on object ''

2018-05-16 19:18:16 - [TEST_STEP][PASSED] - Statement - batch = new com.kms.katalon.core.testobject.TestObject(): null

2018-05-16 19:18:16 - [TEST_STEP][PASSED] - Statement - batch = com.kms.katalon.core.webui.keyword.WebUiBuiltInKeywords.modifyObjectProperty(batch, "xpath", "equals", "//*[@id = "txtbthqty" + row + ""]", true): Modify property of object successfully

2018-05-16 19:18:16 - [MESSAGE][PASSED] - Modify property of object successfully

2018-05-16 19:18:16 - [TEST_STEP][PASSED] - Statement - batchqty = com.kms.katalon.core.webui.keyword.WebUiBuiltInKeywords.getAttribute(batch, "value").trim(): Attribute 'value' of object '' is: '5000'

2018-05-16 19:18:16 - [MESSAGE][PASSED] - Attribute 'value' of object '' is: '5000'

2018-05-16 19:18:16 - [TEST_STEP][PASSED] - Statement - Rqty = 100: null

2018-05-16 19:18:16 - [TEST_STEP][PASSED] - delay: Delayed 2 second(s)

2018-05-16 19:18:18 - [MESSAGE][PASSED] - Delayed 2 second(s)

2018-05-16 19:18:18 - [TEST_STEP][PASSED] - Statement - out.println("BatchQty : " + batchqty): null

2018-05-16 19:18:18 - [TEST_STEP][PASSED] - Statement - out.println("RQty : " + Rqty): null

2018-05-16 19:18:18 - [TEST_STEP][PASSED] - Statement - If (java.lang.Integer.valueOf(batchqty) >= java.lang.Integer.valueOf(Rqty)): null

2018-05-16 19:18:18 - [TEST_STEP][PASSED] - Statement - Break: null

2018-05-16 19:18:18 - [TEST_STEP][PASSED] - Statement - batchlength = new com.kms.katalon.core.testobject.TestObject(): null

2018-05-16 19:18:18 - [TEST_STEP][PASSED] - Statement - batchlength = com.kms.katalon.core.webui.keyword.WebUiBuiltInKeywords.modifyObjectProperty(batchlength, "xpath", "equals", "//*[@id = "fldvendor" + row + ""]", true): Modify property of object successfully

2018-05-16 19:18:18 - [MESSAGE][PASSED] - Modify property of object successfully

2018-05-16 19:18:18 - [TEST_STEP][PASSED] - Statement - batchsize = com.kms.katalon.core.webui.keyword.WebUiBuiltInKeywords.getNumberOfTotalOption(batchlength): 9 options of object '' counted

2018-05-16 19:18:18 - [MESSAGE][PASSED] - 9 options of object '' counted

2018-05-16 19:18:18 - [TEST_STEP][PASSED] - Statement - out.println("BatchSize : " + batchsize): null

2018-05-16 19:18:18 - [TEST_STEP][PASSED] - Statement - For ([n = 1, n <= batchsize - 1, (n++)]): null

2018-05-16 19:18:18 - [TEST_STEP][PASSED] - Statement - product = new com.kms.katalon.core.testobject.TestObject(): null

2018-05-16 19:18:18 - [TEST_STEP][PASSED] - Statement - product = com.kms.katalon.core.webui.keyword.WebUiBuiltInKeywords.modifyObjectProperty(product, "xpath", "equals", "//*[@id = "fldvendor" + row + ""]", true): Modify property of object successfully

2018-05-16 19:18:18 - [MESSAGE][PASSED] - Modify property of object successfully

2018-05-16 19:18:18 - [TEST_STEP][PASSED] - selectOptionByIndex: All options with index in [1] are selected on object ''

2018-05-16 19:18:18 - [MESSAGE][PASSED] - All options with index in [1] are selected on object ''

2018-05-16 19:18:18 - [TEST_STEP][PASSED] - Statement - batch = new com.kms.katalon.core.testobject.TestObject(): null

2018-05-16 19:18:18 - [TEST_STEP][PASSED] - Statement - batch = com.kms.katalon.core.webui.keyword.WebUiBuiltInKeywords.modifyObjectProperty(batch, "xpath", "equals", "//*[@id = "txtbthqty" + row + ""]", true): Modify property of object successfully

2018-05-16 19:18:18 - [MESSAGE][PASSED] - Modify property of object successfully

2018-05-16 19:18:18 - [TEST_STEP][PASSED] - Statement - batchqty = com.kms.katalon.core.webui.keyword.WebUiBuiltInKeywords.getAttribute(batch, "value").trim(): Attribute 'value' of object '' is: '5000'

2018-05-16 19:18:18 - [MESSAGE][PASSED] - Attribute 'value' of object '' is: '5000'

2018-05-16 19:18:18 - [TEST_STEP][PASSED] - Statement - Rqty = 100: null

2018-05-16 19:18:18 - [TEST_STEP][PASSED] - delay: Delayed 2 second(s)

2018-05-16 19:18:20 - [MESSAGE][PASSED] - Delayed 2 second(s)

2018-05-16 19:18:20 - [TEST_STEP][PASSED] - Statement - out.println("BatchQty : " + batchqty): null

2018-05-16 19:18:20 - [TEST_STEP][PASSED] - Statement - out.println("RQty : " + Rqty): null

2018-05-16 19:18:20 - [TEST_STEP][PASSED] - Statement - If (java.lang.Integer.valueOf(batchqty) >= java.lang.Integer.valueOf(Rqty)): null

2018-05-16 19:18:20 - [TEST_STEP][PASSED] - Statement - Break: null

2018-05-16 19:18:20 - [TEST_STEP][PASSED] - Statement - batchlength = new com.kms.katalon.core.testobject.TestObject(): null

2018-05-16 19:18:20 - [TEST_STEP][PASSED] - Statement - batchlength = com.kms.katalon.core.webui.keyword.WebUiBuiltInKeywords.modifyObjectProperty(batchlength, "xpath", "equals", "//*[@id = "fldvendor" + row + ""]", true): Modify property of object successfully

2018-05-16 19:18:20 - [MESSAGE][PASSED] - Modify property of object successfully

2018-05-16 19:18:20 - [TEST_STEP][PASSED] - Statement - batchsize = com.kms.katalon.core.webui.keyword.WebUiBuiltInKeywords.getNumberOfTotalOption(batchlength): 9 options of object '' counted

2018-05-16 19:18:20 - [MESSAGE][PASSED] - 9 options of object '' counted

2018-05-16 19:18:20 - [TEST_STEP][PASSED] - Statement - out.println("BatchSize : " + batchsize): null

2018-05-16 19:18:20 - [TEST_STEP][PASSED] - Statement - For ([n = 1, n <= batchsize - 1, (n++)]): null

2018-05-16 19:18:20 - [TEST_STEP][PASSED] - Statement - product = new com.kms.katalon.core.testobject.TestObject(): null

2018-05-16 19:18:20 - [TEST_STEP][PASSED] - Statement - product = com.kms.katalon.core.webui.keyword.WebUiBuiltInKeywords.modifyObjectProperty(product, "xpath", "equals", "//*[@id = "fldvendor" + row + ""]", true): Modify property of object successfully

2018-05-16 19:18:20 - [MESSAGE][PASSED] - Modify property of object successfully

2018-05-16 19:18:20 - [TEST_STEP][PASSED] - selectOptionByIndex: All options with index in [1] are selected on object ''

2018-05-16 19:18:20 - [MESSAGE][PASSED] - All options with index in [1] are selected on object ''

2018-05-16 19:18:20 - [TEST_STEP][PASSED] - Statement - batch = new com.kms.katalon.core.testobject.TestObject(): null

2018-05-16 19:18:20 - [TEST_STEP][PASSED] - Statement - batch = com.kms.katalon.core.webui.keyword.WebUiBuiltInKeywords.modifyObjectProperty(batch, "xpath", "equals", "//*[@id = "txtbthqty" + row + ""]", true): Modify property of object successfully

2018-05-16 19:18:20 - [MESSAGE][PASSED] - Modify property of object successfully

2018-05-16 19:18:20 - [TEST_STEP][PASSED] - Statement - batchqty = com.kms.katalon.core.webui.keyword.WebUiBuiltInKeywords.getAttribute(batch, "value").trim(): Attribute 'value' of object '' is: '40000'

2018-05-16 19:18:20 - [MESSAGE][PASSED] - Attribute 'value' of object '' is: '40000'

2018-05-16 19:18:20 - [TEST_STEP][PASSED] - Statement - Rqty = 100: null

2018-05-16 19:18:20 - [TEST_STEP][PASSED] - delay: Delayed 2 second(s)

2018-05-16 19:18:22 - [MESSAGE][PASSED] - Delayed 2 second(s)

2018-05-16 19:18:22 - [TEST_STEP][PASSED] - Statement - out.println("BatchQty : " + batchqty): null

2018-05-16 19:18:22 - [TEST_STEP][PASSED] - Statement - out.println("RQty : " + Rqty): null

2018-05-16 19:18:22 - [TEST_STEP][PASSED] - Statement - If (java.lang.Integer.valueOf(batchqty) >= java.lang.Integer.valueOf(Rqty)): null

2018-05-16 19:18:22 - [TEST_STEP][PASSED] - Statement - Break: null

2018-05-16 19:18:22 - [TEST_STEP][PASSED] - Statement - batchlength = new com.kms.katalon.core.testobject.TestObject(): null

2018-05-16 19:18:22 - [TEST_STEP][PASSED] - Statement - batchlength = com.kms.katalon.core.webui.keyword.WebUiBuiltInKeywords.modifyObjectProperty(batchlength, "xpath", "equals", "//*[@id = "fldvendor" + row + ""]", true): Modify property of object successfully

2018-05-16 19:18:22 - [MESSAGE][PASSED] - Modify property of object successfully

2018-05-16 19:18:22 - [TEST_STEP][PASSED] - Statement - batchsize = com.kms.katalon.core.webui.keyword.WebUiBuiltInKeywords.getNumberOfTotalOption(batchlength): 9 options of object '' counted

2018-05-16 19:18:23 - [MESSAGE][PASSED] - 9 options of object '' counted

2018-05-16 19:18:23 - [TEST_STEP][PASSED] - Statement - out.println("BatchSize : " + batchsize): null

2018-05-16 19:18:23 - [TEST_STEP][PASSED] - Statement - For ([n = 1, n <= batchsize - 1, (n++)]): null

2018-05-16 19:18:23 - [TEST_STEP][PASSED] - Statement - product = new com.kms.katalon.core.testobject.TestObject(): null

2018-05-16 19:18:23 - [TEST_STEP][PASSED] - Statement - product = com.kms.katalon.core.webui.keyword.WebUiBuiltInKeywords.modifyObjectProperty(product, "xpath", "equals", "//*[@id = "fldvendor" + row + ""]", true): Modify property of object successfully

2018-05-16 19:18:23 - [MESSAGE][PASSED] - Modify property of object successfully

2018-05-16 19:18:23 - [TEST_STEP][PASSED] - selectOptionByIndex: All options with index in [1] are selected on object ''

2018-05-16 19:18:23 - [MESSAGE][PASSED] - All options with index in [1] are selected on object ''

2018-05-16 19:18:23 - [TEST_STEP][PASSED] - Statement - batch = new com.kms.katalon.core.testobject.TestObject(): null

2018-05-16 19:18:23 - [TEST_STEP][PASSED] - Statement - batch = com.kms.katalon.core.webui.keyword.WebUiBuiltInKeywords.modifyObjectProperty(batch, "xpath", "equals", "//*[@id = "txtbthqty" + row + ""]", true): Modify property of object successfully

2018-05-16 19:18:23 - [MESSAGE][PASSED] - Modify property of object successfully

2018-05-16 19:18:23 - [TEST_STEP][PASSED] - Statement - batchqty = com.kms.katalon.core.webui.keyword.WebUiBuiltInKeywords.getAttribute(batch, "value").trim(): Attribute 'value' of object '' is: '4000'

2018-05-16 19:18:23 - [MESSAGE][PASSED] - Attribute 'value' of object '' is: '4000'

2018-05-16 19:18:23 - [TEST_STEP][PASSED] - Statement - Rqty = 100: null

2018-05-16 19:18:23 - [TEST_STEP][PASSED] - delay: Delayed 2 second(s)

2018-05-16 19:18:25 - [MESSAGE][PASSED] - Delayed 2 second(s)

2018-05-16 19:18:25 - [TEST_STEP][PASSED] - Statement - out.println("BatchQty : " + batchqty): null

2018-05-16 19:18:25 - [TEST_STEP][PASSED] - Statement - out.println("RQty : " + Rqty): null

2018-05-16 19:18:25 - [TEST_STEP][PASSED] - Statement - If (java.lang.Integer.valueOf(batchqty) >= java.lang.Integer.valueOf(Rqty)): null

2018-05-16 19:18:25 - [TEST_STEP][PASSED] - Statement - Break: null

2018-05-16 19:18:25 - [TEST_STEP][PASSED] - Statement - batchlength = new com.kms.katalon.core.testobject.TestObject(): null

2018-05-16 19:18:25 - [TEST_STEP][PASSED] - Statement - batchlength = com.kms.katalon.core.webui.keyword.WebUiBuiltInKeywords.modifyObjectProperty(batchlength, "xpath", "equals", "//*[@id = "fldvendor" + row + ""]", true): Modify property of object successfully

2018-05-16 19:18:25 - [MESSAGE][PASSED] - Modify property of object successfully

2018-05-16 19:18:25 - [TEST_STEP][PASSED] - Statement - batchsize = com.kms.katalon.core.webui.keyword.WebUiBuiltInKeywords.getNumberOfTotalOption(batchlength): 9 options of object '' counted

2018-05-16 19:18:25 - [MESSAGE][PASSED] - 9 options of object '' counted

2018-05-16 19:18:25 - [TEST_STEP][PASSED] - Statement - out.println("BatchSize : " + batchsize): null

2018-05-16 19:18:25 - [TEST_STEP][PASSED] - Statement - For ([n = 1, n <= batchsize - 1, (n++)]): null

2018-05-16 19:18:25 - [TEST_STEP][PASSED] - Statement - product = new com.kms.katalon.core.testobject.TestObject(): null

2018-05-16 19:18:25 - [TEST_STEP][PASSED] - Statement - product = com.kms.katalon.core.webui.keyword.WebUiBuiltInKeywords.modifyObjectProperty(product, "xpath", "equals", "//*[@id = "fldvendor" + row + ""]", true): Modify property of object successfully

2018-05-16 19:18:25 - [MESSAGE][PASSED] - Modify property of object successfully

2018-05-16 19:18:25 - [TEST_STEP][PASSED] - selectOptionByIndex: All options with index in [1] are selected on object ''

2018-05-16 19:18:25 - [MESSAGE][PASSED] - All options with index in [1] are selected on object ''

2018-05-16 19:18:25 - [TEST_STEP][PASSED] - Statement - batch = new com.kms.katalon.core.testobject.TestObject(): null

2018-05-16 19:18:25 - [TEST_STEP][PASSED] - Statement - batch = com.kms.katalon.core.webui.keyword.WebUiBuiltInKeywords.modifyObjectProperty(batch, "xpath", "equals", "//*[@id = "txtbthqty" + row + ""]", true): Modify property of object successfully

2018-05-16 19:18:25 - [MESSAGE][PASSED] - Modify property of object successfully

2018-05-16 19:18:25 - [TEST_STEP][PASSED] - Statement - batchqty = com.kms.katalon.core.webui.keyword.WebUiBuiltInKeywords.getAttribute(batch, "value").trim(): Attribute 'value' of object '' is: '4000'

2018-05-16 19:18:25 - [MESSAGE][PASSED] - Attribute 'value' of object '' is: '4000'

2018-05-16 19:18:25 - [TEST_STEP][PASSED] - Statement - Rqty = 100: null

2018-05-16 19:18:25 - [TEST_STEP][PASSED] - delay: Delayed 2 second(s)

2018-05-16 19:18:27 - [MESSAGE][PASSED] - Delayed 2 second(s)

2018-05-16 19:18:27 - [TEST_STEP][PASSED] - Statement - out.println("BatchQty : " + batchqty): null

2018-05-16 19:18:27 - [TEST_STEP][PASSED] - Statement - out.println("RQty : " + Rqty): null

2018-05-16 19:18:27 - [TEST_STEP][PASSED] - Statement - If (java.lang.Integer.valueOf(batchqty) >= java.lang.Integer.valueOf(Rqty)): null

2018-05-16 19:18:27 - [TEST_STEP][PASSED] - Statement - Break: null

2018-05-16 19:18:27 - [TEST_STEP][PASSED] - Statement - batchlength = new com.kms.katalon.core.testobject.TestObject(): null

2018-05-16 19:18:27 - [TEST_STEP][PASSED] - Statement - batchlength = com.kms.katalon.core.webui.keyword.WebUiBuiltInKeywords.modifyObjectProperty(batchlength, "xpath", "equals", "//*[@id = "fldvendor" + row + ""]", true): Modify property of object successfully

2018-05-16 19:18:27 - [MESSAGE][PASSED] - Modify property of object successfully

2018-05-16 19:18:27 - [TEST_STEP][PASSED] - Statement - batchsize = com.kms.katalon.core.webui.keyword.WebUiBuiltInKeywords.getNumberOfTotalOption(batchlength): 9 options of object '' counted

2018-05-16 19:18:27 - [MESSAGE][PASSED] - 9 options of object '' counted

2018-05-16 19:18:27 - [TEST_STEP][PASSED] - Statement - out.println("BatchSize : " + batchsize): null

2018-05-16 19:18:27 - [TEST_STEP][PASSED] - Statement - For ([n = 1, n <= batchsize - 1, (n++)]): null

2018-05-16 19:18:27 - [TEST_STEP][PASSED] - Statement - product = new com.kms.katalon.core.testobject.TestObject(): null

2018-05-16 19:18:27 - [TEST_STEP][PASSED] - Statement - product = com.kms.katalon.core.webui.keyword.WebUiBuiltInKeywords.modifyObjectProperty(product, "xpath", "equals", "//*[@id = "fldvendor" + row + ""]", true): Modify property of object successfully

2018-05-16 19:18:27 - [MESSAGE][PASSED] - Modify property of object successfully

2018-05-16 19:18:27 - [TEST_STEP][PASSED] - selectOptionByIndex: All options with index in [1] are selected on object ''

2018-05-16 19:18:27 - [MESSAGE][PASSED] - All options with index in [1] are selected on object ''

2018-05-16 19:18:27 - [TEST_STEP][PASSED] - Statement - batch = new com.kms.katalon.core.testobject.TestObject(): null

2018-05-16 19:18:27 - [TEST_STEP][PASSED] - Statement - batch = com.kms.katalon.core.webui.keyword.WebUiBuiltInKeywords.modifyObjectProperty(batch, "xpath", "equals", "//*[@id = "txtbthqty" + row + ""]", true): Modify property of object successfully

2018-05-16 19:18:27 - [MESSAGE][PASSED] - Modify property of object successfully

2018-05-16 19:18:27 - [TEST_STEP][PASSED] - Statement - batchqty = com.kms.katalon.core.webui.keyword.WebUiBuiltInKeywords.getAttribute(batch, "value").trim(): Attribute 'value' of object '' is: '4000'

2018-05-16 19:18:27 - [MESSAGE][PASSED] - Attribute 'value' of object '' is: '4000'

2018-05-16 19:18:27 - [TEST_STEP][PASSED] - Statement - Rqty = 100: null

2018-05-16 19:18:27 - [TEST_STEP][PASSED] - delay: Delayed 2 second(s)

2018-05-16 19:18:29 - [MESSAGE][PASSED] - Delayed 2 second(s)

2018-05-16 19:18:29 - [TEST_STEP][PASSED] - Statement - out.println("BatchQty : " + batchqty): null

2018-05-16 19:18:29 - [TEST_STEP][PASSED] - Statement - out.println("RQty : " + Rqty): null

2018-05-16 19:18:29 - [TEST_STEP][PASSED] - Statement - If (java.lang.Integer.valueOf(batchqty) >= java.lang.Integer.valueOf(Rqty)): null

2018-05-16 19:18:29 - [TEST_STEP][PASSED] - Statement - Break: null

2018-05-16 19:18:29 - [TEST_STEP][PASSED] - Statement - batchlength = new com.kms.katalon.core.testobject.TestObject(): null

2018-05-16 19:18:29 - [TEST_STEP][PASSED] - Statement - batchlength = com.kms.katalon.core.webui.keyword.WebUiBuiltInKeywords.modifyObjectProperty(batchlength, "xpath", "equals", "//*[@id = "fldvendor" + row + ""]", true): Modify property of object successfully

2018-05-16 19:18:29 - [MESSAGE][PASSED] - Modify property of object successfully

2018-05-16 19:18:29 - [TEST_STEP][PASSED] - Statement - batchsize = com.kms.katalon.core.webui.keyword.WebUiBuiltInKeywords.getNumberOfTotalOption(batchlength): 9 options of object '' counted

2018-05-16 19:18:29 - [MESSAGE][PASSED] - 9 options of object '' counted

2018-05-16 19:18:29 - [TEST_STEP][PASSED] - Statement - out.println("BatchSize : " + batchsize): null

2018-05-16 19:18:29 - [TEST_STEP][PASSED] - Statement - For ([n = 1, n <= batchsize - 1, (n++)]): null

2018-05-16 19:18:29 - [TEST_STEP][PASSED] - Statement - product = new com.kms.katalon.core.testobject.TestObject(): null

2018-05-16 19:18:29 - [TEST_STEP][PASSED] - Statement - product = com.kms.katalon.core.webui.keyword.WebUiBuiltInKeywords.modifyObjectProperty(product, "xpath", "equals", "//*[@id = "fldvendor" + row + ""]", true): Modify property of object successfully

2018-05-16 19:18:29 - [MESSAGE][PASSED] - Modify property of object successfully

2018-05-16 19:18:29 - [TEST_STEP][PASSED] - selectOptionByIndex: All options with index in [1] are selected on object ''

2018-05-16 19:18:30 - [MESSAGE][PASSED] - All options with index in [1] are selected on object ''

2018-05-16 19:18:30 - [TEST_STEP][PASSED] - Statement - batch = new com.kms.katalon.core.testobject.TestObject(): null

2018-05-16 19:18:30 - [TEST_STEP][PASSED] - Statement - batch = com.kms.katalon.core.webui.keyword.WebUiBuiltInKeywords.modifyObjectProperty(batch, "xpath", "equals", "//*[@id = "txtbthqty" + row + ""]", true): Modify property of object successfully

2018-05-16 19:18:30 - [MESSAGE][PASSED] - Modify property of object successfully

2018-05-16 19:18:30 - [TEST_STEP][PASSED] - Statement - batchqty = com.kms.katalon.core.webui.keyword.WebUiBuiltInKeywords.getAttribute(batch, "value").trim(): Attribute 'value' of object '' is: '4000'

2018-05-16 19:18:30 - [MESSAGE][PASSED] - Attribute 'value' of object '' is: '4000'

2018-05-16 19:18:30 - [TEST_STEP][PASSED] - Statement - Rqty = 100: null

2018-05-16 19:18:30 - [TEST_STEP][PASSED] - delay: Delayed 2 second(s)

2018-05-16 19:18:32 - [MESSAGE][PASSED] - Delayed 2 second(s)

2018-05-16 19:18:32 - [TEST_STEP][PASSED] - Statement - out.println("BatchQty : " + batchqty): null

2018-05-16 19:18:32 - [TEST_STEP][PASSED] - Statement - out.println("RQty : " + Rqty): null

2018-05-16 19:18:32 - [TEST_STEP][PASSED] - Statement - If (java.lang.Integer.valueOf(batchqty) >= java.lang.Integer.valueOf(Rqty)): null

2018-05-16 19:18:32 - [TEST_STEP][PASSED] - Statement - Break: null

2018-05-16 19:18:32 - [TEST_STEP][PASSED] - Statement - batchlength = new com.kms.katalon.core.testobject.TestObject(): null

2018-05-16 19:18:32 - [TEST_STEP][PASSED] - Statement - batchlength = com.kms.katalon.core.webui.keyword.WebUiBuiltInKeywords.modifyObjectProperty(batchlength, "xpath", "equals", "//*[@id = "fldvendor" + row + ""]", true): Modify property of object successfully

2018-05-16 19:18:32 - [MESSAGE][PASSED] - Modify property of object successfully

2018-05-16 19:18:32 - [TEST_STEP][PASSED] - Statement - batchsize = com.kms.katalon.core.webui.keyword.WebUiBuiltInKeywords.getNumberOfTotalOption(batchlength): 9 options of object '' counted

2018-05-16 19:18:32 - [MESSAGE][PASSED] - 9 options of object '' counted

2018-05-16 19:18:32 - [TEST_STEP][PASSED] - Statement - out.println("BatchSize : " + batchsize): null

2018-05-16 19:18:32 - [TEST_STEP][PASSED] - Statement - For ([n = 1, n <= batchsize - 1, (n++)]): null

2018-05-16 19:18:32 - [TEST_STEP][PASSED] - Statement - product = new com.kms.katalon.core.testobject.TestObject(): null

2018-05-16 19:18:32 - [TEST_STEP][PASSED] - Statement - product = com.kms.katalon.core.webui.keyword.WebUiBuiltInKeywords.modifyObjectProperty(product, "xpath", "equals", "//*[@id = "fldvendor" + row + ""]", true): Modify property of object successfully

2018-05-16 19:18:32 - [MESSAGE][PASSED] - Modify property of object successfully

2018-05-16 19:18:32 - [TEST_STEP][PASSED] - selectOptionByIndex: All options with index in [1] are selected on object ''

2018-05-16 19:18:32 - [MESSAGE][PASSED] - All options with index in [1] are selected on object ''

2018-05-16 19:18:32 - [TEST_STEP][PASSED] - Statement - batch = new com.kms.katalon.core.testobject.TestObject(): null

2018-05-16 19:18:32 - [TEST_STEP][PASSED] - Statement - batch = com.kms.katalon.core.webui.keyword.WebUiBuiltInKeywords.modifyObjectProperty(batch, "xpath", "equals", "//*[@id = "txtbthqty" + row + ""]", true): Modify property of object successfully

2018-05-16 19:18:32 - [MESSAGE][PASSED] - Modify property of object successfully

2018-05-16 19:18:32 - [TEST_STEP][PASSED] - Statement - batchqty = com.kms.katalon.core.webui.keyword.WebUiBuiltInKeywords.getAttribute(batch, "value").trim(): Attribute 'value' of object '' is: '5000'

2018-05-16 19:18:32 - [MESSAGE][PASSED] - Attribute 'value' of object '' is: '5000'

2018-05-16 19:18:32 - [TEST_STEP][PASSED] - Statement - Rqty = 100: null

2018-05-16 19:18:32 - [TEST_STEP][PASSED] - delay: Delayed 2 second(s)

2018-05-16 19:18:34 - [MESSAGE][PASSED] - Delayed 2 second(s)

2018-05-16 19:18:34 - [TEST_STEP][PASSED] - Statement - out.println("BatchQty : " + batchqty): null

2018-05-16 19:18:34 - [TEST_STEP][PASSED] - Statement - out.println("RQty : " + Rqty): null

2018-05-16 19:18:34 - [TEST_STEP][PASSED] - Statement - If (java.lang.Integer.valueOf(batchqty) >= java.lang.Integer.valueOf(Rqty)): null

2018-05-16 19:18:34 - [TEST_STEP][PASSED] - Statement - Break: null

2018-05-16 19:18:34 - [TEST_STEP][PASSED] - Statement - batchlength = new com.kms.katalon.core.testobject.TestObject(): null

2018-05-16 19:18:34 - [TEST_STEP][PASSED] - Statement - batchlength = com.kms.katalon.core.webui.keyword.WebUiBuiltInKeywords.modifyObjectProperty(batchlength, "xpath", "equals", "//*[@id = "fldvendor" + row + ""]", true): Modify property of object successfully

2018-05-16 19:18:34 - [MESSAGE][PASSED] - Modify property of object successfully

2018-05-16 19:18:34 - [TEST_STEP][PASSED] - Statement - batchsize = com.kms.katalon.core.webui.keyword.WebUiBuiltInKeywords.getNumberOfTotalOption(batchlength): 9 options of object '' counted

2018-05-16 19:18:34 - [MESSAGE][PASSED] - 9 options of object '' counted

2018-05-16 19:18:34 - [TEST_STEP][PASSED] - Statement - out.println("BatchSize : " + batchsize): null

2018-05-16 19:18:34 - [TEST_STEP][PASSED] - Statement - For ([n = 1, n <= batchsize - 1, (n++)]): null

2018-05-16 19:18:34 - [TEST_STEP][PASSED] - Statement - product = new com.kms.katalon.core.testobject.TestObject(): null

2018-05-16 19:18:34 - [TEST_STEP][PASSED] - Statement - product = com.kms.katalon.core.webui.keyword.WebUiBuiltInKeywords.modifyObjectProperty(product, "xpath", "equals", "//*[@id = "fldvendor" + row + ""]", true): Modify property of object successfully

2018-05-16 19:18:34 - [MESSAGE][PASSED] - Modify property of object successfully

2018-05-16 19:18:34 - [TEST_STEP][PASSED] - selectOptionByIndex: All options with index in [1] are selected on object ''

2018-05-16 19:18:34 - [MESSAGE][PASSED] - All options with index in [1] are selected on object ''

2018-05-16 19:18:34 - [TEST_STEP][PASSED] - Statement - batch = new com.kms.katalon.core.testobject.TestObject(): null

2018-05-16 19:18:34 - [TEST_STEP][PASSED] - Statement - batch = com.kms.katalon.core.webui.keyword.WebUiBuiltInKeywords.modifyObjectProperty(batch, "xpath", "equals", "//*[@id = "txtbthqty" + row + ""]", true): Modify property of object successfully

2018-05-16 19:18:34 - [MESSAGE][PASSED] - Modify property of object successfully

2018-05-16 19:18:34 - [TEST_STEP][PASSED] - Statement - batchqty = com.kms.katalon.core.webui.keyword.WebUiBuiltInKeywords.getAttribute(batch, "value").trim(): Attribute 'value' of object '' is: '39000'

2018-05-16 19:18:34 - [MESSAGE][PASSED] - Attribute 'value' of object '' is: '39000'

2018-05-16 19:18:34 - [TEST_STEP][PASSED] - Statement - Rqty = 100: null

2018-05-16 19:18:34 - [TEST_STEP][PASSED] - delay: Delayed 2 second(s)

2018-05-16 19:18:36 - [MESSAGE][PASSED] - Delayed 2 second(s)

2018-05-16 19:18:36 - [TEST_STEP][PASSED] - Statement - out.println("BatchQty : " + batchqty): null

2018-05-16 19:18:36 - [TEST_STEP][PASSED] - Statement - out.println("RQty : " + Rqty): null

2018-05-16 19:18:36 - [TEST_STEP][PASSED] - Statement - If (java.lang.Integer.valueOf(batchqty) >= java.lang.Integer.valueOf(Rqty)): null

2018-05-16 19:18:36 - [TEST_STEP][PASSED] - Statement - Break: null

2018-05-16 19:18:36 - [TEST_STEP][PASSED] - click: Object: 'Object Repository/store Request Schedule 1/Page_KDMC - CMS/input_btndispatch' is clicked on

2018-05-16 19:18:36 - [MESSAGE][PASSED] - Object: 'Object Repository/store Request Schedule 1/Page_KDMC - CMS/input_btndispatch' is clicked on

2018-05-16 19:18:36 - [TEST_STEP][PASSED] - delay: Delayed 3 second(s)

2018-05-16 19:18:39 - [MESSAGE][PASSED] - Delayed 3 second(s)

2018-05-16 19:18:39 - [TEST_STEP][PASSED] - click: Object: 'Object Repository/store Request Schedule 1/Page_KDMC - CMS/button_OK' is clicked on

2018-05-16 19:18:40 - [MESSAGE][PASSED] - Object: 'Object Repository/store Request Schedule 1/Page_KDMC - CMS/button_OK' is clicked on

2018-05-16 19:18:40 - [TEST_STEP][PASSED] - delay: Delayed 3 second(s)

2018-05-16 19:18:43 - [MESSAGE][PASSED] - Delayed 3 second(s)

2018-05-16 19:18:43 - [TEST_STEP][PASSED] - click: Object: 'Object Repository/store Request Schedule 1/Page_KDMC - CMS/a_dropdown-toggle' is clicked on

2018-05-16 19:18:43 - [MESSAGE][PASSED] - Object: 'Object Repository/store Request Schedule 1/Page_KDMC - CMS/a_dropdown-toggle' is clicked on

2018-05-16 19:18:43 - [TEST_STEP][PASSED] - click: Object: 'Object Repository/store Request Schedule 1/Page_KDMC - CMS/a_Sign out' is clicked on

2018-05-16 19:18:43 - [MESSAGE][PASSED] - Object: 'Object Repository/store Request Schedule 1/Page_KDMC - CMS/a_Sign out' is clicked on

2018-05-16 19:18:43 - [TEST_STEP][PASSED] - delay: Delayed 3 second(s)

2018-05-16 19:18:46 - [MESSAGE][PASSED] - Delayed 3 second(s)

2018-05-16 19:18:46 - [TEST_STEP][PASSED] - click: Object: 'Object Repository/Store Request Schedule 1/Page_KDMC/a_Divisional Store' is clicked on

2018-05-16 19:18:47 - [MESSAGE][PASSED] - Object: 'Object Repository/Store Request Schedule 1/Page_KDMC/a_Divisional Store' is clicked on

2018-05-16 19:18:47 - [TEST_STEP][PASSED] - setText: Text 'ragu' is set on object 'Object Repository/Store Request Schedule 1/Page_Divisonal Store Login/input_txtusername'

2018-05-16 19:18:47 - [MESSAGE][PASSED] - Text 'ragu' is set on object 'Object Repository/Store Request Schedule 1/Page_Divisonal Store Login/input_txtusername'

2018-05-16 19:18:47 - [TEST_STEP][PASSED] - setText: Text '123' is set on object 'Object Repository/Store Request Schedule 1/Page_Divisonal Store Login/input_txtpassword'

2018-05-16 19:18:47 - [MESSAGE][PASSED] - Text '123' is set on object 'Object Repository/Store Request Schedule 1/Page_Divisonal Store Login/input_txtpassword'

2018-05-16 19:18:47 - [TEST_STEP][PASSED] - delay: Delayed 3 second(s)

2018-05-16 19:18:50 - [MESSAGE][PASSED] - Delayed 3 second(s)

2018-05-16 19:18:50 - [TEST_STEP][PASSED] - click: Object: 'Object Repository/Store Request Schedule 1/Page_Divisonal Store Login/button_Sign in' is clicked on

2018-05-16 19:18:51 - [MESSAGE][PASSED] - Object: 'Object Repository/Store Request Schedule 1/Page_Divisonal Store Login/button_Sign in' is clicked on

2018-05-16 19:18:51 - [TEST_STEP][PASSED] - delay: Delayed 3 second(s)

2018-05-16 19:18:54 - [MESSAGE][PASSED] - Delayed 3 second(s)

2018-05-16 19:18:54 - [TEST_STEP][PASSED] - click: Object: 'Object Repository/Store Request Schedule 1/Page_Store/a_CMS' is clicked on

2018-05-16 19:18:54 - [MESSAGE][PASSED] - Object: 'Object Repository/Store Request Schedule 1/Page_Store/a_CMS' is clicked on

2018-05-16 19:18:54 - [TEST_STEP][PASSED] - delay: Delayed 2 second(s)

2018-05-16 19:18:56 - [MESSAGE][PASSED] - Delayed 2 second(s)

2018-05-16 19:18:56 - [TEST_STEP][PASSED] - click: Object: 'Object Repository/Store Request Schedule 1/Page_Store/a_Receiving Goods' is clicked on

2018-05-16 19:18:57 - [MESSAGE][PASSED] - Object: 'Object Repository/Store Request Schedule 1/Page_Store/a_Receiving Goods' is clicked on

2018-05-16 19:18:57 - [TEST_STEP][PASSED] - setText: Text 'PRNO/16052018/170' is set on object 'Object Repository/Store Request Schedule 1/Page_Store/input'

2018-05-16 19:18:57 - [MESSAGE][PASSED] - Text 'PRNO/16052018/170' is set on object 'Object Repository/Store Request Schedule 1/Page_Store/input'

2018-05-16 19:18:57 - [TEST_STEP][PASSED] - click: Object: 'Object Repository/Store Request Schedule 1/Page_Store/input_btn btn-primary' is clicked on

2018-05-16 19:18:57 - [MESSAGE][PASSED] - Object: 'Object Repository/Store Request Schedule 1/Page_Store/input_btn btn-primary' is clicked on

2018-05-16 19:18:57 - [TEST_STEP][PASSED] - delay: Delayed 2 second(s)

2018-05-16 19:18:59 - [MESSAGE][PASSED] - Delayed 2 second(s)

2018-05-16 19:18:59 - [TEST_STEP][PASSED] - click: Object: 'Object Repository/Store Request Schedule 1/Page_Store/input_chkrem' is clicked on

2018-05-16 19:18:59 - [MESSAGE][PASSED] - Object: 'Object Repository/Store Request Schedule 1/Page_Store/input_chkrem' is clicked on

2018-05-16 19:18:59 - [TEST_STEP][PASSED] - scrollToElement: Scroll to object 'Object Repository/Store Request Schedule 1/Page_Store/input_btchkroqadd' successfully

2018-05-16 19:18:59 - [MESSAGE][PASSED] - Scroll to object 'Object Repository/Store Request Schedule 1/Page_Store/input_btchkroqadd' successfully

2018-05-16 19:18:59 - [TEST_STEP][PASSED] - click: Object: 'Object Repository/Store Request Schedule 1/Page_Store/input_btchkroqadd' is clicked on

2018-05-16 19:18:59 - [MESSAGE][PASSED] - Object: 'Object Repository/Store Request Schedule 1/Page_Store/input_btchkroqadd' is clicked on

2018-05-16 19:18:59 - [TEST_STEP][PASSED] - delay: Delayed 2 second(s)

2018-05-16 19:19:01 - [MESSAGE][PASSED] - Delayed 2 second(s)

2018-05-16 19:19:01 - [TEST_STEP][PASSED] - refresh: Refresh successfully

2018-05-16 19:19:02 - [MESSAGE][PASSED] - Refresh successfully

2018-05-16 19:19:02 - [TEST_STEP][PASSED] - delay: Delayed 3 second(s)

2018-05-16 19:19:05 - [MESSAGE][PASSED] - Delayed 3 second(s)

2018-05-16 19:19:05 - [TEST_STEP][PASSED] - click: Object: 'Object Repository/Store Request Schedule 1/Page_Store/a_dropdown-toggle' is clicked on

2018-05-16 19:19:05 - [MESSAGE][PASSED] - Object: 'Object Repository/Store Request Schedule 1/Page_Store/a_dropdown-toggle' is clicked on

2018-05-16 19:19:05 - [TEST_STEP][PASSED] - click: Object: 'Object Repository/Store Request Schedule 1/Page_Store/a_Sign out' is clicked on

2018-05-16 19:19:05 - [MESSAGE][PASSED] - Object: 'Object Repository/Store Request Schedule 1/Page_Store/a_Sign out' is clicked on

2018-05-16 19:19:05 - [TEST_STEP][PASSED] - closeBrowser: Browser is closed

2018-05-16 19:19:06 - [MESSAGE][PASSED] - Browser is closed

2018-05-16 19:19:06 - [TEST_STEP][PASSED] - Statement - out.println("Schedule 9 STORE Request Are Working Successfully"): null]]></system-out>
         <system-err><![CDATA[]]></system-err>
      </testcase>
      <testcase name="Test Cases/STORE TO CMS REQUEST TEST CASES/TC_STCMS_010 To Verify Schedule 10 Store To CMS Request Are Working Successfully Or Not" classname="Test Cases/STORE TO CMS REQUEST TEST CASES/TC_STCMS_010 To Verify Schedule 10 Store To CMS Request Are Working Successfully Or Not" status="PASSED">
         <system-out><![CDATA[2018-05-16 19:19:06 - [TEST_CASE][PASSED] - Test Cases/STORE TO CMS REQUEST TEST CASES/TC_STCMS_010 To Verify Schedule 10 Store To CMS Request Are Working Successfully Or Not: Test Cases/STORE TO CMS REQUEST TEST CASES/TC_STCMS_010 To Verify Schedule 10 Store To CMS Request Are Working Successfully Or Not

2018-05-16 19:19:06 - [TEST_STEP][PASSED] - openBrowser: Browser is opened with url: ''

2018-05-16 19:19:08 - [MESSAGE][PASSED] - Browser is opened with url: ''

2018-05-16 19:19:08 - [TEST_STEP][PASSED] - Statement - out.println("Verify Schedule 10 STORE Request Are Working Successfully Or Not"): null

2018-05-16 19:19:08 - [TEST_STEP][PASSED] - navigateToUrl: Navigate to 'http://192.168.137.1/multihospital_new/' successfully

2018-05-16 19:19:10 - [MESSAGE][PASSED] - Navigate to 'http://192.168.137.1/multihospital_new/' successfully

2018-05-16 19:19:10 - [TEST_STEP][PASSED] - maximizeWindow: Current window maximized

2018-05-16 19:19:11 - [MESSAGE][PASSED] - Current window maximized

2018-05-16 19:19:11 - [TEST_STEP][PASSED] - click: Object: 'Object Repository/Store Request Schedule 1/Page_KDMC/a_Divisional Store' is clicked on

2018-05-16 19:19:12 - [MESSAGE][PASSED] - Object: 'Object Repository/Store Request Schedule 1/Page_KDMC/a_Divisional Store' is clicked on

2018-05-16 19:19:12 - [TEST_STEP][PASSED] - setText: Text 'ragu' is set on object 'Object Repository/Store Request Schedule 1/Page_Divisonal Store Login/input_txtusername'

2018-05-16 19:19:12 - [MESSAGE][PASSED] - Text 'ragu' is set on object 'Object Repository/Store Request Schedule 1/Page_Divisonal Store Login/input_txtusername'

2018-05-16 19:19:12 - [TEST_STEP][PASSED] - setText: Text '123' is set on object 'Object Repository/Store Request Schedule 1/Page_Divisonal Store Login/input_txtpassword'

2018-05-16 19:19:13 - [MESSAGE][PASSED] - Text '123' is set on object 'Object Repository/Store Request Schedule 1/Page_Divisonal Store Login/input_txtpassword'

2018-05-16 19:19:13 - [TEST_STEP][PASSED] - delay: Delayed 3 second(s)

2018-05-16 19:19:16 - [MESSAGE][PASSED] - Delayed 3 second(s)

2018-05-16 19:19:16 - [TEST_STEP][PASSED] - click: Object: 'Object Repository/Store Request Schedule 1/Page_Divisonal Store Login/button_Sign in' is clicked on

2018-05-16 19:19:17 - [MESSAGE][PASSED] - Object: 'Object Repository/Store Request Schedule 1/Page_Divisonal Store Login/button_Sign in' is clicked on

2018-05-16 19:19:17 - [TEST_STEP][PASSED] - delay: Delayed 3 second(s)

2018-05-16 19:19:20 - [MESSAGE][PASSED] - Delayed 3 second(s)

2018-05-16 19:19:20 - [TEST_STEP][PASSED] - click: Object: 'Object Repository/Store Request Schedule 1/Page_Store/a_CMS' is clicked on

2018-05-16 19:19:20 - [MESSAGE][PASSED] - Object: 'Object Repository/Store Request Schedule 1/Page_Store/a_CMS' is clicked on

2018-05-16 19:19:20 - [TEST_STEP][PASSED] - delay: Delayed 2 second(s)

2018-05-16 19:19:22 - [MESSAGE][PASSED] - Delayed 2 second(s)

2018-05-16 19:19:22 - [TEST_STEP][PASSED] - click: Object: 'Object Repository/Store Request Schedule 1/Page_Store/a_Request Send' is clicked on

2018-05-16 19:19:22 - [MESSAGE][PASSED] - Object: 'Object Repository/Store Request Schedule 1/Page_Store/a_Request Send' is clicked on

2018-05-16 19:19:22 - [TEST_STEP][PASSED] - selectOptionByIndex: All options with index in [1] are selected on object 'Object Repository/Store Request Schedule 1/Page_Store/select_--Select--'

2018-05-16 19:19:23 - [MESSAGE][PASSED] - All options with index in [1] are selected on object 'Object Repository/Store Request Schedule 1/Page_Store/select_--Select--'

2018-05-16 19:19:23 - [TEST_STEP][PASSED] - selectOptionByIndex: All options with index in [10] are selected on object 'Object Repository/Store Request Schedule 1/Page_Store/select_--Select--Schedule 1Inj'

2018-05-16 19:19:23 - [MESSAGE][PASSED] - All options with index in [10] are selected on object 'Object Repository/Store Request Schedule 1/Page_Store/select_--Select--Schedule 1Inj'

2018-05-16 19:19:23 - [TEST_STEP][PASSED] - Statement - SelectedOptions = com.kms.katalon.core.webui.keyword.WebUiBuiltInKeywords.getNumberOfTotalOption(com.kms.katalon.core.testobject.ObjectRepository.findTestObject(Store Request Schedule 1/Page_Store/select_--Select--Adernaline 0.)): 19 options of object 'Object Repository/Store Request Schedule 1/Page_Store/select_--Select--Adernaline 0.' counted

2018-05-16 19:19:23 - [MESSAGE][PASSED] - 19 options of object 'Object Repository/Store Request Schedule 1/Page_Store/select_--Select--Adernaline 0.' counted

2018-05-16 19:19:23 - [TEST_STEP][PASSED] - Statement - For ([y = 1, y < SelectedOptions, (y++)]): Object: 'Object Repository/Store Request Schedule 1/Page_Store/button_Add' is clicked on

2018-05-16 19:19:23 - [TEST_STEP][PASSED] - selectOptionByIndex: All options with index in [10] are selected on object 'Object Repository/Store Request Schedule 1/Page_Store/select_--Select--Schedule 1Inj'

2018-05-16 19:19:23 - [MESSAGE][PASSED] - All options with index in [10] are selected on object 'Object Repository/Store Request Schedule 1/Page_Store/select_--Select--Schedule 1Inj'

2018-05-16 19:19:23 - [TEST_STEP][PASSED] - delay: Delayed 1 second(s)

2018-05-16 19:19:24 - [MESSAGE][PASSED] - Delayed 1 second(s)

2018-05-16 19:19:24 - [TEST_STEP][PASSED] - selectOptionByIndex: All options with index in [1] are selected on object 'Object Repository/Store Request Schedule 1/Page_Store/select_--Select--Adernaline 0.'

2018-05-16 19:19:24 - [MESSAGE][PASSED] - All options with index in [1] are selected on object 'Object Repository/Store Request Schedule 1/Page_Store/select_--Select--Adernaline 0.'

2018-05-16 19:19:24 - [TEST_STEP][PASSED] - setText: Text '100' is set on object 'Object Repository/Store Request Schedule 1/Page_Store/input_txttreat'

2018-05-16 19:19:24 - [MESSAGE][PASSED] - Text '100' is set on object 'Object Repository/Store Request Schedule 1/Page_Store/input_txttreat'

2018-05-16 19:19:24 - [TEST_STEP][PASSED] - click: Object: 'Object Repository/Store Request Schedule 1/Page_Store/button_Add' is clicked on

2018-05-16 19:19:24 - [MESSAGE][PASSED] - Object: 'Object Repository/Store Request Schedule 1/Page_Store/button_Add' is clicked on

2018-05-16 19:19:24 - [TEST_STEP][PASSED] - selectOptionByIndex: All options with index in [10] are selected on object 'Object Repository/Store Request Schedule 1/Page_Store/select_--Select--Schedule 1Inj'

2018-05-16 19:19:25 - [MESSAGE][PASSED] - All options with index in [10] are selected on object 'Object Repository/Store Request Schedule 1/Page_Store/select_--Select--Schedule 1Inj'

2018-05-16 19:19:25 - [TEST_STEP][PASSED] - delay: Delayed 1 second(s)

2018-05-16 19:19:26 - [MESSAGE][PASSED] - Delayed 1 second(s)

2018-05-16 19:19:26 - [TEST_STEP][PASSED] - selectOptionByIndex: All options with index in [2] are selected on object 'Object Repository/Store Request Schedule 1/Page_Store/select_--Select--Adernaline 0.'

2018-05-16 19:19:26 - [MESSAGE][PASSED] - All options with index in [2] are selected on object 'Object Repository/Store Request Schedule 1/Page_Store/select_--Select--Adernaline 0.'

2018-05-16 19:19:26 - [TEST_STEP][PASSED] - setText: Text '100' is set on object 'Object Repository/Store Request Schedule 1/Page_Store/input_txttreat'

2018-05-16 19:19:26 - [MESSAGE][PASSED] - Text '100' is set on object 'Object Repository/Store Request Schedule 1/Page_Store/input_txttreat'

2018-05-16 19:19:26 - [TEST_STEP][PASSED] - click: Object: 'Object Repository/Store Request Schedule 1/Page_Store/button_Add' is clicked on

2018-05-16 19:19:26 - [MESSAGE][PASSED] - Object: 'Object Repository/Store Request Schedule 1/Page_Store/button_Add' is clicked on

2018-05-16 19:19:26 - [TEST_STEP][PASSED] - selectOptionByIndex: All options with index in [10] are selected on object 'Object Repository/Store Request Schedule 1/Page_Store/select_--Select--Schedule 1Inj'

2018-05-16 19:19:26 - [MESSAGE][PASSED] - All options with index in [10] are selected on object 'Object Repository/Store Request Schedule 1/Page_Store/select_--Select--Schedule 1Inj'

2018-05-16 19:19:26 - [TEST_STEP][PASSED] - delay: Delayed 1 second(s)

2018-05-16 19:19:27 - [MESSAGE][PASSED] - Delayed 1 second(s)

2018-05-16 19:19:27 - [TEST_STEP][PASSED] - selectOptionByIndex: All options with index in [3] are selected on object 'Object Repository/Store Request Schedule 1/Page_Store/select_--Select--Adernaline 0.'

2018-05-16 19:19:27 - [MESSAGE][PASSED] - All options with index in [3] are selected on object 'Object Repository/Store Request Schedule 1/Page_Store/select_--Select--Adernaline 0.'

2018-05-16 19:19:27 - [TEST_STEP][PASSED] - setText: Text '100' is set on object 'Object Repository/Store Request Schedule 1/Page_Store/input_txttreat'

2018-05-16 19:19:27 - [MESSAGE][PASSED] - Text '100' is set on object 'Object Repository/Store Request Schedule 1/Page_Store/input_txttreat'

2018-05-16 19:19:27 - [TEST_STEP][PASSED] - click: Object: 'Object Repository/Store Request Schedule 1/Page_Store/button_Add' is clicked on

2018-05-16 19:19:27 - [MESSAGE][PASSED] - Object: 'Object Repository/Store Request Schedule 1/Page_Store/button_Add' is clicked on

2018-05-16 19:19:27 - [TEST_STEP][PASSED] - selectOptionByIndex: All options with index in [10] are selected on object 'Object Repository/Store Request Schedule 1/Page_Store/select_--Select--Schedule 1Inj'

2018-05-16 19:19:28 - [MESSAGE][PASSED] - All options with index in [10] are selected on object 'Object Repository/Store Request Schedule 1/Page_Store/select_--Select--Schedule 1Inj'

2018-05-16 19:19:28 - [TEST_STEP][PASSED] - delay: Delayed 1 second(s)

2018-05-16 19:19:29 - [MESSAGE][PASSED] - Delayed 1 second(s)

2018-05-16 19:19:29 - [TEST_STEP][PASSED] - selectOptionByIndex: All options with index in [4] are selected on object 'Object Repository/Store Request Schedule 1/Page_Store/select_--Select--Adernaline 0.'

2018-05-16 19:19:29 - [MESSAGE][PASSED] - All options with index in [4] are selected on object 'Object Repository/Store Request Schedule 1/Page_Store/select_--Select--Adernaline 0.'

2018-05-16 19:19:29 - [TEST_STEP][PASSED] - setText: Text '100' is set on object 'Object Repository/Store Request Schedule 1/Page_Store/input_txttreat'

2018-05-16 19:19:29 - [MESSAGE][PASSED] - Text '100' is set on object 'Object Repository/Store Request Schedule 1/Page_Store/input_txttreat'

2018-05-16 19:19:29 - [TEST_STEP][PASSED] - click: Object: 'Object Repository/Store Request Schedule 1/Page_Store/button_Add' is clicked on

2018-05-16 19:19:29 - [MESSAGE][PASSED] - Object: 'Object Repository/Store Request Schedule 1/Page_Store/button_Add' is clicked on

2018-05-16 19:19:29 - [TEST_STEP][PASSED] - selectOptionByIndex: All options with index in [10] are selected on object 'Object Repository/Store Request Schedule 1/Page_Store/select_--Select--Schedule 1Inj'

2018-05-16 19:19:29 - [MESSAGE][PASSED] - All options with index in [10] are selected on object 'Object Repository/Store Request Schedule 1/Page_Store/select_--Select--Schedule 1Inj'

2018-05-16 19:19:29 - [TEST_STEP][PASSED] - delay: Delayed 1 second(s)

2018-05-16 19:19:30 - [MESSAGE][PASSED] - Delayed 1 second(s)

2018-05-16 19:19:30 - [TEST_STEP][PASSED] - selectOptionByIndex: All options with index in [5] are selected on object 'Object Repository/Store Request Schedule 1/Page_Store/select_--Select--Adernaline 0.'

2018-05-16 19:19:30 - [MESSAGE][PASSED] - All options with index in [5] are selected on object 'Object Repository/Store Request Schedule 1/Page_Store/select_--Select--Adernaline 0.'

2018-05-16 19:19:30 - [TEST_STEP][PASSED] - setText: Text '100' is set on object 'Object Repository/Store Request Schedule 1/Page_Store/input_txttreat'

2018-05-16 19:19:30 - [MESSAGE][PASSED] - Text '100' is set on object 'Object Repository/Store Request Schedule 1/Page_Store/input_txttreat'

2018-05-16 19:19:30 - [TEST_STEP][PASSED] - click: Object: 'Object Repository/Store Request Schedule 1/Page_Store/button_Add' is clicked on

2018-05-16 19:19:30 - [MESSAGE][PASSED] - Object: 'Object Repository/Store Request Schedule 1/Page_Store/button_Add' is clicked on

2018-05-16 19:19:30 - [TEST_STEP][PASSED] - selectOptionByIndex: All options with index in [10] are selected on object 'Object Repository/Store Request Schedule 1/Page_Store/select_--Select--Schedule 1Inj'

2018-05-16 19:19:31 - [MESSAGE][PASSED] - All options with index in [10] are selected on object 'Object Repository/Store Request Schedule 1/Page_Store/select_--Select--Schedule 1Inj'

2018-05-16 19:19:31 - [TEST_STEP][PASSED] - delay: Delayed 1 second(s)

2018-05-16 19:19:32 - [MESSAGE][PASSED] - Delayed 1 second(s)

2018-05-16 19:19:32 - [TEST_STEP][PASSED] - selectOptionByIndex: All options with index in [6] are selected on object 'Object Repository/Store Request Schedule 1/Page_Store/select_--Select--Adernaline 0.'

2018-05-16 19:19:32 - [MESSAGE][PASSED] - All options with index in [6] are selected on object 'Object Repository/Store Request Schedule 1/Page_Store/select_--Select--Adernaline 0.'

2018-05-16 19:19:32 - [TEST_STEP][PASSED] - setText: Text '100' is set on object 'Object Repository/Store Request Schedule 1/Page_Store/input_txttreat'

2018-05-16 19:19:32 - [MESSAGE][PASSED] - Text '100' is set on object 'Object Repository/Store Request Schedule 1/Page_Store/input_txttreat'

2018-05-16 19:19:32 - [TEST_STEP][PASSED] - click: Object: 'Object Repository/Store Request Schedule 1/Page_Store/button_Add' is clicked on

2018-05-16 19:19:32 - [MESSAGE][PASSED] - Object: 'Object Repository/Store Request Schedule 1/Page_Store/button_Add' is clicked on

2018-05-16 19:19:32 - [TEST_STEP][PASSED] - selectOptionByIndex: All options with index in [10] are selected on object 'Object Repository/Store Request Schedule 1/Page_Store/select_--Select--Schedule 1Inj'

2018-05-16 19:19:32 - [MESSAGE][PASSED] - All options with index in [10] are selected on object 'Object Repository/Store Request Schedule 1/Page_Store/select_--Select--Schedule 1Inj'

2018-05-16 19:19:32 - [TEST_STEP][PASSED] - delay: Delayed 1 second(s)

2018-05-16 19:19:33 - [MESSAGE][PASSED] - Delayed 1 second(s)

2018-05-16 19:19:33 - [TEST_STEP][PASSED] - selectOptionByIndex: All options with index in [7] are selected on object 'Object Repository/Store Request Schedule 1/Page_Store/select_--Select--Adernaline 0.'

2018-05-16 19:19:33 - [MESSAGE][PASSED] - All options with index in [7] are selected on object 'Object Repository/Store Request Schedule 1/Page_Store/select_--Select--Adernaline 0.'

2018-05-16 19:19:33 - [TEST_STEP][PASSED] - setText: Text '100' is set on object 'Object Repository/Store Request Schedule 1/Page_Store/input_txttreat'

2018-05-16 19:19:33 - [MESSAGE][PASSED] - Text '100' is set on object 'Object Repository/Store Request Schedule 1/Page_Store/input_txttreat'

2018-05-16 19:19:33 - [TEST_STEP][PASSED] - click: Object: 'Object Repository/Store Request Schedule 1/Page_Store/button_Add' is clicked on

2018-05-16 19:19:33 - [MESSAGE][PASSED] - Object: 'Object Repository/Store Request Schedule 1/Page_Store/button_Add' is clicked on

2018-05-16 19:19:33 - [TEST_STEP][PASSED] - selectOptionByIndex: All options with index in [10] are selected on object 'Object Repository/Store Request Schedule 1/Page_Store/select_--Select--Schedule 1Inj'

2018-05-16 19:19:34 - [MESSAGE][PASSED] - All options with index in [10] are selected on object 'Object Repository/Store Request Schedule 1/Page_Store/select_--Select--Schedule 1Inj'

2018-05-16 19:19:34 - [TEST_STEP][PASSED] - delay: Delayed 1 second(s)

2018-05-16 19:19:35 - [MESSAGE][PASSED] - Delayed 1 second(s)

2018-05-16 19:19:35 - [TEST_STEP][PASSED] - selectOptionByIndex: All options with index in [8] are selected on object 'Object Repository/Store Request Schedule 1/Page_Store/select_--Select--Adernaline 0.'

2018-05-16 19:19:35 - [MESSAGE][PASSED] - All options with index in [8] are selected on object 'Object Repository/Store Request Schedule 1/Page_Store/select_--Select--Adernaline 0.'

2018-05-16 19:19:35 - [TEST_STEP][PASSED] - setText: Text '100' is set on object 'Object Repository/Store Request Schedule 1/Page_Store/input_txttreat'

2018-05-16 19:19:35 - [MESSAGE][PASSED] - Text '100' is set on object 'Object Repository/Store Request Schedule 1/Page_Store/input_txttreat'

2018-05-16 19:19:35 - [TEST_STEP][PASSED] - click: Object: 'Object Repository/Store Request Schedule 1/Page_Store/button_Add' is clicked on

2018-05-16 19:19:35 - [MESSAGE][PASSED] - Object: 'Object Repository/Store Request Schedule 1/Page_Store/button_Add' is clicked on

2018-05-16 19:19:35 - [TEST_STEP][PASSED] - selectOptionByIndex: All options with index in [10] are selected on object 'Object Repository/Store Request Schedule 1/Page_Store/select_--Select--Schedule 1Inj'

2018-05-16 19:19:35 - [MESSAGE][PASSED] - All options with index in [10] are selected on object 'Object Repository/Store Request Schedule 1/Page_Store/select_--Select--Schedule 1Inj'

2018-05-16 19:19:35 - [TEST_STEP][PASSED] - delay: Delayed 1 second(s)

2018-05-16 19:19:36 - [MESSAGE][PASSED] - Delayed 1 second(s)

2018-05-16 19:19:36 - [TEST_STEP][PASSED] - selectOptionByIndex: All options with index in [9] are selected on object 'Object Repository/Store Request Schedule 1/Page_Store/select_--Select--Adernaline 0.'

2018-05-16 19:19:36 - [MESSAGE][PASSED] - All options with index in [9] are selected on object 'Object Repository/Store Request Schedule 1/Page_Store/select_--Select--Adernaline 0.'

2018-05-16 19:19:36 - [TEST_STEP][PASSED] - setText: Text '100' is set on object 'Object Repository/Store Request Schedule 1/Page_Store/input_txttreat'

2018-05-16 19:19:36 - [MESSAGE][PASSED] - Text '100' is set on object 'Object Repository/Store Request Schedule 1/Page_Store/input_txttreat'

2018-05-16 19:19:36 - [TEST_STEP][PASSED] - click: Object: 'Object Repository/Store Request Schedule 1/Page_Store/button_Add' is clicked on

2018-05-16 19:19:36 - [MESSAGE][PASSED] - Object: 'Object Repository/Store Request Schedule 1/Page_Store/button_Add' is clicked on

2018-05-16 19:19:36 - [TEST_STEP][PASSED] - selectOptionByIndex: All options with index in [10] are selected on object 'Object Repository/Store Request Schedule 1/Page_Store/select_--Select--Schedule 1Inj'

2018-05-16 19:19:37 - [MESSAGE][PASSED] - All options with index in [10] are selected on object 'Object Repository/Store Request Schedule 1/Page_Store/select_--Select--Schedule 1Inj'

2018-05-16 19:19:37 - [TEST_STEP][PASSED] - delay: Delayed 1 second(s)

2018-05-16 19:19:38 - [MESSAGE][PASSED] - Delayed 1 second(s)

2018-05-16 19:19:38 - [TEST_STEP][PASSED] - selectOptionByIndex: All options with index in [10] are selected on object 'Object Repository/Store Request Schedule 1/Page_Store/select_--Select--Adernaline 0.'

2018-05-16 19:19:38 - [MESSAGE][PASSED] - All options with index in [10] are selected on object 'Object Repository/Store Request Schedule 1/Page_Store/select_--Select--Adernaline 0.'

2018-05-16 19:19:38 - [TEST_STEP][PASSED] - setText: Text '100' is set on object 'Object Repository/Store Request Schedule 1/Page_Store/input_txttreat'

2018-05-16 19:19:38 - [MESSAGE][PASSED] - Text '100' is set on object 'Object Repository/Store Request Schedule 1/Page_Store/input_txttreat'

2018-05-16 19:19:38 - [TEST_STEP][PASSED] - click: Object: 'Object Repository/Store Request Schedule 1/Page_Store/button_Add' is clicked on

2018-05-16 19:19:38 - [MESSAGE][PASSED] - Object: 'Object Repository/Store Request Schedule 1/Page_Store/button_Add' is clicked on

2018-05-16 19:19:38 - [TEST_STEP][PASSED] - selectOptionByIndex: All options with index in [10] are selected on object 'Object Repository/Store Request Schedule 1/Page_Store/select_--Select--Schedule 1Inj'

2018-05-16 19:19:38 - [MESSAGE][PASSED] - All options with index in [10] are selected on object 'Object Repository/Store Request Schedule 1/Page_Store/select_--Select--Schedule 1Inj'

2018-05-16 19:19:38 - [TEST_STEP][PASSED] - delay: Delayed 1 second(s)

2018-05-16 19:19:39 - [MESSAGE][PASSED] - Delayed 1 second(s)

2018-05-16 19:19:39 - [TEST_STEP][PASSED] - selectOptionByIndex: All options with index in [11] are selected on object 'Object Repository/Store Request Schedule 1/Page_Store/select_--Select--Adernaline 0.'

2018-05-16 19:19:39 - [MESSAGE][PASSED] - All options with index in [11] are selected on object 'Object Repository/Store Request Schedule 1/Page_Store/select_--Select--Adernaline 0.'

2018-05-16 19:19:39 - [TEST_STEP][PASSED] - setText: Text '100' is set on object 'Object Repository/Store Request Schedule 1/Page_Store/input_txttreat'

2018-05-16 19:19:40 - [MESSAGE][PASSED] - Text '100' is set on object 'Object Repository/Store Request Schedule 1/Page_Store/input_txttreat'

2018-05-16 19:19:40 - [TEST_STEP][PASSED] - click: Object: 'Object Repository/Store Request Schedule 1/Page_Store/button_Add' is clicked on

2018-05-16 19:19:40 - [MESSAGE][PASSED] - Object: 'Object Repository/Store Request Schedule 1/Page_Store/button_Add' is clicked on

2018-05-16 19:19:40 - [TEST_STEP][PASSED] - selectOptionByIndex: All options with index in [10] are selected on object 'Object Repository/Store Request Schedule 1/Page_Store/select_--Select--Schedule 1Inj'

2018-05-16 19:19:40 - [MESSAGE][PASSED] - All options with index in [10] are selected on object 'Object Repository/Store Request Schedule 1/Page_Store/select_--Select--Schedule 1Inj'

2018-05-16 19:19:40 - [TEST_STEP][PASSED] - delay: Delayed 1 second(s)

2018-05-16 19:19:41 - [MESSAGE][PASSED] - Delayed 1 second(s)

2018-05-16 19:19:41 - [TEST_STEP][PASSED] - selectOptionByIndex: All options with index in [12] are selected on object 'Object Repository/Store Request Schedule 1/Page_Store/select_--Select--Adernaline 0.'

2018-05-16 19:19:41 - [MESSAGE][PASSED] - All options with index in [12] are selected on object 'Object Repository/Store Request Schedule 1/Page_Store/select_--Select--Adernaline 0.'

2018-05-16 19:19:41 - [TEST_STEP][PASSED] - setText: Text '100' is set on object 'Object Repository/Store Request Schedule 1/Page_Store/input_txttreat'

2018-05-16 19:19:41 - [MESSAGE][PASSED] - Text '100' is set on object 'Object Repository/Store Request Schedule 1/Page_Store/input_txttreat'

2018-05-16 19:19:41 - [TEST_STEP][PASSED] - click: Object: 'Object Repository/Store Request Schedule 1/Page_Store/button_Add' is clicked on

2018-05-16 19:19:41 - [MESSAGE][PASSED] - Object: 'Object Repository/Store Request Schedule 1/Page_Store/button_Add' is clicked on

2018-05-16 19:19:41 - [TEST_STEP][PASSED] - selectOptionByIndex: All options with index in [10] are selected on object 'Object Repository/Store Request Schedule 1/Page_Store/select_--Select--Schedule 1Inj'

2018-05-16 19:19:41 - [MESSAGE][PASSED] - All options with index in [10] are selected on object 'Object Repository/Store Request Schedule 1/Page_Store/select_--Select--Schedule 1Inj'

2018-05-16 19:19:41 - [TEST_STEP][PASSED] - delay: Delayed 1 second(s)

2018-05-16 19:19:42 - [MESSAGE][PASSED] - Delayed 1 second(s)

2018-05-16 19:19:42 - [TEST_STEP][PASSED] - selectOptionByIndex: All options with index in [13] are selected on object 'Object Repository/Store Request Schedule 1/Page_Store/select_--Select--Adernaline 0.'

2018-05-16 19:19:43 - [MESSAGE][PASSED] - All options with index in [13] are selected on object 'Object Repository/Store Request Schedule 1/Page_Store/select_--Select--Adernaline 0.'

2018-05-16 19:19:43 - [TEST_STEP][PASSED] - setText: Text '100' is set on object 'Object Repository/Store Request Schedule 1/Page_Store/input_txttreat'

2018-05-16 19:19:43 - [MESSAGE][PASSED] - Text '100' is set on object 'Object Repository/Store Request Schedule 1/Page_Store/input_txttreat'

2018-05-16 19:19:43 - [TEST_STEP][PASSED] - click: Object: 'Object Repository/Store Request Schedule 1/Page_Store/button_Add' is clicked on

2018-05-16 19:19:43 - [MESSAGE][PASSED] - Object: 'Object Repository/Store Request Schedule 1/Page_Store/button_Add' is clicked on

2018-05-16 19:19:43 - [TEST_STEP][PASSED] - selectOptionByIndex: All options with index in [10] are selected on object 'Object Repository/Store Request Schedule 1/Page_Store/select_--Select--Schedule 1Inj'

2018-05-16 19:19:43 - [MESSAGE][PASSED] - All options with index in [10] are selected on object 'Object Repository/Store Request Schedule 1/Page_Store/select_--Select--Schedule 1Inj'

2018-05-16 19:19:43 - [TEST_STEP][PASSED] - delay: Delayed 1 second(s)

2018-05-16 19:19:44 - [MESSAGE][PASSED] - Delayed 1 second(s)

2018-05-16 19:19:44 - [TEST_STEP][PASSED] - selectOptionByIndex: All options with index in [14] are selected on object 'Object Repository/Store Request Schedule 1/Page_Store/select_--Select--Adernaline 0.'

2018-05-16 19:19:44 - [MESSAGE][PASSED] - All options with index in [14] are selected on object 'Object Repository/Store Request Schedule 1/Page_Store/select_--Select--Adernaline 0.'

2018-05-16 19:19:44 - [TEST_STEP][PASSED] - setText: Text '100' is set on object 'Object Repository/Store Request Schedule 1/Page_Store/input_txttreat'

2018-05-16 19:19:44 - [MESSAGE][PASSED] - Text '100' is set on object 'Object Repository/Store Request Schedule 1/Page_Store/input_txttreat'

2018-05-16 19:19:44 - [TEST_STEP][PASSED] - click: Object: 'Object Repository/Store Request Schedule 1/Page_Store/button_Add' is clicked on

2018-05-16 19:19:44 - [MESSAGE][PASSED] - Object: 'Object Repository/Store Request Schedule 1/Page_Store/button_Add' is clicked on

2018-05-16 19:19:44 - [TEST_STEP][PASSED] - selectOptionByIndex: All options with index in [10] are selected on object 'Object Repository/Store Request Schedule 1/Page_Store/select_--Select--Schedule 1Inj'

2018-05-16 19:19:44 - [MESSAGE][PASSED] - All options with index in [10] are selected on object 'Object Repository/Store Request Schedule 1/Page_Store/select_--Select--Schedule 1Inj'

2018-05-16 19:19:44 - [TEST_STEP][PASSED] - delay: Delayed 1 second(s)

2018-05-16 19:19:45 - [MESSAGE][PASSED] - Delayed 1 second(s)

2018-05-16 19:19:45 - [TEST_STEP][PASSED] - selectOptionByIndex: All options with index in [15] are selected on object 'Object Repository/Store Request Schedule 1/Page_Store/select_--Select--Adernaline 0.'

2018-05-16 19:19:46 - [MESSAGE][PASSED] - All options with index in [15] are selected on object 'Object Repository/Store Request Schedule 1/Page_Store/select_--Select--Adernaline 0.'

2018-05-16 19:19:46 - [TEST_STEP][PASSED] - setText: Text '100' is set on object 'Object Repository/Store Request Schedule 1/Page_Store/input_txttreat'

2018-05-16 19:19:46 - [MESSAGE][PASSED] - Text '100' is set on object 'Object Repository/Store Request Schedule 1/Page_Store/input_txttreat'

2018-05-16 19:19:46 - [TEST_STEP][PASSED] - click: Object: 'Object Repository/Store Request Schedule 1/Page_Store/button_Add' is clicked on

2018-05-16 19:19:46 - [MESSAGE][PASSED] - Object: 'Object Repository/Store Request Schedule 1/Page_Store/button_Add' is clicked on

2018-05-16 19:19:46 - [TEST_STEP][PASSED] - selectOptionByIndex: All options with index in [10] are selected on object 'Object Repository/Store Request Schedule 1/Page_Store/select_--Select--Schedule 1Inj'

2018-05-16 19:19:46 - [MESSAGE][PASSED] - All options with index in [10] are selected on object 'Object Repository/Store Request Schedule 1/Page_Store/select_--Select--Schedule 1Inj'

2018-05-16 19:19:46 - [TEST_STEP][PASSED] - delay: Delayed 1 second(s)

2018-05-16 19:19:47 - [MESSAGE][PASSED] - Delayed 1 second(s)

2018-05-16 19:19:47 - [TEST_STEP][PASSED] - selectOptionByIndex: All options with index in [16] are selected on object 'Object Repository/Store Request Schedule 1/Page_Store/select_--Select--Adernaline 0.'

2018-05-16 19:19:47 - [MESSAGE][PASSED] - All options with index in [16] are selected on object 'Object Repository/Store Request Schedule 1/Page_Store/select_--Select--Adernaline 0.'

2018-05-16 19:19:47 - [TEST_STEP][PASSED] - setText: Text '100' is set on object 'Object Repository/Store Request Schedule 1/Page_Store/input_txttreat'

2018-05-16 19:19:47 - [MESSAGE][PASSED] - Text '100' is set on object 'Object Repository/Store Request Schedule 1/Page_Store/input_txttreat'

2018-05-16 19:19:47 - [TEST_STEP][PASSED] - click: Object: 'Object Repository/Store Request Schedule 1/Page_Store/button_Add' is clicked on

2018-05-16 19:19:47 - [MESSAGE][PASSED] - Object: 'Object Repository/Store Request Schedule 1/Page_Store/button_Add' is clicked on

2018-05-16 19:19:47 - [TEST_STEP][PASSED] - selectOptionByIndex: All options with index in [10] are selected on object 'Object Repository/Store Request Schedule 1/Page_Store/select_--Select--Schedule 1Inj'

2018-05-16 19:19:48 - [MESSAGE][PASSED] - All options with index in [10] are selected on object 'Object Repository/Store Request Schedule 1/Page_Store/select_--Select--Schedule 1Inj'

2018-05-16 19:19:48 - [TEST_STEP][PASSED] - delay: Delayed 1 second(s)

2018-05-16 19:19:49 - [MESSAGE][PASSED] - Delayed 1 second(s)

2018-05-16 19:19:49 - [TEST_STEP][PASSED] - selectOptionByIndex: All options with index in [17] are selected on object 'Object Repository/Store Request Schedule 1/Page_Store/select_--Select--Adernaline 0.'

2018-05-16 19:19:49 - [MESSAGE][PASSED] - All options with index in [17] are selected on object 'Object Repository/Store Request Schedule 1/Page_Store/select_--Select--Adernaline 0.'

2018-05-16 19:19:49 - [TEST_STEP][PASSED] - setText: Text '100' is set on object 'Object Repository/Store Request Schedule 1/Page_Store/input_txttreat'

2018-05-16 19:19:49 - [MESSAGE][PASSED] - Text '100' is set on object 'Object Repository/Store Request Schedule 1/Page_Store/input_txttreat'

2018-05-16 19:19:49 - [TEST_STEP][PASSED] - click: Object: 'Object Repository/Store Request Schedule 1/Page_Store/button_Add' is clicked on

2018-05-16 19:19:49 - [MESSAGE][PASSED] - Object: 'Object Repository/Store Request Schedule 1/Page_Store/button_Add' is clicked on

2018-05-16 19:19:49 - [TEST_STEP][PASSED] - selectOptionByIndex: All options with index in [10] are selected on object 'Object Repository/Store Request Schedule 1/Page_Store/select_--Select--Schedule 1Inj'

2018-05-16 19:19:49 - [MESSAGE][PASSED] - All options with index in [10] are selected on object 'Object Repository/Store Request Schedule 1/Page_Store/select_--Select--Schedule 1Inj'

2018-05-16 19:19:49 - [TEST_STEP][PASSED] - delay: Delayed 1 second(s)

2018-05-16 19:19:50 - [MESSAGE][PASSED] - Delayed 1 second(s)

2018-05-16 19:19:50 - [TEST_STEP][PASSED] - selectOptionByIndex: All options with index in [18] are selected on object 'Object Repository/Store Request Schedule 1/Page_Store/select_--Select--Adernaline 0.'

2018-05-16 19:19:51 - [MESSAGE][PASSED] - All options with index in [18] are selected on object 'Object Repository/Store Request Schedule 1/Page_Store/select_--Select--Adernaline 0.'

2018-05-16 19:19:51 - [TEST_STEP][PASSED] - setText: Text '100' is set on object 'Object Repository/Store Request Schedule 1/Page_Store/input_txttreat'

2018-05-16 19:19:51 - [MESSAGE][PASSED] - Text '100' is set on object 'Object Repository/Store Request Schedule 1/Page_Store/input_txttreat'

2018-05-16 19:19:51 - [TEST_STEP][PASSED] - click: Object: 'Object Repository/Store Request Schedule 1/Page_Store/button_Add' is clicked on

2018-05-16 19:19:51 - [MESSAGE][PASSED] - Object: 'Object Repository/Store Request Schedule 1/Page_Store/button_Add' is clicked on

2018-05-16 19:19:51 - [TEST_STEP][PASSED] - delay: Delayed 2 second(s)

2018-05-16 19:19:53 - [MESSAGE][PASSED] - Delayed 2 second(s)

2018-05-16 19:19:53 - [TEST_STEP][PASSED] - scrollToElement: Scroll to object 'Object Repository/Store Request Schedule 1/Page_Store/input_btnsave' successfully

2018-05-16 19:19:53 - [MESSAGE][PASSED] - Scroll to object 'Object Repository/Store Request Schedule 1/Page_Store/input_btnsave' successfully

2018-05-16 19:19:53 - [TEST_STEP][PASSED] - click: Object: 'Object Repository/Store Request Schedule 1/Page_Store/input_btnsave' is clicked on

2018-05-16 19:19:53 - [MESSAGE][PASSED] - Object: 'Object Repository/Store Request Schedule 1/Page_Store/input_btnsave' is clicked on

2018-05-16 19:19:53 - [TEST_STEP][PASSED] - delay: Delayed 4 second(s)

2018-05-16 19:19:57 - [MESSAGE][PASSED] - Delayed 4 second(s)

2018-05-16 19:19:57 - [TEST_STEP][PASSED] - Statement - Cms_RequestNumber = com.kms.katalon.core.webui.keyword.WebUiBuiltInKeywords.getText(com.kms.katalon.core.testobject.ObjectRepository.findTestObject(Store Request Schedule 1/Page_Store/font_PRNO050520189)): Text of object 'Object Repository/Store Request Schedule 1/Page_Store/font_PRNO050520189' is: 'PRNO/16052018/171'

2018-05-16 19:19:57 - [MESSAGE][PASSED] - Text of object 'Object Repository/Store Request Schedule 1/Page_Store/font_PRNO050520189' is: 'PRNO/16052018/171'

2018-05-16 19:19:57 - [TEST_STEP][PASSED] - Statement - CR = Cms_RequestNumber.trim(): null

2018-05-16 19:19:57 - [TEST_STEP][PASSED] - Statement - out.println("RQ :" + Cms_RequestNumber): null

2018-05-16 19:19:57 - [TEST_STEP][PASSED] - Statement - RequestNumberID = Cms_RequestNumber.split("/")[2].trim(): null

2018-05-16 19:19:57 - [TEST_STEP][PASSED] - Statement - out.println("RQ ID :" + RequestNumberID): null

2018-05-16 19:19:57 - [TEST_STEP][PASSED] - delay: Delayed 3 second(s)

2018-05-16 19:20:00 - [MESSAGE][PASSED] - Delayed 3 second(s)

2018-05-16 19:20:00 - [TEST_STEP][PASSED] - Statement - ok = com.kms.katalon.core.webui.keyword.WebUiBuiltInKeywords.click(com.kms.katalon.core.testobject.ObjectRepository.findTestObject(Store Request Schedule 1/Page_Store/button_OK)): Object: 'Object Repository/Store Request Schedule 1/Page_Store/button_OK' is clicked on

2018-05-16 19:20:00 - [MESSAGE][PASSED] - Object: 'Object Repository/Store Request Schedule 1/Page_Store/button_OK' is clicked on

2018-05-16 19:20:00 - [TEST_STEP][PASSED] - delay: Delayed 3 second(s)

2018-05-16 19:20:03 - [MESSAGE][PASSED] - Delayed 3 second(s)

2018-05-16 19:20:03 - [TEST_STEP][PASSED] - click: Object: 'Object Repository/Store Request Schedule 1/Page_Store/a_dropdown-toggle' is clicked on

2018-05-16 19:20:03 - [MESSAGE][PASSED] - Object: 'Object Repository/Store Request Schedule 1/Page_Store/a_dropdown-toggle' is clicked on

2018-05-16 19:20:03 - [TEST_STEP][PASSED] - click: Object: 'Object Repository/Store Request Schedule 1/Page_Store/a_Sign out' is clicked on

2018-05-16 19:20:04 - [MESSAGE][PASSED] - Object: 'Object Repository/Store Request Schedule 1/Page_Store/a_Sign out' is clicked on

2018-05-16 19:20:04 - [TEST_STEP][PASSED] - delay: Delayed 3 second(s)

2018-05-16 19:20:07 - [MESSAGE][PASSED] - Delayed 3 second(s)

2018-05-16 19:20:07 - [TEST_STEP][PASSED] - click: Object: 'Object Repository/Store Request Schedule 1/Page_KDMC/a_CMO' is clicked on

2018-05-16 19:20:08 - [MESSAGE][PASSED] - Object: 'Object Repository/Store Request Schedule 1/Page_KDMC/a_CMO' is clicked on

2018-05-16 19:20:08 - [TEST_STEP][PASSED] - setText: Text 'guru' is set on object 'Object Repository/Store Request Schedule 1/Page_CMO login/input_txtusername'

2018-05-16 19:20:08 - [MESSAGE][PASSED] - Text 'guru' is set on object 'Object Repository/Store Request Schedule 1/Page_CMO login/input_txtusername'

2018-05-16 19:20:08 - [TEST_STEP][PASSED] - setText: Text '123' is set on object 'Object Repository/Store Request Schedule 1/Page_CMO login/input_txtpassword'

2018-05-16 19:20:08 - [MESSAGE][PASSED] - Text '123' is set on object 'Object Repository/Store Request Schedule 1/Page_CMO login/input_txtpassword'

2018-05-16 19:20:08 - [TEST_STEP][PASSED] - delay: Delayed 3 second(s)

2018-05-16 19:20:11 - [MESSAGE][PASSED] - Delayed 3 second(s)

2018-05-16 19:20:11 - [TEST_STEP][PASSED] - click: Object: 'Object Repository/Store Request Schedule 1/Page_CMO login/button_Sign in' is clicked on

2018-05-16 19:20:12 - [MESSAGE][PASSED] - Object: 'Object Repository/Store Request Schedule 1/Page_CMO login/button_Sign in' is clicked on

2018-05-16 19:20:12 - [TEST_STEP][PASSED] - delay: Delayed 2 second(s)

2018-05-16 19:20:14 - [MESSAGE][PASSED] - Delayed 2 second(s)

2018-05-16 19:20:14 - [TEST_STEP][PASSED] - click: Object: 'Object Repository/Store Request Schedule 1/Page_KDMC - CMO/span_Department Wise Request' is clicked on

2018-05-16 19:20:14 - [MESSAGE][PASSED] - Object: 'Object Repository/Store Request Schedule 1/Page_KDMC - CMO/span_Department Wise Request' is clicked on

2018-05-16 19:20:14 - [TEST_STEP][PASSED] - click: Object: 'Object Repository/Store Request Schedule 1/Page_KDMC - CMO/a_CMS Request' is clicked on

2018-05-16 19:20:15 - [MESSAGE][PASSED] - Object: 'Object Repository/Store Request Schedule 1/Page_KDMC - CMO/a_CMS Request' is clicked on

2018-05-16 19:20:15 - [TEST_STEP][PASSED] - click: Object: 'Object Repository/Store Request Schedule 1/Page_KDMC - CMO/a_CMS Request' is clicked on

2018-05-16 19:20:15 - [MESSAGE][PASSED] - Object: 'Object Repository/Store Request Schedule 1/Page_KDMC - CMO/a_CMS Request' is clicked on

2018-05-16 19:20:15 - [TEST_STEP][PASSED] - click: Object: 'Object Repository/Store Request Schedule 1/Page_KDMC - CMO/span_Divisional Store Request' is clicked on

2018-05-16 19:20:16 - [MESSAGE][PASSED] - Object: 'Object Repository/Store Request Schedule 1/Page_KDMC - CMO/span_Divisional Store Request' is clicked on

2018-05-16 19:20:16 - [TEST_STEP][PASSED] - delay: Delayed 2 second(s)

2018-05-16 19:20:18 - [MESSAGE][PASSED] - Delayed 2 second(s)

2018-05-16 19:20:18 - [TEST_STEP][PASSED] - Statement - approval = com.kms.katalon.core.webui.keyword.WebUiBuiltInKeywords.modifyObjectProperty(com.kms.katalon.core.testobject.ObjectRepository.findTestObject(Store Request Schedule 1/Page_KDMC - CMO/input_PRNO050520189), "xpath", "equals", "//*[@id=" + RequestNumberID + "]", true): Modify property of object successfully

2018-05-16 19:20:18 - [MESSAGE][PASSED] - Modify property of object successfully

2018-05-16 19:20:18 - [TEST_STEP][PASSED] - click: Object: 'Object Repository/Store Request Schedule 1/Page_KDMC - CMO/input_PRNO050520189' is clicked on

2018-05-16 19:20:18 - [MESSAGE][PASSED] - Object: 'Object Repository/Store Request Schedule 1/Page_KDMC - CMO/input_PRNO050520189' is clicked on

2018-05-16 19:20:18 - [TEST_STEP][PASSED] - delay: Delayed 2 second(s)

2018-05-16 19:20:20 - [MESSAGE][PASSED] - Delayed 2 second(s)

2018-05-16 19:20:20 - [TEST_STEP][PASSED] - selectOptionByIndex: All options with index in [1] are selected on object 'Object Repository/Store Request Schedule 1/Page_KDMC - CMO/select_--Select--'

2018-05-16 19:20:20 - [MESSAGE][PASSED] - All options with index in [1] are selected on object 'Object Repository/Store Request Schedule 1/Page_KDMC - CMO/select_--Select--'

2018-05-16 19:20:20 - [TEST_STEP][PASSED] - click: Object: 'Object Repository/Store Request Schedule 1/Page_KDMC - CMO/input_btnupdate' is clicked on

2018-05-16 19:20:20 - [MESSAGE][PASSED] - Object: 'Object Repository/Store Request Schedule 1/Page_KDMC - CMO/input_btnupdate' is clicked on

2018-05-16 19:20:20 - [TEST_STEP][PASSED] - delay: Delayed 2 second(s)

2018-05-16 19:20:22 - [MESSAGE][PASSED] - Delayed 2 second(s)

2018-05-16 19:20:22 - [TEST_STEP][PASSED] - click: Object: 'Object Repository/Store Request Schedule 1/Page_KDMC - CMO/button_OK' is clicked on

2018-05-16 19:20:23 - [MESSAGE][PASSED] - Object: 'Object Repository/Store Request Schedule 1/Page_KDMC - CMO/button_OK' is clicked on

2018-05-16 19:20:23 - [TEST_STEP][PASSED] - delay: Delayed 2 second(s)

2018-05-16 19:20:25 - [MESSAGE][PASSED] - Delayed 2 second(s)

2018-05-16 19:20:25 - [TEST_STEP][PASSED] - click: Object: 'Object Repository/Store Request Schedule 1/Page_KDMC - CMO/a_dropdown-toggle' is clicked on

2018-05-16 19:20:25 - [MESSAGE][PASSED] - Object: 'Object Repository/Store Request Schedule 1/Page_KDMC - CMO/a_dropdown-toggle' is clicked on

2018-05-16 19:20:25 - [TEST_STEP][PASSED] - click: Object: 'Object Repository/Store Request Schedule 1/Page_KDMC - CMO/a_Sign out' is clicked on

2018-05-16 19:20:25 - [MESSAGE][PASSED] - Object: 'Object Repository/Store Request Schedule 1/Page_KDMC - CMO/a_Sign out' is clicked on

2018-05-16 19:20:25 - [TEST_STEP][PASSED] - delay: Delayed 3 second(s)

2018-05-16 19:20:28 - [MESSAGE][PASSED] - Delayed 3 second(s)

2018-05-16 19:20:28 - [TEST_STEP][PASSED] - click: Object: 'Object Repository/store Request Schedule 1/Page_KDMC/a_CMS' is clicked on

2018-05-16 19:20:29 - [MESSAGE][PASSED] - Object: 'Object Repository/store Request Schedule 1/Page_KDMC/a_CMS' is clicked on

2018-05-16 19:20:29 - [TEST_STEP][PASSED] - setText: Text 'bala' is set on object 'Object Repository/store Request Schedule 1/Page_CMS login/input_txtusername'

2018-05-16 19:20:29 - [MESSAGE][PASSED] - Text 'bala' is set on object 'Object Repository/store Request Schedule 1/Page_CMS login/input_txtusername'

2018-05-16 19:20:29 - [TEST_STEP][PASSED] - setText: Text '123' is set on object 'Object Repository/store Request Schedule 1/Page_CMS login/input_txtpassword'

2018-05-16 19:20:29 - [MESSAGE][PASSED] - Text '123' is set on object 'Object Repository/store Request Schedule 1/Page_CMS login/input_txtpassword'

2018-05-16 19:20:29 - [TEST_STEP][PASSED] - delay: Delayed 3 second(s)

2018-05-16 19:20:32 - [MESSAGE][PASSED] - Delayed 3 second(s)

2018-05-16 19:20:32 - [TEST_STEP][PASSED] - click: Object: 'Object Repository/store Request Schedule 1/Page_CMS login/button_Sign in' is clicked on

2018-05-16 19:20:32 - [MESSAGE][PASSED] - Object: 'Object Repository/store Request Schedule 1/Page_CMS login/button_Sign in' is clicked on

2018-05-16 19:20:32 - [TEST_STEP][PASSED] - delay: Delayed 2 second(s)

2018-05-16 19:20:34 - [MESSAGE][PASSED] - Delayed 2 second(s)

2018-05-16 19:20:34 - [TEST_STEP][PASSED] - click: Object: 'Object Repository/store Request Schedule 1/Page_KDMC - CMS/a_Divisional Store' is clicked on

2018-05-16 19:20:35 - [MESSAGE][PASSED] - Object: 'Object Repository/store Request Schedule 1/Page_KDMC - CMS/a_Divisional Store' is clicked on

2018-05-16 19:20:35 - [TEST_STEP][PASSED] - delay: Delayed 2 second(s)

2018-05-16 19:20:37 - [MESSAGE][PASSED] - Delayed 2 second(s)

2018-05-16 19:20:37 - [TEST_STEP][PASSED] - click: Object: 'Object Repository/store Request Schedule 1/Page_KDMC - CMS/a_Dispatch Items' is clicked on

2018-05-16 19:20:37 - [MESSAGE][PASSED] - Object: 'Object Repository/store Request Schedule 1/Page_KDMC - CMS/a_Dispatch Items' is clicked on

2018-05-16 19:20:37 - [TEST_STEP][PASSED] - setText: Text 'PRNO/16052018/171' is set on object 'Object Repository/store Request Schedule 1/Page_KDMC - CMS/input'

2018-05-16 19:20:37 - [MESSAGE][PASSED] - Text 'PRNO/16052018/171' is set on object 'Object Repository/store Request Schedule 1/Page_KDMC - CMS/input'

2018-05-16 19:20:37 - [TEST_STEP][PASSED] - click: Object: 'Object Repository/store Request Schedule 1/Page_KDMC - CMS/td_text-center' is clicked on

2018-05-16 19:20:37 - [MESSAGE][PASSED] - Object: 'Object Repository/store Request Schedule 1/Page_KDMC - CMS/td_text-center' is clicked on

2018-05-16 19:20:37 - [TEST_STEP][PASSED] - delay: Delayed 2 second(s)

2018-05-16 19:20:39 - [MESSAGE][PASSED] - Delayed 2 second(s)

2018-05-16 19:20:39 - [TEST_STEP][PASSED] - Statement - For ([row = 0, row < SelectedOptions - 1, (row++)]): null

2018-05-16 19:20:39 - [TEST_STEP][PASSED] - Statement - batchlength = new com.kms.katalon.core.testobject.TestObject(): null

2018-05-16 19:20:39 - [TEST_STEP][PASSED] - Statement - batchlength = com.kms.katalon.core.webui.keyword.WebUiBuiltInKeywords.modifyObjectProperty(batchlength, "xpath", "equals", "//*[@id = "fldvendor" + row + ""]", true): Modify property of object successfully

2018-05-16 19:20:39 - [MESSAGE][PASSED] - Modify property of object successfully

2018-05-16 19:20:39 - [TEST_STEP][PASSED] - Statement - batchsize = com.kms.katalon.core.webui.keyword.WebUiBuiltInKeywords.getNumberOfTotalOption(batchlength): 6 options of object '' counted

2018-05-16 19:20:39 - [MESSAGE][PASSED] - 6 options of object '' counted

2018-05-16 19:20:39 - [TEST_STEP][PASSED] - Statement - out.println("BatchSize : " + batchsize): null

2018-05-16 19:20:39 - [TEST_STEP][PASSED] - Statement - For ([n = 1, n <= batchsize - 1, (n++)]): null

2018-05-16 19:20:39 - [TEST_STEP][PASSED] - Statement - product = new com.kms.katalon.core.testobject.TestObject(): null

2018-05-16 19:20:39 - [TEST_STEP][PASSED] - Statement - product = com.kms.katalon.core.webui.keyword.WebUiBuiltInKeywords.modifyObjectProperty(product, "xpath", "equals", "//*[@id = "fldvendor" + row + ""]", true): Modify property of object successfully

2018-05-16 19:20:39 - [MESSAGE][PASSED] - Modify property of object successfully

2018-05-16 19:20:39 - [TEST_STEP][PASSED] - selectOptionByIndex: All options with index in [1] are selected on object ''

2018-05-16 19:20:40 - [MESSAGE][PASSED] - All options with index in [1] are selected on object ''

2018-05-16 19:20:40 - [TEST_STEP][PASSED] - Statement - batch = new com.kms.katalon.core.testobject.TestObject(): null

2018-05-16 19:20:40 - [TEST_STEP][PASSED] - Statement - batch = com.kms.katalon.core.webui.keyword.WebUiBuiltInKeywords.modifyObjectProperty(batch, "xpath", "equals", "//*[@id = "txtbthqty" + row + ""]", true): Modify property of object successfully

2018-05-16 19:20:40 - [MESSAGE][PASSED] - Modify property of object successfully

2018-05-16 19:20:40 - [TEST_STEP][PASSED] - Statement - batchqty = com.kms.katalon.core.webui.keyword.WebUiBuiltInKeywords.getAttribute(batch, "value").trim(): Attribute 'value' of object '' is: '49900'

2018-05-16 19:20:40 - [MESSAGE][PASSED] - Attribute 'value' of object '' is: '49900'

2018-05-16 19:20:40 - [TEST_STEP][PASSED] - Statement - Rqty = 100: null

2018-05-16 19:20:40 - [TEST_STEP][PASSED] - delay: Delayed 2 second(s)

2018-05-16 19:20:42 - [MESSAGE][PASSED] - Delayed 2 second(s)

2018-05-16 19:20:42 - [TEST_STEP][PASSED] - Statement - out.println("BatchQty : " + batchqty): null

2018-05-16 19:20:42 - [TEST_STEP][PASSED] - Statement - out.println("RQty : " + Rqty): null

2018-05-16 19:20:42 - [TEST_STEP][PASSED] - Statement - If (java.lang.Integer.valueOf(batchqty) >= java.lang.Integer.valueOf(Rqty)): null

2018-05-16 19:20:42 - [TEST_STEP][PASSED] - Statement - Break: null

2018-05-16 19:20:42 - [TEST_STEP][PASSED] - Statement - batchlength = new com.kms.katalon.core.testobject.TestObject(): null

2018-05-16 19:20:42 - [TEST_STEP][PASSED] - Statement - batchlength = com.kms.katalon.core.webui.keyword.WebUiBuiltInKeywords.modifyObjectProperty(batchlength, "xpath", "equals", "//*[@id = "fldvendor" + row + ""]", true): Modify property of object successfully

2018-05-16 19:20:42 - [MESSAGE][PASSED] - Modify property of object successfully

2018-05-16 19:20:42 - [TEST_STEP][PASSED] - Statement - batchsize = com.kms.katalon.core.webui.keyword.WebUiBuiltInKeywords.getNumberOfTotalOption(batchlength): 6 options of object '' counted

2018-05-16 19:20:42 - [MESSAGE][PASSED] - 6 options of object '' counted

2018-05-16 19:20:42 - [TEST_STEP][PASSED] - Statement - out.println("BatchSize : " + batchsize): null

2018-05-16 19:20:42 - [TEST_STEP][PASSED] - Statement - For ([n = 1, n <= batchsize - 1, (n++)]): null

2018-05-16 19:20:42 - [TEST_STEP][PASSED] - Statement - product = new com.kms.katalon.core.testobject.TestObject(): null

2018-05-16 19:20:42 - [TEST_STEP][PASSED] - Statement - product = com.kms.katalon.core.webui.keyword.WebUiBuiltInKeywords.modifyObjectProperty(product, "xpath", "equals", "//*[@id = "fldvendor" + row + ""]", true): Modify property of object successfully

2018-05-16 19:20:42 - [MESSAGE][PASSED] - Modify property of object successfully

2018-05-16 19:20:42 - [TEST_STEP][PASSED] - selectOptionByIndex: All options with index in [1] are selected on object ''

2018-05-16 19:20:42 - [MESSAGE][PASSED] - All options with index in [1] are selected on object ''

2018-05-16 19:20:42 - [TEST_STEP][PASSED] - Statement - batch = new com.kms.katalon.core.testobject.TestObject(): null

2018-05-16 19:20:42 - [TEST_STEP][PASSED] - Statement - batch = com.kms.katalon.core.webui.keyword.WebUiBuiltInKeywords.modifyObjectProperty(batch, "xpath", "equals", "//*[@id = "txtbthqty" + row + ""]", true): Modify property of object successfully

2018-05-16 19:20:42 - [MESSAGE][PASSED] - Modify property of object successfully

2018-05-16 19:20:42 - [TEST_STEP][PASSED] - Statement - batchqty = com.kms.katalon.core.webui.keyword.WebUiBuiltInKeywords.getAttribute(batch, "value").trim(): Attribute 'value' of object '' is: '5000'

2018-05-16 19:20:42 - [MESSAGE][PASSED] - Attribute 'value' of object '' is: '5000'

2018-05-16 19:20:42 - [TEST_STEP][PASSED] - Statement - Rqty = 100: null

2018-05-16 19:20:42 - [TEST_STEP][PASSED] - delay: Delayed 2 second(s)

2018-05-16 19:20:44 - [MESSAGE][PASSED] - Delayed 2 second(s)

2018-05-16 19:20:44 - [TEST_STEP][PASSED] - Statement - out.println("BatchQty : " + batchqty): null

2018-05-16 19:20:44 - [TEST_STEP][PASSED] - Statement - out.println("RQty : " + Rqty): null

2018-05-16 19:20:44 - [TEST_STEP][PASSED] - Statement - If (java.lang.Integer.valueOf(batchqty) >= java.lang.Integer.valueOf(Rqty)): null

2018-05-16 19:20:44 - [TEST_STEP][PASSED] - Statement - Break: null

2018-05-16 19:20:44 - [TEST_STEP][PASSED] - Statement - batchlength = new com.kms.katalon.core.testobject.TestObject(): null

2018-05-16 19:20:44 - [TEST_STEP][PASSED] - Statement - batchlength = com.kms.katalon.core.webui.keyword.WebUiBuiltInKeywords.modifyObjectProperty(batchlength, "xpath", "equals", "//*[@id = "fldvendor" + row + ""]", true): Modify property of object successfully

2018-05-16 19:20:44 - [MESSAGE][PASSED] - Modify property of object successfully

2018-05-16 19:20:44 - [TEST_STEP][PASSED] - Statement - batchsize = com.kms.katalon.core.webui.keyword.WebUiBuiltInKeywords.getNumberOfTotalOption(batchlength): 6 options of object '' counted

2018-05-16 19:20:44 - [MESSAGE][PASSED] - 6 options of object '' counted

2018-05-16 19:20:44 - [TEST_STEP][PASSED] - Statement - out.println("BatchSize : " + batchsize): null

2018-05-16 19:20:44 - [TEST_STEP][PASSED] - Statement - For ([n = 1, n <= batchsize - 1, (n++)]): null

2018-05-16 19:20:44 - [TEST_STEP][PASSED] - Statement - product = new com.kms.katalon.core.testobject.TestObject(): null

2018-05-16 19:20:44 - [TEST_STEP][PASSED] - Statement - product = com.kms.katalon.core.webui.keyword.WebUiBuiltInKeywords.modifyObjectProperty(product, "xpath", "equals", "//*[@id = "fldvendor" + row + ""]", true): Modify property of object successfully

2018-05-16 19:20:44 - [MESSAGE][PASSED] - Modify property of object successfully

2018-05-16 19:20:44 - [TEST_STEP][PASSED] - selectOptionByIndex: All options with index in [1] are selected on object ''

2018-05-16 19:20:44 - [MESSAGE][PASSED] - All options with index in [1] are selected on object ''

2018-05-16 19:20:44 - [TEST_STEP][PASSED] - Statement - batch = new com.kms.katalon.core.testobject.TestObject(): null

2018-05-16 19:20:44 - [TEST_STEP][PASSED] - Statement - batch = com.kms.katalon.core.webui.keyword.WebUiBuiltInKeywords.modifyObjectProperty(batch, "xpath", "equals", "//*[@id = "txtbthqty" + row + ""]", true): Modify property of object successfully

2018-05-16 19:20:44 - [MESSAGE][PASSED] - Modify property of object successfully

2018-05-16 19:20:44 - [TEST_STEP][PASSED] - Statement - batchqty = com.kms.katalon.core.webui.keyword.WebUiBuiltInKeywords.getAttribute(batch, "value").trim(): Attribute 'value' of object '' is: '5000'

2018-05-16 19:20:44 - [MESSAGE][PASSED] - Attribute 'value' of object '' is: '5000'

2018-05-16 19:20:44 - [TEST_STEP][PASSED] - Statement - Rqty = 100: null

2018-05-16 19:20:44 - [TEST_STEP][PASSED] - delay: Delayed 2 second(s)

2018-05-16 19:20:46 - [MESSAGE][PASSED] - Delayed 2 second(s)

2018-05-16 19:20:46 - [TEST_STEP][PASSED] - Statement - out.println("BatchQty : " + batchqty): null

2018-05-16 19:20:46 - [TEST_STEP][PASSED] - Statement - out.println("RQty : " + Rqty): null

2018-05-16 19:20:46 - [TEST_STEP][PASSED] - Statement - If (java.lang.Integer.valueOf(batchqty) >= java.lang.Integer.valueOf(Rqty)): null

2018-05-16 19:20:46 - [TEST_STEP][PASSED] - Statement - Break: null

2018-05-16 19:20:46 - [TEST_STEP][PASSED] - Statement - batchlength = new com.kms.katalon.core.testobject.TestObject(): null

2018-05-16 19:20:46 - [TEST_STEP][PASSED] - Statement - batchlength = com.kms.katalon.core.webui.keyword.WebUiBuiltInKeywords.modifyObjectProperty(batchlength, "xpath", "equals", "//*[@id = "fldvendor" + row + ""]", true): Modify property of object successfully

2018-05-16 19:20:46 - [MESSAGE][PASSED] - Modify property of object successfully

2018-05-16 19:20:46 - [TEST_STEP][PASSED] - Statement - batchsize = com.kms.katalon.core.webui.keyword.WebUiBuiltInKeywords.getNumberOfTotalOption(batchlength): 6 options of object '' counted

2018-05-16 19:20:46 - [MESSAGE][PASSED] - 6 options of object '' counted

2018-05-16 19:20:46 - [TEST_STEP][PASSED] - Statement - out.println("BatchSize : " + batchsize): null

2018-05-16 19:20:46 - [TEST_STEP][PASSED] - Statement - For ([n = 1, n <= batchsize - 1, (n++)]): null

2018-05-16 19:20:46 - [TEST_STEP][PASSED] - Statement - product = new com.kms.katalon.core.testobject.TestObject(): null

2018-05-16 19:20:46 - [TEST_STEP][PASSED] - Statement - product = com.kms.katalon.core.webui.keyword.WebUiBuiltInKeywords.modifyObjectProperty(product, "xpath", "equals", "//*[@id = "fldvendor" + row + ""]", true): Modify property of object successfully

2018-05-16 19:20:46 - [MESSAGE][PASSED] - Modify property of object successfully

2018-05-16 19:20:46 - [TEST_STEP][PASSED] - selectOptionByIndex: All options with index in [1] are selected on object ''

2018-05-16 19:20:46 - [MESSAGE][PASSED] - All options with index in [1] are selected on object ''

2018-05-16 19:20:46 - [TEST_STEP][PASSED] - Statement - batch = new com.kms.katalon.core.testobject.TestObject(): null

2018-05-16 19:20:46 - [TEST_STEP][PASSED] - Statement - batch = com.kms.katalon.core.webui.keyword.WebUiBuiltInKeywords.modifyObjectProperty(batch, "xpath", "equals", "//*[@id = "txtbthqty" + row + ""]", true): Modify property of object successfully

2018-05-16 19:20:46 - [MESSAGE][PASSED] - Modify property of object successfully

2018-05-16 19:20:46 - [TEST_STEP][PASSED] - Statement - batchqty = com.kms.katalon.core.webui.keyword.WebUiBuiltInKeywords.getAttribute(batch, "value").trim(): Attribute 'value' of object '' is: '49900'

2018-05-16 19:20:46 - [MESSAGE][PASSED] - Attribute 'value' of object '' is: '49900'

2018-05-16 19:20:46 - [TEST_STEP][PASSED] - Statement - Rqty = 100: null

2018-05-16 19:20:46 - [TEST_STEP][PASSED] - delay: Delayed 2 second(s)

2018-05-16 19:20:48 - [MESSAGE][PASSED] - Delayed 2 second(s)

2018-05-16 19:20:48 - [TEST_STEP][PASSED] - Statement - out.println("BatchQty : " + batchqty): null

2018-05-16 19:20:48 - [TEST_STEP][PASSED] - Statement - out.println("RQty : " + Rqty): null

2018-05-16 19:20:48 - [TEST_STEP][PASSED] - Statement - If (java.lang.Integer.valueOf(batchqty) >= java.lang.Integer.valueOf(Rqty)): null

2018-05-16 19:20:48 - [TEST_STEP][PASSED] - Statement - Break: null

2018-05-16 19:20:48 - [TEST_STEP][PASSED] - Statement - batchlength = new com.kms.katalon.core.testobject.TestObject(): null

2018-05-16 19:20:48 - [TEST_STEP][PASSED] - Statement - batchlength = com.kms.katalon.core.webui.keyword.WebUiBuiltInKeywords.modifyObjectProperty(batchlength, "xpath", "equals", "//*[@id = "fldvendor" + row + ""]", true): Modify property of object successfully

2018-05-16 19:20:48 - [MESSAGE][PASSED] - Modify property of object successfully

2018-05-16 19:20:48 - [TEST_STEP][PASSED] - Statement - batchsize = com.kms.katalon.core.webui.keyword.WebUiBuiltInKeywords.getNumberOfTotalOption(batchlength): 6 options of object '' counted

2018-05-16 19:20:48 - [MESSAGE][PASSED] - 6 options of object '' counted

2018-05-16 19:20:48 - [TEST_STEP][PASSED] - Statement - out.println("BatchSize : " + batchsize): null

2018-05-16 19:20:48 - [TEST_STEP][PASSED] - Statement - For ([n = 1, n <= batchsize - 1, (n++)]): null

2018-05-16 19:20:48 - [TEST_STEP][PASSED] - Statement - product = new com.kms.katalon.core.testobject.TestObject(): null

2018-05-16 19:20:48 - [TEST_STEP][PASSED] - Statement - product = com.kms.katalon.core.webui.keyword.WebUiBuiltInKeywords.modifyObjectProperty(product, "xpath", "equals", "//*[@id = "fldvendor" + row + ""]", true): Modify property of object successfully

2018-05-16 19:20:48 - [MESSAGE][PASSED] - Modify property of object successfully

2018-05-16 19:20:48 - [TEST_STEP][PASSED] - selectOptionByIndex: All options with index in [1] are selected on object ''

2018-05-16 19:20:49 - [MESSAGE][PASSED] - All options with index in [1] are selected on object ''

2018-05-16 19:20:49 - [TEST_STEP][PASSED] - Statement - batch = new com.kms.katalon.core.testobject.TestObject(): null

2018-05-16 19:20:49 - [TEST_STEP][PASSED] - Statement - batch = com.kms.katalon.core.webui.keyword.WebUiBuiltInKeywords.modifyObjectProperty(batch, "xpath", "equals", "//*[@id = "txtbthqty" + row + ""]", true): Modify property of object successfully

2018-05-16 19:20:49 - [MESSAGE][PASSED] - Modify property of object successfully

2018-05-16 19:20:49 - [TEST_STEP][PASSED] - Statement - batchqty = com.kms.katalon.core.webui.keyword.WebUiBuiltInKeywords.getAttribute(batch, "value").trim(): Attribute 'value' of object '' is: '4000'

2018-05-16 19:20:49 - [MESSAGE][PASSED] - Attribute 'value' of object '' is: '4000'

2018-05-16 19:20:49 - [TEST_STEP][PASSED] - Statement - Rqty = 100: null

2018-05-16 19:20:49 - [TEST_STEP][PASSED] - delay: Delayed 2 second(s)

2018-05-16 19:20:51 - [MESSAGE][PASSED] - Delayed 2 second(s)

2018-05-16 19:20:51 - [TEST_STEP][PASSED] - Statement - out.println("BatchQty : " + batchqty): null

2018-05-16 19:20:51 - [TEST_STEP][PASSED] - Statement - out.println("RQty : " + Rqty): null

2018-05-16 19:20:51 - [TEST_STEP][PASSED] - Statement - If (java.lang.Integer.valueOf(batchqty) >= java.lang.Integer.valueOf(Rqty)): null

2018-05-16 19:20:51 - [TEST_STEP][PASSED] - Statement - Break: null

2018-05-16 19:20:51 - [TEST_STEP][PASSED] - Statement - batchlength = new com.kms.katalon.core.testobject.TestObject(): null

2018-05-16 19:20:51 - [TEST_STEP][PASSED] - Statement - batchlength = com.kms.katalon.core.webui.keyword.WebUiBuiltInKeywords.modifyObjectProperty(batchlength, "xpath", "equals", "//*[@id = "fldvendor" + row + ""]", true): Modify property of object successfully

2018-05-16 19:20:51 - [MESSAGE][PASSED] - Modify property of object successfully

2018-05-16 19:20:51 - [TEST_STEP][PASSED] - Statement - batchsize = com.kms.katalon.core.webui.keyword.WebUiBuiltInKeywords.getNumberOfTotalOption(batchlength): 6 options of object '' counted

2018-05-16 19:20:51 - [MESSAGE][PASSED] - 6 options of object '' counted

2018-05-16 19:20:51 - [TEST_STEP][PASSED] - Statement - out.println("BatchSize : " + batchsize): null

2018-05-16 19:20:51 - [TEST_STEP][PASSED] - Statement - For ([n = 1, n <= batchsize - 1, (n++)]): null

2018-05-16 19:20:51 - [TEST_STEP][PASSED] - Statement - product = new com.kms.katalon.core.testobject.TestObject(): null

2018-05-16 19:20:51 - [TEST_STEP][PASSED] - Statement - product = com.kms.katalon.core.webui.keyword.WebUiBuiltInKeywords.modifyObjectProperty(product, "xpath", "equals", "//*[@id = "fldvendor" + row + ""]", true): Modify property of object successfully

2018-05-16 19:20:51 - [MESSAGE][PASSED] - Modify property of object successfully

2018-05-16 19:20:51 - [TEST_STEP][PASSED] - selectOptionByIndex: All options with index in [1] are selected on object ''

2018-05-16 19:20:51 - [MESSAGE][PASSED] - All options with index in [1] are selected on object ''

2018-05-16 19:20:51 - [TEST_STEP][PASSED] - Statement - batch = new com.kms.katalon.core.testobject.TestObject(): null

2018-05-16 19:20:51 - [TEST_STEP][PASSED] - Statement - batch = com.kms.katalon.core.webui.keyword.WebUiBuiltInKeywords.modifyObjectProperty(batch, "xpath", "equals", "//*[@id = "txtbthqty" + row + ""]", true): Modify property of object successfully

2018-05-16 19:20:51 - [MESSAGE][PASSED] - Modify property of object successfully

2018-05-16 19:20:51 - [TEST_STEP][PASSED] - Statement - batchqty = com.kms.katalon.core.webui.keyword.WebUiBuiltInKeywords.getAttribute(batch, "value").trim(): Attribute 'value' of object '' is: '4000'

2018-05-16 19:20:51 - [MESSAGE][PASSED] - Attribute 'value' of object '' is: '4000'

2018-05-16 19:20:51 - [TEST_STEP][PASSED] - Statement - Rqty = 100: null

2018-05-16 19:20:51 - [TEST_STEP][PASSED] - delay: Delayed 2 second(s)

2018-05-16 19:20:53 - [MESSAGE][PASSED] - Delayed 2 second(s)

2018-05-16 19:20:53 - [TEST_STEP][PASSED] - Statement - out.println("BatchQty : " + batchqty): null

2018-05-16 19:20:53 - [TEST_STEP][PASSED] - Statement - out.println("RQty : " + Rqty): null

2018-05-16 19:20:53 - [TEST_STEP][PASSED] - Statement - If (java.lang.Integer.valueOf(batchqty) >= java.lang.Integer.valueOf(Rqty)): null

2018-05-16 19:20:53 - [TEST_STEP][PASSED] - Statement - Break: null

2018-05-16 19:20:53 - [TEST_STEP][PASSED] - Statement - batchlength = new com.kms.katalon.core.testobject.TestObject(): null

2018-05-16 19:20:53 - [TEST_STEP][PASSED] - Statement - batchlength = com.kms.katalon.core.webui.keyword.WebUiBuiltInKeywords.modifyObjectProperty(batchlength, "xpath", "equals", "//*[@id = "fldvendor" + row + ""]", true): Modify property of object successfully

2018-05-16 19:20:53 - [MESSAGE][PASSED] - Modify property of object successfully

2018-05-16 19:20:53 - [TEST_STEP][PASSED] - Statement - batchsize = com.kms.katalon.core.webui.keyword.WebUiBuiltInKeywords.getNumberOfTotalOption(batchlength): 6 options of object '' counted

2018-05-16 19:20:53 - [MESSAGE][PASSED] - 6 options of object '' counted

2018-05-16 19:20:53 - [TEST_STEP][PASSED] - Statement - out.println("BatchSize : " + batchsize): null

2018-05-16 19:20:53 - [TEST_STEP][PASSED] - Statement - For ([n = 1, n <= batchsize - 1, (n++)]): null

2018-05-16 19:20:53 - [TEST_STEP][PASSED] - Statement - product = new com.kms.katalon.core.testobject.TestObject(): null

2018-05-16 19:20:53 - [TEST_STEP][PASSED] - Statement - product = com.kms.katalon.core.webui.keyword.WebUiBuiltInKeywords.modifyObjectProperty(product, "xpath", "equals", "//*[@id = "fldvendor" + row + ""]", true): Modify property of object successfully

2018-05-16 19:20:53 - [MESSAGE][PASSED] - Modify property of object successfully

2018-05-16 19:20:53 - [TEST_STEP][PASSED] - selectOptionByIndex: All options with index in [1] are selected on object ''

2018-05-16 19:20:53 - [MESSAGE][PASSED] - All options with index in [1] are selected on object ''

2018-05-16 19:20:53 - [TEST_STEP][PASSED] - Statement - batch = new com.kms.katalon.core.testobject.TestObject(): null

2018-05-16 19:20:53 - [TEST_STEP][PASSED] - Statement - batch = com.kms.katalon.core.webui.keyword.WebUiBuiltInKeywords.modifyObjectProperty(batch, "xpath", "equals", "//*[@id = "txtbthqty" + row + ""]", true): Modify property of object successfully

2018-05-16 19:20:53 - [MESSAGE][PASSED] - Modify property of object successfully

2018-05-16 19:20:53 - [TEST_STEP][PASSED] - Statement - batchqty = com.kms.katalon.core.webui.keyword.WebUiBuiltInKeywords.getAttribute(batch, "value").trim(): Attribute 'value' of object '' is: '49900'

2018-05-16 19:20:53 - [MESSAGE][PASSED] - Attribute 'value' of object '' is: '49900'

2018-05-16 19:20:53 - [TEST_STEP][PASSED] - Statement - Rqty = 100: null

2018-05-16 19:20:53 - [TEST_STEP][PASSED] - delay: Delayed 2 second(s)

2018-05-16 19:20:55 - [MESSAGE][PASSED] - Delayed 2 second(s)

2018-05-16 19:20:55 - [TEST_STEP][PASSED] - Statement - out.println("BatchQty : " + batchqty): null

2018-05-16 19:20:55 - [TEST_STEP][PASSED] - Statement - out.println("RQty : " + Rqty): null

2018-05-16 19:20:55 - [TEST_STEP][PASSED] - Statement - If (java.lang.Integer.valueOf(batchqty) >= java.lang.Integer.valueOf(Rqty)): null

2018-05-16 19:20:55 - [TEST_STEP][PASSED] - Statement - Break: null

2018-05-16 19:20:55 - [TEST_STEP][PASSED] - Statement - batchlength = new com.kms.katalon.core.testobject.TestObject(): null

2018-05-16 19:20:55 - [TEST_STEP][PASSED] - Statement - batchlength = com.kms.katalon.core.webui.keyword.WebUiBuiltInKeywords.modifyObjectProperty(batchlength, "xpath", "equals", "//*[@id = "fldvendor" + row + ""]", true): Modify property of object successfully

2018-05-16 19:20:55 - [MESSAGE][PASSED] - Modify property of object successfully

2018-05-16 19:20:55 - [TEST_STEP][PASSED] - Statement - batchsize = com.kms.katalon.core.webui.keyword.WebUiBuiltInKeywords.getNumberOfTotalOption(batchlength): 6 options of object '' counted

2018-05-16 19:20:55 - [MESSAGE][PASSED] - 6 options of object '' counted

2018-05-16 19:20:55 - [TEST_STEP][PASSED] - Statement - out.println("BatchSize : " + batchsize): null

2018-05-16 19:20:55 - [TEST_STEP][PASSED] - Statement - For ([n = 1, n <= batchsize - 1, (n++)]): null

2018-05-16 19:20:55 - [TEST_STEP][PASSED] - Statement - product = new com.kms.katalon.core.testobject.TestObject(): null

2018-05-16 19:20:55 - [TEST_STEP][PASSED] - Statement - product = com.kms.katalon.core.webui.keyword.WebUiBuiltInKeywords.modifyObjectProperty(product, "xpath", "equals", "//*[@id = "fldvendor" + row + ""]", true): Modify property of object successfully

2018-05-16 19:20:55 - [MESSAGE][PASSED] - Modify property of object successfully

2018-05-16 19:20:55 - [TEST_STEP][PASSED] - selectOptionByIndex: All options with index in [1] are selected on object ''

2018-05-16 19:20:55 - [MESSAGE][PASSED] - All options with index in [1] are selected on object ''

2018-05-16 19:20:55 - [TEST_STEP][PASSED] - Statement - batch = new com.kms.katalon.core.testobject.TestObject(): null

2018-05-16 19:20:55 - [TEST_STEP][PASSED] - Statement - batch = com.kms.katalon.core.webui.keyword.WebUiBuiltInKeywords.modifyObjectProperty(batch, "xpath", "equals", "//*[@id = "txtbthqty" + row + ""]", true): Modify property of object successfully

2018-05-16 19:20:55 - [MESSAGE][PASSED] - Modify property of object successfully

2018-05-16 19:20:55 - [TEST_STEP][PASSED] - Statement - batchqty = com.kms.katalon.core.webui.keyword.WebUiBuiltInKeywords.getAttribute(batch, "value").trim(): Attribute 'value' of object '' is: '49900'

2018-05-16 19:20:55 - [MESSAGE][PASSED] - Attribute 'value' of object '' is: '49900'

2018-05-16 19:20:55 - [TEST_STEP][PASSED] - Statement - Rqty = 100: null

2018-05-16 19:20:55 - [TEST_STEP][PASSED] - delay: Delayed 2 second(s)

2018-05-16 19:20:57 - [MESSAGE][PASSED] - Delayed 2 second(s)

2018-05-16 19:20:57 - [TEST_STEP][PASSED] - Statement - out.println("BatchQty : " + batchqty): null

2018-05-16 19:20:57 - [TEST_STEP][PASSED] - Statement - out.println("RQty : " + Rqty): null

2018-05-16 19:20:57 - [TEST_STEP][PASSED] - Statement - If (java.lang.Integer.valueOf(batchqty) >= java.lang.Integer.valueOf(Rqty)): null

2018-05-16 19:20:57 - [TEST_STEP][PASSED] - Statement - Break: null

2018-05-16 19:20:57 - [TEST_STEP][PASSED] - Statement - batchlength = new com.kms.katalon.core.testobject.TestObject(): null

2018-05-16 19:20:57 - [TEST_STEP][PASSED] - Statement - batchlength = com.kms.katalon.core.webui.keyword.WebUiBuiltInKeywords.modifyObjectProperty(batchlength, "xpath", "equals", "//*[@id = "fldvendor" + row + ""]", true): Modify property of object successfully

2018-05-16 19:20:57 - [MESSAGE][PASSED] - Modify property of object successfully

2018-05-16 19:20:57 - [TEST_STEP][PASSED] - Statement - batchsize = com.kms.katalon.core.webui.keyword.WebUiBuiltInKeywords.getNumberOfTotalOption(batchlength): 6 options of object '' counted

2018-05-16 19:20:57 - [MESSAGE][PASSED] - 6 options of object '' counted

2018-05-16 19:20:57 - [TEST_STEP][PASSED] - Statement - out.println("BatchSize : " + batchsize): null

2018-05-16 19:20:57 - [TEST_STEP][PASSED] - Statement - For ([n = 1, n <= batchsize - 1, (n++)]): null

2018-05-16 19:20:57 - [TEST_STEP][PASSED] - Statement - product = new com.kms.katalon.core.testobject.TestObject(): null

2018-05-16 19:20:57 - [TEST_STEP][PASSED] - Statement - product = com.kms.katalon.core.webui.keyword.WebUiBuiltInKeywords.modifyObjectProperty(product, "xpath", "equals", "//*[@id = "fldvendor" + row + ""]", true): Modify property of object successfully

2018-05-16 19:20:57 - [MESSAGE][PASSED] - Modify property of object successfully

2018-05-16 19:20:57 - [TEST_STEP][PASSED] - selectOptionByIndex: All options with index in [1] are selected on object ''

2018-05-16 19:20:58 - [MESSAGE][PASSED] - All options with index in [1] are selected on object ''

2018-05-16 19:20:58 - [TEST_STEP][PASSED] - Statement - batch = new com.kms.katalon.core.testobject.TestObject(): null

2018-05-16 19:20:58 - [TEST_STEP][PASSED] - Statement - batch = com.kms.katalon.core.webui.keyword.WebUiBuiltInKeywords.modifyObjectProperty(batch, "xpath", "equals", "//*[@id = "txtbthqty" + row + ""]", true): Modify property of object successfully

2018-05-16 19:20:58 - [MESSAGE][PASSED] - Modify property of object successfully

2018-05-16 19:20:58 - [TEST_STEP][PASSED] - Statement - batchqty = com.kms.katalon.core.webui.keyword.WebUiBuiltInKeywords.getAttribute(batch, "value").trim(): Attribute 'value' of object '' is: '5000'

2018-05-16 19:20:58 - [MESSAGE][PASSED] - Attribute 'value' of object '' is: '5000'

2018-05-16 19:20:58 - [TEST_STEP][PASSED] - Statement - Rqty = 100: null

2018-05-16 19:20:58 - [TEST_STEP][PASSED] - delay: Delayed 2 second(s)

2018-05-16 19:21:00 - [MESSAGE][PASSED] - Delayed 2 second(s)

2018-05-16 19:21:00 - [TEST_STEP][PASSED] - Statement - out.println("BatchQty : " + batchqty): null

2018-05-16 19:21:00 - [TEST_STEP][PASSED] - Statement - out.println("RQty : " + Rqty): null

2018-05-16 19:21:00 - [TEST_STEP][PASSED] - Statement - If (java.lang.Integer.valueOf(batchqty) >= java.lang.Integer.valueOf(Rqty)): null

2018-05-16 19:21:00 - [TEST_STEP][PASSED] - Statement - Break: null

2018-05-16 19:21:00 - [TEST_STEP][PASSED] - Statement - batchlength = new com.kms.katalon.core.testobject.TestObject(): null

2018-05-16 19:21:00 - [TEST_STEP][PASSED] - Statement - batchlength = com.kms.katalon.core.webui.keyword.WebUiBuiltInKeywords.modifyObjectProperty(batchlength, "xpath", "equals", "//*[@id = "fldvendor" + row + ""]", true): Modify property of object successfully

2018-05-16 19:21:00 - [MESSAGE][PASSED] - Modify property of object successfully

2018-05-16 19:21:00 - [TEST_STEP][PASSED] - Statement - batchsize = com.kms.katalon.core.webui.keyword.WebUiBuiltInKeywords.getNumberOfTotalOption(batchlength): 6 options of object '' counted

2018-05-16 19:21:00 - [MESSAGE][PASSED] - 6 options of object '' counted

2018-05-16 19:21:00 - [TEST_STEP][PASSED] - Statement - out.println("BatchSize : " + batchsize): null

2018-05-16 19:21:00 - [TEST_STEP][PASSED] - Statement - For ([n = 1, n <= batchsize - 1, (n++)]): null

2018-05-16 19:21:00 - [TEST_STEP][PASSED] - Statement - product = new com.kms.katalon.core.testobject.TestObject(): null

2018-05-16 19:21:00 - [TEST_STEP][PASSED] - Statement - product = com.kms.katalon.core.webui.keyword.WebUiBuiltInKeywords.modifyObjectProperty(product, "xpath", "equals", "//*[@id = "fldvendor" + row + ""]", true): Modify property of object successfully

2018-05-16 19:21:00 - [MESSAGE][PASSED] - Modify property of object successfully

2018-05-16 19:21:00 - [TEST_STEP][PASSED] - selectOptionByIndex: All options with index in [1] are selected on object ''

2018-05-16 19:21:00 - [MESSAGE][PASSED] - All options with index in [1] are selected on object ''

2018-05-16 19:21:00 - [TEST_STEP][PASSED] - Statement - batch = new com.kms.katalon.core.testobject.TestObject(): null

2018-05-16 19:21:00 - [TEST_STEP][PASSED] - Statement - batch = com.kms.katalon.core.webui.keyword.WebUiBuiltInKeywords.modifyObjectProperty(batch, "xpath", "equals", "//*[@id = "txtbthqty" + row + ""]", true): Modify property of object successfully

2018-05-16 19:21:00 - [MESSAGE][PASSED] - Modify property of object successfully

2018-05-16 19:21:00 - [TEST_STEP][PASSED] - Statement - batchqty = com.kms.katalon.core.webui.keyword.WebUiBuiltInKeywords.getAttribute(batch, "value").trim(): Attribute 'value' of object '' is: '49900'

2018-05-16 19:21:00 - [MESSAGE][PASSED] - Attribute 'value' of object '' is: '49900'

2018-05-16 19:21:00 - [TEST_STEP][PASSED] - Statement - Rqty = 100: null

2018-05-16 19:21:00 - [TEST_STEP][PASSED] - delay: Delayed 2 second(s)

2018-05-16 19:21:02 - [MESSAGE][PASSED] - Delayed 2 second(s)

2018-05-16 19:21:02 - [TEST_STEP][PASSED] - Statement - out.println("BatchQty : " + batchqty): null

2018-05-16 19:21:02 - [TEST_STEP][PASSED] - Statement - out.println("RQty : " + Rqty): null

2018-05-16 19:21:02 - [TEST_STEP][PASSED] - Statement - If (java.lang.Integer.valueOf(batchqty) >= java.lang.Integer.valueOf(Rqty)): null

2018-05-16 19:21:02 - [TEST_STEP][PASSED] - Statement - Break: null

2018-05-16 19:21:02 - [TEST_STEP][PASSED] - Statement - batchlength = new com.kms.katalon.core.testobject.TestObject(): null

2018-05-16 19:21:02 - [TEST_STEP][PASSED] - Statement - batchlength = com.kms.katalon.core.webui.keyword.WebUiBuiltInKeywords.modifyObjectProperty(batchlength, "xpath", "equals", "//*[@id = "fldvendor" + row + ""]", true): Modify property of object successfully

2018-05-16 19:21:02 - [MESSAGE][PASSED] - Modify property of object successfully

2018-05-16 19:21:02 - [TEST_STEP][PASSED] - Statement - batchsize = com.kms.katalon.core.webui.keyword.WebUiBuiltInKeywords.getNumberOfTotalOption(batchlength): 6 options of object '' counted

2018-05-16 19:21:02 - [MESSAGE][PASSED] - 6 options of object '' counted

2018-05-16 19:21:02 - [TEST_STEP][PASSED] - Statement - out.println("BatchSize : " + batchsize): null

2018-05-16 19:21:02 - [TEST_STEP][PASSED] - Statement - For ([n = 1, n <= batchsize - 1, (n++)]): null

2018-05-16 19:21:02 - [TEST_STEP][PASSED] - Statement - product = new com.kms.katalon.core.testobject.TestObject(): null

2018-05-16 19:21:02 - [TEST_STEP][PASSED] - Statement - product = com.kms.katalon.core.webui.keyword.WebUiBuiltInKeywords.modifyObjectProperty(product, "xpath", "equals", "//*[@id = "fldvendor" + row + ""]", true): Modify property of object successfully

2018-05-16 19:21:02 - [MESSAGE][PASSED] - Modify property of object successfully

2018-05-16 19:21:02 - [TEST_STEP][PASSED] - selectOptionByIndex: All options with index in [1] are selected on object ''

2018-05-16 19:21:02 - [MESSAGE][PASSED] - All options with index in [1] are selected on object ''

2018-05-16 19:21:02 - [TEST_STEP][PASSED] - Statement - batch = new com.kms.katalon.core.testobject.TestObject(): null

2018-05-16 19:21:02 - [TEST_STEP][PASSED] - Statement - batch = com.kms.katalon.core.webui.keyword.WebUiBuiltInKeywords.modifyObjectProperty(batch, "xpath", "equals", "//*[@id = "txtbthqty" + row + ""]", true): Modify property of object successfully

2018-05-16 19:21:02 - [MESSAGE][PASSED] - Modify property of object successfully

2018-05-16 19:21:02 - [TEST_STEP][PASSED] - Statement - batchqty = com.kms.katalon.core.webui.keyword.WebUiBuiltInKeywords.getAttribute(batch, "value").trim(): Attribute 'value' of object '' is: '5000'

2018-05-16 19:21:02 - [MESSAGE][PASSED] - Attribute 'value' of object '' is: '5000'

2018-05-16 19:21:02 - [TEST_STEP][PASSED] - Statement - Rqty = 100: null

2018-05-16 19:21:02 - [TEST_STEP][PASSED] - delay: Delayed 2 second(s)

2018-05-16 19:21:04 - [MESSAGE][PASSED] - Delayed 2 second(s)

2018-05-16 19:21:04 - [TEST_STEP][PASSED] - Statement - out.println("BatchQty : " + batchqty): null

2018-05-16 19:21:04 - [TEST_STEP][PASSED] - Statement - out.println("RQty : " + Rqty): null

2018-05-16 19:21:04 - [TEST_STEP][PASSED] - Statement - If (java.lang.Integer.valueOf(batchqty) >= java.lang.Integer.valueOf(Rqty)): null

2018-05-16 19:21:04 - [TEST_STEP][PASSED] - Statement - Break: null

2018-05-16 19:21:04 - [TEST_STEP][PASSED] - Statement - batchlength = new com.kms.katalon.core.testobject.TestObject(): null

2018-05-16 19:21:04 - [TEST_STEP][PASSED] - Statement - batchlength = com.kms.katalon.core.webui.keyword.WebUiBuiltInKeywords.modifyObjectProperty(batchlength, "xpath", "equals", "//*[@id = "fldvendor" + row + ""]", true): Modify property of object successfully

2018-05-16 19:21:04 - [MESSAGE][PASSED] - Modify property of object successfully

2018-05-16 19:21:04 - [TEST_STEP][PASSED] - Statement - batchsize = com.kms.katalon.core.webui.keyword.WebUiBuiltInKeywords.getNumberOfTotalOption(batchlength): 6 options of object '' counted

2018-05-16 19:21:04 - [MESSAGE][PASSED] - 6 options of object '' counted

2018-05-16 19:21:04 - [TEST_STEP][PASSED] - Statement - out.println("BatchSize : " + batchsize): null

2018-05-16 19:21:04 - [TEST_STEP][PASSED] - Statement - For ([n = 1, n <= batchsize - 1, (n++)]): null

2018-05-16 19:21:04 - [TEST_STEP][PASSED] - Statement - product = new com.kms.katalon.core.testobject.TestObject(): null

2018-05-16 19:21:04 - [TEST_STEP][PASSED] - Statement - product = com.kms.katalon.core.webui.keyword.WebUiBuiltInKeywords.modifyObjectProperty(product, "xpath", "equals", "//*[@id = "fldvendor" + row + ""]", true): Modify property of object successfully

2018-05-16 19:21:04 - [MESSAGE][PASSED] - Modify property of object successfully

2018-05-16 19:21:04 - [TEST_STEP][PASSED] - selectOptionByIndex: All options with index in [1] are selected on object ''

2018-05-16 19:21:04 - [MESSAGE][PASSED] - All options with index in [1] are selected on object ''

2018-05-16 19:21:04 - [TEST_STEP][PASSED] - Statement - batch = new com.kms.katalon.core.testobject.TestObject(): null

2018-05-16 19:21:04 - [TEST_STEP][PASSED] - Statement - batch = com.kms.katalon.core.webui.keyword.WebUiBuiltInKeywords.modifyObjectProperty(batch, "xpath", "equals", "//*[@id = "txtbthqty" + row + ""]", true): Modify property of object successfully

2018-05-16 19:21:04 - [MESSAGE][PASSED] - Modify property of object successfully

2018-05-16 19:21:04 - [TEST_STEP][PASSED] - Statement - batchqty = com.kms.katalon.core.webui.keyword.WebUiBuiltInKeywords.getAttribute(batch, "value").trim(): Attribute 'value' of object '' is: '5000'

2018-05-16 19:21:04 - [MESSAGE][PASSED] - Attribute 'value' of object '' is: '5000'

2018-05-16 19:21:04 - [TEST_STEP][PASSED] - Statement - Rqty = 100: null

2018-05-16 19:21:04 - [TEST_STEP][PASSED] - delay: Delayed 2 second(s)

2018-05-16 19:21:06 - [MESSAGE][PASSED] - Delayed 2 second(s)

2018-05-16 19:21:06 - [TEST_STEP][PASSED] - Statement - out.println("BatchQty : " + batchqty): null

2018-05-16 19:21:06 - [TEST_STEP][PASSED] - Statement - out.println("RQty : " + Rqty): null

2018-05-16 19:21:06 - [TEST_STEP][PASSED] - Statement - If (java.lang.Integer.valueOf(batchqty) >= java.lang.Integer.valueOf(Rqty)): null

2018-05-16 19:21:06 - [TEST_STEP][PASSED] - Statement - Break: null

2018-05-16 19:21:06 - [TEST_STEP][PASSED] - Statement - batchlength = new com.kms.katalon.core.testobject.TestObject(): null

2018-05-16 19:21:06 - [TEST_STEP][PASSED] - Statement - batchlength = com.kms.katalon.core.webui.keyword.WebUiBuiltInKeywords.modifyObjectProperty(batchlength, "xpath", "equals", "//*[@id = "fldvendor" + row + ""]", true): Modify property of object successfully

2018-05-16 19:21:06 - [MESSAGE][PASSED] - Modify property of object successfully

2018-05-16 19:21:06 - [TEST_STEP][PASSED] - Statement - batchsize = com.kms.katalon.core.webui.keyword.WebUiBuiltInKeywords.getNumberOfTotalOption(batchlength): 6 options of object '' counted

2018-05-16 19:21:06 - [MESSAGE][PASSED] - 6 options of object '' counted

2018-05-16 19:21:06 - [TEST_STEP][PASSED] - Statement - out.println("BatchSize : " + batchsize): null

2018-05-16 19:21:06 - [TEST_STEP][PASSED] - Statement - For ([n = 1, n <= batchsize - 1, (n++)]): null

2018-05-16 19:21:06 - [TEST_STEP][PASSED] - Statement - product = new com.kms.katalon.core.testobject.TestObject(): null

2018-05-16 19:21:06 - [TEST_STEP][PASSED] - Statement - product = com.kms.katalon.core.webui.keyword.WebUiBuiltInKeywords.modifyObjectProperty(product, "xpath", "equals", "//*[@id = "fldvendor" + row + ""]", true): Modify property of object successfully

2018-05-16 19:21:06 - [MESSAGE][PASSED] - Modify property of object successfully

2018-05-16 19:21:06 - [TEST_STEP][PASSED] - selectOptionByIndex: All options with index in [1] are selected on object ''

2018-05-16 19:21:07 - [MESSAGE][PASSED] - All options with index in [1] are selected on object ''

2018-05-16 19:21:07 - [TEST_STEP][PASSED] - Statement - batch = new com.kms.katalon.core.testobject.TestObject(): null

2018-05-16 19:21:07 - [TEST_STEP][PASSED] - Statement - batch = com.kms.katalon.core.webui.keyword.WebUiBuiltInKeywords.modifyObjectProperty(batch, "xpath", "equals", "//*[@id = "txtbthqty" + row + ""]", true): Modify property of object successfully

2018-05-16 19:21:07 - [MESSAGE][PASSED] - Modify property of object successfully

2018-05-16 19:21:07 - [TEST_STEP][PASSED] - Statement - batchqty = com.kms.katalon.core.webui.keyword.WebUiBuiltInKeywords.getAttribute(batch, "value").trim(): Attribute 'value' of object '' is: '4000'

2018-05-16 19:21:07 - [MESSAGE][PASSED] - Attribute 'value' of object '' is: '4000'

2018-05-16 19:21:07 - [TEST_STEP][PASSED] - Statement - Rqty = 100: null

2018-05-16 19:21:07 - [TEST_STEP][PASSED] - delay: Delayed 2 second(s)

2018-05-16 19:21:09 - [MESSAGE][PASSED] - Delayed 2 second(s)

2018-05-16 19:21:09 - [TEST_STEP][PASSED] - Statement - out.println("BatchQty : " + batchqty): null

2018-05-16 19:21:09 - [TEST_STEP][PASSED] - Statement - out.println("RQty : " + Rqty): null

2018-05-16 19:21:09 - [TEST_STEP][PASSED] - Statement - If (java.lang.Integer.valueOf(batchqty) >= java.lang.Integer.valueOf(Rqty)): null

2018-05-16 19:21:09 - [TEST_STEP][PASSED] - Statement - Break: null

2018-05-16 19:21:09 - [TEST_STEP][PASSED] - Statement - batchlength = new com.kms.katalon.core.testobject.TestObject(): null

2018-05-16 19:21:09 - [TEST_STEP][PASSED] - Statement - batchlength = com.kms.katalon.core.webui.keyword.WebUiBuiltInKeywords.modifyObjectProperty(batchlength, "xpath", "equals", "//*[@id = "fldvendor" + row + ""]", true): Modify property of object successfully

2018-05-16 19:21:09 - [MESSAGE][PASSED] - Modify property of object successfully

2018-05-16 19:21:09 - [TEST_STEP][PASSED] - Statement - batchsize = com.kms.katalon.core.webui.keyword.WebUiBuiltInKeywords.getNumberOfTotalOption(batchlength): 6 options of object '' counted

2018-05-16 19:21:09 - [MESSAGE][PASSED] - 6 options of object '' counted

2018-05-16 19:21:09 - [TEST_STEP][PASSED] - Statement - out.println("BatchSize : " + batchsize): null

2018-05-16 19:21:09 - [TEST_STEP][PASSED] - Statement - For ([n = 1, n <= batchsize - 1, (n++)]): null

2018-05-16 19:21:09 - [TEST_STEP][PASSED] - Statement - product = new com.kms.katalon.core.testobject.TestObject(): null

2018-05-16 19:21:09 - [TEST_STEP][PASSED] - Statement - product = com.kms.katalon.core.webui.keyword.WebUiBuiltInKeywords.modifyObjectProperty(product, "xpath", "equals", "//*[@id = "fldvendor" + row + ""]", true): Modify property of object successfully

2018-05-16 19:21:09 - [MESSAGE][PASSED] - Modify property of object successfully

2018-05-16 19:21:09 - [TEST_STEP][PASSED] - selectOptionByIndex: All options with index in [1] are selected on object ''

2018-05-16 19:21:09 - [MESSAGE][PASSED] - All options with index in [1] are selected on object ''

2018-05-16 19:21:09 - [TEST_STEP][PASSED] - Statement - batch = new com.kms.katalon.core.testobject.TestObject(): null

2018-05-16 19:21:09 - [TEST_STEP][PASSED] - Statement - batch = com.kms.katalon.core.webui.keyword.WebUiBuiltInKeywords.modifyObjectProperty(batch, "xpath", "equals", "//*[@id = "txtbthqty" + row + ""]", true): Modify property of object successfully

2018-05-16 19:21:09 - [MESSAGE][PASSED] - Modify property of object successfully

2018-05-16 19:21:09 - [TEST_STEP][PASSED] - Statement - batchqty = com.kms.katalon.core.webui.keyword.WebUiBuiltInKeywords.getAttribute(batch, "value").trim(): Attribute 'value' of object '' is: '5000'

2018-05-16 19:21:09 - [MESSAGE][PASSED] - Attribute 'value' of object '' is: '5000'

2018-05-16 19:21:09 - [TEST_STEP][PASSED] - Statement - Rqty = 100: null

2018-05-16 19:21:09 - [TEST_STEP][PASSED] - delay: Delayed 2 second(s)

2018-05-16 19:21:11 - [MESSAGE][PASSED] - Delayed 2 second(s)

2018-05-16 19:21:11 - [TEST_STEP][PASSED] - Statement - out.println("BatchQty : " + batchqty): null

2018-05-16 19:21:11 - [TEST_STEP][PASSED] - Statement - out.println("RQty : " + Rqty): null

2018-05-16 19:21:11 - [TEST_STEP][PASSED] - Statement - If (java.lang.Integer.valueOf(batchqty) >= java.lang.Integer.valueOf(Rqty)): null

2018-05-16 19:21:11 - [TEST_STEP][PASSED] - Statement - Break: null

2018-05-16 19:21:11 - [TEST_STEP][PASSED] - Statement - batchlength = new com.kms.katalon.core.testobject.TestObject(): null

2018-05-16 19:21:11 - [TEST_STEP][PASSED] - Statement - batchlength = com.kms.katalon.core.webui.keyword.WebUiBuiltInKeywords.modifyObjectProperty(batchlength, "xpath", "equals", "//*[@id = "fldvendor" + row + ""]", true): Modify property of object successfully

2018-05-16 19:21:11 - [MESSAGE][PASSED] - Modify property of object successfully

2018-05-16 19:21:11 - [TEST_STEP][PASSED] - Statement - batchsize = com.kms.katalon.core.webui.keyword.WebUiBuiltInKeywords.getNumberOfTotalOption(batchlength): 6 options of object '' counted

2018-05-16 19:21:11 - [MESSAGE][PASSED] - 6 options of object '' counted

2018-05-16 19:21:11 - [TEST_STEP][PASSED] - Statement - out.println("BatchSize : " + batchsize): null

2018-05-16 19:21:11 - [TEST_STEP][PASSED] - Statement - For ([n = 1, n <= batchsize - 1, (n++)]): null

2018-05-16 19:21:11 - [TEST_STEP][PASSED] - Statement - product = new com.kms.katalon.core.testobject.TestObject(): null

2018-05-16 19:21:11 - [TEST_STEP][PASSED] - Statement - product = com.kms.katalon.core.webui.keyword.WebUiBuiltInKeywords.modifyObjectProperty(product, "xpath", "equals", "//*[@id = "fldvendor" + row + ""]", true): Modify property of object successfully

2018-05-16 19:21:11 - [MESSAGE][PASSED] - Modify property of object successfully

2018-05-16 19:21:11 - [TEST_STEP][PASSED] - selectOptionByIndex: All options with index in [1] are selected on object ''

2018-05-16 19:21:11 - [MESSAGE][PASSED] - All options with index in [1] are selected on object ''

2018-05-16 19:21:11 - [TEST_STEP][PASSED] - Statement - batch = new com.kms.katalon.core.testobject.TestObject(): null

2018-05-16 19:21:11 - [TEST_STEP][PASSED] - Statement - batch = com.kms.katalon.core.webui.keyword.WebUiBuiltInKeywords.modifyObjectProperty(batch, "xpath", "equals", "//*[@id = "txtbthqty" + row + ""]", true): Modify property of object successfully

2018-05-16 19:21:11 - [MESSAGE][PASSED] - Modify property of object successfully

2018-05-16 19:21:11 - [TEST_STEP][PASSED] - Statement - batchqty = com.kms.katalon.core.webui.keyword.WebUiBuiltInKeywords.getAttribute(batch, "value").trim(): Attribute 'value' of object '' is: '5000'

2018-05-16 19:21:11 - [MESSAGE][PASSED] - Attribute 'value' of object '' is: '5000'

2018-05-16 19:21:11 - [TEST_STEP][PASSED] - Statement - Rqty = 100: null

2018-05-16 19:21:11 - [TEST_STEP][PASSED] - delay: Delayed 2 second(s)

2018-05-16 19:21:13 - [MESSAGE][PASSED] - Delayed 2 second(s)

2018-05-16 19:21:13 - [TEST_STEP][PASSED] - Statement - out.println("BatchQty : " + batchqty): null

2018-05-16 19:21:13 - [TEST_STEP][PASSED] - Statement - out.println("RQty : " + Rqty): null

2018-05-16 19:21:13 - [TEST_STEP][PASSED] - Statement - If (java.lang.Integer.valueOf(batchqty) >= java.lang.Integer.valueOf(Rqty)): null

2018-05-16 19:21:13 - [TEST_STEP][PASSED] - Statement - Break: null

2018-05-16 19:21:13 - [TEST_STEP][PASSED] - Statement - batchlength = new com.kms.katalon.core.testobject.TestObject(): null

2018-05-16 19:21:13 - [TEST_STEP][PASSED] - Statement - batchlength = com.kms.katalon.core.webui.keyword.WebUiBuiltInKeywords.modifyObjectProperty(batchlength, "xpath", "equals", "//*[@id = "fldvendor" + row + ""]", true): Modify property of object successfully

2018-05-16 19:21:13 - [MESSAGE][PASSED] - Modify property of object successfully

2018-05-16 19:21:13 - [TEST_STEP][PASSED] - Statement - batchsize = com.kms.katalon.core.webui.keyword.WebUiBuiltInKeywords.getNumberOfTotalOption(batchlength): 6 options of object '' counted

2018-05-16 19:21:13 - [MESSAGE][PASSED] - 6 options of object '' counted

2018-05-16 19:21:13 - [TEST_STEP][PASSED] - Statement - out.println("BatchSize : " + batchsize): null

2018-05-16 19:21:13 - [TEST_STEP][PASSED] - Statement - For ([n = 1, n <= batchsize - 1, (n++)]): null

2018-05-16 19:21:13 - [TEST_STEP][PASSED] - Statement - product = new com.kms.katalon.core.testobject.TestObject(): null

2018-05-16 19:21:13 - [TEST_STEP][PASSED] - Statement - product = com.kms.katalon.core.webui.keyword.WebUiBuiltInKeywords.modifyObjectProperty(product, "xpath", "equals", "//*[@id = "fldvendor" + row + ""]", true): Modify property of object successfully

2018-05-16 19:21:13 - [MESSAGE][PASSED] - Modify property of object successfully

2018-05-16 19:21:13 - [TEST_STEP][PASSED] - selectOptionByIndex: All options with index in [1] are selected on object ''

2018-05-16 19:21:13 - [MESSAGE][PASSED] - All options with index in [1] are selected on object ''

2018-05-16 19:21:13 - [TEST_STEP][PASSED] - Statement - batch = new com.kms.katalon.core.testobject.TestObject(): null

2018-05-16 19:21:13 - [TEST_STEP][PASSED] - Statement - batch = com.kms.katalon.core.webui.keyword.WebUiBuiltInKeywords.modifyObjectProperty(batch, "xpath", "equals", "//*[@id = "txtbthqty" + row + ""]", true): Modify property of object successfully

2018-05-16 19:21:13 - [MESSAGE][PASSED] - Modify property of object successfully

2018-05-16 19:21:13 - [TEST_STEP][PASSED] - Statement - batchqty = com.kms.katalon.core.webui.keyword.WebUiBuiltInKeywords.getAttribute(batch, "value").trim(): Attribute 'value' of object '' is: '500'

2018-05-16 19:21:13 - [MESSAGE][PASSED] - Attribute 'value' of object '' is: '500'

2018-05-16 19:21:13 - [TEST_STEP][PASSED] - Statement - Rqty = 100: null

2018-05-16 19:21:13 - [TEST_STEP][PASSED] - delay: Delayed 2 second(s)

2018-05-16 19:21:15 - [MESSAGE][PASSED] - Delayed 2 second(s)

2018-05-16 19:21:15 - [TEST_STEP][PASSED] - Statement - out.println("BatchQty : " + batchqty): null

2018-05-16 19:21:15 - [TEST_STEP][PASSED] - Statement - out.println("RQty : " + Rqty): null

2018-05-16 19:21:15 - [TEST_STEP][PASSED] - Statement - If (java.lang.Integer.valueOf(batchqty) >= java.lang.Integer.valueOf(Rqty)): null

2018-05-16 19:21:15 - [TEST_STEP][PASSED] - Statement - Break: null

2018-05-16 19:21:15 - [TEST_STEP][PASSED] - Statement - batchlength = new com.kms.katalon.core.testobject.TestObject(): null

2018-05-16 19:21:15 - [TEST_STEP][PASSED] - Statement - batchlength = com.kms.katalon.core.webui.keyword.WebUiBuiltInKeywords.modifyObjectProperty(batchlength, "xpath", "equals", "//*[@id = "fldvendor" + row + ""]", true): Modify property of object successfully

2018-05-16 19:21:15 - [MESSAGE][PASSED] - Modify property of object successfully

2018-05-16 19:21:15 - [TEST_STEP][PASSED] - Statement - batchsize = com.kms.katalon.core.webui.keyword.WebUiBuiltInKeywords.getNumberOfTotalOption(batchlength): 6 options of object '' counted

2018-05-16 19:21:15 - [MESSAGE][PASSED] - 6 options of object '' counted

2018-05-16 19:21:15 - [TEST_STEP][PASSED] - Statement - out.println("BatchSize : " + batchsize): null

2018-05-16 19:21:15 - [TEST_STEP][PASSED] - Statement - For ([n = 1, n <= batchsize - 1, (n++)]): null

2018-05-16 19:21:15 - [TEST_STEP][PASSED] - Statement - product = new com.kms.katalon.core.testobject.TestObject(): null

2018-05-16 19:21:15 - [TEST_STEP][PASSED] - Statement - product = com.kms.katalon.core.webui.keyword.WebUiBuiltInKeywords.modifyObjectProperty(product, "xpath", "equals", "//*[@id = "fldvendor" + row + ""]", true): Modify property of object successfully

2018-05-16 19:21:15 - [MESSAGE][PASSED] - Modify property of object successfully

2018-05-16 19:21:15 - [TEST_STEP][PASSED] - selectOptionByIndex: All options with index in [1] are selected on object ''

2018-05-16 19:21:16 - [MESSAGE][PASSED] - All options with index in [1] are selected on object ''

2018-05-16 19:21:16 - [TEST_STEP][PASSED] - Statement - batch = new com.kms.katalon.core.testobject.TestObject(): null

2018-05-16 19:21:16 - [TEST_STEP][PASSED] - Statement - batch = com.kms.katalon.core.webui.keyword.WebUiBuiltInKeywords.modifyObjectProperty(batch, "xpath", "equals", "//*[@id = "txtbthqty" + row + ""]", true): Modify property of object successfully

2018-05-16 19:21:16 - [MESSAGE][PASSED] - Modify property of object successfully

2018-05-16 19:21:16 - [TEST_STEP][PASSED] - Statement - batchqty = com.kms.katalon.core.webui.keyword.WebUiBuiltInKeywords.getAttribute(batch, "value").trim(): Attribute 'value' of object '' is: '4000'

2018-05-16 19:21:16 - [MESSAGE][PASSED] - Attribute 'value' of object '' is: '4000'

2018-05-16 19:21:16 - [TEST_STEP][PASSED] - Statement - Rqty = 100: null

2018-05-16 19:21:16 - [TEST_STEP][PASSED] - delay: Delayed 2 second(s)

2018-05-16 19:21:18 - [MESSAGE][PASSED] - Delayed 2 second(s)

2018-05-16 19:21:18 - [TEST_STEP][PASSED] - Statement - out.println("BatchQty : " + batchqty): null

2018-05-16 19:21:18 - [TEST_STEP][PASSED] - Statement - out.println("RQty : " + Rqty): null

2018-05-16 19:21:18 - [TEST_STEP][PASSED] - Statement - If (java.lang.Integer.valueOf(batchqty) >= java.lang.Integer.valueOf(Rqty)): null

2018-05-16 19:21:18 - [TEST_STEP][PASSED] - Statement - Break: null

2018-05-16 19:21:18 - [TEST_STEP][PASSED] - Statement - batchlength = new com.kms.katalon.core.testobject.TestObject(): null

2018-05-16 19:21:18 - [TEST_STEP][PASSED] - Statement - batchlength = com.kms.katalon.core.webui.keyword.WebUiBuiltInKeywords.modifyObjectProperty(batchlength, "xpath", "equals", "//*[@id = "fldvendor" + row + ""]", true): Modify property of object successfully

2018-05-16 19:21:18 - [MESSAGE][PASSED] - Modify property of object successfully

2018-05-16 19:21:18 - [TEST_STEP][PASSED] - Statement - batchsize = com.kms.katalon.core.webui.keyword.WebUiBuiltInKeywords.getNumberOfTotalOption(batchlength): 6 options of object '' counted

2018-05-16 19:21:18 - [MESSAGE][PASSED] - 6 options of object '' counted

2018-05-16 19:21:18 - [TEST_STEP][PASSED] - Statement - out.println("BatchSize : " + batchsize): null

2018-05-16 19:21:18 - [TEST_STEP][PASSED] - Statement - For ([n = 1, n <= batchsize - 1, (n++)]): null

2018-05-16 19:21:18 - [TEST_STEP][PASSED] - Statement - product = new com.kms.katalon.core.testobject.TestObject(): null

2018-05-16 19:21:18 - [TEST_STEP][PASSED] - Statement - product = com.kms.katalon.core.webui.keyword.WebUiBuiltInKeywords.modifyObjectProperty(product, "xpath", "equals", "//*[@id = "fldvendor" + row + ""]", true): Modify property of object successfully

2018-05-16 19:21:18 - [MESSAGE][PASSED] - Modify property of object successfully

2018-05-16 19:21:18 - [TEST_STEP][PASSED] - selectOptionByIndex: All options with index in [1] are selected on object ''

2018-05-16 19:21:18 - [MESSAGE][PASSED] - All options with index in [1] are selected on object ''

2018-05-16 19:21:18 - [TEST_STEP][PASSED] - Statement - batch = new com.kms.katalon.core.testobject.TestObject(): null

2018-05-16 19:21:18 - [TEST_STEP][PASSED] - Statement - batch = com.kms.katalon.core.webui.keyword.WebUiBuiltInKeywords.modifyObjectProperty(batch, "xpath", "equals", "//*[@id = "txtbthqty" + row + ""]", true): Modify property of object successfully

2018-05-16 19:21:18 - [MESSAGE][PASSED] - Modify property of object successfully

2018-05-16 19:21:18 - [TEST_STEP][PASSED] - Statement - batchqty = com.kms.katalon.core.webui.keyword.WebUiBuiltInKeywords.getAttribute(batch, "value").trim(): Attribute 'value' of object '' is: '5000'

2018-05-16 19:21:18 - [MESSAGE][PASSED] - Attribute 'value' of object '' is: '5000'

2018-05-16 19:21:18 - [TEST_STEP][PASSED] - Statement - Rqty = 100: null

2018-05-16 19:21:18 - [TEST_STEP][PASSED] - delay: Delayed 2 second(s)

2018-05-16 19:21:20 - [MESSAGE][PASSED] - Delayed 2 second(s)

2018-05-16 19:21:20 - [TEST_STEP][PASSED] - Statement - out.println("BatchQty : " + batchqty): null

2018-05-16 19:21:20 - [TEST_STEP][PASSED] - Statement - out.println("RQty : " + Rqty): null

2018-05-16 19:21:20 - [TEST_STEP][PASSED] - Statement - If (java.lang.Integer.valueOf(batchqty) >= java.lang.Integer.valueOf(Rqty)): null

2018-05-16 19:21:20 - [TEST_STEP][PASSED] - Statement - Break: null

2018-05-16 19:21:20 - [TEST_STEP][PASSED] - click: Object: 'Object Repository/store Request Schedule 1/Page_KDMC - CMS/input_btndispatch' is clicked on

2018-05-16 19:21:20 - [MESSAGE][PASSED] - Object: 'Object Repository/store Request Schedule 1/Page_KDMC - CMS/input_btndispatch' is clicked on

2018-05-16 19:21:20 - [TEST_STEP][PASSED] - delay: Delayed 3 second(s)

2018-05-16 19:21:23 - [MESSAGE][PASSED] - Delayed 3 second(s)

2018-05-16 19:21:23 - [TEST_STEP][PASSED] - click: Object: 'Object Repository/store Request Schedule 1/Page_KDMC - CMS/button_OK' is clicked on

2018-05-16 19:21:24 - [MESSAGE][PASSED] - Object: 'Object Repository/store Request Schedule 1/Page_KDMC - CMS/button_OK' is clicked on

2018-05-16 19:21:24 - [TEST_STEP][PASSED] - delay: Delayed 3 second(s)

2018-05-16 19:21:27 - [MESSAGE][PASSED] - Delayed 3 second(s)

2018-05-16 19:21:27 - [TEST_STEP][PASSED] - click: Object: 'Object Repository/store Request Schedule 1/Page_KDMC - CMS/a_dropdown-toggle' is clicked on

2018-05-16 19:21:27 - [MESSAGE][PASSED] - Object: 'Object Repository/store Request Schedule 1/Page_KDMC - CMS/a_dropdown-toggle' is clicked on

2018-05-16 19:21:27 - [TEST_STEP][PASSED] - click: Object: 'Object Repository/store Request Schedule 1/Page_KDMC - CMS/a_Sign out' is clicked on

2018-05-16 19:21:27 - [MESSAGE][PASSED] - Object: 'Object Repository/store Request Schedule 1/Page_KDMC - CMS/a_Sign out' is clicked on

2018-05-16 19:21:27 - [TEST_STEP][PASSED] - delay: Delayed 3 second(s)

2018-05-16 19:21:30 - [MESSAGE][PASSED] - Delayed 3 second(s)

2018-05-16 19:21:30 - [TEST_STEP][PASSED] - click: Object: 'Object Repository/Store Request Schedule 1/Page_KDMC/a_Divisional Store' is clicked on

2018-05-16 19:21:31 - [MESSAGE][PASSED] - Object: 'Object Repository/Store Request Schedule 1/Page_KDMC/a_Divisional Store' is clicked on

2018-05-16 19:21:31 - [TEST_STEP][PASSED] - setText: Text 'ragu' is set on object 'Object Repository/Store Request Schedule 1/Page_Divisonal Store Login/input_txtusername'

2018-05-16 19:21:31 - [MESSAGE][PASSED] - Text 'ragu' is set on object 'Object Repository/Store Request Schedule 1/Page_Divisonal Store Login/input_txtusername'

2018-05-16 19:21:31 - [TEST_STEP][PASSED] - setText: Text '123' is set on object 'Object Repository/Store Request Schedule 1/Page_Divisonal Store Login/input_txtpassword'

2018-05-16 19:21:31 - [MESSAGE][PASSED] - Text '123' is set on object 'Object Repository/Store Request Schedule 1/Page_Divisonal Store Login/input_txtpassword'

2018-05-16 19:21:31 - [TEST_STEP][PASSED] - delay: Delayed 3 second(s)

2018-05-16 19:21:34 - [MESSAGE][PASSED] - Delayed 3 second(s)

2018-05-16 19:21:34 - [TEST_STEP][PASSED] - click: Object: 'Object Repository/Store Request Schedule 1/Page_Divisonal Store Login/button_Sign in' is clicked on

2018-05-16 19:21:35 - [MESSAGE][PASSED] - Object: 'Object Repository/Store Request Schedule 1/Page_Divisonal Store Login/button_Sign in' is clicked on

2018-05-16 19:21:35 - [TEST_STEP][PASSED] - delay: Delayed 3 second(s)

2018-05-16 19:21:38 - [MESSAGE][PASSED] - Delayed 3 second(s)

2018-05-16 19:21:38 - [TEST_STEP][PASSED] - click: Object: 'Object Repository/Store Request Schedule 1/Page_Store/a_CMS' is clicked on

2018-05-16 19:21:38 - [MESSAGE][PASSED] - Object: 'Object Repository/Store Request Schedule 1/Page_Store/a_CMS' is clicked on

2018-05-16 19:21:38 - [TEST_STEP][PASSED] - delay: Delayed 2 second(s)

2018-05-16 19:21:40 - [MESSAGE][PASSED] - Delayed 2 second(s)

2018-05-16 19:21:40 - [TEST_STEP][PASSED] - click: Object: 'Object Repository/Store Request Schedule 1/Page_Store/a_Receiving Goods' is clicked on

2018-05-16 19:21:41 - [MESSAGE][PASSED] - Object: 'Object Repository/Store Request Schedule 1/Page_Store/a_Receiving Goods' is clicked on

2018-05-16 19:21:41 - [TEST_STEP][PASSED] - setText: Text 'PRNO/16052018/171' is set on object 'Object Repository/Store Request Schedule 1/Page_Store/input'

2018-05-16 19:21:41 - [MESSAGE][PASSED] - Text 'PRNO/16052018/171' is set on object 'Object Repository/Store Request Schedule 1/Page_Store/input'

2018-05-16 19:21:41 - [TEST_STEP][PASSED] - click: Object: 'Object Repository/Store Request Schedule 1/Page_Store/input_btn btn-primary' is clicked on

2018-05-16 19:21:41 - [MESSAGE][PASSED] - Object: 'Object Repository/Store Request Schedule 1/Page_Store/input_btn btn-primary' is clicked on

2018-05-16 19:21:41 - [TEST_STEP][PASSED] - delay: Delayed 2 second(s)

2018-05-16 19:21:43 - [MESSAGE][PASSED] - Delayed 2 second(s)

2018-05-16 19:21:43 - [TEST_STEP][PASSED] - click: Object: 'Object Repository/Store Request Schedule 1/Page_Store/input_chkrem' is clicked on

2018-05-16 19:21:43 - [MESSAGE][PASSED] - Object: 'Object Repository/Store Request Schedule 1/Page_Store/input_chkrem' is clicked on

2018-05-16 19:21:43 - [TEST_STEP][PASSED] - scrollToElement: Scroll to object 'Object Repository/Store Request Schedule 1/Page_Store/input_btchkroqadd' successfully

2018-05-16 19:21:43 - [MESSAGE][PASSED] - Scroll to object 'Object Repository/Store Request Schedule 1/Page_Store/input_btchkroqadd' successfully

2018-05-16 19:21:43 - [TEST_STEP][PASSED] - click: Object: 'Object Repository/Store Request Schedule 1/Page_Store/input_btchkroqadd' is clicked on

2018-05-16 19:21:43 - [MESSAGE][PASSED] - Object: 'Object Repository/Store Request Schedule 1/Page_Store/input_btchkroqadd' is clicked on

2018-05-16 19:21:43 - [TEST_STEP][PASSED] - delay: Delayed 2 second(s)

2018-05-16 19:21:45 - [MESSAGE][PASSED] - Delayed 2 second(s)

2018-05-16 19:21:45 - [TEST_STEP][PASSED] - refresh: Refresh successfully

2018-05-16 19:21:46 - [MESSAGE][PASSED] - Refresh successfully

2018-05-16 19:21:46 - [TEST_STEP][PASSED] - delay: Delayed 3 second(s)

2018-05-16 19:21:49 - [MESSAGE][PASSED] - Delayed 3 second(s)

2018-05-16 19:21:49 - [TEST_STEP][PASSED] - click: Object: 'Object Repository/Store Request Schedule 1/Page_Store/a_dropdown-toggle' is clicked on

2018-05-16 19:21:49 - [MESSAGE][PASSED] - Object: 'Object Repository/Store Request Schedule 1/Page_Store/a_dropdown-toggle' is clicked on

2018-05-16 19:21:49 - [TEST_STEP][PASSED] - click: Object: 'Object Repository/Store Request Schedule 1/Page_Store/a_Sign out' is clicked on

2018-05-16 19:21:49 - [MESSAGE][PASSED] - Object: 'Object Repository/Store Request Schedule 1/Page_Store/a_Sign out' is clicked on

2018-05-16 19:21:49 - [TEST_STEP][PASSED] - closeBrowser: Browser is closed

2018-05-16 19:21:50 - [MESSAGE][PASSED] - Browser is closed

2018-05-16 19:21:50 - [TEST_STEP][PASSED] - Statement - out.println("Schedule 10 STORE Request Are Working Successfully"): null]]></system-out>
         <system-err><![CDATA[]]></system-err>
      </testcase>
      <testcase name="Test Cases/STORE TO CMS REQUEST TEST CASES/TC_STCMS_011 To Verify Schedule 11 Store To CMS Request Are Working Successfully Or Not" classname="Test Cases/STORE TO CMS REQUEST TEST CASES/TC_STCMS_011 To Verify Schedule 11 Store To CMS Request Are Working Successfully Or Not" status="PASSED">
         <system-out><![CDATA[2018-05-16 19:21:50 - [TEST_CASE][PASSED] - Test Cases/STORE TO CMS REQUEST TEST CASES/TC_STCMS_011 To Verify Schedule 11 Store To CMS Request Are Working Successfully Or Not: Test Cases/STORE TO CMS REQUEST TEST CASES/TC_STCMS_011 To Verify Schedule 11 Store To CMS Request Are Working Successfully Or Not

2018-05-16 19:21:50 - [TEST_STEP][PASSED] - openBrowser: Browser is opened with url: ''

2018-05-16 19:21:52 - [MESSAGE][PASSED] - Browser is opened with url: ''

2018-05-16 19:21:52 - [TEST_STEP][PASSED] - Statement - out.println("Verify Schedule 11 STORE Request Are Working Successfully Or Not"): null

2018-05-16 19:21:52 - [TEST_STEP][PASSED] - navigateToUrl: Navigate to 'http://192.168.137.1/multihospital_new/' successfully

2018-05-16 19:21:54 - [MESSAGE][PASSED] - Navigate to 'http://192.168.137.1/multihospital_new/' successfully

2018-05-16 19:21:54 - [TEST_STEP][PASSED] - maximizeWindow: Current window maximized

2018-05-16 19:21:55 - [MESSAGE][PASSED] - Current window maximized

2018-05-16 19:21:55 - [TEST_STEP][PASSED] - click: Object: 'Object Repository/Store Request Schedule 1/Page_KDMC/a_Divisional Store' is clicked on

2018-05-16 19:21:56 - [MESSAGE][PASSED] - Object: 'Object Repository/Store Request Schedule 1/Page_KDMC/a_Divisional Store' is clicked on

2018-05-16 19:21:56 - [TEST_STEP][PASSED] - setText: Text 'ragu' is set on object 'Object Repository/Store Request Schedule 1/Page_Divisonal Store Login/input_txtusername'

2018-05-16 19:21:56 - [MESSAGE][PASSED] - Text 'ragu' is set on object 'Object Repository/Store Request Schedule 1/Page_Divisonal Store Login/input_txtusername'

2018-05-16 19:21:56 - [TEST_STEP][PASSED] - setText: Text '123' is set on object 'Object Repository/Store Request Schedule 1/Page_Divisonal Store Login/input_txtpassword'

2018-05-16 19:21:56 - [MESSAGE][PASSED] - Text '123' is set on object 'Object Repository/Store Request Schedule 1/Page_Divisonal Store Login/input_txtpassword'

2018-05-16 19:21:56 - [TEST_STEP][PASSED] - delay: Delayed 3 second(s)

2018-05-16 19:21:59 - [MESSAGE][PASSED] - Delayed 3 second(s)

2018-05-16 19:21:59 - [TEST_STEP][PASSED] - click: Object: 'Object Repository/Store Request Schedule 1/Page_Divisonal Store Login/button_Sign in' is clicked on

2018-05-16 19:22:00 - [MESSAGE][PASSED] - Object: 'Object Repository/Store Request Schedule 1/Page_Divisonal Store Login/button_Sign in' is clicked on

2018-05-16 19:22:00 - [TEST_STEP][PASSED] - delay: Delayed 3 second(s)

2018-05-16 19:22:03 - [MESSAGE][PASSED] - Delayed 3 second(s)

2018-05-16 19:22:03 - [TEST_STEP][PASSED] - click: Object: 'Object Repository/Store Request Schedule 1/Page_Store/a_CMS' is clicked on

2018-05-16 19:22:03 - [MESSAGE][PASSED] - Object: 'Object Repository/Store Request Schedule 1/Page_Store/a_CMS' is clicked on

2018-05-16 19:22:03 - [TEST_STEP][PASSED] - delay: Delayed 2 second(s)

2018-05-16 19:22:05 - [MESSAGE][PASSED] - Delayed 2 second(s)

2018-05-16 19:22:05 - [TEST_STEP][PASSED] - click: Object: 'Object Repository/Store Request Schedule 1/Page_Store/a_Request Send' is clicked on

2018-05-16 19:22:06 - [MESSAGE][PASSED] - Object: 'Object Repository/Store Request Schedule 1/Page_Store/a_Request Send' is clicked on

2018-05-16 19:22:06 - [TEST_STEP][PASSED] - selectOptionByIndex: All options with index in [1] are selected on object 'Object Repository/Store Request Schedule 1/Page_Store/select_--Select--'

2018-05-16 19:22:06 - [MESSAGE][PASSED] - All options with index in [1] are selected on object 'Object Repository/Store Request Schedule 1/Page_Store/select_--Select--'

2018-05-16 19:22:06 - [TEST_STEP][PASSED] - selectOptionByIndex: All options with index in [11] are selected on object 'Object Repository/Store Request Schedule 1/Page_Store/select_--Select--Schedule 1Inj'

2018-05-16 19:22:06 - [MESSAGE][PASSED] - All options with index in [11] are selected on object 'Object Repository/Store Request Schedule 1/Page_Store/select_--Select--Schedule 1Inj'

2018-05-16 19:22:06 - [TEST_STEP][PASSED] - Statement - SelectedOptions = com.kms.katalon.core.webui.keyword.WebUiBuiltInKeywords.getNumberOfTotalOption(com.kms.katalon.core.testobject.ObjectRepository.findTestObject(Store Request Schedule 1/Page_Store/select_--Select--Adernaline 0.)): 81 options of object 'Object Repository/Store Request Schedule 1/Page_Store/select_--Select--Adernaline 0.' counted

2018-05-16 19:22:07 - [MESSAGE][PASSED] - 81 options of object 'Object Repository/Store Request Schedule 1/Page_Store/select_--Select--Adernaline 0.' counted

2018-05-16 19:22:07 - [TEST_STEP][PASSED] - Statement - For ([y = 1, y < SelectedOptions, (y++)]): Object: 'Object Repository/Store Request Schedule 1/Page_Store/button_Add' is clicked on

2018-05-16 19:22:07 - [TEST_STEP][PASSED] - selectOptionByIndex: All options with index in [11] are selected on object 'Object Repository/Store Request Schedule 1/Page_Store/select_--Select--Schedule 1Inj'

2018-05-16 19:22:07 - [MESSAGE][PASSED] - All options with index in [11] are selected on object 'Object Repository/Store Request Schedule 1/Page_Store/select_--Select--Schedule 1Inj'

2018-05-16 19:22:07 - [TEST_STEP][PASSED] - delay: Delayed 1 second(s)

2018-05-16 19:22:08 - [MESSAGE][PASSED] - Delayed 1 second(s)

2018-05-16 19:22:08 - [TEST_STEP][PASSED] - selectOptionByIndex: All options with index in [1] are selected on object 'Object Repository/Store Request Schedule 1/Page_Store/select_--Select--Adernaline 0.'

2018-05-16 19:22:08 - [MESSAGE][PASSED] - All options with index in [1] are selected on object 'Object Repository/Store Request Schedule 1/Page_Store/select_--Select--Adernaline 0.'

2018-05-16 19:22:08 - [TEST_STEP][PASSED] - setText: Text '100' is set on object 'Object Repository/Store Request Schedule 1/Page_Store/input_txttreat'

2018-05-16 19:22:08 - [MESSAGE][PASSED] - Text '100' is set on object 'Object Repository/Store Request Schedule 1/Page_Store/input_txttreat'

2018-05-16 19:22:08 - [TEST_STEP][PASSED] - click: Object: 'Object Repository/Store Request Schedule 1/Page_Store/button_Add' is clicked on

2018-05-16 19:22:08 - [MESSAGE][PASSED] - Object: 'Object Repository/Store Request Schedule 1/Page_Store/button_Add' is clicked on

2018-05-16 19:22:08 - [TEST_STEP][PASSED] - selectOptionByIndex: All options with index in [11] are selected on object 'Object Repository/Store Request Schedule 1/Page_Store/select_--Select--Schedule 1Inj'

2018-05-16 19:22:08 - [MESSAGE][PASSED] - All options with index in [11] are selected on object 'Object Repository/Store Request Schedule 1/Page_Store/select_--Select--Schedule 1Inj'

2018-05-16 19:22:08 - [TEST_STEP][PASSED] - delay: Delayed 1 second(s)

2018-05-16 19:22:09 - [MESSAGE][PASSED] - Delayed 1 second(s)

2018-05-16 19:22:09 - [TEST_STEP][PASSED] - selectOptionByIndex: All options with index in [2] are selected on object 'Object Repository/Store Request Schedule 1/Page_Store/select_--Select--Adernaline 0.'

2018-05-16 19:22:09 - [MESSAGE][PASSED] - All options with index in [2] are selected on object 'Object Repository/Store Request Schedule 1/Page_Store/select_--Select--Adernaline 0.'

2018-05-16 19:22:09 - [TEST_STEP][PASSED] - setText: Text '100' is set on object 'Object Repository/Store Request Schedule 1/Page_Store/input_txttreat'

2018-05-16 19:22:10 - [MESSAGE][PASSED] - Text '100' is set on object 'Object Repository/Store Request Schedule 1/Page_Store/input_txttreat'

2018-05-16 19:22:10 - [TEST_STEP][PASSED] - click: Object: 'Object Repository/Store Request Schedule 1/Page_Store/button_Add' is clicked on

2018-05-16 19:22:10 - [MESSAGE][PASSED] - Object: 'Object Repository/Store Request Schedule 1/Page_Store/button_Add' is clicked on

2018-05-16 19:22:10 - [TEST_STEP][PASSED] - selectOptionByIndex: All options with index in [11] are selected on object 'Object Repository/Store Request Schedule 1/Page_Store/select_--Select--Schedule 1Inj'

2018-05-16 19:22:10 - [MESSAGE][PASSED] - All options with index in [11] are selected on object 'Object Repository/Store Request Schedule 1/Page_Store/select_--Select--Schedule 1Inj'

2018-05-16 19:22:10 - [TEST_STEP][PASSED] - delay: Delayed 1 second(s)

2018-05-16 19:22:11 - [MESSAGE][PASSED] - Delayed 1 second(s)

2018-05-16 19:22:11 - [TEST_STEP][PASSED] - selectOptionByIndex: All options with index in [3] are selected on object 'Object Repository/Store Request Schedule 1/Page_Store/select_--Select--Adernaline 0.'

2018-05-16 19:22:11 - [MESSAGE][PASSED] - All options with index in [3] are selected on object 'Object Repository/Store Request Schedule 1/Page_Store/select_--Select--Adernaline 0.'

2018-05-16 19:22:11 - [TEST_STEP][PASSED] - setText: Text '100' is set on object 'Object Repository/Store Request Schedule 1/Page_Store/input_txttreat'

2018-05-16 19:22:11 - [MESSAGE][PASSED] - Text '100' is set on object 'Object Repository/Store Request Schedule 1/Page_Store/input_txttreat'

2018-05-16 19:22:11 - [TEST_STEP][PASSED] - click: Object: 'Object Repository/Store Request Schedule 1/Page_Store/button_Add' is clicked on

2018-05-16 19:22:11 - [MESSAGE][PASSED] - Object: 'Object Repository/Store Request Schedule 1/Page_Store/button_Add' is clicked on

2018-05-16 19:22:11 - [TEST_STEP][PASSED] - selectOptionByIndex: All options with index in [11] are selected on object 'Object Repository/Store Request Schedule 1/Page_Store/select_--Select--Schedule 1Inj'

2018-05-16 19:22:11 - [MESSAGE][PASSED] - All options with index in [11] are selected on object 'Object Repository/Store Request Schedule 1/Page_Store/select_--Select--Schedule 1Inj'

2018-05-16 19:22:11 - [TEST_STEP][PASSED] - delay: Delayed 1 second(s)

2018-05-16 19:22:12 - [MESSAGE][PASSED] - Delayed 1 second(s)

2018-05-16 19:22:12 - [TEST_STEP][PASSED] - selectOptionByIndex: All options with index in [4] are selected on object 'Object Repository/Store Request Schedule 1/Page_Store/select_--Select--Adernaline 0.'

2018-05-16 19:22:12 - [MESSAGE][PASSED] - All options with index in [4] are selected on object 'Object Repository/Store Request Schedule 1/Page_Store/select_--Select--Adernaline 0.'

2018-05-16 19:22:12 - [TEST_STEP][PASSED] - setText: Text '100' is set on object 'Object Repository/Store Request Schedule 1/Page_Store/input_txttreat'

2018-05-16 19:22:13 - [MESSAGE][PASSED] - Text '100' is set on object 'Object Repository/Store Request Schedule 1/Page_Store/input_txttreat'

2018-05-16 19:22:13 - [TEST_STEP][PASSED] - click: Object: 'Object Repository/Store Request Schedule 1/Page_Store/button_Add' is clicked on

2018-05-16 19:22:13 - [MESSAGE][PASSED] - Object: 'Object Repository/Store Request Schedule 1/Page_Store/button_Add' is clicked on

2018-05-16 19:22:13 - [TEST_STEP][PASSED] - selectOptionByIndex: All options with index in [11] are selected on object 'Object Repository/Store Request Schedule 1/Page_Store/select_--Select--Schedule 1Inj'

2018-05-16 19:22:13 - [MESSAGE][PASSED] - All options with index in [11] are selected on object 'Object Repository/Store Request Schedule 1/Page_Store/select_--Select--Schedule 1Inj'

2018-05-16 19:22:13 - [TEST_STEP][PASSED] - delay: Delayed 1 second(s)

2018-05-16 19:22:14 - [MESSAGE][PASSED] - Delayed 1 second(s)

2018-05-16 19:22:14 - [TEST_STEP][PASSED] - selectOptionByIndex: All options with index in [5] are selected on object 'Object Repository/Store Request Schedule 1/Page_Store/select_--Select--Adernaline 0.'

2018-05-16 19:22:14 - [MESSAGE][PASSED] - All options with index in [5] are selected on object 'Object Repository/Store Request Schedule 1/Page_Store/select_--Select--Adernaline 0.'

2018-05-16 19:22:14 - [TEST_STEP][PASSED] - setText: Text '100' is set on object 'Object Repository/Store Request Schedule 1/Page_Store/input_txttreat'

2018-05-16 19:22:14 - [MESSAGE][PASSED] - Text '100' is set on object 'Object Repository/Store Request Schedule 1/Page_Store/input_txttreat'

2018-05-16 19:22:14 - [TEST_STEP][PASSED] - click: Object: 'Object Repository/Store Request Schedule 1/Page_Store/button_Add' is clicked on

2018-05-16 19:22:14 - [MESSAGE][PASSED] - Object: 'Object Repository/Store Request Schedule 1/Page_Store/button_Add' is clicked on

2018-05-16 19:22:14 - [TEST_STEP][PASSED] - selectOptionByIndex: All options with index in [11] are selected on object 'Object Repository/Store Request Schedule 1/Page_Store/select_--Select--Schedule 1Inj'

2018-05-16 19:22:14 - [MESSAGE][PASSED] - All options with index in [11] are selected on object 'Object Repository/Store Request Schedule 1/Page_Store/select_--Select--Schedule 1Inj'

2018-05-16 19:22:14 - [TEST_STEP][PASSED] - delay: Delayed 1 second(s)

2018-05-16 19:22:15 - [MESSAGE][PASSED] - Delayed 1 second(s)

2018-05-16 19:22:15 - [TEST_STEP][PASSED] - selectOptionByIndex: All options with index in [6] are selected on object 'Object Repository/Store Request Schedule 1/Page_Store/select_--Select--Adernaline 0.'

2018-05-16 19:22:15 - [MESSAGE][PASSED] - All options with index in [6] are selected on object 'Object Repository/Store Request Schedule 1/Page_Store/select_--Select--Adernaline 0.'

2018-05-16 19:22:15 - [TEST_STEP][PASSED] - setText: Text '100' is set on object 'Object Repository/Store Request Schedule 1/Page_Store/input_txttreat'

2018-05-16 19:22:16 - [MESSAGE][PASSED] - Text '100' is set on object 'Object Repository/Store Request Schedule 1/Page_Store/input_txttreat'

2018-05-16 19:22:16 - [TEST_STEP][PASSED] - click: Object: 'Object Repository/Store Request Schedule 1/Page_Store/button_Add' is clicked on

2018-05-16 19:22:16 - [MESSAGE][PASSED] - Object: 'Object Repository/Store Request Schedule 1/Page_Store/button_Add' is clicked on

2018-05-16 19:22:16 - [TEST_STEP][PASSED] - selectOptionByIndex: All options with index in [11] are selected on object 'Object Repository/Store Request Schedule 1/Page_Store/select_--Select--Schedule 1Inj'

2018-05-16 19:22:16 - [MESSAGE][PASSED] - All options with index in [11] are selected on object 'Object Repository/Store Request Schedule 1/Page_Store/select_--Select--Schedule 1Inj'

2018-05-16 19:22:16 - [TEST_STEP][PASSED] - delay: Delayed 1 second(s)

2018-05-16 19:22:17 - [MESSAGE][PASSED] - Delayed 1 second(s)

2018-05-16 19:22:17 - [TEST_STEP][PASSED] - selectOptionByIndex: All options with index in [7] are selected on object 'Object Repository/Store Request Schedule 1/Page_Store/select_--Select--Adernaline 0.'

2018-05-16 19:22:17 - [MESSAGE][PASSED] - All options with index in [7] are selected on object 'Object Repository/Store Request Schedule 1/Page_Store/select_--Select--Adernaline 0.'

2018-05-16 19:22:17 - [TEST_STEP][PASSED] - setText: Text '100' is set on object 'Object Repository/Store Request Schedule 1/Page_Store/input_txttreat'

2018-05-16 19:22:17 - [MESSAGE][PASSED] - Text '100' is set on object 'Object Repository/Store Request Schedule 1/Page_Store/input_txttreat'

2018-05-16 19:22:17 - [TEST_STEP][PASSED] - click: Object: 'Object Repository/Store Request Schedule 1/Page_Store/button_Add' is clicked on

2018-05-16 19:22:17 - [MESSAGE][PASSED] - Object: 'Object Repository/Store Request Schedule 1/Page_Store/button_Add' is clicked on

2018-05-16 19:22:17 - [TEST_STEP][PASSED] - selectOptionByIndex: All options with index in [11] are selected on object 'Object Repository/Store Request Schedule 1/Page_Store/select_--Select--Schedule 1Inj'

2018-05-16 19:22:17 - [MESSAGE][PASSED] - All options with index in [11] are selected on object 'Object Repository/Store Request Schedule 1/Page_Store/select_--Select--Schedule 1Inj'

2018-05-16 19:22:17 - [TEST_STEP][PASSED] - delay: Delayed 1 second(s)

2018-05-16 19:22:18 - [MESSAGE][PASSED] - Delayed 1 second(s)

2018-05-16 19:22:18 - [TEST_STEP][PASSED] - selectOptionByIndex: All options with index in [8] are selected on object 'Object Repository/Store Request Schedule 1/Page_Store/select_--Select--Adernaline 0.'

2018-05-16 19:22:19 - [MESSAGE][PASSED] - All options with index in [8] are selected on object 'Object Repository/Store Request Schedule 1/Page_Store/select_--Select--Adernaline 0.'

2018-05-16 19:22:19 - [TEST_STEP][PASSED] - setText: Text '100' is set on object 'Object Repository/Store Request Schedule 1/Page_Store/input_txttreat'

2018-05-16 19:22:19 - [MESSAGE][PASSED] - Text '100' is set on object 'Object Repository/Store Request Schedule 1/Page_Store/input_txttreat'

2018-05-16 19:22:19 - [TEST_STEP][PASSED] - click: Object: 'Object Repository/Store Request Schedule 1/Page_Store/button_Add' is clicked on

2018-05-16 19:22:19 - [MESSAGE][PASSED] - Object: 'Object Repository/Store Request Schedule 1/Page_Store/button_Add' is clicked on

2018-05-16 19:22:19 - [TEST_STEP][PASSED] - selectOptionByIndex: All options with index in [11] are selected on object 'Object Repository/Store Request Schedule 1/Page_Store/select_--Select--Schedule 1Inj'

2018-05-16 19:22:19 - [MESSAGE][PASSED] - All options with index in [11] are selected on object 'Object Repository/Store Request Schedule 1/Page_Store/select_--Select--Schedule 1Inj'

2018-05-16 19:22:19 - [TEST_STEP][PASSED] - delay: Delayed 1 second(s)

2018-05-16 19:22:20 - [MESSAGE][PASSED] - Delayed 1 second(s)

2018-05-16 19:22:20 - [TEST_STEP][PASSED] - selectOptionByIndex: All options with index in [9] are selected on object 'Object Repository/Store Request Schedule 1/Page_Store/select_--Select--Adernaline 0.'

2018-05-16 19:22:20 - [MESSAGE][PASSED] - All options with index in [9] are selected on object 'Object Repository/Store Request Schedule 1/Page_Store/select_--Select--Adernaline 0.'

2018-05-16 19:22:20 - [TEST_STEP][PASSED] - setText: Text '100' is set on object 'Object Repository/Store Request Schedule 1/Page_Store/input_txttreat'

2018-05-16 19:22:20 - [MESSAGE][PASSED] - Text '100' is set on object 'Object Repository/Store Request Schedule 1/Page_Store/input_txttreat'

2018-05-16 19:22:20 - [TEST_STEP][PASSED] - click: Object: 'Object Repository/Store Request Schedule 1/Page_Store/button_Add' is clicked on

2018-05-16 19:22:20 - [MESSAGE][PASSED] - Object: 'Object Repository/Store Request Schedule 1/Page_Store/button_Add' is clicked on

2018-05-16 19:22:20 - [TEST_STEP][PASSED] - selectOptionByIndex: All options with index in [11] are selected on object 'Object Repository/Store Request Schedule 1/Page_Store/select_--Select--Schedule 1Inj'

2018-05-16 19:22:21 - [MESSAGE][PASSED] - All options with index in [11] are selected on object 'Object Repository/Store Request Schedule 1/Page_Store/select_--Select--Schedule 1Inj'

2018-05-16 19:22:21 - [TEST_STEP][PASSED] - delay: Delayed 1 second(s)

2018-05-16 19:22:22 - [MESSAGE][PASSED] - Delayed 1 second(s)

2018-05-16 19:22:22 - [TEST_STEP][PASSED] - selectOptionByIndex: All options with index in [10] are selected on object 'Object Repository/Store Request Schedule 1/Page_Store/select_--Select--Adernaline 0.'

2018-05-16 19:22:22 - [MESSAGE][PASSED] - All options with index in [10] are selected on object 'Object Repository/Store Request Schedule 1/Page_Store/select_--Select--Adernaline 0.'

2018-05-16 19:22:22 - [TEST_STEP][PASSED] - setText: Text '100' is set on object 'Object Repository/Store Request Schedule 1/Page_Store/input_txttreat'

2018-05-16 19:22:22 - [MESSAGE][PASSED] - Text '100' is set on object 'Object Repository/Store Request Schedule 1/Page_Store/input_txttreat'

2018-05-16 19:22:22 - [TEST_STEP][PASSED] - click: Object: 'Object Repository/Store Request Schedule 1/Page_Store/button_Add' is clicked on

2018-05-16 19:22:22 - [MESSAGE][PASSED] - Object: 'Object Repository/Store Request Schedule 1/Page_Store/button_Add' is clicked on

2018-05-16 19:22:22 - [TEST_STEP][PASSED] - selectOptionByIndex: All options with index in [11] are selected on object 'Object Repository/Store Request Schedule 1/Page_Store/select_--Select--Schedule 1Inj'

2018-05-16 19:22:22 - [MESSAGE][PASSED] - All options with index in [11] are selected on object 'Object Repository/Store Request Schedule 1/Page_Store/select_--Select--Schedule 1Inj'

2018-05-16 19:22:22 - [TEST_STEP][PASSED] - delay: Delayed 1 second(s)

2018-05-16 19:22:23 - [MESSAGE][PASSED] - Delayed 1 second(s)

2018-05-16 19:22:23 - [TEST_STEP][PASSED] - selectOptionByIndex: All options with index in [11] are selected on object 'Object Repository/Store Request Schedule 1/Page_Store/select_--Select--Adernaline 0.'

2018-05-16 19:22:23 - [MESSAGE][PASSED] - All options with index in [11] are selected on object 'Object Repository/Store Request Schedule 1/Page_Store/select_--Select--Adernaline 0.'

2018-05-16 19:22:23 - [TEST_STEP][PASSED] - setText: Text '100' is set on object 'Object Repository/Store Request Schedule 1/Page_Store/input_txttreat'

2018-05-16 19:22:23 - [MESSAGE][PASSED] - Text '100' is set on object 'Object Repository/Store Request Schedule 1/Page_Store/input_txttreat'

2018-05-16 19:22:23 - [TEST_STEP][PASSED] - click: Object: 'Object Repository/Store Request Schedule 1/Page_Store/button_Add' is clicked on

2018-05-16 19:22:23 - [MESSAGE][PASSED] - Object: 'Object Repository/Store Request Schedule 1/Page_Store/button_Add' is clicked on

2018-05-16 19:22:23 - [TEST_STEP][PASSED] - selectOptionByIndex: All options with index in [11] are selected on object 'Object Repository/Store Request Schedule 1/Page_Store/select_--Select--Schedule 1Inj'

2018-05-16 19:22:24 - [MESSAGE][PASSED] - All options with index in [11] are selected on object 'Object Repository/Store Request Schedule 1/Page_Store/select_--Select--Schedule 1Inj'

2018-05-16 19:22:24 - [TEST_STEP][PASSED] - delay: Delayed 1 second(s)

2018-05-16 19:22:25 - [MESSAGE][PASSED] - Delayed 1 second(s)

2018-05-16 19:22:25 - [TEST_STEP][PASSED] - selectOptionByIndex: All options with index in [12] are selected on object 'Object Repository/Store Request Schedule 1/Page_Store/select_--Select--Adernaline 0.'

2018-05-16 19:22:25 - [MESSAGE][PASSED] - All options with index in [12] are selected on object 'Object Repository/Store Request Schedule 1/Page_Store/select_--Select--Adernaline 0.'

2018-05-16 19:22:25 - [TEST_STEP][PASSED] - setText: Text '100' is set on object 'Object Repository/Store Request Schedule 1/Page_Store/input_txttreat'

2018-05-16 19:22:25 - [MESSAGE][PASSED] - Text '100' is set on object 'Object Repository/Store Request Schedule 1/Page_Store/input_txttreat'

2018-05-16 19:22:25 - [TEST_STEP][PASSED] - click: Object: 'Object Repository/Store Request Schedule 1/Page_Store/button_Add' is clicked on

2018-05-16 19:22:25 - [MESSAGE][PASSED] - Object: 'Object Repository/Store Request Schedule 1/Page_Store/button_Add' is clicked on

2018-05-16 19:22:25 - [TEST_STEP][PASSED] - selectOptionByIndex: All options with index in [11] are selected on object 'Object Repository/Store Request Schedule 1/Page_Store/select_--Select--Schedule 1Inj'

2018-05-16 19:22:25 - [MESSAGE][PASSED] - All options with index in [11] are selected on object 'Object Repository/Store Request Schedule 1/Page_Store/select_--Select--Schedule 1Inj'

2018-05-16 19:22:25 - [TEST_STEP][PASSED] - delay: Delayed 1 second(s)

2018-05-16 19:22:26 - [MESSAGE][PASSED] - Delayed 1 second(s)

2018-05-16 19:22:26 - [TEST_STEP][PASSED] - selectOptionByIndex: All options with index in [13] are selected on object 'Object Repository/Store Request Schedule 1/Page_Store/select_--Select--Adernaline 0.'

2018-05-16 19:22:27 - [MESSAGE][PASSED] - All options with index in [13] are selected on object 'Object Repository/Store Request Schedule 1/Page_Store/select_--Select--Adernaline 0.'

2018-05-16 19:22:27 - [TEST_STEP][PASSED] - setText: Text '100' is set on object 'Object Repository/Store Request Schedule 1/Page_Store/input_txttreat'

2018-05-16 19:22:27 - [MESSAGE][PASSED] - Text '100' is set on object 'Object Repository/Store Request Schedule 1/Page_Store/input_txttreat'

2018-05-16 19:22:27 - [TEST_STEP][PASSED] - click: Object: 'Object Repository/Store Request Schedule 1/Page_Store/button_Add' is clicked on

2018-05-16 19:22:27 - [MESSAGE][PASSED] - Object: 'Object Repository/Store Request Schedule 1/Page_Store/button_Add' is clicked on

2018-05-16 19:22:27 - [TEST_STEP][PASSED] - selectOptionByIndex: All options with index in [11] are selected on object 'Object Repository/Store Request Schedule 1/Page_Store/select_--Select--Schedule 1Inj'

2018-05-16 19:22:27 - [MESSAGE][PASSED] - All options with index in [11] are selected on object 'Object Repository/Store Request Schedule 1/Page_Store/select_--Select--Schedule 1Inj'

2018-05-16 19:22:27 - [TEST_STEP][PASSED] - delay: Delayed 1 second(s)

2018-05-16 19:22:28 - [MESSAGE][PASSED] - Delayed 1 second(s)

2018-05-16 19:22:28 - [TEST_STEP][PASSED] - selectOptionByIndex: All options with index in [14] are selected on object 'Object Repository/Store Request Schedule 1/Page_Store/select_--Select--Adernaline 0.'

2018-05-16 19:22:28 - [MESSAGE][PASSED] - All options with index in [14] are selected on object 'Object Repository/Store Request Schedule 1/Page_Store/select_--Select--Adernaline 0.'

2018-05-16 19:22:28 - [TEST_STEP][PASSED] - setText: Text '100' is set on object 'Object Repository/Store Request Schedule 1/Page_Store/input_txttreat'

2018-05-16 19:22:28 - [MESSAGE][PASSED] - Text '100' is set on object 'Object Repository/Store Request Schedule 1/Page_Store/input_txttreat'

2018-05-16 19:22:28 - [TEST_STEP][PASSED] - click: Object: 'Object Repository/Store Request Schedule 1/Page_Store/button_Add' is clicked on

2018-05-16 19:22:28 - [MESSAGE][PASSED] - Object: 'Object Repository/Store Request Schedule 1/Page_Store/button_Add' is clicked on

2018-05-16 19:22:28 - [TEST_STEP][PASSED] - selectOptionByIndex: All options with index in [11] are selected on object 'Object Repository/Store Request Schedule 1/Page_Store/select_--Select--Schedule 1Inj'

2018-05-16 19:22:29 - [MESSAGE][PASSED] - All options with index in [11] are selected on object 'Object Repository/Store Request Schedule 1/Page_Store/select_--Select--Schedule 1Inj'

2018-05-16 19:22:29 - [TEST_STEP][PASSED] - delay: Delayed 1 second(s)

2018-05-16 19:22:30 - [MESSAGE][PASSED] - Delayed 1 second(s)

2018-05-16 19:22:30 - [TEST_STEP][PASSED] - selectOptionByIndex: All options with index in [15] are selected on object 'Object Repository/Store Request Schedule 1/Page_Store/select_--Select--Adernaline 0.'

2018-05-16 19:22:30 - [MESSAGE][PASSED] - All options with index in [15] are selected on object 'Object Repository/Store Request Schedule 1/Page_Store/select_--Select--Adernaline 0.'

2018-05-16 19:22:30 - [TEST_STEP][PASSED] - setText: Text '100' is set on object 'Object Repository/Store Request Schedule 1/Page_Store/input_txttreat'

2018-05-16 19:22:30 - [MESSAGE][PASSED] - Text '100' is set on object 'Object Repository/Store Request Schedule 1/Page_Store/input_txttreat'

2018-05-16 19:22:30 - [TEST_STEP][PASSED] - click: Object: 'Object Repository/Store Request Schedule 1/Page_Store/button_Add' is clicked on

2018-05-16 19:22:30 - [MESSAGE][PASSED] - Object: 'Object Repository/Store Request Schedule 1/Page_Store/button_Add' is clicked on

2018-05-16 19:22:30 - [TEST_STEP][PASSED] - selectOptionByIndex: All options with index in [11] are selected on object 'Object Repository/Store Request Schedule 1/Page_Store/select_--Select--Schedule 1Inj'

2018-05-16 19:22:30 - [MESSAGE][PASSED] - All options with index in [11] are selected on object 'Object Repository/Store Request Schedule 1/Page_Store/select_--Select--Schedule 1Inj'

2018-05-16 19:22:30 - [TEST_STEP][PASSED] - delay: Delayed 1 second(s)

2018-05-16 19:22:31 - [MESSAGE][PASSED] - Delayed 1 second(s)

2018-05-16 19:22:31 - [TEST_STEP][PASSED] - selectOptionByIndex: All options with index in [16] are selected on object 'Object Repository/Store Request Schedule 1/Page_Store/select_--Select--Adernaline 0.'

2018-05-16 19:22:31 - [MESSAGE][PASSED] - All options with index in [16] are selected on object 'Object Repository/Store Request Schedule 1/Page_Store/select_--Select--Adernaline 0.'

2018-05-16 19:22:31 - [TEST_STEP][PASSED] - setText: Text '100' is set on object 'Object Repository/Store Request Schedule 1/Page_Store/input_txttreat'

2018-05-16 19:22:32 - [MESSAGE][PASSED] - Text '100' is set on object 'Object Repository/Store Request Schedule 1/Page_Store/input_txttreat'

2018-05-16 19:22:32 - [TEST_STEP][PASSED] - click: Object: 'Object Repository/Store Request Schedule 1/Page_Store/button_Add' is clicked on

2018-05-16 19:22:32 - [MESSAGE][PASSED] - Object: 'Object Repository/Store Request Schedule 1/Page_Store/button_Add' is clicked on

2018-05-16 19:22:32 - [TEST_STEP][PASSED] - selectOptionByIndex: All options with index in [11] are selected on object 'Object Repository/Store Request Schedule 1/Page_Store/select_--Select--Schedule 1Inj'

2018-05-16 19:22:32 - [MESSAGE][PASSED] - All options with index in [11] are selected on object 'Object Repository/Store Request Schedule 1/Page_Store/select_--Select--Schedule 1Inj'

2018-05-16 19:22:32 - [TEST_STEP][PASSED] - delay: Delayed 1 second(s)

2018-05-16 19:22:33 - [MESSAGE][PASSED] - Delayed 1 second(s)

2018-05-16 19:22:33 - [TEST_STEP][PASSED] - selectOptionByIndex: All options with index in [17] are selected on object 'Object Repository/Store Request Schedule 1/Page_Store/select_--Select--Adernaline 0.'

2018-05-16 19:22:33 - [MESSAGE][PASSED] - All options with index in [17] are selected on object 'Object Repository/Store Request Schedule 1/Page_Store/select_--Select--Adernaline 0.'

2018-05-16 19:22:33 - [TEST_STEP][PASSED] - setText: Text '100' is set on object 'Object Repository/Store Request Schedule 1/Page_Store/input_txttreat'

2018-05-16 19:22:33 - [MESSAGE][PASSED] - Text '100' is set on object 'Object Repository/Store Request Schedule 1/Page_Store/input_txttreat'

2018-05-16 19:22:33 - [TEST_STEP][PASSED] - click: Object: 'Object Repository/Store Request Schedule 1/Page_Store/button_Add' is clicked on

2018-05-16 19:22:33 - [MESSAGE][PASSED] - Object: 'Object Repository/Store Request Schedule 1/Page_Store/button_Add' is clicked on

2018-05-16 19:22:33 - [TEST_STEP][PASSED] - selectOptionByIndex: All options with index in [11] are selected on object 'Object Repository/Store Request Schedule 1/Page_Store/select_--Select--Schedule 1Inj'

2018-05-16 19:22:33 - [MESSAGE][PASSED] - All options with index in [11] are selected on object 'Object Repository/Store Request Schedule 1/Page_Store/select_--Select--Schedule 1Inj'

2018-05-16 19:22:33 - [TEST_STEP][PASSED] - delay: Delayed 1 second(s)

2018-05-16 19:22:34 - [MESSAGE][PASSED] - Delayed 1 second(s)

2018-05-16 19:22:34 - [TEST_STEP][PASSED] - selectOptionByIndex: All options with index in [18] are selected on object 'Object Repository/Store Request Schedule 1/Page_Store/select_--Select--Adernaline 0.'

2018-05-16 19:22:35 - [MESSAGE][PASSED] - All options with index in [18] are selected on object 'Object Repository/Store Request Schedule 1/Page_Store/select_--Select--Adernaline 0.'

2018-05-16 19:22:35 - [TEST_STEP][PASSED] - setText: Text '100' is set on object 'Object Repository/Store Request Schedule 1/Page_Store/input_txttreat'

2018-05-16 19:22:35 - [MESSAGE][PASSED] - Text '100' is set on object 'Object Repository/Store Request Schedule 1/Page_Store/input_txttreat'

2018-05-16 19:22:35 - [TEST_STEP][PASSED] - click: Object: 'Object Repository/Store Request Schedule 1/Page_Store/button_Add' is clicked on

2018-05-16 19:22:35 - [MESSAGE][PASSED] - Object: 'Object Repository/Store Request Schedule 1/Page_Store/button_Add' is clicked on

2018-05-16 19:22:35 - [TEST_STEP][PASSED] - selectOptionByIndex: All options with index in [11] are selected on object 'Object Repository/Store Request Schedule 1/Page_Store/select_--Select--Schedule 1Inj'

2018-05-16 19:22:35 - [MESSAGE][PASSED] - All options with index in [11] are selected on object 'Object Repository/Store Request Schedule 1/Page_Store/select_--Select--Schedule 1Inj'

2018-05-16 19:22:35 - [TEST_STEP][PASSED] - delay: Delayed 1 second(s)

2018-05-16 19:22:36 - [MESSAGE][PASSED] - Delayed 1 second(s)

2018-05-16 19:22:36 - [TEST_STEP][PASSED] - selectOptionByIndex: All options with index in [19] are selected on object 'Object Repository/Store Request Schedule 1/Page_Store/select_--Select--Adernaline 0.'

2018-05-16 19:22:36 - [MESSAGE][PASSED] - All options with index in [19] are selected on object 'Object Repository/Store Request Schedule 1/Page_Store/select_--Select--Adernaline 0.'

2018-05-16 19:22:36 - [TEST_STEP][PASSED] - setText: Text '100' is set on object 'Object Repository/Store Request Schedule 1/Page_Store/input_txttreat'

2018-05-16 19:22:36 - [MESSAGE][PASSED] - Text '100' is set on object 'Object Repository/Store Request Schedule 1/Page_Store/input_txttreat'

2018-05-16 19:22:36 - [TEST_STEP][PASSED] - click: Object: 'Object Repository/Store Request Schedule 1/Page_Store/button_Add' is clicked on

2018-05-16 19:22:37 - [MESSAGE][PASSED] - Object: 'Object Repository/Store Request Schedule 1/Page_Store/button_Add' is clicked on

2018-05-16 19:22:37 - [TEST_STEP][PASSED] - selectOptionByIndex: All options with index in [11] are selected on object 'Object Repository/Store Request Schedule 1/Page_Store/select_--Select--Schedule 1Inj'

2018-05-16 19:22:37 - [MESSAGE][PASSED] - All options with index in [11] are selected on object 'Object Repository/Store Request Schedule 1/Page_Store/select_--Select--Schedule 1Inj'

2018-05-16 19:22:37 - [TEST_STEP][PASSED] - delay: Delayed 1 second(s)

2018-05-16 19:22:38 - [MESSAGE][PASSED] - Delayed 1 second(s)

2018-05-16 19:22:38 - [TEST_STEP][PASSED] - selectOptionByIndex: All options with index in [20] are selected on object 'Object Repository/Store Request Schedule 1/Page_Store/select_--Select--Adernaline 0.'

2018-05-16 19:22:38 - [MESSAGE][PASSED] - All options with index in [20] are selected on object 'Object Repository/Store Request Schedule 1/Page_Store/select_--Select--Adernaline 0.'

2018-05-16 19:22:38 - [TEST_STEP][PASSED] - setText: Text '100' is set on object 'Object Repository/Store Request Schedule 1/Page_Store/input_txttreat'

2018-05-16 19:22:38 - [MESSAGE][PASSED] - Text '100' is set on object 'Object Repository/Store Request Schedule 1/Page_Store/input_txttreat'

2018-05-16 19:22:38 - [TEST_STEP][PASSED] - click: Object: 'Object Repository/Store Request Schedule 1/Page_Store/button_Add' is clicked on

2018-05-16 19:22:38 - [MESSAGE][PASSED] - Object: 'Object Repository/Store Request Schedule 1/Page_Store/button_Add' is clicked on

2018-05-16 19:22:38 - [TEST_STEP][PASSED] - selectOptionByIndex: All options with index in [11] are selected on object 'Object Repository/Store Request Schedule 1/Page_Store/select_--Select--Schedule 1Inj'

2018-05-16 19:22:38 - [MESSAGE][PASSED] - All options with index in [11] are selected on object 'Object Repository/Store Request Schedule 1/Page_Store/select_--Select--Schedule 1Inj'

2018-05-16 19:22:38 - [TEST_STEP][PASSED] - delay: Delayed 1 second(s)

2018-05-16 19:22:39 - [MESSAGE][PASSED] - Delayed 1 second(s)

2018-05-16 19:22:39 - [TEST_STEP][PASSED] - selectOptionByIndex: All options with index in [21] are selected on object 'Object Repository/Store Request Schedule 1/Page_Store/select_--Select--Adernaline 0.'

2018-05-16 19:22:40 - [MESSAGE][PASSED] - All options with index in [21] are selected on object 'Object Repository/Store Request Schedule 1/Page_Store/select_--Select--Adernaline 0.'

2018-05-16 19:22:40 - [TEST_STEP][PASSED] - setText: Text '100' is set on object 'Object Repository/Store Request Schedule 1/Page_Store/input_txttreat'

2018-05-16 19:22:40 - [MESSAGE][PASSED] - Text '100' is set on object 'Object Repository/Store Request Schedule 1/Page_Store/input_txttreat'

2018-05-16 19:22:40 - [TEST_STEP][PASSED] - click: Object: 'Object Repository/Store Request Schedule 1/Page_Store/button_Add' is clicked on

2018-05-16 19:22:40 - [MESSAGE][PASSED] - Object: 'Object Repository/Store Request Schedule 1/Page_Store/button_Add' is clicked on

2018-05-16 19:22:40 - [TEST_STEP][PASSED] - selectOptionByIndex: All options with index in [11] are selected on object 'Object Repository/Store Request Schedule 1/Page_Store/select_--Select--Schedule 1Inj'

2018-05-16 19:22:40 - [MESSAGE][PASSED] - All options with index in [11] are selected on object 'Object Repository/Store Request Schedule 1/Page_Store/select_--Select--Schedule 1Inj'

2018-05-16 19:22:40 - [TEST_STEP][PASSED] - delay: Delayed 1 second(s)

2018-05-16 19:22:41 - [MESSAGE][PASSED] - Delayed 1 second(s)

2018-05-16 19:22:41 - [TEST_STEP][PASSED] - selectOptionByIndex: All options with index in [22] are selected on object 'Object Repository/Store Request Schedule 1/Page_Store/select_--Select--Adernaline 0.'

2018-05-16 19:22:41 - [MESSAGE][PASSED] - All options with index in [22] are selected on object 'Object Repository/Store Request Schedule 1/Page_Store/select_--Select--Adernaline 0.'

2018-05-16 19:22:41 - [TEST_STEP][PASSED] - setText: Text '100' is set on object 'Object Repository/Store Request Schedule 1/Page_Store/input_txttreat'

2018-05-16 19:22:42 - [MESSAGE][PASSED] - Text '100' is set on object 'Object Repository/Store Request Schedule 1/Page_Store/input_txttreat'

2018-05-16 19:22:42 - [TEST_STEP][PASSED] - click: Object: 'Object Repository/Store Request Schedule 1/Page_Store/button_Add' is clicked on

2018-05-16 19:22:42 - [MESSAGE][PASSED] - Object: 'Object Repository/Store Request Schedule 1/Page_Store/button_Add' is clicked on

2018-05-16 19:22:42 - [TEST_STEP][PASSED] - selectOptionByIndex: All options with index in [11] are selected on object 'Object Repository/Store Request Schedule 1/Page_Store/select_--Select--Schedule 1Inj'

2018-05-16 19:22:42 - [MESSAGE][PASSED] - All options with index in [11] are selected on object 'Object Repository/Store Request Schedule 1/Page_Store/select_--Select--Schedule 1Inj'

2018-05-16 19:22:42 - [TEST_STEP][PASSED] - delay: Delayed 1 second(s)

2018-05-16 19:22:43 - [MESSAGE][PASSED] - Delayed 1 second(s)

2018-05-16 19:22:43 - [TEST_STEP][PASSED] - selectOptionByIndex: All options with index in [23] are selected on object 'Object Repository/Store Request Schedule 1/Page_Store/select_--Select--Adernaline 0.'

2018-05-16 19:22:43 - [MESSAGE][PASSED] - All options with index in [23] are selected on object 'Object Repository/Store Request Schedule 1/Page_Store/select_--Select--Adernaline 0.'

2018-05-16 19:22:43 - [TEST_STEP][PASSED] - setText: Text '100' is set on object 'Object Repository/Store Request Schedule 1/Page_Store/input_txttreat'

2018-05-16 19:22:43 - [MESSAGE][PASSED] - Text '100' is set on object 'Object Repository/Store Request Schedule 1/Page_Store/input_txttreat'

2018-05-16 19:22:43 - [TEST_STEP][PASSED] - click: Object: 'Object Repository/Store Request Schedule 1/Page_Store/button_Add' is clicked on

2018-05-16 19:22:43 - [MESSAGE][PASSED] - Object: 'Object Repository/Store Request Schedule 1/Page_Store/button_Add' is clicked on

2018-05-16 19:22:43 - [TEST_STEP][PASSED] - selectOptionByIndex: All options with index in [11] are selected on object 'Object Repository/Store Request Schedule 1/Page_Store/select_--Select--Schedule 1Inj'

2018-05-16 19:22:43 - [MESSAGE][PASSED] - All options with index in [11] are selected on object 'Object Repository/Store Request Schedule 1/Page_Store/select_--Select--Schedule 1Inj'

2018-05-16 19:22:43 - [TEST_STEP][PASSED] - delay: Delayed 1 second(s)

2018-05-16 19:22:44 - [MESSAGE][PASSED] - Delayed 1 second(s)

2018-05-16 19:22:44 - [TEST_STEP][PASSED] - selectOptionByIndex: All options with index in [24] are selected on object 'Object Repository/Store Request Schedule 1/Page_Store/select_--Select--Adernaline 0.'

2018-05-16 19:22:45 - [MESSAGE][PASSED] - All options with index in [24] are selected on object 'Object Repository/Store Request Schedule 1/Page_Store/select_--Select--Adernaline 0.'

2018-05-16 19:22:45 - [TEST_STEP][PASSED] - setText: Text '100' is set on object 'Object Repository/Store Request Schedule 1/Page_Store/input_txttreat'

2018-05-16 19:22:45 - [MESSAGE][PASSED] - Text '100' is set on object 'Object Repository/Store Request Schedule 1/Page_Store/input_txttreat'

2018-05-16 19:22:45 - [TEST_STEP][PASSED] - click: Object: 'Object Repository/Store Request Schedule 1/Page_Store/button_Add' is clicked on

2018-05-16 19:22:45 - [MESSAGE][PASSED] - Object: 'Object Repository/Store Request Schedule 1/Page_Store/button_Add' is clicked on

2018-05-16 19:22:45 - [TEST_STEP][PASSED] - selectOptionByIndex: All options with index in [11] are selected on object 'Object Repository/Store Request Schedule 1/Page_Store/select_--Select--Schedule 1Inj'

2018-05-16 19:22:45 - [MESSAGE][PASSED] - All options with index in [11] are selected on object 'Object Repository/Store Request Schedule 1/Page_Store/select_--Select--Schedule 1Inj'

2018-05-16 19:22:45 - [TEST_STEP][PASSED] - delay: Delayed 1 second(s)

2018-05-16 19:22:46 - [MESSAGE][PASSED] - Delayed 1 second(s)

2018-05-16 19:22:46 - [TEST_STEP][PASSED] - selectOptionByIndex: All options with index in [25] are selected on object 'Object Repository/Store Request Schedule 1/Page_Store/select_--Select--Adernaline 0.'

2018-05-16 19:22:47 - [MESSAGE][PASSED] - All options with index in [25] are selected on object 'Object Repository/Store Request Schedule 1/Page_Store/select_--Select--Adernaline 0.'

2018-05-16 19:22:47 - [TEST_STEP][PASSED] - setText: Text '100' is set on object 'Object Repository/Store Request Schedule 1/Page_Store/input_txttreat'

2018-05-16 19:22:47 - [MESSAGE][PASSED] - Text '100' is set on object 'Object Repository/Store Request Schedule 1/Page_Store/input_txttreat'

2018-05-16 19:22:47 - [TEST_STEP][PASSED] - click: Object: 'Object Repository/Store Request Schedule 1/Page_Store/button_Add' is clicked on

2018-05-16 19:22:47 - [MESSAGE][PASSED] - Object: 'Object Repository/Store Request Schedule 1/Page_Store/button_Add' is clicked on

2018-05-16 19:22:47 - [TEST_STEP][PASSED] - selectOptionByIndex: All options with index in [11] are selected on object 'Object Repository/Store Request Schedule 1/Page_Store/select_--Select--Schedule 1Inj'

2018-05-16 19:22:47 - [MESSAGE][PASSED] - All options with index in [11] are selected on object 'Object Repository/Store Request Schedule 1/Page_Store/select_--Select--Schedule 1Inj'

2018-05-16 19:22:47 - [TEST_STEP][PASSED] - delay: Delayed 1 second(s)

2018-05-16 19:22:48 - [MESSAGE][PASSED] - Delayed 1 second(s)

2018-05-16 19:22:48 - [TEST_STEP][PASSED] - selectOptionByIndex: All options with index in [26] are selected on object 'Object Repository/Store Request Schedule 1/Page_Store/select_--Select--Adernaline 0.'

2018-05-16 19:22:48 - [MESSAGE][PASSED] - All options with index in [26] are selected on object 'Object Repository/Store Request Schedule 1/Page_Store/select_--Select--Adernaline 0.'

2018-05-16 19:22:48 - [TEST_STEP][PASSED] - setText: Text '100' is set on object 'Object Repository/Store Request Schedule 1/Page_Store/input_txttreat'

2018-05-16 19:22:48 - [MESSAGE][PASSED] - Text '100' is set on object 'Object Repository/Store Request Schedule 1/Page_Store/input_txttreat'

2018-05-16 19:22:48 - [TEST_STEP][PASSED] - click: Object: 'Object Repository/Store Request Schedule 1/Page_Store/button_Add' is clicked on

2018-05-16 19:22:48 - [MESSAGE][PASSED] - Object: 'Object Repository/Store Request Schedule 1/Page_Store/button_Add' is clicked on

2018-05-16 19:22:48 - [TEST_STEP][PASSED] - selectOptionByIndex: All options with index in [11] are selected on object 'Object Repository/Store Request Schedule 1/Page_Store/select_--Select--Schedule 1Inj'

2018-05-16 19:22:49 - [MESSAGE][PASSED] - All options with index in [11] are selected on object 'Object Repository/Store Request Schedule 1/Page_Store/select_--Select--Schedule 1Inj'

2018-05-16 19:22:49 - [TEST_STEP][PASSED] - delay: Delayed 1 second(s)

2018-05-16 19:22:50 - [MESSAGE][PASSED] - Delayed 1 second(s)

2018-05-16 19:22:50 - [TEST_STEP][PASSED] - selectOptionByIndex: All options with index in [27] are selected on object 'Object Repository/Store Request Schedule 1/Page_Store/select_--Select--Adernaline 0.'

2018-05-16 19:22:50 - [MESSAGE][PASSED] - All options with index in [27] are selected on object 'Object Repository/Store Request Schedule 1/Page_Store/select_--Select--Adernaline 0.'

2018-05-16 19:22:50 - [TEST_STEP][PASSED] - setText: Text '100' is set on object 'Object Repository/Store Request Schedule 1/Page_Store/input_txttreat'

2018-05-16 19:22:50 - [MESSAGE][PASSED] - Text '100' is set on object 'Object Repository/Store Request Schedule 1/Page_Store/input_txttreat'

2018-05-16 19:22:50 - [TEST_STEP][PASSED] - click: Object: 'Object Repository/Store Request Schedule 1/Page_Store/button_Add' is clicked on

2018-05-16 19:22:50 - [MESSAGE][PASSED] - Object: 'Object Repository/Store Request Schedule 1/Page_Store/button_Add' is clicked on

2018-05-16 19:22:50 - [TEST_STEP][PASSED] - selectOptionByIndex: All options with index in [11] are selected on object 'Object Repository/Store Request Schedule 1/Page_Store/select_--Select--Schedule 1Inj'

2018-05-16 19:22:50 - [MESSAGE][PASSED] - All options with index in [11] are selected on object 'Object Repository/Store Request Schedule 1/Page_Store/select_--Select--Schedule 1Inj'

2018-05-16 19:22:50 - [TEST_STEP][PASSED] - delay: Delayed 1 second(s)

2018-05-16 19:22:51 - [MESSAGE][PASSED] - Delayed 1 second(s)

2018-05-16 19:22:51 - [TEST_STEP][PASSED] - selectOptionByIndex: All options with index in [28] are selected on object 'Object Repository/Store Request Schedule 1/Page_Store/select_--Select--Adernaline 0.'

2018-05-16 19:22:52 - [MESSAGE][PASSED] - All options with index in [28] are selected on object 'Object Repository/Store Request Schedule 1/Page_Store/select_--Select--Adernaline 0.'

2018-05-16 19:22:52 - [TEST_STEP][PASSED] - setText: Text '100' is set on object 'Object Repository/Store Request Schedule 1/Page_Store/input_txttreat'

2018-05-16 19:22:52 - [MESSAGE][PASSED] - Text '100' is set on object 'Object Repository/Store Request Schedule 1/Page_Store/input_txttreat'

2018-05-16 19:22:52 - [TEST_STEP][PASSED] - click: Object: 'Object Repository/Store Request Schedule 1/Page_Store/button_Add' is clicked on

2018-05-16 19:22:52 - [MESSAGE][PASSED] - Object: 'Object Repository/Store Request Schedule 1/Page_Store/button_Add' is clicked on

2018-05-16 19:22:52 - [TEST_STEP][PASSED] - selectOptionByIndex: All options with index in [11] are selected on object 'Object Repository/Store Request Schedule 1/Page_Store/select_--Select--Schedule 1Inj'

2018-05-16 19:22:52 - [MESSAGE][PASSED] - All options with index in [11] are selected on object 'Object Repository/Store Request Schedule 1/Page_Store/select_--Select--Schedule 1Inj'

2018-05-16 19:22:52 - [TEST_STEP][PASSED] - delay: Delayed 1 second(s)

2018-05-16 19:22:53 - [MESSAGE][PASSED] - Delayed 1 second(s)

2018-05-16 19:22:53 - [TEST_STEP][PASSED] - selectOptionByIndex: All options with index in [29] are selected on object 'Object Repository/Store Request Schedule 1/Page_Store/select_--Select--Adernaline 0.'

2018-05-16 19:22:53 - [MESSAGE][PASSED] - All options with index in [29] are selected on object 'Object Repository/Store Request Schedule 1/Page_Store/select_--Select--Adernaline 0.'

2018-05-16 19:22:53 - [TEST_STEP][PASSED] - setText: Text '100' is set on object 'Object Repository/Store Request Schedule 1/Page_Store/input_txttreat'

2018-05-16 19:22:54 - [MESSAGE][PASSED] - Text '100' is set on object 'Object Repository/Store Request Schedule 1/Page_Store/input_txttreat'

2018-05-16 19:22:54 - [TEST_STEP][PASSED] - click: Object: 'Object Repository/Store Request Schedule 1/Page_Store/button_Add' is clicked on

2018-05-16 19:22:54 - [MESSAGE][PASSED] - Object: 'Object Repository/Store Request Schedule 1/Page_Store/button_Add' is clicked on

2018-05-16 19:22:54 - [TEST_STEP][PASSED] - selectOptionByIndex: All options with index in [11] are selected on object 'Object Repository/Store Request Schedule 1/Page_Store/select_--Select--Schedule 1Inj'

2018-05-16 19:22:54 - [MESSAGE][PASSED] - All options with index in [11] are selected on object 'Object Repository/Store Request Schedule 1/Page_Store/select_--Select--Schedule 1Inj'

2018-05-16 19:22:54 - [TEST_STEP][PASSED] - delay: Delayed 1 second(s)

2018-05-16 19:22:55 - [MESSAGE][PASSED] - Delayed 1 second(s)

2018-05-16 19:22:55 - [TEST_STEP][PASSED] - selectOptionByIndex: All options with index in [30] are selected on object 'Object Repository/Store Request Schedule 1/Page_Store/select_--Select--Adernaline 0.'

2018-05-16 19:22:55 - [MESSAGE][PASSED] - All options with index in [30] are selected on object 'Object Repository/Store Request Schedule 1/Page_Store/select_--Select--Adernaline 0.'

2018-05-16 19:22:55 - [TEST_STEP][PASSED] - setText: Text '100' is set on object 'Object Repository/Store Request Schedule 1/Page_Store/input_txttreat'

2018-05-16 19:22:55 - [MESSAGE][PASSED] - Text '100' is set on object 'Object Repository/Store Request Schedule 1/Page_Store/input_txttreat'

2018-05-16 19:22:55 - [TEST_STEP][PASSED] - click: Object: 'Object Repository/Store Request Schedule 1/Page_Store/button_Add' is clicked on

2018-05-16 19:22:55 - [MESSAGE][PASSED] - Object: 'Object Repository/Store Request Schedule 1/Page_Store/button_Add' is clicked on

2018-05-16 19:22:55 - [TEST_STEP][PASSED] - selectOptionByIndex: All options with index in [11] are selected on object 'Object Repository/Store Request Schedule 1/Page_Store/select_--Select--Schedule 1Inj'

2018-05-16 19:22:56 - [MESSAGE][PASSED] - All options with index in [11] are selected on object 'Object Repository/Store Request Schedule 1/Page_Store/select_--Select--Schedule 1Inj'

2018-05-16 19:22:56 - [TEST_STEP][PASSED] - delay: Delayed 1 second(s)

2018-05-16 19:22:57 - [MESSAGE][PASSED] - Delayed 1 second(s)

2018-05-16 19:22:57 - [TEST_STEP][PASSED] - selectOptionByIndex: All options with index in [31] are selected on object 'Object Repository/Store Request Schedule 1/Page_Store/select_--Select--Adernaline 0.'

2018-05-16 19:22:57 - [MESSAGE][PASSED] - All options with index in [31] are selected on object 'Object Repository/Store Request Schedule 1/Page_Store/select_--Select--Adernaline 0.'

2018-05-16 19:22:57 - [TEST_STEP][PASSED] - setText: Text '100' is set on object 'Object Repository/Store Request Schedule 1/Page_Store/input_txttreat'

2018-05-16 19:22:57 - [MESSAGE][PASSED] - Text '100' is set on object 'Object Repository/Store Request Schedule 1/Page_Store/input_txttreat'

2018-05-16 19:22:57 - [TEST_STEP][PASSED] - click: Object: 'Object Repository/Store Request Schedule 1/Page_Store/button_Add' is clicked on

2018-05-16 19:22:57 - [MESSAGE][PASSED] - Object: 'Object Repository/Store Request Schedule 1/Page_Store/button_Add' is clicked on

2018-05-16 19:22:57 - [TEST_STEP][PASSED] - selectOptionByIndex: All options with index in [11] are selected on object 'Object Repository/Store Request Schedule 1/Page_Store/select_--Select--Schedule 1Inj'

2018-05-16 19:22:57 - [MESSAGE][PASSED] - All options with index in [11] are selected on object 'Object Repository/Store Request Schedule 1/Page_Store/select_--Select--Schedule 1Inj'

2018-05-16 19:22:57 - [TEST_STEP][PASSED] - delay: Delayed 1 second(s)

2018-05-16 19:22:58 - [MESSAGE][PASSED] - Delayed 1 second(s)

2018-05-16 19:22:58 - [TEST_STEP][PASSED] - selectOptionByIndex: All options with index in [32] are selected on object 'Object Repository/Store Request Schedule 1/Page_Store/select_--Select--Adernaline 0.'

2018-05-16 19:22:59 - [MESSAGE][PASSED] - All options with index in [32] are selected on object 'Object Repository/Store Request Schedule 1/Page_Store/select_--Select--Adernaline 0.'

2018-05-16 19:22:59 - [TEST_STEP][PASSED] - setText: Text '100' is set on object 'Object Repository/Store Request Schedule 1/Page_Store/input_txttreat'

2018-05-16 19:22:59 - [MESSAGE][PASSED] - Text '100' is set on object 'Object Repository/Store Request Schedule 1/Page_Store/input_txttreat'

2018-05-16 19:22:59 - [TEST_STEP][PASSED] - click: Object: 'Object Repository/Store Request Schedule 1/Page_Store/button_Add' is clicked on

2018-05-16 19:22:59 - [MESSAGE][PASSED] - Object: 'Object Repository/Store Request Schedule 1/Page_Store/button_Add' is clicked on

2018-05-16 19:22:59 - [TEST_STEP][PASSED] - selectOptionByIndex: All options with index in [11] are selected on object 'Object Repository/Store Request Schedule 1/Page_Store/select_--Select--Schedule 1Inj'

2018-05-16 19:22:59 - [MESSAGE][PASSED] - All options with index in [11] are selected on object 'Object Repository/Store Request Schedule 1/Page_Store/select_--Select--Schedule 1Inj'

2018-05-16 19:22:59 - [TEST_STEP][PASSED] - delay: Delayed 1 second(s)

2018-05-16 19:23:00 - [MESSAGE][PASSED] - Delayed 1 second(s)

2018-05-16 19:23:00 - [TEST_STEP][PASSED] - selectOptionByIndex: All options with index in [33] are selected on object 'Object Repository/Store Request Schedule 1/Page_Store/select_--Select--Adernaline 0.'

2018-05-16 19:23:01 - [MESSAGE][PASSED] - All options with index in [33] are selected on object 'Object Repository/Store Request Schedule 1/Page_Store/select_--Select--Adernaline 0.'

2018-05-16 19:23:01 - [TEST_STEP][PASSED] - setText: Text '100' is set on object 'Object Repository/Store Request Schedule 1/Page_Store/input_txttreat'

2018-05-16 19:23:01 - [MESSAGE][PASSED] - Text '100' is set on object 'Object Repository/Store Request Schedule 1/Page_Store/input_txttreat'

2018-05-16 19:23:01 - [TEST_STEP][PASSED] - click: Object: 'Object Repository/Store Request Schedule 1/Page_Store/button_Add' is clicked on

2018-05-16 19:23:01 - [MESSAGE][PASSED] - Object: 'Object Repository/Store Request Schedule 1/Page_Store/button_Add' is clicked on

2018-05-16 19:23:01 - [TEST_STEP][PASSED] - selectOptionByIndex: All options with index in [11] are selected on object 'Object Repository/Store Request Schedule 1/Page_Store/select_--Select--Schedule 1Inj'

2018-05-16 19:23:01 - [MESSAGE][PASSED] - All options with index in [11] are selected on object 'Object Repository/Store Request Schedule 1/Page_Store/select_--Select--Schedule 1Inj'

2018-05-16 19:23:01 - [TEST_STEP][PASSED] - delay: Delayed 1 second(s)

2018-05-16 19:23:02 - [MESSAGE][PASSED] - Delayed 1 second(s)

2018-05-16 19:23:02 - [TEST_STEP][PASSED] - selectOptionByIndex: All options with index in [34] are selected on object 'Object Repository/Store Request Schedule 1/Page_Store/select_--Select--Adernaline 0.'

2018-05-16 19:23:02 - [MESSAGE][PASSED] - All options with index in [34] are selected on object 'Object Repository/Store Request Schedule 1/Page_Store/select_--Select--Adernaline 0.'

2018-05-16 19:23:02 - [TEST_STEP][PASSED] - setText: Text '100' is set on object 'Object Repository/Store Request Schedule 1/Page_Store/input_txttreat'

2018-05-16 19:23:03 - [MESSAGE][PASSED] - Text '100' is set on object 'Object Repository/Store Request Schedule 1/Page_Store/input_txttreat'

2018-05-16 19:23:03 - [TEST_STEP][PASSED] - click: Object: 'Object Repository/Store Request Schedule 1/Page_Store/button_Add' is clicked on

2018-05-16 19:23:03 - [MESSAGE][PASSED] - Object: 'Object Repository/Store Request Schedule 1/Page_Store/button_Add' is clicked on

2018-05-16 19:23:03 - [TEST_STEP][PASSED] - selectOptionByIndex: All options with index in [11] are selected on object 'Object Repository/Store Request Schedule 1/Page_Store/select_--Select--Schedule 1Inj'

2018-05-16 19:23:03 - [MESSAGE][PASSED] - All options with index in [11] are selected on object 'Object Repository/Store Request Schedule 1/Page_Store/select_--Select--Schedule 1Inj'

2018-05-16 19:23:03 - [TEST_STEP][PASSED] - delay: Delayed 1 second(s)

2018-05-16 19:23:04 - [MESSAGE][PASSED] - Delayed 1 second(s)

2018-05-16 19:23:04 - [TEST_STEP][PASSED] - selectOptionByIndex: All options with index in [35] are selected on object 'Object Repository/Store Request Schedule 1/Page_Store/select_--Select--Adernaline 0.'

2018-05-16 19:23:04 - [MESSAGE][PASSED] - All options with index in [35] are selected on object 'Object Repository/Store Request Schedule 1/Page_Store/select_--Select--Adernaline 0.'

2018-05-16 19:23:04 - [TEST_STEP][PASSED] - setText: Text '100' is set on object 'Object Repository/Store Request Schedule 1/Page_Store/input_txttreat'

2018-05-16 19:23:04 - [MESSAGE][PASSED] - Text '100' is set on object 'Object Repository/Store Request Schedule 1/Page_Store/input_txttreat'

2018-05-16 19:23:04 - [TEST_STEP][PASSED] - click: Object: 'Object Repository/Store Request Schedule 1/Page_Store/button_Add' is clicked on

2018-05-16 19:23:04 - [MESSAGE][PASSED] - Object: 'Object Repository/Store Request Schedule 1/Page_Store/button_Add' is clicked on

2018-05-16 19:23:04 - [TEST_STEP][PASSED] - selectOptionByIndex: All options with index in [11] are selected on object 'Object Repository/Store Request Schedule 1/Page_Store/select_--Select--Schedule 1Inj'

2018-05-16 19:23:05 - [MESSAGE][PASSED] - All options with index in [11] are selected on object 'Object Repository/Store Request Schedule 1/Page_Store/select_--Select--Schedule 1Inj'

2018-05-16 19:23:05 - [TEST_STEP][PASSED] - delay: Delayed 1 second(s)

2018-05-16 19:23:06 - [MESSAGE][PASSED] - Delayed 1 second(s)

2018-05-16 19:23:06 - [TEST_STEP][PASSED] - selectOptionByIndex: All options with index in [36] are selected on object 'Object Repository/Store Request Schedule 1/Page_Store/select_--Select--Adernaline 0.'

2018-05-16 19:23:06 - [MESSAGE][PASSED] - All options with index in [36] are selected on object 'Object Repository/Store Request Schedule 1/Page_Store/select_--Select--Adernaline 0.'

2018-05-16 19:23:06 - [TEST_STEP][PASSED] - setText: Text '100' is set on object 'Object Repository/Store Request Schedule 1/Page_Store/input_txttreat'

2018-05-16 19:23:06 - [MESSAGE][PASSED] - Text '100' is set on object 'Object Repository/Store Request Schedule 1/Page_Store/input_txttreat'

2018-05-16 19:23:06 - [TEST_STEP][PASSED] - click: Object: 'Object Repository/Store Request Schedule 1/Page_Store/button_Add' is clicked on

2018-05-16 19:23:06 - [MESSAGE][PASSED] - Object: 'Object Repository/Store Request Schedule 1/Page_Store/button_Add' is clicked on

2018-05-16 19:23:06 - [TEST_STEP][PASSED] - selectOptionByIndex: All options with index in [11] are selected on object 'Object Repository/Store Request Schedule 1/Page_Store/select_--Select--Schedule 1Inj'

2018-05-16 19:23:06 - [MESSAGE][PASSED] - All options with index in [11] are selected on object 'Object Repository/Store Request Schedule 1/Page_Store/select_--Select--Schedule 1Inj'

2018-05-16 19:23:06 - [TEST_STEP][PASSED] - delay: Delayed 1 second(s)

2018-05-16 19:23:07 - [MESSAGE][PASSED] - Delayed 1 second(s)

2018-05-16 19:23:07 - [TEST_STEP][PASSED] - selectOptionByIndex: All options with index in [37] are selected on object 'Object Repository/Store Request Schedule 1/Page_Store/select_--Select--Adernaline 0.'

2018-05-16 19:23:08 - [MESSAGE][PASSED] - All options with index in [37] are selected on object 'Object Repository/Store Request Schedule 1/Page_Store/select_--Select--Adernaline 0.'

2018-05-16 19:23:08 - [TEST_STEP][PASSED] - setText: Text '100' is set on object 'Object Repository/Store Request Schedule 1/Page_Store/input_txttreat'

2018-05-16 19:23:08 - [MESSAGE][PASSED] - Text '100' is set on object 'Object Repository/Store Request Schedule 1/Page_Store/input_txttreat'

2018-05-16 19:23:08 - [TEST_STEP][PASSED] - click: Object: 'Object Repository/Store Request Schedule 1/Page_Store/button_Add' is clicked on

2018-05-16 19:23:08 - [MESSAGE][PASSED] - Object: 'Object Repository/Store Request Schedule 1/Page_Store/button_Add' is clicked on

2018-05-16 19:23:08 - [TEST_STEP][PASSED] - selectOptionByIndex: All options with index in [11] are selected on object 'Object Repository/Store Request Schedule 1/Page_Store/select_--Select--Schedule 1Inj'

2018-05-16 19:23:08 - [MESSAGE][PASSED] - All options with index in [11] are selected on object 'Object Repository/Store Request Schedule 1/Page_Store/select_--Select--Schedule 1Inj'

2018-05-16 19:23:08 - [TEST_STEP][PASSED] - delay: Delayed 1 second(s)

2018-05-16 19:23:09 - [MESSAGE][PASSED] - Delayed 1 second(s)

2018-05-16 19:23:09 - [TEST_STEP][PASSED] - selectOptionByIndex: All options with index in [38] are selected on object 'Object Repository/Store Request Schedule 1/Page_Store/select_--Select--Adernaline 0.'

2018-05-16 19:23:10 - [MESSAGE][PASSED] - All options with index in [38] are selected on object 'Object Repository/Store Request Schedule 1/Page_Store/select_--Select--Adernaline 0.'

2018-05-16 19:23:10 - [TEST_STEP][PASSED] - setText: Text '100' is set on object 'Object Repository/Store Request Schedule 1/Page_Store/input_txttreat'

2018-05-16 19:23:10 - [MESSAGE][PASSED] - Text '100' is set on object 'Object Repository/Store Request Schedule 1/Page_Store/input_txttreat'

2018-05-16 19:23:10 - [TEST_STEP][PASSED] - click: Object: 'Object Repository/Store Request Schedule 1/Page_Store/button_Add' is clicked on

2018-05-16 19:23:10 - [MESSAGE][PASSED] - Object: 'Object Repository/Store Request Schedule 1/Page_Store/button_Add' is clicked on

2018-05-16 19:23:10 - [TEST_STEP][PASSED] - selectOptionByIndex: All options with index in [11] are selected on object 'Object Repository/Store Request Schedule 1/Page_Store/select_--Select--Schedule 1Inj'

2018-05-16 19:23:10 - [MESSAGE][PASSED] - All options with index in [11] are selected on object 'Object Repository/Store Request Schedule 1/Page_Store/select_--Select--Schedule 1Inj'

2018-05-16 19:23:10 - [TEST_STEP][PASSED] - delay: Delayed 1 second(s)

2018-05-16 19:23:11 - [MESSAGE][PASSED] - Delayed 1 second(s)

2018-05-16 19:23:11 - [TEST_STEP][PASSED] - selectOptionByIndex: All options with index in [39] are selected on object 'Object Repository/Store Request Schedule 1/Page_Store/select_--Select--Adernaline 0.'

2018-05-16 19:23:12 - [MESSAGE][PASSED] - All options with index in [39] are selected on object 'Object Repository/Store Request Schedule 1/Page_Store/select_--Select--Adernaline 0.'

2018-05-16 19:23:12 - [TEST_STEP][PASSED] - setText: Text '100' is set on object 'Object Repository/Store Request Schedule 1/Page_Store/input_txttreat'

2018-05-16 19:23:12 - [MESSAGE][PASSED] - Text '100' is set on object 'Object Repository/Store Request Schedule 1/Page_Store/input_txttreat'

2018-05-16 19:23:12 - [TEST_STEP][PASSED] - click: Object: 'Object Repository/Store Request Schedule 1/Page_Store/button_Add' is clicked on

2018-05-16 19:23:12 - [MESSAGE][PASSED] - Object: 'Object Repository/Store Request Schedule 1/Page_Store/button_Add' is clicked on

2018-05-16 19:23:12 - [TEST_STEP][PASSED] - selectOptionByIndex: All options with index in [11] are selected on object 'Object Repository/Store Request Schedule 1/Page_Store/select_--Select--Schedule 1Inj'

2018-05-16 19:23:12 - [MESSAGE][PASSED] - All options with index in [11] are selected on object 'Object Repository/Store Request Schedule 1/Page_Store/select_--Select--Schedule 1Inj'

2018-05-16 19:23:12 - [TEST_STEP][PASSED] - delay: Delayed 1 second(s)

2018-05-16 19:23:13 - [MESSAGE][PASSED] - Delayed 1 second(s)

2018-05-16 19:23:13 - [TEST_STEP][PASSED] - selectOptionByIndex: All options with index in [40] are selected on object 'Object Repository/Store Request Schedule 1/Page_Store/select_--Select--Adernaline 0.'

2018-05-16 19:23:14 - [MESSAGE][PASSED] - All options with index in [40] are selected on object 'Object Repository/Store Request Schedule 1/Page_Store/select_--Select--Adernaline 0.'

2018-05-16 19:23:14 - [TEST_STEP][PASSED] - setText: Text '100' is set on object 'Object Repository/Store Request Schedule 1/Page_Store/input_txttreat'

2018-05-16 19:23:14 - [MESSAGE][PASSED] - Text '100' is set on object 'Object Repository/Store Request Schedule 1/Page_Store/input_txttreat'

2018-05-16 19:23:14 - [TEST_STEP][PASSED] - click: Object: 'Object Repository/Store Request Schedule 1/Page_Store/button_Add' is clicked on

2018-05-16 19:23:14 - [MESSAGE][PASSED] - Object: 'Object Repository/Store Request Schedule 1/Page_Store/button_Add' is clicked on

2018-05-16 19:23:14 - [TEST_STEP][PASSED] - selectOptionByIndex: All options with index in [11] are selected on object 'Object Repository/Store Request Schedule 1/Page_Store/select_--Select--Schedule 1Inj'

2018-05-16 19:23:14 - [MESSAGE][PASSED] - All options with index in [11] are selected on object 'Object Repository/Store Request Schedule 1/Page_Store/select_--Select--Schedule 1Inj'

2018-05-16 19:23:14 - [TEST_STEP][PASSED] - delay: Delayed 1 second(s)

2018-05-16 19:23:15 - [MESSAGE][PASSED] - Delayed 1 second(s)

2018-05-16 19:23:15 - [TEST_STEP][PASSED] - selectOptionByIndex: All options with index in [41] are selected on object 'Object Repository/Store Request Schedule 1/Page_Store/select_--Select--Adernaline 0.'

2018-05-16 19:23:15 - [MESSAGE][PASSED] - All options with index in [41] are selected on object 'Object Repository/Store Request Schedule 1/Page_Store/select_--Select--Adernaline 0.'

2018-05-16 19:23:15 - [TEST_STEP][PASSED] - setText: Text '100' is set on object 'Object Repository/Store Request Schedule 1/Page_Store/input_txttreat'

2018-05-16 19:23:16 - [MESSAGE][PASSED] - Text '100' is set on object 'Object Repository/Store Request Schedule 1/Page_Store/input_txttreat'

2018-05-16 19:23:16 - [TEST_STEP][PASSED] - click: Object: 'Object Repository/Store Request Schedule 1/Page_Store/button_Add' is clicked on

2018-05-16 19:23:16 - [MESSAGE][PASSED] - Object: 'Object Repository/Store Request Schedule 1/Page_Store/button_Add' is clicked on

2018-05-16 19:23:16 - [TEST_STEP][PASSED] - selectOptionByIndex: All options with index in [11] are selected on object 'Object Repository/Store Request Schedule 1/Page_Store/select_--Select--Schedule 1Inj'

2018-05-16 19:23:16 - [MESSAGE][PASSED] - All options with index in [11] are selected on object 'Object Repository/Store Request Schedule 1/Page_Store/select_--Select--Schedule 1Inj'

2018-05-16 19:23:16 - [TEST_STEP][PASSED] - delay: Delayed 1 second(s)

2018-05-16 19:23:17 - [MESSAGE][PASSED] - Delayed 1 second(s)

2018-05-16 19:23:17 - [TEST_STEP][PASSED] - selectOptionByIndex: All options with index in [42] are selected on object 'Object Repository/Store Request Schedule 1/Page_Store/select_--Select--Adernaline 0.'

2018-05-16 19:23:17 - [MESSAGE][PASSED] - All options with index in [42] are selected on object 'Object Repository/Store Request Schedule 1/Page_Store/select_--Select--Adernaline 0.'

2018-05-16 19:23:17 - [TEST_STEP][PASSED] - setText: Text '100' is set on object 'Object Repository/Store Request Schedule 1/Page_Store/input_txttreat'

2018-05-16 19:23:18 - [MESSAGE][PASSED] - Text '100' is set on object 'Object Repository/Store Request Schedule 1/Page_Store/input_txttreat'

2018-05-16 19:23:18 - [TEST_STEP][PASSED] - click: Object: 'Object Repository/Store Request Schedule 1/Page_Store/button_Add' is clicked on

2018-05-16 19:23:18 - [MESSAGE][PASSED] - Object: 'Object Repository/Store Request Schedule 1/Page_Store/button_Add' is clicked on

2018-05-16 19:23:18 - [TEST_STEP][PASSED] - selectOptionByIndex: All options with index in [11] are selected on object 'Object Repository/Store Request Schedule 1/Page_Store/select_--Select--Schedule 1Inj'

2018-05-16 19:23:18 - [MESSAGE][PASSED] - All options with index in [11] are selected on object 'Object Repository/Store Request Schedule 1/Page_Store/select_--Select--Schedule 1Inj'

2018-05-16 19:23:18 - [TEST_STEP][PASSED] - delay: Delayed 1 second(s)

2018-05-16 19:23:19 - [MESSAGE][PASSED] - Delayed 1 second(s)

2018-05-16 19:23:19 - [TEST_STEP][PASSED] - selectOptionByIndex: All options with index in [43] are selected on object 'Object Repository/Store Request Schedule 1/Page_Store/select_--Select--Adernaline 0.'

2018-05-16 19:23:19 - [MESSAGE][PASSED] - All options with index in [43] are selected on object 'Object Repository/Store Request Schedule 1/Page_Store/select_--Select--Adernaline 0.'

2018-05-16 19:23:19 - [TEST_STEP][PASSED] - setText: Text '100' is set on object 'Object Repository/Store Request Schedule 1/Page_Store/input_txttreat'

2018-05-16 19:23:19 - [MESSAGE][PASSED] - Text '100' is set on object 'Object Repository/Store Request Schedule 1/Page_Store/input_txttreat'

2018-05-16 19:23:19 - [TEST_STEP][PASSED] - click: Object: 'Object Repository/Store Request Schedule 1/Page_Store/button_Add' is clicked on

2018-05-16 19:23:19 - [MESSAGE][PASSED] - Object: 'Object Repository/Store Request Schedule 1/Page_Store/button_Add' is clicked on

2018-05-16 19:23:19 - [TEST_STEP][PASSED] - selectOptionByIndex: All options with index in [11] are selected on object 'Object Repository/Store Request Schedule 1/Page_Store/select_--Select--Schedule 1Inj'

2018-05-16 19:23:20 - [MESSAGE][PASSED] - All options with index in [11] are selected on object 'Object Repository/Store Request Schedule 1/Page_Store/select_--Select--Schedule 1Inj'

2018-05-16 19:23:20 - [TEST_STEP][PASSED] - delay: Delayed 1 second(s)

2018-05-16 19:23:21 - [MESSAGE][PASSED] - Delayed 1 second(s)

2018-05-16 19:23:21 - [TEST_STEP][PASSED] - selectOptionByIndex: All options with index in [44] are selected on object 'Object Repository/Store Request Schedule 1/Page_Store/select_--Select--Adernaline 0.'

2018-05-16 19:23:21 - [MESSAGE][PASSED] - All options with index in [44] are selected on object 'Object Repository/Store Request Schedule 1/Page_Store/select_--Select--Adernaline 0.'

2018-05-16 19:23:21 - [TEST_STEP][PASSED] - setText: Text '100' is set on object 'Object Repository/Store Request Schedule 1/Page_Store/input_txttreat'

2018-05-16 19:23:21 - [MESSAGE][PASSED] - Text '100' is set on object 'Object Repository/Store Request Schedule 1/Page_Store/input_txttreat'

2018-05-16 19:23:21 - [TEST_STEP][PASSED] - click: Object: 'Object Repository/Store Request Schedule 1/Page_Store/button_Add' is clicked on

2018-05-16 19:23:21 - [MESSAGE][PASSED] - Object: 'Object Repository/Store Request Schedule 1/Page_Store/button_Add' is clicked on

2018-05-16 19:23:21 - [TEST_STEP][PASSED] - selectOptionByIndex: All options with index in [11] are selected on object 'Object Repository/Store Request Schedule 1/Page_Store/select_--Select--Schedule 1Inj'

2018-05-16 19:23:22 - [MESSAGE][PASSED] - All options with index in [11] are selected on object 'Object Repository/Store Request Schedule 1/Page_Store/select_--Select--Schedule 1Inj'

2018-05-16 19:23:22 - [TEST_STEP][PASSED] - delay: Delayed 1 second(s)

2018-05-16 19:23:23 - [MESSAGE][PASSED] - Delayed 1 second(s)

2018-05-16 19:23:23 - [TEST_STEP][PASSED] - selectOptionByIndex: All options with index in [45] are selected on object 'Object Repository/Store Request Schedule 1/Page_Store/select_--Select--Adernaline 0.'

2018-05-16 19:23:23 - [MESSAGE][PASSED] - All options with index in [45] are selected on object 'Object Repository/Store Request Schedule 1/Page_Store/select_--Select--Adernaline 0.'

2018-05-16 19:23:23 - [TEST_STEP][PASSED] - setText: Text '100' is set on object 'Object Repository/Store Request Schedule 1/Page_Store/input_txttreat'

2018-05-16 19:23:23 - [MESSAGE][PASSED] - Text '100' is set on object 'Object Repository/Store Request Schedule 1/Page_Store/input_txttreat'

2018-05-16 19:23:23 - [TEST_STEP][PASSED] - click: Object: 'Object Repository/Store Request Schedule 1/Page_Store/button_Add' is clicked on

2018-05-16 19:23:23 - [MESSAGE][PASSED] - Object: 'Object Repository/Store Request Schedule 1/Page_Store/button_Add' is clicked on

2018-05-16 19:23:23 - [TEST_STEP][PASSED] - selectOptionByIndex: All options with index in [11] are selected on object 'Object Repository/Store Request Schedule 1/Page_Store/select_--Select--Schedule 1Inj'

2018-05-16 19:23:24 - [MESSAGE][PASSED] - All options with index in [11] are selected on object 'Object Repository/Store Request Schedule 1/Page_Store/select_--Select--Schedule 1Inj'

2018-05-16 19:23:24 - [TEST_STEP][PASSED] - delay: Delayed 1 second(s)

2018-05-16 19:23:25 - [MESSAGE][PASSED] - Delayed 1 second(s)

2018-05-16 19:23:25 - [TEST_STEP][PASSED] - selectOptionByIndex: All options with index in [46] are selected on object 'Object Repository/Store Request Schedule 1/Page_Store/select_--Select--Adernaline 0.'

2018-05-16 19:23:25 - [MESSAGE][PASSED] - All options with index in [46] are selected on object 'Object Repository/Store Request Schedule 1/Page_Store/select_--Select--Adernaline 0.'

2018-05-16 19:23:25 - [TEST_STEP][PASSED] - setText: Text '100' is set on object 'Object Repository/Store Request Schedule 1/Page_Store/input_txttreat'

2018-05-16 19:23:25 - [MESSAGE][PASSED] - Text '100' is set on object 'Object Repository/Store Request Schedule 1/Page_Store/input_txttreat'

2018-05-16 19:23:25 - [TEST_STEP][PASSED] - click: Object: 'Object Repository/Store Request Schedule 1/Page_Store/button_Add' is clicked on

2018-05-16 19:23:25 - [MESSAGE][PASSED] - Object: 'Object Repository/Store Request Schedule 1/Page_Store/button_Add' is clicked on

2018-05-16 19:23:25 - [TEST_STEP][PASSED] - selectOptionByIndex: All options with index in [11] are selected on object 'Object Repository/Store Request Schedule 1/Page_Store/select_--Select--Schedule 1Inj'

2018-05-16 19:23:26 - [MESSAGE][PASSED] - All options with index in [11] are selected on object 'Object Repository/Store Request Schedule 1/Page_Store/select_--Select--Schedule 1Inj'

2018-05-16 19:23:26 - [TEST_STEP][PASSED] - delay: Delayed 1 second(s)

2018-05-16 19:23:27 - [MESSAGE][PASSED] - Delayed 1 second(s)

2018-05-16 19:23:27 - [TEST_STEP][PASSED] - selectOptionByIndex: All options with index in [47] are selected on object 'Object Repository/Store Request Schedule 1/Page_Store/select_--Select--Adernaline 0.'

2018-05-16 19:23:27 - [MESSAGE][PASSED] - All options with index in [47] are selected on object 'Object Repository/Store Request Schedule 1/Page_Store/select_--Select--Adernaline 0.'

2018-05-16 19:23:27 - [TEST_STEP][PASSED] - setText: Text '100' is set on object 'Object Repository/Store Request Schedule 1/Page_Store/input_txttreat'

2018-05-16 19:23:27 - [MESSAGE][PASSED] - Text '100' is set on object 'Object Repository/Store Request Schedule 1/Page_Store/input_txttreat'

2018-05-16 19:23:27 - [TEST_STEP][PASSED] - click: Object: 'Object Repository/Store Request Schedule 1/Page_Store/button_Add' is clicked on

2018-05-16 19:23:27 - [MESSAGE][PASSED] - Object: 'Object Repository/Store Request Schedule 1/Page_Store/button_Add' is clicked on

2018-05-16 19:23:27 - [TEST_STEP][PASSED] - selectOptionByIndex: All options with index in [11] are selected on object 'Object Repository/Store Request Schedule 1/Page_Store/select_--Select--Schedule 1Inj'

2018-05-16 19:23:27 - [MESSAGE][PASSED] - All options with index in [11] are selected on object 'Object Repository/Store Request Schedule 1/Page_Store/select_--Select--Schedule 1Inj'

2018-05-16 19:23:27 - [TEST_STEP][PASSED] - delay: Delayed 1 second(s)

2018-05-16 19:23:28 - [MESSAGE][PASSED] - Delayed 1 second(s)

2018-05-16 19:23:28 - [TEST_STEP][PASSED] - selectOptionByIndex: All options with index in [48] are selected on object 'Object Repository/Store Request Schedule 1/Page_Store/select_--Select--Adernaline 0.'

2018-05-16 19:23:29 - [MESSAGE][PASSED] - All options with index in [48] are selected on object 'Object Repository/Store Request Schedule 1/Page_Store/select_--Select--Adernaline 0.'

2018-05-16 19:23:29 - [TEST_STEP][PASSED] - setText: Text '100' is set on object 'Object Repository/Store Request Schedule 1/Page_Store/input_txttreat'

2018-05-16 19:23:29 - [MESSAGE][PASSED] - Text '100' is set on object 'Object Repository/Store Request Schedule 1/Page_Store/input_txttreat'

2018-05-16 19:23:29 - [TEST_STEP][PASSED] - click: Object: 'Object Repository/Store Request Schedule 1/Page_Store/button_Add' is clicked on

2018-05-16 19:23:29 - [MESSAGE][PASSED] - Object: 'Object Repository/Store Request Schedule 1/Page_Store/button_Add' is clicked on

2018-05-16 19:23:29 - [TEST_STEP][PASSED] - selectOptionByIndex: All options with index in [11] are selected on object 'Object Repository/Store Request Schedule 1/Page_Store/select_--Select--Schedule 1Inj'

2018-05-16 19:23:29 - [MESSAGE][PASSED] - All options with index in [11] are selected on object 'Object Repository/Store Request Schedule 1/Page_Store/select_--Select--Schedule 1Inj'

2018-05-16 19:23:29 - [TEST_STEP][PASSED] - delay: Delayed 1 second(s)

2018-05-16 19:23:30 - [MESSAGE][PASSED] - Delayed 1 second(s)

2018-05-16 19:23:30 - [TEST_STEP][PASSED] - selectOptionByIndex: All options with index in [49] are selected on object 'Object Repository/Store Request Schedule 1/Page_Store/select_--Select--Adernaline 0.'

2018-05-16 19:23:31 - [MESSAGE][PASSED] - All options with index in [49] are selected on object 'Object Repository/Store Request Schedule 1/Page_Store/select_--Select--Adernaline 0.'

2018-05-16 19:23:31 - [TEST_STEP][PASSED] - setText: Text '100' is set on object 'Object Repository/Store Request Schedule 1/Page_Store/input_txttreat'

2018-05-16 19:23:31 - [MESSAGE][PASSED] - Text '100' is set on object 'Object Repository/Store Request Schedule 1/Page_Store/input_txttreat'

2018-05-16 19:23:31 - [TEST_STEP][PASSED] - click: Object: 'Object Repository/Store Request Schedule 1/Page_Store/button_Add' is clicked on

2018-05-16 19:23:31 - [MESSAGE][PASSED] - Object: 'Object Repository/Store Request Schedule 1/Page_Store/button_Add' is clicked on

2018-05-16 19:23:31 - [TEST_STEP][PASSED] - selectOptionByIndex: All options with index in [11] are selected on object 'Object Repository/Store Request Schedule 1/Page_Store/select_--Select--Schedule 1Inj'

2018-05-16 19:23:31 - [MESSAGE][PASSED] - All options with index in [11] are selected on object 'Object Repository/Store Request Schedule 1/Page_Store/select_--Select--Schedule 1Inj'

2018-05-16 19:23:31 - [TEST_STEP][PASSED] - delay: Delayed 1 second(s)

2018-05-16 19:23:32 - [MESSAGE][PASSED] - Delayed 1 second(s)

2018-05-16 19:23:32 - [TEST_STEP][PASSED] - selectOptionByIndex: All options with index in [50] are selected on object 'Object Repository/Store Request Schedule 1/Page_Store/select_--Select--Adernaline 0.'

2018-05-16 19:23:33 - [MESSAGE][PASSED] - All options with index in [50] are selected on object 'Object Repository/Store Request Schedule 1/Page_Store/select_--Select--Adernaline 0.'

2018-05-16 19:23:33 - [TEST_STEP][PASSED] - setText: Text '100' is set on object 'Object Repository/Store Request Schedule 1/Page_Store/input_txttreat'

2018-05-16 19:23:33 - [MESSAGE][PASSED] - Text '100' is set on object 'Object Repository/Store Request Schedule 1/Page_Store/input_txttreat'

2018-05-16 19:23:33 - [TEST_STEP][PASSED] - click: Object: 'Object Repository/Store Request Schedule 1/Page_Store/button_Add' is clicked on

2018-05-16 19:23:33 - [MESSAGE][PASSED] - Object: 'Object Repository/Store Request Schedule 1/Page_Store/button_Add' is clicked on

2018-05-16 19:23:33 - [TEST_STEP][PASSED] - selectOptionByIndex: All options with index in [11] are selected on object 'Object Repository/Store Request Schedule 1/Page_Store/select_--Select--Schedule 1Inj'

2018-05-16 19:23:33 - [MESSAGE][PASSED] - All options with index in [11] are selected on object 'Object Repository/Store Request Schedule 1/Page_Store/select_--Select--Schedule 1Inj'

2018-05-16 19:23:33 - [TEST_STEP][PASSED] - delay: Delayed 1 second(s)

2018-05-16 19:23:34 - [MESSAGE][PASSED] - Delayed 1 second(s)

2018-05-16 19:23:34 - [TEST_STEP][PASSED] - selectOptionByIndex: All options with index in [51] are selected on object 'Object Repository/Store Request Schedule 1/Page_Store/select_--Select--Adernaline 0.'

2018-05-16 19:23:35 - [MESSAGE][PASSED] - All options with index in [51] are selected on object 'Object Repository/Store Request Schedule 1/Page_Store/select_--Select--Adernaline 0.'

2018-05-16 19:23:35 - [TEST_STEP][PASSED] - setText: Text '100' is set on object 'Object Repository/Store Request Schedule 1/Page_Store/input_txttreat'

2018-05-16 19:23:35 - [MESSAGE][PASSED] - Text '100' is set on object 'Object Repository/Store Request Schedule 1/Page_Store/input_txttreat'

2018-05-16 19:23:35 - [TEST_STEP][PASSED] - click: Object: 'Object Repository/Store Request Schedule 1/Page_Store/button_Add' is clicked on

2018-05-16 19:23:35 - [MESSAGE][PASSED] - Object: 'Object Repository/Store Request Schedule 1/Page_Store/button_Add' is clicked on

2018-05-16 19:23:35 - [TEST_STEP][PASSED] - selectOptionByIndex: All options with index in [11] are selected on object 'Object Repository/Store Request Schedule 1/Page_Store/select_--Select--Schedule 1Inj'

2018-05-16 19:23:35 - [MESSAGE][PASSED] - All options with index in [11] are selected on object 'Object Repository/Store Request Schedule 1/Page_Store/select_--Select--Schedule 1Inj'

2018-05-16 19:23:35 - [TEST_STEP][PASSED] - delay: Delayed 1 second(s)

2018-05-16 19:23:36 - [MESSAGE][PASSED] - Delayed 1 second(s)

2018-05-16 19:23:36 - [TEST_STEP][PASSED] - selectOptionByIndex: All options with index in [52] are selected on object 'Object Repository/Store Request Schedule 1/Page_Store/select_--Select--Adernaline 0.'

2018-05-16 19:23:37 - [MESSAGE][PASSED] - All options with index in [52] are selected on object 'Object Repository/Store Request Schedule 1/Page_Store/select_--Select--Adernaline 0.'

2018-05-16 19:23:37 - [TEST_STEP][PASSED] - setText: Text '100' is set on object 'Object Repository/Store Request Schedule 1/Page_Store/input_txttreat'

2018-05-16 19:23:37 - [MESSAGE][PASSED] - Text '100' is set on object 'Object Repository/Store Request Schedule 1/Page_Store/input_txttreat'

2018-05-16 19:23:37 - [TEST_STEP][PASSED] - click: Object: 'Object Repository/Store Request Schedule 1/Page_Store/button_Add' is clicked on

2018-05-16 19:23:37 - [MESSAGE][PASSED] - Object: 'Object Repository/Store Request Schedule 1/Page_Store/button_Add' is clicked on

2018-05-16 19:23:37 - [TEST_STEP][PASSED] - selectOptionByIndex: All options with index in [11] are selected on object 'Object Repository/Store Request Schedule 1/Page_Store/select_--Select--Schedule 1Inj'

2018-05-16 19:23:37 - [MESSAGE][PASSED] - All options with index in [11] are selected on object 'Object Repository/Store Request Schedule 1/Page_Store/select_--Select--Schedule 1Inj'

2018-05-16 19:23:37 - [TEST_STEP][PASSED] - delay: Delayed 1 second(s)

2018-05-16 19:23:38 - [MESSAGE][PASSED] - Delayed 1 second(s)

2018-05-16 19:23:38 - [TEST_STEP][PASSED] - selectOptionByIndex: All options with index in [53] are selected on object 'Object Repository/Store Request Schedule 1/Page_Store/select_--Select--Adernaline 0.'

2018-05-16 19:23:39 - [MESSAGE][PASSED] - All options with index in [53] are selected on object 'Object Repository/Store Request Schedule 1/Page_Store/select_--Select--Adernaline 0.'

2018-05-16 19:23:39 - [TEST_STEP][PASSED] - setText: Text '100' is set on object 'Object Repository/Store Request Schedule 1/Page_Store/input_txttreat'

2018-05-16 19:23:39 - [MESSAGE][PASSED] - Text '100' is set on object 'Object Repository/Store Request Schedule 1/Page_Store/input_txttreat'

2018-05-16 19:23:39 - [TEST_STEP][PASSED] - click: Object: 'Object Repository/Store Request Schedule 1/Page_Store/button_Add' is clicked on

2018-05-16 19:23:39 - [MESSAGE][PASSED] - Object: 'Object Repository/Store Request Schedule 1/Page_Store/button_Add' is clicked on

2018-05-16 19:23:39 - [TEST_STEP][PASSED] - selectOptionByIndex: All options with index in [11] are selected on object 'Object Repository/Store Request Schedule 1/Page_Store/select_--Select--Schedule 1Inj'

2018-05-16 19:23:39 - [MESSAGE][PASSED] - All options with index in [11] are selected on object 'Object Repository/Store Request Schedule 1/Page_Store/select_--Select--Schedule 1Inj'

2018-05-16 19:23:39 - [TEST_STEP][PASSED] - delay: Delayed 1 second(s)

2018-05-16 19:23:40 - [MESSAGE][PASSED] - Delayed 1 second(s)

2018-05-16 19:23:40 - [TEST_STEP][PASSED] - selectOptionByIndex: All options with index in [54] are selected on object 'Object Repository/Store Request Schedule 1/Page_Store/select_--Select--Adernaline 0.'

2018-05-16 19:23:41 - [MESSAGE][PASSED] - All options with index in [54] are selected on object 'Object Repository/Store Request Schedule 1/Page_Store/select_--Select--Adernaline 0.'

2018-05-16 19:23:41 - [TEST_STEP][PASSED] - setText: Text '100' is set on object 'Object Repository/Store Request Schedule 1/Page_Store/input_txttreat'

2018-05-16 19:23:41 - [MESSAGE][PASSED] - Text '100' is set on object 'Object Repository/Store Request Schedule 1/Page_Store/input_txttreat'

2018-05-16 19:23:41 - [TEST_STEP][PASSED] - click: Object: 'Object Repository/Store Request Schedule 1/Page_Store/button_Add' is clicked on

2018-05-16 19:23:41 - [MESSAGE][PASSED] - Object: 'Object Repository/Store Request Schedule 1/Page_Store/button_Add' is clicked on

2018-05-16 19:23:41 - [TEST_STEP][PASSED] - selectOptionByIndex: All options with index in [11] are selected on object 'Object Repository/Store Request Schedule 1/Page_Store/select_--Select--Schedule 1Inj'

2018-05-16 19:23:41 - [MESSAGE][PASSED] - All options with index in [11] are selected on object 'Object Repository/Store Request Schedule 1/Page_Store/select_--Select--Schedule 1Inj'

2018-05-16 19:23:41 - [TEST_STEP][PASSED] - delay: Delayed 1 second(s)

2018-05-16 19:23:42 - [MESSAGE][PASSED] - Delayed 1 second(s)

2018-05-16 19:23:42 - [TEST_STEP][PASSED] - selectOptionByIndex: All options with index in [55] are selected on object 'Object Repository/Store Request Schedule 1/Page_Store/select_--Select--Adernaline 0.'

2018-05-16 19:23:43 - [MESSAGE][PASSED] - All options with index in [55] are selected on object 'Object Repository/Store Request Schedule 1/Page_Store/select_--Select--Adernaline 0.'

2018-05-16 19:23:43 - [TEST_STEP][PASSED] - setText: Text '100' is set on object 'Object Repository/Store Request Schedule 1/Page_Store/input_txttreat'

2018-05-16 19:23:43 - [MESSAGE][PASSED] - Text '100' is set on object 'Object Repository/Store Request Schedule 1/Page_Store/input_txttreat'

2018-05-16 19:23:43 - [TEST_STEP][PASSED] - click: Object: 'Object Repository/Store Request Schedule 1/Page_Store/button_Add' is clicked on

2018-05-16 19:23:43 - [MESSAGE][PASSED] - Object: 'Object Repository/Store Request Schedule 1/Page_Store/button_Add' is clicked on

2018-05-16 19:23:43 - [TEST_STEP][PASSED] - selectOptionByIndex: All options with index in [11] are selected on object 'Object Repository/Store Request Schedule 1/Page_Store/select_--Select--Schedule 1Inj'

2018-05-16 19:23:43 - [MESSAGE][PASSED] - All options with index in [11] are selected on object 'Object Repository/Store Request Schedule 1/Page_Store/select_--Select--Schedule 1Inj'

2018-05-16 19:23:43 - [TEST_STEP][PASSED] - delay: Delayed 1 second(s)

2018-05-16 19:23:44 - [MESSAGE][PASSED] - Delayed 1 second(s)

2018-05-16 19:23:44 - [TEST_STEP][PASSED] - selectOptionByIndex: All options with index in [56] are selected on object 'Object Repository/Store Request Schedule 1/Page_Store/select_--Select--Adernaline 0.'

2018-05-16 19:23:45 - [MESSAGE][PASSED] - All options with index in [56] are selected on object 'Object Repository/Store Request Schedule 1/Page_Store/select_--Select--Adernaline 0.'

2018-05-16 19:23:45 - [TEST_STEP][PASSED] - setText: Text '100' is set on object 'Object Repository/Store Request Schedule 1/Page_Store/input_txttreat'

2018-05-16 19:23:45 - [MESSAGE][PASSED] - Text '100' is set on object 'Object Repository/Store Request Schedule 1/Page_Store/input_txttreat'

2018-05-16 19:23:45 - [TEST_STEP][PASSED] - click: Object: 'Object Repository/Store Request Schedule 1/Page_Store/button_Add' is clicked on

2018-05-16 19:23:45 - [MESSAGE][PASSED] - Object: 'Object Repository/Store Request Schedule 1/Page_Store/button_Add' is clicked on

2018-05-16 19:23:45 - [TEST_STEP][PASSED] - selectOptionByIndex: All options with index in [11] are selected on object 'Object Repository/Store Request Schedule 1/Page_Store/select_--Select--Schedule 1Inj'

2018-05-16 19:23:45 - [MESSAGE][PASSED] - All options with index in [11] are selected on object 'Object Repository/Store Request Schedule 1/Page_Store/select_--Select--Schedule 1Inj'

2018-05-16 19:23:45 - [TEST_STEP][PASSED] - delay: Delayed 1 second(s)

2018-05-16 19:23:46 - [MESSAGE][PASSED] - Delayed 1 second(s)

2018-05-16 19:23:46 - [TEST_STEP][PASSED] - selectOptionByIndex: All options with index in [57] are selected on object 'Object Repository/Store Request Schedule 1/Page_Store/select_--Select--Adernaline 0.'

2018-05-16 19:23:47 - [MESSAGE][PASSED] - All options with index in [57] are selected on object 'Object Repository/Store Request Schedule 1/Page_Store/select_--Select--Adernaline 0.'

2018-05-16 19:23:47 - [TEST_STEP][PASSED] - setText: Text '100' is set on object 'Object Repository/Store Request Schedule 1/Page_Store/input_txttreat'

2018-05-16 19:23:47 - [MESSAGE][PASSED] - Text '100' is set on object 'Object Repository/Store Request Schedule 1/Page_Store/input_txttreat'

2018-05-16 19:23:47 - [TEST_STEP][PASSED] - click: Object: 'Object Repository/Store Request Schedule 1/Page_Store/button_Add' is clicked on

2018-05-16 19:23:47 - [MESSAGE][PASSED] - Object: 'Object Repository/Store Request Schedule 1/Page_Store/button_Add' is clicked on

2018-05-16 19:23:47 - [TEST_STEP][PASSED] - selectOptionByIndex: All options with index in [11] are selected on object 'Object Repository/Store Request Schedule 1/Page_Store/select_--Select--Schedule 1Inj'

2018-05-16 19:23:47 - [MESSAGE][PASSED] - All options with index in [11] are selected on object 'Object Repository/Store Request Schedule 1/Page_Store/select_--Select--Schedule 1Inj'

2018-05-16 19:23:47 - [TEST_STEP][PASSED] - delay: Delayed 1 second(s)

2018-05-16 19:23:48 - [MESSAGE][PASSED] - Delayed 1 second(s)

2018-05-16 19:23:48 - [TEST_STEP][PASSED] - selectOptionByIndex: All options with index in [58] are selected on object 'Object Repository/Store Request Schedule 1/Page_Store/select_--Select--Adernaline 0.'

2018-05-16 19:23:49 - [MESSAGE][PASSED] - All options with index in [58] are selected on object 'Object Repository/Store Request Schedule 1/Page_Store/select_--Select--Adernaline 0.'

2018-05-16 19:23:49 - [TEST_STEP][PASSED] - setText: Text '100' is set on object 'Object Repository/Store Request Schedule 1/Page_Store/input_txttreat'

2018-05-16 19:23:49 - [MESSAGE][PASSED] - Text '100' is set on object 'Object Repository/Store Request Schedule 1/Page_Store/input_txttreat'

2018-05-16 19:23:49 - [TEST_STEP][PASSED] - click: Object: 'Object Repository/Store Request Schedule 1/Page_Store/button_Add' is clicked on

2018-05-16 19:23:49 - [MESSAGE][PASSED] - Object: 'Object Repository/Store Request Schedule 1/Page_Store/button_Add' is clicked on

2018-05-16 19:23:49 - [TEST_STEP][PASSED] - selectOptionByIndex: All options with index in [11] are selected on object 'Object Repository/Store Request Schedule 1/Page_Store/select_--Select--Schedule 1Inj'

2018-05-16 19:23:49 - [MESSAGE][PASSED] - All options with index in [11] are selected on object 'Object Repository/Store Request Schedule 1/Page_Store/select_--Select--Schedule 1Inj'

2018-05-16 19:23:49 - [TEST_STEP][PASSED] - delay: Delayed 1 second(s)

2018-05-16 19:23:50 - [MESSAGE][PASSED] - Delayed 1 second(s)

2018-05-16 19:23:50 - [TEST_STEP][PASSED] - selectOptionByIndex: All options with index in [59] are selected on object 'Object Repository/Store Request Schedule 1/Page_Store/select_--Select--Adernaline 0.'

2018-05-16 19:23:51 - [MESSAGE][PASSED] - All options with index in [59] are selected on object 'Object Repository/Store Request Schedule 1/Page_Store/select_--Select--Adernaline 0.'

2018-05-16 19:23:51 - [TEST_STEP][PASSED] - setText: Text '100' is set on object 'Object Repository/Store Request Schedule 1/Page_Store/input_txttreat'

2018-05-16 19:23:51 - [MESSAGE][PASSED] - Text '100' is set on object 'Object Repository/Store Request Schedule 1/Page_Store/input_txttreat'

2018-05-16 19:23:51 - [TEST_STEP][PASSED] - click: Object: 'Object Repository/Store Request Schedule 1/Page_Store/button_Add' is clicked on

2018-05-16 19:23:51 - [MESSAGE][PASSED] - Object: 'Object Repository/Store Request Schedule 1/Page_Store/button_Add' is clicked on

2018-05-16 19:23:51 - [TEST_STEP][PASSED] - selectOptionByIndex: All options with index in [11] are selected on object 'Object Repository/Store Request Schedule 1/Page_Store/select_--Select--Schedule 1Inj'

2018-05-16 19:23:51 - [MESSAGE][PASSED] - All options with index in [11] are selected on object 'Object Repository/Store Request Schedule 1/Page_Store/select_--Select--Schedule 1Inj'

2018-05-16 19:23:51 - [TEST_STEP][PASSED] - delay: Delayed 1 second(s)

2018-05-16 19:23:52 - [MESSAGE][PASSED] - Delayed 1 second(s)

2018-05-16 19:23:52 - [TEST_STEP][PASSED] - selectOptionByIndex: All options with index in [60] are selected on object 'Object Repository/Store Request Schedule 1/Page_Store/select_--Select--Adernaline 0.'

2018-05-16 19:23:53 - [MESSAGE][PASSED] - All options with index in [60] are selected on object 'Object Repository/Store Request Schedule 1/Page_Store/select_--Select--Adernaline 0.'

2018-05-16 19:23:53 - [TEST_STEP][PASSED] - setText: Text '100' is set on object 'Object Repository/Store Request Schedule 1/Page_Store/input_txttreat'

2018-05-16 19:23:53 - [MESSAGE][PASSED] - Text '100' is set on object 'Object Repository/Store Request Schedule 1/Page_Store/input_txttreat'

2018-05-16 19:23:53 - [TEST_STEP][PASSED] - click: Object: 'Object Repository/Store Request Schedule 1/Page_Store/button_Add' is clicked on

2018-05-16 19:23:53 - [MESSAGE][PASSED] - Object: 'Object Repository/Store Request Schedule 1/Page_Store/button_Add' is clicked on

2018-05-16 19:23:53 - [TEST_STEP][PASSED] - selectOptionByIndex: All options with index in [11] are selected on object 'Object Repository/Store Request Schedule 1/Page_Store/select_--Select--Schedule 1Inj'

2018-05-16 19:23:53 - [MESSAGE][PASSED] - All options with index in [11] are selected on object 'Object Repository/Store Request Schedule 1/Page_Store/select_--Select--Schedule 1Inj'

2018-05-16 19:23:53 - [TEST_STEP][PASSED] - delay: Delayed 1 second(s)

2018-05-16 19:23:54 - [MESSAGE][PASSED] - Delayed 1 second(s)

2018-05-16 19:23:54 - [TEST_STEP][PASSED] - selectOptionByIndex: All options with index in [61] are selected on object 'Object Repository/Store Request Schedule 1/Page_Store/select_--Select--Adernaline 0.'

2018-05-16 19:23:55 - [MESSAGE][PASSED] - All options with index in [61] are selected on object 'Object Repository/Store Request Schedule 1/Page_Store/select_--Select--Adernaline 0.'

2018-05-16 19:23:55 - [TEST_STEP][PASSED] - setText: Text '100' is set on object 'Object Repository/Store Request Schedule 1/Page_Store/input_txttreat'

2018-05-16 19:23:55 - [MESSAGE][PASSED] - Text '100' is set on object 'Object Repository/Store Request Schedule 1/Page_Store/input_txttreat'

2018-05-16 19:23:55 - [TEST_STEP][PASSED] - click: Object: 'Object Repository/Store Request Schedule 1/Page_Store/button_Add' is clicked on

2018-05-16 19:23:55 - [MESSAGE][PASSED] - Object: 'Object Repository/Store Request Schedule 1/Page_Store/button_Add' is clicked on

2018-05-16 19:23:55 - [TEST_STEP][PASSED] - selectOptionByIndex: All options with index in [11] are selected on object 'Object Repository/Store Request Schedule 1/Page_Store/select_--Select--Schedule 1Inj'

2018-05-16 19:23:55 - [MESSAGE][PASSED] - All options with index in [11] are selected on object 'Object Repository/Store Request Schedule 1/Page_Store/select_--Select--Schedule 1Inj'

2018-05-16 19:23:55 - [TEST_STEP][PASSED] - delay: Delayed 1 second(s)

2018-05-16 19:23:56 - [MESSAGE][PASSED] - Delayed 1 second(s)

2018-05-16 19:23:56 - [TEST_STEP][PASSED] - selectOptionByIndex: All options with index in [62] are selected on object 'Object Repository/Store Request Schedule 1/Page_Store/select_--Select--Adernaline 0.'

2018-05-16 19:23:57 - [MESSAGE][PASSED] - All options with index in [62] are selected on object 'Object Repository/Store Request Schedule 1/Page_Store/select_--Select--Adernaline 0.'

2018-05-16 19:23:57 - [TEST_STEP][PASSED] - setText: Text '100' is set on object 'Object Repository/Store Request Schedule 1/Page_Store/input_txttreat'

2018-05-16 19:23:57 - [MESSAGE][PASSED] - Text '100' is set on object 'Object Repository/Store Request Schedule 1/Page_Store/input_txttreat'

2018-05-16 19:23:57 - [TEST_STEP][PASSED] - click: Object: 'Object Repository/Store Request Schedule 1/Page_Store/button_Add' is clicked on

2018-05-16 19:23:57 - [MESSAGE][PASSED] - Object: 'Object Repository/Store Request Schedule 1/Page_Store/button_Add' is clicked on

2018-05-16 19:23:57 - [TEST_STEP][PASSED] - selectOptionByIndex: All options with index in [11] are selected on object 'Object Repository/Store Request Schedule 1/Page_Store/select_--Select--Schedule 1Inj'

2018-05-16 19:23:58 - [MESSAGE][PASSED] - All options with index in [11] are selected on object 'Object Repository/Store Request Schedule 1/Page_Store/select_--Select--Schedule 1Inj'

2018-05-16 19:23:58 - [TEST_STEP][PASSED] - delay: Delayed 1 second(s)

2018-05-16 19:23:59 - [MESSAGE][PASSED] - Delayed 1 second(s)

2018-05-16 19:23:59 - [TEST_STEP][PASSED] - selectOptionByIndex: All options with index in [63] are selected on object 'Object Repository/Store Request Schedule 1/Page_Store/select_--Select--Adernaline 0.'

2018-05-16 19:23:59 - [MESSAGE][PASSED] - All options with index in [63] are selected on object 'Object Repository/Store Request Schedule 1/Page_Store/select_--Select--Adernaline 0.'

2018-05-16 19:23:59 - [TEST_STEP][PASSED] - setText: Text '100' is set on object 'Object Repository/Store Request Schedule 1/Page_Store/input_txttreat'

2018-05-16 19:23:59 - [MESSAGE][PASSED] - Text '100' is set on object 'Object Repository/Store Request Schedule 1/Page_Store/input_txttreat'

2018-05-16 19:23:59 - [TEST_STEP][PASSED] - click: Object: 'Object Repository/Store Request Schedule 1/Page_Store/button_Add' is clicked on

2018-05-16 19:23:59 - [MESSAGE][PASSED] - Object: 'Object Repository/Store Request Schedule 1/Page_Store/button_Add' is clicked on

2018-05-16 19:23:59 - [TEST_STEP][PASSED] - selectOptionByIndex: All options with index in [11] are selected on object 'Object Repository/Store Request Schedule 1/Page_Store/select_--Select--Schedule 1Inj'

2018-05-16 19:24:00 - [MESSAGE][PASSED] - All options with index in [11] are selected on object 'Object Repository/Store Request Schedule 1/Page_Store/select_--Select--Schedule 1Inj'

2018-05-16 19:24:00 - [TEST_STEP][PASSED] - delay: Delayed 1 second(s)

2018-05-16 19:24:01 - [MESSAGE][PASSED] - Delayed 1 second(s)

2018-05-16 19:24:01 - [TEST_STEP][PASSED] - selectOptionByIndex: All options with index in [64] are selected on object 'Object Repository/Store Request Schedule 1/Page_Store/select_--Select--Adernaline 0.'

2018-05-16 19:24:01 - [MESSAGE][PASSED] - All options with index in [64] are selected on object 'Object Repository/Store Request Schedule 1/Page_Store/select_--Select--Adernaline 0.'

2018-05-16 19:24:01 - [TEST_STEP][PASSED] - setText: Text '100' is set on object 'Object Repository/Store Request Schedule 1/Page_Store/input_txttreat'

2018-05-16 19:24:01 - [MESSAGE][PASSED] - Text '100' is set on object 'Object Repository/Store Request Schedule 1/Page_Store/input_txttreat'

2018-05-16 19:24:01 - [TEST_STEP][PASSED] - click: Object: 'Object Repository/Store Request Schedule 1/Page_Store/button_Add' is clicked on

2018-05-16 19:24:01 - [MESSAGE][PASSED] - Object: 'Object Repository/Store Request Schedule 1/Page_Store/button_Add' is clicked on

2018-05-16 19:24:01 - [TEST_STEP][PASSED] - selectOptionByIndex: All options with index in [11] are selected on object 'Object Repository/Store Request Schedule 1/Page_Store/select_--Select--Schedule 1Inj'

2018-05-16 19:24:02 - [MESSAGE][PASSED] - All options with index in [11] are selected on object 'Object Repository/Store Request Schedule 1/Page_Store/select_--Select--Schedule 1Inj'

2018-05-16 19:24:02 - [TEST_STEP][PASSED] - delay: Delayed 1 second(s)

2018-05-16 19:24:03 - [MESSAGE][PASSED] - Delayed 1 second(s)

2018-05-16 19:24:03 - [TEST_STEP][PASSED] - selectOptionByIndex: All options with index in [65] are selected on object 'Object Repository/Store Request Schedule 1/Page_Store/select_--Select--Adernaline 0.'

2018-05-16 19:24:03 - [MESSAGE][PASSED] - All options with index in [65] are selected on object 'Object Repository/Store Request Schedule 1/Page_Store/select_--Select--Adernaline 0.'

2018-05-16 19:24:03 - [TEST_STEP][PASSED] - setText: Text '100' is set on object 'Object Repository/Store Request Schedule 1/Page_Store/input_txttreat'

2018-05-16 19:24:04 - [MESSAGE][PASSED] - Text '100' is set on object 'Object Repository/Store Request Schedule 1/Page_Store/input_txttreat'

2018-05-16 19:24:04 - [TEST_STEP][PASSED] - click: Object: 'Object Repository/Store Request Schedule 1/Page_Store/button_Add' is clicked on

2018-05-16 19:24:04 - [MESSAGE][PASSED] - Object: 'Object Repository/Store Request Schedule 1/Page_Store/button_Add' is clicked on

2018-05-16 19:24:04 - [TEST_STEP][PASSED] - selectOptionByIndex: All options with index in [11] are selected on object 'Object Repository/Store Request Schedule 1/Page_Store/select_--Select--Schedule 1Inj'

2018-05-16 19:24:04 - [MESSAGE][PASSED] - All options with index in [11] are selected on object 'Object Repository/Store Request Schedule 1/Page_Store/select_--Select--Schedule 1Inj'

2018-05-16 19:24:04 - [TEST_STEP][PASSED] - delay: Delayed 1 second(s)

2018-05-16 19:24:05 - [MESSAGE][PASSED] - Delayed 1 second(s)

2018-05-16 19:24:05 - [TEST_STEP][PASSED] - selectOptionByIndex: All options with index in [66] are selected on object 'Object Repository/Store Request Schedule 1/Page_Store/select_--Select--Adernaline 0.'

2018-05-16 19:24:06 - [MESSAGE][PASSED] - All options with index in [66] are selected on object 'Object Repository/Store Request Schedule 1/Page_Store/select_--Select--Adernaline 0.'

2018-05-16 19:24:06 - [TEST_STEP][PASSED] - setText: Text '100' is set on object 'Object Repository/Store Request Schedule 1/Page_Store/input_txttreat'

2018-05-16 19:24:06 - [MESSAGE][PASSED] - Text '100' is set on object 'Object Repository/Store Request Schedule 1/Page_Store/input_txttreat'

2018-05-16 19:24:06 - [TEST_STEP][PASSED] - click: Object: 'Object Repository/Store Request Schedule 1/Page_Store/button_Add' is clicked on

2018-05-16 19:24:06 - [MESSAGE][PASSED] - Object: 'Object Repository/Store Request Schedule 1/Page_Store/button_Add' is clicked on

2018-05-16 19:24:06 - [TEST_STEP][PASSED] - selectOptionByIndex: All options with index in [11] are selected on object 'Object Repository/Store Request Schedule 1/Page_Store/select_--Select--Schedule 1Inj'

2018-05-16 19:24:06 - [MESSAGE][PASSED] - All options with index in [11] are selected on object 'Object Repository/Store Request Schedule 1/Page_Store/select_--Select--Schedule 1Inj'

2018-05-16 19:24:06 - [TEST_STEP][PASSED] - delay: Delayed 1 second(s)

2018-05-16 19:24:07 - [MESSAGE][PASSED] - Delayed 1 second(s)

2018-05-16 19:24:07 - [TEST_STEP][PASSED] - selectOptionByIndex: All options with index in [67] are selected on object 'Object Repository/Store Request Schedule 1/Page_Store/select_--Select--Adernaline 0.'

2018-05-16 19:24:08 - [MESSAGE][PASSED] - All options with index in [67] are selected on object 'Object Repository/Store Request Schedule 1/Page_Store/select_--Select--Adernaline 0.'

2018-05-16 19:24:08 - [TEST_STEP][PASSED] - setText: Text '100' is set on object 'Object Repository/Store Request Schedule 1/Page_Store/input_txttreat'

2018-05-16 19:24:08 - [MESSAGE][PASSED] - Text '100' is set on object 'Object Repository/Store Request Schedule 1/Page_Store/input_txttreat'

2018-05-16 19:24:08 - [TEST_STEP][PASSED] - click: Object: 'Object Repository/Store Request Schedule 1/Page_Store/button_Add' is clicked on

2018-05-16 19:24:08 - [MESSAGE][PASSED] - Object: 'Object Repository/Store Request Schedule 1/Page_Store/button_Add' is clicked on

2018-05-16 19:24:08 - [TEST_STEP][PASSED] - selectOptionByIndex: All options with index in [11] are selected on object 'Object Repository/Store Request Schedule 1/Page_Store/select_--Select--Schedule 1Inj'

2018-05-16 19:24:08 - [MESSAGE][PASSED] - All options with index in [11] are selected on object 'Object Repository/Store Request Schedule 1/Page_Store/select_--Select--Schedule 1Inj'

2018-05-16 19:24:08 - [TEST_STEP][PASSED] - delay: Delayed 1 second(s)

2018-05-16 19:24:09 - [MESSAGE][PASSED] - Delayed 1 second(s)

2018-05-16 19:24:09 - [TEST_STEP][PASSED] - selectOptionByIndex: All options with index in [68] are selected on object 'Object Repository/Store Request Schedule 1/Page_Store/select_--Select--Adernaline 0.'

2018-05-16 19:24:10 - [MESSAGE][PASSED] - All options with index in [68] are selected on object 'Object Repository/Store Request Schedule 1/Page_Store/select_--Select--Adernaline 0.'

2018-05-16 19:24:10 - [TEST_STEP][PASSED] - setText: Text '100' is set on object 'Object Repository/Store Request Schedule 1/Page_Store/input_txttreat'

2018-05-16 19:24:10 - [MESSAGE][PASSED] - Text '100' is set on object 'Object Repository/Store Request Schedule 1/Page_Store/input_txttreat'

2018-05-16 19:24:10 - [TEST_STEP][PASSED] - click: Object: 'Object Repository/Store Request Schedule 1/Page_Store/button_Add' is clicked on

2018-05-16 19:24:10 - [MESSAGE][PASSED] - Object: 'Object Repository/Store Request Schedule 1/Page_Store/button_Add' is clicked on

2018-05-16 19:24:10 - [TEST_STEP][PASSED] - selectOptionByIndex: All options with index in [11] are selected on object 'Object Repository/Store Request Schedule 1/Page_Store/select_--Select--Schedule 1Inj'

2018-05-16 19:24:10 - [MESSAGE][PASSED] - All options with index in [11] are selected on object 'Object Repository/Store Request Schedule 1/Page_Store/select_--Select--Schedule 1Inj'

2018-05-16 19:24:10 - [TEST_STEP][PASSED] - delay: Delayed 1 second(s)

2018-05-16 19:24:11 - [MESSAGE][PASSED] - Delayed 1 second(s)

2018-05-16 19:24:11 - [TEST_STEP][PASSED] - selectOptionByIndex: All options with index in [69] are selected on object 'Object Repository/Store Request Schedule 1/Page_Store/select_--Select--Adernaline 0.'

2018-05-16 19:24:12 - [MESSAGE][PASSED] - All options with index in [69] are selected on object 'Object Repository/Store Request Schedule 1/Page_Store/select_--Select--Adernaline 0.'

2018-05-16 19:24:12 - [TEST_STEP][PASSED] - setText: Text '100' is set on object 'Object Repository/Store Request Schedule 1/Page_Store/input_txttreat'

2018-05-16 19:24:12 - [MESSAGE][PASSED] - Text '100' is set on object 'Object Repository/Store Request Schedule 1/Page_Store/input_txttreat'

2018-05-16 19:24:12 - [TEST_STEP][PASSED] - click: Object: 'Object Repository/Store Request Schedule 1/Page_Store/button_Add' is clicked on

2018-05-16 19:24:12 - [MESSAGE][PASSED] - Object: 'Object Repository/Store Request Schedule 1/Page_Store/button_Add' is clicked on

2018-05-16 19:24:12 - [TEST_STEP][PASSED] - selectOptionByIndex: All options with index in [11] are selected on object 'Object Repository/Store Request Schedule 1/Page_Store/select_--Select--Schedule 1Inj'

2018-05-16 19:24:12 - [MESSAGE][PASSED] - All options with index in [11] are selected on object 'Object Repository/Store Request Schedule 1/Page_Store/select_--Select--Schedule 1Inj'

2018-05-16 19:24:12 - [TEST_STEP][PASSED] - delay: Delayed 1 second(s)

2018-05-16 19:24:13 - [MESSAGE][PASSED] - Delayed 1 second(s)

2018-05-16 19:24:13 - [TEST_STEP][PASSED] - selectOptionByIndex: All options with index in [70] are selected on object 'Object Repository/Store Request Schedule 1/Page_Store/select_--Select--Adernaline 0.'

2018-05-16 19:24:14 - [MESSAGE][PASSED] - All options with index in [70] are selected on object 'Object Repository/Store Request Schedule 1/Page_Store/select_--Select--Adernaline 0.'

2018-05-16 19:24:14 - [TEST_STEP][PASSED] - setText: Text '100' is set on object 'Object Repository/Store Request Schedule 1/Page_Store/input_txttreat'

2018-05-16 19:24:14 - [MESSAGE][PASSED] - Text '100' is set on object 'Object Repository/Store Request Schedule 1/Page_Store/input_txttreat'

2018-05-16 19:24:14 - [TEST_STEP][PASSED] - click: Object: 'Object Repository/Store Request Schedule 1/Page_Store/button_Add' is clicked on

2018-05-16 19:24:14 - [MESSAGE][PASSED] - Object: 'Object Repository/Store Request Schedule 1/Page_Store/button_Add' is clicked on

2018-05-16 19:24:14 - [TEST_STEP][PASSED] - selectOptionByIndex: All options with index in [11] are selected on object 'Object Repository/Store Request Schedule 1/Page_Store/select_--Select--Schedule 1Inj'

2018-05-16 19:24:15 - [MESSAGE][PASSED] - All options with index in [11] are selected on object 'Object Repository/Store Request Schedule 1/Page_Store/select_--Select--Schedule 1Inj'

2018-05-16 19:24:15 - [TEST_STEP][PASSED] - delay: Delayed 1 second(s)

2018-05-16 19:24:16 - [MESSAGE][PASSED] - Delayed 1 second(s)

2018-05-16 19:24:16 - [TEST_STEP][PASSED] - selectOptionByIndex: All options with index in [71] are selected on object 'Object Repository/Store Request Schedule 1/Page_Store/select_--Select--Adernaline 0.'

2018-05-16 19:24:16 - [MESSAGE][PASSED] - All options with index in [71] are selected on object 'Object Repository/Store Request Schedule 1/Page_Store/select_--Select--Adernaline 0.'

2018-05-16 19:24:16 - [TEST_STEP][PASSED] - setText: Text '100' is set on object 'Object Repository/Store Request Schedule 1/Page_Store/input_txttreat'

2018-05-16 19:24:17 - [MESSAGE][PASSED] - Text '100' is set on object 'Object Repository/Store Request Schedule 1/Page_Store/input_txttreat'

2018-05-16 19:24:17 - [TEST_STEP][PASSED] - click: Object: 'Object Repository/Store Request Schedule 1/Page_Store/button_Add' is clicked on

2018-05-16 19:24:17 - [MESSAGE][PASSED] - Object: 'Object Repository/Store Request Schedule 1/Page_Store/button_Add' is clicked on

2018-05-16 19:24:17 - [TEST_STEP][PASSED] - selectOptionByIndex: All options with index in [11] are selected on object 'Object Repository/Store Request Schedule 1/Page_Store/select_--Select--Schedule 1Inj'

2018-05-16 19:24:17 - [MESSAGE][PASSED] - All options with index in [11] are selected on object 'Object Repository/Store Request Schedule 1/Page_Store/select_--Select--Schedule 1Inj'

2018-05-16 19:24:17 - [TEST_STEP][PASSED] - delay: Delayed 1 second(s)

2018-05-16 19:24:18 - [MESSAGE][PASSED] - Delayed 1 second(s)

2018-05-16 19:24:18 - [TEST_STEP][PASSED] - selectOptionByIndex: All options with index in [72] are selected on object 'Object Repository/Store Request Schedule 1/Page_Store/select_--Select--Adernaline 0.'

2018-05-16 19:24:19 - [MESSAGE][PASSED] - All options with index in [72] are selected on object 'Object Repository/Store Request Schedule 1/Page_Store/select_--Select--Adernaline 0.'

2018-05-16 19:24:19 - [TEST_STEP][PASSED] - setText: Text '100' is set on object 'Object Repository/Store Request Schedule 1/Page_Store/input_txttreat'

2018-05-16 19:24:19 - [MESSAGE][PASSED] - Text '100' is set on object 'Object Repository/Store Request Schedule 1/Page_Store/input_txttreat'

2018-05-16 19:24:19 - [TEST_STEP][PASSED] - click: Object: 'Object Repository/Store Request Schedule 1/Page_Store/button_Add' is clicked on

2018-05-16 19:24:19 - [MESSAGE][PASSED] - Object: 'Object Repository/Store Request Schedule 1/Page_Store/button_Add' is clicked on

2018-05-16 19:24:19 - [TEST_STEP][PASSED] - selectOptionByIndex: All options with index in [11] are selected on object 'Object Repository/Store Request Schedule 1/Page_Store/select_--Select--Schedule 1Inj'

2018-05-16 19:24:19 - [MESSAGE][PASSED] - All options with index in [11] are selected on object 'Object Repository/Store Request Schedule 1/Page_Store/select_--Select--Schedule 1Inj'

2018-05-16 19:24:19 - [TEST_STEP][PASSED] - delay: Delayed 1 second(s)

2018-05-16 19:24:20 - [MESSAGE][PASSED] - Delayed 1 second(s)

2018-05-16 19:24:20 - [TEST_STEP][PASSED] - selectOptionByIndex: All options with index in [73] are selected on object 'Object Repository/Store Request Schedule 1/Page_Store/select_--Select--Adernaline 0.'

2018-05-16 19:24:21 - [MESSAGE][PASSED] - All options with index in [73] are selected on object 'Object Repository/Store Request Schedule 1/Page_Store/select_--Select--Adernaline 0.'

2018-05-16 19:24:21 - [TEST_STEP][PASSED] - setText: Text '100' is set on object 'Object Repository/Store Request Schedule 1/Page_Store/input_txttreat'

2018-05-16 19:24:21 - [MESSAGE][PASSED] - Text '100' is set on object 'Object Repository/Store Request Schedule 1/Page_Store/input_txttreat'

2018-05-16 19:24:21 - [TEST_STEP][PASSED] - click: Object: 'Object Repository/Store Request Schedule 1/Page_Store/button_Add' is clicked on

2018-05-16 19:24:21 - [MESSAGE][PASSED] - Object: 'Object Repository/Store Request Schedule 1/Page_Store/button_Add' is clicked on

2018-05-16 19:24:21 - [TEST_STEP][PASSED] - selectOptionByIndex: All options with index in [11] are selected on object 'Object Repository/Store Request Schedule 1/Page_Store/select_--Select--Schedule 1Inj'

2018-05-16 19:24:21 - [MESSAGE][PASSED] - All options with index in [11] are selected on object 'Object Repository/Store Request Schedule 1/Page_Store/select_--Select--Schedule 1Inj'

2018-05-16 19:24:21 - [TEST_STEP][PASSED] - delay: Delayed 1 second(s)

2018-05-16 19:24:22 - [MESSAGE][PASSED] - Delayed 1 second(s)

2018-05-16 19:24:22 - [TEST_STEP][PASSED] - selectOptionByIndex: All options with index in [74] are selected on object 'Object Repository/Store Request Schedule 1/Page_Store/select_--Select--Adernaline 0.'

2018-05-16 19:24:23 - [MESSAGE][PASSED] - All options with index in [74] are selected on object 'Object Repository/Store Request Schedule 1/Page_Store/select_--Select--Adernaline 0.'

2018-05-16 19:24:23 - [TEST_STEP][PASSED] - setText: Text '100' is set on object 'Object Repository/Store Request Schedule 1/Page_Store/input_txttreat'

2018-05-16 19:24:23 - [MESSAGE][PASSED] - Text '100' is set on object 'Object Repository/Store Request Schedule 1/Page_Store/input_txttreat'

2018-05-16 19:24:23 - [TEST_STEP][PASSED] - click: Object: 'Object Repository/Store Request Schedule 1/Page_Store/button_Add' is clicked on

2018-05-16 19:24:23 - [MESSAGE][PASSED] - Object: 'Object Repository/Store Request Schedule 1/Page_Store/button_Add' is clicked on

2018-05-16 19:24:23 - [TEST_STEP][PASSED] - selectOptionByIndex: All options with index in [11] are selected on object 'Object Repository/Store Request Schedule 1/Page_Store/select_--Select--Schedule 1Inj'

2018-05-16 19:24:23 - [MESSAGE][PASSED] - All options with index in [11] are selected on object 'Object Repository/Store Request Schedule 1/Page_Store/select_--Select--Schedule 1Inj'

2018-05-16 19:24:23 - [TEST_STEP][PASSED] - delay: Delayed 1 second(s)

2018-05-16 19:24:24 - [MESSAGE][PASSED] - Delayed 1 second(s)

2018-05-16 19:24:24 - [TEST_STEP][PASSED] - selectOptionByIndex: All options with index in [75] are selected on object 'Object Repository/Store Request Schedule 1/Page_Store/select_--Select--Adernaline 0.'

2018-05-16 19:24:25 - [MESSAGE][PASSED] - All options with index in [75] are selected on object 'Object Repository/Store Request Schedule 1/Page_Store/select_--Select--Adernaline 0.'

2018-05-16 19:24:25 - [TEST_STEP][PASSED] - setText: Text '100' is set on object 'Object Repository/Store Request Schedule 1/Page_Store/input_txttreat'

2018-05-16 19:24:25 - [MESSAGE][PASSED] - Text '100' is set on object 'Object Repository/Store Request Schedule 1/Page_Store/input_txttreat'

2018-05-16 19:24:25 - [TEST_STEP][PASSED] - click: Object: 'Object Repository/Store Request Schedule 1/Page_Store/button_Add' is clicked on

2018-05-16 19:24:25 - [MESSAGE][PASSED] - Object: 'Object Repository/Store Request Schedule 1/Page_Store/button_Add' is clicked on

2018-05-16 19:24:25 - [TEST_STEP][PASSED] - selectOptionByIndex: All options with index in [11] are selected on object 'Object Repository/Store Request Schedule 1/Page_Store/select_--Select--Schedule 1Inj'

2018-05-16 19:24:26 - [MESSAGE][PASSED] - All options with index in [11] are selected on object 'Object Repository/Store Request Schedule 1/Page_Store/select_--Select--Schedule 1Inj'

2018-05-16 19:24:26 - [TEST_STEP][PASSED] - delay: Delayed 1 second(s)

2018-05-16 19:24:27 - [MESSAGE][PASSED] - Delayed 1 second(s)

2018-05-16 19:24:27 - [TEST_STEP][PASSED] - selectOptionByIndex: All options with index in [76] are selected on object 'Object Repository/Store Request Schedule 1/Page_Store/select_--Select--Adernaline 0.'

2018-05-16 19:24:27 - [MESSAGE][PASSED] - All options with index in [76] are selected on object 'Object Repository/Store Request Schedule 1/Page_Store/select_--Select--Adernaline 0.'

2018-05-16 19:24:27 - [TEST_STEP][PASSED] - setText: Text '100' is set on object 'Object Repository/Store Request Schedule 1/Page_Store/input_txttreat'

2018-05-16 19:24:28 - [MESSAGE][PASSED] - Text '100' is set on object 'Object Repository/Store Request Schedule 1/Page_Store/input_txttreat'

2018-05-16 19:24:28 - [TEST_STEP][PASSED] - click: Object: 'Object Repository/Store Request Schedule 1/Page_Store/button_Add' is clicked on

2018-05-16 19:24:28 - [MESSAGE][PASSED] - Object: 'Object Repository/Store Request Schedule 1/Page_Store/button_Add' is clicked on

2018-05-16 19:24:28 - [TEST_STEP][PASSED] - selectOptionByIndex: All options with index in [11] are selected on object 'Object Repository/Store Request Schedule 1/Page_Store/select_--Select--Schedule 1Inj'

2018-05-16 19:24:28 - [MESSAGE][PASSED] - All options with index in [11] are selected on object 'Object Repository/Store Request Schedule 1/Page_Store/select_--Select--Schedule 1Inj'

2018-05-16 19:24:28 - [TEST_STEP][PASSED] - delay: Delayed 1 second(s)

2018-05-16 19:24:29 - [MESSAGE][PASSED] - Delayed 1 second(s)

2018-05-16 19:24:29 - [TEST_STEP][PASSED] - selectOptionByIndex: All options with index in [77] are selected on object 'Object Repository/Store Request Schedule 1/Page_Store/select_--Select--Adernaline 0.'

2018-05-16 19:24:30 - [MESSAGE][PASSED] - All options with index in [77] are selected on object 'Object Repository/Store Request Schedule 1/Page_Store/select_--Select--Adernaline 0.'

2018-05-16 19:24:30 - [TEST_STEP][PASSED] - setText: Text '100' is set on object 'Object Repository/Store Request Schedule 1/Page_Store/input_txttreat'

2018-05-16 19:24:30 - [MESSAGE][PASSED] - Text '100' is set on object 'Object Repository/Store Request Schedule 1/Page_Store/input_txttreat'

2018-05-16 19:24:30 - [TEST_STEP][PASSED] - click: Object: 'Object Repository/Store Request Schedule 1/Page_Store/button_Add' is clicked on

2018-05-16 19:24:30 - [MESSAGE][PASSED] - Object: 'Object Repository/Store Request Schedule 1/Page_Store/button_Add' is clicked on

2018-05-16 19:24:30 - [TEST_STEP][PASSED] - selectOptionByIndex: All options with index in [11] are selected on object 'Object Repository/Store Request Schedule 1/Page_Store/select_--Select--Schedule 1Inj'

2018-05-16 19:24:30 - [MESSAGE][PASSED] - All options with index in [11] are selected on object 'Object Repository/Store Request Schedule 1/Page_Store/select_--Select--Schedule 1Inj'

2018-05-16 19:24:30 - [TEST_STEP][PASSED] - delay: Delayed 1 second(s)

2018-05-16 19:24:31 - [MESSAGE][PASSED] - Delayed 1 second(s)

2018-05-16 19:24:31 - [TEST_STEP][PASSED] - selectOptionByIndex: All options with index in [78] are selected on object 'Object Repository/Store Request Schedule 1/Page_Store/select_--Select--Adernaline 0.'

2018-05-16 19:24:32 - [MESSAGE][PASSED] - All options with index in [78] are selected on object 'Object Repository/Store Request Schedule 1/Page_Store/select_--Select--Adernaline 0.'

2018-05-16 19:24:32 - [TEST_STEP][PASSED] - setText: Text '100' is set on object 'Object Repository/Store Request Schedule 1/Page_Store/input_txttreat'

2018-05-16 19:24:32 - [MESSAGE][PASSED] - Text '100' is set on object 'Object Repository/Store Request Schedule 1/Page_Store/input_txttreat'

2018-05-16 19:24:32 - [TEST_STEP][PASSED] - click: Object: 'Object Repository/Store Request Schedule 1/Page_Store/button_Add' is clicked on

2018-05-16 19:24:32 - [MESSAGE][PASSED] - Object: 'Object Repository/Store Request Schedule 1/Page_Store/button_Add' is clicked on

2018-05-16 19:24:32 - [TEST_STEP][PASSED] - selectOptionByIndex: All options with index in [11] are selected on object 'Object Repository/Store Request Schedule 1/Page_Store/select_--Select--Schedule 1Inj'

2018-05-16 19:24:32 - [MESSAGE][PASSED] - All options with index in [11] are selected on object 'Object Repository/Store Request Schedule 1/Page_Store/select_--Select--Schedule 1Inj'

2018-05-16 19:24:32 - [TEST_STEP][PASSED] - delay: Delayed 1 second(s)

2018-05-16 19:24:33 - [MESSAGE][PASSED] - Delayed 1 second(s)

2018-05-16 19:24:33 - [TEST_STEP][PASSED] - selectOptionByIndex: All options with index in [79] are selected on object 'Object Repository/Store Request Schedule 1/Page_Store/select_--Select--Adernaline 0.'

2018-05-16 19:24:34 - [MESSAGE][PASSED] - All options with index in [79] are selected on object 'Object Repository/Store Request Schedule 1/Page_Store/select_--Select--Adernaline 0.'

2018-05-16 19:24:34 - [TEST_STEP][PASSED] - setText: Text '100' is set on object 'Object Repository/Store Request Schedule 1/Page_Store/input_txttreat'

2018-05-16 19:24:34 - [MESSAGE][PASSED] - Text '100' is set on object 'Object Repository/Store Request Schedule 1/Page_Store/input_txttreat'

2018-05-16 19:24:34 - [TEST_STEP][PASSED] - click: Object: 'Object Repository/Store Request Schedule 1/Page_Store/button_Add' is clicked on

2018-05-16 19:24:34 - [MESSAGE][PASSED] - Object: 'Object Repository/Store Request Schedule 1/Page_Store/button_Add' is clicked on

2018-05-16 19:24:34 - [TEST_STEP][PASSED] - selectOptionByIndex: All options with index in [11] are selected on object 'Object Repository/Store Request Schedule 1/Page_Store/select_--Select--Schedule 1Inj'

2018-05-16 19:24:35 - [MESSAGE][PASSED] - All options with index in [11] are selected on object 'Object Repository/Store Request Schedule 1/Page_Store/select_--Select--Schedule 1Inj'

2018-05-16 19:24:35 - [TEST_STEP][PASSED] - delay: Delayed 1 second(s)

2018-05-16 19:24:36 - [MESSAGE][PASSED] - Delayed 1 second(s)

2018-05-16 19:24:36 - [TEST_STEP][PASSED] - selectOptionByIndex: All options with index in [80] are selected on object 'Object Repository/Store Request Schedule 1/Page_Store/select_--Select--Adernaline 0.'

2018-05-16 19:24:36 - [MESSAGE][PASSED] - All options with index in [80] are selected on object 'Object Repository/Store Request Schedule 1/Page_Store/select_--Select--Adernaline 0.'

2018-05-16 19:24:36 - [TEST_STEP][PASSED] - setText: Text '100' is set on object 'Object Repository/Store Request Schedule 1/Page_Store/input_txttreat'

2018-05-16 19:24:36 - [MESSAGE][PASSED] - Text '100' is set on object 'Object Repository/Store Request Schedule 1/Page_Store/input_txttreat'

2018-05-16 19:24:36 - [TEST_STEP][PASSED] - click: Object: 'Object Repository/Store Request Schedule 1/Page_Store/button_Add' is clicked on

2018-05-16 19:24:37 - [MESSAGE][PASSED] - Object: 'Object Repository/Store Request Schedule 1/Page_Store/button_Add' is clicked on

2018-05-16 19:24:37 - [TEST_STEP][PASSED] - delay: Delayed 2 second(s)

2018-05-16 19:24:39 - [MESSAGE][PASSED] - Delayed 2 second(s)

2018-05-16 19:24:39 - [TEST_STEP][PASSED] - scrollToElement: Scroll to object 'Object Repository/Store Request Schedule 1/Page_Store/input_btnsave' successfully

2018-05-16 19:24:39 - [MESSAGE][PASSED] - Scroll to object 'Object Repository/Store Request Schedule 1/Page_Store/input_btnsave' successfully

2018-05-16 19:24:39 - [TEST_STEP][PASSED] - click: Object: 'Object Repository/Store Request Schedule 1/Page_Store/input_btnsave' is clicked on

2018-05-16 19:24:39 - [MESSAGE][PASSED] - Object: 'Object Repository/Store Request Schedule 1/Page_Store/input_btnsave' is clicked on

2018-05-16 19:24:39 - [TEST_STEP][PASSED] - delay: Delayed 4 second(s)

2018-05-16 19:24:43 - [MESSAGE][PASSED] - Delayed 4 second(s)

2018-05-16 19:24:43 - [TEST_STEP][PASSED] - Statement - Cms_RequestNumber = com.kms.katalon.core.webui.keyword.WebUiBuiltInKeywords.getText(com.kms.katalon.core.testobject.ObjectRepository.findTestObject(Store Request Schedule 1/Page_Store/font_PRNO050520189)): Text of object 'Object Repository/Store Request Schedule 1/Page_Store/font_PRNO050520189' is: 'PRNO/16052018/172'

2018-05-16 19:24:43 - [MESSAGE][PASSED] - Text of object 'Object Repository/Store Request Schedule 1/Page_Store/font_PRNO050520189' is: 'PRNO/16052018/172'

2018-05-16 19:24:43 - [TEST_STEP][PASSED] - Statement - CR = Cms_RequestNumber.trim(): null

2018-05-16 19:24:43 - [TEST_STEP][PASSED] - Statement - out.println("RQ :" + Cms_RequestNumber): null

2018-05-16 19:24:43 - [TEST_STEP][PASSED] - Statement - RequestNumberID = Cms_RequestNumber.split("/")[2].trim(): null

2018-05-16 19:24:43 - [TEST_STEP][PASSED] - Statement - out.println("RQ ID :" + RequestNumberID): null

2018-05-16 19:24:43 - [TEST_STEP][PASSED] - delay: Delayed 3 second(s)

2018-05-16 19:24:46 - [MESSAGE][PASSED] - Delayed 3 second(s)

2018-05-16 19:24:46 - [TEST_STEP][PASSED] - Statement - ok = com.kms.katalon.core.webui.keyword.WebUiBuiltInKeywords.click(com.kms.katalon.core.testobject.ObjectRepository.findTestObject(Store Request Schedule 1/Page_Store/button_OK)): Object: 'Object Repository/Store Request Schedule 1/Page_Store/button_OK' is clicked on

2018-05-16 19:24:46 - [MESSAGE][PASSED] - Object: 'Object Repository/Store Request Schedule 1/Page_Store/button_OK' is clicked on

2018-05-16 19:24:46 - [TEST_STEP][PASSED] - delay: Delayed 3 second(s)

2018-05-16 19:24:49 - [MESSAGE][PASSED] - Delayed 3 second(s)

2018-05-16 19:24:49 - [TEST_STEP][PASSED] - click: Object: 'Object Repository/Store Request Schedule 1/Page_Store/a_dropdown-toggle' is clicked on

2018-05-16 19:24:50 - [MESSAGE][PASSED] - Object: 'Object Repository/Store Request Schedule 1/Page_Store/a_dropdown-toggle' is clicked on

2018-05-16 19:24:50 - [TEST_STEP][PASSED] - click: Object: 'Object Repository/Store Request Schedule 1/Page_Store/a_Sign out' is clicked on

2018-05-16 19:24:50 - [MESSAGE][PASSED] - Object: 'Object Repository/Store Request Schedule 1/Page_Store/a_Sign out' is clicked on

2018-05-16 19:24:50 - [TEST_STEP][PASSED] - delay: Delayed 3 second(s)

2018-05-16 19:24:53 - [MESSAGE][PASSED] - Delayed 3 second(s)

2018-05-16 19:24:53 - [TEST_STEP][PASSED] - click: Object: 'Object Repository/Store Request Schedule 1/Page_KDMC/a_CMO' is clicked on

2018-05-16 19:24:54 - [MESSAGE][PASSED] - Object: 'Object Repository/Store Request Schedule 1/Page_KDMC/a_CMO' is clicked on

2018-05-16 19:24:54 - [TEST_STEP][PASSED] - setText: Text 'guru' is set on object 'Object Repository/Store Request Schedule 1/Page_CMO login/input_txtusername'

2018-05-16 19:24:54 - [MESSAGE][PASSED] - Text 'guru' is set on object 'Object Repository/Store Request Schedule 1/Page_CMO login/input_txtusername'

2018-05-16 19:24:54 - [TEST_STEP][PASSED] - setText: Text '123' is set on object 'Object Repository/Store Request Schedule 1/Page_CMO login/input_txtpassword'

2018-05-16 19:24:54 - [MESSAGE][PASSED] - Text '123' is set on object 'Object Repository/Store Request Schedule 1/Page_CMO login/input_txtpassword'

2018-05-16 19:24:54 - [TEST_STEP][PASSED] - delay: Delayed 3 second(s)

2018-05-16 19:24:57 - [MESSAGE][PASSED] - Delayed 3 second(s)

2018-05-16 19:24:57 - [TEST_STEP][PASSED] - click: Object: 'Object Repository/Store Request Schedule 1/Page_CMO login/button_Sign in' is clicked on

2018-05-16 19:24:58 - [MESSAGE][PASSED] - Object: 'Object Repository/Store Request Schedule 1/Page_CMO login/button_Sign in' is clicked on

2018-05-16 19:24:58 - [TEST_STEP][PASSED] - delay: Delayed 2 second(s)

2018-05-16 19:25:00 - [MESSAGE][PASSED] - Delayed 2 second(s)

2018-05-16 19:25:00 - [TEST_STEP][PASSED] - click: Object: 'Object Repository/Store Request Schedule 1/Page_KDMC - CMO/span_Department Wise Request' is clicked on

2018-05-16 19:25:01 - [MESSAGE][PASSED] - Object: 'Object Repository/Store Request Schedule 1/Page_KDMC - CMO/span_Department Wise Request' is clicked on

2018-05-16 19:25:01 - [TEST_STEP][PASSED] - click: Object: 'Object Repository/Store Request Schedule 1/Page_KDMC - CMO/a_CMS Request' is clicked on

2018-05-16 19:25:01 - [MESSAGE][PASSED] - Object: 'Object Repository/Store Request Schedule 1/Page_KDMC - CMO/a_CMS Request' is clicked on

2018-05-16 19:25:01 - [TEST_STEP][PASSED] - click: Object: 'Object Repository/Store Request Schedule 1/Page_KDMC - CMO/a_CMS Request' is clicked on

2018-05-16 19:25:01 - [MESSAGE][PASSED] - Object: 'Object Repository/Store Request Schedule 1/Page_KDMC - CMO/a_CMS Request' is clicked on

2018-05-16 19:25:01 - [TEST_STEP][PASSED] - click: Object: 'Object Repository/Store Request Schedule 1/Page_KDMC - CMO/span_Divisional Store Request' is clicked on

2018-05-16 19:25:02 - [MESSAGE][PASSED] - Object: 'Object Repository/Store Request Schedule 1/Page_KDMC - CMO/span_Divisional Store Request' is clicked on

2018-05-16 19:25:02 - [TEST_STEP][PASSED] - delay: Delayed 2 second(s)

2018-05-16 19:25:04 - [MESSAGE][PASSED] - Delayed 2 second(s)

2018-05-16 19:25:04 - [TEST_STEP][PASSED] - Statement - approval = com.kms.katalon.core.webui.keyword.WebUiBuiltInKeywords.modifyObjectProperty(com.kms.katalon.core.testobject.ObjectRepository.findTestObject(Store Request Schedule 1/Page_KDMC - CMO/input_PRNO050520189), "xpath", "equals", "//*[@id=" + RequestNumberID + "]", true): Modify property of object successfully

2018-05-16 19:25:04 - [MESSAGE][PASSED] - Modify property of object successfully

2018-05-16 19:25:04 - [TEST_STEP][PASSED] - click: Object: 'Object Repository/Store Request Schedule 1/Page_KDMC - CMO/input_PRNO050520189' is clicked on

2018-05-16 19:25:04 - [MESSAGE][PASSED] - Object: 'Object Repository/Store Request Schedule 1/Page_KDMC - CMO/input_PRNO050520189' is clicked on

2018-05-16 19:25:04 - [TEST_STEP][PASSED] - delay: Delayed 2 second(s)

2018-05-16 19:25:06 - [MESSAGE][PASSED] - Delayed 2 second(s)

2018-05-16 19:25:06 - [TEST_STEP][PASSED] - selectOptionByIndex: All options with index in [1] are selected on object 'Object Repository/Store Request Schedule 1/Page_KDMC - CMO/select_--Select--'

2018-05-16 19:25:06 - [MESSAGE][PASSED] - All options with index in [1] are selected on object 'Object Repository/Store Request Schedule 1/Page_KDMC - CMO/select_--Select--'

2018-05-16 19:25:06 - [TEST_STEP][PASSED] - click: Object: 'Object Repository/Store Request Schedule 1/Page_KDMC - CMO/input_btnupdate' is clicked on

2018-05-16 19:25:06 - [MESSAGE][PASSED] - Object: 'Object Repository/Store Request Schedule 1/Page_KDMC - CMO/input_btnupdate' is clicked on

2018-05-16 19:25:06 - [TEST_STEP][PASSED] - delay: Delayed 2 second(s)

2018-05-16 19:25:08 - [MESSAGE][PASSED] - Delayed 2 second(s)

2018-05-16 19:25:08 - [TEST_STEP][PASSED] - click: Object: 'Object Repository/Store Request Schedule 1/Page_KDMC - CMO/button_OK' is clicked on

2018-05-16 19:25:09 - [MESSAGE][PASSED] - Object: 'Object Repository/Store Request Schedule 1/Page_KDMC - CMO/button_OK' is clicked on

2018-05-16 19:25:09 - [TEST_STEP][PASSED] - delay: Delayed 2 second(s)

2018-05-16 19:25:11 - [MESSAGE][PASSED] - Delayed 2 second(s)

2018-05-16 19:25:11 - [TEST_STEP][PASSED] - click: Object: 'Object Repository/Store Request Schedule 1/Page_KDMC - CMO/a_dropdown-toggle' is clicked on

2018-05-16 19:25:11 - [MESSAGE][PASSED] - Object: 'Object Repository/Store Request Schedule 1/Page_KDMC - CMO/a_dropdown-toggle' is clicked on

2018-05-16 19:25:11 - [TEST_STEP][PASSED] - click: Object: 'Object Repository/Store Request Schedule 1/Page_KDMC - CMO/a_Sign out' is clicked on

2018-05-16 19:25:11 - [MESSAGE][PASSED] - Object: 'Object Repository/Store Request Schedule 1/Page_KDMC - CMO/a_Sign out' is clicked on

2018-05-16 19:25:11 - [TEST_STEP][PASSED] - delay: Delayed 3 second(s)

2018-05-16 19:25:14 - [MESSAGE][PASSED] - Delayed 3 second(s)

2018-05-16 19:25:14 - [TEST_STEP][PASSED] - click: Object: 'Object Repository/store Request Schedule 1/Page_KDMC/a_CMS' is clicked on

2018-05-16 19:25:15 - [MESSAGE][PASSED] - Object: 'Object Repository/store Request Schedule 1/Page_KDMC/a_CMS' is clicked on

2018-05-16 19:25:15 - [TEST_STEP][PASSED] - setText: Text 'bala' is set on object 'Object Repository/store Request Schedule 1/Page_CMS login/input_txtusername'

2018-05-16 19:25:15 - [MESSAGE][PASSED] - Text 'bala' is set on object 'Object Repository/store Request Schedule 1/Page_CMS login/input_txtusername'

2018-05-16 19:25:15 - [TEST_STEP][PASSED] - setText: Text '123' is set on object 'Object Repository/store Request Schedule 1/Page_CMS login/input_txtpassword'

2018-05-16 19:25:15 - [MESSAGE][PASSED] - Text '123' is set on object 'Object Repository/store Request Schedule 1/Page_CMS login/input_txtpassword'

2018-05-16 19:25:15 - [TEST_STEP][PASSED] - delay: Delayed 3 second(s)

2018-05-16 19:25:18 - [MESSAGE][PASSED] - Delayed 3 second(s)

2018-05-16 19:25:18 - [TEST_STEP][PASSED] - click: Object: 'Object Repository/store Request Schedule 1/Page_CMS login/button_Sign in' is clicked on

2018-05-16 19:25:18 - [MESSAGE][PASSED] - Object: 'Object Repository/store Request Schedule 1/Page_CMS login/button_Sign in' is clicked on

2018-05-16 19:25:18 - [TEST_STEP][PASSED] - delay: Delayed 2 second(s)

2018-05-16 19:25:20 - [MESSAGE][PASSED] - Delayed 2 second(s)

2018-05-16 19:25:20 - [TEST_STEP][PASSED] - click: Object: 'Object Repository/store Request Schedule 1/Page_KDMC - CMS/a_Divisional Store' is clicked on

2018-05-16 19:25:20 - [MESSAGE][PASSED] - Object: 'Object Repository/store Request Schedule 1/Page_KDMC - CMS/a_Divisional Store' is clicked on

2018-05-16 19:25:20 - [TEST_STEP][PASSED] - delay: Delayed 2 second(s)

2018-05-16 19:25:22 - [MESSAGE][PASSED] - Delayed 2 second(s)

2018-05-16 19:25:22 - [TEST_STEP][PASSED] - click: Object: 'Object Repository/store Request Schedule 1/Page_KDMC - CMS/a_Dispatch Items' is clicked on

2018-05-16 19:25:23 - [MESSAGE][PASSED] - Object: 'Object Repository/store Request Schedule 1/Page_KDMC - CMS/a_Dispatch Items' is clicked on

2018-05-16 19:25:23 - [TEST_STEP][PASSED] - setText: Text 'PRNO/16052018/172' is set on object 'Object Repository/store Request Schedule 1/Page_KDMC - CMS/input'

2018-05-16 19:25:23 - [MESSAGE][PASSED] - Text 'PRNO/16052018/172' is set on object 'Object Repository/store Request Schedule 1/Page_KDMC - CMS/input'

2018-05-16 19:25:23 - [TEST_STEP][PASSED] - click: Object: 'Object Repository/store Request Schedule 1/Page_KDMC - CMS/td_text-center' is clicked on

2018-05-16 19:25:23 - [MESSAGE][PASSED] - Object: 'Object Repository/store Request Schedule 1/Page_KDMC - CMS/td_text-center' is clicked on

2018-05-16 19:25:23 - [TEST_STEP][PASSED] - delay: Delayed 2 second(s)

2018-05-16 19:25:25 - [MESSAGE][PASSED] - Delayed 2 second(s)

2018-05-16 19:25:25 - [TEST_STEP][PASSED] - Statement - For ([row = 0, row < SelectedOptions - 1, (row++)]): null

2018-05-16 19:25:25 - [TEST_STEP][PASSED] - Statement - batchlength = new com.kms.katalon.core.testobject.TestObject(): null

2018-05-16 19:25:25 - [TEST_STEP][PASSED] - Statement - batchlength = com.kms.katalon.core.webui.keyword.WebUiBuiltInKeywords.modifyObjectProperty(batchlength, "xpath", "equals", "//*[@id = "fldvendor" + row + ""]", true): Modify property of object successfully

2018-05-16 19:25:25 - [MESSAGE][PASSED] - Modify property of object successfully

2018-05-16 19:25:25 - [TEST_STEP][PASSED] - Statement - batchsize = com.kms.katalon.core.webui.keyword.WebUiBuiltInKeywords.getNumberOfTotalOption(batchlength): 5 options of object '' counted

2018-05-16 19:25:25 - [MESSAGE][PASSED] - 5 options of object '' counted

2018-05-16 19:25:25 - [TEST_STEP][PASSED] - Statement - out.println("BatchSize : " + batchsize): null

2018-05-16 19:25:25 - [TEST_STEP][PASSED] - Statement - For ([n = 1, n <= batchsize - 1, (n++)]): null

2018-05-16 19:25:25 - [TEST_STEP][PASSED] - Statement - product = new com.kms.katalon.core.testobject.TestObject(): null

2018-05-16 19:25:25 - [TEST_STEP][PASSED] - Statement - product = com.kms.katalon.core.webui.keyword.WebUiBuiltInKeywords.modifyObjectProperty(product, "xpath", "equals", "//*[@id = "fldvendor" + row + ""]", true): Modify property of object successfully

2018-05-16 19:25:25 - [MESSAGE][PASSED] - Modify property of object successfully

2018-05-16 19:25:25 - [TEST_STEP][PASSED] - selectOptionByIndex: All options with index in [1] are selected on object ''

2018-05-16 19:25:26 - [MESSAGE][PASSED] - All options with index in [1] are selected on object ''

2018-05-16 19:25:26 - [TEST_STEP][PASSED] - Statement - batch = new com.kms.katalon.core.testobject.TestObject(): null

2018-05-16 19:25:26 - [TEST_STEP][PASSED] - Statement - batch = com.kms.katalon.core.webui.keyword.WebUiBuiltInKeywords.modifyObjectProperty(batch, "xpath", "equals", "//*[@id = "txtbthqty" + row + ""]", true): Modify property of object successfully

2018-05-16 19:25:26 - [MESSAGE][PASSED] - Modify property of object successfully

2018-05-16 19:25:26 - [TEST_STEP][PASSED] - Statement - batchqty = com.kms.katalon.core.webui.keyword.WebUiBuiltInKeywords.getAttribute(batch, "value").trim(): Attribute 'value' of object '' is: '5000'

2018-05-16 19:25:26 - [MESSAGE][PASSED] - Attribute 'value' of object '' is: '5000'

2018-05-16 19:25:26 - [TEST_STEP][PASSED] - Statement - Rqty = 100: null

2018-05-16 19:25:26 - [TEST_STEP][PASSED] - delay: Delayed 2 second(s)

2018-05-16 19:25:28 - [MESSAGE][PASSED] - Delayed 2 second(s)

2018-05-16 19:25:28 - [TEST_STEP][PASSED] - Statement - out.println("BatchQty : " + batchqty): null

2018-05-16 19:25:28 - [TEST_STEP][PASSED] - Statement - out.println("RQty : " + Rqty): null

2018-05-16 19:25:28 - [TEST_STEP][PASSED] - Statement - If (java.lang.Integer.valueOf(batchqty) >= java.lang.Integer.valueOf(Rqty)): null

2018-05-16 19:25:28 - [TEST_STEP][PASSED] - Statement - Break: null

2018-05-16 19:25:28 - [TEST_STEP][PASSED] - Statement - batchlength = new com.kms.katalon.core.testobject.TestObject(): null

2018-05-16 19:25:28 - [TEST_STEP][PASSED] - Statement - batchlength = com.kms.katalon.core.webui.keyword.WebUiBuiltInKeywords.modifyObjectProperty(batchlength, "xpath", "equals", "//*[@id = "fldvendor" + row + ""]", true): Modify property of object successfully

2018-05-16 19:25:28 - [MESSAGE][PASSED] - Modify property of object successfully

2018-05-16 19:25:28 - [TEST_STEP][PASSED] - Statement - batchsize = com.kms.katalon.core.webui.keyword.WebUiBuiltInKeywords.getNumberOfTotalOption(batchlength): 6 options of object '' counted

2018-05-16 19:25:28 - [MESSAGE][PASSED] - 6 options of object '' counted

2018-05-16 19:25:28 - [TEST_STEP][PASSED] - Statement - out.println("BatchSize : " + batchsize): null

2018-05-16 19:25:28 - [TEST_STEP][PASSED] - Statement - For ([n = 1, n <= batchsize - 1, (n++)]): null

2018-05-16 19:25:28 - [TEST_STEP][PASSED] - Statement - product = new com.kms.katalon.core.testobject.TestObject(): null

2018-05-16 19:25:28 - [TEST_STEP][PASSED] - Statement - product = com.kms.katalon.core.webui.keyword.WebUiBuiltInKeywords.modifyObjectProperty(product, "xpath", "equals", "//*[@id = "fldvendor" + row + ""]", true): Modify property of object successfully

2018-05-16 19:25:28 - [MESSAGE][PASSED] - Modify property of object successfully

2018-05-16 19:25:28 - [TEST_STEP][PASSED] - selectOptionByIndex: All options with index in [1] are selected on object ''

2018-05-16 19:25:28 - [MESSAGE][PASSED] - All options with index in [1] are selected on object ''

2018-05-16 19:25:28 - [TEST_STEP][PASSED] - Statement - batch = new com.kms.katalon.core.testobject.TestObject(): null

2018-05-16 19:25:28 - [TEST_STEP][PASSED] - Statement - batch = com.kms.katalon.core.webui.keyword.WebUiBuiltInKeywords.modifyObjectProperty(batch, "xpath", "equals", "//*[@id = "txtbthqty" + row + ""]", true): Modify property of object successfully

2018-05-16 19:25:28 - [MESSAGE][PASSED] - Modify property of object successfully

2018-05-16 19:25:28 - [TEST_STEP][PASSED] - Statement - batchqty = com.kms.katalon.core.webui.keyword.WebUiBuiltInKeywords.getAttribute(batch, "value").trim(): Attribute 'value' of object '' is: '5000'

2018-05-16 19:25:28 - [MESSAGE][PASSED] - Attribute 'value' of object '' is: '5000'

2018-05-16 19:25:28 - [TEST_STEP][PASSED] - Statement - Rqty = 100: null

2018-05-16 19:25:28 - [TEST_STEP][PASSED] - delay: Delayed 2 second(s)

2018-05-16 19:25:30 - [MESSAGE][PASSED] - Delayed 2 second(s)

2018-05-16 19:25:30 - [TEST_STEP][PASSED] - Statement - out.println("BatchQty : " + batchqty): null

2018-05-16 19:25:30 - [TEST_STEP][PASSED] - Statement - out.println("RQty : " + Rqty): null

2018-05-16 19:25:30 - [TEST_STEP][PASSED] - Statement - If (java.lang.Integer.valueOf(batchqty) >= java.lang.Integer.valueOf(Rqty)): null

2018-05-16 19:25:30 - [TEST_STEP][PASSED] - Statement - Break: null

2018-05-16 19:25:30 - [TEST_STEP][PASSED] - Statement - batchlength = new com.kms.katalon.core.testobject.TestObject(): null

2018-05-16 19:25:30 - [TEST_STEP][PASSED] - Statement - batchlength = com.kms.katalon.core.webui.keyword.WebUiBuiltInKeywords.modifyObjectProperty(batchlength, "xpath", "equals", "//*[@id = "fldvendor" + row + ""]", true): Modify property of object successfully

2018-05-16 19:25:30 - [MESSAGE][PASSED] - Modify property of object successfully

2018-05-16 19:25:30 - [TEST_STEP][PASSED] - Statement - batchsize = com.kms.katalon.core.webui.keyword.WebUiBuiltInKeywords.getNumberOfTotalOption(batchlength): 5 options of object '' counted

2018-05-16 19:25:30 - [MESSAGE][PASSED] - 5 options of object '' counted

2018-05-16 19:25:30 - [TEST_STEP][PASSED] - Statement - out.println("BatchSize : " + batchsize): null

2018-05-16 19:25:30 - [TEST_STEP][PASSED] - Statement - For ([n = 1, n <= batchsize - 1, (n++)]): null

2018-05-16 19:25:30 - [TEST_STEP][PASSED] - Statement - product = new com.kms.katalon.core.testobject.TestObject(): null

2018-05-16 19:25:30 - [TEST_STEP][PASSED] - Statement - product = com.kms.katalon.core.webui.keyword.WebUiBuiltInKeywords.modifyObjectProperty(product, "xpath", "equals", "//*[@id = "fldvendor" + row + ""]", true): Modify property of object successfully

2018-05-16 19:25:30 - [MESSAGE][PASSED] - Modify property of object successfully

2018-05-16 19:25:30 - [TEST_STEP][PASSED] - selectOptionByIndex: All options with index in [1] are selected on object ''

2018-05-16 19:25:30 - [MESSAGE][PASSED] - All options with index in [1] are selected on object ''

2018-05-16 19:25:30 - [TEST_STEP][PASSED] - Statement - batch = new com.kms.katalon.core.testobject.TestObject(): null

2018-05-16 19:25:30 - [TEST_STEP][PASSED] - Statement - batch = com.kms.katalon.core.webui.keyword.WebUiBuiltInKeywords.modifyObjectProperty(batch, "xpath", "equals", "//*[@id = "txtbthqty" + row + ""]", true): Modify property of object successfully

2018-05-16 19:25:30 - [MESSAGE][PASSED] - Modify property of object successfully

2018-05-16 19:25:30 - [TEST_STEP][PASSED] - Statement - batchqty = com.kms.katalon.core.webui.keyword.WebUiBuiltInKeywords.getAttribute(batch, "value").trim(): Attribute 'value' of object '' is: '200'

2018-05-16 19:25:30 - [MESSAGE][PASSED] - Attribute 'value' of object '' is: '200'

2018-05-16 19:25:30 - [TEST_STEP][PASSED] - Statement - Rqty = 100: null

2018-05-16 19:25:30 - [TEST_STEP][PASSED] - delay: Delayed 2 second(s)

2018-05-16 19:25:32 - [MESSAGE][PASSED] - Delayed 2 second(s)

2018-05-16 19:25:32 - [TEST_STEP][PASSED] - Statement - out.println("BatchQty : " + batchqty): null

2018-05-16 19:25:32 - [TEST_STEP][PASSED] - Statement - out.println("RQty : " + Rqty): null

2018-05-16 19:25:32 - [TEST_STEP][PASSED] - Statement - If (java.lang.Integer.valueOf(batchqty) >= java.lang.Integer.valueOf(Rqty)): null

2018-05-16 19:25:32 - [TEST_STEP][PASSED] - Statement - Break: null

2018-05-16 19:25:32 - [TEST_STEP][PASSED] - Statement - batchlength = new com.kms.katalon.core.testobject.TestObject(): null

2018-05-16 19:25:32 - [TEST_STEP][PASSED] - Statement - batchlength = com.kms.katalon.core.webui.keyword.WebUiBuiltInKeywords.modifyObjectProperty(batchlength, "xpath", "equals", "//*[@id = "fldvendor" + row + ""]", true): Modify property of object successfully

2018-05-16 19:25:32 - [MESSAGE][PASSED] - Modify property of object successfully

2018-05-16 19:25:32 - [TEST_STEP][PASSED] - Statement - batchsize = com.kms.katalon.core.webui.keyword.WebUiBuiltInKeywords.getNumberOfTotalOption(batchlength): 6 options of object '' counted

2018-05-16 19:25:32 - [MESSAGE][PASSED] - 6 options of object '' counted

2018-05-16 19:25:32 - [TEST_STEP][PASSED] - Statement - out.println("BatchSize : " + batchsize): null

2018-05-16 19:25:32 - [TEST_STEP][PASSED] - Statement - For ([n = 1, n <= batchsize - 1, (n++)]): null

2018-05-16 19:25:32 - [TEST_STEP][PASSED] - Statement - product = new com.kms.katalon.core.testobject.TestObject(): null

2018-05-16 19:25:32 - [TEST_STEP][PASSED] - Statement - product = com.kms.katalon.core.webui.keyword.WebUiBuiltInKeywords.modifyObjectProperty(product, "xpath", "equals", "//*[@id = "fldvendor" + row + ""]", true): Modify property of object successfully

2018-05-16 19:25:32 - [MESSAGE][PASSED] - Modify property of object successfully

2018-05-16 19:25:32 - [TEST_STEP][PASSED] - selectOptionByIndex: All options with index in [1] are selected on object ''

2018-05-16 19:25:32 - [MESSAGE][PASSED] - All options with index in [1] are selected on object ''

2018-05-16 19:25:32 - [TEST_STEP][PASSED] - Statement - batch = new com.kms.katalon.core.testobject.TestObject(): null

2018-05-16 19:25:32 - [TEST_STEP][PASSED] - Statement - batch = com.kms.katalon.core.webui.keyword.WebUiBuiltInKeywords.modifyObjectProperty(batch, "xpath", "equals", "//*[@id = "txtbthqty" + row + ""]", true): Modify property of object successfully

2018-05-16 19:25:32 - [MESSAGE][PASSED] - Modify property of object successfully

2018-05-16 19:25:32 - [TEST_STEP][PASSED] - Statement - batchqty = com.kms.katalon.core.webui.keyword.WebUiBuiltInKeywords.getAttribute(batch, "value").trim(): Attribute 'value' of object '' is: '5000'

2018-05-16 19:25:32 - [MESSAGE][PASSED] - Attribute 'value' of object '' is: '5000'

2018-05-16 19:25:32 - [TEST_STEP][PASSED] - Statement - Rqty = 100: null

2018-05-16 19:25:32 - [TEST_STEP][PASSED] - delay: Delayed 2 second(s)

2018-05-16 19:25:34 - [MESSAGE][PASSED] - Delayed 2 second(s)

2018-05-16 19:25:34 - [TEST_STEP][PASSED] - Statement - out.println("BatchQty : " + batchqty): null

2018-05-16 19:25:34 - [TEST_STEP][PASSED] - Statement - out.println("RQty : " + Rqty): null

2018-05-16 19:25:34 - [TEST_STEP][PASSED] - Statement - If (java.lang.Integer.valueOf(batchqty) >= java.lang.Integer.valueOf(Rqty)): null

2018-05-16 19:25:34 - [TEST_STEP][PASSED] - Statement - Break: null

2018-05-16 19:25:34 - [TEST_STEP][PASSED] - Statement - batchlength = new com.kms.katalon.core.testobject.TestObject(): null

2018-05-16 19:25:34 - [TEST_STEP][PASSED] - Statement - batchlength = com.kms.katalon.core.webui.keyword.WebUiBuiltInKeywords.modifyObjectProperty(batchlength, "xpath", "equals", "//*[@id = "fldvendor" + row + ""]", true): Modify property of object successfully

2018-05-16 19:25:34 - [MESSAGE][PASSED] - Modify property of object successfully

2018-05-16 19:25:34 - [TEST_STEP][PASSED] - Statement - batchsize = com.kms.katalon.core.webui.keyword.WebUiBuiltInKeywords.getNumberOfTotalOption(batchlength): 5 options of object '' counted

2018-05-16 19:25:34 - [MESSAGE][PASSED] - 5 options of object '' counted

2018-05-16 19:25:34 - [TEST_STEP][PASSED] - Statement - out.println("BatchSize : " + batchsize): null

2018-05-16 19:25:34 - [TEST_STEP][PASSED] - Statement - For ([n = 1, n <= batchsize - 1, (n++)]): null

2018-05-16 19:25:34 - [TEST_STEP][PASSED] - Statement - product = new com.kms.katalon.core.testobject.TestObject(): null

2018-05-16 19:25:34 - [TEST_STEP][PASSED] - Statement - product = com.kms.katalon.core.webui.keyword.WebUiBuiltInKeywords.modifyObjectProperty(product, "xpath", "equals", "//*[@id = "fldvendor" + row + ""]", true): Modify property of object successfully

2018-05-16 19:25:34 - [MESSAGE][PASSED] - Modify property of object successfully

2018-05-16 19:25:34 - [TEST_STEP][PASSED] - selectOptionByIndex: All options with index in [1] are selected on object ''

2018-05-16 19:25:35 - [MESSAGE][PASSED] - All options with index in [1] are selected on object ''

2018-05-16 19:25:35 - [TEST_STEP][PASSED] - Statement - batch = new com.kms.katalon.core.testobject.TestObject(): null

2018-05-16 19:25:35 - [TEST_STEP][PASSED] - Statement - batch = com.kms.katalon.core.webui.keyword.WebUiBuiltInKeywords.modifyObjectProperty(batch, "xpath", "equals", "//*[@id = "txtbthqty" + row + ""]", true): Modify property of object successfully

2018-05-16 19:25:35 - [MESSAGE][PASSED] - Modify property of object successfully

2018-05-16 19:25:35 - [TEST_STEP][PASSED] - Statement - batchqty = com.kms.katalon.core.webui.keyword.WebUiBuiltInKeywords.getAttribute(batch, "value").trim(): Attribute 'value' of object '' is: '5000'

2018-05-16 19:25:35 - [MESSAGE][PASSED] - Attribute 'value' of object '' is: '5000'

2018-05-16 19:25:35 - [TEST_STEP][PASSED] - Statement - Rqty = 100: null

2018-05-16 19:25:35 - [TEST_STEP][PASSED] - delay: Delayed 2 second(s)

2018-05-16 19:25:37 - [MESSAGE][PASSED] - Delayed 2 second(s)

2018-05-16 19:25:37 - [TEST_STEP][PASSED] - Statement - out.println("BatchQty : " + batchqty): null

2018-05-16 19:25:37 - [TEST_STEP][PASSED] - Statement - out.println("RQty : " + Rqty): null

2018-05-16 19:25:37 - [TEST_STEP][PASSED] - Statement - If (java.lang.Integer.valueOf(batchqty) >= java.lang.Integer.valueOf(Rqty)): null

2018-05-16 19:25:37 - [TEST_STEP][PASSED] - Statement - Break: null

2018-05-16 19:25:37 - [TEST_STEP][PASSED] - Statement - batchlength = new com.kms.katalon.core.testobject.TestObject(): null

2018-05-16 19:25:37 - [TEST_STEP][PASSED] - Statement - batchlength = com.kms.katalon.core.webui.keyword.WebUiBuiltInKeywords.modifyObjectProperty(batchlength, "xpath", "equals", "//*[@id = "fldvendor" + row + ""]", true): Modify property of object successfully

2018-05-16 19:25:37 - [MESSAGE][PASSED] - Modify property of object successfully

2018-05-16 19:25:37 - [TEST_STEP][PASSED] - Statement - batchsize = com.kms.katalon.core.webui.keyword.WebUiBuiltInKeywords.getNumberOfTotalOption(batchlength): 6 options of object '' counted

2018-05-16 19:25:37 - [MESSAGE][PASSED] - 6 options of object '' counted

2018-05-16 19:25:37 - [TEST_STEP][PASSED] - Statement - out.println("BatchSize : " + batchsize): null

2018-05-16 19:25:37 - [TEST_STEP][PASSED] - Statement - For ([n = 1, n <= batchsize - 1, (n++)]): null

2018-05-16 19:25:37 - [TEST_STEP][PASSED] - Statement - product = new com.kms.katalon.core.testobject.TestObject(): null

2018-05-16 19:25:37 - [TEST_STEP][PASSED] - Statement - product = com.kms.katalon.core.webui.keyword.WebUiBuiltInKeywords.modifyObjectProperty(product, "xpath", "equals", "//*[@id = "fldvendor" + row + ""]", true): Modify property of object successfully

2018-05-16 19:25:37 - [MESSAGE][PASSED] - Modify property of object successfully

2018-05-16 19:25:37 - [TEST_STEP][PASSED] - selectOptionByIndex: All options with index in [1] are selected on object ''

2018-05-16 19:25:37 - [MESSAGE][PASSED] - All options with index in [1] are selected on object ''

2018-05-16 19:25:37 - [TEST_STEP][PASSED] - Statement - batch = new com.kms.katalon.core.testobject.TestObject(): null

2018-05-16 19:25:37 - [TEST_STEP][PASSED] - Statement - batch = com.kms.katalon.core.webui.keyword.WebUiBuiltInKeywords.modifyObjectProperty(batch, "xpath", "equals", "//*[@id = "txtbthqty" + row + ""]", true): Modify property of object successfully

2018-05-16 19:25:37 - [MESSAGE][PASSED] - Modify property of object successfully

2018-05-16 19:25:37 - [TEST_STEP][PASSED] - Statement - batchqty = com.kms.katalon.core.webui.keyword.WebUiBuiltInKeywords.getAttribute(batch, "value").trim(): Attribute 'value' of object '' is: '5000'

2018-05-16 19:25:37 - [MESSAGE][PASSED] - Attribute 'value' of object '' is: '5000'

2018-05-16 19:25:37 - [TEST_STEP][PASSED] - Statement - Rqty = 100: null

2018-05-16 19:25:37 - [TEST_STEP][PASSED] - delay: Delayed 2 second(s)

2018-05-16 19:25:39 - [MESSAGE][PASSED] - Delayed 2 second(s)

2018-05-16 19:25:39 - [TEST_STEP][PASSED] - Statement - out.println("BatchQty : " + batchqty): null

2018-05-16 19:25:39 - [TEST_STEP][PASSED] - Statement - out.println("RQty : " + Rqty): null

2018-05-16 19:25:39 - [TEST_STEP][PASSED] - Statement - If (java.lang.Integer.valueOf(batchqty) >= java.lang.Integer.valueOf(Rqty)): null

2018-05-16 19:25:39 - [TEST_STEP][PASSED] - Statement - Break: null

2018-05-16 19:25:39 - [TEST_STEP][PASSED] - Statement - batchlength = new com.kms.katalon.core.testobject.TestObject(): null

2018-05-16 19:25:39 - [TEST_STEP][PASSED] - Statement - batchlength = com.kms.katalon.core.webui.keyword.WebUiBuiltInKeywords.modifyObjectProperty(batchlength, "xpath", "equals", "//*[@id = "fldvendor" + row + ""]", true): Modify property of object successfully

2018-05-16 19:25:39 - [MESSAGE][PASSED] - Modify property of object successfully

2018-05-16 19:25:39 - [TEST_STEP][PASSED] - Statement - batchsize = com.kms.katalon.core.webui.keyword.WebUiBuiltInKeywords.getNumberOfTotalOption(batchlength): 6 options of object '' counted

2018-05-16 19:25:39 - [MESSAGE][PASSED] - 6 options of object '' counted

2018-05-16 19:25:39 - [TEST_STEP][PASSED] - Statement - out.println("BatchSize : " + batchsize): null

2018-05-16 19:25:39 - [TEST_STEP][PASSED] - Statement - For ([n = 1, n <= batchsize - 1, (n++)]): null

2018-05-16 19:25:39 - [TEST_STEP][PASSED] - Statement - product = new com.kms.katalon.core.testobject.TestObject(): null

2018-05-16 19:25:39 - [TEST_STEP][PASSED] - Statement - product = com.kms.katalon.core.webui.keyword.WebUiBuiltInKeywords.modifyObjectProperty(product, "xpath", "equals", "//*[@id = "fldvendor" + row + ""]", true): Modify property of object successfully

2018-05-16 19:25:39 - [MESSAGE][PASSED] - Modify property of object successfully

2018-05-16 19:25:39 - [TEST_STEP][PASSED] - selectOptionByIndex: All options with index in [1] are selected on object ''

2018-05-16 19:25:39 - [MESSAGE][PASSED] - All options with index in [1] are selected on object ''

2018-05-16 19:25:39 - [TEST_STEP][PASSED] - Statement - batch = new com.kms.katalon.core.testobject.TestObject(): null

2018-05-16 19:25:39 - [TEST_STEP][PASSED] - Statement - batch = com.kms.katalon.core.webui.keyword.WebUiBuiltInKeywords.modifyObjectProperty(batch, "xpath", "equals", "//*[@id = "txtbthqty" + row + ""]", true): Modify property of object successfully

2018-05-16 19:25:39 - [MESSAGE][PASSED] - Modify property of object successfully

2018-05-16 19:25:39 - [TEST_STEP][PASSED] - Statement - batchqty = com.kms.katalon.core.webui.keyword.WebUiBuiltInKeywords.getAttribute(batch, "value").trim(): Attribute 'value' of object '' is: '200'

2018-05-16 19:25:39 - [MESSAGE][PASSED] - Attribute 'value' of object '' is: '200'

2018-05-16 19:25:39 - [TEST_STEP][PASSED] - Statement - Rqty = 100: null

2018-05-16 19:25:39 - [TEST_STEP][PASSED] - delay: Delayed 2 second(s)

2018-05-16 19:25:41 - [MESSAGE][PASSED] - Delayed 2 second(s)

2018-05-16 19:25:41 - [TEST_STEP][PASSED] - Statement - out.println("BatchQty : " + batchqty): null

2018-05-16 19:25:41 - [TEST_STEP][PASSED] - Statement - out.println("RQty : " + Rqty): null

2018-05-16 19:25:41 - [TEST_STEP][PASSED] - Statement - If (java.lang.Integer.valueOf(batchqty) >= java.lang.Integer.valueOf(Rqty)): null

2018-05-16 19:25:41 - [TEST_STEP][PASSED] - Statement - Break: null

2018-05-16 19:25:41 - [TEST_STEP][PASSED] - Statement - batchlength = new com.kms.katalon.core.testobject.TestObject(): null

2018-05-16 19:25:41 - [TEST_STEP][PASSED] - Statement - batchlength = com.kms.katalon.core.webui.keyword.WebUiBuiltInKeywords.modifyObjectProperty(batchlength, "xpath", "equals", "//*[@id = "fldvendor" + row + ""]", true): Modify property of object successfully

2018-05-16 19:25:41 - [MESSAGE][PASSED] - Modify property of object successfully

2018-05-16 19:25:41 - [TEST_STEP][PASSED] - Statement - batchsize = com.kms.katalon.core.webui.keyword.WebUiBuiltInKeywords.getNumberOfTotalOption(batchlength): 6 options of object '' counted

2018-05-16 19:25:41 - [MESSAGE][PASSED] - 6 options of object '' counted

2018-05-16 19:25:41 - [TEST_STEP][PASSED] - Statement - out.println("BatchSize : " + batchsize): null

2018-05-16 19:25:41 - [TEST_STEP][PASSED] - Statement - For ([n = 1, n <= batchsize - 1, (n++)]): null

2018-05-16 19:25:41 - [TEST_STEP][PASSED] - Statement - product = new com.kms.katalon.core.testobject.TestObject(): null

2018-05-16 19:25:41 - [TEST_STEP][PASSED] - Statement - product = com.kms.katalon.core.webui.keyword.WebUiBuiltInKeywords.modifyObjectProperty(product, "xpath", "equals", "//*[@id = "fldvendor" + row + ""]", true): Modify property of object successfully

2018-05-16 19:25:41 - [MESSAGE][PASSED] - Modify property of object successfully

2018-05-16 19:25:41 - [TEST_STEP][PASSED] - selectOptionByIndex: All options with index in [1] are selected on object ''

2018-05-16 19:25:41 - [MESSAGE][PASSED] - All options with index in [1] are selected on object ''

2018-05-16 19:25:41 - [TEST_STEP][PASSED] - Statement - batch = new com.kms.katalon.core.testobject.TestObject(): null

2018-05-16 19:25:41 - [TEST_STEP][PASSED] - Statement - batch = com.kms.katalon.core.webui.keyword.WebUiBuiltInKeywords.modifyObjectProperty(batch, "xpath", "equals", "//*[@id = "txtbthqty" + row + ""]", true): Modify property of object successfully

2018-05-16 19:25:41 - [MESSAGE][PASSED] - Modify property of object successfully

2018-05-16 19:25:41 - [TEST_STEP][PASSED] - Statement - batchqty = com.kms.katalon.core.webui.keyword.WebUiBuiltInKeywords.getAttribute(batch, "value").trim(): Attribute 'value' of object '' is: '5000'

2018-05-16 19:25:41 - [MESSAGE][PASSED] - Attribute 'value' of object '' is: '5000'

2018-05-16 19:25:41 - [TEST_STEP][PASSED] - Statement - Rqty = 100: null

2018-05-16 19:25:41 - [TEST_STEP][PASSED] - delay: Delayed 2 second(s)

2018-05-16 19:25:43 - [MESSAGE][PASSED] - Delayed 2 second(s)

2018-05-16 19:25:43 - [TEST_STEP][PASSED] - Statement - out.println("BatchQty : " + batchqty): null

2018-05-16 19:25:43 - [TEST_STEP][PASSED] - Statement - out.println("RQty : " + Rqty): null

2018-05-16 19:25:43 - [TEST_STEP][PASSED] - Statement - If (java.lang.Integer.valueOf(batchqty) >= java.lang.Integer.valueOf(Rqty)): null

2018-05-16 19:25:43 - [TEST_STEP][PASSED] - Statement - Break: null

2018-05-16 19:25:43 - [TEST_STEP][PASSED] - Statement - batchlength = new com.kms.katalon.core.testobject.TestObject(): null

2018-05-16 19:25:43 - [TEST_STEP][PASSED] - Statement - batchlength = com.kms.katalon.core.webui.keyword.WebUiBuiltInKeywords.modifyObjectProperty(batchlength, "xpath", "equals", "//*[@id = "fldvendor" + row + ""]", true): Modify property of object successfully

2018-05-16 19:25:43 - [MESSAGE][PASSED] - Modify property of object successfully

2018-05-16 19:25:43 - [TEST_STEP][PASSED] - Statement - batchsize = com.kms.katalon.core.webui.keyword.WebUiBuiltInKeywords.getNumberOfTotalOption(batchlength): 5 options of object '' counted

2018-05-16 19:25:43 - [MESSAGE][PASSED] - 5 options of object '' counted

2018-05-16 19:25:43 - [TEST_STEP][PASSED] - Statement - out.println("BatchSize : " + batchsize): null

2018-05-16 19:25:43 - [TEST_STEP][PASSED] - Statement - For ([n = 1, n <= batchsize - 1, (n++)]): null

2018-05-16 19:25:43 - [TEST_STEP][PASSED] - Statement - product = new com.kms.katalon.core.testobject.TestObject(): null

2018-05-16 19:25:43 - [TEST_STEP][PASSED] - Statement - product = com.kms.katalon.core.webui.keyword.WebUiBuiltInKeywords.modifyObjectProperty(product, "xpath", "equals", "//*[@id = "fldvendor" + row + ""]", true): Modify property of object successfully

2018-05-16 19:25:43 - [MESSAGE][PASSED] - Modify property of object successfully

2018-05-16 19:25:43 - [TEST_STEP][PASSED] - selectOptionByIndex: All options with index in [1] are selected on object ''

2018-05-16 19:25:44 - [MESSAGE][PASSED] - All options with index in [1] are selected on object ''

2018-05-16 19:25:44 - [TEST_STEP][PASSED] - Statement - batch = new com.kms.katalon.core.testobject.TestObject(): null

2018-05-16 19:25:44 - [TEST_STEP][PASSED] - Statement - batch = com.kms.katalon.core.webui.keyword.WebUiBuiltInKeywords.modifyObjectProperty(batch, "xpath", "equals", "//*[@id = "txtbthqty" + row + ""]", true): Modify property of object successfully

2018-05-16 19:25:44 - [MESSAGE][PASSED] - Modify property of object successfully

2018-05-16 19:25:44 - [TEST_STEP][PASSED] - Statement - batchqty = com.kms.katalon.core.webui.keyword.WebUiBuiltInKeywords.getAttribute(batch, "value").trim(): Attribute 'value' of object '' is: '5000'

2018-05-16 19:25:44 - [MESSAGE][PASSED] - Attribute 'value' of object '' is: '5000'

2018-05-16 19:25:44 - [TEST_STEP][PASSED] - Statement - Rqty = 100: null

2018-05-16 19:25:44 - [TEST_STEP][PASSED] - delay: Delayed 2 second(s)

2018-05-16 19:25:46 - [MESSAGE][PASSED] - Delayed 2 second(s)

2018-05-16 19:25:46 - [TEST_STEP][PASSED] - Statement - out.println("BatchQty : " + batchqty): null

2018-05-16 19:25:46 - [TEST_STEP][PASSED] - Statement - out.println("RQty : " + Rqty): null

2018-05-16 19:25:46 - [TEST_STEP][PASSED] - Statement - If (java.lang.Integer.valueOf(batchqty) >= java.lang.Integer.valueOf(Rqty)): null

2018-05-16 19:25:46 - [TEST_STEP][PASSED] - Statement - Break: null

2018-05-16 19:25:46 - [TEST_STEP][PASSED] - Statement - batchlength = new com.kms.katalon.core.testobject.TestObject(): null

2018-05-16 19:25:46 - [TEST_STEP][PASSED] - Statement - batchlength = com.kms.katalon.core.webui.keyword.WebUiBuiltInKeywords.modifyObjectProperty(batchlength, "xpath", "equals", "//*[@id = "fldvendor" + row + ""]", true): Modify property of object successfully

2018-05-16 19:25:46 - [MESSAGE][PASSED] - Modify property of object successfully

2018-05-16 19:25:46 - [TEST_STEP][PASSED] - Statement - batchsize = com.kms.katalon.core.webui.keyword.WebUiBuiltInKeywords.getNumberOfTotalOption(batchlength): 6 options of object '' counted

2018-05-16 19:25:46 - [MESSAGE][PASSED] - 6 options of object '' counted

2018-05-16 19:25:46 - [TEST_STEP][PASSED] - Statement - out.println("BatchSize : " + batchsize): null

2018-05-16 19:25:46 - [TEST_STEP][PASSED] - Statement - For ([n = 1, n <= batchsize - 1, (n++)]): null

2018-05-16 19:25:46 - [TEST_STEP][PASSED] - Statement - product = new com.kms.katalon.core.testobject.TestObject(): null

2018-05-16 19:25:46 - [TEST_STEP][PASSED] - Statement - product = com.kms.katalon.core.webui.keyword.WebUiBuiltInKeywords.modifyObjectProperty(product, "xpath", "equals", "//*[@id = "fldvendor" + row + ""]", true): Modify property of object successfully

2018-05-16 19:25:46 - [MESSAGE][PASSED] - Modify property of object successfully

2018-05-16 19:25:46 - [TEST_STEP][PASSED] - selectOptionByIndex: All options with index in [1] are selected on object ''

2018-05-16 19:25:46 - [MESSAGE][PASSED] - All options with index in [1] are selected on object ''

2018-05-16 19:25:46 - [TEST_STEP][PASSED] - Statement - batch = new com.kms.katalon.core.testobject.TestObject(): null

2018-05-16 19:25:46 - [TEST_STEP][PASSED] - Statement - batch = com.kms.katalon.core.webui.keyword.WebUiBuiltInKeywords.modifyObjectProperty(batch, "xpath", "equals", "//*[@id = "txtbthqty" + row + ""]", true): Modify property of object successfully

2018-05-16 19:25:46 - [MESSAGE][PASSED] - Modify property of object successfully

2018-05-16 19:25:46 - [TEST_STEP][PASSED] - Statement - batchqty = com.kms.katalon.core.webui.keyword.WebUiBuiltInKeywords.getAttribute(batch, "value").trim(): Attribute 'value' of object '' is: '200'

2018-05-16 19:25:46 - [MESSAGE][PASSED] - Attribute 'value' of object '' is: '200'

2018-05-16 19:25:46 - [TEST_STEP][PASSED] - Statement - Rqty = 100: null

2018-05-16 19:25:46 - [TEST_STEP][PASSED] - delay: Delayed 2 second(s)

2018-05-16 19:25:48 - [MESSAGE][PASSED] - Delayed 2 second(s)

2018-05-16 19:25:48 - [TEST_STEP][PASSED] - Statement - out.println("BatchQty : " + batchqty): null

2018-05-16 19:25:48 - [TEST_STEP][PASSED] - Statement - out.println("RQty : " + Rqty): null

2018-05-16 19:25:48 - [TEST_STEP][PASSED] - Statement - If (java.lang.Integer.valueOf(batchqty) >= java.lang.Integer.valueOf(Rqty)): null

2018-05-16 19:25:48 - [TEST_STEP][PASSED] - Statement - Break: null

2018-05-16 19:25:48 - [TEST_STEP][PASSED] - Statement - batchlength = new com.kms.katalon.core.testobject.TestObject(): null

2018-05-16 19:25:48 - [TEST_STEP][PASSED] - Statement - batchlength = com.kms.katalon.core.webui.keyword.WebUiBuiltInKeywords.modifyObjectProperty(batchlength, "xpath", "equals", "//*[@id = "fldvendor" + row + ""]", true): Modify property of object successfully

2018-05-16 19:25:48 - [MESSAGE][PASSED] - Modify property of object successfully

2018-05-16 19:25:48 - [TEST_STEP][PASSED] - Statement - batchsize = com.kms.katalon.core.webui.keyword.WebUiBuiltInKeywords.getNumberOfTotalOption(batchlength): 6 options of object '' counted

2018-05-16 19:25:48 - [MESSAGE][PASSED] - 6 options of object '' counted

2018-05-16 19:25:48 - [TEST_STEP][PASSED] - Statement - out.println("BatchSize : " + batchsize): null

2018-05-16 19:25:48 - [TEST_STEP][PASSED] - Statement - For ([n = 1, n <= batchsize - 1, (n++)]): null

2018-05-16 19:25:48 - [TEST_STEP][PASSED] - Statement - product = new com.kms.katalon.core.testobject.TestObject(): null

2018-05-16 19:25:48 - [TEST_STEP][PASSED] - Statement - product = com.kms.katalon.core.webui.keyword.WebUiBuiltInKeywords.modifyObjectProperty(product, "xpath", "equals", "//*[@id = "fldvendor" + row + ""]", true): Modify property of object successfully

2018-05-16 19:25:48 - [MESSAGE][PASSED] - Modify property of object successfully

2018-05-16 19:25:48 - [TEST_STEP][PASSED] - selectOptionByIndex: All options with index in [1] are selected on object ''

2018-05-16 19:25:48 - [MESSAGE][PASSED] - All options with index in [1] are selected on object ''

2018-05-16 19:25:48 - [TEST_STEP][PASSED] - Statement - batch = new com.kms.katalon.core.testobject.TestObject(): null

2018-05-16 19:25:48 - [TEST_STEP][PASSED] - Statement - batch = com.kms.katalon.core.webui.keyword.WebUiBuiltInKeywords.modifyObjectProperty(batch, "xpath", "equals", "//*[@id = "txtbthqty" + row + ""]", true): Modify property of object successfully

2018-05-16 19:25:48 - [MESSAGE][PASSED] - Modify property of object successfully

2018-05-16 19:25:48 - [TEST_STEP][PASSED] - Statement - batchqty = com.kms.katalon.core.webui.keyword.WebUiBuiltInKeywords.getAttribute(batch, "value").trim(): Attribute 'value' of object '' is: '5000'

2018-05-16 19:25:48 - [MESSAGE][PASSED] - Attribute 'value' of object '' is: '5000'

2018-05-16 19:25:48 - [TEST_STEP][PASSED] - Statement - Rqty = 100: null

2018-05-16 19:25:48 - [TEST_STEP][PASSED] - delay: Delayed 2 second(s)

2018-05-16 19:25:50 - [MESSAGE][PASSED] - Delayed 2 second(s)

2018-05-16 19:25:50 - [TEST_STEP][PASSED] - Statement - out.println("BatchQty : " + batchqty): null

2018-05-16 19:25:50 - [TEST_STEP][PASSED] - Statement - out.println("RQty : " + Rqty): null

2018-05-16 19:25:50 - [TEST_STEP][PASSED] - Statement - If (java.lang.Integer.valueOf(batchqty) >= java.lang.Integer.valueOf(Rqty)): null

2018-05-16 19:25:50 - [TEST_STEP][PASSED] - Statement - Break: null

2018-05-16 19:25:50 - [TEST_STEP][PASSED] - Statement - batchlength = new com.kms.katalon.core.testobject.TestObject(): null

2018-05-16 19:25:50 - [TEST_STEP][PASSED] - Statement - batchlength = com.kms.katalon.core.webui.keyword.WebUiBuiltInKeywords.modifyObjectProperty(batchlength, "xpath", "equals", "//*[@id = "fldvendor" + row + ""]", true): Modify property of object successfully

2018-05-16 19:25:50 - [MESSAGE][PASSED] - Modify property of object successfully

2018-05-16 19:25:50 - [TEST_STEP][PASSED] - Statement - batchsize = com.kms.katalon.core.webui.keyword.WebUiBuiltInKeywords.getNumberOfTotalOption(batchlength): 6 options of object '' counted

2018-05-16 19:25:50 - [MESSAGE][PASSED] - 6 options of object '' counted

2018-05-16 19:25:50 - [TEST_STEP][PASSED] - Statement - out.println("BatchSize : " + batchsize): null

2018-05-16 19:25:50 - [TEST_STEP][PASSED] - Statement - For ([n = 1, n <= batchsize - 1, (n++)]): null

2018-05-16 19:25:50 - [TEST_STEP][PASSED] - Statement - product = new com.kms.katalon.core.testobject.TestObject(): null

2018-05-16 19:25:50 - [TEST_STEP][PASSED] - Statement - product = com.kms.katalon.core.webui.keyword.WebUiBuiltInKeywords.modifyObjectProperty(product, "xpath", "equals", "//*[@id = "fldvendor" + row + ""]", true): Modify property of object successfully

2018-05-16 19:25:50 - [MESSAGE][PASSED] - Modify property of object successfully

2018-05-16 19:25:50 - [TEST_STEP][PASSED] - selectOptionByIndex: All options with index in [1] are selected on object ''

2018-05-16 19:25:50 - [MESSAGE][PASSED] - All options with index in [1] are selected on object ''

2018-05-16 19:25:50 - [TEST_STEP][PASSED] - Statement - batch = new com.kms.katalon.core.testobject.TestObject(): null

2018-05-16 19:25:50 - [TEST_STEP][PASSED] - Statement - batch = com.kms.katalon.core.webui.keyword.WebUiBuiltInKeywords.modifyObjectProperty(batch, "xpath", "equals", "//*[@id = "txtbthqty" + row + ""]", true): Modify property of object successfully

2018-05-16 19:25:50 - [MESSAGE][PASSED] - Modify property of object successfully

2018-05-16 19:25:50 - [TEST_STEP][PASSED] - Statement - batchqty = com.kms.katalon.core.webui.keyword.WebUiBuiltInKeywords.getAttribute(batch, "value").trim(): Attribute 'value' of object '' is: '200'

2018-05-16 19:25:50 - [MESSAGE][PASSED] - Attribute 'value' of object '' is: '200'

2018-05-16 19:25:50 - [TEST_STEP][PASSED] - Statement - Rqty = 100: null

2018-05-16 19:25:50 - [TEST_STEP][PASSED] - delay: Delayed 2 second(s)

2018-05-16 19:25:52 - [MESSAGE][PASSED] - Delayed 2 second(s)

2018-05-16 19:25:52 - [TEST_STEP][PASSED] - Statement - out.println("BatchQty : " + batchqty): null

2018-05-16 19:25:52 - [TEST_STEP][PASSED] - Statement - out.println("RQty : " + Rqty): null

2018-05-16 19:25:52 - [TEST_STEP][PASSED] - Statement - If (java.lang.Integer.valueOf(batchqty) >= java.lang.Integer.valueOf(Rqty)): null

2018-05-16 19:25:52 - [TEST_STEP][PASSED] - Statement - Break: null

2018-05-16 19:25:52 - [TEST_STEP][PASSED] - Statement - batchlength = new com.kms.katalon.core.testobject.TestObject(): null

2018-05-16 19:25:52 - [TEST_STEP][PASSED] - Statement - batchlength = com.kms.katalon.core.webui.keyword.WebUiBuiltInKeywords.modifyObjectProperty(batchlength, "xpath", "equals", "//*[@id = "fldvendor" + row + ""]", true): Modify property of object successfully

2018-05-16 19:25:52 - [MESSAGE][PASSED] - Modify property of object successfully

2018-05-16 19:25:52 - [TEST_STEP][PASSED] - Statement - batchsize = com.kms.katalon.core.webui.keyword.WebUiBuiltInKeywords.getNumberOfTotalOption(batchlength): 6 options of object '' counted

2018-05-16 19:25:52 - [MESSAGE][PASSED] - 6 options of object '' counted

2018-05-16 19:25:52 - [TEST_STEP][PASSED] - Statement - out.println("BatchSize : " + batchsize): null

2018-05-16 19:25:52 - [TEST_STEP][PASSED] - Statement - For ([n = 1, n <= batchsize - 1, (n++)]): null

2018-05-16 19:25:52 - [TEST_STEP][PASSED] - Statement - product = new com.kms.katalon.core.testobject.TestObject(): null

2018-05-16 19:25:52 - [TEST_STEP][PASSED] - Statement - product = com.kms.katalon.core.webui.keyword.WebUiBuiltInKeywords.modifyObjectProperty(product, "xpath", "equals", "//*[@id = "fldvendor" + row + ""]", true): Modify property of object successfully

2018-05-16 19:25:52 - [MESSAGE][PASSED] - Modify property of object successfully

2018-05-16 19:25:52 - [TEST_STEP][PASSED] - selectOptionByIndex: All options with index in [1] are selected on object ''

2018-05-16 19:25:53 - [MESSAGE][PASSED] - All options with index in [1] are selected on object ''

2018-05-16 19:25:53 - [TEST_STEP][PASSED] - Statement - batch = new com.kms.katalon.core.testobject.TestObject(): null

2018-05-16 19:25:53 - [TEST_STEP][PASSED] - Statement - batch = com.kms.katalon.core.webui.keyword.WebUiBuiltInKeywords.modifyObjectProperty(batch, "xpath", "equals", "//*[@id = "txtbthqty" + row + ""]", true): Modify property of object successfully

2018-05-16 19:25:53 - [MESSAGE][PASSED] - Modify property of object successfully

2018-05-16 19:25:53 - [TEST_STEP][PASSED] - Statement - batchqty = com.kms.katalon.core.webui.keyword.WebUiBuiltInKeywords.getAttribute(batch, "value").trim(): Attribute 'value' of object '' is: '5000'

2018-05-16 19:25:53 - [MESSAGE][PASSED] - Attribute 'value' of object '' is: '5000'

2018-05-16 19:25:53 - [TEST_STEP][PASSED] - Statement - Rqty = 100: null

2018-05-16 19:25:53 - [TEST_STEP][PASSED] - delay: Delayed 2 second(s)

2018-05-16 19:25:55 - [MESSAGE][PASSED] - Delayed 2 second(s)

2018-05-16 19:25:55 - [TEST_STEP][PASSED] - Statement - out.println("BatchQty : " + batchqty): null

2018-05-16 19:25:55 - [TEST_STEP][PASSED] - Statement - out.println("RQty : " + Rqty): null

2018-05-16 19:25:55 - [TEST_STEP][PASSED] - Statement - If (java.lang.Integer.valueOf(batchqty) >= java.lang.Integer.valueOf(Rqty)): null

2018-05-16 19:25:55 - [TEST_STEP][PASSED] - Statement - Break: null

2018-05-16 19:25:55 - [TEST_STEP][PASSED] - Statement - batchlength = new com.kms.katalon.core.testobject.TestObject(): null

2018-05-16 19:25:55 - [TEST_STEP][PASSED] - Statement - batchlength = com.kms.katalon.core.webui.keyword.WebUiBuiltInKeywords.modifyObjectProperty(batchlength, "xpath", "equals", "//*[@id = "fldvendor" + row + ""]", true): Modify property of object successfully

2018-05-16 19:25:55 - [MESSAGE][PASSED] - Modify property of object successfully

2018-05-16 19:25:55 - [TEST_STEP][PASSED] - Statement - batchsize = com.kms.katalon.core.webui.keyword.WebUiBuiltInKeywords.getNumberOfTotalOption(batchlength): 6 options of object '' counted

2018-05-16 19:25:55 - [MESSAGE][PASSED] - 6 options of object '' counted

2018-05-16 19:25:55 - [TEST_STEP][PASSED] - Statement - out.println("BatchSize : " + batchsize): null

2018-05-16 19:25:55 - [TEST_STEP][PASSED] - Statement - For ([n = 1, n <= batchsize - 1, (n++)]): null

2018-05-16 19:25:55 - [TEST_STEP][PASSED] - Statement - product = new com.kms.katalon.core.testobject.TestObject(): null

2018-05-16 19:25:55 - [TEST_STEP][PASSED] - Statement - product = com.kms.katalon.core.webui.keyword.WebUiBuiltInKeywords.modifyObjectProperty(product, "xpath", "equals", "//*[@id = "fldvendor" + row + ""]", true): Modify property of object successfully

2018-05-16 19:25:55 - [MESSAGE][PASSED] - Modify property of object successfully

2018-05-16 19:25:55 - [TEST_STEP][PASSED] - selectOptionByIndex: All options with index in [1] are selected on object ''

2018-05-16 19:25:55 - [MESSAGE][PASSED] - All options with index in [1] are selected on object ''

2018-05-16 19:25:55 - [TEST_STEP][PASSED] - Statement - batch = new com.kms.katalon.core.testobject.TestObject(): null

2018-05-16 19:25:55 - [TEST_STEP][PASSED] - Statement - batch = com.kms.katalon.core.webui.keyword.WebUiBuiltInKeywords.modifyObjectProperty(batch, "xpath", "equals", "//*[@id = "txtbthqty" + row + ""]", true): Modify property of object successfully

2018-05-16 19:25:55 - [MESSAGE][PASSED] - Modify property of object successfully

2018-05-16 19:25:55 - [TEST_STEP][PASSED] - Statement - batchqty = com.kms.katalon.core.webui.keyword.WebUiBuiltInKeywords.getAttribute(batch, "value").trim(): Attribute 'value' of object '' is: '200'

2018-05-16 19:25:55 - [MESSAGE][PASSED] - Attribute 'value' of object '' is: '200'

2018-05-16 19:25:55 - [TEST_STEP][PASSED] - Statement - Rqty = 100: null

2018-05-16 19:25:55 - [TEST_STEP][PASSED] - delay: Delayed 2 second(s)

2018-05-16 19:25:57 - [MESSAGE][PASSED] - Delayed 2 second(s)

2018-05-16 19:25:57 - [TEST_STEP][PASSED] - Statement - out.println("BatchQty : " + batchqty): null

2018-05-16 19:25:57 - [TEST_STEP][PASSED] - Statement - out.println("RQty : " + Rqty): null

2018-05-16 19:25:57 - [TEST_STEP][PASSED] - Statement - If (java.lang.Integer.valueOf(batchqty) >= java.lang.Integer.valueOf(Rqty)): null

2018-05-16 19:25:57 - [TEST_STEP][PASSED] - Statement - Break: null

2018-05-16 19:25:57 - [TEST_STEP][PASSED] - Statement - batchlength = new com.kms.katalon.core.testobject.TestObject(): null

2018-05-16 19:25:57 - [TEST_STEP][PASSED] - Statement - batchlength = com.kms.katalon.core.webui.keyword.WebUiBuiltInKeywords.modifyObjectProperty(batchlength, "xpath", "equals", "//*[@id = "fldvendor" + row + ""]", true): Modify property of object successfully

2018-05-16 19:25:57 - [MESSAGE][PASSED] - Modify property of object successfully

2018-05-16 19:25:57 - [TEST_STEP][PASSED] - Statement - batchsize = com.kms.katalon.core.webui.keyword.WebUiBuiltInKeywords.getNumberOfTotalOption(batchlength): 6 options of object '' counted

2018-05-16 19:25:57 - [MESSAGE][PASSED] - 6 options of object '' counted

2018-05-16 19:25:57 - [TEST_STEP][PASSED] - Statement - out.println("BatchSize : " + batchsize): null

2018-05-16 19:25:57 - [TEST_STEP][PASSED] - Statement - For ([n = 1, n <= batchsize - 1, (n++)]): null

2018-05-16 19:25:57 - [TEST_STEP][PASSED] - Statement - product = new com.kms.katalon.core.testobject.TestObject(): null

2018-05-16 19:25:57 - [TEST_STEP][PASSED] - Statement - product = com.kms.katalon.core.webui.keyword.WebUiBuiltInKeywords.modifyObjectProperty(product, "xpath", "equals", "//*[@id = "fldvendor" + row + ""]", true): Modify property of object successfully

2018-05-16 19:25:57 - [MESSAGE][PASSED] - Modify property of object successfully

2018-05-16 19:25:57 - [TEST_STEP][PASSED] - selectOptionByIndex: All options with index in [1] are selected on object ''

2018-05-16 19:25:57 - [MESSAGE][PASSED] - All options with index in [1] are selected on object ''

2018-05-16 19:25:57 - [TEST_STEP][PASSED] - Statement - batch = new com.kms.katalon.core.testobject.TestObject(): null

2018-05-16 19:25:57 - [TEST_STEP][PASSED] - Statement - batch = com.kms.katalon.core.webui.keyword.WebUiBuiltInKeywords.modifyObjectProperty(batch, "xpath", "equals", "//*[@id = "txtbthqty" + row + ""]", true): Modify property of object successfully

2018-05-16 19:25:57 - [MESSAGE][PASSED] - Modify property of object successfully

2018-05-16 19:25:57 - [TEST_STEP][PASSED] - Statement - batchqty = com.kms.katalon.core.webui.keyword.WebUiBuiltInKeywords.getAttribute(batch, "value").trim(): Attribute 'value' of object '' is: '600'

2018-05-16 19:25:57 - [MESSAGE][PASSED] - Attribute 'value' of object '' is: '600'

2018-05-16 19:25:57 - [TEST_STEP][PASSED] - Statement - Rqty = 100: null

2018-05-16 19:25:57 - [TEST_STEP][PASSED] - delay: Delayed 2 second(s)

2018-05-16 19:25:59 - [MESSAGE][PASSED] - Delayed 2 second(s)

2018-05-16 19:25:59 - [TEST_STEP][PASSED] - Statement - out.println("BatchQty : " + batchqty): null

2018-05-16 19:25:59 - [TEST_STEP][PASSED] - Statement - out.println("RQty : " + Rqty): null

2018-05-16 19:25:59 - [TEST_STEP][PASSED] - Statement - If (java.lang.Integer.valueOf(batchqty) >= java.lang.Integer.valueOf(Rqty)): null

2018-05-16 19:25:59 - [TEST_STEP][PASSED] - Statement - Break: null

2018-05-16 19:25:59 - [TEST_STEP][PASSED] - Statement - batchlength = new com.kms.katalon.core.testobject.TestObject(): null

2018-05-16 19:25:59 - [TEST_STEP][PASSED] - Statement - batchlength = com.kms.katalon.core.webui.keyword.WebUiBuiltInKeywords.modifyObjectProperty(batchlength, "xpath", "equals", "//*[@id = "fldvendor" + row + ""]", true): Modify property of object successfully

2018-05-16 19:25:59 - [MESSAGE][PASSED] - Modify property of object successfully

2018-05-16 19:25:59 - [TEST_STEP][PASSED] - Statement - batchsize = com.kms.katalon.core.webui.keyword.WebUiBuiltInKeywords.getNumberOfTotalOption(batchlength): 6 options of object '' counted

2018-05-16 19:25:59 - [MESSAGE][PASSED] - 6 options of object '' counted

2018-05-16 19:25:59 - [TEST_STEP][PASSED] - Statement - out.println("BatchSize : " + batchsize): null

2018-05-16 19:25:59 - [TEST_STEP][PASSED] - Statement - For ([n = 1, n <= batchsize - 1, (n++)]): null

2018-05-16 19:25:59 - [TEST_STEP][PASSED] - Statement - product = new com.kms.katalon.core.testobject.TestObject(): null

2018-05-16 19:25:59 - [TEST_STEP][PASSED] - Statement - product = com.kms.katalon.core.webui.keyword.WebUiBuiltInKeywords.modifyObjectProperty(product, "xpath", "equals", "//*[@id = "fldvendor" + row + ""]", true): Modify property of object successfully

2018-05-16 19:25:59 - [MESSAGE][PASSED] - Modify property of object successfully

2018-05-16 19:25:59 - [TEST_STEP][PASSED] - selectOptionByIndex: All options with index in [1] are selected on object ''

2018-05-16 19:25:59 - [MESSAGE][PASSED] - All options with index in [1] are selected on object ''

2018-05-16 19:25:59 - [TEST_STEP][PASSED] - Statement - batch = new com.kms.katalon.core.testobject.TestObject(): null

2018-05-16 19:25:59 - [TEST_STEP][PASSED] - Statement - batch = com.kms.katalon.core.webui.keyword.WebUiBuiltInKeywords.modifyObjectProperty(batch, "xpath", "equals", "//*[@id = "txtbthqty" + row + ""]", true): Modify property of object successfully

2018-05-16 19:25:59 - [MESSAGE][PASSED] - Modify property of object successfully

2018-05-16 19:25:59 - [TEST_STEP][PASSED] - Statement - batchqty = com.kms.katalon.core.webui.keyword.WebUiBuiltInKeywords.getAttribute(batch, "value").trim(): Attribute 'value' of object '' is: '200'

2018-05-16 19:25:59 - [MESSAGE][PASSED] - Attribute 'value' of object '' is: '200'

2018-05-16 19:25:59 - [TEST_STEP][PASSED] - Statement - Rqty = 100: null

2018-05-16 19:25:59 - [TEST_STEP][PASSED] - delay: Delayed 2 second(s)

2018-05-16 19:26:01 - [MESSAGE][PASSED] - Delayed 2 second(s)

2018-05-16 19:26:01 - [TEST_STEP][PASSED] - Statement - out.println("BatchQty : " + batchqty): null

2018-05-16 19:26:01 - [TEST_STEP][PASSED] - Statement - out.println("RQty : " + Rqty): null

2018-05-16 19:26:01 - [TEST_STEP][PASSED] - Statement - If (java.lang.Integer.valueOf(batchqty) >= java.lang.Integer.valueOf(Rqty)): null

2018-05-16 19:26:01 - [TEST_STEP][PASSED] - Statement - Break: null

2018-05-16 19:26:01 - [TEST_STEP][PASSED] - Statement - batchlength = new com.kms.katalon.core.testobject.TestObject(): null

2018-05-16 19:26:01 - [TEST_STEP][PASSED] - Statement - batchlength = com.kms.katalon.core.webui.keyword.WebUiBuiltInKeywords.modifyObjectProperty(batchlength, "xpath", "equals", "//*[@id = "fldvendor" + row + ""]", true): Modify property of object successfully

2018-05-16 19:26:01 - [MESSAGE][PASSED] - Modify property of object successfully

2018-05-16 19:26:01 - [TEST_STEP][PASSED] - Statement - batchsize = com.kms.katalon.core.webui.keyword.WebUiBuiltInKeywords.getNumberOfTotalOption(batchlength): 6 options of object '' counted

2018-05-16 19:26:02 - [MESSAGE][PASSED] - 6 options of object '' counted

2018-05-16 19:26:02 - [TEST_STEP][PASSED] - Statement - out.println("BatchSize : " + batchsize): null

2018-05-16 19:26:02 - [TEST_STEP][PASSED] - Statement - For ([n = 1, n <= batchsize - 1, (n++)]): null

2018-05-16 19:26:02 - [TEST_STEP][PASSED] - Statement - product = new com.kms.katalon.core.testobject.TestObject(): null

2018-05-16 19:26:02 - [TEST_STEP][PASSED] - Statement - product = com.kms.katalon.core.webui.keyword.WebUiBuiltInKeywords.modifyObjectProperty(product, "xpath", "equals", "//*[@id = "fldvendor" + row + ""]", true): Modify property of object successfully

2018-05-16 19:26:02 - [MESSAGE][PASSED] - Modify property of object successfully

2018-05-16 19:26:02 - [TEST_STEP][PASSED] - selectOptionByIndex: All options with index in [1] are selected on object ''

2018-05-16 19:26:02 - [MESSAGE][PASSED] - All options with index in [1] are selected on object ''

2018-05-16 19:26:02 - [TEST_STEP][PASSED] - Statement - batch = new com.kms.katalon.core.testobject.TestObject(): null

2018-05-16 19:26:02 - [TEST_STEP][PASSED] - Statement - batch = com.kms.katalon.core.webui.keyword.WebUiBuiltInKeywords.modifyObjectProperty(batch, "xpath", "equals", "//*[@id = "txtbthqty" + row + ""]", true): Modify property of object successfully

2018-05-16 19:26:02 - [MESSAGE][PASSED] - Modify property of object successfully

2018-05-16 19:26:02 - [TEST_STEP][PASSED] - Statement - batchqty = com.kms.katalon.core.webui.keyword.WebUiBuiltInKeywords.getAttribute(batch, "value").trim(): Attribute 'value' of object '' is: '200'

2018-05-16 19:26:02 - [MESSAGE][PASSED] - Attribute 'value' of object '' is: '200'

2018-05-16 19:26:02 - [TEST_STEP][PASSED] - Statement - Rqty = 100: null

2018-05-16 19:26:02 - [TEST_STEP][PASSED] - delay: Delayed 2 second(s)

2018-05-16 19:26:04 - [MESSAGE][PASSED] - Delayed 2 second(s)

2018-05-16 19:26:04 - [TEST_STEP][PASSED] - Statement - out.println("BatchQty : " + batchqty): null

2018-05-16 19:26:04 - [TEST_STEP][PASSED] - Statement - out.println("RQty : " + Rqty): null

2018-05-16 19:26:04 - [TEST_STEP][PASSED] - Statement - If (java.lang.Integer.valueOf(batchqty) >= java.lang.Integer.valueOf(Rqty)): null

2018-05-16 19:26:04 - [TEST_STEP][PASSED] - Statement - Break: null

2018-05-16 19:26:04 - [TEST_STEP][PASSED] - Statement - batchlength = new com.kms.katalon.core.testobject.TestObject(): null

2018-05-16 19:26:04 - [TEST_STEP][PASSED] - Statement - batchlength = com.kms.katalon.core.webui.keyword.WebUiBuiltInKeywords.modifyObjectProperty(batchlength, "xpath", "equals", "//*[@id = "fldvendor" + row + ""]", true): Modify property of object successfully

2018-05-16 19:26:04 - [MESSAGE][PASSED] - Modify property of object successfully

2018-05-16 19:26:04 - [TEST_STEP][PASSED] - Statement - batchsize = com.kms.katalon.core.webui.keyword.WebUiBuiltInKeywords.getNumberOfTotalOption(batchlength): 6 options of object '' counted

2018-05-16 19:26:04 - [MESSAGE][PASSED] - 6 options of object '' counted

2018-05-16 19:26:04 - [TEST_STEP][PASSED] - Statement - out.println("BatchSize : " + batchsize): null

2018-05-16 19:26:04 - [TEST_STEP][PASSED] - Statement - For ([n = 1, n <= batchsize - 1, (n++)]): null

2018-05-16 19:26:04 - [TEST_STEP][PASSED] - Statement - product = new com.kms.katalon.core.testobject.TestObject(): null

2018-05-16 19:26:04 - [TEST_STEP][PASSED] - Statement - product = com.kms.katalon.core.webui.keyword.WebUiBuiltInKeywords.modifyObjectProperty(product, "xpath", "equals", "//*[@id = "fldvendor" + row + ""]", true): Modify property of object successfully

2018-05-16 19:26:04 - [MESSAGE][PASSED] - Modify property of object successfully

2018-05-16 19:26:04 - [TEST_STEP][PASSED] - selectOptionByIndex: All options with index in [1] are selected on object ''

2018-05-16 19:26:04 - [MESSAGE][PASSED] - All options with index in [1] are selected on object ''

2018-05-16 19:26:04 - [TEST_STEP][PASSED] - Statement - batch = new com.kms.katalon.core.testobject.TestObject(): null

2018-05-16 19:26:04 - [TEST_STEP][PASSED] - Statement - batch = com.kms.katalon.core.webui.keyword.WebUiBuiltInKeywords.modifyObjectProperty(batch, "xpath", "equals", "//*[@id = "txtbthqty" + row + ""]", true): Modify property of object successfully

2018-05-16 19:26:04 - [MESSAGE][PASSED] - Modify property of object successfully

2018-05-16 19:26:04 - [TEST_STEP][PASSED] - Statement - batchqty = com.kms.katalon.core.webui.keyword.WebUiBuiltInKeywords.getAttribute(batch, "value").trim(): Attribute 'value' of object '' is: '200'

2018-05-16 19:26:04 - [MESSAGE][PASSED] - Attribute 'value' of object '' is: '200'

2018-05-16 19:26:04 - [TEST_STEP][PASSED] - Statement - Rqty = 100: null

2018-05-16 19:26:04 - [TEST_STEP][PASSED] - delay: Delayed 2 second(s)

2018-05-16 19:26:06 - [MESSAGE][PASSED] - Delayed 2 second(s)

2018-05-16 19:26:06 - [TEST_STEP][PASSED] - Statement - out.println("BatchQty : " + batchqty): null

2018-05-16 19:26:06 - [TEST_STEP][PASSED] - Statement - out.println("RQty : " + Rqty): null

2018-05-16 19:26:06 - [TEST_STEP][PASSED] - Statement - If (java.lang.Integer.valueOf(batchqty) >= java.lang.Integer.valueOf(Rqty)): null

2018-05-16 19:26:06 - [TEST_STEP][PASSED] - Statement - Break: null

2018-05-16 19:26:06 - [TEST_STEP][PASSED] - Statement - batchlength = new com.kms.katalon.core.testobject.TestObject(): null

2018-05-16 19:26:06 - [TEST_STEP][PASSED] - Statement - batchlength = com.kms.katalon.core.webui.keyword.WebUiBuiltInKeywords.modifyObjectProperty(batchlength, "xpath", "equals", "//*[@id = "fldvendor" + row + ""]", true): Modify property of object successfully

2018-05-16 19:26:06 - [MESSAGE][PASSED] - Modify property of object successfully

2018-05-16 19:26:06 - [TEST_STEP][PASSED] - Statement - batchsize = com.kms.katalon.core.webui.keyword.WebUiBuiltInKeywords.getNumberOfTotalOption(batchlength): 6 options of object '' counted

2018-05-16 19:26:06 - [MESSAGE][PASSED] - 6 options of object '' counted

2018-05-16 19:26:06 - [TEST_STEP][PASSED] - Statement - out.println("BatchSize : " + batchsize): null

2018-05-16 19:26:06 - [TEST_STEP][PASSED] - Statement - For ([n = 1, n <= batchsize - 1, (n++)]): null

2018-05-16 19:26:06 - [TEST_STEP][PASSED] - Statement - product = new com.kms.katalon.core.testobject.TestObject(): null

2018-05-16 19:26:06 - [TEST_STEP][PASSED] - Statement - product = com.kms.katalon.core.webui.keyword.WebUiBuiltInKeywords.modifyObjectProperty(product, "xpath", "equals", "//*[@id = "fldvendor" + row + ""]", true): Modify property of object successfully

2018-05-16 19:26:06 - [MESSAGE][PASSED] - Modify property of object successfully

2018-05-16 19:26:06 - [TEST_STEP][PASSED] - selectOptionByIndex: All options with index in [1] are selected on object ''

2018-05-16 19:26:06 - [MESSAGE][PASSED] - All options with index in [1] are selected on object ''

2018-05-16 19:26:06 - [TEST_STEP][PASSED] - Statement - batch = new com.kms.katalon.core.testobject.TestObject(): null

2018-05-16 19:26:06 - [TEST_STEP][PASSED] - Statement - batch = com.kms.katalon.core.webui.keyword.WebUiBuiltInKeywords.modifyObjectProperty(batch, "xpath", "equals", "//*[@id = "txtbthqty" + row + ""]", true): Modify property of object successfully

2018-05-16 19:26:06 - [MESSAGE][PASSED] - Modify property of object successfully

2018-05-16 19:26:06 - [TEST_STEP][PASSED] - Statement - batchqty = com.kms.katalon.core.webui.keyword.WebUiBuiltInKeywords.getAttribute(batch, "value").trim(): Attribute 'value' of object '' is: '5000'

2018-05-16 19:26:06 - [MESSAGE][PASSED] - Attribute 'value' of object '' is: '5000'

2018-05-16 19:26:06 - [TEST_STEP][PASSED] - Statement - Rqty = 100: null

2018-05-16 19:26:06 - [TEST_STEP][PASSED] - delay: Delayed 2 second(s)

2018-05-16 19:26:08 - [MESSAGE][PASSED] - Delayed 2 second(s)

2018-05-16 19:26:08 - [TEST_STEP][PASSED] - Statement - out.println("BatchQty : " + batchqty): null

2018-05-16 19:26:08 - [TEST_STEP][PASSED] - Statement - out.println("RQty : " + Rqty): null

2018-05-16 19:26:08 - [TEST_STEP][PASSED] - Statement - If (java.lang.Integer.valueOf(batchqty) >= java.lang.Integer.valueOf(Rqty)): null

2018-05-16 19:26:08 - [TEST_STEP][PASSED] - Statement - Break: null

2018-05-16 19:26:08 - [TEST_STEP][PASSED] - Statement - batchlength = new com.kms.katalon.core.testobject.TestObject(): null

2018-05-16 19:26:08 - [TEST_STEP][PASSED] - Statement - batchlength = com.kms.katalon.core.webui.keyword.WebUiBuiltInKeywords.modifyObjectProperty(batchlength, "xpath", "equals", "//*[@id = "fldvendor" + row + ""]", true): Modify property of object successfully

2018-05-16 19:26:08 - [MESSAGE][PASSED] - Modify property of object successfully

2018-05-16 19:26:08 - [TEST_STEP][PASSED] - Statement - batchsize = com.kms.katalon.core.webui.keyword.WebUiBuiltInKeywords.getNumberOfTotalOption(batchlength): 5 options of object '' counted

2018-05-16 19:26:08 - [MESSAGE][PASSED] - 5 options of object '' counted

2018-05-16 19:26:08 - [TEST_STEP][PASSED] - Statement - out.println("BatchSize : " + batchsize): null

2018-05-16 19:26:08 - [TEST_STEP][PASSED] - Statement - For ([n = 1, n <= batchsize - 1, (n++)]): null

2018-05-16 19:26:08 - [TEST_STEP][PASSED] - Statement - product = new com.kms.katalon.core.testobject.TestObject(): null

2018-05-16 19:26:08 - [TEST_STEP][PASSED] - Statement - product = com.kms.katalon.core.webui.keyword.WebUiBuiltInKeywords.modifyObjectProperty(product, "xpath", "equals", "//*[@id = "fldvendor" + row + ""]", true): Modify property of object successfully

2018-05-16 19:26:08 - [MESSAGE][PASSED] - Modify property of object successfully

2018-05-16 19:26:08 - [TEST_STEP][PASSED] - selectOptionByIndex: All options with index in [1] are selected on object ''

2018-05-16 19:26:08 - [MESSAGE][PASSED] - All options with index in [1] are selected on object ''

2018-05-16 19:26:08 - [TEST_STEP][PASSED] - Statement - batch = new com.kms.katalon.core.testobject.TestObject(): null

2018-05-16 19:26:08 - [TEST_STEP][PASSED] - Statement - batch = com.kms.katalon.core.webui.keyword.WebUiBuiltInKeywords.modifyObjectProperty(batch, "xpath", "equals", "//*[@id = "txtbthqty" + row + ""]", true): Modify property of object successfully

2018-05-16 19:26:08 - [MESSAGE][PASSED] - Modify property of object successfully

2018-05-16 19:26:08 - [TEST_STEP][PASSED] - Statement - batchqty = com.kms.katalon.core.webui.keyword.WebUiBuiltInKeywords.getAttribute(batch, "value").trim(): Attribute 'value' of object '' is: '200'

2018-05-16 19:26:09 - [MESSAGE][PASSED] - Attribute 'value' of object '' is: '200'

2018-05-16 19:26:09 - [TEST_STEP][PASSED] - Statement - Rqty = 100: null

2018-05-16 19:26:09 - [TEST_STEP][PASSED] - delay: Delayed 2 second(s)

2018-05-16 19:26:11 - [MESSAGE][PASSED] - Delayed 2 second(s)

2018-05-16 19:26:11 - [TEST_STEP][PASSED] - Statement - out.println("BatchQty : " + batchqty): null

2018-05-16 19:26:11 - [TEST_STEP][PASSED] - Statement - out.println("RQty : " + Rqty): null

2018-05-16 19:26:11 - [TEST_STEP][PASSED] - Statement - If (java.lang.Integer.valueOf(batchqty) >= java.lang.Integer.valueOf(Rqty)): null

2018-05-16 19:26:11 - [TEST_STEP][PASSED] - Statement - Break: null

2018-05-16 19:26:11 - [TEST_STEP][PASSED] - Statement - batchlength = new com.kms.katalon.core.testobject.TestObject(): null

2018-05-16 19:26:11 - [TEST_STEP][PASSED] - Statement - batchlength = com.kms.katalon.core.webui.keyword.WebUiBuiltInKeywords.modifyObjectProperty(batchlength, "xpath", "equals", "//*[@id = "fldvendor" + row + ""]", true): Modify property of object successfully

2018-05-16 19:26:11 - [MESSAGE][PASSED] - Modify property of object successfully

2018-05-16 19:26:11 - [TEST_STEP][PASSED] - Statement - batchsize = com.kms.katalon.core.webui.keyword.WebUiBuiltInKeywords.getNumberOfTotalOption(batchlength): 6 options of object '' counted

2018-05-16 19:26:11 - [MESSAGE][PASSED] - 6 options of object '' counted

2018-05-16 19:26:11 - [TEST_STEP][PASSED] - Statement - out.println("BatchSize : " + batchsize): null

2018-05-16 19:26:11 - [TEST_STEP][PASSED] - Statement - For ([n = 1, n <= batchsize - 1, (n++)]): null

2018-05-16 19:26:11 - [TEST_STEP][PASSED] - Statement - product = new com.kms.katalon.core.testobject.TestObject(): null

2018-05-16 19:26:11 - [TEST_STEP][PASSED] - Statement - product = com.kms.katalon.core.webui.keyword.WebUiBuiltInKeywords.modifyObjectProperty(product, "xpath", "equals", "//*[@id = "fldvendor" + row + ""]", true): Modify property of object successfully

2018-05-16 19:26:11 - [MESSAGE][PASSED] - Modify property of object successfully

2018-05-16 19:26:11 - [TEST_STEP][PASSED] - selectOptionByIndex: All options with index in [1] are selected on object ''

2018-05-16 19:26:11 - [MESSAGE][PASSED] - All options with index in [1] are selected on object ''

2018-05-16 19:26:11 - [TEST_STEP][PASSED] - Statement - batch = new com.kms.katalon.core.testobject.TestObject(): null

2018-05-16 19:26:11 - [TEST_STEP][PASSED] - Statement - batch = com.kms.katalon.core.webui.keyword.WebUiBuiltInKeywords.modifyObjectProperty(batch, "xpath", "equals", "//*[@id = "txtbthqty" + row + ""]", true): Modify property of object successfully

2018-05-16 19:26:11 - [MESSAGE][PASSED] - Modify property of object successfully

2018-05-16 19:26:11 - [TEST_STEP][PASSED] - Statement - batchqty = com.kms.katalon.core.webui.keyword.WebUiBuiltInKeywords.getAttribute(batch, "value").trim(): Attribute 'value' of object '' is: '5000'

2018-05-16 19:26:11 - [MESSAGE][PASSED] - Attribute 'value' of object '' is: '5000'

2018-05-16 19:26:11 - [TEST_STEP][PASSED] - Statement - Rqty = 100: null

2018-05-16 19:26:11 - [TEST_STEP][PASSED] - delay: Delayed 2 second(s)

2018-05-16 19:26:13 - [MESSAGE][PASSED] - Delayed 2 second(s)

2018-05-16 19:26:13 - [TEST_STEP][PASSED] - Statement - out.println("BatchQty : " + batchqty): null

2018-05-16 19:26:13 - [TEST_STEP][PASSED] - Statement - out.println("RQty : " + Rqty): null

2018-05-16 19:26:13 - [TEST_STEP][PASSED] - Statement - If (java.lang.Integer.valueOf(batchqty) >= java.lang.Integer.valueOf(Rqty)): null

2018-05-16 19:26:13 - [TEST_STEP][PASSED] - Statement - Break: null

2018-05-16 19:26:13 - [TEST_STEP][PASSED] - Statement - batchlength = new com.kms.katalon.core.testobject.TestObject(): null

2018-05-16 19:26:13 - [TEST_STEP][PASSED] - Statement - batchlength = com.kms.katalon.core.webui.keyword.WebUiBuiltInKeywords.modifyObjectProperty(batchlength, "xpath", "equals", "//*[@id = "fldvendor" + row + ""]", true): Modify property of object successfully

2018-05-16 19:26:13 - [MESSAGE][PASSED] - Modify property of object successfully

2018-05-16 19:26:13 - [TEST_STEP][PASSED] - Statement - batchsize = com.kms.katalon.core.webui.keyword.WebUiBuiltInKeywords.getNumberOfTotalOption(batchlength): 6 options of object '' counted

2018-05-16 19:26:13 - [MESSAGE][PASSED] - 6 options of object '' counted

2018-05-16 19:26:13 - [TEST_STEP][PASSED] - Statement - out.println("BatchSize : " + batchsize): null

2018-05-16 19:26:13 - [TEST_STEP][PASSED] - Statement - For ([n = 1, n <= batchsize - 1, (n++)]): null

2018-05-16 19:26:13 - [TEST_STEP][PASSED] - Statement - product = new com.kms.katalon.core.testobject.TestObject(): null

2018-05-16 19:26:13 - [TEST_STEP][PASSED] - Statement - product = com.kms.katalon.core.webui.keyword.WebUiBuiltInKeywords.modifyObjectProperty(product, "xpath", "equals", "//*[@id = "fldvendor" + row + ""]", true): Modify property of object successfully

2018-05-16 19:26:13 - [MESSAGE][PASSED] - Modify property of object successfully

2018-05-16 19:26:13 - [TEST_STEP][PASSED] - selectOptionByIndex: All options with index in [1] are selected on object ''

2018-05-16 19:26:13 - [MESSAGE][PASSED] - All options with index in [1] are selected on object ''

2018-05-16 19:26:13 - [TEST_STEP][PASSED] - Statement - batch = new com.kms.katalon.core.testobject.TestObject(): null

2018-05-16 19:26:13 - [TEST_STEP][PASSED] - Statement - batch = com.kms.katalon.core.webui.keyword.WebUiBuiltInKeywords.modifyObjectProperty(batch, "xpath", "equals", "//*[@id = "txtbthqty" + row + ""]", true): Modify property of object successfully

2018-05-16 19:26:13 - [MESSAGE][PASSED] - Modify property of object successfully

2018-05-16 19:26:13 - [TEST_STEP][PASSED] - Statement - batchqty = com.kms.katalon.core.webui.keyword.WebUiBuiltInKeywords.getAttribute(batch, "value").trim(): Attribute 'value' of object '' is: '200'

2018-05-16 19:26:13 - [MESSAGE][PASSED] - Attribute 'value' of object '' is: '200'

2018-05-16 19:26:13 - [TEST_STEP][PASSED] - Statement - Rqty = 100: null

2018-05-16 19:26:13 - [TEST_STEP][PASSED] - delay: Delayed 2 second(s)

2018-05-16 19:26:15 - [MESSAGE][PASSED] - Delayed 2 second(s)

2018-05-16 19:26:15 - [TEST_STEP][PASSED] - Statement - out.println("BatchQty : " + batchqty): null

2018-05-16 19:26:15 - [TEST_STEP][PASSED] - Statement - out.println("RQty : " + Rqty): null

2018-05-16 19:26:15 - [TEST_STEP][PASSED] - Statement - If (java.lang.Integer.valueOf(batchqty) >= java.lang.Integer.valueOf(Rqty)): null

2018-05-16 19:26:15 - [TEST_STEP][PASSED] - Statement - Break: null

2018-05-16 19:26:15 - [TEST_STEP][PASSED] - Statement - batchlength = new com.kms.katalon.core.testobject.TestObject(): null

2018-05-16 19:26:15 - [TEST_STEP][PASSED] - Statement - batchlength = com.kms.katalon.core.webui.keyword.WebUiBuiltInKeywords.modifyObjectProperty(batchlength, "xpath", "equals", "//*[@id = "fldvendor" + row + ""]", true): Modify property of object successfully

2018-05-16 19:26:15 - [MESSAGE][PASSED] - Modify property of object successfully

2018-05-16 19:26:15 - [TEST_STEP][PASSED] - Statement - batchsize = com.kms.katalon.core.webui.keyword.WebUiBuiltInKeywords.getNumberOfTotalOption(batchlength): 5 options of object '' counted

2018-05-16 19:26:15 - [MESSAGE][PASSED] - 5 options of object '' counted

2018-05-16 19:26:15 - [TEST_STEP][PASSED] - Statement - out.println("BatchSize : " + batchsize): null

2018-05-16 19:26:15 - [TEST_STEP][PASSED] - Statement - For ([n = 1, n <= batchsize - 1, (n++)]): null

2018-05-16 19:26:15 - [TEST_STEP][PASSED] - Statement - product = new com.kms.katalon.core.testobject.TestObject(): null

2018-05-16 19:26:15 - [TEST_STEP][PASSED] - Statement - product = com.kms.katalon.core.webui.keyword.WebUiBuiltInKeywords.modifyObjectProperty(product, "xpath", "equals", "//*[@id = "fldvendor" + row + ""]", true): Modify property of object successfully

2018-05-16 19:26:15 - [MESSAGE][PASSED] - Modify property of object successfully

2018-05-16 19:26:15 - [TEST_STEP][PASSED] - selectOptionByIndex: All options with index in [1] are selected on object ''

2018-05-16 19:26:15 - [MESSAGE][PASSED] - All options with index in [1] are selected on object ''

2018-05-16 19:26:15 - [TEST_STEP][PASSED] - Statement - batch = new com.kms.katalon.core.testobject.TestObject(): null

2018-05-16 19:26:15 - [TEST_STEP][PASSED] - Statement - batch = com.kms.katalon.core.webui.keyword.WebUiBuiltInKeywords.modifyObjectProperty(batch, "xpath", "equals", "//*[@id = "txtbthqty" + row + ""]", true): Modify property of object successfully

2018-05-16 19:26:15 - [MESSAGE][PASSED] - Modify property of object successfully

2018-05-16 19:26:15 - [TEST_STEP][PASSED] - Statement - batchqty = com.kms.katalon.core.webui.keyword.WebUiBuiltInKeywords.getAttribute(batch, "value").trim(): Attribute 'value' of object '' is: '5000'

2018-05-16 19:26:15 - [MESSAGE][PASSED] - Attribute 'value' of object '' is: '5000'

2018-05-16 19:26:15 - [TEST_STEP][PASSED] - Statement - Rqty = 100: null

2018-05-16 19:26:15 - [TEST_STEP][PASSED] - delay: Delayed 2 second(s)

2018-05-16 19:26:17 - [MESSAGE][PASSED] - Delayed 2 second(s)

2018-05-16 19:26:17 - [TEST_STEP][PASSED] - Statement - out.println("BatchQty : " + batchqty): null

2018-05-16 19:26:17 - [TEST_STEP][PASSED] - Statement - out.println("RQty : " + Rqty): null

2018-05-16 19:26:17 - [TEST_STEP][PASSED] - Statement - If (java.lang.Integer.valueOf(batchqty) >= java.lang.Integer.valueOf(Rqty)): null

2018-05-16 19:26:17 - [TEST_STEP][PASSED] - Statement - Break: null

2018-05-16 19:26:17 - [TEST_STEP][PASSED] - Statement - batchlength = new com.kms.katalon.core.testobject.TestObject(): null

2018-05-16 19:26:17 - [TEST_STEP][PASSED] - Statement - batchlength = com.kms.katalon.core.webui.keyword.WebUiBuiltInKeywords.modifyObjectProperty(batchlength, "xpath", "equals", "//*[@id = "fldvendor" + row + ""]", true): Modify property of object successfully

2018-05-16 19:26:17 - [MESSAGE][PASSED] - Modify property of object successfully

2018-05-16 19:26:17 - [TEST_STEP][PASSED] - Statement - batchsize = com.kms.katalon.core.webui.keyword.WebUiBuiltInKeywords.getNumberOfTotalOption(batchlength): 6 options of object '' counted

2018-05-16 19:26:17 - [MESSAGE][PASSED] - 6 options of object '' counted

2018-05-16 19:26:17 - [TEST_STEP][PASSED] - Statement - out.println("BatchSize : " + batchsize): null

2018-05-16 19:26:17 - [TEST_STEP][PASSED] - Statement - For ([n = 1, n <= batchsize - 1, (n++)]): null

2018-05-16 19:26:17 - [TEST_STEP][PASSED] - Statement - product = new com.kms.katalon.core.testobject.TestObject(): null

2018-05-16 19:26:17 - [TEST_STEP][PASSED] - Statement - product = com.kms.katalon.core.webui.keyword.WebUiBuiltInKeywords.modifyObjectProperty(product, "xpath", "equals", "//*[@id = "fldvendor" + row + ""]", true): Modify property of object successfully

2018-05-16 19:26:17 - [MESSAGE][PASSED] - Modify property of object successfully

2018-05-16 19:26:17 - [TEST_STEP][PASSED] - selectOptionByIndex: All options with index in [1] are selected on object ''

2018-05-16 19:26:17 - [MESSAGE][PASSED] - All options with index in [1] are selected on object ''

2018-05-16 19:26:17 - [TEST_STEP][PASSED] - Statement - batch = new com.kms.katalon.core.testobject.TestObject(): null

2018-05-16 19:26:17 - [TEST_STEP][PASSED] - Statement - batch = com.kms.katalon.core.webui.keyword.WebUiBuiltInKeywords.modifyObjectProperty(batch, "xpath", "equals", "//*[@id = "txtbthqty" + row + ""]", true): Modify property of object successfully

2018-05-16 19:26:17 - [MESSAGE][PASSED] - Modify property of object successfully

2018-05-16 19:26:17 - [TEST_STEP][PASSED] - Statement - batchqty = com.kms.katalon.core.webui.keyword.WebUiBuiltInKeywords.getAttribute(batch, "value").trim(): Attribute 'value' of object '' is: '5000'

2018-05-16 19:26:18 - [MESSAGE][PASSED] - Attribute 'value' of object '' is: '5000'

2018-05-16 19:26:18 - [TEST_STEP][PASSED] - Statement - Rqty = 100: null

2018-05-16 19:26:18 - [TEST_STEP][PASSED] - delay: Delayed 2 second(s)

2018-05-16 19:26:20 - [MESSAGE][PASSED] - Delayed 2 second(s)

2018-05-16 19:26:20 - [TEST_STEP][PASSED] - Statement - out.println("BatchQty : " + batchqty): null

2018-05-16 19:26:20 - [TEST_STEP][PASSED] - Statement - out.println("RQty : " + Rqty): null

2018-05-16 19:26:20 - [TEST_STEP][PASSED] - Statement - If (java.lang.Integer.valueOf(batchqty) >= java.lang.Integer.valueOf(Rqty)): null

2018-05-16 19:26:20 - [TEST_STEP][PASSED] - Statement - Break: null

2018-05-16 19:26:20 - [TEST_STEP][PASSED] - Statement - batchlength = new com.kms.katalon.core.testobject.TestObject(): null

2018-05-16 19:26:20 - [TEST_STEP][PASSED] - Statement - batchlength = com.kms.katalon.core.webui.keyword.WebUiBuiltInKeywords.modifyObjectProperty(batchlength, "xpath", "equals", "//*[@id = "fldvendor" + row + ""]", true): Modify property of object successfully

2018-05-16 19:26:20 - [MESSAGE][PASSED] - Modify property of object successfully

2018-05-16 19:26:20 - [TEST_STEP][PASSED] - Statement - batchsize = com.kms.katalon.core.webui.keyword.WebUiBuiltInKeywords.getNumberOfTotalOption(batchlength): 6 options of object '' counted

2018-05-16 19:26:20 - [MESSAGE][PASSED] - 6 options of object '' counted

2018-05-16 19:26:20 - [TEST_STEP][PASSED] - Statement - out.println("BatchSize : " + batchsize): null

2018-05-16 19:26:20 - [TEST_STEP][PASSED] - Statement - For ([n = 1, n <= batchsize - 1, (n++)]): null

2018-05-16 19:26:20 - [TEST_STEP][PASSED] - Statement - product = new com.kms.katalon.core.testobject.TestObject(): null

2018-05-16 19:26:20 - [TEST_STEP][PASSED] - Statement - product = com.kms.katalon.core.webui.keyword.WebUiBuiltInKeywords.modifyObjectProperty(product, "xpath", "equals", "//*[@id = "fldvendor" + row + ""]", true): Modify property of object successfully

2018-05-16 19:26:20 - [MESSAGE][PASSED] - Modify property of object successfully

2018-05-16 19:26:20 - [TEST_STEP][PASSED] - selectOptionByIndex: All options with index in [1] are selected on object ''

2018-05-16 19:26:20 - [MESSAGE][PASSED] - All options with index in [1] are selected on object ''

2018-05-16 19:26:20 - [TEST_STEP][PASSED] - Statement - batch = new com.kms.katalon.core.testobject.TestObject(): null

2018-05-16 19:26:20 - [TEST_STEP][PASSED] - Statement - batch = com.kms.katalon.core.webui.keyword.WebUiBuiltInKeywords.modifyObjectProperty(batch, "xpath", "equals", "//*[@id = "txtbthqty" + row + ""]", true): Modify property of object successfully

2018-05-16 19:26:20 - [MESSAGE][PASSED] - Modify property of object successfully

2018-05-16 19:26:20 - [TEST_STEP][PASSED] - Statement - batchqty = com.kms.katalon.core.webui.keyword.WebUiBuiltInKeywords.getAttribute(batch, "value").trim(): Attribute 'value' of object '' is: '5000'

2018-05-16 19:26:20 - [MESSAGE][PASSED] - Attribute 'value' of object '' is: '5000'

2018-05-16 19:26:20 - [TEST_STEP][PASSED] - Statement - Rqty = 100: null

2018-05-16 19:26:20 - [TEST_STEP][PASSED] - delay: Delayed 2 second(s)

2018-05-16 19:26:22 - [MESSAGE][PASSED] - Delayed 2 second(s)

2018-05-16 19:26:22 - [TEST_STEP][PASSED] - Statement - out.println("BatchQty : " + batchqty): null

2018-05-16 19:26:22 - [TEST_STEP][PASSED] - Statement - out.println("RQty : " + Rqty): null

2018-05-16 19:26:22 - [TEST_STEP][PASSED] - Statement - If (java.lang.Integer.valueOf(batchqty) >= java.lang.Integer.valueOf(Rqty)): null

2018-05-16 19:26:22 - [TEST_STEP][PASSED] - Statement - Break: null

2018-05-16 19:26:22 - [TEST_STEP][PASSED] - Statement - batchlength = new com.kms.katalon.core.testobject.TestObject(): null

2018-05-16 19:26:22 - [TEST_STEP][PASSED] - Statement - batchlength = com.kms.katalon.core.webui.keyword.WebUiBuiltInKeywords.modifyObjectProperty(batchlength, "xpath", "equals", "//*[@id = "fldvendor" + row + ""]", true): Modify property of object successfully

2018-05-16 19:26:22 - [MESSAGE][PASSED] - Modify property of object successfully

2018-05-16 19:26:22 - [TEST_STEP][PASSED] - Statement - batchsize = com.kms.katalon.core.webui.keyword.WebUiBuiltInKeywords.getNumberOfTotalOption(batchlength): 6 options of object '' counted

2018-05-16 19:26:22 - [MESSAGE][PASSED] - 6 options of object '' counted

2018-05-16 19:26:22 - [TEST_STEP][PASSED] - Statement - out.println("BatchSize : " + batchsize): null

2018-05-16 19:26:22 - [TEST_STEP][PASSED] - Statement - For ([n = 1, n <= batchsize - 1, (n++)]): null

2018-05-16 19:26:22 - [TEST_STEP][PASSED] - Statement - product = new com.kms.katalon.core.testobject.TestObject(): null

2018-05-16 19:26:22 - [TEST_STEP][PASSED] - Statement - product = com.kms.katalon.core.webui.keyword.WebUiBuiltInKeywords.modifyObjectProperty(product, "xpath", "equals", "//*[@id = "fldvendor" + row + ""]", true): Modify property of object successfully

2018-05-16 19:26:22 - [MESSAGE][PASSED] - Modify property of object successfully

2018-05-16 19:26:22 - [TEST_STEP][PASSED] - selectOptionByIndex: All options with index in [1] are selected on object ''

2018-05-16 19:26:22 - [MESSAGE][PASSED] - All options with index in [1] are selected on object ''

2018-05-16 19:26:22 - [TEST_STEP][PASSED] - Statement - batch = new com.kms.katalon.core.testobject.TestObject(): null

2018-05-16 19:26:22 - [TEST_STEP][PASSED] - Statement - batch = com.kms.katalon.core.webui.keyword.WebUiBuiltInKeywords.modifyObjectProperty(batch, "xpath", "equals", "//*[@id = "txtbthqty" + row + ""]", true): Modify property of object successfully

2018-05-16 19:26:22 - [MESSAGE][PASSED] - Modify property of object successfully

2018-05-16 19:26:22 - [TEST_STEP][PASSED] - Statement - batchqty = com.kms.katalon.core.webui.keyword.WebUiBuiltInKeywords.getAttribute(batch, "value").trim(): Attribute 'value' of object '' is: '400'

2018-05-16 19:26:22 - [MESSAGE][PASSED] - Attribute 'value' of object '' is: '400'

2018-05-16 19:26:22 - [TEST_STEP][PASSED] - Statement - Rqty = 100: null

2018-05-16 19:26:22 - [TEST_STEP][PASSED] - delay: Delayed 2 second(s)

2018-05-16 19:26:24 - [MESSAGE][PASSED] - Delayed 2 second(s)

2018-05-16 19:26:24 - [TEST_STEP][PASSED] - Statement - out.println("BatchQty : " + batchqty): null

2018-05-16 19:26:24 - [TEST_STEP][PASSED] - Statement - out.println("RQty : " + Rqty): null

2018-05-16 19:26:24 - [TEST_STEP][PASSED] - Statement - If (java.lang.Integer.valueOf(batchqty) >= java.lang.Integer.valueOf(Rqty)): null

2018-05-16 19:26:24 - [TEST_STEP][PASSED] - Statement - Break: null

2018-05-16 19:26:24 - [TEST_STEP][PASSED] - Statement - batchlength = new com.kms.katalon.core.testobject.TestObject(): null

2018-05-16 19:26:24 - [TEST_STEP][PASSED] - Statement - batchlength = com.kms.katalon.core.webui.keyword.WebUiBuiltInKeywords.modifyObjectProperty(batchlength, "xpath", "equals", "//*[@id = "fldvendor" + row + ""]", true): Modify property of object successfully

2018-05-16 19:26:24 - [MESSAGE][PASSED] - Modify property of object successfully

2018-05-16 19:26:24 - [TEST_STEP][PASSED] - Statement - batchsize = com.kms.katalon.core.webui.keyword.WebUiBuiltInKeywords.getNumberOfTotalOption(batchlength): 6 options of object '' counted

2018-05-16 19:26:24 - [MESSAGE][PASSED] - 6 options of object '' counted

2018-05-16 19:26:24 - [TEST_STEP][PASSED] - Statement - out.println("BatchSize : " + batchsize): null

2018-05-16 19:26:24 - [TEST_STEP][PASSED] - Statement - For ([n = 1, n <= batchsize - 1, (n++)]): null

2018-05-16 19:26:24 - [TEST_STEP][PASSED] - Statement - product = new com.kms.katalon.core.testobject.TestObject(): null

2018-05-16 19:26:24 - [TEST_STEP][PASSED] - Statement - product = com.kms.katalon.core.webui.keyword.WebUiBuiltInKeywords.modifyObjectProperty(product, "xpath", "equals", "//*[@id = "fldvendor" + row + ""]", true): Modify property of object successfully

2018-05-16 19:26:24 - [MESSAGE][PASSED] - Modify property of object successfully

2018-05-16 19:26:24 - [TEST_STEP][PASSED] - selectOptionByIndex: All options with index in [1] are selected on object ''

2018-05-16 19:26:24 - [MESSAGE][PASSED] - All options with index in [1] are selected on object ''

2018-05-16 19:26:24 - [TEST_STEP][PASSED] - Statement - batch = new com.kms.katalon.core.testobject.TestObject(): null

2018-05-16 19:26:24 - [TEST_STEP][PASSED] - Statement - batch = com.kms.katalon.core.webui.keyword.WebUiBuiltInKeywords.modifyObjectProperty(batch, "xpath", "equals", "//*[@id = "txtbthqty" + row + ""]", true): Modify property of object successfully

2018-05-16 19:26:24 - [MESSAGE][PASSED] - Modify property of object successfully

2018-05-16 19:26:24 - [TEST_STEP][PASSED] - Statement - batchqty = com.kms.katalon.core.webui.keyword.WebUiBuiltInKeywords.getAttribute(batch, "value").trim(): Attribute 'value' of object '' is: '400'

2018-05-16 19:26:24 - [MESSAGE][PASSED] - Attribute 'value' of object '' is: '400'

2018-05-16 19:26:24 - [TEST_STEP][PASSED] - Statement - Rqty = 100: null

2018-05-16 19:26:24 - [TEST_STEP][PASSED] - delay: Delayed 2 second(s)

2018-05-16 19:26:26 - [MESSAGE][PASSED] - Delayed 2 second(s)

2018-05-16 19:26:26 - [TEST_STEP][PASSED] - Statement - out.println("BatchQty : " + batchqty): null

2018-05-16 19:26:26 - [TEST_STEP][PASSED] - Statement - out.println("RQty : " + Rqty): null

2018-05-16 19:26:26 - [TEST_STEP][PASSED] - Statement - If (java.lang.Integer.valueOf(batchqty) >= java.lang.Integer.valueOf(Rqty)): null

2018-05-16 19:26:26 - [TEST_STEP][PASSED] - Statement - Break: null

2018-05-16 19:26:26 - [TEST_STEP][PASSED] - Statement - batchlength = new com.kms.katalon.core.testobject.TestObject(): null

2018-05-16 19:26:26 - [TEST_STEP][PASSED] - Statement - batchlength = com.kms.katalon.core.webui.keyword.WebUiBuiltInKeywords.modifyObjectProperty(batchlength, "xpath", "equals", "//*[@id = "fldvendor" + row + ""]", true): Modify property of object successfully

2018-05-16 19:26:26 - [MESSAGE][PASSED] - Modify property of object successfully

2018-05-16 19:26:26 - [TEST_STEP][PASSED] - Statement - batchsize = com.kms.katalon.core.webui.keyword.WebUiBuiltInKeywords.getNumberOfTotalOption(batchlength): 6 options of object '' counted

2018-05-16 19:26:26 - [MESSAGE][PASSED] - 6 options of object '' counted

2018-05-16 19:26:26 - [TEST_STEP][PASSED] - Statement - out.println("BatchSize : " + batchsize): null

2018-05-16 19:26:26 - [TEST_STEP][PASSED] - Statement - For ([n = 1, n <= batchsize - 1, (n++)]): null

2018-05-16 19:26:26 - [TEST_STEP][PASSED] - Statement - product = new com.kms.katalon.core.testobject.TestObject(): null

2018-05-16 19:26:26 - [TEST_STEP][PASSED] - Statement - product = com.kms.katalon.core.webui.keyword.WebUiBuiltInKeywords.modifyObjectProperty(product, "xpath", "equals", "//*[@id = "fldvendor" + row + ""]", true): Modify property of object successfully

2018-05-16 19:26:26 - [MESSAGE][PASSED] - Modify property of object successfully

2018-05-16 19:26:26 - [TEST_STEP][PASSED] - selectOptionByIndex: All options with index in [1] are selected on object ''

2018-05-16 19:26:27 - [MESSAGE][PASSED] - All options with index in [1] are selected on object ''

2018-05-16 19:26:27 - [TEST_STEP][PASSED] - Statement - batch = new com.kms.katalon.core.testobject.TestObject(): null

2018-05-16 19:26:27 - [TEST_STEP][PASSED] - Statement - batch = com.kms.katalon.core.webui.keyword.WebUiBuiltInKeywords.modifyObjectProperty(batch, "xpath", "equals", "//*[@id = "txtbthqty" + row + ""]", true): Modify property of object successfully

2018-05-16 19:26:27 - [MESSAGE][PASSED] - Modify property of object successfully

2018-05-16 19:26:27 - [TEST_STEP][PASSED] - Statement - batchqty = com.kms.katalon.core.webui.keyword.WebUiBuiltInKeywords.getAttribute(batch, "value").trim(): Attribute 'value' of object '' is: '5000'

2018-05-16 19:26:27 - [MESSAGE][PASSED] - Attribute 'value' of object '' is: '5000'

2018-05-16 19:26:27 - [TEST_STEP][PASSED] - Statement - Rqty = 100: null

2018-05-16 19:26:27 - [TEST_STEP][PASSED] - delay: Delayed 2 second(s)

2018-05-16 19:26:29 - [MESSAGE][PASSED] - Delayed 2 second(s)

2018-05-16 19:26:29 - [TEST_STEP][PASSED] - Statement - out.println("BatchQty : " + batchqty): null

2018-05-16 19:26:29 - [TEST_STEP][PASSED] - Statement - out.println("RQty : " + Rqty): null

2018-05-16 19:26:29 - [TEST_STEP][PASSED] - Statement - If (java.lang.Integer.valueOf(batchqty) >= java.lang.Integer.valueOf(Rqty)): null

2018-05-16 19:26:29 - [TEST_STEP][PASSED] - Statement - Break: null

2018-05-16 19:26:29 - [TEST_STEP][PASSED] - Statement - batchlength = new com.kms.katalon.core.testobject.TestObject(): null

2018-05-16 19:26:29 - [TEST_STEP][PASSED] - Statement - batchlength = com.kms.katalon.core.webui.keyword.WebUiBuiltInKeywords.modifyObjectProperty(batchlength, "xpath", "equals", "//*[@id = "fldvendor" + row + ""]", true): Modify property of object successfully

2018-05-16 19:26:29 - [MESSAGE][PASSED] - Modify property of object successfully

2018-05-16 19:26:29 - [TEST_STEP][PASSED] - Statement - batchsize = com.kms.katalon.core.webui.keyword.WebUiBuiltInKeywords.getNumberOfTotalOption(batchlength): 5 options of object '' counted

2018-05-16 19:26:29 - [MESSAGE][PASSED] - 5 options of object '' counted

2018-05-16 19:26:29 - [TEST_STEP][PASSED] - Statement - out.println("BatchSize : " + batchsize): null

2018-05-16 19:26:29 - [TEST_STEP][PASSED] - Statement - For ([n = 1, n <= batchsize - 1, (n++)]): null

2018-05-16 19:26:29 - [TEST_STEP][PASSED] - Statement - product = new com.kms.katalon.core.testobject.TestObject(): null

2018-05-16 19:26:29 - [TEST_STEP][PASSED] - Statement - product = com.kms.katalon.core.webui.keyword.WebUiBuiltInKeywords.modifyObjectProperty(product, "xpath", "equals", "//*[@id = "fldvendor" + row + ""]", true): Modify property of object successfully

2018-05-16 19:26:29 - [MESSAGE][PASSED] - Modify property of object successfully

2018-05-16 19:26:29 - [TEST_STEP][PASSED] - selectOptionByIndex: All options with index in [1] are selected on object ''

2018-05-16 19:26:29 - [MESSAGE][PASSED] - All options with index in [1] are selected on object ''

2018-05-16 19:26:29 - [TEST_STEP][PASSED] - Statement - batch = new com.kms.katalon.core.testobject.TestObject(): null

2018-05-16 19:26:29 - [TEST_STEP][PASSED] - Statement - batch = com.kms.katalon.core.webui.keyword.WebUiBuiltInKeywords.modifyObjectProperty(batch, "xpath", "equals", "//*[@id = "txtbthqty" + row + ""]", true): Modify property of object successfully

2018-05-16 19:26:29 - [MESSAGE][PASSED] - Modify property of object successfully

2018-05-16 19:26:29 - [TEST_STEP][PASSED] - Statement - batchqty = com.kms.katalon.core.webui.keyword.WebUiBuiltInKeywords.getAttribute(batch, "value").trim(): Attribute 'value' of object '' is: '5000'

2018-05-16 19:26:29 - [MESSAGE][PASSED] - Attribute 'value' of object '' is: '5000'

2018-05-16 19:26:29 - [TEST_STEP][PASSED] - Statement - Rqty = 100: null

2018-05-16 19:26:29 - [TEST_STEP][PASSED] - delay: Delayed 2 second(s)

2018-05-16 19:26:31 - [MESSAGE][PASSED] - Delayed 2 second(s)

2018-05-16 19:26:31 - [TEST_STEP][PASSED] - Statement - out.println("BatchQty : " + batchqty): null

2018-05-16 19:26:31 - [TEST_STEP][PASSED] - Statement - out.println("RQty : " + Rqty): null

2018-05-16 19:26:31 - [TEST_STEP][PASSED] - Statement - If (java.lang.Integer.valueOf(batchqty) >= java.lang.Integer.valueOf(Rqty)): null

2018-05-16 19:26:31 - [TEST_STEP][PASSED] - Statement - Break: null

2018-05-16 19:26:31 - [TEST_STEP][PASSED] - Statement - batchlength = new com.kms.katalon.core.testobject.TestObject(): null

2018-05-16 19:26:31 - [TEST_STEP][PASSED] - Statement - batchlength = com.kms.katalon.core.webui.keyword.WebUiBuiltInKeywords.modifyObjectProperty(batchlength, "xpath", "equals", "//*[@id = "fldvendor" + row + ""]", true): Modify property of object successfully

2018-05-16 19:26:31 - [MESSAGE][PASSED] - Modify property of object successfully

2018-05-16 19:26:31 - [TEST_STEP][PASSED] - Statement - batchsize = com.kms.katalon.core.webui.keyword.WebUiBuiltInKeywords.getNumberOfTotalOption(batchlength): 7 options of object '' counted

2018-05-16 19:26:31 - [MESSAGE][PASSED] - 7 options of object '' counted

2018-05-16 19:26:31 - [TEST_STEP][PASSED] - Statement - out.println("BatchSize : " + batchsize): null

2018-05-16 19:26:31 - [TEST_STEP][PASSED] - Statement - For ([n = 1, n <= batchsize - 1, (n++)]): null

2018-05-16 19:26:31 - [TEST_STEP][PASSED] - Statement - product = new com.kms.katalon.core.testobject.TestObject(): null

2018-05-16 19:26:31 - [TEST_STEP][PASSED] - Statement - product = com.kms.katalon.core.webui.keyword.WebUiBuiltInKeywords.modifyObjectProperty(product, "xpath", "equals", "//*[@id = "fldvendor" + row + ""]", true): Modify property of object successfully

2018-05-16 19:26:31 - [MESSAGE][PASSED] - Modify property of object successfully

2018-05-16 19:26:31 - [TEST_STEP][PASSED] - selectOptionByIndex: All options with index in [1] are selected on object ''

2018-05-16 19:26:31 - [MESSAGE][PASSED] - All options with index in [1] are selected on object ''

2018-05-16 19:26:31 - [TEST_STEP][PASSED] - Statement - batch = new com.kms.katalon.core.testobject.TestObject(): null

2018-05-16 19:26:31 - [TEST_STEP][PASSED] - Statement - batch = com.kms.katalon.core.webui.keyword.WebUiBuiltInKeywords.modifyObjectProperty(batch, "xpath", "equals", "//*[@id = "txtbthqty" + row + ""]", true): Modify property of object successfully

2018-05-16 19:26:31 - [MESSAGE][PASSED] - Modify property of object successfully

2018-05-16 19:26:31 - [TEST_STEP][PASSED] - Statement - batchqty = com.kms.katalon.core.webui.keyword.WebUiBuiltInKeywords.getAttribute(batch, "value").trim(): Attribute 'value' of object '' is: '149900'

2018-05-16 19:26:31 - [MESSAGE][PASSED] - Attribute 'value' of object '' is: '149900'

2018-05-16 19:26:31 - [TEST_STEP][PASSED] - Statement - Rqty = 100: null

2018-05-16 19:26:31 - [TEST_STEP][PASSED] - delay: Delayed 2 second(s)

2018-05-16 19:26:33 - [MESSAGE][PASSED] - Delayed 2 second(s)

2018-05-16 19:26:33 - [TEST_STEP][PASSED] - Statement - out.println("BatchQty : " + batchqty): null

2018-05-16 19:26:33 - [TEST_STEP][PASSED] - Statement - out.println("RQty : " + Rqty): null

2018-05-16 19:26:33 - [TEST_STEP][PASSED] - Statement - If (java.lang.Integer.valueOf(batchqty) >= java.lang.Integer.valueOf(Rqty)): null

2018-05-16 19:26:33 - [TEST_STEP][PASSED] - Statement - Break: null

2018-05-16 19:26:33 - [TEST_STEP][PASSED] - Statement - batchlength = new com.kms.katalon.core.testobject.TestObject(): null

2018-05-16 19:26:33 - [TEST_STEP][PASSED] - Statement - batchlength = com.kms.katalon.core.webui.keyword.WebUiBuiltInKeywords.modifyObjectProperty(batchlength, "xpath", "equals", "//*[@id = "fldvendor" + row + ""]", true): Modify property of object successfully

2018-05-16 19:26:33 - [MESSAGE][PASSED] - Modify property of object successfully

2018-05-16 19:26:33 - [TEST_STEP][PASSED] - Statement - batchsize = com.kms.katalon.core.webui.keyword.WebUiBuiltInKeywords.getNumberOfTotalOption(batchlength): 7 options of object '' counted

2018-05-16 19:26:33 - [MESSAGE][PASSED] - 7 options of object '' counted

2018-05-16 19:26:33 - [TEST_STEP][PASSED] - Statement - out.println("BatchSize : " + batchsize): null

2018-05-16 19:26:33 - [TEST_STEP][PASSED] - Statement - For ([n = 1, n <= batchsize - 1, (n++)]): null

2018-05-16 19:26:33 - [TEST_STEP][PASSED] - Statement - product = new com.kms.katalon.core.testobject.TestObject(): null

2018-05-16 19:26:33 - [TEST_STEP][PASSED] - Statement - product = com.kms.katalon.core.webui.keyword.WebUiBuiltInKeywords.modifyObjectProperty(product, "xpath", "equals", "//*[@id = "fldvendor" + row + ""]", true): Modify property of object successfully

2018-05-16 19:26:33 - [MESSAGE][PASSED] - Modify property of object successfully

2018-05-16 19:26:33 - [TEST_STEP][PASSED] - selectOptionByIndex: All options with index in [1] are selected on object ''

2018-05-16 19:26:33 - [MESSAGE][PASSED] - All options with index in [1] are selected on object ''

2018-05-16 19:26:33 - [TEST_STEP][PASSED] - Statement - batch = new com.kms.katalon.core.testobject.TestObject(): null

2018-05-16 19:26:33 - [TEST_STEP][PASSED] - Statement - batch = com.kms.katalon.core.webui.keyword.WebUiBuiltInKeywords.modifyObjectProperty(batch, "xpath", "equals", "//*[@id = "txtbthqty" + row + ""]", true): Modify property of object successfully

2018-05-16 19:26:33 - [MESSAGE][PASSED] - Modify property of object successfully

2018-05-16 19:26:33 - [TEST_STEP][PASSED] - Statement - batchqty = com.kms.katalon.core.webui.keyword.WebUiBuiltInKeywords.getAttribute(batch, "value").trim(): Attribute 'value' of object '' is: '5000'

2018-05-16 19:26:33 - [MESSAGE][PASSED] - Attribute 'value' of object '' is: '5000'

2018-05-16 19:26:33 - [TEST_STEP][PASSED] - Statement - Rqty = 100: null

2018-05-16 19:26:33 - [TEST_STEP][PASSED] - delay: Delayed 2 second(s)

2018-05-16 19:26:35 - [MESSAGE][PASSED] - Delayed 2 second(s)

2018-05-16 19:26:35 - [TEST_STEP][PASSED] - Statement - out.println("BatchQty : " + batchqty): null

2018-05-16 19:26:35 - [TEST_STEP][PASSED] - Statement - out.println("RQty : " + Rqty): null

2018-05-16 19:26:35 - [TEST_STEP][PASSED] - Statement - If (java.lang.Integer.valueOf(batchqty) >= java.lang.Integer.valueOf(Rqty)): null

2018-05-16 19:26:35 - [TEST_STEP][PASSED] - Statement - Break: null

2018-05-16 19:26:35 - [TEST_STEP][PASSED] - Statement - batchlength = new com.kms.katalon.core.testobject.TestObject(): null

2018-05-16 19:26:35 - [TEST_STEP][PASSED] - Statement - batchlength = com.kms.katalon.core.webui.keyword.WebUiBuiltInKeywords.modifyObjectProperty(batchlength, "xpath", "equals", "//*[@id = "fldvendor" + row + ""]", true): Modify property of object successfully

2018-05-16 19:26:35 - [MESSAGE][PASSED] - Modify property of object successfully

2018-05-16 19:26:35 - [TEST_STEP][PASSED] - Statement - batchsize = com.kms.katalon.core.webui.keyword.WebUiBuiltInKeywords.getNumberOfTotalOption(batchlength): 7 options of object '' counted

2018-05-16 19:26:35 - [MESSAGE][PASSED] - 7 options of object '' counted

2018-05-16 19:26:35 - [TEST_STEP][PASSED] - Statement - out.println("BatchSize : " + batchsize): null

2018-05-16 19:26:35 - [TEST_STEP][PASSED] - Statement - For ([n = 1, n <= batchsize - 1, (n++)]): null

2018-05-16 19:26:35 - [TEST_STEP][PASSED] - Statement - product = new com.kms.katalon.core.testobject.TestObject(): null

2018-05-16 19:26:35 - [TEST_STEP][PASSED] - Statement - product = com.kms.katalon.core.webui.keyword.WebUiBuiltInKeywords.modifyObjectProperty(product, "xpath", "equals", "//*[@id = "fldvendor" + row + ""]", true): Modify property of object successfully

2018-05-16 19:26:35 - [MESSAGE][PASSED] - Modify property of object successfully

2018-05-16 19:26:35 - [TEST_STEP][PASSED] - selectOptionByIndex: All options with index in [1] are selected on object ''

2018-05-16 19:26:36 - [MESSAGE][PASSED] - All options with index in [1] are selected on object ''

2018-05-16 19:26:36 - [TEST_STEP][PASSED] - Statement - batch = new com.kms.katalon.core.testobject.TestObject(): null

2018-05-16 19:26:36 - [TEST_STEP][PASSED] - Statement - batch = com.kms.katalon.core.webui.keyword.WebUiBuiltInKeywords.modifyObjectProperty(batch, "xpath", "equals", "//*[@id = "txtbthqty" + row + ""]", true): Modify property of object successfully

2018-05-16 19:26:36 - [MESSAGE][PASSED] - Modify property of object successfully

2018-05-16 19:26:36 - [TEST_STEP][PASSED] - Statement - batchqty = com.kms.katalon.core.webui.keyword.WebUiBuiltInKeywords.getAttribute(batch, "value").trim(): Attribute 'value' of object '' is: '400'

2018-05-16 19:26:36 - [MESSAGE][PASSED] - Attribute 'value' of object '' is: '400'

2018-05-16 19:26:36 - [TEST_STEP][PASSED] - Statement - Rqty = 100: null

2018-05-16 19:26:36 - [TEST_STEP][PASSED] - delay: Delayed 2 second(s)

2018-05-16 19:26:38 - [MESSAGE][PASSED] - Delayed 2 second(s)

2018-05-16 19:26:38 - [TEST_STEP][PASSED] - Statement - out.println("BatchQty : " + batchqty): null

2018-05-16 19:26:38 - [TEST_STEP][PASSED] - Statement - out.println("RQty : " + Rqty): null

2018-05-16 19:26:38 - [TEST_STEP][PASSED] - Statement - If (java.lang.Integer.valueOf(batchqty) >= java.lang.Integer.valueOf(Rqty)): null

2018-05-16 19:26:38 - [TEST_STEP][PASSED] - Statement - Break: null

2018-05-16 19:26:38 - [TEST_STEP][PASSED] - Statement - batchlength = new com.kms.katalon.core.testobject.TestObject(): null

2018-05-16 19:26:38 - [TEST_STEP][PASSED] - Statement - batchlength = com.kms.katalon.core.webui.keyword.WebUiBuiltInKeywords.modifyObjectProperty(batchlength, "xpath", "equals", "//*[@id = "fldvendor" + row + ""]", true): Modify property of object successfully

2018-05-16 19:26:38 - [MESSAGE][PASSED] - Modify property of object successfully

2018-05-16 19:26:38 - [TEST_STEP][PASSED] - Statement - batchsize = com.kms.katalon.core.webui.keyword.WebUiBuiltInKeywords.getNumberOfTotalOption(batchlength): 7 options of object '' counted

2018-05-16 19:26:38 - [MESSAGE][PASSED] - 7 options of object '' counted

2018-05-16 19:26:38 - [TEST_STEP][PASSED] - Statement - out.println("BatchSize : " + batchsize): null

2018-05-16 19:26:38 - [TEST_STEP][PASSED] - Statement - For ([n = 1, n <= batchsize - 1, (n++)]): null

2018-05-16 19:26:38 - [TEST_STEP][PASSED] - Statement - product = new com.kms.katalon.core.testobject.TestObject(): null

2018-05-16 19:26:38 - [TEST_STEP][PASSED] - Statement - product = com.kms.katalon.core.webui.keyword.WebUiBuiltInKeywords.modifyObjectProperty(product, "xpath", "equals", "//*[@id = "fldvendor" + row + ""]", true): Modify property of object successfully

2018-05-16 19:26:38 - [MESSAGE][PASSED] - Modify property of object successfully

2018-05-16 19:26:38 - [TEST_STEP][PASSED] - selectOptionByIndex: All options with index in [1] are selected on object ''

2018-05-16 19:26:38 - [MESSAGE][PASSED] - All options with index in [1] are selected on object ''

2018-05-16 19:26:38 - [TEST_STEP][PASSED] - Statement - batch = new com.kms.katalon.core.testobject.TestObject(): null

2018-05-16 19:26:38 - [TEST_STEP][PASSED] - Statement - batch = com.kms.katalon.core.webui.keyword.WebUiBuiltInKeywords.modifyObjectProperty(batch, "xpath", "equals", "//*[@id = "txtbthqty" + row + ""]", true): Modify property of object successfully

2018-05-16 19:26:38 - [MESSAGE][PASSED] - Modify property of object successfully

2018-05-16 19:26:38 - [TEST_STEP][PASSED] - Statement - batchqty = com.kms.katalon.core.webui.keyword.WebUiBuiltInKeywords.getAttribute(batch, "value").trim(): Attribute 'value' of object '' is: '5000'

2018-05-16 19:26:38 - [MESSAGE][PASSED] - Attribute 'value' of object '' is: '5000'

2018-05-16 19:26:38 - [TEST_STEP][PASSED] - Statement - Rqty = 100: null

2018-05-16 19:26:38 - [TEST_STEP][PASSED] - delay: Delayed 2 second(s)

2018-05-16 19:26:40 - [MESSAGE][PASSED] - Delayed 2 second(s)

2018-05-16 19:26:40 - [TEST_STEP][PASSED] - Statement - out.println("BatchQty : " + batchqty): null

2018-05-16 19:26:40 - [TEST_STEP][PASSED] - Statement - out.println("RQty : " + Rqty): null

2018-05-16 19:26:40 - [TEST_STEP][PASSED] - Statement - If (java.lang.Integer.valueOf(batchqty) >= java.lang.Integer.valueOf(Rqty)): null

2018-05-16 19:26:40 - [TEST_STEP][PASSED] - Statement - Break: null

2018-05-16 19:26:40 - [TEST_STEP][PASSED] - Statement - batchlength = new com.kms.katalon.core.testobject.TestObject(): null

2018-05-16 19:26:40 - [TEST_STEP][PASSED] - Statement - batchlength = com.kms.katalon.core.webui.keyword.WebUiBuiltInKeywords.modifyObjectProperty(batchlength, "xpath", "equals", "//*[@id = "fldvendor" + row + ""]", true): Modify property of object successfully

2018-05-16 19:26:40 - [MESSAGE][PASSED] - Modify property of object successfully

2018-05-16 19:26:40 - [TEST_STEP][PASSED] - Statement - batchsize = com.kms.katalon.core.webui.keyword.WebUiBuiltInKeywords.getNumberOfTotalOption(batchlength): 6 options of object '' counted

2018-05-16 19:26:40 - [MESSAGE][PASSED] - 6 options of object '' counted

2018-05-16 19:26:40 - [TEST_STEP][PASSED] - Statement - out.println("BatchSize : " + batchsize): null

2018-05-16 19:26:40 - [TEST_STEP][PASSED] - Statement - For ([n = 1, n <= batchsize - 1, (n++)]): null

2018-05-16 19:26:40 - [TEST_STEP][PASSED] - Statement - product = new com.kms.katalon.core.testobject.TestObject(): null

2018-05-16 19:26:40 - [TEST_STEP][PASSED] - Statement - product = com.kms.katalon.core.webui.keyword.WebUiBuiltInKeywords.modifyObjectProperty(product, "xpath", "equals", "//*[@id = "fldvendor" + row + ""]", true): Modify property of object successfully

2018-05-16 19:26:40 - [MESSAGE][PASSED] - Modify property of object successfully

2018-05-16 19:26:40 - [TEST_STEP][PASSED] - selectOptionByIndex: All options with index in [1] are selected on object ''

2018-05-16 19:26:40 - [MESSAGE][PASSED] - All options with index in [1] are selected on object ''

2018-05-16 19:26:40 - [TEST_STEP][PASSED] - Statement - batch = new com.kms.katalon.core.testobject.TestObject(): null

2018-05-16 19:26:40 - [TEST_STEP][PASSED] - Statement - batch = com.kms.katalon.core.webui.keyword.WebUiBuiltInKeywords.modifyObjectProperty(batch, "xpath", "equals", "//*[@id = "txtbthqty" + row + ""]", true): Modify property of object successfully

2018-05-16 19:26:40 - [MESSAGE][PASSED] - Modify property of object successfully

2018-05-16 19:26:40 - [TEST_STEP][PASSED] - Statement - batchqty = com.kms.katalon.core.webui.keyword.WebUiBuiltInKeywords.getAttribute(batch, "value").trim(): Attribute 'value' of object '' is: '149900'

2018-05-16 19:26:40 - [MESSAGE][PASSED] - Attribute 'value' of object '' is: '149900'

2018-05-16 19:26:40 - [TEST_STEP][PASSED] - Statement - Rqty = 100: null

2018-05-16 19:26:40 - [TEST_STEP][PASSED] - delay: Delayed 2 second(s)

2018-05-16 19:26:42 - [MESSAGE][PASSED] - Delayed 2 second(s)

2018-05-16 19:26:42 - [TEST_STEP][PASSED] - Statement - out.println("BatchQty : " + batchqty): null

2018-05-16 19:26:42 - [TEST_STEP][PASSED] - Statement - out.println("RQty : " + Rqty): null

2018-05-16 19:26:42 - [TEST_STEP][PASSED] - Statement - If (java.lang.Integer.valueOf(batchqty) >= java.lang.Integer.valueOf(Rqty)): null

2018-05-16 19:26:42 - [TEST_STEP][PASSED] - Statement - Break: null

2018-05-16 19:26:42 - [TEST_STEP][PASSED] - Statement - batchlength = new com.kms.katalon.core.testobject.TestObject(): null

2018-05-16 19:26:42 - [TEST_STEP][PASSED] - Statement - batchlength = com.kms.katalon.core.webui.keyword.WebUiBuiltInKeywords.modifyObjectProperty(batchlength, "xpath", "equals", "//*[@id = "fldvendor" + row + ""]", true): Modify property of object successfully

2018-05-16 19:26:42 - [MESSAGE][PASSED] - Modify property of object successfully

2018-05-16 19:26:42 - [TEST_STEP][PASSED] - Statement - batchsize = com.kms.katalon.core.webui.keyword.WebUiBuiltInKeywords.getNumberOfTotalOption(batchlength): 7 options of object '' counted

2018-05-16 19:26:42 - [MESSAGE][PASSED] - 7 options of object '' counted

2018-05-16 19:26:42 - [TEST_STEP][PASSED] - Statement - out.println("BatchSize : " + batchsize): null

2018-05-16 19:26:42 - [TEST_STEP][PASSED] - Statement - For ([n = 1, n <= batchsize - 1, (n++)]): null

2018-05-16 19:26:42 - [TEST_STEP][PASSED] - Statement - product = new com.kms.katalon.core.testobject.TestObject(): null

2018-05-16 19:26:42 - [TEST_STEP][PASSED] - Statement - product = com.kms.katalon.core.webui.keyword.WebUiBuiltInKeywords.modifyObjectProperty(product, "xpath", "equals", "//*[@id = "fldvendor" + row + ""]", true): Modify property of object successfully

2018-05-16 19:26:42 - [MESSAGE][PASSED] - Modify property of object successfully

2018-05-16 19:26:42 - [TEST_STEP][PASSED] - selectOptionByIndex: All options with index in [1] are selected on object ''

2018-05-16 19:26:42 - [MESSAGE][PASSED] - All options with index in [1] are selected on object ''

2018-05-16 19:26:42 - [TEST_STEP][PASSED] - Statement - batch = new com.kms.katalon.core.testobject.TestObject(): null

2018-05-16 19:26:42 - [TEST_STEP][PASSED] - Statement - batch = com.kms.katalon.core.webui.keyword.WebUiBuiltInKeywords.modifyObjectProperty(batch, "xpath", "equals", "//*[@id = "txtbthqty" + row + ""]", true): Modify property of object successfully

2018-05-16 19:26:42 - [MESSAGE][PASSED] - Modify property of object successfully

2018-05-16 19:26:42 - [TEST_STEP][PASSED] - Statement - batchqty = com.kms.katalon.core.webui.keyword.WebUiBuiltInKeywords.getAttribute(batch, "value").trim(): Attribute 'value' of object '' is: '400'

2018-05-16 19:26:43 - [MESSAGE][PASSED] - Attribute 'value' of object '' is: '400'

2018-05-16 19:26:43 - [TEST_STEP][PASSED] - Statement - Rqty = 100: null

2018-05-16 19:26:43 - [TEST_STEP][PASSED] - delay: Delayed 2 second(s)

2018-05-16 19:26:45 - [MESSAGE][PASSED] - Delayed 2 second(s)

2018-05-16 19:26:45 - [TEST_STEP][PASSED] - Statement - out.println("BatchQty : " + batchqty): null

2018-05-16 19:26:45 - [TEST_STEP][PASSED] - Statement - out.println("RQty : " + Rqty): null

2018-05-16 19:26:45 - [TEST_STEP][PASSED] - Statement - If (java.lang.Integer.valueOf(batchqty) >= java.lang.Integer.valueOf(Rqty)): null

2018-05-16 19:26:45 - [TEST_STEP][PASSED] - Statement - Break: null

2018-05-16 19:26:45 - [TEST_STEP][PASSED] - Statement - batchlength = new com.kms.katalon.core.testobject.TestObject(): null

2018-05-16 19:26:45 - [TEST_STEP][PASSED] - Statement - batchlength = com.kms.katalon.core.webui.keyword.WebUiBuiltInKeywords.modifyObjectProperty(batchlength, "xpath", "equals", "//*[@id = "fldvendor" + row + ""]", true): Modify property of object successfully

2018-05-16 19:26:45 - [MESSAGE][PASSED] - Modify property of object successfully

2018-05-16 19:26:45 - [TEST_STEP][PASSED] - Statement - batchsize = com.kms.katalon.core.webui.keyword.WebUiBuiltInKeywords.getNumberOfTotalOption(batchlength): 6 options of object '' counted

2018-05-16 19:26:45 - [MESSAGE][PASSED] - 6 options of object '' counted

2018-05-16 19:26:45 - [TEST_STEP][PASSED] - Statement - out.println("BatchSize : " + batchsize): null

2018-05-16 19:26:45 - [TEST_STEP][PASSED] - Statement - For ([n = 1, n <= batchsize - 1, (n++)]): null

2018-05-16 19:26:45 - [TEST_STEP][PASSED] - Statement - product = new com.kms.katalon.core.testobject.TestObject(): null

2018-05-16 19:26:45 - [TEST_STEP][PASSED] - Statement - product = com.kms.katalon.core.webui.keyword.WebUiBuiltInKeywords.modifyObjectProperty(product, "xpath", "equals", "//*[@id = "fldvendor" + row + ""]", true): Modify property of object successfully

2018-05-16 19:26:45 - [MESSAGE][PASSED] - Modify property of object successfully

2018-05-16 19:26:45 - [TEST_STEP][PASSED] - selectOptionByIndex: All options with index in [1] are selected on object ''

2018-05-16 19:26:45 - [MESSAGE][PASSED] - All options with index in [1] are selected on object ''

2018-05-16 19:26:45 - [TEST_STEP][PASSED] - Statement - batch = new com.kms.katalon.core.testobject.TestObject(): null

2018-05-16 19:26:45 - [TEST_STEP][PASSED] - Statement - batch = com.kms.katalon.core.webui.keyword.WebUiBuiltInKeywords.modifyObjectProperty(batch, "xpath", "equals", "//*[@id = "txtbthqty" + row + ""]", true): Modify property of object successfully

2018-05-16 19:26:45 - [MESSAGE][PASSED] - Modify property of object successfully

2018-05-16 19:26:45 - [TEST_STEP][PASSED] - Statement - batchqty = com.kms.katalon.core.webui.keyword.WebUiBuiltInKeywords.getAttribute(batch, "value").trim(): Attribute 'value' of object '' is: '5000'

2018-05-16 19:26:45 - [MESSAGE][PASSED] - Attribute 'value' of object '' is: '5000'

2018-05-16 19:26:45 - [TEST_STEP][PASSED] - Statement - Rqty = 100: null

2018-05-16 19:26:45 - [TEST_STEP][PASSED] - delay: Delayed 2 second(s)

2018-05-16 19:26:47 - [MESSAGE][PASSED] - Delayed 2 second(s)

2018-05-16 19:26:47 - [TEST_STEP][PASSED] - Statement - out.println("BatchQty : " + batchqty): null

2018-05-16 19:26:47 - [TEST_STEP][PASSED] - Statement - out.println("RQty : " + Rqty): null

2018-05-16 19:26:47 - [TEST_STEP][PASSED] - Statement - If (java.lang.Integer.valueOf(batchqty) >= java.lang.Integer.valueOf(Rqty)): null

2018-05-16 19:26:47 - [TEST_STEP][PASSED] - Statement - Break: null

2018-05-16 19:26:47 - [TEST_STEP][PASSED] - Statement - batchlength = new com.kms.katalon.core.testobject.TestObject(): null

2018-05-16 19:26:47 - [TEST_STEP][PASSED] - Statement - batchlength = com.kms.katalon.core.webui.keyword.WebUiBuiltInKeywords.modifyObjectProperty(batchlength, "xpath", "equals", "//*[@id = "fldvendor" + row + ""]", true): Modify property of object successfully

2018-05-16 19:26:47 - [MESSAGE][PASSED] - Modify property of object successfully

2018-05-16 19:26:47 - [TEST_STEP][PASSED] - Statement - batchsize = com.kms.katalon.core.webui.keyword.WebUiBuiltInKeywords.getNumberOfTotalOption(batchlength): 7 options of object '' counted

2018-05-16 19:26:47 - [MESSAGE][PASSED] - 7 options of object '' counted

2018-05-16 19:26:47 - [TEST_STEP][PASSED] - Statement - out.println("BatchSize : " + batchsize): null

2018-05-16 19:26:47 - [TEST_STEP][PASSED] - Statement - For ([n = 1, n <= batchsize - 1, (n++)]): null

2018-05-16 19:26:47 - [TEST_STEP][PASSED] - Statement - product = new com.kms.katalon.core.testobject.TestObject(): null

2018-05-16 19:26:47 - [TEST_STEP][PASSED] - Statement - product = com.kms.katalon.core.webui.keyword.WebUiBuiltInKeywords.modifyObjectProperty(product, "xpath", "equals", "//*[@id = "fldvendor" + row + ""]", true): Modify property of object successfully

2018-05-16 19:26:47 - [MESSAGE][PASSED] - Modify property of object successfully

2018-05-16 19:26:47 - [TEST_STEP][PASSED] - selectOptionByIndex: All options with index in [1] are selected on object ''

2018-05-16 19:26:47 - [MESSAGE][PASSED] - All options with index in [1] are selected on object ''

2018-05-16 19:26:47 - [TEST_STEP][PASSED] - Statement - batch = new com.kms.katalon.core.testobject.TestObject(): null

2018-05-16 19:26:47 - [TEST_STEP][PASSED] - Statement - batch = com.kms.katalon.core.webui.keyword.WebUiBuiltInKeywords.modifyObjectProperty(batch, "xpath", "equals", "//*[@id = "txtbthqty" + row + ""]", true): Modify property of object successfully

2018-05-16 19:26:47 - [MESSAGE][PASSED] - Modify property of object successfully

2018-05-16 19:26:47 - [TEST_STEP][PASSED] - Statement - batchqty = com.kms.katalon.core.webui.keyword.WebUiBuiltInKeywords.getAttribute(batch, "value").trim(): Attribute 'value' of object '' is: '200'

2018-05-16 19:26:47 - [MESSAGE][PASSED] - Attribute 'value' of object '' is: '200'

2018-05-16 19:26:47 - [TEST_STEP][PASSED] - Statement - Rqty = 100: null

2018-05-16 19:26:47 - [TEST_STEP][PASSED] - delay: Delayed 2 second(s)

2018-05-16 19:26:49 - [MESSAGE][PASSED] - Delayed 2 second(s)

2018-05-16 19:26:49 - [TEST_STEP][PASSED] - Statement - out.println("BatchQty : " + batchqty): null

2018-05-16 19:26:49 - [TEST_STEP][PASSED] - Statement - out.println("RQty : " + Rqty): null

2018-05-16 19:26:49 - [TEST_STEP][PASSED] - Statement - If (java.lang.Integer.valueOf(batchqty) >= java.lang.Integer.valueOf(Rqty)): null

2018-05-16 19:26:49 - [TEST_STEP][PASSED] - Statement - Break: null

2018-05-16 19:26:49 - [TEST_STEP][PASSED] - Statement - batchlength = new com.kms.katalon.core.testobject.TestObject(): null

2018-05-16 19:26:49 - [TEST_STEP][PASSED] - Statement - batchlength = com.kms.katalon.core.webui.keyword.WebUiBuiltInKeywords.modifyObjectProperty(batchlength, "xpath", "equals", "//*[@id = "fldvendor" + row + ""]", true): Modify property of object successfully

2018-05-16 19:26:49 - [MESSAGE][PASSED] - Modify property of object successfully

2018-05-16 19:26:49 - [TEST_STEP][PASSED] - Statement - batchsize = com.kms.katalon.core.webui.keyword.WebUiBuiltInKeywords.getNumberOfTotalOption(batchlength): 7 options of object '' counted

2018-05-16 19:26:49 - [MESSAGE][PASSED] - 7 options of object '' counted

2018-05-16 19:26:49 - [TEST_STEP][PASSED] - Statement - out.println("BatchSize : " + batchsize): null

2018-05-16 19:26:49 - [TEST_STEP][PASSED] - Statement - For ([n = 1, n <= batchsize - 1, (n++)]): null

2018-05-16 19:26:49 - [TEST_STEP][PASSED] - Statement - product = new com.kms.katalon.core.testobject.TestObject(): null

2018-05-16 19:26:49 - [TEST_STEP][PASSED] - Statement - product = com.kms.katalon.core.webui.keyword.WebUiBuiltInKeywords.modifyObjectProperty(product, "xpath", "equals", "//*[@id = "fldvendor" + row + ""]", true): Modify property of object successfully

2018-05-16 19:26:49 - [MESSAGE][PASSED] - Modify property of object successfully

2018-05-16 19:26:49 - [TEST_STEP][PASSED] - selectOptionByIndex: All options with index in [1] are selected on object ''

2018-05-16 19:26:49 - [MESSAGE][PASSED] - All options with index in [1] are selected on object ''

2018-05-16 19:26:49 - [TEST_STEP][PASSED] - Statement - batch = new com.kms.katalon.core.testobject.TestObject(): null

2018-05-16 19:26:49 - [TEST_STEP][PASSED] - Statement - batch = com.kms.katalon.core.webui.keyword.WebUiBuiltInKeywords.modifyObjectProperty(batch, "xpath", "equals", "//*[@id = "txtbthqty" + row + ""]", true): Modify property of object successfully

2018-05-16 19:26:49 - [MESSAGE][PASSED] - Modify property of object successfully

2018-05-16 19:26:49 - [TEST_STEP][PASSED] - Statement - batchqty = com.kms.katalon.core.webui.keyword.WebUiBuiltInKeywords.getAttribute(batch, "value").trim(): Attribute 'value' of object '' is: '200'

2018-05-16 19:26:49 - [MESSAGE][PASSED] - Attribute 'value' of object '' is: '200'

2018-05-16 19:26:49 - [TEST_STEP][PASSED] - Statement - Rqty = 100: null

2018-05-16 19:26:49 - [TEST_STEP][PASSED] - delay: Delayed 2 second(s)

2018-05-16 19:26:51 - [MESSAGE][PASSED] - Delayed 2 second(s)

2018-05-16 19:26:51 - [TEST_STEP][PASSED] - Statement - out.println("BatchQty : " + batchqty): null

2018-05-16 19:26:51 - [TEST_STEP][PASSED] - Statement - out.println("RQty : " + Rqty): null

2018-05-16 19:26:51 - [TEST_STEP][PASSED] - Statement - If (java.lang.Integer.valueOf(batchqty) >= java.lang.Integer.valueOf(Rqty)): null

2018-05-16 19:26:51 - [TEST_STEP][PASSED] - Statement - Break: null

2018-05-16 19:26:51 - [TEST_STEP][PASSED] - Statement - batchlength = new com.kms.katalon.core.testobject.TestObject(): null

2018-05-16 19:26:51 - [TEST_STEP][PASSED] - Statement - batchlength = com.kms.katalon.core.webui.keyword.WebUiBuiltInKeywords.modifyObjectProperty(batchlength, "xpath", "equals", "//*[@id = "fldvendor" + row + ""]", true): Modify property of object successfully

2018-05-16 19:26:51 - [MESSAGE][PASSED] - Modify property of object successfully

2018-05-16 19:26:51 - [TEST_STEP][PASSED] - Statement - batchsize = com.kms.katalon.core.webui.keyword.WebUiBuiltInKeywords.getNumberOfTotalOption(batchlength): 7 options of object '' counted

2018-05-16 19:26:51 - [MESSAGE][PASSED] - 7 options of object '' counted

2018-05-16 19:26:51 - [TEST_STEP][PASSED] - Statement - out.println("BatchSize : " + batchsize): null

2018-05-16 19:26:51 - [TEST_STEP][PASSED] - Statement - For ([n = 1, n <= batchsize - 1, (n++)]): null

2018-05-16 19:26:51 - [TEST_STEP][PASSED] - Statement - product = new com.kms.katalon.core.testobject.TestObject(): null

2018-05-16 19:26:51 - [TEST_STEP][PASSED] - Statement - product = com.kms.katalon.core.webui.keyword.WebUiBuiltInKeywords.modifyObjectProperty(product, "xpath", "equals", "//*[@id = "fldvendor" + row + ""]", true): Modify property of object successfully

2018-05-16 19:26:51 - [MESSAGE][PASSED] - Modify property of object successfully

2018-05-16 19:26:51 - [TEST_STEP][PASSED] - selectOptionByIndex: All options with index in [1] are selected on object ''

2018-05-16 19:26:52 - [MESSAGE][PASSED] - All options with index in [1] are selected on object ''

2018-05-16 19:26:52 - [TEST_STEP][PASSED] - Statement - batch = new com.kms.katalon.core.testobject.TestObject(): null

2018-05-16 19:26:52 - [TEST_STEP][PASSED] - Statement - batch = com.kms.katalon.core.webui.keyword.WebUiBuiltInKeywords.modifyObjectProperty(batch, "xpath", "equals", "//*[@id = "txtbthqty" + row + ""]", true): Modify property of object successfully

2018-05-16 19:26:52 - [MESSAGE][PASSED] - Modify property of object successfully

2018-05-16 19:26:52 - [TEST_STEP][PASSED] - Statement - batchqty = com.kms.katalon.core.webui.keyword.WebUiBuiltInKeywords.getAttribute(batch, "value").trim(): Attribute 'value' of object '' is: '149900'

2018-05-16 19:26:52 - [MESSAGE][PASSED] - Attribute 'value' of object '' is: '149900'

2018-05-16 19:26:52 - [TEST_STEP][PASSED] - Statement - Rqty = 100: null

2018-05-16 19:26:52 - [TEST_STEP][PASSED] - delay: Delayed 2 second(s)

2018-05-16 19:26:54 - [MESSAGE][PASSED] - Delayed 2 second(s)

2018-05-16 19:26:54 - [TEST_STEP][PASSED] - Statement - out.println("BatchQty : " + batchqty): null

2018-05-16 19:26:54 - [TEST_STEP][PASSED] - Statement - out.println("RQty : " + Rqty): null

2018-05-16 19:26:54 - [TEST_STEP][PASSED] - Statement - If (java.lang.Integer.valueOf(batchqty) >= java.lang.Integer.valueOf(Rqty)): null

2018-05-16 19:26:54 - [TEST_STEP][PASSED] - Statement - Break: null

2018-05-16 19:26:54 - [TEST_STEP][PASSED] - Statement - batchlength = new com.kms.katalon.core.testobject.TestObject(): null

2018-05-16 19:26:54 - [TEST_STEP][PASSED] - Statement - batchlength = com.kms.katalon.core.webui.keyword.WebUiBuiltInKeywords.modifyObjectProperty(batchlength, "xpath", "equals", "//*[@id = "fldvendor" + row + ""]", true): Modify property of object successfully

2018-05-16 19:26:54 - [MESSAGE][PASSED] - Modify property of object successfully

2018-05-16 19:26:54 - [TEST_STEP][PASSED] - Statement - batchsize = com.kms.katalon.core.webui.keyword.WebUiBuiltInKeywords.getNumberOfTotalOption(batchlength): 7 options of object '' counted

2018-05-16 19:26:54 - [MESSAGE][PASSED] - 7 options of object '' counted

2018-05-16 19:26:54 - [TEST_STEP][PASSED] - Statement - out.println("BatchSize : " + batchsize): null

2018-05-16 19:26:54 - [TEST_STEP][PASSED] - Statement - For ([n = 1, n <= batchsize - 1, (n++)]): null

2018-05-16 19:26:54 - [TEST_STEP][PASSED] - Statement - product = new com.kms.katalon.core.testobject.TestObject(): null

2018-05-16 19:26:54 - [TEST_STEP][PASSED] - Statement - product = com.kms.katalon.core.webui.keyword.WebUiBuiltInKeywords.modifyObjectProperty(product, "xpath", "equals", "//*[@id = "fldvendor" + row + ""]", true): Modify property of object successfully

2018-05-16 19:26:54 - [MESSAGE][PASSED] - Modify property of object successfully

2018-05-16 19:26:54 - [TEST_STEP][PASSED] - selectOptionByIndex: All options with index in [1] are selected on object ''

2018-05-16 19:26:54 - [MESSAGE][PASSED] - All options with index in [1] are selected on object ''

2018-05-16 19:26:54 - [TEST_STEP][PASSED] - Statement - batch = new com.kms.katalon.core.testobject.TestObject(): null

2018-05-16 19:26:54 - [TEST_STEP][PASSED] - Statement - batch = com.kms.katalon.core.webui.keyword.WebUiBuiltInKeywords.modifyObjectProperty(batch, "xpath", "equals", "//*[@id = "txtbthqty" + row + ""]", true): Modify property of object successfully

2018-05-16 19:26:54 - [MESSAGE][PASSED] - Modify property of object successfully

2018-05-16 19:26:54 - [TEST_STEP][PASSED] - Statement - batchqty = com.kms.katalon.core.webui.keyword.WebUiBuiltInKeywords.getAttribute(batch, "value").trim(): Attribute 'value' of object '' is: '200'

2018-05-16 19:26:54 - [MESSAGE][PASSED] - Attribute 'value' of object '' is: '200'

2018-05-16 19:26:54 - [TEST_STEP][PASSED] - Statement - Rqty = 100: null

2018-05-16 19:26:54 - [TEST_STEP][PASSED] - delay: Delayed 2 second(s)

2018-05-16 19:26:56 - [MESSAGE][PASSED] - Delayed 2 second(s)

2018-05-16 19:26:56 - [TEST_STEP][PASSED] - Statement - out.println("BatchQty : " + batchqty): null

2018-05-16 19:26:56 - [TEST_STEP][PASSED] - Statement - out.println("RQty : " + Rqty): null

2018-05-16 19:26:56 - [TEST_STEP][PASSED] - Statement - If (java.lang.Integer.valueOf(batchqty) >= java.lang.Integer.valueOf(Rqty)): null

2018-05-16 19:26:56 - [TEST_STEP][PASSED] - Statement - Break: null

2018-05-16 19:26:56 - [TEST_STEP][PASSED] - Statement - batchlength = new com.kms.katalon.core.testobject.TestObject(): null

2018-05-16 19:26:56 - [TEST_STEP][PASSED] - Statement - batchlength = com.kms.katalon.core.webui.keyword.WebUiBuiltInKeywords.modifyObjectProperty(batchlength, "xpath", "equals", "//*[@id = "fldvendor" + row + ""]", true): Modify property of object successfully

2018-05-16 19:26:56 - [MESSAGE][PASSED] - Modify property of object successfully

2018-05-16 19:26:56 - [TEST_STEP][PASSED] - Statement - batchsize = com.kms.katalon.core.webui.keyword.WebUiBuiltInKeywords.getNumberOfTotalOption(batchlength): 7 options of object '' counted

2018-05-16 19:26:56 - [MESSAGE][PASSED] - 7 options of object '' counted

2018-05-16 19:26:56 - [TEST_STEP][PASSED] - Statement - out.println("BatchSize : " + batchsize): null

2018-05-16 19:26:56 - [TEST_STEP][PASSED] - Statement - For ([n = 1, n <= batchsize - 1, (n++)]): null

2018-05-16 19:26:56 - [TEST_STEP][PASSED] - Statement - product = new com.kms.katalon.core.testobject.TestObject(): null

2018-05-16 19:26:56 - [TEST_STEP][PASSED] - Statement - product = com.kms.katalon.core.webui.keyword.WebUiBuiltInKeywords.modifyObjectProperty(product, "xpath", "equals", "//*[@id = "fldvendor" + row + ""]", true): Modify property of object successfully

2018-05-16 19:26:56 - [MESSAGE][PASSED] - Modify property of object successfully

2018-05-16 19:26:56 - [TEST_STEP][PASSED] - selectOptionByIndex: All options with index in [1] are selected on object ''

2018-05-16 19:26:56 - [MESSAGE][PASSED] - All options with index in [1] are selected on object ''

2018-05-16 19:26:56 - [TEST_STEP][PASSED] - Statement - batch = new com.kms.katalon.core.testobject.TestObject(): null

2018-05-16 19:26:56 - [TEST_STEP][PASSED] - Statement - batch = com.kms.katalon.core.webui.keyword.WebUiBuiltInKeywords.modifyObjectProperty(batch, "xpath", "equals", "//*[@id = "txtbthqty" + row + ""]", true): Modify property of object successfully

2018-05-16 19:26:56 - [MESSAGE][PASSED] - Modify property of object successfully

2018-05-16 19:26:56 - [TEST_STEP][PASSED] - Statement - batchqty = com.kms.katalon.core.webui.keyword.WebUiBuiltInKeywords.getAttribute(batch, "value").trim(): Attribute 'value' of object '' is: '200'

2018-05-16 19:26:56 - [MESSAGE][PASSED] - Attribute 'value' of object '' is: '200'

2018-05-16 19:26:56 - [TEST_STEP][PASSED] - Statement - Rqty = 100: null

2018-05-16 19:26:56 - [TEST_STEP][PASSED] - delay: Delayed 2 second(s)

2018-05-16 19:26:58 - [MESSAGE][PASSED] - Delayed 2 second(s)

2018-05-16 19:26:58 - [TEST_STEP][PASSED] - Statement - out.println("BatchQty : " + batchqty): null

2018-05-16 19:26:58 - [TEST_STEP][PASSED] - Statement - out.println("RQty : " + Rqty): null

2018-05-16 19:26:58 - [TEST_STEP][PASSED] - Statement - If (java.lang.Integer.valueOf(batchqty) >= java.lang.Integer.valueOf(Rqty)): null

2018-05-16 19:26:58 - [TEST_STEP][PASSED] - Statement - Break: null

2018-05-16 19:26:58 - [TEST_STEP][PASSED] - Statement - batchlength = new com.kms.katalon.core.testobject.TestObject(): null

2018-05-16 19:26:58 - [TEST_STEP][PASSED] - Statement - batchlength = com.kms.katalon.core.webui.keyword.WebUiBuiltInKeywords.modifyObjectProperty(batchlength, "xpath", "equals", "//*[@id = "fldvendor" + row + ""]", true): Modify property of object successfully

2018-05-16 19:26:58 - [MESSAGE][PASSED] - Modify property of object successfully

2018-05-16 19:26:58 - [TEST_STEP][PASSED] - Statement - batchsize = com.kms.katalon.core.webui.keyword.WebUiBuiltInKeywords.getNumberOfTotalOption(batchlength): 7 options of object '' counted

2018-05-16 19:26:58 - [MESSAGE][PASSED] - 7 options of object '' counted

2018-05-16 19:26:58 - [TEST_STEP][PASSED] - Statement - out.println("BatchSize : " + batchsize): null

2018-05-16 19:26:58 - [TEST_STEP][PASSED] - Statement - For ([n = 1, n <= batchsize - 1, (n++)]): null

2018-05-16 19:26:58 - [TEST_STEP][PASSED] - Statement - product = new com.kms.katalon.core.testobject.TestObject(): null

2018-05-16 19:26:58 - [TEST_STEP][PASSED] - Statement - product = com.kms.katalon.core.webui.keyword.WebUiBuiltInKeywords.modifyObjectProperty(product, "xpath", "equals", "//*[@id = "fldvendor" + row + ""]", true): Modify property of object successfully

2018-05-16 19:26:58 - [MESSAGE][PASSED] - Modify property of object successfully

2018-05-16 19:26:58 - [TEST_STEP][PASSED] - selectOptionByIndex: All options with index in [1] are selected on object ''

2018-05-16 19:26:58 - [MESSAGE][PASSED] - All options with index in [1] are selected on object ''

2018-05-16 19:26:58 - [TEST_STEP][PASSED] - Statement - batch = new com.kms.katalon.core.testobject.TestObject(): null

2018-05-16 19:26:58 - [TEST_STEP][PASSED] - Statement - batch = com.kms.katalon.core.webui.keyword.WebUiBuiltInKeywords.modifyObjectProperty(batch, "xpath", "equals", "//*[@id = "txtbthqty" + row + ""]", true): Modify property of object successfully

2018-05-16 19:26:58 - [MESSAGE][PASSED] - Modify property of object successfully

2018-05-16 19:26:58 - [TEST_STEP][PASSED] - Statement - batchqty = com.kms.katalon.core.webui.keyword.WebUiBuiltInKeywords.getAttribute(batch, "value").trim(): Attribute 'value' of object '' is: '5000'

2018-05-16 19:26:58 - [MESSAGE][PASSED] - Attribute 'value' of object '' is: '5000'

2018-05-16 19:26:58 - [TEST_STEP][PASSED] - Statement - Rqty = 100: null

2018-05-16 19:26:58 - [TEST_STEP][PASSED] - delay: Delayed 2 second(s)

2018-05-16 19:27:00 - [MESSAGE][PASSED] - Delayed 2 second(s)

2018-05-16 19:27:00 - [TEST_STEP][PASSED] - Statement - out.println("BatchQty : " + batchqty): null

2018-05-16 19:27:00 - [TEST_STEP][PASSED] - Statement - out.println("RQty : " + Rqty): null

2018-05-16 19:27:00 - [TEST_STEP][PASSED] - Statement - If (java.lang.Integer.valueOf(batchqty) >= java.lang.Integer.valueOf(Rqty)): null

2018-05-16 19:27:00 - [TEST_STEP][PASSED] - Statement - Break: null

2018-05-16 19:27:00 - [TEST_STEP][PASSED] - Statement - batchlength = new com.kms.katalon.core.testobject.TestObject(): null

2018-05-16 19:27:00 - [TEST_STEP][PASSED] - Statement - batchlength = com.kms.katalon.core.webui.keyword.WebUiBuiltInKeywords.modifyObjectProperty(batchlength, "xpath", "equals", "//*[@id = "fldvendor" + row + ""]", true): Modify property of object successfully

2018-05-16 19:27:00 - [MESSAGE][PASSED] - Modify property of object successfully

2018-05-16 19:27:00 - [TEST_STEP][PASSED] - Statement - batchsize = com.kms.katalon.core.webui.keyword.WebUiBuiltInKeywords.getNumberOfTotalOption(batchlength): 7 options of object '' counted

2018-05-16 19:27:01 - [MESSAGE][PASSED] - 7 options of object '' counted

2018-05-16 19:27:01 - [TEST_STEP][PASSED] - Statement - out.println("BatchSize : " + batchsize): null

2018-05-16 19:27:01 - [TEST_STEP][PASSED] - Statement - For ([n = 1, n <= batchsize - 1, (n++)]): null

2018-05-16 19:27:01 - [TEST_STEP][PASSED] - Statement - product = new com.kms.katalon.core.testobject.TestObject(): null

2018-05-16 19:27:01 - [TEST_STEP][PASSED] - Statement - product = com.kms.katalon.core.webui.keyword.WebUiBuiltInKeywords.modifyObjectProperty(product, "xpath", "equals", "//*[@id = "fldvendor" + row + ""]", true): Modify property of object successfully

2018-05-16 19:27:01 - [MESSAGE][PASSED] - Modify property of object successfully

2018-05-16 19:27:01 - [TEST_STEP][PASSED] - selectOptionByIndex: All options with index in [1] are selected on object ''

2018-05-16 19:27:01 - [MESSAGE][PASSED] - All options with index in [1] are selected on object ''

2018-05-16 19:27:01 - [TEST_STEP][PASSED] - Statement - batch = new com.kms.katalon.core.testobject.TestObject(): null

2018-05-16 19:27:01 - [TEST_STEP][PASSED] - Statement - batch = com.kms.katalon.core.webui.keyword.WebUiBuiltInKeywords.modifyObjectProperty(batch, "xpath", "equals", "//*[@id = "txtbthqty" + row + ""]", true): Modify property of object successfully

2018-05-16 19:27:01 - [MESSAGE][PASSED] - Modify property of object successfully

2018-05-16 19:27:01 - [TEST_STEP][PASSED] - Statement - batchqty = com.kms.katalon.core.webui.keyword.WebUiBuiltInKeywords.getAttribute(batch, "value").trim(): Attribute 'value' of object '' is: '200'

2018-05-16 19:27:01 - [MESSAGE][PASSED] - Attribute 'value' of object '' is: '200'

2018-05-16 19:27:01 - [TEST_STEP][PASSED] - Statement - Rqty = 100: null

2018-05-16 19:27:01 - [TEST_STEP][PASSED] - delay: Delayed 2 second(s)

2018-05-16 19:27:03 - [MESSAGE][PASSED] - Delayed 2 second(s)

2018-05-16 19:27:03 - [TEST_STEP][PASSED] - Statement - out.println("BatchQty : " + batchqty): null

2018-05-16 19:27:03 - [TEST_STEP][PASSED] - Statement - out.println("RQty : " + Rqty): null

2018-05-16 19:27:03 - [TEST_STEP][PASSED] - Statement - If (java.lang.Integer.valueOf(batchqty) >= java.lang.Integer.valueOf(Rqty)): null

2018-05-16 19:27:03 - [TEST_STEP][PASSED] - Statement - Break: null

2018-05-16 19:27:03 - [TEST_STEP][PASSED] - Statement - batchlength = new com.kms.katalon.core.testobject.TestObject(): null

2018-05-16 19:27:03 - [TEST_STEP][PASSED] - Statement - batchlength = com.kms.katalon.core.webui.keyword.WebUiBuiltInKeywords.modifyObjectProperty(batchlength, "xpath", "equals", "//*[@id = "fldvendor" + row + ""]", true): Modify property of object successfully

2018-05-16 19:27:03 - [MESSAGE][PASSED] - Modify property of object successfully

2018-05-16 19:27:03 - [TEST_STEP][PASSED] - Statement - batchsize = com.kms.katalon.core.webui.keyword.WebUiBuiltInKeywords.getNumberOfTotalOption(batchlength): 7 options of object '' counted

2018-05-16 19:27:03 - [MESSAGE][PASSED] - 7 options of object '' counted

2018-05-16 19:27:03 - [TEST_STEP][PASSED] - Statement - out.println("BatchSize : " + batchsize): null

2018-05-16 19:27:03 - [TEST_STEP][PASSED] - Statement - For ([n = 1, n <= batchsize - 1, (n++)]): null

2018-05-16 19:27:03 - [TEST_STEP][PASSED] - Statement - product = new com.kms.katalon.core.testobject.TestObject(): null

2018-05-16 19:27:03 - [TEST_STEP][PASSED] - Statement - product = com.kms.katalon.core.webui.keyword.WebUiBuiltInKeywords.modifyObjectProperty(product, "xpath", "equals", "//*[@id = "fldvendor" + row + ""]", true): Modify property of object successfully

2018-05-16 19:27:03 - [MESSAGE][PASSED] - Modify property of object successfully

2018-05-16 19:27:03 - [TEST_STEP][PASSED] - selectOptionByIndex: All options with index in [1] are selected on object ''

2018-05-16 19:27:03 - [MESSAGE][PASSED] - All options with index in [1] are selected on object ''

2018-05-16 19:27:03 - [TEST_STEP][PASSED] - Statement - batch = new com.kms.katalon.core.testobject.TestObject(): null

2018-05-16 19:27:03 - [TEST_STEP][PASSED] - Statement - batch = com.kms.katalon.core.webui.keyword.WebUiBuiltInKeywords.modifyObjectProperty(batch, "xpath", "equals", "//*[@id = "txtbthqty" + row + ""]", true): Modify property of object successfully

2018-05-16 19:27:03 - [MESSAGE][PASSED] - Modify property of object successfully

2018-05-16 19:27:03 - [TEST_STEP][PASSED] - Statement - batchqty = com.kms.katalon.core.webui.keyword.WebUiBuiltInKeywords.getAttribute(batch, "value").trim(): Attribute 'value' of object '' is: '5000'

2018-05-16 19:27:03 - [MESSAGE][PASSED] - Attribute 'value' of object '' is: '5000'

2018-05-16 19:27:03 - [TEST_STEP][PASSED] - Statement - Rqty = 100: null

2018-05-16 19:27:03 - [TEST_STEP][PASSED] - delay: Delayed 2 second(s)

2018-05-16 19:27:05 - [MESSAGE][PASSED] - Delayed 2 second(s)

2018-05-16 19:27:05 - [TEST_STEP][PASSED] - Statement - out.println("BatchQty : " + batchqty): null

2018-05-16 19:27:05 - [TEST_STEP][PASSED] - Statement - out.println("RQty : " + Rqty): null

2018-05-16 19:27:05 - [TEST_STEP][PASSED] - Statement - If (java.lang.Integer.valueOf(batchqty) >= java.lang.Integer.valueOf(Rqty)): null

2018-05-16 19:27:05 - [TEST_STEP][PASSED] - Statement - Break: null

2018-05-16 19:27:05 - [TEST_STEP][PASSED] - Statement - batchlength = new com.kms.katalon.core.testobject.TestObject(): null

2018-05-16 19:27:05 - [TEST_STEP][PASSED] - Statement - batchlength = com.kms.katalon.core.webui.keyword.WebUiBuiltInKeywords.modifyObjectProperty(batchlength, "xpath", "equals", "//*[@id = "fldvendor" + row + ""]", true): Modify property of object successfully

2018-05-16 19:27:05 - [MESSAGE][PASSED] - Modify property of object successfully

2018-05-16 19:27:05 - [TEST_STEP][PASSED] - Statement - batchsize = com.kms.katalon.core.webui.keyword.WebUiBuiltInKeywords.getNumberOfTotalOption(batchlength): 5 options of object '' counted

2018-05-16 19:27:05 - [MESSAGE][PASSED] - 5 options of object '' counted

2018-05-16 19:27:05 - [TEST_STEP][PASSED] - Statement - out.println("BatchSize : " + batchsize): null

2018-05-16 19:27:05 - [TEST_STEP][PASSED] - Statement - For ([n = 1, n <= batchsize - 1, (n++)]): null

2018-05-16 19:27:05 - [TEST_STEP][PASSED] - Statement - product = new com.kms.katalon.core.testobject.TestObject(): null

2018-05-16 19:27:05 - [TEST_STEP][PASSED] - Statement - product = com.kms.katalon.core.webui.keyword.WebUiBuiltInKeywords.modifyObjectProperty(product, "xpath", "equals", "//*[@id = "fldvendor" + row + ""]", true): Modify property of object successfully

2018-05-16 19:27:05 - [MESSAGE][PASSED] - Modify property of object successfully

2018-05-16 19:27:05 - [TEST_STEP][PASSED] - selectOptionByIndex: All options with index in [1] are selected on object ''

2018-05-16 19:27:05 - [MESSAGE][PASSED] - All options with index in [1] are selected on object ''

2018-05-16 19:27:05 - [TEST_STEP][PASSED] - Statement - batch = new com.kms.katalon.core.testobject.TestObject(): null

2018-05-16 19:27:05 - [TEST_STEP][PASSED] - Statement - batch = com.kms.katalon.core.webui.keyword.WebUiBuiltInKeywords.modifyObjectProperty(batch, "xpath", "equals", "//*[@id = "txtbthqty" + row + ""]", true): Modify property of object successfully

2018-05-16 19:27:05 - [MESSAGE][PASSED] - Modify property of object successfully

2018-05-16 19:27:05 - [TEST_STEP][PASSED] - Statement - batchqty = com.kms.katalon.core.webui.keyword.WebUiBuiltInKeywords.getAttribute(batch, "value").trim(): Attribute 'value' of object '' is: '5000'

2018-05-16 19:27:05 - [MESSAGE][PASSED] - Attribute 'value' of object '' is: '5000'

2018-05-16 19:27:05 - [TEST_STEP][PASSED] - Statement - Rqty = 100: null

2018-05-16 19:27:05 - [TEST_STEP][PASSED] - delay: Delayed 2 second(s)

2018-05-16 19:27:07 - [MESSAGE][PASSED] - Delayed 2 second(s)

2018-05-16 19:27:07 - [TEST_STEP][PASSED] - Statement - out.println("BatchQty : " + batchqty): null

2018-05-16 19:27:07 - [TEST_STEP][PASSED] - Statement - out.println("RQty : " + Rqty): null

2018-05-16 19:27:07 - [TEST_STEP][PASSED] - Statement - If (java.lang.Integer.valueOf(batchqty) >= java.lang.Integer.valueOf(Rqty)): null

2018-05-16 19:27:07 - [TEST_STEP][PASSED] - Statement - Break: null

2018-05-16 19:27:07 - [TEST_STEP][PASSED] - Statement - batchlength = new com.kms.katalon.core.testobject.TestObject(): null

2018-05-16 19:27:07 - [TEST_STEP][PASSED] - Statement - batchlength = com.kms.katalon.core.webui.keyword.WebUiBuiltInKeywords.modifyObjectProperty(batchlength, "xpath", "equals", "//*[@id = "fldvendor" + row + ""]", true): Modify property of object successfully

2018-05-16 19:27:07 - [MESSAGE][PASSED] - Modify property of object successfully

2018-05-16 19:27:07 - [TEST_STEP][PASSED] - Statement - batchsize = com.kms.katalon.core.webui.keyword.WebUiBuiltInKeywords.getNumberOfTotalOption(batchlength): 6 options of object '' counted

2018-05-16 19:27:07 - [MESSAGE][PASSED] - 6 options of object '' counted

2018-05-16 19:27:07 - [TEST_STEP][PASSED] - Statement - out.println("BatchSize : " + batchsize): null

2018-05-16 19:27:07 - [TEST_STEP][PASSED] - Statement - For ([n = 1, n <= batchsize - 1, (n++)]): null

2018-05-16 19:27:07 - [TEST_STEP][PASSED] - Statement - product = new com.kms.katalon.core.testobject.TestObject(): null

2018-05-16 19:27:07 - [TEST_STEP][PASSED] - Statement - product = com.kms.katalon.core.webui.keyword.WebUiBuiltInKeywords.modifyObjectProperty(product, "xpath", "equals", "//*[@id = "fldvendor" + row + ""]", true): Modify property of object successfully

2018-05-16 19:27:07 - [MESSAGE][PASSED] - Modify property of object successfully

2018-05-16 19:27:07 - [TEST_STEP][PASSED] - selectOptionByIndex: All options with index in [1] are selected on object ''

2018-05-16 19:27:08 - [MESSAGE][PASSED] - All options with index in [1] are selected on object ''

2018-05-16 19:27:08 - [TEST_STEP][PASSED] - Statement - batch = new com.kms.katalon.core.testobject.TestObject(): null

2018-05-16 19:27:08 - [TEST_STEP][PASSED] - Statement - batch = com.kms.katalon.core.webui.keyword.WebUiBuiltInKeywords.modifyObjectProperty(batch, "xpath", "equals", "//*[@id = "txtbthqty" + row + ""]", true): Modify property of object successfully

2018-05-16 19:27:08 - [MESSAGE][PASSED] - Modify property of object successfully

2018-05-16 19:27:08 - [TEST_STEP][PASSED] - Statement - batchqty = com.kms.katalon.core.webui.keyword.WebUiBuiltInKeywords.getAttribute(batch, "value").trim(): Attribute 'value' of object '' is: '400'

2018-05-16 19:27:08 - [MESSAGE][PASSED] - Attribute 'value' of object '' is: '400'

2018-05-16 19:27:08 - [TEST_STEP][PASSED] - Statement - Rqty = 100: null

2018-05-16 19:27:08 - [TEST_STEP][PASSED] - delay: Delayed 2 second(s)

2018-05-16 19:27:10 - [MESSAGE][PASSED] - Delayed 2 second(s)

2018-05-16 19:27:10 - [TEST_STEP][PASSED] - Statement - out.println("BatchQty : " + batchqty): null

2018-05-16 19:27:10 - [TEST_STEP][PASSED] - Statement - out.println("RQty : " + Rqty): null

2018-05-16 19:27:10 - [TEST_STEP][PASSED] - Statement - If (java.lang.Integer.valueOf(batchqty) >= java.lang.Integer.valueOf(Rqty)): null

2018-05-16 19:27:10 - [TEST_STEP][PASSED] - Statement - Break: null

2018-05-16 19:27:10 - [TEST_STEP][PASSED] - Statement - batchlength = new com.kms.katalon.core.testobject.TestObject(): null

2018-05-16 19:27:10 - [TEST_STEP][PASSED] - Statement - batchlength = com.kms.katalon.core.webui.keyword.WebUiBuiltInKeywords.modifyObjectProperty(batchlength, "xpath", "equals", "//*[@id = "fldvendor" + row + ""]", true): Modify property of object successfully

2018-05-16 19:27:10 - [MESSAGE][PASSED] - Modify property of object successfully

2018-05-16 19:27:10 - [TEST_STEP][PASSED] - Statement - batchsize = com.kms.katalon.core.webui.keyword.WebUiBuiltInKeywords.getNumberOfTotalOption(batchlength): 11 options of object '' counted

2018-05-16 19:27:10 - [MESSAGE][PASSED] - 11 options of object '' counted

2018-05-16 19:27:10 - [TEST_STEP][PASSED] - Statement - out.println("BatchSize : " + batchsize): null

2018-05-16 19:27:10 - [TEST_STEP][PASSED] - Statement - For ([n = 1, n <= batchsize - 1, (n++)]): null

2018-05-16 19:27:10 - [TEST_STEP][PASSED] - Statement - product = new com.kms.katalon.core.testobject.TestObject(): null

2018-05-16 19:27:10 - [TEST_STEP][PASSED] - Statement - product = com.kms.katalon.core.webui.keyword.WebUiBuiltInKeywords.modifyObjectProperty(product, "xpath", "equals", "//*[@id = "fldvendor" + row + ""]", true): Modify property of object successfully

2018-05-16 19:27:10 - [MESSAGE][PASSED] - Modify property of object successfully

2018-05-16 19:27:10 - [TEST_STEP][PASSED] - selectOptionByIndex: All options with index in [1] are selected on object ''

2018-05-16 19:27:10 - [MESSAGE][PASSED] - All options with index in [1] are selected on object ''

2018-05-16 19:27:10 - [TEST_STEP][PASSED] - Statement - batch = new com.kms.katalon.core.testobject.TestObject(): null

2018-05-16 19:27:10 - [TEST_STEP][PASSED] - Statement - batch = com.kms.katalon.core.webui.keyword.WebUiBuiltInKeywords.modifyObjectProperty(batch, "xpath", "equals", "//*[@id = "txtbthqty" + row + ""]", true): Modify property of object successfully

2018-05-16 19:27:10 - [MESSAGE][PASSED] - Modify property of object successfully

2018-05-16 19:27:10 - [TEST_STEP][PASSED] - Statement - batchqty = com.kms.katalon.core.webui.keyword.WebUiBuiltInKeywords.getAttribute(batch, "value").trim(): Attribute 'value' of object '' is: '400'

2018-05-16 19:27:10 - [MESSAGE][PASSED] - Attribute 'value' of object '' is: '400'

2018-05-16 19:27:10 - [TEST_STEP][PASSED] - Statement - Rqty = 100: null

2018-05-16 19:27:10 - [TEST_STEP][PASSED] - delay: Delayed 2 second(s)

2018-05-16 19:27:12 - [MESSAGE][PASSED] - Delayed 2 second(s)

2018-05-16 19:27:12 - [TEST_STEP][PASSED] - Statement - out.println("BatchQty : " + batchqty): null

2018-05-16 19:27:12 - [TEST_STEP][PASSED] - Statement - out.println("RQty : " + Rqty): null

2018-05-16 19:27:12 - [TEST_STEP][PASSED] - Statement - If (java.lang.Integer.valueOf(batchqty) >= java.lang.Integer.valueOf(Rqty)): null

2018-05-16 19:27:12 - [TEST_STEP][PASSED] - Statement - Break: null

2018-05-16 19:27:12 - [TEST_STEP][PASSED] - Statement - batchlength = new com.kms.katalon.core.testobject.TestObject(): null

2018-05-16 19:27:12 - [TEST_STEP][PASSED] - Statement - batchlength = com.kms.katalon.core.webui.keyword.WebUiBuiltInKeywords.modifyObjectProperty(batchlength, "xpath", "equals", "//*[@id = "fldvendor" + row + ""]", true): Modify property of object successfully

2018-05-16 19:27:12 - [MESSAGE][PASSED] - Modify property of object successfully

2018-05-16 19:27:12 - [TEST_STEP][PASSED] - Statement - batchsize = com.kms.katalon.core.webui.keyword.WebUiBuiltInKeywords.getNumberOfTotalOption(batchlength): 11 options of object '' counted

2018-05-16 19:27:12 - [MESSAGE][PASSED] - 11 options of object '' counted

2018-05-16 19:27:12 - [TEST_STEP][PASSED] - Statement - out.println("BatchSize : " + batchsize): null

2018-05-16 19:27:12 - [TEST_STEP][PASSED] - Statement - For ([n = 1, n <= batchsize - 1, (n++)]): null

2018-05-16 19:27:12 - [TEST_STEP][PASSED] - Statement - product = new com.kms.katalon.core.testobject.TestObject(): null

2018-05-16 19:27:12 - [TEST_STEP][PASSED] - Statement - product = com.kms.katalon.core.webui.keyword.WebUiBuiltInKeywords.modifyObjectProperty(product, "xpath", "equals", "//*[@id = "fldvendor" + row + ""]", true): Modify property of object successfully

2018-05-16 19:27:12 - [MESSAGE][PASSED] - Modify property of object successfully

2018-05-16 19:27:12 - [TEST_STEP][PASSED] - selectOptionByIndex: All options with index in [1] are selected on object ''

2018-05-16 19:27:12 - [MESSAGE][PASSED] - All options with index in [1] are selected on object ''

2018-05-16 19:27:12 - [TEST_STEP][PASSED] - Statement - batch = new com.kms.katalon.core.testobject.TestObject(): null

2018-05-16 19:27:12 - [TEST_STEP][PASSED] - Statement - batch = com.kms.katalon.core.webui.keyword.WebUiBuiltInKeywords.modifyObjectProperty(batch, "xpath", "equals", "//*[@id = "txtbthqty" + row + ""]", true): Modify property of object successfully

2018-05-16 19:27:12 - [MESSAGE][PASSED] - Modify property of object successfully

2018-05-16 19:27:12 - [TEST_STEP][PASSED] - Statement - batchqty = com.kms.katalon.core.webui.keyword.WebUiBuiltInKeywords.getAttribute(batch, "value").trim(): Attribute 'value' of object '' is: '400'

2018-05-16 19:27:12 - [MESSAGE][PASSED] - Attribute 'value' of object '' is: '400'

2018-05-16 19:27:12 - [TEST_STEP][PASSED] - Statement - Rqty = 100: null

2018-05-16 19:27:12 - [TEST_STEP][PASSED] - delay: Delayed 2 second(s)

2018-05-16 19:27:14 - [MESSAGE][PASSED] - Delayed 2 second(s)

2018-05-16 19:27:14 - [TEST_STEP][PASSED] - Statement - out.println("BatchQty : " + batchqty): null

2018-05-16 19:27:14 - [TEST_STEP][PASSED] - Statement - out.println("RQty : " + Rqty): null

2018-05-16 19:27:14 - [TEST_STEP][PASSED] - Statement - If (java.lang.Integer.valueOf(batchqty) >= java.lang.Integer.valueOf(Rqty)): null

2018-05-16 19:27:14 - [TEST_STEP][PASSED] - Statement - Break: null

2018-05-16 19:27:14 - [TEST_STEP][PASSED] - Statement - batchlength = new com.kms.katalon.core.testobject.TestObject(): null

2018-05-16 19:27:14 - [TEST_STEP][PASSED] - Statement - batchlength = com.kms.katalon.core.webui.keyword.WebUiBuiltInKeywords.modifyObjectProperty(batchlength, "xpath", "equals", "//*[@id = "fldvendor" + row + ""]", true): Modify property of object successfully

2018-05-16 19:27:14 - [MESSAGE][PASSED] - Modify property of object successfully

2018-05-16 19:27:14 - [TEST_STEP][PASSED] - Statement - batchsize = com.kms.katalon.core.webui.keyword.WebUiBuiltInKeywords.getNumberOfTotalOption(batchlength): 5 options of object '' counted

2018-05-16 19:27:14 - [MESSAGE][PASSED] - 5 options of object '' counted

2018-05-16 19:27:14 - [TEST_STEP][PASSED] - Statement - out.println("BatchSize : " + batchsize): null

2018-05-16 19:27:14 - [TEST_STEP][PASSED] - Statement - For ([n = 1, n <= batchsize - 1, (n++)]): null

2018-05-16 19:27:14 - [TEST_STEP][PASSED] - Statement - product = new com.kms.katalon.core.testobject.TestObject(): null

2018-05-16 19:27:14 - [TEST_STEP][PASSED] - Statement - product = com.kms.katalon.core.webui.keyword.WebUiBuiltInKeywords.modifyObjectProperty(product, "xpath", "equals", "//*[@id = "fldvendor" + row + ""]", true): Modify property of object successfully

2018-05-16 19:27:14 - [MESSAGE][PASSED] - Modify property of object successfully

2018-05-16 19:27:14 - [TEST_STEP][PASSED] - selectOptionByIndex: All options with index in [1] are selected on object ''

2018-05-16 19:27:14 - [MESSAGE][PASSED] - All options with index in [1] are selected on object ''

2018-05-16 19:27:14 - [TEST_STEP][PASSED] - Statement - batch = new com.kms.katalon.core.testobject.TestObject(): null

2018-05-16 19:27:14 - [TEST_STEP][PASSED] - Statement - batch = com.kms.katalon.core.webui.keyword.WebUiBuiltInKeywords.modifyObjectProperty(batch, "xpath", "equals", "//*[@id = "txtbthqty" + row + ""]", true): Modify property of object successfully

2018-05-16 19:27:14 - [MESSAGE][PASSED] - Modify property of object successfully

2018-05-16 19:27:14 - [TEST_STEP][PASSED] - Statement - batchqty = com.kms.katalon.core.webui.keyword.WebUiBuiltInKeywords.getAttribute(batch, "value").trim(): Attribute 'value' of object '' is: '5000'

2018-05-16 19:27:15 - [MESSAGE][PASSED] - Attribute 'value' of object '' is: '5000'

2018-05-16 19:27:15 - [TEST_STEP][PASSED] - Statement - Rqty = 100: null

2018-05-16 19:27:15 - [TEST_STEP][PASSED] - delay: Delayed 2 second(s)

2018-05-16 19:27:17 - [MESSAGE][PASSED] - Delayed 2 second(s)

2018-05-16 19:27:17 - [TEST_STEP][PASSED] - Statement - out.println("BatchQty : " + batchqty): null

2018-05-16 19:27:17 - [TEST_STEP][PASSED] - Statement - out.println("RQty : " + Rqty): null

2018-05-16 19:27:17 - [TEST_STEP][PASSED] - Statement - If (java.lang.Integer.valueOf(batchqty) >= java.lang.Integer.valueOf(Rqty)): null

2018-05-16 19:27:17 - [TEST_STEP][PASSED] - Statement - Break: null

2018-05-16 19:27:17 - [TEST_STEP][PASSED] - Statement - batchlength = new com.kms.katalon.core.testobject.TestObject(): null

2018-05-16 19:27:17 - [TEST_STEP][PASSED] - Statement - batchlength = com.kms.katalon.core.webui.keyword.WebUiBuiltInKeywords.modifyObjectProperty(batchlength, "xpath", "equals", "//*[@id = "fldvendor" + row + ""]", true): Modify property of object successfully

2018-05-16 19:27:17 - [MESSAGE][PASSED] - Modify property of object successfully

2018-05-16 19:27:17 - [TEST_STEP][PASSED] - Statement - batchsize = com.kms.katalon.core.webui.keyword.WebUiBuiltInKeywords.getNumberOfTotalOption(batchlength): 6 options of object '' counted

2018-05-16 19:27:17 - [MESSAGE][PASSED] - 6 options of object '' counted

2018-05-16 19:27:17 - [TEST_STEP][PASSED] - Statement - out.println("BatchSize : " + batchsize): null

2018-05-16 19:27:17 - [TEST_STEP][PASSED] - Statement - For ([n = 1, n <= batchsize - 1, (n++)]): null

2018-05-16 19:27:17 - [TEST_STEP][PASSED] - Statement - product = new com.kms.katalon.core.testobject.TestObject(): null

2018-05-16 19:27:17 - [TEST_STEP][PASSED] - Statement - product = com.kms.katalon.core.webui.keyword.WebUiBuiltInKeywords.modifyObjectProperty(product, "xpath", "equals", "//*[@id = "fldvendor" + row + ""]", true): Modify property of object successfully

2018-05-16 19:27:17 - [MESSAGE][PASSED] - Modify property of object successfully

2018-05-16 19:27:17 - [TEST_STEP][PASSED] - selectOptionByIndex: All options with index in [1] are selected on object ''

2018-05-16 19:27:17 - [MESSAGE][PASSED] - All options with index in [1] are selected on object ''

2018-05-16 19:27:17 - [TEST_STEP][PASSED] - Statement - batch = new com.kms.katalon.core.testobject.TestObject(): null

2018-05-16 19:27:17 - [TEST_STEP][PASSED] - Statement - batch = com.kms.katalon.core.webui.keyword.WebUiBuiltInKeywords.modifyObjectProperty(batch, "xpath", "equals", "//*[@id = "txtbthqty" + row + ""]", true): Modify property of object successfully

2018-05-16 19:27:17 - [MESSAGE][PASSED] - Modify property of object successfully

2018-05-16 19:27:17 - [TEST_STEP][PASSED] - Statement - batchqty = com.kms.katalon.core.webui.keyword.WebUiBuiltInKeywords.getAttribute(batch, "value").trim(): Attribute 'value' of object '' is: '400'

2018-05-16 19:27:17 - [MESSAGE][PASSED] - Attribute 'value' of object '' is: '400'

2018-05-16 19:27:17 - [TEST_STEP][PASSED] - Statement - Rqty = 100: null

2018-05-16 19:27:17 - [TEST_STEP][PASSED] - delay: Delayed 2 second(s)

2018-05-16 19:27:19 - [MESSAGE][PASSED] - Delayed 2 second(s)

2018-05-16 19:27:19 - [TEST_STEP][PASSED] - Statement - out.println("BatchQty : " + batchqty): null

2018-05-16 19:27:19 - [TEST_STEP][PASSED] - Statement - out.println("RQty : " + Rqty): null

2018-05-16 19:27:19 - [TEST_STEP][PASSED] - Statement - If (java.lang.Integer.valueOf(batchqty) >= java.lang.Integer.valueOf(Rqty)): null

2018-05-16 19:27:19 - [TEST_STEP][PASSED] - Statement - Break: null

2018-05-16 19:27:19 - [TEST_STEP][PASSED] - Statement - batchlength = new com.kms.katalon.core.testobject.TestObject(): null

2018-05-16 19:27:19 - [TEST_STEP][PASSED] - Statement - batchlength = com.kms.katalon.core.webui.keyword.WebUiBuiltInKeywords.modifyObjectProperty(batchlength, "xpath", "equals", "//*[@id = "fldvendor" + row + ""]", true): Modify property of object successfully

2018-05-16 19:27:19 - [MESSAGE][PASSED] - Modify property of object successfully

2018-05-16 19:27:19 - [TEST_STEP][PASSED] - Statement - batchsize = com.kms.katalon.core.webui.keyword.WebUiBuiltInKeywords.getNumberOfTotalOption(batchlength): 5 options of object '' counted

2018-05-16 19:27:19 - [MESSAGE][PASSED] - 5 options of object '' counted

2018-05-16 19:27:19 - [TEST_STEP][PASSED] - Statement - out.println("BatchSize : " + batchsize): null

2018-05-16 19:27:19 - [TEST_STEP][PASSED] - Statement - For ([n = 1, n <= batchsize - 1, (n++)]): null

2018-05-16 19:27:19 - [TEST_STEP][PASSED] - Statement - product = new com.kms.katalon.core.testobject.TestObject(): null

2018-05-16 19:27:19 - [TEST_STEP][PASSED] - Statement - product = com.kms.katalon.core.webui.keyword.WebUiBuiltInKeywords.modifyObjectProperty(product, "xpath", "equals", "//*[@id = "fldvendor" + row + ""]", true): Modify property of object successfully

2018-05-16 19:27:19 - [MESSAGE][PASSED] - Modify property of object successfully

2018-05-16 19:27:19 - [TEST_STEP][PASSED] - selectOptionByIndex: All options with index in [1] are selected on object ''

2018-05-16 19:27:19 - [MESSAGE][PASSED] - All options with index in [1] are selected on object ''

2018-05-16 19:27:19 - [TEST_STEP][PASSED] - Statement - batch = new com.kms.katalon.core.testobject.TestObject(): null

2018-05-16 19:27:19 - [TEST_STEP][PASSED] - Statement - batch = com.kms.katalon.core.webui.keyword.WebUiBuiltInKeywords.modifyObjectProperty(batch, "xpath", "equals", "//*[@id = "txtbthqty" + row + ""]", true): Modify property of object successfully

2018-05-16 19:27:19 - [MESSAGE][PASSED] - Modify property of object successfully

2018-05-16 19:27:19 - [TEST_STEP][PASSED] - Statement - batchqty = com.kms.katalon.core.webui.keyword.WebUiBuiltInKeywords.getAttribute(batch, "value").trim(): Attribute 'value' of object '' is: '200'

2018-05-16 19:27:19 - [MESSAGE][PASSED] - Attribute 'value' of object '' is: '200'

2018-05-16 19:27:19 - [TEST_STEP][PASSED] - Statement - Rqty = 100: null

2018-05-16 19:27:19 - [TEST_STEP][PASSED] - delay: Delayed 2 second(s)

2018-05-16 19:27:21 - [MESSAGE][PASSED] - Delayed 2 second(s)

2018-05-16 19:27:21 - [TEST_STEP][PASSED] - Statement - out.println("BatchQty : " + batchqty): null

2018-05-16 19:27:21 - [TEST_STEP][PASSED] - Statement - out.println("RQty : " + Rqty): null

2018-05-16 19:27:21 - [TEST_STEP][PASSED] - Statement - If (java.lang.Integer.valueOf(batchqty) >= java.lang.Integer.valueOf(Rqty)): null

2018-05-16 19:27:21 - [TEST_STEP][PASSED] - Statement - Break: null

2018-05-16 19:27:21 - [TEST_STEP][PASSED] - Statement - batchlength = new com.kms.katalon.core.testobject.TestObject(): null

2018-05-16 19:27:21 - [TEST_STEP][PASSED] - Statement - batchlength = com.kms.katalon.core.webui.keyword.WebUiBuiltInKeywords.modifyObjectProperty(batchlength, "xpath", "equals", "//*[@id = "fldvendor" + row + ""]", true): Modify property of object successfully

2018-05-16 19:27:21 - [MESSAGE][PASSED] - Modify property of object successfully

2018-05-16 19:27:21 - [TEST_STEP][PASSED] - Statement - batchsize = com.kms.katalon.core.webui.keyword.WebUiBuiltInKeywords.getNumberOfTotalOption(batchlength): 7 options of object '' counted

2018-05-16 19:27:21 - [MESSAGE][PASSED] - 7 options of object '' counted

2018-05-16 19:27:21 - [TEST_STEP][PASSED] - Statement - out.println("BatchSize : " + batchsize): null

2018-05-16 19:27:21 - [TEST_STEP][PASSED] - Statement - For ([n = 1, n <= batchsize - 1, (n++)]): null

2018-05-16 19:27:21 - [TEST_STEP][PASSED] - Statement - product = new com.kms.katalon.core.testobject.TestObject(): null

2018-05-16 19:27:21 - [TEST_STEP][PASSED] - Statement - product = com.kms.katalon.core.webui.keyword.WebUiBuiltInKeywords.modifyObjectProperty(product, "xpath", "equals", "//*[@id = "fldvendor" + row + ""]", true): Modify property of object successfully

2018-05-16 19:27:21 - [MESSAGE][PASSED] - Modify property of object successfully

2018-05-16 19:27:21 - [TEST_STEP][PASSED] - selectOptionByIndex: All options with index in [1] are selected on object ''

2018-05-16 19:27:21 - [MESSAGE][PASSED] - All options with index in [1] are selected on object ''

2018-05-16 19:27:21 - [TEST_STEP][PASSED] - Statement - batch = new com.kms.katalon.core.testobject.TestObject(): null

2018-05-16 19:27:21 - [TEST_STEP][PASSED] - Statement - batch = com.kms.katalon.core.webui.keyword.WebUiBuiltInKeywords.modifyObjectProperty(batch, "xpath", "equals", "//*[@id = "txtbthqty" + row + ""]", true): Modify property of object successfully

2018-05-16 19:27:21 - [MESSAGE][PASSED] - Modify property of object successfully

2018-05-16 19:27:21 - [TEST_STEP][PASSED] - Statement - batchqty = com.kms.katalon.core.webui.keyword.WebUiBuiltInKeywords.getAttribute(batch, "value").trim(): Attribute 'value' of object '' is: '5000'

2018-05-16 19:27:21 - [MESSAGE][PASSED] - Attribute 'value' of object '' is: '5000'

2018-05-16 19:27:21 - [TEST_STEP][PASSED] - Statement - Rqty = 100: null

2018-05-16 19:27:21 - [TEST_STEP][PASSED] - delay: Delayed 2 second(s)

2018-05-16 19:27:23 - [MESSAGE][PASSED] - Delayed 2 second(s)

2018-05-16 19:27:23 - [TEST_STEP][PASSED] - Statement - out.println("BatchQty : " + batchqty): null

2018-05-16 19:27:23 - [TEST_STEP][PASSED] - Statement - out.println("RQty : " + Rqty): null

2018-05-16 19:27:23 - [TEST_STEP][PASSED] - Statement - If (java.lang.Integer.valueOf(batchqty) >= java.lang.Integer.valueOf(Rqty)): null

2018-05-16 19:27:23 - [TEST_STEP][PASSED] - Statement - Break: null

2018-05-16 19:27:23 - [TEST_STEP][PASSED] - Statement - batchlength = new com.kms.katalon.core.testobject.TestObject(): null

2018-05-16 19:27:23 - [TEST_STEP][PASSED] - Statement - batchlength = com.kms.katalon.core.webui.keyword.WebUiBuiltInKeywords.modifyObjectProperty(batchlength, "xpath", "equals", "//*[@id = "fldvendor" + row + ""]", true): Modify property of object successfully

2018-05-16 19:27:23 - [MESSAGE][PASSED] - Modify property of object successfully

2018-05-16 19:27:23 - [TEST_STEP][PASSED] - Statement - batchsize = com.kms.katalon.core.webui.keyword.WebUiBuiltInKeywords.getNumberOfTotalOption(batchlength): 5 options of object '' counted

2018-05-16 19:27:23 - [MESSAGE][PASSED] - 5 options of object '' counted

2018-05-16 19:27:23 - [TEST_STEP][PASSED] - Statement - out.println("BatchSize : " + batchsize): null

2018-05-16 19:27:23 - [TEST_STEP][PASSED] - Statement - For ([n = 1, n <= batchsize - 1, (n++)]): null

2018-05-16 19:27:23 - [TEST_STEP][PASSED] - Statement - product = new com.kms.katalon.core.testobject.TestObject(): null

2018-05-16 19:27:23 - [TEST_STEP][PASSED] - Statement - product = com.kms.katalon.core.webui.keyword.WebUiBuiltInKeywords.modifyObjectProperty(product, "xpath", "equals", "//*[@id = "fldvendor" + row + ""]", true): Modify property of object successfully

2018-05-16 19:27:23 - [MESSAGE][PASSED] - Modify property of object successfully

2018-05-16 19:27:23 - [TEST_STEP][PASSED] - selectOptionByIndex: All options with index in [1] are selected on object ''

2018-05-16 19:27:24 - [MESSAGE][PASSED] - All options with index in [1] are selected on object ''

2018-05-16 19:27:24 - [TEST_STEP][PASSED] - Statement - batch = new com.kms.katalon.core.testobject.TestObject(): null

2018-05-16 19:27:24 - [TEST_STEP][PASSED] - Statement - batch = com.kms.katalon.core.webui.keyword.WebUiBuiltInKeywords.modifyObjectProperty(batch, "xpath", "equals", "//*[@id = "txtbthqty" + row + ""]", true): Modify property of object successfully

2018-05-16 19:27:24 - [MESSAGE][PASSED] - Modify property of object successfully

2018-05-16 19:27:24 - [TEST_STEP][PASSED] - Statement - batchqty = com.kms.katalon.core.webui.keyword.WebUiBuiltInKeywords.getAttribute(batch, "value").trim(): Attribute 'value' of object '' is: '200'

2018-05-16 19:27:24 - [MESSAGE][PASSED] - Attribute 'value' of object '' is: '200'

2018-05-16 19:27:24 - [TEST_STEP][PASSED] - Statement - Rqty = 100: null

2018-05-16 19:27:24 - [TEST_STEP][PASSED] - delay: Delayed 2 second(s)

2018-05-16 19:27:26 - [MESSAGE][PASSED] - Delayed 2 second(s)

2018-05-16 19:27:26 - [TEST_STEP][PASSED] - Statement - out.println("BatchQty : " + batchqty): null

2018-05-16 19:27:26 - [TEST_STEP][PASSED] - Statement - out.println("RQty : " + Rqty): null

2018-05-16 19:27:26 - [TEST_STEP][PASSED] - Statement - If (java.lang.Integer.valueOf(batchqty) >= java.lang.Integer.valueOf(Rqty)): null

2018-05-16 19:27:26 - [TEST_STEP][PASSED] - Statement - Break: null

2018-05-16 19:27:26 - [TEST_STEP][PASSED] - Statement - batchlength = new com.kms.katalon.core.testobject.TestObject(): null

2018-05-16 19:27:26 - [TEST_STEP][PASSED] - Statement - batchlength = com.kms.katalon.core.webui.keyword.WebUiBuiltInKeywords.modifyObjectProperty(batchlength, "xpath", "equals", "//*[@id = "fldvendor" + row + ""]", true): Modify property of object successfully

2018-05-16 19:27:26 - [MESSAGE][PASSED] - Modify property of object successfully

2018-05-16 19:27:26 - [TEST_STEP][PASSED] - Statement - batchsize = com.kms.katalon.core.webui.keyword.WebUiBuiltInKeywords.getNumberOfTotalOption(batchlength): 5 options of object '' counted

2018-05-16 19:27:26 - [MESSAGE][PASSED] - 5 options of object '' counted

2018-05-16 19:27:26 - [TEST_STEP][PASSED] - Statement - out.println("BatchSize : " + batchsize): null

2018-05-16 19:27:26 - [TEST_STEP][PASSED] - Statement - For ([n = 1, n <= batchsize - 1, (n++)]): null

2018-05-16 19:27:26 - [TEST_STEP][PASSED] - Statement - product = new com.kms.katalon.core.testobject.TestObject(): null

2018-05-16 19:27:26 - [TEST_STEP][PASSED] - Statement - product = com.kms.katalon.core.webui.keyword.WebUiBuiltInKeywords.modifyObjectProperty(product, "xpath", "equals", "//*[@id = "fldvendor" + row + ""]", true): Modify property of object successfully

2018-05-16 19:27:26 - [MESSAGE][PASSED] - Modify property of object successfully

2018-05-16 19:27:26 - [TEST_STEP][PASSED] - selectOptionByIndex: All options with index in [1] are selected on object ''

2018-05-16 19:27:26 - [MESSAGE][PASSED] - All options with index in [1] are selected on object ''

2018-05-16 19:27:26 - [TEST_STEP][PASSED] - Statement - batch = new com.kms.katalon.core.testobject.TestObject(): null

2018-05-16 19:27:26 - [TEST_STEP][PASSED] - Statement - batch = com.kms.katalon.core.webui.keyword.WebUiBuiltInKeywords.modifyObjectProperty(batch, "xpath", "equals", "//*[@id = "txtbthqty" + row + ""]", true): Modify property of object successfully

2018-05-16 19:27:26 - [MESSAGE][PASSED] - Modify property of object successfully

2018-05-16 19:27:26 - [TEST_STEP][PASSED] - Statement - batchqty = com.kms.katalon.core.webui.keyword.WebUiBuiltInKeywords.getAttribute(batch, "value").trim(): Attribute 'value' of object '' is: '200'

2018-05-16 19:27:26 - [MESSAGE][PASSED] - Attribute 'value' of object '' is: '200'

2018-05-16 19:27:26 - [TEST_STEP][PASSED] - Statement - Rqty = 100: null

2018-05-16 19:27:26 - [TEST_STEP][PASSED] - delay: Delayed 2 second(s)

2018-05-16 19:27:28 - [MESSAGE][PASSED] - Delayed 2 second(s)

2018-05-16 19:27:28 - [TEST_STEP][PASSED] - Statement - out.println("BatchQty : " + batchqty): null

2018-05-16 19:27:28 - [TEST_STEP][PASSED] - Statement - out.println("RQty : " + Rqty): null

2018-05-16 19:27:28 - [TEST_STEP][PASSED] - Statement - If (java.lang.Integer.valueOf(batchqty) >= java.lang.Integer.valueOf(Rqty)): null

2018-05-16 19:27:28 - [TEST_STEP][PASSED] - Statement - Break: null

2018-05-16 19:27:28 - [TEST_STEP][PASSED] - Statement - batchlength = new com.kms.katalon.core.testobject.TestObject(): null

2018-05-16 19:27:28 - [TEST_STEP][PASSED] - Statement - batchlength = com.kms.katalon.core.webui.keyword.WebUiBuiltInKeywords.modifyObjectProperty(batchlength, "xpath", "equals", "//*[@id = "fldvendor" + row + ""]", true): Modify property of object successfully

2018-05-16 19:27:28 - [MESSAGE][PASSED] - Modify property of object successfully

2018-05-16 19:27:28 - [TEST_STEP][PASSED] - Statement - batchsize = com.kms.katalon.core.webui.keyword.WebUiBuiltInKeywords.getNumberOfTotalOption(batchlength): 6 options of object '' counted

2018-05-16 19:27:28 - [MESSAGE][PASSED] - 6 options of object '' counted

2018-05-16 19:27:28 - [TEST_STEP][PASSED] - Statement - out.println("BatchSize : " + batchsize): null

2018-05-16 19:27:28 - [TEST_STEP][PASSED] - Statement - For ([n = 1, n <= batchsize - 1, (n++)]): null

2018-05-16 19:27:28 - [TEST_STEP][PASSED] - Statement - product = new com.kms.katalon.core.testobject.TestObject(): null

2018-05-16 19:27:28 - [TEST_STEP][PASSED] - Statement - product = com.kms.katalon.core.webui.keyword.WebUiBuiltInKeywords.modifyObjectProperty(product, "xpath", "equals", "//*[@id = "fldvendor" + row + ""]", true): Modify property of object successfully

2018-05-16 19:27:28 - [MESSAGE][PASSED] - Modify property of object successfully

2018-05-16 19:27:28 - [TEST_STEP][PASSED] - selectOptionByIndex: All options with index in [1] are selected on object ''

2018-05-16 19:27:28 - [MESSAGE][PASSED] - All options with index in [1] are selected on object ''

2018-05-16 19:27:28 - [TEST_STEP][PASSED] - Statement - batch = new com.kms.katalon.core.testobject.TestObject(): null

2018-05-16 19:27:28 - [TEST_STEP][PASSED] - Statement - batch = com.kms.katalon.core.webui.keyword.WebUiBuiltInKeywords.modifyObjectProperty(batch, "xpath", "equals", "//*[@id = "txtbthqty" + row + ""]", true): Modify property of object successfully

2018-05-16 19:27:28 - [MESSAGE][PASSED] - Modify property of object successfully

2018-05-16 19:27:28 - [TEST_STEP][PASSED] - Statement - batchqty = com.kms.katalon.core.webui.keyword.WebUiBuiltInKeywords.getAttribute(batch, "value").trim(): Attribute 'value' of object '' is: '5000'

2018-05-16 19:27:28 - [MESSAGE][PASSED] - Attribute 'value' of object '' is: '5000'

2018-05-16 19:27:28 - [TEST_STEP][PASSED] - Statement - Rqty = 100: null

2018-05-16 19:27:28 - [TEST_STEP][PASSED] - delay: Delayed 2 second(s)

2018-05-16 19:27:30 - [MESSAGE][PASSED] - Delayed 2 second(s)

2018-05-16 19:27:30 - [TEST_STEP][PASSED] - Statement - out.println("BatchQty : " + batchqty): null

2018-05-16 19:27:30 - [TEST_STEP][PASSED] - Statement - out.println("RQty : " + Rqty): null

2018-05-16 19:27:30 - [TEST_STEP][PASSED] - Statement - If (java.lang.Integer.valueOf(batchqty) >= java.lang.Integer.valueOf(Rqty)): null

2018-05-16 19:27:30 - [TEST_STEP][PASSED] - Statement - Break: null

2018-05-16 19:27:30 - [TEST_STEP][PASSED] - Statement - batchlength = new com.kms.katalon.core.testobject.TestObject(): null

2018-05-16 19:27:30 - [TEST_STEP][PASSED] - Statement - batchlength = com.kms.katalon.core.webui.keyword.WebUiBuiltInKeywords.modifyObjectProperty(batchlength, "xpath", "equals", "//*[@id = "fldvendor" + row + ""]", true): Modify property of object successfully

2018-05-16 19:27:30 - [MESSAGE][PASSED] - Modify property of object successfully

2018-05-16 19:27:30 - [TEST_STEP][PASSED] - Statement - batchsize = com.kms.katalon.core.webui.keyword.WebUiBuiltInKeywords.getNumberOfTotalOption(batchlength): 6 options of object '' counted

2018-05-16 19:27:30 - [MESSAGE][PASSED] - 6 options of object '' counted

2018-05-16 19:27:30 - [TEST_STEP][PASSED] - Statement - out.println("BatchSize : " + batchsize): null

2018-05-16 19:27:30 - [TEST_STEP][PASSED] - Statement - For ([n = 1, n <= batchsize - 1, (n++)]): null

2018-05-16 19:27:30 - [TEST_STEP][PASSED] - Statement - product = new com.kms.katalon.core.testobject.TestObject(): null

2018-05-16 19:27:30 - [TEST_STEP][PASSED] - Statement - product = com.kms.katalon.core.webui.keyword.WebUiBuiltInKeywords.modifyObjectProperty(product, "xpath", "equals", "//*[@id = "fldvendor" + row + ""]", true): Modify property of object successfully

2018-05-16 19:27:30 - [MESSAGE][PASSED] - Modify property of object successfully

2018-05-16 19:27:30 - [TEST_STEP][PASSED] - selectOptionByIndex: All options with index in [1] are selected on object ''

2018-05-16 19:27:30 - [MESSAGE][PASSED] - All options with index in [1] are selected on object ''

2018-05-16 19:27:30 - [TEST_STEP][PASSED] - Statement - batch = new com.kms.katalon.core.testobject.TestObject(): null

2018-05-16 19:27:30 - [TEST_STEP][PASSED] - Statement - batch = com.kms.katalon.core.webui.keyword.WebUiBuiltInKeywords.modifyObjectProperty(batch, "xpath", "equals", "//*[@id = "txtbthqty" + row + ""]", true): Modify property of object successfully

2018-05-16 19:27:30 - [MESSAGE][PASSED] - Modify property of object successfully

2018-05-16 19:27:30 - [TEST_STEP][PASSED] - Statement - batchqty = com.kms.katalon.core.webui.keyword.WebUiBuiltInKeywords.getAttribute(batch, "value").trim(): Attribute 'value' of object '' is: '5000'

2018-05-16 19:27:31 - [MESSAGE][PASSED] - Attribute 'value' of object '' is: '5000'

2018-05-16 19:27:31 - [TEST_STEP][PASSED] - Statement - Rqty = 100: null

2018-05-16 19:27:31 - [TEST_STEP][PASSED] - delay: Delayed 2 second(s)

2018-05-16 19:27:33 - [MESSAGE][PASSED] - Delayed 2 second(s)

2018-05-16 19:27:33 - [TEST_STEP][PASSED] - Statement - out.println("BatchQty : " + batchqty): null

2018-05-16 19:27:33 - [TEST_STEP][PASSED] - Statement - out.println("RQty : " + Rqty): null

2018-05-16 19:27:33 - [TEST_STEP][PASSED] - Statement - If (java.lang.Integer.valueOf(batchqty) >= java.lang.Integer.valueOf(Rqty)): null

2018-05-16 19:27:33 - [TEST_STEP][PASSED] - Statement - Break: null

2018-05-16 19:27:33 - [TEST_STEP][PASSED] - Statement - batchlength = new com.kms.katalon.core.testobject.TestObject(): null

2018-05-16 19:27:33 - [TEST_STEP][PASSED] - Statement - batchlength = com.kms.katalon.core.webui.keyword.WebUiBuiltInKeywords.modifyObjectProperty(batchlength, "xpath", "equals", "//*[@id = "fldvendor" + row + ""]", true): Modify property of object successfully

2018-05-16 19:27:33 - [MESSAGE][PASSED] - Modify property of object successfully

2018-05-16 19:27:33 - [TEST_STEP][PASSED] - Statement - batchsize = com.kms.katalon.core.webui.keyword.WebUiBuiltInKeywords.getNumberOfTotalOption(batchlength): 6 options of object '' counted

2018-05-16 19:27:33 - [MESSAGE][PASSED] - 6 options of object '' counted

2018-05-16 19:27:33 - [TEST_STEP][PASSED] - Statement - out.println("BatchSize : " + batchsize): null

2018-05-16 19:27:33 - [TEST_STEP][PASSED] - Statement - For ([n = 1, n <= batchsize - 1, (n++)]): null

2018-05-16 19:27:33 - [TEST_STEP][PASSED] - Statement - product = new com.kms.katalon.core.testobject.TestObject(): null

2018-05-16 19:27:33 - [TEST_STEP][PASSED] - Statement - product = com.kms.katalon.core.webui.keyword.WebUiBuiltInKeywords.modifyObjectProperty(product, "xpath", "equals", "//*[@id = "fldvendor" + row + ""]", true): Modify property of object successfully

2018-05-16 19:27:33 - [MESSAGE][PASSED] - Modify property of object successfully

2018-05-16 19:27:33 - [TEST_STEP][PASSED] - selectOptionByIndex: All options with index in [1] are selected on object ''

2018-05-16 19:27:33 - [MESSAGE][PASSED] - All options with index in [1] are selected on object ''

2018-05-16 19:27:33 - [TEST_STEP][PASSED] - Statement - batch = new com.kms.katalon.core.testobject.TestObject(): null

2018-05-16 19:27:33 - [TEST_STEP][PASSED] - Statement - batch = com.kms.katalon.core.webui.keyword.WebUiBuiltInKeywords.modifyObjectProperty(batch, "xpath", "equals", "//*[@id = "txtbthqty" + row + ""]", true): Modify property of object successfully

2018-05-16 19:27:33 - [MESSAGE][PASSED] - Modify property of object successfully

2018-05-16 19:27:33 - [TEST_STEP][PASSED] - Statement - batchqty = com.kms.katalon.core.webui.keyword.WebUiBuiltInKeywords.getAttribute(batch, "value").trim(): Attribute 'value' of object '' is: '200'

2018-05-16 19:27:33 - [MESSAGE][PASSED] - Attribute 'value' of object '' is: '200'

2018-05-16 19:27:33 - [TEST_STEP][PASSED] - Statement - Rqty = 100: null

2018-05-16 19:27:33 - [TEST_STEP][PASSED] - delay: Delayed 2 second(s)

2018-05-16 19:27:35 - [MESSAGE][PASSED] - Delayed 2 second(s)

2018-05-16 19:27:35 - [TEST_STEP][PASSED] - Statement - out.println("BatchQty : " + batchqty): null

2018-05-16 19:27:35 - [TEST_STEP][PASSED] - Statement - out.println("RQty : " + Rqty): null

2018-05-16 19:27:35 - [TEST_STEP][PASSED] - Statement - If (java.lang.Integer.valueOf(batchqty) >= java.lang.Integer.valueOf(Rqty)): null

2018-05-16 19:27:35 - [TEST_STEP][PASSED] - Statement - Break: null

2018-05-16 19:27:35 - [TEST_STEP][PASSED] - Statement - batchlength = new com.kms.katalon.core.testobject.TestObject(): null

2018-05-16 19:27:35 - [TEST_STEP][PASSED] - Statement - batchlength = com.kms.katalon.core.webui.keyword.WebUiBuiltInKeywords.modifyObjectProperty(batchlength, "xpath", "equals", "//*[@id = "fldvendor" + row + ""]", true): Modify property of object successfully

2018-05-16 19:27:35 - [MESSAGE][PASSED] - Modify property of object successfully

2018-05-16 19:27:35 - [TEST_STEP][PASSED] - Statement - batchsize = com.kms.katalon.core.webui.keyword.WebUiBuiltInKeywords.getNumberOfTotalOption(batchlength): 6 options of object '' counted

2018-05-16 19:27:35 - [MESSAGE][PASSED] - 6 options of object '' counted

2018-05-16 19:27:35 - [TEST_STEP][PASSED] - Statement - out.println("BatchSize : " + batchsize): null

2018-05-16 19:27:35 - [TEST_STEP][PASSED] - Statement - For ([n = 1, n <= batchsize - 1, (n++)]): null

2018-05-16 19:27:35 - [TEST_STEP][PASSED] - Statement - product = new com.kms.katalon.core.testobject.TestObject(): null

2018-05-16 19:27:35 - [TEST_STEP][PASSED] - Statement - product = com.kms.katalon.core.webui.keyword.WebUiBuiltInKeywords.modifyObjectProperty(product, "xpath", "equals", "//*[@id = "fldvendor" + row + ""]", true): Modify property of object successfully

2018-05-16 19:27:35 - [MESSAGE][PASSED] - Modify property of object successfully

2018-05-16 19:27:35 - [TEST_STEP][PASSED] - selectOptionByIndex: All options with index in [1] are selected on object ''

2018-05-16 19:27:35 - [MESSAGE][PASSED] - All options with index in [1] are selected on object ''

2018-05-16 19:27:35 - [TEST_STEP][PASSED] - Statement - batch = new com.kms.katalon.core.testobject.TestObject(): null

2018-05-16 19:27:35 - [TEST_STEP][PASSED] - Statement - batch = com.kms.katalon.core.webui.keyword.WebUiBuiltInKeywords.modifyObjectProperty(batch, "xpath", "equals", "//*[@id = "txtbthqty" + row + ""]", true): Modify property of object successfully

2018-05-16 19:27:35 - [MESSAGE][PASSED] - Modify property of object successfully

2018-05-16 19:27:35 - [TEST_STEP][PASSED] - Statement - batchqty = com.kms.katalon.core.webui.keyword.WebUiBuiltInKeywords.getAttribute(batch, "value").trim(): Attribute 'value' of object '' is: '5000'

2018-05-16 19:27:35 - [MESSAGE][PASSED] - Attribute 'value' of object '' is: '5000'

2018-05-16 19:27:35 - [TEST_STEP][PASSED] - Statement - Rqty = 100: null

2018-05-16 19:27:35 - [TEST_STEP][PASSED] - delay: Delayed 2 second(s)

2018-05-16 19:27:37 - [MESSAGE][PASSED] - Delayed 2 second(s)

2018-05-16 19:27:37 - [TEST_STEP][PASSED] - Statement - out.println("BatchQty : " + batchqty): null

2018-05-16 19:27:37 - [TEST_STEP][PASSED] - Statement - out.println("RQty : " + Rqty): null

2018-05-16 19:27:37 - [TEST_STEP][PASSED] - Statement - If (java.lang.Integer.valueOf(batchqty) >= java.lang.Integer.valueOf(Rqty)): null

2018-05-16 19:27:37 - [TEST_STEP][PASSED] - Statement - Break: null

2018-05-16 19:27:37 - [TEST_STEP][PASSED] - Statement - batchlength = new com.kms.katalon.core.testobject.TestObject(): null

2018-05-16 19:27:37 - [TEST_STEP][PASSED] - Statement - batchlength = com.kms.katalon.core.webui.keyword.WebUiBuiltInKeywords.modifyObjectProperty(batchlength, "xpath", "equals", "//*[@id = "fldvendor" + row + ""]", true): Modify property of object successfully

2018-05-16 19:27:37 - [MESSAGE][PASSED] - Modify property of object successfully

2018-05-16 19:27:37 - [TEST_STEP][PASSED] - Statement - batchsize = com.kms.katalon.core.webui.keyword.WebUiBuiltInKeywords.getNumberOfTotalOption(batchlength): 6 options of object '' counted

2018-05-16 19:27:37 - [MESSAGE][PASSED] - 6 options of object '' counted

2018-05-16 19:27:37 - [TEST_STEP][PASSED] - Statement - out.println("BatchSize : " + batchsize): null

2018-05-16 19:27:37 - [TEST_STEP][PASSED] - Statement - For ([n = 1, n <= batchsize - 1, (n++)]): null

2018-05-16 19:27:37 - [TEST_STEP][PASSED] - Statement - product = new com.kms.katalon.core.testobject.TestObject(): null

2018-05-16 19:27:37 - [TEST_STEP][PASSED] - Statement - product = com.kms.katalon.core.webui.keyword.WebUiBuiltInKeywords.modifyObjectProperty(product, "xpath", "equals", "//*[@id = "fldvendor" + row + ""]", true): Modify property of object successfully

2018-05-16 19:27:37 - [MESSAGE][PASSED] - Modify property of object successfully

2018-05-16 19:27:37 - [TEST_STEP][PASSED] - selectOptionByIndex: All options with index in [1] are selected on object ''

2018-05-16 19:27:37 - [MESSAGE][PASSED] - All options with index in [1] are selected on object ''

2018-05-16 19:27:37 - [TEST_STEP][PASSED] - Statement - batch = new com.kms.katalon.core.testobject.TestObject(): null

2018-05-16 19:27:37 - [TEST_STEP][PASSED] - Statement - batch = com.kms.katalon.core.webui.keyword.WebUiBuiltInKeywords.modifyObjectProperty(batch, "xpath", "equals", "//*[@id = "txtbthqty" + row + ""]", true): Modify property of object successfully

2018-05-16 19:27:37 - [MESSAGE][PASSED] - Modify property of object successfully

2018-05-16 19:27:37 - [TEST_STEP][PASSED] - Statement - batchqty = com.kms.katalon.core.webui.keyword.WebUiBuiltInKeywords.getAttribute(batch, "value").trim(): Attribute 'value' of object '' is: '5000'

2018-05-16 19:27:37 - [MESSAGE][PASSED] - Attribute 'value' of object '' is: '5000'

2018-05-16 19:27:37 - [TEST_STEP][PASSED] - Statement - Rqty = 100: null

2018-05-16 19:27:37 - [TEST_STEP][PASSED] - delay: Delayed 2 second(s)

2018-05-16 19:27:39 - [MESSAGE][PASSED] - Delayed 2 second(s)

2018-05-16 19:27:39 - [TEST_STEP][PASSED] - Statement - out.println("BatchQty : " + batchqty): null

2018-05-16 19:27:39 - [TEST_STEP][PASSED] - Statement - out.println("RQty : " + Rqty): null

2018-05-16 19:27:39 - [TEST_STEP][PASSED] - Statement - If (java.lang.Integer.valueOf(batchqty) >= java.lang.Integer.valueOf(Rqty)): null

2018-05-16 19:27:39 - [TEST_STEP][PASSED] - Statement - Break: null

2018-05-16 19:27:39 - [TEST_STEP][PASSED] - Statement - batchlength = new com.kms.katalon.core.testobject.TestObject(): null

2018-05-16 19:27:39 - [TEST_STEP][PASSED] - Statement - batchlength = com.kms.katalon.core.webui.keyword.WebUiBuiltInKeywords.modifyObjectProperty(batchlength, "xpath", "equals", "//*[@id = "fldvendor" + row + ""]", true): Modify property of object successfully

2018-05-16 19:27:39 - [MESSAGE][PASSED] - Modify property of object successfully

2018-05-16 19:27:39 - [TEST_STEP][PASSED] - Statement - batchsize = com.kms.katalon.core.webui.keyword.WebUiBuiltInKeywords.getNumberOfTotalOption(batchlength): 6 options of object '' counted

2018-05-16 19:27:39 - [MESSAGE][PASSED] - 6 options of object '' counted

2018-05-16 19:27:39 - [TEST_STEP][PASSED] - Statement - out.println("BatchSize : " + batchsize): null

2018-05-16 19:27:39 - [TEST_STEP][PASSED] - Statement - For ([n = 1, n <= batchsize - 1, (n++)]): null

2018-05-16 19:27:39 - [TEST_STEP][PASSED] - Statement - product = new com.kms.katalon.core.testobject.TestObject(): null

2018-05-16 19:27:39 - [TEST_STEP][PASSED] - Statement - product = com.kms.katalon.core.webui.keyword.WebUiBuiltInKeywords.modifyObjectProperty(product, "xpath", "equals", "//*[@id = "fldvendor" + row + ""]", true): Modify property of object successfully

2018-05-16 19:27:39 - [MESSAGE][PASSED] - Modify property of object successfully

2018-05-16 19:27:39 - [TEST_STEP][PASSED] - selectOptionByIndex: All options with index in [1] are selected on object ''

2018-05-16 19:27:40 - [MESSAGE][PASSED] - All options with index in [1] are selected on object ''

2018-05-16 19:27:40 - [TEST_STEP][PASSED] - Statement - batch = new com.kms.katalon.core.testobject.TestObject(): null

2018-05-16 19:27:40 - [TEST_STEP][PASSED] - Statement - batch = com.kms.katalon.core.webui.keyword.WebUiBuiltInKeywords.modifyObjectProperty(batch, "xpath", "equals", "//*[@id = "txtbthqty" + row + ""]", true): Modify property of object successfully

2018-05-16 19:27:40 - [MESSAGE][PASSED] - Modify property of object successfully

2018-05-16 19:27:40 - [TEST_STEP][PASSED] - Statement - batchqty = com.kms.katalon.core.webui.keyword.WebUiBuiltInKeywords.getAttribute(batch, "value").trim(): Attribute 'value' of object '' is: '5000'

2018-05-16 19:27:40 - [MESSAGE][PASSED] - Attribute 'value' of object '' is: '5000'

2018-05-16 19:27:40 - [TEST_STEP][PASSED] - Statement - Rqty = 100: null

2018-05-16 19:27:40 - [TEST_STEP][PASSED] - delay: Delayed 2 second(s)

2018-05-16 19:27:42 - [MESSAGE][PASSED] - Delayed 2 second(s)

2018-05-16 19:27:42 - [TEST_STEP][PASSED] - Statement - out.println("BatchQty : " + batchqty): null

2018-05-16 19:27:42 - [TEST_STEP][PASSED] - Statement - out.println("RQty : " + Rqty): null

2018-05-16 19:27:42 - [TEST_STEP][PASSED] - Statement - If (java.lang.Integer.valueOf(batchqty) >= java.lang.Integer.valueOf(Rqty)): null

2018-05-16 19:27:42 - [TEST_STEP][PASSED] - Statement - Break: null

2018-05-16 19:27:42 - [TEST_STEP][PASSED] - Statement - batchlength = new com.kms.katalon.core.testobject.TestObject(): null

2018-05-16 19:27:42 - [TEST_STEP][PASSED] - Statement - batchlength = com.kms.katalon.core.webui.keyword.WebUiBuiltInKeywords.modifyObjectProperty(batchlength, "xpath", "equals", "//*[@id = "fldvendor" + row + ""]", true): Modify property of object successfully

2018-05-16 19:27:42 - [MESSAGE][PASSED] - Modify property of object successfully

2018-05-16 19:27:42 - [TEST_STEP][PASSED] - Statement - batchsize = com.kms.katalon.core.webui.keyword.WebUiBuiltInKeywords.getNumberOfTotalOption(batchlength): 6 options of object '' counted

2018-05-16 19:27:42 - [MESSAGE][PASSED] - 6 options of object '' counted

2018-05-16 19:27:42 - [TEST_STEP][PASSED] - Statement - out.println("BatchSize : " + batchsize): null

2018-05-16 19:27:42 - [TEST_STEP][PASSED] - Statement - For ([n = 1, n <= batchsize - 1, (n++)]): null

2018-05-16 19:27:42 - [TEST_STEP][PASSED] - Statement - product = new com.kms.katalon.core.testobject.TestObject(): null

2018-05-16 19:27:42 - [TEST_STEP][PASSED] - Statement - product = com.kms.katalon.core.webui.keyword.WebUiBuiltInKeywords.modifyObjectProperty(product, "xpath", "equals", "//*[@id = "fldvendor" + row + ""]", true): Modify property of object successfully

2018-05-16 19:27:42 - [MESSAGE][PASSED] - Modify property of object successfully

2018-05-16 19:27:42 - [TEST_STEP][PASSED] - selectOptionByIndex: All options with index in [1] are selected on object ''

2018-05-16 19:27:42 - [MESSAGE][PASSED] - All options with index in [1] are selected on object ''

2018-05-16 19:27:42 - [TEST_STEP][PASSED] - Statement - batch = new com.kms.katalon.core.testobject.TestObject(): null

2018-05-16 19:27:42 - [TEST_STEP][PASSED] - Statement - batch = com.kms.katalon.core.webui.keyword.WebUiBuiltInKeywords.modifyObjectProperty(batch, "xpath", "equals", "//*[@id = "txtbthqty" + row + ""]", true): Modify property of object successfully

2018-05-16 19:27:42 - [MESSAGE][PASSED] - Modify property of object successfully

2018-05-16 19:27:42 - [TEST_STEP][PASSED] - Statement - batchqty = com.kms.katalon.core.webui.keyword.WebUiBuiltInKeywords.getAttribute(batch, "value").trim(): Attribute 'value' of object '' is: '5000'

2018-05-16 19:27:42 - [MESSAGE][PASSED] - Attribute 'value' of object '' is: '5000'

2018-05-16 19:27:42 - [TEST_STEP][PASSED] - Statement - Rqty = 100: null

2018-05-16 19:27:42 - [TEST_STEP][PASSED] - delay: Delayed 2 second(s)

2018-05-16 19:27:44 - [MESSAGE][PASSED] - Delayed 2 second(s)

2018-05-16 19:27:44 - [TEST_STEP][PASSED] - Statement - out.println("BatchQty : " + batchqty): null

2018-05-16 19:27:44 - [TEST_STEP][PASSED] - Statement - out.println("RQty : " + Rqty): null

2018-05-16 19:27:44 - [TEST_STEP][PASSED] - Statement - If (java.lang.Integer.valueOf(batchqty) >= java.lang.Integer.valueOf(Rqty)): null

2018-05-16 19:27:44 - [TEST_STEP][PASSED] - Statement - Break: null

2018-05-16 19:27:44 - [TEST_STEP][PASSED] - Statement - batchlength = new com.kms.katalon.core.testobject.TestObject(): null

2018-05-16 19:27:44 - [TEST_STEP][PASSED] - Statement - batchlength = com.kms.katalon.core.webui.keyword.WebUiBuiltInKeywords.modifyObjectProperty(batchlength, "xpath", "equals", "//*[@id = "fldvendor" + row + ""]", true): Modify property of object successfully

2018-05-16 19:27:44 - [MESSAGE][PASSED] - Modify property of object successfully

2018-05-16 19:27:44 - [TEST_STEP][PASSED] - Statement - batchsize = com.kms.katalon.core.webui.keyword.WebUiBuiltInKeywords.getNumberOfTotalOption(batchlength): 6 options of object '' counted

2018-05-16 19:27:44 - [MESSAGE][PASSED] - 6 options of object '' counted

2018-05-16 19:27:44 - [TEST_STEP][PASSED] - Statement - out.println("BatchSize : " + batchsize): null

2018-05-16 19:27:44 - [TEST_STEP][PASSED] - Statement - For ([n = 1, n <= batchsize - 1, (n++)]): null

2018-05-16 19:27:44 - [TEST_STEP][PASSED] - Statement - product = new com.kms.katalon.core.testobject.TestObject(): null

2018-05-16 19:27:44 - [TEST_STEP][PASSED] - Statement - product = com.kms.katalon.core.webui.keyword.WebUiBuiltInKeywords.modifyObjectProperty(product, "xpath", "equals", "//*[@id = "fldvendor" + row + ""]", true): Modify property of object successfully

2018-05-16 19:27:44 - [MESSAGE][PASSED] - Modify property of object successfully

2018-05-16 19:27:44 - [TEST_STEP][PASSED] - selectOptionByIndex: All options with index in [1] are selected on object ''

2018-05-16 19:27:44 - [MESSAGE][PASSED] - All options with index in [1] are selected on object ''

2018-05-16 19:27:44 - [TEST_STEP][PASSED] - Statement - batch = new com.kms.katalon.core.testobject.TestObject(): null

2018-05-16 19:27:44 - [TEST_STEP][PASSED] - Statement - batch = com.kms.katalon.core.webui.keyword.WebUiBuiltInKeywords.modifyObjectProperty(batch, "xpath", "equals", "//*[@id = "txtbthqty" + row + ""]", true): Modify property of object successfully

2018-05-16 19:27:44 - [MESSAGE][PASSED] - Modify property of object successfully

2018-05-16 19:27:44 - [TEST_STEP][PASSED] - Statement - batchqty = com.kms.katalon.core.webui.keyword.WebUiBuiltInKeywords.getAttribute(batch, "value").trim(): Attribute 'value' of object '' is: '5000'

2018-05-16 19:27:44 - [MESSAGE][PASSED] - Attribute 'value' of object '' is: '5000'

2018-05-16 19:27:44 - [TEST_STEP][PASSED] - Statement - Rqty = 100: null

2018-05-16 19:27:44 - [TEST_STEP][PASSED] - delay: Delayed 2 second(s)

2018-05-16 19:27:46 - [MESSAGE][PASSED] - Delayed 2 second(s)

2018-05-16 19:27:46 - [TEST_STEP][PASSED] - Statement - out.println("BatchQty : " + batchqty): null

2018-05-16 19:27:46 - [TEST_STEP][PASSED] - Statement - out.println("RQty : " + Rqty): null

2018-05-16 19:27:46 - [TEST_STEP][PASSED] - Statement - If (java.lang.Integer.valueOf(batchqty) >= java.lang.Integer.valueOf(Rqty)): null

2018-05-16 19:27:46 - [TEST_STEP][PASSED] - Statement - Break: null

2018-05-16 19:27:46 - [TEST_STEP][PASSED] - Statement - batchlength = new com.kms.katalon.core.testobject.TestObject(): null

2018-05-16 19:27:46 - [TEST_STEP][PASSED] - Statement - batchlength = com.kms.katalon.core.webui.keyword.WebUiBuiltInKeywords.modifyObjectProperty(batchlength, "xpath", "equals", "//*[@id = "fldvendor" + row + ""]", true): Modify property of object successfully

2018-05-16 19:27:46 - [MESSAGE][PASSED] - Modify property of object successfully

2018-05-16 19:27:46 - [TEST_STEP][PASSED] - Statement - batchsize = com.kms.katalon.core.webui.keyword.WebUiBuiltInKeywords.getNumberOfTotalOption(batchlength): 6 options of object '' counted

2018-05-16 19:27:46 - [MESSAGE][PASSED] - 6 options of object '' counted

2018-05-16 19:27:46 - [TEST_STEP][PASSED] - Statement - out.println("BatchSize : " + batchsize): null

2018-05-16 19:27:46 - [TEST_STEP][PASSED] - Statement - For ([n = 1, n <= batchsize - 1, (n++)]): null

2018-05-16 19:27:46 - [TEST_STEP][PASSED] - Statement - product = new com.kms.katalon.core.testobject.TestObject(): null

2018-05-16 19:27:46 - [TEST_STEP][PASSED] - Statement - product = com.kms.katalon.core.webui.keyword.WebUiBuiltInKeywords.modifyObjectProperty(product, "xpath", "equals", "//*[@id = "fldvendor" + row + ""]", true): Modify property of object successfully

2018-05-16 19:27:46 - [MESSAGE][PASSED] - Modify property of object successfully

2018-05-16 19:27:46 - [TEST_STEP][PASSED] - selectOptionByIndex: All options with index in [1] are selected on object ''

2018-05-16 19:27:47 - [MESSAGE][PASSED] - All options with index in [1] are selected on object ''

2018-05-16 19:27:47 - [TEST_STEP][PASSED] - Statement - batch = new com.kms.katalon.core.testobject.TestObject(): null

2018-05-16 19:27:47 - [TEST_STEP][PASSED] - Statement - batch = com.kms.katalon.core.webui.keyword.WebUiBuiltInKeywords.modifyObjectProperty(batch, "xpath", "equals", "//*[@id = "txtbthqty" + row + ""]", true): Modify property of object successfully

2018-05-16 19:27:47 - [MESSAGE][PASSED] - Modify property of object successfully

2018-05-16 19:27:47 - [TEST_STEP][PASSED] - Statement - batchqty = com.kms.katalon.core.webui.keyword.WebUiBuiltInKeywords.getAttribute(batch, "value").trim(): Attribute 'value' of object '' is: '5000'

2018-05-16 19:27:47 - [MESSAGE][PASSED] - Attribute 'value' of object '' is: '5000'

2018-05-16 19:27:47 - [TEST_STEP][PASSED] - Statement - Rqty = 100: null

2018-05-16 19:27:47 - [TEST_STEP][PASSED] - delay: Delayed 2 second(s)

2018-05-16 19:27:49 - [MESSAGE][PASSED] - Delayed 2 second(s)

2018-05-16 19:27:49 - [TEST_STEP][PASSED] - Statement - out.println("BatchQty : " + batchqty): null

2018-05-16 19:27:49 - [TEST_STEP][PASSED] - Statement - out.println("RQty : " + Rqty): null

2018-05-16 19:27:49 - [TEST_STEP][PASSED] - Statement - If (java.lang.Integer.valueOf(batchqty) >= java.lang.Integer.valueOf(Rqty)): null

2018-05-16 19:27:49 - [TEST_STEP][PASSED] - Statement - Break: null

2018-05-16 19:27:49 - [TEST_STEP][PASSED] - Statement - batchlength = new com.kms.katalon.core.testobject.TestObject(): null

2018-05-16 19:27:49 - [TEST_STEP][PASSED] - Statement - batchlength = com.kms.katalon.core.webui.keyword.WebUiBuiltInKeywords.modifyObjectProperty(batchlength, "xpath", "equals", "//*[@id = "fldvendor" + row + ""]", true): Modify property of object successfully

2018-05-16 19:27:49 - [MESSAGE][PASSED] - Modify property of object successfully

2018-05-16 19:27:49 - [TEST_STEP][PASSED] - Statement - batchsize = com.kms.katalon.core.webui.keyword.WebUiBuiltInKeywords.getNumberOfTotalOption(batchlength): 6 options of object '' counted

2018-05-16 19:27:49 - [MESSAGE][PASSED] - 6 options of object '' counted

2018-05-16 19:27:49 - [TEST_STEP][PASSED] - Statement - out.println("BatchSize : " + batchsize): null

2018-05-16 19:27:49 - [TEST_STEP][PASSED] - Statement - For ([n = 1, n <= batchsize - 1, (n++)]): null

2018-05-16 19:27:49 - [TEST_STEP][PASSED] - Statement - product = new com.kms.katalon.core.testobject.TestObject(): null

2018-05-16 19:27:49 - [TEST_STEP][PASSED] - Statement - product = com.kms.katalon.core.webui.keyword.WebUiBuiltInKeywords.modifyObjectProperty(product, "xpath", "equals", "//*[@id = "fldvendor" + row + ""]", true): Modify property of object successfully

2018-05-16 19:27:49 - [MESSAGE][PASSED] - Modify property of object successfully

2018-05-16 19:27:49 - [TEST_STEP][PASSED] - selectOptionByIndex: All options with index in [1] are selected on object ''

2018-05-16 19:27:49 - [MESSAGE][PASSED] - All options with index in [1] are selected on object ''

2018-05-16 19:27:49 - [TEST_STEP][PASSED] - Statement - batch = new com.kms.katalon.core.testobject.TestObject(): null

2018-05-16 19:27:49 - [TEST_STEP][PASSED] - Statement - batch = com.kms.katalon.core.webui.keyword.WebUiBuiltInKeywords.modifyObjectProperty(batch, "xpath", "equals", "//*[@id = "txtbthqty" + row + ""]", true): Modify property of object successfully

2018-05-16 19:27:49 - [MESSAGE][PASSED] - Modify property of object successfully

2018-05-16 19:27:49 - [TEST_STEP][PASSED] - Statement - batchqty = com.kms.katalon.core.webui.keyword.WebUiBuiltInKeywords.getAttribute(batch, "value").trim(): Attribute 'value' of object '' is: '200'

2018-05-16 19:27:49 - [MESSAGE][PASSED] - Attribute 'value' of object '' is: '200'

2018-05-16 19:27:49 - [TEST_STEP][PASSED] - Statement - Rqty = 100: null

2018-05-16 19:27:49 - [TEST_STEP][PASSED] - delay: Delayed 2 second(s)

2018-05-16 19:27:51 - [MESSAGE][PASSED] - Delayed 2 second(s)

2018-05-16 19:27:51 - [TEST_STEP][PASSED] - Statement - out.println("BatchQty : " + batchqty): null

2018-05-16 19:27:51 - [TEST_STEP][PASSED] - Statement - out.println("RQty : " + Rqty): null

2018-05-16 19:27:51 - [TEST_STEP][PASSED] - Statement - If (java.lang.Integer.valueOf(batchqty) >= java.lang.Integer.valueOf(Rqty)): null

2018-05-16 19:27:51 - [TEST_STEP][PASSED] - Statement - Break: null

2018-05-16 19:27:51 - [TEST_STEP][PASSED] - Statement - batchlength = new com.kms.katalon.core.testobject.TestObject(): null

2018-05-16 19:27:51 - [TEST_STEP][PASSED] - Statement - batchlength = com.kms.katalon.core.webui.keyword.WebUiBuiltInKeywords.modifyObjectProperty(batchlength, "xpath", "equals", "//*[@id = "fldvendor" + row + ""]", true): Modify property of object successfully

2018-05-16 19:27:51 - [MESSAGE][PASSED] - Modify property of object successfully

2018-05-16 19:27:51 - [TEST_STEP][PASSED] - Statement - batchsize = com.kms.katalon.core.webui.keyword.WebUiBuiltInKeywords.getNumberOfTotalOption(batchlength): 6 options of object '' counted

2018-05-16 19:27:51 - [MESSAGE][PASSED] - 6 options of object '' counted

2018-05-16 19:27:51 - [TEST_STEP][PASSED] - Statement - out.println("BatchSize : " + batchsize): null

2018-05-16 19:27:51 - [TEST_STEP][PASSED] - Statement - For ([n = 1, n <= batchsize - 1, (n++)]): null

2018-05-16 19:27:51 - [TEST_STEP][PASSED] - Statement - product = new com.kms.katalon.core.testobject.TestObject(): null

2018-05-16 19:27:51 - [TEST_STEP][PASSED] - Statement - product = com.kms.katalon.core.webui.keyword.WebUiBuiltInKeywords.modifyObjectProperty(product, "xpath", "equals", "//*[@id = "fldvendor" + row + ""]", true): Modify property of object successfully

2018-05-16 19:27:51 - [MESSAGE][PASSED] - Modify property of object successfully

2018-05-16 19:27:51 - [TEST_STEP][PASSED] - selectOptionByIndex: All options with index in [1] are selected on object ''

2018-05-16 19:27:51 - [MESSAGE][PASSED] - All options with index in [1] are selected on object ''

2018-05-16 19:27:51 - [TEST_STEP][PASSED] - Statement - batch = new com.kms.katalon.core.testobject.TestObject(): null

2018-05-16 19:27:51 - [TEST_STEP][PASSED] - Statement - batch = com.kms.katalon.core.webui.keyword.WebUiBuiltInKeywords.modifyObjectProperty(batch, "xpath", "equals", "//*[@id = "txtbthqty" + row + ""]", true): Modify property of object successfully

2018-05-16 19:27:51 - [MESSAGE][PASSED] - Modify property of object successfully

2018-05-16 19:27:51 - [TEST_STEP][PASSED] - Statement - batchqty = com.kms.katalon.core.webui.keyword.WebUiBuiltInKeywords.getAttribute(batch, "value").trim(): Attribute 'value' of object '' is: '200'

2018-05-16 19:27:51 - [MESSAGE][PASSED] - Attribute 'value' of object '' is: '200'

2018-05-16 19:27:51 - [TEST_STEP][PASSED] - Statement - Rqty = 100: null

2018-05-16 19:27:51 - [TEST_STEP][PASSED] - delay: Delayed 2 second(s)

2018-05-16 19:27:53 - [MESSAGE][PASSED] - Delayed 2 second(s)

2018-05-16 19:27:53 - [TEST_STEP][PASSED] - Statement - out.println("BatchQty : " + batchqty): null

2018-05-16 19:27:53 - [TEST_STEP][PASSED] - Statement - out.println("RQty : " + Rqty): null

2018-05-16 19:27:53 - [TEST_STEP][PASSED] - Statement - If (java.lang.Integer.valueOf(batchqty) >= java.lang.Integer.valueOf(Rqty)): null

2018-05-16 19:27:53 - [TEST_STEP][PASSED] - Statement - Break: null

2018-05-16 19:27:53 - [TEST_STEP][PASSED] - Statement - batchlength = new com.kms.katalon.core.testobject.TestObject(): null

2018-05-16 19:27:53 - [TEST_STEP][PASSED] - Statement - batchlength = com.kms.katalon.core.webui.keyword.WebUiBuiltInKeywords.modifyObjectProperty(batchlength, "xpath", "equals", "//*[@id = "fldvendor" + row + ""]", true): Modify property of object successfully

2018-05-16 19:27:53 - [MESSAGE][PASSED] - Modify property of object successfully

2018-05-16 19:27:53 - [TEST_STEP][PASSED] - Statement - batchsize = com.kms.katalon.core.webui.keyword.WebUiBuiltInKeywords.getNumberOfTotalOption(batchlength): 5 options of object '' counted

2018-05-16 19:27:53 - [MESSAGE][PASSED] - 5 options of object '' counted

2018-05-16 19:27:53 - [TEST_STEP][PASSED] - Statement - out.println("BatchSize : " + batchsize): null

2018-05-16 19:27:53 - [TEST_STEP][PASSED] - Statement - For ([n = 1, n <= batchsize - 1, (n++)]): null

2018-05-16 19:27:53 - [TEST_STEP][PASSED] - Statement - product = new com.kms.katalon.core.testobject.TestObject(): null

2018-05-16 19:27:53 - [TEST_STEP][PASSED] - Statement - product = com.kms.katalon.core.webui.keyword.WebUiBuiltInKeywords.modifyObjectProperty(product, "xpath", "equals", "//*[@id = "fldvendor" + row + ""]", true): Modify property of object successfully

2018-05-16 19:27:53 - [MESSAGE][PASSED] - Modify property of object successfully

2018-05-16 19:27:53 - [TEST_STEP][PASSED] - selectOptionByIndex: All options with index in [1] are selected on object ''

2018-05-16 19:27:54 - [MESSAGE][PASSED] - All options with index in [1] are selected on object ''

2018-05-16 19:27:54 - [TEST_STEP][PASSED] - Statement - batch = new com.kms.katalon.core.testobject.TestObject(): null

2018-05-16 19:27:54 - [TEST_STEP][PASSED] - Statement - batch = com.kms.katalon.core.webui.keyword.WebUiBuiltInKeywords.modifyObjectProperty(batch, "xpath", "equals", "//*[@id = "txtbthqty" + row + ""]", true): Modify property of object successfully

2018-05-16 19:27:54 - [MESSAGE][PASSED] - Modify property of object successfully

2018-05-16 19:27:54 - [TEST_STEP][PASSED] - Statement - batchqty = com.kms.katalon.core.webui.keyword.WebUiBuiltInKeywords.getAttribute(batch, "value").trim(): Attribute 'value' of object '' is: '5000'

2018-05-16 19:27:54 - [MESSAGE][PASSED] - Attribute 'value' of object '' is: '5000'

2018-05-16 19:27:54 - [TEST_STEP][PASSED] - Statement - Rqty = 100: null

2018-05-16 19:27:54 - [TEST_STEP][PASSED] - delay: Delayed 2 second(s)

2018-05-16 19:27:56 - [MESSAGE][PASSED] - Delayed 2 second(s)

2018-05-16 19:27:56 - [TEST_STEP][PASSED] - Statement - out.println("BatchQty : " + batchqty): null

2018-05-16 19:27:56 - [TEST_STEP][PASSED] - Statement - out.println("RQty : " + Rqty): null

2018-05-16 19:27:56 - [TEST_STEP][PASSED] - Statement - If (java.lang.Integer.valueOf(batchqty) >= java.lang.Integer.valueOf(Rqty)): null

2018-05-16 19:27:56 - [TEST_STEP][PASSED] - Statement - Break: null

2018-05-16 19:27:56 - [TEST_STEP][PASSED] - Statement - batchlength = new com.kms.katalon.core.testobject.TestObject(): null

2018-05-16 19:27:56 - [TEST_STEP][PASSED] - Statement - batchlength = com.kms.katalon.core.webui.keyword.WebUiBuiltInKeywords.modifyObjectProperty(batchlength, "xpath", "equals", "//*[@id = "fldvendor" + row + ""]", true): Modify property of object successfully

2018-05-16 19:27:56 - [MESSAGE][PASSED] - Modify property of object successfully

2018-05-16 19:27:56 - [TEST_STEP][PASSED] - Statement - batchsize = com.kms.katalon.core.webui.keyword.WebUiBuiltInKeywords.getNumberOfTotalOption(batchlength): 6 options of object '' counted

2018-05-16 19:27:56 - [MESSAGE][PASSED] - 6 options of object '' counted

2018-05-16 19:27:56 - [TEST_STEP][PASSED] - Statement - out.println("BatchSize : " + batchsize): null

2018-05-16 19:27:56 - [TEST_STEP][PASSED] - Statement - For ([n = 1, n <= batchsize - 1, (n++)]): null

2018-05-16 19:27:56 - [TEST_STEP][PASSED] - Statement - product = new com.kms.katalon.core.testobject.TestObject(): null

2018-05-16 19:27:56 - [TEST_STEP][PASSED] - Statement - product = com.kms.katalon.core.webui.keyword.WebUiBuiltInKeywords.modifyObjectProperty(product, "xpath", "equals", "//*[@id = "fldvendor" + row + ""]", true): Modify property of object successfully

2018-05-16 19:27:56 - [MESSAGE][PASSED] - Modify property of object successfully

2018-05-16 19:27:56 - [TEST_STEP][PASSED] - selectOptionByIndex: All options with index in [1] are selected on object ''

2018-05-16 19:27:56 - [MESSAGE][PASSED] - All options with index in [1] are selected on object ''

2018-05-16 19:27:56 - [TEST_STEP][PASSED] - Statement - batch = new com.kms.katalon.core.testobject.TestObject(): null

2018-05-16 19:27:56 - [TEST_STEP][PASSED] - Statement - batch = com.kms.katalon.core.webui.keyword.WebUiBuiltInKeywords.modifyObjectProperty(batch, "xpath", "equals", "//*[@id = "txtbthqty" + row + ""]", true): Modify property of object successfully

2018-05-16 19:27:56 - [MESSAGE][PASSED] - Modify property of object successfully

2018-05-16 19:27:56 - [TEST_STEP][PASSED] - Statement - batchqty = com.kms.katalon.core.webui.keyword.WebUiBuiltInKeywords.getAttribute(batch, "value").trim(): Attribute 'value' of object '' is: '200'

2018-05-16 19:27:56 - [MESSAGE][PASSED] - Attribute 'value' of object '' is: '200'

2018-05-16 19:27:56 - [TEST_STEP][PASSED] - Statement - Rqty = 100: null

2018-05-16 19:27:56 - [TEST_STEP][PASSED] - delay: Delayed 2 second(s)

2018-05-16 19:27:58 - [MESSAGE][PASSED] - Delayed 2 second(s)

2018-05-16 19:27:58 - [TEST_STEP][PASSED] - Statement - out.println("BatchQty : " + batchqty): null

2018-05-16 19:27:58 - [TEST_STEP][PASSED] - Statement - out.println("RQty : " + Rqty): null

2018-05-16 19:27:58 - [TEST_STEP][PASSED] - Statement - If (java.lang.Integer.valueOf(batchqty) >= java.lang.Integer.valueOf(Rqty)): null

2018-05-16 19:27:58 - [TEST_STEP][PASSED] - Statement - Break: null

2018-05-16 19:27:58 - [TEST_STEP][PASSED] - Statement - batchlength = new com.kms.katalon.core.testobject.TestObject(): null

2018-05-16 19:27:58 - [TEST_STEP][PASSED] - Statement - batchlength = com.kms.katalon.core.webui.keyword.WebUiBuiltInKeywords.modifyObjectProperty(batchlength, "xpath", "equals", "//*[@id = "fldvendor" + row + ""]", true): Modify property of object successfully

2018-05-16 19:27:58 - [MESSAGE][PASSED] - Modify property of object successfully

2018-05-16 19:27:58 - [TEST_STEP][PASSED] - Statement - batchsize = com.kms.katalon.core.webui.keyword.WebUiBuiltInKeywords.getNumberOfTotalOption(batchlength): 6 options of object '' counted

2018-05-16 19:27:58 - [MESSAGE][PASSED] - 6 options of object '' counted

2018-05-16 19:27:58 - [TEST_STEP][PASSED] - Statement - out.println("BatchSize : " + batchsize): null

2018-05-16 19:27:58 - [TEST_STEP][PASSED] - Statement - For ([n = 1, n <= batchsize - 1, (n++)]): null

2018-05-16 19:27:58 - [TEST_STEP][PASSED] - Statement - product = new com.kms.katalon.core.testobject.TestObject(): null

2018-05-16 19:27:58 - [TEST_STEP][PASSED] - Statement - product = com.kms.katalon.core.webui.keyword.WebUiBuiltInKeywords.modifyObjectProperty(product, "xpath", "equals", "//*[@id = "fldvendor" + row + ""]", true): Modify property of object successfully

2018-05-16 19:27:58 - [MESSAGE][PASSED] - Modify property of object successfully

2018-05-16 19:27:58 - [TEST_STEP][PASSED] - selectOptionByIndex: All options with index in [1] are selected on object ''

2018-05-16 19:27:58 - [MESSAGE][PASSED] - All options with index in [1] are selected on object ''

2018-05-16 19:27:58 - [TEST_STEP][PASSED] - Statement - batch = new com.kms.katalon.core.testobject.TestObject(): null

2018-05-16 19:27:58 - [TEST_STEP][PASSED] - Statement - batch = com.kms.katalon.core.webui.keyword.WebUiBuiltInKeywords.modifyObjectProperty(batch, "xpath", "equals", "//*[@id = "txtbthqty" + row + ""]", true): Modify property of object successfully

2018-05-16 19:27:58 - [MESSAGE][PASSED] - Modify property of object successfully

2018-05-16 19:27:58 - [TEST_STEP][PASSED] - Statement - batchqty = com.kms.katalon.core.webui.keyword.WebUiBuiltInKeywords.getAttribute(batch, "value").trim(): Attribute 'value' of object '' is: '200'

2018-05-16 19:27:58 - [MESSAGE][PASSED] - Attribute 'value' of object '' is: '200'

2018-05-16 19:27:58 - [TEST_STEP][PASSED] - Statement - Rqty = 100: null

2018-05-16 19:27:58 - [TEST_STEP][PASSED] - delay: Delayed 2 second(s)

2018-05-16 19:28:00 - [MESSAGE][PASSED] - Delayed 2 second(s)

2018-05-16 19:28:00 - [TEST_STEP][PASSED] - Statement - out.println("BatchQty : " + batchqty): null

2018-05-16 19:28:00 - [TEST_STEP][PASSED] - Statement - out.println("RQty : " + Rqty): null

2018-05-16 19:28:00 - [TEST_STEP][PASSED] - Statement - If (java.lang.Integer.valueOf(batchqty) >= java.lang.Integer.valueOf(Rqty)): null

2018-05-16 19:28:00 - [TEST_STEP][PASSED] - Statement - Break: null

2018-05-16 19:28:00 - [TEST_STEP][PASSED] - Statement - batchlength = new com.kms.katalon.core.testobject.TestObject(): null

2018-05-16 19:28:00 - [TEST_STEP][PASSED] - Statement - batchlength = com.kms.katalon.core.webui.keyword.WebUiBuiltInKeywords.modifyObjectProperty(batchlength, "xpath", "equals", "//*[@id = "fldvendor" + row + ""]", true): Modify property of object successfully

2018-05-16 19:28:00 - [MESSAGE][PASSED] - Modify property of object successfully

2018-05-16 19:28:00 - [TEST_STEP][PASSED] - Statement - batchsize = com.kms.katalon.core.webui.keyword.WebUiBuiltInKeywords.getNumberOfTotalOption(batchlength): 6 options of object '' counted

2018-05-16 19:28:00 - [MESSAGE][PASSED] - 6 options of object '' counted

2018-05-16 19:28:00 - [TEST_STEP][PASSED] - Statement - out.println("BatchSize : " + batchsize): null

2018-05-16 19:28:00 - [TEST_STEP][PASSED] - Statement - For ([n = 1, n <= batchsize - 1, (n++)]): null

2018-05-16 19:28:00 - [TEST_STEP][PASSED] - Statement - product = new com.kms.katalon.core.testobject.TestObject(): null

2018-05-16 19:28:00 - [TEST_STEP][PASSED] - Statement - product = com.kms.katalon.core.webui.keyword.WebUiBuiltInKeywords.modifyObjectProperty(product, "xpath", "equals", "//*[@id = "fldvendor" + row + ""]", true): Modify property of object successfully

2018-05-16 19:28:00 - [MESSAGE][PASSED] - Modify property of object successfully

2018-05-16 19:28:00 - [TEST_STEP][PASSED] - selectOptionByIndex: All options with index in [1] are selected on object ''

2018-05-16 19:28:00 - [MESSAGE][PASSED] - All options with index in [1] are selected on object ''

2018-05-16 19:28:00 - [TEST_STEP][PASSED] - Statement - batch = new com.kms.katalon.core.testobject.TestObject(): null

2018-05-16 19:28:00 - [TEST_STEP][PASSED] - Statement - batch = com.kms.katalon.core.webui.keyword.WebUiBuiltInKeywords.modifyObjectProperty(batch, "xpath", "equals", "//*[@id = "txtbthqty" + row + ""]", true): Modify property of object successfully

2018-05-16 19:28:00 - [MESSAGE][PASSED] - Modify property of object successfully

2018-05-16 19:28:00 - [TEST_STEP][PASSED] - Statement - batchqty = com.kms.katalon.core.webui.keyword.WebUiBuiltInKeywords.getAttribute(batch, "value").trim(): Attribute 'value' of object '' is: '5000'

2018-05-16 19:28:00 - [MESSAGE][PASSED] - Attribute 'value' of object '' is: '5000'

2018-05-16 19:28:00 - [TEST_STEP][PASSED] - Statement - Rqty = 100: null

2018-05-16 19:28:00 - [TEST_STEP][PASSED] - delay: Delayed 2 second(s)

2018-05-16 19:28:02 - [MESSAGE][PASSED] - Delayed 2 second(s)

2018-05-16 19:28:02 - [TEST_STEP][PASSED] - Statement - out.println("BatchQty : " + batchqty): null

2018-05-16 19:28:02 - [TEST_STEP][PASSED] - Statement - out.println("RQty : " + Rqty): null

2018-05-16 19:28:02 - [TEST_STEP][PASSED] - Statement - If (java.lang.Integer.valueOf(batchqty) >= java.lang.Integer.valueOf(Rqty)): null

2018-05-16 19:28:02 - [TEST_STEP][PASSED] - Statement - Break: null

2018-05-16 19:28:02 - [TEST_STEP][PASSED] - Statement - batchlength = new com.kms.katalon.core.testobject.TestObject(): null

2018-05-16 19:28:02 - [TEST_STEP][PASSED] - Statement - batchlength = com.kms.katalon.core.webui.keyword.WebUiBuiltInKeywords.modifyObjectProperty(batchlength, "xpath", "equals", "//*[@id = "fldvendor" + row + ""]", true): Modify property of object successfully

2018-05-16 19:28:02 - [MESSAGE][PASSED] - Modify property of object successfully

2018-05-16 19:28:02 - [TEST_STEP][PASSED] - Statement - batchsize = com.kms.katalon.core.webui.keyword.WebUiBuiltInKeywords.getNumberOfTotalOption(batchlength): 6 options of object '' counted

2018-05-16 19:28:03 - [MESSAGE][PASSED] - 6 options of object '' counted

2018-05-16 19:28:03 - [TEST_STEP][PASSED] - Statement - out.println("BatchSize : " + batchsize): null

2018-05-16 19:28:03 - [TEST_STEP][PASSED] - Statement - For ([n = 1, n <= batchsize - 1, (n++)]): null

2018-05-16 19:28:03 - [TEST_STEP][PASSED] - Statement - product = new com.kms.katalon.core.testobject.TestObject(): null

2018-05-16 19:28:03 - [TEST_STEP][PASSED] - Statement - product = com.kms.katalon.core.webui.keyword.WebUiBuiltInKeywords.modifyObjectProperty(product, "xpath", "equals", "//*[@id = "fldvendor" + row + ""]", true): Modify property of object successfully

2018-05-16 19:28:03 - [MESSAGE][PASSED] - Modify property of object successfully

2018-05-16 19:28:03 - [TEST_STEP][PASSED] - selectOptionByIndex: All options with index in [1] are selected on object ''

2018-05-16 19:28:03 - [MESSAGE][PASSED] - All options with index in [1] are selected on object ''

2018-05-16 19:28:03 - [TEST_STEP][PASSED] - Statement - batch = new com.kms.katalon.core.testobject.TestObject(): null

2018-05-16 19:28:03 - [TEST_STEP][PASSED] - Statement - batch = com.kms.katalon.core.webui.keyword.WebUiBuiltInKeywords.modifyObjectProperty(batch, "xpath", "equals", "//*[@id = "txtbthqty" + row + ""]", true): Modify property of object successfully

2018-05-16 19:28:03 - [MESSAGE][PASSED] - Modify property of object successfully

2018-05-16 19:28:03 - [TEST_STEP][PASSED] - Statement - batchqty = com.kms.katalon.core.webui.keyword.WebUiBuiltInKeywords.getAttribute(batch, "value").trim(): Attribute 'value' of object '' is: '5000'

2018-05-16 19:28:03 - [MESSAGE][PASSED] - Attribute 'value' of object '' is: '5000'

2018-05-16 19:28:03 - [TEST_STEP][PASSED] - Statement - Rqty = 100: null

2018-05-16 19:28:03 - [TEST_STEP][PASSED] - delay: Delayed 2 second(s)

2018-05-16 19:28:05 - [MESSAGE][PASSED] - Delayed 2 second(s)

2018-05-16 19:28:05 - [TEST_STEP][PASSED] - Statement - out.println("BatchQty : " + batchqty): null

2018-05-16 19:28:05 - [TEST_STEP][PASSED] - Statement - out.println("RQty : " + Rqty): null

2018-05-16 19:28:05 - [TEST_STEP][PASSED] - Statement - If (java.lang.Integer.valueOf(batchqty) >= java.lang.Integer.valueOf(Rqty)): null

2018-05-16 19:28:05 - [TEST_STEP][PASSED] - Statement - Break: null

2018-05-16 19:28:05 - [TEST_STEP][PASSED] - Statement - batchlength = new com.kms.katalon.core.testobject.TestObject(): null

2018-05-16 19:28:05 - [TEST_STEP][PASSED] - Statement - batchlength = com.kms.katalon.core.webui.keyword.WebUiBuiltInKeywords.modifyObjectProperty(batchlength, "xpath", "equals", "//*[@id = "fldvendor" + row + ""]", true): Modify property of object successfully

2018-05-16 19:28:05 - [MESSAGE][PASSED] - Modify property of object successfully

2018-05-16 19:28:05 - [TEST_STEP][PASSED] - Statement - batchsize = com.kms.katalon.core.webui.keyword.WebUiBuiltInKeywords.getNumberOfTotalOption(batchlength): 6 options of object '' counted

2018-05-16 19:28:05 - [MESSAGE][PASSED] - 6 options of object '' counted

2018-05-16 19:28:05 - [TEST_STEP][PASSED] - Statement - out.println("BatchSize : " + batchsize): null

2018-05-16 19:28:05 - [TEST_STEP][PASSED] - Statement - For ([n = 1, n <= batchsize - 1, (n++)]): null

2018-05-16 19:28:05 - [TEST_STEP][PASSED] - Statement - product = new com.kms.katalon.core.testobject.TestObject(): null

2018-05-16 19:28:05 - [TEST_STEP][PASSED] - Statement - product = com.kms.katalon.core.webui.keyword.WebUiBuiltInKeywords.modifyObjectProperty(product, "xpath", "equals", "//*[@id = "fldvendor" + row + ""]", true): Modify property of object successfully

2018-05-16 19:28:05 - [MESSAGE][PASSED] - Modify property of object successfully

2018-05-16 19:28:05 - [TEST_STEP][PASSED] - selectOptionByIndex: All options with index in [1] are selected on object ''

2018-05-16 19:28:05 - [MESSAGE][PASSED] - All options with index in [1] are selected on object ''

2018-05-16 19:28:05 - [TEST_STEP][PASSED] - Statement - batch = new com.kms.katalon.core.testobject.TestObject(): null

2018-05-16 19:28:05 - [TEST_STEP][PASSED] - Statement - batch = com.kms.katalon.core.webui.keyword.WebUiBuiltInKeywords.modifyObjectProperty(batch, "xpath", "equals", "//*[@id = "txtbthqty" + row + ""]", true): Modify property of object successfully

2018-05-16 19:28:05 - [MESSAGE][PASSED] - Modify property of object successfully

2018-05-16 19:28:05 - [TEST_STEP][PASSED] - Statement - batchqty = com.kms.katalon.core.webui.keyword.WebUiBuiltInKeywords.getAttribute(batch, "value").trim(): Attribute 'value' of object '' is: '5000'

2018-05-16 19:28:05 - [MESSAGE][PASSED] - Attribute 'value' of object '' is: '5000'

2018-05-16 19:28:05 - [TEST_STEP][PASSED] - Statement - Rqty = 100: null

2018-05-16 19:28:05 - [TEST_STEP][PASSED] - delay: Delayed 2 second(s)

2018-05-16 19:28:07 - [MESSAGE][PASSED] - Delayed 2 second(s)

2018-05-16 19:28:07 - [TEST_STEP][PASSED] - Statement - out.println("BatchQty : " + batchqty): null

2018-05-16 19:28:07 - [TEST_STEP][PASSED] - Statement - out.println("RQty : " + Rqty): null

2018-05-16 19:28:07 - [TEST_STEP][PASSED] - Statement - If (java.lang.Integer.valueOf(batchqty) >= java.lang.Integer.valueOf(Rqty)): null

2018-05-16 19:28:07 - [TEST_STEP][PASSED] - Statement - Break: null

2018-05-16 19:28:07 - [TEST_STEP][PASSED] - Statement - batchlength = new com.kms.katalon.core.testobject.TestObject(): null

2018-05-16 19:28:07 - [TEST_STEP][PASSED] - Statement - batchlength = com.kms.katalon.core.webui.keyword.WebUiBuiltInKeywords.modifyObjectProperty(batchlength, "xpath", "equals", "//*[@id = "fldvendor" + row + ""]", true): Modify property of object successfully

2018-05-16 19:28:07 - [MESSAGE][PASSED] - Modify property of object successfully

2018-05-16 19:28:07 - [TEST_STEP][PASSED] - Statement - batchsize = com.kms.katalon.core.webui.keyword.WebUiBuiltInKeywords.getNumberOfTotalOption(batchlength): 6 options of object '' counted

2018-05-16 19:28:07 - [MESSAGE][PASSED] - 6 options of object '' counted

2018-05-16 19:28:07 - [TEST_STEP][PASSED] - Statement - out.println("BatchSize : " + batchsize): null

2018-05-16 19:28:07 - [TEST_STEP][PASSED] - Statement - For ([n = 1, n <= batchsize - 1, (n++)]): null

2018-05-16 19:28:07 - [TEST_STEP][PASSED] - Statement - product = new com.kms.katalon.core.testobject.TestObject(): null

2018-05-16 19:28:07 - [TEST_STEP][PASSED] - Statement - product = com.kms.katalon.core.webui.keyword.WebUiBuiltInKeywords.modifyObjectProperty(product, "xpath", "equals", "//*[@id = "fldvendor" + row + ""]", true): Modify property of object successfully

2018-05-16 19:28:07 - [MESSAGE][PASSED] - Modify property of object successfully

2018-05-16 19:28:07 - [TEST_STEP][PASSED] - selectOptionByIndex: All options with index in [1] are selected on object ''

2018-05-16 19:28:07 - [MESSAGE][PASSED] - All options with index in [1] are selected on object ''

2018-05-16 19:28:07 - [TEST_STEP][PASSED] - Statement - batch = new com.kms.katalon.core.testobject.TestObject(): null

2018-05-16 19:28:07 - [TEST_STEP][PASSED] - Statement - batch = com.kms.katalon.core.webui.keyword.WebUiBuiltInKeywords.modifyObjectProperty(batch, "xpath", "equals", "//*[@id = "txtbthqty" + row + ""]", true): Modify property of object successfully

2018-05-16 19:28:07 - [MESSAGE][PASSED] - Modify property of object successfully

2018-05-16 19:28:07 - [TEST_STEP][PASSED] - Statement - batchqty = com.kms.katalon.core.webui.keyword.WebUiBuiltInKeywords.getAttribute(batch, "value").trim(): Attribute 'value' of object '' is: '5000'

2018-05-16 19:28:07 - [MESSAGE][PASSED] - Attribute 'value' of object '' is: '5000'

2018-05-16 19:28:07 - [TEST_STEP][PASSED] - Statement - Rqty = 100: null

2018-05-16 19:28:07 - [TEST_STEP][PASSED] - delay: Delayed 2 second(s)

2018-05-16 19:28:09 - [MESSAGE][PASSED] - Delayed 2 second(s)

2018-05-16 19:28:09 - [TEST_STEP][PASSED] - Statement - out.println("BatchQty : " + batchqty): null

2018-05-16 19:28:09 - [TEST_STEP][PASSED] - Statement - out.println("RQty : " + Rqty): null

2018-05-16 19:28:09 - [TEST_STEP][PASSED] - Statement - If (java.lang.Integer.valueOf(batchqty) >= java.lang.Integer.valueOf(Rqty)): null

2018-05-16 19:28:09 - [TEST_STEP][PASSED] - Statement - Break: null

2018-05-16 19:28:09 - [TEST_STEP][PASSED] - Statement - batchlength = new com.kms.katalon.core.testobject.TestObject(): null

2018-05-16 19:28:09 - [TEST_STEP][PASSED] - Statement - batchlength = com.kms.katalon.core.webui.keyword.WebUiBuiltInKeywords.modifyObjectProperty(batchlength, "xpath", "equals", "//*[@id = "fldvendor" + row + ""]", true): Modify property of object successfully

2018-05-16 19:28:09 - [MESSAGE][PASSED] - Modify property of object successfully

2018-05-16 19:28:09 - [TEST_STEP][PASSED] - Statement - batchsize = com.kms.katalon.core.webui.keyword.WebUiBuiltInKeywords.getNumberOfTotalOption(batchlength): 6 options of object '' counted

2018-05-16 19:28:09 - [MESSAGE][PASSED] - 6 options of object '' counted

2018-05-16 19:28:09 - [TEST_STEP][PASSED] - Statement - out.println("BatchSize : " + batchsize): null

2018-05-16 19:28:09 - [TEST_STEP][PASSED] - Statement - For ([n = 1, n <= batchsize - 1, (n++)]): null

2018-05-16 19:28:09 - [TEST_STEP][PASSED] - Statement - product = new com.kms.katalon.core.testobject.TestObject(): null

2018-05-16 19:28:09 - [TEST_STEP][PASSED] - Statement - product = com.kms.katalon.core.webui.keyword.WebUiBuiltInKeywords.modifyObjectProperty(product, "xpath", "equals", "//*[@id = "fldvendor" + row + ""]", true): Modify property of object successfully

2018-05-16 19:28:09 - [MESSAGE][PASSED] - Modify property of object successfully

2018-05-16 19:28:09 - [TEST_STEP][PASSED] - selectOptionByIndex: All options with index in [1] are selected on object ''

2018-05-16 19:28:10 - [MESSAGE][PASSED] - All options with index in [1] are selected on object ''

2018-05-16 19:28:10 - [TEST_STEP][PASSED] - Statement - batch = new com.kms.katalon.core.testobject.TestObject(): null

2018-05-16 19:28:10 - [TEST_STEP][PASSED] - Statement - batch = com.kms.katalon.core.webui.keyword.WebUiBuiltInKeywords.modifyObjectProperty(batch, "xpath", "equals", "//*[@id = "txtbthqty" + row + ""]", true): Modify property of object successfully

2018-05-16 19:28:10 - [MESSAGE][PASSED] - Modify property of object successfully

2018-05-16 19:28:10 - [TEST_STEP][PASSED] - Statement - batchqty = com.kms.katalon.core.webui.keyword.WebUiBuiltInKeywords.getAttribute(batch, "value").trim(): Attribute 'value' of object '' is: '200'

2018-05-16 19:28:10 - [MESSAGE][PASSED] - Attribute 'value' of object '' is: '200'

2018-05-16 19:28:10 - [TEST_STEP][PASSED] - Statement - Rqty = 100: null

2018-05-16 19:28:10 - [TEST_STEP][PASSED] - delay: Delayed 2 second(s)

2018-05-16 19:28:12 - [MESSAGE][PASSED] - Delayed 2 second(s)

2018-05-16 19:28:12 - [TEST_STEP][PASSED] - Statement - out.println("BatchQty : " + batchqty): null

2018-05-16 19:28:12 - [TEST_STEP][PASSED] - Statement - out.println("RQty : " + Rqty): null

2018-05-16 19:28:12 - [TEST_STEP][PASSED] - Statement - If (java.lang.Integer.valueOf(batchqty) >= java.lang.Integer.valueOf(Rqty)): null

2018-05-16 19:28:12 - [TEST_STEP][PASSED] - Statement - Break: null

2018-05-16 19:28:12 - [TEST_STEP][PASSED] - Statement - batchlength = new com.kms.katalon.core.testobject.TestObject(): null

2018-05-16 19:28:12 - [TEST_STEP][PASSED] - Statement - batchlength = com.kms.katalon.core.webui.keyword.WebUiBuiltInKeywords.modifyObjectProperty(batchlength, "xpath", "equals", "//*[@id = "fldvendor" + row + ""]", true): Modify property of object successfully

2018-05-16 19:28:12 - [MESSAGE][PASSED] - Modify property of object successfully

2018-05-16 19:28:12 - [TEST_STEP][PASSED] - Statement - batchsize = com.kms.katalon.core.webui.keyword.WebUiBuiltInKeywords.getNumberOfTotalOption(batchlength): 6 options of object '' counted

2018-05-16 19:28:12 - [MESSAGE][PASSED] - 6 options of object '' counted

2018-05-16 19:28:12 - [TEST_STEP][PASSED] - Statement - out.println("BatchSize : " + batchsize): null

2018-05-16 19:28:12 - [TEST_STEP][PASSED] - Statement - For ([n = 1, n <= batchsize - 1, (n++)]): null

2018-05-16 19:28:12 - [TEST_STEP][PASSED] - Statement - product = new com.kms.katalon.core.testobject.TestObject(): null

2018-05-16 19:28:12 - [TEST_STEP][PASSED] - Statement - product = com.kms.katalon.core.webui.keyword.WebUiBuiltInKeywords.modifyObjectProperty(product, "xpath", "equals", "//*[@id = "fldvendor" + row + ""]", true): Modify property of object successfully

2018-05-16 19:28:12 - [MESSAGE][PASSED] - Modify property of object successfully

2018-05-16 19:28:12 - [TEST_STEP][PASSED] - selectOptionByIndex: All options with index in [1] are selected on object ''

2018-05-16 19:28:12 - [MESSAGE][PASSED] - All options with index in [1] are selected on object ''

2018-05-16 19:28:12 - [TEST_STEP][PASSED] - Statement - batch = new com.kms.katalon.core.testobject.TestObject(): null

2018-05-16 19:28:12 - [TEST_STEP][PASSED] - Statement - batch = com.kms.katalon.core.webui.keyword.WebUiBuiltInKeywords.modifyObjectProperty(batch, "xpath", "equals", "//*[@id = "txtbthqty" + row + ""]", true): Modify property of object successfully

2018-05-16 19:28:12 - [MESSAGE][PASSED] - Modify property of object successfully

2018-05-16 19:28:12 - [TEST_STEP][PASSED] - Statement - batchqty = com.kms.katalon.core.webui.keyword.WebUiBuiltInKeywords.getAttribute(batch, "value").trim(): Attribute 'value' of object '' is: '5000'

2018-05-16 19:28:12 - [MESSAGE][PASSED] - Attribute 'value' of object '' is: '5000'

2018-05-16 19:28:12 - [TEST_STEP][PASSED] - Statement - Rqty = 100: null

2018-05-16 19:28:12 - [TEST_STEP][PASSED] - delay: Delayed 2 second(s)

2018-05-16 19:28:14 - [MESSAGE][PASSED] - Delayed 2 second(s)

2018-05-16 19:28:14 - [TEST_STEP][PASSED] - Statement - out.println("BatchQty : " + batchqty): null

2018-05-16 19:28:14 - [TEST_STEP][PASSED] - Statement - out.println("RQty : " + Rqty): null

2018-05-16 19:28:14 - [TEST_STEP][PASSED] - Statement - If (java.lang.Integer.valueOf(batchqty) >= java.lang.Integer.valueOf(Rqty)): null

2018-05-16 19:28:14 - [TEST_STEP][PASSED] - Statement - Break: null

2018-05-16 19:28:14 - [TEST_STEP][PASSED] - Statement - batchlength = new com.kms.katalon.core.testobject.TestObject(): null

2018-05-16 19:28:14 - [TEST_STEP][PASSED] - Statement - batchlength = com.kms.katalon.core.webui.keyword.WebUiBuiltInKeywords.modifyObjectProperty(batchlength, "xpath", "equals", "//*[@id = "fldvendor" + row + ""]", true): Modify property of object successfully

2018-05-16 19:28:14 - [MESSAGE][PASSED] - Modify property of object successfully

2018-05-16 19:28:14 - [TEST_STEP][PASSED] - Statement - batchsize = com.kms.katalon.core.webui.keyword.WebUiBuiltInKeywords.getNumberOfTotalOption(batchlength): 6 options of object '' counted

2018-05-16 19:28:14 - [MESSAGE][PASSED] - 6 options of object '' counted

2018-05-16 19:28:14 - [TEST_STEP][PASSED] - Statement - out.println("BatchSize : " + batchsize): null

2018-05-16 19:28:14 - [TEST_STEP][PASSED] - Statement - For ([n = 1, n <= batchsize - 1, (n++)]): null

2018-05-16 19:28:14 - [TEST_STEP][PASSED] - Statement - product = new com.kms.katalon.core.testobject.TestObject(): null

2018-05-16 19:28:14 - [TEST_STEP][PASSED] - Statement - product = com.kms.katalon.core.webui.keyword.WebUiBuiltInKeywords.modifyObjectProperty(product, "xpath", "equals", "//*[@id = "fldvendor" + row + ""]", true): Modify property of object successfully

2018-05-16 19:28:14 - [MESSAGE][PASSED] - Modify property of object successfully

2018-05-16 19:28:14 - [TEST_STEP][PASSED] - selectOptionByIndex: All options with index in [1] are selected on object ''

2018-05-16 19:28:14 - [MESSAGE][PASSED] - All options with index in [1] are selected on object ''

2018-05-16 19:28:14 - [TEST_STEP][PASSED] - Statement - batch = new com.kms.katalon.core.testobject.TestObject(): null

2018-05-16 19:28:14 - [TEST_STEP][PASSED] - Statement - batch = com.kms.katalon.core.webui.keyword.WebUiBuiltInKeywords.modifyObjectProperty(batch, "xpath", "equals", "//*[@id = "txtbthqty" + row + ""]", true): Modify property of object successfully

2018-05-16 19:28:14 - [MESSAGE][PASSED] - Modify property of object successfully

2018-05-16 19:28:14 - [TEST_STEP][PASSED] - Statement - batchqty = com.kms.katalon.core.webui.keyword.WebUiBuiltInKeywords.getAttribute(batch, "value").trim(): Attribute 'value' of object '' is: '5000'

2018-05-16 19:28:14 - [MESSAGE][PASSED] - Attribute 'value' of object '' is: '5000'

2018-05-16 19:28:14 - [TEST_STEP][PASSED] - Statement - Rqty = 100: null

2018-05-16 19:28:14 - [TEST_STEP][PASSED] - delay: Delayed 2 second(s)

2018-05-16 19:28:16 - [MESSAGE][PASSED] - Delayed 2 second(s)

2018-05-16 19:28:16 - [TEST_STEP][PASSED] - Statement - out.println("BatchQty : " + batchqty): null

2018-05-16 19:28:16 - [TEST_STEP][PASSED] - Statement - out.println("RQty : " + Rqty): null

2018-05-16 19:28:16 - [TEST_STEP][PASSED] - Statement - If (java.lang.Integer.valueOf(batchqty) >= java.lang.Integer.valueOf(Rqty)): null

2018-05-16 19:28:16 - [TEST_STEP][PASSED] - Statement - Break: null

2018-05-16 19:28:16 - [TEST_STEP][PASSED] - Statement - batchlength = new com.kms.katalon.core.testobject.TestObject(): null

2018-05-16 19:28:16 - [TEST_STEP][PASSED] - Statement - batchlength = com.kms.katalon.core.webui.keyword.WebUiBuiltInKeywords.modifyObjectProperty(batchlength, "xpath", "equals", "//*[@id = "fldvendor" + row + ""]", true): Modify property of object successfully

2018-05-16 19:28:16 - [MESSAGE][PASSED] - Modify property of object successfully

2018-05-16 19:28:16 - [TEST_STEP][PASSED] - Statement - batchsize = com.kms.katalon.core.webui.keyword.WebUiBuiltInKeywords.getNumberOfTotalOption(batchlength): 6 options of object '' counted

2018-05-16 19:28:16 - [MESSAGE][PASSED] - 6 options of object '' counted

2018-05-16 19:28:16 - [TEST_STEP][PASSED] - Statement - out.println("BatchSize : " + batchsize): null

2018-05-16 19:28:16 - [TEST_STEP][PASSED] - Statement - For ([n = 1, n <= batchsize - 1, (n++)]): null

2018-05-16 19:28:16 - [TEST_STEP][PASSED] - Statement - product = new com.kms.katalon.core.testobject.TestObject(): null

2018-05-16 19:28:16 - [TEST_STEP][PASSED] - Statement - product = com.kms.katalon.core.webui.keyword.WebUiBuiltInKeywords.modifyObjectProperty(product, "xpath", "equals", "//*[@id = "fldvendor" + row + ""]", true): Modify property of object successfully

2018-05-16 19:28:16 - [MESSAGE][PASSED] - Modify property of object successfully

2018-05-16 19:28:16 - [TEST_STEP][PASSED] - selectOptionByIndex: All options with index in [1] are selected on object ''

2018-05-16 19:28:16 - [MESSAGE][PASSED] - All options with index in [1] are selected on object ''

2018-05-16 19:28:16 - [TEST_STEP][PASSED] - Statement - batch = new com.kms.katalon.core.testobject.TestObject(): null

2018-05-16 19:28:16 - [TEST_STEP][PASSED] - Statement - batch = com.kms.katalon.core.webui.keyword.WebUiBuiltInKeywords.modifyObjectProperty(batch, "xpath", "equals", "//*[@id = "txtbthqty" + row + ""]", true): Modify property of object successfully

2018-05-16 19:28:16 - [MESSAGE][PASSED] - Modify property of object successfully

2018-05-16 19:28:16 - [TEST_STEP][PASSED] - Statement - batchqty = com.kms.katalon.core.webui.keyword.WebUiBuiltInKeywords.getAttribute(batch, "value").trim(): Attribute 'value' of object '' is: '5000'

2018-05-16 19:28:17 - [MESSAGE][PASSED] - Attribute 'value' of object '' is: '5000'

2018-05-16 19:28:17 - [TEST_STEP][PASSED] - Statement - Rqty = 100: null

2018-05-16 19:28:17 - [TEST_STEP][PASSED] - delay: Delayed 2 second(s)

2018-05-16 19:28:19 - [MESSAGE][PASSED] - Delayed 2 second(s)

2018-05-16 19:28:19 - [TEST_STEP][PASSED] - Statement - out.println("BatchQty : " + batchqty): null

2018-05-16 19:28:19 - [TEST_STEP][PASSED] - Statement - out.println("RQty : " + Rqty): null

2018-05-16 19:28:19 - [TEST_STEP][PASSED] - Statement - If (java.lang.Integer.valueOf(batchqty) >= java.lang.Integer.valueOf(Rqty)): null

2018-05-16 19:28:19 - [TEST_STEP][PASSED] - Statement - Break: null

2018-05-16 19:28:19 - [TEST_STEP][PASSED] - Statement - batchlength = new com.kms.katalon.core.testobject.TestObject(): null

2018-05-16 19:28:19 - [TEST_STEP][PASSED] - Statement - batchlength = com.kms.katalon.core.webui.keyword.WebUiBuiltInKeywords.modifyObjectProperty(batchlength, "xpath", "equals", "//*[@id = "fldvendor" + row + ""]", true): Modify property of object successfully

2018-05-16 19:28:19 - [MESSAGE][PASSED] - Modify property of object successfully

2018-05-16 19:28:19 - [TEST_STEP][PASSED] - Statement - batchsize = com.kms.katalon.core.webui.keyword.WebUiBuiltInKeywords.getNumberOfTotalOption(batchlength): 5 options of object '' counted

2018-05-16 19:28:19 - [MESSAGE][PASSED] - 5 options of object '' counted

2018-05-16 19:28:19 - [TEST_STEP][PASSED] - Statement - out.println("BatchSize : " + batchsize): null

2018-05-16 19:28:19 - [TEST_STEP][PASSED] - Statement - For ([n = 1, n <= batchsize - 1, (n++)]): null

2018-05-16 19:28:19 - [TEST_STEP][PASSED] - Statement - product = new com.kms.katalon.core.testobject.TestObject(): null

2018-05-16 19:28:19 - [TEST_STEP][PASSED] - Statement - product = com.kms.katalon.core.webui.keyword.WebUiBuiltInKeywords.modifyObjectProperty(product, "xpath", "equals", "//*[@id = "fldvendor" + row + ""]", true): Modify property of object successfully

2018-05-16 19:28:19 - [MESSAGE][PASSED] - Modify property of object successfully

2018-05-16 19:28:19 - [TEST_STEP][PASSED] - selectOptionByIndex: All options with index in [1] are selected on object ''

2018-05-16 19:28:19 - [MESSAGE][PASSED] - All options with index in [1] are selected on object ''

2018-05-16 19:28:19 - [TEST_STEP][PASSED] - Statement - batch = new com.kms.katalon.core.testobject.TestObject(): null

2018-05-16 19:28:19 - [TEST_STEP][PASSED] - Statement - batch = com.kms.katalon.core.webui.keyword.WebUiBuiltInKeywords.modifyObjectProperty(batch, "xpath", "equals", "//*[@id = "txtbthqty" + row + ""]", true): Modify property of object successfully

2018-05-16 19:28:19 - [MESSAGE][PASSED] - Modify property of object successfully

2018-05-16 19:28:19 - [TEST_STEP][PASSED] - Statement - batchqty = com.kms.katalon.core.webui.keyword.WebUiBuiltInKeywords.getAttribute(batch, "value").trim(): Attribute 'value' of object '' is: '200'

2018-05-16 19:28:19 - [MESSAGE][PASSED] - Attribute 'value' of object '' is: '200'

2018-05-16 19:28:19 - [TEST_STEP][PASSED] - Statement - Rqty = 100: null

2018-05-16 19:28:19 - [TEST_STEP][PASSED] - delay: Delayed 2 second(s)

2018-05-16 19:28:21 - [MESSAGE][PASSED] - Delayed 2 second(s)

2018-05-16 19:28:21 - [TEST_STEP][PASSED] - Statement - out.println("BatchQty : " + batchqty): null

2018-05-16 19:28:21 - [TEST_STEP][PASSED] - Statement - out.println("RQty : " + Rqty): null

2018-05-16 19:28:21 - [TEST_STEP][PASSED] - Statement - If (java.lang.Integer.valueOf(batchqty) >= java.lang.Integer.valueOf(Rqty)): null

2018-05-16 19:28:21 - [TEST_STEP][PASSED] - Statement - Break: null

2018-05-16 19:28:21 - [TEST_STEP][PASSED] - Statement - batchlength = new com.kms.katalon.core.testobject.TestObject(): null

2018-05-16 19:28:21 - [TEST_STEP][PASSED] - Statement - batchlength = com.kms.katalon.core.webui.keyword.WebUiBuiltInKeywords.modifyObjectProperty(batchlength, "xpath", "equals", "//*[@id = "fldvendor" + row + ""]", true): Modify property of object successfully

2018-05-16 19:28:21 - [MESSAGE][PASSED] - Modify property of object successfully

2018-05-16 19:28:21 - [TEST_STEP][PASSED] - Statement - batchsize = com.kms.katalon.core.webui.keyword.WebUiBuiltInKeywords.getNumberOfTotalOption(batchlength): 6 options of object '' counted

2018-05-16 19:28:21 - [MESSAGE][PASSED] - 6 options of object '' counted

2018-05-16 19:28:21 - [TEST_STEP][PASSED] - Statement - out.println("BatchSize : " + batchsize): null

2018-05-16 19:28:21 - [TEST_STEP][PASSED] - Statement - For ([n = 1, n <= batchsize - 1, (n++)]): null

2018-05-16 19:28:21 - [TEST_STEP][PASSED] - Statement - product = new com.kms.katalon.core.testobject.TestObject(): null

2018-05-16 19:28:21 - [TEST_STEP][PASSED] - Statement - product = com.kms.katalon.core.webui.keyword.WebUiBuiltInKeywords.modifyObjectProperty(product, "xpath", "equals", "//*[@id = "fldvendor" + row + ""]", true): Modify property of object successfully

2018-05-16 19:28:21 - [MESSAGE][PASSED] - Modify property of object successfully

2018-05-16 19:28:21 - [TEST_STEP][PASSED] - selectOptionByIndex: All options with index in [1] are selected on object ''

2018-05-16 19:28:21 - [MESSAGE][PASSED] - All options with index in [1] are selected on object ''

2018-05-16 19:28:21 - [TEST_STEP][PASSED] - Statement - batch = new com.kms.katalon.core.testobject.TestObject(): null

2018-05-16 19:28:21 - [TEST_STEP][PASSED] - Statement - batch = com.kms.katalon.core.webui.keyword.WebUiBuiltInKeywords.modifyObjectProperty(batch, "xpath", "equals", "//*[@id = "txtbthqty" + row + ""]", true): Modify property of object successfully

2018-05-16 19:28:21 - [MESSAGE][PASSED] - Modify property of object successfully

2018-05-16 19:28:21 - [TEST_STEP][PASSED] - Statement - batchqty = com.kms.katalon.core.webui.keyword.WebUiBuiltInKeywords.getAttribute(batch, "value").trim(): Attribute 'value' of object '' is: '5000'

2018-05-16 19:28:21 - [MESSAGE][PASSED] - Attribute 'value' of object '' is: '5000'

2018-05-16 19:28:21 - [TEST_STEP][PASSED] - Statement - Rqty = 100: null

2018-05-16 19:28:21 - [TEST_STEP][PASSED] - delay: Delayed 2 second(s)

2018-05-16 19:28:23 - [MESSAGE][PASSED] - Delayed 2 second(s)

2018-05-16 19:28:23 - [TEST_STEP][PASSED] - Statement - out.println("BatchQty : " + batchqty): null

2018-05-16 19:28:23 - [TEST_STEP][PASSED] - Statement - out.println("RQty : " + Rqty): null

2018-05-16 19:28:23 - [TEST_STEP][PASSED] - Statement - If (java.lang.Integer.valueOf(batchqty) >= java.lang.Integer.valueOf(Rqty)): null

2018-05-16 19:28:23 - [TEST_STEP][PASSED] - Statement - Break: null

2018-05-16 19:28:23 - [TEST_STEP][PASSED] - Statement - batchlength = new com.kms.katalon.core.testobject.TestObject(): null

2018-05-16 19:28:23 - [TEST_STEP][PASSED] - Statement - batchlength = com.kms.katalon.core.webui.keyword.WebUiBuiltInKeywords.modifyObjectProperty(batchlength, "xpath", "equals", "//*[@id = "fldvendor" + row + ""]", true): Modify property of object successfully

2018-05-16 19:28:23 - [MESSAGE][PASSED] - Modify property of object successfully

2018-05-16 19:28:23 - [TEST_STEP][PASSED] - Statement - batchsize = com.kms.katalon.core.webui.keyword.WebUiBuiltInKeywords.getNumberOfTotalOption(batchlength): 6 options of object '' counted

2018-05-16 19:28:23 - [MESSAGE][PASSED] - 6 options of object '' counted

2018-05-16 19:28:23 - [TEST_STEP][PASSED] - Statement - out.println("BatchSize : " + batchsize): null

2018-05-16 19:28:23 - [TEST_STEP][PASSED] - Statement - For ([n = 1, n <= batchsize - 1, (n++)]): null

2018-05-16 19:28:23 - [TEST_STEP][PASSED] - Statement - product = new com.kms.katalon.core.testobject.TestObject(): null

2018-05-16 19:28:23 - [TEST_STEP][PASSED] - Statement - product = com.kms.katalon.core.webui.keyword.WebUiBuiltInKeywords.modifyObjectProperty(product, "xpath", "equals", "//*[@id = "fldvendor" + row + ""]", true): Modify property of object successfully

2018-05-16 19:28:23 - [MESSAGE][PASSED] - Modify property of object successfully

2018-05-16 19:28:23 - [TEST_STEP][PASSED] - selectOptionByIndex: All options with index in [1] are selected on object ''

2018-05-16 19:28:23 - [MESSAGE][PASSED] - All options with index in [1] are selected on object ''

2018-05-16 19:28:23 - [TEST_STEP][PASSED] - Statement - batch = new com.kms.katalon.core.testobject.TestObject(): null

2018-05-16 19:28:23 - [TEST_STEP][PASSED] - Statement - batch = com.kms.katalon.core.webui.keyword.WebUiBuiltInKeywords.modifyObjectProperty(batch, "xpath", "equals", "//*[@id = "txtbthqty" + row + ""]", true): Modify property of object successfully

2018-05-16 19:28:23 - [MESSAGE][PASSED] - Modify property of object successfully

2018-05-16 19:28:23 - [TEST_STEP][PASSED] - Statement - batchqty = com.kms.katalon.core.webui.keyword.WebUiBuiltInKeywords.getAttribute(batch, "value").trim(): Attribute 'value' of object '' is: '5000'

2018-05-16 19:28:23 - [MESSAGE][PASSED] - Attribute 'value' of object '' is: '5000'

2018-05-16 19:28:23 - [TEST_STEP][PASSED] - Statement - Rqty = 100: null

2018-05-16 19:28:23 - [TEST_STEP][PASSED] - delay: Delayed 2 second(s)

2018-05-16 19:28:25 - [MESSAGE][PASSED] - Delayed 2 second(s)

2018-05-16 19:28:25 - [TEST_STEP][PASSED] - Statement - out.println("BatchQty : " + batchqty): null

2018-05-16 19:28:25 - [TEST_STEP][PASSED] - Statement - out.println("RQty : " + Rqty): null

2018-05-16 19:28:25 - [TEST_STEP][PASSED] - Statement - If (java.lang.Integer.valueOf(batchqty) >= java.lang.Integer.valueOf(Rqty)): null

2018-05-16 19:28:25 - [TEST_STEP][PASSED] - Statement - Break: null

2018-05-16 19:28:25 - [TEST_STEP][PASSED] - Statement - batchlength = new com.kms.katalon.core.testobject.TestObject(): null

2018-05-16 19:28:25 - [TEST_STEP][PASSED] - Statement - batchlength = com.kms.katalon.core.webui.keyword.WebUiBuiltInKeywords.modifyObjectProperty(batchlength, "xpath", "equals", "//*[@id = "fldvendor" + row + ""]", true): Modify property of object successfully

2018-05-16 19:28:25 - [MESSAGE][PASSED] - Modify property of object successfully

2018-05-16 19:28:25 - [TEST_STEP][PASSED] - Statement - batchsize = com.kms.katalon.core.webui.keyword.WebUiBuiltInKeywords.getNumberOfTotalOption(batchlength): 6 options of object '' counted

2018-05-16 19:28:26 - [MESSAGE][PASSED] - 6 options of object '' counted

2018-05-16 19:28:26 - [TEST_STEP][PASSED] - Statement - out.println("BatchSize : " + batchsize): null

2018-05-16 19:28:26 - [TEST_STEP][PASSED] - Statement - For ([n = 1, n <= batchsize - 1, (n++)]): null

2018-05-16 19:28:26 - [TEST_STEP][PASSED] - Statement - product = new com.kms.katalon.core.testobject.TestObject(): null

2018-05-16 19:28:26 - [TEST_STEP][PASSED] - Statement - product = com.kms.katalon.core.webui.keyword.WebUiBuiltInKeywords.modifyObjectProperty(product, "xpath", "equals", "//*[@id = "fldvendor" + row + ""]", true): Modify property of object successfully

2018-05-16 19:28:26 - [MESSAGE][PASSED] - Modify property of object successfully

2018-05-16 19:28:26 - [TEST_STEP][PASSED] - selectOptionByIndex: All options with index in [1] are selected on object ''

2018-05-16 19:28:26 - [MESSAGE][PASSED] - All options with index in [1] are selected on object ''

2018-05-16 19:28:26 - [TEST_STEP][PASSED] - Statement - batch = new com.kms.katalon.core.testobject.TestObject(): null

2018-05-16 19:28:26 - [TEST_STEP][PASSED] - Statement - batch = com.kms.katalon.core.webui.keyword.WebUiBuiltInKeywords.modifyObjectProperty(batch, "xpath", "equals", "//*[@id = "txtbthqty" + row + ""]", true): Modify property of object successfully

2018-05-16 19:28:26 - [MESSAGE][PASSED] - Modify property of object successfully

2018-05-16 19:28:26 - [TEST_STEP][PASSED] - Statement - batchqty = com.kms.katalon.core.webui.keyword.WebUiBuiltInKeywords.getAttribute(batch, "value").trim(): Attribute 'value' of object '' is: '5000'

2018-05-16 19:28:26 - [MESSAGE][PASSED] - Attribute 'value' of object '' is: '5000'

2018-05-16 19:28:26 - [TEST_STEP][PASSED] - Statement - Rqty = 100: null

2018-05-16 19:28:26 - [TEST_STEP][PASSED] - delay: Delayed 2 second(s)

2018-05-16 19:28:28 - [MESSAGE][PASSED] - Delayed 2 second(s)

2018-05-16 19:28:28 - [TEST_STEP][PASSED] - Statement - out.println("BatchQty : " + batchqty): null

2018-05-16 19:28:28 - [TEST_STEP][PASSED] - Statement - out.println("RQty : " + Rqty): null

2018-05-16 19:28:28 - [TEST_STEP][PASSED] - Statement - If (java.lang.Integer.valueOf(batchqty) >= java.lang.Integer.valueOf(Rqty)): null

2018-05-16 19:28:28 - [TEST_STEP][PASSED] - Statement - Break: null

2018-05-16 19:28:28 - [TEST_STEP][PASSED] - click: Object: 'Object Repository/store Request Schedule 1/Page_KDMC - CMS/input_btndispatch' is clicked on

2018-05-16 19:28:29 - [MESSAGE][PASSED] - Object: 'Object Repository/store Request Schedule 1/Page_KDMC - CMS/input_btndispatch' is clicked on

2018-05-16 19:28:29 - [TEST_STEP][PASSED] - delay: Delayed 3 second(s)

2018-05-16 19:28:32 - [MESSAGE][PASSED] - Delayed 3 second(s)

2018-05-16 19:28:32 - [TEST_STEP][PASSED] - click: Object: 'Object Repository/store Request Schedule 1/Page_KDMC - CMS/button_OK' is clicked on

2018-05-16 19:28:32 - [MESSAGE][PASSED] - Object: 'Object Repository/store Request Schedule 1/Page_KDMC - CMS/button_OK' is clicked on

2018-05-16 19:28:32 - [TEST_STEP][PASSED] - delay: Delayed 3 second(s)

2018-05-16 19:28:35 - [MESSAGE][PASSED] - Delayed 3 second(s)

2018-05-16 19:28:35 - [TEST_STEP][PASSED] - click: Object: 'Object Repository/store Request Schedule 1/Page_KDMC - CMS/a_dropdown-toggle' is clicked on

2018-05-16 19:28:36 - [MESSAGE][PASSED] - Object: 'Object Repository/store Request Schedule 1/Page_KDMC - CMS/a_dropdown-toggle' is clicked on

2018-05-16 19:28:36 - [TEST_STEP][PASSED] - click: Object: 'Object Repository/store Request Schedule 1/Page_KDMC - CMS/a_Sign out' is clicked on

2018-05-16 19:28:36 - [MESSAGE][PASSED] - Object: 'Object Repository/store Request Schedule 1/Page_KDMC - CMS/a_Sign out' is clicked on

2018-05-16 19:28:36 - [TEST_STEP][PASSED] - delay: Delayed 3 second(s)

2018-05-16 19:28:39 - [MESSAGE][PASSED] - Delayed 3 second(s)

2018-05-16 19:28:39 - [TEST_STEP][PASSED] - click: Object: 'Object Repository/Store Request Schedule 1/Page_KDMC/a_Divisional Store' is clicked on

2018-05-16 19:28:40 - [MESSAGE][PASSED] - Object: 'Object Repository/Store Request Schedule 1/Page_KDMC/a_Divisional Store' is clicked on

2018-05-16 19:28:40 - [TEST_STEP][PASSED] - setText: Text 'ragu' is set on object 'Object Repository/Store Request Schedule 1/Page_Divisonal Store Login/input_txtusername'

2018-05-16 19:28:40 - [MESSAGE][PASSED] - Text 'ragu' is set on object 'Object Repository/Store Request Schedule 1/Page_Divisonal Store Login/input_txtusername'

2018-05-16 19:28:40 - [TEST_STEP][PASSED] - setText: Text '123' is set on object 'Object Repository/Store Request Schedule 1/Page_Divisonal Store Login/input_txtpassword'

2018-05-16 19:28:40 - [MESSAGE][PASSED] - Text '123' is set on object 'Object Repository/Store Request Schedule 1/Page_Divisonal Store Login/input_txtpassword'

2018-05-16 19:28:40 - [TEST_STEP][PASSED] - delay: Delayed 3 second(s)

2018-05-16 19:28:43 - [MESSAGE][PASSED] - Delayed 3 second(s)

2018-05-16 19:28:43 - [TEST_STEP][PASSED] - click: Object: 'Object Repository/Store Request Schedule 1/Page_Divisonal Store Login/button_Sign in' is clicked on

2018-05-16 19:28:44 - [MESSAGE][PASSED] - Object: 'Object Repository/Store Request Schedule 1/Page_Divisonal Store Login/button_Sign in' is clicked on

2018-05-16 19:28:44 - [TEST_STEP][PASSED] - delay: Delayed 3 second(s)

2018-05-16 19:28:47 - [MESSAGE][PASSED] - Delayed 3 second(s)

2018-05-16 19:28:47 - [TEST_STEP][PASSED] - click: Object: 'Object Repository/Store Request Schedule 1/Page_Store/a_CMS' is clicked on

2018-05-16 19:28:47 - [MESSAGE][PASSED] - Object: 'Object Repository/Store Request Schedule 1/Page_Store/a_CMS' is clicked on

2018-05-16 19:28:47 - [TEST_STEP][PASSED] - delay: Delayed 2 second(s)

2018-05-16 19:28:49 - [MESSAGE][PASSED] - Delayed 2 second(s)

2018-05-16 19:28:49 - [TEST_STEP][PASSED] - click: Object: 'Object Repository/Store Request Schedule 1/Page_Store/a_Receiving Goods' is clicked on

2018-05-16 19:28:50 - [MESSAGE][PASSED] - Object: 'Object Repository/Store Request Schedule 1/Page_Store/a_Receiving Goods' is clicked on

2018-05-16 19:28:50 - [TEST_STEP][PASSED] - setText: Text 'PRNO/16052018/172' is set on object 'Object Repository/Store Request Schedule 1/Page_Store/input'

2018-05-16 19:28:50 - [MESSAGE][PASSED] - Text 'PRNO/16052018/172' is set on object 'Object Repository/Store Request Schedule 1/Page_Store/input'

2018-05-16 19:28:50 - [TEST_STEP][PASSED] - click: Object: 'Object Repository/Store Request Schedule 1/Page_Store/input_btn btn-primary' is clicked on

2018-05-16 19:28:50 - [MESSAGE][PASSED] - Object: 'Object Repository/Store Request Schedule 1/Page_Store/input_btn btn-primary' is clicked on

2018-05-16 19:28:50 - [TEST_STEP][PASSED] - delay: Delayed 2 second(s)

2018-05-16 19:28:52 - [MESSAGE][PASSED] - Delayed 2 second(s)

2018-05-16 19:28:52 - [TEST_STEP][PASSED] - click: Object: 'Object Repository/Store Request Schedule 1/Page_Store/input_chkrem' is clicked on

2018-05-16 19:28:53 - [MESSAGE][PASSED] - Object: 'Object Repository/Store Request Schedule 1/Page_Store/input_chkrem' is clicked on

2018-05-16 19:28:53 - [TEST_STEP][PASSED] - scrollToElement: Scroll to object 'Object Repository/Store Request Schedule 1/Page_Store/input_btchkroqadd' successfully

2018-05-16 19:28:53 - [MESSAGE][PASSED] - Scroll to object 'Object Repository/Store Request Schedule 1/Page_Store/input_btchkroqadd' successfully

2018-05-16 19:28:53 - [TEST_STEP][PASSED] - click: Object: 'Object Repository/Store Request Schedule 1/Page_Store/input_btchkroqadd' is clicked on

2018-05-16 19:28:53 - [MESSAGE][PASSED] - Object: 'Object Repository/Store Request Schedule 1/Page_Store/input_btchkroqadd' is clicked on

2018-05-16 19:28:53 - [TEST_STEP][PASSED] - delay: Delayed 2 second(s)

2018-05-16 19:28:55 - [MESSAGE][PASSED] - Delayed 2 second(s)

2018-05-16 19:28:55 - [TEST_STEP][PASSED] - refresh: Refresh successfully

2018-05-16 19:28:56 - [MESSAGE][PASSED] - Refresh successfully

2018-05-16 19:28:56 - [TEST_STEP][PASSED] - delay: Delayed 3 second(s)

2018-05-16 19:28:59 - [MESSAGE][PASSED] - Delayed 3 second(s)

2018-05-16 19:28:59 - [TEST_STEP][PASSED] - click: Object: 'Object Repository/Store Request Schedule 1/Page_Store/a_dropdown-toggle' is clicked on

2018-05-16 19:28:59 - [MESSAGE][PASSED] - Object: 'Object Repository/Store Request Schedule 1/Page_Store/a_dropdown-toggle' is clicked on

2018-05-16 19:28:59 - [TEST_STEP][PASSED] - click: Object: 'Object Repository/Store Request Schedule 1/Page_Store/a_Sign out' is clicked on

2018-05-16 19:28:59 - [MESSAGE][PASSED] - Object: 'Object Repository/Store Request Schedule 1/Page_Store/a_Sign out' is clicked on

2018-05-16 19:28:59 - [TEST_STEP][PASSED] - closeBrowser: Browser is closed

2018-05-16 19:29:00 - [MESSAGE][PASSED] - Browser is closed

2018-05-16 19:29:00 - [TEST_STEP][PASSED] - Statement - out.println("Schedule 1 STORE Request Are Working Successfully"): null]]></system-out>
         <system-err><![CDATA[]]></system-err>
      </testcase>
      <testcase name="Test Cases/STORE TO CMS REQUEST TEST CASES/TC_STCMS_012 To Verify Schedule 12 Store To CMS Request Are Working Successfully Or Not" classname="Test Cases/STORE TO CMS REQUEST TEST CASES/TC_STCMS_012 To Verify Schedule 12 Store To CMS Request Are Working Successfully Or Not" status="PASSED">
         <system-out><![CDATA[2018-05-16 19:29:00 - [TEST_CASE][PASSED] - Test Cases/STORE TO CMS REQUEST TEST CASES/TC_STCMS_012 To Verify Schedule 12 Store To CMS Request Are Working Successfully Or Not: Test Cases/STORE TO CMS REQUEST TEST CASES/TC_STCMS_012 To Verify Schedule 12 Store To CMS Request Are Working Successfully Or Not

2018-05-16 19:29:01 - [TEST_STEP][PASSED] - openBrowser: Browser is opened with url: ''

2018-05-16 19:29:03 - [MESSAGE][PASSED] - Browser is opened with url: ''

2018-05-16 19:29:03 - [TEST_STEP][PASSED] - Statement - out.println("Verify Schedule 1 STORE Request Are Working Successfully Or Not"): null

2018-05-16 19:29:03 - [TEST_STEP][PASSED] - navigateToUrl: Navigate to 'http://192.168.137.1/multihospital_new/' successfully

2018-05-16 19:29:06 - [MESSAGE][PASSED] - Navigate to 'http://192.168.137.1/multihospital_new/' successfully

2018-05-16 19:29:06 - [TEST_STEP][PASSED] - maximizeWindow: Current window maximized

2018-05-16 19:29:07 - [MESSAGE][PASSED] - Current window maximized

2018-05-16 19:29:07 - [TEST_STEP][PASSED] - click: Object: 'Object Repository/Store Request Schedule 1/Page_KDMC/a_Divisional Store' is clicked on

2018-05-16 19:29:08 - [MESSAGE][PASSED] - Object: 'Object Repository/Store Request Schedule 1/Page_KDMC/a_Divisional Store' is clicked on

2018-05-16 19:29:08 - [TEST_STEP][PASSED] - setText: Text 'ragu' is set on object 'Object Repository/Store Request Schedule 1/Page_Divisonal Store Login/input_txtusername'

2018-05-16 19:29:08 - [MESSAGE][PASSED] - Text 'ragu' is set on object 'Object Repository/Store Request Schedule 1/Page_Divisonal Store Login/input_txtusername'

2018-05-16 19:29:08 - [TEST_STEP][PASSED] - setText: Text '123' is set on object 'Object Repository/Store Request Schedule 1/Page_Divisonal Store Login/input_txtpassword'

2018-05-16 19:29:08 - [MESSAGE][PASSED] - Text '123' is set on object 'Object Repository/Store Request Schedule 1/Page_Divisonal Store Login/input_txtpassword'

2018-05-16 19:29:08 - [TEST_STEP][PASSED] - delay: Delayed 3 second(s)

2018-05-16 19:29:11 - [MESSAGE][PASSED] - Delayed 3 second(s)

2018-05-16 19:29:11 - [TEST_STEP][PASSED] - click: Object: 'Object Repository/Store Request Schedule 1/Page_Divisonal Store Login/button_Sign in' is clicked on

2018-05-16 19:29:13 - [MESSAGE][PASSED] - Object: 'Object Repository/Store Request Schedule 1/Page_Divisonal Store Login/button_Sign in' is clicked on

2018-05-16 19:29:13 - [TEST_STEP][PASSED] - delay: Delayed 3 second(s)

2018-05-16 19:29:16 - [MESSAGE][PASSED] - Delayed 3 second(s)

2018-05-16 19:29:16 - [TEST_STEP][PASSED] - click: Object: 'Object Repository/Store Request Schedule 1/Page_Store/a_CMS' is clicked on

2018-05-16 19:29:16 - [MESSAGE][PASSED] - Object: 'Object Repository/Store Request Schedule 1/Page_Store/a_CMS' is clicked on

2018-05-16 19:29:16 - [TEST_STEP][PASSED] - delay: Delayed 2 second(s)

2018-05-16 19:29:18 - [MESSAGE][PASSED] - Delayed 2 second(s)

2018-05-16 19:29:18 - [TEST_STEP][PASSED] - click: Object: 'Object Repository/Store Request Schedule 1/Page_Store/a_Request Send' is clicked on

2018-05-16 19:29:18 - [MESSAGE][PASSED] - Object: 'Object Repository/Store Request Schedule 1/Page_Store/a_Request Send' is clicked on

2018-05-16 19:29:18 - [TEST_STEP][PASSED] - selectOptionByIndex: All options with index in [1] are selected on object 'Object Repository/Store Request Schedule 1/Page_Store/select_--Select--'

2018-05-16 19:29:18 - [MESSAGE][PASSED] - All options with index in [1] are selected on object 'Object Repository/Store Request Schedule 1/Page_Store/select_--Select--'

2018-05-16 19:29:18 - [TEST_STEP][PASSED] - selectOptionByIndex: All options with index in [12] are selected on object 'Object Repository/Store Request Schedule 1/Page_Store/select_--Select--Schedule 1Inj'

2018-05-16 19:29:19 - [MESSAGE][PASSED] - All options with index in [12] are selected on object 'Object Repository/Store Request Schedule 1/Page_Store/select_--Select--Schedule 1Inj'

2018-05-16 19:29:19 - [TEST_STEP][PASSED] - Statement - SelectedOptions = com.kms.katalon.core.webui.keyword.WebUiBuiltInKeywords.getNumberOfTotalOption(com.kms.katalon.core.testobject.ObjectRepository.findTestObject(Store Request Schedule 1/Page_Store/select_--Select--Adernaline 0.)): 19 options of object 'Object Repository/Store Request Schedule 1/Page_Store/select_--Select--Adernaline 0.' counted

2018-05-16 19:29:19 - [MESSAGE][PASSED] - 19 options of object 'Object Repository/Store Request Schedule 1/Page_Store/select_--Select--Adernaline 0.' counted

2018-05-16 19:29:19 - [TEST_STEP][PASSED] - Statement - For ([y = 1, y < SelectedOptions, (y++)]): Object: 'Object Repository/Store Request Schedule 1/Page_Store/button_Add' is clicked on

2018-05-16 19:29:19 - [TEST_STEP][PASSED] - selectOptionByIndex: All options with index in [12] are selected on object 'Object Repository/Store Request Schedule 1/Page_Store/select_--Select--Schedule 1Inj'

2018-05-16 19:29:19 - [MESSAGE][PASSED] - All options with index in [12] are selected on object 'Object Repository/Store Request Schedule 1/Page_Store/select_--Select--Schedule 1Inj'

2018-05-16 19:29:19 - [TEST_STEP][PASSED] - delay: Delayed 1 second(s)

2018-05-16 19:29:20 - [MESSAGE][PASSED] - Delayed 1 second(s)

2018-05-16 19:29:20 - [TEST_STEP][PASSED] - selectOptionByIndex: All options with index in [1] are selected on object 'Object Repository/Store Request Schedule 1/Page_Store/select_--Select--Adernaline 0.'

2018-05-16 19:29:20 - [MESSAGE][PASSED] - All options with index in [1] are selected on object 'Object Repository/Store Request Schedule 1/Page_Store/select_--Select--Adernaline 0.'

2018-05-16 19:29:20 - [TEST_STEP][PASSED] - setText: Text '100' is set on object 'Object Repository/Store Request Schedule 1/Page_Store/input_txttreat'

2018-05-16 19:29:20 - [MESSAGE][PASSED] - Text '100' is set on object 'Object Repository/Store Request Schedule 1/Page_Store/input_txttreat'

2018-05-16 19:29:20 - [TEST_STEP][PASSED] - click: Object: 'Object Repository/Store Request Schedule 1/Page_Store/button_Add' is clicked on

2018-05-16 19:29:20 - [MESSAGE][PASSED] - Object: 'Object Repository/Store Request Schedule 1/Page_Store/button_Add' is clicked on

2018-05-16 19:29:20 - [TEST_STEP][PASSED] - selectOptionByIndex: All options with index in [12] are selected on object 'Object Repository/Store Request Schedule 1/Page_Store/select_--Select--Schedule 1Inj'

2018-05-16 19:29:21 - [MESSAGE][PASSED] - All options with index in [12] are selected on object 'Object Repository/Store Request Schedule 1/Page_Store/select_--Select--Schedule 1Inj'

2018-05-16 19:29:21 - [TEST_STEP][PASSED] - delay: Delayed 1 second(s)

2018-05-16 19:29:22 - [MESSAGE][PASSED] - Delayed 1 second(s)

2018-05-16 19:29:22 - [TEST_STEP][PASSED] - selectOptionByIndex: All options with index in [2] are selected on object 'Object Repository/Store Request Schedule 1/Page_Store/select_--Select--Adernaline 0.'

2018-05-16 19:29:22 - [MESSAGE][PASSED] - All options with index in [2] are selected on object 'Object Repository/Store Request Schedule 1/Page_Store/select_--Select--Adernaline 0.'

2018-05-16 19:29:22 - [TEST_STEP][PASSED] - setText: Text '100' is set on object 'Object Repository/Store Request Schedule 1/Page_Store/input_txttreat'

2018-05-16 19:29:22 - [MESSAGE][PASSED] - Text '100' is set on object 'Object Repository/Store Request Schedule 1/Page_Store/input_txttreat'

2018-05-16 19:29:22 - [TEST_STEP][PASSED] - click: Object: 'Object Repository/Store Request Schedule 1/Page_Store/button_Add' is clicked on

2018-05-16 19:29:22 - [MESSAGE][PASSED] - Object: 'Object Repository/Store Request Schedule 1/Page_Store/button_Add' is clicked on

2018-05-16 19:29:22 - [TEST_STEP][PASSED] - selectOptionByIndex: All options with index in [12] are selected on object 'Object Repository/Store Request Schedule 1/Page_Store/select_--Select--Schedule 1Inj'

2018-05-16 19:29:22 - [MESSAGE][PASSED] - All options with index in [12] are selected on object 'Object Repository/Store Request Schedule 1/Page_Store/select_--Select--Schedule 1Inj'

2018-05-16 19:29:22 - [TEST_STEP][PASSED] - delay: Delayed 1 second(s)

2018-05-16 19:29:23 - [MESSAGE][PASSED] - Delayed 1 second(s)

2018-05-16 19:29:23 - [TEST_STEP][PASSED] - selectOptionByIndex: All options with index in [3] are selected on object 'Object Repository/Store Request Schedule 1/Page_Store/select_--Select--Adernaline 0.'

2018-05-16 19:29:23 - [MESSAGE][PASSED] - All options with index in [3] are selected on object 'Object Repository/Store Request Schedule 1/Page_Store/select_--Select--Adernaline 0.'

2018-05-16 19:29:23 - [TEST_STEP][PASSED] - setText: Text '100' is set on object 'Object Repository/Store Request Schedule 1/Page_Store/input_txttreat'

2018-05-16 19:29:23 - [MESSAGE][PASSED] - Text '100' is set on object 'Object Repository/Store Request Schedule 1/Page_Store/input_txttreat'

2018-05-16 19:29:23 - [TEST_STEP][PASSED] - click: Object: 'Object Repository/Store Request Schedule 1/Page_Store/button_Add' is clicked on

2018-05-16 19:29:23 - [MESSAGE][PASSED] - Object: 'Object Repository/Store Request Schedule 1/Page_Store/button_Add' is clicked on

2018-05-16 19:29:23 - [TEST_STEP][PASSED] - selectOptionByIndex: All options with index in [12] are selected on object 'Object Repository/Store Request Schedule 1/Page_Store/select_--Select--Schedule 1Inj'

2018-05-16 19:29:24 - [MESSAGE][PASSED] - All options with index in [12] are selected on object 'Object Repository/Store Request Schedule 1/Page_Store/select_--Select--Schedule 1Inj'

2018-05-16 19:29:24 - [TEST_STEP][PASSED] - delay: Delayed 1 second(s)

2018-05-16 19:29:25 - [MESSAGE][PASSED] - Delayed 1 second(s)

2018-05-16 19:29:25 - [TEST_STEP][PASSED] - selectOptionByIndex: All options with index in [4] are selected on object 'Object Repository/Store Request Schedule 1/Page_Store/select_--Select--Adernaline 0.'

2018-05-16 19:29:25 - [MESSAGE][PASSED] - All options with index in [4] are selected on object 'Object Repository/Store Request Schedule 1/Page_Store/select_--Select--Adernaline 0.'

2018-05-16 19:29:25 - [TEST_STEP][PASSED] - setText: Text '100' is set on object 'Object Repository/Store Request Schedule 1/Page_Store/input_txttreat'

2018-05-16 19:29:25 - [MESSAGE][PASSED] - Text '100' is set on object 'Object Repository/Store Request Schedule 1/Page_Store/input_txttreat'

2018-05-16 19:29:25 - [TEST_STEP][PASSED] - click: Object: 'Object Repository/Store Request Schedule 1/Page_Store/button_Add' is clicked on

2018-05-16 19:29:25 - [MESSAGE][PASSED] - Object: 'Object Repository/Store Request Schedule 1/Page_Store/button_Add' is clicked on

2018-05-16 19:29:25 - [TEST_STEP][PASSED] - selectOptionByIndex: All options with index in [12] are selected on object 'Object Repository/Store Request Schedule 1/Page_Store/select_--Select--Schedule 1Inj'

2018-05-16 19:29:25 - [MESSAGE][PASSED] - All options with index in [12] are selected on object 'Object Repository/Store Request Schedule 1/Page_Store/select_--Select--Schedule 1Inj'

2018-05-16 19:29:25 - [TEST_STEP][PASSED] - delay: Delayed 1 second(s)

2018-05-16 19:29:26 - [MESSAGE][PASSED] - Delayed 1 second(s)

2018-05-16 19:29:26 - [TEST_STEP][PASSED] - selectOptionByIndex: All options with index in [5] are selected on object 'Object Repository/Store Request Schedule 1/Page_Store/select_--Select--Adernaline 0.'

2018-05-16 19:29:26 - [MESSAGE][PASSED] - All options with index in [5] are selected on object 'Object Repository/Store Request Schedule 1/Page_Store/select_--Select--Adernaline 0.'

2018-05-16 19:29:26 - [TEST_STEP][PASSED] - setText: Text '100' is set on object 'Object Repository/Store Request Schedule 1/Page_Store/input_txttreat'

2018-05-16 19:29:26 - [MESSAGE][PASSED] - Text '100' is set on object 'Object Repository/Store Request Schedule 1/Page_Store/input_txttreat'

2018-05-16 19:29:26 - [TEST_STEP][PASSED] - click: Object: 'Object Repository/Store Request Schedule 1/Page_Store/button_Add' is clicked on

2018-05-16 19:29:26 - [MESSAGE][PASSED] - Object: 'Object Repository/Store Request Schedule 1/Page_Store/button_Add' is clicked on

2018-05-16 19:29:26 - [TEST_STEP][PASSED] - selectOptionByIndex: All options with index in [12] are selected on object 'Object Repository/Store Request Schedule 1/Page_Store/select_--Select--Schedule 1Inj'

2018-05-16 19:29:27 - [MESSAGE][PASSED] - All options with index in [12] are selected on object 'Object Repository/Store Request Schedule 1/Page_Store/select_--Select--Schedule 1Inj'

2018-05-16 19:29:27 - [TEST_STEP][PASSED] - delay: Delayed 1 second(s)

2018-05-16 19:29:28 - [MESSAGE][PASSED] - Delayed 1 second(s)

2018-05-16 19:29:28 - [TEST_STEP][PASSED] - selectOptionByIndex: All options with index in [6] are selected on object 'Object Repository/Store Request Schedule 1/Page_Store/select_--Select--Adernaline 0.'

2018-05-16 19:29:28 - [MESSAGE][PASSED] - All options with index in [6] are selected on object 'Object Repository/Store Request Schedule 1/Page_Store/select_--Select--Adernaline 0.'

2018-05-16 19:29:28 - [TEST_STEP][PASSED] - setText: Text '100' is set on object 'Object Repository/Store Request Schedule 1/Page_Store/input_txttreat'

2018-05-16 19:29:28 - [MESSAGE][PASSED] - Text '100' is set on object 'Object Repository/Store Request Schedule 1/Page_Store/input_txttreat'

2018-05-16 19:29:28 - [TEST_STEP][PASSED] - click: Object: 'Object Repository/Store Request Schedule 1/Page_Store/button_Add' is clicked on

2018-05-16 19:29:28 - [MESSAGE][PASSED] - Object: 'Object Repository/Store Request Schedule 1/Page_Store/button_Add' is clicked on

2018-05-16 19:29:28 - [TEST_STEP][PASSED] - selectOptionByIndex: All options with index in [12] are selected on object 'Object Repository/Store Request Schedule 1/Page_Store/select_--Select--Schedule 1Inj'

2018-05-16 19:29:28 - [MESSAGE][PASSED] - All options with index in [12] are selected on object 'Object Repository/Store Request Schedule 1/Page_Store/select_--Select--Schedule 1Inj'

2018-05-16 19:29:28 - [TEST_STEP][PASSED] - delay: Delayed 1 second(s)

2018-05-16 19:29:29 - [MESSAGE][PASSED] - Delayed 1 second(s)

2018-05-16 19:29:29 - [TEST_STEP][PASSED] - selectOptionByIndex: All options with index in [7] are selected on object 'Object Repository/Store Request Schedule 1/Page_Store/select_--Select--Adernaline 0.'

2018-05-16 19:29:29 - [MESSAGE][PASSED] - All options with index in [7] are selected on object 'Object Repository/Store Request Schedule 1/Page_Store/select_--Select--Adernaline 0.'

2018-05-16 19:29:29 - [TEST_STEP][PASSED] - setText: Text '100' is set on object 'Object Repository/Store Request Schedule 1/Page_Store/input_txttreat'

2018-05-16 19:29:29 - [MESSAGE][PASSED] - Text '100' is set on object 'Object Repository/Store Request Schedule 1/Page_Store/input_txttreat'

2018-05-16 19:29:29 - [TEST_STEP][PASSED] - click: Object: 'Object Repository/Store Request Schedule 1/Page_Store/button_Add' is clicked on

2018-05-16 19:29:29 - [MESSAGE][PASSED] - Object: 'Object Repository/Store Request Schedule 1/Page_Store/button_Add' is clicked on

2018-05-16 19:29:29 - [TEST_STEP][PASSED] - selectOptionByIndex: All options with index in [12] are selected on object 'Object Repository/Store Request Schedule 1/Page_Store/select_--Select--Schedule 1Inj'

2018-05-16 19:29:30 - [MESSAGE][PASSED] - All options with index in [12] are selected on object 'Object Repository/Store Request Schedule 1/Page_Store/select_--Select--Schedule 1Inj'

2018-05-16 19:29:30 - [TEST_STEP][PASSED] - delay: Delayed 1 second(s)

2018-05-16 19:29:31 - [MESSAGE][PASSED] - Delayed 1 second(s)

2018-05-16 19:29:31 - [TEST_STEP][PASSED] - selectOptionByIndex: All options with index in [8] are selected on object 'Object Repository/Store Request Schedule 1/Page_Store/select_--Select--Adernaline 0.'

2018-05-16 19:29:31 - [MESSAGE][PASSED] - All options with index in [8] are selected on object 'Object Repository/Store Request Schedule 1/Page_Store/select_--Select--Adernaline 0.'

2018-05-16 19:29:31 - [TEST_STEP][PASSED] - setText: Text '100' is set on object 'Object Repository/Store Request Schedule 1/Page_Store/input_txttreat'

2018-05-16 19:29:31 - [MESSAGE][PASSED] - Text '100' is set on object 'Object Repository/Store Request Schedule 1/Page_Store/input_txttreat'

2018-05-16 19:29:31 - [TEST_STEP][PASSED] - click: Object: 'Object Repository/Store Request Schedule 1/Page_Store/button_Add' is clicked on

2018-05-16 19:29:31 - [MESSAGE][PASSED] - Object: 'Object Repository/Store Request Schedule 1/Page_Store/button_Add' is clicked on

2018-05-16 19:29:31 - [TEST_STEP][PASSED] - selectOptionByIndex: All options with index in [12] are selected on object 'Object Repository/Store Request Schedule 1/Page_Store/select_--Select--Schedule 1Inj'

2018-05-16 19:29:31 - [MESSAGE][PASSED] - All options with index in [12] are selected on object 'Object Repository/Store Request Schedule 1/Page_Store/select_--Select--Schedule 1Inj'

2018-05-16 19:29:31 - [TEST_STEP][PASSED] - delay: Delayed 1 second(s)

2018-05-16 19:29:32 - [MESSAGE][PASSED] - Delayed 1 second(s)

2018-05-16 19:29:32 - [TEST_STEP][PASSED] - selectOptionByIndex: All options with index in [9] are selected on object 'Object Repository/Store Request Schedule 1/Page_Store/select_--Select--Adernaline 0.'

2018-05-16 19:29:32 - [MESSAGE][PASSED] - All options with index in [9] are selected on object 'Object Repository/Store Request Schedule 1/Page_Store/select_--Select--Adernaline 0.'

2018-05-16 19:29:32 - [TEST_STEP][PASSED] - setText: Text '100' is set on object 'Object Repository/Store Request Schedule 1/Page_Store/input_txttreat'

2018-05-16 19:29:33 - [MESSAGE][PASSED] - Text '100' is set on object 'Object Repository/Store Request Schedule 1/Page_Store/input_txttreat'

2018-05-16 19:29:33 - [TEST_STEP][PASSED] - click: Object: 'Object Repository/Store Request Schedule 1/Page_Store/button_Add' is clicked on

2018-05-16 19:29:33 - [MESSAGE][PASSED] - Object: 'Object Repository/Store Request Schedule 1/Page_Store/button_Add' is clicked on

2018-05-16 19:29:33 - [TEST_STEP][PASSED] - selectOptionByIndex: All options with index in [12] are selected on object 'Object Repository/Store Request Schedule 1/Page_Store/select_--Select--Schedule 1Inj'

2018-05-16 19:29:33 - [MESSAGE][PASSED] - All options with index in [12] are selected on object 'Object Repository/Store Request Schedule 1/Page_Store/select_--Select--Schedule 1Inj'

2018-05-16 19:29:33 - [TEST_STEP][PASSED] - delay: Delayed 1 second(s)

2018-05-16 19:29:34 - [MESSAGE][PASSED] - Delayed 1 second(s)

2018-05-16 19:29:34 - [TEST_STEP][PASSED] - selectOptionByIndex: All options with index in [10] are selected on object 'Object Repository/Store Request Schedule 1/Page_Store/select_--Select--Adernaline 0.'

2018-05-16 19:29:34 - [MESSAGE][PASSED] - All options with index in [10] are selected on object 'Object Repository/Store Request Schedule 1/Page_Store/select_--Select--Adernaline 0.'

2018-05-16 19:29:34 - [TEST_STEP][PASSED] - setText: Text '100' is set on object 'Object Repository/Store Request Schedule 1/Page_Store/input_txttreat'

2018-05-16 19:29:34 - [MESSAGE][PASSED] - Text '100' is set on object 'Object Repository/Store Request Schedule 1/Page_Store/input_txttreat'

2018-05-16 19:29:34 - [TEST_STEP][PASSED] - click: Object: 'Object Repository/Store Request Schedule 1/Page_Store/button_Add' is clicked on

2018-05-16 19:29:34 - [MESSAGE][PASSED] - Object: 'Object Repository/Store Request Schedule 1/Page_Store/button_Add' is clicked on

2018-05-16 19:29:34 - [TEST_STEP][PASSED] - selectOptionByIndex: All options with index in [12] are selected on object 'Object Repository/Store Request Schedule 1/Page_Store/select_--Select--Schedule 1Inj'

2018-05-16 19:29:34 - [MESSAGE][PASSED] - All options with index in [12] are selected on object 'Object Repository/Store Request Schedule 1/Page_Store/select_--Select--Schedule 1Inj'

2018-05-16 19:29:34 - [TEST_STEP][PASSED] - delay: Delayed 1 second(s)

2018-05-16 19:29:35 - [MESSAGE][PASSED] - Delayed 1 second(s)

2018-05-16 19:29:35 - [TEST_STEP][PASSED] - selectOptionByIndex: All options with index in [11] are selected on object 'Object Repository/Store Request Schedule 1/Page_Store/select_--Select--Adernaline 0.'

2018-05-16 19:29:36 - [MESSAGE][PASSED] - All options with index in [11] are selected on object 'Object Repository/Store Request Schedule 1/Page_Store/select_--Select--Adernaline 0.'

2018-05-16 19:29:36 - [TEST_STEP][PASSED] - setText: Text '100' is set on object 'Object Repository/Store Request Schedule 1/Page_Store/input_txttreat'

2018-05-16 19:29:36 - [MESSAGE][PASSED] - Text '100' is set on object 'Object Repository/Store Request Schedule 1/Page_Store/input_txttreat'

2018-05-16 19:29:36 - [TEST_STEP][PASSED] - click: Object: 'Object Repository/Store Request Schedule 1/Page_Store/button_Add' is clicked on

2018-05-16 19:29:36 - [MESSAGE][PASSED] - Object: 'Object Repository/Store Request Schedule 1/Page_Store/button_Add' is clicked on

2018-05-16 19:29:36 - [TEST_STEP][PASSED] - selectOptionByIndex: All options with index in [12] are selected on object 'Object Repository/Store Request Schedule 1/Page_Store/select_--Select--Schedule 1Inj'

2018-05-16 19:29:36 - [MESSAGE][PASSED] - All options with index in [12] are selected on object 'Object Repository/Store Request Schedule 1/Page_Store/select_--Select--Schedule 1Inj'

2018-05-16 19:29:36 - [TEST_STEP][PASSED] - delay: Delayed 1 second(s)

2018-05-16 19:29:37 - [MESSAGE][PASSED] - Delayed 1 second(s)

2018-05-16 19:29:37 - [TEST_STEP][PASSED] - selectOptionByIndex: All options with index in [12] are selected on object 'Object Repository/Store Request Schedule 1/Page_Store/select_--Select--Adernaline 0.'

2018-05-16 19:29:37 - [MESSAGE][PASSED] - All options with index in [12] are selected on object 'Object Repository/Store Request Schedule 1/Page_Store/select_--Select--Adernaline 0.'

2018-05-16 19:29:37 - [TEST_STEP][PASSED] - setText: Text '100' is set on object 'Object Repository/Store Request Schedule 1/Page_Store/input_txttreat'

2018-05-16 19:29:37 - [MESSAGE][PASSED] - Text '100' is set on object 'Object Repository/Store Request Schedule 1/Page_Store/input_txttreat'

2018-05-16 19:29:37 - [TEST_STEP][PASSED] - click: Object: 'Object Repository/Store Request Schedule 1/Page_Store/button_Add' is clicked on

2018-05-16 19:29:37 - [MESSAGE][PASSED] - Object: 'Object Repository/Store Request Schedule 1/Page_Store/button_Add' is clicked on

2018-05-16 19:29:37 - [TEST_STEP][PASSED] - selectOptionByIndex: All options with index in [12] are selected on object 'Object Repository/Store Request Schedule 1/Page_Store/select_--Select--Schedule 1Inj'

2018-05-16 19:29:37 - [MESSAGE][PASSED] - All options with index in [12] are selected on object 'Object Repository/Store Request Schedule 1/Page_Store/select_--Select--Schedule 1Inj'

2018-05-16 19:29:37 - [TEST_STEP][PASSED] - delay: Delayed 1 second(s)

2018-05-16 19:29:38 - [MESSAGE][PASSED] - Delayed 1 second(s)

2018-05-16 19:29:38 - [TEST_STEP][PASSED] - selectOptionByIndex: All options with index in [13] are selected on object 'Object Repository/Store Request Schedule 1/Page_Store/select_--Select--Adernaline 0.'

2018-05-16 19:29:39 - [MESSAGE][PASSED] - All options with index in [13] are selected on object 'Object Repository/Store Request Schedule 1/Page_Store/select_--Select--Adernaline 0.'

2018-05-16 19:29:39 - [TEST_STEP][PASSED] - setText: Text '100' is set on object 'Object Repository/Store Request Schedule 1/Page_Store/input_txttreat'

2018-05-16 19:29:39 - [MESSAGE][PASSED] - Text '100' is set on object 'Object Repository/Store Request Schedule 1/Page_Store/input_txttreat'

2018-05-16 19:29:39 - [TEST_STEP][PASSED] - click: Object: 'Object Repository/Store Request Schedule 1/Page_Store/button_Add' is clicked on

2018-05-16 19:29:39 - [MESSAGE][PASSED] - Object: 'Object Repository/Store Request Schedule 1/Page_Store/button_Add' is clicked on

2018-05-16 19:29:39 - [TEST_STEP][PASSED] - selectOptionByIndex: All options with index in [12] are selected on object 'Object Repository/Store Request Schedule 1/Page_Store/select_--Select--Schedule 1Inj'

2018-05-16 19:29:39 - [MESSAGE][PASSED] - All options with index in [12] are selected on object 'Object Repository/Store Request Schedule 1/Page_Store/select_--Select--Schedule 1Inj'

2018-05-16 19:29:39 - [TEST_STEP][PASSED] - delay: Delayed 1 second(s)

2018-05-16 19:29:40 - [MESSAGE][PASSED] - Delayed 1 second(s)

2018-05-16 19:29:40 - [TEST_STEP][PASSED] - selectOptionByIndex: All options with index in [14] are selected on object 'Object Repository/Store Request Schedule 1/Page_Store/select_--Select--Adernaline 0.'

2018-05-16 19:29:40 - [MESSAGE][PASSED] - All options with index in [14] are selected on object 'Object Repository/Store Request Schedule 1/Page_Store/select_--Select--Adernaline 0.'

2018-05-16 19:29:40 - [TEST_STEP][PASSED] - setText: Text '100' is set on object 'Object Repository/Store Request Schedule 1/Page_Store/input_txttreat'

2018-05-16 19:29:40 - [MESSAGE][PASSED] - Text '100' is set on object 'Object Repository/Store Request Schedule 1/Page_Store/input_txttreat'

2018-05-16 19:29:40 - [TEST_STEP][PASSED] - click: Object: 'Object Repository/Store Request Schedule 1/Page_Store/button_Add' is clicked on

2018-05-16 19:29:40 - [MESSAGE][PASSED] - Object: 'Object Repository/Store Request Schedule 1/Page_Store/button_Add' is clicked on

2018-05-16 19:29:40 - [TEST_STEP][PASSED] - selectOptionByIndex: All options with index in [12] are selected on object 'Object Repository/Store Request Schedule 1/Page_Store/select_--Select--Schedule 1Inj'

2018-05-16 19:29:41 - [MESSAGE][PASSED] - All options with index in [12] are selected on object 'Object Repository/Store Request Schedule 1/Page_Store/select_--Select--Schedule 1Inj'

2018-05-16 19:29:41 - [TEST_STEP][PASSED] - delay: Delayed 1 second(s)

2018-05-16 19:29:42 - [MESSAGE][PASSED] - Delayed 1 second(s)

2018-05-16 19:29:42 - [TEST_STEP][PASSED] - selectOptionByIndex: All options with index in [15] are selected on object 'Object Repository/Store Request Schedule 1/Page_Store/select_--Select--Adernaline 0.'

2018-05-16 19:29:42 - [MESSAGE][PASSED] - All options with index in [15] are selected on object 'Object Repository/Store Request Schedule 1/Page_Store/select_--Select--Adernaline 0.'

2018-05-16 19:29:42 - [TEST_STEP][PASSED] - setText: Text '100' is set on object 'Object Repository/Store Request Schedule 1/Page_Store/input_txttreat'

2018-05-16 19:29:42 - [MESSAGE][PASSED] - Text '100' is set on object 'Object Repository/Store Request Schedule 1/Page_Store/input_txttreat'

2018-05-16 19:29:42 - [TEST_STEP][PASSED] - click: Object: 'Object Repository/Store Request Schedule 1/Page_Store/button_Add' is clicked on

2018-05-16 19:29:42 - [MESSAGE][PASSED] - Object: 'Object Repository/Store Request Schedule 1/Page_Store/button_Add' is clicked on

2018-05-16 19:29:42 - [TEST_STEP][PASSED] - selectOptionByIndex: All options with index in [12] are selected on object 'Object Repository/Store Request Schedule 1/Page_Store/select_--Select--Schedule 1Inj'

2018-05-16 19:29:42 - [MESSAGE][PASSED] - All options with index in [12] are selected on object 'Object Repository/Store Request Schedule 1/Page_Store/select_--Select--Schedule 1Inj'

2018-05-16 19:29:42 - [TEST_STEP][PASSED] - delay: Delayed 1 second(s)

2018-05-16 19:29:43 - [MESSAGE][PASSED] - Delayed 1 second(s)

2018-05-16 19:29:43 - [TEST_STEP][PASSED] - selectOptionByIndex: All options with index in [16] are selected on object 'Object Repository/Store Request Schedule 1/Page_Store/select_--Select--Adernaline 0.'

2018-05-16 19:29:44 - [MESSAGE][PASSED] - All options with index in [16] are selected on object 'Object Repository/Store Request Schedule 1/Page_Store/select_--Select--Adernaline 0.'

2018-05-16 19:29:44 - [TEST_STEP][PASSED] - setText: Text '100' is set on object 'Object Repository/Store Request Schedule 1/Page_Store/input_txttreat'

2018-05-16 19:29:44 - [MESSAGE][PASSED] - Text '100' is set on object 'Object Repository/Store Request Schedule 1/Page_Store/input_txttreat'

2018-05-16 19:29:44 - [TEST_STEP][PASSED] - click: Object: 'Object Repository/Store Request Schedule 1/Page_Store/button_Add' is clicked on

2018-05-16 19:29:48 - [MESSAGE][PASSED] - Object: 'Object Repository/Store Request Schedule 1/Page_Store/button_Add' is clicked on

2018-05-16 19:29:48 - [TEST_STEP][PASSED] - selectOptionByIndex: All options with index in [12] are selected on object 'Object Repository/Store Request Schedule 1/Page_Store/select_--Select--Schedule 1Inj'

2018-05-16 19:29:48 - [MESSAGE][PASSED] - All options with index in [12] are selected on object 'Object Repository/Store Request Schedule 1/Page_Store/select_--Select--Schedule 1Inj'

2018-05-16 19:29:48 - [TEST_STEP][PASSED] - delay: Delayed 1 second(s)

2018-05-16 19:29:49 - [MESSAGE][PASSED] - Delayed 1 second(s)

2018-05-16 19:29:49 - [TEST_STEP][PASSED] - selectOptionByIndex: All options with index in [17] are selected on object 'Object Repository/Store Request Schedule 1/Page_Store/select_--Select--Adernaline 0.'

2018-05-16 19:29:50 - [MESSAGE][PASSED] - All options with index in [17] are selected on object 'Object Repository/Store Request Schedule 1/Page_Store/select_--Select--Adernaline 0.'

2018-05-16 19:29:50 - [TEST_STEP][PASSED] - setText: Text '100' is set on object 'Object Repository/Store Request Schedule 1/Page_Store/input_txttreat'

2018-05-16 19:29:50 - [MESSAGE][PASSED] - Text '100' is set on object 'Object Repository/Store Request Schedule 1/Page_Store/input_txttreat'

2018-05-16 19:29:50 - [TEST_STEP][PASSED] - click: Object: 'Object Repository/Store Request Schedule 1/Page_Store/button_Add' is clicked on

2018-05-16 19:29:50 - [MESSAGE][PASSED] - Object: 'Object Repository/Store Request Schedule 1/Page_Store/button_Add' is clicked on

2018-05-16 19:29:50 - [TEST_STEP][PASSED] - selectOptionByIndex: All options with index in [12] are selected on object 'Object Repository/Store Request Schedule 1/Page_Store/select_--Select--Schedule 1Inj'

2018-05-16 19:29:50 - [MESSAGE][PASSED] - All options with index in [12] are selected on object 'Object Repository/Store Request Schedule 1/Page_Store/select_--Select--Schedule 1Inj'

2018-05-16 19:29:50 - [TEST_STEP][PASSED] - delay: Delayed 1 second(s)

2018-05-16 19:29:51 - [MESSAGE][PASSED] - Delayed 1 second(s)

2018-05-16 19:29:51 - [TEST_STEP][PASSED] - selectOptionByIndex: All options with index in [18] are selected on object 'Object Repository/Store Request Schedule 1/Page_Store/select_--Select--Adernaline 0.'

2018-05-16 19:29:51 - [MESSAGE][PASSED] - All options with index in [18] are selected on object 'Object Repository/Store Request Schedule 1/Page_Store/select_--Select--Adernaline 0.'

2018-05-16 19:29:51 - [TEST_STEP][PASSED] - setText: Text '100' is set on object 'Object Repository/Store Request Schedule 1/Page_Store/input_txttreat'

2018-05-16 19:29:51 - [MESSAGE][PASSED] - Text '100' is set on object 'Object Repository/Store Request Schedule 1/Page_Store/input_txttreat'

2018-05-16 19:29:51 - [TEST_STEP][PASSED] - click: Object: 'Object Repository/Store Request Schedule 1/Page_Store/button_Add' is clicked on

2018-05-16 19:29:51 - [MESSAGE][PASSED] - Object: 'Object Repository/Store Request Schedule 1/Page_Store/button_Add' is clicked on

2018-05-16 19:29:51 - [TEST_STEP][PASSED] - delay: Delayed 2 second(s)

2018-05-16 19:29:53 - [MESSAGE][PASSED] - Delayed 2 second(s)

2018-05-16 19:29:53 - [TEST_STEP][PASSED] - scrollToElement: Scroll to object 'Object Repository/Store Request Schedule 1/Page_Store/input_btnsave' successfully

2018-05-16 19:29:54 - [MESSAGE][PASSED] - Scroll to object 'Object Repository/Store Request Schedule 1/Page_Store/input_btnsave' successfully

2018-05-16 19:29:54 - [TEST_STEP][PASSED] - click: Object: 'Object Repository/Store Request Schedule 1/Page_Store/input_btnsave' is clicked on

2018-05-16 19:29:54 - [MESSAGE][PASSED] - Object: 'Object Repository/Store Request Schedule 1/Page_Store/input_btnsave' is clicked on

2018-05-16 19:29:54 - [TEST_STEP][PASSED] - delay: Delayed 4 second(s)

2018-05-16 19:29:58 - [MESSAGE][PASSED] - Delayed 4 second(s)

2018-05-16 19:29:58 - [TEST_STEP][PASSED] - Statement - Cms_RequestNumber = com.kms.katalon.core.webui.keyword.WebUiBuiltInKeywords.getText(com.kms.katalon.core.testobject.ObjectRepository.findTestObject(Store Request Schedule 1/Page_Store/font_PRNO050520189)): Text of object 'Object Repository/Store Request Schedule 1/Page_Store/font_PRNO050520189' is: 'PRNO/16052018/173'

2018-05-16 19:29:58 - [MESSAGE][PASSED] - Text of object 'Object Repository/Store Request Schedule 1/Page_Store/font_PRNO050520189' is: 'PRNO/16052018/173'

2018-05-16 19:29:58 - [TEST_STEP][PASSED] - Statement - CR = Cms_RequestNumber.trim(): null

2018-05-16 19:29:58 - [TEST_STEP][PASSED] - Statement - out.println("RQ :" + Cms_RequestNumber): null

2018-05-16 19:29:58 - [TEST_STEP][PASSED] - Statement - RequestNumberID = Cms_RequestNumber.split("/")[2].trim(): null

2018-05-16 19:29:58 - [TEST_STEP][PASSED] - Statement - out.println("RQ ID :" + RequestNumberID): null

2018-05-16 19:29:58 - [TEST_STEP][PASSED] - delay: Delayed 3 second(s)

2018-05-16 19:30:01 - [MESSAGE][PASSED] - Delayed 3 second(s)

2018-05-16 19:30:01 - [TEST_STEP][PASSED] - Statement - ok = com.kms.katalon.core.webui.keyword.WebUiBuiltInKeywords.click(com.kms.katalon.core.testobject.ObjectRepository.findTestObject(Store Request Schedule 1/Page_Store/button_OK)): Object: 'Object Repository/Store Request Schedule 1/Page_Store/button_OK' is clicked on

2018-05-16 19:30:01 - [MESSAGE][PASSED] - Object: 'Object Repository/Store Request Schedule 1/Page_Store/button_OK' is clicked on

2018-05-16 19:30:01 - [TEST_STEP][PASSED] - delay: Delayed 3 second(s)

2018-05-16 19:30:04 - [MESSAGE][PASSED] - Delayed 3 second(s)

2018-05-16 19:30:04 - [TEST_STEP][PASSED] - click: Object: 'Object Repository/Store Request Schedule 1/Page_Store/a_dropdown-toggle' is clicked on

2018-05-16 19:30:04 - [MESSAGE][PASSED] - Object: 'Object Repository/Store Request Schedule 1/Page_Store/a_dropdown-toggle' is clicked on

2018-05-16 19:30:04 - [TEST_STEP][PASSED] - click: Object: 'Object Repository/Store Request Schedule 1/Page_Store/a_Sign out' is clicked on

2018-05-16 19:30:05 - [MESSAGE][PASSED] - Object: 'Object Repository/Store Request Schedule 1/Page_Store/a_Sign out' is clicked on

2018-05-16 19:30:05 - [TEST_STEP][PASSED] - delay: Delayed 3 second(s)

2018-05-16 19:30:08 - [MESSAGE][PASSED] - Delayed 3 second(s)

2018-05-16 19:30:08 - [TEST_STEP][PASSED] - click: Object: 'Object Repository/Store Request Schedule 1/Page_KDMC/a_CMO' is clicked on

2018-05-16 19:30:09 - [MESSAGE][PASSED] - Object: 'Object Repository/Store Request Schedule 1/Page_KDMC/a_CMO' is clicked on

2018-05-16 19:30:09 - [TEST_STEP][PASSED] - setText: Text 'guru' is set on object 'Object Repository/Store Request Schedule 1/Page_CMO login/input_txtusername'

2018-05-16 19:30:09 - [MESSAGE][PASSED] - Text 'guru' is set on object 'Object Repository/Store Request Schedule 1/Page_CMO login/input_txtusername'

2018-05-16 19:30:09 - [TEST_STEP][PASSED] - setText: Text '123' is set on object 'Object Repository/Store Request Schedule 1/Page_CMO login/input_txtpassword'

2018-05-16 19:30:09 - [MESSAGE][PASSED] - Text '123' is set on object 'Object Repository/Store Request Schedule 1/Page_CMO login/input_txtpassword'

2018-05-16 19:30:09 - [TEST_STEP][PASSED] - delay: Delayed 3 second(s)

2018-05-16 19:30:12 - [MESSAGE][PASSED] - Delayed 3 second(s)

2018-05-16 19:30:12 - [TEST_STEP][PASSED] - click: Object: 'Object Repository/Store Request Schedule 1/Page_CMO login/button_Sign in' is clicked on

2018-05-16 19:30:13 - [MESSAGE][PASSED] - Object: 'Object Repository/Store Request Schedule 1/Page_CMO login/button_Sign in' is clicked on

2018-05-16 19:30:13 - [TEST_STEP][PASSED] - delay: Delayed 2 second(s)

2018-05-16 19:30:15 - [MESSAGE][PASSED] - Delayed 2 second(s)

2018-05-16 19:30:15 - [TEST_STEP][PASSED] - click: Object: 'Object Repository/Store Request Schedule 1/Page_KDMC - CMO/span_Department Wise Request' is clicked on

2018-05-16 19:30:15 - [MESSAGE][PASSED] - Object: 'Object Repository/Store Request Schedule 1/Page_KDMC - CMO/span_Department Wise Request' is clicked on

2018-05-16 19:30:15 - [TEST_STEP][PASSED] - click: Object: 'Object Repository/Store Request Schedule 1/Page_KDMC - CMO/a_CMS Request' is clicked on

2018-05-16 19:30:15 - [MESSAGE][PASSED] - Object: 'Object Repository/Store Request Schedule 1/Page_KDMC - CMO/a_CMS Request' is clicked on

2018-05-16 19:30:15 - [TEST_STEP][PASSED] - click: Object: 'Object Repository/Store Request Schedule 1/Page_KDMC - CMO/a_CMS Request' is clicked on

2018-05-16 19:30:15 - [MESSAGE][PASSED] - Object: 'Object Repository/Store Request Schedule 1/Page_KDMC - CMO/a_CMS Request' is clicked on

2018-05-16 19:30:15 - [TEST_STEP][PASSED] - click: Object: 'Object Repository/Store Request Schedule 1/Page_KDMC - CMO/span_Divisional Store Request' is clicked on

2018-05-16 19:30:17 - [MESSAGE][PASSED] - Object: 'Object Repository/Store Request Schedule 1/Page_KDMC - CMO/span_Divisional Store Request' is clicked on

2018-05-16 19:30:17 - [TEST_STEP][PASSED] - delay: Delayed 2 second(s)

2018-05-16 19:30:19 - [MESSAGE][PASSED] - Delayed 2 second(s)

2018-05-16 19:30:19 - [TEST_STEP][PASSED] - Statement - approval = com.kms.katalon.core.webui.keyword.WebUiBuiltInKeywords.modifyObjectProperty(com.kms.katalon.core.testobject.ObjectRepository.findTestObject(Store Request Schedule 1/Page_KDMC - CMO/input_PRNO050520189), "xpath", "equals", "//*[@id=" + RequestNumberID + "]", true): Modify property of object successfully

2018-05-16 19:30:19 - [MESSAGE][PASSED] - Modify property of object successfully

2018-05-16 19:30:19 - [TEST_STEP][PASSED] - click: Object: 'Object Repository/Store Request Schedule 1/Page_KDMC - CMO/input_PRNO050520189' is clicked on

2018-05-16 19:30:19 - [MESSAGE][PASSED] - Object: 'Object Repository/Store Request Schedule 1/Page_KDMC - CMO/input_PRNO050520189' is clicked on

2018-05-16 19:30:19 - [TEST_STEP][PASSED] - delay: Delayed 2 second(s)

2018-05-16 19:30:21 - [MESSAGE][PASSED] - Delayed 2 second(s)

2018-05-16 19:30:21 - [TEST_STEP][PASSED] - selectOptionByIndex: All options with index in [1] are selected on object 'Object Repository/Store Request Schedule 1/Page_KDMC - CMO/select_--Select--'

2018-05-16 19:30:21 - [MESSAGE][PASSED] - All options with index in [1] are selected on object 'Object Repository/Store Request Schedule 1/Page_KDMC - CMO/select_--Select--'

2018-05-16 19:30:21 - [TEST_STEP][PASSED] - click: Object: 'Object Repository/Store Request Schedule 1/Page_KDMC - CMO/input_btnupdate' is clicked on

2018-05-16 19:30:21 - [MESSAGE][PASSED] - Object: 'Object Repository/Store Request Schedule 1/Page_KDMC - CMO/input_btnupdate' is clicked on

2018-05-16 19:30:21 - [TEST_STEP][PASSED] - delay: Delayed 2 second(s)

2018-05-16 19:30:23 - [MESSAGE][PASSED] - Delayed 2 second(s)

2018-05-16 19:30:23 - [TEST_STEP][PASSED] - click: Object: 'Object Repository/Store Request Schedule 1/Page_KDMC - CMO/button_OK' is clicked on

2018-05-16 19:30:23 - [MESSAGE][PASSED] - Object: 'Object Repository/Store Request Schedule 1/Page_KDMC - CMO/button_OK' is clicked on

2018-05-16 19:30:23 - [TEST_STEP][PASSED] - delay: Delayed 2 second(s)

2018-05-16 19:30:25 - [MESSAGE][PASSED] - Delayed 2 second(s)

2018-05-16 19:30:25 - [TEST_STEP][PASSED] - click: Object: 'Object Repository/Store Request Schedule 1/Page_KDMC - CMO/a_dropdown-toggle' is clicked on

2018-05-16 19:30:25 - [MESSAGE][PASSED] - Object: 'Object Repository/Store Request Schedule 1/Page_KDMC - CMO/a_dropdown-toggle' is clicked on

2018-05-16 19:30:25 - [TEST_STEP][PASSED] - click: Object: 'Object Repository/Store Request Schedule 1/Page_KDMC - CMO/a_Sign out' is clicked on

2018-05-16 19:30:26 - [MESSAGE][PASSED] - Object: 'Object Repository/Store Request Schedule 1/Page_KDMC - CMO/a_Sign out' is clicked on

2018-05-16 19:30:26 - [TEST_STEP][PASSED] - delay: Delayed 3 second(s)

2018-05-16 19:30:29 - [MESSAGE][PASSED] - Delayed 3 second(s)

2018-05-16 19:30:29 - [TEST_STEP][PASSED] - click: Object: 'Object Repository/store Request Schedule 1/Page_KDMC/a_CMS' is clicked on

2018-05-16 19:30:29 - [MESSAGE][PASSED] - Object: 'Object Repository/store Request Schedule 1/Page_KDMC/a_CMS' is clicked on

2018-05-16 19:30:29 - [TEST_STEP][PASSED] - setText: Text 'bala' is set on object 'Object Repository/store Request Schedule 1/Page_CMS login/input_txtusername'

2018-05-16 19:30:29 - [MESSAGE][PASSED] - Text 'bala' is set on object 'Object Repository/store Request Schedule 1/Page_CMS login/input_txtusername'

2018-05-16 19:30:29 - [TEST_STEP][PASSED] - setText: Text '123' is set on object 'Object Repository/store Request Schedule 1/Page_CMS login/input_txtpassword'

2018-05-16 19:30:29 - [MESSAGE][PASSED] - Text '123' is set on object 'Object Repository/store Request Schedule 1/Page_CMS login/input_txtpassword'

2018-05-16 19:30:29 - [TEST_STEP][PASSED] - delay: Delayed 3 second(s)

2018-05-16 19:30:32 - [MESSAGE][PASSED] - Delayed 3 second(s)

2018-05-16 19:30:32 - [TEST_STEP][PASSED] - click: Object: 'Object Repository/store Request Schedule 1/Page_CMS login/button_Sign in' is clicked on

2018-05-16 19:30:33 - [MESSAGE][PASSED] - Object: 'Object Repository/store Request Schedule 1/Page_CMS login/button_Sign in' is clicked on

2018-05-16 19:30:33 - [TEST_STEP][PASSED] - delay: Delayed 2 second(s)

2018-05-16 19:30:35 - [MESSAGE][PASSED] - Delayed 2 second(s)

2018-05-16 19:30:35 - [TEST_STEP][PASSED] - click: Object: 'Object Repository/store Request Schedule 1/Page_KDMC - CMS/a_Divisional Store' is clicked on

2018-05-16 19:30:35 - [MESSAGE][PASSED] - Object: 'Object Repository/store Request Schedule 1/Page_KDMC - CMS/a_Divisional Store' is clicked on

2018-05-16 19:30:35 - [TEST_STEP][PASSED] - delay: Delayed 2 second(s)

2018-05-16 19:30:37 - [MESSAGE][PASSED] - Delayed 2 second(s)

2018-05-16 19:30:37 - [TEST_STEP][PASSED] - click: Object: 'Object Repository/store Request Schedule 1/Page_KDMC - CMS/a_Dispatch Items' is clicked on

2018-05-16 19:30:37 - [MESSAGE][PASSED] - Object: 'Object Repository/store Request Schedule 1/Page_KDMC - CMS/a_Dispatch Items' is clicked on

2018-05-16 19:30:37 - [TEST_STEP][PASSED] - setText: Text 'PRNO/16052018/173' is set on object 'Object Repository/store Request Schedule 1/Page_KDMC - CMS/input'

2018-05-16 19:30:38 - [MESSAGE][PASSED] - Text 'PRNO/16052018/173' is set on object 'Object Repository/store Request Schedule 1/Page_KDMC - CMS/input'

2018-05-16 19:30:38 - [TEST_STEP][PASSED] - click: Object: 'Object Repository/store Request Schedule 1/Page_KDMC - CMS/td_text-center' is clicked on

2018-05-16 19:30:38 - [MESSAGE][PASSED] - Object: 'Object Repository/store Request Schedule 1/Page_KDMC - CMS/td_text-center' is clicked on

2018-05-16 19:30:38 - [TEST_STEP][PASSED] - delay: Delayed 2 second(s)

2018-05-16 19:30:40 - [MESSAGE][PASSED] - Delayed 2 second(s)

2018-05-16 19:30:40 - [TEST_STEP][PASSED] - Statement - For ([row = 0, row < SelectedOptions - 1, (row++)]): null

2018-05-16 19:30:40 - [TEST_STEP][PASSED] - Statement - batchlength = new com.kms.katalon.core.testobject.TestObject(): null

2018-05-16 19:30:40 - [TEST_STEP][PASSED] - Statement - batchlength = com.kms.katalon.core.webui.keyword.WebUiBuiltInKeywords.modifyObjectProperty(batchlength, "xpath", "equals", "//*[@id = "fldvendor" + row + ""]", true): Modify property of object successfully

2018-05-16 19:30:40 - [MESSAGE][PASSED] - Modify property of object successfully

2018-05-16 19:30:40 - [TEST_STEP][PASSED] - Statement - batchsize = com.kms.katalon.core.webui.keyword.WebUiBuiltInKeywords.getNumberOfTotalOption(batchlength): 8 options of object '' counted

2018-05-16 19:30:40 - [MESSAGE][PASSED] - 8 options of object '' counted

2018-05-16 19:30:40 - [TEST_STEP][PASSED] - Statement - out.println("BatchSize : " + batchsize): null

2018-05-16 19:30:40 - [TEST_STEP][PASSED] - Statement - For ([n = 1, n <= batchsize - 1, (n++)]): null

2018-05-16 19:30:40 - [TEST_STEP][PASSED] - Statement - product = new com.kms.katalon.core.testobject.TestObject(): null

2018-05-16 19:30:40 - [TEST_STEP][PASSED] - Statement - product = com.kms.katalon.core.webui.keyword.WebUiBuiltInKeywords.modifyObjectProperty(product, "xpath", "equals", "//*[@id = "fldvendor" + row + ""]", true): Modify property of object successfully

2018-05-16 19:30:40 - [MESSAGE][PASSED] - Modify property of object successfully

2018-05-16 19:30:40 - [TEST_STEP][PASSED] - selectOptionByIndex: All options with index in [1] are selected on object ''

2018-05-16 19:30:40 - [MESSAGE][PASSED] - All options with index in [1] are selected on object ''

2018-05-16 19:30:40 - [TEST_STEP][PASSED] - Statement - batch = new com.kms.katalon.core.testobject.TestObject(): null

2018-05-16 19:30:40 - [TEST_STEP][PASSED] - Statement - batch = com.kms.katalon.core.webui.keyword.WebUiBuiltInKeywords.modifyObjectProperty(batch, "xpath", "equals", "//*[@id = "txtbthqty" + row + ""]", true): Modify property of object successfully

2018-05-16 19:30:40 - [MESSAGE][PASSED] - Modify property of object successfully

2018-05-16 19:30:40 - [TEST_STEP][PASSED] - Statement - batchqty = com.kms.katalon.core.webui.keyword.WebUiBuiltInKeywords.getAttribute(batch, "value").trim(): Attribute 'value' of object '' is: '40000'

2018-05-16 19:30:40 - [MESSAGE][PASSED] - Attribute 'value' of object '' is: '40000'

2018-05-16 19:30:40 - [TEST_STEP][PASSED] - Statement - Rqty = 100: null

2018-05-16 19:30:40 - [TEST_STEP][PASSED] - delay: Delayed 2 second(s)

2018-05-16 19:30:42 - [MESSAGE][PASSED] - Delayed 2 second(s)

2018-05-16 19:30:42 - [TEST_STEP][PASSED] - Statement - out.println("BatchQty : " + batchqty): null

2018-05-16 19:30:42 - [TEST_STEP][PASSED] - Statement - out.println("RQty : " + Rqty): null

2018-05-16 19:30:42 - [TEST_STEP][PASSED] - Statement - If (java.lang.Integer.valueOf(batchqty) >= java.lang.Integer.valueOf(Rqty)): null

2018-05-16 19:30:42 - [TEST_STEP][PASSED] - Statement - Break: null

2018-05-16 19:30:42 - [TEST_STEP][PASSED] - Statement - batchlength = new com.kms.katalon.core.testobject.TestObject(): null

2018-05-16 19:30:42 - [TEST_STEP][PASSED] - Statement - batchlength = com.kms.katalon.core.webui.keyword.WebUiBuiltInKeywords.modifyObjectProperty(batchlength, "xpath", "equals", "//*[@id = "fldvendor" + row + ""]", true): Modify property of object successfully

2018-05-16 19:30:42 - [MESSAGE][PASSED] - Modify property of object successfully

2018-05-16 19:30:42 - [TEST_STEP][PASSED] - Statement - batchsize = com.kms.katalon.core.webui.keyword.WebUiBuiltInKeywords.getNumberOfTotalOption(batchlength): 8 options of object '' counted

2018-05-16 19:30:42 - [MESSAGE][PASSED] - 8 options of object '' counted

2018-05-16 19:30:42 - [TEST_STEP][PASSED] - Statement - out.println("BatchSize : " + batchsize): null

2018-05-16 19:30:42 - [TEST_STEP][PASSED] - Statement - For ([n = 1, n <= batchsize - 1, (n++)]): null

2018-05-16 19:30:42 - [TEST_STEP][PASSED] - Statement - product = new com.kms.katalon.core.testobject.TestObject(): null

2018-05-16 19:30:42 - [TEST_STEP][PASSED] - Statement - product = com.kms.katalon.core.webui.keyword.WebUiBuiltInKeywords.modifyObjectProperty(product, "xpath", "equals", "//*[@id = "fldvendor" + row + ""]", true): Modify property of object successfully

2018-05-16 19:30:42 - [MESSAGE][PASSED] - Modify property of object successfully

2018-05-16 19:30:42 - [TEST_STEP][PASSED] - selectOptionByIndex: All options with index in [1] are selected on object ''

2018-05-16 19:30:42 - [MESSAGE][PASSED] - All options with index in [1] are selected on object ''

2018-05-16 19:30:42 - [TEST_STEP][PASSED] - Statement - batch = new com.kms.katalon.core.testobject.TestObject(): null

2018-05-16 19:30:42 - [TEST_STEP][PASSED] - Statement - batch = com.kms.katalon.core.webui.keyword.WebUiBuiltInKeywords.modifyObjectProperty(batch, "xpath", "equals", "//*[@id = "txtbthqty" + row + ""]", true): Modify property of object successfully

2018-05-16 19:30:42 - [MESSAGE][PASSED] - Modify property of object successfully

2018-05-16 19:30:42 - [TEST_STEP][PASSED] - Statement - batchqty = com.kms.katalon.core.webui.keyword.WebUiBuiltInKeywords.getAttribute(batch, "value").trim(): Attribute 'value' of object '' is: '38800'

2018-05-16 19:30:42 - [MESSAGE][PASSED] - Attribute 'value' of object '' is: '38800'

2018-05-16 19:30:42 - [TEST_STEP][PASSED] - Statement - Rqty = 100: null

2018-05-16 19:30:42 - [TEST_STEP][PASSED] - delay: Delayed 2 second(s)

2018-05-16 19:30:44 - [MESSAGE][PASSED] - Delayed 2 second(s)

2018-05-16 19:30:44 - [TEST_STEP][PASSED] - Statement - out.println("BatchQty : " + batchqty): null

2018-05-16 19:30:44 - [TEST_STEP][PASSED] - Statement - out.println("RQty : " + Rqty): null

2018-05-16 19:30:44 - [TEST_STEP][PASSED] - Statement - If (java.lang.Integer.valueOf(batchqty) >= java.lang.Integer.valueOf(Rqty)): null

2018-05-16 19:30:44 - [TEST_STEP][PASSED] - Statement - Break: null

2018-05-16 19:30:44 - [TEST_STEP][PASSED] - Statement - batchlength = new com.kms.katalon.core.testobject.TestObject(): null

2018-05-16 19:30:44 - [TEST_STEP][PASSED] - Statement - batchlength = com.kms.katalon.core.webui.keyword.WebUiBuiltInKeywords.modifyObjectProperty(batchlength, "xpath", "equals", "//*[@id = "fldvendor" + row + ""]", true): Modify property of object successfully

2018-05-16 19:30:44 - [MESSAGE][PASSED] - Modify property of object successfully

2018-05-16 19:30:44 - [TEST_STEP][PASSED] - Statement - batchsize = com.kms.katalon.core.webui.keyword.WebUiBuiltInKeywords.getNumberOfTotalOption(batchlength): 8 options of object '' counted

2018-05-16 19:30:44 - [MESSAGE][PASSED] - 8 options of object '' counted

2018-05-16 19:30:44 - [TEST_STEP][PASSED] - Statement - out.println("BatchSize : " + batchsize): null

2018-05-16 19:30:44 - [TEST_STEP][PASSED] - Statement - For ([n = 1, n <= batchsize - 1, (n++)]): null

2018-05-16 19:30:44 - [TEST_STEP][PASSED] - Statement - product = new com.kms.katalon.core.testobject.TestObject(): null

2018-05-16 19:30:44 - [TEST_STEP][PASSED] - Statement - product = com.kms.katalon.core.webui.keyword.WebUiBuiltInKeywords.modifyObjectProperty(product, "xpath", "equals", "//*[@id = "fldvendor" + row + ""]", true): Modify property of object successfully

2018-05-16 19:30:44 - [MESSAGE][PASSED] - Modify property of object successfully

2018-05-16 19:30:44 - [TEST_STEP][PASSED] - selectOptionByIndex: All options with index in [1] are selected on object ''

2018-05-16 19:30:44 - [MESSAGE][PASSED] - All options with index in [1] are selected on object ''

2018-05-16 19:30:44 - [TEST_STEP][PASSED] - Statement - batch = new com.kms.katalon.core.testobject.TestObject(): null

2018-05-16 19:30:44 - [TEST_STEP][PASSED] - Statement - batch = com.kms.katalon.core.webui.keyword.WebUiBuiltInKeywords.modifyObjectProperty(batch, "xpath", "equals", "//*[@id = "txtbthqty" + row + ""]", true): Modify property of object successfully

2018-05-16 19:30:44 - [MESSAGE][PASSED] - Modify property of object successfully

2018-05-16 19:30:44 - [TEST_STEP][PASSED] - Statement - batchqty = com.kms.katalon.core.webui.keyword.WebUiBuiltInKeywords.getAttribute(batch, "value").trim(): Attribute 'value' of object '' is: '50000'

2018-05-16 19:30:44 - [MESSAGE][PASSED] - Attribute 'value' of object '' is: '50000'

2018-05-16 19:30:44 - [TEST_STEP][PASSED] - Statement - Rqty = 100: null

2018-05-16 19:30:44 - [TEST_STEP][PASSED] - delay: Delayed 2 second(s)

2018-05-16 19:30:46 - [MESSAGE][PASSED] - Delayed 2 second(s)

2018-05-16 19:30:46 - [TEST_STEP][PASSED] - Statement - out.println("BatchQty : " + batchqty): null

2018-05-16 19:30:46 - [TEST_STEP][PASSED] - Statement - out.println("RQty : " + Rqty): null

2018-05-16 19:30:46 - [TEST_STEP][PASSED] - Statement - If (java.lang.Integer.valueOf(batchqty) >= java.lang.Integer.valueOf(Rqty)): null

2018-05-16 19:30:46 - [TEST_STEP][PASSED] - Statement - Break: null

2018-05-16 19:30:46 - [TEST_STEP][PASSED] - Statement - batchlength = new com.kms.katalon.core.testobject.TestObject(): null

2018-05-16 19:30:46 - [TEST_STEP][PASSED] - Statement - batchlength = com.kms.katalon.core.webui.keyword.WebUiBuiltInKeywords.modifyObjectProperty(batchlength, "xpath", "equals", "//*[@id = "fldvendor" + row + ""]", true): Modify property of object successfully

2018-05-16 19:30:46 - [MESSAGE][PASSED] - Modify property of object successfully

2018-05-16 19:30:46 - [TEST_STEP][PASSED] - Statement - batchsize = com.kms.katalon.core.webui.keyword.WebUiBuiltInKeywords.getNumberOfTotalOption(batchlength): 8 options of object '' counted

2018-05-16 19:30:47 - [MESSAGE][PASSED] - 8 options of object '' counted

2018-05-16 19:30:47 - [TEST_STEP][PASSED] - Statement - out.println("BatchSize : " + batchsize): null

2018-05-16 19:30:47 - [TEST_STEP][PASSED] - Statement - For ([n = 1, n <= batchsize - 1, (n++)]): null

2018-05-16 19:30:47 - [TEST_STEP][PASSED] - Statement - product = new com.kms.katalon.core.testobject.TestObject(): null

2018-05-16 19:30:47 - [TEST_STEP][PASSED] - Statement - product = com.kms.katalon.core.webui.keyword.WebUiBuiltInKeywords.modifyObjectProperty(product, "xpath", "equals", "//*[@id = "fldvendor" + row + ""]", true): Modify property of object successfully

2018-05-16 19:30:47 - [MESSAGE][PASSED] - Modify property of object successfully

2018-05-16 19:30:47 - [TEST_STEP][PASSED] - selectOptionByIndex: All options with index in [1] are selected on object ''

2018-05-16 19:30:47 - [MESSAGE][PASSED] - All options with index in [1] are selected on object ''

2018-05-16 19:30:47 - [TEST_STEP][PASSED] - Statement - batch = new com.kms.katalon.core.testobject.TestObject(): null

2018-05-16 19:30:47 - [TEST_STEP][PASSED] - Statement - batch = com.kms.katalon.core.webui.keyword.WebUiBuiltInKeywords.modifyObjectProperty(batch, "xpath", "equals", "//*[@id = "txtbthqty" + row + ""]", true): Modify property of object successfully

2018-05-16 19:30:47 - [MESSAGE][PASSED] - Modify property of object successfully

2018-05-16 19:30:47 - [TEST_STEP][PASSED] - Statement - batchqty = com.kms.katalon.core.webui.keyword.WebUiBuiltInKeywords.getAttribute(batch, "value").trim(): Attribute 'value' of object '' is: '50000'

2018-05-16 19:30:47 - [MESSAGE][PASSED] - Attribute 'value' of object '' is: '50000'

2018-05-16 19:30:47 - [TEST_STEP][PASSED] - Statement - Rqty = 100: null

2018-05-16 19:30:47 - [TEST_STEP][PASSED] - delay: Delayed 2 second(s)

2018-05-16 19:30:49 - [MESSAGE][PASSED] - Delayed 2 second(s)

2018-05-16 19:30:49 - [TEST_STEP][PASSED] - Statement - out.println("BatchQty : " + batchqty): null

2018-05-16 19:30:49 - [TEST_STEP][PASSED] - Statement - out.println("RQty : " + Rqty): null

2018-05-16 19:30:49 - [TEST_STEP][PASSED] - Statement - If (java.lang.Integer.valueOf(batchqty) >= java.lang.Integer.valueOf(Rqty)): null

2018-05-16 19:30:49 - [TEST_STEP][PASSED] - Statement - Break: null

2018-05-16 19:30:49 - [TEST_STEP][PASSED] - Statement - batchlength = new com.kms.katalon.core.testobject.TestObject(): null

2018-05-16 19:30:49 - [TEST_STEP][PASSED] - Statement - batchlength = com.kms.katalon.core.webui.keyword.WebUiBuiltInKeywords.modifyObjectProperty(batchlength, "xpath", "equals", "//*[@id = "fldvendor" + row + ""]", true): Modify property of object successfully

2018-05-16 19:30:49 - [MESSAGE][PASSED] - Modify property of object successfully

2018-05-16 19:30:49 - [TEST_STEP][PASSED] - Statement - batchsize = com.kms.katalon.core.webui.keyword.WebUiBuiltInKeywords.getNumberOfTotalOption(batchlength): 8 options of object '' counted

2018-05-16 19:30:49 - [MESSAGE][PASSED] - 8 options of object '' counted

2018-05-16 19:30:49 - [TEST_STEP][PASSED] - Statement - out.println("BatchSize : " + batchsize): null

2018-05-16 19:30:49 - [TEST_STEP][PASSED] - Statement - For ([n = 1, n <= batchsize - 1, (n++)]): null

2018-05-16 19:30:49 - [TEST_STEP][PASSED] - Statement - product = new com.kms.katalon.core.testobject.TestObject(): null

2018-05-16 19:30:49 - [TEST_STEP][PASSED] - Statement - product = com.kms.katalon.core.webui.keyword.WebUiBuiltInKeywords.modifyObjectProperty(product, "xpath", "equals", "//*[@id = "fldvendor" + row + ""]", true): Modify property of object successfully

2018-05-16 19:30:49 - [MESSAGE][PASSED] - Modify property of object successfully

2018-05-16 19:30:49 - [TEST_STEP][PASSED] - selectOptionByIndex: All options with index in [1] are selected on object ''

2018-05-16 19:30:49 - [MESSAGE][PASSED] - All options with index in [1] are selected on object ''

2018-05-16 19:30:49 - [TEST_STEP][PASSED] - Statement - batch = new com.kms.katalon.core.testobject.TestObject(): null

2018-05-16 19:30:49 - [TEST_STEP][PASSED] - Statement - batch = com.kms.katalon.core.webui.keyword.WebUiBuiltInKeywords.modifyObjectProperty(batch, "xpath", "equals", "//*[@id = "txtbthqty" + row + ""]", true): Modify property of object successfully

2018-05-16 19:30:49 - [MESSAGE][PASSED] - Modify property of object successfully

2018-05-16 19:30:49 - [TEST_STEP][PASSED] - Statement - batchqty = com.kms.katalon.core.webui.keyword.WebUiBuiltInKeywords.getAttribute(batch, "value").trim(): Attribute 'value' of object '' is: '50000'

2018-05-16 19:30:49 - [MESSAGE][PASSED] - Attribute 'value' of object '' is: '50000'

2018-05-16 19:30:49 - [TEST_STEP][PASSED] - Statement - Rqty = 100: null

2018-05-16 19:30:49 - [TEST_STEP][PASSED] - delay: Delayed 2 second(s)

2018-05-16 19:30:51 - [MESSAGE][PASSED] - Delayed 2 second(s)

2018-05-16 19:30:51 - [TEST_STEP][PASSED] - Statement - out.println("BatchQty : " + batchqty): null

2018-05-16 19:30:51 - [TEST_STEP][PASSED] - Statement - out.println("RQty : " + Rqty): null

2018-05-16 19:30:51 - [TEST_STEP][PASSED] - Statement - If (java.lang.Integer.valueOf(batchqty) >= java.lang.Integer.valueOf(Rqty)): null

2018-05-16 19:30:51 - [TEST_STEP][PASSED] - Statement - Break: null

2018-05-16 19:30:51 - [TEST_STEP][PASSED] - Statement - batchlength = new com.kms.katalon.core.testobject.TestObject(): null

2018-05-16 19:30:51 - [TEST_STEP][PASSED] - Statement - batchlength = com.kms.katalon.core.webui.keyword.WebUiBuiltInKeywords.modifyObjectProperty(batchlength, "xpath", "equals", "//*[@id = "fldvendor" + row + ""]", true): Modify property of object successfully

2018-05-16 19:30:51 - [MESSAGE][PASSED] - Modify property of object successfully

2018-05-16 19:30:51 - [TEST_STEP][PASSED] - Statement - batchsize = com.kms.katalon.core.webui.keyword.WebUiBuiltInKeywords.getNumberOfTotalOption(batchlength): 8 options of object '' counted

2018-05-16 19:30:51 - [MESSAGE][PASSED] - 8 options of object '' counted

2018-05-16 19:30:51 - [TEST_STEP][PASSED] - Statement - out.println("BatchSize : " + batchsize): null

2018-05-16 19:30:51 - [TEST_STEP][PASSED] - Statement - For ([n = 1, n <= batchsize - 1, (n++)]): null

2018-05-16 19:30:51 - [TEST_STEP][PASSED] - Statement - product = new com.kms.katalon.core.testobject.TestObject(): null

2018-05-16 19:30:51 - [TEST_STEP][PASSED] - Statement - product = com.kms.katalon.core.webui.keyword.WebUiBuiltInKeywords.modifyObjectProperty(product, "xpath", "equals", "//*[@id = "fldvendor" + row + ""]", true): Modify property of object successfully

2018-05-16 19:30:51 - [MESSAGE][PASSED] - Modify property of object successfully

2018-05-16 19:30:51 - [TEST_STEP][PASSED] - selectOptionByIndex: All options with index in [1] are selected on object ''

2018-05-16 19:30:51 - [MESSAGE][PASSED] - All options with index in [1] are selected on object ''

2018-05-16 19:30:51 - [TEST_STEP][PASSED] - Statement - batch = new com.kms.katalon.core.testobject.TestObject(): null

2018-05-16 19:30:51 - [TEST_STEP][PASSED] - Statement - batch = com.kms.katalon.core.webui.keyword.WebUiBuiltInKeywords.modifyObjectProperty(batch, "xpath", "equals", "//*[@id = "txtbthqty" + row + ""]", true): Modify property of object successfully

2018-05-16 19:30:51 - [MESSAGE][PASSED] - Modify property of object successfully

2018-05-16 19:30:51 - [TEST_STEP][PASSED] - Statement - batchqty = com.kms.katalon.core.webui.keyword.WebUiBuiltInKeywords.getAttribute(batch, "value").trim(): Attribute 'value' of object '' is: '50000'

2018-05-16 19:30:51 - [MESSAGE][PASSED] - Attribute 'value' of object '' is: '50000'

2018-05-16 19:30:51 - [TEST_STEP][PASSED] - Statement - Rqty = 100: null

2018-05-16 19:30:51 - [TEST_STEP][PASSED] - delay: Delayed 2 second(s)

2018-05-16 19:30:53 - [MESSAGE][PASSED] - Delayed 2 second(s)

2018-05-16 19:30:53 - [TEST_STEP][PASSED] - Statement - out.println("BatchQty : " + batchqty): null

2018-05-16 19:30:53 - [TEST_STEP][PASSED] - Statement - out.println("RQty : " + Rqty): null

2018-05-16 19:30:53 - [TEST_STEP][PASSED] - Statement - If (java.lang.Integer.valueOf(batchqty) >= java.lang.Integer.valueOf(Rqty)): null

2018-05-16 19:30:53 - [TEST_STEP][PASSED] - Statement - Break: null

2018-05-16 19:30:53 - [TEST_STEP][PASSED] - Statement - batchlength = new com.kms.katalon.core.testobject.TestObject(): null

2018-05-16 19:30:53 - [TEST_STEP][PASSED] - Statement - batchlength = com.kms.katalon.core.webui.keyword.WebUiBuiltInKeywords.modifyObjectProperty(batchlength, "xpath", "equals", "//*[@id = "fldvendor" + row + ""]", true): Modify property of object successfully

2018-05-16 19:30:53 - [MESSAGE][PASSED] - Modify property of object successfully

2018-05-16 19:30:53 - [TEST_STEP][PASSED] - Statement - batchsize = com.kms.katalon.core.webui.keyword.WebUiBuiltInKeywords.getNumberOfTotalOption(batchlength): 8 options of object '' counted

2018-05-16 19:30:53 - [MESSAGE][PASSED] - 8 options of object '' counted

2018-05-16 19:30:53 - [TEST_STEP][PASSED] - Statement - out.println("BatchSize : " + batchsize): null

2018-05-16 19:30:53 - [TEST_STEP][PASSED] - Statement - For ([n = 1, n <= batchsize - 1, (n++)]): null

2018-05-16 19:30:53 - [TEST_STEP][PASSED] - Statement - product = new com.kms.katalon.core.testobject.TestObject(): null

2018-05-16 19:30:53 - [TEST_STEP][PASSED] - Statement - product = com.kms.katalon.core.webui.keyword.WebUiBuiltInKeywords.modifyObjectProperty(product, "xpath", "equals", "//*[@id = "fldvendor" + row + ""]", true): Modify property of object successfully

2018-05-16 19:30:53 - [MESSAGE][PASSED] - Modify property of object successfully

2018-05-16 19:30:53 - [TEST_STEP][PASSED] - selectOptionByIndex: All options with index in [1] are selected on object ''

2018-05-16 19:30:53 - [MESSAGE][PASSED] - All options with index in [1] are selected on object ''

2018-05-16 19:30:53 - [TEST_STEP][PASSED] - Statement - batch = new com.kms.katalon.core.testobject.TestObject(): null

2018-05-16 19:30:53 - [TEST_STEP][PASSED] - Statement - batch = com.kms.katalon.core.webui.keyword.WebUiBuiltInKeywords.modifyObjectProperty(batch, "xpath", "equals", "//*[@id = "txtbthqty" + row + ""]", true): Modify property of object successfully

2018-05-16 19:30:53 - [MESSAGE][PASSED] - Modify property of object successfully

2018-05-16 19:30:53 - [TEST_STEP][PASSED] - Statement - batchqty = com.kms.katalon.core.webui.keyword.WebUiBuiltInKeywords.getAttribute(batch, "value").trim(): Attribute 'value' of object '' is: '50000'

2018-05-16 19:30:53 - [MESSAGE][PASSED] - Attribute 'value' of object '' is: '50000'

2018-05-16 19:30:53 - [TEST_STEP][PASSED] - Statement - Rqty = 100: null

2018-05-16 19:30:53 - [TEST_STEP][PASSED] - delay: Delayed 2 second(s)

2018-05-16 19:30:55 - [MESSAGE][PASSED] - Delayed 2 second(s)

2018-05-16 19:30:55 - [TEST_STEP][PASSED] - Statement - out.println("BatchQty : " + batchqty): null

2018-05-16 19:30:55 - [TEST_STEP][PASSED] - Statement - out.println("RQty : " + Rqty): null

2018-05-16 19:30:55 - [TEST_STEP][PASSED] - Statement - If (java.lang.Integer.valueOf(batchqty) >= java.lang.Integer.valueOf(Rqty)): null

2018-05-16 19:30:55 - [TEST_STEP][PASSED] - Statement - Break: null

2018-05-16 19:30:55 - [TEST_STEP][PASSED] - Statement - batchlength = new com.kms.katalon.core.testobject.TestObject(): null

2018-05-16 19:30:55 - [TEST_STEP][PASSED] - Statement - batchlength = com.kms.katalon.core.webui.keyword.WebUiBuiltInKeywords.modifyObjectProperty(batchlength, "xpath", "equals", "//*[@id = "fldvendor" + row + ""]", true): Modify property of object successfully

2018-05-16 19:30:55 - [MESSAGE][PASSED] - Modify property of object successfully

2018-05-16 19:30:55 - [TEST_STEP][PASSED] - Statement - batchsize = com.kms.katalon.core.webui.keyword.WebUiBuiltInKeywords.getNumberOfTotalOption(batchlength): 8 options of object '' counted

2018-05-16 19:30:55 - [MESSAGE][PASSED] - 8 options of object '' counted

2018-05-16 19:30:55 - [TEST_STEP][PASSED] - Statement - out.println("BatchSize : " + batchsize): null

2018-05-16 19:30:55 - [TEST_STEP][PASSED] - Statement - For ([n = 1, n <= batchsize - 1, (n++)]): null

2018-05-16 19:30:55 - [TEST_STEP][PASSED] - Statement - product = new com.kms.katalon.core.testobject.TestObject(): null

2018-05-16 19:30:55 - [TEST_STEP][PASSED] - Statement - product = com.kms.katalon.core.webui.keyword.WebUiBuiltInKeywords.modifyObjectProperty(product, "xpath", "equals", "//*[@id = "fldvendor" + row + ""]", true): Modify property of object successfully

2018-05-16 19:30:55 - [MESSAGE][PASSED] - Modify property of object successfully

2018-05-16 19:30:55 - [TEST_STEP][PASSED] - selectOptionByIndex: All options with index in [1] are selected on object ''

2018-05-16 19:30:56 - [MESSAGE][PASSED] - All options with index in [1] are selected on object ''

2018-05-16 19:30:56 - [TEST_STEP][PASSED] - Statement - batch = new com.kms.katalon.core.testobject.TestObject(): null

2018-05-16 19:30:56 - [TEST_STEP][PASSED] - Statement - batch = com.kms.katalon.core.webui.keyword.WebUiBuiltInKeywords.modifyObjectProperty(batch, "xpath", "equals", "//*[@id = "txtbthqty" + row + ""]", true): Modify property of object successfully

2018-05-16 19:30:56 - [MESSAGE][PASSED] - Modify property of object successfully

2018-05-16 19:30:56 - [TEST_STEP][PASSED] - Statement - batchqty = com.kms.katalon.core.webui.keyword.WebUiBuiltInKeywords.getAttribute(batch, "value").trim(): Attribute 'value' of object '' is: '39000'

2018-05-16 19:30:56 - [MESSAGE][PASSED] - Attribute 'value' of object '' is: '39000'

2018-05-16 19:30:56 - [TEST_STEP][PASSED] - Statement - Rqty = 100: null

2018-05-16 19:30:56 - [TEST_STEP][PASSED] - delay: Delayed 2 second(s)

2018-05-16 19:30:58 - [MESSAGE][PASSED] - Delayed 2 second(s)

2018-05-16 19:30:58 - [TEST_STEP][PASSED] - Statement - out.println("BatchQty : " + batchqty): null

2018-05-16 19:30:58 - [TEST_STEP][PASSED] - Statement - out.println("RQty : " + Rqty): null

2018-05-16 19:30:58 - [TEST_STEP][PASSED] - Statement - If (java.lang.Integer.valueOf(batchqty) >= java.lang.Integer.valueOf(Rqty)): null

2018-05-16 19:30:58 - [TEST_STEP][PASSED] - Statement - Break: null

2018-05-16 19:30:58 - [TEST_STEP][PASSED] - Statement - batchlength = new com.kms.katalon.core.testobject.TestObject(): null

2018-05-16 19:30:58 - [TEST_STEP][PASSED] - Statement - batchlength = com.kms.katalon.core.webui.keyword.WebUiBuiltInKeywords.modifyObjectProperty(batchlength, "xpath", "equals", "//*[@id = "fldvendor" + row + ""]", true): Modify property of object successfully

2018-05-16 19:30:58 - [MESSAGE][PASSED] - Modify property of object successfully

2018-05-16 19:30:58 - [TEST_STEP][PASSED] - Statement - batchsize = com.kms.katalon.core.webui.keyword.WebUiBuiltInKeywords.getNumberOfTotalOption(batchlength): 8 options of object '' counted

2018-05-16 19:30:58 - [MESSAGE][PASSED] - 8 options of object '' counted

2018-05-16 19:30:58 - [TEST_STEP][PASSED] - Statement - out.println("BatchSize : " + batchsize): null

2018-05-16 19:30:58 - [TEST_STEP][PASSED] - Statement - For ([n = 1, n <= batchsize - 1, (n++)]): null

2018-05-16 19:30:58 - [TEST_STEP][PASSED] - Statement - product = new com.kms.katalon.core.testobject.TestObject(): null

2018-05-16 19:30:58 - [TEST_STEP][PASSED] - Statement - product = com.kms.katalon.core.webui.keyword.WebUiBuiltInKeywords.modifyObjectProperty(product, "xpath", "equals", "//*[@id = "fldvendor" + row + ""]", true): Modify property of object successfully

2018-05-16 19:30:58 - [MESSAGE][PASSED] - Modify property of object successfully

2018-05-16 19:30:58 - [TEST_STEP][PASSED] - selectOptionByIndex: All options with index in [1] are selected on object ''

2018-05-16 19:30:58 - [MESSAGE][PASSED] - All options with index in [1] are selected on object ''

2018-05-16 19:30:58 - [TEST_STEP][PASSED] - Statement - batch = new com.kms.katalon.core.testobject.TestObject(): null

2018-05-16 19:30:58 - [TEST_STEP][PASSED] - Statement - batch = com.kms.katalon.core.webui.keyword.WebUiBuiltInKeywords.modifyObjectProperty(batch, "xpath", "equals", "//*[@id = "txtbthqty" + row + ""]", true): Modify property of object successfully

2018-05-16 19:30:58 - [MESSAGE][PASSED] - Modify property of object successfully

2018-05-16 19:30:58 - [TEST_STEP][PASSED] - Statement - batchqty = com.kms.katalon.core.webui.keyword.WebUiBuiltInKeywords.getAttribute(batch, "value").trim(): Attribute 'value' of object '' is: '50000'

2018-05-16 19:30:58 - [MESSAGE][PASSED] - Attribute 'value' of object '' is: '50000'

2018-05-16 19:30:58 - [TEST_STEP][PASSED] - Statement - Rqty = 100: null

2018-05-16 19:30:58 - [TEST_STEP][PASSED] - delay: Delayed 2 second(s)

2018-05-16 19:31:00 - [MESSAGE][PASSED] - Delayed 2 second(s)

2018-05-16 19:31:00 - [TEST_STEP][PASSED] - Statement - out.println("BatchQty : " + batchqty): null

2018-05-16 19:31:00 - [TEST_STEP][PASSED] - Statement - out.println("RQty : " + Rqty): null

2018-05-16 19:31:00 - [TEST_STEP][PASSED] - Statement - If (java.lang.Integer.valueOf(batchqty) >= java.lang.Integer.valueOf(Rqty)): null

2018-05-16 19:31:00 - [TEST_STEP][PASSED] - Statement - Break: null

2018-05-16 19:31:00 - [TEST_STEP][PASSED] - Statement - batchlength = new com.kms.katalon.core.testobject.TestObject(): null

2018-05-16 19:31:00 - [TEST_STEP][PASSED] - Statement - batchlength = com.kms.katalon.core.webui.keyword.WebUiBuiltInKeywords.modifyObjectProperty(batchlength, "xpath", "equals", "//*[@id = "fldvendor" + row + ""]", true): Modify property of object successfully

2018-05-16 19:31:00 - [MESSAGE][PASSED] - Modify property of object successfully

2018-05-16 19:31:00 - [TEST_STEP][PASSED] - Statement - batchsize = com.kms.katalon.core.webui.keyword.WebUiBuiltInKeywords.getNumberOfTotalOption(batchlength): 8 options of object '' counted

2018-05-16 19:31:00 - [MESSAGE][PASSED] - 8 options of object '' counted

2018-05-16 19:31:00 - [TEST_STEP][PASSED] - Statement - out.println("BatchSize : " + batchsize): null

2018-05-16 19:31:00 - [TEST_STEP][PASSED] - Statement - For ([n = 1, n <= batchsize - 1, (n++)]): null

2018-05-16 19:31:00 - [TEST_STEP][PASSED] - Statement - product = new com.kms.katalon.core.testobject.TestObject(): null

2018-05-16 19:31:00 - [TEST_STEP][PASSED] - Statement - product = com.kms.katalon.core.webui.keyword.WebUiBuiltInKeywords.modifyObjectProperty(product, "xpath", "equals", "//*[@id = "fldvendor" + row + ""]", true): Modify property of object successfully

2018-05-16 19:31:00 - [MESSAGE][PASSED] - Modify property of object successfully

2018-05-16 19:31:00 - [TEST_STEP][PASSED] - selectOptionByIndex: All options with index in [1] are selected on object ''

2018-05-16 19:31:00 - [MESSAGE][PASSED] - All options with index in [1] are selected on object ''

2018-05-16 19:31:00 - [TEST_STEP][PASSED] - Statement - batch = new com.kms.katalon.core.testobject.TestObject(): null

2018-05-16 19:31:00 - [TEST_STEP][PASSED] - Statement - batch = com.kms.katalon.core.webui.keyword.WebUiBuiltInKeywords.modifyObjectProperty(batch, "xpath", "equals", "//*[@id = "txtbthqty" + row + ""]", true): Modify property of object successfully

2018-05-16 19:31:00 - [MESSAGE][PASSED] - Modify property of object successfully

2018-05-16 19:31:00 - [TEST_STEP][PASSED] - Statement - batchqty = com.kms.katalon.core.webui.keyword.WebUiBuiltInKeywords.getAttribute(batch, "value").trim(): Attribute 'value' of object '' is: '39000'

2018-05-16 19:31:00 - [MESSAGE][PASSED] - Attribute 'value' of object '' is: '39000'

2018-05-16 19:31:00 - [TEST_STEP][PASSED] - Statement - Rqty = 100: null

2018-05-16 19:31:00 - [TEST_STEP][PASSED] - delay: Delayed 2 second(s)

2018-05-16 19:31:02 - [MESSAGE][PASSED] - Delayed 2 second(s)

2018-05-16 19:31:02 - [TEST_STEP][PASSED] - Statement - out.println("BatchQty : " + batchqty): null

2018-05-16 19:31:02 - [TEST_STEP][PASSED] - Statement - out.println("RQty : " + Rqty): null

2018-05-16 19:31:02 - [TEST_STEP][PASSED] - Statement - If (java.lang.Integer.valueOf(batchqty) >= java.lang.Integer.valueOf(Rqty)): null

2018-05-16 19:31:02 - [TEST_STEP][PASSED] - Statement - Break: null

2018-05-16 19:31:02 - [TEST_STEP][PASSED] - Statement - batchlength = new com.kms.katalon.core.testobject.TestObject(): null

2018-05-16 19:31:02 - [TEST_STEP][PASSED] - Statement - batchlength = com.kms.katalon.core.webui.keyword.WebUiBuiltInKeywords.modifyObjectProperty(batchlength, "xpath", "equals", "//*[@id = "fldvendor" + row + ""]", true): Modify property of object successfully

2018-05-16 19:31:02 - [MESSAGE][PASSED] - Modify property of object successfully

2018-05-16 19:31:02 - [TEST_STEP][PASSED] - Statement - batchsize = com.kms.katalon.core.webui.keyword.WebUiBuiltInKeywords.getNumberOfTotalOption(batchlength): 8 options of object '' counted

2018-05-16 19:31:02 - [MESSAGE][PASSED] - 8 options of object '' counted

2018-05-16 19:31:02 - [TEST_STEP][PASSED] - Statement - out.println("BatchSize : " + batchsize): null

2018-05-16 19:31:02 - [TEST_STEP][PASSED] - Statement - For ([n = 1, n <= batchsize - 1, (n++)]): null

2018-05-16 19:31:02 - [TEST_STEP][PASSED] - Statement - product = new com.kms.katalon.core.testobject.TestObject(): null

2018-05-16 19:31:02 - [TEST_STEP][PASSED] - Statement - product = com.kms.katalon.core.webui.keyword.WebUiBuiltInKeywords.modifyObjectProperty(product, "xpath", "equals", "//*[@id = "fldvendor" + row + ""]", true): Modify property of object successfully

2018-05-16 19:31:02 - [MESSAGE][PASSED] - Modify property of object successfully

2018-05-16 19:31:02 - [TEST_STEP][PASSED] - selectOptionByIndex: All options with index in [1] are selected on object ''

2018-05-16 19:31:03 - [MESSAGE][PASSED] - All options with index in [1] are selected on object ''

2018-05-16 19:31:03 - [TEST_STEP][PASSED] - Statement - batch = new com.kms.katalon.core.testobject.TestObject(): null

2018-05-16 19:31:03 - [TEST_STEP][PASSED] - Statement - batch = com.kms.katalon.core.webui.keyword.WebUiBuiltInKeywords.modifyObjectProperty(batch, "xpath", "equals", "//*[@id = "txtbthqty" + row + ""]", true): Modify property of object successfully

2018-05-16 19:31:03 - [MESSAGE][PASSED] - Modify property of object successfully

2018-05-16 19:31:03 - [TEST_STEP][PASSED] - Statement - batchqty = com.kms.katalon.core.webui.keyword.WebUiBuiltInKeywords.getAttribute(batch, "value").trim(): Attribute 'value' of object '' is: '50000'

2018-05-16 19:31:03 - [MESSAGE][PASSED] - Attribute 'value' of object '' is: '50000'

2018-05-16 19:31:03 - [TEST_STEP][PASSED] - Statement - Rqty = 100: null

2018-05-16 19:31:03 - [TEST_STEP][PASSED] - delay: Delayed 2 second(s)

2018-05-16 19:31:05 - [MESSAGE][PASSED] - Delayed 2 second(s)

2018-05-16 19:31:05 - [TEST_STEP][PASSED] - Statement - out.println("BatchQty : " + batchqty): null

2018-05-16 19:31:05 - [TEST_STEP][PASSED] - Statement - out.println("RQty : " + Rqty): null

2018-05-16 19:31:05 - [TEST_STEP][PASSED] - Statement - If (java.lang.Integer.valueOf(batchqty) >= java.lang.Integer.valueOf(Rqty)): null

2018-05-16 19:31:05 - [TEST_STEP][PASSED] - Statement - Break: null

2018-05-16 19:31:05 - [TEST_STEP][PASSED] - Statement - batchlength = new com.kms.katalon.core.testobject.TestObject(): null

2018-05-16 19:31:05 - [TEST_STEP][PASSED] - Statement - batchlength = com.kms.katalon.core.webui.keyword.WebUiBuiltInKeywords.modifyObjectProperty(batchlength, "xpath", "equals", "//*[@id = "fldvendor" + row + ""]", true): Modify property of object successfully

2018-05-16 19:31:05 - [MESSAGE][PASSED] - Modify property of object successfully

2018-05-16 19:31:05 - [TEST_STEP][PASSED] - Statement - batchsize = com.kms.katalon.core.webui.keyword.WebUiBuiltInKeywords.getNumberOfTotalOption(batchlength): 8 options of object '' counted

2018-05-16 19:31:05 - [MESSAGE][PASSED] - 8 options of object '' counted

2018-05-16 19:31:05 - [TEST_STEP][PASSED] - Statement - out.println("BatchSize : " + batchsize): null

2018-05-16 19:31:05 - [TEST_STEP][PASSED] - Statement - For ([n = 1, n <= batchsize - 1, (n++)]): null

2018-05-16 19:31:05 - [TEST_STEP][PASSED] - Statement - product = new com.kms.katalon.core.testobject.TestObject(): null

2018-05-16 19:31:05 - [TEST_STEP][PASSED] - Statement - product = com.kms.katalon.core.webui.keyword.WebUiBuiltInKeywords.modifyObjectProperty(product, "xpath", "equals", "//*[@id = "fldvendor" + row + ""]", true): Modify property of object successfully

2018-05-16 19:31:05 - [MESSAGE][PASSED] - Modify property of object successfully

2018-05-16 19:31:05 - [TEST_STEP][PASSED] - selectOptionByIndex: All options with index in [1] are selected on object ''

2018-05-16 19:31:05 - [MESSAGE][PASSED] - All options with index in [1] are selected on object ''

2018-05-16 19:31:05 - [TEST_STEP][PASSED] - Statement - batch = new com.kms.katalon.core.testobject.TestObject(): null

2018-05-16 19:31:05 - [TEST_STEP][PASSED] - Statement - batch = com.kms.katalon.core.webui.keyword.WebUiBuiltInKeywords.modifyObjectProperty(batch, "xpath", "equals", "//*[@id = "txtbthqty" + row + ""]", true): Modify property of object successfully

2018-05-16 19:31:05 - [MESSAGE][PASSED] - Modify property of object successfully

2018-05-16 19:31:05 - [TEST_STEP][PASSED] - Statement - batchqty = com.kms.katalon.core.webui.keyword.WebUiBuiltInKeywords.getAttribute(batch, "value").trim(): Attribute 'value' of object '' is: '50000'

2018-05-16 19:31:05 - [MESSAGE][PASSED] - Attribute 'value' of object '' is: '50000'

2018-05-16 19:31:05 - [TEST_STEP][PASSED] - Statement - Rqty = 100: null

2018-05-16 19:31:05 - [TEST_STEP][PASSED] - delay: Delayed 2 second(s)

2018-05-16 19:31:07 - [MESSAGE][PASSED] - Delayed 2 second(s)

2018-05-16 19:31:07 - [TEST_STEP][PASSED] - Statement - out.println("BatchQty : " + batchqty): null

2018-05-16 19:31:07 - [TEST_STEP][PASSED] - Statement - out.println("RQty : " + Rqty): null

2018-05-16 19:31:07 - [TEST_STEP][PASSED] - Statement - If (java.lang.Integer.valueOf(batchqty) >= java.lang.Integer.valueOf(Rqty)): null

2018-05-16 19:31:07 - [TEST_STEP][PASSED] - Statement - Break: null

2018-05-16 19:31:07 - [TEST_STEP][PASSED] - Statement - batchlength = new com.kms.katalon.core.testobject.TestObject(): null

2018-05-16 19:31:07 - [TEST_STEP][PASSED] - Statement - batchlength = com.kms.katalon.core.webui.keyword.WebUiBuiltInKeywords.modifyObjectProperty(batchlength, "xpath", "equals", "//*[@id = "fldvendor" + row + ""]", true): Modify property of object successfully

2018-05-16 19:31:07 - [MESSAGE][PASSED] - Modify property of object successfully

2018-05-16 19:31:07 - [TEST_STEP][PASSED] - Statement - batchsize = com.kms.katalon.core.webui.keyword.WebUiBuiltInKeywords.getNumberOfTotalOption(batchlength): 8 options of object '' counted

2018-05-16 19:31:07 - [MESSAGE][PASSED] - 8 options of object '' counted

2018-05-16 19:31:07 - [TEST_STEP][PASSED] - Statement - out.println("BatchSize : " + batchsize): null

2018-05-16 19:31:07 - [TEST_STEP][PASSED] - Statement - For ([n = 1, n <= batchsize - 1, (n++)]): null

2018-05-16 19:31:07 - [TEST_STEP][PASSED] - Statement - product = new com.kms.katalon.core.testobject.TestObject(): null

2018-05-16 19:31:07 - [TEST_STEP][PASSED] - Statement - product = com.kms.katalon.core.webui.keyword.WebUiBuiltInKeywords.modifyObjectProperty(product, "xpath", "equals", "//*[@id = "fldvendor" + row + ""]", true): Modify property of object successfully

2018-05-16 19:31:07 - [MESSAGE][PASSED] - Modify property of object successfully

2018-05-16 19:31:07 - [TEST_STEP][PASSED] - selectOptionByIndex: All options with index in [1] are selected on object ''

2018-05-16 19:31:07 - [MESSAGE][PASSED] - All options with index in [1] are selected on object ''

2018-05-16 19:31:07 - [TEST_STEP][PASSED] - Statement - batch = new com.kms.katalon.core.testobject.TestObject(): null

2018-05-16 19:31:07 - [TEST_STEP][PASSED] - Statement - batch = com.kms.katalon.core.webui.keyword.WebUiBuiltInKeywords.modifyObjectProperty(batch, "xpath", "equals", "//*[@id = "txtbthqty" + row + ""]", true): Modify property of object successfully

2018-05-16 19:31:07 - [MESSAGE][PASSED] - Modify property of object successfully

2018-05-16 19:31:07 - [TEST_STEP][PASSED] - Statement - batchqty = com.kms.katalon.core.webui.keyword.WebUiBuiltInKeywords.getAttribute(batch, "value").trim(): Attribute 'value' of object '' is: '50000'

2018-05-16 19:31:07 - [MESSAGE][PASSED] - Attribute 'value' of object '' is: '50000'

2018-05-16 19:31:07 - [TEST_STEP][PASSED] - Statement - Rqty = 100: null

2018-05-16 19:31:07 - [TEST_STEP][PASSED] - delay: Delayed 2 second(s)

2018-05-16 19:31:09 - [MESSAGE][PASSED] - Delayed 2 second(s)

2018-05-16 19:31:09 - [TEST_STEP][PASSED] - Statement - out.println("BatchQty : " + batchqty): null

2018-05-16 19:31:09 - [TEST_STEP][PASSED] - Statement - out.println("RQty : " + Rqty): null

2018-05-16 19:31:09 - [TEST_STEP][PASSED] - Statement - If (java.lang.Integer.valueOf(batchqty) >= java.lang.Integer.valueOf(Rqty)): null

2018-05-16 19:31:09 - [TEST_STEP][PASSED] - Statement - Break: null

2018-05-16 19:31:09 - [TEST_STEP][PASSED] - Statement - batchlength = new com.kms.katalon.core.testobject.TestObject(): null

2018-05-16 19:31:09 - [TEST_STEP][PASSED] - Statement - batchlength = com.kms.katalon.core.webui.keyword.WebUiBuiltInKeywords.modifyObjectProperty(batchlength, "xpath", "equals", "//*[@id = "fldvendor" + row + ""]", true): Modify property of object successfully

2018-05-16 19:31:09 - [MESSAGE][PASSED] - Modify property of object successfully

2018-05-16 19:31:09 - [TEST_STEP][PASSED] - Statement - batchsize = com.kms.katalon.core.webui.keyword.WebUiBuiltInKeywords.getNumberOfTotalOption(batchlength): 8 options of object '' counted

2018-05-16 19:31:09 - [MESSAGE][PASSED] - 8 options of object '' counted

2018-05-16 19:31:09 - [TEST_STEP][PASSED] - Statement - out.println("BatchSize : " + batchsize): null

2018-05-16 19:31:09 - [TEST_STEP][PASSED] - Statement - For ([n = 1, n <= batchsize - 1, (n++)]): null

2018-05-16 19:31:09 - [TEST_STEP][PASSED] - Statement - product = new com.kms.katalon.core.testobject.TestObject(): null

2018-05-16 19:31:09 - [TEST_STEP][PASSED] - Statement - product = com.kms.katalon.core.webui.keyword.WebUiBuiltInKeywords.modifyObjectProperty(product, "xpath", "equals", "//*[@id = "fldvendor" + row + ""]", true): Modify property of object successfully

2018-05-16 19:31:09 - [MESSAGE][PASSED] - Modify property of object successfully

2018-05-16 19:31:09 - [TEST_STEP][PASSED] - selectOptionByIndex: All options with index in [1] are selected on object ''

2018-05-16 19:31:09 - [MESSAGE][PASSED] - All options with index in [1] are selected on object ''

2018-05-16 19:31:09 - [TEST_STEP][PASSED] - Statement - batch = new com.kms.katalon.core.testobject.TestObject(): null

2018-05-16 19:31:09 - [TEST_STEP][PASSED] - Statement - batch = com.kms.katalon.core.webui.keyword.WebUiBuiltInKeywords.modifyObjectProperty(batch, "xpath", "equals", "//*[@id = "txtbthqty" + row + ""]", true): Modify property of object successfully

2018-05-16 19:31:09 - [MESSAGE][PASSED] - Modify property of object successfully

2018-05-16 19:31:09 - [TEST_STEP][PASSED] - Statement - batchqty = com.kms.katalon.core.webui.keyword.WebUiBuiltInKeywords.getAttribute(batch, "value").trim(): Attribute 'value' of object '' is: '40000'

2018-05-16 19:31:09 - [MESSAGE][PASSED] - Attribute 'value' of object '' is: '40000'

2018-05-16 19:31:09 - [TEST_STEP][PASSED] - Statement - Rqty = 100: null

2018-05-16 19:31:09 - [TEST_STEP][PASSED] - delay: Delayed 2 second(s)

2018-05-16 19:31:11 - [MESSAGE][PASSED] - Delayed 2 second(s)

2018-05-16 19:31:11 - [TEST_STEP][PASSED] - Statement - out.println("BatchQty : " + batchqty): null

2018-05-16 19:31:11 - [TEST_STEP][PASSED] - Statement - out.println("RQty : " + Rqty): null

2018-05-16 19:31:11 - [TEST_STEP][PASSED] - Statement - If (java.lang.Integer.valueOf(batchqty) >= java.lang.Integer.valueOf(Rqty)): null

2018-05-16 19:31:11 - [TEST_STEP][PASSED] - Statement - Break: null

2018-05-16 19:31:11 - [TEST_STEP][PASSED] - Statement - batchlength = new com.kms.katalon.core.testobject.TestObject(): null

2018-05-16 19:31:11 - [TEST_STEP][PASSED] - Statement - batchlength = com.kms.katalon.core.webui.keyword.WebUiBuiltInKeywords.modifyObjectProperty(batchlength, "xpath", "equals", "//*[@id = "fldvendor" + row + ""]", true): Modify property of object successfully

2018-05-16 19:31:11 - [MESSAGE][PASSED] - Modify property of object successfully

2018-05-16 19:31:11 - [TEST_STEP][PASSED] - Statement - batchsize = com.kms.katalon.core.webui.keyword.WebUiBuiltInKeywords.getNumberOfTotalOption(batchlength): 14 options of object '' counted

2018-05-16 19:31:11 - [MESSAGE][PASSED] - 14 options of object '' counted

2018-05-16 19:31:11 - [TEST_STEP][PASSED] - Statement - out.println("BatchSize : " + batchsize): null

2018-05-16 19:31:11 - [TEST_STEP][PASSED] - Statement - For ([n = 1, n <= batchsize - 1, (n++)]): null

2018-05-16 19:31:11 - [TEST_STEP][PASSED] - Statement - product = new com.kms.katalon.core.testobject.TestObject(): null

2018-05-16 19:31:11 - [TEST_STEP][PASSED] - Statement - product = com.kms.katalon.core.webui.keyword.WebUiBuiltInKeywords.modifyObjectProperty(product, "xpath", "equals", "//*[@id = "fldvendor" + row + ""]", true): Modify property of object successfully

2018-05-16 19:31:11 - [MESSAGE][PASSED] - Modify property of object successfully

2018-05-16 19:31:11 - [TEST_STEP][PASSED] - selectOptionByIndex: All options with index in [1] are selected on object ''

2018-05-16 19:31:12 - [MESSAGE][PASSED] - All options with index in [1] are selected on object ''

2018-05-16 19:31:12 - [TEST_STEP][PASSED] - Statement - batch = new com.kms.katalon.core.testobject.TestObject(): null

2018-05-16 19:31:12 - [TEST_STEP][PASSED] - Statement - batch = com.kms.katalon.core.webui.keyword.WebUiBuiltInKeywords.modifyObjectProperty(batch, "xpath", "equals", "//*[@id = "txtbthqty" + row + ""]", true): Modify property of object successfully

2018-05-16 19:31:12 - [MESSAGE][PASSED] - Modify property of object successfully

2018-05-16 19:31:12 - [TEST_STEP][PASSED] - Statement - batchqty = com.kms.katalon.core.webui.keyword.WebUiBuiltInKeywords.getAttribute(batch, "value").trim(): Attribute 'value' of object '' is: '28000'

2018-05-16 19:31:12 - [MESSAGE][PASSED] - Attribute 'value' of object '' is: '28000'

2018-05-16 19:31:12 - [TEST_STEP][PASSED] - Statement - Rqty = 100: null

2018-05-16 19:31:12 - [TEST_STEP][PASSED] - delay: Delayed 2 second(s)

2018-05-16 19:31:14 - [MESSAGE][PASSED] - Delayed 2 second(s)

2018-05-16 19:31:14 - [TEST_STEP][PASSED] - Statement - out.println("BatchQty : " + batchqty): null

2018-05-16 19:31:14 - [TEST_STEP][PASSED] - Statement - out.println("RQty : " + Rqty): null

2018-05-16 19:31:14 - [TEST_STEP][PASSED] - Statement - If (java.lang.Integer.valueOf(batchqty) >= java.lang.Integer.valueOf(Rqty)): null

2018-05-16 19:31:14 - [TEST_STEP][PASSED] - Statement - Break: null

2018-05-16 19:31:14 - [TEST_STEP][PASSED] - Statement - batchlength = new com.kms.katalon.core.testobject.TestObject(): null

2018-05-16 19:31:14 - [TEST_STEP][PASSED] - Statement - batchlength = com.kms.katalon.core.webui.keyword.WebUiBuiltInKeywords.modifyObjectProperty(batchlength, "xpath", "equals", "//*[@id = "fldvendor" + row + ""]", true): Modify property of object successfully

2018-05-16 19:31:14 - [MESSAGE][PASSED] - Modify property of object successfully

2018-05-16 19:31:14 - [TEST_STEP][PASSED] - Statement - batchsize = com.kms.katalon.core.webui.keyword.WebUiBuiltInKeywords.getNumberOfTotalOption(batchlength): 8 options of object '' counted

2018-05-16 19:31:14 - [MESSAGE][PASSED] - 8 options of object '' counted

2018-05-16 19:31:14 - [TEST_STEP][PASSED] - Statement - out.println("BatchSize : " + batchsize): null

2018-05-16 19:31:14 - [TEST_STEP][PASSED] - Statement - For ([n = 1, n <= batchsize - 1, (n++)]): null

2018-05-16 19:31:14 - [TEST_STEP][PASSED] - Statement - product = new com.kms.katalon.core.testobject.TestObject(): null

2018-05-16 19:31:14 - [TEST_STEP][PASSED] - Statement - product = com.kms.katalon.core.webui.keyword.WebUiBuiltInKeywords.modifyObjectProperty(product, "xpath", "equals", "//*[@id = "fldvendor" + row + ""]", true): Modify property of object successfully

2018-05-16 19:31:14 - [MESSAGE][PASSED] - Modify property of object successfully

2018-05-16 19:31:14 - [TEST_STEP][PASSED] - selectOptionByIndex: All options with index in [1] are selected on object ''

2018-05-16 19:31:14 - [MESSAGE][PASSED] - All options with index in [1] are selected on object ''

2018-05-16 19:31:14 - [TEST_STEP][PASSED] - Statement - batch = new com.kms.katalon.core.testobject.TestObject(): null

2018-05-16 19:31:14 - [TEST_STEP][PASSED] - Statement - batch = com.kms.katalon.core.webui.keyword.WebUiBuiltInKeywords.modifyObjectProperty(batch, "xpath", "equals", "//*[@id = "txtbthqty" + row + ""]", true): Modify property of object successfully

2018-05-16 19:31:14 - [MESSAGE][PASSED] - Modify property of object successfully

2018-05-16 19:31:14 - [TEST_STEP][PASSED] - Statement - batchqty = com.kms.katalon.core.webui.keyword.WebUiBuiltInKeywords.getAttribute(batch, "value").trim(): Attribute 'value' of object '' is: '50000'

2018-05-16 19:31:14 - [MESSAGE][PASSED] - Attribute 'value' of object '' is: '50000'

2018-05-16 19:31:14 - [TEST_STEP][PASSED] - Statement - Rqty = 100: null

2018-05-16 19:31:14 - [TEST_STEP][PASSED] - delay: Delayed 2 second(s)

2018-05-16 19:31:16 - [MESSAGE][PASSED] - Delayed 2 second(s)

2018-05-16 19:31:16 - [TEST_STEP][PASSED] - Statement - out.println("BatchQty : " + batchqty): null

2018-05-16 19:31:16 - [TEST_STEP][PASSED] - Statement - out.println("RQty : " + Rqty): null

2018-05-16 19:31:16 - [TEST_STEP][PASSED] - Statement - If (java.lang.Integer.valueOf(batchqty) >= java.lang.Integer.valueOf(Rqty)): null

2018-05-16 19:31:16 - [TEST_STEP][PASSED] - Statement - Break: null

2018-05-16 19:31:16 - [TEST_STEP][PASSED] - Statement - batchlength = new com.kms.katalon.core.testobject.TestObject(): null

2018-05-16 19:31:16 - [TEST_STEP][PASSED] - Statement - batchlength = com.kms.katalon.core.webui.keyword.WebUiBuiltInKeywords.modifyObjectProperty(batchlength, "xpath", "equals", "//*[@id = "fldvendor" + row + ""]", true): Modify property of object successfully

2018-05-16 19:31:16 - [MESSAGE][PASSED] - Modify property of object successfully

2018-05-16 19:31:16 - [TEST_STEP][PASSED] - Statement - batchsize = com.kms.katalon.core.webui.keyword.WebUiBuiltInKeywords.getNumberOfTotalOption(batchlength): 8 options of object '' counted

2018-05-16 19:31:16 - [MESSAGE][PASSED] - 8 options of object '' counted

2018-05-16 19:31:16 - [TEST_STEP][PASSED] - Statement - out.println("BatchSize : " + batchsize): null

2018-05-16 19:31:16 - [TEST_STEP][PASSED] - Statement - For ([n = 1, n <= batchsize - 1, (n++)]): null

2018-05-16 19:31:16 - [TEST_STEP][PASSED] - Statement - product = new com.kms.katalon.core.testobject.TestObject(): null

2018-05-16 19:31:16 - [TEST_STEP][PASSED] - Statement - product = com.kms.katalon.core.webui.keyword.WebUiBuiltInKeywords.modifyObjectProperty(product, "xpath", "equals", "//*[@id = "fldvendor" + row + ""]", true): Modify property of object successfully

2018-05-16 19:31:16 - [MESSAGE][PASSED] - Modify property of object successfully

2018-05-16 19:31:16 - [TEST_STEP][PASSED] - selectOptionByIndex: All options with index in [1] are selected on object ''

2018-05-16 19:31:16 - [MESSAGE][PASSED] - All options with index in [1] are selected on object ''

2018-05-16 19:31:16 - [TEST_STEP][PASSED] - Statement - batch = new com.kms.katalon.core.testobject.TestObject(): null

2018-05-16 19:31:16 - [TEST_STEP][PASSED] - Statement - batch = com.kms.katalon.core.webui.keyword.WebUiBuiltInKeywords.modifyObjectProperty(batch, "xpath", "equals", "//*[@id = "txtbthqty" + row + ""]", true): Modify property of object successfully

2018-05-16 19:31:16 - [MESSAGE][PASSED] - Modify property of object successfully

2018-05-16 19:31:16 - [TEST_STEP][PASSED] - Statement - batchqty = com.kms.katalon.core.webui.keyword.WebUiBuiltInKeywords.getAttribute(batch, "value").trim(): Attribute 'value' of object '' is: '39000'

2018-05-16 19:31:16 - [MESSAGE][PASSED] - Attribute 'value' of object '' is: '39000'

2018-05-16 19:31:16 - [TEST_STEP][PASSED] - Statement - Rqty = 100: null

2018-05-16 19:31:16 - [TEST_STEP][PASSED] - delay: Delayed 2 second(s)

2018-05-16 19:31:18 - [MESSAGE][PASSED] - Delayed 2 second(s)

2018-05-16 19:31:18 - [TEST_STEP][PASSED] - Statement - out.println("BatchQty : " + batchqty): null

2018-05-16 19:31:18 - [TEST_STEP][PASSED] - Statement - out.println("RQty : " + Rqty): null

2018-05-16 19:31:18 - [TEST_STEP][PASSED] - Statement - If (java.lang.Integer.valueOf(batchqty) >= java.lang.Integer.valueOf(Rqty)): null

2018-05-16 19:31:18 - [TEST_STEP][PASSED] - Statement - Break: null

2018-05-16 19:31:18 - [TEST_STEP][PASSED] - Statement - batchlength = new com.kms.katalon.core.testobject.TestObject(): null

2018-05-16 19:31:18 - [TEST_STEP][PASSED] - Statement - batchlength = com.kms.katalon.core.webui.keyword.WebUiBuiltInKeywords.modifyObjectProperty(batchlength, "xpath", "equals", "//*[@id = "fldvendor" + row + ""]", true): Modify property of object successfully

2018-05-16 19:31:18 - [MESSAGE][PASSED] - Modify property of object successfully

2018-05-16 19:31:18 - [TEST_STEP][PASSED] - Statement - batchsize = com.kms.katalon.core.webui.keyword.WebUiBuiltInKeywords.getNumberOfTotalOption(batchlength): 8 options of object '' counted

2018-05-16 19:31:18 - [MESSAGE][PASSED] - 8 options of object '' counted

2018-05-16 19:31:18 - [TEST_STEP][PASSED] - Statement - out.println("BatchSize : " + batchsize): null

2018-05-16 19:31:18 - [TEST_STEP][PASSED] - Statement - For ([n = 1, n <= batchsize - 1, (n++)]): null

2018-05-16 19:31:18 - [TEST_STEP][PASSED] - Statement - product = new com.kms.katalon.core.testobject.TestObject(): null

2018-05-16 19:31:18 - [TEST_STEP][PASSED] - Statement - product = com.kms.katalon.core.webui.keyword.WebUiBuiltInKeywords.modifyObjectProperty(product, "xpath", "equals", "//*[@id = "fldvendor" + row + ""]", true): Modify property of object successfully

2018-05-16 19:31:18 - [MESSAGE][PASSED] - Modify property of object successfully

2018-05-16 19:31:18 - [TEST_STEP][PASSED] - selectOptionByIndex: All options with index in [1] are selected on object ''

2018-05-16 19:31:18 - [MESSAGE][PASSED] - All options with index in [1] are selected on object ''

2018-05-16 19:31:18 - [TEST_STEP][PASSED] - Statement - batch = new com.kms.katalon.core.testobject.TestObject(): null

2018-05-16 19:31:18 - [TEST_STEP][PASSED] - Statement - batch = com.kms.katalon.core.webui.keyword.WebUiBuiltInKeywords.modifyObjectProperty(batch, "xpath", "equals", "//*[@id = "txtbthqty" + row + ""]", true): Modify property of object successfully

2018-05-16 19:31:18 - [MESSAGE][PASSED] - Modify property of object successfully

2018-05-16 19:31:18 - [TEST_STEP][PASSED] - Statement - batchqty = com.kms.katalon.core.webui.keyword.WebUiBuiltInKeywords.getAttribute(batch, "value").trim(): Attribute 'value' of object '' is: '40000'

2018-05-16 19:31:18 - [MESSAGE][PASSED] - Attribute 'value' of object '' is: '40000'

2018-05-16 19:31:18 - [TEST_STEP][PASSED] - Statement - Rqty = 100: null

2018-05-16 19:31:18 - [TEST_STEP][PASSED] - delay: Delayed 2 second(s)

2018-05-16 19:31:20 - [MESSAGE][PASSED] - Delayed 2 second(s)

2018-05-16 19:31:20 - [TEST_STEP][PASSED] - Statement - out.println("BatchQty : " + batchqty): null

2018-05-16 19:31:20 - [TEST_STEP][PASSED] - Statement - out.println("RQty : " + Rqty): null

2018-05-16 19:31:20 - [TEST_STEP][PASSED] - Statement - If (java.lang.Integer.valueOf(batchqty) >= java.lang.Integer.valueOf(Rqty)): null

2018-05-16 19:31:20 - [TEST_STEP][PASSED] - Statement - Break: null

2018-05-16 19:31:20 - [TEST_STEP][PASSED] - click: Object: 'Object Repository/store Request Schedule 1/Page_KDMC - CMS/input_btndispatch' is clicked on

2018-05-16 19:31:21 - [MESSAGE][PASSED] - Object: 'Object Repository/store Request Schedule 1/Page_KDMC - CMS/input_btndispatch' is clicked on

2018-05-16 19:31:21 - [TEST_STEP][PASSED] - delay: Delayed 3 second(s)

2018-05-16 19:31:24 - [MESSAGE][PASSED] - Delayed 3 second(s)

2018-05-16 19:31:24 - [TEST_STEP][PASSED] - click: Object: 'Object Repository/store Request Schedule 1/Page_KDMC - CMS/button_OK' is clicked on

2018-05-16 19:31:24 - [MESSAGE][PASSED] - Object: 'Object Repository/store Request Schedule 1/Page_KDMC - CMS/button_OK' is clicked on

2018-05-16 19:31:24 - [TEST_STEP][PASSED] - delay: Delayed 3 second(s)

2018-05-16 19:31:27 - [MESSAGE][PASSED] - Delayed 3 second(s)

2018-05-16 19:31:27 - [TEST_STEP][PASSED] - click: Object: 'Object Repository/store Request Schedule 1/Page_KDMC - CMS/a_dropdown-toggle' is clicked on

2018-05-16 19:31:27 - [MESSAGE][PASSED] - Object: 'Object Repository/store Request Schedule 1/Page_KDMC - CMS/a_dropdown-toggle' is clicked on

2018-05-16 19:31:27 - [TEST_STEP][PASSED] - click: Object: 'Object Repository/store Request Schedule 1/Page_KDMC - CMS/a_Sign out' is clicked on

2018-05-16 19:31:28 - [MESSAGE][PASSED] - Object: 'Object Repository/store Request Schedule 1/Page_KDMC - CMS/a_Sign out' is clicked on

2018-05-16 19:31:28 - [TEST_STEP][PASSED] - delay: Delayed 3 second(s)

2018-05-16 19:31:31 - [MESSAGE][PASSED] - Delayed 3 second(s)

2018-05-16 19:31:31 - [TEST_STEP][PASSED] - click: Object: 'Object Repository/Store Request Schedule 1/Page_KDMC/a_Divisional Store' is clicked on

2018-05-16 19:31:31 - [MESSAGE][PASSED] - Object: 'Object Repository/Store Request Schedule 1/Page_KDMC/a_Divisional Store' is clicked on

2018-05-16 19:31:31 - [TEST_STEP][PASSED] - setText: Text 'ragu' is set on object 'Object Repository/Store Request Schedule 1/Page_Divisonal Store Login/input_txtusername'

2018-05-16 19:31:31 - [MESSAGE][PASSED] - Text 'ragu' is set on object 'Object Repository/Store Request Schedule 1/Page_Divisonal Store Login/input_txtusername'

2018-05-16 19:31:31 - [TEST_STEP][PASSED] - setText: Text '123' is set on object 'Object Repository/Store Request Schedule 1/Page_Divisonal Store Login/input_txtpassword'

2018-05-16 19:31:31 - [MESSAGE][PASSED] - Text '123' is set on object 'Object Repository/Store Request Schedule 1/Page_Divisonal Store Login/input_txtpassword'

2018-05-16 19:31:31 - [TEST_STEP][PASSED] - delay: Delayed 3 second(s)

2018-05-16 19:31:34 - [MESSAGE][PASSED] - Delayed 3 second(s)

2018-05-16 19:31:34 - [TEST_STEP][PASSED] - click: Object: 'Object Repository/Store Request Schedule 1/Page_Divisonal Store Login/button_Sign in' is clicked on

2018-05-16 19:31:35 - [MESSAGE][PASSED] - Object: 'Object Repository/Store Request Schedule 1/Page_Divisonal Store Login/button_Sign in' is clicked on

2018-05-16 19:31:35 - [TEST_STEP][PASSED] - delay: Delayed 3 second(s)

2018-05-16 19:31:38 - [MESSAGE][PASSED] - Delayed 3 second(s)

2018-05-16 19:31:38 - [TEST_STEP][PASSED] - click: Object: 'Object Repository/Store Request Schedule 1/Page_Store/a_CMS' is clicked on

2018-05-16 19:31:38 - [MESSAGE][PASSED] - Object: 'Object Repository/Store Request Schedule 1/Page_Store/a_CMS' is clicked on

2018-05-16 19:31:38 - [TEST_STEP][PASSED] - delay: Delayed 2 second(s)

2018-05-16 19:31:40 - [MESSAGE][PASSED] - Delayed 2 second(s)

2018-05-16 19:31:40 - [TEST_STEP][PASSED] - click: Object: 'Object Repository/Store Request Schedule 1/Page_Store/a_Receiving Goods' is clicked on

2018-05-16 19:31:41 - [MESSAGE][PASSED] - Object: 'Object Repository/Store Request Schedule 1/Page_Store/a_Receiving Goods' is clicked on

2018-05-16 19:31:41 - [TEST_STEP][PASSED] - setText: Text 'PRNO/16052018/173' is set on object 'Object Repository/Store Request Schedule 1/Page_Store/input'

2018-05-16 19:31:41 - [MESSAGE][PASSED] - Text 'PRNO/16052018/173' is set on object 'Object Repository/Store Request Schedule 1/Page_Store/input'

2018-05-16 19:31:41 - [TEST_STEP][PASSED] - click: Object: 'Object Repository/Store Request Schedule 1/Page_Store/input_btn btn-primary' is clicked on

2018-05-16 19:31:41 - [MESSAGE][PASSED] - Object: 'Object Repository/Store Request Schedule 1/Page_Store/input_btn btn-primary' is clicked on

2018-05-16 19:31:41 - [TEST_STEP][PASSED] - delay: Delayed 2 second(s)

2018-05-16 19:31:43 - [MESSAGE][PASSED] - Delayed 2 second(s)

2018-05-16 19:31:43 - [TEST_STEP][PASSED] - click: Object: 'Object Repository/Store Request Schedule 1/Page_Store/input_chkrem' is clicked on

2018-05-16 19:31:43 - [MESSAGE][PASSED] - Object: 'Object Repository/Store Request Schedule 1/Page_Store/input_chkrem' is clicked on

2018-05-16 19:31:43 - [TEST_STEP][PASSED] - scrollToElement: Scroll to object 'Object Repository/Store Request Schedule 1/Page_Store/input_btchkroqadd' successfully

2018-05-16 19:31:43 - [MESSAGE][PASSED] - Scroll to object 'Object Repository/Store Request Schedule 1/Page_Store/input_btchkroqadd' successfully

2018-05-16 19:31:43 - [TEST_STEP][PASSED] - click: Object: 'Object Repository/Store Request Schedule 1/Page_Store/input_btchkroqadd' is clicked on

2018-05-16 19:31:43 - [MESSAGE][PASSED] - Object: 'Object Repository/Store Request Schedule 1/Page_Store/input_btchkroqadd' is clicked on

2018-05-16 19:31:43 - [TEST_STEP][PASSED] - delay: Delayed 2 second(s)

2018-05-16 19:31:45 - [MESSAGE][PASSED] - Delayed 2 second(s)

2018-05-16 19:31:45 - [TEST_STEP][PASSED] - refresh: Refresh successfully

2018-05-16 19:31:46 - [MESSAGE][PASSED] - Refresh successfully

2018-05-16 19:31:46 - [TEST_STEP][PASSED] - delay: Delayed 3 second(s)

2018-05-16 19:31:49 - [MESSAGE][PASSED] - Delayed 3 second(s)

2018-05-16 19:31:49 - [TEST_STEP][PASSED] - click: Object: 'Object Repository/Store Request Schedule 1/Page_Store/a_dropdown-toggle' is clicked on

2018-05-16 19:31:49 - [MESSAGE][PASSED] - Object: 'Object Repository/Store Request Schedule 1/Page_Store/a_dropdown-toggle' is clicked on

2018-05-16 19:31:49 - [TEST_STEP][PASSED] - click: Object: 'Object Repository/Store Request Schedule 1/Page_Store/a_Sign out' is clicked on

2018-05-16 19:31:49 - [MESSAGE][PASSED] - Object: 'Object Repository/Store Request Schedule 1/Page_Store/a_Sign out' is clicked on

2018-05-16 19:31:49 - [TEST_STEP][PASSED] - closeBrowser: Browser is closed

2018-05-16 19:31:50 - [MESSAGE][PASSED] - Browser is closed

2018-05-16 19:31:50 - [TEST_STEP][PASSED] - Statement - out.println("Schedule 12 STORE Request Are Working Successfully"): null]]></system-out>
         <system-err><![CDATA[]]></system-err>
      </testcase>
      <system-out><![CDATA[2018-05-16 18:31:11 - [TEST_SUITE][PASSED] - Store_Suit: Test Cases/STORE TO CMS REQUEST TEST CASES/TC_STCMS_012 To Verify Schedule 12 Store To CMS Request Are Working Successfully Or Not]]></system-out>
      <system-err><![CDATA[]]></system-err>
   </testsuite>
</testsuites>
