<?xml version="1.0" encoding="UTF-8"?>
<testsuites name="Pharmacy_Suite" time="2107" tests="6" failures="4" errors="1">
   <testsuite name="Pharmacy_Suite" tests="6" failures="4" errors="1" time="2107" timestamp="2018-05-15 16:55:10" hostname="Quality Analyst - DESKTOP-BLFTK83" id="Test Suites/Pharmacy_Suite">
      <properties>
         <property name="deviceName" value=""/>
         <property name="devicePlatform" value=""/>
         <property name="logFolder" value="C:\\Users\\Quality Analyst\\Katalon Studio\\ds\\Reports\\Pharmacy_Suite\\20180515_165509"/>
         <property name="logFiles" value="C:\\Users\\Quality Analyst\\Katalon Studio\\ds\\Reports\\Pharmacy_Suite\\20180515_165509\\execution0.log, C:\\Users\\Quality Analyst\\Katalon Studio\\ds\\Reports\\Pharmacy_Suite\\20180515_165509\\execution1.log"/>
         <property name="attachments" value="C:\\Users\\Quality Analyst\\Katalon Studio\\ds\\Reports\\Pharmacy_Suite\\20180515_165509\\1526384509566.png, C:\\Users\\Quality Analyst\\Katalon Studio\\ds\\Reports\\Pharmacy_Suite\\20180515_165509\\1526385002346.png, C:\\Users\\Quality Analyst\\Katalon Studio\\ds\\Reports\\Pharmacy_Suite\\20180515_165509\\1526385464269.png"/>
         <property name="hostName" value="Quality Analyst - DESKTOP-BLFTK83"/>
         <property name="os" value="Windows 10 64bit"/>
         <property name="katalonVersion" value="5.4.1.1"/>
         <property name="browser" value="Chrome 66.0.3359.139"/>
         <property name="hostAddress" value="192.168.71.2"/>
         <property name="sessionId" value="7a37d34a41df86fa8a3a841e7c33b130"/>
         <property name="seleniumVersion" value="3.7.1"/>
         <property name="proxyInformation" value="ProxyInformation{proxyOption=NO_PROXY, proxyServerType=HTTP, password=, proxyServerAddress=, proxyServerPort=0}"/>
         <property name="platform" value="Windows 10"/>
      </properties>
      <testcase name="Test Cases/PHARMACY TEST CASES/TC_PHAR_002 Verify Schedule 2 Pharmacy Request Are Working Successfully Or Not" classname="Test Cases/PHARMACY TEST CASES/TC_PHAR_002 Verify Schedule 2 Pharmacy Request Are Working Successfully Or Not" status="PASSED">
         <system-out><![CDATA[2018-05-15 16:55:11 - [TEST_CASE][PASSED] - Test Cases/PHARMACY TEST CASES/TC_PHAR_002 Verify Schedule 2 Pharmacy Request Are Working Successfully Or Not: Test Cases/PHARMACY TEST CASES/TC_PHAR_002 Verify Schedule 2 Pharmacy Request Are Working Successfully Or Not

2018-05-15 16:55:11 - [TEST_STEP][PASSED] - openBrowser: Browser is opened with url: ''

2018-05-15 16:55:14 - [MESSAGE][PASSED] - Browser is opened with url: ''

2018-05-15 16:55:14 - [TEST_STEP][PASSED] - Statement - out.println("Verify Schedule 2 Pharmacy Request Are Working Successfully Or Not"): null

2018-05-15 16:55:14 - [TEST_STEP][PASSED] - navigateToUrl: Navigate to 'http://192.168.137.1/multihospital_new/' successfully

2018-05-15 16:55:21 - [MESSAGE][PASSED] - Navigate to 'http://192.168.137.1/multihospital_new/' successfully

2018-05-15 16:55:21 - [TEST_STEP][PASSED] - maximizeWindow: Current window maximized

2018-05-15 16:55:22 - [MESSAGE][PASSED] - Current window maximized

2018-05-15 16:55:22 - [TEST_STEP][PASSED] - click: Object: 'Object Repository/PharmacyRequest/Page_KDMC/a_Pharmacy' is clicked on

2018-05-15 16:55:22 - [MESSAGE][PASSED] - Object: 'Object Repository/PharmacyRequest/Page_KDMC/a_Pharmacy' is clicked on

2018-05-15 16:55:22 - [TEST_STEP][PASSED] - setText: Text 'raja' is set on object 'Object Repository/PharmacyRequest/Page_Pharmacy login/input_txtusername'

2018-05-15 16:55:22 - [MESSAGE][PASSED] - Text 'raja' is set on object 'Object Repository/PharmacyRequest/Page_Pharmacy login/input_txtusername'

2018-05-15 16:55:22 - [TEST_STEP][PASSED] - setText: Text '123' is set on object 'Object Repository/PharmacyRequest/Page_Pharmacy login/input_txtpassword'

2018-05-15 16:55:23 - [MESSAGE][PASSED] - Text '123' is set on object 'Object Repository/PharmacyRequest/Page_Pharmacy login/input_txtpassword'

2018-05-15 16:55:23 - [TEST_STEP][PASSED] - delay: Delayed 3 second(s)

2018-05-15 16:55:26 - [MESSAGE][PASSED] - Delayed 3 second(s)

2018-05-15 16:55:26 - [TEST_STEP][PASSED] - click: Object: 'Object Repository/PharmacyRequest/Page_Pharmacy login/button_Sign in' is clicked on

2018-05-15 16:55:26 - [MESSAGE][PASSED] - Object: 'Object Repository/PharmacyRequest/Page_Pharmacy login/button_Sign in' is clicked on

2018-05-15 16:55:26 - [TEST_STEP][PASSED] - delay: Delayed 3 second(s)

2018-05-15 16:55:29 - [MESSAGE][PASSED] - Delayed 3 second(s)

2018-05-15 16:55:29 - [TEST_STEP][PASSED] - click: Object: 'Object Repository/PharmacyRequest/Page_KDMC - Pharmacy/a_Inventory' is clicked on

2018-05-15 16:55:31 - [MESSAGE][PASSED] - Object: 'Object Repository/PharmacyRequest/Page_KDMC - Pharmacy/a_Inventory' is clicked on

2018-05-15 16:55:31 - [TEST_STEP][PASSED] - delay: Delayed 3 second(s)

2018-05-15 16:55:34 - [MESSAGE][PASSED] - Delayed 3 second(s)

2018-05-15 16:55:34 - [TEST_STEP][PASSED] - click: Object: 'Object Repository/PharmacyRequest/Page_KDMC-Pharmacy/a_Store Request' is clicked on

2018-05-15 16:55:34 - [MESSAGE][PASSED] - Object: 'Object Repository/PharmacyRequest/Page_KDMC-Pharmacy/a_Store Request' is clicked on

2018-05-15 16:55:34 - [TEST_STEP][PASSED] - click: Object: 'Object Repository/PharmacyRequest/Page_KDMC-Pharmacy/a_Medicine Request' is clicked on

2018-05-15 16:55:34 - [MESSAGE][PASSED] - Object: 'Object Repository/PharmacyRequest/Page_KDMC-Pharmacy/a_Medicine Request' is clicked on

2018-05-15 16:55:34 - [TEST_STEP][PASSED] - selectOptionByIndex: All options with index in [2] are selected on object 'Object Repository/PharmacyRequest/Page_KDMC-Pharmacy/select_--Select--Schedule 1Inj'

2018-05-15 16:55:35 - [MESSAGE][PASSED] - All options with index in [2] are selected on object 'Object Repository/PharmacyRequest/Page_KDMC-Pharmacy/select_--Select--Schedule 1Inj'

2018-05-15 16:55:35 - [TEST_STEP][PASSED] - Statement - MedicineLength = com.kms.katalon.core.webui.keyword.WebUiBuiltInKeywords.getNumberOfTotalOption(com.kms.katalon.core.testobject.ObjectRepository.findTestObject(PharmacyRequest/Page_KDMC-Pharmacy/select_--Select--Albendazole)): 73 options of object 'Object Repository/PharmacyRequest/Page_KDMC-Pharmacy/select_--Select--Albendazole' counted

2018-05-15 16:55:35 - [MESSAGE][PASSED] - 73 options of object 'Object Repository/PharmacyRequest/Page_KDMC-Pharmacy/select_--Select--Albendazole' counted

2018-05-15 16:55:35 - [TEST_STEP][PASSED] - Statement - For ([l = 1, l <= MedicineLength - 1, (l++)]): Object: 'Object Repository/PharmacyRequest/Page_KDMC-Pharmacy/button_Add' is clicked on

2018-05-15 16:55:35 - [TEST_STEP][PASSED] - selectOptionByIndex: All options with index in [2] are selected on object 'Object Repository/PharmacyRequest/Page_KDMC-Pharmacy/select_--Select--Schedule 1Inj'

2018-05-15 16:55:35 - [MESSAGE][PASSED] - All options with index in [2] are selected on object 'Object Repository/PharmacyRequest/Page_KDMC-Pharmacy/select_--Select--Schedule 1Inj'

2018-05-15 16:55:35 - [TEST_STEP][PASSED] - selectOptionByIndex: All options with index in [1] are selected on object 'Object Repository/PharmacyRequest/Page_KDMC-Pharmacy/select_--Select--Albendazole'

2018-05-15 16:55:35 - [MESSAGE][PASSED] - All options with index in [1] are selected on object 'Object Repository/PharmacyRequest/Page_KDMC-Pharmacy/select_--Select--Albendazole'

2018-05-15 16:55:35 - [TEST_STEP][PASSED] - delay: Delayed 1 second(s)

2018-05-15 16:55:36 - [MESSAGE][PASSED] - Delayed 1 second(s)

2018-05-15 16:55:36 - [TEST_STEP][PASSED] - setText: Text '10' is set on object 'Object Repository/PharmacyRequest/Page_KDMC-Pharmacy/input_txttreat'

2018-05-15 16:55:36 - [MESSAGE][PASSED] - Text '10' is set on object 'Object Repository/PharmacyRequest/Page_KDMC-Pharmacy/input_txttreat'

2018-05-15 16:55:36 - [TEST_STEP][PASSED] - click: Object: 'Object Repository/PharmacyRequest/Page_KDMC-Pharmacy/button_Add' is clicked on

2018-05-15 16:55:36 - [MESSAGE][PASSED] - Object: 'Object Repository/PharmacyRequest/Page_KDMC-Pharmacy/button_Add' is clicked on

2018-05-15 16:55:36 - [TEST_STEP][PASSED] - selectOptionByIndex: All options with index in [2] are selected on object 'Object Repository/PharmacyRequest/Page_KDMC-Pharmacy/select_--Select--Schedule 1Inj'

2018-05-15 16:55:36 - [MESSAGE][PASSED] - All options with index in [2] are selected on object 'Object Repository/PharmacyRequest/Page_KDMC-Pharmacy/select_--Select--Schedule 1Inj'

2018-05-15 16:55:36 - [TEST_STEP][PASSED] - selectOptionByIndex: All options with index in [2] are selected on object 'Object Repository/PharmacyRequest/Page_KDMC-Pharmacy/select_--Select--Albendazole'

2018-05-15 16:55:37 - [MESSAGE][PASSED] - All options with index in [2] are selected on object 'Object Repository/PharmacyRequest/Page_KDMC-Pharmacy/select_--Select--Albendazole'

2018-05-15 16:55:37 - [TEST_STEP][PASSED] - delay: Delayed 1 second(s)

2018-05-15 16:55:38 - [MESSAGE][PASSED] - Delayed 1 second(s)

2018-05-15 16:55:38 - [TEST_STEP][PASSED] - setText: Text '10' is set on object 'Object Repository/PharmacyRequest/Page_KDMC-Pharmacy/input_txttreat'

2018-05-15 16:55:38 - [MESSAGE][PASSED] - Text '10' is set on object 'Object Repository/PharmacyRequest/Page_KDMC-Pharmacy/input_txttreat'

2018-05-15 16:55:38 - [TEST_STEP][PASSED] - click: Object: 'Object Repository/PharmacyRequest/Page_KDMC-Pharmacy/button_Add' is clicked on

2018-05-15 16:55:38 - [MESSAGE][PASSED] - Object: 'Object Repository/PharmacyRequest/Page_KDMC-Pharmacy/button_Add' is clicked on

2018-05-15 16:55:38 - [TEST_STEP][PASSED] - selectOptionByIndex: All options with index in [2] are selected on object 'Object Repository/PharmacyRequest/Page_KDMC-Pharmacy/select_--Select--Schedule 1Inj'

2018-05-15 16:55:38 - [MESSAGE][PASSED] - All options with index in [2] are selected on object 'Object Repository/PharmacyRequest/Page_KDMC-Pharmacy/select_--Select--Schedule 1Inj'

2018-05-15 16:55:38 - [TEST_STEP][PASSED] - selectOptionByIndex: All options with index in [3] are selected on object 'Object Repository/PharmacyRequest/Page_KDMC-Pharmacy/select_--Select--Albendazole'

2018-05-15 16:55:38 - [MESSAGE][PASSED] - All options with index in [3] are selected on object 'Object Repository/PharmacyRequest/Page_KDMC-Pharmacy/select_--Select--Albendazole'

2018-05-15 16:55:38 - [TEST_STEP][PASSED] - delay: Delayed 1 second(s)

2018-05-15 16:55:39 - [MESSAGE][PASSED] - Delayed 1 second(s)

2018-05-15 16:55:39 - [TEST_STEP][PASSED] - setText: Text '10' is set on object 'Object Repository/PharmacyRequest/Page_KDMC-Pharmacy/input_txttreat'

2018-05-15 16:55:39 - [MESSAGE][PASSED] - Text '10' is set on object 'Object Repository/PharmacyRequest/Page_KDMC-Pharmacy/input_txttreat'

2018-05-15 16:55:39 - [TEST_STEP][PASSED] - click: Object: 'Object Repository/PharmacyRequest/Page_KDMC-Pharmacy/button_Add' is clicked on

2018-05-15 16:55:39 - [MESSAGE][PASSED] - Object: 'Object Repository/PharmacyRequest/Page_KDMC-Pharmacy/button_Add' is clicked on

2018-05-15 16:55:39 - [TEST_STEP][PASSED] - selectOptionByIndex: All options with index in [2] are selected on object 'Object Repository/PharmacyRequest/Page_KDMC-Pharmacy/select_--Select--Schedule 1Inj'

2018-05-15 16:55:39 - [MESSAGE][PASSED] - All options with index in [2] are selected on object 'Object Repository/PharmacyRequest/Page_KDMC-Pharmacy/select_--Select--Schedule 1Inj'

2018-05-15 16:55:39 - [TEST_STEP][PASSED] - selectOptionByIndex: All options with index in [4] are selected on object 'Object Repository/PharmacyRequest/Page_KDMC-Pharmacy/select_--Select--Albendazole'

2018-05-15 16:55:39 - [MESSAGE][PASSED] - All options with index in [4] are selected on object 'Object Repository/PharmacyRequest/Page_KDMC-Pharmacy/select_--Select--Albendazole'

2018-05-15 16:55:39 - [TEST_STEP][PASSED] - delay: Delayed 1 second(s)

2018-05-15 16:55:40 - [MESSAGE][PASSED] - Delayed 1 second(s)

2018-05-15 16:55:40 - [TEST_STEP][PASSED] - setText: Text '10' is set on object 'Object Repository/PharmacyRequest/Page_KDMC-Pharmacy/input_txttreat'

2018-05-15 16:55:41 - [MESSAGE][PASSED] - Text '10' is set on object 'Object Repository/PharmacyRequest/Page_KDMC-Pharmacy/input_txttreat'

2018-05-15 16:55:41 - [TEST_STEP][PASSED] - click: Object: 'Object Repository/PharmacyRequest/Page_KDMC-Pharmacy/button_Add' is clicked on

2018-05-15 16:55:41 - [MESSAGE][PASSED] - Object: 'Object Repository/PharmacyRequest/Page_KDMC-Pharmacy/button_Add' is clicked on

2018-05-15 16:55:41 - [TEST_STEP][PASSED] - selectOptionByIndex: All options with index in [2] are selected on object 'Object Repository/PharmacyRequest/Page_KDMC-Pharmacy/select_--Select--Schedule 1Inj'

2018-05-15 16:55:41 - [MESSAGE][PASSED] - All options with index in [2] are selected on object 'Object Repository/PharmacyRequest/Page_KDMC-Pharmacy/select_--Select--Schedule 1Inj'

2018-05-15 16:55:41 - [TEST_STEP][PASSED] - selectOptionByIndex: All options with index in [5] are selected on object 'Object Repository/PharmacyRequest/Page_KDMC-Pharmacy/select_--Select--Albendazole'

2018-05-15 16:55:41 - [MESSAGE][PASSED] - All options with index in [5] are selected on object 'Object Repository/PharmacyRequest/Page_KDMC-Pharmacy/select_--Select--Albendazole'

2018-05-15 16:55:41 - [TEST_STEP][PASSED] - delay: Delayed 1 second(s)

2018-05-15 16:55:42 - [MESSAGE][PASSED] - Delayed 1 second(s)

2018-05-15 16:55:42 - [TEST_STEP][PASSED] - setText: Text '10' is set on object 'Object Repository/PharmacyRequest/Page_KDMC-Pharmacy/input_txttreat'

2018-05-15 16:55:42 - [MESSAGE][PASSED] - Text '10' is set on object 'Object Repository/PharmacyRequest/Page_KDMC-Pharmacy/input_txttreat'

2018-05-15 16:55:42 - [TEST_STEP][PASSED] - click: Object: 'Object Repository/PharmacyRequest/Page_KDMC-Pharmacy/button_Add' is clicked on

2018-05-15 16:55:42 - [MESSAGE][PASSED] - Object: 'Object Repository/PharmacyRequest/Page_KDMC-Pharmacy/button_Add' is clicked on

2018-05-15 16:55:42 - [TEST_STEP][PASSED] - selectOptionByIndex: All options with index in [2] are selected on object 'Object Repository/PharmacyRequest/Page_KDMC-Pharmacy/select_--Select--Schedule 1Inj'

2018-05-15 16:55:42 - [MESSAGE][PASSED] - All options with index in [2] are selected on object 'Object Repository/PharmacyRequest/Page_KDMC-Pharmacy/select_--Select--Schedule 1Inj'

2018-05-15 16:55:42 - [TEST_STEP][PASSED] - selectOptionByIndex: All options with index in [6] are selected on object 'Object Repository/PharmacyRequest/Page_KDMC-Pharmacy/select_--Select--Albendazole'

2018-05-15 16:55:42 - [MESSAGE][PASSED] - All options with index in [6] are selected on object 'Object Repository/PharmacyRequest/Page_KDMC-Pharmacy/select_--Select--Albendazole'

2018-05-15 16:55:42 - [TEST_STEP][PASSED] - delay: Delayed 1 second(s)

2018-05-15 16:55:43 - [MESSAGE][PASSED] - Delayed 1 second(s)

2018-05-15 16:55:43 - [TEST_STEP][PASSED] - setText: Text '10' is set on object 'Object Repository/PharmacyRequest/Page_KDMC-Pharmacy/input_txttreat'

2018-05-15 16:55:44 - [MESSAGE][PASSED] - Text '10' is set on object 'Object Repository/PharmacyRequest/Page_KDMC-Pharmacy/input_txttreat'

2018-05-15 16:55:44 - [TEST_STEP][PASSED] - click: Object: 'Object Repository/PharmacyRequest/Page_KDMC-Pharmacy/button_Add' is clicked on

2018-05-15 16:55:44 - [MESSAGE][PASSED] - Object: 'Object Repository/PharmacyRequest/Page_KDMC-Pharmacy/button_Add' is clicked on

2018-05-15 16:55:44 - [TEST_STEP][PASSED] - selectOptionByIndex: All options with index in [2] are selected on object 'Object Repository/PharmacyRequest/Page_KDMC-Pharmacy/select_--Select--Schedule 1Inj'

2018-05-15 16:55:44 - [MESSAGE][PASSED] - All options with index in [2] are selected on object 'Object Repository/PharmacyRequest/Page_KDMC-Pharmacy/select_--Select--Schedule 1Inj'

2018-05-15 16:55:44 - [TEST_STEP][PASSED] - selectOptionByIndex: All options with index in [7] are selected on object 'Object Repository/PharmacyRequest/Page_KDMC-Pharmacy/select_--Select--Albendazole'

2018-05-15 16:55:44 - [MESSAGE][PASSED] - All options with index in [7] are selected on object 'Object Repository/PharmacyRequest/Page_KDMC-Pharmacy/select_--Select--Albendazole'

2018-05-15 16:55:44 - [TEST_STEP][PASSED] - delay: Delayed 1 second(s)

2018-05-15 16:55:45 - [MESSAGE][PASSED] - Delayed 1 second(s)

2018-05-15 16:55:45 - [TEST_STEP][PASSED] - setText: Text '10' is set on object 'Object Repository/PharmacyRequest/Page_KDMC-Pharmacy/input_txttreat'

2018-05-15 16:55:45 - [MESSAGE][PASSED] - Text '10' is set on object 'Object Repository/PharmacyRequest/Page_KDMC-Pharmacy/input_txttreat'

2018-05-15 16:55:45 - [TEST_STEP][PASSED] - click: Object: 'Object Repository/PharmacyRequest/Page_KDMC-Pharmacy/button_Add' is clicked on

2018-05-15 16:55:45 - [MESSAGE][PASSED] - Object: 'Object Repository/PharmacyRequest/Page_KDMC-Pharmacy/button_Add' is clicked on

2018-05-15 16:55:45 - [TEST_STEP][PASSED] - selectOptionByIndex: All options with index in [2] are selected on object 'Object Repository/PharmacyRequest/Page_KDMC-Pharmacy/select_--Select--Schedule 1Inj'

2018-05-15 16:55:45 - [MESSAGE][PASSED] - All options with index in [2] are selected on object 'Object Repository/PharmacyRequest/Page_KDMC-Pharmacy/select_--Select--Schedule 1Inj'

2018-05-15 16:55:45 - [TEST_STEP][PASSED] - selectOptionByIndex: All options with index in [8] are selected on object 'Object Repository/PharmacyRequest/Page_KDMC-Pharmacy/select_--Select--Albendazole'

2018-05-15 16:55:45 - [MESSAGE][PASSED] - All options with index in [8] are selected on object 'Object Repository/PharmacyRequest/Page_KDMC-Pharmacy/select_--Select--Albendazole'

2018-05-15 16:55:45 - [TEST_STEP][PASSED] - delay: Delayed 1 second(s)

2018-05-15 16:55:46 - [MESSAGE][PASSED] - Delayed 1 second(s)

2018-05-15 16:55:46 - [TEST_STEP][PASSED] - setText: Text '10' is set on object 'Object Repository/PharmacyRequest/Page_KDMC-Pharmacy/input_txttreat'

2018-05-15 16:55:47 - [MESSAGE][PASSED] - Text '10' is set on object 'Object Repository/PharmacyRequest/Page_KDMC-Pharmacy/input_txttreat'

2018-05-15 16:55:47 - [TEST_STEP][PASSED] - click: Object: 'Object Repository/PharmacyRequest/Page_KDMC-Pharmacy/button_Add' is clicked on

2018-05-15 16:55:47 - [MESSAGE][PASSED] - Object: 'Object Repository/PharmacyRequest/Page_KDMC-Pharmacy/button_Add' is clicked on

2018-05-15 16:55:47 - [TEST_STEP][PASSED] - selectOptionByIndex: All options with index in [2] are selected on object 'Object Repository/PharmacyRequest/Page_KDMC-Pharmacy/select_--Select--Schedule 1Inj'

2018-05-15 16:55:47 - [MESSAGE][PASSED] - All options with index in [2] are selected on object 'Object Repository/PharmacyRequest/Page_KDMC-Pharmacy/select_--Select--Schedule 1Inj'

2018-05-15 16:55:47 - [TEST_STEP][PASSED] - selectOptionByIndex: All options with index in [9] are selected on object 'Object Repository/PharmacyRequest/Page_KDMC-Pharmacy/select_--Select--Albendazole'

2018-05-15 16:55:47 - [MESSAGE][PASSED] - All options with index in [9] are selected on object 'Object Repository/PharmacyRequest/Page_KDMC-Pharmacy/select_--Select--Albendazole'

2018-05-15 16:55:47 - [TEST_STEP][PASSED] - delay: Delayed 1 second(s)

2018-05-15 16:55:48 - [MESSAGE][PASSED] - Delayed 1 second(s)

2018-05-15 16:55:48 - [TEST_STEP][PASSED] - setText: Text '10' is set on object 'Object Repository/PharmacyRequest/Page_KDMC-Pharmacy/input_txttreat'

2018-05-15 16:55:48 - [MESSAGE][PASSED] - Text '10' is set on object 'Object Repository/PharmacyRequest/Page_KDMC-Pharmacy/input_txttreat'

2018-05-15 16:55:48 - [TEST_STEP][PASSED] - click: Object: 'Object Repository/PharmacyRequest/Page_KDMC-Pharmacy/button_Add' is clicked on

2018-05-15 16:55:48 - [MESSAGE][PASSED] - Object: 'Object Repository/PharmacyRequest/Page_KDMC-Pharmacy/button_Add' is clicked on

2018-05-15 16:55:48 - [TEST_STEP][PASSED] - selectOptionByIndex: All options with index in [2] are selected on object 'Object Repository/PharmacyRequest/Page_KDMC-Pharmacy/select_--Select--Schedule 1Inj'

2018-05-15 16:55:48 - [MESSAGE][PASSED] - All options with index in [2] are selected on object 'Object Repository/PharmacyRequest/Page_KDMC-Pharmacy/select_--Select--Schedule 1Inj'

2018-05-15 16:55:48 - [TEST_STEP][PASSED] - selectOptionByIndex: All options with index in [10] are selected on object 'Object Repository/PharmacyRequest/Page_KDMC-Pharmacy/select_--Select--Albendazole'

2018-05-15 16:55:48 - [MESSAGE][PASSED] - All options with index in [10] are selected on object 'Object Repository/PharmacyRequest/Page_KDMC-Pharmacy/select_--Select--Albendazole'

2018-05-15 16:55:48 - [TEST_STEP][PASSED] - delay: Delayed 1 second(s)

2018-05-15 16:55:49 - [MESSAGE][PASSED] - Delayed 1 second(s)

2018-05-15 16:55:49 - [TEST_STEP][PASSED] - setText: Text '10' is set on object 'Object Repository/PharmacyRequest/Page_KDMC-Pharmacy/input_txttreat'

2018-05-15 16:55:49 - [MESSAGE][PASSED] - Text '10' is set on object 'Object Repository/PharmacyRequest/Page_KDMC-Pharmacy/input_txttreat'

2018-05-15 16:55:49 - [TEST_STEP][PASSED] - click: Object: 'Object Repository/PharmacyRequest/Page_KDMC-Pharmacy/button_Add' is clicked on

2018-05-15 16:55:50 - [MESSAGE][PASSED] - Object: 'Object Repository/PharmacyRequest/Page_KDMC-Pharmacy/button_Add' is clicked on

2018-05-15 16:55:50 - [TEST_STEP][PASSED] - selectOptionByIndex: All options with index in [2] are selected on object 'Object Repository/PharmacyRequest/Page_KDMC-Pharmacy/select_--Select--Schedule 1Inj'

2018-05-15 16:55:50 - [MESSAGE][PASSED] - All options with index in [2] are selected on object 'Object Repository/PharmacyRequest/Page_KDMC-Pharmacy/select_--Select--Schedule 1Inj'

2018-05-15 16:55:50 - [TEST_STEP][PASSED] - selectOptionByIndex: All options with index in [11] are selected on object 'Object Repository/PharmacyRequest/Page_KDMC-Pharmacy/select_--Select--Albendazole'

2018-05-15 16:55:50 - [MESSAGE][PASSED] - All options with index in [11] are selected on object 'Object Repository/PharmacyRequest/Page_KDMC-Pharmacy/select_--Select--Albendazole'

2018-05-15 16:55:50 - [TEST_STEP][PASSED] - delay: Delayed 1 second(s)

2018-05-15 16:55:51 - [MESSAGE][PASSED] - Delayed 1 second(s)

2018-05-15 16:55:51 - [TEST_STEP][PASSED] - setText: Text '10' is set on object 'Object Repository/PharmacyRequest/Page_KDMC-Pharmacy/input_txttreat'

2018-05-15 16:55:51 - [MESSAGE][PASSED] - Text '10' is set on object 'Object Repository/PharmacyRequest/Page_KDMC-Pharmacy/input_txttreat'

2018-05-15 16:55:51 - [TEST_STEP][PASSED] - click: Object: 'Object Repository/PharmacyRequest/Page_KDMC-Pharmacy/button_Add' is clicked on

2018-05-15 16:55:51 - [MESSAGE][PASSED] - Object: 'Object Repository/PharmacyRequest/Page_KDMC-Pharmacy/button_Add' is clicked on

2018-05-15 16:55:51 - [TEST_STEP][PASSED] - selectOptionByIndex: All options with index in [2] are selected on object 'Object Repository/PharmacyRequest/Page_KDMC-Pharmacy/select_--Select--Schedule 1Inj'

2018-05-15 16:55:51 - [MESSAGE][PASSED] - All options with index in [2] are selected on object 'Object Repository/PharmacyRequest/Page_KDMC-Pharmacy/select_--Select--Schedule 1Inj'

2018-05-15 16:55:51 - [TEST_STEP][PASSED] - selectOptionByIndex: All options with index in [12] are selected on object 'Object Repository/PharmacyRequest/Page_KDMC-Pharmacy/select_--Select--Albendazole'

2018-05-15 16:55:51 - [MESSAGE][PASSED] - All options with index in [12] are selected on object 'Object Repository/PharmacyRequest/Page_KDMC-Pharmacy/select_--Select--Albendazole'

2018-05-15 16:55:51 - [TEST_STEP][PASSED] - delay: Delayed 1 second(s)

2018-05-15 16:55:52 - [MESSAGE][PASSED] - Delayed 1 second(s)

2018-05-15 16:55:52 - [TEST_STEP][PASSED] - setText: Text '10' is set on object 'Object Repository/PharmacyRequest/Page_KDMC-Pharmacy/input_txttreat'

2018-05-15 16:55:52 - [MESSAGE][PASSED] - Text '10' is set on object 'Object Repository/PharmacyRequest/Page_KDMC-Pharmacy/input_txttreat'

2018-05-15 16:55:52 - [TEST_STEP][PASSED] - click: Object: 'Object Repository/PharmacyRequest/Page_KDMC-Pharmacy/button_Add' is clicked on

2018-05-15 16:55:53 - [MESSAGE][PASSED] - Object: 'Object Repository/PharmacyRequest/Page_KDMC-Pharmacy/button_Add' is clicked on

2018-05-15 16:55:53 - [TEST_STEP][PASSED] - selectOptionByIndex: All options with index in [2] are selected on object 'Object Repository/PharmacyRequest/Page_KDMC-Pharmacy/select_--Select--Schedule 1Inj'

2018-05-15 16:55:53 - [MESSAGE][PASSED] - All options with index in [2] are selected on object 'Object Repository/PharmacyRequest/Page_KDMC-Pharmacy/select_--Select--Schedule 1Inj'

2018-05-15 16:55:53 - [TEST_STEP][PASSED] - selectOptionByIndex: All options with index in [13] are selected on object 'Object Repository/PharmacyRequest/Page_KDMC-Pharmacy/select_--Select--Albendazole'

2018-05-15 16:55:53 - [MESSAGE][PASSED] - All options with index in [13] are selected on object 'Object Repository/PharmacyRequest/Page_KDMC-Pharmacy/select_--Select--Albendazole'

2018-05-15 16:55:53 - [TEST_STEP][PASSED] - delay: Delayed 1 second(s)

2018-05-15 16:55:54 - [MESSAGE][PASSED] - Delayed 1 second(s)

2018-05-15 16:55:54 - [TEST_STEP][PASSED] - setText: Text '10' is set on object 'Object Repository/PharmacyRequest/Page_KDMC-Pharmacy/input_txttreat'

2018-05-15 16:55:54 - [MESSAGE][PASSED] - Text '10' is set on object 'Object Repository/PharmacyRequest/Page_KDMC-Pharmacy/input_txttreat'

2018-05-15 16:55:54 - [TEST_STEP][PASSED] - click: Object: 'Object Repository/PharmacyRequest/Page_KDMC-Pharmacy/button_Add' is clicked on

2018-05-15 16:55:54 - [MESSAGE][PASSED] - Object: 'Object Repository/PharmacyRequest/Page_KDMC-Pharmacy/button_Add' is clicked on

2018-05-15 16:55:54 - [TEST_STEP][PASSED] - selectOptionByIndex: All options with index in [2] are selected on object 'Object Repository/PharmacyRequest/Page_KDMC-Pharmacy/select_--Select--Schedule 1Inj'

2018-05-15 16:55:54 - [MESSAGE][PASSED] - All options with index in [2] are selected on object 'Object Repository/PharmacyRequest/Page_KDMC-Pharmacy/select_--Select--Schedule 1Inj'

2018-05-15 16:55:54 - [TEST_STEP][PASSED] - selectOptionByIndex: All options with index in [14] are selected on object 'Object Repository/PharmacyRequest/Page_KDMC-Pharmacy/select_--Select--Albendazole'

2018-05-15 16:55:54 - [MESSAGE][PASSED] - All options with index in [14] are selected on object 'Object Repository/PharmacyRequest/Page_KDMC-Pharmacy/select_--Select--Albendazole'

2018-05-15 16:55:54 - [TEST_STEP][PASSED] - delay: Delayed 1 second(s)

2018-05-15 16:55:55 - [MESSAGE][PASSED] - Delayed 1 second(s)

2018-05-15 16:55:55 - [TEST_STEP][PASSED] - setText: Text '10' is set on object 'Object Repository/PharmacyRequest/Page_KDMC-Pharmacy/input_txttreat'

2018-05-15 16:55:56 - [MESSAGE][PASSED] - Text '10' is set on object 'Object Repository/PharmacyRequest/Page_KDMC-Pharmacy/input_txttreat'

2018-05-15 16:55:56 - [TEST_STEP][PASSED] - click: Object: 'Object Repository/PharmacyRequest/Page_KDMC-Pharmacy/button_Add' is clicked on

2018-05-15 16:55:56 - [MESSAGE][PASSED] - Object: 'Object Repository/PharmacyRequest/Page_KDMC-Pharmacy/button_Add' is clicked on

2018-05-15 16:55:56 - [TEST_STEP][PASSED] - selectOptionByIndex: All options with index in [2] are selected on object 'Object Repository/PharmacyRequest/Page_KDMC-Pharmacy/select_--Select--Schedule 1Inj'

2018-05-15 16:55:56 - [MESSAGE][PASSED] - All options with index in [2] are selected on object 'Object Repository/PharmacyRequest/Page_KDMC-Pharmacy/select_--Select--Schedule 1Inj'

2018-05-15 16:55:56 - [TEST_STEP][PASSED] - selectOptionByIndex: All options with index in [15] are selected on object 'Object Repository/PharmacyRequest/Page_KDMC-Pharmacy/select_--Select--Albendazole'

2018-05-15 16:55:56 - [MESSAGE][PASSED] - All options with index in [15] are selected on object 'Object Repository/PharmacyRequest/Page_KDMC-Pharmacy/select_--Select--Albendazole'

2018-05-15 16:55:56 - [TEST_STEP][PASSED] - delay: Delayed 1 second(s)

2018-05-15 16:55:57 - [MESSAGE][PASSED] - Delayed 1 second(s)

2018-05-15 16:55:57 - [TEST_STEP][PASSED] - setText: Text '10' is set on object 'Object Repository/PharmacyRequest/Page_KDMC-Pharmacy/input_txttreat'

2018-05-15 16:55:57 - [MESSAGE][PASSED] - Text '10' is set on object 'Object Repository/PharmacyRequest/Page_KDMC-Pharmacy/input_txttreat'

2018-05-15 16:55:57 - [TEST_STEP][PASSED] - click: Object: 'Object Repository/PharmacyRequest/Page_KDMC-Pharmacy/button_Add' is clicked on

2018-05-15 16:55:57 - [MESSAGE][PASSED] - Object: 'Object Repository/PharmacyRequest/Page_KDMC-Pharmacy/button_Add' is clicked on

2018-05-15 16:55:57 - [TEST_STEP][PASSED] - selectOptionByIndex: All options with index in [2] are selected on object 'Object Repository/PharmacyRequest/Page_KDMC-Pharmacy/select_--Select--Schedule 1Inj'

2018-05-15 16:55:57 - [MESSAGE][PASSED] - All options with index in [2] are selected on object 'Object Repository/PharmacyRequest/Page_KDMC-Pharmacy/select_--Select--Schedule 1Inj'

2018-05-15 16:55:57 - [TEST_STEP][PASSED] - selectOptionByIndex: All options with index in [16] are selected on object 'Object Repository/PharmacyRequest/Page_KDMC-Pharmacy/select_--Select--Albendazole'

2018-05-15 16:55:58 - [MESSAGE][PASSED] - All options with index in [16] are selected on object 'Object Repository/PharmacyRequest/Page_KDMC-Pharmacy/select_--Select--Albendazole'

2018-05-15 16:55:58 - [TEST_STEP][PASSED] - delay: Delayed 1 second(s)

2018-05-15 16:55:59 - [MESSAGE][PASSED] - Delayed 1 second(s)

2018-05-15 16:55:59 - [TEST_STEP][PASSED] - setText: Text '10' is set on object 'Object Repository/PharmacyRequest/Page_KDMC-Pharmacy/input_txttreat'

2018-05-15 16:55:59 - [MESSAGE][PASSED] - Text '10' is set on object 'Object Repository/PharmacyRequest/Page_KDMC-Pharmacy/input_txttreat'

2018-05-15 16:55:59 - [TEST_STEP][PASSED] - click: Object: 'Object Repository/PharmacyRequest/Page_KDMC-Pharmacy/button_Add' is clicked on

2018-05-15 16:55:59 - [MESSAGE][PASSED] - Object: 'Object Repository/PharmacyRequest/Page_KDMC-Pharmacy/button_Add' is clicked on

2018-05-15 16:55:59 - [TEST_STEP][PASSED] - selectOptionByIndex: All options with index in [2] are selected on object 'Object Repository/PharmacyRequest/Page_KDMC-Pharmacy/select_--Select--Schedule 1Inj'

2018-05-15 16:55:59 - [MESSAGE][PASSED] - All options with index in [2] are selected on object 'Object Repository/PharmacyRequest/Page_KDMC-Pharmacy/select_--Select--Schedule 1Inj'

2018-05-15 16:55:59 - [TEST_STEP][PASSED] - selectOptionByIndex: All options with index in [17] are selected on object 'Object Repository/PharmacyRequest/Page_KDMC-Pharmacy/select_--Select--Albendazole'

2018-05-15 16:55:59 - [MESSAGE][PASSED] - All options with index in [17] are selected on object 'Object Repository/PharmacyRequest/Page_KDMC-Pharmacy/select_--Select--Albendazole'

2018-05-15 16:55:59 - [TEST_STEP][PASSED] - delay: Delayed 1 second(s)

2018-05-15 16:56:00 - [MESSAGE][PASSED] - Delayed 1 second(s)

2018-05-15 16:56:00 - [TEST_STEP][PASSED] - setText: Text '10' is set on object 'Object Repository/PharmacyRequest/Page_KDMC-Pharmacy/input_txttreat'

2018-05-15 16:56:00 - [MESSAGE][PASSED] - Text '10' is set on object 'Object Repository/PharmacyRequest/Page_KDMC-Pharmacy/input_txttreat'

2018-05-15 16:56:00 - [TEST_STEP][PASSED] - click: Object: 'Object Repository/PharmacyRequest/Page_KDMC-Pharmacy/button_Add' is clicked on

2018-05-15 16:56:00 - [MESSAGE][PASSED] - Object: 'Object Repository/PharmacyRequest/Page_KDMC-Pharmacy/button_Add' is clicked on

2018-05-15 16:56:00 - [TEST_STEP][PASSED] - selectOptionByIndex: All options with index in [2] are selected on object 'Object Repository/PharmacyRequest/Page_KDMC-Pharmacy/select_--Select--Schedule 1Inj'

2018-05-15 16:56:00 - [MESSAGE][PASSED] - All options with index in [2] are selected on object 'Object Repository/PharmacyRequest/Page_KDMC-Pharmacy/select_--Select--Schedule 1Inj'

2018-05-15 16:56:00 - [TEST_STEP][PASSED] - selectOptionByIndex: All options with index in [18] are selected on object 'Object Repository/PharmacyRequest/Page_KDMC-Pharmacy/select_--Select--Albendazole'

2018-05-15 16:56:01 - [MESSAGE][PASSED] - All options with index in [18] are selected on object 'Object Repository/PharmacyRequest/Page_KDMC-Pharmacy/select_--Select--Albendazole'

2018-05-15 16:56:01 - [TEST_STEP][PASSED] - delay: Delayed 1 second(s)

2018-05-15 16:56:02 - [MESSAGE][PASSED] - Delayed 1 second(s)

2018-05-15 16:56:02 - [TEST_STEP][PASSED] - setText: Text '10' is set on object 'Object Repository/PharmacyRequest/Page_KDMC-Pharmacy/input_txttreat'

2018-05-15 16:56:02 - [MESSAGE][PASSED] - Text '10' is set on object 'Object Repository/PharmacyRequest/Page_KDMC-Pharmacy/input_txttreat'

2018-05-15 16:56:02 - [TEST_STEP][PASSED] - click: Object: 'Object Repository/PharmacyRequest/Page_KDMC-Pharmacy/button_Add' is clicked on

2018-05-15 16:56:02 - [MESSAGE][PASSED] - Object: 'Object Repository/PharmacyRequest/Page_KDMC-Pharmacy/button_Add' is clicked on

2018-05-15 16:56:02 - [TEST_STEP][PASSED] - selectOptionByIndex: All options with index in [2] are selected on object 'Object Repository/PharmacyRequest/Page_KDMC-Pharmacy/select_--Select--Schedule 1Inj'

2018-05-15 16:56:02 - [MESSAGE][PASSED] - All options with index in [2] are selected on object 'Object Repository/PharmacyRequest/Page_KDMC-Pharmacy/select_--Select--Schedule 1Inj'

2018-05-15 16:56:02 - [TEST_STEP][PASSED] - selectOptionByIndex: All options with index in [19] are selected on object 'Object Repository/PharmacyRequest/Page_KDMC-Pharmacy/select_--Select--Albendazole'

2018-05-15 16:56:02 - [MESSAGE][PASSED] - All options with index in [19] are selected on object 'Object Repository/PharmacyRequest/Page_KDMC-Pharmacy/select_--Select--Albendazole'

2018-05-15 16:56:02 - [TEST_STEP][PASSED] - delay: Delayed 1 second(s)

2018-05-15 16:56:03 - [MESSAGE][PASSED] - Delayed 1 second(s)

2018-05-15 16:56:03 - [TEST_STEP][PASSED] - setText: Text '10' is set on object 'Object Repository/PharmacyRequest/Page_KDMC-Pharmacy/input_txttreat'

2018-05-15 16:56:03 - [MESSAGE][PASSED] - Text '10' is set on object 'Object Repository/PharmacyRequest/Page_KDMC-Pharmacy/input_txttreat'

2018-05-15 16:56:03 - [TEST_STEP][PASSED] - click: Object: 'Object Repository/PharmacyRequest/Page_KDMC-Pharmacy/button_Add' is clicked on

2018-05-15 16:56:03 - [MESSAGE][PASSED] - Object: 'Object Repository/PharmacyRequest/Page_KDMC-Pharmacy/button_Add' is clicked on

2018-05-15 16:56:03 - [TEST_STEP][PASSED] - selectOptionByIndex: All options with index in [2] are selected on object 'Object Repository/PharmacyRequest/Page_KDMC-Pharmacy/select_--Select--Schedule 1Inj'

2018-05-15 16:56:04 - [MESSAGE][PASSED] - All options with index in [2] are selected on object 'Object Repository/PharmacyRequest/Page_KDMC-Pharmacy/select_--Select--Schedule 1Inj'

2018-05-15 16:56:04 - [TEST_STEP][PASSED] - selectOptionByIndex: All options with index in [20] are selected on object 'Object Repository/PharmacyRequest/Page_KDMC-Pharmacy/select_--Select--Albendazole'

2018-05-15 16:56:04 - [MESSAGE][PASSED] - All options with index in [20] are selected on object 'Object Repository/PharmacyRequest/Page_KDMC-Pharmacy/select_--Select--Albendazole'

2018-05-15 16:56:04 - [TEST_STEP][PASSED] - delay: Delayed 1 second(s)

2018-05-15 16:56:05 - [MESSAGE][PASSED] - Delayed 1 second(s)

2018-05-15 16:56:05 - [TEST_STEP][PASSED] - setText: Text '10' is set on object 'Object Repository/PharmacyRequest/Page_KDMC-Pharmacy/input_txttreat'

2018-05-15 16:56:05 - [MESSAGE][PASSED] - Text '10' is set on object 'Object Repository/PharmacyRequest/Page_KDMC-Pharmacy/input_txttreat'

2018-05-15 16:56:05 - [TEST_STEP][PASSED] - click: Object: 'Object Repository/PharmacyRequest/Page_KDMC-Pharmacy/button_Add' is clicked on

2018-05-15 16:56:05 - [MESSAGE][PASSED] - Object: 'Object Repository/PharmacyRequest/Page_KDMC-Pharmacy/button_Add' is clicked on

2018-05-15 16:56:05 - [TEST_STEP][PASSED] - selectOptionByIndex: All options with index in [2] are selected on object 'Object Repository/PharmacyRequest/Page_KDMC-Pharmacy/select_--Select--Schedule 1Inj'

2018-05-15 16:56:05 - [MESSAGE][PASSED] - All options with index in [2] are selected on object 'Object Repository/PharmacyRequest/Page_KDMC-Pharmacy/select_--Select--Schedule 1Inj'

2018-05-15 16:56:05 - [TEST_STEP][PASSED] - selectOptionByIndex: All options with index in [21] are selected on object 'Object Repository/PharmacyRequest/Page_KDMC-Pharmacy/select_--Select--Albendazole'

2018-05-15 16:56:05 - [MESSAGE][PASSED] - All options with index in [21] are selected on object 'Object Repository/PharmacyRequest/Page_KDMC-Pharmacy/select_--Select--Albendazole'

2018-05-15 16:56:05 - [TEST_STEP][PASSED] - delay: Delayed 1 second(s)

2018-05-15 16:56:06 - [MESSAGE][PASSED] - Delayed 1 second(s)

2018-05-15 16:56:06 - [TEST_STEP][PASSED] - setText: Text '10' is set on object 'Object Repository/PharmacyRequest/Page_KDMC-Pharmacy/input_txttreat'

2018-05-15 16:56:07 - [MESSAGE][PASSED] - Text '10' is set on object 'Object Repository/PharmacyRequest/Page_KDMC-Pharmacy/input_txttreat'

2018-05-15 16:56:07 - [TEST_STEP][PASSED] - click: Object: 'Object Repository/PharmacyRequest/Page_KDMC-Pharmacy/button_Add' is clicked on

2018-05-15 16:56:07 - [MESSAGE][PASSED] - Object: 'Object Repository/PharmacyRequest/Page_KDMC-Pharmacy/button_Add' is clicked on

2018-05-15 16:56:07 - [TEST_STEP][PASSED] - selectOptionByIndex: All options with index in [2] are selected on object 'Object Repository/PharmacyRequest/Page_KDMC-Pharmacy/select_--Select--Schedule 1Inj'

2018-05-15 16:56:07 - [MESSAGE][PASSED] - All options with index in [2] are selected on object 'Object Repository/PharmacyRequest/Page_KDMC-Pharmacy/select_--Select--Schedule 1Inj'

2018-05-15 16:56:07 - [TEST_STEP][PASSED] - selectOptionByIndex: All options with index in [22] are selected on object 'Object Repository/PharmacyRequest/Page_KDMC-Pharmacy/select_--Select--Albendazole'

2018-05-15 16:56:07 - [MESSAGE][PASSED] - All options with index in [22] are selected on object 'Object Repository/PharmacyRequest/Page_KDMC-Pharmacy/select_--Select--Albendazole'

2018-05-15 16:56:07 - [TEST_STEP][PASSED] - delay: Delayed 1 second(s)

2018-05-15 16:56:08 - [MESSAGE][PASSED] - Delayed 1 second(s)

2018-05-15 16:56:08 - [TEST_STEP][PASSED] - setText: Text '10' is set on object 'Object Repository/PharmacyRequest/Page_KDMC-Pharmacy/input_txttreat'

2018-05-15 16:56:08 - [MESSAGE][PASSED] - Text '10' is set on object 'Object Repository/PharmacyRequest/Page_KDMC-Pharmacy/input_txttreat'

2018-05-15 16:56:08 - [TEST_STEP][PASSED] - click: Object: 'Object Repository/PharmacyRequest/Page_KDMC-Pharmacy/button_Add' is clicked on

2018-05-15 16:56:08 - [MESSAGE][PASSED] - Object: 'Object Repository/PharmacyRequest/Page_KDMC-Pharmacy/button_Add' is clicked on

2018-05-15 16:56:08 - [TEST_STEP][PASSED] - selectOptionByIndex: All options with index in [2] are selected on object 'Object Repository/PharmacyRequest/Page_KDMC-Pharmacy/select_--Select--Schedule 1Inj'

2018-05-15 16:56:08 - [MESSAGE][PASSED] - All options with index in [2] are selected on object 'Object Repository/PharmacyRequest/Page_KDMC-Pharmacy/select_--Select--Schedule 1Inj'

2018-05-15 16:56:08 - [TEST_STEP][PASSED] - selectOptionByIndex: All options with index in [23] are selected on object 'Object Repository/PharmacyRequest/Page_KDMC-Pharmacy/select_--Select--Albendazole'

2018-05-15 16:56:09 - [MESSAGE][PASSED] - All options with index in [23] are selected on object 'Object Repository/PharmacyRequest/Page_KDMC-Pharmacy/select_--Select--Albendazole'

2018-05-15 16:56:09 - [TEST_STEP][PASSED] - delay: Delayed 1 second(s)

2018-05-15 16:56:10 - [MESSAGE][PASSED] - Delayed 1 second(s)

2018-05-15 16:56:10 - [TEST_STEP][PASSED] - setText: Text '10' is set on object 'Object Repository/PharmacyRequest/Page_KDMC-Pharmacy/input_txttreat'

2018-05-15 16:56:10 - [MESSAGE][PASSED] - Text '10' is set on object 'Object Repository/PharmacyRequest/Page_KDMC-Pharmacy/input_txttreat'

2018-05-15 16:56:10 - [TEST_STEP][PASSED] - click: Object: 'Object Repository/PharmacyRequest/Page_KDMC-Pharmacy/button_Add' is clicked on

2018-05-15 16:56:10 - [MESSAGE][PASSED] - Object: 'Object Repository/PharmacyRequest/Page_KDMC-Pharmacy/button_Add' is clicked on

2018-05-15 16:56:10 - [TEST_STEP][PASSED] - selectOptionByIndex: All options with index in [2] are selected on object 'Object Repository/PharmacyRequest/Page_KDMC-Pharmacy/select_--Select--Schedule 1Inj'

2018-05-15 16:56:10 - [MESSAGE][PASSED] - All options with index in [2] are selected on object 'Object Repository/PharmacyRequest/Page_KDMC-Pharmacy/select_--Select--Schedule 1Inj'

2018-05-15 16:56:10 - [TEST_STEP][PASSED] - selectOptionByIndex: All options with index in [24] are selected on object 'Object Repository/PharmacyRequest/Page_KDMC-Pharmacy/select_--Select--Albendazole'

2018-05-15 16:56:10 - [MESSAGE][PASSED] - All options with index in [24] are selected on object 'Object Repository/PharmacyRequest/Page_KDMC-Pharmacy/select_--Select--Albendazole'

2018-05-15 16:56:10 - [TEST_STEP][PASSED] - delay: Delayed 1 second(s)

2018-05-15 16:56:11 - [MESSAGE][PASSED] - Delayed 1 second(s)

2018-05-15 16:56:11 - [TEST_STEP][PASSED] - setText: Text '10' is set on object 'Object Repository/PharmacyRequest/Page_KDMC-Pharmacy/input_txttreat'

2018-05-15 16:56:11 - [MESSAGE][PASSED] - Text '10' is set on object 'Object Repository/PharmacyRequest/Page_KDMC-Pharmacy/input_txttreat'

2018-05-15 16:56:11 - [TEST_STEP][PASSED] - click: Object: 'Object Repository/PharmacyRequest/Page_KDMC-Pharmacy/button_Add' is clicked on

2018-05-15 16:56:11 - [MESSAGE][PASSED] - Object: 'Object Repository/PharmacyRequest/Page_KDMC-Pharmacy/button_Add' is clicked on

2018-05-15 16:56:11 - [TEST_STEP][PASSED] - selectOptionByIndex: All options with index in [2] are selected on object 'Object Repository/PharmacyRequest/Page_KDMC-Pharmacy/select_--Select--Schedule 1Inj'

2018-05-15 16:56:12 - [MESSAGE][PASSED] - All options with index in [2] are selected on object 'Object Repository/PharmacyRequest/Page_KDMC-Pharmacy/select_--Select--Schedule 1Inj'

2018-05-15 16:56:12 - [TEST_STEP][PASSED] - selectOptionByIndex: All options with index in [25] are selected on object 'Object Repository/PharmacyRequest/Page_KDMC-Pharmacy/select_--Select--Albendazole'

2018-05-15 16:56:12 - [MESSAGE][PASSED] - All options with index in [25] are selected on object 'Object Repository/PharmacyRequest/Page_KDMC-Pharmacy/select_--Select--Albendazole'

2018-05-15 16:56:12 - [TEST_STEP][PASSED] - delay: Delayed 1 second(s)

2018-05-15 16:56:13 - [MESSAGE][PASSED] - Delayed 1 second(s)

2018-05-15 16:56:13 - [TEST_STEP][PASSED] - setText: Text '10' is set on object 'Object Repository/PharmacyRequest/Page_KDMC-Pharmacy/input_txttreat'

2018-05-15 16:56:13 - [MESSAGE][PASSED] - Text '10' is set on object 'Object Repository/PharmacyRequest/Page_KDMC-Pharmacy/input_txttreat'

2018-05-15 16:56:13 - [TEST_STEP][PASSED] - click: Object: 'Object Repository/PharmacyRequest/Page_KDMC-Pharmacy/button_Add' is clicked on

2018-05-15 16:56:13 - [MESSAGE][PASSED] - Object: 'Object Repository/PharmacyRequest/Page_KDMC-Pharmacy/button_Add' is clicked on

2018-05-15 16:56:13 - [TEST_STEP][PASSED] - selectOptionByIndex: All options with index in [2] are selected on object 'Object Repository/PharmacyRequest/Page_KDMC-Pharmacy/select_--Select--Schedule 1Inj'

2018-05-15 16:56:13 - [MESSAGE][PASSED] - All options with index in [2] are selected on object 'Object Repository/PharmacyRequest/Page_KDMC-Pharmacy/select_--Select--Schedule 1Inj'

2018-05-15 16:56:13 - [TEST_STEP][PASSED] - selectOptionByIndex: All options with index in [26] are selected on object 'Object Repository/PharmacyRequest/Page_KDMC-Pharmacy/select_--Select--Albendazole'

2018-05-15 16:56:14 - [MESSAGE][PASSED] - All options with index in [26] are selected on object 'Object Repository/PharmacyRequest/Page_KDMC-Pharmacy/select_--Select--Albendazole'

2018-05-15 16:56:14 - [TEST_STEP][PASSED] - delay: Delayed 1 second(s)

2018-05-15 16:56:15 - [MESSAGE][PASSED] - Delayed 1 second(s)

2018-05-15 16:56:15 - [TEST_STEP][PASSED] - setText: Text '10' is set on object 'Object Repository/PharmacyRequest/Page_KDMC-Pharmacy/input_txttreat'

2018-05-15 16:56:15 - [MESSAGE][PASSED] - Text '10' is set on object 'Object Repository/PharmacyRequest/Page_KDMC-Pharmacy/input_txttreat'

2018-05-15 16:56:15 - [TEST_STEP][PASSED] - click: Object: 'Object Repository/PharmacyRequest/Page_KDMC-Pharmacy/button_Add' is clicked on

2018-05-15 16:56:15 - [MESSAGE][PASSED] - Object: 'Object Repository/PharmacyRequest/Page_KDMC-Pharmacy/button_Add' is clicked on

2018-05-15 16:56:15 - [TEST_STEP][PASSED] - selectOptionByIndex: All options with index in [2] are selected on object 'Object Repository/PharmacyRequest/Page_KDMC-Pharmacy/select_--Select--Schedule 1Inj'

2018-05-15 16:56:15 - [MESSAGE][PASSED] - All options with index in [2] are selected on object 'Object Repository/PharmacyRequest/Page_KDMC-Pharmacy/select_--Select--Schedule 1Inj'

2018-05-15 16:56:15 - [TEST_STEP][PASSED] - selectOptionByIndex: All options with index in [27] are selected on object 'Object Repository/PharmacyRequest/Page_KDMC-Pharmacy/select_--Select--Albendazole'

2018-05-15 16:56:15 - [MESSAGE][PASSED] - All options with index in [27] are selected on object 'Object Repository/PharmacyRequest/Page_KDMC-Pharmacy/select_--Select--Albendazole'

2018-05-15 16:56:15 - [TEST_STEP][PASSED] - delay: Delayed 1 second(s)

2018-05-15 16:56:16 - [MESSAGE][PASSED] - Delayed 1 second(s)

2018-05-15 16:56:16 - [TEST_STEP][PASSED] - setText: Text '10' is set on object 'Object Repository/PharmacyRequest/Page_KDMC-Pharmacy/input_txttreat'

2018-05-15 16:56:16 - [MESSAGE][PASSED] - Text '10' is set on object 'Object Repository/PharmacyRequest/Page_KDMC-Pharmacy/input_txttreat'

2018-05-15 16:56:16 - [TEST_STEP][PASSED] - click: Object: 'Object Repository/PharmacyRequest/Page_KDMC-Pharmacy/button_Add' is clicked on

2018-05-15 16:56:16 - [MESSAGE][PASSED] - Object: 'Object Repository/PharmacyRequest/Page_KDMC-Pharmacy/button_Add' is clicked on

2018-05-15 16:56:16 - [TEST_STEP][PASSED] - selectOptionByIndex: All options with index in [2] are selected on object 'Object Repository/PharmacyRequest/Page_KDMC-Pharmacy/select_--Select--Schedule 1Inj'

2018-05-15 16:56:16 - [MESSAGE][PASSED] - All options with index in [2] are selected on object 'Object Repository/PharmacyRequest/Page_KDMC-Pharmacy/select_--Select--Schedule 1Inj'

2018-05-15 16:56:16 - [TEST_STEP][PASSED] - selectOptionByIndex: All options with index in [28] are selected on object 'Object Repository/PharmacyRequest/Page_KDMC-Pharmacy/select_--Select--Albendazole'

2018-05-15 16:56:17 - [MESSAGE][PASSED] - All options with index in [28] are selected on object 'Object Repository/PharmacyRequest/Page_KDMC-Pharmacy/select_--Select--Albendazole'

2018-05-15 16:56:17 - [TEST_STEP][PASSED] - delay: Delayed 1 second(s)

2018-05-15 16:56:18 - [MESSAGE][PASSED] - Delayed 1 second(s)

2018-05-15 16:56:18 - [TEST_STEP][PASSED] - setText: Text '10' is set on object 'Object Repository/PharmacyRequest/Page_KDMC-Pharmacy/input_txttreat'

2018-05-15 16:56:18 - [MESSAGE][PASSED] - Text '10' is set on object 'Object Repository/PharmacyRequest/Page_KDMC-Pharmacy/input_txttreat'

2018-05-15 16:56:18 - [TEST_STEP][PASSED] - click: Object: 'Object Repository/PharmacyRequest/Page_KDMC-Pharmacy/button_Add' is clicked on

2018-05-15 16:56:18 - [MESSAGE][PASSED] - Object: 'Object Repository/PharmacyRequest/Page_KDMC-Pharmacy/button_Add' is clicked on

2018-05-15 16:56:18 - [TEST_STEP][PASSED] - selectOptionByIndex: All options with index in [2] are selected on object 'Object Repository/PharmacyRequest/Page_KDMC-Pharmacy/select_--Select--Schedule 1Inj'

2018-05-15 16:56:18 - [MESSAGE][PASSED] - All options with index in [2] are selected on object 'Object Repository/PharmacyRequest/Page_KDMC-Pharmacy/select_--Select--Schedule 1Inj'

2018-05-15 16:56:18 - [TEST_STEP][PASSED] - selectOptionByIndex: All options with index in [29] are selected on object 'Object Repository/PharmacyRequest/Page_KDMC-Pharmacy/select_--Select--Albendazole'

2018-05-15 16:56:19 - [MESSAGE][PASSED] - All options with index in [29] are selected on object 'Object Repository/PharmacyRequest/Page_KDMC-Pharmacy/select_--Select--Albendazole'

2018-05-15 16:56:19 - [TEST_STEP][PASSED] - delay: Delayed 1 second(s)

2018-05-15 16:56:20 - [MESSAGE][PASSED] - Delayed 1 second(s)

2018-05-15 16:56:20 - [TEST_STEP][PASSED] - setText: Text '10' is set on object 'Object Repository/PharmacyRequest/Page_KDMC-Pharmacy/input_txttreat'

2018-05-15 16:56:20 - [MESSAGE][PASSED] - Text '10' is set on object 'Object Repository/PharmacyRequest/Page_KDMC-Pharmacy/input_txttreat'

2018-05-15 16:56:20 - [TEST_STEP][PASSED] - click: Object: 'Object Repository/PharmacyRequest/Page_KDMC-Pharmacy/button_Add' is clicked on

2018-05-15 16:56:20 - [MESSAGE][PASSED] - Object: 'Object Repository/PharmacyRequest/Page_KDMC-Pharmacy/button_Add' is clicked on

2018-05-15 16:56:20 - [TEST_STEP][PASSED] - selectOptionByIndex: All options with index in [2] are selected on object 'Object Repository/PharmacyRequest/Page_KDMC-Pharmacy/select_--Select--Schedule 1Inj'

2018-05-15 16:56:20 - [MESSAGE][PASSED] - All options with index in [2] are selected on object 'Object Repository/PharmacyRequest/Page_KDMC-Pharmacy/select_--Select--Schedule 1Inj'

2018-05-15 16:56:20 - [TEST_STEP][PASSED] - selectOptionByIndex: All options with index in [30] are selected on object 'Object Repository/PharmacyRequest/Page_KDMC-Pharmacy/select_--Select--Albendazole'

2018-05-15 16:56:20 - [MESSAGE][PASSED] - All options with index in [30] are selected on object 'Object Repository/PharmacyRequest/Page_KDMC-Pharmacy/select_--Select--Albendazole'

2018-05-15 16:56:20 - [TEST_STEP][PASSED] - delay: Delayed 1 second(s)

2018-05-15 16:56:21 - [MESSAGE][PASSED] - Delayed 1 second(s)

2018-05-15 16:56:21 - [TEST_STEP][PASSED] - setText: Text '10' is set on object 'Object Repository/PharmacyRequest/Page_KDMC-Pharmacy/input_txttreat'

2018-05-15 16:56:21 - [MESSAGE][PASSED] - Text '10' is set on object 'Object Repository/PharmacyRequest/Page_KDMC-Pharmacy/input_txttreat'

2018-05-15 16:56:21 - [TEST_STEP][PASSED] - click: Object: 'Object Repository/PharmacyRequest/Page_KDMC-Pharmacy/button_Add' is clicked on

2018-05-15 16:56:21 - [MESSAGE][PASSED] - Object: 'Object Repository/PharmacyRequest/Page_KDMC-Pharmacy/button_Add' is clicked on

2018-05-15 16:56:21 - [TEST_STEP][PASSED] - selectOptionByIndex: All options with index in [2] are selected on object 'Object Repository/PharmacyRequest/Page_KDMC-Pharmacy/select_--Select--Schedule 1Inj'

2018-05-15 16:56:21 - [MESSAGE][PASSED] - All options with index in [2] are selected on object 'Object Repository/PharmacyRequest/Page_KDMC-Pharmacy/select_--Select--Schedule 1Inj'

2018-05-15 16:56:21 - [TEST_STEP][PASSED] - selectOptionByIndex: All options with index in [31] are selected on object 'Object Repository/PharmacyRequest/Page_KDMC-Pharmacy/select_--Select--Albendazole'

2018-05-15 16:56:22 - [MESSAGE][PASSED] - All options with index in [31] are selected on object 'Object Repository/PharmacyRequest/Page_KDMC-Pharmacy/select_--Select--Albendazole'

2018-05-15 16:56:22 - [TEST_STEP][PASSED] - delay: Delayed 1 second(s)

2018-05-15 16:56:23 - [MESSAGE][PASSED] - Delayed 1 second(s)

2018-05-15 16:56:23 - [TEST_STEP][PASSED] - setText: Text '10' is set on object 'Object Repository/PharmacyRequest/Page_KDMC-Pharmacy/input_txttreat'

2018-05-15 16:56:23 - [MESSAGE][PASSED] - Text '10' is set on object 'Object Repository/PharmacyRequest/Page_KDMC-Pharmacy/input_txttreat'

2018-05-15 16:56:23 - [TEST_STEP][PASSED] - click: Object: 'Object Repository/PharmacyRequest/Page_KDMC-Pharmacy/button_Add' is clicked on

2018-05-15 16:56:23 - [MESSAGE][PASSED] - Object: 'Object Repository/PharmacyRequest/Page_KDMC-Pharmacy/button_Add' is clicked on

2018-05-15 16:56:23 - [TEST_STEP][PASSED] - selectOptionByIndex: All options with index in [2] are selected on object 'Object Repository/PharmacyRequest/Page_KDMC-Pharmacy/select_--Select--Schedule 1Inj'

2018-05-15 16:56:23 - [MESSAGE][PASSED] - All options with index in [2] are selected on object 'Object Repository/PharmacyRequest/Page_KDMC-Pharmacy/select_--Select--Schedule 1Inj'

2018-05-15 16:56:23 - [TEST_STEP][PASSED] - selectOptionByIndex: All options with index in [32] are selected on object 'Object Repository/PharmacyRequest/Page_KDMC-Pharmacy/select_--Select--Albendazole'

2018-05-15 16:56:24 - [MESSAGE][PASSED] - All options with index in [32] are selected on object 'Object Repository/PharmacyRequest/Page_KDMC-Pharmacy/select_--Select--Albendazole'

2018-05-15 16:56:24 - [TEST_STEP][PASSED] - delay: Delayed 1 second(s)

2018-05-15 16:56:25 - [MESSAGE][PASSED] - Delayed 1 second(s)

2018-05-15 16:56:25 - [TEST_STEP][PASSED] - setText: Text '10' is set on object 'Object Repository/PharmacyRequest/Page_KDMC-Pharmacy/input_txttreat'

2018-05-15 16:56:25 - [MESSAGE][PASSED] - Text '10' is set on object 'Object Repository/PharmacyRequest/Page_KDMC-Pharmacy/input_txttreat'

2018-05-15 16:56:25 - [TEST_STEP][PASSED] - click: Object: 'Object Repository/PharmacyRequest/Page_KDMC-Pharmacy/button_Add' is clicked on

2018-05-15 16:56:25 - [MESSAGE][PASSED] - Object: 'Object Repository/PharmacyRequest/Page_KDMC-Pharmacy/button_Add' is clicked on

2018-05-15 16:56:25 - [TEST_STEP][PASSED] - selectOptionByIndex: All options with index in [2] are selected on object 'Object Repository/PharmacyRequest/Page_KDMC-Pharmacy/select_--Select--Schedule 1Inj'

2018-05-15 16:56:25 - [MESSAGE][PASSED] - All options with index in [2] are selected on object 'Object Repository/PharmacyRequest/Page_KDMC-Pharmacy/select_--Select--Schedule 1Inj'

2018-05-15 16:56:25 - [TEST_STEP][PASSED] - selectOptionByIndex: All options with index in [33] are selected on object 'Object Repository/PharmacyRequest/Page_KDMC-Pharmacy/select_--Select--Albendazole'

2018-05-15 16:56:25 - [MESSAGE][PASSED] - All options with index in [33] are selected on object 'Object Repository/PharmacyRequest/Page_KDMC-Pharmacy/select_--Select--Albendazole'

2018-05-15 16:56:25 - [TEST_STEP][PASSED] - delay: Delayed 1 second(s)

2018-05-15 16:56:26 - [MESSAGE][PASSED] - Delayed 1 second(s)

2018-05-15 16:56:26 - [TEST_STEP][PASSED] - setText: Text '10' is set on object 'Object Repository/PharmacyRequest/Page_KDMC-Pharmacy/input_txttreat'

2018-05-15 16:56:26 - [MESSAGE][PASSED] - Text '10' is set on object 'Object Repository/PharmacyRequest/Page_KDMC-Pharmacy/input_txttreat'

2018-05-15 16:56:26 - [TEST_STEP][PASSED] - click: Object: 'Object Repository/PharmacyRequest/Page_KDMC-Pharmacy/button_Add' is clicked on

2018-05-15 16:56:26 - [MESSAGE][PASSED] - Object: 'Object Repository/PharmacyRequest/Page_KDMC-Pharmacy/button_Add' is clicked on

2018-05-15 16:56:26 - [TEST_STEP][PASSED] - selectOptionByIndex: All options with index in [2] are selected on object 'Object Repository/PharmacyRequest/Page_KDMC-Pharmacy/select_--Select--Schedule 1Inj'

2018-05-15 16:56:27 - [MESSAGE][PASSED] - All options with index in [2] are selected on object 'Object Repository/PharmacyRequest/Page_KDMC-Pharmacy/select_--Select--Schedule 1Inj'

2018-05-15 16:56:27 - [TEST_STEP][PASSED] - selectOptionByIndex: All options with index in [34] are selected on object 'Object Repository/PharmacyRequest/Page_KDMC-Pharmacy/select_--Select--Albendazole'

2018-05-15 16:56:27 - [MESSAGE][PASSED] - All options with index in [34] are selected on object 'Object Repository/PharmacyRequest/Page_KDMC-Pharmacy/select_--Select--Albendazole'

2018-05-15 16:56:27 - [TEST_STEP][PASSED] - delay: Delayed 1 second(s)

2018-05-15 16:56:28 - [MESSAGE][PASSED] - Delayed 1 second(s)

2018-05-15 16:56:28 - [TEST_STEP][PASSED] - setText: Text '10' is set on object 'Object Repository/PharmacyRequest/Page_KDMC-Pharmacy/input_txttreat'

2018-05-15 16:56:28 - [MESSAGE][PASSED] - Text '10' is set on object 'Object Repository/PharmacyRequest/Page_KDMC-Pharmacy/input_txttreat'

2018-05-15 16:56:28 - [TEST_STEP][PASSED] - click: Object: 'Object Repository/PharmacyRequest/Page_KDMC-Pharmacy/button_Add' is clicked on

2018-05-15 16:56:28 - [MESSAGE][PASSED] - Object: 'Object Repository/PharmacyRequest/Page_KDMC-Pharmacy/button_Add' is clicked on

2018-05-15 16:56:28 - [TEST_STEP][PASSED] - selectOptionByIndex: All options with index in [2] are selected on object 'Object Repository/PharmacyRequest/Page_KDMC-Pharmacy/select_--Select--Schedule 1Inj'

2018-05-15 16:56:28 - [MESSAGE][PASSED] - All options with index in [2] are selected on object 'Object Repository/PharmacyRequest/Page_KDMC-Pharmacy/select_--Select--Schedule 1Inj'

2018-05-15 16:56:28 - [TEST_STEP][PASSED] - selectOptionByIndex: All options with index in [35] are selected on object 'Object Repository/PharmacyRequest/Page_KDMC-Pharmacy/select_--Select--Albendazole'

2018-05-15 16:56:29 - [MESSAGE][PASSED] - All options with index in [35] are selected on object 'Object Repository/PharmacyRequest/Page_KDMC-Pharmacy/select_--Select--Albendazole'

2018-05-15 16:56:29 - [TEST_STEP][PASSED] - delay: Delayed 1 second(s)

2018-05-15 16:56:30 - [MESSAGE][PASSED] - Delayed 1 second(s)

2018-05-15 16:56:30 - [TEST_STEP][PASSED] - setText: Text '10' is set on object 'Object Repository/PharmacyRequest/Page_KDMC-Pharmacy/input_txttreat'

2018-05-15 16:56:30 - [MESSAGE][PASSED] - Text '10' is set on object 'Object Repository/PharmacyRequest/Page_KDMC-Pharmacy/input_txttreat'

2018-05-15 16:56:30 - [TEST_STEP][PASSED] - click: Object: 'Object Repository/PharmacyRequest/Page_KDMC-Pharmacy/button_Add' is clicked on

2018-05-15 16:56:30 - [MESSAGE][PASSED] - Object: 'Object Repository/PharmacyRequest/Page_KDMC-Pharmacy/button_Add' is clicked on

2018-05-15 16:56:30 - [TEST_STEP][PASSED] - selectOptionByIndex: All options with index in [2] are selected on object 'Object Repository/PharmacyRequest/Page_KDMC-Pharmacy/select_--Select--Schedule 1Inj'

2018-05-15 16:56:30 - [MESSAGE][PASSED] - All options with index in [2] are selected on object 'Object Repository/PharmacyRequest/Page_KDMC-Pharmacy/select_--Select--Schedule 1Inj'

2018-05-15 16:56:30 - [TEST_STEP][PASSED] - selectOptionByIndex: All options with index in [36] are selected on object 'Object Repository/PharmacyRequest/Page_KDMC-Pharmacy/select_--Select--Albendazole'

2018-05-15 16:56:30 - [MESSAGE][PASSED] - All options with index in [36] are selected on object 'Object Repository/PharmacyRequest/Page_KDMC-Pharmacy/select_--Select--Albendazole'

2018-05-15 16:56:30 - [TEST_STEP][PASSED] - delay: Delayed 1 second(s)

2018-05-15 16:56:31 - [MESSAGE][PASSED] - Delayed 1 second(s)

2018-05-15 16:56:31 - [TEST_STEP][PASSED] - setText: Text '10' is set on object 'Object Repository/PharmacyRequest/Page_KDMC-Pharmacy/input_txttreat'

2018-05-15 16:56:31 - [MESSAGE][PASSED] - Text '10' is set on object 'Object Repository/PharmacyRequest/Page_KDMC-Pharmacy/input_txttreat'

2018-05-15 16:56:31 - [TEST_STEP][PASSED] - click: Object: 'Object Repository/PharmacyRequest/Page_KDMC-Pharmacy/button_Add' is clicked on

2018-05-15 16:56:31 - [MESSAGE][PASSED] - Object: 'Object Repository/PharmacyRequest/Page_KDMC-Pharmacy/button_Add' is clicked on

2018-05-15 16:56:31 - [TEST_STEP][PASSED] - selectOptionByIndex: All options with index in [2] are selected on object 'Object Repository/PharmacyRequest/Page_KDMC-Pharmacy/select_--Select--Schedule 1Inj'

2018-05-15 16:56:32 - [MESSAGE][PASSED] - All options with index in [2] are selected on object 'Object Repository/PharmacyRequest/Page_KDMC-Pharmacy/select_--Select--Schedule 1Inj'

2018-05-15 16:56:32 - [TEST_STEP][PASSED] - selectOptionByIndex: All options with index in [37] are selected on object 'Object Repository/PharmacyRequest/Page_KDMC-Pharmacy/select_--Select--Albendazole'

2018-05-15 16:56:32 - [MESSAGE][PASSED] - All options with index in [37] are selected on object 'Object Repository/PharmacyRequest/Page_KDMC-Pharmacy/select_--Select--Albendazole'

2018-05-15 16:56:32 - [TEST_STEP][PASSED] - delay: Delayed 1 second(s)

2018-05-15 16:56:33 - [MESSAGE][PASSED] - Delayed 1 second(s)

2018-05-15 16:56:33 - [TEST_STEP][PASSED] - setText: Text '10' is set on object 'Object Repository/PharmacyRequest/Page_KDMC-Pharmacy/input_txttreat'

2018-05-15 16:56:33 - [MESSAGE][PASSED] - Text '10' is set on object 'Object Repository/PharmacyRequest/Page_KDMC-Pharmacy/input_txttreat'

2018-05-15 16:56:33 - [TEST_STEP][PASSED] - click: Object: 'Object Repository/PharmacyRequest/Page_KDMC-Pharmacy/button_Add' is clicked on

2018-05-15 16:56:33 - [MESSAGE][PASSED] - Object: 'Object Repository/PharmacyRequest/Page_KDMC-Pharmacy/button_Add' is clicked on

2018-05-15 16:56:33 - [TEST_STEP][PASSED] - selectOptionByIndex: All options with index in [2] are selected on object 'Object Repository/PharmacyRequest/Page_KDMC-Pharmacy/select_--Select--Schedule 1Inj'

2018-05-15 16:56:33 - [MESSAGE][PASSED] - All options with index in [2] are selected on object 'Object Repository/PharmacyRequest/Page_KDMC-Pharmacy/select_--Select--Schedule 1Inj'

2018-05-15 16:56:33 - [TEST_STEP][PASSED] - selectOptionByIndex: All options with index in [38] are selected on object 'Object Repository/PharmacyRequest/Page_KDMC-Pharmacy/select_--Select--Albendazole'

2018-05-15 16:56:34 - [MESSAGE][PASSED] - All options with index in [38] are selected on object 'Object Repository/PharmacyRequest/Page_KDMC-Pharmacy/select_--Select--Albendazole'

2018-05-15 16:56:34 - [TEST_STEP][PASSED] - delay: Delayed 1 second(s)

2018-05-15 16:56:35 - [MESSAGE][PASSED] - Delayed 1 second(s)

2018-05-15 16:56:35 - [TEST_STEP][PASSED] - setText: Text '10' is set on object 'Object Repository/PharmacyRequest/Page_KDMC-Pharmacy/input_txttreat'

2018-05-15 16:56:35 - [MESSAGE][PASSED] - Text '10' is set on object 'Object Repository/PharmacyRequest/Page_KDMC-Pharmacy/input_txttreat'

2018-05-15 16:56:35 - [TEST_STEP][PASSED] - click: Object: 'Object Repository/PharmacyRequest/Page_KDMC-Pharmacy/button_Add' is clicked on

2018-05-15 16:56:35 - [MESSAGE][PASSED] - Object: 'Object Repository/PharmacyRequest/Page_KDMC-Pharmacy/button_Add' is clicked on

2018-05-15 16:56:35 - [TEST_STEP][PASSED] - selectOptionByIndex: All options with index in [2] are selected on object 'Object Repository/PharmacyRequest/Page_KDMC-Pharmacy/select_--Select--Schedule 1Inj'

2018-05-15 16:56:35 - [MESSAGE][PASSED] - All options with index in [2] are selected on object 'Object Repository/PharmacyRequest/Page_KDMC-Pharmacy/select_--Select--Schedule 1Inj'

2018-05-15 16:56:35 - [TEST_STEP][PASSED] - selectOptionByIndex: All options with index in [39] are selected on object 'Object Repository/PharmacyRequest/Page_KDMC-Pharmacy/select_--Select--Albendazole'

2018-05-15 16:56:35 - [MESSAGE][PASSED] - All options with index in [39] are selected on object 'Object Repository/PharmacyRequest/Page_KDMC-Pharmacy/select_--Select--Albendazole'

2018-05-15 16:56:35 - [TEST_STEP][PASSED] - delay: Delayed 1 second(s)

2018-05-15 16:56:36 - [MESSAGE][PASSED] - Delayed 1 second(s)

2018-05-15 16:56:36 - [TEST_STEP][PASSED] - setText: Text '10' is set on object 'Object Repository/PharmacyRequest/Page_KDMC-Pharmacy/input_txttreat'

2018-05-15 16:56:37 - [MESSAGE][PASSED] - Text '10' is set on object 'Object Repository/PharmacyRequest/Page_KDMC-Pharmacy/input_txttreat'

2018-05-15 16:56:37 - [TEST_STEP][PASSED] - click: Object: 'Object Repository/PharmacyRequest/Page_KDMC-Pharmacy/button_Add' is clicked on

2018-05-15 16:56:37 - [MESSAGE][PASSED] - Object: 'Object Repository/PharmacyRequest/Page_KDMC-Pharmacy/button_Add' is clicked on

2018-05-15 16:56:37 - [TEST_STEP][PASSED] - selectOptionByIndex: All options with index in [2] are selected on object 'Object Repository/PharmacyRequest/Page_KDMC-Pharmacy/select_--Select--Schedule 1Inj'

2018-05-15 16:56:37 - [MESSAGE][PASSED] - All options with index in [2] are selected on object 'Object Repository/PharmacyRequest/Page_KDMC-Pharmacy/select_--Select--Schedule 1Inj'

2018-05-15 16:56:37 - [TEST_STEP][PASSED] - selectOptionByIndex: All options with index in [40] are selected on object 'Object Repository/PharmacyRequest/Page_KDMC-Pharmacy/select_--Select--Albendazole'

2018-05-15 16:56:37 - [MESSAGE][PASSED] - All options with index in [40] are selected on object 'Object Repository/PharmacyRequest/Page_KDMC-Pharmacy/select_--Select--Albendazole'

2018-05-15 16:56:37 - [TEST_STEP][PASSED] - delay: Delayed 1 second(s)

2018-05-15 16:56:38 - [MESSAGE][PASSED] - Delayed 1 second(s)

2018-05-15 16:56:38 - [TEST_STEP][PASSED] - setText: Text '10' is set on object 'Object Repository/PharmacyRequest/Page_KDMC-Pharmacy/input_txttreat'

2018-05-15 16:56:38 - [MESSAGE][PASSED] - Text '10' is set on object 'Object Repository/PharmacyRequest/Page_KDMC-Pharmacy/input_txttreat'

2018-05-15 16:56:38 - [TEST_STEP][PASSED] - click: Object: 'Object Repository/PharmacyRequest/Page_KDMC-Pharmacy/button_Add' is clicked on

2018-05-15 16:56:38 - [MESSAGE][PASSED] - Object: 'Object Repository/PharmacyRequest/Page_KDMC-Pharmacy/button_Add' is clicked on

2018-05-15 16:56:38 - [TEST_STEP][PASSED] - selectOptionByIndex: All options with index in [2] are selected on object 'Object Repository/PharmacyRequest/Page_KDMC-Pharmacy/select_--Select--Schedule 1Inj'

2018-05-15 16:56:38 - [MESSAGE][PASSED] - All options with index in [2] are selected on object 'Object Repository/PharmacyRequest/Page_KDMC-Pharmacy/select_--Select--Schedule 1Inj'

2018-05-15 16:56:38 - [TEST_STEP][PASSED] - selectOptionByIndex: All options with index in [41] are selected on object 'Object Repository/PharmacyRequest/Page_KDMC-Pharmacy/select_--Select--Albendazole'

2018-05-15 16:56:39 - [MESSAGE][PASSED] - All options with index in [41] are selected on object 'Object Repository/PharmacyRequest/Page_KDMC-Pharmacy/select_--Select--Albendazole'

2018-05-15 16:56:39 - [TEST_STEP][PASSED] - delay: Delayed 1 second(s)

2018-05-15 16:56:40 - [MESSAGE][PASSED] - Delayed 1 second(s)

2018-05-15 16:56:40 - [TEST_STEP][PASSED] - setText: Text '10' is set on object 'Object Repository/PharmacyRequest/Page_KDMC-Pharmacy/input_txttreat'

2018-05-15 16:56:40 - [MESSAGE][PASSED] - Text '10' is set on object 'Object Repository/PharmacyRequest/Page_KDMC-Pharmacy/input_txttreat'

2018-05-15 16:56:40 - [TEST_STEP][PASSED] - click: Object: 'Object Repository/PharmacyRequest/Page_KDMC-Pharmacy/button_Add' is clicked on

2018-05-15 16:56:40 - [MESSAGE][PASSED] - Object: 'Object Repository/PharmacyRequest/Page_KDMC-Pharmacy/button_Add' is clicked on

2018-05-15 16:56:40 - [TEST_STEP][PASSED] - selectOptionByIndex: All options with index in [2] are selected on object 'Object Repository/PharmacyRequest/Page_KDMC-Pharmacy/select_--Select--Schedule 1Inj'

2018-05-15 16:56:40 - [MESSAGE][PASSED] - All options with index in [2] are selected on object 'Object Repository/PharmacyRequest/Page_KDMC-Pharmacy/select_--Select--Schedule 1Inj'

2018-05-15 16:56:40 - [TEST_STEP][PASSED] - selectOptionByIndex: All options with index in [42] are selected on object 'Object Repository/PharmacyRequest/Page_KDMC-Pharmacy/select_--Select--Albendazole'

2018-05-15 16:56:41 - [MESSAGE][PASSED] - All options with index in [42] are selected on object 'Object Repository/PharmacyRequest/Page_KDMC-Pharmacy/select_--Select--Albendazole'

2018-05-15 16:56:41 - [TEST_STEP][PASSED] - delay: Delayed 1 second(s)

2018-05-15 16:56:42 - [MESSAGE][PASSED] - Delayed 1 second(s)

2018-05-15 16:56:42 - [TEST_STEP][PASSED] - setText: Text '10' is set on object 'Object Repository/PharmacyRequest/Page_KDMC-Pharmacy/input_txttreat'

2018-05-15 16:56:42 - [MESSAGE][PASSED] - Text '10' is set on object 'Object Repository/PharmacyRequest/Page_KDMC-Pharmacy/input_txttreat'

2018-05-15 16:56:42 - [TEST_STEP][PASSED] - click: Object: 'Object Repository/PharmacyRequest/Page_KDMC-Pharmacy/button_Add' is clicked on

2018-05-15 16:56:42 - [MESSAGE][PASSED] - Object: 'Object Repository/PharmacyRequest/Page_KDMC-Pharmacy/button_Add' is clicked on

2018-05-15 16:56:42 - [TEST_STEP][PASSED] - selectOptionByIndex: All options with index in [2] are selected on object 'Object Repository/PharmacyRequest/Page_KDMC-Pharmacy/select_--Select--Schedule 1Inj'

2018-05-15 16:56:42 - [MESSAGE][PASSED] - All options with index in [2] are selected on object 'Object Repository/PharmacyRequest/Page_KDMC-Pharmacy/select_--Select--Schedule 1Inj'

2018-05-15 16:56:42 - [TEST_STEP][PASSED] - selectOptionByIndex: All options with index in [43] are selected on object 'Object Repository/PharmacyRequest/Page_KDMC-Pharmacy/select_--Select--Albendazole'

2018-05-15 16:56:42 - [MESSAGE][PASSED] - All options with index in [43] are selected on object 'Object Repository/PharmacyRequest/Page_KDMC-Pharmacy/select_--Select--Albendazole'

2018-05-15 16:56:42 - [TEST_STEP][PASSED] - delay: Delayed 1 second(s)

2018-05-15 16:56:43 - [MESSAGE][PASSED] - Delayed 1 second(s)

2018-05-15 16:56:43 - [TEST_STEP][PASSED] - setText: Text '10' is set on object 'Object Repository/PharmacyRequest/Page_KDMC-Pharmacy/input_txttreat'

2018-05-15 16:56:43 - [MESSAGE][PASSED] - Text '10' is set on object 'Object Repository/PharmacyRequest/Page_KDMC-Pharmacy/input_txttreat'

2018-05-15 16:56:43 - [TEST_STEP][PASSED] - click: Object: 'Object Repository/PharmacyRequest/Page_KDMC-Pharmacy/button_Add' is clicked on

2018-05-15 16:56:44 - [MESSAGE][PASSED] - Object: 'Object Repository/PharmacyRequest/Page_KDMC-Pharmacy/button_Add' is clicked on

2018-05-15 16:56:44 - [TEST_STEP][PASSED] - selectOptionByIndex: All options with index in [2] are selected on object 'Object Repository/PharmacyRequest/Page_KDMC-Pharmacy/select_--Select--Schedule 1Inj'

2018-05-15 16:56:44 - [MESSAGE][PASSED] - All options with index in [2] are selected on object 'Object Repository/PharmacyRequest/Page_KDMC-Pharmacy/select_--Select--Schedule 1Inj'

2018-05-15 16:56:44 - [TEST_STEP][PASSED] - selectOptionByIndex: All options with index in [44] are selected on object 'Object Repository/PharmacyRequest/Page_KDMC-Pharmacy/select_--Select--Albendazole'

2018-05-15 16:56:44 - [MESSAGE][PASSED] - All options with index in [44] are selected on object 'Object Repository/PharmacyRequest/Page_KDMC-Pharmacy/select_--Select--Albendazole'

2018-05-15 16:56:44 - [TEST_STEP][PASSED] - delay: Delayed 1 second(s)

2018-05-15 16:56:45 - [MESSAGE][PASSED] - Delayed 1 second(s)

2018-05-15 16:56:45 - [TEST_STEP][PASSED] - setText: Text '10' is set on object 'Object Repository/PharmacyRequest/Page_KDMC-Pharmacy/input_txttreat'

2018-05-15 16:56:45 - [MESSAGE][PASSED] - Text '10' is set on object 'Object Repository/PharmacyRequest/Page_KDMC-Pharmacy/input_txttreat'

2018-05-15 16:56:45 - [TEST_STEP][PASSED] - click: Object: 'Object Repository/PharmacyRequest/Page_KDMC-Pharmacy/button_Add' is clicked on

2018-05-15 16:56:45 - [MESSAGE][PASSED] - Object: 'Object Repository/PharmacyRequest/Page_KDMC-Pharmacy/button_Add' is clicked on

2018-05-15 16:56:45 - [TEST_STEP][PASSED] - selectOptionByIndex: All options with index in [2] are selected on object 'Object Repository/PharmacyRequest/Page_KDMC-Pharmacy/select_--Select--Schedule 1Inj'

2018-05-15 16:56:45 - [MESSAGE][PASSED] - All options with index in [2] are selected on object 'Object Repository/PharmacyRequest/Page_KDMC-Pharmacy/select_--Select--Schedule 1Inj'

2018-05-15 16:56:45 - [TEST_STEP][PASSED] - selectOptionByIndex: All options with index in [45] are selected on object 'Object Repository/PharmacyRequest/Page_KDMC-Pharmacy/select_--Select--Albendazole'

2018-05-15 16:56:46 - [MESSAGE][PASSED] - All options with index in [45] are selected on object 'Object Repository/PharmacyRequest/Page_KDMC-Pharmacy/select_--Select--Albendazole'

2018-05-15 16:56:46 - [TEST_STEP][PASSED] - delay: Delayed 1 second(s)

2018-05-15 16:56:47 - [MESSAGE][PASSED] - Delayed 1 second(s)

2018-05-15 16:56:47 - [TEST_STEP][PASSED] - setText: Text '10' is set on object 'Object Repository/PharmacyRequest/Page_KDMC-Pharmacy/input_txttreat'

2018-05-15 16:56:47 - [MESSAGE][PASSED] - Text '10' is set on object 'Object Repository/PharmacyRequest/Page_KDMC-Pharmacy/input_txttreat'

2018-05-15 16:56:47 - [TEST_STEP][PASSED] - click: Object: 'Object Repository/PharmacyRequest/Page_KDMC-Pharmacy/button_Add' is clicked on

2018-05-15 16:56:47 - [MESSAGE][PASSED] - Object: 'Object Repository/PharmacyRequest/Page_KDMC-Pharmacy/button_Add' is clicked on

2018-05-15 16:56:47 - [TEST_STEP][PASSED] - selectOptionByIndex: All options with index in [2] are selected on object 'Object Repository/PharmacyRequest/Page_KDMC-Pharmacy/select_--Select--Schedule 1Inj'

2018-05-15 16:56:47 - [MESSAGE][PASSED] - All options with index in [2] are selected on object 'Object Repository/PharmacyRequest/Page_KDMC-Pharmacy/select_--Select--Schedule 1Inj'

2018-05-15 16:56:47 - [TEST_STEP][PASSED] - selectOptionByIndex: All options with index in [46] are selected on object 'Object Repository/PharmacyRequest/Page_KDMC-Pharmacy/select_--Select--Albendazole'

2018-05-15 16:56:48 - [MESSAGE][PASSED] - All options with index in [46] are selected on object 'Object Repository/PharmacyRequest/Page_KDMC-Pharmacy/select_--Select--Albendazole'

2018-05-15 16:56:48 - [TEST_STEP][PASSED] - delay: Delayed 1 second(s)

2018-05-15 16:56:49 - [MESSAGE][PASSED] - Delayed 1 second(s)

2018-05-15 16:56:49 - [TEST_STEP][PASSED] - setText: Text '10' is set on object 'Object Repository/PharmacyRequest/Page_KDMC-Pharmacy/input_txttreat'

2018-05-15 16:56:49 - [MESSAGE][PASSED] - Text '10' is set on object 'Object Repository/PharmacyRequest/Page_KDMC-Pharmacy/input_txttreat'

2018-05-15 16:56:49 - [TEST_STEP][PASSED] - click: Object: 'Object Repository/PharmacyRequest/Page_KDMC-Pharmacy/button_Add' is clicked on

2018-05-15 16:56:49 - [MESSAGE][PASSED] - Object: 'Object Repository/PharmacyRequest/Page_KDMC-Pharmacy/button_Add' is clicked on

2018-05-15 16:56:49 - [TEST_STEP][PASSED] - selectOptionByIndex: All options with index in [2] are selected on object 'Object Repository/PharmacyRequest/Page_KDMC-Pharmacy/select_--Select--Schedule 1Inj'

2018-05-15 16:56:49 - [MESSAGE][PASSED] - All options with index in [2] are selected on object 'Object Repository/PharmacyRequest/Page_KDMC-Pharmacy/select_--Select--Schedule 1Inj'

2018-05-15 16:56:49 - [TEST_STEP][PASSED] - selectOptionByIndex: All options with index in [47] are selected on object 'Object Repository/PharmacyRequest/Page_KDMC-Pharmacy/select_--Select--Albendazole'

2018-05-15 16:56:49 - [MESSAGE][PASSED] - All options with index in [47] are selected on object 'Object Repository/PharmacyRequest/Page_KDMC-Pharmacy/select_--Select--Albendazole'

2018-05-15 16:56:49 - [TEST_STEP][PASSED] - delay: Delayed 1 second(s)

2018-05-15 16:56:50 - [MESSAGE][PASSED] - Delayed 1 second(s)

2018-05-15 16:56:50 - [TEST_STEP][PASSED] - setText: Text '10' is set on object 'Object Repository/PharmacyRequest/Page_KDMC-Pharmacy/input_txttreat'

2018-05-15 16:56:50 - [MESSAGE][PASSED] - Text '10' is set on object 'Object Repository/PharmacyRequest/Page_KDMC-Pharmacy/input_txttreat'

2018-05-15 16:56:50 - [TEST_STEP][PASSED] - click: Object: 'Object Repository/PharmacyRequest/Page_KDMC-Pharmacy/button_Add' is clicked on

2018-05-15 16:56:51 - [MESSAGE][PASSED] - Object: 'Object Repository/PharmacyRequest/Page_KDMC-Pharmacy/button_Add' is clicked on

2018-05-15 16:56:51 - [TEST_STEP][PASSED] - selectOptionByIndex: All options with index in [2] are selected on object 'Object Repository/PharmacyRequest/Page_KDMC-Pharmacy/select_--Select--Schedule 1Inj'

2018-05-15 16:56:51 - [MESSAGE][PASSED] - All options with index in [2] are selected on object 'Object Repository/PharmacyRequest/Page_KDMC-Pharmacy/select_--Select--Schedule 1Inj'

2018-05-15 16:56:51 - [TEST_STEP][PASSED] - selectOptionByIndex: All options with index in [48] are selected on object 'Object Repository/PharmacyRequest/Page_KDMC-Pharmacy/select_--Select--Albendazole'

2018-05-15 16:56:51 - [MESSAGE][PASSED] - All options with index in [48] are selected on object 'Object Repository/PharmacyRequest/Page_KDMC-Pharmacy/select_--Select--Albendazole'

2018-05-15 16:56:51 - [TEST_STEP][PASSED] - delay: Delayed 1 second(s)

2018-05-15 16:56:52 - [MESSAGE][PASSED] - Delayed 1 second(s)

2018-05-15 16:56:52 - [TEST_STEP][PASSED] - setText: Text '10' is set on object 'Object Repository/PharmacyRequest/Page_KDMC-Pharmacy/input_txttreat'

2018-05-15 16:56:52 - [MESSAGE][PASSED] - Text '10' is set on object 'Object Repository/PharmacyRequest/Page_KDMC-Pharmacy/input_txttreat'

2018-05-15 16:56:52 - [TEST_STEP][PASSED] - click: Object: 'Object Repository/PharmacyRequest/Page_KDMC-Pharmacy/button_Add' is clicked on

2018-05-15 16:56:52 - [MESSAGE][PASSED] - Object: 'Object Repository/PharmacyRequest/Page_KDMC-Pharmacy/button_Add' is clicked on

2018-05-15 16:56:52 - [TEST_STEP][PASSED] - selectOptionByIndex: All options with index in [2] are selected on object 'Object Repository/PharmacyRequest/Page_KDMC-Pharmacy/select_--Select--Schedule 1Inj'

2018-05-15 16:56:52 - [MESSAGE][PASSED] - All options with index in [2] are selected on object 'Object Repository/PharmacyRequest/Page_KDMC-Pharmacy/select_--Select--Schedule 1Inj'

2018-05-15 16:56:52 - [TEST_STEP][PASSED] - selectOptionByIndex: All options with index in [49] are selected on object 'Object Repository/PharmacyRequest/Page_KDMC-Pharmacy/select_--Select--Albendazole'

2018-05-15 16:56:53 - [MESSAGE][PASSED] - All options with index in [49] are selected on object 'Object Repository/PharmacyRequest/Page_KDMC-Pharmacy/select_--Select--Albendazole'

2018-05-15 16:56:53 - [TEST_STEP][PASSED] - delay: Delayed 1 second(s)

2018-05-15 16:56:54 - [MESSAGE][PASSED] - Delayed 1 second(s)

2018-05-15 16:56:54 - [TEST_STEP][PASSED] - setText: Text '10' is set on object 'Object Repository/PharmacyRequest/Page_KDMC-Pharmacy/input_txttreat'

2018-05-15 16:56:54 - [MESSAGE][PASSED] - Text '10' is set on object 'Object Repository/PharmacyRequest/Page_KDMC-Pharmacy/input_txttreat'

2018-05-15 16:56:54 - [TEST_STEP][PASSED] - click: Object: 'Object Repository/PharmacyRequest/Page_KDMC-Pharmacy/button_Add' is clicked on

2018-05-15 16:56:54 - [MESSAGE][PASSED] - Object: 'Object Repository/PharmacyRequest/Page_KDMC-Pharmacy/button_Add' is clicked on

2018-05-15 16:56:54 - [TEST_STEP][PASSED] - selectOptionByIndex: All options with index in [2] are selected on object 'Object Repository/PharmacyRequest/Page_KDMC-Pharmacy/select_--Select--Schedule 1Inj'

2018-05-15 16:56:54 - [MESSAGE][PASSED] - All options with index in [2] are selected on object 'Object Repository/PharmacyRequest/Page_KDMC-Pharmacy/select_--Select--Schedule 1Inj'

2018-05-15 16:56:54 - [TEST_STEP][PASSED] - selectOptionByIndex: All options with index in [50] are selected on object 'Object Repository/PharmacyRequest/Page_KDMC-Pharmacy/select_--Select--Albendazole'

2018-05-15 16:56:55 - [MESSAGE][PASSED] - All options with index in [50] are selected on object 'Object Repository/PharmacyRequest/Page_KDMC-Pharmacy/select_--Select--Albendazole'

2018-05-15 16:56:55 - [TEST_STEP][PASSED] - delay: Delayed 1 second(s)

2018-05-15 16:56:56 - [MESSAGE][PASSED] - Delayed 1 second(s)

2018-05-15 16:56:56 - [TEST_STEP][PASSED] - setText: Text '10' is set on object 'Object Repository/PharmacyRequest/Page_KDMC-Pharmacy/input_txttreat'

2018-05-15 16:56:56 - [MESSAGE][PASSED] - Text '10' is set on object 'Object Repository/PharmacyRequest/Page_KDMC-Pharmacy/input_txttreat'

2018-05-15 16:56:56 - [TEST_STEP][PASSED] - click: Object: 'Object Repository/PharmacyRequest/Page_KDMC-Pharmacy/button_Add' is clicked on

2018-05-15 16:56:56 - [MESSAGE][PASSED] - Object: 'Object Repository/PharmacyRequest/Page_KDMC-Pharmacy/button_Add' is clicked on

2018-05-15 16:56:56 - [TEST_STEP][PASSED] - selectOptionByIndex: All options with index in [2] are selected on object 'Object Repository/PharmacyRequest/Page_KDMC-Pharmacy/select_--Select--Schedule 1Inj'

2018-05-15 16:56:56 - [MESSAGE][PASSED] - All options with index in [2] are selected on object 'Object Repository/PharmacyRequest/Page_KDMC-Pharmacy/select_--Select--Schedule 1Inj'

2018-05-15 16:56:56 - [TEST_STEP][PASSED] - selectOptionByIndex: All options with index in [51] are selected on object 'Object Repository/PharmacyRequest/Page_KDMC-Pharmacy/select_--Select--Albendazole'

2018-05-15 16:56:57 - [MESSAGE][PASSED] - All options with index in [51] are selected on object 'Object Repository/PharmacyRequest/Page_KDMC-Pharmacy/select_--Select--Albendazole'

2018-05-15 16:56:57 - [TEST_STEP][PASSED] - delay: Delayed 1 second(s)

2018-05-15 16:56:58 - [MESSAGE][PASSED] - Delayed 1 second(s)

2018-05-15 16:56:58 - [TEST_STEP][PASSED] - setText: Text '10' is set on object 'Object Repository/PharmacyRequest/Page_KDMC-Pharmacy/input_txttreat'

2018-05-15 16:56:58 - [MESSAGE][PASSED] - Text '10' is set on object 'Object Repository/PharmacyRequest/Page_KDMC-Pharmacy/input_txttreat'

2018-05-15 16:56:58 - [TEST_STEP][PASSED] - click: Object: 'Object Repository/PharmacyRequest/Page_KDMC-Pharmacy/button_Add' is clicked on

2018-05-15 16:56:58 - [MESSAGE][PASSED] - Object: 'Object Repository/PharmacyRequest/Page_KDMC-Pharmacy/button_Add' is clicked on

2018-05-15 16:56:58 - [TEST_STEP][PASSED] - selectOptionByIndex: All options with index in [2] are selected on object 'Object Repository/PharmacyRequest/Page_KDMC-Pharmacy/select_--Select--Schedule 1Inj'

2018-05-15 16:56:58 - [MESSAGE][PASSED] - All options with index in [2] are selected on object 'Object Repository/PharmacyRequest/Page_KDMC-Pharmacy/select_--Select--Schedule 1Inj'

2018-05-15 16:56:58 - [TEST_STEP][PASSED] - selectOptionByIndex: All options with index in [52] are selected on object 'Object Repository/PharmacyRequest/Page_KDMC-Pharmacy/select_--Select--Albendazole'

2018-05-15 16:56:58 - [MESSAGE][PASSED] - All options with index in [52] are selected on object 'Object Repository/PharmacyRequest/Page_KDMC-Pharmacy/select_--Select--Albendazole'

2018-05-15 16:56:58 - [TEST_STEP][PASSED] - delay: Delayed 1 second(s)

2018-05-15 16:56:59 - [MESSAGE][PASSED] - Delayed 1 second(s)

2018-05-15 16:56:59 - [TEST_STEP][PASSED] - setText: Text '10' is set on object 'Object Repository/PharmacyRequest/Page_KDMC-Pharmacy/input_txttreat'

2018-05-15 16:57:00 - [MESSAGE][PASSED] - Text '10' is set on object 'Object Repository/PharmacyRequest/Page_KDMC-Pharmacy/input_txttreat'

2018-05-15 16:57:00 - [TEST_STEP][PASSED] - click: Object: 'Object Repository/PharmacyRequest/Page_KDMC-Pharmacy/button_Add' is clicked on

2018-05-15 16:57:00 - [MESSAGE][PASSED] - Object: 'Object Repository/PharmacyRequest/Page_KDMC-Pharmacy/button_Add' is clicked on

2018-05-15 16:57:00 - [TEST_STEP][PASSED] - selectOptionByIndex: All options with index in [2] are selected on object 'Object Repository/PharmacyRequest/Page_KDMC-Pharmacy/select_--Select--Schedule 1Inj'

2018-05-15 16:57:00 - [MESSAGE][PASSED] - All options with index in [2] are selected on object 'Object Repository/PharmacyRequest/Page_KDMC-Pharmacy/select_--Select--Schedule 1Inj'

2018-05-15 16:57:00 - [TEST_STEP][PASSED] - selectOptionByIndex: All options with index in [53] are selected on object 'Object Repository/PharmacyRequest/Page_KDMC-Pharmacy/select_--Select--Albendazole'

2018-05-15 16:57:00 - [MESSAGE][PASSED] - All options with index in [53] are selected on object 'Object Repository/PharmacyRequest/Page_KDMC-Pharmacy/select_--Select--Albendazole'

2018-05-15 16:57:00 - [TEST_STEP][PASSED] - delay: Delayed 1 second(s)

2018-05-15 16:57:01 - [MESSAGE][PASSED] - Delayed 1 second(s)

2018-05-15 16:57:01 - [TEST_STEP][PASSED] - setText: Text '10' is set on object 'Object Repository/PharmacyRequest/Page_KDMC-Pharmacy/input_txttreat'

2018-05-15 16:57:01 - [MESSAGE][PASSED] - Text '10' is set on object 'Object Repository/PharmacyRequest/Page_KDMC-Pharmacy/input_txttreat'

2018-05-15 16:57:01 - [TEST_STEP][PASSED] - click: Object: 'Object Repository/PharmacyRequest/Page_KDMC-Pharmacy/button_Add' is clicked on

2018-05-15 16:57:01 - [MESSAGE][PASSED] - Object: 'Object Repository/PharmacyRequest/Page_KDMC-Pharmacy/button_Add' is clicked on

2018-05-15 16:57:01 - [TEST_STEP][PASSED] - selectOptionByIndex: All options with index in [2] are selected on object 'Object Repository/PharmacyRequest/Page_KDMC-Pharmacy/select_--Select--Schedule 1Inj'

2018-05-15 16:57:02 - [MESSAGE][PASSED] - All options with index in [2] are selected on object 'Object Repository/PharmacyRequest/Page_KDMC-Pharmacy/select_--Select--Schedule 1Inj'

2018-05-15 16:57:02 - [TEST_STEP][PASSED] - selectOptionByIndex: All options with index in [54] are selected on object 'Object Repository/PharmacyRequest/Page_KDMC-Pharmacy/select_--Select--Albendazole'

2018-05-15 16:57:02 - [MESSAGE][PASSED] - All options with index in [54] are selected on object 'Object Repository/PharmacyRequest/Page_KDMC-Pharmacy/select_--Select--Albendazole'

2018-05-15 16:57:02 - [TEST_STEP][PASSED] - delay: Delayed 1 second(s)

2018-05-15 16:57:03 - [MESSAGE][PASSED] - Delayed 1 second(s)

2018-05-15 16:57:03 - [TEST_STEP][PASSED] - setText: Text '10' is set on object 'Object Repository/PharmacyRequest/Page_KDMC-Pharmacy/input_txttreat'

2018-05-15 16:57:03 - [MESSAGE][PASSED] - Text '10' is set on object 'Object Repository/PharmacyRequest/Page_KDMC-Pharmacy/input_txttreat'

2018-05-15 16:57:03 - [TEST_STEP][PASSED] - click: Object: 'Object Repository/PharmacyRequest/Page_KDMC-Pharmacy/button_Add' is clicked on

2018-05-15 16:57:03 - [MESSAGE][PASSED] - Object: 'Object Repository/PharmacyRequest/Page_KDMC-Pharmacy/button_Add' is clicked on

2018-05-15 16:57:03 - [TEST_STEP][PASSED] - selectOptionByIndex: All options with index in [2] are selected on object 'Object Repository/PharmacyRequest/Page_KDMC-Pharmacy/select_--Select--Schedule 1Inj'

2018-05-15 16:57:03 - [MESSAGE][PASSED] - All options with index in [2] are selected on object 'Object Repository/PharmacyRequest/Page_KDMC-Pharmacy/select_--Select--Schedule 1Inj'

2018-05-15 16:57:03 - [TEST_STEP][PASSED] - selectOptionByIndex: All options with index in [55] are selected on object 'Object Repository/PharmacyRequest/Page_KDMC-Pharmacy/select_--Select--Albendazole'

2018-05-15 16:57:04 - [MESSAGE][PASSED] - All options with index in [55] are selected on object 'Object Repository/PharmacyRequest/Page_KDMC-Pharmacy/select_--Select--Albendazole'

2018-05-15 16:57:04 - [TEST_STEP][PASSED] - delay: Delayed 1 second(s)

2018-05-15 16:57:05 - [MESSAGE][PASSED] - Delayed 1 second(s)

2018-05-15 16:57:05 - [TEST_STEP][PASSED] - setText: Text '10' is set on object 'Object Repository/PharmacyRequest/Page_KDMC-Pharmacy/input_txttreat'

2018-05-15 16:57:05 - [MESSAGE][PASSED] - Text '10' is set on object 'Object Repository/PharmacyRequest/Page_KDMC-Pharmacy/input_txttreat'

2018-05-15 16:57:05 - [TEST_STEP][PASSED] - click: Object: 'Object Repository/PharmacyRequest/Page_KDMC-Pharmacy/button_Add' is clicked on

2018-05-15 16:57:05 - [MESSAGE][PASSED] - Object: 'Object Repository/PharmacyRequest/Page_KDMC-Pharmacy/button_Add' is clicked on

2018-05-15 16:57:05 - [TEST_STEP][PASSED] - selectOptionByIndex: All options with index in [2] are selected on object 'Object Repository/PharmacyRequest/Page_KDMC-Pharmacy/select_--Select--Schedule 1Inj'

2018-05-15 16:57:05 - [MESSAGE][PASSED] - All options with index in [2] are selected on object 'Object Repository/PharmacyRequest/Page_KDMC-Pharmacy/select_--Select--Schedule 1Inj'

2018-05-15 16:57:05 - [TEST_STEP][PASSED] - selectOptionByIndex: All options with index in [56] are selected on object 'Object Repository/PharmacyRequest/Page_KDMC-Pharmacy/select_--Select--Albendazole'

2018-05-15 16:57:06 - [MESSAGE][PASSED] - All options with index in [56] are selected on object 'Object Repository/PharmacyRequest/Page_KDMC-Pharmacy/select_--Select--Albendazole'

2018-05-15 16:57:06 - [TEST_STEP][PASSED] - delay: Delayed 1 second(s)

2018-05-15 16:57:07 - [MESSAGE][PASSED] - Delayed 1 second(s)

2018-05-15 16:57:07 - [TEST_STEP][PASSED] - setText: Text '10' is set on object 'Object Repository/PharmacyRequest/Page_KDMC-Pharmacy/input_txttreat'

2018-05-15 16:57:07 - [MESSAGE][PASSED] - Text '10' is set on object 'Object Repository/PharmacyRequest/Page_KDMC-Pharmacy/input_txttreat'

2018-05-15 16:57:07 - [TEST_STEP][PASSED] - click: Object: 'Object Repository/PharmacyRequest/Page_KDMC-Pharmacy/button_Add' is clicked on

2018-05-15 16:57:07 - [MESSAGE][PASSED] - Object: 'Object Repository/PharmacyRequest/Page_KDMC-Pharmacy/button_Add' is clicked on

2018-05-15 16:57:07 - [TEST_STEP][PASSED] - selectOptionByIndex: All options with index in [2] are selected on object 'Object Repository/PharmacyRequest/Page_KDMC-Pharmacy/select_--Select--Schedule 1Inj'

2018-05-15 16:57:07 - [MESSAGE][PASSED] - All options with index in [2] are selected on object 'Object Repository/PharmacyRequest/Page_KDMC-Pharmacy/select_--Select--Schedule 1Inj'

2018-05-15 16:57:07 - [TEST_STEP][PASSED] - selectOptionByIndex: All options with index in [57] are selected on object 'Object Repository/PharmacyRequest/Page_KDMC-Pharmacy/select_--Select--Albendazole'

2018-05-15 16:57:08 - [MESSAGE][PASSED] - All options with index in [57] are selected on object 'Object Repository/PharmacyRequest/Page_KDMC-Pharmacy/select_--Select--Albendazole'

2018-05-15 16:57:08 - [TEST_STEP][PASSED] - delay: Delayed 1 second(s)

2018-05-15 16:57:09 - [MESSAGE][PASSED] - Delayed 1 second(s)

2018-05-15 16:57:09 - [TEST_STEP][PASSED] - setText: Text '10' is set on object 'Object Repository/PharmacyRequest/Page_KDMC-Pharmacy/input_txttreat'

2018-05-15 16:57:09 - [MESSAGE][PASSED] - Text '10' is set on object 'Object Repository/PharmacyRequest/Page_KDMC-Pharmacy/input_txttreat'

2018-05-15 16:57:09 - [TEST_STEP][PASSED] - click: Object: 'Object Repository/PharmacyRequest/Page_KDMC-Pharmacy/button_Add' is clicked on

2018-05-15 16:57:09 - [MESSAGE][PASSED] - Object: 'Object Repository/PharmacyRequest/Page_KDMC-Pharmacy/button_Add' is clicked on

2018-05-15 16:57:09 - [TEST_STEP][PASSED] - selectOptionByIndex: All options with index in [2] are selected on object 'Object Repository/PharmacyRequest/Page_KDMC-Pharmacy/select_--Select--Schedule 1Inj'

2018-05-15 16:57:09 - [MESSAGE][PASSED] - All options with index in [2] are selected on object 'Object Repository/PharmacyRequest/Page_KDMC-Pharmacy/select_--Select--Schedule 1Inj'

2018-05-15 16:57:09 - [TEST_STEP][PASSED] - selectOptionByIndex: All options with index in [58] are selected on object 'Object Repository/PharmacyRequest/Page_KDMC-Pharmacy/select_--Select--Albendazole'

2018-05-15 16:57:09 - [MESSAGE][PASSED] - All options with index in [58] are selected on object 'Object Repository/PharmacyRequest/Page_KDMC-Pharmacy/select_--Select--Albendazole'

2018-05-15 16:57:09 - [TEST_STEP][PASSED] - delay: Delayed 1 second(s)

2018-05-15 16:57:10 - [MESSAGE][PASSED] - Delayed 1 second(s)

2018-05-15 16:57:10 - [TEST_STEP][PASSED] - setText: Text '10' is set on object 'Object Repository/PharmacyRequest/Page_KDMC-Pharmacy/input_txttreat'

2018-05-15 16:57:10 - [MESSAGE][PASSED] - Text '10' is set on object 'Object Repository/PharmacyRequest/Page_KDMC-Pharmacy/input_txttreat'

2018-05-15 16:57:10 - [TEST_STEP][PASSED] - click: Object: 'Object Repository/PharmacyRequest/Page_KDMC-Pharmacy/button_Add' is clicked on

2018-05-15 16:57:11 - [MESSAGE][PASSED] - Object: 'Object Repository/PharmacyRequest/Page_KDMC-Pharmacy/button_Add' is clicked on

2018-05-15 16:57:11 - [TEST_STEP][PASSED] - selectOptionByIndex: All options with index in [2] are selected on object 'Object Repository/PharmacyRequest/Page_KDMC-Pharmacy/select_--Select--Schedule 1Inj'

2018-05-15 16:57:11 - [MESSAGE][PASSED] - All options with index in [2] are selected on object 'Object Repository/PharmacyRequest/Page_KDMC-Pharmacy/select_--Select--Schedule 1Inj'

2018-05-15 16:57:11 - [TEST_STEP][PASSED] - selectOptionByIndex: All options with index in [59] are selected on object 'Object Repository/PharmacyRequest/Page_KDMC-Pharmacy/select_--Select--Albendazole'

2018-05-15 16:57:11 - [MESSAGE][PASSED] - All options with index in [59] are selected on object 'Object Repository/PharmacyRequest/Page_KDMC-Pharmacy/select_--Select--Albendazole'

2018-05-15 16:57:11 - [TEST_STEP][PASSED] - delay: Delayed 1 second(s)

2018-05-15 16:57:12 - [MESSAGE][PASSED] - Delayed 1 second(s)

2018-05-15 16:57:12 - [TEST_STEP][PASSED] - setText: Text '10' is set on object 'Object Repository/PharmacyRequest/Page_KDMC-Pharmacy/input_txttreat'

2018-05-15 16:57:12 - [MESSAGE][PASSED] - Text '10' is set on object 'Object Repository/PharmacyRequest/Page_KDMC-Pharmacy/input_txttreat'

2018-05-15 16:57:12 - [TEST_STEP][PASSED] - click: Object: 'Object Repository/PharmacyRequest/Page_KDMC-Pharmacy/button_Add' is clicked on

2018-05-15 16:57:12 - [MESSAGE][PASSED] - Object: 'Object Repository/PharmacyRequest/Page_KDMC-Pharmacy/button_Add' is clicked on

2018-05-15 16:57:12 - [TEST_STEP][PASSED] - selectOptionByIndex: All options with index in [2] are selected on object 'Object Repository/PharmacyRequest/Page_KDMC-Pharmacy/select_--Select--Schedule 1Inj'

2018-05-15 16:57:13 - [MESSAGE][PASSED] - All options with index in [2] are selected on object 'Object Repository/PharmacyRequest/Page_KDMC-Pharmacy/select_--Select--Schedule 1Inj'

2018-05-15 16:57:13 - [TEST_STEP][PASSED] - selectOptionByIndex: All options with index in [60] are selected on object 'Object Repository/PharmacyRequest/Page_KDMC-Pharmacy/select_--Select--Albendazole'

2018-05-15 16:57:13 - [MESSAGE][PASSED] - All options with index in [60] are selected on object 'Object Repository/PharmacyRequest/Page_KDMC-Pharmacy/select_--Select--Albendazole'

2018-05-15 16:57:13 - [TEST_STEP][PASSED] - delay: Delayed 1 second(s)

2018-05-15 16:57:14 - [MESSAGE][PASSED] - Delayed 1 second(s)

2018-05-15 16:57:14 - [TEST_STEP][PASSED] - setText: Text '10' is set on object 'Object Repository/PharmacyRequest/Page_KDMC-Pharmacy/input_txttreat'

2018-05-15 16:57:14 - [MESSAGE][PASSED] - Text '10' is set on object 'Object Repository/PharmacyRequest/Page_KDMC-Pharmacy/input_txttreat'

2018-05-15 16:57:14 - [TEST_STEP][PASSED] - click: Object: 'Object Repository/PharmacyRequest/Page_KDMC-Pharmacy/button_Add' is clicked on

2018-05-15 16:57:14 - [MESSAGE][PASSED] - Object: 'Object Repository/PharmacyRequest/Page_KDMC-Pharmacy/button_Add' is clicked on

2018-05-15 16:57:14 - [TEST_STEP][PASSED] - selectOptionByIndex: All options with index in [2] are selected on object 'Object Repository/PharmacyRequest/Page_KDMC-Pharmacy/select_--Select--Schedule 1Inj'

2018-05-15 16:57:14 - [MESSAGE][PASSED] - All options with index in [2] are selected on object 'Object Repository/PharmacyRequest/Page_KDMC-Pharmacy/select_--Select--Schedule 1Inj'

2018-05-15 16:57:14 - [TEST_STEP][PASSED] - selectOptionByIndex: All options with index in [61] are selected on object 'Object Repository/PharmacyRequest/Page_KDMC-Pharmacy/select_--Select--Albendazole'

2018-05-15 16:57:15 - [MESSAGE][PASSED] - All options with index in [61] are selected on object 'Object Repository/PharmacyRequest/Page_KDMC-Pharmacy/select_--Select--Albendazole'

2018-05-15 16:57:15 - [TEST_STEP][PASSED] - delay: Delayed 1 second(s)

2018-05-15 16:57:16 - [MESSAGE][PASSED] - Delayed 1 second(s)

2018-05-15 16:57:16 - [TEST_STEP][PASSED] - setText: Text '10' is set on object 'Object Repository/PharmacyRequest/Page_KDMC-Pharmacy/input_txttreat'

2018-05-15 16:57:16 - [MESSAGE][PASSED] - Text '10' is set on object 'Object Repository/PharmacyRequest/Page_KDMC-Pharmacy/input_txttreat'

2018-05-15 16:57:16 - [TEST_STEP][PASSED] - click: Object: 'Object Repository/PharmacyRequest/Page_KDMC-Pharmacy/button_Add' is clicked on

2018-05-15 16:57:16 - [MESSAGE][PASSED] - Object: 'Object Repository/PharmacyRequest/Page_KDMC-Pharmacy/button_Add' is clicked on

2018-05-15 16:57:16 - [TEST_STEP][PASSED] - selectOptionByIndex: All options with index in [2] are selected on object 'Object Repository/PharmacyRequest/Page_KDMC-Pharmacy/select_--Select--Schedule 1Inj'

2018-05-15 16:57:16 - [MESSAGE][PASSED] - All options with index in [2] are selected on object 'Object Repository/PharmacyRequest/Page_KDMC-Pharmacy/select_--Select--Schedule 1Inj'

2018-05-15 16:57:16 - [TEST_STEP][PASSED] - selectOptionByIndex: All options with index in [62] are selected on object 'Object Repository/PharmacyRequest/Page_KDMC-Pharmacy/select_--Select--Albendazole'

2018-05-15 16:57:17 - [MESSAGE][PASSED] - All options with index in [62] are selected on object 'Object Repository/PharmacyRequest/Page_KDMC-Pharmacy/select_--Select--Albendazole'

2018-05-15 16:57:17 - [TEST_STEP][PASSED] - delay: Delayed 1 second(s)

2018-05-15 16:57:18 - [MESSAGE][PASSED] - Delayed 1 second(s)

2018-05-15 16:57:18 - [TEST_STEP][PASSED] - setText: Text '10' is set on object 'Object Repository/PharmacyRequest/Page_KDMC-Pharmacy/input_txttreat'

2018-05-15 16:57:18 - [MESSAGE][PASSED] - Text '10' is set on object 'Object Repository/PharmacyRequest/Page_KDMC-Pharmacy/input_txttreat'

2018-05-15 16:57:18 - [TEST_STEP][PASSED] - click: Object: 'Object Repository/PharmacyRequest/Page_KDMC-Pharmacy/button_Add' is clicked on

2018-05-15 16:57:18 - [MESSAGE][PASSED] - Object: 'Object Repository/PharmacyRequest/Page_KDMC-Pharmacy/button_Add' is clicked on

2018-05-15 16:57:18 - [TEST_STEP][PASSED] - selectOptionByIndex: All options with index in [2] are selected on object 'Object Repository/PharmacyRequest/Page_KDMC-Pharmacy/select_--Select--Schedule 1Inj'

2018-05-15 16:57:18 - [MESSAGE][PASSED] - All options with index in [2] are selected on object 'Object Repository/PharmacyRequest/Page_KDMC-Pharmacy/select_--Select--Schedule 1Inj'

2018-05-15 16:57:18 - [TEST_STEP][PASSED] - selectOptionByIndex: All options with index in [63] are selected on object 'Object Repository/PharmacyRequest/Page_KDMC-Pharmacy/select_--Select--Albendazole'

2018-05-15 16:57:19 - [MESSAGE][PASSED] - All options with index in [63] are selected on object 'Object Repository/PharmacyRequest/Page_KDMC-Pharmacy/select_--Select--Albendazole'

2018-05-15 16:57:19 - [TEST_STEP][PASSED] - delay: Delayed 1 second(s)

2018-05-15 16:57:20 - [MESSAGE][PASSED] - Delayed 1 second(s)

2018-05-15 16:57:20 - [TEST_STEP][PASSED] - setText: Text '10' is set on object 'Object Repository/PharmacyRequest/Page_KDMC-Pharmacy/input_txttreat'

2018-05-15 16:57:20 - [MESSAGE][PASSED] - Text '10' is set on object 'Object Repository/PharmacyRequest/Page_KDMC-Pharmacy/input_txttreat'

2018-05-15 16:57:20 - [TEST_STEP][PASSED] - click: Object: 'Object Repository/PharmacyRequest/Page_KDMC-Pharmacy/button_Add' is clicked on

2018-05-15 16:57:20 - [MESSAGE][PASSED] - Object: 'Object Repository/PharmacyRequest/Page_KDMC-Pharmacy/button_Add' is clicked on

2018-05-15 16:57:20 - [TEST_STEP][PASSED] - selectOptionByIndex: All options with index in [2] are selected on object 'Object Repository/PharmacyRequest/Page_KDMC-Pharmacy/select_--Select--Schedule 1Inj'

2018-05-15 16:57:20 - [MESSAGE][PASSED] - All options with index in [2] are selected on object 'Object Repository/PharmacyRequest/Page_KDMC-Pharmacy/select_--Select--Schedule 1Inj'

2018-05-15 16:57:20 - [TEST_STEP][PASSED] - selectOptionByIndex: All options with index in [64] are selected on object 'Object Repository/PharmacyRequest/Page_KDMC-Pharmacy/select_--Select--Albendazole'

2018-05-15 16:57:21 - [MESSAGE][PASSED] - All options with index in [64] are selected on object 'Object Repository/PharmacyRequest/Page_KDMC-Pharmacy/select_--Select--Albendazole'

2018-05-15 16:57:21 - [TEST_STEP][PASSED] - delay: Delayed 1 second(s)

2018-05-15 16:57:22 - [MESSAGE][PASSED] - Delayed 1 second(s)

2018-05-15 16:57:22 - [TEST_STEP][PASSED] - setText: Text '10' is set on object 'Object Repository/PharmacyRequest/Page_KDMC-Pharmacy/input_txttreat'

2018-05-15 16:57:22 - [MESSAGE][PASSED] - Text '10' is set on object 'Object Repository/PharmacyRequest/Page_KDMC-Pharmacy/input_txttreat'

2018-05-15 16:57:22 - [TEST_STEP][PASSED] - click: Object: 'Object Repository/PharmacyRequest/Page_KDMC-Pharmacy/button_Add' is clicked on

2018-05-15 16:57:22 - [MESSAGE][PASSED] - Object: 'Object Repository/PharmacyRequest/Page_KDMC-Pharmacy/button_Add' is clicked on

2018-05-15 16:57:22 - [TEST_STEP][PASSED] - selectOptionByIndex: All options with index in [2] are selected on object 'Object Repository/PharmacyRequest/Page_KDMC-Pharmacy/select_--Select--Schedule 1Inj'

2018-05-15 16:57:22 - [MESSAGE][PASSED] - All options with index in [2] are selected on object 'Object Repository/PharmacyRequest/Page_KDMC-Pharmacy/select_--Select--Schedule 1Inj'

2018-05-15 16:57:22 - [TEST_STEP][PASSED] - selectOptionByIndex: All options with index in [65] are selected on object 'Object Repository/PharmacyRequest/Page_KDMC-Pharmacy/select_--Select--Albendazole'

2018-05-15 16:57:23 - [MESSAGE][PASSED] - All options with index in [65] are selected on object 'Object Repository/PharmacyRequest/Page_KDMC-Pharmacy/select_--Select--Albendazole'

2018-05-15 16:57:23 - [TEST_STEP][PASSED] - delay: Delayed 1 second(s)

2018-05-15 16:57:24 - [MESSAGE][PASSED] - Delayed 1 second(s)

2018-05-15 16:57:24 - [TEST_STEP][PASSED] - setText: Text '10' is set on object 'Object Repository/PharmacyRequest/Page_KDMC-Pharmacy/input_txttreat'

2018-05-15 16:57:24 - [MESSAGE][PASSED] - Text '10' is set on object 'Object Repository/PharmacyRequest/Page_KDMC-Pharmacy/input_txttreat'

2018-05-15 16:57:24 - [TEST_STEP][PASSED] - click: Object: 'Object Repository/PharmacyRequest/Page_KDMC-Pharmacy/button_Add' is clicked on

2018-05-15 16:57:24 - [MESSAGE][PASSED] - Object: 'Object Repository/PharmacyRequest/Page_KDMC-Pharmacy/button_Add' is clicked on

2018-05-15 16:57:24 - [TEST_STEP][PASSED] - selectOptionByIndex: All options with index in [2] are selected on object 'Object Repository/PharmacyRequest/Page_KDMC-Pharmacy/select_--Select--Schedule 1Inj'

2018-05-15 16:57:24 - [MESSAGE][PASSED] - All options with index in [2] are selected on object 'Object Repository/PharmacyRequest/Page_KDMC-Pharmacy/select_--Select--Schedule 1Inj'

2018-05-15 16:57:24 - [TEST_STEP][PASSED] - selectOptionByIndex: All options with index in [66] are selected on object 'Object Repository/PharmacyRequest/Page_KDMC-Pharmacy/select_--Select--Albendazole'

2018-05-15 16:57:24 - [MESSAGE][PASSED] - All options with index in [66] are selected on object 'Object Repository/PharmacyRequest/Page_KDMC-Pharmacy/select_--Select--Albendazole'

2018-05-15 16:57:24 - [TEST_STEP][PASSED] - delay: Delayed 1 second(s)

2018-05-15 16:57:25 - [MESSAGE][PASSED] - Delayed 1 second(s)

2018-05-15 16:57:25 - [TEST_STEP][PASSED] - setText: Text '10' is set on object 'Object Repository/PharmacyRequest/Page_KDMC-Pharmacy/input_txttreat'

2018-05-15 16:57:26 - [MESSAGE][PASSED] - Text '10' is set on object 'Object Repository/PharmacyRequest/Page_KDMC-Pharmacy/input_txttreat'

2018-05-15 16:57:26 - [TEST_STEP][PASSED] - click: Object: 'Object Repository/PharmacyRequest/Page_KDMC-Pharmacy/button_Add' is clicked on

2018-05-15 16:57:26 - [MESSAGE][PASSED] - Object: 'Object Repository/PharmacyRequest/Page_KDMC-Pharmacy/button_Add' is clicked on

2018-05-15 16:57:26 - [TEST_STEP][PASSED] - selectOptionByIndex: All options with index in [2] are selected on object 'Object Repository/PharmacyRequest/Page_KDMC-Pharmacy/select_--Select--Schedule 1Inj'

2018-05-15 16:57:26 - [MESSAGE][PASSED] - All options with index in [2] are selected on object 'Object Repository/PharmacyRequest/Page_KDMC-Pharmacy/select_--Select--Schedule 1Inj'

2018-05-15 16:57:26 - [TEST_STEP][PASSED] - selectOptionByIndex: All options with index in [67] are selected on object 'Object Repository/PharmacyRequest/Page_KDMC-Pharmacy/select_--Select--Albendazole'

2018-05-15 16:57:26 - [MESSAGE][PASSED] - All options with index in [67] are selected on object 'Object Repository/PharmacyRequest/Page_KDMC-Pharmacy/select_--Select--Albendazole'

2018-05-15 16:57:26 - [TEST_STEP][PASSED] - delay: Delayed 1 second(s)

2018-05-15 16:57:27 - [MESSAGE][PASSED] - Delayed 1 second(s)

2018-05-15 16:57:27 - [TEST_STEP][PASSED] - setText: Text '10' is set on object 'Object Repository/PharmacyRequest/Page_KDMC-Pharmacy/input_txttreat'

2018-05-15 16:57:27 - [MESSAGE][PASSED] - Text '10' is set on object 'Object Repository/PharmacyRequest/Page_KDMC-Pharmacy/input_txttreat'

2018-05-15 16:57:27 - [TEST_STEP][PASSED] - click: Object: 'Object Repository/PharmacyRequest/Page_KDMC-Pharmacy/button_Add' is clicked on

2018-05-15 16:57:28 - [MESSAGE][PASSED] - Object: 'Object Repository/PharmacyRequest/Page_KDMC-Pharmacy/button_Add' is clicked on

2018-05-15 16:57:28 - [TEST_STEP][PASSED] - selectOptionByIndex: All options with index in [2] are selected on object 'Object Repository/PharmacyRequest/Page_KDMC-Pharmacy/select_--Select--Schedule 1Inj'

2018-05-15 16:57:28 - [MESSAGE][PASSED] - All options with index in [2] are selected on object 'Object Repository/PharmacyRequest/Page_KDMC-Pharmacy/select_--Select--Schedule 1Inj'

2018-05-15 16:57:28 - [TEST_STEP][PASSED] - selectOptionByIndex: All options with index in [68] are selected on object 'Object Repository/PharmacyRequest/Page_KDMC-Pharmacy/select_--Select--Albendazole'

2018-05-15 16:57:28 - [MESSAGE][PASSED] - All options with index in [68] are selected on object 'Object Repository/PharmacyRequest/Page_KDMC-Pharmacy/select_--Select--Albendazole'

2018-05-15 16:57:28 - [TEST_STEP][PASSED] - delay: Delayed 1 second(s)

2018-05-15 16:57:29 - [MESSAGE][PASSED] - Delayed 1 second(s)

2018-05-15 16:57:29 - [TEST_STEP][PASSED] - setText: Text '10' is set on object 'Object Repository/PharmacyRequest/Page_KDMC-Pharmacy/input_txttreat'

2018-05-15 16:57:29 - [MESSAGE][PASSED] - Text '10' is set on object 'Object Repository/PharmacyRequest/Page_KDMC-Pharmacy/input_txttreat'

2018-05-15 16:57:29 - [TEST_STEP][PASSED] - click: Object: 'Object Repository/PharmacyRequest/Page_KDMC-Pharmacy/button_Add' is clicked on

2018-05-15 16:57:29 - [MESSAGE][PASSED] - Object: 'Object Repository/PharmacyRequest/Page_KDMC-Pharmacy/button_Add' is clicked on

2018-05-15 16:57:29 - [TEST_STEP][PASSED] - selectOptionByIndex: All options with index in [2] are selected on object 'Object Repository/PharmacyRequest/Page_KDMC-Pharmacy/select_--Select--Schedule 1Inj'

2018-05-15 16:57:30 - [MESSAGE][PASSED] - All options with index in [2] are selected on object 'Object Repository/PharmacyRequest/Page_KDMC-Pharmacy/select_--Select--Schedule 1Inj'

2018-05-15 16:57:30 - [TEST_STEP][PASSED] - selectOptionByIndex: All options with index in [69] are selected on object 'Object Repository/PharmacyRequest/Page_KDMC-Pharmacy/select_--Select--Albendazole'

2018-05-15 16:57:31 - [MESSAGE][PASSED] - All options with index in [69] are selected on object 'Object Repository/PharmacyRequest/Page_KDMC-Pharmacy/select_--Select--Albendazole'

2018-05-15 16:57:31 - [TEST_STEP][PASSED] - delay: Delayed 1 second(s)

2018-05-15 16:57:32 - [MESSAGE][PASSED] - Delayed 1 second(s)

2018-05-15 16:57:32 - [TEST_STEP][PASSED] - setText: Text '10' is set on object 'Object Repository/PharmacyRequest/Page_KDMC-Pharmacy/input_txttreat'

2018-05-15 16:57:32 - [MESSAGE][PASSED] - Text '10' is set on object 'Object Repository/PharmacyRequest/Page_KDMC-Pharmacy/input_txttreat'

2018-05-15 16:57:32 - [TEST_STEP][PASSED] - click: Object: 'Object Repository/PharmacyRequest/Page_KDMC-Pharmacy/button_Add' is clicked on

2018-05-15 16:57:32 - [MESSAGE][PASSED] - Object: 'Object Repository/PharmacyRequest/Page_KDMC-Pharmacy/button_Add' is clicked on

2018-05-15 16:57:32 - [TEST_STEP][PASSED] - selectOptionByIndex: All options with index in [2] are selected on object 'Object Repository/PharmacyRequest/Page_KDMC-Pharmacy/select_--Select--Schedule 1Inj'

2018-05-15 16:57:32 - [MESSAGE][PASSED] - All options with index in [2] are selected on object 'Object Repository/PharmacyRequest/Page_KDMC-Pharmacy/select_--Select--Schedule 1Inj'

2018-05-15 16:57:32 - [TEST_STEP][PASSED] - selectOptionByIndex: All options with index in [70] are selected on object 'Object Repository/PharmacyRequest/Page_KDMC-Pharmacy/select_--Select--Albendazole'

2018-05-15 16:57:32 - [MESSAGE][PASSED] - All options with index in [70] are selected on object 'Object Repository/PharmacyRequest/Page_KDMC-Pharmacy/select_--Select--Albendazole'

2018-05-15 16:57:32 - [TEST_STEP][PASSED] - delay: Delayed 1 second(s)

2018-05-15 16:57:33 - [MESSAGE][PASSED] - Delayed 1 second(s)

2018-05-15 16:57:33 - [TEST_STEP][PASSED] - setText: Text '10' is set on object 'Object Repository/PharmacyRequest/Page_KDMC-Pharmacy/input_txttreat'

2018-05-15 16:57:34 - [MESSAGE][PASSED] - Text '10' is set on object 'Object Repository/PharmacyRequest/Page_KDMC-Pharmacy/input_txttreat'

2018-05-15 16:57:34 - [TEST_STEP][PASSED] - click: Object: 'Object Repository/PharmacyRequest/Page_KDMC-Pharmacy/button_Add' is clicked on

2018-05-15 16:57:34 - [MESSAGE][PASSED] - Object: 'Object Repository/PharmacyRequest/Page_KDMC-Pharmacy/button_Add' is clicked on

2018-05-15 16:57:34 - [TEST_STEP][PASSED] - selectOptionByIndex: All options with index in [2] are selected on object 'Object Repository/PharmacyRequest/Page_KDMC-Pharmacy/select_--Select--Schedule 1Inj'

2018-05-15 16:57:34 - [MESSAGE][PASSED] - All options with index in [2] are selected on object 'Object Repository/PharmacyRequest/Page_KDMC-Pharmacy/select_--Select--Schedule 1Inj'

2018-05-15 16:57:34 - [TEST_STEP][PASSED] - selectOptionByIndex: All options with index in [71] are selected on object 'Object Repository/PharmacyRequest/Page_KDMC-Pharmacy/select_--Select--Albendazole'

2018-05-15 16:57:34 - [MESSAGE][PASSED] - All options with index in [71] are selected on object 'Object Repository/PharmacyRequest/Page_KDMC-Pharmacy/select_--Select--Albendazole'

2018-05-15 16:57:34 - [TEST_STEP][PASSED] - delay: Delayed 1 second(s)

2018-05-15 16:57:35 - [MESSAGE][PASSED] - Delayed 1 second(s)

2018-05-15 16:57:35 - [TEST_STEP][PASSED] - setText: Text '10' is set on object 'Object Repository/PharmacyRequest/Page_KDMC-Pharmacy/input_txttreat'

2018-05-15 16:57:35 - [MESSAGE][PASSED] - Text '10' is set on object 'Object Repository/PharmacyRequest/Page_KDMC-Pharmacy/input_txttreat'

2018-05-15 16:57:35 - [TEST_STEP][PASSED] - click: Object: 'Object Repository/PharmacyRequest/Page_KDMC-Pharmacy/button_Add' is clicked on

2018-05-15 16:57:36 - [MESSAGE][PASSED] - Object: 'Object Repository/PharmacyRequest/Page_KDMC-Pharmacy/button_Add' is clicked on

2018-05-15 16:57:36 - [TEST_STEP][PASSED] - selectOptionByIndex: All options with index in [2] are selected on object 'Object Repository/PharmacyRequest/Page_KDMC-Pharmacy/select_--Select--Schedule 1Inj'

2018-05-15 16:57:36 - [MESSAGE][PASSED] - All options with index in [2] are selected on object 'Object Repository/PharmacyRequest/Page_KDMC-Pharmacy/select_--Select--Schedule 1Inj'

2018-05-15 16:57:36 - [TEST_STEP][PASSED] - selectOptionByIndex: All options with index in [72] are selected on object 'Object Repository/PharmacyRequest/Page_KDMC-Pharmacy/select_--Select--Albendazole'

2018-05-15 16:57:36 - [MESSAGE][PASSED] - All options with index in [72] are selected on object 'Object Repository/PharmacyRequest/Page_KDMC-Pharmacy/select_--Select--Albendazole'

2018-05-15 16:57:36 - [TEST_STEP][PASSED] - delay: Delayed 1 second(s)

2018-05-15 16:57:37 - [MESSAGE][PASSED] - Delayed 1 second(s)

2018-05-15 16:57:37 - [TEST_STEP][PASSED] - setText: Text '10' is set on object 'Object Repository/PharmacyRequest/Page_KDMC-Pharmacy/input_txttreat'

2018-05-15 16:57:37 - [MESSAGE][PASSED] - Text '10' is set on object 'Object Repository/PharmacyRequest/Page_KDMC-Pharmacy/input_txttreat'

2018-05-15 16:57:37 - [TEST_STEP][PASSED] - click: Object: 'Object Repository/PharmacyRequest/Page_KDMC-Pharmacy/button_Add' is clicked on

2018-05-15 16:57:38 - [MESSAGE][PASSED] - Object: 'Object Repository/PharmacyRequest/Page_KDMC-Pharmacy/button_Add' is clicked on

2018-05-15 16:57:38 - [TEST_STEP][PASSED] - Statement - RN1 = com.kms.katalon.core.webui.keyword.WebUiBuiltInKeywords.getAttribute(com.kms.katalon.core.testobject.ObjectRepository.findTestObject(PharmacyRequest/Page_KDMC-Pharmacy/input_txtno), "value"): Attribute 'value' of object 'Object Repository/PharmacyRequest/Page_KDMC-Pharmacy/input_txtno' is: 'PRNO/15052018/120'

2018-05-15 16:57:38 - [MESSAGE][PASSED] - Attribute 'value' of object 'Object Repository/PharmacyRequest/Page_KDMC-Pharmacy/input_txtno' is: 'PRNO/15052018/120'

2018-05-15 16:57:38 - [TEST_STEP][PASSED] - Statement - out.println(RN1): null

2018-05-15 16:57:38 - [TEST_STEP][PASSED] - Statement - RID = RN1.split("/")[2]: null

2018-05-15 16:57:38 - [TEST_STEP][PASSED] - scrollToElement: Scroll to object 'Object Repository/PharmacyRequest/Page_KDMC-Pharmacy/input_btnsave' successfully

2018-05-15 16:57:38 - [MESSAGE][PASSED] - Scroll to object 'Object Repository/PharmacyRequest/Page_KDMC-Pharmacy/input_btnsave' successfully

2018-05-15 16:57:38 - [TEST_STEP][PASSED] - click: Object: 'Object Repository/PharmacyRequest/Page_KDMC-Pharmacy/input_btnsave' is clicked on

2018-05-15 16:57:38 - [MESSAGE][PASSED] - Object: 'Object Repository/PharmacyRequest/Page_KDMC-Pharmacy/input_btnsave' is clicked on

2018-05-15 16:57:38 - [TEST_STEP][PASSED] - delay: Delayed 3 second(s)

2018-05-15 16:57:41 - [MESSAGE][PASSED] - Delayed 3 second(s)

2018-05-15 16:57:41 - [TEST_STEP][PASSED] - click: Object: 'Object Repository/PharmacyRequest/Page_KDMC-Pharmacy/button_OK' is clicked on

2018-05-15 16:57:42 - [MESSAGE][PASSED] - Object: 'Object Repository/PharmacyRequest/Page_KDMC-Pharmacy/button_OK' is clicked on

2018-05-15 16:57:42 - [TEST_STEP][PASSED] - delay: Delayed 3 second(s)

2018-05-15 16:57:45 - [MESSAGE][PASSED] - Delayed 3 second(s)

2018-05-15 16:57:45 - [TEST_STEP][PASSED] - click: Object: 'Object Repository/PharmacyRequest/Page_KDMC-Pharmacy/a_Back to Pharmacy' is clicked on

2018-05-15 16:57:45 - [MESSAGE][PASSED] - Object: 'Object Repository/PharmacyRequest/Page_KDMC-Pharmacy/a_Back to Pharmacy' is clicked on

2018-05-15 16:57:45 - [TEST_STEP][PASSED] - delay: Delayed 3 second(s)

2018-05-15 16:57:48 - [MESSAGE][PASSED] - Delayed 3 second(s)

2018-05-15 16:57:48 - [TEST_STEP][PASSED] - click: Object: 'Object Repository/PharmacyRequest/Page_KDMC - Pharmacy/a_dropdown-toggle' is clicked on

2018-05-15 16:57:48 - [MESSAGE][PASSED] - Object: 'Object Repository/PharmacyRequest/Page_KDMC - Pharmacy/a_dropdown-toggle' is clicked on

2018-05-15 16:57:48 - [TEST_STEP][PASSED] - click: Object: 'Object Repository/PharmacyRequest/Page_KDMC - Pharmacy/a_Sign out' is clicked on

2018-05-15 16:57:49 - [MESSAGE][PASSED] - Object: 'Object Repository/PharmacyRequest/Page_KDMC - Pharmacy/a_Sign out' is clicked on

2018-05-15 16:57:49 - [TEST_STEP][PASSED] - delay: Delayed 3 second(s)

2018-05-15 16:57:52 - [MESSAGE][PASSED] - Delayed 3 second(s)

2018-05-15 16:57:52 - [TEST_STEP][PASSED] - click: Object: 'Object Repository/PharmacyRequest/Page_KDMC/a_CMO' is clicked on

2018-05-15 16:57:53 - [MESSAGE][PASSED] - Object: 'Object Repository/PharmacyRequest/Page_KDMC/a_CMO' is clicked on

2018-05-15 16:57:53 - [TEST_STEP][PASSED] - setText: Text 'guru' is set on object 'Object Repository/PharmacyRequest/Page_CMO login/input_txtusername'

2018-05-15 16:57:53 - [MESSAGE][PASSED] - Text 'guru' is set on object 'Object Repository/PharmacyRequest/Page_CMO login/input_txtusername'

2018-05-15 16:57:53 - [TEST_STEP][PASSED] - setText: Text '123' is set on object 'Object Repository/PharmacyRequest/Page_CMO login/input_txtpassword'

2018-05-15 16:57:53 - [MESSAGE][PASSED] - Text '123' is set on object 'Object Repository/PharmacyRequest/Page_CMO login/input_txtpassword'

2018-05-15 16:57:53 - [TEST_STEP][PASSED] - delay: Delayed 3 second(s)

2018-05-15 16:57:56 - [MESSAGE][PASSED] - Delayed 3 second(s)

2018-05-15 16:57:56 - [TEST_STEP][PASSED] - click: Object: 'Object Repository/PharmacyRequest/Page_CMO login/button_Sign in' is clicked on

2018-05-15 16:57:57 - [MESSAGE][PASSED] - Object: 'Object Repository/PharmacyRequest/Page_CMO login/button_Sign in' is clicked on

2018-05-15 16:57:57 - [TEST_STEP][PASSED] - click: Object: 'Object Repository/PharmacyRequest/Page_KDMC - CMO/a_Department Wise Request' is clicked on

2018-05-15 16:57:58 - [MESSAGE][PASSED] - Object: 'Object Repository/PharmacyRequest/Page_KDMC - CMO/a_Department Wise Request' is clicked on

2018-05-15 16:57:58 - [TEST_STEP][PASSED] - selectOptionByIndex: All options with index in [2] are selected on object 'Object Repository/PharmacyRequest/Page_KDMC - CMO/select_--ALL--'

2018-05-15 16:57:58 - [MESSAGE][PASSED] - All options with index in [2] are selected on object 'Object Repository/PharmacyRequest/Page_KDMC - CMO/select_--ALL--'

2018-05-15 16:57:58 - [TEST_STEP][PASSED] - selectOptionByIndex: All options with index in [1] are selected on object 'Object Repository/PharmacyRequest/Page_KDMC - CMO/select_--ALL--                _1'

2018-05-15 16:57:58 - [MESSAGE][PASSED] - All options with index in [1] are selected on object 'Object Repository/PharmacyRequest/Page_KDMC - CMO/select_--ALL--                _1'

2018-05-15 16:57:58 - [TEST_STEP][PASSED] - click: Object: 'Object Repository/PharmacyRequest/Page_KDMC - CMO/input_btnsearch' is clicked on

2018-05-15 16:57:58 - [MESSAGE][PASSED] - Object: 'Object Repository/PharmacyRequest/Page_KDMC - CMO/input_btnsearch' is clicked on

2018-05-15 16:57:58 - [TEST_STEP][PASSED] - Statement - ID = com.kms.katalon.core.webui.keyword.WebUiBuiltInKeywords.modifyObjectProperty(com.kms.katalon.core.testobject.ObjectRepository.findTestObject(PharmacyRequest/Page_KDMC - CMO/input_2), "xpath", "equals", "//*[@id=" + RID + "]", true): Modify property of object successfully

2018-05-15 16:57:58 - [MESSAGE][PASSED] - Modify property of object successfully

2018-05-15 16:57:58 - [TEST_STEP][PASSED] - click: Object: 'Object Repository/PharmacyRequest/Page_KDMC - CMO/input_2' is clicked on

2018-05-15 16:57:59 - [MESSAGE][PASSED] - Object: 'Object Repository/PharmacyRequest/Page_KDMC - CMO/input_2' is clicked on

2018-05-15 16:57:59 - [TEST_STEP][PASSED] - delay: Delayed 3 second(s)

2018-05-15 16:58:02 - [MESSAGE][PASSED] - Delayed 3 second(s)

2018-05-15 16:58:02 - [TEST_STEP][PASSED] - selectOptionByIndex: All options with index in [1] are selected on object 'Object Repository/PharmacyRequest/Page_KDMC - CMO/select_--Select--'

2018-05-15 16:58:02 - [MESSAGE][PASSED] - All options with index in [1] are selected on object 'Object Repository/PharmacyRequest/Page_KDMC - CMO/select_--Select--'

2018-05-15 16:58:02 - [TEST_STEP][PASSED] - click: Object: 'Object Repository/PharmacyRequest/Page_KDMC - CMO/input_btnupdate' is clicked on

2018-05-15 16:58:02 - [MESSAGE][PASSED] - Object: 'Object Repository/PharmacyRequest/Page_KDMC - CMO/input_btnupdate' is clicked on

2018-05-15 16:58:02 - [TEST_STEP][PASSED] - delay: Delayed 3 second(s)

2018-05-15 16:58:05 - [MESSAGE][PASSED] - Delayed 3 second(s)

2018-05-15 16:58:05 - [TEST_STEP][PASSED] - click: Object: 'Object Repository/PharmacyRequest/Page_KDMC - CMO/button_OK' is clicked on

2018-05-15 16:58:05 - [MESSAGE][PASSED] - Object: 'Object Repository/PharmacyRequest/Page_KDMC - CMO/button_OK' is clicked on

2018-05-15 16:58:05 - [TEST_STEP][PASSED] - delay: Delayed 3 second(s)

2018-05-15 16:58:08 - [MESSAGE][PASSED] - Delayed 3 second(s)

2018-05-15 16:58:08 - [TEST_STEP][PASSED] - click: Object: 'Object Repository/PharmacyRequest/Page_KDMC - CMO/a_dropdown-toggle' is clicked on

2018-05-15 16:58:08 - [MESSAGE][PASSED] - Object: 'Object Repository/PharmacyRequest/Page_KDMC - CMO/a_dropdown-toggle' is clicked on

2018-05-15 16:58:08 - [TEST_STEP][PASSED] - click: Object: 'Object Repository/PharmacyRequest/Page_KDMC - CMO/a_Sign out' is clicked on

2018-05-15 16:58:09 - [MESSAGE][PASSED] - Object: 'Object Repository/PharmacyRequest/Page_KDMC - CMO/a_Sign out' is clicked on

2018-05-15 16:58:09 - [TEST_STEP][PASSED] - delay: Delayed 3 second(s)

2018-05-15 16:58:12 - [MESSAGE][PASSED] - Delayed 3 second(s)

2018-05-15 16:58:12 - [TEST_STEP][PASSED] - click: Object: 'Object Repository/PharmacyRequest/Page_KDMC/a_Divisional Store' is clicked on

2018-05-15 16:58:13 - [MESSAGE][PASSED] - Object: 'Object Repository/PharmacyRequest/Page_KDMC/a_Divisional Store' is clicked on

2018-05-15 16:58:13 - [TEST_STEP][PASSED] - setText: Text 'ragu' is set on object 'Object Repository/PharmacyRequest/Page_Divisonal Store Login/input_txtusername'

2018-05-15 16:58:13 - [MESSAGE][PASSED] - Text 'ragu' is set on object 'Object Repository/PharmacyRequest/Page_Divisonal Store Login/input_txtusername'

2018-05-15 16:58:13 - [TEST_STEP][PASSED] - setText: Text '123' is set on object 'Object Repository/PharmacyRequest/Page_Divisonal Store Login/input_txtpassword'

2018-05-15 16:58:13 - [MESSAGE][PASSED] - Text '123' is set on object 'Object Repository/PharmacyRequest/Page_Divisonal Store Login/input_txtpassword'

2018-05-15 16:58:13 - [TEST_STEP][PASSED] - delay: Delayed 3 second(s)

2018-05-15 16:58:16 - [MESSAGE][PASSED] - Delayed 3 second(s)

2018-05-15 16:58:16 - [TEST_STEP][PASSED] - click: Object: 'Object Repository/PharmacyRequest/Page_Divisonal Store Login/button_Sign in' is clicked on

2018-05-15 16:58:17 - [MESSAGE][PASSED] - Object: 'Object Repository/PharmacyRequest/Page_Divisonal Store Login/button_Sign in' is clicked on

2018-05-15 16:58:17 - [TEST_STEP][PASSED] - delay: Delayed 3 second(s)

2018-05-15 16:58:20 - [MESSAGE][PASSED] - Delayed 3 second(s)

2018-05-15 16:58:20 - [TEST_STEP][PASSED] - click: Object: 'Object Repository/PharmacyRequest/Page_Store/a_Pharmacy Request' is clicked on

2018-05-15 16:58:20 - [MESSAGE][PASSED] - Object: 'Object Repository/PharmacyRequest/Page_Store/a_Pharmacy Request' is clicked on

2018-05-15 16:58:20 - [TEST_STEP][PASSED] - click: Object: 'Object Repository/PharmacyRequest/Page_Store/a_Request Item Pharmacy' is clicked on

2018-05-15 16:58:20 - [MESSAGE][PASSED] - Object: 'Object Repository/PharmacyRequest/Page_Store/a_Request Item Pharmacy' is clicked on

2018-05-15 16:58:20 - [TEST_STEP][PASSED] - delay: Delayed 2 second(s)

2018-05-15 16:58:22 - [MESSAGE][PASSED] - Delayed 2 second(s)

2018-05-15 16:58:22 - [TEST_STEP][PASSED] - setText: Text 'PRNO/15052018/120' is set on object 'Object Repository/PharmacyRequest/Page_Store/input'

2018-05-15 16:58:23 - [MESSAGE][PASSED] - Text 'PRNO/15052018/120' is set on object 'Object Repository/PharmacyRequest/Page_Store/input'

2018-05-15 16:58:23 - [TEST_STEP][PASSED] - delay: Delayed 2 second(s)

2018-05-15 16:58:25 - [MESSAGE][PASSED] - Delayed 2 second(s)

2018-05-15 16:58:25 - [TEST_STEP][PASSED] - Statement - ChooseRequest = com.kms.katalon.core.webui.keyword.WebUiBuiltInKeywords.modifyObjectProperty(com.kms.katalon.core.testobject.ObjectRepository.findTestObject(PharmacyRequest/Page_Store/input_2), "xpath", "equals", "//*[@id=" + RID + "]", true): Modify property of object successfully

2018-05-15 16:58:25 - [MESSAGE][PASSED] - Modify property of object successfully

2018-05-15 16:58:25 - [TEST_STEP][PASSED] - click: Object: 'Object Repository/PharmacyRequest/Page_Store/input_2' is clicked on

2018-05-15 16:58:25 - [MESSAGE][PASSED] - Object: 'Object Repository/PharmacyRequest/Page_Store/input_2' is clicked on

2018-05-15 16:58:25 - [TEST_STEP][PASSED] - delay: Delayed 2 second(s)

2018-05-15 16:58:27 - [MESSAGE][PASSED] - Delayed 2 second(s)

2018-05-15 16:58:27 - [TEST_STEP][PASSED] - Statement - selectedoptions = com.kms.katalon.core.webui.keyword.WebUiBuiltInKeywords.getNumberOfTotalOption(com.kms.katalon.core.testobject.ObjectRepository.findTestObject(PharmacyRequest/Page_Store/select_--Select--Amlodepin -5)): 73 options of object 'Object Repository/PharmacyRequest/Page_Store/select_--Select--Amlodepin -5' counted

2018-05-15 16:58:27 - [MESSAGE][PASSED] - 73 options of object 'Object Repository/PharmacyRequest/Page_Store/select_--Select--Amlodepin -5' counted

2018-05-15 16:58:27 - [TEST_STEP][PASSED] - Statement - For ([a = 1, a <= selectedoptions - 1, (a++)]): null

2018-05-15 16:58:27 - [TEST_STEP][PASSED] - selectOptionByIndex: All options with index in [1] are selected on object 'Object Repository/PharmacyRequest/Page_Store/select_--Select--Amlodepin -5'

2018-05-15 16:58:27 - [MESSAGE][PASSED] - All options with index in [1] are selected on object 'Object Repository/PharmacyRequest/Page_Store/select_--Select--Amlodepin -5'

2018-05-15 16:58:27 - [TEST_STEP][PASSED] - delay: Delayed 1 second(s)

2018-05-15 16:58:28 - [MESSAGE][PASSED] - Delayed 1 second(s)

2018-05-15 16:58:28 - [TEST_STEP][PASSED] - Statement - RequestedQty = com.kms.katalon.core.webui.keyword.WebUiBuiltInKeywords.getAttribute(com.kms.katalon.core.testobject.ObjectRepository.findTestObject(PharmacyRequest/Page_Store/input_txttotal), "value"): Attribute 'value' of object 'Object Repository/PharmacyRequest/Page_Store/input_txttotal' is: '10'

2018-05-15 16:58:29 - [MESSAGE][PASSED] - Attribute 'value' of object 'Object Repository/PharmacyRequest/Page_Store/input_txttotal' is: '10'

2018-05-15 16:58:29 - [TEST_STEP][PASSED] - Statement - out.println("Requested QTY : " + RequestedQty): null

2018-05-15 16:58:29 - [TEST_STEP][PASSED] - Statement - BatchNumber = com.kms.katalon.core.webui.keyword.WebUiBuiltInKeywords.getNumberOfTotalOption(com.kms.katalon.core.testobject.ObjectRepository.findTestObject(PharmacyRequest/Page_Store/select_--Select--BA50)): 2 options of object 'Object Repository/PharmacyRequest/Page_Store/select_--Select--BA50' counted

2018-05-15 16:58:29 - [MESSAGE][PASSED] - 2 options of object 'Object Repository/PharmacyRequest/Page_Store/select_--Select--BA50' counted

2018-05-15 16:58:29 - [TEST_STEP][PASSED] - Statement - For ([g = 1, g <= BatchNumber - 1, (g++)]): null

2018-05-15 16:58:29 - [TEST_STEP][PASSED] - selectOptionByIndex: All options with index in [1] are selected on object 'Object Repository/PharmacyRequest/Page_Store/select_--Select--BA50'

2018-05-15 16:58:29 - [MESSAGE][PASSED] - All options with index in [1] are selected on object 'Object Repository/PharmacyRequest/Page_Store/select_--Select--BA50'

2018-05-15 16:58:29 - [TEST_STEP][PASSED] - delay: Delayed 2 second(s)

2018-05-15 16:58:31 - [MESSAGE][PASSED] - Delayed 2 second(s)

2018-05-15 16:58:31 - [TEST_STEP][PASSED] - Statement - StockQty = com.kms.katalon.core.webui.keyword.WebUiBuiltInKeywords.getAttribute(com.kms.katalon.core.testobject.ObjectRepository.findTestObject(PharmacyRequest/Page_Store/input_txtprice), "value"): Attribute 'value' of object 'Object Repository/PharmacyRequest/Page_Store/input_txtprice' is: '950'

2018-05-15 16:58:31 - [MESSAGE][PASSED] - Attribute 'value' of object 'Object Repository/PharmacyRequest/Page_Store/input_txtprice' is: '950'

2018-05-15 16:58:31 - [TEST_STEP][PASSED] - Statement - out.println("Stock QTY : " + StockQty): null

2018-05-15 16:58:31 - [TEST_STEP][PASSED] - delay: Delayed 1 second(s)

2018-05-15 16:58:32 - [MESSAGE][PASSED] - Delayed 1 second(s)

2018-05-15 16:58:32 - [TEST_STEP][PASSED] - Statement - If (java.lang.Integer.valueOf(StockQty) >= java.lang.Integer.valueOf(RequestedQty)): null

2018-05-15 16:58:32 - [TEST_STEP][PASSED] - setText: Text '10' is set on object 'Object Repository/PharmacyRequest/Page_Store/input_txtqty'

2018-05-15 16:58:32 - [MESSAGE][PASSED] - Text '10' is set on object 'Object Repository/PharmacyRequest/Page_Store/input_txtqty'

2018-05-15 16:58:32 - [TEST_STEP][PASSED] - click: Object: 'Object Repository/PharmacyRequest/Page_Store/button_Add' is clicked on

2018-05-15 16:58:32 - [MESSAGE][PASSED] - Object: 'Object Repository/PharmacyRequest/Page_Store/button_Add' is clicked on

2018-05-15 16:58:32 - [TEST_STEP][PASSED] - Statement - Break: null

2018-05-15 16:58:32 - [TEST_STEP][PASSED] - selectOptionByIndex: All options with index in [2] are selected on object 'Object Repository/PharmacyRequest/Page_Store/select_--Select--Amlodepin -5'

2018-05-15 16:58:32 - [MESSAGE][PASSED] - All options with index in [2] are selected on object 'Object Repository/PharmacyRequest/Page_Store/select_--Select--Amlodepin -5'

2018-05-15 16:58:32 - [TEST_STEP][PASSED] - delay: Delayed 1 second(s)

2018-05-15 16:58:33 - [MESSAGE][PASSED] - Delayed 1 second(s)

2018-05-15 16:58:33 - [TEST_STEP][PASSED] - Statement - RequestedQty = com.kms.katalon.core.webui.keyword.WebUiBuiltInKeywords.getAttribute(com.kms.katalon.core.testobject.ObjectRepository.findTestObject(PharmacyRequest/Page_Store/input_txttotal), "value"): Attribute 'value' of object 'Object Repository/PharmacyRequest/Page_Store/input_txttotal' is: '10'

2018-05-15 16:58:33 - [MESSAGE][PASSED] - Attribute 'value' of object 'Object Repository/PharmacyRequest/Page_Store/input_txttotal' is: '10'

2018-05-15 16:58:33 - [TEST_STEP][PASSED] - Statement - out.println("Requested QTY : " + RequestedQty): null

2018-05-15 16:58:33 - [TEST_STEP][PASSED] - Statement - BatchNumber = com.kms.katalon.core.webui.keyword.WebUiBuiltInKeywords.getNumberOfTotalOption(com.kms.katalon.core.testobject.ObjectRepository.findTestObject(PharmacyRequest/Page_Store/select_--Select--BA50)): 2 options of object 'Object Repository/PharmacyRequest/Page_Store/select_--Select--BA50' counted

2018-05-15 16:58:33 - [MESSAGE][PASSED] - 2 options of object 'Object Repository/PharmacyRequest/Page_Store/select_--Select--BA50' counted

2018-05-15 16:58:33 - [TEST_STEP][PASSED] - Statement - For ([g = 1, g <= BatchNumber - 1, (g++)]): null

2018-05-15 16:58:33 - [TEST_STEP][PASSED] - selectOptionByIndex: All options with index in [1] are selected on object 'Object Repository/PharmacyRequest/Page_Store/select_--Select--BA50'

2018-05-15 16:58:33 - [MESSAGE][PASSED] - All options with index in [1] are selected on object 'Object Repository/PharmacyRequest/Page_Store/select_--Select--BA50'

2018-05-15 16:58:33 - [TEST_STEP][PASSED] - delay: Delayed 2 second(s)

2018-05-15 16:58:35 - [MESSAGE][PASSED] - Delayed 2 second(s)

2018-05-15 16:58:35 - [TEST_STEP][PASSED] - Statement - StockQty = com.kms.katalon.core.webui.keyword.WebUiBuiltInKeywords.getAttribute(com.kms.katalon.core.testobject.ObjectRepository.findTestObject(PharmacyRequest/Page_Store/input_txtprice), "value"): Attribute 'value' of object 'Object Repository/PharmacyRequest/Page_Store/input_txtprice' is: '770'

2018-05-15 16:58:35 - [MESSAGE][PASSED] - Attribute 'value' of object 'Object Repository/PharmacyRequest/Page_Store/input_txtprice' is: '770'

2018-05-15 16:58:35 - [TEST_STEP][PASSED] - Statement - out.println("Stock QTY : " + StockQty): null

2018-05-15 16:58:35 - [TEST_STEP][PASSED] - delay: Delayed 1 second(s)

2018-05-15 16:58:36 - [MESSAGE][PASSED] - Delayed 1 second(s)

2018-05-15 16:58:36 - [TEST_STEP][PASSED] - Statement - If (java.lang.Integer.valueOf(StockQty) >= java.lang.Integer.valueOf(RequestedQty)): null

2018-05-15 16:58:36 - [TEST_STEP][PASSED] - setText: Text '10' is set on object 'Object Repository/PharmacyRequest/Page_Store/input_txtqty'

2018-05-15 16:58:37 - [MESSAGE][PASSED] - Text '10' is set on object 'Object Repository/PharmacyRequest/Page_Store/input_txtqty'

2018-05-15 16:58:37 - [TEST_STEP][PASSED] - click: Object: 'Object Repository/PharmacyRequest/Page_Store/button_Add' is clicked on

2018-05-15 16:58:37 - [MESSAGE][PASSED] - Object: 'Object Repository/PharmacyRequest/Page_Store/button_Add' is clicked on

2018-05-15 16:58:37 - [TEST_STEP][PASSED] - Statement - Break: null

2018-05-15 16:58:37 - [TEST_STEP][PASSED] - selectOptionByIndex: All options with index in [3] are selected on object 'Object Repository/PharmacyRequest/Page_Store/select_--Select--Amlodepin -5'

2018-05-15 16:58:37 - [MESSAGE][PASSED] - All options with index in [3] are selected on object 'Object Repository/PharmacyRequest/Page_Store/select_--Select--Amlodepin -5'

2018-05-15 16:58:37 - [TEST_STEP][PASSED] - delay: Delayed 1 second(s)

2018-05-15 16:58:38 - [MESSAGE][PASSED] - Delayed 1 second(s)

2018-05-15 16:58:38 - [TEST_STEP][PASSED] - Statement - RequestedQty = com.kms.katalon.core.webui.keyword.WebUiBuiltInKeywords.getAttribute(com.kms.katalon.core.testobject.ObjectRepository.findTestObject(PharmacyRequest/Page_Store/input_txttotal), "value"): Attribute 'value' of object 'Object Repository/PharmacyRequest/Page_Store/input_txttotal' is: '10'

2018-05-15 16:58:38 - [MESSAGE][PASSED] - Attribute 'value' of object 'Object Repository/PharmacyRequest/Page_Store/input_txttotal' is: '10'

2018-05-15 16:58:38 - [TEST_STEP][PASSED] - Statement - out.println("Requested QTY : " + RequestedQty): null

2018-05-15 16:58:38 - [TEST_STEP][PASSED] - Statement - BatchNumber = com.kms.katalon.core.webui.keyword.WebUiBuiltInKeywords.getNumberOfTotalOption(com.kms.katalon.core.testobject.ObjectRepository.findTestObject(PharmacyRequest/Page_Store/select_--Select--BA50)): 2 options of object 'Object Repository/PharmacyRequest/Page_Store/select_--Select--BA50' counted

2018-05-15 16:58:38 - [MESSAGE][PASSED] - 2 options of object 'Object Repository/PharmacyRequest/Page_Store/select_--Select--BA50' counted

2018-05-15 16:58:38 - [TEST_STEP][PASSED] - Statement - For ([g = 1, g <= BatchNumber - 1, (g++)]): null

2018-05-15 16:58:38 - [TEST_STEP][PASSED] - selectOptionByIndex: All options with index in [1] are selected on object 'Object Repository/PharmacyRequest/Page_Store/select_--Select--BA50'

2018-05-15 16:58:38 - [MESSAGE][PASSED] - All options with index in [1] are selected on object 'Object Repository/PharmacyRequest/Page_Store/select_--Select--BA50'

2018-05-15 16:58:38 - [TEST_STEP][PASSED] - delay: Delayed 2 second(s)

2018-05-15 16:58:40 - [MESSAGE][PASSED] - Delayed 2 second(s)

2018-05-15 16:58:40 - [TEST_STEP][PASSED] - Statement - StockQty = com.kms.katalon.core.webui.keyword.WebUiBuiltInKeywords.getAttribute(com.kms.katalon.core.testobject.ObjectRepository.findTestObject(PharmacyRequest/Page_Store/input_txtprice), "value"): Attribute 'value' of object 'Object Repository/PharmacyRequest/Page_Store/input_txtprice' is: '990'

2018-05-15 16:58:40 - [MESSAGE][PASSED] - Attribute 'value' of object 'Object Repository/PharmacyRequest/Page_Store/input_txtprice' is: '990'

2018-05-15 16:58:40 - [TEST_STEP][PASSED] - Statement - out.println("Stock QTY : " + StockQty): null

2018-05-15 16:58:40 - [TEST_STEP][PASSED] - delay: Delayed 1 second(s)

2018-05-15 16:58:41 - [MESSAGE][PASSED] - Delayed 1 second(s)

2018-05-15 16:58:41 - [TEST_STEP][PASSED] - Statement - If (java.lang.Integer.valueOf(StockQty) >= java.lang.Integer.valueOf(RequestedQty)): null

2018-05-15 16:58:41 - [TEST_STEP][PASSED] - setText: Text '10' is set on object 'Object Repository/PharmacyRequest/Page_Store/input_txtqty'

2018-05-15 16:58:41 - [MESSAGE][PASSED] - Text '10' is set on object 'Object Repository/PharmacyRequest/Page_Store/input_txtqty'

2018-05-15 16:58:41 - [TEST_STEP][PASSED] - click: Object: 'Object Repository/PharmacyRequest/Page_Store/button_Add' is clicked on

2018-05-15 16:58:41 - [MESSAGE][PASSED] - Object: 'Object Repository/PharmacyRequest/Page_Store/button_Add' is clicked on

2018-05-15 16:58:41 - [TEST_STEP][PASSED] - Statement - Break: null

2018-05-15 16:58:41 - [TEST_STEP][PASSED] - selectOptionByIndex: All options with index in [4] are selected on object 'Object Repository/PharmacyRequest/Page_Store/select_--Select--Amlodepin -5'

2018-05-15 16:58:41 - [MESSAGE][PASSED] - All options with index in [4] are selected on object 'Object Repository/PharmacyRequest/Page_Store/select_--Select--Amlodepin -5'

2018-05-15 16:58:41 - [TEST_STEP][PASSED] - delay: Delayed 1 second(s)

2018-05-15 16:58:42 - [MESSAGE][PASSED] - Delayed 1 second(s)

2018-05-15 16:58:42 - [TEST_STEP][PASSED] - Statement - RequestedQty = com.kms.katalon.core.webui.keyword.WebUiBuiltInKeywords.getAttribute(com.kms.katalon.core.testobject.ObjectRepository.findTestObject(PharmacyRequest/Page_Store/input_txttotal), "value"): Attribute 'value' of object 'Object Repository/PharmacyRequest/Page_Store/input_txttotal' is: '10'

2018-05-15 16:58:43 - [MESSAGE][PASSED] - Attribute 'value' of object 'Object Repository/PharmacyRequest/Page_Store/input_txttotal' is: '10'

2018-05-15 16:58:43 - [TEST_STEP][PASSED] - Statement - out.println("Requested QTY : " + RequestedQty): null

2018-05-15 16:58:43 - [TEST_STEP][PASSED] - Statement - BatchNumber = com.kms.katalon.core.webui.keyword.WebUiBuiltInKeywords.getNumberOfTotalOption(com.kms.katalon.core.testobject.ObjectRepository.findTestObject(PharmacyRequest/Page_Store/select_--Select--BA50)): 3 options of object 'Object Repository/PharmacyRequest/Page_Store/select_--Select--BA50' counted

2018-05-15 16:58:43 - [MESSAGE][PASSED] - 3 options of object 'Object Repository/PharmacyRequest/Page_Store/select_--Select--BA50' counted

2018-05-15 16:58:43 - [TEST_STEP][PASSED] - Statement - For ([g = 1, g <= BatchNumber - 1, (g++)]): null

2018-05-15 16:58:43 - [TEST_STEP][PASSED] - selectOptionByIndex: All options with index in [1] are selected on object 'Object Repository/PharmacyRequest/Page_Store/select_--Select--BA50'

2018-05-15 16:58:43 - [MESSAGE][PASSED] - All options with index in [1] are selected on object 'Object Repository/PharmacyRequest/Page_Store/select_--Select--BA50'

2018-05-15 16:58:43 - [TEST_STEP][PASSED] - delay: Delayed 2 second(s)

2018-05-15 16:58:45 - [MESSAGE][PASSED] - Delayed 2 second(s)

2018-05-15 16:58:45 - [TEST_STEP][PASSED] - Statement - StockQty = com.kms.katalon.core.webui.keyword.WebUiBuiltInKeywords.getAttribute(com.kms.katalon.core.testobject.ObjectRepository.findTestObject(PharmacyRequest/Page_Store/input_txtprice), "value"): Attribute 'value' of object 'Object Repository/PharmacyRequest/Page_Store/input_txtprice' is: '950'

2018-05-15 16:58:45 - [MESSAGE][PASSED] - Attribute 'value' of object 'Object Repository/PharmacyRequest/Page_Store/input_txtprice' is: '950'

2018-05-15 16:58:45 - [TEST_STEP][PASSED] - Statement - out.println("Stock QTY : " + StockQty): null

2018-05-15 16:58:45 - [TEST_STEP][PASSED] - delay: Delayed 1 second(s)

2018-05-15 16:58:46 - [MESSAGE][PASSED] - Delayed 1 second(s)

2018-05-15 16:58:46 - [TEST_STEP][PASSED] - Statement - If (java.lang.Integer.valueOf(StockQty) >= java.lang.Integer.valueOf(RequestedQty)): null

2018-05-15 16:58:46 - [TEST_STEP][PASSED] - setText: Text '10' is set on object 'Object Repository/PharmacyRequest/Page_Store/input_txtqty'

2018-05-15 16:58:46 - [MESSAGE][PASSED] - Text '10' is set on object 'Object Repository/PharmacyRequest/Page_Store/input_txtqty'

2018-05-15 16:58:46 - [TEST_STEP][PASSED] - click: Object: 'Object Repository/PharmacyRequest/Page_Store/button_Add' is clicked on

2018-05-15 16:58:46 - [MESSAGE][PASSED] - Object: 'Object Repository/PharmacyRequest/Page_Store/button_Add' is clicked on

2018-05-15 16:58:46 - [TEST_STEP][PASSED] - Statement - Break: null

2018-05-15 16:58:46 - [TEST_STEP][PASSED] - selectOptionByIndex: All options with index in [5] are selected on object 'Object Repository/PharmacyRequest/Page_Store/select_--Select--Amlodepin -5'

2018-05-15 16:58:46 - [MESSAGE][PASSED] - All options with index in [5] are selected on object 'Object Repository/PharmacyRequest/Page_Store/select_--Select--Amlodepin -5'

2018-05-15 16:58:46 - [TEST_STEP][PASSED] - delay: Delayed 1 second(s)

2018-05-15 16:58:47 - [MESSAGE][PASSED] - Delayed 1 second(s)

2018-05-15 16:58:47 - [TEST_STEP][PASSED] - Statement - RequestedQty = com.kms.katalon.core.webui.keyword.WebUiBuiltInKeywords.getAttribute(com.kms.katalon.core.testobject.ObjectRepository.findTestObject(PharmacyRequest/Page_Store/input_txttotal), "value"): Attribute 'value' of object 'Object Repository/PharmacyRequest/Page_Store/input_txttotal' is: '10'

2018-05-15 16:58:47 - [MESSAGE][PASSED] - Attribute 'value' of object 'Object Repository/PharmacyRequest/Page_Store/input_txttotal' is: '10'

2018-05-15 16:58:47 - [TEST_STEP][PASSED] - Statement - out.println("Requested QTY : " + RequestedQty): null

2018-05-15 16:58:47 - [TEST_STEP][PASSED] - Statement - BatchNumber = com.kms.katalon.core.webui.keyword.WebUiBuiltInKeywords.getNumberOfTotalOption(com.kms.katalon.core.testobject.ObjectRepository.findTestObject(PharmacyRequest/Page_Store/select_--Select--BA50)): 2 options of object 'Object Repository/PharmacyRequest/Page_Store/select_--Select--BA50' counted

2018-05-15 16:58:47 - [MESSAGE][PASSED] - 2 options of object 'Object Repository/PharmacyRequest/Page_Store/select_--Select--BA50' counted

2018-05-15 16:58:47 - [TEST_STEP][PASSED] - Statement - For ([g = 1, g <= BatchNumber - 1, (g++)]): null

2018-05-15 16:58:47 - [TEST_STEP][PASSED] - selectOptionByIndex: All options with index in [1] are selected on object 'Object Repository/PharmacyRequest/Page_Store/select_--Select--BA50'

2018-05-15 16:58:47 - [MESSAGE][PASSED] - All options with index in [1] are selected on object 'Object Repository/PharmacyRequest/Page_Store/select_--Select--BA50'

2018-05-15 16:58:47 - [TEST_STEP][PASSED] - delay: Delayed 2 second(s)

2018-05-15 16:58:49 - [MESSAGE][PASSED] - Delayed 2 second(s)

2018-05-15 16:58:49 - [TEST_STEP][PASSED] - Statement - StockQty = com.kms.katalon.core.webui.keyword.WebUiBuiltInKeywords.getAttribute(com.kms.katalon.core.testobject.ObjectRepository.findTestObject(PharmacyRequest/Page_Store/input_txtprice), "value"): Attribute 'value' of object 'Object Repository/PharmacyRequest/Page_Store/input_txtprice' is: '990'

2018-05-15 16:58:49 - [MESSAGE][PASSED] - Attribute 'value' of object 'Object Repository/PharmacyRequest/Page_Store/input_txtprice' is: '990'

2018-05-15 16:58:49 - [TEST_STEP][PASSED] - Statement - out.println("Stock QTY : " + StockQty): null

2018-05-15 16:58:49 - [TEST_STEP][PASSED] - delay: Delayed 1 second(s)

2018-05-15 16:58:50 - [MESSAGE][PASSED] - Delayed 1 second(s)

2018-05-15 16:58:50 - [TEST_STEP][PASSED] - Statement - If (java.lang.Integer.valueOf(StockQty) >= java.lang.Integer.valueOf(RequestedQty)): null

2018-05-15 16:58:50 - [TEST_STEP][PASSED] - setText: Text '10' is set on object 'Object Repository/PharmacyRequest/Page_Store/input_txtqty'

2018-05-15 16:58:50 - [MESSAGE][PASSED] - Text '10' is set on object 'Object Repository/PharmacyRequest/Page_Store/input_txtqty'

2018-05-15 16:58:50 - [TEST_STEP][PASSED] - click: Object: 'Object Repository/PharmacyRequest/Page_Store/button_Add' is clicked on

2018-05-15 16:58:55 - [MESSAGE][PASSED] - Object: 'Object Repository/PharmacyRequest/Page_Store/button_Add' is clicked on

2018-05-15 16:58:55 - [TEST_STEP][PASSED] - Statement - Break: null

2018-05-15 16:58:55 - [TEST_STEP][PASSED] - selectOptionByIndex: All options with index in [6] are selected on object 'Object Repository/PharmacyRequest/Page_Store/select_--Select--Amlodepin -5'

2018-05-15 16:58:56 - [MESSAGE][PASSED] - All options with index in [6] are selected on object 'Object Repository/PharmacyRequest/Page_Store/select_--Select--Amlodepin -5'

2018-05-15 16:58:56 - [TEST_STEP][PASSED] - delay: Delayed 1 second(s)

2018-05-15 16:58:57 - [MESSAGE][PASSED] - Delayed 1 second(s)

2018-05-15 16:58:57 - [TEST_STEP][PASSED] - Statement - RequestedQty = com.kms.katalon.core.webui.keyword.WebUiBuiltInKeywords.getAttribute(com.kms.katalon.core.testobject.ObjectRepository.findTestObject(PharmacyRequest/Page_Store/input_txttotal), "value"): Attribute 'value' of object 'Object Repository/PharmacyRequest/Page_Store/input_txttotal' is: '10'

2018-05-15 16:58:57 - [MESSAGE][PASSED] - Attribute 'value' of object 'Object Repository/PharmacyRequest/Page_Store/input_txttotal' is: '10'

2018-05-15 16:58:57 - [TEST_STEP][PASSED] - Statement - out.println("Requested QTY : " + RequestedQty): null

2018-05-15 16:58:57 - [TEST_STEP][PASSED] - Statement - BatchNumber = com.kms.katalon.core.webui.keyword.WebUiBuiltInKeywords.getNumberOfTotalOption(com.kms.katalon.core.testobject.ObjectRepository.findTestObject(PharmacyRequest/Page_Store/select_--Select--BA50)): 2 options of object 'Object Repository/PharmacyRequest/Page_Store/select_--Select--BA50' counted

2018-05-15 16:58:57 - [MESSAGE][PASSED] - 2 options of object 'Object Repository/PharmacyRequest/Page_Store/select_--Select--BA50' counted

2018-05-15 16:58:57 - [TEST_STEP][PASSED] - Statement - For ([g = 1, g <= BatchNumber - 1, (g++)]): null

2018-05-15 16:58:57 - [TEST_STEP][PASSED] - selectOptionByIndex: All options with index in [1] are selected on object 'Object Repository/PharmacyRequest/Page_Store/select_--Select--BA50'

2018-05-15 16:58:57 - [MESSAGE][PASSED] - All options with index in [1] are selected on object 'Object Repository/PharmacyRequest/Page_Store/select_--Select--BA50'

2018-05-15 16:58:57 - [TEST_STEP][PASSED] - delay: Delayed 2 second(s)

2018-05-15 16:58:59 - [MESSAGE][PASSED] - Delayed 2 second(s)

2018-05-15 16:58:59 - [TEST_STEP][PASSED] - Statement - StockQty = com.kms.katalon.core.webui.keyword.WebUiBuiltInKeywords.getAttribute(com.kms.katalon.core.testobject.ObjectRepository.findTestObject(PharmacyRequest/Page_Store/input_txtprice), "value"): Attribute 'value' of object 'Object Repository/PharmacyRequest/Page_Store/input_txtprice' is: '990'

2018-05-15 16:58:59 - [MESSAGE][PASSED] - Attribute 'value' of object 'Object Repository/PharmacyRequest/Page_Store/input_txtprice' is: '990'

2018-05-15 16:58:59 - [TEST_STEP][PASSED] - Statement - out.println("Stock QTY : " + StockQty): null

2018-05-15 16:58:59 - [TEST_STEP][PASSED] - delay: Delayed 1 second(s)

2018-05-15 16:59:00 - [MESSAGE][PASSED] - Delayed 1 second(s)

2018-05-15 16:59:00 - [TEST_STEP][PASSED] - Statement - If (java.lang.Integer.valueOf(StockQty) >= java.lang.Integer.valueOf(RequestedQty)): null

2018-05-15 16:59:00 - [TEST_STEP][PASSED] - setText: Text '10' is set on object 'Object Repository/PharmacyRequest/Page_Store/input_txtqty'

2018-05-15 16:59:00 - [MESSAGE][PASSED] - Text '10' is set on object 'Object Repository/PharmacyRequest/Page_Store/input_txtqty'

2018-05-15 16:59:00 - [TEST_STEP][PASSED] - click: Object: 'Object Repository/PharmacyRequest/Page_Store/button_Add' is clicked on

2018-05-15 16:59:05 - [MESSAGE][PASSED] - Object: 'Object Repository/PharmacyRequest/Page_Store/button_Add' is clicked on

2018-05-15 16:59:05 - [TEST_STEP][PASSED] - Statement - Break: null

2018-05-15 16:59:05 - [TEST_STEP][PASSED] - selectOptionByIndex: All options with index in [7] are selected on object 'Object Repository/PharmacyRequest/Page_Store/select_--Select--Amlodepin -5'

2018-05-15 16:59:05 - [MESSAGE][PASSED] - All options with index in [7] are selected on object 'Object Repository/PharmacyRequest/Page_Store/select_--Select--Amlodepin -5'

2018-05-15 16:59:05 - [TEST_STEP][PASSED] - delay: Delayed 1 second(s)

2018-05-15 16:59:06 - [MESSAGE][PASSED] - Delayed 1 second(s)

2018-05-15 16:59:06 - [TEST_STEP][PASSED] - Statement - RequestedQty = com.kms.katalon.core.webui.keyword.WebUiBuiltInKeywords.getAttribute(com.kms.katalon.core.testobject.ObjectRepository.findTestObject(PharmacyRequest/Page_Store/input_txttotal), "value"): Attribute 'value' of object 'Object Repository/PharmacyRequest/Page_Store/input_txttotal' is: '10'

2018-05-15 16:59:06 - [MESSAGE][PASSED] - Attribute 'value' of object 'Object Repository/PharmacyRequest/Page_Store/input_txttotal' is: '10'

2018-05-15 16:59:06 - [TEST_STEP][PASSED] - Statement - out.println("Requested QTY : " + RequestedQty): null

2018-05-15 16:59:06 - [TEST_STEP][PASSED] - Statement - BatchNumber = com.kms.katalon.core.webui.keyword.WebUiBuiltInKeywords.getNumberOfTotalOption(com.kms.katalon.core.testobject.ObjectRepository.findTestObject(PharmacyRequest/Page_Store/select_--Select--BA50)): 2 options of object 'Object Repository/PharmacyRequest/Page_Store/select_--Select--BA50' counted

2018-05-15 16:59:06 - [MESSAGE][PASSED] - 2 options of object 'Object Repository/PharmacyRequest/Page_Store/select_--Select--BA50' counted

2018-05-15 16:59:06 - [TEST_STEP][PASSED] - Statement - For ([g = 1, g <= BatchNumber - 1, (g++)]): null

2018-05-15 16:59:06 - [TEST_STEP][PASSED] - selectOptionByIndex: All options with index in [1] are selected on object 'Object Repository/PharmacyRequest/Page_Store/select_--Select--BA50'

2018-05-15 16:59:07 - [MESSAGE][PASSED] - All options with index in [1] are selected on object 'Object Repository/PharmacyRequest/Page_Store/select_--Select--BA50'

2018-05-15 16:59:07 - [TEST_STEP][PASSED] - delay: Delayed 2 second(s)

2018-05-15 16:59:09 - [MESSAGE][PASSED] - Delayed 2 second(s)

2018-05-15 16:59:09 - [TEST_STEP][PASSED] - Statement - StockQty = com.kms.katalon.core.webui.keyword.WebUiBuiltInKeywords.getAttribute(com.kms.katalon.core.testobject.ObjectRepository.findTestObject(PharmacyRequest/Page_Store/input_txtprice), "value"): Attribute 'value' of object 'Object Repository/PharmacyRequest/Page_Store/input_txtprice' is: '990'

2018-05-15 16:59:09 - [MESSAGE][PASSED] - Attribute 'value' of object 'Object Repository/PharmacyRequest/Page_Store/input_txtprice' is: '990'

2018-05-15 16:59:09 - [TEST_STEP][PASSED] - Statement - out.println("Stock QTY : " + StockQty): null

2018-05-15 16:59:09 - [TEST_STEP][PASSED] - delay: Delayed 1 second(s)

2018-05-15 16:59:10 - [MESSAGE][PASSED] - Delayed 1 second(s)

2018-05-15 16:59:10 - [TEST_STEP][PASSED] - Statement - If (java.lang.Integer.valueOf(StockQty) >= java.lang.Integer.valueOf(RequestedQty)): null

2018-05-15 16:59:10 - [TEST_STEP][PASSED] - setText: Text '10' is set on object 'Object Repository/PharmacyRequest/Page_Store/input_txtqty'

2018-05-15 16:59:10 - [MESSAGE][PASSED] - Text '10' is set on object 'Object Repository/PharmacyRequest/Page_Store/input_txtqty'

2018-05-15 16:59:10 - [TEST_STEP][PASSED] - click: Object: 'Object Repository/PharmacyRequest/Page_Store/button_Add' is clicked on

2018-05-15 16:59:15 - [MESSAGE][PASSED] - Object: 'Object Repository/PharmacyRequest/Page_Store/button_Add' is clicked on

2018-05-15 16:59:15 - [TEST_STEP][PASSED] - Statement - Break: null

2018-05-15 16:59:15 - [TEST_STEP][PASSED] - selectOptionByIndex: All options with index in [8] are selected on object 'Object Repository/PharmacyRequest/Page_Store/select_--Select--Amlodepin -5'

2018-05-15 16:59:15 - [MESSAGE][PASSED] - All options with index in [8] are selected on object 'Object Repository/PharmacyRequest/Page_Store/select_--Select--Amlodepin -5'

2018-05-15 16:59:15 - [TEST_STEP][PASSED] - delay: Delayed 1 second(s)

2018-05-15 16:59:16 - [MESSAGE][PASSED] - Delayed 1 second(s)

2018-05-15 16:59:16 - [TEST_STEP][PASSED] - Statement - RequestedQty = com.kms.katalon.core.webui.keyword.WebUiBuiltInKeywords.getAttribute(com.kms.katalon.core.testobject.ObjectRepository.findTestObject(PharmacyRequest/Page_Store/input_txttotal), "value"): Attribute 'value' of object 'Object Repository/PharmacyRequest/Page_Store/input_txttotal' is: '10'

2018-05-15 16:59:16 - [MESSAGE][PASSED] - Attribute 'value' of object 'Object Repository/PharmacyRequest/Page_Store/input_txttotal' is: '10'

2018-05-15 16:59:16 - [TEST_STEP][PASSED] - Statement - out.println("Requested QTY : " + RequestedQty): null

2018-05-15 16:59:16 - [TEST_STEP][PASSED] - Statement - BatchNumber = com.kms.katalon.core.webui.keyword.WebUiBuiltInKeywords.getNumberOfTotalOption(com.kms.katalon.core.testobject.ObjectRepository.findTestObject(PharmacyRequest/Page_Store/select_--Select--BA50)): 2 options of object 'Object Repository/PharmacyRequest/Page_Store/select_--Select--BA50' counted

2018-05-15 16:59:16 - [MESSAGE][PASSED] - 2 options of object 'Object Repository/PharmacyRequest/Page_Store/select_--Select--BA50' counted

2018-05-15 16:59:16 - [TEST_STEP][PASSED] - Statement - For ([g = 1, g <= BatchNumber - 1, (g++)]): null

2018-05-15 16:59:16 - [TEST_STEP][PASSED] - selectOptionByIndex: All options with index in [1] are selected on object 'Object Repository/PharmacyRequest/Page_Store/select_--Select--BA50'

2018-05-15 16:59:16 - [MESSAGE][PASSED] - All options with index in [1] are selected on object 'Object Repository/PharmacyRequest/Page_Store/select_--Select--BA50'

2018-05-15 16:59:16 - [TEST_STEP][PASSED] - delay: Delayed 2 second(s)

2018-05-15 16:59:18 - [MESSAGE][PASSED] - Delayed 2 second(s)

2018-05-15 16:59:18 - [TEST_STEP][PASSED] - Statement - StockQty = com.kms.katalon.core.webui.keyword.WebUiBuiltInKeywords.getAttribute(com.kms.katalon.core.testobject.ObjectRepository.findTestObject(PharmacyRequest/Page_Store/input_txtprice), "value"): Attribute 'value' of object 'Object Repository/PharmacyRequest/Page_Store/input_txtprice' is: '990'

2018-05-15 16:59:18 - [MESSAGE][PASSED] - Attribute 'value' of object 'Object Repository/PharmacyRequest/Page_Store/input_txtprice' is: '990'

2018-05-15 16:59:18 - [TEST_STEP][PASSED] - Statement - out.println("Stock QTY : " + StockQty): null

2018-05-15 16:59:18 - [TEST_STEP][PASSED] - delay: Delayed 1 second(s)

2018-05-15 16:59:19 - [MESSAGE][PASSED] - Delayed 1 second(s)

2018-05-15 16:59:19 - [TEST_STEP][PASSED] - Statement - If (java.lang.Integer.valueOf(StockQty) >= java.lang.Integer.valueOf(RequestedQty)): null

2018-05-15 16:59:19 - [TEST_STEP][PASSED] - setText: Text '10' is set on object 'Object Repository/PharmacyRequest/Page_Store/input_txtqty'

2018-05-15 16:59:19 - [MESSAGE][PASSED] - Text '10' is set on object 'Object Repository/PharmacyRequest/Page_Store/input_txtqty'

2018-05-15 16:59:19 - [TEST_STEP][PASSED] - click: Object: 'Object Repository/PharmacyRequest/Page_Store/button_Add' is clicked on

2018-05-15 16:59:25 - [MESSAGE][PASSED] - Object: 'Object Repository/PharmacyRequest/Page_Store/button_Add' is clicked on

2018-05-15 16:59:25 - [TEST_STEP][PASSED] - Statement - Break: null

2018-05-15 16:59:25 - [TEST_STEP][PASSED] - selectOptionByIndex: All options with index in [9] are selected on object 'Object Repository/PharmacyRequest/Page_Store/select_--Select--Amlodepin -5'

2018-05-15 16:59:25 - [MESSAGE][PASSED] - All options with index in [9] are selected on object 'Object Repository/PharmacyRequest/Page_Store/select_--Select--Amlodepin -5'

2018-05-15 16:59:25 - [TEST_STEP][PASSED] - delay: Delayed 1 second(s)

2018-05-15 16:59:26 - [MESSAGE][PASSED] - Delayed 1 second(s)

2018-05-15 16:59:26 - [TEST_STEP][PASSED] - Statement - RequestedQty = com.kms.katalon.core.webui.keyword.WebUiBuiltInKeywords.getAttribute(com.kms.katalon.core.testobject.ObjectRepository.findTestObject(PharmacyRequest/Page_Store/input_txttotal), "value"): Attribute 'value' of object 'Object Repository/PharmacyRequest/Page_Store/input_txttotal' is: '10'

2018-05-15 16:59:26 - [MESSAGE][PASSED] - Attribute 'value' of object 'Object Repository/PharmacyRequest/Page_Store/input_txttotal' is: '10'

2018-05-15 16:59:26 - [TEST_STEP][PASSED] - Statement - out.println("Requested QTY : " + RequestedQty): null

2018-05-15 16:59:26 - [TEST_STEP][PASSED] - Statement - BatchNumber = com.kms.katalon.core.webui.keyword.WebUiBuiltInKeywords.getNumberOfTotalOption(com.kms.katalon.core.testobject.ObjectRepository.findTestObject(PharmacyRequest/Page_Store/select_--Select--BA50)): 2 options of object 'Object Repository/PharmacyRequest/Page_Store/select_--Select--BA50' counted

2018-05-15 16:59:26 - [MESSAGE][PASSED] - 2 options of object 'Object Repository/PharmacyRequest/Page_Store/select_--Select--BA50' counted

2018-05-15 16:59:26 - [TEST_STEP][PASSED] - Statement - For ([g = 1, g <= BatchNumber - 1, (g++)]): null

2018-05-15 16:59:26 - [TEST_STEP][PASSED] - selectOptionByIndex: All options with index in [1] are selected on object 'Object Repository/PharmacyRequest/Page_Store/select_--Select--BA50'

2018-05-15 16:59:26 - [MESSAGE][PASSED] - All options with index in [1] are selected on object 'Object Repository/PharmacyRequest/Page_Store/select_--Select--BA50'

2018-05-15 16:59:26 - [TEST_STEP][PASSED] - delay: Delayed 2 second(s)

2018-05-15 16:59:28 - [MESSAGE][PASSED] - Delayed 2 second(s)

2018-05-15 16:59:28 - [TEST_STEP][PASSED] - Statement - StockQty = com.kms.katalon.core.webui.keyword.WebUiBuiltInKeywords.getAttribute(com.kms.katalon.core.testobject.ObjectRepository.findTestObject(PharmacyRequest/Page_Store/input_txtprice), "value"): Attribute 'value' of object 'Object Repository/PharmacyRequest/Page_Store/input_txtprice' is: '990'

2018-05-15 16:59:28 - [MESSAGE][PASSED] - Attribute 'value' of object 'Object Repository/PharmacyRequest/Page_Store/input_txtprice' is: '990'

2018-05-15 16:59:28 - [TEST_STEP][PASSED] - Statement - out.println("Stock QTY : " + StockQty): null

2018-05-15 16:59:28 - [TEST_STEP][PASSED] - delay: Delayed 1 second(s)

2018-05-15 16:59:29 - [MESSAGE][PASSED] - Delayed 1 second(s)

2018-05-15 16:59:29 - [TEST_STEP][PASSED] - Statement - If (java.lang.Integer.valueOf(StockQty) >= java.lang.Integer.valueOf(RequestedQty)): null

2018-05-15 16:59:29 - [TEST_STEP][PASSED] - setText: Text '10' is set on object 'Object Repository/PharmacyRequest/Page_Store/input_txtqty'

2018-05-15 16:59:29 - [MESSAGE][PASSED] - Text '10' is set on object 'Object Repository/PharmacyRequest/Page_Store/input_txtqty'

2018-05-15 16:59:29 - [TEST_STEP][PASSED] - click: Object: 'Object Repository/PharmacyRequest/Page_Store/button_Add' is clicked on

2018-05-15 16:59:34 - [MESSAGE][PASSED] - Object: 'Object Repository/PharmacyRequest/Page_Store/button_Add' is clicked on

2018-05-15 16:59:34 - [TEST_STEP][PASSED] - Statement - Break: null

2018-05-15 16:59:34 - [TEST_STEP][PASSED] - selectOptionByIndex: All options with index in [10] are selected on object 'Object Repository/PharmacyRequest/Page_Store/select_--Select--Amlodepin -5'

2018-05-15 16:59:34 - [MESSAGE][PASSED] - All options with index in [10] are selected on object 'Object Repository/PharmacyRequest/Page_Store/select_--Select--Amlodepin -5'

2018-05-15 16:59:34 - [TEST_STEP][PASSED] - delay: Delayed 1 second(s)

2018-05-15 16:59:35 - [MESSAGE][PASSED] - Delayed 1 second(s)

2018-05-15 16:59:35 - [TEST_STEP][PASSED] - Statement - RequestedQty = com.kms.katalon.core.webui.keyword.WebUiBuiltInKeywords.getAttribute(com.kms.katalon.core.testobject.ObjectRepository.findTestObject(PharmacyRequest/Page_Store/input_txttotal), "value"): Attribute 'value' of object 'Object Repository/PharmacyRequest/Page_Store/input_txttotal' is: '10'

2018-05-15 16:59:35 - [MESSAGE][PASSED] - Attribute 'value' of object 'Object Repository/PharmacyRequest/Page_Store/input_txttotal' is: '10'

2018-05-15 16:59:35 - [TEST_STEP][PASSED] - Statement - out.println("Requested QTY : " + RequestedQty): null

2018-05-15 16:59:35 - [TEST_STEP][PASSED] - Statement - BatchNumber = com.kms.katalon.core.webui.keyword.WebUiBuiltInKeywords.getNumberOfTotalOption(com.kms.katalon.core.testobject.ObjectRepository.findTestObject(PharmacyRequest/Page_Store/select_--Select--BA50)): 2 options of object 'Object Repository/PharmacyRequest/Page_Store/select_--Select--BA50' counted

2018-05-15 16:59:36 - [MESSAGE][PASSED] - 2 options of object 'Object Repository/PharmacyRequest/Page_Store/select_--Select--BA50' counted

2018-05-15 16:59:36 - [TEST_STEP][PASSED] - Statement - For ([g = 1, g <= BatchNumber - 1, (g++)]): null

2018-05-15 16:59:36 - [TEST_STEP][PASSED] - selectOptionByIndex: All options with index in [1] are selected on object 'Object Repository/PharmacyRequest/Page_Store/select_--Select--BA50'

2018-05-15 16:59:36 - [MESSAGE][PASSED] - All options with index in [1] are selected on object 'Object Repository/PharmacyRequest/Page_Store/select_--Select--BA50'

2018-05-15 16:59:36 - [TEST_STEP][PASSED] - delay: Delayed 2 second(s)

2018-05-15 16:59:38 - [MESSAGE][PASSED] - Delayed 2 second(s)

2018-05-15 16:59:38 - [TEST_STEP][PASSED] - Statement - StockQty = com.kms.katalon.core.webui.keyword.WebUiBuiltInKeywords.getAttribute(com.kms.katalon.core.testobject.ObjectRepository.findTestObject(PharmacyRequest/Page_Store/input_txtprice), "value"): Attribute 'value' of object 'Object Repository/PharmacyRequest/Page_Store/input_txtprice' is: '990'

2018-05-15 16:59:38 - [MESSAGE][PASSED] - Attribute 'value' of object 'Object Repository/PharmacyRequest/Page_Store/input_txtprice' is: '990'

2018-05-15 16:59:38 - [TEST_STEP][PASSED] - Statement - out.println("Stock QTY : " + StockQty): null

2018-05-15 16:59:38 - [TEST_STEP][PASSED] - delay: Delayed 1 second(s)

2018-05-15 16:59:39 - [MESSAGE][PASSED] - Delayed 1 second(s)

2018-05-15 16:59:39 - [TEST_STEP][PASSED] - Statement - If (java.lang.Integer.valueOf(StockQty) >= java.lang.Integer.valueOf(RequestedQty)): null

2018-05-15 16:59:39 - [TEST_STEP][PASSED] - setText: Text '10' is set on object 'Object Repository/PharmacyRequest/Page_Store/input_txtqty'

2018-05-15 16:59:39 - [MESSAGE][PASSED] - Text '10' is set on object 'Object Repository/PharmacyRequest/Page_Store/input_txtqty'

2018-05-15 16:59:39 - [TEST_STEP][PASSED] - click: Object: 'Object Repository/PharmacyRequest/Page_Store/button_Add' is clicked on

2018-05-15 16:59:44 - [MESSAGE][PASSED] - Object: 'Object Repository/PharmacyRequest/Page_Store/button_Add' is clicked on

2018-05-15 16:59:44 - [TEST_STEP][PASSED] - Statement - Break: null

2018-05-15 16:59:44 - [TEST_STEP][PASSED] - selectOptionByIndex: All options with index in [11] are selected on object 'Object Repository/PharmacyRequest/Page_Store/select_--Select--Amlodepin -5'

2018-05-15 16:59:44 - [MESSAGE][PASSED] - All options with index in [11] are selected on object 'Object Repository/PharmacyRequest/Page_Store/select_--Select--Amlodepin -5'

2018-05-15 16:59:44 - [TEST_STEP][PASSED] - delay: Delayed 1 second(s)

2018-05-15 16:59:45 - [MESSAGE][PASSED] - Delayed 1 second(s)

2018-05-15 16:59:45 - [TEST_STEP][PASSED] - Statement - RequestedQty = com.kms.katalon.core.webui.keyword.WebUiBuiltInKeywords.getAttribute(com.kms.katalon.core.testobject.ObjectRepository.findTestObject(PharmacyRequest/Page_Store/input_txttotal), "value"): Attribute 'value' of object 'Object Repository/PharmacyRequest/Page_Store/input_txttotal' is: '10'

2018-05-15 16:59:45 - [MESSAGE][PASSED] - Attribute 'value' of object 'Object Repository/PharmacyRequest/Page_Store/input_txttotal' is: '10'

2018-05-15 16:59:45 - [TEST_STEP][PASSED] - Statement - out.println("Requested QTY : " + RequestedQty): null

2018-05-15 16:59:45 - [TEST_STEP][PASSED] - Statement - BatchNumber = com.kms.katalon.core.webui.keyword.WebUiBuiltInKeywords.getNumberOfTotalOption(com.kms.katalon.core.testobject.ObjectRepository.findTestObject(PharmacyRequest/Page_Store/select_--Select--BA50)): 2 options of object 'Object Repository/PharmacyRequest/Page_Store/select_--Select--BA50' counted

2018-05-15 16:59:45 - [MESSAGE][PASSED] - 2 options of object 'Object Repository/PharmacyRequest/Page_Store/select_--Select--BA50' counted

2018-05-15 16:59:45 - [TEST_STEP][PASSED] - Statement - For ([g = 1, g <= BatchNumber - 1, (g++)]): null

2018-05-15 16:59:45 - [TEST_STEP][PASSED] - selectOptionByIndex: All options with index in [1] are selected on object 'Object Repository/PharmacyRequest/Page_Store/select_--Select--BA50'

2018-05-15 16:59:45 - [MESSAGE][PASSED] - All options with index in [1] are selected on object 'Object Repository/PharmacyRequest/Page_Store/select_--Select--BA50'

2018-05-15 16:59:45 - [TEST_STEP][PASSED] - delay: Delayed 2 second(s)

2018-05-15 16:59:47 - [MESSAGE][PASSED] - Delayed 2 second(s)

2018-05-15 16:59:47 - [TEST_STEP][PASSED] - Statement - StockQty = com.kms.katalon.core.webui.keyword.WebUiBuiltInKeywords.getAttribute(com.kms.katalon.core.testobject.ObjectRepository.findTestObject(PharmacyRequest/Page_Store/input_txtprice), "value"): Attribute 'value' of object 'Object Repository/PharmacyRequest/Page_Store/input_txtprice' is: '990'

2018-05-15 16:59:47 - [MESSAGE][PASSED] - Attribute 'value' of object 'Object Repository/PharmacyRequest/Page_Store/input_txtprice' is: '990'

2018-05-15 16:59:47 - [TEST_STEP][PASSED] - Statement - out.println("Stock QTY : " + StockQty): null

2018-05-15 16:59:47 - [TEST_STEP][PASSED] - delay: Delayed 1 second(s)

2018-05-15 16:59:48 - [MESSAGE][PASSED] - Delayed 1 second(s)

2018-05-15 16:59:48 - [TEST_STEP][PASSED] - Statement - If (java.lang.Integer.valueOf(StockQty) >= java.lang.Integer.valueOf(RequestedQty)): null

2018-05-15 16:59:48 - [TEST_STEP][PASSED] - setText: Text '10' is set on object 'Object Repository/PharmacyRequest/Page_Store/input_txtqty'

2018-05-15 16:59:49 - [MESSAGE][PASSED] - Text '10' is set on object 'Object Repository/PharmacyRequest/Page_Store/input_txtqty'

2018-05-15 16:59:49 - [TEST_STEP][PASSED] - click: Object: 'Object Repository/PharmacyRequest/Page_Store/button_Add' is clicked on

2018-05-15 16:59:54 - [MESSAGE][PASSED] - Object: 'Object Repository/PharmacyRequest/Page_Store/button_Add' is clicked on

2018-05-15 16:59:54 - [TEST_STEP][PASSED] - Statement - Break: null

2018-05-15 16:59:54 - [TEST_STEP][PASSED] - selectOptionByIndex: All options with index in [12] are selected on object 'Object Repository/PharmacyRequest/Page_Store/select_--Select--Amlodepin -5'

2018-05-15 16:59:54 - [MESSAGE][PASSED] - All options with index in [12] are selected on object 'Object Repository/PharmacyRequest/Page_Store/select_--Select--Amlodepin -5'

2018-05-15 16:59:54 - [TEST_STEP][PASSED] - delay: Delayed 1 second(s)

2018-05-15 16:59:55 - [MESSAGE][PASSED] - Delayed 1 second(s)

2018-05-15 16:59:55 - [TEST_STEP][PASSED] - Statement - RequestedQty = com.kms.katalon.core.webui.keyword.WebUiBuiltInKeywords.getAttribute(com.kms.katalon.core.testobject.ObjectRepository.findTestObject(PharmacyRequest/Page_Store/input_txttotal), "value"): Attribute 'value' of object 'Object Repository/PharmacyRequest/Page_Store/input_txttotal' is: '10'

2018-05-15 16:59:55 - [MESSAGE][PASSED] - Attribute 'value' of object 'Object Repository/PharmacyRequest/Page_Store/input_txttotal' is: '10'

2018-05-15 16:59:55 - [TEST_STEP][PASSED] - Statement - out.println("Requested QTY : " + RequestedQty): null

2018-05-15 16:59:55 - [TEST_STEP][PASSED] - Statement - BatchNumber = com.kms.katalon.core.webui.keyword.WebUiBuiltInKeywords.getNumberOfTotalOption(com.kms.katalon.core.testobject.ObjectRepository.findTestObject(PharmacyRequest/Page_Store/select_--Select--BA50)): 2 options of object 'Object Repository/PharmacyRequest/Page_Store/select_--Select--BA50' counted

2018-05-15 16:59:55 - [MESSAGE][PASSED] - 2 options of object 'Object Repository/PharmacyRequest/Page_Store/select_--Select--BA50' counted

2018-05-15 16:59:55 - [TEST_STEP][PASSED] - Statement - For ([g = 1, g <= BatchNumber - 1, (g++)]): null

2018-05-15 16:59:55 - [TEST_STEP][PASSED] - selectOptionByIndex: All options with index in [1] are selected on object 'Object Repository/PharmacyRequest/Page_Store/select_--Select--BA50'

2018-05-15 16:59:55 - [MESSAGE][PASSED] - All options with index in [1] are selected on object 'Object Repository/PharmacyRequest/Page_Store/select_--Select--BA50'

2018-05-15 16:59:55 - [TEST_STEP][PASSED] - delay: Delayed 2 second(s)

2018-05-15 16:59:57 - [MESSAGE][PASSED] - Delayed 2 second(s)

2018-05-15 16:59:57 - [TEST_STEP][PASSED] - Statement - StockQty = com.kms.katalon.core.webui.keyword.WebUiBuiltInKeywords.getAttribute(com.kms.katalon.core.testobject.ObjectRepository.findTestObject(PharmacyRequest/Page_Store/input_txtprice), "value"): Attribute 'value' of object 'Object Repository/PharmacyRequest/Page_Store/input_txtprice' is: '990'

2018-05-15 16:59:57 - [MESSAGE][PASSED] - Attribute 'value' of object 'Object Repository/PharmacyRequest/Page_Store/input_txtprice' is: '990'

2018-05-15 16:59:57 - [TEST_STEP][PASSED] - Statement - out.println("Stock QTY : " + StockQty): null

2018-05-15 16:59:57 - [TEST_STEP][PASSED] - delay: Delayed 1 second(s)

2018-05-15 16:59:58 - [MESSAGE][PASSED] - Delayed 1 second(s)

2018-05-15 16:59:58 - [TEST_STEP][PASSED] - Statement - If (java.lang.Integer.valueOf(StockQty) >= java.lang.Integer.valueOf(RequestedQty)): null

2018-05-15 16:59:58 - [TEST_STEP][PASSED] - setText: Text '10' is set on object 'Object Repository/PharmacyRequest/Page_Store/input_txtqty'

2018-05-15 16:59:58 - [MESSAGE][PASSED] - Text '10' is set on object 'Object Repository/PharmacyRequest/Page_Store/input_txtqty'

2018-05-15 16:59:58 - [TEST_STEP][PASSED] - click: Object: 'Object Repository/PharmacyRequest/Page_Store/button_Add' is clicked on

2018-05-15 17:00:03 - [MESSAGE][PASSED] - Object: 'Object Repository/PharmacyRequest/Page_Store/button_Add' is clicked on

2018-05-15 17:00:03 - [TEST_STEP][PASSED] - Statement - Break: null

2018-05-15 17:00:03 - [TEST_STEP][PASSED] - selectOptionByIndex: All options with index in [13] are selected on object 'Object Repository/PharmacyRequest/Page_Store/select_--Select--Amlodepin -5'

2018-05-15 17:00:04 - [MESSAGE][PASSED] - All options with index in [13] are selected on object 'Object Repository/PharmacyRequest/Page_Store/select_--Select--Amlodepin -5'

2018-05-15 17:00:04 - [TEST_STEP][PASSED] - delay: Delayed 1 second(s)

2018-05-15 17:00:05 - [MESSAGE][PASSED] - Delayed 1 second(s)

2018-05-15 17:00:05 - [TEST_STEP][PASSED] - Statement - RequestedQty = com.kms.katalon.core.webui.keyword.WebUiBuiltInKeywords.getAttribute(com.kms.katalon.core.testobject.ObjectRepository.findTestObject(PharmacyRequest/Page_Store/input_txttotal), "value"): Attribute 'value' of object 'Object Repository/PharmacyRequest/Page_Store/input_txttotal' is: '10'

2018-05-15 17:00:05 - [MESSAGE][PASSED] - Attribute 'value' of object 'Object Repository/PharmacyRequest/Page_Store/input_txttotal' is: '10'

2018-05-15 17:00:05 - [TEST_STEP][PASSED] - Statement - out.println("Requested QTY : " + RequestedQty): null

2018-05-15 17:00:05 - [TEST_STEP][PASSED] - Statement - BatchNumber = com.kms.katalon.core.webui.keyword.WebUiBuiltInKeywords.getNumberOfTotalOption(com.kms.katalon.core.testobject.ObjectRepository.findTestObject(PharmacyRequest/Page_Store/select_--Select--BA50)): 2 options of object 'Object Repository/PharmacyRequest/Page_Store/select_--Select--BA50' counted

2018-05-15 17:00:05 - [MESSAGE][PASSED] - 2 options of object 'Object Repository/PharmacyRequest/Page_Store/select_--Select--BA50' counted

2018-05-15 17:00:05 - [TEST_STEP][PASSED] - Statement - For ([g = 1, g <= BatchNumber - 1, (g++)]): null

2018-05-15 17:00:05 - [TEST_STEP][PASSED] - selectOptionByIndex: All options with index in [1] are selected on object 'Object Repository/PharmacyRequest/Page_Store/select_--Select--BA50'

2018-05-15 17:00:05 - [MESSAGE][PASSED] - All options with index in [1] are selected on object 'Object Repository/PharmacyRequest/Page_Store/select_--Select--BA50'

2018-05-15 17:00:05 - [TEST_STEP][PASSED] - delay: Delayed 2 second(s)

2018-05-15 17:00:07 - [MESSAGE][PASSED] - Delayed 2 second(s)

2018-05-15 17:00:07 - [TEST_STEP][PASSED] - Statement - StockQty = com.kms.katalon.core.webui.keyword.WebUiBuiltInKeywords.getAttribute(com.kms.katalon.core.testobject.ObjectRepository.findTestObject(PharmacyRequest/Page_Store/input_txtprice), "value"): Attribute 'value' of object 'Object Repository/PharmacyRequest/Page_Store/input_txtprice' is: '990'

2018-05-15 17:00:07 - [MESSAGE][PASSED] - Attribute 'value' of object 'Object Repository/PharmacyRequest/Page_Store/input_txtprice' is: '990'

2018-05-15 17:00:07 - [TEST_STEP][PASSED] - Statement - out.println("Stock QTY : " + StockQty): null

2018-05-15 17:00:07 - [TEST_STEP][PASSED] - delay: Delayed 1 second(s)

2018-05-15 17:00:08 - [MESSAGE][PASSED] - Delayed 1 second(s)

2018-05-15 17:00:08 - [TEST_STEP][PASSED] - Statement - If (java.lang.Integer.valueOf(StockQty) >= java.lang.Integer.valueOf(RequestedQty)): null

2018-05-15 17:00:08 - [TEST_STEP][PASSED] - setText: Text '10' is set on object 'Object Repository/PharmacyRequest/Page_Store/input_txtqty'

2018-05-15 17:00:08 - [MESSAGE][PASSED] - Text '10' is set on object 'Object Repository/PharmacyRequest/Page_Store/input_txtqty'

2018-05-15 17:00:08 - [TEST_STEP][PASSED] - click: Object: 'Object Repository/PharmacyRequest/Page_Store/button_Add' is clicked on

2018-05-15 17:00:13 - [MESSAGE][PASSED] - Object: 'Object Repository/PharmacyRequest/Page_Store/button_Add' is clicked on

2018-05-15 17:00:13 - [TEST_STEP][PASSED] - Statement - Break: null

2018-05-15 17:00:13 - [TEST_STEP][PASSED] - selectOptionByIndex: All options with index in [14] are selected on object 'Object Repository/PharmacyRequest/Page_Store/select_--Select--Amlodepin -5'

2018-05-15 17:00:13 - [MESSAGE][PASSED] - All options with index in [14] are selected on object 'Object Repository/PharmacyRequest/Page_Store/select_--Select--Amlodepin -5'

2018-05-15 17:00:13 - [TEST_STEP][PASSED] - delay: Delayed 1 second(s)

2018-05-15 17:00:14 - [MESSAGE][PASSED] - Delayed 1 second(s)

2018-05-15 17:00:14 - [TEST_STEP][PASSED] - Statement - RequestedQty = com.kms.katalon.core.webui.keyword.WebUiBuiltInKeywords.getAttribute(com.kms.katalon.core.testobject.ObjectRepository.findTestObject(PharmacyRequest/Page_Store/input_txttotal), "value"): Attribute 'value' of object 'Object Repository/PharmacyRequest/Page_Store/input_txttotal' is: '10'

2018-05-15 17:00:14 - [MESSAGE][PASSED] - Attribute 'value' of object 'Object Repository/PharmacyRequest/Page_Store/input_txttotal' is: '10'

2018-05-15 17:00:14 - [TEST_STEP][PASSED] - Statement - out.println("Requested QTY : " + RequestedQty): null

2018-05-15 17:00:14 - [TEST_STEP][PASSED] - Statement - BatchNumber = com.kms.katalon.core.webui.keyword.WebUiBuiltInKeywords.getNumberOfTotalOption(com.kms.katalon.core.testobject.ObjectRepository.findTestObject(PharmacyRequest/Page_Store/select_--Select--BA50)): 2 options of object 'Object Repository/PharmacyRequest/Page_Store/select_--Select--BA50' counted

2018-05-15 17:00:14 - [MESSAGE][PASSED] - 2 options of object 'Object Repository/PharmacyRequest/Page_Store/select_--Select--BA50' counted

2018-05-15 17:00:14 - [TEST_STEP][PASSED] - Statement - For ([g = 1, g <= BatchNumber - 1, (g++)]): null

2018-05-15 17:00:14 - [TEST_STEP][PASSED] - selectOptionByIndex: All options with index in [1] are selected on object 'Object Repository/PharmacyRequest/Page_Store/select_--Select--BA50'

2018-05-15 17:00:14 - [MESSAGE][PASSED] - All options with index in [1] are selected on object 'Object Repository/PharmacyRequest/Page_Store/select_--Select--BA50'

2018-05-15 17:00:14 - [TEST_STEP][PASSED] - delay: Delayed 2 second(s)

2018-05-15 17:00:16 - [MESSAGE][PASSED] - Delayed 2 second(s)

2018-05-15 17:00:16 - [TEST_STEP][PASSED] - Statement - StockQty = com.kms.katalon.core.webui.keyword.WebUiBuiltInKeywords.getAttribute(com.kms.katalon.core.testobject.ObjectRepository.findTestObject(PharmacyRequest/Page_Store/input_txtprice), "value"): Attribute 'value' of object 'Object Repository/PharmacyRequest/Page_Store/input_txtprice' is: '9990'

2018-05-15 17:00:17 - [MESSAGE][PASSED] - Attribute 'value' of object 'Object Repository/PharmacyRequest/Page_Store/input_txtprice' is: '9990'

2018-05-15 17:00:17 - [TEST_STEP][PASSED] - Statement - out.println("Stock QTY : " + StockQty): null

2018-05-15 17:00:17 - [TEST_STEP][PASSED] - delay: Delayed 1 second(s)

2018-05-15 17:00:18 - [MESSAGE][PASSED] - Delayed 1 second(s)

2018-05-15 17:00:18 - [TEST_STEP][PASSED] - Statement - If (java.lang.Integer.valueOf(StockQty) >= java.lang.Integer.valueOf(RequestedQty)): null

2018-05-15 17:00:18 - [TEST_STEP][PASSED] - setText: Text '10' is set on object 'Object Repository/PharmacyRequest/Page_Store/input_txtqty'

2018-05-15 17:00:18 - [MESSAGE][PASSED] - Text '10' is set on object 'Object Repository/PharmacyRequest/Page_Store/input_txtqty'

2018-05-15 17:00:18 - [TEST_STEP][PASSED] - click: Object: 'Object Repository/PharmacyRequest/Page_Store/button_Add' is clicked on

2018-05-15 17:00:23 - [MESSAGE][PASSED] - Object: 'Object Repository/PharmacyRequest/Page_Store/button_Add' is clicked on

2018-05-15 17:00:23 - [TEST_STEP][PASSED] - Statement - Break: null

2018-05-15 17:00:23 - [TEST_STEP][PASSED] - selectOptionByIndex: All options with index in [15] are selected on object 'Object Repository/PharmacyRequest/Page_Store/select_--Select--Amlodepin -5'

2018-05-15 17:00:23 - [MESSAGE][PASSED] - All options with index in [15] are selected on object 'Object Repository/PharmacyRequest/Page_Store/select_--Select--Amlodepin -5'

2018-05-15 17:00:23 - [TEST_STEP][PASSED] - delay: Delayed 1 second(s)

2018-05-15 17:00:24 - [MESSAGE][PASSED] - Delayed 1 second(s)

2018-05-15 17:00:24 - [TEST_STEP][PASSED] - Statement - RequestedQty = com.kms.katalon.core.webui.keyword.WebUiBuiltInKeywords.getAttribute(com.kms.katalon.core.testobject.ObjectRepository.findTestObject(PharmacyRequest/Page_Store/input_txttotal), "value"): Attribute 'value' of object 'Object Repository/PharmacyRequest/Page_Store/input_txttotal' is: '10'

2018-05-15 17:00:24 - [MESSAGE][PASSED] - Attribute 'value' of object 'Object Repository/PharmacyRequest/Page_Store/input_txttotal' is: '10'

2018-05-15 17:00:24 - [TEST_STEP][PASSED] - Statement - out.println("Requested QTY : " + RequestedQty): null

2018-05-15 17:00:24 - [TEST_STEP][PASSED] - Statement - BatchNumber = com.kms.katalon.core.webui.keyword.WebUiBuiltInKeywords.getNumberOfTotalOption(com.kms.katalon.core.testobject.ObjectRepository.findTestObject(PharmacyRequest/Page_Store/select_--Select--BA50)): 2 options of object 'Object Repository/PharmacyRequest/Page_Store/select_--Select--BA50' counted

2018-05-15 17:00:24 - [MESSAGE][PASSED] - 2 options of object 'Object Repository/PharmacyRequest/Page_Store/select_--Select--BA50' counted

2018-05-15 17:00:24 - [TEST_STEP][PASSED] - Statement - For ([g = 1, g <= BatchNumber - 1, (g++)]): null

2018-05-15 17:00:24 - [TEST_STEP][PASSED] - selectOptionByIndex: All options with index in [1] are selected on object 'Object Repository/PharmacyRequest/Page_Store/select_--Select--BA50'

2018-05-15 17:00:24 - [MESSAGE][PASSED] - All options with index in [1] are selected on object 'Object Repository/PharmacyRequest/Page_Store/select_--Select--BA50'

2018-05-15 17:00:24 - [TEST_STEP][PASSED] - delay: Delayed 2 second(s)

2018-05-15 17:00:26 - [MESSAGE][PASSED] - Delayed 2 second(s)

2018-05-15 17:00:26 - [TEST_STEP][PASSED] - Statement - StockQty = com.kms.katalon.core.webui.keyword.WebUiBuiltInKeywords.getAttribute(com.kms.katalon.core.testobject.ObjectRepository.findTestObject(PharmacyRequest/Page_Store/input_txtprice), "value"): Attribute 'value' of object 'Object Repository/PharmacyRequest/Page_Store/input_txtprice' is: '9920'

2018-05-15 17:00:26 - [MESSAGE][PASSED] - Attribute 'value' of object 'Object Repository/PharmacyRequest/Page_Store/input_txtprice' is: '9920'

2018-05-15 17:00:26 - [TEST_STEP][PASSED] - Statement - out.println("Stock QTY : " + StockQty): null

2018-05-15 17:00:26 - [TEST_STEP][PASSED] - delay: Delayed 1 second(s)

2018-05-15 17:00:27 - [MESSAGE][PASSED] - Delayed 1 second(s)

2018-05-15 17:00:27 - [TEST_STEP][PASSED] - Statement - If (java.lang.Integer.valueOf(StockQty) >= java.lang.Integer.valueOf(RequestedQty)): null

2018-05-15 17:00:27 - [TEST_STEP][PASSED] - setText: Text '10' is set on object 'Object Repository/PharmacyRequest/Page_Store/input_txtqty'

2018-05-15 17:00:27 - [MESSAGE][PASSED] - Text '10' is set on object 'Object Repository/PharmacyRequest/Page_Store/input_txtqty'

2018-05-15 17:00:27 - [TEST_STEP][PASSED] - click: Object: 'Object Repository/PharmacyRequest/Page_Store/button_Add' is clicked on

2018-05-15 17:00:32 - [MESSAGE][PASSED] - Object: 'Object Repository/PharmacyRequest/Page_Store/button_Add' is clicked on

2018-05-15 17:00:32 - [TEST_STEP][PASSED] - Statement - Break: null

2018-05-15 17:00:32 - [TEST_STEP][PASSED] - selectOptionByIndex: All options with index in [16] are selected on object 'Object Repository/PharmacyRequest/Page_Store/select_--Select--Amlodepin -5'

2018-05-15 17:00:33 - [MESSAGE][PASSED] - All options with index in [16] are selected on object 'Object Repository/PharmacyRequest/Page_Store/select_--Select--Amlodepin -5'

2018-05-15 17:00:33 - [TEST_STEP][PASSED] - delay: Delayed 1 second(s)

2018-05-15 17:00:34 - [MESSAGE][PASSED] - Delayed 1 second(s)

2018-05-15 17:00:34 - [TEST_STEP][PASSED] - Statement - RequestedQty = com.kms.katalon.core.webui.keyword.WebUiBuiltInKeywords.getAttribute(com.kms.katalon.core.testobject.ObjectRepository.findTestObject(PharmacyRequest/Page_Store/input_txttotal), "value"): Attribute 'value' of object 'Object Repository/PharmacyRequest/Page_Store/input_txttotal' is: '10'

2018-05-15 17:00:34 - [MESSAGE][PASSED] - Attribute 'value' of object 'Object Repository/PharmacyRequest/Page_Store/input_txttotal' is: '10'

2018-05-15 17:00:34 - [TEST_STEP][PASSED] - Statement - out.println("Requested QTY : " + RequestedQty): null

2018-05-15 17:00:34 - [TEST_STEP][PASSED] - Statement - BatchNumber = com.kms.katalon.core.webui.keyword.WebUiBuiltInKeywords.getNumberOfTotalOption(com.kms.katalon.core.testobject.ObjectRepository.findTestObject(PharmacyRequest/Page_Store/select_--Select--BA50)): 2 options of object 'Object Repository/PharmacyRequest/Page_Store/select_--Select--BA50' counted

2018-05-15 17:00:34 - [MESSAGE][PASSED] - 2 options of object 'Object Repository/PharmacyRequest/Page_Store/select_--Select--BA50' counted

2018-05-15 17:00:34 - [TEST_STEP][PASSED] - Statement - For ([g = 1, g <= BatchNumber - 1, (g++)]): null

2018-05-15 17:00:34 - [TEST_STEP][PASSED] - selectOptionByIndex: All options with index in [1] are selected on object 'Object Repository/PharmacyRequest/Page_Store/select_--Select--BA50'

2018-05-15 17:00:34 - [MESSAGE][PASSED] - All options with index in [1] are selected on object 'Object Repository/PharmacyRequest/Page_Store/select_--Select--BA50'

2018-05-15 17:00:34 - [TEST_STEP][PASSED] - delay: Delayed 2 second(s)

2018-05-15 17:00:36 - [MESSAGE][PASSED] - Delayed 2 second(s)

2018-05-15 17:00:36 - [TEST_STEP][PASSED] - Statement - StockQty = com.kms.katalon.core.webui.keyword.WebUiBuiltInKeywords.getAttribute(com.kms.katalon.core.testobject.ObjectRepository.findTestObject(PharmacyRequest/Page_Store/input_txtprice), "value"): Attribute 'value' of object 'Object Repository/PharmacyRequest/Page_Store/input_txtprice' is: '9990'

2018-05-15 17:00:36 - [MESSAGE][PASSED] - Attribute 'value' of object 'Object Repository/PharmacyRequest/Page_Store/input_txtprice' is: '9990'

2018-05-15 17:00:36 - [TEST_STEP][PASSED] - Statement - out.println("Stock QTY : " + StockQty): null

2018-05-15 17:00:36 - [TEST_STEP][PASSED] - delay: Delayed 1 second(s)

2018-05-15 17:00:37 - [MESSAGE][PASSED] - Delayed 1 second(s)

2018-05-15 17:00:37 - [TEST_STEP][PASSED] - Statement - If (java.lang.Integer.valueOf(StockQty) >= java.lang.Integer.valueOf(RequestedQty)): null

2018-05-15 17:00:37 - [TEST_STEP][PASSED] - setText: Text '10' is set on object 'Object Repository/PharmacyRequest/Page_Store/input_txtqty'

2018-05-15 17:00:37 - [MESSAGE][PASSED] - Text '10' is set on object 'Object Repository/PharmacyRequest/Page_Store/input_txtqty'

2018-05-15 17:00:37 - [TEST_STEP][PASSED] - click: Object: 'Object Repository/PharmacyRequest/Page_Store/button_Add' is clicked on

2018-05-15 17:00:42 - [MESSAGE][PASSED] - Object: 'Object Repository/PharmacyRequest/Page_Store/button_Add' is clicked on

2018-05-15 17:00:42 - [TEST_STEP][PASSED] - Statement - Break: null

2018-05-15 17:00:42 - [TEST_STEP][PASSED] - selectOptionByIndex: All options with index in [17] are selected on object 'Object Repository/PharmacyRequest/Page_Store/select_--Select--Amlodepin -5'

2018-05-15 17:00:42 - [MESSAGE][PASSED] - All options with index in [17] are selected on object 'Object Repository/PharmacyRequest/Page_Store/select_--Select--Amlodepin -5'

2018-05-15 17:00:42 - [TEST_STEP][PASSED] - delay: Delayed 1 second(s)

2018-05-15 17:00:43 - [MESSAGE][PASSED] - Delayed 1 second(s)

2018-05-15 17:00:43 - [TEST_STEP][PASSED] - Statement - RequestedQty = com.kms.katalon.core.webui.keyword.WebUiBuiltInKeywords.getAttribute(com.kms.katalon.core.testobject.ObjectRepository.findTestObject(PharmacyRequest/Page_Store/input_txttotal), "value"): Attribute 'value' of object 'Object Repository/PharmacyRequest/Page_Store/input_txttotal' is: '10'

2018-05-15 17:00:43 - [MESSAGE][PASSED] - Attribute 'value' of object 'Object Repository/PharmacyRequest/Page_Store/input_txttotal' is: '10'

2018-05-15 17:00:43 - [TEST_STEP][PASSED] - Statement - out.println("Requested QTY : " + RequestedQty): null

2018-05-15 17:00:43 - [TEST_STEP][PASSED] - Statement - BatchNumber = com.kms.katalon.core.webui.keyword.WebUiBuiltInKeywords.getNumberOfTotalOption(com.kms.katalon.core.testobject.ObjectRepository.findTestObject(PharmacyRequest/Page_Store/select_--Select--BA50)): 2 options of object 'Object Repository/PharmacyRequest/Page_Store/select_--Select--BA50' counted

2018-05-15 17:00:43 - [MESSAGE][PASSED] - 2 options of object 'Object Repository/PharmacyRequest/Page_Store/select_--Select--BA50' counted

2018-05-15 17:00:43 - [TEST_STEP][PASSED] - Statement - For ([g = 1, g <= BatchNumber - 1, (g++)]): null

2018-05-15 17:00:43 - [TEST_STEP][PASSED] - selectOptionByIndex: All options with index in [1] are selected on object 'Object Repository/PharmacyRequest/Page_Store/select_--Select--BA50'

2018-05-15 17:00:44 - [MESSAGE][PASSED] - All options with index in [1] are selected on object 'Object Repository/PharmacyRequest/Page_Store/select_--Select--BA50'

2018-05-15 17:00:44 - [TEST_STEP][PASSED] - delay: Delayed 2 second(s)

2018-05-15 17:00:46 - [MESSAGE][PASSED] - Delayed 2 second(s)

2018-05-15 17:00:46 - [TEST_STEP][PASSED] - Statement - StockQty = com.kms.katalon.core.webui.keyword.WebUiBuiltInKeywords.getAttribute(com.kms.katalon.core.testobject.ObjectRepository.findTestObject(PharmacyRequest/Page_Store/input_txtprice), "value"): Attribute 'value' of object 'Object Repository/PharmacyRequest/Page_Store/input_txtprice' is: '10000'

2018-05-15 17:00:46 - [MESSAGE][PASSED] - Attribute 'value' of object 'Object Repository/PharmacyRequest/Page_Store/input_txtprice' is: '10000'

2018-05-15 17:00:46 - [TEST_STEP][PASSED] - Statement - out.println("Stock QTY : " + StockQty): null

2018-05-15 17:00:46 - [TEST_STEP][PASSED] - delay: Delayed 1 second(s)

2018-05-15 17:00:47 - [MESSAGE][PASSED] - Delayed 1 second(s)

2018-05-15 17:00:47 - [TEST_STEP][PASSED] - Statement - If (java.lang.Integer.valueOf(StockQty) >= java.lang.Integer.valueOf(RequestedQty)): null

2018-05-15 17:00:47 - [TEST_STEP][PASSED] - setText: Text '10' is set on object 'Object Repository/PharmacyRequest/Page_Store/input_txtqty'

2018-05-15 17:00:47 - [MESSAGE][PASSED] - Text '10' is set on object 'Object Repository/PharmacyRequest/Page_Store/input_txtqty'

2018-05-15 17:00:47 - [TEST_STEP][PASSED] - click: Object: 'Object Repository/PharmacyRequest/Page_Store/button_Add' is clicked on

2018-05-15 17:00:52 - [MESSAGE][PASSED] - Object: 'Object Repository/PharmacyRequest/Page_Store/button_Add' is clicked on

2018-05-15 17:00:52 - [TEST_STEP][PASSED] - Statement - Break: null

2018-05-15 17:00:52 - [TEST_STEP][PASSED] - selectOptionByIndex: All options with index in [18] are selected on object 'Object Repository/PharmacyRequest/Page_Store/select_--Select--Amlodepin -5'

2018-05-15 17:00:52 - [MESSAGE][PASSED] - All options with index in [18] are selected on object 'Object Repository/PharmacyRequest/Page_Store/select_--Select--Amlodepin -5'

2018-05-15 17:00:52 - [TEST_STEP][PASSED] - delay: Delayed 1 second(s)

2018-05-15 17:00:53 - [MESSAGE][PASSED] - Delayed 1 second(s)

2018-05-15 17:00:53 - [TEST_STEP][PASSED] - Statement - RequestedQty = com.kms.katalon.core.webui.keyword.WebUiBuiltInKeywords.getAttribute(com.kms.katalon.core.testobject.ObjectRepository.findTestObject(PharmacyRequest/Page_Store/input_txttotal), "value"): Attribute 'value' of object 'Object Repository/PharmacyRequest/Page_Store/input_txttotal' is: '10'

2018-05-15 17:00:53 - [MESSAGE][PASSED] - Attribute 'value' of object 'Object Repository/PharmacyRequest/Page_Store/input_txttotal' is: '10'

2018-05-15 17:00:53 - [TEST_STEP][PASSED] - Statement - out.println("Requested QTY : " + RequestedQty): null

2018-05-15 17:00:53 - [TEST_STEP][PASSED] - Statement - BatchNumber = com.kms.katalon.core.webui.keyword.WebUiBuiltInKeywords.getNumberOfTotalOption(com.kms.katalon.core.testobject.ObjectRepository.findTestObject(PharmacyRequest/Page_Store/select_--Select--BA50)): 2 options of object 'Object Repository/PharmacyRequest/Page_Store/select_--Select--BA50' counted

2018-05-15 17:00:53 - [MESSAGE][PASSED] - 2 options of object 'Object Repository/PharmacyRequest/Page_Store/select_--Select--BA50' counted

2018-05-15 17:00:53 - [TEST_STEP][PASSED] - Statement - For ([g = 1, g <= BatchNumber - 1, (g++)]): null

2018-05-15 17:00:53 - [TEST_STEP][PASSED] - selectOptionByIndex: All options with index in [1] are selected on object 'Object Repository/PharmacyRequest/Page_Store/select_--Select--BA50'

2018-05-15 17:00:54 - [MESSAGE][PASSED] - All options with index in [1] are selected on object 'Object Repository/PharmacyRequest/Page_Store/select_--Select--BA50'

2018-05-15 17:00:54 - [TEST_STEP][PASSED] - delay: Delayed 2 second(s)

2018-05-15 17:00:56 - [MESSAGE][PASSED] - Delayed 2 second(s)

2018-05-15 17:00:56 - [TEST_STEP][PASSED] - Statement - StockQty = com.kms.katalon.core.webui.keyword.WebUiBuiltInKeywords.getAttribute(com.kms.katalon.core.testobject.ObjectRepository.findTestObject(PharmacyRequest/Page_Store/input_txtprice), "value"): Attribute 'value' of object 'Object Repository/PharmacyRequest/Page_Store/input_txtprice' is: '9888'

2018-05-15 17:00:56 - [MESSAGE][PASSED] - Attribute 'value' of object 'Object Repository/PharmacyRequest/Page_Store/input_txtprice' is: '9888'

2018-05-15 17:00:56 - [TEST_STEP][PASSED] - Statement - out.println("Stock QTY : " + StockQty): null

2018-05-15 17:00:56 - [TEST_STEP][PASSED] - delay: Delayed 1 second(s)

2018-05-15 17:00:57 - [MESSAGE][PASSED] - Delayed 1 second(s)

2018-05-15 17:00:57 - [TEST_STEP][PASSED] - Statement - If (java.lang.Integer.valueOf(StockQty) >= java.lang.Integer.valueOf(RequestedQty)): null

2018-05-15 17:00:57 - [TEST_STEP][PASSED] - setText: Text '10' is set on object 'Object Repository/PharmacyRequest/Page_Store/input_txtqty'

2018-05-15 17:00:57 - [MESSAGE][PASSED] - Text '10' is set on object 'Object Repository/PharmacyRequest/Page_Store/input_txtqty'

2018-05-15 17:00:57 - [TEST_STEP][PASSED] - click: Object: 'Object Repository/PharmacyRequest/Page_Store/button_Add' is clicked on

2018-05-15 17:01:02 - [MESSAGE][PASSED] - Object: 'Object Repository/PharmacyRequest/Page_Store/button_Add' is clicked on

2018-05-15 17:01:02 - [TEST_STEP][PASSED] - Statement - Break: null

2018-05-15 17:01:02 - [TEST_STEP][PASSED] - selectOptionByIndex: All options with index in [19] are selected on object 'Object Repository/PharmacyRequest/Page_Store/select_--Select--Amlodepin -5'

2018-05-15 17:01:02 - [MESSAGE][PASSED] - All options with index in [19] are selected on object 'Object Repository/PharmacyRequest/Page_Store/select_--Select--Amlodepin -5'

2018-05-15 17:01:02 - [TEST_STEP][PASSED] - delay: Delayed 1 second(s)

2018-05-15 17:01:03 - [MESSAGE][PASSED] - Delayed 1 second(s)

2018-05-15 17:01:03 - [TEST_STEP][PASSED] - Statement - RequestedQty = com.kms.katalon.core.webui.keyword.WebUiBuiltInKeywords.getAttribute(com.kms.katalon.core.testobject.ObjectRepository.findTestObject(PharmacyRequest/Page_Store/input_txttotal), "value"): Attribute 'value' of object 'Object Repository/PharmacyRequest/Page_Store/input_txttotal' is: '10'

2018-05-15 17:01:03 - [MESSAGE][PASSED] - Attribute 'value' of object 'Object Repository/PharmacyRequest/Page_Store/input_txttotal' is: '10'

2018-05-15 17:01:03 - [TEST_STEP][PASSED] - Statement - out.println("Requested QTY : " + RequestedQty): null

2018-05-15 17:01:03 - [TEST_STEP][PASSED] - Statement - BatchNumber = com.kms.katalon.core.webui.keyword.WebUiBuiltInKeywords.getNumberOfTotalOption(com.kms.katalon.core.testobject.ObjectRepository.findTestObject(PharmacyRequest/Page_Store/select_--Select--BA50)): 2 options of object 'Object Repository/PharmacyRequest/Page_Store/select_--Select--BA50' counted

2018-05-15 17:01:03 - [MESSAGE][PASSED] - 2 options of object 'Object Repository/PharmacyRequest/Page_Store/select_--Select--BA50' counted

2018-05-15 17:01:03 - [TEST_STEP][PASSED] - Statement - For ([g = 1, g <= BatchNumber - 1, (g++)]): null

2018-05-15 17:01:03 - [TEST_STEP][PASSED] - selectOptionByIndex: All options with index in [1] are selected on object 'Object Repository/PharmacyRequest/Page_Store/select_--Select--BA50'

2018-05-15 17:01:03 - [MESSAGE][PASSED] - All options with index in [1] are selected on object 'Object Repository/PharmacyRequest/Page_Store/select_--Select--BA50'

2018-05-15 17:01:03 - [TEST_STEP][PASSED] - delay: Delayed 2 second(s)

2018-05-15 17:01:05 - [MESSAGE][PASSED] - Delayed 2 second(s)

2018-05-15 17:01:05 - [TEST_STEP][PASSED] - Statement - StockQty = com.kms.katalon.core.webui.keyword.WebUiBuiltInKeywords.getAttribute(com.kms.katalon.core.testobject.ObjectRepository.findTestObject(PharmacyRequest/Page_Store/input_txtprice), "value"): Attribute 'value' of object 'Object Repository/PharmacyRequest/Page_Store/input_txtprice' is: '9990'

2018-05-15 17:01:05 - [MESSAGE][PASSED] - Attribute 'value' of object 'Object Repository/PharmacyRequest/Page_Store/input_txtprice' is: '9990'

2018-05-15 17:01:05 - [TEST_STEP][PASSED] - Statement - out.println("Stock QTY : " + StockQty): null

2018-05-15 17:01:05 - [TEST_STEP][PASSED] - delay: Delayed 1 second(s)

2018-05-15 17:01:06 - [MESSAGE][PASSED] - Delayed 1 second(s)

2018-05-15 17:01:06 - [TEST_STEP][PASSED] - Statement - If (java.lang.Integer.valueOf(StockQty) >= java.lang.Integer.valueOf(RequestedQty)): null

2018-05-15 17:01:06 - [TEST_STEP][PASSED] - setText: Text '10' is set on object 'Object Repository/PharmacyRequest/Page_Store/input_txtqty'

2018-05-15 17:01:06 - [MESSAGE][PASSED] - Text '10' is set on object 'Object Repository/PharmacyRequest/Page_Store/input_txtqty'

2018-05-15 17:01:06 - [TEST_STEP][PASSED] - click: Object: 'Object Repository/PharmacyRequest/Page_Store/button_Add' is clicked on

2018-05-15 17:01:11 - [MESSAGE][PASSED] - Object: 'Object Repository/PharmacyRequest/Page_Store/button_Add' is clicked on

2018-05-15 17:01:11 - [TEST_STEP][PASSED] - Statement - Break: null

2018-05-15 17:01:11 - [TEST_STEP][PASSED] - selectOptionByIndex: All options with index in [20] are selected on object 'Object Repository/PharmacyRequest/Page_Store/select_--Select--Amlodepin -5'

2018-05-15 17:01:12 - [MESSAGE][PASSED] - All options with index in [20] are selected on object 'Object Repository/PharmacyRequest/Page_Store/select_--Select--Amlodepin -5'

2018-05-15 17:01:12 - [TEST_STEP][PASSED] - delay: Delayed 1 second(s)

2018-05-15 17:01:13 - [MESSAGE][PASSED] - Delayed 1 second(s)

2018-05-15 17:01:13 - [TEST_STEP][PASSED] - Statement - RequestedQty = com.kms.katalon.core.webui.keyword.WebUiBuiltInKeywords.getAttribute(com.kms.katalon.core.testobject.ObjectRepository.findTestObject(PharmacyRequest/Page_Store/input_txttotal), "value"): Attribute 'value' of object 'Object Repository/PharmacyRequest/Page_Store/input_txttotal' is: '10'

2018-05-15 17:01:13 - [MESSAGE][PASSED] - Attribute 'value' of object 'Object Repository/PharmacyRequest/Page_Store/input_txttotal' is: '10'

2018-05-15 17:01:13 - [TEST_STEP][PASSED] - Statement - out.println("Requested QTY : " + RequestedQty): null

2018-05-15 17:01:13 - [TEST_STEP][PASSED] - Statement - BatchNumber = com.kms.katalon.core.webui.keyword.WebUiBuiltInKeywords.getNumberOfTotalOption(com.kms.katalon.core.testobject.ObjectRepository.findTestObject(PharmacyRequest/Page_Store/select_--Select--BA50)): 2 options of object 'Object Repository/PharmacyRequest/Page_Store/select_--Select--BA50' counted

2018-05-15 17:01:13 - [MESSAGE][PASSED] - 2 options of object 'Object Repository/PharmacyRequest/Page_Store/select_--Select--BA50' counted

2018-05-15 17:01:13 - [TEST_STEP][PASSED] - Statement - For ([g = 1, g <= BatchNumber - 1, (g++)]): null

2018-05-15 17:01:13 - [TEST_STEP][PASSED] - selectOptionByIndex: All options with index in [1] are selected on object 'Object Repository/PharmacyRequest/Page_Store/select_--Select--BA50'

2018-05-15 17:01:13 - [MESSAGE][PASSED] - All options with index in [1] are selected on object 'Object Repository/PharmacyRequest/Page_Store/select_--Select--BA50'

2018-05-15 17:01:13 - [TEST_STEP][PASSED] - delay: Delayed 2 second(s)

2018-05-15 17:01:15 - [MESSAGE][PASSED] - Delayed 2 second(s)

2018-05-15 17:01:15 - [TEST_STEP][PASSED] - Statement - StockQty = com.kms.katalon.core.webui.keyword.WebUiBuiltInKeywords.getAttribute(com.kms.katalon.core.testobject.ObjectRepository.findTestObject(PharmacyRequest/Page_Store/input_txtprice), "value"): Attribute 'value' of object 'Object Repository/PharmacyRequest/Page_Store/input_txtprice' is: '10000'

2018-05-15 17:01:15 - [MESSAGE][PASSED] - Attribute 'value' of object 'Object Repository/PharmacyRequest/Page_Store/input_txtprice' is: '10000'

2018-05-15 17:01:15 - [TEST_STEP][PASSED] - Statement - out.println("Stock QTY : " + StockQty): null

2018-05-15 17:01:15 - [TEST_STEP][PASSED] - delay: Delayed 1 second(s)

2018-05-15 17:01:16 - [MESSAGE][PASSED] - Delayed 1 second(s)

2018-05-15 17:01:16 - [TEST_STEP][PASSED] - Statement - If (java.lang.Integer.valueOf(StockQty) >= java.lang.Integer.valueOf(RequestedQty)): null

2018-05-15 17:01:16 - [TEST_STEP][PASSED] - setText: Text '10' is set on object 'Object Repository/PharmacyRequest/Page_Store/input_txtqty'

2018-05-15 17:01:16 - [MESSAGE][PASSED] - Text '10' is set on object 'Object Repository/PharmacyRequest/Page_Store/input_txtqty'

2018-05-15 17:01:16 - [TEST_STEP][PASSED] - click: Object: 'Object Repository/PharmacyRequest/Page_Store/button_Add' is clicked on

2018-05-15 17:01:21 - [MESSAGE][PASSED] - Object: 'Object Repository/PharmacyRequest/Page_Store/button_Add' is clicked on

2018-05-15 17:01:21 - [TEST_STEP][PASSED] - Statement - Break: null

2018-05-15 17:01:21 - [TEST_STEP][PASSED] - selectOptionByIndex: All options with index in [21] are selected on object 'Object Repository/PharmacyRequest/Page_Store/select_--Select--Amlodepin -5'

2018-05-15 17:01:21 - [MESSAGE][PASSED] - All options with index in [21] are selected on object 'Object Repository/PharmacyRequest/Page_Store/select_--Select--Amlodepin -5'

2018-05-15 17:01:21 - [TEST_STEP][PASSED] - delay: Delayed 1 second(s)

2018-05-15 17:01:22 - [MESSAGE][PASSED] - Delayed 1 second(s)

2018-05-15 17:01:22 - [TEST_STEP][PASSED] - Statement - RequestedQty = com.kms.katalon.core.webui.keyword.WebUiBuiltInKeywords.getAttribute(com.kms.katalon.core.testobject.ObjectRepository.findTestObject(PharmacyRequest/Page_Store/input_txttotal), "value"): Attribute 'value' of object 'Object Repository/PharmacyRequest/Page_Store/input_txttotal' is: '10'

2018-05-15 17:01:23 - [MESSAGE][PASSED] - Attribute 'value' of object 'Object Repository/PharmacyRequest/Page_Store/input_txttotal' is: '10'

2018-05-15 17:01:23 - [TEST_STEP][PASSED] - Statement - out.println("Requested QTY : " + RequestedQty): null

2018-05-15 17:01:23 - [TEST_STEP][PASSED] - Statement - BatchNumber = com.kms.katalon.core.webui.keyword.WebUiBuiltInKeywords.getNumberOfTotalOption(com.kms.katalon.core.testobject.ObjectRepository.findTestObject(PharmacyRequest/Page_Store/select_--Select--BA50)): 2 options of object 'Object Repository/PharmacyRequest/Page_Store/select_--Select--BA50' counted

2018-05-15 17:01:23 - [MESSAGE][PASSED] - 2 options of object 'Object Repository/PharmacyRequest/Page_Store/select_--Select--BA50' counted

2018-05-15 17:01:23 - [TEST_STEP][PASSED] - Statement - For ([g = 1, g <= BatchNumber - 1, (g++)]): null

2018-05-15 17:01:23 - [TEST_STEP][PASSED] - selectOptionByIndex: All options with index in [1] are selected on object 'Object Repository/PharmacyRequest/Page_Store/select_--Select--BA50'

2018-05-15 17:01:23 - [MESSAGE][PASSED] - All options with index in [1] are selected on object 'Object Repository/PharmacyRequest/Page_Store/select_--Select--BA50'

2018-05-15 17:01:23 - [TEST_STEP][PASSED] - delay: Delayed 2 second(s)

2018-05-15 17:01:25 - [MESSAGE][PASSED] - Delayed 2 second(s)

2018-05-15 17:01:25 - [TEST_STEP][PASSED] - Statement - StockQty = com.kms.katalon.core.webui.keyword.WebUiBuiltInKeywords.getAttribute(com.kms.katalon.core.testobject.ObjectRepository.findTestObject(PharmacyRequest/Page_Store/input_txtprice), "value"): Attribute 'value' of object 'Object Repository/PharmacyRequest/Page_Store/input_txtprice' is: '9990'

2018-05-15 17:01:25 - [MESSAGE][PASSED] - Attribute 'value' of object 'Object Repository/PharmacyRequest/Page_Store/input_txtprice' is: '9990'

2018-05-15 17:01:25 - [TEST_STEP][PASSED] - Statement - out.println("Stock QTY : " + StockQty): null

2018-05-15 17:01:25 - [TEST_STEP][PASSED] - delay: Delayed 1 second(s)

2018-05-15 17:01:26 - [MESSAGE][PASSED] - Delayed 1 second(s)

2018-05-15 17:01:26 - [TEST_STEP][PASSED] - Statement - If (java.lang.Integer.valueOf(StockQty) >= java.lang.Integer.valueOf(RequestedQty)): null

2018-05-15 17:01:26 - [TEST_STEP][PASSED] - setText: Text '10' is set on object 'Object Repository/PharmacyRequest/Page_Store/input_txtqty'

2018-05-15 17:01:26 - [MESSAGE][PASSED] - Text '10' is set on object 'Object Repository/PharmacyRequest/Page_Store/input_txtqty'

2018-05-15 17:01:26 - [TEST_STEP][PASSED] - click: Object: 'Object Repository/PharmacyRequest/Page_Store/button_Add' is clicked on

2018-05-15 17:01:31 - [MESSAGE][PASSED] - Object: 'Object Repository/PharmacyRequest/Page_Store/button_Add' is clicked on

2018-05-15 17:01:31 - [TEST_STEP][PASSED] - Statement - Break: null

2018-05-15 17:01:31 - [TEST_STEP][PASSED] - selectOptionByIndex: All options with index in [22] are selected on object 'Object Repository/PharmacyRequest/Page_Store/select_--Select--Amlodepin -5'

2018-05-15 17:01:31 - [MESSAGE][PASSED] - All options with index in [22] are selected on object 'Object Repository/PharmacyRequest/Page_Store/select_--Select--Amlodepin -5'

2018-05-15 17:01:31 - [TEST_STEP][PASSED] - delay: Delayed 1 second(s)

2018-05-15 17:01:32 - [MESSAGE][PASSED] - Delayed 1 second(s)

2018-05-15 17:01:32 - [TEST_STEP][PASSED] - Statement - RequestedQty = com.kms.katalon.core.webui.keyword.WebUiBuiltInKeywords.getAttribute(com.kms.katalon.core.testobject.ObjectRepository.findTestObject(PharmacyRequest/Page_Store/input_txttotal), "value"): Attribute 'value' of object 'Object Repository/PharmacyRequest/Page_Store/input_txttotal' is: '10'

2018-05-15 17:01:32 - [MESSAGE][PASSED] - Attribute 'value' of object 'Object Repository/PharmacyRequest/Page_Store/input_txttotal' is: '10'

2018-05-15 17:01:32 - [TEST_STEP][PASSED] - Statement - out.println("Requested QTY : " + RequestedQty): null

2018-05-15 17:01:32 - [TEST_STEP][PASSED] - Statement - BatchNumber = com.kms.katalon.core.webui.keyword.WebUiBuiltInKeywords.getNumberOfTotalOption(com.kms.katalon.core.testobject.ObjectRepository.findTestObject(PharmacyRequest/Page_Store/select_--Select--BA50)): 2 options of object 'Object Repository/PharmacyRequest/Page_Store/select_--Select--BA50' counted

2018-05-15 17:01:32 - [MESSAGE][PASSED] - 2 options of object 'Object Repository/PharmacyRequest/Page_Store/select_--Select--BA50' counted

2018-05-15 17:01:32 - [TEST_STEP][PASSED] - Statement - For ([g = 1, g <= BatchNumber - 1, (g++)]): null

2018-05-15 17:01:32 - [TEST_STEP][PASSED] - selectOptionByIndex: All options with index in [1] are selected on object 'Object Repository/PharmacyRequest/Page_Store/select_--Select--BA50'

2018-05-15 17:01:32 - [MESSAGE][PASSED] - All options with index in [1] are selected on object 'Object Repository/PharmacyRequest/Page_Store/select_--Select--BA50'

2018-05-15 17:01:32 - [TEST_STEP][PASSED] - delay: Delayed 2 second(s)

2018-05-15 17:01:34 - [MESSAGE][PASSED] - Delayed 2 second(s)

2018-05-15 17:01:34 - [TEST_STEP][PASSED] - Statement - StockQty = com.kms.katalon.core.webui.keyword.WebUiBuiltInKeywords.getAttribute(com.kms.katalon.core.testobject.ObjectRepository.findTestObject(PharmacyRequest/Page_Store/input_txtprice), "value"): Attribute 'value' of object 'Object Repository/PharmacyRequest/Page_Store/input_txtprice' is: '10000'

2018-05-15 17:01:34 - [MESSAGE][PASSED] - Attribute 'value' of object 'Object Repository/PharmacyRequest/Page_Store/input_txtprice' is: '10000'

2018-05-15 17:01:34 - [TEST_STEP][PASSED] - Statement - out.println("Stock QTY : " + StockQty): null

2018-05-15 17:01:34 - [TEST_STEP][PASSED] - delay: Delayed 1 second(s)

2018-05-15 17:01:35 - [MESSAGE][PASSED] - Delayed 1 second(s)

2018-05-15 17:01:35 - [TEST_STEP][PASSED] - Statement - If (java.lang.Integer.valueOf(StockQty) >= java.lang.Integer.valueOf(RequestedQty)): null

2018-05-15 17:01:35 - [TEST_STEP][PASSED] - setText: Text '10' is set on object 'Object Repository/PharmacyRequest/Page_Store/input_txtqty'

2018-05-15 17:01:36 - [MESSAGE][PASSED] - Text '10' is set on object 'Object Repository/PharmacyRequest/Page_Store/input_txtqty'

2018-05-15 17:01:36 - [TEST_STEP][PASSED] - click: Object: 'Object Repository/PharmacyRequest/Page_Store/button_Add' is clicked on

2018-05-15 17:01:41 - [MESSAGE][PASSED] - Object: 'Object Repository/PharmacyRequest/Page_Store/button_Add' is clicked on

2018-05-15 17:01:41 - [TEST_STEP][PASSED] - Statement - Break: null

2018-05-15 17:01:41 - [TEST_STEP][PASSED] - selectOptionByIndex: All options with index in [23] are selected on object 'Object Repository/PharmacyRequest/Page_Store/select_--Select--Amlodepin -5'

2018-05-15 17:01:41 - [MESSAGE][PASSED] - All options with index in [23] are selected on object 'Object Repository/PharmacyRequest/Page_Store/select_--Select--Amlodepin -5'

2018-05-15 17:01:41 - [TEST_STEP][PASSED] - delay: Delayed 1 second(s)

2018-05-15 17:01:42 - [MESSAGE][PASSED] - Delayed 1 second(s)

2018-05-15 17:01:42 - [TEST_STEP][PASSED] - Statement - RequestedQty = com.kms.katalon.core.webui.keyword.WebUiBuiltInKeywords.getAttribute(com.kms.katalon.core.testobject.ObjectRepository.findTestObject(PharmacyRequest/Page_Store/input_txttotal), "value"): Attribute 'value' of object 'Object Repository/PharmacyRequest/Page_Store/input_txttotal' is: '10'

2018-05-15 17:01:42 - [MESSAGE][PASSED] - Attribute 'value' of object 'Object Repository/PharmacyRequest/Page_Store/input_txttotal' is: '10'

2018-05-15 17:01:42 - [TEST_STEP][PASSED] - Statement - out.println("Requested QTY : " + RequestedQty): null

2018-05-15 17:01:42 - [TEST_STEP][PASSED] - Statement - BatchNumber = com.kms.katalon.core.webui.keyword.WebUiBuiltInKeywords.getNumberOfTotalOption(com.kms.katalon.core.testobject.ObjectRepository.findTestObject(PharmacyRequest/Page_Store/select_--Select--BA50)): 2 options of object 'Object Repository/PharmacyRequest/Page_Store/select_--Select--BA50' counted

2018-05-15 17:01:42 - [MESSAGE][PASSED] - 2 options of object 'Object Repository/PharmacyRequest/Page_Store/select_--Select--BA50' counted

2018-05-15 17:01:42 - [TEST_STEP][PASSED] - Statement - For ([g = 1, g <= BatchNumber - 1, (g++)]): null

2018-05-15 17:01:42 - [TEST_STEP][PASSED] - selectOptionByIndex: All options with index in [1] are selected on object 'Object Repository/PharmacyRequest/Page_Store/select_--Select--BA50'

2018-05-15 17:01:42 - [MESSAGE][PASSED] - All options with index in [1] are selected on object 'Object Repository/PharmacyRequest/Page_Store/select_--Select--BA50'

2018-05-15 17:01:42 - [TEST_STEP][PASSED] - delay: Delayed 2 second(s)

2018-05-15 17:01:44 - [MESSAGE][PASSED] - Delayed 2 second(s)

2018-05-15 17:01:44 - [TEST_STEP][PASSED] - Statement - StockQty = com.kms.katalon.core.webui.keyword.WebUiBuiltInKeywords.getAttribute(com.kms.katalon.core.testobject.ObjectRepository.findTestObject(PharmacyRequest/Page_Store/input_txtprice), "value"): Attribute 'value' of object 'Object Repository/PharmacyRequest/Page_Store/input_txtprice' is: '10000'

2018-05-15 17:01:44 - [MESSAGE][PASSED] - Attribute 'value' of object 'Object Repository/PharmacyRequest/Page_Store/input_txtprice' is: '10000'

2018-05-15 17:01:44 - [TEST_STEP][PASSED] - Statement - out.println("Stock QTY : " + StockQty): null

2018-05-15 17:01:44 - [TEST_STEP][PASSED] - delay: Delayed 1 second(s)

2018-05-15 17:01:45 - [MESSAGE][PASSED] - Delayed 1 second(s)

2018-05-15 17:01:45 - [TEST_STEP][PASSED] - Statement - If (java.lang.Integer.valueOf(StockQty) >= java.lang.Integer.valueOf(RequestedQty)): null

2018-05-15 17:01:45 - [TEST_STEP][PASSED] - setText: Text '10' is set on object 'Object Repository/PharmacyRequest/Page_Store/input_txtqty'

2018-05-15 17:01:45 - [MESSAGE][PASSED] - Text '10' is set on object 'Object Repository/PharmacyRequest/Page_Store/input_txtqty'

2018-05-15 17:01:45 - [TEST_STEP][PASSED] - click: Object: 'Object Repository/PharmacyRequest/Page_Store/button_Add' is clicked on

2018-05-15 17:01:50 - [MESSAGE][PASSED] - Object: 'Object Repository/PharmacyRequest/Page_Store/button_Add' is clicked on

2018-05-15 17:01:50 - [TEST_STEP][PASSED] - Statement - Break: null

2018-05-15 17:01:50 - [TEST_STEP][PASSED] - selectOptionByIndex: All options with index in [24] are selected on object 'Object Repository/PharmacyRequest/Page_Store/select_--Select--Amlodepin -5'

2018-05-15 17:01:51 - [MESSAGE][PASSED] - All options with index in [24] are selected on object 'Object Repository/PharmacyRequest/Page_Store/select_--Select--Amlodepin -5'

2018-05-15 17:01:51 - [TEST_STEP][PASSED] - delay: Delayed 1 second(s)

2018-05-15 17:01:52 - [MESSAGE][PASSED] - Delayed 1 second(s)

2018-05-15 17:01:52 - [TEST_STEP][PASSED] - Statement - RequestedQty = com.kms.katalon.core.webui.keyword.WebUiBuiltInKeywords.getAttribute(com.kms.katalon.core.testobject.ObjectRepository.findTestObject(PharmacyRequest/Page_Store/input_txttotal), "value"): Attribute 'value' of object 'Object Repository/PharmacyRequest/Page_Store/input_txttotal' is: '10'

2018-05-15 17:01:52 - [MESSAGE][PASSED] - Attribute 'value' of object 'Object Repository/PharmacyRequest/Page_Store/input_txttotal' is: '10'

2018-05-15 17:01:52 - [TEST_STEP][PASSED] - Statement - out.println("Requested QTY : " + RequestedQty): null

2018-05-15 17:01:52 - [TEST_STEP][PASSED] - Statement - BatchNumber = com.kms.katalon.core.webui.keyword.WebUiBuiltInKeywords.getNumberOfTotalOption(com.kms.katalon.core.testobject.ObjectRepository.findTestObject(PharmacyRequest/Page_Store/select_--Select--BA50)): 2 options of object 'Object Repository/PharmacyRequest/Page_Store/select_--Select--BA50' counted

2018-05-15 17:01:52 - [MESSAGE][PASSED] - 2 options of object 'Object Repository/PharmacyRequest/Page_Store/select_--Select--BA50' counted

2018-05-15 17:01:52 - [TEST_STEP][PASSED] - Statement - For ([g = 1, g <= BatchNumber - 1, (g++)]): null

2018-05-15 17:01:52 - [TEST_STEP][PASSED] - selectOptionByIndex: All options with index in [1] are selected on object 'Object Repository/PharmacyRequest/Page_Store/select_--Select--BA50'

2018-05-15 17:01:52 - [MESSAGE][PASSED] - All options with index in [1] are selected on object 'Object Repository/PharmacyRequest/Page_Store/select_--Select--BA50'

2018-05-15 17:01:52 - [TEST_STEP][PASSED] - delay: Delayed 2 second(s)

2018-05-15 17:01:54 - [MESSAGE][PASSED] - Delayed 2 second(s)

2018-05-15 17:01:54 - [TEST_STEP][PASSED] - Statement - StockQty = com.kms.katalon.core.webui.keyword.WebUiBuiltInKeywords.getAttribute(com.kms.katalon.core.testobject.ObjectRepository.findTestObject(PharmacyRequest/Page_Store/input_txtprice), "value"): Attribute 'value' of object 'Object Repository/PharmacyRequest/Page_Store/input_txtprice' is: '9990'

2018-05-15 17:01:54 - [MESSAGE][PASSED] - Attribute 'value' of object 'Object Repository/PharmacyRequest/Page_Store/input_txtprice' is: '9990'

2018-05-15 17:01:54 - [TEST_STEP][PASSED] - Statement - out.println("Stock QTY : " + StockQty): null

2018-05-15 17:01:54 - [TEST_STEP][PASSED] - delay: Delayed 1 second(s)

2018-05-15 17:01:55 - [MESSAGE][PASSED] - Delayed 1 second(s)

2018-05-15 17:01:55 - [TEST_STEP][PASSED] - Statement - If (java.lang.Integer.valueOf(StockQty) >= java.lang.Integer.valueOf(RequestedQty)): null

2018-05-15 17:01:55 - [TEST_STEP][PASSED] - setText: Text '10' is set on object 'Object Repository/PharmacyRequest/Page_Store/input_txtqty'

2018-05-15 17:01:55 - [MESSAGE][PASSED] - Text '10' is set on object 'Object Repository/PharmacyRequest/Page_Store/input_txtqty'

2018-05-15 17:01:55 - [TEST_STEP][PASSED] - click: Object: 'Object Repository/PharmacyRequest/Page_Store/button_Add' is clicked on

2018-05-15 17:02:00 - [MESSAGE][PASSED] - Object: 'Object Repository/PharmacyRequest/Page_Store/button_Add' is clicked on

2018-05-15 17:02:00 - [TEST_STEP][PASSED] - Statement - Break: null

2018-05-15 17:02:00 - [TEST_STEP][PASSED] - selectOptionByIndex: All options with index in [25] are selected on object 'Object Repository/PharmacyRequest/Page_Store/select_--Select--Amlodepin -5'

2018-05-15 17:02:01 - [MESSAGE][PASSED] - All options with index in [25] are selected on object 'Object Repository/PharmacyRequest/Page_Store/select_--Select--Amlodepin -5'

2018-05-15 17:02:01 - [TEST_STEP][PASSED] - delay: Delayed 1 second(s)

2018-05-15 17:02:02 - [MESSAGE][PASSED] - Delayed 1 second(s)

2018-05-15 17:02:02 - [TEST_STEP][PASSED] - Statement - RequestedQty = com.kms.katalon.core.webui.keyword.WebUiBuiltInKeywords.getAttribute(com.kms.katalon.core.testobject.ObjectRepository.findTestObject(PharmacyRequest/Page_Store/input_txttotal), "value"): Attribute 'value' of object 'Object Repository/PharmacyRequest/Page_Store/input_txttotal' is: '10'

2018-05-15 17:02:02 - [MESSAGE][PASSED] - Attribute 'value' of object 'Object Repository/PharmacyRequest/Page_Store/input_txttotal' is: '10'

2018-05-15 17:02:02 - [TEST_STEP][PASSED] - Statement - out.println("Requested QTY : " + RequestedQty): null

2018-05-15 17:02:02 - [TEST_STEP][PASSED] - Statement - BatchNumber = com.kms.katalon.core.webui.keyword.WebUiBuiltInKeywords.getNumberOfTotalOption(com.kms.katalon.core.testobject.ObjectRepository.findTestObject(PharmacyRequest/Page_Store/select_--Select--BA50)): 2 options of object 'Object Repository/PharmacyRequest/Page_Store/select_--Select--BA50' counted

2018-05-15 17:02:02 - [MESSAGE][PASSED] - 2 options of object 'Object Repository/PharmacyRequest/Page_Store/select_--Select--BA50' counted

2018-05-15 17:02:02 - [TEST_STEP][PASSED] - Statement - For ([g = 1, g <= BatchNumber - 1, (g++)]): null

2018-05-15 17:02:02 - [TEST_STEP][PASSED] - selectOptionByIndex: All options with index in [1] are selected on object 'Object Repository/PharmacyRequest/Page_Store/select_--Select--BA50'

2018-05-15 17:02:02 - [MESSAGE][PASSED] - All options with index in [1] are selected on object 'Object Repository/PharmacyRequest/Page_Store/select_--Select--BA50'

2018-05-15 17:02:02 - [TEST_STEP][PASSED] - delay: Delayed 2 second(s)

2018-05-15 17:02:04 - [MESSAGE][PASSED] - Delayed 2 second(s)

2018-05-15 17:02:04 - [TEST_STEP][PASSED] - Statement - StockQty = com.kms.katalon.core.webui.keyword.WebUiBuiltInKeywords.getAttribute(com.kms.katalon.core.testobject.ObjectRepository.findTestObject(PharmacyRequest/Page_Store/input_txtprice), "value"): Attribute 'value' of object 'Object Repository/PharmacyRequest/Page_Store/input_txtprice' is: '10000'

2018-05-15 17:02:04 - [MESSAGE][PASSED] - Attribute 'value' of object 'Object Repository/PharmacyRequest/Page_Store/input_txtprice' is: '10000'

2018-05-15 17:02:04 - [TEST_STEP][PASSED] - Statement - out.println("Stock QTY : " + StockQty): null

2018-05-15 17:02:04 - [TEST_STEP][PASSED] - delay: Delayed 1 second(s)

2018-05-15 17:02:05 - [MESSAGE][PASSED] - Delayed 1 second(s)

2018-05-15 17:02:05 - [TEST_STEP][PASSED] - Statement - If (java.lang.Integer.valueOf(StockQty) >= java.lang.Integer.valueOf(RequestedQty)): null

2018-05-15 17:02:05 - [TEST_STEP][PASSED] - setText: Text '10' is set on object 'Object Repository/PharmacyRequest/Page_Store/input_txtqty'

2018-05-15 17:02:05 - [MESSAGE][PASSED] - Text '10' is set on object 'Object Repository/PharmacyRequest/Page_Store/input_txtqty'

2018-05-15 17:02:05 - [TEST_STEP][PASSED] - click: Object: 'Object Repository/PharmacyRequest/Page_Store/button_Add' is clicked on

2018-05-15 17:02:10 - [MESSAGE][PASSED] - Object: 'Object Repository/PharmacyRequest/Page_Store/button_Add' is clicked on

2018-05-15 17:02:10 - [TEST_STEP][PASSED] - Statement - Break: null

2018-05-15 17:02:10 - [TEST_STEP][PASSED] - selectOptionByIndex: All options with index in [26] are selected on object 'Object Repository/PharmacyRequest/Page_Store/select_--Select--Amlodepin -5'

2018-05-15 17:02:11 - [MESSAGE][PASSED] - All options with index in [26] are selected on object 'Object Repository/PharmacyRequest/Page_Store/select_--Select--Amlodepin -5'

2018-05-15 17:02:11 - [TEST_STEP][PASSED] - delay: Delayed 1 second(s)

2018-05-15 17:02:12 - [MESSAGE][PASSED] - Delayed 1 second(s)

2018-05-15 17:02:12 - [TEST_STEP][PASSED] - Statement - RequestedQty = com.kms.katalon.core.webui.keyword.WebUiBuiltInKeywords.getAttribute(com.kms.katalon.core.testobject.ObjectRepository.findTestObject(PharmacyRequest/Page_Store/input_txttotal), "value"): Attribute 'value' of object 'Object Repository/PharmacyRequest/Page_Store/input_txttotal' is: '10'

2018-05-15 17:02:12 - [MESSAGE][PASSED] - Attribute 'value' of object 'Object Repository/PharmacyRequest/Page_Store/input_txttotal' is: '10'

2018-05-15 17:02:12 - [TEST_STEP][PASSED] - Statement - out.println("Requested QTY : " + RequestedQty): null

2018-05-15 17:02:12 - [TEST_STEP][PASSED] - Statement - BatchNumber = com.kms.katalon.core.webui.keyword.WebUiBuiltInKeywords.getNumberOfTotalOption(com.kms.katalon.core.testobject.ObjectRepository.findTestObject(PharmacyRequest/Page_Store/select_--Select--BA50)): 2 options of object 'Object Repository/PharmacyRequest/Page_Store/select_--Select--BA50' counted

2018-05-15 17:02:12 - [MESSAGE][PASSED] - 2 options of object 'Object Repository/PharmacyRequest/Page_Store/select_--Select--BA50' counted

2018-05-15 17:02:12 - [TEST_STEP][PASSED] - Statement - For ([g = 1, g <= BatchNumber - 1, (g++)]): null

2018-05-15 17:02:12 - [TEST_STEP][PASSED] - selectOptionByIndex: All options with index in [1] are selected on object 'Object Repository/PharmacyRequest/Page_Store/select_--Select--BA50'

2018-05-15 17:02:12 - [MESSAGE][PASSED] - All options with index in [1] are selected on object 'Object Repository/PharmacyRequest/Page_Store/select_--Select--BA50'

2018-05-15 17:02:12 - [TEST_STEP][PASSED] - delay: Delayed 2 second(s)

2018-05-15 17:02:14 - [MESSAGE][PASSED] - Delayed 2 second(s)

2018-05-15 17:02:14 - [TEST_STEP][PASSED] - Statement - StockQty = com.kms.katalon.core.webui.keyword.WebUiBuiltInKeywords.getAttribute(com.kms.katalon.core.testobject.ObjectRepository.findTestObject(PharmacyRequest/Page_Store/input_txtprice), "value"): Attribute 'value' of object 'Object Repository/PharmacyRequest/Page_Store/input_txtprice' is: '10000'

2018-05-15 17:02:14 - [MESSAGE][PASSED] - Attribute 'value' of object 'Object Repository/PharmacyRequest/Page_Store/input_txtprice' is: '10000'

2018-05-15 17:02:14 - [TEST_STEP][PASSED] - Statement - out.println("Stock QTY : " + StockQty): null

2018-05-15 17:02:14 - [TEST_STEP][PASSED] - delay: Delayed 1 second(s)

2018-05-15 17:02:15 - [MESSAGE][PASSED] - Delayed 1 second(s)

2018-05-15 17:02:15 - [TEST_STEP][PASSED] - Statement - If (java.lang.Integer.valueOf(StockQty) >= java.lang.Integer.valueOf(RequestedQty)): null

2018-05-15 17:02:15 - [TEST_STEP][PASSED] - setText: Text '10' is set on object 'Object Repository/PharmacyRequest/Page_Store/input_txtqty'

2018-05-15 17:02:15 - [MESSAGE][PASSED] - Text '10' is set on object 'Object Repository/PharmacyRequest/Page_Store/input_txtqty'

2018-05-15 17:02:15 - [TEST_STEP][PASSED] - click: Object: 'Object Repository/PharmacyRequest/Page_Store/button_Add' is clicked on

2018-05-15 17:02:20 - [MESSAGE][PASSED] - Object: 'Object Repository/PharmacyRequest/Page_Store/button_Add' is clicked on

2018-05-15 17:02:20 - [TEST_STEP][PASSED] - Statement - Break: null

2018-05-15 17:02:20 - [TEST_STEP][PASSED] - selectOptionByIndex: All options with index in [27] are selected on object 'Object Repository/PharmacyRequest/Page_Store/select_--Select--Amlodepin -5'

2018-05-15 17:02:20 - [MESSAGE][PASSED] - All options with index in [27] are selected on object 'Object Repository/PharmacyRequest/Page_Store/select_--Select--Amlodepin -5'

2018-05-15 17:02:20 - [TEST_STEP][PASSED] - delay: Delayed 1 second(s)

2018-05-15 17:02:21 - [MESSAGE][PASSED] - Delayed 1 second(s)

2018-05-15 17:02:21 - [TEST_STEP][PASSED] - Statement - RequestedQty = com.kms.katalon.core.webui.keyword.WebUiBuiltInKeywords.getAttribute(com.kms.katalon.core.testobject.ObjectRepository.findTestObject(PharmacyRequest/Page_Store/input_txttotal), "value"): Attribute 'value' of object 'Object Repository/PharmacyRequest/Page_Store/input_txttotal' is: '10'

2018-05-15 17:02:22 - [MESSAGE][PASSED] - Attribute 'value' of object 'Object Repository/PharmacyRequest/Page_Store/input_txttotal' is: '10'

2018-05-15 17:02:22 - [TEST_STEP][PASSED] - Statement - out.println("Requested QTY : " + RequestedQty): null

2018-05-15 17:02:22 - [TEST_STEP][PASSED] - Statement - BatchNumber = com.kms.katalon.core.webui.keyword.WebUiBuiltInKeywords.getNumberOfTotalOption(com.kms.katalon.core.testobject.ObjectRepository.findTestObject(PharmacyRequest/Page_Store/select_--Select--BA50)): 2 options of object 'Object Repository/PharmacyRequest/Page_Store/select_--Select--BA50' counted

2018-05-15 17:02:22 - [MESSAGE][PASSED] - 2 options of object 'Object Repository/PharmacyRequest/Page_Store/select_--Select--BA50' counted

2018-05-15 17:02:22 - [TEST_STEP][PASSED] - Statement - For ([g = 1, g <= BatchNumber - 1, (g++)]): null

2018-05-15 17:02:22 - [TEST_STEP][PASSED] - selectOptionByIndex: All options with index in [1] are selected on object 'Object Repository/PharmacyRequest/Page_Store/select_--Select--BA50'

2018-05-15 17:02:22 - [MESSAGE][PASSED] - All options with index in [1] are selected on object 'Object Repository/PharmacyRequest/Page_Store/select_--Select--BA50'

2018-05-15 17:02:22 - [TEST_STEP][PASSED] - delay: Delayed 2 second(s)

2018-05-15 17:02:24 - [MESSAGE][PASSED] - Delayed 2 second(s)

2018-05-15 17:02:24 - [TEST_STEP][PASSED] - Statement - StockQty = com.kms.katalon.core.webui.keyword.WebUiBuiltInKeywords.getAttribute(com.kms.katalon.core.testobject.ObjectRepository.findTestObject(PharmacyRequest/Page_Store/input_txtprice), "value"): Attribute 'value' of object 'Object Repository/PharmacyRequest/Page_Store/input_txtprice' is: '9990'

2018-05-15 17:02:24 - [MESSAGE][PASSED] - Attribute 'value' of object 'Object Repository/PharmacyRequest/Page_Store/input_txtprice' is: '9990'

2018-05-15 17:02:24 - [TEST_STEP][PASSED] - Statement - out.println("Stock QTY : " + StockQty): null

2018-05-15 17:02:24 - [TEST_STEP][PASSED] - delay: Delayed 1 second(s)

2018-05-15 17:02:25 - [MESSAGE][PASSED] - Delayed 1 second(s)

2018-05-15 17:02:25 - [TEST_STEP][PASSED] - Statement - If (java.lang.Integer.valueOf(StockQty) >= java.lang.Integer.valueOf(RequestedQty)): null

2018-05-15 17:02:25 - [TEST_STEP][PASSED] - setText: Text '10' is set on object 'Object Repository/PharmacyRequest/Page_Store/input_txtqty'

2018-05-15 17:02:25 - [MESSAGE][PASSED] - Text '10' is set on object 'Object Repository/PharmacyRequest/Page_Store/input_txtqty'

2018-05-15 17:02:25 - [TEST_STEP][PASSED] - click: Object: 'Object Repository/PharmacyRequest/Page_Store/button_Add' is clicked on

2018-05-15 17:02:30 - [MESSAGE][PASSED] - Object: 'Object Repository/PharmacyRequest/Page_Store/button_Add' is clicked on

2018-05-15 17:02:30 - [TEST_STEP][PASSED] - Statement - Break: null

2018-05-15 17:02:30 - [TEST_STEP][PASSED] - selectOptionByIndex: All options with index in [28] are selected on object 'Object Repository/PharmacyRequest/Page_Store/select_--Select--Amlodepin -5'

2018-05-15 17:02:30 - [MESSAGE][PASSED] - All options with index in [28] are selected on object 'Object Repository/PharmacyRequest/Page_Store/select_--Select--Amlodepin -5'

2018-05-15 17:02:30 - [TEST_STEP][PASSED] - delay: Delayed 1 second(s)

2018-05-15 17:02:31 - [MESSAGE][PASSED] - Delayed 1 second(s)

2018-05-15 17:02:31 - [TEST_STEP][PASSED] - Statement - RequestedQty = com.kms.katalon.core.webui.keyword.WebUiBuiltInKeywords.getAttribute(com.kms.katalon.core.testobject.ObjectRepository.findTestObject(PharmacyRequest/Page_Store/input_txttotal), "value"): Attribute 'value' of object 'Object Repository/PharmacyRequest/Page_Store/input_txttotal' is: '10'

2018-05-15 17:02:31 - [MESSAGE][PASSED] - Attribute 'value' of object 'Object Repository/PharmacyRequest/Page_Store/input_txttotal' is: '10'

2018-05-15 17:02:31 - [TEST_STEP][PASSED] - Statement - out.println("Requested QTY : " + RequestedQty): null

2018-05-15 17:02:31 - [TEST_STEP][PASSED] - Statement - BatchNumber = com.kms.katalon.core.webui.keyword.WebUiBuiltInKeywords.getNumberOfTotalOption(com.kms.katalon.core.testobject.ObjectRepository.findTestObject(PharmacyRequest/Page_Store/select_--Select--BA50)): 2 options of object 'Object Repository/PharmacyRequest/Page_Store/select_--Select--BA50' counted

2018-05-15 17:02:31 - [MESSAGE][PASSED] - 2 options of object 'Object Repository/PharmacyRequest/Page_Store/select_--Select--BA50' counted

2018-05-15 17:02:31 - [TEST_STEP][PASSED] - Statement - For ([g = 1, g <= BatchNumber - 1, (g++)]): null

2018-05-15 17:02:31 - [TEST_STEP][PASSED] - selectOptionByIndex: All options with index in [1] are selected on object 'Object Repository/PharmacyRequest/Page_Store/select_--Select--BA50'

2018-05-15 17:02:32 - [MESSAGE][PASSED] - All options with index in [1] are selected on object 'Object Repository/PharmacyRequest/Page_Store/select_--Select--BA50'

2018-05-15 17:02:32 - [TEST_STEP][PASSED] - delay: Delayed 2 second(s)

2018-05-15 17:02:34 - [MESSAGE][PASSED] - Delayed 2 second(s)

2018-05-15 17:02:34 - [TEST_STEP][PASSED] - Statement - StockQty = com.kms.katalon.core.webui.keyword.WebUiBuiltInKeywords.getAttribute(com.kms.katalon.core.testobject.ObjectRepository.findTestObject(PharmacyRequest/Page_Store/input_txtprice), "value"): Attribute 'value' of object 'Object Repository/PharmacyRequest/Page_Store/input_txtprice' is: '10000'

2018-05-15 17:02:34 - [MESSAGE][PASSED] - Attribute 'value' of object 'Object Repository/PharmacyRequest/Page_Store/input_txtprice' is: '10000'

2018-05-15 17:02:34 - [TEST_STEP][PASSED] - Statement - out.println("Stock QTY : " + StockQty): null

2018-05-15 17:02:34 - [TEST_STEP][PASSED] - delay: Delayed 1 second(s)

2018-05-15 17:02:35 - [MESSAGE][PASSED] - Delayed 1 second(s)

2018-05-15 17:02:35 - [TEST_STEP][PASSED] - Statement - If (java.lang.Integer.valueOf(StockQty) >= java.lang.Integer.valueOf(RequestedQty)): null

2018-05-15 17:02:35 - [TEST_STEP][PASSED] - setText: Text '10' is set on object 'Object Repository/PharmacyRequest/Page_Store/input_txtqty'

2018-05-15 17:02:35 - [MESSAGE][PASSED] - Text '10' is set on object 'Object Repository/PharmacyRequest/Page_Store/input_txtqty'

2018-05-15 17:02:35 - [TEST_STEP][PASSED] - click: Object: 'Object Repository/PharmacyRequest/Page_Store/button_Add' is clicked on

2018-05-15 17:02:40 - [MESSAGE][PASSED] - Object: 'Object Repository/PharmacyRequest/Page_Store/button_Add' is clicked on

2018-05-15 17:02:40 - [TEST_STEP][PASSED] - Statement - Break: null

2018-05-15 17:02:40 - [TEST_STEP][PASSED] - selectOptionByIndex: All options with index in [29] are selected on object 'Object Repository/PharmacyRequest/Page_Store/select_--Select--Amlodepin -5'

2018-05-15 17:02:40 - [MESSAGE][PASSED] - All options with index in [29] are selected on object 'Object Repository/PharmacyRequest/Page_Store/select_--Select--Amlodepin -5'

2018-05-15 17:02:40 - [TEST_STEP][PASSED] - delay: Delayed 1 second(s)

2018-05-15 17:02:41 - [MESSAGE][PASSED] - Delayed 1 second(s)

2018-05-15 17:02:41 - [TEST_STEP][PASSED] - Statement - RequestedQty = com.kms.katalon.core.webui.keyword.WebUiBuiltInKeywords.getAttribute(com.kms.katalon.core.testobject.ObjectRepository.findTestObject(PharmacyRequest/Page_Store/input_txttotal), "value"): Attribute 'value' of object 'Object Repository/PharmacyRequest/Page_Store/input_txttotal' is: '10'

2018-05-15 17:02:41 - [MESSAGE][PASSED] - Attribute 'value' of object 'Object Repository/PharmacyRequest/Page_Store/input_txttotal' is: '10'

2018-05-15 17:02:41 - [TEST_STEP][PASSED] - Statement - out.println("Requested QTY : " + RequestedQty): null

2018-05-15 17:02:41 - [TEST_STEP][PASSED] - Statement - BatchNumber = com.kms.katalon.core.webui.keyword.WebUiBuiltInKeywords.getNumberOfTotalOption(com.kms.katalon.core.testobject.ObjectRepository.findTestObject(PharmacyRequest/Page_Store/select_--Select--BA50)): 2 options of object 'Object Repository/PharmacyRequest/Page_Store/select_--Select--BA50' counted

2018-05-15 17:02:41 - [MESSAGE][PASSED] - 2 options of object 'Object Repository/PharmacyRequest/Page_Store/select_--Select--BA50' counted

2018-05-15 17:02:41 - [TEST_STEP][PASSED] - Statement - For ([g = 1, g <= BatchNumber - 1, (g++)]): null

2018-05-15 17:02:41 - [TEST_STEP][PASSED] - selectOptionByIndex: All options with index in [1] are selected on object 'Object Repository/PharmacyRequest/Page_Store/select_--Select--BA50'

2018-05-15 17:02:41 - [MESSAGE][PASSED] - All options with index in [1] are selected on object 'Object Repository/PharmacyRequest/Page_Store/select_--Select--BA50'

2018-05-15 17:02:41 - [TEST_STEP][PASSED] - delay: Delayed 2 second(s)

2018-05-15 17:02:43 - [MESSAGE][PASSED] - Delayed 2 second(s)

2018-05-15 17:02:43 - [TEST_STEP][PASSED] - Statement - StockQty = com.kms.katalon.core.webui.keyword.WebUiBuiltInKeywords.getAttribute(com.kms.katalon.core.testobject.ObjectRepository.findTestObject(PharmacyRequest/Page_Store/input_txtprice), "value"): Attribute 'value' of object 'Object Repository/PharmacyRequest/Page_Store/input_txtprice' is: '9990'

2018-05-15 17:02:43 - [MESSAGE][PASSED] - Attribute 'value' of object 'Object Repository/PharmacyRequest/Page_Store/input_txtprice' is: '9990'

2018-05-15 17:02:43 - [TEST_STEP][PASSED] - Statement - out.println("Stock QTY : " + StockQty): null

2018-05-15 17:02:43 - [TEST_STEP][PASSED] - delay: Delayed 1 second(s)

2018-05-15 17:02:44 - [MESSAGE][PASSED] - Delayed 1 second(s)

2018-05-15 17:02:44 - [TEST_STEP][PASSED] - Statement - If (java.lang.Integer.valueOf(StockQty) >= java.lang.Integer.valueOf(RequestedQty)): null

2018-05-15 17:02:44 - [TEST_STEP][PASSED] - setText: Text '10' is set on object 'Object Repository/PharmacyRequest/Page_Store/input_txtqty'

2018-05-15 17:02:45 - [MESSAGE][PASSED] - Text '10' is set on object 'Object Repository/PharmacyRequest/Page_Store/input_txtqty'

2018-05-15 17:02:45 - [TEST_STEP][PASSED] - click: Object: 'Object Repository/PharmacyRequest/Page_Store/button_Add' is clicked on

2018-05-15 17:02:50 - [MESSAGE][PASSED] - Object: 'Object Repository/PharmacyRequest/Page_Store/button_Add' is clicked on

2018-05-15 17:02:50 - [TEST_STEP][PASSED] - Statement - Break: null

2018-05-15 17:02:50 - [TEST_STEP][PASSED] - selectOptionByIndex: All options with index in [30] are selected on object 'Object Repository/PharmacyRequest/Page_Store/select_--Select--Amlodepin -5'

2018-05-15 17:02:50 - [MESSAGE][PASSED] - All options with index in [30] are selected on object 'Object Repository/PharmacyRequest/Page_Store/select_--Select--Amlodepin -5'

2018-05-15 17:02:50 - [TEST_STEP][PASSED] - delay: Delayed 1 second(s)

2018-05-15 17:02:51 - [MESSAGE][PASSED] - Delayed 1 second(s)

2018-05-15 17:02:51 - [TEST_STEP][PASSED] - Statement - RequestedQty = com.kms.katalon.core.webui.keyword.WebUiBuiltInKeywords.getAttribute(com.kms.katalon.core.testobject.ObjectRepository.findTestObject(PharmacyRequest/Page_Store/input_txttotal), "value"): Attribute 'value' of object 'Object Repository/PharmacyRequest/Page_Store/input_txttotal' is: '10'

2018-05-15 17:02:51 - [MESSAGE][PASSED] - Attribute 'value' of object 'Object Repository/PharmacyRequest/Page_Store/input_txttotal' is: '10'

2018-05-15 17:02:51 - [TEST_STEP][PASSED] - Statement - out.println("Requested QTY : " + RequestedQty): null

2018-05-15 17:02:51 - [TEST_STEP][PASSED] - Statement - BatchNumber = com.kms.katalon.core.webui.keyword.WebUiBuiltInKeywords.getNumberOfTotalOption(com.kms.katalon.core.testobject.ObjectRepository.findTestObject(PharmacyRequest/Page_Store/select_--Select--BA50)): 2 options of object 'Object Repository/PharmacyRequest/Page_Store/select_--Select--BA50' counted

2018-05-15 17:02:51 - [MESSAGE][PASSED] - 2 options of object 'Object Repository/PharmacyRequest/Page_Store/select_--Select--BA50' counted

2018-05-15 17:02:51 - [TEST_STEP][PASSED] - Statement - For ([g = 1, g <= BatchNumber - 1, (g++)]): null

2018-05-15 17:02:51 - [TEST_STEP][PASSED] - selectOptionByIndex: All options with index in [1] are selected on object 'Object Repository/PharmacyRequest/Page_Store/select_--Select--BA50'

2018-05-15 17:02:51 - [MESSAGE][PASSED] - All options with index in [1] are selected on object 'Object Repository/PharmacyRequest/Page_Store/select_--Select--BA50'

2018-05-15 17:02:51 - [TEST_STEP][PASSED] - delay: Delayed 2 second(s)

2018-05-15 17:02:53 - [MESSAGE][PASSED] - Delayed 2 second(s)

2018-05-15 17:02:53 - [TEST_STEP][PASSED] - Statement - StockQty = com.kms.katalon.core.webui.keyword.WebUiBuiltInKeywords.getAttribute(com.kms.katalon.core.testobject.ObjectRepository.findTestObject(PharmacyRequest/Page_Store/input_txtprice), "value"): Attribute 'value' of object 'Object Repository/PharmacyRequest/Page_Store/input_txtprice' is: '9990'

2018-05-15 17:02:53 - [MESSAGE][PASSED] - Attribute 'value' of object 'Object Repository/PharmacyRequest/Page_Store/input_txtprice' is: '9990'

2018-05-15 17:02:53 - [TEST_STEP][PASSED] - Statement - out.println("Stock QTY : " + StockQty): null

2018-05-15 17:02:53 - [TEST_STEP][PASSED] - delay: Delayed 1 second(s)

2018-05-15 17:02:54 - [MESSAGE][PASSED] - Delayed 1 second(s)

2018-05-15 17:02:54 - [TEST_STEP][PASSED] - Statement - If (java.lang.Integer.valueOf(StockQty) >= java.lang.Integer.valueOf(RequestedQty)): null

2018-05-15 17:02:54 - [TEST_STEP][PASSED] - setText: Text '10' is set on object 'Object Repository/PharmacyRequest/Page_Store/input_txtqty'

2018-05-15 17:02:54 - [MESSAGE][PASSED] - Text '10' is set on object 'Object Repository/PharmacyRequest/Page_Store/input_txtqty'

2018-05-15 17:02:54 - [TEST_STEP][PASSED] - click: Object: 'Object Repository/PharmacyRequest/Page_Store/button_Add' is clicked on

2018-05-15 17:02:59 - [MESSAGE][PASSED] - Object: 'Object Repository/PharmacyRequest/Page_Store/button_Add' is clicked on

2018-05-15 17:02:59 - [TEST_STEP][PASSED] - Statement - Break: null

2018-05-15 17:02:59 - [TEST_STEP][PASSED] - selectOptionByIndex: All options with index in [31] are selected on object 'Object Repository/PharmacyRequest/Page_Store/select_--Select--Amlodepin -5'

2018-05-15 17:03:00 - [MESSAGE][PASSED] - All options with index in [31] are selected on object 'Object Repository/PharmacyRequest/Page_Store/select_--Select--Amlodepin -5'

2018-05-15 17:03:00 - [TEST_STEP][PASSED] - delay: Delayed 1 second(s)

2018-05-15 17:03:01 - [MESSAGE][PASSED] - Delayed 1 second(s)

2018-05-15 17:03:01 - [TEST_STEP][PASSED] - Statement - RequestedQty = com.kms.katalon.core.webui.keyword.WebUiBuiltInKeywords.getAttribute(com.kms.katalon.core.testobject.ObjectRepository.findTestObject(PharmacyRequest/Page_Store/input_txttotal), "value"): Attribute 'value' of object 'Object Repository/PharmacyRequest/Page_Store/input_txttotal' is: '10'

2018-05-15 17:03:01 - [MESSAGE][PASSED] - Attribute 'value' of object 'Object Repository/PharmacyRequest/Page_Store/input_txttotal' is: '10'

2018-05-15 17:03:01 - [TEST_STEP][PASSED] - Statement - out.println("Requested QTY : " + RequestedQty): null

2018-05-15 17:03:01 - [TEST_STEP][PASSED] - Statement - BatchNumber = com.kms.katalon.core.webui.keyword.WebUiBuiltInKeywords.getNumberOfTotalOption(com.kms.katalon.core.testobject.ObjectRepository.findTestObject(PharmacyRequest/Page_Store/select_--Select--BA50)): 2 options of object 'Object Repository/PharmacyRequest/Page_Store/select_--Select--BA50' counted

2018-05-15 17:03:01 - [MESSAGE][PASSED] - 2 options of object 'Object Repository/PharmacyRequest/Page_Store/select_--Select--BA50' counted

2018-05-15 17:03:01 - [TEST_STEP][PASSED] - Statement - For ([g = 1, g <= BatchNumber - 1, (g++)]): null

2018-05-15 17:03:01 - [TEST_STEP][PASSED] - selectOptionByIndex: All options with index in [1] are selected on object 'Object Repository/PharmacyRequest/Page_Store/select_--Select--BA50'

2018-05-15 17:03:01 - [MESSAGE][PASSED] - All options with index in [1] are selected on object 'Object Repository/PharmacyRequest/Page_Store/select_--Select--BA50'

2018-05-15 17:03:01 - [TEST_STEP][PASSED] - delay: Delayed 2 second(s)

2018-05-15 17:03:03 - [MESSAGE][PASSED] - Delayed 2 second(s)

2018-05-15 17:03:03 - [TEST_STEP][PASSED] - Statement - StockQty = com.kms.katalon.core.webui.keyword.WebUiBuiltInKeywords.getAttribute(com.kms.katalon.core.testobject.ObjectRepository.findTestObject(PharmacyRequest/Page_Store/input_txtprice), "value"): Attribute 'value' of object 'Object Repository/PharmacyRequest/Page_Store/input_txtprice' is: '10000'

2018-05-15 17:03:03 - [MESSAGE][PASSED] - Attribute 'value' of object 'Object Repository/PharmacyRequest/Page_Store/input_txtprice' is: '10000'

2018-05-15 17:03:03 - [TEST_STEP][PASSED] - Statement - out.println("Stock QTY : " + StockQty): null

2018-05-15 17:03:03 - [TEST_STEP][PASSED] - delay: Delayed 1 second(s)

2018-05-15 17:03:04 - [MESSAGE][PASSED] - Delayed 1 second(s)

2018-05-15 17:03:04 - [TEST_STEP][PASSED] - Statement - If (java.lang.Integer.valueOf(StockQty) >= java.lang.Integer.valueOf(RequestedQty)): null

2018-05-15 17:03:04 - [TEST_STEP][PASSED] - setText: Text '10' is set on object 'Object Repository/PharmacyRequest/Page_Store/input_txtqty'

2018-05-15 17:03:04 - [MESSAGE][PASSED] - Text '10' is set on object 'Object Repository/PharmacyRequest/Page_Store/input_txtqty'

2018-05-15 17:03:04 - [TEST_STEP][PASSED] - click: Object: 'Object Repository/PharmacyRequest/Page_Store/button_Add' is clicked on

2018-05-15 17:03:09 - [MESSAGE][PASSED] - Object: 'Object Repository/PharmacyRequest/Page_Store/button_Add' is clicked on

2018-05-15 17:03:09 - [TEST_STEP][PASSED] - Statement - Break: null

2018-05-15 17:03:09 - [TEST_STEP][PASSED] - selectOptionByIndex: All options with index in [32] are selected on object 'Object Repository/PharmacyRequest/Page_Store/select_--Select--Amlodepin -5'

2018-05-15 17:03:10 - [MESSAGE][PASSED] - All options with index in [32] are selected on object 'Object Repository/PharmacyRequest/Page_Store/select_--Select--Amlodepin -5'

2018-05-15 17:03:10 - [TEST_STEP][PASSED] - delay: Delayed 1 second(s)

2018-05-15 17:03:11 - [MESSAGE][PASSED] - Delayed 1 second(s)

2018-05-15 17:03:11 - [TEST_STEP][PASSED] - Statement - RequestedQty = com.kms.katalon.core.webui.keyword.WebUiBuiltInKeywords.getAttribute(com.kms.katalon.core.testobject.ObjectRepository.findTestObject(PharmacyRequest/Page_Store/input_txttotal), "value"): Attribute 'value' of object 'Object Repository/PharmacyRequest/Page_Store/input_txttotal' is: '10'

2018-05-15 17:03:11 - [MESSAGE][PASSED] - Attribute 'value' of object 'Object Repository/PharmacyRequest/Page_Store/input_txttotal' is: '10'

2018-05-15 17:03:11 - [TEST_STEP][PASSED] - Statement - out.println("Requested QTY : " + RequestedQty): null

2018-05-15 17:03:11 - [TEST_STEP][PASSED] - Statement - BatchNumber = com.kms.katalon.core.webui.keyword.WebUiBuiltInKeywords.getNumberOfTotalOption(com.kms.katalon.core.testobject.ObjectRepository.findTestObject(PharmacyRequest/Page_Store/select_--Select--BA50)): 2 options of object 'Object Repository/PharmacyRequest/Page_Store/select_--Select--BA50' counted

2018-05-15 17:03:11 - [MESSAGE][PASSED] - 2 options of object 'Object Repository/PharmacyRequest/Page_Store/select_--Select--BA50' counted

2018-05-15 17:03:11 - [TEST_STEP][PASSED] - Statement - For ([g = 1, g <= BatchNumber - 1, (g++)]): null

2018-05-15 17:03:11 - [TEST_STEP][PASSED] - selectOptionByIndex: All options with index in [1] are selected on object 'Object Repository/PharmacyRequest/Page_Store/select_--Select--BA50'

2018-05-15 17:03:11 - [MESSAGE][PASSED] - All options with index in [1] are selected on object 'Object Repository/PharmacyRequest/Page_Store/select_--Select--BA50'

2018-05-15 17:03:11 - [TEST_STEP][PASSED] - delay: Delayed 2 second(s)

2018-05-15 17:03:13 - [MESSAGE][PASSED] - Delayed 2 second(s)

2018-05-15 17:03:13 - [TEST_STEP][PASSED] - Statement - StockQty = com.kms.katalon.core.webui.keyword.WebUiBuiltInKeywords.getAttribute(com.kms.katalon.core.testobject.ObjectRepository.findTestObject(PharmacyRequest/Page_Store/input_txtprice), "value"): Attribute 'value' of object 'Object Repository/PharmacyRequest/Page_Store/input_txtprice' is: '10000'

2018-05-15 17:03:13 - [MESSAGE][PASSED] - Attribute 'value' of object 'Object Repository/PharmacyRequest/Page_Store/input_txtprice' is: '10000'

2018-05-15 17:03:13 - [TEST_STEP][PASSED] - Statement - out.println("Stock QTY : " + StockQty): null

2018-05-15 17:03:13 - [TEST_STEP][PASSED] - delay: Delayed 1 second(s)

2018-05-15 17:03:14 - [MESSAGE][PASSED] - Delayed 1 second(s)

2018-05-15 17:03:14 - [TEST_STEP][PASSED] - Statement - If (java.lang.Integer.valueOf(StockQty) >= java.lang.Integer.valueOf(RequestedQty)): null

2018-05-15 17:03:14 - [TEST_STEP][PASSED] - setText: Text '10' is set on object 'Object Repository/PharmacyRequest/Page_Store/input_txtqty'

2018-05-15 17:03:14 - [MESSAGE][PASSED] - Text '10' is set on object 'Object Repository/PharmacyRequest/Page_Store/input_txtqty'

2018-05-15 17:03:14 - [TEST_STEP][PASSED] - click: Object: 'Object Repository/PharmacyRequest/Page_Store/button_Add' is clicked on

2018-05-15 17:03:19 - [MESSAGE][PASSED] - Object: 'Object Repository/PharmacyRequest/Page_Store/button_Add' is clicked on

2018-05-15 17:03:19 - [TEST_STEP][PASSED] - Statement - Break: null

2018-05-15 17:03:19 - [TEST_STEP][PASSED] - selectOptionByIndex: All options with index in [33] are selected on object 'Object Repository/PharmacyRequest/Page_Store/select_--Select--Amlodepin -5'

2018-05-15 17:03:20 - [MESSAGE][PASSED] - All options with index in [33] are selected on object 'Object Repository/PharmacyRequest/Page_Store/select_--Select--Amlodepin -5'

2018-05-15 17:03:20 - [TEST_STEP][PASSED] - delay: Delayed 1 second(s)

2018-05-15 17:03:21 - [MESSAGE][PASSED] - Delayed 1 second(s)

2018-05-15 17:03:21 - [TEST_STEP][PASSED] - Statement - RequestedQty = com.kms.katalon.core.webui.keyword.WebUiBuiltInKeywords.getAttribute(com.kms.katalon.core.testobject.ObjectRepository.findTestObject(PharmacyRequest/Page_Store/input_txttotal), "value"): Attribute 'value' of object 'Object Repository/PharmacyRequest/Page_Store/input_txttotal' is: '10'

2018-05-15 17:03:21 - [MESSAGE][PASSED] - Attribute 'value' of object 'Object Repository/PharmacyRequest/Page_Store/input_txttotal' is: '10'

2018-05-15 17:03:21 - [TEST_STEP][PASSED] - Statement - out.println("Requested QTY : " + RequestedQty): null

2018-05-15 17:03:21 - [TEST_STEP][PASSED] - Statement - BatchNumber = com.kms.katalon.core.webui.keyword.WebUiBuiltInKeywords.getNumberOfTotalOption(com.kms.katalon.core.testobject.ObjectRepository.findTestObject(PharmacyRequest/Page_Store/select_--Select--BA50)): 2 options of object 'Object Repository/PharmacyRequest/Page_Store/select_--Select--BA50' counted

2018-05-15 17:03:21 - [MESSAGE][PASSED] - 2 options of object 'Object Repository/PharmacyRequest/Page_Store/select_--Select--BA50' counted

2018-05-15 17:03:21 - [TEST_STEP][PASSED] - Statement - For ([g = 1, g <= BatchNumber - 1, (g++)]): null

2018-05-15 17:03:21 - [TEST_STEP][PASSED] - selectOptionByIndex: All options with index in [1] are selected on object 'Object Repository/PharmacyRequest/Page_Store/select_--Select--BA50'

2018-05-15 17:03:21 - [MESSAGE][PASSED] - All options with index in [1] are selected on object 'Object Repository/PharmacyRequest/Page_Store/select_--Select--BA50'

2018-05-15 17:03:21 - [TEST_STEP][PASSED] - delay: Delayed 2 second(s)

2018-05-15 17:03:23 - [MESSAGE][PASSED] - Delayed 2 second(s)

2018-05-15 17:03:23 - [TEST_STEP][PASSED] - Statement - StockQty = com.kms.katalon.core.webui.keyword.WebUiBuiltInKeywords.getAttribute(com.kms.katalon.core.testobject.ObjectRepository.findTestObject(PharmacyRequest/Page_Store/input_txtprice), "value"): Attribute 'value' of object 'Object Repository/PharmacyRequest/Page_Store/input_txtprice' is: '9990'

2018-05-15 17:03:23 - [MESSAGE][PASSED] - Attribute 'value' of object 'Object Repository/PharmacyRequest/Page_Store/input_txtprice' is: '9990'

2018-05-15 17:03:23 - [TEST_STEP][PASSED] - Statement - out.println("Stock QTY : " + StockQty): null

2018-05-15 17:03:23 - [TEST_STEP][PASSED] - delay: Delayed 1 second(s)

2018-05-15 17:03:24 - [MESSAGE][PASSED] - Delayed 1 second(s)

2018-05-15 17:03:24 - [TEST_STEP][PASSED] - Statement - If (java.lang.Integer.valueOf(StockQty) >= java.lang.Integer.valueOf(RequestedQty)): null

2018-05-15 17:03:24 - [TEST_STEP][PASSED] - setText: Text '10' is set on object 'Object Repository/PharmacyRequest/Page_Store/input_txtqty'

2018-05-15 17:03:24 - [MESSAGE][PASSED] - Text '10' is set on object 'Object Repository/PharmacyRequest/Page_Store/input_txtqty'

2018-05-15 17:03:24 - [TEST_STEP][PASSED] - click: Object: 'Object Repository/PharmacyRequest/Page_Store/button_Add' is clicked on

2018-05-15 17:03:29 - [MESSAGE][PASSED] - Object: 'Object Repository/PharmacyRequest/Page_Store/button_Add' is clicked on

2018-05-15 17:03:29 - [TEST_STEP][PASSED] - Statement - Break: null

2018-05-15 17:03:29 - [TEST_STEP][PASSED] - selectOptionByIndex: All options with index in [34] are selected on object 'Object Repository/PharmacyRequest/Page_Store/select_--Select--Amlodepin -5'

2018-05-15 17:03:30 - [MESSAGE][PASSED] - All options with index in [34] are selected on object 'Object Repository/PharmacyRequest/Page_Store/select_--Select--Amlodepin -5'

2018-05-15 17:03:30 - [TEST_STEP][PASSED] - delay: Delayed 1 second(s)

2018-05-15 17:03:31 - [MESSAGE][PASSED] - Delayed 1 second(s)

2018-05-15 17:03:31 - [TEST_STEP][PASSED] - Statement - RequestedQty = com.kms.katalon.core.webui.keyword.WebUiBuiltInKeywords.getAttribute(com.kms.katalon.core.testobject.ObjectRepository.findTestObject(PharmacyRequest/Page_Store/input_txttotal), "value"): Attribute 'value' of object 'Object Repository/PharmacyRequest/Page_Store/input_txttotal' is: '10'

2018-05-15 17:03:31 - [MESSAGE][PASSED] - Attribute 'value' of object 'Object Repository/PharmacyRequest/Page_Store/input_txttotal' is: '10'

2018-05-15 17:03:31 - [TEST_STEP][PASSED] - Statement - out.println("Requested QTY : " + RequestedQty): null

2018-05-15 17:03:31 - [TEST_STEP][PASSED] - Statement - BatchNumber = com.kms.katalon.core.webui.keyword.WebUiBuiltInKeywords.getNumberOfTotalOption(com.kms.katalon.core.testobject.ObjectRepository.findTestObject(PharmacyRequest/Page_Store/select_--Select--BA50)): 2 options of object 'Object Repository/PharmacyRequest/Page_Store/select_--Select--BA50' counted

2018-05-15 17:03:31 - [MESSAGE][PASSED] - 2 options of object 'Object Repository/PharmacyRequest/Page_Store/select_--Select--BA50' counted

2018-05-15 17:03:31 - [TEST_STEP][PASSED] - Statement - For ([g = 1, g <= BatchNumber - 1, (g++)]): null

2018-05-15 17:03:31 - [TEST_STEP][PASSED] - selectOptionByIndex: All options with index in [1] are selected on object 'Object Repository/PharmacyRequest/Page_Store/select_--Select--BA50'

2018-05-15 17:03:31 - [MESSAGE][PASSED] - All options with index in [1] are selected on object 'Object Repository/PharmacyRequest/Page_Store/select_--Select--BA50'

2018-05-15 17:03:31 - [TEST_STEP][PASSED] - delay: Delayed 2 second(s)

2018-05-15 17:03:33 - [MESSAGE][PASSED] - Delayed 2 second(s)

2018-05-15 17:03:33 - [TEST_STEP][PASSED] - Statement - StockQty = com.kms.katalon.core.webui.keyword.WebUiBuiltInKeywords.getAttribute(com.kms.katalon.core.testobject.ObjectRepository.findTestObject(PharmacyRequest/Page_Store/input_txtprice), "value"): Attribute 'value' of object 'Object Repository/PharmacyRequest/Page_Store/input_txtprice' is: '9990'

2018-05-15 17:03:33 - [MESSAGE][PASSED] - Attribute 'value' of object 'Object Repository/PharmacyRequest/Page_Store/input_txtprice' is: '9990'

2018-05-15 17:03:33 - [TEST_STEP][PASSED] - Statement - out.println("Stock QTY : " + StockQty): null

2018-05-15 17:03:33 - [TEST_STEP][PASSED] - delay: Delayed 1 second(s)

2018-05-15 17:03:34 - [MESSAGE][PASSED] - Delayed 1 second(s)

2018-05-15 17:03:34 - [TEST_STEP][PASSED] - Statement - If (java.lang.Integer.valueOf(StockQty) >= java.lang.Integer.valueOf(RequestedQty)): null

2018-05-15 17:03:34 - [TEST_STEP][PASSED] - setText: Text '10' is set on object 'Object Repository/PharmacyRequest/Page_Store/input_txtqty'

2018-05-15 17:03:34 - [MESSAGE][PASSED] - Text '10' is set on object 'Object Repository/PharmacyRequest/Page_Store/input_txtqty'

2018-05-15 17:03:34 - [TEST_STEP][PASSED] - click: Object: 'Object Repository/PharmacyRequest/Page_Store/button_Add' is clicked on

2018-05-15 17:03:39 - [MESSAGE][PASSED] - Object: 'Object Repository/PharmacyRequest/Page_Store/button_Add' is clicked on

2018-05-15 17:03:39 - [TEST_STEP][PASSED] - Statement - Break: null

2018-05-15 17:03:39 - [TEST_STEP][PASSED] - selectOptionByIndex: All options with index in [35] are selected on object 'Object Repository/PharmacyRequest/Page_Store/select_--Select--Amlodepin -5'

2018-05-15 17:03:40 - [MESSAGE][PASSED] - All options with index in [35] are selected on object 'Object Repository/PharmacyRequest/Page_Store/select_--Select--Amlodepin -5'

2018-05-15 17:03:40 - [TEST_STEP][PASSED] - delay: Delayed 1 second(s)

2018-05-15 17:03:41 - [MESSAGE][PASSED] - Delayed 1 second(s)

2018-05-15 17:03:41 - [TEST_STEP][PASSED] - Statement - RequestedQty = com.kms.katalon.core.webui.keyword.WebUiBuiltInKeywords.getAttribute(com.kms.katalon.core.testobject.ObjectRepository.findTestObject(PharmacyRequest/Page_Store/input_txttotal), "value"): Attribute 'value' of object 'Object Repository/PharmacyRequest/Page_Store/input_txttotal' is: '10'

2018-05-15 17:03:41 - [MESSAGE][PASSED] - Attribute 'value' of object 'Object Repository/PharmacyRequest/Page_Store/input_txttotal' is: '10'

2018-05-15 17:03:41 - [TEST_STEP][PASSED] - Statement - out.println("Requested QTY : " + RequestedQty): null

2018-05-15 17:03:41 - [TEST_STEP][PASSED] - Statement - BatchNumber = com.kms.katalon.core.webui.keyword.WebUiBuiltInKeywords.getNumberOfTotalOption(com.kms.katalon.core.testobject.ObjectRepository.findTestObject(PharmacyRequest/Page_Store/select_--Select--BA50)): 2 options of object 'Object Repository/PharmacyRequest/Page_Store/select_--Select--BA50' counted

2018-05-15 17:03:41 - [MESSAGE][PASSED] - 2 options of object 'Object Repository/PharmacyRequest/Page_Store/select_--Select--BA50' counted

2018-05-15 17:03:41 - [TEST_STEP][PASSED] - Statement - For ([g = 1, g <= BatchNumber - 1, (g++)]): null

2018-05-15 17:03:41 - [TEST_STEP][PASSED] - selectOptionByIndex: All options with index in [1] are selected on object 'Object Repository/PharmacyRequest/Page_Store/select_--Select--BA50'

2018-05-15 17:03:41 - [MESSAGE][PASSED] - All options with index in [1] are selected on object 'Object Repository/PharmacyRequest/Page_Store/select_--Select--BA50'

2018-05-15 17:03:41 - [TEST_STEP][PASSED] - delay: Delayed 2 second(s)

2018-05-15 17:03:43 - [MESSAGE][PASSED] - Delayed 2 second(s)

2018-05-15 17:03:43 - [TEST_STEP][PASSED] - Statement - StockQty = com.kms.katalon.core.webui.keyword.WebUiBuiltInKeywords.getAttribute(com.kms.katalon.core.testobject.ObjectRepository.findTestObject(PharmacyRequest/Page_Store/input_txtprice), "value"): Attribute 'value' of object 'Object Repository/PharmacyRequest/Page_Store/input_txtprice' is: '10000'

2018-05-15 17:03:43 - [MESSAGE][PASSED] - Attribute 'value' of object 'Object Repository/PharmacyRequest/Page_Store/input_txtprice' is: '10000'

2018-05-15 17:03:43 - [TEST_STEP][PASSED] - Statement - out.println("Stock QTY : " + StockQty): null

2018-05-15 17:03:43 - [TEST_STEP][PASSED] - delay: Delayed 1 second(s)

2018-05-15 17:03:44 - [MESSAGE][PASSED] - Delayed 1 second(s)

2018-05-15 17:03:44 - [TEST_STEP][PASSED] - Statement - If (java.lang.Integer.valueOf(StockQty) >= java.lang.Integer.valueOf(RequestedQty)): null

2018-05-15 17:03:44 - [TEST_STEP][PASSED] - setText: Text '10' is set on object 'Object Repository/PharmacyRequest/Page_Store/input_txtqty'

2018-05-15 17:03:44 - [MESSAGE][PASSED] - Text '10' is set on object 'Object Repository/PharmacyRequest/Page_Store/input_txtqty'

2018-05-15 17:03:44 - [TEST_STEP][PASSED] - click: Object: 'Object Repository/PharmacyRequest/Page_Store/button_Add' is clicked on

2018-05-15 17:03:49 - [MESSAGE][PASSED] - Object: 'Object Repository/PharmacyRequest/Page_Store/button_Add' is clicked on

2018-05-15 17:03:49 - [TEST_STEP][PASSED] - Statement - Break: null

2018-05-15 17:03:49 - [TEST_STEP][PASSED] - selectOptionByIndex: All options with index in [36] are selected on object 'Object Repository/PharmacyRequest/Page_Store/select_--Select--Amlodepin -5'

2018-05-15 17:03:49 - [MESSAGE][PASSED] - All options with index in [36] are selected on object 'Object Repository/PharmacyRequest/Page_Store/select_--Select--Amlodepin -5'

2018-05-15 17:03:49 - [TEST_STEP][PASSED] - delay: Delayed 1 second(s)

2018-05-15 17:03:50 - [MESSAGE][PASSED] - Delayed 1 second(s)

2018-05-15 17:03:50 - [TEST_STEP][PASSED] - Statement - RequestedQty = com.kms.katalon.core.webui.keyword.WebUiBuiltInKeywords.getAttribute(com.kms.katalon.core.testobject.ObjectRepository.findTestObject(PharmacyRequest/Page_Store/input_txttotal), "value"): Attribute 'value' of object 'Object Repository/PharmacyRequest/Page_Store/input_txttotal' is: '10'

2018-05-15 17:03:51 - [MESSAGE][PASSED] - Attribute 'value' of object 'Object Repository/PharmacyRequest/Page_Store/input_txttotal' is: '10'

2018-05-15 17:03:51 - [TEST_STEP][PASSED] - Statement - out.println("Requested QTY : " + RequestedQty): null

2018-05-15 17:03:51 - [TEST_STEP][PASSED] - Statement - BatchNumber = com.kms.katalon.core.webui.keyword.WebUiBuiltInKeywords.getNumberOfTotalOption(com.kms.katalon.core.testobject.ObjectRepository.findTestObject(PharmacyRequest/Page_Store/select_--Select--BA50)): 2 options of object 'Object Repository/PharmacyRequest/Page_Store/select_--Select--BA50' counted

2018-05-15 17:03:51 - [MESSAGE][PASSED] - 2 options of object 'Object Repository/PharmacyRequest/Page_Store/select_--Select--BA50' counted

2018-05-15 17:03:51 - [TEST_STEP][PASSED] - Statement - For ([g = 1, g <= BatchNumber - 1, (g++)]): null

2018-05-15 17:03:51 - [TEST_STEP][PASSED] - selectOptionByIndex: All options with index in [1] are selected on object 'Object Repository/PharmacyRequest/Page_Store/select_--Select--BA50'

2018-05-15 17:03:51 - [MESSAGE][PASSED] - All options with index in [1] are selected on object 'Object Repository/PharmacyRequest/Page_Store/select_--Select--BA50'

2018-05-15 17:03:51 - [TEST_STEP][PASSED] - delay: Delayed 2 second(s)

2018-05-15 17:03:53 - [MESSAGE][PASSED] - Delayed 2 second(s)

2018-05-15 17:03:53 - [TEST_STEP][PASSED] - Statement - StockQty = com.kms.katalon.core.webui.keyword.WebUiBuiltInKeywords.getAttribute(com.kms.katalon.core.testobject.ObjectRepository.findTestObject(PharmacyRequest/Page_Store/input_txtprice), "value"): Attribute 'value' of object 'Object Repository/PharmacyRequest/Page_Store/input_txtprice' is: '10000'

2018-05-15 17:03:53 - [MESSAGE][PASSED] - Attribute 'value' of object 'Object Repository/PharmacyRequest/Page_Store/input_txtprice' is: '10000'

2018-05-15 17:03:53 - [TEST_STEP][PASSED] - Statement - out.println("Stock QTY : " + StockQty): null

2018-05-15 17:03:53 - [TEST_STEP][PASSED] - delay: Delayed 1 second(s)

2018-05-15 17:03:54 - [MESSAGE][PASSED] - Delayed 1 second(s)

2018-05-15 17:03:54 - [TEST_STEP][PASSED] - Statement - If (java.lang.Integer.valueOf(StockQty) >= java.lang.Integer.valueOf(RequestedQty)): null

2018-05-15 17:03:54 - [TEST_STEP][PASSED] - setText: Text '10' is set on object 'Object Repository/PharmacyRequest/Page_Store/input_txtqty'

2018-05-15 17:03:54 - [MESSAGE][PASSED] - Text '10' is set on object 'Object Repository/PharmacyRequest/Page_Store/input_txtqty'

2018-05-15 17:03:54 - [TEST_STEP][PASSED] - click: Object: 'Object Repository/PharmacyRequest/Page_Store/button_Add' is clicked on

2018-05-15 17:03:59 - [MESSAGE][PASSED] - Object: 'Object Repository/PharmacyRequest/Page_Store/button_Add' is clicked on

2018-05-15 17:03:59 - [TEST_STEP][PASSED] - Statement - Break: null

2018-05-15 17:03:59 - [TEST_STEP][PASSED] - selectOptionByIndex: All options with index in [37] are selected on object 'Object Repository/PharmacyRequest/Page_Store/select_--Select--Amlodepin -5'

2018-05-15 17:03:59 - [MESSAGE][PASSED] - All options with index in [37] are selected on object 'Object Repository/PharmacyRequest/Page_Store/select_--Select--Amlodepin -5'

2018-05-15 17:03:59 - [TEST_STEP][PASSED] - delay: Delayed 1 second(s)

2018-05-15 17:04:00 - [MESSAGE][PASSED] - Delayed 1 second(s)

2018-05-15 17:04:00 - [TEST_STEP][PASSED] - Statement - RequestedQty = com.kms.katalon.core.webui.keyword.WebUiBuiltInKeywords.getAttribute(com.kms.katalon.core.testobject.ObjectRepository.findTestObject(PharmacyRequest/Page_Store/input_txttotal), "value"): Attribute 'value' of object 'Object Repository/PharmacyRequest/Page_Store/input_txttotal' is: '10'

2018-05-15 17:04:00 - [MESSAGE][PASSED] - Attribute 'value' of object 'Object Repository/PharmacyRequest/Page_Store/input_txttotal' is: '10'

2018-05-15 17:04:00 - [TEST_STEP][PASSED] - Statement - out.println("Requested QTY : " + RequestedQty): null

2018-05-15 17:04:00 - [TEST_STEP][PASSED] - Statement - BatchNumber = com.kms.katalon.core.webui.keyword.WebUiBuiltInKeywords.getNumberOfTotalOption(com.kms.katalon.core.testobject.ObjectRepository.findTestObject(PharmacyRequest/Page_Store/select_--Select--BA50)): 2 options of object 'Object Repository/PharmacyRequest/Page_Store/select_--Select--BA50' counted

2018-05-15 17:04:01 - [MESSAGE][PASSED] - 2 options of object 'Object Repository/PharmacyRequest/Page_Store/select_--Select--BA50' counted

2018-05-15 17:04:01 - [TEST_STEP][PASSED] - Statement - For ([g = 1, g <= BatchNumber - 1, (g++)]): null

2018-05-15 17:04:01 - [TEST_STEP][PASSED] - selectOptionByIndex: All options with index in [1] are selected on object 'Object Repository/PharmacyRequest/Page_Store/select_--Select--BA50'

2018-05-15 17:04:01 - [MESSAGE][PASSED] - All options with index in [1] are selected on object 'Object Repository/PharmacyRequest/Page_Store/select_--Select--BA50'

2018-05-15 17:04:01 - [TEST_STEP][PASSED] - delay: Delayed 2 second(s)

2018-05-15 17:04:03 - [MESSAGE][PASSED] - Delayed 2 second(s)

2018-05-15 17:04:03 - [TEST_STEP][PASSED] - Statement - StockQty = com.kms.katalon.core.webui.keyword.WebUiBuiltInKeywords.getAttribute(com.kms.katalon.core.testobject.ObjectRepository.findTestObject(PharmacyRequest/Page_Store/input_txtprice), "value"): Attribute 'value' of object 'Object Repository/PharmacyRequest/Page_Store/input_txtprice' is: '10000'

2018-05-15 17:04:03 - [MESSAGE][PASSED] - Attribute 'value' of object 'Object Repository/PharmacyRequest/Page_Store/input_txtprice' is: '10000'

2018-05-15 17:04:03 - [TEST_STEP][PASSED] - Statement - out.println("Stock QTY : " + StockQty): null

2018-05-15 17:04:03 - [TEST_STEP][PASSED] - delay: Delayed 1 second(s)

2018-05-15 17:04:04 - [MESSAGE][PASSED] - Delayed 1 second(s)

2018-05-15 17:04:04 - [TEST_STEP][PASSED] - Statement - If (java.lang.Integer.valueOf(StockQty) >= java.lang.Integer.valueOf(RequestedQty)): null

2018-05-15 17:04:04 - [TEST_STEP][PASSED] - setText: Text '10' is set on object 'Object Repository/PharmacyRequest/Page_Store/input_txtqty'

2018-05-15 17:04:04 - [MESSAGE][PASSED] - Text '10' is set on object 'Object Repository/PharmacyRequest/Page_Store/input_txtqty'

2018-05-15 17:04:04 - [TEST_STEP][PASSED] - click: Object: 'Object Repository/PharmacyRequest/Page_Store/button_Add' is clicked on

2018-05-15 17:04:09 - [MESSAGE][PASSED] - Object: 'Object Repository/PharmacyRequest/Page_Store/button_Add' is clicked on

2018-05-15 17:04:09 - [TEST_STEP][PASSED] - Statement - Break: null

2018-05-15 17:04:09 - [TEST_STEP][PASSED] - selectOptionByIndex: All options with index in [38] are selected on object 'Object Repository/PharmacyRequest/Page_Store/select_--Select--Amlodepin -5'

2018-05-15 17:04:09 - [MESSAGE][PASSED] - All options with index in [38] are selected on object 'Object Repository/PharmacyRequest/Page_Store/select_--Select--Amlodepin -5'

2018-05-15 17:04:09 - [TEST_STEP][PASSED] - delay: Delayed 1 second(s)

2018-05-15 17:04:10 - [MESSAGE][PASSED] - Delayed 1 second(s)

2018-05-15 17:04:10 - [TEST_STEP][PASSED] - Statement - RequestedQty = com.kms.katalon.core.webui.keyword.WebUiBuiltInKeywords.getAttribute(com.kms.katalon.core.testobject.ObjectRepository.findTestObject(PharmacyRequest/Page_Store/input_txttotal), "value"): Attribute 'value' of object 'Object Repository/PharmacyRequest/Page_Store/input_txttotal' is: '10'

2018-05-15 17:04:10 - [MESSAGE][PASSED] - Attribute 'value' of object 'Object Repository/PharmacyRequest/Page_Store/input_txttotal' is: '10'

2018-05-15 17:04:10 - [TEST_STEP][PASSED] - Statement - out.println("Requested QTY : " + RequestedQty): null

2018-05-15 17:04:10 - [TEST_STEP][PASSED] - Statement - BatchNumber = com.kms.katalon.core.webui.keyword.WebUiBuiltInKeywords.getNumberOfTotalOption(com.kms.katalon.core.testobject.ObjectRepository.findTestObject(PharmacyRequest/Page_Store/select_--Select--BA50)): 2 options of object 'Object Repository/PharmacyRequest/Page_Store/select_--Select--BA50' counted

2018-05-15 17:04:10 - [MESSAGE][PASSED] - 2 options of object 'Object Repository/PharmacyRequest/Page_Store/select_--Select--BA50' counted

2018-05-15 17:04:10 - [TEST_STEP][PASSED] - Statement - For ([g = 1, g <= BatchNumber - 1, (g++)]): null

2018-05-15 17:04:10 - [TEST_STEP][PASSED] - selectOptionByIndex: All options with index in [1] are selected on object 'Object Repository/PharmacyRequest/Page_Store/select_--Select--BA50'

2018-05-15 17:04:11 - [MESSAGE][PASSED] - All options with index in [1] are selected on object 'Object Repository/PharmacyRequest/Page_Store/select_--Select--BA50'

2018-05-15 17:04:11 - [TEST_STEP][PASSED] - delay: Delayed 2 second(s)

2018-05-15 17:04:13 - [MESSAGE][PASSED] - Delayed 2 second(s)

2018-05-15 17:04:13 - [TEST_STEP][PASSED] - Statement - StockQty = com.kms.katalon.core.webui.keyword.WebUiBuiltInKeywords.getAttribute(com.kms.katalon.core.testobject.ObjectRepository.findTestObject(PharmacyRequest/Page_Store/input_txtprice), "value"): Attribute 'value' of object 'Object Repository/PharmacyRequest/Page_Store/input_txtprice' is: '10000'

2018-05-15 17:04:13 - [MESSAGE][PASSED] - Attribute 'value' of object 'Object Repository/PharmacyRequest/Page_Store/input_txtprice' is: '10000'

2018-05-15 17:04:13 - [TEST_STEP][PASSED] - Statement - out.println("Stock QTY : " + StockQty): null

2018-05-15 17:04:13 - [TEST_STEP][PASSED] - delay: Delayed 1 second(s)

2018-05-15 17:04:14 - [MESSAGE][PASSED] - Delayed 1 second(s)

2018-05-15 17:04:14 - [TEST_STEP][PASSED] - Statement - If (java.lang.Integer.valueOf(StockQty) >= java.lang.Integer.valueOf(RequestedQty)): null

2018-05-15 17:04:14 - [TEST_STEP][PASSED] - setText: Text '10' is set on object 'Object Repository/PharmacyRequest/Page_Store/input_txtqty'

2018-05-15 17:04:14 - [MESSAGE][PASSED] - Text '10' is set on object 'Object Repository/PharmacyRequest/Page_Store/input_txtqty'

2018-05-15 17:04:14 - [TEST_STEP][PASSED] - click: Object: 'Object Repository/PharmacyRequest/Page_Store/button_Add' is clicked on

2018-05-15 17:04:18 - [MESSAGE][PASSED] - Object: 'Object Repository/PharmacyRequest/Page_Store/button_Add' is clicked on

2018-05-15 17:04:18 - [TEST_STEP][PASSED] - Statement - Break: null

2018-05-15 17:04:18 - [TEST_STEP][PASSED] - selectOptionByIndex: All options with index in [39] are selected on object 'Object Repository/PharmacyRequest/Page_Store/select_--Select--Amlodepin -5'

2018-05-15 17:04:19 - [MESSAGE][PASSED] - All options with index in [39] are selected on object 'Object Repository/PharmacyRequest/Page_Store/select_--Select--Amlodepin -5'

2018-05-15 17:04:19 - [TEST_STEP][PASSED] - delay: Delayed 1 second(s)

2018-05-15 17:04:20 - [MESSAGE][PASSED] - Delayed 1 second(s)

2018-05-15 17:04:20 - [TEST_STEP][PASSED] - Statement - RequestedQty = com.kms.katalon.core.webui.keyword.WebUiBuiltInKeywords.getAttribute(com.kms.katalon.core.testobject.ObjectRepository.findTestObject(PharmacyRequest/Page_Store/input_txttotal), "value"): Attribute 'value' of object 'Object Repository/PharmacyRequest/Page_Store/input_txttotal' is: '10'

2018-05-15 17:04:20 - [MESSAGE][PASSED] - Attribute 'value' of object 'Object Repository/PharmacyRequest/Page_Store/input_txttotal' is: '10'

2018-05-15 17:04:20 - [TEST_STEP][PASSED] - Statement - out.println("Requested QTY : " + RequestedQty): null

2018-05-15 17:04:20 - [TEST_STEP][PASSED] - Statement - BatchNumber = com.kms.katalon.core.webui.keyword.WebUiBuiltInKeywords.getNumberOfTotalOption(com.kms.katalon.core.testobject.ObjectRepository.findTestObject(PharmacyRequest/Page_Store/select_--Select--BA50)): 2 options of object 'Object Repository/PharmacyRequest/Page_Store/select_--Select--BA50' counted

2018-05-15 17:04:20 - [MESSAGE][PASSED] - 2 options of object 'Object Repository/PharmacyRequest/Page_Store/select_--Select--BA50' counted

2018-05-15 17:04:20 - [TEST_STEP][PASSED] - Statement - For ([g = 1, g <= BatchNumber - 1, (g++)]): null

2018-05-15 17:04:20 - [TEST_STEP][PASSED] - selectOptionByIndex: All options with index in [1] are selected on object 'Object Repository/PharmacyRequest/Page_Store/select_--Select--BA50'

2018-05-15 17:04:20 - [MESSAGE][PASSED] - All options with index in [1] are selected on object 'Object Repository/PharmacyRequest/Page_Store/select_--Select--BA50'

2018-05-15 17:04:20 - [TEST_STEP][PASSED] - delay: Delayed 2 second(s)

2018-05-15 17:04:22 - [MESSAGE][PASSED] - Delayed 2 second(s)

2018-05-15 17:04:22 - [TEST_STEP][PASSED] - Statement - StockQty = com.kms.katalon.core.webui.keyword.WebUiBuiltInKeywords.getAttribute(com.kms.katalon.core.testobject.ObjectRepository.findTestObject(PharmacyRequest/Page_Store/input_txtprice), "value"): Attribute 'value' of object 'Object Repository/PharmacyRequest/Page_Store/input_txtprice' is: '9990'

2018-05-15 17:04:22 - [MESSAGE][PASSED] - Attribute 'value' of object 'Object Repository/PharmacyRequest/Page_Store/input_txtprice' is: '9990'

2018-05-15 17:04:22 - [TEST_STEP][PASSED] - Statement - out.println("Stock QTY : " + StockQty): null

2018-05-15 17:04:22 - [TEST_STEP][PASSED] - delay: Delayed 1 second(s)

2018-05-15 17:04:23 - [MESSAGE][PASSED] - Delayed 1 second(s)

2018-05-15 17:04:23 - [TEST_STEP][PASSED] - Statement - If (java.lang.Integer.valueOf(StockQty) >= java.lang.Integer.valueOf(RequestedQty)): null

2018-05-15 17:04:23 - [TEST_STEP][PASSED] - setText: Text '10' is set on object 'Object Repository/PharmacyRequest/Page_Store/input_txtqty'

2018-05-15 17:04:23 - [MESSAGE][PASSED] - Text '10' is set on object 'Object Repository/PharmacyRequest/Page_Store/input_txtqty'

2018-05-15 17:04:23 - [TEST_STEP][PASSED] - click: Object: 'Object Repository/PharmacyRequest/Page_Store/button_Add' is clicked on

2018-05-15 17:04:23 - [MESSAGE][PASSED] - Object: 'Object Repository/PharmacyRequest/Page_Store/button_Add' is clicked on

2018-05-15 17:04:23 - [TEST_STEP][PASSED] - Statement - Break: null

2018-05-15 17:04:23 - [TEST_STEP][PASSED] - selectOptionByIndex: All options with index in [40] are selected on object 'Object Repository/PharmacyRequest/Page_Store/select_--Select--Amlodepin -5'

2018-05-15 17:04:24 - [MESSAGE][PASSED] - All options with index in [40] are selected on object 'Object Repository/PharmacyRequest/Page_Store/select_--Select--Amlodepin -5'

2018-05-15 17:04:24 - [TEST_STEP][PASSED] - delay: Delayed 1 second(s)

2018-05-15 17:04:25 - [MESSAGE][PASSED] - Delayed 1 second(s)

2018-05-15 17:04:25 - [TEST_STEP][PASSED] - Statement - RequestedQty = com.kms.katalon.core.webui.keyword.WebUiBuiltInKeywords.getAttribute(com.kms.katalon.core.testobject.ObjectRepository.findTestObject(PharmacyRequest/Page_Store/input_txttotal), "value"): Attribute 'value' of object 'Object Repository/PharmacyRequest/Page_Store/input_txttotal' is: '10'

2018-05-15 17:04:25 - [MESSAGE][PASSED] - Attribute 'value' of object 'Object Repository/PharmacyRequest/Page_Store/input_txttotal' is: '10'

2018-05-15 17:04:25 - [TEST_STEP][PASSED] - Statement - out.println("Requested QTY : " + RequestedQty): null

2018-05-15 17:04:25 - [TEST_STEP][PASSED] - Statement - BatchNumber = com.kms.katalon.core.webui.keyword.WebUiBuiltInKeywords.getNumberOfTotalOption(com.kms.katalon.core.testobject.ObjectRepository.findTestObject(PharmacyRequest/Page_Store/select_--Select--BA50)): 2 options of object 'Object Repository/PharmacyRequest/Page_Store/select_--Select--BA50' counted

2018-05-15 17:04:25 - [MESSAGE][PASSED] - 2 options of object 'Object Repository/PharmacyRequest/Page_Store/select_--Select--BA50' counted

2018-05-15 17:04:25 - [TEST_STEP][PASSED] - Statement - For ([g = 1, g <= BatchNumber - 1, (g++)]): null

2018-05-15 17:04:25 - [TEST_STEP][PASSED] - selectOptionByIndex: All options with index in [1] are selected on object 'Object Repository/PharmacyRequest/Page_Store/select_--Select--BA50'

2018-05-15 17:04:25 - [MESSAGE][PASSED] - All options with index in [1] are selected on object 'Object Repository/PharmacyRequest/Page_Store/select_--Select--BA50'

2018-05-15 17:04:25 - [TEST_STEP][PASSED] - delay: Delayed 2 second(s)

2018-05-15 17:04:27 - [MESSAGE][PASSED] - Delayed 2 second(s)

2018-05-15 17:04:27 - [TEST_STEP][PASSED] - Statement - StockQty = com.kms.katalon.core.webui.keyword.WebUiBuiltInKeywords.getAttribute(com.kms.katalon.core.testobject.ObjectRepository.findTestObject(PharmacyRequest/Page_Store/input_txtprice), "value"): Attribute 'value' of object 'Object Repository/PharmacyRequest/Page_Store/input_txtprice' is: '9990'

2018-05-15 17:04:27 - [MESSAGE][PASSED] - Attribute 'value' of object 'Object Repository/PharmacyRequest/Page_Store/input_txtprice' is: '9990'

2018-05-15 17:04:27 - [TEST_STEP][PASSED] - Statement - out.println("Stock QTY : " + StockQty): null

2018-05-15 17:04:27 - [TEST_STEP][PASSED] - delay: Delayed 1 second(s)

2018-05-15 17:04:28 - [MESSAGE][PASSED] - Delayed 1 second(s)

2018-05-15 17:04:28 - [TEST_STEP][PASSED] - Statement - If (java.lang.Integer.valueOf(StockQty) >= java.lang.Integer.valueOf(RequestedQty)): null

2018-05-15 17:04:28 - [TEST_STEP][PASSED] - setText: Text '10' is set on object 'Object Repository/PharmacyRequest/Page_Store/input_txtqty'

2018-05-15 17:04:28 - [MESSAGE][PASSED] - Text '10' is set on object 'Object Repository/PharmacyRequest/Page_Store/input_txtqty'

2018-05-15 17:04:28 - [TEST_STEP][PASSED] - click: Object: 'Object Repository/PharmacyRequest/Page_Store/button_Add' is clicked on

2018-05-15 17:04:28 - [MESSAGE][PASSED] - Object: 'Object Repository/PharmacyRequest/Page_Store/button_Add' is clicked on

2018-05-15 17:04:28 - [TEST_STEP][PASSED] - Statement - Break: null

2018-05-15 17:04:28 - [TEST_STEP][PASSED] - selectOptionByIndex: All options with index in [41] are selected on object 'Object Repository/PharmacyRequest/Page_Store/select_--Select--Amlodepin -5'

2018-05-15 17:04:29 - [MESSAGE][PASSED] - All options with index in [41] are selected on object 'Object Repository/PharmacyRequest/Page_Store/select_--Select--Amlodepin -5'

2018-05-15 17:04:29 - [TEST_STEP][PASSED] - delay: Delayed 1 second(s)

2018-05-15 17:04:30 - [MESSAGE][PASSED] - Delayed 1 second(s)

2018-05-15 17:04:30 - [TEST_STEP][PASSED] - Statement - RequestedQty = com.kms.katalon.core.webui.keyword.WebUiBuiltInKeywords.getAttribute(com.kms.katalon.core.testobject.ObjectRepository.findTestObject(PharmacyRequest/Page_Store/input_txttotal), "value"): Attribute 'value' of object 'Object Repository/PharmacyRequest/Page_Store/input_txttotal' is: '10'

2018-05-15 17:04:30 - [MESSAGE][PASSED] - Attribute 'value' of object 'Object Repository/PharmacyRequest/Page_Store/input_txttotal' is: '10'

2018-05-15 17:04:30 - [TEST_STEP][PASSED] - Statement - out.println("Requested QTY : " + RequestedQty): null

2018-05-15 17:04:30 - [TEST_STEP][PASSED] - Statement - BatchNumber = com.kms.katalon.core.webui.keyword.WebUiBuiltInKeywords.getNumberOfTotalOption(com.kms.katalon.core.testobject.ObjectRepository.findTestObject(PharmacyRequest/Page_Store/select_--Select--BA50)): 2 options of object 'Object Repository/PharmacyRequest/Page_Store/select_--Select--BA50' counted

2018-05-15 17:04:30 - [MESSAGE][PASSED] - 2 options of object 'Object Repository/PharmacyRequest/Page_Store/select_--Select--BA50' counted

2018-05-15 17:04:30 - [TEST_STEP][PASSED] - Statement - For ([g = 1, g <= BatchNumber - 1, (g++)]): null

2018-05-15 17:04:30 - [TEST_STEP][PASSED] - selectOptionByIndex: All options with index in [1] are selected on object 'Object Repository/PharmacyRequest/Page_Store/select_--Select--BA50'

2018-05-15 17:04:30 - [MESSAGE][PASSED] - All options with index in [1] are selected on object 'Object Repository/PharmacyRequest/Page_Store/select_--Select--BA50'

2018-05-15 17:04:30 - [TEST_STEP][PASSED] - delay: Delayed 2 second(s)

2018-05-15 17:04:32 - [MESSAGE][PASSED] - Delayed 2 second(s)

2018-05-15 17:04:32 - [TEST_STEP][PASSED] - Statement - StockQty = com.kms.katalon.core.webui.keyword.WebUiBuiltInKeywords.getAttribute(com.kms.katalon.core.testobject.ObjectRepository.findTestObject(PharmacyRequest/Page_Store/input_txtprice), "value"): Attribute 'value' of object 'Object Repository/PharmacyRequest/Page_Store/input_txtprice' is: '9990'

2018-05-15 17:04:32 - [MESSAGE][PASSED] - Attribute 'value' of object 'Object Repository/PharmacyRequest/Page_Store/input_txtprice' is: '9990'

2018-05-15 17:04:32 - [TEST_STEP][PASSED] - Statement - out.println("Stock QTY : " + StockQty): null

2018-05-15 17:04:32 - [TEST_STEP][PASSED] - delay: Delayed 1 second(s)

2018-05-15 17:04:33 - [MESSAGE][PASSED] - Delayed 1 second(s)

2018-05-15 17:04:33 - [TEST_STEP][PASSED] - Statement - If (java.lang.Integer.valueOf(StockQty) >= java.lang.Integer.valueOf(RequestedQty)): null

2018-05-15 17:04:33 - [TEST_STEP][PASSED] - setText: Text '10' is set on object 'Object Repository/PharmacyRequest/Page_Store/input_txtqty'

2018-05-15 17:04:33 - [MESSAGE][PASSED] - Text '10' is set on object 'Object Repository/PharmacyRequest/Page_Store/input_txtqty'

2018-05-15 17:04:33 - [TEST_STEP][PASSED] - click: Object: 'Object Repository/PharmacyRequest/Page_Store/button_Add' is clicked on

2018-05-15 17:04:38 - [MESSAGE][PASSED] - Object: 'Object Repository/PharmacyRequest/Page_Store/button_Add' is clicked on

2018-05-15 17:04:38 - [TEST_STEP][PASSED] - Statement - Break: null

2018-05-15 17:04:38 - [TEST_STEP][PASSED] - selectOptionByIndex: All options with index in [42] are selected on object 'Object Repository/PharmacyRequest/Page_Store/select_--Select--Amlodepin -5'

2018-05-15 17:04:39 - [MESSAGE][PASSED] - All options with index in [42] are selected on object 'Object Repository/PharmacyRequest/Page_Store/select_--Select--Amlodepin -5'

2018-05-15 17:04:39 - [TEST_STEP][PASSED] - delay: Delayed 1 second(s)

2018-05-15 17:04:40 - [MESSAGE][PASSED] - Delayed 1 second(s)

2018-05-15 17:04:40 - [TEST_STEP][PASSED] - Statement - RequestedQty = com.kms.katalon.core.webui.keyword.WebUiBuiltInKeywords.getAttribute(com.kms.katalon.core.testobject.ObjectRepository.findTestObject(PharmacyRequest/Page_Store/input_txttotal), "value"): Attribute 'value' of object 'Object Repository/PharmacyRequest/Page_Store/input_txttotal' is: '10'

2018-05-15 17:04:40 - [MESSAGE][PASSED] - Attribute 'value' of object 'Object Repository/PharmacyRequest/Page_Store/input_txttotal' is: '10'

2018-05-15 17:04:40 - [TEST_STEP][PASSED] - Statement - out.println("Requested QTY : " + RequestedQty): null

2018-05-15 17:04:40 - [TEST_STEP][PASSED] - Statement - BatchNumber = com.kms.katalon.core.webui.keyword.WebUiBuiltInKeywords.getNumberOfTotalOption(com.kms.katalon.core.testobject.ObjectRepository.findTestObject(PharmacyRequest/Page_Store/select_--Select--BA50)): 2 options of object 'Object Repository/PharmacyRequest/Page_Store/select_--Select--BA50' counted

2018-05-15 17:04:40 - [MESSAGE][PASSED] - 2 options of object 'Object Repository/PharmacyRequest/Page_Store/select_--Select--BA50' counted

2018-05-15 17:04:40 - [TEST_STEP][PASSED] - Statement - For ([g = 1, g <= BatchNumber - 1, (g++)]): null

2018-05-15 17:04:40 - [TEST_STEP][PASSED] - selectOptionByIndex: All options with index in [1] are selected on object 'Object Repository/PharmacyRequest/Page_Store/select_--Select--BA50'

2018-05-15 17:04:40 - [MESSAGE][PASSED] - All options with index in [1] are selected on object 'Object Repository/PharmacyRequest/Page_Store/select_--Select--BA50'

2018-05-15 17:04:40 - [TEST_STEP][PASSED] - delay: Delayed 2 second(s)

2018-05-15 17:04:42 - [MESSAGE][PASSED] - Delayed 2 second(s)

2018-05-15 17:04:42 - [TEST_STEP][PASSED] - Statement - StockQty = com.kms.katalon.core.webui.keyword.WebUiBuiltInKeywords.getAttribute(com.kms.katalon.core.testobject.ObjectRepository.findTestObject(PharmacyRequest/Page_Store/input_txtprice), "value"): Attribute 'value' of object 'Object Repository/PharmacyRequest/Page_Store/input_txtprice' is: '9990'

2018-05-15 17:04:42 - [MESSAGE][PASSED] - Attribute 'value' of object 'Object Repository/PharmacyRequest/Page_Store/input_txtprice' is: '9990'

2018-05-15 17:04:42 - [TEST_STEP][PASSED] - Statement - out.println("Stock QTY : " + StockQty): null

2018-05-15 17:04:42 - [TEST_STEP][PASSED] - delay: Delayed 1 second(s)

2018-05-15 17:04:43 - [MESSAGE][PASSED] - Delayed 1 second(s)

2018-05-15 17:04:43 - [TEST_STEP][PASSED] - Statement - If (java.lang.Integer.valueOf(StockQty) >= java.lang.Integer.valueOf(RequestedQty)): null

2018-05-15 17:04:43 - [TEST_STEP][PASSED] - setText: Text '10' is set on object 'Object Repository/PharmacyRequest/Page_Store/input_txtqty'

2018-05-15 17:04:43 - [MESSAGE][PASSED] - Text '10' is set on object 'Object Repository/PharmacyRequest/Page_Store/input_txtqty'

2018-05-15 17:04:43 - [TEST_STEP][PASSED] - click: Object: 'Object Repository/PharmacyRequest/Page_Store/button_Add' is clicked on

2018-05-15 17:04:48 - [MESSAGE][PASSED] - Object: 'Object Repository/PharmacyRequest/Page_Store/button_Add' is clicked on

2018-05-15 17:04:48 - [TEST_STEP][PASSED] - Statement - Break: null

2018-05-15 17:04:48 - [TEST_STEP][PASSED] - selectOptionByIndex: All options with index in [43] are selected on object 'Object Repository/PharmacyRequest/Page_Store/select_--Select--Amlodepin -5'

2018-05-15 17:04:49 - [MESSAGE][PASSED] - All options with index in [43] are selected on object 'Object Repository/PharmacyRequest/Page_Store/select_--Select--Amlodepin -5'

2018-05-15 17:04:49 - [TEST_STEP][PASSED] - delay: Delayed 1 second(s)

2018-05-15 17:04:50 - [MESSAGE][PASSED] - Delayed 1 second(s)

2018-05-15 17:04:50 - [TEST_STEP][PASSED] - Statement - RequestedQty = com.kms.katalon.core.webui.keyword.WebUiBuiltInKeywords.getAttribute(com.kms.katalon.core.testobject.ObjectRepository.findTestObject(PharmacyRequest/Page_Store/input_txttotal), "value"): Attribute 'value' of object 'Object Repository/PharmacyRequest/Page_Store/input_txttotal' is: '10'

2018-05-15 17:04:50 - [MESSAGE][PASSED] - Attribute 'value' of object 'Object Repository/PharmacyRequest/Page_Store/input_txttotal' is: '10'

2018-05-15 17:04:50 - [TEST_STEP][PASSED] - Statement - out.println("Requested QTY : " + RequestedQty): null

2018-05-15 17:04:50 - [TEST_STEP][PASSED] - Statement - BatchNumber = com.kms.katalon.core.webui.keyword.WebUiBuiltInKeywords.getNumberOfTotalOption(com.kms.katalon.core.testobject.ObjectRepository.findTestObject(PharmacyRequest/Page_Store/select_--Select--BA50)): 2 options of object 'Object Repository/PharmacyRequest/Page_Store/select_--Select--BA50' counted

2018-05-15 17:04:50 - [MESSAGE][PASSED] - 2 options of object 'Object Repository/PharmacyRequest/Page_Store/select_--Select--BA50' counted

2018-05-15 17:04:50 - [TEST_STEP][PASSED] - Statement - For ([g = 1, g <= BatchNumber - 1, (g++)]): null

2018-05-15 17:04:50 - [TEST_STEP][PASSED] - selectOptionByIndex: All options with index in [1] are selected on object 'Object Repository/PharmacyRequest/Page_Store/select_--Select--BA50'

2018-05-15 17:04:50 - [MESSAGE][PASSED] - All options with index in [1] are selected on object 'Object Repository/PharmacyRequest/Page_Store/select_--Select--BA50'

2018-05-15 17:04:50 - [TEST_STEP][PASSED] - delay: Delayed 2 second(s)

2018-05-15 17:04:52 - [MESSAGE][PASSED] - Delayed 2 second(s)

2018-05-15 17:04:52 - [TEST_STEP][PASSED] - Statement - StockQty = com.kms.katalon.core.webui.keyword.WebUiBuiltInKeywords.getAttribute(com.kms.katalon.core.testobject.ObjectRepository.findTestObject(PharmacyRequest/Page_Store/input_txtprice), "value"): Attribute 'value' of object 'Object Repository/PharmacyRequest/Page_Store/input_txtprice' is: '9990'

2018-05-15 17:04:52 - [MESSAGE][PASSED] - Attribute 'value' of object 'Object Repository/PharmacyRequest/Page_Store/input_txtprice' is: '9990'

2018-05-15 17:04:52 - [TEST_STEP][PASSED] - Statement - out.println("Stock QTY : " + StockQty): null

2018-05-15 17:04:52 - [TEST_STEP][PASSED] - delay: Delayed 1 second(s)

2018-05-15 17:04:53 - [MESSAGE][PASSED] - Delayed 1 second(s)

2018-05-15 17:04:53 - [TEST_STEP][PASSED] - Statement - If (java.lang.Integer.valueOf(StockQty) >= java.lang.Integer.valueOf(RequestedQty)): null

2018-05-15 17:04:53 - [TEST_STEP][PASSED] - setText: Text '10' is set on object 'Object Repository/PharmacyRequest/Page_Store/input_txtqty'

2018-05-15 17:04:53 - [MESSAGE][PASSED] - Text '10' is set on object 'Object Repository/PharmacyRequest/Page_Store/input_txtqty'

2018-05-15 17:04:53 - [TEST_STEP][PASSED] - click: Object: 'Object Repository/PharmacyRequest/Page_Store/button_Add' is clicked on

2018-05-15 17:04:58 - [MESSAGE][PASSED] - Object: 'Object Repository/PharmacyRequest/Page_Store/button_Add' is clicked on

2018-05-15 17:04:58 - [TEST_STEP][PASSED] - Statement - Break: null

2018-05-15 17:04:58 - [TEST_STEP][PASSED] - selectOptionByIndex: All options with index in [44] are selected on object 'Object Repository/PharmacyRequest/Page_Store/select_--Select--Amlodepin -5'

2018-05-15 17:04:59 - [MESSAGE][PASSED] - All options with index in [44] are selected on object 'Object Repository/PharmacyRequest/Page_Store/select_--Select--Amlodepin -5'

2018-05-15 17:04:59 - [TEST_STEP][PASSED] - delay: Delayed 1 second(s)

2018-05-15 17:05:00 - [MESSAGE][PASSED] - Delayed 1 second(s)

2018-05-15 17:05:00 - [TEST_STEP][PASSED] - Statement - RequestedQty = com.kms.katalon.core.webui.keyword.WebUiBuiltInKeywords.getAttribute(com.kms.katalon.core.testobject.ObjectRepository.findTestObject(PharmacyRequest/Page_Store/input_txttotal), "value"): Attribute 'value' of object 'Object Repository/PharmacyRequest/Page_Store/input_txttotal' is: '10'

2018-05-15 17:05:00 - [MESSAGE][PASSED] - Attribute 'value' of object 'Object Repository/PharmacyRequest/Page_Store/input_txttotal' is: '10'

2018-05-15 17:05:00 - [TEST_STEP][PASSED] - Statement - out.println("Requested QTY : " + RequestedQty): null

2018-05-15 17:05:00 - [TEST_STEP][PASSED] - Statement - BatchNumber = com.kms.katalon.core.webui.keyword.WebUiBuiltInKeywords.getNumberOfTotalOption(com.kms.katalon.core.testobject.ObjectRepository.findTestObject(PharmacyRequest/Page_Store/select_--Select--BA50)): 2 options of object 'Object Repository/PharmacyRequest/Page_Store/select_--Select--BA50' counted

2018-05-15 17:05:00 - [MESSAGE][PASSED] - 2 options of object 'Object Repository/PharmacyRequest/Page_Store/select_--Select--BA50' counted

2018-05-15 17:05:00 - [TEST_STEP][PASSED] - Statement - For ([g = 1, g <= BatchNumber - 1, (g++)]): null

2018-05-15 17:05:00 - [TEST_STEP][PASSED] - selectOptionByIndex: All options with index in [1] are selected on object 'Object Repository/PharmacyRequest/Page_Store/select_--Select--BA50'

2018-05-15 17:05:00 - [MESSAGE][PASSED] - All options with index in [1] are selected on object 'Object Repository/PharmacyRequest/Page_Store/select_--Select--BA50'

2018-05-15 17:05:00 - [TEST_STEP][PASSED] - delay: Delayed 2 second(s)

2018-05-15 17:05:02 - [MESSAGE][PASSED] - Delayed 2 second(s)

2018-05-15 17:05:02 - [TEST_STEP][PASSED] - Statement - StockQty = com.kms.katalon.core.webui.keyword.WebUiBuiltInKeywords.getAttribute(com.kms.katalon.core.testobject.ObjectRepository.findTestObject(PharmacyRequest/Page_Store/input_txtprice), "value"): Attribute 'value' of object 'Object Repository/PharmacyRequest/Page_Store/input_txtprice' is: '9990'

2018-05-15 17:05:02 - [MESSAGE][PASSED] - Attribute 'value' of object 'Object Repository/PharmacyRequest/Page_Store/input_txtprice' is: '9990'

2018-05-15 17:05:02 - [TEST_STEP][PASSED] - Statement - out.println("Stock QTY : " + StockQty): null

2018-05-15 17:05:02 - [TEST_STEP][PASSED] - delay: Delayed 1 second(s)

2018-05-15 17:05:03 - [MESSAGE][PASSED] - Delayed 1 second(s)

2018-05-15 17:05:03 - [TEST_STEP][PASSED] - Statement - If (java.lang.Integer.valueOf(StockQty) >= java.lang.Integer.valueOf(RequestedQty)): null

2018-05-15 17:05:03 - [TEST_STEP][PASSED] - setText: Text '10' is set on object 'Object Repository/PharmacyRequest/Page_Store/input_txtqty'

2018-05-15 17:05:03 - [MESSAGE][PASSED] - Text '10' is set on object 'Object Repository/PharmacyRequest/Page_Store/input_txtqty'

2018-05-15 17:05:03 - [TEST_STEP][PASSED] - click: Object: 'Object Repository/PharmacyRequest/Page_Store/button_Add' is clicked on

2018-05-15 17:05:08 - [MESSAGE][PASSED] - Object: 'Object Repository/PharmacyRequest/Page_Store/button_Add' is clicked on

2018-05-15 17:05:08 - [TEST_STEP][PASSED] - Statement - Break: null

2018-05-15 17:05:08 - [TEST_STEP][PASSED] - selectOptionByIndex: All options with index in [45] are selected on object 'Object Repository/PharmacyRequest/Page_Store/select_--Select--Amlodepin -5'

2018-05-15 17:05:08 - [MESSAGE][PASSED] - All options with index in [45] are selected on object 'Object Repository/PharmacyRequest/Page_Store/select_--Select--Amlodepin -5'

2018-05-15 17:05:08 - [TEST_STEP][PASSED] - delay: Delayed 1 second(s)

2018-05-15 17:05:09 - [MESSAGE][PASSED] - Delayed 1 second(s)

2018-05-15 17:05:09 - [TEST_STEP][PASSED] - Statement - RequestedQty = com.kms.katalon.core.webui.keyword.WebUiBuiltInKeywords.getAttribute(com.kms.katalon.core.testobject.ObjectRepository.findTestObject(PharmacyRequest/Page_Store/input_txttotal), "value"): Attribute 'value' of object 'Object Repository/PharmacyRequest/Page_Store/input_txttotal' is: '10'

2018-05-15 17:05:10 - [MESSAGE][PASSED] - Attribute 'value' of object 'Object Repository/PharmacyRequest/Page_Store/input_txttotal' is: '10'

2018-05-15 17:05:10 - [TEST_STEP][PASSED] - Statement - out.println("Requested QTY : " + RequestedQty): null

2018-05-15 17:05:10 - [TEST_STEP][PASSED] - Statement - BatchNumber = com.kms.katalon.core.webui.keyword.WebUiBuiltInKeywords.getNumberOfTotalOption(com.kms.katalon.core.testobject.ObjectRepository.findTestObject(PharmacyRequest/Page_Store/select_--Select--BA50)): 2 options of object 'Object Repository/PharmacyRequest/Page_Store/select_--Select--BA50' counted

2018-05-15 17:05:10 - [MESSAGE][PASSED] - 2 options of object 'Object Repository/PharmacyRequest/Page_Store/select_--Select--BA50' counted

2018-05-15 17:05:10 - [TEST_STEP][PASSED] - Statement - For ([g = 1, g <= BatchNumber - 1, (g++)]): null

2018-05-15 17:05:10 - [TEST_STEP][PASSED] - selectOptionByIndex: All options with index in [1] are selected on object 'Object Repository/PharmacyRequest/Page_Store/select_--Select--BA50'

2018-05-15 17:05:10 - [MESSAGE][PASSED] - All options with index in [1] are selected on object 'Object Repository/PharmacyRequest/Page_Store/select_--Select--BA50'

2018-05-15 17:05:10 - [TEST_STEP][PASSED] - delay: Delayed 2 second(s)

2018-05-15 17:05:12 - [MESSAGE][PASSED] - Delayed 2 second(s)

2018-05-15 17:05:12 - [TEST_STEP][PASSED] - Statement - StockQty = com.kms.katalon.core.webui.keyword.WebUiBuiltInKeywords.getAttribute(com.kms.katalon.core.testobject.ObjectRepository.findTestObject(PharmacyRequest/Page_Store/input_txtprice), "value"): Attribute 'value' of object 'Object Repository/PharmacyRequest/Page_Store/input_txtprice' is: '9990'

2018-05-15 17:05:12 - [MESSAGE][PASSED] - Attribute 'value' of object 'Object Repository/PharmacyRequest/Page_Store/input_txtprice' is: '9990'

2018-05-15 17:05:12 - [TEST_STEP][PASSED] - Statement - out.println("Stock QTY : " + StockQty): null

2018-05-15 17:05:12 - [TEST_STEP][PASSED] - delay: Delayed 1 second(s)

2018-05-15 17:05:13 - [MESSAGE][PASSED] - Delayed 1 second(s)

2018-05-15 17:05:13 - [TEST_STEP][PASSED] - Statement - If (java.lang.Integer.valueOf(StockQty) >= java.lang.Integer.valueOf(RequestedQty)): null

2018-05-15 17:05:13 - [TEST_STEP][PASSED] - setText: Text '10' is set on object 'Object Repository/PharmacyRequest/Page_Store/input_txtqty'

2018-05-15 17:05:13 - [MESSAGE][PASSED] - Text '10' is set on object 'Object Repository/PharmacyRequest/Page_Store/input_txtqty'

2018-05-15 17:05:13 - [TEST_STEP][PASSED] - click: Object: 'Object Repository/PharmacyRequest/Page_Store/button_Add' is clicked on

2018-05-15 17:05:18 - [MESSAGE][PASSED] - Object: 'Object Repository/PharmacyRequest/Page_Store/button_Add' is clicked on

2018-05-15 17:05:18 - [TEST_STEP][PASSED] - Statement - Break: null

2018-05-15 17:05:18 - [TEST_STEP][PASSED] - selectOptionByIndex: All options with index in [46] are selected on object 'Object Repository/PharmacyRequest/Page_Store/select_--Select--Amlodepin -5'

2018-05-15 17:05:18 - [MESSAGE][PASSED] - All options with index in [46] are selected on object 'Object Repository/PharmacyRequest/Page_Store/select_--Select--Amlodepin -5'

2018-05-15 17:05:18 - [TEST_STEP][PASSED] - delay: Delayed 1 second(s)

2018-05-15 17:05:19 - [MESSAGE][PASSED] - Delayed 1 second(s)

2018-05-15 17:05:19 - [TEST_STEP][PASSED] - Statement - RequestedQty = com.kms.katalon.core.webui.keyword.WebUiBuiltInKeywords.getAttribute(com.kms.katalon.core.testobject.ObjectRepository.findTestObject(PharmacyRequest/Page_Store/input_txttotal), "value"): Attribute 'value' of object 'Object Repository/PharmacyRequest/Page_Store/input_txttotal' is: '10'

2018-05-15 17:05:19 - [MESSAGE][PASSED] - Attribute 'value' of object 'Object Repository/PharmacyRequest/Page_Store/input_txttotal' is: '10'

2018-05-15 17:05:19 - [TEST_STEP][PASSED] - Statement - out.println("Requested QTY : " + RequestedQty): null

2018-05-15 17:05:19 - [TEST_STEP][PASSED] - Statement - BatchNumber = com.kms.katalon.core.webui.keyword.WebUiBuiltInKeywords.getNumberOfTotalOption(com.kms.katalon.core.testobject.ObjectRepository.findTestObject(PharmacyRequest/Page_Store/select_--Select--BA50)): 2 options of object 'Object Repository/PharmacyRequest/Page_Store/select_--Select--BA50' counted

2018-05-15 17:05:19 - [MESSAGE][PASSED] - 2 options of object 'Object Repository/PharmacyRequest/Page_Store/select_--Select--BA50' counted

2018-05-15 17:05:19 - [TEST_STEP][PASSED] - Statement - For ([g = 1, g <= BatchNumber - 1, (g++)]): null

2018-05-15 17:05:19 - [TEST_STEP][PASSED] - selectOptionByIndex: All options with index in [1] are selected on object 'Object Repository/PharmacyRequest/Page_Store/select_--Select--BA50'

2018-05-15 17:05:20 - [MESSAGE][PASSED] - All options with index in [1] are selected on object 'Object Repository/PharmacyRequest/Page_Store/select_--Select--BA50'

2018-05-15 17:05:20 - [TEST_STEP][PASSED] - delay: Delayed 2 second(s)

2018-05-15 17:05:22 - [MESSAGE][PASSED] - Delayed 2 second(s)

2018-05-15 17:05:22 - [TEST_STEP][PASSED] - Statement - StockQty = com.kms.katalon.core.webui.keyword.WebUiBuiltInKeywords.getAttribute(com.kms.katalon.core.testobject.ObjectRepository.findTestObject(PharmacyRequest/Page_Store/input_txtprice), "value"): Attribute 'value' of object 'Object Repository/PharmacyRequest/Page_Store/input_txtprice' is: '9990'

2018-05-15 17:05:22 - [MESSAGE][PASSED] - Attribute 'value' of object 'Object Repository/PharmacyRequest/Page_Store/input_txtprice' is: '9990'

2018-05-15 17:05:22 - [TEST_STEP][PASSED] - Statement - out.println("Stock QTY : " + StockQty): null

2018-05-15 17:05:22 - [TEST_STEP][PASSED] - delay: Delayed 1 second(s)

2018-05-15 17:05:23 - [MESSAGE][PASSED] - Delayed 1 second(s)

2018-05-15 17:05:23 - [TEST_STEP][PASSED] - Statement - If (java.lang.Integer.valueOf(StockQty) >= java.lang.Integer.valueOf(RequestedQty)): null

2018-05-15 17:05:23 - [TEST_STEP][PASSED] - setText: Text '10' is set on object 'Object Repository/PharmacyRequest/Page_Store/input_txtqty'

2018-05-15 17:05:23 - [MESSAGE][PASSED] - Text '10' is set on object 'Object Repository/PharmacyRequest/Page_Store/input_txtqty'

2018-05-15 17:05:23 - [TEST_STEP][PASSED] - click: Object: 'Object Repository/PharmacyRequest/Page_Store/button_Add' is clicked on

2018-05-15 17:05:28 - [MESSAGE][PASSED] - Object: 'Object Repository/PharmacyRequest/Page_Store/button_Add' is clicked on

2018-05-15 17:05:28 - [TEST_STEP][PASSED] - Statement - Break: null

2018-05-15 17:05:28 - [TEST_STEP][PASSED] - selectOptionByIndex: All options with index in [47] are selected on object 'Object Repository/PharmacyRequest/Page_Store/select_--Select--Amlodepin -5'

2018-05-15 17:05:28 - [MESSAGE][PASSED] - All options with index in [47] are selected on object 'Object Repository/PharmacyRequest/Page_Store/select_--Select--Amlodepin -5'

2018-05-15 17:05:28 - [TEST_STEP][PASSED] - delay: Delayed 1 second(s)

2018-05-15 17:05:29 - [MESSAGE][PASSED] - Delayed 1 second(s)

2018-05-15 17:05:29 - [TEST_STEP][PASSED] - Statement - RequestedQty = com.kms.katalon.core.webui.keyword.WebUiBuiltInKeywords.getAttribute(com.kms.katalon.core.testobject.ObjectRepository.findTestObject(PharmacyRequest/Page_Store/input_txttotal), "value"): Attribute 'value' of object 'Object Repository/PharmacyRequest/Page_Store/input_txttotal' is: '10'

2018-05-15 17:05:29 - [MESSAGE][PASSED] - Attribute 'value' of object 'Object Repository/PharmacyRequest/Page_Store/input_txttotal' is: '10'

2018-05-15 17:05:29 - [TEST_STEP][PASSED] - Statement - out.println("Requested QTY : " + RequestedQty): null

2018-05-15 17:05:29 - [TEST_STEP][PASSED] - Statement - BatchNumber = com.kms.katalon.core.webui.keyword.WebUiBuiltInKeywords.getNumberOfTotalOption(com.kms.katalon.core.testobject.ObjectRepository.findTestObject(PharmacyRequest/Page_Store/select_--Select--BA50)): 2 options of object 'Object Repository/PharmacyRequest/Page_Store/select_--Select--BA50' counted

2018-05-15 17:05:29 - [MESSAGE][PASSED] - 2 options of object 'Object Repository/PharmacyRequest/Page_Store/select_--Select--BA50' counted

2018-05-15 17:05:29 - [TEST_STEP][PASSED] - Statement - For ([g = 1, g <= BatchNumber - 1, (g++)]): null

2018-05-15 17:05:29 - [TEST_STEP][PASSED] - selectOptionByIndex: All options with index in [1] are selected on object 'Object Repository/PharmacyRequest/Page_Store/select_--Select--BA50'

2018-05-15 17:05:30 - [MESSAGE][PASSED] - All options with index in [1] are selected on object 'Object Repository/PharmacyRequest/Page_Store/select_--Select--BA50'

2018-05-15 17:05:30 - [TEST_STEP][PASSED] - delay: Delayed 2 second(s)

2018-05-15 17:05:32 - [MESSAGE][PASSED] - Delayed 2 second(s)

2018-05-15 17:05:32 - [TEST_STEP][PASSED] - Statement - StockQty = com.kms.katalon.core.webui.keyword.WebUiBuiltInKeywords.getAttribute(com.kms.katalon.core.testobject.ObjectRepository.findTestObject(PharmacyRequest/Page_Store/input_txtprice), "value"): Attribute 'value' of object 'Object Repository/PharmacyRequest/Page_Store/input_txtprice' is: '9990'

2018-05-15 17:05:32 - [MESSAGE][PASSED] - Attribute 'value' of object 'Object Repository/PharmacyRequest/Page_Store/input_txtprice' is: '9990'

2018-05-15 17:05:32 - [TEST_STEP][PASSED] - Statement - out.println("Stock QTY : " + StockQty): null

2018-05-15 17:05:32 - [TEST_STEP][PASSED] - delay: Delayed 1 second(s)

2018-05-15 17:05:33 - [MESSAGE][PASSED] - Delayed 1 second(s)

2018-05-15 17:05:33 - [TEST_STEP][PASSED] - Statement - If (java.lang.Integer.valueOf(StockQty) >= java.lang.Integer.valueOf(RequestedQty)): null

2018-05-15 17:05:33 - [TEST_STEP][PASSED] - setText: Text '10' is set on object 'Object Repository/PharmacyRequest/Page_Store/input_txtqty'

2018-05-15 17:05:33 - [MESSAGE][PASSED] - Text '10' is set on object 'Object Repository/PharmacyRequest/Page_Store/input_txtqty'

2018-05-15 17:05:33 - [TEST_STEP][PASSED] - click: Object: 'Object Repository/PharmacyRequest/Page_Store/button_Add' is clicked on

2018-05-15 17:05:38 - [MESSAGE][PASSED] - Object: 'Object Repository/PharmacyRequest/Page_Store/button_Add' is clicked on

2018-05-15 17:05:38 - [TEST_STEP][PASSED] - Statement - Break: null

2018-05-15 17:05:38 - [TEST_STEP][PASSED] - selectOptionByIndex: All options with index in [48] are selected on object 'Object Repository/PharmacyRequest/Page_Store/select_--Select--Amlodepin -5'

2018-05-15 17:05:38 - [MESSAGE][PASSED] - All options with index in [48] are selected on object 'Object Repository/PharmacyRequest/Page_Store/select_--Select--Amlodepin -5'

2018-05-15 17:05:38 - [TEST_STEP][PASSED] - delay: Delayed 1 second(s)

2018-05-15 17:05:39 - [MESSAGE][PASSED] - Delayed 1 second(s)

2018-05-15 17:05:39 - [TEST_STEP][PASSED] - Statement - RequestedQty = com.kms.katalon.core.webui.keyword.WebUiBuiltInKeywords.getAttribute(com.kms.katalon.core.testobject.ObjectRepository.findTestObject(PharmacyRequest/Page_Store/input_txttotal), "value"): Attribute 'value' of object 'Object Repository/PharmacyRequest/Page_Store/input_txttotal' is: '10'

2018-05-15 17:05:39 - [MESSAGE][PASSED] - Attribute 'value' of object 'Object Repository/PharmacyRequest/Page_Store/input_txttotal' is: '10'

2018-05-15 17:05:39 - [TEST_STEP][PASSED] - Statement - out.println("Requested QTY : " + RequestedQty): null

2018-05-15 17:05:39 - [TEST_STEP][PASSED] - Statement - BatchNumber = com.kms.katalon.core.webui.keyword.WebUiBuiltInKeywords.getNumberOfTotalOption(com.kms.katalon.core.testobject.ObjectRepository.findTestObject(PharmacyRequest/Page_Store/select_--Select--BA50)): 2 options of object 'Object Repository/PharmacyRequest/Page_Store/select_--Select--BA50' counted

2018-05-15 17:05:39 - [MESSAGE][PASSED] - 2 options of object 'Object Repository/PharmacyRequest/Page_Store/select_--Select--BA50' counted

2018-05-15 17:05:39 - [TEST_STEP][PASSED] - Statement - For ([g = 1, g <= BatchNumber - 1, (g++)]): null

2018-05-15 17:05:39 - [TEST_STEP][PASSED] - selectOptionByIndex: All options with index in [1] are selected on object 'Object Repository/PharmacyRequest/Page_Store/select_--Select--BA50'

2018-05-15 17:05:39 - [MESSAGE][PASSED] - All options with index in [1] are selected on object 'Object Repository/PharmacyRequest/Page_Store/select_--Select--BA50'

2018-05-15 17:05:39 - [TEST_STEP][PASSED] - delay: Delayed 2 second(s)

2018-05-15 17:05:41 - [MESSAGE][PASSED] - Delayed 2 second(s)

2018-05-15 17:05:41 - [TEST_STEP][PASSED] - Statement - StockQty = com.kms.katalon.core.webui.keyword.WebUiBuiltInKeywords.getAttribute(com.kms.katalon.core.testobject.ObjectRepository.findTestObject(PharmacyRequest/Page_Store/input_txtprice), "value"): Attribute 'value' of object 'Object Repository/PharmacyRequest/Page_Store/input_txtprice' is: '9990'

2018-05-15 17:05:42 - [MESSAGE][PASSED] - Attribute 'value' of object 'Object Repository/PharmacyRequest/Page_Store/input_txtprice' is: '9990'

2018-05-15 17:05:42 - [TEST_STEP][PASSED] - Statement - out.println("Stock QTY : " + StockQty): null

2018-05-15 17:05:42 - [TEST_STEP][PASSED] - delay: Delayed 1 second(s)

2018-05-15 17:05:43 - [MESSAGE][PASSED] - Delayed 1 second(s)

2018-05-15 17:05:43 - [TEST_STEP][PASSED] - Statement - If (java.lang.Integer.valueOf(StockQty) >= java.lang.Integer.valueOf(RequestedQty)): null

2018-05-15 17:05:43 - [TEST_STEP][PASSED] - setText: Text '10' is set on object 'Object Repository/PharmacyRequest/Page_Store/input_txtqty'

2018-05-15 17:05:43 - [MESSAGE][PASSED] - Text '10' is set on object 'Object Repository/PharmacyRequest/Page_Store/input_txtqty'

2018-05-15 17:05:43 - [TEST_STEP][PASSED] - click: Object: 'Object Repository/PharmacyRequest/Page_Store/button_Add' is clicked on

2018-05-15 17:05:48 - [MESSAGE][PASSED] - Object: 'Object Repository/PharmacyRequest/Page_Store/button_Add' is clicked on

2018-05-15 17:05:48 - [TEST_STEP][PASSED] - Statement - Break: null

2018-05-15 17:05:48 - [TEST_STEP][PASSED] - selectOptionByIndex: All options with index in [49] are selected on object 'Object Repository/PharmacyRequest/Page_Store/select_--Select--Amlodepin -5'

2018-05-15 17:05:48 - [MESSAGE][PASSED] - All options with index in [49] are selected on object 'Object Repository/PharmacyRequest/Page_Store/select_--Select--Amlodepin -5'

2018-05-15 17:05:48 - [TEST_STEP][PASSED] - delay: Delayed 1 second(s)

2018-05-15 17:05:49 - [MESSAGE][PASSED] - Delayed 1 second(s)

2018-05-15 17:05:49 - [TEST_STEP][PASSED] - Statement - RequestedQty = com.kms.katalon.core.webui.keyword.WebUiBuiltInKeywords.getAttribute(com.kms.katalon.core.testobject.ObjectRepository.findTestObject(PharmacyRequest/Page_Store/input_txttotal), "value"): Attribute 'value' of object 'Object Repository/PharmacyRequest/Page_Store/input_txttotal' is: '10'

2018-05-15 17:05:49 - [MESSAGE][PASSED] - Attribute 'value' of object 'Object Repository/PharmacyRequest/Page_Store/input_txttotal' is: '10'

2018-05-15 17:05:49 - [TEST_STEP][PASSED] - Statement - out.println("Requested QTY : " + RequestedQty): null

2018-05-15 17:05:49 - [TEST_STEP][PASSED] - Statement - BatchNumber = com.kms.katalon.core.webui.keyword.WebUiBuiltInKeywords.getNumberOfTotalOption(com.kms.katalon.core.testobject.ObjectRepository.findTestObject(PharmacyRequest/Page_Store/select_--Select--BA50)): 2 options of object 'Object Repository/PharmacyRequest/Page_Store/select_--Select--BA50' counted

2018-05-15 17:05:49 - [MESSAGE][PASSED] - 2 options of object 'Object Repository/PharmacyRequest/Page_Store/select_--Select--BA50' counted

2018-05-15 17:05:49 - [TEST_STEP][PASSED] - Statement - For ([g = 1, g <= BatchNumber - 1, (g++)]): null

2018-05-15 17:05:49 - [TEST_STEP][PASSED] - selectOptionByIndex: All options with index in [1] are selected on object 'Object Repository/PharmacyRequest/Page_Store/select_--Select--BA50'

2018-05-15 17:05:49 - [MESSAGE][PASSED] - All options with index in [1] are selected on object 'Object Repository/PharmacyRequest/Page_Store/select_--Select--BA50'

2018-05-15 17:05:49 - [TEST_STEP][PASSED] - delay: Delayed 2 second(s)

2018-05-15 17:05:51 - [MESSAGE][PASSED] - Delayed 2 second(s)

2018-05-15 17:05:51 - [TEST_STEP][PASSED] - Statement - StockQty = com.kms.katalon.core.webui.keyword.WebUiBuiltInKeywords.getAttribute(com.kms.katalon.core.testobject.ObjectRepository.findTestObject(PharmacyRequest/Page_Store/input_txtprice), "value"): Attribute 'value' of object 'Object Repository/PharmacyRequest/Page_Store/input_txtprice' is: '9988'

2018-05-15 17:05:52 - [MESSAGE][PASSED] - Attribute 'value' of object 'Object Repository/PharmacyRequest/Page_Store/input_txtprice' is: '9988'

2018-05-15 17:05:52 - [TEST_STEP][PASSED] - Statement - out.println("Stock QTY : " + StockQty): null

2018-05-15 17:05:52 - [TEST_STEP][PASSED] - delay: Delayed 1 second(s)

2018-05-15 17:05:53 - [MESSAGE][PASSED] - Delayed 1 second(s)

2018-05-15 17:05:53 - [TEST_STEP][PASSED] - Statement - If (java.lang.Integer.valueOf(StockQty) >= java.lang.Integer.valueOf(RequestedQty)): null

2018-05-15 17:05:53 - [TEST_STEP][PASSED] - setText: Text '10' is set on object 'Object Repository/PharmacyRequest/Page_Store/input_txtqty'

2018-05-15 17:05:53 - [MESSAGE][PASSED] - Text '10' is set on object 'Object Repository/PharmacyRequest/Page_Store/input_txtqty'

2018-05-15 17:05:53 - [TEST_STEP][PASSED] - click: Object: 'Object Repository/PharmacyRequest/Page_Store/button_Add' is clicked on

2018-05-15 17:05:58 - [MESSAGE][PASSED] - Object: 'Object Repository/PharmacyRequest/Page_Store/button_Add' is clicked on

2018-05-15 17:05:58 - [TEST_STEP][PASSED] - Statement - Break: null

2018-05-15 17:05:58 - [TEST_STEP][PASSED] - selectOptionByIndex: All options with index in [50] are selected on object 'Object Repository/PharmacyRequest/Page_Store/select_--Select--Amlodepin -5'

2018-05-15 17:05:58 - [MESSAGE][PASSED] - All options with index in [50] are selected on object 'Object Repository/PharmacyRequest/Page_Store/select_--Select--Amlodepin -5'

2018-05-15 17:05:58 - [TEST_STEP][PASSED] - delay: Delayed 1 second(s)

2018-05-15 17:05:59 - [MESSAGE][PASSED] - Delayed 1 second(s)

2018-05-15 17:05:59 - [TEST_STEP][PASSED] - Statement - RequestedQty = com.kms.katalon.core.webui.keyword.WebUiBuiltInKeywords.getAttribute(com.kms.katalon.core.testobject.ObjectRepository.findTestObject(PharmacyRequest/Page_Store/input_txttotal), "value"): Attribute 'value' of object 'Object Repository/PharmacyRequest/Page_Store/input_txttotal' is: '10'

2018-05-15 17:05:59 - [MESSAGE][PASSED] - Attribute 'value' of object 'Object Repository/PharmacyRequest/Page_Store/input_txttotal' is: '10'

2018-05-15 17:05:59 - [TEST_STEP][PASSED] - Statement - out.println("Requested QTY : " + RequestedQty): null

2018-05-15 17:05:59 - [TEST_STEP][PASSED] - Statement - BatchNumber = com.kms.katalon.core.webui.keyword.WebUiBuiltInKeywords.getNumberOfTotalOption(com.kms.katalon.core.testobject.ObjectRepository.findTestObject(PharmacyRequest/Page_Store/select_--Select--BA50)): 2 options of object 'Object Repository/PharmacyRequest/Page_Store/select_--Select--BA50' counted

2018-05-15 17:05:59 - [MESSAGE][PASSED] - 2 options of object 'Object Repository/PharmacyRequest/Page_Store/select_--Select--BA50' counted

2018-05-15 17:05:59 - [TEST_STEP][PASSED] - Statement - For ([g = 1, g <= BatchNumber - 1, (g++)]): null

2018-05-15 17:05:59 - [TEST_STEP][PASSED] - selectOptionByIndex: All options with index in [1] are selected on object 'Object Repository/PharmacyRequest/Page_Store/select_--Select--BA50'

2018-05-15 17:06:00 - [MESSAGE][PASSED] - All options with index in [1] are selected on object 'Object Repository/PharmacyRequest/Page_Store/select_--Select--BA50'

2018-05-15 17:06:00 - [TEST_STEP][PASSED] - delay: Delayed 2 second(s)

2018-05-15 17:06:02 - [MESSAGE][PASSED] - Delayed 2 second(s)

2018-05-15 17:06:02 - [TEST_STEP][PASSED] - Statement - StockQty = com.kms.katalon.core.webui.keyword.WebUiBuiltInKeywords.getAttribute(com.kms.katalon.core.testobject.ObjectRepository.findTestObject(PharmacyRequest/Page_Store/input_txtprice), "value"): Attribute 'value' of object 'Object Repository/PharmacyRequest/Page_Store/input_txtprice' is: '9990'

2018-05-15 17:06:02 - [MESSAGE][PASSED] - Attribute 'value' of object 'Object Repository/PharmacyRequest/Page_Store/input_txtprice' is: '9990'

2018-05-15 17:06:02 - [TEST_STEP][PASSED] - Statement - out.println("Stock QTY : " + StockQty): null

2018-05-15 17:06:02 - [TEST_STEP][PASSED] - delay: Delayed 1 second(s)

2018-05-15 17:06:03 - [MESSAGE][PASSED] - Delayed 1 second(s)

2018-05-15 17:06:03 - [TEST_STEP][PASSED] - Statement - If (java.lang.Integer.valueOf(StockQty) >= java.lang.Integer.valueOf(RequestedQty)): null

2018-05-15 17:06:03 - [TEST_STEP][PASSED] - setText: Text '10' is set on object 'Object Repository/PharmacyRequest/Page_Store/input_txtqty'

2018-05-15 17:06:03 - [MESSAGE][PASSED] - Text '10' is set on object 'Object Repository/PharmacyRequest/Page_Store/input_txtqty'

2018-05-15 17:06:03 - [TEST_STEP][PASSED] - click: Object: 'Object Repository/PharmacyRequest/Page_Store/button_Add' is clicked on

2018-05-15 17:06:08 - [MESSAGE][PASSED] - Object: 'Object Repository/PharmacyRequest/Page_Store/button_Add' is clicked on

2018-05-15 17:06:08 - [TEST_STEP][PASSED] - Statement - Break: null

2018-05-15 17:06:08 - [TEST_STEP][PASSED] - selectOptionByIndex: All options with index in [51] are selected on object 'Object Repository/PharmacyRequest/Page_Store/select_--Select--Amlodepin -5'

2018-05-15 17:06:08 - [MESSAGE][PASSED] - All options with index in [51] are selected on object 'Object Repository/PharmacyRequest/Page_Store/select_--Select--Amlodepin -5'

2018-05-15 17:06:08 - [TEST_STEP][PASSED] - delay: Delayed 1 second(s)

2018-05-15 17:06:09 - [MESSAGE][PASSED] - Delayed 1 second(s)

2018-05-15 17:06:09 - [TEST_STEP][PASSED] - Statement - RequestedQty = com.kms.katalon.core.webui.keyword.WebUiBuiltInKeywords.getAttribute(com.kms.katalon.core.testobject.ObjectRepository.findTestObject(PharmacyRequest/Page_Store/input_txttotal), "value"): Attribute 'value' of object 'Object Repository/PharmacyRequest/Page_Store/input_txttotal' is: '10'

2018-05-15 17:06:09 - [MESSAGE][PASSED] - Attribute 'value' of object 'Object Repository/PharmacyRequest/Page_Store/input_txttotal' is: '10'

2018-05-15 17:06:09 - [TEST_STEP][PASSED] - Statement - out.println("Requested QTY : " + RequestedQty): null

2018-05-15 17:06:09 - [TEST_STEP][PASSED] - Statement - BatchNumber = com.kms.katalon.core.webui.keyword.WebUiBuiltInKeywords.getNumberOfTotalOption(com.kms.katalon.core.testobject.ObjectRepository.findTestObject(PharmacyRequest/Page_Store/select_--Select--BA50)): 2 options of object 'Object Repository/PharmacyRequest/Page_Store/select_--Select--BA50' counted

2018-05-15 17:06:10 - [MESSAGE][PASSED] - 2 options of object 'Object Repository/PharmacyRequest/Page_Store/select_--Select--BA50' counted

2018-05-15 17:06:10 - [TEST_STEP][PASSED] - Statement - For ([g = 1, g <= BatchNumber - 1, (g++)]): null

2018-05-15 17:06:10 - [TEST_STEP][PASSED] - selectOptionByIndex: All options with index in [1] are selected on object 'Object Repository/PharmacyRequest/Page_Store/select_--Select--BA50'

2018-05-15 17:06:10 - [MESSAGE][PASSED] - All options with index in [1] are selected on object 'Object Repository/PharmacyRequest/Page_Store/select_--Select--BA50'

2018-05-15 17:06:10 - [TEST_STEP][PASSED] - delay: Delayed 2 second(s)

2018-05-15 17:06:12 - [MESSAGE][PASSED] - Delayed 2 second(s)

2018-05-15 17:06:12 - [TEST_STEP][PASSED] - Statement - StockQty = com.kms.katalon.core.webui.keyword.WebUiBuiltInKeywords.getAttribute(com.kms.katalon.core.testobject.ObjectRepository.findTestObject(PharmacyRequest/Page_Store/input_txtprice), "value"): Attribute 'value' of object 'Object Repository/PharmacyRequest/Page_Store/input_txtprice' is: '9990'

2018-05-15 17:06:12 - [MESSAGE][PASSED] - Attribute 'value' of object 'Object Repository/PharmacyRequest/Page_Store/input_txtprice' is: '9990'

2018-05-15 17:06:12 - [TEST_STEP][PASSED] - Statement - out.println("Stock QTY : " + StockQty): null

2018-05-15 17:06:12 - [TEST_STEP][PASSED] - delay: Delayed 1 second(s)

2018-05-15 17:06:13 - [MESSAGE][PASSED] - Delayed 1 second(s)

2018-05-15 17:06:13 - [TEST_STEP][PASSED] - Statement - If (java.lang.Integer.valueOf(StockQty) >= java.lang.Integer.valueOf(RequestedQty)): null

2018-05-15 17:06:13 - [TEST_STEP][PASSED] - setText: Text '10' is set on object 'Object Repository/PharmacyRequest/Page_Store/input_txtqty'

2018-05-15 17:06:13 - [MESSAGE][PASSED] - Text '10' is set on object 'Object Repository/PharmacyRequest/Page_Store/input_txtqty'

2018-05-15 17:06:13 - [TEST_STEP][PASSED] - click: Object: 'Object Repository/PharmacyRequest/Page_Store/button_Add' is clicked on

2018-05-15 17:06:18 - [MESSAGE][PASSED] - Object: 'Object Repository/PharmacyRequest/Page_Store/button_Add' is clicked on

2018-05-15 17:06:18 - [TEST_STEP][PASSED] - Statement - Break: null

2018-05-15 17:06:18 - [TEST_STEP][PASSED] - selectOptionByIndex: All options with index in [52] are selected on object 'Object Repository/PharmacyRequest/Page_Store/select_--Select--Amlodepin -5'

2018-05-15 17:06:18 - [MESSAGE][PASSED] - All options with index in [52] are selected on object 'Object Repository/PharmacyRequest/Page_Store/select_--Select--Amlodepin -5'

2018-05-15 17:06:18 - [TEST_STEP][PASSED] - delay: Delayed 1 second(s)

2018-05-15 17:06:19 - [MESSAGE][PASSED] - Delayed 1 second(s)

2018-05-15 17:06:19 - [TEST_STEP][PASSED] - Statement - RequestedQty = com.kms.katalon.core.webui.keyword.WebUiBuiltInKeywords.getAttribute(com.kms.katalon.core.testobject.ObjectRepository.findTestObject(PharmacyRequest/Page_Store/input_txttotal), "value"): Attribute 'value' of object 'Object Repository/PharmacyRequest/Page_Store/input_txttotal' is: '10'

2018-05-15 17:06:19 - [MESSAGE][PASSED] - Attribute 'value' of object 'Object Repository/PharmacyRequest/Page_Store/input_txttotal' is: '10'

2018-05-15 17:06:19 - [TEST_STEP][PASSED] - Statement - out.println("Requested QTY : " + RequestedQty): null

2018-05-15 17:06:19 - [TEST_STEP][PASSED] - Statement - BatchNumber = com.kms.katalon.core.webui.keyword.WebUiBuiltInKeywords.getNumberOfTotalOption(com.kms.katalon.core.testobject.ObjectRepository.findTestObject(PharmacyRequest/Page_Store/select_--Select--BA50)): 2 options of object 'Object Repository/PharmacyRequest/Page_Store/select_--Select--BA50' counted

2018-05-15 17:06:20 - [MESSAGE][PASSED] - 2 options of object 'Object Repository/PharmacyRequest/Page_Store/select_--Select--BA50' counted

2018-05-15 17:06:20 - [TEST_STEP][PASSED] - Statement - For ([g = 1, g <= BatchNumber - 1, (g++)]): null

2018-05-15 17:06:20 - [TEST_STEP][PASSED] - selectOptionByIndex: All options with index in [1] are selected on object 'Object Repository/PharmacyRequest/Page_Store/select_--Select--BA50'

2018-05-15 17:06:20 - [MESSAGE][PASSED] - All options with index in [1] are selected on object 'Object Repository/PharmacyRequest/Page_Store/select_--Select--BA50'

2018-05-15 17:06:20 - [TEST_STEP][PASSED] - delay: Delayed 2 second(s)

2018-05-15 17:06:22 - [MESSAGE][PASSED] - Delayed 2 second(s)

2018-05-15 17:06:22 - [TEST_STEP][PASSED] - Statement - StockQty = com.kms.katalon.core.webui.keyword.WebUiBuiltInKeywords.getAttribute(com.kms.katalon.core.testobject.ObjectRepository.findTestObject(PharmacyRequest/Page_Store/input_txtprice), "value"): Attribute 'value' of object 'Object Repository/PharmacyRequest/Page_Store/input_txtprice' is: '9990'

2018-05-15 17:06:22 - [MESSAGE][PASSED] - Attribute 'value' of object 'Object Repository/PharmacyRequest/Page_Store/input_txtprice' is: '9990'

2018-05-15 17:06:22 - [TEST_STEP][PASSED] - Statement - out.println("Stock QTY : " + StockQty): null

2018-05-15 17:06:22 - [TEST_STEP][PASSED] - delay: Delayed 1 second(s)

2018-05-15 17:06:23 - [MESSAGE][PASSED] - Delayed 1 second(s)

2018-05-15 17:06:23 - [TEST_STEP][PASSED] - Statement - If (java.lang.Integer.valueOf(StockQty) >= java.lang.Integer.valueOf(RequestedQty)): null

2018-05-15 17:06:23 - [TEST_STEP][PASSED] - setText: Text '10' is set on object 'Object Repository/PharmacyRequest/Page_Store/input_txtqty'

2018-05-15 17:06:23 - [MESSAGE][PASSED] - Text '10' is set on object 'Object Repository/PharmacyRequest/Page_Store/input_txtqty'

2018-05-15 17:06:23 - [TEST_STEP][PASSED] - click: Object: 'Object Repository/PharmacyRequest/Page_Store/button_Add' is clicked on

2018-05-15 17:06:28 - [MESSAGE][PASSED] - Object: 'Object Repository/PharmacyRequest/Page_Store/button_Add' is clicked on

2018-05-15 17:06:28 - [TEST_STEP][PASSED] - Statement - Break: null

2018-05-15 17:06:28 - [TEST_STEP][PASSED] - selectOptionByIndex: All options with index in [53] are selected on object 'Object Repository/PharmacyRequest/Page_Store/select_--Select--Amlodepin -5'

2018-05-15 17:06:28 - [MESSAGE][PASSED] - All options with index in [53] are selected on object 'Object Repository/PharmacyRequest/Page_Store/select_--Select--Amlodepin -5'

2018-05-15 17:06:28 - [TEST_STEP][PASSED] - delay: Delayed 1 second(s)

2018-05-15 17:06:29 - [MESSAGE][PASSED] - Delayed 1 second(s)

2018-05-15 17:06:29 - [TEST_STEP][PASSED] - Statement - RequestedQty = com.kms.katalon.core.webui.keyword.WebUiBuiltInKeywords.getAttribute(com.kms.katalon.core.testobject.ObjectRepository.findTestObject(PharmacyRequest/Page_Store/input_txttotal), "value"): Attribute 'value' of object 'Object Repository/PharmacyRequest/Page_Store/input_txttotal' is: '10'

2018-05-15 17:06:30 - [MESSAGE][PASSED] - Attribute 'value' of object 'Object Repository/PharmacyRequest/Page_Store/input_txttotal' is: '10'

2018-05-15 17:06:30 - [TEST_STEP][PASSED] - Statement - out.println("Requested QTY : " + RequestedQty): null

2018-05-15 17:06:30 - [TEST_STEP][PASSED] - Statement - BatchNumber = com.kms.katalon.core.webui.keyword.WebUiBuiltInKeywords.getNumberOfTotalOption(com.kms.katalon.core.testobject.ObjectRepository.findTestObject(PharmacyRequest/Page_Store/select_--Select--BA50)): 2 options of object 'Object Repository/PharmacyRequest/Page_Store/select_--Select--BA50' counted

2018-05-15 17:06:30 - [MESSAGE][PASSED] - 2 options of object 'Object Repository/PharmacyRequest/Page_Store/select_--Select--BA50' counted

2018-05-15 17:06:30 - [TEST_STEP][PASSED] - Statement - For ([g = 1, g <= BatchNumber - 1, (g++)]): null

2018-05-15 17:06:30 - [TEST_STEP][PASSED] - selectOptionByIndex: All options with index in [1] are selected on object 'Object Repository/PharmacyRequest/Page_Store/select_--Select--BA50'

2018-05-15 17:06:30 - [MESSAGE][PASSED] - All options with index in [1] are selected on object 'Object Repository/PharmacyRequest/Page_Store/select_--Select--BA50'

2018-05-15 17:06:30 - [TEST_STEP][PASSED] - delay: Delayed 2 second(s)

2018-05-15 17:06:32 - [MESSAGE][PASSED] - Delayed 2 second(s)

2018-05-15 17:06:32 - [TEST_STEP][PASSED] - Statement - StockQty = com.kms.katalon.core.webui.keyword.WebUiBuiltInKeywords.getAttribute(com.kms.katalon.core.testobject.ObjectRepository.findTestObject(PharmacyRequest/Page_Store/input_txtprice), "value"): Attribute 'value' of object 'Object Repository/PharmacyRequest/Page_Store/input_txtprice' is: '9990'

2018-05-15 17:06:32 - [MESSAGE][PASSED] - Attribute 'value' of object 'Object Repository/PharmacyRequest/Page_Store/input_txtprice' is: '9990'

2018-05-15 17:06:32 - [TEST_STEP][PASSED] - Statement - out.println("Stock QTY : " + StockQty): null

2018-05-15 17:06:32 - [TEST_STEP][PASSED] - delay: Delayed 1 second(s)

2018-05-15 17:06:33 - [MESSAGE][PASSED] - Delayed 1 second(s)

2018-05-15 17:06:33 - [TEST_STEP][PASSED] - Statement - If (java.lang.Integer.valueOf(StockQty) >= java.lang.Integer.valueOf(RequestedQty)): null

2018-05-15 17:06:33 - [TEST_STEP][PASSED] - setText: Text '10' is set on object 'Object Repository/PharmacyRequest/Page_Store/input_txtqty'

2018-05-15 17:06:33 - [MESSAGE][PASSED] - Text '10' is set on object 'Object Repository/PharmacyRequest/Page_Store/input_txtqty'

2018-05-15 17:06:33 - [TEST_STEP][PASSED] - click: Object: 'Object Repository/PharmacyRequest/Page_Store/button_Add' is clicked on

2018-05-15 17:06:38 - [MESSAGE][PASSED] - Object: 'Object Repository/PharmacyRequest/Page_Store/button_Add' is clicked on

2018-05-15 17:06:38 - [TEST_STEP][PASSED] - Statement - Break: null

2018-05-15 17:06:38 - [TEST_STEP][PASSED] - selectOptionByIndex: All options with index in [54] are selected on object 'Object Repository/PharmacyRequest/Page_Store/select_--Select--Amlodepin -5'

2018-05-15 17:06:39 - [MESSAGE][PASSED] - All options with index in [54] are selected on object 'Object Repository/PharmacyRequest/Page_Store/select_--Select--Amlodepin -5'

2018-05-15 17:06:39 - [TEST_STEP][PASSED] - delay: Delayed 1 second(s)

2018-05-15 17:06:40 - [MESSAGE][PASSED] - Delayed 1 second(s)

2018-05-15 17:06:40 - [TEST_STEP][PASSED] - Statement - RequestedQty = com.kms.katalon.core.webui.keyword.WebUiBuiltInKeywords.getAttribute(com.kms.katalon.core.testobject.ObjectRepository.findTestObject(PharmacyRequest/Page_Store/input_txttotal), "value"): Attribute 'value' of object 'Object Repository/PharmacyRequest/Page_Store/input_txttotal' is: '10'

2018-05-15 17:06:40 - [MESSAGE][PASSED] - Attribute 'value' of object 'Object Repository/PharmacyRequest/Page_Store/input_txttotal' is: '10'

2018-05-15 17:06:40 - [TEST_STEP][PASSED] - Statement - out.println("Requested QTY : " + RequestedQty): null

2018-05-15 17:06:40 - [TEST_STEP][PASSED] - Statement - BatchNumber = com.kms.katalon.core.webui.keyword.WebUiBuiltInKeywords.getNumberOfTotalOption(com.kms.katalon.core.testobject.ObjectRepository.findTestObject(PharmacyRequest/Page_Store/select_--Select--BA50)): 2 options of object 'Object Repository/PharmacyRequest/Page_Store/select_--Select--BA50' counted

2018-05-15 17:06:40 - [MESSAGE][PASSED] - 2 options of object 'Object Repository/PharmacyRequest/Page_Store/select_--Select--BA50' counted

2018-05-15 17:06:40 - [TEST_STEP][PASSED] - Statement - For ([g = 1, g <= BatchNumber - 1, (g++)]): null

2018-05-15 17:06:40 - [TEST_STEP][PASSED] - selectOptionByIndex: All options with index in [1] are selected on object 'Object Repository/PharmacyRequest/Page_Store/select_--Select--BA50'

2018-05-15 17:06:40 - [MESSAGE][PASSED] - All options with index in [1] are selected on object 'Object Repository/PharmacyRequest/Page_Store/select_--Select--BA50'

2018-05-15 17:06:40 - [TEST_STEP][PASSED] - delay: Delayed 2 second(s)

2018-05-15 17:06:42 - [MESSAGE][PASSED] - Delayed 2 second(s)

2018-05-15 17:06:42 - [TEST_STEP][PASSED] - Statement - StockQty = com.kms.katalon.core.webui.keyword.WebUiBuiltInKeywords.getAttribute(com.kms.katalon.core.testobject.ObjectRepository.findTestObject(PharmacyRequest/Page_Store/input_txtprice), "value"): Attribute 'value' of object 'Object Repository/PharmacyRequest/Page_Store/input_txtprice' is: '9990'

2018-05-15 17:06:42 - [MESSAGE][PASSED] - Attribute 'value' of object 'Object Repository/PharmacyRequest/Page_Store/input_txtprice' is: '9990'

2018-05-15 17:06:42 - [TEST_STEP][PASSED] - Statement - out.println("Stock QTY : " + StockQty): null

2018-05-15 17:06:42 - [TEST_STEP][PASSED] - delay: Delayed 1 second(s)

2018-05-15 17:06:43 - [MESSAGE][PASSED] - Delayed 1 second(s)

2018-05-15 17:06:43 - [TEST_STEP][PASSED] - Statement - If (java.lang.Integer.valueOf(StockQty) >= java.lang.Integer.valueOf(RequestedQty)): null

2018-05-15 17:06:43 - [TEST_STEP][PASSED] - setText: Text '10' is set on object 'Object Repository/PharmacyRequest/Page_Store/input_txtqty'

2018-05-15 17:06:43 - [MESSAGE][PASSED] - Text '10' is set on object 'Object Repository/PharmacyRequest/Page_Store/input_txtqty'

2018-05-15 17:06:43 - [TEST_STEP][PASSED] - click: Object: 'Object Repository/PharmacyRequest/Page_Store/button_Add' is clicked on

2018-05-15 17:06:48 - [MESSAGE][PASSED] - Object: 'Object Repository/PharmacyRequest/Page_Store/button_Add' is clicked on

2018-05-15 17:06:48 - [TEST_STEP][PASSED] - Statement - Break: null

2018-05-15 17:06:48 - [TEST_STEP][PASSED] - selectOptionByIndex: All options with index in [55] are selected on object 'Object Repository/PharmacyRequest/Page_Store/select_--Select--Amlodepin -5'

2018-05-15 17:06:48 - [MESSAGE][PASSED] - All options with index in [55] are selected on object 'Object Repository/PharmacyRequest/Page_Store/select_--Select--Amlodepin -5'

2018-05-15 17:06:48 - [TEST_STEP][PASSED] - delay: Delayed 1 second(s)

2018-05-15 17:06:49 - [MESSAGE][PASSED] - Delayed 1 second(s)

2018-05-15 17:06:49 - [TEST_STEP][PASSED] - Statement - RequestedQty = com.kms.katalon.core.webui.keyword.WebUiBuiltInKeywords.getAttribute(com.kms.katalon.core.testobject.ObjectRepository.findTestObject(PharmacyRequest/Page_Store/input_txttotal), "value"): Attribute 'value' of object 'Object Repository/PharmacyRequest/Page_Store/input_txttotal' is: '10'

2018-05-15 17:06:50 - [MESSAGE][PASSED] - Attribute 'value' of object 'Object Repository/PharmacyRequest/Page_Store/input_txttotal' is: '10'

2018-05-15 17:06:50 - [TEST_STEP][PASSED] - Statement - out.println("Requested QTY : " + RequestedQty): null

2018-05-15 17:06:50 - [TEST_STEP][PASSED] - Statement - BatchNumber = com.kms.katalon.core.webui.keyword.WebUiBuiltInKeywords.getNumberOfTotalOption(com.kms.katalon.core.testobject.ObjectRepository.findTestObject(PharmacyRequest/Page_Store/select_--Select--BA50)): 2 options of object 'Object Repository/PharmacyRequest/Page_Store/select_--Select--BA50' counted

2018-05-15 17:06:50 - [MESSAGE][PASSED] - 2 options of object 'Object Repository/PharmacyRequest/Page_Store/select_--Select--BA50' counted

2018-05-15 17:06:50 - [TEST_STEP][PASSED] - Statement - For ([g = 1, g <= BatchNumber - 1, (g++)]): null

2018-05-15 17:06:50 - [TEST_STEP][PASSED] - selectOptionByIndex: All options with index in [1] are selected on object 'Object Repository/PharmacyRequest/Page_Store/select_--Select--BA50'

2018-05-15 17:06:50 - [MESSAGE][PASSED] - All options with index in [1] are selected on object 'Object Repository/PharmacyRequest/Page_Store/select_--Select--BA50'

2018-05-15 17:06:50 - [TEST_STEP][PASSED] - delay: Delayed 2 second(s)

2018-05-15 17:06:52 - [MESSAGE][PASSED] - Delayed 2 second(s)

2018-05-15 17:06:52 - [TEST_STEP][PASSED] - Statement - StockQty = com.kms.katalon.core.webui.keyword.WebUiBuiltInKeywords.getAttribute(com.kms.katalon.core.testobject.ObjectRepository.findTestObject(PharmacyRequest/Page_Store/input_txtprice), "value"): Attribute 'value' of object 'Object Repository/PharmacyRequest/Page_Store/input_txtprice' is: '9990'

2018-05-15 17:06:52 - [MESSAGE][PASSED] - Attribute 'value' of object 'Object Repository/PharmacyRequest/Page_Store/input_txtprice' is: '9990'

2018-05-15 17:06:52 - [TEST_STEP][PASSED] - Statement - out.println("Stock QTY : " + StockQty): null

2018-05-15 17:06:52 - [TEST_STEP][PASSED] - delay: Delayed 1 second(s)

2018-05-15 17:06:53 - [MESSAGE][PASSED] - Delayed 1 second(s)

2018-05-15 17:06:53 - [TEST_STEP][PASSED] - Statement - If (java.lang.Integer.valueOf(StockQty) >= java.lang.Integer.valueOf(RequestedQty)): null

2018-05-15 17:06:53 - [TEST_STEP][PASSED] - setText: Text '10' is set on object 'Object Repository/PharmacyRequest/Page_Store/input_txtqty'

2018-05-15 17:06:53 - [MESSAGE][PASSED] - Text '10' is set on object 'Object Repository/PharmacyRequest/Page_Store/input_txtqty'

2018-05-15 17:06:53 - [TEST_STEP][PASSED] - click: Object: 'Object Repository/PharmacyRequest/Page_Store/button_Add' is clicked on

2018-05-15 17:06:58 - [MESSAGE][PASSED] - Object: 'Object Repository/PharmacyRequest/Page_Store/button_Add' is clicked on

2018-05-15 17:06:58 - [TEST_STEP][PASSED] - Statement - Break: null

2018-05-15 17:06:58 - [TEST_STEP][PASSED] - selectOptionByIndex: All options with index in [56] are selected on object 'Object Repository/PharmacyRequest/Page_Store/select_--Select--Amlodepin -5'

2018-05-15 17:06:59 - [MESSAGE][PASSED] - All options with index in [56] are selected on object 'Object Repository/PharmacyRequest/Page_Store/select_--Select--Amlodepin -5'

2018-05-15 17:06:59 - [TEST_STEP][PASSED] - delay: Delayed 1 second(s)

2018-05-15 17:07:00 - [MESSAGE][PASSED] - Delayed 1 second(s)

2018-05-15 17:07:00 - [TEST_STEP][PASSED] - Statement - RequestedQty = com.kms.katalon.core.webui.keyword.WebUiBuiltInKeywords.getAttribute(com.kms.katalon.core.testobject.ObjectRepository.findTestObject(PharmacyRequest/Page_Store/input_txttotal), "value"): Attribute 'value' of object 'Object Repository/PharmacyRequest/Page_Store/input_txttotal' is: '10'

2018-05-15 17:07:00 - [MESSAGE][PASSED] - Attribute 'value' of object 'Object Repository/PharmacyRequest/Page_Store/input_txttotal' is: '10'

2018-05-15 17:07:00 - [TEST_STEP][PASSED] - Statement - out.println("Requested QTY : " + RequestedQty): null

2018-05-15 17:07:00 - [TEST_STEP][PASSED] - Statement - BatchNumber = com.kms.katalon.core.webui.keyword.WebUiBuiltInKeywords.getNumberOfTotalOption(com.kms.katalon.core.testobject.ObjectRepository.findTestObject(PharmacyRequest/Page_Store/select_--Select--BA50)): 2 options of object 'Object Repository/PharmacyRequest/Page_Store/select_--Select--BA50' counted

2018-05-15 17:07:00 - [MESSAGE][PASSED] - 2 options of object 'Object Repository/PharmacyRequest/Page_Store/select_--Select--BA50' counted

2018-05-15 17:07:00 - [TEST_STEP][PASSED] - Statement - For ([g = 1, g <= BatchNumber - 1, (g++)]): null

2018-05-15 17:07:00 - [TEST_STEP][PASSED] - selectOptionByIndex: All options with index in [1] are selected on object 'Object Repository/PharmacyRequest/Page_Store/select_--Select--BA50'

2018-05-15 17:07:00 - [MESSAGE][PASSED] - All options with index in [1] are selected on object 'Object Repository/PharmacyRequest/Page_Store/select_--Select--BA50'

2018-05-15 17:07:00 - [TEST_STEP][PASSED] - delay: Delayed 2 second(s)

2018-05-15 17:07:02 - [MESSAGE][PASSED] - Delayed 2 second(s)

2018-05-15 17:07:02 - [TEST_STEP][PASSED] - Statement - StockQty = com.kms.katalon.core.webui.keyword.WebUiBuiltInKeywords.getAttribute(com.kms.katalon.core.testobject.ObjectRepository.findTestObject(PharmacyRequest/Page_Store/input_txtprice), "value"): Attribute 'value' of object 'Object Repository/PharmacyRequest/Page_Store/input_txtprice' is: '9892'

2018-05-15 17:07:02 - [MESSAGE][PASSED] - Attribute 'value' of object 'Object Repository/PharmacyRequest/Page_Store/input_txtprice' is: '9892'

2018-05-15 17:07:02 - [TEST_STEP][PASSED] - Statement - out.println("Stock QTY : " + StockQty): null

2018-05-15 17:07:02 - [TEST_STEP][PASSED] - delay: Delayed 1 second(s)

2018-05-15 17:07:03 - [MESSAGE][PASSED] - Delayed 1 second(s)

2018-05-15 17:07:03 - [TEST_STEP][PASSED] - Statement - If (java.lang.Integer.valueOf(StockQty) >= java.lang.Integer.valueOf(RequestedQty)): null

2018-05-15 17:07:03 - [TEST_STEP][PASSED] - setText: Text '10' is set on object 'Object Repository/PharmacyRequest/Page_Store/input_txtqty'

2018-05-15 17:07:03 - [MESSAGE][PASSED] - Text '10' is set on object 'Object Repository/PharmacyRequest/Page_Store/input_txtqty'

2018-05-15 17:07:03 - [TEST_STEP][PASSED] - click: Object: 'Object Repository/PharmacyRequest/Page_Store/button_Add' is clicked on

2018-05-15 17:07:08 - [MESSAGE][PASSED] - Object: 'Object Repository/PharmacyRequest/Page_Store/button_Add' is clicked on

2018-05-15 17:07:08 - [TEST_STEP][PASSED] - Statement - Break: null

2018-05-15 17:07:08 - [TEST_STEP][PASSED] - selectOptionByIndex: All options with index in [57] are selected on object 'Object Repository/PharmacyRequest/Page_Store/select_--Select--Amlodepin -5'

2018-05-15 17:07:09 - [MESSAGE][PASSED] - All options with index in [57] are selected on object 'Object Repository/PharmacyRequest/Page_Store/select_--Select--Amlodepin -5'

2018-05-15 17:07:09 - [TEST_STEP][PASSED] - delay: Delayed 1 second(s)

2018-05-15 17:07:10 - [MESSAGE][PASSED] - Delayed 1 second(s)

2018-05-15 17:07:10 - [TEST_STEP][PASSED] - Statement - RequestedQty = com.kms.katalon.core.webui.keyword.WebUiBuiltInKeywords.getAttribute(com.kms.katalon.core.testobject.ObjectRepository.findTestObject(PharmacyRequest/Page_Store/input_txttotal), "value"): Attribute 'value' of object 'Object Repository/PharmacyRequest/Page_Store/input_txttotal' is: '10'

2018-05-15 17:07:10 - [MESSAGE][PASSED] - Attribute 'value' of object 'Object Repository/PharmacyRequest/Page_Store/input_txttotal' is: '10'

2018-05-15 17:07:10 - [TEST_STEP][PASSED] - Statement - out.println("Requested QTY : " + RequestedQty): null

2018-05-15 17:07:10 - [TEST_STEP][PASSED] - Statement - BatchNumber = com.kms.katalon.core.webui.keyword.WebUiBuiltInKeywords.getNumberOfTotalOption(com.kms.katalon.core.testobject.ObjectRepository.findTestObject(PharmacyRequest/Page_Store/select_--Select--BA50)): 2 options of object 'Object Repository/PharmacyRequest/Page_Store/select_--Select--BA50' counted

2018-05-15 17:07:10 - [MESSAGE][PASSED] - 2 options of object 'Object Repository/PharmacyRequest/Page_Store/select_--Select--BA50' counted

2018-05-15 17:07:10 - [TEST_STEP][PASSED] - Statement - For ([g = 1, g <= BatchNumber - 1, (g++)]): null

2018-05-15 17:07:10 - [TEST_STEP][PASSED] - selectOptionByIndex: All options with index in [1] are selected on object 'Object Repository/PharmacyRequest/Page_Store/select_--Select--BA50'

2018-05-15 17:07:10 - [MESSAGE][PASSED] - All options with index in [1] are selected on object 'Object Repository/PharmacyRequest/Page_Store/select_--Select--BA50'

2018-05-15 17:07:10 - [TEST_STEP][PASSED] - delay: Delayed 2 second(s)

2018-05-15 17:07:12 - [MESSAGE][PASSED] - Delayed 2 second(s)

2018-05-15 17:07:12 - [TEST_STEP][PASSED] - Statement - StockQty = com.kms.katalon.core.webui.keyword.WebUiBuiltInKeywords.getAttribute(com.kms.katalon.core.testobject.ObjectRepository.findTestObject(PharmacyRequest/Page_Store/input_txtprice), "value"): Attribute 'value' of object 'Object Repository/PharmacyRequest/Page_Store/input_txtprice' is: '9990'

2018-05-15 17:07:12 - [MESSAGE][PASSED] - Attribute 'value' of object 'Object Repository/PharmacyRequest/Page_Store/input_txtprice' is: '9990'

2018-05-15 17:07:12 - [TEST_STEP][PASSED] - Statement - out.println("Stock QTY : " + StockQty): null

2018-05-15 17:07:12 - [TEST_STEP][PASSED] - delay: Delayed 1 second(s)

2018-05-15 17:07:13 - [MESSAGE][PASSED] - Delayed 1 second(s)

2018-05-15 17:07:13 - [TEST_STEP][PASSED] - Statement - If (java.lang.Integer.valueOf(StockQty) >= java.lang.Integer.valueOf(RequestedQty)): null

2018-05-15 17:07:13 - [TEST_STEP][PASSED] - setText: Text '10' is set on object 'Object Repository/PharmacyRequest/Page_Store/input_txtqty'

2018-05-15 17:07:13 - [MESSAGE][PASSED] - Text '10' is set on object 'Object Repository/PharmacyRequest/Page_Store/input_txtqty'

2018-05-15 17:07:13 - [TEST_STEP][PASSED] - click: Object: 'Object Repository/PharmacyRequest/Page_Store/button_Add' is clicked on

2018-05-15 17:07:18 - [MESSAGE][PASSED] - Object: 'Object Repository/PharmacyRequest/Page_Store/button_Add' is clicked on

2018-05-15 17:07:18 - [TEST_STEP][PASSED] - Statement - Break: null

2018-05-15 17:07:18 - [TEST_STEP][PASSED] - selectOptionByIndex: All options with index in [58] are selected on object 'Object Repository/PharmacyRequest/Page_Store/select_--Select--Amlodepin -5'

2018-05-15 17:07:19 - [MESSAGE][PASSED] - All options with index in [58] are selected on object 'Object Repository/PharmacyRequest/Page_Store/select_--Select--Amlodepin -5'

2018-05-15 17:07:19 - [TEST_STEP][PASSED] - delay: Delayed 1 second(s)

2018-05-15 17:07:20 - [MESSAGE][PASSED] - Delayed 1 second(s)

2018-05-15 17:07:20 - [TEST_STEP][PASSED] - Statement - RequestedQty = com.kms.katalon.core.webui.keyword.WebUiBuiltInKeywords.getAttribute(com.kms.katalon.core.testobject.ObjectRepository.findTestObject(PharmacyRequest/Page_Store/input_txttotal), "value"): Attribute 'value' of object 'Object Repository/PharmacyRequest/Page_Store/input_txttotal' is: '10'

2018-05-15 17:07:20 - [MESSAGE][PASSED] - Attribute 'value' of object 'Object Repository/PharmacyRequest/Page_Store/input_txttotal' is: '10'

2018-05-15 17:07:20 - [TEST_STEP][PASSED] - Statement - out.println("Requested QTY : " + RequestedQty): null

2018-05-15 17:07:20 - [TEST_STEP][PASSED] - Statement - BatchNumber = com.kms.katalon.core.webui.keyword.WebUiBuiltInKeywords.getNumberOfTotalOption(com.kms.katalon.core.testobject.ObjectRepository.findTestObject(PharmacyRequest/Page_Store/select_--Select--BA50)): 2 options of object 'Object Repository/PharmacyRequest/Page_Store/select_--Select--BA50' counted

2018-05-15 17:07:20 - [MESSAGE][PASSED] - 2 options of object 'Object Repository/PharmacyRequest/Page_Store/select_--Select--BA50' counted

2018-05-15 17:07:20 - [TEST_STEP][PASSED] - Statement - For ([g = 1, g <= BatchNumber - 1, (g++)]): null

2018-05-15 17:07:20 - [TEST_STEP][PASSED] - selectOptionByIndex: All options with index in [1] are selected on object 'Object Repository/PharmacyRequest/Page_Store/select_--Select--BA50'

2018-05-15 17:07:20 - [MESSAGE][PASSED] - All options with index in [1] are selected on object 'Object Repository/PharmacyRequest/Page_Store/select_--Select--BA50'

2018-05-15 17:07:20 - [TEST_STEP][PASSED] - delay: Delayed 2 second(s)

2018-05-15 17:07:22 - [MESSAGE][PASSED] - Delayed 2 second(s)

2018-05-15 17:07:22 - [TEST_STEP][PASSED] - Statement - StockQty = com.kms.katalon.core.webui.keyword.WebUiBuiltInKeywords.getAttribute(com.kms.katalon.core.testobject.ObjectRepository.findTestObject(PharmacyRequest/Page_Store/input_txtprice), "value"): Attribute 'value' of object 'Object Repository/PharmacyRequest/Page_Store/input_txtprice' is: '9990'

2018-05-15 17:07:22 - [MESSAGE][PASSED] - Attribute 'value' of object 'Object Repository/PharmacyRequest/Page_Store/input_txtprice' is: '9990'

2018-05-15 17:07:22 - [TEST_STEP][PASSED] - Statement - out.println("Stock QTY : " + StockQty): null

2018-05-15 17:07:22 - [TEST_STEP][PASSED] - delay: Delayed 1 second(s)

2018-05-15 17:07:23 - [MESSAGE][PASSED] - Delayed 1 second(s)

2018-05-15 17:07:23 - [TEST_STEP][PASSED] - Statement - If (java.lang.Integer.valueOf(StockQty) >= java.lang.Integer.valueOf(RequestedQty)): null

2018-05-15 17:07:23 - [TEST_STEP][PASSED] - setText: Text '10' is set on object 'Object Repository/PharmacyRequest/Page_Store/input_txtqty'

2018-05-15 17:07:23 - [MESSAGE][PASSED] - Text '10' is set on object 'Object Repository/PharmacyRequest/Page_Store/input_txtqty'

2018-05-15 17:07:23 - [TEST_STEP][PASSED] - click: Object: 'Object Repository/PharmacyRequest/Page_Store/button_Add' is clicked on

2018-05-15 17:07:28 - [MESSAGE][PASSED] - Object: 'Object Repository/PharmacyRequest/Page_Store/button_Add' is clicked on

2018-05-15 17:07:28 - [TEST_STEP][PASSED] - Statement - Break: null

2018-05-15 17:07:28 - [TEST_STEP][PASSED] - selectOptionByIndex: All options with index in [59] are selected on object 'Object Repository/PharmacyRequest/Page_Store/select_--Select--Amlodepin -5'

2018-05-15 17:07:29 - [MESSAGE][PASSED] - All options with index in [59] are selected on object 'Object Repository/PharmacyRequest/Page_Store/select_--Select--Amlodepin -5'

2018-05-15 17:07:29 - [TEST_STEP][PASSED] - delay: Delayed 1 second(s)

2018-05-15 17:07:30 - [MESSAGE][PASSED] - Delayed 1 second(s)

2018-05-15 17:07:30 - [TEST_STEP][PASSED] - Statement - RequestedQty = com.kms.katalon.core.webui.keyword.WebUiBuiltInKeywords.getAttribute(com.kms.katalon.core.testobject.ObjectRepository.findTestObject(PharmacyRequest/Page_Store/input_txttotal), "value"): Attribute 'value' of object 'Object Repository/PharmacyRequest/Page_Store/input_txttotal' is: '10'

2018-05-15 17:07:30 - [MESSAGE][PASSED] - Attribute 'value' of object 'Object Repository/PharmacyRequest/Page_Store/input_txttotal' is: '10'

2018-05-15 17:07:30 - [TEST_STEP][PASSED] - Statement - out.println("Requested QTY : " + RequestedQty): null

2018-05-15 17:07:30 - [TEST_STEP][PASSED] - Statement - BatchNumber = com.kms.katalon.core.webui.keyword.WebUiBuiltInKeywords.getNumberOfTotalOption(com.kms.katalon.core.testobject.ObjectRepository.findTestObject(PharmacyRequest/Page_Store/select_--Select--BA50)): 2 options of object 'Object Repository/PharmacyRequest/Page_Store/select_--Select--BA50' counted

2018-05-15 17:07:30 - [MESSAGE][PASSED] - 2 options of object 'Object Repository/PharmacyRequest/Page_Store/select_--Select--BA50' counted

2018-05-15 17:07:30 - [TEST_STEP][PASSED] - Statement - For ([g = 1, g <= BatchNumber - 1, (g++)]): null

2018-05-15 17:07:30 - [TEST_STEP][PASSED] - selectOptionByIndex: All options with index in [1] are selected on object 'Object Repository/PharmacyRequest/Page_Store/select_--Select--BA50'

2018-05-15 17:07:30 - [MESSAGE][PASSED] - All options with index in [1] are selected on object 'Object Repository/PharmacyRequest/Page_Store/select_--Select--BA50'

2018-05-15 17:07:30 - [TEST_STEP][PASSED] - delay: Delayed 2 second(s)

2018-05-15 17:07:32 - [MESSAGE][PASSED] - Delayed 2 second(s)

2018-05-15 17:07:32 - [TEST_STEP][PASSED] - Statement - StockQty = com.kms.katalon.core.webui.keyword.WebUiBuiltInKeywords.getAttribute(com.kms.katalon.core.testobject.ObjectRepository.findTestObject(PharmacyRequest/Page_Store/input_txtprice), "value"): Attribute 'value' of object 'Object Repository/PharmacyRequest/Page_Store/input_txtprice' is: '9990'

2018-05-15 17:07:32 - [MESSAGE][PASSED] - Attribute 'value' of object 'Object Repository/PharmacyRequest/Page_Store/input_txtprice' is: '9990'

2018-05-15 17:07:32 - [TEST_STEP][PASSED] - Statement - out.println("Stock QTY : " + StockQty): null

2018-05-15 17:07:32 - [TEST_STEP][PASSED] - delay: Delayed 1 second(s)

2018-05-15 17:07:33 - [MESSAGE][PASSED] - Delayed 1 second(s)

2018-05-15 17:07:33 - [TEST_STEP][PASSED] - Statement - If (java.lang.Integer.valueOf(StockQty) >= java.lang.Integer.valueOf(RequestedQty)): null

2018-05-15 17:07:33 - [TEST_STEP][PASSED] - setText: Text '10' is set on object 'Object Repository/PharmacyRequest/Page_Store/input_txtqty'

2018-05-15 17:07:33 - [MESSAGE][PASSED] - Text '10' is set on object 'Object Repository/PharmacyRequest/Page_Store/input_txtqty'

2018-05-15 17:07:33 - [TEST_STEP][PASSED] - click: Object: 'Object Repository/PharmacyRequest/Page_Store/button_Add' is clicked on

2018-05-15 17:07:38 - [MESSAGE][PASSED] - Object: 'Object Repository/PharmacyRequest/Page_Store/button_Add' is clicked on

2018-05-15 17:07:38 - [TEST_STEP][PASSED] - Statement - Break: null

2018-05-15 17:07:38 - [TEST_STEP][PASSED] - selectOptionByIndex: All options with index in [60] are selected on object 'Object Repository/PharmacyRequest/Page_Store/select_--Select--Amlodepin -5'

2018-05-15 17:07:39 - [MESSAGE][PASSED] - All options with index in [60] are selected on object 'Object Repository/PharmacyRequest/Page_Store/select_--Select--Amlodepin -5'

2018-05-15 17:07:39 - [TEST_STEP][PASSED] - delay: Delayed 1 second(s)

2018-05-15 17:07:40 - [MESSAGE][PASSED] - Delayed 1 second(s)

2018-05-15 17:07:40 - [TEST_STEP][PASSED] - Statement - RequestedQty = com.kms.katalon.core.webui.keyword.WebUiBuiltInKeywords.getAttribute(com.kms.katalon.core.testobject.ObjectRepository.findTestObject(PharmacyRequest/Page_Store/input_txttotal), "value"): Attribute 'value' of object 'Object Repository/PharmacyRequest/Page_Store/input_txttotal' is: '10'

2018-05-15 17:07:40 - [MESSAGE][PASSED] - Attribute 'value' of object 'Object Repository/PharmacyRequest/Page_Store/input_txttotal' is: '10'

2018-05-15 17:07:40 - [TEST_STEP][PASSED] - Statement - out.println("Requested QTY : " + RequestedQty): null

2018-05-15 17:07:40 - [TEST_STEP][PASSED] - Statement - BatchNumber = com.kms.katalon.core.webui.keyword.WebUiBuiltInKeywords.getNumberOfTotalOption(com.kms.katalon.core.testobject.ObjectRepository.findTestObject(PharmacyRequest/Page_Store/select_--Select--BA50)): 2 options of object 'Object Repository/PharmacyRequest/Page_Store/select_--Select--BA50' counted

2018-05-15 17:07:40 - [MESSAGE][PASSED] - 2 options of object 'Object Repository/PharmacyRequest/Page_Store/select_--Select--BA50' counted

2018-05-15 17:07:40 - [TEST_STEP][PASSED] - Statement - For ([g = 1, g <= BatchNumber - 1, (g++)]): null

2018-05-15 17:07:40 - [TEST_STEP][PASSED] - selectOptionByIndex: All options with index in [1] are selected on object 'Object Repository/PharmacyRequest/Page_Store/select_--Select--BA50'

2018-05-15 17:07:40 - [MESSAGE][PASSED] - All options with index in [1] are selected on object 'Object Repository/PharmacyRequest/Page_Store/select_--Select--BA50'

2018-05-15 17:07:40 - [TEST_STEP][PASSED] - delay: Delayed 2 second(s)

2018-05-15 17:07:42 - [MESSAGE][PASSED] - Delayed 2 second(s)

2018-05-15 17:07:42 - [TEST_STEP][PASSED] - Statement - StockQty = com.kms.katalon.core.webui.keyword.WebUiBuiltInKeywords.getAttribute(com.kms.katalon.core.testobject.ObjectRepository.findTestObject(PharmacyRequest/Page_Store/input_txtprice), "value"): Attribute 'value' of object 'Object Repository/PharmacyRequest/Page_Store/input_txtprice' is: '9990'

2018-05-15 17:07:42 - [MESSAGE][PASSED] - Attribute 'value' of object 'Object Repository/PharmacyRequest/Page_Store/input_txtprice' is: '9990'

2018-05-15 17:07:42 - [TEST_STEP][PASSED] - Statement - out.println("Stock QTY : " + StockQty): null

2018-05-15 17:07:42 - [TEST_STEP][PASSED] - delay: Delayed 1 second(s)

2018-05-15 17:07:43 - [MESSAGE][PASSED] - Delayed 1 second(s)

2018-05-15 17:07:43 - [TEST_STEP][PASSED] - Statement - If (java.lang.Integer.valueOf(StockQty) >= java.lang.Integer.valueOf(RequestedQty)): null

2018-05-15 17:07:43 - [TEST_STEP][PASSED] - setText: Text '10' is set on object 'Object Repository/PharmacyRequest/Page_Store/input_txtqty'

2018-05-15 17:07:43 - [MESSAGE][PASSED] - Text '10' is set on object 'Object Repository/PharmacyRequest/Page_Store/input_txtqty'

2018-05-15 17:07:43 - [TEST_STEP][PASSED] - click: Object: 'Object Repository/PharmacyRequest/Page_Store/button_Add' is clicked on

2018-05-15 17:07:48 - [MESSAGE][PASSED] - Object: 'Object Repository/PharmacyRequest/Page_Store/button_Add' is clicked on

2018-05-15 17:07:48 - [TEST_STEP][PASSED] - Statement - Break: null

2018-05-15 17:07:48 - [TEST_STEP][PASSED] - selectOptionByIndex: All options with index in [61] are selected on object 'Object Repository/PharmacyRequest/Page_Store/select_--Select--Amlodepin -5'

2018-05-15 17:07:49 - [MESSAGE][PASSED] - All options with index in [61] are selected on object 'Object Repository/PharmacyRequest/Page_Store/select_--Select--Amlodepin -5'

2018-05-15 17:07:49 - [TEST_STEP][PASSED] - delay: Delayed 1 second(s)

2018-05-15 17:07:50 - [MESSAGE][PASSED] - Delayed 1 second(s)

2018-05-15 17:07:50 - [TEST_STEP][PASSED] - Statement - RequestedQty = com.kms.katalon.core.webui.keyword.WebUiBuiltInKeywords.getAttribute(com.kms.katalon.core.testobject.ObjectRepository.findTestObject(PharmacyRequest/Page_Store/input_txttotal), "value"): Attribute 'value' of object 'Object Repository/PharmacyRequest/Page_Store/input_txttotal' is: '10'

2018-05-15 17:07:50 - [MESSAGE][PASSED] - Attribute 'value' of object 'Object Repository/PharmacyRequest/Page_Store/input_txttotal' is: '10'

2018-05-15 17:07:50 - [TEST_STEP][PASSED] - Statement - out.println("Requested QTY : " + RequestedQty): null

2018-05-15 17:07:50 - [TEST_STEP][PASSED] - Statement - BatchNumber = com.kms.katalon.core.webui.keyword.WebUiBuiltInKeywords.getNumberOfTotalOption(com.kms.katalon.core.testobject.ObjectRepository.findTestObject(PharmacyRequest/Page_Store/select_--Select--BA50)): 2 options of object 'Object Repository/PharmacyRequest/Page_Store/select_--Select--BA50' counted

2018-05-15 17:07:50 - [MESSAGE][PASSED] - 2 options of object 'Object Repository/PharmacyRequest/Page_Store/select_--Select--BA50' counted

2018-05-15 17:07:50 - [TEST_STEP][PASSED] - Statement - For ([g = 1, g <= BatchNumber - 1, (g++)]): null

2018-05-15 17:07:50 - [TEST_STEP][PASSED] - selectOptionByIndex: All options with index in [1] are selected on object 'Object Repository/PharmacyRequest/Page_Store/select_--Select--BA50'

2018-05-15 17:07:50 - [MESSAGE][PASSED] - All options with index in [1] are selected on object 'Object Repository/PharmacyRequest/Page_Store/select_--Select--BA50'

2018-05-15 17:07:50 - [TEST_STEP][PASSED] - delay: Delayed 2 second(s)

2018-05-15 17:07:52 - [MESSAGE][PASSED] - Delayed 2 second(s)

2018-05-15 17:07:52 - [TEST_STEP][PASSED] - Statement - StockQty = com.kms.katalon.core.webui.keyword.WebUiBuiltInKeywords.getAttribute(com.kms.katalon.core.testobject.ObjectRepository.findTestObject(PharmacyRequest/Page_Store/input_txtprice), "value"): Attribute 'value' of object 'Object Repository/PharmacyRequest/Page_Store/input_txtprice' is: '9990'

2018-05-15 17:07:52 - [MESSAGE][PASSED] - Attribute 'value' of object 'Object Repository/PharmacyRequest/Page_Store/input_txtprice' is: '9990'

2018-05-15 17:07:52 - [TEST_STEP][PASSED] - Statement - out.println("Stock QTY : " + StockQty): null

2018-05-15 17:07:52 - [TEST_STEP][PASSED] - delay: Delayed 1 second(s)

2018-05-15 17:07:53 - [MESSAGE][PASSED] - Delayed 1 second(s)

2018-05-15 17:07:53 - [TEST_STEP][PASSED] - Statement - If (java.lang.Integer.valueOf(StockQty) >= java.lang.Integer.valueOf(RequestedQty)): null

2018-05-15 17:07:53 - [TEST_STEP][PASSED] - setText: Text '10' is set on object 'Object Repository/PharmacyRequest/Page_Store/input_txtqty'

2018-05-15 17:07:53 - [MESSAGE][PASSED] - Text '10' is set on object 'Object Repository/PharmacyRequest/Page_Store/input_txtqty'

2018-05-15 17:07:53 - [TEST_STEP][PASSED] - click: Object: 'Object Repository/PharmacyRequest/Page_Store/button_Add' is clicked on

2018-05-15 17:07:58 - [MESSAGE][PASSED] - Object: 'Object Repository/PharmacyRequest/Page_Store/button_Add' is clicked on

2018-05-15 17:07:58 - [TEST_STEP][PASSED] - Statement - Break: null

2018-05-15 17:07:58 - [TEST_STEP][PASSED] - selectOptionByIndex: All options with index in [62] are selected on object 'Object Repository/PharmacyRequest/Page_Store/select_--Select--Amlodepin -5'

2018-05-15 17:07:59 - [MESSAGE][PASSED] - All options with index in [62] are selected on object 'Object Repository/PharmacyRequest/Page_Store/select_--Select--Amlodepin -5'

2018-05-15 17:07:59 - [TEST_STEP][PASSED] - delay: Delayed 1 second(s)

2018-05-15 17:08:00 - [MESSAGE][PASSED] - Delayed 1 second(s)

2018-05-15 17:08:00 - [TEST_STEP][PASSED] - Statement - RequestedQty = com.kms.katalon.core.webui.keyword.WebUiBuiltInKeywords.getAttribute(com.kms.katalon.core.testobject.ObjectRepository.findTestObject(PharmacyRequest/Page_Store/input_txttotal), "value"): Attribute 'value' of object 'Object Repository/PharmacyRequest/Page_Store/input_txttotal' is: '10'

2018-05-15 17:08:00 - [MESSAGE][PASSED] - Attribute 'value' of object 'Object Repository/PharmacyRequest/Page_Store/input_txttotal' is: '10'

2018-05-15 17:08:00 - [TEST_STEP][PASSED] - Statement - out.println("Requested QTY : " + RequestedQty): null

2018-05-15 17:08:00 - [TEST_STEP][PASSED] - Statement - BatchNumber = com.kms.katalon.core.webui.keyword.WebUiBuiltInKeywords.getNumberOfTotalOption(com.kms.katalon.core.testobject.ObjectRepository.findTestObject(PharmacyRequest/Page_Store/select_--Select--BA50)): 2 options of object 'Object Repository/PharmacyRequest/Page_Store/select_--Select--BA50' counted

2018-05-15 17:08:00 - [MESSAGE][PASSED] - 2 options of object 'Object Repository/PharmacyRequest/Page_Store/select_--Select--BA50' counted

2018-05-15 17:08:00 - [TEST_STEP][PASSED] - Statement - For ([g = 1, g <= BatchNumber - 1, (g++)]): null

2018-05-15 17:08:00 - [TEST_STEP][PASSED] - selectOptionByIndex: All options with index in [1] are selected on object 'Object Repository/PharmacyRequest/Page_Store/select_--Select--BA50'

2018-05-15 17:08:00 - [MESSAGE][PASSED] - All options with index in [1] are selected on object 'Object Repository/PharmacyRequest/Page_Store/select_--Select--BA50'

2018-05-15 17:08:00 - [TEST_STEP][PASSED] - delay: Delayed 2 second(s)

2018-05-15 17:08:02 - [MESSAGE][PASSED] - Delayed 2 second(s)

2018-05-15 17:08:02 - [TEST_STEP][PASSED] - Statement - StockQty = com.kms.katalon.core.webui.keyword.WebUiBuiltInKeywords.getAttribute(com.kms.katalon.core.testobject.ObjectRepository.findTestObject(PharmacyRequest/Page_Store/input_txtprice), "value"): Attribute 'value' of object 'Object Repository/PharmacyRequest/Page_Store/input_txtprice' is: '9990'

2018-05-15 17:08:02 - [MESSAGE][PASSED] - Attribute 'value' of object 'Object Repository/PharmacyRequest/Page_Store/input_txtprice' is: '9990'

2018-05-15 17:08:02 - [TEST_STEP][PASSED] - Statement - out.println("Stock QTY : " + StockQty): null

2018-05-15 17:08:02 - [TEST_STEP][PASSED] - delay: Delayed 1 second(s)

2018-05-15 17:08:03 - [MESSAGE][PASSED] - Delayed 1 second(s)

2018-05-15 17:08:03 - [TEST_STEP][PASSED] - Statement - If (java.lang.Integer.valueOf(StockQty) >= java.lang.Integer.valueOf(RequestedQty)): null

2018-05-15 17:08:03 - [TEST_STEP][PASSED] - setText: Text '10' is set on object 'Object Repository/PharmacyRequest/Page_Store/input_txtqty'

2018-05-15 17:08:03 - [MESSAGE][PASSED] - Text '10' is set on object 'Object Repository/PharmacyRequest/Page_Store/input_txtqty'

2018-05-15 17:08:03 - [TEST_STEP][PASSED] - click: Object: 'Object Repository/PharmacyRequest/Page_Store/button_Add' is clicked on

2018-05-15 17:08:09 - [MESSAGE][PASSED] - Object: 'Object Repository/PharmacyRequest/Page_Store/button_Add' is clicked on

2018-05-15 17:08:09 - [TEST_STEP][PASSED] - Statement - Break: null

2018-05-15 17:08:09 - [TEST_STEP][PASSED] - selectOptionByIndex: All options with index in [63] are selected on object 'Object Repository/PharmacyRequest/Page_Store/select_--Select--Amlodepin -5'

2018-05-15 17:08:09 - [MESSAGE][PASSED] - All options with index in [63] are selected on object 'Object Repository/PharmacyRequest/Page_Store/select_--Select--Amlodepin -5'

2018-05-15 17:08:09 - [TEST_STEP][PASSED] - delay: Delayed 1 second(s)

2018-05-15 17:08:10 - [MESSAGE][PASSED] - Delayed 1 second(s)

2018-05-15 17:08:10 - [TEST_STEP][PASSED] - Statement - RequestedQty = com.kms.katalon.core.webui.keyword.WebUiBuiltInKeywords.getAttribute(com.kms.katalon.core.testobject.ObjectRepository.findTestObject(PharmacyRequest/Page_Store/input_txttotal), "value"): Attribute 'value' of object 'Object Repository/PharmacyRequest/Page_Store/input_txttotal' is: '10'

2018-05-15 17:08:10 - [MESSAGE][PASSED] - Attribute 'value' of object 'Object Repository/PharmacyRequest/Page_Store/input_txttotal' is: '10'

2018-05-15 17:08:10 - [TEST_STEP][PASSED] - Statement - out.println("Requested QTY : " + RequestedQty): null

2018-05-15 17:08:10 - [TEST_STEP][PASSED] - Statement - BatchNumber = com.kms.katalon.core.webui.keyword.WebUiBuiltInKeywords.getNumberOfTotalOption(com.kms.katalon.core.testobject.ObjectRepository.findTestObject(PharmacyRequest/Page_Store/select_--Select--BA50)): 2 options of object 'Object Repository/PharmacyRequest/Page_Store/select_--Select--BA50' counted

2018-05-15 17:08:10 - [MESSAGE][PASSED] - 2 options of object 'Object Repository/PharmacyRequest/Page_Store/select_--Select--BA50' counted

2018-05-15 17:08:10 - [TEST_STEP][PASSED] - Statement - For ([g = 1, g <= BatchNumber - 1, (g++)]): null

2018-05-15 17:08:10 - [TEST_STEP][PASSED] - selectOptionByIndex: All options with index in [1] are selected on object 'Object Repository/PharmacyRequest/Page_Store/select_--Select--BA50'

2018-05-15 17:08:10 - [MESSAGE][PASSED] - All options with index in [1] are selected on object 'Object Repository/PharmacyRequest/Page_Store/select_--Select--BA50'

2018-05-15 17:08:10 - [TEST_STEP][PASSED] - delay: Delayed 2 second(s)

2018-05-15 17:08:12 - [MESSAGE][PASSED] - Delayed 2 second(s)

2018-05-15 17:08:12 - [TEST_STEP][PASSED] - Statement - StockQty = com.kms.katalon.core.webui.keyword.WebUiBuiltInKeywords.getAttribute(com.kms.katalon.core.testobject.ObjectRepository.findTestObject(PharmacyRequest/Page_Store/input_txtprice), "value"): Attribute 'value' of object 'Object Repository/PharmacyRequest/Page_Store/input_txtprice' is: '9990'

2018-05-15 17:08:12 - [MESSAGE][PASSED] - Attribute 'value' of object 'Object Repository/PharmacyRequest/Page_Store/input_txtprice' is: '9990'

2018-05-15 17:08:12 - [TEST_STEP][PASSED] - Statement - out.println("Stock QTY : " + StockQty): null

2018-05-15 17:08:12 - [TEST_STEP][PASSED] - delay: Delayed 1 second(s)

2018-05-15 17:08:13 - [MESSAGE][PASSED] - Delayed 1 second(s)

2018-05-15 17:08:13 - [TEST_STEP][PASSED] - Statement - If (java.lang.Integer.valueOf(StockQty) >= java.lang.Integer.valueOf(RequestedQty)): null

2018-05-15 17:08:13 - [TEST_STEP][PASSED] - setText: Text '10' is set on object 'Object Repository/PharmacyRequest/Page_Store/input_txtqty'

2018-05-15 17:08:14 - [MESSAGE][PASSED] - Text '10' is set on object 'Object Repository/PharmacyRequest/Page_Store/input_txtqty'

2018-05-15 17:08:14 - [TEST_STEP][PASSED] - click: Object: 'Object Repository/PharmacyRequest/Page_Store/button_Add' is clicked on

2018-05-15 17:08:19 - [MESSAGE][PASSED] - Object: 'Object Repository/PharmacyRequest/Page_Store/button_Add' is clicked on

2018-05-15 17:08:19 - [TEST_STEP][PASSED] - Statement - Break: null

2018-05-15 17:08:19 - [TEST_STEP][PASSED] - selectOptionByIndex: All options with index in [64] are selected on object 'Object Repository/PharmacyRequest/Page_Store/select_--Select--Amlodepin -5'

2018-05-15 17:08:19 - [MESSAGE][PASSED] - All options with index in [64] are selected on object 'Object Repository/PharmacyRequest/Page_Store/select_--Select--Amlodepin -5'

2018-05-15 17:08:19 - [TEST_STEP][PASSED] - delay: Delayed 1 second(s)

2018-05-15 17:08:20 - [MESSAGE][PASSED] - Delayed 1 second(s)

2018-05-15 17:08:20 - [TEST_STEP][PASSED] - Statement - RequestedQty = com.kms.katalon.core.webui.keyword.WebUiBuiltInKeywords.getAttribute(com.kms.katalon.core.testobject.ObjectRepository.findTestObject(PharmacyRequest/Page_Store/input_txttotal), "value"): Attribute 'value' of object 'Object Repository/PharmacyRequest/Page_Store/input_txttotal' is: '10'

2018-05-15 17:08:20 - [MESSAGE][PASSED] - Attribute 'value' of object 'Object Repository/PharmacyRequest/Page_Store/input_txttotal' is: '10'

2018-05-15 17:08:20 - [TEST_STEP][PASSED] - Statement - out.println("Requested QTY : " + RequestedQty): null

2018-05-15 17:08:20 - [TEST_STEP][PASSED] - Statement - BatchNumber = com.kms.katalon.core.webui.keyword.WebUiBuiltInKeywords.getNumberOfTotalOption(com.kms.katalon.core.testobject.ObjectRepository.findTestObject(PharmacyRequest/Page_Store/select_--Select--BA50)): 2 options of object 'Object Repository/PharmacyRequest/Page_Store/select_--Select--BA50' counted

2018-05-15 17:08:20 - [MESSAGE][PASSED] - 2 options of object 'Object Repository/PharmacyRequest/Page_Store/select_--Select--BA50' counted

2018-05-15 17:08:20 - [TEST_STEP][PASSED] - Statement - For ([g = 1, g <= BatchNumber - 1, (g++)]): null

2018-05-15 17:08:20 - [TEST_STEP][PASSED] - selectOptionByIndex: All options with index in [1] are selected on object 'Object Repository/PharmacyRequest/Page_Store/select_--Select--BA50'

2018-05-15 17:08:21 - [MESSAGE][PASSED] - All options with index in [1] are selected on object 'Object Repository/PharmacyRequest/Page_Store/select_--Select--BA50'

2018-05-15 17:08:21 - [TEST_STEP][PASSED] - delay: Delayed 2 second(s)

2018-05-15 17:08:23 - [MESSAGE][PASSED] - Delayed 2 second(s)

2018-05-15 17:08:23 - [TEST_STEP][PASSED] - Statement - StockQty = com.kms.katalon.core.webui.keyword.WebUiBuiltInKeywords.getAttribute(com.kms.katalon.core.testobject.ObjectRepository.findTestObject(PharmacyRequest/Page_Store/input_txtprice), "value"): Attribute 'value' of object 'Object Repository/PharmacyRequest/Page_Store/input_txtprice' is: '9864'

2018-05-15 17:08:23 - [MESSAGE][PASSED] - Attribute 'value' of object 'Object Repository/PharmacyRequest/Page_Store/input_txtprice' is: '9864'

2018-05-15 17:08:23 - [TEST_STEP][PASSED] - Statement - out.println("Stock QTY : " + StockQty): null

2018-05-15 17:08:23 - [TEST_STEP][PASSED] - delay: Delayed 1 second(s)

2018-05-15 17:08:24 - [MESSAGE][PASSED] - Delayed 1 second(s)

2018-05-15 17:08:24 - [TEST_STEP][PASSED] - Statement - If (java.lang.Integer.valueOf(StockQty) >= java.lang.Integer.valueOf(RequestedQty)): null

2018-05-15 17:08:24 - [TEST_STEP][PASSED] - setText: Text '10' is set on object 'Object Repository/PharmacyRequest/Page_Store/input_txtqty'

2018-05-15 17:08:24 - [MESSAGE][PASSED] - Text '10' is set on object 'Object Repository/PharmacyRequest/Page_Store/input_txtqty'

2018-05-15 17:08:24 - [TEST_STEP][PASSED] - click: Object: 'Object Repository/PharmacyRequest/Page_Store/button_Add' is clicked on

2018-05-15 17:08:29 - [MESSAGE][PASSED] - Object: 'Object Repository/PharmacyRequest/Page_Store/button_Add' is clicked on

2018-05-15 17:08:29 - [TEST_STEP][PASSED] - Statement - Break: null

2018-05-15 17:08:29 - [TEST_STEP][PASSED] - selectOptionByIndex: All options with index in [65] are selected on object 'Object Repository/PharmacyRequest/Page_Store/select_--Select--Amlodepin -5'

2018-05-15 17:08:29 - [MESSAGE][PASSED] - All options with index in [65] are selected on object 'Object Repository/PharmacyRequest/Page_Store/select_--Select--Amlodepin -5'

2018-05-15 17:08:29 - [TEST_STEP][PASSED] - delay: Delayed 1 second(s)

2018-05-15 17:08:30 - [MESSAGE][PASSED] - Delayed 1 second(s)

2018-05-15 17:08:30 - [TEST_STEP][PASSED] - Statement - RequestedQty = com.kms.katalon.core.webui.keyword.WebUiBuiltInKeywords.getAttribute(com.kms.katalon.core.testobject.ObjectRepository.findTestObject(PharmacyRequest/Page_Store/input_txttotal), "value"): Attribute 'value' of object 'Object Repository/PharmacyRequest/Page_Store/input_txttotal' is: '10'

2018-05-15 17:08:31 - [MESSAGE][PASSED] - Attribute 'value' of object 'Object Repository/PharmacyRequest/Page_Store/input_txttotal' is: '10'

2018-05-15 17:08:31 - [TEST_STEP][PASSED] - Statement - out.println("Requested QTY : " + RequestedQty): null

2018-05-15 17:08:31 - [TEST_STEP][PASSED] - Statement - BatchNumber = com.kms.katalon.core.webui.keyword.WebUiBuiltInKeywords.getNumberOfTotalOption(com.kms.katalon.core.testobject.ObjectRepository.findTestObject(PharmacyRequest/Page_Store/select_--Select--BA50)): 2 options of object 'Object Repository/PharmacyRequest/Page_Store/select_--Select--BA50' counted

2018-05-15 17:08:31 - [MESSAGE][PASSED] - 2 options of object 'Object Repository/PharmacyRequest/Page_Store/select_--Select--BA50' counted

2018-05-15 17:08:31 - [TEST_STEP][PASSED] - Statement - For ([g = 1, g <= BatchNumber - 1, (g++)]): null

2018-05-15 17:08:31 - [TEST_STEP][PASSED] - selectOptionByIndex: All options with index in [1] are selected on object 'Object Repository/PharmacyRequest/Page_Store/select_--Select--BA50'

2018-05-15 17:08:31 - [MESSAGE][PASSED] - All options with index in [1] are selected on object 'Object Repository/PharmacyRequest/Page_Store/select_--Select--BA50'

2018-05-15 17:08:31 - [TEST_STEP][PASSED] - delay: Delayed 2 second(s)

2018-05-15 17:08:33 - [MESSAGE][PASSED] - Delayed 2 second(s)

2018-05-15 17:08:33 - [TEST_STEP][PASSED] - Statement - StockQty = com.kms.katalon.core.webui.keyword.WebUiBuiltInKeywords.getAttribute(com.kms.katalon.core.testobject.ObjectRepository.findTestObject(PharmacyRequest/Page_Store/input_txtprice), "value"): Attribute 'value' of object 'Object Repository/PharmacyRequest/Page_Store/input_txtprice' is: '9990'

2018-05-15 17:08:33 - [MESSAGE][PASSED] - Attribute 'value' of object 'Object Repository/PharmacyRequest/Page_Store/input_txtprice' is: '9990'

2018-05-15 17:08:33 - [TEST_STEP][PASSED] - Statement - out.println("Stock QTY : " + StockQty): null

2018-05-15 17:08:33 - [TEST_STEP][PASSED] - delay: Delayed 1 second(s)

2018-05-15 17:08:34 - [MESSAGE][PASSED] - Delayed 1 second(s)

2018-05-15 17:08:34 - [TEST_STEP][PASSED] - Statement - If (java.lang.Integer.valueOf(StockQty) >= java.lang.Integer.valueOf(RequestedQty)): null

2018-05-15 17:08:34 - [TEST_STEP][PASSED] - setText: Text '10' is set on object 'Object Repository/PharmacyRequest/Page_Store/input_txtqty'

2018-05-15 17:08:34 - [MESSAGE][PASSED] - Text '10' is set on object 'Object Repository/PharmacyRequest/Page_Store/input_txtqty'

2018-05-15 17:08:34 - [TEST_STEP][PASSED] - click: Object: 'Object Repository/PharmacyRequest/Page_Store/button_Add' is clicked on

2018-05-15 17:08:39 - [MESSAGE][PASSED] - Object: 'Object Repository/PharmacyRequest/Page_Store/button_Add' is clicked on

2018-05-15 17:08:39 - [TEST_STEP][PASSED] - Statement - Break: null

2018-05-15 17:08:39 - [TEST_STEP][PASSED] - selectOptionByIndex: All options with index in [66] are selected on object 'Object Repository/PharmacyRequest/Page_Store/select_--Select--Amlodepin -5'

2018-05-15 17:08:40 - [MESSAGE][PASSED] - All options with index in [66] are selected on object 'Object Repository/PharmacyRequest/Page_Store/select_--Select--Amlodepin -5'

2018-05-15 17:08:40 - [TEST_STEP][PASSED] - delay: Delayed 1 second(s)

2018-05-15 17:08:41 - [MESSAGE][PASSED] - Delayed 1 second(s)

2018-05-15 17:08:41 - [TEST_STEP][PASSED] - Statement - RequestedQty = com.kms.katalon.core.webui.keyword.WebUiBuiltInKeywords.getAttribute(com.kms.katalon.core.testobject.ObjectRepository.findTestObject(PharmacyRequest/Page_Store/input_txttotal), "value"): Attribute 'value' of object 'Object Repository/PharmacyRequest/Page_Store/input_txttotal' is: '10'

2018-05-15 17:08:41 - [MESSAGE][PASSED] - Attribute 'value' of object 'Object Repository/PharmacyRequest/Page_Store/input_txttotal' is: '10'

2018-05-15 17:08:41 - [TEST_STEP][PASSED] - Statement - out.println("Requested QTY : " + RequestedQty): null

2018-05-15 17:08:41 - [TEST_STEP][PASSED] - Statement - BatchNumber = com.kms.katalon.core.webui.keyword.WebUiBuiltInKeywords.getNumberOfTotalOption(com.kms.katalon.core.testobject.ObjectRepository.findTestObject(PharmacyRequest/Page_Store/select_--Select--BA50)): 2 options of object 'Object Repository/PharmacyRequest/Page_Store/select_--Select--BA50' counted

2018-05-15 17:08:41 - [MESSAGE][PASSED] - 2 options of object 'Object Repository/PharmacyRequest/Page_Store/select_--Select--BA50' counted

2018-05-15 17:08:41 - [TEST_STEP][PASSED] - Statement - For ([g = 1, g <= BatchNumber - 1, (g++)]): null

2018-05-15 17:08:41 - [TEST_STEP][PASSED] - selectOptionByIndex: All options with index in [1] are selected on object 'Object Repository/PharmacyRequest/Page_Store/select_--Select--BA50'

2018-05-15 17:08:41 - [MESSAGE][PASSED] - All options with index in [1] are selected on object 'Object Repository/PharmacyRequest/Page_Store/select_--Select--BA50'

2018-05-15 17:08:41 - [TEST_STEP][PASSED] - delay: Delayed 2 second(s)

2018-05-15 17:08:43 - [MESSAGE][PASSED] - Delayed 2 second(s)

2018-05-15 17:08:43 - [TEST_STEP][PASSED] - Statement - StockQty = com.kms.katalon.core.webui.keyword.WebUiBuiltInKeywords.getAttribute(com.kms.katalon.core.testobject.ObjectRepository.findTestObject(PharmacyRequest/Page_Store/input_txtprice), "value"): Attribute 'value' of object 'Object Repository/PharmacyRequest/Page_Store/input_txtprice' is: '9990'

2018-05-15 17:08:43 - [MESSAGE][PASSED] - Attribute 'value' of object 'Object Repository/PharmacyRequest/Page_Store/input_txtprice' is: '9990'

2018-05-15 17:08:43 - [TEST_STEP][PASSED] - Statement - out.println("Stock QTY : " + StockQty): null

2018-05-15 17:08:43 - [TEST_STEP][PASSED] - delay: Delayed 1 second(s)

2018-05-15 17:08:44 - [MESSAGE][PASSED] - Delayed 1 second(s)

2018-05-15 17:08:44 - [TEST_STEP][PASSED] - Statement - If (java.lang.Integer.valueOf(StockQty) >= java.lang.Integer.valueOf(RequestedQty)): null

2018-05-15 17:08:44 - [TEST_STEP][PASSED] - setText: Text '10' is set on object 'Object Repository/PharmacyRequest/Page_Store/input_txtqty'

2018-05-15 17:08:44 - [MESSAGE][PASSED] - Text '10' is set on object 'Object Repository/PharmacyRequest/Page_Store/input_txtqty'

2018-05-15 17:08:44 - [TEST_STEP][PASSED] - click: Object: 'Object Repository/PharmacyRequest/Page_Store/button_Add' is clicked on

2018-05-15 17:08:49 - [MESSAGE][PASSED] - Object: 'Object Repository/PharmacyRequest/Page_Store/button_Add' is clicked on

2018-05-15 17:08:49 - [TEST_STEP][PASSED] - Statement - Break: null

2018-05-15 17:08:49 - [TEST_STEP][PASSED] - selectOptionByIndex: All options with index in [67] are selected on object 'Object Repository/PharmacyRequest/Page_Store/select_--Select--Amlodepin -5'

2018-05-15 17:08:50 - [MESSAGE][PASSED] - All options with index in [67] are selected on object 'Object Repository/PharmacyRequest/Page_Store/select_--Select--Amlodepin -5'

2018-05-15 17:08:50 - [TEST_STEP][PASSED] - delay: Delayed 1 second(s)

2018-05-15 17:08:51 - [MESSAGE][PASSED] - Delayed 1 second(s)

2018-05-15 17:08:51 - [TEST_STEP][PASSED] - Statement - RequestedQty = com.kms.katalon.core.webui.keyword.WebUiBuiltInKeywords.getAttribute(com.kms.katalon.core.testobject.ObjectRepository.findTestObject(PharmacyRequest/Page_Store/input_txttotal), "value"): Attribute 'value' of object 'Object Repository/PharmacyRequest/Page_Store/input_txttotal' is: '10'

2018-05-15 17:08:51 - [MESSAGE][PASSED] - Attribute 'value' of object 'Object Repository/PharmacyRequest/Page_Store/input_txttotal' is: '10'

2018-05-15 17:08:51 - [TEST_STEP][PASSED] - Statement - out.println("Requested QTY : " + RequestedQty): null

2018-05-15 17:08:51 - [TEST_STEP][PASSED] - Statement - BatchNumber = com.kms.katalon.core.webui.keyword.WebUiBuiltInKeywords.getNumberOfTotalOption(com.kms.katalon.core.testobject.ObjectRepository.findTestObject(PharmacyRequest/Page_Store/select_--Select--BA50)): 2 options of object 'Object Repository/PharmacyRequest/Page_Store/select_--Select--BA50' counted

2018-05-15 17:08:51 - [MESSAGE][PASSED] - 2 options of object 'Object Repository/PharmacyRequest/Page_Store/select_--Select--BA50' counted

2018-05-15 17:08:51 - [TEST_STEP][PASSED] - Statement - For ([g = 1, g <= BatchNumber - 1, (g++)]): null

2018-05-15 17:08:51 - [TEST_STEP][PASSED] - selectOptionByIndex: All options with index in [1] are selected on object 'Object Repository/PharmacyRequest/Page_Store/select_--Select--BA50'

2018-05-15 17:08:51 - [MESSAGE][PASSED] - All options with index in [1] are selected on object 'Object Repository/PharmacyRequest/Page_Store/select_--Select--BA50'

2018-05-15 17:08:51 - [TEST_STEP][PASSED] - delay: Delayed 2 second(s)

2018-05-15 17:08:53 - [MESSAGE][PASSED] - Delayed 2 second(s)

2018-05-15 17:08:53 - [TEST_STEP][PASSED] - Statement - StockQty = com.kms.katalon.core.webui.keyword.WebUiBuiltInKeywords.getAttribute(com.kms.katalon.core.testobject.ObjectRepository.findTestObject(PharmacyRequest/Page_Store/input_txtprice), "value"): Attribute 'value' of object 'Object Repository/PharmacyRequest/Page_Store/input_txtprice' is: '9990'

2018-05-15 17:08:53 - [MESSAGE][PASSED] - Attribute 'value' of object 'Object Repository/PharmacyRequest/Page_Store/input_txtprice' is: '9990'

2018-05-15 17:08:53 - [TEST_STEP][PASSED] - Statement - out.println("Stock QTY : " + StockQty): null

2018-05-15 17:08:53 - [TEST_STEP][PASSED] - delay: Delayed 1 second(s)

2018-05-15 17:08:54 - [MESSAGE][PASSED] - Delayed 1 second(s)

2018-05-15 17:08:54 - [TEST_STEP][PASSED] - Statement - If (java.lang.Integer.valueOf(StockQty) >= java.lang.Integer.valueOf(RequestedQty)): null

2018-05-15 17:08:54 - [TEST_STEP][PASSED] - setText: Text '10' is set on object 'Object Repository/PharmacyRequest/Page_Store/input_txtqty'

2018-05-15 17:08:54 - [MESSAGE][PASSED] - Text '10' is set on object 'Object Repository/PharmacyRequest/Page_Store/input_txtqty'

2018-05-15 17:08:54 - [TEST_STEP][PASSED] - click: Object: 'Object Repository/PharmacyRequest/Page_Store/button_Add' is clicked on

2018-05-15 17:08:59 - [MESSAGE][PASSED] - Object: 'Object Repository/PharmacyRequest/Page_Store/button_Add' is clicked on

2018-05-15 17:08:59 - [TEST_STEP][PASSED] - Statement - Break: null

2018-05-15 17:08:59 - [TEST_STEP][PASSED] - selectOptionByIndex: All options with index in [68] are selected on object 'Object Repository/PharmacyRequest/Page_Store/select_--Select--Amlodepin -5'

2018-05-15 17:09:00 - [MESSAGE][PASSED] - All options with index in [68] are selected on object 'Object Repository/PharmacyRequest/Page_Store/select_--Select--Amlodepin -5'

2018-05-15 17:09:00 - [TEST_STEP][PASSED] - delay: Delayed 1 second(s)

2018-05-15 17:09:01 - [MESSAGE][PASSED] - Delayed 1 second(s)

2018-05-15 17:09:01 - [TEST_STEP][PASSED] - Statement - RequestedQty = com.kms.katalon.core.webui.keyword.WebUiBuiltInKeywords.getAttribute(com.kms.katalon.core.testobject.ObjectRepository.findTestObject(PharmacyRequest/Page_Store/input_txttotal), "value"): Attribute 'value' of object 'Object Repository/PharmacyRequest/Page_Store/input_txttotal' is: '10'

2018-05-15 17:09:01 - [MESSAGE][PASSED] - Attribute 'value' of object 'Object Repository/PharmacyRequest/Page_Store/input_txttotal' is: '10'

2018-05-15 17:09:01 - [TEST_STEP][PASSED] - Statement - out.println("Requested QTY : " + RequestedQty): null

2018-05-15 17:09:01 - [TEST_STEP][PASSED] - Statement - BatchNumber = com.kms.katalon.core.webui.keyword.WebUiBuiltInKeywords.getNumberOfTotalOption(com.kms.katalon.core.testobject.ObjectRepository.findTestObject(PharmacyRequest/Page_Store/select_--Select--BA50)): 2 options of object 'Object Repository/PharmacyRequest/Page_Store/select_--Select--BA50' counted

2018-05-15 17:09:01 - [MESSAGE][PASSED] - 2 options of object 'Object Repository/PharmacyRequest/Page_Store/select_--Select--BA50' counted

2018-05-15 17:09:01 - [TEST_STEP][PASSED] - Statement - For ([g = 1, g <= BatchNumber - 1, (g++)]): null

2018-05-15 17:09:01 - [TEST_STEP][PASSED] - selectOptionByIndex: All options with index in [1] are selected on object 'Object Repository/PharmacyRequest/Page_Store/select_--Select--BA50'

2018-05-15 17:09:01 - [MESSAGE][PASSED] - All options with index in [1] are selected on object 'Object Repository/PharmacyRequest/Page_Store/select_--Select--BA50'

2018-05-15 17:09:01 - [TEST_STEP][PASSED] - delay: Delayed 2 second(s)

2018-05-15 17:09:03 - [MESSAGE][PASSED] - Delayed 2 second(s)

2018-05-15 17:09:03 - [TEST_STEP][PASSED] - Statement - StockQty = com.kms.katalon.core.webui.keyword.WebUiBuiltInKeywords.getAttribute(com.kms.katalon.core.testobject.ObjectRepository.findTestObject(PharmacyRequest/Page_Store/input_txtprice), "value"): Attribute 'value' of object 'Object Repository/PharmacyRequest/Page_Store/input_txtprice' is: '9990'

2018-05-15 17:09:03 - [MESSAGE][PASSED] - Attribute 'value' of object 'Object Repository/PharmacyRequest/Page_Store/input_txtprice' is: '9990'

2018-05-15 17:09:03 - [TEST_STEP][PASSED] - Statement - out.println("Stock QTY : " + StockQty): null

2018-05-15 17:09:03 - [TEST_STEP][PASSED] - delay: Delayed 1 second(s)

2018-05-15 17:09:04 - [MESSAGE][PASSED] - Delayed 1 second(s)

2018-05-15 17:09:04 - [TEST_STEP][PASSED] - Statement - If (java.lang.Integer.valueOf(StockQty) >= java.lang.Integer.valueOf(RequestedQty)): null

2018-05-15 17:09:04 - [TEST_STEP][PASSED] - setText: Text '10' is set on object 'Object Repository/PharmacyRequest/Page_Store/input_txtqty'

2018-05-15 17:09:04 - [MESSAGE][PASSED] - Text '10' is set on object 'Object Repository/PharmacyRequest/Page_Store/input_txtqty'

2018-05-15 17:09:04 - [TEST_STEP][PASSED] - click: Object: 'Object Repository/PharmacyRequest/Page_Store/button_Add' is clicked on

2018-05-15 17:09:09 - [MESSAGE][PASSED] - Object: 'Object Repository/PharmacyRequest/Page_Store/button_Add' is clicked on

2018-05-15 17:09:09 - [TEST_STEP][PASSED] - Statement - Break: null

2018-05-15 17:09:09 - [TEST_STEP][PASSED] - selectOptionByIndex: All options with index in [69] are selected on object 'Object Repository/PharmacyRequest/Page_Store/select_--Select--Amlodepin -5'

2018-05-15 17:09:10 - [MESSAGE][PASSED] - All options with index in [69] are selected on object 'Object Repository/PharmacyRequest/Page_Store/select_--Select--Amlodepin -5'

2018-05-15 17:09:10 - [TEST_STEP][PASSED] - delay: Delayed 1 second(s)

2018-05-15 17:09:11 - [MESSAGE][PASSED] - Delayed 1 second(s)

2018-05-15 17:09:11 - [TEST_STEP][PASSED] - Statement - RequestedQty = com.kms.katalon.core.webui.keyword.WebUiBuiltInKeywords.getAttribute(com.kms.katalon.core.testobject.ObjectRepository.findTestObject(PharmacyRequest/Page_Store/input_txttotal), "value"): Attribute 'value' of object 'Object Repository/PharmacyRequest/Page_Store/input_txttotal' is: '10'

2018-05-15 17:09:11 - [MESSAGE][PASSED] - Attribute 'value' of object 'Object Repository/PharmacyRequest/Page_Store/input_txttotal' is: '10'

2018-05-15 17:09:11 - [TEST_STEP][PASSED] - Statement - out.println("Requested QTY : " + RequestedQty): null

2018-05-15 17:09:11 - [TEST_STEP][PASSED] - Statement - BatchNumber = com.kms.katalon.core.webui.keyword.WebUiBuiltInKeywords.getNumberOfTotalOption(com.kms.katalon.core.testobject.ObjectRepository.findTestObject(PharmacyRequest/Page_Store/select_--Select--BA50)): 2 options of object 'Object Repository/PharmacyRequest/Page_Store/select_--Select--BA50' counted

2018-05-15 17:09:11 - [MESSAGE][PASSED] - 2 options of object 'Object Repository/PharmacyRequest/Page_Store/select_--Select--BA50' counted

2018-05-15 17:09:11 - [TEST_STEP][PASSED] - Statement - For ([g = 1, g <= BatchNumber - 1, (g++)]): null

2018-05-15 17:09:11 - [TEST_STEP][PASSED] - selectOptionByIndex: All options with index in [1] are selected on object 'Object Repository/PharmacyRequest/Page_Store/select_--Select--BA50'

2018-05-15 17:09:11 - [MESSAGE][PASSED] - All options with index in [1] are selected on object 'Object Repository/PharmacyRequest/Page_Store/select_--Select--BA50'

2018-05-15 17:09:11 - [TEST_STEP][PASSED] - delay: Delayed 2 second(s)

2018-05-15 17:09:13 - [MESSAGE][PASSED] - Delayed 2 second(s)

2018-05-15 17:09:13 - [TEST_STEP][PASSED] - Statement - StockQty = com.kms.katalon.core.webui.keyword.WebUiBuiltInKeywords.getAttribute(com.kms.katalon.core.testobject.ObjectRepository.findTestObject(PharmacyRequest/Page_Store/input_txtprice), "value"): Attribute 'value' of object 'Object Repository/PharmacyRequest/Page_Store/input_txtprice' is: '9990'

2018-05-15 17:09:13 - [MESSAGE][PASSED] - Attribute 'value' of object 'Object Repository/PharmacyRequest/Page_Store/input_txtprice' is: '9990'

2018-05-15 17:09:13 - [TEST_STEP][PASSED] - Statement - out.println("Stock QTY : " + StockQty): null

2018-05-15 17:09:13 - [TEST_STEP][PASSED] - delay: Delayed 1 second(s)

2018-05-15 17:09:14 - [MESSAGE][PASSED] - Delayed 1 second(s)

2018-05-15 17:09:14 - [TEST_STEP][PASSED] - Statement - If (java.lang.Integer.valueOf(StockQty) >= java.lang.Integer.valueOf(RequestedQty)): null

2018-05-15 17:09:14 - [TEST_STEP][PASSED] - setText: Text '10' is set on object 'Object Repository/PharmacyRequest/Page_Store/input_txtqty'

2018-05-15 17:09:14 - [MESSAGE][PASSED] - Text '10' is set on object 'Object Repository/PharmacyRequest/Page_Store/input_txtqty'

2018-05-15 17:09:14 - [TEST_STEP][PASSED] - click: Object: 'Object Repository/PharmacyRequest/Page_Store/button_Add' is clicked on

2018-05-15 17:09:19 - [MESSAGE][PASSED] - Object: 'Object Repository/PharmacyRequest/Page_Store/button_Add' is clicked on

2018-05-15 17:09:19 - [TEST_STEP][PASSED] - Statement - Break: null

2018-05-15 17:09:19 - [TEST_STEP][PASSED] - selectOptionByIndex: All options with index in [70] are selected on object 'Object Repository/PharmacyRequest/Page_Store/select_--Select--Amlodepin -5'

2018-05-15 17:09:20 - [MESSAGE][PASSED] - All options with index in [70] are selected on object 'Object Repository/PharmacyRequest/Page_Store/select_--Select--Amlodepin -5'

2018-05-15 17:09:20 - [TEST_STEP][PASSED] - delay: Delayed 1 second(s)

2018-05-15 17:09:21 - [MESSAGE][PASSED] - Delayed 1 second(s)

2018-05-15 17:09:21 - [TEST_STEP][PASSED] - Statement - RequestedQty = com.kms.katalon.core.webui.keyword.WebUiBuiltInKeywords.getAttribute(com.kms.katalon.core.testobject.ObjectRepository.findTestObject(PharmacyRequest/Page_Store/input_txttotal), "value"): Attribute 'value' of object 'Object Repository/PharmacyRequest/Page_Store/input_txttotal' is: '10'

2018-05-15 17:09:21 - [MESSAGE][PASSED] - Attribute 'value' of object 'Object Repository/PharmacyRequest/Page_Store/input_txttotal' is: '10'

2018-05-15 17:09:21 - [TEST_STEP][PASSED] - Statement - out.println("Requested QTY : " + RequestedQty): null

2018-05-15 17:09:21 - [TEST_STEP][PASSED] - Statement - BatchNumber = com.kms.katalon.core.webui.keyword.WebUiBuiltInKeywords.getNumberOfTotalOption(com.kms.katalon.core.testobject.ObjectRepository.findTestObject(PharmacyRequest/Page_Store/select_--Select--BA50)): 2 options of object 'Object Repository/PharmacyRequest/Page_Store/select_--Select--BA50' counted

2018-05-15 17:09:21 - [MESSAGE][PASSED] - 2 options of object 'Object Repository/PharmacyRequest/Page_Store/select_--Select--BA50' counted

2018-05-15 17:09:21 - [TEST_STEP][PASSED] - Statement - For ([g = 1, g <= BatchNumber - 1, (g++)]): null

2018-05-15 17:09:21 - [TEST_STEP][PASSED] - selectOptionByIndex: All options with index in [1] are selected on object 'Object Repository/PharmacyRequest/Page_Store/select_--Select--BA50'

2018-05-15 17:09:21 - [MESSAGE][PASSED] - All options with index in [1] are selected on object 'Object Repository/PharmacyRequest/Page_Store/select_--Select--BA50'

2018-05-15 17:09:21 - [TEST_STEP][PASSED] - delay: Delayed 2 second(s)

2018-05-15 17:09:23 - [MESSAGE][PASSED] - Delayed 2 second(s)

2018-05-15 17:09:23 - [TEST_STEP][PASSED] - Statement - StockQty = com.kms.katalon.core.webui.keyword.WebUiBuiltInKeywords.getAttribute(com.kms.katalon.core.testobject.ObjectRepository.findTestObject(PharmacyRequest/Page_Store/input_txtprice), "value"): Attribute 'value' of object 'Object Repository/PharmacyRequest/Page_Store/input_txtprice' is: '9990'

2018-05-15 17:09:23 - [MESSAGE][PASSED] - Attribute 'value' of object 'Object Repository/PharmacyRequest/Page_Store/input_txtprice' is: '9990'

2018-05-15 17:09:23 - [TEST_STEP][PASSED] - Statement - out.println("Stock QTY : " + StockQty): null

2018-05-15 17:09:23 - [TEST_STEP][PASSED] - delay: Delayed 1 second(s)

2018-05-15 17:09:24 - [MESSAGE][PASSED] - Delayed 1 second(s)

2018-05-15 17:09:24 - [TEST_STEP][PASSED] - Statement - If (java.lang.Integer.valueOf(StockQty) >= java.lang.Integer.valueOf(RequestedQty)): null

2018-05-15 17:09:24 - [TEST_STEP][PASSED] - setText: Text '10' is set on object 'Object Repository/PharmacyRequest/Page_Store/input_txtqty'

2018-05-15 17:09:24 - [MESSAGE][PASSED] - Text '10' is set on object 'Object Repository/PharmacyRequest/Page_Store/input_txtqty'

2018-05-15 17:09:24 - [TEST_STEP][PASSED] - click: Object: 'Object Repository/PharmacyRequest/Page_Store/button_Add' is clicked on

2018-05-15 17:09:29 - [MESSAGE][PASSED] - Object: 'Object Repository/PharmacyRequest/Page_Store/button_Add' is clicked on

2018-05-15 17:09:29 - [TEST_STEP][PASSED] - Statement - Break: null

2018-05-15 17:09:29 - [TEST_STEP][PASSED] - selectOptionByIndex: All options with index in [71] are selected on object 'Object Repository/PharmacyRequest/Page_Store/select_--Select--Amlodepin -5'

2018-05-15 17:09:30 - [MESSAGE][PASSED] - All options with index in [71] are selected on object 'Object Repository/PharmacyRequest/Page_Store/select_--Select--Amlodepin -5'

2018-05-15 17:09:30 - [TEST_STEP][PASSED] - delay: Delayed 1 second(s)

2018-05-15 17:09:31 - [MESSAGE][PASSED] - Delayed 1 second(s)

2018-05-15 17:09:31 - [TEST_STEP][PASSED] - Statement - RequestedQty = com.kms.katalon.core.webui.keyword.WebUiBuiltInKeywords.getAttribute(com.kms.katalon.core.testobject.ObjectRepository.findTestObject(PharmacyRequest/Page_Store/input_txttotal), "value"): Attribute 'value' of object 'Object Repository/PharmacyRequest/Page_Store/input_txttotal' is: '10'

2018-05-15 17:09:31 - [MESSAGE][PASSED] - Attribute 'value' of object 'Object Repository/PharmacyRequest/Page_Store/input_txttotal' is: '10'

2018-05-15 17:09:31 - [TEST_STEP][PASSED] - Statement - out.println("Requested QTY : " + RequestedQty): null

2018-05-15 17:09:31 - [TEST_STEP][PASSED] - Statement - BatchNumber = com.kms.katalon.core.webui.keyword.WebUiBuiltInKeywords.getNumberOfTotalOption(com.kms.katalon.core.testobject.ObjectRepository.findTestObject(PharmacyRequest/Page_Store/select_--Select--BA50)): 2 options of object 'Object Repository/PharmacyRequest/Page_Store/select_--Select--BA50' counted

2018-05-15 17:09:31 - [MESSAGE][PASSED] - 2 options of object 'Object Repository/PharmacyRequest/Page_Store/select_--Select--BA50' counted

2018-05-15 17:09:31 - [TEST_STEP][PASSED] - Statement - For ([g = 1, g <= BatchNumber - 1, (g++)]): null

2018-05-15 17:09:31 - [TEST_STEP][PASSED] - selectOptionByIndex: All options with index in [1] are selected on object 'Object Repository/PharmacyRequest/Page_Store/select_--Select--BA50'

2018-05-15 17:09:31 - [MESSAGE][PASSED] - All options with index in [1] are selected on object 'Object Repository/PharmacyRequest/Page_Store/select_--Select--BA50'

2018-05-15 17:09:31 - [TEST_STEP][PASSED] - delay: Delayed 2 second(s)

2018-05-15 17:09:33 - [MESSAGE][PASSED] - Delayed 2 second(s)

2018-05-15 17:09:33 - [TEST_STEP][PASSED] - Statement - StockQty = com.kms.katalon.core.webui.keyword.WebUiBuiltInKeywords.getAttribute(com.kms.katalon.core.testobject.ObjectRepository.findTestObject(PharmacyRequest/Page_Store/input_txtprice), "value"): Attribute 'value' of object 'Object Repository/PharmacyRequest/Page_Store/input_txtprice' is: '9990'

2018-05-15 17:09:33 - [MESSAGE][PASSED] - Attribute 'value' of object 'Object Repository/PharmacyRequest/Page_Store/input_txtprice' is: '9990'

2018-05-15 17:09:33 - [TEST_STEP][PASSED] - Statement - out.println("Stock QTY : " + StockQty): null

2018-05-15 17:09:33 - [TEST_STEP][PASSED] - delay: Delayed 1 second(s)

2018-05-15 17:09:34 - [MESSAGE][PASSED] - Delayed 1 second(s)

2018-05-15 17:09:34 - [TEST_STEP][PASSED] - Statement - If (java.lang.Integer.valueOf(StockQty) >= java.lang.Integer.valueOf(RequestedQty)): null

2018-05-15 17:09:34 - [TEST_STEP][PASSED] - setText: Text '10' is set on object 'Object Repository/PharmacyRequest/Page_Store/input_txtqty'

2018-05-15 17:09:35 - [MESSAGE][PASSED] - Text '10' is set on object 'Object Repository/PharmacyRequest/Page_Store/input_txtqty'

2018-05-15 17:09:35 - [TEST_STEP][PASSED] - click: Object: 'Object Repository/PharmacyRequest/Page_Store/button_Add' is clicked on

2018-05-15 17:09:40 - [MESSAGE][PASSED] - Object: 'Object Repository/PharmacyRequest/Page_Store/button_Add' is clicked on

2018-05-15 17:09:40 - [TEST_STEP][PASSED] - Statement - Break: null

2018-05-15 17:09:40 - [TEST_STEP][PASSED] - selectOptionByIndex: All options with index in [72] are selected on object 'Object Repository/PharmacyRequest/Page_Store/select_--Select--Amlodepin -5'

2018-05-15 17:09:40 - [MESSAGE][PASSED] - All options with index in [72] are selected on object 'Object Repository/PharmacyRequest/Page_Store/select_--Select--Amlodepin -5'

2018-05-15 17:09:40 - [TEST_STEP][PASSED] - delay: Delayed 1 second(s)

2018-05-15 17:09:41 - [MESSAGE][PASSED] - Delayed 1 second(s)

2018-05-15 17:09:41 - [TEST_STEP][PASSED] - Statement - RequestedQty = com.kms.katalon.core.webui.keyword.WebUiBuiltInKeywords.getAttribute(com.kms.katalon.core.testobject.ObjectRepository.findTestObject(PharmacyRequest/Page_Store/input_txttotal), "value"): Attribute 'value' of object 'Object Repository/PharmacyRequest/Page_Store/input_txttotal' is: '10'

2018-05-15 17:09:41 - [MESSAGE][PASSED] - Attribute 'value' of object 'Object Repository/PharmacyRequest/Page_Store/input_txttotal' is: '10'

2018-05-15 17:09:41 - [TEST_STEP][PASSED] - Statement - out.println("Requested QTY : " + RequestedQty): null

2018-05-15 17:09:41 - [TEST_STEP][PASSED] - Statement - BatchNumber = com.kms.katalon.core.webui.keyword.WebUiBuiltInKeywords.getNumberOfTotalOption(com.kms.katalon.core.testobject.ObjectRepository.findTestObject(PharmacyRequest/Page_Store/select_--Select--BA50)): 2 options of object 'Object Repository/PharmacyRequest/Page_Store/select_--Select--BA50' counted

2018-05-15 17:09:41 - [MESSAGE][PASSED] - 2 options of object 'Object Repository/PharmacyRequest/Page_Store/select_--Select--BA50' counted

2018-05-15 17:09:41 - [TEST_STEP][PASSED] - Statement - For ([g = 1, g <= BatchNumber - 1, (g++)]): null

2018-05-15 17:09:41 - [TEST_STEP][PASSED] - selectOptionByIndex: All options with index in [1] are selected on object 'Object Repository/PharmacyRequest/Page_Store/select_--Select--BA50'

2018-05-15 17:09:42 - [MESSAGE][PASSED] - All options with index in [1] are selected on object 'Object Repository/PharmacyRequest/Page_Store/select_--Select--BA50'

2018-05-15 17:09:42 - [TEST_STEP][PASSED] - delay: Delayed 2 second(s)

2018-05-15 17:09:44 - [MESSAGE][PASSED] - Delayed 2 second(s)

2018-05-15 17:09:44 - [TEST_STEP][PASSED] - Statement - StockQty = com.kms.katalon.core.webui.keyword.WebUiBuiltInKeywords.getAttribute(com.kms.katalon.core.testobject.ObjectRepository.findTestObject(PharmacyRequest/Page_Store/input_txtprice), "value"): Attribute 'value' of object 'Object Repository/PharmacyRequest/Page_Store/input_txtprice' is: '9990'

2018-05-15 17:09:44 - [MESSAGE][PASSED] - Attribute 'value' of object 'Object Repository/PharmacyRequest/Page_Store/input_txtprice' is: '9990'

2018-05-15 17:09:44 - [TEST_STEP][PASSED] - Statement - out.println("Stock QTY : " + StockQty): null

2018-05-15 17:09:44 - [TEST_STEP][PASSED] - delay: Delayed 1 second(s)

2018-05-15 17:09:45 - [MESSAGE][PASSED] - Delayed 1 second(s)

2018-05-15 17:09:45 - [TEST_STEP][PASSED] - Statement - If (java.lang.Integer.valueOf(StockQty) >= java.lang.Integer.valueOf(RequestedQty)): null

2018-05-15 17:09:45 - [TEST_STEP][PASSED] - setText: Text '10' is set on object 'Object Repository/PharmacyRequest/Page_Store/input_txtqty'

2018-05-15 17:09:45 - [MESSAGE][PASSED] - Text '10' is set on object 'Object Repository/PharmacyRequest/Page_Store/input_txtqty'

2018-05-15 17:09:45 - [TEST_STEP][PASSED] - click: Object: 'Object Repository/PharmacyRequest/Page_Store/button_Add' is clicked on

2018-05-15 17:09:50 - [MESSAGE][PASSED] - Object: 'Object Repository/PharmacyRequest/Page_Store/button_Add' is clicked on

2018-05-15 17:09:50 - [TEST_STEP][PASSED] - Statement - Break: null

2018-05-15 17:09:50 - [TEST_STEP][PASSED] - scrollToElement: Scroll to object 'Object Repository/PharmacyRequest/Page_Store/input_btnSubmit' successfully

2018-05-15 17:09:50 - [MESSAGE][PASSED] - Scroll to object 'Object Repository/PharmacyRequest/Page_Store/input_btnSubmit' successfully

2018-05-15 17:09:50 - [TEST_STEP][PASSED] - click: Object: 'Object Repository/PharmacyRequest/Page_Store/input_btnSubmit' is clicked on

2018-05-15 17:09:55 - [MESSAGE][PASSED] - Object: 'Object Repository/PharmacyRequest/Page_Store/input_btnSubmit' is clicked on

2018-05-15 17:09:55 - [TEST_STEP][PASSED] - delay: Delayed 3 second(s)

2018-05-15 17:09:58 - [MESSAGE][PASSED] - Delayed 3 second(s)

2018-05-15 17:09:58 - [TEST_STEP][PASSED] - click: Object: 'Object Repository/PharmacyRequest/Page_Store/button_OK' is clicked on

2018-05-15 17:10:06 - [MESSAGE][PASSED] - Object: 'Object Repository/PharmacyRequest/Page_Store/button_OK' is clicked on

2018-05-15 17:10:06 - [TEST_STEP][PASSED] - delay: Delayed 3 second(s)

2018-05-15 17:10:09 - [MESSAGE][PASSED] - Delayed 3 second(s)

2018-05-15 17:10:09 - [TEST_STEP][PASSED] - click: Object: 'Object Repository/PharmacyRequest/Page_Store/a_dropdown-toggle' is clicked on

2018-05-15 17:10:14 - [MESSAGE][PASSED] - Object: 'Object Repository/PharmacyRequest/Page_Store/a_dropdown-toggle' is clicked on

2018-05-15 17:10:14 - [TEST_STEP][PASSED] - click: Object: 'Object Repository/PharmacyRequest/Page_Store/a_Sign out' is clicked on

2018-05-15 17:10:19 - [MESSAGE][PASSED] - Object: 'Object Repository/PharmacyRequest/Page_Store/a_Sign out' is clicked on

2018-05-15 17:10:19 - [TEST_STEP][PASSED] - closeBrowser: Browser is closed

2018-05-15 17:10:20 - [MESSAGE][PASSED] - Browser is closed

2018-05-15 17:10:20 - [TEST_STEP][PASSED] - Statement - out.println("Schedule 2 Pharmacy Request Are Working Successfully"): null]]></system-out>
         <system-err><![CDATA[]]></system-err>
      </testcase>
      <testcase name="Test Cases/PHARMACY TEST CASES/TC_PHAR_003 Verify Schedule 3 Pharmacy Request Are Working Successfully Or Not" classname="Test Cases/PHARMACY TEST CASES/TC_PHAR_003 Verify Schedule 3 Pharmacy Request Are Working Successfully Or Not" status="FAILED">
         <failure type="FAILED" message="Unable to click on object 'Object Repository/PharmacyRequest/Page_KDMC - CMO/input_2' (Root cause: com.kms.katalon.core.webui.exception.WebElementNotFoundException: Web element with id: 'Object Repository/PharmacyRequest/Page_KDMC - CMO/input_2' located by 'By.xpath: //*[@id=121][count(. | //input[@type = 'button']) = count(//input[@type = 'button'])]' not found)"/>
         <system-out><![CDATA[2018-05-15 17:10:20 - [TEST_CASE][FAILED] - Test Cases/PHARMACY TEST CASES/TC_PHAR_003 Verify Schedule 3 Pharmacy Request Are Working Successfully Or Not: Test Cases/PHARMACY TEST CASES/TC_PHAR_003 Verify Schedule 3 Pharmacy Request Are Working Successfully Or Not FAILED because (of) Unable to click on object 'Object Repository/PharmacyRequest/Page_KDMC - CMO/input_2' (Root cause: com.kms.katalon.core.webui.exception.WebElementNotFoundException: Web element with id: 'Object Repository/PharmacyRequest/Page_KDMC - CMO/input_2' located by 'By.xpath: //*[@id=121][count(. | //input[@type = 'button']) = count(//input[@type = 'button'])]' not found)

2018-05-15 17:10:20 - [TEST_STEP][PASSED] - openBrowser: Browser is opened with url: ''

2018-05-15 17:10:22 - [MESSAGE][PASSED] - Browser is opened with url: ''

2018-05-15 17:10:22 - [TEST_STEP][PASSED] - Statement - out.println("Verify Schedule 3 Pharmacy Request Are Working Successfully Or Not"): null

2018-05-15 17:10:22 - [TEST_STEP][PASSED] - navigateToUrl: Navigate to 'http://192.168.137.1/multihospital_new/' successfully

2018-05-15 17:10:25 - [MESSAGE][PASSED] - Navigate to 'http://192.168.137.1/multihospital_new/' successfully

2018-05-15 17:10:25 - [TEST_STEP][PASSED] - maximizeWindow: Current window maximized

2018-05-15 17:10:26 - [MESSAGE][PASSED] - Current window maximized

2018-05-15 17:10:26 - [TEST_STEP][PASSED] - click: Object: 'Object Repository/PharmacyRequest/Page_KDMC/a_Pharmacy' is clicked on

2018-05-15 17:10:26 - [MESSAGE][PASSED] - Object: 'Object Repository/PharmacyRequest/Page_KDMC/a_Pharmacy' is clicked on

2018-05-15 17:10:26 - [TEST_STEP][PASSED] - setText: Text 'raja' is set on object 'Object Repository/PharmacyRequest/Page_Pharmacy login/input_txtusername'

2018-05-15 17:10:26 - [MESSAGE][PASSED] - Text 'raja' is set on object 'Object Repository/PharmacyRequest/Page_Pharmacy login/input_txtusername'

2018-05-15 17:10:26 - [TEST_STEP][PASSED] - setText: Text '123' is set on object 'Object Repository/PharmacyRequest/Page_Pharmacy login/input_txtpassword'

2018-05-15 17:10:27 - [MESSAGE][PASSED] - Text '123' is set on object 'Object Repository/PharmacyRequest/Page_Pharmacy login/input_txtpassword'

2018-05-15 17:10:27 - [TEST_STEP][PASSED] - delay: Delayed 3 second(s)

2018-05-15 17:10:30 - [MESSAGE][PASSED] - Delayed 3 second(s)

2018-05-15 17:10:30 - [TEST_STEP][PASSED] - click: Object: 'Object Repository/PharmacyRequest/Page_Pharmacy login/button_Sign in' is clicked on

2018-05-15 17:10:30 - [MESSAGE][PASSED] - Object: 'Object Repository/PharmacyRequest/Page_Pharmacy login/button_Sign in' is clicked on

2018-05-15 17:10:30 - [TEST_STEP][PASSED] - delay: Delayed 3 second(s)

2018-05-15 17:10:33 - [MESSAGE][PASSED] - Delayed 3 second(s)

2018-05-15 17:10:33 - [TEST_STEP][PASSED] - click: Object: 'Object Repository/PharmacyRequest/Page_KDMC - Pharmacy/a_Inventory' is clicked on

2018-05-15 17:10:35 - [MESSAGE][PASSED] - Object: 'Object Repository/PharmacyRequest/Page_KDMC - Pharmacy/a_Inventory' is clicked on

2018-05-15 17:10:35 - [TEST_STEP][PASSED] - delay: Delayed 3 second(s)

2018-05-15 17:10:38 - [MESSAGE][PASSED] - Delayed 3 second(s)

2018-05-15 17:10:38 - [TEST_STEP][PASSED] - click: Object: 'Object Repository/PharmacyRequest/Page_KDMC-Pharmacy/a_Store Request' is clicked on

2018-05-15 17:10:38 - [MESSAGE][PASSED] - Object: 'Object Repository/PharmacyRequest/Page_KDMC-Pharmacy/a_Store Request' is clicked on

2018-05-15 17:10:38 - [TEST_STEP][PASSED] - click: Object: 'Object Repository/PharmacyRequest/Page_KDMC-Pharmacy/a_Medicine Request' is clicked on

2018-05-15 17:10:38 - [MESSAGE][PASSED] - Object: 'Object Repository/PharmacyRequest/Page_KDMC-Pharmacy/a_Medicine Request' is clicked on

2018-05-15 17:10:38 - [TEST_STEP][PASSED] - selectOptionByIndex: All options with index in [3] are selected on object 'Object Repository/PharmacyRequest/Page_KDMC-Pharmacy/select_--Select--Schedule 1Inj'

2018-05-15 17:10:39 - [MESSAGE][PASSED] - All options with index in [3] are selected on object 'Object Repository/PharmacyRequest/Page_KDMC-Pharmacy/select_--Select--Schedule 1Inj'

2018-05-15 17:10:39 - [TEST_STEP][PASSED] - Statement - MedicineLength = com.kms.katalon.core.webui.keyword.WebUiBuiltInKeywords.getNumberOfTotalOption(com.kms.katalon.core.testobject.ObjectRepository.findTestObject(PharmacyRequest/Page_KDMC-Pharmacy/select_--Select--Albendazole)): 37 options of object 'Object Repository/PharmacyRequest/Page_KDMC-Pharmacy/select_--Select--Albendazole' counted

2018-05-15 17:10:39 - [MESSAGE][PASSED] - 37 options of object 'Object Repository/PharmacyRequest/Page_KDMC-Pharmacy/select_--Select--Albendazole' counted

2018-05-15 17:10:39 - [TEST_STEP][PASSED] - Statement - For ([l = 1, l <= MedicineLength - 1, (l++)]): Object: 'Object Repository/PharmacyRequest/Page_KDMC-Pharmacy/button_Add' is clicked on

2018-05-15 17:10:39 - [TEST_STEP][PASSED] - selectOptionByIndex: All options with index in [3] are selected on object 'Object Repository/PharmacyRequest/Page_KDMC-Pharmacy/select_--Select--Schedule 1Inj'

2018-05-15 17:10:39 - [MESSAGE][PASSED] - All options with index in [3] are selected on object 'Object Repository/PharmacyRequest/Page_KDMC-Pharmacy/select_--Select--Schedule 1Inj'

2018-05-15 17:10:39 - [TEST_STEP][PASSED] - selectOptionByIndex: All options with index in [1] are selected on object 'Object Repository/PharmacyRequest/Page_KDMC-Pharmacy/select_--Select--Albendazole'

2018-05-15 17:10:39 - [MESSAGE][PASSED] - All options with index in [1] are selected on object 'Object Repository/PharmacyRequest/Page_KDMC-Pharmacy/select_--Select--Albendazole'

2018-05-15 17:10:39 - [TEST_STEP][PASSED] - setText: Text '10' is set on object 'Object Repository/PharmacyRequest/Page_KDMC-Pharmacy/input_txttreat'

2018-05-15 17:10:39 - [MESSAGE][PASSED] - Text '10' is set on object 'Object Repository/PharmacyRequest/Page_KDMC-Pharmacy/input_txttreat'

2018-05-15 17:10:39 - [TEST_STEP][PASSED] - click: Object: 'Object Repository/PharmacyRequest/Page_KDMC-Pharmacy/button_Add' is clicked on

2018-05-15 17:10:39 - [MESSAGE][PASSED] - Object: 'Object Repository/PharmacyRequest/Page_KDMC-Pharmacy/button_Add' is clicked on

2018-05-15 17:10:39 - [TEST_STEP][PASSED] - selectOptionByIndex: All options with index in [3] are selected on object 'Object Repository/PharmacyRequest/Page_KDMC-Pharmacy/select_--Select--Schedule 1Inj'

2018-05-15 17:10:39 - [MESSAGE][PASSED] - All options with index in [3] are selected on object 'Object Repository/PharmacyRequest/Page_KDMC-Pharmacy/select_--Select--Schedule 1Inj'

2018-05-15 17:10:39 - [TEST_STEP][PASSED] - selectOptionByIndex: All options with index in [2] are selected on object 'Object Repository/PharmacyRequest/Page_KDMC-Pharmacy/select_--Select--Albendazole'

2018-05-15 17:10:40 - [MESSAGE][PASSED] - All options with index in [2] are selected on object 'Object Repository/PharmacyRequest/Page_KDMC-Pharmacy/select_--Select--Albendazole'

2018-05-15 17:10:40 - [TEST_STEP][PASSED] - setText: Text '10' is set on object 'Object Repository/PharmacyRequest/Page_KDMC-Pharmacy/input_txttreat'

2018-05-15 17:10:40 - [MESSAGE][PASSED] - Text '10' is set on object 'Object Repository/PharmacyRequest/Page_KDMC-Pharmacy/input_txttreat'

2018-05-15 17:10:40 - [TEST_STEP][PASSED] - click: Object: 'Object Repository/PharmacyRequest/Page_KDMC-Pharmacy/button_Add' is clicked on

2018-05-15 17:10:40 - [MESSAGE][PASSED] - Object: 'Object Repository/PharmacyRequest/Page_KDMC-Pharmacy/button_Add' is clicked on

2018-05-15 17:10:40 - [TEST_STEP][PASSED] - selectOptionByIndex: All options with index in [3] are selected on object 'Object Repository/PharmacyRequest/Page_KDMC-Pharmacy/select_--Select--Schedule 1Inj'

2018-05-15 17:10:40 - [MESSAGE][PASSED] - All options with index in [3] are selected on object 'Object Repository/PharmacyRequest/Page_KDMC-Pharmacy/select_--Select--Schedule 1Inj'

2018-05-15 17:10:40 - [TEST_STEP][PASSED] - selectOptionByIndex: All options with index in [3] are selected on object 'Object Repository/PharmacyRequest/Page_KDMC-Pharmacy/select_--Select--Albendazole'

2018-05-15 17:10:40 - [MESSAGE][PASSED] - All options with index in [3] are selected on object 'Object Repository/PharmacyRequest/Page_KDMC-Pharmacy/select_--Select--Albendazole'

2018-05-15 17:10:40 - [TEST_STEP][PASSED] - setText: Text '10' is set on object 'Object Repository/PharmacyRequest/Page_KDMC-Pharmacy/input_txttreat'

2018-05-15 17:10:40 - [MESSAGE][PASSED] - Text '10' is set on object 'Object Repository/PharmacyRequest/Page_KDMC-Pharmacy/input_txttreat'

2018-05-15 17:10:40 - [TEST_STEP][PASSED] - click: Object: 'Object Repository/PharmacyRequest/Page_KDMC-Pharmacy/button_Add' is clicked on

2018-05-15 17:10:40 - [MESSAGE][PASSED] - Object: 'Object Repository/PharmacyRequest/Page_KDMC-Pharmacy/button_Add' is clicked on

2018-05-15 17:10:40 - [TEST_STEP][PASSED] - selectOptionByIndex: All options with index in [3] are selected on object 'Object Repository/PharmacyRequest/Page_KDMC-Pharmacy/select_--Select--Schedule 1Inj'

2018-05-15 17:10:40 - [MESSAGE][PASSED] - All options with index in [3] are selected on object 'Object Repository/PharmacyRequest/Page_KDMC-Pharmacy/select_--Select--Schedule 1Inj'

2018-05-15 17:10:40 - [TEST_STEP][PASSED] - selectOptionByIndex: All options with index in [4] are selected on object 'Object Repository/PharmacyRequest/Page_KDMC-Pharmacy/select_--Select--Albendazole'

2018-05-15 17:10:40 - [MESSAGE][PASSED] - All options with index in [4] are selected on object 'Object Repository/PharmacyRequest/Page_KDMC-Pharmacy/select_--Select--Albendazole'

2018-05-15 17:10:40 - [TEST_STEP][PASSED] - setText: Text '10' is set on object 'Object Repository/PharmacyRequest/Page_KDMC-Pharmacy/input_txttreat'

2018-05-15 17:10:40 - [MESSAGE][PASSED] - Text '10' is set on object 'Object Repository/PharmacyRequest/Page_KDMC-Pharmacy/input_txttreat'

2018-05-15 17:10:40 - [TEST_STEP][PASSED] - click: Object: 'Object Repository/PharmacyRequest/Page_KDMC-Pharmacy/button_Add' is clicked on

2018-05-15 17:10:40 - [MESSAGE][PASSED] - Object: 'Object Repository/PharmacyRequest/Page_KDMC-Pharmacy/button_Add' is clicked on

2018-05-15 17:10:40 - [TEST_STEP][PASSED] - selectOptionByIndex: All options with index in [3] are selected on object 'Object Repository/PharmacyRequest/Page_KDMC-Pharmacy/select_--Select--Schedule 1Inj'

2018-05-15 17:10:41 - [MESSAGE][PASSED] - All options with index in [3] are selected on object 'Object Repository/PharmacyRequest/Page_KDMC-Pharmacy/select_--Select--Schedule 1Inj'

2018-05-15 17:10:41 - [TEST_STEP][PASSED] - selectOptionByIndex: All options with index in [5] are selected on object 'Object Repository/PharmacyRequest/Page_KDMC-Pharmacy/select_--Select--Albendazole'

2018-05-15 17:10:41 - [MESSAGE][PASSED] - All options with index in [5] are selected on object 'Object Repository/PharmacyRequest/Page_KDMC-Pharmacy/select_--Select--Albendazole'

2018-05-15 17:10:41 - [TEST_STEP][PASSED] - setText: Text '10' is set on object 'Object Repository/PharmacyRequest/Page_KDMC-Pharmacy/input_txttreat'

2018-05-15 17:10:41 - [MESSAGE][PASSED] - Text '10' is set on object 'Object Repository/PharmacyRequest/Page_KDMC-Pharmacy/input_txttreat'

2018-05-15 17:10:41 - [TEST_STEP][PASSED] - click: Object: 'Object Repository/PharmacyRequest/Page_KDMC-Pharmacy/button_Add' is clicked on

2018-05-15 17:10:41 - [MESSAGE][PASSED] - Object: 'Object Repository/PharmacyRequest/Page_KDMC-Pharmacy/button_Add' is clicked on

2018-05-15 17:10:41 - [TEST_STEP][PASSED] - selectOptionByIndex: All options with index in [3] are selected on object 'Object Repository/PharmacyRequest/Page_KDMC-Pharmacy/select_--Select--Schedule 1Inj'

2018-05-15 17:10:41 - [MESSAGE][PASSED] - All options with index in [3] are selected on object 'Object Repository/PharmacyRequest/Page_KDMC-Pharmacy/select_--Select--Schedule 1Inj'

2018-05-15 17:10:41 - [TEST_STEP][PASSED] - selectOptionByIndex: All options with index in [6] are selected on object 'Object Repository/PharmacyRequest/Page_KDMC-Pharmacy/select_--Select--Albendazole'

2018-05-15 17:10:41 - [MESSAGE][PASSED] - All options with index in [6] are selected on object 'Object Repository/PharmacyRequest/Page_KDMC-Pharmacy/select_--Select--Albendazole'

2018-05-15 17:10:41 - [TEST_STEP][PASSED] - setText: Text '10' is set on object 'Object Repository/PharmacyRequest/Page_KDMC-Pharmacy/input_txttreat'

2018-05-15 17:10:41 - [MESSAGE][PASSED] - Text '10' is set on object 'Object Repository/PharmacyRequest/Page_KDMC-Pharmacy/input_txttreat'

2018-05-15 17:10:41 - [TEST_STEP][PASSED] - click: Object: 'Object Repository/PharmacyRequest/Page_KDMC-Pharmacy/button_Add' is clicked on

2018-05-15 17:10:41 - [MESSAGE][PASSED] - Object: 'Object Repository/PharmacyRequest/Page_KDMC-Pharmacy/button_Add' is clicked on

2018-05-15 17:10:41 - [TEST_STEP][PASSED] - selectOptionByIndex: All options with index in [3] are selected on object 'Object Repository/PharmacyRequest/Page_KDMC-Pharmacy/select_--Select--Schedule 1Inj'

2018-05-15 17:10:41 - [MESSAGE][PASSED] - All options with index in [3] are selected on object 'Object Repository/PharmacyRequest/Page_KDMC-Pharmacy/select_--Select--Schedule 1Inj'

2018-05-15 17:10:41 - [TEST_STEP][PASSED] - selectOptionByIndex: All options with index in [7] are selected on object 'Object Repository/PharmacyRequest/Page_KDMC-Pharmacy/select_--Select--Albendazole'

2018-05-15 17:10:42 - [MESSAGE][PASSED] - All options with index in [7] are selected on object 'Object Repository/PharmacyRequest/Page_KDMC-Pharmacy/select_--Select--Albendazole'

2018-05-15 17:10:42 - [TEST_STEP][PASSED] - setText: Text '10' is set on object 'Object Repository/PharmacyRequest/Page_KDMC-Pharmacy/input_txttreat'

2018-05-15 17:10:42 - [MESSAGE][PASSED] - Text '10' is set on object 'Object Repository/PharmacyRequest/Page_KDMC-Pharmacy/input_txttreat'

2018-05-15 17:10:42 - [TEST_STEP][PASSED] - click: Object: 'Object Repository/PharmacyRequest/Page_KDMC-Pharmacy/button_Add' is clicked on

2018-05-15 17:10:42 - [MESSAGE][PASSED] - Object: 'Object Repository/PharmacyRequest/Page_KDMC-Pharmacy/button_Add' is clicked on

2018-05-15 17:10:42 - [TEST_STEP][PASSED] - selectOptionByIndex: All options with index in [3] are selected on object 'Object Repository/PharmacyRequest/Page_KDMC-Pharmacy/select_--Select--Schedule 1Inj'

2018-05-15 17:10:42 - [MESSAGE][PASSED] - All options with index in [3] are selected on object 'Object Repository/PharmacyRequest/Page_KDMC-Pharmacy/select_--Select--Schedule 1Inj'

2018-05-15 17:10:42 - [TEST_STEP][PASSED] - selectOptionByIndex: All options with index in [8] are selected on object 'Object Repository/PharmacyRequest/Page_KDMC-Pharmacy/select_--Select--Albendazole'

2018-05-15 17:10:42 - [MESSAGE][PASSED] - All options with index in [8] are selected on object 'Object Repository/PharmacyRequest/Page_KDMC-Pharmacy/select_--Select--Albendazole'

2018-05-15 17:10:42 - [TEST_STEP][PASSED] - setText: Text '10' is set on object 'Object Repository/PharmacyRequest/Page_KDMC-Pharmacy/input_txttreat'

2018-05-15 17:10:42 - [MESSAGE][PASSED] - Text '10' is set on object 'Object Repository/PharmacyRequest/Page_KDMC-Pharmacy/input_txttreat'

2018-05-15 17:10:42 - [TEST_STEP][PASSED] - click: Object: 'Object Repository/PharmacyRequest/Page_KDMC-Pharmacy/button_Add' is clicked on

2018-05-15 17:10:42 - [MESSAGE][PASSED] - Object: 'Object Repository/PharmacyRequest/Page_KDMC-Pharmacy/button_Add' is clicked on

2018-05-15 17:10:42 - [TEST_STEP][PASSED] - selectOptionByIndex: All options with index in [3] are selected on object 'Object Repository/PharmacyRequest/Page_KDMC-Pharmacy/select_--Select--Schedule 1Inj'

2018-05-15 17:10:42 - [MESSAGE][PASSED] - All options with index in [3] are selected on object 'Object Repository/PharmacyRequest/Page_KDMC-Pharmacy/select_--Select--Schedule 1Inj'

2018-05-15 17:10:42 - [TEST_STEP][PASSED] - selectOptionByIndex: All options with index in [9] are selected on object 'Object Repository/PharmacyRequest/Page_KDMC-Pharmacy/select_--Select--Albendazole'

2018-05-15 17:10:42 - [MESSAGE][PASSED] - All options with index in [9] are selected on object 'Object Repository/PharmacyRequest/Page_KDMC-Pharmacy/select_--Select--Albendazole'

2018-05-15 17:10:42 - [TEST_STEP][PASSED] - setText: Text '10' is set on object 'Object Repository/PharmacyRequest/Page_KDMC-Pharmacy/input_txttreat'

2018-05-15 17:10:43 - [MESSAGE][PASSED] - Text '10' is set on object 'Object Repository/PharmacyRequest/Page_KDMC-Pharmacy/input_txttreat'

2018-05-15 17:10:43 - [TEST_STEP][PASSED] - click: Object: 'Object Repository/PharmacyRequest/Page_KDMC-Pharmacy/button_Add' is clicked on

2018-05-15 17:10:43 - [MESSAGE][PASSED] - Object: 'Object Repository/PharmacyRequest/Page_KDMC-Pharmacy/button_Add' is clicked on

2018-05-15 17:10:43 - [TEST_STEP][PASSED] - selectOptionByIndex: All options with index in [3] are selected on object 'Object Repository/PharmacyRequest/Page_KDMC-Pharmacy/select_--Select--Schedule 1Inj'

2018-05-15 17:10:43 - [MESSAGE][PASSED] - All options with index in [3] are selected on object 'Object Repository/PharmacyRequest/Page_KDMC-Pharmacy/select_--Select--Schedule 1Inj'

2018-05-15 17:10:43 - [TEST_STEP][PASSED] - selectOptionByIndex: All options with index in [10] are selected on object 'Object Repository/PharmacyRequest/Page_KDMC-Pharmacy/select_--Select--Albendazole'

2018-05-15 17:10:43 - [MESSAGE][PASSED] - All options with index in [10] are selected on object 'Object Repository/PharmacyRequest/Page_KDMC-Pharmacy/select_--Select--Albendazole'

2018-05-15 17:10:43 - [TEST_STEP][PASSED] - setText: Text '10' is set on object 'Object Repository/PharmacyRequest/Page_KDMC-Pharmacy/input_txttreat'

2018-05-15 17:10:43 - [MESSAGE][PASSED] - Text '10' is set on object 'Object Repository/PharmacyRequest/Page_KDMC-Pharmacy/input_txttreat'

2018-05-15 17:10:43 - [TEST_STEP][PASSED] - click: Object: 'Object Repository/PharmacyRequest/Page_KDMC-Pharmacy/button_Add' is clicked on

2018-05-15 17:10:43 - [MESSAGE][PASSED] - Object: 'Object Repository/PharmacyRequest/Page_KDMC-Pharmacy/button_Add' is clicked on

2018-05-15 17:10:43 - [TEST_STEP][PASSED] - selectOptionByIndex: All options with index in [3] are selected on object 'Object Repository/PharmacyRequest/Page_KDMC-Pharmacy/select_--Select--Schedule 1Inj'

2018-05-15 17:10:43 - [MESSAGE][PASSED] - All options with index in [3] are selected on object 'Object Repository/PharmacyRequest/Page_KDMC-Pharmacy/select_--Select--Schedule 1Inj'

2018-05-15 17:10:43 - [TEST_STEP][PASSED] - selectOptionByIndex: All options with index in [11] are selected on object 'Object Repository/PharmacyRequest/Page_KDMC-Pharmacy/select_--Select--Albendazole'

2018-05-15 17:10:43 - [MESSAGE][PASSED] - All options with index in [11] are selected on object 'Object Repository/PharmacyRequest/Page_KDMC-Pharmacy/select_--Select--Albendazole'

2018-05-15 17:10:43 - [TEST_STEP][PASSED] - setText: Text '10' is set on object 'Object Repository/PharmacyRequest/Page_KDMC-Pharmacy/input_txttreat'

2018-05-15 17:10:43 - [MESSAGE][PASSED] - Text '10' is set on object 'Object Repository/PharmacyRequest/Page_KDMC-Pharmacy/input_txttreat'

2018-05-15 17:10:43 - [TEST_STEP][PASSED] - click: Object: 'Object Repository/PharmacyRequest/Page_KDMC-Pharmacy/button_Add' is clicked on

2018-05-15 17:10:44 - [MESSAGE][PASSED] - Object: 'Object Repository/PharmacyRequest/Page_KDMC-Pharmacy/button_Add' is clicked on

2018-05-15 17:10:44 - [TEST_STEP][PASSED] - selectOptionByIndex: All options with index in [3] are selected on object 'Object Repository/PharmacyRequest/Page_KDMC-Pharmacy/select_--Select--Schedule 1Inj'

2018-05-15 17:10:44 - [MESSAGE][PASSED] - All options with index in [3] are selected on object 'Object Repository/PharmacyRequest/Page_KDMC-Pharmacy/select_--Select--Schedule 1Inj'

2018-05-15 17:10:44 - [TEST_STEP][PASSED] - selectOptionByIndex: All options with index in [12] are selected on object 'Object Repository/PharmacyRequest/Page_KDMC-Pharmacy/select_--Select--Albendazole'

2018-05-15 17:10:44 - [MESSAGE][PASSED] - All options with index in [12] are selected on object 'Object Repository/PharmacyRequest/Page_KDMC-Pharmacy/select_--Select--Albendazole'

2018-05-15 17:10:44 - [TEST_STEP][PASSED] - setText: Text '10' is set on object 'Object Repository/PharmacyRequest/Page_KDMC-Pharmacy/input_txttreat'

2018-05-15 17:10:44 - [MESSAGE][PASSED] - Text '10' is set on object 'Object Repository/PharmacyRequest/Page_KDMC-Pharmacy/input_txttreat'

2018-05-15 17:10:44 - [TEST_STEP][PASSED] - click: Object: 'Object Repository/PharmacyRequest/Page_KDMC-Pharmacy/button_Add' is clicked on

2018-05-15 17:10:44 - [MESSAGE][PASSED] - Object: 'Object Repository/PharmacyRequest/Page_KDMC-Pharmacy/button_Add' is clicked on

2018-05-15 17:10:44 - [TEST_STEP][PASSED] - selectOptionByIndex: All options with index in [3] are selected on object 'Object Repository/PharmacyRequest/Page_KDMC-Pharmacy/select_--Select--Schedule 1Inj'

2018-05-15 17:10:44 - [MESSAGE][PASSED] - All options with index in [3] are selected on object 'Object Repository/PharmacyRequest/Page_KDMC-Pharmacy/select_--Select--Schedule 1Inj'

2018-05-15 17:10:44 - [TEST_STEP][PASSED] - selectOptionByIndex: All options with index in [13] are selected on object 'Object Repository/PharmacyRequest/Page_KDMC-Pharmacy/select_--Select--Albendazole'

2018-05-15 17:10:44 - [MESSAGE][PASSED] - All options with index in [13] are selected on object 'Object Repository/PharmacyRequest/Page_KDMC-Pharmacy/select_--Select--Albendazole'

2018-05-15 17:10:44 - [TEST_STEP][PASSED] - setText: Text '10' is set on object 'Object Repository/PharmacyRequest/Page_KDMC-Pharmacy/input_txttreat'

2018-05-15 17:10:44 - [MESSAGE][PASSED] - Text '10' is set on object 'Object Repository/PharmacyRequest/Page_KDMC-Pharmacy/input_txttreat'

2018-05-15 17:10:44 - [TEST_STEP][PASSED] - click: Object: 'Object Repository/PharmacyRequest/Page_KDMC-Pharmacy/button_Add' is clicked on

2018-05-15 17:10:44 - [MESSAGE][PASSED] - Object: 'Object Repository/PharmacyRequest/Page_KDMC-Pharmacy/button_Add' is clicked on

2018-05-15 17:10:44 - [TEST_STEP][PASSED] - selectOptionByIndex: All options with index in [3] are selected on object 'Object Repository/PharmacyRequest/Page_KDMC-Pharmacy/select_--Select--Schedule 1Inj'

2018-05-15 17:10:45 - [MESSAGE][PASSED] - All options with index in [3] are selected on object 'Object Repository/PharmacyRequest/Page_KDMC-Pharmacy/select_--Select--Schedule 1Inj'

2018-05-15 17:10:45 - [TEST_STEP][PASSED] - selectOptionByIndex: All options with index in [14] are selected on object 'Object Repository/PharmacyRequest/Page_KDMC-Pharmacy/select_--Select--Albendazole'

2018-05-15 17:10:45 - [MESSAGE][PASSED] - All options with index in [14] are selected on object 'Object Repository/PharmacyRequest/Page_KDMC-Pharmacy/select_--Select--Albendazole'

2018-05-15 17:10:45 - [TEST_STEP][PASSED] - setText: Text '10' is set on object 'Object Repository/PharmacyRequest/Page_KDMC-Pharmacy/input_txttreat'

2018-05-15 17:10:45 - [MESSAGE][PASSED] - Text '10' is set on object 'Object Repository/PharmacyRequest/Page_KDMC-Pharmacy/input_txttreat'

2018-05-15 17:10:45 - [TEST_STEP][PASSED] - click: Object: 'Object Repository/PharmacyRequest/Page_KDMC-Pharmacy/button_Add' is clicked on

2018-05-15 17:10:45 - [MESSAGE][PASSED] - Object: 'Object Repository/PharmacyRequest/Page_KDMC-Pharmacy/button_Add' is clicked on

2018-05-15 17:10:45 - [TEST_STEP][PASSED] - selectOptionByIndex: All options with index in [3] are selected on object 'Object Repository/PharmacyRequest/Page_KDMC-Pharmacy/select_--Select--Schedule 1Inj'

2018-05-15 17:10:45 - [MESSAGE][PASSED] - All options with index in [3] are selected on object 'Object Repository/PharmacyRequest/Page_KDMC-Pharmacy/select_--Select--Schedule 1Inj'

2018-05-15 17:10:45 - [TEST_STEP][PASSED] - selectOptionByIndex: All options with index in [15] are selected on object 'Object Repository/PharmacyRequest/Page_KDMC-Pharmacy/select_--Select--Albendazole'

2018-05-15 17:10:45 - [MESSAGE][PASSED] - All options with index in [15] are selected on object 'Object Repository/PharmacyRequest/Page_KDMC-Pharmacy/select_--Select--Albendazole'

2018-05-15 17:10:45 - [TEST_STEP][PASSED] - setText: Text '10' is set on object 'Object Repository/PharmacyRequest/Page_KDMC-Pharmacy/input_txttreat'

2018-05-15 17:10:45 - [MESSAGE][PASSED] - Text '10' is set on object 'Object Repository/PharmacyRequest/Page_KDMC-Pharmacy/input_txttreat'

2018-05-15 17:10:45 - [TEST_STEP][PASSED] - click: Object: 'Object Repository/PharmacyRequest/Page_KDMC-Pharmacy/button_Add' is clicked on

2018-05-15 17:10:45 - [MESSAGE][PASSED] - Object: 'Object Repository/PharmacyRequest/Page_KDMC-Pharmacy/button_Add' is clicked on

2018-05-15 17:10:45 - [TEST_STEP][PASSED] - selectOptionByIndex: All options with index in [3] are selected on object 'Object Repository/PharmacyRequest/Page_KDMC-Pharmacy/select_--Select--Schedule 1Inj'

2018-05-15 17:10:46 - [MESSAGE][PASSED] - All options with index in [3] are selected on object 'Object Repository/PharmacyRequest/Page_KDMC-Pharmacy/select_--Select--Schedule 1Inj'

2018-05-15 17:10:46 - [TEST_STEP][PASSED] - selectOptionByIndex: All options with index in [16] are selected on object 'Object Repository/PharmacyRequest/Page_KDMC-Pharmacy/select_--Select--Albendazole'

2018-05-15 17:10:46 - [MESSAGE][PASSED] - All options with index in [16] are selected on object 'Object Repository/PharmacyRequest/Page_KDMC-Pharmacy/select_--Select--Albendazole'

2018-05-15 17:10:46 - [TEST_STEP][PASSED] - setText: Text '10' is set on object 'Object Repository/PharmacyRequest/Page_KDMC-Pharmacy/input_txttreat'

2018-05-15 17:10:46 - [MESSAGE][PASSED] - Text '10' is set on object 'Object Repository/PharmacyRequest/Page_KDMC-Pharmacy/input_txttreat'

2018-05-15 17:10:46 - [TEST_STEP][PASSED] - click: Object: 'Object Repository/PharmacyRequest/Page_KDMC-Pharmacy/button_Add' is clicked on

2018-05-15 17:10:46 - [MESSAGE][PASSED] - Object: 'Object Repository/PharmacyRequest/Page_KDMC-Pharmacy/button_Add' is clicked on

2018-05-15 17:10:46 - [TEST_STEP][PASSED] - selectOptionByIndex: All options with index in [3] are selected on object 'Object Repository/PharmacyRequest/Page_KDMC-Pharmacy/select_--Select--Schedule 1Inj'

2018-05-15 17:10:46 - [MESSAGE][PASSED] - All options with index in [3] are selected on object 'Object Repository/PharmacyRequest/Page_KDMC-Pharmacy/select_--Select--Schedule 1Inj'

2018-05-15 17:10:46 - [TEST_STEP][PASSED] - selectOptionByIndex: All options with index in [17] are selected on object 'Object Repository/PharmacyRequest/Page_KDMC-Pharmacy/select_--Select--Albendazole'

2018-05-15 17:10:46 - [MESSAGE][PASSED] - All options with index in [17] are selected on object 'Object Repository/PharmacyRequest/Page_KDMC-Pharmacy/select_--Select--Albendazole'

2018-05-15 17:10:46 - [TEST_STEP][PASSED] - setText: Text '10' is set on object 'Object Repository/PharmacyRequest/Page_KDMC-Pharmacy/input_txttreat'

2018-05-15 17:10:46 - [MESSAGE][PASSED] - Text '10' is set on object 'Object Repository/PharmacyRequest/Page_KDMC-Pharmacy/input_txttreat'

2018-05-15 17:10:46 - [TEST_STEP][PASSED] - click: Object: 'Object Repository/PharmacyRequest/Page_KDMC-Pharmacy/button_Add' is clicked on

2018-05-15 17:10:46 - [MESSAGE][PASSED] - Object: 'Object Repository/PharmacyRequest/Page_KDMC-Pharmacy/button_Add' is clicked on

2018-05-15 17:10:46 - [TEST_STEP][PASSED] - selectOptionByIndex: All options with index in [3] are selected on object 'Object Repository/PharmacyRequest/Page_KDMC-Pharmacy/select_--Select--Schedule 1Inj'

2018-05-15 17:10:47 - [MESSAGE][PASSED] - All options with index in [3] are selected on object 'Object Repository/PharmacyRequest/Page_KDMC-Pharmacy/select_--Select--Schedule 1Inj'

2018-05-15 17:10:47 - [TEST_STEP][PASSED] - selectOptionByIndex: All options with index in [18] are selected on object 'Object Repository/PharmacyRequest/Page_KDMC-Pharmacy/select_--Select--Albendazole'

2018-05-15 17:10:47 - [MESSAGE][PASSED] - All options with index in [18] are selected on object 'Object Repository/PharmacyRequest/Page_KDMC-Pharmacy/select_--Select--Albendazole'

2018-05-15 17:10:47 - [TEST_STEP][PASSED] - setText: Text '10' is set on object 'Object Repository/PharmacyRequest/Page_KDMC-Pharmacy/input_txttreat'

2018-05-15 17:10:47 - [MESSAGE][PASSED] - Text '10' is set on object 'Object Repository/PharmacyRequest/Page_KDMC-Pharmacy/input_txttreat'

2018-05-15 17:10:47 - [TEST_STEP][PASSED] - click: Object: 'Object Repository/PharmacyRequest/Page_KDMC-Pharmacy/button_Add' is clicked on

2018-05-15 17:10:47 - [MESSAGE][PASSED] - Object: 'Object Repository/PharmacyRequest/Page_KDMC-Pharmacy/button_Add' is clicked on

2018-05-15 17:10:47 - [TEST_STEP][PASSED] - selectOptionByIndex: All options with index in [3] are selected on object 'Object Repository/PharmacyRequest/Page_KDMC-Pharmacy/select_--Select--Schedule 1Inj'

2018-05-15 17:10:47 - [MESSAGE][PASSED] - All options with index in [3] are selected on object 'Object Repository/PharmacyRequest/Page_KDMC-Pharmacy/select_--Select--Schedule 1Inj'

2018-05-15 17:10:47 - [TEST_STEP][PASSED] - selectOptionByIndex: All options with index in [19] are selected on object 'Object Repository/PharmacyRequest/Page_KDMC-Pharmacy/select_--Select--Albendazole'

2018-05-15 17:10:47 - [MESSAGE][PASSED] - All options with index in [19] are selected on object 'Object Repository/PharmacyRequest/Page_KDMC-Pharmacy/select_--Select--Albendazole'

2018-05-15 17:10:47 - [TEST_STEP][PASSED] - setText: Text '10' is set on object 'Object Repository/PharmacyRequest/Page_KDMC-Pharmacy/input_txttreat'

2018-05-15 17:10:47 - [MESSAGE][PASSED] - Text '10' is set on object 'Object Repository/PharmacyRequest/Page_KDMC-Pharmacy/input_txttreat'

2018-05-15 17:10:47 - [TEST_STEP][PASSED] - click: Object: 'Object Repository/PharmacyRequest/Page_KDMC-Pharmacy/button_Add' is clicked on

2018-05-15 17:10:47 - [MESSAGE][PASSED] - Object: 'Object Repository/PharmacyRequest/Page_KDMC-Pharmacy/button_Add' is clicked on

2018-05-15 17:10:47 - [TEST_STEP][PASSED] - selectOptionByIndex: All options with index in [3] are selected on object 'Object Repository/PharmacyRequest/Page_KDMC-Pharmacy/select_--Select--Schedule 1Inj'

2018-05-15 17:10:48 - [MESSAGE][PASSED] - All options with index in [3] are selected on object 'Object Repository/PharmacyRequest/Page_KDMC-Pharmacy/select_--Select--Schedule 1Inj'

2018-05-15 17:10:48 - [TEST_STEP][PASSED] - selectOptionByIndex: All options with index in [20] are selected on object 'Object Repository/PharmacyRequest/Page_KDMC-Pharmacy/select_--Select--Albendazole'

2018-05-15 17:10:48 - [MESSAGE][PASSED] - All options with index in [20] are selected on object 'Object Repository/PharmacyRequest/Page_KDMC-Pharmacy/select_--Select--Albendazole'

2018-05-15 17:10:48 - [TEST_STEP][PASSED] - setText: Text '10' is set on object 'Object Repository/PharmacyRequest/Page_KDMC-Pharmacy/input_txttreat'

2018-05-15 17:10:48 - [MESSAGE][PASSED] - Text '10' is set on object 'Object Repository/PharmacyRequest/Page_KDMC-Pharmacy/input_txttreat'

2018-05-15 17:10:48 - [TEST_STEP][PASSED] - click: Object: 'Object Repository/PharmacyRequest/Page_KDMC-Pharmacy/button_Add' is clicked on

2018-05-15 17:10:48 - [MESSAGE][PASSED] - Object: 'Object Repository/PharmacyRequest/Page_KDMC-Pharmacy/button_Add' is clicked on

2018-05-15 17:10:48 - [TEST_STEP][PASSED] - selectOptionByIndex: All options with index in [3] are selected on object 'Object Repository/PharmacyRequest/Page_KDMC-Pharmacy/select_--Select--Schedule 1Inj'

2018-05-15 17:10:48 - [MESSAGE][PASSED] - All options with index in [3] are selected on object 'Object Repository/PharmacyRequest/Page_KDMC-Pharmacy/select_--Select--Schedule 1Inj'

2018-05-15 17:10:48 - [TEST_STEP][PASSED] - selectOptionByIndex: All options with index in [21] are selected on object 'Object Repository/PharmacyRequest/Page_KDMC-Pharmacy/select_--Select--Albendazole'

2018-05-15 17:10:48 - [MESSAGE][PASSED] - All options with index in [21] are selected on object 'Object Repository/PharmacyRequest/Page_KDMC-Pharmacy/select_--Select--Albendazole'

2018-05-15 17:10:48 - [TEST_STEP][PASSED] - setText: Text '10' is set on object 'Object Repository/PharmacyRequest/Page_KDMC-Pharmacy/input_txttreat'

2018-05-15 17:10:48 - [MESSAGE][PASSED] - Text '10' is set on object 'Object Repository/PharmacyRequest/Page_KDMC-Pharmacy/input_txttreat'

2018-05-15 17:10:48 - [TEST_STEP][PASSED] - click: Object: 'Object Repository/PharmacyRequest/Page_KDMC-Pharmacy/button_Add' is clicked on

2018-05-15 17:10:49 - [MESSAGE][PASSED] - Object: 'Object Repository/PharmacyRequest/Page_KDMC-Pharmacy/button_Add' is clicked on

2018-05-15 17:10:49 - [TEST_STEP][PASSED] - selectOptionByIndex: All options with index in [3] are selected on object 'Object Repository/PharmacyRequest/Page_KDMC-Pharmacy/select_--Select--Schedule 1Inj'

2018-05-15 17:10:49 - [MESSAGE][PASSED] - All options with index in [3] are selected on object 'Object Repository/PharmacyRequest/Page_KDMC-Pharmacy/select_--Select--Schedule 1Inj'

2018-05-15 17:10:49 - [TEST_STEP][PASSED] - selectOptionByIndex: All options with index in [22] are selected on object 'Object Repository/PharmacyRequest/Page_KDMC-Pharmacy/select_--Select--Albendazole'

2018-05-15 17:10:49 - [MESSAGE][PASSED] - All options with index in [22] are selected on object 'Object Repository/PharmacyRequest/Page_KDMC-Pharmacy/select_--Select--Albendazole'

2018-05-15 17:10:49 - [TEST_STEP][PASSED] - setText: Text '10' is set on object 'Object Repository/PharmacyRequest/Page_KDMC-Pharmacy/input_txttreat'

2018-05-15 17:10:49 - [MESSAGE][PASSED] - Text '10' is set on object 'Object Repository/PharmacyRequest/Page_KDMC-Pharmacy/input_txttreat'

2018-05-15 17:10:49 - [TEST_STEP][PASSED] - click: Object: 'Object Repository/PharmacyRequest/Page_KDMC-Pharmacy/button_Add' is clicked on

2018-05-15 17:10:49 - [MESSAGE][PASSED] - Object: 'Object Repository/PharmacyRequest/Page_KDMC-Pharmacy/button_Add' is clicked on

2018-05-15 17:10:49 - [TEST_STEP][PASSED] - selectOptionByIndex: All options with index in [3] are selected on object 'Object Repository/PharmacyRequest/Page_KDMC-Pharmacy/select_--Select--Schedule 1Inj'

2018-05-15 17:10:49 - [MESSAGE][PASSED] - All options with index in [3] are selected on object 'Object Repository/PharmacyRequest/Page_KDMC-Pharmacy/select_--Select--Schedule 1Inj'

2018-05-15 17:10:49 - [TEST_STEP][PASSED] - selectOptionByIndex: All options with index in [23] are selected on object 'Object Repository/PharmacyRequest/Page_KDMC-Pharmacy/select_--Select--Albendazole'

2018-05-15 17:10:49 - [MESSAGE][PASSED] - All options with index in [23] are selected on object 'Object Repository/PharmacyRequest/Page_KDMC-Pharmacy/select_--Select--Albendazole'

2018-05-15 17:10:49 - [TEST_STEP][PASSED] - setText: Text '10' is set on object 'Object Repository/PharmacyRequest/Page_KDMC-Pharmacy/input_txttreat'

2018-05-15 17:10:50 - [MESSAGE][PASSED] - Text '10' is set on object 'Object Repository/PharmacyRequest/Page_KDMC-Pharmacy/input_txttreat'

2018-05-15 17:10:50 - [TEST_STEP][PASSED] - click: Object: 'Object Repository/PharmacyRequest/Page_KDMC-Pharmacy/button_Add' is clicked on

2018-05-15 17:10:50 - [MESSAGE][PASSED] - Object: 'Object Repository/PharmacyRequest/Page_KDMC-Pharmacy/button_Add' is clicked on

2018-05-15 17:10:50 - [TEST_STEP][PASSED] - selectOptionByIndex: All options with index in [3] are selected on object 'Object Repository/PharmacyRequest/Page_KDMC-Pharmacy/select_--Select--Schedule 1Inj'

2018-05-15 17:10:50 - [MESSAGE][PASSED] - All options with index in [3] are selected on object 'Object Repository/PharmacyRequest/Page_KDMC-Pharmacy/select_--Select--Schedule 1Inj'

2018-05-15 17:10:50 - [TEST_STEP][PASSED] - selectOptionByIndex: All options with index in [24] are selected on object 'Object Repository/PharmacyRequest/Page_KDMC-Pharmacy/select_--Select--Albendazole'

2018-05-15 17:10:50 - [MESSAGE][PASSED] - All options with index in [24] are selected on object 'Object Repository/PharmacyRequest/Page_KDMC-Pharmacy/select_--Select--Albendazole'

2018-05-15 17:10:50 - [TEST_STEP][PASSED] - setText: Text '10' is set on object 'Object Repository/PharmacyRequest/Page_KDMC-Pharmacy/input_txttreat'

2018-05-15 17:10:50 - [MESSAGE][PASSED] - Text '10' is set on object 'Object Repository/PharmacyRequest/Page_KDMC-Pharmacy/input_txttreat'

2018-05-15 17:10:50 - [TEST_STEP][PASSED] - click: Object: 'Object Repository/PharmacyRequest/Page_KDMC-Pharmacy/button_Add' is clicked on

2018-05-15 17:10:50 - [MESSAGE][PASSED] - Object: 'Object Repository/PharmacyRequest/Page_KDMC-Pharmacy/button_Add' is clicked on

2018-05-15 17:10:50 - [TEST_STEP][PASSED] - selectOptionByIndex: All options with index in [3] are selected on object 'Object Repository/PharmacyRequest/Page_KDMC-Pharmacy/select_--Select--Schedule 1Inj'

2018-05-15 17:10:50 - [MESSAGE][PASSED] - All options with index in [3] are selected on object 'Object Repository/PharmacyRequest/Page_KDMC-Pharmacy/select_--Select--Schedule 1Inj'

2018-05-15 17:10:50 - [TEST_STEP][PASSED] - selectOptionByIndex: All options with index in [25] are selected on object 'Object Repository/PharmacyRequest/Page_KDMC-Pharmacy/select_--Select--Albendazole'

2018-05-15 17:10:51 - [MESSAGE][PASSED] - All options with index in [25] are selected on object 'Object Repository/PharmacyRequest/Page_KDMC-Pharmacy/select_--Select--Albendazole'

2018-05-15 17:10:51 - [TEST_STEP][PASSED] - setText: Text '10' is set on object 'Object Repository/PharmacyRequest/Page_KDMC-Pharmacy/input_txttreat'

2018-05-15 17:10:51 - [MESSAGE][PASSED] - Text '10' is set on object 'Object Repository/PharmacyRequest/Page_KDMC-Pharmacy/input_txttreat'

2018-05-15 17:10:51 - [TEST_STEP][PASSED] - click: Object: 'Object Repository/PharmacyRequest/Page_KDMC-Pharmacy/button_Add' is clicked on

2018-05-15 17:10:51 - [MESSAGE][PASSED] - Object: 'Object Repository/PharmacyRequest/Page_KDMC-Pharmacy/button_Add' is clicked on

2018-05-15 17:10:51 - [TEST_STEP][PASSED] - selectOptionByIndex: All options with index in [3] are selected on object 'Object Repository/PharmacyRequest/Page_KDMC-Pharmacy/select_--Select--Schedule 1Inj'

2018-05-15 17:10:51 - [MESSAGE][PASSED] - All options with index in [3] are selected on object 'Object Repository/PharmacyRequest/Page_KDMC-Pharmacy/select_--Select--Schedule 1Inj'

2018-05-15 17:10:51 - [TEST_STEP][PASSED] - selectOptionByIndex: All options with index in [26] are selected on object 'Object Repository/PharmacyRequest/Page_KDMC-Pharmacy/select_--Select--Albendazole'

2018-05-15 17:10:51 - [MESSAGE][PASSED] - All options with index in [26] are selected on object 'Object Repository/PharmacyRequest/Page_KDMC-Pharmacy/select_--Select--Albendazole'

2018-05-15 17:10:51 - [TEST_STEP][PASSED] - setText: Text '10' is set on object 'Object Repository/PharmacyRequest/Page_KDMC-Pharmacy/input_txttreat'

2018-05-15 17:10:51 - [MESSAGE][PASSED] - Text '10' is set on object 'Object Repository/PharmacyRequest/Page_KDMC-Pharmacy/input_txttreat'

2018-05-15 17:10:51 - [TEST_STEP][PASSED] - click: Object: 'Object Repository/PharmacyRequest/Page_KDMC-Pharmacy/button_Add' is clicked on

2018-05-15 17:10:51 - [MESSAGE][PASSED] - Object: 'Object Repository/PharmacyRequest/Page_KDMC-Pharmacy/button_Add' is clicked on

2018-05-15 17:10:51 - [TEST_STEP][PASSED] - selectOptionByIndex: All options with index in [3] are selected on object 'Object Repository/PharmacyRequest/Page_KDMC-Pharmacy/select_--Select--Schedule 1Inj'

2018-05-15 17:10:51 - [MESSAGE][PASSED] - All options with index in [3] are selected on object 'Object Repository/PharmacyRequest/Page_KDMC-Pharmacy/select_--Select--Schedule 1Inj'

2018-05-15 17:10:51 - [TEST_STEP][PASSED] - selectOptionByIndex: All options with index in [27] are selected on object 'Object Repository/PharmacyRequest/Page_KDMC-Pharmacy/select_--Select--Albendazole'

2018-05-15 17:10:52 - [MESSAGE][PASSED] - All options with index in [27] are selected on object 'Object Repository/PharmacyRequest/Page_KDMC-Pharmacy/select_--Select--Albendazole'

2018-05-15 17:10:52 - [TEST_STEP][PASSED] - setText: Text '10' is set on object 'Object Repository/PharmacyRequest/Page_KDMC-Pharmacy/input_txttreat'

2018-05-15 17:10:52 - [MESSAGE][PASSED] - Text '10' is set on object 'Object Repository/PharmacyRequest/Page_KDMC-Pharmacy/input_txttreat'

2018-05-15 17:10:52 - [TEST_STEP][PASSED] - click: Object: 'Object Repository/PharmacyRequest/Page_KDMC-Pharmacy/button_Add' is clicked on

2018-05-15 17:10:52 - [MESSAGE][PASSED] - Object: 'Object Repository/PharmacyRequest/Page_KDMC-Pharmacy/button_Add' is clicked on

2018-05-15 17:10:52 - [TEST_STEP][PASSED] - selectOptionByIndex: All options with index in [3] are selected on object 'Object Repository/PharmacyRequest/Page_KDMC-Pharmacy/select_--Select--Schedule 1Inj'

2018-05-15 17:10:52 - [MESSAGE][PASSED] - All options with index in [3] are selected on object 'Object Repository/PharmacyRequest/Page_KDMC-Pharmacy/select_--Select--Schedule 1Inj'

2018-05-15 17:10:52 - [TEST_STEP][PASSED] - selectOptionByIndex: All options with index in [28] are selected on object 'Object Repository/PharmacyRequest/Page_KDMC-Pharmacy/select_--Select--Albendazole'

2018-05-15 17:10:52 - [MESSAGE][PASSED] - All options with index in [28] are selected on object 'Object Repository/PharmacyRequest/Page_KDMC-Pharmacy/select_--Select--Albendazole'

2018-05-15 17:10:52 - [TEST_STEP][PASSED] - setText: Text '10' is set on object 'Object Repository/PharmacyRequest/Page_KDMC-Pharmacy/input_txttreat'

2018-05-15 17:10:52 - [MESSAGE][PASSED] - Text '10' is set on object 'Object Repository/PharmacyRequest/Page_KDMC-Pharmacy/input_txttreat'

2018-05-15 17:10:52 - [TEST_STEP][PASSED] - click: Object: 'Object Repository/PharmacyRequest/Page_KDMC-Pharmacy/button_Add' is clicked on

2018-05-15 17:10:53 - [MESSAGE][PASSED] - Object: 'Object Repository/PharmacyRequest/Page_KDMC-Pharmacy/button_Add' is clicked on

2018-05-15 17:10:53 - [TEST_STEP][PASSED] - selectOptionByIndex: All options with index in [3] are selected on object 'Object Repository/PharmacyRequest/Page_KDMC-Pharmacy/select_--Select--Schedule 1Inj'

2018-05-15 17:10:53 - [MESSAGE][PASSED] - All options with index in [3] are selected on object 'Object Repository/PharmacyRequest/Page_KDMC-Pharmacy/select_--Select--Schedule 1Inj'

2018-05-15 17:10:53 - [TEST_STEP][PASSED] - selectOptionByIndex: All options with index in [29] are selected on object 'Object Repository/PharmacyRequest/Page_KDMC-Pharmacy/select_--Select--Albendazole'

2018-05-15 17:10:53 - [MESSAGE][PASSED] - All options with index in [29] are selected on object 'Object Repository/PharmacyRequest/Page_KDMC-Pharmacy/select_--Select--Albendazole'

2018-05-15 17:10:53 - [TEST_STEP][PASSED] - setText: Text '10' is set on object 'Object Repository/PharmacyRequest/Page_KDMC-Pharmacy/input_txttreat'

2018-05-15 17:10:53 - [MESSAGE][PASSED] - Text '10' is set on object 'Object Repository/PharmacyRequest/Page_KDMC-Pharmacy/input_txttreat'

2018-05-15 17:10:53 - [TEST_STEP][PASSED] - click: Object: 'Object Repository/PharmacyRequest/Page_KDMC-Pharmacy/button_Add' is clicked on

2018-05-15 17:10:53 - [MESSAGE][PASSED] - Object: 'Object Repository/PharmacyRequest/Page_KDMC-Pharmacy/button_Add' is clicked on

2018-05-15 17:10:53 - [TEST_STEP][PASSED] - selectOptionByIndex: All options with index in [3] are selected on object 'Object Repository/PharmacyRequest/Page_KDMC-Pharmacy/select_--Select--Schedule 1Inj'

2018-05-15 17:10:53 - [MESSAGE][PASSED] - All options with index in [3] are selected on object 'Object Repository/PharmacyRequest/Page_KDMC-Pharmacy/select_--Select--Schedule 1Inj'

2018-05-15 17:10:53 - [TEST_STEP][PASSED] - selectOptionByIndex: All options with index in [30] are selected on object 'Object Repository/PharmacyRequest/Page_KDMC-Pharmacy/select_--Select--Albendazole'

2018-05-15 17:10:54 - [MESSAGE][PASSED] - All options with index in [30] are selected on object 'Object Repository/PharmacyRequest/Page_KDMC-Pharmacy/select_--Select--Albendazole'

2018-05-15 17:10:54 - [TEST_STEP][PASSED] - setText: Text '10' is set on object 'Object Repository/PharmacyRequest/Page_KDMC-Pharmacy/input_txttreat'

2018-05-15 17:10:54 - [MESSAGE][PASSED] - Text '10' is set on object 'Object Repository/PharmacyRequest/Page_KDMC-Pharmacy/input_txttreat'

2018-05-15 17:10:54 - [TEST_STEP][PASSED] - click: Object: 'Object Repository/PharmacyRequest/Page_KDMC-Pharmacy/button_Add' is clicked on

2018-05-15 17:10:54 - [MESSAGE][PASSED] - Object: 'Object Repository/PharmacyRequest/Page_KDMC-Pharmacy/button_Add' is clicked on

2018-05-15 17:10:54 - [TEST_STEP][PASSED] - selectOptionByIndex: All options with index in [3] are selected on object 'Object Repository/PharmacyRequest/Page_KDMC-Pharmacy/select_--Select--Schedule 1Inj'

2018-05-15 17:10:54 - [MESSAGE][PASSED] - All options with index in [3] are selected on object 'Object Repository/PharmacyRequest/Page_KDMC-Pharmacy/select_--Select--Schedule 1Inj'

2018-05-15 17:10:54 - [TEST_STEP][PASSED] - selectOptionByIndex: All options with index in [31] are selected on object 'Object Repository/PharmacyRequest/Page_KDMC-Pharmacy/select_--Select--Albendazole'

2018-05-15 17:10:54 - [MESSAGE][PASSED] - All options with index in [31] are selected on object 'Object Repository/PharmacyRequest/Page_KDMC-Pharmacy/select_--Select--Albendazole'

2018-05-15 17:10:54 - [TEST_STEP][PASSED] - setText: Text '10' is set on object 'Object Repository/PharmacyRequest/Page_KDMC-Pharmacy/input_txttreat'

2018-05-15 17:10:54 - [MESSAGE][PASSED] - Text '10' is set on object 'Object Repository/PharmacyRequest/Page_KDMC-Pharmacy/input_txttreat'

2018-05-15 17:10:54 - [TEST_STEP][PASSED] - click: Object: 'Object Repository/PharmacyRequest/Page_KDMC-Pharmacy/button_Add' is clicked on

2018-05-15 17:10:54 - [MESSAGE][PASSED] - Object: 'Object Repository/PharmacyRequest/Page_KDMC-Pharmacy/button_Add' is clicked on

2018-05-15 17:10:54 - [TEST_STEP][PASSED] - selectOptionByIndex: All options with index in [3] are selected on object 'Object Repository/PharmacyRequest/Page_KDMC-Pharmacy/select_--Select--Schedule 1Inj'

2018-05-15 17:10:54 - [MESSAGE][PASSED] - All options with index in [3] are selected on object 'Object Repository/PharmacyRequest/Page_KDMC-Pharmacy/select_--Select--Schedule 1Inj'

2018-05-15 17:10:54 - [TEST_STEP][PASSED] - selectOptionByIndex: All options with index in [32] are selected on object 'Object Repository/PharmacyRequest/Page_KDMC-Pharmacy/select_--Select--Albendazole'

2018-05-15 17:10:55 - [MESSAGE][PASSED] - All options with index in [32] are selected on object 'Object Repository/PharmacyRequest/Page_KDMC-Pharmacy/select_--Select--Albendazole'

2018-05-15 17:10:55 - [TEST_STEP][PASSED] - setText: Text '10' is set on object 'Object Repository/PharmacyRequest/Page_KDMC-Pharmacy/input_txttreat'

2018-05-15 17:10:55 - [MESSAGE][PASSED] - Text '10' is set on object 'Object Repository/PharmacyRequest/Page_KDMC-Pharmacy/input_txttreat'

2018-05-15 17:10:55 - [TEST_STEP][PASSED] - click: Object: 'Object Repository/PharmacyRequest/Page_KDMC-Pharmacy/button_Add' is clicked on

2018-05-15 17:10:55 - [MESSAGE][PASSED] - Object: 'Object Repository/PharmacyRequest/Page_KDMC-Pharmacy/button_Add' is clicked on

2018-05-15 17:10:55 - [TEST_STEP][PASSED] - selectOptionByIndex: All options with index in [3] are selected on object 'Object Repository/PharmacyRequest/Page_KDMC-Pharmacy/select_--Select--Schedule 1Inj'

2018-05-15 17:10:55 - [MESSAGE][PASSED] - All options with index in [3] are selected on object 'Object Repository/PharmacyRequest/Page_KDMC-Pharmacy/select_--Select--Schedule 1Inj'

2018-05-15 17:10:55 - [TEST_STEP][PASSED] - selectOptionByIndex: All options with index in [33] are selected on object 'Object Repository/PharmacyRequest/Page_KDMC-Pharmacy/select_--Select--Albendazole'

2018-05-15 17:10:55 - [MESSAGE][PASSED] - All options with index in [33] are selected on object 'Object Repository/PharmacyRequest/Page_KDMC-Pharmacy/select_--Select--Albendazole'

2018-05-15 17:10:55 - [TEST_STEP][PASSED] - setText: Text '10' is set on object 'Object Repository/PharmacyRequest/Page_KDMC-Pharmacy/input_txttreat'

2018-05-15 17:10:55 - [MESSAGE][PASSED] - Text '10' is set on object 'Object Repository/PharmacyRequest/Page_KDMC-Pharmacy/input_txttreat'

2018-05-15 17:10:55 - [TEST_STEP][PASSED] - click: Object: 'Object Repository/PharmacyRequest/Page_KDMC-Pharmacy/button_Add' is clicked on

2018-05-15 17:10:56 - [MESSAGE][PASSED] - Object: 'Object Repository/PharmacyRequest/Page_KDMC-Pharmacy/button_Add' is clicked on

2018-05-15 17:10:56 - [TEST_STEP][PASSED] - selectOptionByIndex: All options with index in [3] are selected on object 'Object Repository/PharmacyRequest/Page_KDMC-Pharmacy/select_--Select--Schedule 1Inj'

2018-05-15 17:10:56 - [MESSAGE][PASSED] - All options with index in [3] are selected on object 'Object Repository/PharmacyRequest/Page_KDMC-Pharmacy/select_--Select--Schedule 1Inj'

2018-05-15 17:10:56 - [TEST_STEP][PASSED] - selectOptionByIndex: All options with index in [34] are selected on object 'Object Repository/PharmacyRequest/Page_KDMC-Pharmacy/select_--Select--Albendazole'

2018-05-15 17:10:56 - [MESSAGE][PASSED] - All options with index in [34] are selected on object 'Object Repository/PharmacyRequest/Page_KDMC-Pharmacy/select_--Select--Albendazole'

2018-05-15 17:10:56 - [TEST_STEP][PASSED] - setText: Text '10' is set on object 'Object Repository/PharmacyRequest/Page_KDMC-Pharmacy/input_txttreat'

2018-05-15 17:10:56 - [MESSAGE][PASSED] - Text '10' is set on object 'Object Repository/PharmacyRequest/Page_KDMC-Pharmacy/input_txttreat'

2018-05-15 17:10:56 - [TEST_STEP][PASSED] - click: Object: 'Object Repository/PharmacyRequest/Page_KDMC-Pharmacy/button_Add' is clicked on

2018-05-15 17:10:56 - [MESSAGE][PASSED] - Object: 'Object Repository/PharmacyRequest/Page_KDMC-Pharmacy/button_Add' is clicked on

2018-05-15 17:10:56 - [TEST_STEP][PASSED] - selectOptionByIndex: All options with index in [3] are selected on object 'Object Repository/PharmacyRequest/Page_KDMC-Pharmacy/select_--Select--Schedule 1Inj'

2018-05-15 17:10:56 - [MESSAGE][PASSED] - All options with index in [3] are selected on object 'Object Repository/PharmacyRequest/Page_KDMC-Pharmacy/select_--Select--Schedule 1Inj'

2018-05-15 17:10:56 - [TEST_STEP][PASSED] - selectOptionByIndex: All options with index in [35] are selected on object 'Object Repository/PharmacyRequest/Page_KDMC-Pharmacy/select_--Select--Albendazole'

2018-05-15 17:10:57 - [MESSAGE][PASSED] - All options with index in [35] are selected on object 'Object Repository/PharmacyRequest/Page_KDMC-Pharmacy/select_--Select--Albendazole'

2018-05-15 17:10:57 - [TEST_STEP][PASSED] - setText: Text '10' is set on object 'Object Repository/PharmacyRequest/Page_KDMC-Pharmacy/input_txttreat'

2018-05-15 17:10:57 - [MESSAGE][PASSED] - Text '10' is set on object 'Object Repository/PharmacyRequest/Page_KDMC-Pharmacy/input_txttreat'

2018-05-15 17:10:57 - [TEST_STEP][PASSED] - click: Object: 'Object Repository/PharmacyRequest/Page_KDMC-Pharmacy/button_Add' is clicked on

2018-05-15 17:10:57 - [MESSAGE][PASSED] - Object: 'Object Repository/PharmacyRequest/Page_KDMC-Pharmacy/button_Add' is clicked on

2018-05-15 17:10:57 - [TEST_STEP][PASSED] - selectOptionByIndex: All options with index in [3] are selected on object 'Object Repository/PharmacyRequest/Page_KDMC-Pharmacy/select_--Select--Schedule 1Inj'

2018-05-15 17:10:57 - [MESSAGE][PASSED] - All options with index in [3] are selected on object 'Object Repository/PharmacyRequest/Page_KDMC-Pharmacy/select_--Select--Schedule 1Inj'

2018-05-15 17:10:57 - [TEST_STEP][PASSED] - selectOptionByIndex: All options with index in [36] are selected on object 'Object Repository/PharmacyRequest/Page_KDMC-Pharmacy/select_--Select--Albendazole'

2018-05-15 17:10:57 - [MESSAGE][PASSED] - All options with index in [36] are selected on object 'Object Repository/PharmacyRequest/Page_KDMC-Pharmacy/select_--Select--Albendazole'

2018-05-15 17:10:57 - [TEST_STEP][PASSED] - setText: Text '10' is set on object 'Object Repository/PharmacyRequest/Page_KDMC-Pharmacy/input_txttreat'

2018-05-15 17:10:57 - [MESSAGE][PASSED] - Text '10' is set on object 'Object Repository/PharmacyRequest/Page_KDMC-Pharmacy/input_txttreat'

2018-05-15 17:10:57 - [TEST_STEP][PASSED] - click: Object: 'Object Repository/PharmacyRequest/Page_KDMC-Pharmacy/button_Add' is clicked on

2018-05-15 17:10:58 - [MESSAGE][PASSED] - Object: 'Object Repository/PharmacyRequest/Page_KDMC-Pharmacy/button_Add' is clicked on

2018-05-15 17:10:58 - [TEST_STEP][PASSED] - Statement - RN1 = com.kms.katalon.core.webui.keyword.WebUiBuiltInKeywords.getAttribute(com.kms.katalon.core.testobject.ObjectRepository.findTestObject(PharmacyRequest/Page_KDMC-Pharmacy/input_txtno), "value"): Attribute 'value' of object 'Object Repository/PharmacyRequest/Page_KDMC-Pharmacy/input_txtno' is: 'PRNO/15052018/121'

2018-05-15 17:10:58 - [MESSAGE][PASSED] - Attribute 'value' of object 'Object Repository/PharmacyRequest/Page_KDMC-Pharmacy/input_txtno' is: 'PRNO/15052018/121'

2018-05-15 17:10:58 - [TEST_STEP][PASSED] - Statement - out.println(RN1): null

2018-05-15 17:10:58 - [TEST_STEP][PASSED] - Statement - RID = RN1.split("/")[2]: null

2018-05-15 17:10:58 - [TEST_STEP][PASSED] - scrollToElement: Scroll to object 'Object Repository/PharmacyRequest/Page_KDMC-Pharmacy/input_btnsave' successfully

2018-05-15 17:10:58 - [MESSAGE][PASSED] - Scroll to object 'Object Repository/PharmacyRequest/Page_KDMC-Pharmacy/input_btnsave' successfully

2018-05-15 17:10:58 - [TEST_STEP][PASSED] - click: Object: 'Object Repository/PharmacyRequest/Page_KDMC-Pharmacy/input_btnsave' is clicked on

2018-05-15 17:10:58 - [MESSAGE][PASSED] - Object: 'Object Repository/PharmacyRequest/Page_KDMC-Pharmacy/input_btnsave' is clicked on

2018-05-15 17:10:58 - [TEST_STEP][PASSED] - delay: Delayed 3 second(s)

2018-05-15 17:11:01 - [MESSAGE][PASSED] - Delayed 3 second(s)

2018-05-15 17:11:01 - [TEST_STEP][PASSED] - click: Object: 'Object Repository/PharmacyRequest/Page_KDMC-Pharmacy/button_OK' is clicked on

2018-05-15 17:11:01 - [MESSAGE][PASSED] - Object: 'Object Repository/PharmacyRequest/Page_KDMC-Pharmacy/button_OK' is clicked on

2018-05-15 17:11:01 - [TEST_STEP][PASSED] - delay: Delayed 3 second(s)

2018-05-15 17:11:04 - [MESSAGE][PASSED] - Delayed 3 second(s)

2018-05-15 17:11:04 - [TEST_STEP][PASSED] - click: Object: 'Object Repository/PharmacyRequest/Page_KDMC-Pharmacy/a_Back to Pharmacy' is clicked on

2018-05-15 17:11:06 - [MESSAGE][PASSED] - Object: 'Object Repository/PharmacyRequest/Page_KDMC-Pharmacy/a_Back to Pharmacy' is clicked on

2018-05-15 17:11:06 - [TEST_STEP][PASSED] - delay: Delayed 3 second(s)

2018-05-15 17:11:09 - [MESSAGE][PASSED] - Delayed 3 second(s)

2018-05-15 17:11:09 - [TEST_STEP][PASSED] - click: Object: 'Object Repository/PharmacyRequest/Page_KDMC - Pharmacy/a_dropdown-toggle' is clicked on

2018-05-15 17:11:09 - [MESSAGE][PASSED] - Object: 'Object Repository/PharmacyRequest/Page_KDMC - Pharmacy/a_dropdown-toggle' is clicked on

2018-05-15 17:11:09 - [TEST_STEP][PASSED] - click: Object: 'Object Repository/PharmacyRequest/Page_KDMC - Pharmacy/a_Sign out' is clicked on

2018-05-15 17:11:09 - [MESSAGE][PASSED] - Object: 'Object Repository/PharmacyRequest/Page_KDMC - Pharmacy/a_Sign out' is clicked on

2018-05-15 17:11:09 - [TEST_STEP][PASSED] - delay: Delayed 3 second(s)

2018-05-15 17:11:12 - [MESSAGE][PASSED] - Delayed 3 second(s)

2018-05-15 17:11:12 - [TEST_STEP][PASSED] - click: Object: 'Object Repository/PharmacyRequest/Page_KDMC/a_CMO' is clicked on

2018-05-15 17:11:13 - [MESSAGE][PASSED] - Object: 'Object Repository/PharmacyRequest/Page_KDMC/a_CMO' is clicked on

2018-05-15 17:11:13 - [TEST_STEP][PASSED] - setText: Text 'guru' is set on object 'Object Repository/PharmacyRequest/Page_CMO login/input_txtusername'

2018-05-15 17:11:13 - [MESSAGE][PASSED] - Text 'guru' is set on object 'Object Repository/PharmacyRequest/Page_CMO login/input_txtusername'

2018-05-15 17:11:13 - [TEST_STEP][PASSED] - setText: Text '123' is set on object 'Object Repository/PharmacyRequest/Page_CMO login/input_txtpassword'

2018-05-15 17:11:13 - [MESSAGE][PASSED] - Text '123' is set on object 'Object Repository/PharmacyRequest/Page_CMO login/input_txtpassword'

2018-05-15 17:11:13 - [TEST_STEP][PASSED] - delay: Delayed 3 second(s)

2018-05-15 17:11:16 - [MESSAGE][PASSED] - Delayed 3 second(s)

2018-05-15 17:11:16 - [TEST_STEP][PASSED] - click: Object: 'Object Repository/PharmacyRequest/Page_CMO login/button_Sign in' is clicked on

2018-05-15 17:11:17 - [MESSAGE][PASSED] - Object: 'Object Repository/PharmacyRequest/Page_CMO login/button_Sign in' is clicked on

2018-05-15 17:11:17 - [TEST_STEP][PASSED] - click: Object: 'Object Repository/PharmacyRequest/Page_KDMC - CMO/a_Department Wise Request' is clicked on

2018-05-15 17:11:17 - [MESSAGE][PASSED] - Object: 'Object Repository/PharmacyRequest/Page_KDMC - CMO/a_Department Wise Request' is clicked on

2018-05-15 17:11:17 - [TEST_STEP][PASSED] - selectOptionByIndex: All options with index in [2] are selected on object 'Object Repository/PharmacyRequest/Page_KDMC - CMO/select_--ALL--'

2018-05-15 17:11:18 - [MESSAGE][PASSED] - All options with index in [2] are selected on object 'Object Repository/PharmacyRequest/Page_KDMC - CMO/select_--ALL--'

2018-05-15 17:11:18 - [TEST_STEP][PASSED] - selectOptionByIndex: All options with index in [1] are selected on object 'Object Repository/PharmacyRequest/Page_KDMC - CMO/select_--ALL--                _1'

2018-05-15 17:11:18 - [MESSAGE][PASSED] - All options with index in [1] are selected on object 'Object Repository/PharmacyRequest/Page_KDMC - CMO/select_--ALL--                _1'

2018-05-15 17:11:18 - [TEST_STEP][PASSED] - click: Object: 'Object Repository/PharmacyRequest/Page_KDMC - CMO/input_btnsearch' is clicked on

2018-05-15 17:11:18 - [MESSAGE][PASSED] - Object: 'Object Repository/PharmacyRequest/Page_KDMC - CMO/input_btnsearch' is clicked on

2018-05-15 17:11:18 - [TEST_STEP][PASSED] - Statement - ID = com.kms.katalon.core.webui.keyword.WebUiBuiltInKeywords.modifyObjectProperty(com.kms.katalon.core.testobject.ObjectRepository.findTestObject(PharmacyRequest/Page_KDMC - CMO/input_2), "xpath", "equals", "//*[@id=" + RID + "]", true): Modify property of object successfully

2018-05-15 17:11:18 - [MESSAGE][PASSED] - Modify property of object successfully

2018-05-15 17:11:18 - [TEST_STEP][FAILED] - click: Unable to click on object 'Object Repository/PharmacyRequest/Page_KDMC - CMO/input_2' (Root cause: com.kms.katalon.core.webui.exception.WebElementNotFoundException: Web element with id: 'Object Repository/PharmacyRequest/Page_KDMC - CMO/input_2' located by 'By.xpath: //*[@id=121][count(. | //input[@type = 'button']) = count(//input[@type = 'button'])]' not found)

2018-05-15 17:11:49 - [MESSAGE][FAILED] - Unable to click on object 'Object Repository/PharmacyRequest/Page_KDMC - CMO/input_2' (Root cause: com.kms.katalon.core.webui.exception.WebElementNotFoundException: Web element with id: 'Object Repository/PharmacyRequest/Page_KDMC - CMO/input_2' located by 'By.xpath: //*[@id=121][count(. | //input[@type = 'button']) = count(//input[@type = 'button'])]' not found)
[[ATTACHMENT|C:\\Users\\Quality Analyst\\Katalon Studio\\ds\\Reports\\Pharmacy_Suite\\20180515_165509\\1526384509566.png]]]]></system-out>
         <system-err><![CDATA[2018-05-15 17:10:20 - [TEST_CASE][FAILED] - Test Cases/PHARMACY TEST CASES/TC_PHAR_003 Verify Schedule 3 Pharmacy Request Are Working Successfully Or Not: Test Cases/PHARMACY TEST CASES/TC_PHAR_003 Verify Schedule 3 Pharmacy Request Are Working Successfully Or Not FAILED because (of) Unable to click on object 'Object Repository/PharmacyRequest/Page_KDMC - CMO/input_2' (Root cause: com.kms.katalon.core.webui.exception.WebElementNotFoundException: Web element with id: 'Object Repository/PharmacyRequest/Page_KDMC - CMO/input_2' located by 'By.xpath: //*[@id=121][count(. | //input[@type = 'button']) = count(//input[@type = 'button'])]' not found)]]></system-err>
      </testcase>
      <testcase name="Test Cases/PHARMACY TEST CASES/TC_PHAR_004 Verify Schedule 4 Pharmacy Request Are Working Successfully Or Not" classname="Test Cases/PHARMACY TEST CASES/TC_PHAR_004 Verify Schedule 4 Pharmacy Request Are Working Successfully Or Not" status="PASSED">
         <system-out><![CDATA[2018-05-15 17:11:49 - [TEST_CASE][PASSED] - Test Cases/PHARMACY TEST CASES/TC_PHAR_004 Verify Schedule 4 Pharmacy Request Are Working Successfully Or Not: Test Cases/PHARMACY TEST CASES/TC_PHAR_004 Verify Schedule 4 Pharmacy Request Are Working Successfully Or Not

2018-05-15 17:11:50 - [TEST_STEP][PASSED] - openBrowser: Browser is opened with url: ''

2018-05-15 17:11:50 - [MESSAGE][WARNING] - A browser is already opened. Closing browser and opening a new one

2018-05-15 17:11:52 - [MESSAGE][PASSED] - Browser is opened with url: ''

2018-05-15 17:11:52 - [TEST_STEP][PASSED] - Statement - out.println("Verify Schedule 4 Pharmacy Request Are Working Successfully Or Not"): null

2018-05-15 17:11:52 - [TEST_STEP][PASSED] - navigateToUrl: Navigate to 'http://192.168.137.1/multihospital_new/' successfully

2018-05-15 17:11:54 - [MESSAGE][PASSED] - Navigate to 'http://192.168.137.1/multihospital_new/' successfully

2018-05-15 17:11:54 - [TEST_STEP][PASSED] - maximizeWindow: Current window maximized

2018-05-15 17:11:55 - [MESSAGE][PASSED] - Current window maximized

2018-05-15 17:11:55 - [TEST_STEP][PASSED] - click: Object: 'Object Repository/PharmacyRequest/Page_KDMC/a_Pharmacy' is clicked on

2018-05-15 17:11:56 - [MESSAGE][PASSED] - Object: 'Object Repository/PharmacyRequest/Page_KDMC/a_Pharmacy' is clicked on

2018-05-15 17:11:56 - [TEST_STEP][PASSED] - setText: Text 'raja' is set on object 'Object Repository/PharmacyRequest/Page_Pharmacy login/input_txtusername'

2018-05-15 17:11:56 - [MESSAGE][PASSED] - Text 'raja' is set on object 'Object Repository/PharmacyRequest/Page_Pharmacy login/input_txtusername'

2018-05-15 17:11:56 - [TEST_STEP][PASSED] - setText: Text '123' is set on object 'Object Repository/PharmacyRequest/Page_Pharmacy login/input_txtpassword'

2018-05-15 17:11:56 - [MESSAGE][PASSED] - Text '123' is set on object 'Object Repository/PharmacyRequest/Page_Pharmacy login/input_txtpassword'

2018-05-15 17:11:56 - [TEST_STEP][PASSED] - delay: Delayed 3 second(s)

2018-05-15 17:11:59 - [MESSAGE][PASSED] - Delayed 3 second(s)

2018-05-15 17:11:59 - [TEST_STEP][PASSED] - click: Object: 'Object Repository/PharmacyRequest/Page_Pharmacy login/button_Sign in' is clicked on

2018-05-15 17:12:00 - [MESSAGE][PASSED] - Object: 'Object Repository/PharmacyRequest/Page_Pharmacy login/button_Sign in' is clicked on

2018-05-15 17:12:00 - [TEST_STEP][PASSED] - delay: Delayed 3 second(s)

2018-05-15 17:12:03 - [MESSAGE][PASSED] - Delayed 3 second(s)

2018-05-15 17:12:03 - [TEST_STEP][PASSED] - click: Object: 'Object Repository/PharmacyRequest/Page_KDMC - Pharmacy/a_Inventory' is clicked on

2018-05-15 17:12:04 - [MESSAGE][PASSED] - Object: 'Object Repository/PharmacyRequest/Page_KDMC - Pharmacy/a_Inventory' is clicked on

2018-05-15 17:12:04 - [TEST_STEP][PASSED] - delay: Delayed 3 second(s)

2018-05-15 17:12:07 - [MESSAGE][PASSED] - Delayed 3 second(s)

2018-05-15 17:12:07 - [TEST_STEP][PASSED] - click: Object: 'Object Repository/PharmacyRequest/Page_KDMC-Pharmacy/a_Store Request' is clicked on

2018-05-15 17:12:07 - [MESSAGE][PASSED] - Object: 'Object Repository/PharmacyRequest/Page_KDMC-Pharmacy/a_Store Request' is clicked on

2018-05-15 17:12:07 - [TEST_STEP][PASSED] - click: Object: 'Object Repository/PharmacyRequest/Page_KDMC-Pharmacy/a_Medicine Request' is clicked on

2018-05-15 17:12:08 - [MESSAGE][PASSED] - Object: 'Object Repository/PharmacyRequest/Page_KDMC-Pharmacy/a_Medicine Request' is clicked on

2018-05-15 17:12:08 - [TEST_STEP][PASSED] - selectOptionByIndex: All options with index in [4] are selected on object 'Object Repository/PharmacyRequest/Page_KDMC-Pharmacy/select_--Select--Schedule 1Inj'

2018-05-15 17:12:08 - [MESSAGE][PASSED] - All options with index in [4] are selected on object 'Object Repository/PharmacyRequest/Page_KDMC-Pharmacy/select_--Select--Schedule 1Inj'

2018-05-15 17:12:08 - [TEST_STEP][PASSED] - Statement - MedicineLength = com.kms.katalon.core.webui.keyword.WebUiBuiltInKeywords.getNumberOfTotalOption(com.kms.katalon.core.testobject.ObjectRepository.findTestObject(PharmacyRequest/Page_KDMC-Pharmacy/select_--Select--Albendazole)): 16 options of object 'Object Repository/PharmacyRequest/Page_KDMC-Pharmacy/select_--Select--Albendazole' counted

2018-05-15 17:12:08 - [MESSAGE][PASSED] - 16 options of object 'Object Repository/PharmacyRequest/Page_KDMC-Pharmacy/select_--Select--Albendazole' counted

2018-05-15 17:12:08 - [TEST_STEP][PASSED] - Statement - For ([l = 1, l <= MedicineLength - 1, (l++)]): Object: 'Object Repository/PharmacyRequest/Page_KDMC-Pharmacy/button_Add' is clicked on

2018-05-15 17:12:08 - [TEST_STEP][PASSED] - selectOptionByIndex: All options with index in [4] are selected on object 'Object Repository/PharmacyRequest/Page_KDMC-Pharmacy/select_--Select--Schedule 1Inj'

2018-05-15 17:12:09 - [MESSAGE][PASSED] - All options with index in [4] are selected on object 'Object Repository/PharmacyRequest/Page_KDMC-Pharmacy/select_--Select--Schedule 1Inj'

2018-05-15 17:12:09 - [TEST_STEP][PASSED] - selectOptionByIndex: All options with index in [1] are selected on object 'Object Repository/PharmacyRequest/Page_KDMC-Pharmacy/select_--Select--Albendazole'

2018-05-15 17:12:09 - [MESSAGE][PASSED] - All options with index in [1] are selected on object 'Object Repository/PharmacyRequest/Page_KDMC-Pharmacy/select_--Select--Albendazole'

2018-05-15 17:12:09 - [TEST_STEP][PASSED] - setText: Text '10' is set on object 'Object Repository/PharmacyRequest/Page_KDMC-Pharmacy/input_txttreat'

2018-05-15 17:12:09 - [MESSAGE][PASSED] - Text '10' is set on object 'Object Repository/PharmacyRequest/Page_KDMC-Pharmacy/input_txttreat'

2018-05-15 17:12:09 - [TEST_STEP][PASSED] - click: Object: 'Object Repository/PharmacyRequest/Page_KDMC-Pharmacy/button_Add' is clicked on

2018-05-15 17:12:09 - [MESSAGE][PASSED] - Object: 'Object Repository/PharmacyRequest/Page_KDMC-Pharmacy/button_Add' is clicked on

2018-05-15 17:12:09 - [TEST_STEP][PASSED] - selectOptionByIndex: All options with index in [4] are selected on object 'Object Repository/PharmacyRequest/Page_KDMC-Pharmacy/select_--Select--Schedule 1Inj'

2018-05-15 17:12:09 - [MESSAGE][PASSED] - All options with index in [4] are selected on object 'Object Repository/PharmacyRequest/Page_KDMC-Pharmacy/select_--Select--Schedule 1Inj'

2018-05-15 17:12:09 - [TEST_STEP][PASSED] - selectOptionByIndex: All options with index in [2] are selected on object 'Object Repository/PharmacyRequest/Page_KDMC-Pharmacy/select_--Select--Albendazole'

2018-05-15 17:12:09 - [MESSAGE][PASSED] - All options with index in [2] are selected on object 'Object Repository/PharmacyRequest/Page_KDMC-Pharmacy/select_--Select--Albendazole'

2018-05-15 17:12:09 - [TEST_STEP][PASSED] - setText: Text '10' is set on object 'Object Repository/PharmacyRequest/Page_KDMC-Pharmacy/input_txttreat'

2018-05-15 17:12:09 - [MESSAGE][PASSED] - Text '10' is set on object 'Object Repository/PharmacyRequest/Page_KDMC-Pharmacy/input_txttreat'

2018-05-15 17:12:09 - [TEST_STEP][PASSED] - click: Object: 'Object Repository/PharmacyRequest/Page_KDMC-Pharmacy/button_Add' is clicked on

2018-05-15 17:12:09 - [MESSAGE][PASSED] - Object: 'Object Repository/PharmacyRequest/Page_KDMC-Pharmacy/button_Add' is clicked on

2018-05-15 17:12:09 - [TEST_STEP][PASSED] - selectOptionByIndex: All options with index in [4] are selected on object 'Object Repository/PharmacyRequest/Page_KDMC-Pharmacy/select_--Select--Schedule 1Inj'

2018-05-15 17:12:10 - [MESSAGE][PASSED] - All options with index in [4] are selected on object 'Object Repository/PharmacyRequest/Page_KDMC-Pharmacy/select_--Select--Schedule 1Inj'

2018-05-15 17:12:10 - [TEST_STEP][PASSED] - selectOptionByIndex: All options with index in [3] are selected on object 'Object Repository/PharmacyRequest/Page_KDMC-Pharmacy/select_--Select--Albendazole'

2018-05-15 17:12:10 - [MESSAGE][PASSED] - All options with index in [3] are selected on object 'Object Repository/PharmacyRequest/Page_KDMC-Pharmacy/select_--Select--Albendazole'

2018-05-15 17:12:10 - [TEST_STEP][PASSED] - setText: Text '10' is set on object 'Object Repository/PharmacyRequest/Page_KDMC-Pharmacy/input_txttreat'

2018-05-15 17:12:10 - [MESSAGE][PASSED] - Text '10' is set on object 'Object Repository/PharmacyRequest/Page_KDMC-Pharmacy/input_txttreat'

2018-05-15 17:12:10 - [TEST_STEP][PASSED] - click: Object: 'Object Repository/PharmacyRequest/Page_KDMC-Pharmacy/button_Add' is clicked on

2018-05-15 17:12:10 - [MESSAGE][PASSED] - Object: 'Object Repository/PharmacyRequest/Page_KDMC-Pharmacy/button_Add' is clicked on

2018-05-15 17:12:10 - [TEST_STEP][PASSED] - selectOptionByIndex: All options with index in [4] are selected on object 'Object Repository/PharmacyRequest/Page_KDMC-Pharmacy/select_--Select--Schedule 1Inj'

2018-05-15 17:12:10 - [MESSAGE][PASSED] - All options with index in [4] are selected on object 'Object Repository/PharmacyRequest/Page_KDMC-Pharmacy/select_--Select--Schedule 1Inj'

2018-05-15 17:12:10 - [TEST_STEP][PASSED] - selectOptionByIndex: All options with index in [4] are selected on object 'Object Repository/PharmacyRequest/Page_KDMC-Pharmacy/select_--Select--Albendazole'

2018-05-15 17:12:10 - [MESSAGE][PASSED] - All options with index in [4] are selected on object 'Object Repository/PharmacyRequest/Page_KDMC-Pharmacy/select_--Select--Albendazole'

2018-05-15 17:12:10 - [TEST_STEP][PASSED] - setText: Text '10' is set on object 'Object Repository/PharmacyRequest/Page_KDMC-Pharmacy/input_txttreat'

2018-05-15 17:12:10 - [MESSAGE][PASSED] - Text '10' is set on object 'Object Repository/PharmacyRequest/Page_KDMC-Pharmacy/input_txttreat'

2018-05-15 17:12:10 - [TEST_STEP][PASSED] - click: Object: 'Object Repository/PharmacyRequest/Page_KDMC-Pharmacy/button_Add' is clicked on

2018-05-15 17:12:10 - [MESSAGE][PASSED] - Object: 'Object Repository/PharmacyRequest/Page_KDMC-Pharmacy/button_Add' is clicked on

2018-05-15 17:12:10 - [TEST_STEP][PASSED] - selectOptionByIndex: All options with index in [4] are selected on object 'Object Repository/PharmacyRequest/Page_KDMC-Pharmacy/select_--Select--Schedule 1Inj'

2018-05-15 17:12:10 - [MESSAGE][PASSED] - All options with index in [4] are selected on object 'Object Repository/PharmacyRequest/Page_KDMC-Pharmacy/select_--Select--Schedule 1Inj'

2018-05-15 17:12:10 - [TEST_STEP][PASSED] - selectOptionByIndex: All options with index in [5] are selected on object 'Object Repository/PharmacyRequest/Page_KDMC-Pharmacy/select_--Select--Albendazole'

2018-05-15 17:12:11 - [MESSAGE][PASSED] - All options with index in [5] are selected on object 'Object Repository/PharmacyRequest/Page_KDMC-Pharmacy/select_--Select--Albendazole'

2018-05-15 17:12:11 - [TEST_STEP][PASSED] - setText: Text '10' is set on object 'Object Repository/PharmacyRequest/Page_KDMC-Pharmacy/input_txttreat'

2018-05-15 17:12:11 - [MESSAGE][PASSED] - Text '10' is set on object 'Object Repository/PharmacyRequest/Page_KDMC-Pharmacy/input_txttreat'

2018-05-15 17:12:11 - [TEST_STEP][PASSED] - click: Object: 'Object Repository/PharmacyRequest/Page_KDMC-Pharmacy/button_Add' is clicked on

2018-05-15 17:12:11 - [MESSAGE][PASSED] - Object: 'Object Repository/PharmacyRequest/Page_KDMC-Pharmacy/button_Add' is clicked on

2018-05-15 17:12:11 - [TEST_STEP][PASSED] - selectOptionByIndex: All options with index in [4] are selected on object 'Object Repository/PharmacyRequest/Page_KDMC-Pharmacy/select_--Select--Schedule 1Inj'

2018-05-15 17:12:11 - [MESSAGE][PASSED] - All options with index in [4] are selected on object 'Object Repository/PharmacyRequest/Page_KDMC-Pharmacy/select_--Select--Schedule 1Inj'

2018-05-15 17:12:11 - [TEST_STEP][PASSED] - selectOptionByIndex: All options with index in [6] are selected on object 'Object Repository/PharmacyRequest/Page_KDMC-Pharmacy/select_--Select--Albendazole'

2018-05-15 17:12:11 - [MESSAGE][PASSED] - All options with index in [6] are selected on object 'Object Repository/PharmacyRequest/Page_KDMC-Pharmacy/select_--Select--Albendazole'

2018-05-15 17:12:11 - [TEST_STEP][PASSED] - setText: Text '10' is set on object 'Object Repository/PharmacyRequest/Page_KDMC-Pharmacy/input_txttreat'

2018-05-15 17:12:11 - [MESSAGE][PASSED] - Text '10' is set on object 'Object Repository/PharmacyRequest/Page_KDMC-Pharmacy/input_txttreat'

2018-05-15 17:12:11 - [TEST_STEP][PASSED] - click: Object: 'Object Repository/PharmacyRequest/Page_KDMC-Pharmacy/button_Add' is clicked on

2018-05-15 17:12:11 - [MESSAGE][PASSED] - Object: 'Object Repository/PharmacyRequest/Page_KDMC-Pharmacy/button_Add' is clicked on

2018-05-15 17:12:11 - [TEST_STEP][PASSED] - selectOptionByIndex: All options with index in [4] are selected on object 'Object Repository/PharmacyRequest/Page_KDMC-Pharmacy/select_--Select--Schedule 1Inj'

2018-05-15 17:12:11 - [MESSAGE][PASSED] - All options with index in [4] are selected on object 'Object Repository/PharmacyRequest/Page_KDMC-Pharmacy/select_--Select--Schedule 1Inj'

2018-05-15 17:12:11 - [TEST_STEP][PASSED] - selectOptionByIndex: All options with index in [7] are selected on object 'Object Repository/PharmacyRequest/Page_KDMC-Pharmacy/select_--Select--Albendazole'

2018-05-15 17:12:11 - [MESSAGE][PASSED] - All options with index in [7] are selected on object 'Object Repository/PharmacyRequest/Page_KDMC-Pharmacy/select_--Select--Albendazole'

2018-05-15 17:12:11 - [TEST_STEP][PASSED] - setText: Text '10' is set on object 'Object Repository/PharmacyRequest/Page_KDMC-Pharmacy/input_txttreat'

2018-05-15 17:12:11 - [MESSAGE][PASSED] - Text '10' is set on object 'Object Repository/PharmacyRequest/Page_KDMC-Pharmacy/input_txttreat'

2018-05-15 17:12:11 - [TEST_STEP][PASSED] - click: Object: 'Object Repository/PharmacyRequest/Page_KDMC-Pharmacy/button_Add' is clicked on

2018-05-15 17:12:11 - [MESSAGE][PASSED] - Object: 'Object Repository/PharmacyRequest/Page_KDMC-Pharmacy/button_Add' is clicked on

2018-05-15 17:12:11 - [TEST_STEP][PASSED] - selectOptionByIndex: All options with index in [4] are selected on object 'Object Repository/PharmacyRequest/Page_KDMC-Pharmacy/select_--Select--Schedule 1Inj'

2018-05-15 17:12:12 - [MESSAGE][PASSED] - All options with index in [4] are selected on object 'Object Repository/PharmacyRequest/Page_KDMC-Pharmacy/select_--Select--Schedule 1Inj'

2018-05-15 17:12:12 - [TEST_STEP][PASSED] - selectOptionByIndex: All options with index in [8] are selected on object 'Object Repository/PharmacyRequest/Page_KDMC-Pharmacy/select_--Select--Albendazole'

2018-05-15 17:12:12 - [MESSAGE][PASSED] - All options with index in [8] are selected on object 'Object Repository/PharmacyRequest/Page_KDMC-Pharmacy/select_--Select--Albendazole'

2018-05-15 17:12:12 - [TEST_STEP][PASSED] - setText: Text '10' is set on object 'Object Repository/PharmacyRequest/Page_KDMC-Pharmacy/input_txttreat'

2018-05-15 17:12:12 - [MESSAGE][PASSED] - Text '10' is set on object 'Object Repository/PharmacyRequest/Page_KDMC-Pharmacy/input_txttreat'

2018-05-15 17:12:12 - [TEST_STEP][PASSED] - click: Object: 'Object Repository/PharmacyRequest/Page_KDMC-Pharmacy/button_Add' is clicked on

2018-05-15 17:12:12 - [MESSAGE][PASSED] - Object: 'Object Repository/PharmacyRequest/Page_KDMC-Pharmacy/button_Add' is clicked on

2018-05-15 17:12:12 - [TEST_STEP][PASSED] - selectOptionByIndex: All options with index in [4] are selected on object 'Object Repository/PharmacyRequest/Page_KDMC-Pharmacy/select_--Select--Schedule 1Inj'

2018-05-15 17:12:12 - [MESSAGE][PASSED] - All options with index in [4] are selected on object 'Object Repository/PharmacyRequest/Page_KDMC-Pharmacy/select_--Select--Schedule 1Inj'

2018-05-15 17:12:12 - [TEST_STEP][PASSED] - selectOptionByIndex: All options with index in [9] are selected on object 'Object Repository/PharmacyRequest/Page_KDMC-Pharmacy/select_--Select--Albendazole'

2018-05-15 17:12:12 - [MESSAGE][PASSED] - All options with index in [9] are selected on object 'Object Repository/PharmacyRequest/Page_KDMC-Pharmacy/select_--Select--Albendazole'

2018-05-15 17:12:12 - [TEST_STEP][PASSED] - setText: Text '10' is set on object 'Object Repository/PharmacyRequest/Page_KDMC-Pharmacy/input_txttreat'

2018-05-15 17:12:12 - [MESSAGE][PASSED] - Text '10' is set on object 'Object Repository/PharmacyRequest/Page_KDMC-Pharmacy/input_txttreat'

2018-05-15 17:12:12 - [TEST_STEP][PASSED] - click: Object: 'Object Repository/PharmacyRequest/Page_KDMC-Pharmacy/button_Add' is clicked on

2018-05-15 17:12:12 - [MESSAGE][PASSED] - Object: 'Object Repository/PharmacyRequest/Page_KDMC-Pharmacy/button_Add' is clicked on

2018-05-15 17:12:12 - [TEST_STEP][PASSED] - selectOptionByIndex: All options with index in [4] are selected on object 'Object Repository/PharmacyRequest/Page_KDMC-Pharmacy/select_--Select--Schedule 1Inj'

2018-05-15 17:12:12 - [MESSAGE][PASSED] - All options with index in [4] are selected on object 'Object Repository/PharmacyRequest/Page_KDMC-Pharmacy/select_--Select--Schedule 1Inj'

2018-05-15 17:12:12 - [TEST_STEP][PASSED] - selectOptionByIndex: All options with index in [10] are selected on object 'Object Repository/PharmacyRequest/Page_KDMC-Pharmacy/select_--Select--Albendazole'

2018-05-15 17:12:13 - [MESSAGE][PASSED] - All options with index in [10] are selected on object 'Object Repository/PharmacyRequest/Page_KDMC-Pharmacy/select_--Select--Albendazole'

2018-05-15 17:12:13 - [TEST_STEP][PASSED] - setText: Text '10' is set on object 'Object Repository/PharmacyRequest/Page_KDMC-Pharmacy/input_txttreat'

2018-05-15 17:12:13 - [MESSAGE][PASSED] - Text '10' is set on object 'Object Repository/PharmacyRequest/Page_KDMC-Pharmacy/input_txttreat'

2018-05-15 17:12:13 - [TEST_STEP][PASSED] - click: Object: 'Object Repository/PharmacyRequest/Page_KDMC-Pharmacy/button_Add' is clicked on

2018-05-15 17:12:13 - [MESSAGE][PASSED] - Object: 'Object Repository/PharmacyRequest/Page_KDMC-Pharmacy/button_Add' is clicked on

2018-05-15 17:12:13 - [TEST_STEP][PASSED] - selectOptionByIndex: All options with index in [4] are selected on object 'Object Repository/PharmacyRequest/Page_KDMC-Pharmacy/select_--Select--Schedule 1Inj'

2018-05-15 17:12:13 - [MESSAGE][PASSED] - All options with index in [4] are selected on object 'Object Repository/PharmacyRequest/Page_KDMC-Pharmacy/select_--Select--Schedule 1Inj'

2018-05-15 17:12:13 - [TEST_STEP][PASSED] - selectOptionByIndex: All options with index in [11] are selected on object 'Object Repository/PharmacyRequest/Page_KDMC-Pharmacy/select_--Select--Albendazole'

2018-05-15 17:12:13 - [MESSAGE][PASSED] - All options with index in [11] are selected on object 'Object Repository/PharmacyRequest/Page_KDMC-Pharmacy/select_--Select--Albendazole'

2018-05-15 17:12:13 - [TEST_STEP][PASSED] - setText: Text '10' is set on object 'Object Repository/PharmacyRequest/Page_KDMC-Pharmacy/input_txttreat'

2018-05-15 17:12:13 - [MESSAGE][PASSED] - Text '10' is set on object 'Object Repository/PharmacyRequest/Page_KDMC-Pharmacy/input_txttreat'

2018-05-15 17:12:13 - [TEST_STEP][PASSED] - click: Object: 'Object Repository/PharmacyRequest/Page_KDMC-Pharmacy/button_Add' is clicked on

2018-05-15 17:12:13 - [MESSAGE][PASSED] - Object: 'Object Repository/PharmacyRequest/Page_KDMC-Pharmacy/button_Add' is clicked on

2018-05-15 17:12:13 - [TEST_STEP][PASSED] - selectOptionByIndex: All options with index in [4] are selected on object 'Object Repository/PharmacyRequest/Page_KDMC-Pharmacy/select_--Select--Schedule 1Inj'

2018-05-15 17:12:13 - [MESSAGE][PASSED] - All options with index in [4] are selected on object 'Object Repository/PharmacyRequest/Page_KDMC-Pharmacy/select_--Select--Schedule 1Inj'

2018-05-15 17:12:13 - [TEST_STEP][PASSED] - selectOptionByIndex: All options with index in [12] are selected on object 'Object Repository/PharmacyRequest/Page_KDMC-Pharmacy/select_--Select--Albendazole'

2018-05-15 17:12:14 - [MESSAGE][PASSED] - All options with index in [12] are selected on object 'Object Repository/PharmacyRequest/Page_KDMC-Pharmacy/select_--Select--Albendazole'

2018-05-15 17:12:14 - [TEST_STEP][PASSED] - setText: Text '10' is set on object 'Object Repository/PharmacyRequest/Page_KDMC-Pharmacy/input_txttreat'

2018-05-15 17:12:14 - [MESSAGE][PASSED] - Text '10' is set on object 'Object Repository/PharmacyRequest/Page_KDMC-Pharmacy/input_txttreat'

2018-05-15 17:12:14 - [TEST_STEP][PASSED] - click: Object: 'Object Repository/PharmacyRequest/Page_KDMC-Pharmacy/button_Add' is clicked on

2018-05-15 17:12:14 - [MESSAGE][PASSED] - Object: 'Object Repository/PharmacyRequest/Page_KDMC-Pharmacy/button_Add' is clicked on

2018-05-15 17:12:14 - [TEST_STEP][PASSED] - selectOptionByIndex: All options with index in [4] are selected on object 'Object Repository/PharmacyRequest/Page_KDMC-Pharmacy/select_--Select--Schedule 1Inj'

2018-05-15 17:12:14 - [MESSAGE][PASSED] - All options with index in [4] are selected on object 'Object Repository/PharmacyRequest/Page_KDMC-Pharmacy/select_--Select--Schedule 1Inj'

2018-05-15 17:12:14 - [TEST_STEP][PASSED] - selectOptionByIndex: All options with index in [13] are selected on object 'Object Repository/PharmacyRequest/Page_KDMC-Pharmacy/select_--Select--Albendazole'

2018-05-15 17:12:14 - [MESSAGE][PASSED] - All options with index in [13] are selected on object 'Object Repository/PharmacyRequest/Page_KDMC-Pharmacy/select_--Select--Albendazole'

2018-05-15 17:12:14 - [TEST_STEP][PASSED] - setText: Text '10' is set on object 'Object Repository/PharmacyRequest/Page_KDMC-Pharmacy/input_txttreat'

2018-05-15 17:12:14 - [MESSAGE][PASSED] - Text '10' is set on object 'Object Repository/PharmacyRequest/Page_KDMC-Pharmacy/input_txttreat'

2018-05-15 17:12:14 - [TEST_STEP][PASSED] - click: Object: 'Object Repository/PharmacyRequest/Page_KDMC-Pharmacy/button_Add' is clicked on

2018-05-15 17:12:14 - [MESSAGE][PASSED] - Object: 'Object Repository/PharmacyRequest/Page_KDMC-Pharmacy/button_Add' is clicked on

2018-05-15 17:12:14 - [TEST_STEP][PASSED] - selectOptionByIndex: All options with index in [4] are selected on object 'Object Repository/PharmacyRequest/Page_KDMC-Pharmacy/select_--Select--Schedule 1Inj'

2018-05-15 17:12:14 - [MESSAGE][PASSED] - All options with index in [4] are selected on object 'Object Repository/PharmacyRequest/Page_KDMC-Pharmacy/select_--Select--Schedule 1Inj'

2018-05-15 17:12:14 - [TEST_STEP][PASSED] - selectOptionByIndex: All options with index in [14] are selected on object 'Object Repository/PharmacyRequest/Page_KDMC-Pharmacy/select_--Select--Albendazole'

2018-05-15 17:12:15 - [MESSAGE][PASSED] - All options with index in [14] are selected on object 'Object Repository/PharmacyRequest/Page_KDMC-Pharmacy/select_--Select--Albendazole'

2018-05-15 17:12:15 - [TEST_STEP][PASSED] - setText: Text '10' is set on object 'Object Repository/PharmacyRequest/Page_KDMC-Pharmacy/input_txttreat'

2018-05-15 17:12:15 - [MESSAGE][PASSED] - Text '10' is set on object 'Object Repository/PharmacyRequest/Page_KDMC-Pharmacy/input_txttreat'

2018-05-15 17:12:15 - [TEST_STEP][PASSED] - click: Object: 'Object Repository/PharmacyRequest/Page_KDMC-Pharmacy/button_Add' is clicked on

2018-05-15 17:12:15 - [MESSAGE][PASSED] - Object: 'Object Repository/PharmacyRequest/Page_KDMC-Pharmacy/button_Add' is clicked on

2018-05-15 17:12:15 - [TEST_STEP][PASSED] - selectOptionByIndex: All options with index in [4] are selected on object 'Object Repository/PharmacyRequest/Page_KDMC-Pharmacy/select_--Select--Schedule 1Inj'

2018-05-15 17:12:15 - [MESSAGE][PASSED] - All options with index in [4] are selected on object 'Object Repository/PharmacyRequest/Page_KDMC-Pharmacy/select_--Select--Schedule 1Inj'

2018-05-15 17:12:15 - [TEST_STEP][PASSED] - selectOptionByIndex: All options with index in [15] are selected on object 'Object Repository/PharmacyRequest/Page_KDMC-Pharmacy/select_--Select--Albendazole'

2018-05-15 17:12:15 - [MESSAGE][PASSED] - All options with index in [15] are selected on object 'Object Repository/PharmacyRequest/Page_KDMC-Pharmacy/select_--Select--Albendazole'

2018-05-15 17:12:15 - [TEST_STEP][PASSED] - setText: Text '10' is set on object 'Object Repository/PharmacyRequest/Page_KDMC-Pharmacy/input_txttreat'

2018-05-15 17:12:15 - [MESSAGE][PASSED] - Text '10' is set on object 'Object Repository/PharmacyRequest/Page_KDMC-Pharmacy/input_txttreat'

2018-05-15 17:12:15 - [TEST_STEP][PASSED] - click: Object: 'Object Repository/PharmacyRequest/Page_KDMC-Pharmacy/button_Add' is clicked on

2018-05-15 17:12:15 - [MESSAGE][PASSED] - Object: 'Object Repository/PharmacyRequest/Page_KDMC-Pharmacy/button_Add' is clicked on

2018-05-15 17:12:15 - [TEST_STEP][PASSED] - Statement - RN1 = com.kms.katalon.core.webui.keyword.WebUiBuiltInKeywords.getAttribute(com.kms.katalon.core.testobject.ObjectRepository.findTestObject(PharmacyRequest/Page_KDMC-Pharmacy/input_txtno), "value"): Attribute 'value' of object 'Object Repository/PharmacyRequest/Page_KDMC-Pharmacy/input_txtno' is: 'PRNO/15052018/122'

2018-05-15 17:12:15 - [MESSAGE][PASSED] - Attribute 'value' of object 'Object Repository/PharmacyRequest/Page_KDMC-Pharmacy/input_txtno' is: 'PRNO/15052018/122'

2018-05-15 17:12:15 - [TEST_STEP][PASSED] - Statement - out.println(RN1): null

2018-05-15 17:12:15 - [TEST_STEP][PASSED] - Statement - RID = RN1.split("/")[2]: null

2018-05-15 17:12:15 - [TEST_STEP][PASSED] - scrollToElement: Scroll to object 'Object Repository/PharmacyRequest/Page_KDMC-Pharmacy/input_btnsave' successfully

2018-05-15 17:12:15 - [MESSAGE][PASSED] - Scroll to object 'Object Repository/PharmacyRequest/Page_KDMC-Pharmacy/input_btnsave' successfully

2018-05-15 17:12:15 - [TEST_STEP][PASSED] - click: Object: 'Object Repository/PharmacyRequest/Page_KDMC-Pharmacy/input_btnsave' is clicked on

2018-05-15 17:12:15 - [MESSAGE][PASSED] - Object: 'Object Repository/PharmacyRequest/Page_KDMC-Pharmacy/input_btnsave' is clicked on

2018-05-15 17:12:15 - [TEST_STEP][PASSED] - delay: Delayed 3 second(s)

2018-05-15 17:12:18 - [MESSAGE][PASSED] - Delayed 3 second(s)

2018-05-15 17:12:18 - [TEST_STEP][PASSED] - click: Object: 'Object Repository/PharmacyRequest/Page_KDMC-Pharmacy/button_OK' is clicked on

2018-05-15 17:12:19 - [MESSAGE][PASSED] - Object: 'Object Repository/PharmacyRequest/Page_KDMC-Pharmacy/button_OK' is clicked on

2018-05-15 17:12:19 - [TEST_STEP][PASSED] - delay: Delayed 3 second(s)

2018-05-15 17:12:22 - [MESSAGE][PASSED] - Delayed 3 second(s)

2018-05-15 17:12:22 - [TEST_STEP][PASSED] - click: Object: 'Object Repository/PharmacyRequest/Page_KDMC-Pharmacy/a_Back to Pharmacy' is clicked on

2018-05-15 17:12:23 - [MESSAGE][PASSED] - Object: 'Object Repository/PharmacyRequest/Page_KDMC-Pharmacy/a_Back to Pharmacy' is clicked on

2018-05-15 17:12:23 - [TEST_STEP][PASSED] - delay: Delayed 3 second(s)

2018-05-15 17:12:26 - [MESSAGE][PASSED] - Delayed 3 second(s)

2018-05-15 17:12:26 - [TEST_STEP][PASSED] - click: Object: 'Object Repository/PharmacyRequest/Page_KDMC - Pharmacy/a_dropdown-toggle' is clicked on

2018-05-15 17:12:26 - [MESSAGE][PASSED] - Object: 'Object Repository/PharmacyRequest/Page_KDMC - Pharmacy/a_dropdown-toggle' is clicked on

2018-05-15 17:12:26 - [TEST_STEP][PASSED] - click: Object: 'Object Repository/PharmacyRequest/Page_KDMC - Pharmacy/a_Sign out' is clicked on

2018-05-15 17:12:27 - [MESSAGE][PASSED] - Object: 'Object Repository/PharmacyRequest/Page_KDMC - Pharmacy/a_Sign out' is clicked on

2018-05-15 17:12:27 - [TEST_STEP][PASSED] - delay: Delayed 3 second(s)

2018-05-15 17:12:30 - [MESSAGE][PASSED] - Delayed 3 second(s)

2018-05-15 17:12:30 - [TEST_STEP][PASSED] - click: Object: 'Object Repository/PharmacyRequest/Page_KDMC/a_CMO' is clicked on

2018-05-15 17:12:30 - [MESSAGE][PASSED] - Object: 'Object Repository/PharmacyRequest/Page_KDMC/a_CMO' is clicked on

2018-05-15 17:12:30 - [TEST_STEP][PASSED] - setText: Text 'guru' is set on object 'Object Repository/PharmacyRequest/Page_CMO login/input_txtusername'

2018-05-15 17:12:30 - [MESSAGE][PASSED] - Text 'guru' is set on object 'Object Repository/PharmacyRequest/Page_CMO login/input_txtusername'

2018-05-15 17:12:30 - [TEST_STEP][PASSED] - setText: Text '123' is set on object 'Object Repository/PharmacyRequest/Page_CMO login/input_txtpassword'

2018-05-15 17:12:30 - [MESSAGE][PASSED] - Text '123' is set on object 'Object Repository/PharmacyRequest/Page_CMO login/input_txtpassword'

2018-05-15 17:12:30 - [TEST_STEP][PASSED] - delay: Delayed 3 second(s)

2018-05-15 17:12:33 - [MESSAGE][PASSED] - Delayed 3 second(s)

2018-05-15 17:12:33 - [TEST_STEP][PASSED] - click: Object: 'Object Repository/PharmacyRequest/Page_CMO login/button_Sign in' is clicked on

2018-05-15 17:12:34 - [MESSAGE][PASSED] - Object: 'Object Repository/PharmacyRequest/Page_CMO login/button_Sign in' is clicked on

2018-05-15 17:12:34 - [TEST_STEP][PASSED] - click: Object: 'Object Repository/PharmacyRequest/Page_KDMC - CMO/a_Department Wise Request' is clicked on

2018-05-15 17:12:34 - [MESSAGE][PASSED] - Object: 'Object Repository/PharmacyRequest/Page_KDMC - CMO/a_Department Wise Request' is clicked on

2018-05-15 17:12:34 - [TEST_STEP][PASSED] - selectOptionByIndex: All options with index in [2] are selected on object 'Object Repository/PharmacyRequest/Page_KDMC - CMO/select_--ALL--'

2018-05-15 17:12:35 - [MESSAGE][PASSED] - All options with index in [2] are selected on object 'Object Repository/PharmacyRequest/Page_KDMC - CMO/select_--ALL--'

2018-05-15 17:12:35 - [TEST_STEP][PASSED] - selectOptionByIndex: All options with index in [1] are selected on object 'Object Repository/PharmacyRequest/Page_KDMC - CMO/select_--ALL--                _1'

2018-05-15 17:12:35 - [MESSAGE][PASSED] - All options with index in [1] are selected on object 'Object Repository/PharmacyRequest/Page_KDMC - CMO/select_--ALL--                _1'

2018-05-15 17:12:35 - [TEST_STEP][PASSED] - click: Object: 'Object Repository/PharmacyRequest/Page_KDMC - CMO/input_btnsearch' is clicked on

2018-05-15 17:12:35 - [MESSAGE][PASSED] - Object: 'Object Repository/PharmacyRequest/Page_KDMC - CMO/input_btnsearch' is clicked on

2018-05-15 17:12:35 - [TEST_STEP][PASSED] - Statement - ID = com.kms.katalon.core.webui.keyword.WebUiBuiltInKeywords.modifyObjectProperty(com.kms.katalon.core.testobject.ObjectRepository.findTestObject(PharmacyRequest/Page_KDMC - CMO/input_2), "xpath", "equals", "//*[@id=" + RID + "]", true): Modify property of object successfully

2018-05-15 17:12:35 - [MESSAGE][PASSED] - Modify property of object successfully

2018-05-15 17:12:35 - [TEST_STEP][PASSED] - click: Object: 'Object Repository/PharmacyRequest/Page_KDMC - CMO/input_2' is clicked on

2018-05-15 17:12:36 - [MESSAGE][PASSED] - Object: 'Object Repository/PharmacyRequest/Page_KDMC - CMO/input_2' is clicked on

2018-05-15 17:12:36 - [TEST_STEP][PASSED] - delay: Delayed 3 second(s)

2018-05-15 17:12:39 - [MESSAGE][PASSED] - Delayed 3 second(s)

2018-05-15 17:12:39 - [TEST_STEP][PASSED] - selectOptionByIndex: All options with index in [1] are selected on object 'Object Repository/PharmacyRequest/Page_KDMC - CMO/select_--Select--'

2018-05-15 17:12:39 - [MESSAGE][PASSED] - All options with index in [1] are selected on object 'Object Repository/PharmacyRequest/Page_KDMC - CMO/select_--Select--'

2018-05-15 17:12:39 - [TEST_STEP][PASSED] - click: Object: 'Object Repository/PharmacyRequest/Page_KDMC - CMO/input_btnupdate' is clicked on

2018-05-15 17:12:39 - [MESSAGE][PASSED] - Object: 'Object Repository/PharmacyRequest/Page_KDMC - CMO/input_btnupdate' is clicked on

2018-05-15 17:12:39 - [TEST_STEP][PASSED] - delay: Delayed 3 second(s)

2018-05-15 17:12:42 - [MESSAGE][PASSED] - Delayed 3 second(s)

2018-05-15 17:12:42 - [TEST_STEP][PASSED] - click: Object: 'Object Repository/PharmacyRequest/Page_KDMC - CMO/button_OK' is clicked on

2018-05-15 17:12:42 - [MESSAGE][PASSED] - Object: 'Object Repository/PharmacyRequest/Page_KDMC - CMO/button_OK' is clicked on

2018-05-15 17:12:42 - [TEST_STEP][PASSED] - delay: Delayed 3 second(s)

2018-05-15 17:12:45 - [MESSAGE][PASSED] - Delayed 3 second(s)

2018-05-15 17:12:45 - [TEST_STEP][PASSED] - click: Object: 'Object Repository/PharmacyRequest/Page_KDMC - CMO/a_dropdown-toggle' is clicked on

2018-05-15 17:12:45 - [MESSAGE][PASSED] - Object: 'Object Repository/PharmacyRequest/Page_KDMC - CMO/a_dropdown-toggle' is clicked on

2018-05-15 17:12:45 - [TEST_STEP][PASSED] - click: Object: 'Object Repository/PharmacyRequest/Page_KDMC - CMO/a_Sign out' is clicked on

2018-05-15 17:12:46 - [MESSAGE][PASSED] - Object: 'Object Repository/PharmacyRequest/Page_KDMC - CMO/a_Sign out' is clicked on

2018-05-15 17:12:46 - [TEST_STEP][PASSED] - delay: Delayed 3 second(s)

2018-05-15 17:12:49 - [MESSAGE][PASSED] - Delayed 3 second(s)

2018-05-15 17:12:49 - [TEST_STEP][PASSED] - click: Object: 'Object Repository/PharmacyRequest/Page_KDMC/a_Divisional Store' is clicked on

2018-05-15 17:12:49 - [MESSAGE][PASSED] - Object: 'Object Repository/PharmacyRequest/Page_KDMC/a_Divisional Store' is clicked on

2018-05-15 17:12:49 - [TEST_STEP][PASSED] - setText: Text 'ragu' is set on object 'Object Repository/PharmacyRequest/Page_Divisonal Store Login/input_txtusername'

2018-05-15 17:12:49 - [MESSAGE][PASSED] - Text 'ragu' is set on object 'Object Repository/PharmacyRequest/Page_Divisonal Store Login/input_txtusername'

2018-05-15 17:12:49 - [TEST_STEP][PASSED] - setText: Text '123' is set on object 'Object Repository/PharmacyRequest/Page_Divisonal Store Login/input_txtpassword'

2018-05-15 17:12:49 - [MESSAGE][PASSED] - Text '123' is set on object 'Object Repository/PharmacyRequest/Page_Divisonal Store Login/input_txtpassword'

2018-05-15 17:12:49 - [TEST_STEP][PASSED] - delay: Delayed 3 second(s)

2018-05-15 17:12:52 - [MESSAGE][PASSED] - Delayed 3 second(s)

2018-05-15 17:12:52 - [TEST_STEP][PASSED] - click: Object: 'Object Repository/PharmacyRequest/Page_Divisonal Store Login/button_Sign in' is clicked on

2018-05-15 17:12:53 - [MESSAGE][PASSED] - Object: 'Object Repository/PharmacyRequest/Page_Divisonal Store Login/button_Sign in' is clicked on

2018-05-15 17:12:53 - [TEST_STEP][PASSED] - delay: Delayed 3 second(s)

2018-05-15 17:12:56 - [MESSAGE][PASSED] - Delayed 3 second(s)

2018-05-15 17:12:56 - [TEST_STEP][PASSED] - click: Object: 'Object Repository/PharmacyRequest/Page_Store/a_Pharmacy Request' is clicked on

2018-05-15 17:12:56 - [MESSAGE][PASSED] - Object: 'Object Repository/PharmacyRequest/Page_Store/a_Pharmacy Request' is clicked on

2018-05-15 17:12:56 - [TEST_STEP][PASSED] - click: Object: 'Object Repository/PharmacyRequest/Page_Store/a_Request Item Pharmacy' is clicked on

2018-05-15 17:12:57 - [MESSAGE][PASSED] - Object: 'Object Repository/PharmacyRequest/Page_Store/a_Request Item Pharmacy' is clicked on

2018-05-15 17:12:57 - [TEST_STEP][PASSED] - delay: Delayed 2 second(s)

2018-05-15 17:12:59 - [MESSAGE][PASSED] - Delayed 2 second(s)

2018-05-15 17:12:59 - [TEST_STEP][PASSED] - setText: Text 'PRNO/15052018/122' is set on object 'Object Repository/PharmacyRequest/Page_Store/input'

2018-05-15 17:12:59 - [MESSAGE][PASSED] - Text 'PRNO/15052018/122' is set on object 'Object Repository/PharmacyRequest/Page_Store/input'

2018-05-15 17:12:59 - [TEST_STEP][PASSED] - delay: Delayed 2 second(s)

2018-05-15 17:13:01 - [MESSAGE][PASSED] - Delayed 2 second(s)

2018-05-15 17:13:01 - [TEST_STEP][PASSED] - Statement - ChooseRequest = com.kms.katalon.core.webui.keyword.WebUiBuiltInKeywords.modifyObjectProperty(com.kms.katalon.core.testobject.ObjectRepository.findTestObject(PharmacyRequest/Page_Store/input_2), "xpath", "equals", "//*[@id=" + RID + "]", true): Modify property of object successfully

2018-05-15 17:13:01 - [MESSAGE][PASSED] - Modify property of object successfully

2018-05-15 17:13:01 - [TEST_STEP][PASSED] - click: Object: 'Object Repository/PharmacyRequest/Page_Store/input_2' is clicked on

2018-05-15 17:13:02 - [MESSAGE][PASSED] - Object: 'Object Repository/PharmacyRequest/Page_Store/input_2' is clicked on

2018-05-15 17:13:02 - [TEST_STEP][PASSED] - delay: Delayed 2 second(s)

2018-05-15 17:13:04 - [MESSAGE][PASSED] - Delayed 2 second(s)

2018-05-15 17:13:04 - [TEST_STEP][PASSED] - Statement - selectedoptions = com.kms.katalon.core.webui.keyword.WebUiBuiltInKeywords.getNumberOfTotalOption(com.kms.katalon.core.testobject.ObjectRepository.findTestObject(PharmacyRequest/Page_Store/select_--Select--Amlodepin -5)): 16 options of object 'Object Repository/PharmacyRequest/Page_Store/select_--Select--Amlodepin -5' counted

2018-05-15 17:13:04 - [MESSAGE][PASSED] - 16 options of object 'Object Repository/PharmacyRequest/Page_Store/select_--Select--Amlodepin -5' counted

2018-05-15 17:13:04 - [TEST_STEP][PASSED] - Statement - For ([a = 1, a <= selectedoptions - 1, (a++)]): null

2018-05-15 17:13:04 - [TEST_STEP][PASSED] - selectOptionByIndex: All options with index in [1] are selected on object 'Object Repository/PharmacyRequest/Page_Store/select_--Select--Amlodepin -5'

2018-05-15 17:13:04 - [MESSAGE][PASSED] - All options with index in [1] are selected on object 'Object Repository/PharmacyRequest/Page_Store/select_--Select--Amlodepin -5'

2018-05-15 17:13:04 - [TEST_STEP][PASSED] - delay: Delayed 1 second(s)

2018-05-15 17:13:05 - [MESSAGE][PASSED] - Delayed 1 second(s)

2018-05-15 17:13:05 - [TEST_STEP][PASSED] - Statement - RequestedQty = com.kms.katalon.core.webui.keyword.WebUiBuiltInKeywords.getAttribute(com.kms.katalon.core.testobject.ObjectRepository.findTestObject(PharmacyRequest/Page_Store/input_txttotal), "value"): Attribute 'value' of object 'Object Repository/PharmacyRequest/Page_Store/input_txttotal' is: '10'

2018-05-15 17:13:05 - [MESSAGE][PASSED] - Attribute 'value' of object 'Object Repository/PharmacyRequest/Page_Store/input_txttotal' is: '10'

2018-05-15 17:13:05 - [TEST_STEP][PASSED] - Statement - out.println("Requested QTY : " + RequestedQty): null

2018-05-15 17:13:05 - [TEST_STEP][PASSED] - Statement - BatchNumber = com.kms.katalon.core.webui.keyword.WebUiBuiltInKeywords.getNumberOfTotalOption(com.kms.katalon.core.testobject.ObjectRepository.findTestObject(PharmacyRequest/Page_Store/select_--Select--BA50)): 4 options of object 'Object Repository/PharmacyRequest/Page_Store/select_--Select--BA50' counted

2018-05-15 17:13:05 - [MESSAGE][PASSED] - 4 options of object 'Object Repository/PharmacyRequest/Page_Store/select_--Select--BA50' counted

2018-05-15 17:13:05 - [TEST_STEP][PASSED] - Statement - For ([g = 1, g <= BatchNumber - 1, (g++)]): null

2018-05-15 17:13:05 - [TEST_STEP][PASSED] - selectOptionByIndex: All options with index in [1] are selected on object 'Object Repository/PharmacyRequest/Page_Store/select_--Select--BA50'

2018-05-15 17:13:05 - [MESSAGE][PASSED] - All options with index in [1] are selected on object 'Object Repository/PharmacyRequest/Page_Store/select_--Select--BA50'

2018-05-15 17:13:05 - [TEST_STEP][PASSED] - delay: Delayed 1 second(s)

2018-05-15 17:13:06 - [MESSAGE][PASSED] - Delayed 1 second(s)

2018-05-15 17:13:06 - [TEST_STEP][PASSED] - Statement - StockQty = com.kms.katalon.core.webui.keyword.WebUiBuiltInKeywords.getAttribute(com.kms.katalon.core.testobject.ObjectRepository.findTestObject(PharmacyRequest/Page_Store/input_txtprice), "value"): Attribute 'value' of object 'Object Repository/PharmacyRequest/Page_Store/input_txtprice' is: '970'

2018-05-15 17:13:06 - [MESSAGE][PASSED] - Attribute 'value' of object 'Object Repository/PharmacyRequest/Page_Store/input_txtprice' is: '970'

2018-05-15 17:13:06 - [TEST_STEP][PASSED] - Statement - out.println("Stock QTY : " + StockQty): null

2018-05-15 17:13:06 - [TEST_STEP][PASSED] - delay: Delayed 1 second(s)

2018-05-15 17:13:07 - [MESSAGE][PASSED] - Delayed 1 second(s)

2018-05-15 17:13:07 - [TEST_STEP][PASSED] - Statement - If (java.lang.Integer.valueOf(StockQty) >= java.lang.Integer.valueOf(RequestedQty)): null

2018-05-15 17:13:07 - [TEST_STEP][PASSED] - setText: Text '10' is set on object 'Object Repository/PharmacyRequest/Page_Store/input_txtqty'

2018-05-15 17:13:07 - [MESSAGE][PASSED] - Text '10' is set on object 'Object Repository/PharmacyRequest/Page_Store/input_txtqty'

2018-05-15 17:13:07 - [TEST_STEP][PASSED] - click: Object: 'Object Repository/PharmacyRequest/Page_Store/button_Add' is clicked on

2018-05-15 17:13:07 - [MESSAGE][PASSED] - Object: 'Object Repository/PharmacyRequest/Page_Store/button_Add' is clicked on

2018-05-15 17:13:07 - [TEST_STEP][PASSED] - Statement - Break: null

2018-05-15 17:13:07 - [TEST_STEP][PASSED] - selectOptionByIndex: All options with index in [2] are selected on object 'Object Repository/PharmacyRequest/Page_Store/select_--Select--Amlodepin -5'

2018-05-15 17:13:08 - [MESSAGE][PASSED] - All options with index in [2] are selected on object 'Object Repository/PharmacyRequest/Page_Store/select_--Select--Amlodepin -5'

2018-05-15 17:13:08 - [TEST_STEP][PASSED] - delay: Delayed 1 second(s)

2018-05-15 17:13:09 - [MESSAGE][PASSED] - Delayed 1 second(s)

2018-05-15 17:13:09 - [TEST_STEP][PASSED] - Statement - RequestedQty = com.kms.katalon.core.webui.keyword.WebUiBuiltInKeywords.getAttribute(com.kms.katalon.core.testobject.ObjectRepository.findTestObject(PharmacyRequest/Page_Store/input_txttotal), "value"): Attribute 'value' of object 'Object Repository/PharmacyRequest/Page_Store/input_txttotal' is: '10'

2018-05-15 17:13:09 - [MESSAGE][PASSED] - Attribute 'value' of object 'Object Repository/PharmacyRequest/Page_Store/input_txttotal' is: '10'

2018-05-15 17:13:09 - [TEST_STEP][PASSED] - Statement - out.println("Requested QTY : " + RequestedQty): null

2018-05-15 17:13:09 - [TEST_STEP][PASSED] - Statement - BatchNumber = com.kms.katalon.core.webui.keyword.WebUiBuiltInKeywords.getNumberOfTotalOption(com.kms.katalon.core.testobject.ObjectRepository.findTestObject(PharmacyRequest/Page_Store/select_--Select--BA50)): 4 options of object 'Object Repository/PharmacyRequest/Page_Store/select_--Select--BA50' counted

2018-05-15 17:13:09 - [MESSAGE][PASSED] - 4 options of object 'Object Repository/PharmacyRequest/Page_Store/select_--Select--BA50' counted

2018-05-15 17:13:09 - [TEST_STEP][PASSED] - Statement - For ([g = 1, g <= BatchNumber - 1, (g++)]): null

2018-05-15 17:13:09 - [TEST_STEP][PASSED] - selectOptionByIndex: All options with index in [1] are selected on object 'Object Repository/PharmacyRequest/Page_Store/select_--Select--BA50'

2018-05-15 17:13:09 - [MESSAGE][PASSED] - All options with index in [1] are selected on object 'Object Repository/PharmacyRequest/Page_Store/select_--Select--BA50'

2018-05-15 17:13:09 - [TEST_STEP][PASSED] - delay: Delayed 1 second(s)

2018-05-15 17:13:10 - [MESSAGE][PASSED] - Delayed 1 second(s)

2018-05-15 17:13:10 - [TEST_STEP][PASSED] - Statement - StockQty = com.kms.katalon.core.webui.keyword.WebUiBuiltInKeywords.getAttribute(com.kms.katalon.core.testobject.ObjectRepository.findTestObject(PharmacyRequest/Page_Store/input_txtprice), "value"): Attribute 'value' of object 'Object Repository/PharmacyRequest/Page_Store/input_txtprice' is: '70'

2018-05-15 17:13:10 - [MESSAGE][PASSED] - Attribute 'value' of object 'Object Repository/PharmacyRequest/Page_Store/input_txtprice' is: '70'

2018-05-15 17:13:10 - [TEST_STEP][PASSED] - Statement - out.println("Stock QTY : " + StockQty): null

2018-05-15 17:13:10 - [TEST_STEP][PASSED] - delay: Delayed 1 second(s)

2018-05-15 17:13:11 - [MESSAGE][PASSED] - Delayed 1 second(s)

2018-05-15 17:13:11 - [TEST_STEP][PASSED] - Statement - If (java.lang.Integer.valueOf(StockQty) >= java.lang.Integer.valueOf(RequestedQty)): null

2018-05-15 17:13:11 - [TEST_STEP][PASSED] - setText: Text '10' is set on object 'Object Repository/PharmacyRequest/Page_Store/input_txtqty'

2018-05-15 17:13:11 - [MESSAGE][PASSED] - Text '10' is set on object 'Object Repository/PharmacyRequest/Page_Store/input_txtqty'

2018-05-15 17:13:11 - [TEST_STEP][PASSED] - click: Object: 'Object Repository/PharmacyRequest/Page_Store/button_Add' is clicked on

2018-05-15 17:13:11 - [MESSAGE][PASSED] - Object: 'Object Repository/PharmacyRequest/Page_Store/button_Add' is clicked on

2018-05-15 17:13:11 - [TEST_STEP][PASSED] - Statement - Break: null

2018-05-15 17:13:11 - [TEST_STEP][PASSED] - selectOptionByIndex: All options with index in [3] are selected on object 'Object Repository/PharmacyRequest/Page_Store/select_--Select--Amlodepin -5'

2018-05-15 17:13:11 - [MESSAGE][PASSED] - All options with index in [3] are selected on object 'Object Repository/PharmacyRequest/Page_Store/select_--Select--Amlodepin -5'

2018-05-15 17:13:11 - [TEST_STEP][PASSED] - delay: Delayed 1 second(s)

2018-05-15 17:13:12 - [MESSAGE][PASSED] - Delayed 1 second(s)

2018-05-15 17:13:12 - [TEST_STEP][PASSED] - Statement - RequestedQty = com.kms.katalon.core.webui.keyword.WebUiBuiltInKeywords.getAttribute(com.kms.katalon.core.testobject.ObjectRepository.findTestObject(PharmacyRequest/Page_Store/input_txttotal), "value"): Attribute 'value' of object 'Object Repository/PharmacyRequest/Page_Store/input_txttotal' is: '10'

2018-05-15 17:13:12 - [MESSAGE][PASSED] - Attribute 'value' of object 'Object Repository/PharmacyRequest/Page_Store/input_txttotal' is: '10'

2018-05-15 17:13:12 - [TEST_STEP][PASSED] - Statement - out.println("Requested QTY : " + RequestedQty): null

2018-05-15 17:13:12 - [TEST_STEP][PASSED] - Statement - BatchNumber = com.kms.katalon.core.webui.keyword.WebUiBuiltInKeywords.getNumberOfTotalOption(com.kms.katalon.core.testobject.ObjectRepository.findTestObject(PharmacyRequest/Page_Store/select_--Select--BA50)): 3 options of object 'Object Repository/PharmacyRequest/Page_Store/select_--Select--BA50' counted

2018-05-15 17:13:12 - [MESSAGE][PASSED] - 3 options of object 'Object Repository/PharmacyRequest/Page_Store/select_--Select--BA50' counted

2018-05-15 17:13:12 - [TEST_STEP][PASSED] - Statement - For ([g = 1, g <= BatchNumber - 1, (g++)]): null

2018-05-15 17:13:12 - [TEST_STEP][PASSED] - selectOptionByIndex: All options with index in [1] are selected on object 'Object Repository/PharmacyRequest/Page_Store/select_--Select--BA50'

2018-05-15 17:13:12 - [MESSAGE][PASSED] - All options with index in [1] are selected on object 'Object Repository/PharmacyRequest/Page_Store/select_--Select--BA50'

2018-05-15 17:13:12 - [TEST_STEP][PASSED] - delay: Delayed 1 second(s)

2018-05-15 17:13:13 - [MESSAGE][PASSED] - Delayed 1 second(s)

2018-05-15 17:13:13 - [TEST_STEP][PASSED] - Statement - StockQty = com.kms.katalon.core.webui.keyword.WebUiBuiltInKeywords.getAttribute(com.kms.katalon.core.testobject.ObjectRepository.findTestObject(PharmacyRequest/Page_Store/input_txtprice), "value"): Attribute 'value' of object 'Object Repository/PharmacyRequest/Page_Store/input_txtprice' is: '70'

2018-05-15 17:13:13 - [MESSAGE][PASSED] - Attribute 'value' of object 'Object Repository/PharmacyRequest/Page_Store/input_txtprice' is: '70'

2018-05-15 17:13:13 - [TEST_STEP][PASSED] - Statement - out.println("Stock QTY : " + StockQty): null

2018-05-15 17:13:13 - [TEST_STEP][PASSED] - delay: Delayed 1 second(s)

2018-05-15 17:13:14 - [MESSAGE][PASSED] - Delayed 1 second(s)

2018-05-15 17:13:14 - [TEST_STEP][PASSED] - Statement - If (java.lang.Integer.valueOf(StockQty) >= java.lang.Integer.valueOf(RequestedQty)): null

2018-05-15 17:13:14 - [TEST_STEP][PASSED] - setText: Text '10' is set on object 'Object Repository/PharmacyRequest/Page_Store/input_txtqty'

2018-05-15 17:13:14 - [MESSAGE][PASSED] - Text '10' is set on object 'Object Repository/PharmacyRequest/Page_Store/input_txtqty'

2018-05-15 17:13:14 - [TEST_STEP][PASSED] - click: Object: 'Object Repository/PharmacyRequest/Page_Store/button_Add' is clicked on

2018-05-15 17:13:15 - [MESSAGE][PASSED] - Object: 'Object Repository/PharmacyRequest/Page_Store/button_Add' is clicked on

2018-05-15 17:13:15 - [TEST_STEP][PASSED] - Statement - Break: null

2018-05-15 17:13:15 - [TEST_STEP][PASSED] - selectOptionByIndex: All options with index in [4] are selected on object 'Object Repository/PharmacyRequest/Page_Store/select_--Select--Amlodepin -5'

2018-05-15 17:13:15 - [MESSAGE][PASSED] - All options with index in [4] are selected on object 'Object Repository/PharmacyRequest/Page_Store/select_--Select--Amlodepin -5'

2018-05-15 17:13:15 - [TEST_STEP][PASSED] - delay: Delayed 1 second(s)

2018-05-15 17:13:16 - [MESSAGE][PASSED] - Delayed 1 second(s)

2018-05-15 17:13:16 - [TEST_STEP][PASSED] - Statement - RequestedQty = com.kms.katalon.core.webui.keyword.WebUiBuiltInKeywords.getAttribute(com.kms.katalon.core.testobject.ObjectRepository.findTestObject(PharmacyRequest/Page_Store/input_txttotal), "value"): Attribute 'value' of object 'Object Repository/PharmacyRequest/Page_Store/input_txttotal' is: '10'

2018-05-15 17:13:16 - [MESSAGE][PASSED] - Attribute 'value' of object 'Object Repository/PharmacyRequest/Page_Store/input_txttotal' is: '10'

2018-05-15 17:13:16 - [TEST_STEP][PASSED] - Statement - out.println("Requested QTY : " + RequestedQty): null

2018-05-15 17:13:16 - [TEST_STEP][PASSED] - Statement - BatchNumber = com.kms.katalon.core.webui.keyword.WebUiBuiltInKeywords.getNumberOfTotalOption(com.kms.katalon.core.testobject.ObjectRepository.findTestObject(PharmacyRequest/Page_Store/select_--Select--BA50)): 2 options of object 'Object Repository/PharmacyRequest/Page_Store/select_--Select--BA50' counted

2018-05-15 17:13:16 - [MESSAGE][PASSED] - 2 options of object 'Object Repository/PharmacyRequest/Page_Store/select_--Select--BA50' counted

2018-05-15 17:13:16 - [TEST_STEP][PASSED] - Statement - For ([g = 1, g <= BatchNumber - 1, (g++)]): null

2018-05-15 17:13:16 - [TEST_STEP][PASSED] - selectOptionByIndex: All options with index in [1] are selected on object 'Object Repository/PharmacyRequest/Page_Store/select_--Select--BA50'

2018-05-15 17:13:16 - [MESSAGE][PASSED] - All options with index in [1] are selected on object 'Object Repository/PharmacyRequest/Page_Store/select_--Select--BA50'

2018-05-15 17:13:16 - [TEST_STEP][PASSED] - delay: Delayed 1 second(s)

2018-05-15 17:13:17 - [MESSAGE][PASSED] - Delayed 1 second(s)

2018-05-15 17:13:17 - [TEST_STEP][PASSED] - Statement - StockQty = com.kms.katalon.core.webui.keyword.WebUiBuiltInKeywords.getAttribute(com.kms.katalon.core.testobject.ObjectRepository.findTestObject(PharmacyRequest/Page_Store/input_txtprice), "value"): Attribute 'value' of object 'Object Repository/PharmacyRequest/Page_Store/input_txtprice' is: '970'

2018-05-15 17:13:17 - [MESSAGE][PASSED] - Attribute 'value' of object 'Object Repository/PharmacyRequest/Page_Store/input_txtprice' is: '970'

2018-05-15 17:13:17 - [TEST_STEP][PASSED] - Statement - out.println("Stock QTY : " + StockQty): null

2018-05-15 17:13:17 - [TEST_STEP][PASSED] - delay: Delayed 1 second(s)

2018-05-15 17:13:18 - [MESSAGE][PASSED] - Delayed 1 second(s)

2018-05-15 17:13:18 - [TEST_STEP][PASSED] - Statement - If (java.lang.Integer.valueOf(StockQty) >= java.lang.Integer.valueOf(RequestedQty)): null

2018-05-15 17:13:18 - [TEST_STEP][PASSED] - setText: Text '10' is set on object 'Object Repository/PharmacyRequest/Page_Store/input_txtqty'

2018-05-15 17:13:18 - [MESSAGE][PASSED] - Text '10' is set on object 'Object Repository/PharmacyRequest/Page_Store/input_txtqty'

2018-05-15 17:13:18 - [TEST_STEP][PASSED] - click: Object: 'Object Repository/PharmacyRequest/Page_Store/button_Add' is clicked on

2018-05-15 17:13:18 - [MESSAGE][PASSED] - Object: 'Object Repository/PharmacyRequest/Page_Store/button_Add' is clicked on

2018-05-15 17:13:18 - [TEST_STEP][PASSED] - Statement - Break: null

2018-05-15 17:13:18 - [TEST_STEP][PASSED] - selectOptionByIndex: All options with index in [5] are selected on object 'Object Repository/PharmacyRequest/Page_Store/select_--Select--Amlodepin -5'

2018-05-15 17:13:18 - [MESSAGE][PASSED] - All options with index in [5] are selected on object 'Object Repository/PharmacyRequest/Page_Store/select_--Select--Amlodepin -5'

2018-05-15 17:13:18 - [TEST_STEP][PASSED] - delay: Delayed 1 second(s)

2018-05-15 17:13:19 - [MESSAGE][PASSED] - Delayed 1 second(s)

2018-05-15 17:13:19 - [TEST_STEP][PASSED] - Statement - RequestedQty = com.kms.katalon.core.webui.keyword.WebUiBuiltInKeywords.getAttribute(com.kms.katalon.core.testobject.ObjectRepository.findTestObject(PharmacyRequest/Page_Store/input_txttotal), "value"): Attribute 'value' of object 'Object Repository/PharmacyRequest/Page_Store/input_txttotal' is: '10'

2018-05-15 17:13:19 - [MESSAGE][PASSED] - Attribute 'value' of object 'Object Repository/PharmacyRequest/Page_Store/input_txttotal' is: '10'

2018-05-15 17:13:19 - [TEST_STEP][PASSED] - Statement - out.println("Requested QTY : " + RequestedQty): null

2018-05-15 17:13:19 - [TEST_STEP][PASSED] - Statement - BatchNumber = com.kms.katalon.core.webui.keyword.WebUiBuiltInKeywords.getNumberOfTotalOption(com.kms.katalon.core.testobject.ObjectRepository.findTestObject(PharmacyRequest/Page_Store/select_--Select--BA50)): 2 options of object 'Object Repository/PharmacyRequest/Page_Store/select_--Select--BA50' counted

2018-05-15 17:13:19 - [MESSAGE][PASSED] - 2 options of object 'Object Repository/PharmacyRequest/Page_Store/select_--Select--BA50' counted

2018-05-15 17:13:19 - [TEST_STEP][PASSED] - Statement - For ([g = 1, g <= BatchNumber - 1, (g++)]): null

2018-05-15 17:13:19 - [TEST_STEP][PASSED] - selectOptionByIndex: All options with index in [1] are selected on object 'Object Repository/PharmacyRequest/Page_Store/select_--Select--BA50'

2018-05-15 17:13:19 - [MESSAGE][PASSED] - All options with index in [1] are selected on object 'Object Repository/PharmacyRequest/Page_Store/select_--Select--BA50'

2018-05-15 17:13:19 - [TEST_STEP][PASSED] - delay: Delayed 1 second(s)

2018-05-15 17:13:20 - [MESSAGE][PASSED] - Delayed 1 second(s)

2018-05-15 17:13:20 - [TEST_STEP][PASSED] - Statement - StockQty = com.kms.katalon.core.webui.keyword.WebUiBuiltInKeywords.getAttribute(com.kms.katalon.core.testobject.ObjectRepository.findTestObject(PharmacyRequest/Page_Store/input_txtprice), "value"): Attribute 'value' of object 'Object Repository/PharmacyRequest/Page_Store/input_txtprice' is: '1000'

2018-05-15 17:13:21 - [MESSAGE][PASSED] - Attribute 'value' of object 'Object Repository/PharmacyRequest/Page_Store/input_txtprice' is: '1000'

2018-05-15 17:13:21 - [TEST_STEP][PASSED] - Statement - out.println("Stock QTY : " + StockQty): null

2018-05-15 17:13:21 - [TEST_STEP][PASSED] - delay: Delayed 1 second(s)

2018-05-15 17:13:22 - [MESSAGE][PASSED] - Delayed 1 second(s)

2018-05-15 17:13:22 - [TEST_STEP][PASSED] - Statement - If (java.lang.Integer.valueOf(StockQty) >= java.lang.Integer.valueOf(RequestedQty)): null

2018-05-15 17:13:22 - [TEST_STEP][PASSED] - setText: Text '10' is set on object 'Object Repository/PharmacyRequest/Page_Store/input_txtqty'

2018-05-15 17:13:22 - [MESSAGE][PASSED] - Text '10' is set on object 'Object Repository/PharmacyRequest/Page_Store/input_txtqty'

2018-05-15 17:13:22 - [TEST_STEP][PASSED] - click: Object: 'Object Repository/PharmacyRequest/Page_Store/button_Add' is clicked on

2018-05-15 17:13:22 - [MESSAGE][PASSED] - Object: 'Object Repository/PharmacyRequest/Page_Store/button_Add' is clicked on

2018-05-15 17:13:22 - [TEST_STEP][PASSED] - Statement - Break: null

2018-05-15 17:13:22 - [TEST_STEP][PASSED] - selectOptionByIndex: All options with index in [6] are selected on object 'Object Repository/PharmacyRequest/Page_Store/select_--Select--Amlodepin -5'

2018-05-15 17:13:22 - [MESSAGE][PASSED] - All options with index in [6] are selected on object 'Object Repository/PharmacyRequest/Page_Store/select_--Select--Amlodepin -5'

2018-05-15 17:13:22 - [TEST_STEP][PASSED] - delay: Delayed 1 second(s)

2018-05-15 17:13:23 - [MESSAGE][PASSED] - Delayed 1 second(s)

2018-05-15 17:13:23 - [TEST_STEP][PASSED] - Statement - RequestedQty = com.kms.katalon.core.webui.keyword.WebUiBuiltInKeywords.getAttribute(com.kms.katalon.core.testobject.ObjectRepository.findTestObject(PharmacyRequest/Page_Store/input_txttotal), "value"): Attribute 'value' of object 'Object Repository/PharmacyRequest/Page_Store/input_txttotal' is: '10'

2018-05-15 17:13:23 - [MESSAGE][PASSED] - Attribute 'value' of object 'Object Repository/PharmacyRequest/Page_Store/input_txttotal' is: '10'

2018-05-15 17:13:23 - [TEST_STEP][PASSED] - Statement - out.println("Requested QTY : " + RequestedQty): null

2018-05-15 17:13:23 - [TEST_STEP][PASSED] - Statement - BatchNumber = com.kms.katalon.core.webui.keyword.WebUiBuiltInKeywords.getNumberOfTotalOption(com.kms.katalon.core.testobject.ObjectRepository.findTestObject(PharmacyRequest/Page_Store/select_--Select--BA50)): 3 options of object 'Object Repository/PharmacyRequest/Page_Store/select_--Select--BA50' counted

2018-05-15 17:13:23 - [MESSAGE][PASSED] - 3 options of object 'Object Repository/PharmacyRequest/Page_Store/select_--Select--BA50' counted

2018-05-15 17:13:23 - [TEST_STEP][PASSED] - Statement - For ([g = 1, g <= BatchNumber - 1, (g++)]): null

2018-05-15 17:13:23 - [TEST_STEP][PASSED] - selectOptionByIndex: All options with index in [1] are selected on object 'Object Repository/PharmacyRequest/Page_Store/select_--Select--BA50'

2018-05-15 17:13:23 - [MESSAGE][PASSED] - All options with index in [1] are selected on object 'Object Repository/PharmacyRequest/Page_Store/select_--Select--BA50'

2018-05-15 17:13:23 - [TEST_STEP][PASSED] - delay: Delayed 1 second(s)

2018-05-15 17:13:24 - [MESSAGE][PASSED] - Delayed 1 second(s)

2018-05-15 17:13:24 - [TEST_STEP][PASSED] - Statement - StockQty = com.kms.katalon.core.webui.keyword.WebUiBuiltInKeywords.getAttribute(com.kms.katalon.core.testobject.ObjectRepository.findTestObject(PharmacyRequest/Page_Store/input_txtprice), "value"): Attribute 'value' of object 'Object Repository/PharmacyRequest/Page_Store/input_txtprice' is: '970'

2018-05-15 17:13:24 - [MESSAGE][PASSED] - Attribute 'value' of object 'Object Repository/PharmacyRequest/Page_Store/input_txtprice' is: '970'

2018-05-15 17:13:24 - [TEST_STEP][PASSED] - Statement - out.println("Stock QTY : " + StockQty): null

2018-05-15 17:13:24 - [TEST_STEP][PASSED] - delay: Delayed 1 second(s)

2018-05-15 17:13:25 - [MESSAGE][PASSED] - Delayed 1 second(s)

2018-05-15 17:13:25 - [TEST_STEP][PASSED] - Statement - If (java.lang.Integer.valueOf(StockQty) >= java.lang.Integer.valueOf(RequestedQty)): null

2018-05-15 17:13:25 - [TEST_STEP][PASSED] - setText: Text '10' is set on object 'Object Repository/PharmacyRequest/Page_Store/input_txtqty'

2018-05-15 17:13:25 - [MESSAGE][PASSED] - Text '10' is set on object 'Object Repository/PharmacyRequest/Page_Store/input_txtqty'

2018-05-15 17:13:25 - [TEST_STEP][PASSED] - click: Object: 'Object Repository/PharmacyRequest/Page_Store/button_Add' is clicked on

2018-05-15 17:13:25 - [MESSAGE][PASSED] - Object: 'Object Repository/PharmacyRequest/Page_Store/button_Add' is clicked on

2018-05-15 17:13:25 - [TEST_STEP][PASSED] - Statement - Break: null

2018-05-15 17:13:25 - [TEST_STEP][PASSED] - selectOptionByIndex: All options with index in [7] are selected on object 'Object Repository/PharmacyRequest/Page_Store/select_--Select--Amlodepin -5'

2018-05-15 17:13:25 - [MESSAGE][PASSED] - All options with index in [7] are selected on object 'Object Repository/PharmacyRequest/Page_Store/select_--Select--Amlodepin -5'

2018-05-15 17:13:25 - [TEST_STEP][PASSED] - delay: Delayed 1 second(s)

2018-05-15 17:13:26 - [MESSAGE][PASSED] - Delayed 1 second(s)

2018-05-15 17:13:26 - [TEST_STEP][PASSED] - Statement - RequestedQty = com.kms.katalon.core.webui.keyword.WebUiBuiltInKeywords.getAttribute(com.kms.katalon.core.testobject.ObjectRepository.findTestObject(PharmacyRequest/Page_Store/input_txttotal), "value"): Attribute 'value' of object 'Object Repository/PharmacyRequest/Page_Store/input_txttotal' is: '10'

2018-05-15 17:13:26 - [MESSAGE][PASSED] - Attribute 'value' of object 'Object Repository/PharmacyRequest/Page_Store/input_txttotal' is: '10'

2018-05-15 17:13:26 - [TEST_STEP][PASSED] - Statement - out.println("Requested QTY : " + RequestedQty): null

2018-05-15 17:13:26 - [TEST_STEP][PASSED] - Statement - BatchNumber = com.kms.katalon.core.webui.keyword.WebUiBuiltInKeywords.getNumberOfTotalOption(com.kms.katalon.core.testobject.ObjectRepository.findTestObject(PharmacyRequest/Page_Store/select_--Select--BA50)): 2 options of object 'Object Repository/PharmacyRequest/Page_Store/select_--Select--BA50' counted

2018-05-15 17:13:27 - [MESSAGE][PASSED] - 2 options of object 'Object Repository/PharmacyRequest/Page_Store/select_--Select--BA50' counted

2018-05-15 17:13:27 - [TEST_STEP][PASSED] - Statement - For ([g = 1, g <= BatchNumber - 1, (g++)]): null

2018-05-15 17:13:27 - [TEST_STEP][PASSED] - selectOptionByIndex: All options with index in [1] are selected on object 'Object Repository/PharmacyRequest/Page_Store/select_--Select--BA50'

2018-05-15 17:13:27 - [MESSAGE][PASSED] - All options with index in [1] are selected on object 'Object Repository/PharmacyRequest/Page_Store/select_--Select--BA50'

2018-05-15 17:13:27 - [TEST_STEP][PASSED] - delay: Delayed 1 second(s)

2018-05-15 17:13:28 - [MESSAGE][PASSED] - Delayed 1 second(s)

2018-05-15 17:13:28 - [TEST_STEP][PASSED] - Statement - StockQty = com.kms.katalon.core.webui.keyword.WebUiBuiltInKeywords.getAttribute(com.kms.katalon.core.testobject.ObjectRepository.findTestObject(PharmacyRequest/Page_Store/input_txtprice), "value"): Attribute 'value' of object 'Object Repository/PharmacyRequest/Page_Store/input_txtprice' is: '970'

2018-05-15 17:13:28 - [MESSAGE][PASSED] - Attribute 'value' of object 'Object Repository/PharmacyRequest/Page_Store/input_txtprice' is: '970'

2018-05-15 17:13:28 - [TEST_STEP][PASSED] - Statement - out.println("Stock QTY : " + StockQty): null

2018-05-15 17:13:28 - [TEST_STEP][PASSED] - delay: Delayed 1 second(s)

2018-05-15 17:13:29 - [MESSAGE][PASSED] - Delayed 1 second(s)

2018-05-15 17:13:29 - [TEST_STEP][PASSED] - Statement - If (java.lang.Integer.valueOf(StockQty) >= java.lang.Integer.valueOf(RequestedQty)): null

2018-05-15 17:13:29 - [TEST_STEP][PASSED] - setText: Text '10' is set on object 'Object Repository/PharmacyRequest/Page_Store/input_txtqty'

2018-05-15 17:13:29 - [MESSAGE][PASSED] - Text '10' is set on object 'Object Repository/PharmacyRequest/Page_Store/input_txtqty'

2018-05-15 17:13:29 - [TEST_STEP][PASSED] - click: Object: 'Object Repository/PharmacyRequest/Page_Store/button_Add' is clicked on

2018-05-15 17:13:29 - [MESSAGE][PASSED] - Object: 'Object Repository/PharmacyRequest/Page_Store/button_Add' is clicked on

2018-05-15 17:13:29 - [TEST_STEP][PASSED] - Statement - Break: null

2018-05-15 17:13:29 - [TEST_STEP][PASSED] - selectOptionByIndex: All options with index in [8] are selected on object 'Object Repository/PharmacyRequest/Page_Store/select_--Select--Amlodepin -5'

2018-05-15 17:13:29 - [MESSAGE][PASSED] - All options with index in [8] are selected on object 'Object Repository/PharmacyRequest/Page_Store/select_--Select--Amlodepin -5'

2018-05-15 17:13:29 - [TEST_STEP][PASSED] - delay: Delayed 1 second(s)

2018-05-15 17:13:30 - [MESSAGE][PASSED] - Delayed 1 second(s)

2018-05-15 17:13:30 - [TEST_STEP][PASSED] - Statement - RequestedQty = com.kms.katalon.core.webui.keyword.WebUiBuiltInKeywords.getAttribute(com.kms.katalon.core.testobject.ObjectRepository.findTestObject(PharmacyRequest/Page_Store/input_txttotal), "value"): Attribute 'value' of object 'Object Repository/PharmacyRequest/Page_Store/input_txttotal' is: '10'

2018-05-15 17:13:30 - [MESSAGE][PASSED] - Attribute 'value' of object 'Object Repository/PharmacyRequest/Page_Store/input_txttotal' is: '10'

2018-05-15 17:13:30 - [TEST_STEP][PASSED] - Statement - out.println("Requested QTY : " + RequestedQty): null

2018-05-15 17:13:30 - [TEST_STEP][PASSED] - Statement - BatchNumber = com.kms.katalon.core.webui.keyword.WebUiBuiltInKeywords.getNumberOfTotalOption(com.kms.katalon.core.testobject.ObjectRepository.findTestObject(PharmacyRequest/Page_Store/select_--Select--BA50)): 2 options of object 'Object Repository/PharmacyRequest/Page_Store/select_--Select--BA50' counted

2018-05-15 17:13:30 - [MESSAGE][PASSED] - 2 options of object 'Object Repository/PharmacyRequest/Page_Store/select_--Select--BA50' counted

2018-05-15 17:13:30 - [TEST_STEP][PASSED] - Statement - For ([g = 1, g <= BatchNumber - 1, (g++)]): null

2018-05-15 17:13:30 - [TEST_STEP][PASSED] - selectOptionByIndex: All options with index in [1] are selected on object 'Object Repository/PharmacyRequest/Page_Store/select_--Select--BA50'

2018-05-15 17:13:30 - [MESSAGE][PASSED] - All options with index in [1] are selected on object 'Object Repository/PharmacyRequest/Page_Store/select_--Select--BA50'

2018-05-15 17:13:30 - [TEST_STEP][PASSED] - delay: Delayed 1 second(s)

2018-05-15 17:13:31 - [MESSAGE][PASSED] - Delayed 1 second(s)

2018-05-15 17:13:31 - [TEST_STEP][PASSED] - Statement - StockQty = com.kms.katalon.core.webui.keyword.WebUiBuiltInKeywords.getAttribute(com.kms.katalon.core.testobject.ObjectRepository.findTestObject(PharmacyRequest/Page_Store/input_txtprice), "value"): Attribute 'value' of object 'Object Repository/PharmacyRequest/Page_Store/input_txtprice' is: '970'

2018-05-15 17:13:31 - [MESSAGE][PASSED] - Attribute 'value' of object 'Object Repository/PharmacyRequest/Page_Store/input_txtprice' is: '970'

2018-05-15 17:13:31 - [TEST_STEP][PASSED] - Statement - out.println("Stock QTY : " + StockQty): null

2018-05-15 17:13:31 - [TEST_STEP][PASSED] - delay: Delayed 1 second(s)

2018-05-15 17:13:32 - [MESSAGE][PASSED] - Delayed 1 second(s)

2018-05-15 17:13:32 - [TEST_STEP][PASSED] - Statement - If (java.lang.Integer.valueOf(StockQty) >= java.lang.Integer.valueOf(RequestedQty)): null

2018-05-15 17:13:32 - [TEST_STEP][PASSED] - setText: Text '10' is set on object 'Object Repository/PharmacyRequest/Page_Store/input_txtqty'

2018-05-15 17:13:32 - [MESSAGE][PASSED] - Text '10' is set on object 'Object Repository/PharmacyRequest/Page_Store/input_txtqty'

2018-05-15 17:13:32 - [TEST_STEP][PASSED] - click: Object: 'Object Repository/PharmacyRequest/Page_Store/button_Add' is clicked on

2018-05-15 17:13:32 - [MESSAGE][PASSED] - Object: 'Object Repository/PharmacyRequest/Page_Store/button_Add' is clicked on

2018-05-15 17:13:32 - [TEST_STEP][PASSED] - Statement - Break: null

2018-05-15 17:13:32 - [TEST_STEP][PASSED] - selectOptionByIndex: All options with index in [9] are selected on object 'Object Repository/PharmacyRequest/Page_Store/select_--Select--Amlodepin -5'

2018-05-15 17:13:33 - [MESSAGE][PASSED] - All options with index in [9] are selected on object 'Object Repository/PharmacyRequest/Page_Store/select_--Select--Amlodepin -5'

2018-05-15 17:13:33 - [TEST_STEP][PASSED] - delay: Delayed 1 second(s)

2018-05-15 17:13:34 - [MESSAGE][PASSED] - Delayed 1 second(s)

2018-05-15 17:13:34 - [TEST_STEP][PASSED] - Statement - RequestedQty = com.kms.katalon.core.webui.keyword.WebUiBuiltInKeywords.getAttribute(com.kms.katalon.core.testobject.ObjectRepository.findTestObject(PharmacyRequest/Page_Store/input_txttotal), "value"): Attribute 'value' of object 'Object Repository/PharmacyRequest/Page_Store/input_txttotal' is: '10'

2018-05-15 17:13:34 - [MESSAGE][PASSED] - Attribute 'value' of object 'Object Repository/PharmacyRequest/Page_Store/input_txttotal' is: '10'

2018-05-15 17:13:34 - [TEST_STEP][PASSED] - Statement - out.println("Requested QTY : " + RequestedQty): null

2018-05-15 17:13:34 - [TEST_STEP][PASSED] - Statement - BatchNumber = com.kms.katalon.core.webui.keyword.WebUiBuiltInKeywords.getNumberOfTotalOption(com.kms.katalon.core.testobject.ObjectRepository.findTestObject(PharmacyRequest/Page_Store/select_--Select--BA50)): 3 options of object 'Object Repository/PharmacyRequest/Page_Store/select_--Select--BA50' counted

2018-05-15 17:13:34 - [MESSAGE][PASSED] - 3 options of object 'Object Repository/PharmacyRequest/Page_Store/select_--Select--BA50' counted

2018-05-15 17:13:34 - [TEST_STEP][PASSED] - Statement - For ([g = 1, g <= BatchNumber - 1, (g++)]): null

2018-05-15 17:13:34 - [TEST_STEP][PASSED] - selectOptionByIndex: All options with index in [1] are selected on object 'Object Repository/PharmacyRequest/Page_Store/select_--Select--BA50'

2018-05-15 17:13:34 - [MESSAGE][PASSED] - All options with index in [1] are selected on object 'Object Repository/PharmacyRequest/Page_Store/select_--Select--BA50'

2018-05-15 17:13:34 - [TEST_STEP][PASSED] - delay: Delayed 1 second(s)

2018-05-15 17:13:35 - [MESSAGE][PASSED] - Delayed 1 second(s)

2018-05-15 17:13:35 - [TEST_STEP][PASSED] - Statement - StockQty = com.kms.katalon.core.webui.keyword.WebUiBuiltInKeywords.getAttribute(com.kms.katalon.core.testobject.ObjectRepository.findTestObject(PharmacyRequest/Page_Store/input_txtprice), "value"): Attribute 'value' of object 'Object Repository/PharmacyRequest/Page_Store/input_txtprice' is: '970'

2018-05-15 17:13:35 - [MESSAGE][PASSED] - Attribute 'value' of object 'Object Repository/PharmacyRequest/Page_Store/input_txtprice' is: '970'

2018-05-15 17:13:35 - [TEST_STEP][PASSED] - Statement - out.println("Stock QTY : " + StockQty): null

2018-05-15 17:13:35 - [TEST_STEP][PASSED] - delay: Delayed 1 second(s)

2018-05-15 17:13:36 - [MESSAGE][PASSED] - Delayed 1 second(s)

2018-05-15 17:13:36 - [TEST_STEP][PASSED] - Statement - If (java.lang.Integer.valueOf(StockQty) >= java.lang.Integer.valueOf(RequestedQty)): null

2018-05-15 17:13:36 - [TEST_STEP][PASSED] - setText: Text '10' is set on object 'Object Repository/PharmacyRequest/Page_Store/input_txtqty'

2018-05-15 17:13:36 - [MESSAGE][PASSED] - Text '10' is set on object 'Object Repository/PharmacyRequest/Page_Store/input_txtqty'

2018-05-15 17:13:36 - [TEST_STEP][PASSED] - click: Object: 'Object Repository/PharmacyRequest/Page_Store/button_Add' is clicked on

2018-05-15 17:13:36 - [MESSAGE][PASSED] - Object: 'Object Repository/PharmacyRequest/Page_Store/button_Add' is clicked on

2018-05-15 17:13:36 - [TEST_STEP][PASSED] - Statement - Break: null

2018-05-15 17:13:36 - [TEST_STEP][PASSED] - selectOptionByIndex: All options with index in [10] are selected on object 'Object Repository/PharmacyRequest/Page_Store/select_--Select--Amlodepin -5'

2018-05-15 17:13:36 - [MESSAGE][PASSED] - All options with index in [10] are selected on object 'Object Repository/PharmacyRequest/Page_Store/select_--Select--Amlodepin -5'

2018-05-15 17:13:36 - [TEST_STEP][PASSED] - delay: Delayed 1 second(s)

2018-05-15 17:13:37 - [MESSAGE][PASSED] - Delayed 1 second(s)

2018-05-15 17:13:37 - [TEST_STEP][PASSED] - Statement - RequestedQty = com.kms.katalon.core.webui.keyword.WebUiBuiltInKeywords.getAttribute(com.kms.katalon.core.testobject.ObjectRepository.findTestObject(PharmacyRequest/Page_Store/input_txttotal), "value"): Attribute 'value' of object 'Object Repository/PharmacyRequest/Page_Store/input_txttotal' is: '10'

2018-05-15 17:13:37 - [MESSAGE][PASSED] - Attribute 'value' of object 'Object Repository/PharmacyRequest/Page_Store/input_txttotal' is: '10'

2018-05-15 17:13:37 - [TEST_STEP][PASSED] - Statement - out.println("Requested QTY : " + RequestedQty): null

2018-05-15 17:13:37 - [TEST_STEP][PASSED] - Statement - BatchNumber = com.kms.katalon.core.webui.keyword.WebUiBuiltInKeywords.getNumberOfTotalOption(com.kms.katalon.core.testobject.ObjectRepository.findTestObject(PharmacyRequest/Page_Store/select_--Select--BA50)): 3 options of object 'Object Repository/PharmacyRequest/Page_Store/select_--Select--BA50' counted

2018-05-15 17:13:37 - [MESSAGE][PASSED] - 3 options of object 'Object Repository/PharmacyRequest/Page_Store/select_--Select--BA50' counted

2018-05-15 17:13:37 - [TEST_STEP][PASSED] - Statement - For ([g = 1, g <= BatchNumber - 1, (g++)]): null

2018-05-15 17:13:37 - [TEST_STEP][PASSED] - selectOptionByIndex: All options with index in [1] are selected on object 'Object Repository/PharmacyRequest/Page_Store/select_--Select--BA50'

2018-05-15 17:13:38 - [MESSAGE][PASSED] - All options with index in [1] are selected on object 'Object Repository/PharmacyRequest/Page_Store/select_--Select--BA50'

2018-05-15 17:13:38 - [TEST_STEP][PASSED] - delay: Delayed 1 second(s)

2018-05-15 17:13:39 - [MESSAGE][PASSED] - Delayed 1 second(s)

2018-05-15 17:13:39 - [TEST_STEP][PASSED] - Statement - StockQty = com.kms.katalon.core.webui.keyword.WebUiBuiltInKeywords.getAttribute(com.kms.katalon.core.testobject.ObjectRepository.findTestObject(PharmacyRequest/Page_Store/input_txtprice), "value"): Attribute 'value' of object 'Object Repository/PharmacyRequest/Page_Store/input_txtprice' is: '70'

2018-05-15 17:13:39 - [MESSAGE][PASSED] - Attribute 'value' of object 'Object Repository/PharmacyRequest/Page_Store/input_txtprice' is: '70'

2018-05-15 17:13:39 - [TEST_STEP][PASSED] - Statement - out.println("Stock QTY : " + StockQty): null

2018-05-15 17:13:39 - [TEST_STEP][PASSED] - delay: Delayed 1 second(s)

2018-05-15 17:13:40 - [MESSAGE][PASSED] - Delayed 1 second(s)

2018-05-15 17:13:40 - [TEST_STEP][PASSED] - Statement - If (java.lang.Integer.valueOf(StockQty) >= java.lang.Integer.valueOf(RequestedQty)): null

2018-05-15 17:13:40 - [TEST_STEP][PASSED] - setText: Text '10' is set on object 'Object Repository/PharmacyRequest/Page_Store/input_txtqty'

2018-05-15 17:13:40 - [MESSAGE][PASSED] - Text '10' is set on object 'Object Repository/PharmacyRequest/Page_Store/input_txtqty'

2018-05-15 17:13:40 - [TEST_STEP][PASSED] - click: Object: 'Object Repository/PharmacyRequest/Page_Store/button_Add' is clicked on

2018-05-15 17:13:40 - [MESSAGE][PASSED] - Object: 'Object Repository/PharmacyRequest/Page_Store/button_Add' is clicked on

2018-05-15 17:13:40 - [TEST_STEP][PASSED] - Statement - Break: null

2018-05-15 17:13:40 - [TEST_STEP][PASSED] - selectOptionByIndex: All options with index in [11] are selected on object 'Object Repository/PharmacyRequest/Page_Store/select_--Select--Amlodepin -5'

2018-05-15 17:13:40 - [MESSAGE][PASSED] - All options with index in [11] are selected on object 'Object Repository/PharmacyRequest/Page_Store/select_--Select--Amlodepin -5'

2018-05-15 17:13:40 - [TEST_STEP][PASSED] - delay: Delayed 1 second(s)

2018-05-15 17:13:41 - [MESSAGE][PASSED] - Delayed 1 second(s)

2018-05-15 17:13:41 - [TEST_STEP][PASSED] - Statement - RequestedQty = com.kms.katalon.core.webui.keyword.WebUiBuiltInKeywords.getAttribute(com.kms.katalon.core.testobject.ObjectRepository.findTestObject(PharmacyRequest/Page_Store/input_txttotal), "value"): Attribute 'value' of object 'Object Repository/PharmacyRequest/Page_Store/input_txttotal' is: '10'

2018-05-15 17:13:41 - [MESSAGE][PASSED] - Attribute 'value' of object 'Object Repository/PharmacyRequest/Page_Store/input_txttotal' is: '10'

2018-05-15 17:13:41 - [TEST_STEP][PASSED] - Statement - out.println("Requested QTY : " + RequestedQty): null

2018-05-15 17:13:41 - [TEST_STEP][PASSED] - Statement - BatchNumber = com.kms.katalon.core.webui.keyword.WebUiBuiltInKeywords.getNumberOfTotalOption(com.kms.katalon.core.testobject.ObjectRepository.findTestObject(PharmacyRequest/Page_Store/select_--Select--BA50)): 3 options of object 'Object Repository/PharmacyRequest/Page_Store/select_--Select--BA50' counted

2018-05-15 17:13:41 - [MESSAGE][PASSED] - 3 options of object 'Object Repository/PharmacyRequest/Page_Store/select_--Select--BA50' counted

2018-05-15 17:13:41 - [TEST_STEP][PASSED] - Statement - For ([g = 1, g <= BatchNumber - 1, (g++)]): null

2018-05-15 17:13:41 - [TEST_STEP][PASSED] - selectOptionByIndex: All options with index in [1] are selected on object 'Object Repository/PharmacyRequest/Page_Store/select_--Select--BA50'

2018-05-15 17:13:41 - [MESSAGE][PASSED] - All options with index in [1] are selected on object 'Object Repository/PharmacyRequest/Page_Store/select_--Select--BA50'

2018-05-15 17:13:41 - [TEST_STEP][PASSED] - delay: Delayed 1 second(s)

2018-05-15 17:13:42 - [MESSAGE][PASSED] - Delayed 1 second(s)

2018-05-15 17:13:42 - [TEST_STEP][PASSED] - Statement - StockQty = com.kms.katalon.core.webui.keyword.WebUiBuiltInKeywords.getAttribute(com.kms.katalon.core.testobject.ObjectRepository.findTestObject(PharmacyRequest/Page_Store/input_txtprice), "value"): Attribute 'value' of object 'Object Repository/PharmacyRequest/Page_Store/input_txtprice' is: '70'

2018-05-15 17:13:42 - [MESSAGE][PASSED] - Attribute 'value' of object 'Object Repository/PharmacyRequest/Page_Store/input_txtprice' is: '70'

2018-05-15 17:13:42 - [TEST_STEP][PASSED] - Statement - out.println("Stock QTY : " + StockQty): null

2018-05-15 17:13:42 - [TEST_STEP][PASSED] - delay: Delayed 1 second(s)

2018-05-15 17:13:43 - [MESSAGE][PASSED] - Delayed 1 second(s)

2018-05-15 17:13:43 - [TEST_STEP][PASSED] - Statement - If (java.lang.Integer.valueOf(StockQty) >= java.lang.Integer.valueOf(RequestedQty)): null

2018-05-15 17:13:43 - [TEST_STEP][PASSED] - setText: Text '10' is set on object 'Object Repository/PharmacyRequest/Page_Store/input_txtqty'

2018-05-15 17:13:43 - [MESSAGE][PASSED] - Text '10' is set on object 'Object Repository/PharmacyRequest/Page_Store/input_txtqty'

2018-05-15 17:13:43 - [TEST_STEP][PASSED] - click: Object: 'Object Repository/PharmacyRequest/Page_Store/button_Add' is clicked on

2018-05-15 17:13:43 - [MESSAGE][PASSED] - Object: 'Object Repository/PharmacyRequest/Page_Store/button_Add' is clicked on

2018-05-15 17:13:43 - [TEST_STEP][PASSED] - Statement - Break: null

2018-05-15 17:13:43 - [TEST_STEP][PASSED] - selectOptionByIndex: All options with index in [12] are selected on object 'Object Repository/PharmacyRequest/Page_Store/select_--Select--Amlodepin -5'

2018-05-15 17:13:44 - [MESSAGE][PASSED] - All options with index in [12] are selected on object 'Object Repository/PharmacyRequest/Page_Store/select_--Select--Amlodepin -5'

2018-05-15 17:13:44 - [TEST_STEP][PASSED] - delay: Delayed 1 second(s)

2018-05-15 17:13:45 - [MESSAGE][PASSED] - Delayed 1 second(s)

2018-05-15 17:13:45 - [TEST_STEP][PASSED] - Statement - RequestedQty = com.kms.katalon.core.webui.keyword.WebUiBuiltInKeywords.getAttribute(com.kms.katalon.core.testobject.ObjectRepository.findTestObject(PharmacyRequest/Page_Store/input_txttotal), "value"): Attribute 'value' of object 'Object Repository/PharmacyRequest/Page_Store/input_txttotal' is: '10'

2018-05-15 17:13:45 - [MESSAGE][PASSED] - Attribute 'value' of object 'Object Repository/PharmacyRequest/Page_Store/input_txttotal' is: '10'

2018-05-15 17:13:45 - [TEST_STEP][PASSED] - Statement - out.println("Requested QTY : " + RequestedQty): null

2018-05-15 17:13:45 - [TEST_STEP][PASSED] - Statement - BatchNumber = com.kms.katalon.core.webui.keyword.WebUiBuiltInKeywords.getNumberOfTotalOption(com.kms.katalon.core.testobject.ObjectRepository.findTestObject(PharmacyRequest/Page_Store/select_--Select--BA50)): 3 options of object 'Object Repository/PharmacyRequest/Page_Store/select_--Select--BA50' counted

2018-05-15 17:13:45 - [MESSAGE][PASSED] - 3 options of object 'Object Repository/PharmacyRequest/Page_Store/select_--Select--BA50' counted

2018-05-15 17:13:45 - [TEST_STEP][PASSED] - Statement - For ([g = 1, g <= BatchNumber - 1, (g++)]): null

2018-05-15 17:13:45 - [TEST_STEP][PASSED] - selectOptionByIndex: All options with index in [1] are selected on object 'Object Repository/PharmacyRequest/Page_Store/select_--Select--BA50'

2018-05-15 17:13:45 - [MESSAGE][PASSED] - All options with index in [1] are selected on object 'Object Repository/PharmacyRequest/Page_Store/select_--Select--BA50'

2018-05-15 17:13:45 - [TEST_STEP][PASSED] - delay: Delayed 1 second(s)

2018-05-15 17:13:46 - [MESSAGE][PASSED] - Delayed 1 second(s)

2018-05-15 17:13:46 - [TEST_STEP][PASSED] - Statement - StockQty = com.kms.katalon.core.webui.keyword.WebUiBuiltInKeywords.getAttribute(com.kms.katalon.core.testobject.ObjectRepository.findTestObject(PharmacyRequest/Page_Store/input_txtprice), "value"): Attribute 'value' of object 'Object Repository/PharmacyRequest/Page_Store/input_txtprice' is: '70'

2018-05-15 17:13:46 - [MESSAGE][PASSED] - Attribute 'value' of object 'Object Repository/PharmacyRequest/Page_Store/input_txtprice' is: '70'

2018-05-15 17:13:46 - [TEST_STEP][PASSED] - Statement - out.println("Stock QTY : " + StockQty): null

2018-05-15 17:13:46 - [TEST_STEP][PASSED] - delay: Delayed 1 second(s)

2018-05-15 17:13:47 - [MESSAGE][PASSED] - Delayed 1 second(s)

2018-05-15 17:13:47 - [TEST_STEP][PASSED] - Statement - If (java.lang.Integer.valueOf(StockQty) >= java.lang.Integer.valueOf(RequestedQty)): null

2018-05-15 17:13:47 - [TEST_STEP][PASSED] - setText: Text '10' is set on object 'Object Repository/PharmacyRequest/Page_Store/input_txtqty'

2018-05-15 17:13:47 - [MESSAGE][PASSED] - Text '10' is set on object 'Object Repository/PharmacyRequest/Page_Store/input_txtqty'

2018-05-15 17:13:47 - [TEST_STEP][PASSED] - click: Object: 'Object Repository/PharmacyRequest/Page_Store/button_Add' is clicked on

2018-05-15 17:13:47 - [MESSAGE][PASSED] - Object: 'Object Repository/PharmacyRequest/Page_Store/button_Add' is clicked on

2018-05-15 17:13:47 - [TEST_STEP][PASSED] - Statement - Break: null

2018-05-15 17:13:47 - [TEST_STEP][PASSED] - selectOptionByIndex: All options with index in [13] are selected on object 'Object Repository/PharmacyRequest/Page_Store/select_--Select--Amlodepin -5'

2018-05-15 17:13:47 - [MESSAGE][PASSED] - All options with index in [13] are selected on object 'Object Repository/PharmacyRequest/Page_Store/select_--Select--Amlodepin -5'

2018-05-15 17:13:47 - [TEST_STEP][PASSED] - delay: Delayed 1 second(s)

2018-05-15 17:13:48 - [MESSAGE][PASSED] - Delayed 1 second(s)

2018-05-15 17:13:48 - [TEST_STEP][PASSED] - Statement - RequestedQty = com.kms.katalon.core.webui.keyword.WebUiBuiltInKeywords.getAttribute(com.kms.katalon.core.testobject.ObjectRepository.findTestObject(PharmacyRequest/Page_Store/input_txttotal), "value"): Attribute 'value' of object 'Object Repository/PharmacyRequest/Page_Store/input_txttotal' is: '10'

2018-05-15 17:13:48 - [MESSAGE][PASSED] - Attribute 'value' of object 'Object Repository/PharmacyRequest/Page_Store/input_txttotal' is: '10'

2018-05-15 17:13:48 - [TEST_STEP][PASSED] - Statement - out.println("Requested QTY : " + RequestedQty): null

2018-05-15 17:13:48 - [TEST_STEP][PASSED] - Statement - BatchNumber = com.kms.katalon.core.webui.keyword.WebUiBuiltInKeywords.getNumberOfTotalOption(com.kms.katalon.core.testobject.ObjectRepository.findTestObject(PharmacyRequest/Page_Store/select_--Select--BA50)): 2 options of object 'Object Repository/PharmacyRequest/Page_Store/select_--Select--BA50' counted

2018-05-15 17:13:48 - [MESSAGE][PASSED] - 2 options of object 'Object Repository/PharmacyRequest/Page_Store/select_--Select--BA50' counted

2018-05-15 17:13:48 - [TEST_STEP][PASSED] - Statement - For ([g = 1, g <= BatchNumber - 1, (g++)]): null

2018-05-15 17:13:48 - [TEST_STEP][PASSED] - selectOptionByIndex: All options with index in [1] are selected on object 'Object Repository/PharmacyRequest/Page_Store/select_--Select--BA50'

2018-05-15 17:13:48 - [MESSAGE][PASSED] - All options with index in [1] are selected on object 'Object Repository/PharmacyRequest/Page_Store/select_--Select--BA50'

2018-05-15 17:13:48 - [TEST_STEP][PASSED] - delay: Delayed 1 second(s)

2018-05-15 17:13:49 - [MESSAGE][PASSED] - Delayed 1 second(s)

2018-05-15 17:13:49 - [TEST_STEP][PASSED] - Statement - StockQty = com.kms.katalon.core.webui.keyword.WebUiBuiltInKeywords.getAttribute(com.kms.katalon.core.testobject.ObjectRepository.findTestObject(PharmacyRequest/Page_Store/input_txtprice), "value"): Attribute 'value' of object 'Object Repository/PharmacyRequest/Page_Store/input_txtprice' is: '970'

2018-05-15 17:13:49 - [MESSAGE][PASSED] - Attribute 'value' of object 'Object Repository/PharmacyRequest/Page_Store/input_txtprice' is: '970'

2018-05-15 17:13:49 - [TEST_STEP][PASSED] - Statement - out.println("Stock QTY : " + StockQty): null

2018-05-15 17:13:49 - [TEST_STEP][PASSED] - delay: Delayed 1 second(s)

2018-05-15 17:13:50 - [MESSAGE][PASSED] - Delayed 1 second(s)

2018-05-15 17:13:50 - [TEST_STEP][PASSED] - Statement - If (java.lang.Integer.valueOf(StockQty) >= java.lang.Integer.valueOf(RequestedQty)): null

2018-05-15 17:13:50 - [TEST_STEP][PASSED] - setText: Text '10' is set on object 'Object Repository/PharmacyRequest/Page_Store/input_txtqty'

2018-05-15 17:13:51 - [MESSAGE][PASSED] - Text '10' is set on object 'Object Repository/PharmacyRequest/Page_Store/input_txtqty'

2018-05-15 17:13:51 - [TEST_STEP][PASSED] - click: Object: 'Object Repository/PharmacyRequest/Page_Store/button_Add' is clicked on

2018-05-15 17:13:51 - [MESSAGE][PASSED] - Object: 'Object Repository/PharmacyRequest/Page_Store/button_Add' is clicked on

2018-05-15 17:13:51 - [TEST_STEP][PASSED] - Statement - Break: null

2018-05-15 17:13:51 - [TEST_STEP][PASSED] - selectOptionByIndex: All options with index in [14] are selected on object 'Object Repository/PharmacyRequest/Page_Store/select_--Select--Amlodepin -5'

2018-05-15 17:13:51 - [MESSAGE][PASSED] - All options with index in [14] are selected on object 'Object Repository/PharmacyRequest/Page_Store/select_--Select--Amlodepin -5'

2018-05-15 17:13:51 - [TEST_STEP][PASSED] - delay: Delayed 1 second(s)

2018-05-15 17:13:52 - [MESSAGE][PASSED] - Delayed 1 second(s)

2018-05-15 17:13:52 - [TEST_STEP][PASSED] - Statement - RequestedQty = com.kms.katalon.core.webui.keyword.WebUiBuiltInKeywords.getAttribute(com.kms.katalon.core.testobject.ObjectRepository.findTestObject(PharmacyRequest/Page_Store/input_txttotal), "value"): Attribute 'value' of object 'Object Repository/PharmacyRequest/Page_Store/input_txttotal' is: '10'

2018-05-15 17:13:52 - [MESSAGE][PASSED] - Attribute 'value' of object 'Object Repository/PharmacyRequest/Page_Store/input_txttotal' is: '10'

2018-05-15 17:13:52 - [TEST_STEP][PASSED] - Statement - out.println("Requested QTY : " + RequestedQty): null

2018-05-15 17:13:52 - [TEST_STEP][PASSED] - Statement - BatchNumber = com.kms.katalon.core.webui.keyword.WebUiBuiltInKeywords.getNumberOfTotalOption(com.kms.katalon.core.testobject.ObjectRepository.findTestObject(PharmacyRequest/Page_Store/select_--Select--BA50)): 2 options of object 'Object Repository/PharmacyRequest/Page_Store/select_--Select--BA50' counted

2018-05-15 17:13:52 - [MESSAGE][PASSED] - 2 options of object 'Object Repository/PharmacyRequest/Page_Store/select_--Select--BA50' counted

2018-05-15 17:13:52 - [TEST_STEP][PASSED] - Statement - For ([g = 1, g <= BatchNumber - 1, (g++)]): null

2018-05-15 17:13:52 - [TEST_STEP][PASSED] - selectOptionByIndex: All options with index in [1] are selected on object 'Object Repository/PharmacyRequest/Page_Store/select_--Select--BA50'

2018-05-15 17:13:52 - [MESSAGE][PASSED] - All options with index in [1] are selected on object 'Object Repository/PharmacyRequest/Page_Store/select_--Select--BA50'

2018-05-15 17:13:52 - [TEST_STEP][PASSED] - delay: Delayed 1 second(s)

2018-05-15 17:13:53 - [MESSAGE][PASSED] - Delayed 1 second(s)

2018-05-15 17:13:53 - [TEST_STEP][PASSED] - Statement - StockQty = com.kms.katalon.core.webui.keyword.WebUiBuiltInKeywords.getAttribute(com.kms.katalon.core.testobject.ObjectRepository.findTestObject(PharmacyRequest/Page_Store/input_txtprice), "value"): Attribute 'value' of object 'Object Repository/PharmacyRequest/Page_Store/input_txtprice' is: '970'

2018-05-15 17:13:53 - [MESSAGE][PASSED] - Attribute 'value' of object 'Object Repository/PharmacyRequest/Page_Store/input_txtprice' is: '970'

2018-05-15 17:13:53 - [TEST_STEP][PASSED] - Statement - out.println("Stock QTY : " + StockQty): null

2018-05-15 17:13:53 - [TEST_STEP][PASSED] - delay: Delayed 1 second(s)

2018-05-15 17:13:54 - [MESSAGE][PASSED] - Delayed 1 second(s)

2018-05-15 17:13:54 - [TEST_STEP][PASSED] - Statement - If (java.lang.Integer.valueOf(StockQty) >= java.lang.Integer.valueOf(RequestedQty)): null

2018-05-15 17:13:54 - [TEST_STEP][PASSED] - setText: Text '10' is set on object 'Object Repository/PharmacyRequest/Page_Store/input_txtqty'

2018-05-15 17:13:54 - [MESSAGE][PASSED] - Text '10' is set on object 'Object Repository/PharmacyRequest/Page_Store/input_txtqty'

2018-05-15 17:13:54 - [TEST_STEP][PASSED] - click: Object: 'Object Repository/PharmacyRequest/Page_Store/button_Add' is clicked on

2018-05-15 17:13:54 - [MESSAGE][PASSED] - Object: 'Object Repository/PharmacyRequest/Page_Store/button_Add' is clicked on

2018-05-15 17:13:54 - [TEST_STEP][PASSED] - Statement - Break: null

2018-05-15 17:13:54 - [TEST_STEP][PASSED] - selectOptionByIndex: All options with index in [15] are selected on object 'Object Repository/PharmacyRequest/Page_Store/select_--Select--Amlodepin -5'

2018-05-15 17:13:55 - [MESSAGE][PASSED] - All options with index in [15] are selected on object 'Object Repository/PharmacyRequest/Page_Store/select_--Select--Amlodepin -5'

2018-05-15 17:13:55 - [TEST_STEP][PASSED] - delay: Delayed 1 second(s)

2018-05-15 17:13:56 - [MESSAGE][PASSED] - Delayed 1 second(s)

2018-05-15 17:13:56 - [TEST_STEP][PASSED] - Statement - RequestedQty = com.kms.katalon.core.webui.keyword.WebUiBuiltInKeywords.getAttribute(com.kms.katalon.core.testobject.ObjectRepository.findTestObject(PharmacyRequest/Page_Store/input_txttotal), "value"): Attribute 'value' of object 'Object Repository/PharmacyRequest/Page_Store/input_txttotal' is: '10'

2018-05-15 17:13:56 - [MESSAGE][PASSED] - Attribute 'value' of object 'Object Repository/PharmacyRequest/Page_Store/input_txttotal' is: '10'

2018-05-15 17:13:56 - [TEST_STEP][PASSED] - Statement - out.println("Requested QTY : " + RequestedQty): null

2018-05-15 17:13:56 - [TEST_STEP][PASSED] - Statement - BatchNumber = com.kms.katalon.core.webui.keyword.WebUiBuiltInKeywords.getNumberOfTotalOption(com.kms.katalon.core.testobject.ObjectRepository.findTestObject(PharmacyRequest/Page_Store/select_--Select--BA50)): 3 options of object 'Object Repository/PharmacyRequest/Page_Store/select_--Select--BA50' counted

2018-05-15 17:13:56 - [MESSAGE][PASSED] - 3 options of object 'Object Repository/PharmacyRequest/Page_Store/select_--Select--BA50' counted

2018-05-15 17:13:56 - [TEST_STEP][PASSED] - Statement - For ([g = 1, g <= BatchNumber - 1, (g++)]): null

2018-05-15 17:13:56 - [TEST_STEP][PASSED] - selectOptionByIndex: All options with index in [1] are selected on object 'Object Repository/PharmacyRequest/Page_Store/select_--Select--BA50'

2018-05-15 17:13:56 - [MESSAGE][PASSED] - All options with index in [1] are selected on object 'Object Repository/PharmacyRequest/Page_Store/select_--Select--BA50'

2018-05-15 17:13:56 - [TEST_STEP][PASSED] - delay: Delayed 1 second(s)

2018-05-15 17:13:57 - [MESSAGE][PASSED] - Delayed 1 second(s)

2018-05-15 17:13:57 - [TEST_STEP][PASSED] - Statement - StockQty = com.kms.katalon.core.webui.keyword.WebUiBuiltInKeywords.getAttribute(com.kms.katalon.core.testobject.ObjectRepository.findTestObject(PharmacyRequest/Page_Store/input_txtprice), "value"): Attribute 'value' of object 'Object Repository/PharmacyRequest/Page_Store/input_txtprice' is: '70'

2018-05-15 17:13:57 - [MESSAGE][PASSED] - Attribute 'value' of object 'Object Repository/PharmacyRequest/Page_Store/input_txtprice' is: '70'

2018-05-15 17:13:57 - [TEST_STEP][PASSED] - Statement - out.println("Stock QTY : " + StockQty): null

2018-05-15 17:13:57 - [TEST_STEP][PASSED] - delay: Delayed 1 second(s)

2018-05-15 17:13:58 - [MESSAGE][PASSED] - Delayed 1 second(s)

2018-05-15 17:13:58 - [TEST_STEP][PASSED] - Statement - If (java.lang.Integer.valueOf(StockQty) >= java.lang.Integer.valueOf(RequestedQty)): null

2018-05-15 17:13:58 - [TEST_STEP][PASSED] - setText: Text '10' is set on object 'Object Repository/PharmacyRequest/Page_Store/input_txtqty'

2018-05-15 17:13:58 - [MESSAGE][PASSED] - Text '10' is set on object 'Object Repository/PharmacyRequest/Page_Store/input_txtqty'

2018-05-15 17:13:58 - [TEST_STEP][PASSED] - click: Object: 'Object Repository/PharmacyRequest/Page_Store/button_Add' is clicked on

2018-05-15 17:13:58 - [MESSAGE][PASSED] - Object: 'Object Repository/PharmacyRequest/Page_Store/button_Add' is clicked on

2018-05-15 17:13:58 - [TEST_STEP][PASSED] - Statement - Break: null

2018-05-15 17:13:58 - [TEST_STEP][PASSED] - scrollToElement: Scroll to object 'Object Repository/PharmacyRequest/Page_Store/input_btnSubmit' successfully

2018-05-15 17:13:58 - [MESSAGE][PASSED] - Scroll to object 'Object Repository/PharmacyRequest/Page_Store/input_btnSubmit' successfully

2018-05-15 17:13:58 - [TEST_STEP][PASSED] - click: Object: 'Object Repository/PharmacyRequest/Page_Store/input_btnSubmit' is clicked on

2018-05-15 17:13:58 - [MESSAGE][PASSED] - Object: 'Object Repository/PharmacyRequest/Page_Store/input_btnSubmit' is clicked on

2018-05-15 17:13:58 - [TEST_STEP][PASSED] - delay: Delayed 3 second(s)

2018-05-15 17:14:01 - [MESSAGE][PASSED] - Delayed 3 second(s)

2018-05-15 17:14:01 - [TEST_STEP][PASSED] - click: Object: 'Object Repository/PharmacyRequest/Page_Store/button_OK' is clicked on

2018-05-15 17:14:02 - [MESSAGE][PASSED] - Object: 'Object Repository/PharmacyRequest/Page_Store/button_OK' is clicked on

2018-05-15 17:14:02 - [TEST_STEP][PASSED] - delay: Delayed 3 second(s)

2018-05-15 17:14:05 - [MESSAGE][PASSED] - Delayed 3 second(s)

2018-05-15 17:14:05 - [TEST_STEP][PASSED] - click: Object: 'Object Repository/PharmacyRequest/Page_Store/a_dropdown-toggle' is clicked on

2018-05-15 17:14:05 - [MESSAGE][PASSED] - Object: 'Object Repository/PharmacyRequest/Page_Store/a_dropdown-toggle' is clicked on

2018-05-15 17:14:05 - [TEST_STEP][PASSED] - click: Object: 'Object Repository/PharmacyRequest/Page_Store/a_Sign out' is clicked on

2018-05-15 17:14:05 - [MESSAGE][PASSED] - Object: 'Object Repository/PharmacyRequest/Page_Store/a_Sign out' is clicked on

2018-05-15 17:14:05 - [TEST_STEP][PASSED] - closeBrowser: Browser is closed

2018-05-15 17:14:06 - [MESSAGE][PASSED] - Browser is closed

2018-05-15 17:14:06 - [TEST_STEP][PASSED] - Statement - out.println("Schedule 4 Pharmacy Request Are Working Successfully"): null]]></system-out>
         <system-err><![CDATA[]]></system-err>
      </testcase>
      <testcase name="Test Cases/PHARMACY TEST CASES/TC_PHAR_005 Verify Schedule 5 Pharmacy Request Are Working Successfully Or Not" classname="Test Cases/PHARMACY TEST CASES/TC_PHAR_005 Verify Schedule 5 Pharmacy Request Are Working Successfully Or Not" status="PASSED">
         <system-out><![CDATA[2018-05-15 17:14:06 - [TEST_CASE][PASSED] - Test Cases/PHARMACY TEST CASES/TC_PHAR_005 Verify Schedule 5 Pharmacy Request Are Working Successfully Or Not: Test Cases/PHARMACY TEST CASES/TC_PHAR_005 Verify Schedule 5 Pharmacy Request Are Working Successfully Or Not

2018-05-15 17:14:06 - [TEST_STEP][PASSED] - openBrowser: Browser is opened with url: ''

2018-05-15 17:14:08 - [MESSAGE][PASSED] - Browser is opened with url: ''

2018-05-15 17:14:08 - [TEST_STEP][PASSED] - Statement - out.println("Verify Schedule 5 Pharmacy Request Are Working Successfully Or Not"): null

2018-05-15 17:14:08 - [TEST_STEP][PASSED] - navigateToUrl: Navigate to 'http://192.168.137.1/multihospital_new/' successfully

2018-05-15 17:14:12 - [MESSAGE][PASSED] - Navigate to 'http://192.168.137.1/multihospital_new/' successfully

2018-05-15 17:14:12 - [TEST_STEP][PASSED] - maximizeWindow: Current window maximized

2018-05-15 17:14:13 - [MESSAGE][PASSED] - Current window maximized

2018-05-15 17:14:13 - [TEST_STEP][PASSED] - click: Object: 'Object Repository/PharmacyRequest/Page_KDMC/a_Pharmacy' is clicked on

2018-05-15 17:14:14 - [MESSAGE][PASSED] - Object: 'Object Repository/PharmacyRequest/Page_KDMC/a_Pharmacy' is clicked on

2018-05-15 17:14:14 - [TEST_STEP][PASSED] - setText: Text 'raja' is set on object 'Object Repository/PharmacyRequest/Page_Pharmacy login/input_txtusername'

2018-05-15 17:14:14 - [MESSAGE][PASSED] - Text 'raja' is set on object 'Object Repository/PharmacyRequest/Page_Pharmacy login/input_txtusername'

2018-05-15 17:14:14 - [TEST_STEP][PASSED] - setText: Text '123' is set on object 'Object Repository/PharmacyRequest/Page_Pharmacy login/input_txtpassword'

2018-05-15 17:14:14 - [MESSAGE][PASSED] - Text '123' is set on object 'Object Repository/PharmacyRequest/Page_Pharmacy login/input_txtpassword'

2018-05-15 17:14:14 - [TEST_STEP][PASSED] - delay: Delayed 3 second(s)

2018-05-15 17:14:17 - [MESSAGE][PASSED] - Delayed 3 second(s)

2018-05-15 17:14:17 - [TEST_STEP][PASSED] - click: Object: 'Object Repository/PharmacyRequest/Page_Pharmacy login/button_Sign in' is clicked on

2018-05-15 17:14:18 - [MESSAGE][PASSED] - Object: 'Object Repository/PharmacyRequest/Page_Pharmacy login/button_Sign in' is clicked on

2018-05-15 17:14:18 - [TEST_STEP][PASSED] - delay: Delayed 3 second(s)

2018-05-15 17:14:21 - [MESSAGE][PASSED] - Delayed 3 second(s)

2018-05-15 17:14:21 - [TEST_STEP][PASSED] - click: Object: 'Object Repository/PharmacyRequest/Page_KDMC - Pharmacy/a_Inventory' is clicked on

2018-05-15 17:14:23 - [MESSAGE][PASSED] - Object: 'Object Repository/PharmacyRequest/Page_KDMC - Pharmacy/a_Inventory' is clicked on

2018-05-15 17:14:23 - [TEST_STEP][PASSED] - delay: Delayed 3 second(s)

2018-05-15 17:14:26 - [MESSAGE][PASSED] - Delayed 3 second(s)

2018-05-15 17:14:26 - [TEST_STEP][PASSED] - click: Object: 'Object Repository/PharmacyRequest/Page_KDMC-Pharmacy/a_Store Request' is clicked on

2018-05-15 17:14:26 - [MESSAGE][PASSED] - Object: 'Object Repository/PharmacyRequest/Page_KDMC-Pharmacy/a_Store Request' is clicked on

2018-05-15 17:14:26 - [TEST_STEP][PASSED] - click: Object: 'Object Repository/PharmacyRequest/Page_KDMC-Pharmacy/a_Medicine Request' is clicked on

2018-05-15 17:14:27 - [MESSAGE][PASSED] - Object: 'Object Repository/PharmacyRequest/Page_KDMC-Pharmacy/a_Medicine Request' is clicked on

2018-05-15 17:14:27 - [TEST_STEP][PASSED] - selectOptionByIndex: All options with index in [5] are selected on object 'Object Repository/PharmacyRequest/Page_KDMC-Pharmacy/select_--Select--Schedule 1Inj'

2018-05-15 17:14:27 - [MESSAGE][PASSED] - All options with index in [5] are selected on object 'Object Repository/PharmacyRequest/Page_KDMC-Pharmacy/select_--Select--Schedule 1Inj'

2018-05-15 17:14:27 - [TEST_STEP][PASSED] - Statement - MedicineLength = com.kms.katalon.core.webui.keyword.WebUiBuiltInKeywords.getNumberOfTotalOption(com.kms.katalon.core.testobject.ObjectRepository.findTestObject(PharmacyRequest/Page_KDMC-Pharmacy/select_--Select--Albendazole)): 17 options of object 'Object Repository/PharmacyRequest/Page_KDMC-Pharmacy/select_--Select--Albendazole' counted

2018-05-15 17:14:27 - [MESSAGE][PASSED] - 17 options of object 'Object Repository/PharmacyRequest/Page_KDMC-Pharmacy/select_--Select--Albendazole' counted

2018-05-15 17:14:27 - [TEST_STEP][PASSED] - Statement - For ([l = 1, l <= MedicineLength - 1, (l++)]): Object: 'Object Repository/PharmacyRequest/Page_KDMC-Pharmacy/button_Add' is clicked on

2018-05-15 17:14:27 - [TEST_STEP][PASSED] - selectOptionByIndex: All options with index in [5] are selected on object 'Object Repository/PharmacyRequest/Page_KDMC-Pharmacy/select_--Select--Schedule 1Inj'

2018-05-15 17:14:27 - [MESSAGE][PASSED] - All options with index in [5] are selected on object 'Object Repository/PharmacyRequest/Page_KDMC-Pharmacy/select_--Select--Schedule 1Inj'

2018-05-15 17:14:27 - [TEST_STEP][PASSED] - selectOptionByIndex: All options with index in [1] are selected on object 'Object Repository/PharmacyRequest/Page_KDMC-Pharmacy/select_--Select--Albendazole'

2018-05-15 17:14:27 - [MESSAGE][PASSED] - All options with index in [1] are selected on object 'Object Repository/PharmacyRequest/Page_KDMC-Pharmacy/select_--Select--Albendazole'

2018-05-15 17:14:27 - [TEST_STEP][PASSED] - setText: Text '10' is set on object 'Object Repository/PharmacyRequest/Page_KDMC-Pharmacy/input_txttreat'

2018-05-15 17:14:27 - [MESSAGE][PASSED] - Text '10' is set on object 'Object Repository/PharmacyRequest/Page_KDMC-Pharmacy/input_txttreat'

2018-05-15 17:14:27 - [TEST_STEP][PASSED] - click: Object: 'Object Repository/PharmacyRequest/Page_KDMC-Pharmacy/button_Add' is clicked on

2018-05-15 17:14:28 - [MESSAGE][PASSED] - Object: 'Object Repository/PharmacyRequest/Page_KDMC-Pharmacy/button_Add' is clicked on

2018-05-15 17:14:28 - [TEST_STEP][PASSED] - selectOptionByIndex: All options with index in [5] are selected on object 'Object Repository/PharmacyRequest/Page_KDMC-Pharmacy/select_--Select--Schedule 1Inj'

2018-05-15 17:14:28 - [MESSAGE][PASSED] - All options with index in [5] are selected on object 'Object Repository/PharmacyRequest/Page_KDMC-Pharmacy/select_--Select--Schedule 1Inj'

2018-05-15 17:14:28 - [TEST_STEP][PASSED] - selectOptionByIndex: All options with index in [2] are selected on object 'Object Repository/PharmacyRequest/Page_KDMC-Pharmacy/select_--Select--Albendazole'

2018-05-15 17:14:28 - [MESSAGE][PASSED] - All options with index in [2] are selected on object 'Object Repository/PharmacyRequest/Page_KDMC-Pharmacy/select_--Select--Albendazole'

2018-05-15 17:14:28 - [TEST_STEP][PASSED] - setText: Text '10' is set on object 'Object Repository/PharmacyRequest/Page_KDMC-Pharmacy/input_txttreat'

2018-05-15 17:14:28 - [MESSAGE][PASSED] - Text '10' is set on object 'Object Repository/PharmacyRequest/Page_KDMC-Pharmacy/input_txttreat'

2018-05-15 17:14:28 - [TEST_STEP][PASSED] - click: Object: 'Object Repository/PharmacyRequest/Page_KDMC-Pharmacy/button_Add' is clicked on

2018-05-15 17:14:28 - [MESSAGE][PASSED] - Object: 'Object Repository/PharmacyRequest/Page_KDMC-Pharmacy/button_Add' is clicked on

2018-05-15 17:14:28 - [TEST_STEP][PASSED] - selectOptionByIndex: All options with index in [5] are selected on object 'Object Repository/PharmacyRequest/Page_KDMC-Pharmacy/select_--Select--Schedule 1Inj'

2018-05-15 17:14:28 - [MESSAGE][PASSED] - All options with index in [5] are selected on object 'Object Repository/PharmacyRequest/Page_KDMC-Pharmacy/select_--Select--Schedule 1Inj'

2018-05-15 17:14:28 - [TEST_STEP][PASSED] - selectOptionByIndex: All options with index in [3] are selected on object 'Object Repository/PharmacyRequest/Page_KDMC-Pharmacy/select_--Select--Albendazole'

2018-05-15 17:14:28 - [MESSAGE][PASSED] - All options with index in [3] are selected on object 'Object Repository/PharmacyRequest/Page_KDMC-Pharmacy/select_--Select--Albendazole'

2018-05-15 17:14:28 - [TEST_STEP][PASSED] - setText: Text '10' is set on object 'Object Repository/PharmacyRequest/Page_KDMC-Pharmacy/input_txttreat'

2018-05-15 17:14:28 - [MESSAGE][PASSED] - Text '10' is set on object 'Object Repository/PharmacyRequest/Page_KDMC-Pharmacy/input_txttreat'

2018-05-15 17:14:28 - [TEST_STEP][PASSED] - click: Object: 'Object Repository/PharmacyRequest/Page_KDMC-Pharmacy/button_Add' is clicked on

2018-05-15 17:14:28 - [MESSAGE][PASSED] - Object: 'Object Repository/PharmacyRequest/Page_KDMC-Pharmacy/button_Add' is clicked on

2018-05-15 17:14:28 - [TEST_STEP][PASSED] - selectOptionByIndex: All options with index in [5] are selected on object 'Object Repository/PharmacyRequest/Page_KDMC-Pharmacy/select_--Select--Schedule 1Inj'

2018-05-15 17:14:29 - [MESSAGE][PASSED] - All options with index in [5] are selected on object 'Object Repository/PharmacyRequest/Page_KDMC-Pharmacy/select_--Select--Schedule 1Inj'

2018-05-15 17:14:29 - [TEST_STEP][PASSED] - selectOptionByIndex: All options with index in [4] are selected on object 'Object Repository/PharmacyRequest/Page_KDMC-Pharmacy/select_--Select--Albendazole'

2018-05-15 17:14:29 - [MESSAGE][PASSED] - All options with index in [4] are selected on object 'Object Repository/PharmacyRequest/Page_KDMC-Pharmacy/select_--Select--Albendazole'

2018-05-15 17:14:29 - [TEST_STEP][PASSED] - setText: Text '10' is set on object 'Object Repository/PharmacyRequest/Page_KDMC-Pharmacy/input_txttreat'

2018-05-15 17:14:29 - [MESSAGE][PASSED] - Text '10' is set on object 'Object Repository/PharmacyRequest/Page_KDMC-Pharmacy/input_txttreat'

2018-05-15 17:14:29 - [TEST_STEP][PASSED] - click: Object: 'Object Repository/PharmacyRequest/Page_KDMC-Pharmacy/button_Add' is clicked on

2018-05-15 17:14:29 - [MESSAGE][PASSED] - Object: 'Object Repository/PharmacyRequest/Page_KDMC-Pharmacy/button_Add' is clicked on

2018-05-15 17:14:29 - [TEST_STEP][PASSED] - selectOptionByIndex: All options with index in [5] are selected on object 'Object Repository/PharmacyRequest/Page_KDMC-Pharmacy/select_--Select--Schedule 1Inj'

2018-05-15 17:14:29 - [MESSAGE][PASSED] - All options with index in [5] are selected on object 'Object Repository/PharmacyRequest/Page_KDMC-Pharmacy/select_--Select--Schedule 1Inj'

2018-05-15 17:14:29 - [TEST_STEP][PASSED] - selectOptionByIndex: All options with index in [5] are selected on object 'Object Repository/PharmacyRequest/Page_KDMC-Pharmacy/select_--Select--Albendazole'

2018-05-15 17:14:29 - [MESSAGE][PASSED] - All options with index in [5] are selected on object 'Object Repository/PharmacyRequest/Page_KDMC-Pharmacy/select_--Select--Albendazole'

2018-05-15 17:14:29 - [TEST_STEP][PASSED] - setText: Text '10' is set on object 'Object Repository/PharmacyRequest/Page_KDMC-Pharmacy/input_txttreat'

2018-05-15 17:14:29 - [MESSAGE][PASSED] - Text '10' is set on object 'Object Repository/PharmacyRequest/Page_KDMC-Pharmacy/input_txttreat'

2018-05-15 17:14:29 - [TEST_STEP][PASSED] - click: Object: 'Object Repository/PharmacyRequest/Page_KDMC-Pharmacy/button_Add' is clicked on

2018-05-15 17:14:29 - [MESSAGE][PASSED] - Object: 'Object Repository/PharmacyRequest/Page_KDMC-Pharmacy/button_Add' is clicked on

2018-05-15 17:14:29 - [TEST_STEP][PASSED] - selectOptionByIndex: All options with index in [5] are selected on object 'Object Repository/PharmacyRequest/Page_KDMC-Pharmacy/select_--Select--Schedule 1Inj'

2018-05-15 17:14:29 - [MESSAGE][PASSED] - All options with index in [5] are selected on object 'Object Repository/PharmacyRequest/Page_KDMC-Pharmacy/select_--Select--Schedule 1Inj'

2018-05-15 17:14:29 - [TEST_STEP][PASSED] - selectOptionByIndex: All options with index in [6] are selected on object 'Object Repository/PharmacyRequest/Page_KDMC-Pharmacy/select_--Select--Albendazole'

2018-05-15 17:14:30 - [MESSAGE][PASSED] - All options with index in [6] are selected on object 'Object Repository/PharmacyRequest/Page_KDMC-Pharmacy/select_--Select--Albendazole'

2018-05-15 17:14:30 - [TEST_STEP][PASSED] - setText: Text '10' is set on object 'Object Repository/PharmacyRequest/Page_KDMC-Pharmacy/input_txttreat'

2018-05-15 17:14:30 - [MESSAGE][PASSED] - Text '10' is set on object 'Object Repository/PharmacyRequest/Page_KDMC-Pharmacy/input_txttreat'

2018-05-15 17:14:30 - [TEST_STEP][PASSED] - click: Object: 'Object Repository/PharmacyRequest/Page_KDMC-Pharmacy/button_Add' is clicked on

2018-05-15 17:14:30 - [MESSAGE][PASSED] - Object: 'Object Repository/PharmacyRequest/Page_KDMC-Pharmacy/button_Add' is clicked on

2018-05-15 17:14:30 - [TEST_STEP][PASSED] - selectOptionByIndex: All options with index in [5] are selected on object 'Object Repository/PharmacyRequest/Page_KDMC-Pharmacy/select_--Select--Schedule 1Inj'

2018-05-15 17:14:30 - [MESSAGE][PASSED] - All options with index in [5] are selected on object 'Object Repository/PharmacyRequest/Page_KDMC-Pharmacy/select_--Select--Schedule 1Inj'

2018-05-15 17:14:30 - [TEST_STEP][PASSED] - selectOptionByIndex: All options with index in [7] are selected on object 'Object Repository/PharmacyRequest/Page_KDMC-Pharmacy/select_--Select--Albendazole'

2018-05-15 17:14:30 - [MESSAGE][PASSED] - All options with index in [7] are selected on object 'Object Repository/PharmacyRequest/Page_KDMC-Pharmacy/select_--Select--Albendazole'

2018-05-15 17:14:30 - [TEST_STEP][PASSED] - setText: Text '10' is set on object 'Object Repository/PharmacyRequest/Page_KDMC-Pharmacy/input_txttreat'

2018-05-15 17:14:30 - [MESSAGE][PASSED] - Text '10' is set on object 'Object Repository/PharmacyRequest/Page_KDMC-Pharmacy/input_txttreat'

2018-05-15 17:14:30 - [TEST_STEP][PASSED] - click: Object: 'Object Repository/PharmacyRequest/Page_KDMC-Pharmacy/button_Add' is clicked on

2018-05-15 17:14:30 - [MESSAGE][PASSED] - Object: 'Object Repository/PharmacyRequest/Page_KDMC-Pharmacy/button_Add' is clicked on

2018-05-15 17:14:30 - [TEST_STEP][PASSED] - selectOptionByIndex: All options with index in [5] are selected on object 'Object Repository/PharmacyRequest/Page_KDMC-Pharmacy/select_--Select--Schedule 1Inj'

2018-05-15 17:14:30 - [MESSAGE][PASSED] - All options with index in [5] are selected on object 'Object Repository/PharmacyRequest/Page_KDMC-Pharmacy/select_--Select--Schedule 1Inj'

2018-05-15 17:14:30 - [TEST_STEP][PASSED] - selectOptionByIndex: All options with index in [8] are selected on object 'Object Repository/PharmacyRequest/Page_KDMC-Pharmacy/select_--Select--Albendazole'

2018-05-15 17:14:30 - [MESSAGE][PASSED] - All options with index in [8] are selected on object 'Object Repository/PharmacyRequest/Page_KDMC-Pharmacy/select_--Select--Albendazole'

2018-05-15 17:14:30 - [TEST_STEP][PASSED] - setText: Text '10' is set on object 'Object Repository/PharmacyRequest/Page_KDMC-Pharmacy/input_txttreat'

2018-05-15 17:14:30 - [MESSAGE][PASSED] - Text '10' is set on object 'Object Repository/PharmacyRequest/Page_KDMC-Pharmacy/input_txttreat'

2018-05-15 17:14:30 - [TEST_STEP][PASSED] - click: Object: 'Object Repository/PharmacyRequest/Page_KDMC-Pharmacy/button_Add' is clicked on

2018-05-15 17:14:31 - [MESSAGE][PASSED] - Object: 'Object Repository/PharmacyRequest/Page_KDMC-Pharmacy/button_Add' is clicked on

2018-05-15 17:14:31 - [TEST_STEP][PASSED] - selectOptionByIndex: All options with index in [5] are selected on object 'Object Repository/PharmacyRequest/Page_KDMC-Pharmacy/select_--Select--Schedule 1Inj'

2018-05-15 17:14:31 - [MESSAGE][PASSED] - All options with index in [5] are selected on object 'Object Repository/PharmacyRequest/Page_KDMC-Pharmacy/select_--Select--Schedule 1Inj'

2018-05-15 17:14:31 - [TEST_STEP][PASSED] - selectOptionByIndex: All options with index in [9] are selected on object 'Object Repository/PharmacyRequest/Page_KDMC-Pharmacy/select_--Select--Albendazole'

2018-05-15 17:14:31 - [MESSAGE][PASSED] - All options with index in [9] are selected on object 'Object Repository/PharmacyRequest/Page_KDMC-Pharmacy/select_--Select--Albendazole'

2018-05-15 17:14:31 - [TEST_STEP][PASSED] - setText: Text '10' is set on object 'Object Repository/PharmacyRequest/Page_KDMC-Pharmacy/input_txttreat'

2018-05-15 17:14:31 - [MESSAGE][PASSED] - Text '10' is set on object 'Object Repository/PharmacyRequest/Page_KDMC-Pharmacy/input_txttreat'

2018-05-15 17:14:31 - [TEST_STEP][PASSED] - click: Object: 'Object Repository/PharmacyRequest/Page_KDMC-Pharmacy/button_Add' is clicked on

2018-05-15 17:14:31 - [MESSAGE][PASSED] - Object: 'Object Repository/PharmacyRequest/Page_KDMC-Pharmacy/button_Add' is clicked on

2018-05-15 17:14:31 - [TEST_STEP][PASSED] - selectOptionByIndex: All options with index in [5] are selected on object 'Object Repository/PharmacyRequest/Page_KDMC-Pharmacy/select_--Select--Schedule 1Inj'

2018-05-15 17:14:31 - [MESSAGE][PASSED] - All options with index in [5] are selected on object 'Object Repository/PharmacyRequest/Page_KDMC-Pharmacy/select_--Select--Schedule 1Inj'

2018-05-15 17:14:31 - [TEST_STEP][PASSED] - selectOptionByIndex: All options with index in [10] are selected on object 'Object Repository/PharmacyRequest/Page_KDMC-Pharmacy/select_--Select--Albendazole'

2018-05-15 17:14:31 - [MESSAGE][PASSED] - All options with index in [10] are selected on object 'Object Repository/PharmacyRequest/Page_KDMC-Pharmacy/select_--Select--Albendazole'

2018-05-15 17:14:31 - [TEST_STEP][PASSED] - setText: Text '10' is set on object 'Object Repository/PharmacyRequest/Page_KDMC-Pharmacy/input_txttreat'

2018-05-15 17:14:31 - [MESSAGE][PASSED] - Text '10' is set on object 'Object Repository/PharmacyRequest/Page_KDMC-Pharmacy/input_txttreat'

2018-05-15 17:14:31 - [TEST_STEP][PASSED] - click: Object: 'Object Repository/PharmacyRequest/Page_KDMC-Pharmacy/button_Add' is clicked on

2018-05-15 17:14:31 - [MESSAGE][PASSED] - Object: 'Object Repository/PharmacyRequest/Page_KDMC-Pharmacy/button_Add' is clicked on

2018-05-15 17:14:31 - [TEST_STEP][PASSED] - selectOptionByIndex: All options with index in [5] are selected on object 'Object Repository/PharmacyRequest/Page_KDMC-Pharmacy/select_--Select--Schedule 1Inj'

2018-05-15 17:14:32 - [MESSAGE][PASSED] - All options with index in [5] are selected on object 'Object Repository/PharmacyRequest/Page_KDMC-Pharmacy/select_--Select--Schedule 1Inj'

2018-05-15 17:14:32 - [TEST_STEP][PASSED] - selectOptionByIndex: All options with index in [11] are selected on object 'Object Repository/PharmacyRequest/Page_KDMC-Pharmacy/select_--Select--Albendazole'

2018-05-15 17:14:32 - [MESSAGE][PASSED] - All options with index in [11] are selected on object 'Object Repository/PharmacyRequest/Page_KDMC-Pharmacy/select_--Select--Albendazole'

2018-05-15 17:14:32 - [TEST_STEP][PASSED] - setText: Text '10' is set on object 'Object Repository/PharmacyRequest/Page_KDMC-Pharmacy/input_txttreat'

2018-05-15 17:14:32 - [MESSAGE][PASSED] - Text '10' is set on object 'Object Repository/PharmacyRequest/Page_KDMC-Pharmacy/input_txttreat'

2018-05-15 17:14:32 - [TEST_STEP][PASSED] - click: Object: 'Object Repository/PharmacyRequest/Page_KDMC-Pharmacy/button_Add' is clicked on

2018-05-15 17:14:32 - [MESSAGE][PASSED] - Object: 'Object Repository/PharmacyRequest/Page_KDMC-Pharmacy/button_Add' is clicked on

2018-05-15 17:14:32 - [TEST_STEP][PASSED] - selectOptionByIndex: All options with index in [5] are selected on object 'Object Repository/PharmacyRequest/Page_KDMC-Pharmacy/select_--Select--Schedule 1Inj'

2018-05-15 17:14:32 - [MESSAGE][PASSED] - All options with index in [5] are selected on object 'Object Repository/PharmacyRequest/Page_KDMC-Pharmacy/select_--Select--Schedule 1Inj'

2018-05-15 17:14:32 - [TEST_STEP][PASSED] - selectOptionByIndex: All options with index in [12] are selected on object 'Object Repository/PharmacyRequest/Page_KDMC-Pharmacy/select_--Select--Albendazole'

2018-05-15 17:14:32 - [MESSAGE][PASSED] - All options with index in [12] are selected on object 'Object Repository/PharmacyRequest/Page_KDMC-Pharmacy/select_--Select--Albendazole'

2018-05-15 17:14:32 - [TEST_STEP][PASSED] - setText: Text '10' is set on object 'Object Repository/PharmacyRequest/Page_KDMC-Pharmacy/input_txttreat'

2018-05-15 17:14:32 - [MESSAGE][PASSED] - Text '10' is set on object 'Object Repository/PharmacyRequest/Page_KDMC-Pharmacy/input_txttreat'

2018-05-15 17:14:32 - [TEST_STEP][PASSED] - click: Object: 'Object Repository/PharmacyRequest/Page_KDMC-Pharmacy/button_Add' is clicked on

2018-05-15 17:14:32 - [MESSAGE][PASSED] - Object: 'Object Repository/PharmacyRequest/Page_KDMC-Pharmacy/button_Add' is clicked on

2018-05-15 17:14:32 - [TEST_STEP][PASSED] - selectOptionByIndex: All options with index in [5] are selected on object 'Object Repository/PharmacyRequest/Page_KDMC-Pharmacy/select_--Select--Schedule 1Inj'

2018-05-15 17:14:33 - [MESSAGE][PASSED] - All options with index in [5] are selected on object 'Object Repository/PharmacyRequest/Page_KDMC-Pharmacy/select_--Select--Schedule 1Inj'

2018-05-15 17:14:33 - [TEST_STEP][PASSED] - selectOptionByIndex: All options with index in [13] are selected on object 'Object Repository/PharmacyRequest/Page_KDMC-Pharmacy/select_--Select--Albendazole'

2018-05-15 17:14:33 - [MESSAGE][PASSED] - All options with index in [13] are selected on object 'Object Repository/PharmacyRequest/Page_KDMC-Pharmacy/select_--Select--Albendazole'

2018-05-15 17:14:33 - [TEST_STEP][PASSED] - setText: Text '10' is set on object 'Object Repository/PharmacyRequest/Page_KDMC-Pharmacy/input_txttreat'

2018-05-15 17:14:33 - [MESSAGE][PASSED] - Text '10' is set on object 'Object Repository/PharmacyRequest/Page_KDMC-Pharmacy/input_txttreat'

2018-05-15 17:14:33 - [TEST_STEP][PASSED] - click: Object: 'Object Repository/PharmacyRequest/Page_KDMC-Pharmacy/button_Add' is clicked on

2018-05-15 17:14:33 - [MESSAGE][PASSED] - Object: 'Object Repository/PharmacyRequest/Page_KDMC-Pharmacy/button_Add' is clicked on

2018-05-15 17:14:33 - [TEST_STEP][PASSED] - selectOptionByIndex: All options with index in [5] are selected on object 'Object Repository/PharmacyRequest/Page_KDMC-Pharmacy/select_--Select--Schedule 1Inj'

2018-05-15 17:14:33 - [MESSAGE][PASSED] - All options with index in [5] are selected on object 'Object Repository/PharmacyRequest/Page_KDMC-Pharmacy/select_--Select--Schedule 1Inj'

2018-05-15 17:14:33 - [TEST_STEP][PASSED] - selectOptionByIndex: All options with index in [14] are selected on object 'Object Repository/PharmacyRequest/Page_KDMC-Pharmacy/select_--Select--Albendazole'

2018-05-15 17:14:33 - [MESSAGE][PASSED] - All options with index in [14] are selected on object 'Object Repository/PharmacyRequest/Page_KDMC-Pharmacy/select_--Select--Albendazole'

2018-05-15 17:14:33 - [TEST_STEP][PASSED] - setText: Text '10' is set on object 'Object Repository/PharmacyRequest/Page_KDMC-Pharmacy/input_txttreat'

2018-05-15 17:14:33 - [MESSAGE][PASSED] - Text '10' is set on object 'Object Repository/PharmacyRequest/Page_KDMC-Pharmacy/input_txttreat'

2018-05-15 17:14:33 - [TEST_STEP][PASSED] - click: Object: 'Object Repository/PharmacyRequest/Page_KDMC-Pharmacy/button_Add' is clicked on

2018-05-15 17:14:33 - [MESSAGE][PASSED] - Object: 'Object Repository/PharmacyRequest/Page_KDMC-Pharmacy/button_Add' is clicked on

2018-05-15 17:14:33 - [TEST_STEP][PASSED] - selectOptionByIndex: All options with index in [5] are selected on object 'Object Repository/PharmacyRequest/Page_KDMC-Pharmacy/select_--Select--Schedule 1Inj'

2018-05-15 17:14:33 - [MESSAGE][PASSED] - All options with index in [5] are selected on object 'Object Repository/PharmacyRequest/Page_KDMC-Pharmacy/select_--Select--Schedule 1Inj'

2018-05-15 17:14:33 - [TEST_STEP][PASSED] - selectOptionByIndex: All options with index in [15] are selected on object 'Object Repository/PharmacyRequest/Page_KDMC-Pharmacy/select_--Select--Albendazole'

2018-05-15 17:14:34 - [MESSAGE][PASSED] - All options with index in [15] are selected on object 'Object Repository/PharmacyRequest/Page_KDMC-Pharmacy/select_--Select--Albendazole'

2018-05-15 17:14:34 - [TEST_STEP][PASSED] - setText: Text '10' is set on object 'Object Repository/PharmacyRequest/Page_KDMC-Pharmacy/input_txttreat'

2018-05-15 17:14:34 - [MESSAGE][PASSED] - Text '10' is set on object 'Object Repository/PharmacyRequest/Page_KDMC-Pharmacy/input_txttreat'

2018-05-15 17:14:34 - [TEST_STEP][PASSED] - click: Object: 'Object Repository/PharmacyRequest/Page_KDMC-Pharmacy/button_Add' is clicked on

2018-05-15 17:14:34 - [MESSAGE][PASSED] - Object: 'Object Repository/PharmacyRequest/Page_KDMC-Pharmacy/button_Add' is clicked on

2018-05-15 17:14:34 - [TEST_STEP][PASSED] - selectOptionByIndex: All options with index in [5] are selected on object 'Object Repository/PharmacyRequest/Page_KDMC-Pharmacy/select_--Select--Schedule 1Inj'

2018-05-15 17:14:34 - [MESSAGE][PASSED] - All options with index in [5] are selected on object 'Object Repository/PharmacyRequest/Page_KDMC-Pharmacy/select_--Select--Schedule 1Inj'

2018-05-15 17:14:34 - [TEST_STEP][PASSED] - selectOptionByIndex: All options with index in [16] are selected on object 'Object Repository/PharmacyRequest/Page_KDMC-Pharmacy/select_--Select--Albendazole'

2018-05-15 17:14:34 - [MESSAGE][PASSED] - All options with index in [16] are selected on object 'Object Repository/PharmacyRequest/Page_KDMC-Pharmacy/select_--Select--Albendazole'

2018-05-15 17:14:34 - [TEST_STEP][PASSED] - setText: Text '10' is set on object 'Object Repository/PharmacyRequest/Page_KDMC-Pharmacy/input_txttreat'

2018-05-15 17:14:34 - [MESSAGE][PASSED] - Text '10' is set on object 'Object Repository/PharmacyRequest/Page_KDMC-Pharmacy/input_txttreat'

2018-05-15 17:14:34 - [TEST_STEP][PASSED] - click: Object: 'Object Repository/PharmacyRequest/Page_KDMC-Pharmacy/button_Add' is clicked on

2018-05-15 17:14:34 - [MESSAGE][PASSED] - Object: 'Object Repository/PharmacyRequest/Page_KDMC-Pharmacy/button_Add' is clicked on

2018-05-15 17:14:34 - [TEST_STEP][PASSED] - Statement - RN1 = com.kms.katalon.core.webui.keyword.WebUiBuiltInKeywords.getAttribute(com.kms.katalon.core.testobject.ObjectRepository.findTestObject(PharmacyRequest/Page_KDMC-Pharmacy/input_txtno), "value"): Attribute 'value' of object 'Object Repository/PharmacyRequest/Page_KDMC-Pharmacy/input_txtno' is: 'PRNO/15052018/123'

2018-05-15 17:14:34 - [MESSAGE][PASSED] - Attribute 'value' of object 'Object Repository/PharmacyRequest/Page_KDMC-Pharmacy/input_txtno' is: 'PRNO/15052018/123'

2018-05-15 17:14:34 - [TEST_STEP][PASSED] - Statement - out.println(RN1): null

2018-05-15 17:14:34 - [TEST_STEP][PASSED] - Statement - RID = RN1.split("/")[2]: null

2018-05-15 17:14:34 - [TEST_STEP][PASSED] - scrollToElement: Scroll to object 'Object Repository/PharmacyRequest/Page_KDMC-Pharmacy/input_btnsave' successfully

2018-05-15 17:14:34 - [MESSAGE][PASSED] - Scroll to object 'Object Repository/PharmacyRequest/Page_KDMC-Pharmacy/input_btnsave' successfully

2018-05-15 17:14:34 - [TEST_STEP][PASSED] - click: Object: 'Object Repository/PharmacyRequest/Page_KDMC-Pharmacy/input_btnsave' is clicked on

2018-05-15 17:14:35 - [MESSAGE][PASSED] - Object: 'Object Repository/PharmacyRequest/Page_KDMC-Pharmacy/input_btnsave' is clicked on

2018-05-15 17:14:35 - [TEST_STEP][PASSED] - delay: Delayed 3 second(s)

2018-05-15 17:14:38 - [MESSAGE][PASSED] - Delayed 3 second(s)

2018-05-15 17:14:38 - [TEST_STEP][PASSED] - click: Object: 'Object Repository/PharmacyRequest/Page_KDMC-Pharmacy/button_OK' is clicked on

2018-05-15 17:14:38 - [MESSAGE][PASSED] - Object: 'Object Repository/PharmacyRequest/Page_KDMC-Pharmacy/button_OK' is clicked on

2018-05-15 17:14:38 - [TEST_STEP][PASSED] - delay: Delayed 3 second(s)

2018-05-15 17:14:41 - [MESSAGE][PASSED] - Delayed 3 second(s)

2018-05-15 17:14:41 - [TEST_STEP][PASSED] - click: Object: 'Object Repository/PharmacyRequest/Page_KDMC-Pharmacy/a_Back to Pharmacy' is clicked on

2018-05-15 17:14:42 - [MESSAGE][PASSED] - Object: 'Object Repository/PharmacyRequest/Page_KDMC-Pharmacy/a_Back to Pharmacy' is clicked on

2018-05-15 17:14:42 - [TEST_STEP][PASSED] - delay: Delayed 3 second(s)

2018-05-15 17:14:45 - [MESSAGE][PASSED] - Delayed 3 second(s)

2018-05-15 17:14:45 - [TEST_STEP][PASSED] - click: Object: 'Object Repository/PharmacyRequest/Page_KDMC - Pharmacy/a_dropdown-toggle' is clicked on

2018-05-15 17:14:45 - [MESSAGE][PASSED] - Object: 'Object Repository/PharmacyRequest/Page_KDMC - Pharmacy/a_dropdown-toggle' is clicked on

2018-05-15 17:14:45 - [TEST_STEP][PASSED] - click: Object: 'Object Repository/PharmacyRequest/Page_KDMC - Pharmacy/a_Sign out' is clicked on

2018-05-15 17:14:46 - [MESSAGE][PASSED] - Object: 'Object Repository/PharmacyRequest/Page_KDMC - Pharmacy/a_Sign out' is clicked on

2018-05-15 17:14:46 - [TEST_STEP][PASSED] - delay: Delayed 3 second(s)

2018-05-15 17:14:49 - [MESSAGE][PASSED] - Delayed 3 second(s)

2018-05-15 17:14:49 - [TEST_STEP][PASSED] - click: Object: 'Object Repository/PharmacyRequest/Page_KDMC/a_CMO' is clicked on

2018-05-15 17:14:49 - [MESSAGE][PASSED] - Object: 'Object Repository/PharmacyRequest/Page_KDMC/a_CMO' is clicked on

2018-05-15 17:14:49 - [TEST_STEP][PASSED] - setText: Text 'guru' is set on object 'Object Repository/PharmacyRequest/Page_CMO login/input_txtusername'

2018-05-15 17:14:49 - [MESSAGE][PASSED] - Text 'guru' is set on object 'Object Repository/PharmacyRequest/Page_CMO login/input_txtusername'

2018-05-15 17:14:49 - [TEST_STEP][PASSED] - setText: Text '123' is set on object 'Object Repository/PharmacyRequest/Page_CMO login/input_txtpassword'

2018-05-15 17:14:50 - [MESSAGE][PASSED] - Text '123' is set on object 'Object Repository/PharmacyRequest/Page_CMO login/input_txtpassword'

2018-05-15 17:14:50 - [TEST_STEP][PASSED] - delay: Delayed 3 second(s)

2018-05-15 17:14:53 - [MESSAGE][PASSED] - Delayed 3 second(s)

2018-05-15 17:14:53 - [TEST_STEP][PASSED] - click: Object: 'Object Repository/PharmacyRequest/Page_CMO login/button_Sign in' is clicked on

2018-05-15 17:14:54 - [MESSAGE][PASSED] - Object: 'Object Repository/PharmacyRequest/Page_CMO login/button_Sign in' is clicked on

2018-05-15 17:14:54 - [TEST_STEP][PASSED] - click: Object: 'Object Repository/PharmacyRequest/Page_KDMC - CMO/a_Department Wise Request' is clicked on

2018-05-15 17:14:54 - [MESSAGE][PASSED] - Object: 'Object Repository/PharmacyRequest/Page_KDMC - CMO/a_Department Wise Request' is clicked on

2018-05-15 17:14:54 - [TEST_STEP][PASSED] - selectOptionByIndex: All options with index in [2] are selected on object 'Object Repository/PharmacyRequest/Page_KDMC - CMO/select_--ALL--'

2018-05-15 17:14:54 - [MESSAGE][PASSED] - All options with index in [2] are selected on object 'Object Repository/PharmacyRequest/Page_KDMC - CMO/select_--ALL--'

2018-05-15 17:14:54 - [TEST_STEP][PASSED] - selectOptionByIndex: All options with index in [1] are selected on object 'Object Repository/PharmacyRequest/Page_KDMC - CMO/select_--ALL--                _1'

2018-05-15 17:14:54 - [MESSAGE][PASSED] - All options with index in [1] are selected on object 'Object Repository/PharmacyRequest/Page_KDMC - CMO/select_--ALL--                _1'

2018-05-15 17:14:54 - [TEST_STEP][PASSED] - click: Object: 'Object Repository/PharmacyRequest/Page_KDMC - CMO/input_btnsearch' is clicked on

2018-05-15 17:14:55 - [MESSAGE][PASSED] - Object: 'Object Repository/PharmacyRequest/Page_KDMC - CMO/input_btnsearch' is clicked on

2018-05-15 17:14:55 - [TEST_STEP][PASSED] - Statement - ID = com.kms.katalon.core.webui.keyword.WebUiBuiltInKeywords.modifyObjectProperty(com.kms.katalon.core.testobject.ObjectRepository.findTestObject(PharmacyRequest/Page_KDMC - CMO/input_2), "xpath", "equals", "//*[@id=" + RID + "]", true): Modify property of object successfully

2018-05-15 17:14:55 - [MESSAGE][PASSED] - Modify property of object successfully

2018-05-15 17:14:55 - [TEST_STEP][PASSED] - click: Object: 'Object Repository/PharmacyRequest/Page_KDMC - CMO/input_2' is clicked on

2018-05-15 17:14:55 - [MESSAGE][PASSED] - Object: 'Object Repository/PharmacyRequest/Page_KDMC - CMO/input_2' is clicked on

2018-05-15 17:14:55 - [TEST_STEP][PASSED] - delay: Delayed 3 second(s)

2018-05-15 17:14:58 - [MESSAGE][PASSED] - Delayed 3 second(s)

2018-05-15 17:14:58 - [TEST_STEP][PASSED] - selectOptionByIndex: All options with index in [1] are selected on object 'Object Repository/PharmacyRequest/Page_KDMC - CMO/select_--Select--'

2018-05-15 17:14:58 - [MESSAGE][PASSED] - All options with index in [1] are selected on object 'Object Repository/PharmacyRequest/Page_KDMC - CMO/select_--Select--'

2018-05-15 17:14:58 - [TEST_STEP][PASSED] - click: Object: 'Object Repository/PharmacyRequest/Page_KDMC - CMO/input_btnupdate' is clicked on

2018-05-15 17:14:58 - [MESSAGE][PASSED] - Object: 'Object Repository/PharmacyRequest/Page_KDMC - CMO/input_btnupdate' is clicked on

2018-05-15 17:14:58 - [TEST_STEP][PASSED] - delay: Delayed 3 second(s)

2018-05-15 17:15:01 - [MESSAGE][PASSED] - Delayed 3 second(s)

2018-05-15 17:15:01 - [TEST_STEP][PASSED] - click: Object: 'Object Repository/PharmacyRequest/Page_KDMC - CMO/button_OK' is clicked on

2018-05-15 17:15:02 - [MESSAGE][PASSED] - Object: 'Object Repository/PharmacyRequest/Page_KDMC - CMO/button_OK' is clicked on

2018-05-15 17:15:02 - [TEST_STEP][PASSED] - delay: Delayed 3 second(s)

2018-05-15 17:15:05 - [MESSAGE][PASSED] - Delayed 3 second(s)

2018-05-15 17:15:05 - [TEST_STEP][PASSED] - click: Object: 'Object Repository/PharmacyRequest/Page_KDMC - CMO/a_dropdown-toggle' is clicked on

2018-05-15 17:15:05 - [MESSAGE][PASSED] - Object: 'Object Repository/PharmacyRequest/Page_KDMC - CMO/a_dropdown-toggle' is clicked on

2018-05-15 17:15:05 - [TEST_STEP][PASSED] - click: Object: 'Object Repository/PharmacyRequest/Page_KDMC - CMO/a_Sign out' is clicked on

2018-05-15 17:15:05 - [MESSAGE][PASSED] - Object: 'Object Repository/PharmacyRequest/Page_KDMC - CMO/a_Sign out' is clicked on

2018-05-15 17:15:05 - [TEST_STEP][PASSED] - delay: Delayed 3 second(s)

2018-05-15 17:15:08 - [MESSAGE][PASSED] - Delayed 3 second(s)

2018-05-15 17:15:08 - [TEST_STEP][PASSED] - click: Object: 'Object Repository/PharmacyRequest/Page_KDMC/a_Divisional Store' is clicked on

2018-05-15 17:15:09 - [MESSAGE][PASSED] - Object: 'Object Repository/PharmacyRequest/Page_KDMC/a_Divisional Store' is clicked on

2018-05-15 17:15:09 - [TEST_STEP][PASSED] - setText: Text 'ragu' is set on object 'Object Repository/PharmacyRequest/Page_Divisonal Store Login/input_txtusername'

2018-05-15 17:15:09 - [MESSAGE][PASSED] - Text 'ragu' is set on object 'Object Repository/PharmacyRequest/Page_Divisonal Store Login/input_txtusername'

2018-05-15 17:15:09 - [TEST_STEP][PASSED] - setText: Text '123' is set on object 'Object Repository/PharmacyRequest/Page_Divisonal Store Login/input_txtpassword'

2018-05-15 17:15:09 - [MESSAGE][PASSED] - Text '123' is set on object 'Object Repository/PharmacyRequest/Page_Divisonal Store Login/input_txtpassword'

2018-05-15 17:15:09 - [TEST_STEP][PASSED] - delay: Delayed 3 second(s)

2018-05-15 17:15:12 - [MESSAGE][PASSED] - Delayed 3 second(s)

2018-05-15 17:15:12 - [TEST_STEP][PASSED] - click: Object: 'Object Repository/PharmacyRequest/Page_Divisonal Store Login/button_Sign in' is clicked on

2018-05-15 17:15:13 - [MESSAGE][PASSED] - Object: 'Object Repository/PharmacyRequest/Page_Divisonal Store Login/button_Sign in' is clicked on

2018-05-15 17:15:13 - [TEST_STEP][PASSED] - delay: Delayed 3 second(s)

2018-05-15 17:15:16 - [MESSAGE][PASSED] - Delayed 3 second(s)

2018-05-15 17:15:16 - [TEST_STEP][PASSED] - click: Object: 'Object Repository/PharmacyRequest/Page_Store/a_Pharmacy Request' is clicked on

2018-05-15 17:15:16 - [MESSAGE][PASSED] - Object: 'Object Repository/PharmacyRequest/Page_Store/a_Pharmacy Request' is clicked on

2018-05-15 17:15:16 - [TEST_STEP][PASSED] - click: Object: 'Object Repository/PharmacyRequest/Page_Store/a_Request Item Pharmacy' is clicked on

2018-05-15 17:15:16 - [MESSAGE][PASSED] - Object: 'Object Repository/PharmacyRequest/Page_Store/a_Request Item Pharmacy' is clicked on

2018-05-15 17:15:16 - [TEST_STEP][PASSED] - delay: Delayed 2 second(s)

2018-05-15 17:15:18 - [MESSAGE][PASSED] - Delayed 2 second(s)

2018-05-15 17:15:18 - [TEST_STEP][PASSED] - setText: Text 'PRNO/15052018/123' is set on object 'Object Repository/PharmacyRequest/Page_Store/input'

2018-05-15 17:15:19 - [MESSAGE][PASSED] - Text 'PRNO/15052018/123' is set on object 'Object Repository/PharmacyRequest/Page_Store/input'

2018-05-15 17:15:19 - [TEST_STEP][PASSED] - delay: Delayed 2 second(s)

2018-05-15 17:15:21 - [MESSAGE][PASSED] - Delayed 2 second(s)

2018-05-15 17:15:21 - [TEST_STEP][PASSED] - Statement - ChooseRequest = com.kms.katalon.core.webui.keyword.WebUiBuiltInKeywords.modifyObjectProperty(com.kms.katalon.core.testobject.ObjectRepository.findTestObject(PharmacyRequest/Page_Store/input_2), "xpath", "equals", "//*[@id=" + RID + "]", true): Modify property of object successfully

2018-05-15 17:15:21 - [MESSAGE][PASSED] - Modify property of object successfully

2018-05-15 17:15:21 - [TEST_STEP][PASSED] - click: Object: 'Object Repository/PharmacyRequest/Page_Store/input_2' is clicked on

2018-05-15 17:15:21 - [MESSAGE][PASSED] - Object: 'Object Repository/PharmacyRequest/Page_Store/input_2' is clicked on

2018-05-15 17:15:21 - [TEST_STEP][PASSED] - delay: Delayed 2 second(s)

2018-05-15 17:15:23 - [MESSAGE][PASSED] - Delayed 2 second(s)

2018-05-15 17:15:23 - [TEST_STEP][PASSED] - Statement - selectedoptions = com.kms.katalon.core.webui.keyword.WebUiBuiltInKeywords.getNumberOfTotalOption(com.kms.katalon.core.testobject.ObjectRepository.findTestObject(PharmacyRequest/Page_Store/select_--Select--Amlodepin -5)): 17 options of object 'Object Repository/PharmacyRequest/Page_Store/select_--Select--Amlodepin -5' counted

2018-05-15 17:15:23 - [MESSAGE][PASSED] - 17 options of object 'Object Repository/PharmacyRequest/Page_Store/select_--Select--Amlodepin -5' counted

2018-05-15 17:15:23 - [TEST_STEP][PASSED] - Statement - For ([a = 1, a <= selectedoptions - 1, (a++)]): null

2018-05-15 17:15:23 - [TEST_STEP][PASSED] - selectOptionByIndex: All options with index in [1] are selected on object 'Object Repository/PharmacyRequest/Page_Store/select_--Select--Amlodepin -5'

2018-05-15 17:15:24 - [MESSAGE][PASSED] - All options with index in [1] are selected on object 'Object Repository/PharmacyRequest/Page_Store/select_--Select--Amlodepin -5'

2018-05-15 17:15:24 - [TEST_STEP][PASSED] - delay: Delayed 1 second(s)

2018-05-15 17:15:25 - [MESSAGE][PASSED] - Delayed 1 second(s)

2018-05-15 17:15:25 - [TEST_STEP][PASSED] - Statement - RequestedQty = com.kms.katalon.core.webui.keyword.WebUiBuiltInKeywords.getAttribute(com.kms.katalon.core.testobject.ObjectRepository.findTestObject(PharmacyRequest/Page_Store/input_txttotal), "value"): Attribute 'value' of object 'Object Repository/PharmacyRequest/Page_Store/input_txttotal' is: '10'

2018-05-15 17:15:25 - [MESSAGE][PASSED] - Attribute 'value' of object 'Object Repository/PharmacyRequest/Page_Store/input_txttotal' is: '10'

2018-05-15 17:15:25 - [TEST_STEP][PASSED] - Statement - out.println("Requested QTY : " + RequestedQty): null

2018-05-15 17:15:25 - [TEST_STEP][PASSED] - Statement - BatchNumber = com.kms.katalon.core.webui.keyword.WebUiBuiltInKeywords.getNumberOfTotalOption(com.kms.katalon.core.testobject.ObjectRepository.findTestObject(PharmacyRequest/Page_Store/select_--Select--BA50)): 2 options of object 'Object Repository/PharmacyRequest/Page_Store/select_--Select--BA50' counted

2018-05-15 17:15:25 - [MESSAGE][PASSED] - 2 options of object 'Object Repository/PharmacyRequest/Page_Store/select_--Select--BA50' counted

2018-05-15 17:15:25 - [TEST_STEP][PASSED] - Statement - For ([g = 1, g <= BatchNumber - 1, (g++)]): null

2018-05-15 17:15:25 - [TEST_STEP][PASSED] - selectOptionByIndex: All options with index in [1] are selected on object 'Object Repository/PharmacyRequest/Page_Store/select_--Select--BA50'

2018-05-15 17:15:25 - [MESSAGE][PASSED] - All options with index in [1] are selected on object 'Object Repository/PharmacyRequest/Page_Store/select_--Select--BA50'

2018-05-15 17:15:25 - [TEST_STEP][PASSED] - delay: Delayed 1 second(s)

2018-05-15 17:15:26 - [MESSAGE][PASSED] - Delayed 1 second(s)

2018-05-15 17:15:26 - [TEST_STEP][PASSED] - Statement - StockQty = com.kms.katalon.core.webui.keyword.WebUiBuiltInKeywords.getAttribute(com.kms.katalon.core.testobject.ObjectRepository.findTestObject(PharmacyRequest/Page_Store/input_txtprice), "value"): Attribute 'value' of object 'Object Repository/PharmacyRequest/Page_Store/input_txtprice' is: '2090'

2018-05-15 17:15:26 - [MESSAGE][PASSED] - Attribute 'value' of object 'Object Repository/PharmacyRequest/Page_Store/input_txtprice' is: '2090'

2018-05-15 17:15:26 - [TEST_STEP][PASSED] - Statement - out.println("Stock QTY : " + StockQty): null

2018-05-15 17:15:26 - [TEST_STEP][PASSED] - delay: Delayed 1 second(s)

2018-05-15 17:15:27 - [MESSAGE][PASSED] - Delayed 1 second(s)

2018-05-15 17:15:27 - [TEST_STEP][PASSED] - Statement - If (java.lang.Integer.valueOf(StockQty) >= java.lang.Integer.valueOf(RequestedQty)): null

2018-05-15 17:15:27 - [TEST_STEP][PASSED] - setText: Text '10' is set on object 'Object Repository/PharmacyRequest/Page_Store/input_txtqty'

2018-05-15 17:15:27 - [MESSAGE][PASSED] - Text '10' is set on object 'Object Repository/PharmacyRequest/Page_Store/input_txtqty'

2018-05-15 17:15:27 - [TEST_STEP][PASSED] - click: Object: 'Object Repository/PharmacyRequest/Page_Store/button_Add' is clicked on

2018-05-15 17:15:27 - [MESSAGE][PASSED] - Object: 'Object Repository/PharmacyRequest/Page_Store/button_Add' is clicked on

2018-05-15 17:15:27 - [TEST_STEP][PASSED] - Statement - Break: null

2018-05-15 17:15:27 - [TEST_STEP][PASSED] - selectOptionByIndex: All options with index in [2] are selected on object 'Object Repository/PharmacyRequest/Page_Store/select_--Select--Amlodepin -5'

2018-05-15 17:15:27 - [MESSAGE][PASSED] - All options with index in [2] are selected on object 'Object Repository/PharmacyRequest/Page_Store/select_--Select--Amlodepin -5'

2018-05-15 17:15:27 - [TEST_STEP][PASSED] - delay: Delayed 1 second(s)

2018-05-15 17:15:28 - [MESSAGE][PASSED] - Delayed 1 second(s)

2018-05-15 17:15:28 - [TEST_STEP][PASSED] - Statement - RequestedQty = com.kms.katalon.core.webui.keyword.WebUiBuiltInKeywords.getAttribute(com.kms.katalon.core.testobject.ObjectRepository.findTestObject(PharmacyRequest/Page_Store/input_txttotal), "value"): Attribute 'value' of object 'Object Repository/PharmacyRequest/Page_Store/input_txttotal' is: '10'

2018-05-15 17:15:28 - [MESSAGE][PASSED] - Attribute 'value' of object 'Object Repository/PharmacyRequest/Page_Store/input_txttotal' is: '10'

2018-05-15 17:15:28 - [TEST_STEP][PASSED] - Statement - out.println("Requested QTY : " + RequestedQty): null

2018-05-15 17:15:28 - [TEST_STEP][PASSED] - Statement - BatchNumber = com.kms.katalon.core.webui.keyword.WebUiBuiltInKeywords.getNumberOfTotalOption(com.kms.katalon.core.testobject.ObjectRepository.findTestObject(PharmacyRequest/Page_Store/select_--Select--BA50)): 3 options of object 'Object Repository/PharmacyRequest/Page_Store/select_--Select--BA50' counted

2018-05-15 17:15:28 - [MESSAGE][PASSED] - 3 options of object 'Object Repository/PharmacyRequest/Page_Store/select_--Select--BA50' counted

2018-05-15 17:15:28 - [TEST_STEP][PASSED] - Statement - For ([g = 1, g <= BatchNumber - 1, (g++)]): null

2018-05-15 17:15:28 - [TEST_STEP][PASSED] - selectOptionByIndex: All options with index in [1] are selected on object 'Object Repository/PharmacyRequest/Page_Store/select_--Select--BA50'

2018-05-15 17:15:28 - [MESSAGE][PASSED] - All options with index in [1] are selected on object 'Object Repository/PharmacyRequest/Page_Store/select_--Select--BA50'

2018-05-15 17:15:28 - [TEST_STEP][PASSED] - delay: Delayed 1 second(s)

2018-05-15 17:15:29 - [MESSAGE][PASSED] - Delayed 1 second(s)

2018-05-15 17:15:29 - [TEST_STEP][PASSED] - Statement - StockQty = com.kms.katalon.core.webui.keyword.WebUiBuiltInKeywords.getAttribute(com.kms.katalon.core.testobject.ObjectRepository.findTestObject(PharmacyRequest/Page_Store/input_txtprice), "value"): Attribute 'value' of object 'Object Repository/PharmacyRequest/Page_Store/input_txtprice' is: '1857'

2018-05-15 17:15:29 - [MESSAGE][PASSED] - Attribute 'value' of object 'Object Repository/PharmacyRequest/Page_Store/input_txtprice' is: '1857'

2018-05-15 17:15:29 - [TEST_STEP][PASSED] - Statement - out.println("Stock QTY : " + StockQty): null

2018-05-15 17:15:29 - [TEST_STEP][PASSED] - delay: Delayed 1 second(s)

2018-05-15 17:15:30 - [MESSAGE][PASSED] - Delayed 1 second(s)

2018-05-15 17:15:30 - [TEST_STEP][PASSED] - Statement - If (java.lang.Integer.valueOf(StockQty) >= java.lang.Integer.valueOf(RequestedQty)): null

2018-05-15 17:15:30 - [TEST_STEP][PASSED] - setText: Text '10' is set on object 'Object Repository/PharmacyRequest/Page_Store/input_txtqty'

2018-05-15 17:15:31 - [MESSAGE][PASSED] - Text '10' is set on object 'Object Repository/PharmacyRequest/Page_Store/input_txtqty'

2018-05-15 17:15:31 - [TEST_STEP][PASSED] - click: Object: 'Object Repository/PharmacyRequest/Page_Store/button_Add' is clicked on

2018-05-15 17:15:31 - [MESSAGE][PASSED] - Object: 'Object Repository/PharmacyRequest/Page_Store/button_Add' is clicked on

2018-05-15 17:15:31 - [TEST_STEP][PASSED] - Statement - Break: null

2018-05-15 17:15:31 - [TEST_STEP][PASSED] - selectOptionByIndex: All options with index in [3] are selected on object 'Object Repository/PharmacyRequest/Page_Store/select_--Select--Amlodepin -5'

2018-05-15 17:15:31 - [MESSAGE][PASSED] - All options with index in [3] are selected on object 'Object Repository/PharmacyRequest/Page_Store/select_--Select--Amlodepin -5'

2018-05-15 17:15:31 - [TEST_STEP][PASSED] - delay: Delayed 1 second(s)

2018-05-15 17:15:32 - [MESSAGE][PASSED] - Delayed 1 second(s)

2018-05-15 17:15:32 - [TEST_STEP][PASSED] - Statement - RequestedQty = com.kms.katalon.core.webui.keyword.WebUiBuiltInKeywords.getAttribute(com.kms.katalon.core.testobject.ObjectRepository.findTestObject(PharmacyRequest/Page_Store/input_txttotal), "value"): Attribute 'value' of object 'Object Repository/PharmacyRequest/Page_Store/input_txttotal' is: '10'

2018-05-15 17:15:32 - [MESSAGE][PASSED] - Attribute 'value' of object 'Object Repository/PharmacyRequest/Page_Store/input_txttotal' is: '10'

2018-05-15 17:15:32 - [TEST_STEP][PASSED] - Statement - out.println("Requested QTY : " + RequestedQty): null

2018-05-15 17:15:32 - [TEST_STEP][PASSED] - Statement - BatchNumber = com.kms.katalon.core.webui.keyword.WebUiBuiltInKeywords.getNumberOfTotalOption(com.kms.katalon.core.testobject.ObjectRepository.findTestObject(PharmacyRequest/Page_Store/select_--Select--BA50)): 2 options of object 'Object Repository/PharmacyRequest/Page_Store/select_--Select--BA50' counted

2018-05-15 17:15:32 - [MESSAGE][PASSED] - 2 options of object 'Object Repository/PharmacyRequest/Page_Store/select_--Select--BA50' counted

2018-05-15 17:15:32 - [TEST_STEP][PASSED] - Statement - For ([g = 1, g <= BatchNumber - 1, (g++)]): null

2018-05-15 17:15:32 - [TEST_STEP][PASSED] - selectOptionByIndex: All options with index in [1] are selected on object 'Object Repository/PharmacyRequest/Page_Store/select_--Select--BA50'

2018-05-15 17:15:32 - [MESSAGE][PASSED] - All options with index in [1] are selected on object 'Object Repository/PharmacyRequest/Page_Store/select_--Select--BA50'

2018-05-15 17:15:32 - [TEST_STEP][PASSED] - delay: Delayed 1 second(s)

2018-05-15 17:15:33 - [MESSAGE][PASSED] - Delayed 1 second(s)

2018-05-15 17:15:33 - [TEST_STEP][PASSED] - Statement - StockQty = com.kms.katalon.core.webui.keyword.WebUiBuiltInKeywords.getAttribute(com.kms.katalon.core.testobject.ObjectRepository.findTestObject(PharmacyRequest/Page_Store/input_txtprice), "value"): Attribute 'value' of object 'Object Repository/PharmacyRequest/Page_Store/input_txtprice' is: '1995'

2018-05-15 17:15:33 - [MESSAGE][PASSED] - Attribute 'value' of object 'Object Repository/PharmacyRequest/Page_Store/input_txtprice' is: '1995'

2018-05-15 17:15:33 - [TEST_STEP][PASSED] - Statement - out.println("Stock QTY : " + StockQty): null

2018-05-15 17:15:33 - [TEST_STEP][PASSED] - delay: Delayed 1 second(s)

2018-05-15 17:15:34 - [MESSAGE][PASSED] - Delayed 1 second(s)

2018-05-15 17:15:34 - [TEST_STEP][PASSED] - Statement - If (java.lang.Integer.valueOf(StockQty) >= java.lang.Integer.valueOf(RequestedQty)): null

2018-05-15 17:15:34 - [TEST_STEP][PASSED] - setText: Text '10' is set on object 'Object Repository/PharmacyRequest/Page_Store/input_txtqty'

2018-05-15 17:15:34 - [MESSAGE][PASSED] - Text '10' is set on object 'Object Repository/PharmacyRequest/Page_Store/input_txtqty'

2018-05-15 17:15:34 - [TEST_STEP][PASSED] - click: Object: 'Object Repository/PharmacyRequest/Page_Store/button_Add' is clicked on

2018-05-15 17:15:34 - [MESSAGE][PASSED] - Object: 'Object Repository/PharmacyRequest/Page_Store/button_Add' is clicked on

2018-05-15 17:15:34 - [TEST_STEP][PASSED] - Statement - Break: null

2018-05-15 17:15:34 - [TEST_STEP][PASSED] - selectOptionByIndex: All options with index in [4] are selected on object 'Object Repository/PharmacyRequest/Page_Store/select_--Select--Amlodepin -5'

2018-05-15 17:15:34 - [MESSAGE][PASSED] - All options with index in [4] are selected on object 'Object Repository/PharmacyRequest/Page_Store/select_--Select--Amlodepin -5'

2018-05-15 17:15:34 - [TEST_STEP][PASSED] - delay: Delayed 1 second(s)

2018-05-15 17:15:35 - [MESSAGE][PASSED] - Delayed 1 second(s)

2018-05-15 17:15:35 - [TEST_STEP][PASSED] - Statement - RequestedQty = com.kms.katalon.core.webui.keyword.WebUiBuiltInKeywords.getAttribute(com.kms.katalon.core.testobject.ObjectRepository.findTestObject(PharmacyRequest/Page_Store/input_txttotal), "value"): Attribute 'value' of object 'Object Repository/PharmacyRequest/Page_Store/input_txttotal' is: '10'

2018-05-15 17:15:35 - [MESSAGE][PASSED] - Attribute 'value' of object 'Object Repository/PharmacyRequest/Page_Store/input_txttotal' is: '10'

2018-05-15 17:15:35 - [TEST_STEP][PASSED] - Statement - out.println("Requested QTY : " + RequestedQty): null

2018-05-15 17:15:35 - [TEST_STEP][PASSED] - Statement - BatchNumber = com.kms.katalon.core.webui.keyword.WebUiBuiltInKeywords.getNumberOfTotalOption(com.kms.katalon.core.testobject.ObjectRepository.findTestObject(PharmacyRequest/Page_Store/select_--Select--BA50)): 2 options of object 'Object Repository/PharmacyRequest/Page_Store/select_--Select--BA50' counted

2018-05-15 17:15:35 - [MESSAGE][PASSED] - 2 options of object 'Object Repository/PharmacyRequest/Page_Store/select_--Select--BA50' counted

2018-05-15 17:15:35 - [TEST_STEP][PASSED] - Statement - For ([g = 1, g <= BatchNumber - 1, (g++)]): null

2018-05-15 17:15:35 - [TEST_STEP][PASSED] - selectOptionByIndex: All options with index in [1] are selected on object 'Object Repository/PharmacyRequest/Page_Store/select_--Select--BA50'

2018-05-15 17:15:36 - [MESSAGE][PASSED] - All options with index in [1] are selected on object 'Object Repository/PharmacyRequest/Page_Store/select_--Select--BA50'

2018-05-15 17:15:36 - [TEST_STEP][PASSED] - delay: Delayed 1 second(s)

2018-05-15 17:15:37 - [MESSAGE][PASSED] - Delayed 1 second(s)

2018-05-15 17:15:37 - [TEST_STEP][PASSED] - Statement - StockQty = com.kms.katalon.core.webui.keyword.WebUiBuiltInKeywords.getAttribute(com.kms.katalon.core.testobject.ObjectRepository.findTestObject(PharmacyRequest/Page_Store/input_txtprice), "value"): Attribute 'value' of object 'Object Repository/PharmacyRequest/Page_Store/input_txtprice' is: '1995'

2018-05-15 17:15:37 - [MESSAGE][PASSED] - Attribute 'value' of object 'Object Repository/PharmacyRequest/Page_Store/input_txtprice' is: '1995'

2018-05-15 17:15:37 - [TEST_STEP][PASSED] - Statement - out.println("Stock QTY : " + StockQty): null

2018-05-15 17:15:37 - [TEST_STEP][PASSED] - delay: Delayed 1 second(s)

2018-05-15 17:15:38 - [MESSAGE][PASSED] - Delayed 1 second(s)

2018-05-15 17:15:38 - [TEST_STEP][PASSED] - Statement - If (java.lang.Integer.valueOf(StockQty) >= java.lang.Integer.valueOf(RequestedQty)): null

2018-05-15 17:15:38 - [TEST_STEP][PASSED] - setText: Text '10' is set on object 'Object Repository/PharmacyRequest/Page_Store/input_txtqty'

2018-05-15 17:15:38 - [MESSAGE][PASSED] - Text '10' is set on object 'Object Repository/PharmacyRequest/Page_Store/input_txtqty'

2018-05-15 17:15:38 - [TEST_STEP][PASSED] - click: Object: 'Object Repository/PharmacyRequest/Page_Store/button_Add' is clicked on

2018-05-15 17:15:38 - [MESSAGE][PASSED] - Object: 'Object Repository/PharmacyRequest/Page_Store/button_Add' is clicked on

2018-05-15 17:15:38 - [TEST_STEP][PASSED] - Statement - Break: null

2018-05-15 17:15:38 - [TEST_STEP][PASSED] - selectOptionByIndex: All options with index in [5] are selected on object 'Object Repository/PharmacyRequest/Page_Store/select_--Select--Amlodepin -5'

2018-05-15 17:15:38 - [MESSAGE][PASSED] - All options with index in [5] are selected on object 'Object Repository/PharmacyRequest/Page_Store/select_--Select--Amlodepin -5'

2018-05-15 17:15:38 - [TEST_STEP][PASSED] - delay: Delayed 1 second(s)

2018-05-15 17:15:39 - [MESSAGE][PASSED] - Delayed 1 second(s)

2018-05-15 17:15:39 - [TEST_STEP][PASSED] - Statement - RequestedQty = com.kms.katalon.core.webui.keyword.WebUiBuiltInKeywords.getAttribute(com.kms.katalon.core.testobject.ObjectRepository.findTestObject(PharmacyRequest/Page_Store/input_txttotal), "value"): Attribute 'value' of object 'Object Repository/PharmacyRequest/Page_Store/input_txttotal' is: '10'

2018-05-15 17:15:39 - [MESSAGE][PASSED] - Attribute 'value' of object 'Object Repository/PharmacyRequest/Page_Store/input_txttotal' is: '10'

2018-05-15 17:15:39 - [TEST_STEP][PASSED] - Statement - out.println("Requested QTY : " + RequestedQty): null

2018-05-15 17:15:39 - [TEST_STEP][PASSED] - Statement - BatchNumber = com.kms.katalon.core.webui.keyword.WebUiBuiltInKeywords.getNumberOfTotalOption(com.kms.katalon.core.testobject.ObjectRepository.findTestObject(PharmacyRequest/Page_Store/select_--Select--BA50)): 2 options of object 'Object Repository/PharmacyRequest/Page_Store/select_--Select--BA50' counted

2018-05-15 17:15:39 - [MESSAGE][PASSED] - 2 options of object 'Object Repository/PharmacyRequest/Page_Store/select_--Select--BA50' counted

2018-05-15 17:15:39 - [TEST_STEP][PASSED] - Statement - For ([g = 1, g <= BatchNumber - 1, (g++)]): null

2018-05-15 17:15:39 - [TEST_STEP][PASSED] - selectOptionByIndex: All options with index in [1] are selected on object 'Object Repository/PharmacyRequest/Page_Store/select_--Select--BA50'

2018-05-15 17:15:39 - [MESSAGE][PASSED] - All options with index in [1] are selected on object 'Object Repository/PharmacyRequest/Page_Store/select_--Select--BA50'

2018-05-15 17:15:39 - [TEST_STEP][PASSED] - delay: Delayed 1 second(s)

2018-05-15 17:15:40 - [MESSAGE][PASSED] - Delayed 1 second(s)

2018-05-15 17:15:40 - [TEST_STEP][PASSED] - Statement - StockQty = com.kms.katalon.core.webui.keyword.WebUiBuiltInKeywords.getAttribute(com.kms.katalon.core.testobject.ObjectRepository.findTestObject(PharmacyRequest/Page_Store/input_txtprice), "value"): Attribute 'value' of object 'Object Repository/PharmacyRequest/Page_Store/input_txtprice' is: '1995'

2018-05-15 17:15:40 - [MESSAGE][PASSED] - Attribute 'value' of object 'Object Repository/PharmacyRequest/Page_Store/input_txtprice' is: '1995'

2018-05-15 17:15:40 - [TEST_STEP][PASSED] - Statement - out.println("Stock QTY : " + StockQty): null

2018-05-15 17:15:40 - [TEST_STEP][PASSED] - delay: Delayed 1 second(s)

2018-05-15 17:15:41 - [MESSAGE][PASSED] - Delayed 1 second(s)

2018-05-15 17:15:41 - [TEST_STEP][PASSED] - Statement - If (java.lang.Integer.valueOf(StockQty) >= java.lang.Integer.valueOf(RequestedQty)): null

2018-05-15 17:15:41 - [TEST_STEP][PASSED] - setText: Text '10' is set on object 'Object Repository/PharmacyRequest/Page_Store/input_txtqty'

2018-05-15 17:15:41 - [MESSAGE][PASSED] - Text '10' is set on object 'Object Repository/PharmacyRequest/Page_Store/input_txtqty'

2018-05-15 17:15:41 - [TEST_STEP][PASSED] - click: Object: 'Object Repository/PharmacyRequest/Page_Store/button_Add' is clicked on

2018-05-15 17:15:41 - [MESSAGE][PASSED] - Object: 'Object Repository/PharmacyRequest/Page_Store/button_Add' is clicked on

2018-05-15 17:15:41 - [TEST_STEP][PASSED] - Statement - Break: null

2018-05-15 17:15:41 - [TEST_STEP][PASSED] - selectOptionByIndex: All options with index in [6] are selected on object 'Object Repository/PharmacyRequest/Page_Store/select_--Select--Amlodepin -5'

2018-05-15 17:15:41 - [MESSAGE][PASSED] - All options with index in [6] are selected on object 'Object Repository/PharmacyRequest/Page_Store/select_--Select--Amlodepin -5'

2018-05-15 17:15:41 - [TEST_STEP][PASSED] - delay: Delayed 1 second(s)

2018-05-15 17:15:42 - [MESSAGE][PASSED] - Delayed 1 second(s)

2018-05-15 17:15:42 - [TEST_STEP][PASSED] - Statement - RequestedQty = com.kms.katalon.core.webui.keyword.WebUiBuiltInKeywords.getAttribute(com.kms.katalon.core.testobject.ObjectRepository.findTestObject(PharmacyRequest/Page_Store/input_txttotal), "value"): Attribute 'value' of object 'Object Repository/PharmacyRequest/Page_Store/input_txttotal' is: '10'

2018-05-15 17:15:43 - [MESSAGE][PASSED] - Attribute 'value' of object 'Object Repository/PharmacyRequest/Page_Store/input_txttotal' is: '10'

2018-05-15 17:15:43 - [TEST_STEP][PASSED] - Statement - out.println("Requested QTY : " + RequestedQty): null

2018-05-15 17:15:43 - [TEST_STEP][PASSED] - Statement - BatchNumber = com.kms.katalon.core.webui.keyword.WebUiBuiltInKeywords.getNumberOfTotalOption(com.kms.katalon.core.testobject.ObjectRepository.findTestObject(PharmacyRequest/Page_Store/select_--Select--BA50)): 2 options of object 'Object Repository/PharmacyRequest/Page_Store/select_--Select--BA50' counted

2018-05-15 17:15:43 - [MESSAGE][PASSED] - 2 options of object 'Object Repository/PharmacyRequest/Page_Store/select_--Select--BA50' counted

2018-05-15 17:15:43 - [TEST_STEP][PASSED] - Statement - For ([g = 1, g <= BatchNumber - 1, (g++)]): null

2018-05-15 17:15:43 - [TEST_STEP][PASSED] - selectOptionByIndex: All options with index in [1] are selected on object 'Object Repository/PharmacyRequest/Page_Store/select_--Select--BA50'

2018-05-15 17:15:43 - [MESSAGE][PASSED] - All options with index in [1] are selected on object 'Object Repository/PharmacyRequest/Page_Store/select_--Select--BA50'

2018-05-15 17:15:43 - [TEST_STEP][PASSED] - delay: Delayed 1 second(s)

2018-05-15 17:15:44 - [MESSAGE][PASSED] - Delayed 1 second(s)

2018-05-15 17:15:44 - [TEST_STEP][PASSED] - Statement - StockQty = com.kms.katalon.core.webui.keyword.WebUiBuiltInKeywords.getAttribute(com.kms.katalon.core.testobject.ObjectRepository.findTestObject(PharmacyRequest/Page_Store/input_txtprice), "value"): Attribute 'value' of object 'Object Repository/PharmacyRequest/Page_Store/input_txtprice' is: '1990'

2018-05-15 17:15:44 - [MESSAGE][PASSED] - Attribute 'value' of object 'Object Repository/PharmacyRequest/Page_Store/input_txtprice' is: '1990'

2018-05-15 17:15:44 - [TEST_STEP][PASSED] - Statement - out.println("Stock QTY : " + StockQty): null

2018-05-15 17:15:44 - [TEST_STEP][PASSED] - delay: Delayed 1 second(s)

2018-05-15 17:15:45 - [MESSAGE][PASSED] - Delayed 1 second(s)

2018-05-15 17:15:45 - [TEST_STEP][PASSED] - Statement - If (java.lang.Integer.valueOf(StockQty) >= java.lang.Integer.valueOf(RequestedQty)): null

2018-05-15 17:15:45 - [TEST_STEP][PASSED] - setText: Text '10' is set on object 'Object Repository/PharmacyRequest/Page_Store/input_txtqty'

2018-05-15 17:15:45 - [MESSAGE][PASSED] - Text '10' is set on object 'Object Repository/PharmacyRequest/Page_Store/input_txtqty'

2018-05-15 17:15:45 - [TEST_STEP][PASSED] - click: Object: 'Object Repository/PharmacyRequest/Page_Store/button_Add' is clicked on

2018-05-15 17:15:45 - [MESSAGE][PASSED] - Object: 'Object Repository/PharmacyRequest/Page_Store/button_Add' is clicked on

2018-05-15 17:15:45 - [TEST_STEP][PASSED] - Statement - Break: null

2018-05-15 17:15:45 - [TEST_STEP][PASSED] - selectOptionByIndex: All options with index in [7] are selected on object 'Object Repository/PharmacyRequest/Page_Store/select_--Select--Amlodepin -5'

2018-05-15 17:15:45 - [MESSAGE][PASSED] - All options with index in [7] are selected on object 'Object Repository/PharmacyRequest/Page_Store/select_--Select--Amlodepin -5'

2018-05-15 17:15:45 - [TEST_STEP][PASSED] - delay: Delayed 1 second(s)

2018-05-15 17:15:46 - [MESSAGE][PASSED] - Delayed 1 second(s)

2018-05-15 17:15:46 - [TEST_STEP][PASSED] - Statement - RequestedQty = com.kms.katalon.core.webui.keyword.WebUiBuiltInKeywords.getAttribute(com.kms.katalon.core.testobject.ObjectRepository.findTestObject(PharmacyRequest/Page_Store/input_txttotal), "value"): Attribute 'value' of object 'Object Repository/PharmacyRequest/Page_Store/input_txttotal' is: '10'

2018-05-15 17:15:46 - [MESSAGE][PASSED] - Attribute 'value' of object 'Object Repository/PharmacyRequest/Page_Store/input_txttotal' is: '10'

2018-05-15 17:15:46 - [TEST_STEP][PASSED] - Statement - out.println("Requested QTY : " + RequestedQty): null

2018-05-15 17:15:46 - [TEST_STEP][PASSED] - Statement - BatchNumber = com.kms.katalon.core.webui.keyword.WebUiBuiltInKeywords.getNumberOfTotalOption(com.kms.katalon.core.testobject.ObjectRepository.findTestObject(PharmacyRequest/Page_Store/select_--Select--BA50)): 4 options of object 'Object Repository/PharmacyRequest/Page_Store/select_--Select--BA50' counted

2018-05-15 17:15:46 - [MESSAGE][PASSED] - 4 options of object 'Object Repository/PharmacyRequest/Page_Store/select_--Select--BA50' counted

2018-05-15 17:15:46 - [TEST_STEP][PASSED] - Statement - For ([g = 1, g <= BatchNumber - 1, (g++)]): null

2018-05-15 17:15:46 - [TEST_STEP][PASSED] - selectOptionByIndex: All options with index in [1] are selected on object 'Object Repository/PharmacyRequest/Page_Store/select_--Select--BA50'

2018-05-15 17:15:46 - [MESSAGE][PASSED] - All options with index in [1] are selected on object 'Object Repository/PharmacyRequest/Page_Store/select_--Select--BA50'

2018-05-15 17:15:46 - [TEST_STEP][PASSED] - delay: Delayed 1 second(s)

2018-05-15 17:15:47 - [MESSAGE][PASSED] - Delayed 1 second(s)

2018-05-15 17:15:47 - [TEST_STEP][PASSED] - Statement - StockQty = com.kms.katalon.core.webui.keyword.WebUiBuiltInKeywords.getAttribute(com.kms.katalon.core.testobject.ObjectRepository.findTestObject(PharmacyRequest/Page_Store/input_txtprice), "value"): Attribute 'value' of object 'Object Repository/PharmacyRequest/Page_Store/input_txtprice' is: '4'

2018-05-15 17:15:47 - [MESSAGE][PASSED] - Attribute 'value' of object 'Object Repository/PharmacyRequest/Page_Store/input_txtprice' is: '4'

2018-05-15 17:15:47 - [TEST_STEP][PASSED] - Statement - out.println("Stock QTY : " + StockQty): null

2018-05-15 17:15:47 - [TEST_STEP][PASSED] - delay: Delayed 1 second(s)

2018-05-15 17:15:48 - [MESSAGE][PASSED] - Delayed 1 second(s)

2018-05-15 17:15:48 - [TEST_STEP][PASSED] - Statement - If (java.lang.Integer.valueOf(StockQty) >= java.lang.Integer.valueOf(RequestedQty)): null

2018-05-15 17:15:48 - [TEST_STEP][PASSED] - Statement - Else: null

2018-05-15 17:15:48 - [TEST_STEP][PASSED] - Statement - out.println("Stock Is Less Than Requested Qty"): null

2018-05-15 17:15:48 - [TEST_STEP][PASSED] - selectOptionByIndex: All options with index in [2] are selected on object 'Object Repository/PharmacyRequest/Page_Store/select_--Select--BA50'

2018-05-15 17:15:49 - [MESSAGE][PASSED] - All options with index in [2] are selected on object 'Object Repository/PharmacyRequest/Page_Store/select_--Select--BA50'

2018-05-15 17:15:49 - [TEST_STEP][PASSED] - delay: Delayed 1 second(s)

2018-05-15 17:15:50 - [MESSAGE][PASSED] - Delayed 1 second(s)

2018-05-15 17:15:50 - [TEST_STEP][PASSED] - Statement - StockQty = com.kms.katalon.core.webui.keyword.WebUiBuiltInKeywords.getAttribute(com.kms.katalon.core.testobject.ObjectRepository.findTestObject(PharmacyRequest/Page_Store/input_txtprice), "value"): Attribute 'value' of object 'Object Repository/PharmacyRequest/Page_Store/input_txtprice' is: '1826'

2018-05-15 17:15:50 - [MESSAGE][PASSED] - Attribute 'value' of object 'Object Repository/PharmacyRequest/Page_Store/input_txtprice' is: '1826'

2018-05-15 17:15:50 - [TEST_STEP][PASSED] - Statement - out.println("Stock QTY : " + StockQty): null

2018-05-15 17:15:50 - [TEST_STEP][PASSED] - delay: Delayed 1 second(s)

2018-05-15 17:15:51 - [MESSAGE][PASSED] - Delayed 1 second(s)

2018-05-15 17:15:51 - [TEST_STEP][PASSED] - Statement - If (java.lang.Integer.valueOf(StockQty) >= java.lang.Integer.valueOf(RequestedQty)): null

2018-05-15 17:15:51 - [TEST_STEP][PASSED] - setText: Text '10' is set on object 'Object Repository/PharmacyRequest/Page_Store/input_txtqty'

2018-05-15 17:15:51 - [MESSAGE][PASSED] - Text '10' is set on object 'Object Repository/PharmacyRequest/Page_Store/input_txtqty'

2018-05-15 17:15:51 - [TEST_STEP][PASSED] - click: Object: 'Object Repository/PharmacyRequest/Page_Store/button_Add' is clicked on

2018-05-15 17:15:51 - [MESSAGE][PASSED] - Object: 'Object Repository/PharmacyRequest/Page_Store/button_Add' is clicked on

2018-05-15 17:15:51 - [TEST_STEP][PASSED] - Statement - Break: null

2018-05-15 17:15:51 - [TEST_STEP][PASSED] - selectOptionByIndex: All options with index in [8] are selected on object 'Object Repository/PharmacyRequest/Page_Store/select_--Select--Amlodepin -5'

2018-05-15 17:15:51 - [MESSAGE][PASSED] - All options with index in [8] are selected on object 'Object Repository/PharmacyRequest/Page_Store/select_--Select--Amlodepin -5'

2018-05-15 17:15:51 - [TEST_STEP][PASSED] - delay: Delayed 1 second(s)

2018-05-15 17:15:52 - [MESSAGE][PASSED] - Delayed 1 second(s)

2018-05-15 17:15:52 - [TEST_STEP][PASSED] - Statement - RequestedQty = com.kms.katalon.core.webui.keyword.WebUiBuiltInKeywords.getAttribute(com.kms.katalon.core.testobject.ObjectRepository.findTestObject(PharmacyRequest/Page_Store/input_txttotal), "value"): Attribute 'value' of object 'Object Repository/PharmacyRequest/Page_Store/input_txttotal' is: '10'

2018-05-15 17:15:52 - [MESSAGE][PASSED] - Attribute 'value' of object 'Object Repository/PharmacyRequest/Page_Store/input_txttotal' is: '10'

2018-05-15 17:15:52 - [TEST_STEP][PASSED] - Statement - out.println("Requested QTY : " + RequestedQty): null

2018-05-15 17:15:52 - [TEST_STEP][PASSED] - Statement - BatchNumber = com.kms.katalon.core.webui.keyword.WebUiBuiltInKeywords.getNumberOfTotalOption(com.kms.katalon.core.testobject.ObjectRepository.findTestObject(PharmacyRequest/Page_Store/select_--Select--BA50)): 2 options of object 'Object Repository/PharmacyRequest/Page_Store/select_--Select--BA50' counted

2018-05-15 17:15:52 - [MESSAGE][PASSED] - 2 options of object 'Object Repository/PharmacyRequest/Page_Store/select_--Select--BA50' counted

2018-05-15 17:15:52 - [TEST_STEP][PASSED] - Statement - For ([g = 1, g <= BatchNumber - 1, (g++)]): null

2018-05-15 17:15:52 - [TEST_STEP][PASSED] - selectOptionByIndex: All options with index in [1] are selected on object 'Object Repository/PharmacyRequest/Page_Store/select_--Select--BA50'

2018-05-15 17:15:52 - [MESSAGE][PASSED] - All options with index in [1] are selected on object 'Object Repository/PharmacyRequest/Page_Store/select_--Select--BA50'

2018-05-15 17:15:52 - [TEST_STEP][PASSED] - delay: Delayed 1 second(s)

2018-05-15 17:15:53 - [MESSAGE][PASSED] - Delayed 1 second(s)

2018-05-15 17:15:53 - [TEST_STEP][PASSED] - Statement - StockQty = com.kms.katalon.core.webui.keyword.WebUiBuiltInKeywords.getAttribute(com.kms.katalon.core.testobject.ObjectRepository.findTestObject(PharmacyRequest/Page_Store/input_txtprice), "value"): Attribute 'value' of object 'Object Repository/PharmacyRequest/Page_Store/input_txtprice' is: '1880'

2018-05-15 17:15:53 - [MESSAGE][PASSED] - Attribute 'value' of object 'Object Repository/PharmacyRequest/Page_Store/input_txtprice' is: '1880'

2018-05-15 17:15:53 - [TEST_STEP][PASSED] - Statement - out.println("Stock QTY : " + StockQty): null

2018-05-15 17:15:53 - [TEST_STEP][PASSED] - delay: Delayed 1 second(s)

2018-05-15 17:15:54 - [MESSAGE][PASSED] - Delayed 1 second(s)

2018-05-15 17:15:54 - [TEST_STEP][PASSED] - Statement - If (java.lang.Integer.valueOf(StockQty) >= java.lang.Integer.valueOf(RequestedQty)): null

2018-05-15 17:15:54 - [TEST_STEP][PASSED] - setText: Text '10' is set on object 'Object Repository/PharmacyRequest/Page_Store/input_txtqty'

2018-05-15 17:15:54 - [MESSAGE][PASSED] - Text '10' is set on object 'Object Repository/PharmacyRequest/Page_Store/input_txtqty'

2018-05-15 17:15:54 - [TEST_STEP][PASSED] - click: Object: 'Object Repository/PharmacyRequest/Page_Store/button_Add' is clicked on

2018-05-15 17:15:54 - [MESSAGE][PASSED] - Object: 'Object Repository/PharmacyRequest/Page_Store/button_Add' is clicked on

2018-05-15 17:15:54 - [TEST_STEP][PASSED] - Statement - Break: null

2018-05-15 17:15:54 - [TEST_STEP][PASSED] - selectOptionByIndex: All options with index in [9] are selected on object 'Object Repository/PharmacyRequest/Page_Store/select_--Select--Amlodepin -5'

2018-05-15 17:15:55 - [MESSAGE][PASSED] - All options with index in [9] are selected on object 'Object Repository/PharmacyRequest/Page_Store/select_--Select--Amlodepin -5'

2018-05-15 17:15:55 - [TEST_STEP][PASSED] - delay: Delayed 1 second(s)

2018-05-15 17:15:56 - [MESSAGE][PASSED] - Delayed 1 second(s)

2018-05-15 17:15:56 - [TEST_STEP][PASSED] - Statement - RequestedQty = com.kms.katalon.core.webui.keyword.WebUiBuiltInKeywords.getAttribute(com.kms.katalon.core.testobject.ObjectRepository.findTestObject(PharmacyRequest/Page_Store/input_txttotal), "value"): Attribute 'value' of object 'Object Repository/PharmacyRequest/Page_Store/input_txttotal' is: '10'

2018-05-15 17:15:56 - [MESSAGE][PASSED] - Attribute 'value' of object 'Object Repository/PharmacyRequest/Page_Store/input_txttotal' is: '10'

2018-05-15 17:15:56 - [TEST_STEP][PASSED] - Statement - out.println("Requested QTY : " + RequestedQty): null

2018-05-15 17:15:56 - [TEST_STEP][PASSED] - Statement - BatchNumber = com.kms.katalon.core.webui.keyword.WebUiBuiltInKeywords.getNumberOfTotalOption(com.kms.katalon.core.testobject.ObjectRepository.findTestObject(PharmacyRequest/Page_Store/select_--Select--BA50)): 2 options of object 'Object Repository/PharmacyRequest/Page_Store/select_--Select--BA50' counted

2018-05-15 17:15:56 - [MESSAGE][PASSED] - 2 options of object 'Object Repository/PharmacyRequest/Page_Store/select_--Select--BA50' counted

2018-05-15 17:15:56 - [TEST_STEP][PASSED] - Statement - For ([g = 1, g <= BatchNumber - 1, (g++)]): null

2018-05-15 17:15:56 - [TEST_STEP][PASSED] - selectOptionByIndex: All options with index in [1] are selected on object 'Object Repository/PharmacyRequest/Page_Store/select_--Select--BA50'

2018-05-15 17:15:56 - [MESSAGE][PASSED] - All options with index in [1] are selected on object 'Object Repository/PharmacyRequest/Page_Store/select_--Select--BA50'

2018-05-15 17:15:56 - [TEST_STEP][PASSED] - delay: Delayed 1 second(s)

2018-05-15 17:15:57 - [MESSAGE][PASSED] - Delayed 1 second(s)

2018-05-15 17:15:57 - [TEST_STEP][PASSED] - Statement - StockQty = com.kms.katalon.core.webui.keyword.WebUiBuiltInKeywords.getAttribute(com.kms.katalon.core.testobject.ObjectRepository.findTestObject(PharmacyRequest/Page_Store/input_txtprice), "value"): Attribute 'value' of object 'Object Repository/PharmacyRequest/Page_Store/input_txtprice' is: '1802'

2018-05-15 17:15:57 - [MESSAGE][PASSED] - Attribute 'value' of object 'Object Repository/PharmacyRequest/Page_Store/input_txtprice' is: '1802'

2018-05-15 17:15:57 - [TEST_STEP][PASSED] - Statement - out.println("Stock QTY : " + StockQty): null

2018-05-15 17:15:57 - [TEST_STEP][PASSED] - delay: Delayed 1 second(s)

2018-05-15 17:15:58 - [MESSAGE][PASSED] - Delayed 1 second(s)

2018-05-15 17:15:58 - [TEST_STEP][PASSED] - Statement - If (java.lang.Integer.valueOf(StockQty) >= java.lang.Integer.valueOf(RequestedQty)): null

2018-05-15 17:15:58 - [TEST_STEP][PASSED] - setText: Text '10' is set on object 'Object Repository/PharmacyRequest/Page_Store/input_txtqty'

2018-05-15 17:15:58 - [MESSAGE][PASSED] - Text '10' is set on object 'Object Repository/PharmacyRequest/Page_Store/input_txtqty'

2018-05-15 17:15:58 - [TEST_STEP][PASSED] - click: Object: 'Object Repository/PharmacyRequest/Page_Store/button_Add' is clicked on

2018-05-15 17:15:58 - [MESSAGE][PASSED] - Object: 'Object Repository/PharmacyRequest/Page_Store/button_Add' is clicked on

2018-05-15 17:15:58 - [TEST_STEP][PASSED] - Statement - Break: null

2018-05-15 17:15:58 - [TEST_STEP][PASSED] - selectOptionByIndex: All options with index in [10] are selected on object 'Object Repository/PharmacyRequest/Page_Store/select_--Select--Amlodepin -5'

2018-05-15 17:15:58 - [MESSAGE][PASSED] - All options with index in [10] are selected on object 'Object Repository/PharmacyRequest/Page_Store/select_--Select--Amlodepin -5'

2018-05-15 17:15:58 - [TEST_STEP][PASSED] - delay: Delayed 1 second(s)

2018-05-15 17:15:59 - [MESSAGE][PASSED] - Delayed 1 second(s)

2018-05-15 17:15:59 - [TEST_STEP][PASSED] - Statement - RequestedQty = com.kms.katalon.core.webui.keyword.WebUiBuiltInKeywords.getAttribute(com.kms.katalon.core.testobject.ObjectRepository.findTestObject(PharmacyRequest/Page_Store/input_txttotal), "value"): Attribute 'value' of object 'Object Repository/PharmacyRequest/Page_Store/input_txttotal' is: '10'

2018-05-15 17:15:59 - [MESSAGE][PASSED] - Attribute 'value' of object 'Object Repository/PharmacyRequest/Page_Store/input_txttotal' is: '10'

2018-05-15 17:15:59 - [TEST_STEP][PASSED] - Statement - out.println("Requested QTY : " + RequestedQty): null

2018-05-15 17:15:59 - [TEST_STEP][PASSED] - Statement - BatchNumber = com.kms.katalon.core.webui.keyword.WebUiBuiltInKeywords.getNumberOfTotalOption(com.kms.katalon.core.testobject.ObjectRepository.findTestObject(PharmacyRequest/Page_Store/select_--Select--BA50)): 2 options of object 'Object Repository/PharmacyRequest/Page_Store/select_--Select--BA50' counted

2018-05-15 17:15:59 - [MESSAGE][PASSED] - 2 options of object 'Object Repository/PharmacyRequest/Page_Store/select_--Select--BA50' counted

2018-05-15 17:15:59 - [TEST_STEP][PASSED] - Statement - For ([g = 1, g <= BatchNumber - 1, (g++)]): null

2018-05-15 17:15:59 - [TEST_STEP][PASSED] - selectOptionByIndex: All options with index in [1] are selected on object 'Object Repository/PharmacyRequest/Page_Store/select_--Select--BA50'

2018-05-15 17:15:59 - [MESSAGE][PASSED] - All options with index in [1] are selected on object 'Object Repository/PharmacyRequest/Page_Store/select_--Select--BA50'

2018-05-15 17:15:59 - [TEST_STEP][PASSED] - delay: Delayed 1 second(s)

2018-05-15 17:16:00 - [MESSAGE][PASSED] - Delayed 1 second(s)

2018-05-15 17:16:00 - [TEST_STEP][PASSED] - Statement - StockQty = com.kms.katalon.core.webui.keyword.WebUiBuiltInKeywords.getAttribute(com.kms.katalon.core.testobject.ObjectRepository.findTestObject(PharmacyRequest/Page_Store/input_txtprice), "value"): Attribute 'value' of object 'Object Repository/PharmacyRequest/Page_Store/input_txtprice' is: '1995'

2018-05-15 17:16:00 - [MESSAGE][PASSED] - Attribute 'value' of object 'Object Repository/PharmacyRequest/Page_Store/input_txtprice' is: '1995'

2018-05-15 17:16:00 - [TEST_STEP][PASSED] - Statement - out.println("Stock QTY : " + StockQty): null

2018-05-15 17:16:00 - [TEST_STEP][PASSED] - delay: Delayed 1 second(s)

2018-05-15 17:16:01 - [MESSAGE][PASSED] - Delayed 1 second(s)

2018-05-15 17:16:01 - [TEST_STEP][PASSED] - Statement - If (java.lang.Integer.valueOf(StockQty) >= java.lang.Integer.valueOf(RequestedQty)): null

2018-05-15 17:16:01 - [TEST_STEP][PASSED] - setText: Text '10' is set on object 'Object Repository/PharmacyRequest/Page_Store/input_txtqty'

2018-05-15 17:16:02 - [MESSAGE][PASSED] - Text '10' is set on object 'Object Repository/PharmacyRequest/Page_Store/input_txtqty'

2018-05-15 17:16:02 - [TEST_STEP][PASSED] - click: Object: 'Object Repository/PharmacyRequest/Page_Store/button_Add' is clicked on

2018-05-15 17:16:02 - [MESSAGE][PASSED] - Object: 'Object Repository/PharmacyRequest/Page_Store/button_Add' is clicked on

2018-05-15 17:16:02 - [TEST_STEP][PASSED] - Statement - Break: null

2018-05-15 17:16:02 - [TEST_STEP][PASSED] - selectOptionByIndex: All options with index in [11] are selected on object 'Object Repository/PharmacyRequest/Page_Store/select_--Select--Amlodepin -5'

2018-05-15 17:16:02 - [MESSAGE][PASSED] - All options with index in [11] are selected on object 'Object Repository/PharmacyRequest/Page_Store/select_--Select--Amlodepin -5'

2018-05-15 17:16:02 - [TEST_STEP][PASSED] - delay: Delayed 1 second(s)

2018-05-15 17:16:03 - [MESSAGE][PASSED] - Delayed 1 second(s)

2018-05-15 17:16:03 - [TEST_STEP][PASSED] - Statement - RequestedQty = com.kms.katalon.core.webui.keyword.WebUiBuiltInKeywords.getAttribute(com.kms.katalon.core.testobject.ObjectRepository.findTestObject(PharmacyRequest/Page_Store/input_txttotal), "value"): Attribute 'value' of object 'Object Repository/PharmacyRequest/Page_Store/input_txttotal' is: '10'

2018-05-15 17:16:03 - [MESSAGE][PASSED] - Attribute 'value' of object 'Object Repository/PharmacyRequest/Page_Store/input_txttotal' is: '10'

2018-05-15 17:16:03 - [TEST_STEP][PASSED] - Statement - out.println("Requested QTY : " + RequestedQty): null

2018-05-15 17:16:03 - [TEST_STEP][PASSED] - Statement - BatchNumber = com.kms.katalon.core.webui.keyword.WebUiBuiltInKeywords.getNumberOfTotalOption(com.kms.katalon.core.testobject.ObjectRepository.findTestObject(PharmacyRequest/Page_Store/select_--Select--BA50)): 2 options of object 'Object Repository/PharmacyRequest/Page_Store/select_--Select--BA50' counted

2018-05-15 17:16:03 - [MESSAGE][PASSED] - 2 options of object 'Object Repository/PharmacyRequest/Page_Store/select_--Select--BA50' counted

2018-05-15 17:16:03 - [TEST_STEP][PASSED] - Statement - For ([g = 1, g <= BatchNumber - 1, (g++)]): null

2018-05-15 17:16:03 - [TEST_STEP][PASSED] - selectOptionByIndex: All options with index in [1] are selected on object 'Object Repository/PharmacyRequest/Page_Store/select_--Select--BA50'

2018-05-15 17:16:03 - [MESSAGE][PASSED] - All options with index in [1] are selected on object 'Object Repository/PharmacyRequest/Page_Store/select_--Select--BA50'

2018-05-15 17:16:03 - [TEST_STEP][PASSED] - delay: Delayed 1 second(s)

2018-05-15 17:16:04 - [MESSAGE][PASSED] - Delayed 1 second(s)

2018-05-15 17:16:04 - [TEST_STEP][PASSED] - Statement - StockQty = com.kms.katalon.core.webui.keyword.WebUiBuiltInKeywords.getAttribute(com.kms.katalon.core.testobject.ObjectRepository.findTestObject(PharmacyRequest/Page_Store/input_txtprice), "value"): Attribute 'value' of object 'Object Repository/PharmacyRequest/Page_Store/input_txtprice' is: '1939'

2018-05-15 17:16:04 - [MESSAGE][PASSED] - Attribute 'value' of object 'Object Repository/PharmacyRequest/Page_Store/input_txtprice' is: '1939'

2018-05-15 17:16:04 - [TEST_STEP][PASSED] - Statement - out.println("Stock QTY : " + StockQty): null

2018-05-15 17:16:04 - [TEST_STEP][PASSED] - delay: Delayed 1 second(s)

2018-05-15 17:16:05 - [MESSAGE][PASSED] - Delayed 1 second(s)

2018-05-15 17:16:05 - [TEST_STEP][PASSED] - Statement - If (java.lang.Integer.valueOf(StockQty) >= java.lang.Integer.valueOf(RequestedQty)): null

2018-05-15 17:16:05 - [TEST_STEP][PASSED] - setText: Text '10' is set on object 'Object Repository/PharmacyRequest/Page_Store/input_txtqty'

2018-05-15 17:16:05 - [MESSAGE][PASSED] - Text '10' is set on object 'Object Repository/PharmacyRequest/Page_Store/input_txtqty'

2018-05-15 17:16:05 - [TEST_STEP][PASSED] - click: Object: 'Object Repository/PharmacyRequest/Page_Store/button_Add' is clicked on

2018-05-15 17:16:05 - [MESSAGE][PASSED] - Object: 'Object Repository/PharmacyRequest/Page_Store/button_Add' is clicked on

2018-05-15 17:16:05 - [TEST_STEP][PASSED] - Statement - Break: null

2018-05-15 17:16:05 - [TEST_STEP][PASSED] - selectOptionByIndex: All options with index in [12] are selected on object 'Object Repository/PharmacyRequest/Page_Store/select_--Select--Amlodepin -5'

2018-05-15 17:16:05 - [MESSAGE][PASSED] - All options with index in [12] are selected on object 'Object Repository/PharmacyRequest/Page_Store/select_--Select--Amlodepin -5'

2018-05-15 17:16:05 - [TEST_STEP][PASSED] - delay: Delayed 1 second(s)

2018-05-15 17:16:06 - [MESSAGE][PASSED] - Delayed 1 second(s)

2018-05-15 17:16:06 - [TEST_STEP][PASSED] - Statement - RequestedQty = com.kms.katalon.core.webui.keyword.WebUiBuiltInKeywords.getAttribute(com.kms.katalon.core.testobject.ObjectRepository.findTestObject(PharmacyRequest/Page_Store/input_txttotal), "value"): Attribute 'value' of object 'Object Repository/PharmacyRequest/Page_Store/input_txttotal' is: '10'

2018-05-15 17:16:07 - [MESSAGE][PASSED] - Attribute 'value' of object 'Object Repository/PharmacyRequest/Page_Store/input_txttotal' is: '10'

2018-05-15 17:16:07 - [TEST_STEP][PASSED] - Statement - out.println("Requested QTY : " + RequestedQty): null

2018-05-15 17:16:07 - [TEST_STEP][PASSED] - Statement - BatchNumber = com.kms.katalon.core.webui.keyword.WebUiBuiltInKeywords.getNumberOfTotalOption(com.kms.katalon.core.testobject.ObjectRepository.findTestObject(PharmacyRequest/Page_Store/select_--Select--BA50)): 2 options of object 'Object Repository/PharmacyRequest/Page_Store/select_--Select--BA50' counted

2018-05-15 17:16:07 - [MESSAGE][PASSED] - 2 options of object 'Object Repository/PharmacyRequest/Page_Store/select_--Select--BA50' counted

2018-05-15 17:16:07 - [TEST_STEP][PASSED] - Statement - For ([g = 1, g <= BatchNumber - 1, (g++)]): null

2018-05-15 17:16:07 - [TEST_STEP][PASSED] - selectOptionByIndex: All options with index in [1] are selected on object 'Object Repository/PharmacyRequest/Page_Store/select_--Select--BA50'

2018-05-15 17:16:07 - [MESSAGE][PASSED] - All options with index in [1] are selected on object 'Object Repository/PharmacyRequest/Page_Store/select_--Select--BA50'

2018-05-15 17:16:07 - [TEST_STEP][PASSED] - delay: Delayed 1 second(s)

2018-05-15 17:16:08 - [MESSAGE][PASSED] - Delayed 1 second(s)

2018-05-15 17:16:08 - [TEST_STEP][PASSED] - Statement - StockQty = com.kms.katalon.core.webui.keyword.WebUiBuiltInKeywords.getAttribute(com.kms.katalon.core.testobject.ObjectRepository.findTestObject(PharmacyRequest/Page_Store/input_txtprice), "value"): Attribute 'value' of object 'Object Repository/PharmacyRequest/Page_Store/input_txtprice' is: '1970'

2018-05-15 17:16:08 - [MESSAGE][PASSED] - Attribute 'value' of object 'Object Repository/PharmacyRequest/Page_Store/input_txtprice' is: '1970'

2018-05-15 17:16:08 - [TEST_STEP][PASSED] - Statement - out.println("Stock QTY : " + StockQty): null

2018-05-15 17:16:08 - [TEST_STEP][PASSED] - delay: Delayed 1 second(s)

2018-05-15 17:16:09 - [MESSAGE][PASSED] - Delayed 1 second(s)

2018-05-15 17:16:09 - [TEST_STEP][PASSED] - Statement - If (java.lang.Integer.valueOf(StockQty) >= java.lang.Integer.valueOf(RequestedQty)): null

2018-05-15 17:16:09 - [TEST_STEP][PASSED] - setText: Text '10' is set on object 'Object Repository/PharmacyRequest/Page_Store/input_txtqty'

2018-05-15 17:16:09 - [MESSAGE][PASSED] - Text '10' is set on object 'Object Repository/PharmacyRequest/Page_Store/input_txtqty'

2018-05-15 17:16:09 - [TEST_STEP][PASSED] - click: Object: 'Object Repository/PharmacyRequest/Page_Store/button_Add' is clicked on

2018-05-15 17:16:09 - [MESSAGE][PASSED] - Object: 'Object Repository/PharmacyRequest/Page_Store/button_Add' is clicked on

2018-05-15 17:16:09 - [TEST_STEP][PASSED] - Statement - Break: null

2018-05-15 17:16:09 - [TEST_STEP][PASSED] - selectOptionByIndex: All options with index in [13] are selected on object 'Object Repository/PharmacyRequest/Page_Store/select_--Select--Amlodepin -5'

2018-05-15 17:16:09 - [MESSAGE][PASSED] - All options with index in [13] are selected on object 'Object Repository/PharmacyRequest/Page_Store/select_--Select--Amlodepin -5'

2018-05-15 17:16:09 - [TEST_STEP][PASSED] - delay: Delayed 1 second(s)

2018-05-15 17:16:10 - [MESSAGE][PASSED] - Delayed 1 second(s)

2018-05-15 17:16:10 - [TEST_STEP][PASSED] - Statement - RequestedQty = com.kms.katalon.core.webui.keyword.WebUiBuiltInKeywords.getAttribute(com.kms.katalon.core.testobject.ObjectRepository.findTestObject(PharmacyRequest/Page_Store/input_txttotal), "value"): Attribute 'value' of object 'Object Repository/PharmacyRequest/Page_Store/input_txttotal' is: '10'

2018-05-15 17:16:10 - [MESSAGE][PASSED] - Attribute 'value' of object 'Object Repository/PharmacyRequest/Page_Store/input_txttotal' is: '10'

2018-05-15 17:16:10 - [TEST_STEP][PASSED] - Statement - out.println("Requested QTY : " + RequestedQty): null

2018-05-15 17:16:10 - [TEST_STEP][PASSED] - Statement - BatchNumber = com.kms.katalon.core.webui.keyword.WebUiBuiltInKeywords.getNumberOfTotalOption(com.kms.katalon.core.testobject.ObjectRepository.findTestObject(PharmacyRequest/Page_Store/select_--Select--BA50)): 2 options of object 'Object Repository/PharmacyRequest/Page_Store/select_--Select--BA50' counted

2018-05-15 17:16:10 - [MESSAGE][PASSED] - 2 options of object 'Object Repository/PharmacyRequest/Page_Store/select_--Select--BA50' counted

2018-05-15 17:16:10 - [TEST_STEP][PASSED] - Statement - For ([g = 1, g <= BatchNumber - 1, (g++)]): null

2018-05-15 17:16:10 - [TEST_STEP][PASSED] - selectOptionByIndex: All options with index in [1] are selected on object 'Object Repository/PharmacyRequest/Page_Store/select_--Select--BA50'

2018-05-15 17:16:10 - [MESSAGE][PASSED] - All options with index in [1] are selected on object 'Object Repository/PharmacyRequest/Page_Store/select_--Select--BA50'

2018-05-15 17:16:10 - [TEST_STEP][PASSED] - delay: Delayed 1 second(s)

2018-05-15 17:16:11 - [MESSAGE][PASSED] - Delayed 1 second(s)

2018-05-15 17:16:11 - [TEST_STEP][PASSED] - Statement - StockQty = com.kms.katalon.core.webui.keyword.WebUiBuiltInKeywords.getAttribute(com.kms.katalon.core.testobject.ObjectRepository.findTestObject(PharmacyRequest/Page_Store/input_txtprice), "value"): Attribute 'value' of object 'Object Repository/PharmacyRequest/Page_Store/input_txtprice' is: '1970'

2018-05-15 17:16:11 - [MESSAGE][PASSED] - Attribute 'value' of object 'Object Repository/PharmacyRequest/Page_Store/input_txtprice' is: '1970'

2018-05-15 17:16:11 - [TEST_STEP][PASSED] - Statement - out.println("Stock QTY : " + StockQty): null

2018-05-15 17:16:11 - [TEST_STEP][PASSED] - delay: Delayed 1 second(s)

2018-05-15 17:16:12 - [MESSAGE][PASSED] - Delayed 1 second(s)

2018-05-15 17:16:12 - [TEST_STEP][PASSED] - Statement - If (java.lang.Integer.valueOf(StockQty) >= java.lang.Integer.valueOf(RequestedQty)): null

2018-05-15 17:16:12 - [TEST_STEP][PASSED] - setText: Text '10' is set on object 'Object Repository/PharmacyRequest/Page_Store/input_txtqty'

2018-05-15 17:16:13 - [MESSAGE][PASSED] - Text '10' is set on object 'Object Repository/PharmacyRequest/Page_Store/input_txtqty'

2018-05-15 17:16:13 - [TEST_STEP][PASSED] - click: Object: 'Object Repository/PharmacyRequest/Page_Store/button_Add' is clicked on

2018-05-15 17:16:13 - [MESSAGE][PASSED] - Object: 'Object Repository/PharmacyRequest/Page_Store/button_Add' is clicked on

2018-05-15 17:16:13 - [TEST_STEP][PASSED] - Statement - Break: null

2018-05-15 17:16:13 - [TEST_STEP][PASSED] - selectOptionByIndex: All options with index in [14] are selected on object 'Object Repository/PharmacyRequest/Page_Store/select_--Select--Amlodepin -5'

2018-05-15 17:16:13 - [MESSAGE][PASSED] - All options with index in [14] are selected on object 'Object Repository/PharmacyRequest/Page_Store/select_--Select--Amlodepin -5'

2018-05-15 17:16:13 - [TEST_STEP][PASSED] - delay: Delayed 1 second(s)

2018-05-15 17:16:14 - [MESSAGE][PASSED] - Delayed 1 second(s)

2018-05-15 17:16:14 - [TEST_STEP][PASSED] - Statement - RequestedQty = com.kms.katalon.core.webui.keyword.WebUiBuiltInKeywords.getAttribute(com.kms.katalon.core.testobject.ObjectRepository.findTestObject(PharmacyRequest/Page_Store/input_txttotal), "value"): Attribute 'value' of object 'Object Repository/PharmacyRequest/Page_Store/input_txttotal' is: '10'

2018-05-15 17:16:14 - [MESSAGE][PASSED] - Attribute 'value' of object 'Object Repository/PharmacyRequest/Page_Store/input_txttotal' is: '10'

2018-05-15 17:16:14 - [TEST_STEP][PASSED] - Statement - out.println("Requested QTY : " + RequestedQty): null

2018-05-15 17:16:14 - [TEST_STEP][PASSED] - Statement - BatchNumber = com.kms.katalon.core.webui.keyword.WebUiBuiltInKeywords.getNumberOfTotalOption(com.kms.katalon.core.testobject.ObjectRepository.findTestObject(PharmacyRequest/Page_Store/select_--Select--BA50)): 2 options of object 'Object Repository/PharmacyRequest/Page_Store/select_--Select--BA50' counted

2018-05-15 17:16:14 - [MESSAGE][PASSED] - 2 options of object 'Object Repository/PharmacyRequest/Page_Store/select_--Select--BA50' counted

2018-05-15 17:16:14 - [TEST_STEP][PASSED] - Statement - For ([g = 1, g <= BatchNumber - 1, (g++)]): null

2018-05-15 17:16:14 - [TEST_STEP][PASSED] - selectOptionByIndex: All options with index in [1] are selected on object 'Object Repository/PharmacyRequest/Page_Store/select_--Select--BA50'

2018-05-15 17:16:14 - [MESSAGE][PASSED] - All options with index in [1] are selected on object 'Object Repository/PharmacyRequest/Page_Store/select_--Select--BA50'

2018-05-15 17:16:14 - [TEST_STEP][PASSED] - delay: Delayed 1 second(s)

2018-05-15 17:16:15 - [MESSAGE][PASSED] - Delayed 1 second(s)

2018-05-15 17:16:15 - [TEST_STEP][PASSED] - Statement - StockQty = com.kms.katalon.core.webui.keyword.WebUiBuiltInKeywords.getAttribute(com.kms.katalon.core.testobject.ObjectRepository.findTestObject(PharmacyRequest/Page_Store/input_txtprice), "value"): Attribute 'value' of object 'Object Repository/PharmacyRequest/Page_Store/input_txtprice' is: '1995'

2018-05-15 17:16:15 - [MESSAGE][PASSED] - Attribute 'value' of object 'Object Repository/PharmacyRequest/Page_Store/input_txtprice' is: '1995'

2018-05-15 17:16:15 - [TEST_STEP][PASSED] - Statement - out.println("Stock QTY : " + StockQty): null

2018-05-15 17:16:15 - [TEST_STEP][PASSED] - delay: Delayed 1 second(s)

2018-05-15 17:16:16 - [MESSAGE][PASSED] - Delayed 1 second(s)

2018-05-15 17:16:16 - [TEST_STEP][PASSED] - Statement - If (java.lang.Integer.valueOf(StockQty) >= java.lang.Integer.valueOf(RequestedQty)): null

2018-05-15 17:16:16 - [TEST_STEP][PASSED] - setText: Text '10' is set on object 'Object Repository/PharmacyRequest/Page_Store/input_txtqty'

2018-05-15 17:16:16 - [MESSAGE][PASSED] - Text '10' is set on object 'Object Repository/PharmacyRequest/Page_Store/input_txtqty'

2018-05-15 17:16:16 - [TEST_STEP][PASSED] - click: Object: 'Object Repository/PharmacyRequest/Page_Store/button_Add' is clicked on

2018-05-15 17:16:16 - [MESSAGE][PASSED] - Object: 'Object Repository/PharmacyRequest/Page_Store/button_Add' is clicked on

2018-05-15 17:16:16 - [TEST_STEP][PASSED] - Statement - Break: null

2018-05-15 17:16:16 - [TEST_STEP][PASSED] - selectOptionByIndex: All options with index in [15] are selected on object 'Object Repository/PharmacyRequest/Page_Store/select_--Select--Amlodepin -5'

2018-05-15 17:16:17 - [MESSAGE][PASSED] - All options with index in [15] are selected on object 'Object Repository/PharmacyRequest/Page_Store/select_--Select--Amlodepin -5'

2018-05-15 17:16:17 - [TEST_STEP][PASSED] - delay: Delayed 1 second(s)

2018-05-15 17:16:18 - [MESSAGE][PASSED] - Delayed 1 second(s)

2018-05-15 17:16:18 - [TEST_STEP][PASSED] - Statement - RequestedQty = com.kms.katalon.core.webui.keyword.WebUiBuiltInKeywords.getAttribute(com.kms.katalon.core.testobject.ObjectRepository.findTestObject(PharmacyRequest/Page_Store/input_txttotal), "value"): Attribute 'value' of object 'Object Repository/PharmacyRequest/Page_Store/input_txttotal' is: '10'

2018-05-15 17:16:18 - [MESSAGE][PASSED] - Attribute 'value' of object 'Object Repository/PharmacyRequest/Page_Store/input_txttotal' is: '10'

2018-05-15 17:16:18 - [TEST_STEP][PASSED] - Statement - out.println("Requested QTY : " + RequestedQty): null

2018-05-15 17:16:18 - [TEST_STEP][PASSED] - Statement - BatchNumber = com.kms.katalon.core.webui.keyword.WebUiBuiltInKeywords.getNumberOfTotalOption(com.kms.katalon.core.testobject.ObjectRepository.findTestObject(PharmacyRequest/Page_Store/select_--Select--BA50)): 2 options of object 'Object Repository/PharmacyRequest/Page_Store/select_--Select--BA50' counted

2018-05-15 17:16:18 - [MESSAGE][PASSED] - 2 options of object 'Object Repository/PharmacyRequest/Page_Store/select_--Select--BA50' counted

2018-05-15 17:16:18 - [TEST_STEP][PASSED] - Statement - For ([g = 1, g <= BatchNumber - 1, (g++)]): null

2018-05-15 17:16:18 - [TEST_STEP][PASSED] - selectOptionByIndex: All options with index in [1] are selected on object 'Object Repository/PharmacyRequest/Page_Store/select_--Select--BA50'

2018-05-15 17:16:18 - [MESSAGE][PASSED] - All options with index in [1] are selected on object 'Object Repository/PharmacyRequest/Page_Store/select_--Select--BA50'

2018-05-15 17:16:18 - [TEST_STEP][PASSED] - delay: Delayed 1 second(s)

2018-05-15 17:16:19 - [MESSAGE][PASSED] - Delayed 1 second(s)

2018-05-15 17:16:19 - [TEST_STEP][PASSED] - Statement - StockQty = com.kms.katalon.core.webui.keyword.WebUiBuiltInKeywords.getAttribute(com.kms.katalon.core.testobject.ObjectRepository.findTestObject(PharmacyRequest/Page_Store/input_txtprice), "value"): Attribute 'value' of object 'Object Repository/PharmacyRequest/Page_Store/input_txtprice' is: '1995'

2018-05-15 17:16:19 - [MESSAGE][PASSED] - Attribute 'value' of object 'Object Repository/PharmacyRequest/Page_Store/input_txtprice' is: '1995'

2018-05-15 17:16:19 - [TEST_STEP][PASSED] - Statement - out.println("Stock QTY : " + StockQty): null

2018-05-15 17:16:19 - [TEST_STEP][PASSED] - delay: Delayed 1 second(s)

2018-05-15 17:16:20 - [MESSAGE][PASSED] - Delayed 1 second(s)

2018-05-15 17:16:20 - [TEST_STEP][PASSED] - Statement - If (java.lang.Integer.valueOf(StockQty) >= java.lang.Integer.valueOf(RequestedQty)): null

2018-05-15 17:16:20 - [TEST_STEP][PASSED] - setText: Text '10' is set on object 'Object Repository/PharmacyRequest/Page_Store/input_txtqty'

2018-05-15 17:16:20 - [MESSAGE][PASSED] - Text '10' is set on object 'Object Repository/PharmacyRequest/Page_Store/input_txtqty'

2018-05-15 17:16:20 - [TEST_STEP][PASSED] - click: Object: 'Object Repository/PharmacyRequest/Page_Store/button_Add' is clicked on

2018-05-15 17:16:20 - [MESSAGE][PASSED] - Object: 'Object Repository/PharmacyRequest/Page_Store/button_Add' is clicked on

2018-05-15 17:16:20 - [TEST_STEP][PASSED] - Statement - Break: null

2018-05-15 17:16:20 - [TEST_STEP][PASSED] - selectOptionByIndex: All options with index in [16] are selected on object 'Object Repository/PharmacyRequest/Page_Store/select_--Select--Amlodepin -5'

2018-05-15 17:16:20 - [MESSAGE][PASSED] - All options with index in [16] are selected on object 'Object Repository/PharmacyRequest/Page_Store/select_--Select--Amlodepin -5'

2018-05-15 17:16:20 - [TEST_STEP][PASSED] - delay: Delayed 1 second(s)

2018-05-15 17:16:21 - [MESSAGE][PASSED] - Delayed 1 second(s)

2018-05-15 17:16:21 - [TEST_STEP][PASSED] - Statement - RequestedQty = com.kms.katalon.core.webui.keyword.WebUiBuiltInKeywords.getAttribute(com.kms.katalon.core.testobject.ObjectRepository.findTestObject(PharmacyRequest/Page_Store/input_txttotal), "value"): Attribute 'value' of object 'Object Repository/PharmacyRequest/Page_Store/input_txttotal' is: '10'

2018-05-15 17:16:21 - [MESSAGE][PASSED] - Attribute 'value' of object 'Object Repository/PharmacyRequest/Page_Store/input_txttotal' is: '10'

2018-05-15 17:16:21 - [TEST_STEP][PASSED] - Statement - out.println("Requested QTY : " + RequestedQty): null

2018-05-15 17:16:21 - [TEST_STEP][PASSED] - Statement - BatchNumber = com.kms.katalon.core.webui.keyword.WebUiBuiltInKeywords.getNumberOfTotalOption(com.kms.katalon.core.testobject.ObjectRepository.findTestObject(PharmacyRequest/Page_Store/select_--Select--BA50)): 2 options of object 'Object Repository/PharmacyRequest/Page_Store/select_--Select--BA50' counted

2018-05-15 17:16:21 - [MESSAGE][PASSED] - 2 options of object 'Object Repository/PharmacyRequest/Page_Store/select_--Select--BA50' counted

2018-05-15 17:16:21 - [TEST_STEP][PASSED] - Statement - For ([g = 1, g <= BatchNumber - 1, (g++)]): null

2018-05-15 17:16:21 - [TEST_STEP][PASSED] - selectOptionByIndex: All options with index in [1] are selected on object 'Object Repository/PharmacyRequest/Page_Store/select_--Select--BA50'

2018-05-15 17:16:21 - [MESSAGE][PASSED] - All options with index in [1] are selected on object 'Object Repository/PharmacyRequest/Page_Store/select_--Select--BA50'

2018-05-15 17:16:21 - [TEST_STEP][PASSED] - delay: Delayed 1 second(s)

2018-05-15 17:16:22 - [MESSAGE][PASSED] - Delayed 1 second(s)

2018-05-15 17:16:22 - [TEST_STEP][PASSED] - Statement - StockQty = com.kms.katalon.core.webui.keyword.WebUiBuiltInKeywords.getAttribute(com.kms.katalon.core.testobject.ObjectRepository.findTestObject(PharmacyRequest/Page_Store/input_txtprice), "value"): Attribute 'value' of object 'Object Repository/PharmacyRequest/Page_Store/input_txtprice' is: '10'

2018-05-15 17:16:22 - [MESSAGE][PASSED] - Attribute 'value' of object 'Object Repository/PharmacyRequest/Page_Store/input_txtprice' is: '10'

2018-05-15 17:16:22 - [TEST_STEP][PASSED] - Statement - out.println("Stock QTY : " + StockQty): null

2018-05-15 17:16:22 - [TEST_STEP][PASSED] - delay: Delayed 1 second(s)

2018-05-15 17:16:23 - [MESSAGE][PASSED] - Delayed 1 second(s)

2018-05-15 17:16:23 - [TEST_STEP][PASSED] - Statement - If (java.lang.Integer.valueOf(StockQty) >= java.lang.Integer.valueOf(RequestedQty)): null

2018-05-15 17:16:23 - [TEST_STEP][PASSED] - setText: Text '10' is set on object 'Object Repository/PharmacyRequest/Page_Store/input_txtqty'

2018-05-15 17:16:24 - [MESSAGE][PASSED] - Text '10' is set on object 'Object Repository/PharmacyRequest/Page_Store/input_txtqty'

2018-05-15 17:16:24 - [TEST_STEP][PASSED] - click: Object: 'Object Repository/PharmacyRequest/Page_Store/button_Add' is clicked on

2018-05-15 17:16:24 - [MESSAGE][PASSED] - Object: 'Object Repository/PharmacyRequest/Page_Store/button_Add' is clicked on

2018-05-15 17:16:24 - [TEST_STEP][PASSED] - Statement - Break: null

2018-05-15 17:16:24 - [TEST_STEP][PASSED] - scrollToElement: Scroll to object 'Object Repository/PharmacyRequest/Page_Store/input_btnSubmit' successfully

2018-05-15 17:16:24 - [MESSAGE][PASSED] - Scroll to object 'Object Repository/PharmacyRequest/Page_Store/input_btnSubmit' successfully

2018-05-15 17:16:24 - [TEST_STEP][PASSED] - click: Object: 'Object Repository/PharmacyRequest/Page_Store/input_btnSubmit' is clicked on

2018-05-15 17:16:24 - [MESSAGE][PASSED] - Object: 'Object Repository/PharmacyRequest/Page_Store/input_btnSubmit' is clicked on

2018-05-15 17:16:24 - [TEST_STEP][PASSED] - delay: Delayed 3 second(s)

2018-05-15 17:16:27 - [MESSAGE][PASSED] - Delayed 3 second(s)

2018-05-15 17:16:27 - [TEST_STEP][PASSED] - click: Object: 'Object Repository/PharmacyRequest/Page_Store/button_OK' is clicked on

2018-05-15 17:16:27 - [MESSAGE][PASSED] - Object: 'Object Repository/PharmacyRequest/Page_Store/button_OK' is clicked on

2018-05-15 17:16:27 - [TEST_STEP][PASSED] - delay: Delayed 3 second(s)

2018-05-15 17:16:30 - [MESSAGE][PASSED] - Delayed 3 second(s)

2018-05-15 17:16:30 - [TEST_STEP][PASSED] - click: Object: 'Object Repository/PharmacyRequest/Page_Store/a_dropdown-toggle' is clicked on

2018-05-15 17:16:30 - [MESSAGE][PASSED] - Object: 'Object Repository/PharmacyRequest/Page_Store/a_dropdown-toggle' is clicked on

2018-05-15 17:16:30 - [TEST_STEP][PASSED] - click: Object: 'Object Repository/PharmacyRequest/Page_Store/a_Sign out' is clicked on

2018-05-15 17:16:31 - [MESSAGE][PASSED] - Object: 'Object Repository/PharmacyRequest/Page_Store/a_Sign out' is clicked on

2018-05-15 17:16:31 - [TEST_STEP][PASSED] - closeBrowser: Browser is closed

2018-05-15 17:16:31 - [MESSAGE][PASSED] - Browser is closed

2018-05-15 17:16:31 - [TEST_STEP][PASSED] - Statement - out.println("Schedule 5 Pharmacy Request Are Working Successfully"): null]]></system-out>
         <system-err><![CDATA[]]></system-err>
      </testcase>
      <testcase name="Test Cases/PHARMACY TEST CASES/TC_PHAR_006 Verify Schedule 6 Pharmacy Request Are Working Successfully Or Not" classname="Test Cases/PHARMACY TEST CASES/TC_PHAR_006 Verify Schedule 6 Pharmacy Request Are Working Successfully Or Not" status="PASSED">
         <system-out><![CDATA[2018-05-15 17:16:31 - [TEST_CASE][PASSED] - Test Cases/PHARMACY TEST CASES/TC_PHAR_006 Verify Schedule 6 Pharmacy Request Are Working Successfully Or Not: Test Cases/PHARMACY TEST CASES/TC_PHAR_006 Verify Schedule 6 Pharmacy Request Are Working Successfully Or Not

2018-05-15 17:16:32 - [TEST_STEP][PASSED] - openBrowser: Browser is opened with url: ''

2018-05-15 17:16:34 - [MESSAGE][PASSED] - Browser is opened with url: ''

2018-05-15 17:16:34 - [TEST_STEP][PASSED] - Statement - out.println("Verify Schedule 6 Pharmacy Request Are Working Successfully Or Not"): null

2018-05-15 17:16:34 - [TEST_STEP][PASSED] - navigateToUrl: Navigate to 'http://192.168.137.1/multihospital_new/' successfully

2018-05-15 17:16:37 - [MESSAGE][PASSED] - Navigate to 'http://192.168.137.1/multihospital_new/' successfully

2018-05-15 17:16:37 - [TEST_STEP][PASSED] - maximizeWindow: Current window maximized

2018-05-15 17:16:38 - [MESSAGE][PASSED] - Current window maximized

2018-05-15 17:16:38 - [TEST_STEP][PASSED] - click: Object: 'Object Repository/PharmacyRequest/Page_KDMC/a_Pharmacy' is clicked on

2018-05-15 17:16:38 - [MESSAGE][PASSED] - Object: 'Object Repository/PharmacyRequest/Page_KDMC/a_Pharmacy' is clicked on

2018-05-15 17:16:38 - [TEST_STEP][PASSED] - setText: Text 'raja' is set on object 'Object Repository/PharmacyRequest/Page_Pharmacy login/input_txtusername'

2018-05-15 17:16:39 - [MESSAGE][PASSED] - Text 'raja' is set on object 'Object Repository/PharmacyRequest/Page_Pharmacy login/input_txtusername'

2018-05-15 17:16:39 - [TEST_STEP][PASSED] - setText: Text '123' is set on object 'Object Repository/PharmacyRequest/Page_Pharmacy login/input_txtpassword'

2018-05-15 17:16:39 - [MESSAGE][PASSED] - Text '123' is set on object 'Object Repository/PharmacyRequest/Page_Pharmacy login/input_txtpassword'

2018-05-15 17:16:39 - [TEST_STEP][PASSED] - delay: Delayed 3 second(s)

2018-05-15 17:16:42 - [MESSAGE][PASSED] - Delayed 3 second(s)

2018-05-15 17:16:42 - [TEST_STEP][PASSED] - click: Object: 'Object Repository/PharmacyRequest/Page_Pharmacy login/button_Sign in' is clicked on

2018-05-15 17:16:42 - [MESSAGE][PASSED] - Object: 'Object Repository/PharmacyRequest/Page_Pharmacy login/button_Sign in' is clicked on

2018-05-15 17:16:42 - [TEST_STEP][PASSED] - delay: Delayed 3 second(s)

2018-05-15 17:16:45 - [MESSAGE][PASSED] - Delayed 3 second(s)

2018-05-15 17:16:45 - [TEST_STEP][PASSED] - click: Object: 'Object Repository/PharmacyRequest/Page_KDMC - Pharmacy/a_Inventory' is clicked on

2018-05-15 17:16:47 - [MESSAGE][PASSED] - Object: 'Object Repository/PharmacyRequest/Page_KDMC - Pharmacy/a_Inventory' is clicked on

2018-05-15 17:16:47 - [TEST_STEP][PASSED] - delay: Delayed 3 second(s)

2018-05-15 17:16:50 - [MESSAGE][PASSED] - Delayed 3 second(s)

2018-05-15 17:16:50 - [TEST_STEP][PASSED] - click: Object: 'Object Repository/PharmacyRequest/Page_KDMC-Pharmacy/a_Store Request' is clicked on

2018-05-15 17:16:50 - [MESSAGE][PASSED] - Object: 'Object Repository/PharmacyRequest/Page_KDMC-Pharmacy/a_Store Request' is clicked on

2018-05-15 17:16:50 - [TEST_STEP][PASSED] - click: Object: 'Object Repository/PharmacyRequest/Page_KDMC-Pharmacy/a_Medicine Request' is clicked on

2018-05-15 17:16:51 - [MESSAGE][PASSED] - Object: 'Object Repository/PharmacyRequest/Page_KDMC-Pharmacy/a_Medicine Request' is clicked on

2018-05-15 17:16:51 - [TEST_STEP][PASSED] - selectOptionByIndex: All options with index in [6] are selected on object 'Object Repository/PharmacyRequest/Page_KDMC-Pharmacy/select_--Select--Schedule 1Inj'

2018-05-15 17:16:51 - [MESSAGE][PASSED] - All options with index in [6] are selected on object 'Object Repository/PharmacyRequest/Page_KDMC-Pharmacy/select_--Select--Schedule 1Inj'

2018-05-15 17:16:51 - [TEST_STEP][PASSED] - Statement - MedicineLength = com.kms.katalon.core.webui.keyword.WebUiBuiltInKeywords.getNumberOfTotalOption(com.kms.katalon.core.testobject.ObjectRepository.findTestObject(PharmacyRequest/Page_KDMC-Pharmacy/select_--Select--Albendazole)): 14 options of object 'Object Repository/PharmacyRequest/Page_KDMC-Pharmacy/select_--Select--Albendazole' counted

2018-05-15 17:16:51 - [MESSAGE][PASSED] - 14 options of object 'Object Repository/PharmacyRequest/Page_KDMC-Pharmacy/select_--Select--Albendazole' counted

2018-05-15 17:16:51 - [TEST_STEP][PASSED] - Statement - For ([l = 1, l <= MedicineLength - 1, (l++)]): Object: 'Object Repository/PharmacyRequest/Page_KDMC-Pharmacy/button_Add' is clicked on

2018-05-15 17:16:51 - [TEST_STEP][PASSED] - selectOptionByIndex: All options with index in [6] are selected on object 'Object Repository/PharmacyRequest/Page_KDMC-Pharmacy/select_--Select--Schedule 1Inj'

2018-05-15 17:16:51 - [MESSAGE][PASSED] - All options with index in [6] are selected on object 'Object Repository/PharmacyRequest/Page_KDMC-Pharmacy/select_--Select--Schedule 1Inj'

2018-05-15 17:16:51 - [TEST_STEP][PASSED] - selectOptionByIndex: All options with index in [1] are selected on object 'Object Repository/PharmacyRequest/Page_KDMC-Pharmacy/select_--Select--Albendazole'

2018-05-15 17:16:51 - [MESSAGE][PASSED] - All options with index in [1] are selected on object 'Object Repository/PharmacyRequest/Page_KDMC-Pharmacy/select_--Select--Albendazole'

2018-05-15 17:16:51 - [TEST_STEP][PASSED] - setText: Text '10' is set on object 'Object Repository/PharmacyRequest/Page_KDMC-Pharmacy/input_txttreat'

2018-05-15 17:16:51 - [MESSAGE][PASSED] - Text '10' is set on object 'Object Repository/PharmacyRequest/Page_KDMC-Pharmacy/input_txttreat'

2018-05-15 17:16:51 - [TEST_STEP][PASSED] - click: Object: 'Object Repository/PharmacyRequest/Page_KDMC-Pharmacy/button_Add' is clicked on

2018-05-15 17:16:51 - [MESSAGE][PASSED] - Object: 'Object Repository/PharmacyRequest/Page_KDMC-Pharmacy/button_Add' is clicked on

2018-05-15 17:16:51 - [TEST_STEP][PASSED] - selectOptionByIndex: All options with index in [6] are selected on object 'Object Repository/PharmacyRequest/Page_KDMC-Pharmacy/select_--Select--Schedule 1Inj'

2018-05-15 17:16:51 - [MESSAGE][PASSED] - All options with index in [6] are selected on object 'Object Repository/PharmacyRequest/Page_KDMC-Pharmacy/select_--Select--Schedule 1Inj'

2018-05-15 17:16:51 - [TEST_STEP][PASSED] - selectOptionByIndex: All options with index in [2] are selected on object 'Object Repository/PharmacyRequest/Page_KDMC-Pharmacy/select_--Select--Albendazole'

2018-05-15 17:16:52 - [MESSAGE][PASSED] - All options with index in [2] are selected on object 'Object Repository/PharmacyRequest/Page_KDMC-Pharmacy/select_--Select--Albendazole'

2018-05-15 17:16:52 - [TEST_STEP][PASSED] - setText: Text '10' is set on object 'Object Repository/PharmacyRequest/Page_KDMC-Pharmacy/input_txttreat'

2018-05-15 17:16:52 - [MESSAGE][PASSED] - Text '10' is set on object 'Object Repository/PharmacyRequest/Page_KDMC-Pharmacy/input_txttreat'

2018-05-15 17:16:52 - [TEST_STEP][PASSED] - click: Object: 'Object Repository/PharmacyRequest/Page_KDMC-Pharmacy/button_Add' is clicked on

2018-05-15 17:16:52 - [MESSAGE][PASSED] - Object: 'Object Repository/PharmacyRequest/Page_KDMC-Pharmacy/button_Add' is clicked on

2018-05-15 17:16:52 - [TEST_STEP][PASSED] - selectOptionByIndex: All options with index in [6] are selected on object 'Object Repository/PharmacyRequest/Page_KDMC-Pharmacy/select_--Select--Schedule 1Inj'

2018-05-15 17:16:52 - [MESSAGE][PASSED] - All options with index in [6] are selected on object 'Object Repository/PharmacyRequest/Page_KDMC-Pharmacy/select_--Select--Schedule 1Inj'

2018-05-15 17:16:52 - [TEST_STEP][PASSED] - selectOptionByIndex: All options with index in [3] are selected on object 'Object Repository/PharmacyRequest/Page_KDMC-Pharmacy/select_--Select--Albendazole'

2018-05-15 17:16:52 - [MESSAGE][PASSED] - All options with index in [3] are selected on object 'Object Repository/PharmacyRequest/Page_KDMC-Pharmacy/select_--Select--Albendazole'

2018-05-15 17:16:52 - [TEST_STEP][PASSED] - setText: Text '10' is set on object 'Object Repository/PharmacyRequest/Page_KDMC-Pharmacy/input_txttreat'

2018-05-15 17:16:52 - [MESSAGE][PASSED] - Text '10' is set on object 'Object Repository/PharmacyRequest/Page_KDMC-Pharmacy/input_txttreat'

2018-05-15 17:16:52 - [TEST_STEP][PASSED] - click: Object: 'Object Repository/PharmacyRequest/Page_KDMC-Pharmacy/button_Add' is clicked on

2018-05-15 17:16:52 - [MESSAGE][PASSED] - Object: 'Object Repository/PharmacyRequest/Page_KDMC-Pharmacy/button_Add' is clicked on

2018-05-15 17:16:52 - [TEST_STEP][PASSED] - selectOptionByIndex: All options with index in [6] are selected on object 'Object Repository/PharmacyRequest/Page_KDMC-Pharmacy/select_--Select--Schedule 1Inj'

2018-05-15 17:16:52 - [MESSAGE][PASSED] - All options with index in [6] are selected on object 'Object Repository/PharmacyRequest/Page_KDMC-Pharmacy/select_--Select--Schedule 1Inj'

2018-05-15 17:16:52 - [TEST_STEP][PASSED] - selectOptionByIndex: All options with index in [4] are selected on object 'Object Repository/PharmacyRequest/Page_KDMC-Pharmacy/select_--Select--Albendazole'

2018-05-15 17:16:52 - [MESSAGE][PASSED] - All options with index in [4] are selected on object 'Object Repository/PharmacyRequest/Page_KDMC-Pharmacy/select_--Select--Albendazole'

2018-05-15 17:16:52 - [TEST_STEP][PASSED] - setText: Text '10' is set on object 'Object Repository/PharmacyRequest/Page_KDMC-Pharmacy/input_txttreat'

2018-05-15 17:16:52 - [MESSAGE][PASSED] - Text '10' is set on object 'Object Repository/PharmacyRequest/Page_KDMC-Pharmacy/input_txttreat'

2018-05-15 17:16:52 - [TEST_STEP][PASSED] - click: Object: 'Object Repository/PharmacyRequest/Page_KDMC-Pharmacy/button_Add' is clicked on

2018-05-15 17:16:53 - [MESSAGE][PASSED] - Object: 'Object Repository/PharmacyRequest/Page_KDMC-Pharmacy/button_Add' is clicked on

2018-05-15 17:16:53 - [TEST_STEP][PASSED] - selectOptionByIndex: All options with index in [6] are selected on object 'Object Repository/PharmacyRequest/Page_KDMC-Pharmacy/select_--Select--Schedule 1Inj'

2018-05-15 17:16:53 - [MESSAGE][PASSED] - All options with index in [6] are selected on object 'Object Repository/PharmacyRequest/Page_KDMC-Pharmacy/select_--Select--Schedule 1Inj'

2018-05-15 17:16:53 - [TEST_STEP][PASSED] - selectOptionByIndex: All options with index in [5] are selected on object 'Object Repository/PharmacyRequest/Page_KDMC-Pharmacy/select_--Select--Albendazole'

2018-05-15 17:16:53 - [MESSAGE][PASSED] - All options with index in [5] are selected on object 'Object Repository/PharmacyRequest/Page_KDMC-Pharmacy/select_--Select--Albendazole'

2018-05-15 17:16:53 - [TEST_STEP][PASSED] - setText: Text '10' is set on object 'Object Repository/PharmacyRequest/Page_KDMC-Pharmacy/input_txttreat'

2018-05-15 17:16:53 - [MESSAGE][PASSED] - Text '10' is set on object 'Object Repository/PharmacyRequest/Page_KDMC-Pharmacy/input_txttreat'

2018-05-15 17:16:53 - [TEST_STEP][PASSED] - click: Object: 'Object Repository/PharmacyRequest/Page_KDMC-Pharmacy/button_Add' is clicked on

2018-05-15 17:16:53 - [MESSAGE][PASSED] - Object: 'Object Repository/PharmacyRequest/Page_KDMC-Pharmacy/button_Add' is clicked on

2018-05-15 17:16:53 - [TEST_STEP][PASSED] - selectOptionByIndex: All options with index in [6] are selected on object 'Object Repository/PharmacyRequest/Page_KDMC-Pharmacy/select_--Select--Schedule 1Inj'

2018-05-15 17:16:53 - [MESSAGE][PASSED] - All options with index in [6] are selected on object 'Object Repository/PharmacyRequest/Page_KDMC-Pharmacy/select_--Select--Schedule 1Inj'

2018-05-15 17:16:53 - [TEST_STEP][PASSED] - selectOptionByIndex: All options with index in [6] are selected on object 'Object Repository/PharmacyRequest/Page_KDMC-Pharmacy/select_--Select--Albendazole'

2018-05-15 17:16:53 - [MESSAGE][PASSED] - All options with index in [6] are selected on object 'Object Repository/PharmacyRequest/Page_KDMC-Pharmacy/select_--Select--Albendazole'

2018-05-15 17:16:53 - [TEST_STEP][PASSED] - setText: Text '10' is set on object 'Object Repository/PharmacyRequest/Page_KDMC-Pharmacy/input_txttreat'

2018-05-15 17:16:53 - [MESSAGE][PASSED] - Text '10' is set on object 'Object Repository/PharmacyRequest/Page_KDMC-Pharmacy/input_txttreat'

2018-05-15 17:16:53 - [TEST_STEP][PASSED] - click: Object: 'Object Repository/PharmacyRequest/Page_KDMC-Pharmacy/button_Add' is clicked on

2018-05-15 17:16:53 - [MESSAGE][PASSED] - Object: 'Object Repository/PharmacyRequest/Page_KDMC-Pharmacy/button_Add' is clicked on

2018-05-15 17:16:53 - [TEST_STEP][PASSED] - selectOptionByIndex: All options with index in [6] are selected on object 'Object Repository/PharmacyRequest/Page_KDMC-Pharmacy/select_--Select--Schedule 1Inj'

2018-05-15 17:16:54 - [MESSAGE][PASSED] - All options with index in [6] are selected on object 'Object Repository/PharmacyRequest/Page_KDMC-Pharmacy/select_--Select--Schedule 1Inj'

2018-05-15 17:16:54 - [TEST_STEP][PASSED] - selectOptionByIndex: All options with index in [7] are selected on object 'Object Repository/PharmacyRequest/Page_KDMC-Pharmacy/select_--Select--Albendazole'

2018-05-15 17:16:54 - [MESSAGE][PASSED] - All options with index in [7] are selected on object 'Object Repository/PharmacyRequest/Page_KDMC-Pharmacy/select_--Select--Albendazole'

2018-05-15 17:16:54 - [TEST_STEP][PASSED] - setText: Text '10' is set on object 'Object Repository/PharmacyRequest/Page_KDMC-Pharmacy/input_txttreat'

2018-05-15 17:16:54 - [MESSAGE][PASSED] - Text '10' is set on object 'Object Repository/PharmacyRequest/Page_KDMC-Pharmacy/input_txttreat'

2018-05-15 17:16:54 - [TEST_STEP][PASSED] - click: Object: 'Object Repository/PharmacyRequest/Page_KDMC-Pharmacy/button_Add' is clicked on

2018-05-15 17:16:54 - [MESSAGE][PASSED] - Object: 'Object Repository/PharmacyRequest/Page_KDMC-Pharmacy/button_Add' is clicked on

2018-05-15 17:16:54 - [TEST_STEP][PASSED] - selectOptionByIndex: All options with index in [6] are selected on object 'Object Repository/PharmacyRequest/Page_KDMC-Pharmacy/select_--Select--Schedule 1Inj'

2018-05-15 17:16:54 - [MESSAGE][PASSED] - All options with index in [6] are selected on object 'Object Repository/PharmacyRequest/Page_KDMC-Pharmacy/select_--Select--Schedule 1Inj'

2018-05-15 17:16:54 - [TEST_STEP][PASSED] - selectOptionByIndex: All options with index in [8] are selected on object 'Object Repository/PharmacyRequest/Page_KDMC-Pharmacy/select_--Select--Albendazole'

2018-05-15 17:16:54 - [MESSAGE][PASSED] - All options with index in [8] are selected on object 'Object Repository/PharmacyRequest/Page_KDMC-Pharmacy/select_--Select--Albendazole'

2018-05-15 17:16:54 - [TEST_STEP][PASSED] - setText: Text '10' is set on object 'Object Repository/PharmacyRequest/Page_KDMC-Pharmacy/input_txttreat'

2018-05-15 17:16:54 - [MESSAGE][PASSED] - Text '10' is set on object 'Object Repository/PharmacyRequest/Page_KDMC-Pharmacy/input_txttreat'

2018-05-15 17:16:54 - [TEST_STEP][PASSED] - click: Object: 'Object Repository/PharmacyRequest/Page_KDMC-Pharmacy/button_Add' is clicked on

2018-05-15 17:16:54 - [MESSAGE][PASSED] - Object: 'Object Repository/PharmacyRequest/Page_KDMC-Pharmacy/button_Add' is clicked on

2018-05-15 17:16:54 - [TEST_STEP][PASSED] - selectOptionByIndex: All options with index in [6] are selected on object 'Object Repository/PharmacyRequest/Page_KDMC-Pharmacy/select_--Select--Schedule 1Inj'

2018-05-15 17:16:54 - [MESSAGE][PASSED] - All options with index in [6] are selected on object 'Object Repository/PharmacyRequest/Page_KDMC-Pharmacy/select_--Select--Schedule 1Inj'

2018-05-15 17:16:54 - [TEST_STEP][PASSED] - selectOptionByIndex: All options with index in [9] are selected on object 'Object Repository/PharmacyRequest/Page_KDMC-Pharmacy/select_--Select--Albendazole'

2018-05-15 17:16:55 - [MESSAGE][PASSED] - All options with index in [9] are selected on object 'Object Repository/PharmacyRequest/Page_KDMC-Pharmacy/select_--Select--Albendazole'

2018-05-15 17:16:55 - [TEST_STEP][PASSED] - setText: Text '10' is set on object 'Object Repository/PharmacyRequest/Page_KDMC-Pharmacy/input_txttreat'

2018-05-15 17:16:55 - [MESSAGE][PASSED] - Text '10' is set on object 'Object Repository/PharmacyRequest/Page_KDMC-Pharmacy/input_txttreat'

2018-05-15 17:16:55 - [TEST_STEP][PASSED] - click: Object: 'Object Repository/PharmacyRequest/Page_KDMC-Pharmacy/button_Add' is clicked on

2018-05-15 17:16:55 - [MESSAGE][PASSED] - Object: 'Object Repository/PharmacyRequest/Page_KDMC-Pharmacy/button_Add' is clicked on

2018-05-15 17:16:55 - [TEST_STEP][PASSED] - selectOptionByIndex: All options with index in [6] are selected on object 'Object Repository/PharmacyRequest/Page_KDMC-Pharmacy/select_--Select--Schedule 1Inj'

2018-05-15 17:16:55 - [MESSAGE][PASSED] - All options with index in [6] are selected on object 'Object Repository/PharmacyRequest/Page_KDMC-Pharmacy/select_--Select--Schedule 1Inj'

2018-05-15 17:16:55 - [TEST_STEP][PASSED] - selectOptionByIndex: All options with index in [10] are selected on object 'Object Repository/PharmacyRequest/Page_KDMC-Pharmacy/select_--Select--Albendazole'

2018-05-15 17:16:55 - [MESSAGE][PASSED] - All options with index in [10] are selected on object 'Object Repository/PharmacyRequest/Page_KDMC-Pharmacy/select_--Select--Albendazole'

2018-05-15 17:16:55 - [TEST_STEP][PASSED] - setText: Text '10' is set on object 'Object Repository/PharmacyRequest/Page_KDMC-Pharmacy/input_txttreat'

2018-05-15 17:16:55 - [MESSAGE][PASSED] - Text '10' is set on object 'Object Repository/PharmacyRequest/Page_KDMC-Pharmacy/input_txttreat'

2018-05-15 17:16:55 - [TEST_STEP][PASSED] - click: Object: 'Object Repository/PharmacyRequest/Page_KDMC-Pharmacy/button_Add' is clicked on

2018-05-15 17:16:55 - [MESSAGE][PASSED] - Object: 'Object Repository/PharmacyRequest/Page_KDMC-Pharmacy/button_Add' is clicked on

2018-05-15 17:16:55 - [TEST_STEP][PASSED] - selectOptionByIndex: All options with index in [6] are selected on object 'Object Repository/PharmacyRequest/Page_KDMC-Pharmacy/select_--Select--Schedule 1Inj'

2018-05-15 17:16:55 - [MESSAGE][PASSED] - All options with index in [6] are selected on object 'Object Repository/PharmacyRequest/Page_KDMC-Pharmacy/select_--Select--Schedule 1Inj'

2018-05-15 17:16:55 - [TEST_STEP][PASSED] - selectOptionByIndex: All options with index in [11] are selected on object 'Object Repository/PharmacyRequest/Page_KDMC-Pharmacy/select_--Select--Albendazole'

2018-05-15 17:16:56 - [MESSAGE][PASSED] - All options with index in [11] are selected on object 'Object Repository/PharmacyRequest/Page_KDMC-Pharmacy/select_--Select--Albendazole'

2018-05-15 17:16:56 - [TEST_STEP][PASSED] - setText: Text '10' is set on object 'Object Repository/PharmacyRequest/Page_KDMC-Pharmacy/input_txttreat'

2018-05-15 17:16:56 - [MESSAGE][PASSED] - Text '10' is set on object 'Object Repository/PharmacyRequest/Page_KDMC-Pharmacy/input_txttreat'

2018-05-15 17:16:56 - [TEST_STEP][PASSED] - click: Object: 'Object Repository/PharmacyRequest/Page_KDMC-Pharmacy/button_Add' is clicked on

2018-05-15 17:16:56 - [MESSAGE][PASSED] - Object: 'Object Repository/PharmacyRequest/Page_KDMC-Pharmacy/button_Add' is clicked on

2018-05-15 17:16:56 - [TEST_STEP][PASSED] - selectOptionByIndex: All options with index in [6] are selected on object 'Object Repository/PharmacyRequest/Page_KDMC-Pharmacy/select_--Select--Schedule 1Inj'

2018-05-15 17:16:56 - [MESSAGE][PASSED] - All options with index in [6] are selected on object 'Object Repository/PharmacyRequest/Page_KDMC-Pharmacy/select_--Select--Schedule 1Inj'

2018-05-15 17:16:56 - [TEST_STEP][PASSED] - selectOptionByIndex: All options with index in [12] are selected on object 'Object Repository/PharmacyRequest/Page_KDMC-Pharmacy/select_--Select--Albendazole'

2018-05-15 17:16:56 - [MESSAGE][PASSED] - All options with index in [12] are selected on object 'Object Repository/PharmacyRequest/Page_KDMC-Pharmacy/select_--Select--Albendazole'

2018-05-15 17:16:56 - [TEST_STEP][PASSED] - setText: Text '10' is set on object 'Object Repository/PharmacyRequest/Page_KDMC-Pharmacy/input_txttreat'

2018-05-15 17:16:56 - [MESSAGE][PASSED] - Text '10' is set on object 'Object Repository/PharmacyRequest/Page_KDMC-Pharmacy/input_txttreat'

2018-05-15 17:16:56 - [TEST_STEP][PASSED] - click: Object: 'Object Repository/PharmacyRequest/Page_KDMC-Pharmacy/button_Add' is clicked on

2018-05-15 17:16:56 - [MESSAGE][PASSED] - Object: 'Object Repository/PharmacyRequest/Page_KDMC-Pharmacy/button_Add' is clicked on

2018-05-15 17:16:56 - [TEST_STEP][PASSED] - selectOptionByIndex: All options with index in [6] are selected on object 'Object Repository/PharmacyRequest/Page_KDMC-Pharmacy/select_--Select--Schedule 1Inj'

2018-05-15 17:16:56 - [MESSAGE][PASSED] - All options with index in [6] are selected on object 'Object Repository/PharmacyRequest/Page_KDMC-Pharmacy/select_--Select--Schedule 1Inj'

2018-05-15 17:16:56 - [TEST_STEP][PASSED] - selectOptionByIndex: All options with index in [13] are selected on object 'Object Repository/PharmacyRequest/Page_KDMC-Pharmacy/select_--Select--Albendazole'

2018-05-15 17:16:57 - [MESSAGE][PASSED] - All options with index in [13] are selected on object 'Object Repository/PharmacyRequest/Page_KDMC-Pharmacy/select_--Select--Albendazole'

2018-05-15 17:16:57 - [TEST_STEP][PASSED] - setText: Text '10' is set on object 'Object Repository/PharmacyRequest/Page_KDMC-Pharmacy/input_txttreat'

2018-05-15 17:16:57 - [MESSAGE][PASSED] - Text '10' is set on object 'Object Repository/PharmacyRequest/Page_KDMC-Pharmacy/input_txttreat'

2018-05-15 17:16:57 - [TEST_STEP][PASSED] - click: Object: 'Object Repository/PharmacyRequest/Page_KDMC-Pharmacy/button_Add' is clicked on

2018-05-15 17:16:57 - [MESSAGE][PASSED] - Object: 'Object Repository/PharmacyRequest/Page_KDMC-Pharmacy/button_Add' is clicked on

2018-05-15 17:16:57 - [TEST_STEP][PASSED] - Statement - RN1 = com.kms.katalon.core.webui.keyword.WebUiBuiltInKeywords.getAttribute(com.kms.katalon.core.testobject.ObjectRepository.findTestObject(PharmacyRequest/Page_KDMC-Pharmacy/input_txtno), "value"): Attribute 'value' of object 'Object Repository/PharmacyRequest/Page_KDMC-Pharmacy/input_txtno' is: 'PRNO/15052018/124'

2018-05-15 17:16:57 - [MESSAGE][PASSED] - Attribute 'value' of object 'Object Repository/PharmacyRequest/Page_KDMC-Pharmacy/input_txtno' is: 'PRNO/15052018/124'

2018-05-15 17:16:57 - [TEST_STEP][PASSED] - Statement - out.println(RN1): null

2018-05-15 17:16:57 - [TEST_STEP][PASSED] - Statement - RID = RN1.split("/")[2]: null

2018-05-15 17:16:57 - [TEST_STEP][PASSED] - scrollToElement: Scroll to object 'Object Repository/PharmacyRequest/Page_KDMC-Pharmacy/input_btnsave' successfully

2018-05-15 17:16:57 - [MESSAGE][PASSED] - Scroll to object 'Object Repository/PharmacyRequest/Page_KDMC-Pharmacy/input_btnsave' successfully

2018-05-15 17:16:57 - [TEST_STEP][PASSED] - click: Object: 'Object Repository/PharmacyRequest/Page_KDMC-Pharmacy/input_btnsave' is clicked on

2018-05-15 17:16:57 - [MESSAGE][PASSED] - Object: 'Object Repository/PharmacyRequest/Page_KDMC-Pharmacy/input_btnsave' is clicked on

2018-05-15 17:16:57 - [TEST_STEP][PASSED] - delay: Delayed 3 second(s)

2018-05-15 17:17:00 - [MESSAGE][PASSED] - Delayed 3 second(s)

2018-05-15 17:17:00 - [TEST_STEP][PASSED] - click: Object: 'Object Repository/PharmacyRequest/Page_KDMC-Pharmacy/button_OK' is clicked on

2018-05-15 17:17:00 - [MESSAGE][PASSED] - Object: 'Object Repository/PharmacyRequest/Page_KDMC-Pharmacy/button_OK' is clicked on

2018-05-15 17:17:00 - [TEST_STEP][PASSED] - delay: Delayed 3 second(s)

2018-05-15 17:17:03 - [MESSAGE][PASSED] - Delayed 3 second(s)

2018-05-15 17:17:03 - [TEST_STEP][PASSED] - click: Object: 'Object Repository/PharmacyRequest/Page_KDMC-Pharmacy/a_Back to Pharmacy' is clicked on

2018-05-15 17:17:04 - [MESSAGE][PASSED] - Object: 'Object Repository/PharmacyRequest/Page_KDMC-Pharmacy/a_Back to Pharmacy' is clicked on

2018-05-15 17:17:04 - [TEST_STEP][PASSED] - delay: Delayed 3 second(s)

2018-05-15 17:17:07 - [MESSAGE][PASSED] - Delayed 3 second(s)

2018-05-15 17:17:07 - [TEST_STEP][PASSED] - click: Object: 'Object Repository/PharmacyRequest/Page_KDMC - Pharmacy/a_dropdown-toggle' is clicked on

2018-05-15 17:17:08 - [MESSAGE][PASSED] - Object: 'Object Repository/PharmacyRequest/Page_KDMC - Pharmacy/a_dropdown-toggle' is clicked on

2018-05-15 17:17:08 - [TEST_STEP][PASSED] - click: Object: 'Object Repository/PharmacyRequest/Page_KDMC - Pharmacy/a_Sign out' is clicked on

2018-05-15 17:17:08 - [MESSAGE][PASSED] - Object: 'Object Repository/PharmacyRequest/Page_KDMC - Pharmacy/a_Sign out' is clicked on

2018-05-15 17:17:08 - [TEST_STEP][PASSED] - delay: Delayed 3 second(s)

2018-05-15 17:17:11 - [MESSAGE][PASSED] - Delayed 3 second(s)

2018-05-15 17:17:11 - [TEST_STEP][PASSED] - click: Object: 'Object Repository/PharmacyRequest/Page_KDMC/a_CMO' is clicked on

2018-05-15 17:17:11 - [MESSAGE][PASSED] - Object: 'Object Repository/PharmacyRequest/Page_KDMC/a_CMO' is clicked on

2018-05-15 17:17:11 - [TEST_STEP][PASSED] - setText: Text 'guru' is set on object 'Object Repository/PharmacyRequest/Page_CMO login/input_txtusername'

2018-05-15 17:17:12 - [MESSAGE][PASSED] - Text 'guru' is set on object 'Object Repository/PharmacyRequest/Page_CMO login/input_txtusername'

2018-05-15 17:17:12 - [TEST_STEP][PASSED] - setText: Text '123' is set on object 'Object Repository/PharmacyRequest/Page_CMO login/input_txtpassword'

2018-05-15 17:17:12 - [MESSAGE][PASSED] - Text '123' is set on object 'Object Repository/PharmacyRequest/Page_CMO login/input_txtpassword'

2018-05-15 17:17:12 - [TEST_STEP][PASSED] - delay: Delayed 3 second(s)

2018-05-15 17:17:15 - [MESSAGE][PASSED] - Delayed 3 second(s)

2018-05-15 17:17:15 - [TEST_STEP][PASSED] - click: Object: 'Object Repository/PharmacyRequest/Page_CMO login/button_Sign in' is clicked on

2018-05-15 17:17:15 - [MESSAGE][PASSED] - Object: 'Object Repository/PharmacyRequest/Page_CMO login/button_Sign in' is clicked on

2018-05-15 17:17:15 - [TEST_STEP][PASSED] - click: Object: 'Object Repository/PharmacyRequest/Page_KDMC - CMO/a_Department Wise Request' is clicked on

2018-05-15 17:17:16 - [MESSAGE][PASSED] - Object: 'Object Repository/PharmacyRequest/Page_KDMC - CMO/a_Department Wise Request' is clicked on

2018-05-15 17:17:16 - [TEST_STEP][PASSED] - selectOptionByIndex: All options with index in [2] are selected on object 'Object Repository/PharmacyRequest/Page_KDMC - CMO/select_--ALL--'

2018-05-15 17:17:16 - [MESSAGE][PASSED] - All options with index in [2] are selected on object 'Object Repository/PharmacyRequest/Page_KDMC - CMO/select_--ALL--'

2018-05-15 17:17:16 - [TEST_STEP][PASSED] - selectOptionByIndex: All options with index in [1] are selected on object 'Object Repository/PharmacyRequest/Page_KDMC - CMO/select_--ALL--                _1'

2018-05-15 17:17:16 - [MESSAGE][PASSED] - All options with index in [1] are selected on object 'Object Repository/PharmacyRequest/Page_KDMC - CMO/select_--ALL--                _1'

2018-05-15 17:17:16 - [TEST_STEP][PASSED] - click: Object: 'Object Repository/PharmacyRequest/Page_KDMC - CMO/input_btnsearch' is clicked on

2018-05-15 17:17:16 - [MESSAGE][PASSED] - Object: 'Object Repository/PharmacyRequest/Page_KDMC - CMO/input_btnsearch' is clicked on

2018-05-15 17:17:16 - [TEST_STEP][PASSED] - Statement - ID = com.kms.katalon.core.webui.keyword.WebUiBuiltInKeywords.modifyObjectProperty(com.kms.katalon.core.testobject.ObjectRepository.findTestObject(PharmacyRequest/Page_KDMC - CMO/input_2), "xpath", "equals", "//*[@id=" + RID + "]", true): Modify property of object successfully

2018-05-15 17:17:16 - [MESSAGE][PASSED] - Modify property of object successfully

2018-05-15 17:17:16 - [TEST_STEP][PASSED] - click: Object: 'Object Repository/PharmacyRequest/Page_KDMC - CMO/input_2' is clicked on

2018-05-15 17:17:17 - [MESSAGE][PASSED] - Object: 'Object Repository/PharmacyRequest/Page_KDMC - CMO/input_2' is clicked on

2018-05-15 17:17:17 - [TEST_STEP][PASSED] - delay: Delayed 3 second(s)

2018-05-15 17:17:20 - [MESSAGE][PASSED] - Delayed 3 second(s)

2018-05-15 17:17:20 - [TEST_STEP][PASSED] - selectOptionByIndex: All options with index in [1] are selected on object 'Object Repository/PharmacyRequest/Page_KDMC - CMO/select_--Select--'

2018-05-15 17:17:20 - [MESSAGE][PASSED] - All options with index in [1] are selected on object 'Object Repository/PharmacyRequest/Page_KDMC - CMO/select_--Select--'

2018-05-15 17:17:20 - [TEST_STEP][PASSED] - click: Object: 'Object Repository/PharmacyRequest/Page_KDMC - CMO/input_btnupdate' is clicked on

2018-05-15 17:17:20 - [MESSAGE][PASSED] - Object: 'Object Repository/PharmacyRequest/Page_KDMC - CMO/input_btnupdate' is clicked on

2018-05-15 17:17:20 - [TEST_STEP][PASSED] - delay: Delayed 3 second(s)

2018-05-15 17:17:23 - [MESSAGE][PASSED] - Delayed 3 second(s)

2018-05-15 17:17:23 - [TEST_STEP][PASSED] - click: Object: 'Object Repository/PharmacyRequest/Page_KDMC - CMO/button_OK' is clicked on

2018-05-15 17:17:24 - [MESSAGE][PASSED] - Object: 'Object Repository/PharmacyRequest/Page_KDMC - CMO/button_OK' is clicked on

2018-05-15 17:17:24 - [TEST_STEP][PASSED] - delay: Delayed 3 second(s)

2018-05-15 17:17:27 - [MESSAGE][PASSED] - Delayed 3 second(s)

2018-05-15 17:17:27 - [TEST_STEP][PASSED] - click: Object: 'Object Repository/PharmacyRequest/Page_KDMC - CMO/a_dropdown-toggle' is clicked on

2018-05-15 17:17:27 - [MESSAGE][PASSED] - Object: 'Object Repository/PharmacyRequest/Page_KDMC - CMO/a_dropdown-toggle' is clicked on

2018-05-15 17:17:27 - [TEST_STEP][PASSED] - click: Object: 'Object Repository/PharmacyRequest/Page_KDMC - CMO/a_Sign out' is clicked on

2018-05-15 17:17:27 - [MESSAGE][PASSED] - Object: 'Object Repository/PharmacyRequest/Page_KDMC - CMO/a_Sign out' is clicked on

2018-05-15 17:17:27 - [TEST_STEP][PASSED] - delay: Delayed 3 second(s)

2018-05-15 17:17:30 - [MESSAGE][PASSED] - Delayed 3 second(s)

2018-05-15 17:17:30 - [TEST_STEP][PASSED] - click: Object: 'Object Repository/PharmacyRequest/Page_KDMC/a_Divisional Store' is clicked on

2018-05-15 17:17:31 - [MESSAGE][PASSED] - Object: 'Object Repository/PharmacyRequest/Page_KDMC/a_Divisional Store' is clicked on

2018-05-15 17:17:31 - [TEST_STEP][PASSED] - setText: Text 'ragu' is set on object 'Object Repository/PharmacyRequest/Page_Divisonal Store Login/input_txtusername'

2018-05-15 17:17:31 - [MESSAGE][PASSED] - Text 'ragu' is set on object 'Object Repository/PharmacyRequest/Page_Divisonal Store Login/input_txtusername'

2018-05-15 17:17:31 - [TEST_STEP][PASSED] - setText: Text '123' is set on object 'Object Repository/PharmacyRequest/Page_Divisonal Store Login/input_txtpassword'

2018-05-15 17:17:31 - [MESSAGE][PASSED] - Text '123' is set on object 'Object Repository/PharmacyRequest/Page_Divisonal Store Login/input_txtpassword'

2018-05-15 17:17:31 - [TEST_STEP][PASSED] - delay: Delayed 3 second(s)

2018-05-15 17:17:34 - [MESSAGE][PASSED] - Delayed 3 second(s)

2018-05-15 17:17:34 - [TEST_STEP][PASSED] - click: Object: 'Object Repository/PharmacyRequest/Page_Divisonal Store Login/button_Sign in' is clicked on

2018-05-15 17:17:35 - [MESSAGE][PASSED] - Object: 'Object Repository/PharmacyRequest/Page_Divisonal Store Login/button_Sign in' is clicked on

2018-05-15 17:17:35 - [TEST_STEP][PASSED] - delay: Delayed 3 second(s)

2018-05-15 17:17:38 - [MESSAGE][PASSED] - Delayed 3 second(s)

2018-05-15 17:17:38 - [TEST_STEP][PASSED] - click: Object: 'Object Repository/PharmacyRequest/Page_Store/a_Pharmacy Request' is clicked on

2018-05-15 17:17:38 - [MESSAGE][PASSED] - Object: 'Object Repository/PharmacyRequest/Page_Store/a_Pharmacy Request' is clicked on

2018-05-15 17:17:38 - [TEST_STEP][PASSED] - click: Object: 'Object Repository/PharmacyRequest/Page_Store/a_Request Item Pharmacy' is clicked on

2018-05-15 17:17:39 - [MESSAGE][PASSED] - Object: 'Object Repository/PharmacyRequest/Page_Store/a_Request Item Pharmacy' is clicked on

2018-05-15 17:17:39 - [TEST_STEP][PASSED] - delay: Delayed 2 second(s)

2018-05-15 17:17:41 - [MESSAGE][PASSED] - Delayed 2 second(s)

2018-05-15 17:17:41 - [TEST_STEP][PASSED] - setText: Text 'PRNO/15052018/124' is set on object 'Object Repository/PharmacyRequest/Page_Store/input'

2018-05-15 17:17:41 - [MESSAGE][PASSED] - Text 'PRNO/15052018/124' is set on object 'Object Repository/PharmacyRequest/Page_Store/input'

2018-05-15 17:17:41 - [TEST_STEP][PASSED] - delay: Delayed 2 second(s)

2018-05-15 17:17:43 - [MESSAGE][PASSED] - Delayed 2 second(s)

2018-05-15 17:17:43 - [TEST_STEP][PASSED] - Statement - ChooseRequest = com.kms.katalon.core.webui.keyword.WebUiBuiltInKeywords.modifyObjectProperty(com.kms.katalon.core.testobject.ObjectRepository.findTestObject(PharmacyRequest/Page_Store/input_2), "xpath", "equals", "//*[@id=" + RID + "]", true): Modify property of object successfully

2018-05-15 17:17:43 - [MESSAGE][PASSED] - Modify property of object successfully

2018-05-15 17:17:43 - [TEST_STEP][PASSED] - click: Object: 'Object Repository/PharmacyRequest/Page_Store/input_2' is clicked on

2018-05-15 17:17:43 - [MESSAGE][PASSED] - Object: 'Object Repository/PharmacyRequest/Page_Store/input_2' is clicked on

2018-05-15 17:17:43 - [TEST_STEP][PASSED] - delay: Delayed 2 second(s)

2018-05-15 17:17:45 - [MESSAGE][PASSED] - Delayed 2 second(s)

2018-05-15 17:17:45 - [TEST_STEP][PASSED] - Statement - selectedoptions = com.kms.katalon.core.webui.keyword.WebUiBuiltInKeywords.getNumberOfTotalOption(com.kms.katalon.core.testobject.ObjectRepository.findTestObject(PharmacyRequest/Page_Store/select_--Select--Amlodepin -5)): 14 options of object 'Object Repository/PharmacyRequest/Page_Store/select_--Select--Amlodepin -5' counted

2018-05-15 17:17:45 - [MESSAGE][PASSED] - 14 options of object 'Object Repository/PharmacyRequest/Page_Store/select_--Select--Amlodepin -5' counted

2018-05-15 17:17:45 - [TEST_STEP][PASSED] - Statement - For ([a = 1, a <= selectedoptions - 1, (a++)]): null

2018-05-15 17:17:45 - [TEST_STEP][PASSED] - selectOptionByIndex: All options with index in [1] are selected on object 'Object Repository/PharmacyRequest/Page_Store/select_--Select--Amlodepin -5'

2018-05-15 17:17:46 - [MESSAGE][PASSED] - All options with index in [1] are selected on object 'Object Repository/PharmacyRequest/Page_Store/select_--Select--Amlodepin -5'

2018-05-15 17:17:46 - [TEST_STEP][PASSED] - delay: Delayed 1 second(s)

2018-05-15 17:17:47 - [MESSAGE][PASSED] - Delayed 1 second(s)

2018-05-15 17:17:47 - [TEST_STEP][PASSED] - Statement - RequestedQty = com.kms.katalon.core.webui.keyword.WebUiBuiltInKeywords.getAttribute(com.kms.katalon.core.testobject.ObjectRepository.findTestObject(PharmacyRequest/Page_Store/input_txttotal), "value"): Attribute 'value' of object 'Object Repository/PharmacyRequest/Page_Store/input_txttotal' is: '10'

2018-05-15 17:17:47 - [MESSAGE][PASSED] - Attribute 'value' of object 'Object Repository/PharmacyRequest/Page_Store/input_txttotal' is: '10'

2018-05-15 17:17:47 - [TEST_STEP][PASSED] - Statement - out.println("Requested QTY : " + RequestedQty): null

2018-05-15 17:17:47 - [TEST_STEP][PASSED] - Statement - BatchNumber = com.kms.katalon.core.webui.keyword.WebUiBuiltInKeywords.getNumberOfTotalOption(com.kms.katalon.core.testobject.ObjectRepository.findTestObject(PharmacyRequest/Page_Store/select_--Select--BA50)): 2 options of object 'Object Repository/PharmacyRequest/Page_Store/select_--Select--BA50' counted

2018-05-15 17:17:47 - [MESSAGE][PASSED] - 2 options of object 'Object Repository/PharmacyRequest/Page_Store/select_--Select--BA50' counted

2018-05-15 17:17:47 - [TEST_STEP][PASSED] - Statement - For ([g = 1, g <= BatchNumber - 1, (g++)]): null

2018-05-15 17:17:47 - [TEST_STEP][PASSED] - selectOptionByIndex: All options with index in [1] are selected on object 'Object Repository/PharmacyRequest/Page_Store/select_--Select--BA50'

2018-05-15 17:17:47 - [MESSAGE][PASSED] - All options with index in [1] are selected on object 'Object Repository/PharmacyRequest/Page_Store/select_--Select--BA50'

2018-05-15 17:17:47 - [TEST_STEP][PASSED] - delay: Delayed 1 second(s)

2018-05-15 17:17:48 - [MESSAGE][PASSED] - Delayed 1 second(s)

2018-05-15 17:17:48 - [TEST_STEP][PASSED] - Statement - StockQty = com.kms.katalon.core.webui.keyword.WebUiBuiltInKeywords.getAttribute(com.kms.katalon.core.testobject.ObjectRepository.findTestObject(PharmacyRequest/Page_Store/input_txtprice), "value"): Attribute 'value' of object 'Object Repository/PharmacyRequest/Page_Store/input_txtprice' is: '50'

2018-05-15 17:17:48 - [MESSAGE][PASSED] - Attribute 'value' of object 'Object Repository/PharmacyRequest/Page_Store/input_txtprice' is: '50'

2018-05-15 17:17:48 - [TEST_STEP][PASSED] - Statement - out.println("Stock QTY : " + StockQty): null

2018-05-15 17:17:48 - [TEST_STEP][PASSED] - delay: Delayed 1 second(s)

2018-05-15 17:17:49 - [MESSAGE][PASSED] - Delayed 1 second(s)

2018-05-15 17:17:49 - [TEST_STEP][PASSED] - Statement - If (java.lang.Integer.valueOf(StockQty) >= java.lang.Integer.valueOf(RequestedQty)): null

2018-05-15 17:17:49 - [TEST_STEP][PASSED] - setText: Text '10' is set on object 'Object Repository/PharmacyRequest/Page_Store/input_txtqty'

2018-05-15 17:17:49 - [MESSAGE][PASSED] - Text '10' is set on object 'Object Repository/PharmacyRequest/Page_Store/input_txtqty'

2018-05-15 17:17:49 - [TEST_STEP][PASSED] - click: Object: 'Object Repository/PharmacyRequest/Page_Store/button_Add' is clicked on

2018-05-15 17:17:49 - [MESSAGE][PASSED] - Object: 'Object Repository/PharmacyRequest/Page_Store/button_Add' is clicked on

2018-05-15 17:17:49 - [TEST_STEP][PASSED] - Statement - Break: null

2018-05-15 17:17:49 - [TEST_STEP][PASSED] - selectOptionByIndex: All options with index in [2] are selected on object 'Object Repository/PharmacyRequest/Page_Store/select_--Select--Amlodepin -5'

2018-05-15 17:17:49 - [MESSAGE][PASSED] - All options with index in [2] are selected on object 'Object Repository/PharmacyRequest/Page_Store/select_--Select--Amlodepin -5'

2018-05-15 17:17:49 - [TEST_STEP][PASSED] - delay: Delayed 1 second(s)

2018-05-15 17:17:50 - [MESSAGE][PASSED] - Delayed 1 second(s)

2018-05-15 17:17:50 - [TEST_STEP][PASSED] - Statement - RequestedQty = com.kms.katalon.core.webui.keyword.WebUiBuiltInKeywords.getAttribute(com.kms.katalon.core.testobject.ObjectRepository.findTestObject(PharmacyRequest/Page_Store/input_txttotal), "value"): Attribute 'value' of object 'Object Repository/PharmacyRequest/Page_Store/input_txttotal' is: '10'

2018-05-15 17:17:50 - [MESSAGE][PASSED] - Attribute 'value' of object 'Object Repository/PharmacyRequest/Page_Store/input_txttotal' is: '10'

2018-05-15 17:17:50 - [TEST_STEP][PASSED] - Statement - out.println("Requested QTY : " + RequestedQty): null

2018-05-15 17:17:50 - [TEST_STEP][PASSED] - Statement - BatchNumber = com.kms.katalon.core.webui.keyword.WebUiBuiltInKeywords.getNumberOfTotalOption(com.kms.katalon.core.testobject.ObjectRepository.findTestObject(PharmacyRequest/Page_Store/select_--Select--BA50)): 2 options of object 'Object Repository/PharmacyRequest/Page_Store/select_--Select--BA50' counted

2018-05-15 17:17:50 - [MESSAGE][PASSED] - 2 options of object 'Object Repository/PharmacyRequest/Page_Store/select_--Select--BA50' counted

2018-05-15 17:17:50 - [TEST_STEP][PASSED] - Statement - For ([g = 1, g <= BatchNumber - 1, (g++)]): null

2018-05-15 17:17:50 - [TEST_STEP][PASSED] - selectOptionByIndex: All options with index in [1] are selected on object 'Object Repository/PharmacyRequest/Page_Store/select_--Select--BA50'

2018-05-15 17:17:50 - [MESSAGE][PASSED] - All options with index in [1] are selected on object 'Object Repository/PharmacyRequest/Page_Store/select_--Select--BA50'

2018-05-15 17:17:50 - [TEST_STEP][PASSED] - delay: Delayed 1 second(s)

2018-05-15 17:17:51 - [MESSAGE][PASSED] - Delayed 1 second(s)

2018-05-15 17:17:51 - [TEST_STEP][PASSED] - Statement - StockQty = com.kms.katalon.core.webui.keyword.WebUiBuiltInKeywords.getAttribute(com.kms.katalon.core.testobject.ObjectRepository.findTestObject(PharmacyRequest/Page_Store/input_txtprice), "value"): Attribute 'value' of object 'Object Repository/PharmacyRequest/Page_Store/input_txtprice' is: '50'

2018-05-15 17:17:51 - [MESSAGE][PASSED] - Attribute 'value' of object 'Object Repository/PharmacyRequest/Page_Store/input_txtprice' is: '50'

2018-05-15 17:17:51 - [TEST_STEP][PASSED] - Statement - out.println("Stock QTY : " + StockQty): null

2018-05-15 17:17:51 - [TEST_STEP][PASSED] - delay: Delayed 1 second(s)

2018-05-15 17:17:52 - [MESSAGE][PASSED] - Delayed 1 second(s)

2018-05-15 17:17:52 - [TEST_STEP][PASSED] - Statement - If (java.lang.Integer.valueOf(StockQty) >= java.lang.Integer.valueOf(RequestedQty)): null

2018-05-15 17:17:52 - [TEST_STEP][PASSED] - setText: Text '10' is set on object 'Object Repository/PharmacyRequest/Page_Store/input_txtqty'

2018-05-15 17:17:52 - [MESSAGE][PASSED] - Text '10' is set on object 'Object Repository/PharmacyRequest/Page_Store/input_txtqty'

2018-05-15 17:17:52 - [TEST_STEP][PASSED] - click: Object: 'Object Repository/PharmacyRequest/Page_Store/button_Add' is clicked on

2018-05-15 17:17:53 - [MESSAGE][PASSED] - Object: 'Object Repository/PharmacyRequest/Page_Store/button_Add' is clicked on

2018-05-15 17:17:53 - [TEST_STEP][PASSED] - Statement - Break: null

2018-05-15 17:17:53 - [TEST_STEP][PASSED] - selectOptionByIndex: All options with index in [3] are selected on object 'Object Repository/PharmacyRequest/Page_Store/select_--Select--Amlodepin -5'

2018-05-15 17:17:53 - [MESSAGE][PASSED] - All options with index in [3] are selected on object 'Object Repository/PharmacyRequest/Page_Store/select_--Select--Amlodepin -5'

2018-05-15 17:17:53 - [TEST_STEP][PASSED] - delay: Delayed 1 second(s)

2018-05-15 17:17:54 - [MESSAGE][PASSED] - Delayed 1 second(s)

2018-05-15 17:17:54 - [TEST_STEP][PASSED] - Statement - RequestedQty = com.kms.katalon.core.webui.keyword.WebUiBuiltInKeywords.getAttribute(com.kms.katalon.core.testobject.ObjectRepository.findTestObject(PharmacyRequest/Page_Store/input_txttotal), "value"): Attribute 'value' of object 'Object Repository/PharmacyRequest/Page_Store/input_txttotal' is: '10'

2018-05-15 17:17:54 - [MESSAGE][PASSED] - Attribute 'value' of object 'Object Repository/PharmacyRequest/Page_Store/input_txttotal' is: '10'

2018-05-15 17:17:54 - [TEST_STEP][PASSED] - Statement - out.println("Requested QTY : " + RequestedQty): null

2018-05-15 17:17:54 - [TEST_STEP][PASSED] - Statement - BatchNumber = com.kms.katalon.core.webui.keyword.WebUiBuiltInKeywords.getNumberOfTotalOption(com.kms.katalon.core.testobject.ObjectRepository.findTestObject(PharmacyRequest/Page_Store/select_--Select--BA50)): 2 options of object 'Object Repository/PharmacyRequest/Page_Store/select_--Select--BA50' counted

2018-05-15 17:17:54 - [MESSAGE][PASSED] - 2 options of object 'Object Repository/PharmacyRequest/Page_Store/select_--Select--BA50' counted

2018-05-15 17:17:54 - [TEST_STEP][PASSED] - Statement - For ([g = 1, g <= BatchNumber - 1, (g++)]): null

2018-05-15 17:17:54 - [TEST_STEP][PASSED] - selectOptionByIndex: All options with index in [1] are selected on object 'Object Repository/PharmacyRequest/Page_Store/select_--Select--BA50'

2018-05-15 17:17:54 - [MESSAGE][PASSED] - All options with index in [1] are selected on object 'Object Repository/PharmacyRequest/Page_Store/select_--Select--BA50'

2018-05-15 17:17:54 - [TEST_STEP][PASSED] - delay: Delayed 1 second(s)

2018-05-15 17:17:55 - [MESSAGE][PASSED] - Delayed 1 second(s)

2018-05-15 17:17:55 - [TEST_STEP][PASSED] - Statement - StockQty = com.kms.katalon.core.webui.keyword.WebUiBuiltInKeywords.getAttribute(com.kms.katalon.core.testobject.ObjectRepository.findTestObject(PharmacyRequest/Page_Store/input_txtprice), "value"): Attribute 'value' of object 'Object Repository/PharmacyRequest/Page_Store/input_txtprice' is: '50'

2018-05-15 17:17:55 - [MESSAGE][PASSED] - Attribute 'value' of object 'Object Repository/PharmacyRequest/Page_Store/input_txtprice' is: '50'

2018-05-15 17:17:55 - [TEST_STEP][PASSED] - Statement - out.println("Stock QTY : " + StockQty): null

2018-05-15 17:17:55 - [TEST_STEP][PASSED] - delay: Delayed 1 second(s)

2018-05-15 17:17:56 - [MESSAGE][PASSED] - Delayed 1 second(s)

2018-05-15 17:17:56 - [TEST_STEP][PASSED] - Statement - If (java.lang.Integer.valueOf(StockQty) >= java.lang.Integer.valueOf(RequestedQty)): null

2018-05-15 17:17:56 - [TEST_STEP][PASSED] - setText: Text '10' is set on object 'Object Repository/PharmacyRequest/Page_Store/input_txtqty'

2018-05-15 17:17:56 - [MESSAGE][PASSED] - Text '10' is set on object 'Object Repository/PharmacyRequest/Page_Store/input_txtqty'

2018-05-15 17:17:56 - [TEST_STEP][PASSED] - click: Object: 'Object Repository/PharmacyRequest/Page_Store/button_Add' is clicked on

2018-05-15 17:17:56 - [MESSAGE][PASSED] - Object: 'Object Repository/PharmacyRequest/Page_Store/button_Add' is clicked on

2018-05-15 17:17:56 - [TEST_STEP][PASSED] - Statement - Break: null

2018-05-15 17:17:56 - [TEST_STEP][PASSED] - selectOptionByIndex: All options with index in [4] are selected on object 'Object Repository/PharmacyRequest/Page_Store/select_--Select--Amlodepin -5'

2018-05-15 17:17:56 - [MESSAGE][PASSED] - All options with index in [4] are selected on object 'Object Repository/PharmacyRequest/Page_Store/select_--Select--Amlodepin -5'

2018-05-15 17:17:56 - [TEST_STEP][PASSED] - delay: Delayed 1 second(s)

2018-05-15 17:17:57 - [MESSAGE][PASSED] - Delayed 1 second(s)

2018-05-15 17:17:57 - [TEST_STEP][PASSED] - Statement - RequestedQty = com.kms.katalon.core.webui.keyword.WebUiBuiltInKeywords.getAttribute(com.kms.katalon.core.testobject.ObjectRepository.findTestObject(PharmacyRequest/Page_Store/input_txttotal), "value"): Attribute 'value' of object 'Object Repository/PharmacyRequest/Page_Store/input_txttotal' is: '10'

2018-05-15 17:17:57 - [MESSAGE][PASSED] - Attribute 'value' of object 'Object Repository/PharmacyRequest/Page_Store/input_txttotal' is: '10'

2018-05-15 17:17:57 - [TEST_STEP][PASSED] - Statement - out.println("Requested QTY : " + RequestedQty): null

2018-05-15 17:17:57 - [TEST_STEP][PASSED] - Statement - BatchNumber = com.kms.katalon.core.webui.keyword.WebUiBuiltInKeywords.getNumberOfTotalOption(com.kms.katalon.core.testobject.ObjectRepository.findTestObject(PharmacyRequest/Page_Store/select_--Select--BA50)): 2 options of object 'Object Repository/PharmacyRequest/Page_Store/select_--Select--BA50' counted

2018-05-15 17:17:57 - [MESSAGE][PASSED] - 2 options of object 'Object Repository/PharmacyRequest/Page_Store/select_--Select--BA50' counted

2018-05-15 17:17:57 - [TEST_STEP][PASSED] - Statement - For ([g = 1, g <= BatchNumber - 1, (g++)]): null

2018-05-15 17:17:57 - [TEST_STEP][PASSED] - selectOptionByIndex: All options with index in [1] are selected on object 'Object Repository/PharmacyRequest/Page_Store/select_--Select--BA50'

2018-05-15 17:17:57 - [MESSAGE][PASSED] - All options with index in [1] are selected on object 'Object Repository/PharmacyRequest/Page_Store/select_--Select--BA50'

2018-05-15 17:17:57 - [TEST_STEP][PASSED] - delay: Delayed 1 second(s)

2018-05-15 17:17:58 - [MESSAGE][PASSED] - Delayed 1 second(s)

2018-05-15 17:17:58 - [TEST_STEP][PASSED] - Statement - StockQty = com.kms.katalon.core.webui.keyword.WebUiBuiltInKeywords.getAttribute(com.kms.katalon.core.testobject.ObjectRepository.findTestObject(PharmacyRequest/Page_Store/input_txtprice), "value"): Attribute 'value' of object 'Object Repository/PharmacyRequest/Page_Store/input_txtprice' is: '50'

2018-05-15 17:17:59 - [MESSAGE][PASSED] - Attribute 'value' of object 'Object Repository/PharmacyRequest/Page_Store/input_txtprice' is: '50'

2018-05-15 17:17:59 - [TEST_STEP][PASSED] - Statement - out.println("Stock QTY : " + StockQty): null

2018-05-15 17:17:59 - [TEST_STEP][PASSED] - delay: Delayed 1 second(s)

2018-05-15 17:18:00 - [MESSAGE][PASSED] - Delayed 1 second(s)

2018-05-15 17:18:00 - [TEST_STEP][PASSED] - Statement - If (java.lang.Integer.valueOf(StockQty) >= java.lang.Integer.valueOf(RequestedQty)): null

2018-05-15 17:18:00 - [TEST_STEP][PASSED] - setText: Text '10' is set on object 'Object Repository/PharmacyRequest/Page_Store/input_txtqty'

2018-05-15 17:18:00 - [MESSAGE][PASSED] - Text '10' is set on object 'Object Repository/PharmacyRequest/Page_Store/input_txtqty'

2018-05-15 17:18:00 - [TEST_STEP][PASSED] - click: Object: 'Object Repository/PharmacyRequest/Page_Store/button_Add' is clicked on

2018-05-15 17:18:00 - [MESSAGE][PASSED] - Object: 'Object Repository/PharmacyRequest/Page_Store/button_Add' is clicked on

2018-05-15 17:18:00 - [TEST_STEP][PASSED] - Statement - Break: null

2018-05-15 17:18:00 - [TEST_STEP][PASSED] - selectOptionByIndex: All options with index in [5] are selected on object 'Object Repository/PharmacyRequest/Page_Store/select_--Select--Amlodepin -5'

2018-05-15 17:18:00 - [MESSAGE][PASSED] - All options with index in [5] are selected on object 'Object Repository/PharmacyRequest/Page_Store/select_--Select--Amlodepin -5'

2018-05-15 17:18:00 - [TEST_STEP][PASSED] - delay: Delayed 1 second(s)

2018-05-15 17:18:01 - [MESSAGE][PASSED] - Delayed 1 second(s)

2018-05-15 17:18:01 - [TEST_STEP][PASSED] - Statement - RequestedQty = com.kms.katalon.core.webui.keyword.WebUiBuiltInKeywords.getAttribute(com.kms.katalon.core.testobject.ObjectRepository.findTestObject(PharmacyRequest/Page_Store/input_txttotal), "value"): Attribute 'value' of object 'Object Repository/PharmacyRequest/Page_Store/input_txttotal' is: '10'

2018-05-15 17:18:01 - [MESSAGE][PASSED] - Attribute 'value' of object 'Object Repository/PharmacyRequest/Page_Store/input_txttotal' is: '10'

2018-05-15 17:18:01 - [TEST_STEP][PASSED] - Statement - out.println("Requested QTY : " + RequestedQty): null

2018-05-15 17:18:01 - [TEST_STEP][PASSED] - Statement - BatchNumber = com.kms.katalon.core.webui.keyword.WebUiBuiltInKeywords.getNumberOfTotalOption(com.kms.katalon.core.testobject.ObjectRepository.findTestObject(PharmacyRequest/Page_Store/select_--Select--BA50)): 2 options of object 'Object Repository/PharmacyRequest/Page_Store/select_--Select--BA50' counted

2018-05-15 17:18:01 - [MESSAGE][PASSED] - 2 options of object 'Object Repository/PharmacyRequest/Page_Store/select_--Select--BA50' counted

2018-05-15 17:18:01 - [TEST_STEP][PASSED] - Statement - For ([g = 1, g <= BatchNumber - 1, (g++)]): null

2018-05-15 17:18:01 - [TEST_STEP][PASSED] - selectOptionByIndex: All options with index in [1] are selected on object 'Object Repository/PharmacyRequest/Page_Store/select_--Select--BA50'

2018-05-15 17:18:01 - [MESSAGE][PASSED] - All options with index in [1] are selected on object 'Object Repository/PharmacyRequest/Page_Store/select_--Select--BA50'

2018-05-15 17:18:01 - [TEST_STEP][PASSED] - delay: Delayed 1 second(s)

2018-05-15 17:18:02 - [MESSAGE][PASSED] - Delayed 1 second(s)

2018-05-15 17:18:02 - [TEST_STEP][PASSED] - Statement - StockQty = com.kms.katalon.core.webui.keyword.WebUiBuiltInKeywords.getAttribute(com.kms.katalon.core.testobject.ObjectRepository.findTestObject(PharmacyRequest/Page_Store/input_txtprice), "value"): Attribute 'value' of object 'Object Repository/PharmacyRequest/Page_Store/input_txtprice' is: '50'

2018-05-15 17:18:02 - [MESSAGE][PASSED] - Attribute 'value' of object 'Object Repository/PharmacyRequest/Page_Store/input_txtprice' is: '50'

2018-05-15 17:18:02 - [TEST_STEP][PASSED] - Statement - out.println("Stock QTY : " + StockQty): null

2018-05-15 17:18:02 - [TEST_STEP][PASSED] - delay: Delayed 1 second(s)

2018-05-15 17:18:03 - [MESSAGE][PASSED] - Delayed 1 second(s)

2018-05-15 17:18:03 - [TEST_STEP][PASSED] - Statement - If (java.lang.Integer.valueOf(StockQty) >= java.lang.Integer.valueOf(RequestedQty)): null

2018-05-15 17:18:03 - [TEST_STEP][PASSED] - setText: Text '10' is set on object 'Object Repository/PharmacyRequest/Page_Store/input_txtqty'

2018-05-15 17:18:03 - [MESSAGE][PASSED] - Text '10' is set on object 'Object Repository/PharmacyRequest/Page_Store/input_txtqty'

2018-05-15 17:18:03 - [TEST_STEP][PASSED] - click: Object: 'Object Repository/PharmacyRequest/Page_Store/button_Add' is clicked on

2018-05-15 17:18:03 - [MESSAGE][PASSED] - Object: 'Object Repository/PharmacyRequest/Page_Store/button_Add' is clicked on

2018-05-15 17:18:03 - [TEST_STEP][PASSED] - Statement - Break: null

2018-05-15 17:18:03 - [TEST_STEP][PASSED] - selectOptionByIndex: All options with index in [6] are selected on object 'Object Repository/PharmacyRequest/Page_Store/select_--Select--Amlodepin -5'

2018-05-15 17:18:03 - [MESSAGE][PASSED] - All options with index in [6] are selected on object 'Object Repository/PharmacyRequest/Page_Store/select_--Select--Amlodepin -5'

2018-05-15 17:18:03 - [TEST_STEP][PASSED] - delay: Delayed 1 second(s)

2018-05-15 17:18:04 - [MESSAGE][PASSED] - Delayed 1 second(s)

2018-05-15 17:18:04 - [TEST_STEP][PASSED] - Statement - RequestedQty = com.kms.katalon.core.webui.keyword.WebUiBuiltInKeywords.getAttribute(com.kms.katalon.core.testobject.ObjectRepository.findTestObject(PharmacyRequest/Page_Store/input_txttotal), "value"): Attribute 'value' of object 'Object Repository/PharmacyRequest/Page_Store/input_txttotal' is: '10'

2018-05-15 17:18:04 - [MESSAGE][PASSED] - Attribute 'value' of object 'Object Repository/PharmacyRequest/Page_Store/input_txttotal' is: '10'

2018-05-15 17:18:04 - [TEST_STEP][PASSED] - Statement - out.println("Requested QTY : " + RequestedQty): null

2018-05-15 17:18:04 - [TEST_STEP][PASSED] - Statement - BatchNumber = com.kms.katalon.core.webui.keyword.WebUiBuiltInKeywords.getNumberOfTotalOption(com.kms.katalon.core.testobject.ObjectRepository.findTestObject(PharmacyRequest/Page_Store/select_--Select--BA50)): 2 options of object 'Object Repository/PharmacyRequest/Page_Store/select_--Select--BA50' counted

2018-05-15 17:18:04 - [MESSAGE][PASSED] - 2 options of object 'Object Repository/PharmacyRequest/Page_Store/select_--Select--BA50' counted

2018-05-15 17:18:04 - [TEST_STEP][PASSED] - Statement - For ([g = 1, g <= BatchNumber - 1, (g++)]): null

2018-05-15 17:18:04 - [TEST_STEP][PASSED] - selectOptionByIndex: All options with index in [1] are selected on object 'Object Repository/PharmacyRequest/Page_Store/select_--Select--BA50'

2018-05-15 17:18:05 - [MESSAGE][PASSED] - All options with index in [1] are selected on object 'Object Repository/PharmacyRequest/Page_Store/select_--Select--BA50'

2018-05-15 17:18:05 - [TEST_STEP][PASSED] - delay: Delayed 1 second(s)

2018-05-15 17:18:06 - [MESSAGE][PASSED] - Delayed 1 second(s)

2018-05-15 17:18:06 - [TEST_STEP][PASSED] - Statement - StockQty = com.kms.katalon.core.webui.keyword.WebUiBuiltInKeywords.getAttribute(com.kms.katalon.core.testobject.ObjectRepository.findTestObject(PharmacyRequest/Page_Store/input_txtprice), "value"): Attribute 'value' of object 'Object Repository/PharmacyRequest/Page_Store/input_txtprice' is: '50'

2018-05-15 17:18:06 - [MESSAGE][PASSED] - Attribute 'value' of object 'Object Repository/PharmacyRequest/Page_Store/input_txtprice' is: '50'

2018-05-15 17:18:06 - [TEST_STEP][PASSED] - Statement - out.println("Stock QTY : " + StockQty): null

2018-05-15 17:18:06 - [TEST_STEP][PASSED] - delay: Delayed 1 second(s)

2018-05-15 17:18:07 - [MESSAGE][PASSED] - Delayed 1 second(s)

2018-05-15 17:18:07 - [TEST_STEP][PASSED] - Statement - If (java.lang.Integer.valueOf(StockQty) >= java.lang.Integer.valueOf(RequestedQty)): null

2018-05-15 17:18:07 - [TEST_STEP][PASSED] - setText: Text '10' is set on object 'Object Repository/PharmacyRequest/Page_Store/input_txtqty'

2018-05-15 17:18:07 - [MESSAGE][PASSED] - Text '10' is set on object 'Object Repository/PharmacyRequest/Page_Store/input_txtqty'

2018-05-15 17:18:07 - [TEST_STEP][PASSED] - click: Object: 'Object Repository/PharmacyRequest/Page_Store/button_Add' is clicked on

2018-05-15 17:18:07 - [MESSAGE][PASSED] - Object: 'Object Repository/PharmacyRequest/Page_Store/button_Add' is clicked on

2018-05-15 17:18:07 - [TEST_STEP][PASSED] - Statement - Break: null

2018-05-15 17:18:07 - [TEST_STEP][PASSED] - selectOptionByIndex: All options with index in [7] are selected on object 'Object Repository/PharmacyRequest/Page_Store/select_--Select--Amlodepin -5'

2018-05-15 17:18:07 - [MESSAGE][PASSED] - All options with index in [7] are selected on object 'Object Repository/PharmacyRequest/Page_Store/select_--Select--Amlodepin -5'

2018-05-15 17:18:07 - [TEST_STEP][PASSED] - delay: Delayed 1 second(s)

2018-05-15 17:18:08 - [MESSAGE][PASSED] - Delayed 1 second(s)

2018-05-15 17:18:08 - [TEST_STEP][PASSED] - Statement - RequestedQty = com.kms.katalon.core.webui.keyword.WebUiBuiltInKeywords.getAttribute(com.kms.katalon.core.testobject.ObjectRepository.findTestObject(PharmacyRequest/Page_Store/input_txttotal), "value"): Attribute 'value' of object 'Object Repository/PharmacyRequest/Page_Store/input_txttotal' is: '10'

2018-05-15 17:18:08 - [MESSAGE][PASSED] - Attribute 'value' of object 'Object Repository/PharmacyRequest/Page_Store/input_txttotal' is: '10'

2018-05-15 17:18:08 - [TEST_STEP][PASSED] - Statement - out.println("Requested QTY : " + RequestedQty): null

2018-05-15 17:18:08 - [TEST_STEP][PASSED] - Statement - BatchNumber = com.kms.katalon.core.webui.keyword.WebUiBuiltInKeywords.getNumberOfTotalOption(com.kms.katalon.core.testobject.ObjectRepository.findTestObject(PharmacyRequest/Page_Store/select_--Select--BA50)): 2 options of object 'Object Repository/PharmacyRequest/Page_Store/select_--Select--BA50' counted

2018-05-15 17:18:08 - [MESSAGE][PASSED] - 2 options of object 'Object Repository/PharmacyRequest/Page_Store/select_--Select--BA50' counted

2018-05-15 17:18:08 - [TEST_STEP][PASSED] - Statement - For ([g = 1, g <= BatchNumber - 1, (g++)]): null

2018-05-15 17:18:08 - [TEST_STEP][PASSED] - selectOptionByIndex: All options with index in [1] are selected on object 'Object Repository/PharmacyRequest/Page_Store/select_--Select--BA50'

2018-05-15 17:18:08 - [MESSAGE][PASSED] - All options with index in [1] are selected on object 'Object Repository/PharmacyRequest/Page_Store/select_--Select--BA50'

2018-05-15 17:18:08 - [TEST_STEP][PASSED] - delay: Delayed 1 second(s)

2018-05-15 17:18:09 - [MESSAGE][PASSED] - Delayed 1 second(s)

2018-05-15 17:18:09 - [TEST_STEP][PASSED] - Statement - StockQty = com.kms.katalon.core.webui.keyword.WebUiBuiltInKeywords.getAttribute(com.kms.katalon.core.testobject.ObjectRepository.findTestObject(PharmacyRequest/Page_Store/input_txtprice), "value"): Attribute 'value' of object 'Object Repository/PharmacyRequest/Page_Store/input_txtprice' is: '50'

2018-05-15 17:18:09 - [MESSAGE][PASSED] - Attribute 'value' of object 'Object Repository/PharmacyRequest/Page_Store/input_txtprice' is: '50'

2018-05-15 17:18:09 - [TEST_STEP][PASSED] - Statement - out.println("Stock QTY : " + StockQty): null

2018-05-15 17:18:09 - [TEST_STEP][PASSED] - delay: Delayed 1 second(s)

2018-05-15 17:18:10 - [MESSAGE][PASSED] - Delayed 1 second(s)

2018-05-15 17:18:10 - [TEST_STEP][PASSED] - Statement - If (java.lang.Integer.valueOf(StockQty) >= java.lang.Integer.valueOf(RequestedQty)): null

2018-05-15 17:18:10 - [TEST_STEP][PASSED] - setText: Text '10' is set on object 'Object Repository/PharmacyRequest/Page_Store/input_txtqty'

2018-05-15 17:18:10 - [MESSAGE][PASSED] - Text '10' is set on object 'Object Repository/PharmacyRequest/Page_Store/input_txtqty'

2018-05-15 17:18:10 - [TEST_STEP][PASSED] - click: Object: 'Object Repository/PharmacyRequest/Page_Store/button_Add' is clicked on

2018-05-15 17:18:10 - [MESSAGE][PASSED] - Object: 'Object Repository/PharmacyRequest/Page_Store/button_Add' is clicked on

2018-05-15 17:18:10 - [TEST_STEP][PASSED] - Statement - Break: null

2018-05-15 17:18:10 - [TEST_STEP][PASSED] - selectOptionByIndex: All options with index in [8] are selected on object 'Object Repository/PharmacyRequest/Page_Store/select_--Select--Amlodepin -5'

2018-05-15 17:18:11 - [MESSAGE][PASSED] - All options with index in [8] are selected on object 'Object Repository/PharmacyRequest/Page_Store/select_--Select--Amlodepin -5'

2018-05-15 17:18:11 - [TEST_STEP][PASSED] - delay: Delayed 1 second(s)

2018-05-15 17:18:12 - [MESSAGE][PASSED] - Delayed 1 second(s)

2018-05-15 17:18:12 - [TEST_STEP][PASSED] - Statement - RequestedQty = com.kms.katalon.core.webui.keyword.WebUiBuiltInKeywords.getAttribute(com.kms.katalon.core.testobject.ObjectRepository.findTestObject(PharmacyRequest/Page_Store/input_txttotal), "value"): Attribute 'value' of object 'Object Repository/PharmacyRequest/Page_Store/input_txttotal' is: '10'

2018-05-15 17:18:12 - [MESSAGE][PASSED] - Attribute 'value' of object 'Object Repository/PharmacyRequest/Page_Store/input_txttotal' is: '10'

2018-05-15 17:18:12 - [TEST_STEP][PASSED] - Statement - out.println("Requested QTY : " + RequestedQty): null

2018-05-15 17:18:12 - [TEST_STEP][PASSED] - Statement - BatchNumber = com.kms.katalon.core.webui.keyword.WebUiBuiltInKeywords.getNumberOfTotalOption(com.kms.katalon.core.testobject.ObjectRepository.findTestObject(PharmacyRequest/Page_Store/select_--Select--BA50)): 2 options of object 'Object Repository/PharmacyRequest/Page_Store/select_--Select--BA50' counted

2018-05-15 17:18:12 - [MESSAGE][PASSED] - 2 options of object 'Object Repository/PharmacyRequest/Page_Store/select_--Select--BA50' counted

2018-05-15 17:18:12 - [TEST_STEP][PASSED] - Statement - For ([g = 1, g <= BatchNumber - 1, (g++)]): null

2018-05-15 17:18:12 - [TEST_STEP][PASSED] - selectOptionByIndex: All options with index in [1] are selected on object 'Object Repository/PharmacyRequest/Page_Store/select_--Select--BA50'

2018-05-15 17:18:12 - [MESSAGE][PASSED] - All options with index in [1] are selected on object 'Object Repository/PharmacyRequest/Page_Store/select_--Select--BA50'

2018-05-15 17:18:12 - [TEST_STEP][PASSED] - delay: Delayed 1 second(s)

2018-05-15 17:18:13 - [MESSAGE][PASSED] - Delayed 1 second(s)

2018-05-15 17:18:13 - [TEST_STEP][PASSED] - Statement - StockQty = com.kms.katalon.core.webui.keyword.WebUiBuiltInKeywords.getAttribute(com.kms.katalon.core.testobject.ObjectRepository.findTestObject(PharmacyRequest/Page_Store/input_txtprice), "value"): Attribute 'value' of object 'Object Repository/PharmacyRequest/Page_Store/input_txtprice' is: '50'

2018-05-15 17:18:13 - [MESSAGE][PASSED] - Attribute 'value' of object 'Object Repository/PharmacyRequest/Page_Store/input_txtprice' is: '50'

2018-05-15 17:18:13 - [TEST_STEP][PASSED] - Statement - out.println("Stock QTY : " + StockQty): null

2018-05-15 17:18:13 - [TEST_STEP][PASSED] - delay: Delayed 1 second(s)

2018-05-15 17:18:14 - [MESSAGE][PASSED] - Delayed 1 second(s)

2018-05-15 17:18:14 - [TEST_STEP][PASSED] - Statement - If (java.lang.Integer.valueOf(StockQty) >= java.lang.Integer.valueOf(RequestedQty)): null

2018-05-15 17:18:14 - [TEST_STEP][PASSED] - setText: Text '10' is set on object 'Object Repository/PharmacyRequest/Page_Store/input_txtqty'

2018-05-15 17:18:14 - [MESSAGE][PASSED] - Text '10' is set on object 'Object Repository/PharmacyRequest/Page_Store/input_txtqty'

2018-05-15 17:18:14 - [TEST_STEP][PASSED] - click: Object: 'Object Repository/PharmacyRequest/Page_Store/button_Add' is clicked on

2018-05-15 17:18:14 - [MESSAGE][PASSED] - Object: 'Object Repository/PharmacyRequest/Page_Store/button_Add' is clicked on

2018-05-15 17:18:14 - [TEST_STEP][PASSED] - Statement - Break: null

2018-05-15 17:18:14 - [TEST_STEP][PASSED] - selectOptionByIndex: All options with index in [9] are selected on object 'Object Repository/PharmacyRequest/Page_Store/select_--Select--Amlodepin -5'

2018-05-15 17:18:14 - [MESSAGE][PASSED] - All options with index in [9] are selected on object 'Object Repository/PharmacyRequest/Page_Store/select_--Select--Amlodepin -5'

2018-05-15 17:18:14 - [TEST_STEP][PASSED] - delay: Delayed 1 second(s)

2018-05-15 17:18:15 - [MESSAGE][PASSED] - Delayed 1 second(s)

2018-05-15 17:18:15 - [TEST_STEP][PASSED] - Statement - RequestedQty = com.kms.katalon.core.webui.keyword.WebUiBuiltInKeywords.getAttribute(com.kms.katalon.core.testobject.ObjectRepository.findTestObject(PharmacyRequest/Page_Store/input_txttotal), "value"): Attribute 'value' of object 'Object Repository/PharmacyRequest/Page_Store/input_txttotal' is: '10'

2018-05-15 17:18:15 - [MESSAGE][PASSED] - Attribute 'value' of object 'Object Repository/PharmacyRequest/Page_Store/input_txttotal' is: '10'

2018-05-15 17:18:15 - [TEST_STEP][PASSED] - Statement - out.println("Requested QTY : " + RequestedQty): null

2018-05-15 17:18:15 - [TEST_STEP][PASSED] - Statement - BatchNumber = com.kms.katalon.core.webui.keyword.WebUiBuiltInKeywords.getNumberOfTotalOption(com.kms.katalon.core.testobject.ObjectRepository.findTestObject(PharmacyRequest/Page_Store/select_--Select--BA50)): 2 options of object 'Object Repository/PharmacyRequest/Page_Store/select_--Select--BA50' counted

2018-05-15 17:18:15 - [MESSAGE][PASSED] - 2 options of object 'Object Repository/PharmacyRequest/Page_Store/select_--Select--BA50' counted

2018-05-15 17:18:15 - [TEST_STEP][PASSED] - Statement - For ([g = 1, g <= BatchNumber - 1, (g++)]): null

2018-05-15 17:18:15 - [TEST_STEP][PASSED] - selectOptionByIndex: All options with index in [1] are selected on object 'Object Repository/PharmacyRequest/Page_Store/select_--Select--BA50'

2018-05-15 17:18:15 - [MESSAGE][PASSED] - All options with index in [1] are selected on object 'Object Repository/PharmacyRequest/Page_Store/select_--Select--BA50'

2018-05-15 17:18:15 - [TEST_STEP][PASSED] - delay: Delayed 1 second(s)

2018-05-15 17:18:16 - [MESSAGE][PASSED] - Delayed 1 second(s)

2018-05-15 17:18:16 - [TEST_STEP][PASSED] - Statement - StockQty = com.kms.katalon.core.webui.keyword.WebUiBuiltInKeywords.getAttribute(com.kms.katalon.core.testobject.ObjectRepository.findTestObject(PharmacyRequest/Page_Store/input_txtprice), "value"): Attribute 'value' of object 'Object Repository/PharmacyRequest/Page_Store/input_txtprice' is: '50'

2018-05-15 17:18:16 - [MESSAGE][PASSED] - Attribute 'value' of object 'Object Repository/PharmacyRequest/Page_Store/input_txtprice' is: '50'

2018-05-15 17:18:16 - [TEST_STEP][PASSED] - Statement - out.println("Stock QTY : " + StockQty): null

2018-05-15 17:18:16 - [TEST_STEP][PASSED] - delay: Delayed 1 second(s)

2018-05-15 17:18:17 - [MESSAGE][PASSED] - Delayed 1 second(s)

2018-05-15 17:18:17 - [TEST_STEP][PASSED] - Statement - If (java.lang.Integer.valueOf(StockQty) >= java.lang.Integer.valueOf(RequestedQty)): null

2018-05-15 17:18:17 - [TEST_STEP][PASSED] - setText: Text '10' is set on object 'Object Repository/PharmacyRequest/Page_Store/input_txtqty'

2018-05-15 17:18:18 - [MESSAGE][PASSED] - Text '10' is set on object 'Object Repository/PharmacyRequest/Page_Store/input_txtqty'

2018-05-15 17:18:18 - [TEST_STEP][PASSED] - click: Object: 'Object Repository/PharmacyRequest/Page_Store/button_Add' is clicked on

2018-05-15 17:18:18 - [MESSAGE][PASSED] - Object: 'Object Repository/PharmacyRequest/Page_Store/button_Add' is clicked on

2018-05-15 17:18:18 - [TEST_STEP][PASSED] - Statement - Break: null

2018-05-15 17:18:18 - [TEST_STEP][PASSED] - selectOptionByIndex: All options with index in [10] are selected on object 'Object Repository/PharmacyRequest/Page_Store/select_--Select--Amlodepin -5'

2018-05-15 17:18:18 - [MESSAGE][PASSED] - All options with index in [10] are selected on object 'Object Repository/PharmacyRequest/Page_Store/select_--Select--Amlodepin -5'

2018-05-15 17:18:18 - [TEST_STEP][PASSED] - delay: Delayed 1 second(s)

2018-05-15 17:18:19 - [MESSAGE][PASSED] - Delayed 1 second(s)

2018-05-15 17:18:19 - [TEST_STEP][PASSED] - Statement - RequestedQty = com.kms.katalon.core.webui.keyword.WebUiBuiltInKeywords.getAttribute(com.kms.katalon.core.testobject.ObjectRepository.findTestObject(PharmacyRequest/Page_Store/input_txttotal), "value"): Attribute 'value' of object 'Object Repository/PharmacyRequest/Page_Store/input_txttotal' is: '10'

2018-05-15 17:18:19 - [MESSAGE][PASSED] - Attribute 'value' of object 'Object Repository/PharmacyRequest/Page_Store/input_txttotal' is: '10'

2018-05-15 17:18:19 - [TEST_STEP][PASSED] - Statement - out.println("Requested QTY : " + RequestedQty): null

2018-05-15 17:18:19 - [TEST_STEP][PASSED] - Statement - BatchNumber = com.kms.katalon.core.webui.keyword.WebUiBuiltInKeywords.getNumberOfTotalOption(com.kms.katalon.core.testobject.ObjectRepository.findTestObject(PharmacyRequest/Page_Store/select_--Select--BA50)): 2 options of object 'Object Repository/PharmacyRequest/Page_Store/select_--Select--BA50' counted

2018-05-15 17:18:19 - [MESSAGE][PASSED] - 2 options of object 'Object Repository/PharmacyRequest/Page_Store/select_--Select--BA50' counted

2018-05-15 17:18:19 - [TEST_STEP][PASSED] - Statement - For ([g = 1, g <= BatchNumber - 1, (g++)]): null

2018-05-15 17:18:19 - [TEST_STEP][PASSED] - selectOptionByIndex: All options with index in [1] are selected on object 'Object Repository/PharmacyRequest/Page_Store/select_--Select--BA50'

2018-05-15 17:18:19 - [MESSAGE][PASSED] - All options with index in [1] are selected on object 'Object Repository/PharmacyRequest/Page_Store/select_--Select--BA50'

2018-05-15 17:18:19 - [TEST_STEP][PASSED] - delay: Delayed 1 second(s)

2018-05-15 17:18:20 - [MESSAGE][PASSED] - Delayed 1 second(s)

2018-05-15 17:18:20 - [TEST_STEP][PASSED] - Statement - StockQty = com.kms.katalon.core.webui.keyword.WebUiBuiltInKeywords.getAttribute(com.kms.katalon.core.testobject.ObjectRepository.findTestObject(PharmacyRequest/Page_Store/input_txtprice), "value"): Attribute 'value' of object 'Object Repository/PharmacyRequest/Page_Store/input_txtprice' is: '50'

2018-05-15 17:18:20 - [MESSAGE][PASSED] - Attribute 'value' of object 'Object Repository/PharmacyRequest/Page_Store/input_txtprice' is: '50'

2018-05-15 17:18:20 - [TEST_STEP][PASSED] - Statement - out.println("Stock QTY : " + StockQty): null

2018-05-15 17:18:20 - [TEST_STEP][PASSED] - delay: Delayed 1 second(s)

2018-05-15 17:18:21 - [MESSAGE][PASSED] - Delayed 1 second(s)

2018-05-15 17:18:21 - [TEST_STEP][PASSED] - Statement - If (java.lang.Integer.valueOf(StockQty) >= java.lang.Integer.valueOf(RequestedQty)): null

2018-05-15 17:18:21 - [TEST_STEP][PASSED] - setText: Text '10' is set on object 'Object Repository/PharmacyRequest/Page_Store/input_txtqty'

2018-05-15 17:18:21 - [MESSAGE][PASSED] - Text '10' is set on object 'Object Repository/PharmacyRequest/Page_Store/input_txtqty'

2018-05-15 17:18:21 - [TEST_STEP][PASSED] - click: Object: 'Object Repository/PharmacyRequest/Page_Store/button_Add' is clicked on

2018-05-15 17:18:21 - [MESSAGE][PASSED] - Object: 'Object Repository/PharmacyRequest/Page_Store/button_Add' is clicked on

2018-05-15 17:18:21 - [TEST_STEP][PASSED] - Statement - Break: null

2018-05-15 17:18:21 - [TEST_STEP][PASSED] - selectOptionByIndex: All options with index in [11] are selected on object 'Object Repository/PharmacyRequest/Page_Store/select_--Select--Amlodepin -5'

2018-05-15 17:18:21 - [MESSAGE][PASSED] - All options with index in [11] are selected on object 'Object Repository/PharmacyRequest/Page_Store/select_--Select--Amlodepin -5'

2018-05-15 17:18:21 - [TEST_STEP][PASSED] - delay: Delayed 1 second(s)

2018-05-15 17:18:22 - [MESSAGE][PASSED] - Delayed 1 second(s)

2018-05-15 17:18:22 - [TEST_STEP][PASSED] - Statement - RequestedQty = com.kms.katalon.core.webui.keyword.WebUiBuiltInKeywords.getAttribute(com.kms.katalon.core.testobject.ObjectRepository.findTestObject(PharmacyRequest/Page_Store/input_txttotal), "value"): Attribute 'value' of object 'Object Repository/PharmacyRequest/Page_Store/input_txttotal' is: '10'

2018-05-15 17:18:23 - [MESSAGE][PASSED] - Attribute 'value' of object 'Object Repository/PharmacyRequest/Page_Store/input_txttotal' is: '10'

2018-05-15 17:18:23 - [TEST_STEP][PASSED] - Statement - out.println("Requested QTY : " + RequestedQty): null

2018-05-15 17:18:23 - [TEST_STEP][PASSED] - Statement - BatchNumber = com.kms.katalon.core.webui.keyword.WebUiBuiltInKeywords.getNumberOfTotalOption(com.kms.katalon.core.testobject.ObjectRepository.findTestObject(PharmacyRequest/Page_Store/select_--Select--BA50)): 2 options of object 'Object Repository/PharmacyRequest/Page_Store/select_--Select--BA50' counted

2018-05-15 17:18:23 - [MESSAGE][PASSED] - 2 options of object 'Object Repository/PharmacyRequest/Page_Store/select_--Select--BA50' counted

2018-05-15 17:18:23 - [TEST_STEP][PASSED] - Statement - For ([g = 1, g <= BatchNumber - 1, (g++)]): null

2018-05-15 17:18:23 - [TEST_STEP][PASSED] - selectOptionByIndex: All options with index in [1] are selected on object 'Object Repository/PharmacyRequest/Page_Store/select_--Select--BA50'

2018-05-15 17:18:23 - [MESSAGE][PASSED] - All options with index in [1] are selected on object 'Object Repository/PharmacyRequest/Page_Store/select_--Select--BA50'

2018-05-15 17:18:23 - [TEST_STEP][PASSED] - delay: Delayed 1 second(s)

2018-05-15 17:18:24 - [MESSAGE][PASSED] - Delayed 1 second(s)

2018-05-15 17:18:24 - [TEST_STEP][PASSED] - Statement - StockQty = com.kms.katalon.core.webui.keyword.WebUiBuiltInKeywords.getAttribute(com.kms.katalon.core.testobject.ObjectRepository.findTestObject(PharmacyRequest/Page_Store/input_txtprice), "value"): Attribute 'value' of object 'Object Repository/PharmacyRequest/Page_Store/input_txtprice' is: '50'

2018-05-15 17:18:24 - [MESSAGE][PASSED] - Attribute 'value' of object 'Object Repository/PharmacyRequest/Page_Store/input_txtprice' is: '50'

2018-05-15 17:18:24 - [TEST_STEP][PASSED] - Statement - out.println("Stock QTY : " + StockQty): null

2018-05-15 17:18:24 - [TEST_STEP][PASSED] - delay: Delayed 1 second(s)

2018-05-15 17:18:25 - [MESSAGE][PASSED] - Delayed 1 second(s)

2018-05-15 17:18:25 - [TEST_STEP][PASSED] - Statement - If (java.lang.Integer.valueOf(StockQty) >= java.lang.Integer.valueOf(RequestedQty)): null

2018-05-15 17:18:25 - [TEST_STEP][PASSED] - setText: Text '10' is set on object 'Object Repository/PharmacyRequest/Page_Store/input_txtqty'

2018-05-15 17:18:25 - [MESSAGE][PASSED] - Text '10' is set on object 'Object Repository/PharmacyRequest/Page_Store/input_txtqty'

2018-05-15 17:18:25 - [TEST_STEP][PASSED] - click: Object: 'Object Repository/PharmacyRequest/Page_Store/button_Add' is clicked on

2018-05-15 17:18:25 - [MESSAGE][PASSED] - Object: 'Object Repository/PharmacyRequest/Page_Store/button_Add' is clicked on

2018-05-15 17:18:25 - [TEST_STEP][PASSED] - Statement - Break: null

2018-05-15 17:18:25 - [TEST_STEP][PASSED] - selectOptionByIndex: All options with index in [12] are selected on object 'Object Repository/PharmacyRequest/Page_Store/select_--Select--Amlodepin -5'

2018-05-15 17:18:25 - [MESSAGE][PASSED] - All options with index in [12] are selected on object 'Object Repository/PharmacyRequest/Page_Store/select_--Select--Amlodepin -5'

2018-05-15 17:18:25 - [TEST_STEP][PASSED] - delay: Delayed 1 second(s)

2018-05-15 17:18:26 - [MESSAGE][PASSED] - Delayed 1 second(s)

2018-05-15 17:18:26 - [TEST_STEP][PASSED] - Statement - RequestedQty = com.kms.katalon.core.webui.keyword.WebUiBuiltInKeywords.getAttribute(com.kms.katalon.core.testobject.ObjectRepository.findTestObject(PharmacyRequest/Page_Store/input_txttotal), "value"): Attribute 'value' of object 'Object Repository/PharmacyRequest/Page_Store/input_txttotal' is: '10'

2018-05-15 17:18:26 - [MESSAGE][PASSED] - Attribute 'value' of object 'Object Repository/PharmacyRequest/Page_Store/input_txttotal' is: '10'

2018-05-15 17:18:26 - [TEST_STEP][PASSED] - Statement - out.println("Requested QTY : " + RequestedQty): null

2018-05-15 17:18:26 - [TEST_STEP][PASSED] - Statement - BatchNumber = com.kms.katalon.core.webui.keyword.WebUiBuiltInKeywords.getNumberOfTotalOption(com.kms.katalon.core.testobject.ObjectRepository.findTestObject(PharmacyRequest/Page_Store/select_--Select--BA50)): 2 options of object 'Object Repository/PharmacyRequest/Page_Store/select_--Select--BA50' counted

2018-05-15 17:18:26 - [MESSAGE][PASSED] - 2 options of object 'Object Repository/PharmacyRequest/Page_Store/select_--Select--BA50' counted

2018-05-15 17:18:26 - [TEST_STEP][PASSED] - Statement - For ([g = 1, g <= BatchNumber - 1, (g++)]): null

2018-05-15 17:18:26 - [TEST_STEP][PASSED] - selectOptionByIndex: All options with index in [1] are selected on object 'Object Repository/PharmacyRequest/Page_Store/select_--Select--BA50'

2018-05-15 17:18:26 - [MESSAGE][PASSED] - All options with index in [1] are selected on object 'Object Repository/PharmacyRequest/Page_Store/select_--Select--BA50'

2018-05-15 17:18:26 - [TEST_STEP][PASSED] - delay: Delayed 1 second(s)

2018-05-15 17:18:27 - [MESSAGE][PASSED] - Delayed 1 second(s)

2018-05-15 17:18:27 - [TEST_STEP][PASSED] - Statement - StockQty = com.kms.katalon.core.webui.keyword.WebUiBuiltInKeywords.getAttribute(com.kms.katalon.core.testobject.ObjectRepository.findTestObject(PharmacyRequest/Page_Store/input_txtprice), "value"): Attribute 'value' of object 'Object Repository/PharmacyRequest/Page_Store/input_txtprice' is: '50'

2018-05-15 17:18:27 - [MESSAGE][PASSED] - Attribute 'value' of object 'Object Repository/PharmacyRequest/Page_Store/input_txtprice' is: '50'

2018-05-15 17:18:27 - [TEST_STEP][PASSED] - Statement - out.println("Stock QTY : " + StockQty): null

2018-05-15 17:18:27 - [TEST_STEP][PASSED] - delay: Delayed 1 second(s)

2018-05-15 17:18:28 - [MESSAGE][PASSED] - Delayed 1 second(s)

2018-05-15 17:18:28 - [TEST_STEP][PASSED] - Statement - If (java.lang.Integer.valueOf(StockQty) >= java.lang.Integer.valueOf(RequestedQty)): null

2018-05-15 17:18:28 - [TEST_STEP][PASSED] - setText: Text '10' is set on object 'Object Repository/PharmacyRequest/Page_Store/input_txtqty'

2018-05-15 17:18:28 - [MESSAGE][PASSED] - Text '10' is set on object 'Object Repository/PharmacyRequest/Page_Store/input_txtqty'

2018-05-15 17:18:28 - [TEST_STEP][PASSED] - click: Object: 'Object Repository/PharmacyRequest/Page_Store/button_Add' is clicked on

2018-05-15 17:18:29 - [MESSAGE][PASSED] - Object: 'Object Repository/PharmacyRequest/Page_Store/button_Add' is clicked on

2018-05-15 17:18:29 - [TEST_STEP][PASSED] - Statement - Break: null

2018-05-15 17:18:29 - [TEST_STEP][PASSED] - selectOptionByIndex: All options with index in [13] are selected on object 'Object Repository/PharmacyRequest/Page_Store/select_--Select--Amlodepin -5'

2018-05-15 17:18:29 - [MESSAGE][PASSED] - All options with index in [13] are selected on object 'Object Repository/PharmacyRequest/Page_Store/select_--Select--Amlodepin -5'

2018-05-15 17:18:29 - [TEST_STEP][PASSED] - delay: Delayed 1 second(s)

2018-05-15 17:18:30 - [MESSAGE][PASSED] - Delayed 1 second(s)

2018-05-15 17:18:30 - [TEST_STEP][PASSED] - Statement - RequestedQty = com.kms.katalon.core.webui.keyword.WebUiBuiltInKeywords.getAttribute(com.kms.katalon.core.testobject.ObjectRepository.findTestObject(PharmacyRequest/Page_Store/input_txttotal), "value"): Attribute 'value' of object 'Object Repository/PharmacyRequest/Page_Store/input_txttotal' is: '10'

2018-05-15 17:18:30 - [MESSAGE][PASSED] - Attribute 'value' of object 'Object Repository/PharmacyRequest/Page_Store/input_txttotal' is: '10'

2018-05-15 17:18:30 - [TEST_STEP][PASSED] - Statement - out.println("Requested QTY : " + RequestedQty): null

2018-05-15 17:18:30 - [TEST_STEP][PASSED] - Statement - BatchNumber = com.kms.katalon.core.webui.keyword.WebUiBuiltInKeywords.getNumberOfTotalOption(com.kms.katalon.core.testobject.ObjectRepository.findTestObject(PharmacyRequest/Page_Store/select_--Select--BA50)): 2 options of object 'Object Repository/PharmacyRequest/Page_Store/select_--Select--BA50' counted

2018-05-15 17:18:30 - [MESSAGE][PASSED] - 2 options of object 'Object Repository/PharmacyRequest/Page_Store/select_--Select--BA50' counted

2018-05-15 17:18:30 - [TEST_STEP][PASSED] - Statement - For ([g = 1, g <= BatchNumber - 1, (g++)]): null

2018-05-15 17:18:30 - [TEST_STEP][PASSED] - selectOptionByIndex: All options with index in [1] are selected on object 'Object Repository/PharmacyRequest/Page_Store/select_--Select--BA50'

2018-05-15 17:18:30 - [MESSAGE][PASSED] - All options with index in [1] are selected on object 'Object Repository/PharmacyRequest/Page_Store/select_--Select--BA50'

2018-05-15 17:18:30 - [TEST_STEP][PASSED] - delay: Delayed 1 second(s)

2018-05-15 17:18:31 - [MESSAGE][PASSED] - Delayed 1 second(s)

2018-05-15 17:18:31 - [TEST_STEP][PASSED] - Statement - StockQty = com.kms.katalon.core.webui.keyword.WebUiBuiltInKeywords.getAttribute(com.kms.katalon.core.testobject.ObjectRepository.findTestObject(PharmacyRequest/Page_Store/input_txtprice), "value"): Attribute 'value' of object 'Object Repository/PharmacyRequest/Page_Store/input_txtprice' is: '50'

2018-05-15 17:18:31 - [MESSAGE][PASSED] - Attribute 'value' of object 'Object Repository/PharmacyRequest/Page_Store/input_txtprice' is: '50'

2018-05-15 17:18:31 - [TEST_STEP][PASSED] - Statement - out.println("Stock QTY : " + StockQty): null

2018-05-15 17:18:31 - [TEST_STEP][PASSED] - delay: Delayed 1 second(s)

2018-05-15 17:18:32 - [MESSAGE][PASSED] - Delayed 1 second(s)

2018-05-15 17:18:32 - [TEST_STEP][PASSED] - Statement - If (java.lang.Integer.valueOf(StockQty) >= java.lang.Integer.valueOf(RequestedQty)): null

2018-05-15 17:18:32 - [TEST_STEP][PASSED] - setText: Text '10' is set on object 'Object Repository/PharmacyRequest/Page_Store/input_txtqty'

2018-05-15 17:18:32 - [MESSAGE][PASSED] - Text '10' is set on object 'Object Repository/PharmacyRequest/Page_Store/input_txtqty'

2018-05-15 17:18:32 - [TEST_STEP][PASSED] - click: Object: 'Object Repository/PharmacyRequest/Page_Store/button_Add' is clicked on

2018-05-15 17:18:32 - [MESSAGE][PASSED] - Object: 'Object Repository/PharmacyRequest/Page_Store/button_Add' is clicked on

2018-05-15 17:18:32 - [TEST_STEP][PASSED] - Statement - Break: null

2018-05-15 17:18:32 - [TEST_STEP][PASSED] - scrollToElement: Scroll to object 'Object Repository/PharmacyRequest/Page_Store/input_btnSubmit' successfully

2018-05-15 17:18:32 - [MESSAGE][PASSED] - Scroll to object 'Object Repository/PharmacyRequest/Page_Store/input_btnSubmit' successfully

2018-05-15 17:18:32 - [TEST_STEP][PASSED] - click: Object: 'Object Repository/PharmacyRequest/Page_Store/input_btnSubmit' is clicked on

2018-05-15 17:18:32 - [MESSAGE][PASSED] - Object: 'Object Repository/PharmacyRequest/Page_Store/input_btnSubmit' is clicked on

2018-05-15 17:18:32 - [TEST_STEP][PASSED] - delay: Delayed 3 second(s)

2018-05-15 17:18:35 - [MESSAGE][PASSED] - Delayed 3 second(s)

2018-05-15 17:18:35 - [TEST_STEP][PASSED] - click: Object: 'Object Repository/PharmacyRequest/Page_Store/button_OK' is clicked on

2018-05-15 17:18:36 - [MESSAGE][PASSED] - Object: 'Object Repository/PharmacyRequest/Page_Store/button_OK' is clicked on

2018-05-15 17:18:36 - [TEST_STEP][PASSED] - delay: Delayed 3 second(s)

2018-05-15 17:18:39 - [MESSAGE][PASSED] - Delayed 3 second(s)

2018-05-15 17:18:39 - [TEST_STEP][PASSED] - click: Object: 'Object Repository/PharmacyRequest/Page_Store/a_dropdown-toggle' is clicked on

2018-05-15 17:18:39 - [MESSAGE][PASSED] - Object: 'Object Repository/PharmacyRequest/Page_Store/a_dropdown-toggle' is clicked on

2018-05-15 17:18:39 - [TEST_STEP][PASSED] - click: Object: 'Object Repository/PharmacyRequest/Page_Store/a_Sign out' is clicked on

2018-05-15 17:18:39 - [MESSAGE][PASSED] - Object: 'Object Repository/PharmacyRequest/Page_Store/a_Sign out' is clicked on

2018-05-15 17:18:39 - [TEST_STEP][PASSED] - closeBrowser: Browser is closed

2018-05-15 17:18:40 - [MESSAGE][PASSED] - Browser is closed

2018-05-15 17:18:40 - [TEST_STEP][PASSED] - Statement - out.println("Schedule 6 Pharmacy Request Are Working Successfully"): null]]></system-out>
         <system-err><![CDATA[]]></system-err>
      </testcase>
      <testcase name="Test Cases/PHARMACY TEST CASES/TC_PHAR_007 Verify Schedule 7 Pharmacy Request Are Working Successfully Or Not" classname="Test Cases/PHARMACY TEST CASES/TC_PHAR_007 Verify Schedule 7 Pharmacy Request Are Working Successfully Or Not" status="FAILED">
         <failure type="FAILED" message="Unable to click on object 'Object Repository/PharmacyRequest/Page_KDMC - CMO/input_2' (Root cause: com.kms.katalon.core.webui.exception.WebElementNotFoundException: Web element with id: 'Object Repository/PharmacyRequest/Page_KDMC - CMO/input_2' located by 'By.xpath: //*[@id=125][count(. | //input[@type = 'button']) = count(//input[@type = 'button'])]' not found)"/>
         <system-out><![CDATA[2018-05-15 17:18:40 - [TEST_CASE][FAILED] - Test Cases/PHARMACY TEST CASES/TC_PHAR_007 Verify Schedule 7 Pharmacy Request Are Working Successfully Or Not: Test Cases/PHARMACY TEST CASES/TC_PHAR_007 Verify Schedule 7 Pharmacy Request Are Working Successfully Or Not FAILED because (of) Unable to click on object 'Object Repository/PharmacyRequest/Page_KDMC - CMO/input_2' (Root cause: com.kms.katalon.core.webui.exception.WebElementNotFoundException: Web element with id: 'Object Repository/PharmacyRequest/Page_KDMC - CMO/input_2' located by 'By.xpath: //*[@id=125][count(. | //input[@type = 'button']) = count(//input[@type = 'button'])]' not found)

2018-05-15 17:18:40 - [TEST_STEP][PASSED] - openBrowser: Browser is opened with url: ''

2018-05-15 17:18:42 - [MESSAGE][PASSED] - Browser is opened with url: ''

2018-05-15 17:18:42 - [TEST_STEP][PASSED] - Statement - out.println("Verify Schedule 7 Pharmacy Request Are Working Successfully Or Not"): null

2018-05-15 17:18:42 - [TEST_STEP][PASSED] - navigateToUrl: Navigate to 'http://192.168.137.1/multihospital_new/' successfully

2018-05-15 17:18:44 - [MESSAGE][PASSED] - Navigate to 'http://192.168.137.1/multihospital_new/' successfully

2018-05-15 17:18:44 - [TEST_STEP][PASSED] - maximizeWindow: Current window maximized

2018-05-15 17:18:45 - [MESSAGE][PASSED] - Current window maximized

2018-05-15 17:18:45 - [TEST_STEP][PASSED] - click: Object: 'Object Repository/PharmacyRequest/Page_KDMC/a_Pharmacy' is clicked on

2018-05-15 17:18:46 - [MESSAGE][PASSED] - Object: 'Object Repository/PharmacyRequest/Page_KDMC/a_Pharmacy' is clicked on

2018-05-15 17:18:46 - [TEST_STEP][PASSED] - setText: Text 'raja' is set on object 'Object Repository/PharmacyRequest/Page_Pharmacy login/input_txtusername'

2018-05-15 17:18:46 - [MESSAGE][PASSED] - Text 'raja' is set on object 'Object Repository/PharmacyRequest/Page_Pharmacy login/input_txtusername'

2018-05-15 17:18:46 - [TEST_STEP][PASSED] - setText: Text '123' is set on object 'Object Repository/PharmacyRequest/Page_Pharmacy login/input_txtpassword'

2018-05-15 17:18:46 - [MESSAGE][PASSED] - Text '123' is set on object 'Object Repository/PharmacyRequest/Page_Pharmacy login/input_txtpassword'

2018-05-15 17:18:46 - [TEST_STEP][PASSED] - delay: Delayed 3 second(s)

2018-05-15 17:18:49 - [MESSAGE][PASSED] - Delayed 3 second(s)

2018-05-15 17:18:49 - [TEST_STEP][PASSED] - click: Object: 'Object Repository/PharmacyRequest/Page_Pharmacy login/button_Sign in' is clicked on

2018-05-15 17:18:50 - [MESSAGE][PASSED] - Object: 'Object Repository/PharmacyRequest/Page_Pharmacy login/button_Sign in' is clicked on

2018-05-15 17:18:50 - [TEST_STEP][PASSED] - delay: Delayed 3 second(s)

2018-05-15 17:18:53 - [MESSAGE][PASSED] - Delayed 3 second(s)

2018-05-15 17:18:53 - [TEST_STEP][PASSED] - click: Object: 'Object Repository/PharmacyRequest/Page_KDMC - Pharmacy/a_Inventory' is clicked on

2018-05-15 17:18:54 - [MESSAGE][PASSED] - Object: 'Object Repository/PharmacyRequest/Page_KDMC - Pharmacy/a_Inventory' is clicked on

2018-05-15 17:18:54 - [TEST_STEP][PASSED] - delay: Delayed 3 second(s)

2018-05-15 17:18:57 - [MESSAGE][PASSED] - Delayed 3 second(s)

2018-05-15 17:18:57 - [TEST_STEP][PASSED] - click: Object: 'Object Repository/PharmacyRequest/Page_KDMC-Pharmacy/a_Store Request' is clicked on

2018-05-15 17:18:57 - [MESSAGE][PASSED] - Object: 'Object Repository/PharmacyRequest/Page_KDMC-Pharmacy/a_Store Request' is clicked on

2018-05-15 17:18:57 - [TEST_STEP][PASSED] - click: Object: 'Object Repository/PharmacyRequest/Page_KDMC-Pharmacy/a_Medicine Request' is clicked on

2018-05-15 17:18:58 - [MESSAGE][PASSED] - Object: 'Object Repository/PharmacyRequest/Page_KDMC-Pharmacy/a_Medicine Request' is clicked on

2018-05-15 17:18:58 - [TEST_STEP][PASSED] - selectOptionByIndex: All options with index in [7] are selected on object 'Object Repository/PharmacyRequest/Page_KDMC-Pharmacy/select_--Select--Schedule 1Inj'

2018-05-15 17:18:58 - [MESSAGE][PASSED] - All options with index in [7] are selected on object 'Object Repository/PharmacyRequest/Page_KDMC-Pharmacy/select_--Select--Schedule 1Inj'

2018-05-15 17:18:58 - [TEST_STEP][PASSED] - Statement - MedicineLength = com.kms.katalon.core.webui.keyword.WebUiBuiltInKeywords.getNumberOfTotalOption(com.kms.katalon.core.testobject.ObjectRepository.findTestObject(PharmacyRequest/Page_KDMC-Pharmacy/select_--Select--Albendazole)): 24 options of object 'Object Repository/PharmacyRequest/Page_KDMC-Pharmacy/select_--Select--Albendazole' counted

2018-05-15 17:18:59 - [MESSAGE][PASSED] - 24 options of object 'Object Repository/PharmacyRequest/Page_KDMC-Pharmacy/select_--Select--Albendazole' counted

2018-05-15 17:18:59 - [TEST_STEP][PASSED] - Statement - For ([l = 1, l <= MedicineLength - 1, (l++)]): Object: 'Object Repository/PharmacyRequest/Page_KDMC-Pharmacy/button_Add' is clicked on

2018-05-15 17:18:59 - [TEST_STEP][PASSED] - selectOptionByIndex: All options with index in [7] are selected on object 'Object Repository/PharmacyRequest/Page_KDMC-Pharmacy/select_--Select--Schedule 1Inj'

2018-05-15 17:18:59 - [MESSAGE][PASSED] - All options with index in [7] are selected on object 'Object Repository/PharmacyRequest/Page_KDMC-Pharmacy/select_--Select--Schedule 1Inj'

2018-05-15 17:18:59 - [TEST_STEP][PASSED] - selectOptionByIndex: All options with index in [1] are selected on object 'Object Repository/PharmacyRequest/Page_KDMC-Pharmacy/select_--Select--Albendazole'

2018-05-15 17:18:59 - [MESSAGE][PASSED] - All options with index in [1] are selected on object 'Object Repository/PharmacyRequest/Page_KDMC-Pharmacy/select_--Select--Albendazole'

2018-05-15 17:18:59 - [TEST_STEP][PASSED] - setText: Text '10' is set on object 'Object Repository/PharmacyRequest/Page_KDMC-Pharmacy/input_txttreat'

2018-05-15 17:18:59 - [MESSAGE][PASSED] - Text '10' is set on object 'Object Repository/PharmacyRequest/Page_KDMC-Pharmacy/input_txttreat'

2018-05-15 17:18:59 - [TEST_STEP][PASSED] - click: Object: 'Object Repository/PharmacyRequest/Page_KDMC-Pharmacy/button_Add' is clicked on

2018-05-15 17:18:59 - [MESSAGE][PASSED] - Object: 'Object Repository/PharmacyRequest/Page_KDMC-Pharmacy/button_Add' is clicked on

2018-05-15 17:18:59 - [TEST_STEP][PASSED] - selectOptionByIndex: All options with index in [7] are selected on object 'Object Repository/PharmacyRequest/Page_KDMC-Pharmacy/select_--Select--Schedule 1Inj'

2018-05-15 17:18:59 - [MESSAGE][PASSED] - All options with index in [7] are selected on object 'Object Repository/PharmacyRequest/Page_KDMC-Pharmacy/select_--Select--Schedule 1Inj'

2018-05-15 17:18:59 - [TEST_STEP][PASSED] - selectOptionByIndex: All options with index in [2] are selected on object 'Object Repository/PharmacyRequest/Page_KDMC-Pharmacy/select_--Select--Albendazole'

2018-05-15 17:18:59 - [MESSAGE][PASSED] - All options with index in [2] are selected on object 'Object Repository/PharmacyRequest/Page_KDMC-Pharmacy/select_--Select--Albendazole'

2018-05-15 17:18:59 - [TEST_STEP][PASSED] - setText: Text '10' is set on object 'Object Repository/PharmacyRequest/Page_KDMC-Pharmacy/input_txttreat'

2018-05-15 17:18:59 - [MESSAGE][PASSED] - Text '10' is set on object 'Object Repository/PharmacyRequest/Page_KDMC-Pharmacy/input_txttreat'

2018-05-15 17:18:59 - [TEST_STEP][PASSED] - click: Object: 'Object Repository/PharmacyRequest/Page_KDMC-Pharmacy/button_Add' is clicked on

2018-05-15 17:18:59 - [MESSAGE][PASSED] - Object: 'Object Repository/PharmacyRequest/Page_KDMC-Pharmacy/button_Add' is clicked on

2018-05-15 17:18:59 - [TEST_STEP][PASSED] - selectOptionByIndex: All options with index in [7] are selected on object 'Object Repository/PharmacyRequest/Page_KDMC-Pharmacy/select_--Select--Schedule 1Inj'

2018-05-15 17:19:00 - [MESSAGE][PASSED] - All options with index in [7] are selected on object 'Object Repository/PharmacyRequest/Page_KDMC-Pharmacy/select_--Select--Schedule 1Inj'

2018-05-15 17:19:00 - [TEST_STEP][PASSED] - selectOptionByIndex: All options with index in [3] are selected on object 'Object Repository/PharmacyRequest/Page_KDMC-Pharmacy/select_--Select--Albendazole'

2018-05-15 17:19:00 - [MESSAGE][PASSED] - All options with index in [3] are selected on object 'Object Repository/PharmacyRequest/Page_KDMC-Pharmacy/select_--Select--Albendazole'

2018-05-15 17:19:00 - [TEST_STEP][PASSED] - setText: Text '10' is set on object 'Object Repository/PharmacyRequest/Page_KDMC-Pharmacy/input_txttreat'

2018-05-15 17:19:00 - [MESSAGE][PASSED] - Text '10' is set on object 'Object Repository/PharmacyRequest/Page_KDMC-Pharmacy/input_txttreat'

2018-05-15 17:19:00 - [TEST_STEP][PASSED] - click: Object: 'Object Repository/PharmacyRequest/Page_KDMC-Pharmacy/button_Add' is clicked on

2018-05-15 17:19:00 - [MESSAGE][PASSED] - Object: 'Object Repository/PharmacyRequest/Page_KDMC-Pharmacy/button_Add' is clicked on

2018-05-15 17:19:00 - [TEST_STEP][PASSED] - selectOptionByIndex: All options with index in [7] are selected on object 'Object Repository/PharmacyRequest/Page_KDMC-Pharmacy/select_--Select--Schedule 1Inj'

2018-05-15 17:19:00 - [MESSAGE][PASSED] - All options with index in [7] are selected on object 'Object Repository/PharmacyRequest/Page_KDMC-Pharmacy/select_--Select--Schedule 1Inj'

2018-05-15 17:19:00 - [TEST_STEP][PASSED] - selectOptionByIndex: All options with index in [4] are selected on object 'Object Repository/PharmacyRequest/Page_KDMC-Pharmacy/select_--Select--Albendazole'

2018-05-15 17:19:00 - [MESSAGE][PASSED] - All options with index in [4] are selected on object 'Object Repository/PharmacyRequest/Page_KDMC-Pharmacy/select_--Select--Albendazole'

2018-05-15 17:19:00 - [TEST_STEP][PASSED] - setText: Text '10' is set on object 'Object Repository/PharmacyRequest/Page_KDMC-Pharmacy/input_txttreat'

2018-05-15 17:19:00 - [MESSAGE][PASSED] - Text '10' is set on object 'Object Repository/PharmacyRequest/Page_KDMC-Pharmacy/input_txttreat'

2018-05-15 17:19:00 - [TEST_STEP][PASSED] - click: Object: 'Object Repository/PharmacyRequest/Page_KDMC-Pharmacy/button_Add' is clicked on

2018-05-15 17:19:00 - [MESSAGE][PASSED] - Object: 'Object Repository/PharmacyRequest/Page_KDMC-Pharmacy/button_Add' is clicked on

2018-05-15 17:19:00 - [TEST_STEP][PASSED] - selectOptionByIndex: All options with index in [7] are selected on object 'Object Repository/PharmacyRequest/Page_KDMC-Pharmacy/select_--Select--Schedule 1Inj'

2018-05-15 17:19:01 - [MESSAGE][PASSED] - All options with index in [7] are selected on object 'Object Repository/PharmacyRequest/Page_KDMC-Pharmacy/select_--Select--Schedule 1Inj'

2018-05-15 17:19:01 - [TEST_STEP][PASSED] - selectOptionByIndex: All options with index in [5] are selected on object 'Object Repository/PharmacyRequest/Page_KDMC-Pharmacy/select_--Select--Albendazole'

2018-05-15 17:19:01 - [MESSAGE][PASSED] - All options with index in [5] are selected on object 'Object Repository/PharmacyRequest/Page_KDMC-Pharmacy/select_--Select--Albendazole'

2018-05-15 17:19:01 - [TEST_STEP][PASSED] - setText: Text '10' is set on object 'Object Repository/PharmacyRequest/Page_KDMC-Pharmacy/input_txttreat'

2018-05-15 17:19:01 - [MESSAGE][PASSED] - Text '10' is set on object 'Object Repository/PharmacyRequest/Page_KDMC-Pharmacy/input_txttreat'

2018-05-15 17:19:01 - [TEST_STEP][PASSED] - click: Object: 'Object Repository/PharmacyRequest/Page_KDMC-Pharmacy/button_Add' is clicked on

2018-05-15 17:19:01 - [MESSAGE][PASSED] - Object: 'Object Repository/PharmacyRequest/Page_KDMC-Pharmacy/button_Add' is clicked on

2018-05-15 17:19:01 - [TEST_STEP][PASSED] - selectOptionByIndex: All options with index in [7] are selected on object 'Object Repository/PharmacyRequest/Page_KDMC-Pharmacy/select_--Select--Schedule 1Inj'

2018-05-15 17:19:01 - [MESSAGE][PASSED] - All options with index in [7] are selected on object 'Object Repository/PharmacyRequest/Page_KDMC-Pharmacy/select_--Select--Schedule 1Inj'

2018-05-15 17:19:01 - [TEST_STEP][PASSED] - selectOptionByIndex: All options with index in [6] are selected on object 'Object Repository/PharmacyRequest/Page_KDMC-Pharmacy/select_--Select--Albendazole'

2018-05-15 17:19:01 - [MESSAGE][PASSED] - All options with index in [6] are selected on object 'Object Repository/PharmacyRequest/Page_KDMC-Pharmacy/select_--Select--Albendazole'

2018-05-15 17:19:01 - [TEST_STEP][PASSED] - setText: Text '10' is set on object 'Object Repository/PharmacyRequest/Page_KDMC-Pharmacy/input_txttreat'

2018-05-15 17:19:01 - [MESSAGE][PASSED] - Text '10' is set on object 'Object Repository/PharmacyRequest/Page_KDMC-Pharmacy/input_txttreat'

2018-05-15 17:19:01 - [TEST_STEP][PASSED] - click: Object: 'Object Repository/PharmacyRequest/Page_KDMC-Pharmacy/button_Add' is clicked on

2018-05-15 17:19:01 - [MESSAGE][PASSED] - Object: 'Object Repository/PharmacyRequest/Page_KDMC-Pharmacy/button_Add' is clicked on

2018-05-15 17:19:01 - [TEST_STEP][PASSED] - selectOptionByIndex: All options with index in [7] are selected on object 'Object Repository/PharmacyRequest/Page_KDMC-Pharmacy/select_--Select--Schedule 1Inj'

2018-05-15 17:19:01 - [MESSAGE][PASSED] - All options with index in [7] are selected on object 'Object Repository/PharmacyRequest/Page_KDMC-Pharmacy/select_--Select--Schedule 1Inj'

2018-05-15 17:19:01 - [TEST_STEP][PASSED] - selectOptionByIndex: All options with index in [7] are selected on object 'Object Repository/PharmacyRequest/Page_KDMC-Pharmacy/select_--Select--Albendazole'

2018-05-15 17:19:02 - [MESSAGE][PASSED] - All options with index in [7] are selected on object 'Object Repository/PharmacyRequest/Page_KDMC-Pharmacy/select_--Select--Albendazole'

2018-05-15 17:19:02 - [TEST_STEP][PASSED] - setText: Text '10' is set on object 'Object Repository/PharmacyRequest/Page_KDMC-Pharmacy/input_txttreat'

2018-05-15 17:19:02 - [MESSAGE][PASSED] - Text '10' is set on object 'Object Repository/PharmacyRequest/Page_KDMC-Pharmacy/input_txttreat'

2018-05-15 17:19:02 - [TEST_STEP][PASSED] - click: Object: 'Object Repository/PharmacyRequest/Page_KDMC-Pharmacy/button_Add' is clicked on

2018-05-15 17:19:02 - [MESSAGE][PASSED] - Object: 'Object Repository/PharmacyRequest/Page_KDMC-Pharmacy/button_Add' is clicked on

2018-05-15 17:19:02 - [TEST_STEP][PASSED] - selectOptionByIndex: All options with index in [7] are selected on object 'Object Repository/PharmacyRequest/Page_KDMC-Pharmacy/select_--Select--Schedule 1Inj'

2018-05-15 17:19:02 - [MESSAGE][PASSED] - All options with index in [7] are selected on object 'Object Repository/PharmacyRequest/Page_KDMC-Pharmacy/select_--Select--Schedule 1Inj'

2018-05-15 17:19:02 - [TEST_STEP][PASSED] - selectOptionByIndex: All options with index in [8] are selected on object 'Object Repository/PharmacyRequest/Page_KDMC-Pharmacy/select_--Select--Albendazole'

2018-05-15 17:19:02 - [MESSAGE][PASSED] - All options with index in [8] are selected on object 'Object Repository/PharmacyRequest/Page_KDMC-Pharmacy/select_--Select--Albendazole'

2018-05-15 17:19:02 - [TEST_STEP][PASSED] - setText: Text '10' is set on object 'Object Repository/PharmacyRequest/Page_KDMC-Pharmacy/input_txttreat'

2018-05-15 17:19:02 - [MESSAGE][PASSED] - Text '10' is set on object 'Object Repository/PharmacyRequest/Page_KDMC-Pharmacy/input_txttreat'

2018-05-15 17:19:02 - [TEST_STEP][PASSED] - click: Object: 'Object Repository/PharmacyRequest/Page_KDMC-Pharmacy/button_Add' is clicked on

2018-05-15 17:19:02 - [MESSAGE][PASSED] - Object: 'Object Repository/PharmacyRequest/Page_KDMC-Pharmacy/button_Add' is clicked on

2018-05-15 17:19:02 - [TEST_STEP][PASSED] - selectOptionByIndex: All options with index in [7] are selected on object 'Object Repository/PharmacyRequest/Page_KDMC-Pharmacy/select_--Select--Schedule 1Inj'

2018-05-15 17:19:02 - [MESSAGE][PASSED] - All options with index in [7] are selected on object 'Object Repository/PharmacyRequest/Page_KDMC-Pharmacy/select_--Select--Schedule 1Inj'

2018-05-15 17:19:02 - [TEST_STEP][PASSED] - selectOptionByIndex: All options with index in [9] are selected on object 'Object Repository/PharmacyRequest/Page_KDMC-Pharmacy/select_--Select--Albendazole'

2018-05-15 17:19:03 - [MESSAGE][PASSED] - All options with index in [9] are selected on object 'Object Repository/PharmacyRequest/Page_KDMC-Pharmacy/select_--Select--Albendazole'

2018-05-15 17:19:03 - [TEST_STEP][PASSED] - setText: Text '10' is set on object 'Object Repository/PharmacyRequest/Page_KDMC-Pharmacy/input_txttreat'

2018-05-15 17:19:03 - [MESSAGE][PASSED] - Text '10' is set on object 'Object Repository/PharmacyRequest/Page_KDMC-Pharmacy/input_txttreat'

2018-05-15 17:19:03 - [TEST_STEP][PASSED] - click: Object: 'Object Repository/PharmacyRequest/Page_KDMC-Pharmacy/button_Add' is clicked on

2018-05-15 17:19:03 - [MESSAGE][PASSED] - Object: 'Object Repository/PharmacyRequest/Page_KDMC-Pharmacy/button_Add' is clicked on

2018-05-15 17:19:03 - [TEST_STEP][PASSED] - selectOptionByIndex: All options with index in [7] are selected on object 'Object Repository/PharmacyRequest/Page_KDMC-Pharmacy/select_--Select--Schedule 1Inj'

2018-05-15 17:19:03 - [MESSAGE][PASSED] - All options with index in [7] are selected on object 'Object Repository/PharmacyRequest/Page_KDMC-Pharmacy/select_--Select--Schedule 1Inj'

2018-05-15 17:19:03 - [TEST_STEP][PASSED] - selectOptionByIndex: All options with index in [10] are selected on object 'Object Repository/PharmacyRequest/Page_KDMC-Pharmacy/select_--Select--Albendazole'

2018-05-15 17:19:03 - [MESSAGE][PASSED] - All options with index in [10] are selected on object 'Object Repository/PharmacyRequest/Page_KDMC-Pharmacy/select_--Select--Albendazole'

2018-05-15 17:19:03 - [TEST_STEP][PASSED] - setText: Text '10' is set on object 'Object Repository/PharmacyRequest/Page_KDMC-Pharmacy/input_txttreat'

2018-05-15 17:19:03 - [MESSAGE][PASSED] - Text '10' is set on object 'Object Repository/PharmacyRequest/Page_KDMC-Pharmacy/input_txttreat'

2018-05-15 17:19:03 - [TEST_STEP][PASSED] - click: Object: 'Object Repository/PharmacyRequest/Page_KDMC-Pharmacy/button_Add' is clicked on

2018-05-15 17:19:03 - [MESSAGE][PASSED] - Object: 'Object Repository/PharmacyRequest/Page_KDMC-Pharmacy/button_Add' is clicked on

2018-05-15 17:19:03 - [TEST_STEP][PASSED] - selectOptionByIndex: All options with index in [7] are selected on object 'Object Repository/PharmacyRequest/Page_KDMC-Pharmacy/select_--Select--Schedule 1Inj'

2018-05-15 17:19:03 - [MESSAGE][PASSED] - All options with index in [7] are selected on object 'Object Repository/PharmacyRequest/Page_KDMC-Pharmacy/select_--Select--Schedule 1Inj'

2018-05-15 17:19:03 - [TEST_STEP][PASSED] - selectOptionByIndex: All options with index in [11] are selected on object 'Object Repository/PharmacyRequest/Page_KDMC-Pharmacy/select_--Select--Albendazole'

2018-05-15 17:19:04 - [MESSAGE][PASSED] - All options with index in [11] are selected on object 'Object Repository/PharmacyRequest/Page_KDMC-Pharmacy/select_--Select--Albendazole'

2018-05-15 17:19:04 - [TEST_STEP][PASSED] - setText: Text '10' is set on object 'Object Repository/PharmacyRequest/Page_KDMC-Pharmacy/input_txttreat'

2018-05-15 17:19:04 - [MESSAGE][PASSED] - Text '10' is set on object 'Object Repository/PharmacyRequest/Page_KDMC-Pharmacy/input_txttreat'

2018-05-15 17:19:04 - [TEST_STEP][PASSED] - click: Object: 'Object Repository/PharmacyRequest/Page_KDMC-Pharmacy/button_Add' is clicked on

2018-05-15 17:19:04 - [MESSAGE][PASSED] - Object: 'Object Repository/PharmacyRequest/Page_KDMC-Pharmacy/button_Add' is clicked on

2018-05-15 17:19:04 - [TEST_STEP][PASSED] - selectOptionByIndex: All options with index in [7] are selected on object 'Object Repository/PharmacyRequest/Page_KDMC-Pharmacy/select_--Select--Schedule 1Inj'

2018-05-15 17:19:04 - [MESSAGE][PASSED] - All options with index in [7] are selected on object 'Object Repository/PharmacyRequest/Page_KDMC-Pharmacy/select_--Select--Schedule 1Inj'

2018-05-15 17:19:04 - [TEST_STEP][PASSED] - selectOptionByIndex: All options with index in [12] are selected on object 'Object Repository/PharmacyRequest/Page_KDMC-Pharmacy/select_--Select--Albendazole'

2018-05-15 17:19:04 - [MESSAGE][PASSED] - All options with index in [12] are selected on object 'Object Repository/PharmacyRequest/Page_KDMC-Pharmacy/select_--Select--Albendazole'

2018-05-15 17:19:04 - [TEST_STEP][PASSED] - setText: Text '10' is set on object 'Object Repository/PharmacyRequest/Page_KDMC-Pharmacy/input_txttreat'

2018-05-15 17:19:04 - [MESSAGE][PASSED] - Text '10' is set on object 'Object Repository/PharmacyRequest/Page_KDMC-Pharmacy/input_txttreat'

2018-05-15 17:19:04 - [TEST_STEP][PASSED] - click: Object: 'Object Repository/PharmacyRequest/Page_KDMC-Pharmacy/button_Add' is clicked on

2018-05-15 17:19:04 - [MESSAGE][PASSED] - Object: 'Object Repository/PharmacyRequest/Page_KDMC-Pharmacy/button_Add' is clicked on

2018-05-15 17:19:04 - [TEST_STEP][PASSED] - selectOptionByIndex: All options with index in [7] are selected on object 'Object Repository/PharmacyRequest/Page_KDMC-Pharmacy/select_--Select--Schedule 1Inj'

2018-05-15 17:19:04 - [MESSAGE][PASSED] - All options with index in [7] are selected on object 'Object Repository/PharmacyRequest/Page_KDMC-Pharmacy/select_--Select--Schedule 1Inj'

2018-05-15 17:19:04 - [TEST_STEP][PASSED] - selectOptionByIndex: All options with index in [13] are selected on object 'Object Repository/PharmacyRequest/Page_KDMC-Pharmacy/select_--Select--Albendazole'

2018-05-15 17:19:05 - [MESSAGE][PASSED] - All options with index in [13] are selected on object 'Object Repository/PharmacyRequest/Page_KDMC-Pharmacy/select_--Select--Albendazole'

2018-05-15 17:19:05 - [TEST_STEP][PASSED] - setText: Text '10' is set on object 'Object Repository/PharmacyRequest/Page_KDMC-Pharmacy/input_txttreat'

2018-05-15 17:19:05 - [MESSAGE][PASSED] - Text '10' is set on object 'Object Repository/PharmacyRequest/Page_KDMC-Pharmacy/input_txttreat'

2018-05-15 17:19:05 - [TEST_STEP][PASSED] - click: Object: 'Object Repository/PharmacyRequest/Page_KDMC-Pharmacy/button_Add' is clicked on

2018-05-15 17:19:05 - [MESSAGE][PASSED] - Object: 'Object Repository/PharmacyRequest/Page_KDMC-Pharmacy/button_Add' is clicked on

2018-05-15 17:19:05 - [TEST_STEP][PASSED] - selectOptionByIndex: All options with index in [7] are selected on object 'Object Repository/PharmacyRequest/Page_KDMC-Pharmacy/select_--Select--Schedule 1Inj'

2018-05-15 17:19:05 - [MESSAGE][PASSED] - All options with index in [7] are selected on object 'Object Repository/PharmacyRequest/Page_KDMC-Pharmacy/select_--Select--Schedule 1Inj'

2018-05-15 17:19:05 - [TEST_STEP][PASSED] - selectOptionByIndex: All options with index in [14] are selected on object 'Object Repository/PharmacyRequest/Page_KDMC-Pharmacy/select_--Select--Albendazole'

2018-05-15 17:19:05 - [MESSAGE][PASSED] - All options with index in [14] are selected on object 'Object Repository/PharmacyRequest/Page_KDMC-Pharmacy/select_--Select--Albendazole'

2018-05-15 17:19:05 - [TEST_STEP][PASSED] - setText: Text '10' is set on object 'Object Repository/PharmacyRequest/Page_KDMC-Pharmacy/input_txttreat'

2018-05-15 17:19:05 - [MESSAGE][PASSED] - Text '10' is set on object 'Object Repository/PharmacyRequest/Page_KDMC-Pharmacy/input_txttreat'

2018-05-15 17:19:05 - [TEST_STEP][PASSED] - click: Object: 'Object Repository/PharmacyRequest/Page_KDMC-Pharmacy/button_Add' is clicked on

2018-05-15 17:19:05 - [MESSAGE][PASSED] - Object: 'Object Repository/PharmacyRequest/Page_KDMC-Pharmacy/button_Add' is clicked on

2018-05-15 17:19:05 - [TEST_STEP][PASSED] - selectOptionByIndex: All options with index in [7] are selected on object 'Object Repository/PharmacyRequest/Page_KDMC-Pharmacy/select_--Select--Schedule 1Inj'

2018-05-15 17:19:05 - [MESSAGE][PASSED] - All options with index in [7] are selected on object 'Object Repository/PharmacyRequest/Page_KDMC-Pharmacy/select_--Select--Schedule 1Inj'

2018-05-15 17:19:05 - [TEST_STEP][PASSED] - selectOptionByIndex: All options with index in [15] are selected on object 'Object Repository/PharmacyRequest/Page_KDMC-Pharmacy/select_--Select--Albendazole'

2018-05-15 17:19:05 - [MESSAGE][PASSED] - All options with index in [15] are selected on object 'Object Repository/PharmacyRequest/Page_KDMC-Pharmacy/select_--Select--Albendazole'

2018-05-15 17:19:05 - [TEST_STEP][PASSED] - setText: Text '10' is set on object 'Object Repository/PharmacyRequest/Page_KDMC-Pharmacy/input_txttreat'

2018-05-15 17:19:06 - [MESSAGE][PASSED] - Text '10' is set on object 'Object Repository/PharmacyRequest/Page_KDMC-Pharmacy/input_txttreat'

2018-05-15 17:19:06 - [TEST_STEP][PASSED] - click: Object: 'Object Repository/PharmacyRequest/Page_KDMC-Pharmacy/button_Add' is clicked on

2018-05-15 17:19:06 - [MESSAGE][PASSED] - Object: 'Object Repository/PharmacyRequest/Page_KDMC-Pharmacy/button_Add' is clicked on

2018-05-15 17:19:06 - [TEST_STEP][PASSED] - selectOptionByIndex: All options with index in [7] are selected on object 'Object Repository/PharmacyRequest/Page_KDMC-Pharmacy/select_--Select--Schedule 1Inj'

2018-05-15 17:19:06 - [MESSAGE][PASSED] - All options with index in [7] are selected on object 'Object Repository/PharmacyRequest/Page_KDMC-Pharmacy/select_--Select--Schedule 1Inj'

2018-05-15 17:19:06 - [TEST_STEP][PASSED] - selectOptionByIndex: All options with index in [16] are selected on object 'Object Repository/PharmacyRequest/Page_KDMC-Pharmacy/select_--Select--Albendazole'

2018-05-15 17:19:06 - [MESSAGE][PASSED] - All options with index in [16] are selected on object 'Object Repository/PharmacyRequest/Page_KDMC-Pharmacy/select_--Select--Albendazole'

2018-05-15 17:19:06 - [TEST_STEP][PASSED] - setText: Text '10' is set on object 'Object Repository/PharmacyRequest/Page_KDMC-Pharmacy/input_txttreat'

2018-05-15 17:19:06 - [MESSAGE][PASSED] - Text '10' is set on object 'Object Repository/PharmacyRequest/Page_KDMC-Pharmacy/input_txttreat'

2018-05-15 17:19:06 - [TEST_STEP][PASSED] - click: Object: 'Object Repository/PharmacyRequest/Page_KDMC-Pharmacy/button_Add' is clicked on

2018-05-15 17:19:06 - [MESSAGE][PASSED] - Object: 'Object Repository/PharmacyRequest/Page_KDMC-Pharmacy/button_Add' is clicked on

2018-05-15 17:19:06 - [TEST_STEP][PASSED] - selectOptionByIndex: All options with index in [7] are selected on object 'Object Repository/PharmacyRequest/Page_KDMC-Pharmacy/select_--Select--Schedule 1Inj'

2018-05-15 17:19:06 - [MESSAGE][PASSED] - All options with index in [7] are selected on object 'Object Repository/PharmacyRequest/Page_KDMC-Pharmacy/select_--Select--Schedule 1Inj'

2018-05-15 17:19:06 - [TEST_STEP][PASSED] - selectOptionByIndex: All options with index in [17] are selected on object 'Object Repository/PharmacyRequest/Page_KDMC-Pharmacy/select_--Select--Albendazole'

2018-05-15 17:19:07 - [MESSAGE][PASSED] - All options with index in [17] are selected on object 'Object Repository/PharmacyRequest/Page_KDMC-Pharmacy/select_--Select--Albendazole'

2018-05-15 17:19:07 - [TEST_STEP][PASSED] - setText: Text '10' is set on object 'Object Repository/PharmacyRequest/Page_KDMC-Pharmacy/input_txttreat'

2018-05-15 17:19:07 - [MESSAGE][PASSED] - Text '10' is set on object 'Object Repository/PharmacyRequest/Page_KDMC-Pharmacy/input_txttreat'

2018-05-15 17:19:07 - [TEST_STEP][PASSED] - click: Object: 'Object Repository/PharmacyRequest/Page_KDMC-Pharmacy/button_Add' is clicked on

2018-05-15 17:19:07 - [MESSAGE][PASSED] - Object: 'Object Repository/PharmacyRequest/Page_KDMC-Pharmacy/button_Add' is clicked on

2018-05-15 17:19:07 - [TEST_STEP][PASSED] - selectOptionByIndex: All options with index in [7] are selected on object 'Object Repository/PharmacyRequest/Page_KDMC-Pharmacy/select_--Select--Schedule 1Inj'

2018-05-15 17:19:07 - [MESSAGE][PASSED] - All options with index in [7] are selected on object 'Object Repository/PharmacyRequest/Page_KDMC-Pharmacy/select_--Select--Schedule 1Inj'

2018-05-15 17:19:07 - [TEST_STEP][PASSED] - selectOptionByIndex: All options with index in [18] are selected on object 'Object Repository/PharmacyRequest/Page_KDMC-Pharmacy/select_--Select--Albendazole'

2018-05-15 17:19:07 - [MESSAGE][PASSED] - All options with index in [18] are selected on object 'Object Repository/PharmacyRequest/Page_KDMC-Pharmacy/select_--Select--Albendazole'

2018-05-15 17:19:07 - [TEST_STEP][PASSED] - setText: Text '10' is set on object 'Object Repository/PharmacyRequest/Page_KDMC-Pharmacy/input_txttreat'

2018-05-15 17:19:07 - [MESSAGE][PASSED] - Text '10' is set on object 'Object Repository/PharmacyRequest/Page_KDMC-Pharmacy/input_txttreat'

2018-05-15 17:19:07 - [TEST_STEP][PASSED] - click: Object: 'Object Repository/PharmacyRequest/Page_KDMC-Pharmacy/button_Add' is clicked on

2018-05-15 17:19:07 - [MESSAGE][PASSED] - Object: 'Object Repository/PharmacyRequest/Page_KDMC-Pharmacy/button_Add' is clicked on

2018-05-15 17:19:07 - [TEST_STEP][PASSED] - selectOptionByIndex: All options with index in [7] are selected on object 'Object Repository/PharmacyRequest/Page_KDMC-Pharmacy/select_--Select--Schedule 1Inj'

2018-05-15 17:19:07 - [MESSAGE][PASSED] - All options with index in [7] are selected on object 'Object Repository/PharmacyRequest/Page_KDMC-Pharmacy/select_--Select--Schedule 1Inj'

2018-05-15 17:19:07 - [TEST_STEP][PASSED] - selectOptionByIndex: All options with index in [19] are selected on object 'Object Repository/PharmacyRequest/Page_KDMC-Pharmacy/select_--Select--Albendazole'

2018-05-15 17:19:08 - [MESSAGE][PASSED] - All options with index in [19] are selected on object 'Object Repository/PharmacyRequest/Page_KDMC-Pharmacy/select_--Select--Albendazole'

2018-05-15 17:19:08 - [TEST_STEP][PASSED] - setText: Text '10' is set on object 'Object Repository/PharmacyRequest/Page_KDMC-Pharmacy/input_txttreat'

2018-05-15 17:19:08 - [MESSAGE][PASSED] - Text '10' is set on object 'Object Repository/PharmacyRequest/Page_KDMC-Pharmacy/input_txttreat'

2018-05-15 17:19:08 - [TEST_STEP][PASSED] - click: Object: 'Object Repository/PharmacyRequest/Page_KDMC-Pharmacy/button_Add' is clicked on

2018-05-15 17:19:08 - [MESSAGE][PASSED] - Object: 'Object Repository/PharmacyRequest/Page_KDMC-Pharmacy/button_Add' is clicked on

2018-05-15 17:19:08 - [TEST_STEP][PASSED] - selectOptionByIndex: All options with index in [7] are selected on object 'Object Repository/PharmacyRequest/Page_KDMC-Pharmacy/select_--Select--Schedule 1Inj'

2018-05-15 17:19:08 - [MESSAGE][PASSED] - All options with index in [7] are selected on object 'Object Repository/PharmacyRequest/Page_KDMC-Pharmacy/select_--Select--Schedule 1Inj'

2018-05-15 17:19:08 - [TEST_STEP][PASSED] - selectOptionByIndex: All options with index in [20] are selected on object 'Object Repository/PharmacyRequest/Page_KDMC-Pharmacy/select_--Select--Albendazole'

2018-05-15 17:19:08 - [MESSAGE][PASSED] - All options with index in [20] are selected on object 'Object Repository/PharmacyRequest/Page_KDMC-Pharmacy/select_--Select--Albendazole'

2018-05-15 17:19:08 - [TEST_STEP][PASSED] - setText: Text '10' is set on object 'Object Repository/PharmacyRequest/Page_KDMC-Pharmacy/input_txttreat'

2018-05-15 17:19:08 - [MESSAGE][PASSED] - Text '10' is set on object 'Object Repository/PharmacyRequest/Page_KDMC-Pharmacy/input_txttreat'

2018-05-15 17:19:08 - [TEST_STEP][PASSED] - click: Object: 'Object Repository/PharmacyRequest/Page_KDMC-Pharmacy/button_Add' is clicked on

2018-05-15 17:19:08 - [MESSAGE][PASSED] - Object: 'Object Repository/PharmacyRequest/Page_KDMC-Pharmacy/button_Add' is clicked on

2018-05-15 17:19:08 - [TEST_STEP][PASSED] - selectOptionByIndex: All options with index in [7] are selected on object 'Object Repository/PharmacyRequest/Page_KDMC-Pharmacy/select_--Select--Schedule 1Inj'

2018-05-15 17:19:08 - [MESSAGE][PASSED] - All options with index in [7] are selected on object 'Object Repository/PharmacyRequest/Page_KDMC-Pharmacy/select_--Select--Schedule 1Inj'

2018-05-15 17:19:08 - [TEST_STEP][PASSED] - selectOptionByIndex: All options with index in [21] are selected on object 'Object Repository/PharmacyRequest/Page_KDMC-Pharmacy/select_--Select--Albendazole'

2018-05-15 17:19:09 - [MESSAGE][PASSED] - All options with index in [21] are selected on object 'Object Repository/PharmacyRequest/Page_KDMC-Pharmacy/select_--Select--Albendazole'

2018-05-15 17:19:09 - [TEST_STEP][PASSED] - setText: Text '10' is set on object 'Object Repository/PharmacyRequest/Page_KDMC-Pharmacy/input_txttreat'

2018-05-15 17:19:09 - [MESSAGE][PASSED] - Text '10' is set on object 'Object Repository/PharmacyRequest/Page_KDMC-Pharmacy/input_txttreat'

2018-05-15 17:19:09 - [TEST_STEP][PASSED] - click: Object: 'Object Repository/PharmacyRequest/Page_KDMC-Pharmacy/button_Add' is clicked on

2018-05-15 17:19:09 - [MESSAGE][PASSED] - Object: 'Object Repository/PharmacyRequest/Page_KDMC-Pharmacy/button_Add' is clicked on

2018-05-15 17:19:09 - [TEST_STEP][PASSED] - selectOptionByIndex: All options with index in [7] are selected on object 'Object Repository/PharmacyRequest/Page_KDMC-Pharmacy/select_--Select--Schedule 1Inj'

2018-05-15 17:19:09 - [MESSAGE][PASSED] - All options with index in [7] are selected on object 'Object Repository/PharmacyRequest/Page_KDMC-Pharmacy/select_--Select--Schedule 1Inj'

2018-05-15 17:19:09 - [TEST_STEP][PASSED] - selectOptionByIndex: All options with index in [22] are selected on object 'Object Repository/PharmacyRequest/Page_KDMC-Pharmacy/select_--Select--Albendazole'

2018-05-15 17:19:09 - [MESSAGE][PASSED] - All options with index in [22] are selected on object 'Object Repository/PharmacyRequest/Page_KDMC-Pharmacy/select_--Select--Albendazole'

2018-05-15 17:19:09 - [TEST_STEP][PASSED] - setText: Text '10' is set on object 'Object Repository/PharmacyRequest/Page_KDMC-Pharmacy/input_txttreat'

2018-05-15 17:19:09 - [MESSAGE][PASSED] - Text '10' is set on object 'Object Repository/PharmacyRequest/Page_KDMC-Pharmacy/input_txttreat'

2018-05-15 17:19:09 - [TEST_STEP][PASSED] - click: Object: 'Object Repository/PharmacyRequest/Page_KDMC-Pharmacy/button_Add' is clicked on

2018-05-15 17:19:09 - [MESSAGE][PASSED] - Object: 'Object Repository/PharmacyRequest/Page_KDMC-Pharmacy/button_Add' is clicked on

2018-05-15 17:19:09 - [TEST_STEP][PASSED] - selectOptionByIndex: All options with index in [7] are selected on object 'Object Repository/PharmacyRequest/Page_KDMC-Pharmacy/select_--Select--Schedule 1Inj'

2018-05-15 17:19:10 - [MESSAGE][PASSED] - All options with index in [7] are selected on object 'Object Repository/PharmacyRequest/Page_KDMC-Pharmacy/select_--Select--Schedule 1Inj'

2018-05-15 17:19:10 - [TEST_STEP][PASSED] - selectOptionByIndex: All options with index in [23] are selected on object 'Object Repository/PharmacyRequest/Page_KDMC-Pharmacy/select_--Select--Albendazole'

2018-05-15 17:19:10 - [MESSAGE][PASSED] - All options with index in [23] are selected on object 'Object Repository/PharmacyRequest/Page_KDMC-Pharmacy/select_--Select--Albendazole'

2018-05-15 17:19:10 - [TEST_STEP][PASSED] - setText: Text '10' is set on object 'Object Repository/PharmacyRequest/Page_KDMC-Pharmacy/input_txttreat'

2018-05-15 17:19:10 - [MESSAGE][PASSED] - Text '10' is set on object 'Object Repository/PharmacyRequest/Page_KDMC-Pharmacy/input_txttreat'

2018-05-15 17:19:10 - [TEST_STEP][PASSED] - click: Object: 'Object Repository/PharmacyRequest/Page_KDMC-Pharmacy/button_Add' is clicked on

2018-05-15 17:19:10 - [MESSAGE][PASSED] - Object: 'Object Repository/PharmacyRequest/Page_KDMC-Pharmacy/button_Add' is clicked on

2018-05-15 17:19:10 - [TEST_STEP][PASSED] - Statement - RN1 = com.kms.katalon.core.webui.keyword.WebUiBuiltInKeywords.getAttribute(com.kms.katalon.core.testobject.ObjectRepository.findTestObject(PharmacyRequest/Page_KDMC-Pharmacy/input_txtno), "value"): Attribute 'value' of object 'Object Repository/PharmacyRequest/Page_KDMC-Pharmacy/input_txtno' is: 'PRNO/15052018/125'

2018-05-15 17:19:10 - [MESSAGE][PASSED] - Attribute 'value' of object 'Object Repository/PharmacyRequest/Page_KDMC-Pharmacy/input_txtno' is: 'PRNO/15052018/125'

2018-05-15 17:19:10 - [TEST_STEP][PASSED] - Statement - out.println(RN1): null

2018-05-15 17:19:10 - [TEST_STEP][PASSED] - Statement - RID = RN1.split("/")[2]: null

2018-05-15 17:19:10 - [TEST_STEP][PASSED] - scrollToElement: Scroll to object 'Object Repository/PharmacyRequest/Page_KDMC-Pharmacy/input_btnsave' successfully

2018-05-15 17:19:10 - [MESSAGE][PASSED] - Scroll to object 'Object Repository/PharmacyRequest/Page_KDMC-Pharmacy/input_btnsave' successfully

2018-05-15 17:19:10 - [TEST_STEP][PASSED] - click: Object: 'Object Repository/PharmacyRequest/Page_KDMC-Pharmacy/input_btnsave' is clicked on

2018-05-15 17:19:10 - [MESSAGE][PASSED] - Object: 'Object Repository/PharmacyRequest/Page_KDMC-Pharmacy/input_btnsave' is clicked on

2018-05-15 17:19:10 - [TEST_STEP][PASSED] - delay: Delayed 3 second(s)

2018-05-15 17:19:13 - [MESSAGE][PASSED] - Delayed 3 second(s)

2018-05-15 17:19:13 - [TEST_STEP][PASSED] - click: Object: 'Object Repository/PharmacyRequest/Page_KDMC-Pharmacy/button_OK' is clicked on

2018-05-15 17:19:14 - [MESSAGE][PASSED] - Object: 'Object Repository/PharmacyRequest/Page_KDMC-Pharmacy/button_OK' is clicked on

2018-05-15 17:19:14 - [TEST_STEP][PASSED] - delay: Delayed 3 second(s)

2018-05-15 17:19:17 - [MESSAGE][PASSED] - Delayed 3 second(s)

2018-05-15 17:19:17 - [TEST_STEP][PASSED] - click: Object: 'Object Repository/PharmacyRequest/Page_KDMC-Pharmacy/a_Back to Pharmacy' is clicked on

2018-05-15 17:19:18 - [MESSAGE][PASSED] - Object: 'Object Repository/PharmacyRequest/Page_KDMC-Pharmacy/a_Back to Pharmacy' is clicked on

2018-05-15 17:19:18 - [TEST_STEP][PASSED] - delay: Delayed 3 second(s)

2018-05-15 17:19:21 - [MESSAGE][PASSED] - Delayed 3 second(s)

2018-05-15 17:19:21 - [TEST_STEP][PASSED] - click: Object: 'Object Repository/PharmacyRequest/Page_KDMC - Pharmacy/a_dropdown-toggle' is clicked on

2018-05-15 17:19:21 - [MESSAGE][PASSED] - Object: 'Object Repository/PharmacyRequest/Page_KDMC - Pharmacy/a_dropdown-toggle' is clicked on

2018-05-15 17:19:21 - [TEST_STEP][PASSED] - click: Object: 'Object Repository/PharmacyRequest/Page_KDMC - Pharmacy/a_Sign out' is clicked on

2018-05-15 17:19:22 - [MESSAGE][PASSED] - Object: 'Object Repository/PharmacyRequest/Page_KDMC - Pharmacy/a_Sign out' is clicked on

2018-05-15 17:19:22 - [TEST_STEP][PASSED] - delay: Delayed 3 second(s)

2018-05-15 17:19:25 - [MESSAGE][PASSED] - Delayed 3 second(s)

2018-05-15 17:19:25 - [TEST_STEP][PASSED] - click: Object: 'Object Repository/PharmacyRequest/Page_KDMC/a_CMO' is clicked on

2018-05-15 17:19:26 - [MESSAGE][PASSED] - Object: 'Object Repository/PharmacyRequest/Page_KDMC/a_CMO' is clicked on

2018-05-15 17:19:26 - [TEST_STEP][PASSED] - setText: Text 'guru' is set on object 'Object Repository/PharmacyRequest/Page_CMO login/input_txtusername'

2018-05-15 17:19:26 - [MESSAGE][PASSED] - Text 'guru' is set on object 'Object Repository/PharmacyRequest/Page_CMO login/input_txtusername'

2018-05-15 17:19:26 - [TEST_STEP][PASSED] - setText: Text '123' is set on object 'Object Repository/PharmacyRequest/Page_CMO login/input_txtpassword'

2018-05-15 17:19:26 - [MESSAGE][PASSED] - Text '123' is set on object 'Object Repository/PharmacyRequest/Page_CMO login/input_txtpassword'

2018-05-15 17:19:26 - [TEST_STEP][PASSED] - delay: Delayed 3 second(s)

2018-05-15 17:19:29 - [MESSAGE][PASSED] - Delayed 3 second(s)

2018-05-15 17:19:29 - [TEST_STEP][PASSED] - click: Object: 'Object Repository/PharmacyRequest/Page_CMO login/button_Sign in' is clicked on

2018-05-15 17:19:30 - [MESSAGE][PASSED] - Object: 'Object Repository/PharmacyRequest/Page_CMO login/button_Sign in' is clicked on

2018-05-15 17:19:30 - [TEST_STEP][PASSED] - click: Object: 'Object Repository/PharmacyRequest/Page_KDMC - CMO/a_Department Wise Request' is clicked on

2018-05-15 17:19:30 - [MESSAGE][PASSED] - Object: 'Object Repository/PharmacyRequest/Page_KDMC - CMO/a_Department Wise Request' is clicked on

2018-05-15 17:19:30 - [TEST_STEP][PASSED] - selectOptionByIndex: All options with index in [2] are selected on object 'Object Repository/PharmacyRequest/Page_KDMC - CMO/select_--ALL--'

2018-05-15 17:19:30 - [MESSAGE][PASSED] - All options with index in [2] are selected on object 'Object Repository/PharmacyRequest/Page_KDMC - CMO/select_--ALL--'

2018-05-15 17:19:30 - [TEST_STEP][PASSED] - selectOptionByIndex: All options with index in [1] are selected on object 'Object Repository/PharmacyRequest/Page_KDMC - CMO/select_--ALL--                _1'

2018-05-15 17:19:30 - [MESSAGE][PASSED] - All options with index in [1] are selected on object 'Object Repository/PharmacyRequest/Page_KDMC - CMO/select_--ALL--                _1'

2018-05-15 17:19:30 - [TEST_STEP][PASSED] - click: Object: 'Object Repository/PharmacyRequest/Page_KDMC - CMO/input_btnsearch' is clicked on

2018-05-15 17:19:31 - [MESSAGE][PASSED] - Object: 'Object Repository/PharmacyRequest/Page_KDMC - CMO/input_btnsearch' is clicked on

2018-05-15 17:19:31 - [TEST_STEP][PASSED] - Statement - ID = com.kms.katalon.core.webui.keyword.WebUiBuiltInKeywords.modifyObjectProperty(com.kms.katalon.core.testobject.ObjectRepository.findTestObject(PharmacyRequest/Page_KDMC - CMO/input_2), "xpath", "equals", "//*[@id=" + RID + "]", true): Modify property of object successfully

2018-05-15 17:19:31 - [MESSAGE][PASSED] - Modify property of object successfully

2018-05-15 17:19:31 - [TEST_STEP][FAILED] - click: Unable to click on object 'Object Repository/PharmacyRequest/Page_KDMC - CMO/input_2' (Root cause: com.kms.katalon.core.webui.exception.WebElementNotFoundException: Web element with id: 'Object Repository/PharmacyRequest/Page_KDMC - CMO/input_2' located by 'By.xpath: //*[@id=125][count(. | //input[@type = 'button']) = count(//input[@type = 'button'])]' not found)

2018-05-15 17:20:02 - [MESSAGE][FAILED] - Unable to click on object 'Object Repository/PharmacyRequest/Page_KDMC - CMO/input_2' (Root cause: com.kms.katalon.core.webui.exception.WebElementNotFoundException: Web element with id: 'Object Repository/PharmacyRequest/Page_KDMC - CMO/input_2' located by 'By.xpath: //*[@id=125][count(. | //input[@type = 'button']) = count(//input[@type = 'button'])]' not found)
[[ATTACHMENT|C:\\Users\\Quality Analyst\\Katalon Studio\\ds\\Reports\\Pharmacy_Suite\\20180515_165509\\1526385002346.png]]]]></system-out>
         <system-err><![CDATA[2018-05-15 17:18:40 - [TEST_CASE][FAILED] - Test Cases/PHARMACY TEST CASES/TC_PHAR_007 Verify Schedule 7 Pharmacy Request Are Working Successfully Or Not: Test Cases/PHARMACY TEST CASES/TC_PHAR_007 Verify Schedule 7 Pharmacy Request Are Working Successfully Or Not FAILED because (of) Unable to click on object 'Object Repository/PharmacyRequest/Page_KDMC - CMO/input_2' (Root cause: com.kms.katalon.core.webui.exception.WebElementNotFoundException: Web element with id: 'Object Repository/PharmacyRequest/Page_KDMC - CMO/input_2' located by 'By.xpath: //*[@id=125][count(. | //input[@type = 'button']) = count(//input[@type = 'button'])]' not found)]]></system-err>
      </testcase>
      <testcase name="Test Cases/PHARMACY TEST CASES/TC_PHAR_008 Verify Schedule 8 Pharmacy Request Are Working Successfully Or Not" classname="Test Cases/PHARMACY TEST CASES/TC_PHAR_008 Verify Schedule 8 Pharmacy Request Are Working Successfully Or Not" status="PASSED">
         <system-out><![CDATA[2018-05-15 17:20:02 - [TEST_CASE][PASSED] - Test Cases/PHARMACY TEST CASES/TC_PHAR_008 Verify Schedule 8 Pharmacy Request Are Working Successfully Or Not: Test Cases/PHARMACY TEST CASES/TC_PHAR_008 Verify Schedule 8 Pharmacy Request Are Working Successfully Or Not

2018-05-15 17:20:02 - [TEST_STEP][PASSED] - openBrowser: Browser is opened with url: ''

2018-05-15 17:20:02 - [MESSAGE][WARNING] - A browser is already opened. Closing browser and opening a new one

2018-05-15 17:20:05 - [MESSAGE][PASSED] - Browser is opened with url: ''

2018-05-15 17:20:05 - [TEST_STEP][PASSED] - Statement - out.println("Verify Schedule 8 Pharmacy Request Are Working Successfully Or Not"): null

2018-05-15 17:20:05 - [TEST_STEP][PASSED] - navigateToUrl: Navigate to 'http://192.168.137.1/multihospital_new/' successfully

2018-05-15 17:20:08 - [MESSAGE][PASSED] - Navigate to 'http://192.168.137.1/multihospital_new/' successfully

2018-05-15 17:20:08 - [TEST_STEP][PASSED] - maximizeWindow: Current window maximized

2018-05-15 17:20:09 - [MESSAGE][PASSED] - Current window maximized

2018-05-15 17:20:09 - [TEST_STEP][PASSED] - click: Object: 'Object Repository/PharmacyRequest/Page_KDMC/a_Pharmacy' is clicked on

2018-05-15 17:20:10 - [MESSAGE][PASSED] - Object: 'Object Repository/PharmacyRequest/Page_KDMC/a_Pharmacy' is clicked on

2018-05-15 17:20:10 - [TEST_STEP][PASSED] - setText: Text 'raja' is set on object 'Object Repository/PharmacyRequest/Page_Pharmacy login/input_txtusername'

2018-05-15 17:20:10 - [MESSAGE][PASSED] - Text 'raja' is set on object 'Object Repository/PharmacyRequest/Page_Pharmacy login/input_txtusername'

2018-05-15 17:20:10 - [TEST_STEP][PASSED] - setText: Text '123' is set on object 'Object Repository/PharmacyRequest/Page_Pharmacy login/input_txtpassword'

2018-05-15 17:20:10 - [MESSAGE][PASSED] - Text '123' is set on object 'Object Repository/PharmacyRequest/Page_Pharmacy login/input_txtpassword'

2018-05-15 17:20:10 - [TEST_STEP][PASSED] - delay: Delayed 3 second(s)

2018-05-15 17:20:13 - [MESSAGE][PASSED] - Delayed 3 second(s)

2018-05-15 17:20:13 - [TEST_STEP][PASSED] - click: Object: 'Object Repository/PharmacyRequest/Page_Pharmacy login/button_Sign in' is clicked on

2018-05-15 17:20:14 - [MESSAGE][PASSED] - Object: 'Object Repository/PharmacyRequest/Page_Pharmacy login/button_Sign in' is clicked on

2018-05-15 17:20:14 - [TEST_STEP][PASSED] - delay: Delayed 3 second(s)

2018-05-15 17:20:17 - [MESSAGE][PASSED] - Delayed 3 second(s)

2018-05-15 17:20:17 - [TEST_STEP][PASSED] - click: Object: 'Object Repository/PharmacyRequest/Page_KDMC - Pharmacy/a_Inventory' is clicked on

2018-05-15 17:20:19 - [MESSAGE][PASSED] - Object: 'Object Repository/PharmacyRequest/Page_KDMC - Pharmacy/a_Inventory' is clicked on

2018-05-15 17:20:19 - [TEST_STEP][PASSED] - delay: Delayed 3 second(s)

2018-05-15 17:20:22 - [MESSAGE][PASSED] - Delayed 3 second(s)

2018-05-15 17:20:22 - [TEST_STEP][PASSED] - click: Object: 'Object Repository/PharmacyRequest/Page_KDMC-Pharmacy/a_Store Request' is clicked on

2018-05-15 17:20:22 - [MESSAGE][PASSED] - Object: 'Object Repository/PharmacyRequest/Page_KDMC-Pharmacy/a_Store Request' is clicked on

2018-05-15 17:20:22 - [TEST_STEP][PASSED] - click: Object: 'Object Repository/PharmacyRequest/Page_KDMC-Pharmacy/a_Medicine Request' is clicked on

2018-05-15 17:20:23 - [MESSAGE][PASSED] - Object: 'Object Repository/PharmacyRequest/Page_KDMC-Pharmacy/a_Medicine Request' is clicked on

2018-05-15 17:20:23 - [TEST_STEP][PASSED] - selectOptionByIndex: All options with index in [8] are selected on object 'Object Repository/PharmacyRequest/Page_KDMC-Pharmacy/select_--Select--Schedule 1Inj'

2018-05-15 17:20:23 - [MESSAGE][PASSED] - All options with index in [8] are selected on object 'Object Repository/PharmacyRequest/Page_KDMC-Pharmacy/select_--Select--Schedule 1Inj'

2018-05-15 17:20:23 - [TEST_STEP][PASSED] - Statement - MedicineLength = com.kms.katalon.core.webui.keyword.WebUiBuiltInKeywords.getNumberOfTotalOption(com.kms.katalon.core.testobject.ObjectRepository.findTestObject(PharmacyRequest/Page_KDMC-Pharmacy/select_--Select--Albendazole)): 18 options of object 'Object Repository/PharmacyRequest/Page_KDMC-Pharmacy/select_--Select--Albendazole' counted

2018-05-15 17:20:23 - [MESSAGE][PASSED] - 18 options of object 'Object Repository/PharmacyRequest/Page_KDMC-Pharmacy/select_--Select--Albendazole' counted

2018-05-15 17:20:23 - [TEST_STEP][PASSED] - Statement - For ([l = 1, l <= MedicineLength - 1, (l++)]): Object: 'Object Repository/PharmacyRequest/Page_KDMC-Pharmacy/button_Add' is clicked on

2018-05-15 17:20:23 - [TEST_STEP][PASSED] - selectOptionByIndex: All options with index in [8] are selected on object 'Object Repository/PharmacyRequest/Page_KDMC-Pharmacy/select_--Select--Schedule 1Inj'

2018-05-15 17:20:23 - [MESSAGE][PASSED] - All options with index in [8] are selected on object 'Object Repository/PharmacyRequest/Page_KDMC-Pharmacy/select_--Select--Schedule 1Inj'

2018-05-15 17:20:23 - [TEST_STEP][PASSED] - selectOptionByIndex: All options with index in [1] are selected on object 'Object Repository/PharmacyRequest/Page_KDMC-Pharmacy/select_--Select--Albendazole'

2018-05-15 17:20:23 - [MESSAGE][PASSED] - All options with index in [1] are selected on object 'Object Repository/PharmacyRequest/Page_KDMC-Pharmacy/select_--Select--Albendazole'

2018-05-15 17:20:23 - [TEST_STEP][PASSED] - setText: Text '10' is set on object 'Object Repository/PharmacyRequest/Page_KDMC-Pharmacy/input_txttreat'

2018-05-15 17:20:23 - [MESSAGE][PASSED] - Text '10' is set on object 'Object Repository/PharmacyRequest/Page_KDMC-Pharmacy/input_txttreat'

2018-05-15 17:20:23 - [TEST_STEP][PASSED] - click: Object: 'Object Repository/PharmacyRequest/Page_KDMC-Pharmacy/button_Add' is clicked on

2018-05-15 17:20:23 - [MESSAGE][PASSED] - Object: 'Object Repository/PharmacyRequest/Page_KDMC-Pharmacy/button_Add' is clicked on

2018-05-15 17:20:23 - [TEST_STEP][PASSED] - selectOptionByIndex: All options with index in [8] are selected on object 'Object Repository/PharmacyRequest/Page_KDMC-Pharmacy/select_--Select--Schedule 1Inj'

2018-05-15 17:20:24 - [MESSAGE][PASSED] - All options with index in [8] are selected on object 'Object Repository/PharmacyRequest/Page_KDMC-Pharmacy/select_--Select--Schedule 1Inj'

2018-05-15 17:20:24 - [TEST_STEP][PASSED] - selectOptionByIndex: All options with index in [2] are selected on object 'Object Repository/PharmacyRequest/Page_KDMC-Pharmacy/select_--Select--Albendazole'

2018-05-15 17:20:24 - [MESSAGE][PASSED] - All options with index in [2] are selected on object 'Object Repository/PharmacyRequest/Page_KDMC-Pharmacy/select_--Select--Albendazole'

2018-05-15 17:20:24 - [TEST_STEP][PASSED] - setText: Text '10' is set on object 'Object Repository/PharmacyRequest/Page_KDMC-Pharmacy/input_txttreat'

2018-05-15 17:20:24 - [MESSAGE][PASSED] - Text '10' is set on object 'Object Repository/PharmacyRequest/Page_KDMC-Pharmacy/input_txttreat'

2018-05-15 17:20:24 - [TEST_STEP][PASSED] - click: Object: 'Object Repository/PharmacyRequest/Page_KDMC-Pharmacy/button_Add' is clicked on

2018-05-15 17:20:24 - [MESSAGE][PASSED] - Object: 'Object Repository/PharmacyRequest/Page_KDMC-Pharmacy/button_Add' is clicked on

2018-05-15 17:20:24 - [TEST_STEP][PASSED] - selectOptionByIndex: All options with index in [8] are selected on object 'Object Repository/PharmacyRequest/Page_KDMC-Pharmacy/select_--Select--Schedule 1Inj'

2018-05-15 17:20:24 - [MESSAGE][PASSED] - All options with index in [8] are selected on object 'Object Repository/PharmacyRequest/Page_KDMC-Pharmacy/select_--Select--Schedule 1Inj'

2018-05-15 17:20:24 - [TEST_STEP][PASSED] - selectOptionByIndex: All options with index in [3] are selected on object 'Object Repository/PharmacyRequest/Page_KDMC-Pharmacy/select_--Select--Albendazole'

2018-05-15 17:20:24 - [MESSAGE][PASSED] - All options with index in [3] are selected on object 'Object Repository/PharmacyRequest/Page_KDMC-Pharmacy/select_--Select--Albendazole'

2018-05-15 17:20:24 - [TEST_STEP][PASSED] - setText: Text '10' is set on object 'Object Repository/PharmacyRequest/Page_KDMC-Pharmacy/input_txttreat'

2018-05-15 17:20:24 - [MESSAGE][PASSED] - Text '10' is set on object 'Object Repository/PharmacyRequest/Page_KDMC-Pharmacy/input_txttreat'

2018-05-15 17:20:24 - [TEST_STEP][PASSED] - click: Object: 'Object Repository/PharmacyRequest/Page_KDMC-Pharmacy/button_Add' is clicked on

2018-05-15 17:20:24 - [MESSAGE][PASSED] - Object: 'Object Repository/PharmacyRequest/Page_KDMC-Pharmacy/button_Add' is clicked on

2018-05-15 17:20:24 - [TEST_STEP][PASSED] - selectOptionByIndex: All options with index in [8] are selected on object 'Object Repository/PharmacyRequest/Page_KDMC-Pharmacy/select_--Select--Schedule 1Inj'

2018-05-15 17:20:24 - [MESSAGE][PASSED] - All options with index in [8] are selected on object 'Object Repository/PharmacyRequest/Page_KDMC-Pharmacy/select_--Select--Schedule 1Inj'

2018-05-15 17:20:24 - [TEST_STEP][PASSED] - selectOptionByIndex: All options with index in [4] are selected on object 'Object Repository/PharmacyRequest/Page_KDMC-Pharmacy/select_--Select--Albendazole'

2018-05-15 17:20:25 - [MESSAGE][PASSED] - All options with index in [4] are selected on object 'Object Repository/PharmacyRequest/Page_KDMC-Pharmacy/select_--Select--Albendazole'

2018-05-15 17:20:25 - [TEST_STEP][PASSED] - setText: Text '10' is set on object 'Object Repository/PharmacyRequest/Page_KDMC-Pharmacy/input_txttreat'

2018-05-15 17:20:25 - [MESSAGE][PASSED] - Text '10' is set on object 'Object Repository/PharmacyRequest/Page_KDMC-Pharmacy/input_txttreat'

2018-05-15 17:20:25 - [TEST_STEP][PASSED] - click: Object: 'Object Repository/PharmacyRequest/Page_KDMC-Pharmacy/button_Add' is clicked on

2018-05-15 17:20:25 - [MESSAGE][PASSED] - Object: 'Object Repository/PharmacyRequest/Page_KDMC-Pharmacy/button_Add' is clicked on

2018-05-15 17:20:25 - [TEST_STEP][PASSED] - selectOptionByIndex: All options with index in [8] are selected on object 'Object Repository/PharmacyRequest/Page_KDMC-Pharmacy/select_--Select--Schedule 1Inj'

2018-05-15 17:20:25 - [MESSAGE][PASSED] - All options with index in [8] are selected on object 'Object Repository/PharmacyRequest/Page_KDMC-Pharmacy/select_--Select--Schedule 1Inj'

2018-05-15 17:20:25 - [TEST_STEP][PASSED] - selectOptionByIndex: All options with index in [5] are selected on object 'Object Repository/PharmacyRequest/Page_KDMC-Pharmacy/select_--Select--Albendazole'

2018-05-15 17:20:25 - [MESSAGE][PASSED] - All options with index in [5] are selected on object 'Object Repository/PharmacyRequest/Page_KDMC-Pharmacy/select_--Select--Albendazole'

2018-05-15 17:20:25 - [TEST_STEP][PASSED] - setText: Text '10' is set on object 'Object Repository/PharmacyRequest/Page_KDMC-Pharmacy/input_txttreat'

2018-05-15 17:20:25 - [MESSAGE][PASSED] - Text '10' is set on object 'Object Repository/PharmacyRequest/Page_KDMC-Pharmacy/input_txttreat'

2018-05-15 17:20:25 - [TEST_STEP][PASSED] - click: Object: 'Object Repository/PharmacyRequest/Page_KDMC-Pharmacy/button_Add' is clicked on

2018-05-15 17:20:25 - [MESSAGE][PASSED] - Object: 'Object Repository/PharmacyRequest/Page_KDMC-Pharmacy/button_Add' is clicked on

2018-05-15 17:20:25 - [TEST_STEP][PASSED] - selectOptionByIndex: All options with index in [8] are selected on object 'Object Repository/PharmacyRequest/Page_KDMC-Pharmacy/select_--Select--Schedule 1Inj'

2018-05-15 17:20:25 - [MESSAGE][PASSED] - All options with index in [8] are selected on object 'Object Repository/PharmacyRequest/Page_KDMC-Pharmacy/select_--Select--Schedule 1Inj'

2018-05-15 17:20:25 - [TEST_STEP][PASSED] - selectOptionByIndex: All options with index in [6] are selected on object 'Object Repository/PharmacyRequest/Page_KDMC-Pharmacy/select_--Select--Albendazole'

2018-05-15 17:20:25 - [MESSAGE][PASSED] - All options with index in [6] are selected on object 'Object Repository/PharmacyRequest/Page_KDMC-Pharmacy/select_--Select--Albendazole'

2018-05-15 17:20:25 - [TEST_STEP][PASSED] - setText: Text '10' is set on object 'Object Repository/PharmacyRequest/Page_KDMC-Pharmacy/input_txttreat'

2018-05-15 17:20:25 - [MESSAGE][PASSED] - Text '10' is set on object 'Object Repository/PharmacyRequest/Page_KDMC-Pharmacy/input_txttreat'

2018-05-15 17:20:25 - [TEST_STEP][PASSED] - click: Object: 'Object Repository/PharmacyRequest/Page_KDMC-Pharmacy/button_Add' is clicked on

2018-05-15 17:20:26 - [MESSAGE][PASSED] - Object: 'Object Repository/PharmacyRequest/Page_KDMC-Pharmacy/button_Add' is clicked on

2018-05-15 17:20:26 - [TEST_STEP][PASSED] - selectOptionByIndex: All options with index in [8] are selected on object 'Object Repository/PharmacyRequest/Page_KDMC-Pharmacy/select_--Select--Schedule 1Inj'

2018-05-15 17:20:26 - [MESSAGE][PASSED] - All options with index in [8] are selected on object 'Object Repository/PharmacyRequest/Page_KDMC-Pharmacy/select_--Select--Schedule 1Inj'

2018-05-15 17:20:26 - [TEST_STEP][PASSED] - selectOptionByIndex: All options with index in [7] are selected on object 'Object Repository/PharmacyRequest/Page_KDMC-Pharmacy/select_--Select--Albendazole'

2018-05-15 17:20:26 - [MESSAGE][PASSED] - All options with index in [7] are selected on object 'Object Repository/PharmacyRequest/Page_KDMC-Pharmacy/select_--Select--Albendazole'

2018-05-15 17:20:26 - [TEST_STEP][PASSED] - setText: Text '10' is set on object 'Object Repository/PharmacyRequest/Page_KDMC-Pharmacy/input_txttreat'

2018-05-15 17:20:26 - [MESSAGE][PASSED] - Text '10' is set on object 'Object Repository/PharmacyRequest/Page_KDMC-Pharmacy/input_txttreat'

2018-05-15 17:20:26 - [TEST_STEP][PASSED] - click: Object: 'Object Repository/PharmacyRequest/Page_KDMC-Pharmacy/button_Add' is clicked on

2018-05-15 17:20:26 - [MESSAGE][PASSED] - Object: 'Object Repository/PharmacyRequest/Page_KDMC-Pharmacy/button_Add' is clicked on

2018-05-15 17:20:26 - [TEST_STEP][PASSED] - selectOptionByIndex: All options with index in [8] are selected on object 'Object Repository/PharmacyRequest/Page_KDMC-Pharmacy/select_--Select--Schedule 1Inj'

2018-05-15 17:20:26 - [MESSAGE][PASSED] - All options with index in [8] are selected on object 'Object Repository/PharmacyRequest/Page_KDMC-Pharmacy/select_--Select--Schedule 1Inj'

2018-05-15 17:20:26 - [TEST_STEP][PASSED] - selectOptionByIndex: All options with index in [8] are selected on object 'Object Repository/PharmacyRequest/Page_KDMC-Pharmacy/select_--Select--Albendazole'

2018-05-15 17:20:26 - [MESSAGE][PASSED] - All options with index in [8] are selected on object 'Object Repository/PharmacyRequest/Page_KDMC-Pharmacy/select_--Select--Albendazole'

2018-05-15 17:20:26 - [TEST_STEP][PASSED] - setText: Text '10' is set on object 'Object Repository/PharmacyRequest/Page_KDMC-Pharmacy/input_txttreat'

2018-05-15 17:20:26 - [MESSAGE][PASSED] - Text '10' is set on object 'Object Repository/PharmacyRequest/Page_KDMC-Pharmacy/input_txttreat'

2018-05-15 17:20:26 - [TEST_STEP][PASSED] - click: Object: 'Object Repository/PharmacyRequest/Page_KDMC-Pharmacy/button_Add' is clicked on

2018-05-15 17:20:26 - [MESSAGE][PASSED] - Object: 'Object Repository/PharmacyRequest/Page_KDMC-Pharmacy/button_Add' is clicked on

2018-05-15 17:20:26 - [TEST_STEP][PASSED] - selectOptionByIndex: All options with index in [8] are selected on object 'Object Repository/PharmacyRequest/Page_KDMC-Pharmacy/select_--Select--Schedule 1Inj'

2018-05-15 17:20:27 - [MESSAGE][PASSED] - All options with index in [8] are selected on object 'Object Repository/PharmacyRequest/Page_KDMC-Pharmacy/select_--Select--Schedule 1Inj'

2018-05-15 17:20:27 - [TEST_STEP][PASSED] - selectOptionByIndex: All options with index in [9] are selected on object 'Object Repository/PharmacyRequest/Page_KDMC-Pharmacy/select_--Select--Albendazole'

2018-05-15 17:20:27 - [MESSAGE][PASSED] - All options with index in [9] are selected on object 'Object Repository/PharmacyRequest/Page_KDMC-Pharmacy/select_--Select--Albendazole'

2018-05-15 17:20:27 - [TEST_STEP][PASSED] - setText: Text '10' is set on object 'Object Repository/PharmacyRequest/Page_KDMC-Pharmacy/input_txttreat'

2018-05-15 17:20:27 - [MESSAGE][PASSED] - Text '10' is set on object 'Object Repository/PharmacyRequest/Page_KDMC-Pharmacy/input_txttreat'

2018-05-15 17:20:27 - [TEST_STEP][PASSED] - click: Object: 'Object Repository/PharmacyRequest/Page_KDMC-Pharmacy/button_Add' is clicked on

2018-05-15 17:20:27 - [MESSAGE][PASSED] - Object: 'Object Repository/PharmacyRequest/Page_KDMC-Pharmacy/button_Add' is clicked on

2018-05-15 17:20:27 - [TEST_STEP][PASSED] - selectOptionByIndex: All options with index in [8] are selected on object 'Object Repository/PharmacyRequest/Page_KDMC-Pharmacy/select_--Select--Schedule 1Inj'

2018-05-15 17:20:27 - [MESSAGE][PASSED] - All options with index in [8] are selected on object 'Object Repository/PharmacyRequest/Page_KDMC-Pharmacy/select_--Select--Schedule 1Inj'

2018-05-15 17:20:27 - [TEST_STEP][PASSED] - selectOptionByIndex: All options with index in [10] are selected on object 'Object Repository/PharmacyRequest/Page_KDMC-Pharmacy/select_--Select--Albendazole'

2018-05-15 17:20:27 - [MESSAGE][PASSED] - All options with index in [10] are selected on object 'Object Repository/PharmacyRequest/Page_KDMC-Pharmacy/select_--Select--Albendazole'

2018-05-15 17:20:27 - [TEST_STEP][PASSED] - setText: Text '10' is set on object 'Object Repository/PharmacyRequest/Page_KDMC-Pharmacy/input_txttreat'

2018-05-15 17:20:27 - [MESSAGE][PASSED] - Text '10' is set on object 'Object Repository/PharmacyRequest/Page_KDMC-Pharmacy/input_txttreat'

2018-05-15 17:20:27 - [TEST_STEP][PASSED] - click: Object: 'Object Repository/PharmacyRequest/Page_KDMC-Pharmacy/button_Add' is clicked on

2018-05-15 17:20:27 - [MESSAGE][PASSED] - Object: 'Object Repository/PharmacyRequest/Page_KDMC-Pharmacy/button_Add' is clicked on

2018-05-15 17:20:27 - [TEST_STEP][PASSED] - selectOptionByIndex: All options with index in [8] are selected on object 'Object Repository/PharmacyRequest/Page_KDMC-Pharmacy/select_--Select--Schedule 1Inj'

2018-05-15 17:20:28 - [MESSAGE][PASSED] - All options with index in [8] are selected on object 'Object Repository/PharmacyRequest/Page_KDMC-Pharmacy/select_--Select--Schedule 1Inj'

2018-05-15 17:20:28 - [TEST_STEP][PASSED] - selectOptionByIndex: All options with index in [11] are selected on object 'Object Repository/PharmacyRequest/Page_KDMC-Pharmacy/select_--Select--Albendazole'

2018-05-15 17:20:28 - [MESSAGE][PASSED] - All options with index in [11] are selected on object 'Object Repository/PharmacyRequest/Page_KDMC-Pharmacy/select_--Select--Albendazole'

2018-05-15 17:20:28 - [TEST_STEP][PASSED] - setText: Text '10' is set on object 'Object Repository/PharmacyRequest/Page_KDMC-Pharmacy/input_txttreat'

2018-05-15 17:20:28 - [MESSAGE][PASSED] - Text '10' is set on object 'Object Repository/PharmacyRequest/Page_KDMC-Pharmacy/input_txttreat'

2018-05-15 17:20:28 - [TEST_STEP][PASSED] - click: Object: 'Object Repository/PharmacyRequest/Page_KDMC-Pharmacy/button_Add' is clicked on

2018-05-15 17:20:28 - [MESSAGE][PASSED] - Object: 'Object Repository/PharmacyRequest/Page_KDMC-Pharmacy/button_Add' is clicked on

2018-05-15 17:20:28 - [TEST_STEP][PASSED] - selectOptionByIndex: All options with index in [8] are selected on object 'Object Repository/PharmacyRequest/Page_KDMC-Pharmacy/select_--Select--Schedule 1Inj'

2018-05-15 17:20:28 - [MESSAGE][PASSED] - All options with index in [8] are selected on object 'Object Repository/PharmacyRequest/Page_KDMC-Pharmacy/select_--Select--Schedule 1Inj'

2018-05-15 17:20:28 - [TEST_STEP][PASSED] - selectOptionByIndex: All options with index in [12] are selected on object 'Object Repository/PharmacyRequest/Page_KDMC-Pharmacy/select_--Select--Albendazole'

2018-05-15 17:20:28 - [MESSAGE][PASSED] - All options with index in [12] are selected on object 'Object Repository/PharmacyRequest/Page_KDMC-Pharmacy/select_--Select--Albendazole'

2018-05-15 17:20:28 - [TEST_STEP][PASSED] - setText: Text '10' is set on object 'Object Repository/PharmacyRequest/Page_KDMC-Pharmacy/input_txttreat'

2018-05-15 17:20:28 - [MESSAGE][PASSED] - Text '10' is set on object 'Object Repository/PharmacyRequest/Page_KDMC-Pharmacy/input_txttreat'

2018-05-15 17:20:28 - [TEST_STEP][PASSED] - click: Object: 'Object Repository/PharmacyRequest/Page_KDMC-Pharmacy/button_Add' is clicked on

2018-05-15 17:20:28 - [MESSAGE][PASSED] - Object: 'Object Repository/PharmacyRequest/Page_KDMC-Pharmacy/button_Add' is clicked on

2018-05-15 17:20:28 - [TEST_STEP][PASSED] - selectOptionByIndex: All options with index in [8] are selected on object 'Object Repository/PharmacyRequest/Page_KDMC-Pharmacy/select_--Select--Schedule 1Inj'

2018-05-15 17:20:29 - [MESSAGE][PASSED] - All options with index in [8] are selected on object 'Object Repository/PharmacyRequest/Page_KDMC-Pharmacy/select_--Select--Schedule 1Inj'

2018-05-15 17:20:29 - [TEST_STEP][PASSED] - selectOptionByIndex: All options with index in [13] are selected on object 'Object Repository/PharmacyRequest/Page_KDMC-Pharmacy/select_--Select--Albendazole'

2018-05-15 17:20:29 - [MESSAGE][PASSED] - All options with index in [13] are selected on object 'Object Repository/PharmacyRequest/Page_KDMC-Pharmacy/select_--Select--Albendazole'

2018-05-15 17:20:29 - [TEST_STEP][PASSED] - setText: Text '10' is set on object 'Object Repository/PharmacyRequest/Page_KDMC-Pharmacy/input_txttreat'

2018-05-15 17:20:29 - [MESSAGE][PASSED] - Text '10' is set on object 'Object Repository/PharmacyRequest/Page_KDMC-Pharmacy/input_txttreat'

2018-05-15 17:20:29 - [TEST_STEP][PASSED] - click: Object: 'Object Repository/PharmacyRequest/Page_KDMC-Pharmacy/button_Add' is clicked on

2018-05-15 17:20:29 - [MESSAGE][PASSED] - Object: 'Object Repository/PharmacyRequest/Page_KDMC-Pharmacy/button_Add' is clicked on

2018-05-15 17:20:29 - [TEST_STEP][PASSED] - selectOptionByIndex: All options with index in [8] are selected on object 'Object Repository/PharmacyRequest/Page_KDMC-Pharmacy/select_--Select--Schedule 1Inj'

2018-05-15 17:20:29 - [MESSAGE][PASSED] - All options with index in [8] are selected on object 'Object Repository/PharmacyRequest/Page_KDMC-Pharmacy/select_--Select--Schedule 1Inj'

2018-05-15 17:20:29 - [TEST_STEP][PASSED] - selectOptionByIndex: All options with index in [14] are selected on object 'Object Repository/PharmacyRequest/Page_KDMC-Pharmacy/select_--Select--Albendazole'

2018-05-15 17:20:29 - [MESSAGE][PASSED] - All options with index in [14] are selected on object 'Object Repository/PharmacyRequest/Page_KDMC-Pharmacy/select_--Select--Albendazole'

2018-05-15 17:20:29 - [TEST_STEP][PASSED] - setText: Text '10' is set on object 'Object Repository/PharmacyRequest/Page_KDMC-Pharmacy/input_txttreat'

2018-05-15 17:20:29 - [MESSAGE][PASSED] - Text '10' is set on object 'Object Repository/PharmacyRequest/Page_KDMC-Pharmacy/input_txttreat'

2018-05-15 17:20:29 - [TEST_STEP][PASSED] - click: Object: 'Object Repository/PharmacyRequest/Page_KDMC-Pharmacy/button_Add' is clicked on

2018-05-15 17:20:29 - [MESSAGE][PASSED] - Object: 'Object Repository/PharmacyRequest/Page_KDMC-Pharmacy/button_Add' is clicked on

2018-05-15 17:20:29 - [TEST_STEP][PASSED] - selectOptionByIndex: All options with index in [8] are selected on object 'Object Repository/PharmacyRequest/Page_KDMC-Pharmacy/select_--Select--Schedule 1Inj'

2018-05-15 17:20:30 - [MESSAGE][PASSED] - All options with index in [8] are selected on object 'Object Repository/PharmacyRequest/Page_KDMC-Pharmacy/select_--Select--Schedule 1Inj'

2018-05-15 17:20:30 - [TEST_STEP][PASSED] - selectOptionByIndex: All options with index in [15] are selected on object 'Object Repository/PharmacyRequest/Page_KDMC-Pharmacy/select_--Select--Albendazole'

2018-05-15 17:20:30 - [MESSAGE][PASSED] - All options with index in [15] are selected on object 'Object Repository/PharmacyRequest/Page_KDMC-Pharmacy/select_--Select--Albendazole'

2018-05-15 17:20:30 - [TEST_STEP][PASSED] - setText: Text '10' is set on object 'Object Repository/PharmacyRequest/Page_KDMC-Pharmacy/input_txttreat'

2018-05-15 17:20:30 - [MESSAGE][PASSED] - Text '10' is set on object 'Object Repository/PharmacyRequest/Page_KDMC-Pharmacy/input_txttreat'

2018-05-15 17:20:30 - [TEST_STEP][PASSED] - click: Object: 'Object Repository/PharmacyRequest/Page_KDMC-Pharmacy/button_Add' is clicked on

2018-05-15 17:20:30 - [MESSAGE][PASSED] - Object: 'Object Repository/PharmacyRequest/Page_KDMC-Pharmacy/button_Add' is clicked on

2018-05-15 17:20:30 - [TEST_STEP][PASSED] - selectOptionByIndex: All options with index in [8] are selected on object 'Object Repository/PharmacyRequest/Page_KDMC-Pharmacy/select_--Select--Schedule 1Inj'

2018-05-15 17:20:30 - [MESSAGE][PASSED] - All options with index in [8] are selected on object 'Object Repository/PharmacyRequest/Page_KDMC-Pharmacy/select_--Select--Schedule 1Inj'

2018-05-15 17:20:30 - [TEST_STEP][PASSED] - selectOptionByIndex: All options with index in [16] are selected on object 'Object Repository/PharmacyRequest/Page_KDMC-Pharmacy/select_--Select--Albendazole'

2018-05-15 17:20:30 - [MESSAGE][PASSED] - All options with index in [16] are selected on object 'Object Repository/PharmacyRequest/Page_KDMC-Pharmacy/select_--Select--Albendazole'

2018-05-15 17:20:30 - [TEST_STEP][PASSED] - setText: Text '10' is set on object 'Object Repository/PharmacyRequest/Page_KDMC-Pharmacy/input_txttreat'

2018-05-15 17:20:30 - [MESSAGE][PASSED] - Text '10' is set on object 'Object Repository/PharmacyRequest/Page_KDMC-Pharmacy/input_txttreat'

2018-05-15 17:20:30 - [TEST_STEP][PASSED] - click: Object: 'Object Repository/PharmacyRequest/Page_KDMC-Pharmacy/button_Add' is clicked on

2018-05-15 17:20:30 - [MESSAGE][PASSED] - Object: 'Object Repository/PharmacyRequest/Page_KDMC-Pharmacy/button_Add' is clicked on

2018-05-15 17:20:30 - [TEST_STEP][PASSED] - selectOptionByIndex: All options with index in [8] are selected on object 'Object Repository/PharmacyRequest/Page_KDMC-Pharmacy/select_--Select--Schedule 1Inj'

2018-05-15 17:20:31 - [MESSAGE][PASSED] - All options with index in [8] are selected on object 'Object Repository/PharmacyRequest/Page_KDMC-Pharmacy/select_--Select--Schedule 1Inj'

2018-05-15 17:20:31 - [TEST_STEP][PASSED] - selectOptionByIndex: All options with index in [17] are selected on object 'Object Repository/PharmacyRequest/Page_KDMC-Pharmacy/select_--Select--Albendazole'

2018-05-15 17:20:31 - [MESSAGE][PASSED] - All options with index in [17] are selected on object 'Object Repository/PharmacyRequest/Page_KDMC-Pharmacy/select_--Select--Albendazole'

2018-05-15 17:20:31 - [TEST_STEP][PASSED] - setText: Text '10' is set on object 'Object Repository/PharmacyRequest/Page_KDMC-Pharmacy/input_txttreat'

2018-05-15 17:20:31 - [MESSAGE][PASSED] - Text '10' is set on object 'Object Repository/PharmacyRequest/Page_KDMC-Pharmacy/input_txttreat'

2018-05-15 17:20:31 - [TEST_STEP][PASSED] - click: Object: 'Object Repository/PharmacyRequest/Page_KDMC-Pharmacy/button_Add' is clicked on

2018-05-15 17:20:31 - [MESSAGE][PASSED] - Object: 'Object Repository/PharmacyRequest/Page_KDMC-Pharmacy/button_Add' is clicked on

2018-05-15 17:20:31 - [TEST_STEP][PASSED] - Statement - RN1 = com.kms.katalon.core.webui.keyword.WebUiBuiltInKeywords.getAttribute(com.kms.katalon.core.testobject.ObjectRepository.findTestObject(PharmacyRequest/Page_KDMC-Pharmacy/input_txtno), "value"): Attribute 'value' of object 'Object Repository/PharmacyRequest/Page_KDMC-Pharmacy/input_txtno' is: 'PRNO/15052018/126'

2018-05-15 17:20:31 - [MESSAGE][PASSED] - Attribute 'value' of object 'Object Repository/PharmacyRequest/Page_KDMC-Pharmacy/input_txtno' is: 'PRNO/15052018/126'

2018-05-15 17:20:31 - [TEST_STEP][PASSED] - Statement - out.println(RN1): null

2018-05-15 17:20:31 - [TEST_STEP][PASSED] - Statement - RID = RN1.split("/")[2]: null

2018-05-15 17:20:31 - [TEST_STEP][PASSED] - scrollToElement: Scroll to object 'Object Repository/PharmacyRequest/Page_KDMC-Pharmacy/input_btnsave' successfully

2018-05-15 17:20:31 - [MESSAGE][PASSED] - Scroll to object 'Object Repository/PharmacyRequest/Page_KDMC-Pharmacy/input_btnsave' successfully

2018-05-15 17:20:31 - [TEST_STEP][PASSED] - click: Object: 'Object Repository/PharmacyRequest/Page_KDMC-Pharmacy/input_btnsave' is clicked on

2018-05-15 17:20:31 - [MESSAGE][PASSED] - Object: 'Object Repository/PharmacyRequest/Page_KDMC-Pharmacy/input_btnsave' is clicked on

2018-05-15 17:20:31 - [TEST_STEP][PASSED] - delay: Delayed 3 second(s)

2018-05-15 17:20:34 - [MESSAGE][PASSED] - Delayed 3 second(s)

2018-05-15 17:20:34 - [TEST_STEP][PASSED] - click: Object: 'Object Repository/PharmacyRequest/Page_KDMC-Pharmacy/button_OK' is clicked on

2018-05-15 17:20:35 - [MESSAGE][PASSED] - Object: 'Object Repository/PharmacyRequest/Page_KDMC-Pharmacy/button_OK' is clicked on

2018-05-15 17:20:35 - [TEST_STEP][PASSED] - delay: Delayed 3 second(s)

2018-05-15 17:20:38 - [MESSAGE][PASSED] - Delayed 3 second(s)

2018-05-15 17:20:38 - [TEST_STEP][PASSED] - click: Object: 'Object Repository/PharmacyRequest/Page_KDMC-Pharmacy/a_Back to Pharmacy' is clicked on

2018-05-15 17:20:39 - [MESSAGE][PASSED] - Object: 'Object Repository/PharmacyRequest/Page_KDMC-Pharmacy/a_Back to Pharmacy' is clicked on

2018-05-15 17:20:39 - [TEST_STEP][PASSED] - delay: Delayed 3 second(s)

2018-05-15 17:20:42 - [MESSAGE][PASSED] - Delayed 3 second(s)

2018-05-15 17:20:42 - [TEST_STEP][PASSED] - click: Object: 'Object Repository/PharmacyRequest/Page_KDMC - Pharmacy/a_dropdown-toggle' is clicked on

2018-05-15 17:20:42 - [MESSAGE][PASSED] - Object: 'Object Repository/PharmacyRequest/Page_KDMC - Pharmacy/a_dropdown-toggle' is clicked on

2018-05-15 17:20:42 - [TEST_STEP][PASSED] - click: Object: 'Object Repository/PharmacyRequest/Page_KDMC - Pharmacy/a_Sign out' is clicked on

2018-05-15 17:20:43 - [MESSAGE][PASSED] - Object: 'Object Repository/PharmacyRequest/Page_KDMC - Pharmacy/a_Sign out' is clicked on

2018-05-15 17:20:43 - [TEST_STEP][PASSED] - delay: Delayed 3 second(s)

2018-05-15 17:20:46 - [MESSAGE][PASSED] - Delayed 3 second(s)

2018-05-15 17:20:46 - [TEST_STEP][PASSED] - click: Object: 'Object Repository/PharmacyRequest/Page_KDMC/a_CMO' is clicked on

2018-05-15 17:20:47 - [MESSAGE][PASSED] - Object: 'Object Repository/PharmacyRequest/Page_KDMC/a_CMO' is clicked on

2018-05-15 17:20:47 - [TEST_STEP][PASSED] - setText: Text 'guru' is set on object 'Object Repository/PharmacyRequest/Page_CMO login/input_txtusername'

2018-05-15 17:20:47 - [MESSAGE][PASSED] - Text 'guru' is set on object 'Object Repository/PharmacyRequest/Page_CMO login/input_txtusername'

2018-05-15 17:20:47 - [TEST_STEP][PASSED] - setText: Text '123' is set on object 'Object Repository/PharmacyRequest/Page_CMO login/input_txtpassword'

2018-05-15 17:20:48 - [MESSAGE][PASSED] - Text '123' is set on object 'Object Repository/PharmacyRequest/Page_CMO login/input_txtpassword'

2018-05-15 17:20:48 - [TEST_STEP][PASSED] - delay: Delayed 3 second(s)

2018-05-15 17:20:51 - [MESSAGE][PASSED] - Delayed 3 second(s)

2018-05-15 17:20:51 - [TEST_STEP][PASSED] - click: Object: 'Object Repository/PharmacyRequest/Page_CMO login/button_Sign in' is clicked on

2018-05-15 17:20:52 - [MESSAGE][PASSED] - Object: 'Object Repository/PharmacyRequest/Page_CMO login/button_Sign in' is clicked on

2018-05-15 17:20:52 - [TEST_STEP][PASSED] - click: Object: 'Object Repository/PharmacyRequest/Page_KDMC - CMO/a_Department Wise Request' is clicked on

2018-05-15 17:20:52 - [MESSAGE][PASSED] - Object: 'Object Repository/PharmacyRequest/Page_KDMC - CMO/a_Department Wise Request' is clicked on

2018-05-15 17:20:52 - [TEST_STEP][PASSED] - selectOptionByIndex: All options with index in [2] are selected on object 'Object Repository/PharmacyRequest/Page_KDMC - CMO/select_--ALL--'

2018-05-15 17:20:52 - [MESSAGE][PASSED] - All options with index in [2] are selected on object 'Object Repository/PharmacyRequest/Page_KDMC - CMO/select_--ALL--'

2018-05-15 17:20:52 - [TEST_STEP][PASSED] - selectOptionByIndex: All options with index in [1] are selected on object 'Object Repository/PharmacyRequest/Page_KDMC - CMO/select_--ALL--                _1'

2018-05-15 17:20:53 - [MESSAGE][PASSED] - All options with index in [1] are selected on object 'Object Repository/PharmacyRequest/Page_KDMC - CMO/select_--ALL--                _1'

2018-05-15 17:20:53 - [TEST_STEP][PASSED] - click: Object: 'Object Repository/PharmacyRequest/Page_KDMC - CMO/input_btnsearch' is clicked on

2018-05-15 17:20:53 - [MESSAGE][PASSED] - Object: 'Object Repository/PharmacyRequest/Page_KDMC - CMO/input_btnsearch' is clicked on

2018-05-15 17:20:53 - [TEST_STEP][PASSED] - Statement - ID = com.kms.katalon.core.webui.keyword.WebUiBuiltInKeywords.modifyObjectProperty(com.kms.katalon.core.testobject.ObjectRepository.findTestObject(PharmacyRequest/Page_KDMC - CMO/input_2), "xpath", "equals", "//*[@id=" + RID + "]", true): Modify property of object successfully

2018-05-15 17:20:53 - [MESSAGE][PASSED] - Modify property of object successfully

2018-05-15 17:20:53 - [TEST_STEP][PASSED] - click: Object: 'Object Repository/PharmacyRequest/Page_KDMC - CMO/input_2' is clicked on

2018-05-15 17:20:53 - [MESSAGE][PASSED] - Object: 'Object Repository/PharmacyRequest/Page_KDMC - CMO/input_2' is clicked on

2018-05-15 17:20:53 - [TEST_STEP][PASSED] - delay: Delayed 3 second(s)

2018-05-15 17:20:56 - [MESSAGE][PASSED] - Delayed 3 second(s)

2018-05-15 17:20:56 - [TEST_STEP][PASSED] - selectOptionByIndex: All options with index in [1] are selected on object 'Object Repository/PharmacyRequest/Page_KDMC - CMO/select_--Select--'

2018-05-15 17:20:56 - [MESSAGE][PASSED] - All options with index in [1] are selected on object 'Object Repository/PharmacyRequest/Page_KDMC - CMO/select_--Select--'

2018-05-15 17:20:56 - [TEST_STEP][PASSED] - click: Object: 'Object Repository/PharmacyRequest/Page_KDMC - CMO/input_btnupdate' is clicked on

2018-05-15 17:20:57 - [MESSAGE][PASSED] - Object: 'Object Repository/PharmacyRequest/Page_KDMC - CMO/input_btnupdate' is clicked on

2018-05-15 17:20:57 - [TEST_STEP][PASSED] - delay: Delayed 3 second(s)

2018-05-15 17:21:00 - [MESSAGE][PASSED] - Delayed 3 second(s)

2018-05-15 17:21:00 - [TEST_STEP][PASSED] - click: Object: 'Object Repository/PharmacyRequest/Page_KDMC - CMO/button_OK' is clicked on

2018-05-15 17:21:00 - [MESSAGE][PASSED] - Object: 'Object Repository/PharmacyRequest/Page_KDMC - CMO/button_OK' is clicked on

2018-05-15 17:21:00 - [TEST_STEP][PASSED] - delay: Delayed 3 second(s)

2018-05-15 17:21:03 - [MESSAGE][PASSED] - Delayed 3 second(s)

2018-05-15 17:21:03 - [TEST_STEP][PASSED] - click: Object: 'Object Repository/PharmacyRequest/Page_KDMC - CMO/a_dropdown-toggle' is clicked on

2018-05-15 17:21:03 - [MESSAGE][PASSED] - Object: 'Object Repository/PharmacyRequest/Page_KDMC - CMO/a_dropdown-toggle' is clicked on

2018-05-15 17:21:03 - [TEST_STEP][PASSED] - click: Object: 'Object Repository/PharmacyRequest/Page_KDMC - CMO/a_Sign out' is clicked on

2018-05-15 17:21:04 - [MESSAGE][PASSED] - Object: 'Object Repository/PharmacyRequest/Page_KDMC - CMO/a_Sign out' is clicked on

2018-05-15 17:21:04 - [TEST_STEP][PASSED] - delay: Delayed 3 second(s)

2018-05-15 17:21:07 - [MESSAGE][PASSED] - Delayed 3 second(s)

2018-05-15 17:21:07 - [TEST_STEP][PASSED] - click: Object: 'Object Repository/PharmacyRequest/Page_KDMC/a_Divisional Store' is clicked on

2018-05-15 17:21:07 - [MESSAGE][PASSED] - Object: 'Object Repository/PharmacyRequest/Page_KDMC/a_Divisional Store' is clicked on

2018-05-15 17:21:07 - [TEST_STEP][PASSED] - setText: Text 'ragu' is set on object 'Object Repository/PharmacyRequest/Page_Divisonal Store Login/input_txtusername'

2018-05-15 17:21:07 - [MESSAGE][PASSED] - Text 'ragu' is set on object 'Object Repository/PharmacyRequest/Page_Divisonal Store Login/input_txtusername'

2018-05-15 17:21:07 - [TEST_STEP][PASSED] - setText: Text '123' is set on object 'Object Repository/PharmacyRequest/Page_Divisonal Store Login/input_txtpassword'

2018-05-15 17:21:08 - [MESSAGE][PASSED] - Text '123' is set on object 'Object Repository/PharmacyRequest/Page_Divisonal Store Login/input_txtpassword'

2018-05-15 17:21:08 - [TEST_STEP][PASSED] - delay: Delayed 3 second(s)

2018-05-15 17:21:11 - [MESSAGE][PASSED] - Delayed 3 second(s)

2018-05-15 17:21:11 - [TEST_STEP][PASSED] - click: Object: 'Object Repository/PharmacyRequest/Page_Divisonal Store Login/button_Sign in' is clicked on

2018-05-15 17:21:11 - [MESSAGE][PASSED] - Object: 'Object Repository/PharmacyRequest/Page_Divisonal Store Login/button_Sign in' is clicked on

2018-05-15 17:21:11 - [TEST_STEP][PASSED] - delay: Delayed 3 second(s)

2018-05-15 17:21:14 - [MESSAGE][PASSED] - Delayed 3 second(s)

2018-05-15 17:21:14 - [TEST_STEP][PASSED] - click: Object: 'Object Repository/PharmacyRequest/Page_Store/a_Pharmacy Request' is clicked on

2018-05-15 17:21:14 - [MESSAGE][PASSED] - Object: 'Object Repository/PharmacyRequest/Page_Store/a_Pharmacy Request' is clicked on

2018-05-15 17:21:14 - [TEST_STEP][PASSED] - click: Object: 'Object Repository/PharmacyRequest/Page_Store/a_Request Item Pharmacy' is clicked on

2018-05-15 17:21:15 - [MESSAGE][PASSED] - Object: 'Object Repository/PharmacyRequest/Page_Store/a_Request Item Pharmacy' is clicked on

2018-05-15 17:21:15 - [TEST_STEP][PASSED] - delay: Delayed 2 second(s)

2018-05-15 17:21:17 - [MESSAGE][PASSED] - Delayed 2 second(s)

2018-05-15 17:21:17 - [TEST_STEP][PASSED] - setText: Text 'PRNO/15052018/126' is set on object 'Object Repository/PharmacyRequest/Page_Store/input'

2018-05-15 17:21:17 - [MESSAGE][PASSED] - Text 'PRNO/15052018/126' is set on object 'Object Repository/PharmacyRequest/Page_Store/input'

2018-05-15 17:21:17 - [TEST_STEP][PASSED] - delay: Delayed 2 second(s)

2018-05-15 17:21:19 - [MESSAGE][PASSED] - Delayed 2 second(s)

2018-05-15 17:21:19 - [TEST_STEP][PASSED] - Statement - ChooseRequest = com.kms.katalon.core.webui.keyword.WebUiBuiltInKeywords.modifyObjectProperty(com.kms.katalon.core.testobject.ObjectRepository.findTestObject(PharmacyRequest/Page_Store/input_2), "xpath", "equals", "//*[@id=" + RID + "]", true): Modify property of object successfully

2018-05-15 17:21:19 - [MESSAGE][PASSED] - Modify property of object successfully

2018-05-15 17:21:19 - [TEST_STEP][PASSED] - click: Object: 'Object Repository/PharmacyRequest/Page_Store/input_2' is clicked on

2018-05-15 17:21:20 - [MESSAGE][PASSED] - Object: 'Object Repository/PharmacyRequest/Page_Store/input_2' is clicked on

2018-05-15 17:21:20 - [TEST_STEP][PASSED] - delay: Delayed 2 second(s)

2018-05-15 17:21:22 - [MESSAGE][PASSED] - Delayed 2 second(s)

2018-05-15 17:21:22 - [TEST_STEP][PASSED] - Statement - selectedoptions = com.kms.katalon.core.webui.keyword.WebUiBuiltInKeywords.getNumberOfTotalOption(com.kms.katalon.core.testobject.ObjectRepository.findTestObject(PharmacyRequest/Page_Store/select_--Select--Amlodepin -5)): 18 options of object 'Object Repository/PharmacyRequest/Page_Store/select_--Select--Amlodepin -5' counted

2018-05-15 17:21:22 - [MESSAGE][PASSED] - 18 options of object 'Object Repository/PharmacyRequest/Page_Store/select_--Select--Amlodepin -5' counted

2018-05-15 17:21:22 - [TEST_STEP][PASSED] - Statement - For ([a = 1, a <= selectedoptions - 1, (a++)]): null

2018-05-15 17:21:22 - [TEST_STEP][PASSED] - selectOptionByIndex: All options with index in [1] are selected on object 'Object Repository/PharmacyRequest/Page_Store/select_--Select--Amlodepin -5'

2018-05-15 17:21:22 - [MESSAGE][PASSED] - All options with index in [1] are selected on object 'Object Repository/PharmacyRequest/Page_Store/select_--Select--Amlodepin -5'

2018-05-15 17:21:22 - [TEST_STEP][PASSED] - delay: Delayed 1 second(s)

2018-05-15 17:21:23 - [MESSAGE][PASSED] - Delayed 1 second(s)

2018-05-15 17:21:23 - [TEST_STEP][PASSED] - Statement - RequestedQty = com.kms.katalon.core.webui.keyword.WebUiBuiltInKeywords.getAttribute(com.kms.katalon.core.testobject.ObjectRepository.findTestObject(PharmacyRequest/Page_Store/input_txttotal), "value"): Attribute 'value' of object 'Object Repository/PharmacyRequest/Page_Store/input_txttotal' is: '10'

2018-05-15 17:21:23 - [MESSAGE][PASSED] - Attribute 'value' of object 'Object Repository/PharmacyRequest/Page_Store/input_txttotal' is: '10'

2018-05-15 17:21:23 - [TEST_STEP][PASSED] - Statement - out.println("Requested QTY : " + RequestedQty): null

2018-05-15 17:21:23 - [TEST_STEP][PASSED] - Statement - BatchNumber = com.kms.katalon.core.webui.keyword.WebUiBuiltInKeywords.getNumberOfTotalOption(com.kms.katalon.core.testobject.ObjectRepository.findTestObject(PharmacyRequest/Page_Store/select_--Select--BA50)): 2 options of object 'Object Repository/PharmacyRequest/Page_Store/select_--Select--BA50' counted

2018-05-15 17:21:23 - [MESSAGE][PASSED] - 2 options of object 'Object Repository/PharmacyRequest/Page_Store/select_--Select--BA50' counted

2018-05-15 17:21:23 - [TEST_STEP][PASSED] - Statement - For ([g = 1, g <= BatchNumber - 1, (g++)]): null

2018-05-15 17:21:23 - [TEST_STEP][PASSED] - selectOptionByIndex: All options with index in [1] are selected on object 'Object Repository/PharmacyRequest/Page_Store/select_--Select--BA50'

2018-05-15 17:21:23 - [MESSAGE][PASSED] - All options with index in [1] are selected on object 'Object Repository/PharmacyRequest/Page_Store/select_--Select--BA50'

2018-05-15 17:21:23 - [TEST_STEP][PASSED] - delay: Delayed 1 second(s)

2018-05-15 17:21:24 - [MESSAGE][PASSED] - Delayed 1 second(s)

2018-05-15 17:21:24 - [TEST_STEP][PASSED] - Statement - StockQty = com.kms.katalon.core.webui.keyword.WebUiBuiltInKeywords.getAttribute(com.kms.katalon.core.testobject.ObjectRepository.findTestObject(PharmacyRequest/Page_Store/input_txtprice), "value"): Attribute 'value' of object 'Object Repository/PharmacyRequest/Page_Store/input_txtprice' is: '920'

2018-05-15 17:21:24 - [MESSAGE][PASSED] - Attribute 'value' of object 'Object Repository/PharmacyRequest/Page_Store/input_txtprice' is: '920'

2018-05-15 17:21:24 - [TEST_STEP][PASSED] - Statement - out.println("Stock QTY : " + StockQty): null

2018-05-15 17:21:24 - [TEST_STEP][PASSED] - delay: Delayed 1 second(s)

2018-05-15 17:21:25 - [MESSAGE][PASSED] - Delayed 1 second(s)

2018-05-15 17:21:25 - [TEST_STEP][PASSED] - Statement - If (java.lang.Integer.valueOf(StockQty) >= java.lang.Integer.valueOf(RequestedQty)): null

2018-05-15 17:21:25 - [TEST_STEP][PASSED] - setText: Text '10' is set on object 'Object Repository/PharmacyRequest/Page_Store/input_txtqty'

2018-05-15 17:21:25 - [MESSAGE][PASSED] - Text '10' is set on object 'Object Repository/PharmacyRequest/Page_Store/input_txtqty'

2018-05-15 17:21:25 - [TEST_STEP][PASSED] - click: Object: 'Object Repository/PharmacyRequest/Page_Store/button_Add' is clicked on

2018-05-15 17:21:26 - [MESSAGE][PASSED] - Object: 'Object Repository/PharmacyRequest/Page_Store/button_Add' is clicked on

2018-05-15 17:21:26 - [TEST_STEP][PASSED] - Statement - Break: null

2018-05-15 17:21:26 - [TEST_STEP][PASSED] - selectOptionByIndex: All options with index in [2] are selected on object 'Object Repository/PharmacyRequest/Page_Store/select_--Select--Amlodepin -5'

2018-05-15 17:21:26 - [MESSAGE][PASSED] - All options with index in [2] are selected on object 'Object Repository/PharmacyRequest/Page_Store/select_--Select--Amlodepin -5'

2018-05-15 17:21:26 - [TEST_STEP][PASSED] - delay: Delayed 1 second(s)

2018-05-15 17:21:27 - [MESSAGE][PASSED] - Delayed 1 second(s)

2018-05-15 17:21:27 - [TEST_STEP][PASSED] - Statement - RequestedQty = com.kms.katalon.core.webui.keyword.WebUiBuiltInKeywords.getAttribute(com.kms.katalon.core.testobject.ObjectRepository.findTestObject(PharmacyRequest/Page_Store/input_txttotal), "value"): Attribute 'value' of object 'Object Repository/PharmacyRequest/Page_Store/input_txttotal' is: '10'

2018-05-15 17:21:27 - [MESSAGE][PASSED] - Attribute 'value' of object 'Object Repository/PharmacyRequest/Page_Store/input_txttotal' is: '10'

2018-05-15 17:21:27 - [TEST_STEP][PASSED] - Statement - out.println("Requested QTY : " + RequestedQty): null

2018-05-15 17:21:27 - [TEST_STEP][PASSED] - Statement - BatchNumber = com.kms.katalon.core.webui.keyword.WebUiBuiltInKeywords.getNumberOfTotalOption(com.kms.katalon.core.testobject.ObjectRepository.findTestObject(PharmacyRequest/Page_Store/select_--Select--BA50)): 2 options of object 'Object Repository/PharmacyRequest/Page_Store/select_--Select--BA50' counted

2018-05-15 17:21:27 - [MESSAGE][PASSED] - 2 options of object 'Object Repository/PharmacyRequest/Page_Store/select_--Select--BA50' counted

2018-05-15 17:21:27 - [TEST_STEP][PASSED] - Statement - For ([g = 1, g <= BatchNumber - 1, (g++)]): null

2018-05-15 17:21:27 - [TEST_STEP][PASSED] - selectOptionByIndex: All options with index in [1] are selected on object 'Object Repository/PharmacyRequest/Page_Store/select_--Select--BA50'

2018-05-15 17:21:27 - [MESSAGE][PASSED] - All options with index in [1] are selected on object 'Object Repository/PharmacyRequest/Page_Store/select_--Select--BA50'

2018-05-15 17:21:27 - [TEST_STEP][PASSED] - delay: Delayed 1 second(s)

2018-05-15 17:21:28 - [MESSAGE][PASSED] - Delayed 1 second(s)

2018-05-15 17:21:28 - [TEST_STEP][PASSED] - Statement - StockQty = com.kms.katalon.core.webui.keyword.WebUiBuiltInKeywords.getAttribute(com.kms.katalon.core.testobject.ObjectRepository.findTestObject(PharmacyRequest/Page_Store/input_txtprice), "value"): Attribute 'value' of object 'Object Repository/PharmacyRequest/Page_Store/input_txtprice' is: '842'

2018-05-15 17:21:28 - [MESSAGE][PASSED] - Attribute 'value' of object 'Object Repository/PharmacyRequest/Page_Store/input_txtprice' is: '842'

2018-05-15 17:21:28 - [TEST_STEP][PASSED] - Statement - out.println("Stock QTY : " + StockQty): null

2018-05-15 17:21:28 - [TEST_STEP][PASSED] - delay: Delayed 1 second(s)

2018-05-15 17:21:29 - [MESSAGE][PASSED] - Delayed 1 second(s)

2018-05-15 17:21:29 - [TEST_STEP][PASSED] - Statement - If (java.lang.Integer.valueOf(StockQty) >= java.lang.Integer.valueOf(RequestedQty)): null

2018-05-15 17:21:29 - [TEST_STEP][PASSED] - setText: Text '10' is set on object 'Object Repository/PharmacyRequest/Page_Store/input_txtqty'

2018-05-15 17:21:29 - [MESSAGE][PASSED] - Text '10' is set on object 'Object Repository/PharmacyRequest/Page_Store/input_txtqty'

2018-05-15 17:21:29 - [TEST_STEP][PASSED] - click: Object: 'Object Repository/PharmacyRequest/Page_Store/button_Add' is clicked on

2018-05-15 17:21:29 - [MESSAGE][PASSED] - Object: 'Object Repository/PharmacyRequest/Page_Store/button_Add' is clicked on

2018-05-15 17:21:29 - [TEST_STEP][PASSED] - Statement - Break: null

2018-05-15 17:21:29 - [TEST_STEP][PASSED] - selectOptionByIndex: All options with index in [3] are selected on object 'Object Repository/PharmacyRequest/Page_Store/select_--Select--Amlodepin -5'

2018-05-15 17:21:29 - [MESSAGE][PASSED] - All options with index in [3] are selected on object 'Object Repository/PharmacyRequest/Page_Store/select_--Select--Amlodepin -5'

2018-05-15 17:21:29 - [TEST_STEP][PASSED] - delay: Delayed 1 second(s)

2018-05-15 17:21:30 - [MESSAGE][PASSED] - Delayed 1 second(s)

2018-05-15 17:21:30 - [TEST_STEP][PASSED] - Statement - RequestedQty = com.kms.katalon.core.webui.keyword.WebUiBuiltInKeywords.getAttribute(com.kms.katalon.core.testobject.ObjectRepository.findTestObject(PharmacyRequest/Page_Store/input_txttotal), "value"): Attribute 'value' of object 'Object Repository/PharmacyRequest/Page_Store/input_txttotal' is: '10'

2018-05-15 17:21:30 - [MESSAGE][PASSED] - Attribute 'value' of object 'Object Repository/PharmacyRequest/Page_Store/input_txttotal' is: '10'

2018-05-15 17:21:30 - [TEST_STEP][PASSED] - Statement - out.println("Requested QTY : " + RequestedQty): null

2018-05-15 17:21:30 - [TEST_STEP][PASSED] - Statement - BatchNumber = com.kms.katalon.core.webui.keyword.WebUiBuiltInKeywords.getNumberOfTotalOption(com.kms.katalon.core.testobject.ObjectRepository.findTestObject(PharmacyRequest/Page_Store/select_--Select--BA50)): 2 options of object 'Object Repository/PharmacyRequest/Page_Store/select_--Select--BA50' counted

2018-05-15 17:21:30 - [MESSAGE][PASSED] - 2 options of object 'Object Repository/PharmacyRequest/Page_Store/select_--Select--BA50' counted

2018-05-15 17:21:30 - [TEST_STEP][PASSED] - Statement - For ([g = 1, g <= BatchNumber - 1, (g++)]): null

2018-05-15 17:21:30 - [TEST_STEP][PASSED] - selectOptionByIndex: All options with index in [1] are selected on object 'Object Repository/PharmacyRequest/Page_Store/select_--Select--BA50'

2018-05-15 17:21:31 - [MESSAGE][PASSED] - All options with index in [1] are selected on object 'Object Repository/PharmacyRequest/Page_Store/select_--Select--BA50'

2018-05-15 17:21:31 - [TEST_STEP][PASSED] - delay: Delayed 1 second(s)

2018-05-15 17:21:32 - [MESSAGE][PASSED] - Delayed 1 second(s)

2018-05-15 17:21:32 - [TEST_STEP][PASSED] - Statement - StockQty = com.kms.katalon.core.webui.keyword.WebUiBuiltInKeywords.getAttribute(com.kms.katalon.core.testobject.ObjectRepository.findTestObject(PharmacyRequest/Page_Store/input_txtprice), "value"): Attribute 'value' of object 'Object Repository/PharmacyRequest/Page_Store/input_txtprice' is: '920'

2018-05-15 17:21:32 - [MESSAGE][PASSED] - Attribute 'value' of object 'Object Repository/PharmacyRequest/Page_Store/input_txtprice' is: '920'

2018-05-15 17:21:32 - [TEST_STEP][PASSED] - Statement - out.println("Stock QTY : " + StockQty): null

2018-05-15 17:21:32 - [TEST_STEP][PASSED] - delay: Delayed 1 second(s)

2018-05-15 17:21:33 - [MESSAGE][PASSED] - Delayed 1 second(s)

2018-05-15 17:21:33 - [TEST_STEP][PASSED] - Statement - If (java.lang.Integer.valueOf(StockQty) >= java.lang.Integer.valueOf(RequestedQty)): null

2018-05-15 17:21:33 - [TEST_STEP][PASSED] - setText: Text '10' is set on object 'Object Repository/PharmacyRequest/Page_Store/input_txtqty'

2018-05-15 17:21:33 - [MESSAGE][PASSED] - Text '10' is set on object 'Object Repository/PharmacyRequest/Page_Store/input_txtqty'

2018-05-15 17:21:33 - [TEST_STEP][PASSED] - click: Object: 'Object Repository/PharmacyRequest/Page_Store/button_Add' is clicked on

2018-05-15 17:21:33 - [MESSAGE][PASSED] - Object: 'Object Repository/PharmacyRequest/Page_Store/button_Add' is clicked on

2018-05-15 17:21:33 - [TEST_STEP][PASSED] - Statement - Break: null

2018-05-15 17:21:33 - [TEST_STEP][PASSED] - selectOptionByIndex: All options with index in [4] are selected on object 'Object Repository/PharmacyRequest/Page_Store/select_--Select--Amlodepin -5'

2018-05-15 17:21:33 - [MESSAGE][PASSED] - All options with index in [4] are selected on object 'Object Repository/PharmacyRequest/Page_Store/select_--Select--Amlodepin -5'

2018-05-15 17:21:33 - [TEST_STEP][PASSED] - delay: Delayed 1 second(s)

2018-05-15 17:21:34 - [MESSAGE][PASSED] - Delayed 1 second(s)

2018-05-15 17:21:34 - [TEST_STEP][PASSED] - Statement - RequestedQty = com.kms.katalon.core.webui.keyword.WebUiBuiltInKeywords.getAttribute(com.kms.katalon.core.testobject.ObjectRepository.findTestObject(PharmacyRequest/Page_Store/input_txttotal), "value"): Attribute 'value' of object 'Object Repository/PharmacyRequest/Page_Store/input_txttotal' is: '10'

2018-05-15 17:21:34 - [MESSAGE][PASSED] - Attribute 'value' of object 'Object Repository/PharmacyRequest/Page_Store/input_txttotal' is: '10'

2018-05-15 17:21:34 - [TEST_STEP][PASSED] - Statement - out.println("Requested QTY : " + RequestedQty): null

2018-05-15 17:21:34 - [TEST_STEP][PASSED] - Statement - BatchNumber = com.kms.katalon.core.webui.keyword.WebUiBuiltInKeywords.getNumberOfTotalOption(com.kms.katalon.core.testobject.ObjectRepository.findTestObject(PharmacyRequest/Page_Store/select_--Select--BA50)): 2 options of object 'Object Repository/PharmacyRequest/Page_Store/select_--Select--BA50' counted

2018-05-15 17:21:34 - [MESSAGE][PASSED] - 2 options of object 'Object Repository/PharmacyRequest/Page_Store/select_--Select--BA50' counted

2018-05-15 17:21:34 - [TEST_STEP][PASSED] - Statement - For ([g = 1, g <= BatchNumber - 1, (g++)]): null

2018-05-15 17:21:34 - [TEST_STEP][PASSED] - selectOptionByIndex: All options with index in [1] are selected on object 'Object Repository/PharmacyRequest/Page_Store/select_--Select--BA50'

2018-05-15 17:21:34 - [MESSAGE][PASSED] - All options with index in [1] are selected on object 'Object Repository/PharmacyRequest/Page_Store/select_--Select--BA50'

2018-05-15 17:21:34 - [TEST_STEP][PASSED] - delay: Delayed 1 second(s)

2018-05-15 17:21:35 - [MESSAGE][PASSED] - Delayed 1 second(s)

2018-05-15 17:21:35 - [TEST_STEP][PASSED] - Statement - StockQty = com.kms.katalon.core.webui.keyword.WebUiBuiltInKeywords.getAttribute(com.kms.katalon.core.testobject.ObjectRepository.findTestObject(PharmacyRequest/Page_Store/input_txtprice), "value"): Attribute 'value' of object 'Object Repository/PharmacyRequest/Page_Store/input_txtprice' is: '920'

2018-05-15 17:21:35 - [MESSAGE][PASSED] - Attribute 'value' of object 'Object Repository/PharmacyRequest/Page_Store/input_txtprice' is: '920'

2018-05-15 17:21:35 - [TEST_STEP][PASSED] - Statement - out.println("Stock QTY : " + StockQty): null

2018-05-15 17:21:35 - [TEST_STEP][PASSED] - delay: Delayed 1 second(s)

2018-05-15 17:21:36 - [MESSAGE][PASSED] - Delayed 1 second(s)

2018-05-15 17:21:36 - [TEST_STEP][PASSED] - Statement - If (java.lang.Integer.valueOf(StockQty) >= java.lang.Integer.valueOf(RequestedQty)): null

2018-05-15 17:21:36 - [TEST_STEP][PASSED] - setText: Text '10' is set on object 'Object Repository/PharmacyRequest/Page_Store/input_txtqty'

2018-05-15 17:21:36 - [MESSAGE][PASSED] - Text '10' is set on object 'Object Repository/PharmacyRequest/Page_Store/input_txtqty'

2018-05-15 17:21:36 - [TEST_STEP][PASSED] - click: Object: 'Object Repository/PharmacyRequest/Page_Store/button_Add' is clicked on

2018-05-15 17:21:36 - [MESSAGE][PASSED] - Object: 'Object Repository/PharmacyRequest/Page_Store/button_Add' is clicked on

2018-05-15 17:21:36 - [TEST_STEP][PASSED] - Statement - Break: null

2018-05-15 17:21:36 - [TEST_STEP][PASSED] - selectOptionByIndex: All options with index in [5] are selected on object 'Object Repository/PharmacyRequest/Page_Store/select_--Select--Amlodepin -5'

2018-05-15 17:21:36 - [MESSAGE][PASSED] - All options with index in [5] are selected on object 'Object Repository/PharmacyRequest/Page_Store/select_--Select--Amlodepin -5'

2018-05-15 17:21:36 - [TEST_STEP][PASSED] - delay: Delayed 1 second(s)

2018-05-15 17:21:37 - [MESSAGE][PASSED] - Delayed 1 second(s)

2018-05-15 17:21:37 - [TEST_STEP][PASSED] - Statement - RequestedQty = com.kms.katalon.core.webui.keyword.WebUiBuiltInKeywords.getAttribute(com.kms.katalon.core.testobject.ObjectRepository.findTestObject(PharmacyRequest/Page_Store/input_txttotal), "value"): Attribute 'value' of object 'Object Repository/PharmacyRequest/Page_Store/input_txttotal' is: '10'

2018-05-15 17:21:37 - [MESSAGE][PASSED] - Attribute 'value' of object 'Object Repository/PharmacyRequest/Page_Store/input_txttotal' is: '10'

2018-05-15 17:21:37 - [TEST_STEP][PASSED] - Statement - out.println("Requested QTY : " + RequestedQty): null

2018-05-15 17:21:37 - [TEST_STEP][PASSED] - Statement - BatchNumber = com.kms.katalon.core.webui.keyword.WebUiBuiltInKeywords.getNumberOfTotalOption(com.kms.katalon.core.testobject.ObjectRepository.findTestObject(PharmacyRequest/Page_Store/select_--Select--BA50)): 2 options of object 'Object Repository/PharmacyRequest/Page_Store/select_--Select--BA50' counted

2018-05-15 17:21:38 - [MESSAGE][PASSED] - 2 options of object 'Object Repository/PharmacyRequest/Page_Store/select_--Select--BA50' counted

2018-05-15 17:21:38 - [TEST_STEP][PASSED] - Statement - For ([g = 1, g <= BatchNumber - 1, (g++)]): null

2018-05-15 17:21:38 - [TEST_STEP][PASSED] - selectOptionByIndex: All options with index in [1] are selected on object 'Object Repository/PharmacyRequest/Page_Store/select_--Select--BA50'

2018-05-15 17:21:38 - [MESSAGE][PASSED] - All options with index in [1] are selected on object 'Object Repository/PharmacyRequest/Page_Store/select_--Select--BA50'

2018-05-15 17:21:38 - [TEST_STEP][PASSED] - delay: Delayed 1 second(s)

2018-05-15 17:21:39 - [MESSAGE][PASSED] - Delayed 1 second(s)

2018-05-15 17:21:39 - [TEST_STEP][PASSED] - Statement - StockQty = com.kms.katalon.core.webui.keyword.WebUiBuiltInKeywords.getAttribute(com.kms.katalon.core.testobject.ObjectRepository.findTestObject(PharmacyRequest/Page_Store/input_txtprice), "value"): Attribute 'value' of object 'Object Repository/PharmacyRequest/Page_Store/input_txtprice' is: '920'

2018-05-15 17:21:39 - [MESSAGE][PASSED] - Attribute 'value' of object 'Object Repository/PharmacyRequest/Page_Store/input_txtprice' is: '920'

2018-05-15 17:21:39 - [TEST_STEP][PASSED] - Statement - out.println("Stock QTY : " + StockQty): null

2018-05-15 17:21:39 - [TEST_STEP][PASSED] - delay: Delayed 1 second(s)

2018-05-15 17:21:40 - [MESSAGE][PASSED] - Delayed 1 second(s)

2018-05-15 17:21:40 - [TEST_STEP][PASSED] - Statement - If (java.lang.Integer.valueOf(StockQty) >= java.lang.Integer.valueOf(RequestedQty)): null

2018-05-15 17:21:40 - [TEST_STEP][PASSED] - setText: Text '10' is set on object 'Object Repository/PharmacyRequest/Page_Store/input_txtqty'

2018-05-15 17:21:40 - [MESSAGE][PASSED] - Text '10' is set on object 'Object Repository/PharmacyRequest/Page_Store/input_txtqty'

2018-05-15 17:21:40 - [TEST_STEP][PASSED] - click: Object: 'Object Repository/PharmacyRequest/Page_Store/button_Add' is clicked on

2018-05-15 17:21:40 - [MESSAGE][PASSED] - Object: 'Object Repository/PharmacyRequest/Page_Store/button_Add' is clicked on

2018-05-15 17:21:40 - [TEST_STEP][PASSED] - Statement - Break: null

2018-05-15 17:21:40 - [TEST_STEP][PASSED] - selectOptionByIndex: All options with index in [6] are selected on object 'Object Repository/PharmacyRequest/Page_Store/select_--Select--Amlodepin -5'

2018-05-15 17:21:40 - [MESSAGE][PASSED] - All options with index in [6] are selected on object 'Object Repository/PharmacyRequest/Page_Store/select_--Select--Amlodepin -5'

2018-05-15 17:21:40 - [TEST_STEP][PASSED] - delay: Delayed 1 second(s)

2018-05-15 17:21:41 - [MESSAGE][PASSED] - Delayed 1 second(s)

2018-05-15 17:21:41 - [TEST_STEP][PASSED] - Statement - RequestedQty = com.kms.katalon.core.webui.keyword.WebUiBuiltInKeywords.getAttribute(com.kms.katalon.core.testobject.ObjectRepository.findTestObject(PharmacyRequest/Page_Store/input_txttotal), "value"): Attribute 'value' of object 'Object Repository/PharmacyRequest/Page_Store/input_txttotal' is: '10'

2018-05-15 17:21:41 - [MESSAGE][PASSED] - Attribute 'value' of object 'Object Repository/PharmacyRequest/Page_Store/input_txttotal' is: '10'

2018-05-15 17:21:41 - [TEST_STEP][PASSED] - Statement - out.println("Requested QTY : " + RequestedQty): null

2018-05-15 17:21:41 - [TEST_STEP][PASSED] - Statement - BatchNumber = com.kms.katalon.core.webui.keyword.WebUiBuiltInKeywords.getNumberOfTotalOption(com.kms.katalon.core.testobject.ObjectRepository.findTestObject(PharmacyRequest/Page_Store/select_--Select--BA50)): 2 options of object 'Object Repository/PharmacyRequest/Page_Store/select_--Select--BA50' counted

2018-05-15 17:21:41 - [MESSAGE][PASSED] - 2 options of object 'Object Repository/PharmacyRequest/Page_Store/select_--Select--BA50' counted

2018-05-15 17:21:41 - [TEST_STEP][PASSED] - Statement - For ([g = 1, g <= BatchNumber - 1, (g++)]): null

2018-05-15 17:21:41 - [TEST_STEP][PASSED] - selectOptionByIndex: All options with index in [1] are selected on object 'Object Repository/PharmacyRequest/Page_Store/select_--Select--BA50'

2018-05-15 17:21:41 - [MESSAGE][PASSED] - All options with index in [1] are selected on object 'Object Repository/PharmacyRequest/Page_Store/select_--Select--BA50'

2018-05-15 17:21:41 - [TEST_STEP][PASSED] - delay: Delayed 1 second(s)

2018-05-15 17:21:42 - [MESSAGE][PASSED] - Delayed 1 second(s)

2018-05-15 17:21:42 - [TEST_STEP][PASSED] - Statement - StockQty = com.kms.katalon.core.webui.keyword.WebUiBuiltInKeywords.getAttribute(com.kms.katalon.core.testobject.ObjectRepository.findTestObject(PharmacyRequest/Page_Store/input_txtprice), "value"): Attribute 'value' of object 'Object Repository/PharmacyRequest/Page_Store/input_txtprice' is: '920'

2018-05-15 17:21:42 - [MESSAGE][PASSED] - Attribute 'value' of object 'Object Repository/PharmacyRequest/Page_Store/input_txtprice' is: '920'

2018-05-15 17:21:42 - [TEST_STEP][PASSED] - Statement - out.println("Stock QTY : " + StockQty): null

2018-05-15 17:21:42 - [TEST_STEP][PASSED] - delay: Delayed 1 second(s)

2018-05-15 17:21:43 - [MESSAGE][PASSED] - Delayed 1 second(s)

2018-05-15 17:21:43 - [TEST_STEP][PASSED] - Statement - If (java.lang.Integer.valueOf(StockQty) >= java.lang.Integer.valueOf(RequestedQty)): null

2018-05-15 17:21:43 - [TEST_STEP][PASSED] - setText: Text '10' is set on object 'Object Repository/PharmacyRequest/Page_Store/input_txtqty'

2018-05-15 17:21:43 - [MESSAGE][PASSED] - Text '10' is set on object 'Object Repository/PharmacyRequest/Page_Store/input_txtqty'

2018-05-15 17:21:43 - [TEST_STEP][PASSED] - click: Object: 'Object Repository/PharmacyRequest/Page_Store/button_Add' is clicked on

2018-05-15 17:21:43 - [MESSAGE][PASSED] - Object: 'Object Repository/PharmacyRequest/Page_Store/button_Add' is clicked on

2018-05-15 17:21:43 - [TEST_STEP][PASSED] - Statement - Break: null

2018-05-15 17:21:43 - [TEST_STEP][PASSED] - selectOptionByIndex: All options with index in [7] are selected on object 'Object Repository/PharmacyRequest/Page_Store/select_--Select--Amlodepin -5'

2018-05-15 17:21:44 - [MESSAGE][PASSED] - All options with index in [7] are selected on object 'Object Repository/PharmacyRequest/Page_Store/select_--Select--Amlodepin -5'

2018-05-15 17:21:44 - [TEST_STEP][PASSED] - delay: Delayed 1 second(s)

2018-05-15 17:21:45 - [MESSAGE][PASSED] - Delayed 1 second(s)

2018-05-15 17:21:45 - [TEST_STEP][PASSED] - Statement - RequestedQty = com.kms.katalon.core.webui.keyword.WebUiBuiltInKeywords.getAttribute(com.kms.katalon.core.testobject.ObjectRepository.findTestObject(PharmacyRequest/Page_Store/input_txttotal), "value"): Attribute 'value' of object 'Object Repository/PharmacyRequest/Page_Store/input_txttotal' is: '10'

2018-05-15 17:21:45 - [MESSAGE][PASSED] - Attribute 'value' of object 'Object Repository/PharmacyRequest/Page_Store/input_txttotal' is: '10'

2018-05-15 17:21:45 - [TEST_STEP][PASSED] - Statement - out.println("Requested QTY : " + RequestedQty): null

2018-05-15 17:21:45 - [TEST_STEP][PASSED] - Statement - BatchNumber = com.kms.katalon.core.webui.keyword.WebUiBuiltInKeywords.getNumberOfTotalOption(com.kms.katalon.core.testobject.ObjectRepository.findTestObject(PharmacyRequest/Page_Store/select_--Select--BA50)): 2 options of object 'Object Repository/PharmacyRequest/Page_Store/select_--Select--BA50' counted

2018-05-15 17:21:45 - [MESSAGE][PASSED] - 2 options of object 'Object Repository/PharmacyRequest/Page_Store/select_--Select--BA50' counted

2018-05-15 17:21:45 - [TEST_STEP][PASSED] - Statement - For ([g = 1, g <= BatchNumber - 1, (g++)]): null

2018-05-15 17:21:45 - [TEST_STEP][PASSED] - selectOptionByIndex: All options with index in [1] are selected on object 'Object Repository/PharmacyRequest/Page_Store/select_--Select--BA50'

2018-05-15 17:21:45 - [MESSAGE][PASSED] - All options with index in [1] are selected on object 'Object Repository/PharmacyRequest/Page_Store/select_--Select--BA50'

2018-05-15 17:21:45 - [TEST_STEP][PASSED] - delay: Delayed 1 second(s)

2018-05-15 17:21:46 - [MESSAGE][PASSED] - Delayed 1 second(s)

2018-05-15 17:21:46 - [TEST_STEP][PASSED] - Statement - StockQty = com.kms.katalon.core.webui.keyword.WebUiBuiltInKeywords.getAttribute(com.kms.katalon.core.testobject.ObjectRepository.findTestObject(PharmacyRequest/Page_Store/input_txtprice), "value"): Attribute 'value' of object 'Object Repository/PharmacyRequest/Page_Store/input_txtprice' is: '920'

2018-05-15 17:21:46 - [MESSAGE][PASSED] - Attribute 'value' of object 'Object Repository/PharmacyRequest/Page_Store/input_txtprice' is: '920'

2018-05-15 17:21:46 - [TEST_STEP][PASSED] - Statement - out.println("Stock QTY : " + StockQty): null

2018-05-15 17:21:46 - [TEST_STEP][PASSED] - delay: Delayed 1 second(s)

2018-05-15 17:21:47 - [MESSAGE][PASSED] - Delayed 1 second(s)

2018-05-15 17:21:47 - [TEST_STEP][PASSED] - Statement - If (java.lang.Integer.valueOf(StockQty) >= java.lang.Integer.valueOf(RequestedQty)): null

2018-05-15 17:21:47 - [TEST_STEP][PASSED] - setText: Text '10' is set on object 'Object Repository/PharmacyRequest/Page_Store/input_txtqty'

2018-05-15 17:21:47 - [MESSAGE][PASSED] - Text '10' is set on object 'Object Repository/PharmacyRequest/Page_Store/input_txtqty'

2018-05-15 17:21:47 - [TEST_STEP][PASSED] - click: Object: 'Object Repository/PharmacyRequest/Page_Store/button_Add' is clicked on

2018-05-15 17:21:47 - [MESSAGE][PASSED] - Object: 'Object Repository/PharmacyRequest/Page_Store/button_Add' is clicked on

2018-05-15 17:21:47 - [TEST_STEP][PASSED] - Statement - Break: null

2018-05-15 17:21:47 - [TEST_STEP][PASSED] - selectOptionByIndex: All options with index in [8] are selected on object 'Object Repository/PharmacyRequest/Page_Store/select_--Select--Amlodepin -5'

2018-05-15 17:21:47 - [MESSAGE][PASSED] - All options with index in [8] are selected on object 'Object Repository/PharmacyRequest/Page_Store/select_--Select--Amlodepin -5'

2018-05-15 17:21:47 - [TEST_STEP][PASSED] - delay: Delayed 1 second(s)

2018-05-15 17:21:48 - [MESSAGE][PASSED] - Delayed 1 second(s)

2018-05-15 17:21:48 - [TEST_STEP][PASSED] - Statement - RequestedQty = com.kms.katalon.core.webui.keyword.WebUiBuiltInKeywords.getAttribute(com.kms.katalon.core.testobject.ObjectRepository.findTestObject(PharmacyRequest/Page_Store/input_txttotal), "value"): Attribute 'value' of object 'Object Repository/PharmacyRequest/Page_Store/input_txttotal' is: '10'

2018-05-15 17:21:48 - [MESSAGE][PASSED] - Attribute 'value' of object 'Object Repository/PharmacyRequest/Page_Store/input_txttotal' is: '10'

2018-05-15 17:21:48 - [TEST_STEP][PASSED] - Statement - out.println("Requested QTY : " + RequestedQty): null

2018-05-15 17:21:48 - [TEST_STEP][PASSED] - Statement - BatchNumber = com.kms.katalon.core.webui.keyword.WebUiBuiltInKeywords.getNumberOfTotalOption(com.kms.katalon.core.testobject.ObjectRepository.findTestObject(PharmacyRequest/Page_Store/select_--Select--BA50)): 2 options of object 'Object Repository/PharmacyRequest/Page_Store/select_--Select--BA50' counted

2018-05-15 17:21:48 - [MESSAGE][PASSED] - 2 options of object 'Object Repository/PharmacyRequest/Page_Store/select_--Select--BA50' counted

2018-05-15 17:21:48 - [TEST_STEP][PASSED] - Statement - For ([g = 1, g <= BatchNumber - 1, (g++)]): null

2018-05-15 17:21:48 - [TEST_STEP][PASSED] - selectOptionByIndex: All options with index in [1] are selected on object 'Object Repository/PharmacyRequest/Page_Store/select_--Select--BA50'

2018-05-15 17:21:48 - [MESSAGE][PASSED] - All options with index in [1] are selected on object 'Object Repository/PharmacyRequest/Page_Store/select_--Select--BA50'

2018-05-15 17:21:48 - [TEST_STEP][PASSED] - delay: Delayed 1 second(s)

2018-05-15 17:21:49 - [MESSAGE][PASSED] - Delayed 1 second(s)

2018-05-15 17:21:49 - [TEST_STEP][PASSED] - Statement - StockQty = com.kms.katalon.core.webui.keyword.WebUiBuiltInKeywords.getAttribute(com.kms.katalon.core.testobject.ObjectRepository.findTestObject(PharmacyRequest/Page_Store/input_txtprice), "value"): Attribute 'value' of object 'Object Repository/PharmacyRequest/Page_Store/input_txtprice' is: '920'

2018-05-15 17:21:49 - [MESSAGE][PASSED] - Attribute 'value' of object 'Object Repository/PharmacyRequest/Page_Store/input_txtprice' is: '920'

2018-05-15 17:21:49 - [TEST_STEP][PASSED] - Statement - out.println("Stock QTY : " + StockQty): null

2018-05-15 17:21:49 - [TEST_STEP][PASSED] - delay: Delayed 1 second(s)

2018-05-15 17:21:50 - [MESSAGE][PASSED] - Delayed 1 second(s)

2018-05-15 17:21:50 - [TEST_STEP][PASSED] - Statement - If (java.lang.Integer.valueOf(StockQty) >= java.lang.Integer.valueOf(RequestedQty)): null

2018-05-15 17:21:50 - [TEST_STEP][PASSED] - setText: Text '10' is set on object 'Object Repository/PharmacyRequest/Page_Store/input_txtqty'

2018-05-15 17:21:51 - [MESSAGE][PASSED] - Text '10' is set on object 'Object Repository/PharmacyRequest/Page_Store/input_txtqty'

2018-05-15 17:21:51 - [TEST_STEP][PASSED] - click: Object: 'Object Repository/PharmacyRequest/Page_Store/button_Add' is clicked on

2018-05-15 17:21:51 - [MESSAGE][PASSED] - Object: 'Object Repository/PharmacyRequest/Page_Store/button_Add' is clicked on

2018-05-15 17:21:51 - [TEST_STEP][PASSED] - Statement - Break: null

2018-05-15 17:21:51 - [TEST_STEP][PASSED] - selectOptionByIndex: All options with index in [9] are selected on object 'Object Repository/PharmacyRequest/Page_Store/select_--Select--Amlodepin -5'

2018-05-15 17:21:51 - [MESSAGE][PASSED] - All options with index in [9] are selected on object 'Object Repository/PharmacyRequest/Page_Store/select_--Select--Amlodepin -5'

2018-05-15 17:21:51 - [TEST_STEP][PASSED] - delay: Delayed 1 second(s)

2018-05-15 17:21:52 - [MESSAGE][PASSED] - Delayed 1 second(s)

2018-05-15 17:21:52 - [TEST_STEP][PASSED] - Statement - RequestedQty = com.kms.katalon.core.webui.keyword.WebUiBuiltInKeywords.getAttribute(com.kms.katalon.core.testobject.ObjectRepository.findTestObject(PharmacyRequest/Page_Store/input_txttotal), "value"): Attribute 'value' of object 'Object Repository/PharmacyRequest/Page_Store/input_txttotal' is: '10'

2018-05-15 17:21:52 - [MESSAGE][PASSED] - Attribute 'value' of object 'Object Repository/PharmacyRequest/Page_Store/input_txttotal' is: '10'

2018-05-15 17:21:52 - [TEST_STEP][PASSED] - Statement - out.println("Requested QTY : " + RequestedQty): null

2018-05-15 17:21:52 - [TEST_STEP][PASSED] - Statement - BatchNumber = com.kms.katalon.core.webui.keyword.WebUiBuiltInKeywords.getNumberOfTotalOption(com.kms.katalon.core.testobject.ObjectRepository.findTestObject(PharmacyRequest/Page_Store/select_--Select--BA50)): 2 options of object 'Object Repository/PharmacyRequest/Page_Store/select_--Select--BA50' counted

2018-05-15 17:21:52 - [MESSAGE][PASSED] - 2 options of object 'Object Repository/PharmacyRequest/Page_Store/select_--Select--BA50' counted

2018-05-15 17:21:52 - [TEST_STEP][PASSED] - Statement - For ([g = 1, g <= BatchNumber - 1, (g++)]): null

2018-05-15 17:21:52 - [TEST_STEP][PASSED] - selectOptionByIndex: All options with index in [1] are selected on object 'Object Repository/PharmacyRequest/Page_Store/select_--Select--BA50'

2018-05-15 17:21:52 - [MESSAGE][PASSED] - All options with index in [1] are selected on object 'Object Repository/PharmacyRequest/Page_Store/select_--Select--BA50'

2018-05-15 17:21:52 - [TEST_STEP][PASSED] - delay: Delayed 1 second(s)

2018-05-15 17:21:53 - [MESSAGE][PASSED] - Delayed 1 second(s)

2018-05-15 17:21:53 - [TEST_STEP][PASSED] - Statement - StockQty = com.kms.katalon.core.webui.keyword.WebUiBuiltInKeywords.getAttribute(com.kms.katalon.core.testobject.ObjectRepository.findTestObject(PharmacyRequest/Page_Store/input_txtprice), "value"): Attribute 'value' of object 'Object Repository/PharmacyRequest/Page_Store/input_txtprice' is: '920'

2018-05-15 17:21:53 - [MESSAGE][PASSED] - Attribute 'value' of object 'Object Repository/PharmacyRequest/Page_Store/input_txtprice' is: '920'

2018-05-15 17:21:53 - [TEST_STEP][PASSED] - Statement - out.println("Stock QTY : " + StockQty): null

2018-05-15 17:21:53 - [TEST_STEP][PASSED] - delay: Delayed 1 second(s)

2018-05-15 17:21:54 - [MESSAGE][PASSED] - Delayed 1 second(s)

2018-05-15 17:21:54 - [TEST_STEP][PASSED] - Statement - If (java.lang.Integer.valueOf(StockQty) >= java.lang.Integer.valueOf(RequestedQty)): null

2018-05-15 17:21:54 - [TEST_STEP][PASSED] - setText: Text '10' is set on object 'Object Repository/PharmacyRequest/Page_Store/input_txtqty'

2018-05-15 17:21:54 - [MESSAGE][PASSED] - Text '10' is set on object 'Object Repository/PharmacyRequest/Page_Store/input_txtqty'

2018-05-15 17:21:54 - [TEST_STEP][PASSED] - click: Object: 'Object Repository/PharmacyRequest/Page_Store/button_Add' is clicked on

2018-05-15 17:21:54 - [MESSAGE][PASSED] - Object: 'Object Repository/PharmacyRequest/Page_Store/button_Add' is clicked on

2018-05-15 17:21:54 - [TEST_STEP][PASSED] - Statement - Break: null

2018-05-15 17:21:54 - [TEST_STEP][PASSED] - selectOptionByIndex: All options with index in [10] are selected on object 'Object Repository/PharmacyRequest/Page_Store/select_--Select--Amlodepin -5'

2018-05-15 17:21:54 - [MESSAGE][PASSED] - All options with index in [10] are selected on object 'Object Repository/PharmacyRequest/Page_Store/select_--Select--Amlodepin -5'

2018-05-15 17:21:54 - [TEST_STEP][PASSED] - delay: Delayed 1 second(s)

2018-05-15 17:21:55 - [MESSAGE][PASSED] - Delayed 1 second(s)

2018-05-15 17:21:55 - [TEST_STEP][PASSED] - Statement - RequestedQty = com.kms.katalon.core.webui.keyword.WebUiBuiltInKeywords.getAttribute(com.kms.katalon.core.testobject.ObjectRepository.findTestObject(PharmacyRequest/Page_Store/input_txttotal), "value"): Attribute 'value' of object 'Object Repository/PharmacyRequest/Page_Store/input_txttotal' is: '10'

2018-05-15 17:21:55 - [MESSAGE][PASSED] - Attribute 'value' of object 'Object Repository/PharmacyRequest/Page_Store/input_txttotal' is: '10'

2018-05-15 17:21:55 - [TEST_STEP][PASSED] - Statement - out.println("Requested QTY : " + RequestedQty): null

2018-05-15 17:21:55 - [TEST_STEP][PASSED] - Statement - BatchNumber = com.kms.katalon.core.webui.keyword.WebUiBuiltInKeywords.getNumberOfTotalOption(com.kms.katalon.core.testobject.ObjectRepository.findTestObject(PharmacyRequest/Page_Store/select_--Select--BA50)): 2 options of object 'Object Repository/PharmacyRequest/Page_Store/select_--Select--BA50' counted

2018-05-15 17:21:56 - [MESSAGE][PASSED] - 2 options of object 'Object Repository/PharmacyRequest/Page_Store/select_--Select--BA50' counted

2018-05-15 17:21:56 - [TEST_STEP][PASSED] - Statement - For ([g = 1, g <= BatchNumber - 1, (g++)]): null

2018-05-15 17:21:56 - [TEST_STEP][PASSED] - selectOptionByIndex: All options with index in [1] are selected on object 'Object Repository/PharmacyRequest/Page_Store/select_--Select--BA50'

2018-05-15 17:21:56 - [MESSAGE][PASSED] - All options with index in [1] are selected on object 'Object Repository/PharmacyRequest/Page_Store/select_--Select--BA50'

2018-05-15 17:21:56 - [TEST_STEP][PASSED] - delay: Delayed 1 second(s)

2018-05-15 17:21:57 - [MESSAGE][PASSED] - Delayed 1 second(s)

2018-05-15 17:21:57 - [TEST_STEP][PASSED] - Statement - StockQty = com.kms.katalon.core.webui.keyword.WebUiBuiltInKeywords.getAttribute(com.kms.katalon.core.testobject.ObjectRepository.findTestObject(PharmacyRequest/Page_Store/input_txtprice), "value"): Attribute 'value' of object 'Object Repository/PharmacyRequest/Page_Store/input_txtprice' is: '920'

2018-05-15 17:21:57 - [MESSAGE][PASSED] - Attribute 'value' of object 'Object Repository/PharmacyRequest/Page_Store/input_txtprice' is: '920'

2018-05-15 17:21:57 - [TEST_STEP][PASSED] - Statement - out.println("Stock QTY : " + StockQty): null

2018-05-15 17:21:57 - [TEST_STEP][PASSED] - delay: Delayed 1 second(s)

2018-05-15 17:21:58 - [MESSAGE][PASSED] - Delayed 1 second(s)

2018-05-15 17:21:58 - [TEST_STEP][PASSED] - Statement - If (java.lang.Integer.valueOf(StockQty) >= java.lang.Integer.valueOf(RequestedQty)): null

2018-05-15 17:21:58 - [TEST_STEP][PASSED] - setText: Text '10' is set on object 'Object Repository/PharmacyRequest/Page_Store/input_txtqty'

2018-05-15 17:21:58 - [MESSAGE][PASSED] - Text '10' is set on object 'Object Repository/PharmacyRequest/Page_Store/input_txtqty'

2018-05-15 17:21:58 - [TEST_STEP][PASSED] - click: Object: 'Object Repository/PharmacyRequest/Page_Store/button_Add' is clicked on

2018-05-15 17:21:58 - [MESSAGE][PASSED] - Object: 'Object Repository/PharmacyRequest/Page_Store/button_Add' is clicked on

2018-05-15 17:21:58 - [TEST_STEP][PASSED] - Statement - Break: null

2018-05-15 17:21:58 - [TEST_STEP][PASSED] - selectOptionByIndex: All options with index in [11] are selected on object 'Object Repository/PharmacyRequest/Page_Store/select_--Select--Amlodepin -5'

2018-05-15 17:21:58 - [MESSAGE][PASSED] - All options with index in [11] are selected on object 'Object Repository/PharmacyRequest/Page_Store/select_--Select--Amlodepin -5'

2018-05-15 17:21:58 - [TEST_STEP][PASSED] - delay: Delayed 1 second(s)

2018-05-15 17:21:59 - [MESSAGE][PASSED] - Delayed 1 second(s)

2018-05-15 17:21:59 - [TEST_STEP][PASSED] - Statement - RequestedQty = com.kms.katalon.core.webui.keyword.WebUiBuiltInKeywords.getAttribute(com.kms.katalon.core.testobject.ObjectRepository.findTestObject(PharmacyRequest/Page_Store/input_txttotal), "value"): Attribute 'value' of object 'Object Repository/PharmacyRequest/Page_Store/input_txttotal' is: '10'

2018-05-15 17:21:59 - [MESSAGE][PASSED] - Attribute 'value' of object 'Object Repository/PharmacyRequest/Page_Store/input_txttotal' is: '10'

2018-05-15 17:21:59 - [TEST_STEP][PASSED] - Statement - out.println("Requested QTY : " + RequestedQty): null

2018-05-15 17:21:59 - [TEST_STEP][PASSED] - Statement - BatchNumber = com.kms.katalon.core.webui.keyword.WebUiBuiltInKeywords.getNumberOfTotalOption(com.kms.katalon.core.testobject.ObjectRepository.findTestObject(PharmacyRequest/Page_Store/select_--Select--BA50)): 2 options of object 'Object Repository/PharmacyRequest/Page_Store/select_--Select--BA50' counted

2018-05-15 17:21:59 - [MESSAGE][PASSED] - 2 options of object 'Object Repository/PharmacyRequest/Page_Store/select_--Select--BA50' counted

2018-05-15 17:21:59 - [TEST_STEP][PASSED] - Statement - For ([g = 1, g <= BatchNumber - 1, (g++)]): null

2018-05-15 17:21:59 - [TEST_STEP][PASSED] - selectOptionByIndex: All options with index in [1] are selected on object 'Object Repository/PharmacyRequest/Page_Store/select_--Select--BA50'

2018-05-15 17:21:59 - [MESSAGE][PASSED] - All options with index in [1] are selected on object 'Object Repository/PharmacyRequest/Page_Store/select_--Select--BA50'

2018-05-15 17:21:59 - [TEST_STEP][PASSED] - delay: Delayed 1 second(s)

2018-05-15 17:22:00 - [MESSAGE][PASSED] - Delayed 1 second(s)

2018-05-15 17:22:00 - [TEST_STEP][PASSED] - Statement - StockQty = com.kms.katalon.core.webui.keyword.WebUiBuiltInKeywords.getAttribute(com.kms.katalon.core.testobject.ObjectRepository.findTestObject(PharmacyRequest/Page_Store/input_txtprice), "value"): Attribute 'value' of object 'Object Repository/PharmacyRequest/Page_Store/input_txtprice' is: '920'

2018-05-15 17:22:00 - [MESSAGE][PASSED] - Attribute 'value' of object 'Object Repository/PharmacyRequest/Page_Store/input_txtprice' is: '920'

2018-05-15 17:22:00 - [TEST_STEP][PASSED] - Statement - out.println("Stock QTY : " + StockQty): null

2018-05-15 17:22:00 - [TEST_STEP][PASSED] - delay: Delayed 1 second(s)

2018-05-15 17:22:01 - [MESSAGE][PASSED] - Delayed 1 second(s)

2018-05-15 17:22:01 - [TEST_STEP][PASSED] - Statement - If (java.lang.Integer.valueOf(StockQty) >= java.lang.Integer.valueOf(RequestedQty)): null

2018-05-15 17:22:01 - [TEST_STEP][PASSED] - setText: Text '10' is set on object 'Object Repository/PharmacyRequest/Page_Store/input_txtqty'

2018-05-15 17:22:01 - [MESSAGE][PASSED] - Text '10' is set on object 'Object Repository/PharmacyRequest/Page_Store/input_txtqty'

2018-05-15 17:22:01 - [TEST_STEP][PASSED] - click: Object: 'Object Repository/PharmacyRequest/Page_Store/button_Add' is clicked on

2018-05-15 17:22:02 - [MESSAGE][PASSED] - Object: 'Object Repository/PharmacyRequest/Page_Store/button_Add' is clicked on

2018-05-15 17:22:02 - [TEST_STEP][PASSED] - Statement - Break: null

2018-05-15 17:22:02 - [TEST_STEP][PASSED] - selectOptionByIndex: All options with index in [12] are selected on object 'Object Repository/PharmacyRequest/Page_Store/select_--Select--Amlodepin -5'

2018-05-15 17:22:02 - [MESSAGE][PASSED] - All options with index in [12] are selected on object 'Object Repository/PharmacyRequest/Page_Store/select_--Select--Amlodepin -5'

2018-05-15 17:22:02 - [TEST_STEP][PASSED] - delay: Delayed 1 second(s)

2018-05-15 17:22:03 - [MESSAGE][PASSED] - Delayed 1 second(s)

2018-05-15 17:22:03 - [TEST_STEP][PASSED] - Statement - RequestedQty = com.kms.katalon.core.webui.keyword.WebUiBuiltInKeywords.getAttribute(com.kms.katalon.core.testobject.ObjectRepository.findTestObject(PharmacyRequest/Page_Store/input_txttotal), "value"): Attribute 'value' of object 'Object Repository/PharmacyRequest/Page_Store/input_txttotal' is: '10'

2018-05-15 17:22:03 - [MESSAGE][PASSED] - Attribute 'value' of object 'Object Repository/PharmacyRequest/Page_Store/input_txttotal' is: '10'

2018-05-15 17:22:03 - [TEST_STEP][PASSED] - Statement - out.println("Requested QTY : " + RequestedQty): null

2018-05-15 17:22:03 - [TEST_STEP][PASSED] - Statement - BatchNumber = com.kms.katalon.core.webui.keyword.WebUiBuiltInKeywords.getNumberOfTotalOption(com.kms.katalon.core.testobject.ObjectRepository.findTestObject(PharmacyRequest/Page_Store/select_--Select--BA50)): 2 options of object 'Object Repository/PharmacyRequest/Page_Store/select_--Select--BA50' counted

2018-05-15 17:22:03 - [MESSAGE][PASSED] - 2 options of object 'Object Repository/PharmacyRequest/Page_Store/select_--Select--BA50' counted

2018-05-15 17:22:03 - [TEST_STEP][PASSED] - Statement - For ([g = 1, g <= BatchNumber - 1, (g++)]): null

2018-05-15 17:22:03 - [TEST_STEP][PASSED] - selectOptionByIndex: All options with index in [1] are selected on object 'Object Repository/PharmacyRequest/Page_Store/select_--Select--BA50'

2018-05-15 17:22:03 - [MESSAGE][PASSED] - All options with index in [1] are selected on object 'Object Repository/PharmacyRequest/Page_Store/select_--Select--BA50'

2018-05-15 17:22:03 - [TEST_STEP][PASSED] - delay: Delayed 1 second(s)

2018-05-15 17:22:04 - [MESSAGE][PASSED] - Delayed 1 second(s)

2018-05-15 17:22:04 - [TEST_STEP][PASSED] - Statement - StockQty = com.kms.katalon.core.webui.keyword.WebUiBuiltInKeywords.getAttribute(com.kms.katalon.core.testobject.ObjectRepository.findTestObject(PharmacyRequest/Page_Store/input_txtprice), "value"): Attribute 'value' of object 'Object Repository/PharmacyRequest/Page_Store/input_txtprice' is: '920'

2018-05-15 17:22:04 - [MESSAGE][PASSED] - Attribute 'value' of object 'Object Repository/PharmacyRequest/Page_Store/input_txtprice' is: '920'

2018-05-15 17:22:04 - [TEST_STEP][PASSED] - Statement - out.println("Stock QTY : " + StockQty): null

2018-05-15 17:22:04 - [TEST_STEP][PASSED] - delay: Delayed 1 second(s)

2018-05-15 17:22:05 - [MESSAGE][PASSED] - Delayed 1 second(s)

2018-05-15 17:22:05 - [TEST_STEP][PASSED] - Statement - If (java.lang.Integer.valueOf(StockQty) >= java.lang.Integer.valueOf(RequestedQty)): null

2018-05-15 17:22:05 - [TEST_STEP][PASSED] - setText: Text '10' is set on object 'Object Repository/PharmacyRequest/Page_Store/input_txtqty'

2018-05-15 17:22:05 - [MESSAGE][PASSED] - Text '10' is set on object 'Object Repository/PharmacyRequest/Page_Store/input_txtqty'

2018-05-15 17:22:05 - [TEST_STEP][PASSED] - click: Object: 'Object Repository/PharmacyRequest/Page_Store/button_Add' is clicked on

2018-05-15 17:22:05 - [MESSAGE][PASSED] - Object: 'Object Repository/PharmacyRequest/Page_Store/button_Add' is clicked on

2018-05-15 17:22:05 - [TEST_STEP][PASSED] - Statement - Break: null

2018-05-15 17:22:05 - [TEST_STEP][PASSED] - selectOptionByIndex: All options with index in [13] are selected on object 'Object Repository/PharmacyRequest/Page_Store/select_--Select--Amlodepin -5'

2018-05-15 17:22:05 - [MESSAGE][PASSED] - All options with index in [13] are selected on object 'Object Repository/PharmacyRequest/Page_Store/select_--Select--Amlodepin -5'

2018-05-15 17:22:05 - [TEST_STEP][PASSED] - delay: Delayed 1 second(s)

2018-05-15 17:22:06 - [MESSAGE][PASSED] - Delayed 1 second(s)

2018-05-15 17:22:06 - [TEST_STEP][PASSED] - Statement - RequestedQty = com.kms.katalon.core.webui.keyword.WebUiBuiltInKeywords.getAttribute(com.kms.katalon.core.testobject.ObjectRepository.findTestObject(PharmacyRequest/Page_Store/input_txttotal), "value"): Attribute 'value' of object 'Object Repository/PharmacyRequest/Page_Store/input_txttotal' is: '10'

2018-05-15 17:22:06 - [MESSAGE][PASSED] - Attribute 'value' of object 'Object Repository/PharmacyRequest/Page_Store/input_txttotal' is: '10'

2018-05-15 17:22:06 - [TEST_STEP][PASSED] - Statement - out.println("Requested QTY : " + RequestedQty): null

2018-05-15 17:22:06 - [TEST_STEP][PASSED] - Statement - BatchNumber = com.kms.katalon.core.webui.keyword.WebUiBuiltInKeywords.getNumberOfTotalOption(com.kms.katalon.core.testobject.ObjectRepository.findTestObject(PharmacyRequest/Page_Store/select_--Select--BA50)): 2 options of object 'Object Repository/PharmacyRequest/Page_Store/select_--Select--BA50' counted

2018-05-15 17:22:06 - [MESSAGE][PASSED] - 2 options of object 'Object Repository/PharmacyRequest/Page_Store/select_--Select--BA50' counted

2018-05-15 17:22:06 - [TEST_STEP][PASSED] - Statement - For ([g = 1, g <= BatchNumber - 1, (g++)]): null

2018-05-15 17:22:06 - [TEST_STEP][PASSED] - selectOptionByIndex: All options with index in [1] are selected on object 'Object Repository/PharmacyRequest/Page_Store/select_--Select--BA50'

2018-05-15 17:22:07 - [MESSAGE][PASSED] - All options with index in [1] are selected on object 'Object Repository/PharmacyRequest/Page_Store/select_--Select--BA50'

2018-05-15 17:22:07 - [TEST_STEP][PASSED] - delay: Delayed 1 second(s)

2018-05-15 17:22:08 - [MESSAGE][PASSED] - Delayed 1 second(s)

2018-05-15 17:22:08 - [TEST_STEP][PASSED] - Statement - StockQty = com.kms.katalon.core.webui.keyword.WebUiBuiltInKeywords.getAttribute(com.kms.katalon.core.testobject.ObjectRepository.findTestObject(PharmacyRequest/Page_Store/input_txtprice), "value"): Attribute 'value' of object 'Object Repository/PharmacyRequest/Page_Store/input_txtprice' is: '920'

2018-05-15 17:22:08 - [MESSAGE][PASSED] - Attribute 'value' of object 'Object Repository/PharmacyRequest/Page_Store/input_txtprice' is: '920'

2018-05-15 17:22:08 - [TEST_STEP][PASSED] - Statement - out.println("Stock QTY : " + StockQty): null

2018-05-15 17:22:08 - [TEST_STEP][PASSED] - delay: Delayed 1 second(s)

2018-05-15 17:22:09 - [MESSAGE][PASSED] - Delayed 1 second(s)

2018-05-15 17:22:09 - [TEST_STEP][PASSED] - Statement - If (java.lang.Integer.valueOf(StockQty) >= java.lang.Integer.valueOf(RequestedQty)): null

2018-05-15 17:22:09 - [TEST_STEP][PASSED] - setText: Text '10' is set on object 'Object Repository/PharmacyRequest/Page_Store/input_txtqty'

2018-05-15 17:22:09 - [MESSAGE][PASSED] - Text '10' is set on object 'Object Repository/PharmacyRequest/Page_Store/input_txtqty'

2018-05-15 17:22:09 - [TEST_STEP][PASSED] - click: Object: 'Object Repository/PharmacyRequest/Page_Store/button_Add' is clicked on

2018-05-15 17:22:09 - [MESSAGE][PASSED] - Object: 'Object Repository/PharmacyRequest/Page_Store/button_Add' is clicked on

2018-05-15 17:22:09 - [TEST_STEP][PASSED] - Statement - Break: null

2018-05-15 17:22:09 - [TEST_STEP][PASSED] - selectOptionByIndex: All options with index in [14] are selected on object 'Object Repository/PharmacyRequest/Page_Store/select_--Select--Amlodepin -5'

2018-05-15 17:22:09 - [MESSAGE][PASSED] - All options with index in [14] are selected on object 'Object Repository/PharmacyRequest/Page_Store/select_--Select--Amlodepin -5'

2018-05-15 17:22:09 - [TEST_STEP][PASSED] - delay: Delayed 1 second(s)

2018-05-15 17:22:10 - [MESSAGE][PASSED] - Delayed 1 second(s)

2018-05-15 17:22:10 - [TEST_STEP][PASSED] - Statement - RequestedQty = com.kms.katalon.core.webui.keyword.WebUiBuiltInKeywords.getAttribute(com.kms.katalon.core.testobject.ObjectRepository.findTestObject(PharmacyRequest/Page_Store/input_txttotal), "value"): Attribute 'value' of object 'Object Repository/PharmacyRequest/Page_Store/input_txttotal' is: '20'

2018-05-15 17:22:10 - [MESSAGE][PASSED] - Attribute 'value' of object 'Object Repository/PharmacyRequest/Page_Store/input_txttotal' is: '20'

2018-05-15 17:22:10 - [TEST_STEP][PASSED] - Statement - out.println("Requested QTY : " + RequestedQty): null

2018-05-15 17:22:10 - [TEST_STEP][PASSED] - Statement - BatchNumber = com.kms.katalon.core.webui.keyword.WebUiBuiltInKeywords.getNumberOfTotalOption(com.kms.katalon.core.testobject.ObjectRepository.findTestObject(PharmacyRequest/Page_Store/select_--Select--BA50)): 2 options of object 'Object Repository/PharmacyRequest/Page_Store/select_--Select--BA50' counted

2018-05-15 17:22:10 - [MESSAGE][PASSED] - 2 options of object 'Object Repository/PharmacyRequest/Page_Store/select_--Select--BA50' counted

2018-05-15 17:22:10 - [TEST_STEP][PASSED] - Statement - For ([g = 1, g <= BatchNumber - 1, (g++)]): null

2018-05-15 17:22:10 - [TEST_STEP][PASSED] - selectOptionByIndex: All options with index in [1] are selected on object 'Object Repository/PharmacyRequest/Page_Store/select_--Select--BA50'

2018-05-15 17:22:10 - [MESSAGE][PASSED] - All options with index in [1] are selected on object 'Object Repository/PharmacyRequest/Page_Store/select_--Select--BA50'

2018-05-15 17:22:10 - [TEST_STEP][PASSED] - delay: Delayed 1 second(s)

2018-05-15 17:22:11 - [MESSAGE][PASSED] - Delayed 1 second(s)

2018-05-15 17:22:11 - [TEST_STEP][PASSED] - Statement - StockQty = com.kms.katalon.core.webui.keyword.WebUiBuiltInKeywords.getAttribute(com.kms.katalon.core.testobject.ObjectRepository.findTestObject(PharmacyRequest/Page_Store/input_txtprice), "value"): Attribute 'value' of object 'Object Repository/PharmacyRequest/Page_Store/input_txtprice' is: '1920'

2018-05-15 17:22:11 - [MESSAGE][PASSED] - Attribute 'value' of object 'Object Repository/PharmacyRequest/Page_Store/input_txtprice' is: '1920'

2018-05-15 17:22:11 - [TEST_STEP][PASSED] - Statement - out.println("Stock QTY : " + StockQty): null

2018-05-15 17:22:11 - [TEST_STEP][PASSED] - delay: Delayed 1 second(s)

2018-05-15 17:22:12 - [MESSAGE][PASSED] - Delayed 1 second(s)

2018-05-15 17:22:12 - [TEST_STEP][PASSED] - Statement - If (java.lang.Integer.valueOf(StockQty) >= java.lang.Integer.valueOf(RequestedQty)): null

2018-05-15 17:22:12 - [TEST_STEP][PASSED] - setText: Text '10' is set on object 'Object Repository/PharmacyRequest/Page_Store/input_txtqty'

2018-05-15 17:22:12 - [MESSAGE][PASSED] - Text '10' is set on object 'Object Repository/PharmacyRequest/Page_Store/input_txtqty'

2018-05-15 17:22:12 - [TEST_STEP][PASSED] - click: Object: 'Object Repository/PharmacyRequest/Page_Store/button_Add' is clicked on

2018-05-15 17:22:13 - [MESSAGE][PASSED] - Object: 'Object Repository/PharmacyRequest/Page_Store/button_Add' is clicked on

2018-05-15 17:22:13 - [TEST_STEP][PASSED] - Statement - Break: null

2018-05-15 17:22:13 - [TEST_STEP][PASSED] - selectOptionByIndex: All options with index in [15] are selected on object 'Object Repository/PharmacyRequest/Page_Store/select_--Select--Amlodepin -5'

2018-05-15 17:22:13 - [MESSAGE][PASSED] - All options with index in [15] are selected on object 'Object Repository/PharmacyRequest/Page_Store/select_--Select--Amlodepin -5'

2018-05-15 17:22:13 - [TEST_STEP][PASSED] - delay: Delayed 1 second(s)

2018-05-15 17:22:14 - [MESSAGE][PASSED] - Delayed 1 second(s)

2018-05-15 17:22:14 - [TEST_STEP][PASSED] - Statement - RequestedQty = com.kms.katalon.core.webui.keyword.WebUiBuiltInKeywords.getAttribute(com.kms.katalon.core.testobject.ObjectRepository.findTestObject(PharmacyRequest/Page_Store/input_txttotal), "value"): Attribute 'value' of object 'Object Repository/PharmacyRequest/Page_Store/input_txttotal' is: '20'

2018-05-15 17:22:14 - [MESSAGE][PASSED] - Attribute 'value' of object 'Object Repository/PharmacyRequest/Page_Store/input_txttotal' is: '20'

2018-05-15 17:22:14 - [TEST_STEP][PASSED] - Statement - out.println("Requested QTY : " + RequestedQty): null

2018-05-15 17:22:14 - [TEST_STEP][PASSED] - Statement - BatchNumber = com.kms.katalon.core.webui.keyword.WebUiBuiltInKeywords.getNumberOfTotalOption(com.kms.katalon.core.testobject.ObjectRepository.findTestObject(PharmacyRequest/Page_Store/select_--Select--BA50)): 2 options of object 'Object Repository/PharmacyRequest/Page_Store/select_--Select--BA50' counted

2018-05-15 17:22:14 - [MESSAGE][PASSED] - 2 options of object 'Object Repository/PharmacyRequest/Page_Store/select_--Select--BA50' counted

2018-05-15 17:22:14 - [TEST_STEP][PASSED] - Statement - For ([g = 1, g <= BatchNumber - 1, (g++)]): null

2018-05-15 17:22:14 - [TEST_STEP][PASSED] - selectOptionByIndex: All options with index in [1] are selected on object 'Object Repository/PharmacyRequest/Page_Store/select_--Select--BA50'

2018-05-15 17:22:14 - [MESSAGE][PASSED] - All options with index in [1] are selected on object 'Object Repository/PharmacyRequest/Page_Store/select_--Select--BA50'

2018-05-15 17:22:14 - [TEST_STEP][PASSED] - delay: Delayed 1 second(s)

2018-05-15 17:22:15 - [MESSAGE][PASSED] - Delayed 1 second(s)

2018-05-15 17:22:15 - [TEST_STEP][PASSED] - Statement - StockQty = com.kms.katalon.core.webui.keyword.WebUiBuiltInKeywords.getAttribute(com.kms.katalon.core.testobject.ObjectRepository.findTestObject(PharmacyRequest/Page_Store/input_txtprice), "value"): Attribute 'value' of object 'Object Repository/PharmacyRequest/Page_Store/input_txtprice' is: '1920'

2018-05-15 17:22:15 - [MESSAGE][PASSED] - Attribute 'value' of object 'Object Repository/PharmacyRequest/Page_Store/input_txtprice' is: '1920'

2018-05-15 17:22:15 - [TEST_STEP][PASSED] - Statement - out.println("Stock QTY : " + StockQty): null

2018-05-15 17:22:15 - [TEST_STEP][PASSED] - delay: Delayed 1 second(s)

2018-05-15 17:22:16 - [MESSAGE][PASSED] - Delayed 1 second(s)

2018-05-15 17:22:16 - [TEST_STEP][PASSED] - Statement - If (java.lang.Integer.valueOf(StockQty) >= java.lang.Integer.valueOf(RequestedQty)): null

2018-05-15 17:22:16 - [TEST_STEP][PASSED] - setText: Text '10' is set on object 'Object Repository/PharmacyRequest/Page_Store/input_txtqty'

2018-05-15 17:22:16 - [MESSAGE][PASSED] - Text '10' is set on object 'Object Repository/PharmacyRequest/Page_Store/input_txtqty'

2018-05-15 17:22:16 - [TEST_STEP][PASSED] - click: Object: 'Object Repository/PharmacyRequest/Page_Store/button_Add' is clicked on

2018-05-15 17:22:16 - [MESSAGE][PASSED] - Object: 'Object Repository/PharmacyRequest/Page_Store/button_Add' is clicked on

2018-05-15 17:22:16 - [TEST_STEP][PASSED] - Statement - Break: null

2018-05-15 17:22:16 - [TEST_STEP][PASSED] - selectOptionByIndex: All options with index in [16] are selected on object 'Object Repository/PharmacyRequest/Page_Store/select_--Select--Amlodepin -5'

2018-05-15 17:22:17 - [MESSAGE][PASSED] - All options with index in [16] are selected on object 'Object Repository/PharmacyRequest/Page_Store/select_--Select--Amlodepin -5'

2018-05-15 17:22:17 - [TEST_STEP][PASSED] - delay: Delayed 1 second(s)

2018-05-15 17:22:18 - [MESSAGE][PASSED] - Delayed 1 second(s)

2018-05-15 17:22:18 - [TEST_STEP][PASSED] - Statement - RequestedQty = com.kms.katalon.core.webui.keyword.WebUiBuiltInKeywords.getAttribute(com.kms.katalon.core.testobject.ObjectRepository.findTestObject(PharmacyRequest/Page_Store/input_txttotal), "value"): Attribute 'value' of object 'Object Repository/PharmacyRequest/Page_Store/input_txttotal' is: '10'

2018-05-15 17:22:18 - [MESSAGE][PASSED] - Attribute 'value' of object 'Object Repository/PharmacyRequest/Page_Store/input_txttotal' is: '10'

2018-05-15 17:22:18 - [TEST_STEP][PASSED] - Statement - out.println("Requested QTY : " + RequestedQty): null

2018-05-15 17:22:18 - [TEST_STEP][PASSED] - Statement - BatchNumber = com.kms.katalon.core.webui.keyword.WebUiBuiltInKeywords.getNumberOfTotalOption(com.kms.katalon.core.testobject.ObjectRepository.findTestObject(PharmacyRequest/Page_Store/select_--Select--BA50)): 2 options of object 'Object Repository/PharmacyRequest/Page_Store/select_--Select--BA50' counted

2018-05-15 17:22:18 - [MESSAGE][PASSED] - 2 options of object 'Object Repository/PharmacyRequest/Page_Store/select_--Select--BA50' counted

2018-05-15 17:22:18 - [TEST_STEP][PASSED] - Statement - For ([g = 1, g <= BatchNumber - 1, (g++)]): null

2018-05-15 17:22:18 - [TEST_STEP][PASSED] - selectOptionByIndex: All options with index in [1] are selected on object 'Object Repository/PharmacyRequest/Page_Store/select_--Select--BA50'

2018-05-15 17:22:18 - [MESSAGE][PASSED] - All options with index in [1] are selected on object 'Object Repository/PharmacyRequest/Page_Store/select_--Select--BA50'

2018-05-15 17:22:18 - [TEST_STEP][PASSED] - delay: Delayed 1 second(s)

2018-05-15 17:22:19 - [MESSAGE][PASSED] - Delayed 1 second(s)

2018-05-15 17:22:19 - [TEST_STEP][PASSED] - Statement - StockQty = com.kms.katalon.core.webui.keyword.WebUiBuiltInKeywords.getAttribute(com.kms.katalon.core.testobject.ObjectRepository.findTestObject(PharmacyRequest/Page_Store/input_txtprice), "value"): Attribute 'value' of object 'Object Repository/PharmacyRequest/Page_Store/input_txtprice' is: '920'

2018-05-15 17:22:19 - [MESSAGE][PASSED] - Attribute 'value' of object 'Object Repository/PharmacyRequest/Page_Store/input_txtprice' is: '920'

2018-05-15 17:22:19 - [TEST_STEP][PASSED] - Statement - out.println("Stock QTY : " + StockQty): null

2018-05-15 17:22:19 - [TEST_STEP][PASSED] - delay: Delayed 1 second(s)

2018-05-15 17:22:20 - [MESSAGE][PASSED] - Delayed 1 second(s)

2018-05-15 17:22:20 - [TEST_STEP][PASSED] - Statement - If (java.lang.Integer.valueOf(StockQty) >= java.lang.Integer.valueOf(RequestedQty)): null

2018-05-15 17:22:20 - [TEST_STEP][PASSED] - setText: Text '10' is set on object 'Object Repository/PharmacyRequest/Page_Store/input_txtqty'

2018-05-15 17:22:20 - [MESSAGE][PASSED] - Text '10' is set on object 'Object Repository/PharmacyRequest/Page_Store/input_txtqty'

2018-05-15 17:22:20 - [TEST_STEP][PASSED] - click: Object: 'Object Repository/PharmacyRequest/Page_Store/button_Add' is clicked on

2018-05-15 17:22:20 - [MESSAGE][PASSED] - Object: 'Object Repository/PharmacyRequest/Page_Store/button_Add' is clicked on

2018-05-15 17:22:20 - [TEST_STEP][PASSED] - Statement - Break: null

2018-05-15 17:22:20 - [TEST_STEP][PASSED] - selectOptionByIndex: All options with index in [17] are selected on object 'Object Repository/PharmacyRequest/Page_Store/select_--Select--Amlodepin -5'

2018-05-15 17:22:20 - [MESSAGE][PASSED] - All options with index in [17] are selected on object 'Object Repository/PharmacyRequest/Page_Store/select_--Select--Amlodepin -5'

2018-05-15 17:22:20 - [TEST_STEP][PASSED] - delay: Delayed 1 second(s)

2018-05-15 17:22:21 - [MESSAGE][PASSED] - Delayed 1 second(s)

2018-05-15 17:22:21 - [TEST_STEP][PASSED] - Statement - RequestedQty = com.kms.katalon.core.webui.keyword.WebUiBuiltInKeywords.getAttribute(com.kms.katalon.core.testobject.ObjectRepository.findTestObject(PharmacyRequest/Page_Store/input_txttotal), "value"): Attribute 'value' of object 'Object Repository/PharmacyRequest/Page_Store/input_txttotal' is: '10'

2018-05-15 17:22:21 - [MESSAGE][PASSED] - Attribute 'value' of object 'Object Repository/PharmacyRequest/Page_Store/input_txttotal' is: '10'

2018-05-15 17:22:21 - [TEST_STEP][PASSED] - Statement - out.println("Requested QTY : " + RequestedQty): null

2018-05-15 17:22:21 - [TEST_STEP][PASSED] - Statement - BatchNumber = com.kms.katalon.core.webui.keyword.WebUiBuiltInKeywords.getNumberOfTotalOption(com.kms.katalon.core.testobject.ObjectRepository.findTestObject(PharmacyRequest/Page_Store/select_--Select--BA50)): 2 options of object 'Object Repository/PharmacyRequest/Page_Store/select_--Select--BA50' counted

2018-05-15 17:22:21 - [MESSAGE][PASSED] - 2 options of object 'Object Repository/PharmacyRequest/Page_Store/select_--Select--BA50' counted

2018-05-15 17:22:21 - [TEST_STEP][PASSED] - Statement - For ([g = 1, g <= BatchNumber - 1, (g++)]): null

2018-05-15 17:22:21 - [TEST_STEP][PASSED] - selectOptionByIndex: All options with index in [1] are selected on object 'Object Repository/PharmacyRequest/Page_Store/select_--Select--BA50'

2018-05-15 17:22:22 - [MESSAGE][PASSED] - All options with index in [1] are selected on object 'Object Repository/PharmacyRequest/Page_Store/select_--Select--BA50'

2018-05-15 17:22:22 - [TEST_STEP][PASSED] - delay: Delayed 1 second(s)

2018-05-15 17:22:23 - [MESSAGE][PASSED] - Delayed 1 second(s)

2018-05-15 17:22:23 - [TEST_STEP][PASSED] - Statement - StockQty = com.kms.katalon.core.webui.keyword.WebUiBuiltInKeywords.getAttribute(com.kms.katalon.core.testobject.ObjectRepository.findTestObject(PharmacyRequest/Page_Store/input_txtprice), "value"): Attribute 'value' of object 'Object Repository/PharmacyRequest/Page_Store/input_txtprice' is: '950'

2018-05-15 17:22:23 - [MESSAGE][PASSED] - Attribute 'value' of object 'Object Repository/PharmacyRequest/Page_Store/input_txtprice' is: '950'

2018-05-15 17:22:23 - [TEST_STEP][PASSED] - Statement - out.println("Stock QTY : " + StockQty): null

2018-05-15 17:22:23 - [TEST_STEP][PASSED] - delay: Delayed 1 second(s)

2018-05-15 17:22:24 - [MESSAGE][PASSED] - Delayed 1 second(s)

2018-05-15 17:22:24 - [TEST_STEP][PASSED] - Statement - If (java.lang.Integer.valueOf(StockQty) >= java.lang.Integer.valueOf(RequestedQty)): null

2018-05-15 17:22:24 - [TEST_STEP][PASSED] - setText: Text '10' is set on object 'Object Repository/PharmacyRequest/Page_Store/input_txtqty'

2018-05-15 17:22:24 - [MESSAGE][PASSED] - Text '10' is set on object 'Object Repository/PharmacyRequest/Page_Store/input_txtqty'

2018-05-15 17:22:24 - [TEST_STEP][PASSED] - click: Object: 'Object Repository/PharmacyRequest/Page_Store/button_Add' is clicked on

2018-05-15 17:22:24 - [MESSAGE][PASSED] - Object: 'Object Repository/PharmacyRequest/Page_Store/button_Add' is clicked on

2018-05-15 17:22:24 - [TEST_STEP][PASSED] - Statement - Break: null

2018-05-15 17:22:24 - [TEST_STEP][PASSED] - scrollToElement: Scroll to object 'Object Repository/PharmacyRequest/Page_Store/input_btnSubmit' successfully

2018-05-15 17:22:24 - [MESSAGE][PASSED] - Scroll to object 'Object Repository/PharmacyRequest/Page_Store/input_btnSubmit' successfully

2018-05-15 17:22:24 - [TEST_STEP][PASSED] - click: Object: 'Object Repository/PharmacyRequest/Page_Store/input_btnSubmit' is clicked on

2018-05-15 17:22:24 - [MESSAGE][PASSED] - Object: 'Object Repository/PharmacyRequest/Page_Store/input_btnSubmit' is clicked on

2018-05-15 17:22:24 - [TEST_STEP][PASSED] - delay: Delayed 3 second(s)

2018-05-15 17:22:27 - [MESSAGE][PASSED] - Delayed 3 second(s)

2018-05-15 17:22:27 - [TEST_STEP][PASSED] - click: Object: 'Object Repository/PharmacyRequest/Page_Store/button_OK' is clicked on

2018-05-15 17:22:28 - [MESSAGE][PASSED] - Object: 'Object Repository/PharmacyRequest/Page_Store/button_OK' is clicked on

2018-05-15 17:22:28 - [TEST_STEP][PASSED] - delay: Delayed 3 second(s)

2018-05-15 17:22:31 - [MESSAGE][PASSED] - Delayed 3 second(s)

2018-05-15 17:22:31 - [TEST_STEP][PASSED] - click: Object: 'Object Repository/PharmacyRequest/Page_Store/a_dropdown-toggle' is clicked on

2018-05-15 17:22:31 - [MESSAGE][PASSED] - Object: 'Object Repository/PharmacyRequest/Page_Store/a_dropdown-toggle' is clicked on

2018-05-15 17:22:31 - [TEST_STEP][PASSED] - click: Object: 'Object Repository/PharmacyRequest/Page_Store/a_Sign out' is clicked on

2018-05-15 17:22:31 - [MESSAGE][PASSED] - Object: 'Object Repository/PharmacyRequest/Page_Store/a_Sign out' is clicked on

2018-05-15 17:22:31 - [TEST_STEP][PASSED] - closeBrowser: Browser is closed

2018-05-15 17:22:32 - [MESSAGE][PASSED] - Browser is closed

2018-05-15 17:22:32 - [TEST_STEP][PASSED] - Statement - out.println("Schedule 8 Pharmacy Request Are Working Successfully"): null]]></system-out>
         <system-err><![CDATA[]]></system-err>
      </testcase>
      <testcase name="Test Cases/PHARMACY TEST CASES/TC_PHAR_009 Verify Schedule 9 Pharmacy Request Are Working Successfully Or Not" classname="Test Cases/PHARMACY TEST CASES/TC_PHAR_009 Verify Schedule 9 Pharmacy Request Are Working Successfully Or Not" status="FAILED">
         <failure type="FAILED" message="Unable to get attribute 'value' of object 'Object Repository/PharmacyRequest/Page_Store/input_txttotal' (Root cause: org.openqa.selenium.UnhandledAlertException: unexpected alert open: {Alert text : function Error() { [native code] }}
  (Session info: chrome=66.0.3359.139)
  (Driver info: chromedriver=2.35.528161 (5b82f2d2aae0ca24b877009200ced9065a772e73),platform=Windows NT 10.0.17134 x86_64) (WARNING: The server did not provide any stacktrace information)
Command duration or timeout: 0 milliseconds: null
Build info: version: '3.7.1', revision: '8a0099a', time: '2017-11-06T21:07:36.161Z'
System info: host: 'DESKTOP-BLFTK83', ip: '192.168.71.2', os.name: 'Windows 10', os.arch: 'amd64', os.version: '10.0', java.version: '1.8.0_102'
Driver info: com.kms.katalon.selenium.driver.CChromeDriver
Capabilities {acceptInsecureCerts: false, acceptSslCerts: false, applicationCacheEnabled: false, browserConnectionEnabled: false, browserName: chrome, chrome: {chromedriverVersion: 2.35.528161 (5b82f2d2aae0ca..., userDataDir: C:\Users\QUALIT~1\AppData\L...}, cssSelectorsEnabled: true, databaseEnabled: false, handlesAlerts: true, hasTouchScreen: false, javascriptEnabled: true, locationContextEnabled: true, mobileEmulationEnabled: false, nativeEvents: true, networkConnectionEnabled: false, pageLoadStrategy: normal, platform: XP, platformName: XP, rotatable: false, setWindowRect: true, takesHeapSnapshot: true, takesScreenshot: true, unexpectedAlertBehaviour: , unhandledPromptBehavior: , version: 66.0.3359.139, webStorageEnabled: true}
Session ID: e5060aa30d9be177407e6373585d63bc
*** Element info: {Using=xpath, value=id(&quot;txttotal&quot;)[count(. | //input[@type = 'text' and @id = 'txttotal' and @name = 'txttotal' and @placeholder = 'Req.Qty' and @readonly = 'readonly']) = count(//input[@type = 'text' and @id = 'txttotal' and @name = 'txttotal' and @placeholder = 'Req.Qty' and @readonly = 'readonly'])]})"/>
         <system-out><![CDATA[2018-05-15 17:22:32 - [TEST_CASE][FAILED] - Test Cases/PHARMACY TEST CASES/TC_PHAR_009 Verify Schedule 9 Pharmacy Request Are Working Successfully Or Not: Test Cases/PHARMACY TEST CASES/TC_PHAR_009 Verify Schedule 9 Pharmacy Request Are Working Successfully Or Not FAILED because (of) Unable to get attribute 'value' of object 'Object Repository/PharmacyRequest/Page_Store/input_txttotal' (Root cause: org.openqa.selenium.UnhandledAlertException: unexpected alert open: {Alert text : function Error() { [native code] }}
  (Session info: chrome=66.0.3359.139)
  (Driver info: chromedriver=2.35.528161 (5b82f2d2aae0ca24b877009200ced9065a772e73),platform=Windows NT 10.0.17134 x86_64) (WARNING: The server did not provide any stacktrace information)
Command duration or timeout: 0 milliseconds: null
Build info: version: '3.7.1', revision: '8a0099a', time: '2017-11-06T21:07:36.161Z'
System info: host: 'DESKTOP-BLFTK83', ip: '192.168.71.2', os.name: 'Windows 10', os.arch: 'amd64', os.version: '10.0', java.version: '1.8.0_102'
Driver info: com.kms.katalon.selenium.driver.CChromeDriver
Capabilities {acceptInsecureCerts: false, acceptSslCerts: false, applicationCacheEnabled: false, browserConnectionEnabled: false, browserName: chrome, chrome: {chromedriverVersion: 2.35.528161 (5b82f2d2aae0ca..., userDataDir: C:\Users\QUALIT~1\AppData\L...}, cssSelectorsEnabled: true, databaseEnabled: false, handlesAlerts: true, hasTouchScreen: false, javascriptEnabled: true, locationContextEnabled: true, mobileEmulationEnabled: false, nativeEvents: true, networkConnectionEnabled: false, pageLoadStrategy: normal, platform: XP, platformName: XP, rotatable: false, setWindowRect: true, takesHeapSnapshot: true, takesScreenshot: true, unexpectedAlertBehaviour: , unhandledPromptBehavior: , version: 66.0.3359.139, webStorageEnabled: true}
Session ID: e5060aa30d9be177407e6373585d63bc
*** Element info: {Using=xpath, value=id("txttotal")[count(. | //input[@type = 'text' and @id = 'txttotal' and @name = 'txttotal' and @placeholder = 'Req.Qty' and @readonly = 'readonly']) = count(//input[@type = 'text' and @id = 'txttotal' and @name = 'txttotal' and @placeholder = 'Req.Qty' and @readonly = 'readonly'])]})

2018-05-15 17:22:32 - [TEST_STEP][PASSED] - openBrowser: Browser is opened with url: ''

2018-05-15 17:22:34 - [MESSAGE][PASSED] - Browser is opened with url: ''

2018-05-15 17:22:34 - [TEST_STEP][PASSED] - Statement - out.println("Verify Schedule 9 Pharmacy Request Are Working Successfully Or Not"): null

2018-05-15 17:22:34 - [TEST_STEP][PASSED] - navigateToUrl: Navigate to 'http://192.168.137.1/multihospital_new/' successfully

2018-05-15 17:22:36 - [MESSAGE][PASSED] - Navigate to 'http://192.168.137.1/multihospital_new/' successfully

2018-05-15 17:22:36 - [TEST_STEP][PASSED] - maximizeWindow: Current window maximized

2018-05-15 17:22:37 - [MESSAGE][PASSED] - Current window maximized

2018-05-15 17:22:37 - [TEST_STEP][PASSED] - click: Object: 'Object Repository/PharmacyRequest/Page_KDMC/a_Pharmacy' is clicked on

2018-05-15 17:22:38 - [MESSAGE][PASSED] - Object: 'Object Repository/PharmacyRequest/Page_KDMC/a_Pharmacy' is clicked on

2018-05-15 17:22:38 - [TEST_STEP][PASSED] - setText: Text 'raja' is set on object 'Object Repository/PharmacyRequest/Page_Pharmacy login/input_txtusername'

2018-05-15 17:22:38 - [MESSAGE][PASSED] - Text 'raja' is set on object 'Object Repository/PharmacyRequest/Page_Pharmacy login/input_txtusername'

2018-05-15 17:22:38 - [TEST_STEP][PASSED] - setText: Text '123' is set on object 'Object Repository/PharmacyRequest/Page_Pharmacy login/input_txtpassword'

2018-05-15 17:22:38 - [MESSAGE][PASSED] - Text '123' is set on object 'Object Repository/PharmacyRequest/Page_Pharmacy login/input_txtpassword'

2018-05-15 17:22:38 - [TEST_STEP][PASSED] - delay: Delayed 3 second(s)

2018-05-15 17:22:41 - [MESSAGE][PASSED] - Delayed 3 second(s)

2018-05-15 17:22:41 - [TEST_STEP][PASSED] - click: Object: 'Object Repository/PharmacyRequest/Page_Pharmacy login/button_Sign in' is clicked on

2018-05-15 17:22:42 - [MESSAGE][PASSED] - Object: 'Object Repository/PharmacyRequest/Page_Pharmacy login/button_Sign in' is clicked on

2018-05-15 17:22:42 - [TEST_STEP][PASSED] - delay: Delayed 3 second(s)

2018-05-15 17:22:45 - [MESSAGE][PASSED] - Delayed 3 second(s)

2018-05-15 17:22:45 - [TEST_STEP][PASSED] - click: Object: 'Object Repository/PharmacyRequest/Page_KDMC - Pharmacy/a_Inventory' is clicked on

2018-05-15 17:22:47 - [MESSAGE][PASSED] - Object: 'Object Repository/PharmacyRequest/Page_KDMC - Pharmacy/a_Inventory' is clicked on

2018-05-15 17:22:47 - [TEST_STEP][PASSED] - delay: Delayed 3 second(s)

2018-05-15 17:22:50 - [MESSAGE][PASSED] - Delayed 3 second(s)

2018-05-15 17:22:50 - [TEST_STEP][PASSED] - click: Object: 'Object Repository/PharmacyRequest/Page_KDMC-Pharmacy/a_Store Request' is clicked on

2018-05-15 17:22:50 - [MESSAGE][PASSED] - Object: 'Object Repository/PharmacyRequest/Page_KDMC-Pharmacy/a_Store Request' is clicked on

2018-05-15 17:22:50 - [TEST_STEP][PASSED] - click: Object: 'Object Repository/PharmacyRequest/Page_KDMC-Pharmacy/a_Medicine Request' is clicked on

2018-05-15 17:22:51 - [MESSAGE][PASSED] - Object: 'Object Repository/PharmacyRequest/Page_KDMC-Pharmacy/a_Medicine Request' is clicked on

2018-05-15 17:22:51 - [TEST_STEP][PASSED] - selectOptionByIndex: All options with index in [9] are selected on object 'Object Repository/PharmacyRequest/Page_KDMC-Pharmacy/select_--Select--Schedule 1Inj'

2018-05-15 17:22:51 - [MESSAGE][PASSED] - All options with index in [9] are selected on object 'Object Repository/PharmacyRequest/Page_KDMC-Pharmacy/select_--Select--Schedule 1Inj'

2018-05-15 17:22:51 - [TEST_STEP][PASSED] - Statement - MedicineLength = com.kms.katalon.core.webui.keyword.WebUiBuiltInKeywords.getNumberOfTotalOption(com.kms.katalon.core.testobject.ObjectRepository.findTestObject(PharmacyRequest/Page_KDMC-Pharmacy/select_--Select--Albendazole)): 36 options of object 'Object Repository/PharmacyRequest/Page_KDMC-Pharmacy/select_--Select--Albendazole' counted

2018-05-15 17:22:51 - [MESSAGE][PASSED] - 36 options of object 'Object Repository/PharmacyRequest/Page_KDMC-Pharmacy/select_--Select--Albendazole' counted

2018-05-15 17:22:51 - [TEST_STEP][PASSED] - Statement - For ([l = 1, l <= MedicineLength - 1, (l++)]): Object: 'Object Repository/PharmacyRequest/Page_KDMC-Pharmacy/button_Add' is clicked on

2018-05-15 17:22:51 - [TEST_STEP][PASSED] - selectOptionByIndex: All options with index in [9] are selected on object 'Object Repository/PharmacyRequest/Page_KDMC-Pharmacy/select_--Select--Schedule 1Inj'

2018-05-15 17:22:51 - [MESSAGE][PASSED] - All options with index in [9] are selected on object 'Object Repository/PharmacyRequest/Page_KDMC-Pharmacy/select_--Select--Schedule 1Inj'

2018-05-15 17:22:51 - [TEST_STEP][PASSED] - selectOptionByIndex: All options with index in [1] are selected on object 'Object Repository/PharmacyRequest/Page_KDMC-Pharmacy/select_--Select--Albendazole'

2018-05-15 17:22:52 - [MESSAGE][PASSED] - All options with index in [1] are selected on object 'Object Repository/PharmacyRequest/Page_KDMC-Pharmacy/select_--Select--Albendazole'

2018-05-15 17:22:52 - [TEST_STEP][PASSED] - setText: Text '10' is set on object 'Object Repository/PharmacyRequest/Page_KDMC-Pharmacy/input_txttreat'

2018-05-15 17:22:52 - [MESSAGE][PASSED] - Text '10' is set on object 'Object Repository/PharmacyRequest/Page_KDMC-Pharmacy/input_txttreat'

2018-05-15 17:22:52 - [TEST_STEP][PASSED] - click: Object: 'Object Repository/PharmacyRequest/Page_KDMC-Pharmacy/button_Add' is clicked on

2018-05-15 17:22:52 - [MESSAGE][PASSED] - Object: 'Object Repository/PharmacyRequest/Page_KDMC-Pharmacy/button_Add' is clicked on

2018-05-15 17:22:52 - [TEST_STEP][PASSED] - selectOptionByIndex: All options with index in [9] are selected on object 'Object Repository/PharmacyRequest/Page_KDMC-Pharmacy/select_--Select--Schedule 1Inj'

2018-05-15 17:22:52 - [MESSAGE][PASSED] - All options with index in [9] are selected on object 'Object Repository/PharmacyRequest/Page_KDMC-Pharmacy/select_--Select--Schedule 1Inj'

2018-05-15 17:22:52 - [TEST_STEP][PASSED] - selectOptionByIndex: All options with index in [2] are selected on object 'Object Repository/PharmacyRequest/Page_KDMC-Pharmacy/select_--Select--Albendazole'

2018-05-15 17:22:52 - [MESSAGE][PASSED] - All options with index in [2] are selected on object 'Object Repository/PharmacyRequest/Page_KDMC-Pharmacy/select_--Select--Albendazole'

2018-05-15 17:22:52 - [TEST_STEP][PASSED] - setText: Text '10' is set on object 'Object Repository/PharmacyRequest/Page_KDMC-Pharmacy/input_txttreat'

2018-05-15 17:22:52 - [MESSAGE][PASSED] - Text '10' is set on object 'Object Repository/PharmacyRequest/Page_KDMC-Pharmacy/input_txttreat'

2018-05-15 17:22:52 - [TEST_STEP][PASSED] - click: Object: 'Object Repository/PharmacyRequest/Page_KDMC-Pharmacy/button_Add' is clicked on

2018-05-15 17:22:52 - [MESSAGE][PASSED] - Object: 'Object Repository/PharmacyRequest/Page_KDMC-Pharmacy/button_Add' is clicked on

2018-05-15 17:22:52 - [TEST_STEP][PASSED] - selectOptionByIndex: All options with index in [9] are selected on object 'Object Repository/PharmacyRequest/Page_KDMC-Pharmacy/select_--Select--Schedule 1Inj'

2018-05-15 17:22:52 - [MESSAGE][PASSED] - All options with index in [9] are selected on object 'Object Repository/PharmacyRequest/Page_KDMC-Pharmacy/select_--Select--Schedule 1Inj'

2018-05-15 17:22:52 - [TEST_STEP][PASSED] - selectOptionByIndex: All options with index in [3] are selected on object 'Object Repository/PharmacyRequest/Page_KDMC-Pharmacy/select_--Select--Albendazole'

2018-05-15 17:22:53 - [MESSAGE][PASSED] - All options with index in [3] are selected on object 'Object Repository/PharmacyRequest/Page_KDMC-Pharmacy/select_--Select--Albendazole'

2018-05-15 17:22:53 - [TEST_STEP][PASSED] - setText: Text '10' is set on object 'Object Repository/PharmacyRequest/Page_KDMC-Pharmacy/input_txttreat'

2018-05-15 17:22:53 - [MESSAGE][PASSED] - Text '10' is set on object 'Object Repository/PharmacyRequest/Page_KDMC-Pharmacy/input_txttreat'

2018-05-15 17:22:53 - [TEST_STEP][PASSED] - click: Object: 'Object Repository/PharmacyRequest/Page_KDMC-Pharmacy/button_Add' is clicked on

2018-05-15 17:22:53 - [MESSAGE][PASSED] - Object: 'Object Repository/PharmacyRequest/Page_KDMC-Pharmacy/button_Add' is clicked on

2018-05-15 17:22:53 - [TEST_STEP][PASSED] - selectOptionByIndex: All options with index in [9] are selected on object 'Object Repository/PharmacyRequest/Page_KDMC-Pharmacy/select_--Select--Schedule 1Inj'

2018-05-15 17:22:53 - [MESSAGE][PASSED] - All options with index in [9] are selected on object 'Object Repository/PharmacyRequest/Page_KDMC-Pharmacy/select_--Select--Schedule 1Inj'

2018-05-15 17:22:53 - [TEST_STEP][PASSED] - selectOptionByIndex: All options with index in [4] are selected on object 'Object Repository/PharmacyRequest/Page_KDMC-Pharmacy/select_--Select--Albendazole'

2018-05-15 17:22:53 - [MESSAGE][PASSED] - All options with index in [4] are selected on object 'Object Repository/PharmacyRequest/Page_KDMC-Pharmacy/select_--Select--Albendazole'

2018-05-15 17:22:53 - [TEST_STEP][PASSED] - setText: Text '10' is set on object 'Object Repository/PharmacyRequest/Page_KDMC-Pharmacy/input_txttreat'

2018-05-15 17:22:53 - [MESSAGE][PASSED] - Text '10' is set on object 'Object Repository/PharmacyRequest/Page_KDMC-Pharmacy/input_txttreat'

2018-05-15 17:22:53 - [TEST_STEP][PASSED] - click: Object: 'Object Repository/PharmacyRequest/Page_KDMC-Pharmacy/button_Add' is clicked on

2018-05-15 17:22:53 - [MESSAGE][PASSED] - Object: 'Object Repository/PharmacyRequest/Page_KDMC-Pharmacy/button_Add' is clicked on

2018-05-15 17:22:53 - [TEST_STEP][PASSED] - selectOptionByIndex: All options with index in [9] are selected on object 'Object Repository/PharmacyRequest/Page_KDMC-Pharmacy/select_--Select--Schedule 1Inj'

2018-05-15 17:22:53 - [MESSAGE][PASSED] - All options with index in [9] are selected on object 'Object Repository/PharmacyRequest/Page_KDMC-Pharmacy/select_--Select--Schedule 1Inj'

2018-05-15 17:22:53 - [TEST_STEP][PASSED] - selectOptionByIndex: All options with index in [5] are selected on object 'Object Repository/PharmacyRequest/Page_KDMC-Pharmacy/select_--Select--Albendazole'

2018-05-15 17:22:53 - [MESSAGE][PASSED] - All options with index in [5] are selected on object 'Object Repository/PharmacyRequest/Page_KDMC-Pharmacy/select_--Select--Albendazole'

2018-05-15 17:22:53 - [TEST_STEP][PASSED] - setText: Text '10' is set on object 'Object Repository/PharmacyRequest/Page_KDMC-Pharmacy/input_txttreat'

2018-05-15 17:22:54 - [MESSAGE][PASSED] - Text '10' is set on object 'Object Repository/PharmacyRequest/Page_KDMC-Pharmacy/input_txttreat'

2018-05-15 17:22:54 - [TEST_STEP][PASSED] - click: Object: 'Object Repository/PharmacyRequest/Page_KDMC-Pharmacy/button_Add' is clicked on

2018-05-15 17:22:54 - [MESSAGE][PASSED] - Object: 'Object Repository/PharmacyRequest/Page_KDMC-Pharmacy/button_Add' is clicked on

2018-05-15 17:22:54 - [TEST_STEP][PASSED] - selectOptionByIndex: All options with index in [9] are selected on object 'Object Repository/PharmacyRequest/Page_KDMC-Pharmacy/select_--Select--Schedule 1Inj'

2018-05-15 17:22:54 - [MESSAGE][PASSED] - All options with index in [9] are selected on object 'Object Repository/PharmacyRequest/Page_KDMC-Pharmacy/select_--Select--Schedule 1Inj'

2018-05-15 17:22:54 - [TEST_STEP][PASSED] - selectOptionByIndex: All options with index in [6] are selected on object 'Object Repository/PharmacyRequest/Page_KDMC-Pharmacy/select_--Select--Albendazole'

2018-05-15 17:22:54 - [MESSAGE][PASSED] - All options with index in [6] are selected on object 'Object Repository/PharmacyRequest/Page_KDMC-Pharmacy/select_--Select--Albendazole'

2018-05-15 17:22:54 - [TEST_STEP][PASSED] - setText: Text '10' is set on object 'Object Repository/PharmacyRequest/Page_KDMC-Pharmacy/input_txttreat'

2018-05-15 17:22:54 - [MESSAGE][PASSED] - Text '10' is set on object 'Object Repository/PharmacyRequest/Page_KDMC-Pharmacy/input_txttreat'

2018-05-15 17:22:54 - [TEST_STEP][PASSED] - click: Object: 'Object Repository/PharmacyRequest/Page_KDMC-Pharmacy/button_Add' is clicked on

2018-05-15 17:22:54 - [MESSAGE][PASSED] - Object: 'Object Repository/PharmacyRequest/Page_KDMC-Pharmacy/button_Add' is clicked on

2018-05-15 17:22:54 - [TEST_STEP][PASSED] - selectOptionByIndex: All options with index in [9] are selected on object 'Object Repository/PharmacyRequest/Page_KDMC-Pharmacy/select_--Select--Schedule 1Inj'

2018-05-15 17:22:54 - [MESSAGE][PASSED] - All options with index in [9] are selected on object 'Object Repository/PharmacyRequest/Page_KDMC-Pharmacy/select_--Select--Schedule 1Inj'

2018-05-15 17:22:54 - [TEST_STEP][PASSED] - selectOptionByIndex: All options with index in [7] are selected on object 'Object Repository/PharmacyRequest/Page_KDMC-Pharmacy/select_--Select--Albendazole'

2018-05-15 17:22:54 - [MESSAGE][PASSED] - All options with index in [7] are selected on object 'Object Repository/PharmacyRequest/Page_KDMC-Pharmacy/select_--Select--Albendazole'

2018-05-15 17:22:54 - [TEST_STEP][PASSED] - setText: Text '10' is set on object 'Object Repository/PharmacyRequest/Page_KDMC-Pharmacy/input_txttreat'

2018-05-15 17:22:54 - [MESSAGE][PASSED] - Text '10' is set on object 'Object Repository/PharmacyRequest/Page_KDMC-Pharmacy/input_txttreat'

2018-05-15 17:22:54 - [TEST_STEP][PASSED] - click: Object: 'Object Repository/PharmacyRequest/Page_KDMC-Pharmacy/button_Add' is clicked on

2018-05-15 17:22:54 - [MESSAGE][PASSED] - Object: 'Object Repository/PharmacyRequest/Page_KDMC-Pharmacy/button_Add' is clicked on

2018-05-15 17:22:54 - [TEST_STEP][PASSED] - selectOptionByIndex: All options with index in [9] are selected on object 'Object Repository/PharmacyRequest/Page_KDMC-Pharmacy/select_--Select--Schedule 1Inj'

2018-05-15 17:22:55 - [MESSAGE][PASSED] - All options with index in [9] are selected on object 'Object Repository/PharmacyRequest/Page_KDMC-Pharmacy/select_--Select--Schedule 1Inj'

2018-05-15 17:22:55 - [TEST_STEP][PASSED] - selectOptionByIndex: All options with index in [8] are selected on object 'Object Repository/PharmacyRequest/Page_KDMC-Pharmacy/select_--Select--Albendazole'

2018-05-15 17:22:55 - [MESSAGE][PASSED] - All options with index in [8] are selected on object 'Object Repository/PharmacyRequest/Page_KDMC-Pharmacy/select_--Select--Albendazole'

2018-05-15 17:22:55 - [TEST_STEP][PASSED] - setText: Text '10' is set on object 'Object Repository/PharmacyRequest/Page_KDMC-Pharmacy/input_txttreat'

2018-05-15 17:22:55 - [MESSAGE][PASSED] - Text '10' is set on object 'Object Repository/PharmacyRequest/Page_KDMC-Pharmacy/input_txttreat'

2018-05-15 17:22:55 - [TEST_STEP][PASSED] - click: Object: 'Object Repository/PharmacyRequest/Page_KDMC-Pharmacy/button_Add' is clicked on

2018-05-15 17:22:55 - [MESSAGE][PASSED] - Object: 'Object Repository/PharmacyRequest/Page_KDMC-Pharmacy/button_Add' is clicked on

2018-05-15 17:22:55 - [TEST_STEP][PASSED] - selectOptionByIndex: All options with index in [9] are selected on object 'Object Repository/PharmacyRequest/Page_KDMC-Pharmacy/select_--Select--Schedule 1Inj'

2018-05-15 17:22:55 - [MESSAGE][PASSED] - All options with index in [9] are selected on object 'Object Repository/PharmacyRequest/Page_KDMC-Pharmacy/select_--Select--Schedule 1Inj'

2018-05-15 17:22:55 - [TEST_STEP][PASSED] - selectOptionByIndex: All options with index in [9] are selected on object 'Object Repository/PharmacyRequest/Page_KDMC-Pharmacy/select_--Select--Albendazole'

2018-05-15 17:22:55 - [MESSAGE][PASSED] - All options with index in [9] are selected on object 'Object Repository/PharmacyRequest/Page_KDMC-Pharmacy/select_--Select--Albendazole'

2018-05-15 17:22:55 - [TEST_STEP][PASSED] - setText: Text '10' is set on object 'Object Repository/PharmacyRequest/Page_KDMC-Pharmacy/input_txttreat'

2018-05-15 17:22:55 - [MESSAGE][PASSED] - Text '10' is set on object 'Object Repository/PharmacyRequest/Page_KDMC-Pharmacy/input_txttreat'

2018-05-15 17:22:55 - [TEST_STEP][PASSED] - click: Object: 'Object Repository/PharmacyRequest/Page_KDMC-Pharmacy/button_Add' is clicked on

2018-05-15 17:22:55 - [MESSAGE][PASSED] - Object: 'Object Repository/PharmacyRequest/Page_KDMC-Pharmacy/button_Add' is clicked on

2018-05-15 17:22:55 - [TEST_STEP][PASSED] - selectOptionByIndex: All options with index in [9] are selected on object 'Object Repository/PharmacyRequest/Page_KDMC-Pharmacy/select_--Select--Schedule 1Inj'

2018-05-15 17:22:56 - [MESSAGE][PASSED] - All options with index in [9] are selected on object 'Object Repository/PharmacyRequest/Page_KDMC-Pharmacy/select_--Select--Schedule 1Inj'

2018-05-15 17:22:56 - [TEST_STEP][PASSED] - selectOptionByIndex: All options with index in [10] are selected on object 'Object Repository/PharmacyRequest/Page_KDMC-Pharmacy/select_--Select--Albendazole'

2018-05-15 17:22:56 - [MESSAGE][PASSED] - All options with index in [10] are selected on object 'Object Repository/PharmacyRequest/Page_KDMC-Pharmacy/select_--Select--Albendazole'

2018-05-15 17:22:56 - [TEST_STEP][PASSED] - setText: Text '10' is set on object 'Object Repository/PharmacyRequest/Page_KDMC-Pharmacy/input_txttreat'

2018-05-15 17:22:56 - [MESSAGE][PASSED] - Text '10' is set on object 'Object Repository/PharmacyRequest/Page_KDMC-Pharmacy/input_txttreat'

2018-05-15 17:22:56 - [TEST_STEP][PASSED] - click: Object: 'Object Repository/PharmacyRequest/Page_KDMC-Pharmacy/button_Add' is clicked on

2018-05-15 17:22:56 - [MESSAGE][PASSED] - Object: 'Object Repository/PharmacyRequest/Page_KDMC-Pharmacy/button_Add' is clicked on

2018-05-15 17:22:56 - [TEST_STEP][PASSED] - selectOptionByIndex: All options with index in [9] are selected on object 'Object Repository/PharmacyRequest/Page_KDMC-Pharmacy/select_--Select--Schedule 1Inj'

2018-05-15 17:22:56 - [MESSAGE][PASSED] - All options with index in [9] are selected on object 'Object Repository/PharmacyRequest/Page_KDMC-Pharmacy/select_--Select--Schedule 1Inj'

2018-05-15 17:22:56 - [TEST_STEP][PASSED] - selectOptionByIndex: All options with index in [11] are selected on object 'Object Repository/PharmacyRequest/Page_KDMC-Pharmacy/select_--Select--Albendazole'

2018-05-15 17:22:56 - [MESSAGE][PASSED] - All options with index in [11] are selected on object 'Object Repository/PharmacyRequest/Page_KDMC-Pharmacy/select_--Select--Albendazole'

2018-05-15 17:22:56 - [TEST_STEP][PASSED] - setText: Text '10' is set on object 'Object Repository/PharmacyRequest/Page_KDMC-Pharmacy/input_txttreat'

2018-05-15 17:22:56 - [MESSAGE][PASSED] - Text '10' is set on object 'Object Repository/PharmacyRequest/Page_KDMC-Pharmacy/input_txttreat'

2018-05-15 17:22:56 - [TEST_STEP][PASSED] - click: Object: 'Object Repository/PharmacyRequest/Page_KDMC-Pharmacy/button_Add' is clicked on

2018-05-15 17:22:57 - [MESSAGE][PASSED] - Object: 'Object Repository/PharmacyRequest/Page_KDMC-Pharmacy/button_Add' is clicked on

2018-05-15 17:22:57 - [TEST_STEP][PASSED] - selectOptionByIndex: All options with index in [9] are selected on object 'Object Repository/PharmacyRequest/Page_KDMC-Pharmacy/select_--Select--Schedule 1Inj'

2018-05-15 17:22:57 - [MESSAGE][PASSED] - All options with index in [9] are selected on object 'Object Repository/PharmacyRequest/Page_KDMC-Pharmacy/select_--Select--Schedule 1Inj'

2018-05-15 17:22:57 - [TEST_STEP][PASSED] - selectOptionByIndex: All options with index in [12] are selected on object 'Object Repository/PharmacyRequest/Page_KDMC-Pharmacy/select_--Select--Albendazole'

2018-05-15 17:22:57 - [MESSAGE][PASSED] - All options with index in [12] are selected on object 'Object Repository/PharmacyRequest/Page_KDMC-Pharmacy/select_--Select--Albendazole'

2018-05-15 17:22:57 - [TEST_STEP][PASSED] - setText: Text '10' is set on object 'Object Repository/PharmacyRequest/Page_KDMC-Pharmacy/input_txttreat'

2018-05-15 17:22:57 - [MESSAGE][PASSED] - Text '10' is set on object 'Object Repository/PharmacyRequest/Page_KDMC-Pharmacy/input_txttreat'

2018-05-15 17:22:57 - [TEST_STEP][PASSED] - click: Object: 'Object Repository/PharmacyRequest/Page_KDMC-Pharmacy/button_Add' is clicked on

2018-05-15 17:22:57 - [MESSAGE][PASSED] - Object: 'Object Repository/PharmacyRequest/Page_KDMC-Pharmacy/button_Add' is clicked on

2018-05-15 17:22:57 - [TEST_STEP][PASSED] - selectOptionByIndex: All options with index in [9] are selected on object 'Object Repository/PharmacyRequest/Page_KDMC-Pharmacy/select_--Select--Schedule 1Inj'

2018-05-15 17:22:57 - [MESSAGE][PASSED] - All options with index in [9] are selected on object 'Object Repository/PharmacyRequest/Page_KDMC-Pharmacy/select_--Select--Schedule 1Inj'

2018-05-15 17:22:57 - [TEST_STEP][PASSED] - selectOptionByIndex: All options with index in [13] are selected on object 'Object Repository/PharmacyRequest/Page_KDMC-Pharmacy/select_--Select--Albendazole'

2018-05-15 17:22:57 - [MESSAGE][PASSED] - All options with index in [13] are selected on object 'Object Repository/PharmacyRequest/Page_KDMC-Pharmacy/select_--Select--Albendazole'

2018-05-15 17:22:57 - [TEST_STEP][PASSED] - setText: Text '10' is set on object 'Object Repository/PharmacyRequest/Page_KDMC-Pharmacy/input_txttreat'

2018-05-15 17:22:57 - [MESSAGE][PASSED] - Text '10' is set on object 'Object Repository/PharmacyRequest/Page_KDMC-Pharmacy/input_txttreat'

2018-05-15 17:22:57 - [TEST_STEP][PASSED] - click: Object: 'Object Repository/PharmacyRequest/Page_KDMC-Pharmacy/button_Add' is clicked on

2018-05-15 17:22:58 - [MESSAGE][PASSED] - Object: 'Object Repository/PharmacyRequest/Page_KDMC-Pharmacy/button_Add' is clicked on

2018-05-15 17:22:58 - [TEST_STEP][PASSED] - selectOptionByIndex: All options with index in [9] are selected on object 'Object Repository/PharmacyRequest/Page_KDMC-Pharmacy/select_--Select--Schedule 1Inj'

2018-05-15 17:22:58 - [MESSAGE][PASSED] - All options with index in [9] are selected on object 'Object Repository/PharmacyRequest/Page_KDMC-Pharmacy/select_--Select--Schedule 1Inj'

2018-05-15 17:22:58 - [TEST_STEP][PASSED] - selectOptionByIndex: All options with index in [14] are selected on object 'Object Repository/PharmacyRequest/Page_KDMC-Pharmacy/select_--Select--Albendazole'

2018-05-15 17:22:58 - [MESSAGE][PASSED] - All options with index in [14] are selected on object 'Object Repository/PharmacyRequest/Page_KDMC-Pharmacy/select_--Select--Albendazole'

2018-05-15 17:22:58 - [TEST_STEP][PASSED] - setText: Text '10' is set on object 'Object Repository/PharmacyRequest/Page_KDMC-Pharmacy/input_txttreat'

2018-05-15 17:22:58 - [MESSAGE][PASSED] - Text '10' is set on object 'Object Repository/PharmacyRequest/Page_KDMC-Pharmacy/input_txttreat'

2018-05-15 17:22:58 - [TEST_STEP][PASSED] - click: Object: 'Object Repository/PharmacyRequest/Page_KDMC-Pharmacy/button_Add' is clicked on

2018-05-15 17:22:58 - [MESSAGE][PASSED] - Object: 'Object Repository/PharmacyRequest/Page_KDMC-Pharmacy/button_Add' is clicked on

2018-05-15 17:22:58 - [TEST_STEP][PASSED] - selectOptionByIndex: All options with index in [9] are selected on object 'Object Repository/PharmacyRequest/Page_KDMC-Pharmacy/select_--Select--Schedule 1Inj'

2018-05-15 17:22:58 - [MESSAGE][PASSED] - All options with index in [9] are selected on object 'Object Repository/PharmacyRequest/Page_KDMC-Pharmacy/select_--Select--Schedule 1Inj'

2018-05-15 17:22:58 - [TEST_STEP][PASSED] - selectOptionByIndex: All options with index in [15] are selected on object 'Object Repository/PharmacyRequest/Page_KDMC-Pharmacy/select_--Select--Albendazole'

2018-05-15 17:22:58 - [MESSAGE][PASSED] - All options with index in [15] are selected on object 'Object Repository/PharmacyRequest/Page_KDMC-Pharmacy/select_--Select--Albendazole'

2018-05-15 17:22:58 - [TEST_STEP][PASSED] - setText: Text '10' is set on object 'Object Repository/PharmacyRequest/Page_KDMC-Pharmacy/input_txttreat'

2018-05-15 17:22:59 - [MESSAGE][PASSED] - Text '10' is set on object 'Object Repository/PharmacyRequest/Page_KDMC-Pharmacy/input_txttreat'

2018-05-15 17:22:59 - [TEST_STEP][PASSED] - click: Object: 'Object Repository/PharmacyRequest/Page_KDMC-Pharmacy/button_Add' is clicked on

2018-05-15 17:22:59 - [MESSAGE][PASSED] - Object: 'Object Repository/PharmacyRequest/Page_KDMC-Pharmacy/button_Add' is clicked on

2018-05-15 17:22:59 - [TEST_STEP][PASSED] - selectOptionByIndex: All options with index in [9] are selected on object 'Object Repository/PharmacyRequest/Page_KDMC-Pharmacy/select_--Select--Schedule 1Inj'

2018-05-15 17:22:59 - [MESSAGE][PASSED] - All options with index in [9] are selected on object 'Object Repository/PharmacyRequest/Page_KDMC-Pharmacy/select_--Select--Schedule 1Inj'

2018-05-15 17:22:59 - [TEST_STEP][PASSED] - selectOptionByIndex: All options with index in [16] are selected on object 'Object Repository/PharmacyRequest/Page_KDMC-Pharmacy/select_--Select--Albendazole'

2018-05-15 17:22:59 - [MESSAGE][PASSED] - All options with index in [16] are selected on object 'Object Repository/PharmacyRequest/Page_KDMC-Pharmacy/select_--Select--Albendazole'

2018-05-15 17:22:59 - [TEST_STEP][PASSED] - setText: Text '10' is set on object 'Object Repository/PharmacyRequest/Page_KDMC-Pharmacy/input_txttreat'

2018-05-15 17:22:59 - [MESSAGE][PASSED] - Text '10' is set on object 'Object Repository/PharmacyRequest/Page_KDMC-Pharmacy/input_txttreat'

2018-05-15 17:22:59 - [TEST_STEP][PASSED] - click: Object: 'Object Repository/PharmacyRequest/Page_KDMC-Pharmacy/button_Add' is clicked on

2018-05-15 17:22:59 - [MESSAGE][PASSED] - Object: 'Object Repository/PharmacyRequest/Page_KDMC-Pharmacy/button_Add' is clicked on

2018-05-15 17:22:59 - [TEST_STEP][PASSED] - selectOptionByIndex: All options with index in [9] are selected on object 'Object Repository/PharmacyRequest/Page_KDMC-Pharmacy/select_--Select--Schedule 1Inj'

2018-05-15 17:22:59 - [MESSAGE][PASSED] - All options with index in [9] are selected on object 'Object Repository/PharmacyRequest/Page_KDMC-Pharmacy/select_--Select--Schedule 1Inj'

2018-05-15 17:22:59 - [TEST_STEP][PASSED] - selectOptionByIndex: All options with index in [17] are selected on object 'Object Repository/PharmacyRequest/Page_KDMC-Pharmacy/select_--Select--Albendazole'

2018-05-15 17:23:00 - [MESSAGE][PASSED] - All options with index in [17] are selected on object 'Object Repository/PharmacyRequest/Page_KDMC-Pharmacy/select_--Select--Albendazole'

2018-05-15 17:23:00 - [TEST_STEP][PASSED] - setText: Text '10' is set on object 'Object Repository/PharmacyRequest/Page_KDMC-Pharmacy/input_txttreat'

2018-05-15 17:23:00 - [MESSAGE][PASSED] - Text '10' is set on object 'Object Repository/PharmacyRequest/Page_KDMC-Pharmacy/input_txttreat'

2018-05-15 17:23:00 - [TEST_STEP][PASSED] - click: Object: 'Object Repository/PharmacyRequest/Page_KDMC-Pharmacy/button_Add' is clicked on

2018-05-15 17:23:00 - [MESSAGE][PASSED] - Object: 'Object Repository/PharmacyRequest/Page_KDMC-Pharmacy/button_Add' is clicked on

2018-05-15 17:23:00 - [TEST_STEP][PASSED] - selectOptionByIndex: All options with index in [9] are selected on object 'Object Repository/PharmacyRequest/Page_KDMC-Pharmacy/select_--Select--Schedule 1Inj'

2018-05-15 17:23:00 - [MESSAGE][PASSED] - All options with index in [9] are selected on object 'Object Repository/PharmacyRequest/Page_KDMC-Pharmacy/select_--Select--Schedule 1Inj'

2018-05-15 17:23:00 - [TEST_STEP][PASSED] - selectOptionByIndex: All options with index in [18] are selected on object 'Object Repository/PharmacyRequest/Page_KDMC-Pharmacy/select_--Select--Albendazole'

2018-05-15 17:23:00 - [MESSAGE][PASSED] - All options with index in [18] are selected on object 'Object Repository/PharmacyRequest/Page_KDMC-Pharmacy/select_--Select--Albendazole'

2018-05-15 17:23:00 - [TEST_STEP][PASSED] - setText: Text '10' is set on object 'Object Repository/PharmacyRequest/Page_KDMC-Pharmacy/input_txttreat'

2018-05-15 17:23:00 - [MESSAGE][PASSED] - Text '10' is set on object 'Object Repository/PharmacyRequest/Page_KDMC-Pharmacy/input_txttreat'

2018-05-15 17:23:00 - [TEST_STEP][PASSED] - click: Object: 'Object Repository/PharmacyRequest/Page_KDMC-Pharmacy/button_Add' is clicked on

2018-05-15 17:23:00 - [MESSAGE][PASSED] - Object: 'Object Repository/PharmacyRequest/Page_KDMC-Pharmacy/button_Add' is clicked on

2018-05-15 17:23:00 - [TEST_STEP][PASSED] - selectOptionByIndex: All options with index in [9] are selected on object 'Object Repository/PharmacyRequest/Page_KDMC-Pharmacy/select_--Select--Schedule 1Inj'

2018-05-15 17:23:00 - [MESSAGE][PASSED] - All options with index in [9] are selected on object 'Object Repository/PharmacyRequest/Page_KDMC-Pharmacy/select_--Select--Schedule 1Inj'

2018-05-15 17:23:00 - [TEST_STEP][PASSED] - selectOptionByIndex: All options with index in [19] are selected on object 'Object Repository/PharmacyRequest/Page_KDMC-Pharmacy/select_--Select--Albendazole'

2018-05-15 17:23:01 - [MESSAGE][PASSED] - All options with index in [19] are selected on object 'Object Repository/PharmacyRequest/Page_KDMC-Pharmacy/select_--Select--Albendazole'

2018-05-15 17:23:01 - [TEST_STEP][PASSED] - setText: Text '10' is set on object 'Object Repository/PharmacyRequest/Page_KDMC-Pharmacy/input_txttreat'

2018-05-15 17:23:01 - [MESSAGE][PASSED] - Text '10' is set on object 'Object Repository/PharmacyRequest/Page_KDMC-Pharmacy/input_txttreat'

2018-05-15 17:23:01 - [TEST_STEP][PASSED] - click: Object: 'Object Repository/PharmacyRequest/Page_KDMC-Pharmacy/button_Add' is clicked on

2018-05-15 17:23:01 - [MESSAGE][PASSED] - Object: 'Object Repository/PharmacyRequest/Page_KDMC-Pharmacy/button_Add' is clicked on

2018-05-15 17:23:01 - [TEST_STEP][PASSED] - selectOptionByIndex: All options with index in [9] are selected on object 'Object Repository/PharmacyRequest/Page_KDMC-Pharmacy/select_--Select--Schedule 1Inj'

2018-05-15 17:23:01 - [MESSAGE][PASSED] - All options with index in [9] are selected on object 'Object Repository/PharmacyRequest/Page_KDMC-Pharmacy/select_--Select--Schedule 1Inj'

2018-05-15 17:23:01 - [TEST_STEP][PASSED] - selectOptionByIndex: All options with index in [20] are selected on object 'Object Repository/PharmacyRequest/Page_KDMC-Pharmacy/select_--Select--Albendazole'

2018-05-15 17:23:01 - [MESSAGE][PASSED] - All options with index in [20] are selected on object 'Object Repository/PharmacyRequest/Page_KDMC-Pharmacy/select_--Select--Albendazole'

2018-05-15 17:23:01 - [TEST_STEP][PASSED] - setText: Text '10' is set on object 'Object Repository/PharmacyRequest/Page_KDMC-Pharmacy/input_txttreat'

2018-05-15 17:23:01 - [MESSAGE][PASSED] - Text '10' is set on object 'Object Repository/PharmacyRequest/Page_KDMC-Pharmacy/input_txttreat'

2018-05-15 17:23:01 - [TEST_STEP][PASSED] - click: Object: 'Object Repository/PharmacyRequest/Page_KDMC-Pharmacy/button_Add' is clicked on

2018-05-15 17:23:01 - [MESSAGE][PASSED] - Object: 'Object Repository/PharmacyRequest/Page_KDMC-Pharmacy/button_Add' is clicked on

2018-05-15 17:23:01 - [TEST_STEP][PASSED] - selectOptionByIndex: All options with index in [9] are selected on object 'Object Repository/PharmacyRequest/Page_KDMC-Pharmacy/select_--Select--Schedule 1Inj'

2018-05-15 17:23:02 - [MESSAGE][PASSED] - All options with index in [9] are selected on object 'Object Repository/PharmacyRequest/Page_KDMC-Pharmacy/select_--Select--Schedule 1Inj'

2018-05-15 17:23:02 - [TEST_STEP][PASSED] - selectOptionByIndex: All options with index in [21] are selected on object 'Object Repository/PharmacyRequest/Page_KDMC-Pharmacy/select_--Select--Albendazole'

2018-05-15 17:23:02 - [MESSAGE][PASSED] - All options with index in [21] are selected on object 'Object Repository/PharmacyRequest/Page_KDMC-Pharmacy/select_--Select--Albendazole'

2018-05-15 17:23:02 - [TEST_STEP][PASSED] - setText: Text '10' is set on object 'Object Repository/PharmacyRequest/Page_KDMC-Pharmacy/input_txttreat'

2018-05-15 17:23:02 - [MESSAGE][PASSED] - Text '10' is set on object 'Object Repository/PharmacyRequest/Page_KDMC-Pharmacy/input_txttreat'

2018-05-15 17:23:02 - [TEST_STEP][PASSED] - click: Object: 'Object Repository/PharmacyRequest/Page_KDMC-Pharmacy/button_Add' is clicked on

2018-05-15 17:23:02 - [MESSAGE][PASSED] - Object: 'Object Repository/PharmacyRequest/Page_KDMC-Pharmacy/button_Add' is clicked on

2018-05-15 17:23:02 - [TEST_STEP][PASSED] - selectOptionByIndex: All options with index in [9] are selected on object 'Object Repository/PharmacyRequest/Page_KDMC-Pharmacy/select_--Select--Schedule 1Inj'

2018-05-15 17:23:02 - [MESSAGE][PASSED] - All options with index in [9] are selected on object 'Object Repository/PharmacyRequest/Page_KDMC-Pharmacy/select_--Select--Schedule 1Inj'

2018-05-15 17:23:02 - [TEST_STEP][PASSED] - selectOptionByIndex: All options with index in [22] are selected on object 'Object Repository/PharmacyRequest/Page_KDMC-Pharmacy/select_--Select--Albendazole'

2018-05-15 17:23:02 - [MESSAGE][PASSED] - All options with index in [22] are selected on object 'Object Repository/PharmacyRequest/Page_KDMC-Pharmacy/select_--Select--Albendazole'

2018-05-15 17:23:02 - [TEST_STEP][PASSED] - setText: Text '10' is set on object 'Object Repository/PharmacyRequest/Page_KDMC-Pharmacy/input_txttreat'

2018-05-15 17:23:02 - [MESSAGE][PASSED] - Text '10' is set on object 'Object Repository/PharmacyRequest/Page_KDMC-Pharmacy/input_txttreat'

2018-05-15 17:23:02 - [TEST_STEP][PASSED] - click: Object: 'Object Repository/PharmacyRequest/Page_KDMC-Pharmacy/button_Add' is clicked on

2018-05-15 17:23:03 - [MESSAGE][PASSED] - Object: 'Object Repository/PharmacyRequest/Page_KDMC-Pharmacy/button_Add' is clicked on

2018-05-15 17:23:03 - [TEST_STEP][PASSED] - selectOptionByIndex: All options with index in [9] are selected on object 'Object Repository/PharmacyRequest/Page_KDMC-Pharmacy/select_--Select--Schedule 1Inj'

2018-05-15 17:23:03 - [MESSAGE][PASSED] - All options with index in [9] are selected on object 'Object Repository/PharmacyRequest/Page_KDMC-Pharmacy/select_--Select--Schedule 1Inj'

2018-05-15 17:23:03 - [TEST_STEP][PASSED] - selectOptionByIndex: All options with index in [23] are selected on object 'Object Repository/PharmacyRequest/Page_KDMC-Pharmacy/select_--Select--Albendazole'

2018-05-15 17:23:03 - [MESSAGE][PASSED] - All options with index in [23] are selected on object 'Object Repository/PharmacyRequest/Page_KDMC-Pharmacy/select_--Select--Albendazole'

2018-05-15 17:23:03 - [TEST_STEP][PASSED] - setText: Text '10' is set on object 'Object Repository/PharmacyRequest/Page_KDMC-Pharmacy/input_txttreat'

2018-05-15 17:23:03 - [MESSAGE][PASSED] - Text '10' is set on object 'Object Repository/PharmacyRequest/Page_KDMC-Pharmacy/input_txttreat'

2018-05-15 17:23:03 - [TEST_STEP][PASSED] - click: Object: 'Object Repository/PharmacyRequest/Page_KDMC-Pharmacy/button_Add' is clicked on

2018-05-15 17:23:03 - [MESSAGE][PASSED] - Object: 'Object Repository/PharmacyRequest/Page_KDMC-Pharmacy/button_Add' is clicked on

2018-05-15 17:23:03 - [TEST_STEP][PASSED] - selectOptionByIndex: All options with index in [9] are selected on object 'Object Repository/PharmacyRequest/Page_KDMC-Pharmacy/select_--Select--Schedule 1Inj'

2018-05-15 17:23:03 - [MESSAGE][PASSED] - All options with index in [9] are selected on object 'Object Repository/PharmacyRequest/Page_KDMC-Pharmacy/select_--Select--Schedule 1Inj'

2018-05-15 17:23:03 - [TEST_STEP][PASSED] - selectOptionByIndex: All options with index in [24] are selected on object 'Object Repository/PharmacyRequest/Page_KDMC-Pharmacy/select_--Select--Albendazole'

2018-05-15 17:23:04 - [MESSAGE][PASSED] - All options with index in [24] are selected on object 'Object Repository/PharmacyRequest/Page_KDMC-Pharmacy/select_--Select--Albendazole'

2018-05-15 17:23:04 - [TEST_STEP][PASSED] - setText: Text '10' is set on object 'Object Repository/PharmacyRequest/Page_KDMC-Pharmacy/input_txttreat'

2018-05-15 17:23:04 - [MESSAGE][PASSED] - Text '10' is set on object 'Object Repository/PharmacyRequest/Page_KDMC-Pharmacy/input_txttreat'

2018-05-15 17:23:04 - [TEST_STEP][PASSED] - click: Object: 'Object Repository/PharmacyRequest/Page_KDMC-Pharmacy/button_Add' is clicked on

2018-05-15 17:23:04 - [MESSAGE][PASSED] - Object: 'Object Repository/PharmacyRequest/Page_KDMC-Pharmacy/button_Add' is clicked on

2018-05-15 17:23:04 - [TEST_STEP][PASSED] - selectOptionByIndex: All options with index in [9] are selected on object 'Object Repository/PharmacyRequest/Page_KDMC-Pharmacy/select_--Select--Schedule 1Inj'

2018-05-15 17:23:04 - [MESSAGE][PASSED] - All options with index in [9] are selected on object 'Object Repository/PharmacyRequest/Page_KDMC-Pharmacy/select_--Select--Schedule 1Inj'

2018-05-15 17:23:04 - [TEST_STEP][PASSED] - selectOptionByIndex: All options with index in [25] are selected on object 'Object Repository/PharmacyRequest/Page_KDMC-Pharmacy/select_--Select--Albendazole'

2018-05-15 17:23:04 - [MESSAGE][PASSED] - All options with index in [25] are selected on object 'Object Repository/PharmacyRequest/Page_KDMC-Pharmacy/select_--Select--Albendazole'

2018-05-15 17:23:04 - [TEST_STEP][PASSED] - setText: Text '10' is set on object 'Object Repository/PharmacyRequest/Page_KDMC-Pharmacy/input_txttreat'

2018-05-15 17:23:04 - [MESSAGE][PASSED] - Text '10' is set on object 'Object Repository/PharmacyRequest/Page_KDMC-Pharmacy/input_txttreat'

2018-05-15 17:23:04 - [TEST_STEP][PASSED] - click: Object: 'Object Repository/PharmacyRequest/Page_KDMC-Pharmacy/button_Add' is clicked on

2018-05-15 17:23:04 - [MESSAGE][PASSED] - Object: 'Object Repository/PharmacyRequest/Page_KDMC-Pharmacy/button_Add' is clicked on

2018-05-15 17:23:04 - [TEST_STEP][PASSED] - selectOptionByIndex: All options with index in [9] are selected on object 'Object Repository/PharmacyRequest/Page_KDMC-Pharmacy/select_--Select--Schedule 1Inj'

2018-05-15 17:23:04 - [MESSAGE][PASSED] - All options with index in [9] are selected on object 'Object Repository/PharmacyRequest/Page_KDMC-Pharmacy/select_--Select--Schedule 1Inj'

2018-05-15 17:23:04 - [TEST_STEP][PASSED] - selectOptionByIndex: All options with index in [26] are selected on object 'Object Repository/PharmacyRequest/Page_KDMC-Pharmacy/select_--Select--Albendazole'

2018-05-15 17:23:05 - [MESSAGE][PASSED] - All options with index in [26] are selected on object 'Object Repository/PharmacyRequest/Page_KDMC-Pharmacy/select_--Select--Albendazole'

2018-05-15 17:23:05 - [TEST_STEP][PASSED] - setText: Text '10' is set on object 'Object Repository/PharmacyRequest/Page_KDMC-Pharmacy/input_txttreat'

2018-05-15 17:23:05 - [MESSAGE][PASSED] - Text '10' is set on object 'Object Repository/PharmacyRequest/Page_KDMC-Pharmacy/input_txttreat'

2018-05-15 17:23:05 - [TEST_STEP][PASSED] - click: Object: 'Object Repository/PharmacyRequest/Page_KDMC-Pharmacy/button_Add' is clicked on

2018-05-15 17:23:05 - [MESSAGE][PASSED] - Object: 'Object Repository/PharmacyRequest/Page_KDMC-Pharmacy/button_Add' is clicked on

2018-05-15 17:23:05 - [TEST_STEP][PASSED] - selectOptionByIndex: All options with index in [9] are selected on object 'Object Repository/PharmacyRequest/Page_KDMC-Pharmacy/select_--Select--Schedule 1Inj'

2018-05-15 17:23:05 - [MESSAGE][PASSED] - All options with index in [9] are selected on object 'Object Repository/PharmacyRequest/Page_KDMC-Pharmacy/select_--Select--Schedule 1Inj'

2018-05-15 17:23:05 - [TEST_STEP][PASSED] - selectOptionByIndex: All options with index in [27] are selected on object 'Object Repository/PharmacyRequest/Page_KDMC-Pharmacy/select_--Select--Albendazole'

2018-05-15 17:23:05 - [MESSAGE][PASSED] - All options with index in [27] are selected on object 'Object Repository/PharmacyRequest/Page_KDMC-Pharmacy/select_--Select--Albendazole'

2018-05-15 17:23:05 - [TEST_STEP][PASSED] - setText: Text '10' is set on object 'Object Repository/PharmacyRequest/Page_KDMC-Pharmacy/input_txttreat'

2018-05-15 17:23:06 - [MESSAGE][PASSED] - Text '10' is set on object 'Object Repository/PharmacyRequest/Page_KDMC-Pharmacy/input_txttreat'

2018-05-15 17:23:06 - [TEST_STEP][PASSED] - click: Object: 'Object Repository/PharmacyRequest/Page_KDMC-Pharmacy/button_Add' is clicked on

2018-05-15 17:23:06 - [MESSAGE][PASSED] - Object: 'Object Repository/PharmacyRequest/Page_KDMC-Pharmacy/button_Add' is clicked on

2018-05-15 17:23:06 - [TEST_STEP][PASSED] - selectOptionByIndex: All options with index in [9] are selected on object 'Object Repository/PharmacyRequest/Page_KDMC-Pharmacy/select_--Select--Schedule 1Inj'

2018-05-15 17:23:06 - [MESSAGE][PASSED] - All options with index in [9] are selected on object 'Object Repository/PharmacyRequest/Page_KDMC-Pharmacy/select_--Select--Schedule 1Inj'

2018-05-15 17:23:06 - [TEST_STEP][PASSED] - selectOptionByIndex: All options with index in [28] are selected on object 'Object Repository/PharmacyRequest/Page_KDMC-Pharmacy/select_--Select--Albendazole'

2018-05-15 17:23:06 - [MESSAGE][PASSED] - All options with index in [28] are selected on object 'Object Repository/PharmacyRequest/Page_KDMC-Pharmacy/select_--Select--Albendazole'

2018-05-15 17:23:06 - [TEST_STEP][PASSED] - setText: Text '10' is set on object 'Object Repository/PharmacyRequest/Page_KDMC-Pharmacy/input_txttreat'

2018-05-15 17:23:06 - [MESSAGE][PASSED] - Text '10' is set on object 'Object Repository/PharmacyRequest/Page_KDMC-Pharmacy/input_txttreat'

2018-05-15 17:23:06 - [TEST_STEP][PASSED] - click: Object: 'Object Repository/PharmacyRequest/Page_KDMC-Pharmacy/button_Add' is clicked on

2018-05-15 17:23:06 - [MESSAGE][PASSED] - Object: 'Object Repository/PharmacyRequest/Page_KDMC-Pharmacy/button_Add' is clicked on

2018-05-15 17:23:06 - [TEST_STEP][PASSED] - selectOptionByIndex: All options with index in [9] are selected on object 'Object Repository/PharmacyRequest/Page_KDMC-Pharmacy/select_--Select--Schedule 1Inj'

2018-05-15 17:23:06 - [MESSAGE][PASSED] - All options with index in [9] are selected on object 'Object Repository/PharmacyRequest/Page_KDMC-Pharmacy/select_--Select--Schedule 1Inj'

2018-05-15 17:23:06 - [TEST_STEP][PASSED] - selectOptionByIndex: All options with index in [29] are selected on object 'Object Repository/PharmacyRequest/Page_KDMC-Pharmacy/select_--Select--Albendazole'

2018-05-15 17:23:07 - [MESSAGE][PASSED] - All options with index in [29] are selected on object 'Object Repository/PharmacyRequest/Page_KDMC-Pharmacy/select_--Select--Albendazole'

2018-05-15 17:23:07 - [TEST_STEP][PASSED] - setText: Text '10' is set on object 'Object Repository/PharmacyRequest/Page_KDMC-Pharmacy/input_txttreat'

2018-05-15 17:23:07 - [MESSAGE][PASSED] - Text '10' is set on object 'Object Repository/PharmacyRequest/Page_KDMC-Pharmacy/input_txttreat'

2018-05-15 17:23:07 - [TEST_STEP][PASSED] - click: Object: 'Object Repository/PharmacyRequest/Page_KDMC-Pharmacy/button_Add' is clicked on

2018-05-15 17:23:07 - [MESSAGE][PASSED] - Object: 'Object Repository/PharmacyRequest/Page_KDMC-Pharmacy/button_Add' is clicked on

2018-05-15 17:23:07 - [TEST_STEP][PASSED] - selectOptionByIndex: All options with index in [9] are selected on object 'Object Repository/PharmacyRequest/Page_KDMC-Pharmacy/select_--Select--Schedule 1Inj'

2018-05-15 17:23:07 - [MESSAGE][PASSED] - All options with index in [9] are selected on object 'Object Repository/PharmacyRequest/Page_KDMC-Pharmacy/select_--Select--Schedule 1Inj'

2018-05-15 17:23:07 - [TEST_STEP][PASSED] - selectOptionByIndex: All options with index in [30] are selected on object 'Object Repository/PharmacyRequest/Page_KDMC-Pharmacy/select_--Select--Albendazole'

2018-05-15 17:23:07 - [MESSAGE][PASSED] - All options with index in [30] are selected on object 'Object Repository/PharmacyRequest/Page_KDMC-Pharmacy/select_--Select--Albendazole'

2018-05-15 17:23:07 - [TEST_STEP][PASSED] - setText: Text '10' is set on object 'Object Repository/PharmacyRequest/Page_KDMC-Pharmacy/input_txttreat'

2018-05-15 17:23:07 - [MESSAGE][PASSED] - Text '10' is set on object 'Object Repository/PharmacyRequest/Page_KDMC-Pharmacy/input_txttreat'

2018-05-15 17:23:07 - [TEST_STEP][PASSED] - click: Object: 'Object Repository/PharmacyRequest/Page_KDMC-Pharmacy/button_Add' is clicked on

2018-05-15 17:23:07 - [MESSAGE][PASSED] - Object: 'Object Repository/PharmacyRequest/Page_KDMC-Pharmacy/button_Add' is clicked on

2018-05-15 17:23:07 - [TEST_STEP][PASSED] - selectOptionByIndex: All options with index in [9] are selected on object 'Object Repository/PharmacyRequest/Page_KDMC-Pharmacy/select_--Select--Schedule 1Inj'

2018-05-15 17:23:08 - [MESSAGE][PASSED] - All options with index in [9] are selected on object 'Object Repository/PharmacyRequest/Page_KDMC-Pharmacy/select_--Select--Schedule 1Inj'

2018-05-15 17:23:08 - [TEST_STEP][PASSED] - selectOptionByIndex: All options with index in [31] are selected on object 'Object Repository/PharmacyRequest/Page_KDMC-Pharmacy/select_--Select--Albendazole'

2018-05-15 17:23:08 - [MESSAGE][PASSED] - All options with index in [31] are selected on object 'Object Repository/PharmacyRequest/Page_KDMC-Pharmacy/select_--Select--Albendazole'

2018-05-15 17:23:08 - [TEST_STEP][PASSED] - setText: Text '10' is set on object 'Object Repository/PharmacyRequest/Page_KDMC-Pharmacy/input_txttreat'

2018-05-15 17:23:08 - [MESSAGE][PASSED] - Text '10' is set on object 'Object Repository/PharmacyRequest/Page_KDMC-Pharmacy/input_txttreat'

2018-05-15 17:23:08 - [TEST_STEP][PASSED] - click: Object: 'Object Repository/PharmacyRequest/Page_KDMC-Pharmacy/button_Add' is clicked on

2018-05-15 17:23:08 - [MESSAGE][PASSED] - Object: 'Object Repository/PharmacyRequest/Page_KDMC-Pharmacy/button_Add' is clicked on

2018-05-15 17:23:08 - [TEST_STEP][PASSED] - selectOptionByIndex: All options with index in [9] are selected on object 'Object Repository/PharmacyRequest/Page_KDMC-Pharmacy/select_--Select--Schedule 1Inj'

2018-05-15 17:23:08 - [MESSAGE][PASSED] - All options with index in [9] are selected on object 'Object Repository/PharmacyRequest/Page_KDMC-Pharmacy/select_--Select--Schedule 1Inj'

2018-05-15 17:23:08 - [TEST_STEP][PASSED] - selectOptionByIndex: All options with index in [32] are selected on object 'Object Repository/PharmacyRequest/Page_KDMC-Pharmacy/select_--Select--Albendazole'

2018-05-15 17:23:09 - [MESSAGE][PASSED] - All options with index in [32] are selected on object 'Object Repository/PharmacyRequest/Page_KDMC-Pharmacy/select_--Select--Albendazole'

2018-05-15 17:23:09 - [TEST_STEP][PASSED] - setText: Text '10' is set on object 'Object Repository/PharmacyRequest/Page_KDMC-Pharmacy/input_txttreat'

2018-05-15 17:23:09 - [MESSAGE][PASSED] - Text '10' is set on object 'Object Repository/PharmacyRequest/Page_KDMC-Pharmacy/input_txttreat'

2018-05-15 17:23:09 - [TEST_STEP][PASSED] - click: Object: 'Object Repository/PharmacyRequest/Page_KDMC-Pharmacy/button_Add' is clicked on

2018-05-15 17:23:09 - [MESSAGE][PASSED] - Object: 'Object Repository/PharmacyRequest/Page_KDMC-Pharmacy/button_Add' is clicked on

2018-05-15 17:23:09 - [TEST_STEP][PASSED] - selectOptionByIndex: All options with index in [9] are selected on object 'Object Repository/PharmacyRequest/Page_KDMC-Pharmacy/select_--Select--Schedule 1Inj'

2018-05-15 17:23:09 - [MESSAGE][PASSED] - All options with index in [9] are selected on object 'Object Repository/PharmacyRequest/Page_KDMC-Pharmacy/select_--Select--Schedule 1Inj'

2018-05-15 17:23:09 - [TEST_STEP][PASSED] - selectOptionByIndex: All options with index in [33] are selected on object 'Object Repository/PharmacyRequest/Page_KDMC-Pharmacy/select_--Select--Albendazole'

2018-05-15 17:23:09 - [MESSAGE][PASSED] - All options with index in [33] are selected on object 'Object Repository/PharmacyRequest/Page_KDMC-Pharmacy/select_--Select--Albendazole'

2018-05-15 17:23:09 - [TEST_STEP][PASSED] - setText: Text '10' is set on object 'Object Repository/PharmacyRequest/Page_KDMC-Pharmacy/input_txttreat'

2018-05-15 17:23:09 - [MESSAGE][PASSED] - Text '10' is set on object 'Object Repository/PharmacyRequest/Page_KDMC-Pharmacy/input_txttreat'

2018-05-15 17:23:09 - [TEST_STEP][PASSED] - click: Object: 'Object Repository/PharmacyRequest/Page_KDMC-Pharmacy/button_Add' is clicked on

2018-05-15 17:23:09 - [MESSAGE][PASSED] - Object: 'Object Repository/PharmacyRequest/Page_KDMC-Pharmacy/button_Add' is clicked on

2018-05-15 17:23:09 - [TEST_STEP][PASSED] - selectOptionByIndex: All options with index in [9] are selected on object 'Object Repository/PharmacyRequest/Page_KDMC-Pharmacy/select_--Select--Schedule 1Inj'

2018-05-15 17:23:10 - [MESSAGE][PASSED] - All options with index in [9] are selected on object 'Object Repository/PharmacyRequest/Page_KDMC-Pharmacy/select_--Select--Schedule 1Inj'

2018-05-15 17:23:10 - [TEST_STEP][PASSED] - selectOptionByIndex: All options with index in [34] are selected on object 'Object Repository/PharmacyRequest/Page_KDMC-Pharmacy/select_--Select--Albendazole'

2018-05-15 17:23:10 - [MESSAGE][PASSED] - All options with index in [34] are selected on object 'Object Repository/PharmacyRequest/Page_KDMC-Pharmacy/select_--Select--Albendazole'

2018-05-15 17:23:10 - [TEST_STEP][PASSED] - setText: Text '10' is set on object 'Object Repository/PharmacyRequest/Page_KDMC-Pharmacy/input_txttreat'

2018-05-15 17:23:10 - [MESSAGE][PASSED] - Text '10' is set on object 'Object Repository/PharmacyRequest/Page_KDMC-Pharmacy/input_txttreat'

2018-05-15 17:23:10 - [TEST_STEP][PASSED] - click: Object: 'Object Repository/PharmacyRequest/Page_KDMC-Pharmacy/button_Add' is clicked on

2018-05-15 17:23:10 - [MESSAGE][PASSED] - Object: 'Object Repository/PharmacyRequest/Page_KDMC-Pharmacy/button_Add' is clicked on

2018-05-15 17:23:10 - [TEST_STEP][PASSED] - selectOptionByIndex: All options with index in [9] are selected on object 'Object Repository/PharmacyRequest/Page_KDMC-Pharmacy/select_--Select--Schedule 1Inj'

2018-05-15 17:23:10 - [MESSAGE][PASSED] - All options with index in [9] are selected on object 'Object Repository/PharmacyRequest/Page_KDMC-Pharmacy/select_--Select--Schedule 1Inj'

2018-05-15 17:23:10 - [TEST_STEP][PASSED] - selectOptionByIndex: All options with index in [35] are selected on object 'Object Repository/PharmacyRequest/Page_KDMC-Pharmacy/select_--Select--Albendazole'

2018-05-15 17:23:11 - [MESSAGE][PASSED] - All options with index in [35] are selected on object 'Object Repository/PharmacyRequest/Page_KDMC-Pharmacy/select_--Select--Albendazole'

2018-05-15 17:23:11 - [TEST_STEP][PASSED] - setText: Text '10' is set on object 'Object Repository/PharmacyRequest/Page_KDMC-Pharmacy/input_txttreat'

2018-05-15 17:23:11 - [MESSAGE][PASSED] - Text '10' is set on object 'Object Repository/PharmacyRequest/Page_KDMC-Pharmacy/input_txttreat'

2018-05-15 17:23:11 - [TEST_STEP][PASSED] - click: Object: 'Object Repository/PharmacyRequest/Page_KDMC-Pharmacy/button_Add' is clicked on

2018-05-15 17:23:11 - [MESSAGE][PASSED] - Object: 'Object Repository/PharmacyRequest/Page_KDMC-Pharmacy/button_Add' is clicked on

2018-05-15 17:23:11 - [TEST_STEP][PASSED] - Statement - RN1 = com.kms.katalon.core.webui.keyword.WebUiBuiltInKeywords.getAttribute(com.kms.katalon.core.testobject.ObjectRepository.findTestObject(PharmacyRequest/Page_KDMC-Pharmacy/input_txtno), "value"): Attribute 'value' of object 'Object Repository/PharmacyRequest/Page_KDMC-Pharmacy/input_txtno' is: 'PRNO/15052018/127'

2018-05-15 17:23:11 - [MESSAGE][PASSED] - Attribute 'value' of object 'Object Repository/PharmacyRequest/Page_KDMC-Pharmacy/input_txtno' is: 'PRNO/15052018/127'

2018-05-15 17:23:11 - [TEST_STEP][PASSED] - Statement - out.println(RN1): null

2018-05-15 17:23:11 - [TEST_STEP][PASSED] - Statement - RID = RN1.split("/")[2]: null

2018-05-15 17:23:11 - [TEST_STEP][PASSED] - scrollToElement: Scroll to object 'Object Repository/PharmacyRequest/Page_KDMC-Pharmacy/input_btnsave' successfully

2018-05-15 17:23:11 - [MESSAGE][PASSED] - Scroll to object 'Object Repository/PharmacyRequest/Page_KDMC-Pharmacy/input_btnsave' successfully

2018-05-15 17:23:11 - [TEST_STEP][PASSED] - click: Object: 'Object Repository/PharmacyRequest/Page_KDMC-Pharmacy/input_btnsave' is clicked on

2018-05-15 17:23:11 - [MESSAGE][PASSED] - Object: 'Object Repository/PharmacyRequest/Page_KDMC-Pharmacy/input_btnsave' is clicked on

2018-05-15 17:23:11 - [TEST_STEP][PASSED] - delay: Delayed 3 second(s)

2018-05-15 17:23:14 - [MESSAGE][PASSED] - Delayed 3 second(s)

2018-05-15 17:23:14 - [TEST_STEP][PASSED] - click: Object: 'Object Repository/PharmacyRequest/Page_KDMC-Pharmacy/button_OK' is clicked on

2018-05-15 17:23:15 - [MESSAGE][PASSED] - Object: 'Object Repository/PharmacyRequest/Page_KDMC-Pharmacy/button_OK' is clicked on

2018-05-15 17:23:15 - [TEST_STEP][PASSED] - delay: Delayed 3 second(s)

2018-05-15 17:23:18 - [MESSAGE][PASSED] - Delayed 3 second(s)

2018-05-15 17:23:18 - [TEST_STEP][PASSED] - click: Object: 'Object Repository/PharmacyRequest/Page_KDMC-Pharmacy/a_Back to Pharmacy' is clicked on

2018-05-15 17:23:19 - [MESSAGE][PASSED] - Object: 'Object Repository/PharmacyRequest/Page_KDMC-Pharmacy/a_Back to Pharmacy' is clicked on

2018-05-15 17:23:19 - [TEST_STEP][PASSED] - delay: Delayed 3 second(s)

2018-05-15 17:23:22 - [MESSAGE][PASSED] - Delayed 3 second(s)

2018-05-15 17:23:22 - [TEST_STEP][PASSED] - click: Object: 'Object Repository/PharmacyRequest/Page_KDMC - Pharmacy/a_dropdown-toggle' is clicked on

2018-05-15 17:23:22 - [MESSAGE][PASSED] - Object: 'Object Repository/PharmacyRequest/Page_KDMC - Pharmacy/a_dropdown-toggle' is clicked on

2018-05-15 17:23:22 - [TEST_STEP][PASSED] - click: Object: 'Object Repository/PharmacyRequest/Page_KDMC - Pharmacy/a_Sign out' is clicked on

2018-05-15 17:23:22 - [MESSAGE][PASSED] - Object: 'Object Repository/PharmacyRequest/Page_KDMC - Pharmacy/a_Sign out' is clicked on

2018-05-15 17:23:22 - [TEST_STEP][PASSED] - delay: Delayed 3 second(s)

2018-05-15 17:23:25 - [MESSAGE][PASSED] - Delayed 3 second(s)

2018-05-15 17:23:25 - [TEST_STEP][PASSED] - click: Object: 'Object Repository/PharmacyRequest/Page_KDMC/a_CMO' is clicked on

2018-05-15 17:23:26 - [MESSAGE][PASSED] - Object: 'Object Repository/PharmacyRequest/Page_KDMC/a_CMO' is clicked on

2018-05-15 17:23:26 - [TEST_STEP][PASSED] - setText: Text 'guru' is set on object 'Object Repository/PharmacyRequest/Page_CMO login/input_txtusername'

2018-05-15 17:23:26 - [MESSAGE][PASSED] - Text 'guru' is set on object 'Object Repository/PharmacyRequest/Page_CMO login/input_txtusername'

2018-05-15 17:23:26 - [TEST_STEP][PASSED] - setText: Text '123' is set on object 'Object Repository/PharmacyRequest/Page_CMO login/input_txtpassword'

2018-05-15 17:23:26 - [MESSAGE][PASSED] - Text '123' is set on object 'Object Repository/PharmacyRequest/Page_CMO login/input_txtpassword'

2018-05-15 17:23:26 - [TEST_STEP][PASSED] - delay: Delayed 3 second(s)

2018-05-15 17:23:29 - [MESSAGE][PASSED] - Delayed 3 second(s)

2018-05-15 17:23:29 - [TEST_STEP][PASSED] - click: Object: 'Object Repository/PharmacyRequest/Page_CMO login/button_Sign in' is clicked on

2018-05-15 17:23:30 - [MESSAGE][PASSED] - Object: 'Object Repository/PharmacyRequest/Page_CMO login/button_Sign in' is clicked on

2018-05-15 17:23:30 - [TEST_STEP][PASSED] - click: Object: 'Object Repository/PharmacyRequest/Page_KDMC - CMO/a_Department Wise Request' is clicked on

2018-05-15 17:23:31 - [MESSAGE][PASSED] - Object: 'Object Repository/PharmacyRequest/Page_KDMC - CMO/a_Department Wise Request' is clicked on

2018-05-15 17:23:31 - [TEST_STEP][PASSED] - selectOptionByIndex: All options with index in [2] are selected on object 'Object Repository/PharmacyRequest/Page_KDMC - CMO/select_--ALL--'

2018-05-15 17:23:31 - [MESSAGE][PASSED] - All options with index in [2] are selected on object 'Object Repository/PharmacyRequest/Page_KDMC - CMO/select_--ALL--'

2018-05-15 17:23:31 - [TEST_STEP][PASSED] - selectOptionByIndex: All options with index in [1] are selected on object 'Object Repository/PharmacyRequest/Page_KDMC - CMO/select_--ALL--                _1'

2018-05-15 17:23:32 - [MESSAGE][PASSED] - All options with index in [1] are selected on object 'Object Repository/PharmacyRequest/Page_KDMC - CMO/select_--ALL--                _1'

2018-05-15 17:23:32 - [TEST_STEP][PASSED] - click: Object: 'Object Repository/PharmacyRequest/Page_KDMC - CMO/input_btnsearch' is clicked on

2018-05-15 17:23:32 - [MESSAGE][PASSED] - Object: 'Object Repository/PharmacyRequest/Page_KDMC - CMO/input_btnsearch' is clicked on

2018-05-15 17:23:32 - [TEST_STEP][PASSED] - Statement - ID = com.kms.katalon.core.webui.keyword.WebUiBuiltInKeywords.modifyObjectProperty(com.kms.katalon.core.testobject.ObjectRepository.findTestObject(PharmacyRequest/Page_KDMC - CMO/input_2), "xpath", "equals", "//*[@id=" + RID + "]", true): Modify property of object successfully

2018-05-15 17:23:32 - [MESSAGE][PASSED] - Modify property of object successfully

2018-05-15 17:23:32 - [TEST_STEP][PASSED] - click: Object: 'Object Repository/PharmacyRequest/Page_KDMC - CMO/input_2' is clicked on

2018-05-15 17:23:32 - [MESSAGE][PASSED] - Object: 'Object Repository/PharmacyRequest/Page_KDMC - CMO/input_2' is clicked on

2018-05-15 17:23:32 - [TEST_STEP][PASSED] - delay: Delayed 3 second(s)

2018-05-15 17:23:35 - [MESSAGE][PASSED] - Delayed 3 second(s)

2018-05-15 17:23:35 - [TEST_STEP][PASSED] - selectOptionByIndex: All options with index in [1] are selected on object 'Object Repository/PharmacyRequest/Page_KDMC - CMO/select_--Select--'

2018-05-15 17:23:35 - [MESSAGE][PASSED] - All options with index in [1] are selected on object 'Object Repository/PharmacyRequest/Page_KDMC - CMO/select_--Select--'

2018-05-15 17:23:35 - [TEST_STEP][PASSED] - click: Object: 'Object Repository/PharmacyRequest/Page_KDMC - CMO/input_btnupdate' is clicked on

2018-05-15 17:23:36 - [MESSAGE][PASSED] - Object: 'Object Repository/PharmacyRequest/Page_KDMC - CMO/input_btnupdate' is clicked on

2018-05-15 17:23:36 - [TEST_STEP][PASSED] - delay: Delayed 3 second(s)

2018-05-15 17:23:39 - [MESSAGE][PASSED] - Delayed 3 second(s)

2018-05-15 17:23:39 - [TEST_STEP][PASSED] - click: Object: 'Object Repository/PharmacyRequest/Page_KDMC - CMO/button_OK' is clicked on

2018-05-15 17:23:40 - [MESSAGE][PASSED] - Object: 'Object Repository/PharmacyRequest/Page_KDMC - CMO/button_OK' is clicked on

2018-05-15 17:23:40 - [TEST_STEP][PASSED] - delay: Delayed 3 second(s)

2018-05-15 17:23:43 - [MESSAGE][PASSED] - Delayed 3 second(s)

2018-05-15 17:23:43 - [TEST_STEP][PASSED] - click: Object: 'Object Repository/PharmacyRequest/Page_KDMC - CMO/a_dropdown-toggle' is clicked on

2018-05-15 17:23:43 - [MESSAGE][PASSED] - Object: 'Object Repository/PharmacyRequest/Page_KDMC - CMO/a_dropdown-toggle' is clicked on

2018-05-15 17:23:43 - [TEST_STEP][PASSED] - click: Object: 'Object Repository/PharmacyRequest/Page_KDMC - CMO/a_Sign out' is clicked on

2018-05-15 17:23:43 - [MESSAGE][PASSED] - Object: 'Object Repository/PharmacyRequest/Page_KDMC - CMO/a_Sign out' is clicked on

2018-05-15 17:23:43 - [TEST_STEP][PASSED] - delay: Delayed 3 second(s)

2018-05-15 17:23:46 - [MESSAGE][PASSED] - Delayed 3 second(s)

2018-05-15 17:23:46 - [TEST_STEP][PASSED] - click: Object: 'Object Repository/PharmacyRequest/Page_KDMC/a_Divisional Store' is clicked on

2018-05-15 17:23:47 - [MESSAGE][PASSED] - Object: 'Object Repository/PharmacyRequest/Page_KDMC/a_Divisional Store' is clicked on

2018-05-15 17:23:47 - [TEST_STEP][PASSED] - setText: Text 'ragu' is set on object 'Object Repository/PharmacyRequest/Page_Divisonal Store Login/input_txtusername'

2018-05-15 17:23:47 - [MESSAGE][PASSED] - Text 'ragu' is set on object 'Object Repository/PharmacyRequest/Page_Divisonal Store Login/input_txtusername'

2018-05-15 17:23:47 - [TEST_STEP][PASSED] - setText: Text '123' is set on object 'Object Repository/PharmacyRequest/Page_Divisonal Store Login/input_txtpassword'

2018-05-15 17:23:47 - [MESSAGE][PASSED] - Text '123' is set on object 'Object Repository/PharmacyRequest/Page_Divisonal Store Login/input_txtpassword'

2018-05-15 17:23:47 - [TEST_STEP][PASSED] - delay: Delayed 3 second(s)

2018-05-15 17:23:50 - [MESSAGE][PASSED] - Delayed 3 second(s)

2018-05-15 17:23:50 - [TEST_STEP][PASSED] - click: Object: 'Object Repository/PharmacyRequest/Page_Divisonal Store Login/button_Sign in' is clicked on

2018-05-15 17:23:51 - [MESSAGE][PASSED] - Object: 'Object Repository/PharmacyRequest/Page_Divisonal Store Login/button_Sign in' is clicked on

2018-05-15 17:23:51 - [TEST_STEP][PASSED] - delay: Delayed 3 second(s)

2018-05-15 17:23:54 - [MESSAGE][PASSED] - Delayed 3 second(s)

2018-05-15 17:23:54 - [TEST_STEP][PASSED] - click: Object: 'Object Repository/PharmacyRequest/Page_Store/a_Pharmacy Request' is clicked on

2018-05-15 17:23:54 - [MESSAGE][PASSED] - Object: 'Object Repository/PharmacyRequest/Page_Store/a_Pharmacy Request' is clicked on

2018-05-15 17:23:54 - [TEST_STEP][PASSED] - click: Object: 'Object Repository/PharmacyRequest/Page_Store/a_Request Item Pharmacy' is clicked on

2018-05-15 17:23:55 - [MESSAGE][PASSED] - Object: 'Object Repository/PharmacyRequest/Page_Store/a_Request Item Pharmacy' is clicked on

2018-05-15 17:23:55 - [TEST_STEP][PASSED] - delay: Delayed 2 second(s)

2018-05-15 17:23:57 - [MESSAGE][PASSED] - Delayed 2 second(s)

2018-05-15 17:23:57 - [TEST_STEP][PASSED] - setText: Text 'PRNO/15052018/127' is set on object 'Object Repository/PharmacyRequest/Page_Store/input'

2018-05-15 17:23:57 - [MESSAGE][PASSED] - Text 'PRNO/15052018/127' is set on object 'Object Repository/PharmacyRequest/Page_Store/input'

2018-05-15 17:23:57 - [TEST_STEP][PASSED] - delay: Delayed 2 second(s)

2018-05-15 17:23:59 - [MESSAGE][PASSED] - Delayed 2 second(s)

2018-05-15 17:23:59 - [TEST_STEP][PASSED] - Statement - ChooseRequest = com.kms.katalon.core.webui.keyword.WebUiBuiltInKeywords.modifyObjectProperty(com.kms.katalon.core.testobject.ObjectRepository.findTestObject(PharmacyRequest/Page_Store/input_2), "xpath", "equals", "//*[@id=" + RID + "]", true): Modify property of object successfully

2018-05-15 17:23:59 - [MESSAGE][PASSED] - Modify property of object successfully

2018-05-15 17:23:59 - [TEST_STEP][PASSED] - click: Object: 'Object Repository/PharmacyRequest/Page_Store/input_2' is clicked on

2018-05-15 17:24:00 - [MESSAGE][PASSED] - Object: 'Object Repository/PharmacyRequest/Page_Store/input_2' is clicked on

2018-05-15 17:24:00 - [TEST_STEP][PASSED] - delay: Delayed 2 second(s)

2018-05-15 17:24:02 - [MESSAGE][PASSED] - Delayed 2 second(s)

2018-05-15 17:24:02 - [TEST_STEP][PASSED] - Statement - selectedoptions = com.kms.katalon.core.webui.keyword.WebUiBuiltInKeywords.getNumberOfTotalOption(com.kms.katalon.core.testobject.ObjectRepository.findTestObject(PharmacyRequest/Page_Store/select_--Select--Amlodepin -5)): 36 options of object 'Object Repository/PharmacyRequest/Page_Store/select_--Select--Amlodepin -5' counted

2018-05-15 17:24:02 - [MESSAGE][PASSED] - 36 options of object 'Object Repository/PharmacyRequest/Page_Store/select_--Select--Amlodepin -5' counted

2018-05-15 17:24:02 - [TEST_STEP][FAILED] - Statement - For ([a = 1, a <= selectedoptions - 1, (a++)]): Unable to get attribute 'value' of object 'Object Repository/PharmacyRequest/Page_Store/input_txttotal' (Root cause: org.openqa.selenium.UnhandledAlertException: unexpected alert open: {Alert text : function Error() { [native code] }}
  (Session info: chrome=66.0.3359.139)
  (Driver info: chromedriver=2.35.528161 (5b82f2d2aae0ca24b877009200ced9065a772e73),platform=Windows NT 10.0.17134 x86_64) (WARNING: The server did not provide any stacktrace information)
Command duration or timeout: 0 milliseconds: null
Build info: version: '3.7.1', revision: '8a0099a', time: '2017-11-06T21:07:36.161Z'
System info: host: 'DESKTOP-BLFTK83', ip: '192.168.71.2', os.name: 'Windows 10', os.arch: 'amd64', os.version: '10.0', java.version: '1.8.0_102'
Driver info: com.kms.katalon.selenium.driver.CChromeDriver
Capabilities {acceptInsecureCerts: false, acceptSslCerts: false, applicationCacheEnabled: false, browserConnectionEnabled: false, browserName: chrome, chrome: {chromedriverVersion: 2.35.528161 (5b82f2d2aae0ca..., userDataDir: C:\Users\QUALIT~1\AppData\L...}, cssSelectorsEnabled: true, databaseEnabled: false, handlesAlerts: true, hasTouchScreen: false, javascriptEnabled: true, locationContextEnabled: true, mobileEmulationEnabled: false, nativeEvents: true, networkConnectionEnabled: false, pageLoadStrategy: normal, platform: XP, platformName: XP, rotatable: false, setWindowRect: true, takesHeapSnapshot: true, takesScreenshot: true, unexpectedAlertBehaviour: , unhandledPromptBehavior: , version: 66.0.3359.139, webStorageEnabled: true}
Session ID: e5060aa30d9be177407e6373585d63bc
*** Element info: {Using=xpath, value=id("txttotal")[count(. | //input[@type = 'text' and @id = 'txttotal' and @name = 'txttotal' and @placeholder = 'Req.Qty' and @readonly = 'readonly']) = count(//input[@type = 'text' and @id = 'txttotal' and @name = 'txttotal' and @placeholder = 'Req.Qty' and @readonly = 'readonly'])]})

2018-05-15 17:24:02 - [TEST_STEP][PASSED] - selectOptionByIndex: All options with index in [1] are selected on object 'Object Repository/PharmacyRequest/Page_Store/select_--Select--Amlodepin -5'

2018-05-15 17:24:02 - [MESSAGE][PASSED] - All options with index in [1] are selected on object 'Object Repository/PharmacyRequest/Page_Store/select_--Select--Amlodepin -5'

2018-05-15 17:24:02 - [TEST_STEP][PASSED] - delay: Delayed 1 second(s)

2018-05-15 17:24:03 - [MESSAGE][PASSED] - Delayed 1 second(s)

2018-05-15 17:24:03 - [TEST_STEP][PASSED] - Statement - RequestedQty = com.kms.katalon.core.webui.keyword.WebUiBuiltInKeywords.getAttribute(com.kms.katalon.core.testobject.ObjectRepository.findTestObject(PharmacyRequest/Page_Store/input_txttotal), "value"): Attribute 'value' of object 'Object Repository/PharmacyRequest/Page_Store/input_txttotal' is: '10'

2018-05-15 17:24:03 - [MESSAGE][PASSED] - Attribute 'value' of object 'Object Repository/PharmacyRequest/Page_Store/input_txttotal' is: '10'

2018-05-15 17:24:03 - [TEST_STEP][PASSED] - Statement - out.println("Requested QTY : " + RequestedQty): null

2018-05-15 17:24:03 - [TEST_STEP][PASSED] - Statement - BatchNumber = com.kms.katalon.core.webui.keyword.WebUiBuiltInKeywords.getNumberOfTotalOption(com.kms.katalon.core.testobject.ObjectRepository.findTestObject(PharmacyRequest/Page_Store/select_--Select--BA50)): 2 options of object 'Object Repository/PharmacyRequest/Page_Store/select_--Select--BA50' counted

2018-05-15 17:24:03 - [MESSAGE][PASSED] - 2 options of object 'Object Repository/PharmacyRequest/Page_Store/select_--Select--BA50' counted

2018-05-15 17:24:03 - [TEST_STEP][PASSED] - Statement - For ([g = 1, g <= BatchNumber - 1, (g++)]): null

2018-05-15 17:24:03 - [TEST_STEP][PASSED] - selectOptionByIndex: All options with index in [1] are selected on object 'Object Repository/PharmacyRequest/Page_Store/select_--Select--BA50'

2018-05-15 17:24:03 - [MESSAGE][PASSED] - All options with index in [1] are selected on object 'Object Repository/PharmacyRequest/Page_Store/select_--Select--BA50'

2018-05-15 17:24:03 - [TEST_STEP][PASSED] - delay: Delayed 1 second(s)

2018-05-15 17:24:04 - [MESSAGE][PASSED] - Delayed 1 second(s)

2018-05-15 17:24:04 - [TEST_STEP][PASSED] - Statement - StockQty = com.kms.katalon.core.webui.keyword.WebUiBuiltInKeywords.getAttribute(com.kms.katalon.core.testobject.ObjectRepository.findTestObject(PharmacyRequest/Page_Store/input_txtprice), "value"): Attribute 'value' of object 'Object Repository/PharmacyRequest/Page_Store/input_txtprice' is: '1100'

2018-05-15 17:24:04 - [MESSAGE][PASSED] - Attribute 'value' of object 'Object Repository/PharmacyRequest/Page_Store/input_txtprice' is: '1100'

2018-05-15 17:24:04 - [TEST_STEP][PASSED] - Statement - out.println("Stock QTY : " + StockQty): null

2018-05-15 17:24:04 - [TEST_STEP][PASSED] - delay: Delayed 1 second(s)

2018-05-15 17:24:05 - [MESSAGE][PASSED] - Delayed 1 second(s)

2018-05-15 17:24:05 - [TEST_STEP][PASSED] - Statement - If (java.lang.Integer.valueOf(StockQty) >= java.lang.Integer.valueOf(RequestedQty)): null

2018-05-15 17:24:05 - [TEST_STEP][PASSED] - setText: Text '10' is set on object 'Object Repository/PharmacyRequest/Page_Store/input_txtqty'

2018-05-15 17:24:05 - [MESSAGE][PASSED] - Text '10' is set on object 'Object Repository/PharmacyRequest/Page_Store/input_txtqty'

2018-05-15 17:24:05 - [TEST_STEP][PASSED] - click: Object: 'Object Repository/PharmacyRequest/Page_Store/button_Add' is clicked on

2018-05-15 17:24:05 - [MESSAGE][PASSED] - Object: 'Object Repository/PharmacyRequest/Page_Store/button_Add' is clicked on

2018-05-15 17:24:05 - [TEST_STEP][PASSED] - Statement - Break: null

2018-05-15 17:24:05 - [TEST_STEP][PASSED] - selectOptionByIndex: All options with index in [2] are selected on object 'Object Repository/PharmacyRequest/Page_Store/select_--Select--Amlodepin -5'

2018-05-15 17:24:05 - [MESSAGE][PASSED] - All options with index in [2] are selected on object 'Object Repository/PharmacyRequest/Page_Store/select_--Select--Amlodepin -5'

2018-05-15 17:24:05 - [TEST_STEP][PASSED] - delay: Delayed 1 second(s)

2018-05-15 17:24:06 - [MESSAGE][PASSED] - Delayed 1 second(s)

2018-05-15 17:24:06 - [TEST_STEP][PASSED] - Statement - RequestedQty = com.kms.katalon.core.webui.keyword.WebUiBuiltInKeywords.getAttribute(com.kms.katalon.core.testobject.ObjectRepository.findTestObject(PharmacyRequest/Page_Store/input_txttotal), "value"): Attribute 'value' of object 'Object Repository/PharmacyRequest/Page_Store/input_txttotal' is: '10'

2018-05-15 17:24:06 - [MESSAGE][PASSED] - Attribute 'value' of object 'Object Repository/PharmacyRequest/Page_Store/input_txttotal' is: '10'

2018-05-15 17:24:06 - [TEST_STEP][PASSED] - Statement - out.println("Requested QTY : " + RequestedQty): null

2018-05-15 17:24:06 - [TEST_STEP][PASSED] - Statement - BatchNumber = com.kms.katalon.core.webui.keyword.WebUiBuiltInKeywords.getNumberOfTotalOption(com.kms.katalon.core.testobject.ObjectRepository.findTestObject(PharmacyRequest/Page_Store/select_--Select--BA50)): 2 options of object 'Object Repository/PharmacyRequest/Page_Store/select_--Select--BA50' counted

2018-05-15 17:24:07 - [MESSAGE][PASSED] - 2 options of object 'Object Repository/PharmacyRequest/Page_Store/select_--Select--BA50' counted

2018-05-15 17:24:07 - [TEST_STEP][PASSED] - Statement - For ([g = 1, g <= BatchNumber - 1, (g++)]): null

2018-05-15 17:24:07 - [TEST_STEP][PASSED] - selectOptionByIndex: All options with index in [1] are selected on object 'Object Repository/PharmacyRequest/Page_Store/select_--Select--BA50'

2018-05-15 17:24:07 - [MESSAGE][PASSED] - All options with index in [1] are selected on object 'Object Repository/PharmacyRequest/Page_Store/select_--Select--BA50'

2018-05-15 17:24:07 - [TEST_STEP][PASSED] - delay: Delayed 1 second(s)

2018-05-15 17:24:08 - [MESSAGE][PASSED] - Delayed 1 second(s)

2018-05-15 17:24:08 - [TEST_STEP][PASSED] - Statement - StockQty = com.kms.katalon.core.webui.keyword.WebUiBuiltInKeywords.getAttribute(com.kms.katalon.core.testobject.ObjectRepository.findTestObject(PharmacyRequest/Page_Store/input_txtprice), "value"): Attribute 'value' of object 'Object Repository/PharmacyRequest/Page_Store/input_txtprice' is: '1200'

2018-05-15 17:24:08 - [MESSAGE][PASSED] - Attribute 'value' of object 'Object Repository/PharmacyRequest/Page_Store/input_txtprice' is: '1200'

2018-05-15 17:24:08 - [TEST_STEP][PASSED] - Statement - out.println("Stock QTY : " + StockQty): null

2018-05-15 17:24:08 - [TEST_STEP][PASSED] - delay: Delayed 1 second(s)

2018-05-15 17:24:09 - [MESSAGE][PASSED] - Delayed 1 second(s)

2018-05-15 17:24:09 - [TEST_STEP][PASSED] - Statement - If (java.lang.Integer.valueOf(StockQty) >= java.lang.Integer.valueOf(RequestedQty)): null

2018-05-15 17:24:09 - [TEST_STEP][PASSED] - setText: Text '10' is set on object 'Object Repository/PharmacyRequest/Page_Store/input_txtqty'

2018-05-15 17:24:09 - [MESSAGE][PASSED] - Text '10' is set on object 'Object Repository/PharmacyRequest/Page_Store/input_txtqty'

2018-05-15 17:24:09 - [TEST_STEP][PASSED] - click: Object: 'Object Repository/PharmacyRequest/Page_Store/button_Add' is clicked on

2018-05-15 17:24:09 - [MESSAGE][PASSED] - Object: 'Object Repository/PharmacyRequest/Page_Store/button_Add' is clicked on

2018-05-15 17:24:09 - [TEST_STEP][PASSED] - Statement - Break: null

2018-05-15 17:24:09 - [TEST_STEP][PASSED] - selectOptionByIndex: All options with index in [3] are selected on object 'Object Repository/PharmacyRequest/Page_Store/select_--Select--Amlodepin -5'

2018-05-15 17:24:09 - [MESSAGE][PASSED] - All options with index in [3] are selected on object 'Object Repository/PharmacyRequest/Page_Store/select_--Select--Amlodepin -5'

2018-05-15 17:24:09 - [TEST_STEP][PASSED] - delay: Delayed 1 second(s)

2018-05-15 17:24:10 - [MESSAGE][PASSED] - Delayed 1 second(s)

2018-05-15 17:24:10 - [TEST_STEP][PASSED] - Statement - RequestedQty = com.kms.katalon.core.webui.keyword.WebUiBuiltInKeywords.getAttribute(com.kms.katalon.core.testobject.ObjectRepository.findTestObject(PharmacyRequest/Page_Store/input_txttotal), "value"): Attribute 'value' of object 'Object Repository/PharmacyRequest/Page_Store/input_txttotal' is: '10'

2018-05-15 17:24:10 - [MESSAGE][PASSED] - Attribute 'value' of object 'Object Repository/PharmacyRequest/Page_Store/input_txttotal' is: '10'

2018-05-15 17:24:10 - [TEST_STEP][PASSED] - Statement - out.println("Requested QTY : " + RequestedQty): null

2018-05-15 17:24:10 - [TEST_STEP][PASSED] - Statement - BatchNumber = com.kms.katalon.core.webui.keyword.WebUiBuiltInKeywords.getNumberOfTotalOption(com.kms.katalon.core.testobject.ObjectRepository.findTestObject(PharmacyRequest/Page_Store/select_--Select--BA50)): 2 options of object 'Object Repository/PharmacyRequest/Page_Store/select_--Select--BA50' counted

2018-05-15 17:24:10 - [MESSAGE][PASSED] - 2 options of object 'Object Repository/PharmacyRequest/Page_Store/select_--Select--BA50' counted

2018-05-15 17:24:10 - [TEST_STEP][PASSED] - Statement - For ([g = 1, g <= BatchNumber - 1, (g++)]): null

2018-05-15 17:24:10 - [TEST_STEP][PASSED] - selectOptionByIndex: All options with index in [1] are selected on object 'Object Repository/PharmacyRequest/Page_Store/select_--Select--BA50'

2018-05-15 17:24:10 - [MESSAGE][PASSED] - All options with index in [1] are selected on object 'Object Repository/PharmacyRequest/Page_Store/select_--Select--BA50'

2018-05-15 17:24:10 - [TEST_STEP][PASSED] - delay: Delayed 1 second(s)

2018-05-15 17:24:11 - [MESSAGE][PASSED] - Delayed 1 second(s)

2018-05-15 17:24:11 - [TEST_STEP][PASSED] - Statement - StockQty = com.kms.katalon.core.webui.keyword.WebUiBuiltInKeywords.getAttribute(com.kms.katalon.core.testobject.ObjectRepository.findTestObject(PharmacyRequest/Page_Store/input_txtprice), "value"): Attribute 'value' of object 'Object Repository/PharmacyRequest/Page_Store/input_txtprice' is: '1200'

2018-05-15 17:24:11 - [MESSAGE][PASSED] - Attribute 'value' of object 'Object Repository/PharmacyRequest/Page_Store/input_txtprice' is: '1200'

2018-05-15 17:24:11 - [TEST_STEP][PASSED] - Statement - out.println("Stock QTY : " + StockQty): null

2018-05-15 17:24:11 - [TEST_STEP][PASSED] - delay: Delayed 1 second(s)

2018-05-15 17:24:12 - [MESSAGE][PASSED] - Delayed 1 second(s)

2018-05-15 17:24:12 - [TEST_STEP][PASSED] - Statement - If (java.lang.Integer.valueOf(StockQty) >= java.lang.Integer.valueOf(RequestedQty)): null

2018-05-15 17:24:12 - [TEST_STEP][PASSED] - setText: Text '10' is set on object 'Object Repository/PharmacyRequest/Page_Store/input_txtqty'

2018-05-15 17:24:12 - [MESSAGE][PASSED] - Text '10' is set on object 'Object Repository/PharmacyRequest/Page_Store/input_txtqty'

2018-05-15 17:24:12 - [TEST_STEP][PASSED] - click: Object: 'Object Repository/PharmacyRequest/Page_Store/button_Add' is clicked on

2018-05-15 17:24:12 - [MESSAGE][PASSED] - Object: 'Object Repository/PharmacyRequest/Page_Store/button_Add' is clicked on

2018-05-15 17:24:12 - [TEST_STEP][PASSED] - Statement - Break: null

2018-05-15 17:24:12 - [TEST_STEP][PASSED] - selectOptionByIndex: All options with index in [4] are selected on object 'Object Repository/PharmacyRequest/Page_Store/select_--Select--Amlodepin -5'

2018-05-15 17:24:13 - [MESSAGE][PASSED] - All options with index in [4] are selected on object 'Object Repository/PharmacyRequest/Page_Store/select_--Select--Amlodepin -5'

2018-05-15 17:24:13 - [TEST_STEP][PASSED] - delay: Delayed 1 second(s)

2018-05-15 17:24:14 - [MESSAGE][PASSED] - Delayed 1 second(s)

2018-05-15 17:24:14 - [TEST_STEP][PASSED] - Statement - RequestedQty = com.kms.katalon.core.webui.keyword.WebUiBuiltInKeywords.getAttribute(com.kms.katalon.core.testobject.ObjectRepository.findTestObject(PharmacyRequest/Page_Store/input_txttotal), "value"): Attribute 'value' of object 'Object Repository/PharmacyRequest/Page_Store/input_txttotal' is: '10'

2018-05-15 17:24:14 - [MESSAGE][PASSED] - Attribute 'value' of object 'Object Repository/PharmacyRequest/Page_Store/input_txttotal' is: '10'

2018-05-15 17:24:14 - [TEST_STEP][PASSED] - Statement - out.println("Requested QTY : " + RequestedQty): null

2018-05-15 17:24:14 - [TEST_STEP][PASSED] - Statement - BatchNumber = com.kms.katalon.core.webui.keyword.WebUiBuiltInKeywords.getNumberOfTotalOption(com.kms.katalon.core.testobject.ObjectRepository.findTestObject(PharmacyRequest/Page_Store/select_--Select--BA50)): 2 options of object 'Object Repository/PharmacyRequest/Page_Store/select_--Select--BA50' counted

2018-05-15 17:24:14 - [MESSAGE][PASSED] - 2 options of object 'Object Repository/PharmacyRequest/Page_Store/select_--Select--BA50' counted

2018-05-15 17:24:14 - [TEST_STEP][PASSED] - Statement - For ([g = 1, g <= BatchNumber - 1, (g++)]): null

2018-05-15 17:24:14 - [TEST_STEP][PASSED] - selectOptionByIndex: All options with index in [1] are selected on object 'Object Repository/PharmacyRequest/Page_Store/select_--Select--BA50'

2018-05-15 17:24:14 - [MESSAGE][PASSED] - All options with index in [1] are selected on object 'Object Repository/PharmacyRequest/Page_Store/select_--Select--BA50'

2018-05-15 17:24:14 - [TEST_STEP][PASSED] - delay: Delayed 1 second(s)

2018-05-15 17:24:15 - [MESSAGE][PASSED] - Delayed 1 second(s)

2018-05-15 17:24:15 - [TEST_STEP][PASSED] - Statement - StockQty = com.kms.katalon.core.webui.keyword.WebUiBuiltInKeywords.getAttribute(com.kms.katalon.core.testobject.ObjectRepository.findTestObject(PharmacyRequest/Page_Store/input_txtprice), "value"): Attribute 'value' of object 'Object Repository/PharmacyRequest/Page_Store/input_txtprice' is: '1200'

2018-05-15 17:24:15 - [MESSAGE][PASSED] - Attribute 'value' of object 'Object Repository/PharmacyRequest/Page_Store/input_txtprice' is: '1200'

2018-05-15 17:24:15 - [TEST_STEP][PASSED] - Statement - out.println("Stock QTY : " + StockQty): null

2018-05-15 17:24:15 - [TEST_STEP][PASSED] - delay: Delayed 1 second(s)

2018-05-15 17:24:16 - [MESSAGE][PASSED] - Delayed 1 second(s)

2018-05-15 17:24:16 - [TEST_STEP][PASSED] - Statement - If (java.lang.Integer.valueOf(StockQty) >= java.lang.Integer.valueOf(RequestedQty)): null

2018-05-15 17:24:16 - [TEST_STEP][PASSED] - setText: Text '10' is set on object 'Object Repository/PharmacyRequest/Page_Store/input_txtqty'

2018-05-15 17:24:16 - [MESSAGE][PASSED] - Text '10' is set on object 'Object Repository/PharmacyRequest/Page_Store/input_txtqty'

2018-05-15 17:24:16 - [TEST_STEP][PASSED] - click: Object: 'Object Repository/PharmacyRequest/Page_Store/button_Add' is clicked on

2018-05-15 17:24:16 - [MESSAGE][PASSED] - Object: 'Object Repository/PharmacyRequest/Page_Store/button_Add' is clicked on

2018-05-15 17:24:16 - [TEST_STEP][PASSED] - Statement - Break: null

2018-05-15 17:24:16 - [TEST_STEP][PASSED] - selectOptionByIndex: All options with index in [5] are selected on object 'Object Repository/PharmacyRequest/Page_Store/select_--Select--Amlodepin -5'

2018-05-15 17:24:16 - [MESSAGE][PASSED] - All options with index in [5] are selected on object 'Object Repository/PharmacyRequest/Page_Store/select_--Select--Amlodepin -5'

2018-05-15 17:24:16 - [TEST_STEP][PASSED] - delay: Delayed 1 second(s)

2018-05-15 17:24:17 - [MESSAGE][PASSED] - Delayed 1 second(s)

2018-05-15 17:24:17 - [TEST_STEP][PASSED] - Statement - RequestedQty = com.kms.katalon.core.webui.keyword.WebUiBuiltInKeywords.getAttribute(com.kms.katalon.core.testobject.ObjectRepository.findTestObject(PharmacyRequest/Page_Store/input_txttotal), "value"): Attribute 'value' of object 'Object Repository/PharmacyRequest/Page_Store/input_txttotal' is: '10'

2018-05-15 17:24:17 - [MESSAGE][PASSED] - Attribute 'value' of object 'Object Repository/PharmacyRequest/Page_Store/input_txttotal' is: '10'

2018-05-15 17:24:17 - [TEST_STEP][PASSED] - Statement - out.println("Requested QTY : " + RequestedQty): null

2018-05-15 17:24:17 - [TEST_STEP][PASSED] - Statement - BatchNumber = com.kms.katalon.core.webui.keyword.WebUiBuiltInKeywords.getNumberOfTotalOption(com.kms.katalon.core.testobject.ObjectRepository.findTestObject(PharmacyRequest/Page_Store/select_--Select--BA50)): 0 options of object 'Object Repository/PharmacyRequest/Page_Store/select_--Select--BA50' counted

2018-05-15 17:24:17 - [MESSAGE][PASSED] - 0 options of object 'Object Repository/PharmacyRequest/Page_Store/select_--Select--BA50' counted

2018-05-15 17:24:17 - [TEST_STEP][PASSED] - Statement - For ([g = 1, g <= BatchNumber - 1, (g++)]): null

2018-05-15 17:24:17 - [TEST_STEP][PASSED] - selectOptionByIndex: All options with index in [6] are selected on object 'Object Repository/PharmacyRequest/Page_Store/select_--Select--Amlodepin -5'

2018-05-15 17:24:17 - [MESSAGE][PASSED] - All options with index in [6] are selected on object 'Object Repository/PharmacyRequest/Page_Store/select_--Select--Amlodepin -5'

2018-05-15 17:24:17 - [TEST_STEP][PASSED] - delay: Delayed 1 second(s)

2018-05-15 17:24:18 - [MESSAGE][PASSED] - Delayed 1 second(s)

2018-05-15 17:24:18 - [TEST_STEP][PASSED] - Statement - RequestedQty = com.kms.katalon.core.webui.keyword.WebUiBuiltInKeywords.getAttribute(com.kms.katalon.core.testobject.ObjectRepository.findTestObject(PharmacyRequest/Page_Store/input_txttotal), "value"): Attribute 'value' of object 'Object Repository/PharmacyRequest/Page_Store/input_txttotal' is: '10'

2018-05-15 17:24:18 - [MESSAGE][PASSED] - Attribute 'value' of object 'Object Repository/PharmacyRequest/Page_Store/input_txttotal' is: '10'

2018-05-15 17:24:18 - [TEST_STEP][PASSED] - Statement - out.println("Requested QTY : " + RequestedQty): null

2018-05-15 17:24:18 - [TEST_STEP][PASSED] - Statement - BatchNumber = com.kms.katalon.core.webui.keyword.WebUiBuiltInKeywords.getNumberOfTotalOption(com.kms.katalon.core.testobject.ObjectRepository.findTestObject(PharmacyRequest/Page_Store/select_--Select--BA50)): 0 options of object 'Object Repository/PharmacyRequest/Page_Store/select_--Select--BA50' counted

2018-05-15 17:24:19 - [MESSAGE][PASSED] - 0 options of object 'Object Repository/PharmacyRequest/Page_Store/select_--Select--BA50' counted

2018-05-15 17:24:19 - [TEST_STEP][PASSED] - Statement - For ([g = 1, g <= BatchNumber - 1, (g++)]): null

2018-05-15 17:24:19 - [TEST_STEP][PASSED] - selectOptionByIndex: All options with index in [7] are selected on object 'Object Repository/PharmacyRequest/Page_Store/select_--Select--Amlodepin -5'

2018-05-15 17:24:19 - [MESSAGE][PASSED] - All options with index in [7] are selected on object 'Object Repository/PharmacyRequest/Page_Store/select_--Select--Amlodepin -5'

2018-05-15 17:24:19 - [TEST_STEP][PASSED] - delay: Delayed 1 second(s)

2018-05-15 17:24:20 - [MESSAGE][PASSED] - Delayed 1 second(s)

2018-05-15 17:24:20 - [TEST_STEP][PASSED] - Statement - RequestedQty = com.kms.katalon.core.webui.keyword.WebUiBuiltInKeywords.getAttribute(com.kms.katalon.core.testobject.ObjectRepository.findTestObject(PharmacyRequest/Page_Store/input_txttotal), "value"): Attribute 'value' of object 'Object Repository/PharmacyRequest/Page_Store/input_txttotal' is: '10'

2018-05-15 17:24:20 - [MESSAGE][PASSED] - Attribute 'value' of object 'Object Repository/PharmacyRequest/Page_Store/input_txttotal' is: '10'

2018-05-15 17:24:20 - [TEST_STEP][PASSED] - Statement - out.println("Requested QTY : " + RequestedQty): null

2018-05-15 17:24:20 - [TEST_STEP][PASSED] - Statement - BatchNumber = com.kms.katalon.core.webui.keyword.WebUiBuiltInKeywords.getNumberOfTotalOption(com.kms.katalon.core.testobject.ObjectRepository.findTestObject(PharmacyRequest/Page_Store/select_--Select--BA50)): 0 options of object 'Object Repository/PharmacyRequest/Page_Store/select_--Select--BA50' counted

2018-05-15 17:24:20 - [MESSAGE][PASSED] - 0 options of object 'Object Repository/PharmacyRequest/Page_Store/select_--Select--BA50' counted

2018-05-15 17:24:20 - [TEST_STEP][PASSED] - Statement - For ([g = 1, g <= BatchNumber - 1, (g++)]): null

2018-05-15 17:24:20 - [TEST_STEP][PASSED] - selectOptionByIndex: All options with index in [8] are selected on object 'Object Repository/PharmacyRequest/Page_Store/select_--Select--Amlodepin -5'

2018-05-15 17:24:20 - [MESSAGE][PASSED] - All options with index in [8] are selected on object 'Object Repository/PharmacyRequest/Page_Store/select_--Select--Amlodepin -5'

2018-05-15 17:24:20 - [TEST_STEP][PASSED] - delay: Delayed 1 second(s)

2018-05-15 17:24:21 - [MESSAGE][PASSED] - Delayed 1 second(s)

2018-05-15 17:24:21 - [TEST_STEP][PASSED] - Statement - RequestedQty = com.kms.katalon.core.webui.keyword.WebUiBuiltInKeywords.getAttribute(com.kms.katalon.core.testobject.ObjectRepository.findTestObject(PharmacyRequest/Page_Store/input_txttotal), "value"): Attribute 'value' of object 'Object Repository/PharmacyRequest/Page_Store/input_txttotal' is: '10'

2018-05-15 17:24:21 - [MESSAGE][PASSED] - Attribute 'value' of object 'Object Repository/PharmacyRequest/Page_Store/input_txttotal' is: '10'

2018-05-15 17:24:21 - [TEST_STEP][PASSED] - Statement - out.println("Requested QTY : " + RequestedQty): null

2018-05-15 17:24:21 - [TEST_STEP][PASSED] - Statement - BatchNumber = com.kms.katalon.core.webui.keyword.WebUiBuiltInKeywords.getNumberOfTotalOption(com.kms.katalon.core.testobject.ObjectRepository.findTestObject(PharmacyRequest/Page_Store/select_--Select--BA50)): 0 options of object 'Object Repository/PharmacyRequest/Page_Store/select_--Select--BA50' counted

2018-05-15 17:24:21 - [MESSAGE][PASSED] - 0 options of object 'Object Repository/PharmacyRequest/Page_Store/select_--Select--BA50' counted

2018-05-15 17:24:21 - [TEST_STEP][PASSED] - Statement - For ([g = 1, g <= BatchNumber - 1, (g++)]): null

2018-05-15 17:24:21 - [TEST_STEP][PASSED] - selectOptionByIndex: All options with index in [9] are selected on object 'Object Repository/PharmacyRequest/Page_Store/select_--Select--Amlodepin -5'

2018-05-15 17:24:21 - [MESSAGE][PASSED] - All options with index in [9] are selected on object 'Object Repository/PharmacyRequest/Page_Store/select_--Select--Amlodepin -5'

2018-05-15 17:24:21 - [TEST_STEP][PASSED] - delay: Delayed 1 second(s)

2018-05-15 17:24:22 - [MESSAGE][PASSED] - Delayed 1 second(s)

2018-05-15 17:24:22 - [TEST_STEP][PASSED] - Statement - RequestedQty = com.kms.katalon.core.webui.keyword.WebUiBuiltInKeywords.getAttribute(com.kms.katalon.core.testobject.ObjectRepository.findTestObject(PharmacyRequest/Page_Store/input_txttotal), "value"): Attribute 'value' of object 'Object Repository/PharmacyRequest/Page_Store/input_txttotal' is: '10'

2018-05-15 17:24:22 - [MESSAGE][PASSED] - Attribute 'value' of object 'Object Repository/PharmacyRequest/Page_Store/input_txttotal' is: '10'

2018-05-15 17:24:22 - [TEST_STEP][PASSED] - Statement - out.println("Requested QTY : " + RequestedQty): null

2018-05-15 17:24:22 - [TEST_STEP][PASSED] - Statement - BatchNumber = com.kms.katalon.core.webui.keyword.WebUiBuiltInKeywords.getNumberOfTotalOption(com.kms.katalon.core.testobject.ObjectRepository.findTestObject(PharmacyRequest/Page_Store/select_--Select--BA50)): 0 options of object 'Object Repository/PharmacyRequest/Page_Store/select_--Select--BA50' counted

2018-05-15 17:24:22 - [MESSAGE][PASSED] - 0 options of object 'Object Repository/PharmacyRequest/Page_Store/select_--Select--BA50' counted

2018-05-15 17:24:22 - [TEST_STEP][PASSED] - Statement - For ([g = 1, g <= BatchNumber - 1, (g++)]): null

2018-05-15 17:24:22 - [TEST_STEP][PASSED] - selectOptionByIndex: All options with index in [10] are selected on object 'Object Repository/PharmacyRequest/Page_Store/select_--Select--Amlodepin -5'

2018-05-15 17:24:23 - [MESSAGE][PASSED] - All options with index in [10] are selected on object 'Object Repository/PharmacyRequest/Page_Store/select_--Select--Amlodepin -5'

2018-05-15 17:24:23 - [TEST_STEP][PASSED] - delay: Delayed 1 second(s)

2018-05-15 17:24:24 - [MESSAGE][PASSED] - Delayed 1 second(s)

2018-05-15 17:24:24 - [TEST_STEP][PASSED] - Statement - RequestedQty = com.kms.katalon.core.webui.keyword.WebUiBuiltInKeywords.getAttribute(com.kms.katalon.core.testobject.ObjectRepository.findTestObject(PharmacyRequest/Page_Store/input_txttotal), "value"): Attribute 'value' of object 'Object Repository/PharmacyRequest/Page_Store/input_txttotal' is: '10'

2018-05-15 17:24:24 - [MESSAGE][PASSED] - Attribute 'value' of object 'Object Repository/PharmacyRequest/Page_Store/input_txttotal' is: '10'

2018-05-15 17:24:24 - [TEST_STEP][PASSED] - Statement - out.println("Requested QTY : " + RequestedQty): null

2018-05-15 17:24:24 - [TEST_STEP][PASSED] - Statement - BatchNumber = com.kms.katalon.core.webui.keyword.WebUiBuiltInKeywords.getNumberOfTotalOption(com.kms.katalon.core.testobject.ObjectRepository.findTestObject(PharmacyRequest/Page_Store/select_--Select--BA50)): 0 options of object 'Object Repository/PharmacyRequest/Page_Store/select_--Select--BA50' counted

2018-05-15 17:24:24 - [MESSAGE][PASSED] - 0 options of object 'Object Repository/PharmacyRequest/Page_Store/select_--Select--BA50' counted

2018-05-15 17:24:24 - [TEST_STEP][PASSED] - Statement - For ([g = 1, g <= BatchNumber - 1, (g++)]): null

2018-05-15 17:24:24 - [TEST_STEP][PASSED] - selectOptionByIndex: All options with index in [11] are selected on object 'Object Repository/PharmacyRequest/Page_Store/select_--Select--Amlodepin -5'

2018-05-15 17:24:24 - [MESSAGE][PASSED] - All options with index in [11] are selected on object 'Object Repository/PharmacyRequest/Page_Store/select_--Select--Amlodepin -5'

2018-05-15 17:24:24 - [TEST_STEP][PASSED] - delay: Delayed 1 second(s)

2018-05-15 17:24:25 - [MESSAGE][PASSED] - Delayed 1 second(s)

2018-05-15 17:24:25 - [TEST_STEP][PASSED] - Statement - RequestedQty = com.kms.katalon.core.webui.keyword.WebUiBuiltInKeywords.getAttribute(com.kms.katalon.core.testobject.ObjectRepository.findTestObject(PharmacyRequest/Page_Store/input_txttotal), "value"): Attribute 'value' of object 'Object Repository/PharmacyRequest/Page_Store/input_txttotal' is: '10'

2018-05-15 17:24:25 - [MESSAGE][PASSED] - Attribute 'value' of object 'Object Repository/PharmacyRequest/Page_Store/input_txttotal' is: '10'

2018-05-15 17:24:25 - [TEST_STEP][PASSED] - Statement - out.println("Requested QTY : " + RequestedQty): null

2018-05-15 17:24:25 - [TEST_STEP][PASSED] - Statement - BatchNumber = com.kms.katalon.core.webui.keyword.WebUiBuiltInKeywords.getNumberOfTotalOption(com.kms.katalon.core.testobject.ObjectRepository.findTestObject(PharmacyRequest/Page_Store/select_--Select--BA50)): 0 options of object 'Object Repository/PharmacyRequest/Page_Store/select_--Select--BA50' counted

2018-05-15 17:24:25 - [MESSAGE][PASSED] - 0 options of object 'Object Repository/PharmacyRequest/Page_Store/select_--Select--BA50' counted

2018-05-15 17:24:25 - [TEST_STEP][PASSED] - Statement - For ([g = 1, g <= BatchNumber - 1, (g++)]): null

2018-05-15 17:24:25 - [TEST_STEP][PASSED] - selectOptionByIndex: All options with index in [12] are selected on object 'Object Repository/PharmacyRequest/Page_Store/select_--Select--Amlodepin -5'

2018-05-15 17:24:25 - [MESSAGE][PASSED] - All options with index in [12] are selected on object 'Object Repository/PharmacyRequest/Page_Store/select_--Select--Amlodepin -5'

2018-05-15 17:24:25 - [TEST_STEP][PASSED] - delay: Delayed 1 second(s)

2018-05-15 17:24:26 - [MESSAGE][PASSED] - Delayed 1 second(s)

2018-05-15 17:24:26 - [TEST_STEP][PASSED] - Statement - RequestedQty = com.kms.katalon.core.webui.keyword.WebUiBuiltInKeywords.getAttribute(com.kms.katalon.core.testobject.ObjectRepository.findTestObject(PharmacyRequest/Page_Store/input_txttotal), "value"): Attribute 'value' of object 'Object Repository/PharmacyRequest/Page_Store/input_txttotal' is: '10'

2018-05-15 17:24:26 - [MESSAGE][PASSED] - Attribute 'value' of object 'Object Repository/PharmacyRequest/Page_Store/input_txttotal' is: '10'

2018-05-15 17:24:26 - [TEST_STEP][PASSED] - Statement - out.println("Requested QTY : " + RequestedQty): null

2018-05-15 17:24:26 - [TEST_STEP][PASSED] - Statement - BatchNumber = com.kms.katalon.core.webui.keyword.WebUiBuiltInKeywords.getNumberOfTotalOption(com.kms.katalon.core.testobject.ObjectRepository.findTestObject(PharmacyRequest/Page_Store/select_--Select--BA50)): 0 options of object 'Object Repository/PharmacyRequest/Page_Store/select_--Select--BA50' counted

2018-05-15 17:24:26 - [MESSAGE][PASSED] - 0 options of object 'Object Repository/PharmacyRequest/Page_Store/select_--Select--BA50' counted

2018-05-15 17:24:26 - [TEST_STEP][PASSED] - Statement - For ([g = 1, g <= BatchNumber - 1, (g++)]): null

2018-05-15 17:24:26 - [TEST_STEP][PASSED] - selectOptionByIndex: All options with index in [13] are selected on object 'Object Repository/PharmacyRequest/Page_Store/select_--Select--Amlodepin -5'

2018-05-15 17:24:27 - [MESSAGE][PASSED] - All options with index in [13] are selected on object 'Object Repository/PharmacyRequest/Page_Store/select_--Select--Amlodepin -5'

2018-05-15 17:24:27 - [TEST_STEP][PASSED] - delay: Delayed 1 second(s)

2018-05-15 17:24:28 - [MESSAGE][PASSED] - Delayed 1 second(s)

2018-05-15 17:24:28 - [TEST_STEP][PASSED] - Statement - RequestedQty = com.kms.katalon.core.webui.keyword.WebUiBuiltInKeywords.getAttribute(com.kms.katalon.core.testobject.ObjectRepository.findTestObject(PharmacyRequest/Page_Store/input_txttotal), "value"): Attribute 'value' of object 'Object Repository/PharmacyRequest/Page_Store/input_txttotal' is: '10'

2018-05-15 17:24:28 - [MESSAGE][PASSED] - Attribute 'value' of object 'Object Repository/PharmacyRequest/Page_Store/input_txttotal' is: '10'

2018-05-15 17:24:28 - [TEST_STEP][PASSED] - Statement - out.println("Requested QTY : " + RequestedQty): null

2018-05-15 17:24:28 - [TEST_STEP][PASSED] - Statement - BatchNumber = com.kms.katalon.core.webui.keyword.WebUiBuiltInKeywords.getNumberOfTotalOption(com.kms.katalon.core.testobject.ObjectRepository.findTestObject(PharmacyRequest/Page_Store/select_--Select--BA50)): 0 options of object 'Object Repository/PharmacyRequest/Page_Store/select_--Select--BA50' counted

2018-05-15 17:24:28 - [MESSAGE][PASSED] - 0 options of object 'Object Repository/PharmacyRequest/Page_Store/select_--Select--BA50' counted

2018-05-15 17:24:28 - [TEST_STEP][PASSED] - Statement - For ([g = 1, g <= BatchNumber - 1, (g++)]): null

2018-05-15 17:24:28 - [TEST_STEP][PASSED] - selectOptionByIndex: All options with index in [14] are selected on object 'Object Repository/PharmacyRequest/Page_Store/select_--Select--Amlodepin -5'

2018-05-15 17:24:28 - [MESSAGE][PASSED] - All options with index in [14] are selected on object 'Object Repository/PharmacyRequest/Page_Store/select_--Select--Amlodepin -5'

2018-05-15 17:24:28 - [TEST_STEP][PASSED] - delay: Delayed 1 second(s)

2018-05-15 17:24:29 - [MESSAGE][PASSED] - Delayed 1 second(s)

2018-05-15 17:24:29 - [TEST_STEP][PASSED] - Statement - RequestedQty = com.kms.katalon.core.webui.keyword.WebUiBuiltInKeywords.getAttribute(com.kms.katalon.core.testobject.ObjectRepository.findTestObject(PharmacyRequest/Page_Store/input_txttotal), "value"): Attribute 'value' of object 'Object Repository/PharmacyRequest/Page_Store/input_txttotal' is: '10'

2018-05-15 17:24:29 - [MESSAGE][PASSED] - Attribute 'value' of object 'Object Repository/PharmacyRequest/Page_Store/input_txttotal' is: '10'

2018-05-15 17:24:29 - [TEST_STEP][PASSED] - Statement - out.println("Requested QTY : " + RequestedQty): null

2018-05-15 17:24:29 - [TEST_STEP][PASSED] - Statement - BatchNumber = com.kms.katalon.core.webui.keyword.WebUiBuiltInKeywords.getNumberOfTotalOption(com.kms.katalon.core.testobject.ObjectRepository.findTestObject(PharmacyRequest/Page_Store/select_--Select--BA50)): 0 options of object 'Object Repository/PharmacyRequest/Page_Store/select_--Select--BA50' counted

2018-05-15 17:24:29 - [MESSAGE][PASSED] - 0 options of object 'Object Repository/PharmacyRequest/Page_Store/select_--Select--BA50' counted

2018-05-15 17:24:29 - [TEST_STEP][PASSED] - Statement - For ([g = 1, g <= BatchNumber - 1, (g++)]): null

2018-05-15 17:24:29 - [TEST_STEP][PASSED] - selectOptionByIndex: All options with index in [15] are selected on object 'Object Repository/PharmacyRequest/Page_Store/select_--Select--Amlodepin -5'

2018-05-15 17:24:29 - [MESSAGE][PASSED] - All options with index in [15] are selected on object 'Object Repository/PharmacyRequest/Page_Store/select_--Select--Amlodepin -5'

2018-05-15 17:24:29 - [TEST_STEP][PASSED] - delay: Delayed 1 second(s)

2018-05-15 17:24:30 - [MESSAGE][PASSED] - Delayed 1 second(s)

2018-05-15 17:24:30 - [TEST_STEP][PASSED] - Statement - RequestedQty = com.kms.katalon.core.webui.keyword.WebUiBuiltInKeywords.getAttribute(com.kms.katalon.core.testobject.ObjectRepository.findTestObject(PharmacyRequest/Page_Store/input_txttotal), "value"): Attribute 'value' of object 'Object Repository/PharmacyRequest/Page_Store/input_txttotal' is: '10'

2018-05-15 17:24:30 - [MESSAGE][PASSED] - Attribute 'value' of object 'Object Repository/PharmacyRequest/Page_Store/input_txttotal' is: '10'

2018-05-15 17:24:30 - [TEST_STEP][PASSED] - Statement - out.println("Requested QTY : " + RequestedQty): null

2018-05-15 17:24:30 - [TEST_STEP][PASSED] - Statement - BatchNumber = com.kms.katalon.core.webui.keyword.WebUiBuiltInKeywords.getNumberOfTotalOption(com.kms.katalon.core.testobject.ObjectRepository.findTestObject(PharmacyRequest/Page_Store/select_--Select--BA50)): 0 options of object 'Object Repository/PharmacyRequest/Page_Store/select_--Select--BA50' counted

2018-05-15 17:24:30 - [MESSAGE][PASSED] - 0 options of object 'Object Repository/PharmacyRequest/Page_Store/select_--Select--BA50' counted

2018-05-15 17:24:30 - [TEST_STEP][PASSED] - Statement - For ([g = 1, g <= BatchNumber - 1, (g++)]): null

2018-05-15 17:24:30 - [TEST_STEP][PASSED] - selectOptionByIndex: All options with index in [16] are selected on object 'Object Repository/PharmacyRequest/Page_Store/select_--Select--Amlodepin -5'

2018-05-15 17:24:31 - [MESSAGE][PASSED] - All options with index in [16] are selected on object 'Object Repository/PharmacyRequest/Page_Store/select_--Select--Amlodepin -5'

2018-05-15 17:24:31 - [TEST_STEP][PASSED] - delay: Delayed 1 second(s)

2018-05-15 17:24:32 - [MESSAGE][PASSED] - Delayed 1 second(s)

2018-05-15 17:24:32 - [TEST_STEP][PASSED] - Statement - RequestedQty = com.kms.katalon.core.webui.keyword.WebUiBuiltInKeywords.getAttribute(com.kms.katalon.core.testobject.ObjectRepository.findTestObject(PharmacyRequest/Page_Store/input_txttotal), "value"): Attribute 'value' of object 'Object Repository/PharmacyRequest/Page_Store/input_txttotal' is: '10'

2018-05-15 17:24:32 - [MESSAGE][PASSED] - Attribute 'value' of object 'Object Repository/PharmacyRequest/Page_Store/input_txttotal' is: '10'

2018-05-15 17:24:32 - [TEST_STEP][PASSED] - Statement - out.println("Requested QTY : " + RequestedQty): null

2018-05-15 17:24:32 - [TEST_STEP][PASSED] - Statement - BatchNumber = com.kms.katalon.core.webui.keyword.WebUiBuiltInKeywords.getNumberOfTotalOption(com.kms.katalon.core.testobject.ObjectRepository.findTestObject(PharmacyRequest/Page_Store/select_--Select--BA50)): 0 options of object 'Object Repository/PharmacyRequest/Page_Store/select_--Select--BA50' counted

2018-05-15 17:24:32 - [MESSAGE][PASSED] - 0 options of object 'Object Repository/PharmacyRequest/Page_Store/select_--Select--BA50' counted

2018-05-15 17:24:32 - [TEST_STEP][PASSED] - Statement - For ([g = 1, g <= BatchNumber - 1, (g++)]): null

2018-05-15 17:24:32 - [TEST_STEP][PASSED] - selectOptionByIndex: All options with index in [17] are selected on object 'Object Repository/PharmacyRequest/Page_Store/select_--Select--Amlodepin -5'

2018-05-15 17:24:32 - [MESSAGE][PASSED] - All options with index in [17] are selected on object 'Object Repository/PharmacyRequest/Page_Store/select_--Select--Amlodepin -5'

2018-05-15 17:24:32 - [TEST_STEP][PASSED] - delay: Delayed 1 second(s)

2018-05-15 17:24:33 - [MESSAGE][PASSED] - Delayed 1 second(s)

2018-05-15 17:24:33 - [TEST_STEP][PASSED] - Statement - RequestedQty = com.kms.katalon.core.webui.keyword.WebUiBuiltInKeywords.getAttribute(com.kms.katalon.core.testobject.ObjectRepository.findTestObject(PharmacyRequest/Page_Store/input_txttotal), "value"): Attribute 'value' of object 'Object Repository/PharmacyRequest/Page_Store/input_txttotal' is: '10'

2018-05-15 17:24:33 - [MESSAGE][PASSED] - Attribute 'value' of object 'Object Repository/PharmacyRequest/Page_Store/input_txttotal' is: '10'

2018-05-15 17:24:33 - [TEST_STEP][PASSED] - Statement - out.println("Requested QTY : " + RequestedQty): null

2018-05-15 17:24:33 - [TEST_STEP][PASSED] - Statement - BatchNumber = com.kms.katalon.core.webui.keyword.WebUiBuiltInKeywords.getNumberOfTotalOption(com.kms.katalon.core.testobject.ObjectRepository.findTestObject(PharmacyRequest/Page_Store/select_--Select--BA50)): 0 options of object 'Object Repository/PharmacyRequest/Page_Store/select_--Select--BA50' counted

2018-05-15 17:24:33 - [MESSAGE][PASSED] - 0 options of object 'Object Repository/PharmacyRequest/Page_Store/select_--Select--BA50' counted

2018-05-15 17:24:33 - [TEST_STEP][PASSED] - Statement - For ([g = 1, g <= BatchNumber - 1, (g++)]): null

2018-05-15 17:24:33 - [TEST_STEP][PASSED] - selectOptionByIndex: All options with index in [18] are selected on object 'Object Repository/PharmacyRequest/Page_Store/select_--Select--Amlodepin -5'

2018-05-15 17:24:33 - [MESSAGE][PASSED] - All options with index in [18] are selected on object 'Object Repository/PharmacyRequest/Page_Store/select_--Select--Amlodepin -5'

2018-05-15 17:24:33 - [TEST_STEP][PASSED] - delay: Delayed 1 second(s)

2018-05-15 17:24:34 - [MESSAGE][PASSED] - Delayed 1 second(s)

2018-05-15 17:24:34 - [TEST_STEP][PASSED] - Statement - RequestedQty = com.kms.katalon.core.webui.keyword.WebUiBuiltInKeywords.getAttribute(com.kms.katalon.core.testobject.ObjectRepository.findTestObject(PharmacyRequest/Page_Store/input_txttotal), "value"): Attribute 'value' of object 'Object Repository/PharmacyRequest/Page_Store/input_txttotal' is: '10'

2018-05-15 17:24:34 - [MESSAGE][PASSED] - Attribute 'value' of object 'Object Repository/PharmacyRequest/Page_Store/input_txttotal' is: '10'

2018-05-15 17:24:34 - [TEST_STEP][PASSED] - Statement - out.println("Requested QTY : " + RequestedQty): null

2018-05-15 17:24:34 - [TEST_STEP][PASSED] - Statement - BatchNumber = com.kms.katalon.core.webui.keyword.WebUiBuiltInKeywords.getNumberOfTotalOption(com.kms.katalon.core.testobject.ObjectRepository.findTestObject(PharmacyRequest/Page_Store/select_--Select--BA50)): 0 options of object 'Object Repository/PharmacyRequest/Page_Store/select_--Select--BA50' counted

2018-05-15 17:24:34 - [MESSAGE][PASSED] - 0 options of object 'Object Repository/PharmacyRequest/Page_Store/select_--Select--BA50' counted

2018-05-15 17:24:34 - [TEST_STEP][PASSED] - Statement - For ([g = 1, g <= BatchNumber - 1, (g++)]): null

2018-05-15 17:24:34 - [TEST_STEP][PASSED] - selectOptionByIndex: All options with index in [19] are selected on object 'Object Repository/PharmacyRequest/Page_Store/select_--Select--Amlodepin -5'

2018-05-15 17:24:35 - [MESSAGE][PASSED] - All options with index in [19] are selected on object 'Object Repository/PharmacyRequest/Page_Store/select_--Select--Amlodepin -5'

2018-05-15 17:24:35 - [TEST_STEP][PASSED] - delay: Delayed 1 second(s)

2018-05-15 17:24:36 - [MESSAGE][PASSED] - Delayed 1 second(s)

2018-05-15 17:24:36 - [TEST_STEP][PASSED] - Statement - RequestedQty = com.kms.katalon.core.webui.keyword.WebUiBuiltInKeywords.getAttribute(com.kms.katalon.core.testobject.ObjectRepository.findTestObject(PharmacyRequest/Page_Store/input_txttotal), "value"): Attribute 'value' of object 'Object Repository/PharmacyRequest/Page_Store/input_txttotal' is: '10'

2018-05-15 17:24:36 - [MESSAGE][PASSED] - Attribute 'value' of object 'Object Repository/PharmacyRequest/Page_Store/input_txttotal' is: '10'

2018-05-15 17:24:36 - [TEST_STEP][PASSED] - Statement - out.println("Requested QTY : " + RequestedQty): null

2018-05-15 17:24:36 - [TEST_STEP][PASSED] - Statement - BatchNumber = com.kms.katalon.core.webui.keyword.WebUiBuiltInKeywords.getNumberOfTotalOption(com.kms.katalon.core.testobject.ObjectRepository.findTestObject(PharmacyRequest/Page_Store/select_--Select--BA50)): 0 options of object 'Object Repository/PharmacyRequest/Page_Store/select_--Select--BA50' counted

2018-05-15 17:24:36 - [MESSAGE][PASSED] - 0 options of object 'Object Repository/PharmacyRequest/Page_Store/select_--Select--BA50' counted

2018-05-15 17:24:36 - [TEST_STEP][PASSED] - Statement - For ([g = 1, g <= BatchNumber - 1, (g++)]): null

2018-05-15 17:24:36 - [TEST_STEP][PASSED] - selectOptionByIndex: All options with index in [20] are selected on object 'Object Repository/PharmacyRequest/Page_Store/select_--Select--Amlodepin -5'

2018-05-15 17:24:36 - [MESSAGE][PASSED] - All options with index in [20] are selected on object 'Object Repository/PharmacyRequest/Page_Store/select_--Select--Amlodepin -5'

2018-05-15 17:24:36 - [TEST_STEP][PASSED] - delay: Delayed 1 second(s)

2018-05-15 17:24:37 - [MESSAGE][PASSED] - Delayed 1 second(s)

2018-05-15 17:24:37 - [TEST_STEP][FAILED] - Statement - RequestedQty = com.kms.katalon.core.webui.keyword.WebUiBuiltInKeywords.getAttribute(com.kms.katalon.core.testobject.ObjectRepository.findTestObject(PharmacyRequest/Page_Store/input_txttotal), "value"): Unable to get attribute 'value' of object 'Object Repository/PharmacyRequest/Page_Store/input_txttotal' (Root cause: org.openqa.selenium.UnhandledAlertException: unexpected alert open: {Alert text : function Error() { [native code] }}
  (Session info: chrome=66.0.3359.139)
  (Driver info: chromedriver=2.35.528161 (5b82f2d2aae0ca24b877009200ced9065a772e73),platform=Windows NT 10.0.17134 x86_64) (WARNING: The server did not provide any stacktrace information)
Command duration or timeout: 0 milliseconds: null
Build info: version: '3.7.1', revision: '8a0099a', time: '2017-11-06T21:07:36.161Z'
System info: host: 'DESKTOP-BLFTK83', ip: '192.168.71.2', os.name: 'Windows 10', os.arch: 'amd64', os.version: '10.0', java.version: '1.8.0_102'
Driver info: com.kms.katalon.selenium.driver.CChromeDriver
Capabilities {acceptInsecureCerts: false, acceptSslCerts: false, applicationCacheEnabled: false, browserConnectionEnabled: false, browserName: chrome, chrome: {chromedriverVersion: 2.35.528161 (5b82f2d2aae0ca..., userDataDir: C:\Users\QUALIT~1\AppData\L...}, cssSelectorsEnabled: true, databaseEnabled: false, handlesAlerts: true, hasTouchScreen: false, javascriptEnabled: true, locationContextEnabled: true, mobileEmulationEnabled: false, nativeEvents: true, networkConnectionEnabled: false, pageLoadStrategy: normal, platform: XP, platformName: XP, rotatable: false, setWindowRect: true, takesHeapSnapshot: true, takesScreenshot: true, unexpectedAlertBehaviour: , unhandledPromptBehavior: , version: 66.0.3359.139, webStorageEnabled: true}
Session ID: e5060aa30d9be177407e6373585d63bc
*** Element info: {Using=xpath, value=id("txttotal")[count(. | //input[@type = 'text' and @id = 'txttotal' and @name = 'txttotal' and @placeholder = 'Req.Qty' and @readonly = 'readonly']) = count(//input[@type = 'text' and @id = 'txttotal' and @name = 'txttotal' and @placeholder = 'Req.Qty' and @readonly = 'readonly'])]})

2018-05-15 17:24:37 - [MESSAGE][WARNING] - Cannot take screenshot

2018-05-15 17:24:37 - [MESSAGE][FAILED] - Unable to get attribute 'value' of object 'Object Repository/PharmacyRequest/Page_Store/input_txttotal' (Root cause: org.openqa.selenium.UnhandledAlertException: unexpected alert open: {Alert text : function Error() { [native code] }}
  (Session info: chrome=66.0.3359.139)
  (Driver info: chromedriver=2.35.528161 (5b82f2d2aae0ca24b877009200ced9065a772e73),platform=Windows NT 10.0.17134 x86_64) (WARNING: The server did not provide any stacktrace information)
Command duration or timeout: 0 milliseconds: null
Build info: version: '3.7.1', revision: '8a0099a', time: '2017-11-06T21:07:36.161Z'
System info: host: 'DESKTOP-BLFTK83', ip: '192.168.71.2', os.name: 'Windows 10', os.arch: 'amd64', os.version: '10.0', java.version: '1.8.0_102'
Driver info: com.kms.katalon.selenium.driver.CChromeDriver
Capabilities {acceptInsecureCerts: false, acceptSslCerts: false, applicationCacheEnabled: false, browserConnectionEnabled: false, browserName: chrome, chrome: {chromedriverVersion: 2.35.528161 (5b82f2d2aae0ca..., userDataDir: C:\Users\QUALIT~1\AppData\L...}, cssSelectorsEnabled: true, databaseEnabled: false, handlesAlerts: true, hasTouchScreen: false, javascriptEnabled: true, locationContextEnabled: true, mobileEmulationEnabled: false, nativeEvents: true, networkConnectionEnabled: false, pageLoadStrategy: normal, platform: XP, platformName: XP, rotatable: false, setWindowRect: true, takesHeapSnapshot: true, takesScreenshot: true, unexpectedAlertBehaviour: , unhandledPromptBehavior: , version: 66.0.3359.139, webStorageEnabled: true}
Session ID: e5060aa30d9be177407e6373585d63bc
*** Element info: {Using=xpath, value=id("txttotal")[count(. | //input[@type = 'text' and @id = 'txttotal' and @name = 'txttotal' and @placeholder = 'Req.Qty' and @readonly = 'readonly']) = count(//input[@type = 'text' and @id = 'txttotal' and @name = 'txttotal' and @placeholder = 'Req.Qty' and @readonly = 'readonly'])]})]]></system-out>
         <system-err><![CDATA[2018-05-15 17:22:32 - [TEST_CASE][FAILED] - Test Cases/PHARMACY TEST CASES/TC_PHAR_009 Verify Schedule 9 Pharmacy Request Are Working Successfully Or Not: Test Cases/PHARMACY TEST CASES/TC_PHAR_009 Verify Schedule 9 Pharmacy Request Are Working Successfully Or Not FAILED because (of) Unable to get attribute 'value' of object 'Object Repository/PharmacyRequest/Page_Store/input_txttotal' (Root cause: org.openqa.selenium.UnhandledAlertException: unexpected alert open: {Alert text : function Error() { [native code] }}
  (Session info: chrome=66.0.3359.139)
  (Driver info: chromedriver=2.35.528161 (5b82f2d2aae0ca24b877009200ced9065a772e73),platform=Windows NT 10.0.17134 x86_64) (WARNING: The server did not provide any stacktrace information)
Command duration or timeout: 0 milliseconds: null
Build info: version: '3.7.1', revision: '8a0099a', time: '2017-11-06T21:07:36.161Z'
System info: host: 'DESKTOP-BLFTK83', ip: '192.168.71.2', os.name: 'Windows 10', os.arch: 'amd64', os.version: '10.0', java.version: '1.8.0_102'
Driver info: com.kms.katalon.selenium.driver.CChromeDriver
Capabilities {acceptInsecureCerts: false, acceptSslCerts: false, applicationCacheEnabled: false, browserConnectionEnabled: false, browserName: chrome, chrome: {chromedriverVersion: 2.35.528161 (5b82f2d2aae0ca..., userDataDir: C:\Users\QUALIT~1\AppData\L...}, cssSelectorsEnabled: true, databaseEnabled: false, handlesAlerts: true, hasTouchScreen: false, javascriptEnabled: true, locationContextEnabled: true, mobileEmulationEnabled: false, nativeEvents: true, networkConnectionEnabled: false, pageLoadStrategy: normal, platform: XP, platformName: XP, rotatable: false, setWindowRect: true, takesHeapSnapshot: true, takesScreenshot: true, unexpectedAlertBehaviour: , unhandledPromptBehavior: , version: 66.0.3359.139, webStorageEnabled: true}
Session ID: e5060aa30d9be177407e6373585d63bc
*** Element info: {Using=xpath, value=id("txttotal")[count(. | //input[@type = 'text' and @id = 'txttotal' and @name = 'txttotal' and @placeholder = 'Req.Qty' and @readonly = 'readonly']) = count(//input[@type = 'text' and @id = 'txttotal' and @name = 'txttotal' and @placeholder = 'Req.Qty' and @readonly = 'readonly'])]})]]></system-err>
      </testcase>
      <testcase name="Test Cases/PHARMACY TEST CASES/TC_PHAR_010 Verify Schedule 10 Pharmacy Request Are Working Successfully Or Not" classname="Test Cases/PHARMACY TEST CASES/TC_PHAR_010 Verify Schedule 10 Pharmacy Request Are Working Successfully Or Not" status="ERROR">
         <error type="ERROR" message="Test Cases/PHARMACY TEST CASES/TC_PHAR_010 Verify Schedule 10 Pharmacy Request Are Working Successfully Or Not FAILED because (of) java.lang.NumberFormatException: For input string: &quot;&quot;"/>
         <system-out><![CDATA[2018-05-15 17:24:37 - [TEST_CASE][ERROR] - Test Cases/PHARMACY TEST CASES/TC_PHAR_010 Verify Schedule 10 Pharmacy Request Are Working Successfully Or Not: Test Cases/PHARMACY TEST CASES/TC_PHAR_010 Verify Schedule 10 Pharmacy Request Are Working Successfully Or Not FAILED because (of) java.lang.NumberFormatException: For input string: ""

2018-05-15 17:24:37 - [TEST_STEP][PASSED] - openBrowser: Browser is opened with url: ''

2018-05-15 17:24:37 - [MESSAGE][WARNING] - A browser is already opened. Closing browser and opening a new one

2018-05-15 17:24:40 - [MESSAGE][PASSED] - Browser is opened with url: ''

2018-05-15 17:24:40 - [TEST_STEP][PASSED] - Statement - out.println("Verify Schedule 10 Pharmacy Request Are Working Successfully Or Not"): null

2018-05-15 17:24:40 - [TEST_STEP][PASSED] - navigateToUrl: Navigate to 'http://192.168.137.1/multihospital_new/' successfully

2018-05-15 17:24:42 - [MESSAGE][PASSED] - Navigate to 'http://192.168.137.1/multihospital_new/' successfully

2018-05-15 17:24:42 - [TEST_STEP][PASSED] - maximizeWindow: Current window maximized

2018-05-15 17:24:43 - [MESSAGE][PASSED] - Current window maximized

2018-05-15 17:24:43 - [TEST_STEP][PASSED] - click: Object: 'Object Repository/PharmacyRequest/Page_KDMC/a_Pharmacy' is clicked on

2018-05-15 17:24:43 - [MESSAGE][PASSED] - Object: 'Object Repository/PharmacyRequest/Page_KDMC/a_Pharmacy' is clicked on

2018-05-15 17:24:43 - [TEST_STEP][PASSED] - setText: Text 'raja' is set on object 'Object Repository/PharmacyRequest/Page_Pharmacy login/input_txtusername'

2018-05-15 17:24:44 - [MESSAGE][PASSED] - Text 'raja' is set on object 'Object Repository/PharmacyRequest/Page_Pharmacy login/input_txtusername'

2018-05-15 17:24:44 - [TEST_STEP][PASSED] - setText: Text '123' is set on object 'Object Repository/PharmacyRequest/Page_Pharmacy login/input_txtpassword'

2018-05-15 17:24:44 - [MESSAGE][PASSED] - Text '123' is set on object 'Object Repository/PharmacyRequest/Page_Pharmacy login/input_txtpassword'

2018-05-15 17:24:44 - [TEST_STEP][PASSED] - delay: Delayed 3 second(s)

2018-05-15 17:24:47 - [MESSAGE][PASSED] - Delayed 3 second(s)

2018-05-15 17:24:47 - [TEST_STEP][PASSED] - click: Object: 'Object Repository/PharmacyRequest/Page_Pharmacy login/button_Sign in' is clicked on

2018-05-15 17:24:48 - [MESSAGE][PASSED] - Object: 'Object Repository/PharmacyRequest/Page_Pharmacy login/button_Sign in' is clicked on

2018-05-15 17:24:48 - [TEST_STEP][PASSED] - delay: Delayed 3 second(s)

2018-05-15 17:24:51 - [MESSAGE][PASSED] - Delayed 3 second(s)

2018-05-15 17:24:51 - [TEST_STEP][PASSED] - click: Object: 'Object Repository/PharmacyRequest/Page_KDMC - Pharmacy/a_Inventory' is clicked on

2018-05-15 17:24:52 - [MESSAGE][PASSED] - Object: 'Object Repository/PharmacyRequest/Page_KDMC - Pharmacy/a_Inventory' is clicked on

2018-05-15 17:24:52 - [TEST_STEP][PASSED] - delay: Delayed 3 second(s)

2018-05-15 17:24:55 - [MESSAGE][PASSED] - Delayed 3 second(s)

2018-05-15 17:24:55 - [TEST_STEP][PASSED] - click: Object: 'Object Repository/PharmacyRequest/Page_KDMC-Pharmacy/a_Store Request' is clicked on

2018-05-15 17:24:55 - [MESSAGE][PASSED] - Object: 'Object Repository/PharmacyRequest/Page_KDMC-Pharmacy/a_Store Request' is clicked on

2018-05-15 17:24:55 - [TEST_STEP][PASSED] - click: Object: 'Object Repository/PharmacyRequest/Page_KDMC-Pharmacy/a_Medicine Request' is clicked on

2018-05-15 17:24:56 - [MESSAGE][PASSED] - Object: 'Object Repository/PharmacyRequest/Page_KDMC-Pharmacy/a_Medicine Request' is clicked on

2018-05-15 17:24:56 - [TEST_STEP][PASSED] - selectOptionByIndex: All options with index in [10] are selected on object 'Object Repository/PharmacyRequest/Page_KDMC-Pharmacy/select_--Select--Schedule 1Inj'

2018-05-15 17:24:56 - [MESSAGE][PASSED] - All options with index in [10] are selected on object 'Object Repository/PharmacyRequest/Page_KDMC-Pharmacy/select_--Select--Schedule 1Inj'

2018-05-15 17:24:56 - [TEST_STEP][PASSED] - Statement - MedicineLength = com.kms.katalon.core.webui.keyword.WebUiBuiltInKeywords.getNumberOfTotalOption(com.kms.katalon.core.testobject.ObjectRepository.findTestObject(PharmacyRequest/Page_KDMC-Pharmacy/select_--Select--Albendazole)): 19 options of object 'Object Repository/PharmacyRequest/Page_KDMC-Pharmacy/select_--Select--Albendazole' counted

2018-05-15 17:24:56 - [MESSAGE][PASSED] - 19 options of object 'Object Repository/PharmacyRequest/Page_KDMC-Pharmacy/select_--Select--Albendazole' counted

2018-05-15 17:24:56 - [TEST_STEP][PASSED] - Statement - For ([l = 1, l <= MedicineLength - 1, (l++)]): Object: 'Object Repository/PharmacyRequest/Page_KDMC-Pharmacy/button_Add' is clicked on

2018-05-15 17:24:56 - [TEST_STEP][PASSED] - selectOptionByIndex: All options with index in [10] are selected on object 'Object Repository/PharmacyRequest/Page_KDMC-Pharmacy/select_--Select--Schedule 1Inj'

2018-05-15 17:24:56 - [MESSAGE][PASSED] - All options with index in [10] are selected on object 'Object Repository/PharmacyRequest/Page_KDMC-Pharmacy/select_--Select--Schedule 1Inj'

2018-05-15 17:24:56 - [TEST_STEP][PASSED] - selectOptionByIndex: All options with index in [1] are selected on object 'Object Repository/PharmacyRequest/Page_KDMC-Pharmacy/select_--Select--Albendazole'

2018-05-15 17:24:57 - [MESSAGE][PASSED] - All options with index in [1] are selected on object 'Object Repository/PharmacyRequest/Page_KDMC-Pharmacy/select_--Select--Albendazole'

2018-05-15 17:24:57 - [TEST_STEP][PASSED] - setText: Text '10' is set on object 'Object Repository/PharmacyRequest/Page_KDMC-Pharmacy/input_txttreat'

2018-05-15 17:24:57 - [MESSAGE][PASSED] - Text '10' is set on object 'Object Repository/PharmacyRequest/Page_KDMC-Pharmacy/input_txttreat'

2018-05-15 17:24:57 - [TEST_STEP][PASSED] - click: Object: 'Object Repository/PharmacyRequest/Page_KDMC-Pharmacy/button_Add' is clicked on

2018-05-15 17:24:57 - [MESSAGE][PASSED] - Object: 'Object Repository/PharmacyRequest/Page_KDMC-Pharmacy/button_Add' is clicked on

2018-05-15 17:24:57 - [TEST_STEP][PASSED] - selectOptionByIndex: All options with index in [10] are selected on object 'Object Repository/PharmacyRequest/Page_KDMC-Pharmacy/select_--Select--Schedule 1Inj'

2018-05-15 17:24:57 - [MESSAGE][PASSED] - All options with index in [10] are selected on object 'Object Repository/PharmacyRequest/Page_KDMC-Pharmacy/select_--Select--Schedule 1Inj'

2018-05-15 17:24:57 - [TEST_STEP][PASSED] - selectOptionByIndex: All options with index in [2] are selected on object 'Object Repository/PharmacyRequest/Page_KDMC-Pharmacy/select_--Select--Albendazole'

2018-05-15 17:24:57 - [MESSAGE][PASSED] - All options with index in [2] are selected on object 'Object Repository/PharmacyRequest/Page_KDMC-Pharmacy/select_--Select--Albendazole'

2018-05-15 17:24:57 - [TEST_STEP][PASSED] - setText: Text '10' is set on object 'Object Repository/PharmacyRequest/Page_KDMC-Pharmacy/input_txttreat'

2018-05-15 17:24:57 - [MESSAGE][PASSED] - Text '10' is set on object 'Object Repository/PharmacyRequest/Page_KDMC-Pharmacy/input_txttreat'

2018-05-15 17:24:57 - [TEST_STEP][PASSED] - click: Object: 'Object Repository/PharmacyRequest/Page_KDMC-Pharmacy/button_Add' is clicked on

2018-05-15 17:24:57 - [MESSAGE][PASSED] - Object: 'Object Repository/PharmacyRequest/Page_KDMC-Pharmacy/button_Add' is clicked on

2018-05-15 17:24:57 - [TEST_STEP][PASSED] - selectOptionByIndex: All options with index in [10] are selected on object 'Object Repository/PharmacyRequest/Page_KDMC-Pharmacy/select_--Select--Schedule 1Inj'

2018-05-15 17:24:57 - [MESSAGE][PASSED] - All options with index in [10] are selected on object 'Object Repository/PharmacyRequest/Page_KDMC-Pharmacy/select_--Select--Schedule 1Inj'

2018-05-15 17:24:57 - [TEST_STEP][PASSED] - selectOptionByIndex: All options with index in [3] are selected on object 'Object Repository/PharmacyRequest/Page_KDMC-Pharmacy/select_--Select--Albendazole'

2018-05-15 17:24:58 - [MESSAGE][PASSED] - All options with index in [3] are selected on object 'Object Repository/PharmacyRequest/Page_KDMC-Pharmacy/select_--Select--Albendazole'

2018-05-15 17:24:58 - [TEST_STEP][PASSED] - setText: Text '10' is set on object 'Object Repository/PharmacyRequest/Page_KDMC-Pharmacy/input_txttreat'

2018-05-15 17:24:58 - [MESSAGE][PASSED] - Text '10' is set on object 'Object Repository/PharmacyRequest/Page_KDMC-Pharmacy/input_txttreat'

2018-05-15 17:24:58 - [TEST_STEP][PASSED] - click: Object: 'Object Repository/PharmacyRequest/Page_KDMC-Pharmacy/button_Add' is clicked on

2018-05-15 17:24:58 - [MESSAGE][PASSED] - Object: 'Object Repository/PharmacyRequest/Page_KDMC-Pharmacy/button_Add' is clicked on

2018-05-15 17:24:58 - [TEST_STEP][PASSED] - selectOptionByIndex: All options with index in [10] are selected on object 'Object Repository/PharmacyRequest/Page_KDMC-Pharmacy/select_--Select--Schedule 1Inj'

2018-05-15 17:24:58 - [MESSAGE][PASSED] - All options with index in [10] are selected on object 'Object Repository/PharmacyRequest/Page_KDMC-Pharmacy/select_--Select--Schedule 1Inj'

2018-05-15 17:24:58 - [TEST_STEP][PASSED] - selectOptionByIndex: All options with index in [4] are selected on object 'Object Repository/PharmacyRequest/Page_KDMC-Pharmacy/select_--Select--Albendazole'

2018-05-15 17:24:58 - [MESSAGE][PASSED] - All options with index in [4] are selected on object 'Object Repository/PharmacyRequest/Page_KDMC-Pharmacy/select_--Select--Albendazole'

2018-05-15 17:24:58 - [TEST_STEP][PASSED] - setText: Text '10' is set on object 'Object Repository/PharmacyRequest/Page_KDMC-Pharmacy/input_txttreat'

2018-05-15 17:24:58 - [MESSAGE][PASSED] - Text '10' is set on object 'Object Repository/PharmacyRequest/Page_KDMC-Pharmacy/input_txttreat'

2018-05-15 17:24:58 - [TEST_STEP][PASSED] - click: Object: 'Object Repository/PharmacyRequest/Page_KDMC-Pharmacy/button_Add' is clicked on

2018-05-15 17:24:58 - [MESSAGE][PASSED] - Object: 'Object Repository/PharmacyRequest/Page_KDMC-Pharmacy/button_Add' is clicked on

2018-05-15 17:24:58 - [TEST_STEP][PASSED] - selectOptionByIndex: All options with index in [10] are selected on object 'Object Repository/PharmacyRequest/Page_KDMC-Pharmacy/select_--Select--Schedule 1Inj'

2018-05-15 17:24:58 - [MESSAGE][PASSED] - All options with index in [10] are selected on object 'Object Repository/PharmacyRequest/Page_KDMC-Pharmacy/select_--Select--Schedule 1Inj'

2018-05-15 17:24:58 - [TEST_STEP][PASSED] - selectOptionByIndex: All options with index in [5] are selected on object 'Object Repository/PharmacyRequest/Page_KDMC-Pharmacy/select_--Select--Albendazole'

2018-05-15 17:24:58 - [MESSAGE][PASSED] - All options with index in [5] are selected on object 'Object Repository/PharmacyRequest/Page_KDMC-Pharmacy/select_--Select--Albendazole'

2018-05-15 17:24:58 - [TEST_STEP][PASSED] - setText: Text '10' is set on object 'Object Repository/PharmacyRequest/Page_KDMC-Pharmacy/input_txttreat'

2018-05-15 17:24:59 - [MESSAGE][PASSED] - Text '10' is set on object 'Object Repository/PharmacyRequest/Page_KDMC-Pharmacy/input_txttreat'

2018-05-15 17:24:59 - [TEST_STEP][PASSED] - click: Object: 'Object Repository/PharmacyRequest/Page_KDMC-Pharmacy/button_Add' is clicked on

2018-05-15 17:24:59 - [MESSAGE][PASSED] - Object: 'Object Repository/PharmacyRequest/Page_KDMC-Pharmacy/button_Add' is clicked on

2018-05-15 17:24:59 - [TEST_STEP][PASSED] - selectOptionByIndex: All options with index in [10] are selected on object 'Object Repository/PharmacyRequest/Page_KDMC-Pharmacy/select_--Select--Schedule 1Inj'

2018-05-15 17:24:59 - [MESSAGE][PASSED] - All options with index in [10] are selected on object 'Object Repository/PharmacyRequest/Page_KDMC-Pharmacy/select_--Select--Schedule 1Inj'

2018-05-15 17:24:59 - [TEST_STEP][PASSED] - selectOptionByIndex: All options with index in [6] are selected on object 'Object Repository/PharmacyRequest/Page_KDMC-Pharmacy/select_--Select--Albendazole'

2018-05-15 17:24:59 - [MESSAGE][PASSED] - All options with index in [6] are selected on object 'Object Repository/PharmacyRequest/Page_KDMC-Pharmacy/select_--Select--Albendazole'

2018-05-15 17:24:59 - [TEST_STEP][PASSED] - setText: Text '10' is set on object 'Object Repository/PharmacyRequest/Page_KDMC-Pharmacy/input_txttreat'

2018-05-15 17:24:59 - [MESSAGE][PASSED] - Text '10' is set on object 'Object Repository/PharmacyRequest/Page_KDMC-Pharmacy/input_txttreat'

2018-05-15 17:24:59 - [TEST_STEP][PASSED] - click: Object: 'Object Repository/PharmacyRequest/Page_KDMC-Pharmacy/button_Add' is clicked on

2018-05-15 17:24:59 - [MESSAGE][PASSED] - Object: 'Object Repository/PharmacyRequest/Page_KDMC-Pharmacy/button_Add' is clicked on

2018-05-15 17:24:59 - [TEST_STEP][PASSED] - selectOptionByIndex: All options with index in [10] are selected on object 'Object Repository/PharmacyRequest/Page_KDMC-Pharmacy/select_--Select--Schedule 1Inj'

2018-05-15 17:24:59 - [MESSAGE][PASSED] - All options with index in [10] are selected on object 'Object Repository/PharmacyRequest/Page_KDMC-Pharmacy/select_--Select--Schedule 1Inj'

2018-05-15 17:24:59 - [TEST_STEP][PASSED] - selectOptionByIndex: All options with index in [7] are selected on object 'Object Repository/PharmacyRequest/Page_KDMC-Pharmacy/select_--Select--Albendazole'

2018-05-15 17:24:59 - [MESSAGE][PASSED] - All options with index in [7] are selected on object 'Object Repository/PharmacyRequest/Page_KDMC-Pharmacy/select_--Select--Albendazole'

2018-05-15 17:24:59 - [TEST_STEP][PASSED] - setText: Text '10' is set on object 'Object Repository/PharmacyRequest/Page_KDMC-Pharmacy/input_txttreat'

2018-05-15 17:24:59 - [MESSAGE][PASSED] - Text '10' is set on object 'Object Repository/PharmacyRequest/Page_KDMC-Pharmacy/input_txttreat'

2018-05-15 17:24:59 - [TEST_STEP][PASSED] - click: Object: 'Object Repository/PharmacyRequest/Page_KDMC-Pharmacy/button_Add' is clicked on

2018-05-15 17:25:00 - [MESSAGE][PASSED] - Object: 'Object Repository/PharmacyRequest/Page_KDMC-Pharmacy/button_Add' is clicked on

2018-05-15 17:25:00 - [TEST_STEP][PASSED] - selectOptionByIndex: All options with index in [10] are selected on object 'Object Repository/PharmacyRequest/Page_KDMC-Pharmacy/select_--Select--Schedule 1Inj'

2018-05-15 17:25:00 - [MESSAGE][PASSED] - All options with index in [10] are selected on object 'Object Repository/PharmacyRequest/Page_KDMC-Pharmacy/select_--Select--Schedule 1Inj'

2018-05-15 17:25:00 - [TEST_STEP][PASSED] - selectOptionByIndex: All options with index in [8] are selected on object 'Object Repository/PharmacyRequest/Page_KDMC-Pharmacy/select_--Select--Albendazole'

2018-05-15 17:25:00 - [MESSAGE][PASSED] - All options with index in [8] are selected on object 'Object Repository/PharmacyRequest/Page_KDMC-Pharmacy/select_--Select--Albendazole'

2018-05-15 17:25:00 - [TEST_STEP][PASSED] - setText: Text '10' is set on object 'Object Repository/PharmacyRequest/Page_KDMC-Pharmacy/input_txttreat'

2018-05-15 17:25:00 - [MESSAGE][PASSED] - Text '10' is set on object 'Object Repository/PharmacyRequest/Page_KDMC-Pharmacy/input_txttreat'

2018-05-15 17:25:00 - [TEST_STEP][PASSED] - click: Object: 'Object Repository/PharmacyRequest/Page_KDMC-Pharmacy/button_Add' is clicked on

2018-05-15 17:25:00 - [MESSAGE][PASSED] - Object: 'Object Repository/PharmacyRequest/Page_KDMC-Pharmacy/button_Add' is clicked on

2018-05-15 17:25:00 - [TEST_STEP][PASSED] - selectOptionByIndex: All options with index in [10] are selected on object 'Object Repository/PharmacyRequest/Page_KDMC-Pharmacy/select_--Select--Schedule 1Inj'

2018-05-15 17:25:00 - [MESSAGE][PASSED] - All options with index in [10] are selected on object 'Object Repository/PharmacyRequest/Page_KDMC-Pharmacy/select_--Select--Schedule 1Inj'

2018-05-15 17:25:00 - [TEST_STEP][PASSED] - selectOptionByIndex: All options with index in [9] are selected on object 'Object Repository/PharmacyRequest/Page_KDMC-Pharmacy/select_--Select--Albendazole'

2018-05-15 17:25:00 - [MESSAGE][PASSED] - All options with index in [9] are selected on object 'Object Repository/PharmacyRequest/Page_KDMC-Pharmacy/select_--Select--Albendazole'

2018-05-15 17:25:00 - [TEST_STEP][PASSED] - setText: Text '10' is set on object 'Object Repository/PharmacyRequest/Page_KDMC-Pharmacy/input_txttreat'

2018-05-15 17:25:00 - [MESSAGE][PASSED] - Text '10' is set on object 'Object Repository/PharmacyRequest/Page_KDMC-Pharmacy/input_txttreat'

2018-05-15 17:25:01 - [TEST_STEP][PASSED] - click: Object: 'Object Repository/PharmacyRequest/Page_KDMC-Pharmacy/button_Add' is clicked on

2018-05-15 17:25:01 - [MESSAGE][PASSED] - Object: 'Object Repository/PharmacyRequest/Page_KDMC-Pharmacy/button_Add' is clicked on

2018-05-15 17:25:01 - [TEST_STEP][PASSED] - selectOptionByIndex: All options with index in [10] are selected on object 'Object Repository/PharmacyRequest/Page_KDMC-Pharmacy/select_--Select--Schedule 1Inj'

2018-05-15 17:25:01 - [MESSAGE][PASSED] - All options with index in [10] are selected on object 'Object Repository/PharmacyRequest/Page_KDMC-Pharmacy/select_--Select--Schedule 1Inj'

2018-05-15 17:25:01 - [TEST_STEP][PASSED] - selectOptionByIndex: All options with index in [10] are selected on object 'Object Repository/PharmacyRequest/Page_KDMC-Pharmacy/select_--Select--Albendazole'

2018-05-15 17:25:01 - [MESSAGE][PASSED] - All options with index in [10] are selected on object 'Object Repository/PharmacyRequest/Page_KDMC-Pharmacy/select_--Select--Albendazole'

2018-05-15 17:25:01 - [TEST_STEP][PASSED] - setText: Text '10' is set on object 'Object Repository/PharmacyRequest/Page_KDMC-Pharmacy/input_txttreat'

2018-05-15 17:25:01 - [MESSAGE][PASSED] - Text '10' is set on object 'Object Repository/PharmacyRequest/Page_KDMC-Pharmacy/input_txttreat'

2018-05-15 17:25:01 - [TEST_STEP][PASSED] - click: Object: 'Object Repository/PharmacyRequest/Page_KDMC-Pharmacy/button_Add' is clicked on

2018-05-15 17:25:01 - [MESSAGE][PASSED] - Object: 'Object Repository/PharmacyRequest/Page_KDMC-Pharmacy/button_Add' is clicked on

2018-05-15 17:25:01 - [TEST_STEP][PASSED] - selectOptionByIndex: All options with index in [10] are selected on object 'Object Repository/PharmacyRequest/Page_KDMC-Pharmacy/select_--Select--Schedule 1Inj'

2018-05-15 17:25:01 - [MESSAGE][PASSED] - All options with index in [10] are selected on object 'Object Repository/PharmacyRequest/Page_KDMC-Pharmacy/select_--Select--Schedule 1Inj'

2018-05-15 17:25:01 - [TEST_STEP][PASSED] - selectOptionByIndex: All options with index in [11] are selected on object 'Object Repository/PharmacyRequest/Page_KDMC-Pharmacy/select_--Select--Albendazole'

2018-05-15 17:25:01 - [MESSAGE][PASSED] - All options with index in [11] are selected on object 'Object Repository/PharmacyRequest/Page_KDMC-Pharmacy/select_--Select--Albendazole'

2018-05-15 17:25:01 - [TEST_STEP][PASSED] - setText: Text '10' is set on object 'Object Repository/PharmacyRequest/Page_KDMC-Pharmacy/input_txttreat'

2018-05-15 17:25:02 - [MESSAGE][PASSED] - Text '10' is set on object 'Object Repository/PharmacyRequest/Page_KDMC-Pharmacy/input_txttreat'

2018-05-15 17:25:02 - [TEST_STEP][PASSED] - click: Object: 'Object Repository/PharmacyRequest/Page_KDMC-Pharmacy/button_Add' is clicked on

2018-05-15 17:25:02 - [MESSAGE][PASSED] - Object: 'Object Repository/PharmacyRequest/Page_KDMC-Pharmacy/button_Add' is clicked on

2018-05-15 17:25:02 - [TEST_STEP][PASSED] - selectOptionByIndex: All options with index in [10] are selected on object 'Object Repository/PharmacyRequest/Page_KDMC-Pharmacy/select_--Select--Schedule 1Inj'

2018-05-15 17:25:02 - [MESSAGE][PASSED] - All options with index in [10] are selected on object 'Object Repository/PharmacyRequest/Page_KDMC-Pharmacy/select_--Select--Schedule 1Inj'

2018-05-15 17:25:02 - [TEST_STEP][PASSED] - selectOptionByIndex: All options with index in [12] are selected on object 'Object Repository/PharmacyRequest/Page_KDMC-Pharmacy/select_--Select--Albendazole'

2018-05-15 17:25:02 - [MESSAGE][PASSED] - All options with index in [12] are selected on object 'Object Repository/PharmacyRequest/Page_KDMC-Pharmacy/select_--Select--Albendazole'

2018-05-15 17:25:02 - [TEST_STEP][PASSED] - setText: Text '10' is set on object 'Object Repository/PharmacyRequest/Page_KDMC-Pharmacy/input_txttreat'

2018-05-15 17:25:02 - [MESSAGE][PASSED] - Text '10' is set on object 'Object Repository/PharmacyRequest/Page_KDMC-Pharmacy/input_txttreat'

2018-05-15 17:25:02 - [TEST_STEP][PASSED] - click: Object: 'Object Repository/PharmacyRequest/Page_KDMC-Pharmacy/button_Add' is clicked on

2018-05-15 17:25:02 - [MESSAGE][PASSED] - Object: 'Object Repository/PharmacyRequest/Page_KDMC-Pharmacy/button_Add' is clicked on

2018-05-15 17:25:02 - [TEST_STEP][PASSED] - selectOptionByIndex: All options with index in [10] are selected on object 'Object Repository/PharmacyRequest/Page_KDMC-Pharmacy/select_--Select--Schedule 1Inj'

2018-05-15 17:25:02 - [MESSAGE][PASSED] - All options with index in [10] are selected on object 'Object Repository/PharmacyRequest/Page_KDMC-Pharmacy/select_--Select--Schedule 1Inj'

2018-05-15 17:25:02 - [TEST_STEP][PASSED] - selectOptionByIndex: All options with index in [13] are selected on object 'Object Repository/PharmacyRequest/Page_KDMC-Pharmacy/select_--Select--Albendazole'

2018-05-15 17:25:02 - [MESSAGE][PASSED] - All options with index in [13] are selected on object 'Object Repository/PharmacyRequest/Page_KDMC-Pharmacy/select_--Select--Albendazole'

2018-05-15 17:25:02 - [TEST_STEP][PASSED] - setText: Text '10' is set on object 'Object Repository/PharmacyRequest/Page_KDMC-Pharmacy/input_txttreat'

2018-05-15 17:25:03 - [MESSAGE][PASSED] - Text '10' is set on object 'Object Repository/PharmacyRequest/Page_KDMC-Pharmacy/input_txttreat'

2018-05-15 17:25:03 - [TEST_STEP][PASSED] - click: Object: 'Object Repository/PharmacyRequest/Page_KDMC-Pharmacy/button_Add' is clicked on

2018-05-15 17:25:03 - [MESSAGE][PASSED] - Object: 'Object Repository/PharmacyRequest/Page_KDMC-Pharmacy/button_Add' is clicked on

2018-05-15 17:25:03 - [TEST_STEP][PASSED] - selectOptionByIndex: All options with index in [10] are selected on object 'Object Repository/PharmacyRequest/Page_KDMC-Pharmacy/select_--Select--Schedule 1Inj'

2018-05-15 17:25:03 - [MESSAGE][PASSED] - All options with index in [10] are selected on object 'Object Repository/PharmacyRequest/Page_KDMC-Pharmacy/select_--Select--Schedule 1Inj'

2018-05-15 17:25:03 - [TEST_STEP][PASSED] - selectOptionByIndex: All options with index in [14] are selected on object 'Object Repository/PharmacyRequest/Page_KDMC-Pharmacy/select_--Select--Albendazole'

2018-05-15 17:25:03 - [MESSAGE][PASSED] - All options with index in [14] are selected on object 'Object Repository/PharmacyRequest/Page_KDMC-Pharmacy/select_--Select--Albendazole'

2018-05-15 17:25:03 - [TEST_STEP][PASSED] - setText: Text '10' is set on object 'Object Repository/PharmacyRequest/Page_KDMC-Pharmacy/input_txttreat'

2018-05-15 17:25:03 - [MESSAGE][PASSED] - Text '10' is set on object 'Object Repository/PharmacyRequest/Page_KDMC-Pharmacy/input_txttreat'

2018-05-15 17:25:03 - [TEST_STEP][PASSED] - click: Object: 'Object Repository/PharmacyRequest/Page_KDMC-Pharmacy/button_Add' is clicked on

2018-05-15 17:25:03 - [MESSAGE][PASSED] - Object: 'Object Repository/PharmacyRequest/Page_KDMC-Pharmacy/button_Add' is clicked on

2018-05-15 17:25:03 - [TEST_STEP][PASSED] - selectOptionByIndex: All options with index in [10] are selected on object 'Object Repository/PharmacyRequest/Page_KDMC-Pharmacy/select_--Select--Schedule 1Inj'

2018-05-15 17:25:03 - [MESSAGE][PASSED] - All options with index in [10] are selected on object 'Object Repository/PharmacyRequest/Page_KDMC-Pharmacy/select_--Select--Schedule 1Inj'

2018-05-15 17:25:03 - [TEST_STEP][PASSED] - selectOptionByIndex: All options with index in [15] are selected on object 'Object Repository/PharmacyRequest/Page_KDMC-Pharmacy/select_--Select--Albendazole'

2018-05-15 17:25:04 - [MESSAGE][PASSED] - All options with index in [15] are selected on object 'Object Repository/PharmacyRequest/Page_KDMC-Pharmacy/select_--Select--Albendazole'

2018-05-15 17:25:04 - [TEST_STEP][PASSED] - setText: Text '10' is set on object 'Object Repository/PharmacyRequest/Page_KDMC-Pharmacy/input_txttreat'

2018-05-15 17:25:04 - [MESSAGE][PASSED] - Text '10' is set on object 'Object Repository/PharmacyRequest/Page_KDMC-Pharmacy/input_txttreat'

2018-05-15 17:25:04 - [TEST_STEP][PASSED] - click: Object: 'Object Repository/PharmacyRequest/Page_KDMC-Pharmacy/button_Add' is clicked on

2018-05-15 17:25:04 - [MESSAGE][PASSED] - Object: 'Object Repository/PharmacyRequest/Page_KDMC-Pharmacy/button_Add' is clicked on

2018-05-15 17:25:04 - [TEST_STEP][PASSED] - selectOptionByIndex: All options with index in [10] are selected on object 'Object Repository/PharmacyRequest/Page_KDMC-Pharmacy/select_--Select--Schedule 1Inj'

2018-05-15 17:25:04 - [MESSAGE][PASSED] - All options with index in [10] are selected on object 'Object Repository/PharmacyRequest/Page_KDMC-Pharmacy/select_--Select--Schedule 1Inj'

2018-05-15 17:25:04 - [TEST_STEP][PASSED] - selectOptionByIndex: All options with index in [16] are selected on object 'Object Repository/PharmacyRequest/Page_KDMC-Pharmacy/select_--Select--Albendazole'

2018-05-15 17:25:04 - [MESSAGE][PASSED] - All options with index in [16] are selected on object 'Object Repository/PharmacyRequest/Page_KDMC-Pharmacy/select_--Select--Albendazole'

2018-05-15 17:25:04 - [TEST_STEP][PASSED] - setText: Text '10' is set on object 'Object Repository/PharmacyRequest/Page_KDMC-Pharmacy/input_txttreat'

2018-05-15 17:25:04 - [MESSAGE][PASSED] - Text '10' is set on object 'Object Repository/PharmacyRequest/Page_KDMC-Pharmacy/input_txttreat'

2018-05-15 17:25:04 - [TEST_STEP][PASSED] - click: Object: 'Object Repository/PharmacyRequest/Page_KDMC-Pharmacy/button_Add' is clicked on

2018-05-15 17:25:04 - [MESSAGE][PASSED] - Object: 'Object Repository/PharmacyRequest/Page_KDMC-Pharmacy/button_Add' is clicked on

2018-05-15 17:25:04 - [TEST_STEP][PASSED] - selectOptionByIndex: All options with index in [10] are selected on object 'Object Repository/PharmacyRequest/Page_KDMC-Pharmacy/select_--Select--Schedule 1Inj'

2018-05-15 17:25:04 - [MESSAGE][PASSED] - All options with index in [10] are selected on object 'Object Repository/PharmacyRequest/Page_KDMC-Pharmacy/select_--Select--Schedule 1Inj'

2018-05-15 17:25:04 - [TEST_STEP][PASSED] - selectOptionByIndex: All options with index in [17] are selected on object 'Object Repository/PharmacyRequest/Page_KDMC-Pharmacy/select_--Select--Albendazole'

2018-05-15 17:25:05 - [MESSAGE][PASSED] - All options with index in [17] are selected on object 'Object Repository/PharmacyRequest/Page_KDMC-Pharmacy/select_--Select--Albendazole'

2018-05-15 17:25:05 - [TEST_STEP][PASSED] - setText: Text '10' is set on object 'Object Repository/PharmacyRequest/Page_KDMC-Pharmacy/input_txttreat'

2018-05-15 17:25:05 - [MESSAGE][PASSED] - Text '10' is set on object 'Object Repository/PharmacyRequest/Page_KDMC-Pharmacy/input_txttreat'

2018-05-15 17:25:05 - [TEST_STEP][PASSED] - click: Object: 'Object Repository/PharmacyRequest/Page_KDMC-Pharmacy/button_Add' is clicked on

2018-05-15 17:25:05 - [MESSAGE][PASSED] - Object: 'Object Repository/PharmacyRequest/Page_KDMC-Pharmacy/button_Add' is clicked on

2018-05-15 17:25:05 - [TEST_STEP][PASSED] - selectOptionByIndex: All options with index in [10] are selected on object 'Object Repository/PharmacyRequest/Page_KDMC-Pharmacy/select_--Select--Schedule 1Inj'

2018-05-15 17:25:05 - [MESSAGE][PASSED] - All options with index in [10] are selected on object 'Object Repository/PharmacyRequest/Page_KDMC-Pharmacy/select_--Select--Schedule 1Inj'

2018-05-15 17:25:05 - [TEST_STEP][PASSED] - selectOptionByIndex: All options with index in [18] are selected on object 'Object Repository/PharmacyRequest/Page_KDMC-Pharmacy/select_--Select--Albendazole'

2018-05-15 17:25:05 - [MESSAGE][PASSED] - All options with index in [18] are selected on object 'Object Repository/PharmacyRequest/Page_KDMC-Pharmacy/select_--Select--Albendazole'

2018-05-15 17:25:05 - [TEST_STEP][PASSED] - setText: Text '10' is set on object 'Object Repository/PharmacyRequest/Page_KDMC-Pharmacy/input_txttreat'

2018-05-15 17:25:05 - [MESSAGE][PASSED] - Text '10' is set on object 'Object Repository/PharmacyRequest/Page_KDMC-Pharmacy/input_txttreat'

2018-05-15 17:25:05 - [TEST_STEP][PASSED] - click: Object: 'Object Repository/PharmacyRequest/Page_KDMC-Pharmacy/button_Add' is clicked on

2018-05-15 17:25:05 - [MESSAGE][PASSED] - Object: 'Object Repository/PharmacyRequest/Page_KDMC-Pharmacy/button_Add' is clicked on

2018-05-15 17:25:05 - [TEST_STEP][PASSED] - Statement - RN1 = com.kms.katalon.core.webui.keyword.WebUiBuiltInKeywords.getAttribute(com.kms.katalon.core.testobject.ObjectRepository.findTestObject(PharmacyRequest/Page_KDMC-Pharmacy/input_txtno), "value"): Attribute 'value' of object 'Object Repository/PharmacyRequest/Page_KDMC-Pharmacy/input_txtno' is: 'PRNO/15052018/128'

2018-05-15 17:25:05 - [MESSAGE][PASSED] - Attribute 'value' of object 'Object Repository/PharmacyRequest/Page_KDMC-Pharmacy/input_txtno' is: 'PRNO/15052018/128'

2018-05-15 17:25:05 - [TEST_STEP][PASSED] - Statement - out.println(RN1): null

2018-05-15 17:25:05 - [TEST_STEP][PASSED] - Statement - RID = RN1.split("/")[2]: null

2018-05-15 17:25:05 - [TEST_STEP][PASSED] - scrollToElement: Scroll to object 'Object Repository/PharmacyRequest/Page_KDMC-Pharmacy/input_btnsave' successfully

2018-05-15 17:25:05 - [MESSAGE][PASSED] - Scroll to object 'Object Repository/PharmacyRequest/Page_KDMC-Pharmacy/input_btnsave' successfully

2018-05-15 17:25:05 - [TEST_STEP][PASSED] - click: Object: 'Object Repository/PharmacyRequest/Page_KDMC-Pharmacy/input_btnsave' is clicked on

2018-05-15 17:25:06 - [MESSAGE][PASSED] - Object: 'Object Repository/PharmacyRequest/Page_KDMC-Pharmacy/input_btnsave' is clicked on

2018-05-15 17:25:06 - [TEST_STEP][PASSED] - delay: Delayed 3 second(s)

2018-05-15 17:25:09 - [MESSAGE][PASSED] - Delayed 3 second(s)

2018-05-15 17:25:09 - [TEST_STEP][PASSED] - click: Object: 'Object Repository/PharmacyRequest/Page_KDMC-Pharmacy/button_OK' is clicked on

2018-05-15 17:25:09 - [MESSAGE][PASSED] - Object: 'Object Repository/PharmacyRequest/Page_KDMC-Pharmacy/button_OK' is clicked on

2018-05-15 17:25:09 - [TEST_STEP][PASSED] - delay: Delayed 3 second(s)

2018-05-15 17:25:12 - [MESSAGE][PASSED] - Delayed 3 second(s)

2018-05-15 17:25:12 - [TEST_STEP][PASSED] - click: Object: 'Object Repository/PharmacyRequest/Page_KDMC-Pharmacy/a_Back to Pharmacy' is clicked on

2018-05-15 17:25:13 - [MESSAGE][PASSED] - Object: 'Object Repository/PharmacyRequest/Page_KDMC-Pharmacy/a_Back to Pharmacy' is clicked on

2018-05-15 17:25:13 - [TEST_STEP][PASSED] - delay: Delayed 3 second(s)

2018-05-15 17:25:16 - [MESSAGE][PASSED] - Delayed 3 second(s)

2018-05-15 17:25:16 - [TEST_STEP][PASSED] - click: Object: 'Object Repository/PharmacyRequest/Page_KDMC - Pharmacy/a_dropdown-toggle' is clicked on

2018-05-15 17:25:16 - [MESSAGE][PASSED] - Object: 'Object Repository/PharmacyRequest/Page_KDMC - Pharmacy/a_dropdown-toggle' is clicked on

2018-05-15 17:25:16 - [TEST_STEP][PASSED] - click: Object: 'Object Repository/PharmacyRequest/Page_KDMC - Pharmacy/a_Sign out' is clicked on

2018-05-15 17:25:17 - [MESSAGE][PASSED] - Object: 'Object Repository/PharmacyRequest/Page_KDMC - Pharmacy/a_Sign out' is clicked on

2018-05-15 17:25:17 - [TEST_STEP][PASSED] - delay: Delayed 3 second(s)

2018-05-15 17:25:20 - [MESSAGE][PASSED] - Delayed 3 second(s)

2018-05-15 17:25:20 - [TEST_STEP][PASSED] - click: Object: 'Object Repository/PharmacyRequest/Page_KDMC/a_CMO' is clicked on

2018-05-15 17:25:20 - [MESSAGE][PASSED] - Object: 'Object Repository/PharmacyRequest/Page_KDMC/a_CMO' is clicked on

2018-05-15 17:25:20 - [TEST_STEP][PASSED] - setText: Text 'guru' is set on object 'Object Repository/PharmacyRequest/Page_CMO login/input_txtusername'

2018-05-15 17:25:20 - [MESSAGE][PASSED] - Text 'guru' is set on object 'Object Repository/PharmacyRequest/Page_CMO login/input_txtusername'

2018-05-15 17:25:20 - [TEST_STEP][PASSED] - setText: Text '123' is set on object 'Object Repository/PharmacyRequest/Page_CMO login/input_txtpassword'

2018-05-15 17:25:20 - [MESSAGE][PASSED] - Text '123' is set on object 'Object Repository/PharmacyRequest/Page_CMO login/input_txtpassword'

2018-05-15 17:25:20 - [TEST_STEP][PASSED] - delay: Delayed 3 second(s)

2018-05-15 17:25:23 - [MESSAGE][PASSED] - Delayed 3 second(s)

2018-05-15 17:25:23 - [TEST_STEP][PASSED] - click: Object: 'Object Repository/PharmacyRequest/Page_CMO login/button_Sign in' is clicked on

2018-05-15 17:25:24 - [MESSAGE][PASSED] - Object: 'Object Repository/PharmacyRequest/Page_CMO login/button_Sign in' is clicked on

2018-05-15 17:25:24 - [TEST_STEP][PASSED] - click: Object: 'Object Repository/PharmacyRequest/Page_KDMC - CMO/a_Department Wise Request' is clicked on

2018-05-15 17:25:24 - [MESSAGE][PASSED] - Object: 'Object Repository/PharmacyRequest/Page_KDMC - CMO/a_Department Wise Request' is clicked on

2018-05-15 17:25:24 - [TEST_STEP][PASSED] - selectOptionByIndex: All options with index in [2] are selected on object 'Object Repository/PharmacyRequest/Page_KDMC - CMO/select_--ALL--'

2018-05-15 17:25:25 - [MESSAGE][PASSED] - All options with index in [2] are selected on object 'Object Repository/PharmacyRequest/Page_KDMC - CMO/select_--ALL--'

2018-05-15 17:25:25 - [TEST_STEP][PASSED] - selectOptionByIndex: All options with index in [1] are selected on object 'Object Repository/PharmacyRequest/Page_KDMC - CMO/select_--ALL--                _1'

2018-05-15 17:25:25 - [MESSAGE][PASSED] - All options with index in [1] are selected on object 'Object Repository/PharmacyRequest/Page_KDMC - CMO/select_--ALL--                _1'

2018-05-15 17:25:25 - [TEST_STEP][PASSED] - click: Object: 'Object Repository/PharmacyRequest/Page_KDMC - CMO/input_btnsearch' is clicked on

2018-05-15 17:25:25 - [MESSAGE][PASSED] - Object: 'Object Repository/PharmacyRequest/Page_KDMC - CMO/input_btnsearch' is clicked on

2018-05-15 17:25:25 - [TEST_STEP][PASSED] - Statement - ID = com.kms.katalon.core.webui.keyword.WebUiBuiltInKeywords.modifyObjectProperty(com.kms.katalon.core.testobject.ObjectRepository.findTestObject(PharmacyRequest/Page_KDMC - CMO/input_2), "xpath", "equals", "//*[@id=" + RID + "]", true): Modify property of object successfully

2018-05-15 17:25:25 - [MESSAGE][PASSED] - Modify property of object successfully

2018-05-15 17:25:25 - [TEST_STEP][PASSED] - click: Object: 'Object Repository/PharmacyRequest/Page_KDMC - CMO/input_2' is clicked on

2018-05-15 17:25:26 - [MESSAGE][PASSED] - Object: 'Object Repository/PharmacyRequest/Page_KDMC - CMO/input_2' is clicked on

2018-05-15 17:25:26 - [TEST_STEP][PASSED] - delay: Delayed 3 second(s)

2018-05-15 17:25:29 - [MESSAGE][PASSED] - Delayed 3 second(s)

2018-05-15 17:25:29 - [TEST_STEP][PASSED] - selectOptionByIndex: All options with index in [1] are selected on object 'Object Repository/PharmacyRequest/Page_KDMC - CMO/select_--Select--'

2018-05-15 17:25:29 - [MESSAGE][PASSED] - All options with index in [1] are selected on object 'Object Repository/PharmacyRequest/Page_KDMC - CMO/select_--Select--'

2018-05-15 17:25:29 - [TEST_STEP][PASSED] - click: Object: 'Object Repository/PharmacyRequest/Page_KDMC - CMO/input_btnupdate' is clicked on

2018-05-15 17:25:29 - [MESSAGE][PASSED] - Object: 'Object Repository/PharmacyRequest/Page_KDMC - CMO/input_btnupdate' is clicked on

2018-05-15 17:25:29 - [TEST_STEP][PASSED] - delay: Delayed 3 second(s)

2018-05-15 17:25:32 - [MESSAGE][PASSED] - Delayed 3 second(s)

2018-05-15 17:25:32 - [TEST_STEP][PASSED] - click: Object: 'Object Repository/PharmacyRequest/Page_KDMC - CMO/button_OK' is clicked on

2018-05-15 17:25:32 - [MESSAGE][PASSED] - Object: 'Object Repository/PharmacyRequest/Page_KDMC - CMO/button_OK' is clicked on

2018-05-15 17:25:32 - [TEST_STEP][PASSED] - delay: Delayed 3 second(s)

2018-05-15 17:25:35 - [MESSAGE][PASSED] - Delayed 3 second(s)

2018-05-15 17:25:35 - [TEST_STEP][PASSED] - click: Object: 'Object Repository/PharmacyRequest/Page_KDMC - CMO/a_dropdown-toggle' is clicked on

2018-05-15 17:25:35 - [MESSAGE][PASSED] - Object: 'Object Repository/PharmacyRequest/Page_KDMC - CMO/a_dropdown-toggle' is clicked on

2018-05-15 17:25:35 - [TEST_STEP][PASSED] - click: Object: 'Object Repository/PharmacyRequest/Page_KDMC - CMO/a_Sign out' is clicked on

2018-05-15 17:25:36 - [MESSAGE][PASSED] - Object: 'Object Repository/PharmacyRequest/Page_KDMC - CMO/a_Sign out' is clicked on

2018-05-15 17:25:36 - [TEST_STEP][PASSED] - delay: Delayed 3 second(s)

2018-05-15 17:25:39 - [MESSAGE][PASSED] - Delayed 3 second(s)

2018-05-15 17:25:39 - [TEST_STEP][PASSED] - click: Object: 'Object Repository/PharmacyRequest/Page_KDMC/a_Divisional Store' is clicked on

2018-05-15 17:25:40 - [MESSAGE][PASSED] - Object: 'Object Repository/PharmacyRequest/Page_KDMC/a_Divisional Store' is clicked on

2018-05-15 17:25:40 - [TEST_STEP][PASSED] - setText: Text 'ragu' is set on object 'Object Repository/PharmacyRequest/Page_Divisonal Store Login/input_txtusername'

2018-05-15 17:25:40 - [MESSAGE][PASSED] - Text 'ragu' is set on object 'Object Repository/PharmacyRequest/Page_Divisonal Store Login/input_txtusername'

2018-05-15 17:25:40 - [TEST_STEP][PASSED] - setText: Text '123' is set on object 'Object Repository/PharmacyRequest/Page_Divisonal Store Login/input_txtpassword'

2018-05-15 17:25:40 - [MESSAGE][PASSED] - Text '123' is set on object 'Object Repository/PharmacyRequest/Page_Divisonal Store Login/input_txtpassword'

2018-05-15 17:25:40 - [TEST_STEP][PASSED] - delay: Delayed 3 second(s)

2018-05-15 17:25:43 - [MESSAGE][PASSED] - Delayed 3 second(s)

2018-05-15 17:25:43 - [TEST_STEP][PASSED] - click: Object: 'Object Repository/PharmacyRequest/Page_Divisonal Store Login/button_Sign in' is clicked on

2018-05-15 17:25:44 - [MESSAGE][PASSED] - Object: 'Object Repository/PharmacyRequest/Page_Divisonal Store Login/button_Sign in' is clicked on

2018-05-15 17:25:44 - [TEST_STEP][PASSED] - delay: Delayed 3 second(s)

2018-05-15 17:25:47 - [MESSAGE][PASSED] - Delayed 3 second(s)

2018-05-15 17:25:47 - [TEST_STEP][PASSED] - click: Object: 'Object Repository/PharmacyRequest/Page_Store/a_Pharmacy Request' is clicked on

2018-05-15 17:25:47 - [MESSAGE][PASSED] - Object: 'Object Repository/PharmacyRequest/Page_Store/a_Pharmacy Request' is clicked on

2018-05-15 17:25:47 - [TEST_STEP][PASSED] - click: Object: 'Object Repository/PharmacyRequest/Page_Store/a_Request Item Pharmacy' is clicked on

2018-05-15 17:25:47 - [MESSAGE][PASSED] - Object: 'Object Repository/PharmacyRequest/Page_Store/a_Request Item Pharmacy' is clicked on

2018-05-15 17:25:47 - [TEST_STEP][PASSED] - delay: Delayed 2 second(s)

2018-05-15 17:25:49 - [MESSAGE][PASSED] - Delayed 2 second(s)

2018-05-15 17:25:49 - [TEST_STEP][PASSED] - setText: Text 'PRNO/15052018/128' is set on object 'Object Repository/PharmacyRequest/Page_Store/input'

2018-05-15 17:25:50 - [MESSAGE][PASSED] - Text 'PRNO/15052018/128' is set on object 'Object Repository/PharmacyRequest/Page_Store/input'

2018-05-15 17:25:50 - [TEST_STEP][PASSED] - delay: Delayed 2 second(s)

2018-05-15 17:25:52 - [MESSAGE][PASSED] - Delayed 2 second(s)

2018-05-15 17:25:52 - [TEST_STEP][PASSED] - Statement - ChooseRequest = com.kms.katalon.core.webui.keyword.WebUiBuiltInKeywords.modifyObjectProperty(com.kms.katalon.core.testobject.ObjectRepository.findTestObject(PharmacyRequest/Page_Store/input_2), "xpath", "equals", "//*[@id=" + RID + "]", true): Modify property of object successfully

2018-05-15 17:25:52 - [MESSAGE][PASSED] - Modify property of object successfully

2018-05-15 17:25:52 - [TEST_STEP][PASSED] - click: Object: 'Object Repository/PharmacyRequest/Page_Store/input_2' is clicked on

2018-05-15 17:25:52 - [MESSAGE][PASSED] - Object: 'Object Repository/PharmacyRequest/Page_Store/input_2' is clicked on

2018-05-15 17:25:52 - [TEST_STEP][PASSED] - delay: Delayed 2 second(s)

2018-05-15 17:25:54 - [MESSAGE][PASSED] - Delayed 2 second(s)

2018-05-15 17:25:54 - [TEST_STEP][PASSED] - Statement - selectedoptions = com.kms.katalon.core.webui.keyword.WebUiBuiltInKeywords.getNumberOfTotalOption(com.kms.katalon.core.testobject.ObjectRepository.findTestObject(PharmacyRequest/Page_Store/select_--Select--Amlodepin -5)): 19 options of object 'Object Repository/PharmacyRequest/Page_Store/select_--Select--Amlodepin -5' counted

2018-05-15 17:25:54 - [MESSAGE][PASSED] - 19 options of object 'Object Repository/PharmacyRequest/Page_Store/select_--Select--Amlodepin -5' counted

2018-05-15 17:25:54 - [TEST_STEP][PASSED] - Statement - For ([a = 1, a <= selectedoptions - 1, (a++)]): null

2018-05-15 17:25:54 - [TEST_STEP][PASSED] - selectOptionByIndex: All options with index in [1] are selected on object 'Object Repository/PharmacyRequest/Page_Store/select_--Select--Amlodepin -5'

2018-05-15 17:25:55 - [MESSAGE][PASSED] - All options with index in [1] are selected on object 'Object Repository/PharmacyRequest/Page_Store/select_--Select--Amlodepin -5'

2018-05-15 17:25:55 - [TEST_STEP][PASSED] - delay: Delayed 1 second(s)

2018-05-15 17:25:56 - [MESSAGE][PASSED] - Delayed 1 second(s)

2018-05-15 17:25:56 - [TEST_STEP][PASSED] - Statement - RequestedQty = com.kms.katalon.core.webui.keyword.WebUiBuiltInKeywords.getAttribute(com.kms.katalon.core.testobject.ObjectRepository.findTestObject(PharmacyRequest/Page_Store/input_txttotal), "value"): Attribute 'value' of object 'Object Repository/PharmacyRequest/Page_Store/input_txttotal' is: '10'

2018-05-15 17:25:56 - [MESSAGE][PASSED] - Attribute 'value' of object 'Object Repository/PharmacyRequest/Page_Store/input_txttotal' is: '10'

2018-05-15 17:25:56 - [TEST_STEP][PASSED] - Statement - out.println("Requested QTY : " + RequestedQty): null

2018-05-15 17:25:56 - [TEST_STEP][PASSED] - Statement - BatchNumber = com.kms.katalon.core.webui.keyword.WebUiBuiltInKeywords.getNumberOfTotalOption(com.kms.katalon.core.testobject.ObjectRepository.findTestObject(PharmacyRequest/Page_Store/select_--Select--BA50)): 3 options of object 'Object Repository/PharmacyRequest/Page_Store/select_--Select--BA50' counted

2018-05-15 17:25:56 - [MESSAGE][PASSED] - 3 options of object 'Object Repository/PharmacyRequest/Page_Store/select_--Select--BA50' counted

2018-05-15 17:25:56 - [TEST_STEP][PASSED] - Statement - For ([g = 1, g <= BatchNumber - 1, (g++)]): null

2018-05-15 17:25:56 - [TEST_STEP][PASSED] - selectOptionByIndex: All options with index in [1] are selected on object 'Object Repository/PharmacyRequest/Page_Store/select_--Select--BA50'

2018-05-15 17:25:56 - [MESSAGE][PASSED] - All options with index in [1] are selected on object 'Object Repository/PharmacyRequest/Page_Store/select_--Select--BA50'

2018-05-15 17:25:56 - [TEST_STEP][PASSED] - delay: Delayed 1 second(s)

2018-05-15 17:25:57 - [MESSAGE][PASSED] - Delayed 1 second(s)

2018-05-15 17:25:57 - [TEST_STEP][PASSED] - Statement - StockQty = com.kms.katalon.core.webui.keyword.WebUiBuiltInKeywords.getAttribute(com.kms.katalon.core.testobject.ObjectRepository.findTestObject(PharmacyRequest/Page_Store/input_txtprice), "value"): Attribute 'value' of object 'Object Repository/PharmacyRequest/Page_Store/input_txtprice' is: '960'

2018-05-15 17:25:57 - [MESSAGE][PASSED] - Attribute 'value' of object 'Object Repository/PharmacyRequest/Page_Store/input_txtprice' is: '960'

2018-05-15 17:25:57 - [TEST_STEP][PASSED] - Statement - out.println("Stock QTY : " + StockQty): null

2018-05-15 17:25:57 - [TEST_STEP][PASSED] - delay: Delayed 1 second(s)

2018-05-15 17:25:58 - [MESSAGE][PASSED] - Delayed 1 second(s)

2018-05-15 17:25:58 - [TEST_STEP][PASSED] - Statement - If (java.lang.Integer.valueOf(StockQty) >= java.lang.Integer.valueOf(RequestedQty)): null

2018-05-15 17:25:58 - [TEST_STEP][PASSED] - setText: Text '10' is set on object 'Object Repository/PharmacyRequest/Page_Store/input_txtqty'

2018-05-15 17:25:58 - [MESSAGE][PASSED] - Text '10' is set on object 'Object Repository/PharmacyRequest/Page_Store/input_txtqty'

2018-05-15 17:25:58 - [TEST_STEP][PASSED] - click: Object: 'Object Repository/PharmacyRequest/Page_Store/button_Add' is clicked on

2018-05-15 17:25:58 - [MESSAGE][PASSED] - Object: 'Object Repository/PharmacyRequest/Page_Store/button_Add' is clicked on

2018-05-15 17:25:58 - [TEST_STEP][PASSED] - Statement - Break: null

2018-05-15 17:25:58 - [TEST_STEP][PASSED] - selectOptionByIndex: All options with index in [2] are selected on object 'Object Repository/PharmacyRequest/Page_Store/select_--Select--Amlodepin -5'

2018-05-15 17:25:58 - [MESSAGE][PASSED] - All options with index in [2] are selected on object 'Object Repository/PharmacyRequest/Page_Store/select_--Select--Amlodepin -5'

2018-05-15 17:25:58 - [TEST_STEP][PASSED] - delay: Delayed 1 second(s)

2018-05-15 17:25:59 - [MESSAGE][PASSED] - Delayed 1 second(s)

2018-05-15 17:25:59 - [TEST_STEP][PASSED] - Statement - RequestedQty = com.kms.katalon.core.webui.keyword.WebUiBuiltInKeywords.getAttribute(com.kms.katalon.core.testobject.ObjectRepository.findTestObject(PharmacyRequest/Page_Store/input_txttotal), "value"): Attribute 'value' of object 'Object Repository/PharmacyRequest/Page_Store/input_txttotal' is: '10'

2018-05-15 17:25:59 - [MESSAGE][PASSED] - Attribute 'value' of object 'Object Repository/PharmacyRequest/Page_Store/input_txttotal' is: '10'

2018-05-15 17:25:59 - [TEST_STEP][PASSED] - Statement - out.println("Requested QTY : " + RequestedQty): null

2018-05-15 17:25:59 - [TEST_STEP][PASSED] - Statement - BatchNumber = com.kms.katalon.core.webui.keyword.WebUiBuiltInKeywords.getNumberOfTotalOption(com.kms.katalon.core.testobject.ObjectRepository.findTestObject(PharmacyRequest/Page_Store/select_--Select--BA50)): 2 options of object 'Object Repository/PharmacyRequest/Page_Store/select_--Select--BA50' counted

2018-05-15 17:25:59 - [MESSAGE][PASSED] - 2 options of object 'Object Repository/PharmacyRequest/Page_Store/select_--Select--BA50' counted

2018-05-15 17:25:59 - [TEST_STEP][PASSED] - Statement - For ([g = 1, g <= BatchNumber - 1, (g++)]): null

2018-05-15 17:25:59 - [TEST_STEP][PASSED] - selectOptionByIndex: All options with index in [1] are selected on object 'Object Repository/PharmacyRequest/Page_Store/select_--Select--BA50'

2018-05-15 17:25:59 - [MESSAGE][PASSED] - All options with index in [1] are selected on object 'Object Repository/PharmacyRequest/Page_Store/select_--Select--BA50'

2018-05-15 17:25:59 - [TEST_STEP][PASSED] - delay: Delayed 1 second(s)

2018-05-15 17:26:00 - [MESSAGE][PASSED] - Delayed 1 second(s)

2018-05-15 17:26:00 - [TEST_STEP][PASSED] - Statement - StockQty = com.kms.katalon.core.webui.keyword.WebUiBuiltInKeywords.getAttribute(com.kms.katalon.core.testobject.ObjectRepository.findTestObject(PharmacyRequest/Page_Store/input_txtprice), "value"): Attribute 'value' of object 'Object Repository/PharmacyRequest/Page_Store/input_txtprice' is: '960'

2018-05-15 17:26:00 - [MESSAGE][PASSED] - Attribute 'value' of object 'Object Repository/PharmacyRequest/Page_Store/input_txtprice' is: '960'

2018-05-15 17:26:00 - [TEST_STEP][PASSED] - Statement - out.println("Stock QTY : " + StockQty): null

2018-05-15 17:26:00 - [TEST_STEP][PASSED] - delay: Delayed 1 second(s)

2018-05-15 17:26:01 - [MESSAGE][PASSED] - Delayed 1 second(s)

2018-05-15 17:26:01 - [TEST_STEP][PASSED] - Statement - If (java.lang.Integer.valueOf(StockQty) >= java.lang.Integer.valueOf(RequestedQty)): null

2018-05-15 17:26:01 - [TEST_STEP][PASSED] - setText: Text '10' is set on object 'Object Repository/PharmacyRequest/Page_Store/input_txtqty'

2018-05-15 17:26:02 - [MESSAGE][PASSED] - Text '10' is set on object 'Object Repository/PharmacyRequest/Page_Store/input_txtqty'

2018-05-15 17:26:02 - [TEST_STEP][PASSED] - click: Object: 'Object Repository/PharmacyRequest/Page_Store/button_Add' is clicked on

2018-05-15 17:26:02 - [MESSAGE][PASSED] - Object: 'Object Repository/PharmacyRequest/Page_Store/button_Add' is clicked on

2018-05-15 17:26:02 - [TEST_STEP][PASSED] - Statement - Break: null

2018-05-15 17:26:02 - [TEST_STEP][PASSED] - selectOptionByIndex: All options with index in [3] are selected on object 'Object Repository/PharmacyRequest/Page_Store/select_--Select--Amlodepin -5'

2018-05-15 17:26:02 - [MESSAGE][PASSED] - All options with index in [3] are selected on object 'Object Repository/PharmacyRequest/Page_Store/select_--Select--Amlodepin -5'

2018-05-15 17:26:02 - [TEST_STEP][PASSED] - delay: Delayed 1 second(s)

2018-05-15 17:26:03 - [MESSAGE][PASSED] - Delayed 1 second(s)

2018-05-15 17:26:03 - [TEST_STEP][PASSED] - Statement - RequestedQty = com.kms.katalon.core.webui.keyword.WebUiBuiltInKeywords.getAttribute(com.kms.katalon.core.testobject.ObjectRepository.findTestObject(PharmacyRequest/Page_Store/input_txttotal), "value"): Attribute 'value' of object 'Object Repository/PharmacyRequest/Page_Store/input_txttotal' is: '10'

2018-05-15 17:26:03 - [MESSAGE][PASSED] - Attribute 'value' of object 'Object Repository/PharmacyRequest/Page_Store/input_txttotal' is: '10'

2018-05-15 17:26:03 - [TEST_STEP][PASSED] - Statement - out.println("Requested QTY : " + RequestedQty): null

2018-05-15 17:26:03 - [TEST_STEP][PASSED] - Statement - BatchNumber = com.kms.katalon.core.webui.keyword.WebUiBuiltInKeywords.getNumberOfTotalOption(com.kms.katalon.core.testobject.ObjectRepository.findTestObject(PharmacyRequest/Page_Store/select_--Select--BA50)): 2 options of object 'Object Repository/PharmacyRequest/Page_Store/select_--Select--BA50' counted

2018-05-15 17:26:03 - [MESSAGE][PASSED] - 2 options of object 'Object Repository/PharmacyRequest/Page_Store/select_--Select--BA50' counted

2018-05-15 17:26:03 - [TEST_STEP][PASSED] - Statement - For ([g = 1, g <= BatchNumber - 1, (g++)]): null

2018-05-15 17:26:03 - [TEST_STEP][PASSED] - selectOptionByIndex: All options with index in [1] are selected on object 'Object Repository/PharmacyRequest/Page_Store/select_--Select--BA50'

2018-05-15 17:26:03 - [MESSAGE][PASSED] - All options with index in [1] are selected on object 'Object Repository/PharmacyRequest/Page_Store/select_--Select--BA50'

2018-05-15 17:26:03 - [TEST_STEP][PASSED] - delay: Delayed 1 second(s)

2018-05-15 17:26:04 - [MESSAGE][PASSED] - Delayed 1 second(s)

2018-05-15 17:26:04 - [TEST_STEP][PASSED] - Statement - StockQty = com.kms.katalon.core.webui.keyword.WebUiBuiltInKeywords.getAttribute(com.kms.katalon.core.testobject.ObjectRepository.findTestObject(PharmacyRequest/Page_Store/input_txtprice), "value"): Attribute 'value' of object 'Object Repository/PharmacyRequest/Page_Store/input_txtprice' is: '960'

2018-05-15 17:26:04 - [MESSAGE][PASSED] - Attribute 'value' of object 'Object Repository/PharmacyRequest/Page_Store/input_txtprice' is: '960'

2018-05-15 17:26:04 - [TEST_STEP][PASSED] - Statement - out.println("Stock QTY : " + StockQty): null

2018-05-15 17:26:04 - [TEST_STEP][PASSED] - delay: Delayed 1 second(s)

2018-05-15 17:26:05 - [MESSAGE][PASSED] - Delayed 1 second(s)

2018-05-15 17:26:05 - [TEST_STEP][PASSED] - Statement - If (java.lang.Integer.valueOf(StockQty) >= java.lang.Integer.valueOf(RequestedQty)): null

2018-05-15 17:26:05 - [TEST_STEP][PASSED] - setText: Text '10' is set on object 'Object Repository/PharmacyRequest/Page_Store/input_txtqty'

2018-05-15 17:26:05 - [MESSAGE][PASSED] - Text '10' is set on object 'Object Repository/PharmacyRequest/Page_Store/input_txtqty'

2018-05-15 17:26:05 - [TEST_STEP][PASSED] - click: Object: 'Object Repository/PharmacyRequest/Page_Store/button_Add' is clicked on

2018-05-15 17:26:05 - [MESSAGE][PASSED] - Object: 'Object Repository/PharmacyRequest/Page_Store/button_Add' is clicked on

2018-05-15 17:26:05 - [TEST_STEP][PASSED] - Statement - Break: null

2018-05-15 17:26:05 - [TEST_STEP][PASSED] - selectOptionByIndex: All options with index in [4] are selected on object 'Object Repository/PharmacyRequest/Page_Store/select_--Select--Amlodepin -5'

2018-05-15 17:26:05 - [MESSAGE][PASSED] - All options with index in [4] are selected on object 'Object Repository/PharmacyRequest/Page_Store/select_--Select--Amlodepin -5'

2018-05-15 17:26:05 - [TEST_STEP][PASSED] - delay: Delayed 1 second(s)

2018-05-15 17:26:06 - [MESSAGE][PASSED] - Delayed 1 second(s)

2018-05-15 17:26:06 - [TEST_STEP][PASSED] - Statement - RequestedQty = com.kms.katalon.core.webui.keyword.WebUiBuiltInKeywords.getAttribute(com.kms.katalon.core.testobject.ObjectRepository.findTestObject(PharmacyRequest/Page_Store/input_txttotal), "value"): Attribute 'value' of object 'Object Repository/PharmacyRequest/Page_Store/input_txttotal' is: '10'

2018-05-15 17:26:06 - [MESSAGE][PASSED] - Attribute 'value' of object 'Object Repository/PharmacyRequest/Page_Store/input_txttotal' is: '10'

2018-05-15 17:26:06 - [TEST_STEP][PASSED] - Statement - out.println("Requested QTY : " + RequestedQty): null

2018-05-15 17:26:06 - [TEST_STEP][PASSED] - Statement - BatchNumber = com.kms.katalon.core.webui.keyword.WebUiBuiltInKeywords.getNumberOfTotalOption(com.kms.katalon.core.testobject.ObjectRepository.findTestObject(PharmacyRequest/Page_Store/select_--Select--BA50)): 2 options of object 'Object Repository/PharmacyRequest/Page_Store/select_--Select--BA50' counted

2018-05-15 17:26:06 - [MESSAGE][PASSED] - 2 options of object 'Object Repository/PharmacyRequest/Page_Store/select_--Select--BA50' counted

2018-05-15 17:26:06 - [TEST_STEP][PASSED] - Statement - For ([g = 1, g <= BatchNumber - 1, (g++)]): null

2018-05-15 17:26:06 - [TEST_STEP][PASSED] - selectOptionByIndex: All options with index in [1] are selected on object 'Object Repository/PharmacyRequest/Page_Store/select_--Select--BA50'

2018-05-15 17:26:07 - [MESSAGE][PASSED] - All options with index in [1] are selected on object 'Object Repository/PharmacyRequest/Page_Store/select_--Select--BA50'

2018-05-15 17:26:07 - [TEST_STEP][PASSED] - delay: Delayed 1 second(s)

2018-05-15 17:26:08 - [MESSAGE][PASSED] - Delayed 1 second(s)

2018-05-15 17:26:08 - [TEST_STEP][PASSED] - Statement - StockQty = com.kms.katalon.core.webui.keyword.WebUiBuiltInKeywords.getAttribute(com.kms.katalon.core.testobject.ObjectRepository.findTestObject(PharmacyRequest/Page_Store/input_txtprice), "value"): Attribute 'value' of object 'Object Repository/PharmacyRequest/Page_Store/input_txtprice' is: '960'

2018-05-15 17:26:08 - [MESSAGE][PASSED] - Attribute 'value' of object 'Object Repository/PharmacyRequest/Page_Store/input_txtprice' is: '960'

2018-05-15 17:26:08 - [TEST_STEP][PASSED] - Statement - out.println("Stock QTY : " + StockQty): null

2018-05-15 17:26:08 - [TEST_STEP][PASSED] - delay: Delayed 1 second(s)

2018-05-15 17:26:09 - [MESSAGE][PASSED] - Delayed 1 second(s)

2018-05-15 17:26:09 - [TEST_STEP][PASSED] - Statement - If (java.lang.Integer.valueOf(StockQty) >= java.lang.Integer.valueOf(RequestedQty)): null

2018-05-15 17:26:09 - [TEST_STEP][PASSED] - setText: Text '10' is set on object 'Object Repository/PharmacyRequest/Page_Store/input_txtqty'

2018-05-15 17:26:09 - [MESSAGE][PASSED] - Text '10' is set on object 'Object Repository/PharmacyRequest/Page_Store/input_txtqty'

2018-05-15 17:26:09 - [TEST_STEP][PASSED] - click: Object: 'Object Repository/PharmacyRequest/Page_Store/button_Add' is clicked on

2018-05-15 17:26:09 - [MESSAGE][PASSED] - Object: 'Object Repository/PharmacyRequest/Page_Store/button_Add' is clicked on

2018-05-15 17:26:09 - [TEST_STEP][PASSED] - Statement - Break: null

2018-05-15 17:26:09 - [TEST_STEP][PASSED] - selectOptionByIndex: All options with index in [5] are selected on object 'Object Repository/PharmacyRequest/Page_Store/select_--Select--Amlodepin -5'

2018-05-15 17:26:09 - [MESSAGE][PASSED] - All options with index in [5] are selected on object 'Object Repository/PharmacyRequest/Page_Store/select_--Select--Amlodepin -5'

2018-05-15 17:26:09 - [TEST_STEP][PASSED] - delay: Delayed 1 second(s)

2018-05-15 17:26:10 - [MESSAGE][PASSED] - Delayed 1 second(s)

2018-05-15 17:26:10 - [TEST_STEP][PASSED] - Statement - RequestedQty = com.kms.katalon.core.webui.keyword.WebUiBuiltInKeywords.getAttribute(com.kms.katalon.core.testobject.ObjectRepository.findTestObject(PharmacyRequest/Page_Store/input_txttotal), "value"): Attribute 'value' of object 'Object Repository/PharmacyRequest/Page_Store/input_txttotal' is: '10'

2018-05-15 17:26:10 - [MESSAGE][PASSED] - Attribute 'value' of object 'Object Repository/PharmacyRequest/Page_Store/input_txttotal' is: '10'

2018-05-15 17:26:10 - [TEST_STEP][PASSED] - Statement - out.println("Requested QTY : " + RequestedQty): null

2018-05-15 17:26:10 - [TEST_STEP][PASSED] - Statement - BatchNumber = com.kms.katalon.core.webui.keyword.WebUiBuiltInKeywords.getNumberOfTotalOption(com.kms.katalon.core.testobject.ObjectRepository.findTestObject(PharmacyRequest/Page_Store/select_--Select--BA50)): 2 options of object 'Object Repository/PharmacyRequest/Page_Store/select_--Select--BA50' counted

2018-05-15 17:26:10 - [MESSAGE][PASSED] - 2 options of object 'Object Repository/PharmacyRequest/Page_Store/select_--Select--BA50' counted

2018-05-15 17:26:10 - [TEST_STEP][PASSED] - Statement - For ([g = 1, g <= BatchNumber - 1, (g++)]): null

2018-05-15 17:26:10 - [TEST_STEP][PASSED] - selectOptionByIndex: All options with index in [1] are selected on object 'Object Repository/PharmacyRequest/Page_Store/select_--Select--BA50'

2018-05-15 17:26:10 - [MESSAGE][PASSED] - All options with index in [1] are selected on object 'Object Repository/PharmacyRequest/Page_Store/select_--Select--BA50'

2018-05-15 17:26:10 - [TEST_STEP][PASSED] - delay: Delayed 1 second(s)

2018-05-15 17:26:11 - [MESSAGE][PASSED] - Delayed 1 second(s)

2018-05-15 17:26:11 - [TEST_STEP][PASSED] - Statement - StockQty = com.kms.katalon.core.webui.keyword.WebUiBuiltInKeywords.getAttribute(com.kms.katalon.core.testobject.ObjectRepository.findTestObject(PharmacyRequest/Page_Store/input_txtprice), "value"): Attribute 'value' of object 'Object Repository/PharmacyRequest/Page_Store/input_txtprice' is: '960'

2018-05-15 17:26:11 - [MESSAGE][PASSED] - Attribute 'value' of object 'Object Repository/PharmacyRequest/Page_Store/input_txtprice' is: '960'

2018-05-15 17:26:11 - [TEST_STEP][PASSED] - Statement - out.println("Stock QTY : " + StockQty): null

2018-05-15 17:26:11 - [TEST_STEP][PASSED] - delay: Delayed 1 second(s)

2018-05-15 17:26:12 - [MESSAGE][PASSED] - Delayed 1 second(s)

2018-05-15 17:26:12 - [TEST_STEP][PASSED] - Statement - If (java.lang.Integer.valueOf(StockQty) >= java.lang.Integer.valueOf(RequestedQty)): null

2018-05-15 17:26:12 - [TEST_STEP][PASSED] - setText: Text '10' is set on object 'Object Repository/PharmacyRequest/Page_Store/input_txtqty'

2018-05-15 17:26:12 - [MESSAGE][PASSED] - Text '10' is set on object 'Object Repository/PharmacyRequest/Page_Store/input_txtqty'

2018-05-15 17:26:12 - [TEST_STEP][PASSED] - click: Object: 'Object Repository/PharmacyRequest/Page_Store/button_Add' is clicked on

2018-05-15 17:26:12 - [MESSAGE][PASSED] - Object: 'Object Repository/PharmacyRequest/Page_Store/button_Add' is clicked on

2018-05-15 17:26:12 - [TEST_STEP][PASSED] - Statement - Break: null

2018-05-15 17:26:12 - [TEST_STEP][PASSED] - selectOptionByIndex: All options with index in [6] are selected on object 'Object Repository/PharmacyRequest/Page_Store/select_--Select--Amlodepin -5'

2018-05-15 17:26:12 - [MESSAGE][PASSED] - All options with index in [6] are selected on object 'Object Repository/PharmacyRequest/Page_Store/select_--Select--Amlodepin -5'

2018-05-15 17:26:12 - [TEST_STEP][PASSED] - delay: Delayed 1 second(s)

2018-05-15 17:26:13 - [MESSAGE][PASSED] - Delayed 1 second(s)

2018-05-15 17:26:13 - [TEST_STEP][PASSED] - Statement - RequestedQty = com.kms.katalon.core.webui.keyword.WebUiBuiltInKeywords.getAttribute(com.kms.katalon.core.testobject.ObjectRepository.findTestObject(PharmacyRequest/Page_Store/input_txttotal), "value"): Attribute 'value' of object 'Object Repository/PharmacyRequest/Page_Store/input_txttotal' is: '10'

2018-05-15 17:26:13 - [MESSAGE][PASSED] - Attribute 'value' of object 'Object Repository/PharmacyRequest/Page_Store/input_txttotal' is: '10'

2018-05-15 17:26:13 - [TEST_STEP][PASSED] - Statement - out.println("Requested QTY : " + RequestedQty): null

2018-05-15 17:26:13 - [TEST_STEP][PASSED] - Statement - BatchNumber = com.kms.katalon.core.webui.keyword.WebUiBuiltInKeywords.getNumberOfTotalOption(com.kms.katalon.core.testobject.ObjectRepository.findTestObject(PharmacyRequest/Page_Store/select_--Select--BA50)): 2 options of object 'Object Repository/PharmacyRequest/Page_Store/select_--Select--BA50' counted

2018-05-15 17:26:14 - [MESSAGE][PASSED] - 2 options of object 'Object Repository/PharmacyRequest/Page_Store/select_--Select--BA50' counted

2018-05-15 17:26:14 - [TEST_STEP][PASSED] - Statement - For ([g = 1, g <= BatchNumber - 1, (g++)]): null

2018-05-15 17:26:14 - [TEST_STEP][PASSED] - selectOptionByIndex: All options with index in [1] are selected on object 'Object Repository/PharmacyRequest/Page_Store/select_--Select--BA50'

2018-05-15 17:26:14 - [MESSAGE][PASSED] - All options with index in [1] are selected on object 'Object Repository/PharmacyRequest/Page_Store/select_--Select--BA50'

2018-05-15 17:26:14 - [TEST_STEP][PASSED] - delay: Delayed 1 second(s)

2018-05-15 17:26:15 - [MESSAGE][PASSED] - Delayed 1 second(s)

2018-05-15 17:26:15 - [TEST_STEP][PASSED] - Statement - StockQty = com.kms.katalon.core.webui.keyword.WebUiBuiltInKeywords.getAttribute(com.kms.katalon.core.testobject.ObjectRepository.findTestObject(PharmacyRequest/Page_Store/input_txtprice), "value"): Attribute 'value' of object 'Object Repository/PharmacyRequest/Page_Store/input_txtprice' is: '925'

2018-05-15 17:26:15 - [MESSAGE][PASSED] - Attribute 'value' of object 'Object Repository/PharmacyRequest/Page_Store/input_txtprice' is: '925'

2018-05-15 17:26:15 - [TEST_STEP][PASSED] - Statement - out.println("Stock QTY : " + StockQty): null

2018-05-15 17:26:15 - [TEST_STEP][PASSED] - delay: Delayed 1 second(s)

2018-05-15 17:26:16 - [MESSAGE][PASSED] - Delayed 1 second(s)

2018-05-15 17:26:16 - [TEST_STEP][PASSED] - Statement - If (java.lang.Integer.valueOf(StockQty) >= java.lang.Integer.valueOf(RequestedQty)): null

2018-05-15 17:26:16 - [TEST_STEP][PASSED] - setText: Text '10' is set on object 'Object Repository/PharmacyRequest/Page_Store/input_txtqty'

2018-05-15 17:26:16 - [MESSAGE][PASSED] - Text '10' is set on object 'Object Repository/PharmacyRequest/Page_Store/input_txtqty'

2018-05-15 17:26:16 - [TEST_STEP][PASSED] - click: Object: 'Object Repository/PharmacyRequest/Page_Store/button_Add' is clicked on

2018-05-15 17:26:16 - [MESSAGE][PASSED] - Object: 'Object Repository/PharmacyRequest/Page_Store/button_Add' is clicked on

2018-05-15 17:26:16 - [TEST_STEP][PASSED] - Statement - Break: null

2018-05-15 17:26:16 - [TEST_STEP][PASSED] - selectOptionByIndex: All options with index in [7] are selected on object 'Object Repository/PharmacyRequest/Page_Store/select_--Select--Amlodepin -5'

2018-05-15 17:26:16 - [MESSAGE][PASSED] - All options with index in [7] are selected on object 'Object Repository/PharmacyRequest/Page_Store/select_--Select--Amlodepin -5'

2018-05-15 17:26:16 - [TEST_STEP][PASSED] - delay: Delayed 1 second(s)

2018-05-15 17:26:17 - [MESSAGE][PASSED] - Delayed 1 second(s)

2018-05-15 17:26:17 - [TEST_STEP][PASSED] - Statement - RequestedQty = com.kms.katalon.core.webui.keyword.WebUiBuiltInKeywords.getAttribute(com.kms.katalon.core.testobject.ObjectRepository.findTestObject(PharmacyRequest/Page_Store/input_txttotal), "value"): Attribute 'value' of object 'Object Repository/PharmacyRequest/Page_Store/input_txttotal' is: '10'

2018-05-15 17:26:17 - [MESSAGE][PASSED] - Attribute 'value' of object 'Object Repository/PharmacyRequest/Page_Store/input_txttotal' is: '10'

2018-05-15 17:26:17 - [TEST_STEP][PASSED] - Statement - out.println("Requested QTY : " + RequestedQty): null

2018-05-15 17:26:17 - [TEST_STEP][PASSED] - Statement - BatchNumber = com.kms.katalon.core.webui.keyword.WebUiBuiltInKeywords.getNumberOfTotalOption(com.kms.katalon.core.testobject.ObjectRepository.findTestObject(PharmacyRequest/Page_Store/select_--Select--BA50)): 2 options of object 'Object Repository/PharmacyRequest/Page_Store/select_--Select--BA50' counted

2018-05-15 17:26:17 - [MESSAGE][PASSED] - 2 options of object 'Object Repository/PharmacyRequest/Page_Store/select_--Select--BA50' counted

2018-05-15 17:26:17 - [TEST_STEP][PASSED] - Statement - For ([g = 1, g <= BatchNumber - 1, (g++)]): null

2018-05-15 17:26:17 - [TEST_STEP][PASSED] - selectOptionByIndex: All options with index in [1] are selected on object 'Object Repository/PharmacyRequest/Page_Store/select_--Select--BA50'

2018-05-15 17:26:17 - [MESSAGE][PASSED] - All options with index in [1] are selected on object 'Object Repository/PharmacyRequest/Page_Store/select_--Select--BA50'

2018-05-15 17:26:17 - [TEST_STEP][PASSED] - delay: Delayed 1 second(s)

2018-05-15 17:26:18 - [MESSAGE][PASSED] - Delayed 1 second(s)

2018-05-15 17:26:18 - [TEST_STEP][PASSED] - Statement - StockQty = com.kms.katalon.core.webui.keyword.WebUiBuiltInKeywords.getAttribute(com.kms.katalon.core.testobject.ObjectRepository.findTestObject(PharmacyRequest/Page_Store/input_txtprice), "value"): Attribute 'value' of object 'Object Repository/PharmacyRequest/Page_Store/input_txtprice' is: '904'

2018-05-15 17:26:18 - [MESSAGE][PASSED] - Attribute 'value' of object 'Object Repository/PharmacyRequest/Page_Store/input_txtprice' is: '904'

2018-05-15 17:26:18 - [TEST_STEP][PASSED] - Statement - out.println("Stock QTY : " + StockQty): null

2018-05-15 17:26:18 - [TEST_STEP][PASSED] - delay: Delayed 1 second(s)

2018-05-15 17:26:19 - [MESSAGE][PASSED] - Delayed 1 second(s)

2018-05-15 17:26:19 - [TEST_STEP][PASSED] - Statement - If (java.lang.Integer.valueOf(StockQty) >= java.lang.Integer.valueOf(RequestedQty)): null

2018-05-15 17:26:19 - [TEST_STEP][PASSED] - setText: Text '10' is set on object 'Object Repository/PharmacyRequest/Page_Store/input_txtqty'

2018-05-15 17:26:19 - [MESSAGE][PASSED] - Text '10' is set on object 'Object Repository/PharmacyRequest/Page_Store/input_txtqty'

2018-05-15 17:26:19 - [TEST_STEP][PASSED] - click: Object: 'Object Repository/PharmacyRequest/Page_Store/button_Add' is clicked on

2018-05-15 17:26:19 - [MESSAGE][PASSED] - Object: 'Object Repository/PharmacyRequest/Page_Store/button_Add' is clicked on

2018-05-15 17:26:19 - [TEST_STEP][PASSED] - Statement - Break: null

2018-05-15 17:26:19 - [TEST_STEP][PASSED] - selectOptionByIndex: All options with index in [8] are selected on object 'Object Repository/PharmacyRequest/Page_Store/select_--Select--Amlodepin -5'

2018-05-15 17:26:20 - [MESSAGE][PASSED] - All options with index in [8] are selected on object 'Object Repository/PharmacyRequest/Page_Store/select_--Select--Amlodepin -5'

2018-05-15 17:26:20 - [TEST_STEP][PASSED] - delay: Delayed 1 second(s)

2018-05-15 17:26:21 - [MESSAGE][PASSED] - Delayed 1 second(s)

2018-05-15 17:26:21 - [TEST_STEP][PASSED] - Statement - RequestedQty = com.kms.katalon.core.webui.keyword.WebUiBuiltInKeywords.getAttribute(com.kms.katalon.core.testobject.ObjectRepository.findTestObject(PharmacyRequest/Page_Store/input_txttotal), "value"): Attribute 'value' of object 'Object Repository/PharmacyRequest/Page_Store/input_txttotal' is: '10'

2018-05-15 17:26:21 - [MESSAGE][PASSED] - Attribute 'value' of object 'Object Repository/PharmacyRequest/Page_Store/input_txttotal' is: '10'

2018-05-15 17:26:21 - [TEST_STEP][PASSED] - Statement - out.println("Requested QTY : " + RequestedQty): null

2018-05-15 17:26:21 - [TEST_STEP][PASSED] - Statement - BatchNumber = com.kms.katalon.core.webui.keyword.WebUiBuiltInKeywords.getNumberOfTotalOption(com.kms.katalon.core.testobject.ObjectRepository.findTestObject(PharmacyRequest/Page_Store/select_--Select--BA50)): 2 options of object 'Object Repository/PharmacyRequest/Page_Store/select_--Select--BA50' counted

2018-05-15 17:26:21 - [MESSAGE][PASSED] - 2 options of object 'Object Repository/PharmacyRequest/Page_Store/select_--Select--BA50' counted

2018-05-15 17:26:21 - [TEST_STEP][PASSED] - Statement - For ([g = 1, g <= BatchNumber - 1, (g++)]): null

2018-05-15 17:26:21 - [TEST_STEP][PASSED] - selectOptionByIndex: All options with index in [1] are selected on object 'Object Repository/PharmacyRequest/Page_Store/select_--Select--BA50'

2018-05-15 17:26:21 - [MESSAGE][PASSED] - All options with index in [1] are selected on object 'Object Repository/PharmacyRequest/Page_Store/select_--Select--BA50'

2018-05-15 17:26:21 - [TEST_STEP][PASSED] - delay: Delayed 1 second(s)

2018-05-15 17:26:22 - [MESSAGE][PASSED] - Delayed 1 second(s)

2018-05-15 17:26:22 - [TEST_STEP][PASSED] - Statement - StockQty = com.kms.katalon.core.webui.keyword.WebUiBuiltInKeywords.getAttribute(com.kms.katalon.core.testobject.ObjectRepository.findTestObject(PharmacyRequest/Page_Store/input_txtprice), "value"): Attribute 'value' of object 'Object Repository/PharmacyRequest/Page_Store/input_txtprice' is: '960'

2018-05-15 17:26:22 - [MESSAGE][PASSED] - Attribute 'value' of object 'Object Repository/PharmacyRequest/Page_Store/input_txtprice' is: '960'

2018-05-15 17:26:22 - [TEST_STEP][PASSED] - Statement - out.println("Stock QTY : " + StockQty): null

2018-05-15 17:26:22 - [TEST_STEP][PASSED] - delay: Delayed 1 second(s)

2018-05-15 17:26:23 - [MESSAGE][PASSED] - Delayed 1 second(s)

2018-05-15 17:26:23 - [TEST_STEP][PASSED] - Statement - If (java.lang.Integer.valueOf(StockQty) >= java.lang.Integer.valueOf(RequestedQty)): null

2018-05-15 17:26:23 - [TEST_STEP][PASSED] - setText: Text '10' is set on object 'Object Repository/PharmacyRequest/Page_Store/input_txtqty'

2018-05-15 17:26:23 - [MESSAGE][PASSED] - Text '10' is set on object 'Object Repository/PharmacyRequest/Page_Store/input_txtqty'

2018-05-15 17:26:23 - [TEST_STEP][PASSED] - click: Object: 'Object Repository/PharmacyRequest/Page_Store/button_Add' is clicked on

2018-05-15 17:26:23 - [MESSAGE][PASSED] - Object: 'Object Repository/PharmacyRequest/Page_Store/button_Add' is clicked on

2018-05-15 17:26:23 - [TEST_STEP][PASSED] - Statement - Break: null

2018-05-15 17:26:23 - [TEST_STEP][PASSED] - selectOptionByIndex: All options with index in [9] are selected on object 'Object Repository/PharmacyRequest/Page_Store/select_--Select--Amlodepin -5'

2018-05-15 17:26:23 - [MESSAGE][PASSED] - All options with index in [9] are selected on object 'Object Repository/PharmacyRequest/Page_Store/select_--Select--Amlodepin -5'

2018-05-15 17:26:23 - [TEST_STEP][PASSED] - delay: Delayed 1 second(s)

2018-05-15 17:26:24 - [MESSAGE][PASSED] - Delayed 1 second(s)

2018-05-15 17:26:24 - [TEST_STEP][PASSED] - Statement - RequestedQty = com.kms.katalon.core.webui.keyword.WebUiBuiltInKeywords.getAttribute(com.kms.katalon.core.testobject.ObjectRepository.findTestObject(PharmacyRequest/Page_Store/input_txttotal), "value"): Attribute 'value' of object 'Object Repository/PharmacyRequest/Page_Store/input_txttotal' is: '10'

2018-05-15 17:26:24 - [MESSAGE][PASSED] - Attribute 'value' of object 'Object Repository/PharmacyRequest/Page_Store/input_txttotal' is: '10'

2018-05-15 17:26:24 - [TEST_STEP][PASSED] - Statement - out.println("Requested QTY : " + RequestedQty): null

2018-05-15 17:26:24 - [TEST_STEP][PASSED] - Statement - BatchNumber = com.kms.katalon.core.webui.keyword.WebUiBuiltInKeywords.getNumberOfTotalOption(com.kms.katalon.core.testobject.ObjectRepository.findTestObject(PharmacyRequest/Page_Store/select_--Select--BA50)): 2 options of object 'Object Repository/PharmacyRequest/Page_Store/select_--Select--BA50' counted

2018-05-15 17:26:24 - [MESSAGE][PASSED] - 2 options of object 'Object Repository/PharmacyRequest/Page_Store/select_--Select--BA50' counted

2018-05-15 17:26:24 - [TEST_STEP][PASSED] - Statement - For ([g = 1, g <= BatchNumber - 1, (g++)]): null

2018-05-15 17:26:24 - [TEST_STEP][PASSED] - selectOptionByIndex: All options with index in [1] are selected on object 'Object Repository/PharmacyRequest/Page_Store/select_--Select--BA50'

2018-05-15 17:26:24 - [MESSAGE][PASSED] - All options with index in [1] are selected on object 'Object Repository/PharmacyRequest/Page_Store/select_--Select--BA50'

2018-05-15 17:26:24 - [TEST_STEP][PASSED] - delay: Delayed 1 second(s)

2018-05-15 17:26:25 - [MESSAGE][PASSED] - Delayed 1 second(s)

2018-05-15 17:26:25 - [TEST_STEP][PASSED] - Statement - StockQty = com.kms.katalon.core.webui.keyword.WebUiBuiltInKeywords.getAttribute(com.kms.katalon.core.testobject.ObjectRepository.findTestObject(PharmacyRequest/Page_Store/input_txtprice), "value"): Attribute 'value' of object 'Object Repository/PharmacyRequest/Page_Store/input_txtprice' is: '880'

2018-05-15 17:26:25 - [MESSAGE][PASSED] - Attribute 'value' of object 'Object Repository/PharmacyRequest/Page_Store/input_txtprice' is: '880'

2018-05-15 17:26:25 - [TEST_STEP][PASSED] - Statement - out.println("Stock QTY : " + StockQty): null

2018-05-15 17:26:25 - [TEST_STEP][PASSED] - delay: Delayed 1 second(s)

2018-05-15 17:26:26 - [MESSAGE][PASSED] - Delayed 1 second(s)

2018-05-15 17:26:26 - [TEST_STEP][PASSED] - Statement - If (java.lang.Integer.valueOf(StockQty) >= java.lang.Integer.valueOf(RequestedQty)): null

2018-05-15 17:26:26 - [TEST_STEP][PASSED] - setText: Text '10' is set on object 'Object Repository/PharmacyRequest/Page_Store/input_txtqty'

2018-05-15 17:26:27 - [MESSAGE][PASSED] - Text '10' is set on object 'Object Repository/PharmacyRequest/Page_Store/input_txtqty'

2018-05-15 17:26:27 - [TEST_STEP][PASSED] - click: Object: 'Object Repository/PharmacyRequest/Page_Store/button_Add' is clicked on

2018-05-15 17:26:27 - [MESSAGE][PASSED] - Object: 'Object Repository/PharmacyRequest/Page_Store/button_Add' is clicked on

2018-05-15 17:26:27 - [TEST_STEP][PASSED] - Statement - Break: null

2018-05-15 17:26:27 - [TEST_STEP][PASSED] - selectOptionByIndex: All options with index in [10] are selected on object 'Object Repository/PharmacyRequest/Page_Store/select_--Select--Amlodepin -5'

2018-05-15 17:26:27 - [MESSAGE][PASSED] - All options with index in [10] are selected on object 'Object Repository/PharmacyRequest/Page_Store/select_--Select--Amlodepin -5'

2018-05-15 17:26:27 - [TEST_STEP][PASSED] - delay: Delayed 1 second(s)

2018-05-15 17:26:28 - [MESSAGE][PASSED] - Delayed 1 second(s)

2018-05-15 17:26:28 - [TEST_STEP][PASSED] - Statement - RequestedQty = com.kms.katalon.core.webui.keyword.WebUiBuiltInKeywords.getAttribute(com.kms.katalon.core.testobject.ObjectRepository.findTestObject(PharmacyRequest/Page_Store/input_txttotal), "value"): Attribute 'value' of object 'Object Repository/PharmacyRequest/Page_Store/input_txttotal' is: '10'

2018-05-15 17:26:28 - [MESSAGE][PASSED] - Attribute 'value' of object 'Object Repository/PharmacyRequest/Page_Store/input_txttotal' is: '10'

2018-05-15 17:26:28 - [TEST_STEP][PASSED] - Statement - out.println("Requested QTY : " + RequestedQty): null

2018-05-15 17:26:28 - [TEST_STEP][PASSED] - Statement - BatchNumber = com.kms.katalon.core.webui.keyword.WebUiBuiltInKeywords.getNumberOfTotalOption(com.kms.katalon.core.testobject.ObjectRepository.findTestObject(PharmacyRequest/Page_Store/select_--Select--BA50)): 2 options of object 'Object Repository/PharmacyRequest/Page_Store/select_--Select--BA50' counted

2018-05-15 17:26:28 - [MESSAGE][PASSED] - 2 options of object 'Object Repository/PharmacyRequest/Page_Store/select_--Select--BA50' counted

2018-05-15 17:26:28 - [TEST_STEP][PASSED] - Statement - For ([g = 1, g <= BatchNumber - 1, (g++)]): null

2018-05-15 17:26:28 - [TEST_STEP][PASSED] - selectOptionByIndex: All options with index in [1] are selected on object 'Object Repository/PharmacyRequest/Page_Store/select_--Select--BA50'

2018-05-15 17:26:28 - [MESSAGE][PASSED] - All options with index in [1] are selected on object 'Object Repository/PharmacyRequest/Page_Store/select_--Select--BA50'

2018-05-15 17:26:28 - [TEST_STEP][PASSED] - delay: Delayed 1 second(s)

2018-05-15 17:26:29 - [MESSAGE][PASSED] - Delayed 1 second(s)

2018-05-15 17:26:29 - [TEST_STEP][PASSED] - Statement - StockQty = com.kms.katalon.core.webui.keyword.WebUiBuiltInKeywords.getAttribute(com.kms.katalon.core.testobject.ObjectRepository.findTestObject(PharmacyRequest/Page_Store/input_txtprice), "value"): Attribute 'value' of object 'Object Repository/PharmacyRequest/Page_Store/input_txtprice' is: '960'

2018-05-15 17:26:29 - [MESSAGE][PASSED] - Attribute 'value' of object 'Object Repository/PharmacyRequest/Page_Store/input_txtprice' is: '960'

2018-05-15 17:26:29 - [TEST_STEP][PASSED] - Statement - out.println("Stock QTY : " + StockQty): null

2018-05-15 17:26:29 - [TEST_STEP][PASSED] - delay: Delayed 1 second(s)

2018-05-15 17:26:30 - [MESSAGE][PASSED] - Delayed 1 second(s)

2018-05-15 17:26:30 - [TEST_STEP][PASSED] - Statement - If (java.lang.Integer.valueOf(StockQty) >= java.lang.Integer.valueOf(RequestedQty)): null

2018-05-15 17:26:30 - [TEST_STEP][PASSED] - setText: Text '10' is set on object 'Object Repository/PharmacyRequest/Page_Store/input_txtqty'

2018-05-15 17:26:30 - [MESSAGE][PASSED] - Text '10' is set on object 'Object Repository/PharmacyRequest/Page_Store/input_txtqty'

2018-05-15 17:26:30 - [TEST_STEP][PASSED] - click: Object: 'Object Repository/PharmacyRequest/Page_Store/button_Add' is clicked on

2018-05-15 17:26:30 - [MESSAGE][PASSED] - Object: 'Object Repository/PharmacyRequest/Page_Store/button_Add' is clicked on

2018-05-15 17:26:30 - [TEST_STEP][PASSED] - Statement - Break: null

2018-05-15 17:26:30 - [TEST_STEP][PASSED] - selectOptionByIndex: All options with index in [11] are selected on object 'Object Repository/PharmacyRequest/Page_Store/select_--Select--Amlodepin -5'

2018-05-15 17:26:30 - [MESSAGE][PASSED] - All options with index in [11] are selected on object 'Object Repository/PharmacyRequest/Page_Store/select_--Select--Amlodepin -5'

2018-05-15 17:26:30 - [TEST_STEP][PASSED] - delay: Delayed 1 second(s)

2018-05-15 17:26:31 - [MESSAGE][PASSED] - Delayed 1 second(s)

2018-05-15 17:26:31 - [TEST_STEP][PASSED] - Statement - RequestedQty = com.kms.katalon.core.webui.keyword.WebUiBuiltInKeywords.getAttribute(com.kms.katalon.core.testobject.ObjectRepository.findTestObject(PharmacyRequest/Page_Store/input_txttotal), "value"): Attribute 'value' of object 'Object Repository/PharmacyRequest/Page_Store/input_txttotal' is: '10'

2018-05-15 17:26:32 - [MESSAGE][PASSED] - Attribute 'value' of object 'Object Repository/PharmacyRequest/Page_Store/input_txttotal' is: '10'

2018-05-15 17:26:32 - [TEST_STEP][PASSED] - Statement - out.println("Requested QTY : " + RequestedQty): null

2018-05-15 17:26:32 - [TEST_STEP][PASSED] - Statement - BatchNumber = com.kms.katalon.core.webui.keyword.WebUiBuiltInKeywords.getNumberOfTotalOption(com.kms.katalon.core.testobject.ObjectRepository.findTestObject(PharmacyRequest/Page_Store/select_--Select--BA50)): 2 options of object 'Object Repository/PharmacyRequest/Page_Store/select_--Select--BA50' counted

2018-05-15 17:26:32 - [MESSAGE][PASSED] - 2 options of object 'Object Repository/PharmacyRequest/Page_Store/select_--Select--BA50' counted

2018-05-15 17:26:32 - [TEST_STEP][PASSED] - Statement - For ([g = 1, g <= BatchNumber - 1, (g++)]): null

2018-05-15 17:26:32 - [TEST_STEP][PASSED] - selectOptionByIndex: All options with index in [1] are selected on object 'Object Repository/PharmacyRequest/Page_Store/select_--Select--BA50'

2018-05-15 17:26:32 - [MESSAGE][PASSED] - All options with index in [1] are selected on object 'Object Repository/PharmacyRequest/Page_Store/select_--Select--BA50'

2018-05-15 17:26:32 - [TEST_STEP][PASSED] - delay: Delayed 1 second(s)

2018-05-15 17:26:33 - [MESSAGE][PASSED] - Delayed 1 second(s)

2018-05-15 17:26:33 - [TEST_STEP][PASSED] - Statement - StockQty = com.kms.katalon.core.webui.keyword.WebUiBuiltInKeywords.getAttribute(com.kms.katalon.core.testobject.ObjectRepository.findTestObject(PharmacyRequest/Page_Store/input_txtprice), "value"): Attribute 'value' of object 'Object Repository/PharmacyRequest/Page_Store/input_txtprice' is: '896'

2018-05-15 17:26:33 - [MESSAGE][PASSED] - Attribute 'value' of object 'Object Repository/PharmacyRequest/Page_Store/input_txtprice' is: '896'

2018-05-15 17:26:33 - [TEST_STEP][PASSED] - Statement - out.println("Stock QTY : " + StockQty): null

2018-05-15 17:26:33 - [TEST_STEP][PASSED] - delay: Delayed 1 second(s)

2018-05-15 17:26:34 - [MESSAGE][PASSED] - Delayed 1 second(s)

2018-05-15 17:26:34 - [TEST_STEP][PASSED] - Statement - If (java.lang.Integer.valueOf(StockQty) >= java.lang.Integer.valueOf(RequestedQty)): null

2018-05-15 17:26:34 - [TEST_STEP][PASSED] - setText: Text '10' is set on object 'Object Repository/PharmacyRequest/Page_Store/input_txtqty'

2018-05-15 17:26:34 - [MESSAGE][PASSED] - Text '10' is set on object 'Object Repository/PharmacyRequest/Page_Store/input_txtqty'

2018-05-15 17:26:34 - [TEST_STEP][PASSED] - click: Object: 'Object Repository/PharmacyRequest/Page_Store/button_Add' is clicked on

2018-05-15 17:26:34 - [MESSAGE][PASSED] - Object: 'Object Repository/PharmacyRequest/Page_Store/button_Add' is clicked on

2018-05-15 17:26:34 - [TEST_STEP][PASSED] - Statement - Break: null

2018-05-15 17:26:34 - [TEST_STEP][PASSED] - selectOptionByIndex: All options with index in [12] are selected on object 'Object Repository/PharmacyRequest/Page_Store/select_--Select--Amlodepin -5'

2018-05-15 17:26:34 - [MESSAGE][PASSED] - All options with index in [12] are selected on object 'Object Repository/PharmacyRequest/Page_Store/select_--Select--Amlodepin -5'

2018-05-15 17:26:34 - [TEST_STEP][PASSED] - delay: Delayed 1 second(s)

2018-05-15 17:26:35 - [MESSAGE][PASSED] - Delayed 1 second(s)

2018-05-15 17:26:35 - [TEST_STEP][PASSED] - Statement - RequestedQty = com.kms.katalon.core.webui.keyword.WebUiBuiltInKeywords.getAttribute(com.kms.katalon.core.testobject.ObjectRepository.findTestObject(PharmacyRequest/Page_Store/input_txttotal), "value"): Attribute 'value' of object 'Object Repository/PharmacyRequest/Page_Store/input_txttotal' is: '10'

2018-05-15 17:26:35 - [MESSAGE][PASSED] - Attribute 'value' of object 'Object Repository/PharmacyRequest/Page_Store/input_txttotal' is: '10'

2018-05-15 17:26:35 - [TEST_STEP][PASSED] - Statement - out.println("Requested QTY : " + RequestedQty): null

2018-05-15 17:26:35 - [TEST_STEP][PASSED] - Statement - BatchNumber = com.kms.katalon.core.webui.keyword.WebUiBuiltInKeywords.getNumberOfTotalOption(com.kms.katalon.core.testobject.ObjectRepository.findTestObject(PharmacyRequest/Page_Store/select_--Select--BA50)): 2 options of object 'Object Repository/PharmacyRequest/Page_Store/select_--Select--BA50' counted

2018-05-15 17:26:35 - [MESSAGE][PASSED] - 2 options of object 'Object Repository/PharmacyRequest/Page_Store/select_--Select--BA50' counted

2018-05-15 17:26:35 - [TEST_STEP][PASSED] - Statement - For ([g = 1, g <= BatchNumber - 1, (g++)]): null

2018-05-15 17:26:35 - [TEST_STEP][PASSED] - selectOptionByIndex: All options with index in [1] are selected on object 'Object Repository/PharmacyRequest/Page_Store/select_--Select--BA50'

2018-05-15 17:26:35 - [MESSAGE][PASSED] - All options with index in [1] are selected on object 'Object Repository/PharmacyRequest/Page_Store/select_--Select--BA50'

2018-05-15 17:26:35 - [TEST_STEP][PASSED] - delay: Delayed 1 second(s)

2018-05-15 17:26:36 - [MESSAGE][PASSED] - Delayed 1 second(s)

2018-05-15 17:26:36 - [TEST_STEP][PASSED] - Statement - StockQty = com.kms.katalon.core.webui.keyword.WebUiBuiltInKeywords.getAttribute(com.kms.katalon.core.testobject.ObjectRepository.findTestObject(PharmacyRequest/Page_Store/input_txtprice), "value"): Attribute 'value' of object 'Object Repository/PharmacyRequest/Page_Store/input_txtprice' is: '960'

2018-05-15 17:26:36 - [MESSAGE][PASSED] - Attribute 'value' of object 'Object Repository/PharmacyRequest/Page_Store/input_txtprice' is: '960'

2018-05-15 17:26:36 - [TEST_STEP][PASSED] - Statement - out.println("Stock QTY : " + StockQty): null

2018-05-15 17:26:36 - [TEST_STEP][PASSED] - delay: Delayed 1 second(s)

2018-05-15 17:26:37 - [MESSAGE][PASSED] - Delayed 1 second(s)

2018-05-15 17:26:37 - [TEST_STEP][PASSED] - Statement - If (java.lang.Integer.valueOf(StockQty) >= java.lang.Integer.valueOf(RequestedQty)): null

2018-05-15 17:26:37 - [TEST_STEP][PASSED] - setText: Text '10' is set on object 'Object Repository/PharmacyRequest/Page_Store/input_txtqty'

2018-05-15 17:26:37 - [MESSAGE][PASSED] - Text '10' is set on object 'Object Repository/PharmacyRequest/Page_Store/input_txtqty'

2018-05-15 17:26:37 - [TEST_STEP][PASSED] - click: Object: 'Object Repository/PharmacyRequest/Page_Store/button_Add' is clicked on

2018-05-15 17:26:38 - [MESSAGE][PASSED] - Object: 'Object Repository/PharmacyRequest/Page_Store/button_Add' is clicked on

2018-05-15 17:26:38 - [TEST_STEP][PASSED] - Statement - Break: null

2018-05-15 17:26:38 - [TEST_STEP][PASSED] - selectOptionByIndex: All options with index in [13] are selected on object 'Object Repository/PharmacyRequest/Page_Store/select_--Select--Amlodepin -5'

2018-05-15 17:26:38 - [MESSAGE][PASSED] - All options with index in [13] are selected on object 'Object Repository/PharmacyRequest/Page_Store/select_--Select--Amlodepin -5'

2018-05-15 17:26:38 - [TEST_STEP][PASSED] - delay: Delayed 1 second(s)

2018-05-15 17:26:39 - [MESSAGE][PASSED] - Delayed 1 second(s)

2018-05-15 17:26:39 - [TEST_STEP][PASSED] - Statement - RequestedQty = com.kms.katalon.core.webui.keyword.WebUiBuiltInKeywords.getAttribute(com.kms.katalon.core.testobject.ObjectRepository.findTestObject(PharmacyRequest/Page_Store/input_txttotal), "value"): Attribute 'value' of object 'Object Repository/PharmacyRequest/Page_Store/input_txttotal' is: '10'

2018-05-15 17:26:39 - [MESSAGE][PASSED] - Attribute 'value' of object 'Object Repository/PharmacyRequest/Page_Store/input_txttotal' is: '10'

2018-05-15 17:26:39 - [TEST_STEP][PASSED] - Statement - out.println("Requested QTY : " + RequestedQty): null

2018-05-15 17:26:39 - [TEST_STEP][PASSED] - Statement - BatchNumber = com.kms.katalon.core.webui.keyword.WebUiBuiltInKeywords.getNumberOfTotalOption(com.kms.katalon.core.testobject.ObjectRepository.findTestObject(PharmacyRequest/Page_Store/select_--Select--BA50)): 2 options of object 'Object Repository/PharmacyRequest/Page_Store/select_--Select--BA50' counted

2018-05-15 17:26:39 - [MESSAGE][PASSED] - 2 options of object 'Object Repository/PharmacyRequest/Page_Store/select_--Select--BA50' counted

2018-05-15 17:26:39 - [TEST_STEP][PASSED] - Statement - For ([g = 1, g <= BatchNumber - 1, (g++)]): null

2018-05-15 17:26:39 - [TEST_STEP][PASSED] - selectOptionByIndex: All options with index in [1] are selected on object 'Object Repository/PharmacyRequest/Page_Store/select_--Select--BA50'

2018-05-15 17:26:39 - [MESSAGE][PASSED] - All options with index in [1] are selected on object 'Object Repository/PharmacyRequest/Page_Store/select_--Select--BA50'

2018-05-15 17:26:39 - [TEST_STEP][PASSED] - delay: Delayed 1 second(s)

2018-05-15 17:26:40 - [MESSAGE][PASSED] - Delayed 1 second(s)

2018-05-15 17:26:40 - [TEST_STEP][PASSED] - Statement - StockQty = com.kms.katalon.core.webui.keyword.WebUiBuiltInKeywords.getAttribute(com.kms.katalon.core.testobject.ObjectRepository.findTestObject(PharmacyRequest/Page_Store/input_txtprice), "value"): Attribute 'value' of object 'Object Repository/PharmacyRequest/Page_Store/input_txtprice' is: '960'

2018-05-15 17:26:40 - [MESSAGE][PASSED] - Attribute 'value' of object 'Object Repository/PharmacyRequest/Page_Store/input_txtprice' is: '960'

2018-05-15 17:26:40 - [TEST_STEP][PASSED] - Statement - out.println("Stock QTY : " + StockQty): null

2018-05-15 17:26:40 - [TEST_STEP][PASSED] - delay: Delayed 1 second(s)

2018-05-15 17:26:41 - [MESSAGE][PASSED] - Delayed 1 second(s)

2018-05-15 17:26:41 - [TEST_STEP][PASSED] - Statement - If (java.lang.Integer.valueOf(StockQty) >= java.lang.Integer.valueOf(RequestedQty)): null

2018-05-15 17:26:41 - [TEST_STEP][PASSED] - setText: Text '10' is set on object 'Object Repository/PharmacyRequest/Page_Store/input_txtqty'

2018-05-15 17:26:41 - [MESSAGE][PASSED] - Text '10' is set on object 'Object Repository/PharmacyRequest/Page_Store/input_txtqty'

2018-05-15 17:26:41 - [TEST_STEP][PASSED] - click: Object: 'Object Repository/PharmacyRequest/Page_Store/button_Add' is clicked on

2018-05-15 17:26:41 - [MESSAGE][PASSED] - Object: 'Object Repository/PharmacyRequest/Page_Store/button_Add' is clicked on

2018-05-15 17:26:41 - [TEST_STEP][PASSED] - Statement - Break: null

2018-05-15 17:26:41 - [TEST_STEP][PASSED] - selectOptionByIndex: All options with index in [14] are selected on object 'Object Repository/PharmacyRequest/Page_Store/select_--Select--Amlodepin -5'

2018-05-15 17:26:41 - [MESSAGE][PASSED] - All options with index in [14] are selected on object 'Object Repository/PharmacyRequest/Page_Store/select_--Select--Amlodepin -5'

2018-05-15 17:26:41 - [TEST_STEP][PASSED] - delay: Delayed 1 second(s)

2018-05-15 17:26:42 - [MESSAGE][PASSED] - Delayed 1 second(s)

2018-05-15 17:26:42 - [TEST_STEP][PASSED] - Statement - RequestedQty = com.kms.katalon.core.webui.keyword.WebUiBuiltInKeywords.getAttribute(com.kms.katalon.core.testobject.ObjectRepository.findTestObject(PharmacyRequest/Page_Store/input_txttotal), "value"): Attribute 'value' of object 'Object Repository/PharmacyRequest/Page_Store/input_txttotal' is: '10'

2018-05-15 17:26:42 - [MESSAGE][PASSED] - Attribute 'value' of object 'Object Repository/PharmacyRequest/Page_Store/input_txttotal' is: '10'

2018-05-15 17:26:42 - [TEST_STEP][PASSED] - Statement - out.println("Requested QTY : " + RequestedQty): null

2018-05-15 17:26:42 - [TEST_STEP][PASSED] - Statement - BatchNumber = com.kms.katalon.core.webui.keyword.WebUiBuiltInKeywords.getNumberOfTotalOption(com.kms.katalon.core.testobject.ObjectRepository.findTestObject(PharmacyRequest/Page_Store/select_--Select--BA50)): 2 options of object 'Object Repository/PharmacyRequest/Page_Store/select_--Select--BA50' counted

2018-05-15 17:26:43 - [MESSAGE][PASSED] - 2 options of object 'Object Repository/PharmacyRequest/Page_Store/select_--Select--BA50' counted

2018-05-15 17:26:43 - [TEST_STEP][PASSED] - Statement - For ([g = 1, g <= BatchNumber - 1, (g++)]): null

2018-05-15 17:26:43 - [TEST_STEP][PASSED] - selectOptionByIndex: All options with index in [1] are selected on object 'Object Repository/PharmacyRequest/Page_Store/select_--Select--BA50'

2018-05-15 17:26:43 - [MESSAGE][PASSED] - All options with index in [1] are selected on object 'Object Repository/PharmacyRequest/Page_Store/select_--Select--BA50'

2018-05-15 17:26:43 - [TEST_STEP][PASSED] - delay: Delayed 1 second(s)

2018-05-15 17:26:44 - [MESSAGE][PASSED] - Delayed 1 second(s)

2018-05-15 17:26:44 - [TEST_STEP][PASSED] - Statement - StockQty = com.kms.katalon.core.webui.keyword.WebUiBuiltInKeywords.getAttribute(com.kms.katalon.core.testobject.ObjectRepository.findTestObject(PharmacyRequest/Page_Store/input_txtprice), "value"): Attribute 'value' of object 'Object Repository/PharmacyRequest/Page_Store/input_txtprice' is: '960'

2018-05-15 17:26:44 - [MESSAGE][PASSED] - Attribute 'value' of object 'Object Repository/PharmacyRequest/Page_Store/input_txtprice' is: '960'

2018-05-15 17:26:44 - [TEST_STEP][PASSED] - Statement - out.println("Stock QTY : " + StockQty): null

2018-05-15 17:26:44 - [TEST_STEP][PASSED] - delay: Delayed 1 second(s)

2018-05-15 17:26:45 - [MESSAGE][PASSED] - Delayed 1 second(s)

2018-05-15 17:26:45 - [TEST_STEP][PASSED] - Statement - If (java.lang.Integer.valueOf(StockQty) >= java.lang.Integer.valueOf(RequestedQty)): null

2018-05-15 17:26:45 - [TEST_STEP][PASSED] - setText: Text '10' is set on object 'Object Repository/PharmacyRequest/Page_Store/input_txtqty'

2018-05-15 17:26:45 - [MESSAGE][PASSED] - Text '10' is set on object 'Object Repository/PharmacyRequest/Page_Store/input_txtqty'

2018-05-15 17:26:45 - [TEST_STEP][PASSED] - click: Object: 'Object Repository/PharmacyRequest/Page_Store/button_Add' is clicked on

2018-05-15 17:26:45 - [MESSAGE][PASSED] - Object: 'Object Repository/PharmacyRequest/Page_Store/button_Add' is clicked on

2018-05-15 17:26:45 - [TEST_STEP][PASSED] - Statement - Break: null

2018-05-15 17:26:45 - [TEST_STEP][PASSED] - selectOptionByIndex: All options with index in [15] are selected on object 'Object Repository/PharmacyRequest/Page_Store/select_--Select--Amlodepin -5'

2018-05-15 17:26:45 - [MESSAGE][PASSED] - All options with index in [15] are selected on object 'Object Repository/PharmacyRequest/Page_Store/select_--Select--Amlodepin -5'

2018-05-15 17:26:45 - [TEST_STEP][PASSED] - delay: Delayed 1 second(s)

2018-05-15 17:26:46 - [MESSAGE][PASSED] - Delayed 1 second(s)

2018-05-15 17:26:46 - [TEST_STEP][PASSED] - Statement - RequestedQty = com.kms.katalon.core.webui.keyword.WebUiBuiltInKeywords.getAttribute(com.kms.katalon.core.testobject.ObjectRepository.findTestObject(PharmacyRequest/Page_Store/input_txttotal), "value"): Attribute 'value' of object 'Object Repository/PharmacyRequest/Page_Store/input_txttotal' is: '10'

2018-05-15 17:26:46 - [MESSAGE][PASSED] - Attribute 'value' of object 'Object Repository/PharmacyRequest/Page_Store/input_txttotal' is: '10'

2018-05-15 17:26:46 - [TEST_STEP][PASSED] - Statement - out.println("Requested QTY : " + RequestedQty): null

2018-05-15 17:26:46 - [TEST_STEP][PASSED] - Statement - BatchNumber = com.kms.katalon.core.webui.keyword.WebUiBuiltInKeywords.getNumberOfTotalOption(com.kms.katalon.core.testobject.ObjectRepository.findTestObject(PharmacyRequest/Page_Store/select_--Select--BA50)): 2 options of object 'Object Repository/PharmacyRequest/Page_Store/select_--Select--BA50' counted

2018-05-15 17:26:46 - [MESSAGE][PASSED] - 2 options of object 'Object Repository/PharmacyRequest/Page_Store/select_--Select--BA50' counted

2018-05-15 17:26:46 - [TEST_STEP][PASSED] - Statement - For ([g = 1, g <= BatchNumber - 1, (g++)]): null

2018-05-15 17:26:46 - [TEST_STEP][PASSED] - selectOptionByIndex: All options with index in [1] are selected on object 'Object Repository/PharmacyRequest/Page_Store/select_--Select--BA50'

2018-05-15 17:26:46 - [MESSAGE][PASSED] - All options with index in [1] are selected on object 'Object Repository/PharmacyRequest/Page_Store/select_--Select--BA50'

2018-05-15 17:26:46 - [TEST_STEP][PASSED] - delay: Delayed 1 second(s)

2018-05-15 17:26:47 - [MESSAGE][PASSED] - Delayed 1 second(s)

2018-05-15 17:26:47 - [TEST_STEP][PASSED] - Statement - StockQty = com.kms.katalon.core.webui.keyword.WebUiBuiltInKeywords.getAttribute(com.kms.katalon.core.testobject.ObjectRepository.findTestObject(PharmacyRequest/Page_Store/input_txtprice), "value"): Attribute 'value' of object 'Object Repository/PharmacyRequest/Page_Store/input_txtprice' is: ''

2018-05-15 17:26:47 - [MESSAGE][PASSED] - Attribute 'value' of object 'Object Repository/PharmacyRequest/Page_Store/input_txtprice' is: ''

2018-05-15 17:26:47 - [TEST_STEP][PASSED] - Statement - out.println("Stock QTY : " + StockQty): null

2018-05-15 17:26:47 - [TEST_STEP][PASSED] - delay: Delayed 1 second(s)

2018-05-15 17:26:48 - [MESSAGE][PASSED] - Delayed 1 second(s)

2018-05-15 17:26:48 - [TEST_STEP][PASSED] - Statement - If (java.lang.Integer.valueOf(StockQty) >= java.lang.Integer.valueOf(RequestedQty)): null]]></system-out>
         <system-err><![CDATA[2018-05-15 17:24:37 - [TEST_CASE][ERROR] - Test Cases/PHARMACY TEST CASES/TC_PHAR_010 Verify Schedule 10 Pharmacy Request Are Working Successfully Or Not: Test Cases/PHARMACY TEST CASES/TC_PHAR_010 Verify Schedule 10 Pharmacy Request Are Working Successfully Or Not FAILED because (of) java.lang.NumberFormatException: For input string: ""]]></system-err>
      </testcase>
      <testcase name="Test Cases/PHARMACY TEST CASES/TC_PHAR_011 Verify Schedule 11 Pharmacy Request Are Working Successfully Or Not" classname="Test Cases/PHARMACY TEST CASES/TC_PHAR_011 Verify Schedule 11 Pharmacy Request Are Working Successfully Or Not" status="FAILED">
         <failure type="FAILED" message="Unable to set text '10' of object 'Object Repository/PharmacyRequest/Page_KDMC-Pharmacy/input_txttreat' (Root cause: org.openqa.selenium.WebDriverException: unknown error: cannot focus element
  (Session info: chrome=66.0.3359.139)
  (Driver info: chromedriver=2.35.528161 (5b82f2d2aae0ca24b877009200ced9065a772e73),platform=Windows NT 10.0.17134 x86_64) (WARNING: The server did not provide any stacktrace information)
Command duration or timeout: 0 milliseconds
Build info: version: '3.7.1', revision: '8a0099a', time: '2017-11-06T21:07:36.161Z'
System info: host: 'DESKTOP-BLFTK83', ip: '192.168.71.2', os.name: 'Windows 10', os.arch: 'amd64', os.version: '10.0', java.version: '1.8.0_102'
Driver info: com.kms.katalon.selenium.driver.CChromeDriver
Capabilities {acceptInsecureCerts: false, acceptSslCerts: false, applicationCacheEnabled: false, browserConnectionEnabled: false, browserName: chrome, chrome: {chromedriverVersion: 2.35.528161 (5b82f2d2aae0ca..., userDataDir: C:\Users\QUALIT~1\AppData\L...}, cssSelectorsEnabled: true, databaseEnabled: false, handlesAlerts: true, hasTouchScreen: false, javascriptEnabled: true, locationContextEnabled: true, mobileEmulationEnabled: false, nativeEvents: true, networkConnectionEnabled: false, pageLoadStrategy: normal, platform: XP, platformName: XP, rotatable: false, setWindowRect: true, takesHeapSnapshot: true, takesScreenshot: true, unexpectedAlertBehaviour: , unhandledPromptBehavior: , version: 66.0.3359.139, webStorageEnabled: true}
Session ID: b2593b43f88c7e742ba012f2897866e9)"/>
         <system-out><![CDATA[2018-05-15 17:26:48 - [TEST_CASE][FAILED] - Test Cases/PHARMACY TEST CASES/TC_PHAR_011 Verify Schedule 11 Pharmacy Request Are Working Successfully Or Not: Test Cases/PHARMACY TEST CASES/TC_PHAR_011 Verify Schedule 11 Pharmacy Request Are Working Successfully Or Not FAILED because (of) Unable to set text '10' of object 'Object Repository/PharmacyRequest/Page_KDMC-Pharmacy/input_txttreat' (Root cause: org.openqa.selenium.WebDriverException: unknown error: cannot focus element
  (Session info: chrome=66.0.3359.139)
  (Driver info: chromedriver=2.35.528161 (5b82f2d2aae0ca24b877009200ced9065a772e73),platform=Windows NT 10.0.17134 x86_64) (WARNING: The server did not provide any stacktrace information)
Command duration or timeout: 0 milliseconds
Build info: version: '3.7.1', revision: '8a0099a', time: '2017-11-06T21:07:36.161Z'
System info: host: 'DESKTOP-BLFTK83', ip: '192.168.71.2', os.name: 'Windows 10', os.arch: 'amd64', os.version: '10.0', java.version: '1.8.0_102'
Driver info: com.kms.katalon.selenium.driver.CChromeDriver
Capabilities {acceptInsecureCerts: false, acceptSslCerts: false, applicationCacheEnabled: false, browserConnectionEnabled: false, browserName: chrome, chrome: {chromedriverVersion: 2.35.528161 (5b82f2d2aae0ca..., userDataDir: C:\Users\QUALIT~1\AppData\L...}, cssSelectorsEnabled: true, databaseEnabled: false, handlesAlerts: true, hasTouchScreen: false, javascriptEnabled: true, locationContextEnabled: true, mobileEmulationEnabled: false, nativeEvents: true, networkConnectionEnabled: false, pageLoadStrategy: normal, platform: XP, platformName: XP, rotatable: false, setWindowRect: true, takesHeapSnapshot: true, takesScreenshot: true, unexpectedAlertBehaviour: , unhandledPromptBehavior: , version: 66.0.3359.139, webStorageEnabled: true}
Session ID: b2593b43f88c7e742ba012f2897866e9)

2018-05-15 17:26:49 - [TEST_STEP][PASSED] - openBrowser: Browser is opened with url: ''

2018-05-15 17:26:49 - [MESSAGE][WARNING] - A browser is already opened. Closing browser and opening a new one

2018-05-15 17:26:51 - [MESSAGE][PASSED] - Browser is opened with url: ''

2018-05-15 17:26:51 - [TEST_STEP][PASSED] - Statement - out.println("Verify Schedule 11 Pharmacy Request Are Working Successfully Or Not"): null

2018-05-15 17:26:51 - [TEST_STEP][PASSED] - navigateToUrl: Navigate to 'http://192.168.137.1/multihospital_new/' successfully

2018-05-15 17:26:58 - [MESSAGE][PASSED] - Navigate to 'http://192.168.137.1/multihospital_new/' successfully

2018-05-15 17:26:58 - [TEST_STEP][PASSED] - maximizeWindow: Current window maximized

2018-05-15 17:26:59 - [MESSAGE][PASSED] - Current window maximized

2018-05-15 17:26:59 - [TEST_STEP][PASSED] - click: Object: 'Object Repository/PharmacyRequest/Page_KDMC/a_Pharmacy' is clicked on

2018-05-15 17:27:00 - [MESSAGE][PASSED] - Object: 'Object Repository/PharmacyRequest/Page_KDMC/a_Pharmacy' is clicked on

2018-05-15 17:27:00 - [TEST_STEP][PASSED] - setText: Text 'raja' is set on object 'Object Repository/PharmacyRequest/Page_Pharmacy login/input_txtusername'

2018-05-15 17:27:00 - [MESSAGE][PASSED] - Text 'raja' is set on object 'Object Repository/PharmacyRequest/Page_Pharmacy login/input_txtusername'

2018-05-15 17:27:00 - [TEST_STEP][PASSED] - setText: Text '123' is set on object 'Object Repository/PharmacyRequest/Page_Pharmacy login/input_txtpassword'

2018-05-15 17:27:00 - [MESSAGE][PASSED] - Text '123' is set on object 'Object Repository/PharmacyRequest/Page_Pharmacy login/input_txtpassword'

2018-05-15 17:27:00 - [TEST_STEP][PASSED] - delay: Delayed 3 second(s)

2018-05-15 17:27:03 - [MESSAGE][PASSED] - Delayed 3 second(s)

2018-05-15 17:27:03 - [TEST_STEP][PASSED] - click: Object: 'Object Repository/PharmacyRequest/Page_Pharmacy login/button_Sign in' is clicked on

2018-05-15 17:27:04 - [MESSAGE][PASSED] - Object: 'Object Repository/PharmacyRequest/Page_Pharmacy login/button_Sign in' is clicked on

2018-05-15 17:27:04 - [TEST_STEP][PASSED] - delay: Delayed 3 second(s)

2018-05-15 17:27:07 - [MESSAGE][PASSED] - Delayed 3 second(s)

2018-05-15 17:27:07 - [TEST_STEP][PASSED] - click: Object: 'Object Repository/PharmacyRequest/Page_KDMC - Pharmacy/a_Inventory' is clicked on

2018-05-15 17:27:08 - [MESSAGE][PASSED] - Object: 'Object Repository/PharmacyRequest/Page_KDMC - Pharmacy/a_Inventory' is clicked on

2018-05-15 17:27:08 - [TEST_STEP][PASSED] - delay: Delayed 3 second(s)

2018-05-15 17:27:11 - [MESSAGE][PASSED] - Delayed 3 second(s)

2018-05-15 17:27:11 - [TEST_STEP][PASSED] - click: Object: 'Object Repository/PharmacyRequest/Page_KDMC-Pharmacy/a_Store Request' is clicked on

2018-05-15 17:27:12 - [MESSAGE][PASSED] - Object: 'Object Repository/PharmacyRequest/Page_KDMC-Pharmacy/a_Store Request' is clicked on

2018-05-15 17:27:12 - [TEST_STEP][PASSED] - click: Object: 'Object Repository/PharmacyRequest/Page_KDMC-Pharmacy/a_Medicine Request' is clicked on

2018-05-15 17:27:12 - [MESSAGE][PASSED] - Object: 'Object Repository/PharmacyRequest/Page_KDMC-Pharmacy/a_Medicine Request' is clicked on

2018-05-15 17:27:12 - [TEST_STEP][PASSED] - selectOptionByIndex: All options with index in [11] are selected on object 'Object Repository/PharmacyRequest/Page_KDMC-Pharmacy/select_--Select--Schedule 1Inj'

2018-05-15 17:27:13 - [MESSAGE][PASSED] - All options with index in [11] are selected on object 'Object Repository/PharmacyRequest/Page_KDMC-Pharmacy/select_--Select--Schedule 1Inj'

2018-05-15 17:27:13 - [TEST_STEP][PASSED] - Statement - MedicineLength = com.kms.katalon.core.webui.keyword.WebUiBuiltInKeywords.getNumberOfTotalOption(com.kms.katalon.core.testobject.ObjectRepository.findTestObject(PharmacyRequest/Page_KDMC-Pharmacy/select_--Select--Albendazole)): 81 options of object 'Object Repository/PharmacyRequest/Page_KDMC-Pharmacy/select_--Select--Albendazole' counted

2018-05-15 17:27:13 - [MESSAGE][PASSED] - 81 options of object 'Object Repository/PharmacyRequest/Page_KDMC-Pharmacy/select_--Select--Albendazole' counted

2018-05-15 17:27:13 - [TEST_STEP][FAILED] - Statement - For ([l = 1, l <= MedicineLength - 1, (l++)]): Unable to set text '10' of object 'Object Repository/PharmacyRequest/Page_KDMC-Pharmacy/input_txttreat' (Root cause: org.openqa.selenium.WebDriverException: unknown error: cannot focus element
  (Session info: chrome=66.0.3359.139)
  (Driver info: chromedriver=2.35.528161 (5b82f2d2aae0ca24b877009200ced9065a772e73),platform=Windows NT 10.0.17134 x86_64) (WARNING: The server did not provide any stacktrace information)
Command duration or timeout: 0 milliseconds
Build info: version: '3.7.1', revision: '8a0099a', time: '2017-11-06T21:07:36.161Z'
System info: host: 'DESKTOP-BLFTK83', ip: '192.168.71.2', os.name: 'Windows 10', os.arch: 'amd64', os.version: '10.0', java.version: '1.8.0_102'
Driver info: com.kms.katalon.selenium.driver.CChromeDriver
Capabilities {acceptInsecureCerts: false, acceptSslCerts: false, applicationCacheEnabled: false, browserConnectionEnabled: false, browserName: chrome, chrome: {chromedriverVersion: 2.35.528161 (5b82f2d2aae0ca..., userDataDir: C:\Users\QUALIT~1\AppData\L...}, cssSelectorsEnabled: true, databaseEnabled: false, handlesAlerts: true, hasTouchScreen: false, javascriptEnabled: true, locationContextEnabled: true, mobileEmulationEnabled: false, nativeEvents: true, networkConnectionEnabled: false, pageLoadStrategy: normal, platform: XP, platformName: XP, rotatable: false, setWindowRect: true, takesHeapSnapshot: true, takesScreenshot: true, unexpectedAlertBehaviour: , unhandledPromptBehavior: , version: 66.0.3359.139, webStorageEnabled: true}
Session ID: b2593b43f88c7e742ba012f2897866e9)

2018-05-15 17:27:13 - [TEST_STEP][PASSED] - selectOptionByIndex: All options with index in [11] are selected on object 'Object Repository/PharmacyRequest/Page_KDMC-Pharmacy/select_--Select--Schedule 1Inj'

2018-05-15 17:27:13 - [MESSAGE][PASSED] - All options with index in [11] are selected on object 'Object Repository/PharmacyRequest/Page_KDMC-Pharmacy/select_--Select--Schedule 1Inj'

2018-05-15 17:27:13 - [TEST_STEP][PASSED] - selectOptionByIndex: All options with index in [1] are selected on object 'Object Repository/PharmacyRequest/Page_KDMC-Pharmacy/select_--Select--Albendazole'

2018-05-15 17:27:13 - [MESSAGE][PASSED] - All options with index in [1] are selected on object 'Object Repository/PharmacyRequest/Page_KDMC-Pharmacy/select_--Select--Albendazole'

2018-05-15 17:27:13 - [TEST_STEP][PASSED] - setText: Text '10' is set on object 'Object Repository/PharmacyRequest/Page_KDMC-Pharmacy/input_txttreat'

2018-05-15 17:27:13 - [MESSAGE][PASSED] - Text '10' is set on object 'Object Repository/PharmacyRequest/Page_KDMC-Pharmacy/input_txttreat'

2018-05-15 17:27:13 - [TEST_STEP][PASSED] - click: Object: 'Object Repository/PharmacyRequest/Page_KDMC-Pharmacy/button_Add' is clicked on

2018-05-15 17:27:13 - [MESSAGE][PASSED] - Object: 'Object Repository/PharmacyRequest/Page_KDMC-Pharmacy/button_Add' is clicked on

2018-05-15 17:27:13 - [TEST_STEP][PASSED] - selectOptionByIndex: All options with index in [11] are selected on object 'Object Repository/PharmacyRequest/Page_KDMC-Pharmacy/select_--Select--Schedule 1Inj'

2018-05-15 17:27:13 - [MESSAGE][PASSED] - All options with index in [11] are selected on object 'Object Repository/PharmacyRequest/Page_KDMC-Pharmacy/select_--Select--Schedule 1Inj'

2018-05-15 17:27:13 - [TEST_STEP][PASSED] - selectOptionByIndex: All options with index in [2] are selected on object 'Object Repository/PharmacyRequest/Page_KDMC-Pharmacy/select_--Select--Albendazole'

2018-05-15 17:27:14 - [MESSAGE][PASSED] - All options with index in [2] are selected on object 'Object Repository/PharmacyRequest/Page_KDMC-Pharmacy/select_--Select--Albendazole'

2018-05-15 17:27:14 - [TEST_STEP][PASSED] - setText: Text '10' is set on object 'Object Repository/PharmacyRequest/Page_KDMC-Pharmacy/input_txttreat'

2018-05-15 17:27:14 - [MESSAGE][PASSED] - Text '10' is set on object 'Object Repository/PharmacyRequest/Page_KDMC-Pharmacy/input_txttreat'

2018-05-15 17:27:14 - [TEST_STEP][PASSED] - click: Object: 'Object Repository/PharmacyRequest/Page_KDMC-Pharmacy/button_Add' is clicked on

2018-05-15 17:27:14 - [MESSAGE][PASSED] - Object: 'Object Repository/PharmacyRequest/Page_KDMC-Pharmacy/button_Add' is clicked on

2018-05-15 17:27:14 - [TEST_STEP][PASSED] - selectOptionByIndex: All options with index in [11] are selected on object 'Object Repository/PharmacyRequest/Page_KDMC-Pharmacy/select_--Select--Schedule 1Inj'

2018-05-15 17:27:14 - [MESSAGE][PASSED] - All options with index in [11] are selected on object 'Object Repository/PharmacyRequest/Page_KDMC-Pharmacy/select_--Select--Schedule 1Inj'

2018-05-15 17:27:14 - [TEST_STEP][PASSED] - selectOptionByIndex: All options with index in [3] are selected on object 'Object Repository/PharmacyRequest/Page_KDMC-Pharmacy/select_--Select--Albendazole'

2018-05-15 17:27:14 - [MESSAGE][PASSED] - All options with index in [3] are selected on object 'Object Repository/PharmacyRequest/Page_KDMC-Pharmacy/select_--Select--Albendazole'

2018-05-15 17:27:14 - [TEST_STEP][PASSED] - setText: Text '10' is set on object 'Object Repository/PharmacyRequest/Page_KDMC-Pharmacy/input_txttreat'

2018-05-15 17:27:14 - [MESSAGE][PASSED] - Text '10' is set on object 'Object Repository/PharmacyRequest/Page_KDMC-Pharmacy/input_txttreat'

2018-05-15 17:27:14 - [TEST_STEP][PASSED] - click: Object: 'Object Repository/PharmacyRequest/Page_KDMC-Pharmacy/button_Add' is clicked on

2018-05-15 17:27:14 - [MESSAGE][PASSED] - Object: 'Object Repository/PharmacyRequest/Page_KDMC-Pharmacy/button_Add' is clicked on

2018-05-15 17:27:14 - [TEST_STEP][PASSED] - selectOptionByIndex: All options with index in [11] are selected on object 'Object Repository/PharmacyRequest/Page_KDMC-Pharmacy/select_--Select--Schedule 1Inj'

2018-05-15 17:27:14 - [MESSAGE][PASSED] - All options with index in [11] are selected on object 'Object Repository/PharmacyRequest/Page_KDMC-Pharmacy/select_--Select--Schedule 1Inj'

2018-05-15 17:27:14 - [TEST_STEP][PASSED] - selectOptionByIndex: All options with index in [4] are selected on object 'Object Repository/PharmacyRequest/Page_KDMC-Pharmacy/select_--Select--Albendazole'

2018-05-15 17:27:14 - [MESSAGE][PASSED] - All options with index in [4] are selected on object 'Object Repository/PharmacyRequest/Page_KDMC-Pharmacy/select_--Select--Albendazole'

2018-05-15 17:27:14 - [TEST_STEP][PASSED] - setText: Text '10' is set on object 'Object Repository/PharmacyRequest/Page_KDMC-Pharmacy/input_txttreat'

2018-05-15 17:27:15 - [MESSAGE][PASSED] - Text '10' is set on object 'Object Repository/PharmacyRequest/Page_KDMC-Pharmacy/input_txttreat'

2018-05-15 17:27:15 - [TEST_STEP][PASSED] - click: Object: 'Object Repository/PharmacyRequest/Page_KDMC-Pharmacy/button_Add' is clicked on

2018-05-15 17:27:15 - [MESSAGE][PASSED] - Object: 'Object Repository/PharmacyRequest/Page_KDMC-Pharmacy/button_Add' is clicked on

2018-05-15 17:27:15 - [TEST_STEP][PASSED] - selectOptionByIndex: All options with index in [11] are selected on object 'Object Repository/PharmacyRequest/Page_KDMC-Pharmacy/select_--Select--Schedule 1Inj'

2018-05-15 17:27:15 - [MESSAGE][PASSED] - All options with index in [11] are selected on object 'Object Repository/PharmacyRequest/Page_KDMC-Pharmacy/select_--Select--Schedule 1Inj'

2018-05-15 17:27:15 - [TEST_STEP][PASSED] - selectOptionByIndex: All options with index in [5] are selected on object 'Object Repository/PharmacyRequest/Page_KDMC-Pharmacy/select_--Select--Albendazole'

2018-05-15 17:27:15 - [MESSAGE][PASSED] - All options with index in [5] are selected on object 'Object Repository/PharmacyRequest/Page_KDMC-Pharmacy/select_--Select--Albendazole'

2018-05-15 17:27:15 - [TEST_STEP][PASSED] - setText: Text '10' is set on object 'Object Repository/PharmacyRequest/Page_KDMC-Pharmacy/input_txttreat'

2018-05-15 17:27:15 - [MESSAGE][PASSED] - Text '10' is set on object 'Object Repository/PharmacyRequest/Page_KDMC-Pharmacy/input_txttreat'

2018-05-15 17:27:15 - [TEST_STEP][PASSED] - click: Object: 'Object Repository/PharmacyRequest/Page_KDMC-Pharmacy/button_Add' is clicked on

2018-05-15 17:27:15 - [MESSAGE][PASSED] - Object: 'Object Repository/PharmacyRequest/Page_KDMC-Pharmacy/button_Add' is clicked on

2018-05-15 17:27:15 - [TEST_STEP][PASSED] - selectOptionByIndex: All options with index in [11] are selected on object 'Object Repository/PharmacyRequest/Page_KDMC-Pharmacy/select_--Select--Schedule 1Inj'

2018-05-15 17:27:15 - [MESSAGE][PASSED] - All options with index in [11] are selected on object 'Object Repository/PharmacyRequest/Page_KDMC-Pharmacy/select_--Select--Schedule 1Inj'

2018-05-15 17:27:15 - [TEST_STEP][PASSED] - selectOptionByIndex: All options with index in [6] are selected on object 'Object Repository/PharmacyRequest/Page_KDMC-Pharmacy/select_--Select--Albendazole'

2018-05-15 17:27:15 - [MESSAGE][PASSED] - All options with index in [6] are selected on object 'Object Repository/PharmacyRequest/Page_KDMC-Pharmacy/select_--Select--Albendazole'

2018-05-15 17:27:15 - [TEST_STEP][PASSED] - setText: Text '10' is set on object 'Object Repository/PharmacyRequest/Page_KDMC-Pharmacy/input_txttreat'

2018-05-15 17:27:16 - [MESSAGE][PASSED] - Text '10' is set on object 'Object Repository/PharmacyRequest/Page_KDMC-Pharmacy/input_txttreat'

2018-05-15 17:27:16 - [TEST_STEP][PASSED] - click: Object: 'Object Repository/PharmacyRequest/Page_KDMC-Pharmacy/button_Add' is clicked on

2018-05-15 17:27:16 - [MESSAGE][PASSED] - Object: 'Object Repository/PharmacyRequest/Page_KDMC-Pharmacy/button_Add' is clicked on

2018-05-15 17:27:16 - [TEST_STEP][PASSED] - selectOptionByIndex: All options with index in [11] are selected on object 'Object Repository/PharmacyRequest/Page_KDMC-Pharmacy/select_--Select--Schedule 1Inj'

2018-05-15 17:27:16 - [MESSAGE][PASSED] - All options with index in [11] are selected on object 'Object Repository/PharmacyRequest/Page_KDMC-Pharmacy/select_--Select--Schedule 1Inj'

2018-05-15 17:27:16 - [TEST_STEP][PASSED] - selectOptionByIndex: All options with index in [7] are selected on object 'Object Repository/PharmacyRequest/Page_KDMC-Pharmacy/select_--Select--Albendazole'

2018-05-15 17:27:16 - [MESSAGE][PASSED] - All options with index in [7] are selected on object 'Object Repository/PharmacyRequest/Page_KDMC-Pharmacy/select_--Select--Albendazole'

2018-05-15 17:27:16 - [TEST_STEP][PASSED] - setText: Text '10' is set on object 'Object Repository/PharmacyRequest/Page_KDMC-Pharmacy/input_txttreat'

2018-05-15 17:27:16 - [MESSAGE][PASSED] - Text '10' is set on object 'Object Repository/PharmacyRequest/Page_KDMC-Pharmacy/input_txttreat'

2018-05-15 17:27:16 - [TEST_STEP][PASSED] - click: Object: 'Object Repository/PharmacyRequest/Page_KDMC-Pharmacy/button_Add' is clicked on

2018-05-15 17:27:16 - [MESSAGE][PASSED] - Object: 'Object Repository/PharmacyRequest/Page_KDMC-Pharmacy/button_Add' is clicked on

2018-05-15 17:27:16 - [TEST_STEP][PASSED] - selectOptionByIndex: All options with index in [11] are selected on object 'Object Repository/PharmacyRequest/Page_KDMC-Pharmacy/select_--Select--Schedule 1Inj'

2018-05-15 17:27:16 - [MESSAGE][PASSED] - All options with index in [11] are selected on object 'Object Repository/PharmacyRequest/Page_KDMC-Pharmacy/select_--Select--Schedule 1Inj'

2018-05-15 17:27:16 - [TEST_STEP][PASSED] - selectOptionByIndex: All options with index in [8] are selected on object 'Object Repository/PharmacyRequest/Page_KDMC-Pharmacy/select_--Select--Albendazole'

2018-05-15 17:27:16 - [MESSAGE][PASSED] - All options with index in [8] are selected on object 'Object Repository/PharmacyRequest/Page_KDMC-Pharmacy/select_--Select--Albendazole'

2018-05-15 17:27:16 - [TEST_STEP][PASSED] - setText: Text '10' is set on object 'Object Repository/PharmacyRequest/Page_KDMC-Pharmacy/input_txttreat'

2018-05-15 17:27:17 - [MESSAGE][PASSED] - Text '10' is set on object 'Object Repository/PharmacyRequest/Page_KDMC-Pharmacy/input_txttreat'

2018-05-15 17:27:17 - [TEST_STEP][PASSED] - click: Object: 'Object Repository/PharmacyRequest/Page_KDMC-Pharmacy/button_Add' is clicked on

2018-05-15 17:27:17 - [MESSAGE][PASSED] - Object: 'Object Repository/PharmacyRequest/Page_KDMC-Pharmacy/button_Add' is clicked on

2018-05-15 17:27:17 - [TEST_STEP][PASSED] - selectOptionByIndex: All options with index in [11] are selected on object 'Object Repository/PharmacyRequest/Page_KDMC-Pharmacy/select_--Select--Schedule 1Inj'

2018-05-15 17:27:17 - [MESSAGE][PASSED] - All options with index in [11] are selected on object 'Object Repository/PharmacyRequest/Page_KDMC-Pharmacy/select_--Select--Schedule 1Inj'

2018-05-15 17:27:17 - [TEST_STEP][PASSED] - selectOptionByIndex: All options with index in [9] are selected on object 'Object Repository/PharmacyRequest/Page_KDMC-Pharmacy/select_--Select--Albendazole'

2018-05-15 17:27:17 - [MESSAGE][PASSED] - All options with index in [9] are selected on object 'Object Repository/PharmacyRequest/Page_KDMC-Pharmacy/select_--Select--Albendazole'

2018-05-15 17:27:17 - [TEST_STEP][PASSED] - setText: Text '10' is set on object 'Object Repository/PharmacyRequest/Page_KDMC-Pharmacy/input_txttreat'

2018-05-15 17:27:17 - [MESSAGE][PASSED] - Text '10' is set on object 'Object Repository/PharmacyRequest/Page_KDMC-Pharmacy/input_txttreat'

2018-05-15 17:27:17 - [TEST_STEP][PASSED] - click: Object: 'Object Repository/PharmacyRequest/Page_KDMC-Pharmacy/button_Add' is clicked on

2018-05-15 17:27:17 - [MESSAGE][PASSED] - Object: 'Object Repository/PharmacyRequest/Page_KDMC-Pharmacy/button_Add' is clicked on

2018-05-15 17:27:17 - [TEST_STEP][PASSED] - selectOptionByIndex: All options with index in [11] are selected on object 'Object Repository/PharmacyRequest/Page_KDMC-Pharmacy/select_--Select--Schedule 1Inj'

2018-05-15 17:27:17 - [MESSAGE][PASSED] - All options with index in [11] are selected on object 'Object Repository/PharmacyRequest/Page_KDMC-Pharmacy/select_--Select--Schedule 1Inj'

2018-05-15 17:27:17 - [TEST_STEP][PASSED] - selectOptionByIndex: All options with index in [10] are selected on object 'Object Repository/PharmacyRequest/Page_KDMC-Pharmacy/select_--Select--Albendazole'

2018-05-15 17:27:17 - [MESSAGE][PASSED] - All options with index in [10] are selected on object 'Object Repository/PharmacyRequest/Page_KDMC-Pharmacy/select_--Select--Albendazole'

2018-05-15 17:27:17 - [TEST_STEP][PASSED] - setText: Text '10' is set on object 'Object Repository/PharmacyRequest/Page_KDMC-Pharmacy/input_txttreat'

2018-05-15 17:27:18 - [MESSAGE][PASSED] - Text '10' is set on object 'Object Repository/PharmacyRequest/Page_KDMC-Pharmacy/input_txttreat'

2018-05-15 17:27:18 - [TEST_STEP][PASSED] - click: Object: 'Object Repository/PharmacyRequest/Page_KDMC-Pharmacy/button_Add' is clicked on

2018-05-15 17:27:18 - [MESSAGE][PASSED] - Object: 'Object Repository/PharmacyRequest/Page_KDMC-Pharmacy/button_Add' is clicked on

2018-05-15 17:27:18 - [TEST_STEP][PASSED] - selectOptionByIndex: All options with index in [11] are selected on object 'Object Repository/PharmacyRequest/Page_KDMC-Pharmacy/select_--Select--Schedule 1Inj'

2018-05-15 17:27:18 - [MESSAGE][PASSED] - All options with index in [11] are selected on object 'Object Repository/PharmacyRequest/Page_KDMC-Pharmacy/select_--Select--Schedule 1Inj'

2018-05-15 17:27:18 - [TEST_STEP][PASSED] - selectOptionByIndex: All options with index in [11] are selected on object 'Object Repository/PharmacyRequest/Page_KDMC-Pharmacy/select_--Select--Albendazole'

2018-05-15 17:27:18 - [MESSAGE][PASSED] - All options with index in [11] are selected on object 'Object Repository/PharmacyRequest/Page_KDMC-Pharmacy/select_--Select--Albendazole'

2018-05-15 17:27:18 - [TEST_STEP][PASSED] - setText: Text '10' is set on object 'Object Repository/PharmacyRequest/Page_KDMC-Pharmacy/input_txttreat'

2018-05-15 17:27:18 - [MESSAGE][PASSED] - Text '10' is set on object 'Object Repository/PharmacyRequest/Page_KDMC-Pharmacy/input_txttreat'

2018-05-15 17:27:18 - [TEST_STEP][PASSED] - click: Object: 'Object Repository/PharmacyRequest/Page_KDMC-Pharmacy/button_Add' is clicked on

2018-05-15 17:27:18 - [MESSAGE][PASSED] - Object: 'Object Repository/PharmacyRequest/Page_KDMC-Pharmacy/button_Add' is clicked on

2018-05-15 17:27:18 - [TEST_STEP][PASSED] - selectOptionByIndex: All options with index in [11] are selected on object 'Object Repository/PharmacyRequest/Page_KDMC-Pharmacy/select_--Select--Schedule 1Inj'

2018-05-15 17:27:18 - [MESSAGE][PASSED] - All options with index in [11] are selected on object 'Object Repository/PharmacyRequest/Page_KDMC-Pharmacy/select_--Select--Schedule 1Inj'

2018-05-15 17:27:18 - [TEST_STEP][PASSED] - selectOptionByIndex: All options with index in [12] are selected on object 'Object Repository/PharmacyRequest/Page_KDMC-Pharmacy/select_--Select--Albendazole'

2018-05-15 17:27:19 - [MESSAGE][PASSED] - All options with index in [12] are selected on object 'Object Repository/PharmacyRequest/Page_KDMC-Pharmacy/select_--Select--Albendazole'

2018-05-15 17:27:19 - [TEST_STEP][PASSED] - setText: Text '10' is set on object 'Object Repository/PharmacyRequest/Page_KDMC-Pharmacy/input_txttreat'

2018-05-15 17:27:19 - [MESSAGE][PASSED] - Text '10' is set on object 'Object Repository/PharmacyRequest/Page_KDMC-Pharmacy/input_txttreat'

2018-05-15 17:27:19 - [TEST_STEP][PASSED] - click: Object: 'Object Repository/PharmacyRequest/Page_KDMC-Pharmacy/button_Add' is clicked on

2018-05-15 17:27:19 - [MESSAGE][PASSED] - Object: 'Object Repository/PharmacyRequest/Page_KDMC-Pharmacy/button_Add' is clicked on

2018-05-15 17:27:19 - [TEST_STEP][PASSED] - selectOptionByIndex: All options with index in [11] are selected on object 'Object Repository/PharmacyRequest/Page_KDMC-Pharmacy/select_--Select--Schedule 1Inj'

2018-05-15 17:27:19 - [MESSAGE][PASSED] - All options with index in [11] are selected on object 'Object Repository/PharmacyRequest/Page_KDMC-Pharmacy/select_--Select--Schedule 1Inj'

2018-05-15 17:27:19 - [TEST_STEP][PASSED] - selectOptionByIndex: All options with index in [13] are selected on object 'Object Repository/PharmacyRequest/Page_KDMC-Pharmacy/select_--Select--Albendazole'

2018-05-15 17:27:19 - [MESSAGE][PASSED] - All options with index in [13] are selected on object 'Object Repository/PharmacyRequest/Page_KDMC-Pharmacy/select_--Select--Albendazole'

2018-05-15 17:27:19 - [TEST_STEP][PASSED] - setText: Text '10' is set on object 'Object Repository/PharmacyRequest/Page_KDMC-Pharmacy/input_txttreat'

2018-05-15 17:27:19 - [MESSAGE][PASSED] - Text '10' is set on object 'Object Repository/PharmacyRequest/Page_KDMC-Pharmacy/input_txttreat'

2018-05-15 17:27:19 - [TEST_STEP][PASSED] - click: Object: 'Object Repository/PharmacyRequest/Page_KDMC-Pharmacy/button_Add' is clicked on

2018-05-15 17:27:19 - [MESSAGE][PASSED] - Object: 'Object Repository/PharmacyRequest/Page_KDMC-Pharmacy/button_Add' is clicked on

2018-05-15 17:27:19 - [TEST_STEP][PASSED] - selectOptionByIndex: All options with index in [11] are selected on object 'Object Repository/PharmacyRequest/Page_KDMC-Pharmacy/select_--Select--Schedule 1Inj'

2018-05-15 17:27:19 - [MESSAGE][PASSED] - All options with index in [11] are selected on object 'Object Repository/PharmacyRequest/Page_KDMC-Pharmacy/select_--Select--Schedule 1Inj'

2018-05-15 17:27:19 - [TEST_STEP][PASSED] - selectOptionByIndex: All options with index in [14] are selected on object 'Object Repository/PharmacyRequest/Page_KDMC-Pharmacy/select_--Select--Albendazole'

2018-05-15 17:27:20 - [MESSAGE][PASSED] - All options with index in [14] are selected on object 'Object Repository/PharmacyRequest/Page_KDMC-Pharmacy/select_--Select--Albendazole'

2018-05-15 17:27:20 - [TEST_STEP][PASSED] - setText: Text '10' is set on object 'Object Repository/PharmacyRequest/Page_KDMC-Pharmacy/input_txttreat'

2018-05-15 17:27:20 - [MESSAGE][PASSED] - Text '10' is set on object 'Object Repository/PharmacyRequest/Page_KDMC-Pharmacy/input_txttreat'

2018-05-15 17:27:20 - [TEST_STEP][PASSED] - click: Object: 'Object Repository/PharmacyRequest/Page_KDMC-Pharmacy/button_Add' is clicked on

2018-05-15 17:27:20 - [MESSAGE][PASSED] - Object: 'Object Repository/PharmacyRequest/Page_KDMC-Pharmacy/button_Add' is clicked on

2018-05-15 17:27:20 - [TEST_STEP][PASSED] - selectOptionByIndex: All options with index in [11] are selected on object 'Object Repository/PharmacyRequest/Page_KDMC-Pharmacy/select_--Select--Schedule 1Inj'

2018-05-15 17:27:20 - [MESSAGE][PASSED] - All options with index in [11] are selected on object 'Object Repository/PharmacyRequest/Page_KDMC-Pharmacy/select_--Select--Schedule 1Inj'

2018-05-15 17:27:20 - [TEST_STEP][PASSED] - selectOptionByIndex: All options with index in [15] are selected on object 'Object Repository/PharmacyRequest/Page_KDMC-Pharmacy/select_--Select--Albendazole'

2018-05-15 17:27:20 - [MESSAGE][PASSED] - All options with index in [15] are selected on object 'Object Repository/PharmacyRequest/Page_KDMC-Pharmacy/select_--Select--Albendazole'

2018-05-15 17:27:20 - [TEST_STEP][PASSED] - setText: Text '10' is set on object 'Object Repository/PharmacyRequest/Page_KDMC-Pharmacy/input_txttreat'

2018-05-15 17:27:20 - [MESSAGE][PASSED] - Text '10' is set on object 'Object Repository/PharmacyRequest/Page_KDMC-Pharmacy/input_txttreat'

2018-05-15 17:27:20 - [TEST_STEP][PASSED] - click: Object: 'Object Repository/PharmacyRequest/Page_KDMC-Pharmacy/button_Add' is clicked on

2018-05-15 17:27:20 - [MESSAGE][PASSED] - Object: 'Object Repository/PharmacyRequest/Page_KDMC-Pharmacy/button_Add' is clicked on

2018-05-15 17:27:20 - [TEST_STEP][PASSED] - selectOptionByIndex: All options with index in [11] are selected on object 'Object Repository/PharmacyRequest/Page_KDMC-Pharmacy/select_--Select--Schedule 1Inj'

2018-05-15 17:27:21 - [MESSAGE][PASSED] - All options with index in [11] are selected on object 'Object Repository/PharmacyRequest/Page_KDMC-Pharmacy/select_--Select--Schedule 1Inj'

2018-05-15 17:27:21 - [TEST_STEP][PASSED] - selectOptionByIndex: All options with index in [16] are selected on object 'Object Repository/PharmacyRequest/Page_KDMC-Pharmacy/select_--Select--Albendazole'

2018-05-15 17:27:21 - [MESSAGE][PASSED] - All options with index in [16] are selected on object 'Object Repository/PharmacyRequest/Page_KDMC-Pharmacy/select_--Select--Albendazole'

2018-05-15 17:27:21 - [TEST_STEP][PASSED] - setText: Text '10' is set on object 'Object Repository/PharmacyRequest/Page_KDMC-Pharmacy/input_txttreat'

2018-05-15 17:27:21 - [MESSAGE][PASSED] - Text '10' is set on object 'Object Repository/PharmacyRequest/Page_KDMC-Pharmacy/input_txttreat'

2018-05-15 17:27:21 - [TEST_STEP][PASSED] - click: Object: 'Object Repository/PharmacyRequest/Page_KDMC-Pharmacy/button_Add' is clicked on

2018-05-15 17:27:21 - [MESSAGE][PASSED] - Object: 'Object Repository/PharmacyRequest/Page_KDMC-Pharmacy/button_Add' is clicked on

2018-05-15 17:27:21 - [TEST_STEP][PASSED] - selectOptionByIndex: All options with index in [11] are selected on object 'Object Repository/PharmacyRequest/Page_KDMC-Pharmacy/select_--Select--Schedule 1Inj'

2018-05-15 17:27:21 - [MESSAGE][PASSED] - All options with index in [11] are selected on object 'Object Repository/PharmacyRequest/Page_KDMC-Pharmacy/select_--Select--Schedule 1Inj'

2018-05-15 17:27:21 - [TEST_STEP][PASSED] - selectOptionByIndex: All options with index in [17] are selected on object 'Object Repository/PharmacyRequest/Page_KDMC-Pharmacy/select_--Select--Albendazole'

2018-05-15 17:27:21 - [MESSAGE][PASSED] - All options with index in [17] are selected on object 'Object Repository/PharmacyRequest/Page_KDMC-Pharmacy/select_--Select--Albendazole'

2018-05-15 17:27:21 - [TEST_STEP][PASSED] - setText: Text '10' is set on object 'Object Repository/PharmacyRequest/Page_KDMC-Pharmacy/input_txttreat'

2018-05-15 17:27:21 - [MESSAGE][PASSED] - Text '10' is set on object 'Object Repository/PharmacyRequest/Page_KDMC-Pharmacy/input_txttreat'

2018-05-15 17:27:21 - [TEST_STEP][PASSED] - click: Object: 'Object Repository/PharmacyRequest/Page_KDMC-Pharmacy/button_Add' is clicked on

2018-05-15 17:27:22 - [MESSAGE][PASSED] - Object: 'Object Repository/PharmacyRequest/Page_KDMC-Pharmacy/button_Add' is clicked on

2018-05-15 17:27:22 - [TEST_STEP][PASSED] - selectOptionByIndex: All options with index in [11] are selected on object 'Object Repository/PharmacyRequest/Page_KDMC-Pharmacy/select_--Select--Schedule 1Inj'

2018-05-15 17:27:22 - [MESSAGE][PASSED] - All options with index in [11] are selected on object 'Object Repository/PharmacyRequest/Page_KDMC-Pharmacy/select_--Select--Schedule 1Inj'

2018-05-15 17:27:22 - [TEST_STEP][PASSED] - selectOptionByIndex: All options with index in [18] are selected on object 'Object Repository/PharmacyRequest/Page_KDMC-Pharmacy/select_--Select--Albendazole'

2018-05-15 17:27:22 - [MESSAGE][PASSED] - All options with index in [18] are selected on object 'Object Repository/PharmacyRequest/Page_KDMC-Pharmacy/select_--Select--Albendazole'

2018-05-15 17:27:22 - [TEST_STEP][PASSED] - setText: Text '10' is set on object 'Object Repository/PharmacyRequest/Page_KDMC-Pharmacy/input_txttreat'

2018-05-15 17:27:22 - [MESSAGE][PASSED] - Text '10' is set on object 'Object Repository/PharmacyRequest/Page_KDMC-Pharmacy/input_txttreat'

2018-05-15 17:27:22 - [TEST_STEP][PASSED] - click: Object: 'Object Repository/PharmacyRequest/Page_KDMC-Pharmacy/button_Add' is clicked on

2018-05-15 17:27:22 - [MESSAGE][PASSED] - Object: 'Object Repository/PharmacyRequest/Page_KDMC-Pharmacy/button_Add' is clicked on

2018-05-15 17:27:22 - [TEST_STEP][PASSED] - selectOptionByIndex: All options with index in [11] are selected on object 'Object Repository/PharmacyRequest/Page_KDMC-Pharmacy/select_--Select--Schedule 1Inj'

2018-05-15 17:27:22 - [MESSAGE][PASSED] - All options with index in [11] are selected on object 'Object Repository/PharmacyRequest/Page_KDMC-Pharmacy/select_--Select--Schedule 1Inj'

2018-05-15 17:27:22 - [TEST_STEP][PASSED] - selectOptionByIndex: All options with index in [19] are selected on object 'Object Repository/PharmacyRequest/Page_KDMC-Pharmacy/select_--Select--Albendazole'

2018-05-15 17:27:23 - [MESSAGE][PASSED] - All options with index in [19] are selected on object 'Object Repository/PharmacyRequest/Page_KDMC-Pharmacy/select_--Select--Albendazole'

2018-05-15 17:27:23 - [TEST_STEP][PASSED] - setText: Text '10' is set on object 'Object Repository/PharmacyRequest/Page_KDMC-Pharmacy/input_txttreat'

2018-05-15 17:27:23 - [MESSAGE][PASSED] - Text '10' is set on object 'Object Repository/PharmacyRequest/Page_KDMC-Pharmacy/input_txttreat'

2018-05-15 17:27:23 - [TEST_STEP][PASSED] - click: Object: 'Object Repository/PharmacyRequest/Page_KDMC-Pharmacy/button_Add' is clicked on

2018-05-15 17:27:23 - [MESSAGE][PASSED] - Object: 'Object Repository/PharmacyRequest/Page_KDMC-Pharmacy/button_Add' is clicked on

2018-05-15 17:27:23 - [TEST_STEP][PASSED] - selectOptionByIndex: All options with index in [11] are selected on object 'Object Repository/PharmacyRequest/Page_KDMC-Pharmacy/select_--Select--Schedule 1Inj'

2018-05-15 17:27:23 - [MESSAGE][PASSED] - All options with index in [11] are selected on object 'Object Repository/PharmacyRequest/Page_KDMC-Pharmacy/select_--Select--Schedule 1Inj'

2018-05-15 17:27:23 - [TEST_STEP][PASSED] - selectOptionByIndex: All options with index in [20] are selected on object 'Object Repository/PharmacyRequest/Page_KDMC-Pharmacy/select_--Select--Albendazole'

2018-05-15 17:27:23 - [MESSAGE][PASSED] - All options with index in [20] are selected on object 'Object Repository/PharmacyRequest/Page_KDMC-Pharmacy/select_--Select--Albendazole'

2018-05-15 17:27:23 - [TEST_STEP][PASSED] - setText: Text '10' is set on object 'Object Repository/PharmacyRequest/Page_KDMC-Pharmacy/input_txttreat'

2018-05-15 17:27:23 - [MESSAGE][PASSED] - Text '10' is set on object 'Object Repository/PharmacyRequest/Page_KDMC-Pharmacy/input_txttreat'

2018-05-15 17:27:23 - [TEST_STEP][PASSED] - click: Object: 'Object Repository/PharmacyRequest/Page_KDMC-Pharmacy/button_Add' is clicked on

2018-05-15 17:27:23 - [MESSAGE][PASSED] - Object: 'Object Repository/PharmacyRequest/Page_KDMC-Pharmacy/button_Add' is clicked on

2018-05-15 17:27:23 - [TEST_STEP][PASSED] - selectOptionByIndex: All options with index in [11] are selected on object 'Object Repository/PharmacyRequest/Page_KDMC-Pharmacy/select_--Select--Schedule 1Inj'

2018-05-15 17:27:23 - [MESSAGE][PASSED] - All options with index in [11] are selected on object 'Object Repository/PharmacyRequest/Page_KDMC-Pharmacy/select_--Select--Schedule 1Inj'

2018-05-15 17:27:23 - [TEST_STEP][PASSED] - selectOptionByIndex: All options with index in [21] are selected on object 'Object Repository/PharmacyRequest/Page_KDMC-Pharmacy/select_--Select--Albendazole'

2018-05-15 17:27:24 - [MESSAGE][PASSED] - All options with index in [21] are selected on object 'Object Repository/PharmacyRequest/Page_KDMC-Pharmacy/select_--Select--Albendazole'

2018-05-15 17:27:24 - [TEST_STEP][PASSED] - setText: Text '10' is set on object 'Object Repository/PharmacyRequest/Page_KDMC-Pharmacy/input_txttreat'

2018-05-15 17:27:24 - [MESSAGE][PASSED] - Text '10' is set on object 'Object Repository/PharmacyRequest/Page_KDMC-Pharmacy/input_txttreat'

2018-05-15 17:27:24 - [TEST_STEP][PASSED] - click: Object: 'Object Repository/PharmacyRequest/Page_KDMC-Pharmacy/button_Add' is clicked on

2018-05-15 17:27:24 - [MESSAGE][PASSED] - Object: 'Object Repository/PharmacyRequest/Page_KDMC-Pharmacy/button_Add' is clicked on

2018-05-15 17:27:24 - [TEST_STEP][PASSED] - selectOptionByIndex: All options with index in [11] are selected on object 'Object Repository/PharmacyRequest/Page_KDMC-Pharmacy/select_--Select--Schedule 1Inj'

2018-05-15 17:27:24 - [MESSAGE][PASSED] - All options with index in [11] are selected on object 'Object Repository/PharmacyRequest/Page_KDMC-Pharmacy/select_--Select--Schedule 1Inj'

2018-05-15 17:27:24 - [TEST_STEP][PASSED] - selectOptionByIndex: All options with index in [22] are selected on object 'Object Repository/PharmacyRequest/Page_KDMC-Pharmacy/select_--Select--Albendazole'

2018-05-15 17:27:24 - [MESSAGE][PASSED] - All options with index in [22] are selected on object 'Object Repository/PharmacyRequest/Page_KDMC-Pharmacy/select_--Select--Albendazole'

2018-05-15 17:27:24 - [TEST_STEP][PASSED] - setText: Text '10' is set on object 'Object Repository/PharmacyRequest/Page_KDMC-Pharmacy/input_txttreat'

2018-05-15 17:27:24 - [MESSAGE][PASSED] - Text '10' is set on object 'Object Repository/PharmacyRequest/Page_KDMC-Pharmacy/input_txttreat'

2018-05-15 17:27:24 - [TEST_STEP][PASSED] - click: Object: 'Object Repository/PharmacyRequest/Page_KDMC-Pharmacy/button_Add' is clicked on

2018-05-15 17:27:25 - [MESSAGE][PASSED] - Object: 'Object Repository/PharmacyRequest/Page_KDMC-Pharmacy/button_Add' is clicked on

2018-05-15 17:27:25 - [TEST_STEP][PASSED] - selectOptionByIndex: All options with index in [11] are selected on object 'Object Repository/PharmacyRequest/Page_KDMC-Pharmacy/select_--Select--Schedule 1Inj'

2018-05-15 17:27:25 - [MESSAGE][PASSED] - All options with index in [11] are selected on object 'Object Repository/PharmacyRequest/Page_KDMC-Pharmacy/select_--Select--Schedule 1Inj'

2018-05-15 17:27:25 - [TEST_STEP][PASSED] - selectOptionByIndex: All options with index in [23] are selected on object 'Object Repository/PharmacyRequest/Page_KDMC-Pharmacy/select_--Select--Albendazole'

2018-05-15 17:27:25 - [MESSAGE][PASSED] - All options with index in [23] are selected on object 'Object Repository/PharmacyRequest/Page_KDMC-Pharmacy/select_--Select--Albendazole'

2018-05-15 17:27:25 - [TEST_STEP][PASSED] - setText: Text '10' is set on object 'Object Repository/PharmacyRequest/Page_KDMC-Pharmacy/input_txttreat'

2018-05-15 17:27:25 - [MESSAGE][PASSED] - Text '10' is set on object 'Object Repository/PharmacyRequest/Page_KDMC-Pharmacy/input_txttreat'

2018-05-15 17:27:25 - [TEST_STEP][PASSED] - click: Object: 'Object Repository/PharmacyRequest/Page_KDMC-Pharmacy/button_Add' is clicked on

2018-05-15 17:27:25 - [MESSAGE][PASSED] - Object: 'Object Repository/PharmacyRequest/Page_KDMC-Pharmacy/button_Add' is clicked on

2018-05-15 17:27:25 - [TEST_STEP][PASSED] - selectOptionByIndex: All options with index in [11] are selected on object 'Object Repository/PharmacyRequest/Page_KDMC-Pharmacy/select_--Select--Schedule 1Inj'

2018-05-15 17:27:25 - [MESSAGE][PASSED] - All options with index in [11] are selected on object 'Object Repository/PharmacyRequest/Page_KDMC-Pharmacy/select_--Select--Schedule 1Inj'

2018-05-15 17:27:25 - [TEST_STEP][PASSED] - selectOptionByIndex: All options with index in [24] are selected on object 'Object Repository/PharmacyRequest/Page_KDMC-Pharmacy/select_--Select--Albendazole'

2018-05-15 17:27:26 - [MESSAGE][PASSED] - All options with index in [24] are selected on object 'Object Repository/PharmacyRequest/Page_KDMC-Pharmacy/select_--Select--Albendazole'

2018-05-15 17:27:26 - [TEST_STEP][PASSED] - setText: Text '10' is set on object 'Object Repository/PharmacyRequest/Page_KDMC-Pharmacy/input_txttreat'

2018-05-15 17:27:26 - [MESSAGE][PASSED] - Text '10' is set on object 'Object Repository/PharmacyRequest/Page_KDMC-Pharmacy/input_txttreat'

2018-05-15 17:27:26 - [TEST_STEP][PASSED] - click: Object: 'Object Repository/PharmacyRequest/Page_KDMC-Pharmacy/button_Add' is clicked on

2018-05-15 17:27:26 - [MESSAGE][PASSED] - Object: 'Object Repository/PharmacyRequest/Page_KDMC-Pharmacy/button_Add' is clicked on

2018-05-15 17:27:26 - [TEST_STEP][PASSED] - selectOptionByIndex: All options with index in [11] are selected on object 'Object Repository/PharmacyRequest/Page_KDMC-Pharmacy/select_--Select--Schedule 1Inj'

2018-05-15 17:27:26 - [MESSAGE][PASSED] - All options with index in [11] are selected on object 'Object Repository/PharmacyRequest/Page_KDMC-Pharmacy/select_--Select--Schedule 1Inj'

2018-05-15 17:27:26 - [TEST_STEP][PASSED] - selectOptionByIndex: All options with index in [25] are selected on object 'Object Repository/PharmacyRequest/Page_KDMC-Pharmacy/select_--Select--Albendazole'

2018-05-15 17:27:26 - [MESSAGE][PASSED] - All options with index in [25] are selected on object 'Object Repository/PharmacyRequest/Page_KDMC-Pharmacy/select_--Select--Albendazole'

2018-05-15 17:27:26 - [TEST_STEP][PASSED] - setText: Text '10' is set on object 'Object Repository/PharmacyRequest/Page_KDMC-Pharmacy/input_txttreat'

2018-05-15 17:27:26 - [MESSAGE][PASSED] - Text '10' is set on object 'Object Repository/PharmacyRequest/Page_KDMC-Pharmacy/input_txttreat'

2018-05-15 17:27:26 - [TEST_STEP][PASSED] - click: Object: 'Object Repository/PharmacyRequest/Page_KDMC-Pharmacy/button_Add' is clicked on

2018-05-15 17:27:26 - [MESSAGE][PASSED] - Object: 'Object Repository/PharmacyRequest/Page_KDMC-Pharmacy/button_Add' is clicked on

2018-05-15 17:27:26 - [TEST_STEP][PASSED] - selectOptionByIndex: All options with index in [11] are selected on object 'Object Repository/PharmacyRequest/Page_KDMC-Pharmacy/select_--Select--Schedule 1Inj'

2018-05-15 17:27:27 - [MESSAGE][PASSED] - All options with index in [11] are selected on object 'Object Repository/PharmacyRequest/Page_KDMC-Pharmacy/select_--Select--Schedule 1Inj'

2018-05-15 17:27:27 - [TEST_STEP][PASSED] - selectOptionByIndex: All options with index in [26] are selected on object 'Object Repository/PharmacyRequest/Page_KDMC-Pharmacy/select_--Select--Albendazole'

2018-05-15 17:27:27 - [MESSAGE][PASSED] - All options with index in [26] are selected on object 'Object Repository/PharmacyRequest/Page_KDMC-Pharmacy/select_--Select--Albendazole'

2018-05-15 17:27:27 - [TEST_STEP][PASSED] - setText: Text '10' is set on object 'Object Repository/PharmacyRequest/Page_KDMC-Pharmacy/input_txttreat'

2018-05-15 17:27:27 - [MESSAGE][PASSED] - Text '10' is set on object 'Object Repository/PharmacyRequest/Page_KDMC-Pharmacy/input_txttreat'

2018-05-15 17:27:27 - [TEST_STEP][PASSED] - click: Object: 'Object Repository/PharmacyRequest/Page_KDMC-Pharmacy/button_Add' is clicked on

2018-05-15 17:27:27 - [MESSAGE][PASSED] - Object: 'Object Repository/PharmacyRequest/Page_KDMC-Pharmacy/button_Add' is clicked on

2018-05-15 17:27:27 - [TEST_STEP][PASSED] - selectOptionByIndex: All options with index in [11] are selected on object 'Object Repository/PharmacyRequest/Page_KDMC-Pharmacy/select_--Select--Schedule 1Inj'

2018-05-15 17:27:27 - [MESSAGE][PASSED] - All options with index in [11] are selected on object 'Object Repository/PharmacyRequest/Page_KDMC-Pharmacy/select_--Select--Schedule 1Inj'

2018-05-15 17:27:27 - [TEST_STEP][PASSED] - selectOptionByIndex: All options with index in [27] are selected on object 'Object Repository/PharmacyRequest/Page_KDMC-Pharmacy/select_--Select--Albendazole'

2018-05-15 17:27:28 - [MESSAGE][PASSED] - All options with index in [27] are selected on object 'Object Repository/PharmacyRequest/Page_KDMC-Pharmacy/select_--Select--Albendazole'

2018-05-15 17:27:28 - [TEST_STEP][PASSED] - setText: Text '10' is set on object 'Object Repository/PharmacyRequest/Page_KDMC-Pharmacy/input_txttreat'

2018-05-15 17:27:28 - [MESSAGE][PASSED] - Text '10' is set on object 'Object Repository/PharmacyRequest/Page_KDMC-Pharmacy/input_txttreat'

2018-05-15 17:27:28 - [TEST_STEP][PASSED] - click: Object: 'Object Repository/PharmacyRequest/Page_KDMC-Pharmacy/button_Add' is clicked on

2018-05-15 17:27:28 - [MESSAGE][PASSED] - Object: 'Object Repository/PharmacyRequest/Page_KDMC-Pharmacy/button_Add' is clicked on

2018-05-15 17:27:28 - [TEST_STEP][PASSED] - selectOptionByIndex: All options with index in [11] are selected on object 'Object Repository/PharmacyRequest/Page_KDMC-Pharmacy/select_--Select--Schedule 1Inj'

2018-05-15 17:27:28 - [MESSAGE][PASSED] - All options with index in [11] are selected on object 'Object Repository/PharmacyRequest/Page_KDMC-Pharmacy/select_--Select--Schedule 1Inj'

2018-05-15 17:27:28 - [TEST_STEP][PASSED] - selectOptionByIndex: All options with index in [28] are selected on object 'Object Repository/PharmacyRequest/Page_KDMC-Pharmacy/select_--Select--Albendazole'

2018-05-15 17:27:28 - [MESSAGE][PASSED] - All options with index in [28] are selected on object 'Object Repository/PharmacyRequest/Page_KDMC-Pharmacy/select_--Select--Albendazole'

2018-05-15 17:27:28 - [TEST_STEP][PASSED] - setText: Text '10' is set on object 'Object Repository/PharmacyRequest/Page_KDMC-Pharmacy/input_txttreat'

2018-05-15 17:27:28 - [MESSAGE][PASSED] - Text '10' is set on object 'Object Repository/PharmacyRequest/Page_KDMC-Pharmacy/input_txttreat'

2018-05-15 17:27:28 - [TEST_STEP][PASSED] - click: Object: 'Object Repository/PharmacyRequest/Page_KDMC-Pharmacy/button_Add' is clicked on

2018-05-15 17:27:28 - [MESSAGE][PASSED] - Object: 'Object Repository/PharmacyRequest/Page_KDMC-Pharmacy/button_Add' is clicked on

2018-05-15 17:27:28 - [TEST_STEP][PASSED] - selectOptionByIndex: All options with index in [11] are selected on object 'Object Repository/PharmacyRequest/Page_KDMC-Pharmacy/select_--Select--Schedule 1Inj'

2018-05-15 17:27:28 - [MESSAGE][PASSED] - All options with index in [11] are selected on object 'Object Repository/PharmacyRequest/Page_KDMC-Pharmacy/select_--Select--Schedule 1Inj'

2018-05-15 17:27:28 - [TEST_STEP][PASSED] - selectOptionByIndex: All options with index in [29] are selected on object 'Object Repository/PharmacyRequest/Page_KDMC-Pharmacy/select_--Select--Albendazole'

2018-05-15 17:27:29 - [MESSAGE][PASSED] - All options with index in [29] are selected on object 'Object Repository/PharmacyRequest/Page_KDMC-Pharmacy/select_--Select--Albendazole'

2018-05-15 17:27:29 - [TEST_STEP][PASSED] - setText: Text '10' is set on object 'Object Repository/PharmacyRequest/Page_KDMC-Pharmacy/input_txttreat'

2018-05-15 17:27:29 - [MESSAGE][PASSED] - Text '10' is set on object 'Object Repository/PharmacyRequest/Page_KDMC-Pharmacy/input_txttreat'

2018-05-15 17:27:29 - [TEST_STEP][PASSED] - click: Object: 'Object Repository/PharmacyRequest/Page_KDMC-Pharmacy/button_Add' is clicked on

2018-05-15 17:27:29 - [MESSAGE][PASSED] - Object: 'Object Repository/PharmacyRequest/Page_KDMC-Pharmacy/button_Add' is clicked on

2018-05-15 17:27:29 - [TEST_STEP][PASSED] - selectOptionByIndex: All options with index in [11] are selected on object 'Object Repository/PharmacyRequest/Page_KDMC-Pharmacy/select_--Select--Schedule 1Inj'

2018-05-15 17:27:29 - [MESSAGE][PASSED] - All options with index in [11] are selected on object 'Object Repository/PharmacyRequest/Page_KDMC-Pharmacy/select_--Select--Schedule 1Inj'

2018-05-15 17:27:29 - [TEST_STEP][PASSED] - selectOptionByIndex: All options with index in [30] are selected on object 'Object Repository/PharmacyRequest/Page_KDMC-Pharmacy/select_--Select--Albendazole'

2018-05-15 17:27:30 - [MESSAGE][PASSED] - All options with index in [30] are selected on object 'Object Repository/PharmacyRequest/Page_KDMC-Pharmacy/select_--Select--Albendazole'

2018-05-15 17:27:30 - [TEST_STEP][PASSED] - setText: Text '10' is set on object 'Object Repository/PharmacyRequest/Page_KDMC-Pharmacy/input_txttreat'

2018-05-15 17:27:30 - [MESSAGE][PASSED] - Text '10' is set on object 'Object Repository/PharmacyRequest/Page_KDMC-Pharmacy/input_txttreat'

2018-05-15 17:27:30 - [TEST_STEP][PASSED] - click: Object: 'Object Repository/PharmacyRequest/Page_KDMC-Pharmacy/button_Add' is clicked on

2018-05-15 17:27:30 - [MESSAGE][PASSED] - Object: 'Object Repository/PharmacyRequest/Page_KDMC-Pharmacy/button_Add' is clicked on

2018-05-15 17:27:30 - [TEST_STEP][PASSED] - selectOptionByIndex: All options with index in [11] are selected on object 'Object Repository/PharmacyRequest/Page_KDMC-Pharmacy/select_--Select--Schedule 1Inj'

2018-05-15 17:27:30 - [MESSAGE][PASSED] - All options with index in [11] are selected on object 'Object Repository/PharmacyRequest/Page_KDMC-Pharmacy/select_--Select--Schedule 1Inj'

2018-05-15 17:27:30 - [TEST_STEP][PASSED] - selectOptionByIndex: All options with index in [31] are selected on object 'Object Repository/PharmacyRequest/Page_KDMC-Pharmacy/select_--Select--Albendazole'

2018-05-15 17:27:30 - [MESSAGE][PASSED] - All options with index in [31] are selected on object 'Object Repository/PharmacyRequest/Page_KDMC-Pharmacy/select_--Select--Albendazole'

2018-05-15 17:27:30 - [TEST_STEP][PASSED] - setText: Text '10' is set on object 'Object Repository/PharmacyRequest/Page_KDMC-Pharmacy/input_txttreat'

2018-05-15 17:27:30 - [MESSAGE][PASSED] - Text '10' is set on object 'Object Repository/PharmacyRequest/Page_KDMC-Pharmacy/input_txttreat'

2018-05-15 17:27:30 - [TEST_STEP][PASSED] - click: Object: 'Object Repository/PharmacyRequest/Page_KDMC-Pharmacy/button_Add' is clicked on

2018-05-15 17:27:30 - [MESSAGE][PASSED] - Object: 'Object Repository/PharmacyRequest/Page_KDMC-Pharmacy/button_Add' is clicked on

2018-05-15 17:27:30 - [TEST_STEP][PASSED] - selectOptionByIndex: All options with index in [11] are selected on object 'Object Repository/PharmacyRequest/Page_KDMC-Pharmacy/select_--Select--Schedule 1Inj'

2018-05-15 17:27:31 - [MESSAGE][PASSED] - All options with index in [11] are selected on object 'Object Repository/PharmacyRequest/Page_KDMC-Pharmacy/select_--Select--Schedule 1Inj'

2018-05-15 17:27:31 - [TEST_STEP][PASSED] - selectOptionByIndex: All options with index in [32] are selected on object 'Object Repository/PharmacyRequest/Page_KDMC-Pharmacy/select_--Select--Albendazole'

2018-05-15 17:27:31 - [MESSAGE][PASSED] - All options with index in [32] are selected on object 'Object Repository/PharmacyRequest/Page_KDMC-Pharmacy/select_--Select--Albendazole'

2018-05-15 17:27:31 - [TEST_STEP][PASSED] - setText: Text '10' is set on object 'Object Repository/PharmacyRequest/Page_KDMC-Pharmacy/input_txttreat'

2018-05-15 17:27:31 - [MESSAGE][PASSED] - Text '10' is set on object 'Object Repository/PharmacyRequest/Page_KDMC-Pharmacy/input_txttreat'

2018-05-15 17:27:31 - [TEST_STEP][PASSED] - click: Object: 'Object Repository/PharmacyRequest/Page_KDMC-Pharmacy/button_Add' is clicked on

2018-05-15 17:27:31 - [MESSAGE][PASSED] - Object: 'Object Repository/PharmacyRequest/Page_KDMC-Pharmacy/button_Add' is clicked on

2018-05-15 17:27:31 - [TEST_STEP][PASSED] - selectOptionByIndex: All options with index in [11] are selected on object 'Object Repository/PharmacyRequest/Page_KDMC-Pharmacy/select_--Select--Schedule 1Inj'

2018-05-15 17:27:31 - [MESSAGE][PASSED] - All options with index in [11] are selected on object 'Object Repository/PharmacyRequest/Page_KDMC-Pharmacy/select_--Select--Schedule 1Inj'

2018-05-15 17:27:31 - [TEST_STEP][PASSED] - selectOptionByIndex: All options with index in [33] are selected on object 'Object Repository/PharmacyRequest/Page_KDMC-Pharmacy/select_--Select--Albendazole'

2018-05-15 17:27:32 - [MESSAGE][PASSED] - All options with index in [33] are selected on object 'Object Repository/PharmacyRequest/Page_KDMC-Pharmacy/select_--Select--Albendazole'

2018-05-15 17:27:32 - [TEST_STEP][PASSED] - setText: Text '10' is set on object 'Object Repository/PharmacyRequest/Page_KDMC-Pharmacy/input_txttreat'

2018-05-15 17:27:32 - [MESSAGE][PASSED] - Text '10' is set on object 'Object Repository/PharmacyRequest/Page_KDMC-Pharmacy/input_txttreat'

2018-05-15 17:27:32 - [TEST_STEP][PASSED] - click: Object: 'Object Repository/PharmacyRequest/Page_KDMC-Pharmacy/button_Add' is clicked on

2018-05-15 17:27:32 - [MESSAGE][PASSED] - Object: 'Object Repository/PharmacyRequest/Page_KDMC-Pharmacy/button_Add' is clicked on

2018-05-15 17:27:32 - [TEST_STEP][PASSED] - selectOptionByIndex: All options with index in [11] are selected on object 'Object Repository/PharmacyRequest/Page_KDMC-Pharmacy/select_--Select--Schedule 1Inj'

2018-05-15 17:27:32 - [MESSAGE][PASSED] - All options with index in [11] are selected on object 'Object Repository/PharmacyRequest/Page_KDMC-Pharmacy/select_--Select--Schedule 1Inj'

2018-05-15 17:27:32 - [TEST_STEP][PASSED] - selectOptionByIndex: All options with index in [34] are selected on object 'Object Repository/PharmacyRequest/Page_KDMC-Pharmacy/select_--Select--Albendazole'

2018-05-15 17:27:32 - [MESSAGE][PASSED] - All options with index in [34] are selected on object 'Object Repository/PharmacyRequest/Page_KDMC-Pharmacy/select_--Select--Albendazole'

2018-05-15 17:27:32 - [TEST_STEP][PASSED] - setText: Text '10' is set on object 'Object Repository/PharmacyRequest/Page_KDMC-Pharmacy/input_txttreat'

2018-05-15 17:27:32 - [MESSAGE][PASSED] - Text '10' is set on object 'Object Repository/PharmacyRequest/Page_KDMC-Pharmacy/input_txttreat'

2018-05-15 17:27:32 - [TEST_STEP][PASSED] - click: Object: 'Object Repository/PharmacyRequest/Page_KDMC-Pharmacy/button_Add' is clicked on

2018-05-15 17:27:32 - [MESSAGE][PASSED] - Object: 'Object Repository/PharmacyRequest/Page_KDMC-Pharmacy/button_Add' is clicked on

2018-05-15 17:27:32 - [TEST_STEP][PASSED] - selectOptionByIndex: All options with index in [11] are selected on object 'Object Repository/PharmacyRequest/Page_KDMC-Pharmacy/select_--Select--Schedule 1Inj'

2018-05-15 17:27:33 - [MESSAGE][PASSED] - All options with index in [11] are selected on object 'Object Repository/PharmacyRequest/Page_KDMC-Pharmacy/select_--Select--Schedule 1Inj'

2018-05-15 17:27:33 - [TEST_STEP][PASSED] - selectOptionByIndex: All options with index in [35] are selected on object 'Object Repository/PharmacyRequest/Page_KDMC-Pharmacy/select_--Select--Albendazole'

2018-05-15 17:27:33 - [MESSAGE][PASSED] - All options with index in [35] are selected on object 'Object Repository/PharmacyRequest/Page_KDMC-Pharmacy/select_--Select--Albendazole'

2018-05-15 17:27:33 - [TEST_STEP][PASSED] - setText: Text '10' is set on object 'Object Repository/PharmacyRequest/Page_KDMC-Pharmacy/input_txttreat'

2018-05-15 17:27:33 - [MESSAGE][PASSED] - Text '10' is set on object 'Object Repository/PharmacyRequest/Page_KDMC-Pharmacy/input_txttreat'

2018-05-15 17:27:33 - [TEST_STEP][PASSED] - click: Object: 'Object Repository/PharmacyRequest/Page_KDMC-Pharmacy/button_Add' is clicked on

2018-05-15 17:27:33 - [MESSAGE][PASSED] - Object: 'Object Repository/PharmacyRequest/Page_KDMC-Pharmacy/button_Add' is clicked on

2018-05-15 17:27:33 - [TEST_STEP][PASSED] - selectOptionByIndex: All options with index in [11] are selected on object 'Object Repository/PharmacyRequest/Page_KDMC-Pharmacy/select_--Select--Schedule 1Inj'

2018-05-15 17:27:33 - [MESSAGE][PASSED] - All options with index in [11] are selected on object 'Object Repository/PharmacyRequest/Page_KDMC-Pharmacy/select_--Select--Schedule 1Inj'

2018-05-15 17:27:33 - [TEST_STEP][PASSED] - selectOptionByIndex: All options with index in [36] are selected on object 'Object Repository/PharmacyRequest/Page_KDMC-Pharmacy/select_--Select--Albendazole'

2018-05-15 17:27:34 - [MESSAGE][PASSED] - All options with index in [36] are selected on object 'Object Repository/PharmacyRequest/Page_KDMC-Pharmacy/select_--Select--Albendazole'

2018-05-15 17:27:34 - [TEST_STEP][PASSED] - setText: Text '10' is set on object 'Object Repository/PharmacyRequest/Page_KDMC-Pharmacy/input_txttreat'

2018-05-15 17:27:34 - [MESSAGE][PASSED] - Text '10' is set on object 'Object Repository/PharmacyRequest/Page_KDMC-Pharmacy/input_txttreat'

2018-05-15 17:27:34 - [TEST_STEP][PASSED] - click: Object: 'Object Repository/PharmacyRequest/Page_KDMC-Pharmacy/button_Add' is clicked on

2018-05-15 17:27:34 - [MESSAGE][PASSED] - Object: 'Object Repository/PharmacyRequest/Page_KDMC-Pharmacy/button_Add' is clicked on

2018-05-15 17:27:34 - [TEST_STEP][PASSED] - selectOptionByIndex: All options with index in [11] are selected on object 'Object Repository/PharmacyRequest/Page_KDMC-Pharmacy/select_--Select--Schedule 1Inj'

2018-05-15 17:27:34 - [MESSAGE][PASSED] - All options with index in [11] are selected on object 'Object Repository/PharmacyRequest/Page_KDMC-Pharmacy/select_--Select--Schedule 1Inj'

2018-05-15 17:27:34 - [TEST_STEP][PASSED] - selectOptionByIndex: All options with index in [37] are selected on object 'Object Repository/PharmacyRequest/Page_KDMC-Pharmacy/select_--Select--Albendazole'

2018-05-15 17:27:34 - [MESSAGE][PASSED] - All options with index in [37] are selected on object 'Object Repository/PharmacyRequest/Page_KDMC-Pharmacy/select_--Select--Albendazole'

2018-05-15 17:27:34 - [TEST_STEP][PASSED] - setText: Text '10' is set on object 'Object Repository/PharmacyRequest/Page_KDMC-Pharmacy/input_txttreat'

2018-05-15 17:27:34 - [MESSAGE][PASSED] - Text '10' is set on object 'Object Repository/PharmacyRequest/Page_KDMC-Pharmacy/input_txttreat'

2018-05-15 17:27:34 - [TEST_STEP][PASSED] - click: Object: 'Object Repository/PharmacyRequest/Page_KDMC-Pharmacy/button_Add' is clicked on

2018-05-15 17:27:35 - [MESSAGE][PASSED] - Object: 'Object Repository/PharmacyRequest/Page_KDMC-Pharmacy/button_Add' is clicked on

2018-05-15 17:27:35 - [TEST_STEP][PASSED] - selectOptionByIndex: All options with index in [11] are selected on object 'Object Repository/PharmacyRequest/Page_KDMC-Pharmacy/select_--Select--Schedule 1Inj'

2018-05-15 17:27:35 - [MESSAGE][PASSED] - All options with index in [11] are selected on object 'Object Repository/PharmacyRequest/Page_KDMC-Pharmacy/select_--Select--Schedule 1Inj'

2018-05-15 17:27:35 - [TEST_STEP][PASSED] - selectOptionByIndex: All options with index in [38] are selected on object 'Object Repository/PharmacyRequest/Page_KDMC-Pharmacy/select_--Select--Albendazole'

2018-05-15 17:27:35 - [MESSAGE][PASSED] - All options with index in [38] are selected on object 'Object Repository/PharmacyRequest/Page_KDMC-Pharmacy/select_--Select--Albendazole'

2018-05-15 17:27:35 - [TEST_STEP][PASSED] - setText: Text '10' is set on object 'Object Repository/PharmacyRequest/Page_KDMC-Pharmacy/input_txttreat'

2018-05-15 17:27:35 - [MESSAGE][PASSED] - Text '10' is set on object 'Object Repository/PharmacyRequest/Page_KDMC-Pharmacy/input_txttreat'

2018-05-15 17:27:35 - [TEST_STEP][PASSED] - click: Object: 'Object Repository/PharmacyRequest/Page_KDMC-Pharmacy/button_Add' is clicked on

2018-05-15 17:27:35 - [MESSAGE][PASSED] - Object: 'Object Repository/PharmacyRequest/Page_KDMC-Pharmacy/button_Add' is clicked on

2018-05-15 17:27:35 - [TEST_STEP][PASSED] - selectOptionByIndex: All options with index in [11] are selected on object 'Object Repository/PharmacyRequest/Page_KDMC-Pharmacy/select_--Select--Schedule 1Inj'

2018-05-15 17:27:35 - [MESSAGE][PASSED] - All options with index in [11] are selected on object 'Object Repository/PharmacyRequest/Page_KDMC-Pharmacy/select_--Select--Schedule 1Inj'

2018-05-15 17:27:35 - [TEST_STEP][PASSED] - selectOptionByIndex: All options with index in [39] are selected on object 'Object Repository/PharmacyRequest/Page_KDMC-Pharmacy/select_--Select--Albendazole'

2018-05-15 17:27:36 - [MESSAGE][PASSED] - All options with index in [39] are selected on object 'Object Repository/PharmacyRequest/Page_KDMC-Pharmacy/select_--Select--Albendazole'

2018-05-15 17:27:36 - [TEST_STEP][PASSED] - setText: Text '10' is set on object 'Object Repository/PharmacyRequest/Page_KDMC-Pharmacy/input_txttreat'

2018-05-15 17:27:36 - [MESSAGE][PASSED] - Text '10' is set on object 'Object Repository/PharmacyRequest/Page_KDMC-Pharmacy/input_txttreat'

2018-05-15 17:27:36 - [TEST_STEP][PASSED] - click: Object: 'Object Repository/PharmacyRequest/Page_KDMC-Pharmacy/button_Add' is clicked on

2018-05-15 17:27:36 - [MESSAGE][PASSED] - Object: 'Object Repository/PharmacyRequest/Page_KDMC-Pharmacy/button_Add' is clicked on

2018-05-15 17:27:36 - [TEST_STEP][PASSED] - selectOptionByIndex: All options with index in [11] are selected on object 'Object Repository/PharmacyRequest/Page_KDMC-Pharmacy/select_--Select--Schedule 1Inj'

2018-05-15 17:27:36 - [MESSAGE][PASSED] - All options with index in [11] are selected on object 'Object Repository/PharmacyRequest/Page_KDMC-Pharmacy/select_--Select--Schedule 1Inj'

2018-05-15 17:27:36 - [TEST_STEP][PASSED] - selectOptionByIndex: All options with index in [40] are selected on object 'Object Repository/PharmacyRequest/Page_KDMC-Pharmacy/select_--Select--Albendazole'

2018-05-15 17:27:37 - [MESSAGE][PASSED] - All options with index in [40] are selected on object 'Object Repository/PharmacyRequest/Page_KDMC-Pharmacy/select_--Select--Albendazole'

2018-05-15 17:27:37 - [TEST_STEP][PASSED] - setText: Text '10' is set on object 'Object Repository/PharmacyRequest/Page_KDMC-Pharmacy/input_txttreat'

2018-05-15 17:27:37 - [MESSAGE][PASSED] - Text '10' is set on object 'Object Repository/PharmacyRequest/Page_KDMC-Pharmacy/input_txttreat'

2018-05-15 17:27:37 - [TEST_STEP][PASSED] - click: Object: 'Object Repository/PharmacyRequest/Page_KDMC-Pharmacy/button_Add' is clicked on

2018-05-15 17:27:37 - [MESSAGE][PASSED] - Object: 'Object Repository/PharmacyRequest/Page_KDMC-Pharmacy/button_Add' is clicked on

2018-05-15 17:27:37 - [TEST_STEP][PASSED] - selectOptionByIndex: All options with index in [11] are selected on object 'Object Repository/PharmacyRequest/Page_KDMC-Pharmacy/select_--Select--Schedule 1Inj'

2018-05-15 17:27:37 - [MESSAGE][PASSED] - All options with index in [11] are selected on object 'Object Repository/PharmacyRequest/Page_KDMC-Pharmacy/select_--Select--Schedule 1Inj'

2018-05-15 17:27:37 - [TEST_STEP][PASSED] - selectOptionByIndex: All options with index in [41] are selected on object 'Object Repository/PharmacyRequest/Page_KDMC-Pharmacy/select_--Select--Albendazole'

2018-05-15 17:27:37 - [MESSAGE][PASSED] - All options with index in [41] are selected on object 'Object Repository/PharmacyRequest/Page_KDMC-Pharmacy/select_--Select--Albendazole'

2018-05-15 17:27:37 - [TEST_STEP][PASSED] - setText: Text '10' is set on object 'Object Repository/PharmacyRequest/Page_KDMC-Pharmacy/input_txttreat'

2018-05-15 17:27:37 - [MESSAGE][PASSED] - Text '10' is set on object 'Object Repository/PharmacyRequest/Page_KDMC-Pharmacy/input_txttreat'

2018-05-15 17:27:37 - [TEST_STEP][PASSED] - click: Object: 'Object Repository/PharmacyRequest/Page_KDMC-Pharmacy/button_Add' is clicked on

2018-05-15 17:27:38 - [MESSAGE][PASSED] - Object: 'Object Repository/PharmacyRequest/Page_KDMC-Pharmacy/button_Add' is clicked on

2018-05-15 17:27:38 - [TEST_STEP][PASSED] - selectOptionByIndex: All options with index in [11] are selected on object 'Object Repository/PharmacyRequest/Page_KDMC-Pharmacy/select_--Select--Schedule 1Inj'

2018-05-15 17:27:38 - [MESSAGE][PASSED] - All options with index in [11] are selected on object 'Object Repository/PharmacyRequest/Page_KDMC-Pharmacy/select_--Select--Schedule 1Inj'

2018-05-15 17:27:38 - [TEST_STEP][PASSED] - selectOptionByIndex: All options with index in [42] are selected on object 'Object Repository/PharmacyRequest/Page_KDMC-Pharmacy/select_--Select--Albendazole'

2018-05-15 17:27:38 - [MESSAGE][PASSED] - All options with index in [42] are selected on object 'Object Repository/PharmacyRequest/Page_KDMC-Pharmacy/select_--Select--Albendazole'

2018-05-15 17:27:38 - [TEST_STEP][PASSED] - setText: Text '10' is set on object 'Object Repository/PharmacyRequest/Page_KDMC-Pharmacy/input_txttreat'

2018-05-15 17:27:38 - [MESSAGE][PASSED] - Text '10' is set on object 'Object Repository/PharmacyRequest/Page_KDMC-Pharmacy/input_txttreat'

2018-05-15 17:27:38 - [TEST_STEP][PASSED] - click: Object: 'Object Repository/PharmacyRequest/Page_KDMC-Pharmacy/button_Add' is clicked on

2018-05-15 17:27:38 - [MESSAGE][PASSED] - Object: 'Object Repository/PharmacyRequest/Page_KDMC-Pharmacy/button_Add' is clicked on

2018-05-15 17:27:38 - [TEST_STEP][PASSED] - selectOptionByIndex: All options with index in [11] are selected on object 'Object Repository/PharmacyRequest/Page_KDMC-Pharmacy/select_--Select--Schedule 1Inj'

2018-05-15 17:27:38 - [MESSAGE][PASSED] - All options with index in [11] are selected on object 'Object Repository/PharmacyRequest/Page_KDMC-Pharmacy/select_--Select--Schedule 1Inj'

2018-05-15 17:27:38 - [TEST_STEP][PASSED] - selectOptionByIndex: All options with index in [43] are selected on object 'Object Repository/PharmacyRequest/Page_KDMC-Pharmacy/select_--Select--Albendazole'

2018-05-15 17:27:39 - [MESSAGE][PASSED] - All options with index in [43] are selected on object 'Object Repository/PharmacyRequest/Page_KDMC-Pharmacy/select_--Select--Albendazole'

2018-05-15 17:27:39 - [TEST_STEP][PASSED] - setText: Text '10' is set on object 'Object Repository/PharmacyRequest/Page_KDMC-Pharmacy/input_txttreat'

2018-05-15 17:27:39 - [MESSAGE][PASSED] - Text '10' is set on object 'Object Repository/PharmacyRequest/Page_KDMC-Pharmacy/input_txttreat'

2018-05-15 17:27:39 - [TEST_STEP][PASSED] - click: Object: 'Object Repository/PharmacyRequest/Page_KDMC-Pharmacy/button_Add' is clicked on

2018-05-15 17:27:39 - [MESSAGE][PASSED] - Object: 'Object Repository/PharmacyRequest/Page_KDMC-Pharmacy/button_Add' is clicked on

2018-05-15 17:27:39 - [TEST_STEP][PASSED] - selectOptionByIndex: All options with index in [11] are selected on object 'Object Repository/PharmacyRequest/Page_KDMC-Pharmacy/select_--Select--Schedule 1Inj'

2018-05-15 17:27:39 - [MESSAGE][PASSED] - All options with index in [11] are selected on object 'Object Repository/PharmacyRequest/Page_KDMC-Pharmacy/select_--Select--Schedule 1Inj'

2018-05-15 17:27:39 - [TEST_STEP][PASSED] - selectOptionByIndex: All options with index in [44] are selected on object 'Object Repository/PharmacyRequest/Page_KDMC-Pharmacy/select_--Select--Albendazole'

2018-05-15 17:27:40 - [MESSAGE][PASSED] - All options with index in [44] are selected on object 'Object Repository/PharmacyRequest/Page_KDMC-Pharmacy/select_--Select--Albendazole'

2018-05-15 17:27:40 - [TEST_STEP][PASSED] - setText: Text '10' is set on object 'Object Repository/PharmacyRequest/Page_KDMC-Pharmacy/input_txttreat'

2018-05-15 17:27:40 - [MESSAGE][PASSED] - Text '10' is set on object 'Object Repository/PharmacyRequest/Page_KDMC-Pharmacy/input_txttreat'

2018-05-15 17:27:40 - [TEST_STEP][PASSED] - click: Object: 'Object Repository/PharmacyRequest/Page_KDMC-Pharmacy/button_Add' is clicked on

2018-05-15 17:27:40 - [MESSAGE][PASSED] - Object: 'Object Repository/PharmacyRequest/Page_KDMC-Pharmacy/button_Add' is clicked on

2018-05-15 17:27:40 - [TEST_STEP][PASSED] - selectOptionByIndex: All options with index in [11] are selected on object 'Object Repository/PharmacyRequest/Page_KDMC-Pharmacy/select_--Select--Schedule 1Inj'

2018-05-15 17:27:40 - [MESSAGE][PASSED] - All options with index in [11] are selected on object 'Object Repository/PharmacyRequest/Page_KDMC-Pharmacy/select_--Select--Schedule 1Inj'

2018-05-15 17:27:40 - [TEST_STEP][PASSED] - selectOptionByIndex: All options with index in [45] are selected on object 'Object Repository/PharmacyRequest/Page_KDMC-Pharmacy/select_--Select--Albendazole'

2018-05-15 17:27:40 - [MESSAGE][PASSED] - All options with index in [45] are selected on object 'Object Repository/PharmacyRequest/Page_KDMC-Pharmacy/select_--Select--Albendazole'

2018-05-15 17:27:40 - [TEST_STEP][PASSED] - setText: Text '10' is set on object 'Object Repository/PharmacyRequest/Page_KDMC-Pharmacy/input_txttreat'

2018-05-15 17:27:41 - [MESSAGE][PASSED] - Text '10' is set on object 'Object Repository/PharmacyRequest/Page_KDMC-Pharmacy/input_txttreat'

2018-05-15 17:27:41 - [TEST_STEP][PASSED] - click: Object: 'Object Repository/PharmacyRequest/Page_KDMC-Pharmacy/button_Add' is clicked on

2018-05-15 17:27:41 - [MESSAGE][PASSED] - Object: 'Object Repository/PharmacyRequest/Page_KDMC-Pharmacy/button_Add' is clicked on

2018-05-15 17:27:41 - [TEST_STEP][PASSED] - selectOptionByIndex: All options with index in [11] are selected on object 'Object Repository/PharmacyRequest/Page_KDMC-Pharmacy/select_--Select--Schedule 1Inj'

2018-05-15 17:27:41 - [MESSAGE][PASSED] - All options with index in [11] are selected on object 'Object Repository/PharmacyRequest/Page_KDMC-Pharmacy/select_--Select--Schedule 1Inj'

2018-05-15 17:27:41 - [TEST_STEP][PASSED] - selectOptionByIndex: All options with index in [46] are selected on object 'Object Repository/PharmacyRequest/Page_KDMC-Pharmacy/select_--Select--Albendazole'

2018-05-15 17:27:41 - [MESSAGE][PASSED] - All options with index in [46] are selected on object 'Object Repository/PharmacyRequest/Page_KDMC-Pharmacy/select_--Select--Albendazole'

2018-05-15 17:27:41 - [TEST_STEP][PASSED] - setText: Text '10' is set on object 'Object Repository/PharmacyRequest/Page_KDMC-Pharmacy/input_txttreat'

2018-05-15 17:27:41 - [MESSAGE][PASSED] - Text '10' is set on object 'Object Repository/PharmacyRequest/Page_KDMC-Pharmacy/input_txttreat'

2018-05-15 17:27:41 - [TEST_STEP][PASSED] - click: Object: 'Object Repository/PharmacyRequest/Page_KDMC-Pharmacy/button_Add' is clicked on

2018-05-15 17:27:41 - [MESSAGE][PASSED] - Object: 'Object Repository/PharmacyRequest/Page_KDMC-Pharmacy/button_Add' is clicked on

2018-05-15 17:27:41 - [TEST_STEP][PASSED] - selectOptionByIndex: All options with index in [11] are selected on object 'Object Repository/PharmacyRequest/Page_KDMC-Pharmacy/select_--Select--Schedule 1Inj'

2018-05-15 17:27:42 - [MESSAGE][PASSED] - All options with index in [11] are selected on object 'Object Repository/PharmacyRequest/Page_KDMC-Pharmacy/select_--Select--Schedule 1Inj'

2018-05-15 17:27:42 - [TEST_STEP][PASSED] - selectOptionByIndex: All options with index in [47] are selected on object 'Object Repository/PharmacyRequest/Page_KDMC-Pharmacy/select_--Select--Albendazole'

2018-05-15 17:27:42 - [MESSAGE][PASSED] - All options with index in [47] are selected on object 'Object Repository/PharmacyRequest/Page_KDMC-Pharmacy/select_--Select--Albendazole'

2018-05-15 17:27:42 - [TEST_STEP][PASSED] - setText: Text '10' is set on object 'Object Repository/PharmacyRequest/Page_KDMC-Pharmacy/input_txttreat'

2018-05-15 17:27:42 - [MESSAGE][PASSED] - Text '10' is set on object 'Object Repository/PharmacyRequest/Page_KDMC-Pharmacy/input_txttreat'

2018-05-15 17:27:42 - [TEST_STEP][PASSED] - click: Object: 'Object Repository/PharmacyRequest/Page_KDMC-Pharmacy/button_Add' is clicked on

2018-05-15 17:27:42 - [MESSAGE][PASSED] - Object: 'Object Repository/PharmacyRequest/Page_KDMC-Pharmacy/button_Add' is clicked on

2018-05-15 17:27:42 - [TEST_STEP][PASSED] - selectOptionByIndex: All options with index in [11] are selected on object 'Object Repository/PharmacyRequest/Page_KDMC-Pharmacy/select_--Select--Schedule 1Inj'

2018-05-15 17:27:42 - [MESSAGE][PASSED] - All options with index in [11] are selected on object 'Object Repository/PharmacyRequest/Page_KDMC-Pharmacy/select_--Select--Schedule 1Inj'

2018-05-15 17:27:42 - [TEST_STEP][PASSED] - selectOptionByIndex: All options with index in [48] are selected on object 'Object Repository/PharmacyRequest/Page_KDMC-Pharmacy/select_--Select--Albendazole'

2018-05-15 17:27:43 - [MESSAGE][PASSED] - All options with index in [48] are selected on object 'Object Repository/PharmacyRequest/Page_KDMC-Pharmacy/select_--Select--Albendazole'

2018-05-15 17:27:43 - [TEST_STEP][PASSED] - setText: Text '10' is set on object 'Object Repository/PharmacyRequest/Page_KDMC-Pharmacy/input_txttreat'

2018-05-15 17:27:43 - [MESSAGE][PASSED] - Text '10' is set on object 'Object Repository/PharmacyRequest/Page_KDMC-Pharmacy/input_txttreat'

2018-05-15 17:27:43 - [TEST_STEP][PASSED] - click: Object: 'Object Repository/PharmacyRequest/Page_KDMC-Pharmacy/button_Add' is clicked on

2018-05-15 17:27:43 - [MESSAGE][PASSED] - Object: 'Object Repository/PharmacyRequest/Page_KDMC-Pharmacy/button_Add' is clicked on

2018-05-15 17:27:43 - [TEST_STEP][PASSED] - selectOptionByIndex: All options with index in [11] are selected on object 'Object Repository/PharmacyRequest/Page_KDMC-Pharmacy/select_--Select--Schedule 1Inj'

2018-05-15 17:27:43 - [MESSAGE][PASSED] - All options with index in [11] are selected on object 'Object Repository/PharmacyRequest/Page_KDMC-Pharmacy/select_--Select--Schedule 1Inj'

2018-05-15 17:27:43 - [TEST_STEP][PASSED] - selectOptionByIndex: All options with index in [49] are selected on object 'Object Repository/PharmacyRequest/Page_KDMC-Pharmacy/select_--Select--Albendazole'

2018-05-15 17:27:44 - [MESSAGE][PASSED] - All options with index in [49] are selected on object 'Object Repository/PharmacyRequest/Page_KDMC-Pharmacy/select_--Select--Albendazole'

2018-05-15 17:27:44 - [TEST_STEP][FAILED] - setText: Unable to set text '10' of object 'Object Repository/PharmacyRequest/Page_KDMC-Pharmacy/input_txttreat' (Root cause: org.openqa.selenium.WebDriverException: unknown error: cannot focus element
  (Session info: chrome=66.0.3359.139)
  (Driver info: chromedriver=2.35.528161 (5b82f2d2aae0ca24b877009200ced9065a772e73),platform=Windows NT 10.0.17134 x86_64) (WARNING: The server did not provide any stacktrace information)
Command duration or timeout: 0 milliseconds
Build info: version: '3.7.1', revision: '8a0099a', time: '2017-11-06T21:07:36.161Z'
System info: host: 'DESKTOP-BLFTK83', ip: '192.168.71.2', os.name: 'Windows 10', os.arch: 'amd64', os.version: '10.0', java.version: '1.8.0_102'
Driver info: com.kms.katalon.selenium.driver.CChromeDriver
Capabilities {acceptInsecureCerts: false, acceptSslCerts: false, applicationCacheEnabled: false, browserConnectionEnabled: false, browserName: chrome, chrome: {chromedriverVersion: 2.35.528161 (5b82f2d2aae0ca..., userDataDir: C:\Users\QUALIT~1\AppData\L...}, cssSelectorsEnabled: true, databaseEnabled: false, handlesAlerts: true, hasTouchScreen: false, javascriptEnabled: true, locationContextEnabled: true, mobileEmulationEnabled: false, nativeEvents: true, networkConnectionEnabled: false, pageLoadStrategy: normal, platform: XP, platformName: XP, rotatable: false, setWindowRect: true, takesHeapSnapshot: true, takesScreenshot: true, unexpectedAlertBehaviour: , unhandledPromptBehavior: , version: 66.0.3359.139, webStorageEnabled: true}
Session ID: b2593b43f88c7e742ba012f2897866e9)

2018-05-15 17:27:44 - [MESSAGE][FAILED] - Unable to set text '10' of object 'Object Repository/PharmacyRequest/Page_KDMC-Pharmacy/input_txttreat' (Root cause: org.openqa.selenium.WebDriverException: unknown error: cannot focus element
  (Session info: chrome=66.0.3359.139)
  (Driver info: chromedriver=2.35.528161 (5b82f2d2aae0ca24b877009200ced9065a772e73),platform=Windows NT 10.0.17134 x86_64) (WARNING: The server did not provide any stacktrace information)
Command duration or timeout: 0 milliseconds
Build info: version: '3.7.1', revision: '8a0099a', time: '2017-11-06T21:07:36.161Z'
System info: host: 'DESKTOP-BLFTK83', ip: '192.168.71.2', os.name: 'Windows 10', os.arch: 'amd64', os.version: '10.0', java.version: '1.8.0_102'
Driver info: com.kms.katalon.selenium.driver.CChromeDriver
Capabilities {acceptInsecureCerts: false, acceptSslCerts: false, applicationCacheEnabled: false, browserConnectionEnabled: false, browserName: chrome, chrome: {chromedriverVersion: 2.35.528161 (5b82f2d2aae0ca..., userDataDir: C:\Users\QUALIT~1\AppData\L...}, cssSelectorsEnabled: true, databaseEnabled: false, handlesAlerts: true, hasTouchScreen: false, javascriptEnabled: true, locationContextEnabled: true, mobileEmulationEnabled: false, nativeEvents: true, networkConnectionEnabled: false, pageLoadStrategy: normal, platform: XP, platformName: XP, rotatable: false, setWindowRect: true, takesHeapSnapshot: true, takesScreenshot: true, unexpectedAlertBehaviour: , unhandledPromptBehavior: , version: 66.0.3359.139, webStorageEnabled: true}
Session ID: b2593b43f88c7e742ba012f2897866e9)
[[ATTACHMENT|C:\\Users\\Quality Analyst\\Katalon Studio\\ds\\Reports\\Pharmacy_Suite\\20180515_165509\\1526385464269.png]]]]></system-out>
         <system-err><![CDATA[2018-05-15 17:26:48 - [TEST_CASE][FAILED] - Test Cases/PHARMACY TEST CASES/TC_PHAR_011 Verify Schedule 11 Pharmacy Request Are Working Successfully Or Not: Test Cases/PHARMACY TEST CASES/TC_PHAR_011 Verify Schedule 11 Pharmacy Request Are Working Successfully Or Not FAILED because (of) Unable to set text '10' of object 'Object Repository/PharmacyRequest/Page_KDMC-Pharmacy/input_txttreat' (Root cause: org.openqa.selenium.WebDriverException: unknown error: cannot focus element
  (Session info: chrome=66.0.3359.139)
  (Driver info: chromedriver=2.35.528161 (5b82f2d2aae0ca24b877009200ced9065a772e73),platform=Windows NT 10.0.17134 x86_64) (WARNING: The server did not provide any stacktrace information)
Command duration or timeout: 0 milliseconds
Build info: version: '3.7.1', revision: '8a0099a', time: '2017-11-06T21:07:36.161Z'
System info: host: 'DESKTOP-BLFTK83', ip: '192.168.71.2', os.name: 'Windows 10', os.arch: 'amd64', os.version: '10.0', java.version: '1.8.0_102'
Driver info: com.kms.katalon.selenium.driver.CChromeDriver
Capabilities {acceptInsecureCerts: false, acceptSslCerts: false, applicationCacheEnabled: false, browserConnectionEnabled: false, browserName: chrome, chrome: {chromedriverVersion: 2.35.528161 (5b82f2d2aae0ca..., userDataDir: C:\Users\QUALIT~1\AppData\L...}, cssSelectorsEnabled: true, databaseEnabled: false, handlesAlerts: true, hasTouchScreen: false, javascriptEnabled: true, locationContextEnabled: true, mobileEmulationEnabled: false, nativeEvents: true, networkConnectionEnabled: false, pageLoadStrategy: normal, platform: XP, platformName: XP, rotatable: false, setWindowRect: true, takesHeapSnapshot: true, takesScreenshot: true, unexpectedAlertBehaviour: , unhandledPromptBehavior: , version: 66.0.3359.139, webStorageEnabled: true}
Session ID: b2593b43f88c7e742ba012f2897866e9)]]></system-err>
      </testcase>
      <testcase name="Test Cases/PHARMACY TEST CASES/TC_PHAR_012 Verify Schedule 12 Pharmacy Request Are Working Successfully Or Not" classname="Test Cases/PHARMACY TEST CASES/TC_PHAR_012 Verify Schedule 12 Pharmacy Request Are Working Successfully Or Not" status="PASSED">
         <system-out><![CDATA[2018-05-15 17:27:44 - [TEST_CASE][PASSED] - Test Cases/PHARMACY TEST CASES/TC_PHAR_012 Verify Schedule 12 Pharmacy Request Are Working Successfully Or Not: Test Cases/PHARMACY TEST CASES/TC_PHAR_012 Verify Schedule 12 Pharmacy Request Are Working Successfully Or Not

2018-05-15 17:27:44 - [TEST_STEP][PASSED] - openBrowser: Browser is opened with url: ''

2018-05-15 17:27:44 - [MESSAGE][WARNING] - A browser is already opened. Closing browser and opening a new one

2018-05-15 17:27:47 - [MESSAGE][PASSED] - Browser is opened with url: ''

2018-05-15 17:27:47 - [TEST_STEP][PASSED] - Statement - out.println("Verify Schedule 12 Pharmacy Request Are Working Successfully Or Not"): null

2018-05-15 17:27:47 - [TEST_STEP][PASSED] - navigateToUrl: Navigate to 'http://192.168.137.1/multihospital_new/' successfully

2018-05-15 17:27:50 - [MESSAGE][PASSED] - Navigate to 'http://192.168.137.1/multihospital_new/' successfully

2018-05-15 17:27:50 - [TEST_STEP][PASSED] - maximizeWindow: Current window maximized

2018-05-15 17:27:52 - [MESSAGE][PASSED] - Current window maximized

2018-05-15 17:27:52 - [TEST_STEP][PASSED] - click: Object: 'Object Repository/PharmacyRequest/Page_KDMC/a_Pharmacy' is clicked on

2018-05-15 17:27:52 - [MESSAGE][PASSED] - Object: 'Object Repository/PharmacyRequest/Page_KDMC/a_Pharmacy' is clicked on

2018-05-15 17:27:52 - [TEST_STEP][PASSED] - setText: Text 'raja' is set on object 'Object Repository/PharmacyRequest/Page_Pharmacy login/input_txtusername'

2018-05-15 17:27:52 - [MESSAGE][PASSED] - Text 'raja' is set on object 'Object Repository/PharmacyRequest/Page_Pharmacy login/input_txtusername'

2018-05-15 17:27:52 - [TEST_STEP][PASSED] - setText: Text '123' is set on object 'Object Repository/PharmacyRequest/Page_Pharmacy login/input_txtpassword'

2018-05-15 17:27:53 - [MESSAGE][PASSED] - Text '123' is set on object 'Object Repository/PharmacyRequest/Page_Pharmacy login/input_txtpassword'

2018-05-15 17:27:53 - [TEST_STEP][PASSED] - delay: Delayed 3 second(s)

2018-05-15 17:27:56 - [MESSAGE][PASSED] - Delayed 3 second(s)

2018-05-15 17:27:56 - [TEST_STEP][PASSED] - click: Object: 'Object Repository/PharmacyRequest/Page_Pharmacy login/button_Sign in' is clicked on

2018-05-15 17:27:56 - [MESSAGE][PASSED] - Object: 'Object Repository/PharmacyRequest/Page_Pharmacy login/button_Sign in' is clicked on

2018-05-15 17:27:56 - [TEST_STEP][PASSED] - delay: Delayed 3 second(s)

2018-05-15 17:27:59 - [MESSAGE][PASSED] - Delayed 3 second(s)

2018-05-15 17:27:59 - [TEST_STEP][PASSED] - click: Object: 'Object Repository/PharmacyRequest/Page_KDMC - Pharmacy/a_Inventory' is clicked on

2018-05-15 17:28:01 - [MESSAGE][PASSED] - Object: 'Object Repository/PharmacyRequest/Page_KDMC - Pharmacy/a_Inventory' is clicked on

2018-05-15 17:28:01 - [TEST_STEP][PASSED] - delay: Delayed 3 second(s)

2018-05-15 17:28:04 - [MESSAGE][PASSED] - Delayed 3 second(s)

2018-05-15 17:28:04 - [TEST_STEP][PASSED] - click: Object: 'Object Repository/PharmacyRequest/Page_KDMC-Pharmacy/a_Store Request' is clicked on

2018-05-15 17:28:04 - [MESSAGE][PASSED] - Object: 'Object Repository/PharmacyRequest/Page_KDMC-Pharmacy/a_Store Request' is clicked on

2018-05-15 17:28:04 - [TEST_STEP][PASSED] - click: Object: 'Object Repository/PharmacyRequest/Page_KDMC-Pharmacy/a_Medicine Request' is clicked on

2018-05-15 17:28:05 - [MESSAGE][PASSED] - Object: 'Object Repository/PharmacyRequest/Page_KDMC-Pharmacy/a_Medicine Request' is clicked on

2018-05-15 17:28:05 - [TEST_STEP][PASSED] - selectOptionByIndex: All options with index in [12] are selected on object 'Object Repository/PharmacyRequest/Page_KDMC-Pharmacy/select_--Select--Schedule 1Inj'

2018-05-15 17:28:05 - [MESSAGE][PASSED] - All options with index in [12] are selected on object 'Object Repository/PharmacyRequest/Page_KDMC-Pharmacy/select_--Select--Schedule 1Inj'

2018-05-15 17:28:05 - [TEST_STEP][PASSED] - Statement - MedicineLength = com.kms.katalon.core.webui.keyword.WebUiBuiltInKeywords.getNumberOfTotalOption(com.kms.katalon.core.testobject.ObjectRepository.findTestObject(PharmacyRequest/Page_KDMC-Pharmacy/select_--Select--Albendazole)): 19 options of object 'Object Repository/PharmacyRequest/Page_KDMC-Pharmacy/select_--Select--Albendazole' counted

2018-05-15 17:28:05 - [MESSAGE][PASSED] - 19 options of object 'Object Repository/PharmacyRequest/Page_KDMC-Pharmacy/select_--Select--Albendazole' counted

2018-05-15 17:28:05 - [TEST_STEP][PASSED] - Statement - For ([l = 1, l <= MedicineLength - 1, (l++)]): Object: 'Object Repository/PharmacyRequest/Page_KDMC-Pharmacy/button_Add' is clicked on

2018-05-15 17:28:05 - [TEST_STEP][PASSED] - selectOptionByIndex: All options with index in [12] are selected on object 'Object Repository/PharmacyRequest/Page_KDMC-Pharmacy/select_--Select--Schedule 1Inj'

2018-05-15 17:28:05 - [MESSAGE][PASSED] - All options with index in [12] are selected on object 'Object Repository/PharmacyRequest/Page_KDMC-Pharmacy/select_--Select--Schedule 1Inj'

2018-05-15 17:28:05 - [TEST_STEP][PASSED] - selectOptionByIndex: All options with index in [1] are selected on object 'Object Repository/PharmacyRequest/Page_KDMC-Pharmacy/select_--Select--Albendazole'

2018-05-15 17:28:05 - [MESSAGE][PASSED] - All options with index in [1] are selected on object 'Object Repository/PharmacyRequest/Page_KDMC-Pharmacy/select_--Select--Albendazole'

2018-05-15 17:28:05 - [TEST_STEP][PASSED] - setText: Text '10' is set on object 'Object Repository/PharmacyRequest/Page_KDMC-Pharmacy/input_txttreat'

2018-05-15 17:28:06 - [MESSAGE][PASSED] - Text '10' is set on object 'Object Repository/PharmacyRequest/Page_KDMC-Pharmacy/input_txttreat'

2018-05-15 17:28:06 - [TEST_STEP][PASSED] - click: Object: 'Object Repository/PharmacyRequest/Page_KDMC-Pharmacy/button_Add' is clicked on

2018-05-15 17:28:06 - [MESSAGE][PASSED] - Object: 'Object Repository/PharmacyRequest/Page_KDMC-Pharmacy/button_Add' is clicked on

2018-05-15 17:28:06 - [TEST_STEP][PASSED] - selectOptionByIndex: All options with index in [12] are selected on object 'Object Repository/PharmacyRequest/Page_KDMC-Pharmacy/select_--Select--Schedule 1Inj'

2018-05-15 17:28:06 - [MESSAGE][PASSED] - All options with index in [12] are selected on object 'Object Repository/PharmacyRequest/Page_KDMC-Pharmacy/select_--Select--Schedule 1Inj'

2018-05-15 17:28:06 - [TEST_STEP][PASSED] - selectOptionByIndex: All options with index in [2] are selected on object 'Object Repository/PharmacyRequest/Page_KDMC-Pharmacy/select_--Select--Albendazole'

2018-05-15 17:28:06 - [MESSAGE][PASSED] - All options with index in [2] are selected on object 'Object Repository/PharmacyRequest/Page_KDMC-Pharmacy/select_--Select--Albendazole'

2018-05-15 17:28:06 - [TEST_STEP][PASSED] - setText: Text '10' is set on object 'Object Repository/PharmacyRequest/Page_KDMC-Pharmacy/input_txttreat'

2018-05-15 17:28:06 - [MESSAGE][PASSED] - Text '10' is set on object 'Object Repository/PharmacyRequest/Page_KDMC-Pharmacy/input_txttreat'

2018-05-15 17:28:06 - [TEST_STEP][PASSED] - click: Object: 'Object Repository/PharmacyRequest/Page_KDMC-Pharmacy/button_Add' is clicked on

2018-05-15 17:28:06 - [MESSAGE][PASSED] - Object: 'Object Repository/PharmacyRequest/Page_KDMC-Pharmacy/button_Add' is clicked on

2018-05-15 17:28:06 - [TEST_STEP][PASSED] - selectOptionByIndex: All options with index in [12] are selected on object 'Object Repository/PharmacyRequest/Page_KDMC-Pharmacy/select_--Select--Schedule 1Inj'

2018-05-15 17:28:06 - [MESSAGE][PASSED] - All options with index in [12] are selected on object 'Object Repository/PharmacyRequest/Page_KDMC-Pharmacy/select_--Select--Schedule 1Inj'

2018-05-15 17:28:06 - [TEST_STEP][PASSED] - selectOptionByIndex: All options with index in [3] are selected on object 'Object Repository/PharmacyRequest/Page_KDMC-Pharmacy/select_--Select--Albendazole'

2018-05-15 17:28:06 - [MESSAGE][PASSED] - All options with index in [3] are selected on object 'Object Repository/PharmacyRequest/Page_KDMC-Pharmacy/select_--Select--Albendazole'

2018-05-15 17:28:06 - [TEST_STEP][PASSED] - setText: Text '10' is set on object 'Object Repository/PharmacyRequest/Page_KDMC-Pharmacy/input_txttreat'

2018-05-15 17:28:07 - [MESSAGE][PASSED] - Text '10' is set on object 'Object Repository/PharmacyRequest/Page_KDMC-Pharmacy/input_txttreat'

2018-05-15 17:28:07 - [TEST_STEP][PASSED] - click: Object: 'Object Repository/PharmacyRequest/Page_KDMC-Pharmacy/button_Add' is clicked on

2018-05-15 17:28:07 - [MESSAGE][PASSED] - Object: 'Object Repository/PharmacyRequest/Page_KDMC-Pharmacy/button_Add' is clicked on

2018-05-15 17:28:07 - [TEST_STEP][PASSED] - selectOptionByIndex: All options with index in [12] are selected on object 'Object Repository/PharmacyRequest/Page_KDMC-Pharmacy/select_--Select--Schedule 1Inj'

2018-05-15 17:28:07 - [MESSAGE][PASSED] - All options with index in [12] are selected on object 'Object Repository/PharmacyRequest/Page_KDMC-Pharmacy/select_--Select--Schedule 1Inj'

2018-05-15 17:28:07 - [TEST_STEP][PASSED] - selectOptionByIndex: All options with index in [4] are selected on object 'Object Repository/PharmacyRequest/Page_KDMC-Pharmacy/select_--Select--Albendazole'

2018-05-15 17:28:07 - [MESSAGE][PASSED] - All options with index in [4] are selected on object 'Object Repository/PharmacyRequest/Page_KDMC-Pharmacy/select_--Select--Albendazole'

2018-05-15 17:28:07 - [TEST_STEP][PASSED] - setText: Text '10' is set on object 'Object Repository/PharmacyRequest/Page_KDMC-Pharmacy/input_txttreat'

2018-05-15 17:28:07 - [MESSAGE][PASSED] - Text '10' is set on object 'Object Repository/PharmacyRequest/Page_KDMC-Pharmacy/input_txttreat'

2018-05-15 17:28:07 - [TEST_STEP][PASSED] - click: Object: 'Object Repository/PharmacyRequest/Page_KDMC-Pharmacy/button_Add' is clicked on

2018-05-15 17:28:07 - [MESSAGE][PASSED] - Object: 'Object Repository/PharmacyRequest/Page_KDMC-Pharmacy/button_Add' is clicked on

2018-05-15 17:28:07 - [TEST_STEP][PASSED] - selectOptionByIndex: All options with index in [12] are selected on object 'Object Repository/PharmacyRequest/Page_KDMC-Pharmacy/select_--Select--Schedule 1Inj'

2018-05-15 17:28:07 - [MESSAGE][PASSED] - All options with index in [12] are selected on object 'Object Repository/PharmacyRequest/Page_KDMC-Pharmacy/select_--Select--Schedule 1Inj'

2018-05-15 17:28:07 - [TEST_STEP][PASSED] - selectOptionByIndex: All options with index in [5] are selected on object 'Object Repository/PharmacyRequest/Page_KDMC-Pharmacy/select_--Select--Albendazole'

2018-05-15 17:28:07 - [MESSAGE][PASSED] - All options with index in [5] are selected on object 'Object Repository/PharmacyRequest/Page_KDMC-Pharmacy/select_--Select--Albendazole'

2018-05-15 17:28:07 - [TEST_STEP][PASSED] - setText: Text '10' is set on object 'Object Repository/PharmacyRequest/Page_KDMC-Pharmacy/input_txttreat'

2018-05-15 17:28:07 - [MESSAGE][PASSED] - Text '10' is set on object 'Object Repository/PharmacyRequest/Page_KDMC-Pharmacy/input_txttreat'

2018-05-15 17:28:07 - [TEST_STEP][PASSED] - click: Object: 'Object Repository/PharmacyRequest/Page_KDMC-Pharmacy/button_Add' is clicked on

2018-05-15 17:28:08 - [MESSAGE][PASSED] - Object: 'Object Repository/PharmacyRequest/Page_KDMC-Pharmacy/button_Add' is clicked on

2018-05-15 17:28:08 - [TEST_STEP][PASSED] - selectOptionByIndex: All options with index in [12] are selected on object 'Object Repository/PharmacyRequest/Page_KDMC-Pharmacy/select_--Select--Schedule 1Inj'

2018-05-15 17:28:08 - [MESSAGE][PASSED] - All options with index in [12] are selected on object 'Object Repository/PharmacyRequest/Page_KDMC-Pharmacy/select_--Select--Schedule 1Inj'

2018-05-15 17:28:08 - [TEST_STEP][PASSED] - selectOptionByIndex: All options with index in [6] are selected on object 'Object Repository/PharmacyRequest/Page_KDMC-Pharmacy/select_--Select--Albendazole'

2018-05-15 17:28:08 - [MESSAGE][PASSED] - All options with index in [6] are selected on object 'Object Repository/PharmacyRequest/Page_KDMC-Pharmacy/select_--Select--Albendazole'

2018-05-15 17:28:08 - [TEST_STEP][PASSED] - setText: Text '10' is set on object 'Object Repository/PharmacyRequest/Page_KDMC-Pharmacy/input_txttreat'

2018-05-15 17:28:08 - [MESSAGE][PASSED] - Text '10' is set on object 'Object Repository/PharmacyRequest/Page_KDMC-Pharmacy/input_txttreat'

2018-05-15 17:28:08 - [TEST_STEP][PASSED] - click: Object: 'Object Repository/PharmacyRequest/Page_KDMC-Pharmacy/button_Add' is clicked on

2018-05-15 17:28:08 - [MESSAGE][PASSED] - Object: 'Object Repository/PharmacyRequest/Page_KDMC-Pharmacy/button_Add' is clicked on

2018-05-15 17:28:08 - [TEST_STEP][PASSED] - selectOptionByIndex: All options with index in [12] are selected on object 'Object Repository/PharmacyRequest/Page_KDMC-Pharmacy/select_--Select--Schedule 1Inj'

2018-05-15 17:28:08 - [MESSAGE][PASSED] - All options with index in [12] are selected on object 'Object Repository/PharmacyRequest/Page_KDMC-Pharmacy/select_--Select--Schedule 1Inj'

2018-05-15 17:28:08 - [TEST_STEP][PASSED] - selectOptionByIndex: All options with index in [7] are selected on object 'Object Repository/PharmacyRequest/Page_KDMC-Pharmacy/select_--Select--Albendazole'

2018-05-15 17:28:08 - [MESSAGE][PASSED] - All options with index in [7] are selected on object 'Object Repository/PharmacyRequest/Page_KDMC-Pharmacy/select_--Select--Albendazole'

2018-05-15 17:28:08 - [TEST_STEP][PASSED] - setText: Text '10' is set on object 'Object Repository/PharmacyRequest/Page_KDMC-Pharmacy/input_txttreat'

2018-05-15 17:28:09 - [MESSAGE][PASSED] - Text '10' is set on object 'Object Repository/PharmacyRequest/Page_KDMC-Pharmacy/input_txttreat'

2018-05-15 17:28:09 - [TEST_STEP][PASSED] - click: Object: 'Object Repository/PharmacyRequest/Page_KDMC-Pharmacy/button_Add' is clicked on

2018-05-15 17:28:09 - [MESSAGE][PASSED] - Object: 'Object Repository/PharmacyRequest/Page_KDMC-Pharmacy/button_Add' is clicked on

2018-05-15 17:28:09 - [TEST_STEP][PASSED] - selectOptionByIndex: All options with index in [12] are selected on object 'Object Repository/PharmacyRequest/Page_KDMC-Pharmacy/select_--Select--Schedule 1Inj'

2018-05-15 17:28:09 - [MESSAGE][PASSED] - All options with index in [12] are selected on object 'Object Repository/PharmacyRequest/Page_KDMC-Pharmacy/select_--Select--Schedule 1Inj'

2018-05-15 17:28:09 - [TEST_STEP][PASSED] - selectOptionByIndex: All options with index in [8] are selected on object 'Object Repository/PharmacyRequest/Page_KDMC-Pharmacy/select_--Select--Albendazole'

2018-05-15 17:28:09 - [MESSAGE][PASSED] - All options with index in [8] are selected on object 'Object Repository/PharmacyRequest/Page_KDMC-Pharmacy/select_--Select--Albendazole'

2018-05-15 17:28:09 - [TEST_STEP][PASSED] - setText: Text '10' is set on object 'Object Repository/PharmacyRequest/Page_KDMC-Pharmacy/input_txttreat'

2018-05-15 17:28:09 - [MESSAGE][PASSED] - Text '10' is set on object 'Object Repository/PharmacyRequest/Page_KDMC-Pharmacy/input_txttreat'

2018-05-15 17:28:09 - [TEST_STEP][PASSED] - click: Object: 'Object Repository/PharmacyRequest/Page_KDMC-Pharmacy/button_Add' is clicked on

2018-05-15 17:28:09 - [MESSAGE][PASSED] - Object: 'Object Repository/PharmacyRequest/Page_KDMC-Pharmacy/button_Add' is clicked on

2018-05-15 17:28:09 - [TEST_STEP][PASSED] - selectOptionByIndex: All options with index in [12] are selected on object 'Object Repository/PharmacyRequest/Page_KDMC-Pharmacy/select_--Select--Schedule 1Inj'

2018-05-15 17:28:09 - [MESSAGE][PASSED] - All options with index in [12] are selected on object 'Object Repository/PharmacyRequest/Page_KDMC-Pharmacy/select_--Select--Schedule 1Inj'

2018-05-15 17:28:09 - [TEST_STEP][PASSED] - selectOptionByIndex: All options with index in [9] are selected on object 'Object Repository/PharmacyRequest/Page_KDMC-Pharmacy/select_--Select--Albendazole'

2018-05-15 17:28:09 - [MESSAGE][PASSED] - All options with index in [9] are selected on object 'Object Repository/PharmacyRequest/Page_KDMC-Pharmacy/select_--Select--Albendazole'

2018-05-15 17:28:09 - [TEST_STEP][PASSED] - setText: Text '10' is set on object 'Object Repository/PharmacyRequest/Page_KDMC-Pharmacy/input_txttreat'

2018-05-15 17:28:10 - [MESSAGE][PASSED] - Text '10' is set on object 'Object Repository/PharmacyRequest/Page_KDMC-Pharmacy/input_txttreat'

2018-05-15 17:28:10 - [TEST_STEP][PASSED] - click: Object: 'Object Repository/PharmacyRequest/Page_KDMC-Pharmacy/button_Add' is clicked on

2018-05-15 17:28:10 - [MESSAGE][PASSED] - Object: 'Object Repository/PharmacyRequest/Page_KDMC-Pharmacy/button_Add' is clicked on

2018-05-15 17:28:10 - [TEST_STEP][PASSED] - selectOptionByIndex: All options with index in [12] are selected on object 'Object Repository/PharmacyRequest/Page_KDMC-Pharmacy/select_--Select--Schedule 1Inj'

2018-05-15 17:28:10 - [MESSAGE][PASSED] - All options with index in [12] are selected on object 'Object Repository/PharmacyRequest/Page_KDMC-Pharmacy/select_--Select--Schedule 1Inj'

2018-05-15 17:28:10 - [TEST_STEP][PASSED] - selectOptionByIndex: All options with index in [10] are selected on object 'Object Repository/PharmacyRequest/Page_KDMC-Pharmacy/select_--Select--Albendazole'

2018-05-15 17:28:10 - [MESSAGE][PASSED] - All options with index in [10] are selected on object 'Object Repository/PharmacyRequest/Page_KDMC-Pharmacy/select_--Select--Albendazole'

2018-05-15 17:28:10 - [TEST_STEP][PASSED] - setText: Text '10' is set on object 'Object Repository/PharmacyRequest/Page_KDMC-Pharmacy/input_txttreat'

2018-05-15 17:28:10 - [MESSAGE][PASSED] - Text '10' is set on object 'Object Repository/PharmacyRequest/Page_KDMC-Pharmacy/input_txttreat'

2018-05-15 17:28:10 - [TEST_STEP][PASSED] - click: Object: 'Object Repository/PharmacyRequest/Page_KDMC-Pharmacy/button_Add' is clicked on

2018-05-15 17:28:10 - [MESSAGE][PASSED] - Object: 'Object Repository/PharmacyRequest/Page_KDMC-Pharmacy/button_Add' is clicked on

2018-05-15 17:28:10 - [TEST_STEP][PASSED] - selectOptionByIndex: All options with index in [12] are selected on object 'Object Repository/PharmacyRequest/Page_KDMC-Pharmacy/select_--Select--Schedule 1Inj'

2018-05-15 17:28:10 - [MESSAGE][PASSED] - All options with index in [12] are selected on object 'Object Repository/PharmacyRequest/Page_KDMC-Pharmacy/select_--Select--Schedule 1Inj'

2018-05-15 17:28:10 - [TEST_STEP][PASSED] - selectOptionByIndex: All options with index in [11] are selected on object 'Object Repository/PharmacyRequest/Page_KDMC-Pharmacy/select_--Select--Albendazole'

2018-05-15 17:28:10 - [MESSAGE][PASSED] - All options with index in [11] are selected on object 'Object Repository/PharmacyRequest/Page_KDMC-Pharmacy/select_--Select--Albendazole'

2018-05-15 17:28:10 - [TEST_STEP][PASSED] - setText: Text '10' is set on object 'Object Repository/PharmacyRequest/Page_KDMC-Pharmacy/input_txttreat'

2018-05-15 17:28:11 - [MESSAGE][PASSED] - Text '10' is set on object 'Object Repository/PharmacyRequest/Page_KDMC-Pharmacy/input_txttreat'

2018-05-15 17:28:11 - [TEST_STEP][PASSED] - click: Object: 'Object Repository/PharmacyRequest/Page_KDMC-Pharmacy/button_Add' is clicked on

2018-05-15 17:28:11 - [MESSAGE][PASSED] - Object: 'Object Repository/PharmacyRequest/Page_KDMC-Pharmacy/button_Add' is clicked on

2018-05-15 17:28:11 - [TEST_STEP][PASSED] - selectOptionByIndex: All options with index in [12] are selected on object 'Object Repository/PharmacyRequest/Page_KDMC-Pharmacy/select_--Select--Schedule 1Inj'

2018-05-15 17:28:11 - [MESSAGE][PASSED] - All options with index in [12] are selected on object 'Object Repository/PharmacyRequest/Page_KDMC-Pharmacy/select_--Select--Schedule 1Inj'

2018-05-15 17:28:11 - [TEST_STEP][PASSED] - selectOptionByIndex: All options with index in [12] are selected on object 'Object Repository/PharmacyRequest/Page_KDMC-Pharmacy/select_--Select--Albendazole'

2018-05-15 17:28:11 - [MESSAGE][PASSED] - All options with index in [12] are selected on object 'Object Repository/PharmacyRequest/Page_KDMC-Pharmacy/select_--Select--Albendazole'

2018-05-15 17:28:11 - [TEST_STEP][PASSED] - setText: Text '10' is set on object 'Object Repository/PharmacyRequest/Page_KDMC-Pharmacy/input_txttreat'

2018-05-15 17:28:11 - [MESSAGE][PASSED] - Text '10' is set on object 'Object Repository/PharmacyRequest/Page_KDMC-Pharmacy/input_txttreat'

2018-05-15 17:28:11 - [TEST_STEP][PASSED] - click: Object: 'Object Repository/PharmacyRequest/Page_KDMC-Pharmacy/button_Add' is clicked on

2018-05-15 17:28:11 - [MESSAGE][PASSED] - Object: 'Object Repository/PharmacyRequest/Page_KDMC-Pharmacy/button_Add' is clicked on

2018-05-15 17:28:11 - [TEST_STEP][PASSED] - selectOptionByIndex: All options with index in [12] are selected on object 'Object Repository/PharmacyRequest/Page_KDMC-Pharmacy/select_--Select--Schedule 1Inj'

2018-05-15 17:28:11 - [MESSAGE][PASSED] - All options with index in [12] are selected on object 'Object Repository/PharmacyRequest/Page_KDMC-Pharmacy/select_--Select--Schedule 1Inj'

2018-05-15 17:28:11 - [TEST_STEP][PASSED] - selectOptionByIndex: All options with index in [13] are selected on object 'Object Repository/PharmacyRequest/Page_KDMC-Pharmacy/select_--Select--Albendazole'

2018-05-15 17:28:12 - [MESSAGE][PASSED] - All options with index in [13] are selected on object 'Object Repository/PharmacyRequest/Page_KDMC-Pharmacy/select_--Select--Albendazole'

2018-05-15 17:28:12 - [TEST_STEP][PASSED] - setText: Text '10' is set on object 'Object Repository/PharmacyRequest/Page_KDMC-Pharmacy/input_txttreat'

2018-05-15 17:28:12 - [MESSAGE][PASSED] - Text '10' is set on object 'Object Repository/PharmacyRequest/Page_KDMC-Pharmacy/input_txttreat'

2018-05-15 17:28:12 - [TEST_STEP][PASSED] - click: Object: 'Object Repository/PharmacyRequest/Page_KDMC-Pharmacy/button_Add' is clicked on

2018-05-15 17:28:12 - [MESSAGE][PASSED] - Object: 'Object Repository/PharmacyRequest/Page_KDMC-Pharmacy/button_Add' is clicked on

2018-05-15 17:28:12 - [TEST_STEP][PASSED] - selectOptionByIndex: All options with index in [12] are selected on object 'Object Repository/PharmacyRequest/Page_KDMC-Pharmacy/select_--Select--Schedule 1Inj'

2018-05-15 17:28:12 - [MESSAGE][PASSED] - All options with index in [12] are selected on object 'Object Repository/PharmacyRequest/Page_KDMC-Pharmacy/select_--Select--Schedule 1Inj'

2018-05-15 17:28:12 - [TEST_STEP][PASSED] - selectOptionByIndex: All options with index in [14] are selected on object 'Object Repository/PharmacyRequest/Page_KDMC-Pharmacy/select_--Select--Albendazole'

2018-05-15 17:28:12 - [MESSAGE][PASSED] - All options with index in [14] are selected on object 'Object Repository/PharmacyRequest/Page_KDMC-Pharmacy/select_--Select--Albendazole'

2018-05-15 17:28:12 - [TEST_STEP][PASSED] - setText: Text '10' is set on object 'Object Repository/PharmacyRequest/Page_KDMC-Pharmacy/input_txttreat'

2018-05-15 17:28:12 - [MESSAGE][PASSED] - Text '10' is set on object 'Object Repository/PharmacyRequest/Page_KDMC-Pharmacy/input_txttreat'

2018-05-15 17:28:12 - [TEST_STEP][PASSED] - click: Object: 'Object Repository/PharmacyRequest/Page_KDMC-Pharmacy/button_Add' is clicked on

2018-05-15 17:28:12 - [MESSAGE][PASSED] - Object: 'Object Repository/PharmacyRequest/Page_KDMC-Pharmacy/button_Add' is clicked on

2018-05-15 17:28:12 - [TEST_STEP][PASSED] - selectOptionByIndex: All options with index in [12] are selected on object 'Object Repository/PharmacyRequest/Page_KDMC-Pharmacy/select_--Select--Schedule 1Inj'

2018-05-15 17:28:12 - [MESSAGE][PASSED] - All options with index in [12] are selected on object 'Object Repository/PharmacyRequest/Page_KDMC-Pharmacy/select_--Select--Schedule 1Inj'

2018-05-15 17:28:12 - [TEST_STEP][PASSED] - selectOptionByIndex: All options with index in [15] are selected on object 'Object Repository/PharmacyRequest/Page_KDMC-Pharmacy/select_--Select--Albendazole'

2018-05-15 17:28:13 - [MESSAGE][PASSED] - All options with index in [15] are selected on object 'Object Repository/PharmacyRequest/Page_KDMC-Pharmacy/select_--Select--Albendazole'

2018-05-15 17:28:13 - [TEST_STEP][PASSED] - setText: Text '10' is set on object 'Object Repository/PharmacyRequest/Page_KDMC-Pharmacy/input_txttreat'

2018-05-15 17:28:13 - [MESSAGE][PASSED] - Text '10' is set on object 'Object Repository/PharmacyRequest/Page_KDMC-Pharmacy/input_txttreat'

2018-05-15 17:28:13 - [TEST_STEP][PASSED] - click: Object: 'Object Repository/PharmacyRequest/Page_KDMC-Pharmacy/button_Add' is clicked on

2018-05-15 17:28:13 - [MESSAGE][PASSED] - Object: 'Object Repository/PharmacyRequest/Page_KDMC-Pharmacy/button_Add' is clicked on

2018-05-15 17:28:13 - [TEST_STEP][PASSED] - selectOptionByIndex: All options with index in [12] are selected on object 'Object Repository/PharmacyRequest/Page_KDMC-Pharmacy/select_--Select--Schedule 1Inj'

2018-05-15 17:28:13 - [MESSAGE][PASSED] - All options with index in [12] are selected on object 'Object Repository/PharmacyRequest/Page_KDMC-Pharmacy/select_--Select--Schedule 1Inj'

2018-05-15 17:28:13 - [TEST_STEP][PASSED] - selectOptionByIndex: All options with index in [16] are selected on object 'Object Repository/PharmacyRequest/Page_KDMC-Pharmacy/select_--Select--Albendazole'

2018-05-15 17:28:13 - [MESSAGE][PASSED] - All options with index in [16] are selected on object 'Object Repository/PharmacyRequest/Page_KDMC-Pharmacy/select_--Select--Albendazole'

2018-05-15 17:28:13 - [TEST_STEP][PASSED] - setText: Text '10' is set on object 'Object Repository/PharmacyRequest/Page_KDMC-Pharmacy/input_txttreat'

2018-05-15 17:28:13 - [MESSAGE][PASSED] - Text '10' is set on object 'Object Repository/PharmacyRequest/Page_KDMC-Pharmacy/input_txttreat'

2018-05-15 17:28:13 - [TEST_STEP][PASSED] - click: Object: 'Object Repository/PharmacyRequest/Page_KDMC-Pharmacy/button_Add' is clicked on

2018-05-15 17:28:13 - [MESSAGE][PASSED] - Object: 'Object Repository/PharmacyRequest/Page_KDMC-Pharmacy/button_Add' is clicked on

2018-05-15 17:28:13 - [TEST_STEP][PASSED] - selectOptionByIndex: All options with index in [12] are selected on object 'Object Repository/PharmacyRequest/Page_KDMC-Pharmacy/select_--Select--Schedule 1Inj'

2018-05-15 17:28:14 - [MESSAGE][PASSED] - All options with index in [12] are selected on object 'Object Repository/PharmacyRequest/Page_KDMC-Pharmacy/select_--Select--Schedule 1Inj'

2018-05-15 17:28:14 - [TEST_STEP][PASSED] - selectOptionByIndex: All options with index in [17] are selected on object 'Object Repository/PharmacyRequest/Page_KDMC-Pharmacy/select_--Select--Albendazole'

2018-05-15 17:28:14 - [MESSAGE][PASSED] - All options with index in [17] are selected on object 'Object Repository/PharmacyRequest/Page_KDMC-Pharmacy/select_--Select--Albendazole'

2018-05-15 17:28:14 - [TEST_STEP][PASSED] - setText: Text '10' is set on object 'Object Repository/PharmacyRequest/Page_KDMC-Pharmacy/input_txttreat'

2018-05-15 17:28:14 - [MESSAGE][PASSED] - Text '10' is set on object 'Object Repository/PharmacyRequest/Page_KDMC-Pharmacy/input_txttreat'

2018-05-15 17:28:14 - [TEST_STEP][PASSED] - click: Object: 'Object Repository/PharmacyRequest/Page_KDMC-Pharmacy/button_Add' is clicked on

2018-05-15 17:28:14 - [MESSAGE][PASSED] - Object: 'Object Repository/PharmacyRequest/Page_KDMC-Pharmacy/button_Add' is clicked on

2018-05-15 17:28:14 - [TEST_STEP][PASSED] - selectOptionByIndex: All options with index in [12] are selected on object 'Object Repository/PharmacyRequest/Page_KDMC-Pharmacy/select_--Select--Schedule 1Inj'

2018-05-15 17:28:14 - [MESSAGE][PASSED] - All options with index in [12] are selected on object 'Object Repository/PharmacyRequest/Page_KDMC-Pharmacy/select_--Select--Schedule 1Inj'

2018-05-15 17:28:14 - [TEST_STEP][PASSED] - selectOptionByIndex: All options with index in [18] are selected on object 'Object Repository/PharmacyRequest/Page_KDMC-Pharmacy/select_--Select--Albendazole'

2018-05-15 17:28:14 - [MESSAGE][PASSED] - All options with index in [18] are selected on object 'Object Repository/PharmacyRequest/Page_KDMC-Pharmacy/select_--Select--Albendazole'

2018-05-15 17:28:14 - [TEST_STEP][PASSED] - setText: Text '10' is set on object 'Object Repository/PharmacyRequest/Page_KDMC-Pharmacy/input_txttreat'

2018-05-15 17:28:14 - [MESSAGE][PASSED] - Text '10' is set on object 'Object Repository/PharmacyRequest/Page_KDMC-Pharmacy/input_txttreat'

2018-05-15 17:28:14 - [TEST_STEP][PASSED] - click: Object: 'Object Repository/PharmacyRequest/Page_KDMC-Pharmacy/button_Add' is clicked on

2018-05-15 17:28:15 - [MESSAGE][PASSED] - Object: 'Object Repository/PharmacyRequest/Page_KDMC-Pharmacy/button_Add' is clicked on

2018-05-15 17:28:15 - [TEST_STEP][PASSED] - Statement - RN1 = com.kms.katalon.core.webui.keyword.WebUiBuiltInKeywords.getAttribute(com.kms.katalon.core.testobject.ObjectRepository.findTestObject(PharmacyRequest/Page_KDMC-Pharmacy/input_txtno), "value"): Attribute 'value' of object 'Object Repository/PharmacyRequest/Page_KDMC-Pharmacy/input_txtno' is: 'PRNO/15052018/129'

2018-05-15 17:28:15 - [MESSAGE][PASSED] - Attribute 'value' of object 'Object Repository/PharmacyRequest/Page_KDMC-Pharmacy/input_txtno' is: 'PRNO/15052018/129'

2018-05-15 17:28:15 - [TEST_STEP][PASSED] - Statement - out.println(RN1): null

2018-05-15 17:28:15 - [TEST_STEP][PASSED] - Statement - RID = RN1.split("/")[2]: null

2018-05-15 17:28:15 - [TEST_STEP][PASSED] - scrollToElement: Scroll to object 'Object Repository/PharmacyRequest/Page_KDMC-Pharmacy/input_btnsave' successfully

2018-05-15 17:28:15 - [MESSAGE][PASSED] - Scroll to object 'Object Repository/PharmacyRequest/Page_KDMC-Pharmacy/input_btnsave' successfully

2018-05-15 17:28:15 - [TEST_STEP][PASSED] - click: Object: 'Object Repository/PharmacyRequest/Page_KDMC-Pharmacy/input_btnsave' is clicked on

2018-05-15 17:28:15 - [MESSAGE][PASSED] - Object: 'Object Repository/PharmacyRequest/Page_KDMC-Pharmacy/input_btnsave' is clicked on

2018-05-15 17:28:15 - [TEST_STEP][PASSED] - delay: Delayed 3 second(s)

2018-05-15 17:28:18 - [MESSAGE][PASSED] - Delayed 3 second(s)

2018-05-15 17:28:18 - [TEST_STEP][PASSED] - click: Object: 'Object Repository/PharmacyRequest/Page_KDMC-Pharmacy/button_OK' is clicked on

2018-05-15 17:28:19 - [MESSAGE][PASSED] - Object: 'Object Repository/PharmacyRequest/Page_KDMC-Pharmacy/button_OK' is clicked on

2018-05-15 17:28:19 - [TEST_STEP][PASSED] - delay: Delayed 3 second(s)

2018-05-15 17:28:22 - [MESSAGE][PASSED] - Delayed 3 second(s)

2018-05-15 17:28:22 - [TEST_STEP][PASSED] - click: Object: 'Object Repository/PharmacyRequest/Page_KDMC-Pharmacy/a_Back to Pharmacy' is clicked on

2018-05-15 17:28:23 - [MESSAGE][PASSED] - Object: 'Object Repository/PharmacyRequest/Page_KDMC-Pharmacy/a_Back to Pharmacy' is clicked on

2018-05-15 17:28:23 - [TEST_STEP][PASSED] - delay: Delayed 3 second(s)

2018-05-15 17:28:26 - [MESSAGE][PASSED] - Delayed 3 second(s)

2018-05-15 17:28:26 - [TEST_STEP][PASSED] - click: Object: 'Object Repository/PharmacyRequest/Page_KDMC - Pharmacy/a_dropdown-toggle' is clicked on

2018-05-15 17:28:26 - [MESSAGE][PASSED] - Object: 'Object Repository/PharmacyRequest/Page_KDMC - Pharmacy/a_dropdown-toggle' is clicked on

2018-05-15 17:28:26 - [TEST_STEP][PASSED] - click: Object: 'Object Repository/PharmacyRequest/Page_KDMC - Pharmacy/a_Sign out' is clicked on

2018-05-15 17:28:26 - [MESSAGE][PASSED] - Object: 'Object Repository/PharmacyRequest/Page_KDMC - Pharmacy/a_Sign out' is clicked on

2018-05-15 17:28:26 - [TEST_STEP][PASSED] - delay: Delayed 3 second(s)

2018-05-15 17:28:29 - [MESSAGE][PASSED] - Delayed 3 second(s)

2018-05-15 17:28:29 - [TEST_STEP][PASSED] - click: Object: 'Object Repository/PharmacyRequest/Page_KDMC/a_CMO' is clicked on

2018-05-15 17:28:30 - [MESSAGE][PASSED] - Object: 'Object Repository/PharmacyRequest/Page_KDMC/a_CMO' is clicked on

2018-05-15 17:28:30 - [TEST_STEP][PASSED] - setText: Text 'guru' is set on object 'Object Repository/PharmacyRequest/Page_CMO login/input_txtusername'

2018-05-15 17:28:30 - [MESSAGE][PASSED] - Text 'guru' is set on object 'Object Repository/PharmacyRequest/Page_CMO login/input_txtusername'

2018-05-15 17:28:30 - [TEST_STEP][PASSED] - setText: Text '123' is set on object 'Object Repository/PharmacyRequest/Page_CMO login/input_txtpassword'

2018-05-15 17:28:30 - [MESSAGE][PASSED] - Text '123' is set on object 'Object Repository/PharmacyRequest/Page_CMO login/input_txtpassword'

2018-05-15 17:28:30 - [TEST_STEP][PASSED] - delay: Delayed 3 second(s)

2018-05-15 17:28:33 - [MESSAGE][PASSED] - Delayed 3 second(s)

2018-05-15 17:28:33 - [TEST_STEP][PASSED] - click: Object: 'Object Repository/PharmacyRequest/Page_CMO login/button_Sign in' is clicked on

2018-05-15 17:28:34 - [MESSAGE][PASSED] - Object: 'Object Repository/PharmacyRequest/Page_CMO login/button_Sign in' is clicked on

2018-05-15 17:28:34 - [TEST_STEP][PASSED] - click: Object: 'Object Repository/PharmacyRequest/Page_KDMC - CMO/a_Department Wise Request' is clicked on

2018-05-15 17:28:34 - [MESSAGE][PASSED] - Object: 'Object Repository/PharmacyRequest/Page_KDMC - CMO/a_Department Wise Request' is clicked on

2018-05-15 17:28:34 - [TEST_STEP][PASSED] - selectOptionByIndex: All options with index in [2] are selected on object 'Object Repository/PharmacyRequest/Page_KDMC - CMO/select_--ALL--'

2018-05-15 17:28:35 - [MESSAGE][PASSED] - All options with index in [2] are selected on object 'Object Repository/PharmacyRequest/Page_KDMC - CMO/select_--ALL--'

2018-05-15 17:28:35 - [TEST_STEP][PASSED] - selectOptionByIndex: All options with index in [1] are selected on object 'Object Repository/PharmacyRequest/Page_KDMC - CMO/select_--ALL--                _1'

2018-05-15 17:28:35 - [MESSAGE][PASSED] - All options with index in [1] are selected on object 'Object Repository/PharmacyRequest/Page_KDMC - CMO/select_--ALL--                _1'

2018-05-15 17:28:35 - [TEST_STEP][PASSED] - click: Object: 'Object Repository/PharmacyRequest/Page_KDMC - CMO/input_btnsearch' is clicked on

2018-05-15 17:28:35 - [MESSAGE][PASSED] - Object: 'Object Repository/PharmacyRequest/Page_KDMC - CMO/input_btnsearch' is clicked on

2018-05-15 17:28:35 - [TEST_STEP][PASSED] - Statement - ID = com.kms.katalon.core.webui.keyword.WebUiBuiltInKeywords.modifyObjectProperty(com.kms.katalon.core.testobject.ObjectRepository.findTestObject(PharmacyRequest/Page_KDMC - CMO/input_2), "xpath", "equals", "//*[@id=" + RID + "]", true): Modify property of object successfully

2018-05-15 17:28:35 - [MESSAGE][PASSED] - Modify property of object successfully

2018-05-15 17:28:35 - [TEST_STEP][PASSED] - click: Object: 'Object Repository/PharmacyRequest/Page_KDMC - CMO/input_2' is clicked on

2018-05-15 17:28:35 - [MESSAGE][PASSED] - Object: 'Object Repository/PharmacyRequest/Page_KDMC - CMO/input_2' is clicked on

2018-05-15 17:28:35 - [TEST_STEP][PASSED] - delay: Delayed 3 second(s)

2018-05-15 17:28:38 - [MESSAGE][PASSED] - Delayed 3 second(s)

2018-05-15 17:28:38 - [TEST_STEP][PASSED] - selectOptionByIndex: All options with index in [1] are selected on object 'Object Repository/PharmacyRequest/Page_KDMC - CMO/select_--Select--'

2018-05-15 17:28:39 - [MESSAGE][PASSED] - All options with index in [1] are selected on object 'Object Repository/PharmacyRequest/Page_KDMC - CMO/select_--Select--'

2018-05-15 17:28:39 - [TEST_STEP][PASSED] - click: Object: 'Object Repository/PharmacyRequest/Page_KDMC - CMO/input_btnupdate' is clicked on

2018-05-15 17:28:39 - [MESSAGE][PASSED] - Object: 'Object Repository/PharmacyRequest/Page_KDMC - CMO/input_btnupdate' is clicked on

2018-05-15 17:28:39 - [TEST_STEP][PASSED] - delay: Delayed 3 second(s)

2018-05-15 17:28:42 - [MESSAGE][PASSED] - Delayed 3 second(s)

2018-05-15 17:28:42 - [TEST_STEP][PASSED] - click: Object: 'Object Repository/PharmacyRequest/Page_KDMC - CMO/button_OK' is clicked on

2018-05-15 17:28:43 - [MESSAGE][PASSED] - Object: 'Object Repository/PharmacyRequest/Page_KDMC - CMO/button_OK' is clicked on

2018-05-15 17:28:43 - [TEST_STEP][PASSED] - delay: Delayed 3 second(s)

2018-05-15 17:28:46 - [MESSAGE][PASSED] - Delayed 3 second(s)

2018-05-15 17:28:46 - [TEST_STEP][PASSED] - click: Object: 'Object Repository/PharmacyRequest/Page_KDMC - CMO/a_dropdown-toggle' is clicked on

2018-05-15 17:28:46 - [MESSAGE][PASSED] - Object: 'Object Repository/PharmacyRequest/Page_KDMC - CMO/a_dropdown-toggle' is clicked on

2018-05-15 17:28:46 - [TEST_STEP][PASSED] - click: Object: 'Object Repository/PharmacyRequest/Page_KDMC - CMO/a_Sign out' is clicked on

2018-05-15 17:28:46 - [MESSAGE][PASSED] - Object: 'Object Repository/PharmacyRequest/Page_KDMC - CMO/a_Sign out' is clicked on

2018-05-15 17:28:46 - [TEST_STEP][PASSED] - delay: Delayed 3 second(s)

2018-05-15 17:28:49 - [MESSAGE][PASSED] - Delayed 3 second(s)

2018-05-15 17:28:49 - [TEST_STEP][PASSED] - click: Object: 'Object Repository/PharmacyRequest/Page_KDMC/a_Divisional Store' is clicked on

2018-05-15 17:28:50 - [MESSAGE][PASSED] - Object: 'Object Repository/PharmacyRequest/Page_KDMC/a_Divisional Store' is clicked on

2018-05-15 17:28:50 - [TEST_STEP][PASSED] - setText: Text 'ragu' is set on object 'Object Repository/PharmacyRequest/Page_Divisonal Store Login/input_txtusername'

2018-05-15 17:28:50 - [MESSAGE][PASSED] - Text 'ragu' is set on object 'Object Repository/PharmacyRequest/Page_Divisonal Store Login/input_txtusername'

2018-05-15 17:28:50 - [TEST_STEP][PASSED] - setText: Text '123' is set on object 'Object Repository/PharmacyRequest/Page_Divisonal Store Login/input_txtpassword'

2018-05-15 17:28:50 - [MESSAGE][PASSED] - Text '123' is set on object 'Object Repository/PharmacyRequest/Page_Divisonal Store Login/input_txtpassword'

2018-05-15 17:28:50 - [TEST_STEP][PASSED] - delay: Delayed 3 second(s)

2018-05-15 17:28:53 - [MESSAGE][PASSED] - Delayed 3 second(s)

2018-05-15 17:28:53 - [TEST_STEP][PASSED] - click: Object: 'Object Repository/PharmacyRequest/Page_Divisonal Store Login/button_Sign in' is clicked on

2018-05-15 17:28:54 - [MESSAGE][PASSED] - Object: 'Object Repository/PharmacyRequest/Page_Divisonal Store Login/button_Sign in' is clicked on

2018-05-15 17:28:54 - [TEST_STEP][PASSED] - delay: Delayed 3 second(s)

2018-05-15 17:28:57 - [MESSAGE][PASSED] - Delayed 3 second(s)

2018-05-15 17:28:57 - [TEST_STEP][PASSED] - click: Object: 'Object Repository/PharmacyRequest/Page_Store/a_Pharmacy Request' is clicked on

2018-05-15 17:28:57 - [MESSAGE][PASSED] - Object: 'Object Repository/PharmacyRequest/Page_Store/a_Pharmacy Request' is clicked on

2018-05-15 17:28:57 - [TEST_STEP][PASSED] - click: Object: 'Object Repository/PharmacyRequest/Page_Store/a_Request Item Pharmacy' is clicked on

2018-05-15 17:28:58 - [MESSAGE][PASSED] - Object: 'Object Repository/PharmacyRequest/Page_Store/a_Request Item Pharmacy' is clicked on

2018-05-15 17:28:58 - [TEST_STEP][PASSED] - delay: Delayed 2 second(s)

2018-05-15 17:29:00 - [MESSAGE][PASSED] - Delayed 2 second(s)

2018-05-15 17:29:00 - [TEST_STEP][PASSED] - setText: Text 'PRNO/15052018/129' is set on object 'Object Repository/PharmacyRequest/Page_Store/input'

2018-05-15 17:29:00 - [MESSAGE][PASSED] - Text 'PRNO/15052018/129' is set on object 'Object Repository/PharmacyRequest/Page_Store/input'

2018-05-15 17:29:00 - [TEST_STEP][PASSED] - delay: Delayed 2 second(s)

2018-05-15 17:29:02 - [MESSAGE][PASSED] - Delayed 2 second(s)

2018-05-15 17:29:02 - [TEST_STEP][PASSED] - Statement - ChooseRequest = com.kms.katalon.core.webui.keyword.WebUiBuiltInKeywords.modifyObjectProperty(com.kms.katalon.core.testobject.ObjectRepository.findTestObject(PharmacyRequest/Page_Store/input_2), "xpath", "equals", "//*[@id=" + RID + "]", true): Modify property of object successfully

2018-05-15 17:29:02 - [MESSAGE][PASSED] - Modify property of object successfully

2018-05-15 17:29:02 - [TEST_STEP][PASSED] - click: Object: 'Object Repository/PharmacyRequest/Page_Store/input_2' is clicked on

2018-05-15 17:29:02 - [MESSAGE][PASSED] - Object: 'Object Repository/PharmacyRequest/Page_Store/input_2' is clicked on

2018-05-15 17:29:02 - [TEST_STEP][PASSED] - delay: Delayed 2 second(s)

2018-05-15 17:29:04 - [MESSAGE][PASSED] - Delayed 2 second(s)

2018-05-15 17:29:04 - [TEST_STEP][PASSED] - Statement - selectedoptions = com.kms.katalon.core.webui.keyword.WebUiBuiltInKeywords.getNumberOfTotalOption(com.kms.katalon.core.testobject.ObjectRepository.findTestObject(PharmacyRequest/Page_Store/select_--Select--Amlodepin -5)): 19 options of object 'Object Repository/PharmacyRequest/Page_Store/select_--Select--Amlodepin -5' counted

2018-05-15 17:29:04 - [MESSAGE][PASSED] - 19 options of object 'Object Repository/PharmacyRequest/Page_Store/select_--Select--Amlodepin -5' counted

2018-05-15 17:29:04 - [TEST_STEP][PASSED] - Statement - For ([a = 1, a <= selectedoptions - 1, (a++)]): null

2018-05-15 17:29:04 - [TEST_STEP][PASSED] - selectOptionByIndex: All options with index in [1] are selected on object 'Object Repository/PharmacyRequest/Page_Store/select_--Select--Amlodepin -5'

2018-05-15 17:29:05 - [MESSAGE][PASSED] - All options with index in [1] are selected on object 'Object Repository/PharmacyRequest/Page_Store/select_--Select--Amlodepin -5'

2018-05-15 17:29:05 - [TEST_STEP][PASSED] - delay: Delayed 1 second(s)

2018-05-15 17:29:06 - [MESSAGE][PASSED] - Delayed 1 second(s)

2018-05-15 17:29:06 - [TEST_STEP][PASSED] - Statement - RequestedQty = com.kms.katalon.core.webui.keyword.WebUiBuiltInKeywords.getAttribute(com.kms.katalon.core.testobject.ObjectRepository.findTestObject(PharmacyRequest/Page_Store/input_txttotal), "value"): Attribute 'value' of object 'Object Repository/PharmacyRequest/Page_Store/input_txttotal' is: '10'

2018-05-15 17:29:06 - [MESSAGE][PASSED] - Attribute 'value' of object 'Object Repository/PharmacyRequest/Page_Store/input_txttotal' is: '10'

2018-05-15 17:29:06 - [TEST_STEP][PASSED] - Statement - out.println("Requested QTY : " + RequestedQty): null

2018-05-15 17:29:06 - [TEST_STEP][PASSED] - Statement - BatchNumber = com.kms.katalon.core.webui.keyword.WebUiBuiltInKeywords.getNumberOfTotalOption(com.kms.katalon.core.testobject.ObjectRepository.findTestObject(PharmacyRequest/Page_Store/select_--Select--BA50)): 2 options of object 'Object Repository/PharmacyRequest/Page_Store/select_--Select--BA50' counted

2018-05-15 17:29:06 - [MESSAGE][PASSED] - 2 options of object 'Object Repository/PharmacyRequest/Page_Store/select_--Select--BA50' counted

2018-05-15 17:29:06 - [TEST_STEP][PASSED] - Statement - For ([g = 1, g <= BatchNumber - 1, (g++)]): null

2018-05-15 17:29:06 - [TEST_STEP][PASSED] - selectOptionByIndex: All options with index in [1] are selected on object 'Object Repository/PharmacyRequest/Page_Store/select_--Select--BA50'

2018-05-15 17:29:06 - [MESSAGE][PASSED] - All options with index in [1] are selected on object 'Object Repository/PharmacyRequest/Page_Store/select_--Select--BA50'

2018-05-15 17:29:06 - [TEST_STEP][PASSED] - delay: Delayed 1 second(s)

2018-05-15 17:29:07 - [MESSAGE][PASSED] - Delayed 1 second(s)

2018-05-15 17:29:07 - [TEST_STEP][PASSED] - Statement - StockQty = com.kms.katalon.core.webui.keyword.WebUiBuiltInKeywords.getAttribute(com.kms.katalon.core.testobject.ObjectRepository.findTestObject(PharmacyRequest/Page_Store/input_txtprice), "value"): Attribute 'value' of object 'Object Repository/PharmacyRequest/Page_Store/input_txtprice' is: '965'

2018-05-15 17:29:07 - [MESSAGE][PASSED] - Attribute 'value' of object 'Object Repository/PharmacyRequest/Page_Store/input_txtprice' is: '965'

2018-05-15 17:29:07 - [TEST_STEP][PASSED] - Statement - out.println("Stock QTY : " + StockQty): null

2018-05-15 17:29:07 - [TEST_STEP][PASSED] - delay: Delayed 1 second(s)

2018-05-15 17:29:08 - [MESSAGE][PASSED] - Delayed 1 second(s)

2018-05-15 17:29:08 - [TEST_STEP][PASSED] - Statement - If (java.lang.Integer.valueOf(StockQty) >= java.lang.Integer.valueOf(RequestedQty)): null

2018-05-15 17:29:08 - [TEST_STEP][PASSED] - setText: Text '10' is set on object 'Object Repository/PharmacyRequest/Page_Store/input_txtqty'

2018-05-15 17:29:08 - [MESSAGE][PASSED] - Text '10' is set on object 'Object Repository/PharmacyRequest/Page_Store/input_txtqty'

2018-05-15 17:29:08 - [TEST_STEP][PASSED] - click: Object: 'Object Repository/PharmacyRequest/Page_Store/button_Add' is clicked on

2018-05-15 17:29:08 - [MESSAGE][PASSED] - Object: 'Object Repository/PharmacyRequest/Page_Store/button_Add' is clicked on

2018-05-15 17:29:08 - [TEST_STEP][PASSED] - Statement - Break: null

2018-05-15 17:29:08 - [TEST_STEP][PASSED] - selectOptionByIndex: All options with index in [2] are selected on object 'Object Repository/PharmacyRequest/Page_Store/select_--Select--Amlodepin -5'

2018-05-15 17:29:08 - [MESSAGE][PASSED] - All options with index in [2] are selected on object 'Object Repository/PharmacyRequest/Page_Store/select_--Select--Amlodepin -5'

2018-05-15 17:29:08 - [TEST_STEP][PASSED] - delay: Delayed 1 second(s)

2018-05-15 17:29:09 - [MESSAGE][PASSED] - Delayed 1 second(s)

2018-05-15 17:29:09 - [TEST_STEP][PASSED] - Statement - RequestedQty = com.kms.katalon.core.webui.keyword.WebUiBuiltInKeywords.getAttribute(com.kms.katalon.core.testobject.ObjectRepository.findTestObject(PharmacyRequest/Page_Store/input_txttotal), "value"): Attribute 'value' of object 'Object Repository/PharmacyRequest/Page_Store/input_txttotal' is: '10'

2018-05-15 17:29:09 - [MESSAGE][PASSED] - Attribute 'value' of object 'Object Repository/PharmacyRequest/Page_Store/input_txttotal' is: '10'

2018-05-15 17:29:09 - [TEST_STEP][PASSED] - Statement - out.println("Requested QTY : " + RequestedQty): null

2018-05-15 17:29:09 - [TEST_STEP][PASSED] - Statement - BatchNumber = com.kms.katalon.core.webui.keyword.WebUiBuiltInKeywords.getNumberOfTotalOption(com.kms.katalon.core.testobject.ObjectRepository.findTestObject(PharmacyRequest/Page_Store/select_--Select--BA50)): 2 options of object 'Object Repository/PharmacyRequest/Page_Store/select_--Select--BA50' counted

2018-05-15 17:29:09 - [MESSAGE][PASSED] - 2 options of object 'Object Repository/PharmacyRequest/Page_Store/select_--Select--BA50' counted

2018-05-15 17:29:09 - [TEST_STEP][PASSED] - Statement - For ([g = 1, g <= BatchNumber - 1, (g++)]): null

2018-05-15 17:29:09 - [TEST_STEP][PASSED] - selectOptionByIndex: All options with index in [1] are selected on object 'Object Repository/PharmacyRequest/Page_Store/select_--Select--BA50'

2018-05-15 17:29:09 - [MESSAGE][PASSED] - All options with index in [1] are selected on object 'Object Repository/PharmacyRequest/Page_Store/select_--Select--BA50'

2018-05-15 17:29:09 - [TEST_STEP][PASSED] - delay: Delayed 1 second(s)

2018-05-15 17:29:10 - [MESSAGE][PASSED] - Delayed 1 second(s)

2018-05-15 17:29:10 - [TEST_STEP][PASSED] - Statement - StockQty = com.kms.katalon.core.webui.keyword.WebUiBuiltInKeywords.getAttribute(com.kms.katalon.core.testobject.ObjectRepository.findTestObject(PharmacyRequest/Page_Store/input_txtprice), "value"): Attribute 'value' of object 'Object Repository/PharmacyRequest/Page_Store/input_txtprice' is: '869'

2018-05-15 17:29:10 - [MESSAGE][PASSED] - Attribute 'value' of object 'Object Repository/PharmacyRequest/Page_Store/input_txtprice' is: '869'

2018-05-15 17:29:10 - [TEST_STEP][PASSED] - Statement - out.println("Stock QTY : " + StockQty): null

2018-05-15 17:29:10 - [TEST_STEP][PASSED] - delay: Delayed 1 second(s)

2018-05-15 17:29:11 - [MESSAGE][PASSED] - Delayed 1 second(s)

2018-05-15 17:29:11 - [TEST_STEP][PASSED] - Statement - If (java.lang.Integer.valueOf(StockQty) >= java.lang.Integer.valueOf(RequestedQty)): null

2018-05-15 17:29:11 - [TEST_STEP][PASSED] - setText: Text '10' is set on object 'Object Repository/PharmacyRequest/Page_Store/input_txtqty'

2018-05-15 17:29:12 - [MESSAGE][PASSED] - Text '10' is set on object 'Object Repository/PharmacyRequest/Page_Store/input_txtqty'

2018-05-15 17:29:12 - [TEST_STEP][PASSED] - click: Object: 'Object Repository/PharmacyRequest/Page_Store/button_Add' is clicked on

2018-05-15 17:29:12 - [MESSAGE][PASSED] - Object: 'Object Repository/PharmacyRequest/Page_Store/button_Add' is clicked on

2018-05-15 17:29:12 - [TEST_STEP][PASSED] - Statement - Break: null

2018-05-15 17:29:12 - [TEST_STEP][PASSED] - selectOptionByIndex: All options with index in [3] are selected on object 'Object Repository/PharmacyRequest/Page_Store/select_--Select--Amlodepin -5'

2018-05-15 17:29:12 - [MESSAGE][PASSED] - All options with index in [3] are selected on object 'Object Repository/PharmacyRequest/Page_Store/select_--Select--Amlodepin -5'

2018-05-15 17:29:12 - [TEST_STEP][PASSED] - delay: Delayed 1 second(s)

2018-05-15 17:29:13 - [MESSAGE][PASSED] - Delayed 1 second(s)

2018-05-15 17:29:13 - [TEST_STEP][PASSED] - Statement - RequestedQty = com.kms.katalon.core.webui.keyword.WebUiBuiltInKeywords.getAttribute(com.kms.katalon.core.testobject.ObjectRepository.findTestObject(PharmacyRequest/Page_Store/input_txttotal), "value"): Attribute 'value' of object 'Object Repository/PharmacyRequest/Page_Store/input_txttotal' is: '10'

2018-05-15 17:29:13 - [MESSAGE][PASSED] - Attribute 'value' of object 'Object Repository/PharmacyRequest/Page_Store/input_txttotal' is: '10'

2018-05-15 17:29:13 - [TEST_STEP][PASSED] - Statement - out.println("Requested QTY : " + RequestedQty): null

2018-05-15 17:29:13 - [TEST_STEP][PASSED] - Statement - BatchNumber = com.kms.katalon.core.webui.keyword.WebUiBuiltInKeywords.getNumberOfTotalOption(com.kms.katalon.core.testobject.ObjectRepository.findTestObject(PharmacyRequest/Page_Store/select_--Select--BA50)): 2 options of object 'Object Repository/PharmacyRequest/Page_Store/select_--Select--BA50' counted

2018-05-15 17:29:13 - [MESSAGE][PASSED] - 2 options of object 'Object Repository/PharmacyRequest/Page_Store/select_--Select--BA50' counted

2018-05-15 17:29:13 - [TEST_STEP][PASSED] - Statement - For ([g = 1, g <= BatchNumber - 1, (g++)]): null

2018-05-15 17:29:13 - [TEST_STEP][PASSED] - selectOptionByIndex: All options with index in [1] are selected on object 'Object Repository/PharmacyRequest/Page_Store/select_--Select--BA50'

2018-05-15 17:29:13 - [MESSAGE][PASSED] - All options with index in [1] are selected on object 'Object Repository/PharmacyRequest/Page_Store/select_--Select--BA50'

2018-05-15 17:29:13 - [TEST_STEP][PASSED] - delay: Delayed 1 second(s)

2018-05-15 17:29:14 - [MESSAGE][PASSED] - Delayed 1 second(s)

2018-05-15 17:29:14 - [TEST_STEP][PASSED] - Statement - StockQty = com.kms.katalon.core.webui.keyword.WebUiBuiltInKeywords.getAttribute(com.kms.katalon.core.testobject.ObjectRepository.findTestObject(PharmacyRequest/Page_Store/input_txtprice), "value"): Attribute 'value' of object 'Object Repository/PharmacyRequest/Page_Store/input_txtprice' is: '965'

2018-05-15 17:29:14 - [MESSAGE][PASSED] - Attribute 'value' of object 'Object Repository/PharmacyRequest/Page_Store/input_txtprice' is: '965'

2018-05-15 17:29:14 - [TEST_STEP][PASSED] - Statement - out.println("Stock QTY : " + StockQty): null

2018-05-15 17:29:14 - [TEST_STEP][PASSED] - delay: Delayed 1 second(s)

2018-05-15 17:29:15 - [MESSAGE][PASSED] - Delayed 1 second(s)

2018-05-15 17:29:15 - [TEST_STEP][PASSED] - Statement - If (java.lang.Integer.valueOf(StockQty) >= java.lang.Integer.valueOf(RequestedQty)): null

2018-05-15 17:29:15 - [TEST_STEP][PASSED] - setText: Text '10' is set on object 'Object Repository/PharmacyRequest/Page_Store/input_txtqty'

2018-05-15 17:29:15 - [MESSAGE][PASSED] - Text '10' is set on object 'Object Repository/PharmacyRequest/Page_Store/input_txtqty'

2018-05-15 17:29:15 - [TEST_STEP][PASSED] - click: Object: 'Object Repository/PharmacyRequest/Page_Store/button_Add' is clicked on

2018-05-15 17:29:15 - [MESSAGE][PASSED] - Object: 'Object Repository/PharmacyRequest/Page_Store/button_Add' is clicked on

2018-05-15 17:29:15 - [TEST_STEP][PASSED] - Statement - Break: null

2018-05-15 17:29:15 - [TEST_STEP][PASSED] - selectOptionByIndex: All options with index in [4] are selected on object 'Object Repository/PharmacyRequest/Page_Store/select_--Select--Amlodepin -5'

2018-05-15 17:29:15 - [MESSAGE][PASSED] - All options with index in [4] are selected on object 'Object Repository/PharmacyRequest/Page_Store/select_--Select--Amlodepin -5'

2018-05-15 17:29:15 - [TEST_STEP][PASSED] - delay: Delayed 1 second(s)

2018-05-15 17:29:16 - [MESSAGE][PASSED] - Delayed 1 second(s)

2018-05-15 17:29:16 - [TEST_STEP][PASSED] - Statement - RequestedQty = com.kms.katalon.core.webui.keyword.WebUiBuiltInKeywords.getAttribute(com.kms.katalon.core.testobject.ObjectRepository.findTestObject(PharmacyRequest/Page_Store/input_txttotal), "value"): Attribute 'value' of object 'Object Repository/PharmacyRequest/Page_Store/input_txttotal' is: '10'

2018-05-15 17:29:16 - [MESSAGE][PASSED] - Attribute 'value' of object 'Object Repository/PharmacyRequest/Page_Store/input_txttotal' is: '10'

2018-05-15 17:29:16 - [TEST_STEP][PASSED] - Statement - out.println("Requested QTY : " + RequestedQty): null

2018-05-15 17:29:16 - [TEST_STEP][PASSED] - Statement - BatchNumber = com.kms.katalon.core.webui.keyword.WebUiBuiltInKeywords.getNumberOfTotalOption(com.kms.katalon.core.testobject.ObjectRepository.findTestObject(PharmacyRequest/Page_Store/select_--Select--BA50)): 2 options of object 'Object Repository/PharmacyRequest/Page_Store/select_--Select--BA50' counted

2018-05-15 17:29:16 - [MESSAGE][PASSED] - 2 options of object 'Object Repository/PharmacyRequest/Page_Store/select_--Select--BA50' counted

2018-05-15 17:29:16 - [TEST_STEP][PASSED] - Statement - For ([g = 1, g <= BatchNumber - 1, (g++)]): null

2018-05-15 17:29:16 - [TEST_STEP][PASSED] - selectOptionByIndex: All options with index in [1] are selected on object 'Object Repository/PharmacyRequest/Page_Store/select_--Select--BA50'

2018-05-15 17:29:17 - [MESSAGE][PASSED] - All options with index in [1] are selected on object 'Object Repository/PharmacyRequest/Page_Store/select_--Select--BA50'

2018-05-15 17:29:17 - [TEST_STEP][PASSED] - delay: Delayed 1 second(s)

2018-05-15 17:29:18 - [MESSAGE][PASSED] - Delayed 1 second(s)

2018-05-15 17:29:18 - [TEST_STEP][PASSED] - Statement - StockQty = com.kms.katalon.core.webui.keyword.WebUiBuiltInKeywords.getAttribute(com.kms.katalon.core.testobject.ObjectRepository.findTestObject(PharmacyRequest/Page_Store/input_txtprice), "value"): Attribute 'value' of object 'Object Repository/PharmacyRequest/Page_Store/input_txtprice' is: '965'

2018-05-15 17:29:18 - [MESSAGE][PASSED] - Attribute 'value' of object 'Object Repository/PharmacyRequest/Page_Store/input_txtprice' is: '965'

2018-05-15 17:29:18 - [TEST_STEP][PASSED] - Statement - out.println("Stock QTY : " + StockQty): null

2018-05-15 17:29:18 - [TEST_STEP][PASSED] - delay: Delayed 1 second(s)

2018-05-15 17:29:19 - [MESSAGE][PASSED] - Delayed 1 second(s)

2018-05-15 17:29:19 - [TEST_STEP][PASSED] - Statement - If (java.lang.Integer.valueOf(StockQty) >= java.lang.Integer.valueOf(RequestedQty)): null

2018-05-15 17:29:19 - [TEST_STEP][PASSED] - setText: Text '10' is set on object 'Object Repository/PharmacyRequest/Page_Store/input_txtqty'

2018-05-15 17:29:19 - [MESSAGE][PASSED] - Text '10' is set on object 'Object Repository/PharmacyRequest/Page_Store/input_txtqty'

2018-05-15 17:29:19 - [TEST_STEP][PASSED] - click: Object: 'Object Repository/PharmacyRequest/Page_Store/button_Add' is clicked on

2018-05-15 17:29:19 - [MESSAGE][PASSED] - Object: 'Object Repository/PharmacyRequest/Page_Store/button_Add' is clicked on

2018-05-15 17:29:19 - [TEST_STEP][PASSED] - Statement - Break: null

2018-05-15 17:29:19 - [TEST_STEP][PASSED] - selectOptionByIndex: All options with index in [5] are selected on object 'Object Repository/PharmacyRequest/Page_Store/select_--Select--Amlodepin -5'

2018-05-15 17:29:19 - [MESSAGE][PASSED] - All options with index in [5] are selected on object 'Object Repository/PharmacyRequest/Page_Store/select_--Select--Amlodepin -5'

2018-05-15 17:29:19 - [TEST_STEP][PASSED] - delay: Delayed 1 second(s)

2018-05-15 17:29:20 - [MESSAGE][PASSED] - Delayed 1 second(s)

2018-05-15 17:29:20 - [TEST_STEP][PASSED] - Statement - RequestedQty = com.kms.katalon.core.webui.keyword.WebUiBuiltInKeywords.getAttribute(com.kms.katalon.core.testobject.ObjectRepository.findTestObject(PharmacyRequest/Page_Store/input_txttotal), "value"): Attribute 'value' of object 'Object Repository/PharmacyRequest/Page_Store/input_txttotal' is: '10'

2018-05-15 17:29:20 - [MESSAGE][PASSED] - Attribute 'value' of object 'Object Repository/PharmacyRequest/Page_Store/input_txttotal' is: '10'

2018-05-15 17:29:20 - [TEST_STEP][PASSED] - Statement - out.println("Requested QTY : " + RequestedQty): null

2018-05-15 17:29:20 - [TEST_STEP][PASSED] - Statement - BatchNumber = com.kms.katalon.core.webui.keyword.WebUiBuiltInKeywords.getNumberOfTotalOption(com.kms.katalon.core.testobject.ObjectRepository.findTestObject(PharmacyRequest/Page_Store/select_--Select--BA50)): 2 options of object 'Object Repository/PharmacyRequest/Page_Store/select_--Select--BA50' counted

2018-05-15 17:29:20 - [MESSAGE][PASSED] - 2 options of object 'Object Repository/PharmacyRequest/Page_Store/select_--Select--BA50' counted

2018-05-15 17:29:20 - [TEST_STEP][PASSED] - Statement - For ([g = 1, g <= BatchNumber - 1, (g++)]): null

2018-05-15 17:29:20 - [TEST_STEP][PASSED] - selectOptionByIndex: All options with index in [1] are selected on object 'Object Repository/PharmacyRequest/Page_Store/select_--Select--BA50'

2018-05-15 17:29:20 - [MESSAGE][PASSED] - All options with index in [1] are selected on object 'Object Repository/PharmacyRequest/Page_Store/select_--Select--BA50'

2018-05-15 17:29:20 - [TEST_STEP][PASSED] - delay: Delayed 1 second(s)

2018-05-15 17:29:21 - [MESSAGE][PASSED] - Delayed 1 second(s)

2018-05-15 17:29:21 - [TEST_STEP][PASSED] - Statement - StockQty = com.kms.katalon.core.webui.keyword.WebUiBuiltInKeywords.getAttribute(com.kms.katalon.core.testobject.ObjectRepository.findTestObject(PharmacyRequest/Page_Store/input_txtprice), "value"): Attribute 'value' of object 'Object Repository/PharmacyRequest/Page_Store/input_txtprice' is: '965'

2018-05-15 17:29:21 - [MESSAGE][PASSED] - Attribute 'value' of object 'Object Repository/PharmacyRequest/Page_Store/input_txtprice' is: '965'

2018-05-15 17:29:21 - [TEST_STEP][PASSED] - Statement - out.println("Stock QTY : " + StockQty): null

2018-05-15 17:29:21 - [TEST_STEP][PASSED] - delay: Delayed 1 second(s)

2018-05-15 17:29:22 - [MESSAGE][PASSED] - Delayed 1 second(s)

2018-05-15 17:29:22 - [TEST_STEP][PASSED] - Statement - If (java.lang.Integer.valueOf(StockQty) >= java.lang.Integer.valueOf(RequestedQty)): null

2018-05-15 17:29:22 - [TEST_STEP][PASSED] - setText: Text '10' is set on object 'Object Repository/PharmacyRequest/Page_Store/input_txtqty'

2018-05-15 17:29:22 - [MESSAGE][PASSED] - Text '10' is set on object 'Object Repository/PharmacyRequest/Page_Store/input_txtqty'

2018-05-15 17:29:22 - [TEST_STEP][PASSED] - click: Object: 'Object Repository/PharmacyRequest/Page_Store/button_Add' is clicked on

2018-05-15 17:29:22 - [MESSAGE][PASSED] - Object: 'Object Repository/PharmacyRequest/Page_Store/button_Add' is clicked on

2018-05-15 17:29:22 - [TEST_STEP][PASSED] - Statement - Break: null

2018-05-15 17:29:22 - [TEST_STEP][PASSED] - selectOptionByIndex: All options with index in [6] are selected on object 'Object Repository/PharmacyRequest/Page_Store/select_--Select--Amlodepin -5'

2018-05-15 17:29:23 - [MESSAGE][PASSED] - All options with index in [6] are selected on object 'Object Repository/PharmacyRequest/Page_Store/select_--Select--Amlodepin -5'

2018-05-15 17:29:23 - [TEST_STEP][PASSED] - delay: Delayed 1 second(s)

2018-05-15 17:29:24 - [MESSAGE][PASSED] - Delayed 1 second(s)

2018-05-15 17:29:24 - [TEST_STEP][PASSED] - Statement - RequestedQty = com.kms.katalon.core.webui.keyword.WebUiBuiltInKeywords.getAttribute(com.kms.katalon.core.testobject.ObjectRepository.findTestObject(PharmacyRequest/Page_Store/input_txttotal), "value"): Attribute 'value' of object 'Object Repository/PharmacyRequest/Page_Store/input_txttotal' is: '10'

2018-05-15 17:29:24 - [MESSAGE][PASSED] - Attribute 'value' of object 'Object Repository/PharmacyRequest/Page_Store/input_txttotal' is: '10'

2018-05-15 17:29:24 - [TEST_STEP][PASSED] - Statement - out.println("Requested QTY : " + RequestedQty): null

2018-05-15 17:29:24 - [TEST_STEP][PASSED] - Statement - BatchNumber = com.kms.katalon.core.webui.keyword.WebUiBuiltInKeywords.getNumberOfTotalOption(com.kms.katalon.core.testobject.ObjectRepository.findTestObject(PharmacyRequest/Page_Store/select_--Select--BA50)): 2 options of object 'Object Repository/PharmacyRequest/Page_Store/select_--Select--BA50' counted

2018-05-15 17:29:24 - [MESSAGE][PASSED] - 2 options of object 'Object Repository/PharmacyRequest/Page_Store/select_--Select--BA50' counted

2018-05-15 17:29:24 - [TEST_STEP][PASSED] - Statement - For ([g = 1, g <= BatchNumber - 1, (g++)]): null

2018-05-15 17:29:24 - [TEST_STEP][PASSED] - selectOptionByIndex: All options with index in [1] are selected on object 'Object Repository/PharmacyRequest/Page_Store/select_--Select--BA50'

2018-05-15 17:29:24 - [MESSAGE][PASSED] - All options with index in [1] are selected on object 'Object Repository/PharmacyRequest/Page_Store/select_--Select--BA50'

2018-05-15 17:29:24 - [TEST_STEP][PASSED] - delay: Delayed 1 second(s)

2018-05-15 17:29:25 - [MESSAGE][PASSED] - Delayed 1 second(s)

2018-05-15 17:29:25 - [TEST_STEP][PASSED] - Statement - StockQty = com.kms.katalon.core.webui.keyword.WebUiBuiltInKeywords.getAttribute(com.kms.katalon.core.testobject.ObjectRepository.findTestObject(PharmacyRequest/Page_Store/input_txtprice), "value"): Attribute 'value' of object 'Object Repository/PharmacyRequest/Page_Store/input_txtprice' is: '965'

2018-05-15 17:29:25 - [MESSAGE][PASSED] - Attribute 'value' of object 'Object Repository/PharmacyRequest/Page_Store/input_txtprice' is: '965'

2018-05-15 17:29:25 - [TEST_STEP][PASSED] - Statement - out.println("Stock QTY : " + StockQty): null

2018-05-15 17:29:25 - [TEST_STEP][PASSED] - delay: Delayed 1 second(s)

2018-05-15 17:29:26 - [MESSAGE][PASSED] - Delayed 1 second(s)

2018-05-15 17:29:26 - [TEST_STEP][PASSED] - Statement - If (java.lang.Integer.valueOf(StockQty) >= java.lang.Integer.valueOf(RequestedQty)): null

2018-05-15 17:29:26 - [TEST_STEP][PASSED] - setText: Text '10' is set on object 'Object Repository/PharmacyRequest/Page_Store/input_txtqty'

2018-05-15 17:29:26 - [MESSAGE][PASSED] - Text '10' is set on object 'Object Repository/PharmacyRequest/Page_Store/input_txtqty'

2018-05-15 17:29:26 - [TEST_STEP][PASSED] - click: Object: 'Object Repository/PharmacyRequest/Page_Store/button_Add' is clicked on

2018-05-15 17:29:26 - [MESSAGE][PASSED] - Object: 'Object Repository/PharmacyRequest/Page_Store/button_Add' is clicked on

2018-05-15 17:29:26 - [TEST_STEP][PASSED] - Statement - Break: null

2018-05-15 17:29:26 - [TEST_STEP][PASSED] - selectOptionByIndex: All options with index in [7] are selected on object 'Object Repository/PharmacyRequest/Page_Store/select_--Select--Amlodepin -5'

2018-05-15 17:29:26 - [MESSAGE][PASSED] - All options with index in [7] are selected on object 'Object Repository/PharmacyRequest/Page_Store/select_--Select--Amlodepin -5'

2018-05-15 17:29:26 - [TEST_STEP][PASSED] - delay: Delayed 1 second(s)

2018-05-15 17:29:27 - [MESSAGE][PASSED] - Delayed 1 second(s)

2018-05-15 17:29:27 - [TEST_STEP][PASSED] - Statement - RequestedQty = com.kms.katalon.core.webui.keyword.WebUiBuiltInKeywords.getAttribute(com.kms.katalon.core.testobject.ObjectRepository.findTestObject(PharmacyRequest/Page_Store/input_txttotal), "value"): Attribute 'value' of object 'Object Repository/PharmacyRequest/Page_Store/input_txttotal' is: '10'

2018-05-15 17:29:27 - [MESSAGE][PASSED] - Attribute 'value' of object 'Object Repository/PharmacyRequest/Page_Store/input_txttotal' is: '10'

2018-05-15 17:29:27 - [TEST_STEP][PASSED] - Statement - out.println("Requested QTY : " + RequestedQty): null

2018-05-15 17:29:27 - [TEST_STEP][PASSED] - Statement - BatchNumber = com.kms.katalon.core.webui.keyword.WebUiBuiltInKeywords.getNumberOfTotalOption(com.kms.katalon.core.testobject.ObjectRepository.findTestObject(PharmacyRequest/Page_Store/select_--Select--BA50)): 2 options of object 'Object Repository/PharmacyRequest/Page_Store/select_--Select--BA50' counted

2018-05-15 17:29:27 - [MESSAGE][PASSED] - 2 options of object 'Object Repository/PharmacyRequest/Page_Store/select_--Select--BA50' counted

2018-05-15 17:29:27 - [TEST_STEP][PASSED] - Statement - For ([g = 1, g <= BatchNumber - 1, (g++)]): null

2018-05-15 17:29:27 - [TEST_STEP][PASSED] - selectOptionByIndex: All options with index in [1] are selected on object 'Object Repository/PharmacyRequest/Page_Store/select_--Select--BA50'

2018-05-15 17:29:27 - [MESSAGE][PASSED] - All options with index in [1] are selected on object 'Object Repository/PharmacyRequest/Page_Store/select_--Select--BA50'

2018-05-15 17:29:27 - [TEST_STEP][PASSED] - delay: Delayed 1 second(s)

2018-05-15 17:29:28 - [MESSAGE][PASSED] - Delayed 1 second(s)

2018-05-15 17:29:28 - [TEST_STEP][PASSED] - Statement - StockQty = com.kms.katalon.core.webui.keyword.WebUiBuiltInKeywords.getAttribute(com.kms.katalon.core.testobject.ObjectRepository.findTestObject(PharmacyRequest/Page_Store/input_txtprice), "value"): Attribute 'value' of object 'Object Repository/PharmacyRequest/Page_Store/input_txtprice' is: '965'

2018-05-15 17:29:28 - [MESSAGE][PASSED] - Attribute 'value' of object 'Object Repository/PharmacyRequest/Page_Store/input_txtprice' is: '965'

2018-05-15 17:29:28 - [TEST_STEP][PASSED] - Statement - out.println("Stock QTY : " + StockQty): null

2018-05-15 17:29:28 - [TEST_STEP][PASSED] - delay: Delayed 1 second(s)

2018-05-15 17:29:29 - [MESSAGE][PASSED] - Delayed 1 second(s)

2018-05-15 17:29:29 - [TEST_STEP][PASSED] - Statement - If (java.lang.Integer.valueOf(StockQty) >= java.lang.Integer.valueOf(RequestedQty)): null

2018-05-15 17:29:29 - [TEST_STEP][PASSED] - setText: Text '10' is set on object 'Object Repository/PharmacyRequest/Page_Store/input_txtqty'

2018-05-15 17:29:29 - [MESSAGE][PASSED] - Text '10' is set on object 'Object Repository/PharmacyRequest/Page_Store/input_txtqty'

2018-05-15 17:29:29 - [TEST_STEP][PASSED] - click: Object: 'Object Repository/PharmacyRequest/Page_Store/button_Add' is clicked on

2018-05-15 17:29:30 - [MESSAGE][PASSED] - Object: 'Object Repository/PharmacyRequest/Page_Store/button_Add' is clicked on

2018-05-15 17:29:30 - [TEST_STEP][PASSED] - Statement - Break: null

2018-05-15 17:29:30 - [TEST_STEP][PASSED] - selectOptionByIndex: All options with index in [8] are selected on object 'Object Repository/PharmacyRequest/Page_Store/select_--Select--Amlodepin -5'

2018-05-15 17:29:30 - [MESSAGE][PASSED] - All options with index in [8] are selected on object 'Object Repository/PharmacyRequest/Page_Store/select_--Select--Amlodepin -5'

2018-05-15 17:29:30 - [TEST_STEP][PASSED] - delay: Delayed 1 second(s)

2018-05-15 17:29:31 - [MESSAGE][PASSED] - Delayed 1 second(s)

2018-05-15 17:29:31 - [TEST_STEP][PASSED] - Statement - RequestedQty = com.kms.katalon.core.webui.keyword.WebUiBuiltInKeywords.getAttribute(com.kms.katalon.core.testobject.ObjectRepository.findTestObject(PharmacyRequest/Page_Store/input_txttotal), "value"): Attribute 'value' of object 'Object Repository/PharmacyRequest/Page_Store/input_txttotal' is: '10'

2018-05-15 17:29:31 - [MESSAGE][PASSED] - Attribute 'value' of object 'Object Repository/PharmacyRequest/Page_Store/input_txttotal' is: '10'

2018-05-15 17:29:31 - [TEST_STEP][PASSED] - Statement - out.println("Requested QTY : " + RequestedQty): null

2018-05-15 17:29:31 - [TEST_STEP][PASSED] - Statement - BatchNumber = com.kms.katalon.core.webui.keyword.WebUiBuiltInKeywords.getNumberOfTotalOption(com.kms.katalon.core.testobject.ObjectRepository.findTestObject(PharmacyRequest/Page_Store/select_--Select--BA50)): 2 options of object 'Object Repository/PharmacyRequest/Page_Store/select_--Select--BA50' counted

2018-05-15 17:29:31 - [MESSAGE][PASSED] - 2 options of object 'Object Repository/PharmacyRequest/Page_Store/select_--Select--BA50' counted

2018-05-15 17:29:31 - [TEST_STEP][PASSED] - Statement - For ([g = 1, g <= BatchNumber - 1, (g++)]): null

2018-05-15 17:29:31 - [TEST_STEP][PASSED] - selectOptionByIndex: All options with index in [1] are selected on object 'Object Repository/PharmacyRequest/Page_Store/select_--Select--BA50'

2018-05-15 17:29:31 - [MESSAGE][PASSED] - All options with index in [1] are selected on object 'Object Repository/PharmacyRequest/Page_Store/select_--Select--BA50'

2018-05-15 17:29:31 - [TEST_STEP][PASSED] - delay: Delayed 1 second(s)

2018-05-15 17:29:32 - [MESSAGE][PASSED] - Delayed 1 second(s)

2018-05-15 17:29:32 - [TEST_STEP][PASSED] - Statement - StockQty = com.kms.katalon.core.webui.keyword.WebUiBuiltInKeywords.getAttribute(com.kms.katalon.core.testobject.ObjectRepository.findTestObject(PharmacyRequest/Page_Store/input_txtprice), "value"): Attribute 'value' of object 'Object Repository/PharmacyRequest/Page_Store/input_txtprice' is: '965'

2018-05-15 17:29:32 - [MESSAGE][PASSED] - Attribute 'value' of object 'Object Repository/PharmacyRequest/Page_Store/input_txtprice' is: '965'

2018-05-15 17:29:32 - [TEST_STEP][PASSED] - Statement - out.println("Stock QTY : " + StockQty): null

2018-05-15 17:29:32 - [TEST_STEP][PASSED] - delay: Delayed 1 second(s)

2018-05-15 17:29:33 - [MESSAGE][PASSED] - Delayed 1 second(s)

2018-05-15 17:29:33 - [TEST_STEP][PASSED] - Statement - If (java.lang.Integer.valueOf(StockQty) >= java.lang.Integer.valueOf(RequestedQty)): null

2018-05-15 17:29:33 - [TEST_STEP][PASSED] - setText: Text '10' is set on object 'Object Repository/PharmacyRequest/Page_Store/input_txtqty'

2018-05-15 17:29:33 - [MESSAGE][PASSED] - Text '10' is set on object 'Object Repository/PharmacyRequest/Page_Store/input_txtqty'

2018-05-15 17:29:33 - [TEST_STEP][PASSED] - click: Object: 'Object Repository/PharmacyRequest/Page_Store/button_Add' is clicked on

2018-05-15 17:29:33 - [MESSAGE][PASSED] - Object: 'Object Repository/PharmacyRequest/Page_Store/button_Add' is clicked on

2018-05-15 17:29:33 - [TEST_STEP][PASSED] - Statement - Break: null

2018-05-15 17:29:33 - [TEST_STEP][PASSED] - selectOptionByIndex: All options with index in [9] are selected on object 'Object Repository/PharmacyRequest/Page_Store/select_--Select--Amlodepin -5'

2018-05-15 17:29:33 - [MESSAGE][PASSED] - All options with index in [9] are selected on object 'Object Repository/PharmacyRequest/Page_Store/select_--Select--Amlodepin -5'

2018-05-15 17:29:33 - [TEST_STEP][PASSED] - delay: Delayed 1 second(s)

2018-05-15 17:29:34 - [MESSAGE][PASSED] - Delayed 1 second(s)

2018-05-15 17:29:34 - [TEST_STEP][PASSED] - Statement - RequestedQty = com.kms.katalon.core.webui.keyword.WebUiBuiltInKeywords.getAttribute(com.kms.katalon.core.testobject.ObjectRepository.findTestObject(PharmacyRequest/Page_Store/input_txttotal), "value"): Attribute 'value' of object 'Object Repository/PharmacyRequest/Page_Store/input_txttotal' is: '10'

2018-05-15 17:29:34 - [MESSAGE][PASSED] - Attribute 'value' of object 'Object Repository/PharmacyRequest/Page_Store/input_txttotal' is: '10'

2018-05-15 17:29:34 - [TEST_STEP][PASSED] - Statement - out.println("Requested QTY : " + RequestedQty): null

2018-05-15 17:29:34 - [TEST_STEP][PASSED] - Statement - BatchNumber = com.kms.katalon.core.webui.keyword.WebUiBuiltInKeywords.getNumberOfTotalOption(com.kms.katalon.core.testobject.ObjectRepository.findTestObject(PharmacyRequest/Page_Store/select_--Select--BA50)): 2 options of object 'Object Repository/PharmacyRequest/Page_Store/select_--Select--BA50' counted

2018-05-15 17:29:34 - [MESSAGE][PASSED] - 2 options of object 'Object Repository/PharmacyRequest/Page_Store/select_--Select--BA50' counted

2018-05-15 17:29:34 - [TEST_STEP][PASSED] - Statement - For ([g = 1, g <= BatchNumber - 1, (g++)]): null

2018-05-15 17:29:34 - [TEST_STEP][PASSED] - selectOptionByIndex: All options with index in [1] are selected on object 'Object Repository/PharmacyRequest/Page_Store/select_--Select--BA50'

2018-05-15 17:29:35 - [MESSAGE][PASSED] - All options with index in [1] are selected on object 'Object Repository/PharmacyRequest/Page_Store/select_--Select--BA50'

2018-05-15 17:29:35 - [TEST_STEP][PASSED] - delay: Delayed 1 second(s)

2018-05-15 17:29:36 - [MESSAGE][PASSED] - Delayed 1 second(s)

2018-05-15 17:29:36 - [TEST_STEP][PASSED] - Statement - StockQty = com.kms.katalon.core.webui.keyword.WebUiBuiltInKeywords.getAttribute(com.kms.katalon.core.testobject.ObjectRepository.findTestObject(PharmacyRequest/Page_Store/input_txtprice), "value"): Attribute 'value' of object 'Object Repository/PharmacyRequest/Page_Store/input_txtprice' is: '965'

2018-05-15 17:29:36 - [MESSAGE][PASSED] - Attribute 'value' of object 'Object Repository/PharmacyRequest/Page_Store/input_txtprice' is: '965'

2018-05-15 17:29:36 - [TEST_STEP][PASSED] - Statement - out.println("Stock QTY : " + StockQty): null

2018-05-15 17:29:36 - [TEST_STEP][PASSED] - delay: Delayed 1 second(s)

2018-05-15 17:29:37 - [MESSAGE][PASSED] - Delayed 1 second(s)

2018-05-15 17:29:37 - [TEST_STEP][PASSED] - Statement - If (java.lang.Integer.valueOf(StockQty) >= java.lang.Integer.valueOf(RequestedQty)): null

2018-05-15 17:29:37 - [TEST_STEP][PASSED] - setText: Text '10' is set on object 'Object Repository/PharmacyRequest/Page_Store/input_txtqty'

2018-05-15 17:29:37 - [MESSAGE][PASSED] - Text '10' is set on object 'Object Repository/PharmacyRequest/Page_Store/input_txtqty'

2018-05-15 17:29:37 - [TEST_STEP][PASSED] - click: Object: 'Object Repository/PharmacyRequest/Page_Store/button_Add' is clicked on

2018-05-15 17:29:37 - [MESSAGE][PASSED] - Object: 'Object Repository/PharmacyRequest/Page_Store/button_Add' is clicked on

2018-05-15 17:29:37 - [TEST_STEP][PASSED] - Statement - Break: null

2018-05-15 17:29:37 - [TEST_STEP][PASSED] - selectOptionByIndex: All options with index in [10] are selected on object 'Object Repository/PharmacyRequest/Page_Store/select_--Select--Amlodepin -5'

2018-05-15 17:29:37 - [MESSAGE][PASSED] - All options with index in [10] are selected on object 'Object Repository/PharmacyRequest/Page_Store/select_--Select--Amlodepin -5'

2018-05-15 17:29:37 - [TEST_STEP][PASSED] - delay: Delayed 1 second(s)

2018-05-15 17:29:38 - [MESSAGE][PASSED] - Delayed 1 second(s)

2018-05-15 17:29:38 - [TEST_STEP][PASSED] - Statement - RequestedQty = com.kms.katalon.core.webui.keyword.WebUiBuiltInKeywords.getAttribute(com.kms.katalon.core.testobject.ObjectRepository.findTestObject(PharmacyRequest/Page_Store/input_txttotal), "value"): Attribute 'value' of object 'Object Repository/PharmacyRequest/Page_Store/input_txttotal' is: '10'

2018-05-15 17:29:38 - [MESSAGE][PASSED] - Attribute 'value' of object 'Object Repository/PharmacyRequest/Page_Store/input_txttotal' is: '10'

2018-05-15 17:29:38 - [TEST_STEP][PASSED] - Statement - out.println("Requested QTY : " + RequestedQty): null

2018-05-15 17:29:38 - [TEST_STEP][PASSED] - Statement - BatchNumber = com.kms.katalon.core.webui.keyword.WebUiBuiltInKeywords.getNumberOfTotalOption(com.kms.katalon.core.testobject.ObjectRepository.findTestObject(PharmacyRequest/Page_Store/select_--Select--BA50)): 2 options of object 'Object Repository/PharmacyRequest/Page_Store/select_--Select--BA50' counted

2018-05-15 17:29:38 - [MESSAGE][PASSED] - 2 options of object 'Object Repository/PharmacyRequest/Page_Store/select_--Select--BA50' counted

2018-05-15 17:29:38 - [TEST_STEP][PASSED] - Statement - For ([g = 1, g <= BatchNumber - 1, (g++)]): null

2018-05-15 17:29:38 - [TEST_STEP][PASSED] - selectOptionByIndex: All options with index in [1] are selected on object 'Object Repository/PharmacyRequest/Page_Store/select_--Select--BA50'

2018-05-15 17:29:38 - [MESSAGE][PASSED] - All options with index in [1] are selected on object 'Object Repository/PharmacyRequest/Page_Store/select_--Select--BA50'

2018-05-15 17:29:38 - [TEST_STEP][PASSED] - delay: Delayed 1 second(s)

2018-05-15 17:29:39 - [MESSAGE][PASSED] - Delayed 1 second(s)

2018-05-15 17:29:39 - [TEST_STEP][PASSED] - Statement - StockQty = com.kms.katalon.core.webui.keyword.WebUiBuiltInKeywords.getAttribute(com.kms.katalon.core.testobject.ObjectRepository.findTestObject(PharmacyRequest/Page_Store/input_txtprice), "value"): Attribute 'value' of object 'Object Repository/PharmacyRequest/Page_Store/input_txtprice' is: '875'

2018-05-15 17:29:39 - [MESSAGE][PASSED] - Attribute 'value' of object 'Object Repository/PharmacyRequest/Page_Store/input_txtprice' is: '875'

2018-05-15 17:29:39 - [TEST_STEP][PASSED] - Statement - out.println("Stock QTY : " + StockQty): null

2018-05-15 17:29:39 - [TEST_STEP][PASSED] - delay: Delayed 1 second(s)

2018-05-15 17:29:40 - [MESSAGE][PASSED] - Delayed 1 second(s)

2018-05-15 17:29:40 - [TEST_STEP][PASSED] - Statement - If (java.lang.Integer.valueOf(StockQty) >= java.lang.Integer.valueOf(RequestedQty)): null

2018-05-15 17:29:40 - [TEST_STEP][PASSED] - setText: Text '10' is set on object 'Object Repository/PharmacyRequest/Page_Store/input_txtqty'

2018-05-15 17:29:40 - [MESSAGE][PASSED] - Text '10' is set on object 'Object Repository/PharmacyRequest/Page_Store/input_txtqty'

2018-05-15 17:29:40 - [TEST_STEP][PASSED] - click: Object: 'Object Repository/PharmacyRequest/Page_Store/button_Add' is clicked on

2018-05-15 17:29:40 - [MESSAGE][PASSED] - Object: 'Object Repository/PharmacyRequest/Page_Store/button_Add' is clicked on

2018-05-15 17:29:40 - [TEST_STEP][PASSED] - Statement - Break: null

2018-05-15 17:29:40 - [TEST_STEP][PASSED] - selectOptionByIndex: All options with index in [11] are selected on object 'Object Repository/PharmacyRequest/Page_Store/select_--Select--Amlodepin -5'

2018-05-15 17:29:41 - [MESSAGE][PASSED] - All options with index in [11] are selected on object 'Object Repository/PharmacyRequest/Page_Store/select_--Select--Amlodepin -5'

2018-05-15 17:29:41 - [TEST_STEP][PASSED] - delay: Delayed 1 second(s)

2018-05-15 17:29:42 - [MESSAGE][PASSED] - Delayed 1 second(s)

2018-05-15 17:29:42 - [TEST_STEP][PASSED] - Statement - RequestedQty = com.kms.katalon.core.webui.keyword.WebUiBuiltInKeywords.getAttribute(com.kms.katalon.core.testobject.ObjectRepository.findTestObject(PharmacyRequest/Page_Store/input_txttotal), "value"): Attribute 'value' of object 'Object Repository/PharmacyRequest/Page_Store/input_txttotal' is: '10'

2018-05-15 17:29:42 - [MESSAGE][PASSED] - Attribute 'value' of object 'Object Repository/PharmacyRequest/Page_Store/input_txttotal' is: '10'

2018-05-15 17:29:42 - [TEST_STEP][PASSED] - Statement - out.println("Requested QTY : " + RequestedQty): null

2018-05-15 17:29:42 - [TEST_STEP][PASSED] - Statement - BatchNumber = com.kms.katalon.core.webui.keyword.WebUiBuiltInKeywords.getNumberOfTotalOption(com.kms.katalon.core.testobject.ObjectRepository.findTestObject(PharmacyRequest/Page_Store/select_--Select--BA50)): 2 options of object 'Object Repository/PharmacyRequest/Page_Store/select_--Select--BA50' counted

2018-05-15 17:29:42 - [MESSAGE][PASSED] - 2 options of object 'Object Repository/PharmacyRequest/Page_Store/select_--Select--BA50' counted

2018-05-15 17:29:42 - [TEST_STEP][PASSED] - Statement - For ([g = 1, g <= BatchNumber - 1, (g++)]): null

2018-05-15 17:29:42 - [TEST_STEP][PASSED] - selectOptionByIndex: All options with index in [1] are selected on object 'Object Repository/PharmacyRequest/Page_Store/select_--Select--BA50'

2018-05-15 17:29:42 - [MESSAGE][PASSED] - All options with index in [1] are selected on object 'Object Repository/PharmacyRequest/Page_Store/select_--Select--BA50'

2018-05-15 17:29:42 - [TEST_STEP][PASSED] - delay: Delayed 1 second(s)

2018-05-15 17:29:43 - [MESSAGE][PASSED] - Delayed 1 second(s)

2018-05-15 17:29:43 - [TEST_STEP][PASSED] - Statement - StockQty = com.kms.katalon.core.webui.keyword.WebUiBuiltInKeywords.getAttribute(com.kms.katalon.core.testobject.ObjectRepository.findTestObject(PharmacyRequest/Page_Store/input_txtprice), "value"): Attribute 'value' of object 'Object Repository/PharmacyRequest/Page_Store/input_txtprice' is: '965'

2018-05-15 17:29:43 - [MESSAGE][PASSED] - Attribute 'value' of object 'Object Repository/PharmacyRequest/Page_Store/input_txtprice' is: '965'

2018-05-15 17:29:43 - [TEST_STEP][PASSED] - Statement - out.println("Stock QTY : " + StockQty): null

2018-05-15 17:29:43 - [TEST_STEP][PASSED] - delay: Delayed 1 second(s)

2018-05-15 17:29:44 - [MESSAGE][PASSED] - Delayed 1 second(s)

2018-05-15 17:29:44 - [TEST_STEP][PASSED] - Statement - If (java.lang.Integer.valueOf(StockQty) >= java.lang.Integer.valueOf(RequestedQty)): null

2018-05-15 17:29:44 - [TEST_STEP][PASSED] - setText: Text '10' is set on object 'Object Repository/PharmacyRequest/Page_Store/input_txtqty'

2018-05-15 17:29:44 - [MESSAGE][PASSED] - Text '10' is set on object 'Object Repository/PharmacyRequest/Page_Store/input_txtqty'

2018-05-15 17:29:44 - [TEST_STEP][PASSED] - click: Object: 'Object Repository/PharmacyRequest/Page_Store/button_Add' is clicked on

2018-05-15 17:29:44 - [MESSAGE][PASSED] - Object: 'Object Repository/PharmacyRequest/Page_Store/button_Add' is clicked on

2018-05-15 17:29:44 - [TEST_STEP][PASSED] - Statement - Break: null

2018-05-15 17:29:44 - [TEST_STEP][PASSED] - selectOptionByIndex: All options with index in [12] are selected on object 'Object Repository/PharmacyRequest/Page_Store/select_--Select--Amlodepin -5'

2018-05-15 17:29:44 - [MESSAGE][PASSED] - All options with index in [12] are selected on object 'Object Repository/PharmacyRequest/Page_Store/select_--Select--Amlodepin -5'

2018-05-15 17:29:44 - [TEST_STEP][PASSED] - delay: Delayed 1 second(s)

2018-05-15 17:29:45 - [MESSAGE][PASSED] - Delayed 1 second(s)

2018-05-15 17:29:45 - [TEST_STEP][PASSED] - Statement - RequestedQty = com.kms.katalon.core.webui.keyword.WebUiBuiltInKeywords.getAttribute(com.kms.katalon.core.testobject.ObjectRepository.findTestObject(PharmacyRequest/Page_Store/input_txttotal), "value"): Attribute 'value' of object 'Object Repository/PharmacyRequest/Page_Store/input_txttotal' is: '10'

2018-05-15 17:29:45 - [MESSAGE][PASSED] - Attribute 'value' of object 'Object Repository/PharmacyRequest/Page_Store/input_txttotal' is: '10'

2018-05-15 17:29:45 - [TEST_STEP][PASSED] - Statement - out.println("Requested QTY : " + RequestedQty): null

2018-05-15 17:29:45 - [TEST_STEP][PASSED] - Statement - BatchNumber = com.kms.katalon.core.webui.keyword.WebUiBuiltInKeywords.getNumberOfTotalOption(com.kms.katalon.core.testobject.ObjectRepository.findTestObject(PharmacyRequest/Page_Store/select_--Select--BA50)): 2 options of object 'Object Repository/PharmacyRequest/Page_Store/select_--Select--BA50' counted

2018-05-15 17:29:45 - [MESSAGE][PASSED] - 2 options of object 'Object Repository/PharmacyRequest/Page_Store/select_--Select--BA50' counted

2018-05-15 17:29:45 - [TEST_STEP][PASSED] - Statement - For ([g = 1, g <= BatchNumber - 1, (g++)]): null

2018-05-15 17:29:45 - [TEST_STEP][PASSED] - selectOptionByIndex: All options with index in [1] are selected on object 'Object Repository/PharmacyRequest/Page_Store/select_--Select--BA50'

2018-05-15 17:29:45 - [MESSAGE][PASSED] - All options with index in [1] are selected on object 'Object Repository/PharmacyRequest/Page_Store/select_--Select--BA50'

2018-05-15 17:29:45 - [TEST_STEP][PASSED] - delay: Delayed 1 second(s)

2018-05-15 17:29:46 - [MESSAGE][PASSED] - Delayed 1 second(s)

2018-05-15 17:29:46 - [TEST_STEP][PASSED] - Statement - StockQty = com.kms.katalon.core.webui.keyword.WebUiBuiltInKeywords.getAttribute(com.kms.katalon.core.testobject.ObjectRepository.findTestObject(PharmacyRequest/Page_Store/input_txtprice), "value"): Attribute 'value' of object 'Object Repository/PharmacyRequest/Page_Store/input_txtprice' is: '965'

2018-05-15 17:29:47 - [MESSAGE][PASSED] - Attribute 'value' of object 'Object Repository/PharmacyRequest/Page_Store/input_txtprice' is: '965'

2018-05-15 17:29:47 - [TEST_STEP][PASSED] - Statement - out.println("Stock QTY : " + StockQty): null

2018-05-15 17:29:47 - [TEST_STEP][PASSED] - delay: Delayed 1 second(s)

2018-05-15 17:29:48 - [MESSAGE][PASSED] - Delayed 1 second(s)

2018-05-15 17:29:48 - [TEST_STEP][PASSED] - Statement - If (java.lang.Integer.valueOf(StockQty) >= java.lang.Integer.valueOf(RequestedQty)): null

2018-05-15 17:29:48 - [TEST_STEP][PASSED] - setText: Text '10' is set on object 'Object Repository/PharmacyRequest/Page_Store/input_txtqty'

2018-05-15 17:29:48 - [MESSAGE][PASSED] - Text '10' is set on object 'Object Repository/PharmacyRequest/Page_Store/input_txtqty'

2018-05-15 17:29:48 - [TEST_STEP][PASSED] - click: Object: 'Object Repository/PharmacyRequest/Page_Store/button_Add' is clicked on

2018-05-15 17:29:48 - [MESSAGE][PASSED] - Object: 'Object Repository/PharmacyRequest/Page_Store/button_Add' is clicked on

2018-05-15 17:29:48 - [TEST_STEP][PASSED] - Statement - Break: null

2018-05-15 17:29:48 - [TEST_STEP][PASSED] - selectOptionByIndex: All options with index in [13] are selected on object 'Object Repository/PharmacyRequest/Page_Store/select_--Select--Amlodepin -5'

2018-05-15 17:29:48 - [MESSAGE][PASSED] - All options with index in [13] are selected on object 'Object Repository/PharmacyRequest/Page_Store/select_--Select--Amlodepin -5'

2018-05-15 17:29:48 - [TEST_STEP][PASSED] - delay: Delayed 1 second(s)

2018-05-15 17:29:49 - [MESSAGE][PASSED] - Delayed 1 second(s)

2018-05-15 17:29:49 - [TEST_STEP][PASSED] - Statement - RequestedQty = com.kms.katalon.core.webui.keyword.WebUiBuiltInKeywords.getAttribute(com.kms.katalon.core.testobject.ObjectRepository.findTestObject(PharmacyRequest/Page_Store/input_txttotal), "value"): Attribute 'value' of object 'Object Repository/PharmacyRequest/Page_Store/input_txttotal' is: '10'

2018-05-15 17:29:49 - [MESSAGE][PASSED] - Attribute 'value' of object 'Object Repository/PharmacyRequest/Page_Store/input_txttotal' is: '10'

2018-05-15 17:29:49 - [TEST_STEP][PASSED] - Statement - out.println("Requested QTY : " + RequestedQty): null

2018-05-15 17:29:49 - [TEST_STEP][PASSED] - Statement - BatchNumber = com.kms.katalon.core.webui.keyword.WebUiBuiltInKeywords.getNumberOfTotalOption(com.kms.katalon.core.testobject.ObjectRepository.findTestObject(PharmacyRequest/Page_Store/select_--Select--BA50)): 2 options of object 'Object Repository/PharmacyRequest/Page_Store/select_--Select--BA50' counted

2018-05-15 17:29:49 - [MESSAGE][PASSED] - 2 options of object 'Object Repository/PharmacyRequest/Page_Store/select_--Select--BA50' counted

2018-05-15 17:29:49 - [TEST_STEP][PASSED] - Statement - For ([g = 1, g <= BatchNumber - 1, (g++)]): null

2018-05-15 17:29:49 - [TEST_STEP][PASSED] - selectOptionByIndex: All options with index in [1] are selected on object 'Object Repository/PharmacyRequest/Page_Store/select_--Select--BA50'

2018-05-15 17:29:49 - [MESSAGE][PASSED] - All options with index in [1] are selected on object 'Object Repository/PharmacyRequest/Page_Store/select_--Select--BA50'

2018-05-15 17:29:49 - [TEST_STEP][PASSED] - delay: Delayed 1 second(s)

2018-05-15 17:29:50 - [MESSAGE][PASSED] - Delayed 1 second(s)

2018-05-15 17:29:50 - [TEST_STEP][PASSED] - Statement - StockQty = com.kms.katalon.core.webui.keyword.WebUiBuiltInKeywords.getAttribute(com.kms.katalon.core.testobject.ObjectRepository.findTestObject(PharmacyRequest/Page_Store/input_txtprice), "value"): Attribute 'value' of object 'Object Repository/PharmacyRequest/Page_Store/input_txtprice' is: '965'

2018-05-15 17:29:50 - [MESSAGE][PASSED] - Attribute 'value' of object 'Object Repository/PharmacyRequest/Page_Store/input_txtprice' is: '965'

2018-05-15 17:29:50 - [TEST_STEP][PASSED] - Statement - out.println("Stock QTY : " + StockQty): null

2018-05-15 17:29:50 - [TEST_STEP][PASSED] - delay: Delayed 1 second(s)

2018-05-15 17:29:51 - [MESSAGE][PASSED] - Delayed 1 second(s)

2018-05-15 17:29:51 - [TEST_STEP][PASSED] - Statement - If (java.lang.Integer.valueOf(StockQty) >= java.lang.Integer.valueOf(RequestedQty)): null

2018-05-15 17:29:51 - [TEST_STEP][PASSED] - setText: Text '10' is set on object 'Object Repository/PharmacyRequest/Page_Store/input_txtqty'

2018-05-15 17:29:51 - [MESSAGE][PASSED] - Text '10' is set on object 'Object Repository/PharmacyRequest/Page_Store/input_txtqty'

2018-05-15 17:29:51 - [TEST_STEP][PASSED] - click: Object: 'Object Repository/PharmacyRequest/Page_Store/button_Add' is clicked on

2018-05-15 17:29:51 - [MESSAGE][PASSED] - Object: 'Object Repository/PharmacyRequest/Page_Store/button_Add' is clicked on

2018-05-15 17:29:51 - [TEST_STEP][PASSED] - Statement - Break: null

2018-05-15 17:29:51 - [TEST_STEP][PASSED] - selectOptionByIndex: All options with index in [14] are selected on object 'Object Repository/PharmacyRequest/Page_Store/select_--Select--Amlodepin -5'

2018-05-15 17:29:52 - [MESSAGE][PASSED] - All options with index in [14] are selected on object 'Object Repository/PharmacyRequest/Page_Store/select_--Select--Amlodepin -5'

2018-05-15 17:29:52 - [TEST_STEP][PASSED] - delay: Delayed 1 second(s)

2018-05-15 17:29:53 - [MESSAGE][PASSED] - Delayed 1 second(s)

2018-05-15 17:29:53 - [TEST_STEP][PASSED] - Statement - RequestedQty = com.kms.katalon.core.webui.keyword.WebUiBuiltInKeywords.getAttribute(com.kms.katalon.core.testobject.ObjectRepository.findTestObject(PharmacyRequest/Page_Store/input_txttotal), "value"): Attribute 'value' of object 'Object Repository/PharmacyRequest/Page_Store/input_txttotal' is: '10'

2018-05-15 17:29:53 - [MESSAGE][PASSED] - Attribute 'value' of object 'Object Repository/PharmacyRequest/Page_Store/input_txttotal' is: '10'

2018-05-15 17:29:53 - [TEST_STEP][PASSED] - Statement - out.println("Requested QTY : " + RequestedQty): null

2018-05-15 17:29:53 - [TEST_STEP][PASSED] - Statement - BatchNumber = com.kms.katalon.core.webui.keyword.WebUiBuiltInKeywords.getNumberOfTotalOption(com.kms.katalon.core.testobject.ObjectRepository.findTestObject(PharmacyRequest/Page_Store/select_--Select--BA50)): 2 options of object 'Object Repository/PharmacyRequest/Page_Store/select_--Select--BA50' counted

2018-05-15 17:29:53 - [MESSAGE][PASSED] - 2 options of object 'Object Repository/PharmacyRequest/Page_Store/select_--Select--BA50' counted

2018-05-15 17:29:53 - [TEST_STEP][PASSED] - Statement - For ([g = 1, g <= BatchNumber - 1, (g++)]): null

2018-05-15 17:29:53 - [TEST_STEP][PASSED] - selectOptionByIndex: All options with index in [1] are selected on object 'Object Repository/PharmacyRequest/Page_Store/select_--Select--BA50'

2018-05-15 17:29:53 - [MESSAGE][PASSED] - All options with index in [1] are selected on object 'Object Repository/PharmacyRequest/Page_Store/select_--Select--BA50'

2018-05-15 17:29:53 - [TEST_STEP][PASSED] - delay: Delayed 1 second(s)

2018-05-15 17:29:54 - [MESSAGE][PASSED] - Delayed 1 second(s)

2018-05-15 17:29:54 - [TEST_STEP][PASSED] - Statement - StockQty = com.kms.katalon.core.webui.keyword.WebUiBuiltInKeywords.getAttribute(com.kms.katalon.core.testobject.ObjectRepository.findTestObject(PharmacyRequest/Page_Store/input_txtprice), "value"): Attribute 'value' of object 'Object Repository/PharmacyRequest/Page_Store/input_txtprice' is: '965'

2018-05-15 17:29:54 - [MESSAGE][PASSED] - Attribute 'value' of object 'Object Repository/PharmacyRequest/Page_Store/input_txtprice' is: '965'

2018-05-15 17:29:54 - [TEST_STEP][PASSED] - Statement - out.println("Stock QTY : " + StockQty): null

2018-05-15 17:29:54 - [TEST_STEP][PASSED] - delay: Delayed 1 second(s)

2018-05-15 17:29:55 - [MESSAGE][PASSED] - Delayed 1 second(s)

2018-05-15 17:29:55 - [TEST_STEP][PASSED] - Statement - If (java.lang.Integer.valueOf(StockQty) >= java.lang.Integer.valueOf(RequestedQty)): null

2018-05-15 17:29:55 - [TEST_STEP][PASSED] - setText: Text '10' is set on object 'Object Repository/PharmacyRequest/Page_Store/input_txtqty'

2018-05-15 17:29:55 - [MESSAGE][PASSED] - Text '10' is set on object 'Object Repository/PharmacyRequest/Page_Store/input_txtqty'

2018-05-15 17:29:55 - [TEST_STEP][PASSED] - click: Object: 'Object Repository/PharmacyRequest/Page_Store/button_Add' is clicked on

2018-05-15 17:29:55 - [MESSAGE][PASSED] - Object: 'Object Repository/PharmacyRequest/Page_Store/button_Add' is clicked on

2018-05-15 17:29:55 - [TEST_STEP][PASSED] - Statement - Break: null

2018-05-15 17:29:55 - [TEST_STEP][PASSED] - selectOptionByIndex: All options with index in [15] are selected on object 'Object Repository/PharmacyRequest/Page_Store/select_--Select--Amlodepin -5'

2018-05-15 17:29:55 - [MESSAGE][PASSED] - All options with index in [15] are selected on object 'Object Repository/PharmacyRequest/Page_Store/select_--Select--Amlodepin -5'

2018-05-15 17:29:55 - [TEST_STEP][PASSED] - delay: Delayed 1 second(s)

2018-05-15 17:29:56 - [MESSAGE][PASSED] - Delayed 1 second(s)

2018-05-15 17:29:56 - [TEST_STEP][PASSED] - Statement - RequestedQty = com.kms.katalon.core.webui.keyword.WebUiBuiltInKeywords.getAttribute(com.kms.katalon.core.testobject.ObjectRepository.findTestObject(PharmacyRequest/Page_Store/input_txttotal), "value"): Attribute 'value' of object 'Object Repository/PharmacyRequest/Page_Store/input_txttotal' is: '10'

2018-05-15 17:29:56 - [MESSAGE][PASSED] - Attribute 'value' of object 'Object Repository/PharmacyRequest/Page_Store/input_txttotal' is: '10'

2018-05-15 17:29:56 - [TEST_STEP][PASSED] - Statement - out.println("Requested QTY : " + RequestedQty): null

2018-05-15 17:29:56 - [TEST_STEP][PASSED] - Statement - BatchNumber = com.kms.katalon.core.webui.keyword.WebUiBuiltInKeywords.getNumberOfTotalOption(com.kms.katalon.core.testobject.ObjectRepository.findTestObject(PharmacyRequest/Page_Store/select_--Select--BA50)): 2 options of object 'Object Repository/PharmacyRequest/Page_Store/select_--Select--BA50' counted

2018-05-15 17:29:56 - [MESSAGE][PASSED] - 2 options of object 'Object Repository/PharmacyRequest/Page_Store/select_--Select--BA50' counted

2018-05-15 17:29:56 - [TEST_STEP][PASSED] - Statement - For ([g = 1, g <= BatchNumber - 1, (g++)]): null

2018-05-15 17:29:56 - [TEST_STEP][PASSED] - selectOptionByIndex: All options with index in [1] are selected on object 'Object Repository/PharmacyRequest/Page_Store/select_--Select--BA50'

2018-05-15 17:29:56 - [MESSAGE][PASSED] - All options with index in [1] are selected on object 'Object Repository/PharmacyRequest/Page_Store/select_--Select--BA50'

2018-05-15 17:29:56 - [TEST_STEP][PASSED] - delay: Delayed 1 second(s)

2018-05-15 17:29:57 - [MESSAGE][PASSED] - Delayed 1 second(s)

2018-05-15 17:29:57 - [TEST_STEP][PASSED] - Statement - StockQty = com.kms.katalon.core.webui.keyword.WebUiBuiltInKeywords.getAttribute(com.kms.katalon.core.testobject.ObjectRepository.findTestObject(PharmacyRequest/Page_Store/input_txtprice), "value"): Attribute 'value' of object 'Object Repository/PharmacyRequest/Page_Store/input_txtprice' is: '1965'

2018-05-15 17:29:57 - [MESSAGE][PASSED] - Attribute 'value' of object 'Object Repository/PharmacyRequest/Page_Store/input_txtprice' is: '1965'

2018-05-15 17:29:57 - [TEST_STEP][PASSED] - Statement - out.println("Stock QTY : " + StockQty): null

2018-05-15 17:29:57 - [TEST_STEP][PASSED] - delay: Delayed 1 second(s)

2018-05-15 17:29:58 - [MESSAGE][PASSED] - Delayed 1 second(s)

2018-05-15 17:29:58 - [TEST_STEP][PASSED] - Statement - If (java.lang.Integer.valueOf(StockQty) >= java.lang.Integer.valueOf(RequestedQty)): null

2018-05-15 17:29:58 - [TEST_STEP][PASSED] - setText: Text '10' is set on object 'Object Repository/PharmacyRequest/Page_Store/input_txtqty'

2018-05-15 17:29:59 - [MESSAGE][PASSED] - Text '10' is set on object 'Object Repository/PharmacyRequest/Page_Store/input_txtqty'

2018-05-15 17:29:59 - [TEST_STEP][PASSED] - click: Object: 'Object Repository/PharmacyRequest/Page_Store/button_Add' is clicked on

2018-05-15 17:29:59 - [MESSAGE][PASSED] - Object: 'Object Repository/PharmacyRequest/Page_Store/button_Add' is clicked on

2018-05-15 17:29:59 - [TEST_STEP][PASSED] - Statement - Break: null

2018-05-15 17:29:59 - [TEST_STEP][PASSED] - selectOptionByIndex: All options with index in [16] are selected on object 'Object Repository/PharmacyRequest/Page_Store/select_--Select--Amlodepin -5'

2018-05-15 17:29:59 - [MESSAGE][PASSED] - All options with index in [16] are selected on object 'Object Repository/PharmacyRequest/Page_Store/select_--Select--Amlodepin -5'

2018-05-15 17:29:59 - [TEST_STEP][PASSED] - delay: Delayed 1 second(s)

2018-05-15 17:30:00 - [MESSAGE][PASSED] - Delayed 1 second(s)

2018-05-15 17:30:00 - [TEST_STEP][PASSED] - Statement - RequestedQty = com.kms.katalon.core.webui.keyword.WebUiBuiltInKeywords.getAttribute(com.kms.katalon.core.testobject.ObjectRepository.findTestObject(PharmacyRequest/Page_Store/input_txttotal), "value"): Attribute 'value' of object 'Object Repository/PharmacyRequest/Page_Store/input_txttotal' is: '10'

2018-05-15 17:30:00 - [MESSAGE][PASSED] - Attribute 'value' of object 'Object Repository/PharmacyRequest/Page_Store/input_txttotal' is: '10'

2018-05-15 17:30:00 - [TEST_STEP][PASSED] - Statement - out.println("Requested QTY : " + RequestedQty): null

2018-05-15 17:30:00 - [TEST_STEP][PASSED] - Statement - BatchNumber = com.kms.katalon.core.webui.keyword.WebUiBuiltInKeywords.getNumberOfTotalOption(com.kms.katalon.core.testobject.ObjectRepository.findTestObject(PharmacyRequest/Page_Store/select_--Select--BA50)): 2 options of object 'Object Repository/PharmacyRequest/Page_Store/select_--Select--BA50' counted

2018-05-15 17:30:00 - [MESSAGE][PASSED] - 2 options of object 'Object Repository/PharmacyRequest/Page_Store/select_--Select--BA50' counted

2018-05-15 17:30:00 - [TEST_STEP][PASSED] - Statement - For ([g = 1, g <= BatchNumber - 1, (g++)]): null

2018-05-15 17:30:00 - [TEST_STEP][PASSED] - selectOptionByIndex: All options with index in [1] are selected on object 'Object Repository/PharmacyRequest/Page_Store/select_--Select--BA50'

2018-05-15 17:30:00 - [MESSAGE][PASSED] - All options with index in [1] are selected on object 'Object Repository/PharmacyRequest/Page_Store/select_--Select--BA50'

2018-05-15 17:30:00 - [TEST_STEP][PASSED] - delay: Delayed 1 second(s)

2018-05-15 17:30:01 - [MESSAGE][PASSED] - Delayed 1 second(s)

2018-05-15 17:30:01 - [TEST_STEP][PASSED] - Statement - StockQty = com.kms.katalon.core.webui.keyword.WebUiBuiltInKeywords.getAttribute(com.kms.katalon.core.testobject.ObjectRepository.findTestObject(PharmacyRequest/Page_Store/input_txtprice), "value"): Attribute 'value' of object 'Object Repository/PharmacyRequest/Page_Store/input_txtprice' is: '965'

2018-05-15 17:30:01 - [MESSAGE][PASSED] - Attribute 'value' of object 'Object Repository/PharmacyRequest/Page_Store/input_txtprice' is: '965'

2018-05-15 17:30:01 - [TEST_STEP][PASSED] - Statement - out.println("Stock QTY : " + StockQty): null

2018-05-15 17:30:01 - [TEST_STEP][PASSED] - delay: Delayed 1 second(s)

2018-05-15 17:30:02 - [MESSAGE][PASSED] - Delayed 1 second(s)

2018-05-15 17:30:02 - [TEST_STEP][PASSED] - Statement - If (java.lang.Integer.valueOf(StockQty) >= java.lang.Integer.valueOf(RequestedQty)): null

2018-05-15 17:30:02 - [TEST_STEP][PASSED] - setText: Text '10' is set on object 'Object Repository/PharmacyRequest/Page_Store/input_txtqty'

2018-05-15 17:30:02 - [MESSAGE][PASSED] - Text '10' is set on object 'Object Repository/PharmacyRequest/Page_Store/input_txtqty'

2018-05-15 17:30:02 - [TEST_STEP][PASSED] - click: Object: 'Object Repository/PharmacyRequest/Page_Store/button_Add' is clicked on

2018-05-15 17:30:02 - [MESSAGE][PASSED] - Object: 'Object Repository/PharmacyRequest/Page_Store/button_Add' is clicked on

2018-05-15 17:30:02 - [TEST_STEP][PASSED] - Statement - Break: null

2018-05-15 17:30:02 - [TEST_STEP][PASSED] - selectOptionByIndex: All options with index in [17] are selected on object 'Object Repository/PharmacyRequest/Page_Store/select_--Select--Amlodepin -5'

2018-05-15 17:30:03 - [MESSAGE][PASSED] - All options with index in [17] are selected on object 'Object Repository/PharmacyRequest/Page_Store/select_--Select--Amlodepin -5'

2018-05-15 17:30:03 - [TEST_STEP][PASSED] - delay: Delayed 1 second(s)

2018-05-15 17:30:04 - [MESSAGE][PASSED] - Delayed 1 second(s)

2018-05-15 17:30:04 - [TEST_STEP][PASSED] - Statement - RequestedQty = com.kms.katalon.core.webui.keyword.WebUiBuiltInKeywords.getAttribute(com.kms.katalon.core.testobject.ObjectRepository.findTestObject(PharmacyRequest/Page_Store/input_txttotal), "value"): Attribute 'value' of object 'Object Repository/PharmacyRequest/Page_Store/input_txttotal' is: '10'

2018-05-15 17:30:04 - [MESSAGE][PASSED] - Attribute 'value' of object 'Object Repository/PharmacyRequest/Page_Store/input_txttotal' is: '10'

2018-05-15 17:30:04 - [TEST_STEP][PASSED] - Statement - out.println("Requested QTY : " + RequestedQty): null

2018-05-15 17:30:04 - [TEST_STEP][PASSED] - Statement - BatchNumber = com.kms.katalon.core.webui.keyword.WebUiBuiltInKeywords.getNumberOfTotalOption(com.kms.katalon.core.testobject.ObjectRepository.findTestObject(PharmacyRequest/Page_Store/select_--Select--BA50)): 2 options of object 'Object Repository/PharmacyRequest/Page_Store/select_--Select--BA50' counted

2018-05-15 17:30:04 - [MESSAGE][PASSED] - 2 options of object 'Object Repository/PharmacyRequest/Page_Store/select_--Select--BA50' counted

2018-05-15 17:30:04 - [TEST_STEP][PASSED] - Statement - For ([g = 1, g <= BatchNumber - 1, (g++)]): null

2018-05-15 17:30:04 - [TEST_STEP][PASSED] - selectOptionByIndex: All options with index in [1] are selected on object 'Object Repository/PharmacyRequest/Page_Store/select_--Select--BA50'

2018-05-15 17:30:04 - [MESSAGE][PASSED] - All options with index in [1] are selected on object 'Object Repository/PharmacyRequest/Page_Store/select_--Select--BA50'

2018-05-15 17:30:04 - [TEST_STEP][PASSED] - delay: Delayed 1 second(s)

2018-05-15 17:30:05 - [MESSAGE][PASSED] - Delayed 1 second(s)

2018-05-15 17:30:05 - [TEST_STEP][PASSED] - Statement - StockQty = com.kms.katalon.core.webui.keyword.WebUiBuiltInKeywords.getAttribute(com.kms.katalon.core.testobject.ObjectRepository.findTestObject(PharmacyRequest/Page_Store/input_txtprice), "value"): Attribute 'value' of object 'Object Repository/PharmacyRequest/Page_Store/input_txtprice' is: '965'

2018-05-15 17:30:05 - [MESSAGE][PASSED] - Attribute 'value' of object 'Object Repository/PharmacyRequest/Page_Store/input_txtprice' is: '965'

2018-05-15 17:30:05 - [TEST_STEP][PASSED] - Statement - out.println("Stock QTY : " + StockQty): null

2018-05-15 17:30:05 - [TEST_STEP][PASSED] - delay: Delayed 1 second(s)

2018-05-15 17:30:06 - [MESSAGE][PASSED] - Delayed 1 second(s)

2018-05-15 17:30:06 - [TEST_STEP][PASSED] - Statement - If (java.lang.Integer.valueOf(StockQty) >= java.lang.Integer.valueOf(RequestedQty)): null

2018-05-15 17:30:06 - [TEST_STEP][PASSED] - setText: Text '10' is set on object 'Object Repository/PharmacyRequest/Page_Store/input_txtqty'

2018-05-15 17:30:06 - [MESSAGE][PASSED] - Text '10' is set on object 'Object Repository/PharmacyRequest/Page_Store/input_txtqty'

2018-05-15 17:30:06 - [TEST_STEP][PASSED] - click: Object: 'Object Repository/PharmacyRequest/Page_Store/button_Add' is clicked on

2018-05-15 17:30:06 - [MESSAGE][PASSED] - Object: 'Object Repository/PharmacyRequest/Page_Store/button_Add' is clicked on

2018-05-15 17:30:06 - [TEST_STEP][PASSED] - Statement - Break: null

2018-05-15 17:30:06 - [TEST_STEP][PASSED] - selectOptionByIndex: All options with index in [18] are selected on object 'Object Repository/PharmacyRequest/Page_Store/select_--Select--Amlodepin -5'

2018-05-15 17:30:06 - [MESSAGE][PASSED] - All options with index in [18] are selected on object 'Object Repository/PharmacyRequest/Page_Store/select_--Select--Amlodepin -5'

2018-05-15 17:30:06 - [TEST_STEP][PASSED] - delay: Delayed 1 second(s)

2018-05-15 17:30:07 - [MESSAGE][PASSED] - Delayed 1 second(s)

2018-05-15 17:30:07 - [TEST_STEP][PASSED] - Statement - RequestedQty = com.kms.katalon.core.webui.keyword.WebUiBuiltInKeywords.getAttribute(com.kms.katalon.core.testobject.ObjectRepository.findTestObject(PharmacyRequest/Page_Store/input_txttotal), "value"): Attribute 'value' of object 'Object Repository/PharmacyRequest/Page_Store/input_txttotal' is: '10'

2018-05-15 17:30:07 - [MESSAGE][PASSED] - Attribute 'value' of object 'Object Repository/PharmacyRequest/Page_Store/input_txttotal' is: '10'

2018-05-15 17:30:07 - [TEST_STEP][PASSED] - Statement - out.println("Requested QTY : " + RequestedQty): null

2018-05-15 17:30:07 - [TEST_STEP][PASSED] - Statement - BatchNumber = com.kms.katalon.core.webui.keyword.WebUiBuiltInKeywords.getNumberOfTotalOption(com.kms.katalon.core.testobject.ObjectRepository.findTestObject(PharmacyRequest/Page_Store/select_--Select--BA50)): 2 options of object 'Object Repository/PharmacyRequest/Page_Store/select_--Select--BA50' counted

2018-05-15 17:30:07 - [MESSAGE][PASSED] - 2 options of object 'Object Repository/PharmacyRequest/Page_Store/select_--Select--BA50' counted

2018-05-15 17:30:07 - [TEST_STEP][PASSED] - Statement - For ([g = 1, g <= BatchNumber - 1, (g++)]): null

2018-05-15 17:30:07 - [TEST_STEP][PASSED] - selectOptionByIndex: All options with index in [1] are selected on object 'Object Repository/PharmacyRequest/Page_Store/select_--Select--BA50'

2018-05-15 17:30:08 - [MESSAGE][PASSED] - All options with index in [1] are selected on object 'Object Repository/PharmacyRequest/Page_Store/select_--Select--BA50'

2018-05-15 17:30:08 - [TEST_STEP][PASSED] - delay: Delayed 1 second(s)

2018-05-15 17:30:09 - [MESSAGE][PASSED] - Delayed 1 second(s)

2018-05-15 17:30:09 - [TEST_STEP][PASSED] - Statement - StockQty = com.kms.katalon.core.webui.keyword.WebUiBuiltInKeywords.getAttribute(com.kms.katalon.core.testobject.ObjectRepository.findTestObject(PharmacyRequest/Page_Store/input_txtprice), "value"): Attribute 'value' of object 'Object Repository/PharmacyRequest/Page_Store/input_txtprice' is: '965'

2018-05-15 17:30:09 - [MESSAGE][PASSED] - Attribute 'value' of object 'Object Repository/PharmacyRequest/Page_Store/input_txtprice' is: '965'

2018-05-15 17:30:09 - [TEST_STEP][PASSED] - Statement - out.println("Stock QTY : " + StockQty): null

2018-05-15 17:30:09 - [TEST_STEP][PASSED] - delay: Delayed 1 second(s)

2018-05-15 17:30:10 - [MESSAGE][PASSED] - Delayed 1 second(s)

2018-05-15 17:30:10 - [TEST_STEP][PASSED] - Statement - If (java.lang.Integer.valueOf(StockQty) >= java.lang.Integer.valueOf(RequestedQty)): null

2018-05-15 17:30:10 - [TEST_STEP][PASSED] - setText: Text '10' is set on object 'Object Repository/PharmacyRequest/Page_Store/input_txtqty'

2018-05-15 17:30:10 - [MESSAGE][PASSED] - Text '10' is set on object 'Object Repository/PharmacyRequest/Page_Store/input_txtqty'

2018-05-15 17:30:10 - [TEST_STEP][PASSED] - click: Object: 'Object Repository/PharmacyRequest/Page_Store/button_Add' is clicked on

2018-05-15 17:30:10 - [MESSAGE][PASSED] - Object: 'Object Repository/PharmacyRequest/Page_Store/button_Add' is clicked on

2018-05-15 17:30:10 - [TEST_STEP][PASSED] - Statement - Break: null

2018-05-15 17:30:10 - [TEST_STEP][PASSED] - scrollToElement: Scroll to object 'Object Repository/PharmacyRequest/Page_Store/input_btnSubmit' successfully

2018-05-15 17:30:10 - [MESSAGE][PASSED] - Scroll to object 'Object Repository/PharmacyRequest/Page_Store/input_btnSubmit' successfully

2018-05-15 17:30:10 - [TEST_STEP][PASSED] - click: Object: 'Object Repository/PharmacyRequest/Page_Store/input_btnSubmit' is clicked on

2018-05-15 17:30:10 - [MESSAGE][PASSED] - Object: 'Object Repository/PharmacyRequest/Page_Store/input_btnSubmit' is clicked on

2018-05-15 17:30:10 - [TEST_STEP][PASSED] - delay: Delayed 3 second(s)

2018-05-15 17:30:13 - [MESSAGE][PASSED] - Delayed 3 second(s)

2018-05-15 17:30:13 - [TEST_STEP][PASSED] - click: Object: 'Object Repository/PharmacyRequest/Page_Store/button_OK' is clicked on

2018-05-15 17:30:14 - [MESSAGE][PASSED] - Object: 'Object Repository/PharmacyRequest/Page_Store/button_OK' is clicked on

2018-05-15 17:30:14 - [TEST_STEP][PASSED] - delay: Delayed 3 second(s)

2018-05-15 17:30:17 - [MESSAGE][PASSED] - Delayed 3 second(s)

2018-05-15 17:30:17 - [TEST_STEP][PASSED] - click: Object: 'Object Repository/PharmacyRequest/Page_Store/a_dropdown-toggle' is clicked on

2018-05-15 17:30:17 - [MESSAGE][PASSED] - Object: 'Object Repository/PharmacyRequest/Page_Store/a_dropdown-toggle' is clicked on

2018-05-15 17:30:17 - [TEST_STEP][PASSED] - click: Object: 'Object Repository/PharmacyRequest/Page_Store/a_Sign out' is clicked on

2018-05-15 17:30:17 - [MESSAGE][PASSED] - Object: 'Object Repository/PharmacyRequest/Page_Store/a_Sign out' is clicked on

2018-05-15 17:30:17 - [TEST_STEP][PASSED] - closeBrowser: Browser is closed

2018-05-15 17:30:18 - [MESSAGE][PASSED] - Browser is closed

2018-05-15 17:30:18 - [TEST_STEP][PASSED] - Statement - out.println("Schedule 12 Pharmacy Request Are Working Successfully"): null]]></system-out>
         <system-err><![CDATA[]]></system-err>
      </testcase>
      <system-out><![CDATA[2018-05-15 16:55:10 - [TEST_SUITE][FAILED] - Pharmacy_Suite: Test Cases/PHARMACY TEST CASES/TC_PHAR_003 Verify Schedule 3 Pharmacy Request Are Working Successfully Or Not FAILED because (of) Unable to click on object 'Object Repository/PharmacyRequest/Page_KDMC - CMO/input_2' (Root cause: com.kms.katalon.core.webui.exception.WebElementNotFoundException: Web element with id: 'Object Repository/PharmacyRequest/Page_KDMC - CMO/input_2' located by 'By.xpath: //*[@id=121][count(. | //input[@type = 'button']) = count(//input[@type = 'button'])]' not found)]]></system-out>
      <system-err><![CDATA[2018-05-15 16:55:10 - [TEST_SUITE][FAILED] - Pharmacy_Suite: Test Cases/PHARMACY TEST CASES/TC_PHAR_003 Verify Schedule 3 Pharmacy Request Are Working Successfully Or Not FAILED because (of) Unable to click on object 'Object Repository/PharmacyRequest/Page_KDMC - CMO/input_2' (Root cause: com.kms.katalon.core.webui.exception.WebElementNotFoundException: Web element with id: 'Object Repository/PharmacyRequest/Page_KDMC - CMO/input_2' located by 'By.xpath: //*[@id=121][count(. | //input[@type = 'button']) = count(//input[@type = 'button'])]' not found)]]></system-err>
   </testsuite>
</testsuites>
