<?xml version="1.0" encoding="UTF-8"?>
<testsuites name="Dispensary_Store_Suite" time="3767" tests="12" failures="0" errors="0">
   <testsuite name="Dispensary_Store_Suite" tests="12" failures="0" errors="0" time="3767" timestamp="2018-06-09 16:30:12" hostname="Quality Analyst - DESKTOP-BLFTK83" id="Test Suites/Dispensary_Store_Suite">
      <properties>
         <property name="deviceName" value=""/>
         <property name="devicePlatform" value=""/>
         <property name="logFolder" value="C:\\Users\\Quality Analyst\\Katalon Studio\\ds\\Reports\\Dispensary_Store_Suite\\20180609_163001"/>
         <property name="logFiles" value="C:\\Users\\Quality Analyst\\Katalon Studio\\ds\\Reports\\Dispensary_Store_Suite\\20180609_163001\\execution0.log, C:\\Users\\Quality Analyst\\Katalon Studio\\ds\\Reports\\Dispensary_Store_Suite\\20180609_163001\\execution1.log, C:\\Users\\Quality Analyst\\Katalon Studio\\ds\\Reports\\Dispensary_Store_Suite\\20180609_163001\\execution2.log"/>
         <property name="attachments" value="C:\\Users\\Quality Analyst\\Katalon Studio\\ds\\Reports\\Dispensary_Store_Suite\\20180609_163001\\1528543797264.png, C:\\Users\\Quality Analyst\\Katalon Studio\\ds\\Reports\\Dispensary_Store_Suite\\20180609_163001\\1528545435256.png"/>
         <property name="hostName" value="Quality Analyst - DESKTOP-BLFTK83"/>
         <property name="os" value="Windows 10 64bit"/>
         <property name="katalonVersion" value="5.4.2.1"/>
         <property name="browser" value="Chrome 66.0.3359.181"/>
         <property name="hostAddress" value="169.254.189.85"/>
         <property name="sessionId" value="adacfea25bf97348296bed7218e20c0a"/>
         <property name="seleniumVersion" value="3.7.1"/>
         <property name="proxyInformation" value="ProxyInformation{proxyOption=NO_PROXY, proxyServerType=HTTP, password=, proxyServerAddress=, proxyServerPort=0}"/>
         <property name="platform" value="Windows 10"/>
      </properties>
      <testcase name="Test Cases/DISPENSARY TEST CASES/TC_DP_001 Verify Schedule 1 Dispensary Request Are Working Successfully Or Not" classname="Test Cases/DISPENSARY TEST CASES/TC_DP_001 Verify Schedule 1 Dispensary Request Are Working Successfully Or Not" status="PASSED">
         <system-out><![CDATA[2018-06-09 16:30:12 - [TEST_CASE][PASSED] - Test Cases/DISPENSARY TEST CASES/TC_DP_001 Verify Schedule 1 Dispensary Request Are Working Successfully Or Not: Test Cases/DISPENSARY TEST CASES/TC_DP_001 Verify Schedule 1 Dispensary Request Are Working Successfully Or Not

2018-06-09 16:30:13 - [TEST_STEP][PASSED] - openBrowser: Browser is opened with url: ''

2018-06-09 16:30:16 - [MESSAGE][PASSED] - Browser is opened with url: ''

2018-06-09 16:30:16 - [TEST_STEP][PASSED] - navigateToUrl: Navigate to 'http://192.168.137.1/multihospital_new/HDSplashscreen.aspx' successfully

2018-06-09 16:30:18 - [MESSAGE][PASSED] - Navigate to 'http://192.168.137.1/multihospital_new/HDSplashscreen.aspx' successfully

2018-06-09 16:30:18 - [TEST_STEP][PASSED] - maximizeWindow: Current window maximized

2018-06-09 16:30:19 - [MESSAGE][PASSED] - Current window maximized

2018-06-09 16:30:19 - [TEST_STEP][PASSED] - click: Object: 'Object Repository/DispensaryToStore/Page_KDMC/a_Dispensary Store' is clicked on

2018-06-09 16:30:21 - [MESSAGE][PASSED] - Object: 'Object Repository/DispensaryToStore/Page_KDMC/a_Dispensary Store' is clicked on

2018-06-09 16:30:21 - [TEST_STEP][PASSED] - setText: Text 'rajaram' is set on object 'Object Repository/DispensaryToStore/Page_Dispensary Store Login/input_txtusername'

2018-06-09 16:30:21 - [MESSAGE][PASSED] - Text 'rajaram' is set on object 'Object Repository/DispensaryToStore/Page_Dispensary Store Login/input_txtusername'

2018-06-09 16:30:21 - [TEST_STEP][PASSED] - setText: Text '123' is set on object 'Object Repository/DispensaryToStore/Page_Dispensary Store Login/input_txtpassword'

2018-06-09 16:30:21 - [MESSAGE][PASSED] - Text '123' is set on object 'Object Repository/DispensaryToStore/Page_Dispensary Store Login/input_txtpassword'

2018-06-09 16:30:21 - [TEST_STEP][PASSED] - delay: Delayed 3 second(s)

2018-06-09 16:30:24 - [MESSAGE][PASSED] - Delayed 3 second(s)

2018-06-09 16:30:24 - [TEST_STEP][PASSED] - sendKeys: Keys 'ENTER + ' sent to object: 'Object Repository/DispensaryToStore/Page_Dispensary Store Login/input_txtpassword'

2018-06-09 16:30:25 - [MESSAGE][PASSED] - Keys 'ENTER + ' sent to object: 'Object Repository/DispensaryToStore/Page_Dispensary Store Login/input_txtpassword'

2018-06-09 16:30:25 - [TEST_STEP][PASSED] - delay: Delayed 3 second(s)

2018-06-09 16:30:28 - [MESSAGE][PASSED] - Delayed 3 second(s)

2018-06-09 16:30:28 - [TEST_STEP][PASSED] - doubleClick: Object: 'Object Repository/DispensaryToStore/Page_Dispensary Store/a_Request to Store' is double clicked on

2018-06-09 16:30:28 - [MESSAGE][PASSED] - Object: 'Object Repository/DispensaryToStore/Page_Dispensary Store/a_Request to Store' is double clicked on

2018-06-09 16:30:28 - [TEST_STEP][PASSED] - doubleClick: Object: 'Object Repository/DispensaryToStore/Page_Dispensary Store/a_Medicine Request' is double clicked on

2018-06-09 16:30:29 - [MESSAGE][PASSED] - Object: 'Object Repository/DispensaryToStore/Page_Dispensary Store/a_Medicine Request' is double clicked on

2018-06-09 16:30:29 - [TEST_STEP][PASSED] - selectOptionByIndex: All options with index in [1] are selected on object 'Object Repository/DispensaryToStore/Page_Dispensary Store/select_--Select--Schedule 1Inj'

2018-06-09 16:30:29 - [MESSAGE][PASSED] - All options with index in [1] are selected on object 'Object Repository/DispensaryToStore/Page_Dispensary Store/select_--Select--Schedule 1Inj'

2018-06-09 16:30:29 - [TEST_STEP][PASSED] - Statement - medicineslength = com.kms.katalon.core.webui.keyword.WebUiBuiltInKeywords.getNumberOfTotalOption(com.kms.katalon.core.testobject.ObjectRepository.findTestObject(DispensaryToStore/Page_Dispensary Store/select_--Select--Adernaline 0.)): 63 options of object 'Object Repository/DispensaryToStore/Page_Dispensary Store/select_--Select--Adernaline 0.' counted

2018-06-09 16:30:29 - [MESSAGE][PASSED] - 63 options of object 'Object Repository/DispensaryToStore/Page_Dispensary Store/select_--Select--Adernaline 0.' counted

2018-06-09 16:30:29 - [TEST_STEP][PASSED] - Statement - For ([e = 1, e <= medicineslength - 1, (e++)]): Delayed 1 second(s)

2018-06-09 16:30:29 - [TEST_STEP][PASSED] - selectOptionByIndex: All options with index in [1] are selected on object 'Object Repository/DispensaryToStore/Page_Dispensary Store/select_--Select--Schedule 1Inj'

2018-06-09 16:30:29 - [MESSAGE][PASSED] - All options with index in [1] are selected on object 'Object Repository/DispensaryToStore/Page_Dispensary Store/select_--Select--Schedule 1Inj'

2018-06-09 16:30:29 - [TEST_STEP][PASSED] - selectOptionByIndex: All options with index in [1] are selected on object 'Object Repository/DispensaryToStore/Page_Dispensary Store/select_--Select--Adernaline 0.'

2018-06-09 16:30:30 - [MESSAGE][PASSED] - All options with index in [1] are selected on object 'Object Repository/DispensaryToStore/Page_Dispensary Store/select_--Select--Adernaline 0.'

2018-06-09 16:30:30 - [TEST_STEP][PASSED] - setText: Text '10' is set on object 'Object Repository/DispensaryToStore/Page_Dispensary Store/input_txttreat'

2018-06-09 16:30:30 - [MESSAGE][PASSED] - Text '10' is set on object 'Object Repository/DispensaryToStore/Page_Dispensary Store/input_txttreat'

2018-06-09 16:30:30 - [TEST_STEP][PASSED] - doubleClick: Object: 'Object Repository/DispensaryToStore/Page_Dispensary Store/button_Add' is double clicked on

2018-06-09 16:30:30 - [MESSAGE][PASSED] - Object: 'Object Repository/DispensaryToStore/Page_Dispensary Store/button_Add' is double clicked on

2018-06-09 16:30:30 - [TEST_STEP][PASSED] - delay: Delayed 1 second(s)

2018-06-09 16:30:31 - [MESSAGE][PASSED] - Delayed 1 second(s)

2018-06-09 16:30:31 - [TEST_STEP][PASSED] - selectOptionByIndex: All options with index in [1] are selected on object 'Object Repository/DispensaryToStore/Page_Dispensary Store/select_--Select--Schedule 1Inj'

2018-06-09 16:30:31 - [MESSAGE][PASSED] - All options with index in [1] are selected on object 'Object Repository/DispensaryToStore/Page_Dispensary Store/select_--Select--Schedule 1Inj'

2018-06-09 16:30:31 - [TEST_STEP][PASSED] - selectOptionByIndex: All options with index in [2] are selected on object 'Object Repository/DispensaryToStore/Page_Dispensary Store/select_--Select--Adernaline 0.'

2018-06-09 16:30:31 - [MESSAGE][PASSED] - All options with index in [2] are selected on object 'Object Repository/DispensaryToStore/Page_Dispensary Store/select_--Select--Adernaline 0.'

2018-06-09 16:30:31 - [TEST_STEP][PASSED] - setText: Text '10' is set on object 'Object Repository/DispensaryToStore/Page_Dispensary Store/input_txttreat'

2018-06-09 16:30:31 - [MESSAGE][PASSED] - Text '10' is set on object 'Object Repository/DispensaryToStore/Page_Dispensary Store/input_txttreat'

2018-06-09 16:30:31 - [TEST_STEP][PASSED] - doubleClick: Object: 'Object Repository/DispensaryToStore/Page_Dispensary Store/button_Add' is double clicked on

2018-06-09 16:30:32 - [MESSAGE][PASSED] - Object: 'Object Repository/DispensaryToStore/Page_Dispensary Store/button_Add' is double clicked on

2018-06-09 16:30:32 - [TEST_STEP][PASSED] - delay: Delayed 1 second(s)

2018-06-09 16:30:33 - [MESSAGE][PASSED] - Delayed 1 second(s)

2018-06-09 16:30:33 - [TEST_STEP][PASSED] - selectOptionByIndex: All options with index in [1] are selected on object 'Object Repository/DispensaryToStore/Page_Dispensary Store/select_--Select--Schedule 1Inj'

2018-06-09 16:30:33 - [MESSAGE][PASSED] - All options with index in [1] are selected on object 'Object Repository/DispensaryToStore/Page_Dispensary Store/select_--Select--Schedule 1Inj'

2018-06-09 16:30:33 - [TEST_STEP][PASSED] - selectOptionByIndex: All options with index in [3] are selected on object 'Object Repository/DispensaryToStore/Page_Dispensary Store/select_--Select--Adernaline 0.'

2018-06-09 16:30:33 - [MESSAGE][PASSED] - All options with index in [3] are selected on object 'Object Repository/DispensaryToStore/Page_Dispensary Store/select_--Select--Adernaline 0.'

2018-06-09 16:30:33 - [TEST_STEP][PASSED] - setText: Text '10' is set on object 'Object Repository/DispensaryToStore/Page_Dispensary Store/input_txttreat'

2018-06-09 16:30:33 - [MESSAGE][PASSED] - Text '10' is set on object 'Object Repository/DispensaryToStore/Page_Dispensary Store/input_txttreat'

2018-06-09 16:30:33 - [TEST_STEP][PASSED] - doubleClick: Object: 'Object Repository/DispensaryToStore/Page_Dispensary Store/button_Add' is double clicked on

2018-06-09 16:30:33 - [MESSAGE][PASSED] - Object: 'Object Repository/DispensaryToStore/Page_Dispensary Store/button_Add' is double clicked on

2018-06-09 16:30:33 - [TEST_STEP][PASSED] - delay: Delayed 1 second(s)

2018-06-09 16:30:34 - [MESSAGE][PASSED] - Delayed 1 second(s)

2018-06-09 16:30:34 - [TEST_STEP][PASSED] - selectOptionByIndex: All options with index in [1] are selected on object 'Object Repository/DispensaryToStore/Page_Dispensary Store/select_--Select--Schedule 1Inj'

2018-06-09 16:30:34 - [MESSAGE][PASSED] - All options with index in [1] are selected on object 'Object Repository/DispensaryToStore/Page_Dispensary Store/select_--Select--Schedule 1Inj'

2018-06-09 16:30:34 - [TEST_STEP][PASSED] - selectOptionByIndex: All options with index in [4] are selected on object 'Object Repository/DispensaryToStore/Page_Dispensary Store/select_--Select--Adernaline 0.'

2018-06-09 16:30:35 - [MESSAGE][PASSED] - All options with index in [4] are selected on object 'Object Repository/DispensaryToStore/Page_Dispensary Store/select_--Select--Adernaline 0.'

2018-06-09 16:30:35 - [TEST_STEP][PASSED] - setText: Text '10' is set on object 'Object Repository/DispensaryToStore/Page_Dispensary Store/input_txttreat'

2018-06-09 16:30:35 - [MESSAGE][PASSED] - Text '10' is set on object 'Object Repository/DispensaryToStore/Page_Dispensary Store/input_txttreat'

2018-06-09 16:30:35 - [TEST_STEP][PASSED] - doubleClick: Object: 'Object Repository/DispensaryToStore/Page_Dispensary Store/button_Add' is double clicked on

2018-06-09 16:30:35 - [MESSAGE][PASSED] - Object: 'Object Repository/DispensaryToStore/Page_Dispensary Store/button_Add' is double clicked on

2018-06-09 16:30:35 - [TEST_STEP][PASSED] - delay: Delayed 1 second(s)

2018-06-09 16:30:36 - [MESSAGE][PASSED] - Delayed 1 second(s)

2018-06-09 16:30:36 - [TEST_STEP][PASSED] - selectOptionByIndex: All options with index in [1] are selected on object 'Object Repository/DispensaryToStore/Page_Dispensary Store/select_--Select--Schedule 1Inj'

2018-06-09 16:30:36 - [MESSAGE][PASSED] - All options with index in [1] are selected on object 'Object Repository/DispensaryToStore/Page_Dispensary Store/select_--Select--Schedule 1Inj'

2018-06-09 16:30:36 - [TEST_STEP][PASSED] - selectOptionByIndex: All options with index in [5] are selected on object 'Object Repository/DispensaryToStore/Page_Dispensary Store/select_--Select--Adernaline 0.'

2018-06-09 16:30:36 - [MESSAGE][PASSED] - All options with index in [5] are selected on object 'Object Repository/DispensaryToStore/Page_Dispensary Store/select_--Select--Adernaline 0.'

2018-06-09 16:30:36 - [TEST_STEP][PASSED] - setText: Text '10' is set on object 'Object Repository/DispensaryToStore/Page_Dispensary Store/input_txttreat'

2018-06-09 16:30:36 - [MESSAGE][PASSED] - Text '10' is set on object 'Object Repository/DispensaryToStore/Page_Dispensary Store/input_txttreat'

2018-06-09 16:30:36 - [TEST_STEP][PASSED] - doubleClick: Object: 'Object Repository/DispensaryToStore/Page_Dispensary Store/button_Add' is double clicked on

2018-06-09 16:30:36 - [MESSAGE][PASSED] - Object: 'Object Repository/DispensaryToStore/Page_Dispensary Store/button_Add' is double clicked on

2018-06-09 16:30:36 - [TEST_STEP][PASSED] - delay: Delayed 1 second(s)

2018-06-09 16:30:37 - [MESSAGE][PASSED] - Delayed 1 second(s)

2018-06-09 16:30:37 - [TEST_STEP][PASSED] - selectOptionByIndex: All options with index in [1] are selected on object 'Object Repository/DispensaryToStore/Page_Dispensary Store/select_--Select--Schedule 1Inj'

2018-06-09 16:30:38 - [MESSAGE][PASSED] - All options with index in [1] are selected on object 'Object Repository/DispensaryToStore/Page_Dispensary Store/select_--Select--Schedule 1Inj'

2018-06-09 16:30:38 - [TEST_STEP][PASSED] - selectOptionByIndex: All options with index in [6] are selected on object 'Object Repository/DispensaryToStore/Page_Dispensary Store/select_--Select--Adernaline 0.'

2018-06-09 16:30:38 - [MESSAGE][PASSED] - All options with index in [6] are selected on object 'Object Repository/DispensaryToStore/Page_Dispensary Store/select_--Select--Adernaline 0.'

2018-06-09 16:30:38 - [TEST_STEP][PASSED] - setText: Text '10' is set on object 'Object Repository/DispensaryToStore/Page_Dispensary Store/input_txttreat'

2018-06-09 16:30:38 - [MESSAGE][PASSED] - Text '10' is set on object 'Object Repository/DispensaryToStore/Page_Dispensary Store/input_txttreat'

2018-06-09 16:30:38 - [TEST_STEP][PASSED] - doubleClick: Object: 'Object Repository/DispensaryToStore/Page_Dispensary Store/button_Add' is double clicked on

2018-06-09 16:30:38 - [MESSAGE][PASSED] - Object: 'Object Repository/DispensaryToStore/Page_Dispensary Store/button_Add' is double clicked on

2018-06-09 16:30:38 - [TEST_STEP][PASSED] - delay: Delayed 1 second(s)

2018-06-09 16:30:39 - [MESSAGE][PASSED] - Delayed 1 second(s)

2018-06-09 16:30:39 - [TEST_STEP][PASSED] - selectOptionByIndex: All options with index in [1] are selected on object 'Object Repository/DispensaryToStore/Page_Dispensary Store/select_--Select--Schedule 1Inj'

2018-06-09 16:30:39 - [MESSAGE][PASSED] - All options with index in [1] are selected on object 'Object Repository/DispensaryToStore/Page_Dispensary Store/select_--Select--Schedule 1Inj'

2018-06-09 16:30:39 - [TEST_STEP][PASSED] - selectOptionByIndex: All options with index in [7] are selected on object 'Object Repository/DispensaryToStore/Page_Dispensary Store/select_--Select--Adernaline 0.'

2018-06-09 16:30:39 - [MESSAGE][PASSED] - All options with index in [7] are selected on object 'Object Repository/DispensaryToStore/Page_Dispensary Store/select_--Select--Adernaline 0.'

2018-06-09 16:30:39 - [TEST_STEP][PASSED] - setText: Text '10' is set on object 'Object Repository/DispensaryToStore/Page_Dispensary Store/input_txttreat'

2018-06-09 16:30:40 - [MESSAGE][PASSED] - Text '10' is set on object 'Object Repository/DispensaryToStore/Page_Dispensary Store/input_txttreat'

2018-06-09 16:30:40 - [TEST_STEP][PASSED] - doubleClick: Object: 'Object Repository/DispensaryToStore/Page_Dispensary Store/button_Add' is double clicked on

2018-06-09 16:30:40 - [MESSAGE][PASSED] - Object: 'Object Repository/DispensaryToStore/Page_Dispensary Store/button_Add' is double clicked on

2018-06-09 16:30:40 - [TEST_STEP][PASSED] - delay: Delayed 1 second(s)

2018-06-09 16:30:41 - [MESSAGE][PASSED] - Delayed 1 second(s)

2018-06-09 16:30:41 - [TEST_STEP][PASSED] - selectOptionByIndex: All options with index in [1] are selected on object 'Object Repository/DispensaryToStore/Page_Dispensary Store/select_--Select--Schedule 1Inj'

2018-06-09 16:30:41 - [MESSAGE][PASSED] - All options with index in [1] are selected on object 'Object Repository/DispensaryToStore/Page_Dispensary Store/select_--Select--Schedule 1Inj'

2018-06-09 16:30:41 - [TEST_STEP][PASSED] - selectOptionByIndex: All options with index in [8] are selected on object 'Object Repository/DispensaryToStore/Page_Dispensary Store/select_--Select--Adernaline 0.'

2018-06-09 16:30:41 - [MESSAGE][PASSED] - All options with index in [8] are selected on object 'Object Repository/DispensaryToStore/Page_Dispensary Store/select_--Select--Adernaline 0.'

2018-06-09 16:30:41 - [TEST_STEP][PASSED] - setText: Text '10' is set on object 'Object Repository/DispensaryToStore/Page_Dispensary Store/input_txttreat'

2018-06-09 16:30:41 - [MESSAGE][PASSED] - Text '10' is set on object 'Object Repository/DispensaryToStore/Page_Dispensary Store/input_txttreat'

2018-06-09 16:30:41 - [TEST_STEP][PASSED] - doubleClick: Object: 'Object Repository/DispensaryToStore/Page_Dispensary Store/button_Add' is double clicked on

2018-06-09 16:30:41 - [MESSAGE][PASSED] - Object: 'Object Repository/DispensaryToStore/Page_Dispensary Store/button_Add' is double clicked on

2018-06-09 16:30:41 - [TEST_STEP][PASSED] - delay: Delayed 1 second(s)

2018-06-09 16:30:42 - [MESSAGE][PASSED] - Delayed 1 second(s)

2018-06-09 16:30:42 - [TEST_STEP][PASSED] - selectOptionByIndex: All options with index in [1] are selected on object 'Object Repository/DispensaryToStore/Page_Dispensary Store/select_--Select--Schedule 1Inj'

2018-06-09 16:30:42 - [MESSAGE][PASSED] - All options with index in [1] are selected on object 'Object Repository/DispensaryToStore/Page_Dispensary Store/select_--Select--Schedule 1Inj'

2018-06-09 16:30:42 - [TEST_STEP][PASSED] - selectOptionByIndex: All options with index in [9] are selected on object 'Object Repository/DispensaryToStore/Page_Dispensary Store/select_--Select--Adernaline 0.'

2018-06-09 16:30:43 - [MESSAGE][PASSED] - All options with index in [9] are selected on object 'Object Repository/DispensaryToStore/Page_Dispensary Store/select_--Select--Adernaline 0.'

2018-06-09 16:30:43 - [TEST_STEP][PASSED] - setText: Text '10' is set on object 'Object Repository/DispensaryToStore/Page_Dispensary Store/input_txttreat'

2018-06-09 16:30:43 - [MESSAGE][PASSED] - Text '10' is set on object 'Object Repository/DispensaryToStore/Page_Dispensary Store/input_txttreat'

2018-06-09 16:30:43 - [TEST_STEP][PASSED] - doubleClick: Object: 'Object Repository/DispensaryToStore/Page_Dispensary Store/button_Add' is double clicked on

2018-06-09 16:30:43 - [MESSAGE][PASSED] - Object: 'Object Repository/DispensaryToStore/Page_Dispensary Store/button_Add' is double clicked on

2018-06-09 16:30:43 - [TEST_STEP][PASSED] - delay: Delayed 1 second(s)

2018-06-09 16:30:44 - [MESSAGE][PASSED] - Delayed 1 second(s)

2018-06-09 16:30:44 - [TEST_STEP][PASSED] - selectOptionByIndex: All options with index in [1] are selected on object 'Object Repository/DispensaryToStore/Page_Dispensary Store/select_--Select--Schedule 1Inj'

2018-06-09 16:30:44 - [MESSAGE][PASSED] - All options with index in [1] are selected on object 'Object Repository/DispensaryToStore/Page_Dispensary Store/select_--Select--Schedule 1Inj'

2018-06-09 16:30:44 - [TEST_STEP][PASSED] - selectOptionByIndex: All options with index in [10] are selected on object 'Object Repository/DispensaryToStore/Page_Dispensary Store/select_--Select--Adernaline 0.'

2018-06-09 16:30:44 - [MESSAGE][PASSED] - All options with index in [10] are selected on object 'Object Repository/DispensaryToStore/Page_Dispensary Store/select_--Select--Adernaline 0.'

2018-06-09 16:30:44 - [TEST_STEP][PASSED] - setText: Text '10' is set on object 'Object Repository/DispensaryToStore/Page_Dispensary Store/input_txttreat'

2018-06-09 16:30:45 - [MESSAGE][PASSED] - Text '10' is set on object 'Object Repository/DispensaryToStore/Page_Dispensary Store/input_txttreat'

2018-06-09 16:30:45 - [TEST_STEP][PASSED] - doubleClick: Object: 'Object Repository/DispensaryToStore/Page_Dispensary Store/button_Add' is double clicked on

2018-06-09 16:30:45 - [MESSAGE][PASSED] - Object: 'Object Repository/DispensaryToStore/Page_Dispensary Store/button_Add' is double clicked on

2018-06-09 16:30:45 - [TEST_STEP][PASSED] - delay: Delayed 1 second(s)

2018-06-09 16:30:46 - [MESSAGE][PASSED] - Delayed 1 second(s)

2018-06-09 16:30:46 - [TEST_STEP][PASSED] - selectOptionByIndex: All options with index in [1] are selected on object 'Object Repository/DispensaryToStore/Page_Dispensary Store/select_--Select--Schedule 1Inj'

2018-06-09 16:30:46 - [MESSAGE][PASSED] - All options with index in [1] are selected on object 'Object Repository/DispensaryToStore/Page_Dispensary Store/select_--Select--Schedule 1Inj'

2018-06-09 16:30:46 - [TEST_STEP][PASSED] - selectOptionByIndex: All options with index in [11] are selected on object 'Object Repository/DispensaryToStore/Page_Dispensary Store/select_--Select--Adernaline 0.'

2018-06-09 16:30:46 - [MESSAGE][PASSED] - All options with index in [11] are selected on object 'Object Repository/DispensaryToStore/Page_Dispensary Store/select_--Select--Adernaline 0.'

2018-06-09 16:30:46 - [TEST_STEP][PASSED] - setText: Text '10' is set on object 'Object Repository/DispensaryToStore/Page_Dispensary Store/input_txttreat'

2018-06-09 16:30:46 - [MESSAGE][PASSED] - Text '10' is set on object 'Object Repository/DispensaryToStore/Page_Dispensary Store/input_txttreat'

2018-06-09 16:30:46 - [TEST_STEP][PASSED] - doubleClick: Object: 'Object Repository/DispensaryToStore/Page_Dispensary Store/button_Add' is double clicked on

2018-06-09 16:30:46 - [MESSAGE][PASSED] - Object: 'Object Repository/DispensaryToStore/Page_Dispensary Store/button_Add' is double clicked on

2018-06-09 16:30:46 - [TEST_STEP][PASSED] - delay: Delayed 1 second(s)

2018-06-09 16:30:47 - [MESSAGE][PASSED] - Delayed 1 second(s)

2018-06-09 16:30:47 - [TEST_STEP][PASSED] - selectOptionByIndex: All options with index in [1] are selected on object 'Object Repository/DispensaryToStore/Page_Dispensary Store/select_--Select--Schedule 1Inj'

2018-06-09 16:30:47 - [MESSAGE][PASSED] - All options with index in [1] are selected on object 'Object Repository/DispensaryToStore/Page_Dispensary Store/select_--Select--Schedule 1Inj'

2018-06-09 16:30:47 - [TEST_STEP][PASSED] - selectOptionByIndex: All options with index in [12] are selected on object 'Object Repository/DispensaryToStore/Page_Dispensary Store/select_--Select--Adernaline 0.'

2018-06-09 16:30:48 - [MESSAGE][PASSED] - All options with index in [12] are selected on object 'Object Repository/DispensaryToStore/Page_Dispensary Store/select_--Select--Adernaline 0.'

2018-06-09 16:30:48 - [TEST_STEP][PASSED] - setText: Text '10' is set on object 'Object Repository/DispensaryToStore/Page_Dispensary Store/input_txttreat'

2018-06-09 16:30:48 - [MESSAGE][PASSED] - Text '10' is set on object 'Object Repository/DispensaryToStore/Page_Dispensary Store/input_txttreat'

2018-06-09 16:30:48 - [TEST_STEP][PASSED] - doubleClick: Object: 'Object Repository/DispensaryToStore/Page_Dispensary Store/button_Add' is double clicked on

2018-06-09 16:30:48 - [MESSAGE][PASSED] - Object: 'Object Repository/DispensaryToStore/Page_Dispensary Store/button_Add' is double clicked on

2018-06-09 16:30:48 - [TEST_STEP][PASSED] - delay: Delayed 1 second(s)

2018-06-09 16:30:49 - [MESSAGE][PASSED] - Delayed 1 second(s)

2018-06-09 16:30:49 - [TEST_STEP][PASSED] - selectOptionByIndex: All options with index in [1] are selected on object 'Object Repository/DispensaryToStore/Page_Dispensary Store/select_--Select--Schedule 1Inj'

2018-06-09 16:30:49 - [MESSAGE][PASSED] - All options with index in [1] are selected on object 'Object Repository/DispensaryToStore/Page_Dispensary Store/select_--Select--Schedule 1Inj'

2018-06-09 16:30:49 - [TEST_STEP][PASSED] - selectOptionByIndex: All options with index in [13] are selected on object 'Object Repository/DispensaryToStore/Page_Dispensary Store/select_--Select--Adernaline 0.'

2018-06-09 16:30:49 - [MESSAGE][PASSED] - All options with index in [13] are selected on object 'Object Repository/DispensaryToStore/Page_Dispensary Store/select_--Select--Adernaline 0.'

2018-06-09 16:30:49 - [TEST_STEP][PASSED] - setText: Text '10' is set on object 'Object Repository/DispensaryToStore/Page_Dispensary Store/input_txttreat'

2018-06-09 16:30:50 - [MESSAGE][PASSED] - Text '10' is set on object 'Object Repository/DispensaryToStore/Page_Dispensary Store/input_txttreat'

2018-06-09 16:30:50 - [TEST_STEP][PASSED] - doubleClick: Object: 'Object Repository/DispensaryToStore/Page_Dispensary Store/button_Add' is double clicked on

2018-06-09 16:30:50 - [MESSAGE][PASSED] - Object: 'Object Repository/DispensaryToStore/Page_Dispensary Store/button_Add' is double clicked on

2018-06-09 16:30:50 - [TEST_STEP][PASSED] - delay: Delayed 1 second(s)

2018-06-09 16:30:51 - [MESSAGE][PASSED] - Delayed 1 second(s)

2018-06-09 16:30:51 - [TEST_STEP][PASSED] - selectOptionByIndex: All options with index in [1] are selected on object 'Object Repository/DispensaryToStore/Page_Dispensary Store/select_--Select--Schedule 1Inj'

2018-06-09 16:30:51 - [MESSAGE][PASSED] - All options with index in [1] are selected on object 'Object Repository/DispensaryToStore/Page_Dispensary Store/select_--Select--Schedule 1Inj'

2018-06-09 16:30:51 - [TEST_STEP][PASSED] - selectOptionByIndex: All options with index in [14] are selected on object 'Object Repository/DispensaryToStore/Page_Dispensary Store/select_--Select--Adernaline 0.'

2018-06-09 16:30:51 - [MESSAGE][PASSED] - All options with index in [14] are selected on object 'Object Repository/DispensaryToStore/Page_Dispensary Store/select_--Select--Adernaline 0.'

2018-06-09 16:30:51 - [TEST_STEP][PASSED] - setText: Text '10' is set on object 'Object Repository/DispensaryToStore/Page_Dispensary Store/input_txttreat'

2018-06-09 16:30:51 - [MESSAGE][PASSED] - Text '10' is set on object 'Object Repository/DispensaryToStore/Page_Dispensary Store/input_txttreat'

2018-06-09 16:30:51 - [TEST_STEP][PASSED] - doubleClick: Object: 'Object Repository/DispensaryToStore/Page_Dispensary Store/button_Add' is double clicked on

2018-06-09 16:30:51 - [MESSAGE][PASSED] - Object: 'Object Repository/DispensaryToStore/Page_Dispensary Store/button_Add' is double clicked on

2018-06-09 16:30:51 - [TEST_STEP][PASSED] - delay: Delayed 1 second(s)

2018-06-09 16:30:52 - [MESSAGE][PASSED] - Delayed 1 second(s)

2018-06-09 16:30:52 - [TEST_STEP][PASSED] - selectOptionByIndex: All options with index in [1] are selected on object 'Object Repository/DispensaryToStore/Page_Dispensary Store/select_--Select--Schedule 1Inj'

2018-06-09 16:30:52 - [MESSAGE][PASSED] - All options with index in [1] are selected on object 'Object Repository/DispensaryToStore/Page_Dispensary Store/select_--Select--Schedule 1Inj'

2018-06-09 16:30:52 - [TEST_STEP][PASSED] - selectOptionByIndex: All options with index in [15] are selected on object 'Object Repository/DispensaryToStore/Page_Dispensary Store/select_--Select--Adernaline 0.'

2018-06-09 16:30:53 - [MESSAGE][PASSED] - All options with index in [15] are selected on object 'Object Repository/DispensaryToStore/Page_Dispensary Store/select_--Select--Adernaline 0.'

2018-06-09 16:30:53 - [TEST_STEP][PASSED] - setText: Text '10' is set on object 'Object Repository/DispensaryToStore/Page_Dispensary Store/input_txttreat'

2018-06-09 16:30:53 - [MESSAGE][PASSED] - Text '10' is set on object 'Object Repository/DispensaryToStore/Page_Dispensary Store/input_txttreat'

2018-06-09 16:30:53 - [TEST_STEP][PASSED] - doubleClick: Object: 'Object Repository/DispensaryToStore/Page_Dispensary Store/button_Add' is double clicked on

2018-06-09 16:30:53 - [MESSAGE][PASSED] - Object: 'Object Repository/DispensaryToStore/Page_Dispensary Store/button_Add' is double clicked on

2018-06-09 16:30:53 - [TEST_STEP][PASSED] - delay: Delayed 1 second(s)

2018-06-09 16:30:54 - [MESSAGE][PASSED] - Delayed 1 second(s)

2018-06-09 16:30:54 - [TEST_STEP][PASSED] - selectOptionByIndex: All options with index in [1] are selected on object 'Object Repository/DispensaryToStore/Page_Dispensary Store/select_--Select--Schedule 1Inj'

2018-06-09 16:30:54 - [MESSAGE][PASSED] - All options with index in [1] are selected on object 'Object Repository/DispensaryToStore/Page_Dispensary Store/select_--Select--Schedule 1Inj'

2018-06-09 16:30:54 - [TEST_STEP][PASSED] - selectOptionByIndex: All options with index in [16] are selected on object 'Object Repository/DispensaryToStore/Page_Dispensary Store/select_--Select--Adernaline 0.'

2018-06-09 16:30:54 - [MESSAGE][PASSED] - All options with index in [16] are selected on object 'Object Repository/DispensaryToStore/Page_Dispensary Store/select_--Select--Adernaline 0.'

2018-06-09 16:30:54 - [TEST_STEP][PASSED] - setText: Text '10' is set on object 'Object Repository/DispensaryToStore/Page_Dispensary Store/input_txttreat'

2018-06-09 16:30:55 - [MESSAGE][PASSED] - Text '10' is set on object 'Object Repository/DispensaryToStore/Page_Dispensary Store/input_txttreat'

2018-06-09 16:30:55 - [TEST_STEP][PASSED] - doubleClick: Object: 'Object Repository/DispensaryToStore/Page_Dispensary Store/button_Add' is double clicked on

2018-06-09 16:30:55 - [MESSAGE][PASSED] - Object: 'Object Repository/DispensaryToStore/Page_Dispensary Store/button_Add' is double clicked on

2018-06-09 16:30:55 - [TEST_STEP][PASSED] - delay: Delayed 1 second(s)

2018-06-09 16:30:56 - [MESSAGE][PASSED] - Delayed 1 second(s)

2018-06-09 16:30:56 - [TEST_STEP][PASSED] - selectOptionByIndex: All options with index in [1] are selected on object 'Object Repository/DispensaryToStore/Page_Dispensary Store/select_--Select--Schedule 1Inj'

2018-06-09 16:30:56 - [MESSAGE][PASSED] - All options with index in [1] are selected on object 'Object Repository/DispensaryToStore/Page_Dispensary Store/select_--Select--Schedule 1Inj'

2018-06-09 16:30:56 - [TEST_STEP][PASSED] - selectOptionByIndex: All options with index in [17] are selected on object 'Object Repository/DispensaryToStore/Page_Dispensary Store/select_--Select--Adernaline 0.'

2018-06-09 16:30:56 - [MESSAGE][PASSED] - All options with index in [17] are selected on object 'Object Repository/DispensaryToStore/Page_Dispensary Store/select_--Select--Adernaline 0.'

2018-06-09 16:30:56 - [TEST_STEP][PASSED] - setText: Text '10' is set on object 'Object Repository/DispensaryToStore/Page_Dispensary Store/input_txttreat'

2018-06-09 16:30:56 - [MESSAGE][PASSED] - Text '10' is set on object 'Object Repository/DispensaryToStore/Page_Dispensary Store/input_txttreat'

2018-06-09 16:30:56 - [TEST_STEP][PASSED] - doubleClick: Object: 'Object Repository/DispensaryToStore/Page_Dispensary Store/button_Add' is double clicked on

2018-06-09 16:30:56 - [MESSAGE][PASSED] - Object: 'Object Repository/DispensaryToStore/Page_Dispensary Store/button_Add' is double clicked on

2018-06-09 16:30:56 - [TEST_STEP][PASSED] - delay: Delayed 1 second(s)

2018-06-09 16:30:57 - [MESSAGE][PASSED] - Delayed 1 second(s)

2018-06-09 16:30:57 - [TEST_STEP][PASSED] - selectOptionByIndex: All options with index in [1] are selected on object 'Object Repository/DispensaryToStore/Page_Dispensary Store/select_--Select--Schedule 1Inj'

2018-06-09 16:30:58 - [MESSAGE][PASSED] - All options with index in [1] are selected on object 'Object Repository/DispensaryToStore/Page_Dispensary Store/select_--Select--Schedule 1Inj'

2018-06-09 16:30:58 - [TEST_STEP][PASSED] - selectOptionByIndex: All options with index in [18] are selected on object 'Object Repository/DispensaryToStore/Page_Dispensary Store/select_--Select--Adernaline 0.'

2018-06-09 16:30:58 - [MESSAGE][PASSED] - All options with index in [18] are selected on object 'Object Repository/DispensaryToStore/Page_Dispensary Store/select_--Select--Adernaline 0.'

2018-06-09 16:30:58 - [TEST_STEP][PASSED] - setText: Text '10' is set on object 'Object Repository/DispensaryToStore/Page_Dispensary Store/input_txttreat'

2018-06-09 16:30:58 - [MESSAGE][PASSED] - Text '10' is set on object 'Object Repository/DispensaryToStore/Page_Dispensary Store/input_txttreat'

2018-06-09 16:30:58 - [TEST_STEP][PASSED] - doubleClick: Object: 'Object Repository/DispensaryToStore/Page_Dispensary Store/button_Add' is double clicked on

2018-06-09 16:30:58 - [MESSAGE][PASSED] - Object: 'Object Repository/DispensaryToStore/Page_Dispensary Store/button_Add' is double clicked on

2018-06-09 16:30:58 - [TEST_STEP][PASSED] - delay: Delayed 1 second(s)

2018-06-09 16:30:59 - [MESSAGE][PASSED] - Delayed 1 second(s)

2018-06-09 16:30:59 - [TEST_STEP][PASSED] - selectOptionByIndex: All options with index in [1] are selected on object 'Object Repository/DispensaryToStore/Page_Dispensary Store/select_--Select--Schedule 1Inj'

2018-06-09 16:30:59 - [MESSAGE][PASSED] - All options with index in [1] are selected on object 'Object Repository/DispensaryToStore/Page_Dispensary Store/select_--Select--Schedule 1Inj'

2018-06-09 16:30:59 - [TEST_STEP][PASSED] - selectOptionByIndex: All options with index in [19] are selected on object 'Object Repository/DispensaryToStore/Page_Dispensary Store/select_--Select--Adernaline 0.'

2018-06-09 16:31:00 - [MESSAGE][PASSED] - All options with index in [19] are selected on object 'Object Repository/DispensaryToStore/Page_Dispensary Store/select_--Select--Adernaline 0.'

2018-06-09 16:31:00 - [TEST_STEP][PASSED] - setText: Text '10' is set on object 'Object Repository/DispensaryToStore/Page_Dispensary Store/input_txttreat'

2018-06-09 16:31:00 - [MESSAGE][PASSED] - Text '10' is set on object 'Object Repository/DispensaryToStore/Page_Dispensary Store/input_txttreat'

2018-06-09 16:31:00 - [TEST_STEP][PASSED] - doubleClick: Object: 'Object Repository/DispensaryToStore/Page_Dispensary Store/button_Add' is double clicked on

2018-06-09 16:31:00 - [MESSAGE][PASSED] - Object: 'Object Repository/DispensaryToStore/Page_Dispensary Store/button_Add' is double clicked on

2018-06-09 16:31:00 - [TEST_STEP][PASSED] - delay: Delayed 1 second(s)

2018-06-09 16:31:01 - [MESSAGE][PASSED] - Delayed 1 second(s)

2018-06-09 16:31:01 - [TEST_STEP][PASSED] - selectOptionByIndex: All options with index in [1] are selected on object 'Object Repository/DispensaryToStore/Page_Dispensary Store/select_--Select--Schedule 1Inj'

2018-06-09 16:31:01 - [MESSAGE][PASSED] - All options with index in [1] are selected on object 'Object Repository/DispensaryToStore/Page_Dispensary Store/select_--Select--Schedule 1Inj'

2018-06-09 16:31:01 - [TEST_STEP][PASSED] - selectOptionByIndex: All options with index in [20] are selected on object 'Object Repository/DispensaryToStore/Page_Dispensary Store/select_--Select--Adernaline 0.'

2018-06-09 16:31:01 - [MESSAGE][PASSED] - All options with index in [20] are selected on object 'Object Repository/DispensaryToStore/Page_Dispensary Store/select_--Select--Adernaline 0.'

2018-06-09 16:31:01 - [TEST_STEP][PASSED] - setText: Text '10' is set on object 'Object Repository/DispensaryToStore/Page_Dispensary Store/input_txttreat'

2018-06-09 16:31:02 - [MESSAGE][PASSED] - Text '10' is set on object 'Object Repository/DispensaryToStore/Page_Dispensary Store/input_txttreat'

2018-06-09 16:31:02 - [TEST_STEP][PASSED] - doubleClick: Object: 'Object Repository/DispensaryToStore/Page_Dispensary Store/button_Add' is double clicked on

2018-06-09 16:31:02 - [MESSAGE][PASSED] - Object: 'Object Repository/DispensaryToStore/Page_Dispensary Store/button_Add' is double clicked on

2018-06-09 16:31:02 - [TEST_STEP][PASSED] - delay: Delayed 1 second(s)

2018-06-09 16:31:03 - [MESSAGE][PASSED] - Delayed 1 second(s)

2018-06-09 16:31:03 - [TEST_STEP][PASSED] - selectOptionByIndex: All options with index in [1] are selected on object 'Object Repository/DispensaryToStore/Page_Dispensary Store/select_--Select--Schedule 1Inj'

2018-06-09 16:31:03 - [MESSAGE][PASSED] - All options with index in [1] are selected on object 'Object Repository/DispensaryToStore/Page_Dispensary Store/select_--Select--Schedule 1Inj'

2018-06-09 16:31:03 - [TEST_STEP][PASSED] - selectOptionByIndex: All options with index in [21] are selected on object 'Object Repository/DispensaryToStore/Page_Dispensary Store/select_--Select--Adernaline 0.'

2018-06-09 16:31:03 - [MESSAGE][PASSED] - All options with index in [21] are selected on object 'Object Repository/DispensaryToStore/Page_Dispensary Store/select_--Select--Adernaline 0.'

2018-06-09 16:31:03 - [TEST_STEP][PASSED] - setText: Text '10' is set on object 'Object Repository/DispensaryToStore/Page_Dispensary Store/input_txttreat'

2018-06-09 16:31:03 - [MESSAGE][PASSED] - Text '10' is set on object 'Object Repository/DispensaryToStore/Page_Dispensary Store/input_txttreat'

2018-06-09 16:31:03 - [TEST_STEP][PASSED] - doubleClick: Object: 'Object Repository/DispensaryToStore/Page_Dispensary Store/button_Add' is double clicked on

2018-06-09 16:31:03 - [MESSAGE][PASSED] - Object: 'Object Repository/DispensaryToStore/Page_Dispensary Store/button_Add' is double clicked on

2018-06-09 16:31:03 - [TEST_STEP][PASSED] - delay: Delayed 1 second(s)

2018-06-09 16:31:04 - [MESSAGE][PASSED] - Delayed 1 second(s)

2018-06-09 16:31:04 - [TEST_STEP][PASSED] - selectOptionByIndex: All options with index in [1] are selected on object 'Object Repository/DispensaryToStore/Page_Dispensary Store/select_--Select--Schedule 1Inj'

2018-06-09 16:31:05 - [MESSAGE][PASSED] - All options with index in [1] are selected on object 'Object Repository/DispensaryToStore/Page_Dispensary Store/select_--Select--Schedule 1Inj'

2018-06-09 16:31:05 - [TEST_STEP][PASSED] - selectOptionByIndex: All options with index in [22] are selected on object 'Object Repository/DispensaryToStore/Page_Dispensary Store/select_--Select--Adernaline 0.'

2018-06-09 16:31:05 - [MESSAGE][PASSED] - All options with index in [22] are selected on object 'Object Repository/DispensaryToStore/Page_Dispensary Store/select_--Select--Adernaline 0.'

2018-06-09 16:31:05 - [TEST_STEP][PASSED] - setText: Text '10' is set on object 'Object Repository/DispensaryToStore/Page_Dispensary Store/input_txttreat'

2018-06-09 16:31:05 - [MESSAGE][PASSED] - Text '10' is set on object 'Object Repository/DispensaryToStore/Page_Dispensary Store/input_txttreat'

2018-06-09 16:31:05 - [TEST_STEP][PASSED] - doubleClick: Object: 'Object Repository/DispensaryToStore/Page_Dispensary Store/button_Add' is double clicked on

2018-06-09 16:31:05 - [MESSAGE][PASSED] - Object: 'Object Repository/DispensaryToStore/Page_Dispensary Store/button_Add' is double clicked on

2018-06-09 16:31:05 - [TEST_STEP][PASSED] - delay: Delayed 1 second(s)

2018-06-09 16:31:06 - [MESSAGE][PASSED] - Delayed 1 second(s)

2018-06-09 16:31:06 - [TEST_STEP][PASSED] - selectOptionByIndex: All options with index in [1] are selected on object 'Object Repository/DispensaryToStore/Page_Dispensary Store/select_--Select--Schedule 1Inj'

2018-06-09 16:31:06 - [MESSAGE][PASSED] - All options with index in [1] are selected on object 'Object Repository/DispensaryToStore/Page_Dispensary Store/select_--Select--Schedule 1Inj'

2018-06-09 16:31:06 - [TEST_STEP][PASSED] - selectOptionByIndex: All options with index in [23] are selected on object 'Object Repository/DispensaryToStore/Page_Dispensary Store/select_--Select--Adernaline 0.'

2018-06-09 16:31:07 - [MESSAGE][PASSED] - All options with index in [23] are selected on object 'Object Repository/DispensaryToStore/Page_Dispensary Store/select_--Select--Adernaline 0.'

2018-06-09 16:31:07 - [TEST_STEP][PASSED] - setText: Text '10' is set on object 'Object Repository/DispensaryToStore/Page_Dispensary Store/input_txttreat'

2018-06-09 16:31:07 - [MESSAGE][PASSED] - Text '10' is set on object 'Object Repository/DispensaryToStore/Page_Dispensary Store/input_txttreat'

2018-06-09 16:31:07 - [TEST_STEP][PASSED] - doubleClick: Object: 'Object Repository/DispensaryToStore/Page_Dispensary Store/button_Add' is double clicked on

2018-06-09 16:31:07 - [MESSAGE][PASSED] - Object: 'Object Repository/DispensaryToStore/Page_Dispensary Store/button_Add' is double clicked on

2018-06-09 16:31:07 - [TEST_STEP][PASSED] - delay: Delayed 1 second(s)

2018-06-09 16:31:08 - [MESSAGE][PASSED] - Delayed 1 second(s)

2018-06-09 16:31:08 - [TEST_STEP][PASSED] - selectOptionByIndex: All options with index in [1] are selected on object 'Object Repository/DispensaryToStore/Page_Dispensary Store/select_--Select--Schedule 1Inj'

2018-06-09 16:31:08 - [MESSAGE][PASSED] - All options with index in [1] are selected on object 'Object Repository/DispensaryToStore/Page_Dispensary Store/select_--Select--Schedule 1Inj'

2018-06-09 16:31:08 - [TEST_STEP][PASSED] - selectOptionByIndex: All options with index in [24] are selected on object 'Object Repository/DispensaryToStore/Page_Dispensary Store/select_--Select--Adernaline 0.'

2018-06-09 16:31:09 - [MESSAGE][PASSED] - All options with index in [24] are selected on object 'Object Repository/DispensaryToStore/Page_Dispensary Store/select_--Select--Adernaline 0.'

2018-06-09 16:31:09 - [TEST_STEP][PASSED] - setText: Text '10' is set on object 'Object Repository/DispensaryToStore/Page_Dispensary Store/input_txttreat'

2018-06-09 16:31:09 - [MESSAGE][PASSED] - Text '10' is set on object 'Object Repository/DispensaryToStore/Page_Dispensary Store/input_txttreat'

2018-06-09 16:31:09 - [TEST_STEP][PASSED] - doubleClick: Object: 'Object Repository/DispensaryToStore/Page_Dispensary Store/button_Add' is double clicked on

2018-06-09 16:31:09 - [MESSAGE][PASSED] - Object: 'Object Repository/DispensaryToStore/Page_Dispensary Store/button_Add' is double clicked on

2018-06-09 16:31:09 - [TEST_STEP][PASSED] - delay: Delayed 1 second(s)

2018-06-09 16:31:10 - [MESSAGE][PASSED] - Delayed 1 second(s)

2018-06-09 16:31:10 - [TEST_STEP][PASSED] - selectOptionByIndex: All options with index in [1] are selected on object 'Object Repository/DispensaryToStore/Page_Dispensary Store/select_--Select--Schedule 1Inj'

2018-06-09 16:31:10 - [MESSAGE][PASSED] - All options with index in [1] are selected on object 'Object Repository/DispensaryToStore/Page_Dispensary Store/select_--Select--Schedule 1Inj'

2018-06-09 16:31:10 - [TEST_STEP][PASSED] - selectOptionByIndex: All options with index in [25] are selected on object 'Object Repository/DispensaryToStore/Page_Dispensary Store/select_--Select--Adernaline 0.'

2018-06-09 16:31:10 - [MESSAGE][PASSED] - All options with index in [25] are selected on object 'Object Repository/DispensaryToStore/Page_Dispensary Store/select_--Select--Adernaline 0.'

2018-06-09 16:31:10 - [TEST_STEP][PASSED] - setText: Text '10' is set on object 'Object Repository/DispensaryToStore/Page_Dispensary Store/input_txttreat'

2018-06-09 16:31:11 - [MESSAGE][PASSED] - Text '10' is set on object 'Object Repository/DispensaryToStore/Page_Dispensary Store/input_txttreat'

2018-06-09 16:31:11 - [TEST_STEP][PASSED] - doubleClick: Object: 'Object Repository/DispensaryToStore/Page_Dispensary Store/button_Add' is double clicked on

2018-06-09 16:31:11 - [MESSAGE][PASSED] - Object: 'Object Repository/DispensaryToStore/Page_Dispensary Store/button_Add' is double clicked on

2018-06-09 16:31:11 - [TEST_STEP][PASSED] - delay: Delayed 1 second(s)

2018-06-09 16:31:12 - [MESSAGE][PASSED] - Delayed 1 second(s)

2018-06-09 16:31:12 - [TEST_STEP][PASSED] - selectOptionByIndex: All options with index in [1] are selected on object 'Object Repository/DispensaryToStore/Page_Dispensary Store/select_--Select--Schedule 1Inj'

2018-06-09 16:31:12 - [MESSAGE][PASSED] - All options with index in [1] are selected on object 'Object Repository/DispensaryToStore/Page_Dispensary Store/select_--Select--Schedule 1Inj'

2018-06-09 16:31:12 - [TEST_STEP][PASSED] - selectOptionByIndex: All options with index in [26] are selected on object 'Object Repository/DispensaryToStore/Page_Dispensary Store/select_--Select--Adernaline 0.'

2018-06-09 16:31:12 - [MESSAGE][PASSED] - All options with index in [26] are selected on object 'Object Repository/DispensaryToStore/Page_Dispensary Store/select_--Select--Adernaline 0.'

2018-06-09 16:31:12 - [TEST_STEP][PASSED] - setText: Text '10' is set on object 'Object Repository/DispensaryToStore/Page_Dispensary Store/input_txttreat'

2018-06-09 16:31:12 - [MESSAGE][PASSED] - Text '10' is set on object 'Object Repository/DispensaryToStore/Page_Dispensary Store/input_txttreat'

2018-06-09 16:31:12 - [TEST_STEP][PASSED] - doubleClick: Object: 'Object Repository/DispensaryToStore/Page_Dispensary Store/button_Add' is double clicked on

2018-06-09 16:31:12 - [MESSAGE][PASSED] - Object: 'Object Repository/DispensaryToStore/Page_Dispensary Store/button_Add' is double clicked on

2018-06-09 16:31:12 - [TEST_STEP][PASSED] - delay: Delayed 1 second(s)

2018-06-09 16:31:13 - [MESSAGE][PASSED] - Delayed 1 second(s)

2018-06-09 16:31:13 - [TEST_STEP][PASSED] - selectOptionByIndex: All options with index in [1] are selected on object 'Object Repository/DispensaryToStore/Page_Dispensary Store/select_--Select--Schedule 1Inj'

2018-06-09 16:31:14 - [MESSAGE][PASSED] - All options with index in [1] are selected on object 'Object Repository/DispensaryToStore/Page_Dispensary Store/select_--Select--Schedule 1Inj'

2018-06-09 16:31:14 - [TEST_STEP][PASSED] - selectOptionByIndex: All options with index in [27] are selected on object 'Object Repository/DispensaryToStore/Page_Dispensary Store/select_--Select--Adernaline 0.'

2018-06-09 16:31:14 - [MESSAGE][PASSED] - All options with index in [27] are selected on object 'Object Repository/DispensaryToStore/Page_Dispensary Store/select_--Select--Adernaline 0.'

2018-06-09 16:31:14 - [TEST_STEP][PASSED] - setText: Text '10' is set on object 'Object Repository/DispensaryToStore/Page_Dispensary Store/input_txttreat'

2018-06-09 16:31:14 - [MESSAGE][PASSED] - Text '10' is set on object 'Object Repository/DispensaryToStore/Page_Dispensary Store/input_txttreat'

2018-06-09 16:31:14 - [TEST_STEP][PASSED] - doubleClick: Object: 'Object Repository/DispensaryToStore/Page_Dispensary Store/button_Add' is double clicked on

2018-06-09 16:31:14 - [MESSAGE][PASSED] - Object: 'Object Repository/DispensaryToStore/Page_Dispensary Store/button_Add' is double clicked on

2018-06-09 16:31:14 - [TEST_STEP][PASSED] - delay: Delayed 1 second(s)

2018-06-09 16:31:15 - [MESSAGE][PASSED] - Delayed 1 second(s)

2018-06-09 16:31:15 - [TEST_STEP][PASSED] - selectOptionByIndex: All options with index in [1] are selected on object 'Object Repository/DispensaryToStore/Page_Dispensary Store/select_--Select--Schedule 1Inj'

2018-06-09 16:31:15 - [MESSAGE][PASSED] - All options with index in [1] are selected on object 'Object Repository/DispensaryToStore/Page_Dispensary Store/select_--Select--Schedule 1Inj'

2018-06-09 16:31:15 - [TEST_STEP][PASSED] - selectOptionByIndex: All options with index in [28] are selected on object 'Object Repository/DispensaryToStore/Page_Dispensary Store/select_--Select--Adernaline 0.'

2018-06-09 16:31:16 - [MESSAGE][PASSED] - All options with index in [28] are selected on object 'Object Repository/DispensaryToStore/Page_Dispensary Store/select_--Select--Adernaline 0.'

2018-06-09 16:31:16 - [TEST_STEP][PASSED] - setText: Text '10' is set on object 'Object Repository/DispensaryToStore/Page_Dispensary Store/input_txttreat'

2018-06-09 16:31:16 - [MESSAGE][PASSED] - Text '10' is set on object 'Object Repository/DispensaryToStore/Page_Dispensary Store/input_txttreat'

2018-06-09 16:31:16 - [TEST_STEP][PASSED] - doubleClick: Object: 'Object Repository/DispensaryToStore/Page_Dispensary Store/button_Add' is double clicked on

2018-06-09 16:31:16 - [MESSAGE][PASSED] - Object: 'Object Repository/DispensaryToStore/Page_Dispensary Store/button_Add' is double clicked on

2018-06-09 16:31:16 - [TEST_STEP][PASSED] - delay: Delayed 1 second(s)

2018-06-09 16:31:17 - [MESSAGE][PASSED] - Delayed 1 second(s)

2018-06-09 16:31:17 - [TEST_STEP][PASSED] - selectOptionByIndex: All options with index in [1] are selected on object 'Object Repository/DispensaryToStore/Page_Dispensary Store/select_--Select--Schedule 1Inj'

2018-06-09 16:31:17 - [MESSAGE][PASSED] - All options with index in [1] are selected on object 'Object Repository/DispensaryToStore/Page_Dispensary Store/select_--Select--Schedule 1Inj'

2018-06-09 16:31:17 - [TEST_STEP][PASSED] - selectOptionByIndex: All options with index in [29] are selected on object 'Object Repository/DispensaryToStore/Page_Dispensary Store/select_--Select--Adernaline 0.'

2018-06-09 16:31:18 - [MESSAGE][PASSED] - All options with index in [29] are selected on object 'Object Repository/DispensaryToStore/Page_Dispensary Store/select_--Select--Adernaline 0.'

2018-06-09 16:31:18 - [TEST_STEP][PASSED] - setText: Text '10' is set on object 'Object Repository/DispensaryToStore/Page_Dispensary Store/input_txttreat'

2018-06-09 16:31:18 - [MESSAGE][PASSED] - Text '10' is set on object 'Object Repository/DispensaryToStore/Page_Dispensary Store/input_txttreat'

2018-06-09 16:31:18 - [TEST_STEP][PASSED] - doubleClick: Object: 'Object Repository/DispensaryToStore/Page_Dispensary Store/button_Add' is double clicked on

2018-06-09 16:31:18 - [MESSAGE][PASSED] - Object: 'Object Repository/DispensaryToStore/Page_Dispensary Store/button_Add' is double clicked on

2018-06-09 16:31:18 - [TEST_STEP][PASSED] - delay: Delayed 1 second(s)

2018-06-09 16:31:19 - [MESSAGE][PASSED] - Delayed 1 second(s)

2018-06-09 16:31:19 - [TEST_STEP][PASSED] - selectOptionByIndex: All options with index in [1] are selected on object 'Object Repository/DispensaryToStore/Page_Dispensary Store/select_--Select--Schedule 1Inj'

2018-06-09 16:31:19 - [MESSAGE][PASSED] - All options with index in [1] are selected on object 'Object Repository/DispensaryToStore/Page_Dispensary Store/select_--Select--Schedule 1Inj'

2018-06-09 16:31:19 - [TEST_STEP][PASSED] - selectOptionByIndex: All options with index in [30] are selected on object 'Object Repository/DispensaryToStore/Page_Dispensary Store/select_--Select--Adernaline 0.'

2018-06-09 16:31:19 - [MESSAGE][PASSED] - All options with index in [30] are selected on object 'Object Repository/DispensaryToStore/Page_Dispensary Store/select_--Select--Adernaline 0.'

2018-06-09 16:31:19 - [TEST_STEP][PASSED] - setText: Text '10' is set on object 'Object Repository/DispensaryToStore/Page_Dispensary Store/input_txttreat'

2018-06-09 16:31:20 - [MESSAGE][PASSED] - Text '10' is set on object 'Object Repository/DispensaryToStore/Page_Dispensary Store/input_txttreat'

2018-06-09 16:31:20 - [TEST_STEP][PASSED] - doubleClick: Object: 'Object Repository/DispensaryToStore/Page_Dispensary Store/button_Add' is double clicked on

2018-06-09 16:31:20 - [MESSAGE][PASSED] - Object: 'Object Repository/DispensaryToStore/Page_Dispensary Store/button_Add' is double clicked on

2018-06-09 16:31:20 - [TEST_STEP][PASSED] - delay: Delayed 1 second(s)

2018-06-09 16:31:21 - [MESSAGE][PASSED] - Delayed 1 second(s)

2018-06-09 16:31:21 - [TEST_STEP][PASSED] - selectOptionByIndex: All options with index in [1] are selected on object 'Object Repository/DispensaryToStore/Page_Dispensary Store/select_--Select--Schedule 1Inj'

2018-06-09 16:31:21 - [MESSAGE][PASSED] - All options with index in [1] are selected on object 'Object Repository/DispensaryToStore/Page_Dispensary Store/select_--Select--Schedule 1Inj'

2018-06-09 16:31:21 - [TEST_STEP][PASSED] - selectOptionByIndex: All options with index in [31] are selected on object 'Object Repository/DispensaryToStore/Page_Dispensary Store/select_--Select--Adernaline 0.'

2018-06-09 16:31:21 - [MESSAGE][PASSED] - All options with index in [31] are selected on object 'Object Repository/DispensaryToStore/Page_Dispensary Store/select_--Select--Adernaline 0.'

2018-06-09 16:31:21 - [TEST_STEP][PASSED] - setText: Text '10' is set on object 'Object Repository/DispensaryToStore/Page_Dispensary Store/input_txttreat'

2018-06-09 16:31:21 - [MESSAGE][PASSED] - Text '10' is set on object 'Object Repository/DispensaryToStore/Page_Dispensary Store/input_txttreat'

2018-06-09 16:31:21 - [TEST_STEP][PASSED] - doubleClick: Object: 'Object Repository/DispensaryToStore/Page_Dispensary Store/button_Add' is double clicked on

2018-06-09 16:31:22 - [MESSAGE][PASSED] - Object: 'Object Repository/DispensaryToStore/Page_Dispensary Store/button_Add' is double clicked on

2018-06-09 16:31:22 - [TEST_STEP][PASSED] - delay: Delayed 1 second(s)

2018-06-09 16:31:23 - [MESSAGE][PASSED] - Delayed 1 second(s)

2018-06-09 16:31:23 - [TEST_STEP][PASSED] - selectOptionByIndex: All options with index in [1] are selected on object 'Object Repository/DispensaryToStore/Page_Dispensary Store/select_--Select--Schedule 1Inj'

2018-06-09 16:31:23 - [MESSAGE][PASSED] - All options with index in [1] are selected on object 'Object Repository/DispensaryToStore/Page_Dispensary Store/select_--Select--Schedule 1Inj'

2018-06-09 16:31:23 - [TEST_STEP][PASSED] - selectOptionByIndex: All options with index in [32] are selected on object 'Object Repository/DispensaryToStore/Page_Dispensary Store/select_--Select--Adernaline 0.'

2018-06-09 16:31:23 - [MESSAGE][PASSED] - All options with index in [32] are selected on object 'Object Repository/DispensaryToStore/Page_Dispensary Store/select_--Select--Adernaline 0.'

2018-06-09 16:31:23 - [TEST_STEP][PASSED] - setText: Text '10' is set on object 'Object Repository/DispensaryToStore/Page_Dispensary Store/input_txttreat'

2018-06-09 16:31:23 - [MESSAGE][PASSED] - Text '10' is set on object 'Object Repository/DispensaryToStore/Page_Dispensary Store/input_txttreat'

2018-06-09 16:31:23 - [TEST_STEP][PASSED] - doubleClick: Object: 'Object Repository/DispensaryToStore/Page_Dispensary Store/button_Add' is double clicked on

2018-06-09 16:31:23 - [MESSAGE][PASSED] - Object: 'Object Repository/DispensaryToStore/Page_Dispensary Store/button_Add' is double clicked on

2018-06-09 16:31:23 - [TEST_STEP][PASSED] - delay: Delayed 1 second(s)

2018-06-09 16:31:24 - [MESSAGE][PASSED] - Delayed 1 second(s)

2018-06-09 16:31:24 - [TEST_STEP][PASSED] - selectOptionByIndex: All options with index in [1] are selected on object 'Object Repository/DispensaryToStore/Page_Dispensary Store/select_--Select--Schedule 1Inj'

2018-06-09 16:31:25 - [MESSAGE][PASSED] - All options with index in [1] are selected on object 'Object Repository/DispensaryToStore/Page_Dispensary Store/select_--Select--Schedule 1Inj'

2018-06-09 16:31:25 - [TEST_STEP][PASSED] - selectOptionByIndex: All options with index in [33] are selected on object 'Object Repository/DispensaryToStore/Page_Dispensary Store/select_--Select--Adernaline 0.'

2018-06-09 16:31:25 - [MESSAGE][PASSED] - All options with index in [33] are selected on object 'Object Repository/DispensaryToStore/Page_Dispensary Store/select_--Select--Adernaline 0.'

2018-06-09 16:31:25 - [TEST_STEP][PASSED] - setText: Text '10' is set on object 'Object Repository/DispensaryToStore/Page_Dispensary Store/input_txttreat'

2018-06-09 16:31:25 - [MESSAGE][PASSED] - Text '10' is set on object 'Object Repository/DispensaryToStore/Page_Dispensary Store/input_txttreat'

2018-06-09 16:31:25 - [TEST_STEP][PASSED] - doubleClick: Object: 'Object Repository/DispensaryToStore/Page_Dispensary Store/button_Add' is double clicked on

2018-06-09 16:31:25 - [MESSAGE][PASSED] - Object: 'Object Repository/DispensaryToStore/Page_Dispensary Store/button_Add' is double clicked on

2018-06-09 16:31:25 - [TEST_STEP][PASSED] - delay: Delayed 1 second(s)

2018-06-09 16:31:26 - [MESSAGE][PASSED] - Delayed 1 second(s)

2018-06-09 16:31:26 - [TEST_STEP][PASSED] - selectOptionByIndex: All options with index in [1] are selected on object 'Object Repository/DispensaryToStore/Page_Dispensary Store/select_--Select--Schedule 1Inj'

2018-06-09 16:31:26 - [MESSAGE][PASSED] - All options with index in [1] are selected on object 'Object Repository/DispensaryToStore/Page_Dispensary Store/select_--Select--Schedule 1Inj'

2018-06-09 16:31:26 - [TEST_STEP][PASSED] - selectOptionByIndex: All options with index in [34] are selected on object 'Object Repository/DispensaryToStore/Page_Dispensary Store/select_--Select--Adernaline 0.'

2018-06-09 16:31:27 - [MESSAGE][PASSED] - All options with index in [34] are selected on object 'Object Repository/DispensaryToStore/Page_Dispensary Store/select_--Select--Adernaline 0.'

2018-06-09 16:31:27 - [TEST_STEP][PASSED] - setText: Text '10' is set on object 'Object Repository/DispensaryToStore/Page_Dispensary Store/input_txttreat'

2018-06-09 16:31:27 - [MESSAGE][PASSED] - Text '10' is set on object 'Object Repository/DispensaryToStore/Page_Dispensary Store/input_txttreat'

2018-06-09 16:31:27 - [TEST_STEP][PASSED] - doubleClick: Object: 'Object Repository/DispensaryToStore/Page_Dispensary Store/button_Add' is double clicked on

2018-06-09 16:31:27 - [MESSAGE][PASSED] - Object: 'Object Repository/DispensaryToStore/Page_Dispensary Store/button_Add' is double clicked on

2018-06-09 16:31:27 - [TEST_STEP][PASSED] - delay: Delayed 1 second(s)

2018-06-09 16:31:28 - [MESSAGE][PASSED] - Delayed 1 second(s)

2018-06-09 16:31:28 - [TEST_STEP][PASSED] - selectOptionByIndex: All options with index in [1] are selected on object 'Object Repository/DispensaryToStore/Page_Dispensary Store/select_--Select--Schedule 1Inj'

2018-06-09 16:31:28 - [MESSAGE][PASSED] - All options with index in [1] are selected on object 'Object Repository/DispensaryToStore/Page_Dispensary Store/select_--Select--Schedule 1Inj'

2018-06-09 16:31:28 - [TEST_STEP][PASSED] - selectOptionByIndex: All options with index in [35] are selected on object 'Object Repository/DispensaryToStore/Page_Dispensary Store/select_--Select--Adernaline 0.'

2018-06-09 16:31:29 - [MESSAGE][PASSED] - All options with index in [35] are selected on object 'Object Repository/DispensaryToStore/Page_Dispensary Store/select_--Select--Adernaline 0.'

2018-06-09 16:31:29 - [TEST_STEP][PASSED] - setText: Text '10' is set on object 'Object Repository/DispensaryToStore/Page_Dispensary Store/input_txttreat'

2018-06-09 16:31:29 - [MESSAGE][PASSED] - Text '10' is set on object 'Object Repository/DispensaryToStore/Page_Dispensary Store/input_txttreat'

2018-06-09 16:31:29 - [TEST_STEP][PASSED] - doubleClick: Object: 'Object Repository/DispensaryToStore/Page_Dispensary Store/button_Add' is double clicked on

2018-06-09 16:31:29 - [MESSAGE][PASSED] - Object: 'Object Repository/DispensaryToStore/Page_Dispensary Store/button_Add' is double clicked on

2018-06-09 16:31:29 - [TEST_STEP][PASSED] - delay: Delayed 1 second(s)

2018-06-09 16:31:30 - [MESSAGE][PASSED] - Delayed 1 second(s)

2018-06-09 16:31:30 - [TEST_STEP][PASSED] - selectOptionByIndex: All options with index in [1] are selected on object 'Object Repository/DispensaryToStore/Page_Dispensary Store/select_--Select--Schedule 1Inj'

2018-06-09 16:31:30 - [MESSAGE][PASSED] - All options with index in [1] are selected on object 'Object Repository/DispensaryToStore/Page_Dispensary Store/select_--Select--Schedule 1Inj'

2018-06-09 16:31:30 - [TEST_STEP][PASSED] - selectOptionByIndex: All options with index in [36] are selected on object 'Object Repository/DispensaryToStore/Page_Dispensary Store/select_--Select--Adernaline 0.'

2018-06-09 16:31:31 - [MESSAGE][PASSED] - All options with index in [36] are selected on object 'Object Repository/DispensaryToStore/Page_Dispensary Store/select_--Select--Adernaline 0.'

2018-06-09 16:31:31 - [TEST_STEP][PASSED] - setText: Text '10' is set on object 'Object Repository/DispensaryToStore/Page_Dispensary Store/input_txttreat'

2018-06-09 16:31:31 - [MESSAGE][PASSED] - Text '10' is set on object 'Object Repository/DispensaryToStore/Page_Dispensary Store/input_txttreat'

2018-06-09 16:31:31 - [TEST_STEP][PASSED] - doubleClick: Object: 'Object Repository/DispensaryToStore/Page_Dispensary Store/button_Add' is double clicked on

2018-06-09 16:31:31 - [MESSAGE][PASSED] - Object: 'Object Repository/DispensaryToStore/Page_Dispensary Store/button_Add' is double clicked on

2018-06-09 16:31:31 - [TEST_STEP][PASSED] - delay: Delayed 1 second(s)

2018-06-09 16:31:32 - [MESSAGE][PASSED] - Delayed 1 second(s)

2018-06-09 16:31:32 - [TEST_STEP][PASSED] - selectOptionByIndex: All options with index in [1] are selected on object 'Object Repository/DispensaryToStore/Page_Dispensary Store/select_--Select--Schedule 1Inj'

2018-06-09 16:31:32 - [MESSAGE][PASSED] - All options with index in [1] are selected on object 'Object Repository/DispensaryToStore/Page_Dispensary Store/select_--Select--Schedule 1Inj'

2018-06-09 16:31:32 - [TEST_STEP][PASSED] - selectOptionByIndex: All options with index in [37] are selected on object 'Object Repository/DispensaryToStore/Page_Dispensary Store/select_--Select--Adernaline 0.'

2018-06-09 16:31:33 - [MESSAGE][PASSED] - All options with index in [37] are selected on object 'Object Repository/DispensaryToStore/Page_Dispensary Store/select_--Select--Adernaline 0.'

2018-06-09 16:31:33 - [TEST_STEP][PASSED] - setText: Text '10' is set on object 'Object Repository/DispensaryToStore/Page_Dispensary Store/input_txttreat'

2018-06-09 16:31:33 - [MESSAGE][PASSED] - Text '10' is set on object 'Object Repository/DispensaryToStore/Page_Dispensary Store/input_txttreat'

2018-06-09 16:31:33 - [TEST_STEP][PASSED] - doubleClick: Object: 'Object Repository/DispensaryToStore/Page_Dispensary Store/button_Add' is double clicked on

2018-06-09 16:31:33 - [MESSAGE][PASSED] - Object: 'Object Repository/DispensaryToStore/Page_Dispensary Store/button_Add' is double clicked on

2018-06-09 16:31:33 - [TEST_STEP][PASSED] - delay: Delayed 1 second(s)

2018-06-09 16:31:34 - [MESSAGE][PASSED] - Delayed 1 second(s)

2018-06-09 16:31:34 - [TEST_STEP][PASSED] - selectOptionByIndex: All options with index in [1] are selected on object 'Object Repository/DispensaryToStore/Page_Dispensary Store/select_--Select--Schedule 1Inj'

2018-06-09 16:31:34 - [MESSAGE][PASSED] - All options with index in [1] are selected on object 'Object Repository/DispensaryToStore/Page_Dispensary Store/select_--Select--Schedule 1Inj'

2018-06-09 16:31:34 - [TEST_STEP][PASSED] - selectOptionByIndex: All options with index in [38] are selected on object 'Object Repository/DispensaryToStore/Page_Dispensary Store/select_--Select--Adernaline 0.'

2018-06-09 16:31:34 - [MESSAGE][PASSED] - All options with index in [38] are selected on object 'Object Repository/DispensaryToStore/Page_Dispensary Store/select_--Select--Adernaline 0.'

2018-06-09 16:31:34 - [TEST_STEP][PASSED] - setText: Text '10' is set on object 'Object Repository/DispensaryToStore/Page_Dispensary Store/input_txttreat'

2018-06-09 16:31:35 - [MESSAGE][PASSED] - Text '10' is set on object 'Object Repository/DispensaryToStore/Page_Dispensary Store/input_txttreat'

2018-06-09 16:31:35 - [TEST_STEP][PASSED] - doubleClick: Object: 'Object Repository/DispensaryToStore/Page_Dispensary Store/button_Add' is double clicked on

2018-06-09 16:31:35 - [MESSAGE][PASSED] - Object: 'Object Repository/DispensaryToStore/Page_Dispensary Store/button_Add' is double clicked on

2018-06-09 16:31:35 - [TEST_STEP][PASSED] - delay: Delayed 1 second(s)

2018-06-09 16:31:36 - [MESSAGE][PASSED] - Delayed 1 second(s)

2018-06-09 16:31:36 - [TEST_STEP][PASSED] - selectOptionByIndex: All options with index in [1] are selected on object 'Object Repository/DispensaryToStore/Page_Dispensary Store/select_--Select--Schedule 1Inj'

2018-06-09 16:31:36 - [MESSAGE][PASSED] - All options with index in [1] are selected on object 'Object Repository/DispensaryToStore/Page_Dispensary Store/select_--Select--Schedule 1Inj'

2018-06-09 16:31:36 - [TEST_STEP][PASSED] - selectOptionByIndex: All options with index in [39] are selected on object 'Object Repository/DispensaryToStore/Page_Dispensary Store/select_--Select--Adernaline 0.'

2018-06-09 16:31:36 - [MESSAGE][PASSED] - All options with index in [39] are selected on object 'Object Repository/DispensaryToStore/Page_Dispensary Store/select_--Select--Adernaline 0.'

2018-06-09 16:31:36 - [TEST_STEP][PASSED] - setText: Text '10' is set on object 'Object Repository/DispensaryToStore/Page_Dispensary Store/input_txttreat'

2018-06-09 16:31:36 - [MESSAGE][PASSED] - Text '10' is set on object 'Object Repository/DispensaryToStore/Page_Dispensary Store/input_txttreat'

2018-06-09 16:31:36 - [TEST_STEP][PASSED] - doubleClick: Object: 'Object Repository/DispensaryToStore/Page_Dispensary Store/button_Add' is double clicked on

2018-06-09 16:31:37 - [MESSAGE][PASSED] - Object: 'Object Repository/DispensaryToStore/Page_Dispensary Store/button_Add' is double clicked on

2018-06-09 16:31:37 - [TEST_STEP][PASSED] - delay: Delayed 1 second(s)

2018-06-09 16:31:38 - [MESSAGE][PASSED] - Delayed 1 second(s)

2018-06-09 16:31:38 - [TEST_STEP][PASSED] - selectOptionByIndex: All options with index in [1] are selected on object 'Object Repository/DispensaryToStore/Page_Dispensary Store/select_--Select--Schedule 1Inj'

2018-06-09 16:31:38 - [MESSAGE][PASSED] - All options with index in [1] are selected on object 'Object Repository/DispensaryToStore/Page_Dispensary Store/select_--Select--Schedule 1Inj'

2018-06-09 16:31:38 - [TEST_STEP][PASSED] - selectOptionByIndex: All options with index in [40] are selected on object 'Object Repository/DispensaryToStore/Page_Dispensary Store/select_--Select--Adernaline 0.'

2018-06-09 16:31:38 - [MESSAGE][PASSED] - All options with index in [40] are selected on object 'Object Repository/DispensaryToStore/Page_Dispensary Store/select_--Select--Adernaline 0.'

2018-06-09 16:31:38 - [TEST_STEP][PASSED] - setText: Text '10' is set on object 'Object Repository/DispensaryToStore/Page_Dispensary Store/input_txttreat'

2018-06-09 16:31:38 - [MESSAGE][PASSED] - Text '10' is set on object 'Object Repository/DispensaryToStore/Page_Dispensary Store/input_txttreat'

2018-06-09 16:31:38 - [TEST_STEP][PASSED] - doubleClick: Object: 'Object Repository/DispensaryToStore/Page_Dispensary Store/button_Add' is double clicked on

2018-06-09 16:31:39 - [MESSAGE][PASSED] - Object: 'Object Repository/DispensaryToStore/Page_Dispensary Store/button_Add' is double clicked on

2018-06-09 16:31:39 - [TEST_STEP][PASSED] - delay: Delayed 1 second(s)

2018-06-09 16:31:40 - [MESSAGE][PASSED] - Delayed 1 second(s)

2018-06-09 16:31:40 - [TEST_STEP][PASSED] - selectOptionByIndex: All options with index in [1] are selected on object 'Object Repository/DispensaryToStore/Page_Dispensary Store/select_--Select--Schedule 1Inj'

2018-06-09 16:31:40 - [MESSAGE][PASSED] - All options with index in [1] are selected on object 'Object Repository/DispensaryToStore/Page_Dispensary Store/select_--Select--Schedule 1Inj'

2018-06-09 16:31:40 - [TEST_STEP][PASSED] - selectOptionByIndex: All options with index in [41] are selected on object 'Object Repository/DispensaryToStore/Page_Dispensary Store/select_--Select--Adernaline 0.'

2018-06-09 16:31:40 - [MESSAGE][PASSED] - All options with index in [41] are selected on object 'Object Repository/DispensaryToStore/Page_Dispensary Store/select_--Select--Adernaline 0.'

2018-06-09 16:31:40 - [TEST_STEP][PASSED] - setText: Text '10' is set on object 'Object Repository/DispensaryToStore/Page_Dispensary Store/input_txttreat'

2018-06-09 16:31:40 - [MESSAGE][PASSED] - Text '10' is set on object 'Object Repository/DispensaryToStore/Page_Dispensary Store/input_txttreat'

2018-06-09 16:31:40 - [TEST_STEP][PASSED] - doubleClick: Object: 'Object Repository/DispensaryToStore/Page_Dispensary Store/button_Add' is double clicked on

2018-06-09 16:31:41 - [MESSAGE][PASSED] - Object: 'Object Repository/DispensaryToStore/Page_Dispensary Store/button_Add' is double clicked on

2018-06-09 16:31:41 - [TEST_STEP][PASSED] - delay: Delayed 1 second(s)

2018-06-09 16:31:42 - [MESSAGE][PASSED] - Delayed 1 second(s)

2018-06-09 16:31:42 - [TEST_STEP][PASSED] - selectOptionByIndex: All options with index in [1] are selected on object 'Object Repository/DispensaryToStore/Page_Dispensary Store/select_--Select--Schedule 1Inj'

2018-06-09 16:31:42 - [MESSAGE][PASSED] - All options with index in [1] are selected on object 'Object Repository/DispensaryToStore/Page_Dispensary Store/select_--Select--Schedule 1Inj'

2018-06-09 16:31:42 - [TEST_STEP][PASSED] - selectOptionByIndex: All options with index in [42] are selected on object 'Object Repository/DispensaryToStore/Page_Dispensary Store/select_--Select--Adernaline 0.'

2018-06-09 16:31:42 - [MESSAGE][PASSED] - All options with index in [42] are selected on object 'Object Repository/DispensaryToStore/Page_Dispensary Store/select_--Select--Adernaline 0.'

2018-06-09 16:31:42 - [TEST_STEP][PASSED] - setText: Text '10' is set on object 'Object Repository/DispensaryToStore/Page_Dispensary Store/input_txttreat'

2018-06-09 16:31:42 - [MESSAGE][PASSED] - Text '10' is set on object 'Object Repository/DispensaryToStore/Page_Dispensary Store/input_txttreat'

2018-06-09 16:31:42 - [TEST_STEP][PASSED] - doubleClick: Object: 'Object Repository/DispensaryToStore/Page_Dispensary Store/button_Add' is double clicked on

2018-06-09 16:31:42 - [MESSAGE][PASSED] - Object: 'Object Repository/DispensaryToStore/Page_Dispensary Store/button_Add' is double clicked on

2018-06-09 16:31:42 - [TEST_STEP][PASSED] - delay: Delayed 1 second(s)

2018-06-09 16:31:43 - [MESSAGE][PASSED] - Delayed 1 second(s)

2018-06-09 16:31:43 - [TEST_STEP][PASSED] - selectOptionByIndex: All options with index in [1] are selected on object 'Object Repository/DispensaryToStore/Page_Dispensary Store/select_--Select--Schedule 1Inj'

2018-06-09 16:31:44 - [MESSAGE][PASSED] - All options with index in [1] are selected on object 'Object Repository/DispensaryToStore/Page_Dispensary Store/select_--Select--Schedule 1Inj'

2018-06-09 16:31:44 - [TEST_STEP][PASSED] - selectOptionByIndex: All options with index in [43] are selected on object 'Object Repository/DispensaryToStore/Page_Dispensary Store/select_--Select--Adernaline 0.'

2018-06-09 16:31:44 - [MESSAGE][PASSED] - All options with index in [43] are selected on object 'Object Repository/DispensaryToStore/Page_Dispensary Store/select_--Select--Adernaline 0.'

2018-06-09 16:31:44 - [TEST_STEP][PASSED] - setText: Text '10' is set on object 'Object Repository/DispensaryToStore/Page_Dispensary Store/input_txttreat'

2018-06-09 16:31:44 - [MESSAGE][PASSED] - Text '10' is set on object 'Object Repository/DispensaryToStore/Page_Dispensary Store/input_txttreat'

2018-06-09 16:31:44 - [TEST_STEP][PASSED] - doubleClick: Object: 'Object Repository/DispensaryToStore/Page_Dispensary Store/button_Add' is double clicked on

2018-06-09 16:31:44 - [MESSAGE][PASSED] - Object: 'Object Repository/DispensaryToStore/Page_Dispensary Store/button_Add' is double clicked on

2018-06-09 16:31:44 - [TEST_STEP][PASSED] - delay: Delayed 1 second(s)

2018-06-09 16:31:45 - [MESSAGE][PASSED] - Delayed 1 second(s)

2018-06-09 16:31:45 - [TEST_STEP][PASSED] - selectOptionByIndex: All options with index in [1] are selected on object 'Object Repository/DispensaryToStore/Page_Dispensary Store/select_--Select--Schedule 1Inj'

2018-06-09 16:31:46 - [MESSAGE][PASSED] - All options with index in [1] are selected on object 'Object Repository/DispensaryToStore/Page_Dispensary Store/select_--Select--Schedule 1Inj'

2018-06-09 16:31:46 - [TEST_STEP][PASSED] - selectOptionByIndex: All options with index in [44] are selected on object 'Object Repository/DispensaryToStore/Page_Dispensary Store/select_--Select--Adernaline 0.'

2018-06-09 16:31:46 - [MESSAGE][PASSED] - All options with index in [44] are selected on object 'Object Repository/DispensaryToStore/Page_Dispensary Store/select_--Select--Adernaline 0.'

2018-06-09 16:31:46 - [TEST_STEP][PASSED] - setText: Text '10' is set on object 'Object Repository/DispensaryToStore/Page_Dispensary Store/input_txttreat'

2018-06-09 16:31:46 - [MESSAGE][PASSED] - Text '10' is set on object 'Object Repository/DispensaryToStore/Page_Dispensary Store/input_txttreat'

2018-06-09 16:31:46 - [TEST_STEP][PASSED] - doubleClick: Object: 'Object Repository/DispensaryToStore/Page_Dispensary Store/button_Add' is double clicked on

2018-06-09 16:31:46 - [MESSAGE][PASSED] - Object: 'Object Repository/DispensaryToStore/Page_Dispensary Store/button_Add' is double clicked on

2018-06-09 16:31:46 - [TEST_STEP][PASSED] - delay: Delayed 1 second(s)

2018-06-09 16:31:47 - [MESSAGE][PASSED] - Delayed 1 second(s)

2018-06-09 16:31:47 - [TEST_STEP][PASSED] - selectOptionByIndex: All options with index in [1] are selected on object 'Object Repository/DispensaryToStore/Page_Dispensary Store/select_--Select--Schedule 1Inj'

2018-06-09 16:31:48 - [MESSAGE][PASSED] - All options with index in [1] are selected on object 'Object Repository/DispensaryToStore/Page_Dispensary Store/select_--Select--Schedule 1Inj'

2018-06-09 16:31:48 - [TEST_STEP][PASSED] - selectOptionByIndex: All options with index in [45] are selected on object 'Object Repository/DispensaryToStore/Page_Dispensary Store/select_--Select--Adernaline 0.'

2018-06-09 16:31:48 - [MESSAGE][PASSED] - All options with index in [45] are selected on object 'Object Repository/DispensaryToStore/Page_Dispensary Store/select_--Select--Adernaline 0.'

2018-06-09 16:31:48 - [TEST_STEP][PASSED] - setText: Text '10' is set on object 'Object Repository/DispensaryToStore/Page_Dispensary Store/input_txttreat'

2018-06-09 16:31:48 - [MESSAGE][PASSED] - Text '10' is set on object 'Object Repository/DispensaryToStore/Page_Dispensary Store/input_txttreat'

2018-06-09 16:31:48 - [TEST_STEP][PASSED] - doubleClick: Object: 'Object Repository/DispensaryToStore/Page_Dispensary Store/button_Add' is double clicked on

2018-06-09 16:31:48 - [MESSAGE][PASSED] - Object: 'Object Repository/DispensaryToStore/Page_Dispensary Store/button_Add' is double clicked on

2018-06-09 16:31:48 - [TEST_STEP][PASSED] - delay: Delayed 1 second(s)

2018-06-09 16:31:49 - [MESSAGE][PASSED] - Delayed 1 second(s)

2018-06-09 16:31:49 - [TEST_STEP][PASSED] - selectOptionByIndex: All options with index in [1] are selected on object 'Object Repository/DispensaryToStore/Page_Dispensary Store/select_--Select--Schedule 1Inj'

2018-06-09 16:31:50 - [MESSAGE][PASSED] - All options with index in [1] are selected on object 'Object Repository/DispensaryToStore/Page_Dispensary Store/select_--Select--Schedule 1Inj'

2018-06-09 16:31:50 - [TEST_STEP][PASSED] - selectOptionByIndex: All options with index in [46] are selected on object 'Object Repository/DispensaryToStore/Page_Dispensary Store/select_--Select--Adernaline 0.'

2018-06-09 16:31:50 - [MESSAGE][PASSED] - All options with index in [46] are selected on object 'Object Repository/DispensaryToStore/Page_Dispensary Store/select_--Select--Adernaline 0.'

2018-06-09 16:31:50 - [TEST_STEP][PASSED] - setText: Text '10' is set on object 'Object Repository/DispensaryToStore/Page_Dispensary Store/input_txttreat'

2018-06-09 16:31:50 - [MESSAGE][PASSED] - Text '10' is set on object 'Object Repository/DispensaryToStore/Page_Dispensary Store/input_txttreat'

2018-06-09 16:31:50 - [TEST_STEP][PASSED] - doubleClick: Object: 'Object Repository/DispensaryToStore/Page_Dispensary Store/button_Add' is double clicked on

2018-06-09 16:31:50 - [MESSAGE][PASSED] - Object: 'Object Repository/DispensaryToStore/Page_Dispensary Store/button_Add' is double clicked on

2018-06-09 16:31:50 - [TEST_STEP][PASSED] - delay: Delayed 1 second(s)

2018-06-09 16:31:51 - [MESSAGE][PASSED] - Delayed 1 second(s)

2018-06-09 16:31:51 - [TEST_STEP][PASSED] - selectOptionByIndex: All options with index in [1] are selected on object 'Object Repository/DispensaryToStore/Page_Dispensary Store/select_--Select--Schedule 1Inj'

2018-06-09 16:31:51 - [MESSAGE][PASSED] - All options with index in [1] are selected on object 'Object Repository/DispensaryToStore/Page_Dispensary Store/select_--Select--Schedule 1Inj'

2018-06-09 16:31:52 - [TEST_STEP][PASSED] - selectOptionByIndex: All options with index in [47] are selected on object 'Object Repository/DispensaryToStore/Page_Dispensary Store/select_--Select--Adernaline 0.'

2018-06-09 16:31:52 - [MESSAGE][PASSED] - All options with index in [47] are selected on object 'Object Repository/DispensaryToStore/Page_Dispensary Store/select_--Select--Adernaline 0.'

2018-06-09 16:31:52 - [TEST_STEP][PASSED] - setText: Text '10' is set on object 'Object Repository/DispensaryToStore/Page_Dispensary Store/input_txttreat'

2018-06-09 16:31:52 - [MESSAGE][PASSED] - Text '10' is set on object 'Object Repository/DispensaryToStore/Page_Dispensary Store/input_txttreat'

2018-06-09 16:31:52 - [TEST_STEP][PASSED] - doubleClick: Object: 'Object Repository/DispensaryToStore/Page_Dispensary Store/button_Add' is double clicked on

2018-06-09 16:31:52 - [MESSAGE][PASSED] - Object: 'Object Repository/DispensaryToStore/Page_Dispensary Store/button_Add' is double clicked on

2018-06-09 16:31:52 - [TEST_STEP][PASSED] - delay: Delayed 1 second(s)

2018-06-09 16:31:53 - [MESSAGE][PASSED] - Delayed 1 second(s)

2018-06-09 16:31:53 - [TEST_STEP][PASSED] - selectOptionByIndex: All options with index in [1] are selected on object 'Object Repository/DispensaryToStore/Page_Dispensary Store/select_--Select--Schedule 1Inj'

2018-06-09 16:31:53 - [MESSAGE][PASSED] - All options with index in [1] are selected on object 'Object Repository/DispensaryToStore/Page_Dispensary Store/select_--Select--Schedule 1Inj'

2018-06-09 16:31:53 - [TEST_STEP][PASSED] - selectOptionByIndex: All options with index in [48] are selected on object 'Object Repository/DispensaryToStore/Page_Dispensary Store/select_--Select--Adernaline 0.'

2018-06-09 16:31:54 - [MESSAGE][PASSED] - All options with index in [48] are selected on object 'Object Repository/DispensaryToStore/Page_Dispensary Store/select_--Select--Adernaline 0.'

2018-06-09 16:31:54 - [TEST_STEP][PASSED] - setText: Text '10' is set on object 'Object Repository/DispensaryToStore/Page_Dispensary Store/input_txttreat'

2018-06-09 16:31:54 - [MESSAGE][PASSED] - Text '10' is set on object 'Object Repository/DispensaryToStore/Page_Dispensary Store/input_txttreat'

2018-06-09 16:31:54 - [TEST_STEP][PASSED] - doubleClick: Object: 'Object Repository/DispensaryToStore/Page_Dispensary Store/button_Add' is double clicked on

2018-06-09 16:31:54 - [MESSAGE][PASSED] - Object: 'Object Repository/DispensaryToStore/Page_Dispensary Store/button_Add' is double clicked on

2018-06-09 16:31:54 - [TEST_STEP][PASSED] - delay: Delayed 1 second(s)

2018-06-09 16:31:55 - [MESSAGE][PASSED] - Delayed 1 second(s)

2018-06-09 16:31:55 - [TEST_STEP][PASSED] - selectOptionByIndex: All options with index in [1] are selected on object 'Object Repository/DispensaryToStore/Page_Dispensary Store/select_--Select--Schedule 1Inj'

2018-06-09 16:31:56 - [MESSAGE][PASSED] - All options with index in [1] are selected on object 'Object Repository/DispensaryToStore/Page_Dispensary Store/select_--Select--Schedule 1Inj'

2018-06-09 16:31:56 - [TEST_STEP][PASSED] - selectOptionByIndex: All options with index in [49] are selected on object 'Object Repository/DispensaryToStore/Page_Dispensary Store/select_--Select--Adernaline 0.'

2018-06-09 16:31:56 - [MESSAGE][PASSED] - All options with index in [49] are selected on object 'Object Repository/DispensaryToStore/Page_Dispensary Store/select_--Select--Adernaline 0.'

2018-06-09 16:31:56 - [TEST_STEP][PASSED] - setText: Text '10' is set on object 'Object Repository/DispensaryToStore/Page_Dispensary Store/input_txttreat'

2018-06-09 16:31:56 - [MESSAGE][PASSED] - Text '10' is set on object 'Object Repository/DispensaryToStore/Page_Dispensary Store/input_txttreat'

2018-06-09 16:31:56 - [TEST_STEP][PASSED] - doubleClick: Object: 'Object Repository/DispensaryToStore/Page_Dispensary Store/button_Add' is double clicked on

2018-06-09 16:31:56 - [MESSAGE][PASSED] - Object: 'Object Repository/DispensaryToStore/Page_Dispensary Store/button_Add' is double clicked on

2018-06-09 16:31:56 - [TEST_STEP][PASSED] - delay: Delayed 1 second(s)

2018-06-09 16:31:57 - [MESSAGE][PASSED] - Delayed 1 second(s)

2018-06-09 16:31:57 - [TEST_STEP][PASSED] - selectOptionByIndex: All options with index in [1] are selected on object 'Object Repository/DispensaryToStore/Page_Dispensary Store/select_--Select--Schedule 1Inj'

2018-06-09 16:31:58 - [MESSAGE][PASSED] - All options with index in [1] are selected on object 'Object Repository/DispensaryToStore/Page_Dispensary Store/select_--Select--Schedule 1Inj'

2018-06-09 16:31:58 - [TEST_STEP][PASSED] - selectOptionByIndex: All options with index in [50] are selected on object 'Object Repository/DispensaryToStore/Page_Dispensary Store/select_--Select--Adernaline 0.'

2018-06-09 16:31:58 - [MESSAGE][PASSED] - All options with index in [50] are selected on object 'Object Repository/DispensaryToStore/Page_Dispensary Store/select_--Select--Adernaline 0.'

2018-06-09 16:31:58 - [TEST_STEP][PASSED] - setText: Text '10' is set on object 'Object Repository/DispensaryToStore/Page_Dispensary Store/input_txttreat'

2018-06-09 16:31:58 - [MESSAGE][PASSED] - Text '10' is set on object 'Object Repository/DispensaryToStore/Page_Dispensary Store/input_txttreat'

2018-06-09 16:31:58 - [TEST_STEP][PASSED] - doubleClick: Object: 'Object Repository/DispensaryToStore/Page_Dispensary Store/button_Add' is double clicked on

2018-06-09 16:31:58 - [MESSAGE][PASSED] - Object: 'Object Repository/DispensaryToStore/Page_Dispensary Store/button_Add' is double clicked on

2018-06-09 16:31:58 - [TEST_STEP][PASSED] - delay: Delayed 1 second(s)

2018-06-09 16:31:59 - [MESSAGE][PASSED] - Delayed 1 second(s)

2018-06-09 16:31:59 - [TEST_STEP][PASSED] - selectOptionByIndex: All options with index in [1] are selected on object 'Object Repository/DispensaryToStore/Page_Dispensary Store/select_--Select--Schedule 1Inj'

2018-06-09 16:32:00 - [MESSAGE][PASSED] - All options with index in [1] are selected on object 'Object Repository/DispensaryToStore/Page_Dispensary Store/select_--Select--Schedule 1Inj'

2018-06-09 16:32:00 - [TEST_STEP][PASSED] - selectOptionByIndex: All options with index in [51] are selected on object 'Object Repository/DispensaryToStore/Page_Dispensary Store/select_--Select--Adernaline 0.'

2018-06-09 16:32:00 - [MESSAGE][PASSED] - All options with index in [51] are selected on object 'Object Repository/DispensaryToStore/Page_Dispensary Store/select_--Select--Adernaline 0.'

2018-06-09 16:32:00 - [TEST_STEP][PASSED] - setText: Text '10' is set on object 'Object Repository/DispensaryToStore/Page_Dispensary Store/input_txttreat'

2018-06-09 16:32:00 - [MESSAGE][PASSED] - Text '10' is set on object 'Object Repository/DispensaryToStore/Page_Dispensary Store/input_txttreat'

2018-06-09 16:32:00 - [TEST_STEP][PASSED] - doubleClick: Object: 'Object Repository/DispensaryToStore/Page_Dispensary Store/button_Add' is double clicked on

2018-06-09 16:32:01 - [MESSAGE][PASSED] - Object: 'Object Repository/DispensaryToStore/Page_Dispensary Store/button_Add' is double clicked on

2018-06-09 16:32:01 - [TEST_STEP][PASSED] - delay: Delayed 1 second(s)

2018-06-09 16:32:02 - [MESSAGE][PASSED] - Delayed 1 second(s)

2018-06-09 16:32:02 - [TEST_STEP][PASSED] - selectOptionByIndex: All options with index in [1] are selected on object 'Object Repository/DispensaryToStore/Page_Dispensary Store/select_--Select--Schedule 1Inj'

2018-06-09 16:32:02 - [MESSAGE][PASSED] - All options with index in [1] are selected on object 'Object Repository/DispensaryToStore/Page_Dispensary Store/select_--Select--Schedule 1Inj'

2018-06-09 16:32:02 - [TEST_STEP][PASSED] - selectOptionByIndex: All options with index in [52] are selected on object 'Object Repository/DispensaryToStore/Page_Dispensary Store/select_--Select--Adernaline 0.'

2018-06-09 16:32:02 - [MESSAGE][PASSED] - All options with index in [52] are selected on object 'Object Repository/DispensaryToStore/Page_Dispensary Store/select_--Select--Adernaline 0.'

2018-06-09 16:32:02 - [TEST_STEP][PASSED] - setText: Text '10' is set on object 'Object Repository/DispensaryToStore/Page_Dispensary Store/input_txttreat'

2018-06-09 16:32:02 - [MESSAGE][PASSED] - Text '10' is set on object 'Object Repository/DispensaryToStore/Page_Dispensary Store/input_txttreat'

2018-06-09 16:32:02 - [TEST_STEP][PASSED] - doubleClick: Object: 'Object Repository/DispensaryToStore/Page_Dispensary Store/button_Add' is double clicked on

2018-06-09 16:32:03 - [MESSAGE][PASSED] - Object: 'Object Repository/DispensaryToStore/Page_Dispensary Store/button_Add' is double clicked on

2018-06-09 16:32:03 - [TEST_STEP][PASSED] - delay: Delayed 1 second(s)

2018-06-09 16:32:04 - [MESSAGE][PASSED] - Delayed 1 second(s)

2018-06-09 16:32:04 - [TEST_STEP][PASSED] - selectOptionByIndex: All options with index in [1] are selected on object 'Object Repository/DispensaryToStore/Page_Dispensary Store/select_--Select--Schedule 1Inj'

2018-06-09 16:32:04 - [MESSAGE][PASSED] - All options with index in [1] are selected on object 'Object Repository/DispensaryToStore/Page_Dispensary Store/select_--Select--Schedule 1Inj'

2018-06-09 16:32:04 - [TEST_STEP][PASSED] - selectOptionByIndex: All options with index in [53] are selected on object 'Object Repository/DispensaryToStore/Page_Dispensary Store/select_--Select--Adernaline 0.'

2018-06-09 16:32:04 - [MESSAGE][PASSED] - All options with index in [53] are selected on object 'Object Repository/DispensaryToStore/Page_Dispensary Store/select_--Select--Adernaline 0.'

2018-06-09 16:32:04 - [TEST_STEP][PASSED] - setText: Text '10' is set on object 'Object Repository/DispensaryToStore/Page_Dispensary Store/input_txttreat'

2018-06-09 16:32:05 - [MESSAGE][PASSED] - Text '10' is set on object 'Object Repository/DispensaryToStore/Page_Dispensary Store/input_txttreat'

2018-06-09 16:32:05 - [TEST_STEP][PASSED] - doubleClick: Object: 'Object Repository/DispensaryToStore/Page_Dispensary Store/button_Add' is double clicked on

2018-06-09 16:32:05 - [MESSAGE][PASSED] - Object: 'Object Repository/DispensaryToStore/Page_Dispensary Store/button_Add' is double clicked on

2018-06-09 16:32:05 - [TEST_STEP][PASSED] - delay: Delayed 1 second(s)

2018-06-09 16:32:06 - [MESSAGE][PASSED] - Delayed 1 second(s)

2018-06-09 16:32:06 - [TEST_STEP][PASSED] - selectOptionByIndex: All options with index in [1] are selected on object 'Object Repository/DispensaryToStore/Page_Dispensary Store/select_--Select--Schedule 1Inj'

2018-06-09 16:32:06 - [MESSAGE][PASSED] - All options with index in [1] are selected on object 'Object Repository/DispensaryToStore/Page_Dispensary Store/select_--Select--Schedule 1Inj'

2018-06-09 16:32:06 - [TEST_STEP][PASSED] - selectOptionByIndex: All options with index in [54] are selected on object 'Object Repository/DispensaryToStore/Page_Dispensary Store/select_--Select--Adernaline 0.'

2018-06-09 16:32:07 - [MESSAGE][PASSED] - All options with index in [54] are selected on object 'Object Repository/DispensaryToStore/Page_Dispensary Store/select_--Select--Adernaline 0.'

2018-06-09 16:32:07 - [TEST_STEP][PASSED] - setText: Text '10' is set on object 'Object Repository/DispensaryToStore/Page_Dispensary Store/input_txttreat'

2018-06-09 16:32:07 - [MESSAGE][PASSED] - Text '10' is set on object 'Object Repository/DispensaryToStore/Page_Dispensary Store/input_txttreat'

2018-06-09 16:32:07 - [TEST_STEP][PASSED] - doubleClick: Object: 'Object Repository/DispensaryToStore/Page_Dispensary Store/button_Add' is double clicked on

2018-06-09 16:32:07 - [MESSAGE][PASSED] - Object: 'Object Repository/DispensaryToStore/Page_Dispensary Store/button_Add' is double clicked on

2018-06-09 16:32:07 - [TEST_STEP][PASSED] - delay: Delayed 1 second(s)

2018-06-09 16:32:08 - [MESSAGE][PASSED] - Delayed 1 second(s)

2018-06-09 16:32:08 - [TEST_STEP][PASSED] - selectOptionByIndex: All options with index in [1] are selected on object 'Object Repository/DispensaryToStore/Page_Dispensary Store/select_--Select--Schedule 1Inj'

2018-06-09 16:32:08 - [MESSAGE][PASSED] - All options with index in [1] are selected on object 'Object Repository/DispensaryToStore/Page_Dispensary Store/select_--Select--Schedule 1Inj'

2018-06-09 16:32:08 - [TEST_STEP][PASSED] - selectOptionByIndex: All options with index in [55] are selected on object 'Object Repository/DispensaryToStore/Page_Dispensary Store/select_--Select--Adernaline 0.'

2018-06-09 16:32:09 - [MESSAGE][PASSED] - All options with index in [55] are selected on object 'Object Repository/DispensaryToStore/Page_Dispensary Store/select_--Select--Adernaline 0.'

2018-06-09 16:32:09 - [TEST_STEP][PASSED] - setText: Text '10' is set on object 'Object Repository/DispensaryToStore/Page_Dispensary Store/input_txttreat'

2018-06-09 16:32:09 - [MESSAGE][PASSED] - Text '10' is set on object 'Object Repository/DispensaryToStore/Page_Dispensary Store/input_txttreat'

2018-06-09 16:32:09 - [TEST_STEP][PASSED] - doubleClick: Object: 'Object Repository/DispensaryToStore/Page_Dispensary Store/button_Add' is double clicked on

2018-06-09 16:32:09 - [MESSAGE][PASSED] - Object: 'Object Repository/DispensaryToStore/Page_Dispensary Store/button_Add' is double clicked on

2018-06-09 16:32:09 - [TEST_STEP][PASSED] - delay: Delayed 1 second(s)

2018-06-09 16:32:10 - [MESSAGE][PASSED] - Delayed 1 second(s)

2018-06-09 16:32:10 - [TEST_STEP][PASSED] - selectOptionByIndex: All options with index in [1] are selected on object 'Object Repository/DispensaryToStore/Page_Dispensary Store/select_--Select--Schedule 1Inj'

2018-06-09 16:32:10 - [MESSAGE][PASSED] - All options with index in [1] are selected on object 'Object Repository/DispensaryToStore/Page_Dispensary Store/select_--Select--Schedule 1Inj'

2018-06-09 16:32:10 - [TEST_STEP][PASSED] - selectOptionByIndex: All options with index in [56] are selected on object 'Object Repository/DispensaryToStore/Page_Dispensary Store/select_--Select--Adernaline 0.'

2018-06-09 16:32:11 - [MESSAGE][PASSED] - All options with index in [56] are selected on object 'Object Repository/DispensaryToStore/Page_Dispensary Store/select_--Select--Adernaline 0.'

2018-06-09 16:32:11 - [TEST_STEP][PASSED] - setText: Text '10' is set on object 'Object Repository/DispensaryToStore/Page_Dispensary Store/input_txttreat'

2018-06-09 16:32:11 - [MESSAGE][PASSED] - Text '10' is set on object 'Object Repository/DispensaryToStore/Page_Dispensary Store/input_txttreat'

2018-06-09 16:32:11 - [TEST_STEP][PASSED] - doubleClick: Object: 'Object Repository/DispensaryToStore/Page_Dispensary Store/button_Add' is double clicked on

2018-06-09 16:32:11 - [MESSAGE][PASSED] - Object: 'Object Repository/DispensaryToStore/Page_Dispensary Store/button_Add' is double clicked on

2018-06-09 16:32:11 - [TEST_STEP][PASSED] - delay: Delayed 1 second(s)

2018-06-09 16:32:12 - [MESSAGE][PASSED] - Delayed 1 second(s)

2018-06-09 16:32:12 - [TEST_STEP][PASSED] - selectOptionByIndex: All options with index in [1] are selected on object 'Object Repository/DispensaryToStore/Page_Dispensary Store/select_--Select--Schedule 1Inj'

2018-06-09 16:32:12 - [MESSAGE][PASSED] - All options with index in [1] are selected on object 'Object Repository/DispensaryToStore/Page_Dispensary Store/select_--Select--Schedule 1Inj'

2018-06-09 16:32:12 - [TEST_STEP][PASSED] - selectOptionByIndex: All options with index in [57] are selected on object 'Object Repository/DispensaryToStore/Page_Dispensary Store/select_--Select--Adernaline 0.'

2018-06-09 16:32:13 - [MESSAGE][PASSED] - All options with index in [57] are selected on object 'Object Repository/DispensaryToStore/Page_Dispensary Store/select_--Select--Adernaline 0.'

2018-06-09 16:32:13 - [TEST_STEP][PASSED] - setText: Text '10' is set on object 'Object Repository/DispensaryToStore/Page_Dispensary Store/input_txttreat'

2018-06-09 16:32:13 - [MESSAGE][PASSED] - Text '10' is set on object 'Object Repository/DispensaryToStore/Page_Dispensary Store/input_txttreat'

2018-06-09 16:32:13 - [TEST_STEP][PASSED] - doubleClick: Object: 'Object Repository/DispensaryToStore/Page_Dispensary Store/button_Add' is double clicked on

2018-06-09 16:32:13 - [MESSAGE][PASSED] - Object: 'Object Repository/DispensaryToStore/Page_Dispensary Store/button_Add' is double clicked on

2018-06-09 16:32:13 - [TEST_STEP][PASSED] - delay: Delayed 1 second(s)

2018-06-09 16:32:14 - [MESSAGE][PASSED] - Delayed 1 second(s)

2018-06-09 16:32:14 - [TEST_STEP][PASSED] - selectOptionByIndex: All options with index in [1] are selected on object 'Object Repository/DispensaryToStore/Page_Dispensary Store/select_--Select--Schedule 1Inj'

2018-06-09 16:32:14 - [MESSAGE][PASSED] - All options with index in [1] are selected on object 'Object Repository/DispensaryToStore/Page_Dispensary Store/select_--Select--Schedule 1Inj'

2018-06-09 16:32:14 - [TEST_STEP][PASSED] - selectOptionByIndex: All options with index in [58] are selected on object 'Object Repository/DispensaryToStore/Page_Dispensary Store/select_--Select--Adernaline 0.'

2018-06-09 16:32:15 - [MESSAGE][PASSED] - All options with index in [58] are selected on object 'Object Repository/DispensaryToStore/Page_Dispensary Store/select_--Select--Adernaline 0.'

2018-06-09 16:32:15 - [TEST_STEP][PASSED] - setText: Text '10' is set on object 'Object Repository/DispensaryToStore/Page_Dispensary Store/input_txttreat'

2018-06-09 16:32:15 - [MESSAGE][PASSED] - Text '10' is set on object 'Object Repository/DispensaryToStore/Page_Dispensary Store/input_txttreat'

2018-06-09 16:32:15 - [TEST_STEP][PASSED] - doubleClick: Object: 'Object Repository/DispensaryToStore/Page_Dispensary Store/button_Add' is double clicked on

2018-06-09 16:32:15 - [MESSAGE][PASSED] - Object: 'Object Repository/DispensaryToStore/Page_Dispensary Store/button_Add' is double clicked on

2018-06-09 16:32:15 - [TEST_STEP][PASSED] - delay: Delayed 1 second(s)

2018-06-09 16:32:16 - [MESSAGE][PASSED] - Delayed 1 second(s)

2018-06-09 16:32:16 - [TEST_STEP][PASSED] - selectOptionByIndex: All options with index in [1] are selected on object 'Object Repository/DispensaryToStore/Page_Dispensary Store/select_--Select--Schedule 1Inj'

2018-06-09 16:32:16 - [MESSAGE][PASSED] - All options with index in [1] are selected on object 'Object Repository/DispensaryToStore/Page_Dispensary Store/select_--Select--Schedule 1Inj'

2018-06-09 16:32:16 - [TEST_STEP][PASSED] - selectOptionByIndex: All options with index in [59] are selected on object 'Object Repository/DispensaryToStore/Page_Dispensary Store/select_--Select--Adernaline 0.'

2018-06-09 16:32:17 - [MESSAGE][PASSED] - All options with index in [59] are selected on object 'Object Repository/DispensaryToStore/Page_Dispensary Store/select_--Select--Adernaline 0.'

2018-06-09 16:32:17 - [TEST_STEP][PASSED] - setText: Text '10' is set on object 'Object Repository/DispensaryToStore/Page_Dispensary Store/input_txttreat'

2018-06-09 16:32:17 - [MESSAGE][PASSED] - Text '10' is set on object 'Object Repository/DispensaryToStore/Page_Dispensary Store/input_txttreat'

2018-06-09 16:32:17 - [TEST_STEP][PASSED] - doubleClick: Object: 'Object Repository/DispensaryToStore/Page_Dispensary Store/button_Add' is double clicked on

2018-06-09 16:32:17 - [MESSAGE][PASSED] - Object: 'Object Repository/DispensaryToStore/Page_Dispensary Store/button_Add' is double clicked on

2018-06-09 16:32:17 - [TEST_STEP][PASSED] - delay: Delayed 1 second(s)

2018-06-09 16:32:18 - [MESSAGE][PASSED] - Delayed 1 second(s)

2018-06-09 16:32:18 - [TEST_STEP][PASSED] - selectOptionByIndex: All options with index in [1] are selected on object 'Object Repository/DispensaryToStore/Page_Dispensary Store/select_--Select--Schedule 1Inj'

2018-06-09 16:32:18 - [MESSAGE][PASSED] - All options with index in [1] are selected on object 'Object Repository/DispensaryToStore/Page_Dispensary Store/select_--Select--Schedule 1Inj'

2018-06-09 16:32:18 - [TEST_STEP][PASSED] - selectOptionByIndex: All options with index in [60] are selected on object 'Object Repository/DispensaryToStore/Page_Dispensary Store/select_--Select--Adernaline 0.'

2018-06-09 16:32:19 - [MESSAGE][PASSED] - All options with index in [60] are selected on object 'Object Repository/DispensaryToStore/Page_Dispensary Store/select_--Select--Adernaline 0.'

2018-06-09 16:32:19 - [TEST_STEP][PASSED] - setText: Text '10' is set on object 'Object Repository/DispensaryToStore/Page_Dispensary Store/input_txttreat'

2018-06-09 16:32:19 - [MESSAGE][PASSED] - Text '10' is set on object 'Object Repository/DispensaryToStore/Page_Dispensary Store/input_txttreat'

2018-06-09 16:32:19 - [TEST_STEP][PASSED] - doubleClick: Object: 'Object Repository/DispensaryToStore/Page_Dispensary Store/button_Add' is double clicked on

2018-06-09 16:32:19 - [MESSAGE][PASSED] - Object: 'Object Repository/DispensaryToStore/Page_Dispensary Store/button_Add' is double clicked on

2018-06-09 16:32:19 - [TEST_STEP][PASSED] - delay: Delayed 1 second(s)

2018-06-09 16:32:20 - [MESSAGE][PASSED] - Delayed 1 second(s)

2018-06-09 16:32:20 - [TEST_STEP][PASSED] - selectOptionByIndex: All options with index in [1] are selected on object 'Object Repository/DispensaryToStore/Page_Dispensary Store/select_--Select--Schedule 1Inj'

2018-06-09 16:32:21 - [MESSAGE][PASSED] - All options with index in [1] are selected on object 'Object Repository/DispensaryToStore/Page_Dispensary Store/select_--Select--Schedule 1Inj'

2018-06-09 16:32:21 - [TEST_STEP][PASSED] - selectOptionByIndex: All options with index in [61] are selected on object 'Object Repository/DispensaryToStore/Page_Dispensary Store/select_--Select--Adernaline 0.'

2018-06-09 16:32:21 - [MESSAGE][PASSED] - All options with index in [61] are selected on object 'Object Repository/DispensaryToStore/Page_Dispensary Store/select_--Select--Adernaline 0.'

2018-06-09 16:32:21 - [TEST_STEP][PASSED] - setText: Text '10' is set on object 'Object Repository/DispensaryToStore/Page_Dispensary Store/input_txttreat'

2018-06-09 16:32:21 - [MESSAGE][PASSED] - Text '10' is set on object 'Object Repository/DispensaryToStore/Page_Dispensary Store/input_txttreat'

2018-06-09 16:32:21 - [TEST_STEP][PASSED] - doubleClick: Object: 'Object Repository/DispensaryToStore/Page_Dispensary Store/button_Add' is double clicked on

2018-06-09 16:32:22 - [MESSAGE][PASSED] - Object: 'Object Repository/DispensaryToStore/Page_Dispensary Store/button_Add' is double clicked on

2018-06-09 16:32:22 - [TEST_STEP][PASSED] - delay: Delayed 1 second(s)

2018-06-09 16:32:23 - [MESSAGE][PASSED] - Delayed 1 second(s)

2018-06-09 16:32:23 - [TEST_STEP][PASSED] - selectOptionByIndex: All options with index in [1] are selected on object 'Object Repository/DispensaryToStore/Page_Dispensary Store/select_--Select--Schedule 1Inj'

2018-06-09 16:32:23 - [MESSAGE][PASSED] - All options with index in [1] are selected on object 'Object Repository/DispensaryToStore/Page_Dispensary Store/select_--Select--Schedule 1Inj'

2018-06-09 16:32:23 - [TEST_STEP][PASSED] - selectOptionByIndex: All options with index in [62] are selected on object 'Object Repository/DispensaryToStore/Page_Dispensary Store/select_--Select--Adernaline 0.'

2018-06-09 16:32:23 - [MESSAGE][PASSED] - All options with index in [62] are selected on object 'Object Repository/DispensaryToStore/Page_Dispensary Store/select_--Select--Adernaline 0.'

2018-06-09 16:32:23 - [TEST_STEP][PASSED] - setText: Text '10' is set on object 'Object Repository/DispensaryToStore/Page_Dispensary Store/input_txttreat'

2018-06-09 16:32:24 - [MESSAGE][PASSED] - Text '10' is set on object 'Object Repository/DispensaryToStore/Page_Dispensary Store/input_txttreat'

2018-06-09 16:32:24 - [TEST_STEP][PASSED] - doubleClick: Object: 'Object Repository/DispensaryToStore/Page_Dispensary Store/button_Add' is double clicked on

2018-06-09 16:32:24 - [MESSAGE][PASSED] - Object: 'Object Repository/DispensaryToStore/Page_Dispensary Store/button_Add' is double clicked on

2018-06-09 16:32:24 - [TEST_STEP][PASSED] - delay: Delayed 1 second(s)

2018-06-09 16:32:25 - [MESSAGE][PASSED] - Delayed 1 second(s)

2018-06-09 16:32:25 - [TEST_STEP][PASSED] - scrollToElement: Scroll to object 'Object Repository/DispensaryToStore/Page_Dispensary Store/input_btnsave' successfully

2018-06-09 16:32:25 - [MESSAGE][PASSED] - Scroll to object 'Object Repository/DispensaryToStore/Page_Dispensary Store/input_btnsave' successfully

2018-06-09 16:32:25 - [TEST_STEP][PASSED] - click: Object: 'Object Repository/DispensaryToStore/Page_Dispensary Store/input_btnsave' is clicked on

2018-06-09 16:32:25 - [MESSAGE][PASSED] - Object: 'Object Repository/DispensaryToStore/Page_Dispensary Store/input_btnsave' is clicked on

2018-06-09 16:32:25 - [TEST_STEP][PASSED] - delay: Delayed 3 second(s)

2018-06-09 16:32:28 - [MESSAGE][PASSED] - Delayed 3 second(s)

2018-06-09 16:32:28 - [TEST_STEP][PASSED] - Statement - RN1 = com.kms.katalon.core.webui.keyword.WebUiBuiltInKeywords.getText(com.kms.katalon.core.testobject.ObjectRepository.findTestObject(DispensaryToStore/Page_Dispensary Store/font_HPRNO180520187)): Text of object 'Object Repository/DispensaryToStore/Page_Dispensary Store/font_HPRNO180520187' is: 'DPRNO/09062018/208'

2018-06-09 16:32:28 - [MESSAGE][PASSED] - Text of object 'Object Repository/DispensaryToStore/Page_Dispensary Store/font_HPRNO180520187' is: 'DPRNO/09062018/208'

2018-06-09 16:32:28 - [TEST_STEP][PASSED] - Statement - out.println(RN1): null

2018-06-09 16:32:28 - [TEST_STEP][PASSED] - Statement - RID = RN1.split("/")[2]: null

2018-06-09 16:32:28 - [TEST_STEP][PASSED] - click: Object: 'Object Repository/DispensaryToStore/Page_Dispensary Store/button_OK' is clicked on

2018-06-09 16:32:29 - [MESSAGE][PASSED] - Object: 'Object Repository/DispensaryToStore/Page_Dispensary Store/button_OK' is clicked on

2018-06-09 16:32:29 - [TEST_STEP][PASSED] - delay: Delayed 3 second(s)

2018-06-09 16:32:32 - [MESSAGE][PASSED] - Delayed 3 second(s)

2018-06-09 16:32:32 - [TEST_STEP][PASSED] - waitForElementPresent: Object 'Object Repository/DispensaryToStore/Page_Dispensary Store/a_dropdown-toggle' is present

2018-06-09 16:32:32 - [MESSAGE][PASSED] - Object 'Object Repository/DispensaryToStore/Page_Dispensary Store/a_dropdown-toggle' is present

2018-06-09 16:32:32 - [TEST_STEP][PASSED] - click: Object: 'Object Repository/DispensaryToStore/Page_Dispensary Store/a_dropdown-toggle' is clicked on

2018-06-09 16:32:32 - [MESSAGE][PASSED] - Object: 'Object Repository/DispensaryToStore/Page_Dispensary Store/a_dropdown-toggle' is clicked on

2018-06-09 16:32:32 - [TEST_STEP][PASSED] - click: Object: 'Object Repository/DispensaryToStore/Page_Dispensary Store/a_Sign out' is clicked on

2018-06-09 16:32:32 - [MESSAGE][PASSED] - Object: 'Object Repository/DispensaryToStore/Page_Dispensary Store/a_Sign out' is clicked on

2018-06-09 16:32:32 - [TEST_STEP][PASSED] - delay: Delayed 3 second(s)

2018-06-09 16:32:35 - [MESSAGE][PASSED] - Delayed 3 second(s)

2018-06-09 16:32:35 - [TEST_STEP][PASSED] - navigateToUrl: Navigate to 'http://192.168.137.1/multihospital_new/' successfully

2018-06-09 16:32:36 - [MESSAGE][PASSED] - Navigate to 'http://192.168.137.1/multihospital_new/' successfully

2018-06-09 16:32:36 - [TEST_STEP][PASSED] - click: Object: 'Object Repository/DispensaryToStore/Page_KDMC/a_CMO' is clicked on

2018-06-09 16:32:37 - [MESSAGE][PASSED] - Object: 'Object Repository/DispensaryToStore/Page_KDMC/a_CMO' is clicked on

2018-06-09 16:32:37 - [TEST_STEP][PASSED] - setText: Text 'guru' is set on object 'Object Repository/DispensaryToStore/Page_CMO login/input_txtusername'

2018-06-09 16:32:37 - [MESSAGE][PASSED] - Text 'guru' is set on object 'Object Repository/DispensaryToStore/Page_CMO login/input_txtusername'

2018-06-09 16:32:37 - [TEST_STEP][PASSED] - setText: Text '123' is set on object 'Object Repository/DispensaryToStore/Page_CMO login/input_txtpassword'

2018-06-09 16:32:37 - [MESSAGE][PASSED] - Text '123' is set on object 'Object Repository/DispensaryToStore/Page_CMO login/input_txtpassword'

2018-06-09 16:32:37 - [TEST_STEP][PASSED] - delay: Delayed 3 second(s)

2018-06-09 16:32:40 - [MESSAGE][PASSED] - Delayed 3 second(s)

2018-06-09 16:32:40 - [TEST_STEP][PASSED] - click: Object: 'Object Repository/DispensaryToStore/Page_CMO login/button_Sign in' is clicked on

2018-06-09 16:32:41 - [MESSAGE][PASSED] - Object: 'Object Repository/DispensaryToStore/Page_CMO login/button_Sign in' is clicked on

2018-06-09 16:32:41 - [TEST_STEP][PASSED] - click: Object: 'Object Repository/DispensaryToStore/Page_KDMC - CMO/a_Department Wise Request' is clicked on

2018-06-09 16:32:43 - [MESSAGE][PASSED] - Object: 'Object Repository/DispensaryToStore/Page_KDMC - CMO/a_Department Wise Request' is clicked on

2018-06-09 16:32:43 - [TEST_STEP][PASSED] - delay: Delayed 2 second(s)

2018-06-09 16:32:45 - [MESSAGE][PASSED] - Delayed 2 second(s)

2018-06-09 16:32:45 - [TEST_STEP][PASSED] - selectOptionByIndex: All options with index in [6] are selected on object 'Object Repository/DispensaryToStore/Page_KDMC - CMO/select_--ALL--'

2018-06-09 16:32:45 - [MESSAGE][PASSED] - All options with index in [6] are selected on object 'Object Repository/DispensaryToStore/Page_KDMC - CMO/select_--ALL--'

2018-06-09 16:32:45 - [TEST_STEP][PASSED] - click: Object: 'Object Repository/DispensaryToStore/Page_KDMC - CMO/input_btnsearch' is clicked on

2018-06-09 16:32:45 - [MESSAGE][PASSED] - Object: 'Object Repository/DispensaryToStore/Page_KDMC - CMO/input_btnsearch' is clicked on

2018-06-09 16:32:45 - [TEST_STEP][PASSED] - selectOptionByIndex: All options with index in [1] are selected on object 'Object Repository/DispensaryToStore/Page_KDMC - CMO/select_--ALL--                _1'

2018-06-09 16:32:46 - [MESSAGE][PASSED] - All options with index in [1] are selected on object 'Object Repository/DispensaryToStore/Page_KDMC - CMO/select_--ALL--                _1'

2018-06-09 16:32:46 - [TEST_STEP][PASSED] - click: Object: 'Object Repository/DispensaryToStore/Page_KDMC - CMO/input_btnsearch' is clicked on

2018-06-09 16:32:46 - [MESSAGE][PASSED] - Object: 'Object Repository/DispensaryToStore/Page_KDMC - CMO/input_btnsearch' is clicked on

2018-06-09 16:32:46 - [TEST_STEP][PASSED] - Statement - ID = com.kms.katalon.core.webui.keyword.WebUiBuiltInKeywords.modifyObjectProperty(com.kms.katalon.core.testobject.ObjectRepository.findTestObject(lab/Page_KDMC - CMO/input_1), "xpath", "equals", "//*[@id=" + RID + "]", true): Modify property of object successfully

2018-06-09 16:32:46 - [MESSAGE][PASSED] - Modify property of object successfully

2018-06-09 16:32:46 - [TEST_STEP][PASSED] - click: Object: 'Object Repository/lab/Page_KDMC - CMO/input_1' is clicked on

2018-06-09 16:32:46 - [MESSAGE][PASSED] - Object: 'Object Repository/lab/Page_KDMC - CMO/input_1' is clicked on

2018-06-09 16:32:46 - [TEST_STEP][PASSED] - delay: Delayed 2 second(s)

2018-06-09 16:32:48 - [MESSAGE][PASSED] - Delayed 2 second(s)

2018-06-09 16:32:48 - [TEST_STEP][PASSED] - selectOptionByIndex: All options with index in [1] are selected on object 'Object Repository/DispensaryToStore/Page_KDMC - CMO/select_--Select--'

2018-06-09 16:32:48 - [MESSAGE][PASSED] - All options with index in [1] are selected on object 'Object Repository/DispensaryToStore/Page_KDMC - CMO/select_--Select--'

2018-06-09 16:32:48 - [TEST_STEP][PASSED] - click: Object: 'Object Repository/DispensaryToStore/Page_KDMC - CMO/input_btnupdate' is clicked on

2018-06-09 16:32:49 - [MESSAGE][PASSED] - Object: 'Object Repository/DispensaryToStore/Page_KDMC - CMO/input_btnupdate' is clicked on

2018-06-09 16:32:49 - [TEST_STEP][PASSED] - delay: Delayed 2 second(s)

2018-06-09 16:32:51 - [MESSAGE][PASSED] - Delayed 2 second(s)

2018-06-09 16:32:51 - [TEST_STEP][PASSED] - click: Object: 'Object Repository/DispensaryToStore/Page_KDMC - CMO/button_OK' is clicked on

2018-06-09 16:32:51 - [MESSAGE][PASSED] - Object: 'Object Repository/DispensaryToStore/Page_KDMC - CMO/button_OK' is clicked on

2018-06-09 16:32:51 - [TEST_STEP][PASSED] - delay: Delayed 2 second(s)

2018-06-09 16:32:53 - [MESSAGE][PASSED] - Delayed 2 second(s)

2018-06-09 16:32:53 - [TEST_STEP][PASSED] - waitForElementPresent: Object 'Object Repository/DispensaryToStore/Page_Dispensary Store/a_dropdown-toggle' is not present after 20 second(s)

2018-06-09 16:33:14 - [MESSAGE][WARNING] - Object 'Object Repository/DispensaryToStore/Page_Dispensary Store/a_dropdown-toggle' is not present after 20 second(s)

2018-06-09 16:33:14 - [TEST_STEP][PASSED] - click: Object: 'Object Repository/DispensaryToStore/Page_KDMC - CMO/a_dropdown-toggle' is clicked on

2018-06-09 16:33:14 - [MESSAGE][PASSED] - Object: 'Object Repository/DispensaryToStore/Page_KDMC - CMO/a_dropdown-toggle' is clicked on

2018-06-09 16:33:14 - [TEST_STEP][PASSED] - click: Object: 'Object Repository/DispensaryToStore/Page_KDMC - CMO/a_Sign out' is clicked on

2018-06-09 16:33:14 - [MESSAGE][PASSED] - Object: 'Object Repository/DispensaryToStore/Page_KDMC - CMO/a_Sign out' is clicked on

2018-06-09 16:33:14 - [TEST_STEP][PASSED] - delay: Delayed 3 second(s)

2018-06-09 16:33:17 - [MESSAGE][PASSED] - Delayed 3 second(s)

2018-06-09 16:33:17 - [TEST_STEP][PASSED] - click: Object: 'Object Repository/DispensaryToStore/Page_KDMC/a_Divisional Store' is clicked on

2018-06-09 16:33:19 - [MESSAGE][PASSED] - Object: 'Object Repository/DispensaryToStore/Page_KDMC/a_Divisional Store' is clicked on

2018-06-09 16:33:19 - [TEST_STEP][PASSED] - setText: Text 'ragu' is set on object 'Object Repository/DispensaryToStore/Page_Divisonal Store Login/input_txtusername'

2018-06-09 16:33:19 - [MESSAGE][PASSED] - Text 'ragu' is set on object 'Object Repository/DispensaryToStore/Page_Divisonal Store Login/input_txtusername'

2018-06-09 16:33:19 - [TEST_STEP][PASSED] - setText: Text '123' is set on object 'Object Repository/DispensaryToStore/Page_Divisonal Store Login/input_txtpassword'

2018-06-09 16:33:19 - [MESSAGE][PASSED] - Text '123' is set on object 'Object Repository/DispensaryToStore/Page_Divisonal Store Login/input_txtpassword'

2018-06-09 16:33:19 - [TEST_STEP][PASSED] - delay: Delayed 3 second(s)

2018-06-09 16:33:22 - [MESSAGE][PASSED] - Delayed 3 second(s)

2018-06-09 16:33:22 - [TEST_STEP][PASSED] - click: Object: 'Object Repository/DispensaryToStore/Page_Divisonal Store Login/button_Sign in' is clicked on

2018-06-09 16:33:24 - [MESSAGE][PASSED] - Object: 'Object Repository/DispensaryToStore/Page_Divisonal Store Login/button_Sign in' is clicked on

2018-06-09 16:33:24 - [TEST_STEP][PASSED] - delay: Delayed 3 second(s)

2018-06-09 16:33:27 - [MESSAGE][PASSED] - Delayed 3 second(s)

2018-06-09 16:33:27 - [TEST_STEP][PASSED] - scrollToPosition: Browser is scrolled to position x = 100, y = 100

2018-06-09 16:33:27 - [MESSAGE][PASSED] - Browser is scrolled to position x = 100, y = 100

2018-06-09 16:33:27 - [TEST_STEP][PASSED] - click: Object: 'Object Repository/DispensaryToStore/Page_Store/a_Dispensary Request' is clicked on

2018-06-09 16:33:27 - [MESSAGE][PASSED] - Object: 'Object Repository/DispensaryToStore/Page_Store/a_Dispensary Request' is clicked on

2018-06-09 16:33:27 - [TEST_STEP][PASSED] - delay: Delayed 2 second(s)

2018-06-09 16:33:29 - [MESSAGE][PASSED] - Delayed 2 second(s)

2018-06-09 16:33:29 - [TEST_STEP][PASSED] - click: Object: 'Object Repository/DispensaryToStore/Page_Store/a_Request Item Dispensary' is clicked on

2018-06-09 16:33:30 - [MESSAGE][PASSED] - Object: 'Object Repository/DispensaryToStore/Page_Store/a_Request Item Dispensary' is clicked on

2018-06-09 16:33:30 - [TEST_STEP][PASSED] - Statement - ChooseRequest = com.kms.katalon.core.webui.keyword.WebUiBuiltInKeywords.modifyObjectProperty(com.kms.katalon.core.testobject.ObjectRepository.findTestObject(lab/Page_Store/input_1), "xpath", "equals", "//*[@id=" + RID + "]", true): Modify property of object successfully

2018-06-09 16:33:30 - [MESSAGE][PASSED] - Modify property of object successfully

2018-06-09 16:33:30 - [TEST_STEP][PASSED] - click: Object: 'Object Repository/lab/Page_Store/input_1' is clicked on

2018-06-09 16:33:31 - [MESSAGE][PASSED] - Object: 'Object Repository/lab/Page_Store/input_1' is clicked on

2018-06-09 16:33:31 - [TEST_STEP][PASSED] - Statement - selectedoptions = com.kms.katalon.core.webui.keyword.WebUiBuiltInKeywords.getNumberOfTotalOption(com.kms.katalon.core.testobject.ObjectRepository.findTestObject(DispensaryToStore/Page_Store/select_--Select--Adernaline 0.)): 63 options of object 'Object Repository/DispensaryToStore/Page_Store/select_--Select--Adernaline 0.' counted

2018-06-09 16:33:31 - [MESSAGE][PASSED] - 63 options of object 'Object Repository/DispensaryToStore/Page_Store/select_--Select--Adernaline 0.' counted

2018-06-09 16:33:31 - [TEST_STEP][PASSED] - Statement - For ([a = 1, a <= selectedoptions - 1, (a++)]): null

2018-06-09 16:33:31 - [TEST_STEP][PASSED] - selectOptionByIndex: All options with index in [1] are selected on object 'Object Repository/DispensaryToStore/Page_Store/select_--Select--Adernaline 0.'

2018-06-09 16:33:31 - [MESSAGE][PASSED] - All options with index in [1] are selected on object 'Object Repository/DispensaryToStore/Page_Store/select_--Select--Adernaline 0.'

2018-06-09 16:33:31 - [TEST_STEP][PASSED] - delay: Delayed 2 second(s)

2018-06-09 16:33:33 - [MESSAGE][PASSED] - Delayed 2 second(s)

2018-06-09 16:33:33 - [TEST_STEP][PASSED] - Statement - RequestedQty = com.kms.katalon.core.webui.keyword.WebUiBuiltInKeywords.getAttribute(com.kms.katalon.core.testobject.ObjectRepository.findTestObject(DispensaryToStore/Page_Store/input_txttotal), "value"): Attribute 'value' of object 'Object Repository/DispensaryToStore/Page_Store/input_txttotal' is: '10'

2018-06-09 16:33:34 - [MESSAGE][PASSED] - Attribute 'value' of object 'Object Repository/DispensaryToStore/Page_Store/input_txttotal' is: '10'

2018-06-09 16:33:34 - [TEST_STEP][PASSED] - Statement - out.println("Requested QTY : " + RequestedQty): null

2018-06-09 16:33:34 - [TEST_STEP][PASSED] - Statement - BatchNumber = com.kms.katalon.core.webui.keyword.WebUiBuiltInKeywords.getNumberOfTotalOption(com.kms.katalon.core.testobject.ObjectRepository.findTestObject(DispensaryToStore/Page_Store/select_--Select--BA1170BA2376B)): 5 options of object 'Object Repository/DispensaryToStore/Page_Store/select_--Select--BA1170BA2376B' counted

2018-06-09 16:33:34 - [MESSAGE][PASSED] - 5 options of object 'Object Repository/DispensaryToStore/Page_Store/select_--Select--BA1170BA2376B' counted

2018-06-09 16:33:34 - [TEST_STEP][PASSED] - Statement - For ([g = 1, g <= BatchNumber - 1, (g++)]): null

2018-06-09 16:33:34 - [TEST_STEP][PASSED] - selectOptionByIndex: All options with index in [1] are selected on object 'Object Repository/DispensaryToStore/Page_Store/select_--Select--BA1170BA2376B'

2018-06-09 16:33:34 - [MESSAGE][PASSED] - All options with index in [1] are selected on object 'Object Repository/DispensaryToStore/Page_Store/select_--Select--BA1170BA2376B'

2018-06-09 16:33:34 - [TEST_STEP][PASSED] - Statement - Try: null

2018-06-09 16:33:34 - [TEST_STEP][PASSED] - Statement - StockQty = com.kms.katalon.core.webui.keyword.WebUiBuiltInKeywords.getAttribute(com.kms.katalon.core.testobject.ObjectRepository.findTestObject(DispensaryToStore/Page_Store/input_txtprice), "value"): Attribute 'value' of object 'Object Repository/DispensaryToStore/Page_Store/input_txtprice' is: '270'

2018-06-09 16:33:34 - [MESSAGE][PASSED] - Attribute 'value' of object 'Object Repository/DispensaryToStore/Page_Store/input_txtprice' is: '270'

2018-06-09 16:33:34 - [TEST_STEP][PASSED] - Statement - out.println("Stock QTY : " + StockQty): null

2018-06-09 16:33:34 - [TEST_STEP][PASSED] - delay: Delayed 2 second(s)

2018-06-09 16:33:36 - [MESSAGE][PASSED] - Delayed 2 second(s)

2018-06-09 16:33:36 - [TEST_STEP][PASSED] - Statement - If (java.lang.String.valueOf(StockQty) >= java.lang.String.valueOf(RequestedQty)): null

2018-06-09 16:33:36 - [TEST_STEP][PASSED] - setText: Text '10' is set on object 'Object Repository/DispensaryToStore/Page_Store/input_txtqty'

2018-06-09 16:33:36 - [MESSAGE][PASSED] - Text '10' is set on object 'Object Repository/DispensaryToStore/Page_Store/input_txtqty'

2018-06-09 16:33:36 - [TEST_STEP][PASSED] - click: Object: 'Object Repository/DispensaryToStore/Page_Store/button_Add' is clicked on

2018-06-09 16:33:36 - [MESSAGE][PASSED] - Object: 'Object Repository/DispensaryToStore/Page_Store/button_Add' is clicked on

2018-06-09 16:33:36 - [TEST_STEP][PASSED] - Statement - Break: null

2018-06-09 16:33:36 - [TEST_STEP][PASSED] - selectOptionByIndex: All options with index in [2] are selected on object 'Object Repository/DispensaryToStore/Page_Store/select_--Select--Adernaline 0.'

2018-06-09 16:33:36 - [MESSAGE][PASSED] - All options with index in [2] are selected on object 'Object Repository/DispensaryToStore/Page_Store/select_--Select--Adernaline 0.'

2018-06-09 16:33:36 - [TEST_STEP][PASSED] - delay: Delayed 2 second(s)

2018-06-09 16:33:38 - [MESSAGE][PASSED] - Delayed 2 second(s)

2018-06-09 16:33:38 - [TEST_STEP][PASSED] - Statement - RequestedQty = com.kms.katalon.core.webui.keyword.WebUiBuiltInKeywords.getAttribute(com.kms.katalon.core.testobject.ObjectRepository.findTestObject(DispensaryToStore/Page_Store/input_txttotal), "value"): Attribute 'value' of object 'Object Repository/DispensaryToStore/Page_Store/input_txttotal' is: '10'

2018-06-09 16:33:38 - [MESSAGE][PASSED] - Attribute 'value' of object 'Object Repository/DispensaryToStore/Page_Store/input_txttotal' is: '10'

2018-06-09 16:33:38 - [TEST_STEP][PASSED] - Statement - out.println("Requested QTY : " + RequestedQty): null

2018-06-09 16:33:38 - [TEST_STEP][PASSED] - Statement - BatchNumber = com.kms.katalon.core.webui.keyword.WebUiBuiltInKeywords.getNumberOfTotalOption(com.kms.katalon.core.testobject.ObjectRepository.findTestObject(DispensaryToStore/Page_Store/select_--Select--BA1170BA2376B)): 3 options of object 'Object Repository/DispensaryToStore/Page_Store/select_--Select--BA1170BA2376B' counted

2018-06-09 16:33:38 - [MESSAGE][PASSED] - 3 options of object 'Object Repository/DispensaryToStore/Page_Store/select_--Select--BA1170BA2376B' counted

2018-06-09 16:33:38 - [TEST_STEP][PASSED] - Statement - For ([g = 1, g <= BatchNumber - 1, (g++)]): null

2018-06-09 16:33:38 - [TEST_STEP][PASSED] - selectOptionByIndex: All options with index in [1] are selected on object 'Object Repository/DispensaryToStore/Page_Store/select_--Select--BA1170BA2376B'

2018-06-09 16:33:38 - [MESSAGE][PASSED] - All options with index in [1] are selected on object 'Object Repository/DispensaryToStore/Page_Store/select_--Select--BA1170BA2376B'

2018-06-09 16:33:38 - [TEST_STEP][PASSED] - Statement - Try: null

2018-06-09 16:33:38 - [TEST_STEP][PASSED] - Statement - StockQty = com.kms.katalon.core.webui.keyword.WebUiBuiltInKeywords.getAttribute(com.kms.katalon.core.testobject.ObjectRepository.findTestObject(DispensaryToStore/Page_Store/input_txtprice), "value"): Attribute 'value' of object 'Object Repository/DispensaryToStore/Page_Store/input_txtprice' is: '1480'

2018-06-09 16:33:39 - [MESSAGE][PASSED] - Attribute 'value' of object 'Object Repository/DispensaryToStore/Page_Store/input_txtprice' is: '1480'

2018-06-09 16:33:39 - [TEST_STEP][PASSED] - Statement - out.println("Stock QTY : " + StockQty): null

2018-06-09 16:33:39 - [TEST_STEP][PASSED] - delay: Delayed 2 second(s)

2018-06-09 16:33:41 - [MESSAGE][PASSED] - Delayed 2 second(s)

2018-06-09 16:33:41 - [TEST_STEP][PASSED] - Statement - If (java.lang.String.valueOf(StockQty) >= java.lang.String.valueOf(RequestedQty)): null

2018-06-09 16:33:41 - [TEST_STEP][PASSED] - setText: Text '10' is set on object 'Object Repository/DispensaryToStore/Page_Store/input_txtqty'

2018-06-09 16:33:41 - [MESSAGE][PASSED] - Text '10' is set on object 'Object Repository/DispensaryToStore/Page_Store/input_txtqty'

2018-06-09 16:33:41 - [TEST_STEP][PASSED] - click: Object: 'Object Repository/DispensaryToStore/Page_Store/button_Add' is clicked on

2018-06-09 16:33:41 - [MESSAGE][PASSED] - Object: 'Object Repository/DispensaryToStore/Page_Store/button_Add' is clicked on

2018-06-09 16:33:41 - [TEST_STEP][PASSED] - Statement - Break: null

2018-06-09 16:33:41 - [TEST_STEP][PASSED] - selectOptionByIndex: All options with index in [3] are selected on object 'Object Repository/DispensaryToStore/Page_Store/select_--Select--Adernaline 0.'

2018-06-09 16:33:41 - [MESSAGE][PASSED] - All options with index in [3] are selected on object 'Object Repository/DispensaryToStore/Page_Store/select_--Select--Adernaline 0.'

2018-06-09 16:33:41 - [TEST_STEP][PASSED] - delay: Delayed 2 second(s)

2018-06-09 16:33:43 - [MESSAGE][PASSED] - Delayed 2 second(s)

2018-06-09 16:33:43 - [TEST_STEP][PASSED] - Statement - RequestedQty = com.kms.katalon.core.webui.keyword.WebUiBuiltInKeywords.getAttribute(com.kms.katalon.core.testobject.ObjectRepository.findTestObject(DispensaryToStore/Page_Store/input_txttotal), "value"): Attribute 'value' of object 'Object Repository/DispensaryToStore/Page_Store/input_txttotal' is: '10'

2018-06-09 16:33:43 - [MESSAGE][PASSED] - Attribute 'value' of object 'Object Repository/DispensaryToStore/Page_Store/input_txttotal' is: '10'

2018-06-09 16:33:43 - [TEST_STEP][PASSED] - Statement - out.println("Requested QTY : " + RequestedQty): null

2018-06-09 16:33:43 - [TEST_STEP][PASSED] - Statement - BatchNumber = com.kms.katalon.core.webui.keyword.WebUiBuiltInKeywords.getNumberOfTotalOption(com.kms.katalon.core.testobject.ObjectRepository.findTestObject(DispensaryToStore/Page_Store/select_--Select--BA1170BA2376B)): 4 options of object 'Object Repository/DispensaryToStore/Page_Store/select_--Select--BA1170BA2376B' counted

2018-06-09 16:33:43 - [MESSAGE][PASSED] - 4 options of object 'Object Repository/DispensaryToStore/Page_Store/select_--Select--BA1170BA2376B' counted

2018-06-09 16:33:43 - [TEST_STEP][PASSED] - Statement - For ([g = 1, g <= BatchNumber - 1, (g++)]): null

2018-06-09 16:33:43 - [TEST_STEP][PASSED] - selectOptionByIndex: All options with index in [1] are selected on object 'Object Repository/DispensaryToStore/Page_Store/select_--Select--BA1170BA2376B'

2018-06-09 16:33:43 - [MESSAGE][PASSED] - All options with index in [1] are selected on object 'Object Repository/DispensaryToStore/Page_Store/select_--Select--BA1170BA2376B'

2018-06-09 16:33:43 - [TEST_STEP][PASSED] - Statement - Try: null

2018-06-09 16:33:43 - [TEST_STEP][PASSED] - Statement - StockQty = com.kms.katalon.core.webui.keyword.WebUiBuiltInKeywords.getAttribute(com.kms.katalon.core.testobject.ObjectRepository.findTestObject(DispensaryToStore/Page_Store/input_txtprice), "value"): Attribute 'value' of object 'Object Repository/DispensaryToStore/Page_Store/input_txtprice' is: '270'

2018-06-09 16:33:43 - [MESSAGE][PASSED] - Attribute 'value' of object 'Object Repository/DispensaryToStore/Page_Store/input_txtprice' is: '270'

2018-06-09 16:33:43 - [TEST_STEP][PASSED] - Statement - out.println("Stock QTY : " + StockQty): null

2018-06-09 16:33:43 - [TEST_STEP][PASSED] - delay: Delayed 2 second(s)

2018-06-09 16:33:45 - [MESSAGE][PASSED] - Delayed 2 second(s)

2018-06-09 16:33:45 - [TEST_STEP][PASSED] - Statement - If (java.lang.String.valueOf(StockQty) >= java.lang.String.valueOf(RequestedQty)): null

2018-06-09 16:33:45 - [TEST_STEP][PASSED] - setText: Text '10' is set on object 'Object Repository/DispensaryToStore/Page_Store/input_txtqty'

2018-06-09 16:33:45 - [MESSAGE][PASSED] - Text '10' is set on object 'Object Repository/DispensaryToStore/Page_Store/input_txtqty'

2018-06-09 16:33:45 - [TEST_STEP][PASSED] - click: Object: 'Object Repository/DispensaryToStore/Page_Store/button_Add' is clicked on

2018-06-09 16:33:45 - [MESSAGE][PASSED] - Object: 'Object Repository/DispensaryToStore/Page_Store/button_Add' is clicked on

2018-06-09 16:33:45 - [TEST_STEP][PASSED] - Statement - Break: null

2018-06-09 16:33:45 - [TEST_STEP][PASSED] - selectOptionByIndex: All options with index in [4] are selected on object 'Object Repository/DispensaryToStore/Page_Store/select_--Select--Adernaline 0.'

2018-06-09 16:33:46 - [MESSAGE][PASSED] - All options with index in [4] are selected on object 'Object Repository/DispensaryToStore/Page_Store/select_--Select--Adernaline 0.'

2018-06-09 16:33:46 - [TEST_STEP][PASSED] - delay: Delayed 2 second(s)

2018-06-09 16:33:48 - [MESSAGE][PASSED] - Delayed 2 second(s)

2018-06-09 16:33:48 - [TEST_STEP][PASSED] - Statement - RequestedQty = com.kms.katalon.core.webui.keyword.WebUiBuiltInKeywords.getAttribute(com.kms.katalon.core.testobject.ObjectRepository.findTestObject(DispensaryToStore/Page_Store/input_txttotal), "value"): Attribute 'value' of object 'Object Repository/DispensaryToStore/Page_Store/input_txttotal' is: '10'

2018-06-09 16:33:48 - [MESSAGE][PASSED] - Attribute 'value' of object 'Object Repository/DispensaryToStore/Page_Store/input_txttotal' is: '10'

2018-06-09 16:33:48 - [TEST_STEP][PASSED] - Statement - out.println("Requested QTY : " + RequestedQty): null

2018-06-09 16:33:48 - [TEST_STEP][PASSED] - Statement - BatchNumber = com.kms.katalon.core.webui.keyword.WebUiBuiltInKeywords.getNumberOfTotalOption(com.kms.katalon.core.testobject.ObjectRepository.findTestObject(DispensaryToStore/Page_Store/select_--Select--BA1170BA2376B)): 4 options of object 'Object Repository/DispensaryToStore/Page_Store/select_--Select--BA1170BA2376B' counted

2018-06-09 16:33:48 - [MESSAGE][PASSED] - 4 options of object 'Object Repository/DispensaryToStore/Page_Store/select_--Select--BA1170BA2376B' counted

2018-06-09 16:33:48 - [TEST_STEP][PASSED] - Statement - For ([g = 1, g <= BatchNumber - 1, (g++)]): null

2018-06-09 16:33:48 - [TEST_STEP][PASSED] - selectOptionByIndex: All options with index in [1] are selected on object 'Object Repository/DispensaryToStore/Page_Store/select_--Select--BA1170BA2376B'

2018-06-09 16:33:48 - [MESSAGE][PASSED] - All options with index in [1] are selected on object 'Object Repository/DispensaryToStore/Page_Store/select_--Select--BA1170BA2376B'

2018-06-09 16:33:48 - [TEST_STEP][PASSED] - Statement - Try: null

2018-06-09 16:33:48 - [TEST_STEP][PASSED] - Statement - StockQty = com.kms.katalon.core.webui.keyword.WebUiBuiltInKeywords.getAttribute(com.kms.katalon.core.testobject.ObjectRepository.findTestObject(DispensaryToStore/Page_Store/input_txtprice), "value"): Attribute 'value' of object 'Object Repository/DispensaryToStore/Page_Store/input_txtprice' is: '602'

2018-06-09 16:33:48 - [MESSAGE][PASSED] - Attribute 'value' of object 'Object Repository/DispensaryToStore/Page_Store/input_txtprice' is: '602'

2018-06-09 16:33:48 - [TEST_STEP][PASSED] - Statement - out.println("Stock QTY : " + StockQty): null

2018-06-09 16:33:48 - [TEST_STEP][PASSED] - delay: Delayed 2 second(s)

2018-06-09 16:33:50 - [MESSAGE][PASSED] - Delayed 2 second(s)

2018-06-09 16:33:50 - [TEST_STEP][PASSED] - Statement - If (java.lang.String.valueOf(StockQty) >= java.lang.String.valueOf(RequestedQty)): null

2018-06-09 16:33:50 - [TEST_STEP][PASSED] - setText: Text '10' is set on object 'Object Repository/DispensaryToStore/Page_Store/input_txtqty'

2018-06-09 16:33:50 - [MESSAGE][PASSED] - Text '10' is set on object 'Object Repository/DispensaryToStore/Page_Store/input_txtqty'

2018-06-09 16:33:50 - [TEST_STEP][PASSED] - click: Object: 'Object Repository/DispensaryToStore/Page_Store/button_Add' is clicked on

2018-06-09 16:33:50 - [MESSAGE][PASSED] - Object: 'Object Repository/DispensaryToStore/Page_Store/button_Add' is clicked on

2018-06-09 16:33:50 - [TEST_STEP][PASSED] - Statement - Break: null

2018-06-09 16:33:50 - [TEST_STEP][PASSED] - selectOptionByIndex: All options with index in [5] are selected on object 'Object Repository/DispensaryToStore/Page_Store/select_--Select--Adernaline 0.'

2018-06-09 16:33:50 - [MESSAGE][PASSED] - All options with index in [5] are selected on object 'Object Repository/DispensaryToStore/Page_Store/select_--Select--Adernaline 0.'

2018-06-09 16:33:50 - [TEST_STEP][PASSED] - delay: Delayed 2 second(s)

2018-06-09 16:33:52 - [MESSAGE][PASSED] - Delayed 2 second(s)

2018-06-09 16:33:52 - [TEST_STEP][PASSED] - Statement - RequestedQty = com.kms.katalon.core.webui.keyword.WebUiBuiltInKeywords.getAttribute(com.kms.katalon.core.testobject.ObjectRepository.findTestObject(DispensaryToStore/Page_Store/input_txttotal), "value"): Attribute 'value' of object 'Object Repository/DispensaryToStore/Page_Store/input_txttotal' is: '10'

2018-06-09 16:33:52 - [MESSAGE][PASSED] - Attribute 'value' of object 'Object Repository/DispensaryToStore/Page_Store/input_txttotal' is: '10'

2018-06-09 16:33:52 - [TEST_STEP][PASSED] - Statement - out.println("Requested QTY : " + RequestedQty): null

2018-06-09 16:33:52 - [TEST_STEP][PASSED] - Statement - BatchNumber = com.kms.katalon.core.webui.keyword.WebUiBuiltInKeywords.getNumberOfTotalOption(com.kms.katalon.core.testobject.ObjectRepository.findTestObject(DispensaryToStore/Page_Store/select_--Select--BA1170BA2376B)): 5 options of object 'Object Repository/DispensaryToStore/Page_Store/select_--Select--BA1170BA2376B' counted

2018-06-09 16:33:52 - [MESSAGE][PASSED] - 5 options of object 'Object Repository/DispensaryToStore/Page_Store/select_--Select--BA1170BA2376B' counted

2018-06-09 16:33:52 - [TEST_STEP][PASSED] - Statement - For ([g = 1, g <= BatchNumber - 1, (g++)]): null

2018-06-09 16:33:52 - [TEST_STEP][PASSED] - selectOptionByIndex: All options with index in [1] are selected on object 'Object Repository/DispensaryToStore/Page_Store/select_--Select--BA1170BA2376B'

2018-06-09 16:33:53 - [MESSAGE][PASSED] - All options with index in [1] are selected on object 'Object Repository/DispensaryToStore/Page_Store/select_--Select--BA1170BA2376B'

2018-06-09 16:33:53 - [TEST_STEP][PASSED] - Statement - Try: null

2018-06-09 16:33:53 - [TEST_STEP][PASSED] - Statement - StockQty = com.kms.katalon.core.webui.keyword.WebUiBuiltInKeywords.getAttribute(com.kms.katalon.core.testobject.ObjectRepository.findTestObject(DispensaryToStore/Page_Store/input_txtprice), "value"): Attribute 'value' of object 'Object Repository/DispensaryToStore/Page_Store/input_txtprice' is: '270'

2018-06-09 16:33:53 - [MESSAGE][PASSED] - Attribute 'value' of object 'Object Repository/DispensaryToStore/Page_Store/input_txtprice' is: '270'

2018-06-09 16:33:53 - [TEST_STEP][PASSED] - Statement - out.println("Stock QTY : " + StockQty): null

2018-06-09 16:33:53 - [TEST_STEP][PASSED] - delay: Delayed 2 second(s)

2018-06-09 16:33:55 - [MESSAGE][PASSED] - Delayed 2 second(s)

2018-06-09 16:33:55 - [TEST_STEP][PASSED] - Statement - If (java.lang.String.valueOf(StockQty) >= java.lang.String.valueOf(RequestedQty)): null

2018-06-09 16:33:55 - [TEST_STEP][PASSED] - setText: Text '10' is set on object 'Object Repository/DispensaryToStore/Page_Store/input_txtqty'

2018-06-09 16:33:55 - [MESSAGE][PASSED] - Text '10' is set on object 'Object Repository/DispensaryToStore/Page_Store/input_txtqty'

2018-06-09 16:33:55 - [TEST_STEP][PASSED] - click: Object: 'Object Repository/DispensaryToStore/Page_Store/button_Add' is clicked on

2018-06-09 16:33:55 - [MESSAGE][PASSED] - Object: 'Object Repository/DispensaryToStore/Page_Store/button_Add' is clicked on

2018-06-09 16:33:55 - [TEST_STEP][PASSED] - Statement - Break: null

2018-06-09 16:33:55 - [TEST_STEP][PASSED] - selectOptionByIndex: All options with index in [6] are selected on object 'Object Repository/DispensaryToStore/Page_Store/select_--Select--Adernaline 0.'

2018-06-09 16:33:55 - [MESSAGE][PASSED] - All options with index in [6] are selected on object 'Object Repository/DispensaryToStore/Page_Store/select_--Select--Adernaline 0.'

2018-06-09 16:33:55 - [TEST_STEP][PASSED] - delay: Delayed 2 second(s)

2018-06-09 16:33:57 - [MESSAGE][PASSED] - Delayed 2 second(s)

2018-06-09 16:33:57 - [TEST_STEP][PASSED] - Statement - RequestedQty = com.kms.katalon.core.webui.keyword.WebUiBuiltInKeywords.getAttribute(com.kms.katalon.core.testobject.ObjectRepository.findTestObject(DispensaryToStore/Page_Store/input_txttotal), "value"): Attribute 'value' of object 'Object Repository/DispensaryToStore/Page_Store/input_txttotal' is: '10'

2018-06-09 16:33:57 - [MESSAGE][PASSED] - Attribute 'value' of object 'Object Repository/DispensaryToStore/Page_Store/input_txttotal' is: '10'

2018-06-09 16:33:57 - [TEST_STEP][PASSED] - Statement - out.println("Requested QTY : " + RequestedQty): null

2018-06-09 16:33:57 - [TEST_STEP][PASSED] - Statement - BatchNumber = com.kms.katalon.core.webui.keyword.WebUiBuiltInKeywords.getNumberOfTotalOption(com.kms.katalon.core.testobject.ObjectRepository.findTestObject(DispensaryToStore/Page_Store/select_--Select--BA1170BA2376B)): 4 options of object 'Object Repository/DispensaryToStore/Page_Store/select_--Select--BA1170BA2376B' counted

2018-06-09 16:33:57 - [MESSAGE][PASSED] - 4 options of object 'Object Repository/DispensaryToStore/Page_Store/select_--Select--BA1170BA2376B' counted

2018-06-09 16:33:57 - [TEST_STEP][PASSED] - Statement - For ([g = 1, g <= BatchNumber - 1, (g++)]): null

2018-06-09 16:33:57 - [TEST_STEP][PASSED] - selectOptionByIndex: All options with index in [1] are selected on object 'Object Repository/DispensaryToStore/Page_Store/select_--Select--BA1170BA2376B'

2018-06-09 16:33:57 - [MESSAGE][PASSED] - All options with index in [1] are selected on object 'Object Repository/DispensaryToStore/Page_Store/select_--Select--BA1170BA2376B'

2018-06-09 16:33:57 - [TEST_STEP][PASSED] - Statement - Try: null

2018-06-09 16:33:57 - [TEST_STEP][PASSED] - Statement - StockQty = com.kms.katalon.core.webui.keyword.WebUiBuiltInKeywords.getAttribute(com.kms.katalon.core.testobject.ObjectRepository.findTestObject(DispensaryToStore/Page_Store/input_txtprice), "value"): Attribute 'value' of object 'Object Repository/DispensaryToStore/Page_Store/input_txtprice' is: '610'

2018-06-09 16:33:57 - [MESSAGE][PASSED] - Attribute 'value' of object 'Object Repository/DispensaryToStore/Page_Store/input_txtprice' is: '610'

2018-06-09 16:33:57 - [TEST_STEP][PASSED] - Statement - out.println("Stock QTY : " + StockQty): null

2018-06-09 16:33:57 - [TEST_STEP][PASSED] - delay: Delayed 2 second(s)

2018-06-09 16:33:59 - [MESSAGE][PASSED] - Delayed 2 second(s)

2018-06-09 16:33:59 - [TEST_STEP][PASSED] - Statement - If (java.lang.String.valueOf(StockQty) >= java.lang.String.valueOf(RequestedQty)): null

2018-06-09 16:33:59 - [TEST_STEP][PASSED] - setText: Text '10' is set on object 'Object Repository/DispensaryToStore/Page_Store/input_txtqty'

2018-06-09 16:33:59 - [MESSAGE][PASSED] - Text '10' is set on object 'Object Repository/DispensaryToStore/Page_Store/input_txtqty'

2018-06-09 16:33:59 - [TEST_STEP][PASSED] - click: Object: 'Object Repository/DispensaryToStore/Page_Store/button_Add' is clicked on

2018-06-09 16:33:59 - [MESSAGE][PASSED] - Object: 'Object Repository/DispensaryToStore/Page_Store/button_Add' is clicked on

2018-06-09 16:33:59 - [TEST_STEP][PASSED] - Statement - Break: null

2018-06-09 16:33:59 - [TEST_STEP][PASSED] - selectOptionByIndex: All options with index in [7] are selected on object 'Object Repository/DispensaryToStore/Page_Store/select_--Select--Adernaline 0.'

2018-06-09 16:34:00 - [MESSAGE][PASSED] - All options with index in [7] are selected on object 'Object Repository/DispensaryToStore/Page_Store/select_--Select--Adernaline 0.'

2018-06-09 16:34:00 - [TEST_STEP][PASSED] - delay: Delayed 2 second(s)

2018-06-09 16:34:02 - [MESSAGE][PASSED] - Delayed 2 second(s)

2018-06-09 16:34:02 - [TEST_STEP][PASSED] - Statement - RequestedQty = com.kms.katalon.core.webui.keyword.WebUiBuiltInKeywords.getAttribute(com.kms.katalon.core.testobject.ObjectRepository.findTestObject(DispensaryToStore/Page_Store/input_txttotal), "value"): Attribute 'value' of object 'Object Repository/DispensaryToStore/Page_Store/input_txttotal' is: '10'

2018-06-09 16:34:02 - [MESSAGE][PASSED] - Attribute 'value' of object 'Object Repository/DispensaryToStore/Page_Store/input_txttotal' is: '10'

2018-06-09 16:34:02 - [TEST_STEP][PASSED] - Statement - out.println("Requested QTY : " + RequestedQty): null

2018-06-09 16:34:02 - [TEST_STEP][PASSED] - Statement - BatchNumber = com.kms.katalon.core.webui.keyword.WebUiBuiltInKeywords.getNumberOfTotalOption(com.kms.katalon.core.testobject.ObjectRepository.findTestObject(DispensaryToStore/Page_Store/select_--Select--BA1170BA2376B)): 5 options of object 'Object Repository/DispensaryToStore/Page_Store/select_--Select--BA1170BA2376B' counted

2018-06-09 16:34:02 - [MESSAGE][PASSED] - 5 options of object 'Object Repository/DispensaryToStore/Page_Store/select_--Select--BA1170BA2376B' counted

2018-06-09 16:34:02 - [TEST_STEP][PASSED] - Statement - For ([g = 1, g <= BatchNumber - 1, (g++)]): null

2018-06-09 16:34:02 - [TEST_STEP][PASSED] - selectOptionByIndex: All options with index in [1] are selected on object 'Object Repository/DispensaryToStore/Page_Store/select_--Select--BA1170BA2376B'

2018-06-09 16:34:02 - [MESSAGE][PASSED] - All options with index in [1] are selected on object 'Object Repository/DispensaryToStore/Page_Store/select_--Select--BA1170BA2376B'

2018-06-09 16:34:02 - [TEST_STEP][PASSED] - Statement - Try: null

2018-06-09 16:34:02 - [TEST_STEP][PASSED] - Statement - StockQty = com.kms.katalon.core.webui.keyword.WebUiBuiltInKeywords.getAttribute(com.kms.katalon.core.testobject.ObjectRepository.findTestObject(DispensaryToStore/Page_Store/input_txtprice), "value"): Attribute 'value' of object 'Object Repository/DispensaryToStore/Page_Store/input_txtprice' is: '310'

2018-06-09 16:34:02 - [MESSAGE][PASSED] - Attribute 'value' of object 'Object Repository/DispensaryToStore/Page_Store/input_txtprice' is: '310'

2018-06-09 16:34:02 - [TEST_STEP][PASSED] - Statement - out.println("Stock QTY : " + StockQty): null

2018-06-09 16:34:02 - [TEST_STEP][PASSED] - delay: Delayed 2 second(s)

2018-06-09 16:34:04 - [MESSAGE][PASSED] - Delayed 2 second(s)

2018-06-09 16:34:04 - [TEST_STEP][PASSED] - Statement - If (java.lang.String.valueOf(StockQty) >= java.lang.String.valueOf(RequestedQty)): null

2018-06-09 16:34:04 - [TEST_STEP][PASSED] - setText: Text '10' is set on object 'Object Repository/DispensaryToStore/Page_Store/input_txtqty'

2018-06-09 16:34:04 - [MESSAGE][PASSED] - Text '10' is set on object 'Object Repository/DispensaryToStore/Page_Store/input_txtqty'

2018-06-09 16:34:04 - [TEST_STEP][PASSED] - click: Object: 'Object Repository/DispensaryToStore/Page_Store/button_Add' is clicked on

2018-06-09 16:34:04 - [MESSAGE][PASSED] - Object: 'Object Repository/DispensaryToStore/Page_Store/button_Add' is clicked on

2018-06-09 16:34:04 - [TEST_STEP][PASSED] - Statement - Break: null

2018-06-09 16:34:04 - [TEST_STEP][PASSED] - selectOptionByIndex: All options with index in [8] are selected on object 'Object Repository/DispensaryToStore/Page_Store/select_--Select--Adernaline 0.'

2018-06-09 16:34:04 - [MESSAGE][PASSED] - All options with index in [8] are selected on object 'Object Repository/DispensaryToStore/Page_Store/select_--Select--Adernaline 0.'

2018-06-09 16:34:04 - [TEST_STEP][PASSED] - delay: Delayed 2 second(s)

2018-06-09 16:34:06 - [MESSAGE][PASSED] - Delayed 2 second(s)

2018-06-09 16:34:06 - [TEST_STEP][PASSED] - Statement - RequestedQty = com.kms.katalon.core.webui.keyword.WebUiBuiltInKeywords.getAttribute(com.kms.katalon.core.testobject.ObjectRepository.findTestObject(DispensaryToStore/Page_Store/input_txttotal), "value"): Attribute 'value' of object 'Object Repository/DispensaryToStore/Page_Store/input_txttotal' is: '10'

2018-06-09 16:34:06 - [MESSAGE][PASSED] - Attribute 'value' of object 'Object Repository/DispensaryToStore/Page_Store/input_txttotal' is: '10'

2018-06-09 16:34:06 - [TEST_STEP][PASSED] - Statement - out.println("Requested QTY : " + RequestedQty): null

2018-06-09 16:34:06 - [TEST_STEP][PASSED] - Statement - BatchNumber = com.kms.katalon.core.webui.keyword.WebUiBuiltInKeywords.getNumberOfTotalOption(com.kms.katalon.core.testobject.ObjectRepository.findTestObject(DispensaryToStore/Page_Store/select_--Select--BA1170BA2376B)): 6 options of object 'Object Repository/DispensaryToStore/Page_Store/select_--Select--BA1170BA2376B' counted

2018-06-09 16:34:06 - [MESSAGE][PASSED] - 6 options of object 'Object Repository/DispensaryToStore/Page_Store/select_--Select--BA1170BA2376B' counted

2018-06-09 16:34:06 - [TEST_STEP][PASSED] - Statement - For ([g = 1, g <= BatchNumber - 1, (g++)]): null

2018-06-09 16:34:06 - [TEST_STEP][PASSED] - selectOptionByIndex: All options with index in [1] are selected on object 'Object Repository/DispensaryToStore/Page_Store/select_--Select--BA1170BA2376B'

2018-06-09 16:34:07 - [MESSAGE][PASSED] - All options with index in [1] are selected on object 'Object Repository/DispensaryToStore/Page_Store/select_--Select--BA1170BA2376B'

2018-06-09 16:34:07 - [TEST_STEP][PASSED] - Statement - Try: null

2018-06-09 16:34:07 - [TEST_STEP][PASSED] - Statement - StockQty = com.kms.katalon.core.webui.keyword.WebUiBuiltInKeywords.getAttribute(com.kms.katalon.core.testobject.ObjectRepository.findTestObject(DispensaryToStore/Page_Store/input_txtprice), "value"): Attribute 'value' of object 'Object Repository/DispensaryToStore/Page_Store/input_txtprice' is: '310'

2018-06-09 16:34:07 - [MESSAGE][PASSED] - Attribute 'value' of object 'Object Repository/DispensaryToStore/Page_Store/input_txtprice' is: '310'

2018-06-09 16:34:07 - [TEST_STEP][PASSED] - Statement - out.println("Stock QTY : " + StockQty): null

2018-06-09 16:34:07 - [TEST_STEP][PASSED] - delay: Delayed 2 second(s)

2018-06-09 16:34:09 - [MESSAGE][PASSED] - Delayed 2 second(s)

2018-06-09 16:34:09 - [TEST_STEP][PASSED] - Statement - If (java.lang.String.valueOf(StockQty) >= java.lang.String.valueOf(RequestedQty)): null

2018-06-09 16:34:09 - [TEST_STEP][PASSED] - setText: Text '10' is set on object 'Object Repository/DispensaryToStore/Page_Store/input_txtqty'

2018-06-09 16:34:09 - [MESSAGE][PASSED] - Text '10' is set on object 'Object Repository/DispensaryToStore/Page_Store/input_txtqty'

2018-06-09 16:34:09 - [TEST_STEP][PASSED] - click: Object: 'Object Repository/DispensaryToStore/Page_Store/button_Add' is clicked on

2018-06-09 16:34:09 - [MESSAGE][PASSED] - Object: 'Object Repository/DispensaryToStore/Page_Store/button_Add' is clicked on

2018-06-09 16:34:09 - [TEST_STEP][PASSED] - Statement - Break: null

2018-06-09 16:34:09 - [TEST_STEP][PASSED] - selectOptionByIndex: All options with index in [9] are selected on object 'Object Repository/DispensaryToStore/Page_Store/select_--Select--Adernaline 0.'

2018-06-09 16:34:09 - [MESSAGE][PASSED] - All options with index in [9] are selected on object 'Object Repository/DispensaryToStore/Page_Store/select_--Select--Adernaline 0.'

2018-06-09 16:34:09 - [TEST_STEP][PASSED] - delay: Delayed 2 second(s)

2018-06-09 16:34:11 - [MESSAGE][PASSED] - Delayed 2 second(s)

2018-06-09 16:34:11 - [TEST_STEP][PASSED] - Statement - RequestedQty = com.kms.katalon.core.webui.keyword.WebUiBuiltInKeywords.getAttribute(com.kms.katalon.core.testobject.ObjectRepository.findTestObject(DispensaryToStore/Page_Store/input_txttotal), "value"): Attribute 'value' of object 'Object Repository/DispensaryToStore/Page_Store/input_txttotal' is: '10'

2018-06-09 16:34:11 - [MESSAGE][PASSED] - Attribute 'value' of object 'Object Repository/DispensaryToStore/Page_Store/input_txttotal' is: '10'

2018-06-09 16:34:11 - [TEST_STEP][PASSED] - Statement - out.println("Requested QTY : " + RequestedQty): null

2018-06-09 16:34:11 - [TEST_STEP][PASSED] - Statement - BatchNumber = com.kms.katalon.core.webui.keyword.WebUiBuiltInKeywords.getNumberOfTotalOption(com.kms.katalon.core.testobject.ObjectRepository.findTestObject(DispensaryToStore/Page_Store/select_--Select--BA1170BA2376B)): 4 options of object 'Object Repository/DispensaryToStore/Page_Store/select_--Select--BA1170BA2376B' counted

2018-06-09 16:34:11 - [MESSAGE][PASSED] - 4 options of object 'Object Repository/DispensaryToStore/Page_Store/select_--Select--BA1170BA2376B' counted

2018-06-09 16:34:11 - [TEST_STEP][PASSED] - Statement - For ([g = 1, g <= BatchNumber - 1, (g++)]): null

2018-06-09 16:34:11 - [TEST_STEP][PASSED] - selectOptionByIndex: All options with index in [1] are selected on object 'Object Repository/DispensaryToStore/Page_Store/select_--Select--BA1170BA2376B'

2018-06-09 16:34:11 - [MESSAGE][PASSED] - All options with index in [1] are selected on object 'Object Repository/DispensaryToStore/Page_Store/select_--Select--BA1170BA2376B'

2018-06-09 16:34:11 - [TEST_STEP][PASSED] - Statement - Try: null

2018-06-09 16:34:11 - [TEST_STEP][PASSED] - Statement - StockQty = com.kms.katalon.core.webui.keyword.WebUiBuiltInKeywords.getAttribute(com.kms.katalon.core.testobject.ObjectRepository.findTestObject(DispensaryToStore/Page_Store/input_txtprice), "value"): Attribute 'value' of object 'Object Repository/DispensaryToStore/Page_Store/input_txtprice' is: '610'

2018-06-09 16:34:11 - [MESSAGE][PASSED] - Attribute 'value' of object 'Object Repository/DispensaryToStore/Page_Store/input_txtprice' is: '610'

2018-06-09 16:34:11 - [TEST_STEP][PASSED] - Statement - out.println("Stock QTY : " + StockQty): null

2018-06-09 16:34:11 - [TEST_STEP][PASSED] - delay: Delayed 2 second(s)

2018-06-09 16:34:13 - [MESSAGE][PASSED] - Delayed 2 second(s)

2018-06-09 16:34:13 - [TEST_STEP][PASSED] - Statement - If (java.lang.String.valueOf(StockQty) >= java.lang.String.valueOf(RequestedQty)): null

2018-06-09 16:34:13 - [TEST_STEP][PASSED] - setText: Text '10' is set on object 'Object Repository/DispensaryToStore/Page_Store/input_txtqty'

2018-06-09 16:34:13 - [MESSAGE][PASSED] - Text '10' is set on object 'Object Repository/DispensaryToStore/Page_Store/input_txtqty'

2018-06-09 16:34:13 - [TEST_STEP][PASSED] - click: Object: 'Object Repository/DispensaryToStore/Page_Store/button_Add' is clicked on

2018-06-09 16:34:14 - [MESSAGE][PASSED] - Object: 'Object Repository/DispensaryToStore/Page_Store/button_Add' is clicked on

2018-06-09 16:34:14 - [TEST_STEP][PASSED] - Statement - Break: null

2018-06-09 16:34:14 - [TEST_STEP][PASSED] - selectOptionByIndex: All options with index in [10] are selected on object 'Object Repository/DispensaryToStore/Page_Store/select_--Select--Adernaline 0.'

2018-06-09 16:34:14 - [MESSAGE][PASSED] - All options with index in [10] are selected on object 'Object Repository/DispensaryToStore/Page_Store/select_--Select--Adernaline 0.'

2018-06-09 16:34:14 - [TEST_STEP][PASSED] - delay: Delayed 2 second(s)

2018-06-09 16:34:16 - [MESSAGE][PASSED] - Delayed 2 second(s)

2018-06-09 16:34:16 - [TEST_STEP][PASSED] - Statement - RequestedQty = com.kms.katalon.core.webui.keyword.WebUiBuiltInKeywords.getAttribute(com.kms.katalon.core.testobject.ObjectRepository.findTestObject(DispensaryToStore/Page_Store/input_txttotal), "value"): Attribute 'value' of object 'Object Repository/DispensaryToStore/Page_Store/input_txttotal' is: '10'

2018-06-09 16:34:16 - [MESSAGE][PASSED] - Attribute 'value' of object 'Object Repository/DispensaryToStore/Page_Store/input_txttotal' is: '10'

2018-06-09 16:34:16 - [TEST_STEP][PASSED] - Statement - out.println("Requested QTY : " + RequestedQty): null

2018-06-09 16:34:16 - [TEST_STEP][PASSED] - Statement - BatchNumber = com.kms.katalon.core.webui.keyword.WebUiBuiltInKeywords.getNumberOfTotalOption(com.kms.katalon.core.testobject.ObjectRepository.findTestObject(DispensaryToStore/Page_Store/select_--Select--BA1170BA2376B)): 5 options of object 'Object Repository/DispensaryToStore/Page_Store/select_--Select--BA1170BA2376B' counted

2018-06-09 16:34:16 - [MESSAGE][PASSED] - 5 options of object 'Object Repository/DispensaryToStore/Page_Store/select_--Select--BA1170BA2376B' counted

2018-06-09 16:34:16 - [TEST_STEP][PASSED] - Statement - For ([g = 1, g <= BatchNumber - 1, (g++)]): null

2018-06-09 16:34:16 - [TEST_STEP][PASSED] - selectOptionByIndex: All options with index in [1] are selected on object 'Object Repository/DispensaryToStore/Page_Store/select_--Select--BA1170BA2376B'

2018-06-09 16:34:16 - [MESSAGE][PASSED] - All options with index in [1] are selected on object 'Object Repository/DispensaryToStore/Page_Store/select_--Select--BA1170BA2376B'

2018-06-09 16:34:16 - [TEST_STEP][PASSED] - Statement - Try: null

2018-06-09 16:34:16 - [TEST_STEP][PASSED] - Statement - StockQty = com.kms.katalon.core.webui.keyword.WebUiBuiltInKeywords.getAttribute(com.kms.katalon.core.testobject.ObjectRepository.findTestObject(DispensaryToStore/Page_Store/input_txtprice), "value"): Attribute 'value' of object 'Object Repository/DispensaryToStore/Page_Store/input_txtprice' is: '310'

2018-06-09 16:34:16 - [MESSAGE][PASSED] - Attribute 'value' of object 'Object Repository/DispensaryToStore/Page_Store/input_txtprice' is: '310'

2018-06-09 16:34:16 - [TEST_STEP][PASSED] - Statement - out.println("Stock QTY : " + StockQty): null

2018-06-09 16:34:16 - [TEST_STEP][PASSED] - delay: Delayed 2 second(s)

2018-06-09 16:34:18 - [MESSAGE][PASSED] - Delayed 2 second(s)

2018-06-09 16:34:18 - [TEST_STEP][PASSED] - Statement - If (java.lang.String.valueOf(StockQty) >= java.lang.String.valueOf(RequestedQty)): null

2018-06-09 16:34:18 - [TEST_STEP][PASSED] - setText: Text '10' is set on object 'Object Repository/DispensaryToStore/Page_Store/input_txtqty'

2018-06-09 16:34:18 - [MESSAGE][PASSED] - Text '10' is set on object 'Object Repository/DispensaryToStore/Page_Store/input_txtqty'

2018-06-09 16:34:18 - [TEST_STEP][PASSED] - click: Object: 'Object Repository/DispensaryToStore/Page_Store/button_Add' is clicked on

2018-06-09 16:34:18 - [MESSAGE][PASSED] - Object: 'Object Repository/DispensaryToStore/Page_Store/button_Add' is clicked on

2018-06-09 16:34:18 - [TEST_STEP][PASSED] - Statement - Break: null

2018-06-09 16:34:18 - [TEST_STEP][PASSED] - selectOptionByIndex: All options with index in [11] are selected on object 'Object Repository/DispensaryToStore/Page_Store/select_--Select--Adernaline 0.'

2018-06-09 16:34:19 - [MESSAGE][PASSED] - All options with index in [11] are selected on object 'Object Repository/DispensaryToStore/Page_Store/select_--Select--Adernaline 0.'

2018-06-09 16:34:19 - [TEST_STEP][PASSED] - delay: Delayed 2 second(s)

2018-06-09 16:34:21 - [MESSAGE][PASSED] - Delayed 2 second(s)

2018-06-09 16:34:21 - [TEST_STEP][PASSED] - Statement - RequestedQty = com.kms.katalon.core.webui.keyword.WebUiBuiltInKeywords.getAttribute(com.kms.katalon.core.testobject.ObjectRepository.findTestObject(DispensaryToStore/Page_Store/input_txttotal), "value"): Attribute 'value' of object 'Object Repository/DispensaryToStore/Page_Store/input_txttotal' is: '10'

2018-06-09 16:34:21 - [MESSAGE][PASSED] - Attribute 'value' of object 'Object Repository/DispensaryToStore/Page_Store/input_txttotal' is: '10'

2018-06-09 16:34:21 - [TEST_STEP][PASSED] - Statement - out.println("Requested QTY : " + RequestedQty): null

2018-06-09 16:34:21 - [TEST_STEP][PASSED] - Statement - BatchNumber = com.kms.katalon.core.webui.keyword.WebUiBuiltInKeywords.getNumberOfTotalOption(com.kms.katalon.core.testobject.ObjectRepository.findTestObject(DispensaryToStore/Page_Store/select_--Select--BA1170BA2376B)): 4 options of object 'Object Repository/DispensaryToStore/Page_Store/select_--Select--BA1170BA2376B' counted

2018-06-09 16:34:21 - [MESSAGE][PASSED] - 4 options of object 'Object Repository/DispensaryToStore/Page_Store/select_--Select--BA1170BA2376B' counted

2018-06-09 16:34:21 - [TEST_STEP][PASSED] - Statement - For ([g = 1, g <= BatchNumber - 1, (g++)]): null

2018-06-09 16:34:21 - [TEST_STEP][PASSED] - selectOptionByIndex: All options with index in [1] are selected on object 'Object Repository/DispensaryToStore/Page_Store/select_--Select--BA1170BA2376B'

2018-06-09 16:34:21 - [MESSAGE][PASSED] - All options with index in [1] are selected on object 'Object Repository/DispensaryToStore/Page_Store/select_--Select--BA1170BA2376B'

2018-06-09 16:34:21 - [TEST_STEP][PASSED] - Statement - Try: null

2018-06-09 16:34:21 - [TEST_STEP][PASSED] - Statement - StockQty = com.kms.katalon.core.webui.keyword.WebUiBuiltInKeywords.getAttribute(com.kms.katalon.core.testobject.ObjectRepository.findTestObject(DispensaryToStore/Page_Store/input_txtprice), "value"): Attribute 'value' of object 'Object Repository/DispensaryToStore/Page_Store/input_txtprice' is: '1550'

2018-06-09 16:34:21 - [MESSAGE][PASSED] - Attribute 'value' of object 'Object Repository/DispensaryToStore/Page_Store/input_txtprice' is: '1550'

2018-06-09 16:34:21 - [TEST_STEP][PASSED] - Statement - out.println("Stock QTY : " + StockQty): null

2018-06-09 16:34:21 - [TEST_STEP][PASSED] - delay: Delayed 2 second(s)

2018-06-09 16:34:23 - [MESSAGE][PASSED] - Delayed 2 second(s)

2018-06-09 16:34:23 - [TEST_STEP][PASSED] - Statement - If (java.lang.String.valueOf(StockQty) >= java.lang.String.valueOf(RequestedQty)): null

2018-06-09 16:34:23 - [TEST_STEP][PASSED] - setText: Text '10' is set on object 'Object Repository/DispensaryToStore/Page_Store/input_txtqty'

2018-06-09 16:34:23 - [MESSAGE][PASSED] - Text '10' is set on object 'Object Repository/DispensaryToStore/Page_Store/input_txtqty'

2018-06-09 16:34:23 - [TEST_STEP][PASSED] - click: Object: 'Object Repository/DispensaryToStore/Page_Store/button_Add' is clicked on

2018-06-09 16:34:23 - [MESSAGE][PASSED] - Object: 'Object Repository/DispensaryToStore/Page_Store/button_Add' is clicked on

2018-06-09 16:34:23 - [TEST_STEP][PASSED] - Statement - Break: null

2018-06-09 16:34:23 - [TEST_STEP][PASSED] - selectOptionByIndex: All options with index in [12] are selected on object 'Object Repository/DispensaryToStore/Page_Store/select_--Select--Adernaline 0.'

2018-06-09 16:34:23 - [MESSAGE][PASSED] - All options with index in [12] are selected on object 'Object Repository/DispensaryToStore/Page_Store/select_--Select--Adernaline 0.'

2018-06-09 16:34:23 - [TEST_STEP][PASSED] - delay: Delayed 2 second(s)

2018-06-09 16:34:25 - [MESSAGE][PASSED] - Delayed 2 second(s)

2018-06-09 16:34:25 - [TEST_STEP][PASSED] - Statement - RequestedQty = com.kms.katalon.core.webui.keyword.WebUiBuiltInKeywords.getAttribute(com.kms.katalon.core.testobject.ObjectRepository.findTestObject(DispensaryToStore/Page_Store/input_txttotal), "value"): Attribute 'value' of object 'Object Repository/DispensaryToStore/Page_Store/input_txttotal' is: '10'

2018-06-09 16:34:25 - [MESSAGE][PASSED] - Attribute 'value' of object 'Object Repository/DispensaryToStore/Page_Store/input_txttotal' is: '10'

2018-06-09 16:34:25 - [TEST_STEP][PASSED] - Statement - out.println("Requested QTY : " + RequestedQty): null

2018-06-09 16:34:25 - [TEST_STEP][PASSED] - Statement - BatchNumber = com.kms.katalon.core.webui.keyword.WebUiBuiltInKeywords.getNumberOfTotalOption(com.kms.katalon.core.testobject.ObjectRepository.findTestObject(DispensaryToStore/Page_Store/select_--Select--BA1170BA2376B)): 3 options of object 'Object Repository/DispensaryToStore/Page_Store/select_--Select--BA1170BA2376B' counted

2018-06-09 16:34:25 - [MESSAGE][PASSED] - 3 options of object 'Object Repository/DispensaryToStore/Page_Store/select_--Select--BA1170BA2376B' counted

2018-06-09 16:34:25 - [TEST_STEP][PASSED] - Statement - For ([g = 1, g <= BatchNumber - 1, (g++)]): null

2018-06-09 16:34:25 - [TEST_STEP][PASSED] - selectOptionByIndex: All options with index in [1] are selected on object 'Object Repository/DispensaryToStore/Page_Store/select_--Select--BA1170BA2376B'

2018-06-09 16:34:26 - [MESSAGE][PASSED] - All options with index in [1] are selected on object 'Object Repository/DispensaryToStore/Page_Store/select_--Select--BA1170BA2376B'

2018-06-09 16:34:26 - [TEST_STEP][PASSED] - Statement - Try: null

2018-06-09 16:34:26 - [TEST_STEP][PASSED] - Statement - StockQty = com.kms.katalon.core.webui.keyword.WebUiBuiltInKeywords.getAttribute(com.kms.katalon.core.testobject.ObjectRepository.findTestObject(DispensaryToStore/Page_Store/input_txtprice), "value"): Attribute 'value' of object 'Object Repository/DispensaryToStore/Page_Store/input_txtprice' is: '1650'

2018-06-09 16:34:26 - [MESSAGE][PASSED] - Attribute 'value' of object 'Object Repository/DispensaryToStore/Page_Store/input_txtprice' is: '1650'

2018-06-09 16:34:26 - [TEST_STEP][PASSED] - Statement - out.println("Stock QTY : " + StockQty): null

2018-06-09 16:34:26 - [TEST_STEP][PASSED] - delay: Delayed 2 second(s)

2018-06-09 16:34:28 - [MESSAGE][PASSED] - Delayed 2 second(s)

2018-06-09 16:34:28 - [TEST_STEP][PASSED] - Statement - If (java.lang.String.valueOf(StockQty) >= java.lang.String.valueOf(RequestedQty)): null

2018-06-09 16:34:28 - [TEST_STEP][PASSED] - setText: Text '10' is set on object 'Object Repository/DispensaryToStore/Page_Store/input_txtqty'

2018-06-09 16:34:28 - [MESSAGE][PASSED] - Text '10' is set on object 'Object Repository/DispensaryToStore/Page_Store/input_txtqty'

2018-06-09 16:34:28 - [TEST_STEP][PASSED] - click: Object: 'Object Repository/DispensaryToStore/Page_Store/button_Add' is clicked on

2018-06-09 16:34:28 - [MESSAGE][PASSED] - Object: 'Object Repository/DispensaryToStore/Page_Store/button_Add' is clicked on

2018-06-09 16:34:28 - [TEST_STEP][PASSED] - Statement - Break: null

2018-06-09 16:34:28 - [TEST_STEP][PASSED] - selectOptionByIndex: All options with index in [13] are selected on object 'Object Repository/DispensaryToStore/Page_Store/select_--Select--Adernaline 0.'

2018-06-09 16:34:28 - [MESSAGE][PASSED] - All options with index in [13] are selected on object 'Object Repository/DispensaryToStore/Page_Store/select_--Select--Adernaline 0.'

2018-06-09 16:34:28 - [TEST_STEP][PASSED] - delay: Delayed 2 second(s)

2018-06-09 16:34:30 - [MESSAGE][PASSED] - Delayed 2 second(s)

2018-06-09 16:34:30 - [TEST_STEP][PASSED] - Statement - RequestedQty = com.kms.katalon.core.webui.keyword.WebUiBuiltInKeywords.getAttribute(com.kms.katalon.core.testobject.ObjectRepository.findTestObject(DispensaryToStore/Page_Store/input_txttotal), "value"): Attribute 'value' of object 'Object Repository/DispensaryToStore/Page_Store/input_txttotal' is: '10'

2018-06-09 16:34:30 - [MESSAGE][PASSED] - Attribute 'value' of object 'Object Repository/DispensaryToStore/Page_Store/input_txttotal' is: '10'

2018-06-09 16:34:30 - [TEST_STEP][PASSED] - Statement - out.println("Requested QTY : " + RequestedQty): null

2018-06-09 16:34:30 - [TEST_STEP][PASSED] - Statement - BatchNumber = com.kms.katalon.core.webui.keyword.WebUiBuiltInKeywords.getNumberOfTotalOption(com.kms.katalon.core.testobject.ObjectRepository.findTestObject(DispensaryToStore/Page_Store/select_--Select--BA1170BA2376B)): 4 options of object 'Object Repository/DispensaryToStore/Page_Store/select_--Select--BA1170BA2376B' counted

2018-06-09 16:34:30 - [MESSAGE][PASSED] - 4 options of object 'Object Repository/DispensaryToStore/Page_Store/select_--Select--BA1170BA2376B' counted

2018-06-09 16:34:30 - [TEST_STEP][PASSED] - Statement - For ([g = 1, g <= BatchNumber - 1, (g++)]): null

2018-06-09 16:34:30 - [TEST_STEP][PASSED] - selectOptionByIndex: All options with index in [1] are selected on object 'Object Repository/DispensaryToStore/Page_Store/select_--Select--BA1170BA2376B'

2018-06-09 16:34:30 - [MESSAGE][PASSED] - All options with index in [1] are selected on object 'Object Repository/DispensaryToStore/Page_Store/select_--Select--BA1170BA2376B'

2018-06-09 16:34:30 - [TEST_STEP][PASSED] - Statement - Try: null

2018-06-09 16:34:30 - [TEST_STEP][PASSED] - Statement - StockQty = com.kms.katalon.core.webui.keyword.WebUiBuiltInKeywords.getAttribute(com.kms.katalon.core.testobject.ObjectRepository.findTestObject(DispensaryToStore/Page_Store/input_txtprice), "value"): Attribute 'value' of object 'Object Repository/DispensaryToStore/Page_Store/input_txtprice' is: ''

2018-06-09 16:34:30 - [MESSAGE][PASSED] - Attribute 'value' of object 'Object Repository/DispensaryToStore/Page_Store/input_txtprice' is: ''

2018-06-09 16:34:30 - [TEST_STEP][PASSED] - Statement - out.println("Stock QTY : " + StockQty): null

2018-06-09 16:34:30 - [TEST_STEP][PASSED] - delay: Delayed 2 second(s)

2018-06-09 16:34:32 - [MESSAGE][PASSED] - Delayed 2 second(s)

2018-06-09 16:34:32 - [TEST_STEP][PASSED] - Statement - If (java.lang.String.valueOf(StockQty) >= java.lang.String.valueOf(RequestedQty)): null

2018-06-09 16:34:32 - [TEST_STEP][PASSED] - Statement - Else: null

2018-06-09 16:34:32 - [TEST_STEP][PASSED] - Statement - out.println("Stock Is Less Than Requested Qty"): null

2018-06-09 16:34:32 - [TEST_STEP][PASSED] - selectOptionByIndex: All options with index in [2] are selected on object 'Object Repository/DispensaryToStore/Page_Store/select_--Select--BA1170BA2376B'

2018-06-09 16:34:32 - [MESSAGE][PASSED] - All options with index in [2] are selected on object 'Object Repository/DispensaryToStore/Page_Store/select_--Select--BA1170BA2376B'

2018-06-09 16:34:32 - [TEST_STEP][PASSED] - Statement - Try: null

2018-06-09 16:34:32 - [TEST_STEP][PASSED] - Statement - StockQty = com.kms.katalon.core.webui.keyword.WebUiBuiltInKeywords.getAttribute(com.kms.katalon.core.testobject.ObjectRepository.findTestObject(DispensaryToStore/Page_Store/input_txtprice), "value"): Attribute 'value' of object 'Object Repository/DispensaryToStore/Page_Store/input_txtprice' is: '1040'

2018-06-09 16:34:33 - [MESSAGE][PASSED] - Attribute 'value' of object 'Object Repository/DispensaryToStore/Page_Store/input_txtprice' is: '1040'

2018-06-09 16:34:33 - [TEST_STEP][PASSED] - Statement - out.println("Stock QTY : " + StockQty): null

2018-06-09 16:34:33 - [TEST_STEP][PASSED] - delay: Delayed 2 second(s)

2018-06-09 16:34:35 - [MESSAGE][PASSED] - Delayed 2 second(s)

2018-06-09 16:34:35 - [TEST_STEP][PASSED] - Statement - If (java.lang.String.valueOf(StockQty) >= java.lang.String.valueOf(RequestedQty)): null

2018-06-09 16:34:35 - [TEST_STEP][PASSED] - setText: Text '10' is set on object 'Object Repository/DispensaryToStore/Page_Store/input_txtqty'

2018-06-09 16:34:35 - [MESSAGE][PASSED] - Text '10' is set on object 'Object Repository/DispensaryToStore/Page_Store/input_txtqty'

2018-06-09 16:34:35 - [TEST_STEP][PASSED] - click: Object: 'Object Repository/DispensaryToStore/Page_Store/button_Add' is clicked on

2018-06-09 16:34:35 - [MESSAGE][PASSED] - Object: 'Object Repository/DispensaryToStore/Page_Store/button_Add' is clicked on

2018-06-09 16:34:35 - [TEST_STEP][PASSED] - Statement - Break: null

2018-06-09 16:34:35 - [TEST_STEP][PASSED] - selectOptionByIndex: All options with index in [14] are selected on object 'Object Repository/DispensaryToStore/Page_Store/select_--Select--Adernaline 0.'

2018-06-09 16:34:35 - [MESSAGE][PASSED] - All options with index in [14] are selected on object 'Object Repository/DispensaryToStore/Page_Store/select_--Select--Adernaline 0.'

2018-06-09 16:34:35 - [TEST_STEP][PASSED] - delay: Delayed 2 second(s)

2018-06-09 16:34:37 - [MESSAGE][PASSED] - Delayed 2 second(s)

2018-06-09 16:34:37 - [TEST_STEP][PASSED] - Statement - RequestedQty = com.kms.katalon.core.webui.keyword.WebUiBuiltInKeywords.getAttribute(com.kms.katalon.core.testobject.ObjectRepository.findTestObject(DispensaryToStore/Page_Store/input_txttotal), "value"): Attribute 'value' of object 'Object Repository/DispensaryToStore/Page_Store/input_txttotal' is: '10'

2018-06-09 16:34:37 - [MESSAGE][PASSED] - Attribute 'value' of object 'Object Repository/DispensaryToStore/Page_Store/input_txttotal' is: '10'

2018-06-09 16:34:37 - [TEST_STEP][PASSED] - Statement - out.println("Requested QTY : " + RequestedQty): null

2018-06-09 16:34:37 - [TEST_STEP][PASSED] - Statement - BatchNumber = com.kms.katalon.core.webui.keyword.WebUiBuiltInKeywords.getNumberOfTotalOption(com.kms.katalon.core.testobject.ObjectRepository.findTestObject(DispensaryToStore/Page_Store/select_--Select--BA1170BA2376B)): 5 options of object 'Object Repository/DispensaryToStore/Page_Store/select_--Select--BA1170BA2376B' counted

2018-06-09 16:34:37 - [MESSAGE][PASSED] - 5 options of object 'Object Repository/DispensaryToStore/Page_Store/select_--Select--BA1170BA2376B' counted

2018-06-09 16:34:37 - [TEST_STEP][PASSED] - Statement - For ([g = 1, g <= BatchNumber - 1, (g++)]): null

2018-06-09 16:34:37 - [TEST_STEP][PASSED] - selectOptionByIndex: All options with index in [1] are selected on object 'Object Repository/DispensaryToStore/Page_Store/select_--Select--BA1170BA2376B'

2018-06-09 16:34:37 - [MESSAGE][PASSED] - All options with index in [1] are selected on object 'Object Repository/DispensaryToStore/Page_Store/select_--Select--BA1170BA2376B'

2018-06-09 16:34:37 - [TEST_STEP][PASSED] - Statement - Try: null

2018-06-09 16:34:37 - [TEST_STEP][PASSED] - Statement - StockQty = com.kms.katalon.core.webui.keyword.WebUiBuiltInKeywords.getAttribute(com.kms.katalon.core.testobject.ObjectRepository.findTestObject(DispensaryToStore/Page_Store/input_txtprice), "value"): Attribute 'value' of object 'Object Repository/DispensaryToStore/Page_Store/input_txtprice' is: '310'

2018-06-09 16:34:37 - [MESSAGE][PASSED] - Attribute 'value' of object 'Object Repository/DispensaryToStore/Page_Store/input_txtprice' is: '310'

2018-06-09 16:34:37 - [TEST_STEP][PASSED] - Statement - out.println("Stock QTY : " + StockQty): null

2018-06-09 16:34:37 - [TEST_STEP][PASSED] - delay: Delayed 2 second(s)

2018-06-09 16:34:39 - [MESSAGE][PASSED] - Delayed 2 second(s)

2018-06-09 16:34:39 - [TEST_STEP][PASSED] - Statement - If (java.lang.String.valueOf(StockQty) >= java.lang.String.valueOf(RequestedQty)): null

2018-06-09 16:34:39 - [TEST_STEP][PASSED] - setText: Text '10' is set on object 'Object Repository/DispensaryToStore/Page_Store/input_txtqty'

2018-06-09 16:34:39 - [MESSAGE][PASSED] - Text '10' is set on object 'Object Repository/DispensaryToStore/Page_Store/input_txtqty'

2018-06-09 16:34:39 - [TEST_STEP][PASSED] - click: Object: 'Object Repository/DispensaryToStore/Page_Store/button_Add' is clicked on

2018-06-09 16:34:39 - [MESSAGE][PASSED] - Object: 'Object Repository/DispensaryToStore/Page_Store/button_Add' is clicked on

2018-06-09 16:34:39 - [TEST_STEP][PASSED] - Statement - Break: null

2018-06-09 16:34:39 - [TEST_STEP][PASSED] - selectOptionByIndex: All options with index in [15] are selected on object 'Object Repository/DispensaryToStore/Page_Store/select_--Select--Adernaline 0.'

2018-06-09 16:34:40 - [MESSAGE][PASSED] - All options with index in [15] are selected on object 'Object Repository/DispensaryToStore/Page_Store/select_--Select--Adernaline 0.'

2018-06-09 16:34:40 - [TEST_STEP][PASSED] - delay: Delayed 2 second(s)

2018-06-09 16:34:42 - [MESSAGE][PASSED] - Delayed 2 second(s)

2018-06-09 16:34:42 - [TEST_STEP][PASSED] - Statement - RequestedQty = com.kms.katalon.core.webui.keyword.WebUiBuiltInKeywords.getAttribute(com.kms.katalon.core.testobject.ObjectRepository.findTestObject(DispensaryToStore/Page_Store/input_txttotal), "value"): Attribute 'value' of object 'Object Repository/DispensaryToStore/Page_Store/input_txttotal' is: '10'

2018-06-09 16:34:42 - [MESSAGE][PASSED] - Attribute 'value' of object 'Object Repository/DispensaryToStore/Page_Store/input_txttotal' is: '10'

2018-06-09 16:34:42 - [TEST_STEP][PASSED] - Statement - out.println("Requested QTY : " + RequestedQty): null

2018-06-09 16:34:42 - [TEST_STEP][PASSED] - Statement - BatchNumber = com.kms.katalon.core.webui.keyword.WebUiBuiltInKeywords.getNumberOfTotalOption(com.kms.katalon.core.testobject.ObjectRepository.findTestObject(DispensaryToStore/Page_Store/select_--Select--BA1170BA2376B)): 4 options of object 'Object Repository/DispensaryToStore/Page_Store/select_--Select--BA1170BA2376B' counted

2018-06-09 16:34:42 - [MESSAGE][PASSED] - 4 options of object 'Object Repository/DispensaryToStore/Page_Store/select_--Select--BA1170BA2376B' counted

2018-06-09 16:34:42 - [TEST_STEP][PASSED] - Statement - For ([g = 1, g <= BatchNumber - 1, (g++)]): null

2018-06-09 16:34:42 - [TEST_STEP][PASSED] - selectOptionByIndex: All options with index in [1] are selected on object 'Object Repository/DispensaryToStore/Page_Store/select_--Select--BA1170BA2376B'

2018-06-09 16:34:42 - [MESSAGE][PASSED] - All options with index in [1] are selected on object 'Object Repository/DispensaryToStore/Page_Store/select_--Select--BA1170BA2376B'

2018-06-09 16:34:42 - [TEST_STEP][PASSED] - Statement - Try: null

2018-06-09 16:34:42 - [TEST_STEP][PASSED] - Statement - StockQty = com.kms.katalon.core.webui.keyword.WebUiBuiltInKeywords.getAttribute(com.kms.katalon.core.testobject.ObjectRepository.findTestObject(DispensaryToStore/Page_Store/input_txtprice), "value"): Attribute 'value' of object 'Object Repository/DispensaryToStore/Page_Store/input_txtprice' is: '610'

2018-06-09 16:34:42 - [MESSAGE][PASSED] - Attribute 'value' of object 'Object Repository/DispensaryToStore/Page_Store/input_txtprice' is: '610'

2018-06-09 16:34:42 - [TEST_STEP][PASSED] - Statement - out.println("Stock QTY : " + StockQty): null

2018-06-09 16:34:42 - [TEST_STEP][PASSED] - delay: Delayed 2 second(s)

2018-06-09 16:34:44 - [MESSAGE][PASSED] - Delayed 2 second(s)

2018-06-09 16:34:44 - [TEST_STEP][PASSED] - Statement - If (java.lang.String.valueOf(StockQty) >= java.lang.String.valueOf(RequestedQty)): null

2018-06-09 16:34:44 - [TEST_STEP][PASSED] - setText: Text '10' is set on object 'Object Repository/DispensaryToStore/Page_Store/input_txtqty'

2018-06-09 16:34:44 - [MESSAGE][PASSED] - Text '10' is set on object 'Object Repository/DispensaryToStore/Page_Store/input_txtqty'

2018-06-09 16:34:44 - [TEST_STEP][PASSED] - click: Object: 'Object Repository/DispensaryToStore/Page_Store/button_Add' is clicked on

2018-06-09 16:34:44 - [MESSAGE][PASSED] - Object: 'Object Repository/DispensaryToStore/Page_Store/button_Add' is clicked on

2018-06-09 16:34:44 - [TEST_STEP][PASSED] - Statement - Break: null

2018-06-09 16:34:44 - [TEST_STEP][PASSED] - selectOptionByIndex: All options with index in [16] are selected on object 'Object Repository/DispensaryToStore/Page_Store/select_--Select--Adernaline 0.'

2018-06-09 16:34:45 - [MESSAGE][PASSED] - All options with index in [16] are selected on object 'Object Repository/DispensaryToStore/Page_Store/select_--Select--Adernaline 0.'

2018-06-09 16:34:45 - [TEST_STEP][PASSED] - delay: Delayed 2 second(s)

2018-06-09 16:34:47 - [MESSAGE][PASSED] - Delayed 2 second(s)

2018-06-09 16:34:47 - [TEST_STEP][PASSED] - Statement - RequestedQty = com.kms.katalon.core.webui.keyword.WebUiBuiltInKeywords.getAttribute(com.kms.katalon.core.testobject.ObjectRepository.findTestObject(DispensaryToStore/Page_Store/input_txttotal), "value"): Attribute 'value' of object 'Object Repository/DispensaryToStore/Page_Store/input_txttotal' is: '10'

2018-06-09 16:34:47 - [MESSAGE][PASSED] - Attribute 'value' of object 'Object Repository/DispensaryToStore/Page_Store/input_txttotal' is: '10'

2018-06-09 16:34:47 - [TEST_STEP][PASSED] - Statement - out.println("Requested QTY : " + RequestedQty): null

2018-06-09 16:34:47 - [TEST_STEP][PASSED] - Statement - BatchNumber = com.kms.katalon.core.webui.keyword.WebUiBuiltInKeywords.getNumberOfTotalOption(com.kms.katalon.core.testobject.ObjectRepository.findTestObject(DispensaryToStore/Page_Store/select_--Select--BA1170BA2376B)): 3 options of object 'Object Repository/DispensaryToStore/Page_Store/select_--Select--BA1170BA2376B' counted

2018-06-09 16:34:47 - [MESSAGE][PASSED] - 3 options of object 'Object Repository/DispensaryToStore/Page_Store/select_--Select--BA1170BA2376B' counted

2018-06-09 16:34:47 - [TEST_STEP][PASSED] - Statement - For ([g = 1, g <= BatchNumber - 1, (g++)]): null

2018-06-09 16:34:47 - [TEST_STEP][PASSED] - selectOptionByIndex: All options with index in [1] are selected on object 'Object Repository/DispensaryToStore/Page_Store/select_--Select--BA1170BA2376B'

2018-06-09 16:34:47 - [MESSAGE][PASSED] - All options with index in [1] are selected on object 'Object Repository/DispensaryToStore/Page_Store/select_--Select--BA1170BA2376B'

2018-06-09 16:34:47 - [TEST_STEP][PASSED] - Statement - Try: null

2018-06-09 16:34:47 - [TEST_STEP][PASSED] - Statement - StockQty = com.kms.katalon.core.webui.keyword.WebUiBuiltInKeywords.getAttribute(com.kms.katalon.core.testobject.ObjectRepository.findTestObject(DispensaryToStore/Page_Store/input_txtprice), "value"): Attribute 'value' of object 'Object Repository/DispensaryToStore/Page_Store/input_txtprice' is: ''

2018-06-09 16:34:47 - [MESSAGE][PASSED] - Attribute 'value' of object 'Object Repository/DispensaryToStore/Page_Store/input_txtprice' is: ''

2018-06-09 16:34:47 - [TEST_STEP][PASSED] - Statement - out.println("Stock QTY : " + StockQty): null

2018-06-09 16:34:47 - [TEST_STEP][PASSED] - delay: Delayed 2 second(s)

2018-06-09 16:34:49 - [MESSAGE][PASSED] - Delayed 2 second(s)

2018-06-09 16:34:49 - [TEST_STEP][PASSED] - Statement - If (java.lang.String.valueOf(StockQty) >= java.lang.String.valueOf(RequestedQty)): null

2018-06-09 16:34:49 - [TEST_STEP][PASSED] - Statement - Else: null

2018-06-09 16:34:49 - [TEST_STEP][PASSED] - Statement - out.println("Stock Is Less Than Requested Qty"): null

2018-06-09 16:34:49 - [TEST_STEP][PASSED] - selectOptionByIndex: All options with index in [2] are selected on object 'Object Repository/DispensaryToStore/Page_Store/select_--Select--BA1170BA2376B'

2018-06-09 16:34:49 - [MESSAGE][PASSED] - All options with index in [2] are selected on object 'Object Repository/DispensaryToStore/Page_Store/select_--Select--BA1170BA2376B'

2018-06-09 16:34:49 - [TEST_STEP][PASSED] - Statement - Try: null

2018-06-09 16:34:49 - [TEST_STEP][PASSED] - Statement - StockQty = com.kms.katalon.core.webui.keyword.WebUiBuiltInKeywords.getAttribute(com.kms.katalon.core.testobject.ObjectRepository.findTestObject(DispensaryToStore/Page_Store/input_txtprice), "value"): Attribute 'value' of object 'Object Repository/DispensaryToStore/Page_Store/input_txtprice' is: '990'

2018-06-09 16:34:49 - [MESSAGE][PASSED] - Attribute 'value' of object 'Object Repository/DispensaryToStore/Page_Store/input_txtprice' is: '990'

2018-06-09 16:34:49 - [TEST_STEP][PASSED] - Statement - out.println("Stock QTY : " + StockQty): null

2018-06-09 16:34:49 - [TEST_STEP][PASSED] - delay: Delayed 2 second(s)

2018-06-09 16:34:51 - [MESSAGE][PASSED] - Delayed 2 second(s)

2018-06-09 16:34:51 - [TEST_STEP][PASSED] - Statement - If (java.lang.String.valueOf(StockQty) >= java.lang.String.valueOf(RequestedQty)): null

2018-06-09 16:34:51 - [TEST_STEP][PASSED] - setText: Text '10' is set on object 'Object Repository/DispensaryToStore/Page_Store/input_txtqty'

2018-06-09 16:34:51 - [MESSAGE][PASSED] - Text '10' is set on object 'Object Repository/DispensaryToStore/Page_Store/input_txtqty'

2018-06-09 16:34:51 - [TEST_STEP][PASSED] - click: Object: 'Object Repository/DispensaryToStore/Page_Store/button_Add' is clicked on

2018-06-09 16:34:51 - [MESSAGE][PASSED] - Object: 'Object Repository/DispensaryToStore/Page_Store/button_Add' is clicked on

2018-06-09 16:34:51 - [TEST_STEP][PASSED] - Statement - Break: null

2018-06-09 16:34:51 - [TEST_STEP][PASSED] - selectOptionByIndex: All options with index in [17] are selected on object 'Object Repository/DispensaryToStore/Page_Store/select_--Select--Adernaline 0.'

2018-06-09 16:34:52 - [MESSAGE][PASSED] - All options with index in [17] are selected on object 'Object Repository/DispensaryToStore/Page_Store/select_--Select--Adernaline 0.'

2018-06-09 16:34:52 - [TEST_STEP][PASSED] - delay: Delayed 2 second(s)

2018-06-09 16:34:54 - [MESSAGE][PASSED] - Delayed 2 second(s)

2018-06-09 16:34:54 - [TEST_STEP][PASSED] - Statement - RequestedQty = com.kms.katalon.core.webui.keyword.WebUiBuiltInKeywords.getAttribute(com.kms.katalon.core.testobject.ObjectRepository.findTestObject(DispensaryToStore/Page_Store/input_txttotal), "value"): Attribute 'value' of object 'Object Repository/DispensaryToStore/Page_Store/input_txttotal' is: '10'

2018-06-09 16:34:54 - [MESSAGE][PASSED] - Attribute 'value' of object 'Object Repository/DispensaryToStore/Page_Store/input_txttotal' is: '10'

2018-06-09 16:34:54 - [TEST_STEP][PASSED] - Statement - out.println("Requested QTY : " + RequestedQty): null

2018-06-09 16:34:54 - [TEST_STEP][PASSED] - Statement - BatchNumber = com.kms.katalon.core.webui.keyword.WebUiBuiltInKeywords.getNumberOfTotalOption(com.kms.katalon.core.testobject.ObjectRepository.findTestObject(DispensaryToStore/Page_Store/select_--Select--BA1170BA2376B)): 4 options of object 'Object Repository/DispensaryToStore/Page_Store/select_--Select--BA1170BA2376B' counted

2018-06-09 16:34:54 - [MESSAGE][PASSED] - 4 options of object 'Object Repository/DispensaryToStore/Page_Store/select_--Select--BA1170BA2376B' counted

2018-06-09 16:34:54 - [TEST_STEP][PASSED] - Statement - For ([g = 1, g <= BatchNumber - 1, (g++)]): null

2018-06-09 16:34:54 - [TEST_STEP][PASSED] - selectOptionByIndex: All options with index in [1] are selected on object 'Object Repository/DispensaryToStore/Page_Store/select_--Select--BA1170BA2376B'

2018-06-09 16:34:54 - [MESSAGE][PASSED] - All options with index in [1] are selected on object 'Object Repository/DispensaryToStore/Page_Store/select_--Select--BA1170BA2376B'

2018-06-09 16:34:54 - [TEST_STEP][PASSED] - Statement - Try: null

2018-06-09 16:34:54 - [TEST_STEP][PASSED] - Statement - StockQty = com.kms.katalon.core.webui.keyword.WebUiBuiltInKeywords.getAttribute(com.kms.katalon.core.testobject.ObjectRepository.findTestObject(DispensaryToStore/Page_Store/input_txtprice), "value"): Attribute 'value' of object 'Object Repository/DispensaryToStore/Page_Store/input_txtprice' is: '610'

2018-06-09 16:34:54 - [MESSAGE][PASSED] - Attribute 'value' of object 'Object Repository/DispensaryToStore/Page_Store/input_txtprice' is: '610'

2018-06-09 16:34:54 - [TEST_STEP][PASSED] - Statement - out.println("Stock QTY : " + StockQty): null

2018-06-09 16:34:54 - [TEST_STEP][PASSED] - delay: Delayed 2 second(s)

2018-06-09 16:34:56 - [MESSAGE][PASSED] - Delayed 2 second(s)

2018-06-09 16:34:56 - [TEST_STEP][PASSED] - Statement - If (java.lang.String.valueOf(StockQty) >= java.lang.String.valueOf(RequestedQty)): null

2018-06-09 16:34:56 - [TEST_STEP][PASSED] - setText: Text '10' is set on object 'Object Repository/DispensaryToStore/Page_Store/input_txtqty'

2018-06-09 16:34:56 - [MESSAGE][PASSED] - Text '10' is set on object 'Object Repository/DispensaryToStore/Page_Store/input_txtqty'

2018-06-09 16:34:56 - [TEST_STEP][PASSED] - click: Object: 'Object Repository/DispensaryToStore/Page_Store/button_Add' is clicked on

2018-06-09 16:34:56 - [MESSAGE][PASSED] - Object: 'Object Repository/DispensaryToStore/Page_Store/button_Add' is clicked on

2018-06-09 16:34:56 - [TEST_STEP][PASSED] - Statement - Break: null

2018-06-09 16:34:56 - [TEST_STEP][PASSED] - selectOptionByIndex: All options with index in [18] are selected on object 'Object Repository/DispensaryToStore/Page_Store/select_--Select--Adernaline 0.'

2018-06-09 16:34:56 - [MESSAGE][PASSED] - All options with index in [18] are selected on object 'Object Repository/DispensaryToStore/Page_Store/select_--Select--Adernaline 0.'

2018-06-09 16:34:56 - [TEST_STEP][PASSED] - delay: Delayed 2 second(s)

2018-06-09 16:34:58 - [MESSAGE][PASSED] - Delayed 2 second(s)

2018-06-09 16:34:58 - [TEST_STEP][PASSED] - Statement - RequestedQty = com.kms.katalon.core.webui.keyword.WebUiBuiltInKeywords.getAttribute(com.kms.katalon.core.testobject.ObjectRepository.findTestObject(DispensaryToStore/Page_Store/input_txttotal), "value"): Attribute 'value' of object 'Object Repository/DispensaryToStore/Page_Store/input_txttotal' is: '10'

2018-06-09 16:34:58 - [MESSAGE][PASSED] - Attribute 'value' of object 'Object Repository/DispensaryToStore/Page_Store/input_txttotal' is: '10'

2018-06-09 16:34:58 - [TEST_STEP][PASSED] - Statement - out.println("Requested QTY : " + RequestedQty): null

2018-06-09 16:34:58 - [TEST_STEP][PASSED] - Statement - BatchNumber = com.kms.katalon.core.webui.keyword.WebUiBuiltInKeywords.getNumberOfTotalOption(com.kms.katalon.core.testobject.ObjectRepository.findTestObject(DispensaryToStore/Page_Store/select_--Select--BA1170BA2376B)): 4 options of object 'Object Repository/DispensaryToStore/Page_Store/select_--Select--BA1170BA2376B' counted

2018-06-09 16:34:58 - [MESSAGE][PASSED] - 4 options of object 'Object Repository/DispensaryToStore/Page_Store/select_--Select--BA1170BA2376B' counted

2018-06-09 16:34:58 - [TEST_STEP][PASSED] - Statement - For ([g = 1, g <= BatchNumber - 1, (g++)]): null

2018-06-09 16:34:58 - [TEST_STEP][PASSED] - selectOptionByIndex: All options with index in [1] are selected on object 'Object Repository/DispensaryToStore/Page_Store/select_--Select--BA1170BA2376B'

2018-06-09 16:34:59 - [MESSAGE][PASSED] - All options with index in [1] are selected on object 'Object Repository/DispensaryToStore/Page_Store/select_--Select--BA1170BA2376B'

2018-06-09 16:34:59 - [TEST_STEP][PASSED] - Statement - Try: null

2018-06-09 16:34:59 - [TEST_STEP][PASSED] - Statement - StockQty = com.kms.katalon.core.webui.keyword.WebUiBuiltInKeywords.getAttribute(com.kms.katalon.core.testobject.ObjectRepository.findTestObject(DispensaryToStore/Page_Store/input_txtprice), "value"): Attribute 'value' of object 'Object Repository/DispensaryToStore/Page_Store/input_txtprice' is: '270'

2018-06-09 16:34:59 - [MESSAGE][PASSED] - Attribute 'value' of object 'Object Repository/DispensaryToStore/Page_Store/input_txtprice' is: '270'

2018-06-09 16:34:59 - [TEST_STEP][PASSED] - Statement - out.println("Stock QTY : " + StockQty): null

2018-06-09 16:34:59 - [TEST_STEP][PASSED] - delay: Delayed 2 second(s)

2018-06-09 16:35:01 - [MESSAGE][PASSED] - Delayed 2 second(s)

2018-06-09 16:35:01 - [TEST_STEP][PASSED] - Statement - If (java.lang.String.valueOf(StockQty) >= java.lang.String.valueOf(RequestedQty)): null

2018-06-09 16:35:01 - [TEST_STEP][PASSED] - setText: Text '10' is set on object 'Object Repository/DispensaryToStore/Page_Store/input_txtqty'

2018-06-09 16:35:01 - [MESSAGE][PASSED] - Text '10' is set on object 'Object Repository/DispensaryToStore/Page_Store/input_txtqty'

2018-06-09 16:35:01 - [TEST_STEP][PASSED] - click: Object: 'Object Repository/DispensaryToStore/Page_Store/button_Add' is clicked on

2018-06-09 16:35:01 - [MESSAGE][PASSED] - Object: 'Object Repository/DispensaryToStore/Page_Store/button_Add' is clicked on

2018-06-09 16:35:01 - [TEST_STEP][PASSED] - Statement - Break: null

2018-06-09 16:35:01 - [TEST_STEP][PASSED] - selectOptionByIndex: All options with index in [19] are selected on object 'Object Repository/DispensaryToStore/Page_Store/select_--Select--Adernaline 0.'

2018-06-09 16:35:01 - [MESSAGE][PASSED] - All options with index in [19] are selected on object 'Object Repository/DispensaryToStore/Page_Store/select_--Select--Adernaline 0.'

2018-06-09 16:35:01 - [TEST_STEP][PASSED] - delay: Delayed 2 second(s)

2018-06-09 16:35:03 - [MESSAGE][PASSED] - Delayed 2 second(s)

2018-06-09 16:35:03 - [TEST_STEP][PASSED] - Statement - RequestedQty = com.kms.katalon.core.webui.keyword.WebUiBuiltInKeywords.getAttribute(com.kms.katalon.core.testobject.ObjectRepository.findTestObject(DispensaryToStore/Page_Store/input_txttotal), "value"): Attribute 'value' of object 'Object Repository/DispensaryToStore/Page_Store/input_txttotal' is: '10'

2018-06-09 16:35:03 - [MESSAGE][PASSED] - Attribute 'value' of object 'Object Repository/DispensaryToStore/Page_Store/input_txttotal' is: '10'

2018-06-09 16:35:03 - [TEST_STEP][PASSED] - Statement - out.println("Requested QTY : " + RequestedQty): null

2018-06-09 16:35:03 - [TEST_STEP][PASSED] - Statement - BatchNumber = com.kms.katalon.core.webui.keyword.WebUiBuiltInKeywords.getNumberOfTotalOption(com.kms.katalon.core.testobject.ObjectRepository.findTestObject(DispensaryToStore/Page_Store/select_--Select--BA1170BA2376B)): 4 options of object 'Object Repository/DispensaryToStore/Page_Store/select_--Select--BA1170BA2376B' counted

2018-06-09 16:35:03 - [MESSAGE][PASSED] - 4 options of object 'Object Repository/DispensaryToStore/Page_Store/select_--Select--BA1170BA2376B' counted

2018-06-09 16:35:03 - [TEST_STEP][PASSED] - Statement - For ([g = 1, g <= BatchNumber - 1, (g++)]): null

2018-06-09 16:35:03 - [TEST_STEP][PASSED] - selectOptionByIndex: All options with index in [1] are selected on object 'Object Repository/DispensaryToStore/Page_Store/select_--Select--BA1170BA2376B'

2018-06-09 16:35:03 - [MESSAGE][PASSED] - All options with index in [1] are selected on object 'Object Repository/DispensaryToStore/Page_Store/select_--Select--BA1170BA2376B'

2018-06-09 16:35:03 - [TEST_STEP][PASSED] - Statement - Try: null

2018-06-09 16:35:03 - [TEST_STEP][PASSED] - Statement - StockQty = com.kms.katalon.core.webui.keyword.WebUiBuiltInKeywords.getAttribute(com.kms.katalon.core.testobject.ObjectRepository.findTestObject(DispensaryToStore/Page_Store/input_txtprice), "value"): Attribute 'value' of object 'Object Repository/DispensaryToStore/Page_Store/input_txtprice' is: '2550'

2018-06-09 16:35:03 - [MESSAGE][PASSED] - Attribute 'value' of object 'Object Repository/DispensaryToStore/Page_Store/input_txtprice' is: '2550'

2018-06-09 16:35:03 - [TEST_STEP][PASSED] - Statement - out.println("Stock QTY : " + StockQty): null

2018-06-09 16:35:03 - [TEST_STEP][PASSED] - delay: Delayed 2 second(s)

2018-06-09 16:35:05 - [MESSAGE][PASSED] - Delayed 2 second(s)

2018-06-09 16:35:05 - [TEST_STEP][PASSED] - Statement - If (java.lang.String.valueOf(StockQty) >= java.lang.String.valueOf(RequestedQty)): null

2018-06-09 16:35:05 - [TEST_STEP][PASSED] - setText: Text '10' is set on object 'Object Repository/DispensaryToStore/Page_Store/input_txtqty'

2018-06-09 16:35:05 - [MESSAGE][PASSED] - Text '10' is set on object 'Object Repository/DispensaryToStore/Page_Store/input_txtqty'

2018-06-09 16:35:05 - [TEST_STEP][PASSED] - click: Object: 'Object Repository/DispensaryToStore/Page_Store/button_Add' is clicked on

2018-06-09 16:35:06 - [MESSAGE][PASSED] - Object: 'Object Repository/DispensaryToStore/Page_Store/button_Add' is clicked on

2018-06-09 16:35:06 - [TEST_STEP][PASSED] - Statement - Break: null

2018-06-09 16:35:06 - [TEST_STEP][PASSED] - selectOptionByIndex: All options with index in [20] are selected on object 'Object Repository/DispensaryToStore/Page_Store/select_--Select--Adernaline 0.'

2018-06-09 16:35:06 - [MESSAGE][PASSED] - All options with index in [20] are selected on object 'Object Repository/DispensaryToStore/Page_Store/select_--Select--Adernaline 0.'

2018-06-09 16:35:06 - [TEST_STEP][PASSED] - delay: Delayed 2 second(s)

2018-06-09 16:35:08 - [MESSAGE][PASSED] - Delayed 2 second(s)

2018-06-09 16:35:08 - [TEST_STEP][PASSED] - Statement - RequestedQty = com.kms.katalon.core.webui.keyword.WebUiBuiltInKeywords.getAttribute(com.kms.katalon.core.testobject.ObjectRepository.findTestObject(DispensaryToStore/Page_Store/input_txttotal), "value"): Attribute 'value' of object 'Object Repository/DispensaryToStore/Page_Store/input_txttotal' is: '10'

2018-06-09 16:35:08 - [MESSAGE][PASSED] - Attribute 'value' of object 'Object Repository/DispensaryToStore/Page_Store/input_txttotal' is: '10'

2018-06-09 16:35:08 - [TEST_STEP][PASSED] - Statement - out.println("Requested QTY : " + RequestedQty): null

2018-06-09 16:35:08 - [TEST_STEP][PASSED] - Statement - BatchNumber = com.kms.katalon.core.webui.keyword.WebUiBuiltInKeywords.getNumberOfTotalOption(com.kms.katalon.core.testobject.ObjectRepository.findTestObject(DispensaryToStore/Page_Store/select_--Select--BA1170BA2376B)): 5 options of object 'Object Repository/DispensaryToStore/Page_Store/select_--Select--BA1170BA2376B' counted

2018-06-09 16:35:08 - [MESSAGE][PASSED] - 5 options of object 'Object Repository/DispensaryToStore/Page_Store/select_--Select--BA1170BA2376B' counted

2018-06-09 16:35:08 - [TEST_STEP][PASSED] - Statement - For ([g = 1, g <= BatchNumber - 1, (g++)]): null

2018-06-09 16:35:08 - [TEST_STEP][PASSED] - selectOptionByIndex: All options with index in [1] are selected on object 'Object Repository/DispensaryToStore/Page_Store/select_--Select--BA1170BA2376B'

2018-06-09 16:35:08 - [MESSAGE][PASSED] - All options with index in [1] are selected on object 'Object Repository/DispensaryToStore/Page_Store/select_--Select--BA1170BA2376B'

2018-06-09 16:35:08 - [TEST_STEP][PASSED] - Statement - Try: null

2018-06-09 16:35:08 - [TEST_STEP][PASSED] - Statement - StockQty = com.kms.katalon.core.webui.keyword.WebUiBuiltInKeywords.getAttribute(com.kms.katalon.core.testobject.ObjectRepository.findTestObject(DispensaryToStore/Page_Store/input_txtprice), "value"): Attribute 'value' of object 'Object Repository/DispensaryToStore/Page_Store/input_txtprice' is: '310'

2018-06-09 16:35:08 - [MESSAGE][PASSED] - Attribute 'value' of object 'Object Repository/DispensaryToStore/Page_Store/input_txtprice' is: '310'

2018-06-09 16:35:08 - [TEST_STEP][PASSED] - Statement - out.println("Stock QTY : " + StockQty): null

2018-06-09 16:35:08 - [TEST_STEP][PASSED] - delay: Delayed 2 second(s)

2018-06-09 16:35:10 - [MESSAGE][PASSED] - Delayed 2 second(s)

2018-06-09 16:35:10 - [TEST_STEP][PASSED] - Statement - If (java.lang.String.valueOf(StockQty) >= java.lang.String.valueOf(RequestedQty)): null

2018-06-09 16:35:10 - [TEST_STEP][PASSED] - setText: Text '10' is set on object 'Object Repository/DispensaryToStore/Page_Store/input_txtqty'

2018-06-09 16:35:10 - [MESSAGE][PASSED] - Text '10' is set on object 'Object Repository/DispensaryToStore/Page_Store/input_txtqty'

2018-06-09 16:35:10 - [TEST_STEP][PASSED] - click: Object: 'Object Repository/DispensaryToStore/Page_Store/button_Add' is clicked on

2018-06-09 16:35:10 - [MESSAGE][PASSED] - Object: 'Object Repository/DispensaryToStore/Page_Store/button_Add' is clicked on

2018-06-09 16:35:10 - [TEST_STEP][PASSED] - Statement - Break: null

2018-06-09 16:35:10 - [TEST_STEP][PASSED] - selectOptionByIndex: All options with index in [21] are selected on object 'Object Repository/DispensaryToStore/Page_Store/select_--Select--Adernaline 0.'

2018-06-09 16:35:11 - [MESSAGE][PASSED] - All options with index in [21] are selected on object 'Object Repository/DispensaryToStore/Page_Store/select_--Select--Adernaline 0.'

2018-06-09 16:35:11 - [TEST_STEP][PASSED] - delay: Delayed 2 second(s)

2018-06-09 16:35:13 - [MESSAGE][PASSED] - Delayed 2 second(s)

2018-06-09 16:35:13 - [TEST_STEP][PASSED] - Statement - RequestedQty = com.kms.katalon.core.webui.keyword.WebUiBuiltInKeywords.getAttribute(com.kms.katalon.core.testobject.ObjectRepository.findTestObject(DispensaryToStore/Page_Store/input_txttotal), "value"): Attribute 'value' of object 'Object Repository/DispensaryToStore/Page_Store/input_txttotal' is: '10'

2018-06-09 16:35:13 - [MESSAGE][PASSED] - Attribute 'value' of object 'Object Repository/DispensaryToStore/Page_Store/input_txttotal' is: '10'

2018-06-09 16:35:13 - [TEST_STEP][PASSED] - Statement - out.println("Requested QTY : " + RequestedQty): null

2018-06-09 16:35:13 - [TEST_STEP][PASSED] - Statement - BatchNumber = com.kms.katalon.core.webui.keyword.WebUiBuiltInKeywords.getNumberOfTotalOption(com.kms.katalon.core.testobject.ObjectRepository.findTestObject(DispensaryToStore/Page_Store/select_--Select--BA1170BA2376B)): 5 options of object 'Object Repository/DispensaryToStore/Page_Store/select_--Select--BA1170BA2376B' counted

2018-06-09 16:35:13 - [MESSAGE][PASSED] - 5 options of object 'Object Repository/DispensaryToStore/Page_Store/select_--Select--BA1170BA2376B' counted

2018-06-09 16:35:13 - [TEST_STEP][PASSED] - Statement - For ([g = 1, g <= BatchNumber - 1, (g++)]): null

2018-06-09 16:35:13 - [TEST_STEP][PASSED] - selectOptionByIndex: All options with index in [1] are selected on object 'Object Repository/DispensaryToStore/Page_Store/select_--Select--BA1170BA2376B'

2018-06-09 16:35:13 - [MESSAGE][PASSED] - All options with index in [1] are selected on object 'Object Repository/DispensaryToStore/Page_Store/select_--Select--BA1170BA2376B'

2018-06-09 16:35:13 - [TEST_STEP][PASSED] - Statement - Try: null

2018-06-09 16:35:13 - [TEST_STEP][PASSED] - Statement - StockQty = com.kms.katalon.core.webui.keyword.WebUiBuiltInKeywords.getAttribute(com.kms.katalon.core.testobject.ObjectRepository.findTestObject(DispensaryToStore/Page_Store/input_txtprice), "value"): Attribute 'value' of object 'Object Repository/DispensaryToStore/Page_Store/input_txtprice' is: '270'

2018-06-09 16:35:13 - [MESSAGE][PASSED] - Attribute 'value' of object 'Object Repository/DispensaryToStore/Page_Store/input_txtprice' is: '270'

2018-06-09 16:35:13 - [TEST_STEP][PASSED] - Statement - out.println("Stock QTY : " + StockQty): null

2018-06-09 16:35:13 - [TEST_STEP][PASSED] - delay: Delayed 2 second(s)

2018-06-09 16:35:15 - [MESSAGE][PASSED] - Delayed 2 second(s)

2018-06-09 16:35:15 - [TEST_STEP][PASSED] - Statement - If (java.lang.String.valueOf(StockQty) >= java.lang.String.valueOf(RequestedQty)): null

2018-06-09 16:35:15 - [TEST_STEP][PASSED] - setText: Text '10' is set on object 'Object Repository/DispensaryToStore/Page_Store/input_txtqty'

2018-06-09 16:35:15 - [MESSAGE][PASSED] - Text '10' is set on object 'Object Repository/DispensaryToStore/Page_Store/input_txtqty'

2018-06-09 16:35:15 - [TEST_STEP][PASSED] - click: Object: 'Object Repository/DispensaryToStore/Page_Store/button_Add' is clicked on

2018-06-09 16:35:15 - [MESSAGE][PASSED] - Object: 'Object Repository/DispensaryToStore/Page_Store/button_Add' is clicked on

2018-06-09 16:35:15 - [TEST_STEP][PASSED] - Statement - Break: null

2018-06-09 16:35:15 - [TEST_STEP][PASSED] - selectOptionByIndex: All options with index in [22] are selected on object 'Object Repository/DispensaryToStore/Page_Store/select_--Select--Adernaline 0.'

2018-06-09 16:35:16 - [MESSAGE][PASSED] - All options with index in [22] are selected on object 'Object Repository/DispensaryToStore/Page_Store/select_--Select--Adernaline 0.'

2018-06-09 16:35:16 - [TEST_STEP][PASSED] - delay: Delayed 2 second(s)

2018-06-09 16:35:18 - [MESSAGE][PASSED] - Delayed 2 second(s)

2018-06-09 16:35:18 - [TEST_STEP][PASSED] - Statement - RequestedQty = com.kms.katalon.core.webui.keyword.WebUiBuiltInKeywords.getAttribute(com.kms.katalon.core.testobject.ObjectRepository.findTestObject(DispensaryToStore/Page_Store/input_txttotal), "value"): Attribute 'value' of object 'Object Repository/DispensaryToStore/Page_Store/input_txttotal' is: '10'

2018-06-09 16:35:18 - [MESSAGE][PASSED] - Attribute 'value' of object 'Object Repository/DispensaryToStore/Page_Store/input_txttotal' is: '10'

2018-06-09 16:35:18 - [TEST_STEP][PASSED] - Statement - out.println("Requested QTY : " + RequestedQty): null

2018-06-09 16:35:18 - [TEST_STEP][PASSED] - Statement - BatchNumber = com.kms.katalon.core.webui.keyword.WebUiBuiltInKeywords.getNumberOfTotalOption(com.kms.katalon.core.testobject.ObjectRepository.findTestObject(DispensaryToStore/Page_Store/select_--Select--BA1170BA2376B)): 3 options of object 'Object Repository/DispensaryToStore/Page_Store/select_--Select--BA1170BA2376B' counted

2018-06-09 16:35:18 - [MESSAGE][PASSED] - 3 options of object 'Object Repository/DispensaryToStore/Page_Store/select_--Select--BA1170BA2376B' counted

2018-06-09 16:35:18 - [TEST_STEP][PASSED] - Statement - For ([g = 1, g <= BatchNumber - 1, (g++)]): null

2018-06-09 16:35:18 - [TEST_STEP][PASSED] - selectOptionByIndex: All options with index in [1] are selected on object 'Object Repository/DispensaryToStore/Page_Store/select_--Select--BA1170BA2376B'

2018-06-09 16:35:18 - [MESSAGE][PASSED] - All options with index in [1] are selected on object 'Object Repository/DispensaryToStore/Page_Store/select_--Select--BA1170BA2376B'

2018-06-09 16:35:18 - [TEST_STEP][PASSED] - Statement - Try: null

2018-06-09 16:35:18 - [TEST_STEP][PASSED] - Statement - StockQty = com.kms.katalon.core.webui.keyword.WebUiBuiltInKeywords.getAttribute(com.kms.katalon.core.testobject.ObjectRepository.findTestObject(DispensaryToStore/Page_Store/input_txtprice), "value"): Attribute 'value' of object 'Object Repository/DispensaryToStore/Page_Store/input_txtprice' is: '1650'

2018-06-09 16:35:18 - [MESSAGE][PASSED] - Attribute 'value' of object 'Object Repository/DispensaryToStore/Page_Store/input_txtprice' is: '1650'

2018-06-09 16:35:18 - [TEST_STEP][PASSED] - Statement - out.println("Stock QTY : " + StockQty): null

2018-06-09 16:35:18 - [TEST_STEP][PASSED] - delay: Delayed 2 second(s)

2018-06-09 16:35:20 - [MESSAGE][PASSED] - Delayed 2 second(s)

2018-06-09 16:35:20 - [TEST_STEP][PASSED] - Statement - If (java.lang.String.valueOf(StockQty) >= java.lang.String.valueOf(RequestedQty)): null

2018-06-09 16:35:20 - [TEST_STEP][PASSED] - setText: Text '10' is set on object 'Object Repository/DispensaryToStore/Page_Store/input_txtqty'

2018-06-09 16:35:20 - [MESSAGE][PASSED] - Text '10' is set on object 'Object Repository/DispensaryToStore/Page_Store/input_txtqty'

2018-06-09 16:35:20 - [TEST_STEP][PASSED] - click: Object: 'Object Repository/DispensaryToStore/Page_Store/button_Add' is clicked on

2018-06-09 16:35:20 - [MESSAGE][PASSED] - Object: 'Object Repository/DispensaryToStore/Page_Store/button_Add' is clicked on

2018-06-09 16:35:20 - [TEST_STEP][PASSED] - Statement - Break: null

2018-06-09 16:35:20 - [TEST_STEP][PASSED] - selectOptionByIndex: All options with index in [23] are selected on object 'Object Repository/DispensaryToStore/Page_Store/select_--Select--Adernaline 0.'

2018-06-09 16:35:20 - [MESSAGE][PASSED] - All options with index in [23] are selected on object 'Object Repository/DispensaryToStore/Page_Store/select_--Select--Adernaline 0.'

2018-06-09 16:35:20 - [TEST_STEP][PASSED] - delay: Delayed 2 second(s)

2018-06-09 16:35:22 - [MESSAGE][PASSED] - Delayed 2 second(s)

2018-06-09 16:35:22 - [TEST_STEP][PASSED] - Statement - RequestedQty = com.kms.katalon.core.webui.keyword.WebUiBuiltInKeywords.getAttribute(com.kms.katalon.core.testobject.ObjectRepository.findTestObject(DispensaryToStore/Page_Store/input_txttotal), "value"): Attribute 'value' of object 'Object Repository/DispensaryToStore/Page_Store/input_txttotal' is: '10'

2018-06-09 16:35:22 - [MESSAGE][PASSED] - Attribute 'value' of object 'Object Repository/DispensaryToStore/Page_Store/input_txttotal' is: '10'

2018-06-09 16:35:22 - [TEST_STEP][PASSED] - Statement - out.println("Requested QTY : " + RequestedQty): null

2018-06-09 16:35:22 - [TEST_STEP][PASSED] - Statement - BatchNumber = com.kms.katalon.core.webui.keyword.WebUiBuiltInKeywords.getNumberOfTotalOption(com.kms.katalon.core.testobject.ObjectRepository.findTestObject(DispensaryToStore/Page_Store/select_--Select--BA1170BA2376B)): 3 options of object 'Object Repository/DispensaryToStore/Page_Store/select_--Select--BA1170BA2376B' counted

2018-06-09 16:35:22 - [MESSAGE][PASSED] - 3 options of object 'Object Repository/DispensaryToStore/Page_Store/select_--Select--BA1170BA2376B' counted

2018-06-09 16:35:22 - [TEST_STEP][PASSED] - Statement - For ([g = 1, g <= BatchNumber - 1, (g++)]): null

2018-06-09 16:35:22 - [TEST_STEP][PASSED] - selectOptionByIndex: All options with index in [1] are selected on object 'Object Repository/DispensaryToStore/Page_Store/select_--Select--BA1170BA2376B'

2018-06-09 16:35:23 - [MESSAGE][PASSED] - All options with index in [1] are selected on object 'Object Repository/DispensaryToStore/Page_Store/select_--Select--BA1170BA2376B'

2018-06-09 16:35:23 - [TEST_STEP][PASSED] - Statement - Try: null

2018-06-09 16:35:23 - [TEST_STEP][PASSED] - Statement - StockQty = com.kms.katalon.core.webui.keyword.WebUiBuiltInKeywords.getAttribute(com.kms.katalon.core.testobject.ObjectRepository.findTestObject(DispensaryToStore/Page_Store/input_txtprice), "value"): Attribute 'value' of object 'Object Repository/DispensaryToStore/Page_Store/input_txtprice' is: '2550'

2018-06-09 16:35:23 - [MESSAGE][PASSED] - Attribute 'value' of object 'Object Repository/DispensaryToStore/Page_Store/input_txtprice' is: '2550'

2018-06-09 16:35:23 - [TEST_STEP][PASSED] - Statement - out.println("Stock QTY : " + StockQty): null

2018-06-09 16:35:23 - [TEST_STEP][PASSED] - delay: Delayed 2 second(s)

2018-06-09 16:35:25 - [MESSAGE][PASSED] - Delayed 2 second(s)

2018-06-09 16:35:25 - [TEST_STEP][PASSED] - Statement - If (java.lang.String.valueOf(StockQty) >= java.lang.String.valueOf(RequestedQty)): null

2018-06-09 16:35:25 - [TEST_STEP][PASSED] - setText: Text '10' is set on object 'Object Repository/DispensaryToStore/Page_Store/input_txtqty'

2018-06-09 16:35:25 - [MESSAGE][PASSED] - Text '10' is set on object 'Object Repository/DispensaryToStore/Page_Store/input_txtqty'

2018-06-09 16:35:25 - [TEST_STEP][PASSED] - click: Object: 'Object Repository/DispensaryToStore/Page_Store/button_Add' is clicked on

2018-06-09 16:35:25 - [MESSAGE][PASSED] - Object: 'Object Repository/DispensaryToStore/Page_Store/button_Add' is clicked on

2018-06-09 16:35:25 - [TEST_STEP][PASSED] - Statement - Break: null

2018-06-09 16:35:25 - [TEST_STEP][PASSED] - selectOptionByIndex: All options with index in [24] are selected on object 'Object Repository/DispensaryToStore/Page_Store/select_--Select--Adernaline 0.'

2018-06-09 16:35:25 - [MESSAGE][PASSED] - All options with index in [24] are selected on object 'Object Repository/DispensaryToStore/Page_Store/select_--Select--Adernaline 0.'

2018-06-09 16:35:25 - [TEST_STEP][PASSED] - delay: Delayed 2 second(s)

2018-06-09 16:35:27 - [MESSAGE][PASSED] - Delayed 2 second(s)

2018-06-09 16:35:27 - [TEST_STEP][PASSED] - Statement - RequestedQty = com.kms.katalon.core.webui.keyword.WebUiBuiltInKeywords.getAttribute(com.kms.katalon.core.testobject.ObjectRepository.findTestObject(DispensaryToStore/Page_Store/input_txttotal), "value"): Attribute 'value' of object 'Object Repository/DispensaryToStore/Page_Store/input_txttotal' is: '10'

2018-06-09 16:35:27 - [MESSAGE][PASSED] - Attribute 'value' of object 'Object Repository/DispensaryToStore/Page_Store/input_txttotal' is: '10'

2018-06-09 16:35:27 - [TEST_STEP][PASSED] - Statement - out.println("Requested QTY : " + RequestedQty): null

2018-06-09 16:35:27 - [TEST_STEP][PASSED] - Statement - BatchNumber = com.kms.katalon.core.webui.keyword.WebUiBuiltInKeywords.getNumberOfTotalOption(com.kms.katalon.core.testobject.ObjectRepository.findTestObject(DispensaryToStore/Page_Store/select_--Select--BA1170BA2376B)): 3 options of object 'Object Repository/DispensaryToStore/Page_Store/select_--Select--BA1170BA2376B' counted

2018-06-09 16:35:27 - [MESSAGE][PASSED] - 3 options of object 'Object Repository/DispensaryToStore/Page_Store/select_--Select--BA1170BA2376B' counted

2018-06-09 16:35:27 - [TEST_STEP][PASSED] - Statement - For ([g = 1, g <= BatchNumber - 1, (g++)]): null

2018-06-09 16:35:27 - [TEST_STEP][PASSED] - selectOptionByIndex: All options with index in [1] are selected on object 'Object Repository/DispensaryToStore/Page_Store/select_--Select--BA1170BA2376B'

2018-06-09 16:35:27 - [MESSAGE][PASSED] - All options with index in [1] are selected on object 'Object Repository/DispensaryToStore/Page_Store/select_--Select--BA1170BA2376B'

2018-06-09 16:35:27 - [TEST_STEP][PASSED] - Statement - Try: null

2018-06-09 16:35:27 - [TEST_STEP][PASSED] - Statement - StockQty = com.kms.katalon.core.webui.keyword.WebUiBuiltInKeywords.getAttribute(com.kms.katalon.core.testobject.ObjectRepository.findTestObject(DispensaryToStore/Page_Store/input_txtprice), "value"): Attribute 'value' of object 'Object Repository/DispensaryToStore/Page_Store/input_txtprice' is: '1650'

2018-06-09 16:35:27 - [MESSAGE][PASSED] - Attribute 'value' of object 'Object Repository/DispensaryToStore/Page_Store/input_txtprice' is: '1650'

2018-06-09 16:35:27 - [TEST_STEP][PASSED] - Statement - out.println("Stock QTY : " + StockQty): null

2018-06-09 16:35:27 - [TEST_STEP][PASSED] - delay: Delayed 2 second(s)

2018-06-09 16:35:30 - [MESSAGE][PASSED] - Delayed 2 second(s)

2018-06-09 16:35:30 - [TEST_STEP][PASSED] - Statement - If (java.lang.String.valueOf(StockQty) >= java.lang.String.valueOf(RequestedQty)): null

2018-06-09 16:35:30 - [TEST_STEP][PASSED] - setText: Text '10' is set on object 'Object Repository/DispensaryToStore/Page_Store/input_txtqty'

2018-06-09 16:35:30 - [MESSAGE][PASSED] - Text '10' is set on object 'Object Repository/DispensaryToStore/Page_Store/input_txtqty'

2018-06-09 16:35:30 - [TEST_STEP][PASSED] - click: Object: 'Object Repository/DispensaryToStore/Page_Store/button_Add' is clicked on

2018-06-09 16:35:30 - [MESSAGE][PASSED] - Object: 'Object Repository/DispensaryToStore/Page_Store/button_Add' is clicked on

2018-06-09 16:35:30 - [TEST_STEP][PASSED] - Statement - Break: null

2018-06-09 16:35:30 - [TEST_STEP][PASSED] - selectOptionByIndex: All options with index in [25] are selected on object 'Object Repository/DispensaryToStore/Page_Store/select_--Select--Adernaline 0.'

2018-06-09 16:35:30 - [MESSAGE][PASSED] - All options with index in [25] are selected on object 'Object Repository/DispensaryToStore/Page_Store/select_--Select--Adernaline 0.'

2018-06-09 16:35:30 - [TEST_STEP][PASSED] - delay: Delayed 2 second(s)

2018-06-09 16:35:32 - [MESSAGE][PASSED] - Delayed 2 second(s)

2018-06-09 16:35:32 - [TEST_STEP][PASSED] - Statement - RequestedQty = com.kms.katalon.core.webui.keyword.WebUiBuiltInKeywords.getAttribute(com.kms.katalon.core.testobject.ObjectRepository.findTestObject(DispensaryToStore/Page_Store/input_txttotal), "value"): Attribute 'value' of object 'Object Repository/DispensaryToStore/Page_Store/input_txttotal' is: '10'

2018-06-09 16:35:32 - [MESSAGE][PASSED] - Attribute 'value' of object 'Object Repository/DispensaryToStore/Page_Store/input_txttotal' is: '10'

2018-06-09 16:35:32 - [TEST_STEP][PASSED] - Statement - out.println("Requested QTY : " + RequestedQty): null

2018-06-09 16:35:32 - [TEST_STEP][PASSED] - Statement - BatchNumber = com.kms.katalon.core.webui.keyword.WebUiBuiltInKeywords.getNumberOfTotalOption(com.kms.katalon.core.testobject.ObjectRepository.findTestObject(DispensaryToStore/Page_Store/select_--Select--BA1170BA2376B)): 4 options of object 'Object Repository/DispensaryToStore/Page_Store/select_--Select--BA1170BA2376B' counted

2018-06-09 16:35:32 - [MESSAGE][PASSED] - 4 options of object 'Object Repository/DispensaryToStore/Page_Store/select_--Select--BA1170BA2376B' counted

2018-06-09 16:35:32 - [TEST_STEP][PASSED] - Statement - For ([g = 1, g <= BatchNumber - 1, (g++)]): null

2018-06-09 16:35:32 - [TEST_STEP][PASSED] - selectOptionByIndex: All options with index in [1] are selected on object 'Object Repository/DispensaryToStore/Page_Store/select_--Select--BA1170BA2376B'

2018-06-09 16:35:32 - [MESSAGE][PASSED] - All options with index in [1] are selected on object 'Object Repository/DispensaryToStore/Page_Store/select_--Select--BA1170BA2376B'

2018-06-09 16:35:32 - [TEST_STEP][PASSED] - Statement - Try: null

2018-06-09 16:35:32 - [TEST_STEP][PASSED] - Statement - StockQty = com.kms.katalon.core.webui.keyword.WebUiBuiltInKeywords.getAttribute(com.kms.katalon.core.testobject.ObjectRepository.findTestObject(DispensaryToStore/Page_Store/input_txtprice), "value"): Attribute 'value' of object 'Object Repository/DispensaryToStore/Page_Store/input_txtprice' is: '610'

2018-06-09 16:35:32 - [MESSAGE][PASSED] - Attribute 'value' of object 'Object Repository/DispensaryToStore/Page_Store/input_txtprice' is: '610'

2018-06-09 16:35:32 - [TEST_STEP][PASSED] - Statement - out.println("Stock QTY : " + StockQty): null

2018-06-09 16:35:32 - [TEST_STEP][PASSED] - delay: Delayed 2 second(s)

2018-06-09 16:35:34 - [MESSAGE][PASSED] - Delayed 2 second(s)

2018-06-09 16:35:34 - [TEST_STEP][PASSED] - Statement - If (java.lang.String.valueOf(StockQty) >= java.lang.String.valueOf(RequestedQty)): null

2018-06-09 16:35:34 - [TEST_STEP][PASSED] - setText: Text '10' is set on object 'Object Repository/DispensaryToStore/Page_Store/input_txtqty'

2018-06-09 16:35:34 - [MESSAGE][PASSED] - Text '10' is set on object 'Object Repository/DispensaryToStore/Page_Store/input_txtqty'

2018-06-09 16:35:34 - [TEST_STEP][PASSED] - click: Object: 'Object Repository/DispensaryToStore/Page_Store/button_Add' is clicked on

2018-06-09 16:35:35 - [MESSAGE][PASSED] - Object: 'Object Repository/DispensaryToStore/Page_Store/button_Add' is clicked on

2018-06-09 16:35:35 - [TEST_STEP][PASSED] - Statement - Break: null

2018-06-09 16:35:35 - [TEST_STEP][PASSED] - selectOptionByIndex: All options with index in [26] are selected on object 'Object Repository/DispensaryToStore/Page_Store/select_--Select--Adernaline 0.'

2018-06-09 16:35:35 - [MESSAGE][PASSED] - All options with index in [26] are selected on object 'Object Repository/DispensaryToStore/Page_Store/select_--Select--Adernaline 0.'

2018-06-09 16:35:35 - [TEST_STEP][PASSED] - delay: Delayed 2 second(s)

2018-06-09 16:35:37 - [MESSAGE][PASSED] - Delayed 2 second(s)

2018-06-09 16:35:37 - [TEST_STEP][PASSED] - Statement - RequestedQty = com.kms.katalon.core.webui.keyword.WebUiBuiltInKeywords.getAttribute(com.kms.katalon.core.testobject.ObjectRepository.findTestObject(DispensaryToStore/Page_Store/input_txttotal), "value"): Attribute 'value' of object 'Object Repository/DispensaryToStore/Page_Store/input_txttotal' is: '10'

2018-06-09 16:35:37 - [MESSAGE][PASSED] - Attribute 'value' of object 'Object Repository/DispensaryToStore/Page_Store/input_txttotal' is: '10'

2018-06-09 16:35:37 - [TEST_STEP][PASSED] - Statement - out.println("Requested QTY : " + RequestedQty): null

2018-06-09 16:35:37 - [TEST_STEP][PASSED] - Statement - BatchNumber = com.kms.katalon.core.webui.keyword.WebUiBuiltInKeywords.getNumberOfTotalOption(com.kms.katalon.core.testobject.ObjectRepository.findTestObject(DispensaryToStore/Page_Store/select_--Select--BA1170BA2376B)): 4 options of object 'Object Repository/DispensaryToStore/Page_Store/select_--Select--BA1170BA2376B' counted

2018-06-09 16:35:37 - [MESSAGE][PASSED] - 4 options of object 'Object Repository/DispensaryToStore/Page_Store/select_--Select--BA1170BA2376B' counted

2018-06-09 16:35:37 - [TEST_STEP][PASSED] - Statement - For ([g = 1, g <= BatchNumber - 1, (g++)]): null

2018-06-09 16:35:37 - [TEST_STEP][PASSED] - selectOptionByIndex: All options with index in [1] are selected on object 'Object Repository/DispensaryToStore/Page_Store/select_--Select--BA1170BA2376B'

2018-06-09 16:35:37 - [MESSAGE][PASSED] - All options with index in [1] are selected on object 'Object Repository/DispensaryToStore/Page_Store/select_--Select--BA1170BA2376B'

2018-06-09 16:35:37 - [TEST_STEP][PASSED] - Statement - Try: null

2018-06-09 16:35:37 - [TEST_STEP][PASSED] - Statement - StockQty = com.kms.katalon.core.webui.keyword.WebUiBuiltInKeywords.getAttribute(com.kms.katalon.core.testobject.ObjectRepository.findTestObject(DispensaryToStore/Page_Store/input_txtprice), "value"): Attribute 'value' of object 'Object Repository/DispensaryToStore/Page_Store/input_txtprice' is: '270'

2018-06-09 16:35:37 - [MESSAGE][PASSED] - Attribute 'value' of object 'Object Repository/DispensaryToStore/Page_Store/input_txtprice' is: '270'

2018-06-09 16:35:37 - [TEST_STEP][PASSED] - Statement - out.println("Stock QTY : " + StockQty): null

2018-06-09 16:35:37 - [TEST_STEP][PASSED] - delay: Delayed 2 second(s)

2018-06-09 16:35:39 - [MESSAGE][PASSED] - Delayed 2 second(s)

2018-06-09 16:35:39 - [TEST_STEP][PASSED] - Statement - If (java.lang.String.valueOf(StockQty) >= java.lang.String.valueOf(RequestedQty)): null

2018-06-09 16:35:39 - [TEST_STEP][PASSED] - setText: Text '10' is set on object 'Object Repository/DispensaryToStore/Page_Store/input_txtqty'

2018-06-09 16:35:39 - [MESSAGE][PASSED] - Text '10' is set on object 'Object Repository/DispensaryToStore/Page_Store/input_txtqty'

2018-06-09 16:35:39 - [TEST_STEP][PASSED] - click: Object: 'Object Repository/DispensaryToStore/Page_Store/button_Add' is clicked on

2018-06-09 16:35:39 - [MESSAGE][PASSED] - Object: 'Object Repository/DispensaryToStore/Page_Store/button_Add' is clicked on

2018-06-09 16:35:39 - [TEST_STEP][PASSED] - Statement - Break: null

2018-06-09 16:35:39 - [TEST_STEP][PASSED] - selectOptionByIndex: All options with index in [27] are selected on object 'Object Repository/DispensaryToStore/Page_Store/select_--Select--Adernaline 0.'

2018-06-09 16:35:40 - [MESSAGE][PASSED] - All options with index in [27] are selected on object 'Object Repository/DispensaryToStore/Page_Store/select_--Select--Adernaline 0.'

2018-06-09 16:35:40 - [TEST_STEP][PASSED] - delay: Delayed 2 second(s)

2018-06-09 16:35:42 - [MESSAGE][PASSED] - Delayed 2 second(s)

2018-06-09 16:35:42 - [TEST_STEP][PASSED] - Statement - RequestedQty = com.kms.katalon.core.webui.keyword.WebUiBuiltInKeywords.getAttribute(com.kms.katalon.core.testobject.ObjectRepository.findTestObject(DispensaryToStore/Page_Store/input_txttotal), "value"): Attribute 'value' of object 'Object Repository/DispensaryToStore/Page_Store/input_txttotal' is: '10'

2018-06-09 16:35:42 - [MESSAGE][PASSED] - Attribute 'value' of object 'Object Repository/DispensaryToStore/Page_Store/input_txttotal' is: '10'

2018-06-09 16:35:42 - [TEST_STEP][PASSED] - Statement - out.println("Requested QTY : " + RequestedQty): null

2018-06-09 16:35:42 - [TEST_STEP][PASSED] - Statement - BatchNumber = com.kms.katalon.core.webui.keyword.WebUiBuiltInKeywords.getNumberOfTotalOption(com.kms.katalon.core.testobject.ObjectRepository.findTestObject(DispensaryToStore/Page_Store/select_--Select--BA1170BA2376B)): 4 options of object 'Object Repository/DispensaryToStore/Page_Store/select_--Select--BA1170BA2376B' counted

2018-06-09 16:35:42 - [MESSAGE][PASSED] - 4 options of object 'Object Repository/DispensaryToStore/Page_Store/select_--Select--BA1170BA2376B' counted

2018-06-09 16:35:42 - [TEST_STEP][PASSED] - Statement - For ([g = 1, g <= BatchNumber - 1, (g++)]): null

2018-06-09 16:35:42 - [TEST_STEP][PASSED] - selectOptionByIndex: All options with index in [1] are selected on object 'Object Repository/DispensaryToStore/Page_Store/select_--Select--BA1170BA2376B'

2018-06-09 16:35:42 - [MESSAGE][PASSED] - All options with index in [1] are selected on object 'Object Repository/DispensaryToStore/Page_Store/select_--Select--BA1170BA2376B'

2018-06-09 16:35:42 - [TEST_STEP][PASSED] - Statement - Try: null

2018-06-09 16:35:42 - [TEST_STEP][PASSED] - Statement - StockQty = com.kms.katalon.core.webui.keyword.WebUiBuiltInKeywords.getAttribute(com.kms.katalon.core.testobject.ObjectRepository.findTestObject(DispensaryToStore/Page_Store/input_txtprice), "value"): Attribute 'value' of object 'Object Repository/DispensaryToStore/Page_Store/input_txtprice' is: '270'

2018-06-09 16:35:42 - [MESSAGE][PASSED] - Attribute 'value' of object 'Object Repository/DispensaryToStore/Page_Store/input_txtprice' is: '270'

2018-06-09 16:35:42 - [TEST_STEP][PASSED] - Statement - out.println("Stock QTY : " + StockQty): null

2018-06-09 16:35:42 - [TEST_STEP][PASSED] - delay: Delayed 2 second(s)

2018-06-09 16:35:44 - [MESSAGE][PASSED] - Delayed 2 second(s)

2018-06-09 16:35:44 - [TEST_STEP][PASSED] - Statement - If (java.lang.String.valueOf(StockQty) >= java.lang.String.valueOf(RequestedQty)): null

2018-06-09 16:35:44 - [TEST_STEP][PASSED] - setText: Text '10' is set on object 'Object Repository/DispensaryToStore/Page_Store/input_txtqty'

2018-06-09 16:35:44 - [MESSAGE][PASSED] - Text '10' is set on object 'Object Repository/DispensaryToStore/Page_Store/input_txtqty'

2018-06-09 16:35:44 - [TEST_STEP][PASSED] - click: Object: 'Object Repository/DispensaryToStore/Page_Store/button_Add' is clicked on

2018-06-09 16:35:44 - [MESSAGE][PASSED] - Object: 'Object Repository/DispensaryToStore/Page_Store/button_Add' is clicked on

2018-06-09 16:35:44 - [TEST_STEP][PASSED] - Statement - Break: null

2018-06-09 16:35:44 - [TEST_STEP][PASSED] - selectOptionByIndex: All options with index in [28] are selected on object 'Object Repository/DispensaryToStore/Page_Store/select_--Select--Adernaline 0.'

2018-06-09 16:35:45 - [MESSAGE][PASSED] - All options with index in [28] are selected on object 'Object Repository/DispensaryToStore/Page_Store/select_--Select--Adernaline 0.'

2018-06-09 16:35:45 - [TEST_STEP][PASSED] - delay: Delayed 2 second(s)

2018-06-09 16:35:47 - [MESSAGE][PASSED] - Delayed 2 second(s)

2018-06-09 16:35:47 - [TEST_STEP][PASSED] - Statement - RequestedQty = com.kms.katalon.core.webui.keyword.WebUiBuiltInKeywords.getAttribute(com.kms.katalon.core.testobject.ObjectRepository.findTestObject(DispensaryToStore/Page_Store/input_txttotal), "value"): Attribute 'value' of object 'Object Repository/DispensaryToStore/Page_Store/input_txttotal' is: '10'

2018-06-09 16:35:47 - [MESSAGE][PASSED] - Attribute 'value' of object 'Object Repository/DispensaryToStore/Page_Store/input_txttotal' is: '10'

2018-06-09 16:35:47 - [TEST_STEP][PASSED] - Statement - out.println("Requested QTY : " + RequestedQty): null

2018-06-09 16:35:47 - [TEST_STEP][PASSED] - Statement - BatchNumber = com.kms.katalon.core.webui.keyword.WebUiBuiltInKeywords.getNumberOfTotalOption(com.kms.katalon.core.testobject.ObjectRepository.findTestObject(DispensaryToStore/Page_Store/select_--Select--BA1170BA2376B)): 4 options of object 'Object Repository/DispensaryToStore/Page_Store/select_--Select--BA1170BA2376B' counted

2018-06-09 16:35:47 - [MESSAGE][PASSED] - 4 options of object 'Object Repository/DispensaryToStore/Page_Store/select_--Select--BA1170BA2376B' counted

2018-06-09 16:35:47 - [TEST_STEP][PASSED] - Statement - For ([g = 1, g <= BatchNumber - 1, (g++)]): null

2018-06-09 16:35:47 - [TEST_STEP][PASSED] - selectOptionByIndex: All options with index in [1] are selected on object 'Object Repository/DispensaryToStore/Page_Store/select_--Select--BA1170BA2376B'

2018-06-09 16:35:47 - [MESSAGE][PASSED] - All options with index in [1] are selected on object 'Object Repository/DispensaryToStore/Page_Store/select_--Select--BA1170BA2376B'

2018-06-09 16:35:47 - [TEST_STEP][PASSED] - Statement - Try: null

2018-06-09 16:35:47 - [TEST_STEP][PASSED] - Statement - StockQty = com.kms.katalon.core.webui.keyword.WebUiBuiltInKeywords.getAttribute(com.kms.katalon.core.testobject.ObjectRepository.findTestObject(DispensaryToStore/Page_Store/input_txtprice), "value"): Attribute 'value' of object 'Object Repository/DispensaryToStore/Page_Store/input_txtprice' is: '610'

2018-06-09 16:35:47 - [MESSAGE][PASSED] - Attribute 'value' of object 'Object Repository/DispensaryToStore/Page_Store/input_txtprice' is: '610'

2018-06-09 16:35:47 - [TEST_STEP][PASSED] - Statement - out.println("Stock QTY : " + StockQty): null

2018-06-09 16:35:47 - [TEST_STEP][PASSED] - delay: Delayed 2 second(s)

2018-06-09 16:35:49 - [MESSAGE][PASSED] - Delayed 2 second(s)

2018-06-09 16:35:49 - [TEST_STEP][PASSED] - Statement - If (java.lang.String.valueOf(StockQty) >= java.lang.String.valueOf(RequestedQty)): null

2018-06-09 16:35:49 - [TEST_STEP][PASSED] - setText: Text '10' is set on object 'Object Repository/DispensaryToStore/Page_Store/input_txtqty'

2018-06-09 16:35:49 - [MESSAGE][PASSED] - Text '10' is set on object 'Object Repository/DispensaryToStore/Page_Store/input_txtqty'

2018-06-09 16:35:49 - [TEST_STEP][PASSED] - click: Object: 'Object Repository/DispensaryToStore/Page_Store/button_Add' is clicked on

2018-06-09 16:35:49 - [MESSAGE][PASSED] - Object: 'Object Repository/DispensaryToStore/Page_Store/button_Add' is clicked on

2018-06-09 16:35:49 - [TEST_STEP][PASSED] - Statement - Break: null

2018-06-09 16:35:49 - [TEST_STEP][PASSED] - selectOptionByIndex: All options with index in [29] are selected on object 'Object Repository/DispensaryToStore/Page_Store/select_--Select--Adernaline 0.'

2018-06-09 16:35:50 - [MESSAGE][PASSED] - All options with index in [29] are selected on object 'Object Repository/DispensaryToStore/Page_Store/select_--Select--Adernaline 0.'

2018-06-09 16:35:50 - [TEST_STEP][PASSED] - delay: Delayed 2 second(s)

2018-06-09 16:35:52 - [MESSAGE][PASSED] - Delayed 2 second(s)

2018-06-09 16:35:52 - [TEST_STEP][PASSED] - Statement - RequestedQty = com.kms.katalon.core.webui.keyword.WebUiBuiltInKeywords.getAttribute(com.kms.katalon.core.testobject.ObjectRepository.findTestObject(DispensaryToStore/Page_Store/input_txttotal), "value"): Attribute 'value' of object 'Object Repository/DispensaryToStore/Page_Store/input_txttotal' is: '10'

2018-06-09 16:35:52 - [MESSAGE][PASSED] - Attribute 'value' of object 'Object Repository/DispensaryToStore/Page_Store/input_txttotal' is: '10'

2018-06-09 16:35:52 - [TEST_STEP][PASSED] - Statement - out.println("Requested QTY : " + RequestedQty): null

2018-06-09 16:35:52 - [TEST_STEP][PASSED] - Statement - BatchNumber = com.kms.katalon.core.webui.keyword.WebUiBuiltInKeywords.getNumberOfTotalOption(com.kms.katalon.core.testobject.ObjectRepository.findTestObject(DispensaryToStore/Page_Store/select_--Select--BA1170BA2376B)): 3 options of object 'Object Repository/DispensaryToStore/Page_Store/select_--Select--BA1170BA2376B' counted

2018-06-09 16:35:52 - [MESSAGE][PASSED] - 3 options of object 'Object Repository/DispensaryToStore/Page_Store/select_--Select--BA1170BA2376B' counted

2018-06-09 16:35:52 - [TEST_STEP][PASSED] - Statement - For ([g = 1, g <= BatchNumber - 1, (g++)]): null

2018-06-09 16:35:52 - [TEST_STEP][PASSED] - selectOptionByIndex: All options with index in [1] are selected on object 'Object Repository/DispensaryToStore/Page_Store/select_--Select--BA1170BA2376B'

2018-06-09 16:35:52 - [MESSAGE][PASSED] - All options with index in [1] are selected on object 'Object Repository/DispensaryToStore/Page_Store/select_--Select--BA1170BA2376B'

2018-06-09 16:35:52 - [TEST_STEP][PASSED] - Statement - Try: null

2018-06-09 16:35:52 - [TEST_STEP][PASSED] - Statement - StockQty = com.kms.katalon.core.webui.keyword.WebUiBuiltInKeywords.getAttribute(com.kms.katalon.core.testobject.ObjectRepository.findTestObject(DispensaryToStore/Page_Store/input_txtprice), "value"): Attribute 'value' of object 'Object Repository/DispensaryToStore/Page_Store/input_txtprice' is: '1650'

2018-06-09 16:35:52 - [MESSAGE][PASSED] - Attribute 'value' of object 'Object Repository/DispensaryToStore/Page_Store/input_txtprice' is: '1650'

2018-06-09 16:35:52 - [TEST_STEP][PASSED] - Statement - out.println("Stock QTY : " + StockQty): null

2018-06-09 16:35:52 - [TEST_STEP][PASSED] - delay: Delayed 2 second(s)

2018-06-09 16:35:54 - [MESSAGE][PASSED] - Delayed 2 second(s)

2018-06-09 16:35:54 - [TEST_STEP][PASSED] - Statement - If (java.lang.String.valueOf(StockQty) >= java.lang.String.valueOf(RequestedQty)): null

2018-06-09 16:35:54 - [TEST_STEP][PASSED] - setText: Text '10' is set on object 'Object Repository/DispensaryToStore/Page_Store/input_txtqty'

2018-06-09 16:35:54 - [MESSAGE][PASSED] - Text '10' is set on object 'Object Repository/DispensaryToStore/Page_Store/input_txtqty'

2018-06-09 16:35:54 - [TEST_STEP][PASSED] - click: Object: 'Object Repository/DispensaryToStore/Page_Store/button_Add' is clicked on

2018-06-09 16:35:54 - [MESSAGE][PASSED] - Object: 'Object Repository/DispensaryToStore/Page_Store/button_Add' is clicked on

2018-06-09 16:35:54 - [TEST_STEP][PASSED] - Statement - Break: null

2018-06-09 16:35:54 - [TEST_STEP][PASSED] - selectOptionByIndex: All options with index in [30] are selected on object 'Object Repository/DispensaryToStore/Page_Store/select_--Select--Adernaline 0.'

2018-06-09 16:35:54 - [MESSAGE][PASSED] - All options with index in [30] are selected on object 'Object Repository/DispensaryToStore/Page_Store/select_--Select--Adernaline 0.'

2018-06-09 16:35:54 - [TEST_STEP][PASSED] - delay: Delayed 2 second(s)

2018-06-09 16:35:56 - [MESSAGE][PASSED] - Delayed 2 second(s)

2018-06-09 16:35:56 - [TEST_STEP][PASSED] - Statement - RequestedQty = com.kms.katalon.core.webui.keyword.WebUiBuiltInKeywords.getAttribute(com.kms.katalon.core.testobject.ObjectRepository.findTestObject(DispensaryToStore/Page_Store/input_txttotal), "value"): Attribute 'value' of object 'Object Repository/DispensaryToStore/Page_Store/input_txttotal' is: '10'

2018-06-09 16:35:57 - [MESSAGE][PASSED] - Attribute 'value' of object 'Object Repository/DispensaryToStore/Page_Store/input_txttotal' is: '10'

2018-06-09 16:35:57 - [TEST_STEP][PASSED] - Statement - out.println("Requested QTY : " + RequestedQty): null

2018-06-09 16:35:57 - [TEST_STEP][PASSED] - Statement - BatchNumber = com.kms.katalon.core.webui.keyword.WebUiBuiltInKeywords.getNumberOfTotalOption(com.kms.katalon.core.testobject.ObjectRepository.findTestObject(DispensaryToStore/Page_Store/select_--Select--BA1170BA2376B)): 3 options of object 'Object Repository/DispensaryToStore/Page_Store/select_--Select--BA1170BA2376B' counted

2018-06-09 16:35:57 - [MESSAGE][PASSED] - 3 options of object 'Object Repository/DispensaryToStore/Page_Store/select_--Select--BA1170BA2376B' counted

2018-06-09 16:35:57 - [TEST_STEP][PASSED] - Statement - For ([g = 1, g <= BatchNumber - 1, (g++)]): null

2018-06-09 16:35:57 - [TEST_STEP][PASSED] - selectOptionByIndex: All options with index in [1] are selected on object 'Object Repository/DispensaryToStore/Page_Store/select_--Select--BA1170BA2376B'

2018-06-09 16:35:57 - [MESSAGE][PASSED] - All options with index in [1] are selected on object 'Object Repository/DispensaryToStore/Page_Store/select_--Select--BA1170BA2376B'

2018-06-09 16:35:57 - [TEST_STEP][PASSED] - Statement - Try: null

2018-06-09 16:35:57 - [TEST_STEP][PASSED] - Statement - StockQty = com.kms.katalon.core.webui.keyword.WebUiBuiltInKeywords.getAttribute(com.kms.katalon.core.testobject.ObjectRepository.findTestObject(DispensaryToStore/Page_Store/input_txtprice), "value"): Attribute 'value' of object 'Object Repository/DispensaryToStore/Page_Store/input_txtprice' is: '1650'

2018-06-09 16:35:57 - [MESSAGE][PASSED] - Attribute 'value' of object 'Object Repository/DispensaryToStore/Page_Store/input_txtprice' is: '1650'

2018-06-09 16:35:57 - [TEST_STEP][PASSED] - Statement - out.println("Stock QTY : " + StockQty): null

2018-06-09 16:35:57 - [TEST_STEP][PASSED] - delay: Delayed 2 second(s)

2018-06-09 16:35:59 - [MESSAGE][PASSED] - Delayed 2 second(s)

2018-06-09 16:35:59 - [TEST_STEP][PASSED] - Statement - If (java.lang.String.valueOf(StockQty) >= java.lang.String.valueOf(RequestedQty)): null

2018-06-09 16:35:59 - [TEST_STEP][PASSED] - setText: Text '10' is set on object 'Object Repository/DispensaryToStore/Page_Store/input_txtqty'

2018-06-09 16:35:59 - [MESSAGE][PASSED] - Text '10' is set on object 'Object Repository/DispensaryToStore/Page_Store/input_txtqty'

2018-06-09 16:35:59 - [TEST_STEP][PASSED] - click: Object: 'Object Repository/DispensaryToStore/Page_Store/button_Add' is clicked on

2018-06-09 16:35:59 - [MESSAGE][PASSED] - Object: 'Object Repository/DispensaryToStore/Page_Store/button_Add' is clicked on

2018-06-09 16:35:59 - [TEST_STEP][PASSED] - Statement - Break: null

2018-06-09 16:35:59 - [TEST_STEP][PASSED] - selectOptionByIndex: All options with index in [31] are selected on object 'Object Repository/DispensaryToStore/Page_Store/select_--Select--Adernaline 0.'

2018-06-09 16:35:59 - [MESSAGE][PASSED] - All options with index in [31] are selected on object 'Object Repository/DispensaryToStore/Page_Store/select_--Select--Adernaline 0.'

2018-06-09 16:35:59 - [TEST_STEP][PASSED] - delay: Delayed 2 second(s)

2018-06-09 16:36:01 - [MESSAGE][PASSED] - Delayed 2 second(s)

2018-06-09 16:36:01 - [TEST_STEP][PASSED] - Statement - RequestedQty = com.kms.katalon.core.webui.keyword.WebUiBuiltInKeywords.getAttribute(com.kms.katalon.core.testobject.ObjectRepository.findTestObject(DispensaryToStore/Page_Store/input_txttotal), "value"): Attribute 'value' of object 'Object Repository/DispensaryToStore/Page_Store/input_txttotal' is: '10'

2018-06-09 16:36:01 - [MESSAGE][PASSED] - Attribute 'value' of object 'Object Repository/DispensaryToStore/Page_Store/input_txttotal' is: '10'

2018-06-09 16:36:01 - [TEST_STEP][PASSED] - Statement - out.println("Requested QTY : " + RequestedQty): null

2018-06-09 16:36:01 - [TEST_STEP][PASSED] - Statement - BatchNumber = com.kms.katalon.core.webui.keyword.WebUiBuiltInKeywords.getNumberOfTotalOption(com.kms.katalon.core.testobject.ObjectRepository.findTestObject(DispensaryToStore/Page_Store/select_--Select--BA1170BA2376B)): 5 options of object 'Object Repository/DispensaryToStore/Page_Store/select_--Select--BA1170BA2376B' counted

2018-06-09 16:36:01 - [MESSAGE][PASSED] - 5 options of object 'Object Repository/DispensaryToStore/Page_Store/select_--Select--BA1170BA2376B' counted

2018-06-09 16:36:01 - [TEST_STEP][PASSED] - Statement - For ([g = 1, g <= BatchNumber - 1, (g++)]): null

2018-06-09 16:36:01 - [TEST_STEP][PASSED] - selectOptionByIndex: All options with index in [1] are selected on object 'Object Repository/DispensaryToStore/Page_Store/select_--Select--BA1170BA2376B'

2018-06-09 16:36:02 - [MESSAGE][PASSED] - All options with index in [1] are selected on object 'Object Repository/DispensaryToStore/Page_Store/select_--Select--BA1170BA2376B'

2018-06-09 16:36:02 - [TEST_STEP][PASSED] - Statement - Try: null

2018-06-09 16:36:02 - [TEST_STEP][PASSED] - Statement - StockQty = com.kms.katalon.core.webui.keyword.WebUiBuiltInKeywords.getAttribute(com.kms.katalon.core.testobject.ObjectRepository.findTestObject(DispensaryToStore/Page_Store/input_txtprice), "value"): Attribute 'value' of object 'Object Repository/DispensaryToStore/Page_Store/input_txtprice' is: '270'

2018-06-09 16:36:02 - [MESSAGE][PASSED] - Attribute 'value' of object 'Object Repository/DispensaryToStore/Page_Store/input_txtprice' is: '270'

2018-06-09 16:36:02 - [TEST_STEP][PASSED] - Statement - out.println("Stock QTY : " + StockQty): null

2018-06-09 16:36:02 - [TEST_STEP][PASSED] - delay: Delayed 2 second(s)

2018-06-09 16:36:04 - [MESSAGE][PASSED] - Delayed 2 second(s)

2018-06-09 16:36:04 - [TEST_STEP][PASSED] - Statement - If (java.lang.String.valueOf(StockQty) >= java.lang.String.valueOf(RequestedQty)): null

2018-06-09 16:36:04 - [TEST_STEP][PASSED] - setText: Text '10' is set on object 'Object Repository/DispensaryToStore/Page_Store/input_txtqty'

2018-06-09 16:36:04 - [MESSAGE][PASSED] - Text '10' is set on object 'Object Repository/DispensaryToStore/Page_Store/input_txtqty'

2018-06-09 16:36:04 - [TEST_STEP][PASSED] - click: Object: 'Object Repository/DispensaryToStore/Page_Store/button_Add' is clicked on

2018-06-09 16:36:04 - [MESSAGE][PASSED] - Object: 'Object Repository/DispensaryToStore/Page_Store/button_Add' is clicked on

2018-06-09 16:36:04 - [TEST_STEP][PASSED] - Statement - Break: null

2018-06-09 16:36:04 - [TEST_STEP][PASSED] - selectOptionByIndex: All options with index in [32] are selected on object 'Object Repository/DispensaryToStore/Page_Store/select_--Select--Adernaline 0.'

2018-06-09 16:36:04 - [MESSAGE][PASSED] - All options with index in [32] are selected on object 'Object Repository/DispensaryToStore/Page_Store/select_--Select--Adernaline 0.'

2018-06-09 16:36:04 - [TEST_STEP][PASSED] - delay: Delayed 2 second(s)

2018-06-09 16:36:06 - [MESSAGE][PASSED] - Delayed 2 second(s)

2018-06-09 16:36:06 - [TEST_STEP][PASSED] - Statement - RequestedQty = com.kms.katalon.core.webui.keyword.WebUiBuiltInKeywords.getAttribute(com.kms.katalon.core.testobject.ObjectRepository.findTestObject(DispensaryToStore/Page_Store/input_txttotal), "value"): Attribute 'value' of object 'Object Repository/DispensaryToStore/Page_Store/input_txttotal' is: '10'

2018-06-09 16:36:06 - [MESSAGE][PASSED] - Attribute 'value' of object 'Object Repository/DispensaryToStore/Page_Store/input_txttotal' is: '10'

2018-06-09 16:36:06 - [TEST_STEP][PASSED] - Statement - out.println("Requested QTY : " + RequestedQty): null

2018-06-09 16:36:06 - [TEST_STEP][PASSED] - Statement - BatchNumber = com.kms.katalon.core.webui.keyword.WebUiBuiltInKeywords.getNumberOfTotalOption(com.kms.katalon.core.testobject.ObjectRepository.findTestObject(DispensaryToStore/Page_Store/select_--Select--BA1170BA2376B)): 5 options of object 'Object Repository/DispensaryToStore/Page_Store/select_--Select--BA1170BA2376B' counted

2018-06-09 16:36:06 - [MESSAGE][PASSED] - 5 options of object 'Object Repository/DispensaryToStore/Page_Store/select_--Select--BA1170BA2376B' counted

2018-06-09 16:36:06 - [TEST_STEP][PASSED] - Statement - For ([g = 1, g <= BatchNumber - 1, (g++)]): null

2018-06-09 16:36:06 - [TEST_STEP][PASSED] - selectOptionByIndex: All options with index in [1] are selected on object 'Object Repository/DispensaryToStore/Page_Store/select_--Select--BA1170BA2376B'

2018-06-09 16:36:07 - [MESSAGE][PASSED] - All options with index in [1] are selected on object 'Object Repository/DispensaryToStore/Page_Store/select_--Select--BA1170BA2376B'

2018-06-09 16:36:07 - [TEST_STEP][PASSED] - Statement - Try: null

2018-06-09 16:36:07 - [TEST_STEP][PASSED] - Statement - StockQty = com.kms.katalon.core.webui.keyword.WebUiBuiltInKeywords.getAttribute(com.kms.katalon.core.testobject.ObjectRepository.findTestObject(DispensaryToStore/Page_Store/input_txtprice), "value"): Attribute 'value' of object 'Object Repository/DispensaryToStore/Page_Store/input_txtprice' is: '270'

2018-06-09 16:36:07 - [MESSAGE][PASSED] - Attribute 'value' of object 'Object Repository/DispensaryToStore/Page_Store/input_txtprice' is: '270'

2018-06-09 16:36:07 - [TEST_STEP][PASSED] - Statement - out.println("Stock QTY : " + StockQty): null

2018-06-09 16:36:07 - [TEST_STEP][PASSED] - delay: Delayed 2 second(s)

2018-06-09 16:36:09 - [MESSAGE][PASSED] - Delayed 2 second(s)

2018-06-09 16:36:09 - [TEST_STEP][PASSED] - Statement - If (java.lang.String.valueOf(StockQty) >= java.lang.String.valueOf(RequestedQty)): null

2018-06-09 16:36:09 - [TEST_STEP][PASSED] - setText: Text '10' is set on object 'Object Repository/DispensaryToStore/Page_Store/input_txtqty'

2018-06-09 16:36:09 - [MESSAGE][PASSED] - Text '10' is set on object 'Object Repository/DispensaryToStore/Page_Store/input_txtqty'

2018-06-09 16:36:09 - [TEST_STEP][PASSED] - click: Object: 'Object Repository/DispensaryToStore/Page_Store/button_Add' is clicked on

2018-06-09 16:36:09 - [MESSAGE][PASSED] - Object: 'Object Repository/DispensaryToStore/Page_Store/button_Add' is clicked on

2018-06-09 16:36:09 - [TEST_STEP][PASSED] - Statement - Break: null

2018-06-09 16:36:09 - [TEST_STEP][PASSED] - selectOptionByIndex: All options with index in [33] are selected on object 'Object Repository/DispensaryToStore/Page_Store/select_--Select--Adernaline 0.'

2018-06-09 16:36:09 - [MESSAGE][PASSED] - All options with index in [33] are selected on object 'Object Repository/DispensaryToStore/Page_Store/select_--Select--Adernaline 0.'

2018-06-09 16:36:09 - [TEST_STEP][PASSED] - delay: Delayed 2 second(s)

2018-06-09 16:36:11 - [MESSAGE][PASSED] - Delayed 2 second(s)

2018-06-09 16:36:11 - [TEST_STEP][PASSED] - Statement - RequestedQty = com.kms.katalon.core.webui.keyword.WebUiBuiltInKeywords.getAttribute(com.kms.katalon.core.testobject.ObjectRepository.findTestObject(DispensaryToStore/Page_Store/input_txttotal), "value"): Attribute 'value' of object 'Object Repository/DispensaryToStore/Page_Store/input_txttotal' is: '10'

2018-06-09 16:36:11 - [MESSAGE][PASSED] - Attribute 'value' of object 'Object Repository/DispensaryToStore/Page_Store/input_txttotal' is: '10'

2018-06-09 16:36:11 - [TEST_STEP][PASSED] - Statement - out.println("Requested QTY : " + RequestedQty): null

2018-06-09 16:36:11 - [TEST_STEP][PASSED] - Statement - BatchNumber = com.kms.katalon.core.webui.keyword.WebUiBuiltInKeywords.getNumberOfTotalOption(com.kms.katalon.core.testobject.ObjectRepository.findTestObject(DispensaryToStore/Page_Store/select_--Select--BA1170BA2376B)): 3 options of object 'Object Repository/DispensaryToStore/Page_Store/select_--Select--BA1170BA2376B' counted

2018-06-09 16:36:11 - [MESSAGE][PASSED] - 3 options of object 'Object Repository/DispensaryToStore/Page_Store/select_--Select--BA1170BA2376B' counted

2018-06-09 16:36:11 - [TEST_STEP][PASSED] - Statement - For ([g = 1, g <= BatchNumber - 1, (g++)]): null

2018-06-09 16:36:11 - [TEST_STEP][PASSED] - selectOptionByIndex: All options with index in [1] are selected on object 'Object Repository/DispensaryToStore/Page_Store/select_--Select--BA1170BA2376B'

2018-06-09 16:36:11 - [MESSAGE][PASSED] - All options with index in [1] are selected on object 'Object Repository/DispensaryToStore/Page_Store/select_--Select--BA1170BA2376B'

2018-06-09 16:36:11 - [TEST_STEP][PASSED] - Statement - Try: null

2018-06-09 16:36:11 - [TEST_STEP][PASSED] - Statement - StockQty = com.kms.katalon.core.webui.keyword.WebUiBuiltInKeywords.getAttribute(com.kms.katalon.core.testobject.ObjectRepository.findTestObject(DispensaryToStore/Page_Store/input_txtprice), "value"): Attribute 'value' of object 'Object Repository/DispensaryToStore/Page_Store/input_txtprice' is: '1670'

2018-06-09 16:36:12 - [MESSAGE][PASSED] - Attribute 'value' of object 'Object Repository/DispensaryToStore/Page_Store/input_txtprice' is: '1670'

2018-06-09 16:36:12 - [TEST_STEP][PASSED] - Statement - out.println("Stock QTY : " + StockQty): null

2018-06-09 16:36:12 - [TEST_STEP][PASSED] - delay: Delayed 2 second(s)

2018-06-09 16:36:14 - [MESSAGE][PASSED] - Delayed 2 second(s)

2018-06-09 16:36:14 - [TEST_STEP][PASSED] - Statement - If (java.lang.String.valueOf(StockQty) >= java.lang.String.valueOf(RequestedQty)): null

2018-06-09 16:36:14 - [TEST_STEP][PASSED] - setText: Text '10' is set on object 'Object Repository/DispensaryToStore/Page_Store/input_txtqty'

2018-06-09 16:36:14 - [MESSAGE][PASSED] - Text '10' is set on object 'Object Repository/DispensaryToStore/Page_Store/input_txtqty'

2018-06-09 16:36:14 - [TEST_STEP][PASSED] - click: Object: 'Object Repository/DispensaryToStore/Page_Store/button_Add' is clicked on

2018-06-09 16:36:14 - [MESSAGE][PASSED] - Object: 'Object Repository/DispensaryToStore/Page_Store/button_Add' is clicked on

2018-06-09 16:36:14 - [TEST_STEP][PASSED] - Statement - Break: null

2018-06-09 16:36:14 - [TEST_STEP][PASSED] - selectOptionByIndex: All options with index in [34] are selected on object 'Object Repository/DispensaryToStore/Page_Store/select_--Select--Adernaline 0.'

2018-06-09 16:36:14 - [MESSAGE][PASSED] - All options with index in [34] are selected on object 'Object Repository/DispensaryToStore/Page_Store/select_--Select--Adernaline 0.'

2018-06-09 16:36:14 - [TEST_STEP][PASSED] - delay: Delayed 2 second(s)

2018-06-09 16:36:16 - [MESSAGE][PASSED] - Delayed 2 second(s)

2018-06-09 16:36:16 - [TEST_STEP][PASSED] - Statement - RequestedQty = com.kms.katalon.core.webui.keyword.WebUiBuiltInKeywords.getAttribute(com.kms.katalon.core.testobject.ObjectRepository.findTestObject(DispensaryToStore/Page_Store/input_txttotal), "value"): Attribute 'value' of object 'Object Repository/DispensaryToStore/Page_Store/input_txttotal' is: '10'

2018-06-09 16:36:16 - [MESSAGE][PASSED] - Attribute 'value' of object 'Object Repository/DispensaryToStore/Page_Store/input_txttotal' is: '10'

2018-06-09 16:36:16 - [TEST_STEP][PASSED] - Statement - out.println("Requested QTY : " + RequestedQty): null

2018-06-09 16:36:16 - [TEST_STEP][PASSED] - Statement - BatchNumber = com.kms.katalon.core.webui.keyword.WebUiBuiltInKeywords.getNumberOfTotalOption(com.kms.katalon.core.testobject.ObjectRepository.findTestObject(DispensaryToStore/Page_Store/select_--Select--BA1170BA2376B)): 3 options of object 'Object Repository/DispensaryToStore/Page_Store/select_--Select--BA1170BA2376B' counted

2018-06-09 16:36:16 - [MESSAGE][PASSED] - 3 options of object 'Object Repository/DispensaryToStore/Page_Store/select_--Select--BA1170BA2376B' counted

2018-06-09 16:36:16 - [TEST_STEP][PASSED] - Statement - For ([g = 1, g <= BatchNumber - 1, (g++)]): null

2018-06-09 16:36:16 - [TEST_STEP][PASSED] - selectOptionByIndex: All options with index in [1] are selected on object 'Object Repository/DispensaryToStore/Page_Store/select_--Select--BA1170BA2376B'

2018-06-09 16:36:16 - [MESSAGE][PASSED] - All options with index in [1] are selected on object 'Object Repository/DispensaryToStore/Page_Store/select_--Select--BA1170BA2376B'

2018-06-09 16:36:16 - [TEST_STEP][PASSED] - Statement - Try: null

2018-06-09 16:36:16 - [TEST_STEP][PASSED] - Statement - StockQty = com.kms.katalon.core.webui.keyword.WebUiBuiltInKeywords.getAttribute(com.kms.katalon.core.testobject.ObjectRepository.findTestObject(DispensaryToStore/Page_Store/input_txtprice), "value"): Attribute 'value' of object 'Object Repository/DispensaryToStore/Page_Store/input_txtprice' is: '1550'

2018-06-09 16:36:16 - [MESSAGE][PASSED] - Attribute 'value' of object 'Object Repository/DispensaryToStore/Page_Store/input_txtprice' is: '1550'

2018-06-09 16:36:16 - [TEST_STEP][PASSED] - Statement - out.println("Stock QTY : " + StockQty): null

2018-06-09 16:36:16 - [TEST_STEP][PASSED] - delay: Delayed 2 second(s)

2018-06-09 16:36:18 - [MESSAGE][PASSED] - Delayed 2 second(s)

2018-06-09 16:36:18 - [TEST_STEP][PASSED] - Statement - If (java.lang.String.valueOf(StockQty) >= java.lang.String.valueOf(RequestedQty)): null

2018-06-09 16:36:18 - [TEST_STEP][PASSED] - setText: Text '10' is set on object 'Object Repository/DispensaryToStore/Page_Store/input_txtqty'

2018-06-09 16:36:19 - [MESSAGE][PASSED] - Text '10' is set on object 'Object Repository/DispensaryToStore/Page_Store/input_txtqty'

2018-06-09 16:36:19 - [TEST_STEP][PASSED] - click: Object: 'Object Repository/DispensaryToStore/Page_Store/button_Add' is clicked on

2018-06-09 16:36:19 - [MESSAGE][PASSED] - Object: 'Object Repository/DispensaryToStore/Page_Store/button_Add' is clicked on

2018-06-09 16:36:19 - [TEST_STEP][PASSED] - Statement - Break: null

2018-06-09 16:36:19 - [TEST_STEP][PASSED] - selectOptionByIndex: All options with index in [35] are selected on object 'Object Repository/DispensaryToStore/Page_Store/select_--Select--Adernaline 0.'

2018-06-09 16:36:19 - [MESSAGE][PASSED] - All options with index in [35] are selected on object 'Object Repository/DispensaryToStore/Page_Store/select_--Select--Adernaline 0.'

2018-06-09 16:36:19 - [TEST_STEP][PASSED] - delay: Delayed 2 second(s)

2018-06-09 16:36:21 - [MESSAGE][PASSED] - Delayed 2 second(s)

2018-06-09 16:36:21 - [TEST_STEP][PASSED] - Statement - RequestedQty = com.kms.katalon.core.webui.keyword.WebUiBuiltInKeywords.getAttribute(com.kms.katalon.core.testobject.ObjectRepository.findTestObject(DispensaryToStore/Page_Store/input_txttotal), "value"): Attribute 'value' of object 'Object Repository/DispensaryToStore/Page_Store/input_txttotal' is: '10'

2018-06-09 16:36:21 - [MESSAGE][PASSED] - Attribute 'value' of object 'Object Repository/DispensaryToStore/Page_Store/input_txttotal' is: '10'

2018-06-09 16:36:21 - [TEST_STEP][PASSED] - Statement - out.println("Requested QTY : " + RequestedQty): null

2018-06-09 16:36:21 - [TEST_STEP][PASSED] - Statement - BatchNumber = com.kms.katalon.core.webui.keyword.WebUiBuiltInKeywords.getNumberOfTotalOption(com.kms.katalon.core.testobject.ObjectRepository.findTestObject(DispensaryToStore/Page_Store/select_--Select--BA1170BA2376B)): 3 options of object 'Object Repository/DispensaryToStore/Page_Store/select_--Select--BA1170BA2376B' counted

2018-06-09 16:36:21 - [MESSAGE][PASSED] - 3 options of object 'Object Repository/DispensaryToStore/Page_Store/select_--Select--BA1170BA2376B' counted

2018-06-09 16:36:21 - [TEST_STEP][PASSED] - Statement - For ([g = 1, g <= BatchNumber - 1, (g++)]): null

2018-06-09 16:36:21 - [TEST_STEP][PASSED] - selectOptionByIndex: All options with index in [1] are selected on object 'Object Repository/DispensaryToStore/Page_Store/select_--Select--BA1170BA2376B'

2018-06-09 16:36:21 - [MESSAGE][PASSED] - All options with index in [1] are selected on object 'Object Repository/DispensaryToStore/Page_Store/select_--Select--BA1170BA2376B'

2018-06-09 16:36:21 - [TEST_STEP][PASSED] - Statement - Try: null

2018-06-09 16:36:21 - [TEST_STEP][PASSED] - Statement - StockQty = com.kms.katalon.core.webui.keyword.WebUiBuiltInKeywords.getAttribute(com.kms.katalon.core.testobject.ObjectRepository.findTestObject(DispensaryToStore/Page_Store/input_txtprice), "value"): Attribute 'value' of object 'Object Repository/DispensaryToStore/Page_Store/input_txtprice' is: '2550'

2018-06-09 16:36:21 - [MESSAGE][PASSED] - Attribute 'value' of object 'Object Repository/DispensaryToStore/Page_Store/input_txtprice' is: '2550'

2018-06-09 16:36:21 - [TEST_STEP][PASSED] - Statement - out.println("Stock QTY : " + StockQty): null

2018-06-09 16:36:21 - [TEST_STEP][PASSED] - delay: Delayed 2 second(s)

2018-06-09 16:36:23 - [MESSAGE][PASSED] - Delayed 2 second(s)

2018-06-09 16:36:23 - [TEST_STEP][PASSED] - Statement - If (java.lang.String.valueOf(StockQty) >= java.lang.String.valueOf(RequestedQty)): null

2018-06-09 16:36:23 - [TEST_STEP][PASSED] - setText: Text '10' is set on object 'Object Repository/DispensaryToStore/Page_Store/input_txtqty'

2018-06-09 16:36:24 - [MESSAGE][PASSED] - Text '10' is set on object 'Object Repository/DispensaryToStore/Page_Store/input_txtqty'

2018-06-09 16:36:24 - [TEST_STEP][PASSED] - click: Object: 'Object Repository/DispensaryToStore/Page_Store/button_Add' is clicked on

2018-06-09 16:36:24 - [MESSAGE][PASSED] - Object: 'Object Repository/DispensaryToStore/Page_Store/button_Add' is clicked on

2018-06-09 16:36:24 - [TEST_STEP][PASSED] - Statement - Break: null

2018-06-09 16:36:24 - [TEST_STEP][PASSED] - selectOptionByIndex: All options with index in [36] are selected on object 'Object Repository/DispensaryToStore/Page_Store/select_--Select--Adernaline 0.'

2018-06-09 16:36:24 - [MESSAGE][PASSED] - All options with index in [36] are selected on object 'Object Repository/DispensaryToStore/Page_Store/select_--Select--Adernaline 0.'

2018-06-09 16:36:24 - [TEST_STEP][PASSED] - delay: Delayed 2 second(s)

2018-06-09 16:36:26 - [MESSAGE][PASSED] - Delayed 2 second(s)

2018-06-09 16:36:26 - [TEST_STEP][PASSED] - Statement - RequestedQty = com.kms.katalon.core.webui.keyword.WebUiBuiltInKeywords.getAttribute(com.kms.katalon.core.testobject.ObjectRepository.findTestObject(DispensaryToStore/Page_Store/input_txttotal), "value"): Attribute 'value' of object 'Object Repository/DispensaryToStore/Page_Store/input_txttotal' is: '10'

2018-06-09 16:36:26 - [MESSAGE][PASSED] - Attribute 'value' of object 'Object Repository/DispensaryToStore/Page_Store/input_txttotal' is: '10'

2018-06-09 16:36:26 - [TEST_STEP][PASSED] - Statement - out.println("Requested QTY : " + RequestedQty): null

2018-06-09 16:36:26 - [TEST_STEP][PASSED] - Statement - BatchNumber = com.kms.katalon.core.webui.keyword.WebUiBuiltInKeywords.getNumberOfTotalOption(com.kms.katalon.core.testobject.ObjectRepository.findTestObject(DispensaryToStore/Page_Store/select_--Select--BA1170BA2376B)): 5 options of object 'Object Repository/DispensaryToStore/Page_Store/select_--Select--BA1170BA2376B' counted

2018-06-09 16:36:26 - [MESSAGE][PASSED] - 5 options of object 'Object Repository/DispensaryToStore/Page_Store/select_--Select--BA1170BA2376B' counted

2018-06-09 16:36:26 - [TEST_STEP][PASSED] - Statement - For ([g = 1, g <= BatchNumber - 1, (g++)]): null

2018-06-09 16:36:26 - [TEST_STEP][PASSED] - selectOptionByIndex: All options with index in [1] are selected on object 'Object Repository/DispensaryToStore/Page_Store/select_--Select--BA1170BA2376B'

2018-06-09 16:36:26 - [MESSAGE][PASSED] - All options with index in [1] are selected on object 'Object Repository/DispensaryToStore/Page_Store/select_--Select--BA1170BA2376B'

2018-06-09 16:36:26 - [TEST_STEP][PASSED] - Statement - Try: null

2018-06-09 16:36:26 - [TEST_STEP][PASSED] - Statement - StockQty = com.kms.katalon.core.webui.keyword.WebUiBuiltInKeywords.getAttribute(com.kms.katalon.core.testobject.ObjectRepository.findTestObject(DispensaryToStore/Page_Store/input_txtprice), "value"): Attribute 'value' of object 'Object Repository/DispensaryToStore/Page_Store/input_txtprice' is: '610'

2018-06-09 16:36:26 - [MESSAGE][PASSED] - Attribute 'value' of object 'Object Repository/DispensaryToStore/Page_Store/input_txtprice' is: '610'

2018-06-09 16:36:26 - [TEST_STEP][PASSED] - Statement - out.println("Stock QTY : " + StockQty): null

2018-06-09 16:36:26 - [TEST_STEP][PASSED] - delay: Delayed 2 second(s)

2018-06-09 16:36:28 - [MESSAGE][PASSED] - Delayed 2 second(s)

2018-06-09 16:36:28 - [TEST_STEP][PASSED] - Statement - If (java.lang.String.valueOf(StockQty) >= java.lang.String.valueOf(RequestedQty)): null

2018-06-09 16:36:28 - [TEST_STEP][PASSED] - setText: Text '10' is set on object 'Object Repository/DispensaryToStore/Page_Store/input_txtqty'

2018-06-09 16:36:29 - [MESSAGE][PASSED] - Text '10' is set on object 'Object Repository/DispensaryToStore/Page_Store/input_txtqty'

2018-06-09 16:36:29 - [TEST_STEP][PASSED] - click: Object: 'Object Repository/DispensaryToStore/Page_Store/button_Add' is clicked on

2018-06-09 16:36:29 - [MESSAGE][PASSED] - Object: 'Object Repository/DispensaryToStore/Page_Store/button_Add' is clicked on

2018-06-09 16:36:29 - [TEST_STEP][PASSED] - Statement - Break: null

2018-06-09 16:36:29 - [TEST_STEP][PASSED] - selectOptionByIndex: All options with index in [37] are selected on object 'Object Repository/DispensaryToStore/Page_Store/select_--Select--Adernaline 0.'

2018-06-09 16:36:29 - [MESSAGE][PASSED] - All options with index in [37] are selected on object 'Object Repository/DispensaryToStore/Page_Store/select_--Select--Adernaline 0.'

2018-06-09 16:36:29 - [TEST_STEP][PASSED] - delay: Delayed 2 second(s)

2018-06-09 16:36:31 - [MESSAGE][PASSED] - Delayed 2 second(s)

2018-06-09 16:36:31 - [TEST_STEP][PASSED] - Statement - RequestedQty = com.kms.katalon.core.webui.keyword.WebUiBuiltInKeywords.getAttribute(com.kms.katalon.core.testobject.ObjectRepository.findTestObject(DispensaryToStore/Page_Store/input_txttotal), "value"): Attribute 'value' of object 'Object Repository/DispensaryToStore/Page_Store/input_txttotal' is: '10'

2018-06-09 16:36:31 - [MESSAGE][PASSED] - Attribute 'value' of object 'Object Repository/DispensaryToStore/Page_Store/input_txttotal' is: '10'

2018-06-09 16:36:31 - [TEST_STEP][PASSED] - Statement - out.println("Requested QTY : " + RequestedQty): null

2018-06-09 16:36:31 - [TEST_STEP][PASSED] - Statement - BatchNumber = com.kms.katalon.core.webui.keyword.WebUiBuiltInKeywords.getNumberOfTotalOption(com.kms.katalon.core.testobject.ObjectRepository.findTestObject(DispensaryToStore/Page_Store/select_--Select--BA1170BA2376B)): 4 options of object 'Object Repository/DispensaryToStore/Page_Store/select_--Select--BA1170BA2376B' counted

2018-06-09 16:36:31 - [MESSAGE][PASSED] - 4 options of object 'Object Repository/DispensaryToStore/Page_Store/select_--Select--BA1170BA2376B' counted

2018-06-09 16:36:31 - [TEST_STEP][PASSED] - Statement - For ([g = 1, g <= BatchNumber - 1, (g++)]): null

2018-06-09 16:36:31 - [TEST_STEP][PASSED] - selectOptionByIndex: All options with index in [1] are selected on object 'Object Repository/DispensaryToStore/Page_Store/select_--Select--BA1170BA2376B'

2018-06-09 16:36:31 - [MESSAGE][PASSED] - All options with index in [1] are selected on object 'Object Repository/DispensaryToStore/Page_Store/select_--Select--BA1170BA2376B'

2018-06-09 16:36:31 - [TEST_STEP][PASSED] - Statement - Try: null

2018-06-09 16:36:31 - [TEST_STEP][PASSED] - Statement - StockQty = com.kms.katalon.core.webui.keyword.WebUiBuiltInKeywords.getAttribute(com.kms.katalon.core.testobject.ObjectRepository.findTestObject(DispensaryToStore/Page_Store/input_txtprice), "value"): Attribute 'value' of object 'Object Repository/DispensaryToStore/Page_Store/input_txtprice' is: '1550'

2018-06-09 16:36:31 - [MESSAGE][PASSED] - Attribute 'value' of object 'Object Repository/DispensaryToStore/Page_Store/input_txtprice' is: '1550'

2018-06-09 16:36:31 - [TEST_STEP][PASSED] - Statement - out.println("Stock QTY : " + StockQty): null

2018-06-09 16:36:31 - [TEST_STEP][PASSED] - delay: Delayed 2 second(s)

2018-06-09 16:36:33 - [MESSAGE][PASSED] - Delayed 2 second(s)

2018-06-09 16:36:33 - [TEST_STEP][PASSED] - Statement - If (java.lang.String.valueOf(StockQty) >= java.lang.String.valueOf(RequestedQty)): null

2018-06-09 16:36:33 - [TEST_STEP][PASSED] - setText: Text '10' is set on object 'Object Repository/DispensaryToStore/Page_Store/input_txtqty'

2018-06-09 16:36:34 - [MESSAGE][PASSED] - Text '10' is set on object 'Object Repository/DispensaryToStore/Page_Store/input_txtqty'

2018-06-09 16:36:34 - [TEST_STEP][PASSED] - click: Object: 'Object Repository/DispensaryToStore/Page_Store/button_Add' is clicked on

2018-06-09 16:36:34 - [MESSAGE][PASSED] - Object: 'Object Repository/DispensaryToStore/Page_Store/button_Add' is clicked on

2018-06-09 16:36:34 - [TEST_STEP][PASSED] - Statement - Break: null

2018-06-09 16:36:34 - [TEST_STEP][PASSED] - selectOptionByIndex: All options with index in [38] are selected on object 'Object Repository/DispensaryToStore/Page_Store/select_--Select--Adernaline 0.'

2018-06-09 16:36:34 - [MESSAGE][PASSED] - All options with index in [38] are selected on object 'Object Repository/DispensaryToStore/Page_Store/select_--Select--Adernaline 0.'

2018-06-09 16:36:34 - [TEST_STEP][PASSED] - delay: Delayed 2 second(s)

2018-06-09 16:36:36 - [MESSAGE][PASSED] - Delayed 2 second(s)

2018-06-09 16:36:36 - [TEST_STEP][PASSED] - Statement - RequestedQty = com.kms.katalon.core.webui.keyword.WebUiBuiltInKeywords.getAttribute(com.kms.katalon.core.testobject.ObjectRepository.findTestObject(DispensaryToStore/Page_Store/input_txttotal), "value"): Attribute 'value' of object 'Object Repository/DispensaryToStore/Page_Store/input_txttotal' is: '10'

2018-06-09 16:36:36 - [MESSAGE][PASSED] - Attribute 'value' of object 'Object Repository/DispensaryToStore/Page_Store/input_txttotal' is: '10'

2018-06-09 16:36:36 - [TEST_STEP][PASSED] - Statement - out.println("Requested QTY : " + RequestedQty): null

2018-06-09 16:36:36 - [TEST_STEP][PASSED] - Statement - BatchNumber = com.kms.katalon.core.webui.keyword.WebUiBuiltInKeywords.getNumberOfTotalOption(com.kms.katalon.core.testobject.ObjectRepository.findTestObject(DispensaryToStore/Page_Store/select_--Select--BA1170BA2376B)): 5 options of object 'Object Repository/DispensaryToStore/Page_Store/select_--Select--BA1170BA2376B' counted

2018-06-09 16:36:36 - [MESSAGE][PASSED] - 5 options of object 'Object Repository/DispensaryToStore/Page_Store/select_--Select--BA1170BA2376B' counted

2018-06-09 16:36:36 - [TEST_STEP][PASSED] - Statement - For ([g = 1, g <= BatchNumber - 1, (g++)]): null

2018-06-09 16:36:36 - [TEST_STEP][PASSED] - selectOptionByIndex: All options with index in [1] are selected on object 'Object Repository/DispensaryToStore/Page_Store/select_--Select--BA1170BA2376B'

2018-06-09 16:36:37 - [MESSAGE][PASSED] - All options with index in [1] are selected on object 'Object Repository/DispensaryToStore/Page_Store/select_--Select--BA1170BA2376B'

2018-06-09 16:36:37 - [TEST_STEP][PASSED] - Statement - Try: null

2018-06-09 16:36:37 - [TEST_STEP][PASSED] - Statement - StockQty = com.kms.katalon.core.webui.keyword.WebUiBuiltInKeywords.getAttribute(com.kms.katalon.core.testobject.ObjectRepository.findTestObject(DispensaryToStore/Page_Store/input_txtprice), "value"): Attribute 'value' of object 'Object Repository/DispensaryToStore/Page_Store/input_txtprice' is: '270'

2018-06-09 16:36:37 - [MESSAGE][PASSED] - Attribute 'value' of object 'Object Repository/DispensaryToStore/Page_Store/input_txtprice' is: '270'

2018-06-09 16:36:37 - [TEST_STEP][PASSED] - Statement - out.println("Stock QTY : " + StockQty): null

2018-06-09 16:36:37 - [TEST_STEP][PASSED] - delay: Delayed 2 second(s)

2018-06-09 16:36:39 - [MESSAGE][PASSED] - Delayed 2 second(s)

2018-06-09 16:36:39 - [TEST_STEP][PASSED] - Statement - If (java.lang.String.valueOf(StockQty) >= java.lang.String.valueOf(RequestedQty)): null

2018-06-09 16:36:39 - [TEST_STEP][PASSED] - setText: Text '10' is set on object 'Object Repository/DispensaryToStore/Page_Store/input_txtqty'

2018-06-09 16:36:39 - [MESSAGE][PASSED] - Text '10' is set on object 'Object Repository/DispensaryToStore/Page_Store/input_txtqty'

2018-06-09 16:36:39 - [TEST_STEP][PASSED] - click: Object: 'Object Repository/DispensaryToStore/Page_Store/button_Add' is clicked on

2018-06-09 16:36:39 - [MESSAGE][PASSED] - Object: 'Object Repository/DispensaryToStore/Page_Store/button_Add' is clicked on

2018-06-09 16:36:39 - [TEST_STEP][PASSED] - Statement - Break: null

2018-06-09 16:36:39 - [TEST_STEP][PASSED] - selectOptionByIndex: All options with index in [39] are selected on object 'Object Repository/DispensaryToStore/Page_Store/select_--Select--Adernaline 0.'

2018-06-09 16:36:39 - [MESSAGE][PASSED] - All options with index in [39] are selected on object 'Object Repository/DispensaryToStore/Page_Store/select_--Select--Adernaline 0.'

2018-06-09 16:36:39 - [TEST_STEP][PASSED] - delay: Delayed 2 second(s)

2018-06-09 16:36:41 - [MESSAGE][PASSED] - Delayed 2 second(s)

2018-06-09 16:36:41 - [TEST_STEP][PASSED] - Statement - RequestedQty = com.kms.katalon.core.webui.keyword.WebUiBuiltInKeywords.getAttribute(com.kms.katalon.core.testobject.ObjectRepository.findTestObject(DispensaryToStore/Page_Store/input_txttotal), "value"): Attribute 'value' of object 'Object Repository/DispensaryToStore/Page_Store/input_txttotal' is: '10'

2018-06-09 16:36:41 - [MESSAGE][PASSED] - Attribute 'value' of object 'Object Repository/DispensaryToStore/Page_Store/input_txttotal' is: '10'

2018-06-09 16:36:41 - [TEST_STEP][PASSED] - Statement - out.println("Requested QTY : " + RequestedQty): null

2018-06-09 16:36:41 - [TEST_STEP][PASSED] - Statement - BatchNumber = com.kms.katalon.core.webui.keyword.WebUiBuiltInKeywords.getNumberOfTotalOption(com.kms.katalon.core.testobject.ObjectRepository.findTestObject(DispensaryToStore/Page_Store/select_--Select--BA1170BA2376B)): 3 options of object 'Object Repository/DispensaryToStore/Page_Store/select_--Select--BA1170BA2376B' counted

2018-06-09 16:36:42 - [MESSAGE][PASSED] - 3 options of object 'Object Repository/DispensaryToStore/Page_Store/select_--Select--BA1170BA2376B' counted

2018-06-09 16:36:42 - [TEST_STEP][PASSED] - Statement - For ([g = 1, g <= BatchNumber - 1, (g++)]): null

2018-06-09 16:36:42 - [TEST_STEP][PASSED] - selectOptionByIndex: All options with index in [1] are selected on object 'Object Repository/DispensaryToStore/Page_Store/select_--Select--BA1170BA2376B'

2018-06-09 16:36:42 - [MESSAGE][PASSED] - All options with index in [1] are selected on object 'Object Repository/DispensaryToStore/Page_Store/select_--Select--BA1170BA2376B'

2018-06-09 16:36:42 - [TEST_STEP][PASSED] - Statement - Try: null

2018-06-09 16:36:42 - [TEST_STEP][PASSED] - Statement - StockQty = com.kms.katalon.core.webui.keyword.WebUiBuiltInKeywords.getAttribute(com.kms.katalon.core.testobject.ObjectRepository.findTestObject(DispensaryToStore/Page_Store/input_txtprice), "value"): Attribute 'value' of object 'Object Repository/DispensaryToStore/Page_Store/input_txtprice' is: '1650'

2018-06-09 16:36:42 - [MESSAGE][PASSED] - Attribute 'value' of object 'Object Repository/DispensaryToStore/Page_Store/input_txtprice' is: '1650'

2018-06-09 16:36:42 - [TEST_STEP][PASSED] - Statement - out.println("Stock QTY : " + StockQty): null

2018-06-09 16:36:42 - [TEST_STEP][PASSED] - delay: Delayed 2 second(s)

2018-06-09 16:36:44 - [MESSAGE][PASSED] - Delayed 2 second(s)

2018-06-09 16:36:44 - [TEST_STEP][PASSED] - Statement - If (java.lang.String.valueOf(StockQty) >= java.lang.String.valueOf(RequestedQty)): null

2018-06-09 16:36:44 - [TEST_STEP][PASSED] - setText: Text '10' is set on object 'Object Repository/DispensaryToStore/Page_Store/input_txtqty'

2018-06-09 16:36:44 - [MESSAGE][PASSED] - Text '10' is set on object 'Object Repository/DispensaryToStore/Page_Store/input_txtqty'

2018-06-09 16:36:44 - [TEST_STEP][PASSED] - click: Object: 'Object Repository/DispensaryToStore/Page_Store/button_Add' is clicked on

2018-06-09 16:36:44 - [MESSAGE][PASSED] - Object: 'Object Repository/DispensaryToStore/Page_Store/button_Add' is clicked on

2018-06-09 16:36:44 - [TEST_STEP][PASSED] - Statement - Break: null

2018-06-09 16:36:44 - [TEST_STEP][PASSED] - selectOptionByIndex: All options with index in [40] are selected on object 'Object Repository/DispensaryToStore/Page_Store/select_--Select--Adernaline 0.'

2018-06-09 16:36:44 - [MESSAGE][PASSED] - All options with index in [40] are selected on object 'Object Repository/DispensaryToStore/Page_Store/select_--Select--Adernaline 0.'

2018-06-09 16:36:44 - [TEST_STEP][PASSED] - delay: Delayed 2 second(s)

2018-06-09 16:36:46 - [MESSAGE][PASSED] - Delayed 2 second(s)

2018-06-09 16:36:46 - [TEST_STEP][PASSED] - Statement - RequestedQty = com.kms.katalon.core.webui.keyword.WebUiBuiltInKeywords.getAttribute(com.kms.katalon.core.testobject.ObjectRepository.findTestObject(DispensaryToStore/Page_Store/input_txttotal), "value"): Attribute 'value' of object 'Object Repository/DispensaryToStore/Page_Store/input_txttotal' is: '10'

2018-06-09 16:36:46 - [MESSAGE][PASSED] - Attribute 'value' of object 'Object Repository/DispensaryToStore/Page_Store/input_txttotal' is: '10'

2018-06-09 16:36:46 - [TEST_STEP][PASSED] - Statement - out.println("Requested QTY : " + RequestedQty): null

2018-06-09 16:36:46 - [TEST_STEP][PASSED] - Statement - BatchNumber = com.kms.katalon.core.webui.keyword.WebUiBuiltInKeywords.getNumberOfTotalOption(com.kms.katalon.core.testobject.ObjectRepository.findTestObject(DispensaryToStore/Page_Store/select_--Select--BA1170BA2376B)): 4 options of object 'Object Repository/DispensaryToStore/Page_Store/select_--Select--BA1170BA2376B' counted

2018-06-09 16:36:47 - [MESSAGE][PASSED] - 4 options of object 'Object Repository/DispensaryToStore/Page_Store/select_--Select--BA1170BA2376B' counted

2018-06-09 16:36:47 - [TEST_STEP][PASSED] - Statement - For ([g = 1, g <= BatchNumber - 1, (g++)]): null

2018-06-09 16:36:47 - [TEST_STEP][PASSED] - selectOptionByIndex: All options with index in [1] are selected on object 'Object Repository/DispensaryToStore/Page_Store/select_--Select--BA1170BA2376B'

2018-06-09 16:36:47 - [MESSAGE][PASSED] - All options with index in [1] are selected on object 'Object Repository/DispensaryToStore/Page_Store/select_--Select--BA1170BA2376B'

2018-06-09 16:36:47 - [TEST_STEP][PASSED] - Statement - Try: null

2018-06-09 16:36:47 - [TEST_STEP][PASSED] - Statement - StockQty = com.kms.katalon.core.webui.keyword.WebUiBuiltInKeywords.getAttribute(com.kms.katalon.core.testobject.ObjectRepository.findTestObject(DispensaryToStore/Page_Store/input_txtprice), "value"): Attribute 'value' of object 'Object Repository/DispensaryToStore/Page_Store/input_txtprice' is: '1550'

2018-06-09 16:36:47 - [MESSAGE][PASSED] - Attribute 'value' of object 'Object Repository/DispensaryToStore/Page_Store/input_txtprice' is: '1550'

2018-06-09 16:36:47 - [TEST_STEP][PASSED] - Statement - out.println("Stock QTY : " + StockQty): null

2018-06-09 16:36:47 - [TEST_STEP][PASSED] - delay: Delayed 2 second(s)

2018-06-09 16:36:49 - [MESSAGE][PASSED] - Delayed 2 second(s)

2018-06-09 16:36:49 - [TEST_STEP][PASSED] - Statement - If (java.lang.String.valueOf(StockQty) >= java.lang.String.valueOf(RequestedQty)): null

2018-06-09 16:36:49 - [TEST_STEP][PASSED] - setText: Text '10' is set on object 'Object Repository/DispensaryToStore/Page_Store/input_txtqty'

2018-06-09 16:36:49 - [MESSAGE][PASSED] - Text '10' is set on object 'Object Repository/DispensaryToStore/Page_Store/input_txtqty'

2018-06-09 16:36:49 - [TEST_STEP][PASSED] - click: Object: 'Object Repository/DispensaryToStore/Page_Store/button_Add' is clicked on

2018-06-09 16:36:49 - [MESSAGE][PASSED] - Object: 'Object Repository/DispensaryToStore/Page_Store/button_Add' is clicked on

2018-06-09 16:36:49 - [TEST_STEP][PASSED] - Statement - Break: null

2018-06-09 16:36:49 - [TEST_STEP][PASSED] - selectOptionByIndex: All options with index in [41] are selected on object 'Object Repository/DispensaryToStore/Page_Store/select_--Select--Adernaline 0.'

2018-06-09 16:36:49 - [MESSAGE][PASSED] - All options with index in [41] are selected on object 'Object Repository/DispensaryToStore/Page_Store/select_--Select--Adernaline 0.'

2018-06-09 16:36:49 - [TEST_STEP][PASSED] - delay: Delayed 2 second(s)

2018-06-09 16:36:51 - [MESSAGE][PASSED] - Delayed 2 second(s)

2018-06-09 16:36:51 - [TEST_STEP][PASSED] - Statement - RequestedQty = com.kms.katalon.core.webui.keyword.WebUiBuiltInKeywords.getAttribute(com.kms.katalon.core.testobject.ObjectRepository.findTestObject(DispensaryToStore/Page_Store/input_txttotal), "value"): Attribute 'value' of object 'Object Repository/DispensaryToStore/Page_Store/input_txttotal' is: '10'

2018-06-09 16:36:51 - [MESSAGE][PASSED] - Attribute 'value' of object 'Object Repository/DispensaryToStore/Page_Store/input_txttotal' is: '10'

2018-06-09 16:36:51 - [TEST_STEP][PASSED] - Statement - out.println("Requested QTY : " + RequestedQty): null

2018-06-09 16:36:51 - [TEST_STEP][PASSED] - Statement - BatchNumber = com.kms.katalon.core.webui.keyword.WebUiBuiltInKeywords.getNumberOfTotalOption(com.kms.katalon.core.testobject.ObjectRepository.findTestObject(DispensaryToStore/Page_Store/select_--Select--BA1170BA2376B)): 3 options of object 'Object Repository/DispensaryToStore/Page_Store/select_--Select--BA1170BA2376B' counted

2018-06-09 16:36:52 - [MESSAGE][PASSED] - 3 options of object 'Object Repository/DispensaryToStore/Page_Store/select_--Select--BA1170BA2376B' counted

2018-06-09 16:36:52 - [TEST_STEP][PASSED] - Statement - For ([g = 1, g <= BatchNumber - 1, (g++)]): null

2018-06-09 16:36:52 - [TEST_STEP][PASSED] - selectOptionByIndex: All options with index in [1] are selected on object 'Object Repository/DispensaryToStore/Page_Store/select_--Select--BA1170BA2376B'

2018-06-09 16:36:52 - [MESSAGE][PASSED] - All options with index in [1] are selected on object 'Object Repository/DispensaryToStore/Page_Store/select_--Select--BA1170BA2376B'

2018-06-09 16:36:52 - [TEST_STEP][PASSED] - Statement - Try: null

2018-06-09 16:36:52 - [TEST_STEP][PASSED] - Statement - StockQty = com.kms.katalon.core.webui.keyword.WebUiBuiltInKeywords.getAttribute(com.kms.katalon.core.testobject.ObjectRepository.findTestObject(DispensaryToStore/Page_Store/input_txtprice), "value"): Attribute 'value' of object 'Object Repository/DispensaryToStore/Page_Store/input_txtprice' is: '2550'

2018-06-09 16:36:52 - [MESSAGE][PASSED] - Attribute 'value' of object 'Object Repository/DispensaryToStore/Page_Store/input_txtprice' is: '2550'

2018-06-09 16:36:52 - [TEST_STEP][PASSED] - Statement - out.println("Stock QTY : " + StockQty): null

2018-06-09 16:36:52 - [TEST_STEP][PASSED] - delay: Delayed 2 second(s)

2018-06-09 16:36:54 - [MESSAGE][PASSED] - Delayed 2 second(s)

2018-06-09 16:36:54 - [TEST_STEP][PASSED] - Statement - If (java.lang.String.valueOf(StockQty) >= java.lang.String.valueOf(RequestedQty)): null

2018-06-09 16:36:54 - [TEST_STEP][PASSED] - setText: Text '10' is set on object 'Object Repository/DispensaryToStore/Page_Store/input_txtqty'

2018-06-09 16:36:54 - [MESSAGE][PASSED] - Text '10' is set on object 'Object Repository/DispensaryToStore/Page_Store/input_txtqty'

2018-06-09 16:36:54 - [TEST_STEP][PASSED] - click: Object: 'Object Repository/DispensaryToStore/Page_Store/button_Add' is clicked on

2018-06-09 16:36:54 - [MESSAGE][PASSED] - Object: 'Object Repository/DispensaryToStore/Page_Store/button_Add' is clicked on

2018-06-09 16:36:54 - [TEST_STEP][PASSED] - Statement - Break: null

2018-06-09 16:36:54 - [TEST_STEP][PASSED] - selectOptionByIndex: All options with index in [42] are selected on object 'Object Repository/DispensaryToStore/Page_Store/select_--Select--Adernaline 0.'

2018-06-09 16:36:55 - [MESSAGE][PASSED] - All options with index in [42] are selected on object 'Object Repository/DispensaryToStore/Page_Store/select_--Select--Adernaline 0.'

2018-06-09 16:36:55 - [TEST_STEP][PASSED] - delay: Delayed 2 second(s)

2018-06-09 16:36:57 - [MESSAGE][PASSED] - Delayed 2 second(s)

2018-06-09 16:36:57 - [TEST_STEP][PASSED] - Statement - RequestedQty = com.kms.katalon.core.webui.keyword.WebUiBuiltInKeywords.getAttribute(com.kms.katalon.core.testobject.ObjectRepository.findTestObject(DispensaryToStore/Page_Store/input_txttotal), "value"): Attribute 'value' of object 'Object Repository/DispensaryToStore/Page_Store/input_txttotal' is: '10'

2018-06-09 16:36:57 - [MESSAGE][PASSED] - Attribute 'value' of object 'Object Repository/DispensaryToStore/Page_Store/input_txttotal' is: '10'

2018-06-09 16:36:57 - [TEST_STEP][PASSED] - Statement - out.println("Requested QTY : " + RequestedQty): null

2018-06-09 16:36:57 - [TEST_STEP][PASSED] - Statement - BatchNumber = com.kms.katalon.core.webui.keyword.WebUiBuiltInKeywords.getNumberOfTotalOption(com.kms.katalon.core.testobject.ObjectRepository.findTestObject(DispensaryToStore/Page_Store/select_--Select--BA1170BA2376B)): 3 options of object 'Object Repository/DispensaryToStore/Page_Store/select_--Select--BA1170BA2376B' counted

2018-06-09 16:36:57 - [MESSAGE][PASSED] - 3 options of object 'Object Repository/DispensaryToStore/Page_Store/select_--Select--BA1170BA2376B' counted

2018-06-09 16:36:57 - [TEST_STEP][PASSED] - Statement - For ([g = 1, g <= BatchNumber - 1, (g++)]): null

2018-06-09 16:36:57 - [TEST_STEP][PASSED] - selectOptionByIndex: All options with index in [1] are selected on object 'Object Repository/DispensaryToStore/Page_Store/select_--Select--BA1170BA2376B'

2018-06-09 16:36:57 - [MESSAGE][PASSED] - All options with index in [1] are selected on object 'Object Repository/DispensaryToStore/Page_Store/select_--Select--BA1170BA2376B'

2018-06-09 16:36:57 - [TEST_STEP][PASSED] - Statement - Try: null

2018-06-09 16:36:57 - [TEST_STEP][PASSED] - Statement - StockQty = com.kms.katalon.core.webui.keyword.WebUiBuiltInKeywords.getAttribute(com.kms.katalon.core.testobject.ObjectRepository.findTestObject(DispensaryToStore/Page_Store/input_txtprice), "value"): Attribute 'value' of object 'Object Repository/DispensaryToStore/Page_Store/input_txtprice' is: '2550'

2018-06-09 16:36:57 - [MESSAGE][PASSED] - Attribute 'value' of object 'Object Repository/DispensaryToStore/Page_Store/input_txtprice' is: '2550'

2018-06-09 16:36:57 - [TEST_STEP][PASSED] - Statement - out.println("Stock QTY : " + StockQty): null

2018-06-09 16:36:57 - [TEST_STEP][PASSED] - delay: Delayed 2 second(s)

2018-06-09 16:36:59 - [MESSAGE][PASSED] - Delayed 2 second(s)

2018-06-09 16:36:59 - [TEST_STEP][PASSED] - Statement - If (java.lang.String.valueOf(StockQty) >= java.lang.String.valueOf(RequestedQty)): null

2018-06-09 16:36:59 - [TEST_STEP][PASSED] - setText: Text '10' is set on object 'Object Repository/DispensaryToStore/Page_Store/input_txtqty'

2018-06-09 16:36:59 - [MESSAGE][PASSED] - Text '10' is set on object 'Object Repository/DispensaryToStore/Page_Store/input_txtqty'

2018-06-09 16:36:59 - [TEST_STEP][PASSED] - click: Object: 'Object Repository/DispensaryToStore/Page_Store/button_Add' is clicked on

2018-06-09 16:36:59 - [MESSAGE][PASSED] - Object: 'Object Repository/DispensaryToStore/Page_Store/button_Add' is clicked on

2018-06-09 16:36:59 - [TEST_STEP][PASSED] - Statement - Break: null

2018-06-09 16:36:59 - [TEST_STEP][PASSED] - selectOptionByIndex: All options with index in [43] are selected on object 'Object Repository/DispensaryToStore/Page_Store/select_--Select--Adernaline 0.'

2018-06-09 16:37:00 - [MESSAGE][PASSED] - All options with index in [43] are selected on object 'Object Repository/DispensaryToStore/Page_Store/select_--Select--Adernaline 0.'

2018-06-09 16:37:00 - [TEST_STEP][PASSED] - delay: Delayed 2 second(s)

2018-06-09 16:37:02 - [MESSAGE][PASSED] - Delayed 2 second(s)

2018-06-09 16:37:02 - [TEST_STEP][PASSED] - Statement - RequestedQty = com.kms.katalon.core.webui.keyword.WebUiBuiltInKeywords.getAttribute(com.kms.katalon.core.testobject.ObjectRepository.findTestObject(DispensaryToStore/Page_Store/input_txttotal), "value"): Attribute 'value' of object 'Object Repository/DispensaryToStore/Page_Store/input_txttotal' is: '10'

2018-06-09 16:37:02 - [MESSAGE][PASSED] - Attribute 'value' of object 'Object Repository/DispensaryToStore/Page_Store/input_txttotal' is: '10'

2018-06-09 16:37:02 - [TEST_STEP][PASSED] - Statement - out.println("Requested QTY : " + RequestedQty): null

2018-06-09 16:37:02 - [TEST_STEP][PASSED] - Statement - BatchNumber = com.kms.katalon.core.webui.keyword.WebUiBuiltInKeywords.getNumberOfTotalOption(com.kms.katalon.core.testobject.ObjectRepository.findTestObject(DispensaryToStore/Page_Store/select_--Select--BA1170BA2376B)): 5 options of object 'Object Repository/DispensaryToStore/Page_Store/select_--Select--BA1170BA2376B' counted

2018-06-09 16:37:02 - [MESSAGE][PASSED] - 5 options of object 'Object Repository/DispensaryToStore/Page_Store/select_--Select--BA1170BA2376B' counted

2018-06-09 16:37:02 - [TEST_STEP][PASSED] - Statement - For ([g = 1, g <= BatchNumber - 1, (g++)]): null

2018-06-09 16:37:02 - [TEST_STEP][PASSED] - selectOptionByIndex: All options with index in [1] are selected on object 'Object Repository/DispensaryToStore/Page_Store/select_--Select--BA1170BA2376B'

2018-06-09 16:37:02 - [MESSAGE][PASSED] - All options with index in [1] are selected on object 'Object Repository/DispensaryToStore/Page_Store/select_--Select--BA1170BA2376B'

2018-06-09 16:37:02 - [TEST_STEP][PASSED] - Statement - Try: null

2018-06-09 16:37:02 - [TEST_STEP][PASSED] - Statement - StockQty = com.kms.katalon.core.webui.keyword.WebUiBuiltInKeywords.getAttribute(com.kms.katalon.core.testobject.ObjectRepository.findTestObject(DispensaryToStore/Page_Store/input_txtprice), "value"): Attribute 'value' of object 'Object Repository/DispensaryToStore/Page_Store/input_txtprice' is: '270'

2018-06-09 16:37:02 - [MESSAGE][PASSED] - Attribute 'value' of object 'Object Repository/DispensaryToStore/Page_Store/input_txtprice' is: '270'

2018-06-09 16:37:02 - [TEST_STEP][PASSED] - Statement - out.println("Stock QTY : " + StockQty): null

2018-06-09 16:37:02 - [TEST_STEP][PASSED] - delay: Delayed 2 second(s)

2018-06-09 16:37:04 - [MESSAGE][PASSED] - Delayed 2 second(s)

2018-06-09 16:37:04 - [TEST_STEP][PASSED] - Statement - If (java.lang.String.valueOf(StockQty) >= java.lang.String.valueOf(RequestedQty)): null

2018-06-09 16:37:04 - [TEST_STEP][PASSED] - setText: Text '10' is set on object 'Object Repository/DispensaryToStore/Page_Store/input_txtqty'

2018-06-09 16:37:04 - [MESSAGE][PASSED] - Text '10' is set on object 'Object Repository/DispensaryToStore/Page_Store/input_txtqty'

2018-06-09 16:37:04 - [TEST_STEP][PASSED] - click: Object: 'Object Repository/DispensaryToStore/Page_Store/button_Add' is clicked on

2018-06-09 16:37:04 - [MESSAGE][PASSED] - Object: 'Object Repository/DispensaryToStore/Page_Store/button_Add' is clicked on

2018-06-09 16:37:04 - [TEST_STEP][PASSED] - Statement - Break: null

2018-06-09 16:37:04 - [TEST_STEP][PASSED] - selectOptionByIndex: All options with index in [44] are selected on object 'Object Repository/DispensaryToStore/Page_Store/select_--Select--Adernaline 0.'

2018-06-09 16:37:05 - [MESSAGE][PASSED] - All options with index in [44] are selected on object 'Object Repository/DispensaryToStore/Page_Store/select_--Select--Adernaline 0.'

2018-06-09 16:37:05 - [TEST_STEP][PASSED] - delay: Delayed 2 second(s)

2018-06-09 16:37:07 - [MESSAGE][PASSED] - Delayed 2 second(s)

2018-06-09 16:37:07 - [TEST_STEP][PASSED] - Statement - RequestedQty = com.kms.katalon.core.webui.keyword.WebUiBuiltInKeywords.getAttribute(com.kms.katalon.core.testobject.ObjectRepository.findTestObject(DispensaryToStore/Page_Store/input_txttotal), "value"): Attribute 'value' of object 'Object Repository/DispensaryToStore/Page_Store/input_txttotal' is: '10'

2018-06-09 16:37:07 - [MESSAGE][PASSED] - Attribute 'value' of object 'Object Repository/DispensaryToStore/Page_Store/input_txttotal' is: '10'

2018-06-09 16:37:07 - [TEST_STEP][PASSED] - Statement - out.println("Requested QTY : " + RequestedQty): null

2018-06-09 16:37:07 - [TEST_STEP][PASSED] - Statement - BatchNumber = com.kms.katalon.core.webui.keyword.WebUiBuiltInKeywords.getNumberOfTotalOption(com.kms.katalon.core.testobject.ObjectRepository.findTestObject(DispensaryToStore/Page_Store/select_--Select--BA1170BA2376B)): 4 options of object 'Object Repository/DispensaryToStore/Page_Store/select_--Select--BA1170BA2376B' counted

2018-06-09 16:37:07 - [MESSAGE][PASSED] - 4 options of object 'Object Repository/DispensaryToStore/Page_Store/select_--Select--BA1170BA2376B' counted

2018-06-09 16:37:07 - [TEST_STEP][PASSED] - Statement - For ([g = 1, g <= BatchNumber - 1, (g++)]): null

2018-06-09 16:37:07 - [TEST_STEP][PASSED] - selectOptionByIndex: All options with index in [1] are selected on object 'Object Repository/DispensaryToStore/Page_Store/select_--Select--BA1170BA2376B'

2018-06-09 16:37:07 - [MESSAGE][PASSED] - All options with index in [1] are selected on object 'Object Repository/DispensaryToStore/Page_Store/select_--Select--BA1170BA2376B'

2018-06-09 16:37:07 - [TEST_STEP][PASSED] - Statement - Try: null

2018-06-09 16:37:07 - [TEST_STEP][PASSED] - Statement - StockQty = com.kms.katalon.core.webui.keyword.WebUiBuiltInKeywords.getAttribute(com.kms.katalon.core.testobject.ObjectRepository.findTestObject(DispensaryToStore/Page_Store/input_txtprice), "value"): Attribute 'value' of object 'Object Repository/DispensaryToStore/Page_Store/input_txtprice' is: '610'

2018-06-09 16:37:07 - [MESSAGE][PASSED] - Attribute 'value' of object 'Object Repository/DispensaryToStore/Page_Store/input_txtprice' is: '610'

2018-06-09 16:37:07 - [TEST_STEP][PASSED] - Statement - out.println("Stock QTY : " + StockQty): null

2018-06-09 16:37:07 - [TEST_STEP][PASSED] - delay: Delayed 2 second(s)

2018-06-09 16:37:09 - [MESSAGE][PASSED] - Delayed 2 second(s)

2018-06-09 16:37:09 - [TEST_STEP][PASSED] - Statement - If (java.lang.String.valueOf(StockQty) >= java.lang.String.valueOf(RequestedQty)): null

2018-06-09 16:37:09 - [TEST_STEP][PASSED] - setText: Text '10' is set on object 'Object Repository/DispensaryToStore/Page_Store/input_txtqty'

2018-06-09 16:37:09 - [MESSAGE][PASSED] - Text '10' is set on object 'Object Repository/DispensaryToStore/Page_Store/input_txtqty'

2018-06-09 16:37:09 - [TEST_STEP][PASSED] - click: Object: 'Object Repository/DispensaryToStore/Page_Store/button_Add' is clicked on

2018-06-09 16:37:09 - [MESSAGE][PASSED] - Object: 'Object Repository/DispensaryToStore/Page_Store/button_Add' is clicked on

2018-06-09 16:37:09 - [TEST_STEP][PASSED] - Statement - Break: null

2018-06-09 16:37:09 - [TEST_STEP][PASSED] - selectOptionByIndex: All options with index in [45] are selected on object 'Object Repository/DispensaryToStore/Page_Store/select_--Select--Adernaline 0.'

2018-06-09 16:37:10 - [MESSAGE][PASSED] - All options with index in [45] are selected on object 'Object Repository/DispensaryToStore/Page_Store/select_--Select--Adernaline 0.'

2018-06-09 16:37:10 - [TEST_STEP][PASSED] - delay: Delayed 2 second(s)

2018-06-09 16:37:12 - [MESSAGE][PASSED] - Delayed 2 second(s)

2018-06-09 16:37:12 - [TEST_STEP][PASSED] - Statement - RequestedQty = com.kms.katalon.core.webui.keyword.WebUiBuiltInKeywords.getAttribute(com.kms.katalon.core.testobject.ObjectRepository.findTestObject(DispensaryToStore/Page_Store/input_txttotal), "value"): Attribute 'value' of object 'Object Repository/DispensaryToStore/Page_Store/input_txttotal' is: '10'

2018-06-09 16:37:12 - [MESSAGE][PASSED] - Attribute 'value' of object 'Object Repository/DispensaryToStore/Page_Store/input_txttotal' is: '10'

2018-06-09 16:37:12 - [TEST_STEP][PASSED] - Statement - out.println("Requested QTY : " + RequestedQty): null

2018-06-09 16:37:12 - [TEST_STEP][PASSED] - Statement - BatchNumber = com.kms.katalon.core.webui.keyword.WebUiBuiltInKeywords.getNumberOfTotalOption(com.kms.katalon.core.testobject.ObjectRepository.findTestObject(DispensaryToStore/Page_Store/select_--Select--BA1170BA2376B)): 6 options of object 'Object Repository/DispensaryToStore/Page_Store/select_--Select--BA1170BA2376B' counted

2018-06-09 16:37:12 - [MESSAGE][PASSED] - 6 options of object 'Object Repository/DispensaryToStore/Page_Store/select_--Select--BA1170BA2376B' counted

2018-06-09 16:37:12 - [TEST_STEP][PASSED] - Statement - For ([g = 1, g <= BatchNumber - 1, (g++)]): null

2018-06-09 16:37:12 - [TEST_STEP][PASSED] - selectOptionByIndex: All options with index in [1] are selected on object 'Object Repository/DispensaryToStore/Page_Store/select_--Select--BA1170BA2376B'

2018-06-09 16:37:12 - [MESSAGE][PASSED] - All options with index in [1] are selected on object 'Object Repository/DispensaryToStore/Page_Store/select_--Select--BA1170BA2376B'

2018-06-09 16:37:12 - [TEST_STEP][PASSED] - Statement - Try: null

2018-06-09 16:37:12 - [TEST_STEP][PASSED] - Statement - StockQty = com.kms.katalon.core.webui.keyword.WebUiBuiltInKeywords.getAttribute(com.kms.katalon.core.testobject.ObjectRepository.findTestObject(DispensaryToStore/Page_Store/input_txtprice), "value"): Attribute 'value' of object 'Object Repository/DispensaryToStore/Page_Store/input_txtprice' is: '270'

2018-06-09 16:37:12 - [MESSAGE][PASSED] - Attribute 'value' of object 'Object Repository/DispensaryToStore/Page_Store/input_txtprice' is: '270'

2018-06-09 16:37:12 - [TEST_STEP][PASSED] - Statement - out.println("Stock QTY : " + StockQty): null

2018-06-09 16:37:12 - [TEST_STEP][PASSED] - delay: Delayed 2 second(s)

2018-06-09 16:37:14 - [MESSAGE][PASSED] - Delayed 2 second(s)

2018-06-09 16:37:14 - [TEST_STEP][PASSED] - Statement - If (java.lang.String.valueOf(StockQty) >= java.lang.String.valueOf(RequestedQty)): null

2018-06-09 16:37:14 - [TEST_STEP][PASSED] - setText: Text '10' is set on object 'Object Repository/DispensaryToStore/Page_Store/input_txtqty'

2018-06-09 16:37:14 - [MESSAGE][PASSED] - Text '10' is set on object 'Object Repository/DispensaryToStore/Page_Store/input_txtqty'

2018-06-09 16:37:14 - [TEST_STEP][PASSED] - click: Object: 'Object Repository/DispensaryToStore/Page_Store/button_Add' is clicked on

2018-06-09 16:37:14 - [MESSAGE][PASSED] - Object: 'Object Repository/DispensaryToStore/Page_Store/button_Add' is clicked on

2018-06-09 16:37:14 - [TEST_STEP][PASSED] - Statement - Break: null

2018-06-09 16:37:14 - [TEST_STEP][PASSED] - selectOptionByIndex: All options with index in [46] are selected on object 'Object Repository/DispensaryToStore/Page_Store/select_--Select--Adernaline 0.'

2018-06-09 16:37:15 - [MESSAGE][PASSED] - All options with index in [46] are selected on object 'Object Repository/DispensaryToStore/Page_Store/select_--Select--Adernaline 0.'

2018-06-09 16:37:15 - [TEST_STEP][PASSED] - delay: Delayed 2 second(s)

2018-06-09 16:37:17 - [MESSAGE][PASSED] - Delayed 2 second(s)

2018-06-09 16:37:17 - [TEST_STEP][PASSED] - Statement - RequestedQty = com.kms.katalon.core.webui.keyword.WebUiBuiltInKeywords.getAttribute(com.kms.katalon.core.testobject.ObjectRepository.findTestObject(DispensaryToStore/Page_Store/input_txttotal), "value"): Attribute 'value' of object 'Object Repository/DispensaryToStore/Page_Store/input_txttotal' is: '10'

2018-06-09 16:37:17 - [MESSAGE][PASSED] - Attribute 'value' of object 'Object Repository/DispensaryToStore/Page_Store/input_txttotal' is: '10'

2018-06-09 16:37:17 - [TEST_STEP][PASSED] - Statement - out.println("Requested QTY : " + RequestedQty): null

2018-06-09 16:37:17 - [TEST_STEP][PASSED] - Statement - BatchNumber = com.kms.katalon.core.webui.keyword.WebUiBuiltInKeywords.getNumberOfTotalOption(com.kms.katalon.core.testobject.ObjectRepository.findTestObject(DispensaryToStore/Page_Store/select_--Select--BA1170BA2376B)): 4 options of object 'Object Repository/DispensaryToStore/Page_Store/select_--Select--BA1170BA2376B' counted

2018-06-09 16:37:17 - [MESSAGE][PASSED] - 4 options of object 'Object Repository/DispensaryToStore/Page_Store/select_--Select--BA1170BA2376B' counted

2018-06-09 16:37:17 - [TEST_STEP][PASSED] - Statement - For ([g = 1, g <= BatchNumber - 1, (g++)]): null

2018-06-09 16:37:17 - [TEST_STEP][PASSED] - selectOptionByIndex: All options with index in [1] are selected on object 'Object Repository/DispensaryToStore/Page_Store/select_--Select--BA1170BA2376B'

2018-06-09 16:37:17 - [MESSAGE][PASSED] - All options with index in [1] are selected on object 'Object Repository/DispensaryToStore/Page_Store/select_--Select--BA1170BA2376B'

2018-06-09 16:37:17 - [TEST_STEP][PASSED] - Statement - Try: null

2018-06-09 16:37:17 - [TEST_STEP][PASSED] - Statement - StockQty = com.kms.katalon.core.webui.keyword.WebUiBuiltInKeywords.getAttribute(com.kms.katalon.core.testobject.ObjectRepository.findTestObject(DispensaryToStore/Page_Store/input_txtprice), "value"): Attribute 'value' of object 'Object Repository/DispensaryToStore/Page_Store/input_txtprice' is: '270'

2018-06-09 16:37:17 - [MESSAGE][PASSED] - Attribute 'value' of object 'Object Repository/DispensaryToStore/Page_Store/input_txtprice' is: '270'

2018-06-09 16:37:17 - [TEST_STEP][PASSED] - Statement - out.println("Stock QTY : " + StockQty): null

2018-06-09 16:37:17 - [TEST_STEP][PASSED] - delay: Delayed 2 second(s)

2018-06-09 16:37:19 - [MESSAGE][PASSED] - Delayed 2 second(s)

2018-06-09 16:37:19 - [TEST_STEP][PASSED] - Statement - If (java.lang.String.valueOf(StockQty) >= java.lang.String.valueOf(RequestedQty)): null

2018-06-09 16:37:19 - [TEST_STEP][PASSED] - setText: Text '10' is set on object 'Object Repository/DispensaryToStore/Page_Store/input_txtqty'

2018-06-09 16:37:19 - [MESSAGE][PASSED] - Text '10' is set on object 'Object Repository/DispensaryToStore/Page_Store/input_txtqty'

2018-06-09 16:37:19 - [TEST_STEP][PASSED] - click: Object: 'Object Repository/DispensaryToStore/Page_Store/button_Add' is clicked on

2018-06-09 16:37:19 - [MESSAGE][PASSED] - Object: 'Object Repository/DispensaryToStore/Page_Store/button_Add' is clicked on

2018-06-09 16:37:19 - [TEST_STEP][PASSED] - Statement - Break: null

2018-06-09 16:37:19 - [TEST_STEP][PASSED] - selectOptionByIndex: All options with index in [47] are selected on object 'Object Repository/DispensaryToStore/Page_Store/select_--Select--Adernaline 0.'

2018-06-09 16:37:20 - [MESSAGE][PASSED] - All options with index in [47] are selected on object 'Object Repository/DispensaryToStore/Page_Store/select_--Select--Adernaline 0.'

2018-06-09 16:37:20 - [TEST_STEP][PASSED] - delay: Delayed 2 second(s)

2018-06-09 16:37:22 - [MESSAGE][PASSED] - Delayed 2 second(s)

2018-06-09 16:37:22 - [TEST_STEP][PASSED] - Statement - RequestedQty = com.kms.katalon.core.webui.keyword.WebUiBuiltInKeywords.getAttribute(com.kms.katalon.core.testobject.ObjectRepository.findTestObject(DispensaryToStore/Page_Store/input_txttotal), "value"): Attribute 'value' of object 'Object Repository/DispensaryToStore/Page_Store/input_txttotal' is: '10'

2018-06-09 16:37:22 - [MESSAGE][PASSED] - Attribute 'value' of object 'Object Repository/DispensaryToStore/Page_Store/input_txttotal' is: '10'

2018-06-09 16:37:22 - [TEST_STEP][PASSED] - Statement - out.println("Requested QTY : " + RequestedQty): null

2018-06-09 16:37:22 - [TEST_STEP][PASSED] - Statement - BatchNumber = com.kms.katalon.core.webui.keyword.WebUiBuiltInKeywords.getNumberOfTotalOption(com.kms.katalon.core.testobject.ObjectRepository.findTestObject(DispensaryToStore/Page_Store/select_--Select--BA1170BA2376B)): 4 options of object 'Object Repository/DispensaryToStore/Page_Store/select_--Select--BA1170BA2376B' counted

2018-06-09 16:37:22 - [MESSAGE][PASSED] - 4 options of object 'Object Repository/DispensaryToStore/Page_Store/select_--Select--BA1170BA2376B' counted

2018-06-09 16:37:22 - [TEST_STEP][PASSED] - Statement - For ([g = 1, g <= BatchNumber - 1, (g++)]): null

2018-06-09 16:37:22 - [TEST_STEP][PASSED] - selectOptionByIndex: All options with index in [1] are selected on object 'Object Repository/DispensaryToStore/Page_Store/select_--Select--BA1170BA2376B'

2018-06-09 16:37:22 - [MESSAGE][PASSED] - All options with index in [1] are selected on object 'Object Repository/DispensaryToStore/Page_Store/select_--Select--BA1170BA2376B'

2018-06-09 16:37:22 - [TEST_STEP][PASSED] - Statement - Try: null

2018-06-09 16:37:22 - [TEST_STEP][PASSED] - Statement - StockQty = com.kms.katalon.core.webui.keyword.WebUiBuiltInKeywords.getAttribute(com.kms.katalon.core.testobject.ObjectRepository.findTestObject(DispensaryToStore/Page_Store/input_txtprice), "value"): Attribute 'value' of object 'Object Repository/DispensaryToStore/Page_Store/input_txtprice' is: '610'

2018-06-09 16:37:22 - [MESSAGE][PASSED] - Attribute 'value' of object 'Object Repository/DispensaryToStore/Page_Store/input_txtprice' is: '610'

2018-06-09 16:37:22 - [TEST_STEP][PASSED] - Statement - out.println("Stock QTY : " + StockQty): null

2018-06-09 16:37:22 - [TEST_STEP][PASSED] - delay: Delayed 2 second(s)

2018-06-09 16:37:24 - [MESSAGE][PASSED] - Delayed 2 second(s)

2018-06-09 16:37:24 - [TEST_STEP][PASSED] - Statement - If (java.lang.String.valueOf(StockQty) >= java.lang.String.valueOf(RequestedQty)): null

2018-06-09 16:37:24 - [TEST_STEP][PASSED] - setText: Text '10' is set on object 'Object Repository/DispensaryToStore/Page_Store/input_txtqty'

2018-06-09 16:37:24 - [MESSAGE][PASSED] - Text '10' is set on object 'Object Repository/DispensaryToStore/Page_Store/input_txtqty'

2018-06-09 16:37:24 - [TEST_STEP][PASSED] - click: Object: 'Object Repository/DispensaryToStore/Page_Store/button_Add' is clicked on

2018-06-09 16:37:24 - [MESSAGE][PASSED] - Object: 'Object Repository/DispensaryToStore/Page_Store/button_Add' is clicked on

2018-06-09 16:37:24 - [TEST_STEP][PASSED] - Statement - Break: null

2018-06-09 16:37:24 - [TEST_STEP][PASSED] - selectOptionByIndex: All options with index in [48] are selected on object 'Object Repository/DispensaryToStore/Page_Store/select_--Select--Adernaline 0.'

2018-06-09 16:37:25 - [MESSAGE][PASSED] - All options with index in [48] are selected on object 'Object Repository/DispensaryToStore/Page_Store/select_--Select--Adernaline 0.'

2018-06-09 16:37:25 - [TEST_STEP][PASSED] - delay: Delayed 2 second(s)

2018-06-09 16:37:27 - [MESSAGE][PASSED] - Delayed 2 second(s)

2018-06-09 16:37:27 - [TEST_STEP][PASSED] - Statement - RequestedQty = com.kms.katalon.core.webui.keyword.WebUiBuiltInKeywords.getAttribute(com.kms.katalon.core.testobject.ObjectRepository.findTestObject(DispensaryToStore/Page_Store/input_txttotal), "value"): Attribute 'value' of object 'Object Repository/DispensaryToStore/Page_Store/input_txttotal' is: '10'

2018-06-09 16:37:27 - [MESSAGE][PASSED] - Attribute 'value' of object 'Object Repository/DispensaryToStore/Page_Store/input_txttotal' is: '10'

2018-06-09 16:37:27 - [TEST_STEP][PASSED] - Statement - out.println("Requested QTY : " + RequestedQty): null

2018-06-09 16:37:27 - [TEST_STEP][PASSED] - Statement - BatchNumber = com.kms.katalon.core.webui.keyword.WebUiBuiltInKeywords.getNumberOfTotalOption(com.kms.katalon.core.testobject.ObjectRepository.findTestObject(DispensaryToStore/Page_Store/select_--Select--BA1170BA2376B)): 4 options of object 'Object Repository/DispensaryToStore/Page_Store/select_--Select--BA1170BA2376B' counted

2018-06-09 16:37:27 - [MESSAGE][PASSED] - 4 options of object 'Object Repository/DispensaryToStore/Page_Store/select_--Select--BA1170BA2376B' counted

2018-06-09 16:37:27 - [TEST_STEP][PASSED] - Statement - For ([g = 1, g <= BatchNumber - 1, (g++)]): null

2018-06-09 16:37:27 - [TEST_STEP][PASSED] - selectOptionByIndex: All options with index in [1] are selected on object 'Object Repository/DispensaryToStore/Page_Store/select_--Select--BA1170BA2376B'

2018-06-09 16:37:27 - [MESSAGE][PASSED] - All options with index in [1] are selected on object 'Object Repository/DispensaryToStore/Page_Store/select_--Select--BA1170BA2376B'

2018-06-09 16:37:27 - [TEST_STEP][PASSED] - Statement - Try: null

2018-06-09 16:37:27 - [TEST_STEP][PASSED] - Statement - StockQty = com.kms.katalon.core.webui.keyword.WebUiBuiltInKeywords.getAttribute(com.kms.katalon.core.testobject.ObjectRepository.findTestObject(DispensaryToStore/Page_Store/input_txtprice), "value"): Attribute 'value' of object 'Object Repository/DispensaryToStore/Page_Store/input_txtprice' is: '270'

2018-06-09 16:37:27 - [MESSAGE][PASSED] - Attribute 'value' of object 'Object Repository/DispensaryToStore/Page_Store/input_txtprice' is: '270'

2018-06-09 16:37:27 - [TEST_STEP][PASSED] - Statement - out.println("Stock QTY : " + StockQty): null

2018-06-09 16:37:27 - [TEST_STEP][PASSED] - delay: Delayed 2 second(s)

2018-06-09 16:37:29 - [MESSAGE][PASSED] - Delayed 2 second(s)

2018-06-09 16:37:29 - [TEST_STEP][PASSED] - Statement - If (java.lang.String.valueOf(StockQty) >= java.lang.String.valueOf(RequestedQty)): null

2018-06-09 16:37:29 - [TEST_STEP][PASSED] - setText: Text '10' is set on object 'Object Repository/DispensaryToStore/Page_Store/input_txtqty'

2018-06-09 16:37:29 - [MESSAGE][PASSED] - Text '10' is set on object 'Object Repository/DispensaryToStore/Page_Store/input_txtqty'

2018-06-09 16:37:29 - [TEST_STEP][PASSED] - click: Object: 'Object Repository/DispensaryToStore/Page_Store/button_Add' is clicked on

2018-06-09 16:37:29 - [MESSAGE][PASSED] - Object: 'Object Repository/DispensaryToStore/Page_Store/button_Add' is clicked on

2018-06-09 16:37:29 - [TEST_STEP][PASSED] - Statement - Break: null

2018-06-09 16:37:29 - [TEST_STEP][PASSED] - selectOptionByIndex: All options with index in [49] are selected on object 'Object Repository/DispensaryToStore/Page_Store/select_--Select--Adernaline 0.'

2018-06-09 16:37:30 - [MESSAGE][PASSED] - All options with index in [49] are selected on object 'Object Repository/DispensaryToStore/Page_Store/select_--Select--Adernaline 0.'

2018-06-09 16:37:30 - [TEST_STEP][PASSED] - delay: Delayed 2 second(s)

2018-06-09 16:37:32 - [MESSAGE][PASSED] - Delayed 2 second(s)

2018-06-09 16:37:32 - [TEST_STEP][PASSED] - Statement - RequestedQty = com.kms.katalon.core.webui.keyword.WebUiBuiltInKeywords.getAttribute(com.kms.katalon.core.testobject.ObjectRepository.findTestObject(DispensaryToStore/Page_Store/input_txttotal), "value"): Attribute 'value' of object 'Object Repository/DispensaryToStore/Page_Store/input_txttotal' is: '10'

2018-06-09 16:37:32 - [MESSAGE][PASSED] - Attribute 'value' of object 'Object Repository/DispensaryToStore/Page_Store/input_txttotal' is: '10'

2018-06-09 16:37:32 - [TEST_STEP][PASSED] - Statement - out.println("Requested QTY : " + RequestedQty): null

2018-06-09 16:37:32 - [TEST_STEP][PASSED] - Statement - BatchNumber = com.kms.katalon.core.webui.keyword.WebUiBuiltInKeywords.getNumberOfTotalOption(com.kms.katalon.core.testobject.ObjectRepository.findTestObject(DispensaryToStore/Page_Store/select_--Select--BA1170BA2376B)): 2 options of object 'Object Repository/DispensaryToStore/Page_Store/select_--Select--BA1170BA2376B' counted

2018-06-09 16:37:32 - [MESSAGE][PASSED] - 2 options of object 'Object Repository/DispensaryToStore/Page_Store/select_--Select--BA1170BA2376B' counted

2018-06-09 16:37:32 - [TEST_STEP][PASSED] - Statement - For ([g = 1, g <= BatchNumber - 1, (g++)]): null

2018-06-09 16:37:32 - [TEST_STEP][PASSED] - selectOptionByIndex: All options with index in [1] are selected on object 'Object Repository/DispensaryToStore/Page_Store/select_--Select--BA1170BA2376B'

2018-06-09 16:37:32 - [MESSAGE][PASSED] - All options with index in [1] are selected on object 'Object Repository/DispensaryToStore/Page_Store/select_--Select--BA1170BA2376B'

2018-06-09 16:37:32 - [TEST_STEP][PASSED] - Statement - Try: null

2018-06-09 16:37:32 - [TEST_STEP][PASSED] - Statement - StockQty = com.kms.katalon.core.webui.keyword.WebUiBuiltInKeywords.getAttribute(com.kms.katalon.core.testobject.ObjectRepository.findTestObject(DispensaryToStore/Page_Store/input_txtprice), "value"): Attribute 'value' of object 'Object Repository/DispensaryToStore/Page_Store/input_txtprice' is: '2650'

2018-06-09 16:37:32 - [MESSAGE][PASSED] - Attribute 'value' of object 'Object Repository/DispensaryToStore/Page_Store/input_txtprice' is: '2650'

2018-06-09 16:37:32 - [TEST_STEP][PASSED] - Statement - out.println("Stock QTY : " + StockQty): null

2018-06-09 16:37:32 - [TEST_STEP][PASSED] - delay: Delayed 2 second(s)

2018-06-09 16:37:34 - [MESSAGE][PASSED] - Delayed 2 second(s)

2018-06-09 16:37:34 - [TEST_STEP][PASSED] - Statement - If (java.lang.String.valueOf(StockQty) >= java.lang.String.valueOf(RequestedQty)): null

2018-06-09 16:37:34 - [TEST_STEP][PASSED] - setText: Text '10' is set on object 'Object Repository/DispensaryToStore/Page_Store/input_txtqty'

2018-06-09 16:37:34 - [MESSAGE][PASSED] - Text '10' is set on object 'Object Repository/DispensaryToStore/Page_Store/input_txtqty'

2018-06-09 16:37:34 - [TEST_STEP][PASSED] - click: Object: 'Object Repository/DispensaryToStore/Page_Store/button_Add' is clicked on

2018-06-09 16:37:34 - [MESSAGE][PASSED] - Object: 'Object Repository/DispensaryToStore/Page_Store/button_Add' is clicked on

2018-06-09 16:37:34 - [TEST_STEP][PASSED] - Statement - Break: null

2018-06-09 16:37:34 - [TEST_STEP][PASSED] - selectOptionByIndex: All options with index in [50] are selected on object 'Object Repository/DispensaryToStore/Page_Store/select_--Select--Adernaline 0.'

2018-06-09 16:37:35 - [MESSAGE][PASSED] - All options with index in [50] are selected on object 'Object Repository/DispensaryToStore/Page_Store/select_--Select--Adernaline 0.'

2018-06-09 16:37:35 - [TEST_STEP][PASSED] - delay: Delayed 2 second(s)

2018-06-09 16:37:37 - [MESSAGE][PASSED] - Delayed 2 second(s)

2018-06-09 16:37:37 - [TEST_STEP][PASSED] - Statement - RequestedQty = com.kms.katalon.core.webui.keyword.WebUiBuiltInKeywords.getAttribute(com.kms.katalon.core.testobject.ObjectRepository.findTestObject(DispensaryToStore/Page_Store/input_txttotal), "value"): Attribute 'value' of object 'Object Repository/DispensaryToStore/Page_Store/input_txttotal' is: '10'

2018-06-09 16:37:37 - [MESSAGE][PASSED] - Attribute 'value' of object 'Object Repository/DispensaryToStore/Page_Store/input_txttotal' is: '10'

2018-06-09 16:37:37 - [TEST_STEP][PASSED] - Statement - out.println("Requested QTY : " + RequestedQty): null

2018-06-09 16:37:37 - [TEST_STEP][PASSED] - Statement - BatchNumber = com.kms.katalon.core.webui.keyword.WebUiBuiltInKeywords.getNumberOfTotalOption(com.kms.katalon.core.testobject.ObjectRepository.findTestObject(DispensaryToStore/Page_Store/select_--Select--BA1170BA2376B)): 4 options of object 'Object Repository/DispensaryToStore/Page_Store/select_--Select--BA1170BA2376B' counted

2018-06-09 16:37:37 - [MESSAGE][PASSED] - 4 options of object 'Object Repository/DispensaryToStore/Page_Store/select_--Select--BA1170BA2376B' counted

2018-06-09 16:37:37 - [TEST_STEP][PASSED] - Statement - For ([g = 1, g <= BatchNumber - 1, (g++)]): null

2018-06-09 16:37:37 - [TEST_STEP][PASSED] - selectOptionByIndex: All options with index in [1] are selected on object 'Object Repository/DispensaryToStore/Page_Store/select_--Select--BA1170BA2376B'

2018-06-09 16:37:37 - [MESSAGE][PASSED] - All options with index in [1] are selected on object 'Object Repository/DispensaryToStore/Page_Store/select_--Select--BA1170BA2376B'

2018-06-09 16:37:37 - [TEST_STEP][PASSED] - Statement - Try: null

2018-06-09 16:37:37 - [TEST_STEP][PASSED] - Statement - StockQty = com.kms.katalon.core.webui.keyword.WebUiBuiltInKeywords.getAttribute(com.kms.katalon.core.testobject.ObjectRepository.findTestObject(DispensaryToStore/Page_Store/input_txtprice), "value"): Attribute 'value' of object 'Object Repository/DispensaryToStore/Page_Store/input_txtprice' is: '610'

2018-06-09 16:37:37 - [MESSAGE][PASSED] - Attribute 'value' of object 'Object Repository/DispensaryToStore/Page_Store/input_txtprice' is: '610'

2018-06-09 16:37:37 - [TEST_STEP][PASSED] - Statement - out.println("Stock QTY : " + StockQty): null

2018-06-09 16:37:37 - [TEST_STEP][PASSED] - delay: Delayed 2 second(s)

2018-06-09 16:37:39 - [MESSAGE][PASSED] - Delayed 2 second(s)

2018-06-09 16:37:39 - [TEST_STEP][PASSED] - Statement - If (java.lang.String.valueOf(StockQty) >= java.lang.String.valueOf(RequestedQty)): null

2018-06-09 16:37:39 - [TEST_STEP][PASSED] - setText: Text '10' is set on object 'Object Repository/DispensaryToStore/Page_Store/input_txtqty'

2018-06-09 16:37:39 - [MESSAGE][PASSED] - Text '10' is set on object 'Object Repository/DispensaryToStore/Page_Store/input_txtqty'

2018-06-09 16:37:39 - [TEST_STEP][PASSED] - click: Object: 'Object Repository/DispensaryToStore/Page_Store/button_Add' is clicked on

2018-06-09 16:37:39 - [MESSAGE][PASSED] - Object: 'Object Repository/DispensaryToStore/Page_Store/button_Add' is clicked on

2018-06-09 16:37:39 - [TEST_STEP][PASSED] - Statement - Break: null

2018-06-09 16:37:39 - [TEST_STEP][PASSED] - selectOptionByIndex: All options with index in [51] are selected on object 'Object Repository/DispensaryToStore/Page_Store/select_--Select--Adernaline 0.'

2018-06-09 16:37:40 - [MESSAGE][PASSED] - All options with index in [51] are selected on object 'Object Repository/DispensaryToStore/Page_Store/select_--Select--Adernaline 0.'

2018-06-09 16:37:40 - [TEST_STEP][PASSED] - delay: Delayed 2 second(s)

2018-06-09 16:37:42 - [MESSAGE][PASSED] - Delayed 2 second(s)

2018-06-09 16:37:42 - [TEST_STEP][PASSED] - Statement - RequestedQty = com.kms.katalon.core.webui.keyword.WebUiBuiltInKeywords.getAttribute(com.kms.katalon.core.testobject.ObjectRepository.findTestObject(DispensaryToStore/Page_Store/input_txttotal), "value"): Attribute 'value' of object 'Object Repository/DispensaryToStore/Page_Store/input_txttotal' is: '10'

2018-06-09 16:37:42 - [MESSAGE][PASSED] - Attribute 'value' of object 'Object Repository/DispensaryToStore/Page_Store/input_txttotal' is: '10'

2018-06-09 16:37:42 - [TEST_STEP][PASSED] - Statement - out.println("Requested QTY : " + RequestedQty): null

2018-06-09 16:37:42 - [TEST_STEP][PASSED] - Statement - BatchNumber = com.kms.katalon.core.webui.keyword.WebUiBuiltInKeywords.getNumberOfTotalOption(com.kms.katalon.core.testobject.ObjectRepository.findTestObject(DispensaryToStore/Page_Store/select_--Select--BA1170BA2376B)): 3 options of object 'Object Repository/DispensaryToStore/Page_Store/select_--Select--BA1170BA2376B' counted

2018-06-09 16:37:42 - [MESSAGE][PASSED] - 3 options of object 'Object Repository/DispensaryToStore/Page_Store/select_--Select--BA1170BA2376B' counted

2018-06-09 16:37:42 - [TEST_STEP][PASSED] - Statement - For ([g = 1, g <= BatchNumber - 1, (g++)]): null

2018-06-09 16:37:42 - [TEST_STEP][PASSED] - selectOptionByIndex: All options with index in [1] are selected on object 'Object Repository/DispensaryToStore/Page_Store/select_--Select--BA1170BA2376B'

2018-06-09 16:37:42 - [MESSAGE][PASSED] - All options with index in [1] are selected on object 'Object Repository/DispensaryToStore/Page_Store/select_--Select--BA1170BA2376B'

2018-06-09 16:37:42 - [TEST_STEP][PASSED] - Statement - Try: null

2018-06-09 16:37:42 - [TEST_STEP][PASSED] - Statement - StockQty = com.kms.katalon.core.webui.keyword.WebUiBuiltInKeywords.getAttribute(com.kms.katalon.core.testobject.ObjectRepository.findTestObject(DispensaryToStore/Page_Store/input_txtprice), "value"): Attribute 'value' of object 'Object Repository/DispensaryToStore/Page_Store/input_txtprice' is: '1550'

2018-06-09 16:37:42 - [MESSAGE][PASSED] - Attribute 'value' of object 'Object Repository/DispensaryToStore/Page_Store/input_txtprice' is: '1550'

2018-06-09 16:37:42 - [TEST_STEP][PASSED] - Statement - out.println("Stock QTY : " + StockQty): null

2018-06-09 16:37:42 - [TEST_STEP][PASSED] - delay: Delayed 2 second(s)

2018-06-09 16:37:44 - [MESSAGE][PASSED] - Delayed 2 second(s)

2018-06-09 16:37:44 - [TEST_STEP][PASSED] - Statement - If (java.lang.String.valueOf(StockQty) >= java.lang.String.valueOf(RequestedQty)): null

2018-06-09 16:37:44 - [TEST_STEP][PASSED] - setText: Text '10' is set on object 'Object Repository/DispensaryToStore/Page_Store/input_txtqty'

2018-06-09 16:37:44 - [MESSAGE][PASSED] - Text '10' is set on object 'Object Repository/DispensaryToStore/Page_Store/input_txtqty'

2018-06-09 16:37:44 - [TEST_STEP][PASSED] - click: Object: 'Object Repository/DispensaryToStore/Page_Store/button_Add' is clicked on

2018-06-09 16:37:45 - [MESSAGE][PASSED] - Object: 'Object Repository/DispensaryToStore/Page_Store/button_Add' is clicked on

2018-06-09 16:37:45 - [TEST_STEP][PASSED] - Statement - Break: null

2018-06-09 16:37:45 - [TEST_STEP][PASSED] - selectOptionByIndex: All options with index in [52] are selected on object 'Object Repository/DispensaryToStore/Page_Store/select_--Select--Adernaline 0.'

2018-06-09 16:37:45 - [MESSAGE][PASSED] - All options with index in [52] are selected on object 'Object Repository/DispensaryToStore/Page_Store/select_--Select--Adernaline 0.'

2018-06-09 16:37:45 - [TEST_STEP][PASSED] - delay: Delayed 2 second(s)

2018-06-09 16:37:47 - [MESSAGE][PASSED] - Delayed 2 second(s)

2018-06-09 16:37:47 - [TEST_STEP][PASSED] - Statement - RequestedQty = com.kms.katalon.core.webui.keyword.WebUiBuiltInKeywords.getAttribute(com.kms.katalon.core.testobject.ObjectRepository.findTestObject(DispensaryToStore/Page_Store/input_txttotal), "value"): Attribute 'value' of object 'Object Repository/DispensaryToStore/Page_Store/input_txttotal' is: '10'

2018-06-09 16:37:47 - [MESSAGE][PASSED] - Attribute 'value' of object 'Object Repository/DispensaryToStore/Page_Store/input_txttotal' is: '10'

2018-06-09 16:37:47 - [TEST_STEP][PASSED] - Statement - out.println("Requested QTY : " + RequestedQty): null

2018-06-09 16:37:47 - [TEST_STEP][PASSED] - Statement - BatchNumber = com.kms.katalon.core.webui.keyword.WebUiBuiltInKeywords.getNumberOfTotalOption(com.kms.katalon.core.testobject.ObjectRepository.findTestObject(DispensaryToStore/Page_Store/select_--Select--BA1170BA2376B)): 2 options of object 'Object Repository/DispensaryToStore/Page_Store/select_--Select--BA1170BA2376B' counted

2018-06-09 16:37:47 - [MESSAGE][PASSED] - 2 options of object 'Object Repository/DispensaryToStore/Page_Store/select_--Select--BA1170BA2376B' counted

2018-06-09 16:37:47 - [TEST_STEP][PASSED] - Statement - For ([g = 1, g <= BatchNumber - 1, (g++)]): null

2018-06-09 16:37:47 - [TEST_STEP][PASSED] - selectOptionByIndex: All options with index in [1] are selected on object 'Object Repository/DispensaryToStore/Page_Store/select_--Select--BA1170BA2376B'

2018-06-09 16:37:47 - [MESSAGE][PASSED] - All options with index in [1] are selected on object 'Object Repository/DispensaryToStore/Page_Store/select_--Select--BA1170BA2376B'

2018-06-09 16:37:47 - [TEST_STEP][PASSED] - Statement - Try: null

2018-06-09 16:37:47 - [TEST_STEP][PASSED] - Statement - StockQty = com.kms.katalon.core.webui.keyword.WebUiBuiltInKeywords.getAttribute(com.kms.katalon.core.testobject.ObjectRepository.findTestObject(DispensaryToStore/Page_Store/input_txtprice), "value"): Attribute 'value' of object 'Object Repository/DispensaryToStore/Page_Store/input_txtprice' is: '2650'

2018-06-09 16:37:47 - [MESSAGE][PASSED] - Attribute 'value' of object 'Object Repository/DispensaryToStore/Page_Store/input_txtprice' is: '2650'

2018-06-09 16:37:47 - [TEST_STEP][PASSED] - Statement - out.println("Stock QTY : " + StockQty): null

2018-06-09 16:37:47 - [TEST_STEP][PASSED] - delay: Delayed 2 second(s)

2018-06-09 16:37:49 - [MESSAGE][PASSED] - Delayed 2 second(s)

2018-06-09 16:37:49 - [TEST_STEP][PASSED] - Statement - If (java.lang.String.valueOf(StockQty) >= java.lang.String.valueOf(RequestedQty)): null

2018-06-09 16:37:49 - [TEST_STEP][PASSED] - setText: Text '10' is set on object 'Object Repository/DispensaryToStore/Page_Store/input_txtqty'

2018-06-09 16:37:50 - [MESSAGE][PASSED] - Text '10' is set on object 'Object Repository/DispensaryToStore/Page_Store/input_txtqty'

2018-06-09 16:37:50 - [TEST_STEP][PASSED] - click: Object: 'Object Repository/DispensaryToStore/Page_Store/button_Add' is clicked on

2018-06-09 16:37:50 - [MESSAGE][PASSED] - Object: 'Object Repository/DispensaryToStore/Page_Store/button_Add' is clicked on

2018-06-09 16:37:50 - [TEST_STEP][PASSED] - Statement - Break: null

2018-06-09 16:37:50 - [TEST_STEP][PASSED] - selectOptionByIndex: All options with index in [53] are selected on object 'Object Repository/DispensaryToStore/Page_Store/select_--Select--Adernaline 0.'

2018-06-09 16:37:50 - [MESSAGE][PASSED] - All options with index in [53] are selected on object 'Object Repository/DispensaryToStore/Page_Store/select_--Select--Adernaline 0.'

2018-06-09 16:37:50 - [TEST_STEP][PASSED] - delay: Delayed 2 second(s)

2018-06-09 16:37:52 - [MESSAGE][PASSED] - Delayed 2 second(s)

2018-06-09 16:37:52 - [TEST_STEP][PASSED] - Statement - RequestedQty = com.kms.katalon.core.webui.keyword.WebUiBuiltInKeywords.getAttribute(com.kms.katalon.core.testobject.ObjectRepository.findTestObject(DispensaryToStore/Page_Store/input_txttotal), "value"): Attribute 'value' of object 'Object Repository/DispensaryToStore/Page_Store/input_txttotal' is: '10'

2018-06-09 16:37:52 - [MESSAGE][PASSED] - Attribute 'value' of object 'Object Repository/DispensaryToStore/Page_Store/input_txttotal' is: '10'

2018-06-09 16:37:52 - [TEST_STEP][PASSED] - Statement - out.println("Requested QTY : " + RequestedQty): null

2018-06-09 16:37:52 - [TEST_STEP][PASSED] - Statement - BatchNumber = com.kms.katalon.core.webui.keyword.WebUiBuiltInKeywords.getNumberOfTotalOption(com.kms.katalon.core.testobject.ObjectRepository.findTestObject(DispensaryToStore/Page_Store/select_--Select--BA1170BA2376B)): 3 options of object 'Object Repository/DispensaryToStore/Page_Store/select_--Select--BA1170BA2376B' counted

2018-06-09 16:37:52 - [MESSAGE][PASSED] - 3 options of object 'Object Repository/DispensaryToStore/Page_Store/select_--Select--BA1170BA2376B' counted

2018-06-09 16:37:52 - [TEST_STEP][PASSED] - Statement - For ([g = 1, g <= BatchNumber - 1, (g++)]): null

2018-06-09 16:37:52 - [TEST_STEP][PASSED] - selectOptionByIndex: All options with index in [1] are selected on object 'Object Repository/DispensaryToStore/Page_Store/select_--Select--BA1170BA2376B'

2018-06-09 16:37:53 - [MESSAGE][PASSED] - All options with index in [1] are selected on object 'Object Repository/DispensaryToStore/Page_Store/select_--Select--BA1170BA2376B'

2018-06-09 16:37:53 - [TEST_STEP][PASSED] - Statement - Try: null

2018-06-09 16:37:53 - [TEST_STEP][PASSED] - Statement - StockQty = com.kms.katalon.core.webui.keyword.WebUiBuiltInKeywords.getAttribute(com.kms.katalon.core.testobject.ObjectRepository.findTestObject(DispensaryToStore/Page_Store/input_txtprice), "value"): Attribute 'value' of object 'Object Repository/DispensaryToStore/Page_Store/input_txtprice' is: '1550'

2018-06-09 16:37:53 - [MESSAGE][PASSED] - Attribute 'value' of object 'Object Repository/DispensaryToStore/Page_Store/input_txtprice' is: '1550'

2018-06-09 16:37:53 - [TEST_STEP][PASSED] - Statement - out.println("Stock QTY : " + StockQty): null

2018-06-09 16:37:53 - [TEST_STEP][PASSED] - delay: Delayed 2 second(s)

2018-06-09 16:37:55 - [MESSAGE][PASSED] - Delayed 2 second(s)

2018-06-09 16:37:55 - [TEST_STEP][PASSED] - Statement - If (java.lang.String.valueOf(StockQty) >= java.lang.String.valueOf(RequestedQty)): null

2018-06-09 16:37:55 - [TEST_STEP][PASSED] - setText: Text '10' is set on object 'Object Repository/DispensaryToStore/Page_Store/input_txtqty'

2018-06-09 16:37:55 - [MESSAGE][PASSED] - Text '10' is set on object 'Object Repository/DispensaryToStore/Page_Store/input_txtqty'

2018-06-09 16:37:55 - [TEST_STEP][PASSED] - click: Object: 'Object Repository/DispensaryToStore/Page_Store/button_Add' is clicked on

2018-06-09 16:37:55 - [MESSAGE][PASSED] - Object: 'Object Repository/DispensaryToStore/Page_Store/button_Add' is clicked on

2018-06-09 16:37:55 - [TEST_STEP][PASSED] - Statement - Break: null

2018-06-09 16:37:55 - [TEST_STEP][PASSED] - selectOptionByIndex: All options with index in [54] are selected on object 'Object Repository/DispensaryToStore/Page_Store/select_--Select--Adernaline 0.'

2018-06-09 16:37:56 - [MESSAGE][PASSED] - All options with index in [54] are selected on object 'Object Repository/DispensaryToStore/Page_Store/select_--Select--Adernaline 0.'

2018-06-09 16:37:56 - [TEST_STEP][PASSED] - delay: Delayed 2 second(s)

2018-06-09 16:37:58 - [MESSAGE][PASSED] - Delayed 2 second(s)

2018-06-09 16:37:58 - [TEST_STEP][PASSED] - Statement - RequestedQty = com.kms.katalon.core.webui.keyword.WebUiBuiltInKeywords.getAttribute(com.kms.katalon.core.testobject.ObjectRepository.findTestObject(DispensaryToStore/Page_Store/input_txttotal), "value"): Attribute 'value' of object 'Object Repository/DispensaryToStore/Page_Store/input_txttotal' is: '10'

2018-06-09 16:37:58 - [MESSAGE][PASSED] - Attribute 'value' of object 'Object Repository/DispensaryToStore/Page_Store/input_txttotal' is: '10'

2018-06-09 16:37:58 - [TEST_STEP][PASSED] - Statement - out.println("Requested QTY : " + RequestedQty): null

2018-06-09 16:37:58 - [TEST_STEP][PASSED] - Statement - BatchNumber = com.kms.katalon.core.webui.keyword.WebUiBuiltInKeywords.getNumberOfTotalOption(com.kms.katalon.core.testobject.ObjectRepository.findTestObject(DispensaryToStore/Page_Store/select_--Select--BA1170BA2376B)): 4 options of object 'Object Repository/DispensaryToStore/Page_Store/select_--Select--BA1170BA2376B' counted

2018-06-09 16:37:58 - [MESSAGE][PASSED] - 4 options of object 'Object Repository/DispensaryToStore/Page_Store/select_--Select--BA1170BA2376B' counted

2018-06-09 16:37:58 - [TEST_STEP][PASSED] - Statement - For ([g = 1, g <= BatchNumber - 1, (g++)]): null

2018-06-09 16:37:58 - [TEST_STEP][PASSED] - selectOptionByIndex: All options with index in [1] are selected on object 'Object Repository/DispensaryToStore/Page_Store/select_--Select--BA1170BA2376B'

2018-06-09 16:37:58 - [MESSAGE][PASSED] - All options with index in [1] are selected on object 'Object Repository/DispensaryToStore/Page_Store/select_--Select--BA1170BA2376B'

2018-06-09 16:37:58 - [TEST_STEP][PASSED] - Statement - Try: null

2018-06-09 16:37:58 - [TEST_STEP][PASSED] - Statement - StockQty = com.kms.katalon.core.webui.keyword.WebUiBuiltInKeywords.getAttribute(com.kms.katalon.core.testobject.ObjectRepository.findTestObject(DispensaryToStore/Page_Store/input_txtprice), "value"): Attribute 'value' of object 'Object Repository/DispensaryToStore/Page_Store/input_txtprice' is: '270'

2018-06-09 16:37:58 - [MESSAGE][PASSED] - Attribute 'value' of object 'Object Repository/DispensaryToStore/Page_Store/input_txtprice' is: '270'

2018-06-09 16:37:58 - [TEST_STEP][PASSED] - Statement - out.println("Stock QTY : " + StockQty): null

2018-06-09 16:37:58 - [TEST_STEP][PASSED] - delay: Delayed 2 second(s)

2018-06-09 16:38:00 - [MESSAGE][PASSED] - Delayed 2 second(s)

2018-06-09 16:38:00 - [TEST_STEP][PASSED] - Statement - If (java.lang.String.valueOf(StockQty) >= java.lang.String.valueOf(RequestedQty)): null

2018-06-09 16:38:00 - [TEST_STEP][PASSED] - setText: Text '10' is set on object 'Object Repository/DispensaryToStore/Page_Store/input_txtqty'

2018-06-09 16:38:00 - [MESSAGE][PASSED] - Text '10' is set on object 'Object Repository/DispensaryToStore/Page_Store/input_txtqty'

2018-06-09 16:38:00 - [TEST_STEP][PASSED] - click: Object: 'Object Repository/DispensaryToStore/Page_Store/button_Add' is clicked on

2018-06-09 16:38:00 - [MESSAGE][PASSED] - Object: 'Object Repository/DispensaryToStore/Page_Store/button_Add' is clicked on

2018-06-09 16:38:00 - [TEST_STEP][PASSED] - Statement - Break: null

2018-06-09 16:38:00 - [TEST_STEP][PASSED] - selectOptionByIndex: All options with index in [55] are selected on object 'Object Repository/DispensaryToStore/Page_Store/select_--Select--Adernaline 0.'

2018-06-09 16:38:01 - [MESSAGE][PASSED] - All options with index in [55] are selected on object 'Object Repository/DispensaryToStore/Page_Store/select_--Select--Adernaline 0.'

2018-06-09 16:38:01 - [TEST_STEP][PASSED] - delay: Delayed 2 second(s)

2018-06-09 16:38:03 - [MESSAGE][PASSED] - Delayed 2 second(s)

2018-06-09 16:38:03 - [TEST_STEP][PASSED] - Statement - RequestedQty = com.kms.katalon.core.webui.keyword.WebUiBuiltInKeywords.getAttribute(com.kms.katalon.core.testobject.ObjectRepository.findTestObject(DispensaryToStore/Page_Store/input_txttotal), "value"): Attribute 'value' of object 'Object Repository/DispensaryToStore/Page_Store/input_txttotal' is: '10'

2018-06-09 16:38:03 - [MESSAGE][PASSED] - Attribute 'value' of object 'Object Repository/DispensaryToStore/Page_Store/input_txttotal' is: '10'

2018-06-09 16:38:03 - [TEST_STEP][PASSED] - Statement - out.println("Requested QTY : " + RequestedQty): null

2018-06-09 16:38:03 - [TEST_STEP][PASSED] - Statement - BatchNumber = com.kms.katalon.core.webui.keyword.WebUiBuiltInKeywords.getNumberOfTotalOption(com.kms.katalon.core.testobject.ObjectRepository.findTestObject(DispensaryToStore/Page_Store/select_--Select--BA1170BA2376B)): 3 options of object 'Object Repository/DispensaryToStore/Page_Store/select_--Select--BA1170BA2376B' counted

2018-06-09 16:38:03 - [MESSAGE][PASSED] - 3 options of object 'Object Repository/DispensaryToStore/Page_Store/select_--Select--BA1170BA2376B' counted

2018-06-09 16:38:03 - [TEST_STEP][PASSED] - Statement - For ([g = 1, g <= BatchNumber - 1, (g++)]): null

2018-06-09 16:38:03 - [TEST_STEP][PASSED] - selectOptionByIndex: All options with index in [1] are selected on object 'Object Repository/DispensaryToStore/Page_Store/select_--Select--BA1170BA2376B'

2018-06-09 16:38:03 - [MESSAGE][PASSED] - All options with index in [1] are selected on object 'Object Repository/DispensaryToStore/Page_Store/select_--Select--BA1170BA2376B'

2018-06-09 16:38:03 - [TEST_STEP][PASSED] - Statement - Try: null

2018-06-09 16:38:03 - [TEST_STEP][PASSED] - Statement - StockQty = com.kms.katalon.core.webui.keyword.WebUiBuiltInKeywords.getAttribute(com.kms.katalon.core.testobject.ObjectRepository.findTestObject(DispensaryToStore/Page_Store/input_txtprice), "value"): Attribute 'value' of object 'Object Repository/DispensaryToStore/Page_Store/input_txtprice' is: ''

2018-06-09 16:38:03 - [MESSAGE][PASSED] - Attribute 'value' of object 'Object Repository/DispensaryToStore/Page_Store/input_txtprice' is: ''

2018-06-09 16:38:03 - [TEST_STEP][PASSED] - Statement - out.println("Stock QTY : " + StockQty): null

2018-06-09 16:38:03 - [TEST_STEP][PASSED] - delay: Delayed 2 second(s)

2018-06-09 16:38:05 - [MESSAGE][PASSED] - Delayed 2 second(s)

2018-06-09 16:38:05 - [TEST_STEP][PASSED] - Statement - If (java.lang.String.valueOf(StockQty) >= java.lang.String.valueOf(RequestedQty)): null

2018-06-09 16:38:05 - [TEST_STEP][PASSED] - Statement - Else: null

2018-06-09 16:38:05 - [TEST_STEP][PASSED] - Statement - out.println("Stock Is Less Than Requested Qty"): null

2018-06-09 16:38:05 - [TEST_STEP][PASSED] - selectOptionByIndex: All options with index in [2] are selected on object 'Object Repository/DispensaryToStore/Page_Store/select_--Select--BA1170BA2376B'

2018-06-09 16:38:05 - [MESSAGE][PASSED] - All options with index in [2] are selected on object 'Object Repository/DispensaryToStore/Page_Store/select_--Select--BA1170BA2376B'

2018-06-09 16:38:05 - [TEST_STEP][PASSED] - Statement - Try: null

2018-06-09 16:38:05 - [TEST_STEP][PASSED] - Statement - StockQty = com.kms.katalon.core.webui.keyword.WebUiBuiltInKeywords.getAttribute(com.kms.katalon.core.testobject.ObjectRepository.findTestObject(DispensaryToStore/Page_Store/input_txtprice), "value"): Attribute 'value' of object 'Object Repository/DispensaryToStore/Page_Store/input_txtprice' is: '1100'

2018-06-09 16:38:05 - [MESSAGE][PASSED] - Attribute 'value' of object 'Object Repository/DispensaryToStore/Page_Store/input_txtprice' is: '1100'

2018-06-09 16:38:05 - [TEST_STEP][PASSED] - Statement - out.println("Stock QTY : " + StockQty): null

2018-06-09 16:38:05 - [TEST_STEP][PASSED] - delay: Delayed 2 second(s)

2018-06-09 16:38:07 - [MESSAGE][PASSED] - Delayed 2 second(s)

2018-06-09 16:38:07 - [TEST_STEP][PASSED] - Statement - If (java.lang.String.valueOf(StockQty) >= java.lang.String.valueOf(RequestedQty)): null

2018-06-09 16:38:07 - [TEST_STEP][PASSED] - setText: Text '10' is set on object 'Object Repository/DispensaryToStore/Page_Store/input_txtqty'

2018-06-09 16:38:07 - [MESSAGE][PASSED] - Text '10' is set on object 'Object Repository/DispensaryToStore/Page_Store/input_txtqty'

2018-06-09 16:38:07 - [TEST_STEP][PASSED] - click: Object: 'Object Repository/DispensaryToStore/Page_Store/button_Add' is clicked on

2018-06-09 16:38:07 - [MESSAGE][PASSED] - Object: 'Object Repository/DispensaryToStore/Page_Store/button_Add' is clicked on

2018-06-09 16:38:07 - [TEST_STEP][PASSED] - Statement - Break: null

2018-06-09 16:38:07 - [TEST_STEP][PASSED] - selectOptionByIndex: All options with index in [56] are selected on object 'Object Repository/DispensaryToStore/Page_Store/select_--Select--Adernaline 0.'

2018-06-09 16:38:08 - [MESSAGE][PASSED] - All options with index in [56] are selected on object 'Object Repository/DispensaryToStore/Page_Store/select_--Select--Adernaline 0.'

2018-06-09 16:38:08 - [TEST_STEP][PASSED] - delay: Delayed 2 second(s)

2018-06-09 16:38:10 - [MESSAGE][PASSED] - Delayed 2 second(s)

2018-06-09 16:38:10 - [TEST_STEP][PASSED] - Statement - RequestedQty = com.kms.katalon.core.webui.keyword.WebUiBuiltInKeywords.getAttribute(com.kms.katalon.core.testobject.ObjectRepository.findTestObject(DispensaryToStore/Page_Store/input_txttotal), "value"): Attribute 'value' of object 'Object Repository/DispensaryToStore/Page_Store/input_txttotal' is: '10'

2018-06-09 16:38:10 - [MESSAGE][PASSED] - Attribute 'value' of object 'Object Repository/DispensaryToStore/Page_Store/input_txttotal' is: '10'

2018-06-09 16:38:10 - [TEST_STEP][PASSED] - Statement - out.println("Requested QTY : " + RequestedQty): null

2018-06-09 16:38:10 - [TEST_STEP][PASSED] - Statement - BatchNumber = com.kms.katalon.core.webui.keyword.WebUiBuiltInKeywords.getNumberOfTotalOption(com.kms.katalon.core.testobject.ObjectRepository.findTestObject(DispensaryToStore/Page_Store/select_--Select--BA1170BA2376B)): 4 options of object 'Object Repository/DispensaryToStore/Page_Store/select_--Select--BA1170BA2376B' counted

2018-06-09 16:38:10 - [MESSAGE][PASSED] - 4 options of object 'Object Repository/DispensaryToStore/Page_Store/select_--Select--BA1170BA2376B' counted

2018-06-09 16:38:10 - [TEST_STEP][PASSED] - Statement - For ([g = 1, g <= BatchNumber - 1, (g++)]): null

2018-06-09 16:38:10 - [TEST_STEP][PASSED] - selectOptionByIndex: All options with index in [1] are selected on object 'Object Repository/DispensaryToStore/Page_Store/select_--Select--BA1170BA2376B'

2018-06-09 16:38:10 - [MESSAGE][PASSED] - All options with index in [1] are selected on object 'Object Repository/DispensaryToStore/Page_Store/select_--Select--BA1170BA2376B'

2018-06-09 16:38:10 - [TEST_STEP][PASSED] - Statement - Try: null

2018-06-09 16:38:10 - [TEST_STEP][PASSED] - Statement - StockQty = com.kms.katalon.core.webui.keyword.WebUiBuiltInKeywords.getAttribute(com.kms.katalon.core.testobject.ObjectRepository.findTestObject(DispensaryToStore/Page_Store/input_txtprice), "value"): Attribute 'value' of object 'Object Repository/DispensaryToStore/Page_Store/input_txtprice' is: '610'

2018-06-09 16:38:10 - [MESSAGE][PASSED] - Attribute 'value' of object 'Object Repository/DispensaryToStore/Page_Store/input_txtprice' is: '610'

2018-06-09 16:38:10 - [TEST_STEP][PASSED] - Statement - out.println("Stock QTY : " + StockQty): null

2018-06-09 16:38:10 - [TEST_STEP][PASSED] - delay: Delayed 2 second(s)

2018-06-09 16:38:12 - [MESSAGE][PASSED] - Delayed 2 second(s)

2018-06-09 16:38:12 - [TEST_STEP][PASSED] - Statement - If (java.lang.String.valueOf(StockQty) >= java.lang.String.valueOf(RequestedQty)): null

2018-06-09 16:38:12 - [TEST_STEP][PASSED] - setText: Text '10' is set on object 'Object Repository/DispensaryToStore/Page_Store/input_txtqty'

2018-06-09 16:38:13 - [MESSAGE][PASSED] - Text '10' is set on object 'Object Repository/DispensaryToStore/Page_Store/input_txtqty'

2018-06-09 16:38:13 - [TEST_STEP][PASSED] - click: Object: 'Object Repository/DispensaryToStore/Page_Store/button_Add' is clicked on

2018-06-09 16:38:13 - [MESSAGE][PASSED] - Object: 'Object Repository/DispensaryToStore/Page_Store/button_Add' is clicked on

2018-06-09 16:38:13 - [TEST_STEP][PASSED] - Statement - Break: null

2018-06-09 16:38:13 - [TEST_STEP][PASSED] - selectOptionByIndex: All options with index in [57] are selected on object 'Object Repository/DispensaryToStore/Page_Store/select_--Select--Adernaline 0.'

2018-06-09 16:38:13 - [MESSAGE][PASSED] - All options with index in [57] are selected on object 'Object Repository/DispensaryToStore/Page_Store/select_--Select--Adernaline 0.'

2018-06-09 16:38:13 - [TEST_STEP][PASSED] - delay: Delayed 2 second(s)

2018-06-09 16:38:15 - [MESSAGE][PASSED] - Delayed 2 second(s)

2018-06-09 16:38:15 - [TEST_STEP][PASSED] - Statement - RequestedQty = com.kms.katalon.core.webui.keyword.WebUiBuiltInKeywords.getAttribute(com.kms.katalon.core.testobject.ObjectRepository.findTestObject(DispensaryToStore/Page_Store/input_txttotal), "value"): Attribute 'value' of object 'Object Repository/DispensaryToStore/Page_Store/input_txttotal' is: '10'

2018-06-09 16:38:15 - [MESSAGE][PASSED] - Attribute 'value' of object 'Object Repository/DispensaryToStore/Page_Store/input_txttotal' is: '10'

2018-06-09 16:38:15 - [TEST_STEP][PASSED] - Statement - out.println("Requested QTY : " + RequestedQty): null

2018-06-09 16:38:15 - [TEST_STEP][PASSED] - Statement - BatchNumber = com.kms.katalon.core.webui.keyword.WebUiBuiltInKeywords.getNumberOfTotalOption(com.kms.katalon.core.testobject.ObjectRepository.findTestObject(DispensaryToStore/Page_Store/select_--Select--BA1170BA2376B)): 3 options of object 'Object Repository/DispensaryToStore/Page_Store/select_--Select--BA1170BA2376B' counted

2018-06-09 16:38:15 - [MESSAGE][PASSED] - 3 options of object 'Object Repository/DispensaryToStore/Page_Store/select_--Select--BA1170BA2376B' counted

2018-06-09 16:38:15 - [TEST_STEP][PASSED] - Statement - For ([g = 1, g <= BatchNumber - 1, (g++)]): null

2018-06-09 16:38:15 - [TEST_STEP][PASSED] - selectOptionByIndex: All options with index in [1] are selected on object 'Object Repository/DispensaryToStore/Page_Store/select_--Select--BA1170BA2376B'

2018-06-09 16:38:16 - [MESSAGE][PASSED] - All options with index in [1] are selected on object 'Object Repository/DispensaryToStore/Page_Store/select_--Select--BA1170BA2376B'

2018-06-09 16:38:16 - [TEST_STEP][PASSED] - Statement - Try: null

2018-06-09 16:38:16 - [TEST_STEP][PASSED] - Statement - StockQty = com.kms.katalon.core.webui.keyword.WebUiBuiltInKeywords.getAttribute(com.kms.katalon.core.testobject.ObjectRepository.findTestObject(DispensaryToStore/Page_Store/input_txtprice), "value"): Attribute 'value' of object 'Object Repository/DispensaryToStore/Page_Store/input_txtprice' is: '1550'

2018-06-09 16:38:16 - [MESSAGE][PASSED] - Attribute 'value' of object 'Object Repository/DispensaryToStore/Page_Store/input_txtprice' is: '1550'

2018-06-09 16:38:16 - [TEST_STEP][PASSED] - Statement - out.println("Stock QTY : " + StockQty): null

2018-06-09 16:38:16 - [TEST_STEP][PASSED] - delay: Delayed 2 second(s)

2018-06-09 16:38:18 - [MESSAGE][PASSED] - Delayed 2 second(s)

2018-06-09 16:38:18 - [TEST_STEP][PASSED] - Statement - If (java.lang.String.valueOf(StockQty) >= java.lang.String.valueOf(RequestedQty)): null

2018-06-09 16:38:18 - [TEST_STEP][PASSED] - setText: Text '10' is set on object 'Object Repository/DispensaryToStore/Page_Store/input_txtqty'

2018-06-09 16:38:18 - [MESSAGE][PASSED] - Text '10' is set on object 'Object Repository/DispensaryToStore/Page_Store/input_txtqty'

2018-06-09 16:38:18 - [TEST_STEP][PASSED] - click: Object: 'Object Repository/DispensaryToStore/Page_Store/button_Add' is clicked on

2018-06-09 16:38:18 - [MESSAGE][PASSED] - Object: 'Object Repository/DispensaryToStore/Page_Store/button_Add' is clicked on

2018-06-09 16:38:18 - [TEST_STEP][PASSED] - Statement - Break: null

2018-06-09 16:38:18 - [TEST_STEP][PASSED] - selectOptionByIndex: All options with index in [58] are selected on object 'Object Repository/DispensaryToStore/Page_Store/select_--Select--Adernaline 0.'

2018-06-09 16:38:18 - [MESSAGE][PASSED] - All options with index in [58] are selected on object 'Object Repository/DispensaryToStore/Page_Store/select_--Select--Adernaline 0.'

2018-06-09 16:38:18 - [TEST_STEP][PASSED] - delay: Delayed 2 second(s)

2018-06-09 16:38:20 - [MESSAGE][PASSED] - Delayed 2 second(s)

2018-06-09 16:38:20 - [TEST_STEP][PASSED] - Statement - RequestedQty = com.kms.katalon.core.webui.keyword.WebUiBuiltInKeywords.getAttribute(com.kms.katalon.core.testobject.ObjectRepository.findTestObject(DispensaryToStore/Page_Store/input_txttotal), "value"): Attribute 'value' of object 'Object Repository/DispensaryToStore/Page_Store/input_txttotal' is: '10'

2018-06-09 16:38:20 - [MESSAGE][PASSED] - Attribute 'value' of object 'Object Repository/DispensaryToStore/Page_Store/input_txttotal' is: '10'

2018-06-09 16:38:20 - [TEST_STEP][PASSED] - Statement - out.println("Requested QTY : " + RequestedQty): null

2018-06-09 16:38:20 - [TEST_STEP][PASSED] - Statement - BatchNumber = com.kms.katalon.core.webui.keyword.WebUiBuiltInKeywords.getNumberOfTotalOption(com.kms.katalon.core.testobject.ObjectRepository.findTestObject(DispensaryToStore/Page_Store/select_--Select--BA1170BA2376B)): 4 options of object 'Object Repository/DispensaryToStore/Page_Store/select_--Select--BA1170BA2376B' counted

2018-06-09 16:38:21 - [MESSAGE][PASSED] - 4 options of object 'Object Repository/DispensaryToStore/Page_Store/select_--Select--BA1170BA2376B' counted

2018-06-09 16:38:21 - [TEST_STEP][PASSED] - Statement - For ([g = 1, g <= BatchNumber - 1, (g++)]): null

2018-06-09 16:38:21 - [TEST_STEP][PASSED] - selectOptionByIndex: All options with index in [1] are selected on object 'Object Repository/DispensaryToStore/Page_Store/select_--Select--BA1170BA2376B'

2018-06-09 16:38:21 - [MESSAGE][PASSED] - All options with index in [1] are selected on object 'Object Repository/DispensaryToStore/Page_Store/select_--Select--BA1170BA2376B'

2018-06-09 16:38:21 - [TEST_STEP][PASSED] - Statement - Try: null

2018-06-09 16:38:21 - [TEST_STEP][PASSED] - Statement - StockQty = com.kms.katalon.core.webui.keyword.WebUiBuiltInKeywords.getAttribute(com.kms.katalon.core.testobject.ObjectRepository.findTestObject(DispensaryToStore/Page_Store/input_txtprice), "value"): Attribute 'value' of object 'Object Repository/DispensaryToStore/Page_Store/input_txtprice' is: '610'

2018-06-09 16:38:21 - [MESSAGE][PASSED] - Attribute 'value' of object 'Object Repository/DispensaryToStore/Page_Store/input_txtprice' is: '610'

2018-06-09 16:38:21 - [TEST_STEP][PASSED] - Statement - out.println("Stock QTY : " + StockQty): null

2018-06-09 16:38:21 - [TEST_STEP][PASSED] - delay: Delayed 2 second(s)

2018-06-09 16:38:23 - [MESSAGE][PASSED] - Delayed 2 second(s)

2018-06-09 16:38:23 - [TEST_STEP][PASSED] - Statement - If (java.lang.String.valueOf(StockQty) >= java.lang.String.valueOf(RequestedQty)): null

2018-06-09 16:38:23 - [TEST_STEP][PASSED] - setText: Text '10' is set on object 'Object Repository/DispensaryToStore/Page_Store/input_txtqty'

2018-06-09 16:38:23 - [MESSAGE][PASSED] - Text '10' is set on object 'Object Repository/DispensaryToStore/Page_Store/input_txtqty'

2018-06-09 16:38:23 - [TEST_STEP][PASSED] - click: Object: 'Object Repository/DispensaryToStore/Page_Store/button_Add' is clicked on

2018-06-09 16:38:23 - [MESSAGE][PASSED] - Object: 'Object Repository/DispensaryToStore/Page_Store/button_Add' is clicked on

2018-06-09 16:38:23 - [TEST_STEP][PASSED] - Statement - Break: null

2018-06-09 16:38:23 - [TEST_STEP][PASSED] - selectOptionByIndex: All options with index in [59] are selected on object 'Object Repository/DispensaryToStore/Page_Store/select_--Select--Adernaline 0.'

2018-06-09 16:38:24 - [MESSAGE][PASSED] - All options with index in [59] are selected on object 'Object Repository/DispensaryToStore/Page_Store/select_--Select--Adernaline 0.'

2018-06-09 16:38:24 - [TEST_STEP][PASSED] - delay: Delayed 2 second(s)

2018-06-09 16:38:26 - [MESSAGE][PASSED] - Delayed 2 second(s)

2018-06-09 16:38:26 - [TEST_STEP][PASSED] - Statement - RequestedQty = com.kms.katalon.core.webui.keyword.WebUiBuiltInKeywords.getAttribute(com.kms.katalon.core.testobject.ObjectRepository.findTestObject(DispensaryToStore/Page_Store/input_txttotal), "value"): Attribute 'value' of object 'Object Repository/DispensaryToStore/Page_Store/input_txttotal' is: '10'

2018-06-09 16:38:26 - [MESSAGE][PASSED] - Attribute 'value' of object 'Object Repository/DispensaryToStore/Page_Store/input_txttotal' is: '10'

2018-06-09 16:38:26 - [TEST_STEP][PASSED] - Statement - out.println("Requested QTY : " + RequestedQty): null

2018-06-09 16:38:26 - [TEST_STEP][PASSED] - Statement - BatchNumber = com.kms.katalon.core.webui.keyword.WebUiBuiltInKeywords.getNumberOfTotalOption(com.kms.katalon.core.testobject.ObjectRepository.findTestObject(DispensaryToStore/Page_Store/select_--Select--BA1170BA2376B)): 3 options of object 'Object Repository/DispensaryToStore/Page_Store/select_--Select--BA1170BA2376B' counted

2018-06-09 16:38:26 - [MESSAGE][PASSED] - 3 options of object 'Object Repository/DispensaryToStore/Page_Store/select_--Select--BA1170BA2376B' counted

2018-06-09 16:38:26 - [TEST_STEP][PASSED] - Statement - For ([g = 1, g <= BatchNumber - 1, (g++)]): null

2018-06-09 16:38:26 - [TEST_STEP][PASSED] - selectOptionByIndex: All options with index in [1] are selected on object 'Object Repository/DispensaryToStore/Page_Store/select_--Select--BA1170BA2376B'

2018-06-09 16:38:26 - [MESSAGE][PASSED] - All options with index in [1] are selected on object 'Object Repository/DispensaryToStore/Page_Store/select_--Select--BA1170BA2376B'

2018-06-09 16:38:26 - [TEST_STEP][PASSED] - Statement - Try: null

2018-06-09 16:38:26 - [TEST_STEP][PASSED] - Statement - StockQty = com.kms.katalon.core.webui.keyword.WebUiBuiltInKeywords.getAttribute(com.kms.katalon.core.testobject.ObjectRepository.findTestObject(DispensaryToStore/Page_Store/input_txtprice), "value"): Attribute 'value' of object 'Object Repository/DispensaryToStore/Page_Store/input_txtprice' is: '310'

2018-06-09 16:38:26 - [MESSAGE][PASSED] - Attribute 'value' of object 'Object Repository/DispensaryToStore/Page_Store/input_txtprice' is: '310'

2018-06-09 16:38:26 - [TEST_STEP][PASSED] - Statement - out.println("Stock QTY : " + StockQty): null

2018-06-09 16:38:26 - [TEST_STEP][PASSED] - delay: Delayed 2 second(s)

2018-06-09 16:38:28 - [MESSAGE][PASSED] - Delayed 2 second(s)

2018-06-09 16:38:28 - [TEST_STEP][PASSED] - Statement - If (java.lang.String.valueOf(StockQty) >= java.lang.String.valueOf(RequestedQty)): null

2018-06-09 16:38:28 - [TEST_STEP][PASSED] - setText: Text '10' is set on object 'Object Repository/DispensaryToStore/Page_Store/input_txtqty'

2018-06-09 16:38:28 - [MESSAGE][PASSED] - Text '10' is set on object 'Object Repository/DispensaryToStore/Page_Store/input_txtqty'

2018-06-09 16:38:28 - [TEST_STEP][PASSED] - click: Object: 'Object Repository/DispensaryToStore/Page_Store/button_Add' is clicked on

2018-06-09 16:38:28 - [MESSAGE][PASSED] - Object: 'Object Repository/DispensaryToStore/Page_Store/button_Add' is clicked on

2018-06-09 16:38:28 - [TEST_STEP][PASSED] - Statement - Break: null

2018-06-09 16:38:28 - [TEST_STEP][PASSED] - selectOptionByIndex: All options with index in [60] are selected on object 'Object Repository/DispensaryToStore/Page_Store/select_--Select--Adernaline 0.'

2018-06-09 16:38:29 - [MESSAGE][PASSED] - All options with index in [60] are selected on object 'Object Repository/DispensaryToStore/Page_Store/select_--Select--Adernaline 0.'

2018-06-09 16:38:29 - [TEST_STEP][PASSED] - delay: Delayed 2 second(s)

2018-06-09 16:38:31 - [MESSAGE][PASSED] - Delayed 2 second(s)

2018-06-09 16:38:31 - [TEST_STEP][PASSED] - Statement - RequestedQty = com.kms.katalon.core.webui.keyword.WebUiBuiltInKeywords.getAttribute(com.kms.katalon.core.testobject.ObjectRepository.findTestObject(DispensaryToStore/Page_Store/input_txttotal), "value"): Attribute 'value' of object 'Object Repository/DispensaryToStore/Page_Store/input_txttotal' is: '10'

2018-06-09 16:38:31 - [MESSAGE][PASSED] - Attribute 'value' of object 'Object Repository/DispensaryToStore/Page_Store/input_txttotal' is: '10'

2018-06-09 16:38:31 - [TEST_STEP][PASSED] - Statement - out.println("Requested QTY : " + RequestedQty): null

2018-06-09 16:38:31 - [TEST_STEP][PASSED] - Statement - BatchNumber = com.kms.katalon.core.webui.keyword.WebUiBuiltInKeywords.getNumberOfTotalOption(com.kms.katalon.core.testobject.ObjectRepository.findTestObject(DispensaryToStore/Page_Store/select_--Select--BA1170BA2376B)): 2 options of object 'Object Repository/DispensaryToStore/Page_Store/select_--Select--BA1170BA2376B' counted

2018-06-09 16:38:31 - [MESSAGE][PASSED] - 2 options of object 'Object Repository/DispensaryToStore/Page_Store/select_--Select--BA1170BA2376B' counted

2018-06-09 16:38:31 - [TEST_STEP][PASSED] - Statement - For ([g = 1, g <= BatchNumber - 1, (g++)]): null

2018-06-09 16:38:31 - [TEST_STEP][PASSED] - selectOptionByIndex: All options with index in [1] are selected on object 'Object Repository/DispensaryToStore/Page_Store/select_--Select--BA1170BA2376B'

2018-06-09 16:38:31 - [MESSAGE][PASSED] - All options with index in [1] are selected on object 'Object Repository/DispensaryToStore/Page_Store/select_--Select--BA1170BA2376B'

2018-06-09 16:38:31 - [TEST_STEP][PASSED] - Statement - Try: null

2018-06-09 16:38:31 - [TEST_STEP][PASSED] - Statement - StockQty = com.kms.katalon.core.webui.keyword.WebUiBuiltInKeywords.getAttribute(com.kms.katalon.core.testobject.ObjectRepository.findTestObject(DispensaryToStore/Page_Store/input_txtprice), "value"): Attribute 'value' of object 'Object Repository/DispensaryToStore/Page_Store/input_txtprice' is: '2650'

2018-06-09 16:38:31 - [MESSAGE][PASSED] - Attribute 'value' of object 'Object Repository/DispensaryToStore/Page_Store/input_txtprice' is: '2650'

2018-06-09 16:38:31 - [TEST_STEP][PASSED] - Statement - out.println("Stock QTY : " + StockQty): null

2018-06-09 16:38:31 - [TEST_STEP][PASSED] - delay: Delayed 2 second(s)

2018-06-09 16:38:33 - [MESSAGE][PASSED] - Delayed 2 second(s)

2018-06-09 16:38:33 - [TEST_STEP][PASSED] - Statement - If (java.lang.String.valueOf(StockQty) >= java.lang.String.valueOf(RequestedQty)): null

2018-06-09 16:38:33 - [TEST_STEP][PASSED] - setText: Text '10' is set on object 'Object Repository/DispensaryToStore/Page_Store/input_txtqty'

2018-06-09 16:38:33 - [MESSAGE][PASSED] - Text '10' is set on object 'Object Repository/DispensaryToStore/Page_Store/input_txtqty'

2018-06-09 16:38:33 - [TEST_STEP][PASSED] - click: Object: 'Object Repository/DispensaryToStore/Page_Store/button_Add' is clicked on

2018-06-09 16:38:33 - [MESSAGE][PASSED] - Object: 'Object Repository/DispensaryToStore/Page_Store/button_Add' is clicked on

2018-06-09 16:38:33 - [TEST_STEP][PASSED] - Statement - Break: null

2018-06-09 16:38:33 - [TEST_STEP][PASSED] - selectOptionByIndex: All options with index in [61] are selected on object 'Object Repository/DispensaryToStore/Page_Store/select_--Select--Adernaline 0.'

2018-06-09 16:38:34 - [MESSAGE][PASSED] - All options with index in [61] are selected on object 'Object Repository/DispensaryToStore/Page_Store/select_--Select--Adernaline 0.'

2018-06-09 16:38:34 - [TEST_STEP][PASSED] - delay: Delayed 2 second(s)

2018-06-09 16:38:36 - [MESSAGE][PASSED] - Delayed 2 second(s)

2018-06-09 16:38:36 - [TEST_STEP][PASSED] - Statement - RequestedQty = com.kms.katalon.core.webui.keyword.WebUiBuiltInKeywords.getAttribute(com.kms.katalon.core.testobject.ObjectRepository.findTestObject(DispensaryToStore/Page_Store/input_txttotal), "value"): Attribute 'value' of object 'Object Repository/DispensaryToStore/Page_Store/input_txttotal' is: '10'

2018-06-09 16:38:36 - [MESSAGE][PASSED] - Attribute 'value' of object 'Object Repository/DispensaryToStore/Page_Store/input_txttotal' is: '10'

2018-06-09 16:38:36 - [TEST_STEP][PASSED] - Statement - out.println("Requested QTY : " + RequestedQty): null

2018-06-09 16:38:36 - [TEST_STEP][PASSED] - Statement - BatchNumber = com.kms.katalon.core.webui.keyword.WebUiBuiltInKeywords.getNumberOfTotalOption(com.kms.katalon.core.testobject.ObjectRepository.findTestObject(DispensaryToStore/Page_Store/select_--Select--BA1170BA2376B)): 4 options of object 'Object Repository/DispensaryToStore/Page_Store/select_--Select--BA1170BA2376B' counted

2018-06-09 16:38:36 - [MESSAGE][PASSED] - 4 options of object 'Object Repository/DispensaryToStore/Page_Store/select_--Select--BA1170BA2376B' counted

2018-06-09 16:38:36 - [TEST_STEP][PASSED] - Statement - For ([g = 1, g <= BatchNumber - 1, (g++)]): null

2018-06-09 16:38:36 - [TEST_STEP][PASSED] - selectOptionByIndex: All options with index in [1] are selected on object 'Object Repository/DispensaryToStore/Page_Store/select_--Select--BA1170BA2376B'

2018-06-09 16:38:36 - [MESSAGE][PASSED] - All options with index in [1] are selected on object 'Object Repository/DispensaryToStore/Page_Store/select_--Select--BA1170BA2376B'

2018-06-09 16:38:36 - [TEST_STEP][PASSED] - Statement - Try: null

2018-06-09 16:38:36 - [TEST_STEP][PASSED] - Statement - StockQty = com.kms.katalon.core.webui.keyword.WebUiBuiltInKeywords.getAttribute(com.kms.katalon.core.testobject.ObjectRepository.findTestObject(DispensaryToStore/Page_Store/input_txtprice), "value"): Attribute 'value' of object 'Object Repository/DispensaryToStore/Page_Store/input_txtprice' is: '610'

2018-06-09 16:38:36 - [MESSAGE][PASSED] - Attribute 'value' of object 'Object Repository/DispensaryToStore/Page_Store/input_txtprice' is: '610'

2018-06-09 16:38:36 - [TEST_STEP][PASSED] - Statement - out.println("Stock QTY : " + StockQty): null

2018-06-09 16:38:36 - [TEST_STEP][PASSED] - delay: Delayed 2 second(s)

2018-06-09 16:38:38 - [MESSAGE][PASSED] - Delayed 2 second(s)

2018-06-09 16:38:38 - [TEST_STEP][PASSED] - Statement - If (java.lang.String.valueOf(StockQty) >= java.lang.String.valueOf(RequestedQty)): null

2018-06-09 16:38:38 - [TEST_STEP][PASSED] - setText: Text '10' is set on object 'Object Repository/DispensaryToStore/Page_Store/input_txtqty'

2018-06-09 16:38:38 - [MESSAGE][PASSED] - Text '10' is set on object 'Object Repository/DispensaryToStore/Page_Store/input_txtqty'

2018-06-09 16:38:38 - [TEST_STEP][PASSED] - click: Object: 'Object Repository/DispensaryToStore/Page_Store/button_Add' is clicked on

2018-06-09 16:38:38 - [MESSAGE][PASSED] - Object: 'Object Repository/DispensaryToStore/Page_Store/button_Add' is clicked on

2018-06-09 16:38:38 - [TEST_STEP][PASSED] - Statement - Break: null

2018-06-09 16:38:38 - [TEST_STEP][PASSED] - selectOptionByIndex: All options with index in [62] are selected on object 'Object Repository/DispensaryToStore/Page_Store/select_--Select--Adernaline 0.'

2018-06-09 16:38:39 - [MESSAGE][PASSED] - All options with index in [62] are selected on object 'Object Repository/DispensaryToStore/Page_Store/select_--Select--Adernaline 0.'

2018-06-09 16:38:39 - [TEST_STEP][PASSED] - delay: Delayed 2 second(s)

2018-06-09 16:38:41 - [MESSAGE][PASSED] - Delayed 2 second(s)

2018-06-09 16:38:41 - [TEST_STEP][PASSED] - Statement - RequestedQty = com.kms.katalon.core.webui.keyword.WebUiBuiltInKeywords.getAttribute(com.kms.katalon.core.testobject.ObjectRepository.findTestObject(DispensaryToStore/Page_Store/input_txttotal), "value"): Attribute 'value' of object 'Object Repository/DispensaryToStore/Page_Store/input_txttotal' is: '10'

2018-06-09 16:38:41 - [MESSAGE][PASSED] - Attribute 'value' of object 'Object Repository/DispensaryToStore/Page_Store/input_txttotal' is: '10'

2018-06-09 16:38:41 - [TEST_STEP][PASSED] - Statement - out.println("Requested QTY : " + RequestedQty): null

2018-06-09 16:38:41 - [TEST_STEP][PASSED] - Statement - BatchNumber = com.kms.katalon.core.webui.keyword.WebUiBuiltInKeywords.getNumberOfTotalOption(com.kms.katalon.core.testobject.ObjectRepository.findTestObject(DispensaryToStore/Page_Store/select_--Select--BA1170BA2376B)): 4 options of object 'Object Repository/DispensaryToStore/Page_Store/select_--Select--BA1170BA2376B' counted

2018-06-09 16:38:41 - [MESSAGE][PASSED] - 4 options of object 'Object Repository/DispensaryToStore/Page_Store/select_--Select--BA1170BA2376B' counted

2018-06-09 16:38:41 - [TEST_STEP][PASSED] - Statement - For ([g = 1, g <= BatchNumber - 1, (g++)]): null

2018-06-09 16:38:41 - [TEST_STEP][PASSED] - selectOptionByIndex: All options with index in [1] are selected on object 'Object Repository/DispensaryToStore/Page_Store/select_--Select--BA1170BA2376B'

2018-06-09 16:38:41 - [MESSAGE][PASSED] - All options with index in [1] are selected on object 'Object Repository/DispensaryToStore/Page_Store/select_--Select--BA1170BA2376B'

2018-06-09 16:38:41 - [TEST_STEP][PASSED] - Statement - Try: null

2018-06-09 16:38:41 - [TEST_STEP][PASSED] - Statement - StockQty = com.kms.katalon.core.webui.keyword.WebUiBuiltInKeywords.getAttribute(com.kms.katalon.core.testobject.ObjectRepository.findTestObject(DispensaryToStore/Page_Store/input_txtprice), "value"): Attribute 'value' of object 'Object Repository/DispensaryToStore/Page_Store/input_txtprice' is: '270'

2018-06-09 16:38:41 - [MESSAGE][PASSED] - Attribute 'value' of object 'Object Repository/DispensaryToStore/Page_Store/input_txtprice' is: '270'

2018-06-09 16:38:41 - [TEST_STEP][PASSED] - Statement - out.println("Stock QTY : " + StockQty): null

2018-06-09 16:38:41 - [TEST_STEP][PASSED] - delay: Delayed 2 second(s)

2018-06-09 16:38:43 - [MESSAGE][PASSED] - Delayed 2 second(s)

2018-06-09 16:38:43 - [TEST_STEP][PASSED] - Statement - If (java.lang.String.valueOf(StockQty) >= java.lang.String.valueOf(RequestedQty)): null

2018-06-09 16:38:43 - [TEST_STEP][PASSED] - setText: Text '10' is set on object 'Object Repository/DispensaryToStore/Page_Store/input_txtqty'

2018-06-09 16:38:44 - [MESSAGE][PASSED] - Text '10' is set on object 'Object Repository/DispensaryToStore/Page_Store/input_txtqty'

2018-06-09 16:38:44 - [TEST_STEP][PASSED] - click: Object: 'Object Repository/DispensaryToStore/Page_Store/button_Add' is clicked on

2018-06-09 16:38:44 - [MESSAGE][PASSED] - Object: 'Object Repository/DispensaryToStore/Page_Store/button_Add' is clicked on

2018-06-09 16:38:44 - [TEST_STEP][PASSED] - Statement - Break: null

2018-06-09 16:38:44 - [TEST_STEP][PASSED] - scrollToElement: Scroll to object 'Object Repository/DispensaryToStore/Page_Store/input_btnSubmit' successfully

2018-06-09 16:38:44 - [MESSAGE][PASSED] - Scroll to object 'Object Repository/DispensaryToStore/Page_Store/input_btnSubmit' successfully

2018-06-09 16:38:44 - [TEST_STEP][PASSED] - click: Object: 'Object Repository/DispensaryToStore/Page_Store/input_btnSubmit' is clicked on

2018-06-09 16:38:44 - [MESSAGE][PASSED] - Object: 'Object Repository/DispensaryToStore/Page_Store/input_btnSubmit' is clicked on

2018-06-09 16:38:44 - [TEST_STEP][PASSED] - delay: Delayed 3 second(s)

2018-06-09 16:38:47 - [MESSAGE][PASSED] - Delayed 3 second(s)

2018-06-09 16:38:47 - [TEST_STEP][PASSED] - click: Object: 'Object Repository/DispensaryToStore/Page_Store/button_OK' is clicked on

2018-06-09 16:38:52 - [MESSAGE][PASSED] - Object: 'Object Repository/DispensaryToStore/Page_Store/button_OK' is clicked on

2018-06-09 16:38:52 - [TEST_STEP][PASSED] - delay: Delayed 3 second(s)

2018-06-09 16:38:55 - [MESSAGE][PASSED] - Delayed 3 second(s)

2018-06-09 16:38:55 - [TEST_STEP][PASSED] - waitForElementPresent: Object 'Object Repository/DispensaryToStore/Page_Store/a_dropdown-toggle' is present

2018-06-09 16:38:55 - [MESSAGE][PASSED] - Object 'Object Repository/DispensaryToStore/Page_Store/a_dropdown-toggle' is present

2018-06-09 16:38:55 - [TEST_STEP][PASSED] - click: Object: 'Object Repository/DispensaryToStore/Page_Store/a_dropdown-toggle' is clicked on

2018-06-09 16:38:55 - [MESSAGE][PASSED] - Object: 'Object Repository/DispensaryToStore/Page_Store/a_dropdown-toggle' is clicked on

2018-06-09 16:38:55 - [TEST_STEP][PASSED] - click: Object: 'Object Repository/DispensaryToStore/Page_Store/a_Sign out' is clicked on

2018-06-09 16:38:56 - [MESSAGE][PASSED] - Object: 'Object Repository/DispensaryToStore/Page_Store/a_Sign out' is clicked on

2018-06-09 16:38:56 - [TEST_STEP][PASSED] - closeBrowser: Browser is closed

2018-06-09 16:38:56 - [MESSAGE][PASSED] - Browser is closed]]></system-out>
         <system-err><![CDATA[]]></system-err>
      </testcase>
      <testcase name="Test Cases/DISPENSARY TEST CASES/TC_DP_002 Verify Schedule 2 Dispensary Request Are Working Successfully Or Not" classname="Test Cases/DISPENSARY TEST CASES/TC_DP_002 Verify Schedule 2 Dispensary Request Are Working Successfully Or Not" status="PASSED">
         <system-out><![CDATA[2018-06-09 16:38:56 - [TEST_CASE][PASSED] - Test Cases/DISPENSARY TEST CASES/TC_DP_002 Verify Schedule 2 Dispensary Request Are Working Successfully Or Not: Test Cases/DISPENSARY TEST CASES/TC_DP_002 Verify Schedule 2 Dispensary Request Are Working Successfully Or Not

2018-06-09 16:38:57 - [TEST_STEP][PASSED] - openBrowser: Browser is opened with url: ''

2018-06-09 16:38:59 - [MESSAGE][PASSED] - Browser is opened with url: ''

2018-06-09 16:38:59 - [TEST_STEP][PASSED] - navigateToUrl: Navigate to 'http://192.168.137.1/multihospital_new/HDSplashscreen.aspx' successfully

2018-06-09 16:39:01 - [MESSAGE][PASSED] - Navigate to 'http://192.168.137.1/multihospital_new/HDSplashscreen.aspx' successfully

2018-06-09 16:39:01 - [TEST_STEP][PASSED] - maximizeWindow: Current window maximized

2018-06-09 16:39:02 - [MESSAGE][PASSED] - Current window maximized

2018-06-09 16:39:02 - [TEST_STEP][PASSED] - click: Object: 'Object Repository/DispensaryToStore/Page_KDMC/a_Dispensary Store' is clicked on

2018-06-09 16:39:03 - [MESSAGE][PASSED] - Object: 'Object Repository/DispensaryToStore/Page_KDMC/a_Dispensary Store' is clicked on

2018-06-09 16:39:03 - [TEST_STEP][PASSED] - setText: Text 'rajaram' is set on object 'Object Repository/DispensaryToStore/Page_Dispensary Store Login/input_txtusername'

2018-06-09 16:39:03 - [MESSAGE][PASSED] - Text 'rajaram' is set on object 'Object Repository/DispensaryToStore/Page_Dispensary Store Login/input_txtusername'

2018-06-09 16:39:03 - [TEST_STEP][PASSED] - setText: Text '123' is set on object 'Object Repository/DispensaryToStore/Page_Dispensary Store Login/input_txtpassword'

2018-06-09 16:39:04 - [MESSAGE][PASSED] - Text '123' is set on object 'Object Repository/DispensaryToStore/Page_Dispensary Store Login/input_txtpassword'

2018-06-09 16:39:04 - [TEST_STEP][PASSED] - delay: Delayed 3 second(s)

2018-06-09 16:39:07 - [MESSAGE][PASSED] - Delayed 3 second(s)

2018-06-09 16:39:07 - [TEST_STEP][PASSED] - sendKeys: Keys 'ENTER + ' sent to object: 'Object Repository/DispensaryToStore/Page_Dispensary Store Login/input_txtpassword'

2018-06-09 16:39:08 - [MESSAGE][PASSED] - Keys 'ENTER + ' sent to object: 'Object Repository/DispensaryToStore/Page_Dispensary Store Login/input_txtpassword'

2018-06-09 16:39:08 - [TEST_STEP][PASSED] - delay: Delayed 3 second(s)

2018-06-09 16:39:11 - [MESSAGE][PASSED] - Delayed 3 second(s)

2018-06-09 16:39:11 - [TEST_STEP][PASSED] - click: Object: 'Object Repository/DispensaryToStore/Page_Dispensary Store/a_Request to Store' is clicked on

2018-06-09 16:39:11 - [MESSAGE][PASSED] - Object: 'Object Repository/DispensaryToStore/Page_Dispensary Store/a_Request to Store' is clicked on

2018-06-09 16:39:11 - [TEST_STEP][PASSED] - click: Object: 'Object Repository/DispensaryToStore/Page_Dispensary Store/a_Medicine Request' is clicked on

2018-06-09 16:39:11 - [MESSAGE][PASSED] - Object: 'Object Repository/DispensaryToStore/Page_Dispensary Store/a_Medicine Request' is clicked on

2018-06-09 16:39:11 - [TEST_STEP][PASSED] - selectOptionByIndex: All options with index in [2] are selected on object 'Object Repository/DispensaryToStore/Page_Dispensary Store/select_--Select--Schedule 1Inj'

2018-06-09 16:39:12 - [MESSAGE][PASSED] - All options with index in [2] are selected on object 'Object Repository/DispensaryToStore/Page_Dispensary Store/select_--Select--Schedule 1Inj'

2018-06-09 16:39:12 - [TEST_STEP][PASSED] - Statement - medicineslength = com.kms.katalon.core.webui.keyword.WebUiBuiltInKeywords.getNumberOfTotalOption(com.kms.katalon.core.testobject.ObjectRepository.findTestObject(DispensaryToStore/Page_Dispensary Store/select_--Select--Adernaline 0.)): 73 options of object 'Object Repository/DispensaryToStore/Page_Dispensary Store/select_--Select--Adernaline 0.' counted

2018-06-09 16:39:12 - [MESSAGE][PASSED] - 73 options of object 'Object Repository/DispensaryToStore/Page_Dispensary Store/select_--Select--Adernaline 0.' counted

2018-06-09 16:39:12 - [TEST_STEP][PASSED] - Statement - For ([e = 1, e <= medicineslength - 1, (e++)]): Object: 'Object Repository/DispensaryToStore/Page_Dispensary Store/button_Add' is clicked on

2018-06-09 16:39:12 - [TEST_STEP][PASSED] - selectOptionByIndex: All options with index in [2] are selected on object 'Object Repository/DispensaryToStore/Page_Dispensary Store/select_--Select--Schedule 1Inj'

2018-06-09 16:39:12 - [MESSAGE][PASSED] - All options with index in [2] are selected on object 'Object Repository/DispensaryToStore/Page_Dispensary Store/select_--Select--Schedule 1Inj'

2018-06-09 16:39:12 - [TEST_STEP][PASSED] - delay: Delayed 1 second(s)

2018-06-09 16:39:13 - [MESSAGE][PASSED] - Delayed 1 second(s)

2018-06-09 16:39:13 - [TEST_STEP][PASSED] - selectOptionByIndex: All options with index in [1] are selected on object 'Object Repository/DispensaryToStore/Page_Dispensary Store/select_--Select--Adernaline 0.'

2018-06-09 16:39:13 - [MESSAGE][PASSED] - All options with index in [1] are selected on object 'Object Repository/DispensaryToStore/Page_Dispensary Store/select_--Select--Adernaline 0.'

2018-06-09 16:39:13 - [TEST_STEP][PASSED] - delay: Delayed 1 second(s)

2018-06-09 16:39:14 - [MESSAGE][PASSED] - Delayed 1 second(s)

2018-06-09 16:39:14 - [TEST_STEP][PASSED] - setText: Text '10' is set on object 'Object Repository/DispensaryToStore/Page_Dispensary Store/input_txttreat'

2018-06-09 16:39:14 - [MESSAGE][PASSED] - Text '10' is set on object 'Object Repository/DispensaryToStore/Page_Dispensary Store/input_txttreat'

2018-06-09 16:39:14 - [TEST_STEP][PASSED] - click: Object: 'Object Repository/DispensaryToStore/Page_Dispensary Store/button_Add' is clicked on

2018-06-09 16:39:14 - [MESSAGE][PASSED] - Object: 'Object Repository/DispensaryToStore/Page_Dispensary Store/button_Add' is clicked on

2018-06-09 16:39:14 - [TEST_STEP][PASSED] - selectOptionByIndex: All options with index in [2] are selected on object 'Object Repository/DispensaryToStore/Page_Dispensary Store/select_--Select--Schedule 1Inj'

2018-06-09 16:39:15 - [MESSAGE][PASSED] - All options with index in [2] are selected on object 'Object Repository/DispensaryToStore/Page_Dispensary Store/select_--Select--Schedule 1Inj'

2018-06-09 16:39:15 - [TEST_STEP][PASSED] - delay: Delayed 1 second(s)

2018-06-09 16:39:16 - [MESSAGE][PASSED] - Delayed 1 second(s)

2018-06-09 16:39:16 - [TEST_STEP][PASSED] - selectOptionByIndex: All options with index in [2] are selected on object 'Object Repository/DispensaryToStore/Page_Dispensary Store/select_--Select--Adernaline 0.'

2018-06-09 16:39:16 - [MESSAGE][PASSED] - All options with index in [2] are selected on object 'Object Repository/DispensaryToStore/Page_Dispensary Store/select_--Select--Adernaline 0.'

2018-06-09 16:39:16 - [TEST_STEP][PASSED] - delay: Delayed 1 second(s)

2018-06-09 16:39:17 - [MESSAGE][PASSED] - Delayed 1 second(s)

2018-06-09 16:39:17 - [TEST_STEP][PASSED] - setText: Text '10' is set on object 'Object Repository/DispensaryToStore/Page_Dispensary Store/input_txttreat'

2018-06-09 16:39:17 - [MESSAGE][PASSED] - Text '10' is set on object 'Object Repository/DispensaryToStore/Page_Dispensary Store/input_txttreat'

2018-06-09 16:39:17 - [TEST_STEP][PASSED] - click: Object: 'Object Repository/DispensaryToStore/Page_Dispensary Store/button_Add' is clicked on

2018-06-09 16:39:17 - [MESSAGE][PASSED] - Object: 'Object Repository/DispensaryToStore/Page_Dispensary Store/button_Add' is clicked on

2018-06-09 16:39:17 - [TEST_STEP][PASSED] - selectOptionByIndex: All options with index in [2] are selected on object 'Object Repository/DispensaryToStore/Page_Dispensary Store/select_--Select--Schedule 1Inj'

2018-06-09 16:39:17 - [MESSAGE][PASSED] - All options with index in [2] are selected on object 'Object Repository/DispensaryToStore/Page_Dispensary Store/select_--Select--Schedule 1Inj'

2018-06-09 16:39:17 - [TEST_STEP][PASSED] - delay: Delayed 1 second(s)

2018-06-09 16:39:18 - [MESSAGE][PASSED] - Delayed 1 second(s)

2018-06-09 16:39:18 - [TEST_STEP][PASSED] - selectOptionByIndex: All options with index in [3] are selected on object 'Object Repository/DispensaryToStore/Page_Dispensary Store/select_--Select--Adernaline 0.'

2018-06-09 16:39:18 - [MESSAGE][PASSED] - All options with index in [3] are selected on object 'Object Repository/DispensaryToStore/Page_Dispensary Store/select_--Select--Adernaline 0.'

2018-06-09 16:39:18 - [TEST_STEP][PASSED] - delay: Delayed 1 second(s)

2018-06-09 16:39:19 - [MESSAGE][PASSED] - Delayed 1 second(s)

2018-06-09 16:39:19 - [TEST_STEP][PASSED] - setText: Text '10' is set on object 'Object Repository/DispensaryToStore/Page_Dispensary Store/input_txttreat'

2018-06-09 16:39:19 - [MESSAGE][PASSED] - Text '10' is set on object 'Object Repository/DispensaryToStore/Page_Dispensary Store/input_txttreat'

2018-06-09 16:39:19 - [TEST_STEP][PASSED] - click: Object: 'Object Repository/DispensaryToStore/Page_Dispensary Store/button_Add' is clicked on

2018-06-09 16:39:20 - [MESSAGE][PASSED] - Object: 'Object Repository/DispensaryToStore/Page_Dispensary Store/button_Add' is clicked on

2018-06-09 16:39:20 - [TEST_STEP][PASSED] - selectOptionByIndex: All options with index in [2] are selected on object 'Object Repository/DispensaryToStore/Page_Dispensary Store/select_--Select--Schedule 1Inj'

2018-06-09 16:39:20 - [MESSAGE][PASSED] - All options with index in [2] are selected on object 'Object Repository/DispensaryToStore/Page_Dispensary Store/select_--Select--Schedule 1Inj'

2018-06-09 16:39:20 - [TEST_STEP][PASSED] - delay: Delayed 1 second(s)

2018-06-09 16:39:21 - [MESSAGE][PASSED] - Delayed 1 second(s)

2018-06-09 16:39:21 - [TEST_STEP][PASSED] - selectOptionByIndex: All options with index in [4] are selected on object 'Object Repository/DispensaryToStore/Page_Dispensary Store/select_--Select--Adernaline 0.'

2018-06-09 16:39:21 - [MESSAGE][PASSED] - All options with index in [4] are selected on object 'Object Repository/DispensaryToStore/Page_Dispensary Store/select_--Select--Adernaline 0.'

2018-06-09 16:39:21 - [TEST_STEP][PASSED] - delay: Delayed 1 second(s)

2018-06-09 16:39:22 - [MESSAGE][PASSED] - Delayed 1 second(s)

2018-06-09 16:39:22 - [TEST_STEP][PASSED] - setText: Text '10' is set on object 'Object Repository/DispensaryToStore/Page_Dispensary Store/input_txttreat'

2018-06-09 16:39:22 - [MESSAGE][PASSED] - Text '10' is set on object 'Object Repository/DispensaryToStore/Page_Dispensary Store/input_txttreat'

2018-06-09 16:39:22 - [TEST_STEP][PASSED] - click: Object: 'Object Repository/DispensaryToStore/Page_Dispensary Store/button_Add' is clicked on

2018-06-09 16:39:22 - [MESSAGE][PASSED] - Object: 'Object Repository/DispensaryToStore/Page_Dispensary Store/button_Add' is clicked on

2018-06-09 16:39:22 - [TEST_STEP][PASSED] - selectOptionByIndex: All options with index in [2] are selected on object 'Object Repository/DispensaryToStore/Page_Dispensary Store/select_--Select--Schedule 1Inj'

2018-06-09 16:39:22 - [MESSAGE][PASSED] - All options with index in [2] are selected on object 'Object Repository/DispensaryToStore/Page_Dispensary Store/select_--Select--Schedule 1Inj'

2018-06-09 16:39:22 - [TEST_STEP][PASSED] - delay: Delayed 1 second(s)

2018-06-09 16:39:23 - [MESSAGE][PASSED] - Delayed 1 second(s)

2018-06-09 16:39:23 - [TEST_STEP][PASSED] - selectOptionByIndex: All options with index in [5] are selected on object 'Object Repository/DispensaryToStore/Page_Dispensary Store/select_--Select--Adernaline 0.'

2018-06-09 16:39:24 - [MESSAGE][PASSED] - All options with index in [5] are selected on object 'Object Repository/DispensaryToStore/Page_Dispensary Store/select_--Select--Adernaline 0.'

2018-06-09 16:39:24 - [TEST_STEP][PASSED] - delay: Delayed 1 second(s)

2018-06-09 16:39:25 - [MESSAGE][PASSED] - Delayed 1 second(s)

2018-06-09 16:39:25 - [TEST_STEP][PASSED] - setText: Text '10' is set on object 'Object Repository/DispensaryToStore/Page_Dispensary Store/input_txttreat'

2018-06-09 16:39:25 - [MESSAGE][PASSED] - Text '10' is set on object 'Object Repository/DispensaryToStore/Page_Dispensary Store/input_txttreat'

2018-06-09 16:39:25 - [TEST_STEP][PASSED] - click: Object: 'Object Repository/DispensaryToStore/Page_Dispensary Store/button_Add' is clicked on

2018-06-09 16:39:25 - [MESSAGE][PASSED] - Object: 'Object Repository/DispensaryToStore/Page_Dispensary Store/button_Add' is clicked on

2018-06-09 16:39:25 - [TEST_STEP][PASSED] - selectOptionByIndex: All options with index in [2] are selected on object 'Object Repository/DispensaryToStore/Page_Dispensary Store/select_--Select--Schedule 1Inj'

2018-06-09 16:39:25 - [MESSAGE][PASSED] - All options with index in [2] are selected on object 'Object Repository/DispensaryToStore/Page_Dispensary Store/select_--Select--Schedule 1Inj'

2018-06-09 16:39:25 - [TEST_STEP][PASSED] - delay: Delayed 1 second(s)

2018-06-09 16:39:26 - [MESSAGE][PASSED] - Delayed 1 second(s)

2018-06-09 16:39:26 - [TEST_STEP][PASSED] - selectOptionByIndex: All options with index in [6] are selected on object 'Object Repository/DispensaryToStore/Page_Dispensary Store/select_--Select--Adernaline 0.'

2018-06-09 16:39:26 - [MESSAGE][PASSED] - All options with index in [6] are selected on object 'Object Repository/DispensaryToStore/Page_Dispensary Store/select_--Select--Adernaline 0.'

2018-06-09 16:39:26 - [TEST_STEP][PASSED] - delay: Delayed 1 second(s)

2018-06-09 16:39:27 - [MESSAGE][PASSED] - Delayed 1 second(s)

2018-06-09 16:39:27 - [TEST_STEP][PASSED] - setText: Text '10' is set on object 'Object Repository/DispensaryToStore/Page_Dispensary Store/input_txttreat'

2018-06-09 16:39:27 - [MESSAGE][PASSED] - Text '10' is set on object 'Object Repository/DispensaryToStore/Page_Dispensary Store/input_txttreat'

2018-06-09 16:39:27 - [TEST_STEP][PASSED] - click: Object: 'Object Repository/DispensaryToStore/Page_Dispensary Store/button_Add' is clicked on

2018-06-09 16:39:27 - [MESSAGE][PASSED] - Object: 'Object Repository/DispensaryToStore/Page_Dispensary Store/button_Add' is clicked on

2018-06-09 16:39:27 - [TEST_STEP][PASSED] - selectOptionByIndex: All options with index in [2] are selected on object 'Object Repository/DispensaryToStore/Page_Dispensary Store/select_--Select--Schedule 1Inj'

2018-06-09 16:39:27 - [MESSAGE][PASSED] - All options with index in [2] are selected on object 'Object Repository/DispensaryToStore/Page_Dispensary Store/select_--Select--Schedule 1Inj'

2018-06-09 16:39:27 - [TEST_STEP][PASSED] - delay: Delayed 1 second(s)

2018-06-09 16:39:28 - [MESSAGE][PASSED] - Delayed 1 second(s)

2018-06-09 16:39:28 - [TEST_STEP][PASSED] - selectOptionByIndex: All options with index in [7] are selected on object 'Object Repository/DispensaryToStore/Page_Dispensary Store/select_--Select--Adernaline 0.'

2018-06-09 16:39:29 - [MESSAGE][PASSED] - All options with index in [7] are selected on object 'Object Repository/DispensaryToStore/Page_Dispensary Store/select_--Select--Adernaline 0.'

2018-06-09 16:39:29 - [TEST_STEP][PASSED] - delay: Delayed 1 second(s)

2018-06-09 16:39:30 - [MESSAGE][PASSED] - Delayed 1 second(s)

2018-06-09 16:39:30 - [TEST_STEP][PASSED] - setText: Text '10' is set on object 'Object Repository/DispensaryToStore/Page_Dispensary Store/input_txttreat'

2018-06-09 16:39:30 - [MESSAGE][PASSED] - Text '10' is set on object 'Object Repository/DispensaryToStore/Page_Dispensary Store/input_txttreat'

2018-06-09 16:39:30 - [TEST_STEP][PASSED] - click: Object: 'Object Repository/DispensaryToStore/Page_Dispensary Store/button_Add' is clicked on

2018-06-09 16:39:30 - [MESSAGE][PASSED] - Object: 'Object Repository/DispensaryToStore/Page_Dispensary Store/button_Add' is clicked on

2018-06-09 16:39:30 - [TEST_STEP][PASSED] - selectOptionByIndex: All options with index in [2] are selected on object 'Object Repository/DispensaryToStore/Page_Dispensary Store/select_--Select--Schedule 1Inj'

2018-06-09 16:39:30 - [MESSAGE][PASSED] - All options with index in [2] are selected on object 'Object Repository/DispensaryToStore/Page_Dispensary Store/select_--Select--Schedule 1Inj'

2018-06-09 16:39:30 - [TEST_STEP][PASSED] - delay: Delayed 1 second(s)

2018-06-09 16:39:31 - [MESSAGE][PASSED] - Delayed 1 second(s)

2018-06-09 16:39:31 - [TEST_STEP][PASSED] - selectOptionByIndex: All options with index in [8] are selected on object 'Object Repository/DispensaryToStore/Page_Dispensary Store/select_--Select--Adernaline 0.'

2018-06-09 16:39:31 - [MESSAGE][PASSED] - All options with index in [8] are selected on object 'Object Repository/DispensaryToStore/Page_Dispensary Store/select_--Select--Adernaline 0.'

2018-06-09 16:39:31 - [TEST_STEP][PASSED] - delay: Delayed 1 second(s)

2018-06-09 16:39:32 - [MESSAGE][PASSED] - Delayed 1 second(s)

2018-06-09 16:39:32 - [TEST_STEP][PASSED] - setText: Text '10' is set on object 'Object Repository/DispensaryToStore/Page_Dispensary Store/input_txttreat'

2018-06-09 16:39:32 - [MESSAGE][PASSED] - Text '10' is set on object 'Object Repository/DispensaryToStore/Page_Dispensary Store/input_txttreat'

2018-06-09 16:39:32 - [TEST_STEP][PASSED] - click: Object: 'Object Repository/DispensaryToStore/Page_Dispensary Store/button_Add' is clicked on

2018-06-09 16:39:32 - [MESSAGE][PASSED] - Object: 'Object Repository/DispensaryToStore/Page_Dispensary Store/button_Add' is clicked on

2018-06-09 16:39:32 - [TEST_STEP][PASSED] - selectOptionByIndex: All options with index in [2] are selected on object 'Object Repository/DispensaryToStore/Page_Dispensary Store/select_--Select--Schedule 1Inj'

2018-06-09 16:39:33 - [MESSAGE][PASSED] - All options with index in [2] are selected on object 'Object Repository/DispensaryToStore/Page_Dispensary Store/select_--Select--Schedule 1Inj'

2018-06-09 16:39:33 - [TEST_STEP][PASSED] - delay: Delayed 1 second(s)

2018-06-09 16:39:34 - [MESSAGE][PASSED] - Delayed 1 second(s)

2018-06-09 16:39:34 - [TEST_STEP][PASSED] - selectOptionByIndex: All options with index in [9] are selected on object 'Object Repository/DispensaryToStore/Page_Dispensary Store/select_--Select--Adernaline 0.'

2018-06-09 16:39:34 - [MESSAGE][PASSED] - All options with index in [9] are selected on object 'Object Repository/DispensaryToStore/Page_Dispensary Store/select_--Select--Adernaline 0.'

2018-06-09 16:39:34 - [TEST_STEP][PASSED] - delay: Delayed 1 second(s)

2018-06-09 16:39:35 - [MESSAGE][PASSED] - Delayed 1 second(s)

2018-06-09 16:39:35 - [TEST_STEP][PASSED] - setText: Text '10' is set on object 'Object Repository/DispensaryToStore/Page_Dispensary Store/input_txttreat'

2018-06-09 16:39:35 - [MESSAGE][PASSED] - Text '10' is set on object 'Object Repository/DispensaryToStore/Page_Dispensary Store/input_txttreat'

2018-06-09 16:39:35 - [TEST_STEP][PASSED] - click: Object: 'Object Repository/DispensaryToStore/Page_Dispensary Store/button_Add' is clicked on

2018-06-09 16:39:35 - [MESSAGE][PASSED] - Object: 'Object Repository/DispensaryToStore/Page_Dispensary Store/button_Add' is clicked on

2018-06-09 16:39:35 - [TEST_STEP][PASSED] - selectOptionByIndex: All options with index in [2] are selected on object 'Object Repository/DispensaryToStore/Page_Dispensary Store/select_--Select--Schedule 1Inj'

2018-06-09 16:39:35 - [MESSAGE][PASSED] - All options with index in [2] are selected on object 'Object Repository/DispensaryToStore/Page_Dispensary Store/select_--Select--Schedule 1Inj'

2018-06-09 16:39:35 - [TEST_STEP][PASSED] - delay: Delayed 1 second(s)

2018-06-09 16:39:36 - [MESSAGE][PASSED] - Delayed 1 second(s)

2018-06-09 16:39:36 - [TEST_STEP][PASSED] - selectOptionByIndex: All options with index in [10] are selected on object 'Object Repository/DispensaryToStore/Page_Dispensary Store/select_--Select--Adernaline 0.'

2018-06-09 16:39:36 - [MESSAGE][PASSED] - All options with index in [10] are selected on object 'Object Repository/DispensaryToStore/Page_Dispensary Store/select_--Select--Adernaline 0.'

2018-06-09 16:39:36 - [TEST_STEP][PASSED] - delay: Delayed 1 second(s)

2018-06-09 16:39:37 - [MESSAGE][PASSED] - Delayed 1 second(s)

2018-06-09 16:39:37 - [TEST_STEP][PASSED] - setText: Text '10' is set on object 'Object Repository/DispensaryToStore/Page_Dispensary Store/input_txttreat'

2018-06-09 16:39:38 - [MESSAGE][PASSED] - Text '10' is set on object 'Object Repository/DispensaryToStore/Page_Dispensary Store/input_txttreat'

2018-06-09 16:39:38 - [TEST_STEP][PASSED] - click: Object: 'Object Repository/DispensaryToStore/Page_Dispensary Store/button_Add' is clicked on

2018-06-09 16:39:38 - [MESSAGE][PASSED] - Object: 'Object Repository/DispensaryToStore/Page_Dispensary Store/button_Add' is clicked on

2018-06-09 16:39:38 - [TEST_STEP][PASSED] - selectOptionByIndex: All options with index in [2] are selected on object 'Object Repository/DispensaryToStore/Page_Dispensary Store/select_--Select--Schedule 1Inj'

2018-06-09 16:39:38 - [MESSAGE][PASSED] - All options with index in [2] are selected on object 'Object Repository/DispensaryToStore/Page_Dispensary Store/select_--Select--Schedule 1Inj'

2018-06-09 16:39:38 - [TEST_STEP][PASSED] - delay: Delayed 1 second(s)

2018-06-09 16:39:39 - [MESSAGE][PASSED] - Delayed 1 second(s)

2018-06-09 16:39:39 - [TEST_STEP][PASSED] - selectOptionByIndex: All options with index in [11] are selected on object 'Object Repository/DispensaryToStore/Page_Dispensary Store/select_--Select--Adernaline 0.'

2018-06-09 16:39:39 - [MESSAGE][PASSED] - All options with index in [11] are selected on object 'Object Repository/DispensaryToStore/Page_Dispensary Store/select_--Select--Adernaline 0.'

2018-06-09 16:39:39 - [TEST_STEP][PASSED] - delay: Delayed 1 second(s)

2018-06-09 16:39:40 - [MESSAGE][PASSED] - Delayed 1 second(s)

2018-06-09 16:39:40 - [TEST_STEP][PASSED] - setText: Text '10' is set on object 'Object Repository/DispensaryToStore/Page_Dispensary Store/input_txttreat'

2018-06-09 16:39:40 - [MESSAGE][PASSED] - Text '10' is set on object 'Object Repository/DispensaryToStore/Page_Dispensary Store/input_txttreat'

2018-06-09 16:39:40 - [TEST_STEP][PASSED] - click: Object: 'Object Repository/DispensaryToStore/Page_Dispensary Store/button_Add' is clicked on

2018-06-09 16:39:40 - [MESSAGE][PASSED] - Object: 'Object Repository/DispensaryToStore/Page_Dispensary Store/button_Add' is clicked on

2018-06-09 16:39:40 - [TEST_STEP][PASSED] - selectOptionByIndex: All options with index in [2] are selected on object 'Object Repository/DispensaryToStore/Page_Dispensary Store/select_--Select--Schedule 1Inj'

2018-06-09 16:39:40 - [MESSAGE][PASSED] - All options with index in [2] are selected on object 'Object Repository/DispensaryToStore/Page_Dispensary Store/select_--Select--Schedule 1Inj'

2018-06-09 16:39:40 - [TEST_STEP][PASSED] - delay: Delayed 1 second(s)

2018-06-09 16:39:41 - [MESSAGE][PASSED] - Delayed 1 second(s)

2018-06-09 16:39:41 - [TEST_STEP][PASSED] - selectOptionByIndex: All options with index in [12] are selected on object 'Object Repository/DispensaryToStore/Page_Dispensary Store/select_--Select--Adernaline 0.'

2018-06-09 16:39:42 - [MESSAGE][PASSED] - All options with index in [12] are selected on object 'Object Repository/DispensaryToStore/Page_Dispensary Store/select_--Select--Adernaline 0.'

2018-06-09 16:39:42 - [TEST_STEP][PASSED] - delay: Delayed 1 second(s)

2018-06-09 16:39:43 - [MESSAGE][PASSED] - Delayed 1 second(s)

2018-06-09 16:39:43 - [TEST_STEP][PASSED] - setText: Text '10' is set on object 'Object Repository/DispensaryToStore/Page_Dispensary Store/input_txttreat'

2018-06-09 16:39:43 - [MESSAGE][PASSED] - Text '10' is set on object 'Object Repository/DispensaryToStore/Page_Dispensary Store/input_txttreat'

2018-06-09 16:39:43 - [TEST_STEP][PASSED] - click: Object: 'Object Repository/DispensaryToStore/Page_Dispensary Store/button_Add' is clicked on

2018-06-09 16:39:43 - [MESSAGE][PASSED] - Object: 'Object Repository/DispensaryToStore/Page_Dispensary Store/button_Add' is clicked on

2018-06-09 16:39:43 - [TEST_STEP][PASSED] - selectOptionByIndex: All options with index in [2] are selected on object 'Object Repository/DispensaryToStore/Page_Dispensary Store/select_--Select--Schedule 1Inj'

2018-06-09 16:39:43 - [MESSAGE][PASSED] - All options with index in [2] are selected on object 'Object Repository/DispensaryToStore/Page_Dispensary Store/select_--Select--Schedule 1Inj'

2018-06-09 16:39:43 - [TEST_STEP][PASSED] - delay: Delayed 1 second(s)

2018-06-09 16:39:44 - [MESSAGE][PASSED] - Delayed 1 second(s)

2018-06-09 16:39:44 - [TEST_STEP][PASSED] - selectOptionByIndex: All options with index in [13] are selected on object 'Object Repository/DispensaryToStore/Page_Dispensary Store/select_--Select--Adernaline 0.'

2018-06-09 16:39:44 - [MESSAGE][PASSED] - All options with index in [13] are selected on object 'Object Repository/DispensaryToStore/Page_Dispensary Store/select_--Select--Adernaline 0.'

2018-06-09 16:39:44 - [TEST_STEP][PASSED] - delay: Delayed 1 second(s)

2018-06-09 16:39:45 - [MESSAGE][PASSED] - Delayed 1 second(s)

2018-06-09 16:39:45 - [TEST_STEP][PASSED] - setText: Text '10' is set on object 'Object Repository/DispensaryToStore/Page_Dispensary Store/input_txttreat'

2018-06-09 16:39:45 - [MESSAGE][PASSED] - Text '10' is set on object 'Object Repository/DispensaryToStore/Page_Dispensary Store/input_txttreat'

2018-06-09 16:39:45 - [TEST_STEP][PASSED] - click: Object: 'Object Repository/DispensaryToStore/Page_Dispensary Store/button_Add' is clicked on

2018-06-09 16:39:45 - [MESSAGE][PASSED] - Object: 'Object Repository/DispensaryToStore/Page_Dispensary Store/button_Add' is clicked on

2018-06-09 16:39:46 - [TEST_STEP][PASSED] - selectOptionByIndex: All options with index in [2] are selected on object 'Object Repository/DispensaryToStore/Page_Dispensary Store/select_--Select--Schedule 1Inj'

2018-06-09 16:39:46 - [MESSAGE][PASSED] - All options with index in [2] are selected on object 'Object Repository/DispensaryToStore/Page_Dispensary Store/select_--Select--Schedule 1Inj'

2018-06-09 16:39:46 - [TEST_STEP][PASSED] - delay: Delayed 1 second(s)

2018-06-09 16:39:47 - [MESSAGE][PASSED] - Delayed 1 second(s)

2018-06-09 16:39:47 - [TEST_STEP][PASSED] - selectOptionByIndex: All options with index in [14] are selected on object 'Object Repository/DispensaryToStore/Page_Dispensary Store/select_--Select--Adernaline 0.'

2018-06-09 16:39:47 - [MESSAGE][PASSED] - All options with index in [14] are selected on object 'Object Repository/DispensaryToStore/Page_Dispensary Store/select_--Select--Adernaline 0.'

2018-06-09 16:39:47 - [TEST_STEP][PASSED] - delay: Delayed 1 second(s)

2018-06-09 16:39:48 - [MESSAGE][PASSED] - Delayed 1 second(s)

2018-06-09 16:39:48 - [TEST_STEP][PASSED] - setText: Text '10' is set on object 'Object Repository/DispensaryToStore/Page_Dispensary Store/input_txttreat'

2018-06-09 16:39:48 - [MESSAGE][PASSED] - Text '10' is set on object 'Object Repository/DispensaryToStore/Page_Dispensary Store/input_txttreat'

2018-06-09 16:39:48 - [TEST_STEP][PASSED] - click: Object: 'Object Repository/DispensaryToStore/Page_Dispensary Store/button_Add' is clicked on

2018-06-09 16:39:48 - [MESSAGE][PASSED] - Object: 'Object Repository/DispensaryToStore/Page_Dispensary Store/button_Add' is clicked on

2018-06-09 16:39:48 - [TEST_STEP][PASSED] - selectOptionByIndex: All options with index in [2] are selected on object 'Object Repository/DispensaryToStore/Page_Dispensary Store/select_--Select--Schedule 1Inj'

2018-06-09 16:39:48 - [MESSAGE][PASSED] - All options with index in [2] are selected on object 'Object Repository/DispensaryToStore/Page_Dispensary Store/select_--Select--Schedule 1Inj'

2018-06-09 16:39:48 - [TEST_STEP][PASSED] - delay: Delayed 1 second(s)

2018-06-09 16:39:49 - [MESSAGE][PASSED] - Delayed 1 second(s)

2018-06-09 16:39:49 - [TEST_STEP][PASSED] - selectOptionByIndex: All options with index in [15] are selected on object 'Object Repository/DispensaryToStore/Page_Dispensary Store/select_--Select--Adernaline 0.'

2018-06-09 16:39:50 - [MESSAGE][PASSED] - All options with index in [15] are selected on object 'Object Repository/DispensaryToStore/Page_Dispensary Store/select_--Select--Adernaline 0.'

2018-06-09 16:39:50 - [TEST_STEP][PASSED] - delay: Delayed 1 second(s)

2018-06-09 16:39:51 - [MESSAGE][PASSED] - Delayed 1 second(s)

2018-06-09 16:39:51 - [TEST_STEP][PASSED] - setText: Text '10' is set on object 'Object Repository/DispensaryToStore/Page_Dispensary Store/input_txttreat'

2018-06-09 16:39:51 - [MESSAGE][PASSED] - Text '10' is set on object 'Object Repository/DispensaryToStore/Page_Dispensary Store/input_txttreat'

2018-06-09 16:39:51 - [TEST_STEP][PASSED] - click: Object: 'Object Repository/DispensaryToStore/Page_Dispensary Store/button_Add' is clicked on

2018-06-09 16:39:51 - [MESSAGE][PASSED] - Object: 'Object Repository/DispensaryToStore/Page_Dispensary Store/button_Add' is clicked on

2018-06-09 16:39:51 - [TEST_STEP][PASSED] - selectOptionByIndex: All options with index in [2] are selected on object 'Object Repository/DispensaryToStore/Page_Dispensary Store/select_--Select--Schedule 1Inj'

2018-06-09 16:39:51 - [MESSAGE][PASSED] - All options with index in [2] are selected on object 'Object Repository/DispensaryToStore/Page_Dispensary Store/select_--Select--Schedule 1Inj'

2018-06-09 16:39:51 - [TEST_STEP][PASSED] - delay: Delayed 1 second(s)

2018-06-09 16:39:52 - [MESSAGE][PASSED] - Delayed 1 second(s)

2018-06-09 16:39:52 - [TEST_STEP][PASSED] - selectOptionByIndex: All options with index in [16] are selected on object 'Object Repository/DispensaryToStore/Page_Dispensary Store/select_--Select--Adernaline 0.'

2018-06-09 16:39:52 - [MESSAGE][PASSED] - All options with index in [16] are selected on object 'Object Repository/DispensaryToStore/Page_Dispensary Store/select_--Select--Adernaline 0.'

2018-06-09 16:39:52 - [TEST_STEP][PASSED] - delay: Delayed 1 second(s)

2018-06-09 16:39:53 - [MESSAGE][PASSED] - Delayed 1 second(s)

2018-06-09 16:39:53 - [TEST_STEP][PASSED] - setText: Text '10' is set on object 'Object Repository/DispensaryToStore/Page_Dispensary Store/input_txttreat'

2018-06-09 16:39:53 - [MESSAGE][PASSED] - Text '10' is set on object 'Object Repository/DispensaryToStore/Page_Dispensary Store/input_txttreat'

2018-06-09 16:39:53 - [TEST_STEP][PASSED] - click: Object: 'Object Repository/DispensaryToStore/Page_Dispensary Store/button_Add' is clicked on

2018-06-09 16:39:53 - [MESSAGE][PASSED] - Object: 'Object Repository/DispensaryToStore/Page_Dispensary Store/button_Add' is clicked on

2018-06-09 16:39:53 - [TEST_STEP][PASSED] - selectOptionByIndex: All options with index in [2] are selected on object 'Object Repository/DispensaryToStore/Page_Dispensary Store/select_--Select--Schedule 1Inj'

2018-06-09 16:39:54 - [MESSAGE][PASSED] - All options with index in [2] are selected on object 'Object Repository/DispensaryToStore/Page_Dispensary Store/select_--Select--Schedule 1Inj'

2018-06-09 16:39:54 - [TEST_STEP][PASSED] - delay: Delayed 1 second(s)

2018-06-09 16:39:55 - [MESSAGE][PASSED] - Delayed 1 second(s)

2018-06-09 16:39:55 - [TEST_STEP][PASSED] - selectOptionByIndex: All options with index in [17] are selected on object 'Object Repository/DispensaryToStore/Page_Dispensary Store/select_--Select--Adernaline 0.'

2018-06-09 16:39:55 - [MESSAGE][PASSED] - All options with index in [17] are selected on object 'Object Repository/DispensaryToStore/Page_Dispensary Store/select_--Select--Adernaline 0.'

2018-06-09 16:39:55 - [TEST_STEP][PASSED] - delay: Delayed 1 second(s)

2018-06-09 16:39:56 - [MESSAGE][PASSED] - Delayed 1 second(s)

2018-06-09 16:39:56 - [TEST_STEP][PASSED] - setText: Text '10' is set on object 'Object Repository/DispensaryToStore/Page_Dispensary Store/input_txttreat'

2018-06-09 16:39:56 - [MESSAGE][PASSED] - Text '10' is set on object 'Object Repository/DispensaryToStore/Page_Dispensary Store/input_txttreat'

2018-06-09 16:39:56 - [TEST_STEP][PASSED] - click: Object: 'Object Repository/DispensaryToStore/Page_Dispensary Store/button_Add' is clicked on

2018-06-09 16:39:56 - [MESSAGE][PASSED] - Object: 'Object Repository/DispensaryToStore/Page_Dispensary Store/button_Add' is clicked on

2018-06-09 16:39:56 - [TEST_STEP][PASSED] - selectOptionByIndex: All options with index in [2] are selected on object 'Object Repository/DispensaryToStore/Page_Dispensary Store/select_--Select--Schedule 1Inj'

2018-06-09 16:39:56 - [MESSAGE][PASSED] - All options with index in [2] are selected on object 'Object Repository/DispensaryToStore/Page_Dispensary Store/select_--Select--Schedule 1Inj'

2018-06-09 16:39:56 - [TEST_STEP][PASSED] - delay: Delayed 1 second(s)

2018-06-09 16:39:57 - [MESSAGE][PASSED] - Delayed 1 second(s)

2018-06-09 16:39:57 - [TEST_STEP][PASSED] - selectOptionByIndex: All options with index in [18] are selected on object 'Object Repository/DispensaryToStore/Page_Dispensary Store/select_--Select--Adernaline 0.'

2018-06-09 16:39:58 - [MESSAGE][PASSED] - All options with index in [18] are selected on object 'Object Repository/DispensaryToStore/Page_Dispensary Store/select_--Select--Adernaline 0.'

2018-06-09 16:39:58 - [TEST_STEP][PASSED] - delay: Delayed 1 second(s)

2018-06-09 16:39:59 - [MESSAGE][PASSED] - Delayed 1 second(s)

2018-06-09 16:39:59 - [TEST_STEP][PASSED] - setText: Text '10' is set on object 'Object Repository/DispensaryToStore/Page_Dispensary Store/input_txttreat'

2018-06-09 16:39:59 - [MESSAGE][PASSED] - Text '10' is set on object 'Object Repository/DispensaryToStore/Page_Dispensary Store/input_txttreat'

2018-06-09 16:39:59 - [TEST_STEP][PASSED] - click: Object: 'Object Repository/DispensaryToStore/Page_Dispensary Store/button_Add' is clicked on

2018-06-09 16:39:59 - [MESSAGE][PASSED] - Object: 'Object Repository/DispensaryToStore/Page_Dispensary Store/button_Add' is clicked on

2018-06-09 16:39:59 - [TEST_STEP][PASSED] - selectOptionByIndex: All options with index in [2] are selected on object 'Object Repository/DispensaryToStore/Page_Dispensary Store/select_--Select--Schedule 1Inj'

2018-06-09 16:39:59 - [MESSAGE][PASSED] - All options with index in [2] are selected on object 'Object Repository/DispensaryToStore/Page_Dispensary Store/select_--Select--Schedule 1Inj'

2018-06-09 16:39:59 - [TEST_STEP][PASSED] - delay: Delayed 1 second(s)

2018-06-09 16:40:00 - [MESSAGE][PASSED] - Delayed 1 second(s)

2018-06-09 16:40:00 - [TEST_STEP][PASSED] - selectOptionByIndex: All options with index in [19] are selected on object 'Object Repository/DispensaryToStore/Page_Dispensary Store/select_--Select--Adernaline 0.'

2018-06-09 16:40:00 - [MESSAGE][PASSED] - All options with index in [19] are selected on object 'Object Repository/DispensaryToStore/Page_Dispensary Store/select_--Select--Adernaline 0.'

2018-06-09 16:40:00 - [TEST_STEP][PASSED] - delay: Delayed 1 second(s)

2018-06-09 16:40:01 - [MESSAGE][PASSED] - Delayed 1 second(s)

2018-06-09 16:40:01 - [TEST_STEP][PASSED] - setText: Text '10' is set on object 'Object Repository/DispensaryToStore/Page_Dispensary Store/input_txttreat'

2018-06-09 16:40:01 - [MESSAGE][PASSED] - Text '10' is set on object 'Object Repository/DispensaryToStore/Page_Dispensary Store/input_txttreat'

2018-06-09 16:40:01 - [TEST_STEP][PASSED] - click: Object: 'Object Repository/DispensaryToStore/Page_Dispensary Store/button_Add' is clicked on

2018-06-09 16:40:01 - [MESSAGE][PASSED] - Object: 'Object Repository/DispensaryToStore/Page_Dispensary Store/button_Add' is clicked on

2018-06-09 16:40:01 - [TEST_STEP][PASSED] - selectOptionByIndex: All options with index in [2] are selected on object 'Object Repository/DispensaryToStore/Page_Dispensary Store/select_--Select--Schedule 1Inj'

2018-06-09 16:40:02 - [MESSAGE][PASSED] - All options with index in [2] are selected on object 'Object Repository/DispensaryToStore/Page_Dispensary Store/select_--Select--Schedule 1Inj'

2018-06-09 16:40:02 - [TEST_STEP][PASSED] - delay: Delayed 1 second(s)

2018-06-09 16:40:03 - [MESSAGE][PASSED] - Delayed 1 second(s)

2018-06-09 16:40:03 - [TEST_STEP][PASSED] - selectOptionByIndex: All options with index in [20] are selected on object 'Object Repository/DispensaryToStore/Page_Dispensary Store/select_--Select--Adernaline 0.'

2018-06-09 16:40:03 - [MESSAGE][PASSED] - All options with index in [20] are selected on object 'Object Repository/DispensaryToStore/Page_Dispensary Store/select_--Select--Adernaline 0.'

2018-06-09 16:40:03 - [TEST_STEP][PASSED] - delay: Delayed 1 second(s)

2018-06-09 16:40:04 - [MESSAGE][PASSED] - Delayed 1 second(s)

2018-06-09 16:40:04 - [TEST_STEP][PASSED] - setText: Text '10' is set on object 'Object Repository/DispensaryToStore/Page_Dispensary Store/input_txttreat'

2018-06-09 16:40:04 - [MESSAGE][PASSED] - Text '10' is set on object 'Object Repository/DispensaryToStore/Page_Dispensary Store/input_txttreat'

2018-06-09 16:40:04 - [TEST_STEP][PASSED] - click: Object: 'Object Repository/DispensaryToStore/Page_Dispensary Store/button_Add' is clicked on

2018-06-09 16:40:04 - [MESSAGE][PASSED] - Object: 'Object Repository/DispensaryToStore/Page_Dispensary Store/button_Add' is clicked on

2018-06-09 16:40:04 - [TEST_STEP][PASSED] - selectOptionByIndex: All options with index in [2] are selected on object 'Object Repository/DispensaryToStore/Page_Dispensary Store/select_--Select--Schedule 1Inj'

2018-06-09 16:40:04 - [MESSAGE][PASSED] - All options with index in [2] are selected on object 'Object Repository/DispensaryToStore/Page_Dispensary Store/select_--Select--Schedule 1Inj'

2018-06-09 16:40:04 - [TEST_STEP][PASSED] - delay: Delayed 1 second(s)

2018-06-09 16:40:05 - [MESSAGE][PASSED] - Delayed 1 second(s)

2018-06-09 16:40:05 - [TEST_STEP][PASSED] - selectOptionByIndex: All options with index in [21] are selected on object 'Object Repository/DispensaryToStore/Page_Dispensary Store/select_--Select--Adernaline 0.'

2018-06-09 16:40:06 - [MESSAGE][PASSED] - All options with index in [21] are selected on object 'Object Repository/DispensaryToStore/Page_Dispensary Store/select_--Select--Adernaline 0.'

2018-06-09 16:40:06 - [TEST_STEP][PASSED] - delay: Delayed 1 second(s)

2018-06-09 16:40:07 - [MESSAGE][PASSED] - Delayed 1 second(s)

2018-06-09 16:40:07 - [TEST_STEP][PASSED] - setText: Text '10' is set on object 'Object Repository/DispensaryToStore/Page_Dispensary Store/input_txttreat'

2018-06-09 16:40:07 - [MESSAGE][PASSED] - Text '10' is set on object 'Object Repository/DispensaryToStore/Page_Dispensary Store/input_txttreat'

2018-06-09 16:40:07 - [TEST_STEP][PASSED] - click: Object: 'Object Repository/DispensaryToStore/Page_Dispensary Store/button_Add' is clicked on

2018-06-09 16:40:07 - [MESSAGE][PASSED] - Object: 'Object Repository/DispensaryToStore/Page_Dispensary Store/button_Add' is clicked on

2018-06-09 16:40:07 - [TEST_STEP][PASSED] - selectOptionByIndex: All options with index in [2] are selected on object 'Object Repository/DispensaryToStore/Page_Dispensary Store/select_--Select--Schedule 1Inj'

2018-06-09 16:40:07 - [MESSAGE][PASSED] - All options with index in [2] are selected on object 'Object Repository/DispensaryToStore/Page_Dispensary Store/select_--Select--Schedule 1Inj'

2018-06-09 16:40:07 - [TEST_STEP][PASSED] - delay: Delayed 1 second(s)

2018-06-09 16:40:08 - [MESSAGE][PASSED] - Delayed 1 second(s)

2018-06-09 16:40:08 - [TEST_STEP][PASSED] - selectOptionByIndex: All options with index in [22] are selected on object 'Object Repository/DispensaryToStore/Page_Dispensary Store/select_--Select--Adernaline 0.'

2018-06-09 16:40:08 - [MESSAGE][PASSED] - All options with index in [22] are selected on object 'Object Repository/DispensaryToStore/Page_Dispensary Store/select_--Select--Adernaline 0.'

2018-06-09 16:40:08 - [TEST_STEP][PASSED] - delay: Delayed 1 second(s)

2018-06-09 16:40:09 - [MESSAGE][PASSED] - Delayed 1 second(s)

2018-06-09 16:40:09 - [TEST_STEP][PASSED] - setText: Text '10' is set on object 'Object Repository/DispensaryToStore/Page_Dispensary Store/input_txttreat'

2018-06-09 16:40:10 - [MESSAGE][PASSED] - Text '10' is set on object 'Object Repository/DispensaryToStore/Page_Dispensary Store/input_txttreat'

2018-06-09 16:40:10 - [TEST_STEP][PASSED] - click: Object: 'Object Repository/DispensaryToStore/Page_Dispensary Store/button_Add' is clicked on

2018-06-09 16:40:10 - [MESSAGE][PASSED] - Object: 'Object Repository/DispensaryToStore/Page_Dispensary Store/button_Add' is clicked on

2018-06-09 16:40:10 - [TEST_STEP][PASSED] - selectOptionByIndex: All options with index in [2] are selected on object 'Object Repository/DispensaryToStore/Page_Dispensary Store/select_--Select--Schedule 1Inj'

2018-06-09 16:40:10 - [MESSAGE][PASSED] - All options with index in [2] are selected on object 'Object Repository/DispensaryToStore/Page_Dispensary Store/select_--Select--Schedule 1Inj'

2018-06-09 16:40:10 - [TEST_STEP][PASSED] - delay: Delayed 1 second(s)

2018-06-09 16:40:11 - [MESSAGE][PASSED] - Delayed 1 second(s)

2018-06-09 16:40:11 - [TEST_STEP][PASSED] - selectOptionByIndex: All options with index in [23] are selected on object 'Object Repository/DispensaryToStore/Page_Dispensary Store/select_--Select--Adernaline 0.'

2018-06-09 16:40:11 - [MESSAGE][PASSED] - All options with index in [23] are selected on object 'Object Repository/DispensaryToStore/Page_Dispensary Store/select_--Select--Adernaline 0.'

2018-06-09 16:40:11 - [TEST_STEP][PASSED] - delay: Delayed 1 second(s)

2018-06-09 16:40:12 - [MESSAGE][PASSED] - Delayed 1 second(s)

2018-06-09 16:40:12 - [TEST_STEP][PASSED] - setText: Text '10' is set on object 'Object Repository/DispensaryToStore/Page_Dispensary Store/input_txttreat'

2018-06-09 16:40:12 - [MESSAGE][PASSED] - Text '10' is set on object 'Object Repository/DispensaryToStore/Page_Dispensary Store/input_txttreat'

2018-06-09 16:40:12 - [TEST_STEP][PASSED] - click: Object: 'Object Repository/DispensaryToStore/Page_Dispensary Store/button_Add' is clicked on

2018-06-09 16:40:12 - [MESSAGE][PASSED] - Object: 'Object Repository/DispensaryToStore/Page_Dispensary Store/button_Add' is clicked on

2018-06-09 16:40:12 - [TEST_STEP][PASSED] - selectOptionByIndex: All options with index in [2] are selected on object 'Object Repository/DispensaryToStore/Page_Dispensary Store/select_--Select--Schedule 1Inj'

2018-06-09 16:40:12 - [MESSAGE][PASSED] - All options with index in [2] are selected on object 'Object Repository/DispensaryToStore/Page_Dispensary Store/select_--Select--Schedule 1Inj'

2018-06-09 16:40:12 - [TEST_STEP][PASSED] - delay: Delayed 1 second(s)

2018-06-09 16:40:14 - [MESSAGE][PASSED] - Delayed 1 second(s)

2018-06-09 16:40:14 - [TEST_STEP][PASSED] - selectOptionByIndex: All options with index in [24] are selected on object 'Object Repository/DispensaryToStore/Page_Dispensary Store/select_--Select--Adernaline 0.'

2018-06-09 16:40:14 - [MESSAGE][PASSED] - All options with index in [24] are selected on object 'Object Repository/DispensaryToStore/Page_Dispensary Store/select_--Select--Adernaline 0.'

2018-06-09 16:40:14 - [TEST_STEP][PASSED] - delay: Delayed 1 second(s)

2018-06-09 16:40:15 - [MESSAGE][PASSED] - Delayed 1 second(s)

2018-06-09 16:40:15 - [TEST_STEP][PASSED] - setText: Text '10' is set on object 'Object Repository/DispensaryToStore/Page_Dispensary Store/input_txttreat'

2018-06-09 16:40:15 - [MESSAGE][PASSED] - Text '10' is set on object 'Object Repository/DispensaryToStore/Page_Dispensary Store/input_txttreat'

2018-06-09 16:40:15 - [TEST_STEP][PASSED] - click: Object: 'Object Repository/DispensaryToStore/Page_Dispensary Store/button_Add' is clicked on

2018-06-09 16:40:15 - [MESSAGE][PASSED] - Object: 'Object Repository/DispensaryToStore/Page_Dispensary Store/button_Add' is clicked on

2018-06-09 16:40:15 - [TEST_STEP][PASSED] - selectOptionByIndex: All options with index in [2] are selected on object 'Object Repository/DispensaryToStore/Page_Dispensary Store/select_--Select--Schedule 1Inj'

2018-06-09 16:40:15 - [MESSAGE][PASSED] - All options with index in [2] are selected on object 'Object Repository/DispensaryToStore/Page_Dispensary Store/select_--Select--Schedule 1Inj'

2018-06-09 16:40:15 - [TEST_STEP][PASSED] - delay: Delayed 1 second(s)

2018-06-09 16:40:16 - [MESSAGE][PASSED] - Delayed 1 second(s)

2018-06-09 16:40:16 - [TEST_STEP][PASSED] - selectOptionByIndex: All options with index in [25] are selected on object 'Object Repository/DispensaryToStore/Page_Dispensary Store/select_--Select--Adernaline 0.'

2018-06-09 16:40:17 - [MESSAGE][PASSED] - All options with index in [25] are selected on object 'Object Repository/DispensaryToStore/Page_Dispensary Store/select_--Select--Adernaline 0.'

2018-06-09 16:40:17 - [TEST_STEP][PASSED] - delay: Delayed 1 second(s)

2018-06-09 16:40:18 - [MESSAGE][PASSED] - Delayed 1 second(s)

2018-06-09 16:40:18 - [TEST_STEP][PASSED] - setText: Text '10' is set on object 'Object Repository/DispensaryToStore/Page_Dispensary Store/input_txttreat'

2018-06-09 16:40:18 - [MESSAGE][PASSED] - Text '10' is set on object 'Object Repository/DispensaryToStore/Page_Dispensary Store/input_txttreat'

2018-06-09 16:40:18 - [TEST_STEP][PASSED] - click: Object: 'Object Repository/DispensaryToStore/Page_Dispensary Store/button_Add' is clicked on

2018-06-09 16:40:18 - [MESSAGE][PASSED] - Object: 'Object Repository/DispensaryToStore/Page_Dispensary Store/button_Add' is clicked on

2018-06-09 16:40:18 - [TEST_STEP][PASSED] - selectOptionByIndex: All options with index in [2] are selected on object 'Object Repository/DispensaryToStore/Page_Dispensary Store/select_--Select--Schedule 1Inj'

2018-06-09 16:40:18 - [MESSAGE][PASSED] - All options with index in [2] are selected on object 'Object Repository/DispensaryToStore/Page_Dispensary Store/select_--Select--Schedule 1Inj'

2018-06-09 16:40:18 - [TEST_STEP][PASSED] - delay: Delayed 1 second(s)

2018-06-09 16:40:19 - [MESSAGE][PASSED] - Delayed 1 second(s)

2018-06-09 16:40:19 - [TEST_STEP][PASSED] - selectOptionByIndex: All options with index in [26] are selected on object 'Object Repository/DispensaryToStore/Page_Dispensary Store/select_--Select--Adernaline 0.'

2018-06-09 16:40:19 - [MESSAGE][PASSED] - All options with index in [26] are selected on object 'Object Repository/DispensaryToStore/Page_Dispensary Store/select_--Select--Adernaline 0.'

2018-06-09 16:40:19 - [TEST_STEP][PASSED] - delay: Delayed 1 second(s)

2018-06-09 16:40:20 - [MESSAGE][PASSED] - Delayed 1 second(s)

2018-06-09 16:40:20 - [TEST_STEP][PASSED] - setText: Text '10' is set on object 'Object Repository/DispensaryToStore/Page_Dispensary Store/input_txttreat'

2018-06-09 16:40:20 - [MESSAGE][PASSED] - Text '10' is set on object 'Object Repository/DispensaryToStore/Page_Dispensary Store/input_txttreat'

2018-06-09 16:40:20 - [TEST_STEP][PASSED] - click: Object: 'Object Repository/DispensaryToStore/Page_Dispensary Store/button_Add' is clicked on

2018-06-09 16:40:21 - [MESSAGE][PASSED] - Object: 'Object Repository/DispensaryToStore/Page_Dispensary Store/button_Add' is clicked on

2018-06-09 16:40:21 - [TEST_STEP][PASSED] - selectOptionByIndex: All options with index in [2] are selected on object 'Object Repository/DispensaryToStore/Page_Dispensary Store/select_--Select--Schedule 1Inj'

2018-06-09 16:40:21 - [MESSAGE][PASSED] - All options with index in [2] are selected on object 'Object Repository/DispensaryToStore/Page_Dispensary Store/select_--Select--Schedule 1Inj'

2018-06-09 16:40:21 - [TEST_STEP][PASSED] - delay: Delayed 1 second(s)

2018-06-09 16:40:22 - [MESSAGE][PASSED] - Delayed 1 second(s)

2018-06-09 16:40:22 - [TEST_STEP][PASSED] - selectOptionByIndex: All options with index in [27] are selected on object 'Object Repository/DispensaryToStore/Page_Dispensary Store/select_--Select--Adernaline 0.'

2018-06-09 16:40:22 - [MESSAGE][PASSED] - All options with index in [27] are selected on object 'Object Repository/DispensaryToStore/Page_Dispensary Store/select_--Select--Adernaline 0.'

2018-06-09 16:40:22 - [TEST_STEP][PASSED] - delay: Delayed 1 second(s)

2018-06-09 16:40:23 - [MESSAGE][PASSED] - Delayed 1 second(s)

2018-06-09 16:40:23 - [TEST_STEP][PASSED] - setText: Text '10' is set on object 'Object Repository/DispensaryToStore/Page_Dispensary Store/input_txttreat'

2018-06-09 16:40:23 - [MESSAGE][PASSED] - Text '10' is set on object 'Object Repository/DispensaryToStore/Page_Dispensary Store/input_txttreat'

2018-06-09 16:40:23 - [TEST_STEP][PASSED] - click: Object: 'Object Repository/DispensaryToStore/Page_Dispensary Store/button_Add' is clicked on

2018-06-09 16:40:23 - [MESSAGE][PASSED] - Object: 'Object Repository/DispensaryToStore/Page_Dispensary Store/button_Add' is clicked on

2018-06-09 16:40:23 - [TEST_STEP][PASSED] - selectOptionByIndex: All options with index in [2] are selected on object 'Object Repository/DispensaryToStore/Page_Dispensary Store/select_--Select--Schedule 1Inj'

2018-06-09 16:40:24 - [MESSAGE][PASSED] - All options with index in [2] are selected on object 'Object Repository/DispensaryToStore/Page_Dispensary Store/select_--Select--Schedule 1Inj'

2018-06-09 16:40:24 - [TEST_STEP][PASSED] - delay: Delayed 1 second(s)

2018-06-09 16:40:25 - [MESSAGE][PASSED] - Delayed 1 second(s)

2018-06-09 16:40:25 - [TEST_STEP][PASSED] - selectOptionByIndex: All options with index in [28] are selected on object 'Object Repository/DispensaryToStore/Page_Dispensary Store/select_--Select--Adernaline 0.'

2018-06-09 16:40:25 - [MESSAGE][PASSED] - All options with index in [28] are selected on object 'Object Repository/DispensaryToStore/Page_Dispensary Store/select_--Select--Adernaline 0.'

2018-06-09 16:40:25 - [TEST_STEP][PASSED] - delay: Delayed 1 second(s)

2018-06-09 16:40:26 - [MESSAGE][PASSED] - Delayed 1 second(s)

2018-06-09 16:40:26 - [TEST_STEP][PASSED] - setText: Text '10' is set on object 'Object Repository/DispensaryToStore/Page_Dispensary Store/input_txttreat'

2018-06-09 16:40:26 - [MESSAGE][PASSED] - Text '10' is set on object 'Object Repository/DispensaryToStore/Page_Dispensary Store/input_txttreat'

2018-06-09 16:40:26 - [TEST_STEP][PASSED] - click: Object: 'Object Repository/DispensaryToStore/Page_Dispensary Store/button_Add' is clicked on

2018-06-09 16:40:26 - [MESSAGE][PASSED] - Object: 'Object Repository/DispensaryToStore/Page_Dispensary Store/button_Add' is clicked on

2018-06-09 16:40:26 - [TEST_STEP][PASSED] - selectOptionByIndex: All options with index in [2] are selected on object 'Object Repository/DispensaryToStore/Page_Dispensary Store/select_--Select--Schedule 1Inj'

2018-06-09 16:40:26 - [MESSAGE][PASSED] - All options with index in [2] are selected on object 'Object Repository/DispensaryToStore/Page_Dispensary Store/select_--Select--Schedule 1Inj'

2018-06-09 16:40:26 - [TEST_STEP][PASSED] - delay: Delayed 1 second(s)

2018-06-09 16:40:27 - [MESSAGE][PASSED] - Delayed 1 second(s)

2018-06-09 16:40:27 - [TEST_STEP][PASSED] - selectOptionByIndex: All options with index in [29] are selected on object 'Object Repository/DispensaryToStore/Page_Dispensary Store/select_--Select--Adernaline 0.'

2018-06-09 16:40:28 - [MESSAGE][PASSED] - All options with index in [29] are selected on object 'Object Repository/DispensaryToStore/Page_Dispensary Store/select_--Select--Adernaline 0.'

2018-06-09 16:40:28 - [TEST_STEP][PASSED] - delay: Delayed 1 second(s)

2018-06-09 16:40:29 - [MESSAGE][PASSED] - Delayed 1 second(s)

2018-06-09 16:40:29 - [TEST_STEP][PASSED] - setText: Text '10' is set on object 'Object Repository/DispensaryToStore/Page_Dispensary Store/input_txttreat'

2018-06-09 16:40:29 - [MESSAGE][PASSED] - Text '10' is set on object 'Object Repository/DispensaryToStore/Page_Dispensary Store/input_txttreat'

2018-06-09 16:40:29 - [TEST_STEP][PASSED] - click: Object: 'Object Repository/DispensaryToStore/Page_Dispensary Store/button_Add' is clicked on

2018-06-09 16:40:29 - [MESSAGE][PASSED] - Object: 'Object Repository/DispensaryToStore/Page_Dispensary Store/button_Add' is clicked on

2018-06-09 16:40:29 - [TEST_STEP][PASSED] - selectOptionByIndex: All options with index in [2] are selected on object 'Object Repository/DispensaryToStore/Page_Dispensary Store/select_--Select--Schedule 1Inj'

2018-06-09 16:40:29 - [MESSAGE][PASSED] - All options with index in [2] are selected on object 'Object Repository/DispensaryToStore/Page_Dispensary Store/select_--Select--Schedule 1Inj'

2018-06-09 16:40:29 - [TEST_STEP][PASSED] - delay: Delayed 1 second(s)

2018-06-09 16:40:30 - [MESSAGE][PASSED] - Delayed 1 second(s)

2018-06-09 16:40:30 - [TEST_STEP][PASSED] - selectOptionByIndex: All options with index in [30] are selected on object 'Object Repository/DispensaryToStore/Page_Dispensary Store/select_--Select--Adernaline 0.'

2018-06-09 16:40:31 - [MESSAGE][PASSED] - All options with index in [30] are selected on object 'Object Repository/DispensaryToStore/Page_Dispensary Store/select_--Select--Adernaline 0.'

2018-06-09 16:40:31 - [TEST_STEP][PASSED] - delay: Delayed 1 second(s)

2018-06-09 16:40:32 - [MESSAGE][PASSED] - Delayed 1 second(s)

2018-06-09 16:40:32 - [TEST_STEP][PASSED] - setText: Text '10' is set on object 'Object Repository/DispensaryToStore/Page_Dispensary Store/input_txttreat'

2018-06-09 16:40:32 - [MESSAGE][PASSED] - Text '10' is set on object 'Object Repository/DispensaryToStore/Page_Dispensary Store/input_txttreat'

2018-06-09 16:40:32 - [TEST_STEP][PASSED] - click: Object: 'Object Repository/DispensaryToStore/Page_Dispensary Store/button_Add' is clicked on

2018-06-09 16:40:32 - [MESSAGE][PASSED] - Object: 'Object Repository/DispensaryToStore/Page_Dispensary Store/button_Add' is clicked on

2018-06-09 16:40:32 - [TEST_STEP][PASSED] - selectOptionByIndex: All options with index in [2] are selected on object 'Object Repository/DispensaryToStore/Page_Dispensary Store/select_--Select--Schedule 1Inj'

2018-06-09 16:40:32 - [MESSAGE][PASSED] - All options with index in [2] are selected on object 'Object Repository/DispensaryToStore/Page_Dispensary Store/select_--Select--Schedule 1Inj'

2018-06-09 16:40:32 - [TEST_STEP][PASSED] - delay: Delayed 1 second(s)

2018-06-09 16:40:33 - [MESSAGE][PASSED] - Delayed 1 second(s)

2018-06-09 16:40:33 - [TEST_STEP][PASSED] - selectOptionByIndex: All options with index in [31] are selected on object 'Object Repository/DispensaryToStore/Page_Dispensary Store/select_--Select--Adernaline 0.'

2018-06-09 16:40:33 - [MESSAGE][PASSED] - All options with index in [31] are selected on object 'Object Repository/DispensaryToStore/Page_Dispensary Store/select_--Select--Adernaline 0.'

2018-06-09 16:40:33 - [TEST_STEP][PASSED] - delay: Delayed 1 second(s)

2018-06-09 16:40:34 - [MESSAGE][PASSED] - Delayed 1 second(s)

2018-06-09 16:40:34 - [TEST_STEP][PASSED] - setText: Text '10' is set on object 'Object Repository/DispensaryToStore/Page_Dispensary Store/input_txttreat'

2018-06-09 16:40:34 - [MESSAGE][PASSED] - Text '10' is set on object 'Object Repository/DispensaryToStore/Page_Dispensary Store/input_txttreat'

2018-06-09 16:40:34 - [TEST_STEP][PASSED] - click: Object: 'Object Repository/DispensaryToStore/Page_Dispensary Store/button_Add' is clicked on

2018-06-09 16:40:35 - [MESSAGE][PASSED] - Object: 'Object Repository/DispensaryToStore/Page_Dispensary Store/button_Add' is clicked on

2018-06-09 16:40:35 - [TEST_STEP][PASSED] - selectOptionByIndex: All options with index in [2] are selected on object 'Object Repository/DispensaryToStore/Page_Dispensary Store/select_--Select--Schedule 1Inj'

2018-06-09 16:40:35 - [MESSAGE][PASSED] - All options with index in [2] are selected on object 'Object Repository/DispensaryToStore/Page_Dispensary Store/select_--Select--Schedule 1Inj'

2018-06-09 16:40:35 - [TEST_STEP][PASSED] - delay: Delayed 1 second(s)

2018-06-09 16:40:36 - [MESSAGE][PASSED] - Delayed 1 second(s)

2018-06-09 16:40:36 - [TEST_STEP][PASSED] - selectOptionByIndex: All options with index in [32] are selected on object 'Object Repository/DispensaryToStore/Page_Dispensary Store/select_--Select--Adernaline 0.'

2018-06-09 16:40:36 - [MESSAGE][PASSED] - All options with index in [32] are selected on object 'Object Repository/DispensaryToStore/Page_Dispensary Store/select_--Select--Adernaline 0.'

2018-06-09 16:40:36 - [TEST_STEP][PASSED] - delay: Delayed 1 second(s)

2018-06-09 16:40:37 - [MESSAGE][PASSED] - Delayed 1 second(s)

2018-06-09 16:40:37 - [TEST_STEP][PASSED] - setText: Text '10' is set on object 'Object Repository/DispensaryToStore/Page_Dispensary Store/input_txttreat'

2018-06-09 16:40:37 - [MESSAGE][PASSED] - Text '10' is set on object 'Object Repository/DispensaryToStore/Page_Dispensary Store/input_txttreat'

2018-06-09 16:40:37 - [TEST_STEP][PASSED] - click: Object: 'Object Repository/DispensaryToStore/Page_Dispensary Store/button_Add' is clicked on

2018-06-09 16:40:37 - [MESSAGE][PASSED] - Object: 'Object Repository/DispensaryToStore/Page_Dispensary Store/button_Add' is clicked on

2018-06-09 16:40:37 - [TEST_STEP][PASSED] - selectOptionByIndex: All options with index in [2] are selected on object 'Object Repository/DispensaryToStore/Page_Dispensary Store/select_--Select--Schedule 1Inj'

2018-06-09 16:40:38 - [MESSAGE][PASSED] - All options with index in [2] are selected on object 'Object Repository/DispensaryToStore/Page_Dispensary Store/select_--Select--Schedule 1Inj'

2018-06-09 16:40:38 - [TEST_STEP][PASSED] - delay: Delayed 1 second(s)

2018-06-09 16:40:39 - [MESSAGE][PASSED] - Delayed 1 second(s)

2018-06-09 16:40:39 - [TEST_STEP][PASSED] - selectOptionByIndex: All options with index in [33] are selected on object 'Object Repository/DispensaryToStore/Page_Dispensary Store/select_--Select--Adernaline 0.'

2018-06-09 16:40:39 - [MESSAGE][PASSED] - All options with index in [33] are selected on object 'Object Repository/DispensaryToStore/Page_Dispensary Store/select_--Select--Adernaline 0.'

2018-06-09 16:40:39 - [TEST_STEP][PASSED] - delay: Delayed 1 second(s)

2018-06-09 16:40:40 - [MESSAGE][PASSED] - Delayed 1 second(s)

2018-06-09 16:40:40 - [TEST_STEP][PASSED] - setText: Text '10' is set on object 'Object Repository/DispensaryToStore/Page_Dispensary Store/input_txttreat'

2018-06-09 16:40:40 - [MESSAGE][PASSED] - Text '10' is set on object 'Object Repository/DispensaryToStore/Page_Dispensary Store/input_txttreat'

2018-06-09 16:40:40 - [TEST_STEP][PASSED] - click: Object: 'Object Repository/DispensaryToStore/Page_Dispensary Store/button_Add' is clicked on

2018-06-09 16:40:40 - [MESSAGE][PASSED] - Object: 'Object Repository/DispensaryToStore/Page_Dispensary Store/button_Add' is clicked on

2018-06-09 16:40:40 - [TEST_STEP][PASSED] - selectOptionByIndex: All options with index in [2] are selected on object 'Object Repository/DispensaryToStore/Page_Dispensary Store/select_--Select--Schedule 1Inj'

2018-06-09 16:40:40 - [MESSAGE][PASSED] - All options with index in [2] are selected on object 'Object Repository/DispensaryToStore/Page_Dispensary Store/select_--Select--Schedule 1Inj'

2018-06-09 16:40:40 - [TEST_STEP][PASSED] - delay: Delayed 1 second(s)

2018-06-09 16:40:41 - [MESSAGE][PASSED] - Delayed 1 second(s)

2018-06-09 16:40:41 - [TEST_STEP][PASSED] - selectOptionByIndex: All options with index in [34] are selected on object 'Object Repository/DispensaryToStore/Page_Dispensary Store/select_--Select--Adernaline 0.'

2018-06-09 16:40:42 - [MESSAGE][PASSED] - All options with index in [34] are selected on object 'Object Repository/DispensaryToStore/Page_Dispensary Store/select_--Select--Adernaline 0.'

2018-06-09 16:40:42 - [TEST_STEP][PASSED] - delay: Delayed 1 second(s)

2018-06-09 16:40:43 - [MESSAGE][PASSED] - Delayed 1 second(s)

2018-06-09 16:40:43 - [TEST_STEP][PASSED] - setText: Text '10' is set on object 'Object Repository/DispensaryToStore/Page_Dispensary Store/input_txttreat'

2018-06-09 16:40:43 - [MESSAGE][PASSED] - Text '10' is set on object 'Object Repository/DispensaryToStore/Page_Dispensary Store/input_txttreat'

2018-06-09 16:40:43 - [TEST_STEP][PASSED] - click: Object: 'Object Repository/DispensaryToStore/Page_Dispensary Store/button_Add' is clicked on

2018-06-09 16:40:43 - [MESSAGE][PASSED] - Object: 'Object Repository/DispensaryToStore/Page_Dispensary Store/button_Add' is clicked on

2018-06-09 16:40:43 - [TEST_STEP][PASSED] - selectOptionByIndex: All options with index in [2] are selected on object 'Object Repository/DispensaryToStore/Page_Dispensary Store/select_--Select--Schedule 1Inj'

2018-06-09 16:40:43 - [MESSAGE][PASSED] - All options with index in [2] are selected on object 'Object Repository/DispensaryToStore/Page_Dispensary Store/select_--Select--Schedule 1Inj'

2018-06-09 16:40:43 - [TEST_STEP][PASSED] - delay: Delayed 1 second(s)

2018-06-09 16:40:44 - [MESSAGE][PASSED] - Delayed 1 second(s)

2018-06-09 16:40:44 - [TEST_STEP][PASSED] - selectOptionByIndex: All options with index in [35] are selected on object 'Object Repository/DispensaryToStore/Page_Dispensary Store/select_--Select--Adernaline 0.'

2018-06-09 16:40:45 - [MESSAGE][PASSED] - All options with index in [35] are selected on object 'Object Repository/DispensaryToStore/Page_Dispensary Store/select_--Select--Adernaline 0.'

2018-06-09 16:40:45 - [TEST_STEP][PASSED] - delay: Delayed 1 second(s)

2018-06-09 16:40:46 - [MESSAGE][PASSED] - Delayed 1 second(s)

2018-06-09 16:40:46 - [TEST_STEP][PASSED] - setText: Text '10' is set on object 'Object Repository/DispensaryToStore/Page_Dispensary Store/input_txttreat'

2018-06-09 16:40:46 - [MESSAGE][PASSED] - Text '10' is set on object 'Object Repository/DispensaryToStore/Page_Dispensary Store/input_txttreat'

2018-06-09 16:40:46 - [TEST_STEP][PASSED] - click: Object: 'Object Repository/DispensaryToStore/Page_Dispensary Store/button_Add' is clicked on

2018-06-09 16:40:46 - [MESSAGE][PASSED] - Object: 'Object Repository/DispensaryToStore/Page_Dispensary Store/button_Add' is clicked on

2018-06-09 16:40:46 - [TEST_STEP][PASSED] - selectOptionByIndex: All options with index in [2] are selected on object 'Object Repository/DispensaryToStore/Page_Dispensary Store/select_--Select--Schedule 1Inj'

2018-06-09 16:40:46 - [MESSAGE][PASSED] - All options with index in [2] are selected on object 'Object Repository/DispensaryToStore/Page_Dispensary Store/select_--Select--Schedule 1Inj'

2018-06-09 16:40:46 - [TEST_STEP][PASSED] - delay: Delayed 1 second(s)

2018-06-09 16:40:47 - [MESSAGE][PASSED] - Delayed 1 second(s)

2018-06-09 16:40:47 - [TEST_STEP][PASSED] - selectOptionByIndex: All options with index in [36] are selected on object 'Object Repository/DispensaryToStore/Page_Dispensary Store/select_--Select--Adernaline 0.'

2018-06-09 16:40:48 - [MESSAGE][PASSED] - All options with index in [36] are selected on object 'Object Repository/DispensaryToStore/Page_Dispensary Store/select_--Select--Adernaline 0.'

2018-06-09 16:40:48 - [TEST_STEP][PASSED] - delay: Delayed 1 second(s)

2018-06-09 16:40:49 - [MESSAGE][PASSED] - Delayed 1 second(s)

2018-06-09 16:40:49 - [TEST_STEP][PASSED] - setText: Text '10' is set on object 'Object Repository/DispensaryToStore/Page_Dispensary Store/input_txttreat'

2018-06-09 16:40:49 - [MESSAGE][PASSED] - Text '10' is set on object 'Object Repository/DispensaryToStore/Page_Dispensary Store/input_txttreat'

2018-06-09 16:40:49 - [TEST_STEP][PASSED] - click: Object: 'Object Repository/DispensaryToStore/Page_Dispensary Store/button_Add' is clicked on

2018-06-09 16:40:49 - [MESSAGE][PASSED] - Object: 'Object Repository/DispensaryToStore/Page_Dispensary Store/button_Add' is clicked on

2018-06-09 16:40:49 - [TEST_STEP][PASSED] - selectOptionByIndex: All options with index in [2] are selected on object 'Object Repository/DispensaryToStore/Page_Dispensary Store/select_--Select--Schedule 1Inj'

2018-06-09 16:40:49 - [MESSAGE][PASSED] - All options with index in [2] are selected on object 'Object Repository/DispensaryToStore/Page_Dispensary Store/select_--Select--Schedule 1Inj'

2018-06-09 16:40:49 - [TEST_STEP][PASSED] - delay: Delayed 1 second(s)

2018-06-09 16:40:50 - [MESSAGE][PASSED] - Delayed 1 second(s)

2018-06-09 16:40:50 - [TEST_STEP][PASSED] - selectOptionByIndex: All options with index in [37] are selected on object 'Object Repository/DispensaryToStore/Page_Dispensary Store/select_--Select--Adernaline 0.'

2018-06-09 16:40:50 - [MESSAGE][PASSED] - All options with index in [37] are selected on object 'Object Repository/DispensaryToStore/Page_Dispensary Store/select_--Select--Adernaline 0.'

2018-06-09 16:40:50 - [TEST_STEP][PASSED] - delay: Delayed 1 second(s)

2018-06-09 16:40:51 - [MESSAGE][PASSED] - Delayed 1 second(s)

2018-06-09 16:40:51 - [TEST_STEP][PASSED] - setText: Text '10' is set on object 'Object Repository/DispensaryToStore/Page_Dispensary Store/input_txttreat'

2018-06-09 16:40:52 - [MESSAGE][PASSED] - Text '10' is set on object 'Object Repository/DispensaryToStore/Page_Dispensary Store/input_txttreat'

2018-06-09 16:40:52 - [TEST_STEP][PASSED] - click: Object: 'Object Repository/DispensaryToStore/Page_Dispensary Store/button_Add' is clicked on

2018-06-09 16:40:52 - [MESSAGE][PASSED] - Object: 'Object Repository/DispensaryToStore/Page_Dispensary Store/button_Add' is clicked on

2018-06-09 16:40:52 - [TEST_STEP][PASSED] - selectOptionByIndex: All options with index in [2] are selected on object 'Object Repository/DispensaryToStore/Page_Dispensary Store/select_--Select--Schedule 1Inj'

2018-06-09 16:40:52 - [MESSAGE][PASSED] - All options with index in [2] are selected on object 'Object Repository/DispensaryToStore/Page_Dispensary Store/select_--Select--Schedule 1Inj'

2018-06-09 16:40:52 - [TEST_STEP][PASSED] - delay: Delayed 1 second(s)

2018-06-09 16:40:53 - [MESSAGE][PASSED] - Delayed 1 second(s)

2018-06-09 16:40:53 - [TEST_STEP][PASSED] - selectOptionByIndex: All options with index in [38] are selected on object 'Object Repository/DispensaryToStore/Page_Dispensary Store/select_--Select--Adernaline 0.'

2018-06-09 16:40:53 - [MESSAGE][PASSED] - All options with index in [38] are selected on object 'Object Repository/DispensaryToStore/Page_Dispensary Store/select_--Select--Adernaline 0.'

2018-06-09 16:40:53 - [TEST_STEP][PASSED] - delay: Delayed 1 second(s)

2018-06-09 16:40:54 - [MESSAGE][PASSED] - Delayed 1 second(s)

2018-06-09 16:40:54 - [TEST_STEP][PASSED] - setText: Text '10' is set on object 'Object Repository/DispensaryToStore/Page_Dispensary Store/input_txttreat'

2018-06-09 16:40:54 - [MESSAGE][PASSED] - Text '10' is set on object 'Object Repository/DispensaryToStore/Page_Dispensary Store/input_txttreat'

2018-06-09 16:40:54 - [TEST_STEP][PASSED] - click: Object: 'Object Repository/DispensaryToStore/Page_Dispensary Store/button_Add' is clicked on

2018-06-09 16:40:54 - [MESSAGE][PASSED] - Object: 'Object Repository/DispensaryToStore/Page_Dispensary Store/button_Add' is clicked on

2018-06-09 16:40:54 - [TEST_STEP][PASSED] - selectOptionByIndex: All options with index in [2] are selected on object 'Object Repository/DispensaryToStore/Page_Dispensary Store/select_--Select--Schedule 1Inj'

2018-06-09 16:40:55 - [MESSAGE][PASSED] - All options with index in [2] are selected on object 'Object Repository/DispensaryToStore/Page_Dispensary Store/select_--Select--Schedule 1Inj'

2018-06-09 16:40:55 - [TEST_STEP][PASSED] - delay: Delayed 1 second(s)

2018-06-09 16:40:56 - [MESSAGE][PASSED] - Delayed 1 second(s)

2018-06-09 16:40:56 - [TEST_STEP][PASSED] - selectOptionByIndex: All options with index in [39] are selected on object 'Object Repository/DispensaryToStore/Page_Dispensary Store/select_--Select--Adernaline 0.'

2018-06-09 16:40:56 - [MESSAGE][PASSED] - All options with index in [39] are selected on object 'Object Repository/DispensaryToStore/Page_Dispensary Store/select_--Select--Adernaline 0.'

2018-06-09 16:40:56 - [TEST_STEP][PASSED] - delay: Delayed 1 second(s)

2018-06-09 16:40:57 - [MESSAGE][PASSED] - Delayed 1 second(s)

2018-06-09 16:40:57 - [TEST_STEP][PASSED] - setText: Text '10' is set on object 'Object Repository/DispensaryToStore/Page_Dispensary Store/input_txttreat'

2018-06-09 16:40:57 - [MESSAGE][PASSED] - Text '10' is set on object 'Object Repository/DispensaryToStore/Page_Dispensary Store/input_txttreat'

2018-06-09 16:40:57 - [TEST_STEP][PASSED] - click: Object: 'Object Repository/DispensaryToStore/Page_Dispensary Store/button_Add' is clicked on

2018-06-09 16:40:57 - [MESSAGE][PASSED] - Object: 'Object Repository/DispensaryToStore/Page_Dispensary Store/button_Add' is clicked on

2018-06-09 16:40:57 - [TEST_STEP][PASSED] - selectOptionByIndex: All options with index in [2] are selected on object 'Object Repository/DispensaryToStore/Page_Dispensary Store/select_--Select--Schedule 1Inj'

2018-06-09 16:40:58 - [MESSAGE][PASSED] - All options with index in [2] are selected on object 'Object Repository/DispensaryToStore/Page_Dispensary Store/select_--Select--Schedule 1Inj'

2018-06-09 16:40:58 - [TEST_STEP][PASSED] - delay: Delayed 1 second(s)

2018-06-09 16:40:59 - [MESSAGE][PASSED] - Delayed 1 second(s)

2018-06-09 16:40:59 - [TEST_STEP][PASSED] - selectOptionByIndex: All options with index in [40] are selected on object 'Object Repository/DispensaryToStore/Page_Dispensary Store/select_--Select--Adernaline 0.'

2018-06-09 16:40:59 - [MESSAGE][PASSED] - All options with index in [40] are selected on object 'Object Repository/DispensaryToStore/Page_Dispensary Store/select_--Select--Adernaline 0.'

2018-06-09 16:40:59 - [TEST_STEP][PASSED] - delay: Delayed 1 second(s)

2018-06-09 16:41:00 - [MESSAGE][PASSED] - Delayed 1 second(s)

2018-06-09 16:41:00 - [TEST_STEP][PASSED] - setText: Text '10' is set on object 'Object Repository/DispensaryToStore/Page_Dispensary Store/input_txttreat'

2018-06-09 16:41:00 - [MESSAGE][PASSED] - Text '10' is set on object 'Object Repository/DispensaryToStore/Page_Dispensary Store/input_txttreat'

2018-06-09 16:41:00 - [TEST_STEP][PASSED] - click: Object: 'Object Repository/DispensaryToStore/Page_Dispensary Store/button_Add' is clicked on

2018-06-09 16:41:00 - [MESSAGE][PASSED] - Object: 'Object Repository/DispensaryToStore/Page_Dispensary Store/button_Add' is clicked on

2018-06-09 16:41:00 - [TEST_STEP][PASSED] - selectOptionByIndex: All options with index in [2] are selected on object 'Object Repository/DispensaryToStore/Page_Dispensary Store/select_--Select--Schedule 1Inj'

2018-06-09 16:41:00 - [MESSAGE][PASSED] - All options with index in [2] are selected on object 'Object Repository/DispensaryToStore/Page_Dispensary Store/select_--Select--Schedule 1Inj'

2018-06-09 16:41:00 - [TEST_STEP][PASSED] - delay: Delayed 1 second(s)

2018-06-09 16:41:01 - [MESSAGE][PASSED] - Delayed 1 second(s)

2018-06-09 16:41:01 - [TEST_STEP][PASSED] - selectOptionByIndex: All options with index in [41] are selected on object 'Object Repository/DispensaryToStore/Page_Dispensary Store/select_--Select--Adernaline 0.'

2018-06-09 16:41:02 - [MESSAGE][PASSED] - All options with index in [41] are selected on object 'Object Repository/DispensaryToStore/Page_Dispensary Store/select_--Select--Adernaline 0.'

2018-06-09 16:41:02 - [TEST_STEP][PASSED] - delay: Delayed 1 second(s)

2018-06-09 16:41:03 - [MESSAGE][PASSED] - Delayed 1 second(s)

2018-06-09 16:41:03 - [TEST_STEP][PASSED] - setText: Text '10' is set on object 'Object Repository/DispensaryToStore/Page_Dispensary Store/input_txttreat'

2018-06-09 16:41:03 - [MESSAGE][PASSED] - Text '10' is set on object 'Object Repository/DispensaryToStore/Page_Dispensary Store/input_txttreat'

2018-06-09 16:41:03 - [TEST_STEP][PASSED] - click: Object: 'Object Repository/DispensaryToStore/Page_Dispensary Store/button_Add' is clicked on

2018-06-09 16:41:03 - [MESSAGE][PASSED] - Object: 'Object Repository/DispensaryToStore/Page_Dispensary Store/button_Add' is clicked on

2018-06-09 16:41:03 - [TEST_STEP][PASSED] - selectOptionByIndex: All options with index in [2] are selected on object 'Object Repository/DispensaryToStore/Page_Dispensary Store/select_--Select--Schedule 1Inj'

2018-06-09 16:41:03 - [MESSAGE][PASSED] - All options with index in [2] are selected on object 'Object Repository/DispensaryToStore/Page_Dispensary Store/select_--Select--Schedule 1Inj'

2018-06-09 16:41:03 - [TEST_STEP][PASSED] - delay: Delayed 1 second(s)

2018-06-09 16:41:04 - [MESSAGE][PASSED] - Delayed 1 second(s)

2018-06-09 16:41:04 - [TEST_STEP][PASSED] - selectOptionByIndex: All options with index in [42] are selected on object 'Object Repository/DispensaryToStore/Page_Dispensary Store/select_--Select--Adernaline 0.'

2018-06-09 16:41:05 - [MESSAGE][PASSED] - All options with index in [42] are selected on object 'Object Repository/DispensaryToStore/Page_Dispensary Store/select_--Select--Adernaline 0.'

2018-06-09 16:41:05 - [TEST_STEP][PASSED] - delay: Delayed 1 second(s)

2018-06-09 16:41:06 - [MESSAGE][PASSED] - Delayed 1 second(s)

2018-06-09 16:41:06 - [TEST_STEP][PASSED] - setText: Text '10' is set on object 'Object Repository/DispensaryToStore/Page_Dispensary Store/input_txttreat'

2018-06-09 16:41:06 - [MESSAGE][PASSED] - Text '10' is set on object 'Object Repository/DispensaryToStore/Page_Dispensary Store/input_txttreat'

2018-06-09 16:41:06 - [TEST_STEP][PASSED] - click: Object: 'Object Repository/DispensaryToStore/Page_Dispensary Store/button_Add' is clicked on

2018-06-09 16:41:06 - [MESSAGE][PASSED] - Object: 'Object Repository/DispensaryToStore/Page_Dispensary Store/button_Add' is clicked on

2018-06-09 16:41:06 - [TEST_STEP][PASSED] - selectOptionByIndex: All options with index in [2] are selected on object 'Object Repository/DispensaryToStore/Page_Dispensary Store/select_--Select--Schedule 1Inj'

2018-06-09 16:41:06 - [MESSAGE][PASSED] - All options with index in [2] are selected on object 'Object Repository/DispensaryToStore/Page_Dispensary Store/select_--Select--Schedule 1Inj'

2018-06-09 16:41:06 - [TEST_STEP][PASSED] - delay: Delayed 1 second(s)

2018-06-09 16:41:07 - [MESSAGE][PASSED] - Delayed 1 second(s)

2018-06-09 16:41:07 - [TEST_STEP][PASSED] - selectOptionByIndex: All options with index in [43] are selected on object 'Object Repository/DispensaryToStore/Page_Dispensary Store/select_--Select--Adernaline 0.'

2018-06-09 16:41:08 - [MESSAGE][PASSED] - All options with index in [43] are selected on object 'Object Repository/DispensaryToStore/Page_Dispensary Store/select_--Select--Adernaline 0.'

2018-06-09 16:41:08 - [TEST_STEP][PASSED] - delay: Delayed 1 second(s)

2018-06-09 16:41:09 - [MESSAGE][PASSED] - Delayed 1 second(s)

2018-06-09 16:41:09 - [TEST_STEP][PASSED] - setText: Text '10' is set on object 'Object Repository/DispensaryToStore/Page_Dispensary Store/input_txttreat'

2018-06-09 16:41:09 - [MESSAGE][PASSED] - Text '10' is set on object 'Object Repository/DispensaryToStore/Page_Dispensary Store/input_txttreat'

2018-06-09 16:41:09 - [TEST_STEP][PASSED] - click: Object: 'Object Repository/DispensaryToStore/Page_Dispensary Store/button_Add' is clicked on

2018-06-09 16:41:09 - [MESSAGE][PASSED] - Object: 'Object Repository/DispensaryToStore/Page_Dispensary Store/button_Add' is clicked on

2018-06-09 16:41:09 - [TEST_STEP][PASSED] - selectOptionByIndex: All options with index in [2] are selected on object 'Object Repository/DispensaryToStore/Page_Dispensary Store/select_--Select--Schedule 1Inj'

2018-06-09 16:41:09 - [MESSAGE][PASSED] - All options with index in [2] are selected on object 'Object Repository/DispensaryToStore/Page_Dispensary Store/select_--Select--Schedule 1Inj'

2018-06-09 16:41:09 - [TEST_STEP][PASSED] - delay: Delayed 1 second(s)

2018-06-09 16:41:10 - [MESSAGE][PASSED] - Delayed 1 second(s)

2018-06-09 16:41:10 - [TEST_STEP][PASSED] - selectOptionByIndex: All options with index in [44] are selected on object 'Object Repository/DispensaryToStore/Page_Dispensary Store/select_--Select--Adernaline 0.'

2018-06-09 16:41:11 - [MESSAGE][PASSED] - All options with index in [44] are selected on object 'Object Repository/DispensaryToStore/Page_Dispensary Store/select_--Select--Adernaline 0.'

2018-06-09 16:41:11 - [TEST_STEP][PASSED] - delay: Delayed 1 second(s)

2018-06-09 16:41:12 - [MESSAGE][PASSED] - Delayed 1 second(s)

2018-06-09 16:41:12 - [TEST_STEP][PASSED] - setText: Text '10' is set on object 'Object Repository/DispensaryToStore/Page_Dispensary Store/input_txttreat'

2018-06-09 16:41:12 - [MESSAGE][PASSED] - Text '10' is set on object 'Object Repository/DispensaryToStore/Page_Dispensary Store/input_txttreat'

2018-06-09 16:41:12 - [TEST_STEP][PASSED] - click: Object: 'Object Repository/DispensaryToStore/Page_Dispensary Store/button_Add' is clicked on

2018-06-09 16:41:12 - [MESSAGE][PASSED] - Object: 'Object Repository/DispensaryToStore/Page_Dispensary Store/button_Add' is clicked on

2018-06-09 16:41:12 - [TEST_STEP][PASSED] - selectOptionByIndex: All options with index in [2] are selected on object 'Object Repository/DispensaryToStore/Page_Dispensary Store/select_--Select--Schedule 1Inj'

2018-06-09 16:41:12 - [MESSAGE][PASSED] - All options with index in [2] are selected on object 'Object Repository/DispensaryToStore/Page_Dispensary Store/select_--Select--Schedule 1Inj'

2018-06-09 16:41:12 - [TEST_STEP][PASSED] - delay: Delayed 1 second(s)

2018-06-09 16:41:13 - [MESSAGE][PASSED] - Delayed 1 second(s)

2018-06-09 16:41:13 - [TEST_STEP][PASSED] - selectOptionByIndex: All options with index in [45] are selected on object 'Object Repository/DispensaryToStore/Page_Dispensary Store/select_--Select--Adernaline 0.'

2018-06-09 16:41:14 - [MESSAGE][PASSED] - All options with index in [45] are selected on object 'Object Repository/DispensaryToStore/Page_Dispensary Store/select_--Select--Adernaline 0.'

2018-06-09 16:41:14 - [TEST_STEP][PASSED] - delay: Delayed 1 second(s)

2018-06-09 16:41:15 - [MESSAGE][PASSED] - Delayed 1 second(s)

2018-06-09 16:41:15 - [TEST_STEP][PASSED] - setText: Text '10' is set on object 'Object Repository/DispensaryToStore/Page_Dispensary Store/input_txttreat'

2018-06-09 16:41:15 - [MESSAGE][PASSED] - Text '10' is set on object 'Object Repository/DispensaryToStore/Page_Dispensary Store/input_txttreat'

2018-06-09 16:41:15 - [TEST_STEP][PASSED] - click: Object: 'Object Repository/DispensaryToStore/Page_Dispensary Store/button_Add' is clicked on

2018-06-09 16:41:15 - [MESSAGE][PASSED] - Object: 'Object Repository/DispensaryToStore/Page_Dispensary Store/button_Add' is clicked on

2018-06-09 16:41:15 - [TEST_STEP][PASSED] - selectOptionByIndex: All options with index in [2] are selected on object 'Object Repository/DispensaryToStore/Page_Dispensary Store/select_--Select--Schedule 1Inj'

2018-06-09 16:41:15 - [MESSAGE][PASSED] - All options with index in [2] are selected on object 'Object Repository/DispensaryToStore/Page_Dispensary Store/select_--Select--Schedule 1Inj'

2018-06-09 16:41:15 - [TEST_STEP][PASSED] - delay: Delayed 1 second(s)

2018-06-09 16:41:16 - [MESSAGE][PASSED] - Delayed 1 second(s)

2018-06-09 16:41:16 - [TEST_STEP][PASSED] - selectOptionByIndex: All options with index in [46] are selected on object 'Object Repository/DispensaryToStore/Page_Dispensary Store/select_--Select--Adernaline 0.'

2018-06-09 16:41:17 - [MESSAGE][PASSED] - All options with index in [46] are selected on object 'Object Repository/DispensaryToStore/Page_Dispensary Store/select_--Select--Adernaline 0.'

2018-06-09 16:41:17 - [TEST_STEP][PASSED] - delay: Delayed 1 second(s)

2018-06-09 16:41:18 - [MESSAGE][PASSED] - Delayed 1 second(s)

2018-06-09 16:41:18 - [TEST_STEP][PASSED] - setText: Text '10' is set on object 'Object Repository/DispensaryToStore/Page_Dispensary Store/input_txttreat'

2018-06-09 16:41:18 - [MESSAGE][PASSED] - Text '10' is set on object 'Object Repository/DispensaryToStore/Page_Dispensary Store/input_txttreat'

2018-06-09 16:41:18 - [TEST_STEP][PASSED] - click: Object: 'Object Repository/DispensaryToStore/Page_Dispensary Store/button_Add' is clicked on

2018-06-09 16:41:18 - [MESSAGE][PASSED] - Object: 'Object Repository/DispensaryToStore/Page_Dispensary Store/button_Add' is clicked on

2018-06-09 16:41:18 - [TEST_STEP][PASSED] - selectOptionByIndex: All options with index in [2] are selected on object 'Object Repository/DispensaryToStore/Page_Dispensary Store/select_--Select--Schedule 1Inj'

2018-06-09 16:41:18 - [MESSAGE][PASSED] - All options with index in [2] are selected on object 'Object Repository/DispensaryToStore/Page_Dispensary Store/select_--Select--Schedule 1Inj'

2018-06-09 16:41:18 - [TEST_STEP][PASSED] - delay: Delayed 1 second(s)

2018-06-09 16:41:19 - [MESSAGE][PASSED] - Delayed 1 second(s)

2018-06-09 16:41:19 - [TEST_STEP][PASSED] - selectOptionByIndex: All options with index in [47] are selected on object 'Object Repository/DispensaryToStore/Page_Dispensary Store/select_--Select--Adernaline 0.'

2018-06-09 16:41:20 - [MESSAGE][PASSED] - All options with index in [47] are selected on object 'Object Repository/DispensaryToStore/Page_Dispensary Store/select_--Select--Adernaline 0.'

2018-06-09 16:41:20 - [TEST_STEP][PASSED] - delay: Delayed 1 second(s)

2018-06-09 16:41:21 - [MESSAGE][PASSED] - Delayed 1 second(s)

2018-06-09 16:41:21 - [TEST_STEP][PASSED] - setText: Text '10' is set on object 'Object Repository/DispensaryToStore/Page_Dispensary Store/input_txttreat'

2018-06-09 16:41:21 - [MESSAGE][PASSED] - Text '10' is set on object 'Object Repository/DispensaryToStore/Page_Dispensary Store/input_txttreat'

2018-06-09 16:41:21 - [TEST_STEP][PASSED] - click: Object: 'Object Repository/DispensaryToStore/Page_Dispensary Store/button_Add' is clicked on

2018-06-09 16:41:21 - [MESSAGE][PASSED] - Object: 'Object Repository/DispensaryToStore/Page_Dispensary Store/button_Add' is clicked on

2018-06-09 16:41:21 - [TEST_STEP][PASSED] - selectOptionByIndex: All options with index in [2] are selected on object 'Object Repository/DispensaryToStore/Page_Dispensary Store/select_--Select--Schedule 1Inj'

2018-06-09 16:41:21 - [MESSAGE][PASSED] - All options with index in [2] are selected on object 'Object Repository/DispensaryToStore/Page_Dispensary Store/select_--Select--Schedule 1Inj'

2018-06-09 16:41:21 - [TEST_STEP][PASSED] - delay: Delayed 1 second(s)

2018-06-09 16:41:22 - [MESSAGE][PASSED] - Delayed 1 second(s)

2018-06-09 16:41:22 - [TEST_STEP][PASSED] - selectOptionByIndex: All options with index in [48] are selected on object 'Object Repository/DispensaryToStore/Page_Dispensary Store/select_--Select--Adernaline 0.'

2018-06-09 16:41:23 - [MESSAGE][PASSED] - All options with index in [48] are selected on object 'Object Repository/DispensaryToStore/Page_Dispensary Store/select_--Select--Adernaline 0.'

2018-06-09 16:41:23 - [TEST_STEP][PASSED] - delay: Delayed 1 second(s)

2018-06-09 16:41:24 - [MESSAGE][PASSED] - Delayed 1 second(s)

2018-06-09 16:41:24 - [TEST_STEP][PASSED] - setText: Text '10' is set on object 'Object Repository/DispensaryToStore/Page_Dispensary Store/input_txttreat'

2018-06-09 16:41:24 - [MESSAGE][PASSED] - Text '10' is set on object 'Object Repository/DispensaryToStore/Page_Dispensary Store/input_txttreat'

2018-06-09 16:41:24 - [TEST_STEP][PASSED] - click: Object: 'Object Repository/DispensaryToStore/Page_Dispensary Store/button_Add' is clicked on

2018-06-09 16:41:24 - [MESSAGE][PASSED] - Object: 'Object Repository/DispensaryToStore/Page_Dispensary Store/button_Add' is clicked on

2018-06-09 16:41:24 - [TEST_STEP][PASSED] - selectOptionByIndex: All options with index in [2] are selected on object 'Object Repository/DispensaryToStore/Page_Dispensary Store/select_--Select--Schedule 1Inj'

2018-06-09 16:41:24 - [MESSAGE][PASSED] - All options with index in [2] are selected on object 'Object Repository/DispensaryToStore/Page_Dispensary Store/select_--Select--Schedule 1Inj'

2018-06-09 16:41:24 - [TEST_STEP][PASSED] - delay: Delayed 1 second(s)

2018-06-09 16:41:25 - [MESSAGE][PASSED] - Delayed 1 second(s)

2018-06-09 16:41:25 - [TEST_STEP][PASSED] - selectOptionByIndex: All options with index in [49] are selected on object 'Object Repository/DispensaryToStore/Page_Dispensary Store/select_--Select--Adernaline 0.'

2018-06-09 16:41:26 - [MESSAGE][PASSED] - All options with index in [49] are selected on object 'Object Repository/DispensaryToStore/Page_Dispensary Store/select_--Select--Adernaline 0.'

2018-06-09 16:41:26 - [TEST_STEP][PASSED] - delay: Delayed 1 second(s)

2018-06-09 16:41:27 - [MESSAGE][PASSED] - Delayed 1 second(s)

2018-06-09 16:41:27 - [TEST_STEP][PASSED] - setText: Text '10' is set on object 'Object Repository/DispensaryToStore/Page_Dispensary Store/input_txttreat'

2018-06-09 16:41:27 - [MESSAGE][PASSED] - Text '10' is set on object 'Object Repository/DispensaryToStore/Page_Dispensary Store/input_txttreat'

2018-06-09 16:41:27 - [TEST_STEP][PASSED] - click: Object: 'Object Repository/DispensaryToStore/Page_Dispensary Store/button_Add' is clicked on

2018-06-09 16:41:27 - [MESSAGE][PASSED] - Object: 'Object Repository/DispensaryToStore/Page_Dispensary Store/button_Add' is clicked on

2018-06-09 16:41:27 - [TEST_STEP][PASSED] - selectOptionByIndex: All options with index in [2] are selected on object 'Object Repository/DispensaryToStore/Page_Dispensary Store/select_--Select--Schedule 1Inj'

2018-06-09 16:41:27 - [MESSAGE][PASSED] - All options with index in [2] are selected on object 'Object Repository/DispensaryToStore/Page_Dispensary Store/select_--Select--Schedule 1Inj'

2018-06-09 16:41:27 - [TEST_STEP][PASSED] - delay: Delayed 1 second(s)

2018-06-09 16:41:28 - [MESSAGE][PASSED] - Delayed 1 second(s)

2018-06-09 16:41:28 - [TEST_STEP][PASSED] - selectOptionByIndex: All options with index in [50] are selected on object 'Object Repository/DispensaryToStore/Page_Dispensary Store/select_--Select--Adernaline 0.'

2018-06-09 16:41:29 - [MESSAGE][PASSED] - All options with index in [50] are selected on object 'Object Repository/DispensaryToStore/Page_Dispensary Store/select_--Select--Adernaline 0.'

2018-06-09 16:41:29 - [TEST_STEP][PASSED] - delay: Delayed 1 second(s)

2018-06-09 16:41:30 - [MESSAGE][PASSED] - Delayed 1 second(s)

2018-06-09 16:41:30 - [TEST_STEP][PASSED] - setText: Text '10' is set on object 'Object Repository/DispensaryToStore/Page_Dispensary Store/input_txttreat'

2018-06-09 16:41:30 - [MESSAGE][PASSED] - Text '10' is set on object 'Object Repository/DispensaryToStore/Page_Dispensary Store/input_txttreat'

2018-06-09 16:41:30 - [TEST_STEP][PASSED] - click: Object: 'Object Repository/DispensaryToStore/Page_Dispensary Store/button_Add' is clicked on

2018-06-09 16:41:30 - [MESSAGE][PASSED] - Object: 'Object Repository/DispensaryToStore/Page_Dispensary Store/button_Add' is clicked on

2018-06-09 16:41:30 - [TEST_STEP][PASSED] - selectOptionByIndex: All options with index in [2] are selected on object 'Object Repository/DispensaryToStore/Page_Dispensary Store/select_--Select--Schedule 1Inj'

2018-06-09 16:41:30 - [MESSAGE][PASSED] - All options with index in [2] are selected on object 'Object Repository/DispensaryToStore/Page_Dispensary Store/select_--Select--Schedule 1Inj'

2018-06-09 16:41:30 - [TEST_STEP][PASSED] - delay: Delayed 1 second(s)

2018-06-09 16:41:31 - [MESSAGE][PASSED] - Delayed 1 second(s)

2018-06-09 16:41:31 - [TEST_STEP][PASSED] - selectOptionByIndex: All options with index in [51] are selected on object 'Object Repository/DispensaryToStore/Page_Dispensary Store/select_--Select--Adernaline 0.'

2018-06-09 16:41:32 - [MESSAGE][PASSED] - All options with index in [51] are selected on object 'Object Repository/DispensaryToStore/Page_Dispensary Store/select_--Select--Adernaline 0.'

2018-06-09 16:41:32 - [TEST_STEP][PASSED] - delay: Delayed 1 second(s)

2018-06-09 16:41:33 - [MESSAGE][PASSED] - Delayed 1 second(s)

2018-06-09 16:41:33 - [TEST_STEP][PASSED] - setText: Text '10' is set on object 'Object Repository/DispensaryToStore/Page_Dispensary Store/input_txttreat'

2018-06-09 16:41:33 - [MESSAGE][PASSED] - Text '10' is set on object 'Object Repository/DispensaryToStore/Page_Dispensary Store/input_txttreat'

2018-06-09 16:41:33 - [TEST_STEP][PASSED] - click: Object: 'Object Repository/DispensaryToStore/Page_Dispensary Store/button_Add' is clicked on

2018-06-09 16:41:33 - [MESSAGE][PASSED] - Object: 'Object Repository/DispensaryToStore/Page_Dispensary Store/button_Add' is clicked on

2018-06-09 16:41:33 - [TEST_STEP][PASSED] - selectOptionByIndex: All options with index in [2] are selected on object 'Object Repository/DispensaryToStore/Page_Dispensary Store/select_--Select--Schedule 1Inj'

2018-06-09 16:41:33 - [MESSAGE][PASSED] - All options with index in [2] are selected on object 'Object Repository/DispensaryToStore/Page_Dispensary Store/select_--Select--Schedule 1Inj'

2018-06-09 16:41:33 - [TEST_STEP][PASSED] - delay: Delayed 1 second(s)

2018-06-09 16:41:34 - [MESSAGE][PASSED] - Delayed 1 second(s)

2018-06-09 16:41:34 - [TEST_STEP][PASSED] - selectOptionByIndex: All options with index in [52] are selected on object 'Object Repository/DispensaryToStore/Page_Dispensary Store/select_--Select--Adernaline 0.'

2018-06-09 16:41:35 - [MESSAGE][PASSED] - All options with index in [52] are selected on object 'Object Repository/DispensaryToStore/Page_Dispensary Store/select_--Select--Adernaline 0.'

2018-06-09 16:41:35 - [TEST_STEP][PASSED] - delay: Delayed 1 second(s)

2018-06-09 16:41:36 - [MESSAGE][PASSED] - Delayed 1 second(s)

2018-06-09 16:41:36 - [TEST_STEP][PASSED] - setText: Text '10' is set on object 'Object Repository/DispensaryToStore/Page_Dispensary Store/input_txttreat'

2018-06-09 16:41:36 - [MESSAGE][PASSED] - Text '10' is set on object 'Object Repository/DispensaryToStore/Page_Dispensary Store/input_txttreat'

2018-06-09 16:41:36 - [TEST_STEP][PASSED] - click: Object: 'Object Repository/DispensaryToStore/Page_Dispensary Store/button_Add' is clicked on

2018-06-09 16:41:36 - [MESSAGE][PASSED] - Object: 'Object Repository/DispensaryToStore/Page_Dispensary Store/button_Add' is clicked on

2018-06-09 16:41:36 - [TEST_STEP][PASSED] - selectOptionByIndex: All options with index in [2] are selected on object 'Object Repository/DispensaryToStore/Page_Dispensary Store/select_--Select--Schedule 1Inj'

2018-06-09 16:41:36 - [MESSAGE][PASSED] - All options with index in [2] are selected on object 'Object Repository/DispensaryToStore/Page_Dispensary Store/select_--Select--Schedule 1Inj'

2018-06-09 16:41:36 - [TEST_STEP][PASSED] - delay: Delayed 1 second(s)

2018-06-09 16:41:37 - [MESSAGE][PASSED] - Delayed 1 second(s)

2018-06-09 16:41:37 - [TEST_STEP][PASSED] - selectOptionByIndex: All options with index in [53] are selected on object 'Object Repository/DispensaryToStore/Page_Dispensary Store/select_--Select--Adernaline 0.'

2018-06-09 16:41:38 - [MESSAGE][PASSED] - All options with index in [53] are selected on object 'Object Repository/DispensaryToStore/Page_Dispensary Store/select_--Select--Adernaline 0.'

2018-06-09 16:41:38 - [TEST_STEP][PASSED] - delay: Delayed 1 second(s)

2018-06-09 16:41:39 - [MESSAGE][PASSED] - Delayed 1 second(s)

2018-06-09 16:41:39 - [TEST_STEP][PASSED] - setText: Text '10' is set on object 'Object Repository/DispensaryToStore/Page_Dispensary Store/input_txttreat'

2018-06-09 16:41:39 - [MESSAGE][PASSED] - Text '10' is set on object 'Object Repository/DispensaryToStore/Page_Dispensary Store/input_txttreat'

2018-06-09 16:41:39 - [TEST_STEP][PASSED] - click: Object: 'Object Repository/DispensaryToStore/Page_Dispensary Store/button_Add' is clicked on

2018-06-09 16:41:39 - [MESSAGE][PASSED] - Object: 'Object Repository/DispensaryToStore/Page_Dispensary Store/button_Add' is clicked on

2018-06-09 16:41:39 - [TEST_STEP][PASSED] - selectOptionByIndex: All options with index in [2] are selected on object 'Object Repository/DispensaryToStore/Page_Dispensary Store/select_--Select--Schedule 1Inj'

2018-06-09 16:41:39 - [MESSAGE][PASSED] - All options with index in [2] are selected on object 'Object Repository/DispensaryToStore/Page_Dispensary Store/select_--Select--Schedule 1Inj'

2018-06-09 16:41:39 - [TEST_STEP][PASSED] - delay: Delayed 1 second(s)

2018-06-09 16:41:40 - [MESSAGE][PASSED] - Delayed 1 second(s)

2018-06-09 16:41:40 - [TEST_STEP][PASSED] - selectOptionByIndex: All options with index in [54] are selected on object 'Object Repository/DispensaryToStore/Page_Dispensary Store/select_--Select--Adernaline 0.'

2018-06-09 16:41:41 - [MESSAGE][PASSED] - All options with index in [54] are selected on object 'Object Repository/DispensaryToStore/Page_Dispensary Store/select_--Select--Adernaline 0.'

2018-06-09 16:41:41 - [TEST_STEP][PASSED] - delay: Delayed 1 second(s)

2018-06-09 16:41:42 - [MESSAGE][PASSED] - Delayed 1 second(s)

2018-06-09 16:41:42 - [TEST_STEP][PASSED] - setText: Text '10' is set on object 'Object Repository/DispensaryToStore/Page_Dispensary Store/input_txttreat'

2018-06-09 16:41:42 - [MESSAGE][PASSED] - Text '10' is set on object 'Object Repository/DispensaryToStore/Page_Dispensary Store/input_txttreat'

2018-06-09 16:41:42 - [TEST_STEP][PASSED] - click: Object: 'Object Repository/DispensaryToStore/Page_Dispensary Store/button_Add' is clicked on

2018-06-09 16:41:42 - [MESSAGE][PASSED] - Object: 'Object Repository/DispensaryToStore/Page_Dispensary Store/button_Add' is clicked on

2018-06-09 16:41:42 - [TEST_STEP][PASSED] - selectOptionByIndex: All options with index in [2] are selected on object 'Object Repository/DispensaryToStore/Page_Dispensary Store/select_--Select--Schedule 1Inj'

2018-06-09 16:41:42 - [MESSAGE][PASSED] - All options with index in [2] are selected on object 'Object Repository/DispensaryToStore/Page_Dispensary Store/select_--Select--Schedule 1Inj'

2018-06-09 16:41:42 - [TEST_STEP][PASSED] - delay: Delayed 1 second(s)

2018-06-09 16:41:43 - [MESSAGE][PASSED] - Delayed 1 second(s)

2018-06-09 16:41:43 - [TEST_STEP][PASSED] - selectOptionByIndex: All options with index in [55] are selected on object 'Object Repository/DispensaryToStore/Page_Dispensary Store/select_--Select--Adernaline 0.'

2018-06-09 16:41:44 - [MESSAGE][PASSED] - All options with index in [55] are selected on object 'Object Repository/DispensaryToStore/Page_Dispensary Store/select_--Select--Adernaline 0.'

2018-06-09 16:41:44 - [TEST_STEP][PASSED] - delay: Delayed 1 second(s)

2018-06-09 16:41:45 - [MESSAGE][PASSED] - Delayed 1 second(s)

2018-06-09 16:41:45 - [TEST_STEP][PASSED] - setText: Text '10' is set on object 'Object Repository/DispensaryToStore/Page_Dispensary Store/input_txttreat'

2018-06-09 16:41:45 - [MESSAGE][PASSED] - Text '10' is set on object 'Object Repository/DispensaryToStore/Page_Dispensary Store/input_txttreat'

2018-06-09 16:41:45 - [TEST_STEP][PASSED] - click: Object: 'Object Repository/DispensaryToStore/Page_Dispensary Store/button_Add' is clicked on

2018-06-09 16:41:45 - [MESSAGE][PASSED] - Object: 'Object Repository/DispensaryToStore/Page_Dispensary Store/button_Add' is clicked on

2018-06-09 16:41:45 - [TEST_STEP][PASSED] - selectOptionByIndex: All options with index in [2] are selected on object 'Object Repository/DispensaryToStore/Page_Dispensary Store/select_--Select--Schedule 1Inj'

2018-06-09 16:41:45 - [MESSAGE][PASSED] - All options with index in [2] are selected on object 'Object Repository/DispensaryToStore/Page_Dispensary Store/select_--Select--Schedule 1Inj'

2018-06-09 16:41:45 - [TEST_STEP][PASSED] - delay: Delayed 1 second(s)

2018-06-09 16:41:46 - [MESSAGE][PASSED] - Delayed 1 second(s)

2018-06-09 16:41:46 - [TEST_STEP][PASSED] - selectOptionByIndex: All options with index in [56] are selected on object 'Object Repository/DispensaryToStore/Page_Dispensary Store/select_--Select--Adernaline 0.'

2018-06-09 16:41:47 - [MESSAGE][PASSED] - All options with index in [56] are selected on object 'Object Repository/DispensaryToStore/Page_Dispensary Store/select_--Select--Adernaline 0.'

2018-06-09 16:41:47 - [TEST_STEP][PASSED] - delay: Delayed 1 second(s)

2018-06-09 16:41:48 - [MESSAGE][PASSED] - Delayed 1 second(s)

2018-06-09 16:41:48 - [TEST_STEP][PASSED] - setText: Text '10' is set on object 'Object Repository/DispensaryToStore/Page_Dispensary Store/input_txttreat'

2018-06-09 16:41:48 - [MESSAGE][PASSED] - Text '10' is set on object 'Object Repository/DispensaryToStore/Page_Dispensary Store/input_txttreat'

2018-06-09 16:41:48 - [TEST_STEP][PASSED] - click: Object: 'Object Repository/DispensaryToStore/Page_Dispensary Store/button_Add' is clicked on

2018-06-09 16:41:48 - [MESSAGE][PASSED] - Object: 'Object Repository/DispensaryToStore/Page_Dispensary Store/button_Add' is clicked on

2018-06-09 16:41:48 - [TEST_STEP][PASSED] - selectOptionByIndex: All options with index in [2] are selected on object 'Object Repository/DispensaryToStore/Page_Dispensary Store/select_--Select--Schedule 1Inj'

2018-06-09 16:41:48 - [MESSAGE][PASSED] - All options with index in [2] are selected on object 'Object Repository/DispensaryToStore/Page_Dispensary Store/select_--Select--Schedule 1Inj'

2018-06-09 16:41:48 - [TEST_STEP][PASSED] - delay: Delayed 1 second(s)

2018-06-09 16:41:49 - [MESSAGE][PASSED] - Delayed 1 second(s)

2018-06-09 16:41:49 - [TEST_STEP][PASSED] - selectOptionByIndex: All options with index in [57] are selected on object 'Object Repository/DispensaryToStore/Page_Dispensary Store/select_--Select--Adernaline 0.'

2018-06-09 16:41:50 - [MESSAGE][PASSED] - All options with index in [57] are selected on object 'Object Repository/DispensaryToStore/Page_Dispensary Store/select_--Select--Adernaline 0.'

2018-06-09 16:41:50 - [TEST_STEP][PASSED] - delay: Delayed 1 second(s)

2018-06-09 16:41:51 - [MESSAGE][PASSED] - Delayed 1 second(s)

2018-06-09 16:41:51 - [TEST_STEP][PASSED] - setText: Text '10' is set on object 'Object Repository/DispensaryToStore/Page_Dispensary Store/input_txttreat'

2018-06-09 16:41:51 - [MESSAGE][PASSED] - Text '10' is set on object 'Object Repository/DispensaryToStore/Page_Dispensary Store/input_txttreat'

2018-06-09 16:41:51 - [TEST_STEP][PASSED] - click: Object: 'Object Repository/DispensaryToStore/Page_Dispensary Store/button_Add' is clicked on

2018-06-09 16:41:51 - [MESSAGE][PASSED] - Object: 'Object Repository/DispensaryToStore/Page_Dispensary Store/button_Add' is clicked on

2018-06-09 16:41:51 - [TEST_STEP][PASSED] - selectOptionByIndex: All options with index in [2] are selected on object 'Object Repository/DispensaryToStore/Page_Dispensary Store/select_--Select--Schedule 1Inj'

2018-06-09 16:41:51 - [MESSAGE][PASSED] - All options with index in [2] are selected on object 'Object Repository/DispensaryToStore/Page_Dispensary Store/select_--Select--Schedule 1Inj'

2018-06-09 16:41:51 - [TEST_STEP][PASSED] - delay: Delayed 1 second(s)

2018-06-09 16:41:52 - [MESSAGE][PASSED] - Delayed 1 second(s)

2018-06-09 16:41:52 - [TEST_STEP][PASSED] - selectOptionByIndex: All options with index in [58] are selected on object 'Object Repository/DispensaryToStore/Page_Dispensary Store/select_--Select--Adernaline 0.'

2018-06-09 16:41:53 - [MESSAGE][PASSED] - All options with index in [58] are selected on object 'Object Repository/DispensaryToStore/Page_Dispensary Store/select_--Select--Adernaline 0.'

2018-06-09 16:41:53 - [TEST_STEP][PASSED] - delay: Delayed 1 second(s)

2018-06-09 16:41:54 - [MESSAGE][PASSED] - Delayed 1 second(s)

2018-06-09 16:41:54 - [TEST_STEP][PASSED] - setText: Text '10' is set on object 'Object Repository/DispensaryToStore/Page_Dispensary Store/input_txttreat'

2018-06-09 16:41:54 - [MESSAGE][PASSED] - Text '10' is set on object 'Object Repository/DispensaryToStore/Page_Dispensary Store/input_txttreat'

2018-06-09 16:41:54 - [TEST_STEP][PASSED] - click: Object: 'Object Repository/DispensaryToStore/Page_Dispensary Store/button_Add' is clicked on

2018-06-09 16:41:54 - [MESSAGE][PASSED] - Object: 'Object Repository/DispensaryToStore/Page_Dispensary Store/button_Add' is clicked on

2018-06-09 16:41:54 - [TEST_STEP][PASSED] - selectOptionByIndex: All options with index in [2] are selected on object 'Object Repository/DispensaryToStore/Page_Dispensary Store/select_--Select--Schedule 1Inj'

2018-06-09 16:41:54 - [MESSAGE][PASSED] - All options with index in [2] are selected on object 'Object Repository/DispensaryToStore/Page_Dispensary Store/select_--Select--Schedule 1Inj'

2018-06-09 16:41:54 - [TEST_STEP][PASSED] - delay: Delayed 1 second(s)

2018-06-09 16:41:55 - [MESSAGE][PASSED] - Delayed 1 second(s)

2018-06-09 16:41:55 - [TEST_STEP][PASSED] - selectOptionByIndex: All options with index in [59] are selected on object 'Object Repository/DispensaryToStore/Page_Dispensary Store/select_--Select--Adernaline 0.'

2018-06-09 16:41:56 - [MESSAGE][PASSED] - All options with index in [59] are selected on object 'Object Repository/DispensaryToStore/Page_Dispensary Store/select_--Select--Adernaline 0.'

2018-06-09 16:41:56 - [TEST_STEP][PASSED] - delay: Delayed 1 second(s)

2018-06-09 16:41:57 - [MESSAGE][PASSED] - Delayed 1 second(s)

2018-06-09 16:41:57 - [TEST_STEP][PASSED] - setText: Text '10' is set on object 'Object Repository/DispensaryToStore/Page_Dispensary Store/input_txttreat'

2018-06-09 16:41:57 - [MESSAGE][PASSED] - Text '10' is set on object 'Object Repository/DispensaryToStore/Page_Dispensary Store/input_txttreat'

2018-06-09 16:41:57 - [TEST_STEP][PASSED] - click: Object: 'Object Repository/DispensaryToStore/Page_Dispensary Store/button_Add' is clicked on

2018-06-09 16:41:57 - [MESSAGE][PASSED] - Object: 'Object Repository/DispensaryToStore/Page_Dispensary Store/button_Add' is clicked on

2018-06-09 16:41:57 - [TEST_STEP][PASSED] - selectOptionByIndex: All options with index in [2] are selected on object 'Object Repository/DispensaryToStore/Page_Dispensary Store/select_--Select--Schedule 1Inj'

2018-06-09 16:41:57 - [MESSAGE][PASSED] - All options with index in [2] are selected on object 'Object Repository/DispensaryToStore/Page_Dispensary Store/select_--Select--Schedule 1Inj'

2018-06-09 16:41:57 - [TEST_STEP][PASSED] - delay: Delayed 1 second(s)

2018-06-09 16:41:58 - [MESSAGE][PASSED] - Delayed 1 second(s)

2018-06-09 16:41:58 - [TEST_STEP][PASSED] - selectOptionByIndex: All options with index in [60] are selected on object 'Object Repository/DispensaryToStore/Page_Dispensary Store/select_--Select--Adernaline 0.'

2018-06-09 16:41:59 - [MESSAGE][PASSED] - All options with index in [60] are selected on object 'Object Repository/DispensaryToStore/Page_Dispensary Store/select_--Select--Adernaline 0.'

2018-06-09 16:41:59 - [TEST_STEP][PASSED] - delay: Delayed 1 second(s)

2018-06-09 16:42:00 - [MESSAGE][PASSED] - Delayed 1 second(s)

2018-06-09 16:42:00 - [TEST_STEP][PASSED] - setText: Text '10' is set on object 'Object Repository/DispensaryToStore/Page_Dispensary Store/input_txttreat'

2018-06-09 16:42:00 - [MESSAGE][PASSED] - Text '10' is set on object 'Object Repository/DispensaryToStore/Page_Dispensary Store/input_txttreat'

2018-06-09 16:42:00 - [TEST_STEP][PASSED] - click: Object: 'Object Repository/DispensaryToStore/Page_Dispensary Store/button_Add' is clicked on

2018-06-09 16:42:00 - [MESSAGE][PASSED] - Object: 'Object Repository/DispensaryToStore/Page_Dispensary Store/button_Add' is clicked on

2018-06-09 16:42:00 - [TEST_STEP][PASSED] - selectOptionByIndex: All options with index in [2] are selected on object 'Object Repository/DispensaryToStore/Page_Dispensary Store/select_--Select--Schedule 1Inj'

2018-06-09 16:42:00 - [MESSAGE][PASSED] - All options with index in [2] are selected on object 'Object Repository/DispensaryToStore/Page_Dispensary Store/select_--Select--Schedule 1Inj'

2018-06-09 16:42:00 - [TEST_STEP][PASSED] - delay: Delayed 1 second(s)

2018-06-09 16:42:01 - [MESSAGE][PASSED] - Delayed 1 second(s)

2018-06-09 16:42:01 - [TEST_STEP][PASSED] - selectOptionByIndex: All options with index in [61] are selected on object 'Object Repository/DispensaryToStore/Page_Dispensary Store/select_--Select--Adernaline 0.'

2018-06-09 16:42:02 - [MESSAGE][PASSED] - All options with index in [61] are selected on object 'Object Repository/DispensaryToStore/Page_Dispensary Store/select_--Select--Adernaline 0.'

2018-06-09 16:42:02 - [TEST_STEP][PASSED] - delay: Delayed 1 second(s)

2018-06-09 16:42:03 - [MESSAGE][PASSED] - Delayed 1 second(s)

2018-06-09 16:42:03 - [TEST_STEP][PASSED] - setText: Text '10' is set on object 'Object Repository/DispensaryToStore/Page_Dispensary Store/input_txttreat'

2018-06-09 16:42:03 - [MESSAGE][PASSED] - Text '10' is set on object 'Object Repository/DispensaryToStore/Page_Dispensary Store/input_txttreat'

2018-06-09 16:42:03 - [TEST_STEP][PASSED] - click: Object: 'Object Repository/DispensaryToStore/Page_Dispensary Store/button_Add' is clicked on

2018-06-09 16:42:03 - [MESSAGE][PASSED] - Object: 'Object Repository/DispensaryToStore/Page_Dispensary Store/button_Add' is clicked on

2018-06-09 16:42:03 - [TEST_STEP][PASSED] - selectOptionByIndex: All options with index in [2] are selected on object 'Object Repository/DispensaryToStore/Page_Dispensary Store/select_--Select--Schedule 1Inj'

2018-06-09 16:42:04 - [MESSAGE][PASSED] - All options with index in [2] are selected on object 'Object Repository/DispensaryToStore/Page_Dispensary Store/select_--Select--Schedule 1Inj'

2018-06-09 16:42:04 - [TEST_STEP][PASSED] - delay: Delayed 1 second(s)

2018-06-09 16:42:05 - [MESSAGE][PASSED] - Delayed 1 second(s)

2018-06-09 16:42:05 - [TEST_STEP][PASSED] - selectOptionByIndex: All options with index in [62] are selected on object 'Object Repository/DispensaryToStore/Page_Dispensary Store/select_--Select--Adernaline 0.'

2018-06-09 16:42:05 - [MESSAGE][PASSED] - All options with index in [62] are selected on object 'Object Repository/DispensaryToStore/Page_Dispensary Store/select_--Select--Adernaline 0.'

2018-06-09 16:42:05 - [TEST_STEP][PASSED] - delay: Delayed 1 second(s)

2018-06-09 16:42:06 - [MESSAGE][PASSED] - Delayed 1 second(s)

2018-06-09 16:42:06 - [TEST_STEP][PASSED] - setText: Text '10' is set on object 'Object Repository/DispensaryToStore/Page_Dispensary Store/input_txttreat'

2018-06-09 16:42:06 - [MESSAGE][PASSED] - Text '10' is set on object 'Object Repository/DispensaryToStore/Page_Dispensary Store/input_txttreat'

2018-06-09 16:42:06 - [TEST_STEP][PASSED] - click: Object: 'Object Repository/DispensaryToStore/Page_Dispensary Store/button_Add' is clicked on

2018-06-09 16:42:07 - [MESSAGE][PASSED] - Object: 'Object Repository/DispensaryToStore/Page_Dispensary Store/button_Add' is clicked on

2018-06-09 16:42:07 - [TEST_STEP][PASSED] - selectOptionByIndex: All options with index in [2] are selected on object 'Object Repository/DispensaryToStore/Page_Dispensary Store/select_--Select--Schedule 1Inj'

2018-06-09 16:42:07 - [MESSAGE][PASSED] - All options with index in [2] are selected on object 'Object Repository/DispensaryToStore/Page_Dispensary Store/select_--Select--Schedule 1Inj'

2018-06-09 16:42:07 - [TEST_STEP][PASSED] - delay: Delayed 1 second(s)

2018-06-09 16:42:08 - [MESSAGE][PASSED] - Delayed 1 second(s)

2018-06-09 16:42:08 - [TEST_STEP][PASSED] - selectOptionByIndex: All options with index in [63] are selected on object 'Object Repository/DispensaryToStore/Page_Dispensary Store/select_--Select--Adernaline 0.'

2018-06-09 16:42:08 - [MESSAGE][PASSED] - All options with index in [63] are selected on object 'Object Repository/DispensaryToStore/Page_Dispensary Store/select_--Select--Adernaline 0.'

2018-06-09 16:42:08 - [TEST_STEP][PASSED] - delay: Delayed 1 second(s)

2018-06-09 16:42:09 - [MESSAGE][PASSED] - Delayed 1 second(s)

2018-06-09 16:42:09 - [TEST_STEP][PASSED] - setText: Text '10' is set on object 'Object Repository/DispensaryToStore/Page_Dispensary Store/input_txttreat'

2018-06-09 16:42:10 - [MESSAGE][PASSED] - Text '10' is set on object 'Object Repository/DispensaryToStore/Page_Dispensary Store/input_txttreat'

2018-06-09 16:42:10 - [TEST_STEP][PASSED] - click: Object: 'Object Repository/DispensaryToStore/Page_Dispensary Store/button_Add' is clicked on

2018-06-09 16:42:10 - [MESSAGE][PASSED] - Object: 'Object Repository/DispensaryToStore/Page_Dispensary Store/button_Add' is clicked on

2018-06-09 16:42:10 - [TEST_STEP][PASSED] - selectOptionByIndex: All options with index in [2] are selected on object 'Object Repository/DispensaryToStore/Page_Dispensary Store/select_--Select--Schedule 1Inj'

2018-06-09 16:42:10 - [MESSAGE][PASSED] - All options with index in [2] are selected on object 'Object Repository/DispensaryToStore/Page_Dispensary Store/select_--Select--Schedule 1Inj'

2018-06-09 16:42:10 - [TEST_STEP][PASSED] - delay: Delayed 1 second(s)

2018-06-09 16:42:11 - [MESSAGE][PASSED] - Delayed 1 second(s)

2018-06-09 16:42:11 - [TEST_STEP][PASSED] - selectOptionByIndex: All options with index in [64] are selected on object 'Object Repository/DispensaryToStore/Page_Dispensary Store/select_--Select--Adernaline 0.'

2018-06-09 16:42:12 - [MESSAGE][PASSED] - All options with index in [64] are selected on object 'Object Repository/DispensaryToStore/Page_Dispensary Store/select_--Select--Adernaline 0.'

2018-06-09 16:42:12 - [TEST_STEP][PASSED] - delay: Delayed 1 second(s)

2018-06-09 16:42:13 - [MESSAGE][PASSED] - Delayed 1 second(s)

2018-06-09 16:42:13 - [TEST_STEP][PASSED] - setText: Text '10' is set on object 'Object Repository/DispensaryToStore/Page_Dispensary Store/input_txttreat'

2018-06-09 16:42:13 - [MESSAGE][PASSED] - Text '10' is set on object 'Object Repository/DispensaryToStore/Page_Dispensary Store/input_txttreat'

2018-06-09 16:42:13 - [TEST_STEP][PASSED] - click: Object: 'Object Repository/DispensaryToStore/Page_Dispensary Store/button_Add' is clicked on

2018-06-09 16:42:13 - [MESSAGE][PASSED] - Object: 'Object Repository/DispensaryToStore/Page_Dispensary Store/button_Add' is clicked on

2018-06-09 16:42:13 - [TEST_STEP][PASSED] - selectOptionByIndex: All options with index in [2] are selected on object 'Object Repository/DispensaryToStore/Page_Dispensary Store/select_--Select--Schedule 1Inj'

2018-06-09 16:42:13 - [MESSAGE][PASSED] - All options with index in [2] are selected on object 'Object Repository/DispensaryToStore/Page_Dispensary Store/select_--Select--Schedule 1Inj'

2018-06-09 16:42:13 - [TEST_STEP][PASSED] - delay: Delayed 1 second(s)

2018-06-09 16:42:14 - [MESSAGE][PASSED] - Delayed 1 second(s)

2018-06-09 16:42:14 - [TEST_STEP][PASSED] - selectOptionByIndex: All options with index in [65] are selected on object 'Object Repository/DispensaryToStore/Page_Dispensary Store/select_--Select--Adernaline 0.'

2018-06-09 16:42:15 - [MESSAGE][PASSED] - All options with index in [65] are selected on object 'Object Repository/DispensaryToStore/Page_Dispensary Store/select_--Select--Adernaline 0.'

2018-06-09 16:42:15 - [TEST_STEP][PASSED] - delay: Delayed 1 second(s)

2018-06-09 16:42:16 - [MESSAGE][PASSED] - Delayed 1 second(s)

2018-06-09 16:42:16 - [TEST_STEP][PASSED] - setText: Text '10' is set on object 'Object Repository/DispensaryToStore/Page_Dispensary Store/input_txttreat'

2018-06-09 16:42:16 - [MESSAGE][PASSED] - Text '10' is set on object 'Object Repository/DispensaryToStore/Page_Dispensary Store/input_txttreat'

2018-06-09 16:42:16 - [TEST_STEP][PASSED] - click: Object: 'Object Repository/DispensaryToStore/Page_Dispensary Store/button_Add' is clicked on

2018-06-09 16:42:16 - [MESSAGE][PASSED] - Object: 'Object Repository/DispensaryToStore/Page_Dispensary Store/button_Add' is clicked on

2018-06-09 16:42:16 - [TEST_STEP][PASSED] - selectOptionByIndex: All options with index in [2] are selected on object 'Object Repository/DispensaryToStore/Page_Dispensary Store/select_--Select--Schedule 1Inj'

2018-06-09 16:42:16 - [MESSAGE][PASSED] - All options with index in [2] are selected on object 'Object Repository/DispensaryToStore/Page_Dispensary Store/select_--Select--Schedule 1Inj'

2018-06-09 16:42:16 - [TEST_STEP][PASSED] - delay: Delayed 1 second(s)

2018-06-09 16:42:17 - [MESSAGE][PASSED] - Delayed 1 second(s)

2018-06-09 16:42:17 - [TEST_STEP][PASSED] - selectOptionByIndex: All options with index in [66] are selected on object 'Object Repository/DispensaryToStore/Page_Dispensary Store/select_--Select--Adernaline 0.'

2018-06-09 16:42:18 - [MESSAGE][PASSED] - All options with index in [66] are selected on object 'Object Repository/DispensaryToStore/Page_Dispensary Store/select_--Select--Adernaline 0.'

2018-06-09 16:42:18 - [TEST_STEP][PASSED] - delay: Delayed 1 second(s)

2018-06-09 16:42:19 - [MESSAGE][PASSED] - Delayed 1 second(s)

2018-06-09 16:42:19 - [TEST_STEP][PASSED] - setText: Text '10' is set on object 'Object Repository/DispensaryToStore/Page_Dispensary Store/input_txttreat'

2018-06-09 16:42:19 - [MESSAGE][PASSED] - Text '10' is set on object 'Object Repository/DispensaryToStore/Page_Dispensary Store/input_txttreat'

2018-06-09 16:42:19 - [TEST_STEP][PASSED] - click: Object: 'Object Repository/DispensaryToStore/Page_Dispensary Store/button_Add' is clicked on

2018-06-09 16:42:19 - [MESSAGE][PASSED] - Object: 'Object Repository/DispensaryToStore/Page_Dispensary Store/button_Add' is clicked on

2018-06-09 16:42:19 - [TEST_STEP][PASSED] - selectOptionByIndex: All options with index in [2] are selected on object 'Object Repository/DispensaryToStore/Page_Dispensary Store/select_--Select--Schedule 1Inj'

2018-06-09 16:42:19 - [MESSAGE][PASSED] - All options with index in [2] are selected on object 'Object Repository/DispensaryToStore/Page_Dispensary Store/select_--Select--Schedule 1Inj'

2018-06-09 16:42:19 - [TEST_STEP][PASSED] - delay: Delayed 1 second(s)

2018-06-09 16:42:20 - [MESSAGE][PASSED] - Delayed 1 second(s)

2018-06-09 16:42:20 - [TEST_STEP][PASSED] - selectOptionByIndex: All options with index in [67] are selected on object 'Object Repository/DispensaryToStore/Page_Dispensary Store/select_--Select--Adernaline 0.'

2018-06-09 16:42:21 - [MESSAGE][PASSED] - All options with index in [67] are selected on object 'Object Repository/DispensaryToStore/Page_Dispensary Store/select_--Select--Adernaline 0.'

2018-06-09 16:42:21 - [TEST_STEP][PASSED] - delay: Delayed 1 second(s)

2018-06-09 16:42:22 - [MESSAGE][PASSED] - Delayed 1 second(s)

2018-06-09 16:42:22 - [TEST_STEP][PASSED] - setText: Text '10' is set on object 'Object Repository/DispensaryToStore/Page_Dispensary Store/input_txttreat'

2018-06-09 16:42:22 - [MESSAGE][PASSED] - Text '10' is set on object 'Object Repository/DispensaryToStore/Page_Dispensary Store/input_txttreat'

2018-06-09 16:42:22 - [TEST_STEP][PASSED] - click: Object: 'Object Repository/DispensaryToStore/Page_Dispensary Store/button_Add' is clicked on

2018-06-09 16:42:22 - [MESSAGE][PASSED] - Object: 'Object Repository/DispensaryToStore/Page_Dispensary Store/button_Add' is clicked on

2018-06-09 16:42:22 - [TEST_STEP][PASSED] - selectOptionByIndex: All options with index in [2] are selected on object 'Object Repository/DispensaryToStore/Page_Dispensary Store/select_--Select--Schedule 1Inj'

2018-06-09 16:42:22 - [MESSAGE][PASSED] - All options with index in [2] are selected on object 'Object Repository/DispensaryToStore/Page_Dispensary Store/select_--Select--Schedule 1Inj'

2018-06-09 16:42:22 - [TEST_STEP][PASSED] - delay: Delayed 1 second(s)

2018-06-09 16:42:23 - [MESSAGE][PASSED] - Delayed 1 second(s)

2018-06-09 16:42:23 - [TEST_STEP][PASSED] - selectOptionByIndex: All options with index in [68] are selected on object 'Object Repository/DispensaryToStore/Page_Dispensary Store/select_--Select--Adernaline 0.'

2018-06-09 16:42:24 - [MESSAGE][PASSED] - All options with index in [68] are selected on object 'Object Repository/DispensaryToStore/Page_Dispensary Store/select_--Select--Adernaline 0.'

2018-06-09 16:42:24 - [TEST_STEP][PASSED] - delay: Delayed 1 second(s)

2018-06-09 16:42:25 - [MESSAGE][PASSED] - Delayed 1 second(s)

2018-06-09 16:42:25 - [TEST_STEP][PASSED] - setText: Text '10' is set on object 'Object Repository/DispensaryToStore/Page_Dispensary Store/input_txttreat'

2018-06-09 16:42:25 - [MESSAGE][PASSED] - Text '10' is set on object 'Object Repository/DispensaryToStore/Page_Dispensary Store/input_txttreat'

2018-06-09 16:42:25 - [TEST_STEP][PASSED] - click: Object: 'Object Repository/DispensaryToStore/Page_Dispensary Store/button_Add' is clicked on

2018-06-09 16:42:25 - [MESSAGE][PASSED] - Object: 'Object Repository/DispensaryToStore/Page_Dispensary Store/button_Add' is clicked on

2018-06-09 16:42:25 - [TEST_STEP][PASSED] - selectOptionByIndex: All options with index in [2] are selected on object 'Object Repository/DispensaryToStore/Page_Dispensary Store/select_--Select--Schedule 1Inj'

2018-06-09 16:42:26 - [MESSAGE][PASSED] - All options with index in [2] are selected on object 'Object Repository/DispensaryToStore/Page_Dispensary Store/select_--Select--Schedule 1Inj'

2018-06-09 16:42:26 - [TEST_STEP][PASSED] - delay: Delayed 1 second(s)

2018-06-09 16:42:27 - [MESSAGE][PASSED] - Delayed 1 second(s)

2018-06-09 16:42:27 - [TEST_STEP][PASSED] - selectOptionByIndex: All options with index in [69] are selected on object 'Object Repository/DispensaryToStore/Page_Dispensary Store/select_--Select--Adernaline 0.'

2018-06-09 16:42:27 - [MESSAGE][PASSED] - All options with index in [69] are selected on object 'Object Repository/DispensaryToStore/Page_Dispensary Store/select_--Select--Adernaline 0.'

2018-06-09 16:42:27 - [TEST_STEP][PASSED] - delay: Delayed 1 second(s)

2018-06-09 16:42:28 - [MESSAGE][PASSED] - Delayed 1 second(s)

2018-06-09 16:42:28 - [TEST_STEP][PASSED] - setText: Text '10' is set on object 'Object Repository/DispensaryToStore/Page_Dispensary Store/input_txttreat'

2018-06-09 16:42:29 - [MESSAGE][PASSED] - Text '10' is set on object 'Object Repository/DispensaryToStore/Page_Dispensary Store/input_txttreat'

2018-06-09 16:42:29 - [TEST_STEP][PASSED] - click: Object: 'Object Repository/DispensaryToStore/Page_Dispensary Store/button_Add' is clicked on

2018-06-09 16:42:29 - [MESSAGE][PASSED] - Object: 'Object Repository/DispensaryToStore/Page_Dispensary Store/button_Add' is clicked on

2018-06-09 16:42:29 - [TEST_STEP][PASSED] - selectOptionByIndex: All options with index in [2] are selected on object 'Object Repository/DispensaryToStore/Page_Dispensary Store/select_--Select--Schedule 1Inj'

2018-06-09 16:42:29 - [MESSAGE][PASSED] - All options with index in [2] are selected on object 'Object Repository/DispensaryToStore/Page_Dispensary Store/select_--Select--Schedule 1Inj'

2018-06-09 16:42:29 - [TEST_STEP][PASSED] - delay: Delayed 1 second(s)

2018-06-09 16:42:30 - [MESSAGE][PASSED] - Delayed 1 second(s)

2018-06-09 16:42:30 - [TEST_STEP][PASSED] - selectOptionByIndex: All options with index in [70] are selected on object 'Object Repository/DispensaryToStore/Page_Dispensary Store/select_--Select--Adernaline 0.'

2018-06-09 16:42:31 - [MESSAGE][PASSED] - All options with index in [70] are selected on object 'Object Repository/DispensaryToStore/Page_Dispensary Store/select_--Select--Adernaline 0.'

2018-06-09 16:42:31 - [TEST_STEP][PASSED] - delay: Delayed 1 second(s)

2018-06-09 16:42:32 - [MESSAGE][PASSED] - Delayed 1 second(s)

2018-06-09 16:42:32 - [TEST_STEP][PASSED] - setText: Text '10' is set on object 'Object Repository/DispensaryToStore/Page_Dispensary Store/input_txttreat'

2018-06-09 16:42:32 - [MESSAGE][PASSED] - Text '10' is set on object 'Object Repository/DispensaryToStore/Page_Dispensary Store/input_txttreat'

2018-06-09 16:42:32 - [TEST_STEP][PASSED] - click: Object: 'Object Repository/DispensaryToStore/Page_Dispensary Store/button_Add' is clicked on

2018-06-09 16:42:32 - [MESSAGE][PASSED] - Object: 'Object Repository/DispensaryToStore/Page_Dispensary Store/button_Add' is clicked on

2018-06-09 16:42:32 - [TEST_STEP][PASSED] - selectOptionByIndex: All options with index in [2] are selected on object 'Object Repository/DispensaryToStore/Page_Dispensary Store/select_--Select--Schedule 1Inj'

2018-06-09 16:42:32 - [MESSAGE][PASSED] - All options with index in [2] are selected on object 'Object Repository/DispensaryToStore/Page_Dispensary Store/select_--Select--Schedule 1Inj'

2018-06-09 16:42:32 - [TEST_STEP][PASSED] - delay: Delayed 1 second(s)

2018-06-09 16:42:33 - [MESSAGE][PASSED] - Delayed 1 second(s)

2018-06-09 16:42:33 - [TEST_STEP][PASSED] - selectOptionByIndex: All options with index in [71] are selected on object 'Object Repository/DispensaryToStore/Page_Dispensary Store/select_--Select--Adernaline 0.'

2018-06-09 16:42:34 - [MESSAGE][PASSED] - All options with index in [71] are selected on object 'Object Repository/DispensaryToStore/Page_Dispensary Store/select_--Select--Adernaline 0.'

2018-06-09 16:42:34 - [TEST_STEP][PASSED] - delay: Delayed 1 second(s)

2018-06-09 16:42:35 - [MESSAGE][PASSED] - Delayed 1 second(s)

2018-06-09 16:42:35 - [TEST_STEP][PASSED] - setText: Text '10' is set on object 'Object Repository/DispensaryToStore/Page_Dispensary Store/input_txttreat'

2018-06-09 16:42:35 - [MESSAGE][PASSED] - Text '10' is set on object 'Object Repository/DispensaryToStore/Page_Dispensary Store/input_txttreat'

2018-06-09 16:42:35 - [TEST_STEP][PASSED] - click: Object: 'Object Repository/DispensaryToStore/Page_Dispensary Store/button_Add' is clicked on

2018-06-09 16:42:35 - [MESSAGE][PASSED] - Object: 'Object Repository/DispensaryToStore/Page_Dispensary Store/button_Add' is clicked on

2018-06-09 16:42:35 - [TEST_STEP][PASSED] - selectOptionByIndex: All options with index in [2] are selected on object 'Object Repository/DispensaryToStore/Page_Dispensary Store/select_--Select--Schedule 1Inj'

2018-06-09 16:42:35 - [MESSAGE][PASSED] - All options with index in [2] are selected on object 'Object Repository/DispensaryToStore/Page_Dispensary Store/select_--Select--Schedule 1Inj'

2018-06-09 16:42:35 - [TEST_STEP][PASSED] - delay: Delayed 1 second(s)

2018-06-09 16:42:36 - [MESSAGE][PASSED] - Delayed 1 second(s)

2018-06-09 16:42:36 - [TEST_STEP][PASSED] - selectOptionByIndex: All options with index in [72] are selected on object 'Object Repository/DispensaryToStore/Page_Dispensary Store/select_--Select--Adernaline 0.'

2018-06-09 16:42:37 - [MESSAGE][PASSED] - All options with index in [72] are selected on object 'Object Repository/DispensaryToStore/Page_Dispensary Store/select_--Select--Adernaline 0.'

2018-06-09 16:42:37 - [TEST_STEP][PASSED] - delay: Delayed 1 second(s)

2018-06-09 16:42:38 - [MESSAGE][PASSED] - Delayed 1 second(s)

2018-06-09 16:42:38 - [TEST_STEP][PASSED] - setText: Text '10' is set on object 'Object Repository/DispensaryToStore/Page_Dispensary Store/input_txttreat'

2018-06-09 16:42:38 - [MESSAGE][PASSED] - Text '10' is set on object 'Object Repository/DispensaryToStore/Page_Dispensary Store/input_txttreat'

2018-06-09 16:42:38 - [TEST_STEP][PASSED] - click: Object: 'Object Repository/DispensaryToStore/Page_Dispensary Store/button_Add' is clicked on

2018-06-09 16:42:38 - [MESSAGE][PASSED] - Object: 'Object Repository/DispensaryToStore/Page_Dispensary Store/button_Add' is clicked on

2018-06-09 16:42:38 - [TEST_STEP][PASSED] - scrollToElement: Scroll to object 'Object Repository/DispensaryToStore/Page_Dispensary Store/input_btnsave' successfully

2018-06-09 16:42:38 - [MESSAGE][PASSED] - Scroll to object 'Object Repository/DispensaryToStore/Page_Dispensary Store/input_btnsave' successfully

2018-06-09 16:42:38 - [TEST_STEP][PASSED] - click: Object: 'Object Repository/DispensaryToStore/Page_Dispensary Store/input_btnsave' is clicked on

2018-06-09 16:42:38 - [MESSAGE][PASSED] - Object: 'Object Repository/DispensaryToStore/Page_Dispensary Store/input_btnsave' is clicked on

2018-06-09 16:42:38 - [TEST_STEP][PASSED] - delay: Delayed 3 second(s)

2018-06-09 16:42:41 - [MESSAGE][PASSED] - Delayed 3 second(s)

2018-06-09 16:42:41 - [TEST_STEP][PASSED] - Statement - RN1 = com.kms.katalon.core.webui.keyword.WebUiBuiltInKeywords.getText(com.kms.katalon.core.testobject.ObjectRepository.findTestObject(DispensaryToStore/Page_Dispensary Store/font_HPRNO180520187)): Text of object 'Object Repository/DispensaryToStore/Page_Dispensary Store/font_HPRNO180520187' is: 'DPRNO/09062018/209'

2018-06-09 16:42:41 - [MESSAGE][PASSED] - Text of object 'Object Repository/DispensaryToStore/Page_Dispensary Store/font_HPRNO180520187' is: 'DPRNO/09062018/209'

2018-06-09 16:42:41 - [TEST_STEP][PASSED] - Statement - out.println(RN1): null

2018-06-09 16:42:41 - [TEST_STEP][PASSED] - Statement - RID = RN1.split("/")[2]: null

2018-06-09 16:42:41 - [TEST_STEP][PASSED] - click: Object: 'Object Repository/DispensaryToStore/Page_Dispensary Store/button_OK' is clicked on

2018-06-09 16:42:42 - [MESSAGE][PASSED] - Object: 'Object Repository/DispensaryToStore/Page_Dispensary Store/button_OK' is clicked on

2018-06-09 16:42:42 - [TEST_STEP][PASSED] - delay: Delayed 3 second(s)

2018-06-09 16:42:45 - [MESSAGE][PASSED] - Delayed 3 second(s)

2018-06-09 16:42:45 - [TEST_STEP][PASSED] - click: Object: 'Object Repository/DispensaryToStore/Page_Dispensary Store/a_dropdown-toggle' is clicked on

2018-06-09 16:42:45 - [MESSAGE][PASSED] - Object: 'Object Repository/DispensaryToStore/Page_Dispensary Store/a_dropdown-toggle' is clicked on

2018-06-09 16:42:45 - [TEST_STEP][PASSED] - click: Object: 'Object Repository/DispensaryToStore/Page_Dispensary Store/a_Sign out' is clicked on

2018-06-09 16:42:46 - [MESSAGE][PASSED] - Object: 'Object Repository/DispensaryToStore/Page_Dispensary Store/a_Sign out' is clicked on

2018-06-09 16:42:46 - [TEST_STEP][PASSED] - delay: Delayed 3 second(s)

2018-06-09 16:42:49 - [MESSAGE][PASSED] - Delayed 3 second(s)

2018-06-09 16:42:49 - [TEST_STEP][PASSED] - navigateToUrl: Navigate to 'http://192.168.137.1/multihospital_new/' successfully

2018-06-09 16:42:49 - [MESSAGE][PASSED] - Navigate to 'http://192.168.137.1/multihospital_new/' successfully

2018-06-09 16:42:49 - [TEST_STEP][PASSED] - click: Object: 'Object Repository/DispensaryToStore/Page_KDMC/a_CMO' is clicked on

2018-06-09 16:42:50 - [MESSAGE][PASSED] - Object: 'Object Repository/DispensaryToStore/Page_KDMC/a_CMO' is clicked on

2018-06-09 16:42:50 - [TEST_STEP][PASSED] - setText: Text 'guru' is set on object 'Object Repository/DispensaryToStore/Page_CMO login/input_txtusername'

2018-06-09 16:42:50 - [MESSAGE][PASSED] - Text 'guru' is set on object 'Object Repository/DispensaryToStore/Page_CMO login/input_txtusername'

2018-06-09 16:42:50 - [TEST_STEP][PASSED] - setText: Text '123' is set on object 'Object Repository/DispensaryToStore/Page_CMO login/input_txtpassword'

2018-06-09 16:42:51 - [MESSAGE][PASSED] - Text '123' is set on object 'Object Repository/DispensaryToStore/Page_CMO login/input_txtpassword'

2018-06-09 16:42:51 - [TEST_STEP][PASSED] - delay: Delayed 3 second(s)

2018-06-09 16:42:54 - [MESSAGE][PASSED] - Delayed 3 second(s)

2018-06-09 16:42:54 - [TEST_STEP][PASSED] - click: Object: 'Object Repository/DispensaryToStore/Page_CMO login/button_Sign in' is clicked on

2018-06-09 16:42:55 - [MESSAGE][PASSED] - Object: 'Object Repository/DispensaryToStore/Page_CMO login/button_Sign in' is clicked on

2018-06-09 16:42:55 - [TEST_STEP][PASSED] - click: Object: 'Object Repository/DispensaryToStore/Page_KDMC - CMO/a_Department Wise Request' is clicked on

2018-06-09 16:42:57 - [MESSAGE][PASSED] - Object: 'Object Repository/DispensaryToStore/Page_KDMC - CMO/a_Department Wise Request' is clicked on

2018-06-09 16:42:57 - [TEST_STEP][PASSED] - delay: Delayed 2 second(s)

2018-06-09 16:42:59 - [MESSAGE][PASSED] - Delayed 2 second(s)

2018-06-09 16:42:59 - [TEST_STEP][PASSED] - selectOptionByIndex: All options with index in [6] are selected on object 'Object Repository/DispensaryToStore/Page_KDMC - CMO/select_--ALL--'

2018-06-09 16:42:59 - [MESSAGE][PASSED] - All options with index in [6] are selected on object 'Object Repository/DispensaryToStore/Page_KDMC - CMO/select_--ALL--'

2018-06-09 16:42:59 - [TEST_STEP][PASSED] - click: Object: 'Object Repository/DispensaryToStore/Page_KDMC - CMO/input_btnsearch' is clicked on

2018-06-09 16:42:59 - [MESSAGE][PASSED] - Object: 'Object Repository/DispensaryToStore/Page_KDMC - CMO/input_btnsearch' is clicked on

2018-06-09 16:42:59 - [TEST_STEP][PASSED] - selectOptionByIndex: All options with index in [1] are selected on object 'Object Repository/DispensaryToStore/Page_KDMC - CMO/select_--ALL--                _1'

2018-06-09 16:43:00 - [MESSAGE][PASSED] - All options with index in [1] are selected on object 'Object Repository/DispensaryToStore/Page_KDMC - CMO/select_--ALL--                _1'

2018-06-09 16:43:00 - [TEST_STEP][PASSED] - click: Object: 'Object Repository/DispensaryToStore/Page_KDMC - CMO/input_btnsearch' is clicked on

2018-06-09 16:43:00 - [MESSAGE][PASSED] - Object: 'Object Repository/DispensaryToStore/Page_KDMC - CMO/input_btnsearch' is clicked on

2018-06-09 16:43:00 - [TEST_STEP][PASSED] - Statement - ID = com.kms.katalon.core.webui.keyword.WebUiBuiltInKeywords.modifyObjectProperty(com.kms.katalon.core.testobject.ObjectRepository.findTestObject(lab/Page_KDMC - CMO/input_1), "xpath", "equals", "//*[@id=" + RID + "]", true): Modify property of object successfully

2018-06-09 16:43:00 - [MESSAGE][PASSED] - Modify property of object successfully

2018-06-09 16:43:00 - [TEST_STEP][PASSED] - click: Object: 'Object Repository/lab/Page_KDMC - CMO/input_1' is clicked on

2018-06-09 16:43:00 - [MESSAGE][PASSED] - Object: 'Object Repository/lab/Page_KDMC - CMO/input_1' is clicked on

2018-06-09 16:43:00 - [TEST_STEP][PASSED] - delay: Delayed 2 second(s)

2018-06-09 16:43:02 - [MESSAGE][PASSED] - Delayed 2 second(s)

2018-06-09 16:43:02 - [TEST_STEP][PASSED] - selectOptionByIndex: All options with index in [1] are selected on object 'Object Repository/DispensaryToStore/Page_KDMC - CMO/select_--Select--'

2018-06-09 16:43:03 - [MESSAGE][PASSED] - All options with index in [1] are selected on object 'Object Repository/DispensaryToStore/Page_KDMC - CMO/select_--Select--'

2018-06-09 16:43:03 - [TEST_STEP][PASSED] - click: Object: 'Object Repository/DispensaryToStore/Page_KDMC - CMO/input_btnupdate' is clicked on

2018-06-09 16:43:03 - [MESSAGE][PASSED] - Object: 'Object Repository/DispensaryToStore/Page_KDMC - CMO/input_btnupdate' is clicked on

2018-06-09 16:43:03 - [TEST_STEP][PASSED] - delay: Delayed 2 second(s)

2018-06-09 16:43:05 - [MESSAGE][PASSED] - Delayed 2 second(s)

2018-06-09 16:43:05 - [TEST_STEP][PASSED] - click: Object: 'Object Repository/DispensaryToStore/Page_KDMC - CMO/button_OK' is clicked on

2018-06-09 16:43:06 - [MESSAGE][PASSED] - Object: 'Object Repository/DispensaryToStore/Page_KDMC - CMO/button_OK' is clicked on

2018-06-09 16:43:06 - [TEST_STEP][PASSED] - delay: Delayed 2 second(s)

2018-06-09 16:43:08 - [MESSAGE][PASSED] - Delayed 2 second(s)

2018-06-09 16:43:08 - [TEST_STEP][PASSED] - click: Object: 'Object Repository/DispensaryToStore/Page_KDMC - CMO/a_dropdown-toggle' is clicked on

2018-06-09 16:43:08 - [MESSAGE][PASSED] - Object: 'Object Repository/DispensaryToStore/Page_KDMC - CMO/a_dropdown-toggle' is clicked on

2018-06-09 16:43:08 - [TEST_STEP][PASSED] - click: Object: 'Object Repository/DispensaryToStore/Page_KDMC - CMO/a_Sign out' is clicked on

2018-06-09 16:43:08 - [MESSAGE][PASSED] - Object: 'Object Repository/DispensaryToStore/Page_KDMC - CMO/a_Sign out' is clicked on

2018-06-09 16:43:08 - [TEST_STEP][PASSED] - delay: Delayed 3 second(s)

2018-06-09 16:43:11 - [MESSAGE][PASSED] - Delayed 3 second(s)

2018-06-09 16:43:11 - [TEST_STEP][PASSED] - click: Object: 'Object Repository/DispensaryToStore/Page_KDMC/a_Divisional Store' is clicked on

2018-06-09 16:43:12 - [MESSAGE][PASSED] - Object: 'Object Repository/DispensaryToStore/Page_KDMC/a_Divisional Store' is clicked on

2018-06-09 16:43:12 - [TEST_STEP][PASSED] - setText: Text 'ragu' is set on object 'Object Repository/DispensaryToStore/Page_Divisonal Store Login/input_txtusername'

2018-06-09 16:43:12 - [MESSAGE][PASSED] - Text 'ragu' is set on object 'Object Repository/DispensaryToStore/Page_Divisonal Store Login/input_txtusername'

2018-06-09 16:43:12 - [TEST_STEP][PASSED] - setText: Text '123' is set on object 'Object Repository/DispensaryToStore/Page_Divisonal Store Login/input_txtpassword'

2018-06-09 16:43:13 - [MESSAGE][PASSED] - Text '123' is set on object 'Object Repository/DispensaryToStore/Page_Divisonal Store Login/input_txtpassword'

2018-06-09 16:43:13 - [TEST_STEP][PASSED] - delay: Delayed 3 second(s)

2018-06-09 16:43:16 - [MESSAGE][PASSED] - Delayed 3 second(s)

2018-06-09 16:43:16 - [TEST_STEP][PASSED] - click: Object: 'Object Repository/DispensaryToStore/Page_Divisonal Store Login/button_Sign in' is clicked on

2018-06-09 16:43:18 - [MESSAGE][PASSED] - Object: 'Object Repository/DispensaryToStore/Page_Divisonal Store Login/button_Sign in' is clicked on

2018-06-09 16:43:18 - [TEST_STEP][PASSED] - delay: Delayed 3 second(s)

2018-06-09 16:43:21 - [MESSAGE][PASSED] - Delayed 3 second(s)

2018-06-09 16:43:21 - [TEST_STEP][PASSED] - scrollToPosition: Browser is scrolled to position x = 100, y = 100

2018-06-09 16:43:21 - [MESSAGE][PASSED] - Browser is scrolled to position x = 100, y = 100

2018-06-09 16:43:21 - [TEST_STEP][PASSED] - click: Object: 'Object Repository/DispensaryToStore/Page_Store/a_Dispensary Request' is clicked on

2018-06-09 16:43:21 - [MESSAGE][PASSED] - Object: 'Object Repository/DispensaryToStore/Page_Store/a_Dispensary Request' is clicked on

2018-06-09 16:43:21 - [TEST_STEP][PASSED] - delay: Delayed 2 second(s)

2018-06-09 16:43:23 - [MESSAGE][PASSED] - Delayed 2 second(s)

2018-06-09 16:43:23 - [TEST_STEP][PASSED] - click: Object: 'Object Repository/DispensaryToStore/Page_Store/a_Request Item Dispensary' is clicked on

2018-06-09 16:43:24 - [MESSAGE][PASSED] - Object: 'Object Repository/DispensaryToStore/Page_Store/a_Request Item Dispensary' is clicked on

2018-06-09 16:43:24 - [TEST_STEP][PASSED] - Statement - ChooseRequest = com.kms.katalon.core.webui.keyword.WebUiBuiltInKeywords.modifyObjectProperty(com.kms.katalon.core.testobject.ObjectRepository.findTestObject(lab/Page_Store/input_1), "xpath", "equals", "//*[@id=" + RID + "]", true): Modify property of object successfully

2018-06-09 16:43:24 - [MESSAGE][PASSED] - Modify property of object successfully

2018-06-09 16:43:24 - [TEST_STEP][PASSED] - click: Object: 'Object Repository/lab/Page_Store/input_1' is clicked on

2018-06-09 16:43:25 - [MESSAGE][PASSED] - Object: 'Object Repository/lab/Page_Store/input_1' is clicked on

2018-06-09 16:43:25 - [TEST_STEP][PASSED] - Statement - selectedoptions = com.kms.katalon.core.webui.keyword.WebUiBuiltInKeywords.getNumberOfTotalOption(com.kms.katalon.core.testobject.ObjectRepository.findTestObject(DispensaryToStore/Page_Store/select_--Select--Adernaline 0.)): 73 options of object 'Object Repository/DispensaryToStore/Page_Store/select_--Select--Adernaline 0.' counted

2018-06-09 16:43:25 - [MESSAGE][PASSED] - 73 options of object 'Object Repository/DispensaryToStore/Page_Store/select_--Select--Adernaline 0.' counted

2018-06-09 16:43:25 - [TEST_STEP][PASSED] - Statement - For ([a = 1, a <= selectedoptions - 1, (a++)]): null

2018-06-09 16:43:25 - [TEST_STEP][PASSED] - selectOptionByIndex: All options with index in [1] are selected on object 'Object Repository/DispensaryToStore/Page_Store/select_--Select--Adernaline 0.'

2018-06-09 16:43:25 - [MESSAGE][PASSED] - All options with index in [1] are selected on object 'Object Repository/DispensaryToStore/Page_Store/select_--Select--Adernaline 0.'

2018-06-09 16:43:25 - [TEST_STEP][PASSED] - delay: Delayed 2 second(s)

2018-06-09 16:43:27 - [MESSAGE][PASSED] - Delayed 2 second(s)

2018-06-09 16:43:27 - [TEST_STEP][PASSED] - Statement - RequestedQty = com.kms.katalon.core.webui.keyword.WebUiBuiltInKeywords.getAttribute(com.kms.katalon.core.testobject.ObjectRepository.findTestObject(DispensaryToStore/Page_Store/input_txttotal), "value"): Attribute 'value' of object 'Object Repository/DispensaryToStore/Page_Store/input_txttotal' is: '10'

2018-06-09 16:43:27 - [MESSAGE][PASSED] - Attribute 'value' of object 'Object Repository/DispensaryToStore/Page_Store/input_txttotal' is: '10'

2018-06-09 16:43:27 - [TEST_STEP][PASSED] - Statement - out.println("Requested QTY : " + RequestedQty): null

2018-06-09 16:43:27 - [TEST_STEP][PASSED] - Statement - BatchNumber = com.kms.katalon.core.webui.keyword.WebUiBuiltInKeywords.getNumberOfTotalOption(com.kms.katalon.core.testobject.ObjectRepository.findTestObject(DispensaryToStore/Page_Store/select_--Select--BA1170BA2376B)): 2 options of object 'Object Repository/DispensaryToStore/Page_Store/select_--Select--BA1170BA2376B' counted

2018-06-09 16:43:27 - [MESSAGE][PASSED] - 2 options of object 'Object Repository/DispensaryToStore/Page_Store/select_--Select--BA1170BA2376B' counted

2018-06-09 16:43:27 - [TEST_STEP][PASSED] - Statement - For ([g = 1, g <= BatchNumber - 1, (g++)]): null

2018-06-09 16:43:27 - [TEST_STEP][PASSED] - selectOptionByIndex: All options with index in [1] are selected on object 'Object Repository/DispensaryToStore/Page_Store/select_--Select--BA1170BA2376B'

2018-06-09 16:43:27 - [MESSAGE][PASSED] - All options with index in [1] are selected on object 'Object Repository/DispensaryToStore/Page_Store/select_--Select--BA1170BA2376B'

2018-06-09 16:43:27 - [TEST_STEP][PASSED] - Statement - Try: null

2018-06-09 16:43:27 - [TEST_STEP][PASSED] - Statement - StockQty = com.kms.katalon.core.webui.keyword.WebUiBuiltInKeywords.getAttribute(com.kms.katalon.core.testobject.ObjectRepository.findTestObject(DispensaryToStore/Page_Store/input_txtprice), "value"): Attribute 'value' of object 'Object Repository/DispensaryToStore/Page_Store/input_txtprice' is: '1850'

2018-06-09 16:43:27 - [MESSAGE][PASSED] - Attribute 'value' of object 'Object Repository/DispensaryToStore/Page_Store/input_txtprice' is: '1850'

2018-06-09 16:43:27 - [TEST_STEP][PASSED] - Statement - out.println("Stock QTY : " + StockQty): null

2018-06-09 16:43:27 - [TEST_STEP][PASSED] - delay: Delayed 2 second(s)

2018-06-09 16:43:29 - [MESSAGE][PASSED] - Delayed 2 second(s)

2018-06-09 16:43:29 - [TEST_STEP][PASSED] - Statement - If (java.lang.String.valueOf(StockQty) >= java.lang.String.valueOf(RequestedQty)): null

2018-06-09 16:43:29 - [TEST_STEP][PASSED] - setText: Text '10' is set on object 'Object Repository/DispensaryToStore/Page_Store/input_txtqty'

2018-06-09 16:43:29 - [MESSAGE][PASSED] - Text '10' is set on object 'Object Repository/DispensaryToStore/Page_Store/input_txtqty'

2018-06-09 16:43:29 - [TEST_STEP][PASSED] - click: Object: 'Object Repository/DispensaryToStore/Page_Store/button_Add' is clicked on

2018-06-09 16:43:30 - [MESSAGE][PASSED] - Object: 'Object Repository/DispensaryToStore/Page_Store/button_Add' is clicked on

2018-06-09 16:43:30 - [TEST_STEP][PASSED] - Statement - Break: null

2018-06-09 16:43:30 - [TEST_STEP][PASSED] - selectOptionByIndex: All options with index in [2] are selected on object 'Object Repository/DispensaryToStore/Page_Store/select_--Select--Adernaline 0.'

2018-06-09 16:43:30 - [MESSAGE][PASSED] - All options with index in [2] are selected on object 'Object Repository/DispensaryToStore/Page_Store/select_--Select--Adernaline 0.'

2018-06-09 16:43:30 - [TEST_STEP][PASSED] - delay: Delayed 2 second(s)

2018-06-09 16:43:32 - [MESSAGE][PASSED] - Delayed 2 second(s)

2018-06-09 16:43:32 - [TEST_STEP][PASSED] - Statement - RequestedQty = com.kms.katalon.core.webui.keyword.WebUiBuiltInKeywords.getAttribute(com.kms.katalon.core.testobject.ObjectRepository.findTestObject(DispensaryToStore/Page_Store/input_txttotal), "value"): Attribute 'value' of object 'Object Repository/DispensaryToStore/Page_Store/input_txttotal' is: '10'

2018-06-09 16:43:32 - [MESSAGE][PASSED] - Attribute 'value' of object 'Object Repository/DispensaryToStore/Page_Store/input_txttotal' is: '10'

2018-06-09 16:43:32 - [TEST_STEP][PASSED] - Statement - out.println("Requested QTY : " + RequestedQty): null

2018-06-09 16:43:32 - [TEST_STEP][PASSED] - Statement - BatchNumber = com.kms.katalon.core.webui.keyword.WebUiBuiltInKeywords.getNumberOfTotalOption(com.kms.katalon.core.testobject.ObjectRepository.findTestObject(DispensaryToStore/Page_Store/select_--Select--BA1170BA2376B)): 5 options of object 'Object Repository/DispensaryToStore/Page_Store/select_--Select--BA1170BA2376B' counted

2018-06-09 16:43:32 - [MESSAGE][PASSED] - 5 options of object 'Object Repository/DispensaryToStore/Page_Store/select_--Select--BA1170BA2376B' counted

2018-06-09 16:43:32 - [TEST_STEP][PASSED] - Statement - For ([g = 1, g <= BatchNumber - 1, (g++)]): null

2018-06-09 16:43:32 - [TEST_STEP][PASSED] - selectOptionByIndex: All options with index in [1] are selected on object 'Object Repository/DispensaryToStore/Page_Store/select_--Select--BA1170BA2376B'

2018-06-09 16:43:32 - [MESSAGE][PASSED] - All options with index in [1] are selected on object 'Object Repository/DispensaryToStore/Page_Store/select_--Select--BA1170BA2376B'

2018-06-09 16:43:32 - [TEST_STEP][PASSED] - Statement - Try: null

2018-06-09 16:43:32 - [TEST_STEP][PASSED] - Statement - StockQty = com.kms.katalon.core.webui.keyword.WebUiBuiltInKeywords.getAttribute(com.kms.katalon.core.testobject.ObjectRepository.findTestObject(DispensaryToStore/Page_Store/input_txtprice), "value"): Attribute 'value' of object 'Object Repository/DispensaryToStore/Page_Store/input_txtprice' is: '370'

2018-06-09 16:43:32 - [MESSAGE][PASSED] - Attribute 'value' of object 'Object Repository/DispensaryToStore/Page_Store/input_txtprice' is: '370'

2018-06-09 16:43:32 - [TEST_STEP][PASSED] - Statement - out.println("Stock QTY : " + StockQty): null

2018-06-09 16:43:32 - [TEST_STEP][PASSED] - delay: Delayed 2 second(s)

2018-06-09 16:43:34 - [MESSAGE][PASSED] - Delayed 2 second(s)

2018-06-09 16:43:34 - [TEST_STEP][PASSED] - Statement - If (java.lang.String.valueOf(StockQty) >= java.lang.String.valueOf(RequestedQty)): null

2018-06-09 16:43:34 - [TEST_STEP][PASSED] - setText: Text '10' is set on object 'Object Repository/DispensaryToStore/Page_Store/input_txtqty'

2018-06-09 16:43:34 - [MESSAGE][PASSED] - Text '10' is set on object 'Object Repository/DispensaryToStore/Page_Store/input_txtqty'

2018-06-09 16:43:34 - [TEST_STEP][PASSED] - click: Object: 'Object Repository/DispensaryToStore/Page_Store/button_Add' is clicked on

2018-06-09 16:43:34 - [MESSAGE][PASSED] - Object: 'Object Repository/DispensaryToStore/Page_Store/button_Add' is clicked on

2018-06-09 16:43:34 - [TEST_STEP][PASSED] - Statement - Break: null

2018-06-09 16:43:34 - [TEST_STEP][PASSED] - selectOptionByIndex: All options with index in [3] are selected on object 'Object Repository/DispensaryToStore/Page_Store/select_--Select--Adernaline 0.'

2018-06-09 16:43:34 - [MESSAGE][PASSED] - All options with index in [3] are selected on object 'Object Repository/DispensaryToStore/Page_Store/select_--Select--Adernaline 0.'

2018-06-09 16:43:34 - [TEST_STEP][PASSED] - delay: Delayed 2 second(s)

2018-06-09 16:43:36 - [MESSAGE][PASSED] - Delayed 2 second(s)

2018-06-09 16:43:36 - [TEST_STEP][PASSED] - Statement - RequestedQty = com.kms.katalon.core.webui.keyword.WebUiBuiltInKeywords.getAttribute(com.kms.katalon.core.testobject.ObjectRepository.findTestObject(DispensaryToStore/Page_Store/input_txttotal), "value"): Attribute 'value' of object 'Object Repository/DispensaryToStore/Page_Store/input_txttotal' is: '10'

2018-06-09 16:43:36 - [MESSAGE][PASSED] - Attribute 'value' of object 'Object Repository/DispensaryToStore/Page_Store/input_txttotal' is: '10'

2018-06-09 16:43:36 - [TEST_STEP][PASSED] - Statement - out.println("Requested QTY : " + RequestedQty): null

2018-06-09 16:43:36 - [TEST_STEP][PASSED] - Statement - BatchNumber = com.kms.katalon.core.webui.keyword.WebUiBuiltInKeywords.getNumberOfTotalOption(com.kms.katalon.core.testobject.ObjectRepository.findTestObject(DispensaryToStore/Page_Store/select_--Select--BA1170BA2376B)): 6 options of object 'Object Repository/DispensaryToStore/Page_Store/select_--Select--BA1170BA2376B' counted

2018-06-09 16:43:37 - [MESSAGE][PASSED] - 6 options of object 'Object Repository/DispensaryToStore/Page_Store/select_--Select--BA1170BA2376B' counted

2018-06-09 16:43:37 - [TEST_STEP][PASSED] - Statement - For ([g = 1, g <= BatchNumber - 1, (g++)]): null

2018-06-09 16:43:37 - [TEST_STEP][PASSED] - selectOptionByIndex: All options with index in [1] are selected on object 'Object Repository/DispensaryToStore/Page_Store/select_--Select--BA1170BA2376B'

2018-06-09 16:43:37 - [MESSAGE][PASSED] - All options with index in [1] are selected on object 'Object Repository/DispensaryToStore/Page_Store/select_--Select--BA1170BA2376B'

2018-06-09 16:43:37 - [TEST_STEP][PASSED] - Statement - Try: null

2018-06-09 16:43:37 - [TEST_STEP][PASSED] - Statement - StockQty = com.kms.katalon.core.webui.keyword.WebUiBuiltInKeywords.getAttribute(com.kms.katalon.core.testobject.ObjectRepository.findTestObject(DispensaryToStore/Page_Store/input_txtprice), "value"): Attribute 'value' of object 'Object Repository/DispensaryToStore/Page_Store/input_txtprice' is: '170'

2018-06-09 16:43:37 - [MESSAGE][PASSED] - Attribute 'value' of object 'Object Repository/DispensaryToStore/Page_Store/input_txtprice' is: '170'

2018-06-09 16:43:37 - [TEST_STEP][PASSED] - Statement - out.println("Stock QTY : " + StockQty): null

2018-06-09 16:43:37 - [TEST_STEP][PASSED] - delay: Delayed 2 second(s)

2018-06-09 16:43:39 - [MESSAGE][PASSED] - Delayed 2 second(s)

2018-06-09 16:43:39 - [TEST_STEP][PASSED] - Statement - If (java.lang.String.valueOf(StockQty) >= java.lang.String.valueOf(RequestedQty)): null

2018-06-09 16:43:39 - [TEST_STEP][PASSED] - setText: Text '10' is set on object 'Object Repository/DispensaryToStore/Page_Store/input_txtqty'

2018-06-09 16:43:39 - [MESSAGE][PASSED] - Text '10' is set on object 'Object Repository/DispensaryToStore/Page_Store/input_txtqty'

2018-06-09 16:43:39 - [TEST_STEP][PASSED] - click: Object: 'Object Repository/DispensaryToStore/Page_Store/button_Add' is clicked on

2018-06-09 16:43:39 - [MESSAGE][PASSED] - Object: 'Object Repository/DispensaryToStore/Page_Store/button_Add' is clicked on

2018-06-09 16:43:39 - [TEST_STEP][PASSED] - Statement - Break: null

2018-06-09 16:43:39 - [TEST_STEP][PASSED] - selectOptionByIndex: All options with index in [4] are selected on object 'Object Repository/DispensaryToStore/Page_Store/select_--Select--Adernaline 0.'

2018-06-09 16:43:39 - [MESSAGE][PASSED] - All options with index in [4] are selected on object 'Object Repository/DispensaryToStore/Page_Store/select_--Select--Adernaline 0.'

2018-06-09 16:43:39 - [TEST_STEP][PASSED] - delay: Delayed 2 second(s)

2018-06-09 16:43:41 - [MESSAGE][PASSED] - Delayed 2 second(s)

2018-06-09 16:43:41 - [TEST_STEP][PASSED] - Statement - RequestedQty = com.kms.katalon.core.webui.keyword.WebUiBuiltInKeywords.getAttribute(com.kms.katalon.core.testobject.ObjectRepository.findTestObject(DispensaryToStore/Page_Store/input_txttotal), "value"): Attribute 'value' of object 'Object Repository/DispensaryToStore/Page_Store/input_txttotal' is: '10'

2018-06-09 16:43:41 - [MESSAGE][PASSED] - Attribute 'value' of object 'Object Repository/DispensaryToStore/Page_Store/input_txttotal' is: '10'

2018-06-09 16:43:41 - [TEST_STEP][PASSED] - Statement - out.println("Requested QTY : " + RequestedQty): null

2018-06-09 16:43:41 - [TEST_STEP][PASSED] - Statement - BatchNumber = com.kms.katalon.core.webui.keyword.WebUiBuiltInKeywords.getNumberOfTotalOption(com.kms.katalon.core.testobject.ObjectRepository.findTestObject(DispensaryToStore/Page_Store/select_--Select--BA1170BA2376B)): 4 options of object 'Object Repository/DispensaryToStore/Page_Store/select_--Select--BA1170BA2376B' counted

2018-06-09 16:43:41 - [MESSAGE][PASSED] - 4 options of object 'Object Repository/DispensaryToStore/Page_Store/select_--Select--BA1170BA2376B' counted

2018-06-09 16:43:41 - [TEST_STEP][PASSED] - Statement - For ([g = 1, g <= BatchNumber - 1, (g++)]): null

2018-06-09 16:43:41 - [TEST_STEP][PASSED] - selectOptionByIndex: All options with index in [1] are selected on object 'Object Repository/DispensaryToStore/Page_Store/select_--Select--BA1170BA2376B'

2018-06-09 16:43:41 - [MESSAGE][PASSED] - All options with index in [1] are selected on object 'Object Repository/DispensaryToStore/Page_Store/select_--Select--BA1170BA2376B'

2018-06-09 16:43:41 - [TEST_STEP][PASSED] - Statement - Try: null

2018-06-09 16:43:41 - [TEST_STEP][PASSED] - Statement - StockQty = com.kms.katalon.core.webui.keyword.WebUiBuiltInKeywords.getAttribute(com.kms.katalon.core.testobject.ObjectRepository.findTestObject(DispensaryToStore/Page_Store/input_txtprice), "value"): Attribute 'value' of object 'Object Repository/DispensaryToStore/Page_Store/input_txtprice' is: '270'

2018-06-09 16:43:41 - [MESSAGE][PASSED] - Attribute 'value' of object 'Object Repository/DispensaryToStore/Page_Store/input_txtprice' is: '270'

2018-06-09 16:43:41 - [TEST_STEP][PASSED] - Statement - out.println("Stock QTY : " + StockQty): null

2018-06-09 16:43:41 - [TEST_STEP][PASSED] - delay: Delayed 2 second(s)

2018-06-09 16:43:43 - [MESSAGE][PASSED] - Delayed 2 second(s)

2018-06-09 16:43:43 - [TEST_STEP][PASSED] - Statement - If (java.lang.String.valueOf(StockQty) >= java.lang.String.valueOf(RequestedQty)): null

2018-06-09 16:43:43 - [TEST_STEP][PASSED] - setText: Text '10' is set on object 'Object Repository/DispensaryToStore/Page_Store/input_txtqty'

2018-06-09 16:43:43 - [MESSAGE][PASSED] - Text '10' is set on object 'Object Repository/DispensaryToStore/Page_Store/input_txtqty'

2018-06-09 16:43:43 - [TEST_STEP][PASSED] - click: Object: 'Object Repository/DispensaryToStore/Page_Store/button_Add' is clicked on

2018-06-09 16:43:44 - [MESSAGE][PASSED] - Object: 'Object Repository/DispensaryToStore/Page_Store/button_Add' is clicked on

2018-06-09 16:43:44 - [TEST_STEP][PASSED] - Statement - Break: null

2018-06-09 16:43:44 - [TEST_STEP][PASSED] - selectOptionByIndex: All options with index in [5] are selected on object 'Object Repository/DispensaryToStore/Page_Store/select_--Select--Adernaline 0.'

2018-06-09 16:43:44 - [MESSAGE][PASSED] - All options with index in [5] are selected on object 'Object Repository/DispensaryToStore/Page_Store/select_--Select--Adernaline 0.'

2018-06-09 16:43:44 - [TEST_STEP][PASSED] - delay: Delayed 2 second(s)

2018-06-09 16:43:46 - [MESSAGE][PASSED] - Delayed 2 second(s)

2018-06-09 16:43:46 - [TEST_STEP][PASSED] - Statement - RequestedQty = com.kms.katalon.core.webui.keyword.WebUiBuiltInKeywords.getAttribute(com.kms.katalon.core.testobject.ObjectRepository.findTestObject(DispensaryToStore/Page_Store/input_txttotal), "value"): Attribute 'value' of object 'Object Repository/DispensaryToStore/Page_Store/input_txttotal' is: '10'

2018-06-09 16:43:46 - [MESSAGE][PASSED] - Attribute 'value' of object 'Object Repository/DispensaryToStore/Page_Store/input_txttotal' is: '10'

2018-06-09 16:43:46 - [TEST_STEP][PASSED] - Statement - out.println("Requested QTY : " + RequestedQty): null

2018-06-09 16:43:46 - [TEST_STEP][PASSED] - Statement - BatchNumber = com.kms.katalon.core.webui.keyword.WebUiBuiltInKeywords.getNumberOfTotalOption(com.kms.katalon.core.testobject.ObjectRepository.findTestObject(DispensaryToStore/Page_Store/select_--Select--BA1170BA2376B)): 3 options of object 'Object Repository/DispensaryToStore/Page_Store/select_--Select--BA1170BA2376B' counted

2018-06-09 16:43:46 - [MESSAGE][PASSED] - 3 options of object 'Object Repository/DispensaryToStore/Page_Store/select_--Select--BA1170BA2376B' counted

2018-06-09 16:43:46 - [TEST_STEP][PASSED] - Statement - For ([g = 1, g <= BatchNumber - 1, (g++)]): null

2018-06-09 16:43:46 - [TEST_STEP][PASSED] - selectOptionByIndex: All options with index in [1] are selected on object 'Object Repository/DispensaryToStore/Page_Store/select_--Select--BA1170BA2376B'

2018-06-09 16:43:46 - [MESSAGE][PASSED] - All options with index in [1] are selected on object 'Object Repository/DispensaryToStore/Page_Store/select_--Select--BA1170BA2376B'

2018-06-09 16:43:46 - [TEST_STEP][PASSED] - Statement - Try: null

2018-06-09 16:43:46 - [TEST_STEP][PASSED] - Statement - StockQty = com.kms.katalon.core.webui.keyword.WebUiBuiltInKeywords.getAttribute(com.kms.katalon.core.testobject.ObjectRepository.findTestObject(DispensaryToStore/Page_Store/input_txtprice), "value"): Attribute 'value' of object 'Object Repository/DispensaryToStore/Page_Store/input_txtprice' is: '740'

2018-06-09 16:43:46 - [MESSAGE][PASSED] - Attribute 'value' of object 'Object Repository/DispensaryToStore/Page_Store/input_txtprice' is: '740'

2018-06-09 16:43:46 - [TEST_STEP][PASSED] - Statement - out.println("Stock QTY : " + StockQty): null

2018-06-09 16:43:46 - [TEST_STEP][PASSED] - delay: Delayed 2 second(s)

2018-06-09 16:43:48 - [MESSAGE][PASSED] - Delayed 2 second(s)

2018-06-09 16:43:48 - [TEST_STEP][PASSED] - Statement - If (java.lang.String.valueOf(StockQty) >= java.lang.String.valueOf(RequestedQty)): null

2018-06-09 16:43:48 - [TEST_STEP][PASSED] - setText: Text '10' is set on object 'Object Repository/DispensaryToStore/Page_Store/input_txtqty'

2018-06-09 16:43:48 - [MESSAGE][PASSED] - Text '10' is set on object 'Object Repository/DispensaryToStore/Page_Store/input_txtqty'

2018-06-09 16:43:48 - [TEST_STEP][PASSED] - click: Object: 'Object Repository/DispensaryToStore/Page_Store/button_Add' is clicked on

2018-06-09 16:43:48 - [MESSAGE][PASSED] - Object: 'Object Repository/DispensaryToStore/Page_Store/button_Add' is clicked on

2018-06-09 16:43:48 - [TEST_STEP][PASSED] - Statement - Break: null

2018-06-09 16:43:48 - [TEST_STEP][PASSED] - selectOptionByIndex: All options with index in [6] are selected on object 'Object Repository/DispensaryToStore/Page_Store/select_--Select--Adernaline 0.'

2018-06-09 16:43:48 - [MESSAGE][PASSED] - All options with index in [6] are selected on object 'Object Repository/DispensaryToStore/Page_Store/select_--Select--Adernaline 0.'

2018-06-09 16:43:48 - [TEST_STEP][PASSED] - delay: Delayed 2 second(s)

2018-06-09 16:43:50 - [MESSAGE][PASSED] - Delayed 2 second(s)

2018-06-09 16:43:50 - [TEST_STEP][PASSED] - Statement - RequestedQty = com.kms.katalon.core.webui.keyword.WebUiBuiltInKeywords.getAttribute(com.kms.katalon.core.testobject.ObjectRepository.findTestObject(DispensaryToStore/Page_Store/input_txttotal), "value"): Attribute 'value' of object 'Object Repository/DispensaryToStore/Page_Store/input_txttotal' is: '10'

2018-06-09 16:43:50 - [MESSAGE][PASSED] - Attribute 'value' of object 'Object Repository/DispensaryToStore/Page_Store/input_txttotal' is: '10'

2018-06-09 16:43:50 - [TEST_STEP][PASSED] - Statement - out.println("Requested QTY : " + RequestedQty): null

2018-06-09 16:43:50 - [TEST_STEP][PASSED] - Statement - BatchNumber = com.kms.katalon.core.webui.keyword.WebUiBuiltInKeywords.getNumberOfTotalOption(com.kms.katalon.core.testobject.ObjectRepository.findTestObject(DispensaryToStore/Page_Store/select_--Select--BA1170BA2376B)): 4 options of object 'Object Repository/DispensaryToStore/Page_Store/select_--Select--BA1170BA2376B' counted

2018-06-09 16:43:50 - [MESSAGE][PASSED] - 4 options of object 'Object Repository/DispensaryToStore/Page_Store/select_--Select--BA1170BA2376B' counted

2018-06-09 16:43:50 - [TEST_STEP][PASSED] - Statement - For ([g = 1, g <= BatchNumber - 1, (g++)]): null

2018-06-09 16:43:50 - [TEST_STEP][PASSED] - selectOptionByIndex: All options with index in [1] are selected on object 'Object Repository/DispensaryToStore/Page_Store/select_--Select--BA1170BA2376B'

2018-06-09 16:43:51 - [MESSAGE][PASSED] - All options with index in [1] are selected on object 'Object Repository/DispensaryToStore/Page_Store/select_--Select--BA1170BA2376B'

2018-06-09 16:43:51 - [TEST_STEP][PASSED] - Statement - Try: null

2018-06-09 16:43:51 - [TEST_STEP][PASSED] - Statement - StockQty = com.kms.katalon.core.webui.keyword.WebUiBuiltInKeywords.getAttribute(com.kms.katalon.core.testobject.ObjectRepository.findTestObject(DispensaryToStore/Page_Store/input_txtprice), "value"): Attribute 'value' of object 'Object Repository/DispensaryToStore/Page_Store/input_txtprice' is: '370'

2018-06-09 16:43:51 - [MESSAGE][PASSED] - Attribute 'value' of object 'Object Repository/DispensaryToStore/Page_Store/input_txtprice' is: '370'

2018-06-09 16:43:51 - [TEST_STEP][PASSED] - Statement - out.println("Stock QTY : " + StockQty): null

2018-06-09 16:43:51 - [TEST_STEP][PASSED] - delay: Delayed 2 second(s)

2018-06-09 16:43:53 - [MESSAGE][PASSED] - Delayed 2 second(s)

2018-06-09 16:43:53 - [TEST_STEP][PASSED] - Statement - If (java.lang.String.valueOf(StockQty) >= java.lang.String.valueOf(RequestedQty)): null

2018-06-09 16:43:53 - [TEST_STEP][PASSED] - setText: Text '10' is set on object 'Object Repository/DispensaryToStore/Page_Store/input_txtqty'

2018-06-09 16:43:53 - [MESSAGE][PASSED] - Text '10' is set on object 'Object Repository/DispensaryToStore/Page_Store/input_txtqty'

2018-06-09 16:43:53 - [TEST_STEP][PASSED] - click: Object: 'Object Repository/DispensaryToStore/Page_Store/button_Add' is clicked on

2018-06-09 16:43:53 - [MESSAGE][PASSED] - Object: 'Object Repository/DispensaryToStore/Page_Store/button_Add' is clicked on

2018-06-09 16:43:53 - [TEST_STEP][PASSED] - Statement - Break: null

2018-06-09 16:43:53 - [TEST_STEP][PASSED] - selectOptionByIndex: All options with index in [7] are selected on object 'Object Repository/DispensaryToStore/Page_Store/select_--Select--Adernaline 0.'

2018-06-09 16:43:53 - [MESSAGE][PASSED] - All options with index in [7] are selected on object 'Object Repository/DispensaryToStore/Page_Store/select_--Select--Adernaline 0.'

2018-06-09 16:43:53 - [TEST_STEP][PASSED] - delay: Delayed 2 second(s)

2018-06-09 16:43:55 - [MESSAGE][PASSED] - Delayed 2 second(s)

2018-06-09 16:43:55 - [TEST_STEP][PASSED] - Statement - RequestedQty = com.kms.katalon.core.webui.keyword.WebUiBuiltInKeywords.getAttribute(com.kms.katalon.core.testobject.ObjectRepository.findTestObject(DispensaryToStore/Page_Store/input_txttotal), "value"): Attribute 'value' of object 'Object Repository/DispensaryToStore/Page_Store/input_txttotal' is: '10'

2018-06-09 16:43:55 - [MESSAGE][PASSED] - Attribute 'value' of object 'Object Repository/DispensaryToStore/Page_Store/input_txttotal' is: '10'

2018-06-09 16:43:55 - [TEST_STEP][PASSED] - Statement - out.println("Requested QTY : " + RequestedQty): null

2018-06-09 16:43:55 - [TEST_STEP][PASSED] - Statement - BatchNumber = com.kms.katalon.core.webui.keyword.WebUiBuiltInKeywords.getNumberOfTotalOption(com.kms.katalon.core.testobject.ObjectRepository.findTestObject(DispensaryToStore/Page_Store/select_--Select--BA1170BA2376B)): 5 options of object 'Object Repository/DispensaryToStore/Page_Store/select_--Select--BA1170BA2376B' counted

2018-06-09 16:43:55 - [MESSAGE][PASSED] - 5 options of object 'Object Repository/DispensaryToStore/Page_Store/select_--Select--BA1170BA2376B' counted

2018-06-09 16:43:55 - [TEST_STEP][PASSED] - Statement - For ([g = 1, g <= BatchNumber - 1, (g++)]): null

2018-06-09 16:43:55 - [TEST_STEP][PASSED] - selectOptionByIndex: All options with index in [1] are selected on object 'Object Repository/DispensaryToStore/Page_Store/select_--Select--BA1170BA2376B'

2018-06-09 16:43:55 - [MESSAGE][PASSED] - All options with index in [1] are selected on object 'Object Repository/DispensaryToStore/Page_Store/select_--Select--BA1170BA2376B'

2018-06-09 16:43:55 - [TEST_STEP][PASSED] - Statement - Try: null

2018-06-09 16:43:55 - [TEST_STEP][PASSED] - Statement - StockQty = com.kms.katalon.core.webui.keyword.WebUiBuiltInKeywords.getAttribute(com.kms.katalon.core.testobject.ObjectRepository.findTestObject(DispensaryToStore/Page_Store/input_txtprice), "value"): Attribute 'value' of object 'Object Repository/DispensaryToStore/Page_Store/input_txtprice' is: '370'

2018-06-09 16:43:55 - [MESSAGE][PASSED] - Attribute 'value' of object 'Object Repository/DispensaryToStore/Page_Store/input_txtprice' is: '370'

2018-06-09 16:43:55 - [TEST_STEP][PASSED] - Statement - out.println("Stock QTY : " + StockQty): null

2018-06-09 16:43:55 - [TEST_STEP][PASSED] - delay: Delayed 2 second(s)

2018-06-09 16:43:57 - [MESSAGE][PASSED] - Delayed 2 second(s)

2018-06-09 16:43:57 - [TEST_STEP][PASSED] - Statement - If (java.lang.String.valueOf(StockQty) >= java.lang.String.valueOf(RequestedQty)): null

2018-06-09 16:43:57 - [TEST_STEP][PASSED] - setText: Text '10' is set on object 'Object Repository/DispensaryToStore/Page_Store/input_txtqty'

2018-06-09 16:43:57 - [MESSAGE][PASSED] - Text '10' is set on object 'Object Repository/DispensaryToStore/Page_Store/input_txtqty'

2018-06-09 16:43:57 - [TEST_STEP][PASSED] - click: Object: 'Object Repository/DispensaryToStore/Page_Store/button_Add' is clicked on

2018-06-09 16:43:58 - [MESSAGE][PASSED] - Object: 'Object Repository/DispensaryToStore/Page_Store/button_Add' is clicked on

2018-06-09 16:43:58 - [TEST_STEP][PASSED] - Statement - Break: null

2018-06-09 16:43:58 - [TEST_STEP][PASSED] - selectOptionByIndex: All options with index in [8] are selected on object 'Object Repository/DispensaryToStore/Page_Store/select_--Select--Adernaline 0.'

2018-06-09 16:43:58 - [MESSAGE][PASSED] - All options with index in [8] are selected on object 'Object Repository/DispensaryToStore/Page_Store/select_--Select--Adernaline 0.'

2018-06-09 16:43:58 - [TEST_STEP][PASSED] - delay: Delayed 2 second(s)

2018-06-09 16:44:00 - [MESSAGE][PASSED] - Delayed 2 second(s)

2018-06-09 16:44:00 - [TEST_STEP][PASSED] - Statement - RequestedQty = com.kms.katalon.core.webui.keyword.WebUiBuiltInKeywords.getAttribute(com.kms.katalon.core.testobject.ObjectRepository.findTestObject(DispensaryToStore/Page_Store/input_txttotal), "value"): Attribute 'value' of object 'Object Repository/DispensaryToStore/Page_Store/input_txttotal' is: '10'

2018-06-09 16:44:00 - [MESSAGE][PASSED] - Attribute 'value' of object 'Object Repository/DispensaryToStore/Page_Store/input_txttotal' is: '10'

2018-06-09 16:44:00 - [TEST_STEP][PASSED] - Statement - out.println("Requested QTY : " + RequestedQty): null

2018-06-09 16:44:00 - [TEST_STEP][PASSED] - Statement - BatchNumber = com.kms.katalon.core.webui.keyword.WebUiBuiltInKeywords.getNumberOfTotalOption(com.kms.katalon.core.testobject.ObjectRepository.findTestObject(DispensaryToStore/Page_Store/select_--Select--BA1170BA2376B)): 5 options of object 'Object Repository/DispensaryToStore/Page_Store/select_--Select--BA1170BA2376B' counted

2018-06-09 16:44:00 - [MESSAGE][PASSED] - 5 options of object 'Object Repository/DispensaryToStore/Page_Store/select_--Select--BA1170BA2376B' counted

2018-06-09 16:44:00 - [TEST_STEP][PASSED] - Statement - For ([g = 1, g <= BatchNumber - 1, (g++)]): null

2018-06-09 16:44:00 - [TEST_STEP][PASSED] - selectOptionByIndex: All options with index in [1] are selected on object 'Object Repository/DispensaryToStore/Page_Store/select_--Select--BA1170BA2376B'

2018-06-09 16:44:00 - [MESSAGE][PASSED] - All options with index in [1] are selected on object 'Object Repository/DispensaryToStore/Page_Store/select_--Select--BA1170BA2376B'

2018-06-09 16:44:00 - [TEST_STEP][PASSED] - Statement - Try: null

2018-06-09 16:44:00 - [TEST_STEP][PASSED] - Statement - StockQty = com.kms.katalon.core.webui.keyword.WebUiBuiltInKeywords.getAttribute(com.kms.katalon.core.testobject.ObjectRepository.findTestObject(DispensaryToStore/Page_Store/input_txtprice), "value"): Attribute 'value' of object 'Object Repository/DispensaryToStore/Page_Store/input_txtprice' is: '370'

2018-06-09 16:44:00 - [MESSAGE][PASSED] - Attribute 'value' of object 'Object Repository/DispensaryToStore/Page_Store/input_txtprice' is: '370'

2018-06-09 16:44:00 - [TEST_STEP][PASSED] - Statement - out.println("Stock QTY : " + StockQty): null

2018-06-09 16:44:00 - [TEST_STEP][PASSED] - delay: Delayed 2 second(s)

2018-06-09 16:44:02 - [MESSAGE][PASSED] - Delayed 2 second(s)

2018-06-09 16:44:02 - [TEST_STEP][PASSED] - Statement - If (java.lang.String.valueOf(StockQty) >= java.lang.String.valueOf(RequestedQty)): null

2018-06-09 16:44:02 - [TEST_STEP][PASSED] - setText: Text '10' is set on object 'Object Repository/DispensaryToStore/Page_Store/input_txtqty'

2018-06-09 16:44:02 - [MESSAGE][PASSED] - Text '10' is set on object 'Object Repository/DispensaryToStore/Page_Store/input_txtqty'

2018-06-09 16:44:02 - [TEST_STEP][PASSED] - click: Object: 'Object Repository/DispensaryToStore/Page_Store/button_Add' is clicked on

2018-06-09 16:44:02 - [MESSAGE][PASSED] - Object: 'Object Repository/DispensaryToStore/Page_Store/button_Add' is clicked on

2018-06-09 16:44:02 - [TEST_STEP][PASSED] - Statement - Break: null

2018-06-09 16:44:02 - [TEST_STEP][PASSED] - selectOptionByIndex: All options with index in [9] are selected on object 'Object Repository/DispensaryToStore/Page_Store/select_--Select--Adernaline 0.'

2018-06-09 16:44:02 - [MESSAGE][PASSED] - All options with index in [9] are selected on object 'Object Repository/DispensaryToStore/Page_Store/select_--Select--Adernaline 0.'

2018-06-09 16:44:02 - [TEST_STEP][PASSED] - delay: Delayed 2 second(s)

2018-06-09 16:44:04 - [MESSAGE][PASSED] - Delayed 2 second(s)

2018-06-09 16:44:04 - [TEST_STEP][PASSED] - Statement - RequestedQty = com.kms.katalon.core.webui.keyword.WebUiBuiltInKeywords.getAttribute(com.kms.katalon.core.testobject.ObjectRepository.findTestObject(DispensaryToStore/Page_Store/input_txttotal), "value"): Attribute 'value' of object 'Object Repository/DispensaryToStore/Page_Store/input_txttotal' is: '10'

2018-06-09 16:44:04 - [MESSAGE][PASSED] - Attribute 'value' of object 'Object Repository/DispensaryToStore/Page_Store/input_txttotal' is: '10'

2018-06-09 16:44:04 - [TEST_STEP][PASSED] - Statement - out.println("Requested QTY : " + RequestedQty): null

2018-06-09 16:44:04 - [TEST_STEP][PASSED] - Statement - BatchNumber = com.kms.katalon.core.webui.keyword.WebUiBuiltInKeywords.getNumberOfTotalOption(com.kms.katalon.core.testobject.ObjectRepository.findTestObject(DispensaryToStore/Page_Store/select_--Select--BA1170BA2376B)): 4 options of object 'Object Repository/DispensaryToStore/Page_Store/select_--Select--BA1170BA2376B' counted

2018-06-09 16:44:05 - [MESSAGE][PASSED] - 4 options of object 'Object Repository/DispensaryToStore/Page_Store/select_--Select--BA1170BA2376B' counted

2018-06-09 16:44:05 - [TEST_STEP][PASSED] - Statement - For ([g = 1, g <= BatchNumber - 1, (g++)]): null

2018-06-09 16:44:05 - [TEST_STEP][PASSED] - selectOptionByIndex: All options with index in [1] are selected on object 'Object Repository/DispensaryToStore/Page_Store/select_--Select--BA1170BA2376B'

2018-06-09 16:44:05 - [MESSAGE][PASSED] - All options with index in [1] are selected on object 'Object Repository/DispensaryToStore/Page_Store/select_--Select--BA1170BA2376B'

2018-06-09 16:44:05 - [TEST_STEP][PASSED] - Statement - Try: null

2018-06-09 16:44:05 - [TEST_STEP][PASSED] - Statement - StockQty = com.kms.katalon.core.webui.keyword.WebUiBuiltInKeywords.getAttribute(com.kms.katalon.core.testobject.ObjectRepository.findTestObject(DispensaryToStore/Page_Store/input_txtprice), "value"): Attribute 'value' of object 'Object Repository/DispensaryToStore/Page_Store/input_txtprice' is: '370'

2018-06-09 16:44:05 - [MESSAGE][PASSED] - Attribute 'value' of object 'Object Repository/DispensaryToStore/Page_Store/input_txtprice' is: '370'

2018-06-09 16:44:05 - [TEST_STEP][PASSED] - Statement - out.println("Stock QTY : " + StockQty): null

2018-06-09 16:44:05 - [TEST_STEP][PASSED] - delay: Delayed 2 second(s)

2018-06-09 16:44:07 - [MESSAGE][PASSED] - Delayed 2 second(s)

2018-06-09 16:44:07 - [TEST_STEP][PASSED] - Statement - If (java.lang.String.valueOf(StockQty) >= java.lang.String.valueOf(RequestedQty)): null

2018-06-09 16:44:07 - [TEST_STEP][PASSED] - setText: Text '10' is set on object 'Object Repository/DispensaryToStore/Page_Store/input_txtqty'

2018-06-09 16:44:07 - [MESSAGE][PASSED] - Text '10' is set on object 'Object Repository/DispensaryToStore/Page_Store/input_txtqty'

2018-06-09 16:44:07 - [TEST_STEP][PASSED] - click: Object: 'Object Repository/DispensaryToStore/Page_Store/button_Add' is clicked on

2018-06-09 16:44:07 - [MESSAGE][PASSED] - Object: 'Object Repository/DispensaryToStore/Page_Store/button_Add' is clicked on

2018-06-09 16:44:07 - [TEST_STEP][PASSED] - Statement - Break: null

2018-06-09 16:44:07 - [TEST_STEP][PASSED] - selectOptionByIndex: All options with index in [10] are selected on object 'Object Repository/DispensaryToStore/Page_Store/select_--Select--Adernaline 0.'

2018-06-09 16:44:07 - [MESSAGE][PASSED] - All options with index in [10] are selected on object 'Object Repository/DispensaryToStore/Page_Store/select_--Select--Adernaline 0.'

2018-06-09 16:44:07 - [TEST_STEP][PASSED] - delay: Delayed 2 second(s)

2018-06-09 16:44:09 - [MESSAGE][PASSED] - Delayed 2 second(s)

2018-06-09 16:44:09 - [TEST_STEP][PASSED] - Statement - RequestedQty = com.kms.katalon.core.webui.keyword.WebUiBuiltInKeywords.getAttribute(com.kms.katalon.core.testobject.ObjectRepository.findTestObject(DispensaryToStore/Page_Store/input_txttotal), "value"): Attribute 'value' of object 'Object Repository/DispensaryToStore/Page_Store/input_txttotal' is: '10'

2018-06-09 16:44:09 - [MESSAGE][PASSED] - Attribute 'value' of object 'Object Repository/DispensaryToStore/Page_Store/input_txttotal' is: '10'

2018-06-09 16:44:09 - [TEST_STEP][PASSED] - Statement - out.println("Requested QTY : " + RequestedQty): null

2018-06-09 16:44:09 - [TEST_STEP][PASSED] - Statement - BatchNumber = com.kms.katalon.core.webui.keyword.WebUiBuiltInKeywords.getNumberOfTotalOption(com.kms.katalon.core.testobject.ObjectRepository.findTestObject(DispensaryToStore/Page_Store/select_--Select--BA1170BA2376B)): 4 options of object 'Object Repository/DispensaryToStore/Page_Store/select_--Select--BA1170BA2376B' counted

2018-06-09 16:44:09 - [MESSAGE][PASSED] - 4 options of object 'Object Repository/DispensaryToStore/Page_Store/select_--Select--BA1170BA2376B' counted

2018-06-09 16:44:09 - [TEST_STEP][PASSED] - Statement - For ([g = 1, g <= BatchNumber - 1, (g++)]): null

2018-06-09 16:44:09 - [TEST_STEP][PASSED] - selectOptionByIndex: All options with index in [1] are selected on object 'Object Repository/DispensaryToStore/Page_Store/select_--Select--BA1170BA2376B'

2018-06-09 16:44:09 - [MESSAGE][PASSED] - All options with index in [1] are selected on object 'Object Repository/DispensaryToStore/Page_Store/select_--Select--BA1170BA2376B'

2018-06-09 16:44:09 - [TEST_STEP][PASSED] - Statement - Try: null

2018-06-09 16:44:09 - [TEST_STEP][PASSED] - Statement - StockQty = com.kms.katalon.core.webui.keyword.WebUiBuiltInKeywords.getAttribute(com.kms.katalon.core.testobject.ObjectRepository.findTestObject(DispensaryToStore/Page_Store/input_txtprice), "value"): Attribute 'value' of object 'Object Repository/DispensaryToStore/Page_Store/input_txtprice' is: '740'

2018-06-09 16:44:09 - [MESSAGE][PASSED] - Attribute 'value' of object 'Object Repository/DispensaryToStore/Page_Store/input_txtprice' is: '740'

2018-06-09 16:44:09 - [TEST_STEP][PASSED] - Statement - out.println("Stock QTY : " + StockQty): null

2018-06-09 16:44:09 - [TEST_STEP][PASSED] - delay: Delayed 2 second(s)

2018-06-09 16:44:11 - [MESSAGE][PASSED] - Delayed 2 second(s)

2018-06-09 16:44:11 - [TEST_STEP][PASSED] - Statement - If (java.lang.String.valueOf(StockQty) >= java.lang.String.valueOf(RequestedQty)): null

2018-06-09 16:44:11 - [TEST_STEP][PASSED] - setText: Text '10' is set on object 'Object Repository/DispensaryToStore/Page_Store/input_txtqty'

2018-06-09 16:44:11 - [MESSAGE][PASSED] - Text '10' is set on object 'Object Repository/DispensaryToStore/Page_Store/input_txtqty'

2018-06-09 16:44:11 - [TEST_STEP][PASSED] - click: Object: 'Object Repository/DispensaryToStore/Page_Store/button_Add' is clicked on

2018-06-09 16:44:12 - [MESSAGE][PASSED] - Object: 'Object Repository/DispensaryToStore/Page_Store/button_Add' is clicked on

2018-06-09 16:44:12 - [TEST_STEP][PASSED] - Statement - Break: null

2018-06-09 16:44:12 - [TEST_STEP][PASSED] - selectOptionByIndex: All options with index in [11] are selected on object 'Object Repository/DispensaryToStore/Page_Store/select_--Select--Adernaline 0.'

2018-06-09 16:44:12 - [MESSAGE][PASSED] - All options with index in [11] are selected on object 'Object Repository/DispensaryToStore/Page_Store/select_--Select--Adernaline 0.'

2018-06-09 16:44:12 - [TEST_STEP][PASSED] - delay: Delayed 2 second(s)

2018-06-09 16:44:14 - [MESSAGE][PASSED] - Delayed 2 second(s)

2018-06-09 16:44:14 - [TEST_STEP][PASSED] - Statement - RequestedQty = com.kms.katalon.core.webui.keyword.WebUiBuiltInKeywords.getAttribute(com.kms.katalon.core.testobject.ObjectRepository.findTestObject(DispensaryToStore/Page_Store/input_txttotal), "value"): Attribute 'value' of object 'Object Repository/DispensaryToStore/Page_Store/input_txttotal' is: '10'

2018-06-09 16:44:14 - [MESSAGE][PASSED] - Attribute 'value' of object 'Object Repository/DispensaryToStore/Page_Store/input_txttotal' is: '10'

2018-06-09 16:44:14 - [TEST_STEP][PASSED] - Statement - out.println("Requested QTY : " + RequestedQty): null

2018-06-09 16:44:14 - [TEST_STEP][PASSED] - Statement - BatchNumber = com.kms.katalon.core.webui.keyword.WebUiBuiltInKeywords.getNumberOfTotalOption(com.kms.katalon.core.testobject.ObjectRepository.findTestObject(DispensaryToStore/Page_Store/select_--Select--BA1170BA2376B)): 2 options of object 'Object Repository/DispensaryToStore/Page_Store/select_--Select--BA1170BA2376B' counted

2018-06-09 16:44:14 - [MESSAGE][PASSED] - 2 options of object 'Object Repository/DispensaryToStore/Page_Store/select_--Select--BA1170BA2376B' counted

2018-06-09 16:44:14 - [TEST_STEP][PASSED] - Statement - For ([g = 1, g <= BatchNumber - 1, (g++)]): null

2018-06-09 16:44:14 - [TEST_STEP][PASSED] - selectOptionByIndex: All options with index in [1] are selected on object 'Object Repository/DispensaryToStore/Page_Store/select_--Select--BA1170BA2376B'

2018-06-09 16:44:14 - [MESSAGE][PASSED] - All options with index in [1] are selected on object 'Object Repository/DispensaryToStore/Page_Store/select_--Select--BA1170BA2376B'

2018-06-09 16:44:14 - [TEST_STEP][PASSED] - Statement - Try: null

2018-06-09 16:44:14 - [TEST_STEP][PASSED] - Statement - StockQty = com.kms.katalon.core.webui.keyword.WebUiBuiltInKeywords.getAttribute(com.kms.katalon.core.testobject.ObjectRepository.findTestObject(DispensaryToStore/Page_Store/input_txtprice), "value"): Attribute 'value' of object 'Object Repository/DispensaryToStore/Page_Store/input_txtprice' is: '1900'

2018-06-09 16:44:14 - [MESSAGE][PASSED] - Attribute 'value' of object 'Object Repository/DispensaryToStore/Page_Store/input_txtprice' is: '1900'

2018-06-09 16:44:14 - [TEST_STEP][PASSED] - Statement - out.println("Stock QTY : " + StockQty): null

2018-06-09 16:44:14 - [TEST_STEP][PASSED] - delay: Delayed 2 second(s)

2018-06-09 16:44:16 - [MESSAGE][PASSED] - Delayed 2 second(s)

2018-06-09 16:44:16 - [TEST_STEP][PASSED] - Statement - If (java.lang.String.valueOf(StockQty) >= java.lang.String.valueOf(RequestedQty)): null

2018-06-09 16:44:16 - [TEST_STEP][PASSED] - setText: Text '10' is set on object 'Object Repository/DispensaryToStore/Page_Store/input_txtqty'

2018-06-09 16:44:16 - [MESSAGE][PASSED] - Text '10' is set on object 'Object Repository/DispensaryToStore/Page_Store/input_txtqty'

2018-06-09 16:44:16 - [TEST_STEP][PASSED] - click: Object: 'Object Repository/DispensaryToStore/Page_Store/button_Add' is clicked on

2018-06-09 16:44:16 - [MESSAGE][PASSED] - Object: 'Object Repository/DispensaryToStore/Page_Store/button_Add' is clicked on

2018-06-09 16:44:16 - [TEST_STEP][PASSED] - Statement - Break: null

2018-06-09 16:44:16 - [TEST_STEP][PASSED] - selectOptionByIndex: All options with index in [12] are selected on object 'Object Repository/DispensaryToStore/Page_Store/select_--Select--Adernaline 0.'

2018-06-09 16:44:17 - [MESSAGE][PASSED] - All options with index in [12] are selected on object 'Object Repository/DispensaryToStore/Page_Store/select_--Select--Adernaline 0.'

2018-06-09 16:44:17 - [TEST_STEP][PASSED] - delay: Delayed 2 second(s)

2018-06-09 16:44:19 - [MESSAGE][PASSED] - Delayed 2 second(s)

2018-06-09 16:44:19 - [TEST_STEP][PASSED] - Statement - RequestedQty = com.kms.katalon.core.webui.keyword.WebUiBuiltInKeywords.getAttribute(com.kms.katalon.core.testobject.ObjectRepository.findTestObject(DispensaryToStore/Page_Store/input_txttotal), "value"): Attribute 'value' of object 'Object Repository/DispensaryToStore/Page_Store/input_txttotal' is: '10'

2018-06-09 16:44:19 - [MESSAGE][PASSED] - Attribute 'value' of object 'Object Repository/DispensaryToStore/Page_Store/input_txttotal' is: '10'

2018-06-09 16:44:19 - [TEST_STEP][PASSED] - Statement - out.println("Requested QTY : " + RequestedQty): null

2018-06-09 16:44:19 - [TEST_STEP][PASSED] - Statement - BatchNumber = com.kms.katalon.core.webui.keyword.WebUiBuiltInKeywords.getNumberOfTotalOption(com.kms.katalon.core.testobject.ObjectRepository.findTestObject(DispensaryToStore/Page_Store/select_--Select--BA1170BA2376B)): 3 options of object 'Object Repository/DispensaryToStore/Page_Store/select_--Select--BA1170BA2376B' counted

2018-06-09 16:44:19 - [MESSAGE][PASSED] - 3 options of object 'Object Repository/DispensaryToStore/Page_Store/select_--Select--BA1170BA2376B' counted

2018-06-09 16:44:19 - [TEST_STEP][PASSED] - Statement - For ([g = 1, g <= BatchNumber - 1, (g++)]): null

2018-06-09 16:44:19 - [TEST_STEP][PASSED] - selectOptionByIndex: All options with index in [1] are selected on object 'Object Repository/DispensaryToStore/Page_Store/select_--Select--BA1170BA2376B'

2018-06-09 16:44:19 - [MESSAGE][PASSED] - All options with index in [1] are selected on object 'Object Repository/DispensaryToStore/Page_Store/select_--Select--BA1170BA2376B'

2018-06-09 16:44:19 - [TEST_STEP][PASSED] - Statement - Try: null

2018-06-09 16:44:19 - [TEST_STEP][PASSED] - Statement - StockQty = com.kms.katalon.core.webui.keyword.WebUiBuiltInKeywords.getAttribute(com.kms.katalon.core.testobject.ObjectRepository.findTestObject(DispensaryToStore/Page_Store/input_txtprice), "value"): Attribute 'value' of object 'Object Repository/DispensaryToStore/Page_Store/input_txtprice' is: '1700'

2018-06-09 16:44:19 - [MESSAGE][PASSED] - Attribute 'value' of object 'Object Repository/DispensaryToStore/Page_Store/input_txtprice' is: '1700'

2018-06-09 16:44:19 - [TEST_STEP][PASSED] - Statement - out.println("Stock QTY : " + StockQty): null

2018-06-09 16:44:19 - [TEST_STEP][PASSED] - delay: Delayed 2 second(s)

2018-06-09 16:44:21 - [MESSAGE][PASSED] - Delayed 2 second(s)

2018-06-09 16:44:21 - [TEST_STEP][PASSED] - Statement - If (java.lang.String.valueOf(StockQty) >= java.lang.String.valueOf(RequestedQty)): null

2018-06-09 16:44:21 - [TEST_STEP][PASSED] - setText: Text '10' is set on object 'Object Repository/DispensaryToStore/Page_Store/input_txtqty'

2018-06-09 16:44:21 - [MESSAGE][PASSED] - Text '10' is set on object 'Object Repository/DispensaryToStore/Page_Store/input_txtqty'

2018-06-09 16:44:21 - [TEST_STEP][PASSED] - click: Object: 'Object Repository/DispensaryToStore/Page_Store/button_Add' is clicked on

2018-06-09 16:44:21 - [MESSAGE][PASSED] - Object: 'Object Repository/DispensaryToStore/Page_Store/button_Add' is clicked on

2018-06-09 16:44:21 - [TEST_STEP][PASSED] - Statement - Break: null

2018-06-09 16:44:21 - [TEST_STEP][PASSED] - selectOptionByIndex: All options with index in [13] are selected on object 'Object Repository/DispensaryToStore/Page_Store/select_--Select--Adernaline 0.'

2018-06-09 16:44:21 - [MESSAGE][PASSED] - All options with index in [13] are selected on object 'Object Repository/DispensaryToStore/Page_Store/select_--Select--Adernaline 0.'

2018-06-09 16:44:21 - [TEST_STEP][PASSED] - delay: Delayed 2 second(s)

2018-06-09 16:44:23 - [MESSAGE][PASSED] - Delayed 2 second(s)

2018-06-09 16:44:23 - [TEST_STEP][PASSED] - Statement - RequestedQty = com.kms.katalon.core.webui.keyword.WebUiBuiltInKeywords.getAttribute(com.kms.katalon.core.testobject.ObjectRepository.findTestObject(DispensaryToStore/Page_Store/input_txttotal), "value"): Attribute 'value' of object 'Object Repository/DispensaryToStore/Page_Store/input_txttotal' is: '10'

2018-06-09 16:44:23 - [MESSAGE][PASSED] - Attribute 'value' of object 'Object Repository/DispensaryToStore/Page_Store/input_txttotal' is: '10'

2018-06-09 16:44:23 - [TEST_STEP][PASSED] - Statement - out.println("Requested QTY : " + RequestedQty): null

2018-06-09 16:44:23 - [TEST_STEP][PASSED] - Statement - BatchNumber = com.kms.katalon.core.webui.keyword.WebUiBuiltInKeywords.getNumberOfTotalOption(com.kms.katalon.core.testobject.ObjectRepository.findTestObject(DispensaryToStore/Page_Store/select_--Select--BA1170BA2376B)): 3 options of object 'Object Repository/DispensaryToStore/Page_Store/select_--Select--BA1170BA2376B' counted

2018-06-09 16:44:23 - [MESSAGE][PASSED] - 3 options of object 'Object Repository/DispensaryToStore/Page_Store/select_--Select--BA1170BA2376B' counted

2018-06-09 16:44:23 - [TEST_STEP][PASSED] - Statement - For ([g = 1, g <= BatchNumber - 1, (g++)]): null

2018-06-09 16:44:23 - [TEST_STEP][PASSED] - selectOptionByIndex: All options with index in [1] are selected on object 'Object Repository/DispensaryToStore/Page_Store/select_--Select--BA1170BA2376B'

2018-06-09 16:44:23 - [MESSAGE][PASSED] - All options with index in [1] are selected on object 'Object Repository/DispensaryToStore/Page_Store/select_--Select--BA1170BA2376B'

2018-06-09 16:44:23 - [TEST_STEP][PASSED] - Statement - Try: null

2018-06-09 16:44:23 - [TEST_STEP][PASSED] - Statement - StockQty = com.kms.katalon.core.webui.keyword.WebUiBuiltInKeywords.getAttribute(com.kms.katalon.core.testobject.ObjectRepository.findTestObject(DispensaryToStore/Page_Store/input_txtprice), "value"): Attribute 'value' of object 'Object Repository/DispensaryToStore/Page_Store/input_txtprice' is: '740'

2018-06-09 16:44:24 - [MESSAGE][PASSED] - Attribute 'value' of object 'Object Repository/DispensaryToStore/Page_Store/input_txtprice' is: '740'

2018-06-09 16:44:24 - [TEST_STEP][PASSED] - Statement - out.println("Stock QTY : " + StockQty): null

2018-06-09 16:44:24 - [TEST_STEP][PASSED] - delay: Delayed 2 second(s)

2018-06-09 16:44:26 - [MESSAGE][PASSED] - Delayed 2 second(s)

2018-06-09 16:44:26 - [TEST_STEP][PASSED] - Statement - If (java.lang.String.valueOf(StockQty) >= java.lang.String.valueOf(RequestedQty)): null

2018-06-09 16:44:26 - [TEST_STEP][PASSED] - setText: Text '10' is set on object 'Object Repository/DispensaryToStore/Page_Store/input_txtqty'

2018-06-09 16:44:26 - [MESSAGE][PASSED] - Text '10' is set on object 'Object Repository/DispensaryToStore/Page_Store/input_txtqty'

2018-06-09 16:44:26 - [TEST_STEP][PASSED] - click: Object: 'Object Repository/DispensaryToStore/Page_Store/button_Add' is clicked on

2018-06-09 16:44:26 - [MESSAGE][PASSED] - Object: 'Object Repository/DispensaryToStore/Page_Store/button_Add' is clicked on

2018-06-09 16:44:26 - [TEST_STEP][PASSED] - Statement - Break: null

2018-06-09 16:44:26 - [TEST_STEP][PASSED] - selectOptionByIndex: All options with index in [14] are selected on object 'Object Repository/DispensaryToStore/Page_Store/select_--Select--Adernaline 0.'

2018-06-09 16:44:26 - [MESSAGE][PASSED] - All options with index in [14] are selected on object 'Object Repository/DispensaryToStore/Page_Store/select_--Select--Adernaline 0.'

2018-06-09 16:44:26 - [TEST_STEP][PASSED] - delay: Delayed 2 second(s)

2018-06-09 16:44:28 - [MESSAGE][PASSED] - Delayed 2 second(s)

2018-06-09 16:44:28 - [TEST_STEP][PASSED] - Statement - RequestedQty = com.kms.katalon.core.webui.keyword.WebUiBuiltInKeywords.getAttribute(com.kms.katalon.core.testobject.ObjectRepository.findTestObject(DispensaryToStore/Page_Store/input_txttotal), "value"): Attribute 'value' of object 'Object Repository/DispensaryToStore/Page_Store/input_txttotal' is: '10'

2018-06-09 16:44:28 - [MESSAGE][PASSED] - Attribute 'value' of object 'Object Repository/DispensaryToStore/Page_Store/input_txttotal' is: '10'

2018-06-09 16:44:28 - [TEST_STEP][PASSED] - Statement - out.println("Requested QTY : " + RequestedQty): null

2018-06-09 16:44:28 - [TEST_STEP][PASSED] - Statement - BatchNumber = com.kms.katalon.core.webui.keyword.WebUiBuiltInKeywords.getNumberOfTotalOption(com.kms.katalon.core.testobject.ObjectRepository.findTestObject(DispensaryToStore/Page_Store/select_--Select--BA1170BA2376B)): 3 options of object 'Object Repository/DispensaryToStore/Page_Store/select_--Select--BA1170BA2376B' counted

2018-06-09 16:44:28 - [MESSAGE][PASSED] - 3 options of object 'Object Repository/DispensaryToStore/Page_Store/select_--Select--BA1170BA2376B' counted

2018-06-09 16:44:28 - [TEST_STEP][PASSED] - Statement - For ([g = 1, g <= BatchNumber - 1, (g++)]): null

2018-06-09 16:44:28 - [TEST_STEP][PASSED] - selectOptionByIndex: All options with index in [1] are selected on object 'Object Repository/DispensaryToStore/Page_Store/select_--Select--BA1170BA2376B'

2018-06-09 16:44:28 - [MESSAGE][PASSED] - All options with index in [1] are selected on object 'Object Repository/DispensaryToStore/Page_Store/select_--Select--BA1170BA2376B'

2018-06-09 16:44:28 - [TEST_STEP][PASSED] - Statement - Try: null

2018-06-09 16:44:28 - [TEST_STEP][PASSED] - Statement - StockQty = com.kms.katalon.core.webui.keyword.WebUiBuiltInKeywords.getAttribute(com.kms.katalon.core.testobject.ObjectRepository.findTestObject(DispensaryToStore/Page_Store/input_txtprice), "value"): Attribute 'value' of object 'Object Repository/DispensaryToStore/Page_Store/input_txtprice' is: '440'

2018-06-09 16:44:28 - [MESSAGE][PASSED] - Attribute 'value' of object 'Object Repository/DispensaryToStore/Page_Store/input_txtprice' is: '440'

2018-06-09 16:44:28 - [TEST_STEP][PASSED] - Statement - out.println("Stock QTY : " + StockQty): null

2018-06-09 16:44:28 - [TEST_STEP][PASSED] - delay: Delayed 2 second(s)

2018-06-09 16:44:30 - [MESSAGE][PASSED] - Delayed 2 second(s)

2018-06-09 16:44:30 - [TEST_STEP][PASSED] - Statement - If (java.lang.String.valueOf(StockQty) >= java.lang.String.valueOf(RequestedQty)): null

2018-06-09 16:44:30 - [TEST_STEP][PASSED] - setText: Text '10' is set on object 'Object Repository/DispensaryToStore/Page_Store/input_txtqty'

2018-06-09 16:44:30 - [MESSAGE][PASSED] - Text '10' is set on object 'Object Repository/DispensaryToStore/Page_Store/input_txtqty'

2018-06-09 16:44:30 - [TEST_STEP][PASSED] - click: Object: 'Object Repository/DispensaryToStore/Page_Store/button_Add' is clicked on

2018-06-09 16:44:31 - [MESSAGE][PASSED] - Object: 'Object Repository/DispensaryToStore/Page_Store/button_Add' is clicked on

2018-06-09 16:44:31 - [TEST_STEP][PASSED] - Statement - Break: null

2018-06-09 16:44:31 - [TEST_STEP][PASSED] - selectOptionByIndex: All options with index in [15] are selected on object 'Object Repository/DispensaryToStore/Page_Store/select_--Select--Adernaline 0.'

2018-06-09 16:44:31 - [MESSAGE][PASSED] - All options with index in [15] are selected on object 'Object Repository/DispensaryToStore/Page_Store/select_--Select--Adernaline 0.'

2018-06-09 16:44:31 - [TEST_STEP][PASSED] - delay: Delayed 2 second(s)

2018-06-09 16:44:33 - [MESSAGE][PASSED] - Delayed 2 second(s)

2018-06-09 16:44:33 - [TEST_STEP][PASSED] - Statement - RequestedQty = com.kms.katalon.core.webui.keyword.WebUiBuiltInKeywords.getAttribute(com.kms.katalon.core.testobject.ObjectRepository.findTestObject(DispensaryToStore/Page_Store/input_txttotal), "value"): Attribute 'value' of object 'Object Repository/DispensaryToStore/Page_Store/input_txttotal' is: '10'

2018-06-09 16:44:33 - [MESSAGE][PASSED] - Attribute 'value' of object 'Object Repository/DispensaryToStore/Page_Store/input_txttotal' is: '10'

2018-06-09 16:44:33 - [TEST_STEP][PASSED] - Statement - out.println("Requested QTY : " + RequestedQty): null

2018-06-09 16:44:33 - [TEST_STEP][PASSED] - Statement - BatchNumber = com.kms.katalon.core.webui.keyword.WebUiBuiltInKeywords.getNumberOfTotalOption(com.kms.katalon.core.testobject.ObjectRepository.findTestObject(DispensaryToStore/Page_Store/select_--Select--BA1170BA2376B)): 2 options of object 'Object Repository/DispensaryToStore/Page_Store/select_--Select--BA1170BA2376B' counted

2018-06-09 16:44:33 - [MESSAGE][PASSED] - 2 options of object 'Object Repository/DispensaryToStore/Page_Store/select_--Select--BA1170BA2376B' counted

2018-06-09 16:44:33 - [TEST_STEP][PASSED] - Statement - For ([g = 1, g <= BatchNumber - 1, (g++)]): null

2018-06-09 16:44:33 - [TEST_STEP][PASSED] - selectOptionByIndex: All options with index in [1] are selected on object 'Object Repository/DispensaryToStore/Page_Store/select_--Select--BA1170BA2376B'

2018-06-09 16:44:33 - [MESSAGE][PASSED] - All options with index in [1] are selected on object 'Object Repository/DispensaryToStore/Page_Store/select_--Select--BA1170BA2376B'

2018-06-09 16:44:33 - [TEST_STEP][PASSED] - Statement - Try: null

2018-06-09 16:44:33 - [TEST_STEP][PASSED] - Statement - StockQty = com.kms.katalon.core.webui.keyword.WebUiBuiltInKeywords.getAttribute(com.kms.katalon.core.testobject.ObjectRepository.findTestObject(DispensaryToStore/Page_Store/input_txtprice), "value"): Attribute 'value' of object 'Object Repository/DispensaryToStore/Page_Store/input_txtprice' is: '1880'

2018-06-09 16:44:33 - [MESSAGE][PASSED] - Attribute 'value' of object 'Object Repository/DispensaryToStore/Page_Store/input_txtprice' is: '1880'

2018-06-09 16:44:33 - [TEST_STEP][PASSED] - Statement - out.println("Stock QTY : " + StockQty): null

2018-06-09 16:44:33 - [TEST_STEP][PASSED] - delay: Delayed 2 second(s)

2018-06-09 16:44:35 - [MESSAGE][PASSED] - Delayed 2 second(s)

2018-06-09 16:44:35 - [TEST_STEP][PASSED] - Statement - If (java.lang.String.valueOf(StockQty) >= java.lang.String.valueOf(RequestedQty)): null

2018-06-09 16:44:35 - [TEST_STEP][PASSED] - setText: Text '10' is set on object 'Object Repository/DispensaryToStore/Page_Store/input_txtqty'

2018-06-09 16:44:35 - [MESSAGE][PASSED] - Text '10' is set on object 'Object Repository/DispensaryToStore/Page_Store/input_txtqty'

2018-06-09 16:44:35 - [TEST_STEP][PASSED] - click: Object: 'Object Repository/DispensaryToStore/Page_Store/button_Add' is clicked on

2018-06-09 16:44:35 - [MESSAGE][PASSED] - Object: 'Object Repository/DispensaryToStore/Page_Store/button_Add' is clicked on

2018-06-09 16:44:35 - [TEST_STEP][PASSED] - Statement - Break: null

2018-06-09 16:44:35 - [TEST_STEP][PASSED] - selectOptionByIndex: All options with index in [16] are selected on object 'Object Repository/DispensaryToStore/Page_Store/select_--Select--Adernaline 0.'

2018-06-09 16:44:36 - [MESSAGE][PASSED] - All options with index in [16] are selected on object 'Object Repository/DispensaryToStore/Page_Store/select_--Select--Adernaline 0.'

2018-06-09 16:44:36 - [TEST_STEP][PASSED] - delay: Delayed 2 second(s)

2018-06-09 16:44:38 - [MESSAGE][PASSED] - Delayed 2 second(s)

2018-06-09 16:44:38 - [TEST_STEP][PASSED] - Statement - RequestedQty = com.kms.katalon.core.webui.keyword.WebUiBuiltInKeywords.getAttribute(com.kms.katalon.core.testobject.ObjectRepository.findTestObject(DispensaryToStore/Page_Store/input_txttotal), "value"): Attribute 'value' of object 'Object Repository/DispensaryToStore/Page_Store/input_txttotal' is: '10'

2018-06-09 16:44:38 - [MESSAGE][PASSED] - Attribute 'value' of object 'Object Repository/DispensaryToStore/Page_Store/input_txttotal' is: '10'

2018-06-09 16:44:38 - [TEST_STEP][PASSED] - Statement - out.println("Requested QTY : " + RequestedQty): null

2018-06-09 16:44:38 - [TEST_STEP][PASSED] - Statement - BatchNumber = com.kms.katalon.core.webui.keyword.WebUiBuiltInKeywords.getNumberOfTotalOption(com.kms.katalon.core.testobject.ObjectRepository.findTestObject(DispensaryToStore/Page_Store/select_--Select--BA1170BA2376B)): 2 options of object 'Object Repository/DispensaryToStore/Page_Store/select_--Select--BA1170BA2376B' counted

2018-06-09 16:44:38 - [MESSAGE][PASSED] - 2 options of object 'Object Repository/DispensaryToStore/Page_Store/select_--Select--BA1170BA2376B' counted

2018-06-09 16:44:38 - [TEST_STEP][PASSED] - Statement - For ([g = 1, g <= BatchNumber - 1, (g++)]): null

2018-06-09 16:44:38 - [TEST_STEP][PASSED] - selectOptionByIndex: All options with index in [1] are selected on object 'Object Repository/DispensaryToStore/Page_Store/select_--Select--BA1170BA2376B'

2018-06-09 16:44:38 - [MESSAGE][PASSED] - All options with index in [1] are selected on object 'Object Repository/DispensaryToStore/Page_Store/select_--Select--BA1170BA2376B'

2018-06-09 16:44:38 - [TEST_STEP][PASSED] - Statement - Try: null

2018-06-09 16:44:38 - [TEST_STEP][PASSED] - Statement - StockQty = com.kms.katalon.core.webui.keyword.WebUiBuiltInKeywords.getAttribute(com.kms.katalon.core.testobject.ObjectRepository.findTestObject(DispensaryToStore/Page_Store/input_txtprice), "value"): Attribute 'value' of object 'Object Repository/DispensaryToStore/Page_Store/input_txtprice' is: '1900'

2018-06-09 16:44:38 - [MESSAGE][PASSED] - Attribute 'value' of object 'Object Repository/DispensaryToStore/Page_Store/input_txtprice' is: '1900'

2018-06-09 16:44:38 - [TEST_STEP][PASSED] - Statement - out.println("Stock QTY : " + StockQty): null

2018-06-09 16:44:38 - [TEST_STEP][PASSED] - delay: Delayed 2 second(s)

2018-06-09 16:44:40 - [MESSAGE][PASSED] - Delayed 2 second(s)

2018-06-09 16:44:40 - [TEST_STEP][PASSED] - Statement - If (java.lang.String.valueOf(StockQty) >= java.lang.String.valueOf(RequestedQty)): null

2018-06-09 16:44:40 - [TEST_STEP][PASSED] - setText: Text '10' is set on object 'Object Repository/DispensaryToStore/Page_Store/input_txtqty'

2018-06-09 16:44:40 - [MESSAGE][PASSED] - Text '10' is set on object 'Object Repository/DispensaryToStore/Page_Store/input_txtqty'

2018-06-09 16:44:40 - [TEST_STEP][PASSED] - click: Object: 'Object Repository/DispensaryToStore/Page_Store/button_Add' is clicked on

2018-06-09 16:44:40 - [MESSAGE][PASSED] - Object: 'Object Repository/DispensaryToStore/Page_Store/button_Add' is clicked on

2018-06-09 16:44:40 - [TEST_STEP][PASSED] - Statement - Break: null

2018-06-09 16:44:40 - [TEST_STEP][PASSED] - selectOptionByIndex: All options with index in [17] are selected on object 'Object Repository/DispensaryToStore/Page_Store/select_--Select--Adernaline 0.'

2018-06-09 16:44:40 - [MESSAGE][PASSED] - All options with index in [17] are selected on object 'Object Repository/DispensaryToStore/Page_Store/select_--Select--Adernaline 0.'

2018-06-09 16:44:40 - [TEST_STEP][PASSED] - delay: Delayed 2 second(s)

2018-06-09 16:44:42 - [MESSAGE][PASSED] - Delayed 2 second(s)

2018-06-09 16:44:42 - [TEST_STEP][PASSED] - Statement - RequestedQty = com.kms.katalon.core.webui.keyword.WebUiBuiltInKeywords.getAttribute(com.kms.katalon.core.testobject.ObjectRepository.findTestObject(DispensaryToStore/Page_Store/input_txttotal), "value"): Attribute 'value' of object 'Object Repository/DispensaryToStore/Page_Store/input_txttotal' is: '10'

2018-06-09 16:44:42 - [MESSAGE][PASSED] - Attribute 'value' of object 'Object Repository/DispensaryToStore/Page_Store/input_txttotal' is: '10'

2018-06-09 16:44:42 - [TEST_STEP][PASSED] - Statement - out.println("Requested QTY : " + RequestedQty): null

2018-06-09 16:44:42 - [TEST_STEP][PASSED] - Statement - BatchNumber = com.kms.katalon.core.webui.keyword.WebUiBuiltInKeywords.getNumberOfTotalOption(com.kms.katalon.core.testobject.ObjectRepository.findTestObject(DispensaryToStore/Page_Store/select_--Select--BA1170BA2376B)): 3 options of object 'Object Repository/DispensaryToStore/Page_Store/select_--Select--BA1170BA2376B' counted

2018-06-09 16:44:43 - [MESSAGE][PASSED] - 3 options of object 'Object Repository/DispensaryToStore/Page_Store/select_--Select--BA1170BA2376B' counted

2018-06-09 16:44:43 - [TEST_STEP][PASSED] - Statement - For ([g = 1, g <= BatchNumber - 1, (g++)]): null

2018-06-09 16:44:43 - [TEST_STEP][PASSED] - selectOptionByIndex: All options with index in [1] are selected on object 'Object Repository/DispensaryToStore/Page_Store/select_--Select--BA1170BA2376B'

2018-06-09 16:44:43 - [MESSAGE][PASSED] - All options with index in [1] are selected on object 'Object Repository/DispensaryToStore/Page_Store/select_--Select--BA1170BA2376B'

2018-06-09 16:44:43 - [TEST_STEP][PASSED] - Statement - Try: null

2018-06-09 16:44:43 - [TEST_STEP][PASSED] - Statement - StockQty = com.kms.katalon.core.webui.keyword.WebUiBuiltInKeywords.getAttribute(com.kms.katalon.core.testobject.ObjectRepository.findTestObject(DispensaryToStore/Page_Store/input_txtprice), "value"): Attribute 'value' of object 'Object Repository/DispensaryToStore/Page_Store/input_txtprice' is: '1700'

2018-06-09 16:44:43 - [MESSAGE][PASSED] - Attribute 'value' of object 'Object Repository/DispensaryToStore/Page_Store/input_txtprice' is: '1700'

2018-06-09 16:44:43 - [TEST_STEP][PASSED] - Statement - out.println("Stock QTY : " + StockQty): null

2018-06-09 16:44:43 - [TEST_STEP][PASSED] - delay: Delayed 2 second(s)

2018-06-09 16:44:45 - [MESSAGE][PASSED] - Delayed 2 second(s)

2018-06-09 16:44:45 - [TEST_STEP][PASSED] - Statement - If (java.lang.String.valueOf(StockQty) >= java.lang.String.valueOf(RequestedQty)): null

2018-06-09 16:44:45 - [TEST_STEP][PASSED] - setText: Text '10' is set on object 'Object Repository/DispensaryToStore/Page_Store/input_txtqty'

2018-06-09 16:44:45 - [MESSAGE][PASSED] - Text '10' is set on object 'Object Repository/DispensaryToStore/Page_Store/input_txtqty'

2018-06-09 16:44:45 - [TEST_STEP][PASSED] - click: Object: 'Object Repository/DispensaryToStore/Page_Store/button_Add' is clicked on

2018-06-09 16:44:45 - [MESSAGE][PASSED] - Object: 'Object Repository/DispensaryToStore/Page_Store/button_Add' is clicked on

2018-06-09 16:44:45 - [TEST_STEP][PASSED] - Statement - Break: null

2018-06-09 16:44:45 - [TEST_STEP][PASSED] - selectOptionByIndex: All options with index in [18] are selected on object 'Object Repository/DispensaryToStore/Page_Store/select_--Select--Adernaline 0.'

2018-06-09 16:44:45 - [MESSAGE][PASSED] - All options with index in [18] are selected on object 'Object Repository/DispensaryToStore/Page_Store/select_--Select--Adernaline 0.'

2018-06-09 16:44:45 - [TEST_STEP][PASSED] - delay: Delayed 2 second(s)

2018-06-09 16:44:47 - [MESSAGE][PASSED] - Delayed 2 second(s)

2018-06-09 16:44:47 - [TEST_STEP][PASSED] - Statement - RequestedQty = com.kms.katalon.core.webui.keyword.WebUiBuiltInKeywords.getAttribute(com.kms.katalon.core.testobject.ObjectRepository.findTestObject(DispensaryToStore/Page_Store/input_txttotal), "value"): Attribute 'value' of object 'Object Repository/DispensaryToStore/Page_Store/input_txttotal' is: '10'

2018-06-09 16:44:47 - [MESSAGE][PASSED] - Attribute 'value' of object 'Object Repository/DispensaryToStore/Page_Store/input_txttotal' is: '10'

2018-06-09 16:44:47 - [TEST_STEP][PASSED] - Statement - out.println("Requested QTY : " + RequestedQty): null

2018-06-09 16:44:47 - [TEST_STEP][PASSED] - Statement - BatchNumber = com.kms.katalon.core.webui.keyword.WebUiBuiltInKeywords.getNumberOfTotalOption(com.kms.katalon.core.testobject.ObjectRepository.findTestObject(DispensaryToStore/Page_Store/select_--Select--BA1170BA2376B)): 3 options of object 'Object Repository/DispensaryToStore/Page_Store/select_--Select--BA1170BA2376B' counted

2018-06-09 16:44:47 - [MESSAGE][PASSED] - 3 options of object 'Object Repository/DispensaryToStore/Page_Store/select_--Select--BA1170BA2376B' counted

2018-06-09 16:44:47 - [TEST_STEP][PASSED] - Statement - For ([g = 1, g <= BatchNumber - 1, (g++)]): null

2018-06-09 16:44:47 - [TEST_STEP][PASSED] - selectOptionByIndex: All options with index in [1] are selected on object 'Object Repository/DispensaryToStore/Page_Store/select_--Select--BA1170BA2376B'

2018-06-09 16:44:47 - [MESSAGE][PASSED] - All options with index in [1] are selected on object 'Object Repository/DispensaryToStore/Page_Store/select_--Select--BA1170BA2376B'

2018-06-09 16:44:47 - [TEST_STEP][PASSED] - Statement - Try: null

2018-06-09 16:44:47 - [TEST_STEP][PASSED] - Statement - StockQty = com.kms.katalon.core.webui.keyword.WebUiBuiltInKeywords.getAttribute(com.kms.katalon.core.testobject.ObjectRepository.findTestObject(DispensaryToStore/Page_Store/input_txtprice), "value"): Attribute 'value' of object 'Object Repository/DispensaryToStore/Page_Store/input_txtprice' is: '1684'

2018-06-09 16:44:47 - [MESSAGE][PASSED] - Attribute 'value' of object 'Object Repository/DispensaryToStore/Page_Store/input_txtprice' is: '1684'

2018-06-09 16:44:47 - [TEST_STEP][PASSED] - Statement - out.println("Stock QTY : " + StockQty): null

2018-06-09 16:44:47 - [TEST_STEP][PASSED] - delay: Delayed 2 second(s)

2018-06-09 16:44:49 - [MESSAGE][PASSED] - Delayed 2 second(s)

2018-06-09 16:44:49 - [TEST_STEP][PASSED] - Statement - If (java.lang.String.valueOf(StockQty) >= java.lang.String.valueOf(RequestedQty)): null

2018-06-09 16:44:49 - [TEST_STEP][PASSED] - setText: Text '10' is set on object 'Object Repository/DispensaryToStore/Page_Store/input_txtqty'

2018-06-09 16:44:50 - [MESSAGE][PASSED] - Text '10' is set on object 'Object Repository/DispensaryToStore/Page_Store/input_txtqty'

2018-06-09 16:44:50 - [TEST_STEP][PASSED] - click: Object: 'Object Repository/DispensaryToStore/Page_Store/button_Add' is clicked on

2018-06-09 16:44:50 - [MESSAGE][PASSED] - Object: 'Object Repository/DispensaryToStore/Page_Store/button_Add' is clicked on

2018-06-09 16:44:50 - [TEST_STEP][PASSED] - Statement - Break: null

2018-06-09 16:44:50 - [TEST_STEP][PASSED] - selectOptionByIndex: All options with index in [19] are selected on object 'Object Repository/DispensaryToStore/Page_Store/select_--Select--Adernaline 0.'

2018-06-09 16:44:50 - [MESSAGE][PASSED] - All options with index in [19] are selected on object 'Object Repository/DispensaryToStore/Page_Store/select_--Select--Adernaline 0.'

2018-06-09 16:44:50 - [TEST_STEP][PASSED] - delay: Delayed 2 second(s)

2018-06-09 16:44:52 - [MESSAGE][PASSED] - Delayed 2 second(s)

2018-06-09 16:44:52 - [TEST_STEP][PASSED] - Statement - RequestedQty = com.kms.katalon.core.webui.keyword.WebUiBuiltInKeywords.getAttribute(com.kms.katalon.core.testobject.ObjectRepository.findTestObject(DispensaryToStore/Page_Store/input_txttotal), "value"): Attribute 'value' of object 'Object Repository/DispensaryToStore/Page_Store/input_txttotal' is: '10'

2018-06-09 16:44:52 - [MESSAGE][PASSED] - Attribute 'value' of object 'Object Repository/DispensaryToStore/Page_Store/input_txttotal' is: '10'

2018-06-09 16:44:52 - [TEST_STEP][PASSED] - Statement - out.println("Requested QTY : " + RequestedQty): null

2018-06-09 16:44:52 - [TEST_STEP][PASSED] - Statement - BatchNumber = com.kms.katalon.core.webui.keyword.WebUiBuiltInKeywords.getNumberOfTotalOption(com.kms.katalon.core.testobject.ObjectRepository.findTestObject(DispensaryToStore/Page_Store/select_--Select--BA1170BA2376B)): 3 options of object 'Object Repository/DispensaryToStore/Page_Store/select_--Select--BA1170BA2376B' counted

2018-06-09 16:44:52 - [MESSAGE][PASSED] - 3 options of object 'Object Repository/DispensaryToStore/Page_Store/select_--Select--BA1170BA2376B' counted

2018-06-09 16:44:52 - [TEST_STEP][PASSED] - Statement - For ([g = 1, g <= BatchNumber - 1, (g++)]): null

2018-06-09 16:44:52 - [TEST_STEP][PASSED] - selectOptionByIndex: All options with index in [1] are selected on object 'Object Repository/DispensaryToStore/Page_Store/select_--Select--BA1170BA2376B'

2018-06-09 16:44:52 - [MESSAGE][PASSED] - All options with index in [1] are selected on object 'Object Repository/DispensaryToStore/Page_Store/select_--Select--BA1170BA2376B'

2018-06-09 16:44:52 - [TEST_STEP][PASSED] - Statement - Try: null

2018-06-09 16:44:52 - [TEST_STEP][PASSED] - Statement - StockQty = com.kms.katalon.core.webui.keyword.WebUiBuiltInKeywords.getAttribute(com.kms.katalon.core.testobject.ObjectRepository.findTestObject(DispensaryToStore/Page_Store/input_txtprice), "value"): Attribute 'value' of object 'Object Repository/DispensaryToStore/Page_Store/input_txtprice' is: '740'

2018-06-09 16:44:52 - [MESSAGE][PASSED] - Attribute 'value' of object 'Object Repository/DispensaryToStore/Page_Store/input_txtprice' is: '740'

2018-06-09 16:44:52 - [TEST_STEP][PASSED] - Statement - out.println("Stock QTY : " + StockQty): null

2018-06-09 16:44:52 - [TEST_STEP][PASSED] - delay: Delayed 2 second(s)

2018-06-09 16:44:54 - [MESSAGE][PASSED] - Delayed 2 second(s)

2018-06-09 16:44:54 - [TEST_STEP][PASSED] - Statement - If (java.lang.String.valueOf(StockQty) >= java.lang.String.valueOf(RequestedQty)): null

2018-06-09 16:44:54 - [TEST_STEP][PASSED] - setText: Text '10' is set on object 'Object Repository/DispensaryToStore/Page_Store/input_txtqty'

2018-06-09 16:44:54 - [MESSAGE][PASSED] - Text '10' is set on object 'Object Repository/DispensaryToStore/Page_Store/input_txtqty'

2018-06-09 16:44:54 - [TEST_STEP][PASSED] - click: Object: 'Object Repository/DispensaryToStore/Page_Store/button_Add' is clicked on

2018-06-09 16:44:54 - [MESSAGE][PASSED] - Object: 'Object Repository/DispensaryToStore/Page_Store/button_Add' is clicked on

2018-06-09 16:44:54 - [TEST_STEP][PASSED] - Statement - Break: null

2018-06-09 16:44:54 - [TEST_STEP][PASSED] - selectOptionByIndex: All options with index in [20] are selected on object 'Object Repository/DispensaryToStore/Page_Store/select_--Select--Adernaline 0.'

2018-06-09 16:44:55 - [MESSAGE][PASSED] - All options with index in [20] are selected on object 'Object Repository/DispensaryToStore/Page_Store/select_--Select--Adernaline 0.'

2018-06-09 16:44:55 - [TEST_STEP][PASSED] - delay: Delayed 2 second(s)

2018-06-09 16:44:57 - [MESSAGE][PASSED] - Delayed 2 second(s)

2018-06-09 16:44:57 - [TEST_STEP][PASSED] - Statement - RequestedQty = com.kms.katalon.core.webui.keyword.WebUiBuiltInKeywords.getAttribute(com.kms.katalon.core.testobject.ObjectRepository.findTestObject(DispensaryToStore/Page_Store/input_txttotal), "value"): Attribute 'value' of object 'Object Repository/DispensaryToStore/Page_Store/input_txttotal' is: '10'

2018-06-09 16:44:57 - [MESSAGE][PASSED] - Attribute 'value' of object 'Object Repository/DispensaryToStore/Page_Store/input_txttotal' is: '10'

2018-06-09 16:44:57 - [TEST_STEP][PASSED] - Statement - out.println("Requested QTY : " + RequestedQty): null

2018-06-09 16:44:57 - [TEST_STEP][PASSED] - Statement - BatchNumber = com.kms.katalon.core.webui.keyword.WebUiBuiltInKeywords.getNumberOfTotalOption(com.kms.katalon.core.testobject.ObjectRepository.findTestObject(DispensaryToStore/Page_Store/select_--Select--BA1170BA2376B)): 3 options of object 'Object Repository/DispensaryToStore/Page_Store/select_--Select--BA1170BA2376B' counted

2018-06-09 16:44:57 - [MESSAGE][PASSED] - 3 options of object 'Object Repository/DispensaryToStore/Page_Store/select_--Select--BA1170BA2376B' counted

2018-06-09 16:44:57 - [TEST_STEP][PASSED] - Statement - For ([g = 1, g <= BatchNumber - 1, (g++)]): null

2018-06-09 16:44:57 - [TEST_STEP][PASSED] - selectOptionByIndex: All options with index in [1] are selected on object 'Object Repository/DispensaryToStore/Page_Store/select_--Select--BA1170BA2376B'

2018-06-09 16:44:57 - [MESSAGE][PASSED] - All options with index in [1] are selected on object 'Object Repository/DispensaryToStore/Page_Store/select_--Select--BA1170BA2376B'

2018-06-09 16:44:57 - [TEST_STEP][PASSED] - Statement - Try: null

2018-06-09 16:44:57 - [TEST_STEP][PASSED] - Statement - StockQty = com.kms.katalon.core.webui.keyword.WebUiBuiltInKeywords.getAttribute(com.kms.katalon.core.testobject.ObjectRepository.findTestObject(DispensaryToStore/Page_Store/input_txtprice), "value"): Attribute 'value' of object 'Object Repository/DispensaryToStore/Page_Store/input_txtprice' is: '1700'

2018-06-09 16:44:57 - [MESSAGE][PASSED] - Attribute 'value' of object 'Object Repository/DispensaryToStore/Page_Store/input_txtprice' is: '1700'

2018-06-09 16:44:57 - [TEST_STEP][PASSED] - Statement - out.println("Stock QTY : " + StockQty): null

2018-06-09 16:44:57 - [TEST_STEP][PASSED] - delay: Delayed 2 second(s)

2018-06-09 16:44:59 - [MESSAGE][PASSED] - Delayed 2 second(s)

2018-06-09 16:44:59 - [TEST_STEP][PASSED] - Statement - If (java.lang.String.valueOf(StockQty) >= java.lang.String.valueOf(RequestedQty)): null

2018-06-09 16:44:59 - [TEST_STEP][PASSED] - setText: Text '10' is set on object 'Object Repository/DispensaryToStore/Page_Store/input_txtqty'

2018-06-09 16:44:59 - [MESSAGE][PASSED] - Text '10' is set on object 'Object Repository/DispensaryToStore/Page_Store/input_txtqty'

2018-06-09 16:44:59 - [TEST_STEP][PASSED] - click: Object: 'Object Repository/DispensaryToStore/Page_Store/button_Add' is clicked on

2018-06-09 16:44:59 - [MESSAGE][PASSED] - Object: 'Object Repository/DispensaryToStore/Page_Store/button_Add' is clicked on

2018-06-09 16:44:59 - [TEST_STEP][PASSED] - Statement - Break: null

2018-06-09 16:44:59 - [TEST_STEP][PASSED] - selectOptionByIndex: All options with index in [21] are selected on object 'Object Repository/DispensaryToStore/Page_Store/select_--Select--Adernaline 0.'

2018-06-09 16:45:00 - [MESSAGE][PASSED] - All options with index in [21] are selected on object 'Object Repository/DispensaryToStore/Page_Store/select_--Select--Adernaline 0.'

2018-06-09 16:45:00 - [TEST_STEP][PASSED] - delay: Delayed 2 second(s)

2018-06-09 16:45:02 - [MESSAGE][PASSED] - Delayed 2 second(s)

2018-06-09 16:45:02 - [TEST_STEP][PASSED] - Statement - RequestedQty = com.kms.katalon.core.webui.keyword.WebUiBuiltInKeywords.getAttribute(com.kms.katalon.core.testobject.ObjectRepository.findTestObject(DispensaryToStore/Page_Store/input_txttotal), "value"): Attribute 'value' of object 'Object Repository/DispensaryToStore/Page_Store/input_txttotal' is: '10'

2018-06-09 16:45:02 - [MESSAGE][PASSED] - Attribute 'value' of object 'Object Repository/DispensaryToStore/Page_Store/input_txttotal' is: '10'

2018-06-09 16:45:02 - [TEST_STEP][PASSED] - Statement - out.println("Requested QTY : " + RequestedQty): null

2018-06-09 16:45:02 - [TEST_STEP][PASSED] - Statement - BatchNumber = com.kms.katalon.core.webui.keyword.WebUiBuiltInKeywords.getNumberOfTotalOption(com.kms.katalon.core.testobject.ObjectRepository.findTestObject(DispensaryToStore/Page_Store/select_--Select--BA1170BA2376B)): 2 options of object 'Object Repository/DispensaryToStore/Page_Store/select_--Select--BA1170BA2376B' counted

2018-06-09 16:45:02 - [MESSAGE][PASSED] - 2 options of object 'Object Repository/DispensaryToStore/Page_Store/select_--Select--BA1170BA2376B' counted

2018-06-09 16:45:02 - [TEST_STEP][PASSED] - Statement - For ([g = 1, g <= BatchNumber - 1, (g++)]): null

2018-06-09 16:45:02 - [TEST_STEP][PASSED] - selectOptionByIndex: All options with index in [1] are selected on object 'Object Repository/DispensaryToStore/Page_Store/select_--Select--BA1170BA2376B'

2018-06-09 16:45:02 - [MESSAGE][PASSED] - All options with index in [1] are selected on object 'Object Repository/DispensaryToStore/Page_Store/select_--Select--BA1170BA2376B'

2018-06-09 16:45:02 - [TEST_STEP][PASSED] - Statement - Try: null

2018-06-09 16:45:02 - [TEST_STEP][PASSED] - Statement - StockQty = com.kms.katalon.core.webui.keyword.WebUiBuiltInKeywords.getAttribute(com.kms.katalon.core.testobject.ObjectRepository.findTestObject(DispensaryToStore/Page_Store/input_txtprice), "value"): Attribute 'value' of object 'Object Repository/DispensaryToStore/Page_Store/input_txtprice' is: '1900'

2018-06-09 16:45:02 - [MESSAGE][PASSED] - Attribute 'value' of object 'Object Repository/DispensaryToStore/Page_Store/input_txtprice' is: '1900'

2018-06-09 16:45:02 - [TEST_STEP][PASSED] - Statement - out.println("Stock QTY : " + StockQty): null

2018-06-09 16:45:02 - [TEST_STEP][PASSED] - delay: Delayed 2 second(s)

2018-06-09 16:45:04 - [MESSAGE][PASSED] - Delayed 2 second(s)

2018-06-09 16:45:04 - [TEST_STEP][PASSED] - Statement - If (java.lang.String.valueOf(StockQty) >= java.lang.String.valueOf(RequestedQty)): null

2018-06-09 16:45:04 - [TEST_STEP][PASSED] - setText: Text '10' is set on object 'Object Repository/DispensaryToStore/Page_Store/input_txtqty'

2018-06-09 16:45:04 - [MESSAGE][PASSED] - Text '10' is set on object 'Object Repository/DispensaryToStore/Page_Store/input_txtqty'

2018-06-09 16:45:04 - [TEST_STEP][PASSED] - click: Object: 'Object Repository/DispensaryToStore/Page_Store/button_Add' is clicked on

2018-06-09 16:45:04 - [MESSAGE][PASSED] - Object: 'Object Repository/DispensaryToStore/Page_Store/button_Add' is clicked on

2018-06-09 16:45:04 - [TEST_STEP][PASSED] - Statement - Break: null

2018-06-09 16:45:04 - [TEST_STEP][PASSED] - selectOptionByIndex: All options with index in [22] are selected on object 'Object Repository/DispensaryToStore/Page_Store/select_--Select--Adernaline 0.'

2018-06-09 16:45:04 - [MESSAGE][PASSED] - All options with index in [22] are selected on object 'Object Repository/DispensaryToStore/Page_Store/select_--Select--Adernaline 0.'

2018-06-09 16:45:04 - [TEST_STEP][PASSED] - delay: Delayed 2 second(s)

2018-06-09 16:45:06 - [MESSAGE][PASSED] - Delayed 2 second(s)

2018-06-09 16:45:06 - [TEST_STEP][PASSED] - Statement - RequestedQty = com.kms.katalon.core.webui.keyword.WebUiBuiltInKeywords.getAttribute(com.kms.katalon.core.testobject.ObjectRepository.findTestObject(DispensaryToStore/Page_Store/input_txttotal), "value"): Attribute 'value' of object 'Object Repository/DispensaryToStore/Page_Store/input_txttotal' is: '10'

2018-06-09 16:45:06 - [MESSAGE][PASSED] - Attribute 'value' of object 'Object Repository/DispensaryToStore/Page_Store/input_txttotal' is: '10'

2018-06-09 16:45:06 - [TEST_STEP][PASSED] - Statement - out.println("Requested QTY : " + RequestedQty): null

2018-06-09 16:45:06 - [TEST_STEP][PASSED] - Statement - BatchNumber = com.kms.katalon.core.webui.keyword.WebUiBuiltInKeywords.getNumberOfTotalOption(com.kms.katalon.core.testobject.ObjectRepository.findTestObject(DispensaryToStore/Page_Store/select_--Select--BA1170BA2376B)): 5 options of object 'Object Repository/DispensaryToStore/Page_Store/select_--Select--BA1170BA2376B' counted

2018-06-09 16:45:07 - [MESSAGE][PASSED] - 5 options of object 'Object Repository/DispensaryToStore/Page_Store/select_--Select--BA1170BA2376B' counted

2018-06-09 16:45:07 - [TEST_STEP][PASSED] - Statement - For ([g = 1, g <= BatchNumber - 1, (g++)]): null

2018-06-09 16:45:07 - [TEST_STEP][PASSED] - selectOptionByIndex: All options with index in [1] are selected on object 'Object Repository/DispensaryToStore/Page_Store/select_--Select--BA1170BA2376B'

2018-06-09 16:45:07 - [MESSAGE][PASSED] - All options with index in [1] are selected on object 'Object Repository/DispensaryToStore/Page_Store/select_--Select--BA1170BA2376B'

2018-06-09 16:45:07 - [TEST_STEP][PASSED] - Statement - Try: null

2018-06-09 16:45:07 - [TEST_STEP][PASSED] - Statement - StockQty = com.kms.katalon.core.webui.keyword.WebUiBuiltInKeywords.getAttribute(com.kms.katalon.core.testobject.ObjectRepository.findTestObject(DispensaryToStore/Page_Store/input_txtprice), "value"): Attribute 'value' of object 'Object Repository/DispensaryToStore/Page_Store/input_txtprice' is: '170'

2018-06-09 16:45:07 - [MESSAGE][PASSED] - Attribute 'value' of object 'Object Repository/DispensaryToStore/Page_Store/input_txtprice' is: '170'

2018-06-09 16:45:07 - [TEST_STEP][PASSED] - Statement - out.println("Stock QTY : " + StockQty): null

2018-06-09 16:45:07 - [TEST_STEP][PASSED] - delay: Delayed 2 second(s)

2018-06-09 16:45:09 - [MESSAGE][PASSED] - Delayed 2 second(s)

2018-06-09 16:45:09 - [TEST_STEP][PASSED] - Statement - If (java.lang.String.valueOf(StockQty) >= java.lang.String.valueOf(RequestedQty)): null

2018-06-09 16:45:09 - [TEST_STEP][PASSED] - setText: Text '10' is set on object 'Object Repository/DispensaryToStore/Page_Store/input_txtqty'

2018-06-09 16:45:09 - [MESSAGE][PASSED] - Text '10' is set on object 'Object Repository/DispensaryToStore/Page_Store/input_txtqty'

2018-06-09 16:45:09 - [TEST_STEP][PASSED] - click: Object: 'Object Repository/DispensaryToStore/Page_Store/button_Add' is clicked on

2018-06-09 16:45:09 - [MESSAGE][PASSED] - Object: 'Object Repository/DispensaryToStore/Page_Store/button_Add' is clicked on

2018-06-09 16:45:09 - [TEST_STEP][PASSED] - Statement - Break: null

2018-06-09 16:45:09 - [TEST_STEP][PASSED] - selectOptionByIndex: All options with index in [23] are selected on object 'Object Repository/DispensaryToStore/Page_Store/select_--Select--Adernaline 0.'

2018-06-09 16:45:09 - [MESSAGE][PASSED] - All options with index in [23] are selected on object 'Object Repository/DispensaryToStore/Page_Store/select_--Select--Adernaline 0.'

2018-06-09 16:45:09 - [TEST_STEP][PASSED] - delay: Delayed 2 second(s)

2018-06-09 16:45:11 - [MESSAGE][PASSED] - Delayed 2 second(s)

2018-06-09 16:45:11 - [TEST_STEP][PASSED] - Statement - RequestedQty = com.kms.katalon.core.webui.keyword.WebUiBuiltInKeywords.getAttribute(com.kms.katalon.core.testobject.ObjectRepository.findTestObject(DispensaryToStore/Page_Store/input_txttotal), "value"): Attribute 'value' of object 'Object Repository/DispensaryToStore/Page_Store/input_txttotal' is: '10'

2018-06-09 16:45:11 - [MESSAGE][PASSED] - Attribute 'value' of object 'Object Repository/DispensaryToStore/Page_Store/input_txttotal' is: '10'

2018-06-09 16:45:11 - [TEST_STEP][PASSED] - Statement - out.println("Requested QTY : " + RequestedQty): null

2018-06-09 16:45:11 - [TEST_STEP][PASSED] - Statement - BatchNumber = com.kms.katalon.core.webui.keyword.WebUiBuiltInKeywords.getNumberOfTotalOption(com.kms.katalon.core.testobject.ObjectRepository.findTestObject(DispensaryToStore/Page_Store/select_--Select--BA1170BA2376B)): 3 options of object 'Object Repository/DispensaryToStore/Page_Store/select_--Select--BA1170BA2376B' counted

2018-06-09 16:45:11 - [MESSAGE][PASSED] - 3 options of object 'Object Repository/DispensaryToStore/Page_Store/select_--Select--BA1170BA2376B' counted

2018-06-09 16:45:11 - [TEST_STEP][PASSED] - Statement - For ([g = 1, g <= BatchNumber - 1, (g++)]): null

2018-06-09 16:45:11 - [TEST_STEP][PASSED] - selectOptionByIndex: All options with index in [1] are selected on object 'Object Repository/DispensaryToStore/Page_Store/select_--Select--BA1170BA2376B'

2018-06-09 16:45:12 - [MESSAGE][PASSED] - All options with index in [1] are selected on object 'Object Repository/DispensaryToStore/Page_Store/select_--Select--BA1170BA2376B'

2018-06-09 16:45:12 - [TEST_STEP][PASSED] - Statement - Try: null

2018-06-09 16:45:12 - [TEST_STEP][PASSED] - Statement - StockQty = com.kms.katalon.core.webui.keyword.WebUiBuiltInKeywords.getAttribute(com.kms.katalon.core.testobject.ObjectRepository.findTestObject(DispensaryToStore/Page_Store/input_txtprice), "value"): Attribute 'value' of object 'Object Repository/DispensaryToStore/Page_Store/input_txtprice' is: '1700'

2018-06-09 16:45:12 - [MESSAGE][PASSED] - Attribute 'value' of object 'Object Repository/DispensaryToStore/Page_Store/input_txtprice' is: '1700'

2018-06-09 16:45:12 - [TEST_STEP][PASSED] - Statement - out.println("Stock QTY : " + StockQty): null

2018-06-09 16:45:12 - [TEST_STEP][PASSED] - delay: Delayed 2 second(s)

2018-06-09 16:45:14 - [MESSAGE][PASSED] - Delayed 2 second(s)

2018-06-09 16:45:14 - [TEST_STEP][PASSED] - Statement - If (java.lang.String.valueOf(StockQty) >= java.lang.String.valueOf(RequestedQty)): null

2018-06-09 16:45:14 - [TEST_STEP][PASSED] - setText: Text '10' is set on object 'Object Repository/DispensaryToStore/Page_Store/input_txtqty'

2018-06-09 16:45:14 - [MESSAGE][PASSED] - Text '10' is set on object 'Object Repository/DispensaryToStore/Page_Store/input_txtqty'

2018-06-09 16:45:14 - [TEST_STEP][PASSED] - click: Object: 'Object Repository/DispensaryToStore/Page_Store/button_Add' is clicked on

2018-06-09 16:45:14 - [MESSAGE][PASSED] - Object: 'Object Repository/DispensaryToStore/Page_Store/button_Add' is clicked on

2018-06-09 16:45:14 - [TEST_STEP][PASSED] - Statement - Break: null

2018-06-09 16:45:14 - [TEST_STEP][PASSED] - selectOptionByIndex: All options with index in [24] are selected on object 'Object Repository/DispensaryToStore/Page_Store/select_--Select--Adernaline 0.'

2018-06-09 16:45:14 - [MESSAGE][PASSED] - All options with index in [24] are selected on object 'Object Repository/DispensaryToStore/Page_Store/select_--Select--Adernaline 0.'

2018-06-09 16:45:14 - [TEST_STEP][PASSED] - delay: Delayed 2 second(s)

2018-06-09 16:45:16 - [MESSAGE][PASSED] - Delayed 2 second(s)

2018-06-09 16:45:16 - [TEST_STEP][PASSED] - Statement - RequestedQty = com.kms.katalon.core.webui.keyword.WebUiBuiltInKeywords.getAttribute(com.kms.katalon.core.testobject.ObjectRepository.findTestObject(DispensaryToStore/Page_Store/input_txttotal), "value"): Attribute 'value' of object 'Object Repository/DispensaryToStore/Page_Store/input_txttotal' is: '10'

2018-06-09 16:45:16 - [MESSAGE][PASSED] - Attribute 'value' of object 'Object Repository/DispensaryToStore/Page_Store/input_txttotal' is: '10'

2018-06-09 16:45:16 - [TEST_STEP][PASSED] - Statement - out.println("Requested QTY : " + RequestedQty): null

2018-06-09 16:45:16 - [TEST_STEP][PASSED] - Statement - BatchNumber = com.kms.katalon.core.webui.keyword.WebUiBuiltInKeywords.getNumberOfTotalOption(com.kms.katalon.core.testobject.ObjectRepository.findTestObject(DispensaryToStore/Page_Store/select_--Select--BA1170BA2376B)): 5 options of object 'Object Repository/DispensaryToStore/Page_Store/select_--Select--BA1170BA2376B' counted

2018-06-09 16:45:16 - [MESSAGE][PASSED] - 5 options of object 'Object Repository/DispensaryToStore/Page_Store/select_--Select--BA1170BA2376B' counted

2018-06-09 16:45:16 - [TEST_STEP][PASSED] - Statement - For ([g = 1, g <= BatchNumber - 1, (g++)]): null

2018-06-09 16:45:16 - [TEST_STEP][PASSED] - selectOptionByIndex: All options with index in [1] are selected on object 'Object Repository/DispensaryToStore/Page_Store/select_--Select--BA1170BA2376B'

2018-06-09 16:45:16 - [MESSAGE][PASSED] - All options with index in [1] are selected on object 'Object Repository/DispensaryToStore/Page_Store/select_--Select--BA1170BA2376B'

2018-06-09 16:45:16 - [TEST_STEP][PASSED] - Statement - Try: null

2018-06-09 16:45:16 - [TEST_STEP][PASSED] - Statement - StockQty = com.kms.katalon.core.webui.keyword.WebUiBuiltInKeywords.getAttribute(com.kms.katalon.core.testobject.ObjectRepository.findTestObject(DispensaryToStore/Page_Store/input_txtprice), "value"): Attribute 'value' of object 'Object Repository/DispensaryToStore/Page_Store/input_txtprice' is: '170'

2018-06-09 16:45:16 - [MESSAGE][PASSED] - Attribute 'value' of object 'Object Repository/DispensaryToStore/Page_Store/input_txtprice' is: '170'

2018-06-09 16:45:16 - [TEST_STEP][PASSED] - Statement - out.println("Stock QTY : " + StockQty): null

2018-06-09 16:45:16 - [TEST_STEP][PASSED] - delay: Delayed 2 second(s)

2018-06-09 16:45:18 - [MESSAGE][PASSED] - Delayed 2 second(s)

2018-06-09 16:45:18 - [TEST_STEP][PASSED] - Statement - If (java.lang.String.valueOf(StockQty) >= java.lang.String.valueOf(RequestedQty)): null

2018-06-09 16:45:18 - [TEST_STEP][PASSED] - setText: Text '10' is set on object 'Object Repository/DispensaryToStore/Page_Store/input_txtqty'

2018-06-09 16:45:19 - [MESSAGE][PASSED] - Text '10' is set on object 'Object Repository/DispensaryToStore/Page_Store/input_txtqty'

2018-06-09 16:45:19 - [TEST_STEP][PASSED] - click: Object: 'Object Repository/DispensaryToStore/Page_Store/button_Add' is clicked on

2018-06-09 16:45:19 - [MESSAGE][PASSED] - Object: 'Object Repository/DispensaryToStore/Page_Store/button_Add' is clicked on

2018-06-09 16:45:19 - [TEST_STEP][PASSED] - Statement - Break: null

2018-06-09 16:45:19 - [TEST_STEP][PASSED] - selectOptionByIndex: All options with index in [25] are selected on object 'Object Repository/DispensaryToStore/Page_Store/select_--Select--Adernaline 0.'

2018-06-09 16:45:19 - [MESSAGE][PASSED] - All options with index in [25] are selected on object 'Object Repository/DispensaryToStore/Page_Store/select_--Select--Adernaline 0.'

2018-06-09 16:45:19 - [TEST_STEP][PASSED] - delay: Delayed 2 second(s)

2018-06-09 16:45:21 - [MESSAGE][PASSED] - Delayed 2 second(s)

2018-06-09 16:45:21 - [TEST_STEP][PASSED] - Statement - RequestedQty = com.kms.katalon.core.webui.keyword.WebUiBuiltInKeywords.getAttribute(com.kms.katalon.core.testobject.ObjectRepository.findTestObject(DispensaryToStore/Page_Store/input_txttotal), "value"): Attribute 'value' of object 'Object Repository/DispensaryToStore/Page_Store/input_txttotal' is: '10'

2018-06-09 16:45:21 - [MESSAGE][PASSED] - Attribute 'value' of object 'Object Repository/DispensaryToStore/Page_Store/input_txttotal' is: '10'

2018-06-09 16:45:21 - [TEST_STEP][PASSED] - Statement - out.println("Requested QTY : " + RequestedQty): null

2018-06-09 16:45:21 - [TEST_STEP][PASSED] - Statement - BatchNumber = com.kms.katalon.core.webui.keyword.WebUiBuiltInKeywords.getNumberOfTotalOption(com.kms.katalon.core.testobject.ObjectRepository.findTestObject(DispensaryToStore/Page_Store/select_--Select--BA1170BA2376B)): 3 options of object 'Object Repository/DispensaryToStore/Page_Store/select_--Select--BA1170BA2376B' counted

2018-06-09 16:45:21 - [MESSAGE][PASSED] - 3 options of object 'Object Repository/DispensaryToStore/Page_Store/select_--Select--BA1170BA2376B' counted

2018-06-09 16:45:21 - [TEST_STEP][PASSED] - Statement - For ([g = 1, g <= BatchNumber - 1, (g++)]): null

2018-06-09 16:45:21 - [TEST_STEP][PASSED] - selectOptionByIndex: All options with index in [1] are selected on object 'Object Repository/DispensaryToStore/Page_Store/select_--Select--BA1170BA2376B'

2018-06-09 16:45:21 - [MESSAGE][PASSED] - All options with index in [1] are selected on object 'Object Repository/DispensaryToStore/Page_Store/select_--Select--BA1170BA2376B'

2018-06-09 16:45:21 - [TEST_STEP][PASSED] - Statement - Try: null

2018-06-09 16:45:21 - [TEST_STEP][PASSED] - Statement - StockQty = com.kms.katalon.core.webui.keyword.WebUiBuiltInKeywords.getAttribute(com.kms.katalon.core.testobject.ObjectRepository.findTestObject(DispensaryToStore/Page_Store/input_txtprice), "value"): Attribute 'value' of object 'Object Repository/DispensaryToStore/Page_Store/input_txtprice' is: '1700'

2018-06-09 16:45:21 - [MESSAGE][PASSED] - Attribute 'value' of object 'Object Repository/DispensaryToStore/Page_Store/input_txtprice' is: '1700'

2018-06-09 16:45:21 - [TEST_STEP][PASSED] - Statement - out.println("Stock QTY : " + StockQty): null

2018-06-09 16:45:21 - [TEST_STEP][PASSED] - delay: Delayed 2 second(s)

2018-06-09 16:45:23 - [MESSAGE][PASSED] - Delayed 2 second(s)

2018-06-09 16:45:23 - [TEST_STEP][PASSED] - Statement - If (java.lang.String.valueOf(StockQty) >= java.lang.String.valueOf(RequestedQty)): null

2018-06-09 16:45:23 - [TEST_STEP][PASSED] - setText: Text '10' is set on object 'Object Repository/DispensaryToStore/Page_Store/input_txtqty'

2018-06-09 16:45:23 - [MESSAGE][PASSED] - Text '10' is set on object 'Object Repository/DispensaryToStore/Page_Store/input_txtqty'

2018-06-09 16:45:23 - [TEST_STEP][PASSED] - click: Object: 'Object Repository/DispensaryToStore/Page_Store/button_Add' is clicked on

2018-06-09 16:45:23 - [MESSAGE][PASSED] - Object: 'Object Repository/DispensaryToStore/Page_Store/button_Add' is clicked on

2018-06-09 16:45:23 - [TEST_STEP][PASSED] - Statement - Break: null

2018-06-09 16:45:23 - [TEST_STEP][PASSED] - selectOptionByIndex: All options with index in [26] are selected on object 'Object Repository/DispensaryToStore/Page_Store/select_--Select--Adernaline 0.'

2018-06-09 16:45:24 - [MESSAGE][PASSED] - All options with index in [26] are selected on object 'Object Repository/DispensaryToStore/Page_Store/select_--Select--Adernaline 0.'

2018-06-09 16:45:24 - [TEST_STEP][PASSED] - delay: Delayed 2 second(s)

2018-06-09 16:45:26 - [MESSAGE][PASSED] - Delayed 2 second(s)

2018-06-09 16:45:26 - [TEST_STEP][PASSED] - Statement - RequestedQty = com.kms.katalon.core.webui.keyword.WebUiBuiltInKeywords.getAttribute(com.kms.katalon.core.testobject.ObjectRepository.findTestObject(DispensaryToStore/Page_Store/input_txttotal), "value"): Attribute 'value' of object 'Object Repository/DispensaryToStore/Page_Store/input_txttotal' is: '10'

2018-06-09 16:45:26 - [MESSAGE][PASSED] - Attribute 'value' of object 'Object Repository/DispensaryToStore/Page_Store/input_txttotal' is: '10'

2018-06-09 16:45:26 - [TEST_STEP][PASSED] - Statement - out.println("Requested QTY : " + RequestedQty): null

2018-06-09 16:45:26 - [TEST_STEP][PASSED] - Statement - BatchNumber = com.kms.katalon.core.webui.keyword.WebUiBuiltInKeywords.getNumberOfTotalOption(com.kms.katalon.core.testobject.ObjectRepository.findTestObject(DispensaryToStore/Page_Store/select_--Select--BA1170BA2376B)): 4 options of object 'Object Repository/DispensaryToStore/Page_Store/select_--Select--BA1170BA2376B' counted

2018-06-09 16:45:26 - [MESSAGE][PASSED] - 4 options of object 'Object Repository/DispensaryToStore/Page_Store/select_--Select--BA1170BA2376B' counted

2018-06-09 16:45:26 - [TEST_STEP][PASSED] - Statement - For ([g = 1, g <= BatchNumber - 1, (g++)]): null

2018-06-09 16:45:26 - [TEST_STEP][PASSED] - selectOptionByIndex: All options with index in [1] are selected on object 'Object Repository/DispensaryToStore/Page_Store/select_--Select--BA1170BA2376B'

2018-06-09 16:45:26 - [MESSAGE][PASSED] - All options with index in [1] are selected on object 'Object Repository/DispensaryToStore/Page_Store/select_--Select--BA1170BA2376B'

2018-06-09 16:45:26 - [TEST_STEP][PASSED] - Statement - Try: null

2018-06-09 16:45:26 - [TEST_STEP][PASSED] - Statement - StockQty = com.kms.katalon.core.webui.keyword.WebUiBuiltInKeywords.getAttribute(com.kms.katalon.core.testobject.ObjectRepository.findTestObject(DispensaryToStore/Page_Store/input_txtprice), "value"): Attribute 'value' of object 'Object Repository/DispensaryToStore/Page_Store/input_txtprice' is: '370'

2018-06-09 16:45:26 - [MESSAGE][PASSED] - Attribute 'value' of object 'Object Repository/DispensaryToStore/Page_Store/input_txtprice' is: '370'

2018-06-09 16:45:26 - [TEST_STEP][PASSED] - Statement - out.println("Stock QTY : " + StockQty): null

2018-06-09 16:45:26 - [TEST_STEP][PASSED] - delay: Delayed 2 second(s)

2018-06-09 16:45:28 - [MESSAGE][PASSED] - Delayed 2 second(s)

2018-06-09 16:45:28 - [TEST_STEP][PASSED] - Statement - If (java.lang.String.valueOf(StockQty) >= java.lang.String.valueOf(RequestedQty)): null

2018-06-09 16:45:28 - [TEST_STEP][PASSED] - setText: Text '10' is set on object 'Object Repository/DispensaryToStore/Page_Store/input_txtqty'

2018-06-09 16:45:28 - [MESSAGE][PASSED] - Text '10' is set on object 'Object Repository/DispensaryToStore/Page_Store/input_txtqty'

2018-06-09 16:45:28 - [TEST_STEP][PASSED] - click: Object: 'Object Repository/DispensaryToStore/Page_Store/button_Add' is clicked on

2018-06-09 16:45:28 - [MESSAGE][PASSED] - Object: 'Object Repository/DispensaryToStore/Page_Store/button_Add' is clicked on

2018-06-09 16:45:28 - [TEST_STEP][PASSED] - Statement - Break: null

2018-06-09 16:45:28 - [TEST_STEP][PASSED] - selectOptionByIndex: All options with index in [27] are selected on object 'Object Repository/DispensaryToStore/Page_Store/select_--Select--Adernaline 0.'

2018-06-09 16:45:29 - [MESSAGE][PASSED] - All options with index in [27] are selected on object 'Object Repository/DispensaryToStore/Page_Store/select_--Select--Adernaline 0.'

2018-06-09 16:45:29 - [TEST_STEP][PASSED] - delay: Delayed 2 second(s)

2018-06-09 16:45:31 - [MESSAGE][PASSED] - Delayed 2 second(s)

2018-06-09 16:45:31 - [TEST_STEP][PASSED] - Statement - RequestedQty = com.kms.katalon.core.webui.keyword.WebUiBuiltInKeywords.getAttribute(com.kms.katalon.core.testobject.ObjectRepository.findTestObject(DispensaryToStore/Page_Store/input_txttotal), "value"): Attribute 'value' of object 'Object Repository/DispensaryToStore/Page_Store/input_txttotal' is: '10'

2018-06-09 16:45:31 - [MESSAGE][PASSED] - Attribute 'value' of object 'Object Repository/DispensaryToStore/Page_Store/input_txttotal' is: '10'

2018-06-09 16:45:31 - [TEST_STEP][PASSED] - Statement - out.println("Requested QTY : " + RequestedQty): null

2018-06-09 16:45:31 - [TEST_STEP][PASSED] - Statement - BatchNumber = com.kms.katalon.core.webui.keyword.WebUiBuiltInKeywords.getNumberOfTotalOption(com.kms.katalon.core.testobject.ObjectRepository.findTestObject(DispensaryToStore/Page_Store/select_--Select--BA1170BA2376B)): 5 options of object 'Object Repository/DispensaryToStore/Page_Store/select_--Select--BA1170BA2376B' counted

2018-06-09 16:45:31 - [MESSAGE][PASSED] - 5 options of object 'Object Repository/DispensaryToStore/Page_Store/select_--Select--BA1170BA2376B' counted

2018-06-09 16:45:31 - [TEST_STEP][PASSED] - Statement - For ([g = 1, g <= BatchNumber - 1, (g++)]): null

2018-06-09 16:45:31 - [TEST_STEP][PASSED] - selectOptionByIndex: All options with index in [1] are selected on object 'Object Repository/DispensaryToStore/Page_Store/select_--Select--BA1170BA2376B'

2018-06-09 16:45:31 - [MESSAGE][PASSED] - All options with index in [1] are selected on object 'Object Repository/DispensaryToStore/Page_Store/select_--Select--BA1170BA2376B'

2018-06-09 16:45:31 - [TEST_STEP][PASSED] - Statement - Try: null

2018-06-09 16:45:31 - [TEST_STEP][PASSED] - Statement - StockQty = com.kms.katalon.core.webui.keyword.WebUiBuiltInKeywords.getAttribute(com.kms.katalon.core.testobject.ObjectRepository.findTestObject(DispensaryToStore/Page_Store/input_txtprice), "value"): Attribute 'value' of object 'Object Repository/DispensaryToStore/Page_Store/input_txtprice' is: '370'

2018-06-09 16:45:31 - [MESSAGE][PASSED] - Attribute 'value' of object 'Object Repository/DispensaryToStore/Page_Store/input_txtprice' is: '370'

2018-06-09 16:45:31 - [TEST_STEP][PASSED] - Statement - out.println("Stock QTY : " + StockQty): null

2018-06-09 16:45:31 - [TEST_STEP][PASSED] - delay: Delayed 2 second(s)

2018-06-09 16:45:33 - [MESSAGE][PASSED] - Delayed 2 second(s)

2018-06-09 16:45:33 - [TEST_STEP][PASSED] - Statement - If (java.lang.String.valueOf(StockQty) >= java.lang.String.valueOf(RequestedQty)): null

2018-06-09 16:45:33 - [TEST_STEP][PASSED] - setText: Text '10' is set on object 'Object Repository/DispensaryToStore/Page_Store/input_txtqty'

2018-06-09 16:45:33 - [MESSAGE][PASSED] - Text '10' is set on object 'Object Repository/DispensaryToStore/Page_Store/input_txtqty'

2018-06-09 16:45:33 - [TEST_STEP][PASSED] - click: Object: 'Object Repository/DispensaryToStore/Page_Store/button_Add' is clicked on

2018-06-09 16:45:33 - [MESSAGE][PASSED] - Object: 'Object Repository/DispensaryToStore/Page_Store/button_Add' is clicked on

2018-06-09 16:45:33 - [TEST_STEP][PASSED] - Statement - Break: null

2018-06-09 16:45:33 - [TEST_STEP][PASSED] - selectOptionByIndex: All options with index in [28] are selected on object 'Object Repository/DispensaryToStore/Page_Store/select_--Select--Adernaline 0.'

2018-06-09 16:45:34 - [MESSAGE][PASSED] - All options with index in [28] are selected on object 'Object Repository/DispensaryToStore/Page_Store/select_--Select--Adernaline 0.'

2018-06-09 16:45:34 - [TEST_STEP][PASSED] - delay: Delayed 2 second(s)

2018-06-09 16:45:36 - [MESSAGE][PASSED] - Delayed 2 second(s)

2018-06-09 16:45:36 - [TEST_STEP][PASSED] - Statement - RequestedQty = com.kms.katalon.core.webui.keyword.WebUiBuiltInKeywords.getAttribute(com.kms.katalon.core.testobject.ObjectRepository.findTestObject(DispensaryToStore/Page_Store/input_txttotal), "value"): Attribute 'value' of object 'Object Repository/DispensaryToStore/Page_Store/input_txttotal' is: '10'

2018-06-09 16:45:36 - [MESSAGE][PASSED] - Attribute 'value' of object 'Object Repository/DispensaryToStore/Page_Store/input_txttotal' is: '10'

2018-06-09 16:45:36 - [TEST_STEP][PASSED] - Statement - out.println("Requested QTY : " + RequestedQty): null

2018-06-09 16:45:36 - [TEST_STEP][PASSED] - Statement - BatchNumber = com.kms.katalon.core.webui.keyword.WebUiBuiltInKeywords.getNumberOfTotalOption(com.kms.katalon.core.testobject.ObjectRepository.findTestObject(DispensaryToStore/Page_Store/select_--Select--BA1170BA2376B)): 4 options of object 'Object Repository/DispensaryToStore/Page_Store/select_--Select--BA1170BA2376B' counted

2018-06-09 16:45:36 - [MESSAGE][PASSED] - 4 options of object 'Object Repository/DispensaryToStore/Page_Store/select_--Select--BA1170BA2376B' counted

2018-06-09 16:45:36 - [TEST_STEP][PASSED] - Statement - For ([g = 1, g <= BatchNumber - 1, (g++)]): null

2018-06-09 16:45:36 - [TEST_STEP][PASSED] - selectOptionByIndex: All options with index in [1] are selected on object 'Object Repository/DispensaryToStore/Page_Store/select_--Select--BA1170BA2376B'

2018-06-09 16:45:36 - [MESSAGE][PASSED] - All options with index in [1] are selected on object 'Object Repository/DispensaryToStore/Page_Store/select_--Select--BA1170BA2376B'

2018-06-09 16:45:36 - [TEST_STEP][PASSED] - Statement - Try: null

2018-06-09 16:45:36 - [TEST_STEP][PASSED] - Statement - StockQty = com.kms.katalon.core.webui.keyword.WebUiBuiltInKeywords.getAttribute(com.kms.katalon.core.testobject.ObjectRepository.findTestObject(DispensaryToStore/Page_Store/input_txtprice), "value"): Attribute 'value' of object 'Object Repository/DispensaryToStore/Page_Store/input_txtprice' is: '740'

2018-06-09 16:45:36 - [MESSAGE][PASSED] - Attribute 'value' of object 'Object Repository/DispensaryToStore/Page_Store/input_txtprice' is: '740'

2018-06-09 16:45:36 - [TEST_STEP][PASSED] - Statement - out.println("Stock QTY : " + StockQty): null

2018-06-09 16:45:36 - [TEST_STEP][PASSED] - delay: Delayed 2 second(s)

2018-06-09 16:45:38 - [MESSAGE][PASSED] - Delayed 2 second(s)

2018-06-09 16:45:38 - [TEST_STEP][PASSED] - Statement - If (java.lang.String.valueOf(StockQty) >= java.lang.String.valueOf(RequestedQty)): null

2018-06-09 16:45:38 - [TEST_STEP][PASSED] - setText: Text '10' is set on object 'Object Repository/DispensaryToStore/Page_Store/input_txtqty'

2018-06-09 16:45:38 - [MESSAGE][PASSED] - Text '10' is set on object 'Object Repository/DispensaryToStore/Page_Store/input_txtqty'

2018-06-09 16:45:38 - [TEST_STEP][PASSED] - click: Object: 'Object Repository/DispensaryToStore/Page_Store/button_Add' is clicked on

2018-06-09 16:45:38 - [MESSAGE][PASSED] - Object: 'Object Repository/DispensaryToStore/Page_Store/button_Add' is clicked on

2018-06-09 16:45:38 - [TEST_STEP][PASSED] - Statement - Break: null

2018-06-09 16:45:38 - [TEST_STEP][PASSED] - selectOptionByIndex: All options with index in [29] are selected on object 'Object Repository/DispensaryToStore/Page_Store/select_--Select--Adernaline 0.'

2018-06-09 16:45:39 - [MESSAGE][PASSED] - All options with index in [29] are selected on object 'Object Repository/DispensaryToStore/Page_Store/select_--Select--Adernaline 0.'

2018-06-09 16:45:39 - [TEST_STEP][PASSED] - delay: Delayed 2 second(s)

2018-06-09 16:45:41 - [MESSAGE][PASSED] - Delayed 2 second(s)

2018-06-09 16:45:41 - [TEST_STEP][PASSED] - Statement - RequestedQty = com.kms.katalon.core.webui.keyword.WebUiBuiltInKeywords.getAttribute(com.kms.katalon.core.testobject.ObjectRepository.findTestObject(DispensaryToStore/Page_Store/input_txttotal), "value"): Attribute 'value' of object 'Object Repository/DispensaryToStore/Page_Store/input_txttotal' is: '10'

2018-06-09 16:45:41 - [MESSAGE][PASSED] - Attribute 'value' of object 'Object Repository/DispensaryToStore/Page_Store/input_txttotal' is: '10'

2018-06-09 16:45:41 - [TEST_STEP][PASSED] - Statement - out.println("Requested QTY : " + RequestedQty): null

2018-06-09 16:45:41 - [TEST_STEP][PASSED] - Statement - BatchNumber = com.kms.katalon.core.webui.keyword.WebUiBuiltInKeywords.getNumberOfTotalOption(com.kms.katalon.core.testobject.ObjectRepository.findTestObject(DispensaryToStore/Page_Store/select_--Select--BA1170BA2376B)): 3 options of object 'Object Repository/DispensaryToStore/Page_Store/select_--Select--BA1170BA2376B' counted

2018-06-09 16:45:41 - [MESSAGE][PASSED] - 3 options of object 'Object Repository/DispensaryToStore/Page_Store/select_--Select--BA1170BA2376B' counted

2018-06-09 16:45:41 - [TEST_STEP][PASSED] - Statement - For ([g = 1, g <= BatchNumber - 1, (g++)]): null

2018-06-09 16:45:41 - [TEST_STEP][PASSED] - selectOptionByIndex: All options with index in [1] are selected on object 'Object Repository/DispensaryToStore/Page_Store/select_--Select--BA1170BA2376B'

2018-06-09 16:45:41 - [MESSAGE][PASSED] - All options with index in [1] are selected on object 'Object Repository/DispensaryToStore/Page_Store/select_--Select--BA1170BA2376B'

2018-06-09 16:45:41 - [TEST_STEP][PASSED] - Statement - Try: null

2018-06-09 16:45:41 - [TEST_STEP][PASSED] - Statement - StockQty = com.kms.katalon.core.webui.keyword.WebUiBuiltInKeywords.getAttribute(com.kms.katalon.core.testobject.ObjectRepository.findTestObject(DispensaryToStore/Page_Store/input_txtprice), "value"): Attribute 'value' of object 'Object Repository/DispensaryToStore/Page_Store/input_txtprice' is: '440'

2018-06-09 16:45:41 - [MESSAGE][PASSED] - Attribute 'value' of object 'Object Repository/DispensaryToStore/Page_Store/input_txtprice' is: '440'

2018-06-09 16:45:41 - [TEST_STEP][PASSED] - Statement - out.println("Stock QTY : " + StockQty): null

2018-06-09 16:45:41 - [TEST_STEP][PASSED] - delay: Delayed 2 second(s)

2018-06-09 16:45:43 - [MESSAGE][PASSED] - Delayed 2 second(s)

2018-06-09 16:45:43 - [TEST_STEP][PASSED] - Statement - If (java.lang.String.valueOf(StockQty) >= java.lang.String.valueOf(RequestedQty)): null

2018-06-09 16:45:43 - [TEST_STEP][PASSED] - setText: Text '10' is set on object 'Object Repository/DispensaryToStore/Page_Store/input_txtqty'

2018-06-09 16:45:43 - [MESSAGE][PASSED] - Text '10' is set on object 'Object Repository/DispensaryToStore/Page_Store/input_txtqty'

2018-06-09 16:45:43 - [TEST_STEP][PASSED] - click: Object: 'Object Repository/DispensaryToStore/Page_Store/button_Add' is clicked on

2018-06-09 16:45:43 - [MESSAGE][PASSED] - Object: 'Object Repository/DispensaryToStore/Page_Store/button_Add' is clicked on

2018-06-09 16:45:43 - [TEST_STEP][PASSED] - Statement - Break: null

2018-06-09 16:45:43 - [TEST_STEP][PASSED] - selectOptionByIndex: All options with index in [30] are selected on object 'Object Repository/DispensaryToStore/Page_Store/select_--Select--Adernaline 0.'

2018-06-09 16:45:43 - [MESSAGE][PASSED] - All options with index in [30] are selected on object 'Object Repository/DispensaryToStore/Page_Store/select_--Select--Adernaline 0.'

2018-06-09 16:45:43 - [TEST_STEP][PASSED] - delay: Delayed 2 second(s)

2018-06-09 16:45:45 - [MESSAGE][PASSED] - Delayed 2 second(s)

2018-06-09 16:45:45 - [TEST_STEP][PASSED] - Statement - RequestedQty = com.kms.katalon.core.webui.keyword.WebUiBuiltInKeywords.getAttribute(com.kms.katalon.core.testobject.ObjectRepository.findTestObject(DispensaryToStore/Page_Store/input_txttotal), "value"): Attribute 'value' of object 'Object Repository/DispensaryToStore/Page_Store/input_txttotal' is: '10'

2018-06-09 16:45:45 - [MESSAGE][PASSED] - Attribute 'value' of object 'Object Repository/DispensaryToStore/Page_Store/input_txttotal' is: '10'

2018-06-09 16:45:45 - [TEST_STEP][PASSED] - Statement - out.println("Requested QTY : " + RequestedQty): null

2018-06-09 16:45:45 - [TEST_STEP][PASSED] - Statement - BatchNumber = com.kms.katalon.core.webui.keyword.WebUiBuiltInKeywords.getNumberOfTotalOption(com.kms.katalon.core.testobject.ObjectRepository.findTestObject(DispensaryToStore/Page_Store/select_--Select--BA1170BA2376B)): 3 options of object 'Object Repository/DispensaryToStore/Page_Store/select_--Select--BA1170BA2376B' counted

2018-06-09 16:45:45 - [MESSAGE][PASSED] - 3 options of object 'Object Repository/DispensaryToStore/Page_Store/select_--Select--BA1170BA2376B' counted

2018-06-09 16:45:45 - [TEST_STEP][PASSED] - Statement - For ([g = 1, g <= BatchNumber - 1, (g++)]): null

2018-06-09 16:45:45 - [TEST_STEP][PASSED] - selectOptionByIndex: All options with index in [1] are selected on object 'Object Repository/DispensaryToStore/Page_Store/select_--Select--BA1170BA2376B'

2018-06-09 16:45:46 - [MESSAGE][PASSED] - All options with index in [1] are selected on object 'Object Repository/DispensaryToStore/Page_Store/select_--Select--BA1170BA2376B'

2018-06-09 16:45:46 - [TEST_STEP][PASSED] - Statement - Try: null

2018-06-09 16:45:46 - [TEST_STEP][PASSED] - Statement - StockQty = com.kms.katalon.core.webui.keyword.WebUiBuiltInKeywords.getAttribute(com.kms.katalon.core.testobject.ObjectRepository.findTestObject(DispensaryToStore/Page_Store/input_txtprice), "value"): Attribute 'value' of object 'Object Repository/DispensaryToStore/Page_Store/input_txtprice' is: '370'

2018-06-09 16:45:46 - [MESSAGE][PASSED] - Attribute 'value' of object 'Object Repository/DispensaryToStore/Page_Store/input_txtprice' is: '370'

2018-06-09 16:45:46 - [TEST_STEP][PASSED] - Statement - out.println("Stock QTY : " + StockQty): null

2018-06-09 16:45:46 - [TEST_STEP][PASSED] - delay: Delayed 2 second(s)

2018-06-09 16:45:48 - [MESSAGE][PASSED] - Delayed 2 second(s)

2018-06-09 16:45:48 - [TEST_STEP][PASSED] - Statement - If (java.lang.String.valueOf(StockQty) >= java.lang.String.valueOf(RequestedQty)): null

2018-06-09 16:45:48 - [TEST_STEP][PASSED] - setText: Text '10' is set on object 'Object Repository/DispensaryToStore/Page_Store/input_txtqty'

2018-06-09 16:45:48 - [MESSAGE][PASSED] - Text '10' is set on object 'Object Repository/DispensaryToStore/Page_Store/input_txtqty'

2018-06-09 16:45:48 - [TEST_STEP][PASSED] - click: Object: 'Object Repository/DispensaryToStore/Page_Store/button_Add' is clicked on

2018-06-09 16:45:48 - [MESSAGE][PASSED] - Object: 'Object Repository/DispensaryToStore/Page_Store/button_Add' is clicked on

2018-06-09 16:45:48 - [TEST_STEP][PASSED] - Statement - Break: null

2018-06-09 16:45:48 - [TEST_STEP][PASSED] - selectOptionByIndex: All options with index in [31] are selected on object 'Object Repository/DispensaryToStore/Page_Store/select_--Select--Adernaline 0.'

2018-06-09 16:45:48 - [MESSAGE][PASSED] - All options with index in [31] are selected on object 'Object Repository/DispensaryToStore/Page_Store/select_--Select--Adernaline 0.'

2018-06-09 16:45:48 - [TEST_STEP][PASSED] - delay: Delayed 2 second(s)

2018-06-09 16:45:50 - [MESSAGE][PASSED] - Delayed 2 second(s)

2018-06-09 16:45:50 - [TEST_STEP][PASSED] - Statement - RequestedQty = com.kms.katalon.core.webui.keyword.WebUiBuiltInKeywords.getAttribute(com.kms.katalon.core.testobject.ObjectRepository.findTestObject(DispensaryToStore/Page_Store/input_txttotal), "value"): Attribute 'value' of object 'Object Repository/DispensaryToStore/Page_Store/input_txttotal' is: '10'

2018-06-09 16:45:50 - [MESSAGE][PASSED] - Attribute 'value' of object 'Object Repository/DispensaryToStore/Page_Store/input_txttotal' is: '10'

2018-06-09 16:45:50 - [TEST_STEP][PASSED] - Statement - out.println("Requested QTY : " + RequestedQty): null

2018-06-09 16:45:50 - [TEST_STEP][PASSED] - Statement - BatchNumber = com.kms.katalon.core.webui.keyword.WebUiBuiltInKeywords.getNumberOfTotalOption(com.kms.katalon.core.testobject.ObjectRepository.findTestObject(DispensaryToStore/Page_Store/select_--Select--BA1170BA2376B)): 3 options of object 'Object Repository/DispensaryToStore/Page_Store/select_--Select--BA1170BA2376B' counted

2018-06-09 16:45:50 - [MESSAGE][PASSED] - 3 options of object 'Object Repository/DispensaryToStore/Page_Store/select_--Select--BA1170BA2376B' counted

2018-06-09 16:45:50 - [TEST_STEP][PASSED] - Statement - For ([g = 1, g <= BatchNumber - 1, (g++)]): null

2018-06-09 16:45:50 - [TEST_STEP][PASSED] - selectOptionByIndex: All options with index in [1] are selected on object 'Object Repository/DispensaryToStore/Page_Store/select_--Select--BA1170BA2376B'

2018-06-09 16:45:51 - [MESSAGE][PASSED] - All options with index in [1] are selected on object 'Object Repository/DispensaryToStore/Page_Store/select_--Select--BA1170BA2376B'

2018-06-09 16:45:51 - [TEST_STEP][PASSED] - Statement - Try: null

2018-06-09 16:45:51 - [TEST_STEP][PASSED] - Statement - StockQty = com.kms.katalon.core.webui.keyword.WebUiBuiltInKeywords.getAttribute(com.kms.katalon.core.testobject.ObjectRepository.findTestObject(DispensaryToStore/Page_Store/input_txtprice), "value"): Attribute 'value' of object 'Object Repository/DispensaryToStore/Page_Store/input_txtprice' is: '1700'

2018-06-09 16:45:51 - [MESSAGE][PASSED] - Attribute 'value' of object 'Object Repository/DispensaryToStore/Page_Store/input_txtprice' is: '1700'

2018-06-09 16:45:51 - [TEST_STEP][PASSED] - Statement - out.println("Stock QTY : " + StockQty): null

2018-06-09 16:45:51 - [TEST_STEP][PASSED] - delay: Delayed 2 second(s)

2018-06-09 16:45:53 - [MESSAGE][PASSED] - Delayed 2 second(s)

2018-06-09 16:45:53 - [TEST_STEP][PASSED] - Statement - If (java.lang.String.valueOf(StockQty) >= java.lang.String.valueOf(RequestedQty)): null

2018-06-09 16:45:53 - [TEST_STEP][PASSED] - setText: Text '10' is set on object 'Object Repository/DispensaryToStore/Page_Store/input_txtqty'

2018-06-09 16:45:53 - [MESSAGE][PASSED] - Text '10' is set on object 'Object Repository/DispensaryToStore/Page_Store/input_txtqty'

2018-06-09 16:45:53 - [TEST_STEP][PASSED] - click: Object: 'Object Repository/DispensaryToStore/Page_Store/button_Add' is clicked on

2018-06-09 16:45:53 - [MESSAGE][PASSED] - Object: 'Object Repository/DispensaryToStore/Page_Store/button_Add' is clicked on

2018-06-09 16:45:53 - [TEST_STEP][PASSED] - Statement - Break: null

2018-06-09 16:45:53 - [TEST_STEP][PASSED] - selectOptionByIndex: All options with index in [32] are selected on object 'Object Repository/DispensaryToStore/Page_Store/select_--Select--Adernaline 0.'

2018-06-09 16:45:53 - [MESSAGE][PASSED] - All options with index in [32] are selected on object 'Object Repository/DispensaryToStore/Page_Store/select_--Select--Adernaline 0.'

2018-06-09 16:45:53 - [TEST_STEP][PASSED] - delay: Delayed 2 second(s)

2018-06-09 16:45:55 - [MESSAGE][PASSED] - Delayed 2 second(s)

2018-06-09 16:45:55 - [TEST_STEP][PASSED] - Statement - RequestedQty = com.kms.katalon.core.webui.keyword.WebUiBuiltInKeywords.getAttribute(com.kms.katalon.core.testobject.ObjectRepository.findTestObject(DispensaryToStore/Page_Store/input_txttotal), "value"): Attribute 'value' of object 'Object Repository/DispensaryToStore/Page_Store/input_txttotal' is: '10'

2018-06-09 16:45:55 - [MESSAGE][PASSED] - Attribute 'value' of object 'Object Repository/DispensaryToStore/Page_Store/input_txttotal' is: '10'

2018-06-09 16:45:55 - [TEST_STEP][PASSED] - Statement - out.println("Requested QTY : " + RequestedQty): null

2018-06-09 16:45:55 - [TEST_STEP][PASSED] - Statement - BatchNumber = com.kms.katalon.core.webui.keyword.WebUiBuiltInKeywords.getNumberOfTotalOption(com.kms.katalon.core.testobject.ObjectRepository.findTestObject(DispensaryToStore/Page_Store/select_--Select--BA1170BA2376B)): 4 options of object 'Object Repository/DispensaryToStore/Page_Store/select_--Select--BA1170BA2376B' counted

2018-06-09 16:45:55 - [MESSAGE][PASSED] - 4 options of object 'Object Repository/DispensaryToStore/Page_Store/select_--Select--BA1170BA2376B' counted

2018-06-09 16:45:55 - [TEST_STEP][PASSED] - Statement - For ([g = 1, g <= BatchNumber - 1, (g++)]): null

2018-06-09 16:45:55 - [TEST_STEP][PASSED] - selectOptionByIndex: All options with index in [1] are selected on object 'Object Repository/DispensaryToStore/Page_Store/select_--Select--BA1170BA2376B'

2018-06-09 16:45:55 - [MESSAGE][PASSED] - All options with index in [1] are selected on object 'Object Repository/DispensaryToStore/Page_Store/select_--Select--BA1170BA2376B'

2018-06-09 16:45:55 - [TEST_STEP][PASSED] - Statement - Try: null

2018-06-09 16:45:55 - [TEST_STEP][PASSED] - Statement - StockQty = com.kms.katalon.core.webui.keyword.WebUiBuiltInKeywords.getAttribute(com.kms.katalon.core.testobject.ObjectRepository.findTestObject(DispensaryToStore/Page_Store/input_txtprice), "value"): Attribute 'value' of object 'Object Repository/DispensaryToStore/Page_Store/input_txtprice' is: '170'

2018-06-09 16:45:55 - [MESSAGE][PASSED] - Attribute 'value' of object 'Object Repository/DispensaryToStore/Page_Store/input_txtprice' is: '170'

2018-06-09 16:45:55 - [TEST_STEP][PASSED] - Statement - out.println("Stock QTY : " + StockQty): null

2018-06-09 16:45:55 - [TEST_STEP][PASSED] - delay: Delayed 2 second(s)

2018-06-09 16:45:57 - [MESSAGE][PASSED] - Delayed 2 second(s)

2018-06-09 16:45:57 - [TEST_STEP][PASSED] - Statement - If (java.lang.String.valueOf(StockQty) >= java.lang.String.valueOf(RequestedQty)): null

2018-06-09 16:45:57 - [TEST_STEP][PASSED] - setText: Text '10' is set on object 'Object Repository/DispensaryToStore/Page_Store/input_txtqty'

2018-06-09 16:45:58 - [MESSAGE][PASSED] - Text '10' is set on object 'Object Repository/DispensaryToStore/Page_Store/input_txtqty'

2018-06-09 16:45:58 - [TEST_STEP][PASSED] - click: Object: 'Object Repository/DispensaryToStore/Page_Store/button_Add' is clicked on

2018-06-09 16:45:58 - [MESSAGE][PASSED] - Object: 'Object Repository/DispensaryToStore/Page_Store/button_Add' is clicked on

2018-06-09 16:45:58 - [TEST_STEP][PASSED] - Statement - Break: null

2018-06-09 16:45:58 - [TEST_STEP][PASSED] - selectOptionByIndex: All options with index in [33] are selected on object 'Object Repository/DispensaryToStore/Page_Store/select_--Select--Adernaline 0.'

2018-06-09 16:45:58 - [MESSAGE][PASSED] - All options with index in [33] are selected on object 'Object Repository/DispensaryToStore/Page_Store/select_--Select--Adernaline 0.'

2018-06-09 16:45:58 - [TEST_STEP][PASSED] - delay: Delayed 2 second(s)

2018-06-09 16:46:00 - [MESSAGE][PASSED] - Delayed 2 second(s)

2018-06-09 16:46:00 - [TEST_STEP][PASSED] - Statement - RequestedQty = com.kms.katalon.core.webui.keyword.WebUiBuiltInKeywords.getAttribute(com.kms.katalon.core.testobject.ObjectRepository.findTestObject(DispensaryToStore/Page_Store/input_txttotal), "value"): Attribute 'value' of object 'Object Repository/DispensaryToStore/Page_Store/input_txttotal' is: '10'

2018-06-09 16:46:00 - [MESSAGE][PASSED] - Attribute 'value' of object 'Object Repository/DispensaryToStore/Page_Store/input_txttotal' is: '10'

2018-06-09 16:46:00 - [TEST_STEP][PASSED] - Statement - out.println("Requested QTY : " + RequestedQty): null

2018-06-09 16:46:00 - [TEST_STEP][PASSED] - Statement - BatchNumber = com.kms.katalon.core.webui.keyword.WebUiBuiltInKeywords.getNumberOfTotalOption(com.kms.katalon.core.testobject.ObjectRepository.findTestObject(DispensaryToStore/Page_Store/select_--Select--BA1170BA2376B)): 4 options of object 'Object Repository/DispensaryToStore/Page_Store/select_--Select--BA1170BA2376B' counted

2018-06-09 16:46:00 - [MESSAGE][PASSED] - 4 options of object 'Object Repository/DispensaryToStore/Page_Store/select_--Select--BA1170BA2376B' counted

2018-06-09 16:46:00 - [TEST_STEP][PASSED] - Statement - For ([g = 1, g <= BatchNumber - 1, (g++)]): null

2018-06-09 16:46:00 - [TEST_STEP][PASSED] - selectOptionByIndex: All options with index in [1] are selected on object 'Object Repository/DispensaryToStore/Page_Store/select_--Select--BA1170BA2376B'

2018-06-09 16:46:00 - [MESSAGE][PASSED] - All options with index in [1] are selected on object 'Object Repository/DispensaryToStore/Page_Store/select_--Select--BA1170BA2376B'

2018-06-09 16:46:00 - [TEST_STEP][PASSED] - Statement - Try: null

2018-06-09 16:46:00 - [TEST_STEP][PASSED] - Statement - StockQty = com.kms.katalon.core.webui.keyword.WebUiBuiltInKeywords.getAttribute(com.kms.katalon.core.testobject.ObjectRepository.findTestObject(DispensaryToStore/Page_Store/input_txtprice), "value"): Attribute 'value' of object 'Object Repository/DispensaryToStore/Page_Store/input_txtprice' is: '370'

2018-06-09 16:46:00 - [MESSAGE][PASSED] - Attribute 'value' of object 'Object Repository/DispensaryToStore/Page_Store/input_txtprice' is: '370'

2018-06-09 16:46:00 - [TEST_STEP][PASSED] - Statement - out.println("Stock QTY : " + StockQty): null

2018-06-09 16:46:00 - [TEST_STEP][PASSED] - delay: Delayed 2 second(s)

2018-06-09 16:46:02 - [MESSAGE][PASSED] - Delayed 2 second(s)

2018-06-09 16:46:02 - [TEST_STEP][PASSED] - Statement - If (java.lang.String.valueOf(StockQty) >= java.lang.String.valueOf(RequestedQty)): null

2018-06-09 16:46:02 - [TEST_STEP][PASSED] - setText: Text '10' is set on object 'Object Repository/DispensaryToStore/Page_Store/input_txtqty'

2018-06-09 16:46:03 - [MESSAGE][PASSED] - Text '10' is set on object 'Object Repository/DispensaryToStore/Page_Store/input_txtqty'

2018-06-09 16:46:03 - [TEST_STEP][PASSED] - click: Object: 'Object Repository/DispensaryToStore/Page_Store/button_Add' is clicked on

2018-06-09 16:46:03 - [MESSAGE][PASSED] - Object: 'Object Repository/DispensaryToStore/Page_Store/button_Add' is clicked on

2018-06-09 16:46:03 - [TEST_STEP][PASSED] - Statement - Break: null

2018-06-09 16:46:03 - [TEST_STEP][PASSED] - selectOptionByIndex: All options with index in [34] are selected on object 'Object Repository/DispensaryToStore/Page_Store/select_--Select--Adernaline 0.'

2018-06-09 16:46:03 - [MESSAGE][PASSED] - All options with index in [34] are selected on object 'Object Repository/DispensaryToStore/Page_Store/select_--Select--Adernaline 0.'

2018-06-09 16:46:03 - [TEST_STEP][PASSED] - delay: Delayed 2 second(s)

2018-06-09 16:46:05 - [MESSAGE][PASSED] - Delayed 2 second(s)

2018-06-09 16:46:05 - [TEST_STEP][PASSED] - Statement - RequestedQty = com.kms.katalon.core.webui.keyword.WebUiBuiltInKeywords.getAttribute(com.kms.katalon.core.testobject.ObjectRepository.findTestObject(DispensaryToStore/Page_Store/input_txttotal), "value"): Attribute 'value' of object 'Object Repository/DispensaryToStore/Page_Store/input_txttotal' is: '10'

2018-06-09 16:46:05 - [MESSAGE][PASSED] - Attribute 'value' of object 'Object Repository/DispensaryToStore/Page_Store/input_txttotal' is: '10'

2018-06-09 16:46:05 - [TEST_STEP][PASSED] - Statement - out.println("Requested QTY : " + RequestedQty): null

2018-06-09 16:46:05 - [TEST_STEP][PASSED] - Statement - BatchNumber = com.kms.katalon.core.webui.keyword.WebUiBuiltInKeywords.getNumberOfTotalOption(com.kms.katalon.core.testobject.ObjectRepository.findTestObject(DispensaryToStore/Page_Store/select_--Select--BA1170BA2376B)): 2 options of object 'Object Repository/DispensaryToStore/Page_Store/select_--Select--BA1170BA2376B' counted

2018-06-09 16:46:05 - [MESSAGE][PASSED] - 2 options of object 'Object Repository/DispensaryToStore/Page_Store/select_--Select--BA1170BA2376B' counted

2018-06-09 16:46:05 - [TEST_STEP][PASSED] - Statement - For ([g = 1, g <= BatchNumber - 1, (g++)]): null

2018-06-09 16:46:05 - [TEST_STEP][PASSED] - selectOptionByIndex: All options with index in [1] are selected on object 'Object Repository/DispensaryToStore/Page_Store/select_--Select--BA1170BA2376B'

2018-06-09 16:46:05 - [MESSAGE][PASSED] - All options with index in [1] are selected on object 'Object Repository/DispensaryToStore/Page_Store/select_--Select--BA1170BA2376B'

2018-06-09 16:46:05 - [TEST_STEP][PASSED] - Statement - Try: null

2018-06-09 16:46:05 - [TEST_STEP][PASSED] - Statement - StockQty = com.kms.katalon.core.webui.keyword.WebUiBuiltInKeywords.getAttribute(com.kms.katalon.core.testobject.ObjectRepository.findTestObject(DispensaryToStore/Page_Store/input_txtprice), "value"): Attribute 'value' of object 'Object Repository/DispensaryToStore/Page_Store/input_txtprice' is: '1900'

2018-06-09 16:46:05 - [MESSAGE][PASSED] - Attribute 'value' of object 'Object Repository/DispensaryToStore/Page_Store/input_txtprice' is: '1900'

2018-06-09 16:46:05 - [TEST_STEP][PASSED] - Statement - out.println("Stock QTY : " + StockQty): null

2018-06-09 16:46:05 - [TEST_STEP][PASSED] - delay: Delayed 2 second(s)

2018-06-09 16:46:07 - [MESSAGE][PASSED] - Delayed 2 second(s)

2018-06-09 16:46:07 - [TEST_STEP][PASSED] - Statement - If (java.lang.String.valueOf(StockQty) >= java.lang.String.valueOf(RequestedQty)): null

2018-06-09 16:46:07 - [TEST_STEP][PASSED] - setText: Text '10' is set on object 'Object Repository/DispensaryToStore/Page_Store/input_txtqty'

2018-06-09 16:46:07 - [MESSAGE][PASSED] - Text '10' is set on object 'Object Repository/DispensaryToStore/Page_Store/input_txtqty'

2018-06-09 16:46:07 - [TEST_STEP][PASSED] - click: Object: 'Object Repository/DispensaryToStore/Page_Store/button_Add' is clicked on

2018-06-09 16:46:08 - [MESSAGE][PASSED] - Object: 'Object Repository/DispensaryToStore/Page_Store/button_Add' is clicked on

2018-06-09 16:46:08 - [TEST_STEP][PASSED] - Statement - Break: null

2018-06-09 16:46:08 - [TEST_STEP][PASSED] - selectOptionByIndex: All options with index in [35] are selected on object 'Object Repository/DispensaryToStore/Page_Store/select_--Select--Adernaline 0.'

2018-06-09 16:46:08 - [MESSAGE][PASSED] - All options with index in [35] are selected on object 'Object Repository/DispensaryToStore/Page_Store/select_--Select--Adernaline 0.'

2018-06-09 16:46:08 - [TEST_STEP][PASSED] - delay: Delayed 2 second(s)

2018-06-09 16:46:10 - [MESSAGE][PASSED] - Delayed 2 second(s)

2018-06-09 16:46:10 - [TEST_STEP][PASSED] - Statement - RequestedQty = com.kms.katalon.core.webui.keyword.WebUiBuiltInKeywords.getAttribute(com.kms.katalon.core.testobject.ObjectRepository.findTestObject(DispensaryToStore/Page_Store/input_txttotal), "value"): Attribute 'value' of object 'Object Repository/DispensaryToStore/Page_Store/input_txttotal' is: '10'

2018-06-09 16:46:10 - [MESSAGE][PASSED] - Attribute 'value' of object 'Object Repository/DispensaryToStore/Page_Store/input_txttotal' is: '10'

2018-06-09 16:46:10 - [TEST_STEP][PASSED] - Statement - out.println("Requested QTY : " + RequestedQty): null

2018-06-09 16:46:10 - [TEST_STEP][PASSED] - Statement - BatchNumber = com.kms.katalon.core.webui.keyword.WebUiBuiltInKeywords.getNumberOfTotalOption(com.kms.katalon.core.testobject.ObjectRepository.findTestObject(DispensaryToStore/Page_Store/select_--Select--BA1170BA2376B)): 4 options of object 'Object Repository/DispensaryToStore/Page_Store/select_--Select--BA1170BA2376B' counted

2018-06-09 16:46:10 - [MESSAGE][PASSED] - 4 options of object 'Object Repository/DispensaryToStore/Page_Store/select_--Select--BA1170BA2376B' counted

2018-06-09 16:46:10 - [TEST_STEP][PASSED] - Statement - For ([g = 1, g <= BatchNumber - 1, (g++)]): null

2018-06-09 16:46:10 - [TEST_STEP][PASSED] - selectOptionByIndex: All options with index in [1] are selected on object 'Object Repository/DispensaryToStore/Page_Store/select_--Select--BA1170BA2376B'

2018-06-09 16:46:10 - [MESSAGE][PASSED] - All options with index in [1] are selected on object 'Object Repository/DispensaryToStore/Page_Store/select_--Select--BA1170BA2376B'

2018-06-09 16:46:10 - [TEST_STEP][PASSED] - Statement - Try: null

2018-06-09 16:46:10 - [TEST_STEP][PASSED] - Statement - StockQty = com.kms.katalon.core.webui.keyword.WebUiBuiltInKeywords.getAttribute(com.kms.katalon.core.testobject.ObjectRepository.findTestObject(DispensaryToStore/Page_Store/input_txtprice), "value"): Attribute 'value' of object 'Object Repository/DispensaryToStore/Page_Store/input_txtprice' is: '370'

2018-06-09 16:46:10 - [MESSAGE][PASSED] - Attribute 'value' of object 'Object Repository/DispensaryToStore/Page_Store/input_txtprice' is: '370'

2018-06-09 16:46:10 - [TEST_STEP][PASSED] - Statement - out.println("Stock QTY : " + StockQty): null

2018-06-09 16:46:10 - [TEST_STEP][PASSED] - delay: Delayed 2 second(s)

2018-06-09 16:46:12 - [MESSAGE][PASSED] - Delayed 2 second(s)

2018-06-09 16:46:12 - [TEST_STEP][PASSED] - Statement - If (java.lang.String.valueOf(StockQty) >= java.lang.String.valueOf(RequestedQty)): null

2018-06-09 16:46:12 - [TEST_STEP][PASSED] - setText: Text '10' is set on object 'Object Repository/DispensaryToStore/Page_Store/input_txtqty'

2018-06-09 16:46:13 - [MESSAGE][PASSED] - Text '10' is set on object 'Object Repository/DispensaryToStore/Page_Store/input_txtqty'

2018-06-09 16:46:13 - [TEST_STEP][PASSED] - click: Object: 'Object Repository/DispensaryToStore/Page_Store/button_Add' is clicked on

2018-06-09 16:46:13 - [MESSAGE][PASSED] - Object: 'Object Repository/DispensaryToStore/Page_Store/button_Add' is clicked on

2018-06-09 16:46:13 - [TEST_STEP][PASSED] - Statement - Break: null

2018-06-09 16:46:13 - [TEST_STEP][PASSED] - selectOptionByIndex: All options with index in [36] are selected on object 'Object Repository/DispensaryToStore/Page_Store/select_--Select--Adernaline 0.'

2018-06-09 16:46:13 - [MESSAGE][PASSED] - All options with index in [36] are selected on object 'Object Repository/DispensaryToStore/Page_Store/select_--Select--Adernaline 0.'

2018-06-09 16:46:13 - [TEST_STEP][PASSED] - delay: Delayed 2 second(s)

2018-06-09 16:46:15 - [MESSAGE][PASSED] - Delayed 2 second(s)

2018-06-09 16:46:15 - [TEST_STEP][PASSED] - Statement - RequestedQty = com.kms.katalon.core.webui.keyword.WebUiBuiltInKeywords.getAttribute(com.kms.katalon.core.testobject.ObjectRepository.findTestObject(DispensaryToStore/Page_Store/input_txttotal), "value"): Attribute 'value' of object 'Object Repository/DispensaryToStore/Page_Store/input_txttotal' is: '10'

2018-06-09 16:46:15 - [MESSAGE][PASSED] - Attribute 'value' of object 'Object Repository/DispensaryToStore/Page_Store/input_txttotal' is: '10'

2018-06-09 16:46:15 - [TEST_STEP][PASSED] - Statement - out.println("Requested QTY : " + RequestedQty): null

2018-06-09 16:46:15 - [TEST_STEP][PASSED] - Statement - BatchNumber = com.kms.katalon.core.webui.keyword.WebUiBuiltInKeywords.getNumberOfTotalOption(com.kms.katalon.core.testobject.ObjectRepository.findTestObject(DispensaryToStore/Page_Store/select_--Select--BA1170BA2376B)): 4 options of object 'Object Repository/DispensaryToStore/Page_Store/select_--Select--BA1170BA2376B' counted

2018-06-09 16:46:15 - [MESSAGE][PASSED] - 4 options of object 'Object Repository/DispensaryToStore/Page_Store/select_--Select--BA1170BA2376B' counted

2018-06-09 16:46:15 - [TEST_STEP][PASSED] - Statement - For ([g = 1, g <= BatchNumber - 1, (g++)]): null

2018-06-09 16:46:15 - [TEST_STEP][PASSED] - selectOptionByIndex: All options with index in [1] are selected on object 'Object Repository/DispensaryToStore/Page_Store/select_--Select--BA1170BA2376B'

2018-06-09 16:46:15 - [MESSAGE][PASSED] - All options with index in [1] are selected on object 'Object Repository/DispensaryToStore/Page_Store/select_--Select--BA1170BA2376B'

2018-06-09 16:46:15 - [TEST_STEP][PASSED] - Statement - Try: null

2018-06-09 16:46:15 - [TEST_STEP][PASSED] - Statement - StockQty = com.kms.katalon.core.webui.keyword.WebUiBuiltInKeywords.getAttribute(com.kms.katalon.core.testobject.ObjectRepository.findTestObject(DispensaryToStore/Page_Store/input_txtprice), "value"): Attribute 'value' of object 'Object Repository/DispensaryToStore/Page_Store/input_txtprice' is: '370'

2018-06-09 16:46:15 - [MESSAGE][PASSED] - Attribute 'value' of object 'Object Repository/DispensaryToStore/Page_Store/input_txtprice' is: '370'

2018-06-09 16:46:15 - [TEST_STEP][PASSED] - Statement - out.println("Stock QTY : " + StockQty): null

2018-06-09 16:46:15 - [TEST_STEP][PASSED] - delay: Delayed 2 second(s)

2018-06-09 16:46:17 - [MESSAGE][PASSED] - Delayed 2 second(s)

2018-06-09 16:46:17 - [TEST_STEP][PASSED] - Statement - If (java.lang.String.valueOf(StockQty) >= java.lang.String.valueOf(RequestedQty)): null

2018-06-09 16:46:17 - [TEST_STEP][PASSED] - setText: Text '10' is set on object 'Object Repository/DispensaryToStore/Page_Store/input_txtqty'

2018-06-09 16:46:17 - [MESSAGE][PASSED] - Text '10' is set on object 'Object Repository/DispensaryToStore/Page_Store/input_txtqty'

2018-06-09 16:46:17 - [TEST_STEP][PASSED] - click: Object: 'Object Repository/DispensaryToStore/Page_Store/button_Add' is clicked on

2018-06-09 16:46:18 - [MESSAGE][PASSED] - Object: 'Object Repository/DispensaryToStore/Page_Store/button_Add' is clicked on

2018-06-09 16:46:18 - [TEST_STEP][PASSED] - Statement - Break: null

2018-06-09 16:46:18 - [TEST_STEP][PASSED] - selectOptionByIndex: All options with index in [37] are selected on object 'Object Repository/DispensaryToStore/Page_Store/select_--Select--Adernaline 0.'

2018-06-09 16:46:18 - [MESSAGE][PASSED] - All options with index in [37] are selected on object 'Object Repository/DispensaryToStore/Page_Store/select_--Select--Adernaline 0.'

2018-06-09 16:46:18 - [TEST_STEP][PASSED] - delay: Delayed 2 second(s)

2018-06-09 16:46:20 - [MESSAGE][PASSED] - Delayed 2 second(s)

2018-06-09 16:46:20 - [TEST_STEP][PASSED] - Statement - RequestedQty = com.kms.katalon.core.webui.keyword.WebUiBuiltInKeywords.getAttribute(com.kms.katalon.core.testobject.ObjectRepository.findTestObject(DispensaryToStore/Page_Store/input_txttotal), "value"): Attribute 'value' of object 'Object Repository/DispensaryToStore/Page_Store/input_txttotal' is: '10'

2018-06-09 16:46:20 - [MESSAGE][PASSED] - Attribute 'value' of object 'Object Repository/DispensaryToStore/Page_Store/input_txttotal' is: '10'

2018-06-09 16:46:20 - [TEST_STEP][PASSED] - Statement - out.println("Requested QTY : " + RequestedQty): null

2018-06-09 16:46:20 - [TEST_STEP][PASSED] - Statement - BatchNumber = com.kms.katalon.core.webui.keyword.WebUiBuiltInKeywords.getNumberOfTotalOption(com.kms.katalon.core.testobject.ObjectRepository.findTestObject(DispensaryToStore/Page_Store/select_--Select--BA1170BA2376B)): 4 options of object 'Object Repository/DispensaryToStore/Page_Store/select_--Select--BA1170BA2376B' counted

2018-06-09 16:46:20 - [MESSAGE][PASSED] - 4 options of object 'Object Repository/DispensaryToStore/Page_Store/select_--Select--BA1170BA2376B' counted

2018-06-09 16:46:20 - [TEST_STEP][PASSED] - Statement - For ([g = 1, g <= BatchNumber - 1, (g++)]): null

2018-06-09 16:46:20 - [TEST_STEP][PASSED] - selectOptionByIndex: All options with index in [1] are selected on object 'Object Repository/DispensaryToStore/Page_Store/select_--Select--BA1170BA2376B'

2018-06-09 16:46:20 - [MESSAGE][PASSED] - All options with index in [1] are selected on object 'Object Repository/DispensaryToStore/Page_Store/select_--Select--BA1170BA2376B'

2018-06-09 16:46:20 - [TEST_STEP][PASSED] - Statement - Try: null

2018-06-09 16:46:20 - [TEST_STEP][PASSED] - Statement - StockQty = com.kms.katalon.core.webui.keyword.WebUiBuiltInKeywords.getAttribute(com.kms.katalon.core.testobject.ObjectRepository.findTestObject(DispensaryToStore/Page_Store/input_txtprice), "value"): Attribute 'value' of object 'Object Repository/DispensaryToStore/Page_Store/input_txtprice' is: '170'

2018-06-09 16:46:20 - [MESSAGE][PASSED] - Attribute 'value' of object 'Object Repository/DispensaryToStore/Page_Store/input_txtprice' is: '170'

2018-06-09 16:46:20 - [TEST_STEP][PASSED] - Statement - out.println("Stock QTY : " + StockQty): null

2018-06-09 16:46:20 - [TEST_STEP][PASSED] - delay: Delayed 2 second(s)

2018-06-09 16:46:22 - [MESSAGE][PASSED] - Delayed 2 second(s)

2018-06-09 16:46:22 - [TEST_STEP][PASSED] - Statement - If (java.lang.String.valueOf(StockQty) >= java.lang.String.valueOf(RequestedQty)): null

2018-06-09 16:46:22 - [TEST_STEP][PASSED] - setText: Text '10' is set on object 'Object Repository/DispensaryToStore/Page_Store/input_txtqty'

2018-06-09 16:46:22 - [MESSAGE][PASSED] - Text '10' is set on object 'Object Repository/DispensaryToStore/Page_Store/input_txtqty'

2018-06-09 16:46:22 - [TEST_STEP][PASSED] - click: Object: 'Object Repository/DispensaryToStore/Page_Store/button_Add' is clicked on

2018-06-09 16:46:22 - [MESSAGE][PASSED] - Object: 'Object Repository/DispensaryToStore/Page_Store/button_Add' is clicked on

2018-06-09 16:46:22 - [TEST_STEP][PASSED] - Statement - Break: null

2018-06-09 16:46:22 - [TEST_STEP][PASSED] - selectOptionByIndex: All options with index in [38] are selected on object 'Object Repository/DispensaryToStore/Page_Store/select_--Select--Adernaline 0.'

2018-06-09 16:46:23 - [MESSAGE][PASSED] - All options with index in [38] are selected on object 'Object Repository/DispensaryToStore/Page_Store/select_--Select--Adernaline 0.'

2018-06-09 16:46:23 - [TEST_STEP][PASSED] - delay: Delayed 2 second(s)

2018-06-09 16:46:25 - [MESSAGE][PASSED] - Delayed 2 second(s)

2018-06-09 16:46:25 - [TEST_STEP][PASSED] - Statement - RequestedQty = com.kms.katalon.core.webui.keyword.WebUiBuiltInKeywords.getAttribute(com.kms.katalon.core.testobject.ObjectRepository.findTestObject(DispensaryToStore/Page_Store/input_txttotal), "value"): Attribute 'value' of object 'Object Repository/DispensaryToStore/Page_Store/input_txttotal' is: '10'

2018-06-09 16:46:25 - [MESSAGE][PASSED] - Attribute 'value' of object 'Object Repository/DispensaryToStore/Page_Store/input_txttotal' is: '10'

2018-06-09 16:46:25 - [TEST_STEP][PASSED] - Statement - out.println("Requested QTY : " + RequestedQty): null

2018-06-09 16:46:25 - [TEST_STEP][PASSED] - Statement - BatchNumber = com.kms.katalon.core.webui.keyword.WebUiBuiltInKeywords.getNumberOfTotalOption(com.kms.katalon.core.testobject.ObjectRepository.findTestObject(DispensaryToStore/Page_Store/select_--Select--BA1170BA2376B)): 4 options of object 'Object Repository/DispensaryToStore/Page_Store/select_--Select--BA1170BA2376B' counted

2018-06-09 16:46:25 - [MESSAGE][PASSED] - 4 options of object 'Object Repository/DispensaryToStore/Page_Store/select_--Select--BA1170BA2376B' counted

2018-06-09 16:46:25 - [TEST_STEP][PASSED] - Statement - For ([g = 1, g <= BatchNumber - 1, (g++)]): null

2018-06-09 16:46:25 - [TEST_STEP][PASSED] - selectOptionByIndex: All options with index in [1] are selected on object 'Object Repository/DispensaryToStore/Page_Store/select_--Select--BA1170BA2376B'

2018-06-09 16:46:25 - [MESSAGE][PASSED] - All options with index in [1] are selected on object 'Object Repository/DispensaryToStore/Page_Store/select_--Select--BA1170BA2376B'

2018-06-09 16:46:25 - [TEST_STEP][PASSED] - Statement - Try: null

2018-06-09 16:46:25 - [TEST_STEP][PASSED] - Statement - StockQty = com.kms.katalon.core.webui.keyword.WebUiBuiltInKeywords.getAttribute(com.kms.katalon.core.testobject.ObjectRepository.findTestObject(DispensaryToStore/Page_Store/input_txtprice), "value"): Attribute 'value' of object 'Object Repository/DispensaryToStore/Page_Store/input_txtprice' is: '740'

2018-06-09 16:46:25 - [MESSAGE][PASSED] - Attribute 'value' of object 'Object Repository/DispensaryToStore/Page_Store/input_txtprice' is: '740'

2018-06-09 16:46:25 - [TEST_STEP][PASSED] - Statement - out.println("Stock QTY : " + StockQty): null

2018-06-09 16:46:25 - [TEST_STEP][PASSED] - delay: Delayed 2 second(s)

2018-06-09 16:46:27 - [MESSAGE][PASSED] - Delayed 2 second(s)

2018-06-09 16:46:27 - [TEST_STEP][PASSED] - Statement - If (java.lang.String.valueOf(StockQty) >= java.lang.String.valueOf(RequestedQty)): null

2018-06-09 16:46:27 - [TEST_STEP][PASSED] - setText: Text '10' is set on object 'Object Repository/DispensaryToStore/Page_Store/input_txtqty'

2018-06-09 16:46:27 - [MESSAGE][PASSED] - Text '10' is set on object 'Object Repository/DispensaryToStore/Page_Store/input_txtqty'

2018-06-09 16:46:27 - [TEST_STEP][PASSED] - click: Object: 'Object Repository/DispensaryToStore/Page_Store/button_Add' is clicked on

2018-06-09 16:46:27 - [MESSAGE][PASSED] - Object: 'Object Repository/DispensaryToStore/Page_Store/button_Add' is clicked on

2018-06-09 16:46:27 - [TEST_STEP][PASSED] - Statement - Break: null

2018-06-09 16:46:27 - [TEST_STEP][PASSED] - selectOptionByIndex: All options with index in [39] are selected on object 'Object Repository/DispensaryToStore/Page_Store/select_--Select--Adernaline 0.'

2018-06-09 16:46:28 - [MESSAGE][PASSED] - All options with index in [39] are selected on object 'Object Repository/DispensaryToStore/Page_Store/select_--Select--Adernaline 0.'

2018-06-09 16:46:28 - [TEST_STEP][PASSED] - delay: Delayed 2 second(s)

2018-06-09 16:46:30 - [MESSAGE][PASSED] - Delayed 2 second(s)

2018-06-09 16:46:30 - [TEST_STEP][PASSED] - Statement - RequestedQty = com.kms.katalon.core.webui.keyword.WebUiBuiltInKeywords.getAttribute(com.kms.katalon.core.testobject.ObjectRepository.findTestObject(DispensaryToStore/Page_Store/input_txttotal), "value"): Attribute 'value' of object 'Object Repository/DispensaryToStore/Page_Store/input_txttotal' is: '10'

2018-06-09 16:46:30 - [MESSAGE][PASSED] - Attribute 'value' of object 'Object Repository/DispensaryToStore/Page_Store/input_txttotal' is: '10'

2018-06-09 16:46:30 - [TEST_STEP][PASSED] - Statement - out.println("Requested QTY : " + RequestedQty): null

2018-06-09 16:46:30 - [TEST_STEP][PASSED] - Statement - BatchNumber = com.kms.katalon.core.webui.keyword.WebUiBuiltInKeywords.getNumberOfTotalOption(com.kms.katalon.core.testobject.ObjectRepository.findTestObject(DispensaryToStore/Page_Store/select_--Select--BA1170BA2376B)): 4 options of object 'Object Repository/DispensaryToStore/Page_Store/select_--Select--BA1170BA2376B' counted

2018-06-09 16:46:30 - [MESSAGE][PASSED] - 4 options of object 'Object Repository/DispensaryToStore/Page_Store/select_--Select--BA1170BA2376B' counted

2018-06-09 16:46:30 - [TEST_STEP][PASSED] - Statement - For ([g = 1, g <= BatchNumber - 1, (g++)]): null

2018-06-09 16:46:30 - [TEST_STEP][PASSED] - selectOptionByIndex: All options with index in [1] are selected on object 'Object Repository/DispensaryToStore/Page_Store/select_--Select--BA1170BA2376B'

2018-06-09 16:46:30 - [MESSAGE][PASSED] - All options with index in [1] are selected on object 'Object Repository/DispensaryToStore/Page_Store/select_--Select--BA1170BA2376B'

2018-06-09 16:46:30 - [TEST_STEP][PASSED] - Statement - Try: null

2018-06-09 16:46:30 - [TEST_STEP][PASSED] - Statement - StockQty = com.kms.katalon.core.webui.keyword.WebUiBuiltInKeywords.getAttribute(com.kms.katalon.core.testobject.ObjectRepository.findTestObject(DispensaryToStore/Page_Store/input_txtprice), "value"): Attribute 'value' of object 'Object Repository/DispensaryToStore/Page_Store/input_txtprice' is: '370'

2018-06-09 16:46:30 - [MESSAGE][PASSED] - Attribute 'value' of object 'Object Repository/DispensaryToStore/Page_Store/input_txtprice' is: '370'

2018-06-09 16:46:30 - [TEST_STEP][PASSED] - Statement - out.println("Stock QTY : " + StockQty): null

2018-06-09 16:46:30 - [TEST_STEP][PASSED] - delay: Delayed 2 second(s)

2018-06-09 16:46:32 - [MESSAGE][PASSED] - Delayed 2 second(s)

2018-06-09 16:46:32 - [TEST_STEP][PASSED] - Statement - If (java.lang.String.valueOf(StockQty) >= java.lang.String.valueOf(RequestedQty)): null

2018-06-09 16:46:32 - [TEST_STEP][PASSED] - setText: Text '10' is set on object 'Object Repository/DispensaryToStore/Page_Store/input_txtqty'

2018-06-09 16:46:32 - [MESSAGE][PASSED] - Text '10' is set on object 'Object Repository/DispensaryToStore/Page_Store/input_txtqty'

2018-06-09 16:46:32 - [TEST_STEP][PASSED] - click: Object: 'Object Repository/DispensaryToStore/Page_Store/button_Add' is clicked on

2018-06-09 16:46:32 - [MESSAGE][PASSED] - Object: 'Object Repository/DispensaryToStore/Page_Store/button_Add' is clicked on

2018-06-09 16:46:32 - [TEST_STEP][PASSED] - Statement - Break: null

2018-06-09 16:46:32 - [TEST_STEP][PASSED] - selectOptionByIndex: All options with index in [40] are selected on object 'Object Repository/DispensaryToStore/Page_Store/select_--Select--Adernaline 0.'

2018-06-09 16:46:33 - [MESSAGE][PASSED] - All options with index in [40] are selected on object 'Object Repository/DispensaryToStore/Page_Store/select_--Select--Adernaline 0.'

2018-06-09 16:46:33 - [TEST_STEP][PASSED] - delay: Delayed 2 second(s)

2018-06-09 16:46:35 - [MESSAGE][PASSED] - Delayed 2 second(s)

2018-06-09 16:46:35 - [TEST_STEP][PASSED] - Statement - RequestedQty = com.kms.katalon.core.webui.keyword.WebUiBuiltInKeywords.getAttribute(com.kms.katalon.core.testobject.ObjectRepository.findTestObject(DispensaryToStore/Page_Store/input_txttotal), "value"): Attribute 'value' of object 'Object Repository/DispensaryToStore/Page_Store/input_txttotal' is: '10'

2018-06-09 16:46:35 - [MESSAGE][PASSED] - Attribute 'value' of object 'Object Repository/DispensaryToStore/Page_Store/input_txttotal' is: '10'

2018-06-09 16:46:35 - [TEST_STEP][PASSED] - Statement - out.println("Requested QTY : " + RequestedQty): null

2018-06-09 16:46:35 - [TEST_STEP][PASSED] - Statement - BatchNumber = com.kms.katalon.core.webui.keyword.WebUiBuiltInKeywords.getNumberOfTotalOption(com.kms.katalon.core.testobject.ObjectRepository.findTestObject(DispensaryToStore/Page_Store/select_--Select--BA1170BA2376B)): 4 options of object 'Object Repository/DispensaryToStore/Page_Store/select_--Select--BA1170BA2376B' counted

2018-06-09 16:46:35 - [MESSAGE][PASSED] - 4 options of object 'Object Repository/DispensaryToStore/Page_Store/select_--Select--BA1170BA2376B' counted

2018-06-09 16:46:35 - [TEST_STEP][PASSED] - Statement - For ([g = 1, g <= BatchNumber - 1, (g++)]): null

2018-06-09 16:46:35 - [TEST_STEP][PASSED] - selectOptionByIndex: All options with index in [1] are selected on object 'Object Repository/DispensaryToStore/Page_Store/select_--Select--BA1170BA2376B'

2018-06-09 16:46:35 - [MESSAGE][PASSED] - All options with index in [1] are selected on object 'Object Repository/DispensaryToStore/Page_Store/select_--Select--BA1170BA2376B'

2018-06-09 16:46:35 - [TEST_STEP][PASSED] - Statement - Try: null

2018-06-09 16:46:35 - [TEST_STEP][PASSED] - Statement - StockQty = com.kms.katalon.core.webui.keyword.WebUiBuiltInKeywords.getAttribute(com.kms.katalon.core.testobject.ObjectRepository.findTestObject(DispensaryToStore/Page_Store/input_txtprice), "value"): Attribute 'value' of object 'Object Repository/DispensaryToStore/Page_Store/input_txtprice' is: '740'

2018-06-09 16:46:35 - [MESSAGE][PASSED] - Attribute 'value' of object 'Object Repository/DispensaryToStore/Page_Store/input_txtprice' is: '740'

2018-06-09 16:46:35 - [TEST_STEP][PASSED] - Statement - out.println("Stock QTY : " + StockQty): null

2018-06-09 16:46:35 - [TEST_STEP][PASSED] - delay: Delayed 2 second(s)

2018-06-09 16:46:37 - [MESSAGE][PASSED] - Delayed 2 second(s)

2018-06-09 16:46:37 - [TEST_STEP][PASSED] - Statement - If (java.lang.String.valueOf(StockQty) >= java.lang.String.valueOf(RequestedQty)): null

2018-06-09 16:46:37 - [TEST_STEP][PASSED] - setText: Text '10' is set on object 'Object Repository/DispensaryToStore/Page_Store/input_txtqty'

2018-06-09 16:46:37 - [MESSAGE][PASSED] - Text '10' is set on object 'Object Repository/DispensaryToStore/Page_Store/input_txtqty'

2018-06-09 16:46:37 - [TEST_STEP][PASSED] - click: Object: 'Object Repository/DispensaryToStore/Page_Store/button_Add' is clicked on

2018-06-09 16:46:37 - [MESSAGE][PASSED] - Object: 'Object Repository/DispensaryToStore/Page_Store/button_Add' is clicked on

2018-06-09 16:46:37 - [TEST_STEP][PASSED] - Statement - Break: null

2018-06-09 16:46:37 - [TEST_STEP][PASSED] - selectOptionByIndex: All options with index in [41] are selected on object 'Object Repository/DispensaryToStore/Page_Store/select_--Select--Adernaline 0.'

2018-06-09 16:46:38 - [MESSAGE][PASSED] - All options with index in [41] are selected on object 'Object Repository/DispensaryToStore/Page_Store/select_--Select--Adernaline 0.'

2018-06-09 16:46:38 - [TEST_STEP][PASSED] - delay: Delayed 2 second(s)

2018-06-09 16:46:40 - [MESSAGE][PASSED] - Delayed 2 second(s)

2018-06-09 16:46:40 - [TEST_STEP][PASSED] - Statement - RequestedQty = com.kms.katalon.core.webui.keyword.WebUiBuiltInKeywords.getAttribute(com.kms.katalon.core.testobject.ObjectRepository.findTestObject(DispensaryToStore/Page_Store/input_txttotal), "value"): Attribute 'value' of object 'Object Repository/DispensaryToStore/Page_Store/input_txttotal' is: '10'

2018-06-09 16:46:40 - [MESSAGE][PASSED] - Attribute 'value' of object 'Object Repository/DispensaryToStore/Page_Store/input_txttotal' is: '10'

2018-06-09 16:46:40 - [TEST_STEP][PASSED] - Statement - out.println("Requested QTY : " + RequestedQty): null

2018-06-09 16:46:40 - [TEST_STEP][PASSED] - Statement - BatchNumber = com.kms.katalon.core.webui.keyword.WebUiBuiltInKeywords.getNumberOfTotalOption(com.kms.katalon.core.testobject.ObjectRepository.findTestObject(DispensaryToStore/Page_Store/select_--Select--BA1170BA2376B)): 4 options of object 'Object Repository/DispensaryToStore/Page_Store/select_--Select--BA1170BA2376B' counted

2018-06-09 16:46:40 - [MESSAGE][PASSED] - 4 options of object 'Object Repository/DispensaryToStore/Page_Store/select_--Select--BA1170BA2376B' counted

2018-06-09 16:46:40 - [TEST_STEP][PASSED] - Statement - For ([g = 1, g <= BatchNumber - 1, (g++)]): null

2018-06-09 16:46:40 - [TEST_STEP][PASSED] - selectOptionByIndex: All options with index in [1] are selected on object 'Object Repository/DispensaryToStore/Page_Store/select_--Select--BA1170BA2376B'

2018-06-09 16:46:40 - [MESSAGE][PASSED] - All options with index in [1] are selected on object 'Object Repository/DispensaryToStore/Page_Store/select_--Select--BA1170BA2376B'

2018-06-09 16:46:40 - [TEST_STEP][PASSED] - Statement - Try: null

2018-06-09 16:46:40 - [TEST_STEP][PASSED] - Statement - StockQty = com.kms.katalon.core.webui.keyword.WebUiBuiltInKeywords.getAttribute(com.kms.katalon.core.testobject.ObjectRepository.findTestObject(DispensaryToStore/Page_Store/input_txtprice), "value"): Attribute 'value' of object 'Object Repository/DispensaryToStore/Page_Store/input_txtprice' is: '740'

2018-06-09 16:46:40 - [MESSAGE][PASSED] - Attribute 'value' of object 'Object Repository/DispensaryToStore/Page_Store/input_txtprice' is: '740'

2018-06-09 16:46:40 - [TEST_STEP][PASSED] - Statement - out.println("Stock QTY : " + StockQty): null

2018-06-09 16:46:40 - [TEST_STEP][PASSED] - delay: Delayed 2 second(s)

2018-06-09 16:46:42 - [MESSAGE][PASSED] - Delayed 2 second(s)

2018-06-09 16:46:42 - [TEST_STEP][PASSED] - Statement - If (java.lang.String.valueOf(StockQty) >= java.lang.String.valueOf(RequestedQty)): null

2018-06-09 16:46:42 - [TEST_STEP][PASSED] - setText: Text '10' is set on object 'Object Repository/DispensaryToStore/Page_Store/input_txtqty'

2018-06-09 16:46:42 - [MESSAGE][PASSED] - Text '10' is set on object 'Object Repository/DispensaryToStore/Page_Store/input_txtqty'

2018-06-09 16:46:42 - [TEST_STEP][PASSED] - click: Object: 'Object Repository/DispensaryToStore/Page_Store/button_Add' is clicked on

2018-06-09 16:46:42 - [MESSAGE][PASSED] - Object: 'Object Repository/DispensaryToStore/Page_Store/button_Add' is clicked on

2018-06-09 16:46:42 - [TEST_STEP][PASSED] - Statement - Break: null

2018-06-09 16:46:42 - [TEST_STEP][PASSED] - selectOptionByIndex: All options with index in [42] are selected on object 'Object Repository/DispensaryToStore/Page_Store/select_--Select--Adernaline 0.'

2018-06-09 16:46:43 - [MESSAGE][PASSED] - All options with index in [42] are selected on object 'Object Repository/DispensaryToStore/Page_Store/select_--Select--Adernaline 0.'

2018-06-09 16:46:43 - [TEST_STEP][PASSED] - delay: Delayed 2 second(s)

2018-06-09 16:46:45 - [MESSAGE][PASSED] - Delayed 2 second(s)

2018-06-09 16:46:45 - [TEST_STEP][PASSED] - Statement - RequestedQty = com.kms.katalon.core.webui.keyword.WebUiBuiltInKeywords.getAttribute(com.kms.katalon.core.testobject.ObjectRepository.findTestObject(DispensaryToStore/Page_Store/input_txttotal), "value"): Attribute 'value' of object 'Object Repository/DispensaryToStore/Page_Store/input_txttotal' is: '10'

2018-06-09 16:46:45 - [MESSAGE][PASSED] - Attribute 'value' of object 'Object Repository/DispensaryToStore/Page_Store/input_txttotal' is: '10'

2018-06-09 16:46:45 - [TEST_STEP][PASSED] - Statement - out.println("Requested QTY : " + RequestedQty): null

2018-06-09 16:46:45 - [TEST_STEP][PASSED] - Statement - BatchNumber = com.kms.katalon.core.webui.keyword.WebUiBuiltInKeywords.getNumberOfTotalOption(com.kms.katalon.core.testobject.ObjectRepository.findTestObject(DispensaryToStore/Page_Store/select_--Select--BA1170BA2376B)): 3 options of object 'Object Repository/DispensaryToStore/Page_Store/select_--Select--BA1170BA2376B' counted

2018-06-09 16:46:45 - [MESSAGE][PASSED] - 3 options of object 'Object Repository/DispensaryToStore/Page_Store/select_--Select--BA1170BA2376B' counted

2018-06-09 16:46:45 - [TEST_STEP][PASSED] - Statement - For ([g = 1, g <= BatchNumber - 1, (g++)]): null

2018-06-09 16:46:45 - [TEST_STEP][PASSED] - selectOptionByIndex: All options with index in [1] are selected on object 'Object Repository/DispensaryToStore/Page_Store/select_--Select--BA1170BA2376B'

2018-06-09 16:46:45 - [MESSAGE][PASSED] - All options with index in [1] are selected on object 'Object Repository/DispensaryToStore/Page_Store/select_--Select--BA1170BA2376B'

2018-06-09 16:46:45 - [TEST_STEP][PASSED] - Statement - Try: null

2018-06-09 16:46:45 - [TEST_STEP][PASSED] - Statement - StockQty = com.kms.katalon.core.webui.keyword.WebUiBuiltInKeywords.getAttribute(com.kms.katalon.core.testobject.ObjectRepository.findTestObject(DispensaryToStore/Page_Store/input_txtprice), "value"): Attribute 'value' of object 'Object Repository/DispensaryToStore/Page_Store/input_txtprice' is: '440'

2018-06-09 16:46:45 - [MESSAGE][PASSED] - Attribute 'value' of object 'Object Repository/DispensaryToStore/Page_Store/input_txtprice' is: '440'

2018-06-09 16:46:45 - [TEST_STEP][PASSED] - Statement - out.println("Stock QTY : " + StockQty): null

2018-06-09 16:46:45 - [TEST_STEP][PASSED] - delay: Delayed 2 second(s)

2018-06-09 16:46:47 - [MESSAGE][PASSED] - Delayed 2 second(s)

2018-06-09 16:46:47 - [TEST_STEP][PASSED] - Statement - If (java.lang.String.valueOf(StockQty) >= java.lang.String.valueOf(RequestedQty)): null

2018-06-09 16:46:47 - [TEST_STEP][PASSED] - setText: Text '10' is set on object 'Object Repository/DispensaryToStore/Page_Store/input_txtqty'

2018-06-09 16:46:47 - [MESSAGE][PASSED] - Text '10' is set on object 'Object Repository/DispensaryToStore/Page_Store/input_txtqty'

2018-06-09 16:46:47 - [TEST_STEP][PASSED] - click: Object: 'Object Repository/DispensaryToStore/Page_Store/button_Add' is clicked on

2018-06-09 16:46:47 - [MESSAGE][PASSED] - Object: 'Object Repository/DispensaryToStore/Page_Store/button_Add' is clicked on

2018-06-09 16:46:47 - [TEST_STEP][PASSED] - Statement - Break: null

2018-06-09 16:46:47 - [TEST_STEP][PASSED] - selectOptionByIndex: All options with index in [43] are selected on object 'Object Repository/DispensaryToStore/Page_Store/select_--Select--Adernaline 0.'

2018-06-09 16:46:48 - [MESSAGE][PASSED] - All options with index in [43] are selected on object 'Object Repository/DispensaryToStore/Page_Store/select_--Select--Adernaline 0.'

2018-06-09 16:46:48 - [TEST_STEP][PASSED] - delay: Delayed 2 second(s)

2018-06-09 16:46:50 - [MESSAGE][PASSED] - Delayed 2 second(s)

2018-06-09 16:46:50 - [TEST_STEP][PASSED] - Statement - RequestedQty = com.kms.katalon.core.webui.keyword.WebUiBuiltInKeywords.getAttribute(com.kms.katalon.core.testobject.ObjectRepository.findTestObject(DispensaryToStore/Page_Store/input_txttotal), "value"): Attribute 'value' of object 'Object Repository/DispensaryToStore/Page_Store/input_txttotal' is: '10'

2018-06-09 16:46:50 - [MESSAGE][PASSED] - Attribute 'value' of object 'Object Repository/DispensaryToStore/Page_Store/input_txttotal' is: '10'

2018-06-09 16:46:50 - [TEST_STEP][PASSED] - Statement - out.println("Requested QTY : " + RequestedQty): null

2018-06-09 16:46:50 - [TEST_STEP][PASSED] - Statement - BatchNumber = com.kms.katalon.core.webui.keyword.WebUiBuiltInKeywords.getNumberOfTotalOption(com.kms.katalon.core.testobject.ObjectRepository.findTestObject(DispensaryToStore/Page_Store/select_--Select--BA1170BA2376B)): 3 options of object 'Object Repository/DispensaryToStore/Page_Store/select_--Select--BA1170BA2376B' counted

2018-06-09 16:46:50 - [MESSAGE][PASSED] - 3 options of object 'Object Repository/DispensaryToStore/Page_Store/select_--Select--BA1170BA2376B' counted

2018-06-09 16:46:50 - [TEST_STEP][PASSED] - Statement - For ([g = 1, g <= BatchNumber - 1, (g++)]): null

2018-06-09 16:46:50 - [TEST_STEP][PASSED] - selectOptionByIndex: All options with index in [1] are selected on object 'Object Repository/DispensaryToStore/Page_Store/select_--Select--BA1170BA2376B'

2018-06-09 16:46:50 - [MESSAGE][PASSED] - All options with index in [1] are selected on object 'Object Repository/DispensaryToStore/Page_Store/select_--Select--BA1170BA2376B'

2018-06-09 16:46:50 - [TEST_STEP][PASSED] - Statement - Try: null

2018-06-09 16:46:50 - [TEST_STEP][PASSED] - Statement - StockQty = com.kms.katalon.core.webui.keyword.WebUiBuiltInKeywords.getAttribute(com.kms.katalon.core.testobject.ObjectRepository.findTestObject(DispensaryToStore/Page_Store/input_txtprice), "value"): Attribute 'value' of object 'Object Repository/DispensaryToStore/Page_Store/input_txtprice' is: '1700'

2018-06-09 16:46:50 - [MESSAGE][PASSED] - Attribute 'value' of object 'Object Repository/DispensaryToStore/Page_Store/input_txtprice' is: '1700'

2018-06-09 16:46:50 - [TEST_STEP][PASSED] - Statement - out.println("Stock QTY : " + StockQty): null

2018-06-09 16:46:50 - [TEST_STEP][PASSED] - delay: Delayed 2 second(s)

2018-06-09 16:46:52 - [MESSAGE][PASSED] - Delayed 2 second(s)

2018-06-09 16:46:52 - [TEST_STEP][PASSED] - Statement - If (java.lang.String.valueOf(StockQty) >= java.lang.String.valueOf(RequestedQty)): null

2018-06-09 16:46:52 - [TEST_STEP][PASSED] - setText: Text '10' is set on object 'Object Repository/DispensaryToStore/Page_Store/input_txtqty'

2018-06-09 16:46:52 - [MESSAGE][PASSED] - Text '10' is set on object 'Object Repository/DispensaryToStore/Page_Store/input_txtqty'

2018-06-09 16:46:52 - [TEST_STEP][PASSED] - click: Object: 'Object Repository/DispensaryToStore/Page_Store/button_Add' is clicked on

2018-06-09 16:46:52 - [MESSAGE][PASSED] - Object: 'Object Repository/DispensaryToStore/Page_Store/button_Add' is clicked on

2018-06-09 16:46:52 - [TEST_STEP][PASSED] - Statement - Break: null

2018-06-09 16:46:52 - [TEST_STEP][PASSED] - selectOptionByIndex: All options with index in [44] are selected on object 'Object Repository/DispensaryToStore/Page_Store/select_--Select--Adernaline 0.'

2018-06-09 16:46:53 - [MESSAGE][PASSED] - All options with index in [44] are selected on object 'Object Repository/DispensaryToStore/Page_Store/select_--Select--Adernaline 0.'

2018-06-09 16:46:53 - [TEST_STEP][PASSED] - delay: Delayed 2 second(s)

2018-06-09 16:46:55 - [MESSAGE][PASSED] - Delayed 2 second(s)

2018-06-09 16:46:55 - [TEST_STEP][PASSED] - Statement - RequestedQty = com.kms.katalon.core.webui.keyword.WebUiBuiltInKeywords.getAttribute(com.kms.katalon.core.testobject.ObjectRepository.findTestObject(DispensaryToStore/Page_Store/input_txttotal), "value"): Attribute 'value' of object 'Object Repository/DispensaryToStore/Page_Store/input_txttotal' is: '10'

2018-06-09 16:46:55 - [MESSAGE][PASSED] - Attribute 'value' of object 'Object Repository/DispensaryToStore/Page_Store/input_txttotal' is: '10'

2018-06-09 16:46:55 - [TEST_STEP][PASSED] - Statement - out.println("Requested QTY : " + RequestedQty): null

2018-06-09 16:46:55 - [TEST_STEP][PASSED] - Statement - BatchNumber = com.kms.katalon.core.webui.keyword.WebUiBuiltInKeywords.getNumberOfTotalOption(com.kms.katalon.core.testobject.ObjectRepository.findTestObject(DispensaryToStore/Page_Store/select_--Select--BA1170BA2376B)): 3 options of object 'Object Repository/DispensaryToStore/Page_Store/select_--Select--BA1170BA2376B' counted

2018-06-09 16:46:55 - [MESSAGE][PASSED] - 3 options of object 'Object Repository/DispensaryToStore/Page_Store/select_--Select--BA1170BA2376B' counted

2018-06-09 16:46:55 - [TEST_STEP][PASSED] - Statement - For ([g = 1, g <= BatchNumber - 1, (g++)]): null

2018-06-09 16:46:55 - [TEST_STEP][PASSED] - selectOptionByIndex: All options with index in [1] are selected on object 'Object Repository/DispensaryToStore/Page_Store/select_--Select--BA1170BA2376B'

2018-06-09 16:46:55 - [MESSAGE][PASSED] - All options with index in [1] are selected on object 'Object Repository/DispensaryToStore/Page_Store/select_--Select--BA1170BA2376B'

2018-06-09 16:46:55 - [TEST_STEP][PASSED] - Statement - Try: null

2018-06-09 16:46:55 - [TEST_STEP][PASSED] - Statement - StockQty = com.kms.katalon.core.webui.keyword.WebUiBuiltInKeywords.getAttribute(com.kms.katalon.core.testobject.ObjectRepository.findTestObject(DispensaryToStore/Page_Store/input_txtprice), "value"): Attribute 'value' of object 'Object Repository/DispensaryToStore/Page_Store/input_txtprice' is: '740'

2018-06-09 16:46:55 - [MESSAGE][PASSED] - Attribute 'value' of object 'Object Repository/DispensaryToStore/Page_Store/input_txtprice' is: '740'

2018-06-09 16:46:55 - [TEST_STEP][PASSED] - Statement - out.println("Stock QTY : " + StockQty): null

2018-06-09 16:46:55 - [TEST_STEP][PASSED] - delay: Delayed 2 second(s)

2018-06-09 16:46:57 - [MESSAGE][PASSED] - Delayed 2 second(s)

2018-06-09 16:46:57 - [TEST_STEP][PASSED] - Statement - If (java.lang.String.valueOf(StockQty) >= java.lang.String.valueOf(RequestedQty)): null

2018-06-09 16:46:57 - [TEST_STEP][PASSED] - setText: Text '10' is set on object 'Object Repository/DispensaryToStore/Page_Store/input_txtqty'

2018-06-09 16:46:57 - [MESSAGE][PASSED] - Text '10' is set on object 'Object Repository/DispensaryToStore/Page_Store/input_txtqty'

2018-06-09 16:46:57 - [TEST_STEP][PASSED] - click: Object: 'Object Repository/DispensaryToStore/Page_Store/button_Add' is clicked on

2018-06-09 16:46:58 - [MESSAGE][PASSED] - Object: 'Object Repository/DispensaryToStore/Page_Store/button_Add' is clicked on

2018-06-09 16:46:58 - [TEST_STEP][PASSED] - Statement - Break: null

2018-06-09 16:46:58 - [TEST_STEP][PASSED] - selectOptionByIndex: All options with index in [45] are selected on object 'Object Repository/DispensaryToStore/Page_Store/select_--Select--Adernaline 0.'

2018-06-09 16:46:58 - [MESSAGE][PASSED] - All options with index in [45] are selected on object 'Object Repository/DispensaryToStore/Page_Store/select_--Select--Adernaline 0.'

2018-06-09 16:46:58 - [TEST_STEP][PASSED] - delay: Delayed 2 second(s)

2018-06-09 16:47:00 - [MESSAGE][PASSED] - Delayed 2 second(s)

2018-06-09 16:47:00 - [TEST_STEP][PASSED] - Statement - RequestedQty = com.kms.katalon.core.webui.keyword.WebUiBuiltInKeywords.getAttribute(com.kms.katalon.core.testobject.ObjectRepository.findTestObject(DispensaryToStore/Page_Store/input_txttotal), "value"): Attribute 'value' of object 'Object Repository/DispensaryToStore/Page_Store/input_txttotal' is: '10'

2018-06-09 16:47:00 - [MESSAGE][PASSED] - Attribute 'value' of object 'Object Repository/DispensaryToStore/Page_Store/input_txttotal' is: '10'

2018-06-09 16:47:00 - [TEST_STEP][PASSED] - Statement - out.println("Requested QTY : " + RequestedQty): null

2018-06-09 16:47:00 - [TEST_STEP][PASSED] - Statement - BatchNumber = com.kms.katalon.core.webui.keyword.WebUiBuiltInKeywords.getNumberOfTotalOption(com.kms.katalon.core.testobject.ObjectRepository.findTestObject(DispensaryToStore/Page_Store/select_--Select--BA1170BA2376B)): 5 options of object 'Object Repository/DispensaryToStore/Page_Store/select_--Select--BA1170BA2376B' counted

2018-06-09 16:47:00 - [MESSAGE][PASSED] - 5 options of object 'Object Repository/DispensaryToStore/Page_Store/select_--Select--BA1170BA2376B' counted

2018-06-09 16:47:00 - [TEST_STEP][PASSED] - Statement - For ([g = 1, g <= BatchNumber - 1, (g++)]): null

2018-06-09 16:47:00 - [TEST_STEP][PASSED] - selectOptionByIndex: All options with index in [1] are selected on object 'Object Repository/DispensaryToStore/Page_Store/select_--Select--BA1170BA2376B'

2018-06-09 16:47:00 - [MESSAGE][PASSED] - All options with index in [1] are selected on object 'Object Repository/DispensaryToStore/Page_Store/select_--Select--BA1170BA2376B'

2018-06-09 16:47:00 - [TEST_STEP][PASSED] - Statement - Try: null

2018-06-09 16:47:00 - [TEST_STEP][PASSED] - Statement - StockQty = com.kms.katalon.core.webui.keyword.WebUiBuiltInKeywords.getAttribute(com.kms.katalon.core.testobject.ObjectRepository.findTestObject(DispensaryToStore/Page_Store/input_txtprice), "value"): Attribute 'value' of object 'Object Repository/DispensaryToStore/Page_Store/input_txtprice' is: '440'

2018-06-09 16:47:00 - [MESSAGE][PASSED] - Attribute 'value' of object 'Object Repository/DispensaryToStore/Page_Store/input_txtprice' is: '440'

2018-06-09 16:47:00 - [TEST_STEP][PASSED] - Statement - out.println("Stock QTY : " + StockQty): null

2018-06-09 16:47:00 - [TEST_STEP][PASSED] - delay: Delayed 2 second(s)

2018-06-09 16:47:02 - [MESSAGE][PASSED] - Delayed 2 second(s)

2018-06-09 16:47:02 - [TEST_STEP][PASSED] - Statement - If (java.lang.String.valueOf(StockQty) >= java.lang.String.valueOf(RequestedQty)): null

2018-06-09 16:47:02 - [TEST_STEP][PASSED] - setText: Text '10' is set on object 'Object Repository/DispensaryToStore/Page_Store/input_txtqty'

2018-06-09 16:47:03 - [MESSAGE][PASSED] - Text '10' is set on object 'Object Repository/DispensaryToStore/Page_Store/input_txtqty'

2018-06-09 16:47:03 - [TEST_STEP][PASSED] - click: Object: 'Object Repository/DispensaryToStore/Page_Store/button_Add' is clicked on

2018-06-09 16:47:03 - [MESSAGE][PASSED] - Object: 'Object Repository/DispensaryToStore/Page_Store/button_Add' is clicked on

2018-06-09 16:47:03 - [TEST_STEP][PASSED] - Statement - Break: null

2018-06-09 16:47:03 - [TEST_STEP][PASSED] - selectOptionByIndex: All options with index in [46] are selected on object 'Object Repository/DispensaryToStore/Page_Store/select_--Select--Adernaline 0.'

2018-06-09 16:47:03 - [MESSAGE][PASSED] - All options with index in [46] are selected on object 'Object Repository/DispensaryToStore/Page_Store/select_--Select--Adernaline 0.'

2018-06-09 16:47:03 - [TEST_STEP][PASSED] - delay: Delayed 2 second(s)

2018-06-09 16:47:05 - [MESSAGE][PASSED] - Delayed 2 second(s)

2018-06-09 16:47:05 - [TEST_STEP][PASSED] - Statement - RequestedQty = com.kms.katalon.core.webui.keyword.WebUiBuiltInKeywords.getAttribute(com.kms.katalon.core.testobject.ObjectRepository.findTestObject(DispensaryToStore/Page_Store/input_txttotal), "value"): Attribute 'value' of object 'Object Repository/DispensaryToStore/Page_Store/input_txttotal' is: '10'

2018-06-09 16:47:05 - [MESSAGE][PASSED] - Attribute 'value' of object 'Object Repository/DispensaryToStore/Page_Store/input_txttotal' is: '10'

2018-06-09 16:47:05 - [TEST_STEP][PASSED] - Statement - out.println("Requested QTY : " + RequestedQty): null

2018-06-09 16:47:05 - [TEST_STEP][PASSED] - Statement - BatchNumber = com.kms.katalon.core.webui.keyword.WebUiBuiltInKeywords.getNumberOfTotalOption(com.kms.katalon.core.testobject.ObjectRepository.findTestObject(DispensaryToStore/Page_Store/select_--Select--BA1170BA2376B)): 3 options of object 'Object Repository/DispensaryToStore/Page_Store/select_--Select--BA1170BA2376B' counted

2018-06-09 16:47:05 - [MESSAGE][PASSED] - 3 options of object 'Object Repository/DispensaryToStore/Page_Store/select_--Select--BA1170BA2376B' counted

2018-06-09 16:47:05 - [TEST_STEP][PASSED] - Statement - For ([g = 1, g <= BatchNumber - 1, (g++)]): null

2018-06-09 16:47:05 - [TEST_STEP][PASSED] - selectOptionByIndex: All options with index in [1] are selected on object 'Object Repository/DispensaryToStore/Page_Store/select_--Select--BA1170BA2376B'

2018-06-09 16:47:05 - [MESSAGE][PASSED] - All options with index in [1] are selected on object 'Object Repository/DispensaryToStore/Page_Store/select_--Select--BA1170BA2376B'

2018-06-09 16:47:05 - [TEST_STEP][PASSED] - Statement - Try: null

2018-06-09 16:47:05 - [TEST_STEP][PASSED] - Statement - StockQty = com.kms.katalon.core.webui.keyword.WebUiBuiltInKeywords.getAttribute(com.kms.katalon.core.testobject.ObjectRepository.findTestObject(DispensaryToStore/Page_Store/input_txtprice), "value"): Attribute 'value' of object 'Object Repository/DispensaryToStore/Page_Store/input_txtprice' is: '170'

2018-06-09 16:47:06 - [MESSAGE][PASSED] - Attribute 'value' of object 'Object Repository/DispensaryToStore/Page_Store/input_txtprice' is: '170'

2018-06-09 16:47:06 - [TEST_STEP][PASSED] - Statement - out.println("Stock QTY : " + StockQty): null

2018-06-09 16:47:06 - [TEST_STEP][PASSED] - delay: Delayed 2 second(s)

2018-06-09 16:47:08 - [MESSAGE][PASSED] - Delayed 2 second(s)

2018-06-09 16:47:08 - [TEST_STEP][PASSED] - Statement - If (java.lang.String.valueOf(StockQty) >= java.lang.String.valueOf(RequestedQty)): null

2018-06-09 16:47:08 - [TEST_STEP][PASSED] - setText: Text '10' is set on object 'Object Repository/DispensaryToStore/Page_Store/input_txtqty'

2018-06-09 16:47:08 - [MESSAGE][PASSED] - Text '10' is set on object 'Object Repository/DispensaryToStore/Page_Store/input_txtqty'

2018-06-09 16:47:08 - [TEST_STEP][PASSED] - click: Object: 'Object Repository/DispensaryToStore/Page_Store/button_Add' is clicked on

2018-06-09 16:47:08 - [MESSAGE][PASSED] - Object: 'Object Repository/DispensaryToStore/Page_Store/button_Add' is clicked on

2018-06-09 16:47:08 - [TEST_STEP][PASSED] - Statement - Break: null

2018-06-09 16:47:08 - [TEST_STEP][PASSED] - selectOptionByIndex: All options with index in [47] are selected on object 'Object Repository/DispensaryToStore/Page_Store/select_--Select--Adernaline 0.'

2018-06-09 16:47:08 - [MESSAGE][PASSED] - All options with index in [47] are selected on object 'Object Repository/DispensaryToStore/Page_Store/select_--Select--Adernaline 0.'

2018-06-09 16:47:08 - [TEST_STEP][PASSED] - delay: Delayed 2 second(s)

2018-06-09 16:47:10 - [MESSAGE][PASSED] - Delayed 2 second(s)

2018-06-09 16:47:10 - [TEST_STEP][PASSED] - Statement - RequestedQty = com.kms.katalon.core.webui.keyword.WebUiBuiltInKeywords.getAttribute(com.kms.katalon.core.testobject.ObjectRepository.findTestObject(DispensaryToStore/Page_Store/input_txttotal), "value"): Attribute 'value' of object 'Object Repository/DispensaryToStore/Page_Store/input_txttotal' is: '10'

2018-06-09 16:47:10 - [MESSAGE][PASSED] - Attribute 'value' of object 'Object Repository/DispensaryToStore/Page_Store/input_txttotal' is: '10'

2018-06-09 16:47:10 - [TEST_STEP][PASSED] - Statement - out.println("Requested QTY : " + RequestedQty): null

2018-06-09 16:47:10 - [TEST_STEP][PASSED] - Statement - BatchNumber = com.kms.katalon.core.webui.keyword.WebUiBuiltInKeywords.getNumberOfTotalOption(com.kms.katalon.core.testobject.ObjectRepository.findTestObject(DispensaryToStore/Page_Store/select_--Select--BA1170BA2376B)): 3 options of object 'Object Repository/DispensaryToStore/Page_Store/select_--Select--BA1170BA2376B' counted

2018-06-09 16:47:10 - [MESSAGE][PASSED] - 3 options of object 'Object Repository/DispensaryToStore/Page_Store/select_--Select--BA1170BA2376B' counted

2018-06-09 16:47:10 - [TEST_STEP][PASSED] - Statement - For ([g = 1, g <= BatchNumber - 1, (g++)]): null

2018-06-09 16:47:10 - [TEST_STEP][PASSED] - selectOptionByIndex: All options with index in [1] are selected on object 'Object Repository/DispensaryToStore/Page_Store/select_--Select--BA1170BA2376B'

2018-06-09 16:47:11 - [MESSAGE][PASSED] - All options with index in [1] are selected on object 'Object Repository/DispensaryToStore/Page_Store/select_--Select--BA1170BA2376B'

2018-06-09 16:47:11 - [TEST_STEP][PASSED] - Statement - Try: null

2018-06-09 16:47:11 - [TEST_STEP][PASSED] - Statement - StockQty = com.kms.katalon.core.webui.keyword.WebUiBuiltInKeywords.getAttribute(com.kms.katalon.core.testobject.ObjectRepository.findTestObject(DispensaryToStore/Page_Store/input_txtprice), "value"): Attribute 'value' of object 'Object Repository/DispensaryToStore/Page_Store/input_txtprice' is: '440'

2018-06-09 16:47:11 - [MESSAGE][PASSED] - Attribute 'value' of object 'Object Repository/DispensaryToStore/Page_Store/input_txtprice' is: '440'

2018-06-09 16:47:11 - [TEST_STEP][PASSED] - Statement - out.println("Stock QTY : " + StockQty): null

2018-06-09 16:47:11 - [TEST_STEP][PASSED] - delay: Delayed 2 second(s)

2018-06-09 16:47:13 - [MESSAGE][PASSED] - Delayed 2 second(s)

2018-06-09 16:47:13 - [TEST_STEP][PASSED] - Statement - If (java.lang.String.valueOf(StockQty) >= java.lang.String.valueOf(RequestedQty)): null

2018-06-09 16:47:13 - [TEST_STEP][PASSED] - setText: Text '10' is set on object 'Object Repository/DispensaryToStore/Page_Store/input_txtqty'

2018-06-09 16:47:13 - [MESSAGE][PASSED] - Text '10' is set on object 'Object Repository/DispensaryToStore/Page_Store/input_txtqty'

2018-06-09 16:47:13 - [TEST_STEP][PASSED] - click: Object: 'Object Repository/DispensaryToStore/Page_Store/button_Add' is clicked on

2018-06-09 16:47:13 - [MESSAGE][PASSED] - Object: 'Object Repository/DispensaryToStore/Page_Store/button_Add' is clicked on

2018-06-09 16:47:13 - [TEST_STEP][PASSED] - Statement - Break: null

2018-06-09 16:47:13 - [TEST_STEP][PASSED] - selectOptionByIndex: All options with index in [48] are selected on object 'Object Repository/DispensaryToStore/Page_Store/select_--Select--Adernaline 0.'

2018-06-09 16:47:13 - [MESSAGE][PASSED] - All options with index in [48] are selected on object 'Object Repository/DispensaryToStore/Page_Store/select_--Select--Adernaline 0.'

2018-06-09 16:47:13 - [TEST_STEP][PASSED] - delay: Delayed 2 second(s)

2018-06-09 16:47:15 - [MESSAGE][PASSED] - Delayed 2 second(s)

2018-06-09 16:47:15 - [TEST_STEP][PASSED] - Statement - RequestedQty = com.kms.katalon.core.webui.keyword.WebUiBuiltInKeywords.getAttribute(com.kms.katalon.core.testobject.ObjectRepository.findTestObject(DispensaryToStore/Page_Store/input_txttotal), "value"): Attribute 'value' of object 'Object Repository/DispensaryToStore/Page_Store/input_txttotal' is: '10'

2018-06-09 16:47:15 - [MESSAGE][PASSED] - Attribute 'value' of object 'Object Repository/DispensaryToStore/Page_Store/input_txttotal' is: '10'

2018-06-09 16:47:15 - [TEST_STEP][PASSED] - Statement - out.println("Requested QTY : " + RequestedQty): null

2018-06-09 16:47:15 - [TEST_STEP][PASSED] - Statement - BatchNumber = com.kms.katalon.core.webui.keyword.WebUiBuiltInKeywords.getNumberOfTotalOption(com.kms.katalon.core.testobject.ObjectRepository.findTestObject(DispensaryToStore/Page_Store/select_--Select--BA1170BA2376B)): 4 options of object 'Object Repository/DispensaryToStore/Page_Store/select_--Select--BA1170BA2376B' counted

2018-06-09 16:47:15 - [MESSAGE][PASSED] - 4 options of object 'Object Repository/DispensaryToStore/Page_Store/select_--Select--BA1170BA2376B' counted

2018-06-09 16:47:15 - [TEST_STEP][PASSED] - Statement - For ([g = 1, g <= BatchNumber - 1, (g++)]): null

2018-06-09 16:47:15 - [TEST_STEP][PASSED] - selectOptionByIndex: All options with index in [1] are selected on object 'Object Repository/DispensaryToStore/Page_Store/select_--Select--BA1170BA2376B'

2018-06-09 16:47:16 - [MESSAGE][PASSED] - All options with index in [1] are selected on object 'Object Repository/DispensaryToStore/Page_Store/select_--Select--BA1170BA2376B'

2018-06-09 16:47:16 - [TEST_STEP][PASSED] - Statement - Try: null

2018-06-09 16:47:16 - [TEST_STEP][PASSED] - Statement - StockQty = com.kms.katalon.core.webui.keyword.WebUiBuiltInKeywords.getAttribute(com.kms.katalon.core.testobject.ObjectRepository.findTestObject(DispensaryToStore/Page_Store/input_txtprice), "value"): Attribute 'value' of object 'Object Repository/DispensaryToStore/Page_Store/input_txtprice' is: '740'

2018-06-09 16:47:16 - [MESSAGE][PASSED] - Attribute 'value' of object 'Object Repository/DispensaryToStore/Page_Store/input_txtprice' is: '740'

2018-06-09 16:47:16 - [TEST_STEP][PASSED] - Statement - out.println("Stock QTY : " + StockQty): null

2018-06-09 16:47:16 - [TEST_STEP][PASSED] - delay: Delayed 2 second(s)

2018-06-09 16:47:18 - [MESSAGE][PASSED] - Delayed 2 second(s)

2018-06-09 16:47:18 - [TEST_STEP][PASSED] - Statement - If (java.lang.String.valueOf(StockQty) >= java.lang.String.valueOf(RequestedQty)): null

2018-06-09 16:47:18 - [TEST_STEP][PASSED] - setText: Text '10' is set on object 'Object Repository/DispensaryToStore/Page_Store/input_txtqty'

2018-06-09 16:47:18 - [MESSAGE][PASSED] - Text '10' is set on object 'Object Repository/DispensaryToStore/Page_Store/input_txtqty'

2018-06-09 16:47:18 - [TEST_STEP][PASSED] - click: Object: 'Object Repository/DispensaryToStore/Page_Store/button_Add' is clicked on

2018-06-09 16:47:18 - [MESSAGE][PASSED] - Object: 'Object Repository/DispensaryToStore/Page_Store/button_Add' is clicked on

2018-06-09 16:47:18 - [TEST_STEP][PASSED] - Statement - Break: null

2018-06-09 16:47:18 - [TEST_STEP][PASSED] - selectOptionByIndex: All options with index in [49] are selected on object 'Object Repository/DispensaryToStore/Page_Store/select_--Select--Adernaline 0.'

2018-06-09 16:47:18 - [MESSAGE][PASSED] - All options with index in [49] are selected on object 'Object Repository/DispensaryToStore/Page_Store/select_--Select--Adernaline 0.'

2018-06-09 16:47:18 - [TEST_STEP][PASSED] - delay: Delayed 2 second(s)

2018-06-09 16:47:20 - [MESSAGE][PASSED] - Delayed 2 second(s)

2018-06-09 16:47:20 - [TEST_STEP][PASSED] - Statement - RequestedQty = com.kms.katalon.core.webui.keyword.WebUiBuiltInKeywords.getAttribute(com.kms.katalon.core.testobject.ObjectRepository.findTestObject(DispensaryToStore/Page_Store/input_txttotal), "value"): Attribute 'value' of object 'Object Repository/DispensaryToStore/Page_Store/input_txttotal' is: '10'

2018-06-09 16:47:20 - [MESSAGE][PASSED] - Attribute 'value' of object 'Object Repository/DispensaryToStore/Page_Store/input_txttotal' is: '10'

2018-06-09 16:47:20 - [TEST_STEP][PASSED] - Statement - out.println("Requested QTY : " + RequestedQty): null

2018-06-09 16:47:20 - [TEST_STEP][PASSED] - Statement - BatchNumber = com.kms.katalon.core.webui.keyword.WebUiBuiltInKeywords.getNumberOfTotalOption(com.kms.katalon.core.testobject.ObjectRepository.findTestObject(DispensaryToStore/Page_Store/select_--Select--BA1170BA2376B)): 2 options of object 'Object Repository/DispensaryToStore/Page_Store/select_--Select--BA1170BA2376B' counted

2018-06-09 16:47:21 - [MESSAGE][PASSED] - 2 options of object 'Object Repository/DispensaryToStore/Page_Store/select_--Select--BA1170BA2376B' counted

2018-06-09 16:47:21 - [TEST_STEP][PASSED] - Statement - For ([g = 1, g <= BatchNumber - 1, (g++)]): null

2018-06-09 16:47:21 - [TEST_STEP][PASSED] - selectOptionByIndex: All options with index in [1] are selected on object 'Object Repository/DispensaryToStore/Page_Store/select_--Select--BA1170BA2376B'

2018-06-09 16:47:21 - [MESSAGE][PASSED] - All options with index in [1] are selected on object 'Object Repository/DispensaryToStore/Page_Store/select_--Select--BA1170BA2376B'

2018-06-09 16:47:21 - [TEST_STEP][PASSED] - Statement - Try: null

2018-06-09 16:47:21 - [TEST_STEP][PASSED] - Statement - StockQty = com.kms.katalon.core.webui.keyword.WebUiBuiltInKeywords.getAttribute(com.kms.katalon.core.testobject.ObjectRepository.findTestObject(DispensaryToStore/Page_Store/input_txtprice), "value"): Attribute 'value' of object 'Object Repository/DispensaryToStore/Page_Store/input_txtprice' is: '1900'

2018-06-09 16:47:21 - [MESSAGE][PASSED] - Attribute 'value' of object 'Object Repository/DispensaryToStore/Page_Store/input_txtprice' is: '1900'

2018-06-09 16:47:21 - [TEST_STEP][PASSED] - Statement - out.println("Stock QTY : " + StockQty): null

2018-06-09 16:47:21 - [TEST_STEP][PASSED] - delay: Delayed 2 second(s)

2018-06-09 16:47:23 - [MESSAGE][PASSED] - Delayed 2 second(s)

2018-06-09 16:47:23 - [TEST_STEP][PASSED] - Statement - If (java.lang.String.valueOf(StockQty) >= java.lang.String.valueOf(RequestedQty)): null

2018-06-09 16:47:23 - [TEST_STEP][PASSED] - setText: Text '10' is set on object 'Object Repository/DispensaryToStore/Page_Store/input_txtqty'

2018-06-09 16:47:23 - [MESSAGE][PASSED] - Text '10' is set on object 'Object Repository/DispensaryToStore/Page_Store/input_txtqty'

2018-06-09 16:47:23 - [TEST_STEP][PASSED] - click: Object: 'Object Repository/DispensaryToStore/Page_Store/button_Add' is clicked on

2018-06-09 16:47:23 - [MESSAGE][PASSED] - Object: 'Object Repository/DispensaryToStore/Page_Store/button_Add' is clicked on

2018-06-09 16:47:23 - [TEST_STEP][PASSED] - Statement - Break: null

2018-06-09 16:47:23 - [TEST_STEP][PASSED] - selectOptionByIndex: All options with index in [50] are selected on object 'Object Repository/DispensaryToStore/Page_Store/select_--Select--Adernaline 0.'

2018-06-09 16:47:23 - [MESSAGE][PASSED] - All options with index in [50] are selected on object 'Object Repository/DispensaryToStore/Page_Store/select_--Select--Adernaline 0.'

2018-06-09 16:47:23 - [TEST_STEP][PASSED] - delay: Delayed 2 second(s)

2018-06-09 16:47:25 - [MESSAGE][PASSED] - Delayed 2 second(s)

2018-06-09 16:47:25 - [TEST_STEP][PASSED] - Statement - RequestedQty = com.kms.katalon.core.webui.keyword.WebUiBuiltInKeywords.getAttribute(com.kms.katalon.core.testobject.ObjectRepository.findTestObject(DispensaryToStore/Page_Store/input_txttotal), "value"): Attribute 'value' of object 'Object Repository/DispensaryToStore/Page_Store/input_txttotal' is: '10'

2018-06-09 16:47:26 - [MESSAGE][PASSED] - Attribute 'value' of object 'Object Repository/DispensaryToStore/Page_Store/input_txttotal' is: '10'

2018-06-09 16:47:26 - [TEST_STEP][PASSED] - Statement - out.println("Requested QTY : " + RequestedQty): null

2018-06-09 16:47:26 - [TEST_STEP][PASSED] - Statement - BatchNumber = com.kms.katalon.core.webui.keyword.WebUiBuiltInKeywords.getNumberOfTotalOption(com.kms.katalon.core.testobject.ObjectRepository.findTestObject(DispensaryToStore/Page_Store/select_--Select--BA1170BA2376B)): 3 options of object 'Object Repository/DispensaryToStore/Page_Store/select_--Select--BA1170BA2376B' counted

2018-06-09 16:47:26 - [MESSAGE][PASSED] - 3 options of object 'Object Repository/DispensaryToStore/Page_Store/select_--Select--BA1170BA2376B' counted

2018-06-09 16:47:26 - [TEST_STEP][PASSED] - Statement - For ([g = 1, g <= BatchNumber - 1, (g++)]): null

2018-06-09 16:47:26 - [TEST_STEP][PASSED] - selectOptionByIndex: All options with index in [1] are selected on object 'Object Repository/DispensaryToStore/Page_Store/select_--Select--BA1170BA2376B'

2018-06-09 16:47:26 - [MESSAGE][PASSED] - All options with index in [1] are selected on object 'Object Repository/DispensaryToStore/Page_Store/select_--Select--BA1170BA2376B'

2018-06-09 16:47:26 - [TEST_STEP][PASSED] - Statement - Try: null

2018-06-09 16:47:26 - [TEST_STEP][PASSED] - Statement - StockQty = com.kms.katalon.core.webui.keyword.WebUiBuiltInKeywords.getAttribute(com.kms.katalon.core.testobject.ObjectRepository.findTestObject(DispensaryToStore/Page_Store/input_txtprice), "value"): Attribute 'value' of object 'Object Repository/DispensaryToStore/Page_Store/input_txtprice' is: '740'

2018-06-09 16:47:26 - [MESSAGE][PASSED] - Attribute 'value' of object 'Object Repository/DispensaryToStore/Page_Store/input_txtprice' is: '740'

2018-06-09 16:47:26 - [TEST_STEP][PASSED] - Statement - out.println("Stock QTY : " + StockQty): null

2018-06-09 16:47:26 - [TEST_STEP][PASSED] - delay: Delayed 2 second(s)

2018-06-09 16:47:28 - [MESSAGE][PASSED] - Delayed 2 second(s)

2018-06-09 16:47:28 - [TEST_STEP][PASSED] - Statement - If (java.lang.String.valueOf(StockQty) >= java.lang.String.valueOf(RequestedQty)): null

2018-06-09 16:47:28 - [TEST_STEP][PASSED] - setText: Text '10' is set on object 'Object Repository/DispensaryToStore/Page_Store/input_txtqty'

2018-06-09 16:47:28 - [MESSAGE][PASSED] - Text '10' is set on object 'Object Repository/DispensaryToStore/Page_Store/input_txtqty'

2018-06-09 16:47:28 - [TEST_STEP][PASSED] - click: Object: 'Object Repository/DispensaryToStore/Page_Store/button_Add' is clicked on

2018-06-09 16:47:28 - [MESSAGE][PASSED] - Object: 'Object Repository/DispensaryToStore/Page_Store/button_Add' is clicked on

2018-06-09 16:47:28 - [TEST_STEP][PASSED] - Statement - Break: null

2018-06-09 16:47:28 - [TEST_STEP][PASSED] - selectOptionByIndex: All options with index in [51] are selected on object 'Object Repository/DispensaryToStore/Page_Store/select_--Select--Adernaline 0.'

2018-06-09 16:47:29 - [MESSAGE][PASSED] - All options with index in [51] are selected on object 'Object Repository/DispensaryToStore/Page_Store/select_--Select--Adernaline 0.'

2018-06-09 16:47:29 - [TEST_STEP][PASSED] - delay: Delayed 2 second(s)

2018-06-09 16:47:31 - [MESSAGE][PASSED] - Delayed 2 second(s)

2018-06-09 16:47:31 - [TEST_STEP][PASSED] - Statement - RequestedQty = com.kms.katalon.core.webui.keyword.WebUiBuiltInKeywords.getAttribute(com.kms.katalon.core.testobject.ObjectRepository.findTestObject(DispensaryToStore/Page_Store/input_txttotal), "value"): Attribute 'value' of object 'Object Repository/DispensaryToStore/Page_Store/input_txttotal' is: '10'

2018-06-09 16:47:31 - [MESSAGE][PASSED] - Attribute 'value' of object 'Object Repository/DispensaryToStore/Page_Store/input_txttotal' is: '10'

2018-06-09 16:47:31 - [TEST_STEP][PASSED] - Statement - out.println("Requested QTY : " + RequestedQty): null

2018-06-09 16:47:31 - [TEST_STEP][PASSED] - Statement - BatchNumber = com.kms.katalon.core.webui.keyword.WebUiBuiltInKeywords.getNumberOfTotalOption(com.kms.katalon.core.testobject.ObjectRepository.findTestObject(DispensaryToStore/Page_Store/select_--Select--BA1170BA2376B)): 3 options of object 'Object Repository/DispensaryToStore/Page_Store/select_--Select--BA1170BA2376B' counted

2018-06-09 16:47:31 - [MESSAGE][PASSED] - 3 options of object 'Object Repository/DispensaryToStore/Page_Store/select_--Select--BA1170BA2376B' counted

2018-06-09 16:47:31 - [TEST_STEP][PASSED] - Statement - For ([g = 1, g <= BatchNumber - 1, (g++)]): null

2018-06-09 16:47:31 - [TEST_STEP][PASSED] - selectOptionByIndex: All options with index in [1] are selected on object 'Object Repository/DispensaryToStore/Page_Store/select_--Select--BA1170BA2376B'

2018-06-09 16:47:31 - [MESSAGE][PASSED] - All options with index in [1] are selected on object 'Object Repository/DispensaryToStore/Page_Store/select_--Select--BA1170BA2376B'

2018-06-09 16:47:31 - [TEST_STEP][PASSED] - Statement - Try: null

2018-06-09 16:47:31 - [TEST_STEP][PASSED] - Statement - StockQty = com.kms.katalon.core.webui.keyword.WebUiBuiltInKeywords.getAttribute(com.kms.katalon.core.testobject.ObjectRepository.findTestObject(DispensaryToStore/Page_Store/input_txtprice), "value"): Attribute 'value' of object 'Object Repository/DispensaryToStore/Page_Store/input_txtprice' is: '750'

2018-06-09 16:47:31 - [MESSAGE][PASSED] - Attribute 'value' of object 'Object Repository/DispensaryToStore/Page_Store/input_txtprice' is: '750'

2018-06-09 16:47:31 - [TEST_STEP][PASSED] - Statement - out.println("Stock QTY : " + StockQty): null

2018-06-09 16:47:31 - [TEST_STEP][PASSED] - delay: Delayed 2 second(s)

2018-06-09 16:47:33 - [MESSAGE][PASSED] - Delayed 2 second(s)

2018-06-09 16:47:33 - [TEST_STEP][PASSED] - Statement - If (java.lang.String.valueOf(StockQty) >= java.lang.String.valueOf(RequestedQty)): null

2018-06-09 16:47:33 - [TEST_STEP][PASSED] - setText: Text '10' is set on object 'Object Repository/DispensaryToStore/Page_Store/input_txtqty'

2018-06-09 16:47:33 - [MESSAGE][PASSED] - Text '10' is set on object 'Object Repository/DispensaryToStore/Page_Store/input_txtqty'

2018-06-09 16:47:33 - [TEST_STEP][PASSED] - click: Object: 'Object Repository/DispensaryToStore/Page_Store/button_Add' is clicked on

2018-06-09 16:47:33 - [MESSAGE][PASSED] - Object: 'Object Repository/DispensaryToStore/Page_Store/button_Add' is clicked on

2018-06-09 16:47:33 - [TEST_STEP][PASSED] - Statement - Break: null

2018-06-09 16:47:33 - [TEST_STEP][PASSED] - selectOptionByIndex: All options with index in [52] are selected on object 'Object Repository/DispensaryToStore/Page_Store/select_--Select--Adernaline 0.'

2018-06-09 16:47:34 - [MESSAGE][PASSED] - All options with index in [52] are selected on object 'Object Repository/DispensaryToStore/Page_Store/select_--Select--Adernaline 0.'

2018-06-09 16:47:34 - [TEST_STEP][PASSED] - delay: Delayed 2 second(s)

2018-06-09 16:47:36 - [MESSAGE][PASSED] - Delayed 2 second(s)

2018-06-09 16:47:36 - [TEST_STEP][PASSED] - Statement - RequestedQty = com.kms.katalon.core.webui.keyword.WebUiBuiltInKeywords.getAttribute(com.kms.katalon.core.testobject.ObjectRepository.findTestObject(DispensaryToStore/Page_Store/input_txttotal), "value"): Attribute 'value' of object 'Object Repository/DispensaryToStore/Page_Store/input_txttotal' is: '10'

2018-06-09 16:47:36 - [MESSAGE][PASSED] - Attribute 'value' of object 'Object Repository/DispensaryToStore/Page_Store/input_txttotal' is: '10'

2018-06-09 16:47:36 - [TEST_STEP][PASSED] - Statement - out.println("Requested QTY : " + RequestedQty): null

2018-06-09 16:47:36 - [TEST_STEP][PASSED] - Statement - BatchNumber = com.kms.katalon.core.webui.keyword.WebUiBuiltInKeywords.getNumberOfTotalOption(com.kms.katalon.core.testobject.ObjectRepository.findTestObject(DispensaryToStore/Page_Store/select_--Select--BA1170BA2376B)): 3 options of object 'Object Repository/DispensaryToStore/Page_Store/select_--Select--BA1170BA2376B' counted

2018-06-09 16:47:36 - [MESSAGE][PASSED] - 3 options of object 'Object Repository/DispensaryToStore/Page_Store/select_--Select--BA1170BA2376B' counted

2018-06-09 16:47:36 - [TEST_STEP][PASSED] - Statement - For ([g = 1, g <= BatchNumber - 1, (g++)]): null

2018-06-09 16:47:36 - [TEST_STEP][PASSED] - selectOptionByIndex: All options with index in [1] are selected on object 'Object Repository/DispensaryToStore/Page_Store/select_--Select--BA1170BA2376B'

2018-06-09 16:47:36 - [MESSAGE][PASSED] - All options with index in [1] are selected on object 'Object Repository/DispensaryToStore/Page_Store/select_--Select--BA1170BA2376B'

2018-06-09 16:47:36 - [TEST_STEP][PASSED] - Statement - Try: null

2018-06-09 16:47:36 - [TEST_STEP][PASSED] - Statement - StockQty = com.kms.katalon.core.webui.keyword.WebUiBuiltInKeywords.getAttribute(com.kms.katalon.core.testobject.ObjectRepository.findTestObject(DispensaryToStore/Page_Store/input_txtprice), "value"): Attribute 'value' of object 'Object Repository/DispensaryToStore/Page_Store/input_txtprice' is: '740'

2018-06-09 16:47:36 - [MESSAGE][PASSED] - Attribute 'value' of object 'Object Repository/DispensaryToStore/Page_Store/input_txtprice' is: '740'

2018-06-09 16:47:36 - [TEST_STEP][PASSED] - Statement - out.println("Stock QTY : " + StockQty): null

2018-06-09 16:47:36 - [TEST_STEP][PASSED] - delay: Delayed 2 second(s)

2018-06-09 16:47:38 - [MESSAGE][PASSED] - Delayed 2 second(s)

2018-06-09 16:47:38 - [TEST_STEP][PASSED] - Statement - If (java.lang.String.valueOf(StockQty) >= java.lang.String.valueOf(RequestedQty)): null

2018-06-09 16:47:38 - [TEST_STEP][PASSED] - setText: Text '10' is set on object 'Object Repository/DispensaryToStore/Page_Store/input_txtqty'

2018-06-09 16:47:38 - [MESSAGE][PASSED] - Text '10' is set on object 'Object Repository/DispensaryToStore/Page_Store/input_txtqty'

2018-06-09 16:47:38 - [TEST_STEP][PASSED] - click: Object: 'Object Repository/DispensaryToStore/Page_Store/button_Add' is clicked on

2018-06-09 16:47:38 - [MESSAGE][PASSED] - Object: 'Object Repository/DispensaryToStore/Page_Store/button_Add' is clicked on

2018-06-09 16:47:38 - [TEST_STEP][PASSED] - Statement - Break: null

2018-06-09 16:47:38 - [TEST_STEP][PASSED] - selectOptionByIndex: All options with index in [53] are selected on object 'Object Repository/DispensaryToStore/Page_Store/select_--Select--Adernaline 0.'

2018-06-09 16:47:39 - [MESSAGE][PASSED] - All options with index in [53] are selected on object 'Object Repository/DispensaryToStore/Page_Store/select_--Select--Adernaline 0.'

2018-06-09 16:47:39 - [TEST_STEP][PASSED] - delay: Delayed 2 second(s)

2018-06-09 16:47:41 - [MESSAGE][PASSED] - Delayed 2 second(s)

2018-06-09 16:47:41 - [TEST_STEP][PASSED] - Statement - RequestedQty = com.kms.katalon.core.webui.keyword.WebUiBuiltInKeywords.getAttribute(com.kms.katalon.core.testobject.ObjectRepository.findTestObject(DispensaryToStore/Page_Store/input_txttotal), "value"): Attribute 'value' of object 'Object Repository/DispensaryToStore/Page_Store/input_txttotal' is: '10'

2018-06-09 16:47:41 - [MESSAGE][PASSED] - Attribute 'value' of object 'Object Repository/DispensaryToStore/Page_Store/input_txttotal' is: '10'

2018-06-09 16:47:41 - [TEST_STEP][PASSED] - Statement - out.println("Requested QTY : " + RequestedQty): null

2018-06-09 16:47:41 - [TEST_STEP][PASSED] - Statement - BatchNumber = com.kms.katalon.core.webui.keyword.WebUiBuiltInKeywords.getNumberOfTotalOption(com.kms.katalon.core.testobject.ObjectRepository.findTestObject(DispensaryToStore/Page_Store/select_--Select--BA1170BA2376B)): 3 options of object 'Object Repository/DispensaryToStore/Page_Store/select_--Select--BA1170BA2376B' counted

2018-06-09 16:47:41 - [MESSAGE][PASSED] - 3 options of object 'Object Repository/DispensaryToStore/Page_Store/select_--Select--BA1170BA2376B' counted

2018-06-09 16:47:41 - [TEST_STEP][PASSED] - Statement - For ([g = 1, g <= BatchNumber - 1, (g++)]): null

2018-06-09 16:47:41 - [TEST_STEP][PASSED] - selectOptionByIndex: All options with index in [1] are selected on object 'Object Repository/DispensaryToStore/Page_Store/select_--Select--BA1170BA2376B'

2018-06-09 16:47:41 - [MESSAGE][PASSED] - All options with index in [1] are selected on object 'Object Repository/DispensaryToStore/Page_Store/select_--Select--BA1170BA2376B'

2018-06-09 16:47:41 - [TEST_STEP][PASSED] - Statement - Try: null

2018-06-09 16:47:41 - [TEST_STEP][PASSED] - Statement - StockQty = com.kms.katalon.core.webui.keyword.WebUiBuiltInKeywords.getAttribute(com.kms.katalon.core.testobject.ObjectRepository.findTestObject(DispensaryToStore/Page_Store/input_txtprice), "value"): Attribute 'value' of object 'Object Repository/DispensaryToStore/Page_Store/input_txtprice' is: '370'

2018-06-09 16:47:41 - [MESSAGE][PASSED] - Attribute 'value' of object 'Object Repository/DispensaryToStore/Page_Store/input_txtprice' is: '370'

2018-06-09 16:47:41 - [TEST_STEP][PASSED] - Statement - out.println("Stock QTY : " + StockQty): null

2018-06-09 16:47:41 - [TEST_STEP][PASSED] - delay: Delayed 2 second(s)

2018-06-09 16:47:43 - [MESSAGE][PASSED] - Delayed 2 second(s)

2018-06-09 16:47:43 - [TEST_STEP][PASSED] - Statement - If (java.lang.String.valueOf(StockQty) >= java.lang.String.valueOf(RequestedQty)): null

2018-06-09 16:47:43 - [TEST_STEP][PASSED] - setText: Text '10' is set on object 'Object Repository/DispensaryToStore/Page_Store/input_txtqty'

2018-06-09 16:47:43 - [MESSAGE][PASSED] - Text '10' is set on object 'Object Repository/DispensaryToStore/Page_Store/input_txtqty'

2018-06-09 16:47:43 - [TEST_STEP][PASSED] - click: Object: 'Object Repository/DispensaryToStore/Page_Store/button_Add' is clicked on

2018-06-09 16:47:43 - [MESSAGE][PASSED] - Object: 'Object Repository/DispensaryToStore/Page_Store/button_Add' is clicked on

2018-06-09 16:47:43 - [TEST_STEP][PASSED] - Statement - Break: null

2018-06-09 16:47:43 - [TEST_STEP][PASSED] - selectOptionByIndex: All options with index in [54] are selected on object 'Object Repository/DispensaryToStore/Page_Store/select_--Select--Adernaline 0.'

2018-06-09 16:47:44 - [MESSAGE][PASSED] - All options with index in [54] are selected on object 'Object Repository/DispensaryToStore/Page_Store/select_--Select--Adernaline 0.'

2018-06-09 16:47:44 - [TEST_STEP][PASSED] - delay: Delayed 2 second(s)

2018-06-09 16:47:46 - [MESSAGE][PASSED] - Delayed 2 second(s)

2018-06-09 16:47:46 - [TEST_STEP][PASSED] - Statement - RequestedQty = com.kms.katalon.core.webui.keyword.WebUiBuiltInKeywords.getAttribute(com.kms.katalon.core.testobject.ObjectRepository.findTestObject(DispensaryToStore/Page_Store/input_txttotal), "value"): Attribute 'value' of object 'Object Repository/DispensaryToStore/Page_Store/input_txttotal' is: '10'

2018-06-09 16:47:46 - [MESSAGE][PASSED] - Attribute 'value' of object 'Object Repository/DispensaryToStore/Page_Store/input_txttotal' is: '10'

2018-06-09 16:47:46 - [TEST_STEP][PASSED] - Statement - out.println("Requested QTY : " + RequestedQty): null

2018-06-09 16:47:46 - [TEST_STEP][PASSED] - Statement - BatchNumber = com.kms.katalon.core.webui.keyword.WebUiBuiltInKeywords.getNumberOfTotalOption(com.kms.katalon.core.testobject.ObjectRepository.findTestObject(DispensaryToStore/Page_Store/select_--Select--BA1170BA2376B)): 3 options of object 'Object Repository/DispensaryToStore/Page_Store/select_--Select--BA1170BA2376B' counted

2018-06-09 16:47:46 - [MESSAGE][PASSED] - 3 options of object 'Object Repository/DispensaryToStore/Page_Store/select_--Select--BA1170BA2376B' counted

2018-06-09 16:47:46 - [TEST_STEP][PASSED] - Statement - For ([g = 1, g <= BatchNumber - 1, (g++)]): null

2018-06-09 16:47:46 - [TEST_STEP][PASSED] - selectOptionByIndex: All options with index in [1] are selected on object 'Object Repository/DispensaryToStore/Page_Store/select_--Select--BA1170BA2376B'

2018-06-09 16:47:46 - [MESSAGE][PASSED] - All options with index in [1] are selected on object 'Object Repository/DispensaryToStore/Page_Store/select_--Select--BA1170BA2376B'

2018-06-09 16:47:46 - [TEST_STEP][PASSED] - Statement - Try: null

2018-06-09 16:47:46 - [TEST_STEP][PASSED] - Statement - StockQty = com.kms.katalon.core.webui.keyword.WebUiBuiltInKeywords.getAttribute(com.kms.katalon.core.testobject.ObjectRepository.findTestObject(DispensaryToStore/Page_Store/input_txtprice), "value"): Attribute 'value' of object 'Object Repository/DispensaryToStore/Page_Store/input_txtprice' is: '370'

2018-06-09 16:47:46 - [MESSAGE][PASSED] - Attribute 'value' of object 'Object Repository/DispensaryToStore/Page_Store/input_txtprice' is: '370'

2018-06-09 16:47:46 - [TEST_STEP][PASSED] - Statement - out.println("Stock QTY : " + StockQty): null

2018-06-09 16:47:46 - [TEST_STEP][PASSED] - delay: Delayed 2 second(s)

2018-06-09 16:47:48 - [MESSAGE][PASSED] - Delayed 2 second(s)

2018-06-09 16:47:48 - [TEST_STEP][PASSED] - Statement - If (java.lang.String.valueOf(StockQty) >= java.lang.String.valueOf(RequestedQty)): null

2018-06-09 16:47:48 - [TEST_STEP][PASSED] - setText: Text '10' is set on object 'Object Repository/DispensaryToStore/Page_Store/input_txtqty'

2018-06-09 16:47:49 - [MESSAGE][PASSED] - Text '10' is set on object 'Object Repository/DispensaryToStore/Page_Store/input_txtqty'

2018-06-09 16:47:49 - [TEST_STEP][PASSED] - click: Object: 'Object Repository/DispensaryToStore/Page_Store/button_Add' is clicked on

2018-06-09 16:47:49 - [MESSAGE][PASSED] - Object: 'Object Repository/DispensaryToStore/Page_Store/button_Add' is clicked on

2018-06-09 16:47:49 - [TEST_STEP][PASSED] - Statement - Break: null

2018-06-09 16:47:49 - [TEST_STEP][PASSED] - selectOptionByIndex: All options with index in [55] are selected on object 'Object Repository/DispensaryToStore/Page_Store/select_--Select--Adernaline 0.'

2018-06-09 16:47:49 - [MESSAGE][PASSED] - All options with index in [55] are selected on object 'Object Repository/DispensaryToStore/Page_Store/select_--Select--Adernaline 0.'

2018-06-09 16:47:49 - [TEST_STEP][PASSED] - delay: Delayed 2 second(s)

2018-06-09 16:47:51 - [MESSAGE][PASSED] - Delayed 2 second(s)

2018-06-09 16:47:51 - [TEST_STEP][PASSED] - Statement - RequestedQty = com.kms.katalon.core.webui.keyword.WebUiBuiltInKeywords.getAttribute(com.kms.katalon.core.testobject.ObjectRepository.findTestObject(DispensaryToStore/Page_Store/input_txttotal), "value"): Attribute 'value' of object 'Object Repository/DispensaryToStore/Page_Store/input_txttotal' is: '10'

2018-06-09 16:47:51 - [MESSAGE][PASSED] - Attribute 'value' of object 'Object Repository/DispensaryToStore/Page_Store/input_txttotal' is: '10'

2018-06-09 16:47:51 - [TEST_STEP][PASSED] - Statement - out.println("Requested QTY : " + RequestedQty): null

2018-06-09 16:47:51 - [TEST_STEP][PASSED] - Statement - BatchNumber = com.kms.katalon.core.webui.keyword.WebUiBuiltInKeywords.getNumberOfTotalOption(com.kms.katalon.core.testobject.ObjectRepository.findTestObject(DispensaryToStore/Page_Store/select_--Select--BA1170BA2376B)): 4 options of object 'Object Repository/DispensaryToStore/Page_Store/select_--Select--BA1170BA2376B' counted

2018-06-09 16:47:51 - [MESSAGE][PASSED] - 4 options of object 'Object Repository/DispensaryToStore/Page_Store/select_--Select--BA1170BA2376B' counted

2018-06-09 16:47:51 - [TEST_STEP][PASSED] - Statement - For ([g = 1, g <= BatchNumber - 1, (g++)]): null

2018-06-09 16:47:51 - [TEST_STEP][PASSED] - selectOptionByIndex: All options with index in [1] are selected on object 'Object Repository/DispensaryToStore/Page_Store/select_--Select--BA1170BA2376B'

2018-06-09 16:47:52 - [MESSAGE][PASSED] - All options with index in [1] are selected on object 'Object Repository/DispensaryToStore/Page_Store/select_--Select--BA1170BA2376B'

2018-06-09 16:47:52 - [TEST_STEP][PASSED] - Statement - Try: null

2018-06-09 16:47:52 - [TEST_STEP][PASSED] - Statement - StockQty = com.kms.katalon.core.webui.keyword.WebUiBuiltInKeywords.getAttribute(com.kms.katalon.core.testobject.ObjectRepository.findTestObject(DispensaryToStore/Page_Store/input_txtprice), "value"): Attribute 'value' of object 'Object Repository/DispensaryToStore/Page_Store/input_txtprice' is: '370'

2018-06-09 16:47:52 - [MESSAGE][PASSED] - Attribute 'value' of object 'Object Repository/DispensaryToStore/Page_Store/input_txtprice' is: '370'

2018-06-09 16:47:52 - [TEST_STEP][PASSED] - Statement - out.println("Stock QTY : " + StockQty): null

2018-06-09 16:47:52 - [TEST_STEP][PASSED] - delay: Delayed 2 second(s)

2018-06-09 16:47:54 - [MESSAGE][PASSED] - Delayed 2 second(s)

2018-06-09 16:47:54 - [TEST_STEP][PASSED] - Statement - If (java.lang.String.valueOf(StockQty) >= java.lang.String.valueOf(RequestedQty)): null

2018-06-09 16:47:54 - [TEST_STEP][PASSED] - setText: Text '10' is set on object 'Object Repository/DispensaryToStore/Page_Store/input_txtqty'

2018-06-09 16:47:54 - [MESSAGE][PASSED] - Text '10' is set on object 'Object Repository/DispensaryToStore/Page_Store/input_txtqty'

2018-06-09 16:47:54 - [TEST_STEP][PASSED] - click: Object: 'Object Repository/DispensaryToStore/Page_Store/button_Add' is clicked on

2018-06-09 16:47:54 - [MESSAGE][PASSED] - Object: 'Object Repository/DispensaryToStore/Page_Store/button_Add' is clicked on

2018-06-09 16:47:54 - [TEST_STEP][PASSED] - Statement - Break: null

2018-06-09 16:47:54 - [TEST_STEP][PASSED] - selectOptionByIndex: All options with index in [56] are selected on object 'Object Repository/DispensaryToStore/Page_Store/select_--Select--Adernaline 0.'

2018-06-09 16:47:54 - [MESSAGE][PASSED] - All options with index in [56] are selected on object 'Object Repository/DispensaryToStore/Page_Store/select_--Select--Adernaline 0.'

2018-06-09 16:47:54 - [TEST_STEP][PASSED] - delay: Delayed 2 second(s)

2018-06-09 16:47:56 - [MESSAGE][PASSED] - Delayed 2 second(s)

2018-06-09 16:47:56 - [TEST_STEP][PASSED] - Statement - RequestedQty = com.kms.katalon.core.webui.keyword.WebUiBuiltInKeywords.getAttribute(com.kms.katalon.core.testobject.ObjectRepository.findTestObject(DispensaryToStore/Page_Store/input_txttotal), "value"): Attribute 'value' of object 'Object Repository/DispensaryToStore/Page_Store/input_txttotal' is: '10'

2018-06-09 16:47:56 - [MESSAGE][PASSED] - Attribute 'value' of object 'Object Repository/DispensaryToStore/Page_Store/input_txttotal' is: '10'

2018-06-09 16:47:56 - [TEST_STEP][PASSED] - Statement - out.println("Requested QTY : " + RequestedQty): null

2018-06-09 16:47:56 - [TEST_STEP][PASSED] - Statement - BatchNumber = com.kms.katalon.core.webui.keyword.WebUiBuiltInKeywords.getNumberOfTotalOption(com.kms.katalon.core.testobject.ObjectRepository.findTestObject(DispensaryToStore/Page_Store/select_--Select--BA1170BA2376B)): 3 options of object 'Object Repository/DispensaryToStore/Page_Store/select_--Select--BA1170BA2376B' counted

2018-06-09 16:47:57 - [MESSAGE][PASSED] - 3 options of object 'Object Repository/DispensaryToStore/Page_Store/select_--Select--BA1170BA2376B' counted

2018-06-09 16:47:57 - [TEST_STEP][PASSED] - Statement - For ([g = 1, g <= BatchNumber - 1, (g++)]): null

2018-06-09 16:47:57 - [TEST_STEP][PASSED] - selectOptionByIndex: All options with index in [1] are selected on object 'Object Repository/DispensaryToStore/Page_Store/select_--Select--BA1170BA2376B'

2018-06-09 16:47:57 - [MESSAGE][PASSED] - All options with index in [1] are selected on object 'Object Repository/DispensaryToStore/Page_Store/select_--Select--BA1170BA2376B'

2018-06-09 16:47:57 - [TEST_STEP][PASSED] - Statement - Try: null

2018-06-09 16:47:57 - [TEST_STEP][PASSED] - Statement - StockQty = com.kms.katalon.core.webui.keyword.WebUiBuiltInKeywords.getAttribute(com.kms.katalon.core.testobject.ObjectRepository.findTestObject(DispensaryToStore/Page_Store/input_txtprice), "value"): Attribute 'value' of object 'Object Repository/DispensaryToStore/Page_Store/input_txtprice' is: '740'

2018-06-09 16:47:57 - [MESSAGE][PASSED] - Attribute 'value' of object 'Object Repository/DispensaryToStore/Page_Store/input_txtprice' is: '740'

2018-06-09 16:47:57 - [TEST_STEP][PASSED] - Statement - out.println("Stock QTY : " + StockQty): null

2018-06-09 16:47:57 - [TEST_STEP][PASSED] - delay: Delayed 2 second(s)

2018-06-09 16:47:59 - [MESSAGE][PASSED] - Delayed 2 second(s)

2018-06-09 16:47:59 - [TEST_STEP][PASSED] - Statement - If (java.lang.String.valueOf(StockQty) >= java.lang.String.valueOf(RequestedQty)): null

2018-06-09 16:47:59 - [TEST_STEP][PASSED] - setText: Text '10' is set on object 'Object Repository/DispensaryToStore/Page_Store/input_txtqty'

2018-06-09 16:47:59 - [MESSAGE][PASSED] - Text '10' is set on object 'Object Repository/DispensaryToStore/Page_Store/input_txtqty'

2018-06-09 16:47:59 - [TEST_STEP][PASSED] - click: Object: 'Object Repository/DispensaryToStore/Page_Store/button_Add' is clicked on

2018-06-09 16:47:59 - [MESSAGE][PASSED] - Object: 'Object Repository/DispensaryToStore/Page_Store/button_Add' is clicked on

2018-06-09 16:47:59 - [TEST_STEP][PASSED] - Statement - Break: null

2018-06-09 16:47:59 - [TEST_STEP][PASSED] - selectOptionByIndex: All options with index in [57] are selected on object 'Object Repository/DispensaryToStore/Page_Store/select_--Select--Adernaline 0.'

2018-06-09 16:48:00 - [MESSAGE][PASSED] - All options with index in [57] are selected on object 'Object Repository/DispensaryToStore/Page_Store/select_--Select--Adernaline 0.'

2018-06-09 16:48:00 - [TEST_STEP][PASSED] - delay: Delayed 2 second(s)

2018-06-09 16:48:02 - [MESSAGE][PASSED] - Delayed 2 second(s)

2018-06-09 16:48:02 - [TEST_STEP][PASSED] - Statement - RequestedQty = com.kms.katalon.core.webui.keyword.WebUiBuiltInKeywords.getAttribute(com.kms.katalon.core.testobject.ObjectRepository.findTestObject(DispensaryToStore/Page_Store/input_txttotal), "value"): Attribute 'value' of object 'Object Repository/DispensaryToStore/Page_Store/input_txttotal' is: '10'

2018-06-09 16:48:02 - [MESSAGE][PASSED] - Attribute 'value' of object 'Object Repository/DispensaryToStore/Page_Store/input_txttotal' is: '10'

2018-06-09 16:48:02 - [TEST_STEP][PASSED] - Statement - out.println("Requested QTY : " + RequestedQty): null

2018-06-09 16:48:02 - [TEST_STEP][PASSED] - Statement - BatchNumber = com.kms.katalon.core.webui.keyword.WebUiBuiltInKeywords.getNumberOfTotalOption(com.kms.katalon.core.testobject.ObjectRepository.findTestObject(DispensaryToStore/Page_Store/select_--Select--BA1170BA2376B)): 3 options of object 'Object Repository/DispensaryToStore/Page_Store/select_--Select--BA1170BA2376B' counted

2018-06-09 16:48:02 - [MESSAGE][PASSED] - 3 options of object 'Object Repository/DispensaryToStore/Page_Store/select_--Select--BA1170BA2376B' counted

2018-06-09 16:48:02 - [TEST_STEP][PASSED] - Statement - For ([g = 1, g <= BatchNumber - 1, (g++)]): null

2018-06-09 16:48:02 - [TEST_STEP][PASSED] - selectOptionByIndex: All options with index in [1] are selected on object 'Object Repository/DispensaryToStore/Page_Store/select_--Select--BA1170BA2376B'

2018-06-09 16:48:02 - [MESSAGE][PASSED] - All options with index in [1] are selected on object 'Object Repository/DispensaryToStore/Page_Store/select_--Select--BA1170BA2376B'

2018-06-09 16:48:02 - [TEST_STEP][PASSED] - Statement - Try: null

2018-06-09 16:48:02 - [TEST_STEP][PASSED] - Statement - StockQty = com.kms.katalon.core.webui.keyword.WebUiBuiltInKeywords.getAttribute(com.kms.katalon.core.testobject.ObjectRepository.findTestObject(DispensaryToStore/Page_Store/input_txtprice), "value"): Attribute 'value' of object 'Object Repository/DispensaryToStore/Page_Store/input_txtprice' is: '1700'

2018-06-09 16:48:02 - [MESSAGE][PASSED] - Attribute 'value' of object 'Object Repository/DispensaryToStore/Page_Store/input_txtprice' is: '1700'

2018-06-09 16:48:02 - [TEST_STEP][PASSED] - Statement - out.println("Stock QTY : " + StockQty): null

2018-06-09 16:48:02 - [TEST_STEP][PASSED] - delay: Delayed 2 second(s)

2018-06-09 16:48:04 - [MESSAGE][PASSED] - Delayed 2 second(s)

2018-06-09 16:48:04 - [TEST_STEP][PASSED] - Statement - If (java.lang.String.valueOf(StockQty) >= java.lang.String.valueOf(RequestedQty)): null

2018-06-09 16:48:04 - [TEST_STEP][PASSED] - setText: Text '10' is set on object 'Object Repository/DispensaryToStore/Page_Store/input_txtqty'

2018-06-09 16:48:04 - [MESSAGE][PASSED] - Text '10' is set on object 'Object Repository/DispensaryToStore/Page_Store/input_txtqty'

2018-06-09 16:48:04 - [TEST_STEP][PASSED] - click: Object: 'Object Repository/DispensaryToStore/Page_Store/button_Add' is clicked on

2018-06-09 16:48:04 - [MESSAGE][PASSED] - Object: 'Object Repository/DispensaryToStore/Page_Store/button_Add' is clicked on

2018-06-09 16:48:04 - [TEST_STEP][PASSED] - Statement - Break: null

2018-06-09 16:48:04 - [TEST_STEP][PASSED] - selectOptionByIndex: All options with index in [58] are selected on object 'Object Repository/DispensaryToStore/Page_Store/select_--Select--Adernaline 0.'

2018-06-09 16:48:05 - [MESSAGE][PASSED] - All options with index in [58] are selected on object 'Object Repository/DispensaryToStore/Page_Store/select_--Select--Adernaline 0.'

2018-06-09 16:48:05 - [TEST_STEP][PASSED] - delay: Delayed 2 second(s)

2018-06-09 16:48:07 - [MESSAGE][PASSED] - Delayed 2 second(s)

2018-06-09 16:48:07 - [TEST_STEP][PASSED] - Statement - RequestedQty = com.kms.katalon.core.webui.keyword.WebUiBuiltInKeywords.getAttribute(com.kms.katalon.core.testobject.ObjectRepository.findTestObject(DispensaryToStore/Page_Store/input_txttotal), "value"): Attribute 'value' of object 'Object Repository/DispensaryToStore/Page_Store/input_txttotal' is: '10'

2018-06-09 16:48:07 - [MESSAGE][PASSED] - Attribute 'value' of object 'Object Repository/DispensaryToStore/Page_Store/input_txttotal' is: '10'

2018-06-09 16:48:07 - [TEST_STEP][PASSED] - Statement - out.println("Requested QTY : " + RequestedQty): null

2018-06-09 16:48:07 - [TEST_STEP][PASSED] - Statement - BatchNumber = com.kms.katalon.core.webui.keyword.WebUiBuiltInKeywords.getNumberOfTotalOption(com.kms.katalon.core.testobject.ObjectRepository.findTestObject(DispensaryToStore/Page_Store/select_--Select--BA1170BA2376B)): 3 options of object 'Object Repository/DispensaryToStore/Page_Store/select_--Select--BA1170BA2376B' counted

2018-06-09 16:48:07 - [MESSAGE][PASSED] - 3 options of object 'Object Repository/DispensaryToStore/Page_Store/select_--Select--BA1170BA2376B' counted

2018-06-09 16:48:07 - [TEST_STEP][PASSED] - Statement - For ([g = 1, g <= BatchNumber - 1, (g++)]): null

2018-06-09 16:48:07 - [TEST_STEP][PASSED] - selectOptionByIndex: All options with index in [1] are selected on object 'Object Repository/DispensaryToStore/Page_Store/select_--Select--BA1170BA2376B'

2018-06-09 16:48:07 - [MESSAGE][PASSED] - All options with index in [1] are selected on object 'Object Repository/DispensaryToStore/Page_Store/select_--Select--BA1170BA2376B'

2018-06-09 16:48:07 - [TEST_STEP][PASSED] - Statement - Try: null

2018-06-09 16:48:07 - [TEST_STEP][PASSED] - Statement - StockQty = com.kms.katalon.core.webui.keyword.WebUiBuiltInKeywords.getAttribute(com.kms.katalon.core.testobject.ObjectRepository.findTestObject(DispensaryToStore/Page_Store/input_txtprice), "value"): Attribute 'value' of object 'Object Repository/DispensaryToStore/Page_Store/input_txtprice' is: '1700'

2018-06-09 16:48:07 - [MESSAGE][PASSED] - Attribute 'value' of object 'Object Repository/DispensaryToStore/Page_Store/input_txtprice' is: '1700'

2018-06-09 16:48:07 - [TEST_STEP][PASSED] - Statement - out.println("Stock QTY : " + StockQty): null

2018-06-09 16:48:07 - [TEST_STEP][PASSED] - delay: Delayed 2 second(s)

2018-06-09 16:48:09 - [MESSAGE][PASSED] - Delayed 2 second(s)

2018-06-09 16:48:09 - [TEST_STEP][PASSED] - Statement - If (java.lang.String.valueOf(StockQty) >= java.lang.String.valueOf(RequestedQty)): null

2018-06-09 16:48:09 - [TEST_STEP][PASSED] - setText: Text '10' is set on object 'Object Repository/DispensaryToStore/Page_Store/input_txtqty'

2018-06-09 16:48:09 - [MESSAGE][PASSED] - Text '10' is set on object 'Object Repository/DispensaryToStore/Page_Store/input_txtqty'

2018-06-09 16:48:09 - [TEST_STEP][PASSED] - click: Object: 'Object Repository/DispensaryToStore/Page_Store/button_Add' is clicked on

2018-06-09 16:48:09 - [MESSAGE][PASSED] - Object: 'Object Repository/DispensaryToStore/Page_Store/button_Add' is clicked on

2018-06-09 16:48:09 - [TEST_STEP][PASSED] - Statement - Break: null

2018-06-09 16:48:09 - [TEST_STEP][PASSED] - selectOptionByIndex: All options with index in [59] are selected on object 'Object Repository/DispensaryToStore/Page_Store/select_--Select--Adernaline 0.'

2018-06-09 16:48:10 - [MESSAGE][PASSED] - All options with index in [59] are selected on object 'Object Repository/DispensaryToStore/Page_Store/select_--Select--Adernaline 0.'

2018-06-09 16:48:10 - [TEST_STEP][PASSED] - delay: Delayed 2 second(s)

2018-06-09 16:48:12 - [MESSAGE][PASSED] - Delayed 2 second(s)

2018-06-09 16:48:12 - [TEST_STEP][PASSED] - Statement - RequestedQty = com.kms.katalon.core.webui.keyword.WebUiBuiltInKeywords.getAttribute(com.kms.katalon.core.testobject.ObjectRepository.findTestObject(DispensaryToStore/Page_Store/input_txttotal), "value"): Attribute 'value' of object 'Object Repository/DispensaryToStore/Page_Store/input_txttotal' is: '10'

2018-06-09 16:48:12 - [MESSAGE][PASSED] - Attribute 'value' of object 'Object Repository/DispensaryToStore/Page_Store/input_txttotal' is: '10'

2018-06-09 16:48:12 - [TEST_STEP][PASSED] - Statement - out.println("Requested QTY : " + RequestedQty): null

2018-06-09 16:48:12 - [TEST_STEP][PASSED] - Statement - BatchNumber = com.kms.katalon.core.webui.keyword.WebUiBuiltInKeywords.getNumberOfTotalOption(com.kms.katalon.core.testobject.ObjectRepository.findTestObject(DispensaryToStore/Page_Store/select_--Select--BA1170BA2376B)): 3 options of object 'Object Repository/DispensaryToStore/Page_Store/select_--Select--BA1170BA2376B' counted

2018-06-09 16:48:12 - [MESSAGE][PASSED] - 3 options of object 'Object Repository/DispensaryToStore/Page_Store/select_--Select--BA1170BA2376B' counted

2018-06-09 16:48:12 - [TEST_STEP][PASSED] - Statement - For ([g = 1, g <= BatchNumber - 1, (g++)]): null

2018-06-09 16:48:12 - [TEST_STEP][PASSED] - selectOptionByIndex: All options with index in [1] are selected on object 'Object Repository/DispensaryToStore/Page_Store/select_--Select--BA1170BA2376B'

2018-06-09 16:48:12 - [MESSAGE][PASSED] - All options with index in [1] are selected on object 'Object Repository/DispensaryToStore/Page_Store/select_--Select--BA1170BA2376B'

2018-06-09 16:48:12 - [TEST_STEP][PASSED] - Statement - Try: null

2018-06-09 16:48:12 - [TEST_STEP][PASSED] - Statement - StockQty = com.kms.katalon.core.webui.keyword.WebUiBuiltInKeywords.getAttribute(com.kms.katalon.core.testobject.ObjectRepository.findTestObject(DispensaryToStore/Page_Store/input_txtprice), "value"): Attribute 'value' of object 'Object Repository/DispensaryToStore/Page_Store/input_txtprice' is: '1700'

2018-06-09 16:48:12 - [MESSAGE][PASSED] - Attribute 'value' of object 'Object Repository/DispensaryToStore/Page_Store/input_txtprice' is: '1700'

2018-06-09 16:48:12 - [TEST_STEP][PASSED] - Statement - out.println("Stock QTY : " + StockQty): null

2018-06-09 16:48:12 - [TEST_STEP][PASSED] - delay: Delayed 2 second(s)

2018-06-09 16:48:14 - [MESSAGE][PASSED] - Delayed 2 second(s)

2018-06-09 16:48:14 - [TEST_STEP][PASSED] - Statement - If (java.lang.String.valueOf(StockQty) >= java.lang.String.valueOf(RequestedQty)): null

2018-06-09 16:48:14 - [TEST_STEP][PASSED] - setText: Text '10' is set on object 'Object Repository/DispensaryToStore/Page_Store/input_txtqty'

2018-06-09 16:48:14 - [MESSAGE][PASSED] - Text '10' is set on object 'Object Repository/DispensaryToStore/Page_Store/input_txtqty'

2018-06-09 16:48:14 - [TEST_STEP][PASSED] - click: Object: 'Object Repository/DispensaryToStore/Page_Store/button_Add' is clicked on

2018-06-09 16:48:14 - [MESSAGE][PASSED] - Object: 'Object Repository/DispensaryToStore/Page_Store/button_Add' is clicked on

2018-06-09 16:48:14 - [TEST_STEP][PASSED] - Statement - Break: null

2018-06-09 16:48:14 - [TEST_STEP][PASSED] - selectOptionByIndex: All options with index in [60] are selected on object 'Object Repository/DispensaryToStore/Page_Store/select_--Select--Adernaline 0.'

2018-06-09 16:48:15 - [MESSAGE][PASSED] - All options with index in [60] are selected on object 'Object Repository/DispensaryToStore/Page_Store/select_--Select--Adernaline 0.'

2018-06-09 16:48:15 - [TEST_STEP][PASSED] - delay: Delayed 2 second(s)

2018-06-09 16:48:17 - [MESSAGE][PASSED] - Delayed 2 second(s)

2018-06-09 16:48:17 - [TEST_STEP][PASSED] - Statement - RequestedQty = com.kms.katalon.core.webui.keyword.WebUiBuiltInKeywords.getAttribute(com.kms.katalon.core.testobject.ObjectRepository.findTestObject(DispensaryToStore/Page_Store/input_txttotal), "value"): Attribute 'value' of object 'Object Repository/DispensaryToStore/Page_Store/input_txttotal' is: '10'

2018-06-09 16:48:17 - [MESSAGE][PASSED] - Attribute 'value' of object 'Object Repository/DispensaryToStore/Page_Store/input_txttotal' is: '10'

2018-06-09 16:48:17 - [TEST_STEP][PASSED] - Statement - out.println("Requested QTY : " + RequestedQty): null

2018-06-09 16:48:17 - [TEST_STEP][PASSED] - Statement - BatchNumber = com.kms.katalon.core.webui.keyword.WebUiBuiltInKeywords.getNumberOfTotalOption(com.kms.katalon.core.testobject.ObjectRepository.findTestObject(DispensaryToStore/Page_Store/select_--Select--BA1170BA2376B)): 3 options of object 'Object Repository/DispensaryToStore/Page_Store/select_--Select--BA1170BA2376B' counted

2018-06-09 16:48:17 - [MESSAGE][PASSED] - 3 options of object 'Object Repository/DispensaryToStore/Page_Store/select_--Select--BA1170BA2376B' counted

2018-06-09 16:48:17 - [TEST_STEP][PASSED] - Statement - For ([g = 1, g <= BatchNumber - 1, (g++)]): null

2018-06-09 16:48:17 - [TEST_STEP][PASSED] - selectOptionByIndex: All options with index in [1] are selected on object 'Object Repository/DispensaryToStore/Page_Store/select_--Select--BA1170BA2376B'

2018-06-09 16:48:17 - [MESSAGE][PASSED] - All options with index in [1] are selected on object 'Object Repository/DispensaryToStore/Page_Store/select_--Select--BA1170BA2376B'

2018-06-09 16:48:17 - [TEST_STEP][PASSED] - Statement - Try: null

2018-06-09 16:48:17 - [TEST_STEP][PASSED] - Statement - StockQty = com.kms.katalon.core.webui.keyword.WebUiBuiltInKeywords.getAttribute(com.kms.katalon.core.testobject.ObjectRepository.findTestObject(DispensaryToStore/Page_Store/input_txtprice), "value"): Attribute 'value' of object 'Object Repository/DispensaryToStore/Page_Store/input_txtprice' is: '740'

2018-06-09 16:48:17 - [MESSAGE][PASSED] - Attribute 'value' of object 'Object Repository/DispensaryToStore/Page_Store/input_txtprice' is: '740'

2018-06-09 16:48:17 - [TEST_STEP][PASSED] - Statement - out.println("Stock QTY : " + StockQty): null

2018-06-09 16:48:17 - [TEST_STEP][PASSED] - delay: Delayed 2 second(s)

2018-06-09 16:48:19 - [MESSAGE][PASSED] - Delayed 2 second(s)

2018-06-09 16:48:19 - [TEST_STEP][PASSED] - Statement - If (java.lang.String.valueOf(StockQty) >= java.lang.String.valueOf(RequestedQty)): null

2018-06-09 16:48:19 - [TEST_STEP][PASSED] - setText: Text '10' is set on object 'Object Repository/DispensaryToStore/Page_Store/input_txtqty'

2018-06-09 16:48:19 - [MESSAGE][PASSED] - Text '10' is set on object 'Object Repository/DispensaryToStore/Page_Store/input_txtqty'

2018-06-09 16:48:19 - [TEST_STEP][PASSED] - click: Object: 'Object Repository/DispensaryToStore/Page_Store/button_Add' is clicked on

2018-06-09 16:48:20 - [MESSAGE][PASSED] - Object: 'Object Repository/DispensaryToStore/Page_Store/button_Add' is clicked on

2018-06-09 16:48:20 - [TEST_STEP][PASSED] - Statement - Break: null

2018-06-09 16:48:20 - [TEST_STEP][PASSED] - selectOptionByIndex: All options with index in [61] are selected on object 'Object Repository/DispensaryToStore/Page_Store/select_--Select--Adernaline 0.'

2018-06-09 16:48:20 - [MESSAGE][PASSED] - All options with index in [61] are selected on object 'Object Repository/DispensaryToStore/Page_Store/select_--Select--Adernaline 0.'

2018-06-09 16:48:20 - [TEST_STEP][PASSED] - delay: Delayed 2 second(s)

2018-06-09 16:48:22 - [MESSAGE][PASSED] - Delayed 2 second(s)

2018-06-09 16:48:22 - [TEST_STEP][PASSED] - Statement - RequestedQty = com.kms.katalon.core.webui.keyword.WebUiBuiltInKeywords.getAttribute(com.kms.katalon.core.testobject.ObjectRepository.findTestObject(DispensaryToStore/Page_Store/input_txttotal), "value"): Attribute 'value' of object 'Object Repository/DispensaryToStore/Page_Store/input_txttotal' is: '10'

2018-06-09 16:48:22 - [MESSAGE][PASSED] - Attribute 'value' of object 'Object Repository/DispensaryToStore/Page_Store/input_txttotal' is: '10'

2018-06-09 16:48:22 - [TEST_STEP][PASSED] - Statement - out.println("Requested QTY : " + RequestedQty): null

2018-06-09 16:48:22 - [TEST_STEP][PASSED] - Statement - BatchNumber = com.kms.katalon.core.webui.keyword.WebUiBuiltInKeywords.getNumberOfTotalOption(com.kms.katalon.core.testobject.ObjectRepository.findTestObject(DispensaryToStore/Page_Store/select_--Select--BA1170BA2376B)): 3 options of object 'Object Repository/DispensaryToStore/Page_Store/select_--Select--BA1170BA2376B' counted

2018-06-09 16:48:22 - [MESSAGE][PASSED] - 3 options of object 'Object Repository/DispensaryToStore/Page_Store/select_--Select--BA1170BA2376B' counted

2018-06-09 16:48:22 - [TEST_STEP][PASSED] - Statement - For ([g = 1, g <= BatchNumber - 1, (g++)]): null

2018-06-09 16:48:22 - [TEST_STEP][PASSED] - selectOptionByIndex: All options with index in [1] are selected on object 'Object Repository/DispensaryToStore/Page_Store/select_--Select--BA1170BA2376B'

2018-06-09 16:48:23 - [MESSAGE][PASSED] - All options with index in [1] are selected on object 'Object Repository/DispensaryToStore/Page_Store/select_--Select--BA1170BA2376B'

2018-06-09 16:48:23 - [TEST_STEP][PASSED] - Statement - Try: null

2018-06-09 16:48:23 - [TEST_STEP][PASSED] - Statement - StockQty = com.kms.katalon.core.webui.keyword.WebUiBuiltInKeywords.getAttribute(com.kms.katalon.core.testobject.ObjectRepository.findTestObject(DispensaryToStore/Page_Store/input_txtprice), "value"): Attribute 'value' of object 'Object Repository/DispensaryToStore/Page_Store/input_txtprice' is: '1700'

2018-06-09 16:48:23 - [MESSAGE][PASSED] - Attribute 'value' of object 'Object Repository/DispensaryToStore/Page_Store/input_txtprice' is: '1700'

2018-06-09 16:48:23 - [TEST_STEP][PASSED] - Statement - out.println("Stock QTY : " + StockQty): null

2018-06-09 16:48:23 - [TEST_STEP][PASSED] - delay: Delayed 2 second(s)

2018-06-09 16:48:25 - [MESSAGE][PASSED] - Delayed 2 second(s)

2018-06-09 16:48:25 - [TEST_STEP][PASSED] - Statement - If (java.lang.String.valueOf(StockQty) >= java.lang.String.valueOf(RequestedQty)): null

2018-06-09 16:48:25 - [TEST_STEP][PASSED] - setText: Text '10' is set on object 'Object Repository/DispensaryToStore/Page_Store/input_txtqty'

2018-06-09 16:48:25 - [MESSAGE][PASSED] - Text '10' is set on object 'Object Repository/DispensaryToStore/Page_Store/input_txtqty'

2018-06-09 16:48:25 - [TEST_STEP][PASSED] - click: Object: 'Object Repository/DispensaryToStore/Page_Store/button_Add' is clicked on

2018-06-09 16:48:25 - [MESSAGE][PASSED] - Object: 'Object Repository/DispensaryToStore/Page_Store/button_Add' is clicked on

2018-06-09 16:48:25 - [TEST_STEP][PASSED] - Statement - Break: null

2018-06-09 16:48:25 - [TEST_STEP][PASSED] - selectOptionByIndex: All options with index in [62] are selected on object 'Object Repository/DispensaryToStore/Page_Store/select_--Select--Adernaline 0.'

2018-06-09 16:48:25 - [MESSAGE][PASSED] - All options with index in [62] are selected on object 'Object Repository/DispensaryToStore/Page_Store/select_--Select--Adernaline 0.'

2018-06-09 16:48:25 - [TEST_STEP][PASSED] - delay: Delayed 2 second(s)

2018-06-09 16:48:27 - [MESSAGE][PASSED] - Delayed 2 second(s)

2018-06-09 16:48:27 - [TEST_STEP][PASSED] - Statement - RequestedQty = com.kms.katalon.core.webui.keyword.WebUiBuiltInKeywords.getAttribute(com.kms.katalon.core.testobject.ObjectRepository.findTestObject(DispensaryToStore/Page_Store/input_txttotal), "value"): Attribute 'value' of object 'Object Repository/DispensaryToStore/Page_Store/input_txttotal' is: '10'

2018-06-09 16:48:28 - [MESSAGE][PASSED] - Attribute 'value' of object 'Object Repository/DispensaryToStore/Page_Store/input_txttotal' is: '10'

2018-06-09 16:48:28 - [TEST_STEP][PASSED] - Statement - out.println("Requested QTY : " + RequestedQty): null

2018-06-09 16:48:28 - [TEST_STEP][PASSED] - Statement - BatchNumber = com.kms.katalon.core.webui.keyword.WebUiBuiltInKeywords.getNumberOfTotalOption(com.kms.katalon.core.testobject.ObjectRepository.findTestObject(DispensaryToStore/Page_Store/select_--Select--BA1170BA2376B)): 4 options of object 'Object Repository/DispensaryToStore/Page_Store/select_--Select--BA1170BA2376B' counted

2018-06-09 16:48:28 - [MESSAGE][PASSED] - 4 options of object 'Object Repository/DispensaryToStore/Page_Store/select_--Select--BA1170BA2376B' counted

2018-06-09 16:48:28 - [TEST_STEP][PASSED] - Statement - For ([g = 1, g <= BatchNumber - 1, (g++)]): null

2018-06-09 16:48:28 - [TEST_STEP][PASSED] - selectOptionByIndex: All options with index in [1] are selected on object 'Object Repository/DispensaryToStore/Page_Store/select_--Select--BA1170BA2376B'

2018-06-09 16:48:28 - [MESSAGE][PASSED] - All options with index in [1] are selected on object 'Object Repository/DispensaryToStore/Page_Store/select_--Select--BA1170BA2376B'

2018-06-09 16:48:28 - [TEST_STEP][PASSED] - Statement - Try: null

2018-06-09 16:48:28 - [TEST_STEP][PASSED] - Statement - StockQty = com.kms.katalon.core.webui.keyword.WebUiBuiltInKeywords.getAttribute(com.kms.katalon.core.testobject.ObjectRepository.findTestObject(DispensaryToStore/Page_Store/input_txtprice), "value"): Attribute 'value' of object 'Object Repository/DispensaryToStore/Page_Store/input_txtprice' is: '740'

2018-06-09 16:48:28 - [MESSAGE][PASSED] - Attribute 'value' of object 'Object Repository/DispensaryToStore/Page_Store/input_txtprice' is: '740'

2018-06-09 16:48:28 - [TEST_STEP][PASSED] - Statement - out.println("Stock QTY : " + StockQty): null

2018-06-09 16:48:28 - [TEST_STEP][PASSED] - delay: Delayed 2 second(s)

2018-06-09 16:48:30 - [MESSAGE][PASSED] - Delayed 2 second(s)

2018-06-09 16:48:30 - [TEST_STEP][PASSED] - Statement - If (java.lang.String.valueOf(StockQty) >= java.lang.String.valueOf(RequestedQty)): null

2018-06-09 16:48:30 - [TEST_STEP][PASSED] - setText: Text '10' is set on object 'Object Repository/DispensaryToStore/Page_Store/input_txtqty'

2018-06-09 16:48:30 - [MESSAGE][PASSED] - Text '10' is set on object 'Object Repository/DispensaryToStore/Page_Store/input_txtqty'

2018-06-09 16:48:30 - [TEST_STEP][PASSED] - click: Object: 'Object Repository/DispensaryToStore/Page_Store/button_Add' is clicked on

2018-06-09 16:48:30 - [MESSAGE][PASSED] - Object: 'Object Repository/DispensaryToStore/Page_Store/button_Add' is clicked on

2018-06-09 16:48:30 - [TEST_STEP][PASSED] - Statement - Break: null

2018-06-09 16:48:30 - [TEST_STEP][PASSED] - selectOptionByIndex: All options with index in [63] are selected on object 'Object Repository/DispensaryToStore/Page_Store/select_--Select--Adernaline 0.'

2018-06-09 16:48:31 - [MESSAGE][PASSED] - All options with index in [63] are selected on object 'Object Repository/DispensaryToStore/Page_Store/select_--Select--Adernaline 0.'

2018-06-09 16:48:31 - [TEST_STEP][PASSED] - delay: Delayed 2 second(s)

2018-06-09 16:48:33 - [MESSAGE][PASSED] - Delayed 2 second(s)

2018-06-09 16:48:33 - [TEST_STEP][PASSED] - Statement - RequestedQty = com.kms.katalon.core.webui.keyword.WebUiBuiltInKeywords.getAttribute(com.kms.katalon.core.testobject.ObjectRepository.findTestObject(DispensaryToStore/Page_Store/input_txttotal), "value"): Attribute 'value' of object 'Object Repository/DispensaryToStore/Page_Store/input_txttotal' is: '10'

2018-06-09 16:48:33 - [MESSAGE][PASSED] - Attribute 'value' of object 'Object Repository/DispensaryToStore/Page_Store/input_txttotal' is: '10'

2018-06-09 16:48:33 - [TEST_STEP][PASSED] - Statement - out.println("Requested QTY : " + RequestedQty): null

2018-06-09 16:48:33 - [TEST_STEP][PASSED] - Statement - BatchNumber = com.kms.katalon.core.webui.keyword.WebUiBuiltInKeywords.getNumberOfTotalOption(com.kms.katalon.core.testobject.ObjectRepository.findTestObject(DispensaryToStore/Page_Store/select_--Select--BA1170BA2376B)): 4 options of object 'Object Repository/DispensaryToStore/Page_Store/select_--Select--BA1170BA2376B' counted

2018-06-09 16:48:33 - [MESSAGE][PASSED] - 4 options of object 'Object Repository/DispensaryToStore/Page_Store/select_--Select--BA1170BA2376B' counted

2018-06-09 16:48:33 - [TEST_STEP][PASSED] - Statement - For ([g = 1, g <= BatchNumber - 1, (g++)]): null

2018-06-09 16:48:33 - [TEST_STEP][PASSED] - selectOptionByIndex: All options with index in [1] are selected on object 'Object Repository/DispensaryToStore/Page_Store/select_--Select--BA1170BA2376B'

2018-06-09 16:48:33 - [MESSAGE][PASSED] - All options with index in [1] are selected on object 'Object Repository/DispensaryToStore/Page_Store/select_--Select--BA1170BA2376B'

2018-06-09 16:48:33 - [TEST_STEP][PASSED] - Statement - Try: null

2018-06-09 16:48:33 - [TEST_STEP][PASSED] - Statement - StockQty = com.kms.katalon.core.webui.keyword.WebUiBuiltInKeywords.getAttribute(com.kms.katalon.core.testobject.ObjectRepository.findTestObject(DispensaryToStore/Page_Store/input_txtprice), "value"): Attribute 'value' of object 'Object Repository/DispensaryToStore/Page_Store/input_txtprice' is: '170'

2018-06-09 16:48:33 - [MESSAGE][PASSED] - Attribute 'value' of object 'Object Repository/DispensaryToStore/Page_Store/input_txtprice' is: '170'

2018-06-09 16:48:33 - [TEST_STEP][PASSED] - Statement - out.println("Stock QTY : " + StockQty): null

2018-06-09 16:48:33 - [TEST_STEP][PASSED] - delay: Delayed 2 second(s)

2018-06-09 16:48:35 - [MESSAGE][PASSED] - Delayed 2 second(s)

2018-06-09 16:48:35 - [TEST_STEP][PASSED] - Statement - If (java.lang.String.valueOf(StockQty) >= java.lang.String.valueOf(RequestedQty)): null

2018-06-09 16:48:35 - [TEST_STEP][PASSED] - setText: Text '10' is set on object 'Object Repository/DispensaryToStore/Page_Store/input_txtqty'

2018-06-09 16:48:35 - [MESSAGE][PASSED] - Text '10' is set on object 'Object Repository/DispensaryToStore/Page_Store/input_txtqty'

2018-06-09 16:48:35 - [TEST_STEP][PASSED] - click: Object: 'Object Repository/DispensaryToStore/Page_Store/button_Add' is clicked on

2018-06-09 16:48:35 - [MESSAGE][PASSED] - Object: 'Object Repository/DispensaryToStore/Page_Store/button_Add' is clicked on

2018-06-09 16:48:35 - [TEST_STEP][PASSED] - Statement - Break: null

2018-06-09 16:48:35 - [TEST_STEP][PASSED] - selectOptionByIndex: All options with index in [64] are selected on object 'Object Repository/DispensaryToStore/Page_Store/select_--Select--Adernaline 0.'

2018-06-09 16:48:36 - [MESSAGE][PASSED] - All options with index in [64] are selected on object 'Object Repository/DispensaryToStore/Page_Store/select_--Select--Adernaline 0.'

2018-06-09 16:48:36 - [TEST_STEP][PASSED] - delay: Delayed 2 second(s)

2018-06-09 16:48:38 - [MESSAGE][PASSED] - Delayed 2 second(s)

2018-06-09 16:48:38 - [TEST_STEP][PASSED] - Statement - RequestedQty = com.kms.katalon.core.webui.keyword.WebUiBuiltInKeywords.getAttribute(com.kms.katalon.core.testobject.ObjectRepository.findTestObject(DispensaryToStore/Page_Store/input_txttotal), "value"): Attribute 'value' of object 'Object Repository/DispensaryToStore/Page_Store/input_txttotal' is: '10'

2018-06-09 16:48:38 - [MESSAGE][PASSED] - Attribute 'value' of object 'Object Repository/DispensaryToStore/Page_Store/input_txttotal' is: '10'

2018-06-09 16:48:38 - [TEST_STEP][PASSED] - Statement - out.println("Requested QTY : " + RequestedQty): null

2018-06-09 16:48:38 - [TEST_STEP][PASSED] - Statement - BatchNumber = com.kms.katalon.core.webui.keyword.WebUiBuiltInKeywords.getNumberOfTotalOption(com.kms.katalon.core.testobject.ObjectRepository.findTestObject(DispensaryToStore/Page_Store/select_--Select--BA1170BA2376B)): 4 options of object 'Object Repository/DispensaryToStore/Page_Store/select_--Select--BA1170BA2376B' counted

2018-06-09 16:48:38 - [MESSAGE][PASSED] - 4 options of object 'Object Repository/DispensaryToStore/Page_Store/select_--Select--BA1170BA2376B' counted

2018-06-09 16:48:38 - [TEST_STEP][PASSED] - Statement - For ([g = 1, g <= BatchNumber - 1, (g++)]): null

2018-06-09 16:48:38 - [TEST_STEP][PASSED] - selectOptionByIndex: All options with index in [1] are selected on object 'Object Repository/DispensaryToStore/Page_Store/select_--Select--BA1170BA2376B'

2018-06-09 16:48:38 - [MESSAGE][PASSED] - All options with index in [1] are selected on object 'Object Repository/DispensaryToStore/Page_Store/select_--Select--BA1170BA2376B'

2018-06-09 16:48:38 - [TEST_STEP][PASSED] - Statement - Try: null

2018-06-09 16:48:38 - [TEST_STEP][PASSED] - Statement - StockQty = com.kms.katalon.core.webui.keyword.WebUiBuiltInKeywords.getAttribute(com.kms.katalon.core.testobject.ObjectRepository.findTestObject(DispensaryToStore/Page_Store/input_txtprice), "value"): Attribute 'value' of object 'Object Repository/DispensaryToStore/Page_Store/input_txtprice' is: '370'

2018-06-09 16:48:38 - [MESSAGE][PASSED] - Attribute 'value' of object 'Object Repository/DispensaryToStore/Page_Store/input_txtprice' is: '370'

2018-06-09 16:48:38 - [TEST_STEP][PASSED] - Statement - out.println("Stock QTY : " + StockQty): null

2018-06-09 16:48:38 - [TEST_STEP][PASSED] - delay: Delayed 2 second(s)

2018-06-09 16:48:40 - [MESSAGE][PASSED] - Delayed 2 second(s)

2018-06-09 16:48:40 - [TEST_STEP][PASSED] - Statement - If (java.lang.String.valueOf(StockQty) >= java.lang.String.valueOf(RequestedQty)): null

2018-06-09 16:48:40 - [TEST_STEP][PASSED] - setText: Text '10' is set on object 'Object Repository/DispensaryToStore/Page_Store/input_txtqty'

2018-06-09 16:48:40 - [MESSAGE][PASSED] - Text '10' is set on object 'Object Repository/DispensaryToStore/Page_Store/input_txtqty'

2018-06-09 16:48:40 - [TEST_STEP][PASSED] - click: Object: 'Object Repository/DispensaryToStore/Page_Store/button_Add' is clicked on

2018-06-09 16:48:40 - [MESSAGE][PASSED] - Object: 'Object Repository/DispensaryToStore/Page_Store/button_Add' is clicked on

2018-06-09 16:48:40 - [TEST_STEP][PASSED] - Statement - Break: null

2018-06-09 16:48:40 - [TEST_STEP][PASSED] - selectOptionByIndex: All options with index in [65] are selected on object 'Object Repository/DispensaryToStore/Page_Store/select_--Select--Adernaline 0.'

2018-06-09 16:48:41 - [MESSAGE][PASSED] - All options with index in [65] are selected on object 'Object Repository/DispensaryToStore/Page_Store/select_--Select--Adernaline 0.'

2018-06-09 16:48:41 - [TEST_STEP][PASSED] - delay: Delayed 2 second(s)

2018-06-09 16:48:43 - [MESSAGE][PASSED] - Delayed 2 second(s)

2018-06-09 16:48:43 - [TEST_STEP][PASSED] - Statement - RequestedQty = com.kms.katalon.core.webui.keyword.WebUiBuiltInKeywords.getAttribute(com.kms.katalon.core.testobject.ObjectRepository.findTestObject(DispensaryToStore/Page_Store/input_txttotal), "value"): Attribute 'value' of object 'Object Repository/DispensaryToStore/Page_Store/input_txttotal' is: '10'

2018-06-09 16:48:43 - [MESSAGE][PASSED] - Attribute 'value' of object 'Object Repository/DispensaryToStore/Page_Store/input_txttotal' is: '10'

2018-06-09 16:48:43 - [TEST_STEP][PASSED] - Statement - out.println("Requested QTY : " + RequestedQty): null

2018-06-09 16:48:43 - [TEST_STEP][PASSED] - Statement - BatchNumber = com.kms.katalon.core.webui.keyword.WebUiBuiltInKeywords.getNumberOfTotalOption(com.kms.katalon.core.testobject.ObjectRepository.findTestObject(DispensaryToStore/Page_Store/select_--Select--BA1170BA2376B)): 5 options of object 'Object Repository/DispensaryToStore/Page_Store/select_--Select--BA1170BA2376B' counted

2018-06-09 16:48:43 - [MESSAGE][PASSED] - 5 options of object 'Object Repository/DispensaryToStore/Page_Store/select_--Select--BA1170BA2376B' counted

2018-06-09 16:48:43 - [TEST_STEP][PASSED] - Statement - For ([g = 1, g <= BatchNumber - 1, (g++)]): null

2018-06-09 16:48:43 - [TEST_STEP][PASSED] - selectOptionByIndex: All options with index in [1] are selected on object 'Object Repository/DispensaryToStore/Page_Store/select_--Select--BA1170BA2376B'

2018-06-09 16:48:44 - [MESSAGE][PASSED] - All options with index in [1] are selected on object 'Object Repository/DispensaryToStore/Page_Store/select_--Select--BA1170BA2376B'

2018-06-09 16:48:44 - [TEST_STEP][PASSED] - Statement - Try: null

2018-06-09 16:48:44 - [TEST_STEP][PASSED] - Statement - StockQty = com.kms.katalon.core.webui.keyword.WebUiBuiltInKeywords.getAttribute(com.kms.katalon.core.testobject.ObjectRepository.findTestObject(DispensaryToStore/Page_Store/input_txtprice), "value"): Attribute 'value' of object 'Object Repository/DispensaryToStore/Page_Store/input_txtprice' is: '440'

2018-06-09 16:48:44 - [MESSAGE][PASSED] - Attribute 'value' of object 'Object Repository/DispensaryToStore/Page_Store/input_txtprice' is: '440'

2018-06-09 16:48:44 - [TEST_STEP][PASSED] - Statement - out.println("Stock QTY : " + StockQty): null

2018-06-09 16:48:44 - [TEST_STEP][PASSED] - delay: Delayed 2 second(s)

2018-06-09 16:48:46 - [MESSAGE][PASSED] - Delayed 2 second(s)

2018-06-09 16:48:46 - [TEST_STEP][PASSED] - Statement - If (java.lang.String.valueOf(StockQty) >= java.lang.String.valueOf(RequestedQty)): null

2018-06-09 16:48:46 - [TEST_STEP][PASSED] - setText: Text '10' is set on object 'Object Repository/DispensaryToStore/Page_Store/input_txtqty'

2018-06-09 16:48:46 - [MESSAGE][PASSED] - Text '10' is set on object 'Object Repository/DispensaryToStore/Page_Store/input_txtqty'

2018-06-09 16:48:46 - [TEST_STEP][PASSED] - click: Object: 'Object Repository/DispensaryToStore/Page_Store/button_Add' is clicked on

2018-06-09 16:48:46 - [MESSAGE][PASSED] - Object: 'Object Repository/DispensaryToStore/Page_Store/button_Add' is clicked on

2018-06-09 16:48:46 - [TEST_STEP][PASSED] - Statement - Break: null

2018-06-09 16:48:46 - [TEST_STEP][PASSED] - selectOptionByIndex: All options with index in [66] are selected on object 'Object Repository/DispensaryToStore/Page_Store/select_--Select--Adernaline 0.'

2018-06-09 16:48:47 - [MESSAGE][PASSED] - All options with index in [66] are selected on object 'Object Repository/DispensaryToStore/Page_Store/select_--Select--Adernaline 0.'

2018-06-09 16:48:47 - [TEST_STEP][PASSED] - delay: Delayed 2 second(s)

2018-06-09 16:48:49 - [MESSAGE][PASSED] - Delayed 2 second(s)

2018-06-09 16:48:49 - [TEST_STEP][PASSED] - Statement - RequestedQty = com.kms.katalon.core.webui.keyword.WebUiBuiltInKeywords.getAttribute(com.kms.katalon.core.testobject.ObjectRepository.findTestObject(DispensaryToStore/Page_Store/input_txttotal), "value"): Attribute 'value' of object 'Object Repository/DispensaryToStore/Page_Store/input_txttotal' is: '10'

2018-06-09 16:48:49 - [MESSAGE][PASSED] - Attribute 'value' of object 'Object Repository/DispensaryToStore/Page_Store/input_txttotal' is: '10'

2018-06-09 16:48:49 - [TEST_STEP][PASSED] - Statement - out.println("Requested QTY : " + RequestedQty): null

2018-06-09 16:48:49 - [TEST_STEP][PASSED] - Statement - BatchNumber = com.kms.katalon.core.webui.keyword.WebUiBuiltInKeywords.getNumberOfTotalOption(com.kms.katalon.core.testobject.ObjectRepository.findTestObject(DispensaryToStore/Page_Store/select_--Select--BA1170BA2376B)): 2 options of object 'Object Repository/DispensaryToStore/Page_Store/select_--Select--BA1170BA2376B' counted

2018-06-09 16:48:49 - [MESSAGE][PASSED] - 2 options of object 'Object Repository/DispensaryToStore/Page_Store/select_--Select--BA1170BA2376B' counted

2018-06-09 16:48:49 - [TEST_STEP][PASSED] - Statement - For ([g = 1, g <= BatchNumber - 1, (g++)]): null

2018-06-09 16:48:49 - [TEST_STEP][PASSED] - selectOptionByIndex: All options with index in [1] are selected on object 'Object Repository/DispensaryToStore/Page_Store/select_--Select--BA1170BA2376B'

2018-06-09 16:48:49 - [MESSAGE][PASSED] - All options with index in [1] are selected on object 'Object Repository/DispensaryToStore/Page_Store/select_--Select--BA1170BA2376B'

2018-06-09 16:48:49 - [TEST_STEP][PASSED] - Statement - Try: null

2018-06-09 16:48:49 - [TEST_STEP][PASSED] - Statement - StockQty = com.kms.katalon.core.webui.keyword.WebUiBuiltInKeywords.getAttribute(com.kms.katalon.core.testobject.ObjectRepository.findTestObject(DispensaryToStore/Page_Store/input_txtprice), "value"): Attribute 'value' of object 'Object Repository/DispensaryToStore/Page_Store/input_txtprice' is: '1910'

2018-06-09 16:48:49 - [MESSAGE][PASSED] - Attribute 'value' of object 'Object Repository/DispensaryToStore/Page_Store/input_txtprice' is: '1910'

2018-06-09 16:48:49 - [TEST_STEP][PASSED] - Statement - out.println("Stock QTY : " + StockQty): null

2018-06-09 16:48:49 - [TEST_STEP][PASSED] - delay: Delayed 2 second(s)

2018-06-09 16:48:51 - [MESSAGE][PASSED] - Delayed 2 second(s)

2018-06-09 16:48:51 - [TEST_STEP][PASSED] - Statement - If (java.lang.String.valueOf(StockQty) >= java.lang.String.valueOf(RequestedQty)): null

2018-06-09 16:48:51 - [TEST_STEP][PASSED] - setText: Text '10' is set on object 'Object Repository/DispensaryToStore/Page_Store/input_txtqty'

2018-06-09 16:48:51 - [MESSAGE][PASSED] - Text '10' is set on object 'Object Repository/DispensaryToStore/Page_Store/input_txtqty'

2018-06-09 16:48:51 - [TEST_STEP][PASSED] - click: Object: 'Object Repository/DispensaryToStore/Page_Store/button_Add' is clicked on

2018-06-09 16:48:51 - [MESSAGE][PASSED] - Object: 'Object Repository/DispensaryToStore/Page_Store/button_Add' is clicked on

2018-06-09 16:48:51 - [TEST_STEP][PASSED] - Statement - Break: null

2018-06-09 16:48:51 - [TEST_STEP][PASSED] - selectOptionByIndex: All options with index in [67] are selected on object 'Object Repository/DispensaryToStore/Page_Store/select_--Select--Adernaline 0.'

2018-06-09 16:48:52 - [MESSAGE][PASSED] - All options with index in [67] are selected on object 'Object Repository/DispensaryToStore/Page_Store/select_--Select--Adernaline 0.'

2018-06-09 16:48:52 - [TEST_STEP][PASSED] - delay: Delayed 2 second(s)

2018-06-09 16:48:54 - [MESSAGE][PASSED] - Delayed 2 second(s)

2018-06-09 16:48:54 - [TEST_STEP][PASSED] - Statement - RequestedQty = com.kms.katalon.core.webui.keyword.WebUiBuiltInKeywords.getAttribute(com.kms.katalon.core.testobject.ObjectRepository.findTestObject(DispensaryToStore/Page_Store/input_txttotal), "value"): Attribute 'value' of object 'Object Repository/DispensaryToStore/Page_Store/input_txttotal' is: '10'

2018-06-09 16:48:54 - [MESSAGE][PASSED] - Attribute 'value' of object 'Object Repository/DispensaryToStore/Page_Store/input_txttotal' is: '10'

2018-06-09 16:48:54 - [TEST_STEP][PASSED] - Statement - out.println("Requested QTY : " + RequestedQty): null

2018-06-09 16:48:54 - [TEST_STEP][PASSED] - Statement - BatchNumber = com.kms.katalon.core.webui.keyword.WebUiBuiltInKeywords.getNumberOfTotalOption(com.kms.katalon.core.testobject.ObjectRepository.findTestObject(DispensaryToStore/Page_Store/select_--Select--BA1170BA2376B)): 3 options of object 'Object Repository/DispensaryToStore/Page_Store/select_--Select--BA1170BA2376B' counted

2018-06-09 16:48:54 - [MESSAGE][PASSED] - 3 options of object 'Object Repository/DispensaryToStore/Page_Store/select_--Select--BA1170BA2376B' counted

2018-06-09 16:48:54 - [TEST_STEP][PASSED] - Statement - For ([g = 1, g <= BatchNumber - 1, (g++)]): null

2018-06-09 16:48:54 - [TEST_STEP][PASSED] - selectOptionByIndex: All options with index in [1] are selected on object 'Object Repository/DispensaryToStore/Page_Store/select_--Select--BA1170BA2376B'

2018-06-09 16:48:54 - [MESSAGE][PASSED] - All options with index in [1] are selected on object 'Object Repository/DispensaryToStore/Page_Store/select_--Select--BA1170BA2376B'

2018-06-09 16:48:54 - [TEST_STEP][PASSED] - Statement - Try: null

2018-06-09 16:48:54 - [TEST_STEP][PASSED] - Statement - StockQty = com.kms.katalon.core.webui.keyword.WebUiBuiltInKeywords.getAttribute(com.kms.katalon.core.testobject.ObjectRepository.findTestObject(DispensaryToStore/Page_Store/input_txtprice), "value"): Attribute 'value' of object 'Object Repository/DispensaryToStore/Page_Store/input_txtprice' is: '740'

2018-06-09 16:48:54 - [MESSAGE][PASSED] - Attribute 'value' of object 'Object Repository/DispensaryToStore/Page_Store/input_txtprice' is: '740'

2018-06-09 16:48:54 - [TEST_STEP][PASSED] - Statement - out.println("Stock QTY : " + StockQty): null

2018-06-09 16:48:54 - [TEST_STEP][PASSED] - delay: Delayed 2 second(s)

2018-06-09 16:48:56 - [MESSAGE][PASSED] - Delayed 2 second(s)

2018-06-09 16:48:56 - [TEST_STEP][PASSED] - Statement - If (java.lang.String.valueOf(StockQty) >= java.lang.String.valueOf(RequestedQty)): null

2018-06-09 16:48:56 - [TEST_STEP][PASSED] - setText: Text '10' is set on object 'Object Repository/DispensaryToStore/Page_Store/input_txtqty'

2018-06-09 16:48:56 - [MESSAGE][PASSED] - Text '10' is set on object 'Object Repository/DispensaryToStore/Page_Store/input_txtqty'

2018-06-09 16:48:56 - [TEST_STEP][PASSED] - click: Object: 'Object Repository/DispensaryToStore/Page_Store/button_Add' is clicked on

2018-06-09 16:48:56 - [MESSAGE][PASSED] - Object: 'Object Repository/DispensaryToStore/Page_Store/button_Add' is clicked on

2018-06-09 16:48:56 - [TEST_STEP][PASSED] - Statement - Break: null

2018-06-09 16:48:56 - [TEST_STEP][PASSED] - selectOptionByIndex: All options with index in [68] are selected on object 'Object Repository/DispensaryToStore/Page_Store/select_--Select--Adernaline 0.'

2018-06-09 16:48:57 - [MESSAGE][PASSED] - All options with index in [68] are selected on object 'Object Repository/DispensaryToStore/Page_Store/select_--Select--Adernaline 0.'

2018-06-09 16:48:57 - [TEST_STEP][PASSED] - delay: Delayed 2 second(s)

2018-06-09 16:48:59 - [MESSAGE][PASSED] - Delayed 2 second(s)

2018-06-09 16:48:59 - [TEST_STEP][PASSED] - Statement - RequestedQty = com.kms.katalon.core.webui.keyword.WebUiBuiltInKeywords.getAttribute(com.kms.katalon.core.testobject.ObjectRepository.findTestObject(DispensaryToStore/Page_Store/input_txttotal), "value"): Attribute 'value' of object 'Object Repository/DispensaryToStore/Page_Store/input_txttotal' is: '10'

2018-06-09 16:48:59 - [MESSAGE][PASSED] - Attribute 'value' of object 'Object Repository/DispensaryToStore/Page_Store/input_txttotal' is: '10'

2018-06-09 16:48:59 - [TEST_STEP][PASSED] - Statement - out.println("Requested QTY : " + RequestedQty): null

2018-06-09 16:48:59 - [TEST_STEP][PASSED] - Statement - BatchNumber = com.kms.katalon.core.webui.keyword.WebUiBuiltInKeywords.getNumberOfTotalOption(com.kms.katalon.core.testobject.ObjectRepository.findTestObject(DispensaryToStore/Page_Store/select_--Select--BA1170BA2376B)): 6 options of object 'Object Repository/DispensaryToStore/Page_Store/select_--Select--BA1170BA2376B' counted

2018-06-09 16:48:59 - [MESSAGE][PASSED] - 6 options of object 'Object Repository/DispensaryToStore/Page_Store/select_--Select--BA1170BA2376B' counted

2018-06-09 16:48:59 - [TEST_STEP][PASSED] - Statement - For ([g = 1, g <= BatchNumber - 1, (g++)]): null

2018-06-09 16:48:59 - [TEST_STEP][PASSED] - selectOptionByIndex: All options with index in [1] are selected on object 'Object Repository/DispensaryToStore/Page_Store/select_--Select--BA1170BA2376B'

2018-06-09 16:48:59 - [MESSAGE][PASSED] - All options with index in [1] are selected on object 'Object Repository/DispensaryToStore/Page_Store/select_--Select--BA1170BA2376B'

2018-06-09 16:48:59 - [TEST_STEP][PASSED] - Statement - Try: null

2018-06-09 16:48:59 - [TEST_STEP][PASSED] - Statement - StockQty = com.kms.katalon.core.webui.keyword.WebUiBuiltInKeywords.getAttribute(com.kms.katalon.core.testobject.ObjectRepository.findTestObject(DispensaryToStore/Page_Store/input_txtprice), "value"): Attribute 'value' of object 'Object Repository/DispensaryToStore/Page_Store/input_txtprice' is: '370'

2018-06-09 16:48:59 - [MESSAGE][PASSED] - Attribute 'value' of object 'Object Repository/DispensaryToStore/Page_Store/input_txtprice' is: '370'

2018-06-09 16:48:59 - [TEST_STEP][PASSED] - Statement - out.println("Stock QTY : " + StockQty): null

2018-06-09 16:48:59 - [TEST_STEP][PASSED] - delay: Delayed 2 second(s)

2018-06-09 16:49:01 - [MESSAGE][PASSED] - Delayed 2 second(s)

2018-06-09 16:49:01 - [TEST_STEP][PASSED] - Statement - If (java.lang.String.valueOf(StockQty) >= java.lang.String.valueOf(RequestedQty)): null

2018-06-09 16:49:01 - [TEST_STEP][PASSED] - setText: Text '10' is set on object 'Object Repository/DispensaryToStore/Page_Store/input_txtqty'

2018-06-09 16:49:01 - [MESSAGE][PASSED] - Text '10' is set on object 'Object Repository/DispensaryToStore/Page_Store/input_txtqty'

2018-06-09 16:49:01 - [TEST_STEP][PASSED] - click: Object: 'Object Repository/DispensaryToStore/Page_Store/button_Add' is clicked on

2018-06-09 16:49:01 - [MESSAGE][PASSED] - Object: 'Object Repository/DispensaryToStore/Page_Store/button_Add' is clicked on

2018-06-09 16:49:01 - [TEST_STEP][PASSED] - Statement - Break: null

2018-06-09 16:49:01 - [TEST_STEP][PASSED] - selectOptionByIndex: All options with index in [69] are selected on object 'Object Repository/DispensaryToStore/Page_Store/select_--Select--Adernaline 0.'

2018-06-09 16:49:02 - [MESSAGE][PASSED] - All options with index in [69] are selected on object 'Object Repository/DispensaryToStore/Page_Store/select_--Select--Adernaline 0.'

2018-06-09 16:49:02 - [TEST_STEP][PASSED] - delay: Delayed 2 second(s)

2018-06-09 16:49:04 - [MESSAGE][PASSED] - Delayed 2 second(s)

2018-06-09 16:49:04 - [TEST_STEP][PASSED] - Statement - RequestedQty = com.kms.katalon.core.webui.keyword.WebUiBuiltInKeywords.getAttribute(com.kms.katalon.core.testobject.ObjectRepository.findTestObject(DispensaryToStore/Page_Store/input_txttotal), "value"): Attribute 'value' of object 'Object Repository/DispensaryToStore/Page_Store/input_txttotal' is: '10'

2018-06-09 16:49:04 - [MESSAGE][PASSED] - Attribute 'value' of object 'Object Repository/DispensaryToStore/Page_Store/input_txttotal' is: '10'

2018-06-09 16:49:04 - [TEST_STEP][PASSED] - Statement - out.println("Requested QTY : " + RequestedQty): null

2018-06-09 16:49:04 - [TEST_STEP][PASSED] - Statement - BatchNumber = com.kms.katalon.core.webui.keyword.WebUiBuiltInKeywords.getNumberOfTotalOption(com.kms.katalon.core.testobject.ObjectRepository.findTestObject(DispensaryToStore/Page_Store/select_--Select--BA1170BA2376B)): 4 options of object 'Object Repository/DispensaryToStore/Page_Store/select_--Select--BA1170BA2376B' counted

2018-06-09 16:49:04 - [MESSAGE][PASSED] - 4 options of object 'Object Repository/DispensaryToStore/Page_Store/select_--Select--BA1170BA2376B' counted

2018-06-09 16:49:04 - [TEST_STEP][PASSED] - Statement - For ([g = 1, g <= BatchNumber - 1, (g++)]): null

2018-06-09 16:49:04 - [TEST_STEP][PASSED] - selectOptionByIndex: All options with index in [1] are selected on object 'Object Repository/DispensaryToStore/Page_Store/select_--Select--BA1170BA2376B'

2018-06-09 16:49:04 - [MESSAGE][PASSED] - All options with index in [1] are selected on object 'Object Repository/DispensaryToStore/Page_Store/select_--Select--BA1170BA2376B'

2018-06-09 16:49:04 - [TEST_STEP][PASSED] - Statement - Try: null

2018-06-09 16:49:04 - [TEST_STEP][PASSED] - Statement - StockQty = com.kms.katalon.core.webui.keyword.WebUiBuiltInKeywords.getAttribute(com.kms.katalon.core.testobject.ObjectRepository.findTestObject(DispensaryToStore/Page_Store/input_txtprice), "value"): Attribute 'value' of object 'Object Repository/DispensaryToStore/Page_Store/input_txtprice' is: '740'

2018-06-09 16:49:04 - [MESSAGE][PASSED] - Attribute 'value' of object 'Object Repository/DispensaryToStore/Page_Store/input_txtprice' is: '740'

2018-06-09 16:49:04 - [TEST_STEP][PASSED] - Statement - out.println("Stock QTY : " + StockQty): null

2018-06-09 16:49:04 - [TEST_STEP][PASSED] - delay: Delayed 2 second(s)

2018-06-09 16:49:06 - [MESSAGE][PASSED] - Delayed 2 second(s)

2018-06-09 16:49:06 - [TEST_STEP][PASSED] - Statement - If (java.lang.String.valueOf(StockQty) >= java.lang.String.valueOf(RequestedQty)): null

2018-06-09 16:49:06 - [TEST_STEP][PASSED] - setText: Text '10' is set on object 'Object Repository/DispensaryToStore/Page_Store/input_txtqty'

2018-06-09 16:49:07 - [MESSAGE][PASSED] - Text '10' is set on object 'Object Repository/DispensaryToStore/Page_Store/input_txtqty'

2018-06-09 16:49:07 - [TEST_STEP][PASSED] - click: Object: 'Object Repository/DispensaryToStore/Page_Store/button_Add' is clicked on

2018-06-09 16:49:07 - [MESSAGE][PASSED] - Object: 'Object Repository/DispensaryToStore/Page_Store/button_Add' is clicked on

2018-06-09 16:49:07 - [TEST_STEP][PASSED] - Statement - Break: null

2018-06-09 16:49:07 - [TEST_STEP][PASSED] - selectOptionByIndex: All options with index in [70] are selected on object 'Object Repository/DispensaryToStore/Page_Store/select_--Select--Adernaline 0.'

2018-06-09 16:49:07 - [MESSAGE][PASSED] - All options with index in [70] are selected on object 'Object Repository/DispensaryToStore/Page_Store/select_--Select--Adernaline 0.'

2018-06-09 16:49:07 - [TEST_STEP][PASSED] - delay: Delayed 2 second(s)

2018-06-09 16:49:09 - [MESSAGE][PASSED] - Delayed 2 second(s)

2018-06-09 16:49:09 - [TEST_STEP][PASSED] - Statement - RequestedQty = com.kms.katalon.core.webui.keyword.WebUiBuiltInKeywords.getAttribute(com.kms.katalon.core.testobject.ObjectRepository.findTestObject(DispensaryToStore/Page_Store/input_txttotal), "value"): Attribute 'value' of object 'Object Repository/DispensaryToStore/Page_Store/input_txttotal' is: '10'

2018-06-09 16:49:09 - [MESSAGE][PASSED] - Attribute 'value' of object 'Object Repository/DispensaryToStore/Page_Store/input_txttotal' is: '10'

2018-06-09 16:49:09 - [TEST_STEP][PASSED] - Statement - out.println("Requested QTY : " + RequestedQty): null

2018-06-09 16:49:09 - [TEST_STEP][PASSED] - Statement - BatchNumber = com.kms.katalon.core.webui.keyword.WebUiBuiltInKeywords.getNumberOfTotalOption(com.kms.katalon.core.testobject.ObjectRepository.findTestObject(DispensaryToStore/Page_Store/select_--Select--BA1170BA2376B)): 4 options of object 'Object Repository/DispensaryToStore/Page_Store/select_--Select--BA1170BA2376B' counted

2018-06-09 16:49:10 - [MESSAGE][PASSED] - 4 options of object 'Object Repository/DispensaryToStore/Page_Store/select_--Select--BA1170BA2376B' counted

2018-06-09 16:49:10 - [TEST_STEP][PASSED] - Statement - For ([g = 1, g <= BatchNumber - 1, (g++)]): null

2018-06-09 16:49:10 - [TEST_STEP][PASSED] - selectOptionByIndex: All options with index in [1] are selected on object 'Object Repository/DispensaryToStore/Page_Store/select_--Select--BA1170BA2376B'

2018-06-09 16:49:10 - [MESSAGE][PASSED] - All options with index in [1] are selected on object 'Object Repository/DispensaryToStore/Page_Store/select_--Select--BA1170BA2376B'

2018-06-09 16:49:10 - [TEST_STEP][PASSED] - Statement - Try: null

2018-06-09 16:49:10 - [TEST_STEP][PASSED] - Statement - StockQty = com.kms.katalon.core.webui.keyword.WebUiBuiltInKeywords.getAttribute(com.kms.katalon.core.testobject.ObjectRepository.findTestObject(DispensaryToStore/Page_Store/input_txtprice), "value"): Attribute 'value' of object 'Object Repository/DispensaryToStore/Page_Store/input_txtprice' is: '170'

2018-06-09 16:49:10 - [MESSAGE][PASSED] - Attribute 'value' of object 'Object Repository/DispensaryToStore/Page_Store/input_txtprice' is: '170'

2018-06-09 16:49:10 - [TEST_STEP][PASSED] - Statement - out.println("Stock QTY : " + StockQty): null

2018-06-09 16:49:10 - [TEST_STEP][PASSED] - delay: Delayed 2 second(s)

2018-06-09 16:49:12 - [MESSAGE][PASSED] - Delayed 2 second(s)

2018-06-09 16:49:12 - [TEST_STEP][PASSED] - Statement - If (java.lang.String.valueOf(StockQty) >= java.lang.String.valueOf(RequestedQty)): null

2018-06-09 16:49:12 - [TEST_STEP][PASSED] - setText: Text '10' is set on object 'Object Repository/DispensaryToStore/Page_Store/input_txtqty'

2018-06-09 16:49:12 - [MESSAGE][PASSED] - Text '10' is set on object 'Object Repository/DispensaryToStore/Page_Store/input_txtqty'

2018-06-09 16:49:12 - [TEST_STEP][PASSED] - click: Object: 'Object Repository/DispensaryToStore/Page_Store/button_Add' is clicked on

2018-06-09 16:49:12 - [MESSAGE][PASSED] - Object: 'Object Repository/DispensaryToStore/Page_Store/button_Add' is clicked on

2018-06-09 16:49:12 - [TEST_STEP][PASSED] - Statement - Break: null

2018-06-09 16:49:12 - [TEST_STEP][PASSED] - selectOptionByIndex: All options with index in [71] are selected on object 'Object Repository/DispensaryToStore/Page_Store/select_--Select--Adernaline 0.'

2018-06-09 16:49:13 - [MESSAGE][PASSED] - All options with index in [71] are selected on object 'Object Repository/DispensaryToStore/Page_Store/select_--Select--Adernaline 0.'

2018-06-09 16:49:13 - [TEST_STEP][PASSED] - delay: Delayed 2 second(s)

2018-06-09 16:49:15 - [MESSAGE][PASSED] - Delayed 2 second(s)

2018-06-09 16:49:15 - [TEST_STEP][PASSED] - Statement - RequestedQty = com.kms.katalon.core.webui.keyword.WebUiBuiltInKeywords.getAttribute(com.kms.katalon.core.testobject.ObjectRepository.findTestObject(DispensaryToStore/Page_Store/input_txttotal), "value"): Attribute 'value' of object 'Object Repository/DispensaryToStore/Page_Store/input_txttotal' is: '10'

2018-06-09 16:49:15 - [MESSAGE][PASSED] - Attribute 'value' of object 'Object Repository/DispensaryToStore/Page_Store/input_txttotal' is: '10'

2018-06-09 16:49:15 - [TEST_STEP][PASSED] - Statement - out.println("Requested QTY : " + RequestedQty): null

2018-06-09 16:49:15 - [TEST_STEP][PASSED] - Statement - BatchNumber = com.kms.katalon.core.webui.keyword.WebUiBuiltInKeywords.getNumberOfTotalOption(com.kms.katalon.core.testobject.ObjectRepository.findTestObject(DispensaryToStore/Page_Store/select_--Select--BA1170BA2376B)): 3 options of object 'Object Repository/DispensaryToStore/Page_Store/select_--Select--BA1170BA2376B' counted

2018-06-09 16:49:15 - [MESSAGE][PASSED] - 3 options of object 'Object Repository/DispensaryToStore/Page_Store/select_--Select--BA1170BA2376B' counted

2018-06-09 16:49:15 - [TEST_STEP][PASSED] - Statement - For ([g = 1, g <= BatchNumber - 1, (g++)]): null

2018-06-09 16:49:15 - [TEST_STEP][PASSED] - selectOptionByIndex: All options with index in [1] are selected on object 'Object Repository/DispensaryToStore/Page_Store/select_--Select--BA1170BA2376B'

2018-06-09 16:49:15 - [MESSAGE][PASSED] - All options with index in [1] are selected on object 'Object Repository/DispensaryToStore/Page_Store/select_--Select--BA1170BA2376B'

2018-06-09 16:49:15 - [TEST_STEP][PASSED] - Statement - Try: null

2018-06-09 16:49:15 - [TEST_STEP][PASSED] - Statement - StockQty = com.kms.katalon.core.webui.keyword.WebUiBuiltInKeywords.getAttribute(com.kms.katalon.core.testobject.ObjectRepository.findTestObject(DispensaryToStore/Page_Store/input_txtprice), "value"): Attribute 'value' of object 'Object Repository/DispensaryToStore/Page_Store/input_txtprice' is: '1700'

2018-06-09 16:49:15 - [MESSAGE][PASSED] - Attribute 'value' of object 'Object Repository/DispensaryToStore/Page_Store/input_txtprice' is: '1700'

2018-06-09 16:49:15 - [TEST_STEP][PASSED] - Statement - out.println("Stock QTY : " + StockQty): null

2018-06-09 16:49:15 - [TEST_STEP][PASSED] - delay: Delayed 2 second(s)

2018-06-09 16:49:17 - [MESSAGE][PASSED] - Delayed 2 second(s)

2018-06-09 16:49:17 - [TEST_STEP][PASSED] - Statement - If (java.lang.String.valueOf(StockQty) >= java.lang.String.valueOf(RequestedQty)): null

2018-06-09 16:49:17 - [TEST_STEP][PASSED] - setText: Text '10' is set on object 'Object Repository/DispensaryToStore/Page_Store/input_txtqty'

2018-06-09 16:49:17 - [MESSAGE][PASSED] - Text '10' is set on object 'Object Repository/DispensaryToStore/Page_Store/input_txtqty'

2018-06-09 16:49:17 - [TEST_STEP][PASSED] - click: Object: 'Object Repository/DispensaryToStore/Page_Store/button_Add' is clicked on

2018-06-09 16:49:17 - [MESSAGE][PASSED] - Object: 'Object Repository/DispensaryToStore/Page_Store/button_Add' is clicked on

2018-06-09 16:49:17 - [TEST_STEP][PASSED] - Statement - Break: null

2018-06-09 16:49:17 - [TEST_STEP][PASSED] - selectOptionByIndex: All options with index in [72] are selected on object 'Object Repository/DispensaryToStore/Page_Store/select_--Select--Adernaline 0.'

2018-06-09 16:49:18 - [MESSAGE][PASSED] - All options with index in [72] are selected on object 'Object Repository/DispensaryToStore/Page_Store/select_--Select--Adernaline 0.'

2018-06-09 16:49:18 - [TEST_STEP][PASSED] - delay: Delayed 2 second(s)

2018-06-09 16:49:20 - [MESSAGE][PASSED] - Delayed 2 second(s)

2018-06-09 16:49:20 - [TEST_STEP][PASSED] - Statement - RequestedQty = com.kms.katalon.core.webui.keyword.WebUiBuiltInKeywords.getAttribute(com.kms.katalon.core.testobject.ObjectRepository.findTestObject(DispensaryToStore/Page_Store/input_txttotal), "value"): Attribute 'value' of object 'Object Repository/DispensaryToStore/Page_Store/input_txttotal' is: '10'

2018-06-09 16:49:20 - [MESSAGE][PASSED] - Attribute 'value' of object 'Object Repository/DispensaryToStore/Page_Store/input_txttotal' is: '10'

2018-06-09 16:49:20 - [TEST_STEP][PASSED] - Statement - out.println("Requested QTY : " + RequestedQty): null

2018-06-09 16:49:20 - [TEST_STEP][PASSED] - Statement - BatchNumber = com.kms.katalon.core.webui.keyword.WebUiBuiltInKeywords.getNumberOfTotalOption(com.kms.katalon.core.testobject.ObjectRepository.findTestObject(DispensaryToStore/Page_Store/select_--Select--BA1170BA2376B)): 4 options of object 'Object Repository/DispensaryToStore/Page_Store/select_--Select--BA1170BA2376B' counted

2018-06-09 16:49:20 - [MESSAGE][PASSED] - 4 options of object 'Object Repository/DispensaryToStore/Page_Store/select_--Select--BA1170BA2376B' counted

2018-06-09 16:49:20 - [TEST_STEP][PASSED] - Statement - For ([g = 1, g <= BatchNumber - 1, (g++)]): null

2018-06-09 16:49:20 - [TEST_STEP][PASSED] - selectOptionByIndex: All options with index in [1] are selected on object 'Object Repository/DispensaryToStore/Page_Store/select_--Select--BA1170BA2376B'

2018-06-09 16:49:20 - [MESSAGE][PASSED] - All options with index in [1] are selected on object 'Object Repository/DispensaryToStore/Page_Store/select_--Select--BA1170BA2376B'

2018-06-09 16:49:20 - [TEST_STEP][PASSED] - Statement - Try: null

2018-06-09 16:49:20 - [TEST_STEP][PASSED] - Statement - StockQty = com.kms.katalon.core.webui.keyword.WebUiBuiltInKeywords.getAttribute(com.kms.katalon.core.testobject.ObjectRepository.findTestObject(DispensaryToStore/Page_Store/input_txtprice), "value"): Attribute 'value' of object 'Object Repository/DispensaryToStore/Page_Store/input_txtprice' is: '740'

2018-06-09 16:49:20 - [MESSAGE][PASSED] - Attribute 'value' of object 'Object Repository/DispensaryToStore/Page_Store/input_txtprice' is: '740'

2018-06-09 16:49:20 - [TEST_STEP][PASSED] - Statement - out.println("Stock QTY : " + StockQty): null

2018-06-09 16:49:20 - [TEST_STEP][PASSED] - delay: Delayed 2 second(s)

2018-06-09 16:49:22 - [MESSAGE][PASSED] - Delayed 2 second(s)

2018-06-09 16:49:22 - [TEST_STEP][PASSED] - Statement - If (java.lang.String.valueOf(StockQty) >= java.lang.String.valueOf(RequestedQty)): null

2018-06-09 16:49:22 - [TEST_STEP][PASSED] - setText: Text '10' is set on object 'Object Repository/DispensaryToStore/Page_Store/input_txtqty'

2018-06-09 16:49:22 - [MESSAGE][PASSED] - Text '10' is set on object 'Object Repository/DispensaryToStore/Page_Store/input_txtqty'

2018-06-09 16:49:22 - [TEST_STEP][PASSED] - click: Object: 'Object Repository/DispensaryToStore/Page_Store/button_Add' is clicked on

2018-06-09 16:49:22 - [MESSAGE][PASSED] - Object: 'Object Repository/DispensaryToStore/Page_Store/button_Add' is clicked on

2018-06-09 16:49:22 - [TEST_STEP][PASSED] - Statement - Break: null

2018-06-09 16:49:22 - [TEST_STEP][PASSED] - scrollToElement: Scroll to object 'Object Repository/DispensaryToStore/Page_Store/input_btnSubmit' successfully

2018-06-09 16:49:22 - [MESSAGE][PASSED] - Scroll to object 'Object Repository/DispensaryToStore/Page_Store/input_btnSubmit' successfully

2018-06-09 16:49:22 - [TEST_STEP][PASSED] - click: Object: 'Object Repository/DispensaryToStore/Page_Store/input_btnSubmit' is clicked on

2018-06-09 16:49:23 - [MESSAGE][PASSED] - Object: 'Object Repository/DispensaryToStore/Page_Store/input_btnSubmit' is clicked on

2018-06-09 16:49:23 - [TEST_STEP][PASSED] - delay: Delayed 3 second(s)

2018-06-09 16:49:26 - [MESSAGE][PASSED] - Delayed 3 second(s)

2018-06-09 16:49:26 - [TEST_STEP][PASSED] - click: Object: 'Object Repository/DispensaryToStore/Page_Store/button_OK' is clicked on

2018-06-09 16:49:32 - [MESSAGE][PASSED] - Object: 'Object Repository/DispensaryToStore/Page_Store/button_OK' is clicked on

2018-06-09 16:49:32 - [TEST_STEP][PASSED] - delay: Delayed 3 second(s)

2018-06-09 16:49:35 - [MESSAGE][PASSED] - Delayed 3 second(s)

2018-06-09 16:49:35 - [TEST_STEP][PASSED] - waitForElementPresent: Object 'Object Repository/DispensaryToStore/Page_Dispensary Store/a_dropdown-toggle' is present

2018-06-09 16:49:35 - [MESSAGE][PASSED] - Object 'Object Repository/DispensaryToStore/Page_Dispensary Store/a_dropdown-toggle' is present

2018-06-09 16:49:35 - [TEST_STEP][PASSED] - click: Object: 'Object Repository/DispensaryToStore/Page_Store/a_dropdown-toggle' is clicked on

2018-06-09 16:49:35 - [MESSAGE][PASSED] - Object: 'Object Repository/DispensaryToStore/Page_Store/a_dropdown-toggle' is clicked on

2018-06-09 16:49:35 - [TEST_STEP][PASSED] - click: Object: 'Object Repository/DispensaryToStore/Page_Store/a_Sign out' is clicked on

2018-06-09 16:49:36 - [MESSAGE][PASSED] - Object: 'Object Repository/DispensaryToStore/Page_Store/a_Sign out' is clicked on

2018-06-09 16:49:36 - [TEST_STEP][PASSED] - closeBrowser: Browser is closed

2018-06-09 16:49:36 - [MESSAGE][PASSED] - Browser is closed]]></system-out>
         <system-err><![CDATA[]]></system-err>
      </testcase>
      <testcase name="Test Cases/DISPENSARY TEST CASES/TC_DP_003 Verify Schedule 3 Dispensary Request Are Working Successfully Or Not" classname="Test Cases/DISPENSARY TEST CASES/TC_DP_003 Verify Schedule 3 Dispensary Request Are Working Successfully Or Not" status="PASSED">
         <system-out><![CDATA[2018-06-09 16:49:36 - [TEST_CASE][PASSED] - Test Cases/DISPENSARY TEST CASES/TC_DP_003 Verify Schedule 3 Dispensary Request Are Working Successfully Or Not: Test Cases/DISPENSARY TEST CASES/TC_DP_003 Verify Schedule 3 Dispensary Request Are Working Successfully Or Not

2018-06-09 16:49:37 - [TEST_STEP][PASSED] - openBrowser: Browser is opened with url: ''

2018-06-09 16:49:39 - [MESSAGE][PASSED] - Browser is opened with url: ''

2018-06-09 16:49:39 - [TEST_STEP][PASSED] - navigateToUrl: Navigate to 'http://192.168.137.1/multihospital_new/HDSplashscreen.aspx' successfully

2018-06-09 16:49:40 - [MESSAGE][PASSED] - Navigate to 'http://192.168.137.1/multihospital_new/HDSplashscreen.aspx' successfully

2018-06-09 16:49:40 - [TEST_STEP][PASSED] - maximizeWindow: Current window maximized

2018-06-09 16:49:41 - [MESSAGE][PASSED] - Current window maximized

2018-06-09 16:49:41 - [TEST_STEP][PASSED] - click: Object: 'Object Repository/DispensaryToStore/Page_KDMC/a_Dispensary Store' is clicked on

2018-06-09 16:49:42 - [MESSAGE][PASSED] - Object: 'Object Repository/DispensaryToStore/Page_KDMC/a_Dispensary Store' is clicked on

2018-06-09 16:49:42 - [TEST_STEP][PASSED] - setText: Text 'rajaram' is set on object 'Object Repository/DispensaryToStore/Page_Dispensary Store Login/input_txtusername'

2018-06-09 16:49:43 - [MESSAGE][PASSED] - Text 'rajaram' is set on object 'Object Repository/DispensaryToStore/Page_Dispensary Store Login/input_txtusername'

2018-06-09 16:49:43 - [TEST_STEP][PASSED] - setText: Text '123' is set on object 'Object Repository/DispensaryToStore/Page_Dispensary Store Login/input_txtpassword'

2018-06-09 16:49:43 - [MESSAGE][PASSED] - Text '123' is set on object 'Object Repository/DispensaryToStore/Page_Dispensary Store Login/input_txtpassword'

2018-06-09 16:49:43 - [TEST_STEP][PASSED] - delay: Delayed 3 second(s)

2018-06-09 16:49:46 - [MESSAGE][PASSED] - Delayed 3 second(s)

2018-06-09 16:49:46 - [TEST_STEP][PASSED] - sendKeys: Keys 'ENTER + ' sent to object: 'Object Repository/DispensaryToStore/Page_Dispensary Store Login/input_txtpassword'

2018-06-09 16:49:47 - [MESSAGE][PASSED] - Keys 'ENTER + ' sent to object: 'Object Repository/DispensaryToStore/Page_Dispensary Store Login/input_txtpassword'

2018-06-09 16:49:47 - [TEST_STEP][PASSED] - delay: Delayed 3 second(s)

2018-06-09 16:49:50 - [MESSAGE][PASSED] - Delayed 3 second(s)

2018-06-09 16:49:50 - [TEST_STEP][PASSED] - click: Object: 'Object Repository/DispensaryToStore/Page_Dispensary Store/a_Request to Store' is clicked on

2018-06-09 16:49:50 - [MESSAGE][PASSED] - Object: 'Object Repository/DispensaryToStore/Page_Dispensary Store/a_Request to Store' is clicked on

2018-06-09 16:49:50 - [TEST_STEP][PASSED] - click: Object: 'Object Repository/DispensaryToStore/Page_Dispensary Store/a_Medicine Request' is clicked on

2018-06-09 16:49:50 - [MESSAGE][PASSED] - Object: 'Object Repository/DispensaryToStore/Page_Dispensary Store/a_Medicine Request' is clicked on

2018-06-09 16:49:50 - [TEST_STEP][PASSED] - selectOptionByIndex: All options with index in [3] are selected on object 'Object Repository/DispensaryToStore/Page_Dispensary Store/select_--Select--Schedule 1Inj'

2018-06-09 16:49:51 - [MESSAGE][PASSED] - All options with index in [3] are selected on object 'Object Repository/DispensaryToStore/Page_Dispensary Store/select_--Select--Schedule 1Inj'

2018-06-09 16:49:51 - [TEST_STEP][PASSED] - Statement - medicineslength = com.kms.katalon.core.webui.keyword.WebUiBuiltInKeywords.getNumberOfTotalOption(com.kms.katalon.core.testobject.ObjectRepository.findTestObject(DispensaryToStore/Page_Dispensary Store/select_--Select--Adernaline 0.)): 37 options of object 'Object Repository/DispensaryToStore/Page_Dispensary Store/select_--Select--Adernaline 0.' counted

2018-06-09 16:49:51 - [MESSAGE][PASSED] - 37 options of object 'Object Repository/DispensaryToStore/Page_Dispensary Store/select_--Select--Adernaline 0.' counted

2018-06-09 16:49:51 - [TEST_STEP][PASSED] - Statement - For ([e = 1, e <= medicineslength - 1, (e++)]): Object: 'Object Repository/DispensaryToStore/Page_Dispensary Store/button_Add' is clicked on

2018-06-09 16:49:51 - [TEST_STEP][PASSED] - selectOptionByIndex: All options with index in [3] are selected on object 'Object Repository/DispensaryToStore/Page_Dispensary Store/select_--Select--Schedule 1Inj'

2018-06-09 16:49:51 - [MESSAGE][PASSED] - All options with index in [3] are selected on object 'Object Repository/DispensaryToStore/Page_Dispensary Store/select_--Select--Schedule 1Inj'

2018-06-09 16:49:51 - [TEST_STEP][PASSED] - selectOptionByIndex: All options with index in [1] are selected on object 'Object Repository/DispensaryToStore/Page_Dispensary Store/select_--Select--Adernaline 0.'

2018-06-09 16:49:51 - [MESSAGE][PASSED] - All options with index in [1] are selected on object 'Object Repository/DispensaryToStore/Page_Dispensary Store/select_--Select--Adernaline 0.'

2018-06-09 16:49:51 - [TEST_STEP][PASSED] - setText: Text '10' is set on object 'Object Repository/DispensaryToStore/Page_Dispensary Store/input_txttreat'

2018-06-09 16:49:51 - [MESSAGE][PASSED] - Text '10' is set on object 'Object Repository/DispensaryToStore/Page_Dispensary Store/input_txttreat'

2018-06-09 16:49:51 - [TEST_STEP][PASSED] - click: Object: 'Object Repository/DispensaryToStore/Page_Dispensary Store/button_Add' is clicked on

2018-06-09 16:49:51 - [MESSAGE][PASSED] - Object: 'Object Repository/DispensaryToStore/Page_Dispensary Store/button_Add' is clicked on

2018-06-09 16:49:51 - [TEST_STEP][PASSED] - selectOptionByIndex: All options with index in [3] are selected on object 'Object Repository/DispensaryToStore/Page_Dispensary Store/select_--Select--Schedule 1Inj'

2018-06-09 16:49:52 - [MESSAGE][PASSED] - All options with index in [3] are selected on object 'Object Repository/DispensaryToStore/Page_Dispensary Store/select_--Select--Schedule 1Inj'

2018-06-09 16:49:52 - [TEST_STEP][PASSED] - selectOptionByIndex: All options with index in [2] are selected on object 'Object Repository/DispensaryToStore/Page_Dispensary Store/select_--Select--Adernaline 0.'

2018-06-09 16:49:52 - [MESSAGE][PASSED] - All options with index in [2] are selected on object 'Object Repository/DispensaryToStore/Page_Dispensary Store/select_--Select--Adernaline 0.'

2018-06-09 16:49:52 - [TEST_STEP][PASSED] - setText: Text '10' is set on object 'Object Repository/DispensaryToStore/Page_Dispensary Store/input_txttreat'

2018-06-09 16:49:52 - [MESSAGE][PASSED] - Text '10' is set on object 'Object Repository/DispensaryToStore/Page_Dispensary Store/input_txttreat'

2018-06-09 16:49:52 - [TEST_STEP][PASSED] - click: Object: 'Object Repository/DispensaryToStore/Page_Dispensary Store/button_Add' is clicked on

2018-06-09 16:49:52 - [MESSAGE][PASSED] - Object: 'Object Repository/DispensaryToStore/Page_Dispensary Store/button_Add' is clicked on

2018-06-09 16:49:52 - [TEST_STEP][PASSED] - selectOptionByIndex: All options with index in [3] are selected on object 'Object Repository/DispensaryToStore/Page_Dispensary Store/select_--Select--Schedule 1Inj'

2018-06-09 16:49:52 - [MESSAGE][PASSED] - All options with index in [3] are selected on object 'Object Repository/DispensaryToStore/Page_Dispensary Store/select_--Select--Schedule 1Inj'

2018-06-09 16:49:52 - [TEST_STEP][PASSED] - selectOptionByIndex: All options with index in [3] are selected on object 'Object Repository/DispensaryToStore/Page_Dispensary Store/select_--Select--Adernaline 0.'

2018-06-09 16:49:52 - [MESSAGE][PASSED] - All options with index in [3] are selected on object 'Object Repository/DispensaryToStore/Page_Dispensary Store/select_--Select--Adernaline 0.'

2018-06-09 16:49:52 - [TEST_STEP][PASSED] - setText: Text '10' is set on object 'Object Repository/DispensaryToStore/Page_Dispensary Store/input_txttreat'

2018-06-09 16:49:52 - [MESSAGE][PASSED] - Text '10' is set on object 'Object Repository/DispensaryToStore/Page_Dispensary Store/input_txttreat'

2018-06-09 16:49:52 - [TEST_STEP][PASSED] - click: Object: 'Object Repository/DispensaryToStore/Page_Dispensary Store/button_Add' is clicked on

2018-06-09 16:49:52 - [MESSAGE][PASSED] - Object: 'Object Repository/DispensaryToStore/Page_Dispensary Store/button_Add' is clicked on

2018-06-09 16:49:52 - [TEST_STEP][PASSED] - selectOptionByIndex: All options with index in [3] are selected on object 'Object Repository/DispensaryToStore/Page_Dispensary Store/select_--Select--Schedule 1Inj'

2018-06-09 16:49:53 - [MESSAGE][PASSED] - All options with index in [3] are selected on object 'Object Repository/DispensaryToStore/Page_Dispensary Store/select_--Select--Schedule 1Inj'

2018-06-09 16:49:53 - [TEST_STEP][PASSED] - selectOptionByIndex: All options with index in [4] are selected on object 'Object Repository/DispensaryToStore/Page_Dispensary Store/select_--Select--Adernaline 0.'

2018-06-09 16:49:53 - [MESSAGE][PASSED] - All options with index in [4] are selected on object 'Object Repository/DispensaryToStore/Page_Dispensary Store/select_--Select--Adernaline 0.'

2018-06-09 16:49:53 - [TEST_STEP][PASSED] - setText: Text '10' is set on object 'Object Repository/DispensaryToStore/Page_Dispensary Store/input_txttreat'

2018-06-09 16:49:53 - [MESSAGE][PASSED] - Text '10' is set on object 'Object Repository/DispensaryToStore/Page_Dispensary Store/input_txttreat'

2018-06-09 16:49:53 - [TEST_STEP][PASSED] - click: Object: 'Object Repository/DispensaryToStore/Page_Dispensary Store/button_Add' is clicked on

2018-06-09 16:49:53 - [MESSAGE][PASSED] - Object: 'Object Repository/DispensaryToStore/Page_Dispensary Store/button_Add' is clicked on

2018-06-09 16:49:53 - [TEST_STEP][PASSED] - selectOptionByIndex: All options with index in [3] are selected on object 'Object Repository/DispensaryToStore/Page_Dispensary Store/select_--Select--Schedule 1Inj'

2018-06-09 16:49:53 - [MESSAGE][PASSED] - All options with index in [3] are selected on object 'Object Repository/DispensaryToStore/Page_Dispensary Store/select_--Select--Schedule 1Inj'

2018-06-09 16:49:53 - [TEST_STEP][PASSED] - selectOptionByIndex: All options with index in [5] are selected on object 'Object Repository/DispensaryToStore/Page_Dispensary Store/select_--Select--Adernaline 0.'

2018-06-09 16:49:53 - [MESSAGE][PASSED] - All options with index in [5] are selected on object 'Object Repository/DispensaryToStore/Page_Dispensary Store/select_--Select--Adernaline 0.'

2018-06-09 16:49:53 - [TEST_STEP][PASSED] - setText: Text '10' is set on object 'Object Repository/DispensaryToStore/Page_Dispensary Store/input_txttreat'

2018-06-09 16:49:53 - [MESSAGE][PASSED] - Text '10' is set on object 'Object Repository/DispensaryToStore/Page_Dispensary Store/input_txttreat'

2018-06-09 16:49:53 - [TEST_STEP][PASSED] - click: Object: 'Object Repository/DispensaryToStore/Page_Dispensary Store/button_Add' is clicked on

2018-06-09 16:49:54 - [MESSAGE][PASSED] - Object: 'Object Repository/DispensaryToStore/Page_Dispensary Store/button_Add' is clicked on

2018-06-09 16:49:54 - [TEST_STEP][PASSED] - selectOptionByIndex: All options with index in [3] are selected on object 'Object Repository/DispensaryToStore/Page_Dispensary Store/select_--Select--Schedule 1Inj'

2018-06-09 16:49:54 - [MESSAGE][PASSED] - All options with index in [3] are selected on object 'Object Repository/DispensaryToStore/Page_Dispensary Store/select_--Select--Schedule 1Inj'

2018-06-09 16:49:54 - [TEST_STEP][PASSED] - selectOptionByIndex: All options with index in [6] are selected on object 'Object Repository/DispensaryToStore/Page_Dispensary Store/select_--Select--Adernaline 0.'

2018-06-09 16:49:54 - [MESSAGE][PASSED] - All options with index in [6] are selected on object 'Object Repository/DispensaryToStore/Page_Dispensary Store/select_--Select--Adernaline 0.'

2018-06-09 16:49:54 - [TEST_STEP][PASSED] - setText: Text '10' is set on object 'Object Repository/DispensaryToStore/Page_Dispensary Store/input_txttreat'

2018-06-09 16:49:54 - [MESSAGE][PASSED] - Text '10' is set on object 'Object Repository/DispensaryToStore/Page_Dispensary Store/input_txttreat'

2018-06-09 16:49:54 - [TEST_STEP][PASSED] - click: Object: 'Object Repository/DispensaryToStore/Page_Dispensary Store/button_Add' is clicked on

2018-06-09 16:49:54 - [MESSAGE][PASSED] - Object: 'Object Repository/DispensaryToStore/Page_Dispensary Store/button_Add' is clicked on

2018-06-09 16:49:54 - [TEST_STEP][PASSED] - selectOptionByIndex: All options with index in [3] are selected on object 'Object Repository/DispensaryToStore/Page_Dispensary Store/select_--Select--Schedule 1Inj'

2018-06-09 16:49:54 - [MESSAGE][PASSED] - All options with index in [3] are selected on object 'Object Repository/DispensaryToStore/Page_Dispensary Store/select_--Select--Schedule 1Inj'

2018-06-09 16:49:54 - [TEST_STEP][PASSED] - selectOptionByIndex: All options with index in [7] are selected on object 'Object Repository/DispensaryToStore/Page_Dispensary Store/select_--Select--Adernaline 0.'

2018-06-09 16:49:54 - [MESSAGE][PASSED] - All options with index in [7] are selected on object 'Object Repository/DispensaryToStore/Page_Dispensary Store/select_--Select--Adernaline 0.'

2018-06-09 16:49:54 - [TEST_STEP][PASSED] - setText: Text '10' is set on object 'Object Repository/DispensaryToStore/Page_Dispensary Store/input_txttreat'

2018-06-09 16:49:55 - [MESSAGE][PASSED] - Text '10' is set on object 'Object Repository/DispensaryToStore/Page_Dispensary Store/input_txttreat'

2018-06-09 16:49:55 - [TEST_STEP][PASSED] - click: Object: 'Object Repository/DispensaryToStore/Page_Dispensary Store/button_Add' is clicked on

2018-06-09 16:49:55 - [MESSAGE][PASSED] - Object: 'Object Repository/DispensaryToStore/Page_Dispensary Store/button_Add' is clicked on

2018-06-09 16:49:55 - [TEST_STEP][PASSED] - selectOptionByIndex: All options with index in [3] are selected on object 'Object Repository/DispensaryToStore/Page_Dispensary Store/select_--Select--Schedule 1Inj'

2018-06-09 16:49:55 - [MESSAGE][PASSED] - All options with index in [3] are selected on object 'Object Repository/DispensaryToStore/Page_Dispensary Store/select_--Select--Schedule 1Inj'

2018-06-09 16:49:55 - [TEST_STEP][PASSED] - selectOptionByIndex: All options with index in [8] are selected on object 'Object Repository/DispensaryToStore/Page_Dispensary Store/select_--Select--Adernaline 0.'

2018-06-09 16:49:55 - [MESSAGE][PASSED] - All options with index in [8] are selected on object 'Object Repository/DispensaryToStore/Page_Dispensary Store/select_--Select--Adernaline 0.'

2018-06-09 16:49:55 - [TEST_STEP][PASSED] - setText: Text '10' is set on object 'Object Repository/DispensaryToStore/Page_Dispensary Store/input_txttreat'

2018-06-09 16:49:55 - [MESSAGE][PASSED] - Text '10' is set on object 'Object Repository/DispensaryToStore/Page_Dispensary Store/input_txttreat'

2018-06-09 16:49:55 - [TEST_STEP][PASSED] - click: Object: 'Object Repository/DispensaryToStore/Page_Dispensary Store/button_Add' is clicked on

2018-06-09 16:49:55 - [MESSAGE][PASSED] - Object: 'Object Repository/DispensaryToStore/Page_Dispensary Store/button_Add' is clicked on

2018-06-09 16:49:55 - [TEST_STEP][PASSED] - selectOptionByIndex: All options with index in [3] are selected on object 'Object Repository/DispensaryToStore/Page_Dispensary Store/select_--Select--Schedule 1Inj'

2018-06-09 16:49:55 - [MESSAGE][PASSED] - All options with index in [3] are selected on object 'Object Repository/DispensaryToStore/Page_Dispensary Store/select_--Select--Schedule 1Inj'

2018-06-09 16:49:55 - [TEST_STEP][PASSED] - selectOptionByIndex: All options with index in [9] are selected on object 'Object Repository/DispensaryToStore/Page_Dispensary Store/select_--Select--Adernaline 0.'

2018-06-09 16:49:56 - [MESSAGE][PASSED] - All options with index in [9] are selected on object 'Object Repository/DispensaryToStore/Page_Dispensary Store/select_--Select--Adernaline 0.'

2018-06-09 16:49:56 - [TEST_STEP][PASSED] - setText: Text '10' is set on object 'Object Repository/DispensaryToStore/Page_Dispensary Store/input_txttreat'

2018-06-09 16:49:56 - [MESSAGE][PASSED] - Text '10' is set on object 'Object Repository/DispensaryToStore/Page_Dispensary Store/input_txttreat'

2018-06-09 16:49:56 - [TEST_STEP][PASSED] - click: Object: 'Object Repository/DispensaryToStore/Page_Dispensary Store/button_Add' is clicked on

2018-06-09 16:49:56 - [MESSAGE][PASSED] - Object: 'Object Repository/DispensaryToStore/Page_Dispensary Store/button_Add' is clicked on

2018-06-09 16:49:56 - [TEST_STEP][PASSED] - selectOptionByIndex: All options with index in [3] are selected on object 'Object Repository/DispensaryToStore/Page_Dispensary Store/select_--Select--Schedule 1Inj'

2018-06-09 16:49:56 - [MESSAGE][PASSED] - All options with index in [3] are selected on object 'Object Repository/DispensaryToStore/Page_Dispensary Store/select_--Select--Schedule 1Inj'

2018-06-09 16:49:56 - [TEST_STEP][PASSED] - selectOptionByIndex: All options with index in [10] are selected on object 'Object Repository/DispensaryToStore/Page_Dispensary Store/select_--Select--Adernaline 0.'

2018-06-09 16:49:56 - [MESSAGE][PASSED] - All options with index in [10] are selected on object 'Object Repository/DispensaryToStore/Page_Dispensary Store/select_--Select--Adernaline 0.'

2018-06-09 16:49:56 - [TEST_STEP][PASSED] - setText: Text '10' is set on object 'Object Repository/DispensaryToStore/Page_Dispensary Store/input_txttreat'

2018-06-09 16:49:56 - [MESSAGE][PASSED] - Text '10' is set on object 'Object Repository/DispensaryToStore/Page_Dispensary Store/input_txttreat'

2018-06-09 16:49:56 - [TEST_STEP][PASSED] - click: Object: 'Object Repository/DispensaryToStore/Page_Dispensary Store/button_Add' is clicked on

2018-06-09 16:49:56 - [MESSAGE][PASSED] - Object: 'Object Repository/DispensaryToStore/Page_Dispensary Store/button_Add' is clicked on

2018-06-09 16:49:56 - [TEST_STEP][PASSED] - selectOptionByIndex: All options with index in [3] are selected on object 'Object Repository/DispensaryToStore/Page_Dispensary Store/select_--Select--Schedule 1Inj'

2018-06-09 16:49:56 - [MESSAGE][PASSED] - All options with index in [3] are selected on object 'Object Repository/DispensaryToStore/Page_Dispensary Store/select_--Select--Schedule 1Inj'

2018-06-09 16:49:56 - [TEST_STEP][PASSED] - selectOptionByIndex: All options with index in [11] are selected on object 'Object Repository/DispensaryToStore/Page_Dispensary Store/select_--Select--Adernaline 0.'

2018-06-09 16:49:57 - [MESSAGE][PASSED] - All options with index in [11] are selected on object 'Object Repository/DispensaryToStore/Page_Dispensary Store/select_--Select--Adernaline 0.'

2018-06-09 16:49:57 - [TEST_STEP][PASSED] - setText: Text '10' is set on object 'Object Repository/DispensaryToStore/Page_Dispensary Store/input_txttreat'

2018-06-09 16:49:57 - [MESSAGE][PASSED] - Text '10' is set on object 'Object Repository/DispensaryToStore/Page_Dispensary Store/input_txttreat'

2018-06-09 16:49:57 - [TEST_STEP][PASSED] - click: Object: 'Object Repository/DispensaryToStore/Page_Dispensary Store/button_Add' is clicked on

2018-06-09 16:49:57 - [MESSAGE][PASSED] - Object: 'Object Repository/DispensaryToStore/Page_Dispensary Store/button_Add' is clicked on

2018-06-09 16:49:57 - [TEST_STEP][PASSED] - selectOptionByIndex: All options with index in [3] are selected on object 'Object Repository/DispensaryToStore/Page_Dispensary Store/select_--Select--Schedule 1Inj'

2018-06-09 16:49:57 - [MESSAGE][PASSED] - All options with index in [3] are selected on object 'Object Repository/DispensaryToStore/Page_Dispensary Store/select_--Select--Schedule 1Inj'

2018-06-09 16:49:57 - [TEST_STEP][PASSED] - selectOptionByIndex: All options with index in [12] are selected on object 'Object Repository/DispensaryToStore/Page_Dispensary Store/select_--Select--Adernaline 0.'

2018-06-09 16:49:57 - [MESSAGE][PASSED] - All options with index in [12] are selected on object 'Object Repository/DispensaryToStore/Page_Dispensary Store/select_--Select--Adernaline 0.'

2018-06-09 16:49:57 - [TEST_STEP][PASSED] - setText: Text '10' is set on object 'Object Repository/DispensaryToStore/Page_Dispensary Store/input_txttreat'

2018-06-09 16:49:57 - [MESSAGE][PASSED] - Text '10' is set on object 'Object Repository/DispensaryToStore/Page_Dispensary Store/input_txttreat'

2018-06-09 16:49:57 - [TEST_STEP][PASSED] - click: Object: 'Object Repository/DispensaryToStore/Page_Dispensary Store/button_Add' is clicked on

2018-06-09 16:49:57 - [MESSAGE][PASSED] - Object: 'Object Repository/DispensaryToStore/Page_Dispensary Store/button_Add' is clicked on

2018-06-09 16:49:57 - [TEST_STEP][PASSED] - selectOptionByIndex: All options with index in [3] are selected on object 'Object Repository/DispensaryToStore/Page_Dispensary Store/select_--Select--Schedule 1Inj'

2018-06-09 16:49:58 - [MESSAGE][PASSED] - All options with index in [3] are selected on object 'Object Repository/DispensaryToStore/Page_Dispensary Store/select_--Select--Schedule 1Inj'

2018-06-09 16:49:58 - [TEST_STEP][PASSED] - selectOptionByIndex: All options with index in [13] are selected on object 'Object Repository/DispensaryToStore/Page_Dispensary Store/select_--Select--Adernaline 0.'

2018-06-09 16:49:58 - [MESSAGE][PASSED] - All options with index in [13] are selected on object 'Object Repository/DispensaryToStore/Page_Dispensary Store/select_--Select--Adernaline 0.'

2018-06-09 16:49:58 - [TEST_STEP][PASSED] - setText: Text '10' is set on object 'Object Repository/DispensaryToStore/Page_Dispensary Store/input_txttreat'

2018-06-09 16:49:58 - [MESSAGE][PASSED] - Text '10' is set on object 'Object Repository/DispensaryToStore/Page_Dispensary Store/input_txttreat'

2018-06-09 16:49:58 - [TEST_STEP][PASSED] - click: Object: 'Object Repository/DispensaryToStore/Page_Dispensary Store/button_Add' is clicked on

2018-06-09 16:49:58 - [MESSAGE][PASSED] - Object: 'Object Repository/DispensaryToStore/Page_Dispensary Store/button_Add' is clicked on

2018-06-09 16:49:58 - [TEST_STEP][PASSED] - selectOptionByIndex: All options with index in [3] are selected on object 'Object Repository/DispensaryToStore/Page_Dispensary Store/select_--Select--Schedule 1Inj'

2018-06-09 16:49:58 - [MESSAGE][PASSED] - All options with index in [3] are selected on object 'Object Repository/DispensaryToStore/Page_Dispensary Store/select_--Select--Schedule 1Inj'

2018-06-09 16:49:58 - [TEST_STEP][PASSED] - selectOptionByIndex: All options with index in [14] are selected on object 'Object Repository/DispensaryToStore/Page_Dispensary Store/select_--Select--Adernaline 0.'

2018-06-09 16:49:58 - [MESSAGE][PASSED] - All options with index in [14] are selected on object 'Object Repository/DispensaryToStore/Page_Dispensary Store/select_--Select--Adernaline 0.'

2018-06-09 16:49:58 - [TEST_STEP][PASSED] - setText: Text '10' is set on object 'Object Repository/DispensaryToStore/Page_Dispensary Store/input_txttreat'

2018-06-09 16:49:59 - [MESSAGE][PASSED] - Text '10' is set on object 'Object Repository/DispensaryToStore/Page_Dispensary Store/input_txttreat'

2018-06-09 16:49:59 - [TEST_STEP][PASSED] - click: Object: 'Object Repository/DispensaryToStore/Page_Dispensary Store/button_Add' is clicked on

2018-06-09 16:49:59 - [MESSAGE][PASSED] - Object: 'Object Repository/DispensaryToStore/Page_Dispensary Store/button_Add' is clicked on

2018-06-09 16:49:59 - [TEST_STEP][PASSED] - selectOptionByIndex: All options with index in [3] are selected on object 'Object Repository/DispensaryToStore/Page_Dispensary Store/select_--Select--Schedule 1Inj'

2018-06-09 16:49:59 - [MESSAGE][PASSED] - All options with index in [3] are selected on object 'Object Repository/DispensaryToStore/Page_Dispensary Store/select_--Select--Schedule 1Inj'

2018-06-09 16:49:59 - [TEST_STEP][PASSED] - selectOptionByIndex: All options with index in [15] are selected on object 'Object Repository/DispensaryToStore/Page_Dispensary Store/select_--Select--Adernaline 0.'

2018-06-09 16:49:59 - [MESSAGE][PASSED] - All options with index in [15] are selected on object 'Object Repository/DispensaryToStore/Page_Dispensary Store/select_--Select--Adernaline 0.'

2018-06-09 16:49:59 - [TEST_STEP][PASSED] - setText: Text '10' is set on object 'Object Repository/DispensaryToStore/Page_Dispensary Store/input_txttreat'

2018-06-09 16:49:59 - [MESSAGE][PASSED] - Text '10' is set on object 'Object Repository/DispensaryToStore/Page_Dispensary Store/input_txttreat'

2018-06-09 16:49:59 - [TEST_STEP][PASSED] - click: Object: 'Object Repository/DispensaryToStore/Page_Dispensary Store/button_Add' is clicked on

2018-06-09 16:49:59 - [MESSAGE][PASSED] - Object: 'Object Repository/DispensaryToStore/Page_Dispensary Store/button_Add' is clicked on

2018-06-09 16:49:59 - [TEST_STEP][PASSED] - selectOptionByIndex: All options with index in [3] are selected on object 'Object Repository/DispensaryToStore/Page_Dispensary Store/select_--Select--Schedule 1Inj'

2018-06-09 16:49:59 - [MESSAGE][PASSED] - All options with index in [3] are selected on object 'Object Repository/DispensaryToStore/Page_Dispensary Store/select_--Select--Schedule 1Inj'

2018-06-09 16:49:59 - [TEST_STEP][PASSED] - selectOptionByIndex: All options with index in [16] are selected on object 'Object Repository/DispensaryToStore/Page_Dispensary Store/select_--Select--Adernaline 0.'

2018-06-09 16:50:00 - [MESSAGE][PASSED] - All options with index in [16] are selected on object 'Object Repository/DispensaryToStore/Page_Dispensary Store/select_--Select--Adernaline 0.'

2018-06-09 16:50:00 - [TEST_STEP][PASSED] - setText: Text '10' is set on object 'Object Repository/DispensaryToStore/Page_Dispensary Store/input_txttreat'

2018-06-09 16:50:00 - [MESSAGE][PASSED] - Text '10' is set on object 'Object Repository/DispensaryToStore/Page_Dispensary Store/input_txttreat'

2018-06-09 16:50:00 - [TEST_STEP][PASSED] - click: Object: 'Object Repository/DispensaryToStore/Page_Dispensary Store/button_Add' is clicked on

2018-06-09 16:50:00 - [MESSAGE][PASSED] - Object: 'Object Repository/DispensaryToStore/Page_Dispensary Store/button_Add' is clicked on

2018-06-09 16:50:00 - [TEST_STEP][PASSED] - selectOptionByIndex: All options with index in [3] are selected on object 'Object Repository/DispensaryToStore/Page_Dispensary Store/select_--Select--Schedule 1Inj'

2018-06-09 16:50:00 - [MESSAGE][PASSED] - All options with index in [3] are selected on object 'Object Repository/DispensaryToStore/Page_Dispensary Store/select_--Select--Schedule 1Inj'

2018-06-09 16:50:00 - [TEST_STEP][PASSED] - selectOptionByIndex: All options with index in [17] are selected on object 'Object Repository/DispensaryToStore/Page_Dispensary Store/select_--Select--Adernaline 0.'

2018-06-09 16:50:00 - [MESSAGE][PASSED] - All options with index in [17] are selected on object 'Object Repository/DispensaryToStore/Page_Dispensary Store/select_--Select--Adernaline 0.'

2018-06-09 16:50:00 - [TEST_STEP][PASSED] - setText: Text '10' is set on object 'Object Repository/DispensaryToStore/Page_Dispensary Store/input_txttreat'

2018-06-09 16:50:00 - [MESSAGE][PASSED] - Text '10' is set on object 'Object Repository/DispensaryToStore/Page_Dispensary Store/input_txttreat'

2018-06-09 16:50:00 - [TEST_STEP][PASSED] - click: Object: 'Object Repository/DispensaryToStore/Page_Dispensary Store/button_Add' is clicked on

2018-06-09 16:50:01 - [MESSAGE][PASSED] - Object: 'Object Repository/DispensaryToStore/Page_Dispensary Store/button_Add' is clicked on

2018-06-09 16:50:01 - [TEST_STEP][PASSED] - selectOptionByIndex: All options with index in [3] are selected on object 'Object Repository/DispensaryToStore/Page_Dispensary Store/select_--Select--Schedule 1Inj'

2018-06-09 16:50:01 - [MESSAGE][PASSED] - All options with index in [3] are selected on object 'Object Repository/DispensaryToStore/Page_Dispensary Store/select_--Select--Schedule 1Inj'

2018-06-09 16:50:01 - [TEST_STEP][PASSED] - selectOptionByIndex: All options with index in [18] are selected on object 'Object Repository/DispensaryToStore/Page_Dispensary Store/select_--Select--Adernaline 0.'

2018-06-09 16:50:01 - [MESSAGE][PASSED] - All options with index in [18] are selected on object 'Object Repository/DispensaryToStore/Page_Dispensary Store/select_--Select--Adernaline 0.'

2018-06-09 16:50:01 - [TEST_STEP][PASSED] - setText: Text '10' is set on object 'Object Repository/DispensaryToStore/Page_Dispensary Store/input_txttreat'

2018-06-09 16:50:01 - [MESSAGE][PASSED] - Text '10' is set on object 'Object Repository/DispensaryToStore/Page_Dispensary Store/input_txttreat'

2018-06-09 16:50:01 - [TEST_STEP][PASSED] - click: Object: 'Object Repository/DispensaryToStore/Page_Dispensary Store/button_Add' is clicked on

2018-06-09 16:50:01 - [MESSAGE][PASSED] - Object: 'Object Repository/DispensaryToStore/Page_Dispensary Store/button_Add' is clicked on

2018-06-09 16:50:01 - [TEST_STEP][PASSED] - selectOptionByIndex: All options with index in [3] are selected on object 'Object Repository/DispensaryToStore/Page_Dispensary Store/select_--Select--Schedule 1Inj'

2018-06-09 16:50:01 - [MESSAGE][PASSED] - All options with index in [3] are selected on object 'Object Repository/DispensaryToStore/Page_Dispensary Store/select_--Select--Schedule 1Inj'

2018-06-09 16:50:01 - [TEST_STEP][PASSED] - selectOptionByIndex: All options with index in [19] are selected on object 'Object Repository/DispensaryToStore/Page_Dispensary Store/select_--Select--Adernaline 0.'

2018-06-09 16:50:02 - [MESSAGE][PASSED] - All options with index in [19] are selected on object 'Object Repository/DispensaryToStore/Page_Dispensary Store/select_--Select--Adernaline 0.'

2018-06-09 16:50:02 - [TEST_STEP][PASSED] - setText: Text '10' is set on object 'Object Repository/DispensaryToStore/Page_Dispensary Store/input_txttreat'

2018-06-09 16:50:02 - [MESSAGE][PASSED] - Text '10' is set on object 'Object Repository/DispensaryToStore/Page_Dispensary Store/input_txttreat'

2018-06-09 16:50:02 - [TEST_STEP][PASSED] - click: Object: 'Object Repository/DispensaryToStore/Page_Dispensary Store/button_Add' is clicked on

2018-06-09 16:50:02 - [MESSAGE][PASSED] - Object: 'Object Repository/DispensaryToStore/Page_Dispensary Store/button_Add' is clicked on

2018-06-09 16:50:02 - [TEST_STEP][PASSED] - selectOptionByIndex: All options with index in [3] are selected on object 'Object Repository/DispensaryToStore/Page_Dispensary Store/select_--Select--Schedule 1Inj'

2018-06-09 16:50:02 - [MESSAGE][PASSED] - All options with index in [3] are selected on object 'Object Repository/DispensaryToStore/Page_Dispensary Store/select_--Select--Schedule 1Inj'

2018-06-09 16:50:02 - [TEST_STEP][PASSED] - selectOptionByIndex: All options with index in [20] are selected on object 'Object Repository/DispensaryToStore/Page_Dispensary Store/select_--Select--Adernaline 0.'

2018-06-09 16:50:02 - [MESSAGE][PASSED] - All options with index in [20] are selected on object 'Object Repository/DispensaryToStore/Page_Dispensary Store/select_--Select--Adernaline 0.'

2018-06-09 16:50:02 - [TEST_STEP][PASSED] - setText: Text '10' is set on object 'Object Repository/DispensaryToStore/Page_Dispensary Store/input_txttreat'

2018-06-09 16:50:02 - [MESSAGE][PASSED] - Text '10' is set on object 'Object Repository/DispensaryToStore/Page_Dispensary Store/input_txttreat'

2018-06-09 16:50:02 - [TEST_STEP][PASSED] - click: Object: 'Object Repository/DispensaryToStore/Page_Dispensary Store/button_Add' is clicked on

2018-06-09 16:50:03 - [MESSAGE][PASSED] - Object: 'Object Repository/DispensaryToStore/Page_Dispensary Store/button_Add' is clicked on

2018-06-09 16:50:03 - [TEST_STEP][PASSED] - selectOptionByIndex: All options with index in [3] are selected on object 'Object Repository/DispensaryToStore/Page_Dispensary Store/select_--Select--Schedule 1Inj'

2018-06-09 16:50:03 - [MESSAGE][PASSED] - All options with index in [3] are selected on object 'Object Repository/DispensaryToStore/Page_Dispensary Store/select_--Select--Schedule 1Inj'

2018-06-09 16:50:03 - [TEST_STEP][PASSED] - selectOptionByIndex: All options with index in [21] are selected on object 'Object Repository/DispensaryToStore/Page_Dispensary Store/select_--Select--Adernaline 0.'

2018-06-09 16:50:03 - [MESSAGE][PASSED] - All options with index in [21] are selected on object 'Object Repository/DispensaryToStore/Page_Dispensary Store/select_--Select--Adernaline 0.'

2018-06-09 16:50:03 - [TEST_STEP][PASSED] - setText: Text '10' is set on object 'Object Repository/DispensaryToStore/Page_Dispensary Store/input_txttreat'

2018-06-09 16:50:03 - [MESSAGE][PASSED] - Text '10' is set on object 'Object Repository/DispensaryToStore/Page_Dispensary Store/input_txttreat'

2018-06-09 16:50:03 - [TEST_STEP][PASSED] - click: Object: 'Object Repository/DispensaryToStore/Page_Dispensary Store/button_Add' is clicked on

2018-06-09 16:50:03 - [MESSAGE][PASSED] - Object: 'Object Repository/DispensaryToStore/Page_Dispensary Store/button_Add' is clicked on

2018-06-09 16:50:03 - [TEST_STEP][PASSED] - selectOptionByIndex: All options with index in [3] are selected on object 'Object Repository/DispensaryToStore/Page_Dispensary Store/select_--Select--Schedule 1Inj'

2018-06-09 16:50:03 - [MESSAGE][PASSED] - All options with index in [3] are selected on object 'Object Repository/DispensaryToStore/Page_Dispensary Store/select_--Select--Schedule 1Inj'

2018-06-09 16:50:03 - [TEST_STEP][PASSED] - selectOptionByIndex: All options with index in [22] are selected on object 'Object Repository/DispensaryToStore/Page_Dispensary Store/select_--Select--Adernaline 0.'

2018-06-09 16:50:04 - [MESSAGE][PASSED] - All options with index in [22] are selected on object 'Object Repository/DispensaryToStore/Page_Dispensary Store/select_--Select--Adernaline 0.'

2018-06-09 16:50:04 - [TEST_STEP][PASSED] - setText: Text '10' is set on object 'Object Repository/DispensaryToStore/Page_Dispensary Store/input_txttreat'

2018-06-09 16:50:04 - [MESSAGE][PASSED] - Text '10' is set on object 'Object Repository/DispensaryToStore/Page_Dispensary Store/input_txttreat'

2018-06-09 16:50:04 - [TEST_STEP][PASSED] - click: Object: 'Object Repository/DispensaryToStore/Page_Dispensary Store/button_Add' is clicked on

2018-06-09 16:50:04 - [MESSAGE][PASSED] - Object: 'Object Repository/DispensaryToStore/Page_Dispensary Store/button_Add' is clicked on

2018-06-09 16:50:04 - [TEST_STEP][PASSED] - selectOptionByIndex: All options with index in [3] are selected on object 'Object Repository/DispensaryToStore/Page_Dispensary Store/select_--Select--Schedule 1Inj'

2018-06-09 16:50:04 - [MESSAGE][PASSED] - All options with index in [3] are selected on object 'Object Repository/DispensaryToStore/Page_Dispensary Store/select_--Select--Schedule 1Inj'

2018-06-09 16:50:04 - [TEST_STEP][PASSED] - selectOptionByIndex: All options with index in [23] are selected on object 'Object Repository/DispensaryToStore/Page_Dispensary Store/select_--Select--Adernaline 0.'

2018-06-09 16:50:05 - [MESSAGE][PASSED] - All options with index in [23] are selected on object 'Object Repository/DispensaryToStore/Page_Dispensary Store/select_--Select--Adernaline 0.'

2018-06-09 16:50:05 - [TEST_STEP][PASSED] - setText: Text '10' is set on object 'Object Repository/DispensaryToStore/Page_Dispensary Store/input_txttreat'

2018-06-09 16:50:05 - [MESSAGE][PASSED] - Text '10' is set on object 'Object Repository/DispensaryToStore/Page_Dispensary Store/input_txttreat'

2018-06-09 16:50:05 - [TEST_STEP][PASSED] - click: Object: 'Object Repository/DispensaryToStore/Page_Dispensary Store/button_Add' is clicked on

2018-06-09 16:50:05 - [MESSAGE][PASSED] - Object: 'Object Repository/DispensaryToStore/Page_Dispensary Store/button_Add' is clicked on

2018-06-09 16:50:05 - [TEST_STEP][PASSED] - selectOptionByIndex: All options with index in [3] are selected on object 'Object Repository/DispensaryToStore/Page_Dispensary Store/select_--Select--Schedule 1Inj'

2018-06-09 16:50:05 - [MESSAGE][PASSED] - All options with index in [3] are selected on object 'Object Repository/DispensaryToStore/Page_Dispensary Store/select_--Select--Schedule 1Inj'

2018-06-09 16:50:05 - [TEST_STEP][PASSED] - selectOptionByIndex: All options with index in [24] are selected on object 'Object Repository/DispensaryToStore/Page_Dispensary Store/select_--Select--Adernaline 0.'

2018-06-09 16:50:05 - [MESSAGE][PASSED] - All options with index in [24] are selected on object 'Object Repository/DispensaryToStore/Page_Dispensary Store/select_--Select--Adernaline 0.'

2018-06-09 16:50:05 - [TEST_STEP][PASSED] - setText: Text '10' is set on object 'Object Repository/DispensaryToStore/Page_Dispensary Store/input_txttreat'

2018-06-09 16:50:05 - [MESSAGE][PASSED] - Text '10' is set on object 'Object Repository/DispensaryToStore/Page_Dispensary Store/input_txttreat'

2018-06-09 16:50:05 - [TEST_STEP][PASSED] - click: Object: 'Object Repository/DispensaryToStore/Page_Dispensary Store/button_Add' is clicked on

2018-06-09 16:50:05 - [MESSAGE][PASSED] - Object: 'Object Repository/DispensaryToStore/Page_Dispensary Store/button_Add' is clicked on

2018-06-09 16:50:05 - [TEST_STEP][PASSED] - selectOptionByIndex: All options with index in [3] are selected on object 'Object Repository/DispensaryToStore/Page_Dispensary Store/select_--Select--Schedule 1Inj'

2018-06-09 16:50:06 - [MESSAGE][PASSED] - All options with index in [3] are selected on object 'Object Repository/DispensaryToStore/Page_Dispensary Store/select_--Select--Schedule 1Inj'

2018-06-09 16:50:06 - [TEST_STEP][PASSED] - selectOptionByIndex: All options with index in [25] are selected on object 'Object Repository/DispensaryToStore/Page_Dispensary Store/select_--Select--Adernaline 0.'

2018-06-09 16:50:06 - [MESSAGE][PASSED] - All options with index in [25] are selected on object 'Object Repository/DispensaryToStore/Page_Dispensary Store/select_--Select--Adernaline 0.'

2018-06-09 16:50:06 - [TEST_STEP][PASSED] - setText: Text '10' is set on object 'Object Repository/DispensaryToStore/Page_Dispensary Store/input_txttreat'

2018-06-09 16:50:06 - [MESSAGE][PASSED] - Text '10' is set on object 'Object Repository/DispensaryToStore/Page_Dispensary Store/input_txttreat'

2018-06-09 16:50:06 - [TEST_STEP][PASSED] - click: Object: 'Object Repository/DispensaryToStore/Page_Dispensary Store/button_Add' is clicked on

2018-06-09 16:50:06 - [MESSAGE][PASSED] - Object: 'Object Repository/DispensaryToStore/Page_Dispensary Store/button_Add' is clicked on

2018-06-09 16:50:06 - [TEST_STEP][PASSED] - selectOptionByIndex: All options with index in [3] are selected on object 'Object Repository/DispensaryToStore/Page_Dispensary Store/select_--Select--Schedule 1Inj'

2018-06-09 16:50:06 - [MESSAGE][PASSED] - All options with index in [3] are selected on object 'Object Repository/DispensaryToStore/Page_Dispensary Store/select_--Select--Schedule 1Inj'

2018-06-09 16:50:06 - [TEST_STEP][PASSED] - selectOptionByIndex: All options with index in [26] are selected on object 'Object Repository/DispensaryToStore/Page_Dispensary Store/select_--Select--Adernaline 0.'

2018-06-09 16:50:07 - [MESSAGE][PASSED] - All options with index in [26] are selected on object 'Object Repository/DispensaryToStore/Page_Dispensary Store/select_--Select--Adernaline 0.'

2018-06-09 16:50:07 - [TEST_STEP][PASSED] - setText: Text '10' is set on object 'Object Repository/DispensaryToStore/Page_Dispensary Store/input_txttreat'

2018-06-09 16:50:07 - [MESSAGE][PASSED] - Text '10' is set on object 'Object Repository/DispensaryToStore/Page_Dispensary Store/input_txttreat'

2018-06-09 16:50:07 - [TEST_STEP][PASSED] - click: Object: 'Object Repository/DispensaryToStore/Page_Dispensary Store/button_Add' is clicked on

2018-06-09 16:50:07 - [MESSAGE][PASSED] - Object: 'Object Repository/DispensaryToStore/Page_Dispensary Store/button_Add' is clicked on

2018-06-09 16:50:07 - [TEST_STEP][PASSED] - selectOptionByIndex: All options with index in [3] are selected on object 'Object Repository/DispensaryToStore/Page_Dispensary Store/select_--Select--Schedule 1Inj'

2018-06-09 16:50:07 - [MESSAGE][PASSED] - All options with index in [3] are selected on object 'Object Repository/DispensaryToStore/Page_Dispensary Store/select_--Select--Schedule 1Inj'

2018-06-09 16:50:07 - [TEST_STEP][PASSED] - selectOptionByIndex: All options with index in [27] are selected on object 'Object Repository/DispensaryToStore/Page_Dispensary Store/select_--Select--Adernaline 0.'

2018-06-09 16:50:07 - [MESSAGE][PASSED] - All options with index in [27] are selected on object 'Object Repository/DispensaryToStore/Page_Dispensary Store/select_--Select--Adernaline 0.'

2018-06-09 16:50:07 - [TEST_STEP][PASSED] - setText: Text '10' is set on object 'Object Repository/DispensaryToStore/Page_Dispensary Store/input_txttreat'

2018-06-09 16:50:08 - [MESSAGE][PASSED] - Text '10' is set on object 'Object Repository/DispensaryToStore/Page_Dispensary Store/input_txttreat'

2018-06-09 16:50:08 - [TEST_STEP][PASSED] - click: Object: 'Object Repository/DispensaryToStore/Page_Dispensary Store/button_Add' is clicked on

2018-06-09 16:50:08 - [MESSAGE][PASSED] - Object: 'Object Repository/DispensaryToStore/Page_Dispensary Store/button_Add' is clicked on

2018-06-09 16:50:08 - [TEST_STEP][PASSED] - selectOptionByIndex: All options with index in [3] are selected on object 'Object Repository/DispensaryToStore/Page_Dispensary Store/select_--Select--Schedule 1Inj'

2018-06-09 16:50:08 - [MESSAGE][PASSED] - All options with index in [3] are selected on object 'Object Repository/DispensaryToStore/Page_Dispensary Store/select_--Select--Schedule 1Inj'

2018-06-09 16:50:08 - [TEST_STEP][PASSED] - selectOptionByIndex: All options with index in [28] are selected on object 'Object Repository/DispensaryToStore/Page_Dispensary Store/select_--Select--Adernaline 0.'

2018-06-09 16:50:08 - [MESSAGE][PASSED] - All options with index in [28] are selected on object 'Object Repository/DispensaryToStore/Page_Dispensary Store/select_--Select--Adernaline 0.'

2018-06-09 16:50:08 - [TEST_STEP][PASSED] - setText: Text '10' is set on object 'Object Repository/DispensaryToStore/Page_Dispensary Store/input_txttreat'

2018-06-09 16:50:08 - [MESSAGE][PASSED] - Text '10' is set on object 'Object Repository/DispensaryToStore/Page_Dispensary Store/input_txttreat'

2018-06-09 16:50:08 - [TEST_STEP][PASSED] - click: Object: 'Object Repository/DispensaryToStore/Page_Dispensary Store/button_Add' is clicked on

2018-06-09 16:50:08 - [MESSAGE][PASSED] - Object: 'Object Repository/DispensaryToStore/Page_Dispensary Store/button_Add' is clicked on

2018-06-09 16:50:08 - [TEST_STEP][PASSED] - selectOptionByIndex: All options with index in [3] are selected on object 'Object Repository/DispensaryToStore/Page_Dispensary Store/select_--Select--Schedule 1Inj'

2018-06-09 16:50:08 - [MESSAGE][PASSED] - All options with index in [3] are selected on object 'Object Repository/DispensaryToStore/Page_Dispensary Store/select_--Select--Schedule 1Inj'

2018-06-09 16:50:08 - [TEST_STEP][PASSED] - selectOptionByIndex: All options with index in [29] are selected on object 'Object Repository/DispensaryToStore/Page_Dispensary Store/select_--Select--Adernaline 0.'

2018-06-09 16:50:09 - [MESSAGE][PASSED] - All options with index in [29] are selected on object 'Object Repository/DispensaryToStore/Page_Dispensary Store/select_--Select--Adernaline 0.'

2018-06-09 16:50:09 - [TEST_STEP][PASSED] - setText: Text '10' is set on object 'Object Repository/DispensaryToStore/Page_Dispensary Store/input_txttreat'

2018-06-09 16:50:09 - [MESSAGE][PASSED] - Text '10' is set on object 'Object Repository/DispensaryToStore/Page_Dispensary Store/input_txttreat'

2018-06-09 16:50:09 - [TEST_STEP][PASSED] - click: Object: 'Object Repository/DispensaryToStore/Page_Dispensary Store/button_Add' is clicked on

2018-06-09 16:50:09 - [MESSAGE][PASSED] - Object: 'Object Repository/DispensaryToStore/Page_Dispensary Store/button_Add' is clicked on

2018-06-09 16:50:09 - [TEST_STEP][PASSED] - selectOptionByIndex: All options with index in [3] are selected on object 'Object Repository/DispensaryToStore/Page_Dispensary Store/select_--Select--Schedule 1Inj'

2018-06-09 16:50:09 - [MESSAGE][PASSED] - All options with index in [3] are selected on object 'Object Repository/DispensaryToStore/Page_Dispensary Store/select_--Select--Schedule 1Inj'

2018-06-09 16:50:09 - [TEST_STEP][PASSED] - selectOptionByIndex: All options with index in [30] are selected on object 'Object Repository/DispensaryToStore/Page_Dispensary Store/select_--Select--Adernaline 0.'

2018-06-09 16:50:10 - [MESSAGE][PASSED] - All options with index in [30] are selected on object 'Object Repository/DispensaryToStore/Page_Dispensary Store/select_--Select--Adernaline 0.'

2018-06-09 16:50:10 - [TEST_STEP][PASSED] - setText: Text '10' is set on object 'Object Repository/DispensaryToStore/Page_Dispensary Store/input_txttreat'

2018-06-09 16:50:10 - [MESSAGE][PASSED] - Text '10' is set on object 'Object Repository/DispensaryToStore/Page_Dispensary Store/input_txttreat'

2018-06-09 16:50:10 - [TEST_STEP][PASSED] - click: Object: 'Object Repository/DispensaryToStore/Page_Dispensary Store/button_Add' is clicked on

2018-06-09 16:50:10 - [MESSAGE][PASSED] - Object: 'Object Repository/DispensaryToStore/Page_Dispensary Store/button_Add' is clicked on

2018-06-09 16:50:10 - [TEST_STEP][PASSED] - selectOptionByIndex: All options with index in [3] are selected on object 'Object Repository/DispensaryToStore/Page_Dispensary Store/select_--Select--Schedule 1Inj'

2018-06-09 16:50:10 - [MESSAGE][PASSED] - All options with index in [3] are selected on object 'Object Repository/DispensaryToStore/Page_Dispensary Store/select_--Select--Schedule 1Inj'

2018-06-09 16:50:10 - [TEST_STEP][PASSED] - selectOptionByIndex: All options with index in [31] are selected on object 'Object Repository/DispensaryToStore/Page_Dispensary Store/select_--Select--Adernaline 0.'

2018-06-09 16:50:10 - [MESSAGE][PASSED] - All options with index in [31] are selected on object 'Object Repository/DispensaryToStore/Page_Dispensary Store/select_--Select--Adernaline 0.'

2018-06-09 16:50:10 - [TEST_STEP][PASSED] - setText: Text '10' is set on object 'Object Repository/DispensaryToStore/Page_Dispensary Store/input_txttreat'

2018-06-09 16:50:11 - [MESSAGE][PASSED] - Text '10' is set on object 'Object Repository/DispensaryToStore/Page_Dispensary Store/input_txttreat'

2018-06-09 16:50:11 - [TEST_STEP][PASSED] - click: Object: 'Object Repository/DispensaryToStore/Page_Dispensary Store/button_Add' is clicked on

2018-06-09 16:50:11 - [MESSAGE][PASSED] - Object: 'Object Repository/DispensaryToStore/Page_Dispensary Store/button_Add' is clicked on

2018-06-09 16:50:11 - [TEST_STEP][PASSED] - selectOptionByIndex: All options with index in [3] are selected on object 'Object Repository/DispensaryToStore/Page_Dispensary Store/select_--Select--Schedule 1Inj'

2018-06-09 16:50:11 - [MESSAGE][PASSED] - All options with index in [3] are selected on object 'Object Repository/DispensaryToStore/Page_Dispensary Store/select_--Select--Schedule 1Inj'

2018-06-09 16:50:11 - [TEST_STEP][PASSED] - selectOptionByIndex: All options with index in [32] are selected on object 'Object Repository/DispensaryToStore/Page_Dispensary Store/select_--Select--Adernaline 0.'

2018-06-09 16:50:11 - [MESSAGE][PASSED] - All options with index in [32] are selected on object 'Object Repository/DispensaryToStore/Page_Dispensary Store/select_--Select--Adernaline 0.'

2018-06-09 16:50:11 - [TEST_STEP][PASSED] - setText: Text '10' is set on object 'Object Repository/DispensaryToStore/Page_Dispensary Store/input_txttreat'

2018-06-09 16:50:11 - [MESSAGE][PASSED] - Text '10' is set on object 'Object Repository/DispensaryToStore/Page_Dispensary Store/input_txttreat'

2018-06-09 16:50:11 - [TEST_STEP][PASSED] - click: Object: 'Object Repository/DispensaryToStore/Page_Dispensary Store/button_Add' is clicked on

2018-06-09 16:50:11 - [MESSAGE][PASSED] - Object: 'Object Repository/DispensaryToStore/Page_Dispensary Store/button_Add' is clicked on

2018-06-09 16:50:11 - [TEST_STEP][PASSED] - selectOptionByIndex: All options with index in [3] are selected on object 'Object Repository/DispensaryToStore/Page_Dispensary Store/select_--Select--Schedule 1Inj'

2018-06-09 16:50:12 - [MESSAGE][PASSED] - All options with index in [3] are selected on object 'Object Repository/DispensaryToStore/Page_Dispensary Store/select_--Select--Schedule 1Inj'

2018-06-09 16:50:12 - [TEST_STEP][PASSED] - selectOptionByIndex: All options with index in [33] are selected on object 'Object Repository/DispensaryToStore/Page_Dispensary Store/select_--Select--Adernaline 0.'

2018-06-09 16:50:12 - [MESSAGE][PASSED] - All options with index in [33] are selected on object 'Object Repository/DispensaryToStore/Page_Dispensary Store/select_--Select--Adernaline 0.'

2018-06-09 16:50:12 - [TEST_STEP][PASSED] - setText: Text '10' is set on object 'Object Repository/DispensaryToStore/Page_Dispensary Store/input_txttreat'

2018-06-09 16:50:12 - [MESSAGE][PASSED] - Text '10' is set on object 'Object Repository/DispensaryToStore/Page_Dispensary Store/input_txttreat'

2018-06-09 16:50:12 - [TEST_STEP][PASSED] - click: Object: 'Object Repository/DispensaryToStore/Page_Dispensary Store/button_Add' is clicked on

2018-06-09 16:50:12 - [MESSAGE][PASSED] - Object: 'Object Repository/DispensaryToStore/Page_Dispensary Store/button_Add' is clicked on

2018-06-09 16:50:12 - [TEST_STEP][PASSED] - selectOptionByIndex: All options with index in [3] are selected on object 'Object Repository/DispensaryToStore/Page_Dispensary Store/select_--Select--Schedule 1Inj'

2018-06-09 16:50:12 - [MESSAGE][PASSED] - All options with index in [3] are selected on object 'Object Repository/DispensaryToStore/Page_Dispensary Store/select_--Select--Schedule 1Inj'

2018-06-09 16:50:12 - [TEST_STEP][PASSED] - selectOptionByIndex: All options with index in [34] are selected on object 'Object Repository/DispensaryToStore/Page_Dispensary Store/select_--Select--Adernaline 0.'

2018-06-09 16:50:13 - [MESSAGE][PASSED] - All options with index in [34] are selected on object 'Object Repository/DispensaryToStore/Page_Dispensary Store/select_--Select--Adernaline 0.'

2018-06-09 16:50:13 - [TEST_STEP][PASSED] - setText: Text '10' is set on object 'Object Repository/DispensaryToStore/Page_Dispensary Store/input_txttreat'

2018-06-09 16:50:13 - [MESSAGE][PASSED] - Text '10' is set on object 'Object Repository/DispensaryToStore/Page_Dispensary Store/input_txttreat'

2018-06-09 16:50:13 - [TEST_STEP][PASSED] - click: Object: 'Object Repository/DispensaryToStore/Page_Dispensary Store/button_Add' is clicked on

2018-06-09 16:50:13 - [MESSAGE][PASSED] - Object: 'Object Repository/DispensaryToStore/Page_Dispensary Store/button_Add' is clicked on

2018-06-09 16:50:13 - [TEST_STEP][PASSED] - selectOptionByIndex: All options with index in [3] are selected on object 'Object Repository/DispensaryToStore/Page_Dispensary Store/select_--Select--Schedule 1Inj'

2018-06-09 16:50:13 - [MESSAGE][PASSED] - All options with index in [3] are selected on object 'Object Repository/DispensaryToStore/Page_Dispensary Store/select_--Select--Schedule 1Inj'

2018-06-09 16:50:13 - [TEST_STEP][PASSED] - selectOptionByIndex: All options with index in [35] are selected on object 'Object Repository/DispensaryToStore/Page_Dispensary Store/select_--Select--Adernaline 0.'

2018-06-09 16:50:14 - [MESSAGE][PASSED] - All options with index in [35] are selected on object 'Object Repository/DispensaryToStore/Page_Dispensary Store/select_--Select--Adernaline 0.'

2018-06-09 16:50:14 - [TEST_STEP][PASSED] - setText: Text '10' is set on object 'Object Repository/DispensaryToStore/Page_Dispensary Store/input_txttreat'

2018-06-09 16:50:14 - [MESSAGE][PASSED] - Text '10' is set on object 'Object Repository/DispensaryToStore/Page_Dispensary Store/input_txttreat'

2018-06-09 16:50:14 - [TEST_STEP][PASSED] - click: Object: 'Object Repository/DispensaryToStore/Page_Dispensary Store/button_Add' is clicked on

2018-06-09 16:50:14 - [MESSAGE][PASSED] - Object: 'Object Repository/DispensaryToStore/Page_Dispensary Store/button_Add' is clicked on

2018-06-09 16:50:14 - [TEST_STEP][PASSED] - selectOptionByIndex: All options with index in [3] are selected on object 'Object Repository/DispensaryToStore/Page_Dispensary Store/select_--Select--Schedule 1Inj'

2018-06-09 16:50:14 - [MESSAGE][PASSED] - All options with index in [3] are selected on object 'Object Repository/DispensaryToStore/Page_Dispensary Store/select_--Select--Schedule 1Inj'

2018-06-09 16:50:14 - [TEST_STEP][PASSED] - selectOptionByIndex: All options with index in [36] are selected on object 'Object Repository/DispensaryToStore/Page_Dispensary Store/select_--Select--Adernaline 0.'

2018-06-09 16:50:15 - [MESSAGE][PASSED] - All options with index in [36] are selected on object 'Object Repository/DispensaryToStore/Page_Dispensary Store/select_--Select--Adernaline 0.'

2018-06-09 16:50:15 - [TEST_STEP][PASSED] - setText: Text '10' is set on object 'Object Repository/DispensaryToStore/Page_Dispensary Store/input_txttreat'

2018-06-09 16:50:15 - [MESSAGE][PASSED] - Text '10' is set on object 'Object Repository/DispensaryToStore/Page_Dispensary Store/input_txttreat'

2018-06-09 16:50:15 - [TEST_STEP][PASSED] - click: Object: 'Object Repository/DispensaryToStore/Page_Dispensary Store/button_Add' is clicked on

2018-06-09 16:50:15 - [MESSAGE][PASSED] - Object: 'Object Repository/DispensaryToStore/Page_Dispensary Store/button_Add' is clicked on

2018-06-09 16:50:15 - [TEST_STEP][PASSED] - scrollToElement: Scroll to object 'Object Repository/DispensaryToStore/Page_Dispensary Store/input_btnsave' successfully

2018-06-09 16:50:15 - [MESSAGE][PASSED] - Scroll to object 'Object Repository/DispensaryToStore/Page_Dispensary Store/input_btnsave' successfully

2018-06-09 16:50:15 - [TEST_STEP][PASSED] - click: Object: 'Object Repository/DispensaryToStore/Page_Dispensary Store/input_btnsave' is clicked on

2018-06-09 16:50:15 - [MESSAGE][PASSED] - Object: 'Object Repository/DispensaryToStore/Page_Dispensary Store/input_btnsave' is clicked on

2018-06-09 16:50:15 - [TEST_STEP][PASSED] - delay: Delayed 3 second(s)

2018-06-09 16:50:18 - [MESSAGE][PASSED] - Delayed 3 second(s)

2018-06-09 16:50:18 - [TEST_STEP][PASSED] - Statement - RN1 = com.kms.katalon.core.webui.keyword.WebUiBuiltInKeywords.getText(com.kms.katalon.core.testobject.ObjectRepository.findTestObject(DispensaryToStore/Page_Dispensary Store/font_HPRNO180520187)): Text of object 'Object Repository/DispensaryToStore/Page_Dispensary Store/font_HPRNO180520187' is: 'DPRNO/09062018/210'

2018-06-09 16:50:18 - [MESSAGE][PASSED] - Text of object 'Object Repository/DispensaryToStore/Page_Dispensary Store/font_HPRNO180520187' is: 'DPRNO/09062018/210'

2018-06-09 16:50:18 - [TEST_STEP][PASSED] - Statement - out.println(RN1): null

2018-06-09 16:50:18 - [TEST_STEP][PASSED] - Statement - RID = RN1.split("/")[2]: null

2018-06-09 16:50:18 - [TEST_STEP][PASSED] - click: Object: 'Object Repository/DispensaryToStore/Page_Dispensary Store/button_OK' is clicked on

2018-06-09 16:50:19 - [MESSAGE][PASSED] - Object: 'Object Repository/DispensaryToStore/Page_Dispensary Store/button_OK' is clicked on

2018-06-09 16:50:19 - [TEST_STEP][PASSED] - delay: Delayed 3 second(s)

2018-06-09 16:50:22 - [MESSAGE][PASSED] - Delayed 3 second(s)

2018-06-09 16:50:22 - [TEST_STEP][PASSED] - waitForElementPresent: Object 'Object Repository/DispensaryToStore/Page_Dispensary Store/a_dropdown-toggle' is present

2018-06-09 16:50:22 - [MESSAGE][PASSED] - Object 'Object Repository/DispensaryToStore/Page_Dispensary Store/a_dropdown-toggle' is present

2018-06-09 16:50:22 - [TEST_STEP][PASSED] - click: Object: 'Object Repository/DispensaryToStore/Page_Dispensary Store/a_dropdown-toggle' is clicked on

2018-06-09 16:50:23 - [MESSAGE][PASSED] - Object: 'Object Repository/DispensaryToStore/Page_Dispensary Store/a_dropdown-toggle' is clicked on

2018-06-09 16:50:23 - [TEST_STEP][PASSED] - click: Object: 'Object Repository/DispensaryToStore/Page_Dispensary Store/a_Sign out' is clicked on

2018-06-09 16:50:24 - [MESSAGE][PASSED] - Object: 'Object Repository/DispensaryToStore/Page_Dispensary Store/a_Sign out' is clicked on

2018-06-09 16:50:24 - [TEST_STEP][PASSED] - delay: Delayed 3 second(s)

2018-06-09 16:50:27 - [MESSAGE][PASSED] - Delayed 3 second(s)

2018-06-09 16:50:27 - [TEST_STEP][PASSED] - navigateToUrl: Navigate to 'http://192.168.137.1/multihospital_new/' successfully

2018-06-09 16:50:27 - [MESSAGE][PASSED] - Navigate to 'http://192.168.137.1/multihospital_new/' successfully

2018-06-09 16:50:27 - [TEST_STEP][PASSED] - click: Object: 'Object Repository/DispensaryToStore/Page_KDMC/a_CMO' is clicked on

2018-06-09 16:50:28 - [MESSAGE][PASSED] - Object: 'Object Repository/DispensaryToStore/Page_KDMC/a_CMO' is clicked on

2018-06-09 16:50:28 - [TEST_STEP][PASSED] - setText: Text 'guru' is set on object 'Object Repository/DispensaryToStore/Page_CMO login/input_txtusername'

2018-06-09 16:50:28 - [MESSAGE][PASSED] - Text 'guru' is set on object 'Object Repository/DispensaryToStore/Page_CMO login/input_txtusername'

2018-06-09 16:50:28 - [TEST_STEP][PASSED] - setText: Text '123' is set on object 'Object Repository/DispensaryToStore/Page_CMO login/input_txtpassword'

2018-06-09 16:50:28 - [MESSAGE][PASSED] - Text '123' is set on object 'Object Repository/DispensaryToStore/Page_CMO login/input_txtpassword'

2018-06-09 16:50:28 - [TEST_STEP][PASSED] - delay: Delayed 3 second(s)

2018-06-09 16:50:31 - [MESSAGE][PASSED] - Delayed 3 second(s)

2018-06-09 16:50:31 - [TEST_STEP][PASSED] - click: Object: 'Object Repository/DispensaryToStore/Page_CMO login/button_Sign in' is clicked on

2018-06-09 16:50:34 - [MESSAGE][PASSED] - Object: 'Object Repository/DispensaryToStore/Page_CMO login/button_Sign in' is clicked on

2018-06-09 16:50:34 - [TEST_STEP][PASSED] - click: Object: 'Object Repository/DispensaryToStore/Page_KDMC - CMO/a_Department Wise Request' is clicked on

2018-06-09 16:50:36 - [MESSAGE][PASSED] - Object: 'Object Repository/DispensaryToStore/Page_KDMC - CMO/a_Department Wise Request' is clicked on

2018-06-09 16:50:36 - [TEST_STEP][PASSED] - delay: Delayed 2 second(s)

2018-06-09 16:50:38 - [MESSAGE][PASSED] - Delayed 2 second(s)

2018-06-09 16:50:38 - [TEST_STEP][PASSED] - selectOptionByIndex: All options with index in [6] are selected on object 'Object Repository/DispensaryToStore/Page_KDMC - CMO/select_--ALL--'

2018-06-09 16:50:38 - [MESSAGE][PASSED] - All options with index in [6] are selected on object 'Object Repository/DispensaryToStore/Page_KDMC - CMO/select_--ALL--'

2018-06-09 16:50:38 - [TEST_STEP][PASSED] - click: Object: 'Object Repository/DispensaryToStore/Page_KDMC - CMO/input_btnsearch' is clicked on

2018-06-09 16:50:38 - [MESSAGE][PASSED] - Object: 'Object Repository/DispensaryToStore/Page_KDMC - CMO/input_btnsearch' is clicked on

2018-06-09 16:50:38 - [TEST_STEP][PASSED] - selectOptionByIndex: All options with index in [1] are selected on object 'Object Repository/DispensaryToStore/Page_KDMC - CMO/select_--ALL--                _1'

2018-06-09 16:50:39 - [MESSAGE][PASSED] - All options with index in [1] are selected on object 'Object Repository/DispensaryToStore/Page_KDMC - CMO/select_--ALL--                _1'

2018-06-09 16:50:39 - [TEST_STEP][PASSED] - click: Object: 'Object Repository/DispensaryToStore/Page_KDMC - CMO/input_btnsearch' is clicked on

2018-06-09 16:50:39 - [MESSAGE][PASSED] - Object: 'Object Repository/DispensaryToStore/Page_KDMC - CMO/input_btnsearch' is clicked on

2018-06-09 16:50:39 - [TEST_STEP][PASSED] - Statement - ID = com.kms.katalon.core.webui.keyword.WebUiBuiltInKeywords.modifyObjectProperty(com.kms.katalon.core.testobject.ObjectRepository.findTestObject(lab/Page_KDMC - CMO/input_1), "xpath", "equals", "//*[@id=" + RID + "]", true): Modify property of object successfully

2018-06-09 16:50:39 - [MESSAGE][PASSED] - Modify property of object successfully

2018-06-09 16:50:39 - [TEST_STEP][PASSED] - click: Object: 'Object Repository/lab/Page_KDMC - CMO/input_1' is clicked on

2018-06-09 16:50:39 - [MESSAGE][PASSED] - Object: 'Object Repository/lab/Page_KDMC - CMO/input_1' is clicked on

2018-06-09 16:50:39 - [TEST_STEP][PASSED] - delay: Delayed 2 second(s)

2018-06-09 16:50:41 - [MESSAGE][PASSED] - Delayed 2 second(s)

2018-06-09 16:50:41 - [TEST_STEP][PASSED] - selectOptionByIndex: All options with index in [1] are selected on object 'Object Repository/DispensaryToStore/Page_KDMC - CMO/select_--Select--'

2018-06-09 16:50:41 - [MESSAGE][PASSED] - All options with index in [1] are selected on object 'Object Repository/DispensaryToStore/Page_KDMC - CMO/select_--Select--'

2018-06-09 16:50:41 - [TEST_STEP][PASSED] - click: Object: 'Object Repository/DispensaryToStore/Page_KDMC - CMO/input_btnupdate' is clicked on

2018-06-09 16:50:42 - [MESSAGE][PASSED] - Object: 'Object Repository/DispensaryToStore/Page_KDMC - CMO/input_btnupdate' is clicked on

2018-06-09 16:50:42 - [TEST_STEP][PASSED] - delay: Delayed 2 second(s)

2018-06-09 16:50:44 - [MESSAGE][PASSED] - Delayed 2 second(s)

2018-06-09 16:50:44 - [TEST_STEP][PASSED] - click: Object: 'Object Repository/DispensaryToStore/Page_KDMC - CMO/button_OK' is clicked on

2018-06-09 16:50:44 - [MESSAGE][PASSED] - Object: 'Object Repository/DispensaryToStore/Page_KDMC - CMO/button_OK' is clicked on

2018-06-09 16:50:44 - [TEST_STEP][PASSED] - delay: Delayed 2 second(s)

2018-06-09 16:50:46 - [MESSAGE][PASSED] - Delayed 2 second(s)

2018-06-09 16:50:46 - [TEST_STEP][PASSED] - waitForElementPresent: Object 'Object Repository/DispensaryToStore/Page_Dispensary Store/a_dropdown-toggle' is not present after 20 second(s)

2018-06-09 16:51:07 - [MESSAGE][WARNING] - Object 'Object Repository/DispensaryToStore/Page_Dispensary Store/a_dropdown-toggle' is not present after 20 second(s)

2018-06-09 16:51:07 - [TEST_STEP][PASSED] - click: Object: 'Object Repository/DispensaryToStore/Page_KDMC - CMO/a_dropdown-toggle' is clicked on

2018-06-09 16:51:07 - [MESSAGE][PASSED] - Object: 'Object Repository/DispensaryToStore/Page_KDMC - CMO/a_dropdown-toggle' is clicked on

2018-06-09 16:51:07 - [TEST_STEP][PASSED] - click: Object: 'Object Repository/DispensaryToStore/Page_KDMC - CMO/a_Sign out' is clicked on

2018-06-09 16:51:07 - [MESSAGE][PASSED] - Object: 'Object Repository/DispensaryToStore/Page_KDMC - CMO/a_Sign out' is clicked on

2018-06-09 16:51:07 - [TEST_STEP][PASSED] - delay: Delayed 3 second(s)

2018-06-09 16:51:10 - [MESSAGE][PASSED] - Delayed 3 second(s)

2018-06-09 16:51:10 - [TEST_STEP][PASSED] - click: Object: 'Object Repository/DispensaryToStore/Page_KDMC/a_Divisional Store' is clicked on

2018-06-09 16:51:11 - [MESSAGE][PASSED] - Object: 'Object Repository/DispensaryToStore/Page_KDMC/a_Divisional Store' is clicked on

2018-06-09 16:51:11 - [TEST_STEP][PASSED] - setText: Text 'ragu' is set on object 'Object Repository/DispensaryToStore/Page_Divisonal Store Login/input_txtusername'

2018-06-09 16:51:11 - [MESSAGE][PASSED] - Text 'ragu' is set on object 'Object Repository/DispensaryToStore/Page_Divisonal Store Login/input_txtusername'

2018-06-09 16:51:11 - [TEST_STEP][PASSED] - setText: Text '123' is set on object 'Object Repository/DispensaryToStore/Page_Divisonal Store Login/input_txtpassword'

2018-06-09 16:51:11 - [MESSAGE][PASSED] - Text '123' is set on object 'Object Repository/DispensaryToStore/Page_Divisonal Store Login/input_txtpassword'

2018-06-09 16:51:11 - [TEST_STEP][PASSED] - delay: Delayed 3 second(s)

2018-06-09 16:51:14 - [MESSAGE][PASSED] - Delayed 3 second(s)

2018-06-09 16:51:14 - [TEST_STEP][PASSED] - click: Object: 'Object Repository/DispensaryToStore/Page_Divisonal Store Login/button_Sign in' is clicked on

2018-06-09 16:51:16 - [MESSAGE][PASSED] - Object: 'Object Repository/DispensaryToStore/Page_Divisonal Store Login/button_Sign in' is clicked on

2018-06-09 16:51:16 - [TEST_STEP][PASSED] - delay: Delayed 3 second(s)

2018-06-09 16:51:19 - [MESSAGE][PASSED] - Delayed 3 second(s)

2018-06-09 16:51:19 - [TEST_STEP][PASSED] - scrollToPosition: Browser is scrolled to position x = 100, y = 100

2018-06-09 16:51:19 - [MESSAGE][PASSED] - Browser is scrolled to position x = 100, y = 100

2018-06-09 16:51:19 - [TEST_STEP][PASSED] - click: Object: 'Object Repository/DispensaryToStore/Page_Store/a_Dispensary Request' is clicked on

2018-06-09 16:51:19 - [MESSAGE][PASSED] - Object: 'Object Repository/DispensaryToStore/Page_Store/a_Dispensary Request' is clicked on

2018-06-09 16:51:19 - [TEST_STEP][PASSED] - delay: Delayed 2 second(s)

2018-06-09 16:51:21 - [MESSAGE][PASSED] - Delayed 2 second(s)

2018-06-09 16:51:21 - [TEST_STEP][PASSED] - click: Object: 'Object Repository/DispensaryToStore/Page_Store/a_Request Item Dispensary' is clicked on

2018-06-09 16:51:22 - [MESSAGE][PASSED] - Object: 'Object Repository/DispensaryToStore/Page_Store/a_Request Item Dispensary' is clicked on

2018-06-09 16:51:22 - [TEST_STEP][PASSED] - Statement - ChooseRequest = com.kms.katalon.core.webui.keyword.WebUiBuiltInKeywords.modifyObjectProperty(com.kms.katalon.core.testobject.ObjectRepository.findTestObject(lab/Page_Store/input_1), "xpath", "equals", "//*[@id=" + RID + "]", true): Modify property of object successfully

2018-06-09 16:51:22 - [MESSAGE][PASSED] - Modify property of object successfully

2018-06-09 16:51:22 - [TEST_STEP][PASSED] - click: Object: 'Object Repository/lab/Page_Store/input_1' is clicked on

2018-06-09 16:51:23 - [MESSAGE][PASSED] - Object: 'Object Repository/lab/Page_Store/input_1' is clicked on

2018-06-09 16:51:23 - [TEST_STEP][PASSED] - Statement - selectedoptions = com.kms.katalon.core.webui.keyword.WebUiBuiltInKeywords.getNumberOfTotalOption(com.kms.katalon.core.testobject.ObjectRepository.findTestObject(DispensaryToStore/Page_Store/select_--Select--Adernaline 0.)): 37 options of object 'Object Repository/DispensaryToStore/Page_Store/select_--Select--Adernaline 0.' counted

2018-06-09 16:51:23 - [MESSAGE][PASSED] - 37 options of object 'Object Repository/DispensaryToStore/Page_Store/select_--Select--Adernaline 0.' counted

2018-06-09 16:51:23 - [TEST_STEP][PASSED] - Statement - For ([a = 1, a <= selectedoptions - 1, (a++)]): null

2018-06-09 16:51:23 - [TEST_STEP][PASSED] - selectOptionByIndex: All options with index in [1] are selected on object 'Object Repository/DispensaryToStore/Page_Store/select_--Select--Adernaline 0.'

2018-06-09 16:51:23 - [MESSAGE][PASSED] - All options with index in [1] are selected on object 'Object Repository/DispensaryToStore/Page_Store/select_--Select--Adernaline 0.'

2018-06-09 16:51:23 - [TEST_STEP][PASSED] - delay: Delayed 2 second(s)

2018-06-09 16:51:25 - [MESSAGE][PASSED] - Delayed 2 second(s)

2018-06-09 16:51:25 - [TEST_STEP][PASSED] - Statement - RequestedQty = com.kms.katalon.core.webui.keyword.WebUiBuiltInKeywords.getAttribute(com.kms.katalon.core.testobject.ObjectRepository.findTestObject(DispensaryToStore/Page_Store/input_txttotal), "value"): Attribute 'value' of object 'Object Repository/DispensaryToStore/Page_Store/input_txttotal' is: '10'

2018-06-09 16:51:25 - [MESSAGE][PASSED] - Attribute 'value' of object 'Object Repository/DispensaryToStore/Page_Store/input_txttotal' is: '10'

2018-06-09 16:51:25 - [TEST_STEP][PASSED] - Statement - out.println("Requested QTY : " + RequestedQty): null

2018-06-09 16:51:25 - [TEST_STEP][PASSED] - Statement - BatchNumber = com.kms.katalon.core.webui.keyword.WebUiBuiltInKeywords.getNumberOfTotalOption(com.kms.katalon.core.testobject.ObjectRepository.findTestObject(DispensaryToStore/Page_Store/select_--Select--BA1170BA2376B)): 5 options of object 'Object Repository/DispensaryToStore/Page_Store/select_--Select--BA1170BA2376B' counted

2018-06-09 16:51:26 - [MESSAGE][PASSED] - 5 options of object 'Object Repository/DispensaryToStore/Page_Store/select_--Select--BA1170BA2376B' counted

2018-06-09 16:51:26 - [TEST_STEP][PASSED] - Statement - For ([g = 1, g <= BatchNumber - 1, (g++)]): null

2018-06-09 16:51:26 - [TEST_STEP][PASSED] - selectOptionByIndex: All options with index in [1] are selected on object 'Object Repository/DispensaryToStore/Page_Store/select_--Select--BA1170BA2376B'

2018-06-09 16:51:26 - [MESSAGE][PASSED] - All options with index in [1] are selected on object 'Object Repository/DispensaryToStore/Page_Store/select_--Select--BA1170BA2376B'

2018-06-09 16:51:26 - [TEST_STEP][PASSED] - Statement - Try: null

2018-06-09 16:51:26 - [TEST_STEP][PASSED] - Statement - StockQty = com.kms.katalon.core.webui.keyword.WebUiBuiltInKeywords.getAttribute(com.kms.katalon.core.testobject.ObjectRepository.findTestObject(DispensaryToStore/Page_Store/input_txtprice), "value"): Attribute 'value' of object 'Object Repository/DispensaryToStore/Page_Store/input_txtprice' is: '330'

2018-06-09 16:51:26 - [MESSAGE][PASSED] - Attribute 'value' of object 'Object Repository/DispensaryToStore/Page_Store/input_txtprice' is: '330'

2018-06-09 16:51:26 - [TEST_STEP][PASSED] - Statement - out.println("Stock QTY : " + StockQty): null

2018-06-09 16:51:26 - [TEST_STEP][PASSED] - delay: Delayed 2 second(s)

2018-06-09 16:51:28 - [MESSAGE][PASSED] - Delayed 2 second(s)

2018-06-09 16:51:28 - [TEST_STEP][PASSED] - Statement - If (java.lang.String.valueOf(StockQty) >= java.lang.String.valueOf(RequestedQty)): null

2018-06-09 16:51:28 - [TEST_STEP][PASSED] - setText: Text '10' is set on object 'Object Repository/DispensaryToStore/Page_Store/input_txtqty'

2018-06-09 16:51:28 - [MESSAGE][PASSED] - Text '10' is set on object 'Object Repository/DispensaryToStore/Page_Store/input_txtqty'

2018-06-09 16:51:28 - [TEST_STEP][PASSED] - click: Object: 'Object Repository/DispensaryToStore/Page_Store/button_Add' is clicked on

2018-06-09 16:51:28 - [MESSAGE][PASSED] - Object: 'Object Repository/DispensaryToStore/Page_Store/button_Add' is clicked on

2018-06-09 16:51:28 - [TEST_STEP][PASSED] - Statement - Break: null

2018-06-09 16:51:28 - [TEST_STEP][PASSED] - selectOptionByIndex: All options with index in [2] are selected on object 'Object Repository/DispensaryToStore/Page_Store/select_--Select--Adernaline 0.'

2018-06-09 16:51:28 - [MESSAGE][PASSED] - All options with index in [2] are selected on object 'Object Repository/DispensaryToStore/Page_Store/select_--Select--Adernaline 0.'

2018-06-09 16:51:28 - [TEST_STEP][PASSED] - delay: Delayed 2 second(s)

2018-06-09 16:51:30 - [MESSAGE][PASSED] - Delayed 2 second(s)

2018-06-09 16:51:30 - [TEST_STEP][PASSED] - Statement - RequestedQty = com.kms.katalon.core.webui.keyword.WebUiBuiltInKeywords.getAttribute(com.kms.katalon.core.testobject.ObjectRepository.findTestObject(DispensaryToStore/Page_Store/input_txttotal), "value"): Attribute 'value' of object 'Object Repository/DispensaryToStore/Page_Store/input_txttotal' is: '10'

2018-06-09 16:51:30 - [MESSAGE][PASSED] - Attribute 'value' of object 'Object Repository/DispensaryToStore/Page_Store/input_txttotal' is: '10'

2018-06-09 16:51:30 - [TEST_STEP][PASSED] - Statement - out.println("Requested QTY : " + RequestedQty): null

2018-06-09 16:51:30 - [TEST_STEP][PASSED] - Statement - BatchNumber = com.kms.katalon.core.webui.keyword.WebUiBuiltInKeywords.getNumberOfTotalOption(com.kms.katalon.core.testobject.ObjectRepository.findTestObject(DispensaryToStore/Page_Store/select_--Select--BA1170BA2376B)): 5 options of object 'Object Repository/DispensaryToStore/Page_Store/select_--Select--BA1170BA2376B' counted

2018-06-09 16:51:30 - [MESSAGE][PASSED] - 5 options of object 'Object Repository/DispensaryToStore/Page_Store/select_--Select--BA1170BA2376B' counted

2018-06-09 16:51:30 - [TEST_STEP][PASSED] - Statement - For ([g = 1, g <= BatchNumber - 1, (g++)]): null

2018-06-09 16:51:30 - [TEST_STEP][PASSED] - selectOptionByIndex: All options with index in [1] are selected on object 'Object Repository/DispensaryToStore/Page_Store/select_--Select--BA1170BA2376B'

2018-06-09 16:51:30 - [MESSAGE][PASSED] - All options with index in [1] are selected on object 'Object Repository/DispensaryToStore/Page_Store/select_--Select--BA1170BA2376B'

2018-06-09 16:51:30 - [TEST_STEP][PASSED] - Statement - Try: null

2018-06-09 16:51:30 - [TEST_STEP][PASSED] - Statement - StockQty = com.kms.katalon.core.webui.keyword.WebUiBuiltInKeywords.getAttribute(com.kms.katalon.core.testobject.ObjectRepository.findTestObject(DispensaryToStore/Page_Store/input_txtprice), "value"): Attribute 'value' of object 'Object Repository/DispensaryToStore/Page_Store/input_txtprice' is: '330'

2018-06-09 16:51:30 - [MESSAGE][PASSED] - Attribute 'value' of object 'Object Repository/DispensaryToStore/Page_Store/input_txtprice' is: '330'

2018-06-09 16:51:30 - [TEST_STEP][PASSED] - Statement - out.println("Stock QTY : " + StockQty): null

2018-06-09 16:51:30 - [TEST_STEP][PASSED] - delay: Delayed 2 second(s)

2018-06-09 16:51:32 - [MESSAGE][PASSED] - Delayed 2 second(s)

2018-06-09 16:51:32 - [TEST_STEP][PASSED] - Statement - If (java.lang.String.valueOf(StockQty) >= java.lang.String.valueOf(RequestedQty)): null

2018-06-09 16:51:32 - [TEST_STEP][PASSED] - setText: Text '10' is set on object 'Object Repository/DispensaryToStore/Page_Store/input_txtqty'

2018-06-09 16:51:32 - [MESSAGE][PASSED] - Text '10' is set on object 'Object Repository/DispensaryToStore/Page_Store/input_txtqty'

2018-06-09 16:51:32 - [TEST_STEP][PASSED] - click: Object: 'Object Repository/DispensaryToStore/Page_Store/button_Add' is clicked on

2018-06-09 16:51:33 - [MESSAGE][PASSED] - Object: 'Object Repository/DispensaryToStore/Page_Store/button_Add' is clicked on

2018-06-09 16:51:33 - [TEST_STEP][PASSED] - Statement - Break: null

2018-06-09 16:51:33 - [TEST_STEP][PASSED] - selectOptionByIndex: All options with index in [3] are selected on object 'Object Repository/DispensaryToStore/Page_Store/select_--Select--Adernaline 0.'

2018-06-09 16:51:33 - [MESSAGE][PASSED] - All options with index in [3] are selected on object 'Object Repository/DispensaryToStore/Page_Store/select_--Select--Adernaline 0.'

2018-06-09 16:51:33 - [TEST_STEP][PASSED] - delay: Delayed 2 second(s)

2018-06-09 16:51:35 - [MESSAGE][PASSED] - Delayed 2 second(s)

2018-06-09 16:51:35 - [TEST_STEP][PASSED] - Statement - RequestedQty = com.kms.katalon.core.webui.keyword.WebUiBuiltInKeywords.getAttribute(com.kms.katalon.core.testobject.ObjectRepository.findTestObject(DispensaryToStore/Page_Store/input_txttotal), "value"): Attribute 'value' of object 'Object Repository/DispensaryToStore/Page_Store/input_txttotal' is: '10'

2018-06-09 16:51:35 - [MESSAGE][PASSED] - Attribute 'value' of object 'Object Repository/DispensaryToStore/Page_Store/input_txttotal' is: '10'

2018-06-09 16:51:35 - [TEST_STEP][PASSED] - Statement - out.println("Requested QTY : " + RequestedQty): null

2018-06-09 16:51:35 - [TEST_STEP][PASSED] - Statement - BatchNumber = com.kms.katalon.core.webui.keyword.WebUiBuiltInKeywords.getNumberOfTotalOption(com.kms.katalon.core.testobject.ObjectRepository.findTestObject(DispensaryToStore/Page_Store/select_--Select--BA1170BA2376B)): 2 options of object 'Object Repository/DispensaryToStore/Page_Store/select_--Select--BA1170BA2376B' counted

2018-06-09 16:51:35 - [MESSAGE][PASSED] - 2 options of object 'Object Repository/DispensaryToStore/Page_Store/select_--Select--BA1170BA2376B' counted

2018-06-09 16:51:35 - [TEST_STEP][PASSED] - Statement - For ([g = 1, g <= BatchNumber - 1, (g++)]): null

2018-06-09 16:51:35 - [TEST_STEP][PASSED] - selectOptionByIndex: All options with index in [1] are selected on object 'Object Repository/DispensaryToStore/Page_Store/select_--Select--BA1170BA2376B'

2018-06-09 16:51:35 - [MESSAGE][PASSED] - All options with index in [1] are selected on object 'Object Repository/DispensaryToStore/Page_Store/select_--Select--BA1170BA2376B'

2018-06-09 16:51:35 - [TEST_STEP][PASSED] - Statement - Try: null

2018-06-09 16:51:35 - [TEST_STEP][PASSED] - Statement - StockQty = com.kms.katalon.core.webui.keyword.WebUiBuiltInKeywords.getAttribute(com.kms.katalon.core.testobject.ObjectRepository.findTestObject(DispensaryToStore/Page_Store/input_txtprice), "value"): Attribute 'value' of object 'Object Repository/DispensaryToStore/Page_Store/input_txtprice' is: '1830'

2018-06-09 16:51:35 - [MESSAGE][PASSED] - Attribute 'value' of object 'Object Repository/DispensaryToStore/Page_Store/input_txtprice' is: '1830'

2018-06-09 16:51:35 - [TEST_STEP][PASSED] - Statement - out.println("Stock QTY : " + StockQty): null

2018-06-09 16:51:35 - [TEST_STEP][PASSED] - delay: Delayed 2 second(s)

2018-06-09 16:51:37 - [MESSAGE][PASSED] - Delayed 2 second(s)

2018-06-09 16:51:37 - [TEST_STEP][PASSED] - Statement - If (java.lang.String.valueOf(StockQty) >= java.lang.String.valueOf(RequestedQty)): null

2018-06-09 16:51:37 - [TEST_STEP][PASSED] - setText: Text '10' is set on object 'Object Repository/DispensaryToStore/Page_Store/input_txtqty'

2018-06-09 16:51:37 - [MESSAGE][PASSED] - Text '10' is set on object 'Object Repository/DispensaryToStore/Page_Store/input_txtqty'

2018-06-09 16:51:37 - [TEST_STEP][PASSED] - click: Object: 'Object Repository/DispensaryToStore/Page_Store/button_Add' is clicked on

2018-06-09 16:51:37 - [MESSAGE][PASSED] - Object: 'Object Repository/DispensaryToStore/Page_Store/button_Add' is clicked on

2018-06-09 16:51:37 - [TEST_STEP][PASSED] - Statement - Break: null

2018-06-09 16:51:37 - [TEST_STEP][PASSED] - selectOptionByIndex: All options with index in [4] are selected on object 'Object Repository/DispensaryToStore/Page_Store/select_--Select--Adernaline 0.'

2018-06-09 16:51:37 - [MESSAGE][PASSED] - All options with index in [4] are selected on object 'Object Repository/DispensaryToStore/Page_Store/select_--Select--Adernaline 0.'

2018-06-09 16:51:37 - [TEST_STEP][PASSED] - delay: Delayed 2 second(s)

2018-06-09 16:51:39 - [MESSAGE][PASSED] - Delayed 2 second(s)

2018-06-09 16:51:39 - [TEST_STEP][PASSED] - Statement - RequestedQty = com.kms.katalon.core.webui.keyword.WebUiBuiltInKeywords.getAttribute(com.kms.katalon.core.testobject.ObjectRepository.findTestObject(DispensaryToStore/Page_Store/input_txttotal), "value"): Attribute 'value' of object 'Object Repository/DispensaryToStore/Page_Store/input_txttotal' is: '10'

2018-06-09 16:51:39 - [MESSAGE][PASSED] - Attribute 'value' of object 'Object Repository/DispensaryToStore/Page_Store/input_txttotal' is: '10'

2018-06-09 16:51:39 - [TEST_STEP][PASSED] - Statement - out.println("Requested QTY : " + RequestedQty): null

2018-06-09 16:51:39 - [TEST_STEP][PASSED] - Statement - BatchNumber = com.kms.katalon.core.webui.keyword.WebUiBuiltInKeywords.getNumberOfTotalOption(com.kms.katalon.core.testobject.ObjectRepository.findTestObject(DispensaryToStore/Page_Store/select_--Select--BA1170BA2376B)): 4 options of object 'Object Repository/DispensaryToStore/Page_Store/select_--Select--BA1170BA2376B' counted

2018-06-09 16:51:39 - [MESSAGE][PASSED] - 4 options of object 'Object Repository/DispensaryToStore/Page_Store/select_--Select--BA1170BA2376B' counted

2018-06-09 16:51:39 - [TEST_STEP][PASSED] - Statement - For ([g = 1, g <= BatchNumber - 1, (g++)]): null

2018-06-09 16:51:39 - [TEST_STEP][PASSED] - selectOptionByIndex: All options with index in [1] are selected on object 'Object Repository/DispensaryToStore/Page_Store/select_--Select--BA1170BA2376B'

2018-06-09 16:51:40 - [MESSAGE][PASSED] - All options with index in [1] are selected on object 'Object Repository/DispensaryToStore/Page_Store/select_--Select--BA1170BA2376B'

2018-06-09 16:51:40 - [TEST_STEP][PASSED] - Statement - Try: null

2018-06-09 16:51:40 - [TEST_STEP][PASSED] - Statement - StockQty = com.kms.katalon.core.webui.keyword.WebUiBuiltInKeywords.getAttribute(com.kms.katalon.core.testobject.ObjectRepository.findTestObject(DispensaryToStore/Page_Store/input_txtprice), "value"): Attribute 'value' of object 'Object Repository/DispensaryToStore/Page_Store/input_txtprice' is: '140'

2018-06-09 16:51:40 - [MESSAGE][PASSED] - Attribute 'value' of object 'Object Repository/DispensaryToStore/Page_Store/input_txtprice' is: '140'

2018-06-09 16:51:40 - [TEST_STEP][PASSED] - Statement - out.println("Stock QTY : " + StockQty): null

2018-06-09 16:51:40 - [TEST_STEP][PASSED] - delay: Delayed 2 second(s)

2018-06-09 16:51:42 - [MESSAGE][PASSED] - Delayed 2 second(s)

2018-06-09 16:51:42 - [TEST_STEP][PASSED] - Statement - If (java.lang.String.valueOf(StockQty) >= java.lang.String.valueOf(RequestedQty)): null

2018-06-09 16:51:42 - [TEST_STEP][PASSED] - setText: Text '10' is set on object 'Object Repository/DispensaryToStore/Page_Store/input_txtqty'

2018-06-09 16:51:42 - [MESSAGE][PASSED] - Text '10' is set on object 'Object Repository/DispensaryToStore/Page_Store/input_txtqty'

2018-06-09 16:51:42 - [TEST_STEP][PASSED] - click: Object: 'Object Repository/DispensaryToStore/Page_Store/button_Add' is clicked on

2018-06-09 16:51:42 - [MESSAGE][PASSED] - Object: 'Object Repository/DispensaryToStore/Page_Store/button_Add' is clicked on

2018-06-09 16:51:42 - [TEST_STEP][PASSED] - Statement - Break: null

2018-06-09 16:51:42 - [TEST_STEP][PASSED] - selectOptionByIndex: All options with index in [5] are selected on object 'Object Repository/DispensaryToStore/Page_Store/select_--Select--Adernaline 0.'

2018-06-09 16:51:42 - [MESSAGE][PASSED] - All options with index in [5] are selected on object 'Object Repository/DispensaryToStore/Page_Store/select_--Select--Adernaline 0.'

2018-06-09 16:51:42 - [TEST_STEP][PASSED] - delay: Delayed 2 second(s)

2018-06-09 16:51:44 - [MESSAGE][PASSED] - Delayed 2 second(s)

2018-06-09 16:51:44 - [TEST_STEP][PASSED] - Statement - RequestedQty = com.kms.katalon.core.webui.keyword.WebUiBuiltInKeywords.getAttribute(com.kms.katalon.core.testobject.ObjectRepository.findTestObject(DispensaryToStore/Page_Store/input_txttotal), "value"): Attribute 'value' of object 'Object Repository/DispensaryToStore/Page_Store/input_txttotal' is: '10'

2018-06-09 16:51:44 - [MESSAGE][PASSED] - Attribute 'value' of object 'Object Repository/DispensaryToStore/Page_Store/input_txttotal' is: '10'

2018-06-09 16:51:44 - [TEST_STEP][PASSED] - Statement - out.println("Requested QTY : " + RequestedQty): null

2018-06-09 16:51:44 - [TEST_STEP][PASSED] - Statement - BatchNumber = com.kms.katalon.core.webui.keyword.WebUiBuiltInKeywords.getNumberOfTotalOption(com.kms.katalon.core.testobject.ObjectRepository.findTestObject(DispensaryToStore/Page_Store/select_--Select--BA1170BA2376B)): 2 options of object 'Object Repository/DispensaryToStore/Page_Store/select_--Select--BA1170BA2376B' counted

2018-06-09 16:51:44 - [MESSAGE][PASSED] - 2 options of object 'Object Repository/DispensaryToStore/Page_Store/select_--Select--BA1170BA2376B' counted

2018-06-09 16:51:44 - [TEST_STEP][PASSED] - Statement - For ([g = 1, g <= BatchNumber - 1, (g++)]): null

2018-06-09 16:51:44 - [TEST_STEP][PASSED] - selectOptionByIndex: All options with index in [1] are selected on object 'Object Repository/DispensaryToStore/Page_Store/select_--Select--BA1170BA2376B'

2018-06-09 16:51:44 - [MESSAGE][PASSED] - All options with index in [1] are selected on object 'Object Repository/DispensaryToStore/Page_Store/select_--Select--BA1170BA2376B'

2018-06-09 16:51:44 - [TEST_STEP][PASSED] - Statement - Try: null

2018-06-09 16:51:44 - [TEST_STEP][PASSED] - Statement - StockQty = com.kms.katalon.core.webui.keyword.WebUiBuiltInKeywords.getAttribute(com.kms.katalon.core.testobject.ObjectRepository.findTestObject(DispensaryToStore/Page_Store/input_txtprice), "value"): Attribute 'value' of object 'Object Repository/DispensaryToStore/Page_Store/input_txtprice' is: '1890'

2018-06-09 16:51:44 - [MESSAGE][PASSED] - Attribute 'value' of object 'Object Repository/DispensaryToStore/Page_Store/input_txtprice' is: '1890'

2018-06-09 16:51:44 - [TEST_STEP][PASSED] - Statement - out.println("Stock QTY : " + StockQty): null

2018-06-09 16:51:44 - [TEST_STEP][PASSED] - delay: Delayed 2 second(s)

2018-06-09 16:51:46 - [MESSAGE][PASSED] - Delayed 2 second(s)

2018-06-09 16:51:46 - [TEST_STEP][PASSED] - Statement - If (java.lang.String.valueOf(StockQty) >= java.lang.String.valueOf(RequestedQty)): null

2018-06-09 16:51:46 - [TEST_STEP][PASSED] - setText: Text '10' is set on object 'Object Repository/DispensaryToStore/Page_Store/input_txtqty'

2018-06-09 16:51:46 - [MESSAGE][PASSED] - Text '10' is set on object 'Object Repository/DispensaryToStore/Page_Store/input_txtqty'

2018-06-09 16:51:46 - [TEST_STEP][PASSED] - click: Object: 'Object Repository/DispensaryToStore/Page_Store/button_Add' is clicked on

2018-06-09 16:51:46 - [MESSAGE][PASSED] - Object: 'Object Repository/DispensaryToStore/Page_Store/button_Add' is clicked on

2018-06-09 16:51:46 - [TEST_STEP][PASSED] - Statement - Break: null

2018-06-09 16:51:46 - [TEST_STEP][PASSED] - selectOptionByIndex: All options with index in [6] are selected on object 'Object Repository/DispensaryToStore/Page_Store/select_--Select--Adernaline 0.'

2018-06-09 16:51:47 - [MESSAGE][PASSED] - All options with index in [6] are selected on object 'Object Repository/DispensaryToStore/Page_Store/select_--Select--Adernaline 0.'

2018-06-09 16:51:47 - [TEST_STEP][PASSED] - delay: Delayed 2 second(s)

2018-06-09 16:51:49 - [MESSAGE][PASSED] - Delayed 2 second(s)

2018-06-09 16:51:49 - [TEST_STEP][PASSED] - Statement - RequestedQty = com.kms.katalon.core.webui.keyword.WebUiBuiltInKeywords.getAttribute(com.kms.katalon.core.testobject.ObjectRepository.findTestObject(DispensaryToStore/Page_Store/input_txttotal), "value"): Attribute 'value' of object 'Object Repository/DispensaryToStore/Page_Store/input_txttotal' is: '10'

2018-06-09 16:51:49 - [MESSAGE][PASSED] - Attribute 'value' of object 'Object Repository/DispensaryToStore/Page_Store/input_txttotal' is: '10'

2018-06-09 16:51:49 - [TEST_STEP][PASSED] - Statement - out.println("Requested QTY : " + RequestedQty): null

2018-06-09 16:51:49 - [TEST_STEP][PASSED] - Statement - BatchNumber = com.kms.katalon.core.webui.keyword.WebUiBuiltInKeywords.getNumberOfTotalOption(com.kms.katalon.core.testobject.ObjectRepository.findTestObject(DispensaryToStore/Page_Store/select_--Select--BA1170BA2376B)): 4 options of object 'Object Repository/DispensaryToStore/Page_Store/select_--Select--BA1170BA2376B' counted

2018-06-09 16:51:49 - [MESSAGE][PASSED] - 4 options of object 'Object Repository/DispensaryToStore/Page_Store/select_--Select--BA1170BA2376B' counted

2018-06-09 16:51:49 - [TEST_STEP][PASSED] - Statement - For ([g = 1, g <= BatchNumber - 1, (g++)]): null

2018-06-09 16:51:49 - [TEST_STEP][PASSED] - selectOptionByIndex: All options with index in [1] are selected on object 'Object Repository/DispensaryToStore/Page_Store/select_--Select--BA1170BA2376B'

2018-06-09 16:51:49 - [MESSAGE][PASSED] - All options with index in [1] are selected on object 'Object Repository/DispensaryToStore/Page_Store/select_--Select--BA1170BA2376B'

2018-06-09 16:51:49 - [TEST_STEP][PASSED] - Statement - Try: null

2018-06-09 16:51:49 - [TEST_STEP][PASSED] - Statement - StockQty = com.kms.katalon.core.webui.keyword.WebUiBuiltInKeywords.getAttribute(com.kms.katalon.core.testobject.ObjectRepository.findTestObject(DispensaryToStore/Page_Store/input_txtprice), "value"): Attribute 'value' of object 'Object Repository/DispensaryToStore/Page_Store/input_txtprice' is: '870'

2018-06-09 16:51:49 - [MESSAGE][PASSED] - Attribute 'value' of object 'Object Repository/DispensaryToStore/Page_Store/input_txtprice' is: '870'

2018-06-09 16:51:49 - [TEST_STEP][PASSED] - Statement - out.println("Stock QTY : " + StockQty): null

2018-06-09 16:51:49 - [TEST_STEP][PASSED] - delay: Delayed 2 second(s)

2018-06-09 16:51:51 - [MESSAGE][PASSED] - Delayed 2 second(s)

2018-06-09 16:51:51 - [TEST_STEP][PASSED] - Statement - If (java.lang.String.valueOf(StockQty) >= java.lang.String.valueOf(RequestedQty)): null

2018-06-09 16:51:51 - [TEST_STEP][PASSED] - setText: Text '10' is set on object 'Object Repository/DispensaryToStore/Page_Store/input_txtqty'

2018-06-09 16:51:51 - [MESSAGE][PASSED] - Text '10' is set on object 'Object Repository/DispensaryToStore/Page_Store/input_txtqty'

2018-06-09 16:51:51 - [TEST_STEP][PASSED] - click: Object: 'Object Repository/DispensaryToStore/Page_Store/button_Add' is clicked on

2018-06-09 16:51:51 - [MESSAGE][PASSED] - Object: 'Object Repository/DispensaryToStore/Page_Store/button_Add' is clicked on

2018-06-09 16:51:51 - [TEST_STEP][PASSED] - Statement - Break: null

2018-06-09 16:51:51 - [TEST_STEP][PASSED] - selectOptionByIndex: All options with index in [7] are selected on object 'Object Repository/DispensaryToStore/Page_Store/select_--Select--Adernaline 0.'

2018-06-09 16:51:51 - [MESSAGE][PASSED] - All options with index in [7] are selected on object 'Object Repository/DispensaryToStore/Page_Store/select_--Select--Adernaline 0.'

2018-06-09 16:51:51 - [TEST_STEP][PASSED] - delay: Delayed 2 second(s)

2018-06-09 16:51:53 - [MESSAGE][PASSED] - Delayed 2 second(s)

2018-06-09 16:51:53 - [TEST_STEP][PASSED] - Statement - RequestedQty = com.kms.katalon.core.webui.keyword.WebUiBuiltInKeywords.getAttribute(com.kms.katalon.core.testobject.ObjectRepository.findTestObject(DispensaryToStore/Page_Store/input_txttotal), "value"): Attribute 'value' of object 'Object Repository/DispensaryToStore/Page_Store/input_txttotal' is: '10'

2018-06-09 16:51:53 - [MESSAGE][PASSED] - Attribute 'value' of object 'Object Repository/DispensaryToStore/Page_Store/input_txttotal' is: '10'

2018-06-09 16:51:53 - [TEST_STEP][PASSED] - Statement - out.println("Requested QTY : " + RequestedQty): null

2018-06-09 16:51:53 - [TEST_STEP][PASSED] - Statement - BatchNumber = com.kms.katalon.core.webui.keyword.WebUiBuiltInKeywords.getNumberOfTotalOption(com.kms.katalon.core.testobject.ObjectRepository.findTestObject(DispensaryToStore/Page_Store/select_--Select--BA1170BA2376B)): 3 options of object 'Object Repository/DispensaryToStore/Page_Store/select_--Select--BA1170BA2376B' counted

2018-06-09 16:51:53 - [MESSAGE][PASSED] - 3 options of object 'Object Repository/DispensaryToStore/Page_Store/select_--Select--BA1170BA2376B' counted

2018-06-09 16:51:53 - [TEST_STEP][PASSED] - Statement - For ([g = 1, g <= BatchNumber - 1, (g++)]): null

2018-06-09 16:51:53 - [TEST_STEP][PASSED] - selectOptionByIndex: All options with index in [1] are selected on object 'Object Repository/DispensaryToStore/Page_Store/select_--Select--BA1170BA2376B'

2018-06-09 16:51:53 - [MESSAGE][PASSED] - All options with index in [1] are selected on object 'Object Repository/DispensaryToStore/Page_Store/select_--Select--BA1170BA2376B'

2018-06-09 16:51:53 - [TEST_STEP][PASSED] - Statement - Try: null

2018-06-09 16:51:53 - [TEST_STEP][PASSED] - Statement - StockQty = com.kms.katalon.core.webui.keyword.WebUiBuiltInKeywords.getAttribute(com.kms.katalon.core.testobject.ObjectRepository.findTestObject(DispensaryToStore/Page_Store/input_txtprice), "value"): Attribute 'value' of object 'Object Repository/DispensaryToStore/Page_Store/input_txtprice' is: '1790'

2018-06-09 16:51:54 - [MESSAGE][PASSED] - Attribute 'value' of object 'Object Repository/DispensaryToStore/Page_Store/input_txtprice' is: '1790'

2018-06-09 16:51:54 - [TEST_STEP][PASSED] - Statement - out.println("Stock QTY : " + StockQty): null

2018-06-09 16:51:54 - [TEST_STEP][PASSED] - delay: Delayed 2 second(s)

2018-06-09 16:51:56 - [MESSAGE][PASSED] - Delayed 2 second(s)

2018-06-09 16:51:56 - [TEST_STEP][PASSED] - Statement - If (java.lang.String.valueOf(StockQty) >= java.lang.String.valueOf(RequestedQty)): null

2018-06-09 16:51:56 - [TEST_STEP][PASSED] - setText: Text '10' is set on object 'Object Repository/DispensaryToStore/Page_Store/input_txtqty'

2018-06-09 16:51:56 - [MESSAGE][PASSED] - Text '10' is set on object 'Object Repository/DispensaryToStore/Page_Store/input_txtqty'

2018-06-09 16:51:56 - [TEST_STEP][PASSED] - click: Object: 'Object Repository/DispensaryToStore/Page_Store/button_Add' is clicked on

2018-06-09 16:51:56 - [MESSAGE][PASSED] - Object: 'Object Repository/DispensaryToStore/Page_Store/button_Add' is clicked on

2018-06-09 16:51:56 - [TEST_STEP][PASSED] - Statement - Break: null

2018-06-09 16:51:56 - [TEST_STEP][PASSED] - selectOptionByIndex: All options with index in [8] are selected on object 'Object Repository/DispensaryToStore/Page_Store/select_--Select--Adernaline 0.'

2018-06-09 16:51:56 - [MESSAGE][PASSED] - All options with index in [8] are selected on object 'Object Repository/DispensaryToStore/Page_Store/select_--Select--Adernaline 0.'

2018-06-09 16:51:56 - [TEST_STEP][PASSED] - delay: Delayed 2 second(s)

2018-06-09 16:51:58 - [MESSAGE][PASSED] - Delayed 2 second(s)

2018-06-09 16:51:58 - [TEST_STEP][PASSED] - Statement - RequestedQty = com.kms.katalon.core.webui.keyword.WebUiBuiltInKeywords.getAttribute(com.kms.katalon.core.testobject.ObjectRepository.findTestObject(DispensaryToStore/Page_Store/input_txttotal), "value"): Attribute 'value' of object 'Object Repository/DispensaryToStore/Page_Store/input_txttotal' is: '10'

2018-06-09 16:51:58 - [MESSAGE][PASSED] - Attribute 'value' of object 'Object Repository/DispensaryToStore/Page_Store/input_txttotal' is: '10'

2018-06-09 16:51:58 - [TEST_STEP][PASSED] - Statement - out.println("Requested QTY : " + RequestedQty): null

2018-06-09 16:51:58 - [TEST_STEP][PASSED] - Statement - BatchNumber = com.kms.katalon.core.webui.keyword.WebUiBuiltInKeywords.getNumberOfTotalOption(com.kms.katalon.core.testobject.ObjectRepository.findTestObject(DispensaryToStore/Page_Store/select_--Select--BA1170BA2376B)): 2 options of object 'Object Repository/DispensaryToStore/Page_Store/select_--Select--BA1170BA2376B' counted

2018-06-09 16:51:58 - [MESSAGE][PASSED] - 2 options of object 'Object Repository/DispensaryToStore/Page_Store/select_--Select--BA1170BA2376B' counted

2018-06-09 16:51:58 - [TEST_STEP][PASSED] - Statement - For ([g = 1, g <= BatchNumber - 1, (g++)]): null

2018-06-09 16:51:58 - [TEST_STEP][PASSED] - selectOptionByIndex: All options with index in [1] are selected on object 'Object Repository/DispensaryToStore/Page_Store/select_--Select--BA1170BA2376B'

2018-06-09 16:51:58 - [MESSAGE][PASSED] - All options with index in [1] are selected on object 'Object Repository/DispensaryToStore/Page_Store/select_--Select--BA1170BA2376B'

2018-06-09 16:51:58 - [TEST_STEP][PASSED] - Statement - Try: null

2018-06-09 16:51:58 - [TEST_STEP][PASSED] - Statement - StockQty = com.kms.katalon.core.webui.keyword.WebUiBuiltInKeywords.getAttribute(com.kms.katalon.core.testobject.ObjectRepository.findTestObject(DispensaryToStore/Page_Store/input_txtprice), "value"): Attribute 'value' of object 'Object Repository/DispensaryToStore/Page_Store/input_txtprice' is: '1890'

2018-06-09 16:51:58 - [MESSAGE][PASSED] - Attribute 'value' of object 'Object Repository/DispensaryToStore/Page_Store/input_txtprice' is: '1890'

2018-06-09 16:51:58 - [TEST_STEP][PASSED] - Statement - out.println("Stock QTY : " + StockQty): null

2018-06-09 16:51:58 - [TEST_STEP][PASSED] - delay: Delayed 2 second(s)

2018-06-09 16:52:00 - [MESSAGE][PASSED] - Delayed 2 second(s)

2018-06-09 16:52:00 - [TEST_STEP][PASSED] - Statement - If (java.lang.String.valueOf(StockQty) >= java.lang.String.valueOf(RequestedQty)): null

2018-06-09 16:52:00 - [TEST_STEP][PASSED] - setText: Text '10' is set on object 'Object Repository/DispensaryToStore/Page_Store/input_txtqty'

2018-06-09 16:52:00 - [MESSAGE][PASSED] - Text '10' is set on object 'Object Repository/DispensaryToStore/Page_Store/input_txtqty'

2018-06-09 16:52:00 - [TEST_STEP][PASSED] - click: Object: 'Object Repository/DispensaryToStore/Page_Store/button_Add' is clicked on

2018-06-09 16:52:00 - [MESSAGE][PASSED] - Object: 'Object Repository/DispensaryToStore/Page_Store/button_Add' is clicked on

2018-06-09 16:52:00 - [TEST_STEP][PASSED] - Statement - Break: null

2018-06-09 16:52:00 - [TEST_STEP][PASSED] - selectOptionByIndex: All options with index in [9] are selected on object 'Object Repository/DispensaryToStore/Page_Store/select_--Select--Adernaline 0.'

2018-06-09 16:52:01 - [MESSAGE][PASSED] - All options with index in [9] are selected on object 'Object Repository/DispensaryToStore/Page_Store/select_--Select--Adernaline 0.'

2018-06-09 16:52:01 - [TEST_STEP][PASSED] - delay: Delayed 2 second(s)

2018-06-09 16:52:03 - [MESSAGE][PASSED] - Delayed 2 second(s)

2018-06-09 16:52:03 - [TEST_STEP][PASSED] - Statement - RequestedQty = com.kms.katalon.core.webui.keyword.WebUiBuiltInKeywords.getAttribute(com.kms.katalon.core.testobject.ObjectRepository.findTestObject(DispensaryToStore/Page_Store/input_txttotal), "value"): Attribute 'value' of object 'Object Repository/DispensaryToStore/Page_Store/input_txttotal' is: '10'

2018-06-09 16:52:03 - [MESSAGE][PASSED] - Attribute 'value' of object 'Object Repository/DispensaryToStore/Page_Store/input_txttotal' is: '10'

2018-06-09 16:52:03 - [TEST_STEP][PASSED] - Statement - out.println("Requested QTY : " + RequestedQty): null

2018-06-09 16:52:03 - [TEST_STEP][PASSED] - Statement - BatchNumber = com.kms.katalon.core.webui.keyword.WebUiBuiltInKeywords.getNumberOfTotalOption(com.kms.katalon.core.testobject.ObjectRepository.findTestObject(DispensaryToStore/Page_Store/select_--Select--BA1170BA2376B)): 4 options of object 'Object Repository/DispensaryToStore/Page_Store/select_--Select--BA1170BA2376B' counted

2018-06-09 16:52:03 - [MESSAGE][PASSED] - 4 options of object 'Object Repository/DispensaryToStore/Page_Store/select_--Select--BA1170BA2376B' counted

2018-06-09 16:52:03 - [TEST_STEP][PASSED] - Statement - For ([g = 1, g <= BatchNumber - 1, (g++)]): null

2018-06-09 16:52:03 - [TEST_STEP][PASSED] - selectOptionByIndex: All options with index in [1] are selected on object 'Object Repository/DispensaryToStore/Page_Store/select_--Select--BA1170BA2376B'

2018-06-09 16:52:03 - [MESSAGE][PASSED] - All options with index in [1] are selected on object 'Object Repository/DispensaryToStore/Page_Store/select_--Select--BA1170BA2376B'

2018-06-09 16:52:03 - [TEST_STEP][PASSED] - Statement - Try: null

2018-06-09 16:52:03 - [TEST_STEP][PASSED] - Statement - StockQty = com.kms.katalon.core.webui.keyword.WebUiBuiltInKeywords.getAttribute(com.kms.katalon.core.testobject.ObjectRepository.findTestObject(DispensaryToStore/Page_Store/input_txtprice), "value"): Attribute 'value' of object 'Object Repository/DispensaryToStore/Page_Store/input_txtprice' is: '870'

2018-06-09 16:52:03 - [MESSAGE][PASSED] - Attribute 'value' of object 'Object Repository/DispensaryToStore/Page_Store/input_txtprice' is: '870'

2018-06-09 16:52:03 - [TEST_STEP][PASSED] - Statement - out.println("Stock QTY : " + StockQty): null

2018-06-09 16:52:03 - [TEST_STEP][PASSED] - delay: Delayed 2 second(s)

2018-06-09 16:52:05 - [MESSAGE][PASSED] - Delayed 2 second(s)

2018-06-09 16:52:05 - [TEST_STEP][PASSED] - Statement - If (java.lang.String.valueOf(StockQty) >= java.lang.String.valueOf(RequestedQty)): null

2018-06-09 16:52:05 - [TEST_STEP][PASSED] - setText: Text '10' is set on object 'Object Repository/DispensaryToStore/Page_Store/input_txtqty'

2018-06-09 16:52:05 - [MESSAGE][PASSED] - Text '10' is set on object 'Object Repository/DispensaryToStore/Page_Store/input_txtqty'

2018-06-09 16:52:05 - [TEST_STEP][PASSED] - click: Object: 'Object Repository/DispensaryToStore/Page_Store/button_Add' is clicked on

2018-06-09 16:52:05 - [MESSAGE][PASSED] - Object: 'Object Repository/DispensaryToStore/Page_Store/button_Add' is clicked on

2018-06-09 16:52:05 - [TEST_STEP][PASSED] - Statement - Break: null

2018-06-09 16:52:05 - [TEST_STEP][PASSED] - selectOptionByIndex: All options with index in [10] are selected on object 'Object Repository/DispensaryToStore/Page_Store/select_--Select--Adernaline 0.'

2018-06-09 16:52:05 - [MESSAGE][PASSED] - All options with index in [10] are selected on object 'Object Repository/DispensaryToStore/Page_Store/select_--Select--Adernaline 0.'

2018-06-09 16:52:05 - [TEST_STEP][PASSED] - delay: Delayed 2 second(s)

2018-06-09 16:52:07 - [MESSAGE][PASSED] - Delayed 2 second(s)

2018-06-09 16:52:07 - [TEST_STEP][PASSED] - Statement - RequestedQty = com.kms.katalon.core.webui.keyword.WebUiBuiltInKeywords.getAttribute(com.kms.katalon.core.testobject.ObjectRepository.findTestObject(DispensaryToStore/Page_Store/input_txttotal), "value"): Attribute 'value' of object 'Object Repository/DispensaryToStore/Page_Store/input_txttotal' is: '10'

2018-06-09 16:52:07 - [MESSAGE][PASSED] - Attribute 'value' of object 'Object Repository/DispensaryToStore/Page_Store/input_txttotal' is: '10'

2018-06-09 16:52:07 - [TEST_STEP][PASSED] - Statement - out.println("Requested QTY : " + RequestedQty): null

2018-06-09 16:52:07 - [TEST_STEP][PASSED] - Statement - BatchNumber = com.kms.katalon.core.webui.keyword.WebUiBuiltInKeywords.getNumberOfTotalOption(com.kms.katalon.core.testobject.ObjectRepository.findTestObject(DispensaryToStore/Page_Store/select_--Select--BA1170BA2376B)): 3 options of object 'Object Repository/DispensaryToStore/Page_Store/select_--Select--BA1170BA2376B' counted

2018-06-09 16:52:07 - [MESSAGE][PASSED] - 3 options of object 'Object Repository/DispensaryToStore/Page_Store/select_--Select--BA1170BA2376B' counted

2018-06-09 16:52:07 - [TEST_STEP][PASSED] - Statement - For ([g = 1, g <= BatchNumber - 1, (g++)]): null

2018-06-09 16:52:07 - [TEST_STEP][PASSED] - selectOptionByIndex: All options with index in [1] are selected on object 'Object Repository/DispensaryToStore/Page_Store/select_--Select--BA1170BA2376B'

2018-06-09 16:52:08 - [MESSAGE][PASSED] - All options with index in [1] are selected on object 'Object Repository/DispensaryToStore/Page_Store/select_--Select--BA1170BA2376B'

2018-06-09 16:52:08 - [TEST_STEP][PASSED] - Statement - Try: null

2018-06-09 16:52:08 - [TEST_STEP][PASSED] - Statement - StockQty = com.kms.katalon.core.webui.keyword.WebUiBuiltInKeywords.getAttribute(com.kms.katalon.core.testobject.ObjectRepository.findTestObject(DispensaryToStore/Page_Store/input_txtprice), "value"): Attribute 'value' of object 'Object Repository/DispensaryToStore/Page_Store/input_txtprice' is: '330'

2018-06-09 16:52:08 - [MESSAGE][PASSED] - Attribute 'value' of object 'Object Repository/DispensaryToStore/Page_Store/input_txtprice' is: '330'

2018-06-09 16:52:08 - [TEST_STEP][PASSED] - Statement - out.println("Stock QTY : " + StockQty): null

2018-06-09 16:52:08 - [TEST_STEP][PASSED] - delay: Delayed 2 second(s)

2018-06-09 16:52:10 - [MESSAGE][PASSED] - Delayed 2 second(s)

2018-06-09 16:52:10 - [TEST_STEP][PASSED] - Statement - If (java.lang.String.valueOf(StockQty) >= java.lang.String.valueOf(RequestedQty)): null

2018-06-09 16:52:10 - [TEST_STEP][PASSED] - setText: Text '10' is set on object 'Object Repository/DispensaryToStore/Page_Store/input_txtqty'

2018-06-09 16:52:10 - [MESSAGE][PASSED] - Text '10' is set on object 'Object Repository/DispensaryToStore/Page_Store/input_txtqty'

2018-06-09 16:52:10 - [TEST_STEP][PASSED] - click: Object: 'Object Repository/DispensaryToStore/Page_Store/button_Add' is clicked on

2018-06-09 16:52:10 - [MESSAGE][PASSED] - Object: 'Object Repository/DispensaryToStore/Page_Store/button_Add' is clicked on

2018-06-09 16:52:10 - [TEST_STEP][PASSED] - Statement - Break: null

2018-06-09 16:52:10 - [TEST_STEP][PASSED] - selectOptionByIndex: All options with index in [11] are selected on object 'Object Repository/DispensaryToStore/Page_Store/select_--Select--Adernaline 0.'

2018-06-09 16:52:10 - [MESSAGE][PASSED] - All options with index in [11] are selected on object 'Object Repository/DispensaryToStore/Page_Store/select_--Select--Adernaline 0.'

2018-06-09 16:52:10 - [TEST_STEP][PASSED] - delay: Delayed 2 second(s)

2018-06-09 16:52:12 - [MESSAGE][PASSED] - Delayed 2 second(s)

2018-06-09 16:52:12 - [TEST_STEP][PASSED] - Statement - RequestedQty = com.kms.katalon.core.webui.keyword.WebUiBuiltInKeywords.getAttribute(com.kms.katalon.core.testobject.ObjectRepository.findTestObject(DispensaryToStore/Page_Store/input_txttotal), "value"): Attribute 'value' of object 'Object Repository/DispensaryToStore/Page_Store/input_txttotal' is: '10'

2018-06-09 16:52:12 - [MESSAGE][PASSED] - Attribute 'value' of object 'Object Repository/DispensaryToStore/Page_Store/input_txttotal' is: '10'

2018-06-09 16:52:12 - [TEST_STEP][PASSED] - Statement - out.println("Requested QTY : " + RequestedQty): null

2018-06-09 16:52:12 - [TEST_STEP][PASSED] - Statement - BatchNumber = com.kms.katalon.core.webui.keyword.WebUiBuiltInKeywords.getNumberOfTotalOption(com.kms.katalon.core.testobject.ObjectRepository.findTestObject(DispensaryToStore/Page_Store/select_--Select--BA1170BA2376B)): 4 options of object 'Object Repository/DispensaryToStore/Page_Store/select_--Select--BA1170BA2376B' counted

2018-06-09 16:52:12 - [MESSAGE][PASSED] - 4 options of object 'Object Repository/DispensaryToStore/Page_Store/select_--Select--BA1170BA2376B' counted

2018-06-09 16:52:12 - [TEST_STEP][PASSED] - Statement - For ([g = 1, g <= BatchNumber - 1, (g++)]): null

2018-06-09 16:52:12 - [TEST_STEP][PASSED] - selectOptionByIndex: All options with index in [1] are selected on object 'Object Repository/DispensaryToStore/Page_Store/select_--Select--BA1170BA2376B'

2018-06-09 16:52:12 - [MESSAGE][PASSED] - All options with index in [1] are selected on object 'Object Repository/DispensaryToStore/Page_Store/select_--Select--BA1170BA2376B'

2018-06-09 16:52:12 - [TEST_STEP][PASSED] - Statement - Try: null

2018-06-09 16:52:12 - [TEST_STEP][PASSED] - Statement - StockQty = com.kms.katalon.core.webui.keyword.WebUiBuiltInKeywords.getAttribute(com.kms.katalon.core.testobject.ObjectRepository.findTestObject(DispensaryToStore/Page_Store/input_txtprice), "value"): Attribute 'value' of object 'Object Repository/DispensaryToStore/Page_Store/input_txtprice' is: '330'

2018-06-09 16:52:12 - [MESSAGE][PASSED] - Attribute 'value' of object 'Object Repository/DispensaryToStore/Page_Store/input_txtprice' is: '330'

2018-06-09 16:52:12 - [TEST_STEP][PASSED] - Statement - out.println("Stock QTY : " + StockQty): null

2018-06-09 16:52:12 - [TEST_STEP][PASSED] - delay: Delayed 2 second(s)

2018-06-09 16:52:14 - [MESSAGE][PASSED] - Delayed 2 second(s)

2018-06-09 16:52:14 - [TEST_STEP][PASSED] - Statement - If (java.lang.String.valueOf(StockQty) >= java.lang.String.valueOf(RequestedQty)): null

2018-06-09 16:52:14 - [TEST_STEP][PASSED] - setText: Text '10' is set on object 'Object Repository/DispensaryToStore/Page_Store/input_txtqty'

2018-06-09 16:52:14 - [MESSAGE][PASSED] - Text '10' is set on object 'Object Repository/DispensaryToStore/Page_Store/input_txtqty'

2018-06-09 16:52:14 - [TEST_STEP][PASSED] - click: Object: 'Object Repository/DispensaryToStore/Page_Store/button_Add' is clicked on

2018-06-09 16:52:14 - [MESSAGE][PASSED] - Object: 'Object Repository/DispensaryToStore/Page_Store/button_Add' is clicked on

2018-06-09 16:52:14 - [TEST_STEP][PASSED] - Statement - Break: null

2018-06-09 16:52:14 - [TEST_STEP][PASSED] - selectOptionByIndex: All options with index in [12] are selected on object 'Object Repository/DispensaryToStore/Page_Store/select_--Select--Adernaline 0.'

2018-06-09 16:52:15 - [MESSAGE][PASSED] - All options with index in [12] are selected on object 'Object Repository/DispensaryToStore/Page_Store/select_--Select--Adernaline 0.'

2018-06-09 16:52:15 - [TEST_STEP][PASSED] - delay: Delayed 2 second(s)

2018-06-09 16:52:17 - [MESSAGE][PASSED] - Delayed 2 second(s)

2018-06-09 16:52:17 - [TEST_STEP][PASSED] - Statement - RequestedQty = com.kms.katalon.core.webui.keyword.WebUiBuiltInKeywords.getAttribute(com.kms.katalon.core.testobject.ObjectRepository.findTestObject(DispensaryToStore/Page_Store/input_txttotal), "value"): Attribute 'value' of object 'Object Repository/DispensaryToStore/Page_Store/input_txttotal' is: '10'

2018-06-09 16:52:17 - [MESSAGE][PASSED] - Attribute 'value' of object 'Object Repository/DispensaryToStore/Page_Store/input_txttotal' is: '10'

2018-06-09 16:52:17 - [TEST_STEP][PASSED] - Statement - out.println("Requested QTY : " + RequestedQty): null

2018-06-09 16:52:17 - [TEST_STEP][PASSED] - Statement - BatchNumber = com.kms.katalon.core.webui.keyword.WebUiBuiltInKeywords.getNumberOfTotalOption(com.kms.katalon.core.testobject.ObjectRepository.findTestObject(DispensaryToStore/Page_Store/select_--Select--BA1170BA2376B)): 2 options of object 'Object Repository/DispensaryToStore/Page_Store/select_--Select--BA1170BA2376B' counted

2018-06-09 16:52:17 - [MESSAGE][PASSED] - 2 options of object 'Object Repository/DispensaryToStore/Page_Store/select_--Select--BA1170BA2376B' counted

2018-06-09 16:52:17 - [TEST_STEP][PASSED] - Statement - For ([g = 1, g <= BatchNumber - 1, (g++)]): null

2018-06-09 16:52:17 - [TEST_STEP][PASSED] - selectOptionByIndex: All options with index in [1] are selected on object 'Object Repository/DispensaryToStore/Page_Store/select_--Select--BA1170BA2376B'

2018-06-09 16:52:17 - [MESSAGE][PASSED] - All options with index in [1] are selected on object 'Object Repository/DispensaryToStore/Page_Store/select_--Select--BA1170BA2376B'

2018-06-09 16:52:17 - [TEST_STEP][PASSED] - Statement - Try: null

2018-06-09 16:52:17 - [TEST_STEP][PASSED] - Statement - StockQty = com.kms.katalon.core.webui.keyword.WebUiBuiltInKeywords.getAttribute(com.kms.katalon.core.testobject.ObjectRepository.findTestObject(DispensaryToStore/Page_Store/input_txtprice), "value"): Attribute 'value' of object 'Object Repository/DispensaryToStore/Page_Store/input_txtprice' is: '1890'

2018-06-09 16:52:17 - [MESSAGE][PASSED] - Attribute 'value' of object 'Object Repository/DispensaryToStore/Page_Store/input_txtprice' is: '1890'

2018-06-09 16:52:17 - [TEST_STEP][PASSED] - Statement - out.println("Stock QTY : " + StockQty): null

2018-06-09 16:52:17 - [TEST_STEP][PASSED] - delay: Delayed 2 second(s)

2018-06-09 16:52:19 - [MESSAGE][PASSED] - Delayed 2 second(s)

2018-06-09 16:52:19 - [TEST_STEP][PASSED] - Statement - If (java.lang.String.valueOf(StockQty) >= java.lang.String.valueOf(RequestedQty)): null

2018-06-09 16:52:19 - [TEST_STEP][PASSED] - setText: Text '10' is set on object 'Object Repository/DispensaryToStore/Page_Store/input_txtqty'

2018-06-09 16:52:19 - [MESSAGE][PASSED] - Text '10' is set on object 'Object Repository/DispensaryToStore/Page_Store/input_txtqty'

2018-06-09 16:52:19 - [TEST_STEP][PASSED] - click: Object: 'Object Repository/DispensaryToStore/Page_Store/button_Add' is clicked on

2018-06-09 16:52:19 - [MESSAGE][PASSED] - Object: 'Object Repository/DispensaryToStore/Page_Store/button_Add' is clicked on

2018-06-09 16:52:19 - [TEST_STEP][PASSED] - Statement - Break: null

2018-06-09 16:52:19 - [TEST_STEP][PASSED] - selectOptionByIndex: All options with index in [13] are selected on object 'Object Repository/DispensaryToStore/Page_Store/select_--Select--Adernaline 0.'

2018-06-09 16:52:19 - [MESSAGE][PASSED] - All options with index in [13] are selected on object 'Object Repository/DispensaryToStore/Page_Store/select_--Select--Adernaline 0.'

2018-06-09 16:52:19 - [TEST_STEP][PASSED] - delay: Delayed 2 second(s)

2018-06-09 16:52:21 - [MESSAGE][PASSED] - Delayed 2 second(s)

2018-06-09 16:52:21 - [TEST_STEP][PASSED] - Statement - RequestedQty = com.kms.katalon.core.webui.keyword.WebUiBuiltInKeywords.getAttribute(com.kms.katalon.core.testobject.ObjectRepository.findTestObject(DispensaryToStore/Page_Store/input_txttotal), "value"): Attribute 'value' of object 'Object Repository/DispensaryToStore/Page_Store/input_txttotal' is: '10'

2018-06-09 16:52:21 - [MESSAGE][PASSED] - Attribute 'value' of object 'Object Repository/DispensaryToStore/Page_Store/input_txttotal' is: '10'

2018-06-09 16:52:21 - [TEST_STEP][PASSED] - Statement - out.println("Requested QTY : " + RequestedQty): null

2018-06-09 16:52:21 - [TEST_STEP][PASSED] - Statement - BatchNumber = com.kms.katalon.core.webui.keyword.WebUiBuiltInKeywords.getNumberOfTotalOption(com.kms.katalon.core.testobject.ObjectRepository.findTestObject(DispensaryToStore/Page_Store/select_--Select--BA1170BA2376B)): 3 options of object 'Object Repository/DispensaryToStore/Page_Store/select_--Select--BA1170BA2376B' counted

2018-06-09 16:52:21 - [MESSAGE][PASSED] - 3 options of object 'Object Repository/DispensaryToStore/Page_Store/select_--Select--BA1170BA2376B' counted

2018-06-09 16:52:21 - [TEST_STEP][PASSED] - Statement - For ([g = 1, g <= BatchNumber - 1, (g++)]): null

2018-06-09 16:52:21 - [TEST_STEP][PASSED] - selectOptionByIndex: All options with index in [1] are selected on object 'Object Repository/DispensaryToStore/Page_Store/select_--Select--BA1170BA2376B'

2018-06-09 16:52:22 - [MESSAGE][PASSED] - All options with index in [1] are selected on object 'Object Repository/DispensaryToStore/Page_Store/select_--Select--BA1170BA2376B'

2018-06-09 16:52:22 - [TEST_STEP][PASSED] - Statement - Try: null

2018-06-09 16:52:22 - [TEST_STEP][PASSED] - Statement - StockQty = com.kms.katalon.core.webui.keyword.WebUiBuiltInKeywords.getAttribute(com.kms.katalon.core.testobject.ObjectRepository.findTestObject(DispensaryToStore/Page_Store/input_txtprice), "value"): Attribute 'value' of object 'Object Repository/DispensaryToStore/Page_Store/input_txtprice' is: '870'

2018-06-09 16:52:22 - [MESSAGE][PASSED] - Attribute 'value' of object 'Object Repository/DispensaryToStore/Page_Store/input_txtprice' is: '870'

2018-06-09 16:52:22 - [TEST_STEP][PASSED] - Statement - out.println("Stock QTY : " + StockQty): null

2018-06-09 16:52:22 - [TEST_STEP][PASSED] - delay: Delayed 2 second(s)

2018-06-09 16:52:24 - [MESSAGE][PASSED] - Delayed 2 second(s)

2018-06-09 16:52:24 - [TEST_STEP][PASSED] - Statement - If (java.lang.String.valueOf(StockQty) >= java.lang.String.valueOf(RequestedQty)): null

2018-06-09 16:52:24 - [TEST_STEP][PASSED] - setText: Text '10' is set on object 'Object Repository/DispensaryToStore/Page_Store/input_txtqty'

2018-06-09 16:52:24 - [MESSAGE][PASSED] - Text '10' is set on object 'Object Repository/DispensaryToStore/Page_Store/input_txtqty'

2018-06-09 16:52:24 - [TEST_STEP][PASSED] - click: Object: 'Object Repository/DispensaryToStore/Page_Store/button_Add' is clicked on

2018-06-09 16:52:24 - [MESSAGE][PASSED] - Object: 'Object Repository/DispensaryToStore/Page_Store/button_Add' is clicked on

2018-06-09 16:52:24 - [TEST_STEP][PASSED] - Statement - Break: null

2018-06-09 16:52:24 - [TEST_STEP][PASSED] - selectOptionByIndex: All options with index in [14] are selected on object 'Object Repository/DispensaryToStore/Page_Store/select_--Select--Adernaline 0.'

2018-06-09 16:52:24 - [MESSAGE][PASSED] - All options with index in [14] are selected on object 'Object Repository/DispensaryToStore/Page_Store/select_--Select--Adernaline 0.'

2018-06-09 16:52:24 - [TEST_STEP][PASSED] - delay: Delayed 2 second(s)

2018-06-09 16:52:26 - [MESSAGE][PASSED] - Delayed 2 second(s)

2018-06-09 16:52:26 - [TEST_STEP][PASSED] - Statement - RequestedQty = com.kms.katalon.core.webui.keyword.WebUiBuiltInKeywords.getAttribute(com.kms.katalon.core.testobject.ObjectRepository.findTestObject(DispensaryToStore/Page_Store/input_txttotal), "value"): Attribute 'value' of object 'Object Repository/DispensaryToStore/Page_Store/input_txttotal' is: '10'

2018-06-09 16:52:26 - [MESSAGE][PASSED] - Attribute 'value' of object 'Object Repository/DispensaryToStore/Page_Store/input_txttotal' is: '10'

2018-06-09 16:52:26 - [TEST_STEP][PASSED] - Statement - out.println("Requested QTY : " + RequestedQty): null

2018-06-09 16:52:26 - [TEST_STEP][PASSED] - Statement - BatchNumber = com.kms.katalon.core.webui.keyword.WebUiBuiltInKeywords.getNumberOfTotalOption(com.kms.katalon.core.testobject.ObjectRepository.findTestObject(DispensaryToStore/Page_Store/select_--Select--BA1170BA2376B)): 3 options of object 'Object Repository/DispensaryToStore/Page_Store/select_--Select--BA1170BA2376B' counted

2018-06-09 16:52:26 - [MESSAGE][PASSED] - 3 options of object 'Object Repository/DispensaryToStore/Page_Store/select_--Select--BA1170BA2376B' counted

2018-06-09 16:52:26 - [TEST_STEP][PASSED] - Statement - For ([g = 1, g <= BatchNumber - 1, (g++)]): null

2018-06-09 16:52:26 - [TEST_STEP][PASSED] - selectOptionByIndex: All options with index in [1] are selected on object 'Object Repository/DispensaryToStore/Page_Store/select_--Select--BA1170BA2376B'

2018-06-09 16:52:26 - [MESSAGE][PASSED] - All options with index in [1] are selected on object 'Object Repository/DispensaryToStore/Page_Store/select_--Select--BA1170BA2376B'

2018-06-09 16:52:26 - [TEST_STEP][PASSED] - Statement - Try: null

2018-06-09 16:52:26 - [TEST_STEP][PASSED] - Statement - StockQty = com.kms.katalon.core.webui.keyword.WebUiBuiltInKeywords.getAttribute(com.kms.katalon.core.testobject.ObjectRepository.findTestObject(DispensaryToStore/Page_Store/input_txtprice), "value"): Attribute 'value' of object 'Object Repository/DispensaryToStore/Page_Store/input_txtprice' is: '1790'

2018-06-09 16:52:26 - [MESSAGE][PASSED] - Attribute 'value' of object 'Object Repository/DispensaryToStore/Page_Store/input_txtprice' is: '1790'

2018-06-09 16:52:26 - [TEST_STEP][PASSED] - Statement - out.println("Stock QTY : " + StockQty): null

2018-06-09 16:52:26 - [TEST_STEP][PASSED] - delay: Delayed 2 second(s)

2018-06-09 16:52:28 - [MESSAGE][PASSED] - Delayed 2 second(s)

2018-06-09 16:52:28 - [TEST_STEP][PASSED] - Statement - If (java.lang.String.valueOf(StockQty) >= java.lang.String.valueOf(RequestedQty)): null

2018-06-09 16:52:28 - [TEST_STEP][PASSED] - setText: Text '10' is set on object 'Object Repository/DispensaryToStore/Page_Store/input_txtqty'

2018-06-09 16:52:29 - [MESSAGE][PASSED] - Text '10' is set on object 'Object Repository/DispensaryToStore/Page_Store/input_txtqty'

2018-06-09 16:52:29 - [TEST_STEP][PASSED] - click: Object: 'Object Repository/DispensaryToStore/Page_Store/button_Add' is clicked on

2018-06-09 16:52:29 - [MESSAGE][PASSED] - Object: 'Object Repository/DispensaryToStore/Page_Store/button_Add' is clicked on

2018-06-09 16:52:29 - [TEST_STEP][PASSED] - Statement - Break: null

2018-06-09 16:52:29 - [TEST_STEP][PASSED] - selectOptionByIndex: All options with index in [15] are selected on object 'Object Repository/DispensaryToStore/Page_Store/select_--Select--Adernaline 0.'

2018-06-09 16:52:29 - [MESSAGE][PASSED] - All options with index in [15] are selected on object 'Object Repository/DispensaryToStore/Page_Store/select_--Select--Adernaline 0.'

2018-06-09 16:52:29 - [TEST_STEP][PASSED] - delay: Delayed 2 second(s)

2018-06-09 16:52:31 - [MESSAGE][PASSED] - Delayed 2 second(s)

2018-06-09 16:52:31 - [TEST_STEP][PASSED] - Statement - RequestedQty = com.kms.katalon.core.webui.keyword.WebUiBuiltInKeywords.getAttribute(com.kms.katalon.core.testobject.ObjectRepository.findTestObject(DispensaryToStore/Page_Store/input_txttotal), "value"): Attribute 'value' of object 'Object Repository/DispensaryToStore/Page_Store/input_txttotal' is: '10'

2018-06-09 16:52:31 - [MESSAGE][PASSED] - Attribute 'value' of object 'Object Repository/DispensaryToStore/Page_Store/input_txttotal' is: '10'

2018-06-09 16:52:31 - [TEST_STEP][PASSED] - Statement - out.println("Requested QTY : " + RequestedQty): null

2018-06-09 16:52:31 - [TEST_STEP][PASSED] - Statement - BatchNumber = com.kms.katalon.core.webui.keyword.WebUiBuiltInKeywords.getNumberOfTotalOption(com.kms.katalon.core.testobject.ObjectRepository.findTestObject(DispensaryToStore/Page_Store/select_--Select--BA1170BA2376B)): 4 options of object 'Object Repository/DispensaryToStore/Page_Store/select_--Select--BA1170BA2376B' counted

2018-06-09 16:52:31 - [MESSAGE][PASSED] - 4 options of object 'Object Repository/DispensaryToStore/Page_Store/select_--Select--BA1170BA2376B' counted

2018-06-09 16:52:31 - [TEST_STEP][PASSED] - Statement - For ([g = 1, g <= BatchNumber - 1, (g++)]): null

2018-06-09 16:52:31 - [TEST_STEP][PASSED] - selectOptionByIndex: All options with index in [1] are selected on object 'Object Repository/DispensaryToStore/Page_Store/select_--Select--BA1170BA2376B'

2018-06-09 16:52:31 - [MESSAGE][PASSED] - All options with index in [1] are selected on object 'Object Repository/DispensaryToStore/Page_Store/select_--Select--BA1170BA2376B'

2018-06-09 16:52:31 - [TEST_STEP][PASSED] - Statement - Try: null

2018-06-09 16:52:31 - [TEST_STEP][PASSED] - Statement - StockQty = com.kms.katalon.core.webui.keyword.WebUiBuiltInKeywords.getAttribute(com.kms.katalon.core.testobject.ObjectRepository.findTestObject(DispensaryToStore/Page_Store/input_txtprice), "value"): Attribute 'value' of object 'Object Repository/DispensaryToStore/Page_Store/input_txtprice' is: '880'

2018-06-09 16:52:31 - [MESSAGE][PASSED] - Attribute 'value' of object 'Object Repository/DispensaryToStore/Page_Store/input_txtprice' is: '880'

2018-06-09 16:52:31 - [TEST_STEP][PASSED] - Statement - out.println("Stock QTY : " + StockQty): null

2018-06-09 16:52:31 - [TEST_STEP][PASSED] - delay: Delayed 2 second(s)

2018-06-09 16:52:33 - [MESSAGE][PASSED] - Delayed 2 second(s)

2018-06-09 16:52:33 - [TEST_STEP][PASSED] - Statement - If (java.lang.String.valueOf(StockQty) >= java.lang.String.valueOf(RequestedQty)): null

2018-06-09 16:52:33 - [TEST_STEP][PASSED] - setText: Text '10' is set on object 'Object Repository/DispensaryToStore/Page_Store/input_txtqty'

2018-06-09 16:52:33 - [MESSAGE][PASSED] - Text '10' is set on object 'Object Repository/DispensaryToStore/Page_Store/input_txtqty'

2018-06-09 16:52:33 - [TEST_STEP][PASSED] - click: Object: 'Object Repository/DispensaryToStore/Page_Store/button_Add' is clicked on

2018-06-09 16:52:33 - [MESSAGE][PASSED] - Object: 'Object Repository/DispensaryToStore/Page_Store/button_Add' is clicked on

2018-06-09 16:52:33 - [TEST_STEP][PASSED] - Statement - Break: null

2018-06-09 16:52:33 - [TEST_STEP][PASSED] - selectOptionByIndex: All options with index in [16] are selected on object 'Object Repository/DispensaryToStore/Page_Store/select_--Select--Adernaline 0.'

2018-06-09 16:52:34 - [MESSAGE][PASSED] - All options with index in [16] are selected on object 'Object Repository/DispensaryToStore/Page_Store/select_--Select--Adernaline 0.'

2018-06-09 16:52:34 - [TEST_STEP][PASSED] - delay: Delayed 2 second(s)

2018-06-09 16:52:36 - [MESSAGE][PASSED] - Delayed 2 second(s)

2018-06-09 16:52:36 - [TEST_STEP][PASSED] - Statement - RequestedQty = com.kms.katalon.core.webui.keyword.WebUiBuiltInKeywords.getAttribute(com.kms.katalon.core.testobject.ObjectRepository.findTestObject(DispensaryToStore/Page_Store/input_txttotal), "value"): Attribute 'value' of object 'Object Repository/DispensaryToStore/Page_Store/input_txttotal' is: '10'

2018-06-09 16:52:36 - [MESSAGE][PASSED] - Attribute 'value' of object 'Object Repository/DispensaryToStore/Page_Store/input_txttotal' is: '10'

2018-06-09 16:52:36 - [TEST_STEP][PASSED] - Statement - out.println("Requested QTY : " + RequestedQty): null

2018-06-09 16:52:36 - [TEST_STEP][PASSED] - Statement - BatchNumber = com.kms.katalon.core.webui.keyword.WebUiBuiltInKeywords.getNumberOfTotalOption(com.kms.katalon.core.testobject.ObjectRepository.findTestObject(DispensaryToStore/Page_Store/select_--Select--BA1170BA2376B)): 4 options of object 'Object Repository/DispensaryToStore/Page_Store/select_--Select--BA1170BA2376B' counted

2018-06-09 16:52:36 - [MESSAGE][PASSED] - 4 options of object 'Object Repository/DispensaryToStore/Page_Store/select_--Select--BA1170BA2376B' counted

2018-06-09 16:52:36 - [TEST_STEP][PASSED] - Statement - For ([g = 1, g <= BatchNumber - 1, (g++)]): null

2018-06-09 16:52:36 - [TEST_STEP][PASSED] - selectOptionByIndex: All options with index in [1] are selected on object 'Object Repository/DispensaryToStore/Page_Store/select_--Select--BA1170BA2376B'

2018-06-09 16:52:36 - [MESSAGE][PASSED] - All options with index in [1] are selected on object 'Object Repository/DispensaryToStore/Page_Store/select_--Select--BA1170BA2376B'

2018-06-09 16:52:36 - [TEST_STEP][PASSED] - Statement - Try: null

2018-06-09 16:52:36 - [TEST_STEP][PASSED] - Statement - StockQty = com.kms.katalon.core.webui.keyword.WebUiBuiltInKeywords.getAttribute(com.kms.katalon.core.testobject.ObjectRepository.findTestObject(DispensaryToStore/Page_Store/input_txtprice), "value"): Attribute 'value' of object 'Object Repository/DispensaryToStore/Page_Store/input_txtprice' is: '140'

2018-06-09 16:52:36 - [MESSAGE][PASSED] - Attribute 'value' of object 'Object Repository/DispensaryToStore/Page_Store/input_txtprice' is: '140'

2018-06-09 16:52:36 - [TEST_STEP][PASSED] - Statement - out.println("Stock QTY : " + StockQty): null

2018-06-09 16:52:36 - [TEST_STEP][PASSED] - delay: Delayed 2 second(s)

2018-06-09 16:52:38 - [MESSAGE][PASSED] - Delayed 2 second(s)

2018-06-09 16:52:38 - [TEST_STEP][PASSED] - Statement - If (java.lang.String.valueOf(StockQty) >= java.lang.String.valueOf(RequestedQty)): null

2018-06-09 16:52:38 - [TEST_STEP][PASSED] - setText: Text '10' is set on object 'Object Repository/DispensaryToStore/Page_Store/input_txtqty'

2018-06-09 16:52:38 - [MESSAGE][PASSED] - Text '10' is set on object 'Object Repository/DispensaryToStore/Page_Store/input_txtqty'

2018-06-09 16:52:38 - [TEST_STEP][PASSED] - click: Object: 'Object Repository/DispensaryToStore/Page_Store/button_Add' is clicked on

2018-06-09 16:52:38 - [MESSAGE][PASSED] - Object: 'Object Repository/DispensaryToStore/Page_Store/button_Add' is clicked on

2018-06-09 16:52:38 - [TEST_STEP][PASSED] - Statement - Break: null

2018-06-09 16:52:38 - [TEST_STEP][PASSED] - selectOptionByIndex: All options with index in [17] are selected on object 'Object Repository/DispensaryToStore/Page_Store/select_--Select--Adernaline 0.'

2018-06-09 16:52:38 - [MESSAGE][PASSED] - All options with index in [17] are selected on object 'Object Repository/DispensaryToStore/Page_Store/select_--Select--Adernaline 0.'

2018-06-09 16:52:38 - [TEST_STEP][PASSED] - delay: Delayed 2 second(s)

2018-06-09 16:52:40 - [MESSAGE][PASSED] - Delayed 2 second(s)

2018-06-09 16:52:40 - [TEST_STEP][PASSED] - Statement - RequestedQty = com.kms.katalon.core.webui.keyword.WebUiBuiltInKeywords.getAttribute(com.kms.katalon.core.testobject.ObjectRepository.findTestObject(DispensaryToStore/Page_Store/input_txttotal), "value"): Attribute 'value' of object 'Object Repository/DispensaryToStore/Page_Store/input_txttotal' is: '10'

2018-06-09 16:52:40 - [MESSAGE][PASSED] - Attribute 'value' of object 'Object Repository/DispensaryToStore/Page_Store/input_txttotal' is: '10'

2018-06-09 16:52:40 - [TEST_STEP][PASSED] - Statement - out.println("Requested QTY : " + RequestedQty): null

2018-06-09 16:52:40 - [TEST_STEP][PASSED] - Statement - BatchNumber = com.kms.katalon.core.webui.keyword.WebUiBuiltInKeywords.getNumberOfTotalOption(com.kms.katalon.core.testobject.ObjectRepository.findTestObject(DispensaryToStore/Page_Store/select_--Select--BA1170BA2376B)): 3 options of object 'Object Repository/DispensaryToStore/Page_Store/select_--Select--BA1170BA2376B' counted

2018-06-09 16:52:40 - [MESSAGE][PASSED] - 3 options of object 'Object Repository/DispensaryToStore/Page_Store/select_--Select--BA1170BA2376B' counted

2018-06-09 16:52:40 - [TEST_STEP][PASSED] - Statement - For ([g = 1, g <= BatchNumber - 1, (g++)]): null

2018-06-09 16:52:40 - [TEST_STEP][PASSED] - selectOptionByIndex: All options with index in [1] are selected on object 'Object Repository/DispensaryToStore/Page_Store/select_--Select--BA1170BA2376B'

2018-06-09 16:52:41 - [MESSAGE][PASSED] - All options with index in [1] are selected on object 'Object Repository/DispensaryToStore/Page_Store/select_--Select--BA1170BA2376B'

2018-06-09 16:52:41 - [TEST_STEP][PASSED] - Statement - Try: null

2018-06-09 16:52:41 - [TEST_STEP][PASSED] - Statement - StockQty = com.kms.katalon.core.webui.keyword.WebUiBuiltInKeywords.getAttribute(com.kms.katalon.core.testobject.ObjectRepository.findTestObject(DispensaryToStore/Page_Store/input_txtprice), "value"): Attribute 'value' of object 'Object Repository/DispensaryToStore/Page_Store/input_txtprice' is: '870'

2018-06-09 16:52:41 - [MESSAGE][PASSED] - Attribute 'value' of object 'Object Repository/DispensaryToStore/Page_Store/input_txtprice' is: '870'

2018-06-09 16:52:41 - [TEST_STEP][PASSED] - Statement - out.println("Stock QTY : " + StockQty): null

2018-06-09 16:52:41 - [TEST_STEP][PASSED] - delay: Delayed 2 second(s)

2018-06-09 16:52:43 - [MESSAGE][PASSED] - Delayed 2 second(s)

2018-06-09 16:52:43 - [TEST_STEP][PASSED] - Statement - If (java.lang.String.valueOf(StockQty) >= java.lang.String.valueOf(RequestedQty)): null

2018-06-09 16:52:43 - [TEST_STEP][PASSED] - setText: Text '10' is set on object 'Object Repository/DispensaryToStore/Page_Store/input_txtqty'

2018-06-09 16:52:43 - [MESSAGE][PASSED] - Text '10' is set on object 'Object Repository/DispensaryToStore/Page_Store/input_txtqty'

2018-06-09 16:52:43 - [TEST_STEP][PASSED] - click: Object: 'Object Repository/DispensaryToStore/Page_Store/button_Add' is clicked on

2018-06-09 16:52:43 - [MESSAGE][PASSED] - Object: 'Object Repository/DispensaryToStore/Page_Store/button_Add' is clicked on

2018-06-09 16:52:43 - [TEST_STEP][PASSED] - Statement - Break: null

2018-06-09 16:52:43 - [TEST_STEP][PASSED] - selectOptionByIndex: All options with index in [18] are selected on object 'Object Repository/DispensaryToStore/Page_Store/select_--Select--Adernaline 0.'

2018-06-09 16:52:43 - [MESSAGE][PASSED] - All options with index in [18] are selected on object 'Object Repository/DispensaryToStore/Page_Store/select_--Select--Adernaline 0.'

2018-06-09 16:52:43 - [TEST_STEP][PASSED] - delay: Delayed 2 second(s)

2018-06-09 16:52:45 - [MESSAGE][PASSED] - Delayed 2 second(s)

2018-06-09 16:52:45 - [TEST_STEP][PASSED] - Statement - RequestedQty = com.kms.katalon.core.webui.keyword.WebUiBuiltInKeywords.getAttribute(com.kms.katalon.core.testobject.ObjectRepository.findTestObject(DispensaryToStore/Page_Store/input_txttotal), "value"): Attribute 'value' of object 'Object Repository/DispensaryToStore/Page_Store/input_txttotal' is: '10'

2018-06-09 16:52:45 - [MESSAGE][PASSED] - Attribute 'value' of object 'Object Repository/DispensaryToStore/Page_Store/input_txttotal' is: '10'

2018-06-09 16:52:45 - [TEST_STEP][PASSED] - Statement - out.println("Requested QTY : " + RequestedQty): null

2018-06-09 16:52:45 - [TEST_STEP][PASSED] - Statement - BatchNumber = com.kms.katalon.core.webui.keyword.WebUiBuiltInKeywords.getNumberOfTotalOption(com.kms.katalon.core.testobject.ObjectRepository.findTestObject(DispensaryToStore/Page_Store/select_--Select--BA1170BA2376B)): 4 options of object 'Object Repository/DispensaryToStore/Page_Store/select_--Select--BA1170BA2376B' counted

2018-06-09 16:52:45 - [MESSAGE][PASSED] - 4 options of object 'Object Repository/DispensaryToStore/Page_Store/select_--Select--BA1170BA2376B' counted

2018-06-09 16:52:45 - [TEST_STEP][PASSED] - Statement - For ([g = 1, g <= BatchNumber - 1, (g++)]): null

2018-06-09 16:52:45 - [TEST_STEP][PASSED] - selectOptionByIndex: All options with index in [1] are selected on object 'Object Repository/DispensaryToStore/Page_Store/select_--Select--BA1170BA2376B'

2018-06-09 16:52:45 - [MESSAGE][PASSED] - All options with index in [1] are selected on object 'Object Repository/DispensaryToStore/Page_Store/select_--Select--BA1170BA2376B'

2018-06-09 16:52:45 - [TEST_STEP][PASSED] - Statement - Try: null

2018-06-09 16:52:45 - [TEST_STEP][PASSED] - Statement - StockQty = com.kms.katalon.core.webui.keyword.WebUiBuiltInKeywords.getAttribute(com.kms.katalon.core.testobject.ObjectRepository.findTestObject(DispensaryToStore/Page_Store/input_txtprice), "value"): Attribute 'value' of object 'Object Repository/DispensaryToStore/Page_Store/input_txtprice' is: '140'

2018-06-09 16:52:45 - [MESSAGE][PASSED] - Attribute 'value' of object 'Object Repository/DispensaryToStore/Page_Store/input_txtprice' is: '140'

2018-06-09 16:52:45 - [TEST_STEP][PASSED] - Statement - out.println("Stock QTY : " + StockQty): null

2018-06-09 16:52:45 - [TEST_STEP][PASSED] - delay: Delayed 2 second(s)

2018-06-09 16:52:47 - [MESSAGE][PASSED] - Delayed 2 second(s)

2018-06-09 16:52:47 - [TEST_STEP][PASSED] - Statement - If (java.lang.String.valueOf(StockQty) >= java.lang.String.valueOf(RequestedQty)): null

2018-06-09 16:52:47 - [TEST_STEP][PASSED] - setText: Text '10' is set on object 'Object Repository/DispensaryToStore/Page_Store/input_txtqty'

2018-06-09 16:52:48 - [MESSAGE][PASSED] - Text '10' is set on object 'Object Repository/DispensaryToStore/Page_Store/input_txtqty'

2018-06-09 16:52:48 - [TEST_STEP][PASSED] - click: Object: 'Object Repository/DispensaryToStore/Page_Store/button_Add' is clicked on

2018-06-09 16:52:48 - [MESSAGE][PASSED] - Object: 'Object Repository/DispensaryToStore/Page_Store/button_Add' is clicked on

2018-06-09 16:52:48 - [TEST_STEP][PASSED] - Statement - Break: null

2018-06-09 16:52:48 - [TEST_STEP][PASSED] - selectOptionByIndex: All options with index in [19] are selected on object 'Object Repository/DispensaryToStore/Page_Store/select_--Select--Adernaline 0.'

2018-06-09 16:52:48 - [MESSAGE][PASSED] - All options with index in [19] are selected on object 'Object Repository/DispensaryToStore/Page_Store/select_--Select--Adernaline 0.'

2018-06-09 16:52:48 - [TEST_STEP][PASSED] - delay: Delayed 2 second(s)

2018-06-09 16:52:50 - [MESSAGE][PASSED] - Delayed 2 second(s)

2018-06-09 16:52:50 - [TEST_STEP][PASSED] - Statement - RequestedQty = com.kms.katalon.core.webui.keyword.WebUiBuiltInKeywords.getAttribute(com.kms.katalon.core.testobject.ObjectRepository.findTestObject(DispensaryToStore/Page_Store/input_txttotal), "value"): Attribute 'value' of object 'Object Repository/DispensaryToStore/Page_Store/input_txttotal' is: '10'

2018-06-09 16:52:50 - [MESSAGE][PASSED] - Attribute 'value' of object 'Object Repository/DispensaryToStore/Page_Store/input_txttotal' is: '10'

2018-06-09 16:52:50 - [TEST_STEP][PASSED] - Statement - out.println("Requested QTY : " + RequestedQty): null

2018-06-09 16:52:50 - [TEST_STEP][PASSED] - Statement - BatchNumber = com.kms.katalon.core.webui.keyword.WebUiBuiltInKeywords.getNumberOfTotalOption(com.kms.katalon.core.testobject.ObjectRepository.findTestObject(DispensaryToStore/Page_Store/select_--Select--BA1170BA2376B)): 5 options of object 'Object Repository/DispensaryToStore/Page_Store/select_--Select--BA1170BA2376B' counted

2018-06-09 16:52:50 - [MESSAGE][PASSED] - 5 options of object 'Object Repository/DispensaryToStore/Page_Store/select_--Select--BA1170BA2376B' counted

2018-06-09 16:52:50 - [TEST_STEP][PASSED] - Statement - For ([g = 1, g <= BatchNumber - 1, (g++)]): null

2018-06-09 16:52:50 - [TEST_STEP][PASSED] - selectOptionByIndex: All options with index in [1] are selected on object 'Object Repository/DispensaryToStore/Page_Store/select_--Select--BA1170BA2376B'

2018-06-09 16:52:50 - [MESSAGE][PASSED] - All options with index in [1] are selected on object 'Object Repository/DispensaryToStore/Page_Store/select_--Select--BA1170BA2376B'

2018-06-09 16:52:50 - [TEST_STEP][PASSED] - Statement - Try: null

2018-06-09 16:52:50 - [TEST_STEP][PASSED] - Statement - StockQty = com.kms.katalon.core.webui.keyword.WebUiBuiltInKeywords.getAttribute(com.kms.katalon.core.testobject.ObjectRepository.findTestObject(DispensaryToStore/Page_Store/input_txtprice), "value"): Attribute 'value' of object 'Object Repository/DispensaryToStore/Page_Store/input_txtprice' is: '140'

2018-06-09 16:52:50 - [MESSAGE][PASSED] - Attribute 'value' of object 'Object Repository/DispensaryToStore/Page_Store/input_txtprice' is: '140'

2018-06-09 16:52:50 - [TEST_STEP][PASSED] - Statement - out.println("Stock QTY : " + StockQty): null

2018-06-09 16:52:50 - [TEST_STEP][PASSED] - delay: Delayed 2 second(s)

2018-06-09 16:52:52 - [MESSAGE][PASSED] - Delayed 2 second(s)

2018-06-09 16:52:52 - [TEST_STEP][PASSED] - Statement - If (java.lang.String.valueOf(StockQty) >= java.lang.String.valueOf(RequestedQty)): null

2018-06-09 16:52:52 - [TEST_STEP][PASSED] - setText: Text '10' is set on object 'Object Repository/DispensaryToStore/Page_Store/input_txtqty'

2018-06-09 16:52:52 - [MESSAGE][PASSED] - Text '10' is set on object 'Object Repository/DispensaryToStore/Page_Store/input_txtqty'

2018-06-09 16:52:52 - [TEST_STEP][PASSED] - click: Object: 'Object Repository/DispensaryToStore/Page_Store/button_Add' is clicked on

2018-06-09 16:52:52 - [MESSAGE][PASSED] - Object: 'Object Repository/DispensaryToStore/Page_Store/button_Add' is clicked on

2018-06-09 16:52:52 - [TEST_STEP][PASSED] - Statement - Break: null

2018-06-09 16:52:52 - [TEST_STEP][PASSED] - selectOptionByIndex: All options with index in [20] are selected on object 'Object Repository/DispensaryToStore/Page_Store/select_--Select--Adernaline 0.'

2018-06-09 16:52:53 - [MESSAGE][PASSED] - All options with index in [20] are selected on object 'Object Repository/DispensaryToStore/Page_Store/select_--Select--Adernaline 0.'

2018-06-09 16:52:53 - [TEST_STEP][PASSED] - delay: Delayed 2 second(s)

2018-06-09 16:52:55 - [MESSAGE][PASSED] - Delayed 2 second(s)

2018-06-09 16:52:55 - [TEST_STEP][PASSED] - Statement - RequestedQty = com.kms.katalon.core.webui.keyword.WebUiBuiltInKeywords.getAttribute(com.kms.katalon.core.testobject.ObjectRepository.findTestObject(DispensaryToStore/Page_Store/input_txttotal), "value"): Attribute 'value' of object 'Object Repository/DispensaryToStore/Page_Store/input_txttotal' is: '10'

2018-06-09 16:52:55 - [MESSAGE][PASSED] - Attribute 'value' of object 'Object Repository/DispensaryToStore/Page_Store/input_txttotal' is: '10'

2018-06-09 16:52:55 - [TEST_STEP][PASSED] - Statement - out.println("Requested QTY : " + RequestedQty): null

2018-06-09 16:52:55 - [TEST_STEP][PASSED] - Statement - BatchNumber = com.kms.katalon.core.webui.keyword.WebUiBuiltInKeywords.getNumberOfTotalOption(com.kms.katalon.core.testobject.ObjectRepository.findTestObject(DispensaryToStore/Page_Store/select_--Select--BA1170BA2376B)): 3 options of object 'Object Repository/DispensaryToStore/Page_Store/select_--Select--BA1170BA2376B' counted

2018-06-09 16:52:55 - [MESSAGE][PASSED] - 3 options of object 'Object Repository/DispensaryToStore/Page_Store/select_--Select--BA1170BA2376B' counted

2018-06-09 16:52:55 - [TEST_STEP][PASSED] - Statement - For ([g = 1, g <= BatchNumber - 1, (g++)]): null

2018-06-09 16:52:55 - [TEST_STEP][PASSED] - selectOptionByIndex: All options with index in [1] are selected on object 'Object Repository/DispensaryToStore/Page_Store/select_--Select--BA1170BA2376B'

2018-06-09 16:52:55 - [MESSAGE][PASSED] - All options with index in [1] are selected on object 'Object Repository/DispensaryToStore/Page_Store/select_--Select--BA1170BA2376B'

2018-06-09 16:52:55 - [TEST_STEP][PASSED] - Statement - Try: null

2018-06-09 16:52:55 - [TEST_STEP][PASSED] - Statement - StockQty = com.kms.katalon.core.webui.keyword.WebUiBuiltInKeywords.getAttribute(com.kms.katalon.core.testobject.ObjectRepository.findTestObject(DispensaryToStore/Page_Store/input_txtprice), "value"): Attribute 'value' of object 'Object Repository/DispensaryToStore/Page_Store/input_txtprice' is: '140'

2018-06-09 16:52:55 - [MESSAGE][PASSED] - Attribute 'value' of object 'Object Repository/DispensaryToStore/Page_Store/input_txtprice' is: '140'

2018-06-09 16:52:55 - [TEST_STEP][PASSED] - Statement - out.println("Stock QTY : " + StockQty): null

2018-06-09 16:52:55 - [TEST_STEP][PASSED] - delay: Delayed 2 second(s)

2018-06-09 16:52:57 - [MESSAGE][PASSED] - Delayed 2 second(s)

2018-06-09 16:52:57 - [TEST_STEP][PASSED] - Statement - If (java.lang.String.valueOf(StockQty) >= java.lang.String.valueOf(RequestedQty)): null

2018-06-09 16:52:57 - [TEST_STEP][PASSED] - setText: Text '10' is set on object 'Object Repository/DispensaryToStore/Page_Store/input_txtqty'

2018-06-09 16:52:57 - [MESSAGE][PASSED] - Text '10' is set on object 'Object Repository/DispensaryToStore/Page_Store/input_txtqty'

2018-06-09 16:52:57 - [TEST_STEP][PASSED] - click: Object: 'Object Repository/DispensaryToStore/Page_Store/button_Add' is clicked on

2018-06-09 16:52:57 - [MESSAGE][PASSED] - Object: 'Object Repository/DispensaryToStore/Page_Store/button_Add' is clicked on

2018-06-09 16:52:57 - [TEST_STEP][PASSED] - Statement - Break: null

2018-06-09 16:52:57 - [TEST_STEP][PASSED] - selectOptionByIndex: All options with index in [21] are selected on object 'Object Repository/DispensaryToStore/Page_Store/select_--Select--Adernaline 0.'

2018-06-09 16:52:57 - [MESSAGE][PASSED] - All options with index in [21] are selected on object 'Object Repository/DispensaryToStore/Page_Store/select_--Select--Adernaline 0.'

2018-06-09 16:52:57 - [TEST_STEP][PASSED] - delay: Delayed 2 second(s)

2018-06-09 16:52:59 - [MESSAGE][PASSED] - Delayed 2 second(s)

2018-06-09 16:52:59 - [TEST_STEP][PASSED] - Statement - RequestedQty = com.kms.katalon.core.webui.keyword.WebUiBuiltInKeywords.getAttribute(com.kms.katalon.core.testobject.ObjectRepository.findTestObject(DispensaryToStore/Page_Store/input_txttotal), "value"): Attribute 'value' of object 'Object Repository/DispensaryToStore/Page_Store/input_txttotal' is: '10'

2018-06-09 16:53:00 - [MESSAGE][PASSED] - Attribute 'value' of object 'Object Repository/DispensaryToStore/Page_Store/input_txttotal' is: '10'

2018-06-09 16:53:00 - [TEST_STEP][PASSED] - Statement - out.println("Requested QTY : " + RequestedQty): null

2018-06-09 16:53:00 - [TEST_STEP][PASSED] - Statement - BatchNumber = com.kms.katalon.core.webui.keyword.WebUiBuiltInKeywords.getNumberOfTotalOption(com.kms.katalon.core.testobject.ObjectRepository.findTestObject(DispensaryToStore/Page_Store/select_--Select--BA1170BA2376B)): 5 options of object 'Object Repository/DispensaryToStore/Page_Store/select_--Select--BA1170BA2376B' counted

2018-06-09 16:53:00 - [MESSAGE][PASSED] - 5 options of object 'Object Repository/DispensaryToStore/Page_Store/select_--Select--BA1170BA2376B' counted

2018-06-09 16:53:00 - [TEST_STEP][PASSED] - Statement - For ([g = 1, g <= BatchNumber - 1, (g++)]): null

2018-06-09 16:53:00 - [TEST_STEP][PASSED] - selectOptionByIndex: All options with index in [1] are selected on object 'Object Repository/DispensaryToStore/Page_Store/select_--Select--BA1170BA2376B'

2018-06-09 16:53:00 - [MESSAGE][PASSED] - All options with index in [1] are selected on object 'Object Repository/DispensaryToStore/Page_Store/select_--Select--BA1170BA2376B'

2018-06-09 16:53:00 - [TEST_STEP][PASSED] - Statement - Try: null

2018-06-09 16:53:00 - [TEST_STEP][PASSED] - Statement - StockQty = com.kms.katalon.core.webui.keyword.WebUiBuiltInKeywords.getAttribute(com.kms.katalon.core.testobject.ObjectRepository.findTestObject(DispensaryToStore/Page_Store/input_txtprice), "value"): Attribute 'value' of object 'Object Repository/DispensaryToStore/Page_Store/input_txtprice' is: '410'

2018-06-09 16:53:00 - [MESSAGE][PASSED] - Attribute 'value' of object 'Object Repository/DispensaryToStore/Page_Store/input_txtprice' is: '410'

2018-06-09 16:53:00 - [TEST_STEP][PASSED] - Statement - out.println("Stock QTY : " + StockQty): null

2018-06-09 16:53:00 - [TEST_STEP][PASSED] - delay: Delayed 2 second(s)

2018-06-09 16:53:02 - [MESSAGE][PASSED] - Delayed 2 second(s)

2018-06-09 16:53:02 - [TEST_STEP][PASSED] - Statement - If (java.lang.String.valueOf(StockQty) >= java.lang.String.valueOf(RequestedQty)): null

2018-06-09 16:53:02 - [TEST_STEP][PASSED] - setText: Text '10' is set on object 'Object Repository/DispensaryToStore/Page_Store/input_txtqty'

2018-06-09 16:53:02 - [MESSAGE][PASSED] - Text '10' is set on object 'Object Repository/DispensaryToStore/Page_Store/input_txtqty'

2018-06-09 16:53:02 - [TEST_STEP][PASSED] - click: Object: 'Object Repository/DispensaryToStore/Page_Store/button_Add' is clicked on

2018-06-09 16:53:02 - [MESSAGE][PASSED] - Object: 'Object Repository/DispensaryToStore/Page_Store/button_Add' is clicked on

2018-06-09 16:53:02 - [TEST_STEP][PASSED] - Statement - Break: null

2018-06-09 16:53:02 - [TEST_STEP][PASSED] - selectOptionByIndex: All options with index in [22] are selected on object 'Object Repository/DispensaryToStore/Page_Store/select_--Select--Adernaline 0.'

2018-06-09 16:53:02 - [MESSAGE][PASSED] - All options with index in [22] are selected on object 'Object Repository/DispensaryToStore/Page_Store/select_--Select--Adernaline 0.'

2018-06-09 16:53:02 - [TEST_STEP][PASSED] - delay: Delayed 2 second(s)

2018-06-09 16:53:04 - [MESSAGE][PASSED] - Delayed 2 second(s)

2018-06-09 16:53:04 - [TEST_STEP][PASSED] - Statement - RequestedQty = com.kms.katalon.core.webui.keyword.WebUiBuiltInKeywords.getAttribute(com.kms.katalon.core.testobject.ObjectRepository.findTestObject(DispensaryToStore/Page_Store/input_txttotal), "value"): Attribute 'value' of object 'Object Repository/DispensaryToStore/Page_Store/input_txttotal' is: '10'

2018-06-09 16:53:04 - [MESSAGE][PASSED] - Attribute 'value' of object 'Object Repository/DispensaryToStore/Page_Store/input_txttotal' is: '10'

2018-06-09 16:53:04 - [TEST_STEP][PASSED] - Statement - out.println("Requested QTY : " + RequestedQty): null

2018-06-09 16:53:04 - [TEST_STEP][PASSED] - Statement - BatchNumber = com.kms.katalon.core.webui.keyword.WebUiBuiltInKeywords.getNumberOfTotalOption(com.kms.katalon.core.testobject.ObjectRepository.findTestObject(DispensaryToStore/Page_Store/select_--Select--BA1170BA2376B)): 5 options of object 'Object Repository/DispensaryToStore/Page_Store/select_--Select--BA1170BA2376B' counted

2018-06-09 16:53:05 - [MESSAGE][PASSED] - 5 options of object 'Object Repository/DispensaryToStore/Page_Store/select_--Select--BA1170BA2376B' counted

2018-06-09 16:53:05 - [TEST_STEP][PASSED] - Statement - For ([g = 1, g <= BatchNumber - 1, (g++)]): null

2018-06-09 16:53:05 - [TEST_STEP][PASSED] - selectOptionByIndex: All options with index in [1] are selected on object 'Object Repository/DispensaryToStore/Page_Store/select_--Select--BA1170BA2376B'

2018-06-09 16:53:05 - [MESSAGE][PASSED] - All options with index in [1] are selected on object 'Object Repository/DispensaryToStore/Page_Store/select_--Select--BA1170BA2376B'

2018-06-09 16:53:05 - [TEST_STEP][PASSED] - Statement - Try: null

2018-06-09 16:53:05 - [TEST_STEP][PASSED] - Statement - StockQty = com.kms.katalon.core.webui.keyword.WebUiBuiltInKeywords.getAttribute(com.kms.katalon.core.testobject.ObjectRepository.findTestObject(DispensaryToStore/Page_Store/input_txtprice), "value"): Attribute 'value' of object 'Object Repository/DispensaryToStore/Page_Store/input_txtprice' is: '410'

2018-06-09 16:53:05 - [MESSAGE][PASSED] - Attribute 'value' of object 'Object Repository/DispensaryToStore/Page_Store/input_txtprice' is: '410'

2018-06-09 16:53:05 - [TEST_STEP][PASSED] - Statement - out.println("Stock QTY : " + StockQty): null

2018-06-09 16:53:05 - [TEST_STEP][PASSED] - delay: Delayed 2 second(s)

2018-06-09 16:53:07 - [MESSAGE][PASSED] - Delayed 2 second(s)

2018-06-09 16:53:07 - [TEST_STEP][PASSED] - Statement - If (java.lang.String.valueOf(StockQty) >= java.lang.String.valueOf(RequestedQty)): null

2018-06-09 16:53:07 - [TEST_STEP][PASSED] - setText: Text '10' is set on object 'Object Repository/DispensaryToStore/Page_Store/input_txtqty'

2018-06-09 16:53:07 - [MESSAGE][PASSED] - Text '10' is set on object 'Object Repository/DispensaryToStore/Page_Store/input_txtqty'

2018-06-09 16:53:07 - [TEST_STEP][PASSED] - click: Object: 'Object Repository/DispensaryToStore/Page_Store/button_Add' is clicked on

2018-06-09 16:53:07 - [MESSAGE][PASSED] - Object: 'Object Repository/DispensaryToStore/Page_Store/button_Add' is clicked on

2018-06-09 16:53:07 - [TEST_STEP][PASSED] - Statement - Break: null

2018-06-09 16:53:07 - [TEST_STEP][PASSED] - selectOptionByIndex: All options with index in [23] are selected on object 'Object Repository/DispensaryToStore/Page_Store/select_--Select--Adernaline 0.'

2018-06-09 16:53:07 - [MESSAGE][PASSED] - All options with index in [23] are selected on object 'Object Repository/DispensaryToStore/Page_Store/select_--Select--Adernaline 0.'

2018-06-09 16:53:07 - [TEST_STEP][PASSED] - delay: Delayed 2 second(s)

2018-06-09 16:53:09 - [MESSAGE][PASSED] - Delayed 2 second(s)

2018-06-09 16:53:09 - [TEST_STEP][PASSED] - Statement - RequestedQty = com.kms.katalon.core.webui.keyword.WebUiBuiltInKeywords.getAttribute(com.kms.katalon.core.testobject.ObjectRepository.findTestObject(DispensaryToStore/Page_Store/input_txttotal), "value"): Attribute 'value' of object 'Object Repository/DispensaryToStore/Page_Store/input_txttotal' is: '10'

2018-06-09 16:53:09 - [MESSAGE][PASSED] - Attribute 'value' of object 'Object Repository/DispensaryToStore/Page_Store/input_txttotal' is: '10'

2018-06-09 16:53:09 - [TEST_STEP][PASSED] - Statement - out.println("Requested QTY : " + RequestedQty): null

2018-06-09 16:53:09 - [TEST_STEP][PASSED] - Statement - BatchNumber = com.kms.katalon.core.webui.keyword.WebUiBuiltInKeywords.getNumberOfTotalOption(com.kms.katalon.core.testobject.ObjectRepository.findTestObject(DispensaryToStore/Page_Store/select_--Select--BA1170BA2376B)): 3 options of object 'Object Repository/DispensaryToStore/Page_Store/select_--Select--BA1170BA2376B' counted

2018-06-09 16:53:09 - [MESSAGE][PASSED] - 3 options of object 'Object Repository/DispensaryToStore/Page_Store/select_--Select--BA1170BA2376B' counted

2018-06-09 16:53:09 - [TEST_STEP][PASSED] - Statement - For ([g = 1, g <= BatchNumber - 1, (g++)]): null

2018-06-09 16:53:09 - [TEST_STEP][PASSED] - selectOptionByIndex: All options with index in [1] are selected on object 'Object Repository/DispensaryToStore/Page_Store/select_--Select--BA1170BA2376B'

2018-06-09 16:53:09 - [MESSAGE][PASSED] - All options with index in [1] are selected on object 'Object Repository/DispensaryToStore/Page_Store/select_--Select--BA1170BA2376B'

2018-06-09 16:53:09 - [TEST_STEP][PASSED] - Statement - Try: null

2018-06-09 16:53:09 - [TEST_STEP][PASSED] - Statement - StockQty = com.kms.katalon.core.webui.keyword.WebUiBuiltInKeywords.getAttribute(com.kms.katalon.core.testobject.ObjectRepository.findTestObject(DispensaryToStore/Page_Store/input_txtprice), "value"): Attribute 'value' of object 'Object Repository/DispensaryToStore/Page_Store/input_txtprice' is: '1790'

2018-06-09 16:53:09 - [MESSAGE][PASSED] - Attribute 'value' of object 'Object Repository/DispensaryToStore/Page_Store/input_txtprice' is: '1790'

2018-06-09 16:53:09 - [TEST_STEP][PASSED] - Statement - out.println("Stock QTY : " + StockQty): null

2018-06-09 16:53:09 - [TEST_STEP][PASSED] - delay: Delayed 2 second(s)

2018-06-09 16:53:11 - [MESSAGE][PASSED] - Delayed 2 second(s)

2018-06-09 16:53:11 - [TEST_STEP][PASSED] - Statement - If (java.lang.String.valueOf(StockQty) >= java.lang.String.valueOf(RequestedQty)): null

2018-06-09 16:53:11 - [TEST_STEP][PASSED] - setText: Text '10' is set on object 'Object Repository/DispensaryToStore/Page_Store/input_txtqty'

2018-06-09 16:53:12 - [MESSAGE][PASSED] - Text '10' is set on object 'Object Repository/DispensaryToStore/Page_Store/input_txtqty'

2018-06-09 16:53:12 - [TEST_STEP][PASSED] - click: Object: 'Object Repository/DispensaryToStore/Page_Store/button_Add' is clicked on

2018-06-09 16:53:12 - [MESSAGE][PASSED] - Object: 'Object Repository/DispensaryToStore/Page_Store/button_Add' is clicked on

2018-06-09 16:53:12 - [TEST_STEP][PASSED] - Statement - Break: null

2018-06-09 16:53:12 - [TEST_STEP][PASSED] - selectOptionByIndex: All options with index in [24] are selected on object 'Object Repository/DispensaryToStore/Page_Store/select_--Select--Adernaline 0.'

2018-06-09 16:53:12 - [MESSAGE][PASSED] - All options with index in [24] are selected on object 'Object Repository/DispensaryToStore/Page_Store/select_--Select--Adernaline 0.'

2018-06-09 16:53:12 - [TEST_STEP][PASSED] - delay: Delayed 2 second(s)

2018-06-09 16:53:14 - [MESSAGE][PASSED] - Delayed 2 second(s)

2018-06-09 16:53:14 - [TEST_STEP][PASSED] - Statement - RequestedQty = com.kms.katalon.core.webui.keyword.WebUiBuiltInKeywords.getAttribute(com.kms.katalon.core.testobject.ObjectRepository.findTestObject(DispensaryToStore/Page_Store/input_txttotal), "value"): Attribute 'value' of object 'Object Repository/DispensaryToStore/Page_Store/input_txttotal' is: '10'

2018-06-09 16:53:14 - [MESSAGE][PASSED] - Attribute 'value' of object 'Object Repository/DispensaryToStore/Page_Store/input_txttotal' is: '10'

2018-06-09 16:53:14 - [TEST_STEP][PASSED] - Statement - out.println("Requested QTY : " + RequestedQty): null

2018-06-09 16:53:14 - [TEST_STEP][PASSED] - Statement - BatchNumber = com.kms.katalon.core.webui.keyword.WebUiBuiltInKeywords.getNumberOfTotalOption(com.kms.katalon.core.testobject.ObjectRepository.findTestObject(DispensaryToStore/Page_Store/select_--Select--BA1170BA2376B)): 4 options of object 'Object Repository/DispensaryToStore/Page_Store/select_--Select--BA1170BA2376B' counted

2018-06-09 16:53:14 - [MESSAGE][PASSED] - 4 options of object 'Object Repository/DispensaryToStore/Page_Store/select_--Select--BA1170BA2376B' counted

2018-06-09 16:53:14 - [TEST_STEP][PASSED] - Statement - For ([g = 1, g <= BatchNumber - 1, (g++)]): null

2018-06-09 16:53:14 - [TEST_STEP][PASSED] - selectOptionByIndex: All options with index in [1] are selected on object 'Object Repository/DispensaryToStore/Page_Store/select_--Select--BA1170BA2376B'

2018-06-09 16:53:14 - [MESSAGE][PASSED] - All options with index in [1] are selected on object 'Object Repository/DispensaryToStore/Page_Store/select_--Select--BA1170BA2376B'

2018-06-09 16:53:14 - [TEST_STEP][PASSED] - Statement - Try: null

2018-06-09 16:53:14 - [TEST_STEP][PASSED] - Statement - StockQty = com.kms.katalon.core.webui.keyword.WebUiBuiltInKeywords.getAttribute(com.kms.katalon.core.testobject.ObjectRepository.findTestObject(DispensaryToStore/Page_Store/input_txtprice), "value"): Attribute 'value' of object 'Object Repository/DispensaryToStore/Page_Store/input_txtprice' is: '870'

2018-06-09 16:53:14 - [MESSAGE][PASSED] - Attribute 'value' of object 'Object Repository/DispensaryToStore/Page_Store/input_txtprice' is: '870'

2018-06-09 16:53:14 - [TEST_STEP][PASSED] - Statement - out.println("Stock QTY : " + StockQty): null

2018-06-09 16:53:14 - [TEST_STEP][PASSED] - delay: Delayed 2 second(s)

2018-06-09 16:53:16 - [MESSAGE][PASSED] - Delayed 2 second(s)

2018-06-09 16:53:16 - [TEST_STEP][PASSED] - Statement - If (java.lang.String.valueOf(StockQty) >= java.lang.String.valueOf(RequestedQty)): null

2018-06-09 16:53:16 - [TEST_STEP][PASSED] - setText: Text '10' is set on object 'Object Repository/DispensaryToStore/Page_Store/input_txtqty'

2018-06-09 16:53:16 - [MESSAGE][PASSED] - Text '10' is set on object 'Object Repository/DispensaryToStore/Page_Store/input_txtqty'

2018-06-09 16:53:16 - [TEST_STEP][PASSED] - click: Object: 'Object Repository/DispensaryToStore/Page_Store/button_Add' is clicked on

2018-06-09 16:53:16 - [MESSAGE][PASSED] - Object: 'Object Repository/DispensaryToStore/Page_Store/button_Add' is clicked on

2018-06-09 16:53:16 - [TEST_STEP][PASSED] - Statement - Break: null

2018-06-09 16:53:16 - [TEST_STEP][PASSED] - selectOptionByIndex: All options with index in [25] are selected on object 'Object Repository/DispensaryToStore/Page_Store/select_--Select--Adernaline 0.'

2018-06-09 16:53:17 - [MESSAGE][PASSED] - All options with index in [25] are selected on object 'Object Repository/DispensaryToStore/Page_Store/select_--Select--Adernaline 0.'

2018-06-09 16:53:17 - [TEST_STEP][PASSED] - delay: Delayed 2 second(s)

2018-06-09 16:53:19 - [MESSAGE][PASSED] - Delayed 2 second(s)

2018-06-09 16:53:19 - [TEST_STEP][PASSED] - Statement - RequestedQty = com.kms.katalon.core.webui.keyword.WebUiBuiltInKeywords.getAttribute(com.kms.katalon.core.testobject.ObjectRepository.findTestObject(DispensaryToStore/Page_Store/input_txttotal), "value"): Attribute 'value' of object 'Object Repository/DispensaryToStore/Page_Store/input_txttotal' is: '10'

2018-06-09 16:53:19 - [MESSAGE][PASSED] - Attribute 'value' of object 'Object Repository/DispensaryToStore/Page_Store/input_txttotal' is: '10'

2018-06-09 16:53:19 - [TEST_STEP][PASSED] - Statement - out.println("Requested QTY : " + RequestedQty): null

2018-06-09 16:53:19 - [TEST_STEP][PASSED] - Statement - BatchNumber = com.kms.katalon.core.webui.keyword.WebUiBuiltInKeywords.getNumberOfTotalOption(com.kms.katalon.core.testobject.ObjectRepository.findTestObject(DispensaryToStore/Page_Store/select_--Select--BA1170BA2376B)): 4 options of object 'Object Repository/DispensaryToStore/Page_Store/select_--Select--BA1170BA2376B' counted

2018-06-09 16:53:19 - [MESSAGE][PASSED] - 4 options of object 'Object Repository/DispensaryToStore/Page_Store/select_--Select--BA1170BA2376B' counted

2018-06-09 16:53:19 - [TEST_STEP][PASSED] - Statement - For ([g = 1, g <= BatchNumber - 1, (g++)]): null

2018-06-09 16:53:19 - [TEST_STEP][PASSED] - selectOptionByIndex: All options with index in [1] are selected on object 'Object Repository/DispensaryToStore/Page_Store/select_--Select--BA1170BA2376B'

2018-06-09 16:53:19 - [MESSAGE][PASSED] - All options with index in [1] are selected on object 'Object Repository/DispensaryToStore/Page_Store/select_--Select--BA1170BA2376B'

2018-06-09 16:53:19 - [TEST_STEP][PASSED] - Statement - Try: null

2018-06-09 16:53:19 - [TEST_STEP][PASSED] - Statement - StockQty = com.kms.katalon.core.webui.keyword.WebUiBuiltInKeywords.getAttribute(com.kms.katalon.core.testobject.ObjectRepository.findTestObject(DispensaryToStore/Page_Store/input_txtprice), "value"): Attribute 'value' of object 'Object Repository/DispensaryToStore/Page_Store/input_txtprice' is: '140'

2018-06-09 16:53:19 - [MESSAGE][PASSED] - Attribute 'value' of object 'Object Repository/DispensaryToStore/Page_Store/input_txtprice' is: '140'

2018-06-09 16:53:19 - [TEST_STEP][PASSED] - Statement - out.println("Stock QTY : " + StockQty): null

2018-06-09 16:53:19 - [TEST_STEP][PASSED] - delay: Delayed 2 second(s)

2018-06-09 16:53:21 - [MESSAGE][PASSED] - Delayed 2 second(s)

2018-06-09 16:53:21 - [TEST_STEP][PASSED] - Statement - If (java.lang.String.valueOf(StockQty) >= java.lang.String.valueOf(RequestedQty)): null

2018-06-09 16:53:21 - [TEST_STEP][PASSED] - setText: Text '10' is set on object 'Object Repository/DispensaryToStore/Page_Store/input_txtqty'

2018-06-09 16:53:21 - [MESSAGE][PASSED] - Text '10' is set on object 'Object Repository/DispensaryToStore/Page_Store/input_txtqty'

2018-06-09 16:53:21 - [TEST_STEP][PASSED] - click: Object: 'Object Repository/DispensaryToStore/Page_Store/button_Add' is clicked on

2018-06-09 16:53:21 - [MESSAGE][PASSED] - Object: 'Object Repository/DispensaryToStore/Page_Store/button_Add' is clicked on

2018-06-09 16:53:21 - [TEST_STEP][PASSED] - Statement - Break: null

2018-06-09 16:53:21 - [TEST_STEP][PASSED] - selectOptionByIndex: All options with index in [26] are selected on object 'Object Repository/DispensaryToStore/Page_Store/select_--Select--Adernaline 0.'

2018-06-09 16:53:22 - [MESSAGE][PASSED] - All options with index in [26] are selected on object 'Object Repository/DispensaryToStore/Page_Store/select_--Select--Adernaline 0.'

2018-06-09 16:53:22 - [TEST_STEP][PASSED] - delay: Delayed 2 second(s)

2018-06-09 16:53:24 - [MESSAGE][PASSED] - Delayed 2 second(s)

2018-06-09 16:53:24 - [TEST_STEP][PASSED] - Statement - RequestedQty = com.kms.katalon.core.webui.keyword.WebUiBuiltInKeywords.getAttribute(com.kms.katalon.core.testobject.ObjectRepository.findTestObject(DispensaryToStore/Page_Store/input_txttotal), "value"): Attribute 'value' of object 'Object Repository/DispensaryToStore/Page_Store/input_txttotal' is: '10'

2018-06-09 16:53:24 - [MESSAGE][PASSED] - Attribute 'value' of object 'Object Repository/DispensaryToStore/Page_Store/input_txttotal' is: '10'

2018-06-09 16:53:24 - [TEST_STEP][PASSED] - Statement - out.println("Requested QTY : " + RequestedQty): null

2018-06-09 16:53:24 - [TEST_STEP][PASSED] - Statement - BatchNumber = com.kms.katalon.core.webui.keyword.WebUiBuiltInKeywords.getNumberOfTotalOption(com.kms.katalon.core.testobject.ObjectRepository.findTestObject(DispensaryToStore/Page_Store/select_--Select--BA1170BA2376B)): 3 options of object 'Object Repository/DispensaryToStore/Page_Store/select_--Select--BA1170BA2376B' counted

2018-06-09 16:53:24 - [MESSAGE][PASSED] - 3 options of object 'Object Repository/DispensaryToStore/Page_Store/select_--Select--BA1170BA2376B' counted

2018-06-09 16:53:24 - [TEST_STEP][PASSED] - Statement - For ([g = 1, g <= BatchNumber - 1, (g++)]): null

2018-06-09 16:53:24 - [TEST_STEP][PASSED] - selectOptionByIndex: All options with index in [1] are selected on object 'Object Repository/DispensaryToStore/Page_Store/select_--Select--BA1170BA2376B'

2018-06-09 16:53:24 - [MESSAGE][PASSED] - All options with index in [1] are selected on object 'Object Repository/DispensaryToStore/Page_Store/select_--Select--BA1170BA2376B'

2018-06-09 16:53:24 - [TEST_STEP][PASSED] - Statement - Try: null

2018-06-09 16:53:24 - [TEST_STEP][PASSED] - Statement - StockQty = com.kms.katalon.core.webui.keyword.WebUiBuiltInKeywords.getAttribute(com.kms.katalon.core.testobject.ObjectRepository.findTestObject(DispensaryToStore/Page_Store/input_txtprice), "value"): Attribute 'value' of object 'Object Repository/DispensaryToStore/Page_Store/input_txtprice' is: '1790'

2018-06-09 16:53:24 - [MESSAGE][PASSED] - Attribute 'value' of object 'Object Repository/DispensaryToStore/Page_Store/input_txtprice' is: '1790'

2018-06-09 16:53:24 - [TEST_STEP][PASSED] - Statement - out.println("Stock QTY : " + StockQty): null

2018-06-09 16:53:24 - [TEST_STEP][PASSED] - delay: Delayed 2 second(s)

2018-06-09 16:53:26 - [MESSAGE][PASSED] - Delayed 2 second(s)

2018-06-09 16:53:26 - [TEST_STEP][PASSED] - Statement - If (java.lang.String.valueOf(StockQty) >= java.lang.String.valueOf(RequestedQty)): null

2018-06-09 16:53:26 - [TEST_STEP][PASSED] - setText: Text '10' is set on object 'Object Repository/DispensaryToStore/Page_Store/input_txtqty'

2018-06-09 16:53:26 - [MESSAGE][PASSED] - Text '10' is set on object 'Object Repository/DispensaryToStore/Page_Store/input_txtqty'

2018-06-09 16:53:26 - [TEST_STEP][PASSED] - click: Object: 'Object Repository/DispensaryToStore/Page_Store/button_Add' is clicked on

2018-06-09 16:53:26 - [MESSAGE][PASSED] - Object: 'Object Repository/DispensaryToStore/Page_Store/button_Add' is clicked on

2018-06-09 16:53:26 - [TEST_STEP][PASSED] - Statement - Break: null

2018-06-09 16:53:26 - [TEST_STEP][PASSED] - selectOptionByIndex: All options with index in [27] are selected on object 'Object Repository/DispensaryToStore/Page_Store/select_--Select--Adernaline 0.'

2018-06-09 16:53:27 - [MESSAGE][PASSED] - All options with index in [27] are selected on object 'Object Repository/DispensaryToStore/Page_Store/select_--Select--Adernaline 0.'

2018-06-09 16:53:27 - [TEST_STEP][PASSED] - delay: Delayed 2 second(s)

2018-06-09 16:53:29 - [MESSAGE][PASSED] - Delayed 2 second(s)

2018-06-09 16:53:29 - [TEST_STEP][PASSED] - Statement - RequestedQty = com.kms.katalon.core.webui.keyword.WebUiBuiltInKeywords.getAttribute(com.kms.katalon.core.testobject.ObjectRepository.findTestObject(DispensaryToStore/Page_Store/input_txttotal), "value"): Attribute 'value' of object 'Object Repository/DispensaryToStore/Page_Store/input_txttotal' is: '10'

2018-06-09 16:53:29 - [MESSAGE][PASSED] - Attribute 'value' of object 'Object Repository/DispensaryToStore/Page_Store/input_txttotal' is: '10'

2018-06-09 16:53:29 - [TEST_STEP][PASSED] - Statement - out.println("Requested QTY : " + RequestedQty): null

2018-06-09 16:53:29 - [TEST_STEP][PASSED] - Statement - BatchNumber = com.kms.katalon.core.webui.keyword.WebUiBuiltInKeywords.getNumberOfTotalOption(com.kms.katalon.core.testobject.ObjectRepository.findTestObject(DispensaryToStore/Page_Store/select_--Select--BA1170BA2376B)): 4 options of object 'Object Repository/DispensaryToStore/Page_Store/select_--Select--BA1170BA2376B' counted

2018-06-09 16:53:29 - [MESSAGE][PASSED] - 4 options of object 'Object Repository/DispensaryToStore/Page_Store/select_--Select--BA1170BA2376B' counted

2018-06-09 16:53:29 - [TEST_STEP][PASSED] - Statement - For ([g = 1, g <= BatchNumber - 1, (g++)]): null

2018-06-09 16:53:29 - [TEST_STEP][PASSED] - selectOptionByIndex: All options with index in [1] are selected on object 'Object Repository/DispensaryToStore/Page_Store/select_--Select--BA1170BA2376B'

2018-06-09 16:53:29 - [MESSAGE][PASSED] - All options with index in [1] are selected on object 'Object Repository/DispensaryToStore/Page_Store/select_--Select--BA1170BA2376B'

2018-06-09 16:53:29 - [TEST_STEP][PASSED] - Statement - Try: null

2018-06-09 16:53:29 - [TEST_STEP][PASSED] - Statement - StockQty = com.kms.katalon.core.webui.keyword.WebUiBuiltInKeywords.getAttribute(com.kms.katalon.core.testobject.ObjectRepository.findTestObject(DispensaryToStore/Page_Store/input_txtprice), "value"): Attribute 'value' of object 'Object Repository/DispensaryToStore/Page_Store/input_txtprice' is: '870'

2018-06-09 16:53:29 - [MESSAGE][PASSED] - Attribute 'value' of object 'Object Repository/DispensaryToStore/Page_Store/input_txtprice' is: '870'

2018-06-09 16:53:29 - [TEST_STEP][PASSED] - Statement - out.println("Stock QTY : " + StockQty): null

2018-06-09 16:53:29 - [TEST_STEP][PASSED] - delay: Delayed 2 second(s)

2018-06-09 16:53:31 - [MESSAGE][PASSED] - Delayed 2 second(s)

2018-06-09 16:53:31 - [TEST_STEP][PASSED] - Statement - If (java.lang.String.valueOf(StockQty) >= java.lang.String.valueOf(RequestedQty)): null

2018-06-09 16:53:31 - [TEST_STEP][PASSED] - setText: Text '10' is set on object 'Object Repository/DispensaryToStore/Page_Store/input_txtqty'

2018-06-09 16:53:31 - [MESSAGE][PASSED] - Text '10' is set on object 'Object Repository/DispensaryToStore/Page_Store/input_txtqty'

2018-06-09 16:53:31 - [TEST_STEP][PASSED] - click: Object: 'Object Repository/DispensaryToStore/Page_Store/button_Add' is clicked on

2018-06-09 16:53:31 - [MESSAGE][PASSED] - Object: 'Object Repository/DispensaryToStore/Page_Store/button_Add' is clicked on

2018-06-09 16:53:31 - [TEST_STEP][PASSED] - Statement - Break: null

2018-06-09 16:53:31 - [TEST_STEP][PASSED] - selectOptionByIndex: All options with index in [28] are selected on object 'Object Repository/DispensaryToStore/Page_Store/select_--Select--Adernaline 0.'

2018-06-09 16:53:31 - [MESSAGE][PASSED] - All options with index in [28] are selected on object 'Object Repository/DispensaryToStore/Page_Store/select_--Select--Adernaline 0.'

2018-06-09 16:53:31 - [TEST_STEP][PASSED] - delay: Delayed 2 second(s)

2018-06-09 16:53:33 - [MESSAGE][PASSED] - Delayed 2 second(s)

2018-06-09 16:53:33 - [TEST_STEP][PASSED] - Statement - RequestedQty = com.kms.katalon.core.webui.keyword.WebUiBuiltInKeywords.getAttribute(com.kms.katalon.core.testobject.ObjectRepository.findTestObject(DispensaryToStore/Page_Store/input_txttotal), "value"): Attribute 'value' of object 'Object Repository/DispensaryToStore/Page_Store/input_txttotal' is: '10'

2018-06-09 16:53:33 - [MESSAGE][PASSED] - Attribute 'value' of object 'Object Repository/DispensaryToStore/Page_Store/input_txttotal' is: '10'

2018-06-09 16:53:33 - [TEST_STEP][PASSED] - Statement - out.println("Requested QTY : " + RequestedQty): null

2018-06-09 16:53:33 - [TEST_STEP][PASSED] - Statement - BatchNumber = com.kms.katalon.core.webui.keyword.WebUiBuiltInKeywords.getNumberOfTotalOption(com.kms.katalon.core.testobject.ObjectRepository.findTestObject(DispensaryToStore/Page_Store/select_--Select--BA1170BA2376B)): 5 options of object 'Object Repository/DispensaryToStore/Page_Store/select_--Select--BA1170BA2376B' counted

2018-06-09 16:53:33 - [MESSAGE][PASSED] - 5 options of object 'Object Repository/DispensaryToStore/Page_Store/select_--Select--BA1170BA2376B' counted

2018-06-09 16:53:33 - [TEST_STEP][PASSED] - Statement - For ([g = 1, g <= BatchNumber - 1, (g++)]): null

2018-06-09 16:53:33 - [TEST_STEP][PASSED] - selectOptionByIndex: All options with index in [1] are selected on object 'Object Repository/DispensaryToStore/Page_Store/select_--Select--BA1170BA2376B'

2018-06-09 16:53:34 - [MESSAGE][PASSED] - All options with index in [1] are selected on object 'Object Repository/DispensaryToStore/Page_Store/select_--Select--BA1170BA2376B'

2018-06-09 16:53:34 - [TEST_STEP][PASSED] - Statement - Try: null

2018-06-09 16:53:34 - [TEST_STEP][PASSED] - Statement - StockQty = com.kms.katalon.core.webui.keyword.WebUiBuiltInKeywords.getAttribute(com.kms.katalon.core.testobject.ObjectRepository.findTestObject(DispensaryToStore/Page_Store/input_txtprice), "value"): Attribute 'value' of object 'Object Repository/DispensaryToStore/Page_Store/input_txtprice' is: '410'

2018-06-09 16:53:34 - [MESSAGE][PASSED] - Attribute 'value' of object 'Object Repository/DispensaryToStore/Page_Store/input_txtprice' is: '410'

2018-06-09 16:53:34 - [TEST_STEP][PASSED] - Statement - out.println("Stock QTY : " + StockQty): null

2018-06-09 16:53:34 - [TEST_STEP][PASSED] - delay: Delayed 2 second(s)

2018-06-09 16:53:36 - [MESSAGE][PASSED] - Delayed 2 second(s)

2018-06-09 16:53:36 - [TEST_STEP][PASSED] - Statement - If (java.lang.String.valueOf(StockQty) >= java.lang.String.valueOf(RequestedQty)): null

2018-06-09 16:53:36 - [TEST_STEP][PASSED] - setText: Text '10' is set on object 'Object Repository/DispensaryToStore/Page_Store/input_txtqty'

2018-06-09 16:53:36 - [MESSAGE][PASSED] - Text '10' is set on object 'Object Repository/DispensaryToStore/Page_Store/input_txtqty'

2018-06-09 16:53:36 - [TEST_STEP][PASSED] - click: Object: 'Object Repository/DispensaryToStore/Page_Store/button_Add' is clicked on

2018-06-09 16:53:36 - [MESSAGE][PASSED] - Object: 'Object Repository/DispensaryToStore/Page_Store/button_Add' is clicked on

2018-06-09 16:53:36 - [TEST_STEP][PASSED] - Statement - Break: null

2018-06-09 16:53:36 - [TEST_STEP][PASSED] - selectOptionByIndex: All options with index in [29] are selected on object 'Object Repository/DispensaryToStore/Page_Store/select_--Select--Adernaline 0.'

2018-06-09 16:53:36 - [MESSAGE][PASSED] - All options with index in [29] are selected on object 'Object Repository/DispensaryToStore/Page_Store/select_--Select--Adernaline 0.'

2018-06-09 16:53:36 - [TEST_STEP][PASSED] - delay: Delayed 2 second(s)

2018-06-09 16:53:38 - [MESSAGE][PASSED] - Delayed 2 second(s)

2018-06-09 16:53:38 - [TEST_STEP][PASSED] - Statement - RequestedQty = com.kms.katalon.core.webui.keyword.WebUiBuiltInKeywords.getAttribute(com.kms.katalon.core.testobject.ObjectRepository.findTestObject(DispensaryToStore/Page_Store/input_txttotal), "value"): Attribute 'value' of object 'Object Repository/DispensaryToStore/Page_Store/input_txttotal' is: '10'

2018-06-09 16:53:38 - [MESSAGE][PASSED] - Attribute 'value' of object 'Object Repository/DispensaryToStore/Page_Store/input_txttotal' is: '10'

2018-06-09 16:53:38 - [TEST_STEP][PASSED] - Statement - out.println("Requested QTY : " + RequestedQty): null

2018-06-09 16:53:38 - [TEST_STEP][PASSED] - Statement - BatchNumber = com.kms.katalon.core.webui.keyword.WebUiBuiltInKeywords.getNumberOfTotalOption(com.kms.katalon.core.testobject.ObjectRepository.findTestObject(DispensaryToStore/Page_Store/select_--Select--BA1170BA2376B)): 3 options of object 'Object Repository/DispensaryToStore/Page_Store/select_--Select--BA1170BA2376B' counted

2018-06-09 16:53:38 - [MESSAGE][PASSED] - 3 options of object 'Object Repository/DispensaryToStore/Page_Store/select_--Select--BA1170BA2376B' counted

2018-06-09 16:53:38 - [TEST_STEP][PASSED] - Statement - For ([g = 1, g <= BatchNumber - 1, (g++)]): null

2018-06-09 16:53:38 - [TEST_STEP][PASSED] - selectOptionByIndex: All options with index in [1] are selected on object 'Object Repository/DispensaryToStore/Page_Store/select_--Select--BA1170BA2376B'

2018-06-09 16:53:38 - [MESSAGE][PASSED] - All options with index in [1] are selected on object 'Object Repository/DispensaryToStore/Page_Store/select_--Select--BA1170BA2376B'

2018-06-09 16:53:38 - [TEST_STEP][PASSED] - Statement - Try: null

2018-06-09 16:53:38 - [TEST_STEP][PASSED] - Statement - StockQty = com.kms.katalon.core.webui.keyword.WebUiBuiltInKeywords.getAttribute(com.kms.katalon.core.testobject.ObjectRepository.findTestObject(DispensaryToStore/Page_Store/input_txtprice), "value"): Attribute 'value' of object 'Object Repository/DispensaryToStore/Page_Store/input_txtprice' is: '330'

2018-06-09 16:53:39 - [MESSAGE][PASSED] - Attribute 'value' of object 'Object Repository/DispensaryToStore/Page_Store/input_txtprice' is: '330'

2018-06-09 16:53:39 - [TEST_STEP][PASSED] - Statement - out.println("Stock QTY : " + StockQty): null

2018-06-09 16:53:39 - [TEST_STEP][PASSED] - delay: Delayed 2 second(s)

2018-06-09 16:53:41 - [MESSAGE][PASSED] - Delayed 2 second(s)

2018-06-09 16:53:41 - [TEST_STEP][PASSED] - Statement - If (java.lang.String.valueOf(StockQty) >= java.lang.String.valueOf(RequestedQty)): null

2018-06-09 16:53:41 - [TEST_STEP][PASSED] - setText: Text '10' is set on object 'Object Repository/DispensaryToStore/Page_Store/input_txtqty'

2018-06-09 16:53:41 - [MESSAGE][PASSED] - Text '10' is set on object 'Object Repository/DispensaryToStore/Page_Store/input_txtqty'

2018-06-09 16:53:41 - [TEST_STEP][PASSED] - click: Object: 'Object Repository/DispensaryToStore/Page_Store/button_Add' is clicked on

2018-06-09 16:53:41 - [MESSAGE][PASSED] - Object: 'Object Repository/DispensaryToStore/Page_Store/button_Add' is clicked on

2018-06-09 16:53:41 - [TEST_STEP][PASSED] - Statement - Break: null

2018-06-09 16:53:41 - [TEST_STEP][PASSED] - selectOptionByIndex: All options with index in [30] are selected on object 'Object Repository/DispensaryToStore/Page_Store/select_--Select--Adernaline 0.'

2018-06-09 16:53:41 - [MESSAGE][PASSED] - All options with index in [30] are selected on object 'Object Repository/DispensaryToStore/Page_Store/select_--Select--Adernaline 0.'

2018-06-09 16:53:41 - [TEST_STEP][PASSED] - delay: Delayed 2 second(s)

2018-06-09 16:53:43 - [MESSAGE][PASSED] - Delayed 2 second(s)

2018-06-09 16:53:43 - [TEST_STEP][PASSED] - Statement - RequestedQty = com.kms.katalon.core.webui.keyword.WebUiBuiltInKeywords.getAttribute(com.kms.katalon.core.testobject.ObjectRepository.findTestObject(DispensaryToStore/Page_Store/input_txttotal), "value"): Attribute 'value' of object 'Object Repository/DispensaryToStore/Page_Store/input_txttotal' is: '10'

2018-06-09 16:53:43 - [MESSAGE][PASSED] - Attribute 'value' of object 'Object Repository/DispensaryToStore/Page_Store/input_txttotal' is: '10'

2018-06-09 16:53:43 - [TEST_STEP][PASSED] - Statement - out.println("Requested QTY : " + RequestedQty): null

2018-06-09 16:53:43 - [TEST_STEP][PASSED] - Statement - BatchNumber = com.kms.katalon.core.webui.keyword.WebUiBuiltInKeywords.getNumberOfTotalOption(com.kms.katalon.core.testobject.ObjectRepository.findTestObject(DispensaryToStore/Page_Store/select_--Select--BA1170BA2376B)): 4 options of object 'Object Repository/DispensaryToStore/Page_Store/select_--Select--BA1170BA2376B' counted

2018-06-09 16:53:43 - [MESSAGE][PASSED] - 4 options of object 'Object Repository/DispensaryToStore/Page_Store/select_--Select--BA1170BA2376B' counted

2018-06-09 16:53:43 - [TEST_STEP][PASSED] - Statement - For ([g = 1, g <= BatchNumber - 1, (g++)]): null

2018-06-09 16:53:43 - [TEST_STEP][PASSED] - selectOptionByIndex: All options with index in [1] are selected on object 'Object Repository/DispensaryToStore/Page_Store/select_--Select--BA1170BA2376B'

2018-06-09 16:53:43 - [MESSAGE][PASSED] - All options with index in [1] are selected on object 'Object Repository/DispensaryToStore/Page_Store/select_--Select--BA1170BA2376B'

2018-06-09 16:53:43 - [TEST_STEP][PASSED] - Statement - Try: null

2018-06-09 16:53:43 - [TEST_STEP][PASSED] - Statement - StockQty = com.kms.katalon.core.webui.keyword.WebUiBuiltInKeywords.getAttribute(com.kms.katalon.core.testobject.ObjectRepository.findTestObject(DispensaryToStore/Page_Store/input_txtprice), "value"): Attribute 'value' of object 'Object Repository/DispensaryToStore/Page_Store/input_txtprice' is: '870'

2018-06-09 16:53:43 - [MESSAGE][PASSED] - Attribute 'value' of object 'Object Repository/DispensaryToStore/Page_Store/input_txtprice' is: '870'

2018-06-09 16:53:43 - [TEST_STEP][PASSED] - Statement - out.println("Stock QTY : " + StockQty): null

2018-06-09 16:53:43 - [TEST_STEP][PASSED] - delay: Delayed 2 second(s)

2018-06-09 16:53:45 - [MESSAGE][PASSED] - Delayed 2 second(s)

2018-06-09 16:53:45 - [TEST_STEP][PASSED] - Statement - If (java.lang.String.valueOf(StockQty) >= java.lang.String.valueOf(RequestedQty)): null

2018-06-09 16:53:45 - [TEST_STEP][PASSED] - setText: Text '10' is set on object 'Object Repository/DispensaryToStore/Page_Store/input_txtqty'

2018-06-09 16:53:45 - [MESSAGE][PASSED] - Text '10' is set on object 'Object Repository/DispensaryToStore/Page_Store/input_txtqty'

2018-06-09 16:53:45 - [TEST_STEP][PASSED] - click: Object: 'Object Repository/DispensaryToStore/Page_Store/button_Add' is clicked on

2018-06-09 16:53:46 - [MESSAGE][PASSED] - Object: 'Object Repository/DispensaryToStore/Page_Store/button_Add' is clicked on

2018-06-09 16:53:46 - [TEST_STEP][PASSED] - Statement - Break: null

2018-06-09 16:53:46 - [TEST_STEP][PASSED] - selectOptionByIndex: All options with index in [31] are selected on object 'Object Repository/DispensaryToStore/Page_Store/select_--Select--Adernaline 0.'

2018-06-09 16:53:46 - [MESSAGE][PASSED] - All options with index in [31] are selected on object 'Object Repository/DispensaryToStore/Page_Store/select_--Select--Adernaline 0.'

2018-06-09 16:53:46 - [TEST_STEP][PASSED] - delay: Delayed 2 second(s)

2018-06-09 16:53:48 - [MESSAGE][PASSED] - Delayed 2 second(s)

2018-06-09 16:53:48 - [TEST_STEP][PASSED] - Statement - RequestedQty = com.kms.katalon.core.webui.keyword.WebUiBuiltInKeywords.getAttribute(com.kms.katalon.core.testobject.ObjectRepository.findTestObject(DispensaryToStore/Page_Store/input_txttotal), "value"): Attribute 'value' of object 'Object Repository/DispensaryToStore/Page_Store/input_txttotal' is: '10'

2018-06-09 16:53:48 - [MESSAGE][PASSED] - Attribute 'value' of object 'Object Repository/DispensaryToStore/Page_Store/input_txttotal' is: '10'

2018-06-09 16:53:48 - [TEST_STEP][PASSED] - Statement - out.println("Requested QTY : " + RequestedQty): null

2018-06-09 16:53:48 - [TEST_STEP][PASSED] - Statement - BatchNumber = com.kms.katalon.core.webui.keyword.WebUiBuiltInKeywords.getNumberOfTotalOption(com.kms.katalon.core.testobject.ObjectRepository.findTestObject(DispensaryToStore/Page_Store/select_--Select--BA1170BA2376B)): 5 options of object 'Object Repository/DispensaryToStore/Page_Store/select_--Select--BA1170BA2376B' counted

2018-06-09 16:53:48 - [MESSAGE][PASSED] - 5 options of object 'Object Repository/DispensaryToStore/Page_Store/select_--Select--BA1170BA2376B' counted

2018-06-09 16:53:48 - [TEST_STEP][PASSED] - Statement - For ([g = 1, g <= BatchNumber - 1, (g++)]): null

2018-06-09 16:53:48 - [TEST_STEP][PASSED] - selectOptionByIndex: All options with index in [1] are selected on object 'Object Repository/DispensaryToStore/Page_Store/select_--Select--BA1170BA2376B'

2018-06-09 16:53:48 - [MESSAGE][PASSED] - All options with index in [1] are selected on object 'Object Repository/DispensaryToStore/Page_Store/select_--Select--BA1170BA2376B'

2018-06-09 16:53:48 - [TEST_STEP][PASSED] - Statement - Try: null

2018-06-09 16:53:48 - [TEST_STEP][PASSED] - Statement - StockQty = com.kms.katalon.core.webui.keyword.WebUiBuiltInKeywords.getAttribute(com.kms.katalon.core.testobject.ObjectRepository.findTestObject(DispensaryToStore/Page_Store/input_txtprice), "value"): Attribute 'value' of object 'Object Repository/DispensaryToStore/Page_Store/input_txtprice' is: '330'

2018-06-09 16:53:48 - [MESSAGE][PASSED] - Attribute 'value' of object 'Object Repository/DispensaryToStore/Page_Store/input_txtprice' is: '330'

2018-06-09 16:53:48 - [TEST_STEP][PASSED] - Statement - out.println("Stock QTY : " + StockQty): null

2018-06-09 16:53:48 - [TEST_STEP][PASSED] - delay: Delayed 2 second(s)

2018-06-09 16:53:50 - [MESSAGE][PASSED] - Delayed 2 second(s)

2018-06-09 16:53:50 - [TEST_STEP][PASSED] - Statement - If (java.lang.String.valueOf(StockQty) >= java.lang.String.valueOf(RequestedQty)): null

2018-06-09 16:53:50 - [TEST_STEP][PASSED] - setText: Text '10' is set on object 'Object Repository/DispensaryToStore/Page_Store/input_txtqty'

2018-06-09 16:53:50 - [MESSAGE][PASSED] - Text '10' is set on object 'Object Repository/DispensaryToStore/Page_Store/input_txtqty'

2018-06-09 16:53:50 - [TEST_STEP][PASSED] - click: Object: 'Object Repository/DispensaryToStore/Page_Store/button_Add' is clicked on

2018-06-09 16:53:50 - [MESSAGE][PASSED] - Object: 'Object Repository/DispensaryToStore/Page_Store/button_Add' is clicked on

2018-06-09 16:53:50 - [TEST_STEP][PASSED] - Statement - Break: null

2018-06-09 16:53:50 - [TEST_STEP][PASSED] - selectOptionByIndex: All options with index in [32] are selected on object 'Object Repository/DispensaryToStore/Page_Store/select_--Select--Adernaline 0.'

2018-06-09 16:53:51 - [MESSAGE][PASSED] - All options with index in [32] are selected on object 'Object Repository/DispensaryToStore/Page_Store/select_--Select--Adernaline 0.'

2018-06-09 16:53:51 - [TEST_STEP][PASSED] - delay: Delayed 2 second(s)

2018-06-09 16:53:53 - [MESSAGE][PASSED] - Delayed 2 second(s)

2018-06-09 16:53:53 - [TEST_STEP][PASSED] - Statement - RequestedQty = com.kms.katalon.core.webui.keyword.WebUiBuiltInKeywords.getAttribute(com.kms.katalon.core.testobject.ObjectRepository.findTestObject(DispensaryToStore/Page_Store/input_txttotal), "value"): Attribute 'value' of object 'Object Repository/DispensaryToStore/Page_Store/input_txttotal' is: '10'

2018-06-09 16:53:53 - [MESSAGE][PASSED] - Attribute 'value' of object 'Object Repository/DispensaryToStore/Page_Store/input_txttotal' is: '10'

2018-06-09 16:53:53 - [TEST_STEP][PASSED] - Statement - out.println("Requested QTY : " + RequestedQty): null

2018-06-09 16:53:53 - [TEST_STEP][PASSED] - Statement - BatchNumber = com.kms.katalon.core.webui.keyword.WebUiBuiltInKeywords.getNumberOfTotalOption(com.kms.katalon.core.testobject.ObjectRepository.findTestObject(DispensaryToStore/Page_Store/select_--Select--BA1170BA2376B)): 2 options of object 'Object Repository/DispensaryToStore/Page_Store/select_--Select--BA1170BA2376B' counted

2018-06-09 16:53:53 - [MESSAGE][PASSED] - 2 options of object 'Object Repository/DispensaryToStore/Page_Store/select_--Select--BA1170BA2376B' counted

2018-06-09 16:53:53 - [TEST_STEP][PASSED] - Statement - For ([g = 1, g <= BatchNumber - 1, (g++)]): null

2018-06-09 16:53:53 - [TEST_STEP][PASSED] - selectOptionByIndex: All options with index in [1] are selected on object 'Object Repository/DispensaryToStore/Page_Store/select_--Select--BA1170BA2376B'

2018-06-09 16:53:53 - [MESSAGE][PASSED] - All options with index in [1] are selected on object 'Object Repository/DispensaryToStore/Page_Store/select_--Select--BA1170BA2376B'

2018-06-09 16:53:53 - [TEST_STEP][PASSED] - Statement - Try: null

2018-06-09 16:53:53 - [TEST_STEP][PASSED] - Statement - StockQty = com.kms.katalon.core.webui.keyword.WebUiBuiltInKeywords.getAttribute(com.kms.katalon.core.testobject.ObjectRepository.findTestObject(DispensaryToStore/Page_Store/input_txtprice), "value"): Attribute 'value' of object 'Object Repository/DispensaryToStore/Page_Store/input_txtprice' is: '1890'

2018-06-09 16:53:53 - [MESSAGE][PASSED] - Attribute 'value' of object 'Object Repository/DispensaryToStore/Page_Store/input_txtprice' is: '1890'

2018-06-09 16:53:53 - [TEST_STEP][PASSED] - Statement - out.println("Stock QTY : " + StockQty): null

2018-06-09 16:53:53 - [TEST_STEP][PASSED] - delay: Delayed 2 second(s)

2018-06-09 16:53:55 - [MESSAGE][PASSED] - Delayed 2 second(s)

2018-06-09 16:53:55 - [TEST_STEP][PASSED] - Statement - If (java.lang.String.valueOf(StockQty) >= java.lang.String.valueOf(RequestedQty)): null

2018-06-09 16:53:55 - [TEST_STEP][PASSED] - setText: Text '10' is set on object 'Object Repository/DispensaryToStore/Page_Store/input_txtqty'

2018-06-09 16:53:55 - [MESSAGE][PASSED] - Text '10' is set on object 'Object Repository/DispensaryToStore/Page_Store/input_txtqty'

2018-06-09 16:53:55 - [TEST_STEP][PASSED] - click: Object: 'Object Repository/DispensaryToStore/Page_Store/button_Add' is clicked on

2018-06-09 16:53:55 - [MESSAGE][PASSED] - Object: 'Object Repository/DispensaryToStore/Page_Store/button_Add' is clicked on

2018-06-09 16:53:55 - [TEST_STEP][PASSED] - Statement - Break: null

2018-06-09 16:53:55 - [TEST_STEP][PASSED] - selectOptionByIndex: All options with index in [33] are selected on object 'Object Repository/DispensaryToStore/Page_Store/select_--Select--Adernaline 0.'

2018-06-09 16:53:56 - [MESSAGE][PASSED] - All options with index in [33] are selected on object 'Object Repository/DispensaryToStore/Page_Store/select_--Select--Adernaline 0.'

2018-06-09 16:53:56 - [TEST_STEP][PASSED] - delay: Delayed 2 second(s)

2018-06-09 16:53:58 - [MESSAGE][PASSED] - Delayed 2 second(s)

2018-06-09 16:53:58 - [TEST_STEP][PASSED] - Statement - RequestedQty = com.kms.katalon.core.webui.keyword.WebUiBuiltInKeywords.getAttribute(com.kms.katalon.core.testobject.ObjectRepository.findTestObject(DispensaryToStore/Page_Store/input_txttotal), "value"): Attribute 'value' of object 'Object Repository/DispensaryToStore/Page_Store/input_txttotal' is: '10'

2018-06-09 16:53:58 - [MESSAGE][PASSED] - Attribute 'value' of object 'Object Repository/DispensaryToStore/Page_Store/input_txttotal' is: '10'

2018-06-09 16:53:58 - [TEST_STEP][PASSED] - Statement - out.println("Requested QTY : " + RequestedQty): null

2018-06-09 16:53:58 - [TEST_STEP][PASSED] - Statement - BatchNumber = com.kms.katalon.core.webui.keyword.WebUiBuiltInKeywords.getNumberOfTotalOption(com.kms.katalon.core.testobject.ObjectRepository.findTestObject(DispensaryToStore/Page_Store/select_--Select--BA1170BA2376B)): 3 options of object 'Object Repository/DispensaryToStore/Page_Store/select_--Select--BA1170BA2376B' counted

2018-06-09 16:53:58 - [MESSAGE][PASSED] - 3 options of object 'Object Repository/DispensaryToStore/Page_Store/select_--Select--BA1170BA2376B' counted

2018-06-09 16:53:58 - [TEST_STEP][PASSED] - Statement - For ([g = 1, g <= BatchNumber - 1, (g++)]): null

2018-06-09 16:53:58 - [TEST_STEP][PASSED] - selectOptionByIndex: All options with index in [1] are selected on object 'Object Repository/DispensaryToStore/Page_Store/select_--Select--BA1170BA2376B'

2018-06-09 16:53:58 - [MESSAGE][PASSED] - All options with index in [1] are selected on object 'Object Repository/DispensaryToStore/Page_Store/select_--Select--BA1170BA2376B'

2018-06-09 16:53:58 - [TEST_STEP][PASSED] - Statement - Try: null

2018-06-09 16:53:58 - [TEST_STEP][PASSED] - Statement - StockQty = com.kms.katalon.core.webui.keyword.WebUiBuiltInKeywords.getAttribute(com.kms.katalon.core.testobject.ObjectRepository.findTestObject(DispensaryToStore/Page_Store/input_txtprice), "value"): Attribute 'value' of object 'Object Repository/DispensaryToStore/Page_Store/input_txtprice' is: '1790'

2018-06-09 16:53:58 - [MESSAGE][PASSED] - Attribute 'value' of object 'Object Repository/DispensaryToStore/Page_Store/input_txtprice' is: '1790'

2018-06-09 16:53:58 - [TEST_STEP][PASSED] - Statement - out.println("Stock QTY : " + StockQty): null

2018-06-09 16:53:58 - [TEST_STEP][PASSED] - delay: Delayed 2 second(s)

2018-06-09 16:54:00 - [MESSAGE][PASSED] - Delayed 2 second(s)

2018-06-09 16:54:00 - [TEST_STEP][PASSED] - Statement - If (java.lang.String.valueOf(StockQty) >= java.lang.String.valueOf(RequestedQty)): null

2018-06-09 16:54:00 - [TEST_STEP][PASSED] - setText: Text '10' is set on object 'Object Repository/DispensaryToStore/Page_Store/input_txtqty'

2018-06-09 16:54:00 - [MESSAGE][PASSED] - Text '10' is set on object 'Object Repository/DispensaryToStore/Page_Store/input_txtqty'

2018-06-09 16:54:00 - [TEST_STEP][PASSED] - click: Object: 'Object Repository/DispensaryToStore/Page_Store/button_Add' is clicked on

2018-06-09 16:54:00 - [MESSAGE][PASSED] - Object: 'Object Repository/DispensaryToStore/Page_Store/button_Add' is clicked on

2018-06-09 16:54:00 - [TEST_STEP][PASSED] - Statement - Break: null

2018-06-09 16:54:00 - [TEST_STEP][PASSED] - selectOptionByIndex: All options with index in [34] are selected on object 'Object Repository/DispensaryToStore/Page_Store/select_--Select--Adernaline 0.'

2018-06-09 16:54:01 - [MESSAGE][PASSED] - All options with index in [34] are selected on object 'Object Repository/DispensaryToStore/Page_Store/select_--Select--Adernaline 0.'

2018-06-09 16:54:01 - [TEST_STEP][PASSED] - delay: Delayed 2 second(s)

2018-06-09 16:54:03 - [MESSAGE][PASSED] - Delayed 2 second(s)

2018-06-09 16:54:03 - [TEST_STEP][PASSED] - Statement - RequestedQty = com.kms.katalon.core.webui.keyword.WebUiBuiltInKeywords.getAttribute(com.kms.katalon.core.testobject.ObjectRepository.findTestObject(DispensaryToStore/Page_Store/input_txttotal), "value"): Attribute 'value' of object 'Object Repository/DispensaryToStore/Page_Store/input_txttotal' is: '10'

2018-06-09 16:54:03 - [MESSAGE][PASSED] - Attribute 'value' of object 'Object Repository/DispensaryToStore/Page_Store/input_txttotal' is: '10'

2018-06-09 16:54:03 - [TEST_STEP][PASSED] - Statement - out.println("Requested QTY : " + RequestedQty): null

2018-06-09 16:54:03 - [TEST_STEP][PASSED] - Statement - BatchNumber = com.kms.katalon.core.webui.keyword.WebUiBuiltInKeywords.getNumberOfTotalOption(com.kms.katalon.core.testobject.ObjectRepository.findTestObject(DispensaryToStore/Page_Store/select_--Select--BA1170BA2376B)): 3 options of object 'Object Repository/DispensaryToStore/Page_Store/select_--Select--BA1170BA2376B' counted

2018-06-09 16:54:03 - [MESSAGE][PASSED] - 3 options of object 'Object Repository/DispensaryToStore/Page_Store/select_--Select--BA1170BA2376B' counted

2018-06-09 16:54:03 - [TEST_STEP][PASSED] - Statement - For ([g = 1, g <= BatchNumber - 1, (g++)]): null

2018-06-09 16:54:03 - [TEST_STEP][PASSED] - selectOptionByIndex: All options with index in [1] are selected on object 'Object Repository/DispensaryToStore/Page_Store/select_--Select--BA1170BA2376B'

2018-06-09 16:54:03 - [MESSAGE][PASSED] - All options with index in [1] are selected on object 'Object Repository/DispensaryToStore/Page_Store/select_--Select--BA1170BA2376B'

2018-06-09 16:54:03 - [TEST_STEP][PASSED] - Statement - Try: null

2018-06-09 16:54:03 - [TEST_STEP][PASSED] - Statement - StockQty = com.kms.katalon.core.webui.keyword.WebUiBuiltInKeywords.getAttribute(com.kms.katalon.core.testobject.ObjectRepository.findTestObject(DispensaryToStore/Page_Store/input_txtprice), "value"): Attribute 'value' of object 'Object Repository/DispensaryToStore/Page_Store/input_txtprice' is: '870'

2018-06-09 16:54:03 - [MESSAGE][PASSED] - Attribute 'value' of object 'Object Repository/DispensaryToStore/Page_Store/input_txtprice' is: '870'

2018-06-09 16:54:03 - [TEST_STEP][PASSED] - Statement - out.println("Stock QTY : " + StockQty): null

2018-06-09 16:54:03 - [TEST_STEP][PASSED] - delay: Delayed 2 second(s)

2018-06-09 16:54:05 - [MESSAGE][PASSED] - Delayed 2 second(s)

2018-06-09 16:54:05 - [TEST_STEP][PASSED] - Statement - If (java.lang.String.valueOf(StockQty) >= java.lang.String.valueOf(RequestedQty)): null

2018-06-09 16:54:05 - [TEST_STEP][PASSED] - setText: Text '10' is set on object 'Object Repository/DispensaryToStore/Page_Store/input_txtqty'

2018-06-09 16:54:05 - [MESSAGE][PASSED] - Text '10' is set on object 'Object Repository/DispensaryToStore/Page_Store/input_txtqty'

2018-06-09 16:54:05 - [TEST_STEP][PASSED] - click: Object: 'Object Repository/DispensaryToStore/Page_Store/button_Add' is clicked on

2018-06-09 16:54:05 - [MESSAGE][PASSED] - Object: 'Object Repository/DispensaryToStore/Page_Store/button_Add' is clicked on

2018-06-09 16:54:05 - [TEST_STEP][PASSED] - Statement - Break: null

2018-06-09 16:54:05 - [TEST_STEP][PASSED] - selectOptionByIndex: All options with index in [35] are selected on object 'Object Repository/DispensaryToStore/Page_Store/select_--Select--Adernaline 0.'

2018-06-09 16:54:06 - [MESSAGE][PASSED] - All options with index in [35] are selected on object 'Object Repository/DispensaryToStore/Page_Store/select_--Select--Adernaline 0.'

2018-06-09 16:54:06 - [TEST_STEP][PASSED] - delay: Delayed 2 second(s)

2018-06-09 16:54:08 - [MESSAGE][PASSED] - Delayed 2 second(s)

2018-06-09 16:54:08 - [TEST_STEP][PASSED] - Statement - RequestedQty = com.kms.katalon.core.webui.keyword.WebUiBuiltInKeywords.getAttribute(com.kms.katalon.core.testobject.ObjectRepository.findTestObject(DispensaryToStore/Page_Store/input_txttotal), "value"): Attribute 'value' of object 'Object Repository/DispensaryToStore/Page_Store/input_txttotal' is: '10'

2018-06-09 16:54:08 - [MESSAGE][PASSED] - Attribute 'value' of object 'Object Repository/DispensaryToStore/Page_Store/input_txttotal' is: '10'

2018-06-09 16:54:08 - [TEST_STEP][PASSED] - Statement - out.println("Requested QTY : " + RequestedQty): null

2018-06-09 16:54:08 - [TEST_STEP][PASSED] - Statement - BatchNumber = com.kms.katalon.core.webui.keyword.WebUiBuiltInKeywords.getNumberOfTotalOption(com.kms.katalon.core.testobject.ObjectRepository.findTestObject(DispensaryToStore/Page_Store/select_--Select--BA1170BA2376B)): 4 options of object 'Object Repository/DispensaryToStore/Page_Store/select_--Select--BA1170BA2376B' counted

2018-06-09 16:54:08 - [MESSAGE][PASSED] - 4 options of object 'Object Repository/DispensaryToStore/Page_Store/select_--Select--BA1170BA2376B' counted

2018-06-09 16:54:08 - [TEST_STEP][PASSED] - Statement - For ([g = 1, g <= BatchNumber - 1, (g++)]): null

2018-06-09 16:54:08 - [TEST_STEP][PASSED] - selectOptionByIndex: All options with index in [1] are selected on object 'Object Repository/DispensaryToStore/Page_Store/select_--Select--BA1170BA2376B'

2018-06-09 16:54:08 - [MESSAGE][PASSED] - All options with index in [1] are selected on object 'Object Repository/DispensaryToStore/Page_Store/select_--Select--BA1170BA2376B'

2018-06-09 16:54:08 - [TEST_STEP][PASSED] - Statement - Try: null

2018-06-09 16:54:08 - [TEST_STEP][PASSED] - Statement - StockQty = com.kms.katalon.core.webui.keyword.WebUiBuiltInKeywords.getAttribute(com.kms.katalon.core.testobject.ObjectRepository.findTestObject(DispensaryToStore/Page_Store/input_txtprice), "value"): Attribute 'value' of object 'Object Repository/DispensaryToStore/Page_Store/input_txtprice' is: '870'

2018-06-09 16:54:08 - [MESSAGE][PASSED] - Attribute 'value' of object 'Object Repository/DispensaryToStore/Page_Store/input_txtprice' is: '870'

2018-06-09 16:54:08 - [TEST_STEP][PASSED] - Statement - out.println("Stock QTY : " + StockQty): null

2018-06-09 16:54:08 - [TEST_STEP][PASSED] - delay: Delayed 2 second(s)

2018-06-09 16:54:10 - [MESSAGE][PASSED] - Delayed 2 second(s)

2018-06-09 16:54:10 - [TEST_STEP][PASSED] - Statement - If (java.lang.String.valueOf(StockQty) >= java.lang.String.valueOf(RequestedQty)): null

2018-06-09 16:54:10 - [TEST_STEP][PASSED] - setText: Text '10' is set on object 'Object Repository/DispensaryToStore/Page_Store/input_txtqty'

2018-06-09 16:54:10 - [MESSAGE][PASSED] - Text '10' is set on object 'Object Repository/DispensaryToStore/Page_Store/input_txtqty'

2018-06-09 16:54:10 - [TEST_STEP][PASSED] - click: Object: 'Object Repository/DispensaryToStore/Page_Store/button_Add' is clicked on

2018-06-09 16:54:10 - [MESSAGE][PASSED] - Object: 'Object Repository/DispensaryToStore/Page_Store/button_Add' is clicked on

2018-06-09 16:54:10 - [TEST_STEP][PASSED] - Statement - Break: null

2018-06-09 16:54:10 - [TEST_STEP][PASSED] - selectOptionByIndex: All options with index in [36] are selected on object 'Object Repository/DispensaryToStore/Page_Store/select_--Select--Adernaline 0.'

2018-06-09 16:54:11 - [MESSAGE][PASSED] - All options with index in [36] are selected on object 'Object Repository/DispensaryToStore/Page_Store/select_--Select--Adernaline 0.'

2018-06-09 16:54:11 - [TEST_STEP][PASSED] - delay: Delayed 2 second(s)

2018-06-09 16:54:13 - [MESSAGE][PASSED] - Delayed 2 second(s)

2018-06-09 16:54:13 - [TEST_STEP][PASSED] - Statement - RequestedQty = com.kms.katalon.core.webui.keyword.WebUiBuiltInKeywords.getAttribute(com.kms.katalon.core.testobject.ObjectRepository.findTestObject(DispensaryToStore/Page_Store/input_txttotal), "value"): Attribute 'value' of object 'Object Repository/DispensaryToStore/Page_Store/input_txttotal' is: '10'

2018-06-09 16:54:13 - [MESSAGE][PASSED] - Attribute 'value' of object 'Object Repository/DispensaryToStore/Page_Store/input_txttotal' is: '10'

2018-06-09 16:54:13 - [TEST_STEP][PASSED] - Statement - out.println("Requested QTY : " + RequestedQty): null

2018-06-09 16:54:13 - [TEST_STEP][PASSED] - Statement - BatchNumber = com.kms.katalon.core.webui.keyword.WebUiBuiltInKeywords.getNumberOfTotalOption(com.kms.katalon.core.testobject.ObjectRepository.findTestObject(DispensaryToStore/Page_Store/select_--Select--BA1170BA2376B)): 2 options of object 'Object Repository/DispensaryToStore/Page_Store/select_--Select--BA1170BA2376B' counted

2018-06-09 16:54:13 - [MESSAGE][PASSED] - 2 options of object 'Object Repository/DispensaryToStore/Page_Store/select_--Select--BA1170BA2376B' counted

2018-06-09 16:54:13 - [TEST_STEP][PASSED] - Statement - For ([g = 1, g <= BatchNumber - 1, (g++)]): null

2018-06-09 16:54:13 - [TEST_STEP][PASSED] - selectOptionByIndex: All options with index in [1] are selected on object 'Object Repository/DispensaryToStore/Page_Store/select_--Select--BA1170BA2376B'

2018-06-09 16:54:13 - [MESSAGE][PASSED] - All options with index in [1] are selected on object 'Object Repository/DispensaryToStore/Page_Store/select_--Select--BA1170BA2376B'

2018-06-09 16:54:13 - [TEST_STEP][PASSED] - Statement - Try: null

2018-06-09 16:54:13 - [TEST_STEP][PASSED] - Statement - StockQty = com.kms.katalon.core.webui.keyword.WebUiBuiltInKeywords.getAttribute(com.kms.katalon.core.testobject.ObjectRepository.findTestObject(DispensaryToStore/Page_Store/input_txtprice), "value"): Attribute 'value' of object 'Object Repository/DispensaryToStore/Page_Store/input_txtprice' is: '1950'

2018-06-09 16:54:13 - [MESSAGE][PASSED] - Attribute 'value' of object 'Object Repository/DispensaryToStore/Page_Store/input_txtprice' is: '1950'

2018-06-09 16:54:13 - [TEST_STEP][PASSED] - Statement - out.println("Stock QTY : " + StockQty): null

2018-06-09 16:54:13 - [TEST_STEP][PASSED] - delay: Delayed 2 second(s)

2018-06-09 16:54:15 - [MESSAGE][PASSED] - Delayed 2 second(s)

2018-06-09 16:54:15 - [TEST_STEP][PASSED] - Statement - If (java.lang.String.valueOf(StockQty) >= java.lang.String.valueOf(RequestedQty)): null

2018-06-09 16:54:15 - [TEST_STEP][PASSED] - setText: Text '10' is set on object 'Object Repository/DispensaryToStore/Page_Store/input_txtqty'

2018-06-09 16:54:15 - [MESSAGE][PASSED] - Text '10' is set on object 'Object Repository/DispensaryToStore/Page_Store/input_txtqty'

2018-06-09 16:54:15 - [TEST_STEP][PASSED] - click: Object: 'Object Repository/DispensaryToStore/Page_Store/button_Add' is clicked on

2018-06-09 16:54:15 - [MESSAGE][PASSED] - Object: 'Object Repository/DispensaryToStore/Page_Store/button_Add' is clicked on

2018-06-09 16:54:15 - [TEST_STEP][PASSED] - Statement - Break: null

2018-06-09 16:54:15 - [TEST_STEP][PASSED] - scrollToElement: Scroll to object 'Object Repository/DispensaryToStore/Page_Store/input_btnSubmit' successfully

2018-06-09 16:54:15 - [MESSAGE][PASSED] - Scroll to object 'Object Repository/DispensaryToStore/Page_Store/input_btnSubmit' successfully

2018-06-09 16:54:15 - [TEST_STEP][PASSED] - click: Object: 'Object Repository/DispensaryToStore/Page_Store/input_btnSubmit' is clicked on

2018-06-09 16:54:15 - [MESSAGE][PASSED] - Object: 'Object Repository/DispensaryToStore/Page_Store/input_btnSubmit' is clicked on

2018-06-09 16:54:15 - [TEST_STEP][PASSED] - delay: Delayed 3 second(s)

2018-06-09 16:54:18 - [MESSAGE][PASSED] - Delayed 3 second(s)

2018-06-09 16:54:18 - [TEST_STEP][PASSED] - click: Object: 'Object Repository/DispensaryToStore/Page_Store/button_OK' is clicked on

2018-06-09 16:54:20 - [MESSAGE][PASSED] - Object: 'Object Repository/DispensaryToStore/Page_Store/button_OK' is clicked on

2018-06-09 16:54:20 - [TEST_STEP][PASSED] - delay: Delayed 3 second(s)

2018-06-09 16:54:23 - [MESSAGE][PASSED] - Delayed 3 second(s)

2018-06-09 16:54:23 - [TEST_STEP][PASSED] - waitForElementPresent: Object 'Object Repository/DispensaryToStore/Page_Dispensary Store/a_dropdown-toggle' is present

2018-06-09 16:54:23 - [MESSAGE][PASSED] - Object 'Object Repository/DispensaryToStore/Page_Dispensary Store/a_dropdown-toggle' is present

2018-06-09 16:54:23 - [TEST_STEP][PASSED] - click: Object: 'Object Repository/DispensaryToStore/Page_Store/a_dropdown-toggle' is clicked on

2018-06-09 16:54:23 - [MESSAGE][PASSED] - Object: 'Object Repository/DispensaryToStore/Page_Store/a_dropdown-toggle' is clicked on

2018-06-09 16:54:23 - [TEST_STEP][PASSED] - click: Object: 'Object Repository/DispensaryToStore/Page_Store/a_Sign out' is clicked on

2018-06-09 16:54:23 - [MESSAGE][PASSED] - Object: 'Object Repository/DispensaryToStore/Page_Store/a_Sign out' is clicked on

2018-06-09 16:54:23 - [TEST_STEP][PASSED] - closeBrowser: Browser is closed

2018-06-09 16:54:24 - [MESSAGE][PASSED] - Browser is closed]]></system-out>
         <system-err><![CDATA[]]></system-err>
      </testcase>
      <testcase name="Test Cases/DISPENSARY TEST CASES/TC_DP_004 Verify Schedule 4 Dispensary Request Are Working Successfully Or Not" classname="Test Cases/DISPENSARY TEST CASES/TC_DP_004 Verify Schedule 4 Dispensary Request Are Working Successfully Or Not" status="PASSED">
         <system-out><![CDATA[2018-06-09 16:54:24 - [TEST_CASE][PASSED] - Test Cases/DISPENSARY TEST CASES/TC_DP_004 Verify Schedule 4 Dispensary Request Are Working Successfully Or Not: Test Cases/DISPENSARY TEST CASES/TC_DP_004 Verify Schedule 4 Dispensary Request Are Working Successfully Or Not

2018-06-09 16:54:24 - [TEST_STEP][PASSED] - openBrowser: Browser is opened with url: ''

2018-06-09 16:54:26 - [MESSAGE][PASSED] - Browser is opened with url: ''

2018-06-09 16:54:26 - [TEST_STEP][PASSED] - navigateToUrl: Navigate to 'http://192.168.137.1/multihospital_new/HDSplashscreen.aspx' successfully

2018-06-09 16:54:29 - [MESSAGE][PASSED] - Navigate to 'http://192.168.137.1/multihospital_new/HDSplashscreen.aspx' successfully

2018-06-09 16:54:29 - [TEST_STEP][PASSED] - maximizeWindow: Current window maximized

2018-06-09 16:54:30 - [MESSAGE][PASSED] - Current window maximized

2018-06-09 16:54:30 - [TEST_STEP][PASSED] - click: Object: 'Object Repository/DispensaryToStore/Page_KDMC/a_Dispensary Store' is clicked on

2018-06-09 16:54:31 - [MESSAGE][PASSED] - Object: 'Object Repository/DispensaryToStore/Page_KDMC/a_Dispensary Store' is clicked on

2018-06-09 16:54:31 - [TEST_STEP][PASSED] - setText: Text 'rajaram' is set on object 'Object Repository/DispensaryToStore/Page_Dispensary Store Login/input_txtusername'

2018-06-09 16:54:31 - [MESSAGE][PASSED] - Text 'rajaram' is set on object 'Object Repository/DispensaryToStore/Page_Dispensary Store Login/input_txtusername'

2018-06-09 16:54:31 - [TEST_STEP][PASSED] - setText: Text '123' is set on object 'Object Repository/DispensaryToStore/Page_Dispensary Store Login/input_txtpassword'

2018-06-09 16:54:32 - [MESSAGE][PASSED] - Text '123' is set on object 'Object Repository/DispensaryToStore/Page_Dispensary Store Login/input_txtpassword'

2018-06-09 16:54:32 - [TEST_STEP][PASSED] - delay: Delayed 3 second(s)

2018-06-09 16:54:35 - [MESSAGE][PASSED] - Delayed 3 second(s)

2018-06-09 16:54:35 - [TEST_STEP][PASSED] - sendKeys: Keys 'ENTER + ' sent to object: 'Object Repository/DispensaryToStore/Page_Dispensary Store Login/input_txtpassword'

2018-06-09 16:54:35 - [MESSAGE][PASSED] - Keys 'ENTER + ' sent to object: 'Object Repository/DispensaryToStore/Page_Dispensary Store Login/input_txtpassword'

2018-06-09 16:54:35 - [TEST_STEP][PASSED] - delay: Delayed 3 second(s)

2018-06-09 16:54:38 - [MESSAGE][PASSED] - Delayed 3 second(s)

2018-06-09 16:54:38 - [TEST_STEP][PASSED] - click: Object: 'Object Repository/DispensaryToStore/Page_Dispensary Store/a_Request to Store' is clicked on

2018-06-09 16:54:38 - [MESSAGE][PASSED] - Object: 'Object Repository/DispensaryToStore/Page_Dispensary Store/a_Request to Store' is clicked on

2018-06-09 16:54:38 - [TEST_STEP][PASSED] - click: Object: 'Object Repository/DispensaryToStore/Page_Dispensary Store/a_Medicine Request' is clicked on

2018-06-09 16:54:39 - [MESSAGE][PASSED] - Object: 'Object Repository/DispensaryToStore/Page_Dispensary Store/a_Medicine Request' is clicked on

2018-06-09 16:54:39 - [TEST_STEP][PASSED] - selectOptionByIndex: All options with index in [4] are selected on object 'Object Repository/DispensaryToStore/Page_Dispensary Store/select_--Select--Schedule 1Inj'

2018-06-09 16:54:39 - [MESSAGE][PASSED] - All options with index in [4] are selected on object 'Object Repository/DispensaryToStore/Page_Dispensary Store/select_--Select--Schedule 1Inj'

2018-06-09 16:54:39 - [TEST_STEP][PASSED] - Statement - medicineslength = com.kms.katalon.core.webui.keyword.WebUiBuiltInKeywords.getNumberOfTotalOption(com.kms.katalon.core.testobject.ObjectRepository.findTestObject(DispensaryToStore/Page_Dispensary Store/select_--Select--Adernaline 0.)): 16 options of object 'Object Repository/DispensaryToStore/Page_Dispensary Store/select_--Select--Adernaline 0.' counted

2018-06-09 16:54:39 - [MESSAGE][PASSED] - 16 options of object 'Object Repository/DispensaryToStore/Page_Dispensary Store/select_--Select--Adernaline 0.' counted

2018-06-09 16:54:39 - [TEST_STEP][PASSED] - Statement - For ([e = 1, e <= medicineslength - 1, (e++)]): Object: 'Object Repository/DispensaryToStore/Page_Dispensary Store/button_Add' is clicked on

2018-06-09 16:54:39 - [TEST_STEP][PASSED] - selectOptionByIndex: All options with index in [4] are selected on object 'Object Repository/DispensaryToStore/Page_Dispensary Store/select_--Select--Schedule 1Inj'

2018-06-09 16:54:40 - [MESSAGE][PASSED] - All options with index in [4] are selected on object 'Object Repository/DispensaryToStore/Page_Dispensary Store/select_--Select--Schedule 1Inj'

2018-06-09 16:54:40 - [TEST_STEP][PASSED] - delay: Delayed 1 second(s)

2018-06-09 16:54:41 - [MESSAGE][PASSED] - Delayed 1 second(s)

2018-06-09 16:54:41 - [TEST_STEP][PASSED] - selectOptionByIndex: All options with index in [1] are selected on object 'Object Repository/DispensaryToStore/Page_Dispensary Store/select_--Select--Adernaline 0.'

2018-06-09 16:54:41 - [MESSAGE][PASSED] - All options with index in [1] are selected on object 'Object Repository/DispensaryToStore/Page_Dispensary Store/select_--Select--Adernaline 0.'

2018-06-09 16:54:41 - [TEST_STEP][PASSED] - delay: Delayed 1 second(s)

2018-06-09 16:54:42 - [MESSAGE][PASSED] - Delayed 1 second(s)

2018-06-09 16:54:42 - [TEST_STEP][PASSED] - setText: Text '10' is set on object 'Object Repository/DispensaryToStore/Page_Dispensary Store/input_txttreat'

2018-06-09 16:54:42 - [MESSAGE][PASSED] - Text '10' is set on object 'Object Repository/DispensaryToStore/Page_Dispensary Store/input_txttreat'

2018-06-09 16:54:42 - [TEST_STEP][PASSED] - click: Object: 'Object Repository/DispensaryToStore/Page_Dispensary Store/button_Add' is clicked on

2018-06-09 16:54:42 - [MESSAGE][PASSED] - Object: 'Object Repository/DispensaryToStore/Page_Dispensary Store/button_Add' is clicked on

2018-06-09 16:54:42 - [TEST_STEP][PASSED] - selectOptionByIndex: All options with index in [4] are selected on object 'Object Repository/DispensaryToStore/Page_Dispensary Store/select_--Select--Schedule 1Inj'

2018-06-09 16:54:42 - [MESSAGE][PASSED] - All options with index in [4] are selected on object 'Object Repository/DispensaryToStore/Page_Dispensary Store/select_--Select--Schedule 1Inj'

2018-06-09 16:54:42 - [TEST_STEP][PASSED] - delay: Delayed 1 second(s)

2018-06-09 16:54:43 - [MESSAGE][PASSED] - Delayed 1 second(s)

2018-06-09 16:54:43 - [TEST_STEP][PASSED] - selectOptionByIndex: All options with index in [2] are selected on object 'Object Repository/DispensaryToStore/Page_Dispensary Store/select_--Select--Adernaline 0.'

2018-06-09 16:54:44 - [MESSAGE][PASSED] - All options with index in [2] are selected on object 'Object Repository/DispensaryToStore/Page_Dispensary Store/select_--Select--Adernaline 0.'

2018-06-09 16:54:44 - [TEST_STEP][PASSED] - delay: Delayed 1 second(s)

2018-06-09 16:54:45 - [MESSAGE][PASSED] - Delayed 1 second(s)

2018-06-09 16:54:45 - [TEST_STEP][PASSED] - setText: Text '10' is set on object 'Object Repository/DispensaryToStore/Page_Dispensary Store/input_txttreat'

2018-06-09 16:54:45 - [MESSAGE][PASSED] - Text '10' is set on object 'Object Repository/DispensaryToStore/Page_Dispensary Store/input_txttreat'

2018-06-09 16:54:45 - [TEST_STEP][PASSED] - click: Object: 'Object Repository/DispensaryToStore/Page_Dispensary Store/button_Add' is clicked on

2018-06-09 16:54:45 - [MESSAGE][PASSED] - Object: 'Object Repository/DispensaryToStore/Page_Dispensary Store/button_Add' is clicked on

2018-06-09 16:54:45 - [TEST_STEP][PASSED] - selectOptionByIndex: All options with index in [4] are selected on object 'Object Repository/DispensaryToStore/Page_Dispensary Store/select_--Select--Schedule 1Inj'

2018-06-09 16:54:45 - [MESSAGE][PASSED] - All options with index in [4] are selected on object 'Object Repository/DispensaryToStore/Page_Dispensary Store/select_--Select--Schedule 1Inj'

2018-06-09 16:54:45 - [TEST_STEP][PASSED] - delay: Delayed 1 second(s)

2018-06-09 16:54:46 - [MESSAGE][PASSED] - Delayed 1 second(s)

2018-06-09 16:54:46 - [TEST_STEP][PASSED] - selectOptionByIndex: All options with index in [3] are selected on object 'Object Repository/DispensaryToStore/Page_Dispensary Store/select_--Select--Adernaline 0.'

2018-06-09 16:54:46 - [MESSAGE][PASSED] - All options with index in [3] are selected on object 'Object Repository/DispensaryToStore/Page_Dispensary Store/select_--Select--Adernaline 0.'

2018-06-09 16:54:46 - [TEST_STEP][PASSED] - delay: Delayed 1 second(s)

2018-06-09 16:54:47 - [MESSAGE][PASSED] - Delayed 1 second(s)

2018-06-09 16:54:47 - [TEST_STEP][PASSED] - setText: Text '10' is set on object 'Object Repository/DispensaryToStore/Page_Dispensary Store/input_txttreat'

2018-06-09 16:54:47 - [MESSAGE][PASSED] - Text '10' is set on object 'Object Repository/DispensaryToStore/Page_Dispensary Store/input_txttreat'

2018-06-09 16:54:47 - [TEST_STEP][PASSED] - click: Object: 'Object Repository/DispensaryToStore/Page_Dispensary Store/button_Add' is clicked on

2018-06-09 16:54:47 - [MESSAGE][PASSED] - Object: 'Object Repository/DispensaryToStore/Page_Dispensary Store/button_Add' is clicked on

2018-06-09 16:54:47 - [TEST_STEP][PASSED] - selectOptionByIndex: All options with index in [4] are selected on object 'Object Repository/DispensaryToStore/Page_Dispensary Store/select_--Select--Schedule 1Inj'

2018-06-09 16:54:47 - [MESSAGE][PASSED] - All options with index in [4] are selected on object 'Object Repository/DispensaryToStore/Page_Dispensary Store/select_--Select--Schedule 1Inj'

2018-06-09 16:54:47 - [TEST_STEP][PASSED] - delay: Delayed 1 second(s)

2018-06-09 16:54:48 - [MESSAGE][PASSED] - Delayed 1 second(s)

2018-06-09 16:54:48 - [TEST_STEP][PASSED] - selectOptionByIndex: All options with index in [4] are selected on object 'Object Repository/DispensaryToStore/Page_Dispensary Store/select_--Select--Adernaline 0.'

2018-06-09 16:54:49 - [MESSAGE][PASSED] - All options with index in [4] are selected on object 'Object Repository/DispensaryToStore/Page_Dispensary Store/select_--Select--Adernaline 0.'

2018-06-09 16:54:49 - [TEST_STEP][PASSED] - delay: Delayed 1 second(s)

2018-06-09 16:54:50 - [MESSAGE][PASSED] - Delayed 1 second(s)

2018-06-09 16:54:50 - [TEST_STEP][PASSED] - setText: Text '10' is set on object 'Object Repository/DispensaryToStore/Page_Dispensary Store/input_txttreat'

2018-06-09 16:54:50 - [MESSAGE][PASSED] - Text '10' is set on object 'Object Repository/DispensaryToStore/Page_Dispensary Store/input_txttreat'

2018-06-09 16:54:50 - [TEST_STEP][PASSED] - click: Object: 'Object Repository/DispensaryToStore/Page_Dispensary Store/button_Add' is clicked on

2018-06-09 16:54:50 - [MESSAGE][PASSED] - Object: 'Object Repository/DispensaryToStore/Page_Dispensary Store/button_Add' is clicked on

2018-06-09 16:54:50 - [TEST_STEP][PASSED] - selectOptionByIndex: All options with index in [4] are selected on object 'Object Repository/DispensaryToStore/Page_Dispensary Store/select_--Select--Schedule 1Inj'

2018-06-09 16:54:50 - [MESSAGE][PASSED] - All options with index in [4] are selected on object 'Object Repository/DispensaryToStore/Page_Dispensary Store/select_--Select--Schedule 1Inj'

2018-06-09 16:54:50 - [TEST_STEP][PASSED] - delay: Delayed 1 second(s)

2018-06-09 16:54:51 - [MESSAGE][PASSED] - Delayed 1 second(s)

2018-06-09 16:54:51 - [TEST_STEP][PASSED] - selectOptionByIndex: All options with index in [5] are selected on object 'Object Repository/DispensaryToStore/Page_Dispensary Store/select_--Select--Adernaline 0.'

2018-06-09 16:54:51 - [MESSAGE][PASSED] - All options with index in [5] are selected on object 'Object Repository/DispensaryToStore/Page_Dispensary Store/select_--Select--Adernaline 0.'

2018-06-09 16:54:51 - [TEST_STEP][PASSED] - delay: Delayed 1 second(s)

2018-06-09 16:54:52 - [MESSAGE][PASSED] - Delayed 1 second(s)

2018-06-09 16:54:52 - [TEST_STEP][PASSED] - setText: Text '10' is set on object 'Object Repository/DispensaryToStore/Page_Dispensary Store/input_txttreat'

2018-06-09 16:54:52 - [MESSAGE][PASSED] - Text '10' is set on object 'Object Repository/DispensaryToStore/Page_Dispensary Store/input_txttreat'

2018-06-09 16:54:52 - [TEST_STEP][PASSED] - click: Object: 'Object Repository/DispensaryToStore/Page_Dispensary Store/button_Add' is clicked on

2018-06-09 16:54:52 - [MESSAGE][PASSED] - Object: 'Object Repository/DispensaryToStore/Page_Dispensary Store/button_Add' is clicked on

2018-06-09 16:54:52 - [TEST_STEP][PASSED] - selectOptionByIndex: All options with index in [4] are selected on object 'Object Repository/DispensaryToStore/Page_Dispensary Store/select_--Select--Schedule 1Inj'

2018-06-09 16:54:53 - [MESSAGE][PASSED] - All options with index in [4] are selected on object 'Object Repository/DispensaryToStore/Page_Dispensary Store/select_--Select--Schedule 1Inj'

2018-06-09 16:54:53 - [TEST_STEP][PASSED] - delay: Delayed 1 second(s)

2018-06-09 16:54:54 - [MESSAGE][PASSED] - Delayed 1 second(s)

2018-06-09 16:54:54 - [TEST_STEP][PASSED] - selectOptionByIndex: All options with index in [6] are selected on object 'Object Repository/DispensaryToStore/Page_Dispensary Store/select_--Select--Adernaline 0.'

2018-06-09 16:54:54 - [MESSAGE][PASSED] - All options with index in [6] are selected on object 'Object Repository/DispensaryToStore/Page_Dispensary Store/select_--Select--Adernaline 0.'

2018-06-09 16:54:54 - [TEST_STEP][PASSED] - delay: Delayed 1 second(s)

2018-06-09 16:54:55 - [MESSAGE][PASSED] - Delayed 1 second(s)

2018-06-09 16:54:55 - [TEST_STEP][PASSED] - setText: Text '10' is set on object 'Object Repository/DispensaryToStore/Page_Dispensary Store/input_txttreat'

2018-06-09 16:54:55 - [MESSAGE][PASSED] - Text '10' is set on object 'Object Repository/DispensaryToStore/Page_Dispensary Store/input_txttreat'

2018-06-09 16:54:55 - [TEST_STEP][PASSED] - click: Object: 'Object Repository/DispensaryToStore/Page_Dispensary Store/button_Add' is clicked on

2018-06-09 16:54:55 - [MESSAGE][PASSED] - Object: 'Object Repository/DispensaryToStore/Page_Dispensary Store/button_Add' is clicked on

2018-06-09 16:54:55 - [TEST_STEP][PASSED] - selectOptionByIndex: All options with index in [4] are selected on object 'Object Repository/DispensaryToStore/Page_Dispensary Store/select_--Select--Schedule 1Inj'

2018-06-09 16:54:55 - [MESSAGE][PASSED] - All options with index in [4] are selected on object 'Object Repository/DispensaryToStore/Page_Dispensary Store/select_--Select--Schedule 1Inj'

2018-06-09 16:54:55 - [TEST_STEP][PASSED] - delay: Delayed 1 second(s)

2018-06-09 16:54:56 - [MESSAGE][PASSED] - Delayed 1 second(s)

2018-06-09 16:54:56 - [TEST_STEP][PASSED] - selectOptionByIndex: All options with index in [7] are selected on object 'Object Repository/DispensaryToStore/Page_Dispensary Store/select_--Select--Adernaline 0.'

2018-06-09 16:54:56 - [MESSAGE][PASSED] - All options with index in [7] are selected on object 'Object Repository/DispensaryToStore/Page_Dispensary Store/select_--Select--Adernaline 0.'

2018-06-09 16:54:56 - [TEST_STEP][PASSED] - delay: Delayed 1 second(s)

2018-06-09 16:54:57 - [MESSAGE][PASSED] - Delayed 1 second(s)

2018-06-09 16:54:57 - [TEST_STEP][PASSED] - setText: Text '10' is set on object 'Object Repository/DispensaryToStore/Page_Dispensary Store/input_txttreat'

2018-06-09 16:54:57 - [MESSAGE][PASSED] - Text '10' is set on object 'Object Repository/DispensaryToStore/Page_Dispensary Store/input_txttreat'

2018-06-09 16:54:57 - [TEST_STEP][PASSED] - click: Object: 'Object Repository/DispensaryToStore/Page_Dispensary Store/button_Add' is clicked on

2018-06-09 16:54:58 - [MESSAGE][PASSED] - Object: 'Object Repository/DispensaryToStore/Page_Dispensary Store/button_Add' is clicked on

2018-06-09 16:54:58 - [TEST_STEP][PASSED] - selectOptionByIndex: All options with index in [4] are selected on object 'Object Repository/DispensaryToStore/Page_Dispensary Store/select_--Select--Schedule 1Inj'

2018-06-09 16:54:58 - [MESSAGE][PASSED] - All options with index in [4] are selected on object 'Object Repository/DispensaryToStore/Page_Dispensary Store/select_--Select--Schedule 1Inj'

2018-06-09 16:54:58 - [TEST_STEP][PASSED] - delay: Delayed 1 second(s)

2018-06-09 16:54:59 - [MESSAGE][PASSED] - Delayed 1 second(s)

2018-06-09 16:54:59 - [TEST_STEP][PASSED] - selectOptionByIndex: All options with index in [8] are selected on object 'Object Repository/DispensaryToStore/Page_Dispensary Store/select_--Select--Adernaline 0.'

2018-06-09 16:54:59 - [MESSAGE][PASSED] - All options with index in [8] are selected on object 'Object Repository/DispensaryToStore/Page_Dispensary Store/select_--Select--Adernaline 0.'

2018-06-09 16:54:59 - [TEST_STEP][PASSED] - delay: Delayed 1 second(s)

2018-06-09 16:55:00 - [MESSAGE][PASSED] - Delayed 1 second(s)

2018-06-09 16:55:00 - [TEST_STEP][PASSED] - setText: Text '10' is set on object 'Object Repository/DispensaryToStore/Page_Dispensary Store/input_txttreat'

2018-06-09 16:55:00 - [MESSAGE][PASSED] - Text '10' is set on object 'Object Repository/DispensaryToStore/Page_Dispensary Store/input_txttreat'

2018-06-09 16:55:00 - [TEST_STEP][PASSED] - click: Object: 'Object Repository/DispensaryToStore/Page_Dispensary Store/button_Add' is clicked on

2018-06-09 16:55:00 - [MESSAGE][PASSED] - Object: 'Object Repository/DispensaryToStore/Page_Dispensary Store/button_Add' is clicked on

2018-06-09 16:55:00 - [TEST_STEP][PASSED] - selectOptionByIndex: All options with index in [4] are selected on object 'Object Repository/DispensaryToStore/Page_Dispensary Store/select_--Select--Schedule 1Inj'

2018-06-09 16:55:00 - [MESSAGE][PASSED] - All options with index in [4] are selected on object 'Object Repository/DispensaryToStore/Page_Dispensary Store/select_--Select--Schedule 1Inj'

2018-06-09 16:55:00 - [TEST_STEP][PASSED] - delay: Delayed 1 second(s)

2018-06-09 16:55:01 - [MESSAGE][PASSED] - Delayed 1 second(s)

2018-06-09 16:55:01 - [TEST_STEP][PASSED] - selectOptionByIndex: All options with index in [9] are selected on object 'Object Repository/DispensaryToStore/Page_Dispensary Store/select_--Select--Adernaline 0.'

2018-06-09 16:55:02 - [MESSAGE][PASSED] - All options with index in [9] are selected on object 'Object Repository/DispensaryToStore/Page_Dispensary Store/select_--Select--Adernaline 0.'

2018-06-09 16:55:02 - [TEST_STEP][PASSED] - delay: Delayed 1 second(s)

2018-06-09 16:55:03 - [MESSAGE][PASSED] - Delayed 1 second(s)

2018-06-09 16:55:03 - [TEST_STEP][PASSED] - setText: Text '10' is set on object 'Object Repository/DispensaryToStore/Page_Dispensary Store/input_txttreat'

2018-06-09 16:55:03 - [MESSAGE][PASSED] - Text '10' is set on object 'Object Repository/DispensaryToStore/Page_Dispensary Store/input_txttreat'

2018-06-09 16:55:03 - [TEST_STEP][PASSED] - click: Object: 'Object Repository/DispensaryToStore/Page_Dispensary Store/button_Add' is clicked on

2018-06-09 16:55:03 - [MESSAGE][PASSED] - Object: 'Object Repository/DispensaryToStore/Page_Dispensary Store/button_Add' is clicked on

2018-06-09 16:55:03 - [TEST_STEP][PASSED] - selectOptionByIndex: All options with index in [4] are selected on object 'Object Repository/DispensaryToStore/Page_Dispensary Store/select_--Select--Schedule 1Inj'

2018-06-09 16:55:03 - [MESSAGE][PASSED] - All options with index in [4] are selected on object 'Object Repository/DispensaryToStore/Page_Dispensary Store/select_--Select--Schedule 1Inj'

2018-06-09 16:55:03 - [TEST_STEP][PASSED] - delay: Delayed 1 second(s)

2018-06-09 16:55:04 - [MESSAGE][PASSED] - Delayed 1 second(s)

2018-06-09 16:55:04 - [TEST_STEP][PASSED] - selectOptionByIndex: All options with index in [10] are selected on object 'Object Repository/DispensaryToStore/Page_Dispensary Store/select_--Select--Adernaline 0.'

2018-06-09 16:55:04 - [MESSAGE][PASSED] - All options with index in [10] are selected on object 'Object Repository/DispensaryToStore/Page_Dispensary Store/select_--Select--Adernaline 0.'

2018-06-09 16:55:04 - [TEST_STEP][PASSED] - delay: Delayed 1 second(s)

2018-06-09 16:55:05 - [MESSAGE][PASSED] - Delayed 1 second(s)

2018-06-09 16:55:05 - [TEST_STEP][PASSED] - setText: Text '10' is set on object 'Object Repository/DispensaryToStore/Page_Dispensary Store/input_txttreat'

2018-06-09 16:55:05 - [MESSAGE][PASSED] - Text '10' is set on object 'Object Repository/DispensaryToStore/Page_Dispensary Store/input_txttreat'

2018-06-09 16:55:05 - [TEST_STEP][PASSED] - click: Object: 'Object Repository/DispensaryToStore/Page_Dispensary Store/button_Add' is clicked on

2018-06-09 16:55:05 - [MESSAGE][PASSED] - Object: 'Object Repository/DispensaryToStore/Page_Dispensary Store/button_Add' is clicked on

2018-06-09 16:55:05 - [TEST_STEP][PASSED] - selectOptionByIndex: All options with index in [4] are selected on object 'Object Repository/DispensaryToStore/Page_Dispensary Store/select_--Select--Schedule 1Inj'

2018-06-09 16:55:06 - [MESSAGE][PASSED] - All options with index in [4] are selected on object 'Object Repository/DispensaryToStore/Page_Dispensary Store/select_--Select--Schedule 1Inj'

2018-06-09 16:55:06 - [TEST_STEP][PASSED] - delay: Delayed 1 second(s)

2018-06-09 16:55:07 - [MESSAGE][PASSED] - Delayed 1 second(s)

2018-06-09 16:55:07 - [TEST_STEP][PASSED] - selectOptionByIndex: All options with index in [11] are selected on object 'Object Repository/DispensaryToStore/Page_Dispensary Store/select_--Select--Adernaline 0.'

2018-06-09 16:55:07 - [MESSAGE][PASSED] - All options with index in [11] are selected on object 'Object Repository/DispensaryToStore/Page_Dispensary Store/select_--Select--Adernaline 0.'

2018-06-09 16:55:07 - [TEST_STEP][PASSED] - delay: Delayed 1 second(s)

2018-06-09 16:55:08 - [MESSAGE][PASSED] - Delayed 1 second(s)

2018-06-09 16:55:08 - [TEST_STEP][PASSED] - setText: Text '10' is set on object 'Object Repository/DispensaryToStore/Page_Dispensary Store/input_txttreat'

2018-06-09 16:55:08 - [MESSAGE][PASSED] - Text '10' is set on object 'Object Repository/DispensaryToStore/Page_Dispensary Store/input_txttreat'

2018-06-09 16:55:08 - [TEST_STEP][PASSED] - click: Object: 'Object Repository/DispensaryToStore/Page_Dispensary Store/button_Add' is clicked on

2018-06-09 16:55:08 - [MESSAGE][PASSED] - Object: 'Object Repository/DispensaryToStore/Page_Dispensary Store/button_Add' is clicked on

2018-06-09 16:55:08 - [TEST_STEP][PASSED] - selectOptionByIndex: All options with index in [4] are selected on object 'Object Repository/DispensaryToStore/Page_Dispensary Store/select_--Select--Schedule 1Inj'

2018-06-09 16:55:08 - [MESSAGE][PASSED] - All options with index in [4] are selected on object 'Object Repository/DispensaryToStore/Page_Dispensary Store/select_--Select--Schedule 1Inj'

2018-06-09 16:55:08 - [TEST_STEP][PASSED] - delay: Delayed 1 second(s)

2018-06-09 16:55:09 - [MESSAGE][PASSED] - Delayed 1 second(s)

2018-06-09 16:55:09 - [TEST_STEP][PASSED] - selectOptionByIndex: All options with index in [12] are selected on object 'Object Repository/DispensaryToStore/Page_Dispensary Store/select_--Select--Adernaline 0.'

2018-06-09 16:55:09 - [MESSAGE][PASSED] - All options with index in [12] are selected on object 'Object Repository/DispensaryToStore/Page_Dispensary Store/select_--Select--Adernaline 0.'

2018-06-09 16:55:09 - [TEST_STEP][PASSED] - delay: Delayed 1 second(s)

2018-06-09 16:55:10 - [MESSAGE][PASSED] - Delayed 1 second(s)

2018-06-09 16:55:10 - [TEST_STEP][PASSED] - setText: Text '10' is set on object 'Object Repository/DispensaryToStore/Page_Dispensary Store/input_txttreat'

2018-06-09 16:55:11 - [MESSAGE][PASSED] - Text '10' is set on object 'Object Repository/DispensaryToStore/Page_Dispensary Store/input_txttreat'

2018-06-09 16:55:11 - [TEST_STEP][PASSED] - click: Object: 'Object Repository/DispensaryToStore/Page_Dispensary Store/button_Add' is clicked on

2018-06-09 16:55:11 - [MESSAGE][PASSED] - Object: 'Object Repository/DispensaryToStore/Page_Dispensary Store/button_Add' is clicked on

2018-06-09 16:55:11 - [TEST_STEP][PASSED] - selectOptionByIndex: All options with index in [4] are selected on object 'Object Repository/DispensaryToStore/Page_Dispensary Store/select_--Select--Schedule 1Inj'

2018-06-09 16:55:11 - [MESSAGE][PASSED] - All options with index in [4] are selected on object 'Object Repository/DispensaryToStore/Page_Dispensary Store/select_--Select--Schedule 1Inj'

2018-06-09 16:55:11 - [TEST_STEP][PASSED] - delay: Delayed 1 second(s)

2018-06-09 16:55:12 - [MESSAGE][PASSED] - Delayed 1 second(s)

2018-06-09 16:55:12 - [TEST_STEP][PASSED] - selectOptionByIndex: All options with index in [13] are selected on object 'Object Repository/DispensaryToStore/Page_Dispensary Store/select_--Select--Adernaline 0.'

2018-06-09 16:55:12 - [MESSAGE][PASSED] - All options with index in [13] are selected on object 'Object Repository/DispensaryToStore/Page_Dispensary Store/select_--Select--Adernaline 0.'

2018-06-09 16:55:12 - [TEST_STEP][PASSED] - delay: Delayed 1 second(s)

2018-06-09 16:55:13 - [MESSAGE][PASSED] - Delayed 1 second(s)

2018-06-09 16:55:13 - [TEST_STEP][PASSED] - setText: Text '10' is set on object 'Object Repository/DispensaryToStore/Page_Dispensary Store/input_txttreat'

2018-06-09 16:55:13 - [MESSAGE][PASSED] - Text '10' is set on object 'Object Repository/DispensaryToStore/Page_Dispensary Store/input_txttreat'

2018-06-09 16:55:13 - [TEST_STEP][PASSED] - click: Object: 'Object Repository/DispensaryToStore/Page_Dispensary Store/button_Add' is clicked on

2018-06-09 16:55:13 - [MESSAGE][PASSED] - Object: 'Object Repository/DispensaryToStore/Page_Dispensary Store/button_Add' is clicked on

2018-06-09 16:55:13 - [TEST_STEP][PASSED] - selectOptionByIndex: All options with index in [4] are selected on object 'Object Repository/DispensaryToStore/Page_Dispensary Store/select_--Select--Schedule 1Inj'

2018-06-09 16:55:13 - [MESSAGE][PASSED] - All options with index in [4] are selected on object 'Object Repository/DispensaryToStore/Page_Dispensary Store/select_--Select--Schedule 1Inj'

2018-06-09 16:55:13 - [TEST_STEP][PASSED] - delay: Delayed 1 second(s)

2018-06-09 16:55:14 - [MESSAGE][PASSED] - Delayed 1 second(s)

2018-06-09 16:55:14 - [TEST_STEP][PASSED] - selectOptionByIndex: All options with index in [14] are selected on object 'Object Repository/DispensaryToStore/Page_Dispensary Store/select_--Select--Adernaline 0.'

2018-06-09 16:55:15 - [MESSAGE][PASSED] - All options with index in [14] are selected on object 'Object Repository/DispensaryToStore/Page_Dispensary Store/select_--Select--Adernaline 0.'

2018-06-09 16:55:15 - [TEST_STEP][PASSED] - delay: Delayed 1 second(s)

2018-06-09 16:55:16 - [MESSAGE][PASSED] - Delayed 1 second(s)

2018-06-09 16:55:16 - [TEST_STEP][PASSED] - setText: Text '10' is set on object 'Object Repository/DispensaryToStore/Page_Dispensary Store/input_txttreat'

2018-06-09 16:55:16 - [MESSAGE][PASSED] - Text '10' is set on object 'Object Repository/DispensaryToStore/Page_Dispensary Store/input_txttreat'

2018-06-09 16:55:16 - [TEST_STEP][PASSED] - click: Object: 'Object Repository/DispensaryToStore/Page_Dispensary Store/button_Add' is clicked on

2018-06-09 16:55:16 - [MESSAGE][PASSED] - Object: 'Object Repository/DispensaryToStore/Page_Dispensary Store/button_Add' is clicked on

2018-06-09 16:55:16 - [TEST_STEP][PASSED] - selectOptionByIndex: All options with index in [4] are selected on object 'Object Repository/DispensaryToStore/Page_Dispensary Store/select_--Select--Schedule 1Inj'

2018-06-09 16:55:16 - [MESSAGE][PASSED] - All options with index in [4] are selected on object 'Object Repository/DispensaryToStore/Page_Dispensary Store/select_--Select--Schedule 1Inj'

2018-06-09 16:55:16 - [TEST_STEP][PASSED] - delay: Delayed 1 second(s)

2018-06-09 16:55:17 - [MESSAGE][PASSED] - Delayed 1 second(s)

2018-06-09 16:55:17 - [TEST_STEP][PASSED] - selectOptionByIndex: All options with index in [15] are selected on object 'Object Repository/DispensaryToStore/Page_Dispensary Store/select_--Select--Adernaline 0.'

2018-06-09 16:55:17 - [MESSAGE][PASSED] - All options with index in [15] are selected on object 'Object Repository/DispensaryToStore/Page_Dispensary Store/select_--Select--Adernaline 0.'

2018-06-09 16:55:17 - [TEST_STEP][PASSED] - delay: Delayed 1 second(s)

2018-06-09 16:55:18 - [MESSAGE][PASSED] - Delayed 1 second(s)

2018-06-09 16:55:18 - [TEST_STEP][PASSED] - setText: Text '10' is set on object 'Object Repository/DispensaryToStore/Page_Dispensary Store/input_txttreat'

2018-06-09 16:55:18 - [MESSAGE][PASSED] - Text '10' is set on object 'Object Repository/DispensaryToStore/Page_Dispensary Store/input_txttreat'

2018-06-09 16:55:18 - [TEST_STEP][PASSED] - click: Object: 'Object Repository/DispensaryToStore/Page_Dispensary Store/button_Add' is clicked on

2018-06-09 16:55:19 - [MESSAGE][PASSED] - Object: 'Object Repository/DispensaryToStore/Page_Dispensary Store/button_Add' is clicked on

2018-06-09 16:55:19 - [TEST_STEP][PASSED] - scrollToElement: Scroll to object 'Object Repository/DispensaryToStore/Page_Dispensary Store/input_btnsave' successfully

2018-06-09 16:55:19 - [MESSAGE][PASSED] - Scroll to object 'Object Repository/DispensaryToStore/Page_Dispensary Store/input_btnsave' successfully

2018-06-09 16:55:19 - [TEST_STEP][PASSED] - click: Object: 'Object Repository/DispensaryToStore/Page_Dispensary Store/input_btnsave' is clicked on

2018-06-09 16:55:19 - [MESSAGE][PASSED] - Object: 'Object Repository/DispensaryToStore/Page_Dispensary Store/input_btnsave' is clicked on

2018-06-09 16:55:19 - [TEST_STEP][PASSED] - delay: Delayed 3 second(s)

2018-06-09 16:55:22 - [MESSAGE][PASSED] - Delayed 3 second(s)

2018-06-09 16:55:22 - [TEST_STEP][PASSED] - Statement - RN1 = com.kms.katalon.core.webui.keyword.WebUiBuiltInKeywords.getText(com.kms.katalon.core.testobject.ObjectRepository.findTestObject(DispensaryToStore/Page_Dispensary Store/font_HPRNO180520187)): Text of object 'Object Repository/DispensaryToStore/Page_Dispensary Store/font_HPRNO180520187' is: 'DPRNO/09062018/211'

2018-06-09 16:55:22 - [MESSAGE][PASSED] - Text of object 'Object Repository/DispensaryToStore/Page_Dispensary Store/font_HPRNO180520187' is: 'DPRNO/09062018/211'

2018-06-09 16:55:22 - [TEST_STEP][PASSED] - Statement - out.println(RN1): null

2018-06-09 16:55:22 - [TEST_STEP][PASSED] - Statement - RID = RN1.split("/")[2]: null

2018-06-09 16:55:22 - [TEST_STEP][PASSED] - click: Object: 'Object Repository/DispensaryToStore/Page_Dispensary Store/button_OK' is clicked on

2018-06-09 16:55:22 - [MESSAGE][PASSED] - Object: 'Object Repository/DispensaryToStore/Page_Dispensary Store/button_OK' is clicked on

2018-06-09 16:55:22 - [TEST_STEP][PASSED] - delay: Delayed 3 second(s)

2018-06-09 16:55:25 - [MESSAGE][PASSED] - Delayed 3 second(s)

2018-06-09 16:55:25 - [TEST_STEP][PASSED] - waitForElementPresent: Object 'Object Repository/DispensaryToStore/Page_Dispensary Store/a_dropdown-toggle' is present

2018-06-09 16:55:25 - [MESSAGE][PASSED] - Object 'Object Repository/DispensaryToStore/Page_Dispensary Store/a_dropdown-toggle' is present

2018-06-09 16:55:25 - [TEST_STEP][PASSED] - click: Object: 'Object Repository/DispensaryToStore/Page_Dispensary Store/a_dropdown-toggle' is clicked on

2018-06-09 16:55:25 - [MESSAGE][PASSED] - Object: 'Object Repository/DispensaryToStore/Page_Dispensary Store/a_dropdown-toggle' is clicked on

2018-06-09 16:55:25 - [TEST_STEP][PASSED] - click: Object: 'Object Repository/DispensaryToStore/Page_Dispensary Store/a_Sign out' is clicked on

2018-06-09 16:55:27 - [MESSAGE][PASSED] - Object: 'Object Repository/DispensaryToStore/Page_Dispensary Store/a_Sign out' is clicked on

2018-06-09 16:55:27 - [TEST_STEP][PASSED] - delay: Delayed 3 second(s)

2018-06-09 16:55:30 - [MESSAGE][PASSED] - Delayed 3 second(s)

2018-06-09 16:55:30 - [TEST_STEP][PASSED] - navigateToUrl: Navigate to 'http://192.168.137.1/multihospital_new/' successfully

2018-06-09 16:55:30 - [MESSAGE][PASSED] - Navigate to 'http://192.168.137.1/multihospital_new/' successfully

2018-06-09 16:55:30 - [TEST_STEP][PASSED] - click: Object: 'Object Repository/DispensaryToStore/Page_KDMC/a_CMO' is clicked on

2018-06-09 16:55:31 - [MESSAGE][PASSED] - Object: 'Object Repository/DispensaryToStore/Page_KDMC/a_CMO' is clicked on

2018-06-09 16:55:31 - [TEST_STEP][PASSED] - setText: Text 'guru' is set on object 'Object Repository/DispensaryToStore/Page_CMO login/input_txtusername'

2018-06-09 16:55:31 - [MESSAGE][PASSED] - Text 'guru' is set on object 'Object Repository/DispensaryToStore/Page_CMO login/input_txtusername'

2018-06-09 16:55:31 - [TEST_STEP][PASSED] - setText: Text '123' is set on object 'Object Repository/DispensaryToStore/Page_CMO login/input_txtpassword'

2018-06-09 16:55:31 - [MESSAGE][PASSED] - Text '123' is set on object 'Object Repository/DispensaryToStore/Page_CMO login/input_txtpassword'

2018-06-09 16:55:31 - [TEST_STEP][PASSED] - delay: Delayed 3 second(s)

2018-06-09 16:55:34 - [MESSAGE][PASSED] - Delayed 3 second(s)

2018-06-09 16:55:34 - [TEST_STEP][PASSED] - click: Object: 'Object Repository/DispensaryToStore/Page_CMO login/button_Sign in' is clicked on

2018-06-09 16:55:35 - [MESSAGE][PASSED] - Object: 'Object Repository/DispensaryToStore/Page_CMO login/button_Sign in' is clicked on

2018-06-09 16:55:35 - [TEST_STEP][PASSED] - click: Object: 'Object Repository/DispensaryToStore/Page_KDMC - CMO/a_Department Wise Request' is clicked on

2018-06-09 16:55:37 - [MESSAGE][PASSED] - Object: 'Object Repository/DispensaryToStore/Page_KDMC - CMO/a_Department Wise Request' is clicked on

2018-06-09 16:55:37 - [TEST_STEP][PASSED] - delay: Delayed 2 second(s)

2018-06-09 16:55:39 - [MESSAGE][PASSED] - Delayed 2 second(s)

2018-06-09 16:55:39 - [TEST_STEP][PASSED] - selectOptionByIndex: All options with index in [6] are selected on object 'Object Repository/DispensaryToStore/Page_KDMC - CMO/select_--ALL--'

2018-06-09 16:55:39 - [MESSAGE][PASSED] - All options with index in [6] are selected on object 'Object Repository/DispensaryToStore/Page_KDMC - CMO/select_--ALL--'

2018-06-09 16:55:39 - [TEST_STEP][PASSED] - click: Object: 'Object Repository/DispensaryToStore/Page_KDMC - CMO/input_btnsearch' is clicked on

2018-06-09 16:55:39 - [MESSAGE][PASSED] - Object: 'Object Repository/DispensaryToStore/Page_KDMC - CMO/input_btnsearch' is clicked on

2018-06-09 16:55:39 - [TEST_STEP][PASSED] - selectOptionByIndex: All options with index in [1] are selected on object 'Object Repository/DispensaryToStore/Page_KDMC - CMO/select_--ALL--                _1'

2018-06-09 16:55:40 - [MESSAGE][PASSED] - All options with index in [1] are selected on object 'Object Repository/DispensaryToStore/Page_KDMC - CMO/select_--ALL--                _1'

2018-06-09 16:55:40 - [TEST_STEP][PASSED] - click: Object: 'Object Repository/DispensaryToStore/Page_KDMC - CMO/input_btnsearch' is clicked on

2018-06-09 16:55:40 - [MESSAGE][PASSED] - Object: 'Object Repository/DispensaryToStore/Page_KDMC - CMO/input_btnsearch' is clicked on

2018-06-09 16:55:40 - [TEST_STEP][PASSED] - Statement - ID = com.kms.katalon.core.webui.keyword.WebUiBuiltInKeywords.modifyObjectProperty(com.kms.katalon.core.testobject.ObjectRepository.findTestObject(lab/Page_KDMC - CMO/input_1), "xpath", "equals", "//*[@id=" + RID + "]", true): Modify property of object successfully

2018-06-09 16:55:40 - [MESSAGE][PASSED] - Modify property of object successfully

2018-06-09 16:55:40 - [TEST_STEP][PASSED] - click: Object: 'Object Repository/lab/Page_KDMC - CMO/input_1' is clicked on

2018-06-09 16:55:40 - [MESSAGE][PASSED] - Object: 'Object Repository/lab/Page_KDMC - CMO/input_1' is clicked on

2018-06-09 16:55:40 - [TEST_STEP][PASSED] - delay: Delayed 2 second(s)

2018-06-09 16:55:42 - [MESSAGE][PASSED] - Delayed 2 second(s)

2018-06-09 16:55:42 - [TEST_STEP][PASSED] - selectOptionByIndex: All options with index in [1] are selected on object 'Object Repository/DispensaryToStore/Page_KDMC - CMO/select_--Select--'

2018-06-09 16:55:43 - [MESSAGE][PASSED] - All options with index in [1] are selected on object 'Object Repository/DispensaryToStore/Page_KDMC - CMO/select_--Select--'

2018-06-09 16:55:43 - [TEST_STEP][PASSED] - click: Object: 'Object Repository/DispensaryToStore/Page_KDMC - CMO/input_btnupdate' is clicked on

2018-06-09 16:55:43 - [MESSAGE][PASSED] - Object: 'Object Repository/DispensaryToStore/Page_KDMC - CMO/input_btnupdate' is clicked on

2018-06-09 16:55:43 - [TEST_STEP][PASSED] - delay: Delayed 2 second(s)

2018-06-09 16:55:45 - [MESSAGE][PASSED] - Delayed 2 second(s)

2018-06-09 16:55:45 - [TEST_STEP][PASSED] - click: Object: 'Object Repository/DispensaryToStore/Page_KDMC - CMO/button_OK' is clicked on

2018-06-09 16:55:45 - [MESSAGE][PASSED] - Object: 'Object Repository/DispensaryToStore/Page_KDMC - CMO/button_OK' is clicked on

2018-06-09 16:55:45 - [TEST_STEP][PASSED] - delay: Delayed 2 second(s)

2018-06-09 16:55:47 - [MESSAGE][PASSED] - Delayed 2 second(s)

2018-06-09 16:55:47 - [TEST_STEP][PASSED] - waitForElementPresent: Object 'Object Repository/DispensaryToStore/Page_Dispensary Store/a_dropdown-toggle' is not present after 20 second(s)

2018-06-09 16:56:08 - [MESSAGE][WARNING] - Object 'Object Repository/DispensaryToStore/Page_Dispensary Store/a_dropdown-toggle' is not present after 20 second(s)

2018-06-09 16:56:08 - [TEST_STEP][PASSED] - click: Object: 'Object Repository/DispensaryToStore/Page_KDMC - CMO/a_dropdown-toggle' is clicked on

2018-06-09 16:56:08 - [MESSAGE][PASSED] - Object: 'Object Repository/DispensaryToStore/Page_KDMC - CMO/a_dropdown-toggle' is clicked on

2018-06-09 16:56:08 - [TEST_STEP][PASSED] - click: Object: 'Object Repository/DispensaryToStore/Page_KDMC - CMO/a_Sign out' is clicked on

2018-06-09 16:56:09 - [MESSAGE][PASSED] - Object: 'Object Repository/DispensaryToStore/Page_KDMC - CMO/a_Sign out' is clicked on

2018-06-09 16:56:09 - [TEST_STEP][PASSED] - delay: Delayed 3 second(s)

2018-06-09 16:56:12 - [MESSAGE][PASSED] - Delayed 3 second(s)

2018-06-09 16:56:12 - [TEST_STEP][PASSED] - click: Object: 'Object Repository/DispensaryToStore/Page_KDMC/a_Divisional Store' is clicked on

2018-06-09 16:56:13 - [MESSAGE][PASSED] - Object: 'Object Repository/DispensaryToStore/Page_KDMC/a_Divisional Store' is clicked on

2018-06-09 16:56:13 - [TEST_STEP][PASSED] - setText: Text 'ragu' is set on object 'Object Repository/DispensaryToStore/Page_Divisonal Store Login/input_txtusername'

2018-06-09 16:56:13 - [MESSAGE][PASSED] - Text 'ragu' is set on object 'Object Repository/DispensaryToStore/Page_Divisonal Store Login/input_txtusername'

2018-06-09 16:56:13 - [TEST_STEP][PASSED] - setText: Text '123' is set on object 'Object Repository/DispensaryToStore/Page_Divisonal Store Login/input_txtpassword'

2018-06-09 16:56:13 - [MESSAGE][PASSED] - Text '123' is set on object 'Object Repository/DispensaryToStore/Page_Divisonal Store Login/input_txtpassword'

2018-06-09 16:56:13 - [TEST_STEP][PASSED] - delay: Delayed 3 second(s)

2018-06-09 16:56:16 - [MESSAGE][PASSED] - Delayed 3 second(s)

2018-06-09 16:56:16 - [TEST_STEP][PASSED] - click: Object: 'Object Repository/DispensaryToStore/Page_Divisonal Store Login/button_Sign in' is clicked on

2018-06-09 16:56:18 - [MESSAGE][PASSED] - Object: 'Object Repository/DispensaryToStore/Page_Divisonal Store Login/button_Sign in' is clicked on

2018-06-09 16:56:18 - [TEST_STEP][PASSED] - delay: Delayed 3 second(s)

2018-06-09 16:56:21 - [MESSAGE][PASSED] - Delayed 3 second(s)

2018-06-09 16:56:21 - [TEST_STEP][PASSED] - scrollToPosition: Browser is scrolled to position x = 100, y = 100

2018-06-09 16:56:21 - [MESSAGE][PASSED] - Browser is scrolled to position x = 100, y = 100

2018-06-09 16:56:21 - [TEST_STEP][PASSED] - click: Object: 'Object Repository/DispensaryToStore/Page_Store/a_Dispensary Request' is clicked on

2018-06-09 16:56:21 - [MESSAGE][PASSED] - Object: 'Object Repository/DispensaryToStore/Page_Store/a_Dispensary Request' is clicked on

2018-06-09 16:56:21 - [TEST_STEP][PASSED] - delay: Delayed 2 second(s)

2018-06-09 16:56:23 - [MESSAGE][PASSED] - Delayed 2 second(s)

2018-06-09 16:56:23 - [TEST_STEP][PASSED] - click: Object: 'Object Repository/DispensaryToStore/Page_Store/a_Request Item Dispensary' is clicked on

2018-06-09 16:56:25 - [MESSAGE][PASSED] - Object: 'Object Repository/DispensaryToStore/Page_Store/a_Request Item Dispensary' is clicked on

2018-06-09 16:56:25 - [TEST_STEP][PASSED] - Statement - ChooseRequest = com.kms.katalon.core.webui.keyword.WebUiBuiltInKeywords.modifyObjectProperty(com.kms.katalon.core.testobject.ObjectRepository.findTestObject(lab/Page_Store/input_1), "xpath", "equals", "//*[@id=" + RID + "]", true): Modify property of object successfully

2018-06-09 16:56:25 - [MESSAGE][PASSED] - Modify property of object successfully

2018-06-09 16:56:25 - [TEST_STEP][PASSED] - click: Object: 'Object Repository/lab/Page_Store/input_1' is clicked on

2018-06-09 16:56:26 - [MESSAGE][PASSED] - Object: 'Object Repository/lab/Page_Store/input_1' is clicked on

2018-06-09 16:56:26 - [TEST_STEP][PASSED] - Statement - selectedoptions = com.kms.katalon.core.webui.keyword.WebUiBuiltInKeywords.getNumberOfTotalOption(com.kms.katalon.core.testobject.ObjectRepository.findTestObject(DispensaryToStore/Page_Store/select_--Select--Adernaline 0.)): 16 options of object 'Object Repository/DispensaryToStore/Page_Store/select_--Select--Adernaline 0.' counted

2018-06-09 16:56:26 - [MESSAGE][PASSED] - 16 options of object 'Object Repository/DispensaryToStore/Page_Store/select_--Select--Adernaline 0.' counted

2018-06-09 16:56:26 - [TEST_STEP][PASSED] - Statement - For ([a = 1, a <= selectedoptions - 1, (a++)]): null

2018-06-09 16:56:26 - [TEST_STEP][PASSED] - selectOptionByIndex: All options with index in [1] are selected on object 'Object Repository/DispensaryToStore/Page_Store/select_--Select--Adernaline 0.'

2018-06-09 16:56:26 - [MESSAGE][PASSED] - All options with index in [1] are selected on object 'Object Repository/DispensaryToStore/Page_Store/select_--Select--Adernaline 0.'

2018-06-09 16:56:26 - [TEST_STEP][PASSED] - delay: Delayed 2 second(s)

2018-06-09 16:56:28 - [MESSAGE][PASSED] - Delayed 2 second(s)

2018-06-09 16:56:28 - [TEST_STEP][PASSED] - Statement - RequestedQty = com.kms.katalon.core.webui.keyword.WebUiBuiltInKeywords.getAttribute(com.kms.katalon.core.testobject.ObjectRepository.findTestObject(DispensaryToStore/Page_Store/input_txttotal), "value"): Attribute 'value' of object 'Object Repository/DispensaryToStore/Page_Store/input_txttotal' is: '10'

2018-06-09 16:56:28 - [MESSAGE][PASSED] - Attribute 'value' of object 'Object Repository/DispensaryToStore/Page_Store/input_txttotal' is: '10'

2018-06-09 16:56:28 - [TEST_STEP][PASSED] - Statement - out.println("Requested QTY : " + RequestedQty): null

2018-06-09 16:56:28 - [TEST_STEP][PASSED] - Statement - BatchNumber = com.kms.katalon.core.webui.keyword.WebUiBuiltInKeywords.getNumberOfTotalOption(com.kms.katalon.core.testobject.ObjectRepository.findTestObject(DispensaryToStore/Page_Store/select_--Select--BA1170BA2376B)): 6 options of object 'Object Repository/DispensaryToStore/Page_Store/select_--Select--BA1170BA2376B' counted

2018-06-09 16:56:28 - [MESSAGE][PASSED] - 6 options of object 'Object Repository/DispensaryToStore/Page_Store/select_--Select--BA1170BA2376B' counted

2018-06-09 16:56:28 - [TEST_STEP][PASSED] - Statement - For ([g = 1, g <= BatchNumber - 1, (g++)]): null

2018-06-09 16:56:28 - [TEST_STEP][PASSED] - selectOptionByIndex: All options with index in [1] are selected on object 'Object Repository/DispensaryToStore/Page_Store/select_--Select--BA1170BA2376B'

2018-06-09 16:56:28 - [MESSAGE][PASSED] - All options with index in [1] are selected on object 'Object Repository/DispensaryToStore/Page_Store/select_--Select--BA1170BA2376B'

2018-06-09 16:56:28 - [TEST_STEP][PASSED] - Statement - Try: null

2018-06-09 16:56:28 - [TEST_STEP][PASSED] - Statement - StockQty = com.kms.katalon.core.webui.keyword.WebUiBuiltInKeywords.getAttribute(com.kms.katalon.core.testobject.ObjectRepository.findTestObject(DispensaryToStore/Page_Store/input_txtprice), "value"): Attribute 'value' of object 'Object Repository/DispensaryToStore/Page_Store/input_txtprice' is: '510'

2018-06-09 16:56:28 - [MESSAGE][PASSED] - Attribute 'value' of object 'Object Repository/DispensaryToStore/Page_Store/input_txtprice' is: '510'

2018-06-09 16:56:28 - [TEST_STEP][PASSED] - Statement - out.println("Stock QTY : " + StockQty): null

2018-06-09 16:56:28 - [TEST_STEP][PASSED] - delay: Delayed 2 second(s)

2018-06-09 16:56:30 - [MESSAGE][PASSED] - Delayed 2 second(s)

2018-06-09 16:56:30 - [TEST_STEP][PASSED] - Statement - If (java.lang.String.valueOf(StockQty) >= java.lang.String.valueOf(RequestedQty)): null

2018-06-09 16:56:30 - [TEST_STEP][PASSED] - setText: Text '10' is set on object 'Object Repository/DispensaryToStore/Page_Store/input_txtqty'

2018-06-09 16:56:30 - [MESSAGE][PASSED] - Text '10' is set on object 'Object Repository/DispensaryToStore/Page_Store/input_txtqty'

2018-06-09 16:56:30 - [TEST_STEP][PASSED] - click: Object: 'Object Repository/DispensaryToStore/Page_Store/button_Add' is clicked on

2018-06-09 16:56:30 - [MESSAGE][PASSED] - Object: 'Object Repository/DispensaryToStore/Page_Store/button_Add' is clicked on

2018-06-09 16:56:30 - [TEST_STEP][PASSED] - Statement - Break: null

2018-06-09 16:56:30 - [TEST_STEP][PASSED] - selectOptionByIndex: All options with index in [2] are selected on object 'Object Repository/DispensaryToStore/Page_Store/select_--Select--Adernaline 0.'

2018-06-09 16:56:31 - [MESSAGE][PASSED] - All options with index in [2] are selected on object 'Object Repository/DispensaryToStore/Page_Store/select_--Select--Adernaline 0.'

2018-06-09 16:56:31 - [TEST_STEP][PASSED] - delay: Delayed 2 second(s)

2018-06-09 16:56:33 - [MESSAGE][PASSED] - Delayed 2 second(s)

2018-06-09 16:56:33 - [TEST_STEP][PASSED] - Statement - RequestedQty = com.kms.katalon.core.webui.keyword.WebUiBuiltInKeywords.getAttribute(com.kms.katalon.core.testobject.ObjectRepository.findTestObject(DispensaryToStore/Page_Store/input_txttotal), "value"): Attribute 'value' of object 'Object Repository/DispensaryToStore/Page_Store/input_txttotal' is: '10'

2018-06-09 16:56:33 - [MESSAGE][PASSED] - Attribute 'value' of object 'Object Repository/DispensaryToStore/Page_Store/input_txttotal' is: '10'

2018-06-09 16:56:33 - [TEST_STEP][PASSED] - Statement - out.println("Requested QTY : " + RequestedQty): null

2018-06-09 16:56:33 - [TEST_STEP][PASSED] - Statement - BatchNumber = com.kms.katalon.core.webui.keyword.WebUiBuiltInKeywords.getNumberOfTotalOption(com.kms.katalon.core.testobject.ObjectRepository.findTestObject(DispensaryToStore/Page_Store/select_--Select--BA1170BA2376B)): 5 options of object 'Object Repository/DispensaryToStore/Page_Store/select_--Select--BA1170BA2376B' counted

2018-06-09 16:56:33 - [MESSAGE][PASSED] - 5 options of object 'Object Repository/DispensaryToStore/Page_Store/select_--Select--BA1170BA2376B' counted

2018-06-09 16:56:33 - [TEST_STEP][PASSED] - Statement - For ([g = 1, g <= BatchNumber - 1, (g++)]): null

2018-06-09 16:56:33 - [TEST_STEP][PASSED] - selectOptionByIndex: All options with index in [1] are selected on object 'Object Repository/DispensaryToStore/Page_Store/select_--Select--BA1170BA2376B'

2018-06-09 16:56:33 - [MESSAGE][PASSED] - All options with index in [1] are selected on object 'Object Repository/DispensaryToStore/Page_Store/select_--Select--BA1170BA2376B'

2018-06-09 16:56:33 - [TEST_STEP][PASSED] - Statement - Try: null

2018-06-09 16:56:33 - [TEST_STEP][PASSED] - Statement - StockQty = com.kms.katalon.core.webui.keyword.WebUiBuiltInKeywords.getAttribute(com.kms.katalon.core.testobject.ObjectRepository.findTestObject(DispensaryToStore/Page_Store/input_txtprice), "value"): Attribute 'value' of object 'Object Repository/DispensaryToStore/Page_Store/input_txtprice' is: ''

2018-06-09 16:56:33 - [MESSAGE][PASSED] - Attribute 'value' of object 'Object Repository/DispensaryToStore/Page_Store/input_txtprice' is: ''

2018-06-09 16:56:33 - [TEST_STEP][PASSED] - Statement - out.println("Stock QTY : " + StockQty): null

2018-06-09 16:56:33 - [TEST_STEP][PASSED] - delay: Delayed 2 second(s)

2018-06-09 16:56:35 - [MESSAGE][PASSED] - Delayed 2 second(s)

2018-06-09 16:56:35 - [TEST_STEP][PASSED] - Statement - If (java.lang.String.valueOf(StockQty) >= java.lang.String.valueOf(RequestedQty)): null

2018-06-09 16:56:35 - [TEST_STEP][PASSED] - Statement - Else: null

2018-06-09 16:56:35 - [TEST_STEP][PASSED] - Statement - out.println("Stock Is Less Than Requested Qty"): null

2018-06-09 16:56:35 - [TEST_STEP][PASSED] - selectOptionByIndex: All options with index in [2] are selected on object 'Object Repository/DispensaryToStore/Page_Store/select_--Select--BA1170BA2376B'

2018-06-09 16:56:35 - [MESSAGE][PASSED] - All options with index in [2] are selected on object 'Object Repository/DispensaryToStore/Page_Store/select_--Select--BA1170BA2376B'

2018-06-09 16:56:35 - [TEST_STEP][PASSED] - Statement - Try: null

2018-06-09 16:56:35 - [TEST_STEP][PASSED] - Statement - StockQty = com.kms.katalon.core.webui.keyword.WebUiBuiltInKeywords.getAttribute(com.kms.katalon.core.testobject.ObjectRepository.findTestObject(DispensaryToStore/Page_Store/input_txtprice), "value"): Attribute 'value' of object 'Object Repository/DispensaryToStore/Page_Store/input_txtprice' is: '390'

2018-06-09 16:56:35 - [MESSAGE][PASSED] - Attribute 'value' of object 'Object Repository/DispensaryToStore/Page_Store/input_txtprice' is: '390'

2018-06-09 16:56:35 - [TEST_STEP][PASSED] - Statement - out.println("Stock QTY : " + StockQty): null

2018-06-09 16:56:35 - [TEST_STEP][PASSED] - delay: Delayed 2 second(s)

2018-06-09 16:56:37 - [MESSAGE][PASSED] - Delayed 2 second(s)

2018-06-09 16:56:37 - [TEST_STEP][PASSED] - Statement - If (java.lang.String.valueOf(StockQty) >= java.lang.String.valueOf(RequestedQty)): null

2018-06-09 16:56:37 - [TEST_STEP][PASSED] - setText: Text '10' is set on object 'Object Repository/DispensaryToStore/Page_Store/input_txtqty'

2018-06-09 16:56:37 - [MESSAGE][PASSED] - Text '10' is set on object 'Object Repository/DispensaryToStore/Page_Store/input_txtqty'

2018-06-09 16:56:37 - [TEST_STEP][PASSED] - click: Object: 'Object Repository/DispensaryToStore/Page_Store/button_Add' is clicked on

2018-06-09 16:56:37 - [MESSAGE][PASSED] - Object: 'Object Repository/DispensaryToStore/Page_Store/button_Add' is clicked on

2018-06-09 16:56:37 - [TEST_STEP][PASSED] - Statement - Break: null

2018-06-09 16:56:37 - [TEST_STEP][PASSED] - selectOptionByIndex: All options with index in [3] are selected on object 'Object Repository/DispensaryToStore/Page_Store/select_--Select--Adernaline 0.'

2018-06-09 16:56:37 - [MESSAGE][PASSED] - All options with index in [3] are selected on object 'Object Repository/DispensaryToStore/Page_Store/select_--Select--Adernaline 0.'

2018-06-09 16:56:37 - [TEST_STEP][PASSED] - delay: Delayed 2 second(s)

2018-06-09 16:56:39 - [MESSAGE][PASSED] - Delayed 2 second(s)

2018-06-09 16:56:39 - [TEST_STEP][PASSED] - Statement - RequestedQty = com.kms.katalon.core.webui.keyword.WebUiBuiltInKeywords.getAttribute(com.kms.katalon.core.testobject.ObjectRepository.findTestObject(DispensaryToStore/Page_Store/input_txttotal), "value"): Attribute 'value' of object 'Object Repository/DispensaryToStore/Page_Store/input_txttotal' is: '10'

2018-06-09 16:56:40 - [MESSAGE][PASSED] - Attribute 'value' of object 'Object Repository/DispensaryToStore/Page_Store/input_txttotal' is: '10'

2018-06-09 16:56:40 - [TEST_STEP][PASSED] - Statement - out.println("Requested QTY : " + RequestedQty): null

2018-06-09 16:56:40 - [TEST_STEP][PASSED] - Statement - BatchNumber = com.kms.katalon.core.webui.keyword.WebUiBuiltInKeywords.getNumberOfTotalOption(com.kms.katalon.core.testobject.ObjectRepository.findTestObject(DispensaryToStore/Page_Store/select_--Select--BA1170BA2376B)): 5 options of object 'Object Repository/DispensaryToStore/Page_Store/select_--Select--BA1170BA2376B' counted

2018-06-09 16:56:40 - [MESSAGE][PASSED] - 5 options of object 'Object Repository/DispensaryToStore/Page_Store/select_--Select--BA1170BA2376B' counted

2018-06-09 16:56:40 - [TEST_STEP][PASSED] - Statement - For ([g = 1, g <= BatchNumber - 1, (g++)]): null

2018-06-09 16:56:40 - [TEST_STEP][PASSED] - selectOptionByIndex: All options with index in [1] are selected on object 'Object Repository/DispensaryToStore/Page_Store/select_--Select--BA1170BA2376B'

2018-06-09 16:56:40 - [MESSAGE][PASSED] - All options with index in [1] are selected on object 'Object Repository/DispensaryToStore/Page_Store/select_--Select--BA1170BA2376B'

2018-06-09 16:56:40 - [TEST_STEP][PASSED] - Statement - Try: null

2018-06-09 16:56:40 - [TEST_STEP][PASSED] - Statement - StockQty = com.kms.katalon.core.webui.keyword.WebUiBuiltInKeywords.getAttribute(com.kms.katalon.core.testobject.ObjectRepository.findTestObject(DispensaryToStore/Page_Store/input_txtprice), "value"): Attribute 'value' of object 'Object Repository/DispensaryToStore/Page_Store/input_txtprice' is: '510'

2018-06-09 16:56:40 - [MESSAGE][PASSED] - Attribute 'value' of object 'Object Repository/DispensaryToStore/Page_Store/input_txtprice' is: '510'

2018-06-09 16:56:40 - [TEST_STEP][PASSED] - Statement - out.println("Stock QTY : " + StockQty): null

2018-06-09 16:56:40 - [TEST_STEP][PASSED] - delay: Delayed 2 second(s)

2018-06-09 16:56:42 - [MESSAGE][PASSED] - Delayed 2 second(s)

2018-06-09 16:56:42 - [TEST_STEP][PASSED] - Statement - If (java.lang.String.valueOf(StockQty) >= java.lang.String.valueOf(RequestedQty)): null

2018-06-09 16:56:42 - [TEST_STEP][PASSED] - setText: Text '10' is set on object 'Object Repository/DispensaryToStore/Page_Store/input_txtqty'

2018-06-09 16:56:42 - [MESSAGE][PASSED] - Text '10' is set on object 'Object Repository/DispensaryToStore/Page_Store/input_txtqty'

2018-06-09 16:56:42 - [TEST_STEP][PASSED] - click: Object: 'Object Repository/DispensaryToStore/Page_Store/button_Add' is clicked on

2018-06-09 16:56:42 - [MESSAGE][PASSED] - Object: 'Object Repository/DispensaryToStore/Page_Store/button_Add' is clicked on

2018-06-09 16:56:42 - [TEST_STEP][PASSED] - Statement - Break: null

2018-06-09 16:56:42 - [TEST_STEP][PASSED] - selectOptionByIndex: All options with index in [4] are selected on object 'Object Repository/DispensaryToStore/Page_Store/select_--Select--Adernaline 0.'

2018-06-09 16:56:42 - [MESSAGE][PASSED] - All options with index in [4] are selected on object 'Object Repository/DispensaryToStore/Page_Store/select_--Select--Adernaline 0.'

2018-06-09 16:56:42 - [TEST_STEP][PASSED] - delay: Delayed 2 second(s)

2018-06-09 16:56:44 - [MESSAGE][PASSED] - Delayed 2 second(s)

2018-06-09 16:56:44 - [TEST_STEP][PASSED] - Statement - RequestedQty = com.kms.katalon.core.webui.keyword.WebUiBuiltInKeywords.getAttribute(com.kms.katalon.core.testobject.ObjectRepository.findTestObject(DispensaryToStore/Page_Store/input_txttotal), "value"): Attribute 'value' of object 'Object Repository/DispensaryToStore/Page_Store/input_txttotal' is: '10'

2018-06-09 16:56:44 - [MESSAGE][PASSED] - Attribute 'value' of object 'Object Repository/DispensaryToStore/Page_Store/input_txttotal' is: '10'

2018-06-09 16:56:44 - [TEST_STEP][PASSED] - Statement - out.println("Requested QTY : " + RequestedQty): null

2018-06-09 16:56:44 - [TEST_STEP][PASSED] - Statement - BatchNumber = com.kms.katalon.core.webui.keyword.WebUiBuiltInKeywords.getNumberOfTotalOption(com.kms.katalon.core.testobject.ObjectRepository.findTestObject(DispensaryToStore/Page_Store/select_--Select--BA1170BA2376B)): 5 options of object 'Object Repository/DispensaryToStore/Page_Store/select_--Select--BA1170BA2376B' counted

2018-06-09 16:56:44 - [MESSAGE][PASSED] - 5 options of object 'Object Repository/DispensaryToStore/Page_Store/select_--Select--BA1170BA2376B' counted

2018-06-09 16:56:44 - [TEST_STEP][PASSED] - Statement - For ([g = 1, g <= BatchNumber - 1, (g++)]): null

2018-06-09 16:56:44 - [TEST_STEP][PASSED] - selectOptionByIndex: All options with index in [1] are selected on object 'Object Repository/DispensaryToStore/Page_Store/select_--Select--BA1170BA2376B'

2018-06-09 16:56:44 - [MESSAGE][PASSED] - All options with index in [1] are selected on object 'Object Repository/DispensaryToStore/Page_Store/select_--Select--BA1170BA2376B'

2018-06-09 16:56:44 - [TEST_STEP][PASSED] - Statement - Try: null

2018-06-09 16:56:44 - [TEST_STEP][PASSED] - Statement - StockQty = com.kms.katalon.core.webui.keyword.WebUiBuiltInKeywords.getAttribute(com.kms.katalon.core.testobject.ObjectRepository.findTestObject(DispensaryToStore/Page_Store/input_txtprice), "value"): Attribute 'value' of object 'Object Repository/DispensaryToStore/Page_Store/input_txtprice' is: '150'

2018-06-09 16:56:44 - [MESSAGE][PASSED] - Attribute 'value' of object 'Object Repository/DispensaryToStore/Page_Store/input_txtprice' is: '150'

2018-06-09 16:56:44 - [TEST_STEP][PASSED] - Statement - out.println("Stock QTY : " + StockQty): null

2018-06-09 16:56:44 - [TEST_STEP][PASSED] - delay: Delayed 2 second(s)

2018-06-09 16:56:46 - [MESSAGE][PASSED] - Delayed 2 second(s)

2018-06-09 16:56:46 - [TEST_STEP][PASSED] - Statement - If (java.lang.String.valueOf(StockQty) >= java.lang.String.valueOf(RequestedQty)): null

2018-06-09 16:56:46 - [TEST_STEP][PASSED] - setText: Text '10' is set on object 'Object Repository/DispensaryToStore/Page_Store/input_txtqty'

2018-06-09 16:56:46 - [MESSAGE][PASSED] - Text '10' is set on object 'Object Repository/DispensaryToStore/Page_Store/input_txtqty'

2018-06-09 16:56:46 - [TEST_STEP][PASSED] - click: Object: 'Object Repository/DispensaryToStore/Page_Store/button_Add' is clicked on

2018-06-09 16:56:47 - [MESSAGE][PASSED] - Object: 'Object Repository/DispensaryToStore/Page_Store/button_Add' is clicked on

2018-06-09 16:56:47 - [TEST_STEP][PASSED] - Statement - Break: null

2018-06-09 16:56:47 - [TEST_STEP][PASSED] - selectOptionByIndex: All options with index in [5] are selected on object 'Object Repository/DispensaryToStore/Page_Store/select_--Select--Adernaline 0.'

2018-06-09 16:56:47 - [MESSAGE][PASSED] - All options with index in [5] are selected on object 'Object Repository/DispensaryToStore/Page_Store/select_--Select--Adernaline 0.'

2018-06-09 16:56:47 - [TEST_STEP][PASSED] - delay: Delayed 2 second(s)

2018-06-09 16:56:49 - [MESSAGE][PASSED] - Delayed 2 second(s)

2018-06-09 16:56:49 - [TEST_STEP][PASSED] - Statement - RequestedQty = com.kms.katalon.core.webui.keyword.WebUiBuiltInKeywords.getAttribute(com.kms.katalon.core.testobject.ObjectRepository.findTestObject(DispensaryToStore/Page_Store/input_txttotal), "value"): Attribute 'value' of object 'Object Repository/DispensaryToStore/Page_Store/input_txttotal' is: '10'

2018-06-09 16:56:49 - [MESSAGE][PASSED] - Attribute 'value' of object 'Object Repository/DispensaryToStore/Page_Store/input_txttotal' is: '10'

2018-06-09 16:56:49 - [TEST_STEP][PASSED] - Statement - out.println("Requested QTY : " + RequestedQty): null

2018-06-09 16:56:49 - [TEST_STEP][PASSED] - Statement - BatchNumber = com.kms.katalon.core.webui.keyword.WebUiBuiltInKeywords.getNumberOfTotalOption(com.kms.katalon.core.testobject.ObjectRepository.findTestObject(DispensaryToStore/Page_Store/select_--Select--BA1170BA2376B)): 2 options of object 'Object Repository/DispensaryToStore/Page_Store/select_--Select--BA1170BA2376B' counted

2018-06-09 16:56:49 - [MESSAGE][PASSED] - 2 options of object 'Object Repository/DispensaryToStore/Page_Store/select_--Select--BA1170BA2376B' counted

2018-06-09 16:56:49 - [TEST_STEP][PASSED] - Statement - For ([g = 1, g <= BatchNumber - 1, (g++)]): null

2018-06-09 16:56:49 - [TEST_STEP][PASSED] - selectOptionByIndex: All options with index in [1] are selected on object 'Object Repository/DispensaryToStore/Page_Store/select_--Select--BA1170BA2376B'

2018-06-09 16:56:49 - [MESSAGE][PASSED] - All options with index in [1] are selected on object 'Object Repository/DispensaryToStore/Page_Store/select_--Select--BA1170BA2376B'

2018-06-09 16:56:49 - [TEST_STEP][PASSED] - Statement - Try: null

2018-06-09 16:56:49 - [TEST_STEP][PASSED] - Statement - StockQty = com.kms.katalon.core.webui.keyword.WebUiBuiltInKeywords.getAttribute(com.kms.katalon.core.testobject.ObjectRepository.findTestObject(DispensaryToStore/Page_Store/input_txtprice), "value"): Attribute 'value' of object 'Object Repository/DispensaryToStore/Page_Store/input_txtprice' is: '2530'

2018-06-09 16:56:49 - [MESSAGE][PASSED] - Attribute 'value' of object 'Object Repository/DispensaryToStore/Page_Store/input_txtprice' is: '2530'

2018-06-09 16:56:49 - [TEST_STEP][PASSED] - Statement - out.println("Stock QTY : " + StockQty): null

2018-06-09 16:56:49 - [TEST_STEP][PASSED] - delay: Delayed 2 second(s)

2018-06-09 16:56:51 - [MESSAGE][PASSED] - Delayed 2 second(s)

2018-06-09 16:56:51 - [TEST_STEP][PASSED] - Statement - If (java.lang.String.valueOf(StockQty) >= java.lang.String.valueOf(RequestedQty)): null

2018-06-09 16:56:51 - [TEST_STEP][PASSED] - setText: Text '10' is set on object 'Object Repository/DispensaryToStore/Page_Store/input_txtqty'

2018-06-09 16:56:51 - [MESSAGE][PASSED] - Text '10' is set on object 'Object Repository/DispensaryToStore/Page_Store/input_txtqty'

2018-06-09 16:56:51 - [TEST_STEP][PASSED] - click: Object: 'Object Repository/DispensaryToStore/Page_Store/button_Add' is clicked on

2018-06-09 16:56:51 - [MESSAGE][PASSED] - Object: 'Object Repository/DispensaryToStore/Page_Store/button_Add' is clicked on

2018-06-09 16:56:51 - [TEST_STEP][PASSED] - Statement - Break: null

2018-06-09 16:56:51 - [TEST_STEP][PASSED] - selectOptionByIndex: All options with index in [6] are selected on object 'Object Repository/DispensaryToStore/Page_Store/select_--Select--Adernaline 0.'

2018-06-09 16:56:51 - [MESSAGE][PASSED] - All options with index in [6] are selected on object 'Object Repository/DispensaryToStore/Page_Store/select_--Select--Adernaline 0.'

2018-06-09 16:56:51 - [TEST_STEP][PASSED] - delay: Delayed 2 second(s)

2018-06-09 16:56:53 - [MESSAGE][PASSED] - Delayed 2 second(s)

2018-06-09 16:56:53 - [TEST_STEP][PASSED] - Statement - RequestedQty = com.kms.katalon.core.webui.keyword.WebUiBuiltInKeywords.getAttribute(com.kms.katalon.core.testobject.ObjectRepository.findTestObject(DispensaryToStore/Page_Store/input_txttotal), "value"): Attribute 'value' of object 'Object Repository/DispensaryToStore/Page_Store/input_txttotal' is: '10'

2018-06-09 16:56:53 - [MESSAGE][PASSED] - Attribute 'value' of object 'Object Repository/DispensaryToStore/Page_Store/input_txttotal' is: '10'

2018-06-09 16:56:53 - [TEST_STEP][PASSED] - Statement - out.println("Requested QTY : " + RequestedQty): null

2018-06-09 16:56:53 - [TEST_STEP][PASSED] - Statement - BatchNumber = com.kms.katalon.core.webui.keyword.WebUiBuiltInKeywords.getNumberOfTotalOption(com.kms.katalon.core.testobject.ObjectRepository.findTestObject(DispensaryToStore/Page_Store/select_--Select--BA1170BA2376B)): 3 options of object 'Object Repository/DispensaryToStore/Page_Store/select_--Select--BA1170BA2376B' counted

2018-06-09 16:56:53 - [MESSAGE][PASSED] - 3 options of object 'Object Repository/DispensaryToStore/Page_Store/select_--Select--BA1170BA2376B' counted

2018-06-09 16:56:53 - [TEST_STEP][PASSED] - Statement - For ([g = 1, g <= BatchNumber - 1, (g++)]): null

2018-06-09 16:56:53 - [TEST_STEP][PASSED] - selectOptionByIndex: All options with index in [1] are selected on object 'Object Repository/DispensaryToStore/Page_Store/select_--Select--BA1170BA2376B'

2018-06-09 16:56:54 - [MESSAGE][PASSED] - All options with index in [1] are selected on object 'Object Repository/DispensaryToStore/Page_Store/select_--Select--BA1170BA2376B'

2018-06-09 16:56:54 - [TEST_STEP][PASSED] - Statement - Try: null

2018-06-09 16:56:54 - [TEST_STEP][PASSED] - Statement - StockQty = com.kms.katalon.core.webui.keyword.WebUiBuiltInKeywords.getAttribute(com.kms.katalon.core.testobject.ObjectRepository.findTestObject(DispensaryToStore/Page_Store/input_txtprice), "value"): Attribute 'value' of object 'Object Repository/DispensaryToStore/Page_Store/input_txtprice' is: ''

2018-06-09 16:56:54 - [MESSAGE][PASSED] - Attribute 'value' of object 'Object Repository/DispensaryToStore/Page_Store/input_txtprice' is: ''

2018-06-09 16:56:54 - [TEST_STEP][PASSED] - Statement - out.println("Stock QTY : " + StockQty): null

2018-06-09 16:56:54 - [TEST_STEP][PASSED] - delay: Delayed 2 second(s)

2018-06-09 16:56:56 - [MESSAGE][PASSED] - Delayed 2 second(s)

2018-06-09 16:56:56 - [TEST_STEP][PASSED] - Statement - If (java.lang.String.valueOf(StockQty) >= java.lang.String.valueOf(RequestedQty)): null

2018-06-09 16:56:56 - [TEST_STEP][PASSED] - Statement - Else: null

2018-06-09 16:56:56 - [TEST_STEP][PASSED] - Statement - out.println("Stock Is Less Than Requested Qty"): null

2018-06-09 16:56:56 - [TEST_STEP][PASSED] - selectOptionByIndex: All options with index in [2] are selected on object 'Object Repository/DispensaryToStore/Page_Store/select_--Select--BA1170BA2376B'

2018-06-09 16:56:56 - [MESSAGE][PASSED] - All options with index in [2] are selected on object 'Object Repository/DispensaryToStore/Page_Store/select_--Select--BA1170BA2376B'

2018-06-09 16:56:56 - [TEST_STEP][PASSED] - Statement - Try: null

2018-06-09 16:56:56 - [TEST_STEP][PASSED] - Statement - StockQty = com.kms.katalon.core.webui.keyword.WebUiBuiltInKeywords.getAttribute(com.kms.katalon.core.testobject.ObjectRepository.findTestObject(DispensaryToStore/Page_Store/input_txtprice), "value"): Attribute 'value' of object 'Object Repository/DispensaryToStore/Page_Store/input_txtprice' is: '100'

2018-06-09 16:56:56 - [MESSAGE][PASSED] - Attribute 'value' of object 'Object Repository/DispensaryToStore/Page_Store/input_txtprice' is: '100'

2018-06-09 16:56:56 - [TEST_STEP][PASSED] - Statement - out.println("Stock QTY : " + StockQty): null

2018-06-09 16:56:56 - [TEST_STEP][PASSED] - delay: Delayed 2 second(s)

2018-06-09 16:56:58 - [MESSAGE][PASSED] - Delayed 2 second(s)

2018-06-09 16:56:58 - [TEST_STEP][PASSED] - Statement - If (java.lang.String.valueOf(StockQty) >= java.lang.String.valueOf(RequestedQty)): null

2018-06-09 16:56:58 - [TEST_STEP][PASSED] - setText: Text '10' is set on object 'Object Repository/DispensaryToStore/Page_Store/input_txtqty'

2018-06-09 16:56:58 - [MESSAGE][PASSED] - Text '10' is set on object 'Object Repository/DispensaryToStore/Page_Store/input_txtqty'

2018-06-09 16:56:58 - [TEST_STEP][PASSED] - click: Object: 'Object Repository/DispensaryToStore/Page_Store/button_Add' is clicked on

2018-06-09 16:56:58 - [MESSAGE][PASSED] - Object: 'Object Repository/DispensaryToStore/Page_Store/button_Add' is clicked on

2018-06-09 16:56:58 - [TEST_STEP][PASSED] - Statement - Break: null

2018-06-09 16:56:58 - [TEST_STEP][PASSED] - selectOptionByIndex: All options with index in [7] are selected on object 'Object Repository/DispensaryToStore/Page_Store/select_--Select--Adernaline 0.'

2018-06-09 16:56:58 - [MESSAGE][PASSED] - All options with index in [7] are selected on object 'Object Repository/DispensaryToStore/Page_Store/select_--Select--Adernaline 0.'

2018-06-09 16:56:58 - [TEST_STEP][PASSED] - delay: Delayed 2 second(s)

2018-06-09 16:57:00 - [MESSAGE][PASSED] - Delayed 2 second(s)

2018-06-09 16:57:00 - [TEST_STEP][PASSED] - Statement - RequestedQty = com.kms.katalon.core.webui.keyword.WebUiBuiltInKeywords.getAttribute(com.kms.katalon.core.testobject.ObjectRepository.findTestObject(DispensaryToStore/Page_Store/input_txttotal), "value"): Attribute 'value' of object 'Object Repository/DispensaryToStore/Page_Store/input_txttotal' is: '10'

2018-06-09 16:57:00 - [MESSAGE][PASSED] - Attribute 'value' of object 'Object Repository/DispensaryToStore/Page_Store/input_txttotal' is: '10'

2018-06-09 16:57:00 - [TEST_STEP][PASSED] - Statement - out.println("Requested QTY : " + RequestedQty): null

2018-06-09 16:57:00 - [TEST_STEP][PASSED] - Statement - BatchNumber = com.kms.katalon.core.webui.keyword.WebUiBuiltInKeywords.getNumberOfTotalOption(com.kms.katalon.core.testobject.ObjectRepository.findTestObject(DispensaryToStore/Page_Store/select_--Select--BA1170BA2376B)): 3 options of object 'Object Repository/DispensaryToStore/Page_Store/select_--Select--BA1170BA2376B' counted

2018-06-09 16:57:00 - [MESSAGE][PASSED] - 3 options of object 'Object Repository/DispensaryToStore/Page_Store/select_--Select--BA1170BA2376B' counted

2018-06-09 16:57:00 - [TEST_STEP][PASSED] - Statement - For ([g = 1, g <= BatchNumber - 1, (g++)]): null

2018-06-09 16:57:00 - [TEST_STEP][PASSED] - selectOptionByIndex: All options with index in [1] are selected on object 'Object Repository/DispensaryToStore/Page_Store/select_--Select--BA1170BA2376B'

2018-06-09 16:57:00 - [MESSAGE][PASSED] - All options with index in [1] are selected on object 'Object Repository/DispensaryToStore/Page_Store/select_--Select--BA1170BA2376B'

2018-06-09 16:57:00 - [TEST_STEP][PASSED] - Statement - Try: null

2018-06-09 16:57:00 - [TEST_STEP][PASSED] - Statement - StockQty = com.kms.katalon.core.webui.keyword.WebUiBuiltInKeywords.getAttribute(com.kms.katalon.core.testobject.ObjectRepository.findTestObject(DispensaryToStore/Page_Store/input_txtprice), "value"): Attribute 'value' of object 'Object Repository/DispensaryToStore/Page_Store/input_txtprice' is: '1440'

2018-06-09 16:57:00 - [MESSAGE][PASSED] - Attribute 'value' of object 'Object Repository/DispensaryToStore/Page_Store/input_txtprice' is: '1440'

2018-06-09 16:57:00 - [TEST_STEP][PASSED] - Statement - out.println("Stock QTY : " + StockQty): null

2018-06-09 16:57:00 - [TEST_STEP][PASSED] - delay: Delayed 2 second(s)

2018-06-09 16:57:02 - [MESSAGE][PASSED] - Delayed 2 second(s)

2018-06-09 16:57:02 - [TEST_STEP][PASSED] - Statement - If (java.lang.String.valueOf(StockQty) >= java.lang.String.valueOf(RequestedQty)): null

2018-06-09 16:57:02 - [TEST_STEP][PASSED] - setText: Text '10' is set on object 'Object Repository/DispensaryToStore/Page_Store/input_txtqty'

2018-06-09 16:57:03 - [MESSAGE][PASSED] - Text '10' is set on object 'Object Repository/DispensaryToStore/Page_Store/input_txtqty'

2018-06-09 16:57:03 - [TEST_STEP][PASSED] - click: Object: 'Object Repository/DispensaryToStore/Page_Store/button_Add' is clicked on

2018-06-09 16:57:03 - [MESSAGE][PASSED] - Object: 'Object Repository/DispensaryToStore/Page_Store/button_Add' is clicked on

2018-06-09 16:57:03 - [TEST_STEP][PASSED] - Statement - Break: null

2018-06-09 16:57:03 - [TEST_STEP][PASSED] - selectOptionByIndex: All options with index in [8] are selected on object 'Object Repository/DispensaryToStore/Page_Store/select_--Select--Adernaline 0.'

2018-06-09 16:57:03 - [MESSAGE][PASSED] - All options with index in [8] are selected on object 'Object Repository/DispensaryToStore/Page_Store/select_--Select--Adernaline 0.'

2018-06-09 16:57:03 - [TEST_STEP][PASSED] - delay: Delayed 2 second(s)

2018-06-09 16:57:05 - [MESSAGE][PASSED] - Delayed 2 second(s)

2018-06-09 16:57:05 - [TEST_STEP][PASSED] - Statement - RequestedQty = com.kms.katalon.core.webui.keyword.WebUiBuiltInKeywords.getAttribute(com.kms.katalon.core.testobject.ObjectRepository.findTestObject(DispensaryToStore/Page_Store/input_txttotal), "value"): Attribute 'value' of object 'Object Repository/DispensaryToStore/Page_Store/input_txttotal' is: '10'

2018-06-09 16:57:05 - [MESSAGE][PASSED] - Attribute 'value' of object 'Object Repository/DispensaryToStore/Page_Store/input_txttotal' is: '10'

2018-06-09 16:57:05 - [TEST_STEP][PASSED] - Statement - out.println("Requested QTY : " + RequestedQty): null

2018-06-09 16:57:05 - [TEST_STEP][PASSED] - Statement - BatchNumber = com.kms.katalon.core.webui.keyword.WebUiBuiltInKeywords.getNumberOfTotalOption(com.kms.katalon.core.testobject.ObjectRepository.findTestObject(DispensaryToStore/Page_Store/select_--Select--BA1170BA2376B)): 2 options of object 'Object Repository/DispensaryToStore/Page_Store/select_--Select--BA1170BA2376B' counted

2018-06-09 16:57:05 - [MESSAGE][PASSED] - 2 options of object 'Object Repository/DispensaryToStore/Page_Store/select_--Select--BA1170BA2376B' counted

2018-06-09 16:57:05 - [TEST_STEP][PASSED] - Statement - For ([g = 1, g <= BatchNumber - 1, (g++)]): null

2018-06-09 16:57:05 - [TEST_STEP][PASSED] - selectOptionByIndex: All options with index in [1] are selected on object 'Object Repository/DispensaryToStore/Page_Store/select_--Select--BA1170BA2376B'

2018-06-09 16:57:05 - [MESSAGE][PASSED] - All options with index in [1] are selected on object 'Object Repository/DispensaryToStore/Page_Store/select_--Select--BA1170BA2376B'

2018-06-09 16:57:05 - [TEST_STEP][PASSED] - Statement - Try: null

2018-06-09 16:57:05 - [TEST_STEP][PASSED] - Statement - StockQty = com.kms.katalon.core.webui.keyword.WebUiBuiltInKeywords.getAttribute(com.kms.katalon.core.testobject.ObjectRepository.findTestObject(DispensaryToStore/Page_Store/input_txtprice), "value"): Attribute 'value' of object 'Object Repository/DispensaryToStore/Page_Store/input_txtprice' is: '1540'

2018-06-09 16:57:05 - [MESSAGE][PASSED] - Attribute 'value' of object 'Object Repository/DispensaryToStore/Page_Store/input_txtprice' is: '1540'

2018-06-09 16:57:05 - [TEST_STEP][PASSED] - Statement - out.println("Stock QTY : " + StockQty): null

2018-06-09 16:57:05 - [TEST_STEP][PASSED] - delay: Delayed 2 second(s)

2018-06-09 16:57:07 - [MESSAGE][PASSED] - Delayed 2 second(s)

2018-06-09 16:57:07 - [TEST_STEP][PASSED] - Statement - If (java.lang.String.valueOf(StockQty) >= java.lang.String.valueOf(RequestedQty)): null

2018-06-09 16:57:07 - [TEST_STEP][PASSED] - setText: Text '10' is set on object 'Object Repository/DispensaryToStore/Page_Store/input_txtqty'

2018-06-09 16:57:07 - [MESSAGE][PASSED] - Text '10' is set on object 'Object Repository/DispensaryToStore/Page_Store/input_txtqty'

2018-06-09 16:57:07 - [TEST_STEP][PASSED] - click: Object: 'Object Repository/DispensaryToStore/Page_Store/button_Add' is clicked on

2018-06-09 16:57:07 - [MESSAGE][PASSED] - Object: 'Object Repository/DispensaryToStore/Page_Store/button_Add' is clicked on

2018-06-09 16:57:07 - [TEST_STEP][PASSED] - Statement - Break: null

2018-06-09 16:57:07 - [TEST_STEP][PASSED] - selectOptionByIndex: All options with index in [9] are selected on object 'Object Repository/DispensaryToStore/Page_Store/select_--Select--Adernaline 0.'

2018-06-09 16:57:08 - [MESSAGE][PASSED] - All options with index in [9] are selected on object 'Object Repository/DispensaryToStore/Page_Store/select_--Select--Adernaline 0.'

2018-06-09 16:57:08 - [TEST_STEP][PASSED] - delay: Delayed 2 second(s)

2018-06-09 16:57:10 - [MESSAGE][PASSED] - Delayed 2 second(s)

2018-06-09 16:57:10 - [TEST_STEP][PASSED] - Statement - RequestedQty = com.kms.katalon.core.webui.keyword.WebUiBuiltInKeywords.getAttribute(com.kms.katalon.core.testobject.ObjectRepository.findTestObject(DispensaryToStore/Page_Store/input_txttotal), "value"): Attribute 'value' of object 'Object Repository/DispensaryToStore/Page_Store/input_txttotal' is: '10'

2018-06-09 16:57:10 - [MESSAGE][PASSED] - Attribute 'value' of object 'Object Repository/DispensaryToStore/Page_Store/input_txttotal' is: '10'

2018-06-09 16:57:10 - [TEST_STEP][PASSED] - Statement - out.println("Requested QTY : " + RequestedQty): null

2018-06-09 16:57:10 - [TEST_STEP][PASSED] - Statement - BatchNumber = com.kms.katalon.core.webui.keyword.WebUiBuiltInKeywords.getNumberOfTotalOption(com.kms.katalon.core.testobject.ObjectRepository.findTestObject(DispensaryToStore/Page_Store/select_--Select--BA1170BA2376B)): 5 options of object 'Object Repository/DispensaryToStore/Page_Store/select_--Select--BA1170BA2376B' counted

2018-06-09 16:57:10 - [MESSAGE][PASSED] - 5 options of object 'Object Repository/DispensaryToStore/Page_Store/select_--Select--BA1170BA2376B' counted

2018-06-09 16:57:10 - [TEST_STEP][PASSED] - Statement - For ([g = 1, g <= BatchNumber - 1, (g++)]): null

2018-06-09 16:57:10 - [TEST_STEP][PASSED] - selectOptionByIndex: All options with index in [1] are selected on object 'Object Repository/DispensaryToStore/Page_Store/select_--Select--BA1170BA2376B'

2018-06-09 16:57:10 - [MESSAGE][PASSED] - All options with index in [1] are selected on object 'Object Repository/DispensaryToStore/Page_Store/select_--Select--BA1170BA2376B'

2018-06-09 16:57:10 - [TEST_STEP][PASSED] - Statement - Try: null

2018-06-09 16:57:10 - [TEST_STEP][PASSED] - Statement - StockQty = com.kms.katalon.core.webui.keyword.WebUiBuiltInKeywords.getAttribute(com.kms.katalon.core.testobject.ObjectRepository.findTestObject(DispensaryToStore/Page_Store/input_txtprice), "value"): Attribute 'value' of object 'Object Repository/DispensaryToStore/Page_Store/input_txtprice' is: '160'

2018-06-09 16:57:10 - [MESSAGE][PASSED] - Attribute 'value' of object 'Object Repository/DispensaryToStore/Page_Store/input_txtprice' is: '160'

2018-06-09 16:57:10 - [TEST_STEP][PASSED] - Statement - out.println("Stock QTY : " + StockQty): null

2018-06-09 16:57:10 - [TEST_STEP][PASSED] - delay: Delayed 2 second(s)

2018-06-09 16:57:12 - [MESSAGE][PASSED] - Delayed 2 second(s)

2018-06-09 16:57:12 - [TEST_STEP][PASSED] - Statement - If (java.lang.String.valueOf(StockQty) >= java.lang.String.valueOf(RequestedQty)): null

2018-06-09 16:57:12 - [TEST_STEP][PASSED] - setText: Text '10' is set on object 'Object Repository/DispensaryToStore/Page_Store/input_txtqty'

2018-06-09 16:57:12 - [MESSAGE][PASSED] - Text '10' is set on object 'Object Repository/DispensaryToStore/Page_Store/input_txtqty'

2018-06-09 16:57:12 - [TEST_STEP][PASSED] - click: Object: 'Object Repository/DispensaryToStore/Page_Store/button_Add' is clicked on

2018-06-09 16:57:12 - [MESSAGE][PASSED] - Object: 'Object Repository/DispensaryToStore/Page_Store/button_Add' is clicked on

2018-06-09 16:57:12 - [TEST_STEP][PASSED] - Statement - Break: null

2018-06-09 16:57:12 - [TEST_STEP][PASSED] - selectOptionByIndex: All options with index in [10] are selected on object 'Object Repository/DispensaryToStore/Page_Store/select_--Select--Adernaline 0.'

2018-06-09 16:57:12 - [MESSAGE][PASSED] - All options with index in [10] are selected on object 'Object Repository/DispensaryToStore/Page_Store/select_--Select--Adernaline 0.'

2018-06-09 16:57:12 - [TEST_STEP][PASSED] - delay: Delayed 2 second(s)

2018-06-09 16:57:14 - [MESSAGE][PASSED] - Delayed 2 second(s)

2018-06-09 16:57:14 - [TEST_STEP][PASSED] - Statement - RequestedQty = com.kms.katalon.core.webui.keyword.WebUiBuiltInKeywords.getAttribute(com.kms.katalon.core.testobject.ObjectRepository.findTestObject(DispensaryToStore/Page_Store/input_txttotal), "value"): Attribute 'value' of object 'Object Repository/DispensaryToStore/Page_Store/input_txttotal' is: '10'

2018-06-09 16:57:14 - [MESSAGE][PASSED] - Attribute 'value' of object 'Object Repository/DispensaryToStore/Page_Store/input_txttotal' is: '10'

2018-06-09 16:57:14 - [TEST_STEP][PASSED] - Statement - out.println("Requested QTY : " + RequestedQty): null

2018-06-09 16:57:14 - [TEST_STEP][PASSED] - Statement - BatchNumber = com.kms.katalon.core.webui.keyword.WebUiBuiltInKeywords.getNumberOfTotalOption(com.kms.katalon.core.testobject.ObjectRepository.findTestObject(DispensaryToStore/Page_Store/select_--Select--BA1170BA2376B)): 4 options of object 'Object Repository/DispensaryToStore/Page_Store/select_--Select--BA1170BA2376B' counted

2018-06-09 16:57:14 - [MESSAGE][PASSED] - 4 options of object 'Object Repository/DispensaryToStore/Page_Store/select_--Select--BA1170BA2376B' counted

2018-06-09 16:57:14 - [TEST_STEP][PASSED] - Statement - For ([g = 1, g <= BatchNumber - 1, (g++)]): null

2018-06-09 16:57:14 - [TEST_STEP][PASSED] - selectOptionByIndex: All options with index in [1] are selected on object 'Object Repository/DispensaryToStore/Page_Store/select_--Select--BA1170BA2376B'

2018-06-09 16:57:14 - [MESSAGE][PASSED] - All options with index in [1] are selected on object 'Object Repository/DispensaryToStore/Page_Store/select_--Select--BA1170BA2376B'

2018-06-09 16:57:14 - [TEST_STEP][PASSED] - Statement - Try: null

2018-06-09 16:57:14 - [TEST_STEP][PASSED] - Statement - StockQty = com.kms.katalon.core.webui.keyword.WebUiBuiltInKeywords.getAttribute(com.kms.katalon.core.testobject.ObjectRepository.findTestObject(DispensaryToStore/Page_Store/input_txtprice), "value"): Attribute 'value' of object 'Object Repository/DispensaryToStore/Page_Store/input_txtprice' is: '160'

2018-06-09 16:57:15 - [MESSAGE][PASSED] - Attribute 'value' of object 'Object Repository/DispensaryToStore/Page_Store/input_txtprice' is: '160'

2018-06-09 16:57:15 - [TEST_STEP][PASSED] - Statement - out.println("Stock QTY : " + StockQty): null

2018-06-09 16:57:15 - [TEST_STEP][PASSED] - delay: Delayed 2 second(s)

2018-06-09 16:57:17 - [MESSAGE][PASSED] - Delayed 2 second(s)

2018-06-09 16:57:17 - [TEST_STEP][PASSED] - Statement - If (java.lang.String.valueOf(StockQty) >= java.lang.String.valueOf(RequestedQty)): null

2018-06-09 16:57:17 - [TEST_STEP][PASSED] - setText: Text '10' is set on object 'Object Repository/DispensaryToStore/Page_Store/input_txtqty'

2018-06-09 16:57:17 - [MESSAGE][PASSED] - Text '10' is set on object 'Object Repository/DispensaryToStore/Page_Store/input_txtqty'

2018-06-09 16:57:17 - [TEST_STEP][PASSED] - click: Object: 'Object Repository/DispensaryToStore/Page_Store/button_Add' is clicked on

2018-06-09 16:57:17 - [MESSAGE][PASSED] - Object: 'Object Repository/DispensaryToStore/Page_Store/button_Add' is clicked on

2018-06-09 16:57:17 - [TEST_STEP][PASSED] - Statement - Break: null

2018-06-09 16:57:17 - [TEST_STEP][PASSED] - selectOptionByIndex: All options with index in [11] are selected on object 'Object Repository/DispensaryToStore/Page_Store/select_--Select--Adernaline 0.'

2018-06-09 16:57:17 - [MESSAGE][PASSED] - All options with index in [11] are selected on object 'Object Repository/DispensaryToStore/Page_Store/select_--Select--Adernaline 0.'

2018-06-09 16:57:17 - [TEST_STEP][PASSED] - delay: Delayed 2 second(s)

2018-06-09 16:57:19 - [MESSAGE][PASSED] - Delayed 2 second(s)

2018-06-09 16:57:19 - [TEST_STEP][PASSED] - Statement - RequestedQty = com.kms.katalon.core.webui.keyword.WebUiBuiltInKeywords.getAttribute(com.kms.katalon.core.testobject.ObjectRepository.findTestObject(DispensaryToStore/Page_Store/input_txttotal), "value"): Attribute 'value' of object 'Object Repository/DispensaryToStore/Page_Store/input_txttotal' is: '10'

2018-06-09 16:57:19 - [MESSAGE][PASSED] - Attribute 'value' of object 'Object Repository/DispensaryToStore/Page_Store/input_txttotal' is: '10'

2018-06-09 16:57:19 - [TEST_STEP][PASSED] - Statement - out.println("Requested QTY : " + RequestedQty): null

2018-06-09 16:57:19 - [TEST_STEP][PASSED] - Statement - BatchNumber = com.kms.katalon.core.webui.keyword.WebUiBuiltInKeywords.getNumberOfTotalOption(com.kms.katalon.core.testobject.ObjectRepository.findTestObject(DispensaryToStore/Page_Store/select_--Select--BA1170BA2376B)): 3 options of object 'Object Repository/DispensaryToStore/Page_Store/select_--Select--BA1170BA2376B' counted

2018-06-09 16:57:19 - [MESSAGE][PASSED] - 3 options of object 'Object Repository/DispensaryToStore/Page_Store/select_--Select--BA1170BA2376B' counted

2018-06-09 16:57:19 - [TEST_STEP][PASSED] - Statement - For ([g = 1, g <= BatchNumber - 1, (g++)]): null

2018-06-09 16:57:19 - [TEST_STEP][PASSED] - selectOptionByIndex: All options with index in [1] are selected on object 'Object Repository/DispensaryToStore/Page_Store/select_--Select--BA1170BA2376B'

2018-06-09 16:57:19 - [MESSAGE][PASSED] - All options with index in [1] are selected on object 'Object Repository/DispensaryToStore/Page_Store/select_--Select--BA1170BA2376B'

2018-06-09 16:57:19 - [TEST_STEP][PASSED] - Statement - Try: null

2018-06-09 16:57:19 - [TEST_STEP][PASSED] - Statement - StockQty = com.kms.katalon.core.webui.keyword.WebUiBuiltInKeywords.getAttribute(com.kms.katalon.core.testobject.ObjectRepository.findTestObject(DispensaryToStore/Page_Store/input_txtprice), "value"): Attribute 'value' of object 'Object Repository/DispensaryToStore/Page_Store/input_txtprice' is: '550'

2018-06-09 16:57:19 - [MESSAGE][PASSED] - Attribute 'value' of object 'Object Repository/DispensaryToStore/Page_Store/input_txtprice' is: '550'

2018-06-09 16:57:19 - [TEST_STEP][PASSED] - Statement - out.println("Stock QTY : " + StockQty): null

2018-06-09 16:57:19 - [TEST_STEP][PASSED] - delay: Delayed 2 second(s)

2018-06-09 16:57:21 - [MESSAGE][PASSED] - Delayed 2 second(s)

2018-06-09 16:57:21 - [TEST_STEP][PASSED] - Statement - If (java.lang.String.valueOf(StockQty) >= java.lang.String.valueOf(RequestedQty)): null

2018-06-09 16:57:21 - [TEST_STEP][PASSED] - setText: Text '10' is set on object 'Object Repository/DispensaryToStore/Page_Store/input_txtqty'

2018-06-09 16:57:21 - [MESSAGE][PASSED] - Text '10' is set on object 'Object Repository/DispensaryToStore/Page_Store/input_txtqty'

2018-06-09 16:57:21 - [TEST_STEP][PASSED] - click: Object: 'Object Repository/DispensaryToStore/Page_Store/button_Add' is clicked on

2018-06-09 16:57:21 - [MESSAGE][PASSED] - Object: 'Object Repository/DispensaryToStore/Page_Store/button_Add' is clicked on

2018-06-09 16:57:21 - [TEST_STEP][PASSED] - Statement - Break: null

2018-06-09 16:57:21 - [TEST_STEP][PASSED] - selectOptionByIndex: All options with index in [12] are selected on object 'Object Repository/DispensaryToStore/Page_Store/select_--Select--Adernaline 0.'

2018-06-09 16:57:22 - [MESSAGE][PASSED] - All options with index in [12] are selected on object 'Object Repository/DispensaryToStore/Page_Store/select_--Select--Adernaline 0.'

2018-06-09 16:57:22 - [TEST_STEP][PASSED] - delay: Delayed 2 second(s)

2018-06-09 16:57:24 - [MESSAGE][PASSED] - Delayed 2 second(s)

2018-06-09 16:57:24 - [TEST_STEP][PASSED] - Statement - RequestedQty = com.kms.katalon.core.webui.keyword.WebUiBuiltInKeywords.getAttribute(com.kms.katalon.core.testobject.ObjectRepository.findTestObject(DispensaryToStore/Page_Store/input_txttotal), "value"): Attribute 'value' of object 'Object Repository/DispensaryToStore/Page_Store/input_txttotal' is: '10'

2018-06-09 16:57:24 - [MESSAGE][PASSED] - Attribute 'value' of object 'Object Repository/DispensaryToStore/Page_Store/input_txttotal' is: '10'

2018-06-09 16:57:24 - [TEST_STEP][PASSED] - Statement - out.println("Requested QTY : " + RequestedQty): null

2018-06-09 16:57:24 - [TEST_STEP][PASSED] - Statement - BatchNumber = com.kms.katalon.core.webui.keyword.WebUiBuiltInKeywords.getNumberOfTotalOption(com.kms.katalon.core.testobject.ObjectRepository.findTestObject(DispensaryToStore/Page_Store/select_--Select--BA1170BA2376B)): 3 options of object 'Object Repository/DispensaryToStore/Page_Store/select_--Select--BA1170BA2376B' counted

2018-06-09 16:57:24 - [MESSAGE][PASSED] - 3 options of object 'Object Repository/DispensaryToStore/Page_Store/select_--Select--BA1170BA2376B' counted

2018-06-09 16:57:24 - [TEST_STEP][PASSED] - Statement - For ([g = 1, g <= BatchNumber - 1, (g++)]): null

2018-06-09 16:57:24 - [TEST_STEP][PASSED] - selectOptionByIndex: All options with index in [1] are selected on object 'Object Repository/DispensaryToStore/Page_Store/select_--Select--BA1170BA2376B'

2018-06-09 16:57:24 - [MESSAGE][PASSED] - All options with index in [1] are selected on object 'Object Repository/DispensaryToStore/Page_Store/select_--Select--BA1170BA2376B'

2018-06-09 16:57:24 - [TEST_STEP][PASSED] - Statement - Try: null

2018-06-09 16:57:24 - [TEST_STEP][PASSED] - Statement - StockQty = com.kms.katalon.core.webui.keyword.WebUiBuiltInKeywords.getAttribute(com.kms.katalon.core.testobject.ObjectRepository.findTestObject(DispensaryToStore/Page_Store/input_txtprice), "value"): Attribute 'value' of object 'Object Repository/DispensaryToStore/Page_Store/input_txtprice' is: '150'

2018-06-09 16:57:24 - [MESSAGE][PASSED] - Attribute 'value' of object 'Object Repository/DispensaryToStore/Page_Store/input_txtprice' is: '150'

2018-06-09 16:57:24 - [TEST_STEP][PASSED] - Statement - out.println("Stock QTY : " + StockQty): null

2018-06-09 16:57:24 - [TEST_STEP][PASSED] - delay: Delayed 2 second(s)

2018-06-09 16:57:26 - [MESSAGE][PASSED] - Delayed 2 second(s)

2018-06-09 16:57:26 - [TEST_STEP][PASSED] - Statement - If (java.lang.String.valueOf(StockQty) >= java.lang.String.valueOf(RequestedQty)): null

2018-06-09 16:57:26 - [TEST_STEP][PASSED] - setText: Text '10' is set on object 'Object Repository/DispensaryToStore/Page_Store/input_txtqty'

2018-06-09 16:57:26 - [MESSAGE][PASSED] - Text '10' is set on object 'Object Repository/DispensaryToStore/Page_Store/input_txtqty'

2018-06-09 16:57:26 - [TEST_STEP][PASSED] - click: Object: 'Object Repository/DispensaryToStore/Page_Store/button_Add' is clicked on

2018-06-09 16:57:26 - [MESSAGE][PASSED] - Object: 'Object Repository/DispensaryToStore/Page_Store/button_Add' is clicked on

2018-06-09 16:57:26 - [TEST_STEP][PASSED] - Statement - Break: null

2018-06-09 16:57:26 - [TEST_STEP][PASSED] - selectOptionByIndex: All options with index in [13] are selected on object 'Object Repository/DispensaryToStore/Page_Store/select_--Select--Adernaline 0.'

2018-06-09 16:57:26 - [MESSAGE][PASSED] - All options with index in [13] are selected on object 'Object Repository/DispensaryToStore/Page_Store/select_--Select--Adernaline 0.'

2018-06-09 16:57:26 - [TEST_STEP][PASSED] - delay: Delayed 2 second(s)

2018-06-09 16:57:28 - [MESSAGE][PASSED] - Delayed 2 second(s)

2018-06-09 16:57:28 - [TEST_STEP][PASSED] - Statement - RequestedQty = com.kms.katalon.core.webui.keyword.WebUiBuiltInKeywords.getAttribute(com.kms.katalon.core.testobject.ObjectRepository.findTestObject(DispensaryToStore/Page_Store/input_txttotal), "value"): Attribute 'value' of object 'Object Repository/DispensaryToStore/Page_Store/input_txttotal' is: '10'

2018-06-09 16:57:28 - [MESSAGE][PASSED] - Attribute 'value' of object 'Object Repository/DispensaryToStore/Page_Store/input_txttotal' is: '10'

2018-06-09 16:57:28 - [TEST_STEP][PASSED] - Statement - out.println("Requested QTY : " + RequestedQty): null

2018-06-09 16:57:28 - [TEST_STEP][PASSED] - Statement - BatchNumber = com.kms.katalon.core.webui.keyword.WebUiBuiltInKeywords.getNumberOfTotalOption(com.kms.katalon.core.testobject.ObjectRepository.findTestObject(DispensaryToStore/Page_Store/select_--Select--BA1170BA2376B)): 3 options of object 'Object Repository/DispensaryToStore/Page_Store/select_--Select--BA1170BA2376B' counted

2018-06-09 16:57:28 - [MESSAGE][PASSED] - 3 options of object 'Object Repository/DispensaryToStore/Page_Store/select_--Select--BA1170BA2376B' counted

2018-06-09 16:57:28 - [TEST_STEP][PASSED] - Statement - For ([g = 1, g <= BatchNumber - 1, (g++)]): null

2018-06-09 16:57:28 - [TEST_STEP][PASSED] - selectOptionByIndex: All options with index in [1] are selected on object 'Object Repository/DispensaryToStore/Page_Store/select_--Select--BA1170BA2376B'

2018-06-09 16:57:29 - [MESSAGE][PASSED] - All options with index in [1] are selected on object 'Object Repository/DispensaryToStore/Page_Store/select_--Select--BA1170BA2376B'

2018-06-09 16:57:29 - [TEST_STEP][PASSED] - Statement - Try: null

2018-06-09 16:57:29 - [TEST_STEP][PASSED] - Statement - StockQty = com.kms.katalon.core.webui.keyword.WebUiBuiltInKeywords.getAttribute(com.kms.katalon.core.testobject.ObjectRepository.findTestObject(DispensaryToStore/Page_Store/input_txtprice), "value"): Attribute 'value' of object 'Object Repository/DispensaryToStore/Page_Store/input_txtprice' is: '1440'

2018-06-09 16:57:29 - [MESSAGE][PASSED] - Attribute 'value' of object 'Object Repository/DispensaryToStore/Page_Store/input_txtprice' is: '1440'

2018-06-09 16:57:29 - [TEST_STEP][PASSED] - Statement - out.println("Stock QTY : " + StockQty): null

2018-06-09 16:57:29 - [TEST_STEP][PASSED] - delay: Delayed 2 second(s)

2018-06-09 16:57:31 - [MESSAGE][PASSED] - Delayed 2 second(s)

2018-06-09 16:57:31 - [TEST_STEP][PASSED] - Statement - If (java.lang.String.valueOf(StockQty) >= java.lang.String.valueOf(RequestedQty)): null

2018-06-09 16:57:31 - [TEST_STEP][PASSED] - setText: Text '10' is set on object 'Object Repository/DispensaryToStore/Page_Store/input_txtqty'

2018-06-09 16:57:31 - [MESSAGE][PASSED] - Text '10' is set on object 'Object Repository/DispensaryToStore/Page_Store/input_txtqty'

2018-06-09 16:57:31 - [TEST_STEP][PASSED] - click: Object: 'Object Repository/DispensaryToStore/Page_Store/button_Add' is clicked on

2018-06-09 16:57:31 - [MESSAGE][PASSED] - Object: 'Object Repository/DispensaryToStore/Page_Store/button_Add' is clicked on

2018-06-09 16:57:31 - [TEST_STEP][PASSED] - Statement - Break: null

2018-06-09 16:57:31 - [TEST_STEP][PASSED] - selectOptionByIndex: All options with index in [14] are selected on object 'Object Repository/DispensaryToStore/Page_Store/select_--Select--Adernaline 0.'

2018-06-09 16:57:31 - [MESSAGE][PASSED] - All options with index in [14] are selected on object 'Object Repository/DispensaryToStore/Page_Store/select_--Select--Adernaline 0.'

2018-06-09 16:57:31 - [TEST_STEP][PASSED] - delay: Delayed 2 second(s)

2018-06-09 16:57:33 - [MESSAGE][PASSED] - Delayed 2 second(s)

2018-06-09 16:57:33 - [TEST_STEP][PASSED] - Statement - RequestedQty = com.kms.katalon.core.webui.keyword.WebUiBuiltInKeywords.getAttribute(com.kms.katalon.core.testobject.ObjectRepository.findTestObject(DispensaryToStore/Page_Store/input_txttotal), "value"): Attribute 'value' of object 'Object Repository/DispensaryToStore/Page_Store/input_txttotal' is: '10'

2018-06-09 16:57:33 - [MESSAGE][PASSED] - Attribute 'value' of object 'Object Repository/DispensaryToStore/Page_Store/input_txttotal' is: '10'

2018-06-09 16:57:33 - [TEST_STEP][PASSED] - Statement - out.println("Requested QTY : " + RequestedQty): null

2018-06-09 16:57:33 - [TEST_STEP][PASSED] - Statement - BatchNumber = com.kms.katalon.core.webui.keyword.WebUiBuiltInKeywords.getNumberOfTotalOption(com.kms.katalon.core.testobject.ObjectRepository.findTestObject(DispensaryToStore/Page_Store/select_--Select--BA1170BA2376B)): 4 options of object 'Object Repository/DispensaryToStore/Page_Store/select_--Select--BA1170BA2376B' counted

2018-06-09 16:57:33 - [MESSAGE][PASSED] - 4 options of object 'Object Repository/DispensaryToStore/Page_Store/select_--Select--BA1170BA2376B' counted

2018-06-09 16:57:33 - [TEST_STEP][PASSED] - Statement - For ([g = 1, g <= BatchNumber - 1, (g++)]): null

2018-06-09 16:57:33 - [TEST_STEP][PASSED] - selectOptionByIndex: All options with index in [1] are selected on object 'Object Repository/DispensaryToStore/Page_Store/select_--Select--BA1170BA2376B'

2018-06-09 16:57:33 - [MESSAGE][PASSED] - All options with index in [1] are selected on object 'Object Repository/DispensaryToStore/Page_Store/select_--Select--BA1170BA2376B'

2018-06-09 16:57:33 - [TEST_STEP][PASSED] - Statement - Try: null

2018-06-09 16:57:33 - [TEST_STEP][PASSED] - Statement - StockQty = com.kms.katalon.core.webui.keyword.WebUiBuiltInKeywords.getAttribute(com.kms.katalon.core.testobject.ObjectRepository.findTestObject(DispensaryToStore/Page_Store/input_txtprice), "value"): Attribute 'value' of object 'Object Repository/DispensaryToStore/Page_Store/input_txtprice' is: '200'

2018-06-09 16:57:33 - [MESSAGE][PASSED] - Attribute 'value' of object 'Object Repository/DispensaryToStore/Page_Store/input_txtprice' is: '200'

2018-06-09 16:57:33 - [TEST_STEP][PASSED] - Statement - out.println("Stock QTY : " + StockQty): null

2018-06-09 16:57:33 - [TEST_STEP][PASSED] - delay: Delayed 2 second(s)

2018-06-09 16:57:35 - [MESSAGE][PASSED] - Delayed 2 second(s)

2018-06-09 16:57:35 - [TEST_STEP][PASSED] - Statement - If (java.lang.String.valueOf(StockQty) >= java.lang.String.valueOf(RequestedQty)): null

2018-06-09 16:57:35 - [TEST_STEP][PASSED] - setText: Text '10' is set on object 'Object Repository/DispensaryToStore/Page_Store/input_txtqty'

2018-06-09 16:57:35 - [MESSAGE][PASSED] - Text '10' is set on object 'Object Repository/DispensaryToStore/Page_Store/input_txtqty'

2018-06-09 16:57:35 - [TEST_STEP][PASSED] - click: Object: 'Object Repository/DispensaryToStore/Page_Store/button_Add' is clicked on

2018-06-09 16:57:35 - [MESSAGE][PASSED] - Object: 'Object Repository/DispensaryToStore/Page_Store/button_Add' is clicked on

2018-06-09 16:57:35 - [TEST_STEP][PASSED] - Statement - Break: null

2018-06-09 16:57:35 - [TEST_STEP][PASSED] - selectOptionByIndex: All options with index in [15] are selected on object 'Object Repository/DispensaryToStore/Page_Store/select_--Select--Adernaline 0.'

2018-06-09 16:57:36 - [MESSAGE][PASSED] - All options with index in [15] are selected on object 'Object Repository/DispensaryToStore/Page_Store/select_--Select--Adernaline 0.'

2018-06-09 16:57:36 - [TEST_STEP][PASSED] - delay: Delayed 2 second(s)

2018-06-09 16:57:38 - [MESSAGE][PASSED] - Delayed 2 second(s)

2018-06-09 16:57:38 - [TEST_STEP][PASSED] - Statement - RequestedQty = com.kms.katalon.core.webui.keyword.WebUiBuiltInKeywords.getAttribute(com.kms.katalon.core.testobject.ObjectRepository.findTestObject(DispensaryToStore/Page_Store/input_txttotal), "value"): Attribute 'value' of object 'Object Repository/DispensaryToStore/Page_Store/input_txttotal' is: '10'

2018-06-09 16:57:38 - [MESSAGE][PASSED] - Attribute 'value' of object 'Object Repository/DispensaryToStore/Page_Store/input_txttotal' is: '10'

2018-06-09 16:57:38 - [TEST_STEP][PASSED] - Statement - out.println("Requested QTY : " + RequestedQty): null

2018-06-09 16:57:38 - [TEST_STEP][PASSED] - Statement - BatchNumber = com.kms.katalon.core.webui.keyword.WebUiBuiltInKeywords.getNumberOfTotalOption(com.kms.katalon.core.testobject.ObjectRepository.findTestObject(DispensaryToStore/Page_Store/select_--Select--BA1170BA2376B)): 5 options of object 'Object Repository/DispensaryToStore/Page_Store/select_--Select--BA1170BA2376B' counted

2018-06-09 16:57:38 - [MESSAGE][PASSED] - 5 options of object 'Object Repository/DispensaryToStore/Page_Store/select_--Select--BA1170BA2376B' counted

2018-06-09 16:57:38 - [TEST_STEP][PASSED] - Statement - For ([g = 1, g <= BatchNumber - 1, (g++)]): null

2018-06-09 16:57:38 - [TEST_STEP][PASSED] - selectOptionByIndex: All options with index in [1] are selected on object 'Object Repository/DispensaryToStore/Page_Store/select_--Select--BA1170BA2376B'

2018-06-09 16:57:38 - [MESSAGE][PASSED] - All options with index in [1] are selected on object 'Object Repository/DispensaryToStore/Page_Store/select_--Select--BA1170BA2376B'

2018-06-09 16:57:38 - [TEST_STEP][PASSED] - Statement - Try: null

2018-06-09 16:57:38 - [TEST_STEP][PASSED] - Statement - StockQty = com.kms.katalon.core.webui.keyword.WebUiBuiltInKeywords.getAttribute(com.kms.katalon.core.testobject.ObjectRepository.findTestObject(DispensaryToStore/Page_Store/input_txtprice), "value"): Attribute 'value' of object 'Object Repository/DispensaryToStore/Page_Store/input_txtprice' is: '520'

2018-06-09 16:57:38 - [MESSAGE][PASSED] - Attribute 'value' of object 'Object Repository/DispensaryToStore/Page_Store/input_txtprice' is: '520'

2018-06-09 16:57:38 - [TEST_STEP][PASSED] - Statement - out.println("Stock QTY : " + StockQty): null

2018-06-09 16:57:38 - [TEST_STEP][PASSED] - delay: Delayed 2 second(s)

2018-06-09 16:57:40 - [MESSAGE][PASSED] - Delayed 2 second(s)

2018-06-09 16:57:40 - [TEST_STEP][PASSED] - Statement - If (java.lang.String.valueOf(StockQty) >= java.lang.String.valueOf(RequestedQty)): null

2018-06-09 16:57:40 - [TEST_STEP][PASSED] - setText: Text '10' is set on object 'Object Repository/DispensaryToStore/Page_Store/input_txtqty'

2018-06-09 16:57:40 - [MESSAGE][PASSED] - Text '10' is set on object 'Object Repository/DispensaryToStore/Page_Store/input_txtqty'

2018-06-09 16:57:40 - [TEST_STEP][PASSED] - click: Object: 'Object Repository/DispensaryToStore/Page_Store/button_Add' is clicked on

2018-06-09 16:57:40 - [MESSAGE][PASSED] - Object: 'Object Repository/DispensaryToStore/Page_Store/button_Add' is clicked on

2018-06-09 16:57:40 - [TEST_STEP][PASSED] - Statement - Break: null

2018-06-09 16:57:40 - [TEST_STEP][PASSED] - scrollToElement: Scroll to object 'Object Repository/DispensaryToStore/Page_Store/input_btnSubmit' successfully

2018-06-09 16:57:40 - [MESSAGE][PASSED] - Scroll to object 'Object Repository/DispensaryToStore/Page_Store/input_btnSubmit' successfully

2018-06-09 16:57:40 - [TEST_STEP][PASSED] - click: Object: 'Object Repository/DispensaryToStore/Page_Store/input_btnSubmit' is clicked on

2018-06-09 16:57:40 - [MESSAGE][PASSED] - Object: 'Object Repository/DispensaryToStore/Page_Store/input_btnSubmit' is clicked on

2018-06-09 16:57:40 - [TEST_STEP][PASSED] - delay: Delayed 3 second(s)

2018-06-09 16:57:43 - [MESSAGE][PASSED] - Delayed 3 second(s)

2018-06-09 16:57:43 - [TEST_STEP][PASSED] - click: Object: 'Object Repository/DispensaryToStore/Page_Store/button_OK' is clicked on

2018-06-09 16:57:44 - [MESSAGE][PASSED] - Object: 'Object Repository/DispensaryToStore/Page_Store/button_OK' is clicked on

2018-06-09 16:57:44 - [TEST_STEP][PASSED] - delay: Delayed 3 second(s)

2018-06-09 16:57:47 - [MESSAGE][PASSED] - Delayed 3 second(s)

2018-06-09 16:57:47 - [TEST_STEP][PASSED] - waitForElementPresent: Object 'Object Repository/DispensaryToStore/Page_Dispensary Store/a_dropdown-toggle' is present

2018-06-09 16:57:47 - [MESSAGE][PASSED] - Object 'Object Repository/DispensaryToStore/Page_Dispensary Store/a_dropdown-toggle' is present

2018-06-09 16:57:47 - [TEST_STEP][PASSED] - click: Object: 'Object Repository/DispensaryToStore/Page_Store/a_dropdown-toggle' is clicked on

2018-06-09 16:57:48 - [MESSAGE][PASSED] - Object: 'Object Repository/DispensaryToStore/Page_Store/a_dropdown-toggle' is clicked on

2018-06-09 16:57:48 - [TEST_STEP][PASSED] - click: Object: 'Object Repository/DispensaryToStore/Page_Store/a_Sign out' is clicked on

2018-06-09 16:57:48 - [MESSAGE][PASSED] - Object: 'Object Repository/DispensaryToStore/Page_Store/a_Sign out' is clicked on

2018-06-09 16:57:48 - [TEST_STEP][PASSED] - closeBrowser: Browser is closed

2018-06-09 16:57:49 - [MESSAGE][PASSED] - Browser is closed]]></system-out>
         <system-err><![CDATA[]]></system-err>
      </testcase>
      <testcase name="Test Cases/DISPENSARY TEST CASES/TC_DP_005 Verify Schedule 5 Dispensary Request Are Working Successfully Or Not" classname="Test Cases/DISPENSARY TEST CASES/TC_DP_005 Verify Schedule 5 Dispensary Request Are Working Successfully Or Not" status="PASSED">
         <system-out><![CDATA[2018-06-09 16:57:49 - [TEST_CASE][PASSED] - Test Cases/DISPENSARY TEST CASES/TC_DP_005 Verify Schedule 5 Dispensary Request Are Working Successfully Or Not: Test Cases/DISPENSARY TEST CASES/TC_DP_005 Verify Schedule 5 Dispensary Request Are Working Successfully Or Not

2018-06-09 16:57:49 - [TEST_STEP][PASSED] - openBrowser: Browser is opened with url: ''

2018-06-09 16:57:51 - [MESSAGE][PASSED] - Browser is opened with url: ''

2018-06-09 16:57:51 - [TEST_STEP][PASSED] - navigateToUrl: Navigate to 'http://192.168.137.1/multihospital_new/HDSplashscreen.aspx' successfully

2018-06-09 16:57:53 - [MESSAGE][PASSED] - Navigate to 'http://192.168.137.1/multihospital_new/HDSplashscreen.aspx' successfully

2018-06-09 16:57:53 - [TEST_STEP][PASSED] - maximizeWindow: Current window maximized

2018-06-09 16:57:54 - [MESSAGE][PASSED] - Current window maximized

2018-06-09 16:57:54 - [TEST_STEP][PASSED] - click: Object: 'Object Repository/DispensaryToStore/Page_KDMC/a_Dispensary Store' is clicked on

2018-06-09 16:57:55 - [MESSAGE][PASSED] - Object: 'Object Repository/DispensaryToStore/Page_KDMC/a_Dispensary Store' is clicked on

2018-06-09 16:57:55 - [TEST_STEP][PASSED] - setText: Text 'rajaram' is set on object 'Object Repository/DispensaryToStore/Page_Dispensary Store Login/input_txtusername'

2018-06-09 16:57:55 - [MESSAGE][PASSED] - Text 'rajaram' is set on object 'Object Repository/DispensaryToStore/Page_Dispensary Store Login/input_txtusername'

2018-06-09 16:57:55 - [TEST_STEP][PASSED] - setText: Text '123' is set on object 'Object Repository/DispensaryToStore/Page_Dispensary Store Login/input_txtpassword'

2018-06-09 16:57:56 - [MESSAGE][PASSED] - Text '123' is set on object 'Object Repository/DispensaryToStore/Page_Dispensary Store Login/input_txtpassword'

2018-06-09 16:57:56 - [TEST_STEP][PASSED] - delay: Delayed 3 second(s)

2018-06-09 16:57:59 - [MESSAGE][PASSED] - Delayed 3 second(s)

2018-06-09 16:57:59 - [TEST_STEP][PASSED] - sendKeys: Keys 'ENTER + ' sent to object: 'Object Repository/DispensaryToStore/Page_Dispensary Store Login/input_txtpassword'

2018-06-09 16:57:59 - [MESSAGE][PASSED] - Keys 'ENTER + ' sent to object: 'Object Repository/DispensaryToStore/Page_Dispensary Store Login/input_txtpassword'

2018-06-09 16:57:59 - [TEST_STEP][PASSED] - delay: Delayed 3 second(s)

2018-06-09 16:58:02 - [MESSAGE][PASSED] - Delayed 3 second(s)

2018-06-09 16:58:02 - [TEST_STEP][PASSED] - click: Object: 'Object Repository/DispensaryToStore/Page_Dispensary Store/a_Request to Store' is clicked on

2018-06-09 16:58:02 - [MESSAGE][PASSED] - Object: 'Object Repository/DispensaryToStore/Page_Dispensary Store/a_Request to Store' is clicked on

2018-06-09 16:58:02 - [TEST_STEP][PASSED] - click: Object: 'Object Repository/DispensaryToStore/Page_Dispensary Store/a_Medicine Request' is clicked on

2018-06-09 16:58:03 - [MESSAGE][PASSED] - Object: 'Object Repository/DispensaryToStore/Page_Dispensary Store/a_Medicine Request' is clicked on

2018-06-09 16:58:03 - [TEST_STEP][PASSED] - selectOptionByIndex: All options with index in [5] are selected on object 'Object Repository/DispensaryToStore/Page_Dispensary Store/select_--Select--Schedule 1Inj'

2018-06-09 16:58:03 - [MESSAGE][PASSED] - All options with index in [5] are selected on object 'Object Repository/DispensaryToStore/Page_Dispensary Store/select_--Select--Schedule 1Inj'

2018-06-09 16:58:03 - [TEST_STEP][PASSED] - Statement - medicineslength = com.kms.katalon.core.webui.keyword.WebUiBuiltInKeywords.getNumberOfTotalOption(com.kms.katalon.core.testobject.ObjectRepository.findTestObject(DispensaryToStore/Page_Dispensary Store/select_--Select--Adernaline 0.)): 17 options of object 'Object Repository/DispensaryToStore/Page_Dispensary Store/select_--Select--Adernaline 0.' counted

2018-06-09 16:58:04 - [MESSAGE][PASSED] - 17 options of object 'Object Repository/DispensaryToStore/Page_Dispensary Store/select_--Select--Adernaline 0.' counted

2018-06-09 16:58:04 - [TEST_STEP][PASSED] - Statement - For ([e = 1, e <= medicineslength - 1, (e++)]): Object: 'Object Repository/DispensaryToStore/Page_Dispensary Store/button_Add' is clicked on

2018-06-09 16:58:04 - [TEST_STEP][PASSED] - selectOptionByIndex: All options with index in [5] are selected on object 'Object Repository/DispensaryToStore/Page_Dispensary Store/select_--Select--Schedule 1Inj'

2018-06-09 16:58:04 - [MESSAGE][PASSED] - All options with index in [5] are selected on object 'Object Repository/DispensaryToStore/Page_Dispensary Store/select_--Select--Schedule 1Inj'

2018-06-09 16:58:04 - [TEST_STEP][PASSED] - selectOptionByIndex: All options with index in [1] are selected on object 'Object Repository/DispensaryToStore/Page_Dispensary Store/select_--Select--Adernaline 0.'

2018-06-09 16:58:04 - [MESSAGE][PASSED] - All options with index in [1] are selected on object 'Object Repository/DispensaryToStore/Page_Dispensary Store/select_--Select--Adernaline 0.'

2018-06-09 16:58:04 - [TEST_STEP][PASSED] - setText: Text '10' is set on object 'Object Repository/DispensaryToStore/Page_Dispensary Store/input_txttreat'

2018-06-09 16:58:04 - [MESSAGE][PASSED] - Text '10' is set on object 'Object Repository/DispensaryToStore/Page_Dispensary Store/input_txttreat'

2018-06-09 16:58:04 - [TEST_STEP][PASSED] - click: Object: 'Object Repository/DispensaryToStore/Page_Dispensary Store/button_Add' is clicked on

2018-06-09 16:58:04 - [MESSAGE][PASSED] - Object: 'Object Repository/DispensaryToStore/Page_Dispensary Store/button_Add' is clicked on

2018-06-09 16:58:04 - [TEST_STEP][PASSED] - selectOptionByIndex: All options with index in [5] are selected on object 'Object Repository/DispensaryToStore/Page_Dispensary Store/select_--Select--Schedule 1Inj'

2018-06-09 16:58:04 - [MESSAGE][PASSED] - All options with index in [5] are selected on object 'Object Repository/DispensaryToStore/Page_Dispensary Store/select_--Select--Schedule 1Inj'

2018-06-09 16:58:04 - [TEST_STEP][PASSED] - selectOptionByIndex: All options with index in [2] are selected on object 'Object Repository/DispensaryToStore/Page_Dispensary Store/select_--Select--Adernaline 0.'

2018-06-09 16:58:04 - [MESSAGE][PASSED] - All options with index in [2] are selected on object 'Object Repository/DispensaryToStore/Page_Dispensary Store/select_--Select--Adernaline 0.'

2018-06-09 16:58:04 - [TEST_STEP][PASSED] - setText: Text '10' is set on object 'Object Repository/DispensaryToStore/Page_Dispensary Store/input_txttreat'

2018-06-09 16:58:05 - [MESSAGE][PASSED] - Text '10' is set on object 'Object Repository/DispensaryToStore/Page_Dispensary Store/input_txttreat'

2018-06-09 16:58:05 - [TEST_STEP][PASSED] - click: Object: 'Object Repository/DispensaryToStore/Page_Dispensary Store/button_Add' is clicked on

2018-06-09 16:58:05 - [MESSAGE][PASSED] - Object: 'Object Repository/DispensaryToStore/Page_Dispensary Store/button_Add' is clicked on

2018-06-09 16:58:05 - [TEST_STEP][PASSED] - selectOptionByIndex: All options with index in [5] are selected on object 'Object Repository/DispensaryToStore/Page_Dispensary Store/select_--Select--Schedule 1Inj'

2018-06-09 16:58:05 - [MESSAGE][PASSED] - All options with index in [5] are selected on object 'Object Repository/DispensaryToStore/Page_Dispensary Store/select_--Select--Schedule 1Inj'

2018-06-09 16:58:05 - [TEST_STEP][PASSED] - selectOptionByIndex: All options with index in [3] are selected on object 'Object Repository/DispensaryToStore/Page_Dispensary Store/select_--Select--Adernaline 0.'

2018-06-09 16:58:05 - [MESSAGE][PASSED] - All options with index in [3] are selected on object 'Object Repository/DispensaryToStore/Page_Dispensary Store/select_--Select--Adernaline 0.'

2018-06-09 16:58:05 - [TEST_STEP][PASSED] - setText: Text '10' is set on object 'Object Repository/DispensaryToStore/Page_Dispensary Store/input_txttreat'

2018-06-09 16:58:05 - [MESSAGE][PASSED] - Text '10' is set on object 'Object Repository/DispensaryToStore/Page_Dispensary Store/input_txttreat'

2018-06-09 16:58:05 - [TEST_STEP][PASSED] - click: Object: 'Object Repository/DispensaryToStore/Page_Dispensary Store/button_Add' is clicked on

2018-06-09 16:58:05 - [MESSAGE][PASSED] - Object: 'Object Repository/DispensaryToStore/Page_Dispensary Store/button_Add' is clicked on

2018-06-09 16:58:05 - [TEST_STEP][PASSED] - selectOptionByIndex: All options with index in [5] are selected on object 'Object Repository/DispensaryToStore/Page_Dispensary Store/select_--Select--Schedule 1Inj'

2018-06-09 16:58:05 - [MESSAGE][PASSED] - All options with index in [5] are selected on object 'Object Repository/DispensaryToStore/Page_Dispensary Store/select_--Select--Schedule 1Inj'

2018-06-09 16:58:05 - [TEST_STEP][PASSED] - selectOptionByIndex: All options with index in [4] are selected on object 'Object Repository/DispensaryToStore/Page_Dispensary Store/select_--Select--Adernaline 0.'

2018-06-09 16:58:06 - [MESSAGE][PASSED] - All options with index in [4] are selected on object 'Object Repository/DispensaryToStore/Page_Dispensary Store/select_--Select--Adernaline 0.'

2018-06-09 16:58:06 - [TEST_STEP][PASSED] - setText: Text '10' is set on object 'Object Repository/DispensaryToStore/Page_Dispensary Store/input_txttreat'

2018-06-09 16:58:06 - [MESSAGE][PASSED] - Text '10' is set on object 'Object Repository/DispensaryToStore/Page_Dispensary Store/input_txttreat'

2018-06-09 16:58:06 - [TEST_STEP][PASSED] - click: Object: 'Object Repository/DispensaryToStore/Page_Dispensary Store/button_Add' is clicked on

2018-06-09 16:58:06 - [MESSAGE][PASSED] - Object: 'Object Repository/DispensaryToStore/Page_Dispensary Store/button_Add' is clicked on

2018-06-09 16:58:06 - [TEST_STEP][PASSED] - selectOptionByIndex: All options with index in [5] are selected on object 'Object Repository/DispensaryToStore/Page_Dispensary Store/select_--Select--Schedule 1Inj'

2018-06-09 16:58:06 - [MESSAGE][PASSED] - All options with index in [5] are selected on object 'Object Repository/DispensaryToStore/Page_Dispensary Store/select_--Select--Schedule 1Inj'

2018-06-09 16:58:06 - [TEST_STEP][PASSED] - selectOptionByIndex: All options with index in [5] are selected on object 'Object Repository/DispensaryToStore/Page_Dispensary Store/select_--Select--Adernaline 0.'

2018-06-09 16:58:06 - [MESSAGE][PASSED] - All options with index in [5] are selected on object 'Object Repository/DispensaryToStore/Page_Dispensary Store/select_--Select--Adernaline 0.'

2018-06-09 16:58:06 - [TEST_STEP][PASSED] - setText: Text '10' is set on object 'Object Repository/DispensaryToStore/Page_Dispensary Store/input_txttreat'

2018-06-09 16:58:06 - [MESSAGE][PASSED] - Text '10' is set on object 'Object Repository/DispensaryToStore/Page_Dispensary Store/input_txttreat'

2018-06-09 16:58:06 - [TEST_STEP][PASSED] - click: Object: 'Object Repository/DispensaryToStore/Page_Dispensary Store/button_Add' is clicked on

2018-06-09 16:58:06 - [MESSAGE][PASSED] - Object: 'Object Repository/DispensaryToStore/Page_Dispensary Store/button_Add' is clicked on

2018-06-09 16:58:06 - [TEST_STEP][PASSED] - selectOptionByIndex: All options with index in [5] are selected on object 'Object Repository/DispensaryToStore/Page_Dispensary Store/select_--Select--Schedule 1Inj'

2018-06-09 16:58:07 - [MESSAGE][PASSED] - All options with index in [5] are selected on object 'Object Repository/DispensaryToStore/Page_Dispensary Store/select_--Select--Schedule 1Inj'

2018-06-09 16:58:07 - [TEST_STEP][PASSED] - selectOptionByIndex: All options with index in [6] are selected on object 'Object Repository/DispensaryToStore/Page_Dispensary Store/select_--Select--Adernaline 0.'

2018-06-09 16:58:07 - [MESSAGE][PASSED] - All options with index in [6] are selected on object 'Object Repository/DispensaryToStore/Page_Dispensary Store/select_--Select--Adernaline 0.'

2018-06-09 16:58:07 - [TEST_STEP][PASSED] - setText: Text '10' is set on object 'Object Repository/DispensaryToStore/Page_Dispensary Store/input_txttreat'

2018-06-09 16:58:07 - [MESSAGE][PASSED] - Text '10' is set on object 'Object Repository/DispensaryToStore/Page_Dispensary Store/input_txttreat'

2018-06-09 16:58:07 - [TEST_STEP][PASSED] - click: Object: 'Object Repository/DispensaryToStore/Page_Dispensary Store/button_Add' is clicked on

2018-06-09 16:58:07 - [MESSAGE][PASSED] - Object: 'Object Repository/DispensaryToStore/Page_Dispensary Store/button_Add' is clicked on

2018-06-09 16:58:07 - [TEST_STEP][PASSED] - selectOptionByIndex: All options with index in [5] are selected on object 'Object Repository/DispensaryToStore/Page_Dispensary Store/select_--Select--Schedule 1Inj'

2018-06-09 16:58:07 - [MESSAGE][PASSED] - All options with index in [5] are selected on object 'Object Repository/DispensaryToStore/Page_Dispensary Store/select_--Select--Schedule 1Inj'

2018-06-09 16:58:07 - [TEST_STEP][PASSED] - selectOptionByIndex: All options with index in [7] are selected on object 'Object Repository/DispensaryToStore/Page_Dispensary Store/select_--Select--Adernaline 0.'

2018-06-09 16:58:07 - [MESSAGE][PASSED] - All options with index in [7] are selected on object 'Object Repository/DispensaryToStore/Page_Dispensary Store/select_--Select--Adernaline 0.'

2018-06-09 16:58:07 - [TEST_STEP][PASSED] - setText: Text '10' is set on object 'Object Repository/DispensaryToStore/Page_Dispensary Store/input_txttreat'

2018-06-09 16:58:07 - [MESSAGE][PASSED] - Text '10' is set on object 'Object Repository/DispensaryToStore/Page_Dispensary Store/input_txttreat'

2018-06-09 16:58:07 - [TEST_STEP][PASSED] - click: Object: 'Object Repository/DispensaryToStore/Page_Dispensary Store/button_Add' is clicked on

2018-06-09 16:58:08 - [MESSAGE][PASSED] - Object: 'Object Repository/DispensaryToStore/Page_Dispensary Store/button_Add' is clicked on

2018-06-09 16:58:08 - [TEST_STEP][PASSED] - selectOptionByIndex: All options with index in [5] are selected on object 'Object Repository/DispensaryToStore/Page_Dispensary Store/select_--Select--Schedule 1Inj'

2018-06-09 16:58:08 - [MESSAGE][PASSED] - All options with index in [5] are selected on object 'Object Repository/DispensaryToStore/Page_Dispensary Store/select_--Select--Schedule 1Inj'

2018-06-09 16:58:08 - [TEST_STEP][PASSED] - selectOptionByIndex: All options with index in [8] are selected on object 'Object Repository/DispensaryToStore/Page_Dispensary Store/select_--Select--Adernaline 0.'

2018-06-09 16:58:08 - [MESSAGE][PASSED] - All options with index in [8] are selected on object 'Object Repository/DispensaryToStore/Page_Dispensary Store/select_--Select--Adernaline 0.'

2018-06-09 16:58:08 - [TEST_STEP][PASSED] - setText: Text '10' is set on object 'Object Repository/DispensaryToStore/Page_Dispensary Store/input_txttreat'

2018-06-09 16:58:08 - [MESSAGE][PASSED] - Text '10' is set on object 'Object Repository/DispensaryToStore/Page_Dispensary Store/input_txttreat'

2018-06-09 16:58:08 - [TEST_STEP][PASSED] - click: Object: 'Object Repository/DispensaryToStore/Page_Dispensary Store/button_Add' is clicked on

2018-06-09 16:58:08 - [MESSAGE][PASSED] - Object: 'Object Repository/DispensaryToStore/Page_Dispensary Store/button_Add' is clicked on

2018-06-09 16:58:08 - [TEST_STEP][PASSED] - selectOptionByIndex: All options with index in [5] are selected on object 'Object Repository/DispensaryToStore/Page_Dispensary Store/select_--Select--Schedule 1Inj'

2018-06-09 16:58:08 - [MESSAGE][PASSED] - All options with index in [5] are selected on object 'Object Repository/DispensaryToStore/Page_Dispensary Store/select_--Select--Schedule 1Inj'

2018-06-09 16:58:08 - [TEST_STEP][PASSED] - selectOptionByIndex: All options with index in [9] are selected on object 'Object Repository/DispensaryToStore/Page_Dispensary Store/select_--Select--Adernaline 0.'

2018-06-09 16:58:09 - [MESSAGE][PASSED] - All options with index in [9] are selected on object 'Object Repository/DispensaryToStore/Page_Dispensary Store/select_--Select--Adernaline 0.'

2018-06-09 16:58:09 - [TEST_STEP][PASSED] - setText: Text '10' is set on object 'Object Repository/DispensaryToStore/Page_Dispensary Store/input_txttreat'

2018-06-09 16:58:09 - [MESSAGE][PASSED] - Text '10' is set on object 'Object Repository/DispensaryToStore/Page_Dispensary Store/input_txttreat'

2018-06-09 16:58:09 - [TEST_STEP][PASSED] - click: Object: 'Object Repository/DispensaryToStore/Page_Dispensary Store/button_Add' is clicked on

2018-06-09 16:58:09 - [MESSAGE][PASSED] - Object: 'Object Repository/DispensaryToStore/Page_Dispensary Store/button_Add' is clicked on

2018-06-09 16:58:09 - [TEST_STEP][PASSED] - selectOptionByIndex: All options with index in [5] are selected on object 'Object Repository/DispensaryToStore/Page_Dispensary Store/select_--Select--Schedule 1Inj'

2018-06-09 16:58:09 - [MESSAGE][PASSED] - All options with index in [5] are selected on object 'Object Repository/DispensaryToStore/Page_Dispensary Store/select_--Select--Schedule 1Inj'

2018-06-09 16:58:09 - [TEST_STEP][PASSED] - selectOptionByIndex: All options with index in [10] are selected on object 'Object Repository/DispensaryToStore/Page_Dispensary Store/select_--Select--Adernaline 0.'

2018-06-09 16:58:09 - [MESSAGE][PASSED] - All options with index in [10] are selected on object 'Object Repository/DispensaryToStore/Page_Dispensary Store/select_--Select--Adernaline 0.'

2018-06-09 16:58:09 - [TEST_STEP][PASSED] - setText: Text '10' is set on object 'Object Repository/DispensaryToStore/Page_Dispensary Store/input_txttreat'

2018-06-09 16:58:09 - [MESSAGE][PASSED] - Text '10' is set on object 'Object Repository/DispensaryToStore/Page_Dispensary Store/input_txttreat'

2018-06-09 16:58:09 - [TEST_STEP][PASSED] - click: Object: 'Object Repository/DispensaryToStore/Page_Dispensary Store/button_Add' is clicked on

2018-06-09 16:58:09 - [MESSAGE][PASSED] - Object: 'Object Repository/DispensaryToStore/Page_Dispensary Store/button_Add' is clicked on

2018-06-09 16:58:09 - [TEST_STEP][PASSED] - selectOptionByIndex: All options with index in [5] are selected on object 'Object Repository/DispensaryToStore/Page_Dispensary Store/select_--Select--Schedule 1Inj'

2018-06-09 16:58:10 - [MESSAGE][PASSED] - All options with index in [5] are selected on object 'Object Repository/DispensaryToStore/Page_Dispensary Store/select_--Select--Schedule 1Inj'

2018-06-09 16:58:10 - [TEST_STEP][PASSED] - selectOptionByIndex: All options with index in [11] are selected on object 'Object Repository/DispensaryToStore/Page_Dispensary Store/select_--Select--Adernaline 0.'

2018-06-09 16:58:10 - [MESSAGE][PASSED] - All options with index in [11] are selected on object 'Object Repository/DispensaryToStore/Page_Dispensary Store/select_--Select--Adernaline 0.'

2018-06-09 16:58:10 - [TEST_STEP][PASSED] - setText: Text '10' is set on object 'Object Repository/DispensaryToStore/Page_Dispensary Store/input_txttreat'

2018-06-09 16:58:10 - [MESSAGE][PASSED] - Text '10' is set on object 'Object Repository/DispensaryToStore/Page_Dispensary Store/input_txttreat'

2018-06-09 16:58:10 - [TEST_STEP][PASSED] - click: Object: 'Object Repository/DispensaryToStore/Page_Dispensary Store/button_Add' is clicked on

2018-06-09 16:58:10 - [MESSAGE][PASSED] - Object: 'Object Repository/DispensaryToStore/Page_Dispensary Store/button_Add' is clicked on

2018-06-09 16:58:10 - [TEST_STEP][PASSED] - selectOptionByIndex: All options with index in [5] are selected on object 'Object Repository/DispensaryToStore/Page_Dispensary Store/select_--Select--Schedule 1Inj'

2018-06-09 16:58:10 - [MESSAGE][PASSED] - All options with index in [5] are selected on object 'Object Repository/DispensaryToStore/Page_Dispensary Store/select_--Select--Schedule 1Inj'

2018-06-09 16:58:10 - [TEST_STEP][PASSED] - selectOptionByIndex: All options with index in [12] are selected on object 'Object Repository/DispensaryToStore/Page_Dispensary Store/select_--Select--Adernaline 0.'

2018-06-09 16:58:11 - [MESSAGE][PASSED] - All options with index in [12] are selected on object 'Object Repository/DispensaryToStore/Page_Dispensary Store/select_--Select--Adernaline 0.'

2018-06-09 16:58:11 - [TEST_STEP][PASSED] - setText: Text '10' is set on object 'Object Repository/DispensaryToStore/Page_Dispensary Store/input_txttreat'

2018-06-09 16:58:11 - [MESSAGE][PASSED] - Text '10' is set on object 'Object Repository/DispensaryToStore/Page_Dispensary Store/input_txttreat'

2018-06-09 16:58:11 - [TEST_STEP][PASSED] - click: Object: 'Object Repository/DispensaryToStore/Page_Dispensary Store/button_Add' is clicked on

2018-06-09 16:58:11 - [MESSAGE][PASSED] - Object: 'Object Repository/DispensaryToStore/Page_Dispensary Store/button_Add' is clicked on

2018-06-09 16:58:11 - [TEST_STEP][PASSED] - selectOptionByIndex: All options with index in [5] are selected on object 'Object Repository/DispensaryToStore/Page_Dispensary Store/select_--Select--Schedule 1Inj'

2018-06-09 16:58:11 - [MESSAGE][PASSED] - All options with index in [5] are selected on object 'Object Repository/DispensaryToStore/Page_Dispensary Store/select_--Select--Schedule 1Inj'

2018-06-09 16:58:11 - [TEST_STEP][PASSED] - selectOptionByIndex: All options with index in [13] are selected on object 'Object Repository/DispensaryToStore/Page_Dispensary Store/select_--Select--Adernaline 0.'

2018-06-09 16:58:11 - [MESSAGE][PASSED] - All options with index in [13] are selected on object 'Object Repository/DispensaryToStore/Page_Dispensary Store/select_--Select--Adernaline 0.'

2018-06-09 16:58:11 - [TEST_STEP][PASSED] - setText: Text '10' is set on object 'Object Repository/DispensaryToStore/Page_Dispensary Store/input_txttreat'

2018-06-09 16:58:11 - [MESSAGE][PASSED] - Text '10' is set on object 'Object Repository/DispensaryToStore/Page_Dispensary Store/input_txttreat'

2018-06-09 16:58:11 - [TEST_STEP][PASSED] - click: Object: 'Object Repository/DispensaryToStore/Page_Dispensary Store/button_Add' is clicked on

2018-06-09 16:58:11 - [MESSAGE][PASSED] - Object: 'Object Repository/DispensaryToStore/Page_Dispensary Store/button_Add' is clicked on

2018-06-09 16:58:11 - [TEST_STEP][PASSED] - selectOptionByIndex: All options with index in [5] are selected on object 'Object Repository/DispensaryToStore/Page_Dispensary Store/select_--Select--Schedule 1Inj'

2018-06-09 16:58:12 - [MESSAGE][PASSED] - All options with index in [5] are selected on object 'Object Repository/DispensaryToStore/Page_Dispensary Store/select_--Select--Schedule 1Inj'

2018-06-09 16:58:12 - [TEST_STEP][PASSED] - selectOptionByIndex: All options with index in [14] are selected on object 'Object Repository/DispensaryToStore/Page_Dispensary Store/select_--Select--Adernaline 0.'

2018-06-09 16:58:12 - [MESSAGE][PASSED] - All options with index in [14] are selected on object 'Object Repository/DispensaryToStore/Page_Dispensary Store/select_--Select--Adernaline 0.'

2018-06-09 16:58:12 - [TEST_STEP][PASSED] - setText: Text '10' is set on object 'Object Repository/DispensaryToStore/Page_Dispensary Store/input_txttreat'

2018-06-09 16:58:12 - [MESSAGE][PASSED] - Text '10' is set on object 'Object Repository/DispensaryToStore/Page_Dispensary Store/input_txttreat'

2018-06-09 16:58:12 - [TEST_STEP][PASSED] - click: Object: 'Object Repository/DispensaryToStore/Page_Dispensary Store/button_Add' is clicked on

2018-06-09 16:58:12 - [MESSAGE][PASSED] - Object: 'Object Repository/DispensaryToStore/Page_Dispensary Store/button_Add' is clicked on

2018-06-09 16:58:12 - [TEST_STEP][PASSED] - selectOptionByIndex: All options with index in [5] are selected on object 'Object Repository/DispensaryToStore/Page_Dispensary Store/select_--Select--Schedule 1Inj'

2018-06-09 16:58:12 - [MESSAGE][PASSED] - All options with index in [5] are selected on object 'Object Repository/DispensaryToStore/Page_Dispensary Store/select_--Select--Schedule 1Inj'

2018-06-09 16:58:12 - [TEST_STEP][PASSED] - selectOptionByIndex: All options with index in [15] are selected on object 'Object Repository/DispensaryToStore/Page_Dispensary Store/select_--Select--Adernaline 0.'

2018-06-09 16:58:13 - [MESSAGE][PASSED] - All options with index in [15] are selected on object 'Object Repository/DispensaryToStore/Page_Dispensary Store/select_--Select--Adernaline 0.'

2018-06-09 16:58:13 - [TEST_STEP][PASSED] - setText: Text '10' is set on object 'Object Repository/DispensaryToStore/Page_Dispensary Store/input_txttreat'

2018-06-09 16:58:13 - [MESSAGE][PASSED] - Text '10' is set on object 'Object Repository/DispensaryToStore/Page_Dispensary Store/input_txttreat'

2018-06-09 16:58:13 - [TEST_STEP][PASSED] - click: Object: 'Object Repository/DispensaryToStore/Page_Dispensary Store/button_Add' is clicked on

2018-06-09 16:58:13 - [MESSAGE][PASSED] - Object: 'Object Repository/DispensaryToStore/Page_Dispensary Store/button_Add' is clicked on

2018-06-09 16:58:13 - [TEST_STEP][PASSED] - selectOptionByIndex: All options with index in [5] are selected on object 'Object Repository/DispensaryToStore/Page_Dispensary Store/select_--Select--Schedule 1Inj'

2018-06-09 16:58:13 - [MESSAGE][PASSED] - All options with index in [5] are selected on object 'Object Repository/DispensaryToStore/Page_Dispensary Store/select_--Select--Schedule 1Inj'

2018-06-09 16:58:13 - [TEST_STEP][PASSED] - selectOptionByIndex: All options with index in [16] are selected on object 'Object Repository/DispensaryToStore/Page_Dispensary Store/select_--Select--Adernaline 0.'

2018-06-09 16:58:13 - [MESSAGE][PASSED] - All options with index in [16] are selected on object 'Object Repository/DispensaryToStore/Page_Dispensary Store/select_--Select--Adernaline 0.'

2018-06-09 16:58:13 - [TEST_STEP][PASSED] - setText: Text '10' is set on object 'Object Repository/DispensaryToStore/Page_Dispensary Store/input_txttreat'

2018-06-09 16:58:13 - [MESSAGE][PASSED] - Text '10' is set on object 'Object Repository/DispensaryToStore/Page_Dispensary Store/input_txttreat'

2018-06-09 16:58:13 - [TEST_STEP][PASSED] - click: Object: 'Object Repository/DispensaryToStore/Page_Dispensary Store/button_Add' is clicked on

2018-06-09 16:58:13 - [MESSAGE][PASSED] - Object: 'Object Repository/DispensaryToStore/Page_Dispensary Store/button_Add' is clicked on

2018-06-09 16:58:13 - [TEST_STEP][PASSED] - scrollToElement: Scroll to object 'Object Repository/DispensaryToStore/Page_Dispensary Store/input_btnsave' successfully

2018-06-09 16:58:13 - [MESSAGE][PASSED] - Scroll to object 'Object Repository/DispensaryToStore/Page_Dispensary Store/input_btnsave' successfully

2018-06-09 16:58:13 - [TEST_STEP][PASSED] - click: Object: 'Object Repository/DispensaryToStore/Page_Dispensary Store/input_btnsave' is clicked on

2018-06-09 16:58:14 - [MESSAGE][PASSED] - Object: 'Object Repository/DispensaryToStore/Page_Dispensary Store/input_btnsave' is clicked on

2018-06-09 16:58:14 - [TEST_STEP][PASSED] - delay: Delayed 3 second(s)

2018-06-09 16:58:17 - [MESSAGE][PASSED] - Delayed 3 second(s)

2018-06-09 16:58:17 - [TEST_STEP][PASSED] - Statement - RN1 = com.kms.katalon.core.webui.keyword.WebUiBuiltInKeywords.getText(com.kms.katalon.core.testobject.ObjectRepository.findTestObject(DispensaryToStore/Page_Dispensary Store/font_HPRNO180520187)): Text of object 'Object Repository/DispensaryToStore/Page_Dispensary Store/font_HPRNO180520187' is: 'DPRNO/09062018/212'

2018-06-09 16:58:17 - [MESSAGE][PASSED] - Text of object 'Object Repository/DispensaryToStore/Page_Dispensary Store/font_HPRNO180520187' is: 'DPRNO/09062018/212'

2018-06-09 16:58:17 - [TEST_STEP][PASSED] - Statement - out.println(RN1): null

2018-06-09 16:58:17 - [TEST_STEP][PASSED] - Statement - RID = RN1.split("/")[2]: null

2018-06-09 16:58:17 - [TEST_STEP][PASSED] - click: Object: 'Object Repository/DispensaryToStore/Page_Dispensary Store/button_OK' is clicked on

2018-06-09 16:58:17 - [MESSAGE][PASSED] - Object: 'Object Repository/DispensaryToStore/Page_Dispensary Store/button_OK' is clicked on

2018-06-09 16:58:17 - [TEST_STEP][PASSED] - delay: Delayed 3 second(s)

2018-06-09 16:58:20 - [MESSAGE][PASSED] - Delayed 3 second(s)

2018-06-09 16:58:20 - [TEST_STEP][PASSED] - waitForElementPresent: Object 'Object Repository/DispensaryToStore/Page_Dispensary Store/a_dropdown-toggle' is present

2018-06-09 16:58:20 - [MESSAGE][PASSED] - Object 'Object Repository/DispensaryToStore/Page_Dispensary Store/a_dropdown-toggle' is present

2018-06-09 16:58:20 - [TEST_STEP][PASSED] - click: Object: 'Object Repository/DispensaryToStore/Page_Dispensary Store/a_dropdown-toggle' is clicked on

2018-06-09 16:58:20 - [MESSAGE][PASSED] - Object: 'Object Repository/DispensaryToStore/Page_Dispensary Store/a_dropdown-toggle' is clicked on

2018-06-09 16:58:20 - [TEST_STEP][PASSED] - click: Object: 'Object Repository/DispensaryToStore/Page_Dispensary Store/a_Sign out' is clicked on

2018-06-09 16:58:21 - [MESSAGE][PASSED] - Object: 'Object Repository/DispensaryToStore/Page_Dispensary Store/a_Sign out' is clicked on

2018-06-09 16:58:21 - [TEST_STEP][PASSED] - delay: Delayed 3 second(s)

2018-06-09 16:58:24 - [MESSAGE][PASSED] - Delayed 3 second(s)

2018-06-09 16:58:24 - [TEST_STEP][PASSED] - navigateToUrl: Navigate to 'http://192.168.137.1/multihospital_new/' successfully

2018-06-09 16:58:25 - [MESSAGE][PASSED] - Navigate to 'http://192.168.137.1/multihospital_new/' successfully

2018-06-09 16:58:25 - [TEST_STEP][PASSED] - click: Object: 'Object Repository/DispensaryToStore/Page_KDMC/a_CMO' is clicked on

2018-06-09 16:58:25 - [MESSAGE][PASSED] - Object: 'Object Repository/DispensaryToStore/Page_KDMC/a_CMO' is clicked on

2018-06-09 16:58:25 - [TEST_STEP][PASSED] - setText: Text 'guru' is set on object 'Object Repository/DispensaryToStore/Page_CMO login/input_txtusername'

2018-06-09 16:58:25 - [MESSAGE][PASSED] - Text 'guru' is set on object 'Object Repository/DispensaryToStore/Page_CMO login/input_txtusername'

2018-06-09 16:58:25 - [TEST_STEP][PASSED] - setText: Text '123' is set on object 'Object Repository/DispensaryToStore/Page_CMO login/input_txtpassword'

2018-06-09 16:58:26 - [MESSAGE][PASSED] - Text '123' is set on object 'Object Repository/DispensaryToStore/Page_CMO login/input_txtpassword'

2018-06-09 16:58:26 - [TEST_STEP][PASSED] - delay: Delayed 3 second(s)

2018-06-09 16:58:29 - [MESSAGE][PASSED] - Delayed 3 second(s)

2018-06-09 16:58:29 - [TEST_STEP][PASSED] - click: Object: 'Object Repository/DispensaryToStore/Page_CMO login/button_Sign in' is clicked on

2018-06-09 16:58:30 - [MESSAGE][PASSED] - Object: 'Object Repository/DispensaryToStore/Page_CMO login/button_Sign in' is clicked on

2018-06-09 16:58:30 - [TEST_STEP][PASSED] - click: Object: 'Object Repository/DispensaryToStore/Page_KDMC - CMO/a_Department Wise Request' is clicked on

2018-06-09 16:58:32 - [MESSAGE][PASSED] - Object: 'Object Repository/DispensaryToStore/Page_KDMC - CMO/a_Department Wise Request' is clicked on

2018-06-09 16:58:32 - [TEST_STEP][PASSED] - delay: Delayed 2 second(s)

2018-06-09 16:58:34 - [MESSAGE][PASSED] - Delayed 2 second(s)

2018-06-09 16:58:34 - [TEST_STEP][PASSED] - selectOptionByIndex: All options with index in [6] are selected on object 'Object Repository/DispensaryToStore/Page_KDMC - CMO/select_--ALL--'

2018-06-09 16:58:34 - [MESSAGE][PASSED] - All options with index in [6] are selected on object 'Object Repository/DispensaryToStore/Page_KDMC - CMO/select_--ALL--'

2018-06-09 16:58:34 - [TEST_STEP][PASSED] - click: Object: 'Object Repository/DispensaryToStore/Page_KDMC - CMO/input_btnsearch' is clicked on

2018-06-09 16:58:34 - [MESSAGE][PASSED] - Object: 'Object Repository/DispensaryToStore/Page_KDMC - CMO/input_btnsearch' is clicked on

2018-06-09 16:58:34 - [TEST_STEP][PASSED] - selectOptionByIndex: All options with index in [1] are selected on object 'Object Repository/DispensaryToStore/Page_KDMC - CMO/select_--ALL--                _1'

2018-06-09 16:58:34 - [MESSAGE][PASSED] - All options with index in [1] are selected on object 'Object Repository/DispensaryToStore/Page_KDMC - CMO/select_--ALL--                _1'

2018-06-09 16:58:34 - [TEST_STEP][PASSED] - click: Object: 'Object Repository/DispensaryToStore/Page_KDMC - CMO/input_btnsearch' is clicked on

2018-06-09 16:58:34 - [MESSAGE][PASSED] - Object: 'Object Repository/DispensaryToStore/Page_KDMC - CMO/input_btnsearch' is clicked on

2018-06-09 16:58:34 - [TEST_STEP][PASSED] - Statement - ID = com.kms.katalon.core.webui.keyword.WebUiBuiltInKeywords.modifyObjectProperty(com.kms.katalon.core.testobject.ObjectRepository.findTestObject(lab/Page_KDMC - CMO/input_1), "xpath", "equals", "//*[@id=" + RID + "]", true): Modify property of object successfully

2018-06-09 16:58:34 - [MESSAGE][PASSED] - Modify property of object successfully

2018-06-09 16:58:34 - [TEST_STEP][PASSED] - scrollToElement: Scroll to object 'Object Repository/lab/Page_KDMC - CMO/input_1' successfully

2018-06-09 16:58:35 - [MESSAGE][PASSED] - Scroll to object 'Object Repository/lab/Page_KDMC - CMO/input_1' successfully

2018-06-09 16:58:35 - [TEST_STEP][PASSED] - click: Object: 'Object Repository/lab/Page_KDMC - CMO/input_1' is clicked on

2018-06-09 16:58:35 - [MESSAGE][PASSED] - Object: 'Object Repository/lab/Page_KDMC - CMO/input_1' is clicked on

2018-06-09 16:58:35 - [TEST_STEP][PASSED] - delay: Delayed 2 second(s)

2018-06-09 16:58:37 - [MESSAGE][PASSED] - Delayed 2 second(s)

2018-06-09 16:58:37 - [TEST_STEP][PASSED] - selectOptionByIndex: All options with index in [1] are selected on object 'Object Repository/DispensaryToStore/Page_KDMC - CMO/select_--Select--'

2018-06-09 16:58:37 - [MESSAGE][PASSED] - All options with index in [1] are selected on object 'Object Repository/DispensaryToStore/Page_KDMC - CMO/select_--Select--'

2018-06-09 16:58:37 - [TEST_STEP][PASSED] - click: Object: 'Object Repository/DispensaryToStore/Page_KDMC - CMO/input_btnupdate' is clicked on

2018-06-09 16:58:37 - [MESSAGE][PASSED] - Object: 'Object Repository/DispensaryToStore/Page_KDMC - CMO/input_btnupdate' is clicked on

2018-06-09 16:58:37 - [TEST_STEP][PASSED] - delay: Delayed 2 second(s)

2018-06-09 16:58:39 - [MESSAGE][PASSED] - Delayed 2 second(s)

2018-06-09 16:58:39 - [TEST_STEP][PASSED] - click: Object: 'Object Repository/DispensaryToStore/Page_KDMC - CMO/button_OK' is clicked on

2018-06-09 16:58:40 - [MESSAGE][PASSED] - Object: 'Object Repository/DispensaryToStore/Page_KDMC - CMO/button_OK' is clicked on

2018-06-09 16:58:40 - [TEST_STEP][PASSED] - delay: Delayed 2 second(s)

2018-06-09 16:58:42 - [MESSAGE][PASSED] - Delayed 2 second(s)

2018-06-09 16:58:42 - [TEST_STEP][PASSED] - waitForElementPresent: Object 'Object Repository/DispensaryToStore/Page_Dispensary Store/a_dropdown-toggle' is not present after 20 second(s)

2018-06-09 16:59:02 - [MESSAGE][WARNING] - Object 'Object Repository/DispensaryToStore/Page_Dispensary Store/a_dropdown-toggle' is not present after 20 second(s)

2018-06-09 16:59:02 - [TEST_STEP][PASSED] - click: Object: 'Object Repository/DispensaryToStore/Page_KDMC - CMO/a_dropdown-toggle' is clicked on

2018-06-09 16:59:03 - [MESSAGE][PASSED] - Object: 'Object Repository/DispensaryToStore/Page_KDMC - CMO/a_dropdown-toggle' is clicked on

2018-06-09 16:59:03 - [TEST_STEP][PASSED] - click: Object: 'Object Repository/DispensaryToStore/Page_KDMC - CMO/a_Sign out' is clicked on

2018-06-09 16:59:03 - [MESSAGE][PASSED] - Object: 'Object Repository/DispensaryToStore/Page_KDMC - CMO/a_Sign out' is clicked on

2018-06-09 16:59:03 - [TEST_STEP][PASSED] - delay: Delayed 3 second(s)

2018-06-09 16:59:06 - [MESSAGE][PASSED] - Delayed 3 second(s)

2018-06-09 16:59:06 - [TEST_STEP][PASSED] - click: Object: 'Object Repository/DispensaryToStore/Page_KDMC/a_Divisional Store' is clicked on

2018-06-09 16:59:07 - [MESSAGE][PASSED] - Object: 'Object Repository/DispensaryToStore/Page_KDMC/a_Divisional Store' is clicked on

2018-06-09 16:59:07 - [TEST_STEP][PASSED] - setText: Text 'ragu' is set on object 'Object Repository/DispensaryToStore/Page_Divisonal Store Login/input_txtusername'

2018-06-09 16:59:07 - [MESSAGE][PASSED] - Text 'ragu' is set on object 'Object Repository/DispensaryToStore/Page_Divisonal Store Login/input_txtusername'

2018-06-09 16:59:07 - [TEST_STEP][PASSED] - setText: Text '123' is set on object 'Object Repository/DispensaryToStore/Page_Divisonal Store Login/input_txtpassword'

2018-06-09 16:59:07 - [MESSAGE][PASSED] - Text '123' is set on object 'Object Repository/DispensaryToStore/Page_Divisonal Store Login/input_txtpassword'

2018-06-09 16:59:07 - [TEST_STEP][PASSED] - delay: Delayed 3 second(s)

2018-06-09 16:59:10 - [MESSAGE][PASSED] - Delayed 3 second(s)

2018-06-09 16:59:10 - [TEST_STEP][PASSED] - click: Object: 'Object Repository/DispensaryToStore/Page_Divisonal Store Login/button_Sign in' is clicked on

2018-06-09 16:59:12 - [MESSAGE][PASSED] - Object: 'Object Repository/DispensaryToStore/Page_Divisonal Store Login/button_Sign in' is clicked on

2018-06-09 16:59:12 - [TEST_STEP][PASSED] - delay: Delayed 3 second(s)

2018-06-09 16:59:15 - [MESSAGE][PASSED] - Delayed 3 second(s)

2018-06-09 16:59:15 - [TEST_STEP][PASSED] - scrollToPosition: Browser is scrolled to position x = 100, y = 100

2018-06-09 16:59:15 - [MESSAGE][PASSED] - Browser is scrolled to position x = 100, y = 100

2018-06-09 16:59:15 - [TEST_STEP][PASSED] - click: Object: 'Object Repository/DispensaryToStore/Page_Store/a_Dispensary Request' is clicked on

2018-06-09 16:59:15 - [MESSAGE][PASSED] - Object: 'Object Repository/DispensaryToStore/Page_Store/a_Dispensary Request' is clicked on

2018-06-09 16:59:15 - [TEST_STEP][PASSED] - delay: Delayed 2 second(s)

2018-06-09 16:59:17 - [MESSAGE][PASSED] - Delayed 2 second(s)

2018-06-09 16:59:17 - [TEST_STEP][PASSED] - click: Object: 'Object Repository/DispensaryToStore/Page_Store/a_Request Item Dispensary' is clicked on

2018-06-09 16:59:18 - [MESSAGE][PASSED] - Object: 'Object Repository/DispensaryToStore/Page_Store/a_Request Item Dispensary' is clicked on

2018-06-09 16:59:18 - [TEST_STEP][PASSED] - Statement - ChooseRequest = com.kms.katalon.core.webui.keyword.WebUiBuiltInKeywords.modifyObjectProperty(com.kms.katalon.core.testobject.ObjectRepository.findTestObject(lab/Page_Store/input_1), "xpath", "equals", "//*[@id=" + RID + "]", true): Modify property of object successfully

2018-06-09 16:59:18 - [MESSAGE][PASSED] - Modify property of object successfully

2018-06-09 16:59:18 - [TEST_STEP][PASSED] - click: Object: 'Object Repository/lab/Page_Store/input_1' is clicked on

2018-06-09 16:59:19 - [MESSAGE][PASSED] - Object: 'Object Repository/lab/Page_Store/input_1' is clicked on

2018-06-09 16:59:19 - [TEST_STEP][PASSED] - Statement - selectedoptions = com.kms.katalon.core.webui.keyword.WebUiBuiltInKeywords.getNumberOfTotalOption(com.kms.katalon.core.testobject.ObjectRepository.findTestObject(DispensaryToStore/Page_Store/select_--Select--Adernaline 0.)): 17 options of object 'Object Repository/DispensaryToStore/Page_Store/select_--Select--Adernaline 0.' counted

2018-06-09 16:59:19 - [MESSAGE][PASSED] - 17 options of object 'Object Repository/DispensaryToStore/Page_Store/select_--Select--Adernaline 0.' counted

2018-06-09 16:59:19 - [TEST_STEP][FAILED] - Statement - For ([a = 1, a <= selectedoptions - 1, (a++)]): null

2018-06-09 16:59:19 - [TEST_STEP][PASSED] - selectOptionByIndex: All options with index in [1] are selected on object 'Object Repository/DispensaryToStore/Page_Store/select_--Select--Adernaline 0.'

2018-06-09 16:59:20 - [MESSAGE][PASSED] - All options with index in [1] are selected on object 'Object Repository/DispensaryToStore/Page_Store/select_--Select--Adernaline 0.'

2018-06-09 16:59:20 - [TEST_STEP][PASSED] - delay: Delayed 2 second(s)

2018-06-09 16:59:22 - [MESSAGE][PASSED] - Delayed 2 second(s)

2018-06-09 16:59:22 - [TEST_STEP][PASSED] - Statement - RequestedQty = com.kms.katalon.core.webui.keyword.WebUiBuiltInKeywords.getAttribute(com.kms.katalon.core.testobject.ObjectRepository.findTestObject(DispensaryToStore/Page_Store/input_txttotal), "value"): Attribute 'value' of object 'Object Repository/DispensaryToStore/Page_Store/input_txttotal' is: '10'

2018-06-09 16:59:22 - [MESSAGE][PASSED] - Attribute 'value' of object 'Object Repository/DispensaryToStore/Page_Store/input_txttotal' is: '10'

2018-06-09 16:59:22 - [TEST_STEP][PASSED] - Statement - out.println("Requested QTY : " + RequestedQty): null

2018-06-09 16:59:22 - [TEST_STEP][PASSED] - Statement - BatchNumber = com.kms.katalon.core.webui.keyword.WebUiBuiltInKeywords.getNumberOfTotalOption(com.kms.katalon.core.testobject.ObjectRepository.findTestObject(DispensaryToStore/Page_Store/select_--Select--BA1170BA2376B)): 4 options of object 'Object Repository/DispensaryToStore/Page_Store/select_--Select--BA1170BA2376B' counted

2018-06-09 16:59:22 - [MESSAGE][PASSED] - 4 options of object 'Object Repository/DispensaryToStore/Page_Store/select_--Select--BA1170BA2376B' counted

2018-06-09 16:59:22 - [TEST_STEP][PASSED] - Statement - For ([g = 1, g <= BatchNumber - 1, (g++)]): null

2018-06-09 16:59:22 - [TEST_STEP][PASSED] - selectOptionByIndex: All options with index in [1] are selected on object 'Object Repository/DispensaryToStore/Page_Store/select_--Select--BA1170BA2376B'

2018-06-09 16:59:22 - [MESSAGE][PASSED] - All options with index in [1] are selected on object 'Object Repository/DispensaryToStore/Page_Store/select_--Select--BA1170BA2376B'

2018-06-09 16:59:22 - [TEST_STEP][PASSED] - Statement - Try: null

2018-06-09 16:59:22 - [TEST_STEP][PASSED] - Statement - StockQty = com.kms.katalon.core.webui.keyword.WebUiBuiltInKeywords.getAttribute(com.kms.katalon.core.testobject.ObjectRepository.findTestObject(DispensaryToStore/Page_Store/input_txtprice), "value"): Attribute 'value' of object 'Object Repository/DispensaryToStore/Page_Store/input_txtprice' is: '1720'

2018-06-09 16:59:22 - [MESSAGE][PASSED] - Attribute 'value' of object 'Object Repository/DispensaryToStore/Page_Store/input_txtprice' is: '1720'

2018-06-09 16:59:22 - [TEST_STEP][PASSED] - Statement - out.println("Stock QTY : " + StockQty): null

2018-06-09 16:59:22 - [TEST_STEP][PASSED] - delay: Delayed 2 second(s)

2018-06-09 16:59:24 - [MESSAGE][PASSED] - Delayed 2 second(s)

2018-06-09 16:59:24 - [TEST_STEP][PASSED] - Statement - If (java.lang.String.valueOf(StockQty) >= java.lang.String.valueOf(RequestedQty)): null

2018-06-09 16:59:24 - [TEST_STEP][PASSED] - setText: Text '10' is set on object 'Object Repository/DispensaryToStore/Page_Store/input_txtqty'

2018-06-09 16:59:24 - [MESSAGE][PASSED] - Text '10' is set on object 'Object Repository/DispensaryToStore/Page_Store/input_txtqty'

2018-06-09 16:59:24 - [TEST_STEP][PASSED] - click: Object: 'Object Repository/DispensaryToStore/Page_Store/button_Add' is clicked on

2018-06-09 16:59:24 - [MESSAGE][PASSED] - Object: 'Object Repository/DispensaryToStore/Page_Store/button_Add' is clicked on

2018-06-09 16:59:24 - [TEST_STEP][PASSED] - Statement - Break: null

2018-06-09 16:59:24 - [TEST_STEP][PASSED] - selectOptionByIndex: All options with index in [2] are selected on object 'Object Repository/DispensaryToStore/Page_Store/select_--Select--Adernaline 0.'

2018-06-09 16:59:24 - [MESSAGE][PASSED] - All options with index in [2] are selected on object 'Object Repository/DispensaryToStore/Page_Store/select_--Select--Adernaline 0.'

2018-06-09 16:59:24 - [TEST_STEP][PASSED] - delay: Delayed 2 second(s)

2018-06-09 16:59:26 - [MESSAGE][PASSED] - Delayed 2 second(s)

2018-06-09 16:59:26 - [TEST_STEP][PASSED] - Statement - RequestedQty = com.kms.katalon.core.webui.keyword.WebUiBuiltInKeywords.getAttribute(com.kms.katalon.core.testobject.ObjectRepository.findTestObject(DispensaryToStore/Page_Store/input_txttotal), "value"): Attribute 'value' of object 'Object Repository/DispensaryToStore/Page_Store/input_txttotal' is: '10'

2018-06-09 16:59:26 - [MESSAGE][PASSED] - Attribute 'value' of object 'Object Repository/DispensaryToStore/Page_Store/input_txttotal' is: '10'

2018-06-09 16:59:26 - [TEST_STEP][PASSED] - Statement - out.println("Requested QTY : " + RequestedQty): null

2018-06-09 16:59:26 - [TEST_STEP][PASSED] - Statement - BatchNumber = com.kms.katalon.core.webui.keyword.WebUiBuiltInKeywords.getNumberOfTotalOption(com.kms.katalon.core.testobject.ObjectRepository.findTestObject(DispensaryToStore/Page_Store/select_--Select--BA1170BA2376B)): 3 options of object 'Object Repository/DispensaryToStore/Page_Store/select_--Select--BA1170BA2376B' counted

2018-06-09 16:59:27 - [MESSAGE][PASSED] - 3 options of object 'Object Repository/DispensaryToStore/Page_Store/select_--Select--BA1170BA2376B' counted

2018-06-09 16:59:27 - [TEST_STEP][PASSED] - Statement - For ([g = 1, g <= BatchNumber - 1, (g++)]): null

2018-06-09 16:59:27 - [TEST_STEP][PASSED] - selectOptionByIndex: All options with index in [1] are selected on object 'Object Repository/DispensaryToStore/Page_Store/select_--Select--BA1170BA2376B'

2018-06-09 16:59:27 - [MESSAGE][PASSED] - All options with index in [1] are selected on object 'Object Repository/DispensaryToStore/Page_Store/select_--Select--BA1170BA2376B'

2018-06-09 16:59:27 - [TEST_STEP][PASSED] - Statement - Try: null

2018-06-09 16:59:27 - [TEST_STEP][PASSED] - Statement - StockQty = com.kms.katalon.core.webui.keyword.WebUiBuiltInKeywords.getAttribute(com.kms.katalon.core.testobject.ObjectRepository.findTestObject(DispensaryToStore/Page_Store/input_txtprice), "value"): Attribute 'value' of object 'Object Repository/DispensaryToStore/Page_Store/input_txtprice' is: '1453'

2018-06-09 16:59:27 - [MESSAGE][PASSED] - Attribute 'value' of object 'Object Repository/DispensaryToStore/Page_Store/input_txtprice' is: '1453'

2018-06-09 16:59:27 - [TEST_STEP][PASSED] - Statement - out.println("Stock QTY : " + StockQty): null

2018-06-09 16:59:27 - [TEST_STEP][PASSED] - delay: Delayed 2 second(s)

2018-06-09 16:59:29 - [MESSAGE][PASSED] - Delayed 2 second(s)

2018-06-09 16:59:29 - [TEST_STEP][PASSED] - Statement - If (java.lang.String.valueOf(StockQty) >= java.lang.String.valueOf(RequestedQty)): null

2018-06-09 16:59:29 - [TEST_STEP][PASSED] - setText: Text '10' is set on object 'Object Repository/DispensaryToStore/Page_Store/input_txtqty'

2018-06-09 16:59:29 - [MESSAGE][PASSED] - Text '10' is set on object 'Object Repository/DispensaryToStore/Page_Store/input_txtqty'

2018-06-09 16:59:29 - [TEST_STEP][PASSED] - click: Object: 'Object Repository/DispensaryToStore/Page_Store/button_Add' is clicked on

2018-06-09 16:59:29 - [MESSAGE][PASSED] - Object: 'Object Repository/DispensaryToStore/Page_Store/button_Add' is clicked on

2018-06-09 16:59:29 - [TEST_STEP][PASSED] - Statement - Break: null

2018-06-09 16:59:29 - [TEST_STEP][PASSED] - selectOptionByIndex: All options with index in [3] are selected on object 'Object Repository/DispensaryToStore/Page_Store/select_--Select--Adernaline 0.'

2018-06-09 16:59:29 - [MESSAGE][PASSED] - All options with index in [3] are selected on object 'Object Repository/DispensaryToStore/Page_Store/select_--Select--Adernaline 0.'

2018-06-09 16:59:29 - [TEST_STEP][PASSED] - delay: Delayed 2 second(s)

2018-06-09 16:59:31 - [MESSAGE][PASSED] - Delayed 2 second(s)

2018-06-09 16:59:31 - [TEST_STEP][PASSED] - Statement - RequestedQty = com.kms.katalon.core.webui.keyword.WebUiBuiltInKeywords.getAttribute(com.kms.katalon.core.testobject.ObjectRepository.findTestObject(DispensaryToStore/Page_Store/input_txttotal), "value"): Attribute 'value' of object 'Object Repository/DispensaryToStore/Page_Store/input_txttotal' is: '10'

2018-06-09 16:59:31 - [MESSAGE][PASSED] - Attribute 'value' of object 'Object Repository/DispensaryToStore/Page_Store/input_txttotal' is: '10'

2018-06-09 16:59:31 - [TEST_STEP][PASSED] - Statement - out.println("Requested QTY : " + RequestedQty): null

2018-06-09 16:59:31 - [TEST_STEP][PASSED] - Statement - BatchNumber = com.kms.katalon.core.webui.keyword.WebUiBuiltInKeywords.getNumberOfTotalOption(com.kms.katalon.core.testobject.ObjectRepository.findTestObject(DispensaryToStore/Page_Store/select_--Select--BA1170BA2376B)): 3 options of object 'Object Repository/DispensaryToStore/Page_Store/select_--Select--BA1170BA2376B' counted

2018-06-09 16:59:31 - [MESSAGE][PASSED] - 3 options of object 'Object Repository/DispensaryToStore/Page_Store/select_--Select--BA1170BA2376B' counted

2018-06-09 16:59:31 - [TEST_STEP][PASSED] - Statement - For ([g = 1, g <= BatchNumber - 1, (g++)]): null

2018-06-09 16:59:31 - [TEST_STEP][PASSED] - selectOptionByIndex: All options with index in [1] are selected on object 'Object Repository/DispensaryToStore/Page_Store/select_--Select--BA1170BA2376B'

2018-06-09 16:59:31 - [MESSAGE][PASSED] - All options with index in [1] are selected on object 'Object Repository/DispensaryToStore/Page_Store/select_--Select--BA1170BA2376B'

2018-06-09 16:59:31 - [TEST_STEP][PASSED] - Statement - Try: null

2018-06-09 16:59:31 - [TEST_STEP][PASSED] - Statement - StockQty = com.kms.katalon.core.webui.keyword.WebUiBuiltInKeywords.getAttribute(com.kms.katalon.core.testobject.ObjectRepository.findTestObject(DispensaryToStore/Page_Store/input_txtprice), "value"): Attribute 'value' of object 'Object Repository/DispensaryToStore/Page_Store/input_txtprice' is: '1635'

2018-06-09 16:59:31 - [MESSAGE][PASSED] - Attribute 'value' of object 'Object Repository/DispensaryToStore/Page_Store/input_txtprice' is: '1635'

2018-06-09 16:59:31 - [TEST_STEP][PASSED] - Statement - out.println("Stock QTY : " + StockQty): null

2018-06-09 16:59:31 - [TEST_STEP][PASSED] - delay: Delayed 2 second(s)

2018-06-09 16:59:33 - [MESSAGE][PASSED] - Delayed 2 second(s)

2018-06-09 16:59:33 - [TEST_STEP][PASSED] - Statement - If (java.lang.String.valueOf(StockQty) >= java.lang.String.valueOf(RequestedQty)): null

2018-06-09 16:59:33 - [TEST_STEP][PASSED] - setText: Text '10' is set on object 'Object Repository/DispensaryToStore/Page_Store/input_txtqty'

2018-06-09 16:59:33 - [MESSAGE][PASSED] - Text '10' is set on object 'Object Repository/DispensaryToStore/Page_Store/input_txtqty'

2018-06-09 16:59:33 - [TEST_STEP][PASSED] - click: Object: 'Object Repository/DispensaryToStore/Page_Store/button_Add' is clicked on

2018-06-09 16:59:33 - [MESSAGE][PASSED] - Object: 'Object Repository/DispensaryToStore/Page_Store/button_Add' is clicked on

2018-06-09 16:59:33 - [TEST_STEP][PASSED] - Statement - Break: null

2018-06-09 16:59:33 - [TEST_STEP][PASSED] - selectOptionByIndex: All options with index in [4] are selected on object 'Object Repository/DispensaryToStore/Page_Store/select_--Select--Adernaline 0.'

2018-06-09 16:59:34 - [MESSAGE][PASSED] - All options with index in [4] are selected on object 'Object Repository/DispensaryToStore/Page_Store/select_--Select--Adernaline 0.'

2018-06-09 16:59:34 - [TEST_STEP][PASSED] - delay: Delayed 2 second(s)

2018-06-09 16:59:36 - [MESSAGE][PASSED] - Delayed 2 second(s)

2018-06-09 16:59:36 - [TEST_STEP][PASSED] - Statement - RequestedQty = com.kms.katalon.core.webui.keyword.WebUiBuiltInKeywords.getAttribute(com.kms.katalon.core.testobject.ObjectRepository.findTestObject(DispensaryToStore/Page_Store/input_txttotal), "value"): Attribute 'value' of object 'Object Repository/DispensaryToStore/Page_Store/input_txttotal' is: '10'

2018-06-09 16:59:36 - [MESSAGE][PASSED] - Attribute 'value' of object 'Object Repository/DispensaryToStore/Page_Store/input_txttotal' is: '10'

2018-06-09 16:59:36 - [TEST_STEP][PASSED] - Statement - out.println("Requested QTY : " + RequestedQty): null

2018-06-09 16:59:36 - [TEST_STEP][PASSED] - Statement - BatchNumber = com.kms.katalon.core.webui.keyword.WebUiBuiltInKeywords.getNumberOfTotalOption(com.kms.katalon.core.testobject.ObjectRepository.findTestObject(DispensaryToStore/Page_Store/select_--Select--BA1170BA2376B)): 3 options of object 'Object Repository/DispensaryToStore/Page_Store/select_--Select--BA1170BA2376B' counted

2018-06-09 16:59:36 - [MESSAGE][PASSED] - 3 options of object 'Object Repository/DispensaryToStore/Page_Store/select_--Select--BA1170BA2376B' counted

2018-06-09 16:59:36 - [TEST_STEP][PASSED] - Statement - For ([g = 1, g <= BatchNumber - 1, (g++)]): null

2018-06-09 16:59:36 - [TEST_STEP][PASSED] - selectOptionByIndex: All options with index in [1] are selected on object 'Object Repository/DispensaryToStore/Page_Store/select_--Select--BA1170BA2376B'

2018-06-09 16:59:36 - [MESSAGE][PASSED] - All options with index in [1] are selected on object 'Object Repository/DispensaryToStore/Page_Store/select_--Select--BA1170BA2376B'

2018-06-09 16:59:36 - [TEST_STEP][PASSED] - Statement - Try: null

2018-06-09 16:59:36 - [TEST_STEP][PASSED] - Statement - StockQty = com.kms.katalon.core.webui.keyword.WebUiBuiltInKeywords.getAttribute(com.kms.katalon.core.testobject.ObjectRepository.findTestObject(DispensaryToStore/Page_Store/input_txtprice), "value"): Attribute 'value' of object 'Object Repository/DispensaryToStore/Page_Store/input_txtprice' is: '1635'

2018-06-09 16:59:36 - [MESSAGE][PASSED] - Attribute 'value' of object 'Object Repository/DispensaryToStore/Page_Store/input_txtprice' is: '1635'

2018-06-09 16:59:36 - [TEST_STEP][PASSED] - Statement - out.println("Stock QTY : " + StockQty): null

2018-06-09 16:59:36 - [TEST_STEP][PASSED] - delay: Delayed 2 second(s)

2018-06-09 16:59:38 - [MESSAGE][PASSED] - Delayed 2 second(s)

2018-06-09 16:59:38 - [TEST_STEP][PASSED] - Statement - If (java.lang.String.valueOf(StockQty) >= java.lang.String.valueOf(RequestedQty)): null

2018-06-09 16:59:38 - [TEST_STEP][PASSED] - setText: Text '10' is set on object 'Object Repository/DispensaryToStore/Page_Store/input_txtqty'

2018-06-09 16:59:38 - [MESSAGE][PASSED] - Text '10' is set on object 'Object Repository/DispensaryToStore/Page_Store/input_txtqty'

2018-06-09 16:59:38 - [TEST_STEP][PASSED] - click: Object: 'Object Repository/DispensaryToStore/Page_Store/button_Add' is clicked on

2018-06-09 16:59:38 - [MESSAGE][PASSED] - Object: 'Object Repository/DispensaryToStore/Page_Store/button_Add' is clicked on

2018-06-09 16:59:38 - [TEST_STEP][PASSED] - Statement - Break: null

2018-06-09 16:59:38 - [TEST_STEP][PASSED] - selectOptionByIndex: All options with index in [5] are selected on object 'Object Repository/DispensaryToStore/Page_Store/select_--Select--Adernaline 0.'

2018-06-09 16:59:38 - [MESSAGE][PASSED] - All options with index in [5] are selected on object 'Object Repository/DispensaryToStore/Page_Store/select_--Select--Adernaline 0.'

2018-06-09 16:59:38 - [TEST_STEP][PASSED] - delay: Delayed 2 second(s)

2018-06-09 16:59:40 - [MESSAGE][PASSED] - Delayed 2 second(s)

2018-06-09 16:59:40 - [TEST_STEP][PASSED] - Statement - RequestedQty = com.kms.katalon.core.webui.keyword.WebUiBuiltInKeywords.getAttribute(com.kms.katalon.core.testobject.ObjectRepository.findTestObject(DispensaryToStore/Page_Store/input_txttotal), "value"): Attribute 'value' of object 'Object Repository/DispensaryToStore/Page_Store/input_txttotal' is: '10'

2018-06-09 16:59:40 - [MESSAGE][PASSED] - Attribute 'value' of object 'Object Repository/DispensaryToStore/Page_Store/input_txttotal' is: '10'

2018-06-09 16:59:40 - [TEST_STEP][PASSED] - Statement - out.println("Requested QTY : " + RequestedQty): null

2018-06-09 16:59:40 - [TEST_STEP][PASSED] - Statement - BatchNumber = com.kms.katalon.core.webui.keyword.WebUiBuiltInKeywords.getNumberOfTotalOption(com.kms.katalon.core.testobject.ObjectRepository.findTestObject(DispensaryToStore/Page_Store/select_--Select--BA1170BA2376B)): 3 options of object 'Object Repository/DispensaryToStore/Page_Store/select_--Select--BA1170BA2376B' counted

2018-06-09 16:59:40 - [MESSAGE][PASSED] - 3 options of object 'Object Repository/DispensaryToStore/Page_Store/select_--Select--BA1170BA2376B' counted

2018-06-09 16:59:40 - [TEST_STEP][PASSED] - Statement - For ([g = 1, g <= BatchNumber - 1, (g++)]): null

2018-06-09 16:59:40 - [TEST_STEP][PASSED] - selectOptionByIndex: All options with index in [1] are selected on object 'Object Repository/DispensaryToStore/Page_Store/select_--Select--BA1170BA2376B'

2018-06-09 16:59:41 - [MESSAGE][PASSED] - All options with index in [1] are selected on object 'Object Repository/DispensaryToStore/Page_Store/select_--Select--BA1170BA2376B'

2018-06-09 16:59:41 - [TEST_STEP][PASSED] - Statement - Try: null

2018-06-09 16:59:41 - [TEST_STEP][PASSED] - Statement - StockQty = com.kms.katalon.core.webui.keyword.WebUiBuiltInKeywords.getAttribute(com.kms.katalon.core.testobject.ObjectRepository.findTestObject(DispensaryToStore/Page_Store/input_txtprice), "value"): Attribute 'value' of object 'Object Repository/DispensaryToStore/Page_Store/input_txtprice' is: '1655'

2018-06-09 16:59:41 - [MESSAGE][PASSED] - Attribute 'value' of object 'Object Repository/DispensaryToStore/Page_Store/input_txtprice' is: '1655'

2018-06-09 16:59:41 - [TEST_STEP][PASSED] - Statement - out.println("Stock QTY : " + StockQty): null

2018-06-09 16:59:41 - [TEST_STEP][PASSED] - delay: Delayed 2 second(s)

2018-06-09 16:59:43 - [MESSAGE][PASSED] - Delayed 2 second(s)

2018-06-09 16:59:43 - [TEST_STEP][PASSED] - Statement - If (java.lang.String.valueOf(StockQty) >= java.lang.String.valueOf(RequestedQty)): null

2018-06-09 16:59:43 - [TEST_STEP][PASSED] - setText: Text '10' is set on object 'Object Repository/DispensaryToStore/Page_Store/input_txtqty'

2018-06-09 16:59:43 - [MESSAGE][PASSED] - Text '10' is set on object 'Object Repository/DispensaryToStore/Page_Store/input_txtqty'

2018-06-09 16:59:43 - [TEST_STEP][PASSED] - click: Object: 'Object Repository/DispensaryToStore/Page_Store/button_Add' is clicked on

2018-06-09 16:59:43 - [MESSAGE][PASSED] - Object: 'Object Repository/DispensaryToStore/Page_Store/button_Add' is clicked on

2018-06-09 16:59:43 - [TEST_STEP][PASSED] - Statement - Break: null

2018-06-09 16:59:43 - [TEST_STEP][PASSED] - selectOptionByIndex: All options with index in [6] are selected on object 'Object Repository/DispensaryToStore/Page_Store/select_--Select--Adernaline 0.'

2018-06-09 16:59:43 - [MESSAGE][PASSED] - All options with index in [6] are selected on object 'Object Repository/DispensaryToStore/Page_Store/select_--Select--Adernaline 0.'

2018-06-09 16:59:43 - [TEST_STEP][PASSED] - delay: Delayed 2 second(s)

2018-06-09 16:59:45 - [MESSAGE][PASSED] - Delayed 2 second(s)

2018-06-09 16:59:45 - [TEST_STEP][PASSED] - Statement - RequestedQty = com.kms.katalon.core.webui.keyword.WebUiBuiltInKeywords.getAttribute(com.kms.katalon.core.testobject.ObjectRepository.findTestObject(DispensaryToStore/Page_Store/input_txttotal), "value"): Attribute 'value' of object 'Object Repository/DispensaryToStore/Page_Store/input_txttotal' is: '10'

2018-06-09 16:59:45 - [MESSAGE][PASSED] - Attribute 'value' of object 'Object Repository/DispensaryToStore/Page_Store/input_txttotal' is: '10'

2018-06-09 16:59:45 - [TEST_STEP][PASSED] - Statement - out.println("Requested QTY : " + RequestedQty): null

2018-06-09 16:59:45 - [TEST_STEP][PASSED] - Statement - BatchNumber = com.kms.katalon.core.webui.keyword.WebUiBuiltInKeywords.getNumberOfTotalOption(com.kms.katalon.core.testobject.ObjectRepository.findTestObject(DispensaryToStore/Page_Store/select_--Select--BA1170BA2376B)): 3 options of object 'Object Repository/DispensaryToStore/Page_Store/select_--Select--BA1170BA2376B' counted

2018-06-09 16:59:45 - [MESSAGE][PASSED] - 3 options of object 'Object Repository/DispensaryToStore/Page_Store/select_--Select--BA1170BA2376B' counted

2018-06-09 16:59:45 - [TEST_STEP][PASSED] - Statement - For ([g = 1, g <= BatchNumber - 1, (g++)]): null

2018-06-09 16:59:45 - [TEST_STEP][PASSED] - selectOptionByIndex: All options with index in [1] are selected on object 'Object Repository/DispensaryToStore/Page_Store/select_--Select--BA1170BA2376B'

2018-06-09 16:59:45 - [MESSAGE][PASSED] - All options with index in [1] are selected on object 'Object Repository/DispensaryToStore/Page_Store/select_--Select--BA1170BA2376B'

2018-06-09 16:59:45 - [TEST_STEP][PASSED] - Statement - Try: null

2018-06-09 16:59:45 - [TEST_STEP][PASSED] - Statement - StockQty = com.kms.katalon.core.webui.keyword.WebUiBuiltInKeywords.getAttribute(com.kms.katalon.core.testobject.ObjectRepository.findTestObject(DispensaryToStore/Page_Store/input_txtprice), "value"): Attribute 'value' of object 'Object Repository/DispensaryToStore/Page_Store/input_txtprice' is: '1310'

2018-06-09 16:59:45 - [MESSAGE][PASSED] - Attribute 'value' of object 'Object Repository/DispensaryToStore/Page_Store/input_txtprice' is: '1310'

2018-06-09 16:59:45 - [TEST_STEP][PASSED] - Statement - out.println("Stock QTY : " + StockQty): null

2018-06-09 16:59:45 - [TEST_STEP][PASSED] - delay: Delayed 2 second(s)

2018-06-09 16:59:47 - [MESSAGE][PASSED] - Delayed 2 second(s)

2018-06-09 16:59:47 - [TEST_STEP][PASSED] - Statement - If (java.lang.String.valueOf(StockQty) >= java.lang.String.valueOf(RequestedQty)): null

2018-06-09 16:59:47 - [TEST_STEP][PASSED] - setText: Text '10' is set on object 'Object Repository/DispensaryToStore/Page_Store/input_txtqty'

2018-06-09 16:59:47 - [MESSAGE][PASSED] - Text '10' is set on object 'Object Repository/DispensaryToStore/Page_Store/input_txtqty'

2018-06-09 16:59:47 - [TEST_STEP][PASSED] - click: Object: 'Object Repository/DispensaryToStore/Page_Store/button_Add' is clicked on

2018-06-09 16:59:48 - [MESSAGE][PASSED] - Object: 'Object Repository/DispensaryToStore/Page_Store/button_Add' is clicked on

2018-06-09 16:59:48 - [TEST_STEP][PASSED] - Statement - Break: null

2018-06-09 16:59:48 - [TEST_STEP][PASSED] - selectOptionByIndex: All options with index in [7] are selected on object 'Object Repository/DispensaryToStore/Page_Store/select_--Select--Adernaline 0.'

2018-06-09 16:59:48 - [MESSAGE][PASSED] - All options with index in [7] are selected on object 'Object Repository/DispensaryToStore/Page_Store/select_--Select--Adernaline 0.'

2018-06-09 16:59:48 - [TEST_STEP][PASSED] - delay: Delayed 2 second(s)

2018-06-09 16:59:50 - [MESSAGE][PASSED] - Delayed 2 second(s)

2018-06-09 16:59:50 - [TEST_STEP][PASSED] - Statement - RequestedQty = com.kms.katalon.core.webui.keyword.WebUiBuiltInKeywords.getAttribute(com.kms.katalon.core.testobject.ObjectRepository.findTestObject(DispensaryToStore/Page_Store/input_txttotal), "value"): Attribute 'value' of object 'Object Repository/DispensaryToStore/Page_Store/input_txttotal' is: '10'

2018-06-09 16:59:50 - [MESSAGE][PASSED] - Attribute 'value' of object 'Object Repository/DispensaryToStore/Page_Store/input_txttotal' is: '10'

2018-06-09 16:59:50 - [TEST_STEP][PASSED] - Statement - out.println("Requested QTY : " + RequestedQty): null

2018-06-09 16:59:50 - [TEST_STEP][PASSED] - Statement - BatchNumber = com.kms.katalon.core.webui.keyword.WebUiBuiltInKeywords.getNumberOfTotalOption(com.kms.katalon.core.testobject.ObjectRepository.findTestObject(DispensaryToStore/Page_Store/select_--Select--BA1170BA2376B)): 5 options of object 'Object Repository/DispensaryToStore/Page_Store/select_--Select--BA1170BA2376B' counted

2018-06-09 16:59:50 - [MESSAGE][PASSED] - 5 options of object 'Object Repository/DispensaryToStore/Page_Store/select_--Select--BA1170BA2376B' counted

2018-06-09 16:59:50 - [TEST_STEP][PASSED] - Statement - For ([g = 1, g <= BatchNumber - 1, (g++)]): null

2018-06-09 16:59:50 - [TEST_STEP][PASSED] - selectOptionByIndex: All options with index in [1] are selected on object 'Object Repository/DispensaryToStore/Page_Store/select_--Select--BA1170BA2376B'

2018-06-09 16:59:50 - [MESSAGE][PASSED] - All options with index in [1] are selected on object 'Object Repository/DispensaryToStore/Page_Store/select_--Select--BA1170BA2376B'

2018-06-09 16:59:50 - [TEST_STEP][PASSED] - Statement - Try: null

2018-06-09 16:59:50 - [TEST_STEP][PASSED] - Statement - StockQty = com.kms.katalon.core.webui.keyword.WebUiBuiltInKeywords.getAttribute(com.kms.katalon.core.testobject.ObjectRepository.findTestObject(DispensaryToStore/Page_Store/input_txtprice), "value"): Attribute 'value' of object 'Object Repository/DispensaryToStore/Page_Store/input_txtprice' is: '4'

2018-06-09 16:59:50 - [MESSAGE][PASSED] - Attribute 'value' of object 'Object Repository/DispensaryToStore/Page_Store/input_txtprice' is: '4'

2018-06-09 16:59:50 - [TEST_STEP][PASSED] - Statement - out.println("Stock QTY : " + StockQty): null

2018-06-09 16:59:50 - [TEST_STEP][PASSED] - delay: Delayed 2 second(s)

2018-06-09 16:59:52 - [MESSAGE][PASSED] - Delayed 2 second(s)

2018-06-09 16:59:52 - [TEST_STEP][PASSED] - Statement - If (java.lang.String.valueOf(StockQty) >= java.lang.String.valueOf(RequestedQty)): null

2018-06-09 16:59:52 - [TEST_STEP][PASSED] - setText: Text '10' is set on object 'Object Repository/DispensaryToStore/Page_Store/input_txtqty'

2018-06-09 16:59:52 - [MESSAGE][PASSED] - Text '10' is set on object 'Object Repository/DispensaryToStore/Page_Store/input_txtqty'

2018-06-09 16:59:52 - [TEST_STEP][PASSED] - click: Object: 'Object Repository/DispensaryToStore/Page_Store/button_Add' is clicked on

2018-06-09 16:59:52 - [MESSAGE][PASSED] - Object: 'Object Repository/DispensaryToStore/Page_Store/button_Add' is clicked on

2018-06-09 16:59:52 - [TEST_STEP][PASSED] - Statement - Break: null

2018-06-09 16:59:52 - [TEST_STEP][PASSED] - selectOptionByIndex: All options with index in [8] are selected on object 'Object Repository/DispensaryToStore/Page_Store/select_--Select--Adernaline 0.'

2018-06-09 16:59:52 - [MESSAGE][PASSED] - All options with index in [8] are selected on object 'Object Repository/DispensaryToStore/Page_Store/select_--Select--Adernaline 0.'

2018-06-09 16:59:52 - [TEST_STEP][PASSED] - delay: Delayed 2 second(s)

2018-06-09 16:59:54 - [MESSAGE][PASSED] - Delayed 2 second(s)

2018-06-09 16:59:54 - [TEST_STEP][PASSED] - Statement - RequestedQty = com.kms.katalon.core.webui.keyword.WebUiBuiltInKeywords.getAttribute(com.kms.katalon.core.testobject.ObjectRepository.findTestObject(DispensaryToStore/Page_Store/input_txttotal), "value"): Attribute 'value' of object 'Object Repository/DispensaryToStore/Page_Store/input_txttotal' is: '10'

2018-06-09 16:59:54 - [MESSAGE][PASSED] - Attribute 'value' of object 'Object Repository/DispensaryToStore/Page_Store/input_txttotal' is: '10'

2018-06-09 16:59:54 - [TEST_STEP][PASSED] - Statement - out.println("Requested QTY : " + RequestedQty): null

2018-06-09 16:59:54 - [TEST_STEP][PASSED] - Statement - BatchNumber = com.kms.katalon.core.webui.keyword.WebUiBuiltInKeywords.getNumberOfTotalOption(com.kms.katalon.core.testobject.ObjectRepository.findTestObject(DispensaryToStore/Page_Store/select_--Select--BA1170BA2376B)): 3 options of object 'Object Repository/DispensaryToStore/Page_Store/select_--Select--BA1170BA2376B' counted

2018-06-09 16:59:54 - [MESSAGE][PASSED] - 3 options of object 'Object Repository/DispensaryToStore/Page_Store/select_--Select--BA1170BA2376B' counted

2018-06-09 16:59:54 - [TEST_STEP][FAILED] - Statement - For ([g = 1, g <= BatchNumber - 1, (g++)]): null

2018-06-09 16:59:54 - [TEST_STEP][PASSED] - selectOptionByIndex: All options with index in [1] are selected on object 'Object Repository/DispensaryToStore/Page_Store/select_--Select--BA1170BA2376B'

2018-06-09 16:59:55 - [MESSAGE][PASSED] - All options with index in [1] are selected on object 'Object Repository/DispensaryToStore/Page_Store/select_--Select--BA1170BA2376B'

2018-06-09 16:59:55 - [TEST_STEP][FAILED] - Statement - Try: Unable to set text '10' of object 'Object Repository/DispensaryToStore/Page_Store/input_txtqty' (Root cause: org.openqa.selenium.WebDriverException: unknown error: cannot focus element
  (Session info: chrome=66.0.3359.181)
  (Driver info: chromedriver=2.35.528161 (5b82f2d2aae0ca24b877009200ced9065a772e73),platform=Windows NT 10.0.17134 x86_64) (WARNING: The server did not provide any stacktrace information)
Command duration or timeout: 0 milliseconds
Build info: version: '3.7.1', revision: '8a0099a', time: '2017-11-06T21:07:36.161Z'
System info: host: 'DESKTOP-BLFTK83', ip: '169.254.189.85', os.name: 'Windows 10', os.arch: 'amd64', os.version: '10.0', java.version: '1.8.0_102'
Driver info: com.kms.katalon.selenium.driver.CChromeDriver
Capabilities {acceptInsecureCerts: false, acceptSslCerts: false, applicationCacheEnabled: false, browserConnectionEnabled: false, browserName: chrome, chrome: {chromedriverVersion: 2.35.528161 (5b82f2d2aae0ca..., userDataDir: C:\Users\QUALIT~1\AppData\L...}, cssSelectorsEnabled: true, databaseEnabled: false, handlesAlerts: true, hasTouchScreen: false, javascriptEnabled: true, locationContextEnabled: true, mobileEmulationEnabled: false, nativeEvents: true, networkConnectionEnabled: false, pageLoadStrategy: normal, platform: XP, platformName: XP, rotatable: false, setWindowRect: true, takesHeapSnapshot: true, takesScreenshot: true, unexpectedAlertBehaviour: , unhandledPromptBehavior: , version: 66.0.3359.181, webStorageEnabled: true}
Session ID: ed6e94c7bd55b9cafca2bae911a4fec8)

2018-06-09 16:59:55 - [TEST_STEP][PASSED] - Statement - StockQty = com.kms.katalon.core.webui.keyword.WebUiBuiltInKeywords.getAttribute(com.kms.katalon.core.testobject.ObjectRepository.findTestObject(DispensaryToStore/Page_Store/input_txtprice), "value"): Attribute 'value' of object 'Object Repository/DispensaryToStore/Page_Store/input_txtprice' is: '1414'

2018-06-09 16:59:55 - [MESSAGE][PASSED] - Attribute 'value' of object 'Object Repository/DispensaryToStore/Page_Store/input_txtprice' is: '1414'

2018-06-09 16:59:55 - [TEST_STEP][PASSED] - Statement - out.println("Stock QTY : " + StockQty): null

2018-06-09 16:59:55 - [TEST_STEP][PASSED] - delay: Delayed 2 second(s)

2018-06-09 16:59:57 - [MESSAGE][PASSED] - Delayed 2 second(s)

2018-06-09 16:59:57 - [TEST_STEP][FAILED] - Statement - If (java.lang.String.valueOf(StockQty) >= java.lang.String.valueOf(RequestedQty)): Unable to set text '10' of object 'Object Repository/DispensaryToStore/Page_Store/input_txtqty' (Root cause: org.openqa.selenium.WebDriverException: unknown error: cannot focus element
  (Session info: chrome=66.0.3359.181)
  (Driver info: chromedriver=2.35.528161 (5b82f2d2aae0ca24b877009200ced9065a772e73),platform=Windows NT 10.0.17134 x86_64) (WARNING: The server did not provide any stacktrace information)
Command duration or timeout: 0 milliseconds
Build info: version: '3.7.1', revision: '8a0099a', time: '2017-11-06T21:07:36.161Z'
System info: host: 'DESKTOP-BLFTK83', ip: '169.254.189.85', os.name: 'Windows 10', os.arch: 'amd64', os.version: '10.0', java.version: '1.8.0_102'
Driver info: com.kms.katalon.selenium.driver.CChromeDriver
Capabilities {acceptInsecureCerts: false, acceptSslCerts: false, applicationCacheEnabled: false, browserConnectionEnabled: false, browserName: chrome, chrome: {chromedriverVersion: 2.35.528161 (5b82f2d2aae0ca..., userDataDir: C:\Users\QUALIT~1\AppData\L...}, cssSelectorsEnabled: true, databaseEnabled: false, handlesAlerts: true, hasTouchScreen: false, javascriptEnabled: true, locationContextEnabled: true, mobileEmulationEnabled: false, nativeEvents: true, networkConnectionEnabled: false, pageLoadStrategy: normal, platform: XP, platformName: XP, rotatable: false, setWindowRect: true, takesHeapSnapshot: true, takesScreenshot: true, unexpectedAlertBehaviour: , unhandledPromptBehavior: , version: 66.0.3359.181, webStorageEnabled: true}
Session ID: ed6e94c7bd55b9cafca2bae911a4fec8)

2018-06-09 16:59:57 - [TEST_STEP][FAILED] - setText: Unable to set text '10' of object 'Object Repository/DispensaryToStore/Page_Store/input_txtqty' (Root cause: org.openqa.selenium.WebDriverException: unknown error: cannot focus element
  (Session info: chrome=66.0.3359.181)
  (Driver info: chromedriver=2.35.528161 (5b82f2d2aae0ca24b877009200ced9065a772e73),platform=Windows NT 10.0.17134 x86_64) (WARNING: The server did not provide any stacktrace information)
Command duration or timeout: 0 milliseconds
Build info: version: '3.7.1', revision: '8a0099a', time: '2017-11-06T21:07:36.161Z'
System info: host: 'DESKTOP-BLFTK83', ip: '169.254.189.85', os.name: 'Windows 10', os.arch: 'amd64', os.version: '10.0', java.version: '1.8.0_102'
Driver info: com.kms.katalon.selenium.driver.CChromeDriver
Capabilities {acceptInsecureCerts: false, acceptSslCerts: false, applicationCacheEnabled: false, browserConnectionEnabled: false, browserName: chrome, chrome: {chromedriverVersion: 2.35.528161 (5b82f2d2aae0ca..., userDataDir: C:\Users\QUALIT~1\AppData\L...}, cssSelectorsEnabled: true, databaseEnabled: false, handlesAlerts: true, hasTouchScreen: false, javascriptEnabled: true, locationContextEnabled: true, mobileEmulationEnabled: false, nativeEvents: true, networkConnectionEnabled: false, pageLoadStrategy: normal, platform: XP, platformName: XP, rotatable: false, setWindowRect: true, takesHeapSnapshot: true, takesScreenshot: true, unexpectedAlertBehaviour: , unhandledPromptBehavior: , version: 66.0.3359.181, webStorageEnabled: true}
Session ID: ed6e94c7bd55b9cafca2bae911a4fec8)

2018-06-09 16:59:57 - [MESSAGE][FAILED] - Unable to set text '10' of object 'Object Repository/DispensaryToStore/Page_Store/input_txtqty' (Root cause: org.openqa.selenium.WebDriverException: unknown error: cannot focus element
  (Session info: chrome=66.0.3359.181)
  (Driver info: chromedriver=2.35.528161 (5b82f2d2aae0ca24b877009200ced9065a772e73),platform=Windows NT 10.0.17134 x86_64) (WARNING: The server did not provide any stacktrace information)
Command duration or timeout: 0 milliseconds
Build info: version: '3.7.1', revision: '8a0099a', time: '2017-11-06T21:07:36.161Z'
System info: host: 'DESKTOP-BLFTK83', ip: '169.254.189.85', os.name: 'Windows 10', os.arch: 'amd64', os.version: '10.0', java.version: '1.8.0_102'
Driver info: com.kms.katalon.selenium.driver.CChromeDriver
Capabilities {acceptInsecureCerts: false, acceptSslCerts: false, applicationCacheEnabled: false, browserConnectionEnabled: false, browserName: chrome, chrome: {chromedriverVersion: 2.35.528161 (5b82f2d2aae0ca..., userDataDir: C:\Users\QUALIT~1\AppData\L...}, cssSelectorsEnabled: true, databaseEnabled: false, handlesAlerts: true, hasTouchScreen: false, javascriptEnabled: true, locationContextEnabled: true, mobileEmulationEnabled: false, nativeEvents: true, networkConnectionEnabled: false, pageLoadStrategy: normal, platform: XP, platformName: XP, rotatable: false, setWindowRect: true, takesHeapSnapshot: true, takesScreenshot: true, unexpectedAlertBehaviour: , unhandledPromptBehavior: , version: 66.0.3359.181, webStorageEnabled: true}
Session ID: ed6e94c7bd55b9cafca2bae911a4fec8)
[[ATTACHMENT|C:\\Users\\Quality Analyst\\Katalon Studio\\ds\\Reports\\Dispensary_Store_Suite\\20180609_163001\\1528543797264.png]]

2018-06-09 16:59:57 - [TEST_STEP][PASSED] - Statement - Catch (Exception e): null

2018-06-09 16:59:57 - [TEST_STEP][PASSED] - click: Object: 'Object Repository/DispensaryToStore/Page_Store/button_OK' is clicked on

2018-06-09 16:59:57 - [MESSAGE][PASSED] - Object: 'Object Repository/DispensaryToStore/Page_Store/button_OK' is clicked on

2018-06-09 16:59:57 - [TEST_STEP][PASSED] - Statement - <not implemented yet for class: org.codehaus.groovy.ast.stmt.ContinueStatement>: null

2018-06-09 16:59:57 - [TEST_STEP][PASSED] - selectOptionByIndex: All options with index in [2] are selected on object 'Object Repository/DispensaryToStore/Page_Store/select_--Select--BA1170BA2376B'

2018-06-09 16:59:57 - [MESSAGE][PASSED] - All options with index in [2] are selected on object 'Object Repository/DispensaryToStore/Page_Store/select_--Select--BA1170BA2376B'

2018-06-09 16:59:57 - [TEST_STEP][PASSED] - Statement - Try: null

2018-06-09 16:59:57 - [TEST_STEP][PASSED] - Statement - StockQty = com.kms.katalon.core.webui.keyword.WebUiBuiltInKeywords.getAttribute(com.kms.katalon.core.testobject.ObjectRepository.findTestObject(DispensaryToStore/Page_Store/input_txtprice), "value"): Attribute 'value' of object 'Object Repository/DispensaryToStore/Page_Store/input_txtprice' is: '1414'

2018-06-09 16:59:57 - [MESSAGE][PASSED] - Attribute 'value' of object 'Object Repository/DispensaryToStore/Page_Store/input_txtprice' is: '1414'

2018-06-09 16:59:57 - [TEST_STEP][PASSED] - Statement - out.println("Stock QTY : " + StockQty): null

2018-06-09 16:59:57 - [TEST_STEP][PASSED] - delay: Delayed 2 second(s)

2018-06-09 16:59:59 - [MESSAGE][PASSED] - Delayed 2 second(s)

2018-06-09 16:59:59 - [TEST_STEP][PASSED] - Statement - If (java.lang.String.valueOf(StockQty) >= java.lang.String.valueOf(RequestedQty)): null

2018-06-09 16:59:59 - [TEST_STEP][PASSED] - setText: Text '10' is set on object 'Object Repository/DispensaryToStore/Page_Store/input_txtqty'

2018-06-09 16:59:59 - [MESSAGE][PASSED] - Text '10' is set on object 'Object Repository/DispensaryToStore/Page_Store/input_txtqty'

2018-06-09 16:59:59 - [TEST_STEP][PASSED] - click: Object: 'Object Repository/DispensaryToStore/Page_Store/button_Add' is clicked on

2018-06-09 17:00:00 - [MESSAGE][PASSED] - Object: 'Object Repository/DispensaryToStore/Page_Store/button_Add' is clicked on

2018-06-09 17:00:00 - [TEST_STEP][PASSED] - Statement - Break: null

2018-06-09 17:00:00 - [TEST_STEP][PASSED] - selectOptionByIndex: All options with index in [9] are selected on object 'Object Repository/DispensaryToStore/Page_Store/select_--Select--Adernaline 0.'

2018-06-09 17:00:00 - [MESSAGE][PASSED] - All options with index in [9] are selected on object 'Object Repository/DispensaryToStore/Page_Store/select_--Select--Adernaline 0.'

2018-06-09 17:00:00 - [TEST_STEP][PASSED] - delay: Delayed 2 second(s)

2018-06-09 17:00:02 - [MESSAGE][PASSED] - Delayed 2 second(s)

2018-06-09 17:00:02 - [TEST_STEP][PASSED] - Statement - RequestedQty = com.kms.katalon.core.webui.keyword.WebUiBuiltInKeywords.getAttribute(com.kms.katalon.core.testobject.ObjectRepository.findTestObject(DispensaryToStore/Page_Store/input_txttotal), "value"): Attribute 'value' of object 'Object Repository/DispensaryToStore/Page_Store/input_txttotal' is: '10'

2018-06-09 17:00:02 - [MESSAGE][PASSED] - Attribute 'value' of object 'Object Repository/DispensaryToStore/Page_Store/input_txttotal' is: '10'

2018-06-09 17:00:02 - [TEST_STEP][PASSED] - Statement - out.println("Requested QTY : " + RequestedQty): null

2018-06-09 17:00:02 - [TEST_STEP][PASSED] - Statement - BatchNumber = com.kms.katalon.core.webui.keyword.WebUiBuiltInKeywords.getNumberOfTotalOption(com.kms.katalon.core.testobject.ObjectRepository.findTestObject(DispensaryToStore/Page_Store/select_--Select--BA1170BA2376B)): 3 options of object 'Object Repository/DispensaryToStore/Page_Store/select_--Select--BA1170BA2376B' counted

2018-06-09 17:00:02 - [MESSAGE][PASSED] - 3 options of object 'Object Repository/DispensaryToStore/Page_Store/select_--Select--BA1170BA2376B' counted

2018-06-09 17:00:02 - [TEST_STEP][PASSED] - Statement - For ([g = 1, g <= BatchNumber - 1, (g++)]): null

2018-06-09 17:00:02 - [TEST_STEP][PASSED] - selectOptionByIndex: All options with index in [1] are selected on object 'Object Repository/DispensaryToStore/Page_Store/select_--Select--BA1170BA2376B'

2018-06-09 17:00:02 - [MESSAGE][PASSED] - All options with index in [1] are selected on object 'Object Repository/DispensaryToStore/Page_Store/select_--Select--BA1170BA2376B'

2018-06-09 17:00:02 - [TEST_STEP][PASSED] - Statement - Try: null

2018-06-09 17:00:02 - [TEST_STEP][PASSED] - Statement - StockQty = com.kms.katalon.core.webui.keyword.WebUiBuiltInKeywords.getAttribute(com.kms.katalon.core.testobject.ObjectRepository.findTestObject(DispensaryToStore/Page_Store/input_txtprice), "value"): Attribute 'value' of object 'Object Repository/DispensaryToStore/Page_Store/input_txtprice' is: '969'

2018-06-09 17:00:02 - [MESSAGE][PASSED] - Attribute 'value' of object 'Object Repository/DispensaryToStore/Page_Store/input_txtprice' is: '969'

2018-06-09 17:00:02 - [TEST_STEP][PASSED] - Statement - out.println("Stock QTY : " + StockQty): null

2018-06-09 17:00:02 - [TEST_STEP][PASSED] - delay: Delayed 2 second(s)

2018-06-09 17:00:04 - [MESSAGE][PASSED] - Delayed 2 second(s)

2018-06-09 17:00:04 - [TEST_STEP][PASSED] - Statement - If (java.lang.String.valueOf(StockQty) >= java.lang.String.valueOf(RequestedQty)): null

2018-06-09 17:00:04 - [TEST_STEP][PASSED] - setText: Text '10' is set on object 'Object Repository/DispensaryToStore/Page_Store/input_txtqty'

2018-06-09 17:00:04 - [MESSAGE][PASSED] - Text '10' is set on object 'Object Repository/DispensaryToStore/Page_Store/input_txtqty'

2018-06-09 17:00:04 - [TEST_STEP][PASSED] - click: Object: 'Object Repository/DispensaryToStore/Page_Store/button_Add' is clicked on

2018-06-09 17:00:04 - [MESSAGE][PASSED] - Object: 'Object Repository/DispensaryToStore/Page_Store/button_Add' is clicked on

2018-06-09 17:00:04 - [TEST_STEP][PASSED] - Statement - Break: null

2018-06-09 17:00:04 - [TEST_STEP][PASSED] - selectOptionByIndex: All options with index in [10] are selected on object 'Object Repository/DispensaryToStore/Page_Store/select_--Select--Adernaline 0.'

2018-06-09 17:00:05 - [MESSAGE][PASSED] - All options with index in [10] are selected on object 'Object Repository/DispensaryToStore/Page_Store/select_--Select--Adernaline 0.'

2018-06-09 17:00:05 - [TEST_STEP][PASSED] - delay: Delayed 2 second(s)

2018-06-09 17:00:07 - [MESSAGE][PASSED] - Delayed 2 second(s)

2018-06-09 17:00:07 - [TEST_STEP][PASSED] - Statement - RequestedQty = com.kms.katalon.core.webui.keyword.WebUiBuiltInKeywords.getAttribute(com.kms.katalon.core.testobject.ObjectRepository.findTestObject(DispensaryToStore/Page_Store/input_txttotal), "value"): Attribute 'value' of object 'Object Repository/DispensaryToStore/Page_Store/input_txttotal' is: '10'

2018-06-09 17:00:07 - [MESSAGE][PASSED] - Attribute 'value' of object 'Object Repository/DispensaryToStore/Page_Store/input_txttotal' is: '10'

2018-06-09 17:00:07 - [TEST_STEP][PASSED] - Statement - out.println("Requested QTY : " + RequestedQty): null

2018-06-09 17:00:07 - [TEST_STEP][PASSED] - Statement - BatchNumber = com.kms.katalon.core.webui.keyword.WebUiBuiltInKeywords.getNumberOfTotalOption(com.kms.katalon.core.testobject.ObjectRepository.findTestObject(DispensaryToStore/Page_Store/select_--Select--BA1170BA2376B)): 3 options of object 'Object Repository/DispensaryToStore/Page_Store/select_--Select--BA1170BA2376B' counted

2018-06-09 17:00:07 - [MESSAGE][PASSED] - 3 options of object 'Object Repository/DispensaryToStore/Page_Store/select_--Select--BA1170BA2376B' counted

2018-06-09 17:00:07 - [TEST_STEP][PASSED] - Statement - For ([g = 1, g <= BatchNumber - 1, (g++)]): null

2018-06-09 17:00:07 - [TEST_STEP][PASSED] - selectOptionByIndex: All options with index in [1] are selected on object 'Object Repository/DispensaryToStore/Page_Store/select_--Select--BA1170BA2376B'

2018-06-09 17:00:07 - [MESSAGE][PASSED] - All options with index in [1] are selected on object 'Object Repository/DispensaryToStore/Page_Store/select_--Select--BA1170BA2376B'

2018-06-09 17:00:07 - [TEST_STEP][PASSED] - Statement - Try: null

2018-06-09 17:00:07 - [TEST_STEP][PASSED] - Statement - StockQty = com.kms.katalon.core.webui.keyword.WebUiBuiltInKeywords.getAttribute(com.kms.katalon.core.testobject.ObjectRepository.findTestObject(DispensaryToStore/Page_Store/input_txtprice), "value"): Attribute 'value' of object 'Object Repository/DispensaryToStore/Page_Store/input_txtprice' is: '1635'

2018-06-09 17:00:07 - [MESSAGE][PASSED] - Attribute 'value' of object 'Object Repository/DispensaryToStore/Page_Store/input_txtprice' is: '1635'

2018-06-09 17:00:07 - [TEST_STEP][PASSED] - Statement - out.println("Stock QTY : " + StockQty): null

2018-06-09 17:00:07 - [TEST_STEP][PASSED] - delay: Delayed 2 second(s)

2018-06-09 17:00:09 - [MESSAGE][PASSED] - Delayed 2 second(s)

2018-06-09 17:00:09 - [TEST_STEP][PASSED] - Statement - If (java.lang.String.valueOf(StockQty) >= java.lang.String.valueOf(RequestedQty)): null

2018-06-09 17:00:09 - [TEST_STEP][PASSED] - setText: Text '10' is set on object 'Object Repository/DispensaryToStore/Page_Store/input_txtqty'

2018-06-09 17:00:09 - [MESSAGE][PASSED] - Text '10' is set on object 'Object Repository/DispensaryToStore/Page_Store/input_txtqty'

2018-06-09 17:00:09 - [TEST_STEP][PASSED] - click: Object: 'Object Repository/DispensaryToStore/Page_Store/button_Add' is clicked on

2018-06-09 17:00:09 - [MESSAGE][PASSED] - Object: 'Object Repository/DispensaryToStore/Page_Store/button_Add' is clicked on

2018-06-09 17:00:09 - [TEST_STEP][PASSED] - Statement - Break: null

2018-06-09 17:00:09 - [TEST_STEP][PASSED] - selectOptionByIndex: All options with index in [11] are selected on object 'Object Repository/DispensaryToStore/Page_Store/select_--Select--Adernaline 0.'

2018-06-09 17:00:09 - [MESSAGE][PASSED] - All options with index in [11] are selected on object 'Object Repository/DispensaryToStore/Page_Store/select_--Select--Adernaline 0.'

2018-06-09 17:00:09 - [TEST_STEP][PASSED] - delay: Delayed 2 second(s)

2018-06-09 17:00:11 - [MESSAGE][PASSED] - Delayed 2 second(s)

2018-06-09 17:00:11 - [TEST_STEP][PASSED] - Statement - RequestedQty = com.kms.katalon.core.webui.keyword.WebUiBuiltInKeywords.getAttribute(com.kms.katalon.core.testobject.ObjectRepository.findTestObject(DispensaryToStore/Page_Store/input_txttotal), "value"): Attribute 'value' of object 'Object Repository/DispensaryToStore/Page_Store/input_txttotal' is: '10'

2018-06-09 17:00:11 - [MESSAGE][PASSED] - Attribute 'value' of object 'Object Repository/DispensaryToStore/Page_Store/input_txttotal' is: '10'

2018-06-09 17:00:11 - [TEST_STEP][PASSED] - Statement - out.println("Requested QTY : " + RequestedQty): null

2018-06-09 17:00:11 - [TEST_STEP][PASSED] - Statement - BatchNumber = com.kms.katalon.core.webui.keyword.WebUiBuiltInKeywords.getNumberOfTotalOption(com.kms.katalon.core.testobject.ObjectRepository.findTestObject(DispensaryToStore/Page_Store/select_--Select--BA1170BA2376B)): 3 options of object 'Object Repository/DispensaryToStore/Page_Store/select_--Select--BA1170BA2376B' counted

2018-06-09 17:00:11 - [MESSAGE][PASSED] - 3 options of object 'Object Repository/DispensaryToStore/Page_Store/select_--Select--BA1170BA2376B' counted

2018-06-09 17:00:11 - [TEST_STEP][PASSED] - Statement - For ([g = 1, g <= BatchNumber - 1, (g++)]): null

2018-06-09 17:00:11 - [TEST_STEP][PASSED] - selectOptionByIndex: All options with index in [1] are selected on object 'Object Repository/DispensaryToStore/Page_Store/select_--Select--BA1170BA2376B'

2018-06-09 17:00:11 - [MESSAGE][PASSED] - All options with index in [1] are selected on object 'Object Repository/DispensaryToStore/Page_Store/select_--Select--BA1170BA2376B'

2018-06-09 17:00:11 - [TEST_STEP][PASSED] - Statement - Try: null

2018-06-09 17:00:11 - [TEST_STEP][PASSED] - Statement - StockQty = com.kms.katalon.core.webui.keyword.WebUiBuiltInKeywords.getAttribute(com.kms.katalon.core.testobject.ObjectRepository.findTestObject(DispensaryToStore/Page_Store/input_txtprice), "value"): Attribute 'value' of object 'Object Repository/DispensaryToStore/Page_Store/input_txtprice' is: '1451'

2018-06-09 17:00:11 - [MESSAGE][PASSED] - Attribute 'value' of object 'Object Repository/DispensaryToStore/Page_Store/input_txtprice' is: '1451'

2018-06-09 17:00:11 - [TEST_STEP][PASSED] - Statement - out.println("Stock QTY : " + StockQty): null

2018-06-09 17:00:11 - [TEST_STEP][PASSED] - delay: Delayed 2 second(s)

2018-06-09 17:00:13 - [MESSAGE][PASSED] - Delayed 2 second(s)

2018-06-09 17:00:13 - [TEST_STEP][PASSED] - Statement - If (java.lang.String.valueOf(StockQty) >= java.lang.String.valueOf(RequestedQty)): null

2018-06-09 17:00:13 - [TEST_STEP][PASSED] - setText: Text '10' is set on object 'Object Repository/DispensaryToStore/Page_Store/input_txtqty'

2018-06-09 17:00:14 - [MESSAGE][PASSED] - Text '10' is set on object 'Object Repository/DispensaryToStore/Page_Store/input_txtqty'

2018-06-09 17:00:14 - [TEST_STEP][PASSED] - click: Object: 'Object Repository/DispensaryToStore/Page_Store/button_Add' is clicked on

2018-06-09 17:00:14 - [MESSAGE][PASSED] - Object: 'Object Repository/DispensaryToStore/Page_Store/button_Add' is clicked on

2018-06-09 17:00:14 - [TEST_STEP][PASSED] - Statement - Break: null

2018-06-09 17:00:14 - [TEST_STEP][PASSED] - selectOptionByIndex: All options with index in [12] are selected on object 'Object Repository/DispensaryToStore/Page_Store/select_--Select--Adernaline 0.'

2018-06-09 17:00:14 - [MESSAGE][PASSED] - All options with index in [12] are selected on object 'Object Repository/DispensaryToStore/Page_Store/select_--Select--Adernaline 0.'

2018-06-09 17:00:14 - [TEST_STEP][PASSED] - delay: Delayed 2 second(s)

2018-06-09 17:00:16 - [MESSAGE][PASSED] - Delayed 2 second(s)

2018-06-09 17:00:16 - [TEST_STEP][PASSED] - Statement - RequestedQty = com.kms.katalon.core.webui.keyword.WebUiBuiltInKeywords.getAttribute(com.kms.katalon.core.testobject.ObjectRepository.findTestObject(DispensaryToStore/Page_Store/input_txttotal), "value"): Attribute 'value' of object 'Object Repository/DispensaryToStore/Page_Store/input_txttotal' is: '10'

2018-06-09 17:00:16 - [MESSAGE][PASSED] - Attribute 'value' of object 'Object Repository/DispensaryToStore/Page_Store/input_txttotal' is: '10'

2018-06-09 17:00:16 - [TEST_STEP][PASSED] - Statement - out.println("Requested QTY : " + RequestedQty): null

2018-06-09 17:00:16 - [TEST_STEP][PASSED] - Statement - BatchNumber = com.kms.katalon.core.webui.keyword.WebUiBuiltInKeywords.getNumberOfTotalOption(com.kms.katalon.core.testobject.ObjectRepository.findTestObject(DispensaryToStore/Page_Store/select_--Select--BA1170BA2376B)): 3 options of object 'Object Repository/DispensaryToStore/Page_Store/select_--Select--BA1170BA2376B' counted

2018-06-09 17:00:16 - [MESSAGE][PASSED] - 3 options of object 'Object Repository/DispensaryToStore/Page_Store/select_--Select--BA1170BA2376B' counted

2018-06-09 17:00:16 - [TEST_STEP][PASSED] - Statement - For ([g = 1, g <= BatchNumber - 1, (g++)]): null

2018-06-09 17:00:16 - [TEST_STEP][PASSED] - selectOptionByIndex: All options with index in [1] are selected on object 'Object Repository/DispensaryToStore/Page_Store/select_--Select--BA1170BA2376B'

2018-06-09 17:00:16 - [MESSAGE][PASSED] - All options with index in [1] are selected on object 'Object Repository/DispensaryToStore/Page_Store/select_--Select--BA1170BA2376B'

2018-06-09 17:00:16 - [TEST_STEP][PASSED] - Statement - Try: null

2018-06-09 17:00:16 - [TEST_STEP][PASSED] - Statement - StockQty = com.kms.katalon.core.webui.keyword.WebUiBuiltInKeywords.getAttribute(com.kms.katalon.core.testobject.ObjectRepository.findTestObject(DispensaryToStore/Page_Store/input_txtprice), "value"): Attribute 'value' of object 'Object Repository/DispensaryToStore/Page_Store/input_txtprice' is: '1610'

2018-06-09 17:00:16 - [MESSAGE][PASSED] - Attribute 'value' of object 'Object Repository/DispensaryToStore/Page_Store/input_txtprice' is: '1610'

2018-06-09 17:00:16 - [TEST_STEP][PASSED] - Statement - out.println("Stock QTY : " + StockQty): null

2018-06-09 17:00:16 - [TEST_STEP][PASSED] - delay: Delayed 2 second(s)

2018-06-09 17:00:18 - [MESSAGE][PASSED] - Delayed 2 second(s)

2018-06-09 17:00:18 - [TEST_STEP][PASSED] - Statement - If (java.lang.String.valueOf(StockQty) >= java.lang.String.valueOf(RequestedQty)): null

2018-06-09 17:00:18 - [TEST_STEP][PASSED] - setText: Text '10' is set on object 'Object Repository/DispensaryToStore/Page_Store/input_txtqty'

2018-06-09 17:00:18 - [MESSAGE][PASSED] - Text '10' is set on object 'Object Repository/DispensaryToStore/Page_Store/input_txtqty'

2018-06-09 17:00:18 - [TEST_STEP][PASSED] - click: Object: 'Object Repository/DispensaryToStore/Page_Store/button_Add' is clicked on

2018-06-09 17:00:18 - [MESSAGE][PASSED] - Object: 'Object Repository/DispensaryToStore/Page_Store/button_Add' is clicked on

2018-06-09 17:00:18 - [TEST_STEP][PASSED] - Statement - Break: null

2018-06-09 17:00:18 - [TEST_STEP][PASSED] - selectOptionByIndex: All options with index in [13] are selected on object 'Object Repository/DispensaryToStore/Page_Store/select_--Select--Adernaline 0.'

2018-06-09 17:00:19 - [MESSAGE][PASSED] - All options with index in [13] are selected on object 'Object Repository/DispensaryToStore/Page_Store/select_--Select--Adernaline 0.'

2018-06-09 17:00:19 - [TEST_STEP][PASSED] - delay: Delayed 2 second(s)

2018-06-09 17:00:21 - [MESSAGE][PASSED] - Delayed 2 second(s)

2018-06-09 17:00:21 - [TEST_STEP][PASSED] - Statement - RequestedQty = com.kms.katalon.core.webui.keyword.WebUiBuiltInKeywords.getAttribute(com.kms.katalon.core.testobject.ObjectRepository.findTestObject(DispensaryToStore/Page_Store/input_txttotal), "value"): Attribute 'value' of object 'Object Repository/DispensaryToStore/Page_Store/input_txttotal' is: '10'

2018-06-09 17:00:21 - [MESSAGE][PASSED] - Attribute 'value' of object 'Object Repository/DispensaryToStore/Page_Store/input_txttotal' is: '10'

2018-06-09 17:00:21 - [TEST_STEP][PASSED] - Statement - out.println("Requested QTY : " + RequestedQty): null

2018-06-09 17:00:21 - [TEST_STEP][PASSED] - Statement - BatchNumber = com.kms.katalon.core.webui.keyword.WebUiBuiltInKeywords.getNumberOfTotalOption(com.kms.katalon.core.testobject.ObjectRepository.findTestObject(DispensaryToStore/Page_Store/select_--Select--BA1170BA2376B)): 3 options of object 'Object Repository/DispensaryToStore/Page_Store/select_--Select--BA1170BA2376B' counted

2018-06-09 17:00:21 - [MESSAGE][PASSED] - 3 options of object 'Object Repository/DispensaryToStore/Page_Store/select_--Select--BA1170BA2376B' counted

2018-06-09 17:00:21 - [TEST_STEP][PASSED] - Statement - For ([g = 1, g <= BatchNumber - 1, (g++)]): null

2018-06-09 17:00:21 - [TEST_STEP][PASSED] - selectOptionByIndex: All options with index in [1] are selected on object 'Object Repository/DispensaryToStore/Page_Store/select_--Select--BA1170BA2376B'

2018-06-09 17:00:21 - [MESSAGE][PASSED] - All options with index in [1] are selected on object 'Object Repository/DispensaryToStore/Page_Store/select_--Select--BA1170BA2376B'

2018-06-09 17:00:21 - [TEST_STEP][PASSED] - Statement - Try: null

2018-06-09 17:00:21 - [TEST_STEP][PASSED] - Statement - StockQty = com.kms.katalon.core.webui.keyword.WebUiBuiltInKeywords.getAttribute(com.kms.katalon.core.testobject.ObjectRepository.findTestObject(DispensaryToStore/Page_Store/input_txtprice), "value"): Attribute 'value' of object 'Object Repository/DispensaryToStore/Page_Store/input_txtprice' is: '570'

2018-06-09 17:00:21 - [MESSAGE][PASSED] - Attribute 'value' of object 'Object Repository/DispensaryToStore/Page_Store/input_txtprice' is: '570'

2018-06-09 17:00:21 - [TEST_STEP][PASSED] - Statement - out.println("Stock QTY : " + StockQty): null

2018-06-09 17:00:21 - [TEST_STEP][PASSED] - delay: Delayed 2 second(s)

2018-06-09 17:00:23 - [MESSAGE][PASSED] - Delayed 2 second(s)

2018-06-09 17:00:23 - [TEST_STEP][PASSED] - Statement - If (java.lang.String.valueOf(StockQty) >= java.lang.String.valueOf(RequestedQty)): null

2018-06-09 17:00:23 - [TEST_STEP][PASSED] - setText: Text '10' is set on object 'Object Repository/DispensaryToStore/Page_Store/input_txtqty'

2018-06-09 17:00:23 - [MESSAGE][PASSED] - Text '10' is set on object 'Object Repository/DispensaryToStore/Page_Store/input_txtqty'

2018-06-09 17:00:23 - [TEST_STEP][PASSED] - click: Object: 'Object Repository/DispensaryToStore/Page_Store/button_Add' is clicked on

2018-06-09 17:00:23 - [MESSAGE][PASSED] - Object: 'Object Repository/DispensaryToStore/Page_Store/button_Add' is clicked on

2018-06-09 17:00:23 - [TEST_STEP][PASSED] - Statement - Break: null

2018-06-09 17:00:23 - [TEST_STEP][PASSED] - selectOptionByIndex: All options with index in [14] are selected on object 'Object Repository/DispensaryToStore/Page_Store/select_--Select--Adernaline 0.'

2018-06-09 17:00:23 - [MESSAGE][PASSED] - All options with index in [14] are selected on object 'Object Repository/DispensaryToStore/Page_Store/select_--Select--Adernaline 0.'

2018-06-09 17:00:23 - [TEST_STEP][PASSED] - delay: Delayed 2 second(s)

2018-06-09 17:00:25 - [MESSAGE][PASSED] - Delayed 2 second(s)

2018-06-09 17:00:25 - [TEST_STEP][PASSED] - Statement - RequestedQty = com.kms.katalon.core.webui.keyword.WebUiBuiltInKeywords.getAttribute(com.kms.katalon.core.testobject.ObjectRepository.findTestObject(DispensaryToStore/Page_Store/input_txttotal), "value"): Attribute 'value' of object 'Object Repository/DispensaryToStore/Page_Store/input_txttotal' is: '10'

2018-06-09 17:00:25 - [MESSAGE][PASSED] - Attribute 'value' of object 'Object Repository/DispensaryToStore/Page_Store/input_txttotal' is: '10'

2018-06-09 17:00:25 - [TEST_STEP][PASSED] - Statement - out.println("Requested QTY : " + RequestedQty): null

2018-06-09 17:00:25 - [TEST_STEP][PASSED] - Statement - BatchNumber = com.kms.katalon.core.webui.keyword.WebUiBuiltInKeywords.getNumberOfTotalOption(com.kms.katalon.core.testobject.ObjectRepository.findTestObject(DispensaryToStore/Page_Store/select_--Select--BA1170BA2376B)): 3 options of object 'Object Repository/DispensaryToStore/Page_Store/select_--Select--BA1170BA2376B' counted

2018-06-09 17:00:26 - [MESSAGE][PASSED] - 3 options of object 'Object Repository/DispensaryToStore/Page_Store/select_--Select--BA1170BA2376B' counted

2018-06-09 17:00:26 - [TEST_STEP][PASSED] - Statement - For ([g = 1, g <= BatchNumber - 1, (g++)]): null

2018-06-09 17:00:26 - [TEST_STEP][PASSED] - selectOptionByIndex: All options with index in [1] are selected on object 'Object Repository/DispensaryToStore/Page_Store/select_--Select--BA1170BA2376B'

2018-06-09 17:00:26 - [MESSAGE][PASSED] - All options with index in [1] are selected on object 'Object Repository/DispensaryToStore/Page_Store/select_--Select--BA1170BA2376B'

2018-06-09 17:00:26 - [TEST_STEP][PASSED] - Statement - Try: null

2018-06-09 17:00:26 - [TEST_STEP][PASSED] - Statement - StockQty = com.kms.katalon.core.webui.keyword.WebUiBuiltInKeywords.getAttribute(com.kms.katalon.core.testobject.ObjectRepository.findTestObject(DispensaryToStore/Page_Store/input_txtprice), "value"): Attribute 'value' of object 'Object Repository/DispensaryToStore/Page_Store/input_txtprice' is: '1635'

2018-06-09 17:00:26 - [MESSAGE][PASSED] - Attribute 'value' of object 'Object Repository/DispensaryToStore/Page_Store/input_txtprice' is: '1635'

2018-06-09 17:00:26 - [TEST_STEP][PASSED] - Statement - out.println("Stock QTY : " + StockQty): null

2018-06-09 17:00:26 - [TEST_STEP][PASSED] - delay: Delayed 2 second(s)

2018-06-09 17:00:28 - [MESSAGE][PASSED] - Delayed 2 second(s)

2018-06-09 17:00:28 - [TEST_STEP][PASSED] - Statement - If (java.lang.String.valueOf(StockQty) >= java.lang.String.valueOf(RequestedQty)): null

2018-06-09 17:00:28 - [TEST_STEP][PASSED] - setText: Text '10' is set on object 'Object Repository/DispensaryToStore/Page_Store/input_txtqty'

2018-06-09 17:00:28 - [MESSAGE][PASSED] - Text '10' is set on object 'Object Repository/DispensaryToStore/Page_Store/input_txtqty'

2018-06-09 17:00:28 - [TEST_STEP][PASSED] - click: Object: 'Object Repository/DispensaryToStore/Page_Store/button_Add' is clicked on

2018-06-09 17:00:28 - [MESSAGE][PASSED] - Object: 'Object Repository/DispensaryToStore/Page_Store/button_Add' is clicked on

2018-06-09 17:00:28 - [TEST_STEP][PASSED] - Statement - Break: null

2018-06-09 17:00:28 - [TEST_STEP][PASSED] - selectOptionByIndex: All options with index in [15] are selected on object 'Object Repository/DispensaryToStore/Page_Store/select_--Select--Adernaline 0.'

2018-06-09 17:00:28 - [MESSAGE][PASSED] - All options with index in [15] are selected on object 'Object Repository/DispensaryToStore/Page_Store/select_--Select--Adernaline 0.'

2018-06-09 17:00:28 - [TEST_STEP][PASSED] - delay: Delayed 2 second(s)

2018-06-09 17:00:30 - [MESSAGE][PASSED] - Delayed 2 second(s)

2018-06-09 17:00:30 - [TEST_STEP][PASSED] - Statement - RequestedQty = com.kms.katalon.core.webui.keyword.WebUiBuiltInKeywords.getAttribute(com.kms.katalon.core.testobject.ObjectRepository.findTestObject(DispensaryToStore/Page_Store/input_txttotal), "value"): Attribute 'value' of object 'Object Repository/DispensaryToStore/Page_Store/input_txttotal' is: '10'

2018-06-09 17:00:30 - [MESSAGE][PASSED] - Attribute 'value' of object 'Object Repository/DispensaryToStore/Page_Store/input_txttotal' is: '10'

2018-06-09 17:00:30 - [TEST_STEP][PASSED] - Statement - out.println("Requested QTY : " + RequestedQty): null

2018-06-09 17:00:30 - [TEST_STEP][PASSED] - Statement - BatchNumber = com.kms.katalon.core.webui.keyword.WebUiBuiltInKeywords.getNumberOfTotalOption(com.kms.katalon.core.testobject.ObjectRepository.findTestObject(DispensaryToStore/Page_Store/select_--Select--BA1170BA2376B)): 3 options of object 'Object Repository/DispensaryToStore/Page_Store/select_--Select--BA1170BA2376B' counted

2018-06-09 17:00:30 - [MESSAGE][PASSED] - 3 options of object 'Object Repository/DispensaryToStore/Page_Store/select_--Select--BA1170BA2376B' counted

2018-06-09 17:00:30 - [TEST_STEP][PASSED] - Statement - For ([g = 1, g <= BatchNumber - 1, (g++)]): null

2018-06-09 17:00:30 - [TEST_STEP][PASSED] - selectOptionByIndex: All options with index in [1] are selected on object 'Object Repository/DispensaryToStore/Page_Store/select_--Select--BA1170BA2376B'

2018-06-09 17:00:30 - [MESSAGE][PASSED] - All options with index in [1] are selected on object 'Object Repository/DispensaryToStore/Page_Store/select_--Select--BA1170BA2376B'

2018-06-09 17:00:30 - [TEST_STEP][PASSED] - Statement - Try: null

2018-06-09 17:00:30 - [TEST_STEP][PASSED] - Statement - StockQty = com.kms.katalon.core.webui.keyword.WebUiBuiltInKeywords.getAttribute(com.kms.katalon.core.testobject.ObjectRepository.findTestObject(DispensaryToStore/Page_Store/input_txtprice), "value"): Attribute 'value' of object 'Object Repository/DispensaryToStore/Page_Store/input_txtprice' is: '1625'

2018-06-09 17:00:30 - [MESSAGE][PASSED] - Attribute 'value' of object 'Object Repository/DispensaryToStore/Page_Store/input_txtprice' is: '1625'

2018-06-09 17:00:30 - [TEST_STEP][PASSED] - Statement - out.println("Stock QTY : " + StockQty): null

2018-06-09 17:00:30 - [TEST_STEP][PASSED] - delay: Delayed 2 second(s)

2018-06-09 17:00:32 - [MESSAGE][PASSED] - Delayed 2 second(s)

2018-06-09 17:00:32 - [TEST_STEP][PASSED] - Statement - If (java.lang.String.valueOf(StockQty) >= java.lang.String.valueOf(RequestedQty)): null

2018-06-09 17:00:32 - [TEST_STEP][PASSED] - setText: Text '10' is set on object 'Object Repository/DispensaryToStore/Page_Store/input_txtqty'

2018-06-09 17:00:33 - [MESSAGE][PASSED] - Text '10' is set on object 'Object Repository/DispensaryToStore/Page_Store/input_txtqty'

2018-06-09 17:00:33 - [TEST_STEP][PASSED] - click: Object: 'Object Repository/DispensaryToStore/Page_Store/button_Add' is clicked on

2018-06-09 17:00:33 - [MESSAGE][PASSED] - Object: 'Object Repository/DispensaryToStore/Page_Store/button_Add' is clicked on

2018-06-09 17:00:33 - [TEST_STEP][PASSED] - Statement - Break: null

2018-06-09 17:00:33 - [TEST_STEP][PASSED] - selectOptionByIndex: All options with index in [16] are selected on object 'Object Repository/DispensaryToStore/Page_Store/select_--Select--Adernaline 0.'

2018-06-09 17:00:33 - [MESSAGE][PASSED] - All options with index in [16] are selected on object 'Object Repository/DispensaryToStore/Page_Store/select_--Select--Adernaline 0.'

2018-06-09 17:00:33 - [TEST_STEP][PASSED] - delay: Delayed 2 second(s)

2018-06-09 17:00:35 - [MESSAGE][PASSED] - Delayed 2 second(s)

2018-06-09 17:00:35 - [TEST_STEP][PASSED] - Statement - RequestedQty = com.kms.katalon.core.webui.keyword.WebUiBuiltInKeywords.getAttribute(com.kms.katalon.core.testobject.ObjectRepository.findTestObject(DispensaryToStore/Page_Store/input_txttotal), "value"): Attribute 'value' of object 'Object Repository/DispensaryToStore/Page_Store/input_txttotal' is: '10'

2018-06-09 17:00:35 - [MESSAGE][PASSED] - Attribute 'value' of object 'Object Repository/DispensaryToStore/Page_Store/input_txttotal' is: '10'

2018-06-09 17:00:35 - [TEST_STEP][PASSED] - Statement - out.println("Requested QTY : " + RequestedQty): null

2018-06-09 17:00:35 - [TEST_STEP][PASSED] - Statement - BatchNumber = com.kms.katalon.core.webui.keyword.WebUiBuiltInKeywords.getNumberOfTotalOption(com.kms.katalon.core.testobject.ObjectRepository.findTestObject(DispensaryToStore/Page_Store/select_--Select--BA1170BA2376B)): 2 options of object 'Object Repository/DispensaryToStore/Page_Store/select_--Select--BA1170BA2376B' counted

2018-06-09 17:00:35 - [MESSAGE][PASSED] - 2 options of object 'Object Repository/DispensaryToStore/Page_Store/select_--Select--BA1170BA2376B' counted

2018-06-09 17:00:35 - [TEST_STEP][PASSED] - Statement - For ([g = 1, g <= BatchNumber - 1, (g++)]): null

2018-06-09 17:00:35 - [TEST_STEP][PASSED] - selectOptionByIndex: All options with index in [1] are selected on object 'Object Repository/DispensaryToStore/Page_Store/select_--Select--BA1170BA2376B'

2018-06-09 17:00:35 - [MESSAGE][PASSED] - All options with index in [1] are selected on object 'Object Repository/DispensaryToStore/Page_Store/select_--Select--BA1170BA2376B'

2018-06-09 17:00:35 - [TEST_STEP][PASSED] - Statement - Try: null

2018-06-09 17:00:35 - [TEST_STEP][PASSED] - Statement - StockQty = com.kms.katalon.core.webui.keyword.WebUiBuiltInKeywords.getAttribute(com.kms.katalon.core.testobject.ObjectRepository.findTestObject(DispensaryToStore/Page_Store/input_txtprice), "value"): Attribute 'value' of object 'Object Repository/DispensaryToStore/Page_Store/input_txtprice' is: '570'

2018-06-09 17:00:35 - [MESSAGE][PASSED] - Attribute 'value' of object 'Object Repository/DispensaryToStore/Page_Store/input_txtprice' is: '570'

2018-06-09 17:00:35 - [TEST_STEP][PASSED] - Statement - out.println("Stock QTY : " + StockQty): null

2018-06-09 17:00:35 - [TEST_STEP][PASSED] - delay: Delayed 2 second(s)

2018-06-09 17:00:37 - [MESSAGE][PASSED] - Delayed 2 second(s)

2018-06-09 17:00:37 - [TEST_STEP][PASSED] - Statement - If (java.lang.String.valueOf(StockQty) >= java.lang.String.valueOf(RequestedQty)): null

2018-06-09 17:00:37 - [TEST_STEP][PASSED] - setText: Text '10' is set on object 'Object Repository/DispensaryToStore/Page_Store/input_txtqty'

2018-06-09 17:00:37 - [MESSAGE][PASSED] - Text '10' is set on object 'Object Repository/DispensaryToStore/Page_Store/input_txtqty'

2018-06-09 17:00:37 - [TEST_STEP][PASSED] - click: Object: 'Object Repository/DispensaryToStore/Page_Store/button_Add' is clicked on

2018-06-09 17:00:37 - [MESSAGE][PASSED] - Object: 'Object Repository/DispensaryToStore/Page_Store/button_Add' is clicked on

2018-06-09 17:00:37 - [TEST_STEP][PASSED] - Statement - Break: null

2018-06-09 17:00:37 - [TEST_STEP][PASSED] - scrollToElement: Scroll to object 'Object Repository/DispensaryToStore/Page_Store/input_btnSubmit' successfully

2018-06-09 17:00:37 - [MESSAGE][PASSED] - Scroll to object 'Object Repository/DispensaryToStore/Page_Store/input_btnSubmit' successfully

2018-06-09 17:00:37 - [TEST_STEP][PASSED] - click: Object: 'Object Repository/DispensaryToStore/Page_Store/input_btnSubmit' is clicked on

2018-06-09 17:00:37 - [MESSAGE][PASSED] - Object: 'Object Repository/DispensaryToStore/Page_Store/input_btnSubmit' is clicked on

2018-06-09 17:00:37 - [TEST_STEP][PASSED] - delay: Delayed 3 second(s)

2018-06-09 17:00:40 - [MESSAGE][PASSED] - Delayed 3 second(s)

2018-06-09 17:00:40 - [TEST_STEP][PASSED] - click: Object: 'Object Repository/DispensaryToStore/Page_Store/button_OK' is clicked on

2018-06-09 17:00:41 - [MESSAGE][PASSED] - Object: 'Object Repository/DispensaryToStore/Page_Store/button_OK' is clicked on

2018-06-09 17:00:41 - [TEST_STEP][PASSED] - delay: Delayed 3 second(s)

2018-06-09 17:00:44 - [MESSAGE][PASSED] - Delayed 3 second(s)

2018-06-09 17:00:44 - [TEST_STEP][PASSED] - waitForElementPresent: Object 'Object Repository/DispensaryToStore/Page_Dispensary Store/a_dropdown-toggle' is present

2018-06-09 17:00:44 - [MESSAGE][PASSED] - Object 'Object Repository/DispensaryToStore/Page_Dispensary Store/a_dropdown-toggle' is present

2018-06-09 17:00:44 - [TEST_STEP][PASSED] - click: Object: 'Object Repository/DispensaryToStore/Page_Store/a_dropdown-toggle' is clicked on

2018-06-09 17:00:44 - [MESSAGE][PASSED] - Object: 'Object Repository/DispensaryToStore/Page_Store/a_dropdown-toggle' is clicked on

2018-06-09 17:00:44 - [TEST_STEP][PASSED] - click: Object: 'Object Repository/DispensaryToStore/Page_Store/a_Sign out' is clicked on

2018-06-09 17:00:45 - [MESSAGE][PASSED] - Object: 'Object Repository/DispensaryToStore/Page_Store/a_Sign out' is clicked on

2018-06-09 17:00:45 - [TEST_STEP][PASSED] - closeBrowser: Browser is closed

2018-06-09 17:00:46 - [MESSAGE][PASSED] - Browser is closed]]></system-out>
         <system-err><![CDATA[]]></system-err>
      </testcase>
      <testcase name="Test Cases/DISPENSARY TEST CASES/TC_DP_006 Verify Schedule 6 Dispensary Request Are Working Successfully Or Not" classname="Test Cases/DISPENSARY TEST CASES/TC_DP_006 Verify Schedule 6 Dispensary Request Are Working Successfully Or Not" status="PASSED">
         <system-out><![CDATA[2018-06-09 17:00:46 - [TEST_CASE][PASSED] - Test Cases/DISPENSARY TEST CASES/TC_DP_006 Verify Schedule 6 Dispensary Request Are Working Successfully Or Not: Test Cases/DISPENSARY TEST CASES/TC_DP_006 Verify Schedule 6 Dispensary Request Are Working Successfully Or Not

2018-06-09 17:00:46 - [TEST_STEP][PASSED] - openBrowser: Browser is opened with url: ''

2018-06-09 17:00:48 - [MESSAGE][PASSED] - Browser is opened with url: ''

2018-06-09 17:00:48 - [TEST_STEP][PASSED] - navigateToUrl: Navigate to 'http://192.168.137.1/multihospital_new/HDSplashscreen.aspx' successfully

2018-06-09 17:00:50 - [MESSAGE][PASSED] - Navigate to 'http://192.168.137.1/multihospital_new/HDSplashscreen.aspx' successfully

2018-06-09 17:00:50 - [TEST_STEP][PASSED] - maximizeWindow: Current window maximized

2018-06-09 17:00:51 - [MESSAGE][PASSED] - Current window maximized

2018-06-09 17:00:51 - [TEST_STEP][PASSED] - click: Object: 'Object Repository/DispensaryToStore/Page_KDMC/a_Dispensary Store' is clicked on

2018-06-09 17:00:52 - [MESSAGE][PASSED] - Object: 'Object Repository/DispensaryToStore/Page_KDMC/a_Dispensary Store' is clicked on

2018-06-09 17:00:52 - [TEST_STEP][PASSED] - setText: Text 'rajaram' is set on object 'Object Repository/DispensaryToStore/Page_Dispensary Store Login/input_txtusername'

2018-06-09 17:00:52 - [MESSAGE][PASSED] - Text 'rajaram' is set on object 'Object Repository/DispensaryToStore/Page_Dispensary Store Login/input_txtusername'

2018-06-09 17:00:52 - [TEST_STEP][PASSED] - setText: Text '123' is set on object 'Object Repository/DispensaryToStore/Page_Dispensary Store Login/input_txtpassword'

2018-06-09 17:00:52 - [MESSAGE][PASSED] - Text '123' is set on object 'Object Repository/DispensaryToStore/Page_Dispensary Store Login/input_txtpassword'

2018-06-09 17:00:52 - [TEST_STEP][PASSED] - delay: Delayed 3 second(s)

2018-06-09 17:00:55 - [MESSAGE][PASSED] - Delayed 3 second(s)

2018-06-09 17:00:55 - [TEST_STEP][PASSED] - sendKeys: Keys 'ENTER + ' sent to object: 'Object Repository/DispensaryToStore/Page_Dispensary Store Login/input_txtpassword'

2018-06-09 17:00:56 - [MESSAGE][PASSED] - Keys 'ENTER + ' sent to object: 'Object Repository/DispensaryToStore/Page_Dispensary Store Login/input_txtpassword'

2018-06-09 17:00:56 - [TEST_STEP][PASSED] - delay: Delayed 3 second(s)

2018-06-09 17:00:59 - [MESSAGE][PASSED] - Delayed 3 second(s)

2018-06-09 17:00:59 - [TEST_STEP][PASSED] - click: Object: 'Object Repository/DispensaryToStore/Page_Dispensary Store/a_Request to Store' is clicked on

2018-06-09 17:00:59 - [MESSAGE][PASSED] - Object: 'Object Repository/DispensaryToStore/Page_Dispensary Store/a_Request to Store' is clicked on

2018-06-09 17:00:59 - [TEST_STEP][PASSED] - click: Object: 'Object Repository/DispensaryToStore/Page_Dispensary Store/a_Medicine Request' is clicked on

2018-06-09 17:01:00 - [MESSAGE][PASSED] - Object: 'Object Repository/DispensaryToStore/Page_Dispensary Store/a_Medicine Request' is clicked on

2018-06-09 17:01:00 - [TEST_STEP][PASSED] - selectOptionByIndex: All options with index in [6] are selected on object 'Object Repository/DispensaryToStore/Page_Dispensary Store/select_--Select--Schedule 1Inj'

2018-06-09 17:01:00 - [MESSAGE][PASSED] - All options with index in [6] are selected on object 'Object Repository/DispensaryToStore/Page_Dispensary Store/select_--Select--Schedule 1Inj'

2018-06-09 17:01:00 - [TEST_STEP][PASSED] - Statement - medicineslength = com.kms.katalon.core.webui.keyword.WebUiBuiltInKeywords.getNumberOfTotalOption(com.kms.katalon.core.testobject.ObjectRepository.findTestObject(DispensaryToStore/Page_Dispensary Store/select_--Select--Adernaline 0.)): 14 options of object 'Object Repository/DispensaryToStore/Page_Dispensary Store/select_--Select--Adernaline 0.' counted

2018-06-09 17:01:00 - [MESSAGE][PASSED] - 14 options of object 'Object Repository/DispensaryToStore/Page_Dispensary Store/select_--Select--Adernaline 0.' counted

2018-06-09 17:01:00 - [TEST_STEP][PASSED] - Statement - For ([e = 1, e <= medicineslength - 1, (e++)]): Object: 'Object Repository/DispensaryToStore/Page_Dispensary Store/button_Add' is clicked on

2018-06-09 17:01:00 - [TEST_STEP][PASSED] - selectOptionByIndex: All options with index in [6] are selected on object 'Object Repository/DispensaryToStore/Page_Dispensary Store/select_--Select--Schedule 1Inj'

2018-06-09 17:01:01 - [MESSAGE][PASSED] - All options with index in [6] are selected on object 'Object Repository/DispensaryToStore/Page_Dispensary Store/select_--Select--Schedule 1Inj'

2018-06-09 17:01:01 - [TEST_STEP][PASSED] - selectOptionByIndex: All options with index in [1] are selected on object 'Object Repository/DispensaryToStore/Page_Dispensary Store/select_--Select--Adernaline 0.'

2018-06-09 17:01:01 - [MESSAGE][PASSED] - All options with index in [1] are selected on object 'Object Repository/DispensaryToStore/Page_Dispensary Store/select_--Select--Adernaline 0.'

2018-06-09 17:01:01 - [TEST_STEP][PASSED] - setText: Text '10' is set on object 'Object Repository/DispensaryToStore/Page_Dispensary Store/input_txttreat'

2018-06-09 17:01:01 - [MESSAGE][PASSED] - Text '10' is set on object 'Object Repository/DispensaryToStore/Page_Dispensary Store/input_txttreat'

2018-06-09 17:01:01 - [TEST_STEP][PASSED] - click: Object: 'Object Repository/DispensaryToStore/Page_Dispensary Store/button_Add' is clicked on

2018-06-09 17:01:01 - [MESSAGE][PASSED] - Object: 'Object Repository/DispensaryToStore/Page_Dispensary Store/button_Add' is clicked on

2018-06-09 17:01:01 - [TEST_STEP][PASSED] - selectOptionByIndex: All options with index in [6] are selected on object 'Object Repository/DispensaryToStore/Page_Dispensary Store/select_--Select--Schedule 1Inj'

2018-06-09 17:01:01 - [MESSAGE][PASSED] - All options with index in [6] are selected on object 'Object Repository/DispensaryToStore/Page_Dispensary Store/select_--Select--Schedule 1Inj'

2018-06-09 17:01:01 - [TEST_STEP][PASSED] - selectOptionByIndex: All options with index in [2] are selected on object 'Object Repository/DispensaryToStore/Page_Dispensary Store/select_--Select--Adernaline 0.'

2018-06-09 17:01:01 - [MESSAGE][PASSED] - All options with index in [2] are selected on object 'Object Repository/DispensaryToStore/Page_Dispensary Store/select_--Select--Adernaline 0.'

2018-06-09 17:01:01 - [TEST_STEP][PASSED] - setText: Text '10' is set on object 'Object Repository/DispensaryToStore/Page_Dispensary Store/input_txttreat'

2018-06-09 17:01:01 - [MESSAGE][PASSED] - Text '10' is set on object 'Object Repository/DispensaryToStore/Page_Dispensary Store/input_txttreat'

2018-06-09 17:01:01 - [TEST_STEP][PASSED] - click: Object: 'Object Repository/DispensaryToStore/Page_Dispensary Store/button_Add' is clicked on

2018-06-09 17:01:02 - [MESSAGE][PASSED] - Object: 'Object Repository/DispensaryToStore/Page_Dispensary Store/button_Add' is clicked on

2018-06-09 17:01:02 - [TEST_STEP][PASSED] - selectOptionByIndex: All options with index in [6] are selected on object 'Object Repository/DispensaryToStore/Page_Dispensary Store/select_--Select--Schedule 1Inj'

2018-06-09 17:01:02 - [MESSAGE][PASSED] - All options with index in [6] are selected on object 'Object Repository/DispensaryToStore/Page_Dispensary Store/select_--Select--Schedule 1Inj'

2018-06-09 17:01:02 - [TEST_STEP][PASSED] - selectOptionByIndex: All options with index in [3] are selected on object 'Object Repository/DispensaryToStore/Page_Dispensary Store/select_--Select--Adernaline 0.'

2018-06-09 17:01:02 - [MESSAGE][PASSED] - All options with index in [3] are selected on object 'Object Repository/DispensaryToStore/Page_Dispensary Store/select_--Select--Adernaline 0.'

2018-06-09 17:01:02 - [TEST_STEP][PASSED] - setText: Text '10' is set on object 'Object Repository/DispensaryToStore/Page_Dispensary Store/input_txttreat'

2018-06-09 17:01:02 - [MESSAGE][PASSED] - Text '10' is set on object 'Object Repository/DispensaryToStore/Page_Dispensary Store/input_txttreat'

2018-06-09 17:01:02 - [TEST_STEP][PASSED] - click: Object: 'Object Repository/DispensaryToStore/Page_Dispensary Store/button_Add' is clicked on

2018-06-09 17:01:02 - [MESSAGE][PASSED] - Object: 'Object Repository/DispensaryToStore/Page_Dispensary Store/button_Add' is clicked on

2018-06-09 17:01:02 - [TEST_STEP][PASSED] - selectOptionByIndex: All options with index in [6] are selected on object 'Object Repository/DispensaryToStore/Page_Dispensary Store/select_--Select--Schedule 1Inj'

2018-06-09 17:01:02 - [MESSAGE][PASSED] - All options with index in [6] are selected on object 'Object Repository/DispensaryToStore/Page_Dispensary Store/select_--Select--Schedule 1Inj'

2018-06-09 17:01:02 - [TEST_STEP][PASSED] - selectOptionByIndex: All options with index in [4] are selected on object 'Object Repository/DispensaryToStore/Page_Dispensary Store/select_--Select--Adernaline 0.'

2018-06-09 17:01:02 - [MESSAGE][PASSED] - All options with index in [4] are selected on object 'Object Repository/DispensaryToStore/Page_Dispensary Store/select_--Select--Adernaline 0.'

2018-06-09 17:01:03 - [TEST_STEP][PASSED] - setText: Text '10' is set on object 'Object Repository/DispensaryToStore/Page_Dispensary Store/input_txttreat'

2018-06-09 17:01:03 - [MESSAGE][PASSED] - Text '10' is set on object 'Object Repository/DispensaryToStore/Page_Dispensary Store/input_txttreat'

2018-06-09 17:01:03 - [TEST_STEP][PASSED] - click: Object: 'Object Repository/DispensaryToStore/Page_Dispensary Store/button_Add' is clicked on

2018-06-09 17:01:03 - [MESSAGE][PASSED] - Object: 'Object Repository/DispensaryToStore/Page_Dispensary Store/button_Add' is clicked on

2018-06-09 17:01:03 - [TEST_STEP][PASSED] - selectOptionByIndex: All options with index in [6] are selected on object 'Object Repository/DispensaryToStore/Page_Dispensary Store/select_--Select--Schedule 1Inj'

2018-06-09 17:01:03 - [MESSAGE][PASSED] - All options with index in [6] are selected on object 'Object Repository/DispensaryToStore/Page_Dispensary Store/select_--Select--Schedule 1Inj'

2018-06-09 17:01:03 - [TEST_STEP][PASSED] - selectOptionByIndex: All options with index in [5] are selected on object 'Object Repository/DispensaryToStore/Page_Dispensary Store/select_--Select--Adernaline 0.'

2018-06-09 17:01:03 - [MESSAGE][PASSED] - All options with index in [5] are selected on object 'Object Repository/DispensaryToStore/Page_Dispensary Store/select_--Select--Adernaline 0.'

2018-06-09 17:01:03 - [TEST_STEP][PASSED] - setText: Text '10' is set on object 'Object Repository/DispensaryToStore/Page_Dispensary Store/input_txttreat'

2018-06-09 17:01:03 - [MESSAGE][PASSED] - Text '10' is set on object 'Object Repository/DispensaryToStore/Page_Dispensary Store/input_txttreat'

2018-06-09 17:01:03 - [TEST_STEP][PASSED] - click: Object: 'Object Repository/DispensaryToStore/Page_Dispensary Store/button_Add' is clicked on

2018-06-09 17:01:03 - [MESSAGE][PASSED] - Object: 'Object Repository/DispensaryToStore/Page_Dispensary Store/button_Add' is clicked on

2018-06-09 17:01:03 - [TEST_STEP][PASSED] - selectOptionByIndex: All options with index in [6] are selected on object 'Object Repository/DispensaryToStore/Page_Dispensary Store/select_--Select--Schedule 1Inj'

2018-06-09 17:01:03 - [MESSAGE][PASSED] - All options with index in [6] are selected on object 'Object Repository/DispensaryToStore/Page_Dispensary Store/select_--Select--Schedule 1Inj'

2018-06-09 17:01:03 - [TEST_STEP][PASSED] - selectOptionByIndex: All options with index in [6] are selected on object 'Object Repository/DispensaryToStore/Page_Dispensary Store/select_--Select--Adernaline 0.'

2018-06-09 17:01:04 - [MESSAGE][PASSED] - All options with index in [6] are selected on object 'Object Repository/DispensaryToStore/Page_Dispensary Store/select_--Select--Adernaline 0.'

2018-06-09 17:01:04 - [TEST_STEP][PASSED] - setText: Text '10' is set on object 'Object Repository/DispensaryToStore/Page_Dispensary Store/input_txttreat'

2018-06-09 17:01:04 - [MESSAGE][PASSED] - Text '10' is set on object 'Object Repository/DispensaryToStore/Page_Dispensary Store/input_txttreat'

2018-06-09 17:01:04 - [TEST_STEP][PASSED] - click: Object: 'Object Repository/DispensaryToStore/Page_Dispensary Store/button_Add' is clicked on

2018-06-09 17:01:04 - [MESSAGE][PASSED] - Object: 'Object Repository/DispensaryToStore/Page_Dispensary Store/button_Add' is clicked on

2018-06-09 17:01:04 - [TEST_STEP][PASSED] - selectOptionByIndex: All options with index in [6] are selected on object 'Object Repository/DispensaryToStore/Page_Dispensary Store/select_--Select--Schedule 1Inj'

2018-06-09 17:01:04 - [MESSAGE][PASSED] - All options with index in [6] are selected on object 'Object Repository/DispensaryToStore/Page_Dispensary Store/select_--Select--Schedule 1Inj'

2018-06-09 17:01:04 - [TEST_STEP][PASSED] - selectOptionByIndex: All options with index in [7] are selected on object 'Object Repository/DispensaryToStore/Page_Dispensary Store/select_--Select--Adernaline 0.'

2018-06-09 17:01:04 - [MESSAGE][PASSED] - All options with index in [7] are selected on object 'Object Repository/DispensaryToStore/Page_Dispensary Store/select_--Select--Adernaline 0.'

2018-06-09 17:01:04 - [TEST_STEP][PASSED] - setText: Text '10' is set on object 'Object Repository/DispensaryToStore/Page_Dispensary Store/input_txttreat'

2018-06-09 17:01:04 - [MESSAGE][PASSED] - Text '10' is set on object 'Object Repository/DispensaryToStore/Page_Dispensary Store/input_txttreat'

2018-06-09 17:01:04 - [TEST_STEP][PASSED] - click: Object: 'Object Repository/DispensaryToStore/Page_Dispensary Store/button_Add' is clicked on

2018-06-09 17:01:04 - [MESSAGE][PASSED] - Object: 'Object Repository/DispensaryToStore/Page_Dispensary Store/button_Add' is clicked on

2018-06-09 17:01:04 - [TEST_STEP][PASSED] - selectOptionByIndex: All options with index in [6] are selected on object 'Object Repository/DispensaryToStore/Page_Dispensary Store/select_--Select--Schedule 1Inj'

2018-06-09 17:01:05 - [MESSAGE][PASSED] - All options with index in [6] are selected on object 'Object Repository/DispensaryToStore/Page_Dispensary Store/select_--Select--Schedule 1Inj'

2018-06-09 17:01:05 - [TEST_STEP][PASSED] - selectOptionByIndex: All options with index in [8] are selected on object 'Object Repository/DispensaryToStore/Page_Dispensary Store/select_--Select--Adernaline 0.'

2018-06-09 17:01:05 - [MESSAGE][PASSED] - All options with index in [8] are selected on object 'Object Repository/DispensaryToStore/Page_Dispensary Store/select_--Select--Adernaline 0.'

2018-06-09 17:01:05 - [TEST_STEP][PASSED] - setText: Text '10' is set on object 'Object Repository/DispensaryToStore/Page_Dispensary Store/input_txttreat'

2018-06-09 17:01:05 - [MESSAGE][PASSED] - Text '10' is set on object 'Object Repository/DispensaryToStore/Page_Dispensary Store/input_txttreat'

2018-06-09 17:01:05 - [TEST_STEP][PASSED] - click: Object: 'Object Repository/DispensaryToStore/Page_Dispensary Store/button_Add' is clicked on

2018-06-09 17:01:05 - [MESSAGE][PASSED] - Object: 'Object Repository/DispensaryToStore/Page_Dispensary Store/button_Add' is clicked on

2018-06-09 17:01:05 - [TEST_STEP][PASSED] - selectOptionByIndex: All options with index in [6] are selected on object 'Object Repository/DispensaryToStore/Page_Dispensary Store/select_--Select--Schedule 1Inj'

2018-06-09 17:01:05 - [MESSAGE][PASSED] - All options with index in [6] are selected on object 'Object Repository/DispensaryToStore/Page_Dispensary Store/select_--Select--Schedule 1Inj'

2018-06-09 17:01:05 - [TEST_STEP][PASSED] - selectOptionByIndex: All options with index in [9] are selected on object 'Object Repository/DispensaryToStore/Page_Dispensary Store/select_--Select--Adernaline 0.'

2018-06-09 17:01:06 - [MESSAGE][PASSED] - All options with index in [9] are selected on object 'Object Repository/DispensaryToStore/Page_Dispensary Store/select_--Select--Adernaline 0.'

2018-06-09 17:01:06 - [TEST_STEP][PASSED] - setText: Text '10' is set on object 'Object Repository/DispensaryToStore/Page_Dispensary Store/input_txttreat'

2018-06-09 17:01:06 - [MESSAGE][PASSED] - Text '10' is set on object 'Object Repository/DispensaryToStore/Page_Dispensary Store/input_txttreat'

2018-06-09 17:01:06 - [TEST_STEP][PASSED] - click: Object: 'Object Repository/DispensaryToStore/Page_Dispensary Store/button_Add' is clicked on

2018-06-09 17:01:06 - [MESSAGE][PASSED] - Object: 'Object Repository/DispensaryToStore/Page_Dispensary Store/button_Add' is clicked on

2018-06-09 17:01:06 - [TEST_STEP][PASSED] - selectOptionByIndex: All options with index in [6] are selected on object 'Object Repository/DispensaryToStore/Page_Dispensary Store/select_--Select--Schedule 1Inj'

2018-06-09 17:01:06 - [MESSAGE][PASSED] - All options with index in [6] are selected on object 'Object Repository/DispensaryToStore/Page_Dispensary Store/select_--Select--Schedule 1Inj'

2018-06-09 17:01:06 - [TEST_STEP][PASSED] - selectOptionByIndex: All options with index in [10] are selected on object 'Object Repository/DispensaryToStore/Page_Dispensary Store/select_--Select--Adernaline 0.'

2018-06-09 17:01:06 - [MESSAGE][PASSED] - All options with index in [10] are selected on object 'Object Repository/DispensaryToStore/Page_Dispensary Store/select_--Select--Adernaline 0.'

2018-06-09 17:01:06 - [TEST_STEP][PASSED] - setText: Text '10' is set on object 'Object Repository/DispensaryToStore/Page_Dispensary Store/input_txttreat'

2018-06-09 17:01:06 - [MESSAGE][PASSED] - Text '10' is set on object 'Object Repository/DispensaryToStore/Page_Dispensary Store/input_txttreat'

2018-06-09 17:01:06 - [TEST_STEP][PASSED] - click: Object: 'Object Repository/DispensaryToStore/Page_Dispensary Store/button_Add' is clicked on

2018-06-09 17:01:06 - [MESSAGE][PASSED] - Object: 'Object Repository/DispensaryToStore/Page_Dispensary Store/button_Add' is clicked on

2018-06-09 17:01:06 - [TEST_STEP][PASSED] - selectOptionByIndex: All options with index in [6] are selected on object 'Object Repository/DispensaryToStore/Page_Dispensary Store/select_--Select--Schedule 1Inj'

2018-06-09 17:01:07 - [MESSAGE][PASSED] - All options with index in [6] are selected on object 'Object Repository/DispensaryToStore/Page_Dispensary Store/select_--Select--Schedule 1Inj'

2018-06-09 17:01:07 - [TEST_STEP][PASSED] - selectOptionByIndex: All options with index in [11] are selected on object 'Object Repository/DispensaryToStore/Page_Dispensary Store/select_--Select--Adernaline 0.'

2018-06-09 17:01:07 - [MESSAGE][PASSED] - All options with index in [11] are selected on object 'Object Repository/DispensaryToStore/Page_Dispensary Store/select_--Select--Adernaline 0.'

2018-06-09 17:01:07 - [TEST_STEP][PASSED] - setText: Text '10' is set on object 'Object Repository/DispensaryToStore/Page_Dispensary Store/input_txttreat'

2018-06-09 17:01:07 - [MESSAGE][PASSED] - Text '10' is set on object 'Object Repository/DispensaryToStore/Page_Dispensary Store/input_txttreat'

2018-06-09 17:01:07 - [TEST_STEP][PASSED] - click: Object: 'Object Repository/DispensaryToStore/Page_Dispensary Store/button_Add' is clicked on

2018-06-09 17:01:07 - [MESSAGE][PASSED] - Object: 'Object Repository/DispensaryToStore/Page_Dispensary Store/button_Add' is clicked on

2018-06-09 17:01:07 - [TEST_STEP][PASSED] - selectOptionByIndex: All options with index in [6] are selected on object 'Object Repository/DispensaryToStore/Page_Dispensary Store/select_--Select--Schedule 1Inj'

2018-06-09 17:01:07 - [MESSAGE][PASSED] - All options with index in [6] are selected on object 'Object Repository/DispensaryToStore/Page_Dispensary Store/select_--Select--Schedule 1Inj'

2018-06-09 17:01:07 - [TEST_STEP][PASSED] - selectOptionByIndex: All options with index in [12] are selected on object 'Object Repository/DispensaryToStore/Page_Dispensary Store/select_--Select--Adernaline 0.'

2018-06-09 17:01:07 - [MESSAGE][PASSED] - All options with index in [12] are selected on object 'Object Repository/DispensaryToStore/Page_Dispensary Store/select_--Select--Adernaline 0.'

2018-06-09 17:01:07 - [TEST_STEP][PASSED] - setText: Text '10' is set on object 'Object Repository/DispensaryToStore/Page_Dispensary Store/input_txttreat'

2018-06-09 17:01:08 - [MESSAGE][PASSED] - Text '10' is set on object 'Object Repository/DispensaryToStore/Page_Dispensary Store/input_txttreat'

2018-06-09 17:01:08 - [TEST_STEP][PASSED] - click: Object: 'Object Repository/DispensaryToStore/Page_Dispensary Store/button_Add' is clicked on

2018-06-09 17:01:08 - [MESSAGE][PASSED] - Object: 'Object Repository/DispensaryToStore/Page_Dispensary Store/button_Add' is clicked on

2018-06-09 17:01:08 - [TEST_STEP][PASSED] - selectOptionByIndex: All options with index in [6] are selected on object 'Object Repository/DispensaryToStore/Page_Dispensary Store/select_--Select--Schedule 1Inj'

2018-06-09 17:01:08 - [MESSAGE][PASSED] - All options with index in [6] are selected on object 'Object Repository/DispensaryToStore/Page_Dispensary Store/select_--Select--Schedule 1Inj'

2018-06-09 17:01:08 - [TEST_STEP][PASSED] - selectOptionByIndex: All options with index in [13] are selected on object 'Object Repository/DispensaryToStore/Page_Dispensary Store/select_--Select--Adernaline 0.'

2018-06-09 17:01:08 - [MESSAGE][PASSED] - All options with index in [13] are selected on object 'Object Repository/DispensaryToStore/Page_Dispensary Store/select_--Select--Adernaline 0.'

2018-06-09 17:01:08 - [TEST_STEP][PASSED] - setText: Text '10' is set on object 'Object Repository/DispensaryToStore/Page_Dispensary Store/input_txttreat'

2018-06-09 17:01:08 - [MESSAGE][PASSED] - Text '10' is set on object 'Object Repository/DispensaryToStore/Page_Dispensary Store/input_txttreat'

2018-06-09 17:01:08 - [TEST_STEP][PASSED] - click: Object: 'Object Repository/DispensaryToStore/Page_Dispensary Store/button_Add' is clicked on

2018-06-09 17:01:08 - [MESSAGE][PASSED] - Object: 'Object Repository/DispensaryToStore/Page_Dispensary Store/button_Add' is clicked on

2018-06-09 17:01:08 - [TEST_STEP][PASSED] - scrollToElement: Scroll to object 'Object Repository/DispensaryToStore/Page_Dispensary Store/input_btnsave' successfully

2018-06-09 17:01:08 - [MESSAGE][PASSED] - Scroll to object 'Object Repository/DispensaryToStore/Page_Dispensary Store/input_btnsave' successfully

2018-06-09 17:01:08 - [TEST_STEP][PASSED] - click: Object: 'Object Repository/DispensaryToStore/Page_Dispensary Store/input_btnsave' is clicked on

2018-06-09 17:01:08 - [MESSAGE][PASSED] - Object: 'Object Repository/DispensaryToStore/Page_Dispensary Store/input_btnsave' is clicked on

2018-06-09 17:01:08 - [TEST_STEP][PASSED] - delay: Delayed 3 second(s)

2018-06-09 17:01:11 - [MESSAGE][PASSED] - Delayed 3 second(s)

2018-06-09 17:01:11 - [TEST_STEP][PASSED] - Statement - RN1 = com.kms.katalon.core.webui.keyword.WebUiBuiltInKeywords.getText(com.kms.katalon.core.testobject.ObjectRepository.findTestObject(DispensaryToStore/Page_Dispensary Store/font_HPRNO180520187)): Text of object 'Object Repository/DispensaryToStore/Page_Dispensary Store/font_HPRNO180520187' is: 'DPRNO/09062018/213'

2018-06-09 17:01:11 - [MESSAGE][PASSED] - Text of object 'Object Repository/DispensaryToStore/Page_Dispensary Store/font_HPRNO180520187' is: 'DPRNO/09062018/213'

2018-06-09 17:01:11 - [TEST_STEP][PASSED] - Statement - out.println(RN1): null

2018-06-09 17:01:11 - [TEST_STEP][PASSED] - Statement - RID = RN1.split("/")[2]: null

2018-06-09 17:01:11 - [TEST_STEP][PASSED] - click: Object: 'Object Repository/DispensaryToStore/Page_Dispensary Store/button_OK' is clicked on

2018-06-09 17:01:12 - [MESSAGE][PASSED] - Object: 'Object Repository/DispensaryToStore/Page_Dispensary Store/button_OK' is clicked on

2018-06-09 17:01:12 - [TEST_STEP][PASSED] - delay: Delayed 3 second(s)

2018-06-09 17:01:15 - [MESSAGE][PASSED] - Delayed 3 second(s)

2018-06-09 17:01:15 - [TEST_STEP][PASSED] - waitForElementPresent: Object 'Object Repository/DispensaryToStore/Page_Dispensary Store/a_dropdown-toggle' is present

2018-06-09 17:01:15 - [MESSAGE][PASSED] - Object 'Object Repository/DispensaryToStore/Page_Dispensary Store/a_dropdown-toggle' is present

2018-06-09 17:01:15 - [TEST_STEP][PASSED] - click: Object: 'Object Repository/DispensaryToStore/Page_Dispensary Store/a_dropdown-toggle' is clicked on

2018-06-09 17:01:15 - [MESSAGE][PASSED] - Object: 'Object Repository/DispensaryToStore/Page_Dispensary Store/a_dropdown-toggle' is clicked on

2018-06-09 17:01:15 - [TEST_STEP][PASSED] - click: Object: 'Object Repository/DispensaryToStore/Page_Dispensary Store/a_Sign out' is clicked on

2018-06-09 17:01:16 - [MESSAGE][PASSED] - Object: 'Object Repository/DispensaryToStore/Page_Dispensary Store/a_Sign out' is clicked on

2018-06-09 17:01:16 - [TEST_STEP][PASSED] - delay: Delayed 3 second(s)

2018-06-09 17:01:19 - [MESSAGE][PASSED] - Delayed 3 second(s)

2018-06-09 17:01:19 - [TEST_STEP][PASSED] - navigateToUrl: Navigate to 'http://192.168.137.1/multihospital_new/' successfully

2018-06-09 17:01:19 - [MESSAGE][PASSED] - Navigate to 'http://192.168.137.1/multihospital_new/' successfully

2018-06-09 17:01:19 - [TEST_STEP][PASSED] - click: Object: 'Object Repository/DispensaryToStore/Page_KDMC/a_CMO' is clicked on

2018-06-09 17:01:20 - [MESSAGE][PASSED] - Object: 'Object Repository/DispensaryToStore/Page_KDMC/a_CMO' is clicked on

2018-06-09 17:01:20 - [TEST_STEP][PASSED] - setText: Text 'guru' is set on object 'Object Repository/DispensaryToStore/Page_CMO login/input_txtusername'

2018-06-09 17:01:20 - [MESSAGE][PASSED] - Text 'guru' is set on object 'Object Repository/DispensaryToStore/Page_CMO login/input_txtusername'

2018-06-09 17:01:20 - [TEST_STEP][PASSED] - setText: Text '123' is set on object 'Object Repository/DispensaryToStore/Page_CMO login/input_txtpassword'

2018-06-09 17:01:21 - [MESSAGE][PASSED] - Text '123' is set on object 'Object Repository/DispensaryToStore/Page_CMO login/input_txtpassword'

2018-06-09 17:01:21 - [TEST_STEP][PASSED] - delay: Delayed 3 second(s)

2018-06-09 17:01:24 - [MESSAGE][PASSED] - Delayed 3 second(s)

2018-06-09 17:01:24 - [TEST_STEP][PASSED] - click: Object: 'Object Repository/DispensaryToStore/Page_CMO login/button_Sign in' is clicked on

2018-06-09 17:01:24 - [MESSAGE][PASSED] - Object: 'Object Repository/DispensaryToStore/Page_CMO login/button_Sign in' is clicked on

2018-06-09 17:01:24 - [TEST_STEP][PASSED] - click: Object: 'Object Repository/DispensaryToStore/Page_KDMC - CMO/a_Department Wise Request' is clicked on

2018-06-09 17:01:27 - [MESSAGE][PASSED] - Object: 'Object Repository/DispensaryToStore/Page_KDMC - CMO/a_Department Wise Request' is clicked on

2018-06-09 17:01:27 - [TEST_STEP][PASSED] - delay: Delayed 2 second(s)

2018-06-09 17:01:29 - [MESSAGE][PASSED] - Delayed 2 second(s)

2018-06-09 17:01:29 - [TEST_STEP][PASSED] - selectOptionByIndex: All options with index in [6] are selected on object 'Object Repository/DispensaryToStore/Page_KDMC - CMO/select_--ALL--'

2018-06-09 17:01:29 - [MESSAGE][PASSED] - All options with index in [6] are selected on object 'Object Repository/DispensaryToStore/Page_KDMC - CMO/select_--ALL--'

2018-06-09 17:01:29 - [TEST_STEP][PASSED] - click: Object: 'Object Repository/DispensaryToStore/Page_KDMC - CMO/input_btnsearch' is clicked on

2018-06-09 17:01:29 - [MESSAGE][PASSED] - Object: 'Object Repository/DispensaryToStore/Page_KDMC - CMO/input_btnsearch' is clicked on

2018-06-09 17:01:29 - [TEST_STEP][PASSED] - selectOptionByIndex: All options with index in [1] are selected on object 'Object Repository/DispensaryToStore/Page_KDMC - CMO/select_--ALL--                _1'

2018-06-09 17:01:29 - [MESSAGE][PASSED] - All options with index in [1] are selected on object 'Object Repository/DispensaryToStore/Page_KDMC - CMO/select_--ALL--                _1'

2018-06-09 17:01:29 - [TEST_STEP][PASSED] - click: Object: 'Object Repository/DispensaryToStore/Page_KDMC - CMO/input_btnsearch' is clicked on

2018-06-09 17:01:29 - [MESSAGE][PASSED] - Object: 'Object Repository/DispensaryToStore/Page_KDMC - CMO/input_btnsearch' is clicked on

2018-06-09 17:01:29 - [TEST_STEP][PASSED] - Statement - ID = com.kms.katalon.core.webui.keyword.WebUiBuiltInKeywords.modifyObjectProperty(com.kms.katalon.core.testobject.ObjectRepository.findTestObject(lab/Page_KDMC - CMO/input_1), "xpath", "equals", "//*[@id=" + RID + "]", true): Modify property of object successfully

2018-06-09 17:01:29 - [MESSAGE][PASSED] - Modify property of object successfully

2018-06-09 17:01:29 - [TEST_STEP][PASSED] - click: Object: 'Object Repository/lab/Page_KDMC - CMO/input_1' is clicked on

2018-06-09 17:01:30 - [MESSAGE][PASSED] - Object: 'Object Repository/lab/Page_KDMC - CMO/input_1' is clicked on

2018-06-09 17:01:30 - [TEST_STEP][PASSED] - delay: Delayed 2 second(s)

2018-06-09 17:01:32 - [MESSAGE][PASSED] - Delayed 2 second(s)

2018-06-09 17:01:32 - [TEST_STEP][PASSED] - selectOptionByIndex: All options with index in [1] are selected on object 'Object Repository/DispensaryToStore/Page_KDMC - CMO/select_--Select--'

2018-06-09 17:01:32 - [MESSAGE][PASSED] - All options with index in [1] are selected on object 'Object Repository/DispensaryToStore/Page_KDMC - CMO/select_--Select--'

2018-06-09 17:01:32 - [TEST_STEP][PASSED] - click: Object: 'Object Repository/DispensaryToStore/Page_KDMC - CMO/input_btnupdate' is clicked on

2018-06-09 17:01:32 - [MESSAGE][PASSED] - Object: 'Object Repository/DispensaryToStore/Page_KDMC - CMO/input_btnupdate' is clicked on

2018-06-09 17:01:32 - [TEST_STEP][PASSED] - delay: Delayed 2 second(s)

2018-06-09 17:01:34 - [MESSAGE][PASSED] - Delayed 2 second(s)

2018-06-09 17:01:34 - [TEST_STEP][PASSED] - click: Object: 'Object Repository/DispensaryToStore/Page_KDMC - CMO/button_OK' is clicked on

2018-06-09 17:01:35 - [MESSAGE][PASSED] - Object: 'Object Repository/DispensaryToStore/Page_KDMC - CMO/button_OK' is clicked on

2018-06-09 17:01:35 - [TEST_STEP][PASSED] - delay: Delayed 2 second(s)

2018-06-09 17:01:37 - [MESSAGE][PASSED] - Delayed 2 second(s)

2018-06-09 17:01:37 - [TEST_STEP][PASSED] - waitForElementPresent: Object 'Object Repository/DispensaryToStore/Page_Dispensary Store/a_dropdown-toggle' is not present after 20 second(s)

2018-06-09 17:01:57 - [MESSAGE][WARNING] - Object 'Object Repository/DispensaryToStore/Page_Dispensary Store/a_dropdown-toggle' is not present after 20 second(s)

2018-06-09 17:01:57 - [TEST_STEP][PASSED] - click: Object: 'Object Repository/DispensaryToStore/Page_KDMC - CMO/a_dropdown-toggle' is clicked on

2018-06-09 17:01:57 - [MESSAGE][PASSED] - Object: 'Object Repository/DispensaryToStore/Page_KDMC - CMO/a_dropdown-toggle' is clicked on

2018-06-09 17:01:57 - [TEST_STEP][PASSED] - click: Object: 'Object Repository/DispensaryToStore/Page_KDMC - CMO/a_Sign out' is clicked on

2018-06-09 17:01:58 - [MESSAGE][PASSED] - Object: 'Object Repository/DispensaryToStore/Page_KDMC - CMO/a_Sign out' is clicked on

2018-06-09 17:01:58 - [TEST_STEP][PASSED] - delay: Delayed 3 second(s)

2018-06-09 17:02:01 - [MESSAGE][PASSED] - Delayed 3 second(s)

2018-06-09 17:02:01 - [TEST_STEP][PASSED] - click: Object: 'Object Repository/DispensaryToStore/Page_KDMC/a_Divisional Store' is clicked on

2018-06-09 17:02:02 - [MESSAGE][PASSED] - Object: 'Object Repository/DispensaryToStore/Page_KDMC/a_Divisional Store' is clicked on

2018-06-09 17:02:02 - [TEST_STEP][PASSED] - setText: Text 'ragu' is set on object 'Object Repository/DispensaryToStore/Page_Divisonal Store Login/input_txtusername'

2018-06-09 17:02:02 - [MESSAGE][PASSED] - Text 'ragu' is set on object 'Object Repository/DispensaryToStore/Page_Divisonal Store Login/input_txtusername'

2018-06-09 17:02:02 - [TEST_STEP][PASSED] - setText: Text '123' is set on object 'Object Repository/DispensaryToStore/Page_Divisonal Store Login/input_txtpassword'

2018-06-09 17:02:02 - [MESSAGE][PASSED] - Text '123' is set on object 'Object Repository/DispensaryToStore/Page_Divisonal Store Login/input_txtpassword'

2018-06-09 17:02:02 - [TEST_STEP][PASSED] - delay: Delayed 3 second(s)

2018-06-09 17:02:05 - [MESSAGE][PASSED] - Delayed 3 second(s)

2018-06-09 17:02:05 - [TEST_STEP][PASSED] - click: Object: 'Object Repository/DispensaryToStore/Page_Divisonal Store Login/button_Sign in' is clicked on

2018-06-09 17:02:07 - [MESSAGE][PASSED] - Object: 'Object Repository/DispensaryToStore/Page_Divisonal Store Login/button_Sign in' is clicked on

2018-06-09 17:02:07 - [TEST_STEP][PASSED] - delay: Delayed 3 second(s)

2018-06-09 17:02:10 - [MESSAGE][PASSED] - Delayed 3 second(s)

2018-06-09 17:02:10 - [TEST_STEP][PASSED] - scrollToPosition: Browser is scrolled to position x = 100, y = 100

2018-06-09 17:02:10 - [MESSAGE][PASSED] - Browser is scrolled to position x = 100, y = 100

2018-06-09 17:02:10 - [TEST_STEP][PASSED] - click: Object: 'Object Repository/DispensaryToStore/Page_Store/a_Dispensary Request' is clicked on

2018-06-09 17:02:10 - [MESSAGE][PASSED] - Object: 'Object Repository/DispensaryToStore/Page_Store/a_Dispensary Request' is clicked on

2018-06-09 17:02:10 - [TEST_STEP][PASSED] - delay: Delayed 2 second(s)

2018-06-09 17:02:12 - [MESSAGE][PASSED] - Delayed 2 second(s)

2018-06-09 17:02:12 - [TEST_STEP][PASSED] - click: Object: 'Object Repository/DispensaryToStore/Page_Store/a_Request Item Dispensary' is clicked on

2018-06-09 17:02:13 - [MESSAGE][PASSED] - Object: 'Object Repository/DispensaryToStore/Page_Store/a_Request Item Dispensary' is clicked on

2018-06-09 17:02:13 - [TEST_STEP][PASSED] - Statement - ChooseRequest = com.kms.katalon.core.webui.keyword.WebUiBuiltInKeywords.modifyObjectProperty(com.kms.katalon.core.testobject.ObjectRepository.findTestObject(lab/Page_Store/input_1), "xpath", "equals", "//*[@id=" + RID + "]", true): Modify property of object successfully

2018-06-09 17:02:13 - [MESSAGE][PASSED] - Modify property of object successfully

2018-06-09 17:02:13 - [TEST_STEP][PASSED] - click: Object: 'Object Repository/lab/Page_Store/input_1' is clicked on

2018-06-09 17:02:14 - [MESSAGE][PASSED] - Object: 'Object Repository/lab/Page_Store/input_1' is clicked on

2018-06-09 17:02:14 - [TEST_STEP][PASSED] - Statement - selectedoptions = com.kms.katalon.core.webui.keyword.WebUiBuiltInKeywords.getNumberOfTotalOption(com.kms.katalon.core.testobject.ObjectRepository.findTestObject(DispensaryToStore/Page_Store/select_--Select--Adernaline 0.)): 14 options of object 'Object Repository/DispensaryToStore/Page_Store/select_--Select--Adernaline 0.' counted

2018-06-09 17:02:14 - [MESSAGE][PASSED] - 14 options of object 'Object Repository/DispensaryToStore/Page_Store/select_--Select--Adernaline 0.' counted

2018-06-09 17:02:14 - [TEST_STEP][PASSED] - Statement - For ([a = 1, a <= selectedoptions - 1, (a++)]): null

2018-06-09 17:02:14 - [TEST_STEP][PASSED] - selectOptionByIndex: All options with index in [1] are selected on object 'Object Repository/DispensaryToStore/Page_Store/select_--Select--Adernaline 0.'

2018-06-09 17:02:14 - [MESSAGE][PASSED] - All options with index in [1] are selected on object 'Object Repository/DispensaryToStore/Page_Store/select_--Select--Adernaline 0.'

2018-06-09 17:02:14 - [TEST_STEP][PASSED] - delay: Delayed 2 second(s)

2018-06-09 17:02:16 - [MESSAGE][PASSED] - Delayed 2 second(s)

2018-06-09 17:02:16 - [TEST_STEP][PASSED] - Statement - RequestedQty = com.kms.katalon.core.webui.keyword.WebUiBuiltInKeywords.getAttribute(com.kms.katalon.core.testobject.ObjectRepository.findTestObject(DispensaryToStore/Page_Store/input_txttotal), "value"): Attribute 'value' of object 'Object Repository/DispensaryToStore/Page_Store/input_txttotal' is: '10'

2018-06-09 17:02:16 - [MESSAGE][PASSED] - Attribute 'value' of object 'Object Repository/DispensaryToStore/Page_Store/input_txttotal' is: '10'

2018-06-09 17:02:16 - [TEST_STEP][PASSED] - Statement - out.println("Requested QTY : " + RequestedQty): null

2018-06-09 17:02:16 - [TEST_STEP][PASSED] - Statement - BatchNumber = com.kms.katalon.core.webui.keyword.WebUiBuiltInKeywords.getNumberOfTotalOption(com.kms.katalon.core.testobject.ObjectRepository.findTestObject(DispensaryToStore/Page_Store/select_--Select--BA1170BA2376B)): 3 options of object 'Object Repository/DispensaryToStore/Page_Store/select_--Select--BA1170BA2376B' counted

2018-06-09 17:02:16 - [MESSAGE][PASSED] - 3 options of object 'Object Repository/DispensaryToStore/Page_Store/select_--Select--BA1170BA2376B' counted

2018-06-09 17:02:16 - [TEST_STEP][PASSED] - Statement - For ([g = 1, g <= BatchNumber - 1, (g++)]): null

2018-06-09 17:02:16 - [TEST_STEP][PASSED] - selectOptionByIndex: All options with index in [1] are selected on object 'Object Repository/DispensaryToStore/Page_Store/select_--Select--BA1170BA2376B'

2018-06-09 17:02:17 - [MESSAGE][PASSED] - All options with index in [1] are selected on object 'Object Repository/DispensaryToStore/Page_Store/select_--Select--BA1170BA2376B'

2018-06-09 17:02:17 - [TEST_STEP][PASSED] - Statement - Try: null

2018-06-09 17:02:17 - [TEST_STEP][PASSED] - Statement - StockQty = com.kms.katalon.core.webui.keyword.WebUiBuiltInKeywords.getAttribute(com.kms.katalon.core.testobject.ObjectRepository.findTestObject(DispensaryToStore/Page_Store/input_txtprice), "value"): Attribute 'value' of object 'Object Repository/DispensaryToStore/Page_Store/input_txtprice' is: '840'

2018-06-09 17:02:17 - [MESSAGE][PASSED] - Attribute 'value' of object 'Object Repository/DispensaryToStore/Page_Store/input_txtprice' is: '840'

2018-06-09 17:02:17 - [TEST_STEP][PASSED] - Statement - out.println("Stock QTY : " + StockQty): null

2018-06-09 17:02:17 - [TEST_STEP][PASSED] - delay: Delayed 2 second(s)

2018-06-09 17:02:19 - [MESSAGE][PASSED] - Delayed 2 second(s)

2018-06-09 17:02:19 - [TEST_STEP][PASSED] - Statement - If (java.lang.String.valueOf(StockQty) >= java.lang.String.valueOf(RequestedQty)): null

2018-06-09 17:02:19 - [TEST_STEP][PASSED] - setText: Text '10' is set on object 'Object Repository/DispensaryToStore/Page_Store/input_txtqty'

2018-06-09 17:02:19 - [MESSAGE][PASSED] - Text '10' is set on object 'Object Repository/DispensaryToStore/Page_Store/input_txtqty'

2018-06-09 17:02:19 - [TEST_STEP][PASSED] - click: Object: 'Object Repository/DispensaryToStore/Page_Store/button_Add' is clicked on

2018-06-09 17:02:19 - [MESSAGE][PASSED] - Object: 'Object Repository/DispensaryToStore/Page_Store/button_Add' is clicked on

2018-06-09 17:02:19 - [TEST_STEP][PASSED] - Statement - Break: null

2018-06-09 17:02:19 - [TEST_STEP][PASSED] - selectOptionByIndex: All options with index in [2] are selected on object 'Object Repository/DispensaryToStore/Page_Store/select_--Select--Adernaline 0.'

2018-06-09 17:02:19 - [MESSAGE][PASSED] - All options with index in [2] are selected on object 'Object Repository/DispensaryToStore/Page_Store/select_--Select--Adernaline 0.'

2018-06-09 17:02:19 - [TEST_STEP][PASSED] - delay: Delayed 2 second(s)

2018-06-09 17:02:21 - [MESSAGE][PASSED] - Delayed 2 second(s)

2018-06-09 17:02:21 - [TEST_STEP][PASSED] - Statement - RequestedQty = com.kms.katalon.core.webui.keyword.WebUiBuiltInKeywords.getAttribute(com.kms.katalon.core.testobject.ObjectRepository.findTestObject(DispensaryToStore/Page_Store/input_txttotal), "value"): Attribute 'value' of object 'Object Repository/DispensaryToStore/Page_Store/input_txttotal' is: '10'

2018-06-09 17:02:21 - [MESSAGE][PASSED] - Attribute 'value' of object 'Object Repository/DispensaryToStore/Page_Store/input_txttotal' is: '10'

2018-06-09 17:02:21 - [TEST_STEP][PASSED] - Statement - out.println("Requested QTY : " + RequestedQty): null

2018-06-09 17:02:21 - [TEST_STEP][PASSED] - Statement - BatchNumber = com.kms.katalon.core.webui.keyword.WebUiBuiltInKeywords.getNumberOfTotalOption(com.kms.katalon.core.testobject.ObjectRepository.findTestObject(DispensaryToStore/Page_Store/select_--Select--BA1170BA2376B)): 5 options of object 'Object Repository/DispensaryToStore/Page_Store/select_--Select--BA1170BA2376B' counted

2018-06-09 17:02:21 - [MESSAGE][PASSED] - 5 options of object 'Object Repository/DispensaryToStore/Page_Store/select_--Select--BA1170BA2376B' counted

2018-06-09 17:02:21 - [TEST_STEP][PASSED] - Statement - For ([g = 1, g <= BatchNumber - 1, (g++)]): null

2018-06-09 17:02:21 - [TEST_STEP][PASSED] - selectOptionByIndex: All options with index in [1] are selected on object 'Object Repository/DispensaryToStore/Page_Store/select_--Select--BA1170BA2376B'

2018-06-09 17:02:21 - [MESSAGE][PASSED] - All options with index in [1] are selected on object 'Object Repository/DispensaryToStore/Page_Store/select_--Select--BA1170BA2376B'

2018-06-09 17:02:21 - [TEST_STEP][PASSED] - Statement - Try: null

2018-06-09 17:02:21 - [TEST_STEP][PASSED] - Statement - StockQty = com.kms.katalon.core.webui.keyword.WebUiBuiltInKeywords.getAttribute(com.kms.katalon.core.testobject.ObjectRepository.findTestObject(DispensaryToStore/Page_Store/input_txtprice), "value"): Attribute 'value' of object 'Object Repository/DispensaryToStore/Page_Store/input_txtprice' is: '110'

2018-06-09 17:02:21 - [MESSAGE][PASSED] - Attribute 'value' of object 'Object Repository/DispensaryToStore/Page_Store/input_txtprice' is: '110'

2018-06-09 17:02:21 - [TEST_STEP][PASSED] - Statement - out.println("Stock QTY : " + StockQty): null

2018-06-09 17:02:21 - [TEST_STEP][PASSED] - delay: Delayed 2 second(s)

2018-06-09 17:02:23 - [MESSAGE][PASSED] - Delayed 2 second(s)

2018-06-09 17:02:23 - [TEST_STEP][PASSED] - Statement - If (java.lang.String.valueOf(StockQty) >= java.lang.String.valueOf(RequestedQty)): null

2018-06-09 17:02:23 - [TEST_STEP][PASSED] - setText: Text '10' is set on object 'Object Repository/DispensaryToStore/Page_Store/input_txtqty'

2018-06-09 17:02:23 - [MESSAGE][PASSED] - Text '10' is set on object 'Object Repository/DispensaryToStore/Page_Store/input_txtqty'

2018-06-09 17:02:23 - [TEST_STEP][PASSED] - click: Object: 'Object Repository/DispensaryToStore/Page_Store/button_Add' is clicked on

2018-06-09 17:02:24 - [MESSAGE][PASSED] - Object: 'Object Repository/DispensaryToStore/Page_Store/button_Add' is clicked on

2018-06-09 17:02:24 - [TEST_STEP][PASSED] - Statement - Break: null

2018-06-09 17:02:24 - [TEST_STEP][PASSED] - selectOptionByIndex: All options with index in [3] are selected on object 'Object Repository/DispensaryToStore/Page_Store/select_--Select--Adernaline 0.'

2018-06-09 17:02:24 - [MESSAGE][PASSED] - All options with index in [3] are selected on object 'Object Repository/DispensaryToStore/Page_Store/select_--Select--Adernaline 0.'

2018-06-09 17:02:24 - [TEST_STEP][PASSED] - delay: Delayed 2 second(s)

2018-06-09 17:02:26 - [MESSAGE][PASSED] - Delayed 2 second(s)

2018-06-09 17:02:26 - [TEST_STEP][PASSED] - Statement - RequestedQty = com.kms.katalon.core.webui.keyword.WebUiBuiltInKeywords.getAttribute(com.kms.katalon.core.testobject.ObjectRepository.findTestObject(DispensaryToStore/Page_Store/input_txttotal), "value"): Attribute 'value' of object 'Object Repository/DispensaryToStore/Page_Store/input_txttotal' is: '10'

2018-06-09 17:02:26 - [MESSAGE][PASSED] - Attribute 'value' of object 'Object Repository/DispensaryToStore/Page_Store/input_txttotal' is: '10'

2018-06-09 17:02:26 - [TEST_STEP][PASSED] - Statement - out.println("Requested QTY : " + RequestedQty): null

2018-06-09 17:02:26 - [TEST_STEP][PASSED] - Statement - BatchNumber = com.kms.katalon.core.webui.keyword.WebUiBuiltInKeywords.getNumberOfTotalOption(com.kms.katalon.core.testobject.ObjectRepository.findTestObject(DispensaryToStore/Page_Store/select_--Select--BA1170BA2376B)): 2 options of object 'Object Repository/DispensaryToStore/Page_Store/select_--Select--BA1170BA2376B' counted

2018-06-09 17:02:26 - [MESSAGE][PASSED] - 2 options of object 'Object Repository/DispensaryToStore/Page_Store/select_--Select--BA1170BA2376B' counted

2018-06-09 17:02:26 - [TEST_STEP][PASSED] - Statement - For ([g = 1, g <= BatchNumber - 1, (g++)]): null

2018-06-09 17:02:26 - [TEST_STEP][PASSED] - selectOptionByIndex: All options with index in [1] are selected on object 'Object Repository/DispensaryToStore/Page_Store/select_--Select--BA1170BA2376B'

2018-06-09 17:02:26 - [MESSAGE][PASSED] - All options with index in [1] are selected on object 'Object Repository/DispensaryToStore/Page_Store/select_--Select--BA1170BA2376B'

2018-06-09 17:02:26 - [TEST_STEP][PASSED] - Statement - Try: null

2018-06-09 17:02:26 - [TEST_STEP][PASSED] - Statement - StockQty = com.kms.katalon.core.webui.keyword.WebUiBuiltInKeywords.getAttribute(com.kms.katalon.core.testobject.ObjectRepository.findTestObject(DispensaryToStore/Page_Store/input_txtprice), "value"): Attribute 'value' of object 'Object Repository/DispensaryToStore/Page_Store/input_txtprice' is: '880'

2018-06-09 17:02:26 - [MESSAGE][PASSED] - Attribute 'value' of object 'Object Repository/DispensaryToStore/Page_Store/input_txtprice' is: '880'

2018-06-09 17:02:26 - [TEST_STEP][PASSED] - Statement - out.println("Stock QTY : " + StockQty): null

2018-06-09 17:02:26 - [TEST_STEP][PASSED] - delay: Delayed 2 second(s)

2018-06-09 17:02:28 - [MESSAGE][PASSED] - Delayed 2 second(s)

2018-06-09 17:02:28 - [TEST_STEP][PASSED] - Statement - If (java.lang.String.valueOf(StockQty) >= java.lang.String.valueOf(RequestedQty)): null

2018-06-09 17:02:28 - [TEST_STEP][PASSED] - setText: Text '10' is set on object 'Object Repository/DispensaryToStore/Page_Store/input_txtqty'

2018-06-09 17:02:28 - [MESSAGE][PASSED] - Text '10' is set on object 'Object Repository/DispensaryToStore/Page_Store/input_txtqty'

2018-06-09 17:02:28 - [TEST_STEP][PASSED] - click: Object: 'Object Repository/DispensaryToStore/Page_Store/button_Add' is clicked on

2018-06-09 17:02:28 - [MESSAGE][PASSED] - Object: 'Object Repository/DispensaryToStore/Page_Store/button_Add' is clicked on

2018-06-09 17:02:28 - [TEST_STEP][PASSED] - Statement - Break: null

2018-06-09 17:02:28 - [TEST_STEP][PASSED] - selectOptionByIndex: All options with index in [4] are selected on object 'Object Repository/DispensaryToStore/Page_Store/select_--Select--Adernaline 0.'

2018-06-09 17:02:28 - [MESSAGE][PASSED] - All options with index in [4] are selected on object 'Object Repository/DispensaryToStore/Page_Store/select_--Select--Adernaline 0.'

2018-06-09 17:02:28 - [TEST_STEP][PASSED] - delay: Delayed 2 second(s)

2018-06-09 17:02:30 - [MESSAGE][PASSED] - Delayed 2 second(s)

2018-06-09 17:02:30 - [TEST_STEP][PASSED] - Statement - RequestedQty = com.kms.katalon.core.webui.keyword.WebUiBuiltInKeywords.getAttribute(com.kms.katalon.core.testobject.ObjectRepository.findTestObject(DispensaryToStore/Page_Store/input_txttotal), "value"): Attribute 'value' of object 'Object Repository/DispensaryToStore/Page_Store/input_txttotal' is: '10'

2018-06-09 17:02:30 - [MESSAGE][PASSED] - Attribute 'value' of object 'Object Repository/DispensaryToStore/Page_Store/input_txttotal' is: '10'

2018-06-09 17:02:30 - [TEST_STEP][PASSED] - Statement - out.println("Requested QTY : " + RequestedQty): null

2018-06-09 17:02:30 - [TEST_STEP][PASSED] - Statement - BatchNumber = com.kms.katalon.core.webui.keyword.WebUiBuiltInKeywords.getNumberOfTotalOption(com.kms.katalon.core.testobject.ObjectRepository.findTestObject(DispensaryToStore/Page_Store/select_--Select--BA1170BA2376B)): 3 options of object 'Object Repository/DispensaryToStore/Page_Store/select_--Select--BA1170BA2376B' counted

2018-06-09 17:02:30 - [MESSAGE][PASSED] - 3 options of object 'Object Repository/DispensaryToStore/Page_Store/select_--Select--BA1170BA2376B' counted

2018-06-09 17:02:30 - [TEST_STEP][PASSED] - Statement - For ([g = 1, g <= BatchNumber - 1, (g++)]): null

2018-06-09 17:02:30 - [TEST_STEP][PASSED] - selectOptionByIndex: All options with index in [1] are selected on object 'Object Repository/DispensaryToStore/Page_Store/select_--Select--BA1170BA2376B'

2018-06-09 17:02:31 - [MESSAGE][PASSED] - All options with index in [1] are selected on object 'Object Repository/DispensaryToStore/Page_Store/select_--Select--BA1170BA2376B'

2018-06-09 17:02:31 - [TEST_STEP][PASSED] - Statement - Try: null

2018-06-09 17:02:31 - [TEST_STEP][PASSED] - Statement - StockQty = com.kms.katalon.core.webui.keyword.WebUiBuiltInKeywords.getAttribute(com.kms.katalon.core.testobject.ObjectRepository.findTestObject(DispensaryToStore/Page_Store/input_txtprice), "value"): Attribute 'value' of object 'Object Repository/DispensaryToStore/Page_Store/input_txtprice' is: '840'

2018-06-09 17:02:31 - [MESSAGE][PASSED] - Attribute 'value' of object 'Object Repository/DispensaryToStore/Page_Store/input_txtprice' is: '840'

2018-06-09 17:02:31 - [TEST_STEP][PASSED] - Statement - out.println("Stock QTY : " + StockQty): null

2018-06-09 17:02:31 - [TEST_STEP][PASSED] - delay: Delayed 2 second(s)

2018-06-09 17:02:33 - [MESSAGE][PASSED] - Delayed 2 second(s)

2018-06-09 17:02:33 - [TEST_STEP][PASSED] - Statement - If (java.lang.String.valueOf(StockQty) >= java.lang.String.valueOf(RequestedQty)): null

2018-06-09 17:02:33 - [TEST_STEP][PASSED] - setText: Text '10' is set on object 'Object Repository/DispensaryToStore/Page_Store/input_txtqty'

2018-06-09 17:02:33 - [MESSAGE][PASSED] - Text '10' is set on object 'Object Repository/DispensaryToStore/Page_Store/input_txtqty'

2018-06-09 17:02:33 - [TEST_STEP][PASSED] - click: Object: 'Object Repository/DispensaryToStore/Page_Store/button_Add' is clicked on

2018-06-09 17:02:33 - [MESSAGE][PASSED] - Object: 'Object Repository/DispensaryToStore/Page_Store/button_Add' is clicked on

2018-06-09 17:02:33 - [TEST_STEP][PASSED] - Statement - Break: null

2018-06-09 17:02:33 - [TEST_STEP][PASSED] - selectOptionByIndex: All options with index in [5] are selected on object 'Object Repository/DispensaryToStore/Page_Store/select_--Select--Adernaline 0.'

2018-06-09 17:02:33 - [MESSAGE][PASSED] - All options with index in [5] are selected on object 'Object Repository/DispensaryToStore/Page_Store/select_--Select--Adernaline 0.'

2018-06-09 17:02:33 - [TEST_STEP][PASSED] - delay: Delayed 2 second(s)

2018-06-09 17:02:35 - [MESSAGE][PASSED] - Delayed 2 second(s)

2018-06-09 17:02:35 - [TEST_STEP][PASSED] - Statement - RequestedQty = com.kms.katalon.core.webui.keyword.WebUiBuiltInKeywords.getAttribute(com.kms.katalon.core.testobject.ObjectRepository.findTestObject(DispensaryToStore/Page_Store/input_txttotal), "value"): Attribute 'value' of object 'Object Repository/DispensaryToStore/Page_Store/input_txttotal' is: '10'

2018-06-09 17:02:35 - [MESSAGE][PASSED] - Attribute 'value' of object 'Object Repository/DispensaryToStore/Page_Store/input_txttotal' is: '10'

2018-06-09 17:02:35 - [TEST_STEP][PASSED] - Statement - out.println("Requested QTY : " + RequestedQty): null

2018-06-09 17:02:35 - [TEST_STEP][PASSED] - Statement - BatchNumber = com.kms.katalon.core.webui.keyword.WebUiBuiltInKeywords.getNumberOfTotalOption(com.kms.katalon.core.testobject.ObjectRepository.findTestObject(DispensaryToStore/Page_Store/select_--Select--BA1170BA2376B)): 2 options of object 'Object Repository/DispensaryToStore/Page_Store/select_--Select--BA1170BA2376B' counted

2018-06-09 17:02:35 - [MESSAGE][PASSED] - 2 options of object 'Object Repository/DispensaryToStore/Page_Store/select_--Select--BA1170BA2376B' counted

2018-06-09 17:02:35 - [TEST_STEP][PASSED] - Statement - For ([g = 1, g <= BatchNumber - 1, (g++)]): null

2018-06-09 17:02:35 - [TEST_STEP][PASSED] - selectOptionByIndex: All options with index in [1] are selected on object 'Object Repository/DispensaryToStore/Page_Store/select_--Select--BA1170BA2376B'

2018-06-09 17:02:35 - [MESSAGE][PASSED] - All options with index in [1] are selected on object 'Object Repository/DispensaryToStore/Page_Store/select_--Select--BA1170BA2376B'

2018-06-09 17:02:35 - [TEST_STEP][PASSED] - Statement - Try: null

2018-06-09 17:02:35 - [TEST_STEP][PASSED] - Statement - StockQty = com.kms.katalon.core.webui.keyword.WebUiBuiltInKeywords.getAttribute(com.kms.katalon.core.testobject.ObjectRepository.findTestObject(DispensaryToStore/Page_Store/input_txtprice), "value"): Attribute 'value' of object 'Object Repository/DispensaryToStore/Page_Store/input_txtprice' is: '800'

2018-06-09 17:02:35 - [MESSAGE][PASSED] - Attribute 'value' of object 'Object Repository/DispensaryToStore/Page_Store/input_txtprice' is: '800'

2018-06-09 17:02:35 - [TEST_STEP][PASSED] - Statement - out.println("Stock QTY : " + StockQty): null

2018-06-09 17:02:35 - [TEST_STEP][PASSED] - delay: Delayed 2 second(s)

2018-06-09 17:02:37 - [MESSAGE][PASSED] - Delayed 2 second(s)

2018-06-09 17:02:37 - [TEST_STEP][PASSED] - Statement - If (java.lang.String.valueOf(StockQty) >= java.lang.String.valueOf(RequestedQty)): null

2018-06-09 17:02:37 - [TEST_STEP][PASSED] - setText: Text '10' is set on object 'Object Repository/DispensaryToStore/Page_Store/input_txtqty'

2018-06-09 17:02:37 - [MESSAGE][PASSED] - Text '10' is set on object 'Object Repository/DispensaryToStore/Page_Store/input_txtqty'

2018-06-09 17:02:37 - [TEST_STEP][PASSED] - click: Object: 'Object Repository/DispensaryToStore/Page_Store/button_Add' is clicked on

2018-06-09 17:02:37 - [MESSAGE][PASSED] - Object: 'Object Repository/DispensaryToStore/Page_Store/button_Add' is clicked on

2018-06-09 17:02:37 - [TEST_STEP][PASSED] - Statement - Break: null

2018-06-09 17:02:37 - [TEST_STEP][PASSED] - selectOptionByIndex: All options with index in [6] are selected on object 'Object Repository/DispensaryToStore/Page_Store/select_--Select--Adernaline 0.'

2018-06-09 17:02:38 - [MESSAGE][PASSED] - All options with index in [6] are selected on object 'Object Repository/DispensaryToStore/Page_Store/select_--Select--Adernaline 0.'

2018-06-09 17:02:38 - [TEST_STEP][PASSED] - delay: Delayed 2 second(s)

2018-06-09 17:02:40 - [MESSAGE][PASSED] - Delayed 2 second(s)

2018-06-09 17:02:40 - [TEST_STEP][PASSED] - Statement - RequestedQty = com.kms.katalon.core.webui.keyword.WebUiBuiltInKeywords.getAttribute(com.kms.katalon.core.testobject.ObjectRepository.findTestObject(DispensaryToStore/Page_Store/input_txttotal), "value"): Attribute 'value' of object 'Object Repository/DispensaryToStore/Page_Store/input_txttotal' is: '10'

2018-06-09 17:02:40 - [MESSAGE][PASSED] - Attribute 'value' of object 'Object Repository/DispensaryToStore/Page_Store/input_txttotal' is: '10'

2018-06-09 17:02:40 - [TEST_STEP][PASSED] - Statement - out.println("Requested QTY : " + RequestedQty): null

2018-06-09 17:02:40 - [TEST_STEP][PASSED] - Statement - BatchNumber = com.kms.katalon.core.webui.keyword.WebUiBuiltInKeywords.getNumberOfTotalOption(com.kms.katalon.core.testobject.ObjectRepository.findTestObject(DispensaryToStore/Page_Store/select_--Select--BA1170BA2376B)): 3 options of object 'Object Repository/DispensaryToStore/Page_Store/select_--Select--BA1170BA2376B' counted

2018-06-09 17:02:40 - [MESSAGE][PASSED] - 3 options of object 'Object Repository/DispensaryToStore/Page_Store/select_--Select--BA1170BA2376B' counted

2018-06-09 17:02:40 - [TEST_STEP][PASSED] - Statement - For ([g = 1, g <= BatchNumber - 1, (g++)]): null

2018-06-09 17:02:40 - [TEST_STEP][PASSED] - selectOptionByIndex: All options with index in [1] are selected on object 'Object Repository/DispensaryToStore/Page_Store/select_--Select--BA1170BA2376B'

2018-06-09 17:02:40 - [MESSAGE][PASSED] - All options with index in [1] are selected on object 'Object Repository/DispensaryToStore/Page_Store/select_--Select--BA1170BA2376B'

2018-06-09 17:02:40 - [TEST_STEP][PASSED] - Statement - Try: null

2018-06-09 17:02:40 - [TEST_STEP][PASSED] - Statement - StockQty = com.kms.katalon.core.webui.keyword.WebUiBuiltInKeywords.getAttribute(com.kms.katalon.core.testobject.ObjectRepository.findTestObject(DispensaryToStore/Page_Store/input_txtprice), "value"): Attribute 'value' of object 'Object Repository/DispensaryToStore/Page_Store/input_txtprice' is: '860'

2018-06-09 17:02:40 - [MESSAGE][PASSED] - Attribute 'value' of object 'Object Repository/DispensaryToStore/Page_Store/input_txtprice' is: '860'

2018-06-09 17:02:40 - [TEST_STEP][PASSED] - Statement - out.println("Stock QTY : " + StockQty): null

2018-06-09 17:02:40 - [TEST_STEP][PASSED] - delay: Delayed 2 second(s)

2018-06-09 17:02:42 - [MESSAGE][PASSED] - Delayed 2 second(s)

2018-06-09 17:02:42 - [TEST_STEP][PASSED] - Statement - If (java.lang.String.valueOf(StockQty) >= java.lang.String.valueOf(RequestedQty)): null

2018-06-09 17:02:42 - [TEST_STEP][PASSED] - setText: Text '10' is set on object 'Object Repository/DispensaryToStore/Page_Store/input_txtqty'

2018-06-09 17:02:42 - [MESSAGE][PASSED] - Text '10' is set on object 'Object Repository/DispensaryToStore/Page_Store/input_txtqty'

2018-06-09 17:02:42 - [TEST_STEP][PASSED] - click: Object: 'Object Repository/DispensaryToStore/Page_Store/button_Add' is clicked on

2018-06-09 17:02:42 - [MESSAGE][PASSED] - Object: 'Object Repository/DispensaryToStore/Page_Store/button_Add' is clicked on

2018-06-09 17:02:42 - [TEST_STEP][PASSED] - Statement - Break: null

2018-06-09 17:02:42 - [TEST_STEP][PASSED] - selectOptionByIndex: All options with index in [7] are selected on object 'Object Repository/DispensaryToStore/Page_Store/select_--Select--Adernaline 0.'

2018-06-09 17:02:42 - [MESSAGE][PASSED] - All options with index in [7] are selected on object 'Object Repository/DispensaryToStore/Page_Store/select_--Select--Adernaline 0.'

2018-06-09 17:02:42 - [TEST_STEP][PASSED] - delay: Delayed 2 second(s)

2018-06-09 17:02:44 - [MESSAGE][PASSED] - Delayed 2 second(s)

2018-06-09 17:02:44 - [TEST_STEP][PASSED] - Statement - RequestedQty = com.kms.katalon.core.webui.keyword.WebUiBuiltInKeywords.getAttribute(com.kms.katalon.core.testobject.ObjectRepository.findTestObject(DispensaryToStore/Page_Store/input_txttotal), "value"): Attribute 'value' of object 'Object Repository/DispensaryToStore/Page_Store/input_txttotal' is: '10'

2018-06-09 17:02:44 - [MESSAGE][PASSED] - Attribute 'value' of object 'Object Repository/DispensaryToStore/Page_Store/input_txttotal' is: '10'

2018-06-09 17:02:44 - [TEST_STEP][PASSED] - Statement - out.println("Requested QTY : " + RequestedQty): null

2018-06-09 17:02:44 - [TEST_STEP][PASSED] - Statement - BatchNumber = com.kms.katalon.core.webui.keyword.WebUiBuiltInKeywords.getNumberOfTotalOption(com.kms.katalon.core.testobject.ObjectRepository.findTestObject(DispensaryToStore/Page_Store/select_--Select--BA1170BA2376B)): 4 options of object 'Object Repository/DispensaryToStore/Page_Store/select_--Select--BA1170BA2376B' counted

2018-06-09 17:02:44 - [MESSAGE][PASSED] - 4 options of object 'Object Repository/DispensaryToStore/Page_Store/select_--Select--BA1170BA2376B' counted

2018-06-09 17:02:44 - [TEST_STEP][PASSED] - Statement - For ([g = 1, g <= BatchNumber - 1, (g++)]): null

2018-06-09 17:02:44 - [TEST_STEP][PASSED] - selectOptionByIndex: All options with index in [1] are selected on object 'Object Repository/DispensaryToStore/Page_Store/select_--Select--BA1170BA2376B'

2018-06-09 17:02:44 - [MESSAGE][PASSED] - All options with index in [1] are selected on object 'Object Repository/DispensaryToStore/Page_Store/select_--Select--BA1170BA2376B'

2018-06-09 17:02:44 - [TEST_STEP][PASSED] - Statement - Try: null

2018-06-09 17:02:44 - [TEST_STEP][PASSED] - Statement - StockQty = com.kms.katalon.core.webui.keyword.WebUiBuiltInKeywords.getAttribute(com.kms.katalon.core.testobject.ObjectRepository.findTestObject(DispensaryToStore/Page_Store/input_txtprice), "value"): Attribute 'value' of object 'Object Repository/DispensaryToStore/Page_Store/input_txtprice' is: '290'

2018-06-09 17:02:45 - [MESSAGE][PASSED] - Attribute 'value' of object 'Object Repository/DispensaryToStore/Page_Store/input_txtprice' is: '290'

2018-06-09 17:02:45 - [TEST_STEP][PASSED] - Statement - out.println("Stock QTY : " + StockQty): null

2018-06-09 17:02:45 - [TEST_STEP][PASSED] - delay: Delayed 2 second(s)

2018-06-09 17:02:47 - [MESSAGE][PASSED] - Delayed 2 second(s)

2018-06-09 17:02:47 - [TEST_STEP][PASSED] - Statement - If (java.lang.String.valueOf(StockQty) >= java.lang.String.valueOf(RequestedQty)): null

2018-06-09 17:02:47 - [TEST_STEP][PASSED] - setText: Text '10' is set on object 'Object Repository/DispensaryToStore/Page_Store/input_txtqty'

2018-06-09 17:02:47 - [MESSAGE][PASSED] - Text '10' is set on object 'Object Repository/DispensaryToStore/Page_Store/input_txtqty'

2018-06-09 17:02:47 - [TEST_STEP][PASSED] - click: Object: 'Object Repository/DispensaryToStore/Page_Store/button_Add' is clicked on

2018-06-09 17:02:47 - [MESSAGE][PASSED] - Object: 'Object Repository/DispensaryToStore/Page_Store/button_Add' is clicked on

2018-06-09 17:02:47 - [TEST_STEP][PASSED] - Statement - Break: null

2018-06-09 17:02:47 - [TEST_STEP][PASSED] - selectOptionByIndex: All options with index in [8] are selected on object 'Object Repository/DispensaryToStore/Page_Store/select_--Select--Adernaline 0.'

2018-06-09 17:02:47 - [MESSAGE][PASSED] - All options with index in [8] are selected on object 'Object Repository/DispensaryToStore/Page_Store/select_--Select--Adernaline 0.'

2018-06-09 17:02:47 - [TEST_STEP][PASSED] - delay: Delayed 2 second(s)

2018-06-09 17:02:49 - [MESSAGE][PASSED] - Delayed 2 second(s)

2018-06-09 17:02:49 - [TEST_STEP][PASSED] - Statement - RequestedQty = com.kms.katalon.core.webui.keyword.WebUiBuiltInKeywords.getAttribute(com.kms.katalon.core.testobject.ObjectRepository.findTestObject(DispensaryToStore/Page_Store/input_txttotal), "value"): Attribute 'value' of object 'Object Repository/DispensaryToStore/Page_Store/input_txttotal' is: '10'

2018-06-09 17:02:49 - [MESSAGE][PASSED] - Attribute 'value' of object 'Object Repository/DispensaryToStore/Page_Store/input_txttotal' is: '10'

2018-06-09 17:02:49 - [TEST_STEP][PASSED] - Statement - out.println("Requested QTY : " + RequestedQty): null

2018-06-09 17:02:49 - [TEST_STEP][PASSED] - Statement - BatchNumber = com.kms.katalon.core.webui.keyword.WebUiBuiltInKeywords.getNumberOfTotalOption(com.kms.katalon.core.testobject.ObjectRepository.findTestObject(DispensaryToStore/Page_Store/select_--Select--BA1170BA2376B)): 4 options of object 'Object Repository/DispensaryToStore/Page_Store/select_--Select--BA1170BA2376B' counted

2018-06-09 17:02:49 - [MESSAGE][PASSED] - 4 options of object 'Object Repository/DispensaryToStore/Page_Store/select_--Select--BA1170BA2376B' counted

2018-06-09 17:02:49 - [TEST_STEP][PASSED] - Statement - For ([g = 1, g <= BatchNumber - 1, (g++)]): null

2018-06-09 17:02:49 - [TEST_STEP][PASSED] - selectOptionByIndex: All options with index in [1] are selected on object 'Object Repository/DispensaryToStore/Page_Store/select_--Select--BA1170BA2376B'

2018-06-09 17:02:49 - [MESSAGE][PASSED] - All options with index in [1] are selected on object 'Object Repository/DispensaryToStore/Page_Store/select_--Select--BA1170BA2376B'

2018-06-09 17:02:49 - [TEST_STEP][PASSED] - Statement - Try: null

2018-06-09 17:02:49 - [TEST_STEP][PASSED] - Statement - StockQty = com.kms.katalon.core.webui.keyword.WebUiBuiltInKeywords.getAttribute(com.kms.katalon.core.testobject.ObjectRepository.findTestObject(DispensaryToStore/Page_Store/input_txtprice), "value"): Attribute 'value' of object 'Object Repository/DispensaryToStore/Page_Store/input_txtprice' is: '290'

2018-06-09 17:02:49 - [MESSAGE][PASSED] - Attribute 'value' of object 'Object Repository/DispensaryToStore/Page_Store/input_txtprice' is: '290'

2018-06-09 17:02:49 - [TEST_STEP][PASSED] - Statement - out.println("Stock QTY : " + StockQty): null

2018-06-09 17:02:49 - [TEST_STEP][PASSED] - delay: Delayed 2 second(s)

2018-06-09 17:02:51 - [MESSAGE][PASSED] - Delayed 2 second(s)

2018-06-09 17:02:51 - [TEST_STEP][PASSED] - Statement - If (java.lang.String.valueOf(StockQty) >= java.lang.String.valueOf(RequestedQty)): null

2018-06-09 17:02:51 - [TEST_STEP][PASSED] - setText: Text '10' is set on object 'Object Repository/DispensaryToStore/Page_Store/input_txtqty'

2018-06-09 17:02:51 - [MESSAGE][PASSED] - Text '10' is set on object 'Object Repository/DispensaryToStore/Page_Store/input_txtqty'

2018-06-09 17:02:51 - [TEST_STEP][PASSED] - click: Object: 'Object Repository/DispensaryToStore/Page_Store/button_Add' is clicked on

2018-06-09 17:02:51 - [MESSAGE][PASSED] - Object: 'Object Repository/DispensaryToStore/Page_Store/button_Add' is clicked on

2018-06-09 17:02:51 - [TEST_STEP][PASSED] - Statement - Break: null

2018-06-09 17:02:51 - [TEST_STEP][PASSED] - selectOptionByIndex: All options with index in [9] are selected on object 'Object Repository/DispensaryToStore/Page_Store/select_--Select--Adernaline 0.'

2018-06-09 17:02:52 - [MESSAGE][PASSED] - All options with index in [9] are selected on object 'Object Repository/DispensaryToStore/Page_Store/select_--Select--Adernaline 0.'

2018-06-09 17:02:52 - [TEST_STEP][PASSED] - delay: Delayed 2 second(s)

2018-06-09 17:02:54 - [MESSAGE][PASSED] - Delayed 2 second(s)

2018-06-09 17:02:54 - [TEST_STEP][PASSED] - Statement - RequestedQty = com.kms.katalon.core.webui.keyword.WebUiBuiltInKeywords.getAttribute(com.kms.katalon.core.testobject.ObjectRepository.findTestObject(DispensaryToStore/Page_Store/input_txttotal), "value"): Attribute 'value' of object 'Object Repository/DispensaryToStore/Page_Store/input_txttotal' is: '10'

2018-06-09 17:02:54 - [MESSAGE][PASSED] - Attribute 'value' of object 'Object Repository/DispensaryToStore/Page_Store/input_txttotal' is: '10'

2018-06-09 17:02:54 - [TEST_STEP][PASSED] - Statement - out.println("Requested QTY : " + RequestedQty): null

2018-06-09 17:02:54 - [TEST_STEP][PASSED] - Statement - BatchNumber = com.kms.katalon.core.webui.keyword.WebUiBuiltInKeywords.getNumberOfTotalOption(com.kms.katalon.core.testobject.ObjectRepository.findTestObject(DispensaryToStore/Page_Store/select_--Select--BA1170BA2376B)): 4 options of object 'Object Repository/DispensaryToStore/Page_Store/select_--Select--BA1170BA2376B' counted

2018-06-09 17:02:54 - [MESSAGE][PASSED] - 4 options of object 'Object Repository/DispensaryToStore/Page_Store/select_--Select--BA1170BA2376B' counted

2018-06-09 17:02:54 - [TEST_STEP][PASSED] - Statement - For ([g = 1, g <= BatchNumber - 1, (g++)]): null

2018-06-09 17:02:54 - [TEST_STEP][PASSED] - selectOptionByIndex: All options with index in [1] are selected on object 'Object Repository/DispensaryToStore/Page_Store/select_--Select--BA1170BA2376B'

2018-06-09 17:02:54 - [MESSAGE][PASSED] - All options with index in [1] are selected on object 'Object Repository/DispensaryToStore/Page_Store/select_--Select--BA1170BA2376B'

2018-06-09 17:02:54 - [TEST_STEP][PASSED] - Statement - Try: null

2018-06-09 17:02:54 - [TEST_STEP][PASSED] - Statement - StockQty = com.kms.katalon.core.webui.keyword.WebUiBuiltInKeywords.getAttribute(com.kms.katalon.core.testobject.ObjectRepository.findTestObject(DispensaryToStore/Page_Store/input_txtprice), "value"): Attribute 'value' of object 'Object Repository/DispensaryToStore/Page_Store/input_txtprice' is: '290'

2018-06-09 17:02:54 - [MESSAGE][PASSED] - Attribute 'value' of object 'Object Repository/DispensaryToStore/Page_Store/input_txtprice' is: '290'

2018-06-09 17:02:54 - [TEST_STEP][PASSED] - Statement - out.println("Stock QTY : " + StockQty): null

2018-06-09 17:02:54 - [TEST_STEP][PASSED] - delay: Delayed 2 second(s)

2018-06-09 17:02:56 - [MESSAGE][PASSED] - Delayed 2 second(s)

2018-06-09 17:02:56 - [TEST_STEP][PASSED] - Statement - If (java.lang.String.valueOf(StockQty) >= java.lang.String.valueOf(RequestedQty)): null

2018-06-09 17:02:56 - [TEST_STEP][PASSED] - setText: Text '10' is set on object 'Object Repository/DispensaryToStore/Page_Store/input_txtqty'

2018-06-09 17:02:56 - [MESSAGE][PASSED] - Text '10' is set on object 'Object Repository/DispensaryToStore/Page_Store/input_txtqty'

2018-06-09 17:02:56 - [TEST_STEP][PASSED] - click: Object: 'Object Repository/DispensaryToStore/Page_Store/button_Add' is clicked on

2018-06-09 17:02:56 - [MESSAGE][PASSED] - Object: 'Object Repository/DispensaryToStore/Page_Store/button_Add' is clicked on

2018-06-09 17:02:56 - [TEST_STEP][PASSED] - Statement - Break: null

2018-06-09 17:02:56 - [TEST_STEP][PASSED] - selectOptionByIndex: All options with index in [10] are selected on object 'Object Repository/DispensaryToStore/Page_Store/select_--Select--Adernaline 0.'

2018-06-09 17:02:56 - [MESSAGE][PASSED] - All options with index in [10] are selected on object 'Object Repository/DispensaryToStore/Page_Store/select_--Select--Adernaline 0.'

2018-06-09 17:02:56 - [TEST_STEP][PASSED] - delay: Delayed 2 second(s)

2018-06-09 17:02:58 - [MESSAGE][PASSED] - Delayed 2 second(s)

2018-06-09 17:02:58 - [TEST_STEP][PASSED] - Statement - RequestedQty = com.kms.katalon.core.webui.keyword.WebUiBuiltInKeywords.getAttribute(com.kms.katalon.core.testobject.ObjectRepository.findTestObject(DispensaryToStore/Page_Store/input_txttotal), "value"): Attribute 'value' of object 'Object Repository/DispensaryToStore/Page_Store/input_txttotal' is: '10'

2018-06-09 17:02:58 - [MESSAGE][PASSED] - Attribute 'value' of object 'Object Repository/DispensaryToStore/Page_Store/input_txttotal' is: '10'

2018-06-09 17:02:58 - [TEST_STEP][PASSED] - Statement - out.println("Requested QTY : " + RequestedQty): null

2018-06-09 17:02:58 - [TEST_STEP][PASSED] - Statement - BatchNumber = com.kms.katalon.core.webui.keyword.WebUiBuiltInKeywords.getNumberOfTotalOption(com.kms.katalon.core.testobject.ObjectRepository.findTestObject(DispensaryToStore/Page_Store/select_--Select--BA1170BA2376B)): 3 options of object 'Object Repository/DispensaryToStore/Page_Store/select_--Select--BA1170BA2376B' counted

2018-06-09 17:02:58 - [MESSAGE][PASSED] - 3 options of object 'Object Repository/DispensaryToStore/Page_Store/select_--Select--BA1170BA2376B' counted

2018-06-09 17:02:58 - [TEST_STEP][PASSED] - Statement - For ([g = 1, g <= BatchNumber - 1, (g++)]): null

2018-06-09 17:02:58 - [TEST_STEP][PASSED] - selectOptionByIndex: All options with index in [1] are selected on object 'Object Repository/DispensaryToStore/Page_Store/select_--Select--BA1170BA2376B'

2018-06-09 17:02:58 - [MESSAGE][PASSED] - All options with index in [1] are selected on object 'Object Repository/DispensaryToStore/Page_Store/select_--Select--BA1170BA2376B'

2018-06-09 17:02:58 - [TEST_STEP][PASSED] - Statement - Try: null

2018-06-09 17:02:58 - [TEST_STEP][PASSED] - Statement - StockQty = com.kms.katalon.core.webui.keyword.WebUiBuiltInKeywords.getAttribute(com.kms.katalon.core.testobject.ObjectRepository.findTestObject(DispensaryToStore/Page_Store/input_txtprice), "value"): Attribute 'value' of object 'Object Repository/DispensaryToStore/Page_Store/input_txtprice' is: '860'

2018-06-09 17:02:58 - [MESSAGE][PASSED] - Attribute 'value' of object 'Object Repository/DispensaryToStore/Page_Store/input_txtprice' is: '860'

2018-06-09 17:02:58 - [TEST_STEP][PASSED] - Statement - out.println("Stock QTY : " + StockQty): null

2018-06-09 17:02:58 - [TEST_STEP][PASSED] - delay: Delayed 2 second(s)

2018-06-09 17:03:00 - [MESSAGE][PASSED] - Delayed 2 second(s)

2018-06-09 17:03:00 - [TEST_STEP][PASSED] - Statement - If (java.lang.String.valueOf(StockQty) >= java.lang.String.valueOf(RequestedQty)): null

2018-06-09 17:03:00 - [TEST_STEP][PASSED] - setText: Text '10' is set on object 'Object Repository/DispensaryToStore/Page_Store/input_txtqty'

2018-06-09 17:03:01 - [MESSAGE][PASSED] - Text '10' is set on object 'Object Repository/DispensaryToStore/Page_Store/input_txtqty'

2018-06-09 17:03:01 - [TEST_STEP][PASSED] - click: Object: 'Object Repository/DispensaryToStore/Page_Store/button_Add' is clicked on

2018-06-09 17:03:01 - [MESSAGE][PASSED] - Object: 'Object Repository/DispensaryToStore/Page_Store/button_Add' is clicked on

2018-06-09 17:03:01 - [TEST_STEP][PASSED] - Statement - Break: null

2018-06-09 17:03:01 - [TEST_STEP][PASSED] - selectOptionByIndex: All options with index in [11] are selected on object 'Object Repository/DispensaryToStore/Page_Store/select_--Select--Adernaline 0.'

2018-06-09 17:03:01 - [MESSAGE][PASSED] - All options with index in [11] are selected on object 'Object Repository/DispensaryToStore/Page_Store/select_--Select--Adernaline 0.'

2018-06-09 17:03:01 - [TEST_STEP][PASSED] - delay: Delayed 2 second(s)

2018-06-09 17:03:03 - [MESSAGE][PASSED] - Delayed 2 second(s)

2018-06-09 17:03:03 - [TEST_STEP][PASSED] - Statement - RequestedQty = com.kms.katalon.core.webui.keyword.WebUiBuiltInKeywords.getAttribute(com.kms.katalon.core.testobject.ObjectRepository.findTestObject(DispensaryToStore/Page_Store/input_txttotal), "value"): Attribute 'value' of object 'Object Repository/DispensaryToStore/Page_Store/input_txttotal' is: '10'

2018-06-09 17:03:03 - [MESSAGE][PASSED] - Attribute 'value' of object 'Object Repository/DispensaryToStore/Page_Store/input_txttotal' is: '10'

2018-06-09 17:03:03 - [TEST_STEP][PASSED] - Statement - out.println("Requested QTY : " + RequestedQty): null

2018-06-09 17:03:03 - [TEST_STEP][PASSED] - Statement - BatchNumber = com.kms.katalon.core.webui.keyword.WebUiBuiltInKeywords.getNumberOfTotalOption(com.kms.katalon.core.testobject.ObjectRepository.findTestObject(DispensaryToStore/Page_Store/select_--Select--BA1170BA2376B)): 2 options of object 'Object Repository/DispensaryToStore/Page_Store/select_--Select--BA1170BA2376B' counted

2018-06-09 17:03:03 - [MESSAGE][PASSED] - 2 options of object 'Object Repository/DispensaryToStore/Page_Store/select_--Select--BA1170BA2376B' counted

2018-06-09 17:03:03 - [TEST_STEP][PASSED] - Statement - For ([g = 1, g <= BatchNumber - 1, (g++)]): null

2018-06-09 17:03:03 - [TEST_STEP][PASSED] - selectOptionByIndex: All options with index in [1] are selected on object 'Object Repository/DispensaryToStore/Page_Store/select_--Select--BA1170BA2376B'

2018-06-09 17:03:03 - [MESSAGE][PASSED] - All options with index in [1] are selected on object 'Object Repository/DispensaryToStore/Page_Store/select_--Select--BA1170BA2376B'

2018-06-09 17:03:03 - [TEST_STEP][PASSED] - Statement - Try: null

2018-06-09 17:03:03 - [TEST_STEP][PASSED] - Statement - StockQty = com.kms.katalon.core.webui.keyword.WebUiBuiltInKeywords.getAttribute(com.kms.katalon.core.testobject.ObjectRepository.findTestObject(DispensaryToStore/Page_Store/input_txtprice), "value"): Attribute 'value' of object 'Object Repository/DispensaryToStore/Page_Store/input_txtprice' is: ''

2018-06-09 17:03:03 - [MESSAGE][PASSED] - Attribute 'value' of object 'Object Repository/DispensaryToStore/Page_Store/input_txtprice' is: ''

2018-06-09 17:03:03 - [TEST_STEP][PASSED] - Statement - out.println("Stock QTY : " + StockQty): null

2018-06-09 17:03:03 - [TEST_STEP][PASSED] - delay: Delayed 2 second(s)

2018-06-09 17:03:05 - [MESSAGE][PASSED] - Delayed 2 second(s)

2018-06-09 17:03:05 - [TEST_STEP][PASSED] - Statement - If (java.lang.String.valueOf(StockQty) >= java.lang.String.valueOf(RequestedQty)): null

2018-06-09 17:03:05 - [TEST_STEP][PASSED] - Statement - Else: null

2018-06-09 17:03:05 - [TEST_STEP][PASSED] - Statement - out.println("Stock Is Less Than Requested Qty"): null

2018-06-09 17:03:05 - [TEST_STEP][PASSED] - selectOptionByIndex: All options with index in [12] are selected on object 'Object Repository/DispensaryToStore/Page_Store/select_--Select--Adernaline 0.'

2018-06-09 17:03:05 - [MESSAGE][PASSED] - All options with index in [12] are selected on object 'Object Repository/DispensaryToStore/Page_Store/select_--Select--Adernaline 0.'

2018-06-09 17:03:05 - [TEST_STEP][PASSED] - delay: Delayed 2 second(s)

2018-06-09 17:03:07 - [MESSAGE][PASSED] - Delayed 2 second(s)

2018-06-09 17:03:07 - [TEST_STEP][PASSED] - Statement - RequestedQty = com.kms.katalon.core.webui.keyword.WebUiBuiltInKeywords.getAttribute(com.kms.katalon.core.testobject.ObjectRepository.findTestObject(DispensaryToStore/Page_Store/input_txttotal), "value"): Attribute 'value' of object 'Object Repository/DispensaryToStore/Page_Store/input_txttotal' is: '10'

2018-06-09 17:03:07 - [MESSAGE][PASSED] - Attribute 'value' of object 'Object Repository/DispensaryToStore/Page_Store/input_txttotal' is: '10'

2018-06-09 17:03:07 - [TEST_STEP][PASSED] - Statement - out.println("Requested QTY : " + RequestedQty): null

2018-06-09 17:03:07 - [TEST_STEP][PASSED] - Statement - BatchNumber = com.kms.katalon.core.webui.keyword.WebUiBuiltInKeywords.getNumberOfTotalOption(com.kms.katalon.core.testobject.ObjectRepository.findTestObject(DispensaryToStore/Page_Store/select_--Select--BA1170BA2376B)): 3 options of object 'Object Repository/DispensaryToStore/Page_Store/select_--Select--BA1170BA2376B' counted

2018-06-09 17:03:07 - [MESSAGE][PASSED] - 3 options of object 'Object Repository/DispensaryToStore/Page_Store/select_--Select--BA1170BA2376B' counted

2018-06-09 17:03:07 - [TEST_STEP][PASSED] - Statement - For ([g = 1, g <= BatchNumber - 1, (g++)]): null

2018-06-09 17:03:07 - [TEST_STEP][PASSED] - selectOptionByIndex: All options with index in [1] are selected on object 'Object Repository/DispensaryToStore/Page_Store/select_--Select--BA1170BA2376B'

2018-06-09 17:03:08 - [MESSAGE][PASSED] - All options with index in [1] are selected on object 'Object Repository/DispensaryToStore/Page_Store/select_--Select--BA1170BA2376B'

2018-06-09 17:03:08 - [TEST_STEP][PASSED] - Statement - Try: null

2018-06-09 17:03:08 - [TEST_STEP][PASSED] - Statement - StockQty = com.kms.katalon.core.webui.keyword.WebUiBuiltInKeywords.getAttribute(com.kms.katalon.core.testobject.ObjectRepository.findTestObject(DispensaryToStore/Page_Store/input_txtprice), "value"): Attribute 'value' of object 'Object Repository/DispensaryToStore/Page_Store/input_txtprice' is: '860'

2018-06-09 17:03:08 - [MESSAGE][PASSED] - Attribute 'value' of object 'Object Repository/DispensaryToStore/Page_Store/input_txtprice' is: '860'

2018-06-09 17:03:08 - [TEST_STEP][PASSED] - Statement - out.println("Stock QTY : " + StockQty): null

2018-06-09 17:03:08 - [TEST_STEP][PASSED] - delay: Delayed 2 second(s)

2018-06-09 17:03:10 - [MESSAGE][PASSED] - Delayed 2 second(s)

2018-06-09 17:03:10 - [TEST_STEP][PASSED] - Statement - If (java.lang.String.valueOf(StockQty) >= java.lang.String.valueOf(RequestedQty)): null

2018-06-09 17:03:10 - [TEST_STEP][PASSED] - setText: Text '10' is set on object 'Object Repository/DispensaryToStore/Page_Store/input_txtqty'

2018-06-09 17:03:10 - [MESSAGE][PASSED] - Text '10' is set on object 'Object Repository/DispensaryToStore/Page_Store/input_txtqty'

2018-06-09 17:03:10 - [TEST_STEP][PASSED] - click: Object: 'Object Repository/DispensaryToStore/Page_Store/button_Add' is clicked on

2018-06-09 17:03:10 - [MESSAGE][PASSED] - Object: 'Object Repository/DispensaryToStore/Page_Store/button_Add' is clicked on

2018-06-09 17:03:10 - [TEST_STEP][PASSED] - Statement - Break: null

2018-06-09 17:03:10 - [TEST_STEP][PASSED] - selectOptionByIndex: All options with index in [13] are selected on object 'Object Repository/DispensaryToStore/Page_Store/select_--Select--Adernaline 0.'

2018-06-09 17:03:10 - [MESSAGE][PASSED] - All options with index in [13] are selected on object 'Object Repository/DispensaryToStore/Page_Store/select_--Select--Adernaline 0.'

2018-06-09 17:03:10 - [TEST_STEP][PASSED] - delay: Delayed 2 second(s)

2018-06-09 17:03:12 - [MESSAGE][PASSED] - Delayed 2 second(s)

2018-06-09 17:03:12 - [TEST_STEP][PASSED] - Statement - RequestedQty = com.kms.katalon.core.webui.keyword.WebUiBuiltInKeywords.getAttribute(com.kms.katalon.core.testobject.ObjectRepository.findTestObject(DispensaryToStore/Page_Store/input_txttotal), "value"): Attribute 'value' of object 'Object Repository/DispensaryToStore/Page_Store/input_txttotal' is: '10'

2018-06-09 17:03:12 - [MESSAGE][PASSED] - Attribute 'value' of object 'Object Repository/DispensaryToStore/Page_Store/input_txttotal' is: '10'

2018-06-09 17:03:12 - [TEST_STEP][PASSED] - Statement - out.println("Requested QTY : " + RequestedQty): null

2018-06-09 17:03:12 - [TEST_STEP][PASSED] - Statement - BatchNumber = com.kms.katalon.core.webui.keyword.WebUiBuiltInKeywords.getNumberOfTotalOption(com.kms.katalon.core.testobject.ObjectRepository.findTestObject(DispensaryToStore/Page_Store/select_--Select--BA1170BA2376B)): 4 options of object 'Object Repository/DispensaryToStore/Page_Store/select_--Select--BA1170BA2376B' counted

2018-06-09 17:03:12 - [MESSAGE][PASSED] - 4 options of object 'Object Repository/DispensaryToStore/Page_Store/select_--Select--BA1170BA2376B' counted

2018-06-09 17:03:12 - [TEST_STEP][PASSED] - Statement - For ([g = 1, g <= BatchNumber - 1, (g++)]): null

2018-06-09 17:03:12 - [TEST_STEP][PASSED] - selectOptionByIndex: All options with index in [1] are selected on object 'Object Repository/DispensaryToStore/Page_Store/select_--Select--BA1170BA2376B'

2018-06-09 17:03:12 - [MESSAGE][PASSED] - All options with index in [1] are selected on object 'Object Repository/DispensaryToStore/Page_Store/select_--Select--BA1170BA2376B'

2018-06-09 17:03:12 - [TEST_STEP][PASSED] - Statement - Try: null

2018-06-09 17:03:12 - [TEST_STEP][PASSED] - Statement - StockQty = com.kms.katalon.core.webui.keyword.WebUiBuiltInKeywords.getAttribute(com.kms.katalon.core.testobject.ObjectRepository.findTestObject(DispensaryToStore/Page_Store/input_txtprice), "value"): Attribute 'value' of object 'Object Repository/DispensaryToStore/Page_Store/input_txtprice' is: '290'

2018-06-09 17:03:12 - [MESSAGE][PASSED] - Attribute 'value' of object 'Object Repository/DispensaryToStore/Page_Store/input_txtprice' is: '290'

2018-06-09 17:03:12 - [TEST_STEP][PASSED] - Statement - out.println("Stock QTY : " + StockQty): null

2018-06-09 17:03:12 - [TEST_STEP][PASSED] - delay: Delayed 2 second(s)

2018-06-09 17:03:14 - [MESSAGE][PASSED] - Delayed 2 second(s)

2018-06-09 17:03:14 - [TEST_STEP][PASSED] - Statement - If (java.lang.String.valueOf(StockQty) >= java.lang.String.valueOf(RequestedQty)): null

2018-06-09 17:03:14 - [TEST_STEP][PASSED] - setText: Text '10' is set on object 'Object Repository/DispensaryToStore/Page_Store/input_txtqty'

2018-06-09 17:03:14 - [MESSAGE][PASSED] - Text '10' is set on object 'Object Repository/DispensaryToStore/Page_Store/input_txtqty'

2018-06-09 17:03:14 - [TEST_STEP][PASSED] - click: Object: 'Object Repository/DispensaryToStore/Page_Store/button_Add' is clicked on

2018-06-09 17:03:15 - [MESSAGE][PASSED] - Object: 'Object Repository/DispensaryToStore/Page_Store/button_Add' is clicked on

2018-06-09 17:03:15 - [TEST_STEP][PASSED] - Statement - Break: null

2018-06-09 17:03:15 - [TEST_STEP][PASSED] - scrollToElement: Scroll to object 'Object Repository/DispensaryToStore/Page_Store/input_btnSubmit' successfully

2018-06-09 17:03:15 - [MESSAGE][PASSED] - Scroll to object 'Object Repository/DispensaryToStore/Page_Store/input_btnSubmit' successfully

2018-06-09 17:03:15 - [TEST_STEP][PASSED] - click: Object: 'Object Repository/DispensaryToStore/Page_Store/input_btnSubmit' is clicked on

2018-06-09 17:03:15 - [MESSAGE][PASSED] - Object: 'Object Repository/DispensaryToStore/Page_Store/input_btnSubmit' is clicked on

2018-06-09 17:03:15 - [TEST_STEP][PASSED] - delay: Delayed 3 second(s)

2018-06-09 17:03:18 - [MESSAGE][PASSED] - Delayed 3 second(s)

2018-06-09 17:03:18 - [TEST_STEP][PASSED] - click: Object: 'Object Repository/DispensaryToStore/Page_Store/button_OK' is clicked on

2018-06-09 17:03:19 - [MESSAGE][PASSED] - Object: 'Object Repository/DispensaryToStore/Page_Store/button_OK' is clicked on

2018-06-09 17:03:19 - [TEST_STEP][PASSED] - delay: Delayed 3 second(s)

2018-06-09 17:03:22 - [MESSAGE][PASSED] - Delayed 3 second(s)

2018-06-09 17:03:22 - [TEST_STEP][PASSED] - waitForElementPresent: Object 'Object Repository/DispensaryToStore/Page_Dispensary Store/a_dropdown-toggle' is present

2018-06-09 17:03:22 - [MESSAGE][PASSED] - Object 'Object Repository/DispensaryToStore/Page_Dispensary Store/a_dropdown-toggle' is present

2018-06-09 17:03:22 - [TEST_STEP][PASSED] - click: Object: 'Object Repository/DispensaryToStore/Page_Store/a_dropdown-toggle' is clicked on

2018-06-09 17:03:22 - [MESSAGE][PASSED] - Object: 'Object Repository/DispensaryToStore/Page_Store/a_dropdown-toggle' is clicked on

2018-06-09 17:03:22 - [TEST_STEP][PASSED] - click: Object: 'Object Repository/DispensaryToStore/Page_Store/a_Sign out' is clicked on

2018-06-09 17:03:22 - [MESSAGE][PASSED] - Object: 'Object Repository/DispensaryToStore/Page_Store/a_Sign out' is clicked on

2018-06-09 17:03:22 - [TEST_STEP][PASSED] - closeBrowser: Browser is closed

2018-06-09 17:03:23 - [MESSAGE][PASSED] - Browser is closed]]></system-out>
         <system-err><![CDATA[]]></system-err>
      </testcase>
      <testcase name="Test Cases/DISPENSARY TEST CASES/TC_DP_007 Verify Schedule 7 Dispensary Request Are Working Successfully Or Not" classname="Test Cases/DISPENSARY TEST CASES/TC_DP_007 Verify Schedule 7 Dispensary Request Are Working Successfully Or Not" status="PASSED">
         <system-out><![CDATA[2018-06-09 17:03:23 - [TEST_CASE][PASSED] - Test Cases/DISPENSARY TEST CASES/TC_DP_007 Verify Schedule 7 Dispensary Request Are Working Successfully Or Not: Test Cases/DISPENSARY TEST CASES/TC_DP_007 Verify Schedule 7 Dispensary Request Are Working Successfully Or Not

2018-06-09 17:03:23 - [TEST_STEP][PASSED] - openBrowser: Browser is opened with url: ''

2018-06-09 17:03:25 - [MESSAGE][PASSED] - Browser is opened with url: ''

2018-06-09 17:03:25 - [TEST_STEP][PASSED] - navigateToUrl: Navigate to 'http://192.168.137.1/multihospital_new/HDSplashscreen.aspx' successfully

2018-06-09 17:03:27 - [MESSAGE][PASSED] - Navigate to 'http://192.168.137.1/multihospital_new/HDSplashscreen.aspx' successfully

2018-06-09 17:03:27 - [TEST_STEP][PASSED] - maximizeWindow: Current window maximized

2018-06-09 17:03:28 - [MESSAGE][PASSED] - Current window maximized

2018-06-09 17:03:28 - [TEST_STEP][PASSED] - click: Object: 'Object Repository/DispensaryToStore/Page_KDMC/a_Dispensary Store' is clicked on

2018-06-09 17:03:29 - [MESSAGE][PASSED] - Object: 'Object Repository/DispensaryToStore/Page_KDMC/a_Dispensary Store' is clicked on

2018-06-09 17:03:29 - [TEST_STEP][PASSED] - setText: Text 'rajaram' is set on object 'Object Repository/DispensaryToStore/Page_Dispensary Store Login/input_txtusername'

2018-06-09 17:03:29 - [MESSAGE][PASSED] - Text 'rajaram' is set on object 'Object Repository/DispensaryToStore/Page_Dispensary Store Login/input_txtusername'

2018-06-09 17:03:29 - [TEST_STEP][PASSED] - setText: Text '123' is set on object 'Object Repository/DispensaryToStore/Page_Dispensary Store Login/input_txtpassword'

2018-06-09 17:03:29 - [MESSAGE][PASSED] - Text '123' is set on object 'Object Repository/DispensaryToStore/Page_Dispensary Store Login/input_txtpassword'

2018-06-09 17:03:29 - [TEST_STEP][PASSED] - delay: Delayed 3 second(s)

2018-06-09 17:03:32 - [MESSAGE][PASSED] - Delayed 3 second(s)

2018-06-09 17:03:32 - [TEST_STEP][PASSED] - sendKeys: Keys 'ENTER + ' sent to object: 'Object Repository/DispensaryToStore/Page_Dispensary Store Login/input_txtpassword'

2018-06-09 17:03:33 - [MESSAGE][PASSED] - Keys 'ENTER + ' sent to object: 'Object Repository/DispensaryToStore/Page_Dispensary Store Login/input_txtpassword'

2018-06-09 17:03:33 - [TEST_STEP][PASSED] - delay: Delayed 3 second(s)

2018-06-09 17:03:36 - [MESSAGE][PASSED] - Delayed 3 second(s)

2018-06-09 17:03:36 - [TEST_STEP][PASSED] - click: Object: 'Object Repository/DispensaryToStore/Page_Dispensary Store/a_Request to Store' is clicked on

2018-06-09 17:03:36 - [MESSAGE][PASSED] - Object: 'Object Repository/DispensaryToStore/Page_Dispensary Store/a_Request to Store' is clicked on

2018-06-09 17:03:36 - [TEST_STEP][PASSED] - click: Object: 'Object Repository/DispensaryToStore/Page_Dispensary Store/a_Medicine Request' is clicked on

2018-06-09 17:03:36 - [MESSAGE][PASSED] - Object: 'Object Repository/DispensaryToStore/Page_Dispensary Store/a_Medicine Request' is clicked on

2018-06-09 17:03:36 - [TEST_STEP][PASSED] - selectOptionByIndex: All options with index in [7] are selected on object 'Object Repository/DispensaryToStore/Page_Dispensary Store/select_--Select--Schedule 1Inj'

2018-06-09 17:03:37 - [MESSAGE][PASSED] - All options with index in [7] are selected on object 'Object Repository/DispensaryToStore/Page_Dispensary Store/select_--Select--Schedule 1Inj'

2018-06-09 17:03:37 - [TEST_STEP][PASSED] - Statement - medicineslength = com.kms.katalon.core.webui.keyword.WebUiBuiltInKeywords.getNumberOfTotalOption(com.kms.katalon.core.testobject.ObjectRepository.findTestObject(DispensaryToStore/Page_Dispensary Store/select_--Select--Adernaline 0.)): 24 options of object 'Object Repository/DispensaryToStore/Page_Dispensary Store/select_--Select--Adernaline 0.' counted

2018-06-09 17:03:37 - [MESSAGE][PASSED] - 24 options of object 'Object Repository/DispensaryToStore/Page_Dispensary Store/select_--Select--Adernaline 0.' counted

2018-06-09 17:03:37 - [TEST_STEP][PASSED] - Statement - For ([e = 1, e <= medicineslength - 1, (e++)]): Object: 'Object Repository/DispensaryToStore/Page_Dispensary Store/button_Add' is clicked on

2018-06-09 17:03:37 - [TEST_STEP][PASSED] - selectOptionByIndex: All options with index in [7] are selected on object 'Object Repository/DispensaryToStore/Page_Dispensary Store/select_--Select--Schedule 1Inj'

2018-06-09 17:03:37 - [MESSAGE][PASSED] - All options with index in [7] are selected on object 'Object Repository/DispensaryToStore/Page_Dispensary Store/select_--Select--Schedule 1Inj'

2018-06-09 17:03:37 - [TEST_STEP][PASSED] - selectOptionByIndex: All options with index in [1] are selected on object 'Object Repository/DispensaryToStore/Page_Dispensary Store/select_--Select--Adernaline 0.'

2018-06-09 17:03:37 - [MESSAGE][PASSED] - All options with index in [1] are selected on object 'Object Repository/DispensaryToStore/Page_Dispensary Store/select_--Select--Adernaline 0.'

2018-06-09 17:03:37 - [TEST_STEP][PASSED] - setText: Text '10' is set on object 'Object Repository/DispensaryToStore/Page_Dispensary Store/input_txttreat'

2018-06-09 17:03:37 - [MESSAGE][PASSED] - Text '10' is set on object 'Object Repository/DispensaryToStore/Page_Dispensary Store/input_txttreat'

2018-06-09 17:03:37 - [TEST_STEP][PASSED] - click: Object: 'Object Repository/DispensaryToStore/Page_Dispensary Store/button_Add' is clicked on

2018-06-09 17:03:37 - [MESSAGE][PASSED] - Object: 'Object Repository/DispensaryToStore/Page_Dispensary Store/button_Add' is clicked on

2018-06-09 17:03:37 - [TEST_STEP][PASSED] - selectOptionByIndex: All options with index in [7] are selected on object 'Object Repository/DispensaryToStore/Page_Dispensary Store/select_--Select--Schedule 1Inj'

2018-06-09 17:03:38 - [MESSAGE][PASSED] - All options with index in [7] are selected on object 'Object Repository/DispensaryToStore/Page_Dispensary Store/select_--Select--Schedule 1Inj'

2018-06-09 17:03:38 - [TEST_STEP][PASSED] - selectOptionByIndex: All options with index in [2] are selected on object 'Object Repository/DispensaryToStore/Page_Dispensary Store/select_--Select--Adernaline 0.'

2018-06-09 17:03:38 - [MESSAGE][PASSED] - All options with index in [2] are selected on object 'Object Repository/DispensaryToStore/Page_Dispensary Store/select_--Select--Adernaline 0.'

2018-06-09 17:03:38 - [TEST_STEP][PASSED] - setText: Text '10' is set on object 'Object Repository/DispensaryToStore/Page_Dispensary Store/input_txttreat'

2018-06-09 17:03:38 - [MESSAGE][PASSED] - Text '10' is set on object 'Object Repository/DispensaryToStore/Page_Dispensary Store/input_txttreat'

2018-06-09 17:03:38 - [TEST_STEP][PASSED] - click: Object: 'Object Repository/DispensaryToStore/Page_Dispensary Store/button_Add' is clicked on

2018-06-09 17:03:38 - [MESSAGE][PASSED] - Object: 'Object Repository/DispensaryToStore/Page_Dispensary Store/button_Add' is clicked on

2018-06-09 17:03:38 - [TEST_STEP][PASSED] - selectOptionByIndex: All options with index in [7] are selected on object 'Object Repository/DispensaryToStore/Page_Dispensary Store/select_--Select--Schedule 1Inj'

2018-06-09 17:03:38 - [MESSAGE][PASSED] - All options with index in [7] are selected on object 'Object Repository/DispensaryToStore/Page_Dispensary Store/select_--Select--Schedule 1Inj'

2018-06-09 17:03:38 - [TEST_STEP][PASSED] - selectOptionByIndex: All options with index in [3] are selected on object 'Object Repository/DispensaryToStore/Page_Dispensary Store/select_--Select--Adernaline 0.'

2018-06-09 17:03:38 - [MESSAGE][PASSED] - All options with index in [3] are selected on object 'Object Repository/DispensaryToStore/Page_Dispensary Store/select_--Select--Adernaline 0.'

2018-06-09 17:03:38 - [TEST_STEP][PASSED] - setText: Text '10' is set on object 'Object Repository/DispensaryToStore/Page_Dispensary Store/input_txttreat'

2018-06-09 17:03:39 - [MESSAGE][PASSED] - Text '10' is set on object 'Object Repository/DispensaryToStore/Page_Dispensary Store/input_txttreat'

2018-06-09 17:03:39 - [TEST_STEP][PASSED] - click: Object: 'Object Repository/DispensaryToStore/Page_Dispensary Store/button_Add' is clicked on

2018-06-09 17:03:39 - [MESSAGE][PASSED] - Object: 'Object Repository/DispensaryToStore/Page_Dispensary Store/button_Add' is clicked on

2018-06-09 17:03:39 - [TEST_STEP][PASSED] - selectOptionByIndex: All options with index in [7] are selected on object 'Object Repository/DispensaryToStore/Page_Dispensary Store/select_--Select--Schedule 1Inj'

2018-06-09 17:03:39 - [MESSAGE][PASSED] - All options with index in [7] are selected on object 'Object Repository/DispensaryToStore/Page_Dispensary Store/select_--Select--Schedule 1Inj'

2018-06-09 17:03:39 - [TEST_STEP][PASSED] - selectOptionByIndex: All options with index in [4] are selected on object 'Object Repository/DispensaryToStore/Page_Dispensary Store/select_--Select--Adernaline 0.'

2018-06-09 17:03:39 - [MESSAGE][PASSED] - All options with index in [4] are selected on object 'Object Repository/DispensaryToStore/Page_Dispensary Store/select_--Select--Adernaline 0.'

2018-06-09 17:03:39 - [TEST_STEP][PASSED] - setText: Text '10' is set on object 'Object Repository/DispensaryToStore/Page_Dispensary Store/input_txttreat'

2018-06-09 17:03:39 - [MESSAGE][PASSED] - Text '10' is set on object 'Object Repository/DispensaryToStore/Page_Dispensary Store/input_txttreat'

2018-06-09 17:03:39 - [TEST_STEP][PASSED] - click: Object: 'Object Repository/DispensaryToStore/Page_Dispensary Store/button_Add' is clicked on

2018-06-09 17:03:39 - [MESSAGE][PASSED] - Object: 'Object Repository/DispensaryToStore/Page_Dispensary Store/button_Add' is clicked on

2018-06-09 17:03:39 - [TEST_STEP][PASSED] - selectOptionByIndex: All options with index in [7] are selected on object 'Object Repository/DispensaryToStore/Page_Dispensary Store/select_--Select--Schedule 1Inj'

2018-06-09 17:03:39 - [MESSAGE][PASSED] - All options with index in [7] are selected on object 'Object Repository/DispensaryToStore/Page_Dispensary Store/select_--Select--Schedule 1Inj'

2018-06-09 17:03:39 - [TEST_STEP][PASSED] - selectOptionByIndex: All options with index in [5] are selected on object 'Object Repository/DispensaryToStore/Page_Dispensary Store/select_--Select--Adernaline 0.'

2018-06-09 17:03:40 - [MESSAGE][PASSED] - All options with index in [5] are selected on object 'Object Repository/DispensaryToStore/Page_Dispensary Store/select_--Select--Adernaline 0.'

2018-06-09 17:03:40 - [TEST_STEP][PASSED] - setText: Text '10' is set on object 'Object Repository/DispensaryToStore/Page_Dispensary Store/input_txttreat'

2018-06-09 17:03:40 - [MESSAGE][PASSED] - Text '10' is set on object 'Object Repository/DispensaryToStore/Page_Dispensary Store/input_txttreat'

2018-06-09 17:03:40 - [TEST_STEP][PASSED] - click: Object: 'Object Repository/DispensaryToStore/Page_Dispensary Store/button_Add' is clicked on

2018-06-09 17:03:40 - [MESSAGE][PASSED] - Object: 'Object Repository/DispensaryToStore/Page_Dispensary Store/button_Add' is clicked on

2018-06-09 17:03:40 - [TEST_STEP][PASSED] - selectOptionByIndex: All options with index in [7] are selected on object 'Object Repository/DispensaryToStore/Page_Dispensary Store/select_--Select--Schedule 1Inj'

2018-06-09 17:03:40 - [MESSAGE][PASSED] - All options with index in [7] are selected on object 'Object Repository/DispensaryToStore/Page_Dispensary Store/select_--Select--Schedule 1Inj'

2018-06-09 17:03:40 - [TEST_STEP][PASSED] - selectOptionByIndex: All options with index in [6] are selected on object 'Object Repository/DispensaryToStore/Page_Dispensary Store/select_--Select--Adernaline 0.'

2018-06-09 17:03:40 - [MESSAGE][PASSED] - All options with index in [6] are selected on object 'Object Repository/DispensaryToStore/Page_Dispensary Store/select_--Select--Adernaline 0.'

2018-06-09 17:03:40 - [TEST_STEP][PASSED] - setText: Text '10' is set on object 'Object Repository/DispensaryToStore/Page_Dispensary Store/input_txttreat'

2018-06-09 17:03:40 - [MESSAGE][PASSED] - Text '10' is set on object 'Object Repository/DispensaryToStore/Page_Dispensary Store/input_txttreat'

2018-06-09 17:03:40 - [TEST_STEP][PASSED] - click: Object: 'Object Repository/DispensaryToStore/Page_Dispensary Store/button_Add' is clicked on

2018-06-09 17:03:40 - [MESSAGE][PASSED] - Object: 'Object Repository/DispensaryToStore/Page_Dispensary Store/button_Add' is clicked on

2018-06-09 17:03:40 - [TEST_STEP][PASSED] - selectOptionByIndex: All options with index in [7] are selected on object 'Object Repository/DispensaryToStore/Page_Dispensary Store/select_--Select--Schedule 1Inj'

2018-06-09 17:03:41 - [MESSAGE][PASSED] - All options with index in [7] are selected on object 'Object Repository/DispensaryToStore/Page_Dispensary Store/select_--Select--Schedule 1Inj'

2018-06-09 17:03:41 - [TEST_STEP][PASSED] - selectOptionByIndex: All options with index in [7] are selected on object 'Object Repository/DispensaryToStore/Page_Dispensary Store/select_--Select--Adernaline 0.'

2018-06-09 17:03:41 - [MESSAGE][PASSED] - All options with index in [7] are selected on object 'Object Repository/DispensaryToStore/Page_Dispensary Store/select_--Select--Adernaline 0.'

2018-06-09 17:03:41 - [TEST_STEP][PASSED] - setText: Text '10' is set on object 'Object Repository/DispensaryToStore/Page_Dispensary Store/input_txttreat'

2018-06-09 17:03:41 - [MESSAGE][PASSED] - Text '10' is set on object 'Object Repository/DispensaryToStore/Page_Dispensary Store/input_txttreat'

2018-06-09 17:03:41 - [TEST_STEP][PASSED] - click: Object: 'Object Repository/DispensaryToStore/Page_Dispensary Store/button_Add' is clicked on

2018-06-09 17:03:41 - [MESSAGE][PASSED] - Object: 'Object Repository/DispensaryToStore/Page_Dispensary Store/button_Add' is clicked on

2018-06-09 17:03:41 - [TEST_STEP][PASSED] - selectOptionByIndex: All options with index in [7] are selected on object 'Object Repository/DispensaryToStore/Page_Dispensary Store/select_--Select--Schedule 1Inj'

2018-06-09 17:03:41 - [MESSAGE][PASSED] - All options with index in [7] are selected on object 'Object Repository/DispensaryToStore/Page_Dispensary Store/select_--Select--Schedule 1Inj'

2018-06-09 17:03:41 - [TEST_STEP][PASSED] - selectOptionByIndex: All options with index in [8] are selected on object 'Object Repository/DispensaryToStore/Page_Dispensary Store/select_--Select--Adernaline 0.'

2018-06-09 17:03:42 - [MESSAGE][PASSED] - All options with index in [8] are selected on object 'Object Repository/DispensaryToStore/Page_Dispensary Store/select_--Select--Adernaline 0.'

2018-06-09 17:03:42 - [TEST_STEP][PASSED] - setText: Text '10' is set on object 'Object Repository/DispensaryToStore/Page_Dispensary Store/input_txttreat'

2018-06-09 17:03:42 - [MESSAGE][PASSED] - Text '10' is set on object 'Object Repository/DispensaryToStore/Page_Dispensary Store/input_txttreat'

2018-06-09 17:03:42 - [TEST_STEP][PASSED] - click: Object: 'Object Repository/DispensaryToStore/Page_Dispensary Store/button_Add' is clicked on

2018-06-09 17:03:42 - [MESSAGE][PASSED] - Object: 'Object Repository/DispensaryToStore/Page_Dispensary Store/button_Add' is clicked on

2018-06-09 17:03:42 - [TEST_STEP][PASSED] - selectOptionByIndex: All options with index in [7] are selected on object 'Object Repository/DispensaryToStore/Page_Dispensary Store/select_--Select--Schedule 1Inj'

2018-06-09 17:03:42 - [MESSAGE][PASSED] - All options with index in [7] are selected on object 'Object Repository/DispensaryToStore/Page_Dispensary Store/select_--Select--Schedule 1Inj'

2018-06-09 17:03:42 - [TEST_STEP][PASSED] - selectOptionByIndex: All options with index in [9] are selected on object 'Object Repository/DispensaryToStore/Page_Dispensary Store/select_--Select--Adernaline 0.'

2018-06-09 17:03:42 - [MESSAGE][PASSED] - All options with index in [9] are selected on object 'Object Repository/DispensaryToStore/Page_Dispensary Store/select_--Select--Adernaline 0.'

2018-06-09 17:03:42 - [TEST_STEP][PASSED] - setText: Text '10' is set on object 'Object Repository/DispensaryToStore/Page_Dispensary Store/input_txttreat'

2018-06-09 17:03:42 - [MESSAGE][PASSED] - Text '10' is set on object 'Object Repository/DispensaryToStore/Page_Dispensary Store/input_txttreat'

2018-06-09 17:03:42 - [TEST_STEP][PASSED] - click: Object: 'Object Repository/DispensaryToStore/Page_Dispensary Store/button_Add' is clicked on

2018-06-09 17:03:42 - [MESSAGE][PASSED] - Object: 'Object Repository/DispensaryToStore/Page_Dispensary Store/button_Add' is clicked on

2018-06-09 17:03:42 - [TEST_STEP][PASSED] - selectOptionByIndex: All options with index in [7] are selected on object 'Object Repository/DispensaryToStore/Page_Dispensary Store/select_--Select--Schedule 1Inj'

2018-06-09 17:03:43 - [MESSAGE][PASSED] - All options with index in [7] are selected on object 'Object Repository/DispensaryToStore/Page_Dispensary Store/select_--Select--Schedule 1Inj'

2018-06-09 17:03:43 - [TEST_STEP][PASSED] - selectOptionByIndex: All options with index in [10] are selected on object 'Object Repository/DispensaryToStore/Page_Dispensary Store/select_--Select--Adernaline 0.'

2018-06-09 17:03:43 - [MESSAGE][PASSED] - All options with index in [10] are selected on object 'Object Repository/DispensaryToStore/Page_Dispensary Store/select_--Select--Adernaline 0.'

2018-06-09 17:03:43 - [TEST_STEP][PASSED] - setText: Text '10' is set on object 'Object Repository/DispensaryToStore/Page_Dispensary Store/input_txttreat'

2018-06-09 17:03:43 - [MESSAGE][PASSED] - Text '10' is set on object 'Object Repository/DispensaryToStore/Page_Dispensary Store/input_txttreat'

2018-06-09 17:03:43 - [TEST_STEP][PASSED] - click: Object: 'Object Repository/DispensaryToStore/Page_Dispensary Store/button_Add' is clicked on

2018-06-09 17:03:43 - [MESSAGE][PASSED] - Object: 'Object Repository/DispensaryToStore/Page_Dispensary Store/button_Add' is clicked on

2018-06-09 17:03:43 - [TEST_STEP][PASSED] - selectOptionByIndex: All options with index in [7] are selected on object 'Object Repository/DispensaryToStore/Page_Dispensary Store/select_--Select--Schedule 1Inj'

2018-06-09 17:03:43 - [MESSAGE][PASSED] - All options with index in [7] are selected on object 'Object Repository/DispensaryToStore/Page_Dispensary Store/select_--Select--Schedule 1Inj'

2018-06-09 17:03:43 - [TEST_STEP][PASSED] - selectOptionByIndex: All options with index in [11] are selected on object 'Object Repository/DispensaryToStore/Page_Dispensary Store/select_--Select--Adernaline 0.'

2018-06-09 17:03:44 - [MESSAGE][PASSED] - All options with index in [11] are selected on object 'Object Repository/DispensaryToStore/Page_Dispensary Store/select_--Select--Adernaline 0.'

2018-06-09 17:03:44 - [TEST_STEP][PASSED] - setText: Text '10' is set on object 'Object Repository/DispensaryToStore/Page_Dispensary Store/input_txttreat'

2018-06-09 17:03:44 - [MESSAGE][PASSED] - Text '10' is set on object 'Object Repository/DispensaryToStore/Page_Dispensary Store/input_txttreat'

2018-06-09 17:03:44 - [TEST_STEP][PASSED] - click: Object: 'Object Repository/DispensaryToStore/Page_Dispensary Store/button_Add' is clicked on

2018-06-09 17:03:44 - [MESSAGE][PASSED] - Object: 'Object Repository/DispensaryToStore/Page_Dispensary Store/button_Add' is clicked on

2018-06-09 17:03:44 - [TEST_STEP][PASSED] - selectOptionByIndex: All options with index in [7] are selected on object 'Object Repository/DispensaryToStore/Page_Dispensary Store/select_--Select--Schedule 1Inj'

2018-06-09 17:03:44 - [MESSAGE][PASSED] - All options with index in [7] are selected on object 'Object Repository/DispensaryToStore/Page_Dispensary Store/select_--Select--Schedule 1Inj'

2018-06-09 17:03:44 - [TEST_STEP][PASSED] - selectOptionByIndex: All options with index in [12] are selected on object 'Object Repository/DispensaryToStore/Page_Dispensary Store/select_--Select--Adernaline 0.'

2018-06-09 17:03:44 - [MESSAGE][PASSED] - All options with index in [12] are selected on object 'Object Repository/DispensaryToStore/Page_Dispensary Store/select_--Select--Adernaline 0.'

2018-06-09 17:03:44 - [TEST_STEP][PASSED] - setText: Text '10' is set on object 'Object Repository/DispensaryToStore/Page_Dispensary Store/input_txttreat'

2018-06-09 17:03:44 - [MESSAGE][PASSED] - Text '10' is set on object 'Object Repository/DispensaryToStore/Page_Dispensary Store/input_txttreat'

2018-06-09 17:03:44 - [TEST_STEP][PASSED] - click: Object: 'Object Repository/DispensaryToStore/Page_Dispensary Store/button_Add' is clicked on

2018-06-09 17:03:44 - [MESSAGE][PASSED] - Object: 'Object Repository/DispensaryToStore/Page_Dispensary Store/button_Add' is clicked on

2018-06-09 17:03:44 - [TEST_STEP][PASSED] - selectOptionByIndex: All options with index in [7] are selected on object 'Object Repository/DispensaryToStore/Page_Dispensary Store/select_--Select--Schedule 1Inj'

2018-06-09 17:03:45 - [MESSAGE][PASSED] - All options with index in [7] are selected on object 'Object Repository/DispensaryToStore/Page_Dispensary Store/select_--Select--Schedule 1Inj'

2018-06-09 17:03:45 - [TEST_STEP][PASSED] - selectOptionByIndex: All options with index in [13] are selected on object 'Object Repository/DispensaryToStore/Page_Dispensary Store/select_--Select--Adernaline 0.'

2018-06-09 17:03:45 - [MESSAGE][PASSED] - All options with index in [13] are selected on object 'Object Repository/DispensaryToStore/Page_Dispensary Store/select_--Select--Adernaline 0.'

2018-06-09 17:03:45 - [TEST_STEP][PASSED] - setText: Text '10' is set on object 'Object Repository/DispensaryToStore/Page_Dispensary Store/input_txttreat'

2018-06-09 17:03:45 - [MESSAGE][PASSED] - Text '10' is set on object 'Object Repository/DispensaryToStore/Page_Dispensary Store/input_txttreat'

2018-06-09 17:03:45 - [TEST_STEP][PASSED] - click: Object: 'Object Repository/DispensaryToStore/Page_Dispensary Store/button_Add' is clicked on

2018-06-09 17:03:45 - [MESSAGE][PASSED] - Object: 'Object Repository/DispensaryToStore/Page_Dispensary Store/button_Add' is clicked on

2018-06-09 17:03:45 - [TEST_STEP][PASSED] - selectOptionByIndex: All options with index in [7] are selected on object 'Object Repository/DispensaryToStore/Page_Dispensary Store/select_--Select--Schedule 1Inj'

2018-06-09 17:03:45 - [MESSAGE][PASSED] - All options with index in [7] are selected on object 'Object Repository/DispensaryToStore/Page_Dispensary Store/select_--Select--Schedule 1Inj'

2018-06-09 17:03:45 - [TEST_STEP][PASSED] - selectOptionByIndex: All options with index in [14] are selected on object 'Object Repository/DispensaryToStore/Page_Dispensary Store/select_--Select--Adernaline 0.'

2018-06-09 17:03:46 - [MESSAGE][PASSED] - All options with index in [14] are selected on object 'Object Repository/DispensaryToStore/Page_Dispensary Store/select_--Select--Adernaline 0.'

2018-06-09 17:03:46 - [TEST_STEP][PASSED] - setText: Text '10' is set on object 'Object Repository/DispensaryToStore/Page_Dispensary Store/input_txttreat'

2018-06-09 17:03:46 - [MESSAGE][PASSED] - Text '10' is set on object 'Object Repository/DispensaryToStore/Page_Dispensary Store/input_txttreat'

2018-06-09 17:03:46 - [TEST_STEP][PASSED] - click: Object: 'Object Repository/DispensaryToStore/Page_Dispensary Store/button_Add' is clicked on

2018-06-09 17:03:46 - [MESSAGE][PASSED] - Object: 'Object Repository/DispensaryToStore/Page_Dispensary Store/button_Add' is clicked on

2018-06-09 17:03:46 - [TEST_STEP][PASSED] - selectOptionByIndex: All options with index in [7] are selected on object 'Object Repository/DispensaryToStore/Page_Dispensary Store/select_--Select--Schedule 1Inj'

2018-06-09 17:03:46 - [MESSAGE][PASSED] - All options with index in [7] are selected on object 'Object Repository/DispensaryToStore/Page_Dispensary Store/select_--Select--Schedule 1Inj'

2018-06-09 17:03:46 - [TEST_STEP][PASSED] - selectOptionByIndex: All options with index in [15] are selected on object 'Object Repository/DispensaryToStore/Page_Dispensary Store/select_--Select--Adernaline 0.'

2018-06-09 17:03:46 - [MESSAGE][PASSED] - All options with index in [15] are selected on object 'Object Repository/DispensaryToStore/Page_Dispensary Store/select_--Select--Adernaline 0.'

2018-06-09 17:03:46 - [TEST_STEP][PASSED] - setText: Text '10' is set on object 'Object Repository/DispensaryToStore/Page_Dispensary Store/input_txttreat'

2018-06-09 17:03:47 - [MESSAGE][PASSED] - Text '10' is set on object 'Object Repository/DispensaryToStore/Page_Dispensary Store/input_txttreat'

2018-06-09 17:03:47 - [TEST_STEP][PASSED] - click: Object: 'Object Repository/DispensaryToStore/Page_Dispensary Store/button_Add' is clicked on

2018-06-09 17:03:47 - [MESSAGE][PASSED] - Object: 'Object Repository/DispensaryToStore/Page_Dispensary Store/button_Add' is clicked on

2018-06-09 17:03:47 - [TEST_STEP][PASSED] - selectOptionByIndex: All options with index in [7] are selected on object 'Object Repository/DispensaryToStore/Page_Dispensary Store/select_--Select--Schedule 1Inj'

2018-06-09 17:03:47 - [MESSAGE][PASSED] - All options with index in [7] are selected on object 'Object Repository/DispensaryToStore/Page_Dispensary Store/select_--Select--Schedule 1Inj'

2018-06-09 17:03:47 - [TEST_STEP][PASSED] - selectOptionByIndex: All options with index in [16] are selected on object 'Object Repository/DispensaryToStore/Page_Dispensary Store/select_--Select--Adernaline 0.'

2018-06-09 17:03:47 - [MESSAGE][PASSED] - All options with index in [16] are selected on object 'Object Repository/DispensaryToStore/Page_Dispensary Store/select_--Select--Adernaline 0.'

2018-06-09 17:03:47 - [TEST_STEP][PASSED] - setText: Text '10' is set on object 'Object Repository/DispensaryToStore/Page_Dispensary Store/input_txttreat'

2018-06-09 17:03:47 - [MESSAGE][PASSED] - Text '10' is set on object 'Object Repository/DispensaryToStore/Page_Dispensary Store/input_txttreat'

2018-06-09 17:03:47 - [TEST_STEP][PASSED] - click: Object: 'Object Repository/DispensaryToStore/Page_Dispensary Store/button_Add' is clicked on

2018-06-09 17:03:47 - [MESSAGE][PASSED] - Object: 'Object Repository/DispensaryToStore/Page_Dispensary Store/button_Add' is clicked on

2018-06-09 17:03:47 - [TEST_STEP][PASSED] - selectOptionByIndex: All options with index in [7] are selected on object 'Object Repository/DispensaryToStore/Page_Dispensary Store/select_--Select--Schedule 1Inj'

2018-06-09 17:03:48 - [MESSAGE][PASSED] - All options with index in [7] are selected on object 'Object Repository/DispensaryToStore/Page_Dispensary Store/select_--Select--Schedule 1Inj'

2018-06-09 17:03:48 - [TEST_STEP][PASSED] - selectOptionByIndex: All options with index in [17] are selected on object 'Object Repository/DispensaryToStore/Page_Dispensary Store/select_--Select--Adernaline 0.'

2018-06-09 17:03:48 - [MESSAGE][PASSED] - All options with index in [17] are selected on object 'Object Repository/DispensaryToStore/Page_Dispensary Store/select_--Select--Adernaline 0.'

2018-06-09 17:03:48 - [TEST_STEP][PASSED] - setText: Text '10' is set on object 'Object Repository/DispensaryToStore/Page_Dispensary Store/input_txttreat'

2018-06-09 17:03:48 - [MESSAGE][PASSED] - Text '10' is set on object 'Object Repository/DispensaryToStore/Page_Dispensary Store/input_txttreat'

2018-06-09 17:03:48 - [TEST_STEP][PASSED] - click: Object: 'Object Repository/DispensaryToStore/Page_Dispensary Store/button_Add' is clicked on

2018-06-09 17:03:48 - [MESSAGE][PASSED] - Object: 'Object Repository/DispensaryToStore/Page_Dispensary Store/button_Add' is clicked on

2018-06-09 17:03:48 - [TEST_STEP][PASSED] - selectOptionByIndex: All options with index in [7] are selected on object 'Object Repository/DispensaryToStore/Page_Dispensary Store/select_--Select--Schedule 1Inj'

2018-06-09 17:03:48 - [MESSAGE][PASSED] - All options with index in [7] are selected on object 'Object Repository/DispensaryToStore/Page_Dispensary Store/select_--Select--Schedule 1Inj'

2018-06-09 17:03:48 - [TEST_STEP][PASSED] - selectOptionByIndex: All options with index in [18] are selected on object 'Object Repository/DispensaryToStore/Page_Dispensary Store/select_--Select--Adernaline 0.'

2018-06-09 17:03:49 - [MESSAGE][PASSED] - All options with index in [18] are selected on object 'Object Repository/DispensaryToStore/Page_Dispensary Store/select_--Select--Adernaline 0.'

2018-06-09 17:03:49 - [TEST_STEP][PASSED] - setText: Text '10' is set on object 'Object Repository/DispensaryToStore/Page_Dispensary Store/input_txttreat'

2018-06-09 17:03:49 - [MESSAGE][PASSED] - Text '10' is set on object 'Object Repository/DispensaryToStore/Page_Dispensary Store/input_txttreat'

2018-06-09 17:03:49 - [TEST_STEP][PASSED] - click: Object: 'Object Repository/DispensaryToStore/Page_Dispensary Store/button_Add' is clicked on

2018-06-09 17:03:49 - [MESSAGE][PASSED] - Object: 'Object Repository/DispensaryToStore/Page_Dispensary Store/button_Add' is clicked on

2018-06-09 17:03:49 - [TEST_STEP][PASSED] - selectOptionByIndex: All options with index in [7] are selected on object 'Object Repository/DispensaryToStore/Page_Dispensary Store/select_--Select--Schedule 1Inj'

2018-06-09 17:03:49 - [MESSAGE][PASSED] - All options with index in [7] are selected on object 'Object Repository/DispensaryToStore/Page_Dispensary Store/select_--Select--Schedule 1Inj'

2018-06-09 17:03:49 - [TEST_STEP][PASSED] - selectOptionByIndex: All options with index in [19] are selected on object 'Object Repository/DispensaryToStore/Page_Dispensary Store/select_--Select--Adernaline 0.'

2018-06-09 17:03:49 - [MESSAGE][PASSED] - All options with index in [19] are selected on object 'Object Repository/DispensaryToStore/Page_Dispensary Store/select_--Select--Adernaline 0.'

2018-06-09 17:03:49 - [TEST_STEP][PASSED] - setText: Text '10' is set on object 'Object Repository/DispensaryToStore/Page_Dispensary Store/input_txttreat'

2018-06-09 17:03:49 - [MESSAGE][PASSED] - Text '10' is set on object 'Object Repository/DispensaryToStore/Page_Dispensary Store/input_txttreat'

2018-06-09 17:03:49 - [TEST_STEP][PASSED] - click: Object: 'Object Repository/DispensaryToStore/Page_Dispensary Store/button_Add' is clicked on

2018-06-09 17:03:50 - [MESSAGE][PASSED] - Object: 'Object Repository/DispensaryToStore/Page_Dispensary Store/button_Add' is clicked on

2018-06-09 17:03:50 - [TEST_STEP][PASSED] - selectOptionByIndex: All options with index in [7] are selected on object 'Object Repository/DispensaryToStore/Page_Dispensary Store/select_--Select--Schedule 1Inj'

2018-06-09 17:03:50 - [MESSAGE][PASSED] - All options with index in [7] are selected on object 'Object Repository/DispensaryToStore/Page_Dispensary Store/select_--Select--Schedule 1Inj'

2018-06-09 17:03:50 - [TEST_STEP][PASSED] - selectOptionByIndex: All options with index in [20] are selected on object 'Object Repository/DispensaryToStore/Page_Dispensary Store/select_--Select--Adernaline 0.'

2018-06-09 17:03:50 - [MESSAGE][PASSED] - All options with index in [20] are selected on object 'Object Repository/DispensaryToStore/Page_Dispensary Store/select_--Select--Adernaline 0.'

2018-06-09 17:03:50 - [TEST_STEP][PASSED] - setText: Text '10' is set on object 'Object Repository/DispensaryToStore/Page_Dispensary Store/input_txttreat'

2018-06-09 17:03:50 - [MESSAGE][PASSED] - Text '10' is set on object 'Object Repository/DispensaryToStore/Page_Dispensary Store/input_txttreat'

2018-06-09 17:03:50 - [TEST_STEP][PASSED] - click: Object: 'Object Repository/DispensaryToStore/Page_Dispensary Store/button_Add' is clicked on

2018-06-09 17:03:50 - [MESSAGE][PASSED] - Object: 'Object Repository/DispensaryToStore/Page_Dispensary Store/button_Add' is clicked on

2018-06-09 17:03:50 - [TEST_STEP][PASSED] - selectOptionByIndex: All options with index in [7] are selected on object 'Object Repository/DispensaryToStore/Page_Dispensary Store/select_--Select--Schedule 1Inj'

2018-06-09 17:03:50 - [MESSAGE][PASSED] - All options with index in [7] are selected on object 'Object Repository/DispensaryToStore/Page_Dispensary Store/select_--Select--Schedule 1Inj'

2018-06-09 17:03:50 - [TEST_STEP][PASSED] - selectOptionByIndex: All options with index in [21] are selected on object 'Object Repository/DispensaryToStore/Page_Dispensary Store/select_--Select--Adernaline 0.'

2018-06-09 17:03:51 - [MESSAGE][PASSED] - All options with index in [21] are selected on object 'Object Repository/DispensaryToStore/Page_Dispensary Store/select_--Select--Adernaline 0.'

2018-06-09 17:03:51 - [TEST_STEP][PASSED] - setText: Text '10' is set on object 'Object Repository/DispensaryToStore/Page_Dispensary Store/input_txttreat'

2018-06-09 17:03:51 - [MESSAGE][PASSED] - Text '10' is set on object 'Object Repository/DispensaryToStore/Page_Dispensary Store/input_txttreat'

2018-06-09 17:03:51 - [TEST_STEP][PASSED] - click: Object: 'Object Repository/DispensaryToStore/Page_Dispensary Store/button_Add' is clicked on

2018-06-09 17:03:51 - [MESSAGE][PASSED] - Object: 'Object Repository/DispensaryToStore/Page_Dispensary Store/button_Add' is clicked on

2018-06-09 17:03:51 - [TEST_STEP][PASSED] - selectOptionByIndex: All options with index in [7] are selected on object 'Object Repository/DispensaryToStore/Page_Dispensary Store/select_--Select--Schedule 1Inj'

2018-06-09 17:03:51 - [MESSAGE][PASSED] - All options with index in [7] are selected on object 'Object Repository/DispensaryToStore/Page_Dispensary Store/select_--Select--Schedule 1Inj'

2018-06-09 17:03:51 - [TEST_STEP][PASSED] - selectOptionByIndex: All options with index in [22] are selected on object 'Object Repository/DispensaryToStore/Page_Dispensary Store/select_--Select--Adernaline 0.'

2018-06-09 17:03:52 - [MESSAGE][PASSED] - All options with index in [22] are selected on object 'Object Repository/DispensaryToStore/Page_Dispensary Store/select_--Select--Adernaline 0.'

2018-06-09 17:03:52 - [TEST_STEP][PASSED] - setText: Text '10' is set on object 'Object Repository/DispensaryToStore/Page_Dispensary Store/input_txttreat'

2018-06-09 17:03:52 - [MESSAGE][PASSED] - Text '10' is set on object 'Object Repository/DispensaryToStore/Page_Dispensary Store/input_txttreat'

2018-06-09 17:03:52 - [TEST_STEP][PASSED] - click: Object: 'Object Repository/DispensaryToStore/Page_Dispensary Store/button_Add' is clicked on

2018-06-09 17:03:52 - [MESSAGE][PASSED] - Object: 'Object Repository/DispensaryToStore/Page_Dispensary Store/button_Add' is clicked on

2018-06-09 17:03:52 - [TEST_STEP][PASSED] - selectOptionByIndex: All options with index in [7] are selected on object 'Object Repository/DispensaryToStore/Page_Dispensary Store/select_--Select--Schedule 1Inj'

2018-06-09 17:03:52 - [MESSAGE][PASSED] - All options with index in [7] are selected on object 'Object Repository/DispensaryToStore/Page_Dispensary Store/select_--Select--Schedule 1Inj'

2018-06-09 17:03:52 - [TEST_STEP][PASSED] - selectOptionByIndex: All options with index in [23] are selected on object 'Object Repository/DispensaryToStore/Page_Dispensary Store/select_--Select--Adernaline 0.'

2018-06-09 17:03:52 - [MESSAGE][PASSED] - All options with index in [23] are selected on object 'Object Repository/DispensaryToStore/Page_Dispensary Store/select_--Select--Adernaline 0.'

2018-06-09 17:03:52 - [TEST_STEP][PASSED] - setText: Text '10' is set on object 'Object Repository/DispensaryToStore/Page_Dispensary Store/input_txttreat'

2018-06-09 17:03:53 - [MESSAGE][PASSED] - Text '10' is set on object 'Object Repository/DispensaryToStore/Page_Dispensary Store/input_txttreat'

2018-06-09 17:03:53 - [TEST_STEP][PASSED] - click: Object: 'Object Repository/DispensaryToStore/Page_Dispensary Store/button_Add' is clicked on

2018-06-09 17:03:53 - [MESSAGE][PASSED] - Object: 'Object Repository/DispensaryToStore/Page_Dispensary Store/button_Add' is clicked on

2018-06-09 17:03:53 - [TEST_STEP][PASSED] - scrollToElement: Scroll to object 'Object Repository/DispensaryToStore/Page_Dispensary Store/input_btnsave' successfully

2018-06-09 17:03:53 - [MESSAGE][PASSED] - Scroll to object 'Object Repository/DispensaryToStore/Page_Dispensary Store/input_btnsave' successfully

2018-06-09 17:03:53 - [TEST_STEP][PASSED] - click: Object: 'Object Repository/DispensaryToStore/Page_Dispensary Store/input_btnsave' is clicked on

2018-06-09 17:03:53 - [MESSAGE][PASSED] - Object: 'Object Repository/DispensaryToStore/Page_Dispensary Store/input_btnsave' is clicked on

2018-06-09 17:03:53 - [TEST_STEP][PASSED] - delay: Delayed 3 second(s)

2018-06-09 17:03:56 - [MESSAGE][PASSED] - Delayed 3 second(s)

2018-06-09 17:03:56 - [TEST_STEP][PASSED] - Statement - RN1 = com.kms.katalon.core.webui.keyword.WebUiBuiltInKeywords.getText(com.kms.katalon.core.testobject.ObjectRepository.findTestObject(DispensaryToStore/Page_Dispensary Store/font_HPRNO180520187)): Text of object 'Object Repository/DispensaryToStore/Page_Dispensary Store/font_HPRNO180520187' is: 'DPRNO/09062018/214'

2018-06-09 17:03:56 - [MESSAGE][PASSED] - Text of object 'Object Repository/DispensaryToStore/Page_Dispensary Store/font_HPRNO180520187' is: 'DPRNO/09062018/214'

2018-06-09 17:03:56 - [TEST_STEP][PASSED] - Statement - out.println(RN1): null

2018-06-09 17:03:56 - [TEST_STEP][PASSED] - Statement - RID = RN1.split("/")[2]: null

2018-06-09 17:03:56 - [TEST_STEP][PASSED] - click: Object: 'Object Repository/DispensaryToStore/Page_Dispensary Store/button_OK' is clicked on

2018-06-09 17:03:57 - [MESSAGE][PASSED] - Object: 'Object Repository/DispensaryToStore/Page_Dispensary Store/button_OK' is clicked on

2018-06-09 17:03:57 - [TEST_STEP][PASSED] - delay: Delayed 3 second(s)

2018-06-09 17:04:00 - [MESSAGE][PASSED] - Delayed 3 second(s)

2018-06-09 17:04:00 - [TEST_STEP][PASSED] - click: Object: 'Object Repository/DispensaryToStore/Page_Dispensary Store/a_dropdown-toggle' is clicked on

2018-06-09 17:04:00 - [MESSAGE][PASSED] - Object: 'Object Repository/DispensaryToStore/Page_Dispensary Store/a_dropdown-toggle' is clicked on

2018-06-09 17:04:00 - [TEST_STEP][PASSED] - click: Object: 'Object Repository/DispensaryToStore/Page_Dispensary Store/a_Sign out' is clicked on

2018-06-09 17:04:01 - [MESSAGE][PASSED] - Object: 'Object Repository/DispensaryToStore/Page_Dispensary Store/a_Sign out' is clicked on

2018-06-09 17:04:01 - [TEST_STEP][PASSED] - delay: Delayed 3 second(s)

2018-06-09 17:04:04 - [MESSAGE][PASSED] - Delayed 3 second(s)

2018-06-09 17:04:04 - [TEST_STEP][PASSED] - navigateToUrl: Navigate to 'http://192.168.137.1/multihospital_new/' successfully

2018-06-09 17:04:04 - [MESSAGE][PASSED] - Navigate to 'http://192.168.137.1/multihospital_new/' successfully

2018-06-09 17:04:04 - [TEST_STEP][PASSED] - click: Object: 'Object Repository/DispensaryToStore/Page_KDMC/a_CMO' is clicked on

2018-06-09 17:04:05 - [MESSAGE][PASSED] - Object: 'Object Repository/DispensaryToStore/Page_KDMC/a_CMO' is clicked on

2018-06-09 17:04:05 - [TEST_STEP][PASSED] - setText: Text 'guru' is set on object 'Object Repository/DispensaryToStore/Page_CMO login/input_txtusername'

2018-06-09 17:04:05 - [MESSAGE][PASSED] - Text 'guru' is set on object 'Object Repository/DispensaryToStore/Page_CMO login/input_txtusername'

2018-06-09 17:04:05 - [TEST_STEP][PASSED] - setText: Text '123' is set on object 'Object Repository/DispensaryToStore/Page_CMO login/input_txtpassword'

2018-06-09 17:04:05 - [MESSAGE][PASSED] - Text '123' is set on object 'Object Repository/DispensaryToStore/Page_CMO login/input_txtpassword'

2018-06-09 17:04:05 - [TEST_STEP][PASSED] - delay: Delayed 3 second(s)

2018-06-09 17:04:08 - [MESSAGE][PASSED] - Delayed 3 second(s)

2018-06-09 17:04:08 - [TEST_STEP][PASSED] - click: Object: 'Object Repository/DispensaryToStore/Page_CMO login/button_Sign in' is clicked on

2018-06-09 17:04:09 - [MESSAGE][PASSED] - Object: 'Object Repository/DispensaryToStore/Page_CMO login/button_Sign in' is clicked on

2018-06-09 17:04:09 - [TEST_STEP][PASSED] - click: Object: 'Object Repository/DispensaryToStore/Page_KDMC - CMO/a_Department Wise Request' is clicked on

2018-06-09 17:04:11 - [MESSAGE][PASSED] - Object: 'Object Repository/DispensaryToStore/Page_KDMC - CMO/a_Department Wise Request' is clicked on

2018-06-09 17:04:11 - [TEST_STEP][PASSED] - delay: Delayed 2 second(s)

2018-06-09 17:04:13 - [MESSAGE][PASSED] - Delayed 2 second(s)

2018-06-09 17:04:13 - [TEST_STEP][PASSED] - selectOptionByIndex: All options with index in [6] are selected on object 'Object Repository/DispensaryToStore/Page_KDMC - CMO/select_--ALL--'

2018-06-09 17:04:13 - [MESSAGE][PASSED] - All options with index in [6] are selected on object 'Object Repository/DispensaryToStore/Page_KDMC - CMO/select_--ALL--'

2018-06-09 17:04:13 - [TEST_STEP][PASSED] - click: Object: 'Object Repository/DispensaryToStore/Page_KDMC - CMO/input_btnsearch' is clicked on

2018-06-09 17:04:13 - [MESSAGE][PASSED] - Object: 'Object Repository/DispensaryToStore/Page_KDMC - CMO/input_btnsearch' is clicked on

2018-06-09 17:04:13 - [TEST_STEP][PASSED] - selectOptionByIndex: All options with index in [1] are selected on object 'Object Repository/DispensaryToStore/Page_KDMC - CMO/select_--ALL--                _1'

2018-06-09 17:04:14 - [MESSAGE][PASSED] - All options with index in [1] are selected on object 'Object Repository/DispensaryToStore/Page_KDMC - CMO/select_--ALL--                _1'

2018-06-09 17:04:14 - [TEST_STEP][PASSED] - click: Object: 'Object Repository/DispensaryToStore/Page_KDMC - CMO/input_btnsearch' is clicked on

2018-06-09 17:04:14 - [MESSAGE][PASSED] - Object: 'Object Repository/DispensaryToStore/Page_KDMC - CMO/input_btnsearch' is clicked on

2018-06-09 17:04:14 - [TEST_STEP][PASSED] - Statement - ID = com.kms.katalon.core.webui.keyword.WebUiBuiltInKeywords.modifyObjectProperty(com.kms.katalon.core.testobject.ObjectRepository.findTestObject(lab/Page_KDMC - CMO/input_1), "xpath", "equals", "//*[@id=" + RID + "]", true): Modify property of object successfully

2018-06-09 17:04:14 - [MESSAGE][PASSED] - Modify property of object successfully

2018-06-09 17:04:14 - [TEST_STEP][PASSED] - click: Object: 'Object Repository/lab/Page_KDMC - CMO/input_1' is clicked on

2018-06-09 17:04:14 - [MESSAGE][PASSED] - Object: 'Object Repository/lab/Page_KDMC - CMO/input_1' is clicked on

2018-06-09 17:04:14 - [TEST_STEP][PASSED] - delay: Delayed 2 second(s)

2018-06-09 17:04:16 - [MESSAGE][PASSED] - Delayed 2 second(s)

2018-06-09 17:04:16 - [TEST_STEP][PASSED] - selectOptionByIndex: All options with index in [1] are selected on object 'Object Repository/DispensaryToStore/Page_KDMC - CMO/select_--Select--'

2018-06-09 17:04:16 - [MESSAGE][PASSED] - All options with index in [1] are selected on object 'Object Repository/DispensaryToStore/Page_KDMC - CMO/select_--Select--'

2018-06-09 17:04:16 - [TEST_STEP][PASSED] - click: Object: 'Object Repository/DispensaryToStore/Page_KDMC - CMO/input_btnupdate' is clicked on

2018-06-09 17:04:17 - [MESSAGE][PASSED] - Object: 'Object Repository/DispensaryToStore/Page_KDMC - CMO/input_btnupdate' is clicked on

2018-06-09 17:04:17 - [TEST_STEP][PASSED] - delay: Delayed 2 second(s)

2018-06-09 17:04:19 - [MESSAGE][PASSED] - Delayed 2 second(s)

2018-06-09 17:04:19 - [TEST_STEP][PASSED] - click: Object: 'Object Repository/DispensaryToStore/Page_KDMC - CMO/button_OK' is clicked on

2018-06-09 17:04:19 - [MESSAGE][PASSED] - Object: 'Object Repository/DispensaryToStore/Page_KDMC - CMO/button_OK' is clicked on

2018-06-09 17:04:19 - [TEST_STEP][PASSED] - delay: Delayed 2 second(s)

2018-06-09 17:04:21 - [MESSAGE][PASSED] - Delayed 2 second(s)

2018-06-09 17:04:21 - [TEST_STEP][PASSED] - click: Object: 'Object Repository/DispensaryToStore/Page_KDMC - CMO/a_dropdown-toggle' is clicked on

2018-06-09 17:04:21 - [MESSAGE][PASSED] - Object: 'Object Repository/DispensaryToStore/Page_KDMC - CMO/a_dropdown-toggle' is clicked on

2018-06-09 17:04:21 - [TEST_STEP][PASSED] - click: Object: 'Object Repository/DispensaryToStore/Page_KDMC - CMO/a_Sign out' is clicked on

2018-06-09 17:04:22 - [MESSAGE][PASSED] - Object: 'Object Repository/DispensaryToStore/Page_KDMC - CMO/a_Sign out' is clicked on

2018-06-09 17:04:22 - [TEST_STEP][PASSED] - delay: Delayed 3 second(s)

2018-06-09 17:04:25 - [MESSAGE][PASSED] - Delayed 3 second(s)

2018-06-09 17:04:25 - [TEST_STEP][PASSED] - click: Object: 'Object Repository/DispensaryToStore/Page_KDMC/a_Divisional Store' is clicked on

2018-06-09 17:04:25 - [MESSAGE][PASSED] - Object: 'Object Repository/DispensaryToStore/Page_KDMC/a_Divisional Store' is clicked on

2018-06-09 17:04:25 - [TEST_STEP][PASSED] - setText: Text 'ragu' is set on object 'Object Repository/DispensaryToStore/Page_Divisonal Store Login/input_txtusername'

2018-06-09 17:04:26 - [MESSAGE][PASSED] - Text 'ragu' is set on object 'Object Repository/DispensaryToStore/Page_Divisonal Store Login/input_txtusername'

2018-06-09 17:04:26 - [TEST_STEP][PASSED] - setText: Text '123' is set on object 'Object Repository/DispensaryToStore/Page_Divisonal Store Login/input_txtpassword'

2018-06-09 17:04:26 - [MESSAGE][PASSED] - Text '123' is set on object 'Object Repository/DispensaryToStore/Page_Divisonal Store Login/input_txtpassword'

2018-06-09 17:04:26 - [TEST_STEP][PASSED] - delay: Delayed 3 second(s)

2018-06-09 17:04:29 - [MESSAGE][PASSED] - Delayed 3 second(s)

2018-06-09 17:04:29 - [TEST_STEP][PASSED] - click: Object: 'Object Repository/DispensaryToStore/Page_Divisonal Store Login/button_Sign in' is clicked on

2018-06-09 17:04:30 - [MESSAGE][PASSED] - Object: 'Object Repository/DispensaryToStore/Page_Divisonal Store Login/button_Sign in' is clicked on

2018-06-09 17:04:30 - [TEST_STEP][PASSED] - delay: Delayed 3 second(s)

2018-06-09 17:04:33 - [MESSAGE][PASSED] - Delayed 3 second(s)

2018-06-09 17:04:33 - [TEST_STEP][PASSED] - scrollToPosition: Browser is scrolled to position x = 100, y = 100

2018-06-09 17:04:33 - [MESSAGE][PASSED] - Browser is scrolled to position x = 100, y = 100

2018-06-09 17:04:33 - [TEST_STEP][PASSED] - click: Object: 'Object Repository/DispensaryToStore/Page_Store/a_Dispensary Request' is clicked on

2018-06-09 17:04:34 - [MESSAGE][PASSED] - Object: 'Object Repository/DispensaryToStore/Page_Store/a_Dispensary Request' is clicked on

2018-06-09 17:04:34 - [TEST_STEP][PASSED] - delay: Delayed 2 second(s)

2018-06-09 17:04:36 - [MESSAGE][PASSED] - Delayed 2 second(s)

2018-06-09 17:04:36 - [TEST_STEP][PASSED] - click: Object: 'Object Repository/DispensaryToStore/Page_Store/a_Request Item Dispensary' is clicked on

2018-06-09 17:04:36 - [MESSAGE][PASSED] - Object: 'Object Repository/DispensaryToStore/Page_Store/a_Request Item Dispensary' is clicked on

2018-06-09 17:04:36 - [TEST_STEP][PASSED] - Statement - ChooseRequest = com.kms.katalon.core.webui.keyword.WebUiBuiltInKeywords.modifyObjectProperty(com.kms.katalon.core.testobject.ObjectRepository.findTestObject(lab/Page_Store/input_1), "xpath", "equals", "//*[@id=" + RID + "]", true): Modify property of object successfully

2018-06-09 17:04:36 - [MESSAGE][PASSED] - Modify property of object successfully

2018-06-09 17:04:36 - [TEST_STEP][PASSED] - click: Object: 'Object Repository/lab/Page_Store/input_1' is clicked on

2018-06-09 17:04:37 - [MESSAGE][PASSED] - Object: 'Object Repository/lab/Page_Store/input_1' is clicked on

2018-06-09 17:04:37 - [TEST_STEP][PASSED] - Statement - selectedoptions = com.kms.katalon.core.webui.keyword.WebUiBuiltInKeywords.getNumberOfTotalOption(com.kms.katalon.core.testobject.ObjectRepository.findTestObject(DispensaryToStore/Page_Store/select_--Select--Adernaline 0.)): 24 options of object 'Object Repository/DispensaryToStore/Page_Store/select_--Select--Adernaline 0.' counted

2018-06-09 17:04:37 - [MESSAGE][PASSED] - 24 options of object 'Object Repository/DispensaryToStore/Page_Store/select_--Select--Adernaline 0.' counted

2018-06-09 17:04:37 - [TEST_STEP][PASSED] - Statement - For ([a = 1, a <= selectedoptions - 1, (a++)]): null

2018-06-09 17:04:37 - [TEST_STEP][PASSED] - selectOptionByIndex: All options with index in [1] are selected on object 'Object Repository/DispensaryToStore/Page_Store/select_--Select--Adernaline 0.'

2018-06-09 17:04:38 - [MESSAGE][PASSED] - All options with index in [1] are selected on object 'Object Repository/DispensaryToStore/Page_Store/select_--Select--Adernaline 0.'

2018-06-09 17:04:38 - [TEST_STEP][PASSED] - delay: Delayed 2 second(s)

2018-06-09 17:04:40 - [MESSAGE][PASSED] - Delayed 2 second(s)

2018-06-09 17:04:40 - [TEST_STEP][PASSED] - Statement - RequestedQty = com.kms.katalon.core.webui.keyword.WebUiBuiltInKeywords.getAttribute(com.kms.katalon.core.testobject.ObjectRepository.findTestObject(DispensaryToStore/Page_Store/input_txttotal), "value"): Attribute 'value' of object 'Object Repository/DispensaryToStore/Page_Store/input_txttotal' is: '10'

2018-06-09 17:04:40 - [MESSAGE][PASSED] - Attribute 'value' of object 'Object Repository/DispensaryToStore/Page_Store/input_txttotal' is: '10'

2018-06-09 17:04:40 - [TEST_STEP][PASSED] - Statement - out.println("Requested QTY : " + RequestedQty): null

2018-06-09 17:04:40 - [TEST_STEP][PASSED] - Statement - BatchNumber = com.kms.katalon.core.webui.keyword.WebUiBuiltInKeywords.getNumberOfTotalOption(com.kms.katalon.core.testobject.ObjectRepository.findTestObject(DispensaryToStore/Page_Store/select_--Select--BA1170BA2376B)): 3 options of object 'Object Repository/DispensaryToStore/Page_Store/select_--Select--BA1170BA2376B' counted

2018-06-09 17:04:40 - [MESSAGE][PASSED] - 3 options of object 'Object Repository/DispensaryToStore/Page_Store/select_--Select--BA1170BA2376B' counted

2018-06-09 17:04:40 - [TEST_STEP][PASSED] - Statement - For ([g = 1, g <= BatchNumber - 1, (g++)]): null

2018-06-09 17:04:40 - [TEST_STEP][PASSED] - selectOptionByIndex: All options with index in [1] are selected on object 'Object Repository/DispensaryToStore/Page_Store/select_--Select--BA1170BA2376B'

2018-06-09 17:04:40 - [MESSAGE][PASSED] - All options with index in [1] are selected on object 'Object Repository/DispensaryToStore/Page_Store/select_--Select--BA1170BA2376B'

2018-06-09 17:04:40 - [TEST_STEP][PASSED] - Statement - Try: null

2018-06-09 17:04:40 - [TEST_STEP][PASSED] - Statement - StockQty = com.kms.katalon.core.webui.keyword.WebUiBuiltInKeywords.getAttribute(com.kms.katalon.core.testobject.ObjectRepository.findTestObject(DispensaryToStore/Page_Store/input_txtprice), "value"): Attribute 'value' of object 'Object Repository/DispensaryToStore/Page_Store/input_txtprice' is: '730'

2018-06-09 17:04:40 - [MESSAGE][PASSED] - Attribute 'value' of object 'Object Repository/DispensaryToStore/Page_Store/input_txtprice' is: '730'

2018-06-09 17:04:40 - [TEST_STEP][PASSED] - Statement - out.println("Stock QTY : " + StockQty): null

2018-06-09 17:04:40 - [TEST_STEP][PASSED] - delay: Delayed 2 second(s)

2018-06-09 17:04:42 - [MESSAGE][PASSED] - Delayed 2 second(s)

2018-06-09 17:04:42 - [TEST_STEP][PASSED] - Statement - If (java.lang.String.valueOf(StockQty) >= java.lang.String.valueOf(RequestedQty)): null

2018-06-09 17:04:42 - [TEST_STEP][PASSED] - setText: Text '10' is set on object 'Object Repository/DispensaryToStore/Page_Store/input_txtqty'

2018-06-09 17:04:42 - [MESSAGE][PASSED] - Text '10' is set on object 'Object Repository/DispensaryToStore/Page_Store/input_txtqty'

2018-06-09 17:04:42 - [TEST_STEP][PASSED] - click: Object: 'Object Repository/DispensaryToStore/Page_Store/button_Add' is clicked on

2018-06-09 17:04:42 - [MESSAGE][PASSED] - Object: 'Object Repository/DispensaryToStore/Page_Store/button_Add' is clicked on

2018-06-09 17:04:42 - [TEST_STEP][PASSED] - Statement - Break: null

2018-06-09 17:04:42 - [TEST_STEP][PASSED] - selectOptionByIndex: All options with index in [2] are selected on object 'Object Repository/DispensaryToStore/Page_Store/select_--Select--Adernaline 0.'

2018-06-09 17:04:43 - [MESSAGE][PASSED] - All options with index in [2] are selected on object 'Object Repository/DispensaryToStore/Page_Store/select_--Select--Adernaline 0.'

2018-06-09 17:04:43 - [TEST_STEP][PASSED] - delay: Delayed 2 second(s)

2018-06-09 17:04:45 - [MESSAGE][PASSED] - Delayed 2 second(s)

2018-06-09 17:04:45 - [TEST_STEP][PASSED] - Statement - RequestedQty = com.kms.katalon.core.webui.keyword.WebUiBuiltInKeywords.getAttribute(com.kms.katalon.core.testobject.ObjectRepository.findTestObject(DispensaryToStore/Page_Store/input_txttotal), "value"): Attribute 'value' of object 'Object Repository/DispensaryToStore/Page_Store/input_txttotal' is: '10'

2018-06-09 17:04:45 - [MESSAGE][PASSED] - Attribute 'value' of object 'Object Repository/DispensaryToStore/Page_Store/input_txttotal' is: '10'

2018-06-09 17:04:45 - [TEST_STEP][PASSED] - Statement - out.println("Requested QTY : " + RequestedQty): null

2018-06-09 17:04:45 - [TEST_STEP][PASSED] - Statement - BatchNumber = com.kms.katalon.core.webui.keyword.WebUiBuiltInKeywords.getNumberOfTotalOption(com.kms.katalon.core.testobject.ObjectRepository.findTestObject(DispensaryToStore/Page_Store/select_--Select--BA1170BA2376B)): 5 options of object 'Object Repository/DispensaryToStore/Page_Store/select_--Select--BA1170BA2376B' counted

2018-06-09 17:04:45 - [MESSAGE][PASSED] - 5 options of object 'Object Repository/DispensaryToStore/Page_Store/select_--Select--BA1170BA2376B' counted

2018-06-09 17:04:45 - [TEST_STEP][PASSED] - Statement - For ([g = 1, g <= BatchNumber - 1, (g++)]): null

2018-06-09 17:04:45 - [TEST_STEP][PASSED] - selectOptionByIndex: All options with index in [1] are selected on object 'Object Repository/DispensaryToStore/Page_Store/select_--Select--BA1170BA2376B'

2018-06-09 17:04:45 - [MESSAGE][PASSED] - All options with index in [1] are selected on object 'Object Repository/DispensaryToStore/Page_Store/select_--Select--BA1170BA2376B'

2018-06-09 17:04:45 - [TEST_STEP][PASSED] - Statement - Try: null

2018-06-09 17:04:45 - [TEST_STEP][PASSED] - Statement - StockQty = com.kms.katalon.core.webui.keyword.WebUiBuiltInKeywords.getAttribute(com.kms.katalon.core.testobject.ObjectRepository.findTestObject(DispensaryToStore/Page_Store/input_txtprice), "value"): Attribute 'value' of object 'Object Repository/DispensaryToStore/Page_Store/input_txtprice' is: '320'

2018-06-09 17:04:45 - [MESSAGE][PASSED] - Attribute 'value' of object 'Object Repository/DispensaryToStore/Page_Store/input_txtprice' is: '320'

2018-06-09 17:04:45 - [TEST_STEP][PASSED] - Statement - out.println("Stock QTY : " + StockQty): null

2018-06-09 17:04:45 - [TEST_STEP][PASSED] - delay: Delayed 2 second(s)

2018-06-09 17:04:47 - [MESSAGE][PASSED] - Delayed 2 second(s)

2018-06-09 17:04:47 - [TEST_STEP][PASSED] - Statement - If (java.lang.String.valueOf(StockQty) >= java.lang.String.valueOf(RequestedQty)): null

2018-06-09 17:04:47 - [TEST_STEP][PASSED] - setText: Text '10' is set on object 'Object Repository/DispensaryToStore/Page_Store/input_txtqty'

2018-06-09 17:04:47 - [MESSAGE][PASSED] - Text '10' is set on object 'Object Repository/DispensaryToStore/Page_Store/input_txtqty'

2018-06-09 17:04:47 - [TEST_STEP][PASSED] - click: Object: 'Object Repository/DispensaryToStore/Page_Store/button_Add' is clicked on

2018-06-09 17:04:47 - [MESSAGE][PASSED] - Object: 'Object Repository/DispensaryToStore/Page_Store/button_Add' is clicked on

2018-06-09 17:04:47 - [TEST_STEP][PASSED] - Statement - Break: null

2018-06-09 17:04:47 - [TEST_STEP][PASSED] - selectOptionByIndex: All options with index in [3] are selected on object 'Object Repository/DispensaryToStore/Page_Store/select_--Select--Adernaline 0.'

2018-06-09 17:04:47 - [MESSAGE][PASSED] - All options with index in [3] are selected on object 'Object Repository/DispensaryToStore/Page_Store/select_--Select--Adernaline 0.'

2018-06-09 17:04:47 - [TEST_STEP][PASSED] - delay: Delayed 2 second(s)

2018-06-09 17:04:49 - [MESSAGE][PASSED] - Delayed 2 second(s)

2018-06-09 17:04:49 - [TEST_STEP][PASSED] - Statement - RequestedQty = com.kms.katalon.core.webui.keyword.WebUiBuiltInKeywords.getAttribute(com.kms.katalon.core.testobject.ObjectRepository.findTestObject(DispensaryToStore/Page_Store/input_txttotal), "value"): Attribute 'value' of object 'Object Repository/DispensaryToStore/Page_Store/input_txttotal' is: '10'

2018-06-09 17:04:49 - [MESSAGE][PASSED] - Attribute 'value' of object 'Object Repository/DispensaryToStore/Page_Store/input_txttotal' is: '10'

2018-06-09 17:04:49 - [TEST_STEP][PASSED] - Statement - out.println("Requested QTY : " + RequestedQty): null

2018-06-09 17:04:49 - [TEST_STEP][PASSED] - Statement - BatchNumber = com.kms.katalon.core.webui.keyword.WebUiBuiltInKeywords.getNumberOfTotalOption(com.kms.katalon.core.testobject.ObjectRepository.findTestObject(DispensaryToStore/Page_Store/select_--Select--BA1170BA2376B)): 3 options of object 'Object Repository/DispensaryToStore/Page_Store/select_--Select--BA1170BA2376B' counted

2018-06-09 17:04:49 - [MESSAGE][PASSED] - 3 options of object 'Object Repository/DispensaryToStore/Page_Store/select_--Select--BA1170BA2376B' counted

2018-06-09 17:04:49 - [TEST_STEP][PASSED] - Statement - For ([g = 1, g <= BatchNumber - 1, (g++)]): null

2018-06-09 17:04:49 - [TEST_STEP][PASSED] - selectOptionByIndex: All options with index in [1] are selected on object 'Object Repository/DispensaryToStore/Page_Store/select_--Select--BA1170BA2376B'

2018-06-09 17:04:49 - [MESSAGE][PASSED] - All options with index in [1] are selected on object 'Object Repository/DispensaryToStore/Page_Store/select_--Select--BA1170BA2376B'

2018-06-09 17:04:49 - [TEST_STEP][PASSED] - Statement - Try: null

2018-06-09 17:04:49 - [TEST_STEP][PASSED] - Statement - StockQty = com.kms.katalon.core.webui.keyword.WebUiBuiltInKeywords.getAttribute(com.kms.katalon.core.testobject.ObjectRepository.findTestObject(DispensaryToStore/Page_Store/input_txtprice), "value"): Attribute 'value' of object 'Object Repository/DispensaryToStore/Page_Store/input_txtprice' is: '730'

2018-06-09 17:04:49 - [MESSAGE][PASSED] - Attribute 'value' of object 'Object Repository/DispensaryToStore/Page_Store/input_txtprice' is: '730'

2018-06-09 17:04:49 - [TEST_STEP][PASSED] - Statement - out.println("Stock QTY : " + StockQty): null

2018-06-09 17:04:49 - [TEST_STEP][PASSED] - delay: Delayed 2 second(s)

2018-06-09 17:04:51 - [MESSAGE][PASSED] - Delayed 2 second(s)

2018-06-09 17:04:51 - [TEST_STEP][PASSED] - Statement - If (java.lang.String.valueOf(StockQty) >= java.lang.String.valueOf(RequestedQty)): null

2018-06-09 17:04:51 - [TEST_STEP][PASSED] - setText: Text '10' is set on object 'Object Repository/DispensaryToStore/Page_Store/input_txtqty'

2018-06-09 17:04:51 - [MESSAGE][PASSED] - Text '10' is set on object 'Object Repository/DispensaryToStore/Page_Store/input_txtqty'

2018-06-09 17:04:51 - [TEST_STEP][PASSED] - click: Object: 'Object Repository/DispensaryToStore/Page_Store/button_Add' is clicked on

2018-06-09 17:04:52 - [MESSAGE][PASSED] - Object: 'Object Repository/DispensaryToStore/Page_Store/button_Add' is clicked on

2018-06-09 17:04:52 - [TEST_STEP][PASSED] - Statement - Break: null

2018-06-09 17:04:52 - [TEST_STEP][PASSED] - selectOptionByIndex: All options with index in [4] are selected on object 'Object Repository/DispensaryToStore/Page_Store/select_--Select--Adernaline 0.'

2018-06-09 17:04:52 - [MESSAGE][PASSED] - All options with index in [4] are selected on object 'Object Repository/DispensaryToStore/Page_Store/select_--Select--Adernaline 0.'

2018-06-09 17:04:52 - [TEST_STEP][PASSED] - delay: Delayed 2 second(s)

2018-06-09 17:04:54 - [MESSAGE][PASSED] - Delayed 2 second(s)

2018-06-09 17:04:54 - [TEST_STEP][PASSED] - Statement - RequestedQty = com.kms.katalon.core.webui.keyword.WebUiBuiltInKeywords.getAttribute(com.kms.katalon.core.testobject.ObjectRepository.findTestObject(DispensaryToStore/Page_Store/input_txttotal), "value"): Attribute 'value' of object 'Object Repository/DispensaryToStore/Page_Store/input_txttotal' is: '10'

2018-06-09 17:04:54 - [MESSAGE][PASSED] - Attribute 'value' of object 'Object Repository/DispensaryToStore/Page_Store/input_txttotal' is: '10'

2018-06-09 17:04:54 - [TEST_STEP][PASSED] - Statement - out.println("Requested QTY : " + RequestedQty): null

2018-06-09 17:04:54 - [TEST_STEP][PASSED] - Statement - BatchNumber = com.kms.katalon.core.webui.keyword.WebUiBuiltInKeywords.getNumberOfTotalOption(com.kms.katalon.core.testobject.ObjectRepository.findTestObject(DispensaryToStore/Page_Store/select_--Select--BA1170BA2376B)): 3 options of object 'Object Repository/DispensaryToStore/Page_Store/select_--Select--BA1170BA2376B' counted

2018-06-09 17:04:54 - [MESSAGE][PASSED] - 3 options of object 'Object Repository/DispensaryToStore/Page_Store/select_--Select--BA1170BA2376B' counted

2018-06-09 17:04:54 - [TEST_STEP][PASSED] - Statement - For ([g = 1, g <= BatchNumber - 1, (g++)]): null

2018-06-09 17:04:54 - [TEST_STEP][PASSED] - selectOptionByIndex: All options with index in [1] are selected on object 'Object Repository/DispensaryToStore/Page_Store/select_--Select--BA1170BA2376B'

2018-06-09 17:04:54 - [MESSAGE][PASSED] - All options with index in [1] are selected on object 'Object Repository/DispensaryToStore/Page_Store/select_--Select--BA1170BA2376B'

2018-06-09 17:04:54 - [TEST_STEP][PASSED] - Statement - Try: null

2018-06-09 17:04:54 - [TEST_STEP][PASSED] - Statement - StockQty = com.kms.katalon.core.webui.keyword.WebUiBuiltInKeywords.getAttribute(com.kms.katalon.core.testobject.ObjectRepository.findTestObject(DispensaryToStore/Page_Store/input_txtprice), "value"): Attribute 'value' of object 'Object Repository/DispensaryToStore/Page_Store/input_txtprice' is: '730'

2018-06-09 17:04:54 - [MESSAGE][PASSED] - Attribute 'value' of object 'Object Repository/DispensaryToStore/Page_Store/input_txtprice' is: '730'

2018-06-09 17:04:54 - [TEST_STEP][PASSED] - Statement - out.println("Stock QTY : " + StockQty): null

2018-06-09 17:04:54 - [TEST_STEP][PASSED] - delay: Delayed 2 second(s)

2018-06-09 17:04:56 - [MESSAGE][PASSED] - Delayed 2 second(s)

2018-06-09 17:04:56 - [TEST_STEP][PASSED] - Statement - If (java.lang.String.valueOf(StockQty) >= java.lang.String.valueOf(RequestedQty)): null

2018-06-09 17:04:56 - [TEST_STEP][PASSED] - setText: Text '10' is set on object 'Object Repository/DispensaryToStore/Page_Store/input_txtqty'

2018-06-09 17:04:56 - [MESSAGE][PASSED] - Text '10' is set on object 'Object Repository/DispensaryToStore/Page_Store/input_txtqty'

2018-06-09 17:04:56 - [TEST_STEP][PASSED] - click: Object: 'Object Repository/DispensaryToStore/Page_Store/button_Add' is clicked on

2018-06-09 17:04:56 - [MESSAGE][PASSED] - Object: 'Object Repository/DispensaryToStore/Page_Store/button_Add' is clicked on

2018-06-09 17:04:56 - [TEST_STEP][PASSED] - Statement - Break: null

2018-06-09 17:04:56 - [TEST_STEP][PASSED] - selectOptionByIndex: All options with index in [5] are selected on object 'Object Repository/DispensaryToStore/Page_Store/select_--Select--Adernaline 0.'

2018-06-09 17:04:56 - [MESSAGE][PASSED] - All options with index in [5] are selected on object 'Object Repository/DispensaryToStore/Page_Store/select_--Select--Adernaline 0.'

2018-06-09 17:04:56 - [TEST_STEP][PASSED] - delay: Delayed 2 second(s)

2018-06-09 17:04:58 - [MESSAGE][PASSED] - Delayed 2 second(s)

2018-06-09 17:04:58 - [TEST_STEP][PASSED] - Statement - RequestedQty = com.kms.katalon.core.webui.keyword.WebUiBuiltInKeywords.getAttribute(com.kms.katalon.core.testobject.ObjectRepository.findTestObject(DispensaryToStore/Page_Store/input_txttotal), "value"): Attribute 'value' of object 'Object Repository/DispensaryToStore/Page_Store/input_txttotal' is: '10'

2018-06-09 17:04:58 - [MESSAGE][PASSED] - Attribute 'value' of object 'Object Repository/DispensaryToStore/Page_Store/input_txttotal' is: '10'

2018-06-09 17:04:58 - [TEST_STEP][PASSED] - Statement - out.println("Requested QTY : " + RequestedQty): null

2018-06-09 17:04:58 - [TEST_STEP][PASSED] - Statement - BatchNumber = com.kms.katalon.core.webui.keyword.WebUiBuiltInKeywords.getNumberOfTotalOption(com.kms.katalon.core.testobject.ObjectRepository.findTestObject(DispensaryToStore/Page_Store/select_--Select--BA1170BA2376B)): 4 options of object 'Object Repository/DispensaryToStore/Page_Store/select_--Select--BA1170BA2376B' counted

2018-06-09 17:04:58 - [MESSAGE][PASSED] - 4 options of object 'Object Repository/DispensaryToStore/Page_Store/select_--Select--BA1170BA2376B' counted

2018-06-09 17:04:58 - [TEST_STEP][PASSED] - Statement - For ([g = 1, g <= BatchNumber - 1, (g++)]): null

2018-06-09 17:04:58 - [TEST_STEP][PASSED] - selectOptionByIndex: All options with index in [1] are selected on object 'Object Repository/DispensaryToStore/Page_Store/select_--Select--BA1170BA2376B'

2018-06-09 17:04:59 - [MESSAGE][PASSED] - All options with index in [1] are selected on object 'Object Repository/DispensaryToStore/Page_Store/select_--Select--BA1170BA2376B'

2018-06-09 17:04:59 - [TEST_STEP][PASSED] - Statement - Try: null

2018-06-09 17:04:59 - [TEST_STEP][PASSED] - Statement - StockQty = com.kms.katalon.core.webui.keyword.WebUiBuiltInKeywords.getAttribute(com.kms.katalon.core.testobject.ObjectRepository.findTestObject(DispensaryToStore/Page_Store/input_txtprice), "value"): Attribute 'value' of object 'Object Repository/DispensaryToStore/Page_Store/input_txtprice' is: '380'

2018-06-09 17:04:59 - [MESSAGE][PASSED] - Attribute 'value' of object 'Object Repository/DispensaryToStore/Page_Store/input_txtprice' is: '380'

2018-06-09 17:04:59 - [TEST_STEP][PASSED] - Statement - out.println("Stock QTY : " + StockQty): null

2018-06-09 17:04:59 - [TEST_STEP][PASSED] - delay: Delayed 2 second(s)

2018-06-09 17:05:01 - [MESSAGE][PASSED] - Delayed 2 second(s)

2018-06-09 17:05:01 - [TEST_STEP][PASSED] - Statement - If (java.lang.String.valueOf(StockQty) >= java.lang.String.valueOf(RequestedQty)): null

2018-06-09 17:05:01 - [TEST_STEP][PASSED] - setText: Text '10' is set on object 'Object Repository/DispensaryToStore/Page_Store/input_txtqty'

2018-06-09 17:05:01 - [MESSAGE][PASSED] - Text '10' is set on object 'Object Repository/DispensaryToStore/Page_Store/input_txtqty'

2018-06-09 17:05:01 - [TEST_STEP][PASSED] - click: Object: 'Object Repository/DispensaryToStore/Page_Store/button_Add' is clicked on

2018-06-09 17:05:01 - [MESSAGE][PASSED] - Object: 'Object Repository/DispensaryToStore/Page_Store/button_Add' is clicked on

2018-06-09 17:05:01 - [TEST_STEP][PASSED] - Statement - Break: null

2018-06-09 17:05:01 - [TEST_STEP][PASSED] - selectOptionByIndex: All options with index in [6] are selected on object 'Object Repository/DispensaryToStore/Page_Store/select_--Select--Adernaline 0.'

2018-06-09 17:05:01 - [MESSAGE][PASSED] - All options with index in [6] are selected on object 'Object Repository/DispensaryToStore/Page_Store/select_--Select--Adernaline 0.'

2018-06-09 17:05:01 - [TEST_STEP][PASSED] - delay: Delayed 2 second(s)

2018-06-09 17:05:03 - [MESSAGE][PASSED] - Delayed 2 second(s)

2018-06-09 17:05:03 - [TEST_STEP][PASSED] - Statement - RequestedQty = com.kms.katalon.core.webui.keyword.WebUiBuiltInKeywords.getAttribute(com.kms.katalon.core.testobject.ObjectRepository.findTestObject(DispensaryToStore/Page_Store/input_txttotal), "value"): Attribute 'value' of object 'Object Repository/DispensaryToStore/Page_Store/input_txttotal' is: '10'

2018-06-09 17:05:03 - [MESSAGE][PASSED] - Attribute 'value' of object 'Object Repository/DispensaryToStore/Page_Store/input_txttotal' is: '10'

2018-06-09 17:05:03 - [TEST_STEP][PASSED] - Statement - out.println("Requested QTY : " + RequestedQty): null

2018-06-09 17:05:03 - [TEST_STEP][PASSED] - Statement - BatchNumber = com.kms.katalon.core.webui.keyword.WebUiBuiltInKeywords.getNumberOfTotalOption(com.kms.katalon.core.testobject.ObjectRepository.findTestObject(DispensaryToStore/Page_Store/select_--Select--BA1170BA2376B)): 3 options of object 'Object Repository/DispensaryToStore/Page_Store/select_--Select--BA1170BA2376B' counted

2018-06-09 17:05:03 - [MESSAGE][PASSED] - 3 options of object 'Object Repository/DispensaryToStore/Page_Store/select_--Select--BA1170BA2376B' counted

2018-06-09 17:05:03 - [TEST_STEP][PASSED] - Statement - For ([g = 1, g <= BatchNumber - 1, (g++)]): null

2018-06-09 17:05:03 - [TEST_STEP][PASSED] - selectOptionByIndex: All options with index in [1] are selected on object 'Object Repository/DispensaryToStore/Page_Store/select_--Select--BA1170BA2376B'

2018-06-09 17:05:03 - [MESSAGE][PASSED] - All options with index in [1] are selected on object 'Object Repository/DispensaryToStore/Page_Store/select_--Select--BA1170BA2376B'

2018-06-09 17:05:03 - [TEST_STEP][PASSED] - Statement - Try: null

2018-06-09 17:05:03 - [TEST_STEP][PASSED] - Statement - StockQty = com.kms.katalon.core.webui.keyword.WebUiBuiltInKeywords.getAttribute(com.kms.katalon.core.testobject.ObjectRepository.findTestObject(DispensaryToStore/Page_Store/input_txtprice), "value"): Attribute 'value' of object 'Object Repository/DispensaryToStore/Page_Store/input_txtprice' is: '730'

2018-06-09 17:05:03 - [MESSAGE][PASSED] - Attribute 'value' of object 'Object Repository/DispensaryToStore/Page_Store/input_txtprice' is: '730'

2018-06-09 17:05:03 - [TEST_STEP][PASSED] - Statement - out.println("Stock QTY : " + StockQty): null

2018-06-09 17:05:03 - [TEST_STEP][PASSED] - delay: Delayed 2 second(s)

2018-06-09 17:05:05 - [MESSAGE][PASSED] - Delayed 2 second(s)

2018-06-09 17:05:05 - [TEST_STEP][PASSED] - Statement - If (java.lang.String.valueOf(StockQty) >= java.lang.String.valueOf(RequestedQty)): null

2018-06-09 17:05:05 - [TEST_STEP][PASSED] - setText: Text '10' is set on object 'Object Repository/DispensaryToStore/Page_Store/input_txtqty'

2018-06-09 17:05:05 - [MESSAGE][PASSED] - Text '10' is set on object 'Object Repository/DispensaryToStore/Page_Store/input_txtqty'

2018-06-09 17:05:05 - [TEST_STEP][PASSED] - click: Object: 'Object Repository/DispensaryToStore/Page_Store/button_Add' is clicked on

2018-06-09 17:05:05 - [MESSAGE][PASSED] - Object: 'Object Repository/DispensaryToStore/Page_Store/button_Add' is clicked on

2018-06-09 17:05:05 - [TEST_STEP][PASSED] - Statement - Break: null

2018-06-09 17:05:05 - [TEST_STEP][PASSED] - selectOptionByIndex: All options with index in [7] are selected on object 'Object Repository/DispensaryToStore/Page_Store/select_--Select--Adernaline 0.'

2018-06-09 17:05:06 - [MESSAGE][PASSED] - All options with index in [7] are selected on object 'Object Repository/DispensaryToStore/Page_Store/select_--Select--Adernaline 0.'

2018-06-09 17:05:06 - [TEST_STEP][PASSED] - delay: Delayed 2 second(s)

2018-06-09 17:05:08 - [MESSAGE][PASSED] - Delayed 2 second(s)

2018-06-09 17:05:08 - [TEST_STEP][PASSED] - Statement - RequestedQty = com.kms.katalon.core.webui.keyword.WebUiBuiltInKeywords.getAttribute(com.kms.katalon.core.testobject.ObjectRepository.findTestObject(DispensaryToStore/Page_Store/input_txttotal), "value"): Attribute 'value' of object 'Object Repository/DispensaryToStore/Page_Store/input_txttotal' is: '10'

2018-06-09 17:05:08 - [MESSAGE][PASSED] - Attribute 'value' of object 'Object Repository/DispensaryToStore/Page_Store/input_txttotal' is: '10'

2018-06-09 17:05:08 - [TEST_STEP][PASSED] - Statement - out.println("Requested QTY : " + RequestedQty): null

2018-06-09 17:05:08 - [TEST_STEP][PASSED] - Statement - BatchNumber = com.kms.katalon.core.webui.keyword.WebUiBuiltInKeywords.getNumberOfTotalOption(com.kms.katalon.core.testobject.ObjectRepository.findTestObject(DispensaryToStore/Page_Store/select_--Select--BA1170BA2376B)): 4 options of object 'Object Repository/DispensaryToStore/Page_Store/select_--Select--BA1170BA2376B' counted

2018-06-09 17:05:08 - [MESSAGE][PASSED] - 4 options of object 'Object Repository/DispensaryToStore/Page_Store/select_--Select--BA1170BA2376B' counted

2018-06-09 17:05:08 - [TEST_STEP][PASSED] - Statement - For ([g = 1, g <= BatchNumber - 1, (g++)]): null

2018-06-09 17:05:08 - [TEST_STEP][PASSED] - selectOptionByIndex: All options with index in [1] are selected on object 'Object Repository/DispensaryToStore/Page_Store/select_--Select--BA1170BA2376B'

2018-06-09 17:05:08 - [MESSAGE][PASSED] - All options with index in [1] are selected on object 'Object Repository/DispensaryToStore/Page_Store/select_--Select--BA1170BA2376B'

2018-06-09 17:05:08 - [TEST_STEP][PASSED] - Statement - Try: null

2018-06-09 17:05:08 - [TEST_STEP][PASSED] - Statement - StockQty = com.kms.katalon.core.webui.keyword.WebUiBuiltInKeywords.getAttribute(com.kms.katalon.core.testobject.ObjectRepository.findTestObject(DispensaryToStore/Page_Store/input_txtprice), "value"): Attribute 'value' of object 'Object Repository/DispensaryToStore/Page_Store/input_txtprice' is: '380'

2018-06-09 17:05:08 - [MESSAGE][PASSED] - Attribute 'value' of object 'Object Repository/DispensaryToStore/Page_Store/input_txtprice' is: '380'

2018-06-09 17:05:08 - [TEST_STEP][PASSED] - Statement - out.println("Stock QTY : " + StockQty): null

2018-06-09 17:05:08 - [TEST_STEP][PASSED] - delay: Delayed 2 second(s)

2018-06-09 17:05:10 - [MESSAGE][PASSED] - Delayed 2 second(s)

2018-06-09 17:05:10 - [TEST_STEP][PASSED] - Statement - If (java.lang.String.valueOf(StockQty) >= java.lang.String.valueOf(RequestedQty)): null

2018-06-09 17:05:10 - [TEST_STEP][PASSED] - setText: Text '10' is set on object 'Object Repository/DispensaryToStore/Page_Store/input_txtqty'

2018-06-09 17:05:10 - [MESSAGE][PASSED] - Text '10' is set on object 'Object Repository/DispensaryToStore/Page_Store/input_txtqty'

2018-06-09 17:05:10 - [TEST_STEP][PASSED] - click: Object: 'Object Repository/DispensaryToStore/Page_Store/button_Add' is clicked on

2018-06-09 17:05:10 - [MESSAGE][PASSED] - Object: 'Object Repository/DispensaryToStore/Page_Store/button_Add' is clicked on

2018-06-09 17:05:10 - [TEST_STEP][PASSED] - Statement - Break: null

2018-06-09 17:05:10 - [TEST_STEP][PASSED] - selectOptionByIndex: All options with index in [8] are selected on object 'Object Repository/DispensaryToStore/Page_Store/select_--Select--Adernaline 0.'

2018-06-09 17:05:10 - [MESSAGE][PASSED] - All options with index in [8] are selected on object 'Object Repository/DispensaryToStore/Page_Store/select_--Select--Adernaline 0.'

2018-06-09 17:05:10 - [TEST_STEP][PASSED] - delay: Delayed 2 second(s)

2018-06-09 17:05:12 - [MESSAGE][PASSED] - Delayed 2 second(s)

2018-06-09 17:05:12 - [TEST_STEP][PASSED] - Statement - RequestedQty = com.kms.katalon.core.webui.keyword.WebUiBuiltInKeywords.getAttribute(com.kms.katalon.core.testobject.ObjectRepository.findTestObject(DispensaryToStore/Page_Store/input_txttotal), "value"): Attribute 'value' of object 'Object Repository/DispensaryToStore/Page_Store/input_txttotal' is: '10'

2018-06-09 17:05:12 - [MESSAGE][PASSED] - Attribute 'value' of object 'Object Repository/DispensaryToStore/Page_Store/input_txttotal' is: '10'

2018-06-09 17:05:12 - [TEST_STEP][PASSED] - Statement - out.println("Requested QTY : " + RequestedQty): null

2018-06-09 17:05:12 - [TEST_STEP][PASSED] - Statement - BatchNumber = com.kms.katalon.core.webui.keyword.WebUiBuiltInKeywords.getNumberOfTotalOption(com.kms.katalon.core.testobject.ObjectRepository.findTestObject(DispensaryToStore/Page_Store/select_--Select--BA1170BA2376B)): 3 options of object 'Object Repository/DispensaryToStore/Page_Store/select_--Select--BA1170BA2376B' counted

2018-06-09 17:05:12 - [MESSAGE][PASSED] - 3 options of object 'Object Repository/DispensaryToStore/Page_Store/select_--Select--BA1170BA2376B' counted

2018-06-09 17:05:12 - [TEST_STEP][PASSED] - Statement - For ([g = 1, g <= BatchNumber - 1, (g++)]): null

2018-06-09 17:05:12 - [TEST_STEP][PASSED] - selectOptionByIndex: All options with index in [1] are selected on object 'Object Repository/DispensaryToStore/Page_Store/select_--Select--BA1170BA2376B'

2018-06-09 17:05:13 - [MESSAGE][PASSED] - All options with index in [1] are selected on object 'Object Repository/DispensaryToStore/Page_Store/select_--Select--BA1170BA2376B'

2018-06-09 17:05:13 - [TEST_STEP][PASSED] - Statement - Try: null

2018-06-09 17:05:13 - [TEST_STEP][PASSED] - Statement - StockQty = com.kms.katalon.core.webui.keyword.WebUiBuiltInKeywords.getAttribute(com.kms.katalon.core.testobject.ObjectRepository.findTestObject(DispensaryToStore/Page_Store/input_txtprice), "value"): Attribute 'value' of object 'Object Repository/DispensaryToStore/Page_Store/input_txtprice' is: '730'

2018-06-09 17:05:13 - [MESSAGE][PASSED] - Attribute 'value' of object 'Object Repository/DispensaryToStore/Page_Store/input_txtprice' is: '730'

2018-06-09 17:05:13 - [TEST_STEP][PASSED] - Statement - out.println("Stock QTY : " + StockQty): null

2018-06-09 17:05:13 - [TEST_STEP][PASSED] - delay: Delayed 2 second(s)

2018-06-09 17:05:15 - [MESSAGE][PASSED] - Delayed 2 second(s)

2018-06-09 17:05:15 - [TEST_STEP][PASSED] - Statement - If (java.lang.String.valueOf(StockQty) >= java.lang.String.valueOf(RequestedQty)): null

2018-06-09 17:05:15 - [TEST_STEP][PASSED] - setText: Text '10' is set on object 'Object Repository/DispensaryToStore/Page_Store/input_txtqty'

2018-06-09 17:05:15 - [MESSAGE][PASSED] - Text '10' is set on object 'Object Repository/DispensaryToStore/Page_Store/input_txtqty'

2018-06-09 17:05:15 - [TEST_STEP][PASSED] - click: Object: 'Object Repository/DispensaryToStore/Page_Store/button_Add' is clicked on

2018-06-09 17:05:15 - [MESSAGE][PASSED] - Object: 'Object Repository/DispensaryToStore/Page_Store/button_Add' is clicked on

2018-06-09 17:05:15 - [TEST_STEP][PASSED] - Statement - Break: null

2018-06-09 17:05:15 - [TEST_STEP][PASSED] - selectOptionByIndex: All options with index in [9] are selected on object 'Object Repository/DispensaryToStore/Page_Store/select_--Select--Adernaline 0.'

2018-06-09 17:05:15 - [MESSAGE][PASSED] - All options with index in [9] are selected on object 'Object Repository/DispensaryToStore/Page_Store/select_--Select--Adernaline 0.'

2018-06-09 17:05:15 - [TEST_STEP][PASSED] - delay: Delayed 2 second(s)

2018-06-09 17:05:17 - [MESSAGE][PASSED] - Delayed 2 second(s)

2018-06-09 17:05:17 - [TEST_STEP][PASSED] - Statement - RequestedQty = com.kms.katalon.core.webui.keyword.WebUiBuiltInKeywords.getAttribute(com.kms.katalon.core.testobject.ObjectRepository.findTestObject(DispensaryToStore/Page_Store/input_txttotal), "value"): Attribute 'value' of object 'Object Repository/DispensaryToStore/Page_Store/input_txttotal' is: '10'

2018-06-09 17:05:17 - [MESSAGE][PASSED] - Attribute 'value' of object 'Object Repository/DispensaryToStore/Page_Store/input_txttotal' is: '10'

2018-06-09 17:05:17 - [TEST_STEP][PASSED] - Statement - out.println("Requested QTY : " + RequestedQty): null

2018-06-09 17:05:17 - [TEST_STEP][PASSED] - Statement - BatchNumber = com.kms.katalon.core.webui.keyword.WebUiBuiltInKeywords.getNumberOfTotalOption(com.kms.katalon.core.testobject.ObjectRepository.findTestObject(DispensaryToStore/Page_Store/select_--Select--BA1170BA2376B)): 3 options of object 'Object Repository/DispensaryToStore/Page_Store/select_--Select--BA1170BA2376B' counted

2018-06-09 17:05:17 - [MESSAGE][PASSED] - 3 options of object 'Object Repository/DispensaryToStore/Page_Store/select_--Select--BA1170BA2376B' counted

2018-06-09 17:05:17 - [TEST_STEP][PASSED] - Statement - For ([g = 1, g <= BatchNumber - 1, (g++)]): null

2018-06-09 17:05:17 - [TEST_STEP][PASSED] - selectOptionByIndex: All options with index in [1] are selected on object 'Object Repository/DispensaryToStore/Page_Store/select_--Select--BA1170BA2376B'

2018-06-09 17:05:17 - [MESSAGE][PASSED] - All options with index in [1] are selected on object 'Object Repository/DispensaryToStore/Page_Store/select_--Select--BA1170BA2376B'

2018-06-09 17:05:17 - [TEST_STEP][PASSED] - Statement - Try: null

2018-06-09 17:05:17 - [TEST_STEP][PASSED] - Statement - StockQty = com.kms.katalon.core.webui.keyword.WebUiBuiltInKeywords.getAttribute(com.kms.katalon.core.testobject.ObjectRepository.findTestObject(DispensaryToStore/Page_Store/input_txtprice), "value"): Attribute 'value' of object 'Object Repository/DispensaryToStore/Page_Store/input_txtprice' is: '730'

2018-06-09 17:05:17 - [MESSAGE][PASSED] - Attribute 'value' of object 'Object Repository/DispensaryToStore/Page_Store/input_txtprice' is: '730'

2018-06-09 17:05:17 - [TEST_STEP][PASSED] - Statement - out.println("Stock QTY : " + StockQty): null

2018-06-09 17:05:17 - [TEST_STEP][PASSED] - delay: Delayed 2 second(s)

2018-06-09 17:05:19 - [MESSAGE][PASSED] - Delayed 2 second(s)

2018-06-09 17:05:19 - [TEST_STEP][PASSED] - Statement - If (java.lang.String.valueOf(StockQty) >= java.lang.String.valueOf(RequestedQty)): null

2018-06-09 17:05:19 - [TEST_STEP][PASSED] - setText: Text '10' is set on object 'Object Repository/DispensaryToStore/Page_Store/input_txtqty'

2018-06-09 17:05:19 - [MESSAGE][PASSED] - Text '10' is set on object 'Object Repository/DispensaryToStore/Page_Store/input_txtqty'

2018-06-09 17:05:19 - [TEST_STEP][PASSED] - click: Object: 'Object Repository/DispensaryToStore/Page_Store/button_Add' is clicked on

2018-06-09 17:05:19 - [MESSAGE][PASSED] - Object: 'Object Repository/DispensaryToStore/Page_Store/button_Add' is clicked on

2018-06-09 17:05:19 - [TEST_STEP][PASSED] - Statement - Break: null

2018-06-09 17:05:19 - [TEST_STEP][PASSED] - selectOptionByIndex: All options with index in [10] are selected on object 'Object Repository/DispensaryToStore/Page_Store/select_--Select--Adernaline 0.'

2018-06-09 17:05:20 - [MESSAGE][PASSED] - All options with index in [10] are selected on object 'Object Repository/DispensaryToStore/Page_Store/select_--Select--Adernaline 0.'

2018-06-09 17:05:20 - [TEST_STEP][PASSED] - delay: Delayed 2 second(s)

2018-06-09 17:05:22 - [MESSAGE][PASSED] - Delayed 2 second(s)

2018-06-09 17:05:22 - [TEST_STEP][PASSED] - Statement - RequestedQty = com.kms.katalon.core.webui.keyword.WebUiBuiltInKeywords.getAttribute(com.kms.katalon.core.testobject.ObjectRepository.findTestObject(DispensaryToStore/Page_Store/input_txttotal), "value"): Attribute 'value' of object 'Object Repository/DispensaryToStore/Page_Store/input_txttotal' is: '10'

2018-06-09 17:05:22 - [MESSAGE][PASSED] - Attribute 'value' of object 'Object Repository/DispensaryToStore/Page_Store/input_txttotal' is: '10'

2018-06-09 17:05:22 - [TEST_STEP][PASSED] - Statement - out.println("Requested QTY : " + RequestedQty): null

2018-06-09 17:05:22 - [TEST_STEP][PASSED] - Statement - BatchNumber = com.kms.katalon.core.webui.keyword.WebUiBuiltInKeywords.getNumberOfTotalOption(com.kms.katalon.core.testobject.ObjectRepository.findTestObject(DispensaryToStore/Page_Store/select_--Select--BA1170BA2376B)): 4 options of object 'Object Repository/DispensaryToStore/Page_Store/select_--Select--BA1170BA2376B' counted

2018-06-09 17:05:22 - [MESSAGE][PASSED] - 4 options of object 'Object Repository/DispensaryToStore/Page_Store/select_--Select--BA1170BA2376B' counted

2018-06-09 17:05:22 - [TEST_STEP][PASSED] - Statement - For ([g = 1, g <= BatchNumber - 1, (g++)]): null

2018-06-09 17:05:22 - [TEST_STEP][PASSED] - selectOptionByIndex: All options with index in [1] are selected on object 'Object Repository/DispensaryToStore/Page_Store/select_--Select--BA1170BA2376B'

2018-06-09 17:05:22 - [MESSAGE][PASSED] - All options with index in [1] are selected on object 'Object Repository/DispensaryToStore/Page_Store/select_--Select--BA1170BA2376B'

2018-06-09 17:05:22 - [TEST_STEP][PASSED] - Statement - Try: null

2018-06-09 17:05:22 - [TEST_STEP][PASSED] - Statement - StockQty = com.kms.katalon.core.webui.keyword.WebUiBuiltInKeywords.getAttribute(com.kms.katalon.core.testobject.ObjectRepository.findTestObject(DispensaryToStore/Page_Store/input_txtprice), "value"): Attribute 'value' of object 'Object Repository/DispensaryToStore/Page_Store/input_txtprice' is: '320'

2018-06-09 17:05:22 - [MESSAGE][PASSED] - Attribute 'value' of object 'Object Repository/DispensaryToStore/Page_Store/input_txtprice' is: '320'

2018-06-09 17:05:22 - [TEST_STEP][PASSED] - Statement - out.println("Stock QTY : " + StockQty): null

2018-06-09 17:05:22 - [TEST_STEP][PASSED] - delay: Delayed 2 second(s)

2018-06-09 17:05:24 - [MESSAGE][PASSED] - Delayed 2 second(s)

2018-06-09 17:05:24 - [TEST_STEP][PASSED] - Statement - If (java.lang.String.valueOf(StockQty) >= java.lang.String.valueOf(RequestedQty)): null

2018-06-09 17:05:24 - [TEST_STEP][PASSED] - setText: Text '10' is set on object 'Object Repository/DispensaryToStore/Page_Store/input_txtqty'

2018-06-09 17:05:24 - [MESSAGE][PASSED] - Text '10' is set on object 'Object Repository/DispensaryToStore/Page_Store/input_txtqty'

2018-06-09 17:05:24 - [TEST_STEP][PASSED] - click: Object: 'Object Repository/DispensaryToStore/Page_Store/button_Add' is clicked on

2018-06-09 17:05:24 - [MESSAGE][PASSED] - Object: 'Object Repository/DispensaryToStore/Page_Store/button_Add' is clicked on

2018-06-09 17:05:24 - [TEST_STEP][PASSED] - Statement - Break: null

2018-06-09 17:05:24 - [TEST_STEP][PASSED] - selectOptionByIndex: All options with index in [11] are selected on object 'Object Repository/DispensaryToStore/Page_Store/select_--Select--Adernaline 0.'

2018-06-09 17:05:24 - [MESSAGE][PASSED] - All options with index in [11] are selected on object 'Object Repository/DispensaryToStore/Page_Store/select_--Select--Adernaline 0.'

2018-06-09 17:05:24 - [TEST_STEP][PASSED] - delay: Delayed 2 second(s)

2018-06-09 17:05:26 - [MESSAGE][PASSED] - Delayed 2 second(s)

2018-06-09 17:05:26 - [TEST_STEP][PASSED] - Statement - RequestedQty = com.kms.katalon.core.webui.keyword.WebUiBuiltInKeywords.getAttribute(com.kms.katalon.core.testobject.ObjectRepository.findTestObject(DispensaryToStore/Page_Store/input_txttotal), "value"): Attribute 'value' of object 'Object Repository/DispensaryToStore/Page_Store/input_txttotal' is: '10'

2018-06-09 17:05:26 - [MESSAGE][PASSED] - Attribute 'value' of object 'Object Repository/DispensaryToStore/Page_Store/input_txttotal' is: '10'

2018-06-09 17:05:26 - [TEST_STEP][PASSED] - Statement - out.println("Requested QTY : " + RequestedQty): null

2018-06-09 17:05:26 - [TEST_STEP][PASSED] - Statement - BatchNumber = com.kms.katalon.core.webui.keyword.WebUiBuiltInKeywords.getNumberOfTotalOption(com.kms.katalon.core.testobject.ObjectRepository.findTestObject(DispensaryToStore/Page_Store/select_--Select--BA1170BA2376B)): 3 options of object 'Object Repository/DispensaryToStore/Page_Store/select_--Select--BA1170BA2376B' counted

2018-06-09 17:05:26 - [MESSAGE][PASSED] - 3 options of object 'Object Repository/DispensaryToStore/Page_Store/select_--Select--BA1170BA2376B' counted

2018-06-09 17:05:26 - [TEST_STEP][PASSED] - Statement - For ([g = 1, g <= BatchNumber - 1, (g++)]): null

2018-06-09 17:05:26 - [TEST_STEP][PASSED] - selectOptionByIndex: All options with index in [1] are selected on object 'Object Repository/DispensaryToStore/Page_Store/select_--Select--BA1170BA2376B'

2018-06-09 17:05:27 - [MESSAGE][PASSED] - All options with index in [1] are selected on object 'Object Repository/DispensaryToStore/Page_Store/select_--Select--BA1170BA2376B'

2018-06-09 17:05:27 - [TEST_STEP][PASSED] - Statement - Try: null

2018-06-09 17:05:27 - [TEST_STEP][PASSED] - Statement - StockQty = com.kms.katalon.core.webui.keyword.WebUiBuiltInKeywords.getAttribute(com.kms.katalon.core.testobject.ObjectRepository.findTestObject(DispensaryToStore/Page_Store/input_txtprice), "value"): Attribute 'value' of object 'Object Repository/DispensaryToStore/Page_Store/input_txtprice' is: '730'

2018-06-09 17:05:27 - [MESSAGE][PASSED] - Attribute 'value' of object 'Object Repository/DispensaryToStore/Page_Store/input_txtprice' is: '730'

2018-06-09 17:05:27 - [TEST_STEP][PASSED] - Statement - out.println("Stock QTY : " + StockQty): null

2018-06-09 17:05:27 - [TEST_STEP][PASSED] - delay: Delayed 2 second(s)

2018-06-09 17:05:29 - [MESSAGE][PASSED] - Delayed 2 second(s)

2018-06-09 17:05:29 - [TEST_STEP][PASSED] - Statement - If (java.lang.String.valueOf(StockQty) >= java.lang.String.valueOf(RequestedQty)): null

2018-06-09 17:05:29 - [TEST_STEP][PASSED] - setText: Text '10' is set on object 'Object Repository/DispensaryToStore/Page_Store/input_txtqty'

2018-06-09 17:05:29 - [MESSAGE][PASSED] - Text '10' is set on object 'Object Repository/DispensaryToStore/Page_Store/input_txtqty'

2018-06-09 17:05:29 - [TEST_STEP][PASSED] - click: Object: 'Object Repository/DispensaryToStore/Page_Store/button_Add' is clicked on

2018-06-09 17:05:29 - [MESSAGE][PASSED] - Object: 'Object Repository/DispensaryToStore/Page_Store/button_Add' is clicked on

2018-06-09 17:05:29 - [TEST_STEP][PASSED] - Statement - Break: null

2018-06-09 17:05:29 - [TEST_STEP][PASSED] - selectOptionByIndex: All options with index in [12] are selected on object 'Object Repository/DispensaryToStore/Page_Store/select_--Select--Adernaline 0.'

2018-06-09 17:05:29 - [MESSAGE][PASSED] - All options with index in [12] are selected on object 'Object Repository/DispensaryToStore/Page_Store/select_--Select--Adernaline 0.'

2018-06-09 17:05:29 - [TEST_STEP][PASSED] - delay: Delayed 2 second(s)

2018-06-09 17:05:31 - [MESSAGE][PASSED] - Delayed 2 second(s)

2018-06-09 17:05:31 - [TEST_STEP][PASSED] - Statement - RequestedQty = com.kms.katalon.core.webui.keyword.WebUiBuiltInKeywords.getAttribute(com.kms.katalon.core.testobject.ObjectRepository.findTestObject(DispensaryToStore/Page_Store/input_txttotal), "value"): Attribute 'value' of object 'Object Repository/DispensaryToStore/Page_Store/input_txttotal' is: '10'

2018-06-09 17:05:31 - [MESSAGE][PASSED] - Attribute 'value' of object 'Object Repository/DispensaryToStore/Page_Store/input_txttotal' is: '10'

2018-06-09 17:05:31 - [TEST_STEP][PASSED] - Statement - out.println("Requested QTY : " + RequestedQty): null

2018-06-09 17:05:31 - [TEST_STEP][PASSED] - Statement - BatchNumber = com.kms.katalon.core.webui.keyword.WebUiBuiltInKeywords.getNumberOfTotalOption(com.kms.katalon.core.testobject.ObjectRepository.findTestObject(DispensaryToStore/Page_Store/select_--Select--BA1170BA2376B)): 2 options of object 'Object Repository/DispensaryToStore/Page_Store/select_--Select--BA1170BA2376B' counted

2018-06-09 17:05:31 - [MESSAGE][PASSED] - 2 options of object 'Object Repository/DispensaryToStore/Page_Store/select_--Select--BA1170BA2376B' counted

2018-06-09 17:05:31 - [TEST_STEP][PASSED] - Statement - For ([g = 1, g <= BatchNumber - 1, (g++)]): null

2018-06-09 17:05:31 - [TEST_STEP][PASSED] - selectOptionByIndex: All options with index in [1] are selected on object 'Object Repository/DispensaryToStore/Page_Store/select_--Select--BA1170BA2376B'

2018-06-09 17:05:31 - [MESSAGE][PASSED] - All options with index in [1] are selected on object 'Object Repository/DispensaryToStore/Page_Store/select_--Select--BA1170BA2376B'

2018-06-09 17:05:31 - [TEST_STEP][PASSED] - Statement - Try: null

2018-06-09 17:05:31 - [TEST_STEP][PASSED] - Statement - StockQty = com.kms.katalon.core.webui.keyword.WebUiBuiltInKeywords.getAttribute(com.kms.katalon.core.testobject.ObjectRepository.findTestObject(DispensaryToStore/Page_Store/input_txtprice), "value"): Attribute 'value' of object 'Object Repository/DispensaryToStore/Page_Store/input_txtprice' is: '800'

2018-06-09 17:05:31 - [MESSAGE][PASSED] - Attribute 'value' of object 'Object Repository/DispensaryToStore/Page_Store/input_txtprice' is: '800'

2018-06-09 17:05:31 - [TEST_STEP][PASSED] - Statement - out.println("Stock QTY : " + StockQty): null

2018-06-09 17:05:31 - [TEST_STEP][PASSED] - delay: Delayed 2 second(s)

2018-06-09 17:05:33 - [MESSAGE][PASSED] - Delayed 2 second(s)

2018-06-09 17:05:33 - [TEST_STEP][PASSED] - Statement - If (java.lang.String.valueOf(StockQty) >= java.lang.String.valueOf(RequestedQty)): null

2018-06-09 17:05:33 - [TEST_STEP][PASSED] - setText: Text '10' is set on object 'Object Repository/DispensaryToStore/Page_Store/input_txtqty'

2018-06-09 17:05:33 - [MESSAGE][PASSED] - Text '10' is set on object 'Object Repository/DispensaryToStore/Page_Store/input_txtqty'

2018-06-09 17:05:33 - [TEST_STEP][PASSED] - click: Object: 'Object Repository/DispensaryToStore/Page_Store/button_Add' is clicked on

2018-06-09 17:05:34 - [MESSAGE][PASSED] - Object: 'Object Repository/DispensaryToStore/Page_Store/button_Add' is clicked on

2018-06-09 17:05:34 - [TEST_STEP][PASSED] - Statement - Break: null

2018-06-09 17:05:34 - [TEST_STEP][PASSED] - selectOptionByIndex: All options with index in [13] are selected on object 'Object Repository/DispensaryToStore/Page_Store/select_--Select--Adernaline 0.'

2018-06-09 17:05:34 - [MESSAGE][PASSED] - All options with index in [13] are selected on object 'Object Repository/DispensaryToStore/Page_Store/select_--Select--Adernaline 0.'

2018-06-09 17:05:34 - [TEST_STEP][PASSED] - delay: Delayed 2 second(s)

2018-06-09 17:05:36 - [MESSAGE][PASSED] - Delayed 2 second(s)

2018-06-09 17:05:36 - [TEST_STEP][PASSED] - Statement - RequestedQty = com.kms.katalon.core.webui.keyword.WebUiBuiltInKeywords.getAttribute(com.kms.katalon.core.testobject.ObjectRepository.findTestObject(DispensaryToStore/Page_Store/input_txttotal), "value"): Attribute 'value' of object 'Object Repository/DispensaryToStore/Page_Store/input_txttotal' is: '10'

2018-06-09 17:05:36 - [MESSAGE][PASSED] - Attribute 'value' of object 'Object Repository/DispensaryToStore/Page_Store/input_txttotal' is: '10'

2018-06-09 17:05:36 - [TEST_STEP][PASSED] - Statement - out.println("Requested QTY : " + RequestedQty): null

2018-06-09 17:05:36 - [TEST_STEP][PASSED] - Statement - BatchNumber = com.kms.katalon.core.webui.keyword.WebUiBuiltInKeywords.getNumberOfTotalOption(com.kms.katalon.core.testobject.ObjectRepository.findTestObject(DispensaryToStore/Page_Store/select_--Select--BA1170BA2376B)): 3 options of object 'Object Repository/DispensaryToStore/Page_Store/select_--Select--BA1170BA2376B' counted

2018-06-09 17:05:36 - [MESSAGE][PASSED] - 3 options of object 'Object Repository/DispensaryToStore/Page_Store/select_--Select--BA1170BA2376B' counted

2018-06-09 17:05:36 - [TEST_STEP][PASSED] - Statement - For ([g = 1, g <= BatchNumber - 1, (g++)]): null

2018-06-09 17:05:36 - [TEST_STEP][PASSED] - selectOptionByIndex: All options with index in [1] are selected on object 'Object Repository/DispensaryToStore/Page_Store/select_--Select--BA1170BA2376B'

2018-06-09 17:05:36 - [MESSAGE][PASSED] - All options with index in [1] are selected on object 'Object Repository/DispensaryToStore/Page_Store/select_--Select--BA1170BA2376B'

2018-06-09 17:05:36 - [TEST_STEP][PASSED] - Statement - Try: null

2018-06-09 17:05:36 - [TEST_STEP][PASSED] - Statement - StockQty = com.kms.katalon.core.webui.keyword.WebUiBuiltInKeywords.getAttribute(com.kms.katalon.core.testobject.ObjectRepository.findTestObject(DispensaryToStore/Page_Store/input_txtprice), "value"): Attribute 'value' of object 'Object Repository/DispensaryToStore/Page_Store/input_txtprice' is: '730'

2018-06-09 17:05:36 - [MESSAGE][PASSED] - Attribute 'value' of object 'Object Repository/DispensaryToStore/Page_Store/input_txtprice' is: '730'

2018-06-09 17:05:36 - [TEST_STEP][PASSED] - Statement - out.println("Stock QTY : " + StockQty): null

2018-06-09 17:05:36 - [TEST_STEP][PASSED] - delay: Delayed 2 second(s)

2018-06-09 17:05:38 - [MESSAGE][PASSED] - Delayed 2 second(s)

2018-06-09 17:05:38 - [TEST_STEP][PASSED] - Statement - If (java.lang.String.valueOf(StockQty) >= java.lang.String.valueOf(RequestedQty)): null

2018-06-09 17:05:38 - [TEST_STEP][PASSED] - setText: Text '10' is set on object 'Object Repository/DispensaryToStore/Page_Store/input_txtqty'

2018-06-09 17:05:38 - [MESSAGE][PASSED] - Text '10' is set on object 'Object Repository/DispensaryToStore/Page_Store/input_txtqty'

2018-06-09 17:05:38 - [TEST_STEP][PASSED] - click: Object: 'Object Repository/DispensaryToStore/Page_Store/button_Add' is clicked on

2018-06-09 17:05:38 - [MESSAGE][PASSED] - Object: 'Object Repository/DispensaryToStore/Page_Store/button_Add' is clicked on

2018-06-09 17:05:38 - [TEST_STEP][PASSED] - Statement - Break: null

2018-06-09 17:05:38 - [TEST_STEP][PASSED] - selectOptionByIndex: All options with index in [14] are selected on object 'Object Repository/DispensaryToStore/Page_Store/select_--Select--Adernaline 0.'

2018-06-09 17:05:39 - [MESSAGE][PASSED] - All options with index in [14] are selected on object 'Object Repository/DispensaryToStore/Page_Store/select_--Select--Adernaline 0.'

2018-06-09 17:05:39 - [TEST_STEP][PASSED] - delay: Delayed 2 second(s)

2018-06-09 17:05:41 - [MESSAGE][PASSED] - Delayed 2 second(s)

2018-06-09 17:05:41 - [TEST_STEP][PASSED] - Statement - RequestedQty = com.kms.katalon.core.webui.keyword.WebUiBuiltInKeywords.getAttribute(com.kms.katalon.core.testobject.ObjectRepository.findTestObject(DispensaryToStore/Page_Store/input_txttotal), "value"): Attribute 'value' of object 'Object Repository/DispensaryToStore/Page_Store/input_txttotal' is: '10'

2018-06-09 17:05:41 - [MESSAGE][PASSED] - Attribute 'value' of object 'Object Repository/DispensaryToStore/Page_Store/input_txttotal' is: '10'

2018-06-09 17:05:41 - [TEST_STEP][PASSED] - Statement - out.println("Requested QTY : " + RequestedQty): null

2018-06-09 17:05:41 - [TEST_STEP][PASSED] - Statement - BatchNumber = com.kms.katalon.core.webui.keyword.WebUiBuiltInKeywords.getNumberOfTotalOption(com.kms.katalon.core.testobject.ObjectRepository.findTestObject(DispensaryToStore/Page_Store/select_--Select--BA1170BA2376B)): 3 options of object 'Object Repository/DispensaryToStore/Page_Store/select_--Select--BA1170BA2376B' counted

2018-06-09 17:05:41 - [MESSAGE][PASSED] - 3 options of object 'Object Repository/DispensaryToStore/Page_Store/select_--Select--BA1170BA2376B' counted

2018-06-09 17:05:41 - [TEST_STEP][PASSED] - Statement - For ([g = 1, g <= BatchNumber - 1, (g++)]): null

2018-06-09 17:05:41 - [TEST_STEP][PASSED] - selectOptionByIndex: All options with index in [1] are selected on object 'Object Repository/DispensaryToStore/Page_Store/select_--Select--BA1170BA2376B'

2018-06-09 17:05:41 - [MESSAGE][PASSED] - All options with index in [1] are selected on object 'Object Repository/DispensaryToStore/Page_Store/select_--Select--BA1170BA2376B'

2018-06-09 17:05:41 - [TEST_STEP][PASSED] - Statement - Try: null

2018-06-09 17:05:41 - [TEST_STEP][PASSED] - Statement - StockQty = com.kms.katalon.core.webui.keyword.WebUiBuiltInKeywords.getAttribute(com.kms.katalon.core.testobject.ObjectRepository.findTestObject(DispensaryToStore/Page_Store/input_txtprice), "value"): Attribute 'value' of object 'Object Repository/DispensaryToStore/Page_Store/input_txtprice' is: '320'

2018-06-09 17:05:41 - [MESSAGE][PASSED] - Attribute 'value' of object 'Object Repository/DispensaryToStore/Page_Store/input_txtprice' is: '320'

2018-06-09 17:05:41 - [TEST_STEP][PASSED] - Statement - out.println("Stock QTY : " + StockQty): null

2018-06-09 17:05:41 - [TEST_STEP][PASSED] - delay: Delayed 2 second(s)

2018-06-09 17:05:43 - [MESSAGE][PASSED] - Delayed 2 second(s)

2018-06-09 17:05:43 - [TEST_STEP][PASSED] - Statement - If (java.lang.String.valueOf(StockQty) >= java.lang.String.valueOf(RequestedQty)): null

2018-06-09 17:05:43 - [TEST_STEP][PASSED] - setText: Text '10' is set on object 'Object Repository/DispensaryToStore/Page_Store/input_txtqty'

2018-06-09 17:05:43 - [MESSAGE][PASSED] - Text '10' is set on object 'Object Repository/DispensaryToStore/Page_Store/input_txtqty'

2018-06-09 17:05:43 - [TEST_STEP][PASSED] - click: Object: 'Object Repository/DispensaryToStore/Page_Store/button_Add' is clicked on

2018-06-09 17:05:43 - [MESSAGE][PASSED] - Object: 'Object Repository/DispensaryToStore/Page_Store/button_Add' is clicked on

2018-06-09 17:05:43 - [TEST_STEP][PASSED] - Statement - Break: null

2018-06-09 17:05:43 - [TEST_STEP][PASSED] - selectOptionByIndex: All options with index in [15] are selected on object 'Object Repository/DispensaryToStore/Page_Store/select_--Select--Adernaline 0.'

2018-06-09 17:05:43 - [MESSAGE][PASSED] - All options with index in [15] are selected on object 'Object Repository/DispensaryToStore/Page_Store/select_--Select--Adernaline 0.'

2018-06-09 17:05:43 - [TEST_STEP][PASSED] - delay: Delayed 2 second(s)

2018-06-09 17:05:45 - [MESSAGE][PASSED] - Delayed 2 second(s)

2018-06-09 17:05:45 - [TEST_STEP][PASSED] - Statement - RequestedQty = com.kms.katalon.core.webui.keyword.WebUiBuiltInKeywords.getAttribute(com.kms.katalon.core.testobject.ObjectRepository.findTestObject(DispensaryToStore/Page_Store/input_txttotal), "value"): Attribute 'value' of object 'Object Repository/DispensaryToStore/Page_Store/input_txttotal' is: '10'

2018-06-09 17:05:45 - [MESSAGE][PASSED] - Attribute 'value' of object 'Object Repository/DispensaryToStore/Page_Store/input_txttotal' is: '10'

2018-06-09 17:05:45 - [TEST_STEP][PASSED] - Statement - out.println("Requested QTY : " + RequestedQty): null

2018-06-09 17:05:45 - [TEST_STEP][PASSED] - Statement - BatchNumber = com.kms.katalon.core.webui.keyword.WebUiBuiltInKeywords.getNumberOfTotalOption(com.kms.katalon.core.testobject.ObjectRepository.findTestObject(DispensaryToStore/Page_Store/select_--Select--BA1170BA2376B)): 2 options of object 'Object Repository/DispensaryToStore/Page_Store/select_--Select--BA1170BA2376B' counted

2018-06-09 17:05:45 - [MESSAGE][PASSED] - 2 options of object 'Object Repository/DispensaryToStore/Page_Store/select_--Select--BA1170BA2376B' counted

2018-06-09 17:05:45 - [TEST_STEP][PASSED] - Statement - For ([g = 1, g <= BatchNumber - 1, (g++)]): null

2018-06-09 17:05:45 - [TEST_STEP][PASSED] - selectOptionByIndex: All options with index in [1] are selected on object 'Object Repository/DispensaryToStore/Page_Store/select_--Select--BA1170BA2376B'

2018-06-09 17:05:46 - [MESSAGE][PASSED] - All options with index in [1] are selected on object 'Object Repository/DispensaryToStore/Page_Store/select_--Select--BA1170BA2376B'

2018-06-09 17:05:46 - [TEST_STEP][PASSED] - Statement - Try: null

2018-06-09 17:05:46 - [TEST_STEP][PASSED] - Statement - StockQty = com.kms.katalon.core.webui.keyword.WebUiBuiltInKeywords.getAttribute(com.kms.katalon.core.testobject.ObjectRepository.findTestObject(DispensaryToStore/Page_Store/input_txtprice), "value"): Attribute 'value' of object 'Object Repository/DispensaryToStore/Page_Store/input_txtprice' is: '810'

2018-06-09 17:05:46 - [MESSAGE][PASSED] - Attribute 'value' of object 'Object Repository/DispensaryToStore/Page_Store/input_txtprice' is: '810'

2018-06-09 17:05:46 - [TEST_STEP][PASSED] - Statement - out.println("Stock QTY : " + StockQty): null

2018-06-09 17:05:46 - [TEST_STEP][PASSED] - delay: Delayed 2 second(s)

2018-06-09 17:05:48 - [MESSAGE][PASSED] - Delayed 2 second(s)

2018-06-09 17:05:48 - [TEST_STEP][PASSED] - Statement - If (java.lang.String.valueOf(StockQty) >= java.lang.String.valueOf(RequestedQty)): null

2018-06-09 17:05:48 - [TEST_STEP][PASSED] - setText: Text '10' is set on object 'Object Repository/DispensaryToStore/Page_Store/input_txtqty'

2018-06-09 17:05:48 - [MESSAGE][PASSED] - Text '10' is set on object 'Object Repository/DispensaryToStore/Page_Store/input_txtqty'

2018-06-09 17:05:48 - [TEST_STEP][PASSED] - click: Object: 'Object Repository/DispensaryToStore/Page_Store/button_Add' is clicked on

2018-06-09 17:05:48 - [MESSAGE][PASSED] - Object: 'Object Repository/DispensaryToStore/Page_Store/button_Add' is clicked on

2018-06-09 17:05:48 - [TEST_STEP][PASSED] - Statement - Break: null

2018-06-09 17:05:48 - [TEST_STEP][PASSED] - selectOptionByIndex: All options with index in [16] are selected on object 'Object Repository/DispensaryToStore/Page_Store/select_--Select--Adernaline 0.'

2018-06-09 17:05:48 - [MESSAGE][PASSED] - All options with index in [16] are selected on object 'Object Repository/DispensaryToStore/Page_Store/select_--Select--Adernaline 0.'

2018-06-09 17:05:48 - [TEST_STEP][PASSED] - delay: Delayed 2 second(s)

2018-06-09 17:05:50 - [MESSAGE][PASSED] - Delayed 2 second(s)

2018-06-09 17:05:50 - [TEST_STEP][PASSED] - Statement - RequestedQty = com.kms.katalon.core.webui.keyword.WebUiBuiltInKeywords.getAttribute(com.kms.katalon.core.testobject.ObjectRepository.findTestObject(DispensaryToStore/Page_Store/input_txttotal), "value"): Attribute 'value' of object 'Object Repository/DispensaryToStore/Page_Store/input_txttotal' is: '10'

2018-06-09 17:05:50 - [MESSAGE][PASSED] - Attribute 'value' of object 'Object Repository/DispensaryToStore/Page_Store/input_txttotal' is: '10'

2018-06-09 17:05:50 - [TEST_STEP][PASSED] - Statement - out.println("Requested QTY : " + RequestedQty): null

2018-06-09 17:05:50 - [TEST_STEP][PASSED] - Statement - BatchNumber = com.kms.katalon.core.webui.keyword.WebUiBuiltInKeywords.getNumberOfTotalOption(com.kms.katalon.core.testobject.ObjectRepository.findTestObject(DispensaryToStore/Page_Store/select_--Select--BA1170BA2376B)): 4 options of object 'Object Repository/DispensaryToStore/Page_Store/select_--Select--BA1170BA2376B' counted

2018-06-09 17:05:50 - [MESSAGE][PASSED] - 4 options of object 'Object Repository/DispensaryToStore/Page_Store/select_--Select--BA1170BA2376B' counted

2018-06-09 17:05:50 - [TEST_STEP][PASSED] - Statement - For ([g = 1, g <= BatchNumber - 1, (g++)]): null

2018-06-09 17:05:50 - [TEST_STEP][PASSED] - selectOptionByIndex: All options with index in [1] are selected on object 'Object Repository/DispensaryToStore/Page_Store/select_--Select--BA1170BA2376B'

2018-06-09 17:05:50 - [MESSAGE][PASSED] - All options with index in [1] are selected on object 'Object Repository/DispensaryToStore/Page_Store/select_--Select--BA1170BA2376B'

2018-06-09 17:05:50 - [TEST_STEP][PASSED] - Statement - Try: null

2018-06-09 17:05:50 - [TEST_STEP][PASSED] - Statement - StockQty = com.kms.katalon.core.webui.keyword.WebUiBuiltInKeywords.getAttribute(com.kms.katalon.core.testobject.ObjectRepository.findTestObject(DispensaryToStore/Page_Store/input_txtprice), "value"): Attribute 'value' of object 'Object Repository/DispensaryToStore/Page_Store/input_txtprice' is: '380'

2018-06-09 17:05:50 - [MESSAGE][PASSED] - Attribute 'value' of object 'Object Repository/DispensaryToStore/Page_Store/input_txtprice' is: '380'

2018-06-09 17:05:50 - [TEST_STEP][PASSED] - Statement - out.println("Stock QTY : " + StockQty): null

2018-06-09 17:05:50 - [TEST_STEP][PASSED] - delay: Delayed 2 second(s)

2018-06-09 17:05:52 - [MESSAGE][PASSED] - Delayed 2 second(s)

2018-06-09 17:05:52 - [TEST_STEP][PASSED] - Statement - If (java.lang.String.valueOf(StockQty) >= java.lang.String.valueOf(RequestedQty)): null

2018-06-09 17:05:52 - [TEST_STEP][PASSED] - setText: Text '10' is set on object 'Object Repository/DispensaryToStore/Page_Store/input_txtqty'

2018-06-09 17:05:53 - [MESSAGE][PASSED] - Text '10' is set on object 'Object Repository/DispensaryToStore/Page_Store/input_txtqty'

2018-06-09 17:05:53 - [TEST_STEP][PASSED] - click: Object: 'Object Repository/DispensaryToStore/Page_Store/button_Add' is clicked on

2018-06-09 17:05:53 - [MESSAGE][PASSED] - Object: 'Object Repository/DispensaryToStore/Page_Store/button_Add' is clicked on

2018-06-09 17:05:53 - [TEST_STEP][PASSED] - Statement - Break: null

2018-06-09 17:05:53 - [TEST_STEP][PASSED] - selectOptionByIndex: All options with index in [17] are selected on object 'Object Repository/DispensaryToStore/Page_Store/select_--Select--Adernaline 0.'

2018-06-09 17:05:53 - [MESSAGE][PASSED] - All options with index in [17] are selected on object 'Object Repository/DispensaryToStore/Page_Store/select_--Select--Adernaline 0.'

2018-06-09 17:05:53 - [TEST_STEP][PASSED] - delay: Delayed 2 second(s)

2018-06-09 17:05:55 - [MESSAGE][PASSED] - Delayed 2 second(s)

2018-06-09 17:05:55 - [TEST_STEP][PASSED] - Statement - RequestedQty = com.kms.katalon.core.webui.keyword.WebUiBuiltInKeywords.getAttribute(com.kms.katalon.core.testobject.ObjectRepository.findTestObject(DispensaryToStore/Page_Store/input_txttotal), "value"): Attribute 'value' of object 'Object Repository/DispensaryToStore/Page_Store/input_txttotal' is: '10'

2018-06-09 17:05:55 - [MESSAGE][PASSED] - Attribute 'value' of object 'Object Repository/DispensaryToStore/Page_Store/input_txttotal' is: '10'

2018-06-09 17:05:55 - [TEST_STEP][PASSED] - Statement - out.println("Requested QTY : " + RequestedQty): null

2018-06-09 17:05:55 - [TEST_STEP][PASSED] - Statement - BatchNumber = com.kms.katalon.core.webui.keyword.WebUiBuiltInKeywords.getNumberOfTotalOption(com.kms.katalon.core.testobject.ObjectRepository.findTestObject(DispensaryToStore/Page_Store/select_--Select--BA1170BA2376B)): 3 options of object 'Object Repository/DispensaryToStore/Page_Store/select_--Select--BA1170BA2376B' counted

2018-06-09 17:05:55 - [MESSAGE][PASSED] - 3 options of object 'Object Repository/DispensaryToStore/Page_Store/select_--Select--BA1170BA2376B' counted

2018-06-09 17:05:55 - [TEST_STEP][PASSED] - Statement - For ([g = 1, g <= BatchNumber - 1, (g++)]): null

2018-06-09 17:05:55 - [TEST_STEP][PASSED] - selectOptionByIndex: All options with index in [1] are selected on object 'Object Repository/DispensaryToStore/Page_Store/select_--Select--BA1170BA2376B'

2018-06-09 17:05:55 - [MESSAGE][PASSED] - All options with index in [1] are selected on object 'Object Repository/DispensaryToStore/Page_Store/select_--Select--BA1170BA2376B'

2018-06-09 17:05:55 - [TEST_STEP][PASSED] - Statement - Try: null

2018-06-09 17:05:55 - [TEST_STEP][PASSED] - Statement - StockQty = com.kms.katalon.core.webui.keyword.WebUiBuiltInKeywords.getAttribute(com.kms.katalon.core.testobject.ObjectRepository.findTestObject(DispensaryToStore/Page_Store/input_txtprice), "value"): Attribute 'value' of object 'Object Repository/DispensaryToStore/Page_Store/input_txtprice' is: '730'

2018-06-09 17:05:55 - [MESSAGE][PASSED] - Attribute 'value' of object 'Object Repository/DispensaryToStore/Page_Store/input_txtprice' is: '730'

2018-06-09 17:05:55 - [TEST_STEP][PASSED] - Statement - out.println("Stock QTY : " + StockQty): null

2018-06-09 17:05:55 - [TEST_STEP][PASSED] - delay: Delayed 2 second(s)

2018-06-09 17:05:57 - [MESSAGE][PASSED] - Delayed 2 second(s)

2018-06-09 17:05:57 - [TEST_STEP][PASSED] - Statement - If (java.lang.String.valueOf(StockQty) >= java.lang.String.valueOf(RequestedQty)): null

2018-06-09 17:05:57 - [TEST_STEP][PASSED] - setText: Text '10' is set on object 'Object Repository/DispensaryToStore/Page_Store/input_txtqty'

2018-06-09 17:05:57 - [MESSAGE][PASSED] - Text '10' is set on object 'Object Repository/DispensaryToStore/Page_Store/input_txtqty'

2018-06-09 17:05:57 - [TEST_STEP][PASSED] - click: Object: 'Object Repository/DispensaryToStore/Page_Store/button_Add' is clicked on

2018-06-09 17:05:57 - [MESSAGE][PASSED] - Object: 'Object Repository/DispensaryToStore/Page_Store/button_Add' is clicked on

2018-06-09 17:05:57 - [TEST_STEP][PASSED] - Statement - Break: null

2018-06-09 17:05:57 - [TEST_STEP][PASSED] - selectOptionByIndex: All options with index in [18] are selected on object 'Object Repository/DispensaryToStore/Page_Store/select_--Select--Adernaline 0.'

2018-06-09 17:05:58 - [MESSAGE][PASSED] - All options with index in [18] are selected on object 'Object Repository/DispensaryToStore/Page_Store/select_--Select--Adernaline 0.'

2018-06-09 17:05:58 - [TEST_STEP][PASSED] - delay: Delayed 2 second(s)

2018-06-09 17:06:00 - [MESSAGE][PASSED] - Delayed 2 second(s)

2018-06-09 17:06:00 - [TEST_STEP][PASSED] - Statement - RequestedQty = com.kms.katalon.core.webui.keyword.WebUiBuiltInKeywords.getAttribute(com.kms.katalon.core.testobject.ObjectRepository.findTestObject(DispensaryToStore/Page_Store/input_txttotal), "value"): Attribute 'value' of object 'Object Repository/DispensaryToStore/Page_Store/input_txttotal' is: '10'

2018-06-09 17:06:00 - [MESSAGE][PASSED] - Attribute 'value' of object 'Object Repository/DispensaryToStore/Page_Store/input_txttotal' is: '10'

2018-06-09 17:06:00 - [TEST_STEP][PASSED] - Statement - out.println("Requested QTY : " + RequestedQty): null

2018-06-09 17:06:00 - [TEST_STEP][PASSED] - Statement - BatchNumber = com.kms.katalon.core.webui.keyword.WebUiBuiltInKeywords.getNumberOfTotalOption(com.kms.katalon.core.testobject.ObjectRepository.findTestObject(DispensaryToStore/Page_Store/select_--Select--BA1170BA2376B)): 4 options of object 'Object Repository/DispensaryToStore/Page_Store/select_--Select--BA1170BA2376B' counted

2018-06-09 17:06:00 - [MESSAGE][PASSED] - 4 options of object 'Object Repository/DispensaryToStore/Page_Store/select_--Select--BA1170BA2376B' counted

2018-06-09 17:06:00 - [TEST_STEP][PASSED] - Statement - For ([g = 1, g <= BatchNumber - 1, (g++)]): null

2018-06-09 17:06:00 - [TEST_STEP][PASSED] - selectOptionByIndex: All options with index in [1] are selected on object 'Object Repository/DispensaryToStore/Page_Store/select_--Select--BA1170BA2376B'

2018-06-09 17:06:00 - [MESSAGE][PASSED] - All options with index in [1] are selected on object 'Object Repository/DispensaryToStore/Page_Store/select_--Select--BA1170BA2376B'

2018-06-09 17:06:00 - [TEST_STEP][PASSED] - Statement - Try: null

2018-06-09 17:06:00 - [TEST_STEP][PASSED] - Statement - StockQty = com.kms.katalon.core.webui.keyword.WebUiBuiltInKeywords.getAttribute(com.kms.katalon.core.testobject.ObjectRepository.findTestObject(DispensaryToStore/Page_Store/input_txtprice), "value"): Attribute 'value' of object 'Object Repository/DispensaryToStore/Page_Store/input_txtprice' is: '320'

2018-06-09 17:06:00 - [MESSAGE][PASSED] - Attribute 'value' of object 'Object Repository/DispensaryToStore/Page_Store/input_txtprice' is: '320'

2018-06-09 17:06:00 - [TEST_STEP][PASSED] - Statement - out.println("Stock QTY : " + StockQty): null

2018-06-09 17:06:00 - [TEST_STEP][PASSED] - delay: Delayed 2 second(s)

2018-06-09 17:06:02 - [MESSAGE][PASSED] - Delayed 2 second(s)

2018-06-09 17:06:02 - [TEST_STEP][PASSED] - Statement - If (java.lang.String.valueOf(StockQty) >= java.lang.String.valueOf(RequestedQty)): null

2018-06-09 17:06:02 - [TEST_STEP][PASSED] - setText: Text '10' is set on object 'Object Repository/DispensaryToStore/Page_Store/input_txtqty'

2018-06-09 17:06:02 - [MESSAGE][PASSED] - Text '10' is set on object 'Object Repository/DispensaryToStore/Page_Store/input_txtqty'

2018-06-09 17:06:02 - [TEST_STEP][PASSED] - click: Object: 'Object Repository/DispensaryToStore/Page_Store/button_Add' is clicked on

2018-06-09 17:06:02 - [MESSAGE][PASSED] - Object: 'Object Repository/DispensaryToStore/Page_Store/button_Add' is clicked on

2018-06-09 17:06:02 - [TEST_STEP][PASSED] - Statement - Break: null

2018-06-09 17:06:02 - [TEST_STEP][PASSED] - selectOptionByIndex: All options with index in [19] are selected on object 'Object Repository/DispensaryToStore/Page_Store/select_--Select--Adernaline 0.'

2018-06-09 17:06:02 - [MESSAGE][PASSED] - All options with index in [19] are selected on object 'Object Repository/DispensaryToStore/Page_Store/select_--Select--Adernaline 0.'

2018-06-09 17:06:02 - [TEST_STEP][PASSED] - delay: Delayed 2 second(s)

2018-06-09 17:06:04 - [MESSAGE][PASSED] - Delayed 2 second(s)

2018-06-09 17:06:04 - [TEST_STEP][PASSED] - Statement - RequestedQty = com.kms.katalon.core.webui.keyword.WebUiBuiltInKeywords.getAttribute(com.kms.katalon.core.testobject.ObjectRepository.findTestObject(DispensaryToStore/Page_Store/input_txttotal), "value"): Attribute 'value' of object 'Object Repository/DispensaryToStore/Page_Store/input_txttotal' is: '10'

2018-06-09 17:06:04 - [MESSAGE][PASSED] - Attribute 'value' of object 'Object Repository/DispensaryToStore/Page_Store/input_txttotal' is: '10'

2018-06-09 17:06:04 - [TEST_STEP][PASSED] - Statement - out.println("Requested QTY : " + RequestedQty): null

2018-06-09 17:06:04 - [TEST_STEP][PASSED] - Statement - BatchNumber = com.kms.katalon.core.webui.keyword.WebUiBuiltInKeywords.getNumberOfTotalOption(com.kms.katalon.core.testobject.ObjectRepository.findTestObject(DispensaryToStore/Page_Store/select_--Select--BA1170BA2376B)): 3 options of object 'Object Repository/DispensaryToStore/Page_Store/select_--Select--BA1170BA2376B' counted

2018-06-09 17:06:05 - [MESSAGE][PASSED] - 3 options of object 'Object Repository/DispensaryToStore/Page_Store/select_--Select--BA1170BA2376B' counted

2018-06-09 17:06:05 - [TEST_STEP][PASSED] - Statement - For ([g = 1, g <= BatchNumber - 1, (g++)]): null

2018-06-09 17:06:05 - [TEST_STEP][PASSED] - selectOptionByIndex: All options with index in [1] are selected on object 'Object Repository/DispensaryToStore/Page_Store/select_--Select--BA1170BA2376B'

2018-06-09 17:06:05 - [MESSAGE][PASSED] - All options with index in [1] are selected on object 'Object Repository/DispensaryToStore/Page_Store/select_--Select--BA1170BA2376B'

2018-06-09 17:06:05 - [TEST_STEP][PASSED] - Statement - Try: null

2018-06-09 17:06:05 - [TEST_STEP][PASSED] - Statement - StockQty = com.kms.katalon.core.webui.keyword.WebUiBuiltInKeywords.getAttribute(com.kms.katalon.core.testobject.ObjectRepository.findTestObject(DispensaryToStore/Page_Store/input_txtprice), "value"): Attribute 'value' of object 'Object Repository/DispensaryToStore/Page_Store/input_txtprice' is: '730'

2018-06-09 17:06:05 - [MESSAGE][PASSED] - Attribute 'value' of object 'Object Repository/DispensaryToStore/Page_Store/input_txtprice' is: '730'

2018-06-09 17:06:05 - [TEST_STEP][PASSED] - Statement - out.println("Stock QTY : " + StockQty): null

2018-06-09 17:06:05 - [TEST_STEP][PASSED] - delay: Delayed 2 second(s)

2018-06-09 17:06:07 - [MESSAGE][PASSED] - Delayed 2 second(s)

2018-06-09 17:06:07 - [TEST_STEP][PASSED] - Statement - If (java.lang.String.valueOf(StockQty) >= java.lang.String.valueOf(RequestedQty)): null

2018-06-09 17:06:07 - [TEST_STEP][PASSED] - setText: Text '10' is set on object 'Object Repository/DispensaryToStore/Page_Store/input_txtqty'

2018-06-09 17:06:07 - [MESSAGE][PASSED] - Text '10' is set on object 'Object Repository/DispensaryToStore/Page_Store/input_txtqty'

2018-06-09 17:06:07 - [TEST_STEP][PASSED] - click: Object: 'Object Repository/DispensaryToStore/Page_Store/button_Add' is clicked on

2018-06-09 17:06:07 - [MESSAGE][PASSED] - Object: 'Object Repository/DispensaryToStore/Page_Store/button_Add' is clicked on

2018-06-09 17:06:07 - [TEST_STEP][PASSED] - Statement - Break: null

2018-06-09 17:06:07 - [TEST_STEP][PASSED] - selectOptionByIndex: All options with index in [20] are selected on object 'Object Repository/DispensaryToStore/Page_Store/select_--Select--Adernaline 0.'

2018-06-09 17:06:07 - [MESSAGE][PASSED] - All options with index in [20] are selected on object 'Object Repository/DispensaryToStore/Page_Store/select_--Select--Adernaline 0.'

2018-06-09 17:06:07 - [TEST_STEP][PASSED] - delay: Delayed 2 second(s)

2018-06-09 17:06:09 - [MESSAGE][PASSED] - Delayed 2 second(s)

2018-06-09 17:06:09 - [TEST_STEP][PASSED] - Statement - RequestedQty = com.kms.katalon.core.webui.keyword.WebUiBuiltInKeywords.getAttribute(com.kms.katalon.core.testobject.ObjectRepository.findTestObject(DispensaryToStore/Page_Store/input_txttotal), "value"): Attribute 'value' of object 'Object Repository/DispensaryToStore/Page_Store/input_txttotal' is: '10'

2018-06-09 17:06:09 - [MESSAGE][PASSED] - Attribute 'value' of object 'Object Repository/DispensaryToStore/Page_Store/input_txttotal' is: '10'

2018-06-09 17:06:09 - [TEST_STEP][PASSED] - Statement - out.println("Requested QTY : " + RequestedQty): null

2018-06-09 17:06:09 - [TEST_STEP][PASSED] - Statement - BatchNumber = com.kms.katalon.core.webui.keyword.WebUiBuiltInKeywords.getNumberOfTotalOption(com.kms.katalon.core.testobject.ObjectRepository.findTestObject(DispensaryToStore/Page_Store/select_--Select--BA1170BA2376B)): 3 options of object 'Object Repository/DispensaryToStore/Page_Store/select_--Select--BA1170BA2376B' counted

2018-06-09 17:06:09 - [MESSAGE][PASSED] - 3 options of object 'Object Repository/DispensaryToStore/Page_Store/select_--Select--BA1170BA2376B' counted

2018-06-09 17:06:09 - [TEST_STEP][PASSED] - Statement - For ([g = 1, g <= BatchNumber - 1, (g++)]): null

2018-06-09 17:06:09 - [TEST_STEP][PASSED] - selectOptionByIndex: All options with index in [1] are selected on object 'Object Repository/DispensaryToStore/Page_Store/select_--Select--BA1170BA2376B'

2018-06-09 17:06:09 - [MESSAGE][PASSED] - All options with index in [1] are selected on object 'Object Repository/DispensaryToStore/Page_Store/select_--Select--BA1170BA2376B'

2018-06-09 17:06:09 - [TEST_STEP][PASSED] - Statement - Try: null

2018-06-09 17:06:09 - [TEST_STEP][PASSED] - Statement - StockQty = com.kms.katalon.core.webui.keyword.WebUiBuiltInKeywords.getAttribute(com.kms.katalon.core.testobject.ObjectRepository.findTestObject(DispensaryToStore/Page_Store/input_txtprice), "value"): Attribute 'value' of object 'Object Repository/DispensaryToStore/Page_Store/input_txtprice' is: '730'

2018-06-09 17:06:09 - [MESSAGE][PASSED] - Attribute 'value' of object 'Object Repository/DispensaryToStore/Page_Store/input_txtprice' is: '730'

2018-06-09 17:06:09 - [TEST_STEP][PASSED] - Statement - out.println("Stock QTY : " + StockQty): null

2018-06-09 17:06:09 - [TEST_STEP][PASSED] - delay: Delayed 2 second(s)

2018-06-09 17:06:11 - [MESSAGE][PASSED] - Delayed 2 second(s)

2018-06-09 17:06:11 - [TEST_STEP][PASSED] - Statement - If (java.lang.String.valueOf(StockQty) >= java.lang.String.valueOf(RequestedQty)): null

2018-06-09 17:06:11 - [TEST_STEP][PASSED] - setText: Text '10' is set on object 'Object Repository/DispensaryToStore/Page_Store/input_txtqty'

2018-06-09 17:06:12 - [MESSAGE][PASSED] - Text '10' is set on object 'Object Repository/DispensaryToStore/Page_Store/input_txtqty'

2018-06-09 17:06:12 - [TEST_STEP][PASSED] - click: Object: 'Object Repository/DispensaryToStore/Page_Store/button_Add' is clicked on

2018-06-09 17:06:12 - [MESSAGE][PASSED] - Object: 'Object Repository/DispensaryToStore/Page_Store/button_Add' is clicked on

2018-06-09 17:06:12 - [TEST_STEP][PASSED] - Statement - Break: null

2018-06-09 17:06:12 - [TEST_STEP][PASSED] - selectOptionByIndex: All options with index in [21] are selected on object 'Object Repository/DispensaryToStore/Page_Store/select_--Select--Adernaline 0.'

2018-06-09 17:06:12 - [MESSAGE][PASSED] - All options with index in [21] are selected on object 'Object Repository/DispensaryToStore/Page_Store/select_--Select--Adernaline 0.'

2018-06-09 17:06:12 - [TEST_STEP][PASSED] - delay: Delayed 2 second(s)

2018-06-09 17:06:14 - [MESSAGE][PASSED] - Delayed 2 second(s)

2018-06-09 17:06:14 - [TEST_STEP][PASSED] - Statement - RequestedQty = com.kms.katalon.core.webui.keyword.WebUiBuiltInKeywords.getAttribute(com.kms.katalon.core.testobject.ObjectRepository.findTestObject(DispensaryToStore/Page_Store/input_txttotal), "value"): Attribute 'value' of object 'Object Repository/DispensaryToStore/Page_Store/input_txttotal' is: '10'

2018-06-09 17:06:14 - [MESSAGE][PASSED] - Attribute 'value' of object 'Object Repository/DispensaryToStore/Page_Store/input_txttotal' is: '10'

2018-06-09 17:06:14 - [TEST_STEP][PASSED] - Statement - out.println("Requested QTY : " + RequestedQty): null

2018-06-09 17:06:14 - [TEST_STEP][PASSED] - Statement - BatchNumber = com.kms.katalon.core.webui.keyword.WebUiBuiltInKeywords.getNumberOfTotalOption(com.kms.katalon.core.testobject.ObjectRepository.findTestObject(DispensaryToStore/Page_Store/select_--Select--BA1170BA2376B)): 3 options of object 'Object Repository/DispensaryToStore/Page_Store/select_--Select--BA1170BA2376B' counted

2018-06-09 17:06:14 - [MESSAGE][PASSED] - 3 options of object 'Object Repository/DispensaryToStore/Page_Store/select_--Select--BA1170BA2376B' counted

2018-06-09 17:06:14 - [TEST_STEP][PASSED] - Statement - For ([g = 1, g <= BatchNumber - 1, (g++)]): null

2018-06-09 17:06:14 - [TEST_STEP][PASSED] - selectOptionByIndex: All options with index in [1] are selected on object 'Object Repository/DispensaryToStore/Page_Store/select_--Select--BA1170BA2376B'

2018-06-09 17:06:14 - [MESSAGE][PASSED] - All options with index in [1] are selected on object 'Object Repository/DispensaryToStore/Page_Store/select_--Select--BA1170BA2376B'

2018-06-09 17:06:14 - [TEST_STEP][PASSED] - Statement - Try: null

2018-06-09 17:06:14 - [TEST_STEP][PASSED] - Statement - StockQty = com.kms.katalon.core.webui.keyword.WebUiBuiltInKeywords.getAttribute(com.kms.katalon.core.testobject.ObjectRepository.findTestObject(DispensaryToStore/Page_Store/input_txtprice), "value"): Attribute 'value' of object 'Object Repository/DispensaryToStore/Page_Store/input_txtprice' is: '730'

2018-06-09 17:06:14 - [MESSAGE][PASSED] - Attribute 'value' of object 'Object Repository/DispensaryToStore/Page_Store/input_txtprice' is: '730'

2018-06-09 17:06:14 - [TEST_STEP][PASSED] - Statement - out.println("Stock QTY : " + StockQty): null

2018-06-09 17:06:14 - [TEST_STEP][PASSED] - delay: Delayed 2 second(s)

2018-06-09 17:06:16 - [MESSAGE][PASSED] - Delayed 2 second(s)

2018-06-09 17:06:16 - [TEST_STEP][PASSED] - Statement - If (java.lang.String.valueOf(StockQty) >= java.lang.String.valueOf(RequestedQty)): null

2018-06-09 17:06:16 - [TEST_STEP][PASSED] - setText: Text '10' is set on object 'Object Repository/DispensaryToStore/Page_Store/input_txtqty'

2018-06-09 17:06:16 - [MESSAGE][PASSED] - Text '10' is set on object 'Object Repository/DispensaryToStore/Page_Store/input_txtqty'

2018-06-09 17:06:16 - [TEST_STEP][PASSED] - click: Object: 'Object Repository/DispensaryToStore/Page_Store/button_Add' is clicked on

2018-06-09 17:06:16 - [MESSAGE][PASSED] - Object: 'Object Repository/DispensaryToStore/Page_Store/button_Add' is clicked on

2018-06-09 17:06:16 - [TEST_STEP][PASSED] - Statement - Break: null

2018-06-09 17:06:16 - [TEST_STEP][PASSED] - selectOptionByIndex: All options with index in [22] are selected on object 'Object Repository/DispensaryToStore/Page_Store/select_--Select--Adernaline 0.'

2018-06-09 17:06:17 - [MESSAGE][PASSED] - All options with index in [22] are selected on object 'Object Repository/DispensaryToStore/Page_Store/select_--Select--Adernaline 0.'

2018-06-09 17:06:17 - [TEST_STEP][PASSED] - delay: Delayed 2 second(s)

2018-06-09 17:06:19 - [MESSAGE][PASSED] - Delayed 2 second(s)

2018-06-09 17:06:19 - [TEST_STEP][PASSED] - Statement - RequestedQty = com.kms.katalon.core.webui.keyword.WebUiBuiltInKeywords.getAttribute(com.kms.katalon.core.testobject.ObjectRepository.findTestObject(DispensaryToStore/Page_Store/input_txttotal), "value"): Attribute 'value' of object 'Object Repository/DispensaryToStore/Page_Store/input_txttotal' is: '10'

2018-06-09 17:06:19 - [MESSAGE][PASSED] - Attribute 'value' of object 'Object Repository/DispensaryToStore/Page_Store/input_txttotal' is: '10'

2018-06-09 17:06:19 - [TEST_STEP][PASSED] - Statement - out.println("Requested QTY : " + RequestedQty): null

2018-06-09 17:06:19 - [TEST_STEP][PASSED] - Statement - BatchNumber = com.kms.katalon.core.webui.keyword.WebUiBuiltInKeywords.getNumberOfTotalOption(com.kms.katalon.core.testobject.ObjectRepository.findTestObject(DispensaryToStore/Page_Store/select_--Select--BA1170BA2376B)): 4 options of object 'Object Repository/DispensaryToStore/Page_Store/select_--Select--BA1170BA2376B' counted

2018-06-09 17:06:19 - [MESSAGE][PASSED] - 4 options of object 'Object Repository/DispensaryToStore/Page_Store/select_--Select--BA1170BA2376B' counted

2018-06-09 17:06:19 - [TEST_STEP][PASSED] - Statement - For ([g = 1, g <= BatchNumber - 1, (g++)]): null

2018-06-09 17:06:19 - [TEST_STEP][PASSED] - selectOptionByIndex: All options with index in [1] are selected on object 'Object Repository/DispensaryToStore/Page_Store/select_--Select--BA1170BA2376B'

2018-06-09 17:06:19 - [MESSAGE][PASSED] - All options with index in [1] are selected on object 'Object Repository/DispensaryToStore/Page_Store/select_--Select--BA1170BA2376B'

2018-06-09 17:06:19 - [TEST_STEP][PASSED] - Statement - Try: null

2018-06-09 17:06:19 - [TEST_STEP][PASSED] - Statement - StockQty = com.kms.katalon.core.webui.keyword.WebUiBuiltInKeywords.getAttribute(com.kms.katalon.core.testobject.ObjectRepository.findTestObject(DispensaryToStore/Page_Store/input_txtprice), "value"): Attribute 'value' of object 'Object Repository/DispensaryToStore/Page_Store/input_txtprice' is: '320'

2018-06-09 17:06:19 - [MESSAGE][PASSED] - Attribute 'value' of object 'Object Repository/DispensaryToStore/Page_Store/input_txtprice' is: '320'

2018-06-09 17:06:19 - [TEST_STEP][PASSED] - Statement - out.println("Stock QTY : " + StockQty): null

2018-06-09 17:06:19 - [TEST_STEP][PASSED] - delay: Delayed 2 second(s)

2018-06-09 17:06:21 - [MESSAGE][PASSED] - Delayed 2 second(s)

2018-06-09 17:06:21 - [TEST_STEP][PASSED] - Statement - If (java.lang.String.valueOf(StockQty) >= java.lang.String.valueOf(RequestedQty)): null

2018-06-09 17:06:21 - [TEST_STEP][PASSED] - setText: Text '10' is set on object 'Object Repository/DispensaryToStore/Page_Store/input_txtqty'

2018-06-09 17:06:21 - [MESSAGE][PASSED] - Text '10' is set on object 'Object Repository/DispensaryToStore/Page_Store/input_txtqty'

2018-06-09 17:06:21 - [TEST_STEP][PASSED] - click: Object: 'Object Repository/DispensaryToStore/Page_Store/button_Add' is clicked on

2018-06-09 17:06:21 - [MESSAGE][PASSED] - Object: 'Object Repository/DispensaryToStore/Page_Store/button_Add' is clicked on

2018-06-09 17:06:21 - [TEST_STEP][PASSED] - Statement - Break: null

2018-06-09 17:06:21 - [TEST_STEP][PASSED] - selectOptionByIndex: All options with index in [23] are selected on object 'Object Repository/DispensaryToStore/Page_Store/select_--Select--Adernaline 0.'

2018-06-09 17:06:22 - [MESSAGE][PASSED] - All options with index in [23] are selected on object 'Object Repository/DispensaryToStore/Page_Store/select_--Select--Adernaline 0.'

2018-06-09 17:06:22 - [TEST_STEP][PASSED] - delay: Delayed 2 second(s)

2018-06-09 17:06:24 - [MESSAGE][PASSED] - Delayed 2 second(s)

2018-06-09 17:06:24 - [TEST_STEP][PASSED] - Statement - RequestedQty = com.kms.katalon.core.webui.keyword.WebUiBuiltInKeywords.getAttribute(com.kms.katalon.core.testobject.ObjectRepository.findTestObject(DispensaryToStore/Page_Store/input_txttotal), "value"): Attribute 'value' of object 'Object Repository/DispensaryToStore/Page_Store/input_txttotal' is: '10'

2018-06-09 17:06:24 - [MESSAGE][PASSED] - Attribute 'value' of object 'Object Repository/DispensaryToStore/Page_Store/input_txttotal' is: '10'

2018-06-09 17:06:24 - [TEST_STEP][PASSED] - Statement - out.println("Requested QTY : " + RequestedQty): null

2018-06-09 17:06:24 - [TEST_STEP][PASSED] - Statement - BatchNumber = com.kms.katalon.core.webui.keyword.WebUiBuiltInKeywords.getNumberOfTotalOption(com.kms.katalon.core.testobject.ObjectRepository.findTestObject(DispensaryToStore/Page_Store/select_--Select--BA1170BA2376B)): 3 options of object 'Object Repository/DispensaryToStore/Page_Store/select_--Select--BA1170BA2376B' counted

2018-06-09 17:06:24 - [MESSAGE][PASSED] - 3 options of object 'Object Repository/DispensaryToStore/Page_Store/select_--Select--BA1170BA2376B' counted

2018-06-09 17:06:24 - [TEST_STEP][PASSED] - Statement - For ([g = 1, g <= BatchNumber - 1, (g++)]): null

2018-06-09 17:06:24 - [TEST_STEP][PASSED] - selectOptionByIndex: All options with index in [1] are selected on object 'Object Repository/DispensaryToStore/Page_Store/select_--Select--BA1170BA2376B'

2018-06-09 17:06:24 - [MESSAGE][PASSED] - All options with index in [1] are selected on object 'Object Repository/DispensaryToStore/Page_Store/select_--Select--BA1170BA2376B'

2018-06-09 17:06:24 - [TEST_STEP][PASSED] - Statement - Try: null

2018-06-09 17:06:24 - [TEST_STEP][PASSED] - Statement - StockQty = com.kms.katalon.core.webui.keyword.WebUiBuiltInKeywords.getAttribute(com.kms.katalon.core.testobject.ObjectRepository.findTestObject(DispensaryToStore/Page_Store/input_txtprice), "value"): Attribute 'value' of object 'Object Repository/DispensaryToStore/Page_Store/input_txtprice' is: '730'

2018-06-09 17:06:24 - [MESSAGE][PASSED] - Attribute 'value' of object 'Object Repository/DispensaryToStore/Page_Store/input_txtprice' is: '730'

2018-06-09 17:06:24 - [TEST_STEP][PASSED] - Statement - out.println("Stock QTY : " + StockQty): null

2018-06-09 17:06:24 - [TEST_STEP][PASSED] - delay: Delayed 2 second(s)

2018-06-09 17:06:26 - [MESSAGE][PASSED] - Delayed 2 second(s)

2018-06-09 17:06:26 - [TEST_STEP][PASSED] - Statement - If (java.lang.String.valueOf(StockQty) >= java.lang.String.valueOf(RequestedQty)): null

2018-06-09 17:06:26 - [TEST_STEP][PASSED] - setText: Text '10' is set on object 'Object Repository/DispensaryToStore/Page_Store/input_txtqty'

2018-06-09 17:06:26 - [MESSAGE][PASSED] - Text '10' is set on object 'Object Repository/DispensaryToStore/Page_Store/input_txtqty'

2018-06-09 17:06:26 - [TEST_STEP][PASSED] - click: Object: 'Object Repository/DispensaryToStore/Page_Store/button_Add' is clicked on

2018-06-09 17:06:26 - [MESSAGE][PASSED] - Object: 'Object Repository/DispensaryToStore/Page_Store/button_Add' is clicked on

2018-06-09 17:06:26 - [TEST_STEP][PASSED] - Statement - Break: null

2018-06-09 17:06:26 - [TEST_STEP][PASSED] - scrollToElement: Scroll to object 'Object Repository/DispensaryToStore/Page_Store/input_btnSubmit' successfully

2018-06-09 17:06:26 - [MESSAGE][PASSED] - Scroll to object 'Object Repository/DispensaryToStore/Page_Store/input_btnSubmit' successfully

2018-06-09 17:06:26 - [TEST_STEP][PASSED] - click: Object: 'Object Repository/DispensaryToStore/Page_Store/input_btnSubmit' is clicked on

2018-06-09 17:06:26 - [MESSAGE][PASSED] - Object: 'Object Repository/DispensaryToStore/Page_Store/input_btnSubmit' is clicked on

2018-06-09 17:06:26 - [TEST_STEP][PASSED] - delay: Delayed 3 second(s)

2018-06-09 17:06:29 - [MESSAGE][PASSED] - Delayed 3 second(s)

2018-06-09 17:06:29 - [TEST_STEP][PASSED] - click: Object: 'Object Repository/DispensaryToStore/Page_Store/button_OK' is clicked on

2018-06-09 17:06:30 - [MESSAGE][PASSED] - Object: 'Object Repository/DispensaryToStore/Page_Store/button_OK' is clicked on

2018-06-09 17:06:30 - [TEST_STEP][PASSED] - delay: Delayed 3 second(s)

2018-06-09 17:06:33 - [MESSAGE][PASSED] - Delayed 3 second(s)

2018-06-09 17:06:33 - [TEST_STEP][PASSED] - click: Object: 'Object Repository/DispensaryToStore/Page_Store/a_dropdown-toggle' is clicked on

2018-06-09 17:06:33 - [MESSAGE][PASSED] - Object: 'Object Repository/DispensaryToStore/Page_Store/a_dropdown-toggle' is clicked on

2018-06-09 17:06:33 - [TEST_STEP][PASSED] - click: Object: 'Object Repository/DispensaryToStore/Page_Store/a_Sign out' is clicked on

2018-06-09 17:06:34 - [MESSAGE][PASSED] - Object: 'Object Repository/DispensaryToStore/Page_Store/a_Sign out' is clicked on

2018-06-09 17:06:34 - [TEST_STEP][PASSED] - closeBrowser: Browser is closed

2018-06-09 17:06:34 - [MESSAGE][PASSED] - Browser is closed]]></system-out>
         <system-err><![CDATA[]]></system-err>
      </testcase>
      <testcase name="Test Cases/DISPENSARY TEST CASES/TC_DP_008 Verify Schedule 8 Dispensary Request Are Working Successfully Or Not" classname="Test Cases/DISPENSARY TEST CASES/TC_DP_008 Verify Schedule 8 Dispensary Request Are Working Successfully Or Not" status="PASSED">
         <system-out><![CDATA[2018-06-09 17:06:34 - [TEST_CASE][PASSED] - Test Cases/DISPENSARY TEST CASES/TC_DP_008 Verify Schedule 8 Dispensary Request Are Working Successfully Or Not: Test Cases/DISPENSARY TEST CASES/TC_DP_008 Verify Schedule 8 Dispensary Request Are Working Successfully Or Not

2018-06-09 17:06:35 - [TEST_STEP][PASSED] - openBrowser: Browser is opened with url: ''

2018-06-09 17:06:37 - [MESSAGE][PASSED] - Browser is opened with url: ''

2018-06-09 17:06:37 - [TEST_STEP][PASSED] - navigateToUrl: Navigate to 'http://192.168.137.1/multihospital_new/HDSplashscreen.aspx' successfully

2018-06-09 17:06:38 - [MESSAGE][PASSED] - Navigate to 'http://192.168.137.1/multihospital_new/HDSplashscreen.aspx' successfully

2018-06-09 17:06:38 - [TEST_STEP][PASSED] - maximizeWindow: Current window maximized

2018-06-09 17:06:39 - [MESSAGE][PASSED] - Current window maximized

2018-06-09 17:06:39 - [TEST_STEP][PASSED] - click: Object: 'Object Repository/DispensaryToStore/Page_KDMC/a_Dispensary Store' is clicked on

2018-06-09 17:06:40 - [MESSAGE][PASSED] - Object: 'Object Repository/DispensaryToStore/Page_KDMC/a_Dispensary Store' is clicked on

2018-06-09 17:06:40 - [TEST_STEP][PASSED] - setText: Text 'rajaram' is set on object 'Object Repository/DispensaryToStore/Page_Dispensary Store Login/input_txtusername'

2018-06-09 17:06:40 - [MESSAGE][PASSED] - Text 'rajaram' is set on object 'Object Repository/DispensaryToStore/Page_Dispensary Store Login/input_txtusername'

2018-06-09 17:06:40 - [TEST_STEP][PASSED] - setText: Text '123' is set on object 'Object Repository/DispensaryToStore/Page_Dispensary Store Login/input_txtpassword'

2018-06-09 17:06:41 - [MESSAGE][PASSED] - Text '123' is set on object 'Object Repository/DispensaryToStore/Page_Dispensary Store Login/input_txtpassword'

2018-06-09 17:06:41 - [TEST_STEP][PASSED] - delay: Delayed 3 second(s)

2018-06-09 17:06:44 - [MESSAGE][PASSED] - Delayed 3 second(s)

2018-06-09 17:06:44 - [TEST_STEP][PASSED] - sendKeys: Keys 'ENTER + ' sent to object: 'Object Repository/DispensaryToStore/Page_Dispensary Store Login/input_txtpassword'

2018-06-09 17:06:44 - [MESSAGE][PASSED] - Keys 'ENTER + ' sent to object: 'Object Repository/DispensaryToStore/Page_Dispensary Store Login/input_txtpassword'

2018-06-09 17:06:44 - [TEST_STEP][PASSED] - delay: Delayed 3 second(s)

2018-06-09 17:06:47 - [MESSAGE][PASSED] - Delayed 3 second(s)

2018-06-09 17:06:47 - [TEST_STEP][PASSED] - click: Object: 'Object Repository/DispensaryToStore/Page_Dispensary Store/a_Request to Store' is clicked on

2018-06-09 17:06:47 - [MESSAGE][PASSED] - Object: 'Object Repository/DispensaryToStore/Page_Dispensary Store/a_Request to Store' is clicked on

2018-06-09 17:06:47 - [TEST_STEP][PASSED] - click: Object: 'Object Repository/DispensaryToStore/Page_Dispensary Store/a_Medicine Request' is clicked on

2018-06-09 17:06:48 - [MESSAGE][PASSED] - Object: 'Object Repository/DispensaryToStore/Page_Dispensary Store/a_Medicine Request' is clicked on

2018-06-09 17:06:48 - [TEST_STEP][PASSED] - selectOptionByIndex: All options with index in [8] are selected on object 'Object Repository/DispensaryToStore/Page_Dispensary Store/select_--Select--Schedule 1Inj'

2018-06-09 17:06:48 - [MESSAGE][PASSED] - All options with index in [8] are selected on object 'Object Repository/DispensaryToStore/Page_Dispensary Store/select_--Select--Schedule 1Inj'

2018-06-09 17:06:48 - [TEST_STEP][PASSED] - Statement - medicineslength = com.kms.katalon.core.webui.keyword.WebUiBuiltInKeywords.getNumberOfTotalOption(com.kms.katalon.core.testobject.ObjectRepository.findTestObject(DispensaryToStore/Page_Dispensary Store/select_--Select--Adernaline 0.)): 18 options of object 'Object Repository/DispensaryToStore/Page_Dispensary Store/select_--Select--Adernaline 0.' counted

2018-06-09 17:06:48 - [MESSAGE][PASSED] - 18 options of object 'Object Repository/DispensaryToStore/Page_Dispensary Store/select_--Select--Adernaline 0.' counted

2018-06-09 17:06:48 - [TEST_STEP][PASSED] - Statement - For ([e = 1, e <= medicineslength - 1, (e++)]): Delayed 1 second(s)

2018-06-09 17:06:48 - [TEST_STEP][PASSED] - selectOptionByIndex: All options with index in [8] are selected on object 'Object Repository/DispensaryToStore/Page_Dispensary Store/select_--Select--Schedule 1Inj'

2018-06-09 17:06:49 - [MESSAGE][PASSED] - All options with index in [8] are selected on object 'Object Repository/DispensaryToStore/Page_Dispensary Store/select_--Select--Schedule 1Inj'

2018-06-09 17:06:49 - [TEST_STEP][PASSED] - delay: Delayed 1 second(s)

2018-06-09 17:06:50 - [MESSAGE][PASSED] - Delayed 1 second(s)

2018-06-09 17:06:50 - [TEST_STEP][PASSED] - selectOptionByIndex: All options with index in [1] are selected on object 'Object Repository/DispensaryToStore/Page_Dispensary Store/select_--Select--Adernaline 0.'

2018-06-09 17:06:50 - [MESSAGE][PASSED] - All options with index in [1] are selected on object 'Object Repository/DispensaryToStore/Page_Dispensary Store/select_--Select--Adernaline 0.'

2018-06-09 17:06:50 - [TEST_STEP][PASSED] - setText: Text '10' is set on object 'Object Repository/DispensaryToStore/Page_Dispensary Store/input_txttreat'

2018-06-09 17:06:50 - [MESSAGE][PASSED] - Text '10' is set on object 'Object Repository/DispensaryToStore/Page_Dispensary Store/input_txttreat'

2018-06-09 17:06:50 - [TEST_STEP][PASSED] - click: Object: 'Object Repository/DispensaryToStore/Page_Dispensary Store/button_Add' is clicked on

2018-06-09 17:06:50 - [MESSAGE][PASSED] - Object: 'Object Repository/DispensaryToStore/Page_Dispensary Store/button_Add' is clicked on

2018-06-09 17:06:50 - [TEST_STEP][PASSED] - delay: Delayed 1 second(s)

2018-06-09 17:06:51 - [MESSAGE][PASSED] - Delayed 1 second(s)

2018-06-09 17:06:51 - [TEST_STEP][PASSED] - selectOptionByIndex: All options with index in [8] are selected on object 'Object Repository/DispensaryToStore/Page_Dispensary Store/select_--Select--Schedule 1Inj'

2018-06-09 17:06:51 - [MESSAGE][PASSED] - All options with index in [8] are selected on object 'Object Repository/DispensaryToStore/Page_Dispensary Store/select_--Select--Schedule 1Inj'

2018-06-09 17:06:51 - [TEST_STEP][PASSED] - delay: Delayed 1 second(s)

2018-06-09 17:06:52 - [MESSAGE][PASSED] - Delayed 1 second(s)

2018-06-09 17:06:52 - [TEST_STEP][PASSED] - selectOptionByIndex: All options with index in [2] are selected on object 'Object Repository/DispensaryToStore/Page_Dispensary Store/select_--Select--Adernaline 0.'

2018-06-09 17:06:52 - [MESSAGE][PASSED] - All options with index in [2] are selected on object 'Object Repository/DispensaryToStore/Page_Dispensary Store/select_--Select--Adernaline 0.'

2018-06-09 17:06:52 - [TEST_STEP][PASSED] - setText: Text '10' is set on object 'Object Repository/DispensaryToStore/Page_Dispensary Store/input_txttreat'

2018-06-09 17:06:53 - [MESSAGE][PASSED] - Text '10' is set on object 'Object Repository/DispensaryToStore/Page_Dispensary Store/input_txttreat'

2018-06-09 17:06:53 - [TEST_STEP][PASSED] - click: Object: 'Object Repository/DispensaryToStore/Page_Dispensary Store/button_Add' is clicked on

2018-06-09 17:06:53 - [MESSAGE][PASSED] - Object: 'Object Repository/DispensaryToStore/Page_Dispensary Store/button_Add' is clicked on

2018-06-09 17:06:53 - [TEST_STEP][PASSED] - delay: Delayed 1 second(s)

2018-06-09 17:06:54 - [MESSAGE][PASSED] - Delayed 1 second(s)

2018-06-09 17:06:54 - [TEST_STEP][PASSED] - selectOptionByIndex: All options with index in [8] are selected on object 'Object Repository/DispensaryToStore/Page_Dispensary Store/select_--Select--Schedule 1Inj'

2018-06-09 17:06:54 - [MESSAGE][PASSED] - All options with index in [8] are selected on object 'Object Repository/DispensaryToStore/Page_Dispensary Store/select_--Select--Schedule 1Inj'

2018-06-09 17:06:54 - [TEST_STEP][PASSED] - delay: Delayed 1 second(s)

2018-06-09 17:06:55 - [MESSAGE][PASSED] - Delayed 1 second(s)

2018-06-09 17:06:55 - [TEST_STEP][PASSED] - selectOptionByIndex: All options with index in [3] are selected on object 'Object Repository/DispensaryToStore/Page_Dispensary Store/select_--Select--Adernaline 0.'

2018-06-09 17:06:55 - [MESSAGE][PASSED] - All options with index in [3] are selected on object 'Object Repository/DispensaryToStore/Page_Dispensary Store/select_--Select--Adernaline 0.'

2018-06-09 17:06:55 - [TEST_STEP][PASSED] - setText: Text '10' is set on object 'Object Repository/DispensaryToStore/Page_Dispensary Store/input_txttreat'

2018-06-09 17:06:55 - [MESSAGE][PASSED] - Text '10' is set on object 'Object Repository/DispensaryToStore/Page_Dispensary Store/input_txttreat'

2018-06-09 17:06:55 - [TEST_STEP][PASSED] - click: Object: 'Object Repository/DispensaryToStore/Page_Dispensary Store/button_Add' is clicked on

2018-06-09 17:06:55 - [MESSAGE][PASSED] - Object: 'Object Repository/DispensaryToStore/Page_Dispensary Store/button_Add' is clicked on

2018-06-09 17:06:55 - [TEST_STEP][PASSED] - delay: Delayed 1 second(s)

2018-06-09 17:06:56 - [MESSAGE][PASSED] - Delayed 1 second(s)

2018-06-09 17:06:56 - [TEST_STEP][PASSED] - selectOptionByIndex: All options with index in [8] are selected on object 'Object Repository/DispensaryToStore/Page_Dispensary Store/select_--Select--Schedule 1Inj'

2018-06-09 17:06:56 - [MESSAGE][PASSED] - All options with index in [8] are selected on object 'Object Repository/DispensaryToStore/Page_Dispensary Store/select_--Select--Schedule 1Inj'

2018-06-09 17:06:56 - [TEST_STEP][PASSED] - delay: Delayed 1 second(s)

2018-06-09 17:06:57 - [MESSAGE][PASSED] - Delayed 1 second(s)

2018-06-09 17:06:57 - [TEST_STEP][PASSED] - selectOptionByIndex: All options with index in [4] are selected on object 'Object Repository/DispensaryToStore/Page_Dispensary Store/select_--Select--Adernaline 0.'

2018-06-09 17:06:58 - [MESSAGE][PASSED] - All options with index in [4] are selected on object 'Object Repository/DispensaryToStore/Page_Dispensary Store/select_--Select--Adernaline 0.'

2018-06-09 17:06:58 - [TEST_STEP][PASSED] - setText: Text '10' is set on object 'Object Repository/DispensaryToStore/Page_Dispensary Store/input_txttreat'

2018-06-09 17:06:58 - [MESSAGE][PASSED] - Text '10' is set on object 'Object Repository/DispensaryToStore/Page_Dispensary Store/input_txttreat'

2018-06-09 17:06:58 - [TEST_STEP][PASSED] - click: Object: 'Object Repository/DispensaryToStore/Page_Dispensary Store/button_Add' is clicked on

2018-06-09 17:06:58 - [MESSAGE][PASSED] - Object: 'Object Repository/DispensaryToStore/Page_Dispensary Store/button_Add' is clicked on

2018-06-09 17:06:58 - [TEST_STEP][PASSED] - delay: Delayed 1 second(s)

2018-06-09 17:06:59 - [MESSAGE][PASSED] - Delayed 1 second(s)

2018-06-09 17:06:59 - [TEST_STEP][PASSED] - selectOptionByIndex: All options with index in [8] are selected on object 'Object Repository/DispensaryToStore/Page_Dispensary Store/select_--Select--Schedule 1Inj'

2018-06-09 17:06:59 - [MESSAGE][PASSED] - All options with index in [8] are selected on object 'Object Repository/DispensaryToStore/Page_Dispensary Store/select_--Select--Schedule 1Inj'

2018-06-09 17:06:59 - [TEST_STEP][PASSED] - delay: Delayed 1 second(s)

2018-06-09 17:07:00 - [MESSAGE][PASSED] - Delayed 1 second(s)

2018-06-09 17:07:00 - [TEST_STEP][PASSED] - selectOptionByIndex: All options with index in [5] are selected on object 'Object Repository/DispensaryToStore/Page_Dispensary Store/select_--Select--Adernaline 0.'

2018-06-09 17:07:00 - [MESSAGE][PASSED] - All options with index in [5] are selected on object 'Object Repository/DispensaryToStore/Page_Dispensary Store/select_--Select--Adernaline 0.'

2018-06-09 17:07:00 - [TEST_STEP][PASSED] - setText: Text '10' is set on object 'Object Repository/DispensaryToStore/Page_Dispensary Store/input_txttreat'

2018-06-09 17:07:00 - [MESSAGE][PASSED] - Text '10' is set on object 'Object Repository/DispensaryToStore/Page_Dispensary Store/input_txttreat'

2018-06-09 17:07:00 - [TEST_STEP][PASSED] - click: Object: 'Object Repository/DispensaryToStore/Page_Dispensary Store/button_Add' is clicked on

2018-06-09 17:07:00 - [MESSAGE][PASSED] - Object: 'Object Repository/DispensaryToStore/Page_Dispensary Store/button_Add' is clicked on

2018-06-09 17:07:00 - [TEST_STEP][PASSED] - delay: Delayed 1 second(s)

2018-06-09 17:07:01 - [MESSAGE][PASSED] - Delayed 1 second(s)

2018-06-09 17:07:01 - [TEST_STEP][PASSED] - selectOptionByIndex: All options with index in [8] are selected on object 'Object Repository/DispensaryToStore/Page_Dispensary Store/select_--Select--Schedule 1Inj'

2018-06-09 17:07:01 - [MESSAGE][PASSED] - All options with index in [8] are selected on object 'Object Repository/DispensaryToStore/Page_Dispensary Store/select_--Select--Schedule 1Inj'

2018-06-09 17:07:01 - [TEST_STEP][PASSED] - delay: Delayed 1 second(s)

2018-06-09 17:07:02 - [MESSAGE][PASSED] - Delayed 1 second(s)

2018-06-09 17:07:02 - [TEST_STEP][PASSED] - selectOptionByIndex: All options with index in [6] are selected on object 'Object Repository/DispensaryToStore/Page_Dispensary Store/select_--Select--Adernaline 0.'

2018-06-09 17:07:03 - [MESSAGE][PASSED] - All options with index in [6] are selected on object 'Object Repository/DispensaryToStore/Page_Dispensary Store/select_--Select--Adernaline 0.'

2018-06-09 17:07:03 - [TEST_STEP][PASSED] - setText: Text '10' is set on object 'Object Repository/DispensaryToStore/Page_Dispensary Store/input_txttreat'

2018-06-09 17:07:03 - [MESSAGE][PASSED] - Text '10' is set on object 'Object Repository/DispensaryToStore/Page_Dispensary Store/input_txttreat'

2018-06-09 17:07:03 - [TEST_STEP][PASSED] - click: Object: 'Object Repository/DispensaryToStore/Page_Dispensary Store/button_Add' is clicked on

2018-06-09 17:07:03 - [MESSAGE][PASSED] - Object: 'Object Repository/DispensaryToStore/Page_Dispensary Store/button_Add' is clicked on

2018-06-09 17:07:03 - [TEST_STEP][PASSED] - delay: Delayed 1 second(s)

2018-06-09 17:07:04 - [MESSAGE][PASSED] - Delayed 1 second(s)

2018-06-09 17:07:04 - [TEST_STEP][PASSED] - selectOptionByIndex: All options with index in [8] are selected on object 'Object Repository/DispensaryToStore/Page_Dispensary Store/select_--Select--Schedule 1Inj'

2018-06-09 17:07:04 - [MESSAGE][PASSED] - All options with index in [8] are selected on object 'Object Repository/DispensaryToStore/Page_Dispensary Store/select_--Select--Schedule 1Inj'

2018-06-09 17:07:04 - [TEST_STEP][PASSED] - delay: Delayed 1 second(s)

2018-06-09 17:07:05 - [MESSAGE][PASSED] - Delayed 1 second(s)

2018-06-09 17:07:05 - [TEST_STEP][PASSED] - selectOptionByIndex: All options with index in [7] are selected on object 'Object Repository/DispensaryToStore/Page_Dispensary Store/select_--Select--Adernaline 0.'

2018-06-09 17:07:05 - [MESSAGE][PASSED] - All options with index in [7] are selected on object 'Object Repository/DispensaryToStore/Page_Dispensary Store/select_--Select--Adernaline 0.'

2018-06-09 17:07:05 - [TEST_STEP][PASSED] - setText: Text '10' is set on object 'Object Repository/DispensaryToStore/Page_Dispensary Store/input_txttreat'

2018-06-09 17:07:05 - [MESSAGE][PASSED] - Text '10' is set on object 'Object Repository/DispensaryToStore/Page_Dispensary Store/input_txttreat'

2018-06-09 17:07:05 - [TEST_STEP][PASSED] - click: Object: 'Object Repository/DispensaryToStore/Page_Dispensary Store/button_Add' is clicked on

2018-06-09 17:07:05 - [MESSAGE][PASSED] - Object: 'Object Repository/DispensaryToStore/Page_Dispensary Store/button_Add' is clicked on

2018-06-09 17:07:05 - [TEST_STEP][PASSED] - delay: Delayed 1 second(s)

2018-06-09 17:07:06 - [MESSAGE][PASSED] - Delayed 1 second(s)

2018-06-09 17:07:06 - [TEST_STEP][PASSED] - selectOptionByIndex: All options with index in [8] are selected on object 'Object Repository/DispensaryToStore/Page_Dispensary Store/select_--Select--Schedule 1Inj'

2018-06-09 17:07:07 - [MESSAGE][PASSED] - All options with index in [8] are selected on object 'Object Repository/DispensaryToStore/Page_Dispensary Store/select_--Select--Schedule 1Inj'

2018-06-09 17:07:07 - [TEST_STEP][PASSED] - delay: Delayed 1 second(s)

2018-06-09 17:07:08 - [MESSAGE][PASSED] - Delayed 1 second(s)

2018-06-09 17:07:08 - [TEST_STEP][PASSED] - selectOptionByIndex: All options with index in [8] are selected on object 'Object Repository/DispensaryToStore/Page_Dispensary Store/select_--Select--Adernaline 0.'

2018-06-09 17:07:08 - [MESSAGE][PASSED] - All options with index in [8] are selected on object 'Object Repository/DispensaryToStore/Page_Dispensary Store/select_--Select--Adernaline 0.'

2018-06-09 17:07:08 - [TEST_STEP][PASSED] - setText: Text '10' is set on object 'Object Repository/DispensaryToStore/Page_Dispensary Store/input_txttreat'

2018-06-09 17:07:08 - [MESSAGE][PASSED] - Text '10' is set on object 'Object Repository/DispensaryToStore/Page_Dispensary Store/input_txttreat'

2018-06-09 17:07:08 - [TEST_STEP][PASSED] - click: Object: 'Object Repository/DispensaryToStore/Page_Dispensary Store/button_Add' is clicked on

2018-06-09 17:07:08 - [MESSAGE][PASSED] - Object: 'Object Repository/DispensaryToStore/Page_Dispensary Store/button_Add' is clicked on

2018-06-09 17:07:08 - [TEST_STEP][PASSED] - delay: Delayed 1 second(s)

2018-06-09 17:07:09 - [MESSAGE][PASSED] - Delayed 1 second(s)

2018-06-09 17:07:09 - [TEST_STEP][PASSED] - selectOptionByIndex: All options with index in [8] are selected on object 'Object Repository/DispensaryToStore/Page_Dispensary Store/select_--Select--Schedule 1Inj'

2018-06-09 17:07:09 - [MESSAGE][PASSED] - All options with index in [8] are selected on object 'Object Repository/DispensaryToStore/Page_Dispensary Store/select_--Select--Schedule 1Inj'

2018-06-09 17:07:09 - [TEST_STEP][PASSED] - delay: Delayed 1 second(s)

2018-06-09 17:07:10 - [MESSAGE][PASSED] - Delayed 1 second(s)

2018-06-09 17:07:10 - [TEST_STEP][PASSED] - selectOptionByIndex: All options with index in [9] are selected on object 'Object Repository/DispensaryToStore/Page_Dispensary Store/select_--Select--Adernaline 0.'

2018-06-09 17:07:10 - [MESSAGE][PASSED] - All options with index in [9] are selected on object 'Object Repository/DispensaryToStore/Page_Dispensary Store/select_--Select--Adernaline 0.'

2018-06-09 17:07:10 - [TEST_STEP][PASSED] - setText: Text '10' is set on object 'Object Repository/DispensaryToStore/Page_Dispensary Store/input_txttreat'

2018-06-09 17:07:10 - [MESSAGE][PASSED] - Text '10' is set on object 'Object Repository/DispensaryToStore/Page_Dispensary Store/input_txttreat'

2018-06-09 17:07:10 - [TEST_STEP][PASSED] - click: Object: 'Object Repository/DispensaryToStore/Page_Dispensary Store/button_Add' is clicked on

2018-06-09 17:07:11 - [MESSAGE][PASSED] - Object: 'Object Repository/DispensaryToStore/Page_Dispensary Store/button_Add' is clicked on

2018-06-09 17:07:11 - [TEST_STEP][PASSED] - delay: Delayed 1 second(s)

2018-06-09 17:07:12 - [MESSAGE][PASSED] - Delayed 1 second(s)

2018-06-09 17:07:12 - [TEST_STEP][PASSED] - selectOptionByIndex: All options with index in [8] are selected on object 'Object Repository/DispensaryToStore/Page_Dispensary Store/select_--Select--Schedule 1Inj'

2018-06-09 17:07:12 - [MESSAGE][PASSED] - All options with index in [8] are selected on object 'Object Repository/DispensaryToStore/Page_Dispensary Store/select_--Select--Schedule 1Inj'

2018-06-09 17:07:12 - [TEST_STEP][PASSED] - delay: Delayed 1 second(s)

2018-06-09 17:07:13 - [MESSAGE][PASSED] - Delayed 1 second(s)

2018-06-09 17:07:13 - [TEST_STEP][PASSED] - selectOptionByIndex: All options with index in [10] are selected on object 'Object Repository/DispensaryToStore/Page_Dispensary Store/select_--Select--Adernaline 0.'

2018-06-09 17:07:13 - [MESSAGE][PASSED] - All options with index in [10] are selected on object 'Object Repository/DispensaryToStore/Page_Dispensary Store/select_--Select--Adernaline 0.'

2018-06-09 17:07:13 - [TEST_STEP][PASSED] - setText: Text '10' is set on object 'Object Repository/DispensaryToStore/Page_Dispensary Store/input_txttreat'

2018-06-09 17:07:13 - [MESSAGE][PASSED] - Text '10' is set on object 'Object Repository/DispensaryToStore/Page_Dispensary Store/input_txttreat'

2018-06-09 17:07:13 - [TEST_STEP][PASSED] - click: Object: 'Object Repository/DispensaryToStore/Page_Dispensary Store/button_Add' is clicked on

2018-06-09 17:07:13 - [MESSAGE][PASSED] - Object: 'Object Repository/DispensaryToStore/Page_Dispensary Store/button_Add' is clicked on

2018-06-09 17:07:13 - [TEST_STEP][PASSED] - delay: Delayed 1 second(s)

2018-06-09 17:07:14 - [MESSAGE][PASSED] - Delayed 1 second(s)

2018-06-09 17:07:14 - [TEST_STEP][PASSED] - selectOptionByIndex: All options with index in [8] are selected on object 'Object Repository/DispensaryToStore/Page_Dispensary Store/select_--Select--Schedule 1Inj'

2018-06-09 17:07:14 - [MESSAGE][PASSED] - All options with index in [8] are selected on object 'Object Repository/DispensaryToStore/Page_Dispensary Store/select_--Select--Schedule 1Inj'

2018-06-09 17:07:14 - [TEST_STEP][PASSED] - delay: Delayed 1 second(s)

2018-06-09 17:07:15 - [MESSAGE][PASSED] - Delayed 1 second(s)

2018-06-09 17:07:15 - [TEST_STEP][PASSED] - selectOptionByIndex: All options with index in [11] are selected on object 'Object Repository/DispensaryToStore/Page_Dispensary Store/select_--Select--Adernaline 0.'

2018-06-09 17:07:16 - [MESSAGE][PASSED] - All options with index in [11] are selected on object 'Object Repository/DispensaryToStore/Page_Dispensary Store/select_--Select--Adernaline 0.'

2018-06-09 17:07:16 - [TEST_STEP][PASSED] - setText: Text '10' is set on object 'Object Repository/DispensaryToStore/Page_Dispensary Store/input_txttreat'

2018-06-09 17:07:16 - [MESSAGE][PASSED] - Text '10' is set on object 'Object Repository/DispensaryToStore/Page_Dispensary Store/input_txttreat'

2018-06-09 17:07:16 - [TEST_STEP][PASSED] - click: Object: 'Object Repository/DispensaryToStore/Page_Dispensary Store/button_Add' is clicked on

2018-06-09 17:07:16 - [MESSAGE][PASSED] - Object: 'Object Repository/DispensaryToStore/Page_Dispensary Store/button_Add' is clicked on

2018-06-09 17:07:16 - [TEST_STEP][PASSED] - delay: Delayed 1 second(s)

2018-06-09 17:07:17 - [MESSAGE][PASSED] - Delayed 1 second(s)

2018-06-09 17:07:17 - [TEST_STEP][PASSED] - selectOptionByIndex: All options with index in [8] are selected on object 'Object Repository/DispensaryToStore/Page_Dispensary Store/select_--Select--Schedule 1Inj'

2018-06-09 17:07:17 - [MESSAGE][PASSED] - All options with index in [8] are selected on object 'Object Repository/DispensaryToStore/Page_Dispensary Store/select_--Select--Schedule 1Inj'

2018-06-09 17:07:17 - [TEST_STEP][PASSED] - delay: Delayed 1 second(s)

2018-06-09 17:07:18 - [MESSAGE][PASSED] - Delayed 1 second(s)

2018-06-09 17:07:18 - [TEST_STEP][PASSED] - selectOptionByIndex: All options with index in [12] are selected on object 'Object Repository/DispensaryToStore/Page_Dispensary Store/select_--Select--Adernaline 0.'

2018-06-09 17:07:18 - [MESSAGE][PASSED] - All options with index in [12] are selected on object 'Object Repository/DispensaryToStore/Page_Dispensary Store/select_--Select--Adernaline 0.'

2018-06-09 17:07:18 - [TEST_STEP][PASSED] - setText: Text '10' is set on object 'Object Repository/DispensaryToStore/Page_Dispensary Store/input_txttreat'

2018-06-09 17:07:18 - [MESSAGE][PASSED] - Text '10' is set on object 'Object Repository/DispensaryToStore/Page_Dispensary Store/input_txttreat'

2018-06-09 17:07:18 - [TEST_STEP][PASSED] - click: Object: 'Object Repository/DispensaryToStore/Page_Dispensary Store/button_Add' is clicked on

2018-06-09 17:07:19 - [MESSAGE][PASSED] - Object: 'Object Repository/DispensaryToStore/Page_Dispensary Store/button_Add' is clicked on

2018-06-09 17:07:19 - [TEST_STEP][PASSED] - delay: Delayed 1 second(s)

2018-06-09 17:07:20 - [MESSAGE][PASSED] - Delayed 1 second(s)

2018-06-09 17:07:20 - [TEST_STEP][PASSED] - selectOptionByIndex: All options with index in [8] are selected on object 'Object Repository/DispensaryToStore/Page_Dispensary Store/select_--Select--Schedule 1Inj'

2018-06-09 17:07:20 - [MESSAGE][PASSED] - All options with index in [8] are selected on object 'Object Repository/DispensaryToStore/Page_Dispensary Store/select_--Select--Schedule 1Inj'

2018-06-09 17:07:20 - [TEST_STEP][PASSED] - delay: Delayed 1 second(s)

2018-06-09 17:07:21 - [MESSAGE][PASSED] - Delayed 1 second(s)

2018-06-09 17:07:21 - [TEST_STEP][PASSED] - selectOptionByIndex: All options with index in [13] are selected on object 'Object Repository/DispensaryToStore/Page_Dispensary Store/select_--Select--Adernaline 0.'

2018-06-09 17:07:21 - [MESSAGE][PASSED] - All options with index in [13] are selected on object 'Object Repository/DispensaryToStore/Page_Dispensary Store/select_--Select--Adernaline 0.'

2018-06-09 17:07:21 - [TEST_STEP][PASSED] - setText: Text '10' is set on object 'Object Repository/DispensaryToStore/Page_Dispensary Store/input_txttreat'

2018-06-09 17:07:21 - [MESSAGE][PASSED] - Text '10' is set on object 'Object Repository/DispensaryToStore/Page_Dispensary Store/input_txttreat'

2018-06-09 17:07:21 - [TEST_STEP][PASSED] - click: Object: 'Object Repository/DispensaryToStore/Page_Dispensary Store/button_Add' is clicked on

2018-06-09 17:07:21 - [MESSAGE][PASSED] - Object: 'Object Repository/DispensaryToStore/Page_Dispensary Store/button_Add' is clicked on

2018-06-09 17:07:21 - [TEST_STEP][PASSED] - delay: Delayed 1 second(s)

2018-06-09 17:07:22 - [MESSAGE][PASSED] - Delayed 1 second(s)

2018-06-09 17:07:22 - [TEST_STEP][PASSED] - selectOptionByIndex: All options with index in [8] are selected on object 'Object Repository/DispensaryToStore/Page_Dispensary Store/select_--Select--Schedule 1Inj'

2018-06-09 17:07:22 - [MESSAGE][PASSED] - All options with index in [8] are selected on object 'Object Repository/DispensaryToStore/Page_Dispensary Store/select_--Select--Schedule 1Inj'

2018-06-09 17:07:22 - [TEST_STEP][PASSED] - delay: Delayed 1 second(s)

2018-06-09 17:07:23 - [MESSAGE][PASSED] - Delayed 1 second(s)

2018-06-09 17:07:23 - [TEST_STEP][PASSED] - selectOptionByIndex: All options with index in [14] are selected on object 'Object Repository/DispensaryToStore/Page_Dispensary Store/select_--Select--Adernaline 0.'

2018-06-09 17:07:24 - [MESSAGE][PASSED] - All options with index in [14] are selected on object 'Object Repository/DispensaryToStore/Page_Dispensary Store/select_--Select--Adernaline 0.'

2018-06-09 17:07:24 - [TEST_STEP][PASSED] - setText: Text '10' is set on object 'Object Repository/DispensaryToStore/Page_Dispensary Store/input_txttreat'

2018-06-09 17:07:24 - [MESSAGE][PASSED] - Text '10' is set on object 'Object Repository/DispensaryToStore/Page_Dispensary Store/input_txttreat'

2018-06-09 17:07:24 - [TEST_STEP][PASSED] - click: Object: 'Object Repository/DispensaryToStore/Page_Dispensary Store/button_Add' is clicked on

2018-06-09 17:07:24 - [MESSAGE][PASSED] - Object: 'Object Repository/DispensaryToStore/Page_Dispensary Store/button_Add' is clicked on

2018-06-09 17:07:24 - [TEST_STEP][PASSED] - delay: Delayed 1 second(s)

2018-06-09 17:07:25 - [MESSAGE][PASSED] - Delayed 1 second(s)

2018-06-09 17:07:25 - [TEST_STEP][PASSED] - selectOptionByIndex: All options with index in [8] are selected on object 'Object Repository/DispensaryToStore/Page_Dispensary Store/select_--Select--Schedule 1Inj'

2018-06-09 17:07:25 - [MESSAGE][PASSED] - All options with index in [8] are selected on object 'Object Repository/DispensaryToStore/Page_Dispensary Store/select_--Select--Schedule 1Inj'

2018-06-09 17:07:25 - [TEST_STEP][PASSED] - delay: Delayed 1 second(s)

2018-06-09 17:07:26 - [MESSAGE][PASSED] - Delayed 1 second(s)

2018-06-09 17:07:26 - [TEST_STEP][PASSED] - selectOptionByIndex: All options with index in [15] are selected on object 'Object Repository/DispensaryToStore/Page_Dispensary Store/select_--Select--Adernaline 0.'

2018-06-09 17:07:26 - [MESSAGE][PASSED] - All options with index in [15] are selected on object 'Object Repository/DispensaryToStore/Page_Dispensary Store/select_--Select--Adernaline 0.'

2018-06-09 17:07:26 - [TEST_STEP][PASSED] - setText: Text '10' is set on object 'Object Repository/DispensaryToStore/Page_Dispensary Store/input_txttreat'

2018-06-09 17:07:26 - [MESSAGE][PASSED] - Text '10' is set on object 'Object Repository/DispensaryToStore/Page_Dispensary Store/input_txttreat'

2018-06-09 17:07:26 - [TEST_STEP][PASSED] - click: Object: 'Object Repository/DispensaryToStore/Page_Dispensary Store/button_Add' is clicked on

2018-06-09 17:07:26 - [MESSAGE][PASSED] - Object: 'Object Repository/DispensaryToStore/Page_Dispensary Store/button_Add' is clicked on

2018-06-09 17:07:26 - [TEST_STEP][PASSED] - delay: Delayed 1 second(s)

2018-06-09 17:07:27 - [MESSAGE][PASSED] - Delayed 1 second(s)

2018-06-09 17:07:27 - [TEST_STEP][PASSED] - selectOptionByIndex: All options with index in [8] are selected on object 'Object Repository/DispensaryToStore/Page_Dispensary Store/select_--Select--Schedule 1Inj'

2018-06-09 17:07:28 - [MESSAGE][PASSED] - All options with index in [8] are selected on object 'Object Repository/DispensaryToStore/Page_Dispensary Store/select_--Select--Schedule 1Inj'

2018-06-09 17:07:28 - [TEST_STEP][PASSED] - delay: Delayed 1 second(s)

2018-06-09 17:07:29 - [MESSAGE][PASSED] - Delayed 1 second(s)

2018-06-09 17:07:29 - [TEST_STEP][PASSED] - selectOptionByIndex: All options with index in [16] are selected on object 'Object Repository/DispensaryToStore/Page_Dispensary Store/select_--Select--Adernaline 0.'

2018-06-09 17:07:29 - [MESSAGE][PASSED] - All options with index in [16] are selected on object 'Object Repository/DispensaryToStore/Page_Dispensary Store/select_--Select--Adernaline 0.'

2018-06-09 17:07:29 - [TEST_STEP][PASSED] - setText: Text '10' is set on object 'Object Repository/DispensaryToStore/Page_Dispensary Store/input_txttreat'

2018-06-09 17:07:29 - [MESSAGE][PASSED] - Text '10' is set on object 'Object Repository/DispensaryToStore/Page_Dispensary Store/input_txttreat'

2018-06-09 17:07:29 - [TEST_STEP][PASSED] - click: Object: 'Object Repository/DispensaryToStore/Page_Dispensary Store/button_Add' is clicked on

2018-06-09 17:07:29 - [MESSAGE][PASSED] - Object: 'Object Repository/DispensaryToStore/Page_Dispensary Store/button_Add' is clicked on

2018-06-09 17:07:29 - [TEST_STEP][PASSED] - delay: Delayed 1 second(s)

2018-06-09 17:07:30 - [MESSAGE][PASSED] - Delayed 1 second(s)

2018-06-09 17:07:30 - [TEST_STEP][PASSED] - selectOptionByIndex: All options with index in [8] are selected on object 'Object Repository/DispensaryToStore/Page_Dispensary Store/select_--Select--Schedule 1Inj'

2018-06-09 17:07:30 - [MESSAGE][PASSED] - All options with index in [8] are selected on object 'Object Repository/DispensaryToStore/Page_Dispensary Store/select_--Select--Schedule 1Inj'

2018-06-09 17:07:30 - [TEST_STEP][PASSED] - delay: Delayed 1 second(s)

2018-06-09 17:07:31 - [MESSAGE][PASSED] - Delayed 1 second(s)

2018-06-09 17:07:31 - [TEST_STEP][PASSED] - selectOptionByIndex: All options with index in [17] are selected on object 'Object Repository/DispensaryToStore/Page_Dispensary Store/select_--Select--Adernaline 0.'

2018-06-09 17:07:32 - [MESSAGE][PASSED] - All options with index in [17] are selected on object 'Object Repository/DispensaryToStore/Page_Dispensary Store/select_--Select--Adernaline 0.'

2018-06-09 17:07:32 - [TEST_STEP][PASSED] - setText: Text '10' is set on object 'Object Repository/DispensaryToStore/Page_Dispensary Store/input_txttreat'

2018-06-09 17:07:32 - [MESSAGE][PASSED] - Text '10' is set on object 'Object Repository/DispensaryToStore/Page_Dispensary Store/input_txttreat'

2018-06-09 17:07:32 - [TEST_STEP][PASSED] - click: Object: 'Object Repository/DispensaryToStore/Page_Dispensary Store/button_Add' is clicked on

2018-06-09 17:07:32 - [MESSAGE][PASSED] - Object: 'Object Repository/DispensaryToStore/Page_Dispensary Store/button_Add' is clicked on

2018-06-09 17:07:32 - [TEST_STEP][PASSED] - delay: Delayed 1 second(s)

2018-06-09 17:07:33 - [MESSAGE][PASSED] - Delayed 1 second(s)

2018-06-09 17:07:33 - [TEST_STEP][PASSED] - scrollToElement: Scroll to object 'Object Repository/DispensaryToStore/Page_Dispensary Store/input_btnsave' successfully

2018-06-09 17:07:33 - [MESSAGE][PASSED] - Scroll to object 'Object Repository/DispensaryToStore/Page_Dispensary Store/input_btnsave' successfully

2018-06-09 17:07:33 - [TEST_STEP][PASSED] - click: Object: 'Object Repository/DispensaryToStore/Page_Dispensary Store/input_btnsave' is clicked on

2018-06-09 17:07:33 - [MESSAGE][PASSED] - Object: 'Object Repository/DispensaryToStore/Page_Dispensary Store/input_btnsave' is clicked on

2018-06-09 17:07:33 - [TEST_STEP][PASSED] - delay: Delayed 3 second(s)

2018-06-09 17:07:36 - [MESSAGE][PASSED] - Delayed 3 second(s)

2018-06-09 17:07:36 - [TEST_STEP][PASSED] - Statement - RN1 = com.kms.katalon.core.webui.keyword.WebUiBuiltInKeywords.getText(com.kms.katalon.core.testobject.ObjectRepository.findTestObject(DispensaryToStore/Page_Dispensary Store/font_HPRNO180520187)): Text of object 'Object Repository/DispensaryToStore/Page_Dispensary Store/font_HPRNO180520187' is: 'DPRNO/09062018/215'

2018-06-09 17:07:36 - [MESSAGE][PASSED] - Text of object 'Object Repository/DispensaryToStore/Page_Dispensary Store/font_HPRNO180520187' is: 'DPRNO/09062018/215'

2018-06-09 17:07:36 - [TEST_STEP][PASSED] - Statement - out.println(RN1): null

2018-06-09 17:07:36 - [TEST_STEP][PASSED] - Statement - RID = RN1.split("/")[2]: null

2018-06-09 17:07:36 - [TEST_STEP][PASSED] - click: Object: 'Object Repository/DispensaryToStore/Page_Dispensary Store/button_OK' is clicked on

2018-06-09 17:07:37 - [MESSAGE][PASSED] - Object: 'Object Repository/DispensaryToStore/Page_Dispensary Store/button_OK' is clicked on

2018-06-09 17:07:37 - [TEST_STEP][PASSED] - delay: Delayed 3 second(s)

2018-06-09 17:07:40 - [MESSAGE][PASSED] - Delayed 3 second(s)

2018-06-09 17:07:40 - [TEST_STEP][PASSED] - click: Object: 'Object Repository/DispensaryToStore/Page_Dispensary Store/a_dropdown-toggle' is clicked on

2018-06-09 17:07:40 - [MESSAGE][PASSED] - Object: 'Object Repository/DispensaryToStore/Page_Dispensary Store/a_dropdown-toggle' is clicked on

2018-06-09 17:07:40 - [TEST_STEP][PASSED] - click: Object: 'Object Repository/DispensaryToStore/Page_Dispensary Store/a_Sign out' is clicked on

2018-06-09 17:07:41 - [MESSAGE][PASSED] - Object: 'Object Repository/DispensaryToStore/Page_Dispensary Store/a_Sign out' is clicked on

2018-06-09 17:07:41 - [TEST_STEP][PASSED] - delay: Delayed 3 second(s)

2018-06-09 17:07:44 - [MESSAGE][PASSED] - Delayed 3 second(s)

2018-06-09 17:07:44 - [TEST_STEP][PASSED] - navigateToUrl: Navigate to 'http://192.168.137.1/multihospital_new/' successfully

2018-06-09 17:07:44 - [MESSAGE][PASSED] - Navigate to 'http://192.168.137.1/multihospital_new/' successfully

2018-06-09 17:07:44 - [TEST_STEP][PASSED] - click: Object: 'Object Repository/DispensaryToStore/Page_KDMC/a_CMO' is clicked on

2018-06-09 17:07:45 - [MESSAGE][PASSED] - Object: 'Object Repository/DispensaryToStore/Page_KDMC/a_CMO' is clicked on

2018-06-09 17:07:45 - [TEST_STEP][PASSED] - setText: Text 'guru' is set on object 'Object Repository/DispensaryToStore/Page_CMO login/input_txtusername'

2018-06-09 17:07:45 - [MESSAGE][PASSED] - Text 'guru' is set on object 'Object Repository/DispensaryToStore/Page_CMO login/input_txtusername'

2018-06-09 17:07:45 - [TEST_STEP][PASSED] - setText: Text '123' is set on object 'Object Repository/DispensaryToStore/Page_CMO login/input_txtpassword'

2018-06-09 17:07:45 - [MESSAGE][PASSED] - Text '123' is set on object 'Object Repository/DispensaryToStore/Page_CMO login/input_txtpassword'

2018-06-09 17:07:45 - [TEST_STEP][PASSED] - delay: Delayed 3 second(s)

2018-06-09 17:07:48 - [MESSAGE][PASSED] - Delayed 3 second(s)

2018-06-09 17:07:48 - [TEST_STEP][PASSED] - click: Object: 'Object Repository/DispensaryToStore/Page_CMO login/button_Sign in' is clicked on

2018-06-09 17:07:49 - [MESSAGE][PASSED] - Object: 'Object Repository/DispensaryToStore/Page_CMO login/button_Sign in' is clicked on

2018-06-09 17:07:49 - [TEST_STEP][PASSED] - click: Object: 'Object Repository/DispensaryToStore/Page_KDMC - CMO/a_Department Wise Request' is clicked on

2018-06-09 17:07:51 - [MESSAGE][PASSED] - Object: 'Object Repository/DispensaryToStore/Page_KDMC - CMO/a_Department Wise Request' is clicked on

2018-06-09 17:07:51 - [TEST_STEP][PASSED] - delay: Delayed 2 second(s)

2018-06-09 17:07:53 - [MESSAGE][PASSED] - Delayed 2 second(s)

2018-06-09 17:07:53 - [TEST_STEP][PASSED] - selectOptionByIndex: All options with index in [6] are selected on object 'Object Repository/DispensaryToStore/Page_KDMC - CMO/select_--ALL--'

2018-06-09 17:07:53 - [MESSAGE][PASSED] - All options with index in [6] are selected on object 'Object Repository/DispensaryToStore/Page_KDMC - CMO/select_--ALL--'

2018-06-09 17:07:53 - [TEST_STEP][PASSED] - click: Object: 'Object Repository/DispensaryToStore/Page_KDMC - CMO/input_btnsearch' is clicked on

2018-06-09 17:07:53 - [MESSAGE][PASSED] - Object: 'Object Repository/DispensaryToStore/Page_KDMC - CMO/input_btnsearch' is clicked on

2018-06-09 17:07:53 - [TEST_STEP][PASSED] - selectOptionByIndex: All options with index in [1] are selected on object 'Object Repository/DispensaryToStore/Page_KDMC - CMO/select_--ALL--                _1'

2018-06-09 17:07:54 - [MESSAGE][PASSED] - All options with index in [1] are selected on object 'Object Repository/DispensaryToStore/Page_KDMC - CMO/select_--ALL--                _1'

2018-06-09 17:07:54 - [TEST_STEP][PASSED] - click: Object: 'Object Repository/DispensaryToStore/Page_KDMC - CMO/input_btnsearch' is clicked on

2018-06-09 17:07:54 - [MESSAGE][PASSED] - Object: 'Object Repository/DispensaryToStore/Page_KDMC - CMO/input_btnsearch' is clicked on

2018-06-09 17:07:54 - [TEST_STEP][PASSED] - Statement - ID = com.kms.katalon.core.webui.keyword.WebUiBuiltInKeywords.modifyObjectProperty(com.kms.katalon.core.testobject.ObjectRepository.findTestObject(lab/Page_KDMC - CMO/input_1), "xpath", "equals", "//*[@id=" + RID + "]", true): Modify property of object successfully

2018-06-09 17:07:54 - [MESSAGE][PASSED] - Modify property of object successfully

2018-06-09 17:07:54 - [TEST_STEP][PASSED] - click: Object: 'Object Repository/lab/Page_KDMC - CMO/input_1' is clicked on

2018-06-09 17:07:54 - [MESSAGE][PASSED] - Object: 'Object Repository/lab/Page_KDMC - CMO/input_1' is clicked on

2018-06-09 17:07:54 - [TEST_STEP][PASSED] - delay: Delayed 2 second(s)

2018-06-09 17:07:56 - [MESSAGE][PASSED] - Delayed 2 second(s)

2018-06-09 17:07:56 - [TEST_STEP][PASSED] - selectOptionByIndex: All options with index in [1] are selected on object 'Object Repository/DispensaryToStore/Page_KDMC - CMO/select_--Select--'

2018-06-09 17:07:56 - [MESSAGE][PASSED] - All options with index in [1] are selected on object 'Object Repository/DispensaryToStore/Page_KDMC - CMO/select_--Select--'

2018-06-09 17:07:56 - [TEST_STEP][PASSED] - click: Object: 'Object Repository/DispensaryToStore/Page_KDMC - CMO/input_btnupdate' is clicked on

2018-06-09 17:07:57 - [MESSAGE][PASSED] - Object: 'Object Repository/DispensaryToStore/Page_KDMC - CMO/input_btnupdate' is clicked on

2018-06-09 17:07:57 - [TEST_STEP][PASSED] - delay: Delayed 2 second(s)

2018-06-09 17:07:59 - [MESSAGE][PASSED] - Delayed 2 second(s)

2018-06-09 17:07:59 - [TEST_STEP][PASSED] - click: Object: 'Object Repository/DispensaryToStore/Page_KDMC - CMO/button_OK' is clicked on

2018-06-09 17:07:59 - [MESSAGE][PASSED] - Object: 'Object Repository/DispensaryToStore/Page_KDMC - CMO/button_OK' is clicked on

2018-06-09 17:07:59 - [TEST_STEP][PASSED] - delay: Delayed 2 second(s)

2018-06-09 17:08:01 - [MESSAGE][PASSED] - Delayed 2 second(s)

2018-06-09 17:08:01 - [TEST_STEP][PASSED] - click: Object: 'Object Repository/DispensaryToStore/Page_KDMC - CMO/a_dropdown-toggle' is clicked on

2018-06-09 17:08:02 - [MESSAGE][PASSED] - Object: 'Object Repository/DispensaryToStore/Page_KDMC - CMO/a_dropdown-toggle' is clicked on

2018-06-09 17:08:02 - [TEST_STEP][PASSED] - click: Object: 'Object Repository/DispensaryToStore/Page_KDMC - CMO/a_Sign out' is clicked on

2018-06-09 17:08:02 - [MESSAGE][PASSED] - Object: 'Object Repository/DispensaryToStore/Page_KDMC - CMO/a_Sign out' is clicked on

2018-06-09 17:08:02 - [TEST_STEP][PASSED] - delay: Delayed 3 second(s)

2018-06-09 17:08:05 - [MESSAGE][PASSED] - Delayed 3 second(s)

2018-06-09 17:08:05 - [TEST_STEP][PASSED] - click: Object: 'Object Repository/DispensaryToStore/Page_KDMC/a_Divisional Store' is clicked on

2018-06-09 17:08:06 - [MESSAGE][PASSED] - Object: 'Object Repository/DispensaryToStore/Page_KDMC/a_Divisional Store' is clicked on

2018-06-09 17:08:06 - [TEST_STEP][PASSED] - setText: Text 'ragu' is set on object 'Object Repository/DispensaryToStore/Page_Divisonal Store Login/input_txtusername'

2018-06-09 17:08:06 - [MESSAGE][PASSED] - Text 'ragu' is set on object 'Object Repository/DispensaryToStore/Page_Divisonal Store Login/input_txtusername'

2018-06-09 17:08:06 - [TEST_STEP][PASSED] - setText: Text '123' is set on object 'Object Repository/DispensaryToStore/Page_Divisonal Store Login/input_txtpassword'

2018-06-09 17:08:06 - [MESSAGE][PASSED] - Text '123' is set on object 'Object Repository/DispensaryToStore/Page_Divisonal Store Login/input_txtpassword'

2018-06-09 17:08:06 - [TEST_STEP][PASSED] - delay: Delayed 3 second(s)

2018-06-09 17:08:09 - [MESSAGE][PASSED] - Delayed 3 second(s)

2018-06-09 17:08:09 - [TEST_STEP][PASSED] - click: Object: 'Object Repository/DispensaryToStore/Page_Divisonal Store Login/button_Sign in' is clicked on

2018-06-09 17:08:11 - [MESSAGE][PASSED] - Object: 'Object Repository/DispensaryToStore/Page_Divisonal Store Login/button_Sign in' is clicked on

2018-06-09 17:08:11 - [TEST_STEP][PASSED] - delay: Delayed 3 second(s)

2018-06-09 17:08:14 - [MESSAGE][PASSED] - Delayed 3 second(s)

2018-06-09 17:08:14 - [TEST_STEP][PASSED] - scrollToPosition: Browser is scrolled to position x = 100, y = 100

2018-06-09 17:08:14 - [MESSAGE][PASSED] - Browser is scrolled to position x = 100, y = 100

2018-06-09 17:08:14 - [TEST_STEP][PASSED] - click: Object: 'Object Repository/DispensaryToStore/Page_Store/a_Dispensary Request' is clicked on

2018-06-09 17:08:15 - [MESSAGE][PASSED] - Object: 'Object Repository/DispensaryToStore/Page_Store/a_Dispensary Request' is clicked on

2018-06-09 17:08:15 - [TEST_STEP][PASSED] - delay: Delayed 2 second(s)

2018-06-09 17:08:17 - [MESSAGE][PASSED] - Delayed 2 second(s)

2018-06-09 17:08:17 - [TEST_STEP][PASSED] - click: Object: 'Object Repository/DispensaryToStore/Page_Store/a_Request Item Dispensary' is clicked on

2018-06-09 17:08:18 - [MESSAGE][PASSED] - Object: 'Object Repository/DispensaryToStore/Page_Store/a_Request Item Dispensary' is clicked on

2018-06-09 17:08:18 - [TEST_STEP][PASSED] - Statement - ChooseRequest = com.kms.katalon.core.webui.keyword.WebUiBuiltInKeywords.modifyObjectProperty(com.kms.katalon.core.testobject.ObjectRepository.findTestObject(lab/Page_Store/input_1), "xpath", "equals", "//*[@id=" + RID + "]", true): Modify property of object successfully

2018-06-09 17:08:18 - [MESSAGE][PASSED] - Modify property of object successfully

2018-06-09 17:08:18 - [TEST_STEP][PASSED] - click: Object: 'Object Repository/lab/Page_Store/input_1' is clicked on

2018-06-09 17:08:19 - [MESSAGE][PASSED] - Object: 'Object Repository/lab/Page_Store/input_1' is clicked on

2018-06-09 17:08:19 - [TEST_STEP][PASSED] - Statement - selectedoptions = com.kms.katalon.core.webui.keyword.WebUiBuiltInKeywords.getNumberOfTotalOption(com.kms.katalon.core.testobject.ObjectRepository.findTestObject(DispensaryToStore/Page_Store/select_--Select--Adernaline 0.)): 18 options of object 'Object Repository/DispensaryToStore/Page_Store/select_--Select--Adernaline 0.' counted

2018-06-09 17:08:19 - [MESSAGE][PASSED] - 18 options of object 'Object Repository/DispensaryToStore/Page_Store/select_--Select--Adernaline 0.' counted

2018-06-09 17:08:19 - [TEST_STEP][PASSED] - Statement - For ([a = 1, a <= selectedoptions - 1, (a++)]): null

2018-06-09 17:08:19 - [TEST_STEP][PASSED] - selectOptionByIndex: All options with index in [1] are selected on object 'Object Repository/DispensaryToStore/Page_Store/select_--Select--Adernaline 0.'

2018-06-09 17:08:19 - [MESSAGE][PASSED] - All options with index in [1] are selected on object 'Object Repository/DispensaryToStore/Page_Store/select_--Select--Adernaline 0.'

2018-06-09 17:08:19 - [TEST_STEP][PASSED] - delay: Delayed 2 second(s)

2018-06-09 17:08:21 - [MESSAGE][PASSED] - Delayed 2 second(s)

2018-06-09 17:08:21 - [TEST_STEP][PASSED] - Statement - RequestedQty = com.kms.katalon.core.webui.keyword.WebUiBuiltInKeywords.getAttribute(com.kms.katalon.core.testobject.ObjectRepository.findTestObject(DispensaryToStore/Page_Store/input_txttotal), "value"): Attribute 'value' of object 'Object Repository/DispensaryToStore/Page_Store/input_txttotal' is: '10'

2018-06-09 17:08:21 - [MESSAGE][PASSED] - Attribute 'value' of object 'Object Repository/DispensaryToStore/Page_Store/input_txttotal' is: '10'

2018-06-09 17:08:21 - [TEST_STEP][PASSED] - Statement - out.println("Requested QTY : " + RequestedQty): null

2018-06-09 17:08:21 - [TEST_STEP][PASSED] - Statement - BatchNumber = com.kms.katalon.core.webui.keyword.WebUiBuiltInKeywords.getNumberOfTotalOption(com.kms.katalon.core.testobject.ObjectRepository.findTestObject(DispensaryToStore/Page_Store/select_--Select--BA1170BA2376B)): 2 options of object 'Object Repository/DispensaryToStore/Page_Store/select_--Select--BA1170BA2376B' counted

2018-06-09 17:08:21 - [MESSAGE][PASSED] - 2 options of object 'Object Repository/DispensaryToStore/Page_Store/select_--Select--BA1170BA2376B' counted

2018-06-09 17:08:21 - [TEST_STEP][PASSED] - Statement - For ([g = 1, g <= BatchNumber - 1, (g++)]): null

2018-06-09 17:08:21 - [TEST_STEP][PASSED] - selectOptionByIndex: All options with index in [1] are selected on object 'Object Repository/DispensaryToStore/Page_Store/select_--Select--BA1170BA2376B'

2018-06-09 17:08:21 - [MESSAGE][PASSED] - All options with index in [1] are selected on object 'Object Repository/DispensaryToStore/Page_Store/select_--Select--BA1170BA2376B'

2018-06-09 17:08:21 - [TEST_STEP][PASSED] - Statement - Try: null

2018-06-09 17:08:21 - [TEST_STEP][PASSED] - Statement - StockQty = com.kms.katalon.core.webui.keyword.WebUiBuiltInKeywords.getAttribute(com.kms.katalon.core.testobject.ObjectRepository.findTestObject(DispensaryToStore/Page_Store/input_txtprice), "value"): Attribute 'value' of object 'Object Repository/DispensaryToStore/Page_Store/input_txtprice' is: '1735'

2018-06-09 17:08:21 - [MESSAGE][PASSED] - Attribute 'value' of object 'Object Repository/DispensaryToStore/Page_Store/input_txtprice' is: '1735'

2018-06-09 17:08:21 - [TEST_STEP][PASSED] - Statement - out.println("Stock QTY : " + StockQty): null

2018-06-09 17:08:21 - [TEST_STEP][PASSED] - delay: Delayed 2 second(s)

2018-06-09 17:08:23 - [MESSAGE][PASSED] - Delayed 2 second(s)

2018-06-09 17:08:23 - [TEST_STEP][PASSED] - Statement - If (java.lang.String.valueOf(StockQty) >= java.lang.String.valueOf(RequestedQty)): null

2018-06-09 17:08:23 - [TEST_STEP][PASSED] - setText: Text '10' is set on object 'Object Repository/DispensaryToStore/Page_Store/input_txtqty'

2018-06-09 17:08:23 - [MESSAGE][PASSED] - Text '10' is set on object 'Object Repository/DispensaryToStore/Page_Store/input_txtqty'

2018-06-09 17:08:23 - [TEST_STEP][PASSED] - click: Object: 'Object Repository/DispensaryToStore/Page_Store/button_Add' is clicked on

2018-06-09 17:08:24 - [MESSAGE][PASSED] - Object: 'Object Repository/DispensaryToStore/Page_Store/button_Add' is clicked on

2018-06-09 17:08:24 - [TEST_STEP][PASSED] - Statement - Break: null

2018-06-09 17:08:24 - [TEST_STEP][PASSED] - selectOptionByIndex: All options with index in [2] are selected on object 'Object Repository/DispensaryToStore/Page_Store/select_--Select--Adernaline 0.'

2018-06-09 17:08:24 - [MESSAGE][PASSED] - All options with index in [2] are selected on object 'Object Repository/DispensaryToStore/Page_Store/select_--Select--Adernaline 0.'

2018-06-09 17:08:24 - [TEST_STEP][PASSED] - delay: Delayed 2 second(s)

2018-06-09 17:08:26 - [MESSAGE][PASSED] - Delayed 2 second(s)

2018-06-09 17:08:26 - [TEST_STEP][PASSED] - Statement - RequestedQty = com.kms.katalon.core.webui.keyword.WebUiBuiltInKeywords.getAttribute(com.kms.katalon.core.testobject.ObjectRepository.findTestObject(DispensaryToStore/Page_Store/input_txttotal), "value"): Attribute 'value' of object 'Object Repository/DispensaryToStore/Page_Store/input_txttotal' is: '10'

2018-06-09 17:08:26 - [MESSAGE][PASSED] - Attribute 'value' of object 'Object Repository/DispensaryToStore/Page_Store/input_txttotal' is: '10'

2018-06-09 17:08:26 - [TEST_STEP][PASSED] - Statement - out.println("Requested QTY : " + RequestedQty): null

2018-06-09 17:08:26 - [TEST_STEP][PASSED] - Statement - BatchNumber = com.kms.katalon.core.webui.keyword.WebUiBuiltInKeywords.getNumberOfTotalOption(com.kms.katalon.core.testobject.ObjectRepository.findTestObject(DispensaryToStore/Page_Store/select_--Select--BA1170BA2376B)): 3 options of object 'Object Repository/DispensaryToStore/Page_Store/select_--Select--BA1170BA2376B' counted

2018-06-09 17:08:26 - [MESSAGE][PASSED] - 3 options of object 'Object Repository/DispensaryToStore/Page_Store/select_--Select--BA1170BA2376B' counted

2018-06-09 17:08:26 - [TEST_STEP][PASSED] - Statement - For ([g = 1, g <= BatchNumber - 1, (g++)]): null

2018-06-09 17:08:26 - [TEST_STEP][PASSED] - selectOptionByIndex: All options with index in [1] are selected on object 'Object Repository/DispensaryToStore/Page_Store/select_--Select--BA1170BA2376B'

2018-06-09 17:08:26 - [MESSAGE][PASSED] - All options with index in [1] are selected on object 'Object Repository/DispensaryToStore/Page_Store/select_--Select--BA1170BA2376B'

2018-06-09 17:08:26 - [TEST_STEP][PASSED] - Statement - Try: null

2018-06-09 17:08:26 - [TEST_STEP][PASSED] - Statement - StockQty = com.kms.katalon.core.webui.keyword.WebUiBuiltInKeywords.getAttribute(com.kms.katalon.core.testobject.ObjectRepository.findTestObject(DispensaryToStore/Page_Store/input_txtprice), "value"): Attribute 'value' of object 'Object Repository/DispensaryToStore/Page_Store/input_txtprice' is: '587'

2018-06-09 17:08:26 - [MESSAGE][PASSED] - Attribute 'value' of object 'Object Repository/DispensaryToStore/Page_Store/input_txtprice' is: '587'

2018-06-09 17:08:26 - [TEST_STEP][PASSED] - Statement - out.println("Stock QTY : " + StockQty): null

2018-06-09 17:08:26 - [TEST_STEP][PASSED] - delay: Delayed 2 second(s)

2018-06-09 17:08:28 - [MESSAGE][PASSED] - Delayed 2 second(s)

2018-06-09 17:08:28 - [TEST_STEP][PASSED] - Statement - If (java.lang.String.valueOf(StockQty) >= java.lang.String.valueOf(RequestedQty)): null

2018-06-09 17:08:28 - [TEST_STEP][PASSED] - setText: Text '10' is set on object 'Object Repository/DispensaryToStore/Page_Store/input_txtqty'

2018-06-09 17:08:28 - [MESSAGE][PASSED] - Text '10' is set on object 'Object Repository/DispensaryToStore/Page_Store/input_txtqty'

2018-06-09 17:08:28 - [TEST_STEP][PASSED] - click: Object: 'Object Repository/DispensaryToStore/Page_Store/button_Add' is clicked on

2018-06-09 17:08:28 - [MESSAGE][PASSED] - Object: 'Object Repository/DispensaryToStore/Page_Store/button_Add' is clicked on

2018-06-09 17:08:28 - [TEST_STEP][PASSED] - Statement - Break: null

2018-06-09 17:08:28 - [TEST_STEP][PASSED] - selectOptionByIndex: All options with index in [3] are selected on object 'Object Repository/DispensaryToStore/Page_Store/select_--Select--Adernaline 0.'

2018-06-09 17:08:28 - [MESSAGE][PASSED] - All options with index in [3] are selected on object 'Object Repository/DispensaryToStore/Page_Store/select_--Select--Adernaline 0.'

2018-06-09 17:08:28 - [TEST_STEP][PASSED] - delay: Delayed 2 second(s)

2018-06-09 17:08:30 - [MESSAGE][PASSED] - Delayed 2 second(s)

2018-06-09 17:08:30 - [TEST_STEP][PASSED] - Statement - RequestedQty = com.kms.katalon.core.webui.keyword.WebUiBuiltInKeywords.getAttribute(com.kms.katalon.core.testobject.ObjectRepository.findTestObject(DispensaryToStore/Page_Store/input_txttotal), "value"): Attribute 'value' of object 'Object Repository/DispensaryToStore/Page_Store/input_txttotal' is: '10'

2018-06-09 17:08:30 - [MESSAGE][PASSED] - Attribute 'value' of object 'Object Repository/DispensaryToStore/Page_Store/input_txttotal' is: '10'

2018-06-09 17:08:30 - [TEST_STEP][PASSED] - Statement - out.println("Requested QTY : " + RequestedQty): null

2018-06-09 17:08:30 - [TEST_STEP][PASSED] - Statement - BatchNumber = com.kms.katalon.core.webui.keyword.WebUiBuiltInKeywords.getNumberOfTotalOption(com.kms.katalon.core.testobject.ObjectRepository.findTestObject(DispensaryToStore/Page_Store/select_--Select--BA1170BA2376B)): 3 options of object 'Object Repository/DispensaryToStore/Page_Store/select_--Select--BA1170BA2376B' counted

2018-06-09 17:08:30 - [MESSAGE][PASSED] - 3 options of object 'Object Repository/DispensaryToStore/Page_Store/select_--Select--BA1170BA2376B' counted

2018-06-09 17:08:30 - [TEST_STEP][PASSED] - Statement - For ([g = 1, g <= BatchNumber - 1, (g++)]): null

2018-06-09 17:08:30 - [TEST_STEP][PASSED] - selectOptionByIndex: All options with index in [1] are selected on object 'Object Repository/DispensaryToStore/Page_Store/select_--Select--BA1170BA2376B'

2018-06-09 17:08:31 - [MESSAGE][PASSED] - All options with index in [1] are selected on object 'Object Repository/DispensaryToStore/Page_Store/select_--Select--BA1170BA2376B'

2018-06-09 17:08:31 - [TEST_STEP][PASSED] - Statement - Try: null

2018-06-09 17:08:31 - [TEST_STEP][PASSED] - Statement - StockQty = com.kms.katalon.core.webui.keyword.WebUiBuiltInKeywords.getAttribute(com.kms.katalon.core.testobject.ObjectRepository.findTestObject(DispensaryToStore/Page_Store/input_txtprice), "value"): Attribute 'value' of object 'Object Repository/DispensaryToStore/Page_Store/input_txtprice' is: '1635'

2018-06-09 17:08:31 - [MESSAGE][PASSED] - Attribute 'value' of object 'Object Repository/DispensaryToStore/Page_Store/input_txtprice' is: '1635'

2018-06-09 17:08:31 - [TEST_STEP][PASSED] - Statement - out.println("Stock QTY : " + StockQty): null

2018-06-09 17:08:31 - [TEST_STEP][PASSED] - delay: Delayed 2 second(s)

2018-06-09 17:08:33 - [MESSAGE][PASSED] - Delayed 2 second(s)

2018-06-09 17:08:33 - [TEST_STEP][PASSED] - Statement - If (java.lang.String.valueOf(StockQty) >= java.lang.String.valueOf(RequestedQty)): null

2018-06-09 17:08:33 - [TEST_STEP][PASSED] - setText: Text '10' is set on object 'Object Repository/DispensaryToStore/Page_Store/input_txtqty'

2018-06-09 17:08:33 - [MESSAGE][PASSED] - Text '10' is set on object 'Object Repository/DispensaryToStore/Page_Store/input_txtqty'

2018-06-09 17:08:33 - [TEST_STEP][PASSED] - click: Object: 'Object Repository/DispensaryToStore/Page_Store/button_Add' is clicked on

2018-06-09 17:08:33 - [MESSAGE][PASSED] - Object: 'Object Repository/DispensaryToStore/Page_Store/button_Add' is clicked on

2018-06-09 17:08:33 - [TEST_STEP][PASSED] - Statement - Break: null

2018-06-09 17:08:33 - [TEST_STEP][PASSED] - selectOptionByIndex: All options with index in [4] are selected on object 'Object Repository/DispensaryToStore/Page_Store/select_--Select--Adernaline 0.'

2018-06-09 17:08:33 - [MESSAGE][PASSED] - All options with index in [4] are selected on object 'Object Repository/DispensaryToStore/Page_Store/select_--Select--Adernaline 0.'

2018-06-09 17:08:33 - [TEST_STEP][PASSED] - delay: Delayed 2 second(s)

2018-06-09 17:08:35 - [MESSAGE][PASSED] - Delayed 2 second(s)

2018-06-09 17:08:35 - [TEST_STEP][PASSED] - Statement - RequestedQty = com.kms.katalon.core.webui.keyword.WebUiBuiltInKeywords.getAttribute(com.kms.katalon.core.testobject.ObjectRepository.findTestObject(DispensaryToStore/Page_Store/input_txttotal), "value"): Attribute 'value' of object 'Object Repository/DispensaryToStore/Page_Store/input_txttotal' is: '10'

2018-06-09 17:08:35 - [MESSAGE][PASSED] - Attribute 'value' of object 'Object Repository/DispensaryToStore/Page_Store/input_txttotal' is: '10'

2018-06-09 17:08:35 - [TEST_STEP][PASSED] - Statement - out.println("Requested QTY : " + RequestedQty): null

2018-06-09 17:08:35 - [TEST_STEP][PASSED] - Statement - BatchNumber = com.kms.katalon.core.webui.keyword.WebUiBuiltInKeywords.getNumberOfTotalOption(com.kms.katalon.core.testobject.ObjectRepository.findTestObject(DispensaryToStore/Page_Store/select_--Select--BA1170BA2376B)): 3 options of object 'Object Repository/DispensaryToStore/Page_Store/select_--Select--BA1170BA2376B' counted

2018-06-09 17:08:35 - [MESSAGE][PASSED] - 3 options of object 'Object Repository/DispensaryToStore/Page_Store/select_--Select--BA1170BA2376B' counted

2018-06-09 17:08:35 - [TEST_STEP][PASSED] - Statement - For ([g = 1, g <= BatchNumber - 1, (g++)]): null

2018-06-09 17:08:35 - [TEST_STEP][PASSED] - selectOptionByIndex: All options with index in [1] are selected on object 'Object Repository/DispensaryToStore/Page_Store/select_--Select--BA1170BA2376B'

2018-06-09 17:08:35 - [MESSAGE][PASSED] - All options with index in [1] are selected on object 'Object Repository/DispensaryToStore/Page_Store/select_--Select--BA1170BA2376B'

2018-06-09 17:08:35 - [TEST_STEP][PASSED] - Statement - Try: null

2018-06-09 17:08:35 - [TEST_STEP][PASSED] - Statement - StockQty = com.kms.katalon.core.webui.keyword.WebUiBuiltInKeywords.getAttribute(com.kms.katalon.core.testobject.ObjectRepository.findTestObject(DispensaryToStore/Page_Store/input_txtprice), "value"): Attribute 'value' of object 'Object Repository/DispensaryToStore/Page_Store/input_txtprice' is: ''

2018-06-09 17:08:35 - [MESSAGE][PASSED] - Attribute 'value' of object 'Object Repository/DispensaryToStore/Page_Store/input_txtprice' is: ''

2018-06-09 17:08:35 - [TEST_STEP][PASSED] - Statement - out.println("Stock QTY : " + StockQty): null

2018-06-09 17:08:35 - [TEST_STEP][PASSED] - delay: Delayed 2 second(s)

2018-06-09 17:08:37 - [MESSAGE][PASSED] - Delayed 2 second(s)

2018-06-09 17:08:37 - [TEST_STEP][PASSED] - Statement - If (java.lang.String.valueOf(StockQty) >= java.lang.String.valueOf(RequestedQty)): null

2018-06-09 17:08:37 - [TEST_STEP][PASSED] - Statement - Else: null

2018-06-09 17:08:37 - [TEST_STEP][PASSED] - Statement - out.println("Stock Is Less Than Requested Qty"): null

2018-06-09 17:08:37 - [TEST_STEP][PASSED] - selectOptionByIndex: All options with index in [2] are selected on object 'Object Repository/DispensaryToStore/Page_Store/select_--Select--BA1170BA2376B'

2018-06-09 17:08:37 - [MESSAGE][PASSED] - All options with index in [2] are selected on object 'Object Repository/DispensaryToStore/Page_Store/select_--Select--BA1170BA2376B'

2018-06-09 17:08:37 - [TEST_STEP][PASSED] - Statement - Try: null

2018-06-09 17:08:37 - [TEST_STEP][PASSED] - Statement - StockQty = com.kms.katalon.core.webui.keyword.WebUiBuiltInKeywords.getAttribute(com.kms.katalon.core.testobject.ObjectRepository.findTestObject(DispensaryToStore/Page_Store/input_txtprice), "value"): Attribute 'value' of object 'Object Repository/DispensaryToStore/Page_Store/input_txtprice' is: '1010'

2018-06-09 17:08:37 - [MESSAGE][PASSED] - Attribute 'value' of object 'Object Repository/DispensaryToStore/Page_Store/input_txtprice' is: '1010'

2018-06-09 17:08:37 - [TEST_STEP][PASSED] - Statement - out.println("Stock QTY : " + StockQty): null

2018-06-09 17:08:37 - [TEST_STEP][PASSED] - delay: Delayed 2 second(s)

2018-06-09 17:08:39 - [MESSAGE][PASSED] - Delayed 2 second(s)

2018-06-09 17:08:39 - [TEST_STEP][PASSED] - Statement - If (java.lang.String.valueOf(StockQty) >= java.lang.String.valueOf(RequestedQty)): null

2018-06-09 17:08:39 - [TEST_STEP][PASSED] - setText: Text '10' is set on object 'Object Repository/DispensaryToStore/Page_Store/input_txtqty'

2018-06-09 17:08:39 - [MESSAGE][PASSED] - Text '10' is set on object 'Object Repository/DispensaryToStore/Page_Store/input_txtqty'

2018-06-09 17:08:39 - [TEST_STEP][PASSED] - click: Object: 'Object Repository/DispensaryToStore/Page_Store/button_Add' is clicked on

2018-06-09 17:08:40 - [MESSAGE][PASSED] - Object: 'Object Repository/DispensaryToStore/Page_Store/button_Add' is clicked on

2018-06-09 17:08:40 - [TEST_STEP][PASSED] - Statement - Break: null

2018-06-09 17:08:40 - [TEST_STEP][PASSED] - selectOptionByIndex: All options with index in [5] are selected on object 'Object Repository/DispensaryToStore/Page_Store/select_--Select--Adernaline 0.'

2018-06-09 17:08:40 - [MESSAGE][PASSED] - All options with index in [5] are selected on object 'Object Repository/DispensaryToStore/Page_Store/select_--Select--Adernaline 0.'

2018-06-09 17:08:40 - [TEST_STEP][PASSED] - delay: Delayed 2 second(s)

2018-06-09 17:08:42 - [MESSAGE][PASSED] - Delayed 2 second(s)

2018-06-09 17:08:42 - [TEST_STEP][PASSED] - Statement - RequestedQty = com.kms.katalon.core.webui.keyword.WebUiBuiltInKeywords.getAttribute(com.kms.katalon.core.testobject.ObjectRepository.findTestObject(DispensaryToStore/Page_Store/input_txttotal), "value"): Attribute 'value' of object 'Object Repository/DispensaryToStore/Page_Store/input_txttotal' is: '10'

2018-06-09 17:08:42 - [MESSAGE][PASSED] - Attribute 'value' of object 'Object Repository/DispensaryToStore/Page_Store/input_txttotal' is: '10'

2018-06-09 17:08:42 - [TEST_STEP][PASSED] - Statement - out.println("Requested QTY : " + RequestedQty): null

2018-06-09 17:08:42 - [TEST_STEP][PASSED] - Statement - BatchNumber = com.kms.katalon.core.webui.keyword.WebUiBuiltInKeywords.getNumberOfTotalOption(com.kms.katalon.core.testobject.ObjectRepository.findTestObject(DispensaryToStore/Page_Store/select_--Select--BA1170BA2376B)): 3 options of object 'Object Repository/DispensaryToStore/Page_Store/select_--Select--BA1170BA2376B' counted

2018-06-09 17:08:42 - [MESSAGE][PASSED] - 3 options of object 'Object Repository/DispensaryToStore/Page_Store/select_--Select--BA1170BA2376B' counted

2018-06-09 17:08:42 - [TEST_STEP][PASSED] - Statement - For ([g = 1, g <= BatchNumber - 1, (g++)]): null

2018-06-09 17:08:42 - [TEST_STEP][PASSED] - selectOptionByIndex: All options with index in [1] are selected on object 'Object Repository/DispensaryToStore/Page_Store/select_--Select--BA1170BA2376B'

2018-06-09 17:08:42 - [MESSAGE][PASSED] - All options with index in [1] are selected on object 'Object Repository/DispensaryToStore/Page_Store/select_--Select--BA1170BA2376B'

2018-06-09 17:08:42 - [TEST_STEP][PASSED] - Statement - Try: null

2018-06-09 17:08:42 - [TEST_STEP][PASSED] - Statement - StockQty = com.kms.katalon.core.webui.keyword.WebUiBuiltInKeywords.getAttribute(com.kms.katalon.core.testobject.ObjectRepository.findTestObject(DispensaryToStore/Page_Store/input_txtprice), "value"): Attribute 'value' of object 'Object Repository/DispensaryToStore/Page_Store/input_txtprice' is: '725'

2018-06-09 17:08:42 - [MESSAGE][PASSED] - Attribute 'value' of object 'Object Repository/DispensaryToStore/Page_Store/input_txtprice' is: '725'

2018-06-09 17:08:42 - [TEST_STEP][PASSED] - Statement - out.println("Stock QTY : " + StockQty): null

2018-06-09 17:08:42 - [TEST_STEP][PASSED] - delay: Delayed 2 second(s)

2018-06-09 17:08:44 - [MESSAGE][PASSED] - Delayed 2 second(s)

2018-06-09 17:08:44 - [TEST_STEP][PASSED] - Statement - If (java.lang.String.valueOf(StockQty) >= java.lang.String.valueOf(RequestedQty)): null

2018-06-09 17:08:44 - [TEST_STEP][PASSED] - setText: Text '10' is set on object 'Object Repository/DispensaryToStore/Page_Store/input_txtqty'

2018-06-09 17:08:44 - [MESSAGE][PASSED] - Text '10' is set on object 'Object Repository/DispensaryToStore/Page_Store/input_txtqty'

2018-06-09 17:08:44 - [TEST_STEP][PASSED] - click: Object: 'Object Repository/DispensaryToStore/Page_Store/button_Add' is clicked on

2018-06-09 17:08:44 - [MESSAGE][PASSED] - Object: 'Object Repository/DispensaryToStore/Page_Store/button_Add' is clicked on

2018-06-09 17:08:44 - [TEST_STEP][PASSED] - Statement - Break: null

2018-06-09 17:08:44 - [TEST_STEP][PASSED] - selectOptionByIndex: All options with index in [6] are selected on object 'Object Repository/DispensaryToStore/Page_Store/select_--Select--Adernaline 0.'

2018-06-09 17:08:44 - [MESSAGE][PASSED] - All options with index in [6] are selected on object 'Object Repository/DispensaryToStore/Page_Store/select_--Select--Adernaline 0.'

2018-06-09 17:08:44 - [TEST_STEP][PASSED] - delay: Delayed 2 second(s)

2018-06-09 17:08:46 - [MESSAGE][PASSED] - Delayed 2 second(s)

2018-06-09 17:08:46 - [TEST_STEP][PASSED] - Statement - RequestedQty = com.kms.katalon.core.webui.keyword.WebUiBuiltInKeywords.getAttribute(com.kms.katalon.core.testobject.ObjectRepository.findTestObject(DispensaryToStore/Page_Store/input_txttotal), "value"): Attribute 'value' of object 'Object Repository/DispensaryToStore/Page_Store/input_txttotal' is: '10'

2018-06-09 17:08:46 - [MESSAGE][PASSED] - Attribute 'value' of object 'Object Repository/DispensaryToStore/Page_Store/input_txttotal' is: '10'

2018-06-09 17:08:46 - [TEST_STEP][PASSED] - Statement - out.println("Requested QTY : " + RequestedQty): null

2018-06-09 17:08:46 - [TEST_STEP][PASSED] - Statement - BatchNumber = com.kms.katalon.core.webui.keyword.WebUiBuiltInKeywords.getNumberOfTotalOption(com.kms.katalon.core.testobject.ObjectRepository.findTestObject(DispensaryToStore/Page_Store/select_--Select--BA1170BA2376B)): 3 options of object 'Object Repository/DispensaryToStore/Page_Store/select_--Select--BA1170BA2376B' counted

2018-06-09 17:08:46 - [MESSAGE][PASSED] - 3 options of object 'Object Repository/DispensaryToStore/Page_Store/select_--Select--BA1170BA2376B' counted

2018-06-09 17:08:46 - [TEST_STEP][PASSED] - Statement - For ([g = 1, g <= BatchNumber - 1, (g++)]): null

2018-06-09 17:08:46 - [TEST_STEP][PASSED] - selectOptionByIndex: All options with index in [1] are selected on object 'Object Repository/DispensaryToStore/Page_Store/select_--Select--BA1170BA2376B'

2018-06-09 17:08:47 - [MESSAGE][PASSED] - All options with index in [1] are selected on object 'Object Repository/DispensaryToStore/Page_Store/select_--Select--BA1170BA2376B'

2018-06-09 17:08:47 - [TEST_STEP][PASSED] - Statement - Try: null

2018-06-09 17:08:47 - [TEST_STEP][PASSED] - Statement - StockQty = com.kms.katalon.core.webui.keyword.WebUiBuiltInKeywords.getAttribute(com.kms.katalon.core.testobject.ObjectRepository.findTestObject(DispensaryToStore/Page_Store/input_txtprice), "value"): Attribute 'value' of object 'Object Repository/DispensaryToStore/Page_Store/input_txtprice' is: '725'

2018-06-09 17:08:47 - [MESSAGE][PASSED] - Attribute 'value' of object 'Object Repository/DispensaryToStore/Page_Store/input_txtprice' is: '725'

2018-06-09 17:08:47 - [TEST_STEP][PASSED] - Statement - out.println("Stock QTY : " + StockQty): null

2018-06-09 17:08:47 - [TEST_STEP][PASSED] - delay: Delayed 2 second(s)

2018-06-09 17:08:49 - [MESSAGE][PASSED] - Delayed 2 second(s)

2018-06-09 17:08:49 - [TEST_STEP][PASSED] - Statement - If (java.lang.String.valueOf(StockQty) >= java.lang.String.valueOf(RequestedQty)): null

2018-06-09 17:08:49 - [TEST_STEP][PASSED] - setText: Text '10' is set on object 'Object Repository/DispensaryToStore/Page_Store/input_txtqty'

2018-06-09 17:08:49 - [MESSAGE][PASSED] - Text '10' is set on object 'Object Repository/DispensaryToStore/Page_Store/input_txtqty'

2018-06-09 17:08:49 - [TEST_STEP][PASSED] - click: Object: 'Object Repository/DispensaryToStore/Page_Store/button_Add' is clicked on

2018-06-09 17:08:49 - [MESSAGE][PASSED] - Object: 'Object Repository/DispensaryToStore/Page_Store/button_Add' is clicked on

2018-06-09 17:08:49 - [TEST_STEP][PASSED] - Statement - Break: null

2018-06-09 17:08:49 - [TEST_STEP][PASSED] - selectOptionByIndex: All options with index in [7] are selected on object 'Object Repository/DispensaryToStore/Page_Store/select_--Select--Adernaline 0.'

2018-06-09 17:08:49 - [MESSAGE][PASSED] - All options with index in [7] are selected on object 'Object Repository/DispensaryToStore/Page_Store/select_--Select--Adernaline 0.'

2018-06-09 17:08:49 - [TEST_STEP][PASSED] - delay: Delayed 2 second(s)

2018-06-09 17:08:51 - [MESSAGE][PASSED] - Delayed 2 second(s)

2018-06-09 17:08:51 - [TEST_STEP][PASSED] - Statement - RequestedQty = com.kms.katalon.core.webui.keyword.WebUiBuiltInKeywords.getAttribute(com.kms.katalon.core.testobject.ObjectRepository.findTestObject(DispensaryToStore/Page_Store/input_txttotal), "value"): Attribute 'value' of object 'Object Repository/DispensaryToStore/Page_Store/input_txttotal' is: '10'

2018-06-09 17:08:51 - [MESSAGE][PASSED] - Attribute 'value' of object 'Object Repository/DispensaryToStore/Page_Store/input_txttotal' is: '10'

2018-06-09 17:08:51 - [TEST_STEP][PASSED] - Statement - out.println("Requested QTY : " + RequestedQty): null

2018-06-09 17:08:51 - [TEST_STEP][PASSED] - Statement - BatchNumber = com.kms.katalon.core.webui.keyword.WebUiBuiltInKeywords.getNumberOfTotalOption(com.kms.katalon.core.testobject.ObjectRepository.findTestObject(DispensaryToStore/Page_Store/select_--Select--BA1170BA2376B)): 2 options of object 'Object Repository/DispensaryToStore/Page_Store/select_--Select--BA1170BA2376B' counted

2018-06-09 17:08:51 - [MESSAGE][PASSED] - 2 options of object 'Object Repository/DispensaryToStore/Page_Store/select_--Select--BA1170BA2376B' counted

2018-06-09 17:08:51 - [TEST_STEP][PASSED] - Statement - For ([g = 1, g <= BatchNumber - 1, (g++)]): null

2018-06-09 17:08:51 - [TEST_STEP][PASSED] - selectOptionByIndex: All options with index in [1] are selected on object 'Object Repository/DispensaryToStore/Page_Store/select_--Select--BA1170BA2376B'

2018-06-09 17:08:51 - [MESSAGE][PASSED] - All options with index in [1] are selected on object 'Object Repository/DispensaryToStore/Page_Store/select_--Select--BA1170BA2376B'

2018-06-09 17:08:51 - [TEST_STEP][PASSED] - Statement - Try: null

2018-06-09 17:08:51 - [TEST_STEP][PASSED] - Statement - StockQty = com.kms.katalon.core.webui.keyword.WebUiBuiltInKeywords.getAttribute(com.kms.katalon.core.testobject.ObjectRepository.findTestObject(DispensaryToStore/Page_Store/input_txtprice), "value"): Attribute 'value' of object 'Object Repository/DispensaryToStore/Page_Store/input_txtprice' is: '1735'

2018-06-09 17:08:51 - [MESSAGE][PASSED] - Attribute 'value' of object 'Object Repository/DispensaryToStore/Page_Store/input_txtprice' is: '1735'

2018-06-09 17:08:51 - [TEST_STEP][PASSED] - Statement - out.println("Stock QTY : " + StockQty): null

2018-06-09 17:08:51 - [TEST_STEP][PASSED] - delay: Delayed 2 second(s)

2018-06-09 17:08:53 - [MESSAGE][PASSED] - Delayed 2 second(s)

2018-06-09 17:08:53 - [TEST_STEP][PASSED] - Statement - If (java.lang.String.valueOf(StockQty) >= java.lang.String.valueOf(RequestedQty)): null

2018-06-09 17:08:53 - [TEST_STEP][PASSED] - setText: Text '10' is set on object 'Object Repository/DispensaryToStore/Page_Store/input_txtqty'

2018-06-09 17:08:53 - [MESSAGE][PASSED] - Text '10' is set on object 'Object Repository/DispensaryToStore/Page_Store/input_txtqty'

2018-06-09 17:08:53 - [TEST_STEP][PASSED] - click: Object: 'Object Repository/DispensaryToStore/Page_Store/button_Add' is clicked on

2018-06-09 17:08:53 - [MESSAGE][PASSED] - Object: 'Object Repository/DispensaryToStore/Page_Store/button_Add' is clicked on

2018-06-09 17:08:53 - [TEST_STEP][PASSED] - Statement - Break: null

2018-06-09 17:08:53 - [TEST_STEP][PASSED] - selectOptionByIndex: All options with index in [8] are selected on object 'Object Repository/DispensaryToStore/Page_Store/select_--Select--Adernaline 0.'

2018-06-09 17:08:54 - [MESSAGE][PASSED] - All options with index in [8] are selected on object 'Object Repository/DispensaryToStore/Page_Store/select_--Select--Adernaline 0.'

2018-06-09 17:08:54 - [TEST_STEP][PASSED] - delay: Delayed 2 second(s)

2018-06-09 17:08:56 - [MESSAGE][PASSED] - Delayed 2 second(s)

2018-06-09 17:08:56 - [TEST_STEP][PASSED] - Statement - RequestedQty = com.kms.katalon.core.webui.keyword.WebUiBuiltInKeywords.getAttribute(com.kms.katalon.core.testobject.ObjectRepository.findTestObject(DispensaryToStore/Page_Store/input_txttotal), "value"): Attribute 'value' of object 'Object Repository/DispensaryToStore/Page_Store/input_txttotal' is: '10'

2018-06-09 17:08:56 - [MESSAGE][PASSED] - Attribute 'value' of object 'Object Repository/DispensaryToStore/Page_Store/input_txttotal' is: '10'

2018-06-09 17:08:56 - [TEST_STEP][PASSED] - Statement - out.println("Requested QTY : " + RequestedQty): null

2018-06-09 17:08:56 - [TEST_STEP][PASSED] - Statement - BatchNumber = com.kms.katalon.core.webui.keyword.WebUiBuiltInKeywords.getNumberOfTotalOption(com.kms.katalon.core.testobject.ObjectRepository.findTestObject(DispensaryToStore/Page_Store/select_--Select--BA1170BA2376B)): 3 options of object 'Object Repository/DispensaryToStore/Page_Store/select_--Select--BA1170BA2376B' counted

2018-06-09 17:08:56 - [MESSAGE][PASSED] - 3 options of object 'Object Repository/DispensaryToStore/Page_Store/select_--Select--BA1170BA2376B' counted

2018-06-09 17:08:56 - [TEST_STEP][PASSED] - Statement - For ([g = 1, g <= BatchNumber - 1, (g++)]): null

2018-06-09 17:08:56 - [TEST_STEP][PASSED] - selectOptionByIndex: All options with index in [1] are selected on object 'Object Repository/DispensaryToStore/Page_Store/select_--Select--BA1170BA2376B'

2018-06-09 17:08:56 - [MESSAGE][PASSED] - All options with index in [1] are selected on object 'Object Repository/DispensaryToStore/Page_Store/select_--Select--BA1170BA2376B'

2018-06-09 17:08:56 - [TEST_STEP][PASSED] - Statement - Try: null

2018-06-09 17:08:56 - [TEST_STEP][PASSED] - Statement - StockQty = com.kms.katalon.core.webui.keyword.WebUiBuiltInKeywords.getAttribute(com.kms.katalon.core.testobject.ObjectRepository.findTestObject(DispensaryToStore/Page_Store/input_txtprice), "value"): Attribute 'value' of object 'Object Repository/DispensaryToStore/Page_Store/input_txtprice' is: '1635'

2018-06-09 17:08:56 - [MESSAGE][PASSED] - Attribute 'value' of object 'Object Repository/DispensaryToStore/Page_Store/input_txtprice' is: '1635'

2018-06-09 17:08:56 - [TEST_STEP][PASSED] - Statement - out.println("Stock QTY : " + StockQty): null

2018-06-09 17:08:56 - [TEST_STEP][PASSED] - delay: Delayed 2 second(s)

2018-06-09 17:08:58 - [MESSAGE][PASSED] - Delayed 2 second(s)

2018-06-09 17:08:58 - [TEST_STEP][PASSED] - Statement - If (java.lang.String.valueOf(StockQty) >= java.lang.String.valueOf(RequestedQty)): null

2018-06-09 17:08:58 - [TEST_STEP][PASSED] - setText: Text '10' is set on object 'Object Repository/DispensaryToStore/Page_Store/input_txtqty'

2018-06-09 17:08:58 - [MESSAGE][PASSED] - Text '10' is set on object 'Object Repository/DispensaryToStore/Page_Store/input_txtqty'

2018-06-09 17:08:58 - [TEST_STEP][PASSED] - click: Object: 'Object Repository/DispensaryToStore/Page_Store/button_Add' is clicked on

2018-06-09 17:08:58 - [MESSAGE][PASSED] - Object: 'Object Repository/DispensaryToStore/Page_Store/button_Add' is clicked on

2018-06-09 17:08:58 - [TEST_STEP][PASSED] - Statement - Break: null

2018-06-09 17:08:58 - [TEST_STEP][PASSED] - selectOptionByIndex: All options with index in [9] are selected on object 'Object Repository/DispensaryToStore/Page_Store/select_--Select--Adernaline 0.'

2018-06-09 17:08:58 - [MESSAGE][PASSED] - All options with index in [9] are selected on object 'Object Repository/DispensaryToStore/Page_Store/select_--Select--Adernaline 0.'

2018-06-09 17:08:58 - [TEST_STEP][PASSED] - delay: Delayed 2 second(s)

2018-06-09 17:09:00 - [MESSAGE][PASSED] - Delayed 2 second(s)

2018-06-09 17:09:00 - [TEST_STEP][PASSED] - Statement - RequestedQty = com.kms.katalon.core.webui.keyword.WebUiBuiltInKeywords.getAttribute(com.kms.katalon.core.testobject.ObjectRepository.findTestObject(DispensaryToStore/Page_Store/input_txttotal), "value"): Attribute 'value' of object 'Object Repository/DispensaryToStore/Page_Store/input_txttotal' is: '10'

2018-06-09 17:09:00 - [MESSAGE][PASSED] - Attribute 'value' of object 'Object Repository/DispensaryToStore/Page_Store/input_txttotal' is: '10'

2018-06-09 17:09:00 - [TEST_STEP][PASSED] - Statement - out.println("Requested QTY : " + RequestedQty): null

2018-06-09 17:09:00 - [TEST_STEP][PASSED] - Statement - BatchNumber = com.kms.katalon.core.webui.keyword.WebUiBuiltInKeywords.getNumberOfTotalOption(com.kms.katalon.core.testobject.ObjectRepository.findTestObject(DispensaryToStore/Page_Store/select_--Select--BA1170BA2376B)): 3 options of object 'Object Repository/DispensaryToStore/Page_Store/select_--Select--BA1170BA2376B' counted

2018-06-09 17:09:00 - [MESSAGE][PASSED] - 3 options of object 'Object Repository/DispensaryToStore/Page_Store/select_--Select--BA1170BA2376B' counted

2018-06-09 17:09:00 - [TEST_STEP][PASSED] - Statement - For ([g = 1, g <= BatchNumber - 1, (g++)]): null

2018-06-09 17:09:00 - [TEST_STEP][PASSED] - selectOptionByIndex: All options with index in [1] are selected on object 'Object Repository/DispensaryToStore/Page_Store/select_--Select--BA1170BA2376B'

2018-06-09 17:09:00 - [MESSAGE][PASSED] - All options with index in [1] are selected on object 'Object Repository/DispensaryToStore/Page_Store/select_--Select--BA1170BA2376B'

2018-06-09 17:09:00 - [TEST_STEP][PASSED] - Statement - Try: null

2018-06-09 17:09:00 - [TEST_STEP][PASSED] - Statement - StockQty = com.kms.katalon.core.webui.keyword.WebUiBuiltInKeywords.getAttribute(com.kms.katalon.core.testobject.ObjectRepository.findTestObject(DispensaryToStore/Page_Store/input_txtprice), "value"): Attribute 'value' of object 'Object Repository/DispensaryToStore/Page_Store/input_txtprice' is: '725'

2018-06-09 17:09:01 - [MESSAGE][PASSED] - Attribute 'value' of object 'Object Repository/DispensaryToStore/Page_Store/input_txtprice' is: '725'

2018-06-09 17:09:01 - [TEST_STEP][PASSED] - Statement - out.println("Stock QTY : " + StockQty): null

2018-06-09 17:09:01 - [TEST_STEP][PASSED] - delay: Delayed 2 second(s)

2018-06-09 17:09:03 - [MESSAGE][PASSED] - Delayed 2 second(s)

2018-06-09 17:09:03 - [TEST_STEP][PASSED] - Statement - If (java.lang.String.valueOf(StockQty) >= java.lang.String.valueOf(RequestedQty)): null

2018-06-09 17:09:03 - [TEST_STEP][PASSED] - setText: Text '10' is set on object 'Object Repository/DispensaryToStore/Page_Store/input_txtqty'

2018-06-09 17:09:03 - [MESSAGE][PASSED] - Text '10' is set on object 'Object Repository/DispensaryToStore/Page_Store/input_txtqty'

2018-06-09 17:09:03 - [TEST_STEP][PASSED] - click: Object: 'Object Repository/DispensaryToStore/Page_Store/button_Add' is clicked on

2018-06-09 17:09:03 - [MESSAGE][PASSED] - Object: 'Object Repository/DispensaryToStore/Page_Store/button_Add' is clicked on

2018-06-09 17:09:03 - [TEST_STEP][PASSED] - Statement - Break: null

2018-06-09 17:09:03 - [TEST_STEP][PASSED] - selectOptionByIndex: All options with index in [10] are selected on object 'Object Repository/DispensaryToStore/Page_Store/select_--Select--Adernaline 0.'

2018-06-09 17:09:03 - [MESSAGE][PASSED] - All options with index in [10] are selected on object 'Object Repository/DispensaryToStore/Page_Store/select_--Select--Adernaline 0.'

2018-06-09 17:09:03 - [TEST_STEP][PASSED] - delay: Delayed 2 second(s)

2018-06-09 17:09:05 - [MESSAGE][PASSED] - Delayed 2 second(s)

2018-06-09 17:09:05 - [TEST_STEP][PASSED] - Statement - RequestedQty = com.kms.katalon.core.webui.keyword.WebUiBuiltInKeywords.getAttribute(com.kms.katalon.core.testobject.ObjectRepository.findTestObject(DispensaryToStore/Page_Store/input_txttotal), "value"): Attribute 'value' of object 'Object Repository/DispensaryToStore/Page_Store/input_txttotal' is: '10'

2018-06-09 17:09:05 - [MESSAGE][PASSED] - Attribute 'value' of object 'Object Repository/DispensaryToStore/Page_Store/input_txttotal' is: '10'

2018-06-09 17:09:05 - [TEST_STEP][PASSED] - Statement - out.println("Requested QTY : " + RequestedQty): null

2018-06-09 17:09:05 - [TEST_STEP][PASSED] - Statement - BatchNumber = com.kms.katalon.core.webui.keyword.WebUiBuiltInKeywords.getNumberOfTotalOption(com.kms.katalon.core.testobject.ObjectRepository.findTestObject(DispensaryToStore/Page_Store/select_--Select--BA1170BA2376B)): 3 options of object 'Object Repository/DispensaryToStore/Page_Store/select_--Select--BA1170BA2376B' counted

2018-06-09 17:09:05 - [MESSAGE][PASSED] - 3 options of object 'Object Repository/DispensaryToStore/Page_Store/select_--Select--BA1170BA2376B' counted

2018-06-09 17:09:05 - [TEST_STEP][PASSED] - Statement - For ([g = 1, g <= BatchNumber - 1, (g++)]): null

2018-06-09 17:09:05 - [TEST_STEP][PASSED] - selectOptionByIndex: All options with index in [1] are selected on object 'Object Repository/DispensaryToStore/Page_Store/select_--Select--BA1170BA2376B'

2018-06-09 17:09:05 - [MESSAGE][PASSED] - All options with index in [1] are selected on object 'Object Repository/DispensaryToStore/Page_Store/select_--Select--BA1170BA2376B'

2018-06-09 17:09:05 - [TEST_STEP][PASSED] - Statement - Try: null

2018-06-09 17:09:05 - [TEST_STEP][PASSED] - Statement - StockQty = com.kms.katalon.core.webui.keyword.WebUiBuiltInKeywords.getAttribute(com.kms.katalon.core.testobject.ObjectRepository.findTestObject(DispensaryToStore/Page_Store/input_txtprice), "value"): Attribute 'value' of object 'Object Repository/DispensaryToStore/Page_Store/input_txtprice' is: '300'

2018-06-09 17:09:05 - [MESSAGE][PASSED] - Attribute 'value' of object 'Object Repository/DispensaryToStore/Page_Store/input_txtprice' is: '300'

2018-06-09 17:09:05 - [TEST_STEP][PASSED] - Statement - out.println("Stock QTY : " + StockQty): null

2018-06-09 17:09:05 - [TEST_STEP][PASSED] - delay: Delayed 2 second(s)

2018-06-09 17:09:07 - [MESSAGE][PASSED] - Delayed 2 second(s)

2018-06-09 17:09:07 - [TEST_STEP][PASSED] - Statement - If (java.lang.String.valueOf(StockQty) >= java.lang.String.valueOf(RequestedQty)): null

2018-06-09 17:09:07 - [TEST_STEP][PASSED] - setText: Text '10' is set on object 'Object Repository/DispensaryToStore/Page_Store/input_txtqty'

2018-06-09 17:09:07 - [MESSAGE][PASSED] - Text '10' is set on object 'Object Repository/DispensaryToStore/Page_Store/input_txtqty'

2018-06-09 17:09:07 - [TEST_STEP][PASSED] - click: Object: 'Object Repository/DispensaryToStore/Page_Store/button_Add' is clicked on

2018-06-09 17:09:07 - [MESSAGE][PASSED] - Object: 'Object Repository/DispensaryToStore/Page_Store/button_Add' is clicked on

2018-06-09 17:09:07 - [TEST_STEP][PASSED] - Statement - Break: null

2018-06-09 17:09:07 - [TEST_STEP][PASSED] - selectOptionByIndex: All options with index in [11] are selected on object 'Object Repository/DispensaryToStore/Page_Store/select_--Select--Adernaline 0.'

2018-06-09 17:09:08 - [MESSAGE][PASSED] - All options with index in [11] are selected on object 'Object Repository/DispensaryToStore/Page_Store/select_--Select--Adernaline 0.'

2018-06-09 17:09:08 - [TEST_STEP][PASSED] - delay: Delayed 2 second(s)

2018-06-09 17:09:10 - [MESSAGE][PASSED] - Delayed 2 second(s)

2018-06-09 17:09:10 - [TEST_STEP][PASSED] - Statement - RequestedQty = com.kms.katalon.core.webui.keyword.WebUiBuiltInKeywords.getAttribute(com.kms.katalon.core.testobject.ObjectRepository.findTestObject(DispensaryToStore/Page_Store/input_txttotal), "value"): Attribute 'value' of object 'Object Repository/DispensaryToStore/Page_Store/input_txttotal' is: '10'

2018-06-09 17:09:10 - [MESSAGE][PASSED] - Attribute 'value' of object 'Object Repository/DispensaryToStore/Page_Store/input_txttotal' is: '10'

2018-06-09 17:09:10 - [TEST_STEP][PASSED] - Statement - out.println("Requested QTY : " + RequestedQty): null

2018-06-09 17:09:10 - [TEST_STEP][PASSED] - Statement - BatchNumber = com.kms.katalon.core.webui.keyword.WebUiBuiltInKeywords.getNumberOfTotalOption(com.kms.katalon.core.testobject.ObjectRepository.findTestObject(DispensaryToStore/Page_Store/select_--Select--BA1170BA2376B)): 4 options of object 'Object Repository/DispensaryToStore/Page_Store/select_--Select--BA1170BA2376B' counted

2018-06-09 17:09:10 - [MESSAGE][PASSED] - 4 options of object 'Object Repository/DispensaryToStore/Page_Store/select_--Select--BA1170BA2376B' counted

2018-06-09 17:09:10 - [TEST_STEP][PASSED] - Statement - For ([g = 1, g <= BatchNumber - 1, (g++)]): null

2018-06-09 17:09:10 - [TEST_STEP][PASSED] - selectOptionByIndex: All options with index in [1] are selected on object 'Object Repository/DispensaryToStore/Page_Store/select_--Select--BA1170BA2376B'

2018-06-09 17:09:10 - [MESSAGE][PASSED] - All options with index in [1] are selected on object 'Object Repository/DispensaryToStore/Page_Store/select_--Select--BA1170BA2376B'

2018-06-09 17:09:10 - [TEST_STEP][PASSED] - Statement - Try: null

2018-06-09 17:09:10 - [TEST_STEP][PASSED] - Statement - StockQty = com.kms.katalon.core.webui.keyword.WebUiBuiltInKeywords.getAttribute(com.kms.katalon.core.testobject.ObjectRepository.findTestObject(DispensaryToStore/Page_Store/input_txtprice), "value"): Attribute 'value' of object 'Object Repository/DispensaryToStore/Page_Store/input_txtprice' is: '725'

2018-06-09 17:09:10 - [MESSAGE][PASSED] - Attribute 'value' of object 'Object Repository/DispensaryToStore/Page_Store/input_txtprice' is: '725'

2018-06-09 17:09:10 - [TEST_STEP][PASSED] - Statement - out.println("Stock QTY : " + StockQty): null

2018-06-09 17:09:10 - [TEST_STEP][PASSED] - delay: Delayed 2 second(s)

2018-06-09 17:09:12 - [MESSAGE][PASSED] - Delayed 2 second(s)

2018-06-09 17:09:12 - [TEST_STEP][PASSED] - Statement - If (java.lang.String.valueOf(StockQty) >= java.lang.String.valueOf(RequestedQty)): null

2018-06-09 17:09:12 - [TEST_STEP][PASSED] - setText: Text '10' is set on object 'Object Repository/DispensaryToStore/Page_Store/input_txtqty'

2018-06-09 17:09:12 - [MESSAGE][PASSED] - Text '10' is set on object 'Object Repository/DispensaryToStore/Page_Store/input_txtqty'

2018-06-09 17:09:12 - [TEST_STEP][PASSED] - click: Object: 'Object Repository/DispensaryToStore/Page_Store/button_Add' is clicked on

2018-06-09 17:09:12 - [MESSAGE][PASSED] - Object: 'Object Repository/DispensaryToStore/Page_Store/button_Add' is clicked on

2018-06-09 17:09:12 - [TEST_STEP][PASSED] - Statement - Break: null

2018-06-09 17:09:12 - [TEST_STEP][PASSED] - selectOptionByIndex: All options with index in [12] are selected on object 'Object Repository/DispensaryToStore/Page_Store/select_--Select--Adernaline 0.'

2018-06-09 17:09:12 - [MESSAGE][PASSED] - All options with index in [12] are selected on object 'Object Repository/DispensaryToStore/Page_Store/select_--Select--Adernaline 0.'

2018-06-09 17:09:12 - [TEST_STEP][PASSED] - delay: Delayed 2 second(s)

2018-06-09 17:09:14 - [MESSAGE][PASSED] - Delayed 2 second(s)

2018-06-09 17:09:14 - [TEST_STEP][PASSED] - Statement - RequestedQty = com.kms.katalon.core.webui.keyword.WebUiBuiltInKeywords.getAttribute(com.kms.katalon.core.testobject.ObjectRepository.findTestObject(DispensaryToStore/Page_Store/input_txttotal), "value"): Attribute 'value' of object 'Object Repository/DispensaryToStore/Page_Store/input_txttotal' is: '10'

2018-06-09 17:09:14 - [MESSAGE][PASSED] - Attribute 'value' of object 'Object Repository/DispensaryToStore/Page_Store/input_txttotal' is: '10'

2018-06-09 17:09:14 - [TEST_STEP][PASSED] - Statement - out.println("Requested QTY : " + RequestedQty): null

2018-06-09 17:09:14 - [TEST_STEP][PASSED] - Statement - BatchNumber = com.kms.katalon.core.webui.keyword.WebUiBuiltInKeywords.getNumberOfTotalOption(com.kms.katalon.core.testobject.ObjectRepository.findTestObject(DispensaryToStore/Page_Store/select_--Select--BA1170BA2376B)): 2 options of object 'Object Repository/DispensaryToStore/Page_Store/select_--Select--BA1170BA2376B' counted

2018-06-09 17:09:14 - [MESSAGE][PASSED] - 2 options of object 'Object Repository/DispensaryToStore/Page_Store/select_--Select--BA1170BA2376B' counted

2018-06-09 17:09:14 - [TEST_STEP][PASSED] - Statement - For ([g = 1, g <= BatchNumber - 1, (g++)]): null

2018-06-09 17:09:14 - [TEST_STEP][PASSED] - selectOptionByIndex: All options with index in [1] are selected on object 'Object Repository/DispensaryToStore/Page_Store/select_--Select--BA1170BA2376B'

2018-06-09 17:09:15 - [MESSAGE][PASSED] - All options with index in [1] are selected on object 'Object Repository/DispensaryToStore/Page_Store/select_--Select--BA1170BA2376B'

2018-06-09 17:09:15 - [TEST_STEP][PASSED] - Statement - Try: null

2018-06-09 17:09:15 - [TEST_STEP][PASSED] - Statement - StockQty = com.kms.katalon.core.webui.keyword.WebUiBuiltInKeywords.getAttribute(com.kms.katalon.core.testobject.ObjectRepository.findTestObject(DispensaryToStore/Page_Store/input_txtprice), "value"): Attribute 'value' of object 'Object Repository/DispensaryToStore/Page_Store/input_txtprice' is: '1735'

2018-06-09 17:09:15 - [MESSAGE][PASSED] - Attribute 'value' of object 'Object Repository/DispensaryToStore/Page_Store/input_txtprice' is: '1735'

2018-06-09 17:09:15 - [TEST_STEP][PASSED] - Statement - out.println("Stock QTY : " + StockQty): null

2018-06-09 17:09:15 - [TEST_STEP][PASSED] - delay: Delayed 2 second(s)

2018-06-09 17:09:17 - [MESSAGE][PASSED] - Delayed 2 second(s)

2018-06-09 17:09:17 - [TEST_STEP][PASSED] - Statement - If (java.lang.String.valueOf(StockQty) >= java.lang.String.valueOf(RequestedQty)): null

2018-06-09 17:09:17 - [TEST_STEP][PASSED] - setText: Text '10' is set on object 'Object Repository/DispensaryToStore/Page_Store/input_txtqty'

2018-06-09 17:09:17 - [MESSAGE][PASSED] - Text '10' is set on object 'Object Repository/DispensaryToStore/Page_Store/input_txtqty'

2018-06-09 17:09:17 - [TEST_STEP][PASSED] - click: Object: 'Object Repository/DispensaryToStore/Page_Store/button_Add' is clicked on

2018-06-09 17:09:17 - [MESSAGE][PASSED] - Object: 'Object Repository/DispensaryToStore/Page_Store/button_Add' is clicked on

2018-06-09 17:09:17 - [TEST_STEP][PASSED] - Statement - Break: null

2018-06-09 17:09:17 - [TEST_STEP][PASSED] - selectOptionByIndex: All options with index in [13] are selected on object 'Object Repository/DispensaryToStore/Page_Store/select_--Select--Adernaline 0.'

2018-06-09 17:09:17 - [MESSAGE][PASSED] - All options with index in [13] are selected on object 'Object Repository/DispensaryToStore/Page_Store/select_--Select--Adernaline 0.'

2018-06-09 17:09:17 - [TEST_STEP][PASSED] - delay: Delayed 2 second(s)

2018-06-09 17:09:19 - [MESSAGE][PASSED] - Delayed 2 second(s)

2018-06-09 17:09:19 - [TEST_STEP][PASSED] - Statement - RequestedQty = com.kms.katalon.core.webui.keyword.WebUiBuiltInKeywords.getAttribute(com.kms.katalon.core.testobject.ObjectRepository.findTestObject(DispensaryToStore/Page_Store/input_txttotal), "value"): Attribute 'value' of object 'Object Repository/DispensaryToStore/Page_Store/input_txttotal' is: '10'

2018-06-09 17:09:19 - [MESSAGE][PASSED] - Attribute 'value' of object 'Object Repository/DispensaryToStore/Page_Store/input_txttotal' is: '10'

2018-06-09 17:09:19 - [TEST_STEP][PASSED] - Statement - out.println("Requested QTY : " + RequestedQty): null

2018-06-09 17:09:19 - [TEST_STEP][PASSED] - Statement - BatchNumber = com.kms.katalon.core.webui.keyword.WebUiBuiltInKeywords.getNumberOfTotalOption(com.kms.katalon.core.testobject.ObjectRepository.findTestObject(DispensaryToStore/Page_Store/select_--Select--BA1170BA2376B)): 3 options of object 'Object Repository/DispensaryToStore/Page_Store/select_--Select--BA1170BA2376B' counted

2018-06-09 17:09:19 - [MESSAGE][PASSED] - 3 options of object 'Object Repository/DispensaryToStore/Page_Store/select_--Select--BA1170BA2376B' counted

2018-06-09 17:09:19 - [TEST_STEP][PASSED] - Statement - For ([g = 1, g <= BatchNumber - 1, (g++)]): null

2018-06-09 17:09:19 - [TEST_STEP][PASSED] - selectOptionByIndex: All options with index in [1] are selected on object 'Object Repository/DispensaryToStore/Page_Store/select_--Select--BA1170BA2376B'

2018-06-09 17:09:19 - [MESSAGE][PASSED] - All options with index in [1] are selected on object 'Object Repository/DispensaryToStore/Page_Store/select_--Select--BA1170BA2376B'

2018-06-09 17:09:19 - [TEST_STEP][PASSED] - Statement - Try: null

2018-06-09 17:09:19 - [TEST_STEP][PASSED] - Statement - StockQty = com.kms.katalon.core.webui.keyword.WebUiBuiltInKeywords.getAttribute(com.kms.katalon.core.testobject.ObjectRepository.findTestObject(DispensaryToStore/Page_Store/input_txtprice), "value"): Attribute 'value' of object 'Object Repository/DispensaryToStore/Page_Store/input_txtprice' is: '725'

2018-06-09 17:09:19 - [MESSAGE][PASSED] - Attribute 'value' of object 'Object Repository/DispensaryToStore/Page_Store/input_txtprice' is: '725'

2018-06-09 17:09:19 - [TEST_STEP][PASSED] - Statement - out.println("Stock QTY : " + StockQty): null

2018-06-09 17:09:19 - [TEST_STEP][PASSED] - delay: Delayed 2 second(s)

2018-06-09 17:09:21 - [MESSAGE][PASSED] - Delayed 2 second(s)

2018-06-09 17:09:21 - [TEST_STEP][PASSED] - Statement - If (java.lang.String.valueOf(StockQty) >= java.lang.String.valueOf(RequestedQty)): null

2018-06-09 17:09:21 - [TEST_STEP][PASSED] - setText: Text '10' is set on object 'Object Repository/DispensaryToStore/Page_Store/input_txtqty'

2018-06-09 17:09:21 - [MESSAGE][PASSED] - Text '10' is set on object 'Object Repository/DispensaryToStore/Page_Store/input_txtqty'

2018-06-09 17:09:21 - [TEST_STEP][PASSED] - click: Object: 'Object Repository/DispensaryToStore/Page_Store/button_Add' is clicked on

2018-06-09 17:09:21 - [MESSAGE][PASSED] - Object: 'Object Repository/DispensaryToStore/Page_Store/button_Add' is clicked on

2018-06-09 17:09:21 - [TEST_STEP][PASSED] - Statement - Break: null

2018-06-09 17:09:21 - [TEST_STEP][PASSED] - selectOptionByIndex: All options with index in [14] are selected on object 'Object Repository/DispensaryToStore/Page_Store/select_--Select--Adernaline 0.'

2018-06-09 17:09:22 - [MESSAGE][PASSED] - All options with index in [14] are selected on object 'Object Repository/DispensaryToStore/Page_Store/select_--Select--Adernaline 0.'

2018-06-09 17:09:22 - [TEST_STEP][PASSED] - delay: Delayed 2 second(s)

2018-06-09 17:09:24 - [MESSAGE][PASSED] - Delayed 2 second(s)

2018-06-09 17:09:24 - [TEST_STEP][PASSED] - Statement - RequestedQty = com.kms.katalon.core.webui.keyword.WebUiBuiltInKeywords.getAttribute(com.kms.katalon.core.testobject.ObjectRepository.findTestObject(DispensaryToStore/Page_Store/input_txttotal), "value"): Attribute 'value' of object 'Object Repository/DispensaryToStore/Page_Store/input_txttotal' is: '10'

2018-06-09 17:09:24 - [MESSAGE][PASSED] - Attribute 'value' of object 'Object Repository/DispensaryToStore/Page_Store/input_txttotal' is: '10'

2018-06-09 17:09:24 - [TEST_STEP][PASSED] - Statement - out.println("Requested QTY : " + RequestedQty): null

2018-06-09 17:09:24 - [TEST_STEP][PASSED] - Statement - BatchNumber = com.kms.katalon.core.webui.keyword.WebUiBuiltInKeywords.getNumberOfTotalOption(com.kms.katalon.core.testobject.ObjectRepository.findTestObject(DispensaryToStore/Page_Store/select_--Select--BA1170BA2376B)): 3 options of object 'Object Repository/DispensaryToStore/Page_Store/select_--Select--BA1170BA2376B' counted

2018-06-09 17:09:24 - [MESSAGE][PASSED] - 3 options of object 'Object Repository/DispensaryToStore/Page_Store/select_--Select--BA1170BA2376B' counted

2018-06-09 17:09:24 - [TEST_STEP][PASSED] - Statement - For ([g = 1, g <= BatchNumber - 1, (g++)]): null

2018-06-09 17:09:24 - [TEST_STEP][PASSED] - selectOptionByIndex: All options with index in [1] are selected on object 'Object Repository/DispensaryToStore/Page_Store/select_--Select--BA1170BA2376B'

2018-06-09 17:09:24 - [MESSAGE][PASSED] - All options with index in [1] are selected on object 'Object Repository/DispensaryToStore/Page_Store/select_--Select--BA1170BA2376B'

2018-06-09 17:09:24 - [TEST_STEP][PASSED] - Statement - Try: null

2018-06-09 17:09:24 - [TEST_STEP][PASSED] - Statement - StockQty = com.kms.katalon.core.webui.keyword.WebUiBuiltInKeywords.getAttribute(com.kms.katalon.core.testobject.ObjectRepository.findTestObject(DispensaryToStore/Page_Store/input_txtprice), "value"): Attribute 'value' of object 'Object Repository/DispensaryToStore/Page_Store/input_txtprice' is: '3635'

2018-06-09 17:09:24 - [MESSAGE][PASSED] - Attribute 'value' of object 'Object Repository/DispensaryToStore/Page_Store/input_txtprice' is: '3635'

2018-06-09 17:09:24 - [TEST_STEP][PASSED] - Statement - out.println("Stock QTY : " + StockQty): null

2018-06-09 17:09:24 - [TEST_STEP][PASSED] - delay: Delayed 2 second(s)

2018-06-09 17:09:26 - [MESSAGE][PASSED] - Delayed 2 second(s)

2018-06-09 17:09:26 - [TEST_STEP][PASSED] - Statement - If (java.lang.String.valueOf(StockQty) >= java.lang.String.valueOf(RequestedQty)): null

2018-06-09 17:09:26 - [TEST_STEP][PASSED] - setText: Text '10' is set on object 'Object Repository/DispensaryToStore/Page_Store/input_txtqty'

2018-06-09 17:09:26 - [MESSAGE][PASSED] - Text '10' is set on object 'Object Repository/DispensaryToStore/Page_Store/input_txtqty'

2018-06-09 17:09:26 - [TEST_STEP][PASSED] - click: Object: 'Object Repository/DispensaryToStore/Page_Store/button_Add' is clicked on

2018-06-09 17:09:26 - [MESSAGE][PASSED] - Object: 'Object Repository/DispensaryToStore/Page_Store/button_Add' is clicked on

2018-06-09 17:09:26 - [TEST_STEP][PASSED] - Statement - Break: null

2018-06-09 17:09:26 - [TEST_STEP][PASSED] - selectOptionByIndex: All options with index in [15] are selected on object 'Object Repository/DispensaryToStore/Page_Store/select_--Select--Adernaline 0.'

2018-06-09 17:09:26 - [MESSAGE][PASSED] - All options with index in [15] are selected on object 'Object Repository/DispensaryToStore/Page_Store/select_--Select--Adernaline 0.'

2018-06-09 17:09:26 - [TEST_STEP][PASSED] - delay: Delayed 2 second(s)

2018-06-09 17:09:28 - [MESSAGE][PASSED] - Delayed 2 second(s)

2018-06-09 17:09:28 - [TEST_STEP][PASSED] - Statement - RequestedQty = com.kms.katalon.core.webui.keyword.WebUiBuiltInKeywords.getAttribute(com.kms.katalon.core.testobject.ObjectRepository.findTestObject(DispensaryToStore/Page_Store/input_txttotal), "value"): Attribute 'value' of object 'Object Repository/DispensaryToStore/Page_Store/input_txttotal' is: '10'

2018-06-09 17:09:29 - [MESSAGE][PASSED] - Attribute 'value' of object 'Object Repository/DispensaryToStore/Page_Store/input_txttotal' is: '10'

2018-06-09 17:09:29 - [TEST_STEP][PASSED] - Statement - out.println("Requested QTY : " + RequestedQty): null

2018-06-09 17:09:29 - [TEST_STEP][PASSED] - Statement - BatchNumber = com.kms.katalon.core.webui.keyword.WebUiBuiltInKeywords.getNumberOfTotalOption(com.kms.katalon.core.testobject.ObjectRepository.findTestObject(DispensaryToStore/Page_Store/select_--Select--BA1170BA2376B)): 3 options of object 'Object Repository/DispensaryToStore/Page_Store/select_--Select--BA1170BA2376B' counted

2018-06-09 17:09:29 - [MESSAGE][PASSED] - 3 options of object 'Object Repository/DispensaryToStore/Page_Store/select_--Select--BA1170BA2376B' counted

2018-06-09 17:09:29 - [TEST_STEP][PASSED] - Statement - For ([g = 1, g <= BatchNumber - 1, (g++)]): null

2018-06-09 17:09:29 - [TEST_STEP][PASSED] - selectOptionByIndex: All options with index in [1] are selected on object 'Object Repository/DispensaryToStore/Page_Store/select_--Select--BA1170BA2376B'

2018-06-09 17:09:29 - [MESSAGE][PASSED] - All options with index in [1] are selected on object 'Object Repository/DispensaryToStore/Page_Store/select_--Select--BA1170BA2376B'

2018-06-09 17:09:29 - [TEST_STEP][PASSED] - Statement - Try: null

2018-06-09 17:09:29 - [TEST_STEP][PASSED] - Statement - StockQty = com.kms.katalon.core.webui.keyword.WebUiBuiltInKeywords.getAttribute(com.kms.katalon.core.testobject.ObjectRepository.findTestObject(DispensaryToStore/Page_Store/input_txtprice), "value"): Attribute 'value' of object 'Object Repository/DispensaryToStore/Page_Store/input_txtprice' is: '3645'

2018-06-09 17:09:29 - [MESSAGE][PASSED] - Attribute 'value' of object 'Object Repository/DispensaryToStore/Page_Store/input_txtprice' is: '3645'

2018-06-09 17:09:29 - [TEST_STEP][PASSED] - Statement - out.println("Stock QTY : " + StockQty): null

2018-06-09 17:09:29 - [TEST_STEP][PASSED] - delay: Delayed 2 second(s)

2018-06-09 17:09:31 - [MESSAGE][PASSED] - Delayed 2 second(s)

2018-06-09 17:09:31 - [TEST_STEP][PASSED] - Statement - If (java.lang.String.valueOf(StockQty) >= java.lang.String.valueOf(RequestedQty)): null

2018-06-09 17:09:31 - [TEST_STEP][PASSED] - setText: Text '10' is set on object 'Object Repository/DispensaryToStore/Page_Store/input_txtqty'

2018-06-09 17:09:31 - [MESSAGE][PASSED] - Text '10' is set on object 'Object Repository/DispensaryToStore/Page_Store/input_txtqty'

2018-06-09 17:09:31 - [TEST_STEP][PASSED] - click: Object: 'Object Repository/DispensaryToStore/Page_Store/button_Add' is clicked on

2018-06-09 17:09:31 - [MESSAGE][PASSED] - Object: 'Object Repository/DispensaryToStore/Page_Store/button_Add' is clicked on

2018-06-09 17:09:31 - [TEST_STEP][PASSED] - Statement - Break: null

2018-06-09 17:09:31 - [TEST_STEP][PASSED] - selectOptionByIndex: All options with index in [16] are selected on object 'Object Repository/DispensaryToStore/Page_Store/select_--Select--Adernaline 0.'

2018-06-09 17:09:31 - [MESSAGE][PASSED] - All options with index in [16] are selected on object 'Object Repository/DispensaryToStore/Page_Store/select_--Select--Adernaline 0.'

2018-06-09 17:09:31 - [TEST_STEP][PASSED] - delay: Delayed 2 second(s)

2018-06-09 17:09:33 - [MESSAGE][PASSED] - Delayed 2 second(s)

2018-06-09 17:09:33 - [TEST_STEP][PASSED] - Statement - RequestedQty = com.kms.katalon.core.webui.keyword.WebUiBuiltInKeywords.getAttribute(com.kms.katalon.core.testobject.ObjectRepository.findTestObject(DispensaryToStore/Page_Store/input_txttotal), "value"): Attribute 'value' of object 'Object Repository/DispensaryToStore/Page_Store/input_txttotal' is: '10'

2018-06-09 17:09:33 - [MESSAGE][PASSED] - Attribute 'value' of object 'Object Repository/DispensaryToStore/Page_Store/input_txttotal' is: '10'

2018-06-09 17:09:33 - [TEST_STEP][PASSED] - Statement - out.println("Requested QTY : " + RequestedQty): null

2018-06-09 17:09:33 - [TEST_STEP][PASSED] - Statement - BatchNumber = com.kms.katalon.core.webui.keyword.WebUiBuiltInKeywords.getNumberOfTotalOption(com.kms.katalon.core.testobject.ObjectRepository.findTestObject(DispensaryToStore/Page_Store/select_--Select--BA1170BA2376B)): 3 options of object 'Object Repository/DispensaryToStore/Page_Store/select_--Select--BA1170BA2376B' counted

2018-06-09 17:09:33 - [MESSAGE][PASSED] - 3 options of object 'Object Repository/DispensaryToStore/Page_Store/select_--Select--BA1170BA2376B' counted

2018-06-09 17:09:33 - [TEST_STEP][PASSED] - Statement - For ([g = 1, g <= BatchNumber - 1, (g++)]): null

2018-06-09 17:09:33 - [TEST_STEP][PASSED] - selectOptionByIndex: All options with index in [1] are selected on object 'Object Repository/DispensaryToStore/Page_Store/select_--Select--BA1170BA2376B'

2018-06-09 17:09:34 - [MESSAGE][PASSED] - All options with index in [1] are selected on object 'Object Repository/DispensaryToStore/Page_Store/select_--Select--BA1170BA2376B'

2018-06-09 17:09:34 - [TEST_STEP][PASSED] - Statement - Try: null

2018-06-09 17:09:34 - [TEST_STEP][PASSED] - Statement - StockQty = com.kms.katalon.core.webui.keyword.WebUiBuiltInKeywords.getAttribute(com.kms.katalon.core.testobject.ObjectRepository.findTestObject(DispensaryToStore/Page_Store/input_txtprice), "value"): Attribute 'value' of object 'Object Repository/DispensaryToStore/Page_Store/input_txtprice' is: '735'

2018-06-09 17:09:34 - [MESSAGE][PASSED] - Attribute 'value' of object 'Object Repository/DispensaryToStore/Page_Store/input_txtprice' is: '735'

2018-06-09 17:09:34 - [TEST_STEP][PASSED] - Statement - out.println("Stock QTY : " + StockQty): null

2018-06-09 17:09:34 - [TEST_STEP][PASSED] - delay: Delayed 2 second(s)

2018-06-09 17:09:36 - [MESSAGE][PASSED] - Delayed 2 second(s)

2018-06-09 17:09:36 - [TEST_STEP][PASSED] - Statement - If (java.lang.String.valueOf(StockQty) >= java.lang.String.valueOf(RequestedQty)): null

2018-06-09 17:09:36 - [TEST_STEP][PASSED] - setText: Text '10' is set on object 'Object Repository/DispensaryToStore/Page_Store/input_txtqty'

2018-06-09 17:09:36 - [MESSAGE][PASSED] - Text '10' is set on object 'Object Repository/DispensaryToStore/Page_Store/input_txtqty'

2018-06-09 17:09:36 - [TEST_STEP][PASSED] - click: Object: 'Object Repository/DispensaryToStore/Page_Store/button_Add' is clicked on

2018-06-09 17:09:36 - [MESSAGE][PASSED] - Object: 'Object Repository/DispensaryToStore/Page_Store/button_Add' is clicked on

2018-06-09 17:09:36 - [TEST_STEP][PASSED] - Statement - Break: null

2018-06-09 17:09:36 - [TEST_STEP][PASSED] - selectOptionByIndex: All options with index in [17] are selected on object 'Object Repository/DispensaryToStore/Page_Store/select_--Select--Adernaline 0.'

2018-06-09 17:09:36 - [MESSAGE][PASSED] - All options with index in [17] are selected on object 'Object Repository/DispensaryToStore/Page_Store/select_--Select--Adernaline 0.'

2018-06-09 17:09:36 - [TEST_STEP][PASSED] - delay: Delayed 2 second(s)

2018-06-09 17:09:38 - [MESSAGE][PASSED] - Delayed 2 second(s)

2018-06-09 17:09:38 - [TEST_STEP][PASSED] - Statement - RequestedQty = com.kms.katalon.core.webui.keyword.WebUiBuiltInKeywords.getAttribute(com.kms.katalon.core.testobject.ObjectRepository.findTestObject(DispensaryToStore/Page_Store/input_txttotal), "value"): Attribute 'value' of object 'Object Repository/DispensaryToStore/Page_Store/input_txttotal' is: '10'

2018-06-09 17:09:38 - [MESSAGE][PASSED] - Attribute 'value' of object 'Object Repository/DispensaryToStore/Page_Store/input_txttotal' is: '10'

2018-06-09 17:09:38 - [TEST_STEP][PASSED] - Statement - out.println("Requested QTY : " + RequestedQty): null

2018-06-09 17:09:38 - [TEST_STEP][PASSED] - Statement - BatchNumber = com.kms.katalon.core.webui.keyword.WebUiBuiltInKeywords.getNumberOfTotalOption(com.kms.katalon.core.testobject.ObjectRepository.findTestObject(DispensaryToStore/Page_Store/select_--Select--BA1170BA2376B)): 2 options of object 'Object Repository/DispensaryToStore/Page_Store/select_--Select--BA1170BA2376B' counted

2018-06-09 17:09:38 - [MESSAGE][PASSED] - 2 options of object 'Object Repository/DispensaryToStore/Page_Store/select_--Select--BA1170BA2376B' counted

2018-06-09 17:09:38 - [TEST_STEP][PASSED] - Statement - For ([g = 1, g <= BatchNumber - 1, (g++)]): null

2018-06-09 17:09:38 - [TEST_STEP][PASSED] - selectOptionByIndex: All options with index in [1] are selected on object 'Object Repository/DispensaryToStore/Page_Store/select_--Select--BA1170BA2376B'

2018-06-09 17:09:38 - [MESSAGE][PASSED] - All options with index in [1] are selected on object 'Object Repository/DispensaryToStore/Page_Store/select_--Select--BA1170BA2376B'

2018-06-09 17:09:38 - [TEST_STEP][PASSED] - Statement - Try: null

2018-06-09 17:09:38 - [TEST_STEP][PASSED] - Statement - StockQty = com.kms.katalon.core.webui.keyword.WebUiBuiltInKeywords.getAttribute(com.kms.katalon.core.testobject.ObjectRepository.findTestObject(DispensaryToStore/Page_Store/input_txtprice), "value"): Attribute 'value' of object 'Object Repository/DispensaryToStore/Page_Store/input_txtprice' is: ''

2018-06-09 17:09:38 - [MESSAGE][PASSED] - Attribute 'value' of object 'Object Repository/DispensaryToStore/Page_Store/input_txtprice' is: ''

2018-06-09 17:09:38 - [TEST_STEP][PASSED] - Statement - out.println("Stock QTY : " + StockQty): null

2018-06-09 17:09:38 - [TEST_STEP][PASSED] - delay: Delayed 2 second(s)

2018-06-09 17:09:40 - [MESSAGE][PASSED] - Delayed 2 second(s)

2018-06-09 17:09:40 - [TEST_STEP][PASSED] - Statement - If (java.lang.String.valueOf(StockQty) >= java.lang.String.valueOf(RequestedQty)): null

2018-06-09 17:09:40 - [TEST_STEP][PASSED] - Statement - Else: null

2018-06-09 17:09:40 - [TEST_STEP][PASSED] - Statement - out.println("Stock Is Less Than Requested Qty"): null

2018-06-09 17:09:40 - [TEST_STEP][PASSED] - scrollToElement: Scroll to object 'Object Repository/DispensaryToStore/Page_Store/input_btnSubmit' successfully

2018-06-09 17:09:40 - [MESSAGE][PASSED] - Scroll to object 'Object Repository/DispensaryToStore/Page_Store/input_btnSubmit' successfully

2018-06-09 17:09:40 - [TEST_STEP][PASSED] - click: Object: 'Object Repository/DispensaryToStore/Page_Store/input_btnSubmit' is clicked on

2018-06-09 17:09:40 - [MESSAGE][PASSED] - Object: 'Object Repository/DispensaryToStore/Page_Store/input_btnSubmit' is clicked on

2018-06-09 17:09:40 - [TEST_STEP][PASSED] - delay: Delayed 3 second(s)

2018-06-09 17:09:43 - [MESSAGE][PASSED] - Delayed 3 second(s)

2018-06-09 17:09:43 - [TEST_STEP][PASSED] - click: Object: 'Object Repository/DispensaryToStore/Page_Store/button_OK' is clicked on

2018-06-09 17:09:44 - [MESSAGE][PASSED] - Object: 'Object Repository/DispensaryToStore/Page_Store/button_OK' is clicked on

2018-06-09 17:09:44 - [TEST_STEP][PASSED] - delay: Delayed 3 second(s)

2018-06-09 17:09:47 - [MESSAGE][PASSED] - Delayed 3 second(s)

2018-06-09 17:09:47 - [TEST_STEP][PASSED] - click: Object: 'Object Repository/DispensaryToStore/Page_Store/a_dropdown-toggle' is clicked on

2018-06-09 17:09:48 - [MESSAGE][PASSED] - Object: 'Object Repository/DispensaryToStore/Page_Store/a_dropdown-toggle' is clicked on

2018-06-09 17:09:48 - [TEST_STEP][PASSED] - click: Object: 'Object Repository/DispensaryToStore/Page_Store/a_Sign out' is clicked on

2018-06-09 17:09:48 - [MESSAGE][PASSED] - Object: 'Object Repository/DispensaryToStore/Page_Store/a_Sign out' is clicked on

2018-06-09 17:09:48 - [TEST_STEP][PASSED] - closeBrowser: Browser is closed

2018-06-09 17:09:49 - [MESSAGE][PASSED] - Browser is closed]]></system-out>
         <system-err><![CDATA[]]></system-err>
      </testcase>
      <testcase name="Test Cases/DISPENSARY TEST CASES/TC_DP_009 Verify Schedule 9 Dispensary Request Are Working Successfully Or Not" classname="Test Cases/DISPENSARY TEST CASES/TC_DP_009 Verify Schedule 9 Dispensary Request Are Working Successfully Or Not" status="PASSED">
         <system-out><![CDATA[2018-06-09 17:09:49 - [TEST_CASE][PASSED] - Test Cases/DISPENSARY TEST CASES/TC_DP_009 Verify Schedule 9 Dispensary Request Are Working Successfully Or Not: Test Cases/DISPENSARY TEST CASES/TC_DP_009 Verify Schedule 9 Dispensary Request Are Working Successfully Or Not

2018-06-09 17:09:49 - [TEST_STEP][PASSED] - openBrowser: Browser is opened with url: ''

2018-06-09 17:09:51 - [MESSAGE][PASSED] - Browser is opened with url: ''

2018-06-09 17:09:51 - [TEST_STEP][PASSED] - navigateToUrl: Navigate to 'http://192.168.137.1/multihospital_new/HDSplashscreen.aspx' successfully

2018-06-09 17:09:53 - [MESSAGE][PASSED] - Navigate to 'http://192.168.137.1/multihospital_new/HDSplashscreen.aspx' successfully

2018-06-09 17:09:53 - [TEST_STEP][PASSED] - maximizeWindow: Current window maximized

2018-06-09 17:09:54 - [MESSAGE][PASSED] - Current window maximized

2018-06-09 17:09:54 - [TEST_STEP][PASSED] - click: Object: 'Object Repository/DispensaryToStore/Page_KDMC/a_Dispensary Store' is clicked on

2018-06-09 17:09:55 - [MESSAGE][PASSED] - Object: 'Object Repository/DispensaryToStore/Page_KDMC/a_Dispensary Store' is clicked on

2018-06-09 17:09:55 - [TEST_STEP][PASSED] - setText: Text 'rajaram' is set on object 'Object Repository/DispensaryToStore/Page_Dispensary Store Login/input_txtusername'

2018-06-09 17:09:55 - [MESSAGE][PASSED] - Text 'rajaram' is set on object 'Object Repository/DispensaryToStore/Page_Dispensary Store Login/input_txtusername'

2018-06-09 17:09:55 - [TEST_STEP][PASSED] - setText: Text '123' is set on object 'Object Repository/DispensaryToStore/Page_Dispensary Store Login/input_txtpassword'

2018-06-09 17:09:55 - [MESSAGE][PASSED] - Text '123' is set on object 'Object Repository/DispensaryToStore/Page_Dispensary Store Login/input_txtpassword'

2018-06-09 17:09:55 - [TEST_STEP][PASSED] - delay: Delayed 3 second(s)

2018-06-09 17:09:58 - [MESSAGE][PASSED] - Delayed 3 second(s)

2018-06-09 17:09:58 - [TEST_STEP][PASSED] - sendKeys: Keys 'ENTER + ' sent to object: 'Object Repository/DispensaryToStore/Page_Dispensary Store Login/input_txtpassword'

2018-06-09 17:09:59 - [MESSAGE][PASSED] - Keys 'ENTER + ' sent to object: 'Object Repository/DispensaryToStore/Page_Dispensary Store Login/input_txtpassword'

2018-06-09 17:09:59 - [TEST_STEP][PASSED] - delay: Delayed 3 second(s)

2018-06-09 17:10:02 - [MESSAGE][PASSED] - Delayed 3 second(s)

2018-06-09 17:10:02 - [TEST_STEP][PASSED] - click: Object: 'Object Repository/DispensaryToStore/Page_Dispensary Store/a_Request to Store' is clicked on

2018-06-09 17:10:02 - [MESSAGE][PASSED] - Object: 'Object Repository/DispensaryToStore/Page_Dispensary Store/a_Request to Store' is clicked on

2018-06-09 17:10:02 - [TEST_STEP][PASSED] - click: Object: 'Object Repository/DispensaryToStore/Page_Dispensary Store/a_Medicine Request' is clicked on

2018-06-09 17:10:03 - [MESSAGE][PASSED] - Object: 'Object Repository/DispensaryToStore/Page_Dispensary Store/a_Medicine Request' is clicked on

2018-06-09 17:10:03 - [TEST_STEP][PASSED] - selectOptionByIndex: All options with index in [9] are selected on object 'Object Repository/DispensaryToStore/Page_Dispensary Store/select_--Select--Schedule 1Inj'

2018-06-09 17:10:03 - [MESSAGE][PASSED] - All options with index in [9] are selected on object 'Object Repository/DispensaryToStore/Page_Dispensary Store/select_--Select--Schedule 1Inj'

2018-06-09 17:10:03 - [TEST_STEP][PASSED] - Statement - medicineslength = com.kms.katalon.core.webui.keyword.WebUiBuiltInKeywords.getNumberOfTotalOption(com.kms.katalon.core.testobject.ObjectRepository.findTestObject(DispensaryToStore/Page_Dispensary Store/select_--Select--Adernaline 0.)): 36 options of object 'Object Repository/DispensaryToStore/Page_Dispensary Store/select_--Select--Adernaline 0.' counted

2018-06-09 17:10:03 - [MESSAGE][PASSED] - 36 options of object 'Object Repository/DispensaryToStore/Page_Dispensary Store/select_--Select--Adernaline 0.' counted

2018-06-09 17:10:03 - [TEST_STEP][PASSED] - Statement - For ([e = 1, e <= medicineslength - 1, (e++)]): Object: 'Object Repository/DispensaryToStore/Page_Dispensary Store/button_Add' is clicked on

2018-06-09 17:10:03 - [TEST_STEP][PASSED] - selectOptionByIndex: All options with index in [9] are selected on object 'Object Repository/DispensaryToStore/Page_Dispensary Store/select_--Select--Schedule 1Inj'

2018-06-09 17:10:03 - [MESSAGE][PASSED] - All options with index in [9] are selected on object 'Object Repository/DispensaryToStore/Page_Dispensary Store/select_--Select--Schedule 1Inj'

2018-06-09 17:10:03 - [TEST_STEP][PASSED] - selectOptionByIndex: All options with index in [1] are selected on object 'Object Repository/DispensaryToStore/Page_Dispensary Store/select_--Select--Adernaline 0.'

2018-06-09 17:10:04 - [MESSAGE][PASSED] - All options with index in [1] are selected on object 'Object Repository/DispensaryToStore/Page_Dispensary Store/select_--Select--Adernaline 0.'

2018-06-09 17:10:04 - [TEST_STEP][PASSED] - setText: Text '10' is set on object 'Object Repository/DispensaryToStore/Page_Dispensary Store/input_txttreat'

2018-06-09 17:10:04 - [MESSAGE][PASSED] - Text '10' is set on object 'Object Repository/DispensaryToStore/Page_Dispensary Store/input_txttreat'

2018-06-09 17:10:04 - [TEST_STEP][PASSED] - click: Object: 'Object Repository/DispensaryToStore/Page_Dispensary Store/button_Add' is clicked on

2018-06-09 17:10:04 - [MESSAGE][PASSED] - Object: 'Object Repository/DispensaryToStore/Page_Dispensary Store/button_Add' is clicked on

2018-06-09 17:10:04 - [TEST_STEP][PASSED] - selectOptionByIndex: All options with index in [9] are selected on object 'Object Repository/DispensaryToStore/Page_Dispensary Store/select_--Select--Schedule 1Inj'

2018-06-09 17:10:04 - [MESSAGE][PASSED] - All options with index in [9] are selected on object 'Object Repository/DispensaryToStore/Page_Dispensary Store/select_--Select--Schedule 1Inj'

2018-06-09 17:10:04 - [TEST_STEP][PASSED] - selectOptionByIndex: All options with index in [2] are selected on object 'Object Repository/DispensaryToStore/Page_Dispensary Store/select_--Select--Adernaline 0.'

2018-06-09 17:10:04 - [MESSAGE][PASSED] - All options with index in [2] are selected on object 'Object Repository/DispensaryToStore/Page_Dispensary Store/select_--Select--Adernaline 0.'

2018-06-09 17:10:04 - [TEST_STEP][PASSED] - setText: Text '10' is set on object 'Object Repository/DispensaryToStore/Page_Dispensary Store/input_txttreat'

2018-06-09 17:10:04 - [MESSAGE][PASSED] - Text '10' is set on object 'Object Repository/DispensaryToStore/Page_Dispensary Store/input_txttreat'

2018-06-09 17:10:04 - [TEST_STEP][PASSED] - click: Object: 'Object Repository/DispensaryToStore/Page_Dispensary Store/button_Add' is clicked on

2018-06-09 17:10:04 - [MESSAGE][PASSED] - Object: 'Object Repository/DispensaryToStore/Page_Dispensary Store/button_Add' is clicked on

2018-06-09 17:10:04 - [TEST_STEP][PASSED] - selectOptionByIndex: All options with index in [9] are selected on object 'Object Repository/DispensaryToStore/Page_Dispensary Store/select_--Select--Schedule 1Inj'

2018-06-09 17:10:05 - [MESSAGE][PASSED] - All options with index in [9] are selected on object 'Object Repository/DispensaryToStore/Page_Dispensary Store/select_--Select--Schedule 1Inj'

2018-06-09 17:10:05 - [TEST_STEP][PASSED] - selectOptionByIndex: All options with index in [3] are selected on object 'Object Repository/DispensaryToStore/Page_Dispensary Store/select_--Select--Adernaline 0.'

2018-06-09 17:10:05 - [MESSAGE][PASSED] - All options with index in [3] are selected on object 'Object Repository/DispensaryToStore/Page_Dispensary Store/select_--Select--Adernaline 0.'

2018-06-09 17:10:05 - [TEST_STEP][PASSED] - setText: Text '10' is set on object 'Object Repository/DispensaryToStore/Page_Dispensary Store/input_txttreat'

2018-06-09 17:10:05 - [MESSAGE][PASSED] - Text '10' is set on object 'Object Repository/DispensaryToStore/Page_Dispensary Store/input_txttreat'

2018-06-09 17:10:05 - [TEST_STEP][PASSED] - click: Object: 'Object Repository/DispensaryToStore/Page_Dispensary Store/button_Add' is clicked on

2018-06-09 17:10:05 - [MESSAGE][PASSED] - Object: 'Object Repository/DispensaryToStore/Page_Dispensary Store/button_Add' is clicked on

2018-06-09 17:10:05 - [TEST_STEP][PASSED] - selectOptionByIndex: All options with index in [9] are selected on object 'Object Repository/DispensaryToStore/Page_Dispensary Store/select_--Select--Schedule 1Inj'

2018-06-09 17:10:05 - [MESSAGE][PASSED] - All options with index in [9] are selected on object 'Object Repository/DispensaryToStore/Page_Dispensary Store/select_--Select--Schedule 1Inj'

2018-06-09 17:10:05 - [TEST_STEP][PASSED] - selectOptionByIndex: All options with index in [4] are selected on object 'Object Repository/DispensaryToStore/Page_Dispensary Store/select_--Select--Adernaline 0.'

2018-06-09 17:10:06 - [MESSAGE][PASSED] - All options with index in [4] are selected on object 'Object Repository/DispensaryToStore/Page_Dispensary Store/select_--Select--Adernaline 0.'

2018-06-09 17:10:06 - [TEST_STEP][PASSED] - setText: Text '10' is set on object 'Object Repository/DispensaryToStore/Page_Dispensary Store/input_txttreat'

2018-06-09 17:10:06 - [MESSAGE][PASSED] - Text '10' is set on object 'Object Repository/DispensaryToStore/Page_Dispensary Store/input_txttreat'

2018-06-09 17:10:06 - [TEST_STEP][PASSED] - click: Object: 'Object Repository/DispensaryToStore/Page_Dispensary Store/button_Add' is clicked on

2018-06-09 17:10:06 - [MESSAGE][PASSED] - Object: 'Object Repository/DispensaryToStore/Page_Dispensary Store/button_Add' is clicked on

2018-06-09 17:10:06 - [TEST_STEP][PASSED] - selectOptionByIndex: All options with index in [9] are selected on object 'Object Repository/DispensaryToStore/Page_Dispensary Store/select_--Select--Schedule 1Inj'

2018-06-09 17:10:06 - [MESSAGE][PASSED] - All options with index in [9] are selected on object 'Object Repository/DispensaryToStore/Page_Dispensary Store/select_--Select--Schedule 1Inj'

2018-06-09 17:10:06 - [TEST_STEP][PASSED] - selectOptionByIndex: All options with index in [5] are selected on object 'Object Repository/DispensaryToStore/Page_Dispensary Store/select_--Select--Adernaline 0.'

2018-06-09 17:10:06 - [MESSAGE][PASSED] - All options with index in [5] are selected on object 'Object Repository/DispensaryToStore/Page_Dispensary Store/select_--Select--Adernaline 0.'

2018-06-09 17:10:06 - [TEST_STEP][PASSED] - setText: Text '10' is set on object 'Object Repository/DispensaryToStore/Page_Dispensary Store/input_txttreat'

2018-06-09 17:10:06 - [MESSAGE][PASSED] - Text '10' is set on object 'Object Repository/DispensaryToStore/Page_Dispensary Store/input_txttreat'

2018-06-09 17:10:06 - [TEST_STEP][PASSED] - click: Object: 'Object Repository/DispensaryToStore/Page_Dispensary Store/button_Add' is clicked on

2018-06-09 17:10:06 - [MESSAGE][PASSED] - Object: 'Object Repository/DispensaryToStore/Page_Dispensary Store/button_Add' is clicked on

2018-06-09 17:10:06 - [TEST_STEP][PASSED] - selectOptionByIndex: All options with index in [9] are selected on object 'Object Repository/DispensaryToStore/Page_Dispensary Store/select_--Select--Schedule 1Inj'

2018-06-09 17:10:07 - [MESSAGE][PASSED] - All options with index in [9] are selected on object 'Object Repository/DispensaryToStore/Page_Dispensary Store/select_--Select--Schedule 1Inj'

2018-06-09 17:10:07 - [TEST_STEP][PASSED] - selectOptionByIndex: All options with index in [6] are selected on object 'Object Repository/DispensaryToStore/Page_Dispensary Store/select_--Select--Adernaline 0.'

2018-06-09 17:10:07 - [MESSAGE][PASSED] - All options with index in [6] are selected on object 'Object Repository/DispensaryToStore/Page_Dispensary Store/select_--Select--Adernaline 0.'

2018-06-09 17:10:07 - [TEST_STEP][PASSED] - setText: Text '10' is set on object 'Object Repository/DispensaryToStore/Page_Dispensary Store/input_txttreat'

2018-06-09 17:10:07 - [MESSAGE][PASSED] - Text '10' is set on object 'Object Repository/DispensaryToStore/Page_Dispensary Store/input_txttreat'

2018-06-09 17:10:07 - [TEST_STEP][PASSED] - click: Object: 'Object Repository/DispensaryToStore/Page_Dispensary Store/button_Add' is clicked on

2018-06-09 17:10:07 - [MESSAGE][PASSED] - Object: 'Object Repository/DispensaryToStore/Page_Dispensary Store/button_Add' is clicked on

2018-06-09 17:10:07 - [TEST_STEP][PASSED] - selectOptionByIndex: All options with index in [9] are selected on object 'Object Repository/DispensaryToStore/Page_Dispensary Store/select_--Select--Schedule 1Inj'

2018-06-09 17:10:07 - [MESSAGE][PASSED] - All options with index in [9] are selected on object 'Object Repository/DispensaryToStore/Page_Dispensary Store/select_--Select--Schedule 1Inj'

2018-06-09 17:10:07 - [TEST_STEP][PASSED] - selectOptionByIndex: All options with index in [7] are selected on object 'Object Repository/DispensaryToStore/Page_Dispensary Store/select_--Select--Adernaline 0.'

2018-06-09 17:10:07 - [MESSAGE][PASSED] - All options with index in [7] are selected on object 'Object Repository/DispensaryToStore/Page_Dispensary Store/select_--Select--Adernaline 0.'

2018-06-09 17:10:07 - [TEST_STEP][PASSED] - setText: Text '10' is set on object 'Object Repository/DispensaryToStore/Page_Dispensary Store/input_txttreat'

2018-06-09 17:10:08 - [MESSAGE][PASSED] - Text '10' is set on object 'Object Repository/DispensaryToStore/Page_Dispensary Store/input_txttreat'

2018-06-09 17:10:08 - [TEST_STEP][PASSED] - click: Object: 'Object Repository/DispensaryToStore/Page_Dispensary Store/button_Add' is clicked on

2018-06-09 17:10:08 - [MESSAGE][PASSED] - Object: 'Object Repository/DispensaryToStore/Page_Dispensary Store/button_Add' is clicked on

2018-06-09 17:10:08 - [TEST_STEP][PASSED] - selectOptionByIndex: All options with index in [9] are selected on object 'Object Repository/DispensaryToStore/Page_Dispensary Store/select_--Select--Schedule 1Inj'

2018-06-09 17:10:08 - [MESSAGE][PASSED] - All options with index in [9] are selected on object 'Object Repository/DispensaryToStore/Page_Dispensary Store/select_--Select--Schedule 1Inj'

2018-06-09 17:10:08 - [TEST_STEP][PASSED] - selectOptionByIndex: All options with index in [8] are selected on object 'Object Repository/DispensaryToStore/Page_Dispensary Store/select_--Select--Adernaline 0.'

2018-06-09 17:10:08 - [MESSAGE][PASSED] - All options with index in [8] are selected on object 'Object Repository/DispensaryToStore/Page_Dispensary Store/select_--Select--Adernaline 0.'

2018-06-09 17:10:08 - [TEST_STEP][PASSED] - setText: Text '10' is set on object 'Object Repository/DispensaryToStore/Page_Dispensary Store/input_txttreat'

2018-06-09 17:10:08 - [MESSAGE][PASSED] - Text '10' is set on object 'Object Repository/DispensaryToStore/Page_Dispensary Store/input_txttreat'

2018-06-09 17:10:08 - [TEST_STEP][PASSED] - click: Object: 'Object Repository/DispensaryToStore/Page_Dispensary Store/button_Add' is clicked on

2018-06-09 17:10:08 - [MESSAGE][PASSED] - Object: 'Object Repository/DispensaryToStore/Page_Dispensary Store/button_Add' is clicked on

2018-06-09 17:10:08 - [TEST_STEP][PASSED] - selectOptionByIndex: All options with index in [9] are selected on object 'Object Repository/DispensaryToStore/Page_Dispensary Store/select_--Select--Schedule 1Inj'

2018-06-09 17:10:08 - [MESSAGE][PASSED] - All options with index in [9] are selected on object 'Object Repository/DispensaryToStore/Page_Dispensary Store/select_--Select--Schedule 1Inj'

2018-06-09 17:10:08 - [TEST_STEP][PASSED] - selectOptionByIndex: All options with index in [9] are selected on object 'Object Repository/DispensaryToStore/Page_Dispensary Store/select_--Select--Adernaline 0.'

2018-06-09 17:10:09 - [MESSAGE][PASSED] - All options with index in [9] are selected on object 'Object Repository/DispensaryToStore/Page_Dispensary Store/select_--Select--Adernaline 0.'

2018-06-09 17:10:09 - [TEST_STEP][PASSED] - setText: Text '10' is set on object 'Object Repository/DispensaryToStore/Page_Dispensary Store/input_txttreat'

2018-06-09 17:10:09 - [MESSAGE][PASSED] - Text '10' is set on object 'Object Repository/DispensaryToStore/Page_Dispensary Store/input_txttreat'

2018-06-09 17:10:09 - [TEST_STEP][PASSED] - click: Object: 'Object Repository/DispensaryToStore/Page_Dispensary Store/button_Add' is clicked on

2018-06-09 17:10:09 - [MESSAGE][PASSED] - Object: 'Object Repository/DispensaryToStore/Page_Dispensary Store/button_Add' is clicked on

2018-06-09 17:10:09 - [TEST_STEP][PASSED] - selectOptionByIndex: All options with index in [9] are selected on object 'Object Repository/DispensaryToStore/Page_Dispensary Store/select_--Select--Schedule 1Inj'

2018-06-09 17:10:09 - [MESSAGE][PASSED] - All options with index in [9] are selected on object 'Object Repository/DispensaryToStore/Page_Dispensary Store/select_--Select--Schedule 1Inj'

2018-06-09 17:10:09 - [TEST_STEP][PASSED] - selectOptionByIndex: All options with index in [10] are selected on object 'Object Repository/DispensaryToStore/Page_Dispensary Store/select_--Select--Adernaline 0.'

2018-06-09 17:10:09 - [MESSAGE][PASSED] - All options with index in [10] are selected on object 'Object Repository/DispensaryToStore/Page_Dispensary Store/select_--Select--Adernaline 0.'

2018-06-09 17:10:09 - [TEST_STEP][PASSED] - setText: Text '10' is set on object 'Object Repository/DispensaryToStore/Page_Dispensary Store/input_txttreat'

2018-06-09 17:10:09 - [MESSAGE][PASSED] - Text '10' is set on object 'Object Repository/DispensaryToStore/Page_Dispensary Store/input_txttreat'

2018-06-09 17:10:09 - [TEST_STEP][PASSED] - click: Object: 'Object Repository/DispensaryToStore/Page_Dispensary Store/button_Add' is clicked on

2018-06-09 17:10:10 - [MESSAGE][PASSED] - Object: 'Object Repository/DispensaryToStore/Page_Dispensary Store/button_Add' is clicked on

2018-06-09 17:10:10 - [TEST_STEP][PASSED] - selectOptionByIndex: All options with index in [9] are selected on object 'Object Repository/DispensaryToStore/Page_Dispensary Store/select_--Select--Schedule 1Inj'

2018-06-09 17:10:10 - [MESSAGE][PASSED] - All options with index in [9] are selected on object 'Object Repository/DispensaryToStore/Page_Dispensary Store/select_--Select--Schedule 1Inj'

2018-06-09 17:10:10 - [TEST_STEP][PASSED] - selectOptionByIndex: All options with index in [11] are selected on object 'Object Repository/DispensaryToStore/Page_Dispensary Store/select_--Select--Adernaline 0.'

2018-06-09 17:10:10 - [MESSAGE][PASSED] - All options with index in [11] are selected on object 'Object Repository/DispensaryToStore/Page_Dispensary Store/select_--Select--Adernaline 0.'

2018-06-09 17:10:10 - [TEST_STEP][PASSED] - setText: Text '10' is set on object 'Object Repository/DispensaryToStore/Page_Dispensary Store/input_txttreat'

2018-06-09 17:10:10 - [MESSAGE][PASSED] - Text '10' is set on object 'Object Repository/DispensaryToStore/Page_Dispensary Store/input_txttreat'

2018-06-09 17:10:10 - [TEST_STEP][PASSED] - click: Object: 'Object Repository/DispensaryToStore/Page_Dispensary Store/button_Add' is clicked on

2018-06-09 17:10:10 - [MESSAGE][PASSED] - Object: 'Object Repository/DispensaryToStore/Page_Dispensary Store/button_Add' is clicked on

2018-06-09 17:10:10 - [TEST_STEP][PASSED] - selectOptionByIndex: All options with index in [9] are selected on object 'Object Repository/DispensaryToStore/Page_Dispensary Store/select_--Select--Schedule 1Inj'

2018-06-09 17:10:10 - [MESSAGE][PASSED] - All options with index in [9] are selected on object 'Object Repository/DispensaryToStore/Page_Dispensary Store/select_--Select--Schedule 1Inj'

2018-06-09 17:10:10 - [TEST_STEP][PASSED] - selectOptionByIndex: All options with index in [12] are selected on object 'Object Repository/DispensaryToStore/Page_Dispensary Store/select_--Select--Adernaline 0.'

2018-06-09 17:10:11 - [MESSAGE][PASSED] - All options with index in [12] are selected on object 'Object Repository/DispensaryToStore/Page_Dispensary Store/select_--Select--Adernaline 0.'

2018-06-09 17:10:11 - [TEST_STEP][PASSED] - setText: Text '10' is set on object 'Object Repository/DispensaryToStore/Page_Dispensary Store/input_txttreat'

2018-06-09 17:10:11 - [MESSAGE][PASSED] - Text '10' is set on object 'Object Repository/DispensaryToStore/Page_Dispensary Store/input_txttreat'

2018-06-09 17:10:11 - [TEST_STEP][PASSED] - click: Object: 'Object Repository/DispensaryToStore/Page_Dispensary Store/button_Add' is clicked on

2018-06-09 17:10:11 - [MESSAGE][PASSED] - Object: 'Object Repository/DispensaryToStore/Page_Dispensary Store/button_Add' is clicked on

2018-06-09 17:10:11 - [TEST_STEP][PASSED] - selectOptionByIndex: All options with index in [9] are selected on object 'Object Repository/DispensaryToStore/Page_Dispensary Store/select_--Select--Schedule 1Inj'

2018-06-09 17:10:11 - [MESSAGE][PASSED] - All options with index in [9] are selected on object 'Object Repository/DispensaryToStore/Page_Dispensary Store/select_--Select--Schedule 1Inj'

2018-06-09 17:10:11 - [TEST_STEP][PASSED] - selectOptionByIndex: All options with index in [13] are selected on object 'Object Repository/DispensaryToStore/Page_Dispensary Store/select_--Select--Adernaline 0.'

2018-06-09 17:10:12 - [MESSAGE][PASSED] - All options with index in [13] are selected on object 'Object Repository/DispensaryToStore/Page_Dispensary Store/select_--Select--Adernaline 0.'

2018-06-09 17:10:12 - [TEST_STEP][PASSED] - setText: Text '10' is set on object 'Object Repository/DispensaryToStore/Page_Dispensary Store/input_txttreat'

2018-06-09 17:10:12 - [MESSAGE][PASSED] - Text '10' is set on object 'Object Repository/DispensaryToStore/Page_Dispensary Store/input_txttreat'

2018-06-09 17:10:12 - [TEST_STEP][PASSED] - click: Object: 'Object Repository/DispensaryToStore/Page_Dispensary Store/button_Add' is clicked on

2018-06-09 17:10:12 - [MESSAGE][PASSED] - Object: 'Object Repository/DispensaryToStore/Page_Dispensary Store/button_Add' is clicked on

2018-06-09 17:10:12 - [TEST_STEP][PASSED] - selectOptionByIndex: All options with index in [9] are selected on object 'Object Repository/DispensaryToStore/Page_Dispensary Store/select_--Select--Schedule 1Inj'

2018-06-09 17:10:12 - [MESSAGE][PASSED] - All options with index in [9] are selected on object 'Object Repository/DispensaryToStore/Page_Dispensary Store/select_--Select--Schedule 1Inj'

2018-06-09 17:10:12 - [TEST_STEP][PASSED] - selectOptionByIndex: All options with index in [14] are selected on object 'Object Repository/DispensaryToStore/Page_Dispensary Store/select_--Select--Adernaline 0.'

2018-06-09 17:10:12 - [MESSAGE][PASSED] - All options with index in [14] are selected on object 'Object Repository/DispensaryToStore/Page_Dispensary Store/select_--Select--Adernaline 0.'

2018-06-09 17:10:12 - [TEST_STEP][PASSED] - setText: Text '10' is set on object 'Object Repository/DispensaryToStore/Page_Dispensary Store/input_txttreat'

2018-06-09 17:10:12 - [MESSAGE][PASSED] - Text '10' is set on object 'Object Repository/DispensaryToStore/Page_Dispensary Store/input_txttreat'

2018-06-09 17:10:12 - [TEST_STEP][PASSED] - click: Object: 'Object Repository/DispensaryToStore/Page_Dispensary Store/button_Add' is clicked on

2018-06-09 17:10:12 - [MESSAGE][PASSED] - Object: 'Object Repository/DispensaryToStore/Page_Dispensary Store/button_Add' is clicked on

2018-06-09 17:10:12 - [TEST_STEP][PASSED] - selectOptionByIndex: All options with index in [9] are selected on object 'Object Repository/DispensaryToStore/Page_Dispensary Store/select_--Select--Schedule 1Inj'

2018-06-09 17:10:13 - [MESSAGE][PASSED] - All options with index in [9] are selected on object 'Object Repository/DispensaryToStore/Page_Dispensary Store/select_--Select--Schedule 1Inj'

2018-06-09 17:10:13 - [TEST_STEP][PASSED] - selectOptionByIndex: All options with index in [15] are selected on object 'Object Repository/DispensaryToStore/Page_Dispensary Store/select_--Select--Adernaline 0.'

2018-06-09 17:10:13 - [MESSAGE][PASSED] - All options with index in [15] are selected on object 'Object Repository/DispensaryToStore/Page_Dispensary Store/select_--Select--Adernaline 0.'

2018-06-09 17:10:13 - [TEST_STEP][PASSED] - setText: Text '10' is set on object 'Object Repository/DispensaryToStore/Page_Dispensary Store/input_txttreat'

2018-06-09 17:10:13 - [MESSAGE][PASSED] - Text '10' is set on object 'Object Repository/DispensaryToStore/Page_Dispensary Store/input_txttreat'

2018-06-09 17:10:13 - [TEST_STEP][PASSED] - click: Object: 'Object Repository/DispensaryToStore/Page_Dispensary Store/button_Add' is clicked on

2018-06-09 17:10:13 - [MESSAGE][PASSED] - Object: 'Object Repository/DispensaryToStore/Page_Dispensary Store/button_Add' is clicked on

2018-06-09 17:10:13 - [TEST_STEP][PASSED] - selectOptionByIndex: All options with index in [9] are selected on object 'Object Repository/DispensaryToStore/Page_Dispensary Store/select_--Select--Schedule 1Inj'

2018-06-09 17:10:13 - [MESSAGE][PASSED] - All options with index in [9] are selected on object 'Object Repository/DispensaryToStore/Page_Dispensary Store/select_--Select--Schedule 1Inj'

2018-06-09 17:10:13 - [TEST_STEP][PASSED] - selectOptionByIndex: All options with index in [16] are selected on object 'Object Repository/DispensaryToStore/Page_Dispensary Store/select_--Select--Adernaline 0.'

2018-06-09 17:10:14 - [MESSAGE][PASSED] - All options with index in [16] are selected on object 'Object Repository/DispensaryToStore/Page_Dispensary Store/select_--Select--Adernaline 0.'

2018-06-09 17:10:14 - [TEST_STEP][PASSED] - setText: Text '10' is set on object 'Object Repository/DispensaryToStore/Page_Dispensary Store/input_txttreat'

2018-06-09 17:10:14 - [MESSAGE][PASSED] - Text '10' is set on object 'Object Repository/DispensaryToStore/Page_Dispensary Store/input_txttreat'

2018-06-09 17:10:14 - [TEST_STEP][PASSED] - click: Object: 'Object Repository/DispensaryToStore/Page_Dispensary Store/button_Add' is clicked on

2018-06-09 17:10:14 - [MESSAGE][PASSED] - Object: 'Object Repository/DispensaryToStore/Page_Dispensary Store/button_Add' is clicked on

2018-06-09 17:10:14 - [TEST_STEP][PASSED] - selectOptionByIndex: All options with index in [9] are selected on object 'Object Repository/DispensaryToStore/Page_Dispensary Store/select_--Select--Schedule 1Inj'

2018-06-09 17:10:14 - [MESSAGE][PASSED] - All options with index in [9] are selected on object 'Object Repository/DispensaryToStore/Page_Dispensary Store/select_--Select--Schedule 1Inj'

2018-06-09 17:10:14 - [TEST_STEP][PASSED] - selectOptionByIndex: All options with index in [17] are selected on object 'Object Repository/DispensaryToStore/Page_Dispensary Store/select_--Select--Adernaline 0.'

2018-06-09 17:10:14 - [MESSAGE][PASSED] - All options with index in [17] are selected on object 'Object Repository/DispensaryToStore/Page_Dispensary Store/select_--Select--Adernaline 0.'

2018-06-09 17:10:14 - [TEST_STEP][PASSED] - setText: Text '10' is set on object 'Object Repository/DispensaryToStore/Page_Dispensary Store/input_txttreat'

2018-06-09 17:10:15 - [MESSAGE][PASSED] - Text '10' is set on object 'Object Repository/DispensaryToStore/Page_Dispensary Store/input_txttreat'

2018-06-09 17:10:15 - [TEST_STEP][PASSED] - click: Object: 'Object Repository/DispensaryToStore/Page_Dispensary Store/button_Add' is clicked on

2018-06-09 17:10:15 - [MESSAGE][PASSED] - Object: 'Object Repository/DispensaryToStore/Page_Dispensary Store/button_Add' is clicked on

2018-06-09 17:10:15 - [TEST_STEP][PASSED] - selectOptionByIndex: All options with index in [9] are selected on object 'Object Repository/DispensaryToStore/Page_Dispensary Store/select_--Select--Schedule 1Inj'

2018-06-09 17:10:15 - [MESSAGE][PASSED] - All options with index in [9] are selected on object 'Object Repository/DispensaryToStore/Page_Dispensary Store/select_--Select--Schedule 1Inj'

2018-06-09 17:10:15 - [TEST_STEP][PASSED] - selectOptionByIndex: All options with index in [18] are selected on object 'Object Repository/DispensaryToStore/Page_Dispensary Store/select_--Select--Adernaline 0.'

2018-06-09 17:10:15 - [MESSAGE][PASSED] - All options with index in [18] are selected on object 'Object Repository/DispensaryToStore/Page_Dispensary Store/select_--Select--Adernaline 0.'

2018-06-09 17:10:15 - [TEST_STEP][PASSED] - setText: Text '10' is set on object 'Object Repository/DispensaryToStore/Page_Dispensary Store/input_txttreat'

2018-06-09 17:10:15 - [MESSAGE][PASSED] - Text '10' is set on object 'Object Repository/DispensaryToStore/Page_Dispensary Store/input_txttreat'

2018-06-09 17:10:15 - [TEST_STEP][PASSED] - click: Object: 'Object Repository/DispensaryToStore/Page_Dispensary Store/button_Add' is clicked on

2018-06-09 17:10:15 - [MESSAGE][PASSED] - Object: 'Object Repository/DispensaryToStore/Page_Dispensary Store/button_Add' is clicked on

2018-06-09 17:10:15 - [TEST_STEP][PASSED] - selectOptionByIndex: All options with index in [9] are selected on object 'Object Repository/DispensaryToStore/Page_Dispensary Store/select_--Select--Schedule 1Inj'

2018-06-09 17:10:16 - [MESSAGE][PASSED] - All options with index in [9] are selected on object 'Object Repository/DispensaryToStore/Page_Dispensary Store/select_--Select--Schedule 1Inj'

2018-06-09 17:10:16 - [TEST_STEP][PASSED] - selectOptionByIndex: All options with index in [19] are selected on object 'Object Repository/DispensaryToStore/Page_Dispensary Store/select_--Select--Adernaline 0.'

2018-06-09 17:10:16 - [MESSAGE][PASSED] - All options with index in [19] are selected on object 'Object Repository/DispensaryToStore/Page_Dispensary Store/select_--Select--Adernaline 0.'

2018-06-09 17:10:16 - [TEST_STEP][PASSED] - setText: Text '10' is set on object 'Object Repository/DispensaryToStore/Page_Dispensary Store/input_txttreat'

2018-06-09 17:10:16 - [MESSAGE][PASSED] - Text '10' is set on object 'Object Repository/DispensaryToStore/Page_Dispensary Store/input_txttreat'

2018-06-09 17:10:16 - [TEST_STEP][PASSED] - click: Object: 'Object Repository/DispensaryToStore/Page_Dispensary Store/button_Add' is clicked on

2018-06-09 17:10:16 - [MESSAGE][PASSED] - Object: 'Object Repository/DispensaryToStore/Page_Dispensary Store/button_Add' is clicked on

2018-06-09 17:10:16 - [TEST_STEP][PASSED] - selectOptionByIndex: All options with index in [9] are selected on object 'Object Repository/DispensaryToStore/Page_Dispensary Store/select_--Select--Schedule 1Inj'

2018-06-09 17:10:16 - [MESSAGE][PASSED] - All options with index in [9] are selected on object 'Object Repository/DispensaryToStore/Page_Dispensary Store/select_--Select--Schedule 1Inj'

2018-06-09 17:10:16 - [TEST_STEP][PASSED] - selectOptionByIndex: All options with index in [20] are selected on object 'Object Repository/DispensaryToStore/Page_Dispensary Store/select_--Select--Adernaline 0.'

2018-06-09 17:10:17 - [MESSAGE][PASSED] - All options with index in [20] are selected on object 'Object Repository/DispensaryToStore/Page_Dispensary Store/select_--Select--Adernaline 0.'

2018-06-09 17:10:17 - [TEST_STEP][PASSED] - setText: Text '10' is set on object 'Object Repository/DispensaryToStore/Page_Dispensary Store/input_txttreat'

2018-06-09 17:10:17 - [MESSAGE][PASSED] - Text '10' is set on object 'Object Repository/DispensaryToStore/Page_Dispensary Store/input_txttreat'

2018-06-09 17:10:17 - [TEST_STEP][PASSED] - click: Object: 'Object Repository/DispensaryToStore/Page_Dispensary Store/button_Add' is clicked on

2018-06-09 17:10:17 - [MESSAGE][PASSED] - Object: 'Object Repository/DispensaryToStore/Page_Dispensary Store/button_Add' is clicked on

2018-06-09 17:10:17 - [TEST_STEP][PASSED] - selectOptionByIndex: All options with index in [9] are selected on object 'Object Repository/DispensaryToStore/Page_Dispensary Store/select_--Select--Schedule 1Inj'

2018-06-09 17:10:17 - [MESSAGE][PASSED] - All options with index in [9] are selected on object 'Object Repository/DispensaryToStore/Page_Dispensary Store/select_--Select--Schedule 1Inj'

2018-06-09 17:10:17 - [TEST_STEP][PASSED] - selectOptionByIndex: All options with index in [21] are selected on object 'Object Repository/DispensaryToStore/Page_Dispensary Store/select_--Select--Adernaline 0.'

2018-06-09 17:10:18 - [MESSAGE][PASSED] - All options with index in [21] are selected on object 'Object Repository/DispensaryToStore/Page_Dispensary Store/select_--Select--Adernaline 0.'

2018-06-09 17:10:18 - [TEST_STEP][PASSED] - setText: Text '10' is set on object 'Object Repository/DispensaryToStore/Page_Dispensary Store/input_txttreat'

2018-06-09 17:10:18 - [MESSAGE][PASSED] - Text '10' is set on object 'Object Repository/DispensaryToStore/Page_Dispensary Store/input_txttreat'

2018-06-09 17:10:18 - [TEST_STEP][PASSED] - click: Object: 'Object Repository/DispensaryToStore/Page_Dispensary Store/button_Add' is clicked on

2018-06-09 17:10:18 - [MESSAGE][PASSED] - Object: 'Object Repository/DispensaryToStore/Page_Dispensary Store/button_Add' is clicked on

2018-06-09 17:10:18 - [TEST_STEP][PASSED] - selectOptionByIndex: All options with index in [9] are selected on object 'Object Repository/DispensaryToStore/Page_Dispensary Store/select_--Select--Schedule 1Inj'

2018-06-09 17:10:18 - [MESSAGE][PASSED] - All options with index in [9] are selected on object 'Object Repository/DispensaryToStore/Page_Dispensary Store/select_--Select--Schedule 1Inj'

2018-06-09 17:10:18 - [TEST_STEP][PASSED] - selectOptionByIndex: All options with index in [22] are selected on object 'Object Repository/DispensaryToStore/Page_Dispensary Store/select_--Select--Adernaline 0.'

2018-06-09 17:10:19 - [MESSAGE][PASSED] - All options with index in [22] are selected on object 'Object Repository/DispensaryToStore/Page_Dispensary Store/select_--Select--Adernaline 0.'

2018-06-09 17:10:19 - [TEST_STEP][PASSED] - setText: Text '10' is set on object 'Object Repository/DispensaryToStore/Page_Dispensary Store/input_txttreat'

2018-06-09 17:10:19 - [MESSAGE][PASSED] - Text '10' is set on object 'Object Repository/DispensaryToStore/Page_Dispensary Store/input_txttreat'

2018-06-09 17:10:19 - [TEST_STEP][PASSED] - click: Object: 'Object Repository/DispensaryToStore/Page_Dispensary Store/button_Add' is clicked on

2018-06-09 17:10:19 - [MESSAGE][PASSED] - Object: 'Object Repository/DispensaryToStore/Page_Dispensary Store/button_Add' is clicked on

2018-06-09 17:10:19 - [TEST_STEP][PASSED] - selectOptionByIndex: All options with index in [9] are selected on object 'Object Repository/DispensaryToStore/Page_Dispensary Store/select_--Select--Schedule 1Inj'

2018-06-09 17:10:19 - [MESSAGE][PASSED] - All options with index in [9] are selected on object 'Object Repository/DispensaryToStore/Page_Dispensary Store/select_--Select--Schedule 1Inj'

2018-06-09 17:10:19 - [TEST_STEP][PASSED] - selectOptionByIndex: All options with index in [23] are selected on object 'Object Repository/DispensaryToStore/Page_Dispensary Store/select_--Select--Adernaline 0.'

2018-06-09 17:10:20 - [MESSAGE][PASSED] - All options with index in [23] are selected on object 'Object Repository/DispensaryToStore/Page_Dispensary Store/select_--Select--Adernaline 0.'

2018-06-09 17:10:20 - [TEST_STEP][PASSED] - setText: Text '10' is set on object 'Object Repository/DispensaryToStore/Page_Dispensary Store/input_txttreat'

2018-06-09 17:10:20 - [MESSAGE][PASSED] - Text '10' is set on object 'Object Repository/DispensaryToStore/Page_Dispensary Store/input_txttreat'

2018-06-09 17:10:20 - [TEST_STEP][PASSED] - click: Object: 'Object Repository/DispensaryToStore/Page_Dispensary Store/button_Add' is clicked on

2018-06-09 17:10:20 - [MESSAGE][PASSED] - Object: 'Object Repository/DispensaryToStore/Page_Dispensary Store/button_Add' is clicked on

2018-06-09 17:10:20 - [TEST_STEP][PASSED] - selectOptionByIndex: All options with index in [9] are selected on object 'Object Repository/DispensaryToStore/Page_Dispensary Store/select_--Select--Schedule 1Inj'

2018-06-09 17:10:20 - [MESSAGE][PASSED] - All options with index in [9] are selected on object 'Object Repository/DispensaryToStore/Page_Dispensary Store/select_--Select--Schedule 1Inj'

2018-06-09 17:10:20 - [TEST_STEP][PASSED] - selectOptionByIndex: All options with index in [24] are selected on object 'Object Repository/DispensaryToStore/Page_Dispensary Store/select_--Select--Adernaline 0.'

2018-06-09 17:10:20 - [MESSAGE][PASSED] - All options with index in [24] are selected on object 'Object Repository/DispensaryToStore/Page_Dispensary Store/select_--Select--Adernaline 0.'

2018-06-09 17:10:20 - [TEST_STEP][PASSED] - setText: Text '10' is set on object 'Object Repository/DispensaryToStore/Page_Dispensary Store/input_txttreat'

2018-06-09 17:10:21 - [MESSAGE][PASSED] - Text '10' is set on object 'Object Repository/DispensaryToStore/Page_Dispensary Store/input_txttreat'

2018-06-09 17:10:21 - [TEST_STEP][PASSED] - click: Object: 'Object Repository/DispensaryToStore/Page_Dispensary Store/button_Add' is clicked on

2018-06-09 17:10:21 - [MESSAGE][PASSED] - Object: 'Object Repository/DispensaryToStore/Page_Dispensary Store/button_Add' is clicked on

2018-06-09 17:10:21 - [TEST_STEP][PASSED] - selectOptionByIndex: All options with index in [9] are selected on object 'Object Repository/DispensaryToStore/Page_Dispensary Store/select_--Select--Schedule 1Inj'

2018-06-09 17:10:21 - [MESSAGE][PASSED] - All options with index in [9] are selected on object 'Object Repository/DispensaryToStore/Page_Dispensary Store/select_--Select--Schedule 1Inj'

2018-06-09 17:10:21 - [TEST_STEP][PASSED] - selectOptionByIndex: All options with index in [25] are selected on object 'Object Repository/DispensaryToStore/Page_Dispensary Store/select_--Select--Adernaline 0.'

2018-06-09 17:10:21 - [MESSAGE][PASSED] - All options with index in [25] are selected on object 'Object Repository/DispensaryToStore/Page_Dispensary Store/select_--Select--Adernaline 0.'

2018-06-09 17:10:21 - [TEST_STEP][PASSED] - setText: Text '10' is set on object 'Object Repository/DispensaryToStore/Page_Dispensary Store/input_txttreat'

2018-06-09 17:10:22 - [MESSAGE][PASSED] - Text '10' is set on object 'Object Repository/DispensaryToStore/Page_Dispensary Store/input_txttreat'

2018-06-09 17:10:22 - [TEST_STEP][PASSED] - click: Object: 'Object Repository/DispensaryToStore/Page_Dispensary Store/button_Add' is clicked on

2018-06-09 17:10:22 - [MESSAGE][PASSED] - Object: 'Object Repository/DispensaryToStore/Page_Dispensary Store/button_Add' is clicked on

2018-06-09 17:10:22 - [TEST_STEP][PASSED] - selectOptionByIndex: All options with index in [9] are selected on object 'Object Repository/DispensaryToStore/Page_Dispensary Store/select_--Select--Schedule 1Inj'

2018-06-09 17:10:22 - [MESSAGE][PASSED] - All options with index in [9] are selected on object 'Object Repository/DispensaryToStore/Page_Dispensary Store/select_--Select--Schedule 1Inj'

2018-06-09 17:10:22 - [TEST_STEP][PASSED] - selectOptionByIndex: All options with index in [26] are selected on object 'Object Repository/DispensaryToStore/Page_Dispensary Store/select_--Select--Adernaline 0.'

2018-06-09 17:10:22 - [MESSAGE][PASSED] - All options with index in [26] are selected on object 'Object Repository/DispensaryToStore/Page_Dispensary Store/select_--Select--Adernaline 0.'

2018-06-09 17:10:22 - [TEST_STEP][PASSED] - setText: Text '10' is set on object 'Object Repository/DispensaryToStore/Page_Dispensary Store/input_txttreat'

2018-06-09 17:10:22 - [MESSAGE][PASSED] - Text '10' is set on object 'Object Repository/DispensaryToStore/Page_Dispensary Store/input_txttreat'

2018-06-09 17:10:22 - [TEST_STEP][PASSED] - click: Object: 'Object Repository/DispensaryToStore/Page_Dispensary Store/button_Add' is clicked on

2018-06-09 17:10:23 - [MESSAGE][PASSED] - Object: 'Object Repository/DispensaryToStore/Page_Dispensary Store/button_Add' is clicked on

2018-06-09 17:10:23 - [TEST_STEP][PASSED] - selectOptionByIndex: All options with index in [9] are selected on object 'Object Repository/DispensaryToStore/Page_Dispensary Store/select_--Select--Schedule 1Inj'

2018-06-09 17:10:23 - [MESSAGE][PASSED] - All options with index in [9] are selected on object 'Object Repository/DispensaryToStore/Page_Dispensary Store/select_--Select--Schedule 1Inj'

2018-06-09 17:10:23 - [TEST_STEP][PASSED] - selectOptionByIndex: All options with index in [27] are selected on object 'Object Repository/DispensaryToStore/Page_Dispensary Store/select_--Select--Adernaline 0.'

2018-06-09 17:10:23 - [MESSAGE][PASSED] - All options with index in [27] are selected on object 'Object Repository/DispensaryToStore/Page_Dispensary Store/select_--Select--Adernaline 0.'

2018-06-09 17:10:23 - [TEST_STEP][PASSED] - setText: Text '10' is set on object 'Object Repository/DispensaryToStore/Page_Dispensary Store/input_txttreat'

2018-06-09 17:10:23 - [MESSAGE][PASSED] - Text '10' is set on object 'Object Repository/DispensaryToStore/Page_Dispensary Store/input_txttreat'

2018-06-09 17:10:23 - [TEST_STEP][PASSED] - click: Object: 'Object Repository/DispensaryToStore/Page_Dispensary Store/button_Add' is clicked on

2018-06-09 17:10:23 - [MESSAGE][PASSED] - Object: 'Object Repository/DispensaryToStore/Page_Dispensary Store/button_Add' is clicked on

2018-06-09 17:10:23 - [TEST_STEP][PASSED] - selectOptionByIndex: All options with index in [9] are selected on object 'Object Repository/DispensaryToStore/Page_Dispensary Store/select_--Select--Schedule 1Inj'

2018-06-09 17:10:24 - [MESSAGE][PASSED] - All options with index in [9] are selected on object 'Object Repository/DispensaryToStore/Page_Dispensary Store/select_--Select--Schedule 1Inj'

2018-06-09 17:10:24 - [TEST_STEP][PASSED] - selectOptionByIndex: All options with index in [28] are selected on object 'Object Repository/DispensaryToStore/Page_Dispensary Store/select_--Select--Adernaline 0.'

2018-06-09 17:10:24 - [MESSAGE][PASSED] - All options with index in [28] are selected on object 'Object Repository/DispensaryToStore/Page_Dispensary Store/select_--Select--Adernaline 0.'

2018-06-09 17:10:24 - [TEST_STEP][PASSED] - setText: Text '10' is set on object 'Object Repository/DispensaryToStore/Page_Dispensary Store/input_txttreat'

2018-06-09 17:10:24 - [MESSAGE][PASSED] - Text '10' is set on object 'Object Repository/DispensaryToStore/Page_Dispensary Store/input_txttreat'

2018-06-09 17:10:24 - [TEST_STEP][PASSED] - click: Object: 'Object Repository/DispensaryToStore/Page_Dispensary Store/button_Add' is clicked on

2018-06-09 17:10:24 - [MESSAGE][PASSED] - Object: 'Object Repository/DispensaryToStore/Page_Dispensary Store/button_Add' is clicked on

2018-06-09 17:10:24 - [TEST_STEP][PASSED] - selectOptionByIndex: All options with index in [9] are selected on object 'Object Repository/DispensaryToStore/Page_Dispensary Store/select_--Select--Schedule 1Inj'

2018-06-09 17:10:24 - [MESSAGE][PASSED] - All options with index in [9] are selected on object 'Object Repository/DispensaryToStore/Page_Dispensary Store/select_--Select--Schedule 1Inj'

2018-06-09 17:10:24 - [TEST_STEP][PASSED] - selectOptionByIndex: All options with index in [29] are selected on object 'Object Repository/DispensaryToStore/Page_Dispensary Store/select_--Select--Adernaline 0.'

2018-06-09 17:10:25 - [MESSAGE][PASSED] - All options with index in [29] are selected on object 'Object Repository/DispensaryToStore/Page_Dispensary Store/select_--Select--Adernaline 0.'

2018-06-09 17:10:25 - [TEST_STEP][PASSED] - setText: Text '10' is set on object 'Object Repository/DispensaryToStore/Page_Dispensary Store/input_txttreat'

2018-06-09 17:10:25 - [MESSAGE][PASSED] - Text '10' is set on object 'Object Repository/DispensaryToStore/Page_Dispensary Store/input_txttreat'

2018-06-09 17:10:25 - [TEST_STEP][PASSED] - click: Object: 'Object Repository/DispensaryToStore/Page_Dispensary Store/button_Add' is clicked on

2018-06-09 17:10:25 - [MESSAGE][PASSED] - Object: 'Object Repository/DispensaryToStore/Page_Dispensary Store/button_Add' is clicked on

2018-06-09 17:10:25 - [TEST_STEP][PASSED] - selectOptionByIndex: All options with index in [9] are selected on object 'Object Repository/DispensaryToStore/Page_Dispensary Store/select_--Select--Schedule 1Inj'

2018-06-09 17:10:25 - [MESSAGE][PASSED] - All options with index in [9] are selected on object 'Object Repository/DispensaryToStore/Page_Dispensary Store/select_--Select--Schedule 1Inj'

2018-06-09 17:10:25 - [TEST_STEP][PASSED] - selectOptionByIndex: All options with index in [30] are selected on object 'Object Repository/DispensaryToStore/Page_Dispensary Store/select_--Select--Adernaline 0.'

2018-06-09 17:10:26 - [MESSAGE][PASSED] - All options with index in [30] are selected on object 'Object Repository/DispensaryToStore/Page_Dispensary Store/select_--Select--Adernaline 0.'

2018-06-09 17:10:26 - [TEST_STEP][PASSED] - setText: Text '10' is set on object 'Object Repository/DispensaryToStore/Page_Dispensary Store/input_txttreat'

2018-06-09 17:10:26 - [MESSAGE][PASSED] - Text '10' is set on object 'Object Repository/DispensaryToStore/Page_Dispensary Store/input_txttreat'

2018-06-09 17:10:26 - [TEST_STEP][PASSED] - click: Object: 'Object Repository/DispensaryToStore/Page_Dispensary Store/button_Add' is clicked on

2018-06-09 17:10:26 - [MESSAGE][PASSED] - Object: 'Object Repository/DispensaryToStore/Page_Dispensary Store/button_Add' is clicked on

2018-06-09 17:10:26 - [TEST_STEP][PASSED] - selectOptionByIndex: All options with index in [9] are selected on object 'Object Repository/DispensaryToStore/Page_Dispensary Store/select_--Select--Schedule 1Inj'

2018-06-09 17:10:26 - [MESSAGE][PASSED] - All options with index in [9] are selected on object 'Object Repository/DispensaryToStore/Page_Dispensary Store/select_--Select--Schedule 1Inj'

2018-06-09 17:10:26 - [TEST_STEP][PASSED] - selectOptionByIndex: All options with index in [31] are selected on object 'Object Repository/DispensaryToStore/Page_Dispensary Store/select_--Select--Adernaline 0.'

2018-06-09 17:10:27 - [MESSAGE][PASSED] - All options with index in [31] are selected on object 'Object Repository/DispensaryToStore/Page_Dispensary Store/select_--Select--Adernaline 0.'

2018-06-09 17:10:27 - [TEST_STEP][PASSED] - setText: Text '10' is set on object 'Object Repository/DispensaryToStore/Page_Dispensary Store/input_txttreat'

2018-06-09 17:10:27 - [MESSAGE][PASSED] - Text '10' is set on object 'Object Repository/DispensaryToStore/Page_Dispensary Store/input_txttreat'

2018-06-09 17:10:27 - [TEST_STEP][PASSED] - click: Object: 'Object Repository/DispensaryToStore/Page_Dispensary Store/button_Add' is clicked on

2018-06-09 17:10:27 - [MESSAGE][PASSED] - Object: 'Object Repository/DispensaryToStore/Page_Dispensary Store/button_Add' is clicked on

2018-06-09 17:10:27 - [TEST_STEP][PASSED] - selectOptionByIndex: All options with index in [9] are selected on object 'Object Repository/DispensaryToStore/Page_Dispensary Store/select_--Select--Schedule 1Inj'

2018-06-09 17:10:27 - [MESSAGE][PASSED] - All options with index in [9] are selected on object 'Object Repository/DispensaryToStore/Page_Dispensary Store/select_--Select--Schedule 1Inj'

2018-06-09 17:10:27 - [TEST_STEP][PASSED] - selectOptionByIndex: All options with index in [32] are selected on object 'Object Repository/DispensaryToStore/Page_Dispensary Store/select_--Select--Adernaline 0.'

2018-06-09 17:10:27 - [MESSAGE][PASSED] - All options with index in [32] are selected on object 'Object Repository/DispensaryToStore/Page_Dispensary Store/select_--Select--Adernaline 0.'

2018-06-09 17:10:27 - [TEST_STEP][PASSED] - setText: Text '10' is set on object 'Object Repository/DispensaryToStore/Page_Dispensary Store/input_txttreat'

2018-06-09 17:10:28 - [MESSAGE][PASSED] - Text '10' is set on object 'Object Repository/DispensaryToStore/Page_Dispensary Store/input_txttreat'

2018-06-09 17:10:28 - [TEST_STEP][PASSED] - click: Object: 'Object Repository/DispensaryToStore/Page_Dispensary Store/button_Add' is clicked on

2018-06-09 17:10:28 - [MESSAGE][PASSED] - Object: 'Object Repository/DispensaryToStore/Page_Dispensary Store/button_Add' is clicked on

2018-06-09 17:10:28 - [TEST_STEP][PASSED] - selectOptionByIndex: All options with index in [9] are selected on object 'Object Repository/DispensaryToStore/Page_Dispensary Store/select_--Select--Schedule 1Inj'

2018-06-09 17:10:28 - [MESSAGE][PASSED] - All options with index in [9] are selected on object 'Object Repository/DispensaryToStore/Page_Dispensary Store/select_--Select--Schedule 1Inj'

2018-06-09 17:10:28 - [TEST_STEP][PASSED] - selectOptionByIndex: All options with index in [33] are selected on object 'Object Repository/DispensaryToStore/Page_Dispensary Store/select_--Select--Adernaline 0.'

2018-06-09 17:10:28 - [MESSAGE][PASSED] - All options with index in [33] are selected on object 'Object Repository/DispensaryToStore/Page_Dispensary Store/select_--Select--Adernaline 0.'

2018-06-09 17:10:28 - [TEST_STEP][PASSED] - setText: Text '10' is set on object 'Object Repository/DispensaryToStore/Page_Dispensary Store/input_txttreat'

2018-06-09 17:10:28 - [MESSAGE][PASSED] - Text '10' is set on object 'Object Repository/DispensaryToStore/Page_Dispensary Store/input_txttreat'

2018-06-09 17:10:28 - [TEST_STEP][PASSED] - click: Object: 'Object Repository/DispensaryToStore/Page_Dispensary Store/button_Add' is clicked on

2018-06-09 17:10:28 - [MESSAGE][PASSED] - Object: 'Object Repository/DispensaryToStore/Page_Dispensary Store/button_Add' is clicked on

2018-06-09 17:10:28 - [TEST_STEP][PASSED] - selectOptionByIndex: All options with index in [9] are selected on object 'Object Repository/DispensaryToStore/Page_Dispensary Store/select_--Select--Schedule 1Inj'

2018-06-09 17:10:29 - [MESSAGE][PASSED] - All options with index in [9] are selected on object 'Object Repository/DispensaryToStore/Page_Dispensary Store/select_--Select--Schedule 1Inj'

2018-06-09 17:10:29 - [TEST_STEP][PASSED] - selectOptionByIndex: All options with index in [34] are selected on object 'Object Repository/DispensaryToStore/Page_Dispensary Store/select_--Select--Adernaline 0.'

2018-06-09 17:10:29 - [MESSAGE][PASSED] - All options with index in [34] are selected on object 'Object Repository/DispensaryToStore/Page_Dispensary Store/select_--Select--Adernaline 0.'

2018-06-09 17:10:29 - [TEST_STEP][PASSED] - setText: Text '10' is set on object 'Object Repository/DispensaryToStore/Page_Dispensary Store/input_txttreat'

2018-06-09 17:10:29 - [MESSAGE][PASSED] - Text '10' is set on object 'Object Repository/DispensaryToStore/Page_Dispensary Store/input_txttreat'

2018-06-09 17:10:29 - [TEST_STEP][PASSED] - click: Object: 'Object Repository/DispensaryToStore/Page_Dispensary Store/button_Add' is clicked on

2018-06-09 17:10:29 - [MESSAGE][PASSED] - Object: 'Object Repository/DispensaryToStore/Page_Dispensary Store/button_Add' is clicked on

2018-06-09 17:10:29 - [TEST_STEP][PASSED] - selectOptionByIndex: All options with index in [9] are selected on object 'Object Repository/DispensaryToStore/Page_Dispensary Store/select_--Select--Schedule 1Inj'

2018-06-09 17:10:30 - [MESSAGE][PASSED] - All options with index in [9] are selected on object 'Object Repository/DispensaryToStore/Page_Dispensary Store/select_--Select--Schedule 1Inj'

2018-06-09 17:10:30 - [TEST_STEP][PASSED] - selectOptionByIndex: All options with index in [35] are selected on object 'Object Repository/DispensaryToStore/Page_Dispensary Store/select_--Select--Adernaline 0.'

2018-06-09 17:10:30 - [MESSAGE][PASSED] - All options with index in [35] are selected on object 'Object Repository/DispensaryToStore/Page_Dispensary Store/select_--Select--Adernaline 0.'

2018-06-09 17:10:30 - [TEST_STEP][PASSED] - setText: Text '10' is set on object 'Object Repository/DispensaryToStore/Page_Dispensary Store/input_txttreat'

2018-06-09 17:10:30 - [MESSAGE][PASSED] - Text '10' is set on object 'Object Repository/DispensaryToStore/Page_Dispensary Store/input_txttreat'

2018-06-09 17:10:30 - [TEST_STEP][PASSED] - click: Object: 'Object Repository/DispensaryToStore/Page_Dispensary Store/button_Add' is clicked on

2018-06-09 17:10:30 - [MESSAGE][PASSED] - Object: 'Object Repository/DispensaryToStore/Page_Dispensary Store/button_Add' is clicked on

2018-06-09 17:10:30 - [TEST_STEP][PASSED] - scrollToElement: Scroll to object 'Object Repository/DispensaryToStore/Page_Dispensary Store/input_btnsave' successfully

2018-06-09 17:10:30 - [MESSAGE][PASSED] - Scroll to object 'Object Repository/DispensaryToStore/Page_Dispensary Store/input_btnsave' successfully

2018-06-09 17:10:30 - [TEST_STEP][PASSED] - click: Object: 'Object Repository/DispensaryToStore/Page_Dispensary Store/input_btnsave' is clicked on

2018-06-09 17:10:30 - [MESSAGE][PASSED] - Object: 'Object Repository/DispensaryToStore/Page_Dispensary Store/input_btnsave' is clicked on

2018-06-09 17:10:30 - [TEST_STEP][PASSED] - delay: Delayed 3 second(s)

2018-06-09 17:10:33 - [MESSAGE][PASSED] - Delayed 3 second(s)

2018-06-09 17:10:33 - [TEST_STEP][PASSED] - Statement - RN1 = com.kms.katalon.core.webui.keyword.WebUiBuiltInKeywords.getText(com.kms.katalon.core.testobject.ObjectRepository.findTestObject(DispensaryToStore/Page_Dispensary Store/font_HPRNO180520187)): Text of object 'Object Repository/DispensaryToStore/Page_Dispensary Store/font_HPRNO180520187' is: 'DPRNO/09062018/216'

2018-06-09 17:10:33 - [MESSAGE][PASSED] - Text of object 'Object Repository/DispensaryToStore/Page_Dispensary Store/font_HPRNO180520187' is: 'DPRNO/09062018/216'

2018-06-09 17:10:33 - [TEST_STEP][PASSED] - Statement - out.println(RN1): null

2018-06-09 17:10:33 - [TEST_STEP][PASSED] - Statement - RID = RN1.split("/")[2]: null

2018-06-09 17:10:33 - [TEST_STEP][PASSED] - click: Object: 'Object Repository/DispensaryToStore/Page_Dispensary Store/button_OK' is clicked on

2018-06-09 17:10:34 - [MESSAGE][PASSED] - Object: 'Object Repository/DispensaryToStore/Page_Dispensary Store/button_OK' is clicked on

2018-06-09 17:10:34 - [TEST_STEP][PASSED] - delay: Delayed 3 second(s)

2018-06-09 17:10:37 - [MESSAGE][PASSED] - Delayed 3 second(s)

2018-06-09 17:10:37 - [TEST_STEP][PASSED] - click: Object: 'Object Repository/DispensaryToStore/Page_Dispensary Store/a_dropdown-toggle' is clicked on

2018-06-09 17:10:37 - [MESSAGE][PASSED] - Object: 'Object Repository/DispensaryToStore/Page_Dispensary Store/a_dropdown-toggle' is clicked on

2018-06-09 17:10:37 - [TEST_STEP][PASSED] - click: Object: 'Object Repository/DispensaryToStore/Page_Dispensary Store/a_Sign out' is clicked on

2018-06-09 17:10:38 - [MESSAGE][PASSED] - Object: 'Object Repository/DispensaryToStore/Page_Dispensary Store/a_Sign out' is clicked on

2018-06-09 17:10:38 - [TEST_STEP][PASSED] - delay: Delayed 3 second(s)

2018-06-09 17:10:41 - [MESSAGE][PASSED] - Delayed 3 second(s)

2018-06-09 17:10:41 - [TEST_STEP][PASSED] - navigateToUrl: Navigate to 'http://192.168.137.1/multihospital_new/' successfully

2018-06-09 17:10:41 - [MESSAGE][PASSED] - Navigate to 'http://192.168.137.1/multihospital_new/' successfully

2018-06-09 17:10:41 - [TEST_STEP][PASSED] - click: Object: 'Object Repository/DispensaryToStore/Page_KDMC/a_CMO' is clicked on

2018-06-09 17:10:42 - [MESSAGE][PASSED] - Object: 'Object Repository/DispensaryToStore/Page_KDMC/a_CMO' is clicked on

2018-06-09 17:10:42 - [TEST_STEP][PASSED] - setText: Text 'guru' is set on object 'Object Repository/DispensaryToStore/Page_CMO login/input_txtusername'

2018-06-09 17:10:42 - [MESSAGE][PASSED] - Text 'guru' is set on object 'Object Repository/DispensaryToStore/Page_CMO login/input_txtusername'

2018-06-09 17:10:42 - [TEST_STEP][PASSED] - setText: Text '123' is set on object 'Object Repository/DispensaryToStore/Page_CMO login/input_txtpassword'

2018-06-09 17:10:42 - [MESSAGE][PASSED] - Text '123' is set on object 'Object Repository/DispensaryToStore/Page_CMO login/input_txtpassword'

2018-06-09 17:10:42 - [TEST_STEP][PASSED] - delay: Delayed 3 second(s)

2018-06-09 17:10:45 - [MESSAGE][PASSED] - Delayed 3 second(s)

2018-06-09 17:10:45 - [TEST_STEP][PASSED] - click: Object: 'Object Repository/DispensaryToStore/Page_CMO login/button_Sign in' is clicked on

2018-06-09 17:10:47 - [MESSAGE][PASSED] - Object: 'Object Repository/DispensaryToStore/Page_CMO login/button_Sign in' is clicked on

2018-06-09 17:10:47 - [TEST_STEP][PASSED] - click: Object: 'Object Repository/DispensaryToStore/Page_KDMC - CMO/a_Department Wise Request' is clicked on

2018-06-09 17:10:49 - [MESSAGE][PASSED] - Object: 'Object Repository/DispensaryToStore/Page_KDMC - CMO/a_Department Wise Request' is clicked on

2018-06-09 17:10:49 - [TEST_STEP][PASSED] - delay: Delayed 2 second(s)

2018-06-09 17:10:51 - [MESSAGE][PASSED] - Delayed 2 second(s)

2018-06-09 17:10:51 - [TEST_STEP][PASSED] - selectOptionByIndex: All options with index in [6] are selected on object 'Object Repository/DispensaryToStore/Page_KDMC - CMO/select_--ALL--'

2018-06-09 17:10:51 - [MESSAGE][PASSED] - All options with index in [6] are selected on object 'Object Repository/DispensaryToStore/Page_KDMC - CMO/select_--ALL--'

2018-06-09 17:10:51 - [TEST_STEP][PASSED] - click: Object: 'Object Repository/DispensaryToStore/Page_KDMC - CMO/input_btnsearch' is clicked on

2018-06-09 17:10:51 - [MESSAGE][PASSED] - Object: 'Object Repository/DispensaryToStore/Page_KDMC - CMO/input_btnsearch' is clicked on

2018-06-09 17:10:51 - [TEST_STEP][PASSED] - selectOptionByIndex: All options with index in [1] are selected on object 'Object Repository/DispensaryToStore/Page_KDMC - CMO/select_--ALL--                _1'

2018-06-09 17:10:51 - [MESSAGE][PASSED] - All options with index in [1] are selected on object 'Object Repository/DispensaryToStore/Page_KDMC - CMO/select_--ALL--                _1'

2018-06-09 17:10:51 - [TEST_STEP][PASSED] - click: Object: 'Object Repository/DispensaryToStore/Page_KDMC - CMO/input_btnsearch' is clicked on

2018-06-09 17:10:51 - [MESSAGE][PASSED] - Object: 'Object Repository/DispensaryToStore/Page_KDMC - CMO/input_btnsearch' is clicked on

2018-06-09 17:10:51 - [TEST_STEP][PASSED] - Statement - ID = com.kms.katalon.core.webui.keyword.WebUiBuiltInKeywords.modifyObjectProperty(com.kms.katalon.core.testobject.ObjectRepository.findTestObject(lab/Page_KDMC - CMO/input_1), "xpath", "equals", "//*[@id=" + RID + "]", true): Modify property of object successfully

2018-06-09 17:10:51 - [MESSAGE][PASSED] - Modify property of object successfully

2018-06-09 17:10:51 - [TEST_STEP][PASSED] - click: Object: 'Object Repository/lab/Page_KDMC - CMO/input_1' is clicked on

2018-06-09 17:10:52 - [MESSAGE][PASSED] - Object: 'Object Repository/lab/Page_KDMC - CMO/input_1' is clicked on

2018-06-09 17:10:52 - [TEST_STEP][PASSED] - delay: Delayed 2 second(s)

2018-06-09 17:10:54 - [MESSAGE][PASSED] - Delayed 2 second(s)

2018-06-09 17:10:54 - [TEST_STEP][PASSED] - selectOptionByIndex: All options with index in [1] are selected on object 'Object Repository/DispensaryToStore/Page_KDMC - CMO/select_--Select--'

2018-06-09 17:10:54 - [MESSAGE][PASSED] - All options with index in [1] are selected on object 'Object Repository/DispensaryToStore/Page_KDMC - CMO/select_--Select--'

2018-06-09 17:10:54 - [TEST_STEP][PASSED] - click: Object: 'Object Repository/DispensaryToStore/Page_KDMC - CMO/input_btnupdate' is clicked on

2018-06-09 17:10:54 - [MESSAGE][PASSED] - Object: 'Object Repository/DispensaryToStore/Page_KDMC - CMO/input_btnupdate' is clicked on

2018-06-09 17:10:54 - [TEST_STEP][PASSED] - delay: Delayed 2 second(s)

2018-06-09 17:10:56 - [MESSAGE][PASSED] - Delayed 2 second(s)

2018-06-09 17:10:56 - [TEST_STEP][PASSED] - click: Object: 'Object Repository/DispensaryToStore/Page_KDMC - CMO/button_OK' is clicked on

2018-06-09 17:10:57 - [MESSAGE][PASSED] - Object: 'Object Repository/DispensaryToStore/Page_KDMC - CMO/button_OK' is clicked on

2018-06-09 17:10:57 - [TEST_STEP][PASSED] - delay: Delayed 2 second(s)

2018-06-09 17:10:59 - [MESSAGE][PASSED] - Delayed 2 second(s)

2018-06-09 17:10:59 - [TEST_STEP][PASSED] - click: Object: 'Object Repository/DispensaryToStore/Page_KDMC - CMO/a_dropdown-toggle' is clicked on

2018-06-09 17:10:59 - [MESSAGE][PASSED] - Object: 'Object Repository/DispensaryToStore/Page_KDMC - CMO/a_dropdown-toggle' is clicked on

2018-06-09 17:10:59 - [TEST_STEP][PASSED] - click: Object: 'Object Repository/DispensaryToStore/Page_KDMC - CMO/a_Sign out' is clicked on

2018-06-09 17:10:59 - [MESSAGE][PASSED] - Object: 'Object Repository/DispensaryToStore/Page_KDMC - CMO/a_Sign out' is clicked on

2018-06-09 17:10:59 - [TEST_STEP][PASSED] - delay: Delayed 3 second(s)

2018-06-09 17:11:02 - [MESSAGE][PASSED] - Delayed 3 second(s)

2018-06-09 17:11:02 - [TEST_STEP][PASSED] - click: Object: 'Object Repository/DispensaryToStore/Page_KDMC/a_Divisional Store' is clicked on

2018-06-09 17:11:03 - [MESSAGE][PASSED] - Object: 'Object Repository/DispensaryToStore/Page_KDMC/a_Divisional Store' is clicked on

2018-06-09 17:11:03 - [TEST_STEP][PASSED] - setText: Text 'ragu' is set on object 'Object Repository/DispensaryToStore/Page_Divisonal Store Login/input_txtusername'

2018-06-09 17:11:03 - [MESSAGE][PASSED] - Text 'ragu' is set on object 'Object Repository/DispensaryToStore/Page_Divisonal Store Login/input_txtusername'

2018-06-09 17:11:03 - [TEST_STEP][PASSED] - setText: Text '123' is set on object 'Object Repository/DispensaryToStore/Page_Divisonal Store Login/input_txtpassword'

2018-06-09 17:11:03 - [MESSAGE][PASSED] - Text '123' is set on object 'Object Repository/DispensaryToStore/Page_Divisonal Store Login/input_txtpassword'

2018-06-09 17:11:03 - [TEST_STEP][PASSED] - delay: Delayed 3 second(s)

2018-06-09 17:11:06 - [MESSAGE][PASSED] - Delayed 3 second(s)

2018-06-09 17:11:06 - [TEST_STEP][PASSED] - click: Object: 'Object Repository/DispensaryToStore/Page_Divisonal Store Login/button_Sign in' is clicked on

2018-06-09 17:11:08 - [MESSAGE][PASSED] - Object: 'Object Repository/DispensaryToStore/Page_Divisonal Store Login/button_Sign in' is clicked on

2018-06-09 17:11:08 - [TEST_STEP][PASSED] - delay: Delayed 3 second(s)

2018-06-09 17:11:11 - [MESSAGE][PASSED] - Delayed 3 second(s)

2018-06-09 17:11:11 - [TEST_STEP][PASSED] - scrollToPosition: Browser is scrolled to position x = 100, y = 100

2018-06-09 17:11:11 - [MESSAGE][PASSED] - Browser is scrolled to position x = 100, y = 100

2018-06-09 17:11:11 - [TEST_STEP][PASSED] - click: Object: 'Object Repository/DispensaryToStore/Page_Store/a_Dispensary Request' is clicked on

2018-06-09 17:11:11 - [MESSAGE][PASSED] - Object: 'Object Repository/DispensaryToStore/Page_Store/a_Dispensary Request' is clicked on

2018-06-09 17:11:11 - [TEST_STEP][PASSED] - delay: Delayed 2 second(s)

2018-06-09 17:11:13 - [MESSAGE][PASSED] - Delayed 2 second(s)

2018-06-09 17:11:13 - [TEST_STEP][PASSED] - click: Object: 'Object Repository/DispensaryToStore/Page_Store/a_Request Item Dispensary' is clicked on

2018-06-09 17:11:14 - [MESSAGE][PASSED] - Object: 'Object Repository/DispensaryToStore/Page_Store/a_Request Item Dispensary' is clicked on

2018-06-09 17:11:14 - [TEST_STEP][PASSED] - Statement - ChooseRequest = com.kms.katalon.core.webui.keyword.WebUiBuiltInKeywords.modifyObjectProperty(com.kms.katalon.core.testobject.ObjectRepository.findTestObject(lab/Page_Store/input_1), "xpath", "equals", "//*[@id=" + RID + "]", true): Modify property of object successfully

2018-06-09 17:11:14 - [MESSAGE][PASSED] - Modify property of object successfully

2018-06-09 17:11:14 - [TEST_STEP][PASSED] - click: Object: 'Object Repository/lab/Page_Store/input_1' is clicked on

2018-06-09 17:11:15 - [MESSAGE][PASSED] - Object: 'Object Repository/lab/Page_Store/input_1' is clicked on

2018-06-09 17:11:15 - [TEST_STEP][PASSED] - Statement - selectedoptions = com.kms.katalon.core.webui.keyword.WebUiBuiltInKeywords.getNumberOfTotalOption(com.kms.katalon.core.testobject.ObjectRepository.findTestObject(DispensaryToStore/Page_Store/select_--Select--Adernaline 0.)): 36 options of object 'Object Repository/DispensaryToStore/Page_Store/select_--Select--Adernaline 0.' counted

2018-06-09 17:11:15 - [MESSAGE][PASSED] - 36 options of object 'Object Repository/DispensaryToStore/Page_Store/select_--Select--Adernaline 0.' counted

2018-06-09 17:11:15 - [TEST_STEP][PASSED] - Statement - For ([a = 1, a <= selectedoptions - 1, (a++)]): null

2018-06-09 17:11:15 - [TEST_STEP][PASSED] - selectOptionByIndex: All options with index in [1] are selected on object 'Object Repository/DispensaryToStore/Page_Store/select_--Select--Adernaline 0.'

2018-06-09 17:11:16 - [MESSAGE][PASSED] - All options with index in [1] are selected on object 'Object Repository/DispensaryToStore/Page_Store/select_--Select--Adernaline 0.'

2018-06-09 17:11:16 - [TEST_STEP][PASSED] - delay: Delayed 2 second(s)

2018-06-09 17:11:18 - [MESSAGE][PASSED] - Delayed 2 second(s)

2018-06-09 17:11:18 - [TEST_STEP][PASSED] - Statement - RequestedQty = com.kms.katalon.core.webui.keyword.WebUiBuiltInKeywords.getAttribute(com.kms.katalon.core.testobject.ObjectRepository.findTestObject(DispensaryToStore/Page_Store/input_txttotal), "value"): Attribute 'value' of object 'Object Repository/DispensaryToStore/Page_Store/input_txttotal' is: '10'

2018-06-09 17:11:18 - [MESSAGE][PASSED] - Attribute 'value' of object 'Object Repository/DispensaryToStore/Page_Store/input_txttotal' is: '10'

2018-06-09 17:11:18 - [TEST_STEP][PASSED] - Statement - out.println("Requested QTY : " + RequestedQty): null

2018-06-09 17:11:18 - [TEST_STEP][PASSED] - Statement - BatchNumber = com.kms.katalon.core.webui.keyword.WebUiBuiltInKeywords.getNumberOfTotalOption(com.kms.katalon.core.testobject.ObjectRepository.findTestObject(DispensaryToStore/Page_Store/select_--Select--BA1170BA2376B)): 3 options of object 'Object Repository/DispensaryToStore/Page_Store/select_--Select--BA1170BA2376B' counted

2018-06-09 17:11:18 - [MESSAGE][PASSED] - 3 options of object 'Object Repository/DispensaryToStore/Page_Store/select_--Select--BA1170BA2376B' counted

2018-06-09 17:11:18 - [TEST_STEP][PASSED] - Statement - For ([g = 1, g <= BatchNumber - 1, (g++)]): null

2018-06-09 17:11:18 - [TEST_STEP][PASSED] - selectOptionByIndex: All options with index in [1] are selected on object 'Object Repository/DispensaryToStore/Page_Store/select_--Select--BA1170BA2376B'

2018-06-09 17:11:18 - [MESSAGE][PASSED] - All options with index in [1] are selected on object 'Object Repository/DispensaryToStore/Page_Store/select_--Select--BA1170BA2376B'

2018-06-09 17:11:18 - [TEST_STEP][PASSED] - Statement - Try: null

2018-06-09 17:11:18 - [TEST_STEP][PASSED] - Statement - StockQty = com.kms.katalon.core.webui.keyword.WebUiBuiltInKeywords.getAttribute(com.kms.katalon.core.testobject.ObjectRepository.findTestObject(DispensaryToStore/Page_Store/input_txtprice), "value"): Attribute 'value' of object 'Object Repository/DispensaryToStore/Page_Store/input_txtprice' is: '795'

2018-06-09 17:11:18 - [MESSAGE][PASSED] - Attribute 'value' of object 'Object Repository/DispensaryToStore/Page_Store/input_txtprice' is: '795'

2018-06-09 17:11:18 - [TEST_STEP][PASSED] - Statement - out.println("Stock QTY : " + StockQty): null

2018-06-09 17:11:18 - [TEST_STEP][PASSED] - delay: Delayed 2 second(s)

2018-06-09 17:11:20 - [MESSAGE][PASSED] - Delayed 2 second(s)

2018-06-09 17:11:20 - [TEST_STEP][PASSED] - Statement - If (java.lang.String.valueOf(StockQty) >= java.lang.String.valueOf(RequestedQty)): null

2018-06-09 17:11:20 - [TEST_STEP][PASSED] - setText: Text '10' is set on object 'Object Repository/DispensaryToStore/Page_Store/input_txtqty'

2018-06-09 17:11:20 - [MESSAGE][PASSED] - Text '10' is set on object 'Object Repository/DispensaryToStore/Page_Store/input_txtqty'

2018-06-09 17:11:20 - [TEST_STEP][PASSED] - click: Object: 'Object Repository/DispensaryToStore/Page_Store/button_Add' is clicked on

2018-06-09 17:11:20 - [MESSAGE][PASSED] - Object: 'Object Repository/DispensaryToStore/Page_Store/button_Add' is clicked on

2018-06-09 17:11:20 - [TEST_STEP][PASSED] - Statement - Break: null

2018-06-09 17:11:20 - [TEST_STEP][PASSED] - selectOptionByIndex: All options with index in [2] are selected on object 'Object Repository/DispensaryToStore/Page_Store/select_--Select--Adernaline 0.'

2018-06-09 17:11:20 - [MESSAGE][PASSED] - All options with index in [2] are selected on object 'Object Repository/DispensaryToStore/Page_Store/select_--Select--Adernaline 0.'

2018-06-09 17:11:20 - [TEST_STEP][PASSED] - delay: Delayed 2 second(s)

2018-06-09 17:11:22 - [MESSAGE][PASSED] - Delayed 2 second(s)

2018-06-09 17:11:22 - [TEST_STEP][PASSED] - Statement - RequestedQty = com.kms.katalon.core.webui.keyword.WebUiBuiltInKeywords.getAttribute(com.kms.katalon.core.testobject.ObjectRepository.findTestObject(DispensaryToStore/Page_Store/input_txttotal), "value"): Attribute 'value' of object 'Object Repository/DispensaryToStore/Page_Store/input_txttotal' is: '10'

2018-06-09 17:11:22 - [MESSAGE][PASSED] - Attribute 'value' of object 'Object Repository/DispensaryToStore/Page_Store/input_txttotal' is: '10'

2018-06-09 17:11:22 - [TEST_STEP][PASSED] - Statement - out.println("Requested QTY : " + RequestedQty): null

2018-06-09 17:11:22 - [TEST_STEP][PASSED] - Statement - BatchNumber = com.kms.katalon.core.webui.keyword.WebUiBuiltInKeywords.getNumberOfTotalOption(com.kms.katalon.core.testobject.ObjectRepository.findTestObject(DispensaryToStore/Page_Store/select_--Select--BA1170BA2376B)): 3 options of object 'Object Repository/DispensaryToStore/Page_Store/select_--Select--BA1170BA2376B' counted

2018-06-09 17:11:22 - [MESSAGE][PASSED] - 3 options of object 'Object Repository/DispensaryToStore/Page_Store/select_--Select--BA1170BA2376B' counted

2018-06-09 17:11:22 - [TEST_STEP][PASSED] - Statement - For ([g = 1, g <= BatchNumber - 1, (g++)]): null

2018-06-09 17:11:22 - [TEST_STEP][PASSED] - selectOptionByIndex: All options with index in [1] are selected on object 'Object Repository/DispensaryToStore/Page_Store/select_--Select--BA1170BA2376B'

2018-06-09 17:11:22 - [MESSAGE][PASSED] - All options with index in [1] are selected on object 'Object Repository/DispensaryToStore/Page_Store/select_--Select--BA1170BA2376B'

2018-06-09 17:11:22 - [TEST_STEP][PASSED] - Statement - Try: null

2018-06-09 17:11:22 - [TEST_STEP][PASSED] - Statement - StockQty = com.kms.katalon.core.webui.keyword.WebUiBuiltInKeywords.getAttribute(com.kms.katalon.core.testobject.ObjectRepository.findTestObject(DispensaryToStore/Page_Store/input_txtprice), "value"): Attribute 'value' of object 'Object Repository/DispensaryToStore/Page_Store/input_txtprice' is: '800'

2018-06-09 17:11:22 - [MESSAGE][PASSED] - Attribute 'value' of object 'Object Repository/DispensaryToStore/Page_Store/input_txtprice' is: '800'

2018-06-09 17:11:22 - [TEST_STEP][PASSED] - Statement - out.println("Stock QTY : " + StockQty): null

2018-06-09 17:11:23 - [TEST_STEP][PASSED] - delay: Delayed 2 second(s)

2018-06-09 17:11:25 - [MESSAGE][PASSED] - Delayed 2 second(s)

2018-06-09 17:11:25 - [TEST_STEP][PASSED] - Statement - If (java.lang.String.valueOf(StockQty) >= java.lang.String.valueOf(RequestedQty)): null

2018-06-09 17:11:25 - [TEST_STEP][PASSED] - setText: Text '10' is set on object 'Object Repository/DispensaryToStore/Page_Store/input_txtqty'

2018-06-09 17:11:25 - [MESSAGE][PASSED] - Text '10' is set on object 'Object Repository/DispensaryToStore/Page_Store/input_txtqty'

2018-06-09 17:11:25 - [TEST_STEP][PASSED] - click: Object: 'Object Repository/DispensaryToStore/Page_Store/button_Add' is clicked on

2018-06-09 17:11:25 - [MESSAGE][PASSED] - Object: 'Object Repository/DispensaryToStore/Page_Store/button_Add' is clicked on

2018-06-09 17:11:25 - [TEST_STEP][PASSED] - Statement - Break: null

2018-06-09 17:11:25 - [TEST_STEP][PASSED] - selectOptionByIndex: All options with index in [3] are selected on object 'Object Repository/DispensaryToStore/Page_Store/select_--Select--Adernaline 0.'

2018-06-09 17:11:25 - [MESSAGE][PASSED] - All options with index in [3] are selected on object 'Object Repository/DispensaryToStore/Page_Store/select_--Select--Adernaline 0.'

2018-06-09 17:11:25 - [TEST_STEP][PASSED] - delay: Delayed 2 second(s)

2018-06-09 17:11:27 - [MESSAGE][PASSED] - Delayed 2 second(s)

2018-06-09 17:11:27 - [TEST_STEP][PASSED] - Statement - RequestedQty = com.kms.katalon.core.webui.keyword.WebUiBuiltInKeywords.getAttribute(com.kms.katalon.core.testobject.ObjectRepository.findTestObject(DispensaryToStore/Page_Store/input_txttotal), "value"): Attribute 'value' of object 'Object Repository/DispensaryToStore/Page_Store/input_txttotal' is: '10'

2018-06-09 17:11:27 - [MESSAGE][PASSED] - Attribute 'value' of object 'Object Repository/DispensaryToStore/Page_Store/input_txttotal' is: '10'

2018-06-09 17:11:27 - [TEST_STEP][PASSED] - Statement - out.println("Requested QTY : " + RequestedQty): null

2018-06-09 17:11:27 - [TEST_STEP][PASSED] - Statement - BatchNumber = com.kms.katalon.core.webui.keyword.WebUiBuiltInKeywords.getNumberOfTotalOption(com.kms.katalon.core.testobject.ObjectRepository.findTestObject(DispensaryToStore/Page_Store/select_--Select--BA1170BA2376B)): 2 options of object 'Object Repository/DispensaryToStore/Page_Store/select_--Select--BA1170BA2376B' counted

2018-06-09 17:11:27 - [MESSAGE][PASSED] - 2 options of object 'Object Repository/DispensaryToStore/Page_Store/select_--Select--BA1170BA2376B' counted

2018-06-09 17:11:27 - [TEST_STEP][PASSED] - Statement - For ([g = 1, g <= BatchNumber - 1, (g++)]): null

2018-06-09 17:11:27 - [TEST_STEP][PASSED] - selectOptionByIndex: All options with index in [1] are selected on object 'Object Repository/DispensaryToStore/Page_Store/select_--Select--BA1170BA2376B'

2018-06-09 17:11:27 - [MESSAGE][PASSED] - All options with index in [1] are selected on object 'Object Repository/DispensaryToStore/Page_Store/select_--Select--BA1170BA2376B'

2018-06-09 17:11:27 - [TEST_STEP][PASSED] - Statement - Try: null

2018-06-09 17:11:27 - [TEST_STEP][PASSED] - Statement - StockQty = com.kms.katalon.core.webui.keyword.WebUiBuiltInKeywords.getAttribute(com.kms.katalon.core.testobject.ObjectRepository.findTestObject(DispensaryToStore/Page_Store/input_txtprice), "value"): Attribute 'value' of object 'Object Repository/DispensaryToStore/Page_Store/input_txtprice' is: '2000'

2018-06-09 17:11:27 - [MESSAGE][PASSED] - Attribute 'value' of object 'Object Repository/DispensaryToStore/Page_Store/input_txtprice' is: '2000'

2018-06-09 17:11:27 - [TEST_STEP][PASSED] - Statement - out.println("Stock QTY : " + StockQty): null

2018-06-09 17:11:27 - [TEST_STEP][PASSED] - delay: Delayed 2 second(s)

2018-06-09 17:11:29 - [MESSAGE][PASSED] - Delayed 2 second(s)

2018-06-09 17:11:29 - [TEST_STEP][PASSED] - Statement - If (java.lang.String.valueOf(StockQty) >= java.lang.String.valueOf(RequestedQty)): null

2018-06-09 17:11:29 - [TEST_STEP][PASSED] - setText: Text '10' is set on object 'Object Repository/DispensaryToStore/Page_Store/input_txtqty'

2018-06-09 17:11:29 - [MESSAGE][PASSED] - Text '10' is set on object 'Object Repository/DispensaryToStore/Page_Store/input_txtqty'

2018-06-09 17:11:29 - [TEST_STEP][PASSED] - click: Object: 'Object Repository/DispensaryToStore/Page_Store/button_Add' is clicked on

2018-06-09 17:11:29 - [MESSAGE][PASSED] - Object: 'Object Repository/DispensaryToStore/Page_Store/button_Add' is clicked on

2018-06-09 17:11:29 - [TEST_STEP][PASSED] - Statement - Break: null

2018-06-09 17:11:29 - [TEST_STEP][PASSED] - selectOptionByIndex: All options with index in [4] are selected on object 'Object Repository/DispensaryToStore/Page_Store/select_--Select--Adernaline 0.'

2018-06-09 17:11:29 - [MESSAGE][PASSED] - All options with index in [4] are selected on object 'Object Repository/DispensaryToStore/Page_Store/select_--Select--Adernaline 0.'

2018-06-09 17:11:29 - [TEST_STEP][PASSED] - delay: Delayed 2 second(s)

2018-06-09 17:11:31 - [MESSAGE][PASSED] - Delayed 2 second(s)

2018-06-09 17:11:31 - [TEST_STEP][PASSED] - Statement - RequestedQty = com.kms.katalon.core.webui.keyword.WebUiBuiltInKeywords.getAttribute(com.kms.katalon.core.testobject.ObjectRepository.findTestObject(DispensaryToStore/Page_Store/input_txttotal), "value"): Attribute 'value' of object 'Object Repository/DispensaryToStore/Page_Store/input_txttotal' is: '10'

2018-06-09 17:11:31 - [MESSAGE][PASSED] - Attribute 'value' of object 'Object Repository/DispensaryToStore/Page_Store/input_txttotal' is: '10'

2018-06-09 17:11:31 - [TEST_STEP][PASSED] - Statement - out.println("Requested QTY : " + RequestedQty): null

2018-06-09 17:11:31 - [TEST_STEP][PASSED] - Statement - BatchNumber = com.kms.katalon.core.webui.keyword.WebUiBuiltInKeywords.getNumberOfTotalOption(com.kms.katalon.core.testobject.ObjectRepository.findTestObject(DispensaryToStore/Page_Store/select_--Select--BA1170BA2376B)): 2 options of object 'Object Repository/DispensaryToStore/Page_Store/select_--Select--BA1170BA2376B' counted

2018-06-09 17:11:32 - [MESSAGE][PASSED] - 2 options of object 'Object Repository/DispensaryToStore/Page_Store/select_--Select--BA1170BA2376B' counted

2018-06-09 17:11:32 - [TEST_STEP][PASSED] - Statement - For ([g = 1, g <= BatchNumber - 1, (g++)]): null

2018-06-09 17:11:32 - [TEST_STEP][PASSED] - selectOptionByIndex: All options with index in [1] are selected on object 'Object Repository/DispensaryToStore/Page_Store/select_--Select--BA1170BA2376B'

2018-06-09 17:11:32 - [MESSAGE][PASSED] - All options with index in [1] are selected on object 'Object Repository/DispensaryToStore/Page_Store/select_--Select--BA1170BA2376B'

2018-06-09 17:11:32 - [TEST_STEP][PASSED] - Statement - Try: null

2018-06-09 17:11:32 - [TEST_STEP][PASSED] - Statement - StockQty = com.kms.katalon.core.webui.keyword.WebUiBuiltInKeywords.getAttribute(com.kms.katalon.core.testobject.ObjectRepository.findTestObject(DispensaryToStore/Page_Store/input_txtprice), "value"): Attribute 'value' of object 'Object Repository/DispensaryToStore/Page_Store/input_txtprice' is: '2000'

2018-06-09 17:11:32 - [MESSAGE][PASSED] - Attribute 'value' of object 'Object Repository/DispensaryToStore/Page_Store/input_txtprice' is: '2000'

2018-06-09 17:11:32 - [TEST_STEP][PASSED] - Statement - out.println("Stock QTY : " + StockQty): null

2018-06-09 17:11:32 - [TEST_STEP][PASSED] - delay: Delayed 2 second(s)

2018-06-09 17:11:34 - [MESSAGE][PASSED] - Delayed 2 second(s)

2018-06-09 17:11:34 - [TEST_STEP][PASSED] - Statement - If (java.lang.String.valueOf(StockQty) >= java.lang.String.valueOf(RequestedQty)): null

2018-06-09 17:11:34 - [TEST_STEP][PASSED] - setText: Text '10' is set on object 'Object Repository/DispensaryToStore/Page_Store/input_txtqty'

2018-06-09 17:11:34 - [MESSAGE][PASSED] - Text '10' is set on object 'Object Repository/DispensaryToStore/Page_Store/input_txtqty'

2018-06-09 17:11:34 - [TEST_STEP][PASSED] - click: Object: 'Object Repository/DispensaryToStore/Page_Store/button_Add' is clicked on

2018-06-09 17:11:34 - [MESSAGE][PASSED] - Object: 'Object Repository/DispensaryToStore/Page_Store/button_Add' is clicked on

2018-06-09 17:11:34 - [TEST_STEP][PASSED] - Statement - Break: null

2018-06-09 17:11:34 - [TEST_STEP][PASSED] - selectOptionByIndex: All options with index in [5] are selected on object 'Object Repository/DispensaryToStore/Page_Store/select_--Select--Adernaline 0.'

2018-06-09 17:11:34 - [MESSAGE][PASSED] - All options with index in [5] are selected on object 'Object Repository/DispensaryToStore/Page_Store/select_--Select--Adernaline 0.'

2018-06-09 17:11:34 - [TEST_STEP][PASSED] - delay: Delayed 2 second(s)

2018-06-09 17:11:36 - [MESSAGE][PASSED] - Delayed 2 second(s)

2018-06-09 17:11:36 - [TEST_STEP][PASSED] - Statement - RequestedQty = com.kms.katalon.core.webui.keyword.WebUiBuiltInKeywords.getAttribute(com.kms.katalon.core.testobject.ObjectRepository.findTestObject(DispensaryToStore/Page_Store/input_txttotal), "value"): Attribute 'value' of object 'Object Repository/DispensaryToStore/Page_Store/input_txttotal' is: '10'

2018-06-09 17:11:36 - [MESSAGE][PASSED] - Attribute 'value' of object 'Object Repository/DispensaryToStore/Page_Store/input_txttotal' is: '10'

2018-06-09 17:11:36 - [TEST_STEP][PASSED] - Statement - out.println("Requested QTY : " + RequestedQty): null

2018-06-09 17:11:36 - [TEST_STEP][PASSED] - Statement - BatchNumber = com.kms.katalon.core.webui.keyword.WebUiBuiltInKeywords.getNumberOfTotalOption(com.kms.katalon.core.testobject.ObjectRepository.findTestObject(DispensaryToStore/Page_Store/select_--Select--BA1170BA2376B)): 2 options of object 'Object Repository/DispensaryToStore/Page_Store/select_--Select--BA1170BA2376B' counted

2018-06-09 17:11:36 - [MESSAGE][PASSED] - 2 options of object 'Object Repository/DispensaryToStore/Page_Store/select_--Select--BA1170BA2376B' counted

2018-06-09 17:11:36 - [TEST_STEP][PASSED] - Statement - For ([g = 1, g <= BatchNumber - 1, (g++)]): null

2018-06-09 17:11:36 - [TEST_STEP][PASSED] - selectOptionByIndex: All options with index in [1] are selected on object 'Object Repository/DispensaryToStore/Page_Store/select_--Select--BA1170BA2376B'

2018-06-09 17:11:36 - [MESSAGE][PASSED] - All options with index in [1] are selected on object 'Object Repository/DispensaryToStore/Page_Store/select_--Select--BA1170BA2376B'

2018-06-09 17:11:36 - [TEST_STEP][PASSED] - Statement - Try: null

2018-06-09 17:11:36 - [TEST_STEP][PASSED] - Statement - StockQty = com.kms.katalon.core.webui.keyword.WebUiBuiltInKeywords.getAttribute(com.kms.katalon.core.testobject.ObjectRepository.findTestObject(DispensaryToStore/Page_Store/input_txtprice), "value"): Attribute 'value' of object 'Object Repository/DispensaryToStore/Page_Store/input_txtprice' is: '800'

2018-06-09 17:11:36 - [MESSAGE][PASSED] - Attribute 'value' of object 'Object Repository/DispensaryToStore/Page_Store/input_txtprice' is: '800'

2018-06-09 17:11:36 - [TEST_STEP][PASSED] - Statement - out.println("Stock QTY : " + StockQty): null

2018-06-09 17:11:36 - [TEST_STEP][PASSED] - delay: Delayed 2 second(s)

2018-06-09 17:11:38 - [MESSAGE][PASSED] - Delayed 2 second(s)

2018-06-09 17:11:38 - [TEST_STEP][PASSED] - Statement - If (java.lang.String.valueOf(StockQty) >= java.lang.String.valueOf(RequestedQty)): null

2018-06-09 17:11:38 - [TEST_STEP][PASSED] - setText: Text '10' is set on object 'Object Repository/DispensaryToStore/Page_Store/input_txtqty'

2018-06-09 17:11:38 - [MESSAGE][PASSED] - Text '10' is set on object 'Object Repository/DispensaryToStore/Page_Store/input_txtqty'

2018-06-09 17:11:38 - [TEST_STEP][PASSED] - click: Object: 'Object Repository/DispensaryToStore/Page_Store/button_Add' is clicked on

2018-06-09 17:11:38 - [MESSAGE][PASSED] - Object: 'Object Repository/DispensaryToStore/Page_Store/button_Add' is clicked on

2018-06-09 17:11:38 - [TEST_STEP][PASSED] - Statement - Break: null

2018-06-09 17:11:38 - [TEST_STEP][PASSED] - selectOptionByIndex: All options with index in [6] are selected on object 'Object Repository/DispensaryToStore/Page_Store/select_--Select--Adernaline 0.'

2018-06-09 17:11:39 - [MESSAGE][PASSED] - All options with index in [6] are selected on object 'Object Repository/DispensaryToStore/Page_Store/select_--Select--Adernaline 0.'

2018-06-09 17:11:39 - [TEST_STEP][PASSED] - delay: Delayed 2 second(s)

2018-06-09 17:11:41 - [MESSAGE][PASSED] - Delayed 2 second(s)

2018-06-09 17:11:41 - [TEST_STEP][PASSED] - Statement - RequestedQty = com.kms.katalon.core.webui.keyword.WebUiBuiltInKeywords.getAttribute(com.kms.katalon.core.testobject.ObjectRepository.findTestObject(DispensaryToStore/Page_Store/input_txttotal), "value"): Attribute 'value' of object 'Object Repository/DispensaryToStore/Page_Store/input_txttotal' is: '10'

2018-06-09 17:11:41 - [MESSAGE][PASSED] - Attribute 'value' of object 'Object Repository/DispensaryToStore/Page_Store/input_txttotal' is: '10'

2018-06-09 17:11:41 - [TEST_STEP][PASSED] - Statement - out.println("Requested QTY : " + RequestedQty): null

2018-06-09 17:11:41 - [TEST_STEP][PASSED] - Statement - BatchNumber = com.kms.katalon.core.webui.keyword.WebUiBuiltInKeywords.getNumberOfTotalOption(com.kms.katalon.core.testobject.ObjectRepository.findTestObject(DispensaryToStore/Page_Store/select_--Select--BA1170BA2376B)): 2 options of object 'Object Repository/DispensaryToStore/Page_Store/select_--Select--BA1170BA2376B' counted

2018-06-09 17:11:41 - [MESSAGE][PASSED] - 2 options of object 'Object Repository/DispensaryToStore/Page_Store/select_--Select--BA1170BA2376B' counted

2018-06-09 17:11:41 - [TEST_STEP][PASSED] - Statement - For ([g = 1, g <= BatchNumber - 1, (g++)]): null

2018-06-09 17:11:41 - [TEST_STEP][PASSED] - selectOptionByIndex: All options with index in [1] are selected on object 'Object Repository/DispensaryToStore/Page_Store/select_--Select--BA1170BA2376B'

2018-06-09 17:11:41 - [MESSAGE][PASSED] - All options with index in [1] are selected on object 'Object Repository/DispensaryToStore/Page_Store/select_--Select--BA1170BA2376B'

2018-06-09 17:11:41 - [TEST_STEP][PASSED] - Statement - Try: null

2018-06-09 17:11:41 - [TEST_STEP][PASSED] - Statement - StockQty = com.kms.katalon.core.webui.keyword.WebUiBuiltInKeywords.getAttribute(com.kms.katalon.core.testobject.ObjectRepository.findTestObject(DispensaryToStore/Page_Store/input_txtprice), "value"): Attribute 'value' of object 'Object Repository/DispensaryToStore/Page_Store/input_txtprice' is: '800'

2018-06-09 17:11:41 - [MESSAGE][PASSED] - Attribute 'value' of object 'Object Repository/DispensaryToStore/Page_Store/input_txtprice' is: '800'

2018-06-09 17:11:41 - [TEST_STEP][PASSED] - Statement - out.println("Stock QTY : " + StockQty): null

2018-06-09 17:11:41 - [TEST_STEP][PASSED] - delay: Delayed 2 second(s)

2018-06-09 17:11:43 - [MESSAGE][PASSED] - Delayed 2 second(s)

2018-06-09 17:11:43 - [TEST_STEP][PASSED] - Statement - If (java.lang.String.valueOf(StockQty) >= java.lang.String.valueOf(RequestedQty)): null

2018-06-09 17:11:43 - [TEST_STEP][PASSED] - setText: Text '10' is set on object 'Object Repository/DispensaryToStore/Page_Store/input_txtqty'

2018-06-09 17:11:43 - [MESSAGE][PASSED] - Text '10' is set on object 'Object Repository/DispensaryToStore/Page_Store/input_txtqty'

2018-06-09 17:11:43 - [TEST_STEP][PASSED] - click: Object: 'Object Repository/DispensaryToStore/Page_Store/button_Add' is clicked on

2018-06-09 17:11:43 - [MESSAGE][PASSED] - Object: 'Object Repository/DispensaryToStore/Page_Store/button_Add' is clicked on

2018-06-09 17:11:43 - [TEST_STEP][PASSED] - Statement - Break: null

2018-06-09 17:11:43 - [TEST_STEP][PASSED] - selectOptionByIndex: All options with index in [7] are selected on object 'Object Repository/DispensaryToStore/Page_Store/select_--Select--Adernaline 0.'

2018-06-09 17:11:43 - [MESSAGE][PASSED] - All options with index in [7] are selected on object 'Object Repository/DispensaryToStore/Page_Store/select_--Select--Adernaline 0.'

2018-06-09 17:11:43 - [TEST_STEP][PASSED] - delay: Delayed 2 second(s)

2018-06-09 17:11:45 - [MESSAGE][PASSED] - Delayed 2 second(s)

2018-06-09 17:11:45 - [TEST_STEP][PASSED] - Statement - RequestedQty = com.kms.katalon.core.webui.keyword.WebUiBuiltInKeywords.getAttribute(com.kms.katalon.core.testobject.ObjectRepository.findTestObject(DispensaryToStore/Page_Store/input_txttotal), "value"): Attribute 'value' of object 'Object Repository/DispensaryToStore/Page_Store/input_txttotal' is: '10'

2018-06-09 17:11:45 - [MESSAGE][PASSED] - Attribute 'value' of object 'Object Repository/DispensaryToStore/Page_Store/input_txttotal' is: '10'

2018-06-09 17:11:45 - [TEST_STEP][PASSED] - Statement - out.println("Requested QTY : " + RequestedQty): null

2018-06-09 17:11:45 - [TEST_STEP][PASSED] - Statement - BatchNumber = com.kms.katalon.core.webui.keyword.WebUiBuiltInKeywords.getNumberOfTotalOption(com.kms.katalon.core.testobject.ObjectRepository.findTestObject(DispensaryToStore/Page_Store/select_--Select--BA1170BA2376B)): 2 options of object 'Object Repository/DispensaryToStore/Page_Store/select_--Select--BA1170BA2376B' counted

2018-06-09 17:11:45 - [MESSAGE][PASSED] - 2 options of object 'Object Repository/DispensaryToStore/Page_Store/select_--Select--BA1170BA2376B' counted

2018-06-09 17:11:45 - [TEST_STEP][PASSED] - Statement - For ([g = 1, g <= BatchNumber - 1, (g++)]): null

2018-06-09 17:11:45 - [TEST_STEP][PASSED] - selectOptionByIndex: All options with index in [1] are selected on object 'Object Repository/DispensaryToStore/Page_Store/select_--Select--BA1170BA2376B'

2018-06-09 17:11:46 - [MESSAGE][PASSED] - All options with index in [1] are selected on object 'Object Repository/DispensaryToStore/Page_Store/select_--Select--BA1170BA2376B'

2018-06-09 17:11:46 - [TEST_STEP][PASSED] - Statement - Try: null

2018-06-09 17:11:46 - [TEST_STEP][PASSED] - Statement - StockQty = com.kms.katalon.core.webui.keyword.WebUiBuiltInKeywords.getAttribute(com.kms.katalon.core.testobject.ObjectRepository.findTestObject(DispensaryToStore/Page_Store/input_txtprice), "value"): Attribute 'value' of object 'Object Repository/DispensaryToStore/Page_Store/input_txtprice' is: '795'

2018-06-09 17:11:46 - [MESSAGE][PASSED] - Attribute 'value' of object 'Object Repository/DispensaryToStore/Page_Store/input_txtprice' is: '795'

2018-06-09 17:11:46 - [TEST_STEP][PASSED] - Statement - out.println("Stock QTY : " + StockQty): null

2018-06-09 17:11:46 - [TEST_STEP][PASSED] - delay: Delayed 2 second(s)

2018-06-09 17:11:48 - [MESSAGE][PASSED] - Delayed 2 second(s)

2018-06-09 17:11:48 - [TEST_STEP][PASSED] - Statement - If (java.lang.String.valueOf(StockQty) >= java.lang.String.valueOf(RequestedQty)): null

2018-06-09 17:11:48 - [TEST_STEP][PASSED] - setText: Text '10' is set on object 'Object Repository/DispensaryToStore/Page_Store/input_txtqty'

2018-06-09 17:11:48 - [MESSAGE][PASSED] - Text '10' is set on object 'Object Repository/DispensaryToStore/Page_Store/input_txtqty'

2018-06-09 17:11:48 - [TEST_STEP][PASSED] - click: Object: 'Object Repository/DispensaryToStore/Page_Store/button_Add' is clicked on

2018-06-09 17:11:48 - [MESSAGE][PASSED] - Object: 'Object Repository/DispensaryToStore/Page_Store/button_Add' is clicked on

2018-06-09 17:11:48 - [TEST_STEP][PASSED] - Statement - Break: null

2018-06-09 17:11:48 - [TEST_STEP][PASSED] - selectOptionByIndex: All options with index in [8] are selected on object 'Object Repository/DispensaryToStore/Page_Store/select_--Select--Adernaline 0.'

2018-06-09 17:11:48 - [MESSAGE][PASSED] - All options with index in [8] are selected on object 'Object Repository/DispensaryToStore/Page_Store/select_--Select--Adernaline 0.'

2018-06-09 17:11:48 - [TEST_STEP][PASSED] - delay: Delayed 2 second(s)

2018-06-09 17:11:50 - [MESSAGE][PASSED] - Delayed 2 second(s)

2018-06-09 17:11:50 - [TEST_STEP][PASSED] - Statement - RequestedQty = com.kms.katalon.core.webui.keyword.WebUiBuiltInKeywords.getAttribute(com.kms.katalon.core.testobject.ObjectRepository.findTestObject(DispensaryToStore/Page_Store/input_txttotal), "value"): Attribute 'value' of object 'Object Repository/DispensaryToStore/Page_Store/input_txttotal' is: '10'

2018-06-09 17:11:50 - [MESSAGE][PASSED] - Attribute 'value' of object 'Object Repository/DispensaryToStore/Page_Store/input_txttotal' is: '10'

2018-06-09 17:11:50 - [TEST_STEP][PASSED] - Statement - out.println("Requested QTY : " + RequestedQty): null

2018-06-09 17:11:50 - [TEST_STEP][PASSED] - Statement - BatchNumber = com.kms.katalon.core.webui.keyword.WebUiBuiltInKeywords.getNumberOfTotalOption(com.kms.katalon.core.testobject.ObjectRepository.findTestObject(DispensaryToStore/Page_Store/select_--Select--BA1170BA2376B)): 3 options of object 'Object Repository/DispensaryToStore/Page_Store/select_--Select--BA1170BA2376B' counted

2018-06-09 17:11:50 - [MESSAGE][PASSED] - 3 options of object 'Object Repository/DispensaryToStore/Page_Store/select_--Select--BA1170BA2376B' counted

2018-06-09 17:11:50 - [TEST_STEP][PASSED] - Statement - For ([g = 1, g <= BatchNumber - 1, (g++)]): null

2018-06-09 17:11:50 - [TEST_STEP][PASSED] - selectOptionByIndex: All options with index in [1] are selected on object 'Object Repository/DispensaryToStore/Page_Store/select_--Select--BA1170BA2376B'

2018-06-09 17:11:50 - [MESSAGE][PASSED] - All options with index in [1] are selected on object 'Object Repository/DispensaryToStore/Page_Store/select_--Select--BA1170BA2376B'

2018-06-09 17:11:50 - [TEST_STEP][PASSED] - Statement - Try: null

2018-06-09 17:11:50 - [TEST_STEP][PASSED] - Statement - StockQty = com.kms.katalon.core.webui.keyword.WebUiBuiltInKeywords.getAttribute(com.kms.katalon.core.testobject.ObjectRepository.findTestObject(DispensaryToStore/Page_Store/input_txtprice), "value"): Attribute 'value' of object 'Object Repository/DispensaryToStore/Page_Store/input_txtprice' is: '300'

2018-06-09 17:11:50 - [MESSAGE][PASSED] - Attribute 'value' of object 'Object Repository/DispensaryToStore/Page_Store/input_txtprice' is: '300'

2018-06-09 17:11:50 - [TEST_STEP][PASSED] - Statement - out.println("Stock QTY : " + StockQty): null

2018-06-09 17:11:50 - [TEST_STEP][PASSED] - delay: Delayed 2 second(s)

2018-06-09 17:11:52 - [MESSAGE][PASSED] - Delayed 2 second(s)

2018-06-09 17:11:52 - [TEST_STEP][PASSED] - Statement - If (java.lang.String.valueOf(StockQty) >= java.lang.String.valueOf(RequestedQty)): null

2018-06-09 17:11:52 - [TEST_STEP][PASSED] - setText: Text '10' is set on object 'Object Repository/DispensaryToStore/Page_Store/input_txtqty'

2018-06-09 17:11:52 - [MESSAGE][PASSED] - Text '10' is set on object 'Object Repository/DispensaryToStore/Page_Store/input_txtqty'

2018-06-09 17:11:52 - [TEST_STEP][PASSED] - click: Object: 'Object Repository/DispensaryToStore/Page_Store/button_Add' is clicked on

2018-06-09 17:11:52 - [MESSAGE][PASSED] - Object: 'Object Repository/DispensaryToStore/Page_Store/button_Add' is clicked on

2018-06-09 17:11:52 - [TEST_STEP][PASSED] - Statement - Break: null

2018-06-09 17:11:52 - [TEST_STEP][PASSED] - selectOptionByIndex: All options with index in [9] are selected on object 'Object Repository/DispensaryToStore/Page_Store/select_--Select--Adernaline 0.'

2018-06-09 17:11:53 - [MESSAGE][PASSED] - All options with index in [9] are selected on object 'Object Repository/DispensaryToStore/Page_Store/select_--Select--Adernaline 0.'

2018-06-09 17:11:53 - [TEST_STEP][PASSED] - delay: Delayed 2 second(s)

2018-06-09 17:11:55 - [MESSAGE][PASSED] - Delayed 2 second(s)

2018-06-09 17:11:55 - [TEST_STEP][PASSED] - Statement - RequestedQty = com.kms.katalon.core.webui.keyword.WebUiBuiltInKeywords.getAttribute(com.kms.katalon.core.testobject.ObjectRepository.findTestObject(DispensaryToStore/Page_Store/input_txttotal), "value"): Attribute 'value' of object 'Object Repository/DispensaryToStore/Page_Store/input_txttotal' is: '10'

2018-06-09 17:11:55 - [MESSAGE][PASSED] - Attribute 'value' of object 'Object Repository/DispensaryToStore/Page_Store/input_txttotal' is: '10'

2018-06-09 17:11:55 - [TEST_STEP][PASSED] - Statement - out.println("Requested QTY : " + RequestedQty): null

2018-06-09 17:11:55 - [TEST_STEP][PASSED] - Statement - BatchNumber = com.kms.katalon.core.webui.keyword.WebUiBuiltInKeywords.getNumberOfTotalOption(com.kms.katalon.core.testobject.ObjectRepository.findTestObject(DispensaryToStore/Page_Store/select_--Select--BA1170BA2376B)): 2 options of object 'Object Repository/DispensaryToStore/Page_Store/select_--Select--BA1170BA2376B' counted

2018-06-09 17:11:55 - [MESSAGE][PASSED] - 2 options of object 'Object Repository/DispensaryToStore/Page_Store/select_--Select--BA1170BA2376B' counted

2018-06-09 17:11:55 - [TEST_STEP][PASSED] - Statement - For ([g = 1, g <= BatchNumber - 1, (g++)]): null

2018-06-09 17:11:55 - [TEST_STEP][PASSED] - selectOptionByIndex: All options with index in [1] are selected on object 'Object Repository/DispensaryToStore/Page_Store/select_--Select--BA1170BA2376B'

2018-06-09 17:11:55 - [MESSAGE][PASSED] - All options with index in [1] are selected on object 'Object Repository/DispensaryToStore/Page_Store/select_--Select--BA1170BA2376B'

2018-06-09 17:11:55 - [TEST_STEP][PASSED] - Statement - Try: null

2018-06-09 17:11:55 - [TEST_STEP][PASSED] - Statement - StockQty = com.kms.katalon.core.webui.keyword.WebUiBuiltInKeywords.getAttribute(com.kms.katalon.core.testobject.ObjectRepository.findTestObject(DispensaryToStore/Page_Store/input_txtprice), "value"): Attribute 'value' of object 'Object Repository/DispensaryToStore/Page_Store/input_txtprice' is: ''

2018-06-09 17:11:55 - [MESSAGE][PASSED] - Attribute 'value' of object 'Object Repository/DispensaryToStore/Page_Store/input_txtprice' is: ''

2018-06-09 17:11:55 - [TEST_STEP][PASSED] - Statement - out.println("Stock QTY : " + StockQty): null

2018-06-09 17:11:55 - [TEST_STEP][PASSED] - delay: Delayed 2 second(s)

2018-06-09 17:11:57 - [MESSAGE][PASSED] - Delayed 2 second(s)

2018-06-09 17:11:57 - [TEST_STEP][PASSED] - Statement - If (java.lang.String.valueOf(StockQty) >= java.lang.String.valueOf(RequestedQty)): null

2018-06-09 17:11:57 - [TEST_STEP][PASSED] - Statement - Else: null

2018-06-09 17:11:57 - [TEST_STEP][PASSED] - Statement - out.println("Stock Is Less Than Requested Qty"): null

2018-06-09 17:11:57 - [TEST_STEP][PASSED] - selectOptionByIndex: All options with index in [10] are selected on object 'Object Repository/DispensaryToStore/Page_Store/select_--Select--Adernaline 0.'

2018-06-09 17:11:57 - [MESSAGE][PASSED] - All options with index in [10] are selected on object 'Object Repository/DispensaryToStore/Page_Store/select_--Select--Adernaline 0.'

2018-06-09 17:11:57 - [TEST_STEP][PASSED] - delay: Delayed 2 second(s)

2018-06-09 17:11:59 - [MESSAGE][PASSED] - Delayed 2 second(s)

2018-06-09 17:11:59 - [TEST_STEP][PASSED] - Statement - RequestedQty = com.kms.katalon.core.webui.keyword.WebUiBuiltInKeywords.getAttribute(com.kms.katalon.core.testobject.ObjectRepository.findTestObject(DispensaryToStore/Page_Store/input_txttotal), "value"): Attribute 'value' of object 'Object Repository/DispensaryToStore/Page_Store/input_txttotal' is: '10'

2018-06-09 17:11:59 - [MESSAGE][PASSED] - Attribute 'value' of object 'Object Repository/DispensaryToStore/Page_Store/input_txttotal' is: '10'

2018-06-09 17:11:59 - [TEST_STEP][PASSED] - Statement - out.println("Requested QTY : " + RequestedQty): null

2018-06-09 17:11:59 - [TEST_STEP][PASSED] - Statement - BatchNumber = com.kms.katalon.core.webui.keyword.WebUiBuiltInKeywords.getNumberOfTotalOption(com.kms.katalon.core.testobject.ObjectRepository.findTestObject(DispensaryToStore/Page_Store/select_--Select--BA1170BA2376B)): 2 options of object 'Object Repository/DispensaryToStore/Page_Store/select_--Select--BA1170BA2376B' counted

2018-06-09 17:11:59 - [MESSAGE][PASSED] - 2 options of object 'Object Repository/DispensaryToStore/Page_Store/select_--Select--BA1170BA2376B' counted

2018-06-09 17:11:59 - [TEST_STEP][PASSED] - Statement - For ([g = 1, g <= BatchNumber - 1, (g++)]): null

2018-06-09 17:11:59 - [TEST_STEP][PASSED] - selectOptionByIndex: All options with index in [1] are selected on object 'Object Repository/DispensaryToStore/Page_Store/select_--Select--BA1170BA2376B'

2018-06-09 17:11:59 - [MESSAGE][PASSED] - All options with index in [1] are selected on object 'Object Repository/DispensaryToStore/Page_Store/select_--Select--BA1170BA2376B'

2018-06-09 17:11:59 - [TEST_STEP][PASSED] - Statement - Try: null

2018-06-09 17:11:59 - [TEST_STEP][PASSED] - Statement - StockQty = com.kms.katalon.core.webui.keyword.WebUiBuiltInKeywords.getAttribute(com.kms.katalon.core.testobject.ObjectRepository.findTestObject(DispensaryToStore/Page_Store/input_txtprice), "value"): Attribute 'value' of object 'Object Repository/DispensaryToStore/Page_Store/input_txtprice' is: '800'

2018-06-09 17:11:59 - [MESSAGE][PASSED] - Attribute 'value' of object 'Object Repository/DispensaryToStore/Page_Store/input_txtprice' is: '800'

2018-06-09 17:11:59 - [TEST_STEP][PASSED] - Statement - out.println("Stock QTY : " + StockQty): null

2018-06-09 17:11:59 - [TEST_STEP][PASSED] - delay: Delayed 2 second(s)

2018-06-09 17:12:01 - [MESSAGE][PASSED] - Delayed 2 second(s)

2018-06-09 17:12:01 - [TEST_STEP][PASSED] - Statement - If (java.lang.String.valueOf(StockQty) >= java.lang.String.valueOf(RequestedQty)): null

2018-06-09 17:12:01 - [TEST_STEP][PASSED] - setText: Text '10' is set on object 'Object Repository/DispensaryToStore/Page_Store/input_txtqty'

2018-06-09 17:12:01 - [MESSAGE][PASSED] - Text '10' is set on object 'Object Repository/DispensaryToStore/Page_Store/input_txtqty'

2018-06-09 17:12:01 - [TEST_STEP][PASSED] - click: Object: 'Object Repository/DispensaryToStore/Page_Store/button_Add' is clicked on

2018-06-09 17:12:02 - [MESSAGE][PASSED] - Object: 'Object Repository/DispensaryToStore/Page_Store/button_Add' is clicked on

2018-06-09 17:12:02 - [TEST_STEP][PASSED] - Statement - Break: null

2018-06-09 17:12:02 - [TEST_STEP][PASSED] - selectOptionByIndex: All options with index in [11] are selected on object 'Object Repository/DispensaryToStore/Page_Store/select_--Select--Adernaline 0.'

2018-06-09 17:12:02 - [MESSAGE][PASSED] - All options with index in [11] are selected on object 'Object Repository/DispensaryToStore/Page_Store/select_--Select--Adernaline 0.'

2018-06-09 17:12:02 - [TEST_STEP][PASSED] - delay: Delayed 2 second(s)

2018-06-09 17:12:04 - [MESSAGE][PASSED] - Delayed 2 second(s)

2018-06-09 17:12:04 - [TEST_STEP][PASSED] - Statement - RequestedQty = com.kms.katalon.core.webui.keyword.WebUiBuiltInKeywords.getAttribute(com.kms.katalon.core.testobject.ObjectRepository.findTestObject(DispensaryToStore/Page_Store/input_txttotal), "value"): Attribute 'value' of object 'Object Repository/DispensaryToStore/Page_Store/input_txttotal' is: '10'

2018-06-09 17:12:04 - [MESSAGE][PASSED] - Attribute 'value' of object 'Object Repository/DispensaryToStore/Page_Store/input_txttotal' is: '10'

2018-06-09 17:12:04 - [TEST_STEP][PASSED] - Statement - out.println("Requested QTY : " + RequestedQty): null

2018-06-09 17:12:04 - [TEST_STEP][PASSED] - Statement - BatchNumber = com.kms.katalon.core.webui.keyword.WebUiBuiltInKeywords.getNumberOfTotalOption(com.kms.katalon.core.testobject.ObjectRepository.findTestObject(DispensaryToStore/Page_Store/select_--Select--BA1170BA2376B)): 3 options of object 'Object Repository/DispensaryToStore/Page_Store/select_--Select--BA1170BA2376B' counted

2018-06-09 17:12:04 - [MESSAGE][PASSED] - 3 options of object 'Object Repository/DispensaryToStore/Page_Store/select_--Select--BA1170BA2376B' counted

2018-06-09 17:12:04 - [TEST_STEP][PASSED] - Statement - For ([g = 1, g <= BatchNumber - 1, (g++)]): null

2018-06-09 17:12:04 - [TEST_STEP][PASSED] - selectOptionByIndex: All options with index in [1] are selected on object 'Object Repository/DispensaryToStore/Page_Store/select_--Select--BA1170BA2376B'

2018-06-09 17:12:04 - [MESSAGE][PASSED] - All options with index in [1] are selected on object 'Object Repository/DispensaryToStore/Page_Store/select_--Select--BA1170BA2376B'

2018-06-09 17:12:04 - [TEST_STEP][PASSED] - Statement - Try: null

2018-06-09 17:12:04 - [TEST_STEP][PASSED] - Statement - StockQty = com.kms.katalon.core.webui.keyword.WebUiBuiltInKeywords.getAttribute(com.kms.katalon.core.testobject.ObjectRepository.findTestObject(DispensaryToStore/Page_Store/input_txtprice), "value"): Attribute 'value' of object 'Object Repository/DispensaryToStore/Page_Store/input_txtprice' is: '400'

2018-06-09 17:12:04 - [MESSAGE][PASSED] - Attribute 'value' of object 'Object Repository/DispensaryToStore/Page_Store/input_txtprice' is: '400'

2018-06-09 17:12:04 - [TEST_STEP][PASSED] - Statement - out.println("Stock QTY : " + StockQty): null

2018-06-09 17:12:04 - [TEST_STEP][PASSED] - delay: Delayed 2 second(s)

2018-06-09 17:12:06 - [MESSAGE][PASSED] - Delayed 2 second(s)

2018-06-09 17:12:06 - [TEST_STEP][PASSED] - Statement - If (java.lang.String.valueOf(StockQty) >= java.lang.String.valueOf(RequestedQty)): null

2018-06-09 17:12:06 - [TEST_STEP][PASSED] - setText: Text '10' is set on object 'Object Repository/DispensaryToStore/Page_Store/input_txtqty'

2018-06-09 17:12:06 - [MESSAGE][PASSED] - Text '10' is set on object 'Object Repository/DispensaryToStore/Page_Store/input_txtqty'

2018-06-09 17:12:06 - [TEST_STEP][PASSED] - click: Object: 'Object Repository/DispensaryToStore/Page_Store/button_Add' is clicked on

2018-06-09 17:12:06 - [MESSAGE][PASSED] - Object: 'Object Repository/DispensaryToStore/Page_Store/button_Add' is clicked on

2018-06-09 17:12:06 - [TEST_STEP][PASSED] - Statement - Break: null

2018-06-09 17:12:06 - [TEST_STEP][PASSED] - selectOptionByIndex: All options with index in [12] are selected on object 'Object Repository/DispensaryToStore/Page_Store/select_--Select--Adernaline 0.'

2018-06-09 17:12:06 - [MESSAGE][PASSED] - All options with index in [12] are selected on object 'Object Repository/DispensaryToStore/Page_Store/select_--Select--Adernaline 0.'

2018-06-09 17:12:06 - [TEST_STEP][PASSED] - delay: Delayed 2 second(s)

2018-06-09 17:12:08 - [MESSAGE][PASSED] - Delayed 2 second(s)

2018-06-09 17:12:08 - [TEST_STEP][PASSED] - Statement - RequestedQty = com.kms.katalon.core.webui.keyword.WebUiBuiltInKeywords.getAttribute(com.kms.katalon.core.testobject.ObjectRepository.findTestObject(DispensaryToStore/Page_Store/input_txttotal), "value"): Attribute 'value' of object 'Object Repository/DispensaryToStore/Page_Store/input_txttotal' is: '10'

2018-06-09 17:12:08 - [MESSAGE][PASSED] - Attribute 'value' of object 'Object Repository/DispensaryToStore/Page_Store/input_txttotal' is: '10'

2018-06-09 17:12:08 - [TEST_STEP][PASSED] - Statement - out.println("Requested QTY : " + RequestedQty): null

2018-06-09 17:12:08 - [TEST_STEP][PASSED] - Statement - BatchNumber = com.kms.katalon.core.webui.keyword.WebUiBuiltInKeywords.getNumberOfTotalOption(com.kms.katalon.core.testobject.ObjectRepository.findTestObject(DispensaryToStore/Page_Store/select_--Select--BA1170BA2376B)): 3 options of object 'Object Repository/DispensaryToStore/Page_Store/select_--Select--BA1170BA2376B' counted

2018-06-09 17:12:09 - [MESSAGE][PASSED] - 3 options of object 'Object Repository/DispensaryToStore/Page_Store/select_--Select--BA1170BA2376B' counted

2018-06-09 17:12:09 - [TEST_STEP][PASSED] - Statement - For ([g = 1, g <= BatchNumber - 1, (g++)]): null

2018-06-09 17:12:09 - [TEST_STEP][PASSED] - selectOptionByIndex: All options with index in [1] are selected on object 'Object Repository/DispensaryToStore/Page_Store/select_--Select--BA1170BA2376B'

2018-06-09 17:12:09 - [MESSAGE][PASSED] - All options with index in [1] are selected on object 'Object Repository/DispensaryToStore/Page_Store/select_--Select--BA1170BA2376B'

2018-06-09 17:12:09 - [TEST_STEP][PASSED] - Statement - Try: null

2018-06-09 17:12:09 - [TEST_STEP][PASSED] - Statement - StockQty = com.kms.katalon.core.webui.keyword.WebUiBuiltInKeywords.getAttribute(com.kms.katalon.core.testobject.ObjectRepository.findTestObject(DispensaryToStore/Page_Store/input_txtprice), "value"): Attribute 'value' of object 'Object Repository/DispensaryToStore/Page_Store/input_txtprice' is: '400'

2018-06-09 17:12:09 - [MESSAGE][PASSED] - Attribute 'value' of object 'Object Repository/DispensaryToStore/Page_Store/input_txtprice' is: '400'

2018-06-09 17:12:09 - [TEST_STEP][PASSED] - Statement - out.println("Stock QTY : " + StockQty): null

2018-06-09 17:12:09 - [TEST_STEP][PASSED] - delay: Delayed 2 second(s)

2018-06-09 17:12:11 - [MESSAGE][PASSED] - Delayed 2 second(s)

2018-06-09 17:12:11 - [TEST_STEP][PASSED] - Statement - If (java.lang.String.valueOf(StockQty) >= java.lang.String.valueOf(RequestedQty)): null

2018-06-09 17:12:11 - [TEST_STEP][PASSED] - setText: Text '10' is set on object 'Object Repository/DispensaryToStore/Page_Store/input_txtqty'

2018-06-09 17:12:11 - [MESSAGE][PASSED] - Text '10' is set on object 'Object Repository/DispensaryToStore/Page_Store/input_txtqty'

2018-06-09 17:12:11 - [TEST_STEP][PASSED] - click: Object: 'Object Repository/DispensaryToStore/Page_Store/button_Add' is clicked on

2018-06-09 17:12:11 - [MESSAGE][PASSED] - Object: 'Object Repository/DispensaryToStore/Page_Store/button_Add' is clicked on

2018-06-09 17:12:11 - [TEST_STEP][PASSED] - Statement - Break: null

2018-06-09 17:12:11 - [TEST_STEP][PASSED] - selectOptionByIndex: All options with index in [13] are selected on object 'Object Repository/DispensaryToStore/Page_Store/select_--Select--Adernaline 0.'

2018-06-09 17:12:11 - [MESSAGE][PASSED] - All options with index in [13] are selected on object 'Object Repository/DispensaryToStore/Page_Store/select_--Select--Adernaline 0.'

2018-06-09 17:12:11 - [TEST_STEP][PASSED] - delay: Delayed 2 second(s)

2018-06-09 17:12:13 - [MESSAGE][PASSED] - Delayed 2 second(s)

2018-06-09 17:12:13 - [TEST_STEP][PASSED] - Statement - RequestedQty = com.kms.katalon.core.webui.keyword.WebUiBuiltInKeywords.getAttribute(com.kms.katalon.core.testobject.ObjectRepository.findTestObject(DispensaryToStore/Page_Store/input_txttotal), "value"): Attribute 'value' of object 'Object Repository/DispensaryToStore/Page_Store/input_txttotal' is: '10'

2018-06-09 17:12:13 - [MESSAGE][PASSED] - Attribute 'value' of object 'Object Repository/DispensaryToStore/Page_Store/input_txttotal' is: '10'

2018-06-09 17:12:13 - [TEST_STEP][PASSED] - Statement - out.println("Requested QTY : " + RequestedQty): null

2018-06-09 17:12:13 - [TEST_STEP][PASSED] - Statement - BatchNumber = com.kms.katalon.core.webui.keyword.WebUiBuiltInKeywords.getNumberOfTotalOption(com.kms.katalon.core.testobject.ObjectRepository.findTestObject(DispensaryToStore/Page_Store/select_--Select--BA1170BA2376B)): 4 options of object 'Object Repository/DispensaryToStore/Page_Store/select_--Select--BA1170BA2376B' counted

2018-06-09 17:12:13 - [MESSAGE][PASSED] - 4 options of object 'Object Repository/DispensaryToStore/Page_Store/select_--Select--BA1170BA2376B' counted

2018-06-09 17:12:13 - [TEST_STEP][PASSED] - Statement - For ([g = 1, g <= BatchNumber - 1, (g++)]): null

2018-06-09 17:12:13 - [TEST_STEP][PASSED] - selectOptionByIndex: All options with index in [1] are selected on object 'Object Repository/DispensaryToStore/Page_Store/select_--Select--BA1170BA2376B'

2018-06-09 17:12:13 - [MESSAGE][PASSED] - All options with index in [1] are selected on object 'Object Repository/DispensaryToStore/Page_Store/select_--Select--BA1170BA2376B'

2018-06-09 17:12:13 - [TEST_STEP][PASSED] - Statement - Try: null

2018-06-09 17:12:13 - [TEST_STEP][PASSED] - Statement - StockQty = com.kms.katalon.core.webui.keyword.WebUiBuiltInKeywords.getAttribute(com.kms.katalon.core.testobject.ObjectRepository.findTestObject(DispensaryToStore/Page_Store/input_txtprice), "value"): Attribute 'value' of object 'Object Repository/DispensaryToStore/Page_Store/input_txtprice' is: '400'

2018-06-09 17:12:13 - [MESSAGE][PASSED] - Attribute 'value' of object 'Object Repository/DispensaryToStore/Page_Store/input_txtprice' is: '400'

2018-06-09 17:12:13 - [TEST_STEP][PASSED] - Statement - out.println("Stock QTY : " + StockQty): null

2018-06-09 17:12:13 - [TEST_STEP][PASSED] - delay: Delayed 2 second(s)

2018-06-09 17:12:15 - [MESSAGE][PASSED] - Delayed 2 second(s)

2018-06-09 17:12:15 - [TEST_STEP][PASSED] - Statement - If (java.lang.String.valueOf(StockQty) >= java.lang.String.valueOf(RequestedQty)): null

2018-06-09 17:12:15 - [TEST_STEP][PASSED] - setText: Text '10' is set on object 'Object Repository/DispensaryToStore/Page_Store/input_txtqty'

2018-06-09 17:12:15 - [MESSAGE][PASSED] - Text '10' is set on object 'Object Repository/DispensaryToStore/Page_Store/input_txtqty'

2018-06-09 17:12:15 - [TEST_STEP][PASSED] - click: Object: 'Object Repository/DispensaryToStore/Page_Store/button_Add' is clicked on

2018-06-09 17:12:16 - [MESSAGE][PASSED] - Object: 'Object Repository/DispensaryToStore/Page_Store/button_Add' is clicked on

2018-06-09 17:12:16 - [TEST_STEP][PASSED] - Statement - Break: null

2018-06-09 17:12:16 - [TEST_STEP][PASSED] - selectOptionByIndex: All options with index in [14] are selected on object 'Object Repository/DispensaryToStore/Page_Store/select_--Select--Adernaline 0.'

2018-06-09 17:12:16 - [MESSAGE][PASSED] - All options with index in [14] are selected on object 'Object Repository/DispensaryToStore/Page_Store/select_--Select--Adernaline 0.'

2018-06-09 17:12:16 - [TEST_STEP][PASSED] - delay: Delayed 2 second(s)

2018-06-09 17:12:18 - [MESSAGE][PASSED] - Delayed 2 second(s)

2018-06-09 17:12:18 - [TEST_STEP][PASSED] - Statement - RequestedQty = com.kms.katalon.core.webui.keyword.WebUiBuiltInKeywords.getAttribute(com.kms.katalon.core.testobject.ObjectRepository.findTestObject(DispensaryToStore/Page_Store/input_txttotal), "value"): Attribute 'value' of object 'Object Repository/DispensaryToStore/Page_Store/input_txttotal' is: '10'

2018-06-09 17:12:18 - [MESSAGE][PASSED] - Attribute 'value' of object 'Object Repository/DispensaryToStore/Page_Store/input_txttotal' is: '10'

2018-06-09 17:12:18 - [TEST_STEP][PASSED] - Statement - out.println("Requested QTY : " + RequestedQty): null

2018-06-09 17:12:18 - [TEST_STEP][PASSED] - Statement - BatchNumber = com.kms.katalon.core.webui.keyword.WebUiBuiltInKeywords.getNumberOfTotalOption(com.kms.katalon.core.testobject.ObjectRepository.findTestObject(DispensaryToStore/Page_Store/select_--Select--BA1170BA2376B)): 2 options of object 'Object Repository/DispensaryToStore/Page_Store/select_--Select--BA1170BA2376B' counted

2018-06-09 17:12:18 - [MESSAGE][PASSED] - 2 options of object 'Object Repository/DispensaryToStore/Page_Store/select_--Select--BA1170BA2376B' counted

2018-06-09 17:12:18 - [TEST_STEP][PASSED] - Statement - For ([g = 1, g <= BatchNumber - 1, (g++)]): null

2018-06-09 17:12:18 - [TEST_STEP][PASSED] - selectOptionByIndex: All options with index in [1] are selected on object 'Object Repository/DispensaryToStore/Page_Store/select_--Select--BA1170BA2376B'

2018-06-09 17:12:18 - [MESSAGE][PASSED] - All options with index in [1] are selected on object 'Object Repository/DispensaryToStore/Page_Store/select_--Select--BA1170BA2376B'

2018-06-09 17:12:18 - [TEST_STEP][PASSED] - Statement - Try: null

2018-06-09 17:12:18 - [TEST_STEP][PASSED] - Statement - StockQty = com.kms.katalon.core.webui.keyword.WebUiBuiltInKeywords.getAttribute(com.kms.katalon.core.testobject.ObjectRepository.findTestObject(DispensaryToStore/Page_Store/input_txtprice), "value"): Attribute 'value' of object 'Object Repository/DispensaryToStore/Page_Store/input_txtprice' is: '800'

2018-06-09 17:12:18 - [MESSAGE][PASSED] - Attribute 'value' of object 'Object Repository/DispensaryToStore/Page_Store/input_txtprice' is: '800'

2018-06-09 17:12:18 - [TEST_STEP][PASSED] - Statement - out.println("Stock QTY : " + StockQty): null

2018-06-09 17:12:18 - [TEST_STEP][PASSED] - delay: Delayed 2 second(s)

2018-06-09 17:12:20 - [MESSAGE][PASSED] - Delayed 2 second(s)

2018-06-09 17:12:20 - [TEST_STEP][PASSED] - Statement - If (java.lang.String.valueOf(StockQty) >= java.lang.String.valueOf(RequestedQty)): null

2018-06-09 17:12:20 - [TEST_STEP][PASSED] - setText: Text '10' is set on object 'Object Repository/DispensaryToStore/Page_Store/input_txtqty'

2018-06-09 17:12:20 - [MESSAGE][PASSED] - Text '10' is set on object 'Object Repository/DispensaryToStore/Page_Store/input_txtqty'

2018-06-09 17:12:20 - [TEST_STEP][PASSED] - click: Object: 'Object Repository/DispensaryToStore/Page_Store/button_Add' is clicked on

2018-06-09 17:12:20 - [MESSAGE][PASSED] - Object: 'Object Repository/DispensaryToStore/Page_Store/button_Add' is clicked on

2018-06-09 17:12:20 - [TEST_STEP][PASSED] - Statement - Break: null

2018-06-09 17:12:20 - [TEST_STEP][PASSED] - selectOptionByIndex: All options with index in [15] are selected on object 'Object Repository/DispensaryToStore/Page_Store/select_--Select--Adernaline 0.'

2018-06-09 17:12:21 - [MESSAGE][PASSED] - All options with index in [15] are selected on object 'Object Repository/DispensaryToStore/Page_Store/select_--Select--Adernaline 0.'

2018-06-09 17:12:21 - [TEST_STEP][PASSED] - delay: Delayed 2 second(s)

2018-06-09 17:12:23 - [MESSAGE][PASSED] - Delayed 2 second(s)

2018-06-09 17:12:23 - [TEST_STEP][PASSED] - Statement - RequestedQty = com.kms.katalon.core.webui.keyword.WebUiBuiltInKeywords.getAttribute(com.kms.katalon.core.testobject.ObjectRepository.findTestObject(DispensaryToStore/Page_Store/input_txttotal), "value"): Attribute 'value' of object 'Object Repository/DispensaryToStore/Page_Store/input_txttotal' is: '10'

2018-06-09 17:12:23 - [MESSAGE][PASSED] - Attribute 'value' of object 'Object Repository/DispensaryToStore/Page_Store/input_txttotal' is: '10'

2018-06-09 17:12:23 - [TEST_STEP][PASSED] - Statement - out.println("Requested QTY : " + RequestedQty): null

2018-06-09 17:12:23 - [TEST_STEP][PASSED] - Statement - BatchNumber = com.kms.katalon.core.webui.keyword.WebUiBuiltInKeywords.getNumberOfTotalOption(com.kms.katalon.core.testobject.ObjectRepository.findTestObject(DispensaryToStore/Page_Store/select_--Select--BA1170BA2376B)): 2 options of object 'Object Repository/DispensaryToStore/Page_Store/select_--Select--BA1170BA2376B' counted

2018-06-09 17:12:23 - [MESSAGE][PASSED] - 2 options of object 'Object Repository/DispensaryToStore/Page_Store/select_--Select--BA1170BA2376B' counted

2018-06-09 17:12:23 - [TEST_STEP][PASSED] - Statement - For ([g = 1, g <= BatchNumber - 1, (g++)]): null

2018-06-09 17:12:23 - [TEST_STEP][PASSED] - selectOptionByIndex: All options with index in [1] are selected on object 'Object Repository/DispensaryToStore/Page_Store/select_--Select--BA1170BA2376B'

2018-06-09 17:12:23 - [MESSAGE][PASSED] - All options with index in [1] are selected on object 'Object Repository/DispensaryToStore/Page_Store/select_--Select--BA1170BA2376B'

2018-06-09 17:12:23 - [TEST_STEP][PASSED] - Statement - Try: null

2018-06-09 17:12:23 - [TEST_STEP][PASSED] - Statement - StockQty = com.kms.katalon.core.webui.keyword.WebUiBuiltInKeywords.getAttribute(com.kms.katalon.core.testobject.ObjectRepository.findTestObject(DispensaryToStore/Page_Store/input_txtprice), "value"): Attribute 'value' of object 'Object Repository/DispensaryToStore/Page_Store/input_txtprice' is: '800'

2018-06-09 17:12:23 - [MESSAGE][PASSED] - Attribute 'value' of object 'Object Repository/DispensaryToStore/Page_Store/input_txtprice' is: '800'

2018-06-09 17:12:23 - [TEST_STEP][PASSED] - Statement - out.println("Stock QTY : " + StockQty): null

2018-06-09 17:12:23 - [TEST_STEP][PASSED] - delay: Delayed 2 second(s)

2018-06-09 17:12:25 - [MESSAGE][PASSED] - Delayed 2 second(s)

2018-06-09 17:12:25 - [TEST_STEP][PASSED] - Statement - If (java.lang.String.valueOf(StockQty) >= java.lang.String.valueOf(RequestedQty)): null

2018-06-09 17:12:25 - [TEST_STEP][PASSED] - setText: Text '10' is set on object 'Object Repository/DispensaryToStore/Page_Store/input_txtqty'

2018-06-09 17:12:25 - [MESSAGE][PASSED] - Text '10' is set on object 'Object Repository/DispensaryToStore/Page_Store/input_txtqty'

2018-06-09 17:12:25 - [TEST_STEP][PASSED] - click: Object: 'Object Repository/DispensaryToStore/Page_Store/button_Add' is clicked on

2018-06-09 17:12:25 - [MESSAGE][PASSED] - Object: 'Object Repository/DispensaryToStore/Page_Store/button_Add' is clicked on

2018-06-09 17:12:25 - [TEST_STEP][PASSED] - Statement - Break: null

2018-06-09 17:12:25 - [TEST_STEP][PASSED] - selectOptionByIndex: All options with index in [16] are selected on object 'Object Repository/DispensaryToStore/Page_Store/select_--Select--Adernaline 0.'

2018-06-09 17:12:25 - [MESSAGE][PASSED] - All options with index in [16] are selected on object 'Object Repository/DispensaryToStore/Page_Store/select_--Select--Adernaline 0.'

2018-06-09 17:12:25 - [TEST_STEP][PASSED] - delay: Delayed 2 second(s)

2018-06-09 17:12:27 - [MESSAGE][PASSED] - Delayed 2 second(s)

2018-06-09 17:12:27 - [TEST_STEP][PASSED] - Statement - RequestedQty = com.kms.katalon.core.webui.keyword.WebUiBuiltInKeywords.getAttribute(com.kms.katalon.core.testobject.ObjectRepository.findTestObject(DispensaryToStore/Page_Store/input_txttotal), "value"): Attribute 'value' of object 'Object Repository/DispensaryToStore/Page_Store/input_txttotal' is: '10'

2018-06-09 17:12:27 - [MESSAGE][PASSED] - Attribute 'value' of object 'Object Repository/DispensaryToStore/Page_Store/input_txttotal' is: '10'

2018-06-09 17:12:27 - [TEST_STEP][PASSED] - Statement - out.println("Requested QTY : " + RequestedQty): null

2018-06-09 17:12:27 - [TEST_STEP][PASSED] - Statement - BatchNumber = com.kms.katalon.core.webui.keyword.WebUiBuiltInKeywords.getNumberOfTotalOption(com.kms.katalon.core.testobject.ObjectRepository.findTestObject(DispensaryToStore/Page_Store/select_--Select--BA1170BA2376B)): 3 options of object 'Object Repository/DispensaryToStore/Page_Store/select_--Select--BA1170BA2376B' counted

2018-06-09 17:12:27 - [MESSAGE][PASSED] - 3 options of object 'Object Repository/DispensaryToStore/Page_Store/select_--Select--BA1170BA2376B' counted

2018-06-09 17:12:27 - [TEST_STEP][PASSED] - Statement - For ([g = 1, g <= BatchNumber - 1, (g++)]): null

2018-06-09 17:12:27 - [TEST_STEP][PASSED] - selectOptionByIndex: All options with index in [1] are selected on object 'Object Repository/DispensaryToStore/Page_Store/select_--Select--BA1170BA2376B'

2018-06-09 17:12:28 - [MESSAGE][PASSED] - All options with index in [1] are selected on object 'Object Repository/DispensaryToStore/Page_Store/select_--Select--BA1170BA2376B'

2018-06-09 17:12:28 - [TEST_STEP][PASSED] - Statement - Try: null

2018-06-09 17:12:28 - [TEST_STEP][PASSED] - Statement - StockQty = com.kms.katalon.core.webui.keyword.WebUiBuiltInKeywords.getAttribute(com.kms.katalon.core.testobject.ObjectRepository.findTestObject(DispensaryToStore/Page_Store/input_txtprice), "value"): Attribute 'value' of object 'Object Repository/DispensaryToStore/Page_Store/input_txtprice' is: '300'

2018-06-09 17:12:28 - [MESSAGE][PASSED] - Attribute 'value' of object 'Object Repository/DispensaryToStore/Page_Store/input_txtprice' is: '300'

2018-06-09 17:12:28 - [TEST_STEP][PASSED] - Statement - out.println("Stock QTY : " + StockQty): null

2018-06-09 17:12:28 - [TEST_STEP][PASSED] - delay: Delayed 2 second(s)

2018-06-09 17:12:30 - [MESSAGE][PASSED] - Delayed 2 second(s)

2018-06-09 17:12:30 - [TEST_STEP][PASSED] - Statement - If (java.lang.String.valueOf(StockQty) >= java.lang.String.valueOf(RequestedQty)): null

2018-06-09 17:12:30 - [TEST_STEP][PASSED] - setText: Text '10' is set on object 'Object Repository/DispensaryToStore/Page_Store/input_txtqty'

2018-06-09 17:12:30 - [MESSAGE][PASSED] - Text '10' is set on object 'Object Repository/DispensaryToStore/Page_Store/input_txtqty'

2018-06-09 17:12:30 - [TEST_STEP][PASSED] - click: Object: 'Object Repository/DispensaryToStore/Page_Store/button_Add' is clicked on

2018-06-09 17:12:30 - [MESSAGE][PASSED] - Object: 'Object Repository/DispensaryToStore/Page_Store/button_Add' is clicked on

2018-06-09 17:12:30 - [TEST_STEP][PASSED] - Statement - Break: null

2018-06-09 17:12:30 - [TEST_STEP][PASSED] - selectOptionByIndex: All options with index in [17] are selected on object 'Object Repository/DispensaryToStore/Page_Store/select_--Select--Adernaline 0.'

2018-06-09 17:12:30 - [MESSAGE][PASSED] - All options with index in [17] are selected on object 'Object Repository/DispensaryToStore/Page_Store/select_--Select--Adernaline 0.'

2018-06-09 17:12:30 - [TEST_STEP][PASSED] - delay: Delayed 2 second(s)

2018-06-09 17:12:32 - [MESSAGE][PASSED] - Delayed 2 second(s)

2018-06-09 17:12:32 - [TEST_STEP][PASSED] - Statement - RequestedQty = com.kms.katalon.core.webui.keyword.WebUiBuiltInKeywords.getAttribute(com.kms.katalon.core.testobject.ObjectRepository.findTestObject(DispensaryToStore/Page_Store/input_txttotal), "value"): Attribute 'value' of object 'Object Repository/DispensaryToStore/Page_Store/input_txttotal' is: '10'

2018-06-09 17:12:32 - [MESSAGE][PASSED] - Attribute 'value' of object 'Object Repository/DispensaryToStore/Page_Store/input_txttotal' is: '10'

2018-06-09 17:12:32 - [TEST_STEP][PASSED] - Statement - out.println("Requested QTY : " + RequestedQty): null

2018-06-09 17:12:32 - [TEST_STEP][PASSED] - Statement - BatchNumber = com.kms.katalon.core.webui.keyword.WebUiBuiltInKeywords.getNumberOfTotalOption(com.kms.katalon.core.testobject.ObjectRepository.findTestObject(DispensaryToStore/Page_Store/select_--Select--BA1170BA2376B)): 2 options of object 'Object Repository/DispensaryToStore/Page_Store/select_--Select--BA1170BA2376B' counted

2018-06-09 17:12:32 - [MESSAGE][PASSED] - 2 options of object 'Object Repository/DispensaryToStore/Page_Store/select_--Select--BA1170BA2376B' counted

2018-06-09 17:12:32 - [TEST_STEP][PASSED] - Statement - For ([g = 1, g <= BatchNumber - 1, (g++)]): null

2018-06-09 17:12:32 - [TEST_STEP][PASSED] - selectOptionByIndex: All options with index in [1] are selected on object 'Object Repository/DispensaryToStore/Page_Store/select_--Select--BA1170BA2376B'

2018-06-09 17:12:32 - [MESSAGE][PASSED] - All options with index in [1] are selected on object 'Object Repository/DispensaryToStore/Page_Store/select_--Select--BA1170BA2376B'

2018-06-09 17:12:32 - [TEST_STEP][PASSED] - Statement - Try: null

2018-06-09 17:12:32 - [TEST_STEP][PASSED] - Statement - StockQty = com.kms.katalon.core.webui.keyword.WebUiBuiltInKeywords.getAttribute(com.kms.katalon.core.testobject.ObjectRepository.findTestObject(DispensaryToStore/Page_Store/input_txtprice), "value"): Attribute 'value' of object 'Object Repository/DispensaryToStore/Page_Store/input_txtprice' is: '800'

2018-06-09 17:12:32 - [MESSAGE][PASSED] - Attribute 'value' of object 'Object Repository/DispensaryToStore/Page_Store/input_txtprice' is: '800'

2018-06-09 17:12:32 - [TEST_STEP][PASSED] - Statement - out.println("Stock QTY : " + StockQty): null

2018-06-09 17:12:32 - [TEST_STEP][PASSED] - delay: Delayed 2 second(s)

2018-06-09 17:12:34 - [MESSAGE][PASSED] - Delayed 2 second(s)

2018-06-09 17:12:34 - [TEST_STEP][PASSED] - Statement - If (java.lang.String.valueOf(StockQty) >= java.lang.String.valueOf(RequestedQty)): null

2018-06-09 17:12:34 - [TEST_STEP][PASSED] - setText: Text '10' is set on object 'Object Repository/DispensaryToStore/Page_Store/input_txtqty'

2018-06-09 17:12:34 - [MESSAGE][PASSED] - Text '10' is set on object 'Object Repository/DispensaryToStore/Page_Store/input_txtqty'

2018-06-09 17:12:34 - [TEST_STEP][PASSED] - click: Object: 'Object Repository/DispensaryToStore/Page_Store/button_Add' is clicked on

2018-06-09 17:12:34 - [MESSAGE][PASSED] - Object: 'Object Repository/DispensaryToStore/Page_Store/button_Add' is clicked on

2018-06-09 17:12:34 - [TEST_STEP][PASSED] - Statement - Break: null

2018-06-09 17:12:34 - [TEST_STEP][PASSED] - selectOptionByIndex: All options with index in [18] are selected on object 'Object Repository/DispensaryToStore/Page_Store/select_--Select--Adernaline 0.'

2018-06-09 17:12:35 - [MESSAGE][PASSED] - All options with index in [18] are selected on object 'Object Repository/DispensaryToStore/Page_Store/select_--Select--Adernaline 0.'

2018-06-09 17:12:35 - [TEST_STEP][PASSED] - delay: Delayed 2 second(s)

2018-06-09 17:12:37 - [MESSAGE][PASSED] - Delayed 2 second(s)

2018-06-09 17:12:37 - [TEST_STEP][PASSED] - Statement - RequestedQty = com.kms.katalon.core.webui.keyword.WebUiBuiltInKeywords.getAttribute(com.kms.katalon.core.testobject.ObjectRepository.findTestObject(DispensaryToStore/Page_Store/input_txttotal), "value"): Attribute 'value' of object 'Object Repository/DispensaryToStore/Page_Store/input_txttotal' is: '10'

2018-06-09 17:12:37 - [MESSAGE][PASSED] - Attribute 'value' of object 'Object Repository/DispensaryToStore/Page_Store/input_txttotal' is: '10'

2018-06-09 17:12:37 - [TEST_STEP][PASSED] - Statement - out.println("Requested QTY : " + RequestedQty): null

2018-06-09 17:12:37 - [TEST_STEP][PASSED] - Statement - BatchNumber = com.kms.katalon.core.webui.keyword.WebUiBuiltInKeywords.getNumberOfTotalOption(com.kms.katalon.core.testobject.ObjectRepository.findTestObject(DispensaryToStore/Page_Store/select_--Select--BA1170BA2376B)): 2 options of object 'Object Repository/DispensaryToStore/Page_Store/select_--Select--BA1170BA2376B' counted

2018-06-09 17:12:37 - [MESSAGE][PASSED] - 2 options of object 'Object Repository/DispensaryToStore/Page_Store/select_--Select--BA1170BA2376B' counted

2018-06-09 17:12:37 - [TEST_STEP][PASSED] - Statement - For ([g = 1, g <= BatchNumber - 1, (g++)]): null

2018-06-09 17:12:37 - [TEST_STEP][PASSED] - selectOptionByIndex: All options with index in [1] are selected on object 'Object Repository/DispensaryToStore/Page_Store/select_--Select--BA1170BA2376B'

2018-06-09 17:12:37 - [MESSAGE][PASSED] - All options with index in [1] are selected on object 'Object Repository/DispensaryToStore/Page_Store/select_--Select--BA1170BA2376B'

2018-06-09 17:12:37 - [TEST_STEP][PASSED] - Statement - Try: null

2018-06-09 17:12:37 - [TEST_STEP][PASSED] - Statement - StockQty = com.kms.katalon.core.webui.keyword.WebUiBuiltInKeywords.getAttribute(com.kms.katalon.core.testobject.ObjectRepository.findTestObject(DispensaryToStore/Page_Store/input_txtprice), "value"): Attribute 'value' of object 'Object Repository/DispensaryToStore/Page_Store/input_txtprice' is: '800'

2018-06-09 17:12:37 - [MESSAGE][PASSED] - Attribute 'value' of object 'Object Repository/DispensaryToStore/Page_Store/input_txtprice' is: '800'

2018-06-09 17:12:37 - [TEST_STEP][PASSED] - Statement - out.println("Stock QTY : " + StockQty): null

2018-06-09 17:12:37 - [TEST_STEP][PASSED] - delay: Delayed 2 second(s)

2018-06-09 17:12:39 - [MESSAGE][PASSED] - Delayed 2 second(s)

2018-06-09 17:12:39 - [TEST_STEP][PASSED] - Statement - If (java.lang.String.valueOf(StockQty) >= java.lang.String.valueOf(RequestedQty)): null

2018-06-09 17:12:39 - [TEST_STEP][PASSED] - setText: Text '10' is set on object 'Object Repository/DispensaryToStore/Page_Store/input_txtqty'

2018-06-09 17:12:39 - [MESSAGE][PASSED] - Text '10' is set on object 'Object Repository/DispensaryToStore/Page_Store/input_txtqty'

2018-06-09 17:12:39 - [TEST_STEP][PASSED] - click: Object: 'Object Repository/DispensaryToStore/Page_Store/button_Add' is clicked on

2018-06-09 17:12:39 - [MESSAGE][PASSED] - Object: 'Object Repository/DispensaryToStore/Page_Store/button_Add' is clicked on

2018-06-09 17:12:39 - [TEST_STEP][PASSED] - Statement - Break: null

2018-06-09 17:12:39 - [TEST_STEP][PASSED] - selectOptionByIndex: All options with index in [19] are selected on object 'Object Repository/DispensaryToStore/Page_Store/select_--Select--Adernaline 0.'

2018-06-09 17:12:40 - [MESSAGE][PASSED] - All options with index in [19] are selected on object 'Object Repository/DispensaryToStore/Page_Store/select_--Select--Adernaline 0.'

2018-06-09 17:12:40 - [TEST_STEP][PASSED] - delay: Delayed 2 second(s)

2018-06-09 17:12:42 - [MESSAGE][PASSED] - Delayed 2 second(s)

2018-06-09 17:12:42 - [TEST_STEP][PASSED] - Statement - RequestedQty = com.kms.katalon.core.webui.keyword.WebUiBuiltInKeywords.getAttribute(com.kms.katalon.core.testobject.ObjectRepository.findTestObject(DispensaryToStore/Page_Store/input_txttotal), "value"): Attribute 'value' of object 'Object Repository/DispensaryToStore/Page_Store/input_txttotal' is: '10'

2018-06-09 17:12:42 - [MESSAGE][PASSED] - Attribute 'value' of object 'Object Repository/DispensaryToStore/Page_Store/input_txttotal' is: '10'

2018-06-09 17:12:42 - [TEST_STEP][PASSED] - Statement - out.println("Requested QTY : " + RequestedQty): null

2018-06-09 17:12:42 - [TEST_STEP][PASSED] - Statement - BatchNumber = com.kms.katalon.core.webui.keyword.WebUiBuiltInKeywords.getNumberOfTotalOption(com.kms.katalon.core.testobject.ObjectRepository.findTestObject(DispensaryToStore/Page_Store/select_--Select--BA1170BA2376B)): 2 options of object 'Object Repository/DispensaryToStore/Page_Store/select_--Select--BA1170BA2376B' counted

2018-06-09 17:12:42 - [MESSAGE][PASSED] - 2 options of object 'Object Repository/DispensaryToStore/Page_Store/select_--Select--BA1170BA2376B' counted

2018-06-09 17:12:42 - [TEST_STEP][PASSED] - Statement - For ([g = 1, g <= BatchNumber - 1, (g++)]): null

2018-06-09 17:12:42 - [TEST_STEP][PASSED] - selectOptionByIndex: All options with index in [1] are selected on object 'Object Repository/DispensaryToStore/Page_Store/select_--Select--BA1170BA2376B'

2018-06-09 17:12:42 - [MESSAGE][PASSED] - All options with index in [1] are selected on object 'Object Repository/DispensaryToStore/Page_Store/select_--Select--BA1170BA2376B'

2018-06-09 17:12:42 - [TEST_STEP][PASSED] - Statement - Try: null

2018-06-09 17:12:42 - [TEST_STEP][PASSED] - Statement - StockQty = com.kms.katalon.core.webui.keyword.WebUiBuiltInKeywords.getAttribute(com.kms.katalon.core.testobject.ObjectRepository.findTestObject(DispensaryToStore/Page_Store/input_txtprice), "value"): Attribute 'value' of object 'Object Repository/DispensaryToStore/Page_Store/input_txtprice' is: '800'

2018-06-09 17:12:42 - [MESSAGE][PASSED] - Attribute 'value' of object 'Object Repository/DispensaryToStore/Page_Store/input_txtprice' is: '800'

2018-06-09 17:12:42 - [TEST_STEP][PASSED] - Statement - out.println("Stock QTY : " + StockQty): null

2018-06-09 17:12:42 - [TEST_STEP][PASSED] - delay: Delayed 2 second(s)

2018-06-09 17:12:44 - [MESSAGE][PASSED] - Delayed 2 second(s)

2018-06-09 17:12:44 - [TEST_STEP][PASSED] - Statement - If (java.lang.String.valueOf(StockQty) >= java.lang.String.valueOf(RequestedQty)): null

2018-06-09 17:12:44 - [TEST_STEP][PASSED] - setText: Text '10' is set on object 'Object Repository/DispensaryToStore/Page_Store/input_txtqty'

2018-06-09 17:12:44 - [MESSAGE][PASSED] - Text '10' is set on object 'Object Repository/DispensaryToStore/Page_Store/input_txtqty'

2018-06-09 17:12:44 - [TEST_STEP][PASSED] - click: Object: 'Object Repository/DispensaryToStore/Page_Store/button_Add' is clicked on

2018-06-09 17:12:44 - [MESSAGE][PASSED] - Object: 'Object Repository/DispensaryToStore/Page_Store/button_Add' is clicked on

2018-06-09 17:12:44 - [TEST_STEP][PASSED] - Statement - Break: null

2018-06-09 17:12:44 - [TEST_STEP][PASSED] - selectOptionByIndex: All options with index in [20] are selected on object 'Object Repository/DispensaryToStore/Page_Store/select_--Select--Adernaline 0.'

2018-06-09 17:12:44 - [MESSAGE][PASSED] - All options with index in [20] are selected on object 'Object Repository/DispensaryToStore/Page_Store/select_--Select--Adernaline 0.'

2018-06-09 17:12:44 - [TEST_STEP][PASSED] - delay: Delayed 2 second(s)

2018-06-09 17:12:46 - [MESSAGE][PASSED] - Delayed 2 second(s)

2018-06-09 17:12:46 - [TEST_STEP][PASSED] - Statement - RequestedQty = com.kms.katalon.core.webui.keyword.WebUiBuiltInKeywords.getAttribute(com.kms.katalon.core.testobject.ObjectRepository.findTestObject(DispensaryToStore/Page_Store/input_txttotal), "value"): Attribute 'value' of object 'Object Repository/DispensaryToStore/Page_Store/input_txttotal' is: '10'

2018-06-09 17:12:46 - [MESSAGE][PASSED] - Attribute 'value' of object 'Object Repository/DispensaryToStore/Page_Store/input_txttotal' is: '10'

2018-06-09 17:12:46 - [TEST_STEP][PASSED] - Statement - out.println("Requested QTY : " + RequestedQty): null

2018-06-09 17:12:46 - [TEST_STEP][PASSED] - Statement - BatchNumber = com.kms.katalon.core.webui.keyword.WebUiBuiltInKeywords.getNumberOfTotalOption(com.kms.katalon.core.testobject.ObjectRepository.findTestObject(DispensaryToStore/Page_Store/select_--Select--BA1170BA2376B)): 2 options of object 'Object Repository/DispensaryToStore/Page_Store/select_--Select--BA1170BA2376B' counted

2018-06-09 17:12:46 - [MESSAGE][PASSED] - 2 options of object 'Object Repository/DispensaryToStore/Page_Store/select_--Select--BA1170BA2376B' counted

2018-06-09 17:12:46 - [TEST_STEP][PASSED] - Statement - For ([g = 1, g <= BatchNumber - 1, (g++)]): null

2018-06-09 17:12:46 - [TEST_STEP][PASSED] - selectOptionByIndex: All options with index in [1] are selected on object 'Object Repository/DispensaryToStore/Page_Store/select_--Select--BA1170BA2376B'

2018-06-09 17:12:46 - [MESSAGE][PASSED] - All options with index in [1] are selected on object 'Object Repository/DispensaryToStore/Page_Store/select_--Select--BA1170BA2376B'

2018-06-09 17:12:46 - [TEST_STEP][PASSED] - Statement - Try: null

2018-06-09 17:12:46 - [TEST_STEP][PASSED] - Statement - StockQty = com.kms.katalon.core.webui.keyword.WebUiBuiltInKeywords.getAttribute(com.kms.katalon.core.testobject.ObjectRepository.findTestObject(DispensaryToStore/Page_Store/input_txtprice), "value"): Attribute 'value' of object 'Object Repository/DispensaryToStore/Page_Store/input_txtprice' is: '800'

2018-06-09 17:12:47 - [MESSAGE][PASSED] - Attribute 'value' of object 'Object Repository/DispensaryToStore/Page_Store/input_txtprice' is: '800'

2018-06-09 17:12:47 - [TEST_STEP][PASSED] - Statement - out.println("Stock QTY : " + StockQty): null

2018-06-09 17:12:47 - [TEST_STEP][PASSED] - delay: Delayed 2 second(s)

2018-06-09 17:12:49 - [MESSAGE][PASSED] - Delayed 2 second(s)

2018-06-09 17:12:49 - [TEST_STEP][PASSED] - Statement - If (java.lang.String.valueOf(StockQty) >= java.lang.String.valueOf(RequestedQty)): null

2018-06-09 17:12:49 - [TEST_STEP][PASSED] - setText: Text '10' is set on object 'Object Repository/DispensaryToStore/Page_Store/input_txtqty'

2018-06-09 17:12:49 - [MESSAGE][PASSED] - Text '10' is set on object 'Object Repository/DispensaryToStore/Page_Store/input_txtqty'

2018-06-09 17:12:49 - [TEST_STEP][PASSED] - click: Object: 'Object Repository/DispensaryToStore/Page_Store/button_Add' is clicked on

2018-06-09 17:12:49 - [MESSAGE][PASSED] - Object: 'Object Repository/DispensaryToStore/Page_Store/button_Add' is clicked on

2018-06-09 17:12:49 - [TEST_STEP][PASSED] - Statement - Break: null

2018-06-09 17:12:49 - [TEST_STEP][PASSED] - selectOptionByIndex: All options with index in [21] are selected on object 'Object Repository/DispensaryToStore/Page_Store/select_--Select--Adernaline 0.'

2018-06-09 17:12:49 - [MESSAGE][PASSED] - All options with index in [21] are selected on object 'Object Repository/DispensaryToStore/Page_Store/select_--Select--Adernaline 0.'

2018-06-09 17:12:49 - [TEST_STEP][PASSED] - delay: Delayed 2 second(s)

2018-06-09 17:12:51 - [MESSAGE][PASSED] - Delayed 2 second(s)

2018-06-09 17:12:51 - [TEST_STEP][PASSED] - Statement - RequestedQty = com.kms.katalon.core.webui.keyword.WebUiBuiltInKeywords.getAttribute(com.kms.katalon.core.testobject.ObjectRepository.findTestObject(DispensaryToStore/Page_Store/input_txttotal), "value"): Attribute 'value' of object 'Object Repository/DispensaryToStore/Page_Store/input_txttotal' is: '10'

2018-06-09 17:12:51 - [MESSAGE][PASSED] - Attribute 'value' of object 'Object Repository/DispensaryToStore/Page_Store/input_txttotal' is: '10'

2018-06-09 17:12:51 - [TEST_STEP][PASSED] - Statement - out.println("Requested QTY : " + RequestedQty): null

2018-06-09 17:12:51 - [TEST_STEP][PASSED] - Statement - BatchNumber = com.kms.katalon.core.webui.keyword.WebUiBuiltInKeywords.getNumberOfTotalOption(com.kms.katalon.core.testobject.ObjectRepository.findTestObject(DispensaryToStore/Page_Store/select_--Select--BA1170BA2376B)): 2 options of object 'Object Repository/DispensaryToStore/Page_Store/select_--Select--BA1170BA2376B' counted

2018-06-09 17:12:51 - [MESSAGE][PASSED] - 2 options of object 'Object Repository/DispensaryToStore/Page_Store/select_--Select--BA1170BA2376B' counted

2018-06-09 17:12:51 - [TEST_STEP][PASSED] - Statement - For ([g = 1, g <= BatchNumber - 1, (g++)]): null

2018-06-09 17:12:51 - [TEST_STEP][PASSED] - selectOptionByIndex: All options with index in [1] are selected on object 'Object Repository/DispensaryToStore/Page_Store/select_--Select--BA1170BA2376B'

2018-06-09 17:12:51 - [MESSAGE][PASSED] - All options with index in [1] are selected on object 'Object Repository/DispensaryToStore/Page_Store/select_--Select--BA1170BA2376B'

2018-06-09 17:12:51 - [TEST_STEP][PASSED] - Statement - Try: null

2018-06-09 17:12:51 - [TEST_STEP][PASSED] - Statement - StockQty = com.kms.katalon.core.webui.keyword.WebUiBuiltInKeywords.getAttribute(com.kms.katalon.core.testobject.ObjectRepository.findTestObject(DispensaryToStore/Page_Store/input_txtprice), "value"): Attribute 'value' of object 'Object Repository/DispensaryToStore/Page_Store/input_txtprice' is: '810'

2018-06-09 17:12:51 - [MESSAGE][PASSED] - Attribute 'value' of object 'Object Repository/DispensaryToStore/Page_Store/input_txtprice' is: '810'

2018-06-09 17:12:51 - [TEST_STEP][PASSED] - Statement - out.println("Stock QTY : " + StockQty): null

2018-06-09 17:12:51 - [TEST_STEP][PASSED] - delay: Delayed 2 second(s)

2018-06-09 17:12:53 - [MESSAGE][PASSED] - Delayed 2 second(s)

2018-06-09 17:12:53 - [TEST_STEP][PASSED] - Statement - If (java.lang.String.valueOf(StockQty) >= java.lang.String.valueOf(RequestedQty)): null

2018-06-09 17:12:53 - [TEST_STEP][PASSED] - setText: Text '10' is set on object 'Object Repository/DispensaryToStore/Page_Store/input_txtqty'

2018-06-09 17:12:53 - [MESSAGE][PASSED] - Text '10' is set on object 'Object Repository/DispensaryToStore/Page_Store/input_txtqty'

2018-06-09 17:12:53 - [TEST_STEP][PASSED] - click: Object: 'Object Repository/DispensaryToStore/Page_Store/button_Add' is clicked on

2018-06-09 17:12:53 - [MESSAGE][PASSED] - Object: 'Object Repository/DispensaryToStore/Page_Store/button_Add' is clicked on

2018-06-09 17:12:53 - [TEST_STEP][PASSED] - Statement - Break: null

2018-06-09 17:12:53 - [TEST_STEP][PASSED] - selectOptionByIndex: All options with index in [22] are selected on object 'Object Repository/DispensaryToStore/Page_Store/select_--Select--Adernaline 0.'

2018-06-09 17:12:54 - [MESSAGE][PASSED] - All options with index in [22] are selected on object 'Object Repository/DispensaryToStore/Page_Store/select_--Select--Adernaline 0.'

2018-06-09 17:12:54 - [TEST_STEP][PASSED] - delay: Delayed 2 second(s)

2018-06-09 17:12:56 - [MESSAGE][PASSED] - Delayed 2 second(s)

2018-06-09 17:12:56 - [TEST_STEP][PASSED] - Statement - RequestedQty = com.kms.katalon.core.webui.keyword.WebUiBuiltInKeywords.getAttribute(com.kms.katalon.core.testobject.ObjectRepository.findTestObject(DispensaryToStore/Page_Store/input_txttotal), "value"): Attribute 'value' of object 'Object Repository/DispensaryToStore/Page_Store/input_txttotal' is: '10'

2018-06-09 17:12:56 - [MESSAGE][PASSED] - Attribute 'value' of object 'Object Repository/DispensaryToStore/Page_Store/input_txttotal' is: '10'

2018-06-09 17:12:56 - [TEST_STEP][PASSED] - Statement - out.println("Requested QTY : " + RequestedQty): null

2018-06-09 17:12:56 - [TEST_STEP][PASSED] - Statement - BatchNumber = com.kms.katalon.core.webui.keyword.WebUiBuiltInKeywords.getNumberOfTotalOption(com.kms.katalon.core.testobject.ObjectRepository.findTestObject(DispensaryToStore/Page_Store/select_--Select--BA1170BA2376B)): 2 options of object 'Object Repository/DispensaryToStore/Page_Store/select_--Select--BA1170BA2376B' counted

2018-06-09 17:12:56 - [MESSAGE][PASSED] - 2 options of object 'Object Repository/DispensaryToStore/Page_Store/select_--Select--BA1170BA2376B' counted

2018-06-09 17:12:56 - [TEST_STEP][PASSED] - Statement - For ([g = 1, g <= BatchNumber - 1, (g++)]): null

2018-06-09 17:12:56 - [TEST_STEP][PASSED] - selectOptionByIndex: All options with index in [1] are selected on object 'Object Repository/DispensaryToStore/Page_Store/select_--Select--BA1170BA2376B'

2018-06-09 17:12:56 - [MESSAGE][PASSED] - All options with index in [1] are selected on object 'Object Repository/DispensaryToStore/Page_Store/select_--Select--BA1170BA2376B'

2018-06-09 17:12:56 - [TEST_STEP][PASSED] - Statement - Try: null

2018-06-09 17:12:56 - [TEST_STEP][PASSED] - Statement - StockQty = com.kms.katalon.core.webui.keyword.WebUiBuiltInKeywords.getAttribute(com.kms.katalon.core.testobject.ObjectRepository.findTestObject(DispensaryToStore/Page_Store/input_txtprice), "value"): Attribute 'value' of object 'Object Repository/DispensaryToStore/Page_Store/input_txtprice' is: '790'

2018-06-09 17:12:56 - [MESSAGE][PASSED] - Attribute 'value' of object 'Object Repository/DispensaryToStore/Page_Store/input_txtprice' is: '790'

2018-06-09 17:12:56 - [TEST_STEP][PASSED] - Statement - out.println("Stock QTY : " + StockQty): null

2018-06-09 17:12:56 - [TEST_STEP][PASSED] - delay: Delayed 2 second(s)

2018-06-09 17:12:58 - [MESSAGE][PASSED] - Delayed 2 second(s)

2018-06-09 17:12:58 - [TEST_STEP][PASSED] - Statement - If (java.lang.String.valueOf(StockQty) >= java.lang.String.valueOf(RequestedQty)): null

2018-06-09 17:12:58 - [TEST_STEP][PASSED] - setText: Text '10' is set on object 'Object Repository/DispensaryToStore/Page_Store/input_txtqty'

2018-06-09 17:12:58 - [MESSAGE][PASSED] - Text '10' is set on object 'Object Repository/DispensaryToStore/Page_Store/input_txtqty'

2018-06-09 17:12:58 - [TEST_STEP][PASSED] - click: Object: 'Object Repository/DispensaryToStore/Page_Store/button_Add' is clicked on

2018-06-09 17:12:58 - [MESSAGE][PASSED] - Object: 'Object Repository/DispensaryToStore/Page_Store/button_Add' is clicked on

2018-06-09 17:12:58 - [TEST_STEP][PASSED] - Statement - Break: null

2018-06-09 17:12:58 - [TEST_STEP][PASSED] - selectOptionByIndex: All options with index in [23] are selected on object 'Object Repository/DispensaryToStore/Page_Store/select_--Select--Adernaline 0.'

2018-06-09 17:12:59 - [MESSAGE][PASSED] - All options with index in [23] are selected on object 'Object Repository/DispensaryToStore/Page_Store/select_--Select--Adernaline 0.'

2018-06-09 17:12:59 - [TEST_STEP][PASSED] - delay: Delayed 2 second(s)

2018-06-09 17:13:01 - [MESSAGE][PASSED] - Delayed 2 second(s)

2018-06-09 17:13:01 - [TEST_STEP][PASSED] - Statement - RequestedQty = com.kms.katalon.core.webui.keyword.WebUiBuiltInKeywords.getAttribute(com.kms.katalon.core.testobject.ObjectRepository.findTestObject(DispensaryToStore/Page_Store/input_txttotal), "value"): Attribute 'value' of object 'Object Repository/DispensaryToStore/Page_Store/input_txttotal' is: '10'

2018-06-09 17:13:01 - [MESSAGE][PASSED] - Attribute 'value' of object 'Object Repository/DispensaryToStore/Page_Store/input_txttotal' is: '10'

2018-06-09 17:13:01 - [TEST_STEP][PASSED] - Statement - out.println("Requested QTY : " + RequestedQty): null

2018-06-09 17:13:01 - [TEST_STEP][PASSED] - Statement - BatchNumber = com.kms.katalon.core.webui.keyword.WebUiBuiltInKeywords.getNumberOfTotalOption(com.kms.katalon.core.testobject.ObjectRepository.findTestObject(DispensaryToStore/Page_Store/select_--Select--BA1170BA2376B)): 2 options of object 'Object Repository/DispensaryToStore/Page_Store/select_--Select--BA1170BA2376B' counted

2018-06-09 17:13:01 - [MESSAGE][PASSED] - 2 options of object 'Object Repository/DispensaryToStore/Page_Store/select_--Select--BA1170BA2376B' counted

2018-06-09 17:13:01 - [TEST_STEP][PASSED] - Statement - For ([g = 1, g <= BatchNumber - 1, (g++)]): null

2018-06-09 17:13:01 - [TEST_STEP][PASSED] - selectOptionByIndex: All options with index in [1] are selected on object 'Object Repository/DispensaryToStore/Page_Store/select_--Select--BA1170BA2376B'

2018-06-09 17:13:01 - [MESSAGE][PASSED] - All options with index in [1] are selected on object 'Object Repository/DispensaryToStore/Page_Store/select_--Select--BA1170BA2376B'

2018-06-09 17:13:01 - [TEST_STEP][PASSED] - Statement - Try: null

2018-06-09 17:13:01 - [TEST_STEP][PASSED] - Statement - StockQty = com.kms.katalon.core.webui.keyword.WebUiBuiltInKeywords.getAttribute(com.kms.katalon.core.testobject.ObjectRepository.findTestObject(DispensaryToStore/Page_Store/input_txtprice), "value"): Attribute 'value' of object 'Object Repository/DispensaryToStore/Page_Store/input_txtprice' is: '810'

2018-06-09 17:13:01 - [MESSAGE][PASSED] - Attribute 'value' of object 'Object Repository/DispensaryToStore/Page_Store/input_txtprice' is: '810'

2018-06-09 17:13:01 - [TEST_STEP][PASSED] - Statement - out.println("Stock QTY : " + StockQty): null

2018-06-09 17:13:01 - [TEST_STEP][PASSED] - delay: Delayed 2 second(s)

2018-06-09 17:13:03 - [MESSAGE][PASSED] - Delayed 2 second(s)

2018-06-09 17:13:03 - [TEST_STEP][PASSED] - Statement - If (java.lang.String.valueOf(StockQty) >= java.lang.String.valueOf(RequestedQty)): null

2018-06-09 17:13:03 - [TEST_STEP][PASSED] - setText: Text '10' is set on object 'Object Repository/DispensaryToStore/Page_Store/input_txtqty'

2018-06-09 17:13:03 - [MESSAGE][PASSED] - Text '10' is set on object 'Object Repository/DispensaryToStore/Page_Store/input_txtqty'

2018-06-09 17:13:03 - [TEST_STEP][PASSED] - click: Object: 'Object Repository/DispensaryToStore/Page_Store/button_Add' is clicked on

2018-06-09 17:13:03 - [MESSAGE][PASSED] - Object: 'Object Repository/DispensaryToStore/Page_Store/button_Add' is clicked on

2018-06-09 17:13:03 - [TEST_STEP][PASSED] - Statement - Break: null

2018-06-09 17:13:03 - [TEST_STEP][PASSED] - selectOptionByIndex: All options with index in [24] are selected on object 'Object Repository/DispensaryToStore/Page_Store/select_--Select--Adernaline 0.'

2018-06-09 17:13:03 - [MESSAGE][PASSED] - All options with index in [24] are selected on object 'Object Repository/DispensaryToStore/Page_Store/select_--Select--Adernaline 0.'

2018-06-09 17:13:03 - [TEST_STEP][PASSED] - delay: Delayed 2 second(s)

2018-06-09 17:13:05 - [MESSAGE][PASSED] - Delayed 2 second(s)

2018-06-09 17:13:05 - [TEST_STEP][PASSED] - Statement - RequestedQty = com.kms.katalon.core.webui.keyword.WebUiBuiltInKeywords.getAttribute(com.kms.katalon.core.testobject.ObjectRepository.findTestObject(DispensaryToStore/Page_Store/input_txttotal), "value"): Attribute 'value' of object 'Object Repository/DispensaryToStore/Page_Store/input_txttotal' is: '10'

2018-06-09 17:13:05 - [MESSAGE][PASSED] - Attribute 'value' of object 'Object Repository/DispensaryToStore/Page_Store/input_txttotal' is: '10'

2018-06-09 17:13:05 - [TEST_STEP][PASSED] - Statement - out.println("Requested QTY : " + RequestedQty): null

2018-06-09 17:13:05 - [TEST_STEP][PASSED] - Statement - BatchNumber = com.kms.katalon.core.webui.keyword.WebUiBuiltInKeywords.getNumberOfTotalOption(com.kms.katalon.core.testobject.ObjectRepository.findTestObject(DispensaryToStore/Page_Store/select_--Select--BA1170BA2376B)): 3 options of object 'Object Repository/DispensaryToStore/Page_Store/select_--Select--BA1170BA2376B' counted

2018-06-09 17:13:05 - [MESSAGE][PASSED] - 3 options of object 'Object Repository/DispensaryToStore/Page_Store/select_--Select--BA1170BA2376B' counted

2018-06-09 17:13:05 - [TEST_STEP][PASSED] - Statement - For ([g = 1, g <= BatchNumber - 1, (g++)]): null

2018-06-09 17:13:05 - [TEST_STEP][PASSED] - selectOptionByIndex: All options with index in [1] are selected on object 'Object Repository/DispensaryToStore/Page_Store/select_--Select--BA1170BA2376B'

2018-06-09 17:13:06 - [MESSAGE][PASSED] - All options with index in [1] are selected on object 'Object Repository/DispensaryToStore/Page_Store/select_--Select--BA1170BA2376B'

2018-06-09 17:13:06 - [TEST_STEP][PASSED] - Statement - Try: null

2018-06-09 17:13:06 - [TEST_STEP][PASSED] - Statement - StockQty = com.kms.katalon.core.webui.keyword.WebUiBuiltInKeywords.getAttribute(com.kms.katalon.core.testobject.ObjectRepository.findTestObject(DispensaryToStore/Page_Store/input_txtprice), "value"): Attribute 'value' of object 'Object Repository/DispensaryToStore/Page_Store/input_txtprice' is: '300'

2018-06-09 17:13:06 - [MESSAGE][PASSED] - Attribute 'value' of object 'Object Repository/DispensaryToStore/Page_Store/input_txtprice' is: '300'

2018-06-09 17:13:06 - [TEST_STEP][PASSED] - Statement - out.println("Stock QTY : " + StockQty): null

2018-06-09 17:13:06 - [TEST_STEP][PASSED] - delay: Delayed 2 second(s)

2018-06-09 17:13:08 - [MESSAGE][PASSED] - Delayed 2 second(s)

2018-06-09 17:13:08 - [TEST_STEP][PASSED] - Statement - If (java.lang.String.valueOf(StockQty) >= java.lang.String.valueOf(RequestedQty)): null

2018-06-09 17:13:08 - [TEST_STEP][PASSED] - setText: Text '10' is set on object 'Object Repository/DispensaryToStore/Page_Store/input_txtqty'

2018-06-09 17:13:08 - [MESSAGE][PASSED] - Text '10' is set on object 'Object Repository/DispensaryToStore/Page_Store/input_txtqty'

2018-06-09 17:13:08 - [TEST_STEP][PASSED] - click: Object: 'Object Repository/DispensaryToStore/Page_Store/button_Add' is clicked on

2018-06-09 17:13:08 - [MESSAGE][PASSED] - Object: 'Object Repository/DispensaryToStore/Page_Store/button_Add' is clicked on

2018-06-09 17:13:08 - [TEST_STEP][PASSED] - Statement - Break: null

2018-06-09 17:13:08 - [TEST_STEP][PASSED] - selectOptionByIndex: All options with index in [25] are selected on object 'Object Repository/DispensaryToStore/Page_Store/select_--Select--Adernaline 0.'

2018-06-09 17:13:08 - [MESSAGE][PASSED] - All options with index in [25] are selected on object 'Object Repository/DispensaryToStore/Page_Store/select_--Select--Adernaline 0.'

2018-06-09 17:13:08 - [TEST_STEP][PASSED] - delay: Delayed 2 second(s)

2018-06-09 17:13:10 - [MESSAGE][PASSED] - Delayed 2 second(s)

2018-06-09 17:13:10 - [TEST_STEP][PASSED] - Statement - RequestedQty = com.kms.katalon.core.webui.keyword.WebUiBuiltInKeywords.getAttribute(com.kms.katalon.core.testobject.ObjectRepository.findTestObject(DispensaryToStore/Page_Store/input_txttotal), "value"): Attribute 'value' of object 'Object Repository/DispensaryToStore/Page_Store/input_txttotal' is: '10'

2018-06-09 17:13:10 - [MESSAGE][PASSED] - Attribute 'value' of object 'Object Repository/DispensaryToStore/Page_Store/input_txttotal' is: '10'

2018-06-09 17:13:10 - [TEST_STEP][PASSED] - Statement - out.println("Requested QTY : " + RequestedQty): null

2018-06-09 17:13:10 - [TEST_STEP][PASSED] - Statement - BatchNumber = com.kms.katalon.core.webui.keyword.WebUiBuiltInKeywords.getNumberOfTotalOption(com.kms.katalon.core.testobject.ObjectRepository.findTestObject(DispensaryToStore/Page_Store/select_--Select--BA1170BA2376B)): 3 options of object 'Object Repository/DispensaryToStore/Page_Store/select_--Select--BA1170BA2376B' counted

2018-06-09 17:13:10 - [MESSAGE][PASSED] - 3 options of object 'Object Repository/DispensaryToStore/Page_Store/select_--Select--BA1170BA2376B' counted

2018-06-09 17:13:10 - [TEST_STEP][PASSED] - Statement - For ([g = 1, g <= BatchNumber - 1, (g++)]): null

2018-06-09 17:13:10 - [TEST_STEP][PASSED] - selectOptionByIndex: All options with index in [1] are selected on object 'Object Repository/DispensaryToStore/Page_Store/select_--Select--BA1170BA2376B'

2018-06-09 17:13:10 - [MESSAGE][PASSED] - All options with index in [1] are selected on object 'Object Repository/DispensaryToStore/Page_Store/select_--Select--BA1170BA2376B'

2018-06-09 17:13:10 - [TEST_STEP][PASSED] - Statement - Try: null

2018-06-09 17:13:10 - [TEST_STEP][PASSED] - Statement - StockQty = com.kms.katalon.core.webui.keyword.WebUiBuiltInKeywords.getAttribute(com.kms.katalon.core.testobject.ObjectRepository.findTestObject(DispensaryToStore/Page_Store/input_txtprice), "value"): Attribute 'value' of object 'Object Repository/DispensaryToStore/Page_Store/input_txtprice' is: '310'

2018-06-09 17:13:10 - [MESSAGE][PASSED] - Attribute 'value' of object 'Object Repository/DispensaryToStore/Page_Store/input_txtprice' is: '310'

2018-06-09 17:13:10 - [TEST_STEP][PASSED] - Statement - out.println("Stock QTY : " + StockQty): null

2018-06-09 17:13:10 - [TEST_STEP][PASSED] - delay: Delayed 2 second(s)

2018-06-09 17:13:12 - [MESSAGE][PASSED] - Delayed 2 second(s)

2018-06-09 17:13:12 - [TEST_STEP][PASSED] - Statement - If (java.lang.String.valueOf(StockQty) >= java.lang.String.valueOf(RequestedQty)): null

2018-06-09 17:13:12 - [TEST_STEP][PASSED] - setText: Text '10' is set on object 'Object Repository/DispensaryToStore/Page_Store/input_txtqty'

2018-06-09 17:13:13 - [MESSAGE][PASSED] - Text '10' is set on object 'Object Repository/DispensaryToStore/Page_Store/input_txtqty'

2018-06-09 17:13:13 - [TEST_STEP][PASSED] - click: Object: 'Object Repository/DispensaryToStore/Page_Store/button_Add' is clicked on

2018-06-09 17:13:13 - [MESSAGE][PASSED] - Object: 'Object Repository/DispensaryToStore/Page_Store/button_Add' is clicked on

2018-06-09 17:13:13 - [TEST_STEP][PASSED] - Statement - Break: null

2018-06-09 17:13:13 - [TEST_STEP][PASSED] - selectOptionByIndex: All options with index in [26] are selected on object 'Object Repository/DispensaryToStore/Page_Store/select_--Select--Adernaline 0.'

2018-06-09 17:13:13 - [MESSAGE][PASSED] - All options with index in [26] are selected on object 'Object Repository/DispensaryToStore/Page_Store/select_--Select--Adernaline 0.'

2018-06-09 17:13:13 - [TEST_STEP][PASSED] - delay: Delayed 2 second(s)

2018-06-09 17:13:15 - [MESSAGE][PASSED] - Delayed 2 second(s)

2018-06-09 17:13:15 - [TEST_STEP][PASSED] - Statement - RequestedQty = com.kms.katalon.core.webui.keyword.WebUiBuiltInKeywords.getAttribute(com.kms.katalon.core.testobject.ObjectRepository.findTestObject(DispensaryToStore/Page_Store/input_txttotal), "value"): Attribute 'value' of object 'Object Repository/DispensaryToStore/Page_Store/input_txttotal' is: '10'

2018-06-09 17:13:15 - [MESSAGE][PASSED] - Attribute 'value' of object 'Object Repository/DispensaryToStore/Page_Store/input_txttotal' is: '10'

2018-06-09 17:13:15 - [TEST_STEP][PASSED] - Statement - out.println("Requested QTY : " + RequestedQty): null

2018-06-09 17:13:15 - [TEST_STEP][PASSED] - Statement - BatchNumber = com.kms.katalon.core.webui.keyword.WebUiBuiltInKeywords.getNumberOfTotalOption(com.kms.katalon.core.testobject.ObjectRepository.findTestObject(DispensaryToStore/Page_Store/select_--Select--BA1170BA2376B)): 2 options of object 'Object Repository/DispensaryToStore/Page_Store/select_--Select--BA1170BA2376B' counted

2018-06-09 17:13:15 - [MESSAGE][PASSED] - 2 options of object 'Object Repository/DispensaryToStore/Page_Store/select_--Select--BA1170BA2376B' counted

2018-06-09 17:13:15 - [TEST_STEP][PASSED] - Statement - For ([g = 1, g <= BatchNumber - 1, (g++)]): null

2018-06-09 17:13:15 - [TEST_STEP][PASSED] - selectOptionByIndex: All options with index in [1] are selected on object 'Object Repository/DispensaryToStore/Page_Store/select_--Select--BA1170BA2376B'

2018-06-09 17:13:15 - [MESSAGE][PASSED] - All options with index in [1] are selected on object 'Object Repository/DispensaryToStore/Page_Store/select_--Select--BA1170BA2376B'

2018-06-09 17:13:15 - [TEST_STEP][PASSED] - Statement - Try: null

2018-06-09 17:13:15 - [TEST_STEP][PASSED] - Statement - StockQty = com.kms.katalon.core.webui.keyword.WebUiBuiltInKeywords.getAttribute(com.kms.katalon.core.testobject.ObjectRepository.findTestObject(DispensaryToStore/Page_Store/input_txtprice), "value"): Attribute 'value' of object 'Object Repository/DispensaryToStore/Page_Store/input_txtprice' is: '810'

2018-06-09 17:13:15 - [MESSAGE][PASSED] - Attribute 'value' of object 'Object Repository/DispensaryToStore/Page_Store/input_txtprice' is: '810'

2018-06-09 17:13:15 - [TEST_STEP][PASSED] - Statement - out.println("Stock QTY : " + StockQty): null

2018-06-09 17:13:15 - [TEST_STEP][PASSED] - delay: Delayed 2 second(s)

2018-06-09 17:13:17 - [MESSAGE][PASSED] - Delayed 2 second(s)

2018-06-09 17:13:17 - [TEST_STEP][PASSED] - Statement - If (java.lang.String.valueOf(StockQty) >= java.lang.String.valueOf(RequestedQty)): null

2018-06-09 17:13:17 - [TEST_STEP][PASSED] - setText: Text '10' is set on object 'Object Repository/DispensaryToStore/Page_Store/input_txtqty'

2018-06-09 17:13:17 - [MESSAGE][PASSED] - Text '10' is set on object 'Object Repository/DispensaryToStore/Page_Store/input_txtqty'

2018-06-09 17:13:17 - [TEST_STEP][PASSED] - click: Object: 'Object Repository/DispensaryToStore/Page_Store/button_Add' is clicked on

2018-06-09 17:13:18 - [MESSAGE][PASSED] - Object: 'Object Repository/DispensaryToStore/Page_Store/button_Add' is clicked on

2018-06-09 17:13:18 - [TEST_STEP][PASSED] - Statement - Break: null

2018-06-09 17:13:18 - [TEST_STEP][PASSED] - selectOptionByIndex: All options with index in [27] are selected on object 'Object Repository/DispensaryToStore/Page_Store/select_--Select--Adernaline 0.'

2018-06-09 17:13:18 - [MESSAGE][PASSED] - All options with index in [27] are selected on object 'Object Repository/DispensaryToStore/Page_Store/select_--Select--Adernaline 0.'

2018-06-09 17:13:18 - [TEST_STEP][PASSED] - delay: Delayed 2 second(s)

2018-06-09 17:13:20 - [MESSAGE][PASSED] - Delayed 2 second(s)

2018-06-09 17:13:20 - [TEST_STEP][PASSED] - Statement - RequestedQty = com.kms.katalon.core.webui.keyword.WebUiBuiltInKeywords.getAttribute(com.kms.katalon.core.testobject.ObjectRepository.findTestObject(DispensaryToStore/Page_Store/input_txttotal), "value"): Attribute 'value' of object 'Object Repository/DispensaryToStore/Page_Store/input_txttotal' is: '10'

2018-06-09 17:13:20 - [MESSAGE][PASSED] - Attribute 'value' of object 'Object Repository/DispensaryToStore/Page_Store/input_txttotal' is: '10'

2018-06-09 17:13:20 - [TEST_STEP][PASSED] - Statement - out.println("Requested QTY : " + RequestedQty): null

2018-06-09 17:13:20 - [TEST_STEP][PASSED] - Statement - BatchNumber = com.kms.katalon.core.webui.keyword.WebUiBuiltInKeywords.getNumberOfTotalOption(com.kms.katalon.core.testobject.ObjectRepository.findTestObject(DispensaryToStore/Page_Store/select_--Select--BA1170BA2376B)): 3 options of object 'Object Repository/DispensaryToStore/Page_Store/select_--Select--BA1170BA2376B' counted

2018-06-09 17:13:20 - [MESSAGE][PASSED] - 3 options of object 'Object Repository/DispensaryToStore/Page_Store/select_--Select--BA1170BA2376B' counted

2018-06-09 17:13:20 - [TEST_STEP][PASSED] - Statement - For ([g = 1, g <= BatchNumber - 1, (g++)]): null

2018-06-09 17:13:20 - [TEST_STEP][PASSED] - selectOptionByIndex: All options with index in [1] are selected on object 'Object Repository/DispensaryToStore/Page_Store/select_--Select--BA1170BA2376B'

2018-06-09 17:13:20 - [MESSAGE][PASSED] - All options with index in [1] are selected on object 'Object Repository/DispensaryToStore/Page_Store/select_--Select--BA1170BA2376B'

2018-06-09 17:13:20 - [TEST_STEP][PASSED] - Statement - Try: null

2018-06-09 17:13:20 - [TEST_STEP][PASSED] - Statement - StockQty = com.kms.katalon.core.webui.keyword.WebUiBuiltInKeywords.getAttribute(com.kms.katalon.core.testobject.ObjectRepository.findTestObject(DispensaryToStore/Page_Store/input_txtprice), "value"): Attribute 'value' of object 'Object Repository/DispensaryToStore/Page_Store/input_txtprice' is: '810'

2018-06-09 17:13:20 - [MESSAGE][PASSED] - Attribute 'value' of object 'Object Repository/DispensaryToStore/Page_Store/input_txtprice' is: '810'

2018-06-09 17:13:20 - [TEST_STEP][PASSED] - Statement - out.println("Stock QTY : " + StockQty): null

2018-06-09 17:13:20 - [TEST_STEP][PASSED] - delay: Delayed 2 second(s)

2018-06-09 17:13:22 - [MESSAGE][PASSED] - Delayed 2 second(s)

2018-06-09 17:13:22 - [TEST_STEP][PASSED] - Statement - If (java.lang.String.valueOf(StockQty) >= java.lang.String.valueOf(RequestedQty)): null

2018-06-09 17:13:22 - [TEST_STEP][PASSED] - setText: Text '10' is set on object 'Object Repository/DispensaryToStore/Page_Store/input_txtqty'

2018-06-09 17:13:22 - [MESSAGE][PASSED] - Text '10' is set on object 'Object Repository/DispensaryToStore/Page_Store/input_txtqty'

2018-06-09 17:13:22 - [TEST_STEP][PASSED] - click: Object: 'Object Repository/DispensaryToStore/Page_Store/button_Add' is clicked on

2018-06-09 17:13:22 - [MESSAGE][PASSED] - Object: 'Object Repository/DispensaryToStore/Page_Store/button_Add' is clicked on

2018-06-09 17:13:22 - [TEST_STEP][PASSED] - Statement - Break: null

2018-06-09 17:13:22 - [TEST_STEP][PASSED] - selectOptionByIndex: All options with index in [28] are selected on object 'Object Repository/DispensaryToStore/Page_Store/select_--Select--Adernaline 0.'

2018-06-09 17:13:23 - [MESSAGE][PASSED] - All options with index in [28] are selected on object 'Object Repository/DispensaryToStore/Page_Store/select_--Select--Adernaline 0.'

2018-06-09 17:13:23 - [TEST_STEP][PASSED] - delay: Delayed 2 second(s)

2018-06-09 17:13:25 - [MESSAGE][PASSED] - Delayed 2 second(s)

2018-06-09 17:13:25 - [TEST_STEP][PASSED] - Statement - RequestedQty = com.kms.katalon.core.webui.keyword.WebUiBuiltInKeywords.getAttribute(com.kms.katalon.core.testobject.ObjectRepository.findTestObject(DispensaryToStore/Page_Store/input_txttotal), "value"): Attribute 'value' of object 'Object Repository/DispensaryToStore/Page_Store/input_txttotal' is: '10'

2018-06-09 17:13:25 - [MESSAGE][PASSED] - Attribute 'value' of object 'Object Repository/DispensaryToStore/Page_Store/input_txttotal' is: '10'

2018-06-09 17:13:25 - [TEST_STEP][PASSED] - Statement - out.println("Requested QTY : " + RequestedQty): null

2018-06-09 17:13:25 - [TEST_STEP][PASSED] - Statement - BatchNumber = com.kms.katalon.core.webui.keyword.WebUiBuiltInKeywords.getNumberOfTotalOption(com.kms.katalon.core.testobject.ObjectRepository.findTestObject(DispensaryToStore/Page_Store/select_--Select--BA1170BA2376B)): 2 options of object 'Object Repository/DispensaryToStore/Page_Store/select_--Select--BA1170BA2376B' counted

2018-06-09 17:13:25 - [MESSAGE][PASSED] - 2 options of object 'Object Repository/DispensaryToStore/Page_Store/select_--Select--BA1170BA2376B' counted

2018-06-09 17:13:25 - [TEST_STEP][PASSED] - Statement - For ([g = 1, g <= BatchNumber - 1, (g++)]): null

2018-06-09 17:13:25 - [TEST_STEP][PASSED] - selectOptionByIndex: All options with index in [1] are selected on object 'Object Repository/DispensaryToStore/Page_Store/select_--Select--BA1170BA2376B'

2018-06-09 17:13:25 - [MESSAGE][PASSED] - All options with index in [1] are selected on object 'Object Repository/DispensaryToStore/Page_Store/select_--Select--BA1170BA2376B'

2018-06-09 17:13:25 - [TEST_STEP][PASSED] - Statement - Try: null

2018-06-09 17:13:25 - [TEST_STEP][PASSED] - Statement - StockQty = com.kms.katalon.core.webui.keyword.WebUiBuiltInKeywords.getAttribute(com.kms.katalon.core.testobject.ObjectRepository.findTestObject(DispensaryToStore/Page_Store/input_txtprice), "value"): Attribute 'value' of object 'Object Repository/DispensaryToStore/Page_Store/input_txtprice' is: '810'

2018-06-09 17:13:25 - [MESSAGE][PASSED] - Attribute 'value' of object 'Object Repository/DispensaryToStore/Page_Store/input_txtprice' is: '810'

2018-06-09 17:13:25 - [TEST_STEP][PASSED] - Statement - out.println("Stock QTY : " + StockQty): null

2018-06-09 17:13:25 - [TEST_STEP][PASSED] - delay: Delayed 2 second(s)

2018-06-09 17:13:27 - [MESSAGE][PASSED] - Delayed 2 second(s)

2018-06-09 17:13:27 - [TEST_STEP][PASSED] - Statement - If (java.lang.String.valueOf(StockQty) >= java.lang.String.valueOf(RequestedQty)): null

2018-06-09 17:13:27 - [TEST_STEP][PASSED] - setText: Text '10' is set on object 'Object Repository/DispensaryToStore/Page_Store/input_txtqty'

2018-06-09 17:13:27 - [MESSAGE][PASSED] - Text '10' is set on object 'Object Repository/DispensaryToStore/Page_Store/input_txtqty'

2018-06-09 17:13:27 - [TEST_STEP][PASSED] - click: Object: 'Object Repository/DispensaryToStore/Page_Store/button_Add' is clicked on

2018-06-09 17:13:27 - [MESSAGE][PASSED] - Object: 'Object Repository/DispensaryToStore/Page_Store/button_Add' is clicked on

2018-06-09 17:13:27 - [TEST_STEP][PASSED] - Statement - Break: null

2018-06-09 17:13:27 - [TEST_STEP][PASSED] - selectOptionByIndex: All options with index in [29] are selected on object 'Object Repository/DispensaryToStore/Page_Store/select_--Select--Adernaline 0.'

2018-06-09 17:13:28 - [MESSAGE][PASSED] - All options with index in [29] are selected on object 'Object Repository/DispensaryToStore/Page_Store/select_--Select--Adernaline 0.'

2018-06-09 17:13:28 - [TEST_STEP][PASSED] - delay: Delayed 2 second(s)

2018-06-09 17:13:30 - [MESSAGE][PASSED] - Delayed 2 second(s)

2018-06-09 17:13:30 - [TEST_STEP][PASSED] - Statement - RequestedQty = com.kms.katalon.core.webui.keyword.WebUiBuiltInKeywords.getAttribute(com.kms.katalon.core.testobject.ObjectRepository.findTestObject(DispensaryToStore/Page_Store/input_txttotal), "value"): Attribute 'value' of object 'Object Repository/DispensaryToStore/Page_Store/input_txttotal' is: '10'

2018-06-09 17:13:30 - [MESSAGE][PASSED] - Attribute 'value' of object 'Object Repository/DispensaryToStore/Page_Store/input_txttotal' is: '10'

2018-06-09 17:13:30 - [TEST_STEP][PASSED] - Statement - out.println("Requested QTY : " + RequestedQty): null

2018-06-09 17:13:30 - [TEST_STEP][PASSED] - Statement - BatchNumber = com.kms.katalon.core.webui.keyword.WebUiBuiltInKeywords.getNumberOfTotalOption(com.kms.katalon.core.testobject.ObjectRepository.findTestObject(DispensaryToStore/Page_Store/select_--Select--BA1170BA2376B)): 2 options of object 'Object Repository/DispensaryToStore/Page_Store/select_--Select--BA1170BA2376B' counted

2018-06-09 17:13:30 - [MESSAGE][PASSED] - 2 options of object 'Object Repository/DispensaryToStore/Page_Store/select_--Select--BA1170BA2376B' counted

2018-06-09 17:13:30 - [TEST_STEP][PASSED] - Statement - For ([g = 1, g <= BatchNumber - 1, (g++)]): null

2018-06-09 17:13:30 - [TEST_STEP][PASSED] - selectOptionByIndex: All options with index in [1] are selected on object 'Object Repository/DispensaryToStore/Page_Store/select_--Select--BA1170BA2376B'

2018-06-09 17:13:30 - [MESSAGE][PASSED] - All options with index in [1] are selected on object 'Object Repository/DispensaryToStore/Page_Store/select_--Select--BA1170BA2376B'

2018-06-09 17:13:30 - [TEST_STEP][PASSED] - Statement - Try: null

2018-06-09 17:13:30 - [TEST_STEP][PASSED] - Statement - StockQty = com.kms.katalon.core.webui.keyword.WebUiBuiltInKeywords.getAttribute(com.kms.katalon.core.testobject.ObjectRepository.findTestObject(DispensaryToStore/Page_Store/input_txtprice), "value"): Attribute 'value' of object 'Object Repository/DispensaryToStore/Page_Store/input_txtprice' is: '810'

2018-06-09 17:13:30 - [MESSAGE][PASSED] - Attribute 'value' of object 'Object Repository/DispensaryToStore/Page_Store/input_txtprice' is: '810'

2018-06-09 17:13:30 - [TEST_STEP][PASSED] - Statement - out.println("Stock QTY : " + StockQty): null

2018-06-09 17:13:30 - [TEST_STEP][PASSED] - delay: Delayed 2 second(s)

2018-06-09 17:13:32 - [MESSAGE][PASSED] - Delayed 2 second(s)

2018-06-09 17:13:32 - [TEST_STEP][PASSED] - Statement - If (java.lang.String.valueOf(StockQty) >= java.lang.String.valueOf(RequestedQty)): null

2018-06-09 17:13:32 - [TEST_STEP][PASSED] - setText: Text '10' is set on object 'Object Repository/DispensaryToStore/Page_Store/input_txtqty'

2018-06-09 17:13:32 - [MESSAGE][PASSED] - Text '10' is set on object 'Object Repository/DispensaryToStore/Page_Store/input_txtqty'

2018-06-09 17:13:32 - [TEST_STEP][PASSED] - click: Object: 'Object Repository/DispensaryToStore/Page_Store/button_Add' is clicked on

2018-06-09 17:13:32 - [MESSAGE][PASSED] - Object: 'Object Repository/DispensaryToStore/Page_Store/button_Add' is clicked on

2018-06-09 17:13:32 - [TEST_STEP][PASSED] - Statement - Break: null

2018-06-09 17:13:32 - [TEST_STEP][PASSED] - selectOptionByIndex: All options with index in [30] are selected on object 'Object Repository/DispensaryToStore/Page_Store/select_--Select--Adernaline 0.'

2018-06-09 17:13:33 - [MESSAGE][PASSED] - All options with index in [30] are selected on object 'Object Repository/DispensaryToStore/Page_Store/select_--Select--Adernaline 0.'

2018-06-09 17:13:33 - [TEST_STEP][PASSED] - delay: Delayed 2 second(s)

2018-06-09 17:13:35 - [MESSAGE][PASSED] - Delayed 2 second(s)

2018-06-09 17:13:35 - [TEST_STEP][PASSED] - Statement - RequestedQty = com.kms.katalon.core.webui.keyword.WebUiBuiltInKeywords.getAttribute(com.kms.katalon.core.testobject.ObjectRepository.findTestObject(DispensaryToStore/Page_Store/input_txttotal), "value"): Attribute 'value' of object 'Object Repository/DispensaryToStore/Page_Store/input_txttotal' is: '10'

2018-06-09 17:13:35 - [MESSAGE][PASSED] - Attribute 'value' of object 'Object Repository/DispensaryToStore/Page_Store/input_txttotal' is: '10'

2018-06-09 17:13:35 - [TEST_STEP][PASSED] - Statement - out.println("Requested QTY : " + RequestedQty): null

2018-06-09 17:13:35 - [TEST_STEP][PASSED] - Statement - BatchNumber = com.kms.katalon.core.webui.keyword.WebUiBuiltInKeywords.getNumberOfTotalOption(com.kms.katalon.core.testobject.ObjectRepository.findTestObject(DispensaryToStore/Page_Store/select_--Select--BA1170BA2376B)): 2 options of object 'Object Repository/DispensaryToStore/Page_Store/select_--Select--BA1170BA2376B' counted

2018-06-09 17:13:35 - [MESSAGE][PASSED] - 2 options of object 'Object Repository/DispensaryToStore/Page_Store/select_--Select--BA1170BA2376B' counted

2018-06-09 17:13:35 - [TEST_STEP][PASSED] - Statement - For ([g = 1, g <= BatchNumber - 1, (g++)]): null

2018-06-09 17:13:35 - [TEST_STEP][PASSED] - selectOptionByIndex: All options with index in [1] are selected on object 'Object Repository/DispensaryToStore/Page_Store/select_--Select--BA1170BA2376B'

2018-06-09 17:13:35 - [MESSAGE][PASSED] - All options with index in [1] are selected on object 'Object Repository/DispensaryToStore/Page_Store/select_--Select--BA1170BA2376B'

2018-06-09 17:13:35 - [TEST_STEP][PASSED] - Statement - Try: null

2018-06-09 17:13:35 - [TEST_STEP][PASSED] - Statement - StockQty = com.kms.katalon.core.webui.keyword.WebUiBuiltInKeywords.getAttribute(com.kms.katalon.core.testobject.ObjectRepository.findTestObject(DispensaryToStore/Page_Store/input_txtprice), "value"): Attribute 'value' of object 'Object Repository/DispensaryToStore/Page_Store/input_txtprice' is: '810'

2018-06-09 17:13:35 - [MESSAGE][PASSED] - Attribute 'value' of object 'Object Repository/DispensaryToStore/Page_Store/input_txtprice' is: '810'

2018-06-09 17:13:35 - [TEST_STEP][PASSED] - Statement - out.println("Stock QTY : " + StockQty): null

2018-06-09 17:13:35 - [TEST_STEP][PASSED] - delay: Delayed 2 second(s)

2018-06-09 17:13:37 - [MESSAGE][PASSED] - Delayed 2 second(s)

2018-06-09 17:13:37 - [TEST_STEP][PASSED] - Statement - If (java.lang.String.valueOf(StockQty) >= java.lang.String.valueOf(RequestedQty)): null

2018-06-09 17:13:37 - [TEST_STEP][PASSED] - setText: Text '10' is set on object 'Object Repository/DispensaryToStore/Page_Store/input_txtqty'

2018-06-09 17:13:37 - [MESSAGE][PASSED] - Text '10' is set on object 'Object Repository/DispensaryToStore/Page_Store/input_txtqty'

2018-06-09 17:13:37 - [TEST_STEP][PASSED] - click: Object: 'Object Repository/DispensaryToStore/Page_Store/button_Add' is clicked on

2018-06-09 17:13:37 - [MESSAGE][PASSED] - Object: 'Object Repository/DispensaryToStore/Page_Store/button_Add' is clicked on

2018-06-09 17:13:37 - [TEST_STEP][PASSED] - Statement - Break: null

2018-06-09 17:13:37 - [TEST_STEP][PASSED] - selectOptionByIndex: All options with index in [31] are selected on object 'Object Repository/DispensaryToStore/Page_Store/select_--Select--Adernaline 0.'

2018-06-09 17:13:37 - [MESSAGE][PASSED] - All options with index in [31] are selected on object 'Object Repository/DispensaryToStore/Page_Store/select_--Select--Adernaline 0.'

2018-06-09 17:13:37 - [TEST_STEP][PASSED] - delay: Delayed 2 second(s)

2018-06-09 17:13:39 - [MESSAGE][PASSED] - Delayed 2 second(s)

2018-06-09 17:13:39 - [TEST_STEP][PASSED] - Statement - RequestedQty = com.kms.katalon.core.webui.keyword.WebUiBuiltInKeywords.getAttribute(com.kms.katalon.core.testobject.ObjectRepository.findTestObject(DispensaryToStore/Page_Store/input_txttotal), "value"): Attribute 'value' of object 'Object Repository/DispensaryToStore/Page_Store/input_txttotal' is: '10'

2018-06-09 17:13:39 - [MESSAGE][PASSED] - Attribute 'value' of object 'Object Repository/DispensaryToStore/Page_Store/input_txttotal' is: '10'

2018-06-09 17:13:39 - [TEST_STEP][PASSED] - Statement - out.println("Requested QTY : " + RequestedQty): null

2018-06-09 17:13:39 - [TEST_STEP][PASSED] - Statement - BatchNumber = com.kms.katalon.core.webui.keyword.WebUiBuiltInKeywords.getNumberOfTotalOption(com.kms.katalon.core.testobject.ObjectRepository.findTestObject(DispensaryToStore/Page_Store/select_--Select--BA1170BA2376B)): 2 options of object 'Object Repository/DispensaryToStore/Page_Store/select_--Select--BA1170BA2376B' counted

2018-06-09 17:13:39 - [MESSAGE][PASSED] - 2 options of object 'Object Repository/DispensaryToStore/Page_Store/select_--Select--BA1170BA2376B' counted

2018-06-09 17:13:39 - [TEST_STEP][PASSED] - Statement - For ([g = 1, g <= BatchNumber - 1, (g++)]): null

2018-06-09 17:13:39 - [TEST_STEP][PASSED] - selectOptionByIndex: All options with index in [1] are selected on object 'Object Repository/DispensaryToStore/Page_Store/select_--Select--BA1170BA2376B'

2018-06-09 17:13:40 - [MESSAGE][PASSED] - All options with index in [1] are selected on object 'Object Repository/DispensaryToStore/Page_Store/select_--Select--BA1170BA2376B'

2018-06-09 17:13:40 - [TEST_STEP][PASSED] - Statement - Try: null

2018-06-09 17:13:40 - [TEST_STEP][PASSED] - Statement - StockQty = com.kms.katalon.core.webui.keyword.WebUiBuiltInKeywords.getAttribute(com.kms.katalon.core.testobject.ObjectRepository.findTestObject(DispensaryToStore/Page_Store/input_txtprice), "value"): Attribute 'value' of object 'Object Repository/DispensaryToStore/Page_Store/input_txtprice' is: '810'

2018-06-09 17:13:40 - [MESSAGE][PASSED] - Attribute 'value' of object 'Object Repository/DispensaryToStore/Page_Store/input_txtprice' is: '810'

2018-06-09 17:13:40 - [TEST_STEP][PASSED] - Statement - out.println("Stock QTY : " + StockQty): null

2018-06-09 17:13:40 - [TEST_STEP][PASSED] - delay: Delayed 2 second(s)

2018-06-09 17:13:42 - [MESSAGE][PASSED] - Delayed 2 second(s)

2018-06-09 17:13:42 - [TEST_STEP][PASSED] - Statement - If (java.lang.String.valueOf(StockQty) >= java.lang.String.valueOf(RequestedQty)): null

2018-06-09 17:13:42 - [TEST_STEP][PASSED] - setText: Text '10' is set on object 'Object Repository/DispensaryToStore/Page_Store/input_txtqty'

2018-06-09 17:13:42 - [MESSAGE][PASSED] - Text '10' is set on object 'Object Repository/DispensaryToStore/Page_Store/input_txtqty'

2018-06-09 17:13:42 - [TEST_STEP][PASSED] - click: Object: 'Object Repository/DispensaryToStore/Page_Store/button_Add' is clicked on

2018-06-09 17:13:42 - [MESSAGE][PASSED] - Object: 'Object Repository/DispensaryToStore/Page_Store/button_Add' is clicked on

2018-06-09 17:13:42 - [TEST_STEP][PASSED] - Statement - Break: null

2018-06-09 17:13:42 - [TEST_STEP][PASSED] - selectOptionByIndex: All options with index in [32] are selected on object 'Object Repository/DispensaryToStore/Page_Store/select_--Select--Adernaline 0.'

2018-06-09 17:13:42 - [MESSAGE][PASSED] - All options with index in [32] are selected on object 'Object Repository/DispensaryToStore/Page_Store/select_--Select--Adernaline 0.'

2018-06-09 17:13:42 - [TEST_STEP][PASSED] - delay: Delayed 2 second(s)

2018-06-09 17:13:44 - [MESSAGE][PASSED] - Delayed 2 second(s)

2018-06-09 17:13:44 - [TEST_STEP][PASSED] - Statement - RequestedQty = com.kms.katalon.core.webui.keyword.WebUiBuiltInKeywords.getAttribute(com.kms.katalon.core.testobject.ObjectRepository.findTestObject(DispensaryToStore/Page_Store/input_txttotal), "value"): Attribute 'value' of object 'Object Repository/DispensaryToStore/Page_Store/input_txttotal' is: '10'

2018-06-09 17:13:44 - [MESSAGE][PASSED] - Attribute 'value' of object 'Object Repository/DispensaryToStore/Page_Store/input_txttotal' is: '10'

2018-06-09 17:13:44 - [TEST_STEP][PASSED] - Statement - out.println("Requested QTY : " + RequestedQty): null

2018-06-09 17:13:44 - [TEST_STEP][PASSED] - Statement - BatchNumber = com.kms.katalon.core.webui.keyword.WebUiBuiltInKeywords.getNumberOfTotalOption(com.kms.katalon.core.testobject.ObjectRepository.findTestObject(DispensaryToStore/Page_Store/select_--Select--BA1170BA2376B)): 3 options of object 'Object Repository/DispensaryToStore/Page_Store/select_--Select--BA1170BA2376B' counted

2018-06-09 17:13:44 - [MESSAGE][PASSED] - 3 options of object 'Object Repository/DispensaryToStore/Page_Store/select_--Select--BA1170BA2376B' counted

2018-06-09 17:13:44 - [TEST_STEP][PASSED] - Statement - For ([g = 1, g <= BatchNumber - 1, (g++)]): null

2018-06-09 17:13:44 - [TEST_STEP][PASSED] - selectOptionByIndex: All options with index in [1] are selected on object 'Object Repository/DispensaryToStore/Page_Store/select_--Select--BA1170BA2376B'

2018-06-09 17:13:44 - [MESSAGE][PASSED] - All options with index in [1] are selected on object 'Object Repository/DispensaryToStore/Page_Store/select_--Select--BA1170BA2376B'

2018-06-09 17:13:44 - [TEST_STEP][PASSED] - Statement - Try: null

2018-06-09 17:13:44 - [TEST_STEP][PASSED] - Statement - StockQty = com.kms.katalon.core.webui.keyword.WebUiBuiltInKeywords.getAttribute(com.kms.katalon.core.testobject.ObjectRepository.findTestObject(DispensaryToStore/Page_Store/input_txtprice), "value"): Attribute 'value' of object 'Object Repository/DispensaryToStore/Page_Store/input_txtprice' is: '410'

2018-06-09 17:13:45 - [MESSAGE][PASSED] - Attribute 'value' of object 'Object Repository/DispensaryToStore/Page_Store/input_txtprice' is: '410'

2018-06-09 17:13:45 - [TEST_STEP][PASSED] - Statement - out.println("Stock QTY : " + StockQty): null

2018-06-09 17:13:45 - [TEST_STEP][PASSED] - delay: Delayed 2 second(s)

2018-06-09 17:13:47 - [MESSAGE][PASSED] - Delayed 2 second(s)

2018-06-09 17:13:47 - [TEST_STEP][PASSED] - Statement - If (java.lang.String.valueOf(StockQty) >= java.lang.String.valueOf(RequestedQty)): null

2018-06-09 17:13:47 - [TEST_STEP][PASSED] - setText: Text '10' is set on object 'Object Repository/DispensaryToStore/Page_Store/input_txtqty'

2018-06-09 17:13:47 - [MESSAGE][PASSED] - Text '10' is set on object 'Object Repository/DispensaryToStore/Page_Store/input_txtqty'

2018-06-09 17:13:47 - [TEST_STEP][PASSED] - click: Object: 'Object Repository/DispensaryToStore/Page_Store/button_Add' is clicked on

2018-06-09 17:13:47 - [MESSAGE][PASSED] - Object: 'Object Repository/DispensaryToStore/Page_Store/button_Add' is clicked on

2018-06-09 17:13:47 - [TEST_STEP][PASSED] - Statement - Break: null

2018-06-09 17:13:47 - [TEST_STEP][PASSED] - selectOptionByIndex: All options with index in [33] are selected on object 'Object Repository/DispensaryToStore/Page_Store/select_--Select--Adernaline 0.'

2018-06-09 17:13:47 - [MESSAGE][PASSED] - All options with index in [33] are selected on object 'Object Repository/DispensaryToStore/Page_Store/select_--Select--Adernaline 0.'

2018-06-09 17:13:47 - [TEST_STEP][PASSED] - delay: Delayed 2 second(s)

2018-06-09 17:13:49 - [MESSAGE][PASSED] - Delayed 2 second(s)

2018-06-09 17:13:49 - [TEST_STEP][PASSED] - Statement - RequestedQty = com.kms.katalon.core.webui.keyword.WebUiBuiltInKeywords.getAttribute(com.kms.katalon.core.testobject.ObjectRepository.findTestObject(DispensaryToStore/Page_Store/input_txttotal), "value"): Attribute 'value' of object 'Object Repository/DispensaryToStore/Page_Store/input_txttotal' is: '10'

2018-06-09 17:13:49 - [MESSAGE][PASSED] - Attribute 'value' of object 'Object Repository/DispensaryToStore/Page_Store/input_txttotal' is: '10'

2018-06-09 17:13:49 - [TEST_STEP][PASSED] - Statement - out.println("Requested QTY : " + RequestedQty): null

2018-06-09 17:13:49 - [TEST_STEP][PASSED] - Statement - BatchNumber = com.kms.katalon.core.webui.keyword.WebUiBuiltInKeywords.getNumberOfTotalOption(com.kms.katalon.core.testobject.ObjectRepository.findTestObject(DispensaryToStore/Page_Store/select_--Select--BA1170BA2376B)): 2 options of object 'Object Repository/DispensaryToStore/Page_Store/select_--Select--BA1170BA2376B' counted

2018-06-09 17:13:49 - [MESSAGE][PASSED] - 2 options of object 'Object Repository/DispensaryToStore/Page_Store/select_--Select--BA1170BA2376B' counted

2018-06-09 17:13:49 - [TEST_STEP][PASSED] - Statement - For ([g = 1, g <= BatchNumber - 1, (g++)]): null

2018-06-09 17:13:49 - [TEST_STEP][PASSED] - selectOptionByIndex: All options with index in [1] are selected on object 'Object Repository/DispensaryToStore/Page_Store/select_--Select--BA1170BA2376B'

2018-06-09 17:13:49 - [MESSAGE][PASSED] - All options with index in [1] are selected on object 'Object Repository/DispensaryToStore/Page_Store/select_--Select--BA1170BA2376B'

2018-06-09 17:13:49 - [TEST_STEP][PASSED] - Statement - Try: null

2018-06-09 17:13:49 - [TEST_STEP][PASSED] - Statement - StockQty = com.kms.katalon.core.webui.keyword.WebUiBuiltInKeywords.getAttribute(com.kms.katalon.core.testobject.ObjectRepository.findTestObject(DispensaryToStore/Page_Store/input_txtprice), "value"): Attribute 'value' of object 'Object Repository/DispensaryToStore/Page_Store/input_txtprice' is: '710'

2018-06-09 17:13:49 - [MESSAGE][PASSED] - Attribute 'value' of object 'Object Repository/DispensaryToStore/Page_Store/input_txtprice' is: '710'

2018-06-09 17:13:49 - [TEST_STEP][PASSED] - Statement - out.println("Stock QTY : " + StockQty): null

2018-06-09 17:13:49 - [TEST_STEP][PASSED] - delay: Delayed 2 second(s)

2018-06-09 17:13:51 - [MESSAGE][PASSED] - Delayed 2 second(s)

2018-06-09 17:13:51 - [TEST_STEP][PASSED] - Statement - If (java.lang.String.valueOf(StockQty) >= java.lang.String.valueOf(RequestedQty)): null

2018-06-09 17:13:51 - [TEST_STEP][PASSED] - setText: Text '10' is set on object 'Object Repository/DispensaryToStore/Page_Store/input_txtqty'

2018-06-09 17:13:51 - [MESSAGE][PASSED] - Text '10' is set on object 'Object Repository/DispensaryToStore/Page_Store/input_txtqty'

2018-06-09 17:13:51 - [TEST_STEP][PASSED] - click: Object: 'Object Repository/DispensaryToStore/Page_Store/button_Add' is clicked on

2018-06-09 17:13:52 - [MESSAGE][PASSED] - Object: 'Object Repository/DispensaryToStore/Page_Store/button_Add' is clicked on

2018-06-09 17:13:52 - [TEST_STEP][PASSED] - Statement - Break: null

2018-06-09 17:13:52 - [TEST_STEP][PASSED] - selectOptionByIndex: All options with index in [34] are selected on object 'Object Repository/DispensaryToStore/Page_Store/select_--Select--Adernaline 0.'

2018-06-09 17:13:52 - [MESSAGE][PASSED] - All options with index in [34] are selected on object 'Object Repository/DispensaryToStore/Page_Store/select_--Select--Adernaline 0.'

2018-06-09 17:13:52 - [TEST_STEP][PASSED] - delay: Delayed 2 second(s)

2018-06-09 17:13:54 - [MESSAGE][PASSED] - Delayed 2 second(s)

2018-06-09 17:13:54 - [TEST_STEP][PASSED] - Statement - RequestedQty = com.kms.katalon.core.webui.keyword.WebUiBuiltInKeywords.getAttribute(com.kms.katalon.core.testobject.ObjectRepository.findTestObject(DispensaryToStore/Page_Store/input_txttotal), "value"): Attribute 'value' of object 'Object Repository/DispensaryToStore/Page_Store/input_txttotal' is: '10'

2018-06-09 17:13:54 - [MESSAGE][PASSED] - Attribute 'value' of object 'Object Repository/DispensaryToStore/Page_Store/input_txttotal' is: '10'

2018-06-09 17:13:54 - [TEST_STEP][PASSED] - Statement - out.println("Requested QTY : " + RequestedQty): null

2018-06-09 17:13:54 - [TEST_STEP][PASSED] - Statement - BatchNumber = com.kms.katalon.core.webui.keyword.WebUiBuiltInKeywords.getNumberOfTotalOption(com.kms.katalon.core.testobject.ObjectRepository.findTestObject(DispensaryToStore/Page_Store/select_--Select--BA1170BA2376B)): 2 options of object 'Object Repository/DispensaryToStore/Page_Store/select_--Select--BA1170BA2376B' counted

2018-06-09 17:13:54 - [MESSAGE][PASSED] - 2 options of object 'Object Repository/DispensaryToStore/Page_Store/select_--Select--BA1170BA2376B' counted

2018-06-09 17:13:54 - [TEST_STEP][PASSED] - Statement - For ([g = 1, g <= BatchNumber - 1, (g++)]): null

2018-06-09 17:13:54 - [TEST_STEP][PASSED] - selectOptionByIndex: All options with index in [1] are selected on object 'Object Repository/DispensaryToStore/Page_Store/select_--Select--BA1170BA2376B'

2018-06-09 17:13:54 - [MESSAGE][PASSED] - All options with index in [1] are selected on object 'Object Repository/DispensaryToStore/Page_Store/select_--Select--BA1170BA2376B'

2018-06-09 17:13:54 - [TEST_STEP][PASSED] - Statement - Try: null

2018-06-09 17:13:54 - [TEST_STEP][PASSED] - Statement - StockQty = com.kms.katalon.core.webui.keyword.WebUiBuiltInKeywords.getAttribute(com.kms.katalon.core.testobject.ObjectRepository.findTestObject(DispensaryToStore/Page_Store/input_txtprice), "value"): Attribute 'value' of object 'Object Repository/DispensaryToStore/Page_Store/input_txtprice' is: '710'

2018-06-09 17:13:54 - [MESSAGE][PASSED] - Attribute 'value' of object 'Object Repository/DispensaryToStore/Page_Store/input_txtprice' is: '710'

2018-06-09 17:13:54 - [TEST_STEP][PASSED] - Statement - out.println("Stock QTY : " + StockQty): null

2018-06-09 17:13:54 - [TEST_STEP][PASSED] - delay: Delayed 2 second(s)

2018-06-09 17:13:56 - [MESSAGE][PASSED] - Delayed 2 second(s)

2018-06-09 17:13:56 - [TEST_STEP][PASSED] - Statement - If (java.lang.String.valueOf(StockQty) >= java.lang.String.valueOf(RequestedQty)): null

2018-06-09 17:13:56 - [TEST_STEP][PASSED] - setText: Text '10' is set on object 'Object Repository/DispensaryToStore/Page_Store/input_txtqty'

2018-06-09 17:13:56 - [MESSAGE][PASSED] - Text '10' is set on object 'Object Repository/DispensaryToStore/Page_Store/input_txtqty'

2018-06-09 17:13:56 - [TEST_STEP][PASSED] - click: Object: 'Object Repository/DispensaryToStore/Page_Store/button_Add' is clicked on

2018-06-09 17:13:56 - [MESSAGE][PASSED] - Object: 'Object Repository/DispensaryToStore/Page_Store/button_Add' is clicked on

2018-06-09 17:13:56 - [TEST_STEP][PASSED] - Statement - Break: null

2018-06-09 17:13:56 - [TEST_STEP][PASSED] - selectOptionByIndex: All options with index in [35] are selected on object 'Object Repository/DispensaryToStore/Page_Store/select_--Select--Adernaline 0.'

2018-06-09 17:13:57 - [MESSAGE][PASSED] - All options with index in [35] are selected on object 'Object Repository/DispensaryToStore/Page_Store/select_--Select--Adernaline 0.'

2018-06-09 17:13:57 - [TEST_STEP][PASSED] - delay: Delayed 2 second(s)

2018-06-09 17:13:59 - [MESSAGE][PASSED] - Delayed 2 second(s)

2018-06-09 17:13:59 - [TEST_STEP][PASSED] - Statement - RequestedQty = com.kms.katalon.core.webui.keyword.WebUiBuiltInKeywords.getAttribute(com.kms.katalon.core.testobject.ObjectRepository.findTestObject(DispensaryToStore/Page_Store/input_txttotal), "value"): Attribute 'value' of object 'Object Repository/DispensaryToStore/Page_Store/input_txttotal' is: '10'

2018-06-09 17:13:59 - [MESSAGE][PASSED] - Attribute 'value' of object 'Object Repository/DispensaryToStore/Page_Store/input_txttotal' is: '10'

2018-06-09 17:13:59 - [TEST_STEP][PASSED] - Statement - out.println("Requested QTY : " + RequestedQty): null

2018-06-09 17:13:59 - [TEST_STEP][PASSED] - Statement - BatchNumber = com.kms.katalon.core.webui.keyword.WebUiBuiltInKeywords.getNumberOfTotalOption(com.kms.katalon.core.testobject.ObjectRepository.findTestObject(DispensaryToStore/Page_Store/select_--Select--BA1170BA2376B)): 2 options of object 'Object Repository/DispensaryToStore/Page_Store/select_--Select--BA1170BA2376B' counted

2018-06-09 17:13:59 - [MESSAGE][PASSED] - 2 options of object 'Object Repository/DispensaryToStore/Page_Store/select_--Select--BA1170BA2376B' counted

2018-06-09 17:13:59 - [TEST_STEP][PASSED] - Statement - For ([g = 1, g <= BatchNumber - 1, (g++)]): null

2018-06-09 17:13:59 - [TEST_STEP][PASSED] - selectOptionByIndex: All options with index in [1] are selected on object 'Object Repository/DispensaryToStore/Page_Store/select_--Select--BA1170BA2376B'

2018-06-09 17:13:59 - [MESSAGE][PASSED] - All options with index in [1] are selected on object 'Object Repository/DispensaryToStore/Page_Store/select_--Select--BA1170BA2376B'

2018-06-09 17:13:59 - [TEST_STEP][PASSED] - Statement - Try: null

2018-06-09 17:13:59 - [TEST_STEP][PASSED] - Statement - StockQty = com.kms.katalon.core.webui.keyword.WebUiBuiltInKeywords.getAttribute(com.kms.katalon.core.testobject.ObjectRepository.findTestObject(DispensaryToStore/Page_Store/input_txtprice), "value"): Attribute 'value' of object 'Object Repository/DispensaryToStore/Page_Store/input_txtprice' is: '710'

2018-06-09 17:13:59 - [MESSAGE][PASSED] - Attribute 'value' of object 'Object Repository/DispensaryToStore/Page_Store/input_txtprice' is: '710'

2018-06-09 17:13:59 - [TEST_STEP][PASSED] - Statement - out.println("Stock QTY : " + StockQty): null

2018-06-09 17:13:59 - [TEST_STEP][PASSED] - delay: Delayed 2 second(s)

2018-06-09 17:14:01 - [MESSAGE][PASSED] - Delayed 2 second(s)

2018-06-09 17:14:01 - [TEST_STEP][PASSED] - Statement - If (java.lang.String.valueOf(StockQty) >= java.lang.String.valueOf(RequestedQty)): null

2018-06-09 17:14:01 - [TEST_STEP][PASSED] - setText: Text '10' is set on object 'Object Repository/DispensaryToStore/Page_Store/input_txtqty'

2018-06-09 17:14:01 - [MESSAGE][PASSED] - Text '10' is set on object 'Object Repository/DispensaryToStore/Page_Store/input_txtqty'

2018-06-09 17:14:01 - [TEST_STEP][PASSED] - click: Object: 'Object Repository/DispensaryToStore/Page_Store/button_Add' is clicked on

2018-06-09 17:14:01 - [MESSAGE][PASSED] - Object: 'Object Repository/DispensaryToStore/Page_Store/button_Add' is clicked on

2018-06-09 17:14:01 - [TEST_STEP][PASSED] - Statement - Break: null

2018-06-09 17:14:01 - [TEST_STEP][PASSED] - scrollToElement: Scroll to object 'Object Repository/DispensaryToStore/Page_Store/input_btnSubmit' successfully

2018-06-09 17:14:01 - [MESSAGE][PASSED] - Scroll to object 'Object Repository/DispensaryToStore/Page_Store/input_btnSubmit' successfully

2018-06-09 17:14:01 - [TEST_STEP][PASSED] - click: Object: 'Object Repository/DispensaryToStore/Page_Store/input_btnSubmit' is clicked on

2018-06-09 17:14:01 - [MESSAGE][PASSED] - Object: 'Object Repository/DispensaryToStore/Page_Store/input_btnSubmit' is clicked on

2018-06-09 17:14:01 - [TEST_STEP][PASSED] - delay: Delayed 3 second(s)

2018-06-09 17:14:04 - [MESSAGE][PASSED] - Delayed 3 second(s)

2018-06-09 17:14:04 - [TEST_STEP][PASSED] - click: Object: 'Object Repository/DispensaryToStore/Page_Store/button_OK' is clicked on

2018-06-09 17:14:06 - [MESSAGE][PASSED] - Object: 'Object Repository/DispensaryToStore/Page_Store/button_OK' is clicked on

2018-06-09 17:14:06 - [TEST_STEP][PASSED] - delay: Delayed 3 second(s)

2018-06-09 17:14:09 - [MESSAGE][PASSED] - Delayed 3 second(s)

2018-06-09 17:14:09 - [TEST_STEP][PASSED] - click: Object: 'Object Repository/DispensaryToStore/Page_Store/a_dropdown-toggle' is clicked on

2018-06-09 17:14:09 - [MESSAGE][PASSED] - Object: 'Object Repository/DispensaryToStore/Page_Store/a_dropdown-toggle' is clicked on

2018-06-09 17:14:09 - [TEST_STEP][PASSED] - click: Object: 'Object Repository/DispensaryToStore/Page_Store/a_Sign out' is clicked on

2018-06-09 17:14:09 - [MESSAGE][PASSED] - Object: 'Object Repository/DispensaryToStore/Page_Store/a_Sign out' is clicked on

2018-06-09 17:14:09 - [TEST_STEP][PASSED] - closeBrowser: Browser is closed

2018-06-09 17:14:10 - [MESSAGE][PASSED] - Browser is closed]]></system-out>
         <system-err><![CDATA[]]></system-err>
      </testcase>
      <testcase name="Test Cases/DISPENSARY TEST CASES/TC_DP_010 Verify Schedule 10 Dispensary Request Are Working Successfully Or Not" classname="Test Cases/DISPENSARY TEST CASES/TC_DP_010 Verify Schedule 10 Dispensary Request Are Working Successfully Or Not" status="PASSED">
         <system-out><![CDATA[2018-06-09 17:14:10 - [TEST_CASE][PASSED] - Test Cases/DISPENSARY TEST CASES/TC_DP_010 Verify Schedule 10 Dispensary Request Are Working Successfully Or Not: Test Cases/DISPENSARY TEST CASES/TC_DP_010 Verify Schedule 10 Dispensary Request Are Working Successfully Or Not

2018-06-09 17:14:10 - [TEST_STEP][PASSED] - openBrowser: Browser is opened with url: ''

2018-06-09 17:14:12 - [MESSAGE][PASSED] - Browser is opened with url: ''

2018-06-09 17:14:12 - [TEST_STEP][PASSED] - navigateToUrl: Navigate to 'http://192.168.137.1/multihospital_new/HDSplashscreen.aspx' successfully

2018-06-09 17:14:15 - [MESSAGE][PASSED] - Navigate to 'http://192.168.137.1/multihospital_new/HDSplashscreen.aspx' successfully

2018-06-09 17:14:15 - [TEST_STEP][PASSED] - maximizeWindow: Current window maximized

2018-06-09 17:14:16 - [MESSAGE][PASSED] - Current window maximized

2018-06-09 17:14:16 - [TEST_STEP][PASSED] - click: Object: 'Object Repository/DispensaryToStore/Page_KDMC/a_Dispensary Store' is clicked on

2018-06-09 17:14:17 - [MESSAGE][PASSED] - Object: 'Object Repository/DispensaryToStore/Page_KDMC/a_Dispensary Store' is clicked on

2018-06-09 17:14:17 - [TEST_STEP][PASSED] - setText: Text 'rajaram' is set on object 'Object Repository/DispensaryToStore/Page_Dispensary Store Login/input_txtusername'

2018-06-09 17:14:18 - [MESSAGE][PASSED] - Text 'rajaram' is set on object 'Object Repository/DispensaryToStore/Page_Dispensary Store Login/input_txtusername'

2018-06-09 17:14:18 - [TEST_STEP][PASSED] - setText: Text '123' is set on object 'Object Repository/DispensaryToStore/Page_Dispensary Store Login/input_txtpassword'

2018-06-09 17:14:18 - [MESSAGE][PASSED] - Text '123' is set on object 'Object Repository/DispensaryToStore/Page_Dispensary Store Login/input_txtpassword'

2018-06-09 17:14:18 - [TEST_STEP][PASSED] - delay: Delayed 3 second(s)

2018-06-09 17:14:21 - [MESSAGE][PASSED] - Delayed 3 second(s)

2018-06-09 17:14:21 - [TEST_STEP][PASSED] - sendKeys: Keys 'ENTER + ' sent to object: 'Object Repository/DispensaryToStore/Page_Dispensary Store Login/input_txtpassword'

2018-06-09 17:14:22 - [MESSAGE][PASSED] - Keys 'ENTER + ' sent to object: 'Object Repository/DispensaryToStore/Page_Dispensary Store Login/input_txtpassword'

2018-06-09 17:14:22 - [TEST_STEP][PASSED] - delay: Delayed 3 second(s)

2018-06-09 17:14:25 - [MESSAGE][PASSED] - Delayed 3 second(s)

2018-06-09 17:14:25 - [TEST_STEP][PASSED] - click: Object: 'Object Repository/DispensaryToStore/Page_Dispensary Store/a_Request to Store' is clicked on

2018-06-09 17:14:25 - [MESSAGE][PASSED] - Object: 'Object Repository/DispensaryToStore/Page_Dispensary Store/a_Request to Store' is clicked on

2018-06-09 17:14:25 - [TEST_STEP][PASSED] - click: Object: 'Object Repository/DispensaryToStore/Page_Dispensary Store/a_Medicine Request' is clicked on

2018-06-09 17:14:26 - [MESSAGE][PASSED] - Object: 'Object Repository/DispensaryToStore/Page_Dispensary Store/a_Medicine Request' is clicked on

2018-06-09 17:14:26 - [TEST_STEP][PASSED] - selectOptionByIndex: All options with index in [10] are selected on object 'Object Repository/DispensaryToStore/Page_Dispensary Store/select_--Select--Schedule 1Inj'

2018-06-09 17:14:26 - [MESSAGE][PASSED] - All options with index in [10] are selected on object 'Object Repository/DispensaryToStore/Page_Dispensary Store/select_--Select--Schedule 1Inj'

2018-06-09 17:14:26 - [TEST_STEP][PASSED] - Statement - medicineslength = com.kms.katalon.core.webui.keyword.WebUiBuiltInKeywords.getNumberOfTotalOption(com.kms.katalon.core.testobject.ObjectRepository.findTestObject(DispensaryToStore/Page_Dispensary Store/select_--Select--Adernaline 0.)): 19 options of object 'Object Repository/DispensaryToStore/Page_Dispensary Store/select_--Select--Adernaline 0.' counted

2018-06-09 17:14:26 - [MESSAGE][PASSED] - 19 options of object 'Object Repository/DispensaryToStore/Page_Dispensary Store/select_--Select--Adernaline 0.' counted

2018-06-09 17:14:26 - [TEST_STEP][PASSED] - Statement - For ([e = 1, e <= medicineslength - 1, (e++)]): Object: 'Object Repository/DispensaryToStore/Page_Dispensary Store/button_Add' is clicked on

2018-06-09 17:14:26 - [TEST_STEP][PASSED] - selectOptionByIndex: All options with index in [10] are selected on object 'Object Repository/DispensaryToStore/Page_Dispensary Store/select_--Select--Schedule 1Inj'

2018-06-09 17:14:26 - [MESSAGE][PASSED] - All options with index in [10] are selected on object 'Object Repository/DispensaryToStore/Page_Dispensary Store/select_--Select--Schedule 1Inj'

2018-06-09 17:14:26 - [TEST_STEP][PASSED] - selectOptionByIndex: All options with index in [1] are selected on object 'Object Repository/DispensaryToStore/Page_Dispensary Store/select_--Select--Adernaline 0.'

2018-06-09 17:14:26 - [MESSAGE][PASSED] - All options with index in [1] are selected on object 'Object Repository/DispensaryToStore/Page_Dispensary Store/select_--Select--Adernaline 0.'

2018-06-09 17:14:26 - [TEST_STEP][PASSED] - setText: Text '10' is set on object 'Object Repository/DispensaryToStore/Page_Dispensary Store/input_txttreat'

2018-06-09 17:14:27 - [MESSAGE][PASSED] - Text '10' is set on object 'Object Repository/DispensaryToStore/Page_Dispensary Store/input_txttreat'

2018-06-09 17:14:27 - [TEST_STEP][PASSED] - click: Object: 'Object Repository/DispensaryToStore/Page_Dispensary Store/button_Add' is clicked on

2018-06-09 17:14:27 - [MESSAGE][PASSED] - Object: 'Object Repository/DispensaryToStore/Page_Dispensary Store/button_Add' is clicked on

2018-06-09 17:14:27 - [TEST_STEP][PASSED] - selectOptionByIndex: All options with index in [10] are selected on object 'Object Repository/DispensaryToStore/Page_Dispensary Store/select_--Select--Schedule 1Inj'

2018-06-09 17:14:27 - [MESSAGE][PASSED] - All options with index in [10] are selected on object 'Object Repository/DispensaryToStore/Page_Dispensary Store/select_--Select--Schedule 1Inj'

2018-06-09 17:14:27 - [TEST_STEP][PASSED] - selectOptionByIndex: All options with index in [2] are selected on object 'Object Repository/DispensaryToStore/Page_Dispensary Store/select_--Select--Adernaline 0.'

2018-06-09 17:14:27 - [MESSAGE][PASSED] - All options with index in [2] are selected on object 'Object Repository/DispensaryToStore/Page_Dispensary Store/select_--Select--Adernaline 0.'

2018-06-09 17:14:27 - [TEST_STEP][PASSED] - setText: Text '10' is set on object 'Object Repository/DispensaryToStore/Page_Dispensary Store/input_txttreat'

2018-06-09 17:14:27 - [MESSAGE][PASSED] - Text '10' is set on object 'Object Repository/DispensaryToStore/Page_Dispensary Store/input_txttreat'

2018-06-09 17:14:27 - [TEST_STEP][PASSED] - click: Object: 'Object Repository/DispensaryToStore/Page_Dispensary Store/button_Add' is clicked on

2018-06-09 17:14:27 - [MESSAGE][PASSED] - Object: 'Object Repository/DispensaryToStore/Page_Dispensary Store/button_Add' is clicked on

2018-06-09 17:14:27 - [TEST_STEP][PASSED] - selectOptionByIndex: All options with index in [10] are selected on object 'Object Repository/DispensaryToStore/Page_Dispensary Store/select_--Select--Schedule 1Inj'

2018-06-09 17:14:28 - [MESSAGE][PASSED] - All options with index in [10] are selected on object 'Object Repository/DispensaryToStore/Page_Dispensary Store/select_--Select--Schedule 1Inj'

2018-06-09 17:14:28 - [TEST_STEP][PASSED] - selectOptionByIndex: All options with index in [3] are selected on object 'Object Repository/DispensaryToStore/Page_Dispensary Store/select_--Select--Adernaline 0.'

2018-06-09 17:14:28 - [MESSAGE][PASSED] - All options with index in [3] are selected on object 'Object Repository/DispensaryToStore/Page_Dispensary Store/select_--Select--Adernaline 0.'

2018-06-09 17:14:28 - [TEST_STEP][PASSED] - setText: Text '10' is set on object 'Object Repository/DispensaryToStore/Page_Dispensary Store/input_txttreat'

2018-06-09 17:14:28 - [MESSAGE][PASSED] - Text '10' is set on object 'Object Repository/DispensaryToStore/Page_Dispensary Store/input_txttreat'

2018-06-09 17:14:28 - [TEST_STEP][PASSED] - click: Object: 'Object Repository/DispensaryToStore/Page_Dispensary Store/button_Add' is clicked on

2018-06-09 17:14:28 - [MESSAGE][PASSED] - Object: 'Object Repository/DispensaryToStore/Page_Dispensary Store/button_Add' is clicked on

2018-06-09 17:14:28 - [TEST_STEP][PASSED] - selectOptionByIndex: All options with index in [10] are selected on object 'Object Repository/DispensaryToStore/Page_Dispensary Store/select_--Select--Schedule 1Inj'

2018-06-09 17:14:28 - [MESSAGE][PASSED] - All options with index in [10] are selected on object 'Object Repository/DispensaryToStore/Page_Dispensary Store/select_--Select--Schedule 1Inj'

2018-06-09 17:14:28 - [TEST_STEP][PASSED] - selectOptionByIndex: All options with index in [4] are selected on object 'Object Repository/DispensaryToStore/Page_Dispensary Store/select_--Select--Adernaline 0.'

2018-06-09 17:14:28 - [MESSAGE][PASSED] - All options with index in [4] are selected on object 'Object Repository/DispensaryToStore/Page_Dispensary Store/select_--Select--Adernaline 0.'

2018-06-09 17:14:28 - [TEST_STEP][PASSED] - setText: Text '10' is set on object 'Object Repository/DispensaryToStore/Page_Dispensary Store/input_txttreat'

2018-06-09 17:14:28 - [MESSAGE][PASSED] - Text '10' is set on object 'Object Repository/DispensaryToStore/Page_Dispensary Store/input_txttreat'

2018-06-09 17:14:28 - [TEST_STEP][PASSED] - click: Object: 'Object Repository/DispensaryToStore/Page_Dispensary Store/button_Add' is clicked on

2018-06-09 17:14:28 - [MESSAGE][PASSED] - Object: 'Object Repository/DispensaryToStore/Page_Dispensary Store/button_Add' is clicked on

2018-06-09 17:14:28 - [TEST_STEP][PASSED] - selectOptionByIndex: All options with index in [10] are selected on object 'Object Repository/DispensaryToStore/Page_Dispensary Store/select_--Select--Schedule 1Inj'

2018-06-09 17:14:29 - [MESSAGE][PASSED] - All options with index in [10] are selected on object 'Object Repository/DispensaryToStore/Page_Dispensary Store/select_--Select--Schedule 1Inj'

2018-06-09 17:14:29 - [TEST_STEP][PASSED] - selectOptionByIndex: All options with index in [5] are selected on object 'Object Repository/DispensaryToStore/Page_Dispensary Store/select_--Select--Adernaline 0.'

2018-06-09 17:14:29 - [MESSAGE][PASSED] - All options with index in [5] are selected on object 'Object Repository/DispensaryToStore/Page_Dispensary Store/select_--Select--Adernaline 0.'

2018-06-09 17:14:29 - [TEST_STEP][PASSED] - setText: Text '10' is set on object 'Object Repository/DispensaryToStore/Page_Dispensary Store/input_txttreat'

2018-06-09 17:14:29 - [MESSAGE][PASSED] - Text '10' is set on object 'Object Repository/DispensaryToStore/Page_Dispensary Store/input_txttreat'

2018-06-09 17:14:29 - [TEST_STEP][PASSED] - click: Object: 'Object Repository/DispensaryToStore/Page_Dispensary Store/button_Add' is clicked on

2018-06-09 17:14:29 - [MESSAGE][PASSED] - Object: 'Object Repository/DispensaryToStore/Page_Dispensary Store/button_Add' is clicked on

2018-06-09 17:14:29 - [TEST_STEP][PASSED] - selectOptionByIndex: All options with index in [10] are selected on object 'Object Repository/DispensaryToStore/Page_Dispensary Store/select_--Select--Schedule 1Inj'

2018-06-09 17:14:29 - [MESSAGE][PASSED] - All options with index in [10] are selected on object 'Object Repository/DispensaryToStore/Page_Dispensary Store/select_--Select--Schedule 1Inj'

2018-06-09 17:14:29 - [TEST_STEP][PASSED] - selectOptionByIndex: All options with index in [6] are selected on object 'Object Repository/DispensaryToStore/Page_Dispensary Store/select_--Select--Adernaline 0.'

2018-06-09 17:14:30 - [MESSAGE][PASSED] - All options with index in [6] are selected on object 'Object Repository/DispensaryToStore/Page_Dispensary Store/select_--Select--Adernaline 0.'

2018-06-09 17:14:30 - [TEST_STEP][PASSED] - setText: Text '10' is set on object 'Object Repository/DispensaryToStore/Page_Dispensary Store/input_txttreat'

2018-06-09 17:14:30 - [MESSAGE][PASSED] - Text '10' is set on object 'Object Repository/DispensaryToStore/Page_Dispensary Store/input_txttreat'

2018-06-09 17:14:30 - [TEST_STEP][PASSED] - click: Object: 'Object Repository/DispensaryToStore/Page_Dispensary Store/button_Add' is clicked on

2018-06-09 17:14:30 - [MESSAGE][PASSED] - Object: 'Object Repository/DispensaryToStore/Page_Dispensary Store/button_Add' is clicked on

2018-06-09 17:14:30 - [TEST_STEP][PASSED] - selectOptionByIndex: All options with index in [10] are selected on object 'Object Repository/DispensaryToStore/Page_Dispensary Store/select_--Select--Schedule 1Inj'

2018-06-09 17:14:30 - [MESSAGE][PASSED] - All options with index in [10] are selected on object 'Object Repository/DispensaryToStore/Page_Dispensary Store/select_--Select--Schedule 1Inj'

2018-06-09 17:14:30 - [TEST_STEP][PASSED] - selectOptionByIndex: All options with index in [7] are selected on object 'Object Repository/DispensaryToStore/Page_Dispensary Store/select_--Select--Adernaline 0.'

2018-06-09 17:14:30 - [MESSAGE][PASSED] - All options with index in [7] are selected on object 'Object Repository/DispensaryToStore/Page_Dispensary Store/select_--Select--Adernaline 0.'

2018-06-09 17:14:30 - [TEST_STEP][PASSED] - setText: Text '10' is set on object 'Object Repository/DispensaryToStore/Page_Dispensary Store/input_txttreat'

2018-06-09 17:14:30 - [MESSAGE][PASSED] - Text '10' is set on object 'Object Repository/DispensaryToStore/Page_Dispensary Store/input_txttreat'

2018-06-09 17:14:30 - [TEST_STEP][PASSED] - click: Object: 'Object Repository/DispensaryToStore/Page_Dispensary Store/button_Add' is clicked on

2018-06-09 17:14:30 - [MESSAGE][PASSED] - Object: 'Object Repository/DispensaryToStore/Page_Dispensary Store/button_Add' is clicked on

2018-06-09 17:14:30 - [TEST_STEP][PASSED] - selectOptionByIndex: All options with index in [10] are selected on object 'Object Repository/DispensaryToStore/Page_Dispensary Store/select_--Select--Schedule 1Inj'

2018-06-09 17:14:31 - [MESSAGE][PASSED] - All options with index in [10] are selected on object 'Object Repository/DispensaryToStore/Page_Dispensary Store/select_--Select--Schedule 1Inj'

2018-06-09 17:14:31 - [TEST_STEP][PASSED] - selectOptionByIndex: All options with index in [8] are selected on object 'Object Repository/DispensaryToStore/Page_Dispensary Store/select_--Select--Adernaline 0.'

2018-06-09 17:14:31 - [MESSAGE][PASSED] - All options with index in [8] are selected on object 'Object Repository/DispensaryToStore/Page_Dispensary Store/select_--Select--Adernaline 0.'

2018-06-09 17:14:31 - [TEST_STEP][PASSED] - setText: Text '10' is set on object 'Object Repository/DispensaryToStore/Page_Dispensary Store/input_txttreat'

2018-06-09 17:14:31 - [MESSAGE][PASSED] - Text '10' is set on object 'Object Repository/DispensaryToStore/Page_Dispensary Store/input_txttreat'

2018-06-09 17:14:31 - [TEST_STEP][PASSED] - click: Object: 'Object Repository/DispensaryToStore/Page_Dispensary Store/button_Add' is clicked on

2018-06-09 17:14:31 - [MESSAGE][PASSED] - Object: 'Object Repository/DispensaryToStore/Page_Dispensary Store/button_Add' is clicked on

2018-06-09 17:14:31 - [TEST_STEP][PASSED] - selectOptionByIndex: All options with index in [10] are selected on object 'Object Repository/DispensaryToStore/Page_Dispensary Store/select_--Select--Schedule 1Inj'

2018-06-09 17:14:31 - [MESSAGE][PASSED] - All options with index in [10] are selected on object 'Object Repository/DispensaryToStore/Page_Dispensary Store/select_--Select--Schedule 1Inj'

2018-06-09 17:14:31 - [TEST_STEP][PASSED] - selectOptionByIndex: All options with index in [9] are selected on object 'Object Repository/DispensaryToStore/Page_Dispensary Store/select_--Select--Adernaline 0.'

2018-06-09 17:14:32 - [MESSAGE][PASSED] - All options with index in [9] are selected on object 'Object Repository/DispensaryToStore/Page_Dispensary Store/select_--Select--Adernaline 0.'

2018-06-09 17:14:32 - [TEST_STEP][PASSED] - setText: Text '10' is set on object 'Object Repository/DispensaryToStore/Page_Dispensary Store/input_txttreat'

2018-06-09 17:14:32 - [MESSAGE][PASSED] - Text '10' is set on object 'Object Repository/DispensaryToStore/Page_Dispensary Store/input_txttreat'

2018-06-09 17:14:32 - [TEST_STEP][PASSED] - click: Object: 'Object Repository/DispensaryToStore/Page_Dispensary Store/button_Add' is clicked on

2018-06-09 17:14:32 - [MESSAGE][PASSED] - Object: 'Object Repository/DispensaryToStore/Page_Dispensary Store/button_Add' is clicked on

2018-06-09 17:14:32 - [TEST_STEP][PASSED] - selectOptionByIndex: All options with index in [10] are selected on object 'Object Repository/DispensaryToStore/Page_Dispensary Store/select_--Select--Schedule 1Inj'

2018-06-09 17:14:32 - [MESSAGE][PASSED] - All options with index in [10] are selected on object 'Object Repository/DispensaryToStore/Page_Dispensary Store/select_--Select--Schedule 1Inj'

2018-06-09 17:14:32 - [TEST_STEP][PASSED] - selectOptionByIndex: All options with index in [10] are selected on object 'Object Repository/DispensaryToStore/Page_Dispensary Store/select_--Select--Adernaline 0.'

2018-06-09 17:14:32 - [MESSAGE][PASSED] - All options with index in [10] are selected on object 'Object Repository/DispensaryToStore/Page_Dispensary Store/select_--Select--Adernaline 0.'

2018-06-09 17:14:32 - [TEST_STEP][PASSED] - setText: Text '10' is set on object 'Object Repository/DispensaryToStore/Page_Dispensary Store/input_txttreat'

2018-06-09 17:14:32 - [MESSAGE][PASSED] - Text '10' is set on object 'Object Repository/DispensaryToStore/Page_Dispensary Store/input_txttreat'

2018-06-09 17:14:32 - [TEST_STEP][PASSED] - click: Object: 'Object Repository/DispensaryToStore/Page_Dispensary Store/button_Add' is clicked on

2018-06-09 17:14:32 - [MESSAGE][PASSED] - Object: 'Object Repository/DispensaryToStore/Page_Dispensary Store/button_Add' is clicked on

2018-06-09 17:14:32 - [TEST_STEP][PASSED] - selectOptionByIndex: All options with index in [10] are selected on object 'Object Repository/DispensaryToStore/Page_Dispensary Store/select_--Select--Schedule 1Inj'

2018-06-09 17:14:33 - [MESSAGE][PASSED] - All options with index in [10] are selected on object 'Object Repository/DispensaryToStore/Page_Dispensary Store/select_--Select--Schedule 1Inj'

2018-06-09 17:14:33 - [TEST_STEP][PASSED] - selectOptionByIndex: All options with index in [11] are selected on object 'Object Repository/DispensaryToStore/Page_Dispensary Store/select_--Select--Adernaline 0.'

2018-06-09 17:14:33 - [MESSAGE][PASSED] - All options with index in [11] are selected on object 'Object Repository/DispensaryToStore/Page_Dispensary Store/select_--Select--Adernaline 0.'

2018-06-09 17:14:33 - [TEST_STEP][PASSED] - setText: Text '10' is set on object 'Object Repository/DispensaryToStore/Page_Dispensary Store/input_txttreat'

2018-06-09 17:14:33 - [MESSAGE][PASSED] - Text '10' is set on object 'Object Repository/DispensaryToStore/Page_Dispensary Store/input_txttreat'

2018-06-09 17:14:33 - [TEST_STEP][PASSED] - click: Object: 'Object Repository/DispensaryToStore/Page_Dispensary Store/button_Add' is clicked on

2018-06-09 17:14:33 - [MESSAGE][PASSED] - Object: 'Object Repository/DispensaryToStore/Page_Dispensary Store/button_Add' is clicked on

2018-06-09 17:14:33 - [TEST_STEP][PASSED] - selectOptionByIndex: All options with index in [10] are selected on object 'Object Repository/DispensaryToStore/Page_Dispensary Store/select_--Select--Schedule 1Inj'

2018-06-09 17:14:33 - [MESSAGE][PASSED] - All options with index in [10] are selected on object 'Object Repository/DispensaryToStore/Page_Dispensary Store/select_--Select--Schedule 1Inj'

2018-06-09 17:14:33 - [TEST_STEP][PASSED] - selectOptionByIndex: All options with index in [12] are selected on object 'Object Repository/DispensaryToStore/Page_Dispensary Store/select_--Select--Adernaline 0.'

2018-06-09 17:14:34 - [MESSAGE][PASSED] - All options with index in [12] are selected on object 'Object Repository/DispensaryToStore/Page_Dispensary Store/select_--Select--Adernaline 0.'

2018-06-09 17:14:34 - [TEST_STEP][PASSED] - setText: Text '10' is set on object 'Object Repository/DispensaryToStore/Page_Dispensary Store/input_txttreat'

2018-06-09 17:14:34 - [MESSAGE][PASSED] - Text '10' is set on object 'Object Repository/DispensaryToStore/Page_Dispensary Store/input_txttreat'

2018-06-09 17:14:34 - [TEST_STEP][PASSED] - click: Object: 'Object Repository/DispensaryToStore/Page_Dispensary Store/button_Add' is clicked on

2018-06-09 17:14:34 - [MESSAGE][PASSED] - Object: 'Object Repository/DispensaryToStore/Page_Dispensary Store/button_Add' is clicked on

2018-06-09 17:14:34 - [TEST_STEP][PASSED] - selectOptionByIndex: All options with index in [10] are selected on object 'Object Repository/DispensaryToStore/Page_Dispensary Store/select_--Select--Schedule 1Inj'

2018-06-09 17:14:34 - [MESSAGE][PASSED] - All options with index in [10] are selected on object 'Object Repository/DispensaryToStore/Page_Dispensary Store/select_--Select--Schedule 1Inj'

2018-06-09 17:14:34 - [TEST_STEP][PASSED] - selectOptionByIndex: All options with index in [13] are selected on object 'Object Repository/DispensaryToStore/Page_Dispensary Store/select_--Select--Adernaline 0.'

2018-06-09 17:14:34 - [MESSAGE][PASSED] - All options with index in [13] are selected on object 'Object Repository/DispensaryToStore/Page_Dispensary Store/select_--Select--Adernaline 0.'

2018-06-09 17:14:34 - [TEST_STEP][PASSED] - setText: Text '10' is set on object 'Object Repository/DispensaryToStore/Page_Dispensary Store/input_txttreat'

2018-06-09 17:14:34 - [MESSAGE][PASSED] - Text '10' is set on object 'Object Repository/DispensaryToStore/Page_Dispensary Store/input_txttreat'

2018-06-09 17:14:34 - [TEST_STEP][PASSED] - click: Object: 'Object Repository/DispensaryToStore/Page_Dispensary Store/button_Add' is clicked on

2018-06-09 17:14:35 - [MESSAGE][PASSED] - Object: 'Object Repository/DispensaryToStore/Page_Dispensary Store/button_Add' is clicked on

2018-06-09 17:14:35 - [TEST_STEP][PASSED] - selectOptionByIndex: All options with index in [10] are selected on object 'Object Repository/DispensaryToStore/Page_Dispensary Store/select_--Select--Schedule 1Inj'

2018-06-09 17:14:35 - [MESSAGE][PASSED] - All options with index in [10] are selected on object 'Object Repository/DispensaryToStore/Page_Dispensary Store/select_--Select--Schedule 1Inj'

2018-06-09 17:14:35 - [TEST_STEP][PASSED] - selectOptionByIndex: All options with index in [14] are selected on object 'Object Repository/DispensaryToStore/Page_Dispensary Store/select_--Select--Adernaline 0.'

2018-06-09 17:14:35 - [MESSAGE][PASSED] - All options with index in [14] are selected on object 'Object Repository/DispensaryToStore/Page_Dispensary Store/select_--Select--Adernaline 0.'

2018-06-09 17:14:35 - [TEST_STEP][PASSED] - setText: Text '10' is set on object 'Object Repository/DispensaryToStore/Page_Dispensary Store/input_txttreat'

2018-06-09 17:14:35 - [MESSAGE][PASSED] - Text '10' is set on object 'Object Repository/DispensaryToStore/Page_Dispensary Store/input_txttreat'

2018-06-09 17:14:35 - [TEST_STEP][PASSED] - click: Object: 'Object Repository/DispensaryToStore/Page_Dispensary Store/button_Add' is clicked on

2018-06-09 17:14:35 - [MESSAGE][PASSED] - Object: 'Object Repository/DispensaryToStore/Page_Dispensary Store/button_Add' is clicked on

2018-06-09 17:14:35 - [TEST_STEP][PASSED] - selectOptionByIndex: All options with index in [10] are selected on object 'Object Repository/DispensaryToStore/Page_Dispensary Store/select_--Select--Schedule 1Inj'

2018-06-09 17:14:35 - [MESSAGE][PASSED] - All options with index in [10] are selected on object 'Object Repository/DispensaryToStore/Page_Dispensary Store/select_--Select--Schedule 1Inj'

2018-06-09 17:14:35 - [TEST_STEP][PASSED] - selectOptionByIndex: All options with index in [15] are selected on object 'Object Repository/DispensaryToStore/Page_Dispensary Store/select_--Select--Adernaline 0.'

2018-06-09 17:14:36 - [MESSAGE][PASSED] - All options with index in [15] are selected on object 'Object Repository/DispensaryToStore/Page_Dispensary Store/select_--Select--Adernaline 0.'

2018-06-09 17:14:36 - [TEST_STEP][PASSED] - setText: Text '10' is set on object 'Object Repository/DispensaryToStore/Page_Dispensary Store/input_txttreat'

2018-06-09 17:14:36 - [MESSAGE][PASSED] - Text '10' is set on object 'Object Repository/DispensaryToStore/Page_Dispensary Store/input_txttreat'

2018-06-09 17:14:36 - [TEST_STEP][PASSED] - click: Object: 'Object Repository/DispensaryToStore/Page_Dispensary Store/button_Add' is clicked on

2018-06-09 17:14:36 - [MESSAGE][PASSED] - Object: 'Object Repository/DispensaryToStore/Page_Dispensary Store/button_Add' is clicked on

2018-06-09 17:14:36 - [TEST_STEP][PASSED] - selectOptionByIndex: All options with index in [10] are selected on object 'Object Repository/DispensaryToStore/Page_Dispensary Store/select_--Select--Schedule 1Inj'

2018-06-09 17:14:36 - [MESSAGE][PASSED] - All options with index in [10] are selected on object 'Object Repository/DispensaryToStore/Page_Dispensary Store/select_--Select--Schedule 1Inj'

2018-06-09 17:14:36 - [TEST_STEP][PASSED] - selectOptionByIndex: All options with index in [16] are selected on object 'Object Repository/DispensaryToStore/Page_Dispensary Store/select_--Select--Adernaline 0.'

2018-06-09 17:14:37 - [MESSAGE][PASSED] - All options with index in [16] are selected on object 'Object Repository/DispensaryToStore/Page_Dispensary Store/select_--Select--Adernaline 0.'

2018-06-09 17:14:37 - [TEST_STEP][PASSED] - setText: Text '10' is set on object 'Object Repository/DispensaryToStore/Page_Dispensary Store/input_txttreat'

2018-06-09 17:14:37 - [MESSAGE][PASSED] - Text '10' is set on object 'Object Repository/DispensaryToStore/Page_Dispensary Store/input_txttreat'

2018-06-09 17:14:37 - [TEST_STEP][PASSED] - click: Object: 'Object Repository/DispensaryToStore/Page_Dispensary Store/button_Add' is clicked on

2018-06-09 17:14:37 - [MESSAGE][PASSED] - Object: 'Object Repository/DispensaryToStore/Page_Dispensary Store/button_Add' is clicked on

2018-06-09 17:14:37 - [TEST_STEP][PASSED] - selectOptionByIndex: All options with index in [10] are selected on object 'Object Repository/DispensaryToStore/Page_Dispensary Store/select_--Select--Schedule 1Inj'

2018-06-09 17:14:37 - [MESSAGE][PASSED] - All options with index in [10] are selected on object 'Object Repository/DispensaryToStore/Page_Dispensary Store/select_--Select--Schedule 1Inj'

2018-06-09 17:14:37 - [TEST_STEP][PASSED] - selectOptionByIndex: All options with index in [17] are selected on object 'Object Repository/DispensaryToStore/Page_Dispensary Store/select_--Select--Adernaline 0.'

2018-06-09 17:14:37 - [MESSAGE][PASSED] - All options with index in [17] are selected on object 'Object Repository/DispensaryToStore/Page_Dispensary Store/select_--Select--Adernaline 0.'

2018-06-09 17:14:37 - [TEST_STEP][PASSED] - setText: Text '10' is set on object 'Object Repository/DispensaryToStore/Page_Dispensary Store/input_txttreat'

2018-06-09 17:14:37 - [MESSAGE][PASSED] - Text '10' is set on object 'Object Repository/DispensaryToStore/Page_Dispensary Store/input_txttreat'

2018-06-09 17:14:37 - [TEST_STEP][PASSED] - click: Object: 'Object Repository/DispensaryToStore/Page_Dispensary Store/button_Add' is clicked on

2018-06-09 17:14:37 - [MESSAGE][PASSED] - Object: 'Object Repository/DispensaryToStore/Page_Dispensary Store/button_Add' is clicked on

2018-06-09 17:14:37 - [TEST_STEP][PASSED] - selectOptionByIndex: All options with index in [10] are selected on object 'Object Repository/DispensaryToStore/Page_Dispensary Store/select_--Select--Schedule 1Inj'

2018-06-09 17:14:38 - [MESSAGE][PASSED] - All options with index in [10] are selected on object 'Object Repository/DispensaryToStore/Page_Dispensary Store/select_--Select--Schedule 1Inj'

2018-06-09 17:14:38 - [TEST_STEP][PASSED] - selectOptionByIndex: All options with index in [18] are selected on object 'Object Repository/DispensaryToStore/Page_Dispensary Store/select_--Select--Adernaline 0.'

2018-06-09 17:14:38 - [MESSAGE][PASSED] - All options with index in [18] are selected on object 'Object Repository/DispensaryToStore/Page_Dispensary Store/select_--Select--Adernaline 0.'

2018-06-09 17:14:38 - [TEST_STEP][PASSED] - setText: Text '10' is set on object 'Object Repository/DispensaryToStore/Page_Dispensary Store/input_txttreat'

2018-06-09 17:14:38 - [MESSAGE][PASSED] - Text '10' is set on object 'Object Repository/DispensaryToStore/Page_Dispensary Store/input_txttreat'

2018-06-09 17:14:38 - [TEST_STEP][PASSED] - click: Object: 'Object Repository/DispensaryToStore/Page_Dispensary Store/button_Add' is clicked on

2018-06-09 17:14:38 - [MESSAGE][PASSED] - Object: 'Object Repository/DispensaryToStore/Page_Dispensary Store/button_Add' is clicked on

2018-06-09 17:14:38 - [TEST_STEP][PASSED] - scrollToElement: Scroll to object 'Object Repository/DispensaryToStore/Page_Dispensary Store/input_btnsave' successfully

2018-06-09 17:14:38 - [MESSAGE][PASSED] - Scroll to object 'Object Repository/DispensaryToStore/Page_Dispensary Store/input_btnsave' successfully

2018-06-09 17:14:38 - [TEST_STEP][PASSED] - click: Object: 'Object Repository/DispensaryToStore/Page_Dispensary Store/input_btnsave' is clicked on

2018-06-09 17:14:38 - [MESSAGE][PASSED] - Object: 'Object Repository/DispensaryToStore/Page_Dispensary Store/input_btnsave' is clicked on

2018-06-09 17:14:38 - [TEST_STEP][PASSED] - delay: Delayed 3 second(s)

2018-06-09 17:14:41 - [MESSAGE][PASSED] - Delayed 3 second(s)

2018-06-09 17:14:41 - [TEST_STEP][PASSED] - Statement - RN1 = com.kms.katalon.core.webui.keyword.WebUiBuiltInKeywords.getText(com.kms.katalon.core.testobject.ObjectRepository.findTestObject(DispensaryToStore/Page_Dispensary Store/font_HPRNO180520187)): Text of object 'Object Repository/DispensaryToStore/Page_Dispensary Store/font_HPRNO180520187' is: 'DPRNO/09062018/217'

2018-06-09 17:14:41 - [MESSAGE][PASSED] - Text of object 'Object Repository/DispensaryToStore/Page_Dispensary Store/font_HPRNO180520187' is: 'DPRNO/09062018/217'

2018-06-09 17:14:41 - [TEST_STEP][PASSED] - Statement - out.println(RN1): null

2018-06-09 17:14:41 - [TEST_STEP][PASSED] - Statement - RID = RN1.split("/")[2]: null

2018-06-09 17:14:41 - [TEST_STEP][PASSED] - click: Object: 'Object Repository/DispensaryToStore/Page_Dispensary Store/button_OK' is clicked on

2018-06-09 17:14:42 - [MESSAGE][PASSED] - Object: 'Object Repository/DispensaryToStore/Page_Dispensary Store/button_OK' is clicked on

2018-06-09 17:14:42 - [TEST_STEP][PASSED] - delay: Delayed 3 second(s)

2018-06-09 17:14:45 - [MESSAGE][PASSED] - Delayed 3 second(s)

2018-06-09 17:14:45 - [TEST_STEP][PASSED] - click: Object: 'Object Repository/DispensaryToStore/Page_Dispensary Store/a_dropdown-toggle' is clicked on

2018-06-09 17:14:45 - [MESSAGE][PASSED] - Object: 'Object Repository/DispensaryToStore/Page_Dispensary Store/a_dropdown-toggle' is clicked on

2018-06-09 17:14:45 - [TEST_STEP][PASSED] - click: Object: 'Object Repository/DispensaryToStore/Page_Dispensary Store/a_Sign out' is clicked on

2018-06-09 17:14:46 - [MESSAGE][PASSED] - Object: 'Object Repository/DispensaryToStore/Page_Dispensary Store/a_Sign out' is clicked on

2018-06-09 17:14:46 - [TEST_STEP][PASSED] - delay: Delayed 3 second(s)

2018-06-09 17:14:49 - [MESSAGE][PASSED] - Delayed 3 second(s)

2018-06-09 17:14:49 - [TEST_STEP][PASSED] - navigateToUrl: Navigate to 'http://192.168.137.1/multihospital_new/' successfully

2018-06-09 17:14:49 - [MESSAGE][PASSED] - Navigate to 'http://192.168.137.1/multihospital_new/' successfully

2018-06-09 17:14:49 - [TEST_STEP][PASSED] - click: Object: 'Object Repository/DispensaryToStore/Page_KDMC/a_CMO' is clicked on

2018-06-09 17:14:50 - [MESSAGE][PASSED] - Object: 'Object Repository/DispensaryToStore/Page_KDMC/a_CMO' is clicked on

2018-06-09 17:14:50 - [TEST_STEP][PASSED] - setText: Text 'guru' is set on object 'Object Repository/DispensaryToStore/Page_CMO login/input_txtusername'

2018-06-09 17:14:50 - [MESSAGE][PASSED] - Text 'guru' is set on object 'Object Repository/DispensaryToStore/Page_CMO login/input_txtusername'

2018-06-09 17:14:50 - [TEST_STEP][PASSED] - setText: Text '123' is set on object 'Object Repository/DispensaryToStore/Page_CMO login/input_txtpassword'

2018-06-09 17:14:50 - [MESSAGE][PASSED] - Text '123' is set on object 'Object Repository/DispensaryToStore/Page_CMO login/input_txtpassword'

2018-06-09 17:14:50 - [TEST_STEP][PASSED] - delay: Delayed 3 second(s)

2018-06-09 17:14:53 - [MESSAGE][PASSED] - Delayed 3 second(s)

2018-06-09 17:14:53 - [TEST_STEP][PASSED] - click: Object: 'Object Repository/DispensaryToStore/Page_CMO login/button_Sign in' is clicked on

2018-06-09 17:14:54 - [MESSAGE][PASSED] - Object: 'Object Repository/DispensaryToStore/Page_CMO login/button_Sign in' is clicked on

2018-06-09 17:14:54 - [TEST_STEP][PASSED] - click: Object: 'Object Repository/DispensaryToStore/Page_KDMC - CMO/a_Department Wise Request' is clicked on

2018-06-09 17:14:56 - [MESSAGE][PASSED] - Object: 'Object Repository/DispensaryToStore/Page_KDMC - CMO/a_Department Wise Request' is clicked on

2018-06-09 17:14:56 - [TEST_STEP][PASSED] - delay: Delayed 2 second(s)

2018-06-09 17:14:58 - [MESSAGE][PASSED] - Delayed 2 second(s)

2018-06-09 17:14:58 - [TEST_STEP][PASSED] - selectOptionByIndex: All options with index in [6] are selected on object 'Object Repository/DispensaryToStore/Page_KDMC - CMO/select_--ALL--'

2018-06-09 17:14:59 - [MESSAGE][PASSED] - All options with index in [6] are selected on object 'Object Repository/DispensaryToStore/Page_KDMC - CMO/select_--ALL--'

2018-06-09 17:14:59 - [TEST_STEP][PASSED] - click: Object: 'Object Repository/DispensaryToStore/Page_KDMC - CMO/input_btnsearch' is clicked on

2018-06-09 17:14:59 - [MESSAGE][PASSED] - Object: 'Object Repository/DispensaryToStore/Page_KDMC - CMO/input_btnsearch' is clicked on

2018-06-09 17:14:59 - [TEST_STEP][PASSED] - selectOptionByIndex: All options with index in [1] are selected on object 'Object Repository/DispensaryToStore/Page_KDMC - CMO/select_--ALL--                _1'

2018-06-09 17:14:59 - [MESSAGE][PASSED] - All options with index in [1] are selected on object 'Object Repository/DispensaryToStore/Page_KDMC - CMO/select_--ALL--                _1'

2018-06-09 17:14:59 - [TEST_STEP][PASSED] - click: Object: 'Object Repository/DispensaryToStore/Page_KDMC - CMO/input_btnsearch' is clicked on

2018-06-09 17:14:59 - [MESSAGE][PASSED] - Object: 'Object Repository/DispensaryToStore/Page_KDMC - CMO/input_btnsearch' is clicked on

2018-06-09 17:14:59 - [TEST_STEP][PASSED] - Statement - ID = com.kms.katalon.core.webui.keyword.WebUiBuiltInKeywords.modifyObjectProperty(com.kms.katalon.core.testobject.ObjectRepository.findTestObject(lab/Page_KDMC - CMO/input_1), "xpath", "equals", "//*[@id=" + RID + "]", true): Modify property of object successfully

2018-06-09 17:14:59 - [MESSAGE][PASSED] - Modify property of object successfully

2018-06-09 17:14:59 - [TEST_STEP][PASSED] - click: Object: 'Object Repository/lab/Page_KDMC - CMO/input_1' is clicked on

2018-06-09 17:15:00 - [MESSAGE][PASSED] - Object: 'Object Repository/lab/Page_KDMC - CMO/input_1' is clicked on

2018-06-09 17:15:00 - [TEST_STEP][PASSED] - delay: Delayed 2 second(s)

2018-06-09 17:15:02 - [MESSAGE][PASSED] - Delayed 2 second(s)

2018-06-09 17:15:02 - [TEST_STEP][PASSED] - selectOptionByIndex: All options with index in [1] are selected on object 'Object Repository/DispensaryToStore/Page_KDMC - CMO/select_--Select--'

2018-06-09 17:15:02 - [MESSAGE][PASSED] - All options with index in [1] are selected on object 'Object Repository/DispensaryToStore/Page_KDMC - CMO/select_--Select--'

2018-06-09 17:15:02 - [TEST_STEP][PASSED] - click: Object: 'Object Repository/DispensaryToStore/Page_KDMC - CMO/input_btnupdate' is clicked on

2018-06-09 17:15:02 - [MESSAGE][PASSED] - Object: 'Object Repository/DispensaryToStore/Page_KDMC - CMO/input_btnupdate' is clicked on

2018-06-09 17:15:02 - [TEST_STEP][PASSED] - delay: Delayed 2 second(s)

2018-06-09 17:15:04 - [MESSAGE][PASSED] - Delayed 2 second(s)

2018-06-09 17:15:04 - [TEST_STEP][PASSED] - click: Object: 'Object Repository/DispensaryToStore/Page_KDMC - CMO/button_OK' is clicked on

2018-06-09 17:15:04 - [MESSAGE][PASSED] - Object: 'Object Repository/DispensaryToStore/Page_KDMC - CMO/button_OK' is clicked on

2018-06-09 17:15:04 - [TEST_STEP][PASSED] - delay: Delayed 2 second(s)

2018-06-09 17:15:06 - [MESSAGE][PASSED] - Delayed 2 second(s)

2018-06-09 17:15:06 - [TEST_STEP][PASSED] - click: Object: 'Object Repository/DispensaryToStore/Page_KDMC - CMO/a_dropdown-toggle' is clicked on

2018-06-09 17:15:07 - [MESSAGE][PASSED] - Object: 'Object Repository/DispensaryToStore/Page_KDMC - CMO/a_dropdown-toggle' is clicked on

2018-06-09 17:15:07 - [TEST_STEP][PASSED] - click: Object: 'Object Repository/DispensaryToStore/Page_KDMC - CMO/a_Sign out' is clicked on

2018-06-09 17:15:07 - [MESSAGE][PASSED] - Object: 'Object Repository/DispensaryToStore/Page_KDMC - CMO/a_Sign out' is clicked on

2018-06-09 17:15:07 - [TEST_STEP][PASSED] - delay: Delayed 3 second(s)

2018-06-09 17:15:10 - [MESSAGE][PASSED] - Delayed 3 second(s)

2018-06-09 17:15:10 - [TEST_STEP][PASSED] - click: Object: 'Object Repository/DispensaryToStore/Page_KDMC/a_Divisional Store' is clicked on

2018-06-09 17:15:11 - [MESSAGE][PASSED] - Object: 'Object Repository/DispensaryToStore/Page_KDMC/a_Divisional Store' is clicked on

2018-06-09 17:15:11 - [TEST_STEP][PASSED] - setText: Text 'ragu' is set on object 'Object Repository/DispensaryToStore/Page_Divisonal Store Login/input_txtusername'

2018-06-09 17:15:11 - [MESSAGE][PASSED] - Text 'ragu' is set on object 'Object Repository/DispensaryToStore/Page_Divisonal Store Login/input_txtusername'

2018-06-09 17:15:11 - [TEST_STEP][PASSED] - setText: Text '123' is set on object 'Object Repository/DispensaryToStore/Page_Divisonal Store Login/input_txtpassword'

2018-06-09 17:15:11 - [MESSAGE][PASSED] - Text '123' is set on object 'Object Repository/DispensaryToStore/Page_Divisonal Store Login/input_txtpassword'

2018-06-09 17:15:11 - [TEST_STEP][PASSED] - delay: Delayed 3 second(s)

2018-06-09 17:15:14 - [MESSAGE][PASSED] - Delayed 3 second(s)

2018-06-09 17:15:14 - [TEST_STEP][PASSED] - click: Object: 'Object Repository/DispensaryToStore/Page_Divisonal Store Login/button_Sign in' is clicked on

2018-06-09 17:15:16 - [MESSAGE][PASSED] - Object: 'Object Repository/DispensaryToStore/Page_Divisonal Store Login/button_Sign in' is clicked on

2018-06-09 17:15:16 - [TEST_STEP][PASSED] - delay: Delayed 3 second(s)

2018-06-09 17:15:19 - [MESSAGE][PASSED] - Delayed 3 second(s)

2018-06-09 17:15:19 - [TEST_STEP][PASSED] - scrollToPosition: Browser is scrolled to position x = 100, y = 100

2018-06-09 17:15:19 - [MESSAGE][PASSED] - Browser is scrolled to position x = 100, y = 100

2018-06-09 17:15:19 - [TEST_STEP][PASSED] - click: Object: 'Object Repository/DispensaryToStore/Page_Store/a_Dispensary Request' is clicked on

2018-06-09 17:15:19 - [MESSAGE][PASSED] - Object: 'Object Repository/DispensaryToStore/Page_Store/a_Dispensary Request' is clicked on

2018-06-09 17:15:19 - [TEST_STEP][PASSED] - delay: Delayed 2 second(s)

2018-06-09 17:15:21 - [MESSAGE][PASSED] - Delayed 2 second(s)

2018-06-09 17:15:21 - [TEST_STEP][PASSED] - click: Object: 'Object Repository/DispensaryToStore/Page_Store/a_Request Item Dispensary' is clicked on

2018-06-09 17:15:22 - [MESSAGE][PASSED] - Object: 'Object Repository/DispensaryToStore/Page_Store/a_Request Item Dispensary' is clicked on

2018-06-09 17:15:22 - [TEST_STEP][PASSED] - Statement - ChooseRequest = com.kms.katalon.core.webui.keyword.WebUiBuiltInKeywords.modifyObjectProperty(com.kms.katalon.core.testobject.ObjectRepository.findTestObject(lab/Page_Store/input_1), "xpath", "equals", "//*[@id=" + RID + "]", true): Modify property of object successfully

2018-06-09 17:15:22 - [MESSAGE][PASSED] - Modify property of object successfully

2018-06-09 17:15:22 - [TEST_STEP][PASSED] - click: Object: 'Object Repository/lab/Page_Store/input_1' is clicked on

2018-06-09 17:15:23 - [MESSAGE][PASSED] - Object: 'Object Repository/lab/Page_Store/input_1' is clicked on

2018-06-09 17:15:23 - [TEST_STEP][PASSED] - Statement - selectedoptions = com.kms.katalon.core.webui.keyword.WebUiBuiltInKeywords.getNumberOfTotalOption(com.kms.katalon.core.testobject.ObjectRepository.findTestObject(DispensaryToStore/Page_Store/select_--Select--Adernaline 0.)): 19 options of object 'Object Repository/DispensaryToStore/Page_Store/select_--Select--Adernaline 0.' counted

2018-06-09 17:15:23 - [MESSAGE][PASSED] - 19 options of object 'Object Repository/DispensaryToStore/Page_Store/select_--Select--Adernaline 0.' counted

2018-06-09 17:15:23 - [TEST_STEP][PASSED] - Statement - For ([a = 1, a <= selectedoptions - 1, (a++)]): null

2018-06-09 17:15:23 - [TEST_STEP][PASSED] - selectOptionByIndex: All options with index in [1] are selected on object 'Object Repository/DispensaryToStore/Page_Store/select_--Select--Adernaline 0.'

2018-06-09 17:15:24 - [MESSAGE][PASSED] - All options with index in [1] are selected on object 'Object Repository/DispensaryToStore/Page_Store/select_--Select--Adernaline 0.'

2018-06-09 17:15:24 - [TEST_STEP][PASSED] - delay: Delayed 2 second(s)

2018-06-09 17:15:26 - [MESSAGE][PASSED] - Delayed 2 second(s)

2018-06-09 17:15:26 - [TEST_STEP][PASSED] - Statement - RequestedQty = com.kms.katalon.core.webui.keyword.WebUiBuiltInKeywords.getAttribute(com.kms.katalon.core.testobject.ObjectRepository.findTestObject(DispensaryToStore/Page_Store/input_txttotal), "value"): Attribute 'value' of object 'Object Repository/DispensaryToStore/Page_Store/input_txttotal' is: '10'

2018-06-09 17:15:26 - [MESSAGE][PASSED] - Attribute 'value' of object 'Object Repository/DispensaryToStore/Page_Store/input_txttotal' is: '10'

2018-06-09 17:15:26 - [TEST_STEP][PASSED] - Statement - out.println("Requested QTY : " + RequestedQty): null

2018-06-09 17:15:26 - [TEST_STEP][PASSED] - Statement - BatchNumber = com.kms.katalon.core.webui.keyword.WebUiBuiltInKeywords.getNumberOfTotalOption(com.kms.katalon.core.testobject.ObjectRepository.findTestObject(DispensaryToStore/Page_Store/select_--Select--BA1170BA2376B)): 3 options of object 'Object Repository/DispensaryToStore/Page_Store/select_--Select--BA1170BA2376B' counted

2018-06-09 17:15:26 - [MESSAGE][PASSED] - 3 options of object 'Object Repository/DispensaryToStore/Page_Store/select_--Select--BA1170BA2376B' counted

2018-06-09 17:15:26 - [TEST_STEP][PASSED] - Statement - For ([g = 1, g <= BatchNumber - 1, (g++)]): null

2018-06-09 17:15:26 - [TEST_STEP][PASSED] - selectOptionByIndex: All options with index in [1] are selected on object 'Object Repository/DispensaryToStore/Page_Store/select_--Select--BA1170BA2376B'

2018-06-09 17:15:26 - [MESSAGE][PASSED] - All options with index in [1] are selected on object 'Object Repository/DispensaryToStore/Page_Store/select_--Select--BA1170BA2376B'

2018-06-09 17:15:26 - [TEST_STEP][PASSED] - Statement - Try: null

2018-06-09 17:15:26 - [TEST_STEP][PASSED] - Statement - StockQty = com.kms.katalon.core.webui.keyword.WebUiBuiltInKeywords.getAttribute(com.kms.katalon.core.testobject.ObjectRepository.findTestObject(DispensaryToStore/Page_Store/input_txtprice), "value"): Attribute 'value' of object 'Object Repository/DispensaryToStore/Page_Store/input_txtprice' is: '410'

2018-06-09 17:15:26 - [MESSAGE][PASSED] - Attribute 'value' of object 'Object Repository/DispensaryToStore/Page_Store/input_txtprice' is: '410'

2018-06-09 17:15:26 - [TEST_STEP][PASSED] - Statement - out.println("Stock QTY : " + StockQty): null

2018-06-09 17:15:26 - [TEST_STEP][PASSED] - delay: Delayed 2 second(s)

2018-06-09 17:15:28 - [MESSAGE][PASSED] - Delayed 2 second(s)

2018-06-09 17:15:28 - [TEST_STEP][PASSED] - Statement - If (java.lang.String.valueOf(StockQty) >= java.lang.String.valueOf(RequestedQty)): null

2018-06-09 17:15:28 - [TEST_STEP][PASSED] - setText: Text '10' is set on object 'Object Repository/DispensaryToStore/Page_Store/input_txtqty'

2018-06-09 17:15:28 - [MESSAGE][PASSED] - Text '10' is set on object 'Object Repository/DispensaryToStore/Page_Store/input_txtqty'

2018-06-09 17:15:28 - [TEST_STEP][PASSED] - click: Object: 'Object Repository/DispensaryToStore/Page_Store/button_Add' is clicked on

2018-06-09 17:15:28 - [MESSAGE][PASSED] - Object: 'Object Repository/DispensaryToStore/Page_Store/button_Add' is clicked on

2018-06-09 17:15:28 - [TEST_STEP][PASSED] - Statement - Break: null

2018-06-09 17:15:28 - [TEST_STEP][PASSED] - selectOptionByIndex: All options with index in [2] are selected on object 'Object Repository/DispensaryToStore/Page_Store/select_--Select--Adernaline 0.'

2018-06-09 17:15:28 - [MESSAGE][PASSED] - All options with index in [2] are selected on object 'Object Repository/DispensaryToStore/Page_Store/select_--Select--Adernaline 0.'

2018-06-09 17:15:28 - [TEST_STEP][PASSED] - delay: Delayed 2 second(s)

2018-06-09 17:15:30 - [MESSAGE][PASSED] - Delayed 2 second(s)

2018-06-09 17:15:30 - [TEST_STEP][PASSED] - Statement - RequestedQty = com.kms.katalon.core.webui.keyword.WebUiBuiltInKeywords.getAttribute(com.kms.katalon.core.testobject.ObjectRepository.findTestObject(DispensaryToStore/Page_Store/input_txttotal), "value"): Attribute 'value' of object 'Object Repository/DispensaryToStore/Page_Store/input_txttotal' is: '10'

2018-06-09 17:15:30 - [MESSAGE][PASSED] - Attribute 'value' of object 'Object Repository/DispensaryToStore/Page_Store/input_txttotal' is: '10'

2018-06-09 17:15:30 - [TEST_STEP][PASSED] - Statement - out.println("Requested QTY : " + RequestedQty): null

2018-06-09 17:15:30 - [TEST_STEP][PASSED] - Statement - BatchNumber = com.kms.katalon.core.webui.keyword.WebUiBuiltInKeywords.getNumberOfTotalOption(com.kms.katalon.core.testobject.ObjectRepository.findTestObject(DispensaryToStore/Page_Store/select_--Select--BA1170BA2376B)): 4 options of object 'Object Repository/DispensaryToStore/Page_Store/select_--Select--BA1170BA2376B' counted

2018-06-09 17:15:30 - [MESSAGE][PASSED] - 4 options of object 'Object Repository/DispensaryToStore/Page_Store/select_--Select--BA1170BA2376B' counted

2018-06-09 17:15:30 - [TEST_STEP][PASSED] - Statement - For ([g = 1, g <= BatchNumber - 1, (g++)]): null

2018-06-09 17:15:30 - [TEST_STEP][PASSED] - selectOptionByIndex: All options with index in [1] are selected on object 'Object Repository/DispensaryToStore/Page_Store/select_--Select--BA1170BA2376B'

2018-06-09 17:15:30 - [MESSAGE][PASSED] - All options with index in [1] are selected on object 'Object Repository/DispensaryToStore/Page_Store/select_--Select--BA1170BA2376B'

2018-06-09 17:15:30 - [TEST_STEP][PASSED] - Statement - Try: null

2018-06-09 17:15:30 - [TEST_STEP][PASSED] - Statement - StockQty = com.kms.katalon.core.webui.keyword.WebUiBuiltInKeywords.getAttribute(com.kms.katalon.core.testobject.ObjectRepository.findTestObject(DispensaryToStore/Page_Store/input_txtprice), "value"): Attribute 'value' of object 'Object Repository/DispensaryToStore/Page_Store/input_txtprice' is: '310'

2018-06-09 17:15:31 - [MESSAGE][PASSED] - Attribute 'value' of object 'Object Repository/DispensaryToStore/Page_Store/input_txtprice' is: '310'

2018-06-09 17:15:31 - [TEST_STEP][PASSED] - Statement - out.println("Stock QTY : " + StockQty): null

2018-06-09 17:15:31 - [TEST_STEP][PASSED] - delay: Delayed 2 second(s)

2018-06-09 17:15:33 - [MESSAGE][PASSED] - Delayed 2 second(s)

2018-06-09 17:15:33 - [TEST_STEP][PASSED] - Statement - If (java.lang.String.valueOf(StockQty) >= java.lang.String.valueOf(RequestedQty)): null

2018-06-09 17:15:33 - [TEST_STEP][PASSED] - setText: Text '10' is set on object 'Object Repository/DispensaryToStore/Page_Store/input_txtqty'

2018-06-09 17:15:33 - [MESSAGE][PASSED] - Text '10' is set on object 'Object Repository/DispensaryToStore/Page_Store/input_txtqty'

2018-06-09 17:15:33 - [TEST_STEP][PASSED] - click: Object: 'Object Repository/DispensaryToStore/Page_Store/button_Add' is clicked on

2018-06-09 17:15:33 - [MESSAGE][PASSED] - Object: 'Object Repository/DispensaryToStore/Page_Store/button_Add' is clicked on

2018-06-09 17:15:33 - [TEST_STEP][PASSED] - Statement - Break: null

2018-06-09 17:15:33 - [TEST_STEP][PASSED] - selectOptionByIndex: All options with index in [3] are selected on object 'Object Repository/DispensaryToStore/Page_Store/select_--Select--Adernaline 0.'

2018-06-09 17:15:33 - [MESSAGE][PASSED] - All options with index in [3] are selected on object 'Object Repository/DispensaryToStore/Page_Store/select_--Select--Adernaline 0.'

2018-06-09 17:15:33 - [TEST_STEP][PASSED] - delay: Delayed 2 second(s)

2018-06-09 17:15:35 - [MESSAGE][PASSED] - Delayed 2 second(s)

2018-06-09 17:15:35 - [TEST_STEP][PASSED] - Statement - RequestedQty = com.kms.katalon.core.webui.keyword.WebUiBuiltInKeywords.getAttribute(com.kms.katalon.core.testobject.ObjectRepository.findTestObject(DispensaryToStore/Page_Store/input_txttotal), "value"): Attribute 'value' of object 'Object Repository/DispensaryToStore/Page_Store/input_txttotal' is: '10'

2018-06-09 17:15:35 - [MESSAGE][PASSED] - Attribute 'value' of object 'Object Repository/DispensaryToStore/Page_Store/input_txttotal' is: '10'

2018-06-09 17:15:35 - [TEST_STEP][PASSED] - Statement - out.println("Requested QTY : " + RequestedQty): null

2018-06-09 17:15:35 - [TEST_STEP][PASSED] - Statement - BatchNumber = com.kms.katalon.core.webui.keyword.WebUiBuiltInKeywords.getNumberOfTotalOption(com.kms.katalon.core.testobject.ObjectRepository.findTestObject(DispensaryToStore/Page_Store/select_--Select--BA1170BA2376B)): 5 options of object 'Object Repository/DispensaryToStore/Page_Store/select_--Select--BA1170BA2376B' counted

2018-06-09 17:15:35 - [MESSAGE][PASSED] - 5 options of object 'Object Repository/DispensaryToStore/Page_Store/select_--Select--BA1170BA2376B' counted

2018-06-09 17:15:35 - [TEST_STEP][PASSED] - Statement - For ([g = 1, g <= BatchNumber - 1, (g++)]): null

2018-06-09 17:15:35 - [TEST_STEP][PASSED] - selectOptionByIndex: All options with index in [1] are selected on object 'Object Repository/DispensaryToStore/Page_Store/select_--Select--BA1170BA2376B'

2018-06-09 17:15:35 - [MESSAGE][PASSED] - All options with index in [1] are selected on object 'Object Repository/DispensaryToStore/Page_Store/select_--Select--BA1170BA2376B'

2018-06-09 17:15:35 - [TEST_STEP][PASSED] - Statement - Try: null

2018-06-09 17:15:35 - [TEST_STEP][PASSED] - Statement - StockQty = com.kms.katalon.core.webui.keyword.WebUiBuiltInKeywords.getAttribute(com.kms.katalon.core.testobject.ObjectRepository.findTestObject(DispensaryToStore/Page_Store/input_txtprice), "value"): Attribute 'value' of object 'Object Repository/DispensaryToStore/Page_Store/input_txtprice' is: '220'

2018-06-09 17:15:35 - [MESSAGE][PASSED] - Attribute 'value' of object 'Object Repository/DispensaryToStore/Page_Store/input_txtprice' is: '220'

2018-06-09 17:15:35 - [TEST_STEP][PASSED] - Statement - out.println("Stock QTY : " + StockQty): null

2018-06-09 17:15:35 - [TEST_STEP][PASSED] - delay: Delayed 2 second(s)

2018-06-09 17:15:37 - [MESSAGE][PASSED] - Delayed 2 second(s)

2018-06-09 17:15:37 - [TEST_STEP][PASSED] - Statement - If (java.lang.String.valueOf(StockQty) >= java.lang.String.valueOf(RequestedQty)): null

2018-06-09 17:15:37 - [TEST_STEP][PASSED] - setText: Text '10' is set on object 'Object Repository/DispensaryToStore/Page_Store/input_txtqty'

2018-06-09 17:15:37 - [MESSAGE][PASSED] - Text '10' is set on object 'Object Repository/DispensaryToStore/Page_Store/input_txtqty'

2018-06-09 17:15:37 - [TEST_STEP][PASSED] - click: Object: 'Object Repository/DispensaryToStore/Page_Store/button_Add' is clicked on

2018-06-09 17:15:37 - [MESSAGE][PASSED] - Object: 'Object Repository/DispensaryToStore/Page_Store/button_Add' is clicked on

2018-06-09 17:15:37 - [TEST_STEP][PASSED] - Statement - Break: null

2018-06-09 17:15:37 - [TEST_STEP][PASSED] - selectOptionByIndex: All options with index in [4] are selected on object 'Object Repository/DispensaryToStore/Page_Store/select_--Select--Adernaline 0.'

2018-06-09 17:15:38 - [MESSAGE][PASSED] - All options with index in [4] are selected on object 'Object Repository/DispensaryToStore/Page_Store/select_--Select--Adernaline 0.'

2018-06-09 17:15:38 - [TEST_STEP][PASSED] - delay: Delayed 2 second(s)

2018-06-09 17:15:40 - [MESSAGE][PASSED] - Delayed 2 second(s)

2018-06-09 17:15:40 - [TEST_STEP][PASSED] - Statement - RequestedQty = com.kms.katalon.core.webui.keyword.WebUiBuiltInKeywords.getAttribute(com.kms.katalon.core.testobject.ObjectRepository.findTestObject(DispensaryToStore/Page_Store/input_txttotal), "value"): Attribute 'value' of object 'Object Repository/DispensaryToStore/Page_Store/input_txttotal' is: '10'

2018-06-09 17:15:40 - [MESSAGE][PASSED] - Attribute 'value' of object 'Object Repository/DispensaryToStore/Page_Store/input_txttotal' is: '10'

2018-06-09 17:15:40 - [TEST_STEP][PASSED] - Statement - out.println("Requested QTY : " + RequestedQty): null

2018-06-09 17:15:40 - [TEST_STEP][PASSED] - Statement - BatchNumber = com.kms.katalon.core.webui.keyword.WebUiBuiltInKeywords.getNumberOfTotalOption(com.kms.katalon.core.testobject.ObjectRepository.findTestObject(DispensaryToStore/Page_Store/select_--Select--BA1170BA2376B)): 3 options of object 'Object Repository/DispensaryToStore/Page_Store/select_--Select--BA1170BA2376B' counted

2018-06-09 17:15:40 - [MESSAGE][PASSED] - 3 options of object 'Object Repository/DispensaryToStore/Page_Store/select_--Select--BA1170BA2376B' counted

2018-06-09 17:15:40 - [TEST_STEP][PASSED] - Statement - For ([g = 1, g <= BatchNumber - 1, (g++)]): null

2018-06-09 17:15:40 - [TEST_STEP][PASSED] - selectOptionByIndex: All options with index in [1] are selected on object 'Object Repository/DispensaryToStore/Page_Store/select_--Select--BA1170BA2376B'

2018-06-09 17:15:40 - [MESSAGE][PASSED] - All options with index in [1] are selected on object 'Object Repository/DispensaryToStore/Page_Store/select_--Select--BA1170BA2376B'

2018-06-09 17:15:40 - [TEST_STEP][PASSED] - Statement - Try: null

2018-06-09 17:15:40 - [TEST_STEP][PASSED] - Statement - StockQty = com.kms.katalon.core.webui.keyword.WebUiBuiltInKeywords.getAttribute(com.kms.katalon.core.testobject.ObjectRepository.findTestObject(DispensaryToStore/Page_Store/input_txtprice), "value"): Attribute 'value' of object 'Object Repository/DispensaryToStore/Page_Store/input_txtprice' is: '410'

2018-06-09 17:15:40 - [MESSAGE][PASSED] - Attribute 'value' of object 'Object Repository/DispensaryToStore/Page_Store/input_txtprice' is: '410'

2018-06-09 17:15:40 - [TEST_STEP][PASSED] - Statement - out.println("Stock QTY : " + StockQty): null

2018-06-09 17:15:40 - [TEST_STEP][PASSED] - delay: Delayed 2 second(s)

2018-06-09 17:15:42 - [MESSAGE][PASSED] - Delayed 2 second(s)

2018-06-09 17:15:42 - [TEST_STEP][PASSED] - Statement - If (java.lang.String.valueOf(StockQty) >= java.lang.String.valueOf(RequestedQty)): null

2018-06-09 17:15:42 - [TEST_STEP][PASSED] - setText: Text '10' is set on object 'Object Repository/DispensaryToStore/Page_Store/input_txtqty'

2018-06-09 17:15:42 - [MESSAGE][PASSED] - Text '10' is set on object 'Object Repository/DispensaryToStore/Page_Store/input_txtqty'

2018-06-09 17:15:42 - [TEST_STEP][PASSED] - click: Object: 'Object Repository/DispensaryToStore/Page_Store/button_Add' is clicked on

2018-06-09 17:15:42 - [MESSAGE][PASSED] - Object: 'Object Repository/DispensaryToStore/Page_Store/button_Add' is clicked on

2018-06-09 17:15:42 - [TEST_STEP][PASSED] - Statement - Break: null

2018-06-09 17:15:42 - [TEST_STEP][PASSED] - selectOptionByIndex: All options with index in [5] are selected on object 'Object Repository/DispensaryToStore/Page_Store/select_--Select--Adernaline 0.'

2018-06-09 17:15:42 - [MESSAGE][PASSED] - All options with index in [5] are selected on object 'Object Repository/DispensaryToStore/Page_Store/select_--Select--Adernaline 0.'

2018-06-09 17:15:42 - [TEST_STEP][PASSED] - delay: Delayed 2 second(s)

2018-06-09 17:15:44 - [MESSAGE][PASSED] - Delayed 2 second(s)

2018-06-09 17:15:44 - [TEST_STEP][PASSED] - Statement - RequestedQty = com.kms.katalon.core.webui.keyword.WebUiBuiltInKeywords.getAttribute(com.kms.katalon.core.testobject.ObjectRepository.findTestObject(DispensaryToStore/Page_Store/input_txttotal), "value"): Attribute 'value' of object 'Object Repository/DispensaryToStore/Page_Store/input_txttotal' is: '10'

2018-06-09 17:15:44 - [MESSAGE][PASSED] - Attribute 'value' of object 'Object Repository/DispensaryToStore/Page_Store/input_txttotal' is: '10'

2018-06-09 17:15:44 - [TEST_STEP][PASSED] - Statement - out.println("Requested QTY : " + RequestedQty): null

2018-06-09 17:15:44 - [TEST_STEP][PASSED] - Statement - BatchNumber = com.kms.katalon.core.webui.keyword.WebUiBuiltInKeywords.getNumberOfTotalOption(com.kms.katalon.core.testobject.ObjectRepository.findTestObject(DispensaryToStore/Page_Store/select_--Select--BA1170BA2376B)): 4 options of object 'Object Repository/DispensaryToStore/Page_Store/select_--Select--BA1170BA2376B' counted

2018-06-09 17:15:44 - [MESSAGE][PASSED] - 4 options of object 'Object Repository/DispensaryToStore/Page_Store/select_--Select--BA1170BA2376B' counted

2018-06-09 17:15:44 - [TEST_STEP][PASSED] - Statement - For ([g = 1, g <= BatchNumber - 1, (g++)]): null

2018-06-09 17:15:44 - [TEST_STEP][PASSED] - selectOptionByIndex: All options with index in [1] are selected on object 'Object Repository/DispensaryToStore/Page_Store/select_--Select--BA1170BA2376B'

2018-06-09 17:15:44 - [MESSAGE][PASSED] - All options with index in [1] are selected on object 'Object Repository/DispensaryToStore/Page_Store/select_--Select--BA1170BA2376B'

2018-06-09 17:15:44 - [TEST_STEP][PASSED] - Statement - Try: null

2018-06-09 17:15:44 - [TEST_STEP][PASSED] - Statement - StockQty = com.kms.katalon.core.webui.keyword.WebUiBuiltInKeywords.getAttribute(com.kms.katalon.core.testobject.ObjectRepository.findTestObject(DispensaryToStore/Page_Store/input_txtprice), "value"): Attribute 'value' of object 'Object Repository/DispensaryToStore/Page_Store/input_txtprice' is: '220'

2018-06-09 17:15:44 - [MESSAGE][PASSED] - Attribute 'value' of object 'Object Repository/DispensaryToStore/Page_Store/input_txtprice' is: '220'

2018-06-09 17:15:44 - [TEST_STEP][PASSED] - Statement - out.println("Stock QTY : " + StockQty): null

2018-06-09 17:15:44 - [TEST_STEP][PASSED] - delay: Delayed 2 second(s)

2018-06-09 17:15:46 - [MESSAGE][PASSED] - Delayed 2 second(s)

2018-06-09 17:15:46 - [TEST_STEP][PASSED] - Statement - If (java.lang.String.valueOf(StockQty) >= java.lang.String.valueOf(RequestedQty)): null

2018-06-09 17:15:46 - [TEST_STEP][PASSED] - setText: Text '10' is set on object 'Object Repository/DispensaryToStore/Page_Store/input_txtqty'

2018-06-09 17:15:46 - [MESSAGE][PASSED] - Text '10' is set on object 'Object Repository/DispensaryToStore/Page_Store/input_txtqty'

2018-06-09 17:15:46 - [TEST_STEP][PASSED] - click: Object: 'Object Repository/DispensaryToStore/Page_Store/button_Add' is clicked on

2018-06-09 17:15:46 - [MESSAGE][PASSED] - Object: 'Object Repository/DispensaryToStore/Page_Store/button_Add' is clicked on

2018-06-09 17:15:46 - [TEST_STEP][PASSED] - Statement - Break: null

2018-06-09 17:15:46 - [TEST_STEP][PASSED] - selectOptionByIndex: All options with index in [6] are selected on object 'Object Repository/DispensaryToStore/Page_Store/select_--Select--Adernaline 0.'

2018-06-09 17:15:47 - [MESSAGE][PASSED] - All options with index in [6] are selected on object 'Object Repository/DispensaryToStore/Page_Store/select_--Select--Adernaline 0.'

2018-06-09 17:15:47 - [TEST_STEP][PASSED] - delay: Delayed 2 second(s)

2018-06-09 17:15:49 - [MESSAGE][PASSED] - Delayed 2 second(s)

2018-06-09 17:15:49 - [TEST_STEP][PASSED] - Statement - RequestedQty = com.kms.katalon.core.webui.keyword.WebUiBuiltInKeywords.getAttribute(com.kms.katalon.core.testobject.ObjectRepository.findTestObject(DispensaryToStore/Page_Store/input_txttotal), "value"): Attribute 'value' of object 'Object Repository/DispensaryToStore/Page_Store/input_txttotal' is: '10'

2018-06-09 17:15:49 - [MESSAGE][PASSED] - Attribute 'value' of object 'Object Repository/DispensaryToStore/Page_Store/input_txttotal' is: '10'

2018-06-09 17:15:49 - [TEST_STEP][PASSED] - Statement - out.println("Requested QTY : " + RequestedQty): null

2018-06-09 17:15:49 - [TEST_STEP][PASSED] - Statement - BatchNumber = com.kms.katalon.core.webui.keyword.WebUiBuiltInKeywords.getNumberOfTotalOption(com.kms.katalon.core.testobject.ObjectRepository.findTestObject(DispensaryToStore/Page_Store/select_--Select--BA1170BA2376B)): 3 options of object 'Object Repository/DispensaryToStore/Page_Store/select_--Select--BA1170BA2376B' counted

2018-06-09 17:15:49 - [MESSAGE][PASSED] - 3 options of object 'Object Repository/DispensaryToStore/Page_Store/select_--Select--BA1170BA2376B' counted

2018-06-09 17:15:49 - [TEST_STEP][PASSED] - Statement - For ([g = 1, g <= BatchNumber - 1, (g++)]): null

2018-06-09 17:15:49 - [TEST_STEP][PASSED] - selectOptionByIndex: All options with index in [1] are selected on object 'Object Repository/DispensaryToStore/Page_Store/select_--Select--BA1170BA2376B'

2018-06-09 17:15:49 - [MESSAGE][PASSED] - All options with index in [1] are selected on object 'Object Repository/DispensaryToStore/Page_Store/select_--Select--BA1170BA2376B'

2018-06-09 17:15:49 - [TEST_STEP][PASSED] - Statement - Try: null

2018-06-09 17:15:49 - [TEST_STEP][PASSED] - Statement - StockQty = com.kms.katalon.core.webui.keyword.WebUiBuiltInKeywords.getAttribute(com.kms.katalon.core.testobject.ObjectRepository.findTestObject(DispensaryToStore/Page_Store/input_txtprice), "value"): Attribute 'value' of object 'Object Repository/DispensaryToStore/Page_Store/input_txtprice' is: '1185'

2018-06-09 17:15:49 - [MESSAGE][PASSED] - Attribute 'value' of object 'Object Repository/DispensaryToStore/Page_Store/input_txtprice' is: '1185'

2018-06-09 17:15:49 - [TEST_STEP][PASSED] - Statement - out.println("Stock QTY : " + StockQty): null

2018-06-09 17:15:49 - [TEST_STEP][PASSED] - delay: Delayed 2 second(s)

2018-06-09 17:15:51 - [MESSAGE][PASSED] - Delayed 2 second(s)

2018-06-09 17:15:51 - [TEST_STEP][PASSED] - Statement - If (java.lang.String.valueOf(StockQty) >= java.lang.String.valueOf(RequestedQty)): null

2018-06-09 17:15:51 - [TEST_STEP][PASSED] - setText: Text '10' is set on object 'Object Repository/DispensaryToStore/Page_Store/input_txtqty'

2018-06-09 17:15:51 - [MESSAGE][PASSED] - Text '10' is set on object 'Object Repository/DispensaryToStore/Page_Store/input_txtqty'

2018-06-09 17:15:51 - [TEST_STEP][PASSED] - click: Object: 'Object Repository/DispensaryToStore/Page_Store/button_Add' is clicked on

2018-06-09 17:15:51 - [MESSAGE][PASSED] - Object: 'Object Repository/DispensaryToStore/Page_Store/button_Add' is clicked on

2018-06-09 17:15:51 - [TEST_STEP][PASSED] - Statement - Break: null

2018-06-09 17:15:51 - [TEST_STEP][PASSED] - selectOptionByIndex: All options with index in [7] are selected on object 'Object Repository/DispensaryToStore/Page_Store/select_--Select--Adernaline 0.'

2018-06-09 17:15:51 - [MESSAGE][PASSED] - All options with index in [7] are selected on object 'Object Repository/DispensaryToStore/Page_Store/select_--Select--Adernaline 0.'

2018-06-09 17:15:51 - [TEST_STEP][PASSED] - delay: Delayed 2 second(s)

2018-06-09 17:15:53 - [MESSAGE][PASSED] - Delayed 2 second(s)

2018-06-09 17:15:53 - [TEST_STEP][PASSED] - Statement - RequestedQty = com.kms.katalon.core.webui.keyword.WebUiBuiltInKeywords.getAttribute(com.kms.katalon.core.testobject.ObjectRepository.findTestObject(DispensaryToStore/Page_Store/input_txttotal), "value"): Attribute 'value' of object 'Object Repository/DispensaryToStore/Page_Store/input_txttotal' is: '10'

2018-06-09 17:15:53 - [MESSAGE][PASSED] - Attribute 'value' of object 'Object Repository/DispensaryToStore/Page_Store/input_txttotal' is: '10'

2018-06-09 17:15:53 - [TEST_STEP][PASSED] - Statement - out.println("Requested QTY : " + RequestedQty): null

2018-06-09 17:15:53 - [TEST_STEP][PASSED] - Statement - BatchNumber = com.kms.katalon.core.webui.keyword.WebUiBuiltInKeywords.getNumberOfTotalOption(com.kms.katalon.core.testobject.ObjectRepository.findTestObject(DispensaryToStore/Page_Store/select_--Select--BA1170BA2376B)): 3 options of object 'Object Repository/DispensaryToStore/Page_Store/select_--Select--BA1170BA2376B' counted

2018-06-09 17:15:53 - [MESSAGE][PASSED] - 3 options of object 'Object Repository/DispensaryToStore/Page_Store/select_--Select--BA1170BA2376B' counted

2018-06-09 17:15:53 - [TEST_STEP][PASSED] - Statement - For ([g = 1, g <= BatchNumber - 1, (g++)]): null

2018-06-09 17:15:53 - [TEST_STEP][PASSED] - selectOptionByIndex: All options with index in [1] are selected on object 'Object Repository/DispensaryToStore/Page_Store/select_--Select--BA1170BA2376B'

2018-06-09 17:15:54 - [MESSAGE][PASSED] - All options with index in [1] are selected on object 'Object Repository/DispensaryToStore/Page_Store/select_--Select--BA1170BA2376B'

2018-06-09 17:15:54 - [TEST_STEP][PASSED] - Statement - Try: null

2018-06-09 17:15:54 - [TEST_STEP][PASSED] - Statement - StockQty = com.kms.katalon.core.webui.keyword.WebUiBuiltInKeywords.getAttribute(com.kms.katalon.core.testobject.ObjectRepository.findTestObject(DispensaryToStore/Page_Store/input_txtprice), "value"): Attribute 'value' of object 'Object Repository/DispensaryToStore/Page_Store/input_txtprice' is: '316'

2018-06-09 17:15:54 - [MESSAGE][PASSED] - Attribute 'value' of object 'Object Repository/DispensaryToStore/Page_Store/input_txtprice' is: '316'

2018-06-09 17:15:54 - [TEST_STEP][PASSED] - Statement - out.println("Stock QTY : " + StockQty): null

2018-06-09 17:15:54 - [TEST_STEP][PASSED] - delay: Delayed 2 second(s)

2018-06-09 17:15:56 - [MESSAGE][PASSED] - Delayed 2 second(s)

2018-06-09 17:15:56 - [TEST_STEP][PASSED] - Statement - If (java.lang.String.valueOf(StockQty) >= java.lang.String.valueOf(RequestedQty)): null

2018-06-09 17:15:56 - [TEST_STEP][PASSED] - setText: Text '10' is set on object 'Object Repository/DispensaryToStore/Page_Store/input_txtqty'

2018-06-09 17:15:56 - [MESSAGE][PASSED] - Text '10' is set on object 'Object Repository/DispensaryToStore/Page_Store/input_txtqty'

2018-06-09 17:15:56 - [TEST_STEP][PASSED] - click: Object: 'Object Repository/DispensaryToStore/Page_Store/button_Add' is clicked on

2018-06-09 17:15:56 - [MESSAGE][PASSED] - Object: 'Object Repository/DispensaryToStore/Page_Store/button_Add' is clicked on

2018-06-09 17:15:56 - [TEST_STEP][PASSED] - Statement - Break: null

2018-06-09 17:15:56 - [TEST_STEP][PASSED] - selectOptionByIndex: All options with index in [8] are selected on object 'Object Repository/DispensaryToStore/Page_Store/select_--Select--Adernaline 0.'

2018-06-09 17:15:56 - [MESSAGE][PASSED] - All options with index in [8] are selected on object 'Object Repository/DispensaryToStore/Page_Store/select_--Select--Adernaline 0.'

2018-06-09 17:15:56 - [TEST_STEP][PASSED] - delay: Delayed 2 second(s)

2018-06-09 17:15:58 - [MESSAGE][PASSED] - Delayed 2 second(s)

2018-06-09 17:15:58 - [TEST_STEP][PASSED] - Statement - RequestedQty = com.kms.katalon.core.webui.keyword.WebUiBuiltInKeywords.getAttribute(com.kms.katalon.core.testobject.ObjectRepository.findTestObject(DispensaryToStore/Page_Store/input_txttotal), "value"): Attribute 'value' of object 'Object Repository/DispensaryToStore/Page_Store/input_txttotal' is: '10'

2018-06-09 17:15:58 - [MESSAGE][PASSED] - Attribute 'value' of object 'Object Repository/DispensaryToStore/Page_Store/input_txttotal' is: '10'

2018-06-09 17:15:58 - [TEST_STEP][PASSED] - Statement - out.println("Requested QTY : " + RequestedQty): null

2018-06-09 17:15:58 - [TEST_STEP][PASSED] - Statement - BatchNumber = com.kms.katalon.core.webui.keyword.WebUiBuiltInKeywords.getNumberOfTotalOption(com.kms.katalon.core.testobject.ObjectRepository.findTestObject(DispensaryToStore/Page_Store/select_--Select--BA1170BA2376B)): 3 options of object 'Object Repository/DispensaryToStore/Page_Store/select_--Select--BA1170BA2376B' counted

2018-06-09 17:15:58 - [MESSAGE][PASSED] - 3 options of object 'Object Repository/DispensaryToStore/Page_Store/select_--Select--BA1170BA2376B' counted

2018-06-09 17:15:58 - [TEST_STEP][PASSED] - Statement - For ([g = 1, g <= BatchNumber - 1, (g++)]): null

2018-06-09 17:15:58 - [TEST_STEP][PASSED] - selectOptionByIndex: All options with index in [1] are selected on object 'Object Repository/DispensaryToStore/Page_Store/select_--Select--BA1170BA2376B'

2018-06-09 17:15:58 - [MESSAGE][PASSED] - All options with index in [1] are selected on object 'Object Repository/DispensaryToStore/Page_Store/select_--Select--BA1170BA2376B'

2018-06-09 17:15:58 - [TEST_STEP][PASSED] - Statement - Try: null

2018-06-09 17:15:58 - [TEST_STEP][PASSED] - Statement - StockQty = com.kms.katalon.core.webui.keyword.WebUiBuiltInKeywords.getAttribute(com.kms.katalon.core.testobject.ObjectRepository.findTestObject(DispensaryToStore/Page_Store/input_txtprice), "value"): Attribute 'value' of object 'Object Repository/DispensaryToStore/Page_Store/input_txtprice' is: '430'

2018-06-09 17:15:58 - [MESSAGE][PASSED] - Attribute 'value' of object 'Object Repository/DispensaryToStore/Page_Store/input_txtprice' is: '430'

2018-06-09 17:15:58 - [TEST_STEP][PASSED] - Statement - out.println("Stock QTY : " + StockQty): null

2018-06-09 17:15:58 - [TEST_STEP][PASSED] - delay: Delayed 2 second(s)

2018-06-09 17:16:00 - [MESSAGE][PASSED] - Delayed 2 second(s)

2018-06-09 17:16:00 - [TEST_STEP][PASSED] - Statement - If (java.lang.String.valueOf(StockQty) >= java.lang.String.valueOf(RequestedQty)): null

2018-06-09 17:16:00 - [TEST_STEP][PASSED] - setText: Text '10' is set on object 'Object Repository/DispensaryToStore/Page_Store/input_txtqty'

2018-06-09 17:16:00 - [MESSAGE][PASSED] - Text '10' is set on object 'Object Repository/DispensaryToStore/Page_Store/input_txtqty'

2018-06-09 17:16:00 - [TEST_STEP][PASSED] - click: Object: 'Object Repository/DispensaryToStore/Page_Store/button_Add' is clicked on

2018-06-09 17:16:00 - [MESSAGE][PASSED] - Object: 'Object Repository/DispensaryToStore/Page_Store/button_Add' is clicked on

2018-06-09 17:16:00 - [TEST_STEP][PASSED] - Statement - Break: null

2018-06-09 17:16:00 - [TEST_STEP][PASSED] - selectOptionByIndex: All options with index in [9] are selected on object 'Object Repository/DispensaryToStore/Page_Store/select_--Select--Adernaline 0.'

2018-06-09 17:16:01 - [MESSAGE][PASSED] - All options with index in [9] are selected on object 'Object Repository/DispensaryToStore/Page_Store/select_--Select--Adernaline 0.'

2018-06-09 17:16:01 - [TEST_STEP][PASSED] - delay: Delayed 2 second(s)

2018-06-09 17:16:03 - [MESSAGE][PASSED] - Delayed 2 second(s)

2018-06-09 17:16:03 - [TEST_STEP][PASSED] - Statement - RequestedQty = com.kms.katalon.core.webui.keyword.WebUiBuiltInKeywords.getAttribute(com.kms.katalon.core.testobject.ObjectRepository.findTestObject(DispensaryToStore/Page_Store/input_txttotal), "value"): Attribute 'value' of object 'Object Repository/DispensaryToStore/Page_Store/input_txttotal' is: '10'

2018-06-09 17:16:03 - [MESSAGE][PASSED] - Attribute 'value' of object 'Object Repository/DispensaryToStore/Page_Store/input_txttotal' is: '10'

2018-06-09 17:16:03 - [TEST_STEP][PASSED] - Statement - out.println("Requested QTY : " + RequestedQty): null

2018-06-09 17:16:03 - [TEST_STEP][PASSED] - Statement - BatchNumber = com.kms.katalon.core.webui.keyword.WebUiBuiltInKeywords.getNumberOfTotalOption(com.kms.katalon.core.testobject.ObjectRepository.findTestObject(DispensaryToStore/Page_Store/select_--Select--BA1170BA2376B)): 4 options of object 'Object Repository/DispensaryToStore/Page_Store/select_--Select--BA1170BA2376B' counted

2018-06-09 17:16:03 - [MESSAGE][PASSED] - 4 options of object 'Object Repository/DispensaryToStore/Page_Store/select_--Select--BA1170BA2376B' counted

2018-06-09 17:16:03 - [TEST_STEP][PASSED] - Statement - For ([g = 1, g <= BatchNumber - 1, (g++)]): null

2018-06-09 17:16:03 - [TEST_STEP][PASSED] - selectOptionByIndex: All options with index in [1] are selected on object 'Object Repository/DispensaryToStore/Page_Store/select_--Select--BA1170BA2376B'

2018-06-09 17:16:03 - [MESSAGE][PASSED] - All options with index in [1] are selected on object 'Object Repository/DispensaryToStore/Page_Store/select_--Select--BA1170BA2376B'

2018-06-09 17:16:03 - [TEST_STEP][PASSED] - Statement - Try: null

2018-06-09 17:16:03 - [TEST_STEP][PASSED] - Statement - StockQty = com.kms.katalon.core.webui.keyword.WebUiBuiltInKeywords.getAttribute(com.kms.katalon.core.testobject.ObjectRepository.findTestObject(DispensaryToStore/Page_Store/input_txtprice), "value"): Attribute 'value' of object 'Object Repository/DispensaryToStore/Page_Store/input_txtprice' is: '236'

2018-06-09 17:16:03 - [MESSAGE][PASSED] - Attribute 'value' of object 'Object Repository/DispensaryToStore/Page_Store/input_txtprice' is: '236'

2018-06-09 17:16:03 - [TEST_STEP][PASSED] - Statement - out.println("Stock QTY : " + StockQty): null

2018-06-09 17:16:03 - [TEST_STEP][PASSED] - delay: Delayed 2 second(s)

2018-06-09 17:16:05 - [MESSAGE][PASSED] - Delayed 2 second(s)

2018-06-09 17:16:05 - [TEST_STEP][PASSED] - Statement - If (java.lang.String.valueOf(StockQty) >= java.lang.String.valueOf(RequestedQty)): null

2018-06-09 17:16:05 - [TEST_STEP][PASSED] - setText: Text '10' is set on object 'Object Repository/DispensaryToStore/Page_Store/input_txtqty'

2018-06-09 17:16:05 - [MESSAGE][PASSED] - Text '10' is set on object 'Object Repository/DispensaryToStore/Page_Store/input_txtqty'

2018-06-09 17:16:05 - [TEST_STEP][PASSED] - click: Object: 'Object Repository/DispensaryToStore/Page_Store/button_Add' is clicked on

2018-06-09 17:16:05 - [MESSAGE][PASSED] - Object: 'Object Repository/DispensaryToStore/Page_Store/button_Add' is clicked on

2018-06-09 17:16:05 - [TEST_STEP][PASSED] - Statement - Break: null

2018-06-09 17:16:05 - [TEST_STEP][PASSED] - selectOptionByIndex: All options with index in [10] are selected on object 'Object Repository/DispensaryToStore/Page_Store/select_--Select--Adernaline 0.'

2018-06-09 17:16:05 - [MESSAGE][PASSED] - All options with index in [10] are selected on object 'Object Repository/DispensaryToStore/Page_Store/select_--Select--Adernaline 0.'

2018-06-09 17:16:05 - [TEST_STEP][PASSED] - delay: Delayed 2 second(s)

2018-06-09 17:16:07 - [MESSAGE][PASSED] - Delayed 2 second(s)

2018-06-09 17:16:07 - [TEST_STEP][PASSED] - Statement - RequestedQty = com.kms.katalon.core.webui.keyword.WebUiBuiltInKeywords.getAttribute(com.kms.katalon.core.testobject.ObjectRepository.findTestObject(DispensaryToStore/Page_Store/input_txttotal), "value"): Attribute 'value' of object 'Object Repository/DispensaryToStore/Page_Store/input_txttotal' is: '10'

2018-06-09 17:16:07 - [MESSAGE][PASSED] - Attribute 'value' of object 'Object Repository/DispensaryToStore/Page_Store/input_txttotal' is: '10'

2018-06-09 17:16:07 - [TEST_STEP][PASSED] - Statement - out.println("Requested QTY : " + RequestedQty): null

2018-06-09 17:16:07 - [TEST_STEP][PASSED] - Statement - BatchNumber = com.kms.katalon.core.webui.keyword.WebUiBuiltInKeywords.getNumberOfTotalOption(com.kms.katalon.core.testobject.ObjectRepository.findTestObject(DispensaryToStore/Page_Store/select_--Select--BA1170BA2376B)): 4 options of object 'Object Repository/DispensaryToStore/Page_Store/select_--Select--BA1170BA2376B' counted

2018-06-09 17:16:07 - [MESSAGE][PASSED] - 4 options of object 'Object Repository/DispensaryToStore/Page_Store/select_--Select--BA1170BA2376B' counted

2018-06-09 17:16:07 - [TEST_STEP][PASSED] - Statement - For ([g = 1, g <= BatchNumber - 1, (g++)]): null

2018-06-09 17:16:07 - [TEST_STEP][PASSED] - selectOptionByIndex: All options with index in [1] are selected on object 'Object Repository/DispensaryToStore/Page_Store/select_--Select--BA1170BA2376B'

2018-06-09 17:16:08 - [MESSAGE][PASSED] - All options with index in [1] are selected on object 'Object Repository/DispensaryToStore/Page_Store/select_--Select--BA1170BA2376B'

2018-06-09 17:16:08 - [TEST_STEP][PASSED] - Statement - Try: null

2018-06-09 17:16:08 - [TEST_STEP][PASSED] - Statement - StockQty = com.kms.katalon.core.webui.keyword.WebUiBuiltInKeywords.getAttribute(com.kms.katalon.core.testobject.ObjectRepository.findTestObject(DispensaryToStore/Page_Store/input_txtprice), "value"): Attribute 'value' of object 'Object Repository/DispensaryToStore/Page_Store/input_txtprice' is: '130'

2018-06-09 17:16:08 - [MESSAGE][PASSED] - Attribute 'value' of object 'Object Repository/DispensaryToStore/Page_Store/input_txtprice' is: '130'

2018-06-09 17:16:08 - [TEST_STEP][PASSED] - Statement - out.println("Stock QTY : " + StockQty): null

2018-06-09 17:16:08 - [TEST_STEP][PASSED] - delay: Delayed 2 second(s)

2018-06-09 17:16:10 - [MESSAGE][PASSED] - Delayed 2 second(s)

2018-06-09 17:16:10 - [TEST_STEP][PASSED] - Statement - If (java.lang.String.valueOf(StockQty) >= java.lang.String.valueOf(RequestedQty)): null

2018-06-09 17:16:10 - [TEST_STEP][PASSED] - setText: Text '10' is set on object 'Object Repository/DispensaryToStore/Page_Store/input_txtqty'

2018-06-09 17:16:10 - [MESSAGE][PASSED] - Text '10' is set on object 'Object Repository/DispensaryToStore/Page_Store/input_txtqty'

2018-06-09 17:16:10 - [TEST_STEP][PASSED] - click: Object: 'Object Repository/DispensaryToStore/Page_Store/button_Add' is clicked on

2018-06-09 17:16:10 - [MESSAGE][PASSED] - Object: 'Object Repository/DispensaryToStore/Page_Store/button_Add' is clicked on

2018-06-09 17:16:10 - [TEST_STEP][PASSED] - Statement - Break: null

2018-06-09 17:16:10 - [TEST_STEP][PASSED] - selectOptionByIndex: All options with index in [11] are selected on object 'Object Repository/DispensaryToStore/Page_Store/select_--Select--Adernaline 0.'

2018-06-09 17:16:10 - [MESSAGE][PASSED] - All options with index in [11] are selected on object 'Object Repository/DispensaryToStore/Page_Store/select_--Select--Adernaline 0.'

2018-06-09 17:16:10 - [TEST_STEP][PASSED] - delay: Delayed 2 second(s)

2018-06-09 17:16:12 - [MESSAGE][PASSED] - Delayed 2 second(s)

2018-06-09 17:16:12 - [TEST_STEP][PASSED] - Statement - RequestedQty = com.kms.katalon.core.webui.keyword.WebUiBuiltInKeywords.getAttribute(com.kms.katalon.core.testobject.ObjectRepository.findTestObject(DispensaryToStore/Page_Store/input_txttotal), "value"): Attribute 'value' of object 'Object Repository/DispensaryToStore/Page_Store/input_txttotal' is: '10'

2018-06-09 17:16:12 - [MESSAGE][PASSED] - Attribute 'value' of object 'Object Repository/DispensaryToStore/Page_Store/input_txttotal' is: '10'

2018-06-09 17:16:12 - [TEST_STEP][PASSED] - Statement - out.println("Requested QTY : " + RequestedQty): null

2018-06-09 17:16:12 - [TEST_STEP][PASSED] - Statement - BatchNumber = com.kms.katalon.core.webui.keyword.WebUiBuiltInKeywords.getNumberOfTotalOption(com.kms.katalon.core.testobject.ObjectRepository.findTestObject(DispensaryToStore/Page_Store/select_--Select--BA1170BA2376B)): 4 options of object 'Object Repository/DispensaryToStore/Page_Store/select_--Select--BA1170BA2376B' counted

2018-06-09 17:16:12 - [MESSAGE][PASSED] - 4 options of object 'Object Repository/DispensaryToStore/Page_Store/select_--Select--BA1170BA2376B' counted

2018-06-09 17:16:12 - [TEST_STEP][PASSED] - Statement - For ([g = 1, g <= BatchNumber - 1, (g++)]): null

2018-06-09 17:16:12 - [TEST_STEP][PASSED] - selectOptionByIndex: All options with index in [1] are selected on object 'Object Repository/DispensaryToStore/Page_Store/select_--Select--BA1170BA2376B'

2018-06-09 17:16:12 - [MESSAGE][PASSED] - All options with index in [1] are selected on object 'Object Repository/DispensaryToStore/Page_Store/select_--Select--BA1170BA2376B'

2018-06-09 17:16:12 - [TEST_STEP][PASSED] - Statement - Try: null

2018-06-09 17:16:12 - [TEST_STEP][PASSED] - Statement - StockQty = com.kms.katalon.core.webui.keyword.WebUiBuiltInKeywords.getAttribute(com.kms.katalon.core.testobject.ObjectRepository.findTestObject(DispensaryToStore/Page_Store/input_txtprice), "value"): Attribute 'value' of object 'Object Repository/DispensaryToStore/Page_Store/input_txtprice' is: '224'

2018-06-09 17:16:12 - [MESSAGE][PASSED] - Attribute 'value' of object 'Object Repository/DispensaryToStore/Page_Store/input_txtprice' is: '224'

2018-06-09 17:16:12 - [TEST_STEP][PASSED] - Statement - out.println("Stock QTY : " + StockQty): null

2018-06-09 17:16:12 - [TEST_STEP][PASSED] - delay: Delayed 2 second(s)

2018-06-09 17:16:14 - [MESSAGE][PASSED] - Delayed 2 second(s)

2018-06-09 17:16:14 - [TEST_STEP][PASSED] - Statement - If (java.lang.String.valueOf(StockQty) >= java.lang.String.valueOf(RequestedQty)): null

2018-06-09 17:16:14 - [TEST_STEP][PASSED] - setText: Text '10' is set on object 'Object Repository/DispensaryToStore/Page_Store/input_txtqty'

2018-06-09 17:16:14 - [MESSAGE][PASSED] - Text '10' is set on object 'Object Repository/DispensaryToStore/Page_Store/input_txtqty'

2018-06-09 17:16:14 - [TEST_STEP][PASSED] - click: Object: 'Object Repository/DispensaryToStore/Page_Store/button_Add' is clicked on

2018-06-09 17:16:14 - [MESSAGE][PASSED] - Object: 'Object Repository/DispensaryToStore/Page_Store/button_Add' is clicked on

2018-06-09 17:16:14 - [TEST_STEP][PASSED] - Statement - Break: null

2018-06-09 17:16:14 - [TEST_STEP][PASSED] - selectOptionByIndex: All options with index in [12] are selected on object 'Object Repository/DispensaryToStore/Page_Store/select_--Select--Adernaline 0.'

2018-06-09 17:16:15 - [MESSAGE][PASSED] - All options with index in [12] are selected on object 'Object Repository/DispensaryToStore/Page_Store/select_--Select--Adernaline 0.'

2018-06-09 17:16:15 - [TEST_STEP][PASSED] - delay: Delayed 2 second(s)

2018-06-09 17:16:17 - [MESSAGE][PASSED] - Delayed 2 second(s)

2018-06-09 17:16:17 - [TEST_STEP][PASSED] - Statement - RequestedQty = com.kms.katalon.core.webui.keyword.WebUiBuiltInKeywords.getAttribute(com.kms.katalon.core.testobject.ObjectRepository.findTestObject(DispensaryToStore/Page_Store/input_txttotal), "value"): Attribute 'value' of object 'Object Repository/DispensaryToStore/Page_Store/input_txttotal' is: '10'

2018-06-09 17:16:17 - [MESSAGE][PASSED] - Attribute 'value' of object 'Object Repository/DispensaryToStore/Page_Store/input_txttotal' is: '10'

2018-06-09 17:16:17 - [TEST_STEP][PASSED] - Statement - out.println("Requested QTY : " + RequestedQty): null

2018-06-09 17:16:17 - [TEST_STEP][PASSED] - Statement - BatchNumber = com.kms.katalon.core.webui.keyword.WebUiBuiltInKeywords.getNumberOfTotalOption(com.kms.katalon.core.testobject.ObjectRepository.findTestObject(DispensaryToStore/Page_Store/select_--Select--BA1170BA2376B)): 5 options of object 'Object Repository/DispensaryToStore/Page_Store/select_--Select--BA1170BA2376B' counted

2018-06-09 17:16:17 - [MESSAGE][PASSED] - 5 options of object 'Object Repository/DispensaryToStore/Page_Store/select_--Select--BA1170BA2376B' counted

2018-06-09 17:16:17 - [TEST_STEP][PASSED] - Statement - For ([g = 1, g <= BatchNumber - 1, (g++)]): null

2018-06-09 17:16:17 - [TEST_STEP][PASSED] - selectOptionByIndex: All options with index in [1] are selected on object 'Object Repository/DispensaryToStore/Page_Store/select_--Select--BA1170BA2376B'

2018-06-09 17:16:17 - [MESSAGE][PASSED] - All options with index in [1] are selected on object 'Object Repository/DispensaryToStore/Page_Store/select_--Select--BA1170BA2376B'

2018-06-09 17:16:17 - [TEST_STEP][PASSED] - Statement - Try: null

2018-06-09 17:16:17 - [TEST_STEP][PASSED] - Statement - StockQty = com.kms.katalon.core.webui.keyword.WebUiBuiltInKeywords.getAttribute(com.kms.katalon.core.testobject.ObjectRepository.findTestObject(DispensaryToStore/Page_Store/input_txtprice), "value"): Attribute 'value' of object 'Object Repository/DispensaryToStore/Page_Store/input_txtprice' is: '220'

2018-06-09 17:16:17 - [MESSAGE][PASSED] - Attribute 'value' of object 'Object Repository/DispensaryToStore/Page_Store/input_txtprice' is: '220'

2018-06-09 17:16:17 - [TEST_STEP][PASSED] - Statement - out.println("Stock QTY : " + StockQty): null

2018-06-09 17:16:17 - [TEST_STEP][PASSED] - delay: Delayed 2 second(s)

2018-06-09 17:16:19 - [MESSAGE][PASSED] - Delayed 2 second(s)

2018-06-09 17:16:19 - [TEST_STEP][PASSED] - Statement - If (java.lang.String.valueOf(StockQty) >= java.lang.String.valueOf(RequestedQty)): null

2018-06-09 17:16:19 - [TEST_STEP][PASSED] - setText: Text '10' is set on object 'Object Repository/DispensaryToStore/Page_Store/input_txtqty'

2018-06-09 17:16:19 - [MESSAGE][PASSED] - Text '10' is set on object 'Object Repository/DispensaryToStore/Page_Store/input_txtqty'

2018-06-09 17:16:19 - [TEST_STEP][PASSED] - click: Object: 'Object Repository/DispensaryToStore/Page_Store/button_Add' is clicked on

2018-06-09 17:16:19 - [MESSAGE][PASSED] - Object: 'Object Repository/DispensaryToStore/Page_Store/button_Add' is clicked on

2018-06-09 17:16:19 - [TEST_STEP][PASSED] - Statement - Break: null

2018-06-09 17:16:19 - [TEST_STEP][PASSED] - selectOptionByIndex: All options with index in [13] are selected on object 'Object Repository/DispensaryToStore/Page_Store/select_--Select--Adernaline 0.'

2018-06-09 17:16:19 - [MESSAGE][PASSED] - All options with index in [13] are selected on object 'Object Repository/DispensaryToStore/Page_Store/select_--Select--Adernaline 0.'

2018-06-09 17:16:19 - [TEST_STEP][PASSED] - delay: Delayed 2 second(s)

2018-06-09 17:16:21 - [MESSAGE][PASSED] - Delayed 2 second(s)

2018-06-09 17:16:21 - [TEST_STEP][PASSED] - Statement - RequestedQty = com.kms.katalon.core.webui.keyword.WebUiBuiltInKeywords.getAttribute(com.kms.katalon.core.testobject.ObjectRepository.findTestObject(DispensaryToStore/Page_Store/input_txttotal), "value"): Attribute 'value' of object 'Object Repository/DispensaryToStore/Page_Store/input_txttotal' is: '10'

2018-06-09 17:16:21 - [MESSAGE][PASSED] - Attribute 'value' of object 'Object Repository/DispensaryToStore/Page_Store/input_txttotal' is: '10'

2018-06-09 17:16:21 - [TEST_STEP][PASSED] - Statement - out.println("Requested QTY : " + RequestedQty): null

2018-06-09 17:16:21 - [TEST_STEP][PASSED] - Statement - BatchNumber = com.kms.katalon.core.webui.keyword.WebUiBuiltInKeywords.getNumberOfTotalOption(com.kms.katalon.core.testobject.ObjectRepository.findTestObject(DispensaryToStore/Page_Store/select_--Select--BA1170BA2376B)): 3 options of object 'Object Repository/DispensaryToStore/Page_Store/select_--Select--BA1170BA2376B' counted

2018-06-09 17:16:21 - [MESSAGE][PASSED] - 3 options of object 'Object Repository/DispensaryToStore/Page_Store/select_--Select--BA1170BA2376B' counted

2018-06-09 17:16:21 - [TEST_STEP][PASSED] - Statement - For ([g = 1, g <= BatchNumber - 1, (g++)]): null

2018-06-09 17:16:21 - [TEST_STEP][PASSED] - selectOptionByIndex: All options with index in [1] are selected on object 'Object Repository/DispensaryToStore/Page_Store/select_--Select--BA1170BA2376B'

2018-06-09 17:16:22 - [MESSAGE][PASSED] - All options with index in [1] are selected on object 'Object Repository/DispensaryToStore/Page_Store/select_--Select--BA1170BA2376B'

2018-06-09 17:16:22 - [TEST_STEP][PASSED] - Statement - Try: null

2018-06-09 17:16:22 - [TEST_STEP][PASSED] - Statement - StockQty = com.kms.katalon.core.webui.keyword.WebUiBuiltInKeywords.getAttribute(com.kms.katalon.core.testobject.ObjectRepository.findTestObject(DispensaryToStore/Page_Store/input_txtprice), "value"): Attribute 'value' of object 'Object Repository/DispensaryToStore/Page_Store/input_txtprice' is: '1280'

2018-06-09 17:16:22 - [MESSAGE][PASSED] - Attribute 'value' of object 'Object Repository/DispensaryToStore/Page_Store/input_txtprice' is: '1280'

2018-06-09 17:16:22 - [TEST_STEP][PASSED] - Statement - out.println("Stock QTY : " + StockQty): null

2018-06-09 17:16:22 - [TEST_STEP][PASSED] - delay: Delayed 2 second(s)

2018-06-09 17:16:24 - [MESSAGE][PASSED] - Delayed 2 second(s)

2018-06-09 17:16:24 - [TEST_STEP][PASSED] - Statement - If (java.lang.String.valueOf(StockQty) >= java.lang.String.valueOf(RequestedQty)): null

2018-06-09 17:16:24 - [TEST_STEP][PASSED] - setText: Text '10' is set on object 'Object Repository/DispensaryToStore/Page_Store/input_txtqty'

2018-06-09 17:16:24 - [MESSAGE][PASSED] - Text '10' is set on object 'Object Repository/DispensaryToStore/Page_Store/input_txtqty'

2018-06-09 17:16:24 - [TEST_STEP][PASSED] - click: Object: 'Object Repository/DispensaryToStore/Page_Store/button_Add' is clicked on

2018-06-09 17:16:24 - [MESSAGE][PASSED] - Object: 'Object Repository/DispensaryToStore/Page_Store/button_Add' is clicked on

2018-06-09 17:16:24 - [TEST_STEP][PASSED] - Statement - Break: null

2018-06-09 17:16:24 - [TEST_STEP][PASSED] - selectOptionByIndex: All options with index in [14] are selected on object 'Object Repository/DispensaryToStore/Page_Store/select_--Select--Adernaline 0.'

2018-06-09 17:16:24 - [MESSAGE][PASSED] - All options with index in [14] are selected on object 'Object Repository/DispensaryToStore/Page_Store/select_--Select--Adernaline 0.'

2018-06-09 17:16:24 - [TEST_STEP][PASSED] - delay: Delayed 2 second(s)

2018-06-09 17:16:26 - [MESSAGE][PASSED] - Delayed 2 second(s)

2018-06-09 17:16:26 - [TEST_STEP][PASSED] - Statement - RequestedQty = com.kms.katalon.core.webui.keyword.WebUiBuiltInKeywords.getAttribute(com.kms.katalon.core.testobject.ObjectRepository.findTestObject(DispensaryToStore/Page_Store/input_txttotal), "value"): Attribute 'value' of object 'Object Repository/DispensaryToStore/Page_Store/input_txttotal' is: '10'

2018-06-09 17:16:26 - [MESSAGE][PASSED] - Attribute 'value' of object 'Object Repository/DispensaryToStore/Page_Store/input_txttotal' is: '10'

2018-06-09 17:16:26 - [TEST_STEP][PASSED] - Statement - out.println("Requested QTY : " + RequestedQty): null

2018-06-09 17:16:26 - [TEST_STEP][PASSED] - Statement - BatchNumber = com.kms.katalon.core.webui.keyword.WebUiBuiltInKeywords.getNumberOfTotalOption(com.kms.katalon.core.testobject.ObjectRepository.findTestObject(DispensaryToStore/Page_Store/select_--Select--BA1170BA2376B)): 5 options of object 'Object Repository/DispensaryToStore/Page_Store/select_--Select--BA1170BA2376B' counted

2018-06-09 17:16:26 - [MESSAGE][PASSED] - 5 options of object 'Object Repository/DispensaryToStore/Page_Store/select_--Select--BA1170BA2376B' counted

2018-06-09 17:16:26 - [TEST_STEP][PASSED] - Statement - For ([g = 1, g <= BatchNumber - 1, (g++)]): null

2018-06-09 17:16:26 - [TEST_STEP][PASSED] - selectOptionByIndex: All options with index in [1] are selected on object 'Object Repository/DispensaryToStore/Page_Store/select_--Select--BA1170BA2376B'

2018-06-09 17:16:26 - [MESSAGE][PASSED] - All options with index in [1] are selected on object 'Object Repository/DispensaryToStore/Page_Store/select_--Select--BA1170BA2376B'

2018-06-09 17:16:26 - [TEST_STEP][PASSED] - Statement - Try: null

2018-06-09 17:16:26 - [TEST_STEP][PASSED] - Statement - StockQty = com.kms.katalon.core.webui.keyword.WebUiBuiltInKeywords.getAttribute(com.kms.katalon.core.testobject.ObjectRepository.findTestObject(DispensaryToStore/Page_Store/input_txtprice), "value"): Attribute 'value' of object 'Object Repository/DispensaryToStore/Page_Store/input_txtprice' is: '220'

2018-06-09 17:16:26 - [MESSAGE][PASSED] - Attribute 'value' of object 'Object Repository/DispensaryToStore/Page_Store/input_txtprice' is: '220'

2018-06-09 17:16:26 - [TEST_STEP][PASSED] - Statement - out.println("Stock QTY : " + StockQty): null

2018-06-09 17:16:26 - [TEST_STEP][PASSED] - delay: Delayed 2 second(s)

2018-06-09 17:16:28 - [MESSAGE][PASSED] - Delayed 2 second(s)

2018-06-09 17:16:28 - [TEST_STEP][PASSED] - Statement - If (java.lang.String.valueOf(StockQty) >= java.lang.String.valueOf(RequestedQty)): null

2018-06-09 17:16:28 - [TEST_STEP][PASSED] - setText: Text '10' is set on object 'Object Repository/DispensaryToStore/Page_Store/input_txtqty'

2018-06-09 17:16:29 - [MESSAGE][PASSED] - Text '10' is set on object 'Object Repository/DispensaryToStore/Page_Store/input_txtqty'

2018-06-09 17:16:29 - [TEST_STEP][PASSED] - click: Object: 'Object Repository/DispensaryToStore/Page_Store/button_Add' is clicked on

2018-06-09 17:16:29 - [MESSAGE][PASSED] - Object: 'Object Repository/DispensaryToStore/Page_Store/button_Add' is clicked on

2018-06-09 17:16:29 - [TEST_STEP][PASSED] - Statement - Break: null

2018-06-09 17:16:29 - [TEST_STEP][PASSED] - selectOptionByIndex: All options with index in [15] are selected on object 'Object Repository/DispensaryToStore/Page_Store/select_--Select--Adernaline 0.'

2018-06-09 17:16:29 - [MESSAGE][PASSED] - All options with index in [15] are selected on object 'Object Repository/DispensaryToStore/Page_Store/select_--Select--Adernaline 0.'

2018-06-09 17:16:29 - [TEST_STEP][PASSED] - delay: Delayed 2 second(s)

2018-06-09 17:16:31 - [MESSAGE][PASSED] - Delayed 2 second(s)

2018-06-09 17:16:31 - [TEST_STEP][PASSED] - Statement - RequestedQty = com.kms.katalon.core.webui.keyword.WebUiBuiltInKeywords.getAttribute(com.kms.katalon.core.testobject.ObjectRepository.findTestObject(DispensaryToStore/Page_Store/input_txttotal), "value"): Attribute 'value' of object 'Object Repository/DispensaryToStore/Page_Store/input_txttotal' is: '10'

2018-06-09 17:16:31 - [MESSAGE][PASSED] - Attribute 'value' of object 'Object Repository/DispensaryToStore/Page_Store/input_txttotal' is: '10'

2018-06-09 17:16:31 - [TEST_STEP][PASSED] - Statement - out.println("Requested QTY : " + RequestedQty): null

2018-06-09 17:16:31 - [TEST_STEP][PASSED] - Statement - BatchNumber = com.kms.katalon.core.webui.keyword.WebUiBuiltInKeywords.getNumberOfTotalOption(com.kms.katalon.core.testobject.ObjectRepository.findTestObject(DispensaryToStore/Page_Store/select_--Select--BA1170BA2376B)): 5 options of object 'Object Repository/DispensaryToStore/Page_Store/select_--Select--BA1170BA2376B' counted

2018-06-09 17:16:31 - [MESSAGE][PASSED] - 5 options of object 'Object Repository/DispensaryToStore/Page_Store/select_--Select--BA1170BA2376B' counted

2018-06-09 17:16:31 - [TEST_STEP][PASSED] - Statement - For ([g = 1, g <= BatchNumber - 1, (g++)]): null

2018-06-09 17:16:31 - [TEST_STEP][PASSED] - selectOptionByIndex: All options with index in [1] are selected on object 'Object Repository/DispensaryToStore/Page_Store/select_--Select--BA1170BA2376B'

2018-06-09 17:16:31 - [MESSAGE][PASSED] - All options with index in [1] are selected on object 'Object Repository/DispensaryToStore/Page_Store/select_--Select--BA1170BA2376B'

2018-06-09 17:16:31 - [TEST_STEP][PASSED] - Statement - Try: null

2018-06-09 17:16:31 - [TEST_STEP][PASSED] - Statement - StockQty = com.kms.katalon.core.webui.keyword.WebUiBuiltInKeywords.getAttribute(com.kms.katalon.core.testobject.ObjectRepository.findTestObject(DispensaryToStore/Page_Store/input_txtprice), "value"): Attribute 'value' of object 'Object Repository/DispensaryToStore/Page_Store/input_txtprice' is: '220'

2018-06-09 17:16:31 - [MESSAGE][PASSED] - Attribute 'value' of object 'Object Repository/DispensaryToStore/Page_Store/input_txtprice' is: '220'

2018-06-09 17:16:31 - [TEST_STEP][PASSED] - Statement - out.println("Stock QTY : " + StockQty): null

2018-06-09 17:16:31 - [TEST_STEP][PASSED] - delay: Delayed 2 second(s)

2018-06-09 17:16:33 - [MESSAGE][PASSED] - Delayed 2 second(s)

2018-06-09 17:16:33 - [TEST_STEP][PASSED] - Statement - If (java.lang.String.valueOf(StockQty) >= java.lang.String.valueOf(RequestedQty)): null

2018-06-09 17:16:33 - [TEST_STEP][PASSED] - setText: Text '10' is set on object 'Object Repository/DispensaryToStore/Page_Store/input_txtqty'

2018-06-09 17:16:33 - [MESSAGE][PASSED] - Text '10' is set on object 'Object Repository/DispensaryToStore/Page_Store/input_txtqty'

2018-06-09 17:16:33 - [TEST_STEP][PASSED] - click: Object: 'Object Repository/DispensaryToStore/Page_Store/button_Add' is clicked on

2018-06-09 17:16:33 - [MESSAGE][PASSED] - Object: 'Object Repository/DispensaryToStore/Page_Store/button_Add' is clicked on

2018-06-09 17:16:33 - [TEST_STEP][PASSED] - Statement - Break: null

2018-06-09 17:16:33 - [TEST_STEP][PASSED] - selectOptionByIndex: All options with index in [16] are selected on object 'Object Repository/DispensaryToStore/Page_Store/select_--Select--Adernaline 0.'

2018-06-09 17:16:34 - [MESSAGE][PASSED] - All options with index in [16] are selected on object 'Object Repository/DispensaryToStore/Page_Store/select_--Select--Adernaline 0.'

2018-06-09 17:16:34 - [TEST_STEP][PASSED] - delay: Delayed 2 second(s)

2018-06-09 17:16:36 - [MESSAGE][PASSED] - Delayed 2 second(s)

2018-06-09 17:16:36 - [TEST_STEP][PASSED] - Statement - RequestedQty = com.kms.katalon.core.webui.keyword.WebUiBuiltInKeywords.getAttribute(com.kms.katalon.core.testobject.ObjectRepository.findTestObject(DispensaryToStore/Page_Store/input_txttotal), "value"): Attribute 'value' of object 'Object Repository/DispensaryToStore/Page_Store/input_txttotal' is: '10'

2018-06-09 17:16:36 - [MESSAGE][PASSED] - Attribute 'value' of object 'Object Repository/DispensaryToStore/Page_Store/input_txttotal' is: '10'

2018-06-09 17:16:36 - [TEST_STEP][PASSED] - Statement - out.println("Requested QTY : " + RequestedQty): null

2018-06-09 17:16:36 - [TEST_STEP][PASSED] - Statement - BatchNumber = com.kms.katalon.core.webui.keyword.WebUiBuiltInKeywords.getNumberOfTotalOption(com.kms.katalon.core.testobject.ObjectRepository.findTestObject(DispensaryToStore/Page_Store/select_--Select--BA1170BA2376B)): 3 options of object 'Object Repository/DispensaryToStore/Page_Store/select_--Select--BA1170BA2376B' counted

2018-06-09 17:16:36 - [MESSAGE][PASSED] - 3 options of object 'Object Repository/DispensaryToStore/Page_Store/select_--Select--BA1170BA2376B' counted

2018-06-09 17:16:36 - [TEST_STEP][PASSED] - Statement - For ([g = 1, g <= BatchNumber - 1, (g++)]): null

2018-06-09 17:16:36 - [TEST_STEP][PASSED] - selectOptionByIndex: All options with index in [1] are selected on object 'Object Repository/DispensaryToStore/Page_Store/select_--Select--BA1170BA2376B'

2018-06-09 17:16:36 - [MESSAGE][PASSED] - All options with index in [1] are selected on object 'Object Repository/DispensaryToStore/Page_Store/select_--Select--BA1170BA2376B'

2018-06-09 17:16:36 - [TEST_STEP][PASSED] - Statement - Try: null

2018-06-09 17:16:36 - [TEST_STEP][PASSED] - Statement - StockQty = com.kms.katalon.core.webui.keyword.WebUiBuiltInKeywords.getAttribute(com.kms.katalon.core.testobject.ObjectRepository.findTestObject(DispensaryToStore/Page_Store/input_txtprice), "value"): Attribute 'value' of object 'Object Repository/DispensaryToStore/Page_Store/input_txtprice' is: '420'

2018-06-09 17:16:36 - [MESSAGE][PASSED] - Attribute 'value' of object 'Object Repository/DispensaryToStore/Page_Store/input_txtprice' is: '420'

2018-06-09 17:16:36 - [TEST_STEP][PASSED] - Statement - out.println("Stock QTY : " + StockQty): null

2018-06-09 17:16:36 - [TEST_STEP][PASSED] - delay: Delayed 2 second(s)

2018-06-09 17:16:38 - [MESSAGE][PASSED] - Delayed 2 second(s)

2018-06-09 17:16:38 - [TEST_STEP][PASSED] - Statement - If (java.lang.String.valueOf(StockQty) >= java.lang.String.valueOf(RequestedQty)): null

2018-06-09 17:16:38 - [TEST_STEP][PASSED] - setText: Text '10' is set on object 'Object Repository/DispensaryToStore/Page_Store/input_txtqty'

2018-06-09 17:16:38 - [MESSAGE][PASSED] - Text '10' is set on object 'Object Repository/DispensaryToStore/Page_Store/input_txtqty'

2018-06-09 17:16:38 - [TEST_STEP][PASSED] - click: Object: 'Object Repository/DispensaryToStore/Page_Store/button_Add' is clicked on

2018-06-09 17:16:38 - [MESSAGE][PASSED] - Object: 'Object Repository/DispensaryToStore/Page_Store/button_Add' is clicked on

2018-06-09 17:16:38 - [TEST_STEP][PASSED] - Statement - Break: null

2018-06-09 17:16:38 - [TEST_STEP][PASSED] - selectOptionByIndex: All options with index in [17] are selected on object 'Object Repository/DispensaryToStore/Page_Store/select_--Select--Adernaline 0.'

2018-06-09 17:16:38 - [MESSAGE][PASSED] - All options with index in [17] are selected on object 'Object Repository/DispensaryToStore/Page_Store/select_--Select--Adernaline 0.'

2018-06-09 17:16:38 - [TEST_STEP][PASSED] - delay: Delayed 2 second(s)

2018-06-09 17:16:40 - [MESSAGE][PASSED] - Delayed 2 second(s)

2018-06-09 17:16:40 - [TEST_STEP][PASSED] - Statement - RequestedQty = com.kms.katalon.core.webui.keyword.WebUiBuiltInKeywords.getAttribute(com.kms.katalon.core.testobject.ObjectRepository.findTestObject(DispensaryToStore/Page_Store/input_txttotal), "value"): Attribute 'value' of object 'Object Repository/DispensaryToStore/Page_Store/input_txttotal' is: '10'

2018-06-09 17:16:40 - [MESSAGE][PASSED] - Attribute 'value' of object 'Object Repository/DispensaryToStore/Page_Store/input_txttotal' is: '10'

2018-06-09 17:16:40 - [TEST_STEP][PASSED] - Statement - out.println("Requested QTY : " + RequestedQty): null

2018-06-09 17:16:40 - [TEST_STEP][PASSED] - Statement - BatchNumber = com.kms.katalon.core.webui.keyword.WebUiBuiltInKeywords.getNumberOfTotalOption(com.kms.katalon.core.testobject.ObjectRepository.findTestObject(DispensaryToStore/Page_Store/select_--Select--BA1170BA2376B)): 3 options of object 'Object Repository/DispensaryToStore/Page_Store/select_--Select--BA1170BA2376B' counted

2018-06-09 17:16:40 - [MESSAGE][PASSED] - 3 options of object 'Object Repository/DispensaryToStore/Page_Store/select_--Select--BA1170BA2376B' counted

2018-06-09 17:16:40 - [TEST_STEP][PASSED] - Statement - For ([g = 1, g <= BatchNumber - 1, (g++)]): null

2018-06-09 17:16:40 - [TEST_STEP][PASSED] - selectOptionByIndex: All options with index in [1] are selected on object 'Object Repository/DispensaryToStore/Page_Store/select_--Select--BA1170BA2376B'

2018-06-09 17:16:41 - [MESSAGE][PASSED] - All options with index in [1] are selected on object 'Object Repository/DispensaryToStore/Page_Store/select_--Select--BA1170BA2376B'

2018-06-09 17:16:41 - [TEST_STEP][PASSED] - Statement - Try: null

2018-06-09 17:16:41 - [TEST_STEP][PASSED] - Statement - StockQty = com.kms.katalon.core.webui.keyword.WebUiBuiltInKeywords.getAttribute(com.kms.katalon.core.testobject.ObjectRepository.findTestObject(DispensaryToStore/Page_Store/input_txtprice), "value"): Attribute 'value' of object 'Object Repository/DispensaryToStore/Page_Store/input_txtprice' is: '1280'

2018-06-09 17:16:41 - [MESSAGE][PASSED] - Attribute 'value' of object 'Object Repository/DispensaryToStore/Page_Store/input_txtprice' is: '1280'

2018-06-09 17:16:41 - [TEST_STEP][PASSED] - Statement - out.println("Stock QTY : " + StockQty): null

2018-06-09 17:16:41 - [TEST_STEP][PASSED] - delay: Delayed 2 second(s)

2018-06-09 17:16:43 - [MESSAGE][PASSED] - Delayed 2 second(s)

2018-06-09 17:16:43 - [TEST_STEP][PASSED] - Statement - If (java.lang.String.valueOf(StockQty) >= java.lang.String.valueOf(RequestedQty)): null

2018-06-09 17:16:43 - [TEST_STEP][PASSED] - setText: Text '10' is set on object 'Object Repository/DispensaryToStore/Page_Store/input_txtqty'

2018-06-09 17:16:43 - [MESSAGE][PASSED] - Text '10' is set on object 'Object Repository/DispensaryToStore/Page_Store/input_txtqty'

2018-06-09 17:16:43 - [TEST_STEP][PASSED] - click: Object: 'Object Repository/DispensaryToStore/Page_Store/button_Add' is clicked on

2018-06-09 17:16:43 - [MESSAGE][PASSED] - Object: 'Object Repository/DispensaryToStore/Page_Store/button_Add' is clicked on

2018-06-09 17:16:43 - [TEST_STEP][PASSED] - Statement - Break: null

2018-06-09 17:16:43 - [TEST_STEP][PASSED] - selectOptionByIndex: All options with index in [18] are selected on object 'Object Repository/DispensaryToStore/Page_Store/select_--Select--Adernaline 0.'

2018-06-09 17:16:43 - [MESSAGE][PASSED] - All options with index in [18] are selected on object 'Object Repository/DispensaryToStore/Page_Store/select_--Select--Adernaline 0.'

2018-06-09 17:16:43 - [TEST_STEP][PASSED] - delay: Delayed 2 second(s)

2018-06-09 17:16:45 - [MESSAGE][PASSED] - Delayed 2 second(s)

2018-06-09 17:16:45 - [TEST_STEP][PASSED] - Statement - RequestedQty = com.kms.katalon.core.webui.keyword.WebUiBuiltInKeywords.getAttribute(com.kms.katalon.core.testobject.ObjectRepository.findTestObject(DispensaryToStore/Page_Store/input_txttotal), "value"): Attribute 'value' of object 'Object Repository/DispensaryToStore/Page_Store/input_txttotal' is: '10'

2018-06-09 17:16:45 - [MESSAGE][PASSED] - Attribute 'value' of object 'Object Repository/DispensaryToStore/Page_Store/input_txttotal' is: '10'

2018-06-09 17:16:45 - [TEST_STEP][PASSED] - Statement - out.println("Requested QTY : " + RequestedQty): null

2018-06-09 17:16:45 - [TEST_STEP][PASSED] - Statement - BatchNumber = com.kms.katalon.core.webui.keyword.WebUiBuiltInKeywords.getNumberOfTotalOption(com.kms.katalon.core.testobject.ObjectRepository.findTestObject(DispensaryToStore/Page_Store/select_--Select--BA1170BA2376B)): 4 options of object 'Object Repository/DispensaryToStore/Page_Store/select_--Select--BA1170BA2376B' counted

2018-06-09 17:16:45 - [MESSAGE][PASSED] - 4 options of object 'Object Repository/DispensaryToStore/Page_Store/select_--Select--BA1170BA2376B' counted

2018-06-09 17:16:45 - [TEST_STEP][PASSED] - Statement - For ([g = 1, g <= BatchNumber - 1, (g++)]): null

2018-06-09 17:16:45 - [TEST_STEP][PASSED] - selectOptionByIndex: All options with index in [1] are selected on object 'Object Repository/DispensaryToStore/Page_Store/select_--Select--BA1170BA2376B'

2018-06-09 17:16:45 - [MESSAGE][PASSED] - All options with index in [1] are selected on object 'Object Repository/DispensaryToStore/Page_Store/select_--Select--BA1170BA2376B'

2018-06-09 17:16:45 - [TEST_STEP][PASSED] - Statement - Try: null

2018-06-09 17:16:45 - [TEST_STEP][PASSED] - Statement - StockQty = com.kms.katalon.core.webui.keyword.WebUiBuiltInKeywords.getAttribute(com.kms.katalon.core.testobject.ObjectRepository.findTestObject(DispensaryToStore/Page_Store/input_txtprice), "value"): Attribute 'value' of object 'Object Repository/DispensaryToStore/Page_Store/input_txtprice' is: '320'

2018-06-09 17:16:45 - [MESSAGE][PASSED] - Attribute 'value' of object 'Object Repository/DispensaryToStore/Page_Store/input_txtprice' is: '320'

2018-06-09 17:16:45 - [TEST_STEP][PASSED] - Statement - out.println("Stock QTY : " + StockQty): null

2018-06-09 17:16:45 - [TEST_STEP][PASSED] - delay: Delayed 2 second(s)

2018-06-09 17:16:47 - [MESSAGE][PASSED] - Delayed 2 second(s)

2018-06-09 17:16:47 - [TEST_STEP][PASSED] - Statement - If (java.lang.String.valueOf(StockQty) >= java.lang.String.valueOf(RequestedQty)): null

2018-06-09 17:16:47 - [TEST_STEP][PASSED] - setText: Text '10' is set on object 'Object Repository/DispensaryToStore/Page_Store/input_txtqty'

2018-06-09 17:16:47 - [MESSAGE][PASSED] - Text '10' is set on object 'Object Repository/DispensaryToStore/Page_Store/input_txtqty'

2018-06-09 17:16:47 - [TEST_STEP][PASSED] - click: Object: 'Object Repository/DispensaryToStore/Page_Store/button_Add' is clicked on

2018-06-09 17:16:47 - [MESSAGE][PASSED] - Object: 'Object Repository/DispensaryToStore/Page_Store/button_Add' is clicked on

2018-06-09 17:16:47 - [TEST_STEP][PASSED] - Statement - Break: null

2018-06-09 17:16:47 - [TEST_STEP][PASSED] - scrollToElement: Scroll to object 'Object Repository/DispensaryToStore/Page_Store/input_btnSubmit' successfully

2018-06-09 17:16:48 - [MESSAGE][PASSED] - Scroll to object 'Object Repository/DispensaryToStore/Page_Store/input_btnSubmit' successfully

2018-06-09 17:16:48 - [TEST_STEP][PASSED] - click: Object: 'Object Repository/DispensaryToStore/Page_Store/input_btnSubmit' is clicked on

2018-06-09 17:16:48 - [MESSAGE][PASSED] - Object: 'Object Repository/DispensaryToStore/Page_Store/input_btnSubmit' is clicked on

2018-06-09 17:16:48 - [TEST_STEP][PASSED] - delay: Delayed 3 second(s)

2018-06-09 17:16:51 - [MESSAGE][PASSED] - Delayed 3 second(s)

2018-06-09 17:16:51 - [TEST_STEP][PASSED] - click: Object: 'Object Repository/DispensaryToStore/Page_Store/button_OK' is clicked on

2018-06-09 17:16:51 - [MESSAGE][PASSED] - Object: 'Object Repository/DispensaryToStore/Page_Store/button_OK' is clicked on

2018-06-09 17:16:51 - [TEST_STEP][PASSED] - delay: Delayed 3 second(s)

2018-06-09 17:16:54 - [MESSAGE][PASSED] - Delayed 3 second(s)

2018-06-09 17:16:54 - [TEST_STEP][PASSED] - click: Object: 'Object Repository/DispensaryToStore/Page_Store/a_dropdown-toggle' is clicked on

2018-06-09 17:16:55 - [MESSAGE][PASSED] - Object: 'Object Repository/DispensaryToStore/Page_Store/a_dropdown-toggle' is clicked on

2018-06-09 17:16:55 - [TEST_STEP][PASSED] - click: Object: 'Object Repository/DispensaryToStore/Page_Store/a_Sign out' is clicked on

2018-06-09 17:16:55 - [MESSAGE][PASSED] - Object: 'Object Repository/DispensaryToStore/Page_Store/a_Sign out' is clicked on

2018-06-09 17:16:55 - [TEST_STEP][PASSED] - closeBrowser: Browser is closed

2018-06-09 17:16:56 - [MESSAGE][PASSED] - Browser is closed]]></system-out>
         <system-err><![CDATA[]]></system-err>
      </testcase>
      <testcase name="Test Cases/DISPENSARY TEST CASES/TC_DP_011 Verify Schedule 11 Dispensary Request Are Working Successfully Or Not" classname="Test Cases/DISPENSARY TEST CASES/TC_DP_011 Verify Schedule 11 Dispensary Request Are Working Successfully Or Not" status="PASSED">
         <system-out><![CDATA[2018-06-09 17:16:56 - [TEST_CASE][PASSED] - Test Cases/DISPENSARY TEST CASES/TC_DP_011 Verify Schedule 11 Dispensary Request Are Working Successfully Or Not: Test Cases/DISPENSARY TEST CASES/TC_DP_011 Verify Schedule 11 Dispensary Request Are Working Successfully Or Not

2018-06-09 17:16:56 - [TEST_STEP][PASSED] - openBrowser: Browser is opened with url: ''

2018-06-09 17:16:58 - [MESSAGE][PASSED] - Browser is opened with url: ''

2018-06-09 17:16:58 - [TEST_STEP][PASSED] - navigateToUrl: Navigate to 'http://192.168.137.1/multihospital_new/HDSplashscreen.aspx' successfully

2018-06-09 17:17:00 - [MESSAGE][PASSED] - Navigate to 'http://192.168.137.1/multihospital_new/HDSplashscreen.aspx' successfully

2018-06-09 17:17:00 - [TEST_STEP][PASSED] - maximizeWindow: Current window maximized

2018-06-09 17:17:01 - [MESSAGE][PASSED] - Current window maximized

2018-06-09 17:17:01 - [TEST_STEP][PASSED] - click: Object: 'Object Repository/DispensaryToStore/Page_KDMC/a_Dispensary Store' is clicked on

2018-06-09 17:17:02 - [MESSAGE][PASSED] - Object: 'Object Repository/DispensaryToStore/Page_KDMC/a_Dispensary Store' is clicked on

2018-06-09 17:17:02 - [TEST_STEP][PASSED] - setText: Text 'rajaram' is set on object 'Object Repository/DispensaryToStore/Page_Dispensary Store Login/input_txtusername'

2018-06-09 17:17:02 - [MESSAGE][PASSED] - Text 'rajaram' is set on object 'Object Repository/DispensaryToStore/Page_Dispensary Store Login/input_txtusername'

2018-06-09 17:17:02 - [TEST_STEP][PASSED] - setText: Text '123' is set on object 'Object Repository/DispensaryToStore/Page_Dispensary Store Login/input_txtpassword'

2018-06-09 17:17:02 - [MESSAGE][PASSED] - Text '123' is set on object 'Object Repository/DispensaryToStore/Page_Dispensary Store Login/input_txtpassword'

2018-06-09 17:17:02 - [TEST_STEP][PASSED] - delay: Delayed 3 second(s)

2018-06-09 17:17:05 - [MESSAGE][PASSED] - Delayed 3 second(s)

2018-06-09 17:17:05 - [TEST_STEP][PASSED] - sendKeys: Keys 'ENTER + ' sent to object: 'Object Repository/DispensaryToStore/Page_Dispensary Store Login/input_txtpassword'

2018-06-09 17:17:06 - [MESSAGE][PASSED] - Keys 'ENTER + ' sent to object: 'Object Repository/DispensaryToStore/Page_Dispensary Store Login/input_txtpassword'

2018-06-09 17:17:06 - [TEST_STEP][PASSED] - delay: Delayed 3 second(s)

2018-06-09 17:17:09 - [MESSAGE][PASSED] - Delayed 3 second(s)

2018-06-09 17:17:09 - [TEST_STEP][PASSED] - click: Object: 'Object Repository/DispensaryToStore/Page_Dispensary Store/a_Request to Store' is clicked on

2018-06-09 17:17:09 - [MESSAGE][PASSED] - Object: 'Object Repository/DispensaryToStore/Page_Dispensary Store/a_Request to Store' is clicked on

2018-06-09 17:17:09 - [TEST_STEP][PASSED] - click: Object: 'Object Repository/DispensaryToStore/Page_Dispensary Store/a_Medicine Request' is clicked on

2018-06-09 17:17:10 - [MESSAGE][PASSED] - Object: 'Object Repository/DispensaryToStore/Page_Dispensary Store/a_Medicine Request' is clicked on

2018-06-09 17:17:10 - [TEST_STEP][PASSED] - selectOptionByIndex: All options with index in [11] are selected on object 'Object Repository/DispensaryToStore/Page_Dispensary Store/select_--Select--Schedule 1Inj'

2018-06-09 17:17:10 - [MESSAGE][PASSED] - All options with index in [11] are selected on object 'Object Repository/DispensaryToStore/Page_Dispensary Store/select_--Select--Schedule 1Inj'

2018-06-09 17:17:10 - [TEST_STEP][PASSED] - Statement - medicineslength = com.kms.katalon.core.webui.keyword.WebUiBuiltInKeywords.getNumberOfTotalOption(com.kms.katalon.core.testobject.ObjectRepository.findTestObject(DispensaryToStore/Page_Dispensary Store/select_--Select--Adernaline 0.)): 81 options of object 'Object Repository/DispensaryToStore/Page_Dispensary Store/select_--Select--Adernaline 0.' counted

2018-06-09 17:17:10 - [MESSAGE][PASSED] - 81 options of object 'Object Repository/DispensaryToStore/Page_Dispensary Store/select_--Select--Adernaline 0.' counted

2018-06-09 17:17:10 - [TEST_STEP][PASSED] - Statement - For ([e = 1, e <= medicineslength - 1, (e++)]): Delayed 1 second(s)

2018-06-09 17:17:10 - [TEST_STEP][PASSED] - selectOptionByIndex: All options with index in [11] are selected on object 'Object Repository/DispensaryToStore/Page_Dispensary Store/select_--Select--Schedule 1Inj'

2018-06-09 17:17:10 - [MESSAGE][PASSED] - All options with index in [11] are selected on object 'Object Repository/DispensaryToStore/Page_Dispensary Store/select_--Select--Schedule 1Inj'

2018-06-09 17:17:10 - [TEST_STEP][PASSED] - delay: Delayed 1 second(s)

2018-06-09 17:17:11 - [MESSAGE][PASSED] - Delayed 1 second(s)

2018-06-09 17:17:11 - [TEST_STEP][PASSED] - selectOptionByIndex: All options with index in [1] are selected on object 'Object Repository/DispensaryToStore/Page_Dispensary Store/select_--Select--Adernaline 0.'

2018-06-09 17:17:12 - [MESSAGE][PASSED] - All options with index in [1] are selected on object 'Object Repository/DispensaryToStore/Page_Dispensary Store/select_--Select--Adernaline 0.'

2018-06-09 17:17:12 - [TEST_STEP][PASSED] - delay: Delayed 1 second(s)

2018-06-09 17:17:13 - [MESSAGE][PASSED] - Delayed 1 second(s)

2018-06-09 17:17:13 - [TEST_STEP][PASSED] - setText: Text '10' is set on object 'Object Repository/DispensaryToStore/Page_Dispensary Store/input_txttreat'

2018-06-09 17:17:13 - [MESSAGE][PASSED] - Text '10' is set on object 'Object Repository/DispensaryToStore/Page_Dispensary Store/input_txttreat'

2018-06-09 17:17:13 - [TEST_STEP][PASSED] - click: Object: 'Object Repository/DispensaryToStore/Page_Dispensary Store/button_Add' is clicked on

2018-06-09 17:17:13 - [MESSAGE][PASSED] - Object: 'Object Repository/DispensaryToStore/Page_Dispensary Store/button_Add' is clicked on

2018-06-09 17:17:13 - [TEST_STEP][PASSED] - delay: Delayed 1 second(s)

2018-06-09 17:17:14 - [MESSAGE][PASSED] - Delayed 1 second(s)

2018-06-09 17:17:14 - [TEST_STEP][PASSED] - selectOptionByIndex: All options with index in [11] are selected on object 'Object Repository/DispensaryToStore/Page_Dispensary Store/select_--Select--Schedule 1Inj'

2018-06-09 17:17:14 - [MESSAGE][PASSED] - All options with index in [11] are selected on object 'Object Repository/DispensaryToStore/Page_Dispensary Store/select_--Select--Schedule 1Inj'

2018-06-09 17:17:14 - [TEST_STEP][PASSED] - delay: Delayed 1 second(s)

2018-06-09 17:17:15 - [MESSAGE][PASSED] - Delayed 1 second(s)

2018-06-09 17:17:15 - [TEST_STEP][PASSED] - selectOptionByIndex: All options with index in [2] are selected on object 'Object Repository/DispensaryToStore/Page_Dispensary Store/select_--Select--Adernaline 0.'

2018-06-09 17:17:15 - [MESSAGE][PASSED] - All options with index in [2] are selected on object 'Object Repository/DispensaryToStore/Page_Dispensary Store/select_--Select--Adernaline 0.'

2018-06-09 17:17:15 - [TEST_STEP][PASSED] - delay: Delayed 1 second(s)

2018-06-09 17:17:16 - [MESSAGE][PASSED] - Delayed 1 second(s)

2018-06-09 17:17:16 - [TEST_STEP][PASSED] - setText: Text '10' is set on object 'Object Repository/DispensaryToStore/Page_Dispensary Store/input_txttreat'

2018-06-09 17:17:16 - [MESSAGE][PASSED] - Text '10' is set on object 'Object Repository/DispensaryToStore/Page_Dispensary Store/input_txttreat'

2018-06-09 17:17:16 - [TEST_STEP][PASSED] - click: Object: 'Object Repository/DispensaryToStore/Page_Dispensary Store/button_Add' is clicked on

2018-06-09 17:17:16 - [MESSAGE][PASSED] - Object: 'Object Repository/DispensaryToStore/Page_Dispensary Store/button_Add' is clicked on

2018-06-09 17:17:16 - [TEST_STEP][PASSED] - delay: Delayed 1 second(s)

2018-06-09 17:17:17 - [MESSAGE][PASSED] - Delayed 1 second(s)

2018-06-09 17:17:17 - [TEST_STEP][PASSED] - selectOptionByIndex: All options with index in [11] are selected on object 'Object Repository/DispensaryToStore/Page_Dispensary Store/select_--Select--Schedule 1Inj'

2018-06-09 17:17:18 - [MESSAGE][PASSED] - All options with index in [11] are selected on object 'Object Repository/DispensaryToStore/Page_Dispensary Store/select_--Select--Schedule 1Inj'

2018-06-09 17:17:18 - [TEST_STEP][PASSED] - delay: Delayed 1 second(s)

2018-06-09 17:17:19 - [MESSAGE][PASSED] - Delayed 1 second(s)

2018-06-09 17:17:19 - [TEST_STEP][PASSED] - selectOptionByIndex: All options with index in [3] are selected on object 'Object Repository/DispensaryToStore/Page_Dispensary Store/select_--Select--Adernaline 0.'

2018-06-09 17:17:19 - [MESSAGE][PASSED] - All options with index in [3] are selected on object 'Object Repository/DispensaryToStore/Page_Dispensary Store/select_--Select--Adernaline 0.'

2018-06-09 17:17:19 - [TEST_STEP][PASSED] - delay: Delayed 1 second(s)

2018-06-09 17:17:20 - [MESSAGE][PASSED] - Delayed 1 second(s)

2018-06-09 17:17:20 - [TEST_STEP][PASSED] - setText: Text '10' is set on object 'Object Repository/DispensaryToStore/Page_Dispensary Store/input_txttreat'

2018-06-09 17:17:20 - [MESSAGE][PASSED] - Text '10' is set on object 'Object Repository/DispensaryToStore/Page_Dispensary Store/input_txttreat'

2018-06-09 17:17:20 - [TEST_STEP][PASSED] - click: Object: 'Object Repository/DispensaryToStore/Page_Dispensary Store/button_Add' is clicked on

2018-06-09 17:17:20 - [MESSAGE][PASSED] - Object: 'Object Repository/DispensaryToStore/Page_Dispensary Store/button_Add' is clicked on

2018-06-09 17:17:20 - [TEST_STEP][PASSED] - delay: Delayed 1 second(s)

2018-06-09 17:17:21 - [MESSAGE][PASSED] - Delayed 1 second(s)

2018-06-09 17:17:21 - [TEST_STEP][PASSED] - selectOptionByIndex: All options with index in [11] are selected on object 'Object Repository/DispensaryToStore/Page_Dispensary Store/select_--Select--Schedule 1Inj'

2018-06-09 17:17:21 - [MESSAGE][PASSED] - All options with index in [11] are selected on object 'Object Repository/DispensaryToStore/Page_Dispensary Store/select_--Select--Schedule 1Inj'

2018-06-09 17:17:21 - [TEST_STEP][PASSED] - delay: Delayed 1 second(s)

2018-06-09 17:17:22 - [MESSAGE][PASSED] - Delayed 1 second(s)

2018-06-09 17:17:22 - [TEST_STEP][PASSED] - selectOptionByIndex: All options with index in [4] are selected on object 'Object Repository/DispensaryToStore/Page_Dispensary Store/select_--Select--Adernaline 0.'

2018-06-09 17:17:22 - [MESSAGE][PASSED] - All options with index in [4] are selected on object 'Object Repository/DispensaryToStore/Page_Dispensary Store/select_--Select--Adernaline 0.'

2018-06-09 17:17:22 - [TEST_STEP][PASSED] - delay: Delayed 1 second(s)

2018-06-09 17:17:23 - [MESSAGE][PASSED] - Delayed 1 second(s)

2018-06-09 17:17:23 - [TEST_STEP][PASSED] - setText: Text '10' is set on object 'Object Repository/DispensaryToStore/Page_Dispensary Store/input_txttreat'

2018-06-09 17:17:24 - [MESSAGE][PASSED] - Text '10' is set on object 'Object Repository/DispensaryToStore/Page_Dispensary Store/input_txttreat'

2018-06-09 17:17:24 - [TEST_STEP][PASSED] - click: Object: 'Object Repository/DispensaryToStore/Page_Dispensary Store/button_Add' is clicked on

2018-06-09 17:17:24 - [MESSAGE][PASSED] - Object: 'Object Repository/DispensaryToStore/Page_Dispensary Store/button_Add' is clicked on

2018-06-09 17:17:24 - [TEST_STEP][PASSED] - delay: Delayed 1 second(s)

2018-06-09 17:17:25 - [MESSAGE][PASSED] - Delayed 1 second(s)

2018-06-09 17:17:25 - [TEST_STEP][PASSED] - selectOptionByIndex: All options with index in [11] are selected on object 'Object Repository/DispensaryToStore/Page_Dispensary Store/select_--Select--Schedule 1Inj'

2018-06-09 17:17:25 - [MESSAGE][PASSED] - All options with index in [11] are selected on object 'Object Repository/DispensaryToStore/Page_Dispensary Store/select_--Select--Schedule 1Inj'

2018-06-09 17:17:25 - [TEST_STEP][PASSED] - delay: Delayed 1 second(s)

2018-06-09 17:17:26 - [MESSAGE][PASSED] - Delayed 1 second(s)

2018-06-09 17:17:26 - [TEST_STEP][PASSED] - selectOptionByIndex: All options with index in [5] are selected on object 'Object Repository/DispensaryToStore/Page_Dispensary Store/select_--Select--Adernaline 0.'

2018-06-09 17:17:26 - [MESSAGE][PASSED] - All options with index in [5] are selected on object 'Object Repository/DispensaryToStore/Page_Dispensary Store/select_--Select--Adernaline 0.'

2018-06-09 17:17:26 - [TEST_STEP][PASSED] - delay: Delayed 1 second(s)

2018-06-09 17:17:27 - [MESSAGE][PASSED] - Delayed 1 second(s)

2018-06-09 17:17:27 - [TEST_STEP][PASSED] - setText: Text '10' is set on object 'Object Repository/DispensaryToStore/Page_Dispensary Store/input_txttreat'

2018-06-09 17:17:27 - [MESSAGE][PASSED] - Text '10' is set on object 'Object Repository/DispensaryToStore/Page_Dispensary Store/input_txttreat'

2018-06-09 17:17:27 - [TEST_STEP][PASSED] - click: Object: 'Object Repository/DispensaryToStore/Page_Dispensary Store/button_Add' is clicked on

2018-06-09 17:17:27 - [MESSAGE][PASSED] - Object: 'Object Repository/DispensaryToStore/Page_Dispensary Store/button_Add' is clicked on

2018-06-09 17:17:27 - [TEST_STEP][PASSED] - delay: Delayed 1 second(s)

2018-06-09 17:17:28 - [MESSAGE][PASSED] - Delayed 1 second(s)

2018-06-09 17:17:28 - [TEST_STEP][PASSED] - selectOptionByIndex: All options with index in [11] are selected on object 'Object Repository/DispensaryToStore/Page_Dispensary Store/select_--Select--Schedule 1Inj'

2018-06-09 17:17:29 - [MESSAGE][PASSED] - All options with index in [11] are selected on object 'Object Repository/DispensaryToStore/Page_Dispensary Store/select_--Select--Schedule 1Inj'

2018-06-09 17:17:29 - [TEST_STEP][PASSED] - delay: Delayed 1 second(s)

2018-06-09 17:17:30 - [MESSAGE][PASSED] - Delayed 1 second(s)

2018-06-09 17:17:30 - [TEST_STEP][PASSED] - selectOptionByIndex: All options with index in [6] are selected on object 'Object Repository/DispensaryToStore/Page_Dispensary Store/select_--Select--Adernaline 0.'

2018-06-09 17:17:30 - [MESSAGE][PASSED] - All options with index in [6] are selected on object 'Object Repository/DispensaryToStore/Page_Dispensary Store/select_--Select--Adernaline 0.'

2018-06-09 17:17:30 - [TEST_STEP][PASSED] - delay: Delayed 1 second(s)

2018-06-09 17:17:31 - [MESSAGE][PASSED] - Delayed 1 second(s)

2018-06-09 17:17:31 - [TEST_STEP][PASSED] - setText: Text '10' is set on object 'Object Repository/DispensaryToStore/Page_Dispensary Store/input_txttreat'

2018-06-09 17:17:31 - [MESSAGE][PASSED] - Text '10' is set on object 'Object Repository/DispensaryToStore/Page_Dispensary Store/input_txttreat'

2018-06-09 17:17:31 - [TEST_STEP][PASSED] - click: Object: 'Object Repository/DispensaryToStore/Page_Dispensary Store/button_Add' is clicked on

2018-06-09 17:17:31 - [MESSAGE][PASSED] - Object: 'Object Repository/DispensaryToStore/Page_Dispensary Store/button_Add' is clicked on

2018-06-09 17:17:31 - [TEST_STEP][PASSED] - delay: Delayed 1 second(s)

2018-06-09 17:17:32 - [MESSAGE][PASSED] - Delayed 1 second(s)

2018-06-09 17:17:32 - [TEST_STEP][PASSED] - selectOptionByIndex: All options with index in [11] are selected on object 'Object Repository/DispensaryToStore/Page_Dispensary Store/select_--Select--Schedule 1Inj'

2018-06-09 17:17:32 - [MESSAGE][PASSED] - All options with index in [11] are selected on object 'Object Repository/DispensaryToStore/Page_Dispensary Store/select_--Select--Schedule 1Inj'

2018-06-09 17:17:32 - [TEST_STEP][PASSED] - delay: Delayed 1 second(s)

2018-06-09 17:17:33 - [MESSAGE][PASSED] - Delayed 1 second(s)

2018-06-09 17:17:33 - [TEST_STEP][PASSED] - selectOptionByIndex: All options with index in [7] are selected on object 'Object Repository/DispensaryToStore/Page_Dispensary Store/select_--Select--Adernaline 0.'

2018-06-09 17:17:33 - [MESSAGE][PASSED] - All options with index in [7] are selected on object 'Object Repository/DispensaryToStore/Page_Dispensary Store/select_--Select--Adernaline 0.'

2018-06-09 17:17:33 - [TEST_STEP][PASSED] - delay: Delayed 1 second(s)

2018-06-09 17:17:34 - [MESSAGE][PASSED] - Delayed 1 second(s)

2018-06-09 17:17:34 - [TEST_STEP][PASSED] - setText: Text '10' is set on object 'Object Repository/DispensaryToStore/Page_Dispensary Store/input_txttreat'

2018-06-09 17:17:35 - [MESSAGE][PASSED] - Text '10' is set on object 'Object Repository/DispensaryToStore/Page_Dispensary Store/input_txttreat'

2018-06-09 17:17:35 - [TEST_STEP][PASSED] - click: Object: 'Object Repository/DispensaryToStore/Page_Dispensary Store/button_Add' is clicked on

2018-06-09 17:17:35 - [MESSAGE][PASSED] - Object: 'Object Repository/DispensaryToStore/Page_Dispensary Store/button_Add' is clicked on

2018-06-09 17:17:35 - [TEST_STEP][PASSED] - delay: Delayed 1 second(s)

2018-06-09 17:17:36 - [MESSAGE][PASSED] - Delayed 1 second(s)

2018-06-09 17:17:36 - [TEST_STEP][PASSED] - selectOptionByIndex: All options with index in [11] are selected on object 'Object Repository/DispensaryToStore/Page_Dispensary Store/select_--Select--Schedule 1Inj'

2018-06-09 17:17:36 - [MESSAGE][PASSED] - All options with index in [11] are selected on object 'Object Repository/DispensaryToStore/Page_Dispensary Store/select_--Select--Schedule 1Inj'

2018-06-09 17:17:36 - [TEST_STEP][PASSED] - delay: Delayed 1 second(s)

2018-06-09 17:17:37 - [MESSAGE][PASSED] - Delayed 1 second(s)

2018-06-09 17:17:37 - [TEST_STEP][PASSED] - selectOptionByIndex: All options with index in [8] are selected on object 'Object Repository/DispensaryToStore/Page_Dispensary Store/select_--Select--Adernaline 0.'

2018-06-09 17:17:37 - [MESSAGE][PASSED] - All options with index in [8] are selected on object 'Object Repository/DispensaryToStore/Page_Dispensary Store/select_--Select--Adernaline 0.'

2018-06-09 17:17:37 - [TEST_STEP][PASSED] - delay: Delayed 1 second(s)

2018-06-09 17:17:38 - [MESSAGE][PASSED] - Delayed 1 second(s)

2018-06-09 17:17:38 - [TEST_STEP][PASSED] - setText: Text '10' is set on object 'Object Repository/DispensaryToStore/Page_Dispensary Store/input_txttreat'

2018-06-09 17:17:38 - [MESSAGE][PASSED] - Text '10' is set on object 'Object Repository/DispensaryToStore/Page_Dispensary Store/input_txttreat'

2018-06-09 17:17:38 - [TEST_STEP][PASSED] - click: Object: 'Object Repository/DispensaryToStore/Page_Dispensary Store/button_Add' is clicked on

2018-06-09 17:17:38 - [MESSAGE][PASSED] - Object: 'Object Repository/DispensaryToStore/Page_Dispensary Store/button_Add' is clicked on

2018-06-09 17:17:38 - [TEST_STEP][PASSED] - delay: Delayed 1 second(s)

2018-06-09 17:17:39 - [MESSAGE][PASSED] - Delayed 1 second(s)

2018-06-09 17:17:39 - [TEST_STEP][PASSED] - selectOptionByIndex: All options with index in [11] are selected on object 'Object Repository/DispensaryToStore/Page_Dispensary Store/select_--Select--Schedule 1Inj'

2018-06-09 17:17:40 - [MESSAGE][PASSED] - All options with index in [11] are selected on object 'Object Repository/DispensaryToStore/Page_Dispensary Store/select_--Select--Schedule 1Inj'

2018-06-09 17:17:40 - [TEST_STEP][PASSED] - delay: Delayed 1 second(s)

2018-06-09 17:17:41 - [MESSAGE][PASSED] - Delayed 1 second(s)

2018-06-09 17:17:41 - [TEST_STEP][PASSED] - selectOptionByIndex: All options with index in [9] are selected on object 'Object Repository/DispensaryToStore/Page_Dispensary Store/select_--Select--Adernaline 0.'

2018-06-09 17:17:41 - [MESSAGE][PASSED] - All options with index in [9] are selected on object 'Object Repository/DispensaryToStore/Page_Dispensary Store/select_--Select--Adernaline 0.'

2018-06-09 17:17:41 - [TEST_STEP][PASSED] - delay: Delayed 1 second(s)

2018-06-09 17:17:42 - [MESSAGE][PASSED] - Delayed 1 second(s)

2018-06-09 17:17:42 - [TEST_STEP][PASSED] - setText: Text '10' is set on object 'Object Repository/DispensaryToStore/Page_Dispensary Store/input_txttreat'

2018-06-09 17:17:42 - [MESSAGE][PASSED] - Text '10' is set on object 'Object Repository/DispensaryToStore/Page_Dispensary Store/input_txttreat'

2018-06-09 17:17:42 - [TEST_STEP][PASSED] - click: Object: 'Object Repository/DispensaryToStore/Page_Dispensary Store/button_Add' is clicked on

2018-06-09 17:17:42 - [MESSAGE][PASSED] - Object: 'Object Repository/DispensaryToStore/Page_Dispensary Store/button_Add' is clicked on

2018-06-09 17:17:42 - [TEST_STEP][PASSED] - delay: Delayed 1 second(s)

2018-06-09 17:17:43 - [MESSAGE][PASSED] - Delayed 1 second(s)

2018-06-09 17:17:43 - [TEST_STEP][PASSED] - selectOptionByIndex: All options with index in [11] are selected on object 'Object Repository/DispensaryToStore/Page_Dispensary Store/select_--Select--Schedule 1Inj'

2018-06-09 17:17:43 - [MESSAGE][PASSED] - All options with index in [11] are selected on object 'Object Repository/DispensaryToStore/Page_Dispensary Store/select_--Select--Schedule 1Inj'

2018-06-09 17:17:43 - [TEST_STEP][PASSED] - delay: Delayed 1 second(s)

2018-06-09 17:17:44 - [MESSAGE][PASSED] - Delayed 1 second(s)

2018-06-09 17:17:44 - [TEST_STEP][PASSED] - selectOptionByIndex: All options with index in [10] are selected on object 'Object Repository/DispensaryToStore/Page_Dispensary Store/select_--Select--Adernaline 0.'

2018-06-09 17:17:44 - [MESSAGE][PASSED] - All options with index in [10] are selected on object 'Object Repository/DispensaryToStore/Page_Dispensary Store/select_--Select--Adernaline 0.'

2018-06-09 17:17:44 - [TEST_STEP][PASSED] - delay: Delayed 1 second(s)

2018-06-09 17:17:45 - [MESSAGE][PASSED] - Delayed 1 second(s)

2018-06-09 17:17:45 - [TEST_STEP][PASSED] - setText: Text '10' is set on object 'Object Repository/DispensaryToStore/Page_Dispensary Store/input_txttreat'

2018-06-09 17:17:45 - [MESSAGE][PASSED] - Text '10' is set on object 'Object Repository/DispensaryToStore/Page_Dispensary Store/input_txttreat'

2018-06-09 17:17:45 - [TEST_STEP][PASSED] - click: Object: 'Object Repository/DispensaryToStore/Page_Dispensary Store/button_Add' is clicked on

2018-06-09 17:17:46 - [MESSAGE][PASSED] - Object: 'Object Repository/DispensaryToStore/Page_Dispensary Store/button_Add' is clicked on

2018-06-09 17:17:46 - [TEST_STEP][PASSED] - delay: Delayed 1 second(s)

2018-06-09 17:17:47 - [MESSAGE][PASSED] - Delayed 1 second(s)

2018-06-09 17:17:47 - [TEST_STEP][PASSED] - selectOptionByIndex: All options with index in [11] are selected on object 'Object Repository/DispensaryToStore/Page_Dispensary Store/select_--Select--Schedule 1Inj'

2018-06-09 17:17:47 - [MESSAGE][PASSED] - All options with index in [11] are selected on object 'Object Repository/DispensaryToStore/Page_Dispensary Store/select_--Select--Schedule 1Inj'

2018-06-09 17:17:47 - [TEST_STEP][PASSED] - delay: Delayed 1 second(s)

2018-06-09 17:17:48 - [MESSAGE][PASSED] - Delayed 1 second(s)

2018-06-09 17:17:48 - [TEST_STEP][PASSED] - selectOptionByIndex: All options with index in [11] are selected on object 'Object Repository/DispensaryToStore/Page_Dispensary Store/select_--Select--Adernaline 0.'

2018-06-09 17:17:48 - [MESSAGE][PASSED] - All options with index in [11] are selected on object 'Object Repository/DispensaryToStore/Page_Dispensary Store/select_--Select--Adernaline 0.'

2018-06-09 17:17:48 - [TEST_STEP][PASSED] - delay: Delayed 1 second(s)

2018-06-09 17:17:49 - [MESSAGE][PASSED] - Delayed 1 second(s)

2018-06-09 17:17:49 - [TEST_STEP][PASSED] - setText: Text '10' is set on object 'Object Repository/DispensaryToStore/Page_Dispensary Store/input_txttreat'

2018-06-09 17:17:49 - [MESSAGE][PASSED] - Text '10' is set on object 'Object Repository/DispensaryToStore/Page_Dispensary Store/input_txttreat'

2018-06-09 17:17:49 - [TEST_STEP][PASSED] - click: Object: 'Object Repository/DispensaryToStore/Page_Dispensary Store/button_Add' is clicked on

2018-06-09 17:17:49 - [MESSAGE][PASSED] - Object: 'Object Repository/DispensaryToStore/Page_Dispensary Store/button_Add' is clicked on

2018-06-09 17:17:49 - [TEST_STEP][PASSED] - delay: Delayed 1 second(s)

2018-06-09 17:17:50 - [MESSAGE][PASSED] - Delayed 1 second(s)

2018-06-09 17:17:50 - [TEST_STEP][PASSED] - selectOptionByIndex: All options with index in [11] are selected on object 'Object Repository/DispensaryToStore/Page_Dispensary Store/select_--Select--Schedule 1Inj'

2018-06-09 17:17:50 - [MESSAGE][PASSED] - All options with index in [11] are selected on object 'Object Repository/DispensaryToStore/Page_Dispensary Store/select_--Select--Schedule 1Inj'

2018-06-09 17:17:50 - [TEST_STEP][PASSED] - delay: Delayed 1 second(s)

2018-06-09 17:17:51 - [MESSAGE][PASSED] - Delayed 1 second(s)

2018-06-09 17:17:51 - [TEST_STEP][PASSED] - selectOptionByIndex: All options with index in [12] are selected on object 'Object Repository/DispensaryToStore/Page_Dispensary Store/select_--Select--Adernaline 0.'

2018-06-09 17:17:52 - [MESSAGE][PASSED] - All options with index in [12] are selected on object 'Object Repository/DispensaryToStore/Page_Dispensary Store/select_--Select--Adernaline 0.'

2018-06-09 17:17:52 - [TEST_STEP][PASSED] - delay: Delayed 1 second(s)

2018-06-09 17:17:53 - [MESSAGE][PASSED] - Delayed 1 second(s)

2018-06-09 17:17:53 - [TEST_STEP][PASSED] - setText: Text '10' is set on object 'Object Repository/DispensaryToStore/Page_Dispensary Store/input_txttreat'

2018-06-09 17:17:53 - [MESSAGE][PASSED] - Text '10' is set on object 'Object Repository/DispensaryToStore/Page_Dispensary Store/input_txttreat'

2018-06-09 17:17:53 - [TEST_STEP][PASSED] - click: Object: 'Object Repository/DispensaryToStore/Page_Dispensary Store/button_Add' is clicked on

2018-06-09 17:17:53 - [MESSAGE][PASSED] - Object: 'Object Repository/DispensaryToStore/Page_Dispensary Store/button_Add' is clicked on

2018-06-09 17:17:53 - [TEST_STEP][PASSED] - delay: Delayed 1 second(s)

2018-06-09 17:17:54 - [MESSAGE][PASSED] - Delayed 1 second(s)

2018-06-09 17:17:54 - [TEST_STEP][PASSED] - selectOptionByIndex: All options with index in [11] are selected on object 'Object Repository/DispensaryToStore/Page_Dispensary Store/select_--Select--Schedule 1Inj'

2018-06-09 17:17:54 - [MESSAGE][PASSED] - All options with index in [11] are selected on object 'Object Repository/DispensaryToStore/Page_Dispensary Store/select_--Select--Schedule 1Inj'

2018-06-09 17:17:54 - [TEST_STEP][PASSED] - delay: Delayed 1 second(s)

2018-06-09 17:17:55 - [MESSAGE][PASSED] - Delayed 1 second(s)

2018-06-09 17:17:55 - [TEST_STEP][PASSED] - selectOptionByIndex: All options with index in [13] are selected on object 'Object Repository/DispensaryToStore/Page_Dispensary Store/select_--Select--Adernaline 0.'

2018-06-09 17:17:55 - [MESSAGE][PASSED] - All options with index in [13] are selected on object 'Object Repository/DispensaryToStore/Page_Dispensary Store/select_--Select--Adernaline 0.'

2018-06-09 17:17:55 - [TEST_STEP][PASSED] - delay: Delayed 1 second(s)

2018-06-09 17:17:56 - [MESSAGE][PASSED] - Delayed 1 second(s)

2018-06-09 17:17:56 - [TEST_STEP][PASSED] - setText: Text '10' is set on object 'Object Repository/DispensaryToStore/Page_Dispensary Store/input_txttreat'

2018-06-09 17:17:56 - [MESSAGE][PASSED] - Text '10' is set on object 'Object Repository/DispensaryToStore/Page_Dispensary Store/input_txttreat'

2018-06-09 17:17:56 - [TEST_STEP][PASSED] - click: Object: 'Object Repository/DispensaryToStore/Page_Dispensary Store/button_Add' is clicked on

2018-06-09 17:17:57 - [MESSAGE][PASSED] - Object: 'Object Repository/DispensaryToStore/Page_Dispensary Store/button_Add' is clicked on

2018-06-09 17:17:57 - [TEST_STEP][PASSED] - delay: Delayed 1 second(s)

2018-06-09 17:17:58 - [MESSAGE][PASSED] - Delayed 1 second(s)

2018-06-09 17:17:58 - [TEST_STEP][PASSED] - selectOptionByIndex: All options with index in [11] are selected on object 'Object Repository/DispensaryToStore/Page_Dispensary Store/select_--Select--Schedule 1Inj'

2018-06-09 17:17:58 - [MESSAGE][PASSED] - All options with index in [11] are selected on object 'Object Repository/DispensaryToStore/Page_Dispensary Store/select_--Select--Schedule 1Inj'

2018-06-09 17:17:58 - [TEST_STEP][PASSED] - delay: Delayed 1 second(s)

2018-06-09 17:17:59 - [MESSAGE][PASSED] - Delayed 1 second(s)

2018-06-09 17:17:59 - [TEST_STEP][PASSED] - selectOptionByIndex: All options with index in [14] are selected on object 'Object Repository/DispensaryToStore/Page_Dispensary Store/select_--Select--Adernaline 0.'

2018-06-09 17:17:59 - [MESSAGE][PASSED] - All options with index in [14] are selected on object 'Object Repository/DispensaryToStore/Page_Dispensary Store/select_--Select--Adernaline 0.'

2018-06-09 17:17:59 - [TEST_STEP][PASSED] - delay: Delayed 1 second(s)

2018-06-09 17:18:00 - [MESSAGE][PASSED] - Delayed 1 second(s)

2018-06-09 17:18:00 - [TEST_STEP][PASSED] - setText: Text '10' is set on object 'Object Repository/DispensaryToStore/Page_Dispensary Store/input_txttreat'

2018-06-09 17:18:00 - [MESSAGE][PASSED] - Text '10' is set on object 'Object Repository/DispensaryToStore/Page_Dispensary Store/input_txttreat'

2018-06-09 17:18:00 - [TEST_STEP][PASSED] - click: Object: 'Object Repository/DispensaryToStore/Page_Dispensary Store/button_Add' is clicked on

2018-06-09 17:18:00 - [MESSAGE][PASSED] - Object: 'Object Repository/DispensaryToStore/Page_Dispensary Store/button_Add' is clicked on

2018-06-09 17:18:00 - [TEST_STEP][PASSED] - delay: Delayed 1 second(s)

2018-06-09 17:18:01 - [MESSAGE][PASSED] - Delayed 1 second(s)

2018-06-09 17:18:01 - [TEST_STEP][PASSED] - selectOptionByIndex: All options with index in [11] are selected on object 'Object Repository/DispensaryToStore/Page_Dispensary Store/select_--Select--Schedule 1Inj'

2018-06-09 17:18:02 - [MESSAGE][PASSED] - All options with index in [11] are selected on object 'Object Repository/DispensaryToStore/Page_Dispensary Store/select_--Select--Schedule 1Inj'

2018-06-09 17:18:02 - [TEST_STEP][PASSED] - delay: Delayed 1 second(s)

2018-06-09 17:18:03 - [MESSAGE][PASSED] - Delayed 1 second(s)

2018-06-09 17:18:03 - [TEST_STEP][PASSED] - selectOptionByIndex: All options with index in [15] are selected on object 'Object Repository/DispensaryToStore/Page_Dispensary Store/select_--Select--Adernaline 0.'

2018-06-09 17:18:03 - [MESSAGE][PASSED] - All options with index in [15] are selected on object 'Object Repository/DispensaryToStore/Page_Dispensary Store/select_--Select--Adernaline 0.'

2018-06-09 17:18:03 - [TEST_STEP][PASSED] - delay: Delayed 1 second(s)

2018-06-09 17:18:04 - [MESSAGE][PASSED] - Delayed 1 second(s)

2018-06-09 17:18:04 - [TEST_STEP][PASSED] - setText: Text '10' is set on object 'Object Repository/DispensaryToStore/Page_Dispensary Store/input_txttreat'

2018-06-09 17:18:04 - [MESSAGE][PASSED] - Text '10' is set on object 'Object Repository/DispensaryToStore/Page_Dispensary Store/input_txttreat'

2018-06-09 17:18:04 - [TEST_STEP][PASSED] - click: Object: 'Object Repository/DispensaryToStore/Page_Dispensary Store/button_Add' is clicked on

2018-06-09 17:18:04 - [MESSAGE][PASSED] - Object: 'Object Repository/DispensaryToStore/Page_Dispensary Store/button_Add' is clicked on

2018-06-09 17:18:04 - [TEST_STEP][PASSED] - delay: Delayed 1 second(s)

2018-06-09 17:18:05 - [MESSAGE][PASSED] - Delayed 1 second(s)

2018-06-09 17:18:05 - [TEST_STEP][PASSED] - selectOptionByIndex: All options with index in [11] are selected on object 'Object Repository/DispensaryToStore/Page_Dispensary Store/select_--Select--Schedule 1Inj'

2018-06-09 17:18:05 - [MESSAGE][PASSED] - All options with index in [11] are selected on object 'Object Repository/DispensaryToStore/Page_Dispensary Store/select_--Select--Schedule 1Inj'

2018-06-09 17:18:05 - [TEST_STEP][PASSED] - delay: Delayed 1 second(s)

2018-06-09 17:18:06 - [MESSAGE][PASSED] - Delayed 1 second(s)

2018-06-09 17:18:06 - [TEST_STEP][PASSED] - selectOptionByIndex: All options with index in [16] are selected on object 'Object Repository/DispensaryToStore/Page_Dispensary Store/select_--Select--Adernaline 0.'

2018-06-09 17:18:07 - [MESSAGE][PASSED] - All options with index in [16] are selected on object 'Object Repository/DispensaryToStore/Page_Dispensary Store/select_--Select--Adernaline 0.'

2018-06-09 17:18:07 - [TEST_STEP][PASSED] - delay: Delayed 1 second(s)

2018-06-09 17:18:08 - [MESSAGE][PASSED] - Delayed 1 second(s)

2018-06-09 17:18:08 - [TEST_STEP][PASSED] - setText: Text '10' is set on object 'Object Repository/DispensaryToStore/Page_Dispensary Store/input_txttreat'

2018-06-09 17:18:08 - [MESSAGE][PASSED] - Text '10' is set on object 'Object Repository/DispensaryToStore/Page_Dispensary Store/input_txttreat'

2018-06-09 17:18:08 - [TEST_STEP][PASSED] - click: Object: 'Object Repository/DispensaryToStore/Page_Dispensary Store/button_Add' is clicked on

2018-06-09 17:18:08 - [MESSAGE][PASSED] - Object: 'Object Repository/DispensaryToStore/Page_Dispensary Store/button_Add' is clicked on

2018-06-09 17:18:08 - [TEST_STEP][PASSED] - delay: Delayed 1 second(s)

2018-06-09 17:18:09 - [MESSAGE][PASSED] - Delayed 1 second(s)

2018-06-09 17:18:09 - [TEST_STEP][PASSED] - selectOptionByIndex: All options with index in [11] are selected on object 'Object Repository/DispensaryToStore/Page_Dispensary Store/select_--Select--Schedule 1Inj'

2018-06-09 17:18:09 - [MESSAGE][PASSED] - All options with index in [11] are selected on object 'Object Repository/DispensaryToStore/Page_Dispensary Store/select_--Select--Schedule 1Inj'

2018-06-09 17:18:09 - [TEST_STEP][PASSED] - delay: Delayed 1 second(s)

2018-06-09 17:18:10 - [MESSAGE][PASSED] - Delayed 1 second(s)

2018-06-09 17:18:10 - [TEST_STEP][PASSED] - selectOptionByIndex: All options with index in [17] are selected on object 'Object Repository/DispensaryToStore/Page_Dispensary Store/select_--Select--Adernaline 0.'

2018-06-09 17:18:10 - [MESSAGE][PASSED] - All options with index in [17] are selected on object 'Object Repository/DispensaryToStore/Page_Dispensary Store/select_--Select--Adernaline 0.'

2018-06-09 17:18:10 - [TEST_STEP][PASSED] - delay: Delayed 1 second(s)

2018-06-09 17:18:11 - [MESSAGE][PASSED] - Delayed 1 second(s)

2018-06-09 17:18:11 - [TEST_STEP][PASSED] - setText: Text '10' is set on object 'Object Repository/DispensaryToStore/Page_Dispensary Store/input_txttreat'

2018-06-09 17:18:11 - [MESSAGE][PASSED] - Text '10' is set on object 'Object Repository/DispensaryToStore/Page_Dispensary Store/input_txttreat'

2018-06-09 17:18:11 - [TEST_STEP][PASSED] - click: Object: 'Object Repository/DispensaryToStore/Page_Dispensary Store/button_Add' is clicked on

2018-06-09 17:18:11 - [MESSAGE][PASSED] - Object: 'Object Repository/DispensaryToStore/Page_Dispensary Store/button_Add' is clicked on

2018-06-09 17:18:11 - [TEST_STEP][PASSED] - delay: Delayed 1 second(s)

2018-06-09 17:18:12 - [MESSAGE][PASSED] - Delayed 1 second(s)

2018-06-09 17:18:12 - [TEST_STEP][PASSED] - selectOptionByIndex: All options with index in [11] are selected on object 'Object Repository/DispensaryToStore/Page_Dispensary Store/select_--Select--Schedule 1Inj'

2018-06-09 17:18:13 - [MESSAGE][PASSED] - All options with index in [11] are selected on object 'Object Repository/DispensaryToStore/Page_Dispensary Store/select_--Select--Schedule 1Inj'

2018-06-09 17:18:13 - [TEST_STEP][PASSED] - delay: Delayed 1 second(s)

2018-06-09 17:18:14 - [MESSAGE][PASSED] - Delayed 1 second(s)

2018-06-09 17:18:14 - [TEST_STEP][PASSED] - selectOptionByIndex: All options with index in [18] are selected on object 'Object Repository/DispensaryToStore/Page_Dispensary Store/select_--Select--Adernaline 0.'

2018-06-09 17:18:14 - [MESSAGE][PASSED] - All options with index in [18] are selected on object 'Object Repository/DispensaryToStore/Page_Dispensary Store/select_--Select--Adernaline 0.'

2018-06-09 17:18:14 - [TEST_STEP][PASSED] - delay: Delayed 1 second(s)

2018-06-09 17:18:15 - [MESSAGE][PASSED] - Delayed 1 second(s)

2018-06-09 17:18:15 - [TEST_STEP][PASSED] - setText: Text '10' is set on object 'Object Repository/DispensaryToStore/Page_Dispensary Store/input_txttreat'

2018-06-09 17:18:15 - [MESSAGE][PASSED] - Text '10' is set on object 'Object Repository/DispensaryToStore/Page_Dispensary Store/input_txttreat'

2018-06-09 17:18:15 - [TEST_STEP][PASSED] - click: Object: 'Object Repository/DispensaryToStore/Page_Dispensary Store/button_Add' is clicked on

2018-06-09 17:18:15 - [MESSAGE][PASSED] - Object: 'Object Repository/DispensaryToStore/Page_Dispensary Store/button_Add' is clicked on

2018-06-09 17:18:15 - [TEST_STEP][PASSED] - delay: Delayed 1 second(s)

2018-06-09 17:18:16 - [MESSAGE][PASSED] - Delayed 1 second(s)

2018-06-09 17:18:16 - [TEST_STEP][PASSED] - selectOptionByIndex: All options with index in [11] are selected on object 'Object Repository/DispensaryToStore/Page_Dispensary Store/select_--Select--Schedule 1Inj'

2018-06-09 17:18:16 - [MESSAGE][PASSED] - All options with index in [11] are selected on object 'Object Repository/DispensaryToStore/Page_Dispensary Store/select_--Select--Schedule 1Inj'

2018-06-09 17:18:16 - [TEST_STEP][PASSED] - delay: Delayed 1 second(s)

2018-06-09 17:18:17 - [MESSAGE][PASSED] - Delayed 1 second(s)

2018-06-09 17:18:17 - [TEST_STEP][PASSED] - selectOptionByIndex: All options with index in [19] are selected on object 'Object Repository/DispensaryToStore/Page_Dispensary Store/select_--Select--Adernaline 0.'

2018-06-09 17:18:18 - [MESSAGE][PASSED] - All options with index in [19] are selected on object 'Object Repository/DispensaryToStore/Page_Dispensary Store/select_--Select--Adernaline 0.'

2018-06-09 17:18:18 - [TEST_STEP][PASSED] - delay: Delayed 1 second(s)

2018-06-09 17:18:19 - [MESSAGE][PASSED] - Delayed 1 second(s)

2018-06-09 17:18:19 - [TEST_STEP][PASSED] - setText: Text '10' is set on object 'Object Repository/DispensaryToStore/Page_Dispensary Store/input_txttreat'

2018-06-09 17:18:19 - [MESSAGE][PASSED] - Text '10' is set on object 'Object Repository/DispensaryToStore/Page_Dispensary Store/input_txttreat'

2018-06-09 17:18:19 - [TEST_STEP][PASSED] - click: Object: 'Object Repository/DispensaryToStore/Page_Dispensary Store/button_Add' is clicked on

2018-06-09 17:18:19 - [MESSAGE][PASSED] - Object: 'Object Repository/DispensaryToStore/Page_Dispensary Store/button_Add' is clicked on

2018-06-09 17:18:19 - [TEST_STEP][PASSED] - delay: Delayed 1 second(s)

2018-06-09 17:18:20 - [MESSAGE][PASSED] - Delayed 1 second(s)

2018-06-09 17:18:20 - [TEST_STEP][PASSED] - selectOptionByIndex: All options with index in [11] are selected on object 'Object Repository/DispensaryToStore/Page_Dispensary Store/select_--Select--Schedule 1Inj'

2018-06-09 17:18:20 - [MESSAGE][PASSED] - All options with index in [11] are selected on object 'Object Repository/DispensaryToStore/Page_Dispensary Store/select_--Select--Schedule 1Inj'

2018-06-09 17:18:20 - [TEST_STEP][PASSED] - delay: Delayed 1 second(s)

2018-06-09 17:18:21 - [MESSAGE][PASSED] - Delayed 1 second(s)

2018-06-09 17:18:21 - [TEST_STEP][PASSED] - selectOptionByIndex: All options with index in [20] are selected on object 'Object Repository/DispensaryToStore/Page_Dispensary Store/select_--Select--Adernaline 0.'

2018-06-09 17:18:22 - [MESSAGE][PASSED] - All options with index in [20] are selected on object 'Object Repository/DispensaryToStore/Page_Dispensary Store/select_--Select--Adernaline 0.'

2018-06-09 17:18:22 - [TEST_STEP][PASSED] - delay: Delayed 1 second(s)

2018-06-09 17:18:23 - [MESSAGE][PASSED] - Delayed 1 second(s)

2018-06-09 17:18:23 - [TEST_STEP][PASSED] - setText: Text '10' is set on object 'Object Repository/DispensaryToStore/Page_Dispensary Store/input_txttreat'

2018-06-09 17:18:23 - [MESSAGE][PASSED] - Text '10' is set on object 'Object Repository/DispensaryToStore/Page_Dispensary Store/input_txttreat'

2018-06-09 17:18:23 - [TEST_STEP][PASSED] - click: Object: 'Object Repository/DispensaryToStore/Page_Dispensary Store/button_Add' is clicked on

2018-06-09 17:18:23 - [MESSAGE][PASSED] - Object: 'Object Repository/DispensaryToStore/Page_Dispensary Store/button_Add' is clicked on

2018-06-09 17:18:23 - [TEST_STEP][PASSED] - delay: Delayed 1 second(s)

2018-06-09 17:18:24 - [MESSAGE][PASSED] - Delayed 1 second(s)

2018-06-09 17:18:24 - [TEST_STEP][PASSED] - selectOptionByIndex: All options with index in [11] are selected on object 'Object Repository/DispensaryToStore/Page_Dispensary Store/select_--Select--Schedule 1Inj'

2018-06-09 17:18:24 - [MESSAGE][PASSED] - All options with index in [11] are selected on object 'Object Repository/DispensaryToStore/Page_Dispensary Store/select_--Select--Schedule 1Inj'

2018-06-09 17:18:24 - [TEST_STEP][PASSED] - delay: Delayed 1 second(s)

2018-06-09 17:18:25 - [MESSAGE][PASSED] - Delayed 1 second(s)

2018-06-09 17:18:25 - [TEST_STEP][PASSED] - selectOptionByIndex: All options with index in [21] are selected on object 'Object Repository/DispensaryToStore/Page_Dispensary Store/select_--Select--Adernaline 0.'

2018-06-09 17:18:25 - [MESSAGE][PASSED] - All options with index in [21] are selected on object 'Object Repository/DispensaryToStore/Page_Dispensary Store/select_--Select--Adernaline 0.'

2018-06-09 17:18:25 - [TEST_STEP][PASSED] - delay: Delayed 1 second(s)

2018-06-09 17:18:26 - [MESSAGE][PASSED] - Delayed 1 second(s)

2018-06-09 17:18:26 - [TEST_STEP][PASSED] - setText: Text '10' is set on object 'Object Repository/DispensaryToStore/Page_Dispensary Store/input_txttreat'

2018-06-09 17:18:26 - [MESSAGE][PASSED] - Text '10' is set on object 'Object Repository/DispensaryToStore/Page_Dispensary Store/input_txttreat'

2018-06-09 17:18:26 - [TEST_STEP][PASSED] - click: Object: 'Object Repository/DispensaryToStore/Page_Dispensary Store/button_Add' is clicked on

2018-06-09 17:18:27 - [MESSAGE][PASSED] - Object: 'Object Repository/DispensaryToStore/Page_Dispensary Store/button_Add' is clicked on

2018-06-09 17:18:27 - [TEST_STEP][PASSED] - delay: Delayed 1 second(s)

2018-06-09 17:18:28 - [MESSAGE][PASSED] - Delayed 1 second(s)

2018-06-09 17:18:28 - [TEST_STEP][PASSED] - selectOptionByIndex: All options with index in [11] are selected on object 'Object Repository/DispensaryToStore/Page_Dispensary Store/select_--Select--Schedule 1Inj'

2018-06-09 17:18:28 - [MESSAGE][PASSED] - All options with index in [11] are selected on object 'Object Repository/DispensaryToStore/Page_Dispensary Store/select_--Select--Schedule 1Inj'

2018-06-09 17:18:28 - [TEST_STEP][PASSED] - delay: Delayed 1 second(s)

2018-06-09 17:18:29 - [MESSAGE][PASSED] - Delayed 1 second(s)

2018-06-09 17:18:29 - [TEST_STEP][PASSED] - selectOptionByIndex: All options with index in [22] are selected on object 'Object Repository/DispensaryToStore/Page_Dispensary Store/select_--Select--Adernaline 0.'

2018-06-09 17:18:29 - [MESSAGE][PASSED] - All options with index in [22] are selected on object 'Object Repository/DispensaryToStore/Page_Dispensary Store/select_--Select--Adernaline 0.'

2018-06-09 17:18:29 - [TEST_STEP][PASSED] - delay: Delayed 1 second(s)

2018-06-09 17:18:30 - [MESSAGE][PASSED] - Delayed 1 second(s)

2018-06-09 17:18:30 - [TEST_STEP][PASSED] - setText: Text '10' is set on object 'Object Repository/DispensaryToStore/Page_Dispensary Store/input_txttreat'

2018-06-09 17:18:30 - [MESSAGE][PASSED] - Text '10' is set on object 'Object Repository/DispensaryToStore/Page_Dispensary Store/input_txttreat'

2018-06-09 17:18:30 - [TEST_STEP][PASSED] - click: Object: 'Object Repository/DispensaryToStore/Page_Dispensary Store/button_Add' is clicked on

2018-06-09 17:18:30 - [MESSAGE][PASSED] - Object: 'Object Repository/DispensaryToStore/Page_Dispensary Store/button_Add' is clicked on

2018-06-09 17:18:30 - [TEST_STEP][PASSED] - delay: Delayed 1 second(s)

2018-06-09 17:18:31 - [MESSAGE][PASSED] - Delayed 1 second(s)

2018-06-09 17:18:31 - [TEST_STEP][PASSED] - selectOptionByIndex: All options with index in [11] are selected on object 'Object Repository/DispensaryToStore/Page_Dispensary Store/select_--Select--Schedule 1Inj'

2018-06-09 17:18:32 - [MESSAGE][PASSED] - All options with index in [11] are selected on object 'Object Repository/DispensaryToStore/Page_Dispensary Store/select_--Select--Schedule 1Inj'

2018-06-09 17:18:32 - [TEST_STEP][PASSED] - delay: Delayed 1 second(s)

2018-06-09 17:18:33 - [MESSAGE][PASSED] - Delayed 1 second(s)

2018-06-09 17:18:33 - [TEST_STEP][PASSED] - selectOptionByIndex: All options with index in [23] are selected on object 'Object Repository/DispensaryToStore/Page_Dispensary Store/select_--Select--Adernaline 0.'

2018-06-09 17:18:33 - [MESSAGE][PASSED] - All options with index in [23] are selected on object 'Object Repository/DispensaryToStore/Page_Dispensary Store/select_--Select--Adernaline 0.'

2018-06-09 17:18:33 - [TEST_STEP][PASSED] - delay: Delayed 1 second(s)

2018-06-09 17:18:34 - [MESSAGE][PASSED] - Delayed 1 second(s)

2018-06-09 17:18:34 - [TEST_STEP][PASSED] - setText: Text '10' is set on object 'Object Repository/DispensaryToStore/Page_Dispensary Store/input_txttreat'

2018-06-09 17:18:34 - [MESSAGE][PASSED] - Text '10' is set on object 'Object Repository/DispensaryToStore/Page_Dispensary Store/input_txttreat'

2018-06-09 17:18:34 - [TEST_STEP][PASSED] - click: Object: 'Object Repository/DispensaryToStore/Page_Dispensary Store/button_Add' is clicked on

2018-06-09 17:18:34 - [MESSAGE][PASSED] - Object: 'Object Repository/DispensaryToStore/Page_Dispensary Store/button_Add' is clicked on

2018-06-09 17:18:34 - [TEST_STEP][PASSED] - delay: Delayed 1 second(s)

2018-06-09 17:18:35 - [MESSAGE][PASSED] - Delayed 1 second(s)

2018-06-09 17:18:35 - [TEST_STEP][PASSED] - selectOptionByIndex: All options with index in [11] are selected on object 'Object Repository/DispensaryToStore/Page_Dispensary Store/select_--Select--Schedule 1Inj'

2018-06-09 17:18:35 - [MESSAGE][PASSED] - All options with index in [11] are selected on object 'Object Repository/DispensaryToStore/Page_Dispensary Store/select_--Select--Schedule 1Inj'

2018-06-09 17:18:35 - [TEST_STEP][PASSED] - delay: Delayed 1 second(s)

2018-06-09 17:18:36 - [MESSAGE][PASSED] - Delayed 1 second(s)

2018-06-09 17:18:36 - [TEST_STEP][PASSED] - selectOptionByIndex: All options with index in [24] are selected on object 'Object Repository/DispensaryToStore/Page_Dispensary Store/select_--Select--Adernaline 0.'

2018-06-09 17:18:37 - [MESSAGE][PASSED] - All options with index in [24] are selected on object 'Object Repository/DispensaryToStore/Page_Dispensary Store/select_--Select--Adernaline 0.'

2018-06-09 17:18:37 - [TEST_STEP][PASSED] - delay: Delayed 1 second(s)

2018-06-09 17:18:38 - [MESSAGE][PASSED] - Delayed 1 second(s)

2018-06-09 17:18:38 - [TEST_STEP][PASSED] - setText: Text '10' is set on object 'Object Repository/DispensaryToStore/Page_Dispensary Store/input_txttreat'

2018-06-09 17:18:38 - [MESSAGE][PASSED] - Text '10' is set on object 'Object Repository/DispensaryToStore/Page_Dispensary Store/input_txttreat'

2018-06-09 17:18:38 - [TEST_STEP][PASSED] - click: Object: 'Object Repository/DispensaryToStore/Page_Dispensary Store/button_Add' is clicked on

2018-06-09 17:18:38 - [MESSAGE][PASSED] - Object: 'Object Repository/DispensaryToStore/Page_Dispensary Store/button_Add' is clicked on

2018-06-09 17:18:38 - [TEST_STEP][PASSED] - delay: Delayed 1 second(s)

2018-06-09 17:18:39 - [MESSAGE][PASSED] - Delayed 1 second(s)

2018-06-09 17:18:39 - [TEST_STEP][PASSED] - selectOptionByIndex: All options with index in [11] are selected on object 'Object Repository/DispensaryToStore/Page_Dispensary Store/select_--Select--Schedule 1Inj'

2018-06-09 17:18:39 - [MESSAGE][PASSED] - All options with index in [11] are selected on object 'Object Repository/DispensaryToStore/Page_Dispensary Store/select_--Select--Schedule 1Inj'

2018-06-09 17:18:39 - [TEST_STEP][PASSED] - delay: Delayed 1 second(s)

2018-06-09 17:18:40 - [MESSAGE][PASSED] - Delayed 1 second(s)

2018-06-09 17:18:40 - [TEST_STEP][PASSED] - selectOptionByIndex: All options with index in [25] are selected on object 'Object Repository/DispensaryToStore/Page_Dispensary Store/select_--Select--Adernaline 0.'

2018-06-09 17:18:41 - [MESSAGE][PASSED] - All options with index in [25] are selected on object 'Object Repository/DispensaryToStore/Page_Dispensary Store/select_--Select--Adernaline 0.'

2018-06-09 17:18:41 - [TEST_STEP][PASSED] - delay: Delayed 1 second(s)

2018-06-09 17:18:42 - [MESSAGE][PASSED] - Delayed 1 second(s)

2018-06-09 17:18:42 - [TEST_STEP][PASSED] - setText: Text '10' is set on object 'Object Repository/DispensaryToStore/Page_Dispensary Store/input_txttreat'

2018-06-09 17:18:42 - [MESSAGE][PASSED] - Text '10' is set on object 'Object Repository/DispensaryToStore/Page_Dispensary Store/input_txttreat'

2018-06-09 17:18:42 - [TEST_STEP][PASSED] - click: Object: 'Object Repository/DispensaryToStore/Page_Dispensary Store/button_Add' is clicked on

2018-06-09 17:18:42 - [MESSAGE][PASSED] - Object: 'Object Repository/DispensaryToStore/Page_Dispensary Store/button_Add' is clicked on

2018-06-09 17:18:42 - [TEST_STEP][PASSED] - delay: Delayed 1 second(s)

2018-06-09 17:18:43 - [MESSAGE][PASSED] - Delayed 1 second(s)

2018-06-09 17:18:43 - [TEST_STEP][PASSED] - selectOptionByIndex: All options with index in [11] are selected on object 'Object Repository/DispensaryToStore/Page_Dispensary Store/select_--Select--Schedule 1Inj'

2018-06-09 17:18:43 - [MESSAGE][PASSED] - All options with index in [11] are selected on object 'Object Repository/DispensaryToStore/Page_Dispensary Store/select_--Select--Schedule 1Inj'

2018-06-09 17:18:43 - [TEST_STEP][PASSED] - delay: Delayed 1 second(s)

2018-06-09 17:18:44 - [MESSAGE][PASSED] - Delayed 1 second(s)

2018-06-09 17:18:44 - [TEST_STEP][PASSED] - selectOptionByIndex: All options with index in [26] are selected on object 'Object Repository/DispensaryToStore/Page_Dispensary Store/select_--Select--Adernaline 0.'

2018-06-09 17:18:44 - [MESSAGE][PASSED] - All options with index in [26] are selected on object 'Object Repository/DispensaryToStore/Page_Dispensary Store/select_--Select--Adernaline 0.'

2018-06-09 17:18:44 - [TEST_STEP][PASSED] - delay: Delayed 1 second(s)

2018-06-09 17:18:45 - [MESSAGE][PASSED] - Delayed 1 second(s)

2018-06-09 17:18:45 - [TEST_STEP][PASSED] - setText: Text '10' is set on object 'Object Repository/DispensaryToStore/Page_Dispensary Store/input_txttreat'

2018-06-09 17:18:46 - [MESSAGE][PASSED] - Text '10' is set on object 'Object Repository/DispensaryToStore/Page_Dispensary Store/input_txttreat'

2018-06-09 17:18:46 - [TEST_STEP][PASSED] - click: Object: 'Object Repository/DispensaryToStore/Page_Dispensary Store/button_Add' is clicked on

2018-06-09 17:18:46 - [MESSAGE][PASSED] - Object: 'Object Repository/DispensaryToStore/Page_Dispensary Store/button_Add' is clicked on

2018-06-09 17:18:46 - [TEST_STEP][PASSED] - delay: Delayed 1 second(s)

2018-06-09 17:18:47 - [MESSAGE][PASSED] - Delayed 1 second(s)

2018-06-09 17:18:47 - [TEST_STEP][PASSED] - selectOptionByIndex: All options with index in [11] are selected on object 'Object Repository/DispensaryToStore/Page_Dispensary Store/select_--Select--Schedule 1Inj'

2018-06-09 17:18:47 - [MESSAGE][PASSED] - All options with index in [11] are selected on object 'Object Repository/DispensaryToStore/Page_Dispensary Store/select_--Select--Schedule 1Inj'

2018-06-09 17:18:47 - [TEST_STEP][PASSED] - delay: Delayed 1 second(s)

2018-06-09 17:18:48 - [MESSAGE][PASSED] - Delayed 1 second(s)

2018-06-09 17:18:48 - [TEST_STEP][PASSED] - selectOptionByIndex: All options with index in [27] are selected on object 'Object Repository/DispensaryToStore/Page_Dispensary Store/select_--Select--Adernaline 0.'

2018-06-09 17:18:48 - [MESSAGE][PASSED] - All options with index in [27] are selected on object 'Object Repository/DispensaryToStore/Page_Dispensary Store/select_--Select--Adernaline 0.'

2018-06-09 17:18:48 - [TEST_STEP][PASSED] - delay: Delayed 1 second(s)

2018-06-09 17:18:49 - [MESSAGE][PASSED] - Delayed 1 second(s)

2018-06-09 17:18:49 - [TEST_STEP][PASSED] - setText: Text '10' is set on object 'Object Repository/DispensaryToStore/Page_Dispensary Store/input_txttreat'

2018-06-09 17:18:49 - [MESSAGE][PASSED] - Text '10' is set on object 'Object Repository/DispensaryToStore/Page_Dispensary Store/input_txttreat'

2018-06-09 17:18:49 - [TEST_STEP][PASSED] - click: Object: 'Object Repository/DispensaryToStore/Page_Dispensary Store/button_Add' is clicked on

2018-06-09 17:18:49 - [MESSAGE][PASSED] - Object: 'Object Repository/DispensaryToStore/Page_Dispensary Store/button_Add' is clicked on

2018-06-09 17:18:49 - [TEST_STEP][PASSED] - delay: Delayed 1 second(s)

2018-06-09 17:18:50 - [MESSAGE][PASSED] - Delayed 1 second(s)

2018-06-09 17:18:50 - [TEST_STEP][PASSED] - selectOptionByIndex: All options with index in [11] are selected on object 'Object Repository/DispensaryToStore/Page_Dispensary Store/select_--Select--Schedule 1Inj'

2018-06-09 17:18:51 - [MESSAGE][PASSED] - All options with index in [11] are selected on object 'Object Repository/DispensaryToStore/Page_Dispensary Store/select_--Select--Schedule 1Inj'

2018-06-09 17:18:51 - [TEST_STEP][PASSED] - delay: Delayed 1 second(s)

2018-06-09 17:18:52 - [MESSAGE][PASSED] - Delayed 1 second(s)

2018-06-09 17:18:52 - [TEST_STEP][PASSED] - selectOptionByIndex: All options with index in [28] are selected on object 'Object Repository/DispensaryToStore/Page_Dispensary Store/select_--Select--Adernaline 0.'

2018-06-09 17:18:52 - [MESSAGE][PASSED] - All options with index in [28] are selected on object 'Object Repository/DispensaryToStore/Page_Dispensary Store/select_--Select--Adernaline 0.'

2018-06-09 17:18:52 - [TEST_STEP][PASSED] - delay: Delayed 1 second(s)

2018-06-09 17:18:53 - [MESSAGE][PASSED] - Delayed 1 second(s)

2018-06-09 17:18:53 - [TEST_STEP][PASSED] - setText: Text '10' is set on object 'Object Repository/DispensaryToStore/Page_Dispensary Store/input_txttreat'

2018-06-09 17:18:53 - [MESSAGE][PASSED] - Text '10' is set on object 'Object Repository/DispensaryToStore/Page_Dispensary Store/input_txttreat'

2018-06-09 17:18:53 - [TEST_STEP][PASSED] - click: Object: 'Object Repository/DispensaryToStore/Page_Dispensary Store/button_Add' is clicked on

2018-06-09 17:18:53 - [MESSAGE][PASSED] - Object: 'Object Repository/DispensaryToStore/Page_Dispensary Store/button_Add' is clicked on

2018-06-09 17:18:53 - [TEST_STEP][PASSED] - delay: Delayed 1 second(s)

2018-06-09 17:18:54 - [MESSAGE][PASSED] - Delayed 1 second(s)

2018-06-09 17:18:54 - [TEST_STEP][PASSED] - selectOptionByIndex: All options with index in [11] are selected on object 'Object Repository/DispensaryToStore/Page_Dispensary Store/select_--Select--Schedule 1Inj'

2018-06-09 17:18:55 - [MESSAGE][PASSED] - All options with index in [11] are selected on object 'Object Repository/DispensaryToStore/Page_Dispensary Store/select_--Select--Schedule 1Inj'

2018-06-09 17:18:55 - [TEST_STEP][PASSED] - delay: Delayed 1 second(s)

2018-06-09 17:18:56 - [MESSAGE][PASSED] - Delayed 1 second(s)

2018-06-09 17:18:56 - [TEST_STEP][PASSED] - selectOptionByIndex: All options with index in [29] are selected on object 'Object Repository/DispensaryToStore/Page_Dispensary Store/select_--Select--Adernaline 0.'

2018-06-09 17:18:56 - [MESSAGE][PASSED] - All options with index in [29] are selected on object 'Object Repository/DispensaryToStore/Page_Dispensary Store/select_--Select--Adernaline 0.'

2018-06-09 17:18:56 - [TEST_STEP][PASSED] - delay: Delayed 1 second(s)

2018-06-09 17:18:57 - [MESSAGE][PASSED] - Delayed 1 second(s)

2018-06-09 17:18:57 - [TEST_STEP][PASSED] - setText: Text '10' is set on object 'Object Repository/DispensaryToStore/Page_Dispensary Store/input_txttreat'

2018-06-09 17:18:57 - [MESSAGE][PASSED] - Text '10' is set on object 'Object Repository/DispensaryToStore/Page_Dispensary Store/input_txttreat'

2018-06-09 17:18:57 - [TEST_STEP][PASSED] - click: Object: 'Object Repository/DispensaryToStore/Page_Dispensary Store/button_Add' is clicked on

2018-06-09 17:18:57 - [MESSAGE][PASSED] - Object: 'Object Repository/DispensaryToStore/Page_Dispensary Store/button_Add' is clicked on

2018-06-09 17:18:57 - [TEST_STEP][PASSED] - delay: Delayed 1 second(s)

2018-06-09 17:18:58 - [MESSAGE][PASSED] - Delayed 1 second(s)

2018-06-09 17:18:58 - [TEST_STEP][PASSED] - selectOptionByIndex: All options with index in [11] are selected on object 'Object Repository/DispensaryToStore/Page_Dispensary Store/select_--Select--Schedule 1Inj'

2018-06-09 17:18:58 - [MESSAGE][PASSED] - All options with index in [11] are selected on object 'Object Repository/DispensaryToStore/Page_Dispensary Store/select_--Select--Schedule 1Inj'

2018-06-09 17:18:58 - [TEST_STEP][PASSED] - delay: Delayed 1 second(s)

2018-06-09 17:18:59 - [MESSAGE][PASSED] - Delayed 1 second(s)

2018-06-09 17:18:59 - [TEST_STEP][PASSED] - selectOptionByIndex: All options with index in [30] are selected on object 'Object Repository/DispensaryToStore/Page_Dispensary Store/select_--Select--Adernaline 0.'

2018-06-09 17:19:00 - [MESSAGE][PASSED] - All options with index in [30] are selected on object 'Object Repository/DispensaryToStore/Page_Dispensary Store/select_--Select--Adernaline 0.'

2018-06-09 17:19:00 - [TEST_STEP][PASSED] - delay: Delayed 1 second(s)

2018-06-09 17:19:01 - [MESSAGE][PASSED] - Delayed 1 second(s)

2018-06-09 17:19:01 - [TEST_STEP][PASSED] - setText: Text '10' is set on object 'Object Repository/DispensaryToStore/Page_Dispensary Store/input_txttreat'

2018-06-09 17:19:01 - [MESSAGE][PASSED] - Text '10' is set on object 'Object Repository/DispensaryToStore/Page_Dispensary Store/input_txttreat'

2018-06-09 17:19:01 - [TEST_STEP][PASSED] - click: Object: 'Object Repository/DispensaryToStore/Page_Dispensary Store/button_Add' is clicked on

2018-06-09 17:19:01 - [MESSAGE][PASSED] - Object: 'Object Repository/DispensaryToStore/Page_Dispensary Store/button_Add' is clicked on

2018-06-09 17:19:01 - [TEST_STEP][PASSED] - delay: Delayed 1 second(s)

2018-06-09 17:19:02 - [MESSAGE][PASSED] - Delayed 1 second(s)

2018-06-09 17:19:02 - [TEST_STEP][PASSED] - selectOptionByIndex: All options with index in [11] are selected on object 'Object Repository/DispensaryToStore/Page_Dispensary Store/select_--Select--Schedule 1Inj'

2018-06-09 17:19:02 - [MESSAGE][PASSED] - All options with index in [11] are selected on object 'Object Repository/DispensaryToStore/Page_Dispensary Store/select_--Select--Schedule 1Inj'

2018-06-09 17:19:02 - [TEST_STEP][PASSED] - delay: Delayed 1 second(s)

2018-06-09 17:19:03 - [MESSAGE][PASSED] - Delayed 1 second(s)

2018-06-09 17:19:03 - [TEST_STEP][PASSED] - selectOptionByIndex: All options with index in [31] are selected on object 'Object Repository/DispensaryToStore/Page_Dispensary Store/select_--Select--Adernaline 0.'

2018-06-09 17:19:04 - [MESSAGE][PASSED] - All options with index in [31] are selected on object 'Object Repository/DispensaryToStore/Page_Dispensary Store/select_--Select--Adernaline 0.'

2018-06-09 17:19:04 - [TEST_STEP][PASSED] - delay: Delayed 1 second(s)

2018-06-09 17:19:05 - [MESSAGE][PASSED] - Delayed 1 second(s)

2018-06-09 17:19:05 - [TEST_STEP][PASSED] - setText: Text '10' is set on object 'Object Repository/DispensaryToStore/Page_Dispensary Store/input_txttreat'

2018-06-09 17:19:05 - [MESSAGE][PASSED] - Text '10' is set on object 'Object Repository/DispensaryToStore/Page_Dispensary Store/input_txttreat'

2018-06-09 17:19:05 - [TEST_STEP][PASSED] - click: Object: 'Object Repository/DispensaryToStore/Page_Dispensary Store/button_Add' is clicked on

2018-06-09 17:19:05 - [MESSAGE][PASSED] - Object: 'Object Repository/DispensaryToStore/Page_Dispensary Store/button_Add' is clicked on

2018-06-09 17:19:05 - [TEST_STEP][PASSED] - delay: Delayed 1 second(s)

2018-06-09 17:19:06 - [MESSAGE][PASSED] - Delayed 1 second(s)

2018-06-09 17:19:06 - [TEST_STEP][PASSED] - selectOptionByIndex: All options with index in [11] are selected on object 'Object Repository/DispensaryToStore/Page_Dispensary Store/select_--Select--Schedule 1Inj'

2018-06-09 17:19:06 - [MESSAGE][PASSED] - All options with index in [11] are selected on object 'Object Repository/DispensaryToStore/Page_Dispensary Store/select_--Select--Schedule 1Inj'

2018-06-09 17:19:06 - [TEST_STEP][PASSED] - delay: Delayed 1 second(s)

2018-06-09 17:19:07 - [MESSAGE][PASSED] - Delayed 1 second(s)

2018-06-09 17:19:07 - [TEST_STEP][PASSED] - selectOptionByIndex: All options with index in [32] are selected on object 'Object Repository/DispensaryToStore/Page_Dispensary Store/select_--Select--Adernaline 0.'

2018-06-09 17:19:08 - [MESSAGE][PASSED] - All options with index in [32] are selected on object 'Object Repository/DispensaryToStore/Page_Dispensary Store/select_--Select--Adernaline 0.'

2018-06-09 17:19:08 - [TEST_STEP][PASSED] - delay: Delayed 1 second(s)

2018-06-09 17:19:09 - [MESSAGE][PASSED] - Delayed 1 second(s)

2018-06-09 17:19:09 - [TEST_STEP][PASSED] - setText: Text '10' is set on object 'Object Repository/DispensaryToStore/Page_Dispensary Store/input_txttreat'

2018-06-09 17:19:09 - [MESSAGE][PASSED] - Text '10' is set on object 'Object Repository/DispensaryToStore/Page_Dispensary Store/input_txttreat'

2018-06-09 17:19:09 - [TEST_STEP][PASSED] - click: Object: 'Object Repository/DispensaryToStore/Page_Dispensary Store/button_Add' is clicked on

2018-06-09 17:19:09 - [MESSAGE][PASSED] - Object: 'Object Repository/DispensaryToStore/Page_Dispensary Store/button_Add' is clicked on

2018-06-09 17:19:09 - [TEST_STEP][PASSED] - delay: Delayed 1 second(s)

2018-06-09 17:19:10 - [MESSAGE][PASSED] - Delayed 1 second(s)

2018-06-09 17:19:10 - [TEST_STEP][PASSED] - selectOptionByIndex: All options with index in [11] are selected on object 'Object Repository/DispensaryToStore/Page_Dispensary Store/select_--Select--Schedule 1Inj'

2018-06-09 17:19:10 - [MESSAGE][PASSED] - All options with index in [11] are selected on object 'Object Repository/DispensaryToStore/Page_Dispensary Store/select_--Select--Schedule 1Inj'

2018-06-09 17:19:10 - [TEST_STEP][PASSED] - delay: Delayed 1 second(s)

2018-06-09 17:19:11 - [MESSAGE][PASSED] - Delayed 1 second(s)

2018-06-09 17:19:11 - [TEST_STEP][PASSED] - selectOptionByIndex: All options with index in [33] are selected on object 'Object Repository/DispensaryToStore/Page_Dispensary Store/select_--Select--Adernaline 0.'

2018-06-09 17:19:11 - [MESSAGE][PASSED] - All options with index in [33] are selected on object 'Object Repository/DispensaryToStore/Page_Dispensary Store/select_--Select--Adernaline 0.'

2018-06-09 17:19:11 - [TEST_STEP][PASSED] - delay: Delayed 1 second(s)

2018-06-09 17:19:12 - [MESSAGE][PASSED] - Delayed 1 second(s)

2018-06-09 17:19:12 - [TEST_STEP][PASSED] - setText: Text '10' is set on object 'Object Repository/DispensaryToStore/Page_Dispensary Store/input_txttreat'

2018-06-09 17:19:13 - [MESSAGE][PASSED] - Text '10' is set on object 'Object Repository/DispensaryToStore/Page_Dispensary Store/input_txttreat'

2018-06-09 17:19:13 - [TEST_STEP][PASSED] - click: Object: 'Object Repository/DispensaryToStore/Page_Dispensary Store/button_Add' is clicked on

2018-06-09 17:19:13 - [MESSAGE][PASSED] - Object: 'Object Repository/DispensaryToStore/Page_Dispensary Store/button_Add' is clicked on

2018-06-09 17:19:13 - [TEST_STEP][PASSED] - delay: Delayed 1 second(s)

2018-06-09 17:19:14 - [MESSAGE][PASSED] - Delayed 1 second(s)

2018-06-09 17:19:14 - [TEST_STEP][PASSED] - selectOptionByIndex: All options with index in [11] are selected on object 'Object Repository/DispensaryToStore/Page_Dispensary Store/select_--Select--Schedule 1Inj'

2018-06-09 17:19:14 - [MESSAGE][PASSED] - All options with index in [11] are selected on object 'Object Repository/DispensaryToStore/Page_Dispensary Store/select_--Select--Schedule 1Inj'

2018-06-09 17:19:14 - [TEST_STEP][PASSED] - delay: Delayed 1 second(s)

2018-06-09 17:19:15 - [MESSAGE][PASSED] - Delayed 1 second(s)

2018-06-09 17:19:15 - [TEST_STEP][PASSED] - selectOptionByIndex: All options with index in [34] are selected on object 'Object Repository/DispensaryToStore/Page_Dispensary Store/select_--Select--Adernaline 0.'

2018-06-09 17:19:15 - [MESSAGE][PASSED] - All options with index in [34] are selected on object 'Object Repository/DispensaryToStore/Page_Dispensary Store/select_--Select--Adernaline 0.'

2018-06-09 17:19:15 - [TEST_STEP][PASSED] - delay: Delayed 1 second(s)

2018-06-09 17:19:16 - [MESSAGE][PASSED] - Delayed 1 second(s)

2018-06-09 17:19:16 - [TEST_STEP][PASSED] - setText: Text '10' is set on object 'Object Repository/DispensaryToStore/Page_Dispensary Store/input_txttreat'

2018-06-09 17:19:16 - [MESSAGE][PASSED] - Text '10' is set on object 'Object Repository/DispensaryToStore/Page_Dispensary Store/input_txttreat'

2018-06-09 17:19:16 - [TEST_STEP][PASSED] - click: Object: 'Object Repository/DispensaryToStore/Page_Dispensary Store/button_Add' is clicked on

2018-06-09 17:19:17 - [MESSAGE][PASSED] - Object: 'Object Repository/DispensaryToStore/Page_Dispensary Store/button_Add' is clicked on

2018-06-09 17:19:17 - [TEST_STEP][PASSED] - delay: Delayed 1 second(s)

2018-06-09 17:19:18 - [MESSAGE][PASSED] - Delayed 1 second(s)

2018-06-09 17:19:18 - [TEST_STEP][PASSED] - selectOptionByIndex: All options with index in [11] are selected on object 'Object Repository/DispensaryToStore/Page_Dispensary Store/select_--Select--Schedule 1Inj'

2018-06-09 17:19:18 - [MESSAGE][PASSED] - All options with index in [11] are selected on object 'Object Repository/DispensaryToStore/Page_Dispensary Store/select_--Select--Schedule 1Inj'

2018-06-09 17:19:18 - [TEST_STEP][PASSED] - delay: Delayed 1 second(s)

2018-06-09 17:19:19 - [MESSAGE][PASSED] - Delayed 1 second(s)

2018-06-09 17:19:19 - [TEST_STEP][PASSED] - selectOptionByIndex: All options with index in [35] are selected on object 'Object Repository/DispensaryToStore/Page_Dispensary Store/select_--Select--Adernaline 0.'

2018-06-09 17:19:19 - [MESSAGE][PASSED] - All options with index in [35] are selected on object 'Object Repository/DispensaryToStore/Page_Dispensary Store/select_--Select--Adernaline 0.'

2018-06-09 17:19:19 - [TEST_STEP][PASSED] - delay: Delayed 1 second(s)

2018-06-09 17:19:20 - [MESSAGE][PASSED] - Delayed 1 second(s)

2018-06-09 17:19:20 - [TEST_STEP][PASSED] - setText: Text '10' is set on object 'Object Repository/DispensaryToStore/Page_Dispensary Store/input_txttreat'

2018-06-09 17:19:20 - [MESSAGE][PASSED] - Text '10' is set on object 'Object Repository/DispensaryToStore/Page_Dispensary Store/input_txttreat'

2018-06-09 17:19:20 - [TEST_STEP][PASSED] - click: Object: 'Object Repository/DispensaryToStore/Page_Dispensary Store/button_Add' is clicked on

2018-06-09 17:19:20 - [MESSAGE][PASSED] - Object: 'Object Repository/DispensaryToStore/Page_Dispensary Store/button_Add' is clicked on

2018-06-09 17:19:20 - [TEST_STEP][PASSED] - delay: Delayed 1 second(s)

2018-06-09 17:19:21 - [MESSAGE][PASSED] - Delayed 1 second(s)

2018-06-09 17:19:21 - [TEST_STEP][PASSED] - selectOptionByIndex: All options with index in [11] are selected on object 'Object Repository/DispensaryToStore/Page_Dispensary Store/select_--Select--Schedule 1Inj'

2018-06-09 17:19:22 - [MESSAGE][PASSED] - All options with index in [11] are selected on object 'Object Repository/DispensaryToStore/Page_Dispensary Store/select_--Select--Schedule 1Inj'

2018-06-09 17:19:22 - [TEST_STEP][PASSED] - delay: Delayed 1 second(s)

2018-06-09 17:19:23 - [MESSAGE][PASSED] - Delayed 1 second(s)

2018-06-09 17:19:23 - [TEST_STEP][PASSED] - selectOptionByIndex: All options with index in [36] are selected on object 'Object Repository/DispensaryToStore/Page_Dispensary Store/select_--Select--Adernaline 0.'

2018-06-09 17:19:23 - [MESSAGE][PASSED] - All options with index in [36] are selected on object 'Object Repository/DispensaryToStore/Page_Dispensary Store/select_--Select--Adernaline 0.'

2018-06-09 17:19:23 - [TEST_STEP][PASSED] - delay: Delayed 1 second(s)

2018-06-09 17:19:24 - [MESSAGE][PASSED] - Delayed 1 second(s)

2018-06-09 17:19:24 - [TEST_STEP][PASSED] - setText: Text '10' is set on object 'Object Repository/DispensaryToStore/Page_Dispensary Store/input_txttreat'

2018-06-09 17:19:24 - [MESSAGE][PASSED] - Text '10' is set on object 'Object Repository/DispensaryToStore/Page_Dispensary Store/input_txttreat'

2018-06-09 17:19:24 - [TEST_STEP][PASSED] - click: Object: 'Object Repository/DispensaryToStore/Page_Dispensary Store/button_Add' is clicked on

2018-06-09 17:19:24 - [MESSAGE][PASSED] - Object: 'Object Repository/DispensaryToStore/Page_Dispensary Store/button_Add' is clicked on

2018-06-09 17:19:24 - [TEST_STEP][PASSED] - delay: Delayed 1 second(s)

2018-06-09 17:19:25 - [MESSAGE][PASSED] - Delayed 1 second(s)

2018-06-09 17:19:25 - [TEST_STEP][PASSED] - selectOptionByIndex: All options with index in [11] are selected on object 'Object Repository/DispensaryToStore/Page_Dispensary Store/select_--Select--Schedule 1Inj'

2018-06-09 17:19:26 - [MESSAGE][PASSED] - All options with index in [11] are selected on object 'Object Repository/DispensaryToStore/Page_Dispensary Store/select_--Select--Schedule 1Inj'

2018-06-09 17:19:26 - [TEST_STEP][PASSED] - delay: Delayed 1 second(s)

2018-06-09 17:19:27 - [MESSAGE][PASSED] - Delayed 1 second(s)

2018-06-09 17:19:27 - [TEST_STEP][PASSED] - selectOptionByIndex: All options with index in [37] are selected on object 'Object Repository/DispensaryToStore/Page_Dispensary Store/select_--Select--Adernaline 0.'

2018-06-09 17:19:27 - [MESSAGE][PASSED] - All options with index in [37] are selected on object 'Object Repository/DispensaryToStore/Page_Dispensary Store/select_--Select--Adernaline 0.'

2018-06-09 17:19:27 - [TEST_STEP][PASSED] - delay: Delayed 1 second(s)

2018-06-09 17:19:28 - [MESSAGE][PASSED] - Delayed 1 second(s)

2018-06-09 17:19:28 - [TEST_STEP][PASSED] - setText: Text '10' is set on object 'Object Repository/DispensaryToStore/Page_Dispensary Store/input_txttreat'

2018-06-09 17:19:28 - [MESSAGE][PASSED] - Text '10' is set on object 'Object Repository/DispensaryToStore/Page_Dispensary Store/input_txttreat'

2018-06-09 17:19:28 - [TEST_STEP][PASSED] - click: Object: 'Object Repository/DispensaryToStore/Page_Dispensary Store/button_Add' is clicked on

2018-06-09 17:19:28 - [MESSAGE][PASSED] - Object: 'Object Repository/DispensaryToStore/Page_Dispensary Store/button_Add' is clicked on

2018-06-09 17:19:28 - [TEST_STEP][PASSED] - delay: Delayed 1 second(s)

2018-06-09 17:19:29 - [MESSAGE][PASSED] - Delayed 1 second(s)

2018-06-09 17:19:29 - [TEST_STEP][PASSED] - selectOptionByIndex: All options with index in [11] are selected on object 'Object Repository/DispensaryToStore/Page_Dispensary Store/select_--Select--Schedule 1Inj'

2018-06-09 17:19:30 - [MESSAGE][PASSED] - All options with index in [11] are selected on object 'Object Repository/DispensaryToStore/Page_Dispensary Store/select_--Select--Schedule 1Inj'

2018-06-09 17:19:30 - [TEST_STEP][PASSED] - delay: Delayed 1 second(s)

2018-06-09 17:19:31 - [MESSAGE][PASSED] - Delayed 1 second(s)

2018-06-09 17:19:31 - [TEST_STEP][PASSED] - selectOptionByIndex: All options with index in [38] are selected on object 'Object Repository/DispensaryToStore/Page_Dispensary Store/select_--Select--Adernaline 0.'

2018-06-09 17:19:31 - [MESSAGE][PASSED] - All options with index in [38] are selected on object 'Object Repository/DispensaryToStore/Page_Dispensary Store/select_--Select--Adernaline 0.'

2018-06-09 17:19:31 - [TEST_STEP][PASSED] - delay: Delayed 1 second(s)

2018-06-09 17:19:32 - [MESSAGE][PASSED] - Delayed 1 second(s)

2018-06-09 17:19:32 - [TEST_STEP][PASSED] - setText: Text '10' is set on object 'Object Repository/DispensaryToStore/Page_Dispensary Store/input_txttreat'

2018-06-09 17:19:32 - [MESSAGE][PASSED] - Text '10' is set on object 'Object Repository/DispensaryToStore/Page_Dispensary Store/input_txttreat'

2018-06-09 17:19:32 - [TEST_STEP][PASSED] - click: Object: 'Object Repository/DispensaryToStore/Page_Dispensary Store/button_Add' is clicked on

2018-06-09 17:19:32 - [MESSAGE][PASSED] - Object: 'Object Repository/DispensaryToStore/Page_Dispensary Store/button_Add' is clicked on

2018-06-09 17:19:32 - [TEST_STEP][PASSED] - delay: Delayed 1 second(s)

2018-06-09 17:19:33 - [MESSAGE][PASSED] - Delayed 1 second(s)

2018-06-09 17:19:33 - [TEST_STEP][PASSED] - selectOptionByIndex: All options with index in [11] are selected on object 'Object Repository/DispensaryToStore/Page_Dispensary Store/select_--Select--Schedule 1Inj'

2018-06-09 17:19:34 - [MESSAGE][PASSED] - All options with index in [11] are selected on object 'Object Repository/DispensaryToStore/Page_Dispensary Store/select_--Select--Schedule 1Inj'

2018-06-09 17:19:34 - [TEST_STEP][PASSED] - delay: Delayed 1 second(s)

2018-06-09 17:19:35 - [MESSAGE][PASSED] - Delayed 1 second(s)

2018-06-09 17:19:35 - [TEST_STEP][PASSED] - selectOptionByIndex: All options with index in [39] are selected on object 'Object Repository/DispensaryToStore/Page_Dispensary Store/select_--Select--Adernaline 0.'

2018-06-09 17:19:35 - [MESSAGE][PASSED] - All options with index in [39] are selected on object 'Object Repository/DispensaryToStore/Page_Dispensary Store/select_--Select--Adernaline 0.'

2018-06-09 17:19:35 - [TEST_STEP][PASSED] - delay: Delayed 1 second(s)

2018-06-09 17:19:36 - [MESSAGE][PASSED] - Delayed 1 second(s)

2018-06-09 17:19:36 - [TEST_STEP][PASSED] - setText: Text '10' is set on object 'Object Repository/DispensaryToStore/Page_Dispensary Store/input_txttreat'

2018-06-09 17:19:36 - [MESSAGE][PASSED] - Text '10' is set on object 'Object Repository/DispensaryToStore/Page_Dispensary Store/input_txttreat'

2018-06-09 17:19:36 - [TEST_STEP][PASSED] - click: Object: 'Object Repository/DispensaryToStore/Page_Dispensary Store/button_Add' is clicked on

2018-06-09 17:19:36 - [MESSAGE][PASSED] - Object: 'Object Repository/DispensaryToStore/Page_Dispensary Store/button_Add' is clicked on

2018-06-09 17:19:36 - [TEST_STEP][PASSED] - delay: Delayed 1 second(s)

2018-06-09 17:19:37 - [MESSAGE][PASSED] - Delayed 1 second(s)

2018-06-09 17:19:37 - [TEST_STEP][PASSED] - selectOptionByIndex: All options with index in [11] are selected on object 'Object Repository/DispensaryToStore/Page_Dispensary Store/select_--Select--Schedule 1Inj'

2018-06-09 17:19:37 - [MESSAGE][PASSED] - All options with index in [11] are selected on object 'Object Repository/DispensaryToStore/Page_Dispensary Store/select_--Select--Schedule 1Inj'

2018-06-09 17:19:37 - [TEST_STEP][PASSED] - delay: Delayed 1 second(s)

2018-06-09 17:19:38 - [MESSAGE][PASSED] - Delayed 1 second(s)

2018-06-09 17:19:38 - [TEST_STEP][PASSED] - selectOptionByIndex: All options with index in [40] are selected on object 'Object Repository/DispensaryToStore/Page_Dispensary Store/select_--Select--Adernaline 0.'

2018-06-09 17:19:39 - [MESSAGE][PASSED] - All options with index in [40] are selected on object 'Object Repository/DispensaryToStore/Page_Dispensary Store/select_--Select--Adernaline 0.'

2018-06-09 17:19:39 - [TEST_STEP][PASSED] - delay: Delayed 1 second(s)

2018-06-09 17:19:40 - [MESSAGE][PASSED] - Delayed 1 second(s)

2018-06-09 17:19:40 - [TEST_STEP][PASSED] - setText: Text '10' is set on object 'Object Repository/DispensaryToStore/Page_Dispensary Store/input_txttreat'

2018-06-09 17:19:40 - [MESSAGE][PASSED] - Text '10' is set on object 'Object Repository/DispensaryToStore/Page_Dispensary Store/input_txttreat'

2018-06-09 17:19:40 - [TEST_STEP][PASSED] - click: Object: 'Object Repository/DispensaryToStore/Page_Dispensary Store/button_Add' is clicked on

2018-06-09 17:19:40 - [MESSAGE][PASSED] - Object: 'Object Repository/DispensaryToStore/Page_Dispensary Store/button_Add' is clicked on

2018-06-09 17:19:40 - [TEST_STEP][PASSED] - delay: Delayed 1 second(s)

2018-06-09 17:19:41 - [MESSAGE][PASSED] - Delayed 1 second(s)

2018-06-09 17:19:41 - [TEST_STEP][PASSED] - selectOptionByIndex: All options with index in [11] are selected on object 'Object Repository/DispensaryToStore/Page_Dispensary Store/select_--Select--Schedule 1Inj'

2018-06-09 17:19:41 - [MESSAGE][PASSED] - All options with index in [11] are selected on object 'Object Repository/DispensaryToStore/Page_Dispensary Store/select_--Select--Schedule 1Inj'

2018-06-09 17:19:41 - [TEST_STEP][PASSED] - delay: Delayed 1 second(s)

2018-06-09 17:19:42 - [MESSAGE][PASSED] - Delayed 1 second(s)

2018-06-09 17:19:42 - [TEST_STEP][PASSED] - selectOptionByIndex: All options with index in [41] are selected on object 'Object Repository/DispensaryToStore/Page_Dispensary Store/select_--Select--Adernaline 0.'

2018-06-09 17:19:43 - [MESSAGE][PASSED] - All options with index in [41] are selected on object 'Object Repository/DispensaryToStore/Page_Dispensary Store/select_--Select--Adernaline 0.'

2018-06-09 17:19:43 - [TEST_STEP][PASSED] - delay: Delayed 1 second(s)

2018-06-09 17:19:44 - [MESSAGE][PASSED] - Delayed 1 second(s)

2018-06-09 17:19:44 - [TEST_STEP][PASSED] - setText: Text '10' is set on object 'Object Repository/DispensaryToStore/Page_Dispensary Store/input_txttreat'

2018-06-09 17:19:44 - [MESSAGE][PASSED] - Text '10' is set on object 'Object Repository/DispensaryToStore/Page_Dispensary Store/input_txttreat'

2018-06-09 17:19:44 - [TEST_STEP][PASSED] - click: Object: 'Object Repository/DispensaryToStore/Page_Dispensary Store/button_Add' is clicked on

2018-06-09 17:19:44 - [MESSAGE][PASSED] - Object: 'Object Repository/DispensaryToStore/Page_Dispensary Store/button_Add' is clicked on

2018-06-09 17:19:44 - [TEST_STEP][PASSED] - delay: Delayed 1 second(s)

2018-06-09 17:19:45 - [MESSAGE][PASSED] - Delayed 1 second(s)

2018-06-09 17:19:45 - [TEST_STEP][PASSED] - selectOptionByIndex: All options with index in [11] are selected on object 'Object Repository/DispensaryToStore/Page_Dispensary Store/select_--Select--Schedule 1Inj'

2018-06-09 17:19:45 - [MESSAGE][PASSED] - All options with index in [11] are selected on object 'Object Repository/DispensaryToStore/Page_Dispensary Store/select_--Select--Schedule 1Inj'

2018-06-09 17:19:45 - [TEST_STEP][PASSED] - delay: Delayed 1 second(s)

2018-06-09 17:19:46 - [MESSAGE][PASSED] - Delayed 1 second(s)

2018-06-09 17:19:46 - [TEST_STEP][PASSED] - selectOptionByIndex: All options with index in [42] are selected on object 'Object Repository/DispensaryToStore/Page_Dispensary Store/select_--Select--Adernaline 0.'

2018-06-09 17:19:47 - [MESSAGE][PASSED] - All options with index in [42] are selected on object 'Object Repository/DispensaryToStore/Page_Dispensary Store/select_--Select--Adernaline 0.'

2018-06-09 17:19:47 - [TEST_STEP][PASSED] - delay: Delayed 1 second(s)

2018-06-09 17:19:48 - [MESSAGE][PASSED] - Delayed 1 second(s)

2018-06-09 17:19:48 - [TEST_STEP][PASSED] - setText: Text '10' is set on object 'Object Repository/DispensaryToStore/Page_Dispensary Store/input_txttreat'

2018-06-09 17:19:48 - [MESSAGE][PASSED] - Text '10' is set on object 'Object Repository/DispensaryToStore/Page_Dispensary Store/input_txttreat'

2018-06-09 17:19:48 - [TEST_STEP][PASSED] - click: Object: 'Object Repository/DispensaryToStore/Page_Dispensary Store/button_Add' is clicked on

2018-06-09 17:19:48 - [MESSAGE][PASSED] - Object: 'Object Repository/DispensaryToStore/Page_Dispensary Store/button_Add' is clicked on

2018-06-09 17:19:48 - [TEST_STEP][PASSED] - delay: Delayed 1 second(s)

2018-06-09 17:19:49 - [MESSAGE][PASSED] - Delayed 1 second(s)

2018-06-09 17:19:49 - [TEST_STEP][PASSED] - selectOptionByIndex: All options with index in [11] are selected on object 'Object Repository/DispensaryToStore/Page_Dispensary Store/select_--Select--Schedule 1Inj'

2018-06-09 17:19:49 - [MESSAGE][PASSED] - All options with index in [11] are selected on object 'Object Repository/DispensaryToStore/Page_Dispensary Store/select_--Select--Schedule 1Inj'

2018-06-09 17:19:49 - [TEST_STEP][PASSED] - delay: Delayed 1 second(s)

2018-06-09 17:19:50 - [MESSAGE][PASSED] - Delayed 1 second(s)

2018-06-09 17:19:50 - [TEST_STEP][PASSED] - selectOptionByIndex: All options with index in [43] are selected on object 'Object Repository/DispensaryToStore/Page_Dispensary Store/select_--Select--Adernaline 0.'

2018-06-09 17:19:51 - [MESSAGE][PASSED] - All options with index in [43] are selected on object 'Object Repository/DispensaryToStore/Page_Dispensary Store/select_--Select--Adernaline 0.'

2018-06-09 17:19:51 - [TEST_STEP][PASSED] - delay: Delayed 1 second(s)

2018-06-09 17:19:52 - [MESSAGE][PASSED] - Delayed 1 second(s)

2018-06-09 17:19:52 - [TEST_STEP][PASSED] - setText: Text '10' is set on object 'Object Repository/DispensaryToStore/Page_Dispensary Store/input_txttreat'

2018-06-09 17:19:52 - [MESSAGE][PASSED] - Text '10' is set on object 'Object Repository/DispensaryToStore/Page_Dispensary Store/input_txttreat'

2018-06-09 17:19:52 - [TEST_STEP][PASSED] - click: Object: 'Object Repository/DispensaryToStore/Page_Dispensary Store/button_Add' is clicked on

2018-06-09 17:19:52 - [MESSAGE][PASSED] - Object: 'Object Repository/DispensaryToStore/Page_Dispensary Store/button_Add' is clicked on

2018-06-09 17:19:52 - [TEST_STEP][PASSED] - delay: Delayed 1 second(s)

2018-06-09 17:19:53 - [MESSAGE][PASSED] - Delayed 1 second(s)

2018-06-09 17:19:53 - [TEST_STEP][PASSED] - selectOptionByIndex: All options with index in [11] are selected on object 'Object Repository/DispensaryToStore/Page_Dispensary Store/select_--Select--Schedule 1Inj'

2018-06-09 17:19:53 - [MESSAGE][PASSED] - All options with index in [11] are selected on object 'Object Repository/DispensaryToStore/Page_Dispensary Store/select_--Select--Schedule 1Inj'

2018-06-09 17:19:53 - [TEST_STEP][PASSED] - delay: Delayed 1 second(s)

2018-06-09 17:19:54 - [MESSAGE][PASSED] - Delayed 1 second(s)

2018-06-09 17:19:54 - [TEST_STEP][PASSED] - selectOptionByIndex: All options with index in [44] are selected on object 'Object Repository/DispensaryToStore/Page_Dispensary Store/select_--Select--Adernaline 0.'

2018-06-09 17:19:55 - [MESSAGE][PASSED] - All options with index in [44] are selected on object 'Object Repository/DispensaryToStore/Page_Dispensary Store/select_--Select--Adernaline 0.'

2018-06-09 17:19:55 - [TEST_STEP][PASSED] - delay: Delayed 1 second(s)

2018-06-09 17:19:56 - [MESSAGE][PASSED] - Delayed 1 second(s)

2018-06-09 17:19:56 - [TEST_STEP][PASSED] - setText: Text '10' is set on object 'Object Repository/DispensaryToStore/Page_Dispensary Store/input_txttreat'

2018-06-09 17:19:56 - [MESSAGE][PASSED] - Text '10' is set on object 'Object Repository/DispensaryToStore/Page_Dispensary Store/input_txttreat'

2018-06-09 17:19:56 - [TEST_STEP][PASSED] - click: Object: 'Object Repository/DispensaryToStore/Page_Dispensary Store/button_Add' is clicked on

2018-06-09 17:19:56 - [MESSAGE][PASSED] - Object: 'Object Repository/DispensaryToStore/Page_Dispensary Store/button_Add' is clicked on

2018-06-09 17:19:56 - [TEST_STEP][PASSED] - delay: Delayed 1 second(s)

2018-06-09 17:19:57 - [MESSAGE][PASSED] - Delayed 1 second(s)

2018-06-09 17:19:57 - [TEST_STEP][PASSED] - selectOptionByIndex: All options with index in [11] are selected on object 'Object Repository/DispensaryToStore/Page_Dispensary Store/select_--Select--Schedule 1Inj'

2018-06-09 17:19:57 - [MESSAGE][PASSED] - All options with index in [11] are selected on object 'Object Repository/DispensaryToStore/Page_Dispensary Store/select_--Select--Schedule 1Inj'

2018-06-09 17:19:57 - [TEST_STEP][PASSED] - delay: Delayed 1 second(s)

2018-06-09 17:19:58 - [MESSAGE][PASSED] - Delayed 1 second(s)

2018-06-09 17:19:58 - [TEST_STEP][PASSED] - selectOptionByIndex: All options with index in [45] are selected on object 'Object Repository/DispensaryToStore/Page_Dispensary Store/select_--Select--Adernaline 0.'

2018-06-09 17:19:59 - [MESSAGE][PASSED] - All options with index in [45] are selected on object 'Object Repository/DispensaryToStore/Page_Dispensary Store/select_--Select--Adernaline 0.'

2018-06-09 17:19:59 - [TEST_STEP][PASSED] - delay: Delayed 1 second(s)

2018-06-09 17:20:00 - [MESSAGE][PASSED] - Delayed 1 second(s)

2018-06-09 17:20:00 - [TEST_STEP][PASSED] - setText: Text '10' is set on object 'Object Repository/DispensaryToStore/Page_Dispensary Store/input_txttreat'

2018-06-09 17:20:00 - [MESSAGE][PASSED] - Text '10' is set on object 'Object Repository/DispensaryToStore/Page_Dispensary Store/input_txttreat'

2018-06-09 17:20:00 - [TEST_STEP][PASSED] - click: Object: 'Object Repository/DispensaryToStore/Page_Dispensary Store/button_Add' is clicked on

2018-06-09 17:20:00 - [MESSAGE][PASSED] - Object: 'Object Repository/DispensaryToStore/Page_Dispensary Store/button_Add' is clicked on

2018-06-09 17:20:00 - [TEST_STEP][PASSED] - delay: Delayed 1 second(s)

2018-06-09 17:20:01 - [MESSAGE][PASSED] - Delayed 1 second(s)

2018-06-09 17:20:01 - [TEST_STEP][PASSED] - selectOptionByIndex: All options with index in [11] are selected on object 'Object Repository/DispensaryToStore/Page_Dispensary Store/select_--Select--Schedule 1Inj'

2018-06-09 17:20:01 - [MESSAGE][PASSED] - All options with index in [11] are selected on object 'Object Repository/DispensaryToStore/Page_Dispensary Store/select_--Select--Schedule 1Inj'

2018-06-09 17:20:01 - [TEST_STEP][PASSED] - delay: Delayed 1 second(s)

2018-06-09 17:20:02 - [MESSAGE][PASSED] - Delayed 1 second(s)

2018-06-09 17:20:02 - [TEST_STEP][PASSED] - selectOptionByIndex: All options with index in [46] are selected on object 'Object Repository/DispensaryToStore/Page_Dispensary Store/select_--Select--Adernaline 0.'

2018-06-09 17:20:03 - [MESSAGE][PASSED] - All options with index in [46] are selected on object 'Object Repository/DispensaryToStore/Page_Dispensary Store/select_--Select--Adernaline 0.'

2018-06-09 17:20:03 - [TEST_STEP][PASSED] - delay: Delayed 1 second(s)

2018-06-09 17:20:04 - [MESSAGE][PASSED] - Delayed 1 second(s)

2018-06-09 17:20:04 - [TEST_STEP][PASSED] - setText: Text '10' is set on object 'Object Repository/DispensaryToStore/Page_Dispensary Store/input_txttreat'

2018-06-09 17:20:04 - [MESSAGE][PASSED] - Text '10' is set on object 'Object Repository/DispensaryToStore/Page_Dispensary Store/input_txttreat'

2018-06-09 17:20:04 - [TEST_STEP][PASSED] - click: Object: 'Object Repository/DispensaryToStore/Page_Dispensary Store/button_Add' is clicked on

2018-06-09 17:20:04 - [MESSAGE][PASSED] - Object: 'Object Repository/DispensaryToStore/Page_Dispensary Store/button_Add' is clicked on

2018-06-09 17:20:04 - [TEST_STEP][PASSED] - delay: Delayed 1 second(s)

2018-06-09 17:20:05 - [MESSAGE][PASSED] - Delayed 1 second(s)

2018-06-09 17:20:05 - [TEST_STEP][PASSED] - selectOptionByIndex: All options with index in [11] are selected on object 'Object Repository/DispensaryToStore/Page_Dispensary Store/select_--Select--Schedule 1Inj'

2018-06-09 17:20:05 - [MESSAGE][PASSED] - All options with index in [11] are selected on object 'Object Repository/DispensaryToStore/Page_Dispensary Store/select_--Select--Schedule 1Inj'

2018-06-09 17:20:05 - [TEST_STEP][PASSED] - delay: Delayed 1 second(s)

2018-06-09 17:20:06 - [MESSAGE][PASSED] - Delayed 1 second(s)

2018-06-09 17:20:06 - [TEST_STEP][PASSED] - selectOptionByIndex: All options with index in [47] are selected on object 'Object Repository/DispensaryToStore/Page_Dispensary Store/select_--Select--Adernaline 0.'

2018-06-09 17:20:07 - [MESSAGE][PASSED] - All options with index in [47] are selected on object 'Object Repository/DispensaryToStore/Page_Dispensary Store/select_--Select--Adernaline 0.'

2018-06-09 17:20:07 - [TEST_STEP][PASSED] - delay: Delayed 1 second(s)

2018-06-09 17:20:08 - [MESSAGE][PASSED] - Delayed 1 second(s)

2018-06-09 17:20:08 - [TEST_STEP][PASSED] - setText: Text '10' is set on object 'Object Repository/DispensaryToStore/Page_Dispensary Store/input_txttreat'

2018-06-09 17:20:08 - [MESSAGE][PASSED] - Text '10' is set on object 'Object Repository/DispensaryToStore/Page_Dispensary Store/input_txttreat'

2018-06-09 17:20:08 - [TEST_STEP][PASSED] - click: Object: 'Object Repository/DispensaryToStore/Page_Dispensary Store/button_Add' is clicked on

2018-06-09 17:20:08 - [MESSAGE][PASSED] - Object: 'Object Repository/DispensaryToStore/Page_Dispensary Store/button_Add' is clicked on

2018-06-09 17:20:08 - [TEST_STEP][PASSED] - delay: Delayed 1 second(s)

2018-06-09 17:20:09 - [MESSAGE][PASSED] - Delayed 1 second(s)

2018-06-09 17:20:09 - [TEST_STEP][PASSED] - selectOptionByIndex: All options with index in [11] are selected on object 'Object Repository/DispensaryToStore/Page_Dispensary Store/select_--Select--Schedule 1Inj'

2018-06-09 17:20:09 - [MESSAGE][PASSED] - All options with index in [11] are selected on object 'Object Repository/DispensaryToStore/Page_Dispensary Store/select_--Select--Schedule 1Inj'

2018-06-09 17:20:09 - [TEST_STEP][PASSED] - delay: Delayed 1 second(s)

2018-06-09 17:20:10 - [MESSAGE][PASSED] - Delayed 1 second(s)

2018-06-09 17:20:10 - [TEST_STEP][PASSED] - selectOptionByIndex: All options with index in [48] are selected on object 'Object Repository/DispensaryToStore/Page_Dispensary Store/select_--Select--Adernaline 0.'

2018-06-09 17:20:11 - [MESSAGE][PASSED] - All options with index in [48] are selected on object 'Object Repository/DispensaryToStore/Page_Dispensary Store/select_--Select--Adernaline 0.'

2018-06-09 17:20:11 - [TEST_STEP][PASSED] - delay: Delayed 1 second(s)

2018-06-09 17:20:12 - [MESSAGE][PASSED] - Delayed 1 second(s)

2018-06-09 17:20:12 - [TEST_STEP][PASSED] - setText: Text '10' is set on object 'Object Repository/DispensaryToStore/Page_Dispensary Store/input_txttreat'

2018-06-09 17:20:12 - [MESSAGE][PASSED] - Text '10' is set on object 'Object Repository/DispensaryToStore/Page_Dispensary Store/input_txttreat'

2018-06-09 17:20:12 - [TEST_STEP][PASSED] - click: Object: 'Object Repository/DispensaryToStore/Page_Dispensary Store/button_Add' is clicked on

2018-06-09 17:20:12 - [MESSAGE][PASSED] - Object: 'Object Repository/DispensaryToStore/Page_Dispensary Store/button_Add' is clicked on

2018-06-09 17:20:12 - [TEST_STEP][PASSED] - delay: Delayed 1 second(s)

2018-06-09 17:20:13 - [MESSAGE][PASSED] - Delayed 1 second(s)

2018-06-09 17:20:13 - [TEST_STEP][PASSED] - selectOptionByIndex: All options with index in [11] are selected on object 'Object Repository/DispensaryToStore/Page_Dispensary Store/select_--Select--Schedule 1Inj'

2018-06-09 17:20:13 - [MESSAGE][PASSED] - All options with index in [11] are selected on object 'Object Repository/DispensaryToStore/Page_Dispensary Store/select_--Select--Schedule 1Inj'

2018-06-09 17:20:13 - [TEST_STEP][PASSED] - delay: Delayed 1 second(s)

2018-06-09 17:20:14 - [MESSAGE][PASSED] - Delayed 1 second(s)

2018-06-09 17:20:14 - [TEST_STEP][PASSED] - selectOptionByIndex: All options with index in [49] are selected on object 'Object Repository/DispensaryToStore/Page_Dispensary Store/select_--Select--Adernaline 0.'

2018-06-09 17:20:15 - [MESSAGE][PASSED] - All options with index in [49] are selected on object 'Object Repository/DispensaryToStore/Page_Dispensary Store/select_--Select--Adernaline 0.'

2018-06-09 17:20:15 - [TEST_STEP][PASSED] - delay: Delayed 1 second(s)

2018-06-09 17:20:16 - [MESSAGE][PASSED] - Delayed 1 second(s)

2018-06-09 17:20:16 - [TEST_STEP][PASSED] - setText: Text '10' is set on object 'Object Repository/DispensaryToStore/Page_Dispensary Store/input_txttreat'

2018-06-09 17:20:16 - [MESSAGE][PASSED] - Text '10' is set on object 'Object Repository/DispensaryToStore/Page_Dispensary Store/input_txttreat'

2018-06-09 17:20:16 - [TEST_STEP][PASSED] - click: Object: 'Object Repository/DispensaryToStore/Page_Dispensary Store/button_Add' is clicked on

2018-06-09 17:20:16 - [MESSAGE][PASSED] - Object: 'Object Repository/DispensaryToStore/Page_Dispensary Store/button_Add' is clicked on

2018-06-09 17:20:16 - [TEST_STEP][PASSED] - delay: Delayed 1 second(s)

2018-06-09 17:20:17 - [MESSAGE][PASSED] - Delayed 1 second(s)

2018-06-09 17:20:17 - [TEST_STEP][PASSED] - selectOptionByIndex: All options with index in [11] are selected on object 'Object Repository/DispensaryToStore/Page_Dispensary Store/select_--Select--Schedule 1Inj'

2018-06-09 17:20:17 - [MESSAGE][PASSED] - All options with index in [11] are selected on object 'Object Repository/DispensaryToStore/Page_Dispensary Store/select_--Select--Schedule 1Inj'

2018-06-09 17:20:17 - [TEST_STEP][PASSED] - delay: Delayed 1 second(s)

2018-06-09 17:20:18 - [MESSAGE][PASSED] - Delayed 1 second(s)

2018-06-09 17:20:18 - [TEST_STEP][PASSED] - selectOptionByIndex: All options with index in [50] are selected on object 'Object Repository/DispensaryToStore/Page_Dispensary Store/select_--Select--Adernaline 0.'

2018-06-09 17:20:19 - [MESSAGE][PASSED] - All options with index in [50] are selected on object 'Object Repository/DispensaryToStore/Page_Dispensary Store/select_--Select--Adernaline 0.'

2018-06-09 17:20:19 - [TEST_STEP][PASSED] - delay: Delayed 1 second(s)

2018-06-09 17:20:20 - [MESSAGE][PASSED] - Delayed 1 second(s)

2018-06-09 17:20:20 - [TEST_STEP][PASSED] - setText: Text '10' is set on object 'Object Repository/DispensaryToStore/Page_Dispensary Store/input_txttreat'

2018-06-09 17:20:20 - [MESSAGE][PASSED] - Text '10' is set on object 'Object Repository/DispensaryToStore/Page_Dispensary Store/input_txttreat'

2018-06-09 17:20:20 - [TEST_STEP][PASSED] - click: Object: 'Object Repository/DispensaryToStore/Page_Dispensary Store/button_Add' is clicked on

2018-06-09 17:20:20 - [MESSAGE][PASSED] - Object: 'Object Repository/DispensaryToStore/Page_Dispensary Store/button_Add' is clicked on

2018-06-09 17:20:20 - [TEST_STEP][PASSED] - delay: Delayed 1 second(s)

2018-06-09 17:20:21 - [MESSAGE][PASSED] - Delayed 1 second(s)

2018-06-09 17:20:21 - [TEST_STEP][PASSED] - selectOptionByIndex: All options with index in [11] are selected on object 'Object Repository/DispensaryToStore/Page_Dispensary Store/select_--Select--Schedule 1Inj'

2018-06-09 17:20:22 - [MESSAGE][PASSED] - All options with index in [11] are selected on object 'Object Repository/DispensaryToStore/Page_Dispensary Store/select_--Select--Schedule 1Inj'

2018-06-09 17:20:22 - [TEST_STEP][PASSED] - delay: Delayed 1 second(s)

2018-06-09 17:20:23 - [MESSAGE][PASSED] - Delayed 1 second(s)

2018-06-09 17:20:23 - [TEST_STEP][PASSED] - selectOptionByIndex: All options with index in [51] are selected on object 'Object Repository/DispensaryToStore/Page_Dispensary Store/select_--Select--Adernaline 0.'

2018-06-09 17:20:23 - [MESSAGE][PASSED] - All options with index in [51] are selected on object 'Object Repository/DispensaryToStore/Page_Dispensary Store/select_--Select--Adernaline 0.'

2018-06-09 17:20:23 - [TEST_STEP][PASSED] - delay: Delayed 1 second(s)

2018-06-09 17:20:24 - [MESSAGE][PASSED] - Delayed 1 second(s)

2018-06-09 17:20:24 - [TEST_STEP][PASSED] - setText: Text '10' is set on object 'Object Repository/DispensaryToStore/Page_Dispensary Store/input_txttreat'

2018-06-09 17:20:24 - [MESSAGE][PASSED] - Text '10' is set on object 'Object Repository/DispensaryToStore/Page_Dispensary Store/input_txttreat'

2018-06-09 17:20:24 - [TEST_STEP][PASSED] - click: Object: 'Object Repository/DispensaryToStore/Page_Dispensary Store/button_Add' is clicked on

2018-06-09 17:20:24 - [MESSAGE][PASSED] - Object: 'Object Repository/DispensaryToStore/Page_Dispensary Store/button_Add' is clicked on

2018-06-09 17:20:24 - [TEST_STEP][PASSED] - delay: Delayed 1 second(s)

2018-06-09 17:20:25 - [MESSAGE][PASSED] - Delayed 1 second(s)

2018-06-09 17:20:25 - [TEST_STEP][PASSED] - selectOptionByIndex: All options with index in [11] are selected on object 'Object Repository/DispensaryToStore/Page_Dispensary Store/select_--Select--Schedule 1Inj'

2018-06-09 17:20:26 - [MESSAGE][PASSED] - All options with index in [11] are selected on object 'Object Repository/DispensaryToStore/Page_Dispensary Store/select_--Select--Schedule 1Inj'

2018-06-09 17:20:26 - [TEST_STEP][PASSED] - delay: Delayed 1 second(s)

2018-06-09 17:20:27 - [MESSAGE][PASSED] - Delayed 1 second(s)

2018-06-09 17:20:27 - [TEST_STEP][PASSED] - selectOptionByIndex: All options with index in [52] are selected on object 'Object Repository/DispensaryToStore/Page_Dispensary Store/select_--Select--Adernaline 0.'

2018-06-09 17:20:27 - [MESSAGE][PASSED] - All options with index in [52] are selected on object 'Object Repository/DispensaryToStore/Page_Dispensary Store/select_--Select--Adernaline 0.'

2018-06-09 17:20:27 - [TEST_STEP][PASSED] - delay: Delayed 1 second(s)

2018-06-09 17:20:28 - [MESSAGE][PASSED] - Delayed 1 second(s)

2018-06-09 17:20:28 - [TEST_STEP][PASSED] - setText: Text '10' is set on object 'Object Repository/DispensaryToStore/Page_Dispensary Store/input_txttreat'

2018-06-09 17:20:28 - [MESSAGE][PASSED] - Text '10' is set on object 'Object Repository/DispensaryToStore/Page_Dispensary Store/input_txttreat'

2018-06-09 17:20:28 - [TEST_STEP][PASSED] - click: Object: 'Object Repository/DispensaryToStore/Page_Dispensary Store/button_Add' is clicked on

2018-06-09 17:20:28 - [MESSAGE][PASSED] - Object: 'Object Repository/DispensaryToStore/Page_Dispensary Store/button_Add' is clicked on

2018-06-09 17:20:28 - [TEST_STEP][PASSED] - delay: Delayed 1 second(s)

2018-06-09 17:20:29 - [MESSAGE][PASSED] - Delayed 1 second(s)

2018-06-09 17:20:29 - [TEST_STEP][PASSED] - selectOptionByIndex: All options with index in [11] are selected on object 'Object Repository/DispensaryToStore/Page_Dispensary Store/select_--Select--Schedule 1Inj'

2018-06-09 17:20:30 - [MESSAGE][PASSED] - All options with index in [11] are selected on object 'Object Repository/DispensaryToStore/Page_Dispensary Store/select_--Select--Schedule 1Inj'

2018-06-09 17:20:30 - [TEST_STEP][PASSED] - delay: Delayed 1 second(s)

2018-06-09 17:20:31 - [MESSAGE][PASSED] - Delayed 1 second(s)

2018-06-09 17:20:31 - [TEST_STEP][PASSED] - selectOptionByIndex: All options with index in [53] are selected on object 'Object Repository/DispensaryToStore/Page_Dispensary Store/select_--Select--Adernaline 0.'

2018-06-09 17:20:31 - [MESSAGE][PASSED] - All options with index in [53] are selected on object 'Object Repository/DispensaryToStore/Page_Dispensary Store/select_--Select--Adernaline 0.'

2018-06-09 17:20:31 - [TEST_STEP][PASSED] - delay: Delayed 1 second(s)

2018-06-09 17:20:32 - [MESSAGE][PASSED] - Delayed 1 second(s)

2018-06-09 17:20:32 - [TEST_STEP][PASSED] - setText: Text '10' is set on object 'Object Repository/DispensaryToStore/Page_Dispensary Store/input_txttreat'

2018-06-09 17:20:33 - [MESSAGE][PASSED] - Text '10' is set on object 'Object Repository/DispensaryToStore/Page_Dispensary Store/input_txttreat'

2018-06-09 17:20:33 - [TEST_STEP][PASSED] - click: Object: 'Object Repository/DispensaryToStore/Page_Dispensary Store/button_Add' is clicked on

2018-06-09 17:20:33 - [MESSAGE][PASSED] - Object: 'Object Repository/DispensaryToStore/Page_Dispensary Store/button_Add' is clicked on

2018-06-09 17:20:33 - [TEST_STEP][PASSED] - delay: Delayed 1 second(s)

2018-06-09 17:20:34 - [MESSAGE][PASSED] - Delayed 1 second(s)

2018-06-09 17:20:34 - [TEST_STEP][PASSED] - selectOptionByIndex: All options with index in [11] are selected on object 'Object Repository/DispensaryToStore/Page_Dispensary Store/select_--Select--Schedule 1Inj'

2018-06-09 17:20:34 - [MESSAGE][PASSED] - All options with index in [11] are selected on object 'Object Repository/DispensaryToStore/Page_Dispensary Store/select_--Select--Schedule 1Inj'

2018-06-09 17:20:34 - [TEST_STEP][PASSED] - delay: Delayed 1 second(s)

2018-06-09 17:20:35 - [MESSAGE][PASSED] - Delayed 1 second(s)

2018-06-09 17:20:35 - [TEST_STEP][PASSED] - selectOptionByIndex: All options with index in [54] are selected on object 'Object Repository/DispensaryToStore/Page_Dispensary Store/select_--Select--Adernaline 0.'

2018-06-09 17:20:36 - [MESSAGE][PASSED] - All options with index in [54] are selected on object 'Object Repository/DispensaryToStore/Page_Dispensary Store/select_--Select--Adernaline 0.'

2018-06-09 17:20:36 - [TEST_STEP][PASSED] - delay: Delayed 1 second(s)

2018-06-09 17:20:37 - [MESSAGE][PASSED] - Delayed 1 second(s)

2018-06-09 17:20:37 - [TEST_STEP][PASSED] - setText: Text '10' is set on object 'Object Repository/DispensaryToStore/Page_Dispensary Store/input_txttreat'

2018-06-09 17:20:37 - [MESSAGE][PASSED] - Text '10' is set on object 'Object Repository/DispensaryToStore/Page_Dispensary Store/input_txttreat'

2018-06-09 17:20:37 - [TEST_STEP][PASSED] - click: Object: 'Object Repository/DispensaryToStore/Page_Dispensary Store/button_Add' is clicked on

2018-06-09 17:20:37 - [MESSAGE][PASSED] - Object: 'Object Repository/DispensaryToStore/Page_Dispensary Store/button_Add' is clicked on

2018-06-09 17:20:37 - [TEST_STEP][PASSED] - delay: Delayed 1 second(s)

2018-06-09 17:20:38 - [MESSAGE][PASSED] - Delayed 1 second(s)

2018-06-09 17:20:38 - [TEST_STEP][PASSED] - selectOptionByIndex: All options with index in [11] are selected on object 'Object Repository/DispensaryToStore/Page_Dispensary Store/select_--Select--Schedule 1Inj'

2018-06-09 17:20:38 - [MESSAGE][PASSED] - All options with index in [11] are selected on object 'Object Repository/DispensaryToStore/Page_Dispensary Store/select_--Select--Schedule 1Inj'

2018-06-09 17:20:38 - [TEST_STEP][PASSED] - delay: Delayed 1 second(s)

2018-06-09 17:20:39 - [MESSAGE][PASSED] - Delayed 1 second(s)

2018-06-09 17:20:39 - [TEST_STEP][PASSED] - selectOptionByIndex: All options with index in [55] are selected on object 'Object Repository/DispensaryToStore/Page_Dispensary Store/select_--Select--Adernaline 0.'

2018-06-09 17:20:40 - [MESSAGE][PASSED] - All options with index in [55] are selected on object 'Object Repository/DispensaryToStore/Page_Dispensary Store/select_--Select--Adernaline 0.'

2018-06-09 17:20:40 - [TEST_STEP][PASSED] - delay: Delayed 1 second(s)

2018-06-09 17:20:41 - [MESSAGE][PASSED] - Delayed 1 second(s)

2018-06-09 17:20:41 - [TEST_STEP][PASSED] - setText: Text '10' is set on object 'Object Repository/DispensaryToStore/Page_Dispensary Store/input_txttreat'

2018-06-09 17:20:41 - [MESSAGE][PASSED] - Text '10' is set on object 'Object Repository/DispensaryToStore/Page_Dispensary Store/input_txttreat'

2018-06-09 17:20:41 - [TEST_STEP][PASSED] - click: Object: 'Object Repository/DispensaryToStore/Page_Dispensary Store/button_Add' is clicked on

2018-06-09 17:20:41 - [MESSAGE][PASSED] - Object: 'Object Repository/DispensaryToStore/Page_Dispensary Store/button_Add' is clicked on

2018-06-09 17:20:41 - [TEST_STEP][PASSED] - delay: Delayed 1 second(s)

2018-06-09 17:20:42 - [MESSAGE][PASSED] - Delayed 1 second(s)

2018-06-09 17:20:42 - [TEST_STEP][PASSED] - selectOptionByIndex: All options with index in [11] are selected on object 'Object Repository/DispensaryToStore/Page_Dispensary Store/select_--Select--Schedule 1Inj'

2018-06-09 17:20:42 - [MESSAGE][PASSED] - All options with index in [11] are selected on object 'Object Repository/DispensaryToStore/Page_Dispensary Store/select_--Select--Schedule 1Inj'

2018-06-09 17:20:42 - [TEST_STEP][PASSED] - delay: Delayed 1 second(s)

2018-06-09 17:20:43 - [MESSAGE][PASSED] - Delayed 1 second(s)

2018-06-09 17:20:43 - [TEST_STEP][PASSED] - selectOptionByIndex: All options with index in [56] are selected on object 'Object Repository/DispensaryToStore/Page_Dispensary Store/select_--Select--Adernaline 0.'

2018-06-09 17:20:44 - [MESSAGE][PASSED] - All options with index in [56] are selected on object 'Object Repository/DispensaryToStore/Page_Dispensary Store/select_--Select--Adernaline 0.'

2018-06-09 17:20:44 - [TEST_STEP][PASSED] - delay: Delayed 1 second(s)

2018-06-09 17:20:45 - [MESSAGE][PASSED] - Delayed 1 second(s)

2018-06-09 17:20:45 - [TEST_STEP][PASSED] - setText: Text '10' is set on object 'Object Repository/DispensaryToStore/Page_Dispensary Store/input_txttreat'

2018-06-09 17:20:45 - [MESSAGE][PASSED] - Text '10' is set on object 'Object Repository/DispensaryToStore/Page_Dispensary Store/input_txttreat'

2018-06-09 17:20:45 - [TEST_STEP][PASSED] - click: Object: 'Object Repository/DispensaryToStore/Page_Dispensary Store/button_Add' is clicked on

2018-06-09 17:20:45 - [MESSAGE][PASSED] - Object: 'Object Repository/DispensaryToStore/Page_Dispensary Store/button_Add' is clicked on

2018-06-09 17:20:45 - [TEST_STEP][PASSED] - delay: Delayed 1 second(s)

2018-06-09 17:20:46 - [MESSAGE][PASSED] - Delayed 1 second(s)

2018-06-09 17:20:46 - [TEST_STEP][PASSED] - selectOptionByIndex: All options with index in [11] are selected on object 'Object Repository/DispensaryToStore/Page_Dispensary Store/select_--Select--Schedule 1Inj'

2018-06-09 17:20:46 - [MESSAGE][PASSED] - All options with index in [11] are selected on object 'Object Repository/DispensaryToStore/Page_Dispensary Store/select_--Select--Schedule 1Inj'

2018-06-09 17:20:46 - [TEST_STEP][PASSED] - delay: Delayed 1 second(s)

2018-06-09 17:20:47 - [MESSAGE][PASSED] - Delayed 1 second(s)

2018-06-09 17:20:47 - [TEST_STEP][PASSED] - selectOptionByIndex: All options with index in [57] are selected on object 'Object Repository/DispensaryToStore/Page_Dispensary Store/select_--Select--Adernaline 0.'

2018-06-09 17:20:48 - [MESSAGE][PASSED] - All options with index in [57] are selected on object 'Object Repository/DispensaryToStore/Page_Dispensary Store/select_--Select--Adernaline 0.'

2018-06-09 17:20:48 - [TEST_STEP][PASSED] - delay: Delayed 1 second(s)

2018-06-09 17:20:49 - [MESSAGE][PASSED] - Delayed 1 second(s)

2018-06-09 17:20:49 - [TEST_STEP][PASSED] - setText: Text '10' is set on object 'Object Repository/DispensaryToStore/Page_Dispensary Store/input_txttreat'

2018-06-09 17:20:49 - [MESSAGE][PASSED] - Text '10' is set on object 'Object Repository/DispensaryToStore/Page_Dispensary Store/input_txttreat'

2018-06-09 17:20:49 - [TEST_STEP][PASSED] - click: Object: 'Object Repository/DispensaryToStore/Page_Dispensary Store/button_Add' is clicked on

2018-06-09 17:20:49 - [MESSAGE][PASSED] - Object: 'Object Repository/DispensaryToStore/Page_Dispensary Store/button_Add' is clicked on

2018-06-09 17:20:49 - [TEST_STEP][PASSED] - delay: Delayed 1 second(s)

2018-06-09 17:20:50 - [MESSAGE][PASSED] - Delayed 1 second(s)

2018-06-09 17:20:50 - [TEST_STEP][PASSED] - selectOptionByIndex: All options with index in [11] are selected on object 'Object Repository/DispensaryToStore/Page_Dispensary Store/select_--Select--Schedule 1Inj'

2018-06-09 17:20:50 - [MESSAGE][PASSED] - All options with index in [11] are selected on object 'Object Repository/DispensaryToStore/Page_Dispensary Store/select_--Select--Schedule 1Inj'

2018-06-09 17:20:50 - [TEST_STEP][PASSED] - delay: Delayed 1 second(s)

2018-06-09 17:20:51 - [MESSAGE][PASSED] - Delayed 1 second(s)

2018-06-09 17:20:51 - [TEST_STEP][PASSED] - selectOptionByIndex: All options with index in [58] are selected on object 'Object Repository/DispensaryToStore/Page_Dispensary Store/select_--Select--Adernaline 0.'

2018-06-09 17:20:52 - [MESSAGE][PASSED] - All options with index in [58] are selected on object 'Object Repository/DispensaryToStore/Page_Dispensary Store/select_--Select--Adernaline 0.'

2018-06-09 17:20:52 - [TEST_STEP][PASSED] - delay: Delayed 1 second(s)

2018-06-09 17:20:53 - [MESSAGE][PASSED] - Delayed 1 second(s)

2018-06-09 17:20:53 - [TEST_STEP][PASSED] - setText: Text '10' is set on object 'Object Repository/DispensaryToStore/Page_Dispensary Store/input_txttreat'

2018-06-09 17:20:53 - [MESSAGE][PASSED] - Text '10' is set on object 'Object Repository/DispensaryToStore/Page_Dispensary Store/input_txttreat'

2018-06-09 17:20:53 - [TEST_STEP][PASSED] - click: Object: 'Object Repository/DispensaryToStore/Page_Dispensary Store/button_Add' is clicked on

2018-06-09 17:20:53 - [MESSAGE][PASSED] - Object: 'Object Repository/DispensaryToStore/Page_Dispensary Store/button_Add' is clicked on

2018-06-09 17:20:53 - [TEST_STEP][PASSED] - delay: Delayed 1 second(s)

2018-06-09 17:20:54 - [MESSAGE][PASSED] - Delayed 1 second(s)

2018-06-09 17:20:54 - [TEST_STEP][PASSED] - selectOptionByIndex: All options with index in [11] are selected on object 'Object Repository/DispensaryToStore/Page_Dispensary Store/select_--Select--Schedule 1Inj'

2018-06-09 17:20:54 - [MESSAGE][PASSED] - All options with index in [11] are selected on object 'Object Repository/DispensaryToStore/Page_Dispensary Store/select_--Select--Schedule 1Inj'

2018-06-09 17:20:54 - [TEST_STEP][PASSED] - delay: Delayed 1 second(s)

2018-06-09 17:20:55 - [MESSAGE][PASSED] - Delayed 1 second(s)

2018-06-09 17:20:55 - [TEST_STEP][PASSED] - selectOptionByIndex: All options with index in [59] are selected on object 'Object Repository/DispensaryToStore/Page_Dispensary Store/select_--Select--Adernaline 0.'

2018-06-09 17:20:56 - [MESSAGE][PASSED] - All options with index in [59] are selected on object 'Object Repository/DispensaryToStore/Page_Dispensary Store/select_--Select--Adernaline 0.'

2018-06-09 17:20:56 - [TEST_STEP][PASSED] - delay: Delayed 1 second(s)

2018-06-09 17:20:57 - [MESSAGE][PASSED] - Delayed 1 second(s)

2018-06-09 17:20:57 - [TEST_STEP][PASSED] - setText: Text '10' is set on object 'Object Repository/DispensaryToStore/Page_Dispensary Store/input_txttreat'

2018-06-09 17:20:57 - [MESSAGE][PASSED] - Text '10' is set on object 'Object Repository/DispensaryToStore/Page_Dispensary Store/input_txttreat'

2018-06-09 17:20:57 - [TEST_STEP][PASSED] - click: Object: 'Object Repository/DispensaryToStore/Page_Dispensary Store/button_Add' is clicked on

2018-06-09 17:20:57 - [MESSAGE][PASSED] - Object: 'Object Repository/DispensaryToStore/Page_Dispensary Store/button_Add' is clicked on

2018-06-09 17:20:57 - [TEST_STEP][PASSED] - delay: Delayed 1 second(s)

2018-06-09 17:20:58 - [MESSAGE][PASSED] - Delayed 1 second(s)

2018-06-09 17:20:58 - [TEST_STEP][PASSED] - selectOptionByIndex: All options with index in [11] are selected on object 'Object Repository/DispensaryToStore/Page_Dispensary Store/select_--Select--Schedule 1Inj'

2018-06-09 17:20:59 - [MESSAGE][PASSED] - All options with index in [11] are selected on object 'Object Repository/DispensaryToStore/Page_Dispensary Store/select_--Select--Schedule 1Inj'

2018-06-09 17:20:59 - [TEST_STEP][PASSED] - delay: Delayed 1 second(s)

2018-06-09 17:21:00 - [MESSAGE][PASSED] - Delayed 1 second(s)

2018-06-09 17:21:00 - [TEST_STEP][PASSED] - selectOptionByIndex: All options with index in [60] are selected on object 'Object Repository/DispensaryToStore/Page_Dispensary Store/select_--Select--Adernaline 0.'

2018-06-09 17:21:00 - [MESSAGE][PASSED] - All options with index in [60] are selected on object 'Object Repository/DispensaryToStore/Page_Dispensary Store/select_--Select--Adernaline 0.'

2018-06-09 17:21:00 - [TEST_STEP][PASSED] - delay: Delayed 1 second(s)

2018-06-09 17:21:01 - [MESSAGE][PASSED] - Delayed 1 second(s)

2018-06-09 17:21:01 - [TEST_STEP][PASSED] - setText: Text '10' is set on object 'Object Repository/DispensaryToStore/Page_Dispensary Store/input_txttreat'

2018-06-09 17:21:01 - [MESSAGE][PASSED] - Text '10' is set on object 'Object Repository/DispensaryToStore/Page_Dispensary Store/input_txttreat'

2018-06-09 17:21:01 - [TEST_STEP][PASSED] - click: Object: 'Object Repository/DispensaryToStore/Page_Dispensary Store/button_Add' is clicked on

2018-06-09 17:21:02 - [MESSAGE][PASSED] - Object: 'Object Repository/DispensaryToStore/Page_Dispensary Store/button_Add' is clicked on

2018-06-09 17:21:02 - [TEST_STEP][PASSED] - delay: Delayed 1 second(s)

2018-06-09 17:21:03 - [MESSAGE][PASSED] - Delayed 1 second(s)

2018-06-09 17:21:03 - [TEST_STEP][PASSED] - selectOptionByIndex: All options with index in [11] are selected on object 'Object Repository/DispensaryToStore/Page_Dispensary Store/select_--Select--Schedule 1Inj'

2018-06-09 17:21:03 - [MESSAGE][PASSED] - All options with index in [11] are selected on object 'Object Repository/DispensaryToStore/Page_Dispensary Store/select_--Select--Schedule 1Inj'

2018-06-09 17:21:03 - [TEST_STEP][PASSED] - delay: Delayed 1 second(s)

2018-06-09 17:21:04 - [MESSAGE][PASSED] - Delayed 1 second(s)

2018-06-09 17:21:04 - [TEST_STEP][PASSED] - selectOptionByIndex: All options with index in [61] are selected on object 'Object Repository/DispensaryToStore/Page_Dispensary Store/select_--Select--Adernaline 0.'

2018-06-09 17:21:05 - [MESSAGE][PASSED] - All options with index in [61] are selected on object 'Object Repository/DispensaryToStore/Page_Dispensary Store/select_--Select--Adernaline 0.'

2018-06-09 17:21:05 - [TEST_STEP][PASSED] - delay: Delayed 1 second(s)

2018-06-09 17:21:06 - [MESSAGE][PASSED] - Delayed 1 second(s)

2018-06-09 17:21:06 - [TEST_STEP][PASSED] - setText: Text '10' is set on object 'Object Repository/DispensaryToStore/Page_Dispensary Store/input_txttreat'

2018-06-09 17:21:06 - [MESSAGE][PASSED] - Text '10' is set on object 'Object Repository/DispensaryToStore/Page_Dispensary Store/input_txttreat'

2018-06-09 17:21:06 - [TEST_STEP][PASSED] - click: Object: 'Object Repository/DispensaryToStore/Page_Dispensary Store/button_Add' is clicked on

2018-06-09 17:21:06 - [MESSAGE][PASSED] - Object: 'Object Repository/DispensaryToStore/Page_Dispensary Store/button_Add' is clicked on

2018-06-09 17:21:06 - [TEST_STEP][PASSED] - delay: Delayed 1 second(s)

2018-06-09 17:21:07 - [MESSAGE][PASSED] - Delayed 1 second(s)

2018-06-09 17:21:07 - [TEST_STEP][PASSED] - selectOptionByIndex: All options with index in [11] are selected on object 'Object Repository/DispensaryToStore/Page_Dispensary Store/select_--Select--Schedule 1Inj'

2018-06-09 17:21:07 - [MESSAGE][PASSED] - All options with index in [11] are selected on object 'Object Repository/DispensaryToStore/Page_Dispensary Store/select_--Select--Schedule 1Inj'

2018-06-09 17:21:07 - [TEST_STEP][PASSED] - delay: Delayed 1 second(s)

2018-06-09 17:21:08 - [MESSAGE][PASSED] - Delayed 1 second(s)

2018-06-09 17:21:08 - [TEST_STEP][PASSED] - selectOptionByIndex: All options with index in [62] are selected on object 'Object Repository/DispensaryToStore/Page_Dispensary Store/select_--Select--Adernaline 0.'

2018-06-09 17:21:09 - [MESSAGE][PASSED] - All options with index in [62] are selected on object 'Object Repository/DispensaryToStore/Page_Dispensary Store/select_--Select--Adernaline 0.'

2018-06-09 17:21:09 - [TEST_STEP][PASSED] - delay: Delayed 1 second(s)

2018-06-09 17:21:10 - [MESSAGE][PASSED] - Delayed 1 second(s)

2018-06-09 17:21:10 - [TEST_STEP][PASSED] - setText: Text '10' is set on object 'Object Repository/DispensaryToStore/Page_Dispensary Store/input_txttreat'

2018-06-09 17:21:10 - [MESSAGE][PASSED] - Text '10' is set on object 'Object Repository/DispensaryToStore/Page_Dispensary Store/input_txttreat'

2018-06-09 17:21:10 - [TEST_STEP][PASSED] - click: Object: 'Object Repository/DispensaryToStore/Page_Dispensary Store/button_Add' is clicked on

2018-06-09 17:21:10 - [MESSAGE][PASSED] - Object: 'Object Repository/DispensaryToStore/Page_Dispensary Store/button_Add' is clicked on

2018-06-09 17:21:10 - [TEST_STEP][PASSED] - delay: Delayed 1 second(s)

2018-06-09 17:21:11 - [MESSAGE][PASSED] - Delayed 1 second(s)

2018-06-09 17:21:11 - [TEST_STEP][PASSED] - selectOptionByIndex: All options with index in [11] are selected on object 'Object Repository/DispensaryToStore/Page_Dispensary Store/select_--Select--Schedule 1Inj'

2018-06-09 17:21:11 - [MESSAGE][PASSED] - All options with index in [11] are selected on object 'Object Repository/DispensaryToStore/Page_Dispensary Store/select_--Select--Schedule 1Inj'

2018-06-09 17:21:11 - [TEST_STEP][PASSED] - delay: Delayed 1 second(s)

2018-06-09 17:21:12 - [MESSAGE][PASSED] - Delayed 1 second(s)

2018-06-09 17:21:12 - [TEST_STEP][PASSED] - selectOptionByIndex: All options with index in [63] are selected on object 'Object Repository/DispensaryToStore/Page_Dispensary Store/select_--Select--Adernaline 0.'

2018-06-09 17:21:13 - [MESSAGE][PASSED] - All options with index in [63] are selected on object 'Object Repository/DispensaryToStore/Page_Dispensary Store/select_--Select--Adernaline 0.'

2018-06-09 17:21:13 - [TEST_STEP][PASSED] - delay: Delayed 1 second(s)

2018-06-09 17:21:14 - [MESSAGE][PASSED] - Delayed 1 second(s)

2018-06-09 17:21:14 - [TEST_STEP][PASSED] - setText: Text '10' is set on object 'Object Repository/DispensaryToStore/Page_Dispensary Store/input_txttreat'

2018-06-09 17:21:14 - [MESSAGE][PASSED] - Text '10' is set on object 'Object Repository/DispensaryToStore/Page_Dispensary Store/input_txttreat'

2018-06-09 17:21:14 - [TEST_STEP][PASSED] - click: Object: 'Object Repository/DispensaryToStore/Page_Dispensary Store/button_Add' is clicked on

2018-06-09 17:21:14 - [MESSAGE][PASSED] - Object: 'Object Repository/DispensaryToStore/Page_Dispensary Store/button_Add' is clicked on

2018-06-09 17:21:14 - [TEST_STEP][PASSED] - delay: Delayed 1 second(s)

2018-06-09 17:21:15 - [MESSAGE][PASSED] - Delayed 1 second(s)

2018-06-09 17:21:15 - [TEST_STEP][PASSED] - selectOptionByIndex: All options with index in [11] are selected on object 'Object Repository/DispensaryToStore/Page_Dispensary Store/select_--Select--Schedule 1Inj'

2018-06-09 17:21:15 - [MESSAGE][PASSED] - All options with index in [11] are selected on object 'Object Repository/DispensaryToStore/Page_Dispensary Store/select_--Select--Schedule 1Inj'

2018-06-09 17:21:15 - [TEST_STEP][PASSED] - delay: Delayed 1 second(s)

2018-06-09 17:21:16 - [MESSAGE][PASSED] - Delayed 1 second(s)

2018-06-09 17:21:16 - [TEST_STEP][PASSED] - selectOptionByIndex: All options with index in [64] are selected on object 'Object Repository/DispensaryToStore/Page_Dispensary Store/select_--Select--Adernaline 0.'

2018-06-09 17:21:17 - [MESSAGE][PASSED] - All options with index in [64] are selected on object 'Object Repository/DispensaryToStore/Page_Dispensary Store/select_--Select--Adernaline 0.'

2018-06-09 17:21:17 - [TEST_STEP][PASSED] - delay: Delayed 1 second(s)

2018-06-09 17:21:18 - [MESSAGE][PASSED] - Delayed 1 second(s)

2018-06-09 17:21:18 - [TEST_STEP][PASSED] - setText: Text '10' is set on object 'Object Repository/DispensaryToStore/Page_Dispensary Store/input_txttreat'

2018-06-09 17:21:18 - [MESSAGE][PASSED] - Text '10' is set on object 'Object Repository/DispensaryToStore/Page_Dispensary Store/input_txttreat'

2018-06-09 17:21:18 - [TEST_STEP][PASSED] - click: Object: 'Object Repository/DispensaryToStore/Page_Dispensary Store/button_Add' is clicked on

2018-06-09 17:21:18 - [MESSAGE][PASSED] - Object: 'Object Repository/DispensaryToStore/Page_Dispensary Store/button_Add' is clicked on

2018-06-09 17:21:18 - [TEST_STEP][PASSED] - delay: Delayed 1 second(s)

2018-06-09 17:21:19 - [MESSAGE][PASSED] - Delayed 1 second(s)

2018-06-09 17:21:19 - [TEST_STEP][PASSED] - selectOptionByIndex: All options with index in [11] are selected on object 'Object Repository/DispensaryToStore/Page_Dispensary Store/select_--Select--Schedule 1Inj'

2018-06-09 17:21:20 - [MESSAGE][PASSED] - All options with index in [11] are selected on object 'Object Repository/DispensaryToStore/Page_Dispensary Store/select_--Select--Schedule 1Inj'

2018-06-09 17:21:20 - [TEST_STEP][PASSED] - delay: Delayed 1 second(s)

2018-06-09 17:21:21 - [MESSAGE][PASSED] - Delayed 1 second(s)

2018-06-09 17:21:21 - [TEST_STEP][PASSED] - selectOptionByIndex: All options with index in [65] are selected on object 'Object Repository/DispensaryToStore/Page_Dispensary Store/select_--Select--Adernaline 0.'

2018-06-09 17:21:21 - [MESSAGE][PASSED] - All options with index in [65] are selected on object 'Object Repository/DispensaryToStore/Page_Dispensary Store/select_--Select--Adernaline 0.'

2018-06-09 17:21:21 - [TEST_STEP][PASSED] - delay: Delayed 1 second(s)

2018-06-09 17:21:22 - [MESSAGE][PASSED] - Delayed 1 second(s)

2018-06-09 17:21:22 - [TEST_STEP][PASSED] - setText: Text '10' is set on object 'Object Repository/DispensaryToStore/Page_Dispensary Store/input_txttreat'

2018-06-09 17:21:22 - [MESSAGE][PASSED] - Text '10' is set on object 'Object Repository/DispensaryToStore/Page_Dispensary Store/input_txttreat'

2018-06-09 17:21:22 - [TEST_STEP][PASSED] - click: Object: 'Object Repository/DispensaryToStore/Page_Dispensary Store/button_Add' is clicked on

2018-06-09 17:21:23 - [MESSAGE][PASSED] - Object: 'Object Repository/DispensaryToStore/Page_Dispensary Store/button_Add' is clicked on

2018-06-09 17:21:23 - [TEST_STEP][PASSED] - delay: Delayed 1 second(s)

2018-06-09 17:21:24 - [MESSAGE][PASSED] - Delayed 1 second(s)

2018-06-09 17:21:24 - [TEST_STEP][PASSED] - selectOptionByIndex: All options with index in [11] are selected on object 'Object Repository/DispensaryToStore/Page_Dispensary Store/select_--Select--Schedule 1Inj'

2018-06-09 17:21:24 - [MESSAGE][PASSED] - All options with index in [11] are selected on object 'Object Repository/DispensaryToStore/Page_Dispensary Store/select_--Select--Schedule 1Inj'

2018-06-09 17:21:24 - [TEST_STEP][PASSED] - delay: Delayed 1 second(s)

2018-06-09 17:21:25 - [MESSAGE][PASSED] - Delayed 1 second(s)

2018-06-09 17:21:25 - [TEST_STEP][PASSED] - selectOptionByIndex: All options with index in [66] are selected on object 'Object Repository/DispensaryToStore/Page_Dispensary Store/select_--Select--Adernaline 0.'

2018-06-09 17:21:26 - [MESSAGE][PASSED] - All options with index in [66] are selected on object 'Object Repository/DispensaryToStore/Page_Dispensary Store/select_--Select--Adernaline 0.'

2018-06-09 17:21:26 - [TEST_STEP][PASSED] - delay: Delayed 1 second(s)

2018-06-09 17:21:27 - [MESSAGE][PASSED] - Delayed 1 second(s)

2018-06-09 17:21:27 - [TEST_STEP][PASSED] - setText: Text '10' is set on object 'Object Repository/DispensaryToStore/Page_Dispensary Store/input_txttreat'

2018-06-09 17:21:27 - [MESSAGE][PASSED] - Text '10' is set on object 'Object Repository/DispensaryToStore/Page_Dispensary Store/input_txttreat'

2018-06-09 17:21:27 - [TEST_STEP][PASSED] - click: Object: 'Object Repository/DispensaryToStore/Page_Dispensary Store/button_Add' is clicked on

2018-06-09 17:21:27 - [MESSAGE][PASSED] - Object: 'Object Repository/DispensaryToStore/Page_Dispensary Store/button_Add' is clicked on

2018-06-09 17:21:27 - [TEST_STEP][PASSED] - delay: Delayed 1 second(s)

2018-06-09 17:21:28 - [MESSAGE][PASSED] - Delayed 1 second(s)

2018-06-09 17:21:28 - [TEST_STEP][PASSED] - selectOptionByIndex: All options with index in [11] are selected on object 'Object Repository/DispensaryToStore/Page_Dispensary Store/select_--Select--Schedule 1Inj'

2018-06-09 17:21:28 - [MESSAGE][PASSED] - All options with index in [11] are selected on object 'Object Repository/DispensaryToStore/Page_Dispensary Store/select_--Select--Schedule 1Inj'

2018-06-09 17:21:28 - [TEST_STEP][PASSED] - delay: Delayed 1 second(s)

2018-06-09 17:21:29 - [MESSAGE][PASSED] - Delayed 1 second(s)

2018-06-09 17:21:29 - [TEST_STEP][PASSED] - selectOptionByIndex: All options with index in [67] are selected on object 'Object Repository/DispensaryToStore/Page_Dispensary Store/select_--Select--Adernaline 0.'

2018-06-09 17:21:30 - [MESSAGE][PASSED] - All options with index in [67] are selected on object 'Object Repository/DispensaryToStore/Page_Dispensary Store/select_--Select--Adernaline 0.'

2018-06-09 17:21:30 - [TEST_STEP][PASSED] - delay: Delayed 1 second(s)

2018-06-09 17:21:31 - [MESSAGE][PASSED] - Delayed 1 second(s)

2018-06-09 17:21:31 - [TEST_STEP][PASSED] - setText: Text '10' is set on object 'Object Repository/DispensaryToStore/Page_Dispensary Store/input_txttreat'

2018-06-09 17:21:31 - [MESSAGE][PASSED] - Text '10' is set on object 'Object Repository/DispensaryToStore/Page_Dispensary Store/input_txttreat'

2018-06-09 17:21:31 - [TEST_STEP][PASSED] - click: Object: 'Object Repository/DispensaryToStore/Page_Dispensary Store/button_Add' is clicked on

2018-06-09 17:21:31 - [MESSAGE][PASSED] - Object: 'Object Repository/DispensaryToStore/Page_Dispensary Store/button_Add' is clicked on

2018-06-09 17:21:31 - [TEST_STEP][PASSED] - delay: Delayed 1 second(s)

2018-06-09 17:21:32 - [MESSAGE][PASSED] - Delayed 1 second(s)

2018-06-09 17:21:32 - [TEST_STEP][PASSED] - selectOptionByIndex: All options with index in [11] are selected on object 'Object Repository/DispensaryToStore/Page_Dispensary Store/select_--Select--Schedule 1Inj'

2018-06-09 17:21:32 - [MESSAGE][PASSED] - All options with index in [11] are selected on object 'Object Repository/DispensaryToStore/Page_Dispensary Store/select_--Select--Schedule 1Inj'

2018-06-09 17:21:32 - [TEST_STEP][PASSED] - delay: Delayed 1 second(s)

2018-06-09 17:21:33 - [MESSAGE][PASSED] - Delayed 1 second(s)

2018-06-09 17:21:33 - [TEST_STEP][PASSED] - selectOptionByIndex: All options with index in [68] are selected on object 'Object Repository/DispensaryToStore/Page_Dispensary Store/select_--Select--Adernaline 0.'

2018-06-09 17:21:34 - [MESSAGE][PASSED] - All options with index in [68] are selected on object 'Object Repository/DispensaryToStore/Page_Dispensary Store/select_--Select--Adernaline 0.'

2018-06-09 17:21:34 - [TEST_STEP][PASSED] - delay: Delayed 1 second(s)

2018-06-09 17:21:35 - [MESSAGE][PASSED] - Delayed 1 second(s)

2018-06-09 17:21:35 - [TEST_STEP][PASSED] - setText: Text '10' is set on object 'Object Repository/DispensaryToStore/Page_Dispensary Store/input_txttreat'

2018-06-09 17:21:35 - [MESSAGE][PASSED] - Text '10' is set on object 'Object Repository/DispensaryToStore/Page_Dispensary Store/input_txttreat'

2018-06-09 17:21:35 - [TEST_STEP][PASSED] - click: Object: 'Object Repository/DispensaryToStore/Page_Dispensary Store/button_Add' is clicked on

2018-06-09 17:21:35 - [MESSAGE][PASSED] - Object: 'Object Repository/DispensaryToStore/Page_Dispensary Store/button_Add' is clicked on

2018-06-09 17:21:35 - [TEST_STEP][PASSED] - delay: Delayed 1 second(s)

2018-06-09 17:21:36 - [MESSAGE][PASSED] - Delayed 1 second(s)

2018-06-09 17:21:36 - [TEST_STEP][PASSED] - selectOptionByIndex: All options with index in [11] are selected on object 'Object Repository/DispensaryToStore/Page_Dispensary Store/select_--Select--Schedule 1Inj'

2018-06-09 17:21:37 - [MESSAGE][PASSED] - All options with index in [11] are selected on object 'Object Repository/DispensaryToStore/Page_Dispensary Store/select_--Select--Schedule 1Inj'

2018-06-09 17:21:37 - [TEST_STEP][PASSED] - delay: Delayed 1 second(s)

2018-06-09 17:21:38 - [MESSAGE][PASSED] - Delayed 1 second(s)

2018-06-09 17:21:38 - [TEST_STEP][PASSED] - selectOptionByIndex: All options with index in [69] are selected on object 'Object Repository/DispensaryToStore/Page_Dispensary Store/select_--Select--Adernaline 0.'

2018-06-09 17:21:38 - [MESSAGE][PASSED] - All options with index in [69] are selected on object 'Object Repository/DispensaryToStore/Page_Dispensary Store/select_--Select--Adernaline 0.'

2018-06-09 17:21:38 - [TEST_STEP][PASSED] - delay: Delayed 1 second(s)

2018-06-09 17:21:39 - [MESSAGE][PASSED] - Delayed 1 second(s)

2018-06-09 17:21:39 - [TEST_STEP][PASSED] - setText: Text '10' is set on object 'Object Repository/DispensaryToStore/Page_Dispensary Store/input_txttreat'

2018-06-09 17:21:39 - [MESSAGE][PASSED] - Text '10' is set on object 'Object Repository/DispensaryToStore/Page_Dispensary Store/input_txttreat'

2018-06-09 17:21:39 - [TEST_STEP][PASSED] - click: Object: 'Object Repository/DispensaryToStore/Page_Dispensary Store/button_Add' is clicked on

2018-06-09 17:21:40 - [MESSAGE][PASSED] - Object: 'Object Repository/DispensaryToStore/Page_Dispensary Store/button_Add' is clicked on

2018-06-09 17:21:40 - [TEST_STEP][PASSED] - delay: Delayed 1 second(s)

2018-06-09 17:21:41 - [MESSAGE][PASSED] - Delayed 1 second(s)

2018-06-09 17:21:41 - [TEST_STEP][PASSED] - selectOptionByIndex: All options with index in [11] are selected on object 'Object Repository/DispensaryToStore/Page_Dispensary Store/select_--Select--Schedule 1Inj'

2018-06-09 17:21:41 - [MESSAGE][PASSED] - All options with index in [11] are selected on object 'Object Repository/DispensaryToStore/Page_Dispensary Store/select_--Select--Schedule 1Inj'

2018-06-09 17:21:41 - [TEST_STEP][PASSED] - delay: Delayed 1 second(s)

2018-06-09 17:21:42 - [MESSAGE][PASSED] - Delayed 1 second(s)

2018-06-09 17:21:42 - [TEST_STEP][PASSED] - selectOptionByIndex: All options with index in [70] are selected on object 'Object Repository/DispensaryToStore/Page_Dispensary Store/select_--Select--Adernaline 0.'

2018-06-09 17:21:43 - [MESSAGE][PASSED] - All options with index in [70] are selected on object 'Object Repository/DispensaryToStore/Page_Dispensary Store/select_--Select--Adernaline 0.'

2018-06-09 17:21:43 - [TEST_STEP][PASSED] - delay: Delayed 1 second(s)

2018-06-09 17:21:44 - [MESSAGE][PASSED] - Delayed 1 second(s)

2018-06-09 17:21:44 - [TEST_STEP][PASSED] - setText: Text '10' is set on object 'Object Repository/DispensaryToStore/Page_Dispensary Store/input_txttreat'

2018-06-09 17:21:44 - [MESSAGE][PASSED] - Text '10' is set on object 'Object Repository/DispensaryToStore/Page_Dispensary Store/input_txttreat'

2018-06-09 17:21:44 - [TEST_STEP][PASSED] - click: Object: 'Object Repository/DispensaryToStore/Page_Dispensary Store/button_Add' is clicked on

2018-06-09 17:21:44 - [MESSAGE][PASSED] - Object: 'Object Repository/DispensaryToStore/Page_Dispensary Store/button_Add' is clicked on

2018-06-09 17:21:44 - [TEST_STEP][PASSED] - delay: Delayed 1 second(s)

2018-06-09 17:21:45 - [MESSAGE][PASSED] - Delayed 1 second(s)

2018-06-09 17:21:45 - [TEST_STEP][PASSED] - selectOptionByIndex: All options with index in [11] are selected on object 'Object Repository/DispensaryToStore/Page_Dispensary Store/select_--Select--Schedule 1Inj'

2018-06-09 17:21:45 - [MESSAGE][PASSED] - All options with index in [11] are selected on object 'Object Repository/DispensaryToStore/Page_Dispensary Store/select_--Select--Schedule 1Inj'

2018-06-09 17:21:45 - [TEST_STEP][PASSED] - delay: Delayed 1 second(s)

2018-06-09 17:21:46 - [MESSAGE][PASSED] - Delayed 1 second(s)

2018-06-09 17:21:46 - [TEST_STEP][PASSED] - selectOptionByIndex: All options with index in [71] are selected on object 'Object Repository/DispensaryToStore/Page_Dispensary Store/select_--Select--Adernaline 0.'

2018-06-09 17:21:47 - [MESSAGE][PASSED] - All options with index in [71] are selected on object 'Object Repository/DispensaryToStore/Page_Dispensary Store/select_--Select--Adernaline 0.'

2018-06-09 17:21:47 - [TEST_STEP][PASSED] - delay: Delayed 1 second(s)

2018-06-09 17:21:48 - [MESSAGE][PASSED] - Delayed 1 second(s)

2018-06-09 17:21:48 - [TEST_STEP][PASSED] - setText: Text '10' is set on object 'Object Repository/DispensaryToStore/Page_Dispensary Store/input_txttreat'

2018-06-09 17:21:48 - [MESSAGE][PASSED] - Text '10' is set on object 'Object Repository/DispensaryToStore/Page_Dispensary Store/input_txttreat'

2018-06-09 17:21:48 - [TEST_STEP][PASSED] - click: Object: 'Object Repository/DispensaryToStore/Page_Dispensary Store/button_Add' is clicked on

2018-06-09 17:21:48 - [MESSAGE][PASSED] - Object: 'Object Repository/DispensaryToStore/Page_Dispensary Store/button_Add' is clicked on

2018-06-09 17:21:48 - [TEST_STEP][PASSED] - delay: Delayed 1 second(s)

2018-06-09 17:21:49 - [MESSAGE][PASSED] - Delayed 1 second(s)

2018-06-09 17:21:49 - [TEST_STEP][PASSED] - selectOptionByIndex: All options with index in [11] are selected on object 'Object Repository/DispensaryToStore/Page_Dispensary Store/select_--Select--Schedule 1Inj'

2018-06-09 17:21:49 - [MESSAGE][PASSED] - All options with index in [11] are selected on object 'Object Repository/DispensaryToStore/Page_Dispensary Store/select_--Select--Schedule 1Inj'

2018-06-09 17:21:49 - [TEST_STEP][PASSED] - delay: Delayed 1 second(s)

2018-06-09 17:21:50 - [MESSAGE][PASSED] - Delayed 1 second(s)

2018-06-09 17:21:50 - [TEST_STEP][PASSED] - selectOptionByIndex: All options with index in [72] are selected on object 'Object Repository/DispensaryToStore/Page_Dispensary Store/select_--Select--Adernaline 0.'

2018-06-09 17:21:51 - [MESSAGE][PASSED] - All options with index in [72] are selected on object 'Object Repository/DispensaryToStore/Page_Dispensary Store/select_--Select--Adernaline 0.'

2018-06-09 17:21:51 - [TEST_STEP][PASSED] - delay: Delayed 1 second(s)

2018-06-09 17:21:52 - [MESSAGE][PASSED] - Delayed 1 second(s)

2018-06-09 17:21:52 - [TEST_STEP][PASSED] - setText: Text '10' is set on object 'Object Repository/DispensaryToStore/Page_Dispensary Store/input_txttreat'

2018-06-09 17:21:52 - [MESSAGE][PASSED] - Text '10' is set on object 'Object Repository/DispensaryToStore/Page_Dispensary Store/input_txttreat'

2018-06-09 17:21:52 - [TEST_STEP][PASSED] - click: Object: 'Object Repository/DispensaryToStore/Page_Dispensary Store/button_Add' is clicked on

2018-06-09 17:21:52 - [MESSAGE][PASSED] - Object: 'Object Repository/DispensaryToStore/Page_Dispensary Store/button_Add' is clicked on

2018-06-09 17:21:52 - [TEST_STEP][PASSED] - delay: Delayed 1 second(s)

2018-06-09 17:21:53 - [MESSAGE][PASSED] - Delayed 1 second(s)

2018-06-09 17:21:53 - [TEST_STEP][PASSED] - selectOptionByIndex: All options with index in [11] are selected on object 'Object Repository/DispensaryToStore/Page_Dispensary Store/select_--Select--Schedule 1Inj'

2018-06-09 17:21:54 - [MESSAGE][PASSED] - All options with index in [11] are selected on object 'Object Repository/DispensaryToStore/Page_Dispensary Store/select_--Select--Schedule 1Inj'

2018-06-09 17:21:54 - [TEST_STEP][PASSED] - delay: Delayed 1 second(s)

2018-06-09 17:21:55 - [MESSAGE][PASSED] - Delayed 1 second(s)

2018-06-09 17:21:55 - [TEST_STEP][PASSED] - selectOptionByIndex: All options with index in [73] are selected on object 'Object Repository/DispensaryToStore/Page_Dispensary Store/select_--Select--Adernaline 0.'

2018-06-09 17:21:55 - [MESSAGE][PASSED] - All options with index in [73] are selected on object 'Object Repository/DispensaryToStore/Page_Dispensary Store/select_--Select--Adernaline 0.'

2018-06-09 17:21:55 - [TEST_STEP][PASSED] - delay: Delayed 1 second(s)

2018-06-09 17:21:56 - [MESSAGE][PASSED] - Delayed 1 second(s)

2018-06-09 17:21:56 - [TEST_STEP][PASSED] - setText: Text '10' is set on object 'Object Repository/DispensaryToStore/Page_Dispensary Store/input_txttreat'

2018-06-09 17:21:57 - [MESSAGE][PASSED] - Text '10' is set on object 'Object Repository/DispensaryToStore/Page_Dispensary Store/input_txttreat'

2018-06-09 17:21:57 - [TEST_STEP][PASSED] - click: Object: 'Object Repository/DispensaryToStore/Page_Dispensary Store/button_Add' is clicked on

2018-06-09 17:21:57 - [MESSAGE][PASSED] - Object: 'Object Repository/DispensaryToStore/Page_Dispensary Store/button_Add' is clicked on

2018-06-09 17:21:57 - [TEST_STEP][PASSED] - delay: Delayed 1 second(s)

2018-06-09 17:21:58 - [MESSAGE][PASSED] - Delayed 1 second(s)

2018-06-09 17:21:58 - [TEST_STEP][PASSED] - selectOptionByIndex: All options with index in [11] are selected on object 'Object Repository/DispensaryToStore/Page_Dispensary Store/select_--Select--Schedule 1Inj'

2018-06-09 17:21:58 - [MESSAGE][PASSED] - All options with index in [11] are selected on object 'Object Repository/DispensaryToStore/Page_Dispensary Store/select_--Select--Schedule 1Inj'

2018-06-09 17:21:58 - [TEST_STEP][PASSED] - delay: Delayed 1 second(s)

2018-06-09 17:21:59 - [MESSAGE][PASSED] - Delayed 1 second(s)

2018-06-09 17:21:59 - [TEST_STEP][PASSED] - selectOptionByIndex: All options with index in [74] are selected on object 'Object Repository/DispensaryToStore/Page_Dispensary Store/select_--Select--Adernaline 0.'

2018-06-09 17:22:00 - [MESSAGE][PASSED] - All options with index in [74] are selected on object 'Object Repository/DispensaryToStore/Page_Dispensary Store/select_--Select--Adernaline 0.'

2018-06-09 17:22:00 - [TEST_STEP][PASSED] - delay: Delayed 1 second(s)

2018-06-09 17:22:01 - [MESSAGE][PASSED] - Delayed 1 second(s)

2018-06-09 17:22:01 - [TEST_STEP][PASSED] - setText: Text '10' is set on object 'Object Repository/DispensaryToStore/Page_Dispensary Store/input_txttreat'

2018-06-09 17:22:01 - [MESSAGE][PASSED] - Text '10' is set on object 'Object Repository/DispensaryToStore/Page_Dispensary Store/input_txttreat'

2018-06-09 17:22:01 - [TEST_STEP][PASSED] - click: Object: 'Object Repository/DispensaryToStore/Page_Dispensary Store/button_Add' is clicked on

2018-06-09 17:22:01 - [MESSAGE][PASSED] - Object: 'Object Repository/DispensaryToStore/Page_Dispensary Store/button_Add' is clicked on

2018-06-09 17:22:01 - [TEST_STEP][PASSED] - delay: Delayed 1 second(s)

2018-06-09 17:22:02 - [MESSAGE][PASSED] - Delayed 1 second(s)

2018-06-09 17:22:02 - [TEST_STEP][PASSED] - selectOptionByIndex: All options with index in [11] are selected on object 'Object Repository/DispensaryToStore/Page_Dispensary Store/select_--Select--Schedule 1Inj'

2018-06-09 17:22:02 - [MESSAGE][PASSED] - All options with index in [11] are selected on object 'Object Repository/DispensaryToStore/Page_Dispensary Store/select_--Select--Schedule 1Inj'

2018-06-09 17:22:02 - [TEST_STEP][PASSED] - delay: Delayed 1 second(s)

2018-06-09 17:22:03 - [MESSAGE][PASSED] - Delayed 1 second(s)

2018-06-09 17:22:03 - [TEST_STEP][PASSED] - selectOptionByIndex: All options with index in [75] are selected on object 'Object Repository/DispensaryToStore/Page_Dispensary Store/select_--Select--Adernaline 0.'

2018-06-09 17:22:04 - [MESSAGE][PASSED] - All options with index in [75] are selected on object 'Object Repository/DispensaryToStore/Page_Dispensary Store/select_--Select--Adernaline 0.'

2018-06-09 17:22:04 - [TEST_STEP][PASSED] - delay: Delayed 1 second(s)

2018-06-09 17:22:05 - [MESSAGE][PASSED] - Delayed 1 second(s)

2018-06-09 17:22:05 - [TEST_STEP][PASSED] - setText: Text '10' is set on object 'Object Repository/DispensaryToStore/Page_Dispensary Store/input_txttreat'

2018-06-09 17:22:05 - [MESSAGE][PASSED] - Text '10' is set on object 'Object Repository/DispensaryToStore/Page_Dispensary Store/input_txttreat'

2018-06-09 17:22:05 - [TEST_STEP][PASSED] - click: Object: 'Object Repository/DispensaryToStore/Page_Dispensary Store/button_Add' is clicked on

2018-06-09 17:22:05 - [MESSAGE][PASSED] - Object: 'Object Repository/DispensaryToStore/Page_Dispensary Store/button_Add' is clicked on

2018-06-09 17:22:05 - [TEST_STEP][PASSED] - delay: Delayed 1 second(s)

2018-06-09 17:22:06 - [MESSAGE][PASSED] - Delayed 1 second(s)

2018-06-09 17:22:06 - [TEST_STEP][PASSED] - selectOptionByIndex: All options with index in [11] are selected on object 'Object Repository/DispensaryToStore/Page_Dispensary Store/select_--Select--Schedule 1Inj'

2018-06-09 17:22:07 - [MESSAGE][PASSED] - All options with index in [11] are selected on object 'Object Repository/DispensaryToStore/Page_Dispensary Store/select_--Select--Schedule 1Inj'

2018-06-09 17:22:07 - [TEST_STEP][PASSED] - delay: Delayed 1 second(s)

2018-06-09 17:22:08 - [MESSAGE][PASSED] - Delayed 1 second(s)

2018-06-09 17:22:08 - [TEST_STEP][PASSED] - selectOptionByIndex: All options with index in [76] are selected on object 'Object Repository/DispensaryToStore/Page_Dispensary Store/select_--Select--Adernaline 0.'

2018-06-09 17:22:08 - [MESSAGE][PASSED] - All options with index in [76] are selected on object 'Object Repository/DispensaryToStore/Page_Dispensary Store/select_--Select--Adernaline 0.'

2018-06-09 17:22:08 - [TEST_STEP][PASSED] - delay: Delayed 1 second(s)

2018-06-09 17:22:09 - [MESSAGE][PASSED] - Delayed 1 second(s)

2018-06-09 17:22:09 - [TEST_STEP][PASSED] - setText: Text '10' is set on object 'Object Repository/DispensaryToStore/Page_Dispensary Store/input_txttreat'

2018-06-09 17:22:10 - [MESSAGE][PASSED] - Text '10' is set on object 'Object Repository/DispensaryToStore/Page_Dispensary Store/input_txttreat'

2018-06-09 17:22:10 - [TEST_STEP][PASSED] - click: Object: 'Object Repository/DispensaryToStore/Page_Dispensary Store/button_Add' is clicked on

2018-06-09 17:22:10 - [MESSAGE][PASSED] - Object: 'Object Repository/DispensaryToStore/Page_Dispensary Store/button_Add' is clicked on

2018-06-09 17:22:10 - [TEST_STEP][PASSED] - delay: Delayed 1 second(s)

2018-06-09 17:22:11 - [MESSAGE][PASSED] - Delayed 1 second(s)

2018-06-09 17:22:11 - [TEST_STEP][PASSED] - selectOptionByIndex: All options with index in [11] are selected on object 'Object Repository/DispensaryToStore/Page_Dispensary Store/select_--Select--Schedule 1Inj'

2018-06-09 17:22:11 - [MESSAGE][PASSED] - All options with index in [11] are selected on object 'Object Repository/DispensaryToStore/Page_Dispensary Store/select_--Select--Schedule 1Inj'

2018-06-09 17:22:11 - [TEST_STEP][PASSED] - delay: Delayed 1 second(s)

2018-06-09 17:22:12 - [MESSAGE][PASSED] - Delayed 1 second(s)

2018-06-09 17:22:12 - [TEST_STEP][PASSED] - selectOptionByIndex: All options with index in [77] are selected on object 'Object Repository/DispensaryToStore/Page_Dispensary Store/select_--Select--Adernaline 0.'

2018-06-09 17:22:13 - [MESSAGE][PASSED] - All options with index in [77] are selected on object 'Object Repository/DispensaryToStore/Page_Dispensary Store/select_--Select--Adernaline 0.'

2018-06-09 17:22:13 - [TEST_STEP][PASSED] - delay: Delayed 1 second(s)

2018-06-09 17:22:14 - [MESSAGE][PASSED] - Delayed 1 second(s)

2018-06-09 17:22:14 - [TEST_STEP][PASSED] - setText: Text '10' is set on object 'Object Repository/DispensaryToStore/Page_Dispensary Store/input_txttreat'

2018-06-09 17:22:14 - [MESSAGE][PASSED] - Text '10' is set on object 'Object Repository/DispensaryToStore/Page_Dispensary Store/input_txttreat'

2018-06-09 17:22:14 - [TEST_STEP][PASSED] - click: Object: 'Object Repository/DispensaryToStore/Page_Dispensary Store/button_Add' is clicked on

2018-06-09 17:22:14 - [MESSAGE][PASSED] - Object: 'Object Repository/DispensaryToStore/Page_Dispensary Store/button_Add' is clicked on

2018-06-09 17:22:14 - [TEST_STEP][PASSED] - delay: Delayed 1 second(s)

2018-06-09 17:22:15 - [MESSAGE][PASSED] - Delayed 1 second(s)

2018-06-09 17:22:15 - [TEST_STEP][PASSED] - selectOptionByIndex: All options with index in [11] are selected on object 'Object Repository/DispensaryToStore/Page_Dispensary Store/select_--Select--Schedule 1Inj'

2018-06-09 17:22:15 - [MESSAGE][PASSED] - All options with index in [11] are selected on object 'Object Repository/DispensaryToStore/Page_Dispensary Store/select_--Select--Schedule 1Inj'

2018-06-09 17:22:15 - [TEST_STEP][PASSED] - delay: Delayed 1 second(s)

2018-06-09 17:22:16 - [MESSAGE][PASSED] - Delayed 1 second(s)

2018-06-09 17:22:16 - [TEST_STEP][PASSED] - selectOptionByIndex: All options with index in [78] are selected on object 'Object Repository/DispensaryToStore/Page_Dispensary Store/select_--Select--Adernaline 0.'

2018-06-09 17:22:17 - [MESSAGE][PASSED] - All options with index in [78] are selected on object 'Object Repository/DispensaryToStore/Page_Dispensary Store/select_--Select--Adernaline 0.'

2018-06-09 17:22:17 - [TEST_STEP][PASSED] - delay: Delayed 1 second(s)

2018-06-09 17:22:18 - [MESSAGE][PASSED] - Delayed 1 second(s)

2018-06-09 17:22:18 - [TEST_STEP][PASSED] - setText: Text '10' is set on object 'Object Repository/DispensaryToStore/Page_Dispensary Store/input_txttreat'

2018-06-09 17:22:18 - [MESSAGE][PASSED] - Text '10' is set on object 'Object Repository/DispensaryToStore/Page_Dispensary Store/input_txttreat'

2018-06-09 17:22:18 - [TEST_STEP][PASSED] - click: Object: 'Object Repository/DispensaryToStore/Page_Dispensary Store/button_Add' is clicked on

2018-06-09 17:22:18 - [MESSAGE][PASSED] - Object: 'Object Repository/DispensaryToStore/Page_Dispensary Store/button_Add' is clicked on

2018-06-09 17:22:18 - [TEST_STEP][PASSED] - delay: Delayed 1 second(s)

2018-06-09 17:22:19 - [MESSAGE][PASSED] - Delayed 1 second(s)

2018-06-09 17:22:19 - [TEST_STEP][PASSED] - selectOptionByIndex: All options with index in [11] are selected on object 'Object Repository/DispensaryToStore/Page_Dispensary Store/select_--Select--Schedule 1Inj'

2018-06-09 17:22:20 - [MESSAGE][PASSED] - All options with index in [11] are selected on object 'Object Repository/DispensaryToStore/Page_Dispensary Store/select_--Select--Schedule 1Inj'

2018-06-09 17:22:20 - [TEST_STEP][PASSED] - delay: Delayed 1 second(s)

2018-06-09 17:22:21 - [MESSAGE][PASSED] - Delayed 1 second(s)

2018-06-09 17:22:21 - [TEST_STEP][PASSED] - selectOptionByIndex: All options with index in [79] are selected on object 'Object Repository/DispensaryToStore/Page_Dispensary Store/select_--Select--Adernaline 0.'

2018-06-09 17:22:21 - [MESSAGE][PASSED] - All options with index in [79] are selected on object 'Object Repository/DispensaryToStore/Page_Dispensary Store/select_--Select--Adernaline 0.'

2018-06-09 17:22:21 - [TEST_STEP][PASSED] - delay: Delayed 1 second(s)

2018-06-09 17:22:22 - [MESSAGE][PASSED] - Delayed 1 second(s)

2018-06-09 17:22:22 - [TEST_STEP][PASSED] - setText: Text '10' is set on object 'Object Repository/DispensaryToStore/Page_Dispensary Store/input_txttreat'

2018-06-09 17:22:23 - [MESSAGE][PASSED] - Text '10' is set on object 'Object Repository/DispensaryToStore/Page_Dispensary Store/input_txttreat'

2018-06-09 17:22:23 - [TEST_STEP][PASSED] - click: Object: 'Object Repository/DispensaryToStore/Page_Dispensary Store/button_Add' is clicked on

2018-06-09 17:22:23 - [MESSAGE][PASSED] - Object: 'Object Repository/DispensaryToStore/Page_Dispensary Store/button_Add' is clicked on

2018-06-09 17:22:23 - [TEST_STEP][PASSED] - delay: Delayed 1 second(s)

2018-06-09 17:22:24 - [MESSAGE][PASSED] - Delayed 1 second(s)

2018-06-09 17:22:24 - [TEST_STEP][PASSED] - selectOptionByIndex: All options with index in [11] are selected on object 'Object Repository/DispensaryToStore/Page_Dispensary Store/select_--Select--Schedule 1Inj'

2018-06-09 17:22:24 - [MESSAGE][PASSED] - All options with index in [11] are selected on object 'Object Repository/DispensaryToStore/Page_Dispensary Store/select_--Select--Schedule 1Inj'

2018-06-09 17:22:24 - [TEST_STEP][PASSED] - delay: Delayed 1 second(s)

2018-06-09 17:22:25 - [MESSAGE][PASSED] - Delayed 1 second(s)

2018-06-09 17:22:25 - [TEST_STEP][PASSED] - selectOptionByIndex: All options with index in [80] are selected on object 'Object Repository/DispensaryToStore/Page_Dispensary Store/select_--Select--Adernaline 0.'

2018-06-09 17:22:26 - [MESSAGE][PASSED] - All options with index in [80] are selected on object 'Object Repository/DispensaryToStore/Page_Dispensary Store/select_--Select--Adernaline 0.'

2018-06-09 17:22:26 - [TEST_STEP][PASSED] - delay: Delayed 1 second(s)

2018-06-09 17:22:27 - [MESSAGE][PASSED] - Delayed 1 second(s)

2018-06-09 17:22:27 - [TEST_STEP][PASSED] - setText: Text '10' is set on object 'Object Repository/DispensaryToStore/Page_Dispensary Store/input_txttreat'

2018-06-09 17:22:27 - [MESSAGE][PASSED] - Text '10' is set on object 'Object Repository/DispensaryToStore/Page_Dispensary Store/input_txttreat'

2018-06-09 17:22:27 - [TEST_STEP][PASSED] - click: Object: 'Object Repository/DispensaryToStore/Page_Dispensary Store/button_Add' is clicked on

2018-06-09 17:22:27 - [MESSAGE][PASSED] - Object: 'Object Repository/DispensaryToStore/Page_Dispensary Store/button_Add' is clicked on

2018-06-09 17:22:27 - [TEST_STEP][PASSED] - delay: Delayed 1 second(s)

2018-06-09 17:22:28 - [MESSAGE][PASSED] - Delayed 1 second(s)

2018-06-09 17:22:28 - [TEST_STEP][PASSED] - scrollToElement: Scroll to object 'Object Repository/DispensaryToStore/Page_Dispensary Store/input_btnsave' successfully

2018-06-09 17:22:28 - [MESSAGE][PASSED] - Scroll to object 'Object Repository/DispensaryToStore/Page_Dispensary Store/input_btnsave' successfully

2018-06-09 17:22:28 - [TEST_STEP][PASSED] - click: Object: 'Object Repository/DispensaryToStore/Page_Dispensary Store/input_btnsave' is clicked on

2018-06-09 17:22:28 - [MESSAGE][PASSED] - Object: 'Object Repository/DispensaryToStore/Page_Dispensary Store/input_btnsave' is clicked on

2018-06-09 17:22:28 - [TEST_STEP][PASSED] - delay: Delayed 3 second(s)

2018-06-09 17:22:31 - [MESSAGE][PASSED] - Delayed 3 second(s)

2018-06-09 17:22:31 - [TEST_STEP][PASSED] - Statement - RN1 = com.kms.katalon.core.webui.keyword.WebUiBuiltInKeywords.getText(com.kms.katalon.core.testobject.ObjectRepository.findTestObject(DispensaryToStore/Page_Dispensary Store/font_HPRNO180520187)): Text of object 'Object Repository/DispensaryToStore/Page_Dispensary Store/font_HPRNO180520187' is: 'DPRNO/09062018/218'

2018-06-09 17:22:31 - [MESSAGE][PASSED] - Text of object 'Object Repository/DispensaryToStore/Page_Dispensary Store/font_HPRNO180520187' is: 'DPRNO/09062018/218'

2018-06-09 17:22:31 - [TEST_STEP][PASSED] - Statement - out.println(RN1): null

2018-06-09 17:22:31 - [TEST_STEP][PASSED] - Statement - RID = RN1.split("/")[2]: null

2018-06-09 17:22:31 - [TEST_STEP][PASSED] - click: Object: 'Object Repository/DispensaryToStore/Page_Dispensary Store/button_OK' is clicked on

2018-06-09 17:22:32 - [MESSAGE][PASSED] - Object: 'Object Repository/DispensaryToStore/Page_Dispensary Store/button_OK' is clicked on

2018-06-09 17:22:32 - [TEST_STEP][PASSED] - delay: Delayed 3 second(s)

2018-06-09 17:22:35 - [MESSAGE][PASSED] - Delayed 3 second(s)

2018-06-09 17:22:35 - [TEST_STEP][PASSED] - click: Object: 'Object Repository/DispensaryToStore/Page_Dispensary Store/a_dropdown-toggle' is clicked on

2018-06-09 17:22:35 - [MESSAGE][PASSED] - Object: 'Object Repository/DispensaryToStore/Page_Dispensary Store/a_dropdown-toggle' is clicked on

2018-06-09 17:22:35 - [TEST_STEP][PASSED] - click: Object: 'Object Repository/DispensaryToStore/Page_Dispensary Store/a_Sign out' is clicked on

2018-06-09 17:22:36 - [MESSAGE][PASSED] - Object: 'Object Repository/DispensaryToStore/Page_Dispensary Store/a_Sign out' is clicked on

2018-06-09 17:22:36 - [TEST_STEP][PASSED] - delay: Delayed 3 second(s)

2018-06-09 17:22:39 - [MESSAGE][PASSED] - Delayed 3 second(s)

2018-06-09 17:22:39 - [TEST_STEP][PASSED] - navigateToUrl: Navigate to 'http://192.168.137.1/multihospital_new/' successfully

2018-06-09 17:22:39 - [MESSAGE][PASSED] - Navigate to 'http://192.168.137.1/multihospital_new/' successfully

2018-06-09 17:22:39 - [TEST_STEP][PASSED] - click: Object: 'Object Repository/DispensaryToStore/Page_KDMC/a_CMO' is clicked on

2018-06-09 17:22:40 - [MESSAGE][PASSED] - Object: 'Object Repository/DispensaryToStore/Page_KDMC/a_CMO' is clicked on

2018-06-09 17:22:40 - [TEST_STEP][PASSED] - setText: Text 'guru' is set on object 'Object Repository/DispensaryToStore/Page_CMO login/input_txtusername'

2018-06-09 17:22:40 - [MESSAGE][PASSED] - Text 'guru' is set on object 'Object Repository/DispensaryToStore/Page_CMO login/input_txtusername'

2018-06-09 17:22:40 - [TEST_STEP][PASSED] - setText: Text '123' is set on object 'Object Repository/DispensaryToStore/Page_CMO login/input_txtpassword'

2018-06-09 17:22:40 - [MESSAGE][PASSED] - Text '123' is set on object 'Object Repository/DispensaryToStore/Page_CMO login/input_txtpassword'

2018-06-09 17:22:40 - [TEST_STEP][PASSED] - delay: Delayed 3 second(s)

2018-06-09 17:22:43 - [MESSAGE][PASSED] - Delayed 3 second(s)

2018-06-09 17:22:43 - [TEST_STEP][PASSED] - click: Object: 'Object Repository/DispensaryToStore/Page_CMO login/button_Sign in' is clicked on

2018-06-09 17:22:44 - [MESSAGE][PASSED] - Object: 'Object Repository/DispensaryToStore/Page_CMO login/button_Sign in' is clicked on

2018-06-09 17:22:44 - [TEST_STEP][PASSED] - click: Object: 'Object Repository/DispensaryToStore/Page_KDMC - CMO/a_Department Wise Request' is clicked on

2018-06-09 17:22:46 - [MESSAGE][PASSED] - Object: 'Object Repository/DispensaryToStore/Page_KDMC - CMO/a_Department Wise Request' is clicked on

2018-06-09 17:22:46 - [TEST_STEP][PASSED] - delay: Delayed 2 second(s)

2018-06-09 17:22:48 - [MESSAGE][PASSED] - Delayed 2 second(s)

2018-06-09 17:22:48 - [TEST_STEP][PASSED] - selectOptionByIndex: All options with index in [6] are selected on object 'Object Repository/DispensaryToStore/Page_KDMC - CMO/select_--ALL--'

2018-06-09 17:22:49 - [MESSAGE][PASSED] - All options with index in [6] are selected on object 'Object Repository/DispensaryToStore/Page_KDMC - CMO/select_--ALL--'

2018-06-09 17:22:49 - [TEST_STEP][PASSED] - click: Object: 'Object Repository/DispensaryToStore/Page_KDMC - CMO/input_btnsearch' is clicked on

2018-06-09 17:22:49 - [MESSAGE][PASSED] - Object: 'Object Repository/DispensaryToStore/Page_KDMC - CMO/input_btnsearch' is clicked on

2018-06-09 17:22:49 - [TEST_STEP][PASSED] - selectOptionByIndex: All options with index in [1] are selected on object 'Object Repository/DispensaryToStore/Page_KDMC - CMO/select_--ALL--                _1'

2018-06-09 17:22:49 - [MESSAGE][PASSED] - All options with index in [1] are selected on object 'Object Repository/DispensaryToStore/Page_KDMC - CMO/select_--ALL--                _1'

2018-06-09 17:22:49 - [TEST_STEP][PASSED] - click: Object: 'Object Repository/DispensaryToStore/Page_KDMC - CMO/input_btnsearch' is clicked on

2018-06-09 17:22:49 - [MESSAGE][PASSED] - Object: 'Object Repository/DispensaryToStore/Page_KDMC - CMO/input_btnsearch' is clicked on

2018-06-09 17:22:49 - [TEST_STEP][PASSED] - Statement - ID = com.kms.katalon.core.webui.keyword.WebUiBuiltInKeywords.modifyObjectProperty(com.kms.katalon.core.testobject.ObjectRepository.findTestObject(lab/Page_KDMC - CMO/input_1), "xpath", "equals", "//*[@id=" + RID + "]", true): Modify property of object successfully

2018-06-09 17:22:49 - [MESSAGE][PASSED] - Modify property of object successfully

2018-06-09 17:22:49 - [TEST_STEP][PASSED] - click: Object: 'Object Repository/lab/Page_KDMC - CMO/input_1' is clicked on

2018-06-09 17:22:50 - [MESSAGE][PASSED] - Object: 'Object Repository/lab/Page_KDMC - CMO/input_1' is clicked on

2018-06-09 17:22:50 - [TEST_STEP][PASSED] - delay: Delayed 2 second(s)

2018-06-09 17:22:52 - [MESSAGE][PASSED] - Delayed 2 second(s)

2018-06-09 17:22:52 - [TEST_STEP][PASSED] - selectOptionByIndex: All options with index in [1] are selected on object 'Object Repository/DispensaryToStore/Page_KDMC - CMO/select_--Select--'

2018-06-09 17:22:52 - [MESSAGE][PASSED] - All options with index in [1] are selected on object 'Object Repository/DispensaryToStore/Page_KDMC - CMO/select_--Select--'

2018-06-09 17:22:52 - [TEST_STEP][PASSED] - click: Object: 'Object Repository/DispensaryToStore/Page_KDMC - CMO/input_btnupdate' is clicked on

2018-06-09 17:22:52 - [MESSAGE][PASSED] - Object: 'Object Repository/DispensaryToStore/Page_KDMC - CMO/input_btnupdate' is clicked on

2018-06-09 17:22:52 - [TEST_STEP][PASSED] - delay: Delayed 2 second(s)

2018-06-09 17:22:54 - [MESSAGE][PASSED] - Delayed 2 second(s)

2018-06-09 17:22:54 - [TEST_STEP][PASSED] - click: Object: 'Object Repository/DispensaryToStore/Page_KDMC - CMO/button_OK' is clicked on

2018-06-09 17:22:54 - [MESSAGE][PASSED] - Object: 'Object Repository/DispensaryToStore/Page_KDMC - CMO/button_OK' is clicked on

2018-06-09 17:22:54 - [TEST_STEP][PASSED] - delay: Delayed 2 second(s)

2018-06-09 17:22:56 - [MESSAGE][PASSED] - Delayed 2 second(s)

2018-06-09 17:22:56 - [TEST_STEP][PASSED] - click: Object: 'Object Repository/DispensaryToStore/Page_KDMC - CMO/a_dropdown-toggle' is clicked on

2018-06-09 17:22:57 - [MESSAGE][PASSED] - Object: 'Object Repository/DispensaryToStore/Page_KDMC - CMO/a_dropdown-toggle' is clicked on

2018-06-09 17:22:57 - [TEST_STEP][PASSED] - click: Object: 'Object Repository/DispensaryToStore/Page_KDMC - CMO/a_Sign out' is clicked on

2018-06-09 17:22:57 - [MESSAGE][PASSED] - Object: 'Object Repository/DispensaryToStore/Page_KDMC - CMO/a_Sign out' is clicked on

2018-06-09 17:22:57 - [TEST_STEP][PASSED] - delay: Delayed 3 second(s)

2018-06-09 17:23:00 - [MESSAGE][PASSED] - Delayed 3 second(s)

2018-06-09 17:23:00 - [TEST_STEP][PASSED] - click: Object: 'Object Repository/DispensaryToStore/Page_KDMC/a_Divisional Store' is clicked on

2018-06-09 17:23:01 - [MESSAGE][PASSED] - Object: 'Object Repository/DispensaryToStore/Page_KDMC/a_Divisional Store' is clicked on

2018-06-09 17:23:01 - [TEST_STEP][PASSED] - setText: Text 'ragu' is set on object 'Object Repository/DispensaryToStore/Page_Divisonal Store Login/input_txtusername'

2018-06-09 17:23:01 - [MESSAGE][PASSED] - Text 'ragu' is set on object 'Object Repository/DispensaryToStore/Page_Divisonal Store Login/input_txtusername'

2018-06-09 17:23:01 - [TEST_STEP][PASSED] - setText: Text '123' is set on object 'Object Repository/DispensaryToStore/Page_Divisonal Store Login/input_txtpassword'

2018-06-09 17:23:01 - [MESSAGE][PASSED] - Text '123' is set on object 'Object Repository/DispensaryToStore/Page_Divisonal Store Login/input_txtpassword'

2018-06-09 17:23:01 - [TEST_STEP][PASSED] - delay: Delayed 3 second(s)

2018-06-09 17:23:04 - [MESSAGE][PASSED] - Delayed 3 second(s)

2018-06-09 17:23:04 - [TEST_STEP][PASSED] - click: Object: 'Object Repository/DispensaryToStore/Page_Divisonal Store Login/button_Sign in' is clicked on

2018-06-09 17:23:06 - [MESSAGE][PASSED] - Object: 'Object Repository/DispensaryToStore/Page_Divisonal Store Login/button_Sign in' is clicked on

2018-06-09 17:23:06 - [TEST_STEP][PASSED] - delay: Delayed 3 second(s)

2018-06-09 17:23:09 - [MESSAGE][PASSED] - Delayed 3 second(s)

2018-06-09 17:23:09 - [TEST_STEP][PASSED] - scrollToPosition: Browser is scrolled to position x = 100, y = 100

2018-06-09 17:23:09 - [MESSAGE][PASSED] - Browser is scrolled to position x = 100, y = 100

2018-06-09 17:23:09 - [TEST_STEP][PASSED] - click: Object: 'Object Repository/DispensaryToStore/Page_Store/a_Dispensary Request' is clicked on

2018-06-09 17:23:09 - [MESSAGE][PASSED] - Object: 'Object Repository/DispensaryToStore/Page_Store/a_Dispensary Request' is clicked on

2018-06-09 17:23:09 - [TEST_STEP][PASSED] - delay: Delayed 2 second(s)

2018-06-09 17:23:11 - [MESSAGE][PASSED] - Delayed 2 second(s)

2018-06-09 17:23:11 - [TEST_STEP][PASSED] - click: Object: 'Object Repository/DispensaryToStore/Page_Store/a_Request Item Dispensary' is clicked on

2018-06-09 17:23:12 - [MESSAGE][PASSED] - Object: 'Object Repository/DispensaryToStore/Page_Store/a_Request Item Dispensary' is clicked on

2018-06-09 17:23:12 - [TEST_STEP][PASSED] - Statement - ChooseRequest = com.kms.katalon.core.webui.keyword.WebUiBuiltInKeywords.modifyObjectProperty(com.kms.katalon.core.testobject.ObjectRepository.findTestObject(lab/Page_Store/input_1), "xpath", "equals", "//*[@id=" + RID + "]", true): Modify property of object successfully

2018-06-09 17:23:12 - [MESSAGE][PASSED] - Modify property of object successfully

2018-06-09 17:23:12 - [TEST_STEP][PASSED] - click: Object: 'Object Repository/lab/Page_Store/input_1' is clicked on

2018-06-09 17:23:13 - [MESSAGE][PASSED] - Object: 'Object Repository/lab/Page_Store/input_1' is clicked on

2018-06-09 17:23:13 - [TEST_STEP][PASSED] - Statement - selectedoptions = com.kms.katalon.core.webui.keyword.WebUiBuiltInKeywords.getNumberOfTotalOption(com.kms.katalon.core.testobject.ObjectRepository.findTestObject(DispensaryToStore/Page_Store/select_--Select--Adernaline 0.)): 81 options of object 'Object Repository/DispensaryToStore/Page_Store/select_--Select--Adernaline 0.' counted

2018-06-09 17:23:13 - [MESSAGE][PASSED] - 81 options of object 'Object Repository/DispensaryToStore/Page_Store/select_--Select--Adernaline 0.' counted

2018-06-09 17:23:13 - [TEST_STEP][FAILED] - Statement - For ([a = 1, a <= selectedoptions - 1, (a++)]): null

2018-06-09 17:23:13 - [TEST_STEP][PASSED] - selectOptionByIndex: All options with index in [1] are selected on object 'Object Repository/DispensaryToStore/Page_Store/select_--Select--Adernaline 0.'

2018-06-09 17:23:13 - [MESSAGE][PASSED] - All options with index in [1] are selected on object 'Object Repository/DispensaryToStore/Page_Store/select_--Select--Adernaline 0.'

2018-06-09 17:23:13 - [TEST_STEP][PASSED] - delay: Delayed 2 second(s)

2018-06-09 17:23:15 - [MESSAGE][PASSED] - Delayed 2 second(s)

2018-06-09 17:23:15 - [TEST_STEP][PASSED] - Statement - RequestedQty = com.kms.katalon.core.webui.keyword.WebUiBuiltInKeywords.getAttribute(com.kms.katalon.core.testobject.ObjectRepository.findTestObject(DispensaryToStore/Page_Store/input_txttotal), "value"): Attribute 'value' of object 'Object Repository/DispensaryToStore/Page_Store/input_txttotal' is: '10'

2018-06-09 17:23:15 - [MESSAGE][PASSED] - Attribute 'value' of object 'Object Repository/DispensaryToStore/Page_Store/input_txttotal' is: '10'

2018-06-09 17:23:15 - [TEST_STEP][PASSED] - Statement - out.println("Requested QTY : " + RequestedQty): null

2018-06-09 17:23:15 - [TEST_STEP][PASSED] - Statement - BatchNumber = com.kms.katalon.core.webui.keyword.WebUiBuiltInKeywords.getNumberOfTotalOption(com.kms.katalon.core.testobject.ObjectRepository.findTestObject(DispensaryToStore/Page_Store/select_--Select--BA1170BA2376B)): 2 options of object 'Object Repository/DispensaryToStore/Page_Store/select_--Select--BA1170BA2376B' counted

2018-06-09 17:23:15 - [MESSAGE][PASSED] - 2 options of object 'Object Repository/DispensaryToStore/Page_Store/select_--Select--BA1170BA2376B' counted

2018-06-09 17:23:15 - [TEST_STEP][PASSED] - Statement - For ([g = 1, g <= BatchNumber - 1, (g++)]): null

2018-06-09 17:23:15 - [TEST_STEP][PASSED] - selectOptionByIndex: All options with index in [1] are selected on object 'Object Repository/DispensaryToStore/Page_Store/select_--Select--BA1170BA2376B'

2018-06-09 17:23:16 - [MESSAGE][PASSED] - All options with index in [1] are selected on object 'Object Repository/DispensaryToStore/Page_Store/select_--Select--BA1170BA2376B'

2018-06-09 17:23:16 - [TEST_STEP][PASSED] - Statement - Try: null

2018-06-09 17:23:16 - [TEST_STEP][PASSED] - Statement - StockQty = com.kms.katalon.core.webui.keyword.WebUiBuiltInKeywords.getAttribute(com.kms.katalon.core.testobject.ObjectRepository.findTestObject(DispensaryToStore/Page_Store/input_txtprice), "value"): Attribute 'value' of object 'Object Repository/DispensaryToStore/Page_Store/input_txtprice' is: '307'

2018-06-09 17:23:16 - [MESSAGE][PASSED] - Attribute 'value' of object 'Object Repository/DispensaryToStore/Page_Store/input_txtprice' is: '307'

2018-06-09 17:23:16 - [TEST_STEP][PASSED] - Statement - out.println("Stock QTY : " + StockQty): null

2018-06-09 17:23:16 - [TEST_STEP][PASSED] - delay: Delayed 2 second(s)

2018-06-09 17:23:18 - [MESSAGE][PASSED] - Delayed 2 second(s)

2018-06-09 17:23:18 - [TEST_STEP][PASSED] - Statement - If (java.lang.String.valueOf(StockQty) >= java.lang.String.valueOf(RequestedQty)): null

2018-06-09 17:23:18 - [TEST_STEP][PASSED] - setText: Text '10' is set on object 'Object Repository/DispensaryToStore/Page_Store/input_txtqty'

2018-06-09 17:23:18 - [MESSAGE][PASSED] - Text '10' is set on object 'Object Repository/DispensaryToStore/Page_Store/input_txtqty'

2018-06-09 17:23:18 - [TEST_STEP][PASSED] - click: Object: 'Object Repository/DispensaryToStore/Page_Store/button_Add' is clicked on

2018-06-09 17:23:18 - [MESSAGE][PASSED] - Object: 'Object Repository/DispensaryToStore/Page_Store/button_Add' is clicked on

2018-06-09 17:23:18 - [TEST_STEP][PASSED] - Statement - Break: null

2018-06-09 17:23:18 - [TEST_STEP][PASSED] - selectOptionByIndex: All options with index in [2] are selected on object 'Object Repository/DispensaryToStore/Page_Store/select_--Select--Adernaline 0.'

2018-06-09 17:23:18 - [MESSAGE][PASSED] - All options with index in [2] are selected on object 'Object Repository/DispensaryToStore/Page_Store/select_--Select--Adernaline 0.'

2018-06-09 17:23:18 - [TEST_STEP][PASSED] - delay: Delayed 2 second(s)

2018-06-09 17:23:20 - [MESSAGE][PASSED] - Delayed 2 second(s)

2018-06-09 17:23:20 - [TEST_STEP][PASSED] - Statement - RequestedQty = com.kms.katalon.core.webui.keyword.WebUiBuiltInKeywords.getAttribute(com.kms.katalon.core.testobject.ObjectRepository.findTestObject(DispensaryToStore/Page_Store/input_txttotal), "value"): Attribute 'value' of object 'Object Repository/DispensaryToStore/Page_Store/input_txttotal' is: '10'

2018-06-09 17:23:20 - [MESSAGE][PASSED] - Attribute 'value' of object 'Object Repository/DispensaryToStore/Page_Store/input_txttotal' is: '10'

2018-06-09 17:23:20 - [TEST_STEP][PASSED] - Statement - out.println("Requested QTY : " + RequestedQty): null

2018-06-09 17:23:20 - [TEST_STEP][PASSED] - Statement - BatchNumber = com.kms.katalon.core.webui.keyword.WebUiBuiltInKeywords.getNumberOfTotalOption(com.kms.katalon.core.testobject.ObjectRepository.findTestObject(DispensaryToStore/Page_Store/select_--Select--BA1170BA2376B)): 2 options of object 'Object Repository/DispensaryToStore/Page_Store/select_--Select--BA1170BA2376B' counted

2018-06-09 17:23:20 - [MESSAGE][PASSED] - 2 options of object 'Object Repository/DispensaryToStore/Page_Store/select_--Select--BA1170BA2376B' counted

2018-06-09 17:23:20 - [TEST_STEP][PASSED] - Statement - For ([g = 1, g <= BatchNumber - 1, (g++)]): null

2018-06-09 17:23:20 - [TEST_STEP][PASSED] - selectOptionByIndex: All options with index in [1] are selected on object 'Object Repository/DispensaryToStore/Page_Store/select_--Select--BA1170BA2376B'

2018-06-09 17:23:20 - [MESSAGE][PASSED] - All options with index in [1] are selected on object 'Object Repository/DispensaryToStore/Page_Store/select_--Select--BA1170BA2376B'

2018-06-09 17:23:20 - [TEST_STEP][PASSED] - Statement - Try: null

2018-06-09 17:23:20 - [TEST_STEP][PASSED] - Statement - StockQty = com.kms.katalon.core.webui.keyword.WebUiBuiltInKeywords.getAttribute(com.kms.katalon.core.testobject.ObjectRepository.findTestObject(DispensaryToStore/Page_Store/input_txtprice), "value"): Attribute 'value' of object 'Object Repository/DispensaryToStore/Page_Store/input_txtprice' is: '340'

2018-06-09 17:23:20 - [MESSAGE][PASSED] - Attribute 'value' of object 'Object Repository/DispensaryToStore/Page_Store/input_txtprice' is: '340'

2018-06-09 17:23:20 - [TEST_STEP][PASSED] - Statement - out.println("Stock QTY : " + StockQty): null

2018-06-09 17:23:20 - [TEST_STEP][PASSED] - delay: Delayed 2 second(s)

2018-06-09 17:23:22 - [MESSAGE][PASSED] - Delayed 2 second(s)

2018-06-09 17:23:22 - [TEST_STEP][PASSED] - Statement - If (java.lang.String.valueOf(StockQty) >= java.lang.String.valueOf(RequestedQty)): null

2018-06-09 17:23:22 - [TEST_STEP][PASSED] - setText: Text '10' is set on object 'Object Repository/DispensaryToStore/Page_Store/input_txtqty'

2018-06-09 17:23:22 - [MESSAGE][PASSED] - Text '10' is set on object 'Object Repository/DispensaryToStore/Page_Store/input_txtqty'

2018-06-09 17:23:22 - [TEST_STEP][PASSED] - click: Object: 'Object Repository/DispensaryToStore/Page_Store/button_Add' is clicked on

2018-06-09 17:23:22 - [MESSAGE][PASSED] - Object: 'Object Repository/DispensaryToStore/Page_Store/button_Add' is clicked on

2018-06-09 17:23:22 - [TEST_STEP][PASSED] - Statement - Break: null

2018-06-09 17:23:22 - [TEST_STEP][PASSED] - selectOptionByIndex: All options with index in [3] are selected on object 'Object Repository/DispensaryToStore/Page_Store/select_--Select--Adernaline 0.'

2018-06-09 17:23:23 - [MESSAGE][PASSED] - All options with index in [3] are selected on object 'Object Repository/DispensaryToStore/Page_Store/select_--Select--Adernaline 0.'

2018-06-09 17:23:23 - [TEST_STEP][PASSED] - delay: Delayed 2 second(s)

2018-06-09 17:23:25 - [MESSAGE][PASSED] - Delayed 2 second(s)

2018-06-09 17:23:25 - [TEST_STEP][PASSED] - Statement - RequestedQty = com.kms.katalon.core.webui.keyword.WebUiBuiltInKeywords.getAttribute(com.kms.katalon.core.testobject.ObjectRepository.findTestObject(DispensaryToStore/Page_Store/input_txttotal), "value"): Attribute 'value' of object 'Object Repository/DispensaryToStore/Page_Store/input_txttotal' is: '10'

2018-06-09 17:23:25 - [MESSAGE][PASSED] - Attribute 'value' of object 'Object Repository/DispensaryToStore/Page_Store/input_txttotal' is: '10'

2018-06-09 17:23:25 - [TEST_STEP][PASSED] - Statement - out.println("Requested QTY : " + RequestedQty): null

2018-06-09 17:23:25 - [TEST_STEP][PASSED] - Statement - BatchNumber = com.kms.katalon.core.webui.keyword.WebUiBuiltInKeywords.getNumberOfTotalOption(com.kms.katalon.core.testobject.ObjectRepository.findTestObject(DispensaryToStore/Page_Store/select_--Select--BA1170BA2376B)): 3 options of object 'Object Repository/DispensaryToStore/Page_Store/select_--Select--BA1170BA2376B' counted

2018-06-09 17:23:25 - [MESSAGE][PASSED] - 3 options of object 'Object Repository/DispensaryToStore/Page_Store/select_--Select--BA1170BA2376B' counted

2018-06-09 17:23:25 - [TEST_STEP][PASSED] - Statement - For ([g = 1, g <= BatchNumber - 1, (g++)]): null

2018-06-09 17:23:25 - [TEST_STEP][PASSED] - selectOptionByIndex: All options with index in [1] are selected on object 'Object Repository/DispensaryToStore/Page_Store/select_--Select--BA1170BA2376B'

2018-06-09 17:23:25 - [MESSAGE][PASSED] - All options with index in [1] are selected on object 'Object Repository/DispensaryToStore/Page_Store/select_--Select--BA1170BA2376B'

2018-06-09 17:23:25 - [TEST_STEP][PASSED] - Statement - Try: null

2018-06-09 17:23:25 - [TEST_STEP][PASSED] - Statement - StockQty = com.kms.katalon.core.webui.keyword.WebUiBuiltInKeywords.getAttribute(com.kms.katalon.core.testobject.ObjectRepository.findTestObject(DispensaryToStore/Page_Store/input_txtprice), "value"): Attribute 'value' of object 'Object Repository/DispensaryToStore/Page_Store/input_txtprice' is: '140'

2018-06-09 17:23:25 - [MESSAGE][PASSED] - Attribute 'value' of object 'Object Repository/DispensaryToStore/Page_Store/input_txtprice' is: '140'

2018-06-09 17:23:25 - [TEST_STEP][PASSED] - Statement - out.println("Stock QTY : " + StockQty): null

2018-06-09 17:23:25 - [TEST_STEP][PASSED] - delay: Delayed 2 second(s)

2018-06-09 17:23:27 - [MESSAGE][PASSED] - Delayed 2 second(s)

2018-06-09 17:23:27 - [TEST_STEP][PASSED] - Statement - If (java.lang.String.valueOf(StockQty) >= java.lang.String.valueOf(RequestedQty)): null

2018-06-09 17:23:27 - [TEST_STEP][PASSED] - setText: Text '10' is set on object 'Object Repository/DispensaryToStore/Page_Store/input_txtqty'

2018-06-09 17:23:27 - [MESSAGE][PASSED] - Text '10' is set on object 'Object Repository/DispensaryToStore/Page_Store/input_txtqty'

2018-06-09 17:23:27 - [TEST_STEP][PASSED] - click: Object: 'Object Repository/DispensaryToStore/Page_Store/button_Add' is clicked on

2018-06-09 17:23:27 - [MESSAGE][PASSED] - Object: 'Object Repository/DispensaryToStore/Page_Store/button_Add' is clicked on

2018-06-09 17:23:27 - [TEST_STEP][PASSED] - Statement - Break: null

2018-06-09 17:23:27 - [TEST_STEP][PASSED] - selectOptionByIndex: All options with index in [4] are selected on object 'Object Repository/DispensaryToStore/Page_Store/select_--Select--Adernaline 0.'

2018-06-09 17:23:27 - [MESSAGE][PASSED] - All options with index in [4] are selected on object 'Object Repository/DispensaryToStore/Page_Store/select_--Select--Adernaline 0.'

2018-06-09 17:23:27 - [TEST_STEP][PASSED] - delay: Delayed 2 second(s)

2018-06-09 17:23:29 - [MESSAGE][PASSED] - Delayed 2 second(s)

2018-06-09 17:23:29 - [TEST_STEP][PASSED] - Statement - RequestedQty = com.kms.katalon.core.webui.keyword.WebUiBuiltInKeywords.getAttribute(com.kms.katalon.core.testobject.ObjectRepository.findTestObject(DispensaryToStore/Page_Store/input_txttotal), "value"): Attribute 'value' of object 'Object Repository/DispensaryToStore/Page_Store/input_txttotal' is: '10'

2018-06-09 17:23:29 - [MESSAGE][PASSED] - Attribute 'value' of object 'Object Repository/DispensaryToStore/Page_Store/input_txttotal' is: '10'

2018-06-09 17:23:29 - [TEST_STEP][PASSED] - Statement - out.println("Requested QTY : " + RequestedQty): null

2018-06-09 17:23:29 - [TEST_STEP][PASSED] - Statement - BatchNumber = com.kms.katalon.core.webui.keyword.WebUiBuiltInKeywords.getNumberOfTotalOption(com.kms.katalon.core.testobject.ObjectRepository.findTestObject(DispensaryToStore/Page_Store/select_--Select--BA1170BA2376B)): 2 options of object 'Object Repository/DispensaryToStore/Page_Store/select_--Select--BA1170BA2376B' counted

2018-06-09 17:23:29 - [MESSAGE][PASSED] - 2 options of object 'Object Repository/DispensaryToStore/Page_Store/select_--Select--BA1170BA2376B' counted

2018-06-09 17:23:29 - [TEST_STEP][PASSED] - Statement - For ([g = 1, g <= BatchNumber - 1, (g++)]): null

2018-06-09 17:23:29 - [TEST_STEP][PASSED] - selectOptionByIndex: All options with index in [1] are selected on object 'Object Repository/DispensaryToStore/Page_Store/select_--Select--BA1170BA2376B'

2018-06-09 17:23:30 - [MESSAGE][PASSED] - All options with index in [1] are selected on object 'Object Repository/DispensaryToStore/Page_Store/select_--Select--BA1170BA2376B'

2018-06-09 17:23:30 - [TEST_STEP][PASSED] - Statement - Try: null

2018-06-09 17:23:30 - [TEST_STEP][PASSED] - Statement - StockQty = com.kms.katalon.core.webui.keyword.WebUiBuiltInKeywords.getAttribute(com.kms.katalon.core.testobject.ObjectRepository.findTestObject(DispensaryToStore/Page_Store/input_txtprice), "value"): Attribute 'value' of object 'Object Repository/DispensaryToStore/Page_Store/input_txtprice' is: ''

2018-06-09 17:23:30 - [MESSAGE][PASSED] - Attribute 'value' of object 'Object Repository/DispensaryToStore/Page_Store/input_txtprice' is: ''

2018-06-09 17:23:30 - [TEST_STEP][PASSED] - Statement - out.println("Stock QTY : " + StockQty): null

2018-06-09 17:23:30 - [TEST_STEP][PASSED] - delay: Delayed 2 second(s)

2018-06-09 17:23:32 - [MESSAGE][PASSED] - Delayed 2 second(s)

2018-06-09 17:23:32 - [TEST_STEP][PASSED] - Statement - If (java.lang.String.valueOf(StockQty) >= java.lang.String.valueOf(RequestedQty)): null

2018-06-09 17:23:32 - [TEST_STEP][PASSED] - Statement - Else: null

2018-06-09 17:23:32 - [TEST_STEP][PASSED] - Statement - out.println("Stock Is Less Than Requested Qty"): null

2018-06-09 17:23:32 - [TEST_STEP][PASSED] - selectOptionByIndex: All options with index in [5] are selected on object 'Object Repository/DispensaryToStore/Page_Store/select_--Select--Adernaline 0.'

2018-06-09 17:23:32 - [MESSAGE][PASSED] - All options with index in [5] are selected on object 'Object Repository/DispensaryToStore/Page_Store/select_--Select--Adernaline 0.'

2018-06-09 17:23:32 - [TEST_STEP][PASSED] - delay: Delayed 2 second(s)

2018-06-09 17:23:34 - [MESSAGE][PASSED] - Delayed 2 second(s)

2018-06-09 17:23:34 - [TEST_STEP][PASSED] - Statement - RequestedQty = com.kms.katalon.core.webui.keyword.WebUiBuiltInKeywords.getAttribute(com.kms.katalon.core.testobject.ObjectRepository.findTestObject(DispensaryToStore/Page_Store/input_txttotal), "value"): Attribute 'value' of object 'Object Repository/DispensaryToStore/Page_Store/input_txttotal' is: '10'

2018-06-09 17:23:34 - [MESSAGE][PASSED] - Attribute 'value' of object 'Object Repository/DispensaryToStore/Page_Store/input_txttotal' is: '10'

2018-06-09 17:23:34 - [TEST_STEP][PASSED] - Statement - out.println("Requested QTY : " + RequestedQty): null

2018-06-09 17:23:34 - [TEST_STEP][PASSED] - Statement - BatchNumber = com.kms.katalon.core.webui.keyword.WebUiBuiltInKeywords.getNumberOfTotalOption(com.kms.katalon.core.testobject.ObjectRepository.findTestObject(DispensaryToStore/Page_Store/select_--Select--BA1170BA2376B)): 2 options of object 'Object Repository/DispensaryToStore/Page_Store/select_--Select--BA1170BA2376B' counted

2018-06-09 17:23:34 - [MESSAGE][PASSED] - 2 options of object 'Object Repository/DispensaryToStore/Page_Store/select_--Select--BA1170BA2376B' counted

2018-06-09 17:23:34 - [TEST_STEP][PASSED] - Statement - For ([g = 1, g <= BatchNumber - 1, (g++)]): null

2018-06-09 17:23:34 - [TEST_STEP][PASSED] - selectOptionByIndex: All options with index in [1] are selected on object 'Object Repository/DispensaryToStore/Page_Store/select_--Select--BA1170BA2376B'

2018-06-09 17:23:34 - [MESSAGE][PASSED] - All options with index in [1] are selected on object 'Object Repository/DispensaryToStore/Page_Store/select_--Select--BA1170BA2376B'

2018-06-09 17:23:34 - [TEST_STEP][PASSED] - Statement - Try: null

2018-06-09 17:23:34 - [TEST_STEP][PASSED] - Statement - StockQty = com.kms.katalon.core.webui.keyword.WebUiBuiltInKeywords.getAttribute(com.kms.katalon.core.testobject.ObjectRepository.findTestObject(DispensaryToStore/Page_Store/input_txtprice), "value"): Attribute 'value' of object 'Object Repository/DispensaryToStore/Page_Store/input_txtprice' is: '340'

2018-06-09 17:23:34 - [MESSAGE][PASSED] - Attribute 'value' of object 'Object Repository/DispensaryToStore/Page_Store/input_txtprice' is: '340'

2018-06-09 17:23:34 - [TEST_STEP][PASSED] - Statement - out.println("Stock QTY : " + StockQty): null

2018-06-09 17:23:34 - [TEST_STEP][PASSED] - delay: Delayed 2 second(s)

2018-06-09 17:23:36 - [MESSAGE][PASSED] - Delayed 2 second(s)

2018-06-09 17:23:36 - [TEST_STEP][PASSED] - Statement - If (java.lang.String.valueOf(StockQty) >= java.lang.String.valueOf(RequestedQty)): null

2018-06-09 17:23:36 - [TEST_STEP][PASSED] - setText: Text '10' is set on object 'Object Repository/DispensaryToStore/Page_Store/input_txtqty'

2018-06-09 17:23:36 - [MESSAGE][PASSED] - Text '10' is set on object 'Object Repository/DispensaryToStore/Page_Store/input_txtqty'

2018-06-09 17:23:36 - [TEST_STEP][PASSED] - click: Object: 'Object Repository/DispensaryToStore/Page_Store/button_Add' is clicked on

2018-06-09 17:23:36 - [MESSAGE][PASSED] - Object: 'Object Repository/DispensaryToStore/Page_Store/button_Add' is clicked on

2018-06-09 17:23:36 - [TEST_STEP][PASSED] - Statement - Break: null

2018-06-09 17:23:36 - [TEST_STEP][PASSED] - selectOptionByIndex: All options with index in [6] are selected on object 'Object Repository/DispensaryToStore/Page_Store/select_--Select--Adernaline 0.'

2018-06-09 17:23:36 - [MESSAGE][PASSED] - All options with index in [6] are selected on object 'Object Repository/DispensaryToStore/Page_Store/select_--Select--Adernaline 0.'

2018-06-09 17:23:36 - [TEST_STEP][PASSED] - delay: Delayed 2 second(s)

2018-06-09 17:23:38 - [MESSAGE][PASSED] - Delayed 2 second(s)

2018-06-09 17:23:38 - [TEST_STEP][PASSED] - Statement - RequestedQty = com.kms.katalon.core.webui.keyword.WebUiBuiltInKeywords.getAttribute(com.kms.katalon.core.testobject.ObjectRepository.findTestObject(DispensaryToStore/Page_Store/input_txttotal), "value"): Attribute 'value' of object 'Object Repository/DispensaryToStore/Page_Store/input_txttotal' is: '10'

2018-06-09 17:23:38 - [MESSAGE][PASSED] - Attribute 'value' of object 'Object Repository/DispensaryToStore/Page_Store/input_txttotal' is: '10'

2018-06-09 17:23:38 - [TEST_STEP][PASSED] - Statement - out.println("Requested QTY : " + RequestedQty): null

2018-06-09 17:23:38 - [TEST_STEP][PASSED] - Statement - BatchNumber = com.kms.katalon.core.webui.keyword.WebUiBuiltInKeywords.getNumberOfTotalOption(com.kms.katalon.core.testobject.ObjectRepository.findTestObject(DispensaryToStore/Page_Store/select_--Select--BA1170BA2376B)): 2 options of object 'Object Repository/DispensaryToStore/Page_Store/select_--Select--BA1170BA2376B' counted

2018-06-09 17:23:39 - [MESSAGE][PASSED] - 2 options of object 'Object Repository/DispensaryToStore/Page_Store/select_--Select--BA1170BA2376B' counted

2018-06-09 17:23:39 - [TEST_STEP][PASSED] - Statement - For ([g = 1, g <= BatchNumber - 1, (g++)]): null

2018-06-09 17:23:39 - [TEST_STEP][PASSED] - selectOptionByIndex: All options with index in [1] are selected on object 'Object Repository/DispensaryToStore/Page_Store/select_--Select--BA1170BA2376B'

2018-06-09 17:23:39 - [MESSAGE][PASSED] - All options with index in [1] are selected on object 'Object Repository/DispensaryToStore/Page_Store/select_--Select--BA1170BA2376B'

2018-06-09 17:23:39 - [TEST_STEP][PASSED] - Statement - Try: null

2018-06-09 17:23:39 - [TEST_STEP][PASSED] - Statement - StockQty = com.kms.katalon.core.webui.keyword.WebUiBuiltInKeywords.getAttribute(com.kms.katalon.core.testobject.ObjectRepository.findTestObject(DispensaryToStore/Page_Store/input_txtprice), "value"): Attribute 'value' of object 'Object Repository/DispensaryToStore/Page_Store/input_txtprice' is: '340'

2018-06-09 17:23:39 - [MESSAGE][PASSED] - Attribute 'value' of object 'Object Repository/DispensaryToStore/Page_Store/input_txtprice' is: '340'

2018-06-09 17:23:39 - [TEST_STEP][PASSED] - Statement - out.println("Stock QTY : " + StockQty): null

2018-06-09 17:23:39 - [TEST_STEP][PASSED] - delay: Delayed 2 second(s)

2018-06-09 17:23:41 - [MESSAGE][PASSED] - Delayed 2 second(s)

2018-06-09 17:23:41 - [TEST_STEP][PASSED] - Statement - If (java.lang.String.valueOf(StockQty) >= java.lang.String.valueOf(RequestedQty)): null

2018-06-09 17:23:41 - [TEST_STEP][PASSED] - setText: Text '10' is set on object 'Object Repository/DispensaryToStore/Page_Store/input_txtqty'

2018-06-09 17:23:41 - [MESSAGE][PASSED] - Text '10' is set on object 'Object Repository/DispensaryToStore/Page_Store/input_txtqty'

2018-06-09 17:23:41 - [TEST_STEP][PASSED] - click: Object: 'Object Repository/DispensaryToStore/Page_Store/button_Add' is clicked on

2018-06-09 17:23:41 - [MESSAGE][PASSED] - Object: 'Object Repository/DispensaryToStore/Page_Store/button_Add' is clicked on

2018-06-09 17:23:41 - [TEST_STEP][PASSED] - Statement - Break: null

2018-06-09 17:23:41 - [TEST_STEP][PASSED] - selectOptionByIndex: All options with index in [7] are selected on object 'Object Repository/DispensaryToStore/Page_Store/select_--Select--Adernaline 0.'

2018-06-09 17:23:41 - [MESSAGE][PASSED] - All options with index in [7] are selected on object 'Object Repository/DispensaryToStore/Page_Store/select_--Select--Adernaline 0.'

2018-06-09 17:23:41 - [TEST_STEP][PASSED] - delay: Delayed 2 second(s)

2018-06-09 17:23:43 - [MESSAGE][PASSED] - Delayed 2 second(s)

2018-06-09 17:23:43 - [TEST_STEP][PASSED] - Statement - RequestedQty = com.kms.katalon.core.webui.keyword.WebUiBuiltInKeywords.getAttribute(com.kms.katalon.core.testobject.ObjectRepository.findTestObject(DispensaryToStore/Page_Store/input_txttotal), "value"): Attribute 'value' of object 'Object Repository/DispensaryToStore/Page_Store/input_txttotal' is: '10'

2018-06-09 17:23:43 - [MESSAGE][PASSED] - Attribute 'value' of object 'Object Repository/DispensaryToStore/Page_Store/input_txttotal' is: '10'

2018-06-09 17:23:43 - [TEST_STEP][PASSED] - Statement - out.println("Requested QTY : " + RequestedQty): null

2018-06-09 17:23:43 - [TEST_STEP][PASSED] - Statement - BatchNumber = com.kms.katalon.core.webui.keyword.WebUiBuiltInKeywords.getNumberOfTotalOption(com.kms.katalon.core.testobject.ObjectRepository.findTestObject(DispensaryToStore/Page_Store/select_--Select--BA1170BA2376B)): 3 options of object 'Object Repository/DispensaryToStore/Page_Store/select_--Select--BA1170BA2376B' counted

2018-06-09 17:23:43 - [MESSAGE][PASSED] - 3 options of object 'Object Repository/DispensaryToStore/Page_Store/select_--Select--BA1170BA2376B' counted

2018-06-09 17:23:43 - [TEST_STEP][PASSED] - Statement - For ([g = 1, g <= BatchNumber - 1, (g++)]): null

2018-06-09 17:23:43 - [TEST_STEP][PASSED] - selectOptionByIndex: All options with index in [1] are selected on object 'Object Repository/DispensaryToStore/Page_Store/select_--Select--BA1170BA2376B'

2018-06-09 17:23:43 - [MESSAGE][PASSED] - All options with index in [1] are selected on object 'Object Repository/DispensaryToStore/Page_Store/select_--Select--BA1170BA2376B'

2018-06-09 17:23:43 - [TEST_STEP][PASSED] - Statement - Try: null

2018-06-09 17:23:43 - [TEST_STEP][PASSED] - Statement - StockQty = com.kms.katalon.core.webui.keyword.WebUiBuiltInKeywords.getAttribute(com.kms.katalon.core.testobject.ObjectRepository.findTestObject(DispensaryToStore/Page_Store/input_txtprice), "value"): Attribute 'value' of object 'Object Repository/DispensaryToStore/Page_Store/input_txtprice' is: '180'

2018-06-09 17:23:43 - [MESSAGE][PASSED] - Attribute 'value' of object 'Object Repository/DispensaryToStore/Page_Store/input_txtprice' is: '180'

2018-06-09 17:23:43 - [TEST_STEP][PASSED] - Statement - out.println("Stock QTY : " + StockQty): null

2018-06-09 17:23:43 - [TEST_STEP][PASSED] - delay: Delayed 2 second(s)

2018-06-09 17:23:45 - [MESSAGE][PASSED] - Delayed 2 second(s)

2018-06-09 17:23:45 - [TEST_STEP][PASSED] - Statement - If (java.lang.String.valueOf(StockQty) >= java.lang.String.valueOf(RequestedQty)): null

2018-06-09 17:23:45 - [TEST_STEP][PASSED] - setText: Text '10' is set on object 'Object Repository/DispensaryToStore/Page_Store/input_txtqty'

2018-06-09 17:23:45 - [MESSAGE][PASSED] - Text '10' is set on object 'Object Repository/DispensaryToStore/Page_Store/input_txtqty'

2018-06-09 17:23:45 - [TEST_STEP][PASSED] - click: Object: 'Object Repository/DispensaryToStore/Page_Store/button_Add' is clicked on

2018-06-09 17:23:46 - [MESSAGE][PASSED] - Object: 'Object Repository/DispensaryToStore/Page_Store/button_Add' is clicked on

2018-06-09 17:23:46 - [TEST_STEP][PASSED] - Statement - Break: null

2018-06-09 17:23:46 - [TEST_STEP][PASSED] - selectOptionByIndex: All options with index in [8] are selected on object 'Object Repository/DispensaryToStore/Page_Store/select_--Select--Adernaline 0.'

2018-06-09 17:23:46 - [MESSAGE][PASSED] - All options with index in [8] are selected on object 'Object Repository/DispensaryToStore/Page_Store/select_--Select--Adernaline 0.'

2018-06-09 17:23:46 - [TEST_STEP][PASSED] - delay: Delayed 2 second(s)

2018-06-09 17:23:48 - [MESSAGE][PASSED] - Delayed 2 second(s)

2018-06-09 17:23:48 - [TEST_STEP][PASSED] - Statement - RequestedQty = com.kms.katalon.core.webui.keyword.WebUiBuiltInKeywords.getAttribute(com.kms.katalon.core.testobject.ObjectRepository.findTestObject(DispensaryToStore/Page_Store/input_txttotal), "value"): Attribute 'value' of object 'Object Repository/DispensaryToStore/Page_Store/input_txttotal' is: '10'

2018-06-09 17:23:48 - [MESSAGE][PASSED] - Attribute 'value' of object 'Object Repository/DispensaryToStore/Page_Store/input_txttotal' is: '10'

2018-06-09 17:23:48 - [TEST_STEP][PASSED] - Statement - out.println("Requested QTY : " + RequestedQty): null

2018-06-09 17:23:48 - [TEST_STEP][PASSED] - Statement - BatchNumber = com.kms.katalon.core.webui.keyword.WebUiBuiltInKeywords.getNumberOfTotalOption(com.kms.katalon.core.testobject.ObjectRepository.findTestObject(DispensaryToStore/Page_Store/select_--Select--BA1170BA2376B)): 3 options of object 'Object Repository/DispensaryToStore/Page_Store/select_--Select--BA1170BA2376B' counted

2018-06-09 17:23:48 - [MESSAGE][PASSED] - 3 options of object 'Object Repository/DispensaryToStore/Page_Store/select_--Select--BA1170BA2376B' counted

2018-06-09 17:23:48 - [TEST_STEP][PASSED] - Statement - For ([g = 1, g <= BatchNumber - 1, (g++)]): null

2018-06-09 17:23:48 - [TEST_STEP][PASSED] - selectOptionByIndex: All options with index in [1] are selected on object 'Object Repository/DispensaryToStore/Page_Store/select_--Select--BA1170BA2376B'

2018-06-09 17:23:48 - [MESSAGE][PASSED] - All options with index in [1] are selected on object 'Object Repository/DispensaryToStore/Page_Store/select_--Select--BA1170BA2376B'

2018-06-09 17:23:48 - [TEST_STEP][PASSED] - Statement - Try: null

2018-06-09 17:23:48 - [TEST_STEP][PASSED] - Statement - StockQty = com.kms.katalon.core.webui.keyword.WebUiBuiltInKeywords.getAttribute(com.kms.katalon.core.testobject.ObjectRepository.findTestObject(DispensaryToStore/Page_Store/input_txtprice), "value"): Attribute 'value' of object 'Object Repository/DispensaryToStore/Page_Store/input_txtprice' is: '180'

2018-06-09 17:23:48 - [MESSAGE][PASSED] - Attribute 'value' of object 'Object Repository/DispensaryToStore/Page_Store/input_txtprice' is: '180'

2018-06-09 17:23:48 - [TEST_STEP][PASSED] - Statement - out.println("Stock QTY : " + StockQty): null

2018-06-09 17:23:48 - [TEST_STEP][PASSED] - delay: Delayed 2 second(s)

2018-06-09 17:23:50 - [MESSAGE][PASSED] - Delayed 2 second(s)

2018-06-09 17:23:50 - [TEST_STEP][PASSED] - Statement - If (java.lang.String.valueOf(StockQty) >= java.lang.String.valueOf(RequestedQty)): null

2018-06-09 17:23:50 - [TEST_STEP][PASSED] - setText: Text '10' is set on object 'Object Repository/DispensaryToStore/Page_Store/input_txtqty'

2018-06-09 17:23:50 - [MESSAGE][PASSED] - Text '10' is set on object 'Object Repository/DispensaryToStore/Page_Store/input_txtqty'

2018-06-09 17:23:50 - [TEST_STEP][PASSED] - click: Object: 'Object Repository/DispensaryToStore/Page_Store/button_Add' is clicked on

2018-06-09 17:23:50 - [MESSAGE][PASSED] - Object: 'Object Repository/DispensaryToStore/Page_Store/button_Add' is clicked on

2018-06-09 17:23:50 - [TEST_STEP][PASSED] - Statement - Break: null

2018-06-09 17:23:50 - [TEST_STEP][PASSED] - selectOptionByIndex: All options with index in [9] are selected on object 'Object Repository/DispensaryToStore/Page_Store/select_--Select--Adernaline 0.'

2018-06-09 17:23:50 - [MESSAGE][PASSED] - All options with index in [9] are selected on object 'Object Repository/DispensaryToStore/Page_Store/select_--Select--Adernaline 0.'

2018-06-09 17:23:50 - [TEST_STEP][PASSED] - delay: Delayed 2 second(s)

2018-06-09 17:23:52 - [MESSAGE][PASSED] - Delayed 2 second(s)

2018-06-09 17:23:52 - [TEST_STEP][PASSED] - Statement - RequestedQty = com.kms.katalon.core.webui.keyword.WebUiBuiltInKeywords.getAttribute(com.kms.katalon.core.testobject.ObjectRepository.findTestObject(DispensaryToStore/Page_Store/input_txttotal), "value"): Attribute 'value' of object 'Object Repository/DispensaryToStore/Page_Store/input_txttotal' is: '10'

2018-06-09 17:23:53 - [MESSAGE][PASSED] - Attribute 'value' of object 'Object Repository/DispensaryToStore/Page_Store/input_txttotal' is: '10'

2018-06-09 17:23:53 - [TEST_STEP][PASSED] - Statement - out.println("Requested QTY : " + RequestedQty): null

2018-06-09 17:23:53 - [TEST_STEP][PASSED] - Statement - BatchNumber = com.kms.katalon.core.webui.keyword.WebUiBuiltInKeywords.getNumberOfTotalOption(com.kms.katalon.core.testobject.ObjectRepository.findTestObject(DispensaryToStore/Page_Store/select_--Select--BA1170BA2376B)): 3 options of object 'Object Repository/DispensaryToStore/Page_Store/select_--Select--BA1170BA2376B' counted

2018-06-09 17:23:53 - [MESSAGE][PASSED] - 3 options of object 'Object Repository/DispensaryToStore/Page_Store/select_--Select--BA1170BA2376B' counted

2018-06-09 17:23:53 - [TEST_STEP][PASSED] - Statement - For ([g = 1, g <= BatchNumber - 1, (g++)]): null

2018-06-09 17:23:53 - [TEST_STEP][PASSED] - selectOptionByIndex: All options with index in [1] are selected on object 'Object Repository/DispensaryToStore/Page_Store/select_--Select--BA1170BA2376B'

2018-06-09 17:23:53 - [MESSAGE][PASSED] - All options with index in [1] are selected on object 'Object Repository/DispensaryToStore/Page_Store/select_--Select--BA1170BA2376B'

2018-06-09 17:23:53 - [TEST_STEP][PASSED] - Statement - Try: null

2018-06-09 17:23:53 - [TEST_STEP][PASSED] - Statement - StockQty = com.kms.katalon.core.webui.keyword.WebUiBuiltInKeywords.getAttribute(com.kms.katalon.core.testobject.ObjectRepository.findTestObject(DispensaryToStore/Page_Store/input_txtprice), "value"): Attribute 'value' of object 'Object Repository/DispensaryToStore/Page_Store/input_txtprice' is: '180'

2018-06-09 17:23:53 - [MESSAGE][PASSED] - Attribute 'value' of object 'Object Repository/DispensaryToStore/Page_Store/input_txtprice' is: '180'

2018-06-09 17:23:53 - [TEST_STEP][PASSED] - Statement - out.println("Stock QTY : " + StockQty): null

2018-06-09 17:23:53 - [TEST_STEP][PASSED] - delay: Delayed 2 second(s)

2018-06-09 17:23:55 - [MESSAGE][PASSED] - Delayed 2 second(s)

2018-06-09 17:23:55 - [TEST_STEP][PASSED] - Statement - If (java.lang.String.valueOf(StockQty) >= java.lang.String.valueOf(RequestedQty)): null

2018-06-09 17:23:55 - [TEST_STEP][PASSED] - setText: Text '10' is set on object 'Object Repository/DispensaryToStore/Page_Store/input_txtqty'

2018-06-09 17:23:55 - [MESSAGE][PASSED] - Text '10' is set on object 'Object Repository/DispensaryToStore/Page_Store/input_txtqty'

2018-06-09 17:23:55 - [TEST_STEP][PASSED] - click: Object: 'Object Repository/DispensaryToStore/Page_Store/button_Add' is clicked on

2018-06-09 17:23:55 - [MESSAGE][PASSED] - Object: 'Object Repository/DispensaryToStore/Page_Store/button_Add' is clicked on

2018-06-09 17:23:55 - [TEST_STEP][PASSED] - Statement - Break: null

2018-06-09 17:23:55 - [TEST_STEP][PASSED] - selectOptionByIndex: All options with index in [10] are selected on object 'Object Repository/DispensaryToStore/Page_Store/select_--Select--Adernaline 0.'

2018-06-09 17:23:55 - [MESSAGE][PASSED] - All options with index in [10] are selected on object 'Object Repository/DispensaryToStore/Page_Store/select_--Select--Adernaline 0.'

2018-06-09 17:23:55 - [TEST_STEP][PASSED] - delay: Delayed 2 second(s)

2018-06-09 17:23:57 - [MESSAGE][PASSED] - Delayed 2 second(s)

2018-06-09 17:23:57 - [TEST_STEP][PASSED] - Statement - RequestedQty = com.kms.katalon.core.webui.keyword.WebUiBuiltInKeywords.getAttribute(com.kms.katalon.core.testobject.ObjectRepository.findTestObject(DispensaryToStore/Page_Store/input_txttotal), "value"): Attribute 'value' of object 'Object Repository/DispensaryToStore/Page_Store/input_txttotal' is: '10'

2018-06-09 17:23:57 - [MESSAGE][PASSED] - Attribute 'value' of object 'Object Repository/DispensaryToStore/Page_Store/input_txttotal' is: '10'

2018-06-09 17:23:57 - [TEST_STEP][PASSED] - Statement - out.println("Requested QTY : " + RequestedQty): null

2018-06-09 17:23:57 - [TEST_STEP][PASSED] - Statement - BatchNumber = com.kms.katalon.core.webui.keyword.WebUiBuiltInKeywords.getNumberOfTotalOption(com.kms.katalon.core.testobject.ObjectRepository.findTestObject(DispensaryToStore/Page_Store/select_--Select--BA1170BA2376B)): 3 options of object 'Object Repository/DispensaryToStore/Page_Store/select_--Select--BA1170BA2376B' counted

2018-06-09 17:23:57 - [MESSAGE][PASSED] - 3 options of object 'Object Repository/DispensaryToStore/Page_Store/select_--Select--BA1170BA2376B' counted

2018-06-09 17:23:57 - [TEST_STEP][PASSED] - Statement - For ([g = 1, g <= BatchNumber - 1, (g++)]): null

2018-06-09 17:23:57 - [TEST_STEP][PASSED] - selectOptionByIndex: All options with index in [1] are selected on object 'Object Repository/DispensaryToStore/Page_Store/select_--Select--BA1170BA2376B'

2018-06-09 17:23:57 - [MESSAGE][PASSED] - All options with index in [1] are selected on object 'Object Repository/DispensaryToStore/Page_Store/select_--Select--BA1170BA2376B'

2018-06-09 17:23:57 - [TEST_STEP][PASSED] - Statement - Try: null

2018-06-09 17:23:57 - [TEST_STEP][PASSED] - Statement - StockQty = com.kms.katalon.core.webui.keyword.WebUiBuiltInKeywords.getAttribute(com.kms.katalon.core.testobject.ObjectRepository.findTestObject(DispensaryToStore/Page_Store/input_txtprice), "value"): Attribute 'value' of object 'Object Repository/DispensaryToStore/Page_Store/input_txtprice' is: '140'

2018-06-09 17:23:57 - [MESSAGE][PASSED] - Attribute 'value' of object 'Object Repository/DispensaryToStore/Page_Store/input_txtprice' is: '140'

2018-06-09 17:23:57 - [TEST_STEP][PASSED] - Statement - out.println("Stock QTY : " + StockQty): null

2018-06-09 17:23:57 - [TEST_STEP][PASSED] - delay: Delayed 2 second(s)

2018-06-09 17:23:59 - [MESSAGE][PASSED] - Delayed 2 second(s)

2018-06-09 17:23:59 - [TEST_STEP][PASSED] - Statement - If (java.lang.String.valueOf(StockQty) >= java.lang.String.valueOf(RequestedQty)): null

2018-06-09 17:23:59 - [TEST_STEP][PASSED] - setText: Text '10' is set on object 'Object Repository/DispensaryToStore/Page_Store/input_txtqty'

2018-06-09 17:24:00 - [MESSAGE][PASSED] - Text '10' is set on object 'Object Repository/DispensaryToStore/Page_Store/input_txtqty'

2018-06-09 17:24:00 - [TEST_STEP][PASSED] - click: Object: 'Object Repository/DispensaryToStore/Page_Store/button_Add' is clicked on

2018-06-09 17:24:00 - [MESSAGE][PASSED] - Object: 'Object Repository/DispensaryToStore/Page_Store/button_Add' is clicked on

2018-06-09 17:24:00 - [TEST_STEP][PASSED] - Statement - Break: null

2018-06-09 17:24:00 - [TEST_STEP][PASSED] - selectOptionByIndex: All options with index in [11] are selected on object 'Object Repository/DispensaryToStore/Page_Store/select_--Select--Adernaline 0.'

2018-06-09 17:24:00 - [MESSAGE][PASSED] - All options with index in [11] are selected on object 'Object Repository/DispensaryToStore/Page_Store/select_--Select--Adernaline 0.'

2018-06-09 17:24:00 - [TEST_STEP][PASSED] - delay: Delayed 2 second(s)

2018-06-09 17:24:02 - [MESSAGE][PASSED] - Delayed 2 second(s)

2018-06-09 17:24:02 - [TEST_STEP][PASSED] - Statement - RequestedQty = com.kms.katalon.core.webui.keyword.WebUiBuiltInKeywords.getAttribute(com.kms.katalon.core.testobject.ObjectRepository.findTestObject(DispensaryToStore/Page_Store/input_txttotal), "value"): Attribute 'value' of object 'Object Repository/DispensaryToStore/Page_Store/input_txttotal' is: '10'

2018-06-09 17:24:02 - [MESSAGE][PASSED] - Attribute 'value' of object 'Object Repository/DispensaryToStore/Page_Store/input_txttotal' is: '10'

2018-06-09 17:24:02 - [TEST_STEP][PASSED] - Statement - out.println("Requested QTY : " + RequestedQty): null

2018-06-09 17:24:02 - [TEST_STEP][PASSED] - Statement - BatchNumber = com.kms.katalon.core.webui.keyword.WebUiBuiltInKeywords.getNumberOfTotalOption(com.kms.katalon.core.testobject.ObjectRepository.findTestObject(DispensaryToStore/Page_Store/select_--Select--BA1170BA2376B)): 2 options of object 'Object Repository/DispensaryToStore/Page_Store/select_--Select--BA1170BA2376B' counted

2018-06-09 17:24:02 - [MESSAGE][PASSED] - 2 options of object 'Object Repository/DispensaryToStore/Page_Store/select_--Select--BA1170BA2376B' counted

2018-06-09 17:24:02 - [TEST_STEP][PASSED] - Statement - For ([g = 1, g <= BatchNumber - 1, (g++)]): null

2018-06-09 17:24:02 - [TEST_STEP][PASSED] - selectOptionByIndex: All options with index in [1] are selected on object 'Object Repository/DispensaryToStore/Page_Store/select_--Select--BA1170BA2376B'

2018-06-09 17:24:02 - [MESSAGE][PASSED] - All options with index in [1] are selected on object 'Object Repository/DispensaryToStore/Page_Store/select_--Select--BA1170BA2376B'

2018-06-09 17:24:02 - [TEST_STEP][PASSED] - Statement - Try: null

2018-06-09 17:24:02 - [TEST_STEP][PASSED] - Statement - StockQty = com.kms.katalon.core.webui.keyword.WebUiBuiltInKeywords.getAttribute(com.kms.katalon.core.testobject.ObjectRepository.findTestObject(DispensaryToStore/Page_Store/input_txtprice), "value"): Attribute 'value' of object 'Object Repository/DispensaryToStore/Page_Store/input_txtprice' is: '340'

2018-06-09 17:24:02 - [MESSAGE][PASSED] - Attribute 'value' of object 'Object Repository/DispensaryToStore/Page_Store/input_txtprice' is: '340'

2018-06-09 17:24:02 - [TEST_STEP][PASSED] - Statement - out.println("Stock QTY : " + StockQty): null

2018-06-09 17:24:02 - [TEST_STEP][PASSED] - delay: Delayed 2 second(s)

2018-06-09 17:24:04 - [MESSAGE][PASSED] - Delayed 2 second(s)

2018-06-09 17:24:04 - [TEST_STEP][PASSED] - Statement - If (java.lang.String.valueOf(StockQty) >= java.lang.String.valueOf(RequestedQty)): null

2018-06-09 17:24:04 - [TEST_STEP][PASSED] - setText: Text '10' is set on object 'Object Repository/DispensaryToStore/Page_Store/input_txtqty'

2018-06-09 17:24:04 - [MESSAGE][PASSED] - Text '10' is set on object 'Object Repository/DispensaryToStore/Page_Store/input_txtqty'

2018-06-09 17:24:04 - [TEST_STEP][PASSED] - click: Object: 'Object Repository/DispensaryToStore/Page_Store/button_Add' is clicked on

2018-06-09 17:24:04 - [MESSAGE][PASSED] - Object: 'Object Repository/DispensaryToStore/Page_Store/button_Add' is clicked on

2018-06-09 17:24:04 - [TEST_STEP][PASSED] - Statement - Break: null

2018-06-09 17:24:04 - [TEST_STEP][PASSED] - selectOptionByIndex: All options with index in [12] are selected on object 'Object Repository/DispensaryToStore/Page_Store/select_--Select--Adernaline 0.'

2018-06-09 17:24:05 - [MESSAGE][PASSED] - All options with index in [12] are selected on object 'Object Repository/DispensaryToStore/Page_Store/select_--Select--Adernaline 0.'

2018-06-09 17:24:05 - [TEST_STEP][PASSED] - delay: Delayed 2 second(s)

2018-06-09 17:24:07 - [MESSAGE][PASSED] - Delayed 2 second(s)

2018-06-09 17:24:07 - [TEST_STEP][PASSED] - Statement - RequestedQty = com.kms.katalon.core.webui.keyword.WebUiBuiltInKeywords.getAttribute(com.kms.katalon.core.testobject.ObjectRepository.findTestObject(DispensaryToStore/Page_Store/input_txttotal), "value"): Attribute 'value' of object 'Object Repository/DispensaryToStore/Page_Store/input_txttotal' is: '10'

2018-06-09 17:24:07 - [MESSAGE][PASSED] - Attribute 'value' of object 'Object Repository/DispensaryToStore/Page_Store/input_txttotal' is: '10'

2018-06-09 17:24:07 - [TEST_STEP][PASSED] - Statement - out.println("Requested QTY : " + RequestedQty): null

2018-06-09 17:24:07 - [TEST_STEP][PASSED] - Statement - BatchNumber = com.kms.katalon.core.webui.keyword.WebUiBuiltInKeywords.getNumberOfTotalOption(com.kms.katalon.core.testobject.ObjectRepository.findTestObject(DispensaryToStore/Page_Store/select_--Select--BA1170BA2376B)): 3 options of object 'Object Repository/DispensaryToStore/Page_Store/select_--Select--BA1170BA2376B' counted

2018-06-09 17:24:07 - [MESSAGE][PASSED] - 3 options of object 'Object Repository/DispensaryToStore/Page_Store/select_--Select--BA1170BA2376B' counted

2018-06-09 17:24:07 - [TEST_STEP][PASSED] - Statement - For ([g = 1, g <= BatchNumber - 1, (g++)]): null

2018-06-09 17:24:07 - [TEST_STEP][PASSED] - selectOptionByIndex: All options with index in [1] are selected on object 'Object Repository/DispensaryToStore/Page_Store/select_--Select--BA1170BA2376B'

2018-06-09 17:24:07 - [MESSAGE][PASSED] - All options with index in [1] are selected on object 'Object Repository/DispensaryToStore/Page_Store/select_--Select--BA1170BA2376B'

2018-06-09 17:24:07 - [TEST_STEP][PASSED] - Statement - Try: null

2018-06-09 17:24:07 - [TEST_STEP][PASSED] - Statement - StockQty = com.kms.katalon.core.webui.keyword.WebUiBuiltInKeywords.getAttribute(com.kms.katalon.core.testobject.ObjectRepository.findTestObject(DispensaryToStore/Page_Store/input_txtprice), "value"): Attribute 'value' of object 'Object Repository/DispensaryToStore/Page_Store/input_txtprice' is: '140'

2018-06-09 17:24:07 - [MESSAGE][PASSED] - Attribute 'value' of object 'Object Repository/DispensaryToStore/Page_Store/input_txtprice' is: '140'

2018-06-09 17:24:07 - [TEST_STEP][PASSED] - Statement - out.println("Stock QTY : " + StockQty): null

2018-06-09 17:24:07 - [TEST_STEP][PASSED] - delay: Delayed 2 second(s)

2018-06-09 17:24:09 - [MESSAGE][PASSED] - Delayed 2 second(s)

2018-06-09 17:24:09 - [TEST_STEP][PASSED] - Statement - If (java.lang.String.valueOf(StockQty) >= java.lang.String.valueOf(RequestedQty)): null

2018-06-09 17:24:09 - [TEST_STEP][PASSED] - setText: Text '10' is set on object 'Object Repository/DispensaryToStore/Page_Store/input_txtqty'

2018-06-09 17:24:09 - [MESSAGE][PASSED] - Text '10' is set on object 'Object Repository/DispensaryToStore/Page_Store/input_txtqty'

2018-06-09 17:24:09 - [TEST_STEP][PASSED] - click: Object: 'Object Repository/DispensaryToStore/Page_Store/button_Add' is clicked on

2018-06-09 17:24:09 - [MESSAGE][PASSED] - Object: 'Object Repository/DispensaryToStore/Page_Store/button_Add' is clicked on

2018-06-09 17:24:09 - [TEST_STEP][PASSED] - Statement - Break: null

2018-06-09 17:24:09 - [TEST_STEP][PASSED] - selectOptionByIndex: All options with index in [13] are selected on object 'Object Repository/DispensaryToStore/Page_Store/select_--Select--Adernaline 0.'

2018-06-09 17:24:09 - [MESSAGE][PASSED] - All options with index in [13] are selected on object 'Object Repository/DispensaryToStore/Page_Store/select_--Select--Adernaline 0.'

2018-06-09 17:24:09 - [TEST_STEP][PASSED] - delay: Delayed 2 second(s)

2018-06-09 17:24:11 - [MESSAGE][PASSED] - Delayed 2 second(s)

2018-06-09 17:24:11 - [TEST_STEP][PASSED] - Statement - RequestedQty = com.kms.katalon.core.webui.keyword.WebUiBuiltInKeywords.getAttribute(com.kms.katalon.core.testobject.ObjectRepository.findTestObject(DispensaryToStore/Page_Store/input_txttotal), "value"): Attribute 'value' of object 'Object Repository/DispensaryToStore/Page_Store/input_txttotal' is: '10'

2018-06-09 17:24:11 - [MESSAGE][PASSED] - Attribute 'value' of object 'Object Repository/DispensaryToStore/Page_Store/input_txttotal' is: '10'

2018-06-09 17:24:11 - [TEST_STEP][PASSED] - Statement - out.println("Requested QTY : " + RequestedQty): null

2018-06-09 17:24:11 - [TEST_STEP][PASSED] - Statement - BatchNumber = com.kms.katalon.core.webui.keyword.WebUiBuiltInKeywords.getNumberOfTotalOption(com.kms.katalon.core.testobject.ObjectRepository.findTestObject(DispensaryToStore/Page_Store/select_--Select--BA1170BA2376B)): 3 options of object 'Object Repository/DispensaryToStore/Page_Store/select_--Select--BA1170BA2376B' counted

2018-06-09 17:24:11 - [MESSAGE][PASSED] - 3 options of object 'Object Repository/DispensaryToStore/Page_Store/select_--Select--BA1170BA2376B' counted

2018-06-09 17:24:11 - [TEST_STEP][PASSED] - Statement - For ([g = 1, g <= BatchNumber - 1, (g++)]): null

2018-06-09 17:24:11 - [TEST_STEP][PASSED] - selectOptionByIndex: All options with index in [1] are selected on object 'Object Repository/DispensaryToStore/Page_Store/select_--Select--BA1170BA2376B'

2018-06-09 17:24:12 - [MESSAGE][PASSED] - All options with index in [1] are selected on object 'Object Repository/DispensaryToStore/Page_Store/select_--Select--BA1170BA2376B'

2018-06-09 17:24:12 - [TEST_STEP][PASSED] - Statement - Try: null

2018-06-09 17:24:12 - [TEST_STEP][PASSED] - Statement - StockQty = com.kms.katalon.core.webui.keyword.WebUiBuiltInKeywords.getAttribute(com.kms.katalon.core.testobject.ObjectRepository.findTestObject(DispensaryToStore/Page_Store/input_txtprice), "value"): Attribute 'value' of object 'Object Repository/DispensaryToStore/Page_Store/input_txtprice' is: '180'

2018-06-09 17:24:12 - [MESSAGE][PASSED] - Attribute 'value' of object 'Object Repository/DispensaryToStore/Page_Store/input_txtprice' is: '180'

2018-06-09 17:24:12 - [TEST_STEP][PASSED] - Statement - out.println("Stock QTY : " + StockQty): null

2018-06-09 17:24:12 - [TEST_STEP][PASSED] - delay: Delayed 2 second(s)

2018-06-09 17:24:14 - [MESSAGE][PASSED] - Delayed 2 second(s)

2018-06-09 17:24:14 - [TEST_STEP][PASSED] - Statement - If (java.lang.String.valueOf(StockQty) >= java.lang.String.valueOf(RequestedQty)): null

2018-06-09 17:24:14 - [TEST_STEP][PASSED] - setText: Text '10' is set on object 'Object Repository/DispensaryToStore/Page_Store/input_txtqty'

2018-06-09 17:24:14 - [MESSAGE][PASSED] - Text '10' is set on object 'Object Repository/DispensaryToStore/Page_Store/input_txtqty'

2018-06-09 17:24:14 - [TEST_STEP][PASSED] - click: Object: 'Object Repository/DispensaryToStore/Page_Store/button_Add' is clicked on

2018-06-09 17:24:14 - [MESSAGE][PASSED] - Object: 'Object Repository/DispensaryToStore/Page_Store/button_Add' is clicked on

2018-06-09 17:24:14 - [TEST_STEP][PASSED] - Statement - Break: null

2018-06-09 17:24:14 - [TEST_STEP][PASSED] - selectOptionByIndex: All options with index in [14] are selected on object 'Object Repository/DispensaryToStore/Page_Store/select_--Select--Adernaline 0.'

2018-06-09 17:24:14 - [MESSAGE][PASSED] - All options with index in [14] are selected on object 'Object Repository/DispensaryToStore/Page_Store/select_--Select--Adernaline 0.'

2018-06-09 17:24:14 - [TEST_STEP][PASSED] - delay: Delayed 2 second(s)

2018-06-09 17:24:16 - [MESSAGE][PASSED] - Delayed 2 second(s)

2018-06-09 17:24:16 - [TEST_STEP][PASSED] - Statement - RequestedQty = com.kms.katalon.core.webui.keyword.WebUiBuiltInKeywords.getAttribute(com.kms.katalon.core.testobject.ObjectRepository.findTestObject(DispensaryToStore/Page_Store/input_txttotal), "value"): Attribute 'value' of object 'Object Repository/DispensaryToStore/Page_Store/input_txttotal' is: '10'

2018-06-09 17:24:16 - [MESSAGE][PASSED] - Attribute 'value' of object 'Object Repository/DispensaryToStore/Page_Store/input_txttotal' is: '10'

2018-06-09 17:24:16 - [TEST_STEP][PASSED] - Statement - out.println("Requested QTY : " + RequestedQty): null

2018-06-09 17:24:16 - [TEST_STEP][PASSED] - Statement - BatchNumber = com.kms.katalon.core.webui.keyword.WebUiBuiltInKeywords.getNumberOfTotalOption(com.kms.katalon.core.testobject.ObjectRepository.findTestObject(DispensaryToStore/Page_Store/select_--Select--BA1170BA2376B)): 3 options of object 'Object Repository/DispensaryToStore/Page_Store/select_--Select--BA1170BA2376B' counted

2018-06-09 17:24:16 - [MESSAGE][PASSED] - 3 options of object 'Object Repository/DispensaryToStore/Page_Store/select_--Select--BA1170BA2376B' counted

2018-06-09 17:24:16 - [TEST_STEP][PASSED] - Statement - For ([g = 1, g <= BatchNumber - 1, (g++)]): null

2018-06-09 17:24:16 - [TEST_STEP][PASSED] - selectOptionByIndex: All options with index in [1] are selected on object 'Object Repository/DispensaryToStore/Page_Store/select_--Select--BA1170BA2376B'

2018-06-09 17:24:16 - [MESSAGE][PASSED] - All options with index in [1] are selected on object 'Object Repository/DispensaryToStore/Page_Store/select_--Select--BA1170BA2376B'

2018-06-09 17:24:16 - [TEST_STEP][PASSED] - Statement - Try: null

2018-06-09 17:24:16 - [TEST_STEP][PASSED] - Statement - StockQty = com.kms.katalon.core.webui.keyword.WebUiBuiltInKeywords.getAttribute(com.kms.katalon.core.testobject.ObjectRepository.findTestObject(DispensaryToStore/Page_Store/input_txtprice), "value"): Attribute 'value' of object 'Object Repository/DispensaryToStore/Page_Store/input_txtprice' is: '140'

2018-06-09 17:24:16 - [MESSAGE][PASSED] - Attribute 'value' of object 'Object Repository/DispensaryToStore/Page_Store/input_txtprice' is: '140'

2018-06-09 17:24:16 - [TEST_STEP][PASSED] - Statement - out.println("Stock QTY : " + StockQty): null

2018-06-09 17:24:16 - [TEST_STEP][PASSED] - delay: Delayed 2 second(s)

2018-06-09 17:24:18 - [MESSAGE][PASSED] - Delayed 2 second(s)

2018-06-09 17:24:18 - [TEST_STEP][PASSED] - Statement - If (java.lang.String.valueOf(StockQty) >= java.lang.String.valueOf(RequestedQty)): null

2018-06-09 17:24:18 - [TEST_STEP][PASSED] - setText: Text '10' is set on object 'Object Repository/DispensaryToStore/Page_Store/input_txtqty'

2018-06-09 17:24:18 - [MESSAGE][PASSED] - Text '10' is set on object 'Object Repository/DispensaryToStore/Page_Store/input_txtqty'

2018-06-09 17:24:18 - [TEST_STEP][PASSED] - click: Object: 'Object Repository/DispensaryToStore/Page_Store/button_Add' is clicked on

2018-06-09 17:24:19 - [MESSAGE][PASSED] - Object: 'Object Repository/DispensaryToStore/Page_Store/button_Add' is clicked on

2018-06-09 17:24:19 - [TEST_STEP][PASSED] - Statement - Break: null

2018-06-09 17:24:19 - [TEST_STEP][PASSED] - selectOptionByIndex: All options with index in [15] are selected on object 'Object Repository/DispensaryToStore/Page_Store/select_--Select--Adernaline 0.'

2018-06-09 17:24:19 - [MESSAGE][PASSED] - All options with index in [15] are selected on object 'Object Repository/DispensaryToStore/Page_Store/select_--Select--Adernaline 0.'

2018-06-09 17:24:19 - [TEST_STEP][PASSED] - delay: Delayed 2 second(s)

2018-06-09 17:24:21 - [MESSAGE][PASSED] - Delayed 2 second(s)

2018-06-09 17:24:21 - [TEST_STEP][PASSED] - Statement - RequestedQty = com.kms.katalon.core.webui.keyword.WebUiBuiltInKeywords.getAttribute(com.kms.katalon.core.testobject.ObjectRepository.findTestObject(DispensaryToStore/Page_Store/input_txttotal), "value"): Attribute 'value' of object 'Object Repository/DispensaryToStore/Page_Store/input_txttotal' is: '10'

2018-06-09 17:24:21 - [MESSAGE][PASSED] - Attribute 'value' of object 'Object Repository/DispensaryToStore/Page_Store/input_txttotal' is: '10'

2018-06-09 17:24:21 - [TEST_STEP][PASSED] - Statement - out.println("Requested QTY : " + RequestedQty): null

2018-06-09 17:24:21 - [TEST_STEP][PASSED] - Statement - BatchNumber = com.kms.katalon.core.webui.keyword.WebUiBuiltInKeywords.getNumberOfTotalOption(com.kms.katalon.core.testobject.ObjectRepository.findTestObject(DispensaryToStore/Page_Store/select_--Select--BA1170BA2376B)): 3 options of object 'Object Repository/DispensaryToStore/Page_Store/select_--Select--BA1170BA2376B' counted

2018-06-09 17:24:21 - [MESSAGE][PASSED] - 3 options of object 'Object Repository/DispensaryToStore/Page_Store/select_--Select--BA1170BA2376B' counted

2018-06-09 17:24:21 - [TEST_STEP][PASSED] - Statement - For ([g = 1, g <= BatchNumber - 1, (g++)]): null

2018-06-09 17:24:21 - [TEST_STEP][PASSED] - selectOptionByIndex: All options with index in [1] are selected on object 'Object Repository/DispensaryToStore/Page_Store/select_--Select--BA1170BA2376B'

2018-06-09 17:24:21 - [MESSAGE][PASSED] - All options with index in [1] are selected on object 'Object Repository/DispensaryToStore/Page_Store/select_--Select--BA1170BA2376B'

2018-06-09 17:24:21 - [TEST_STEP][PASSED] - Statement - Try: null

2018-06-09 17:24:21 - [TEST_STEP][PASSED] - Statement - StockQty = com.kms.katalon.core.webui.keyword.WebUiBuiltInKeywords.getAttribute(com.kms.katalon.core.testobject.ObjectRepository.findTestObject(DispensaryToStore/Page_Store/input_txtprice), "value"): Attribute 'value' of object 'Object Repository/DispensaryToStore/Page_Store/input_txtprice' is: '180'

2018-06-09 17:24:21 - [MESSAGE][PASSED] - Attribute 'value' of object 'Object Repository/DispensaryToStore/Page_Store/input_txtprice' is: '180'

2018-06-09 17:24:21 - [TEST_STEP][PASSED] - Statement - out.println("Stock QTY : " + StockQty): null

2018-06-09 17:24:21 - [TEST_STEP][PASSED] - delay: Delayed 2 second(s)

2018-06-09 17:24:23 - [MESSAGE][PASSED] - Delayed 2 second(s)

2018-06-09 17:24:23 - [TEST_STEP][PASSED] - Statement - If (java.lang.String.valueOf(StockQty) >= java.lang.String.valueOf(RequestedQty)): null

2018-06-09 17:24:23 - [TEST_STEP][PASSED] - setText: Text '10' is set on object 'Object Repository/DispensaryToStore/Page_Store/input_txtqty'

2018-06-09 17:24:23 - [MESSAGE][PASSED] - Text '10' is set on object 'Object Repository/DispensaryToStore/Page_Store/input_txtqty'

2018-06-09 17:24:23 - [TEST_STEP][PASSED] - click: Object: 'Object Repository/DispensaryToStore/Page_Store/button_Add' is clicked on

2018-06-09 17:24:23 - [MESSAGE][PASSED] - Object: 'Object Repository/DispensaryToStore/Page_Store/button_Add' is clicked on

2018-06-09 17:24:23 - [TEST_STEP][PASSED] - Statement - Break: null

2018-06-09 17:24:23 - [TEST_STEP][PASSED] - selectOptionByIndex: All options with index in [16] are selected on object 'Object Repository/DispensaryToStore/Page_Store/select_--Select--Adernaline 0.'

2018-06-09 17:24:24 - [MESSAGE][PASSED] - All options with index in [16] are selected on object 'Object Repository/DispensaryToStore/Page_Store/select_--Select--Adernaline 0.'

2018-06-09 17:24:24 - [TEST_STEP][PASSED] - delay: Delayed 2 second(s)

2018-06-09 17:24:26 - [MESSAGE][PASSED] - Delayed 2 second(s)

2018-06-09 17:24:26 - [TEST_STEP][PASSED] - Statement - RequestedQty = com.kms.katalon.core.webui.keyword.WebUiBuiltInKeywords.getAttribute(com.kms.katalon.core.testobject.ObjectRepository.findTestObject(DispensaryToStore/Page_Store/input_txttotal), "value"): Attribute 'value' of object 'Object Repository/DispensaryToStore/Page_Store/input_txttotal' is: '10'

2018-06-09 17:24:26 - [MESSAGE][PASSED] - Attribute 'value' of object 'Object Repository/DispensaryToStore/Page_Store/input_txttotal' is: '10'

2018-06-09 17:24:26 - [TEST_STEP][PASSED] - Statement - out.println("Requested QTY : " + RequestedQty): null

2018-06-09 17:24:26 - [TEST_STEP][PASSED] - Statement - BatchNumber = com.kms.katalon.core.webui.keyword.WebUiBuiltInKeywords.getNumberOfTotalOption(com.kms.katalon.core.testobject.ObjectRepository.findTestObject(DispensaryToStore/Page_Store/select_--Select--BA1170BA2376B)): 3 options of object 'Object Repository/DispensaryToStore/Page_Store/select_--Select--BA1170BA2376B' counted

2018-06-09 17:24:26 - [MESSAGE][PASSED] - 3 options of object 'Object Repository/DispensaryToStore/Page_Store/select_--Select--BA1170BA2376B' counted

2018-06-09 17:24:26 - [TEST_STEP][PASSED] - Statement - For ([g = 1, g <= BatchNumber - 1, (g++)]): null

2018-06-09 17:24:26 - [TEST_STEP][PASSED] - selectOptionByIndex: All options with index in [1] are selected on object 'Object Repository/DispensaryToStore/Page_Store/select_--Select--BA1170BA2376B'

2018-06-09 17:24:26 - [MESSAGE][PASSED] - All options with index in [1] are selected on object 'Object Repository/DispensaryToStore/Page_Store/select_--Select--BA1170BA2376B'

2018-06-09 17:24:26 - [TEST_STEP][PASSED] - Statement - Try: null

2018-06-09 17:24:26 - [TEST_STEP][PASSED] - Statement - StockQty = com.kms.katalon.core.webui.keyword.WebUiBuiltInKeywords.getAttribute(com.kms.katalon.core.testobject.ObjectRepository.findTestObject(DispensaryToStore/Page_Store/input_txtprice), "value"): Attribute 'value' of object 'Object Repository/DispensaryToStore/Page_Store/input_txtprice' is: '140'

2018-06-09 17:24:26 - [MESSAGE][PASSED] - Attribute 'value' of object 'Object Repository/DispensaryToStore/Page_Store/input_txtprice' is: '140'

2018-06-09 17:24:26 - [TEST_STEP][PASSED] - Statement - out.println("Stock QTY : " + StockQty): null

2018-06-09 17:24:26 - [TEST_STEP][PASSED] - delay: Delayed 2 second(s)

2018-06-09 17:24:28 - [MESSAGE][PASSED] - Delayed 2 second(s)

2018-06-09 17:24:28 - [TEST_STEP][PASSED] - Statement - If (java.lang.String.valueOf(StockQty) >= java.lang.String.valueOf(RequestedQty)): null

2018-06-09 17:24:28 - [TEST_STEP][PASSED] - setText: Text '10' is set on object 'Object Repository/DispensaryToStore/Page_Store/input_txtqty'

2018-06-09 17:24:28 - [MESSAGE][PASSED] - Text '10' is set on object 'Object Repository/DispensaryToStore/Page_Store/input_txtqty'

2018-06-09 17:24:28 - [TEST_STEP][PASSED] - click: Object: 'Object Repository/DispensaryToStore/Page_Store/button_Add' is clicked on

2018-06-09 17:24:28 - [MESSAGE][PASSED] - Object: 'Object Repository/DispensaryToStore/Page_Store/button_Add' is clicked on

2018-06-09 17:24:28 - [TEST_STEP][PASSED] - Statement - Break: null

2018-06-09 17:24:28 - [TEST_STEP][PASSED] - selectOptionByIndex: All options with index in [17] are selected on object 'Object Repository/DispensaryToStore/Page_Store/select_--Select--Adernaline 0.'

2018-06-09 17:24:28 - [MESSAGE][PASSED] - All options with index in [17] are selected on object 'Object Repository/DispensaryToStore/Page_Store/select_--Select--Adernaline 0.'

2018-06-09 17:24:28 - [TEST_STEP][PASSED] - delay: Delayed 2 second(s)

2018-06-09 17:24:30 - [MESSAGE][PASSED] - Delayed 2 second(s)

2018-06-09 17:24:30 - [TEST_STEP][PASSED] - Statement - RequestedQty = com.kms.katalon.core.webui.keyword.WebUiBuiltInKeywords.getAttribute(com.kms.katalon.core.testobject.ObjectRepository.findTestObject(DispensaryToStore/Page_Store/input_txttotal), "value"): Attribute 'value' of object 'Object Repository/DispensaryToStore/Page_Store/input_txttotal' is: '10'

2018-06-09 17:24:30 - [MESSAGE][PASSED] - Attribute 'value' of object 'Object Repository/DispensaryToStore/Page_Store/input_txttotal' is: '10'

2018-06-09 17:24:30 - [TEST_STEP][PASSED] - Statement - out.println("Requested QTY : " + RequestedQty): null

2018-06-09 17:24:31 - [TEST_STEP][PASSED] - Statement - BatchNumber = com.kms.katalon.core.webui.keyword.WebUiBuiltInKeywords.getNumberOfTotalOption(com.kms.katalon.core.testobject.ObjectRepository.findTestObject(DispensaryToStore/Page_Store/select_--Select--BA1170BA2376B)): 3 options of object 'Object Repository/DispensaryToStore/Page_Store/select_--Select--BA1170BA2376B' counted

2018-06-09 17:24:31 - [MESSAGE][PASSED] - 3 options of object 'Object Repository/DispensaryToStore/Page_Store/select_--Select--BA1170BA2376B' counted

2018-06-09 17:24:31 - [TEST_STEP][PASSED] - Statement - For ([g = 1, g <= BatchNumber - 1, (g++)]): null

2018-06-09 17:24:31 - [TEST_STEP][PASSED] - selectOptionByIndex: All options with index in [1] are selected on object 'Object Repository/DispensaryToStore/Page_Store/select_--Select--BA1170BA2376B'

2018-06-09 17:24:31 - [MESSAGE][PASSED] - All options with index in [1] are selected on object 'Object Repository/DispensaryToStore/Page_Store/select_--Select--BA1170BA2376B'

2018-06-09 17:24:31 - [TEST_STEP][PASSED] - Statement - Try: null

2018-06-09 17:24:31 - [TEST_STEP][PASSED] - Statement - StockQty = com.kms.katalon.core.webui.keyword.WebUiBuiltInKeywords.getAttribute(com.kms.katalon.core.testobject.ObjectRepository.findTestObject(DispensaryToStore/Page_Store/input_txtprice), "value"): Attribute 'value' of object 'Object Repository/DispensaryToStore/Page_Store/input_txtprice' is: '140'

2018-06-09 17:24:31 - [MESSAGE][PASSED] - Attribute 'value' of object 'Object Repository/DispensaryToStore/Page_Store/input_txtprice' is: '140'

2018-06-09 17:24:31 - [TEST_STEP][PASSED] - Statement - out.println("Stock QTY : " + StockQty): null

2018-06-09 17:24:31 - [TEST_STEP][PASSED] - delay: Delayed 2 second(s)

2018-06-09 17:24:33 - [MESSAGE][PASSED] - Delayed 2 second(s)

2018-06-09 17:24:33 - [TEST_STEP][PASSED] - Statement - If (java.lang.String.valueOf(StockQty) >= java.lang.String.valueOf(RequestedQty)): null

2018-06-09 17:24:33 - [TEST_STEP][PASSED] - setText: Text '10' is set on object 'Object Repository/DispensaryToStore/Page_Store/input_txtqty'

2018-06-09 17:24:33 - [MESSAGE][PASSED] - Text '10' is set on object 'Object Repository/DispensaryToStore/Page_Store/input_txtqty'

2018-06-09 17:24:33 - [TEST_STEP][PASSED] - click: Object: 'Object Repository/DispensaryToStore/Page_Store/button_Add' is clicked on

2018-06-09 17:24:33 - [MESSAGE][PASSED] - Object: 'Object Repository/DispensaryToStore/Page_Store/button_Add' is clicked on

2018-06-09 17:24:33 - [TEST_STEP][PASSED] - Statement - Break: null

2018-06-09 17:24:33 - [TEST_STEP][PASSED] - selectOptionByIndex: All options with index in [18] are selected on object 'Object Repository/DispensaryToStore/Page_Store/select_--Select--Adernaline 0.'

2018-06-09 17:24:33 - [MESSAGE][PASSED] - All options with index in [18] are selected on object 'Object Repository/DispensaryToStore/Page_Store/select_--Select--Adernaline 0.'

2018-06-09 17:24:33 - [TEST_STEP][PASSED] - delay: Delayed 2 second(s)

2018-06-09 17:24:35 - [MESSAGE][PASSED] - Delayed 2 second(s)

2018-06-09 17:24:35 - [TEST_STEP][PASSED] - Statement - RequestedQty = com.kms.katalon.core.webui.keyword.WebUiBuiltInKeywords.getAttribute(com.kms.katalon.core.testobject.ObjectRepository.findTestObject(DispensaryToStore/Page_Store/input_txttotal), "value"): Attribute 'value' of object 'Object Repository/DispensaryToStore/Page_Store/input_txttotal' is: '10'

2018-06-09 17:24:35 - [MESSAGE][PASSED] - Attribute 'value' of object 'Object Repository/DispensaryToStore/Page_Store/input_txttotal' is: '10'

2018-06-09 17:24:35 - [TEST_STEP][PASSED] - Statement - out.println("Requested QTY : " + RequestedQty): null

2018-06-09 17:24:35 - [TEST_STEP][PASSED] - Statement - BatchNumber = com.kms.katalon.core.webui.keyword.WebUiBuiltInKeywords.getNumberOfTotalOption(com.kms.katalon.core.testobject.ObjectRepository.findTestObject(DispensaryToStore/Page_Store/select_--Select--BA1170BA2376B)): 3 options of object 'Object Repository/DispensaryToStore/Page_Store/select_--Select--BA1170BA2376B' counted

2018-06-09 17:24:35 - [MESSAGE][PASSED] - 3 options of object 'Object Repository/DispensaryToStore/Page_Store/select_--Select--BA1170BA2376B' counted

2018-06-09 17:24:35 - [TEST_STEP][PASSED] - Statement - For ([g = 1, g <= BatchNumber - 1, (g++)]): null

2018-06-09 17:24:35 - [TEST_STEP][PASSED] - selectOptionByIndex: All options with index in [1] are selected on object 'Object Repository/DispensaryToStore/Page_Store/select_--Select--BA1170BA2376B'

2018-06-09 17:24:36 - [MESSAGE][PASSED] - All options with index in [1] are selected on object 'Object Repository/DispensaryToStore/Page_Store/select_--Select--BA1170BA2376B'

2018-06-09 17:24:36 - [TEST_STEP][PASSED] - Statement - Try: null

2018-06-09 17:24:36 - [TEST_STEP][PASSED] - Statement - StockQty = com.kms.katalon.core.webui.keyword.WebUiBuiltInKeywords.getAttribute(com.kms.katalon.core.testobject.ObjectRepository.findTestObject(DispensaryToStore/Page_Store/input_txtprice), "value"): Attribute 'value' of object 'Object Repository/DispensaryToStore/Page_Store/input_txtprice' is: '180'

2018-06-09 17:24:36 - [MESSAGE][PASSED] - Attribute 'value' of object 'Object Repository/DispensaryToStore/Page_Store/input_txtprice' is: '180'

2018-06-09 17:24:36 - [TEST_STEP][PASSED] - Statement - out.println("Stock QTY : " + StockQty): null

2018-06-09 17:24:36 - [TEST_STEP][PASSED] - delay: Delayed 2 second(s)

2018-06-09 17:24:38 - [MESSAGE][PASSED] - Delayed 2 second(s)

2018-06-09 17:24:38 - [TEST_STEP][PASSED] - Statement - If (java.lang.String.valueOf(StockQty) >= java.lang.String.valueOf(RequestedQty)): null

2018-06-09 17:24:38 - [TEST_STEP][PASSED] - setText: Text '10' is set on object 'Object Repository/DispensaryToStore/Page_Store/input_txtqty'

2018-06-09 17:24:38 - [MESSAGE][PASSED] - Text '10' is set on object 'Object Repository/DispensaryToStore/Page_Store/input_txtqty'

2018-06-09 17:24:38 - [TEST_STEP][PASSED] - click: Object: 'Object Repository/DispensaryToStore/Page_Store/button_Add' is clicked on

2018-06-09 17:24:38 - [MESSAGE][PASSED] - Object: 'Object Repository/DispensaryToStore/Page_Store/button_Add' is clicked on

2018-06-09 17:24:38 - [TEST_STEP][PASSED] - Statement - Break: null

2018-06-09 17:24:38 - [TEST_STEP][PASSED] - selectOptionByIndex: All options with index in [19] are selected on object 'Object Repository/DispensaryToStore/Page_Store/select_--Select--Adernaline 0.'

2018-06-09 17:24:38 - [MESSAGE][PASSED] - All options with index in [19] are selected on object 'Object Repository/DispensaryToStore/Page_Store/select_--Select--Adernaline 0.'

2018-06-09 17:24:38 - [TEST_STEP][PASSED] - delay: Delayed 2 second(s)

2018-06-09 17:24:40 - [MESSAGE][PASSED] - Delayed 2 second(s)

2018-06-09 17:24:40 - [TEST_STEP][PASSED] - Statement - RequestedQty = com.kms.katalon.core.webui.keyword.WebUiBuiltInKeywords.getAttribute(com.kms.katalon.core.testobject.ObjectRepository.findTestObject(DispensaryToStore/Page_Store/input_txttotal), "value"): Attribute 'value' of object 'Object Repository/DispensaryToStore/Page_Store/input_txttotal' is: '10'

2018-06-09 17:24:40 - [MESSAGE][PASSED] - Attribute 'value' of object 'Object Repository/DispensaryToStore/Page_Store/input_txttotal' is: '10'

2018-06-09 17:24:40 - [TEST_STEP][PASSED] - Statement - out.println("Requested QTY : " + RequestedQty): null

2018-06-09 17:24:40 - [TEST_STEP][PASSED] - Statement - BatchNumber = com.kms.katalon.core.webui.keyword.WebUiBuiltInKeywords.getNumberOfTotalOption(com.kms.katalon.core.testobject.ObjectRepository.findTestObject(DispensaryToStore/Page_Store/select_--Select--BA1170BA2376B)): 2 options of object 'Object Repository/DispensaryToStore/Page_Store/select_--Select--BA1170BA2376B' counted

2018-06-09 17:24:40 - [MESSAGE][PASSED] - 2 options of object 'Object Repository/DispensaryToStore/Page_Store/select_--Select--BA1170BA2376B' counted

2018-06-09 17:24:40 - [TEST_STEP][PASSED] - Statement - For ([g = 1, g <= BatchNumber - 1, (g++)]): null

2018-06-09 17:24:40 - [TEST_STEP][PASSED] - selectOptionByIndex: All options with index in [1] are selected on object 'Object Repository/DispensaryToStore/Page_Store/select_--Select--BA1170BA2376B'

2018-06-09 17:24:40 - [MESSAGE][PASSED] - All options with index in [1] are selected on object 'Object Repository/DispensaryToStore/Page_Store/select_--Select--BA1170BA2376B'

2018-06-09 17:24:40 - [TEST_STEP][PASSED] - Statement - Try: null

2018-06-09 17:24:40 - [TEST_STEP][PASSED] - Statement - StockQty = com.kms.katalon.core.webui.keyword.WebUiBuiltInKeywords.getAttribute(com.kms.katalon.core.testobject.ObjectRepository.findTestObject(DispensaryToStore/Page_Store/input_txtprice), "value"): Attribute 'value' of object 'Object Repository/DispensaryToStore/Page_Store/input_txtprice' is: '340'

2018-06-09 17:24:40 - [MESSAGE][PASSED] - Attribute 'value' of object 'Object Repository/DispensaryToStore/Page_Store/input_txtprice' is: '340'

2018-06-09 17:24:40 - [TEST_STEP][PASSED] - Statement - out.println("Stock QTY : " + StockQty): null

2018-06-09 17:24:40 - [TEST_STEP][PASSED] - delay: Delayed 2 second(s)

2018-06-09 17:24:42 - [MESSAGE][PASSED] - Delayed 2 second(s)

2018-06-09 17:24:42 - [TEST_STEP][PASSED] - Statement - If (java.lang.String.valueOf(StockQty) >= java.lang.String.valueOf(RequestedQty)): null

2018-06-09 17:24:42 - [TEST_STEP][PASSED] - setText: Text '10' is set on object 'Object Repository/DispensaryToStore/Page_Store/input_txtqty'

2018-06-09 17:24:42 - [MESSAGE][PASSED] - Text '10' is set on object 'Object Repository/DispensaryToStore/Page_Store/input_txtqty'

2018-06-09 17:24:42 - [TEST_STEP][PASSED] - click: Object: 'Object Repository/DispensaryToStore/Page_Store/button_Add' is clicked on

2018-06-09 17:24:42 - [MESSAGE][PASSED] - Object: 'Object Repository/DispensaryToStore/Page_Store/button_Add' is clicked on

2018-06-09 17:24:42 - [TEST_STEP][PASSED] - Statement - Break: null

2018-06-09 17:24:42 - [TEST_STEP][PASSED] - selectOptionByIndex: All options with index in [20] are selected on object 'Object Repository/DispensaryToStore/Page_Store/select_--Select--Adernaline 0.'

2018-06-09 17:24:43 - [MESSAGE][PASSED] - All options with index in [20] are selected on object 'Object Repository/DispensaryToStore/Page_Store/select_--Select--Adernaline 0.'

2018-06-09 17:24:43 - [TEST_STEP][PASSED] - delay: Delayed 2 second(s)

2018-06-09 17:24:45 - [MESSAGE][PASSED] - Delayed 2 second(s)

2018-06-09 17:24:45 - [TEST_STEP][PASSED] - Statement - RequestedQty = com.kms.katalon.core.webui.keyword.WebUiBuiltInKeywords.getAttribute(com.kms.katalon.core.testobject.ObjectRepository.findTestObject(DispensaryToStore/Page_Store/input_txttotal), "value"): Attribute 'value' of object 'Object Repository/DispensaryToStore/Page_Store/input_txttotal' is: '10'

2018-06-09 17:24:45 - [MESSAGE][PASSED] - Attribute 'value' of object 'Object Repository/DispensaryToStore/Page_Store/input_txttotal' is: '10'

2018-06-09 17:24:45 - [TEST_STEP][PASSED] - Statement - out.println("Requested QTY : " + RequestedQty): null

2018-06-09 17:24:45 - [TEST_STEP][PASSED] - Statement - BatchNumber = com.kms.katalon.core.webui.keyword.WebUiBuiltInKeywords.getNumberOfTotalOption(com.kms.katalon.core.testobject.ObjectRepository.findTestObject(DispensaryToStore/Page_Store/select_--Select--BA1170BA2376B)): 3 options of object 'Object Repository/DispensaryToStore/Page_Store/select_--Select--BA1170BA2376B' counted

2018-06-09 17:24:45 - [MESSAGE][PASSED] - 3 options of object 'Object Repository/DispensaryToStore/Page_Store/select_--Select--BA1170BA2376B' counted

2018-06-09 17:24:45 - [TEST_STEP][PASSED] - Statement - For ([g = 1, g <= BatchNumber - 1, (g++)]): null

2018-06-09 17:24:45 - [TEST_STEP][PASSED] - selectOptionByIndex: All options with index in [1] are selected on object 'Object Repository/DispensaryToStore/Page_Store/select_--Select--BA1170BA2376B'

2018-06-09 17:24:45 - [MESSAGE][PASSED] - All options with index in [1] are selected on object 'Object Repository/DispensaryToStore/Page_Store/select_--Select--BA1170BA2376B'

2018-06-09 17:24:45 - [TEST_STEP][PASSED] - Statement - Try: null

2018-06-09 17:24:45 - [TEST_STEP][PASSED] - Statement - StockQty = com.kms.katalon.core.webui.keyword.WebUiBuiltInKeywords.getAttribute(com.kms.katalon.core.testobject.ObjectRepository.findTestObject(DispensaryToStore/Page_Store/input_txtprice), "value"): Attribute 'value' of object 'Object Repository/DispensaryToStore/Page_Store/input_txtprice' is: '140'

2018-06-09 17:24:45 - [MESSAGE][PASSED] - Attribute 'value' of object 'Object Repository/DispensaryToStore/Page_Store/input_txtprice' is: '140'

2018-06-09 17:24:45 - [TEST_STEP][PASSED] - Statement - out.println("Stock QTY : " + StockQty): null

2018-06-09 17:24:45 - [TEST_STEP][PASSED] - delay: Delayed 2 second(s)

2018-06-09 17:24:47 - [MESSAGE][PASSED] - Delayed 2 second(s)

2018-06-09 17:24:47 - [TEST_STEP][PASSED] - Statement - If (java.lang.String.valueOf(StockQty) >= java.lang.String.valueOf(RequestedQty)): null

2018-06-09 17:24:47 - [TEST_STEP][PASSED] - setText: Text '10' is set on object 'Object Repository/DispensaryToStore/Page_Store/input_txtqty'

2018-06-09 17:24:47 - [MESSAGE][PASSED] - Text '10' is set on object 'Object Repository/DispensaryToStore/Page_Store/input_txtqty'

2018-06-09 17:24:47 - [TEST_STEP][PASSED] - click: Object: 'Object Repository/DispensaryToStore/Page_Store/button_Add' is clicked on

2018-06-09 17:24:47 - [MESSAGE][PASSED] - Object: 'Object Repository/DispensaryToStore/Page_Store/button_Add' is clicked on

2018-06-09 17:24:47 - [TEST_STEP][PASSED] - Statement - Break: null

2018-06-09 17:24:47 - [TEST_STEP][PASSED] - selectOptionByIndex: All options with index in [21] are selected on object 'Object Repository/DispensaryToStore/Page_Store/select_--Select--Adernaline 0.'

2018-06-09 17:24:48 - [MESSAGE][PASSED] - All options with index in [21] are selected on object 'Object Repository/DispensaryToStore/Page_Store/select_--Select--Adernaline 0.'

2018-06-09 17:24:48 - [TEST_STEP][PASSED] - delay: Delayed 2 second(s)

2018-06-09 17:24:50 - [MESSAGE][PASSED] - Delayed 2 second(s)

2018-06-09 17:24:50 - [TEST_STEP][PASSED] - Statement - RequestedQty = com.kms.katalon.core.webui.keyword.WebUiBuiltInKeywords.getAttribute(com.kms.katalon.core.testobject.ObjectRepository.findTestObject(DispensaryToStore/Page_Store/input_txttotal), "value"): Attribute 'value' of object 'Object Repository/DispensaryToStore/Page_Store/input_txttotal' is: '10'

2018-06-09 17:24:50 - [MESSAGE][PASSED] - Attribute 'value' of object 'Object Repository/DispensaryToStore/Page_Store/input_txttotal' is: '10'

2018-06-09 17:24:50 - [TEST_STEP][PASSED] - Statement - out.println("Requested QTY : " + RequestedQty): null

2018-06-09 17:24:50 - [TEST_STEP][PASSED] - Statement - BatchNumber = com.kms.katalon.core.webui.keyword.WebUiBuiltInKeywords.getNumberOfTotalOption(com.kms.katalon.core.testobject.ObjectRepository.findTestObject(DispensaryToStore/Page_Store/select_--Select--BA1170BA2376B)): 2 options of object 'Object Repository/DispensaryToStore/Page_Store/select_--Select--BA1170BA2376B' counted

2018-06-09 17:24:50 - [MESSAGE][PASSED] - 2 options of object 'Object Repository/DispensaryToStore/Page_Store/select_--Select--BA1170BA2376B' counted

2018-06-09 17:24:50 - [TEST_STEP][PASSED] - Statement - For ([g = 1, g <= BatchNumber - 1, (g++)]): null

2018-06-09 17:24:50 - [TEST_STEP][PASSED] - selectOptionByIndex: All options with index in [1] are selected on object 'Object Repository/DispensaryToStore/Page_Store/select_--Select--BA1170BA2376B'

2018-06-09 17:24:50 - [MESSAGE][PASSED] - All options with index in [1] are selected on object 'Object Repository/DispensaryToStore/Page_Store/select_--Select--BA1170BA2376B'

2018-06-09 17:24:50 - [TEST_STEP][PASSED] - Statement - Try: null

2018-06-09 17:24:50 - [TEST_STEP][PASSED] - Statement - StockQty = com.kms.katalon.core.webui.keyword.WebUiBuiltInKeywords.getAttribute(com.kms.katalon.core.testobject.ObjectRepository.findTestObject(DispensaryToStore/Page_Store/input_txtprice), "value"): Attribute 'value' of object 'Object Repository/DispensaryToStore/Page_Store/input_txtprice' is: '340'

2018-06-09 17:24:50 - [MESSAGE][PASSED] - Attribute 'value' of object 'Object Repository/DispensaryToStore/Page_Store/input_txtprice' is: '340'

2018-06-09 17:24:50 - [TEST_STEP][PASSED] - Statement - out.println("Stock QTY : " + StockQty): null

2018-06-09 17:24:50 - [TEST_STEP][PASSED] - delay: Delayed 2 second(s)

2018-06-09 17:24:52 - [MESSAGE][PASSED] - Delayed 2 second(s)

2018-06-09 17:24:52 - [TEST_STEP][PASSED] - Statement - If (java.lang.String.valueOf(StockQty) >= java.lang.String.valueOf(RequestedQty)): null

2018-06-09 17:24:52 - [TEST_STEP][PASSED] - setText: Text '10' is set on object 'Object Repository/DispensaryToStore/Page_Store/input_txtqty'

2018-06-09 17:24:52 - [MESSAGE][PASSED] - Text '10' is set on object 'Object Repository/DispensaryToStore/Page_Store/input_txtqty'

2018-06-09 17:24:52 - [TEST_STEP][PASSED] - click: Object: 'Object Repository/DispensaryToStore/Page_Store/button_Add' is clicked on

2018-06-09 17:24:52 - [MESSAGE][PASSED] - Object: 'Object Repository/DispensaryToStore/Page_Store/button_Add' is clicked on

2018-06-09 17:24:52 - [TEST_STEP][PASSED] - Statement - Break: null

2018-06-09 17:24:52 - [TEST_STEP][PASSED] - selectOptionByIndex: All options with index in [22] are selected on object 'Object Repository/DispensaryToStore/Page_Store/select_--Select--Adernaline 0.'

2018-06-09 17:24:52 - [MESSAGE][PASSED] - All options with index in [22] are selected on object 'Object Repository/DispensaryToStore/Page_Store/select_--Select--Adernaline 0.'

2018-06-09 17:24:52 - [TEST_STEP][PASSED] - delay: Delayed 2 second(s)

2018-06-09 17:24:54 - [MESSAGE][PASSED] - Delayed 2 second(s)

2018-06-09 17:24:54 - [TEST_STEP][PASSED] - Statement - RequestedQty = com.kms.katalon.core.webui.keyword.WebUiBuiltInKeywords.getAttribute(com.kms.katalon.core.testobject.ObjectRepository.findTestObject(DispensaryToStore/Page_Store/input_txttotal), "value"): Attribute 'value' of object 'Object Repository/DispensaryToStore/Page_Store/input_txttotal' is: '10'

2018-06-09 17:24:54 - [MESSAGE][PASSED] - Attribute 'value' of object 'Object Repository/DispensaryToStore/Page_Store/input_txttotal' is: '10'

2018-06-09 17:24:54 - [TEST_STEP][PASSED] - Statement - out.println("Requested QTY : " + RequestedQty): null

2018-06-09 17:24:54 - [TEST_STEP][PASSED] - Statement - BatchNumber = com.kms.katalon.core.webui.keyword.WebUiBuiltInKeywords.getNumberOfTotalOption(com.kms.katalon.core.testobject.ObjectRepository.findTestObject(DispensaryToStore/Page_Store/select_--Select--BA1170BA2376B)): 3 options of object 'Object Repository/DispensaryToStore/Page_Store/select_--Select--BA1170BA2376B' counted

2018-06-09 17:24:55 - [MESSAGE][PASSED] - 3 options of object 'Object Repository/DispensaryToStore/Page_Store/select_--Select--BA1170BA2376B' counted

2018-06-09 17:24:55 - [TEST_STEP][PASSED] - Statement - For ([g = 1, g <= BatchNumber - 1, (g++)]): null

2018-06-09 17:24:55 - [TEST_STEP][PASSED] - selectOptionByIndex: All options with index in [1] are selected on object 'Object Repository/DispensaryToStore/Page_Store/select_--Select--BA1170BA2376B'

2018-06-09 17:24:55 - [MESSAGE][PASSED] - All options with index in [1] are selected on object 'Object Repository/DispensaryToStore/Page_Store/select_--Select--BA1170BA2376B'

2018-06-09 17:24:55 - [TEST_STEP][PASSED] - Statement - Try: null

2018-06-09 17:24:55 - [TEST_STEP][PASSED] - Statement - StockQty = com.kms.katalon.core.webui.keyword.WebUiBuiltInKeywords.getAttribute(com.kms.katalon.core.testobject.ObjectRepository.findTestObject(DispensaryToStore/Page_Store/input_txtprice), "value"): Attribute 'value' of object 'Object Repository/DispensaryToStore/Page_Store/input_txtprice' is: ''

2018-06-09 17:24:55 - [MESSAGE][PASSED] - Attribute 'value' of object 'Object Repository/DispensaryToStore/Page_Store/input_txtprice' is: ''

2018-06-09 17:24:55 - [TEST_STEP][PASSED] - Statement - out.println("Stock QTY : " + StockQty): null

2018-06-09 17:24:55 - [TEST_STEP][PASSED] - delay: Delayed 2 second(s)

2018-06-09 17:24:57 - [MESSAGE][PASSED] - Delayed 2 second(s)

2018-06-09 17:24:57 - [TEST_STEP][PASSED] - Statement - If (java.lang.String.valueOf(StockQty) >= java.lang.String.valueOf(RequestedQty)): null

2018-06-09 17:24:57 - [TEST_STEP][PASSED] - Statement - Else: null

2018-06-09 17:24:57 - [TEST_STEP][PASSED] - Statement - out.println("Stock Is Less Than Requested Qty"): null

2018-06-09 17:24:57 - [TEST_STEP][PASSED] - selectOptionByIndex: All options with index in [2] are selected on object 'Object Repository/DispensaryToStore/Page_Store/select_--Select--BA1170BA2376B'

2018-06-09 17:24:57 - [MESSAGE][PASSED] - All options with index in [2] are selected on object 'Object Repository/DispensaryToStore/Page_Store/select_--Select--BA1170BA2376B'

2018-06-09 17:24:57 - [TEST_STEP][PASSED] - Statement - Try: null

2018-06-09 17:24:57 - [TEST_STEP][PASSED] - Statement - StockQty = com.kms.katalon.core.webui.keyword.WebUiBuiltInKeywords.getAttribute(com.kms.katalon.core.testobject.ObjectRepository.findTestObject(DispensaryToStore/Page_Store/input_txtprice), "value"): Attribute 'value' of object 'Object Repository/DispensaryToStore/Page_Store/input_txtprice' is: '200'

2018-06-09 17:24:57 - [MESSAGE][PASSED] - Attribute 'value' of object 'Object Repository/DispensaryToStore/Page_Store/input_txtprice' is: '200'

2018-06-09 17:24:57 - [TEST_STEP][PASSED] - Statement - out.println("Stock QTY : " + StockQty): null

2018-06-09 17:24:57 - [TEST_STEP][PASSED] - delay: Delayed 2 second(s)

2018-06-09 17:24:59 - [MESSAGE][PASSED] - Delayed 2 second(s)

2018-06-09 17:24:59 - [TEST_STEP][PASSED] - Statement - If (java.lang.String.valueOf(StockQty) >= java.lang.String.valueOf(RequestedQty)): null

2018-06-09 17:24:59 - [TEST_STEP][PASSED] - setText: Text '10' is set on object 'Object Repository/DispensaryToStore/Page_Store/input_txtqty'

2018-06-09 17:24:59 - [MESSAGE][PASSED] - Text '10' is set on object 'Object Repository/DispensaryToStore/Page_Store/input_txtqty'

2018-06-09 17:24:59 - [TEST_STEP][PASSED] - click: Object: 'Object Repository/DispensaryToStore/Page_Store/button_Add' is clicked on

2018-06-09 17:24:59 - [MESSAGE][PASSED] - Object: 'Object Repository/DispensaryToStore/Page_Store/button_Add' is clicked on

2018-06-09 17:24:59 - [TEST_STEP][PASSED] - Statement - Break: null

2018-06-09 17:24:59 - [TEST_STEP][PASSED] - selectOptionByIndex: All options with index in [23] are selected on object 'Object Repository/DispensaryToStore/Page_Store/select_--Select--Adernaline 0.'

2018-06-09 17:24:59 - [MESSAGE][PASSED] - All options with index in [23] are selected on object 'Object Repository/DispensaryToStore/Page_Store/select_--Select--Adernaline 0.'

2018-06-09 17:24:59 - [TEST_STEP][PASSED] - delay: Delayed 2 second(s)

2018-06-09 17:25:01 - [MESSAGE][PASSED] - Delayed 2 second(s)

2018-06-09 17:25:01 - [TEST_STEP][PASSED] - Statement - RequestedQty = com.kms.katalon.core.webui.keyword.WebUiBuiltInKeywords.getAttribute(com.kms.katalon.core.testobject.ObjectRepository.findTestObject(DispensaryToStore/Page_Store/input_txttotal), "value"): Attribute 'value' of object 'Object Repository/DispensaryToStore/Page_Store/input_txttotal' is: '10'

2018-06-09 17:25:01 - [MESSAGE][PASSED] - Attribute 'value' of object 'Object Repository/DispensaryToStore/Page_Store/input_txttotal' is: '10'

2018-06-09 17:25:01 - [TEST_STEP][PASSED] - Statement - out.println("Requested QTY : " + RequestedQty): null

2018-06-09 17:25:01 - [TEST_STEP][PASSED] - Statement - BatchNumber = com.kms.katalon.core.webui.keyword.WebUiBuiltInKeywords.getNumberOfTotalOption(com.kms.katalon.core.testobject.ObjectRepository.findTestObject(DispensaryToStore/Page_Store/select_--Select--BA1170BA2376B)): 3 options of object 'Object Repository/DispensaryToStore/Page_Store/select_--Select--BA1170BA2376B' counted

2018-06-09 17:25:02 - [MESSAGE][PASSED] - 3 options of object 'Object Repository/DispensaryToStore/Page_Store/select_--Select--BA1170BA2376B' counted

2018-06-09 17:25:02 - [TEST_STEP][PASSED] - Statement - For ([g = 1, g <= BatchNumber - 1, (g++)]): null

2018-06-09 17:25:02 - [TEST_STEP][PASSED] - selectOptionByIndex: All options with index in [1] are selected on object 'Object Repository/DispensaryToStore/Page_Store/select_--Select--BA1170BA2376B'

2018-06-09 17:25:02 - [MESSAGE][PASSED] - All options with index in [1] are selected on object 'Object Repository/DispensaryToStore/Page_Store/select_--Select--BA1170BA2376B'

2018-06-09 17:25:02 - [TEST_STEP][PASSED] - Statement - Try: null

2018-06-09 17:25:02 - [TEST_STEP][PASSED] - Statement - StockQty = com.kms.katalon.core.webui.keyword.WebUiBuiltInKeywords.getAttribute(com.kms.katalon.core.testobject.ObjectRepository.findTestObject(DispensaryToStore/Page_Store/input_txtprice), "value"): Attribute 'value' of object 'Object Repository/DispensaryToStore/Page_Store/input_txtprice' is: '180'

2018-06-09 17:25:02 - [MESSAGE][PASSED] - Attribute 'value' of object 'Object Repository/DispensaryToStore/Page_Store/input_txtprice' is: '180'

2018-06-09 17:25:02 - [TEST_STEP][PASSED] - Statement - out.println("Stock QTY : " + StockQty): null

2018-06-09 17:25:02 - [TEST_STEP][PASSED] - delay: Delayed 2 second(s)

2018-06-09 17:25:04 - [MESSAGE][PASSED] - Delayed 2 second(s)

2018-06-09 17:25:04 - [TEST_STEP][PASSED] - Statement - If (java.lang.String.valueOf(StockQty) >= java.lang.String.valueOf(RequestedQty)): null

2018-06-09 17:25:04 - [TEST_STEP][PASSED] - setText: Text '10' is set on object 'Object Repository/DispensaryToStore/Page_Store/input_txtqty'

2018-06-09 17:25:04 - [MESSAGE][PASSED] - Text '10' is set on object 'Object Repository/DispensaryToStore/Page_Store/input_txtqty'

2018-06-09 17:25:04 - [TEST_STEP][PASSED] - click: Object: 'Object Repository/DispensaryToStore/Page_Store/button_Add' is clicked on

2018-06-09 17:25:04 - [MESSAGE][PASSED] - Object: 'Object Repository/DispensaryToStore/Page_Store/button_Add' is clicked on

2018-06-09 17:25:04 - [TEST_STEP][PASSED] - Statement - Break: null

2018-06-09 17:25:04 - [TEST_STEP][PASSED] - selectOptionByIndex: All options with index in [24] are selected on object 'Object Repository/DispensaryToStore/Page_Store/select_--Select--Adernaline 0.'

2018-06-09 17:25:04 - [MESSAGE][PASSED] - All options with index in [24] are selected on object 'Object Repository/DispensaryToStore/Page_Store/select_--Select--Adernaline 0.'

2018-06-09 17:25:04 - [TEST_STEP][PASSED] - delay: Delayed 2 second(s)

2018-06-09 17:25:06 - [MESSAGE][PASSED] - Delayed 2 second(s)

2018-06-09 17:25:06 - [TEST_STEP][PASSED] - Statement - RequestedQty = com.kms.katalon.core.webui.keyword.WebUiBuiltInKeywords.getAttribute(com.kms.katalon.core.testobject.ObjectRepository.findTestObject(DispensaryToStore/Page_Store/input_txttotal), "value"): Attribute 'value' of object 'Object Repository/DispensaryToStore/Page_Store/input_txttotal' is: '10'

2018-06-09 17:25:06 - [MESSAGE][PASSED] - Attribute 'value' of object 'Object Repository/DispensaryToStore/Page_Store/input_txttotal' is: '10'

2018-06-09 17:25:06 - [TEST_STEP][PASSED] - Statement - out.println("Requested QTY : " + RequestedQty): null

2018-06-09 17:25:06 - [TEST_STEP][PASSED] - Statement - BatchNumber = com.kms.katalon.core.webui.keyword.WebUiBuiltInKeywords.getNumberOfTotalOption(com.kms.katalon.core.testobject.ObjectRepository.findTestObject(DispensaryToStore/Page_Store/select_--Select--BA1170BA2376B)): 3 options of object 'Object Repository/DispensaryToStore/Page_Store/select_--Select--BA1170BA2376B' counted

2018-06-09 17:25:06 - [MESSAGE][PASSED] - 3 options of object 'Object Repository/DispensaryToStore/Page_Store/select_--Select--BA1170BA2376B' counted

2018-06-09 17:25:06 - [TEST_STEP][PASSED] - Statement - For ([g = 1, g <= BatchNumber - 1, (g++)]): null

2018-06-09 17:25:06 - [TEST_STEP][PASSED] - selectOptionByIndex: All options with index in [1] are selected on object 'Object Repository/DispensaryToStore/Page_Store/select_--Select--BA1170BA2376B'

2018-06-09 17:25:07 - [MESSAGE][PASSED] - All options with index in [1] are selected on object 'Object Repository/DispensaryToStore/Page_Store/select_--Select--BA1170BA2376B'

2018-06-09 17:25:07 - [TEST_STEP][PASSED] - Statement - Try: null

2018-06-09 17:25:07 - [TEST_STEP][PASSED] - Statement - StockQty = com.kms.katalon.core.webui.keyword.WebUiBuiltInKeywords.getAttribute(com.kms.katalon.core.testobject.ObjectRepository.findTestObject(DispensaryToStore/Page_Store/input_txtprice), "value"): Attribute 'value' of object 'Object Repository/DispensaryToStore/Page_Store/input_txtprice' is: ''

2018-06-09 17:25:07 - [MESSAGE][PASSED] - Attribute 'value' of object 'Object Repository/DispensaryToStore/Page_Store/input_txtprice' is: ''

2018-06-09 17:25:07 - [TEST_STEP][PASSED] - Statement - out.println("Stock QTY : " + StockQty): null

2018-06-09 17:25:07 - [TEST_STEP][PASSED] - delay: Delayed 2 second(s)

2018-06-09 17:25:09 - [MESSAGE][PASSED] - Delayed 2 second(s)

2018-06-09 17:25:09 - [TEST_STEP][PASSED] - Statement - If (java.lang.String.valueOf(StockQty) >= java.lang.String.valueOf(RequestedQty)): null

2018-06-09 17:25:09 - [TEST_STEP][PASSED] - Statement - Else: null

2018-06-09 17:25:09 - [TEST_STEP][PASSED] - Statement - out.println("Stock Is Less Than Requested Qty"): null

2018-06-09 17:25:09 - [TEST_STEP][PASSED] - selectOptionByIndex: All options with index in [2] are selected on object 'Object Repository/DispensaryToStore/Page_Store/select_--Select--BA1170BA2376B'

2018-06-09 17:25:09 - [MESSAGE][PASSED] - All options with index in [2] are selected on object 'Object Repository/DispensaryToStore/Page_Store/select_--Select--BA1170BA2376B'

2018-06-09 17:25:09 - [TEST_STEP][PASSED] - Statement - Try: null

2018-06-09 17:25:09 - [TEST_STEP][PASSED] - Statement - StockQty = com.kms.katalon.core.webui.keyword.WebUiBuiltInKeywords.getAttribute(com.kms.katalon.core.testobject.ObjectRepository.findTestObject(DispensaryToStore/Page_Store/input_txtprice), "value"): Attribute 'value' of object 'Object Repository/DispensaryToStore/Page_Store/input_txtprice' is: '160'

2018-06-09 17:25:09 - [MESSAGE][PASSED] - Attribute 'value' of object 'Object Repository/DispensaryToStore/Page_Store/input_txtprice' is: '160'

2018-06-09 17:25:09 - [TEST_STEP][PASSED] - Statement - out.println("Stock QTY : " + StockQty): null

2018-06-09 17:25:09 - [TEST_STEP][PASSED] - delay: Delayed 2 second(s)

2018-06-09 17:25:11 - [MESSAGE][PASSED] - Delayed 2 second(s)

2018-06-09 17:25:11 - [TEST_STEP][PASSED] - Statement - If (java.lang.String.valueOf(StockQty) >= java.lang.String.valueOf(RequestedQty)): null

2018-06-09 17:25:11 - [TEST_STEP][PASSED] - setText: Text '10' is set on object 'Object Repository/DispensaryToStore/Page_Store/input_txtqty'

2018-06-09 17:25:11 - [MESSAGE][PASSED] - Text '10' is set on object 'Object Repository/DispensaryToStore/Page_Store/input_txtqty'

2018-06-09 17:25:11 - [TEST_STEP][PASSED] - click: Object: 'Object Repository/DispensaryToStore/Page_Store/button_Add' is clicked on

2018-06-09 17:25:11 - [MESSAGE][PASSED] - Object: 'Object Repository/DispensaryToStore/Page_Store/button_Add' is clicked on

2018-06-09 17:25:11 - [TEST_STEP][PASSED] - Statement - Break: null

2018-06-09 17:25:11 - [TEST_STEP][PASSED] - selectOptionByIndex: All options with index in [25] are selected on object 'Object Repository/DispensaryToStore/Page_Store/select_--Select--Adernaline 0.'

2018-06-09 17:25:11 - [MESSAGE][PASSED] - All options with index in [25] are selected on object 'Object Repository/DispensaryToStore/Page_Store/select_--Select--Adernaline 0.'

2018-06-09 17:25:11 - [TEST_STEP][PASSED] - delay: Delayed 2 second(s)

2018-06-09 17:25:13 - [MESSAGE][PASSED] - Delayed 2 second(s)

2018-06-09 17:25:13 - [TEST_STEP][PASSED] - Statement - RequestedQty = com.kms.katalon.core.webui.keyword.WebUiBuiltInKeywords.getAttribute(com.kms.katalon.core.testobject.ObjectRepository.findTestObject(DispensaryToStore/Page_Store/input_txttotal), "value"): Attribute 'value' of object 'Object Repository/DispensaryToStore/Page_Store/input_txttotal' is: '10'

2018-06-09 17:25:13 - [MESSAGE][PASSED] - Attribute 'value' of object 'Object Repository/DispensaryToStore/Page_Store/input_txttotal' is: '10'

2018-06-09 17:25:13 - [TEST_STEP][PASSED] - Statement - out.println("Requested QTY : " + RequestedQty): null

2018-06-09 17:25:13 - [TEST_STEP][PASSED] - Statement - BatchNumber = com.kms.katalon.core.webui.keyword.WebUiBuiltInKeywords.getNumberOfTotalOption(com.kms.katalon.core.testobject.ObjectRepository.findTestObject(DispensaryToStore/Page_Store/select_--Select--BA1170BA2376B)): 2 options of object 'Object Repository/DispensaryToStore/Page_Store/select_--Select--BA1170BA2376B' counted

2018-06-09 17:25:13 - [MESSAGE][PASSED] - 2 options of object 'Object Repository/DispensaryToStore/Page_Store/select_--Select--BA1170BA2376B' counted

2018-06-09 17:25:13 - [TEST_STEP][PASSED] - Statement - For ([g = 1, g <= BatchNumber - 1, (g++)]): null

2018-06-09 17:25:13 - [TEST_STEP][PASSED] - selectOptionByIndex: All options with index in [1] are selected on object 'Object Repository/DispensaryToStore/Page_Store/select_--Select--BA1170BA2376B'

2018-06-09 17:25:14 - [MESSAGE][PASSED] - All options with index in [1] are selected on object 'Object Repository/DispensaryToStore/Page_Store/select_--Select--BA1170BA2376B'

2018-06-09 17:25:14 - [TEST_STEP][PASSED] - Statement - Try: null

2018-06-09 17:25:14 - [TEST_STEP][PASSED] - Statement - StockQty = com.kms.katalon.core.webui.keyword.WebUiBuiltInKeywords.getAttribute(com.kms.katalon.core.testobject.ObjectRepository.findTestObject(DispensaryToStore/Page_Store/input_txtprice), "value"): Attribute 'value' of object 'Object Repository/DispensaryToStore/Page_Store/input_txtprice' is: '340'

2018-06-09 17:25:14 - [MESSAGE][PASSED] - Attribute 'value' of object 'Object Repository/DispensaryToStore/Page_Store/input_txtprice' is: '340'

2018-06-09 17:25:14 - [TEST_STEP][PASSED] - Statement - out.println("Stock QTY : " + StockQty): null

2018-06-09 17:25:14 - [TEST_STEP][PASSED] - delay: Delayed 2 second(s)

2018-06-09 17:25:16 - [MESSAGE][PASSED] - Delayed 2 second(s)

2018-06-09 17:25:16 - [TEST_STEP][PASSED] - Statement - If (java.lang.String.valueOf(StockQty) >= java.lang.String.valueOf(RequestedQty)): null

2018-06-09 17:25:16 - [TEST_STEP][PASSED] - setText: Text '10' is set on object 'Object Repository/DispensaryToStore/Page_Store/input_txtqty'

2018-06-09 17:25:16 - [MESSAGE][PASSED] - Text '10' is set on object 'Object Repository/DispensaryToStore/Page_Store/input_txtqty'

2018-06-09 17:25:16 - [TEST_STEP][PASSED] - click: Object: 'Object Repository/DispensaryToStore/Page_Store/button_Add' is clicked on

2018-06-09 17:25:16 - [MESSAGE][PASSED] - Object: 'Object Repository/DispensaryToStore/Page_Store/button_Add' is clicked on

2018-06-09 17:25:16 - [TEST_STEP][PASSED] - Statement - Break: null

2018-06-09 17:25:16 - [TEST_STEP][PASSED] - selectOptionByIndex: All options with index in [26] are selected on object 'Object Repository/DispensaryToStore/Page_Store/select_--Select--Adernaline 0.'

2018-06-09 17:25:16 - [MESSAGE][PASSED] - All options with index in [26] are selected on object 'Object Repository/DispensaryToStore/Page_Store/select_--Select--Adernaline 0.'

2018-06-09 17:25:16 - [TEST_STEP][PASSED] - delay: Delayed 2 second(s)

2018-06-09 17:25:18 - [MESSAGE][PASSED] - Delayed 2 second(s)

2018-06-09 17:25:18 - [TEST_STEP][PASSED] - Statement - RequestedQty = com.kms.katalon.core.webui.keyword.WebUiBuiltInKeywords.getAttribute(com.kms.katalon.core.testobject.ObjectRepository.findTestObject(DispensaryToStore/Page_Store/input_txttotal), "value"): Attribute 'value' of object 'Object Repository/DispensaryToStore/Page_Store/input_txttotal' is: '10'

2018-06-09 17:25:18 - [MESSAGE][PASSED] - Attribute 'value' of object 'Object Repository/DispensaryToStore/Page_Store/input_txttotal' is: '10'

2018-06-09 17:25:18 - [TEST_STEP][PASSED] - Statement - out.println("Requested QTY : " + RequestedQty): null

2018-06-09 17:25:18 - [TEST_STEP][PASSED] - Statement - BatchNumber = com.kms.katalon.core.webui.keyword.WebUiBuiltInKeywords.getNumberOfTotalOption(com.kms.katalon.core.testobject.ObjectRepository.findTestObject(DispensaryToStore/Page_Store/select_--Select--BA1170BA2376B)): 3 options of object 'Object Repository/DispensaryToStore/Page_Store/select_--Select--BA1170BA2376B' counted

2018-06-09 17:25:18 - [MESSAGE][PASSED] - 3 options of object 'Object Repository/DispensaryToStore/Page_Store/select_--Select--BA1170BA2376B' counted

2018-06-09 17:25:18 - [TEST_STEP][PASSED] - Statement - For ([g = 1, g <= BatchNumber - 1, (g++)]): null

2018-06-09 17:25:18 - [TEST_STEP][PASSED] - selectOptionByIndex: All options with index in [1] are selected on object 'Object Repository/DispensaryToStore/Page_Store/select_--Select--BA1170BA2376B'

2018-06-09 17:25:18 - [MESSAGE][PASSED] - All options with index in [1] are selected on object 'Object Repository/DispensaryToStore/Page_Store/select_--Select--BA1170BA2376B'

2018-06-09 17:25:18 - [TEST_STEP][PASSED] - Statement - Try: null

2018-06-09 17:25:18 - [TEST_STEP][PASSED] - Statement - StockQty = com.kms.katalon.core.webui.keyword.WebUiBuiltInKeywords.getAttribute(com.kms.katalon.core.testobject.ObjectRepository.findTestObject(DispensaryToStore/Page_Store/input_txtprice), "value"): Attribute 'value' of object 'Object Repository/DispensaryToStore/Page_Store/input_txtprice' is: '140'

2018-06-09 17:25:18 - [MESSAGE][PASSED] - Attribute 'value' of object 'Object Repository/DispensaryToStore/Page_Store/input_txtprice' is: '140'

2018-06-09 17:25:18 - [TEST_STEP][PASSED] - Statement - out.println("Stock QTY : " + StockQty): null

2018-06-09 17:25:18 - [TEST_STEP][PASSED] - delay: Delayed 2 second(s)

2018-06-09 17:25:20 - [MESSAGE][PASSED] - Delayed 2 second(s)

2018-06-09 17:25:20 - [TEST_STEP][PASSED] - Statement - If (java.lang.String.valueOf(StockQty) >= java.lang.String.valueOf(RequestedQty)): null

2018-06-09 17:25:20 - [TEST_STEP][PASSED] - setText: Text '10' is set on object 'Object Repository/DispensaryToStore/Page_Store/input_txtqty'

2018-06-09 17:25:21 - [MESSAGE][PASSED] - Text '10' is set on object 'Object Repository/DispensaryToStore/Page_Store/input_txtqty'

2018-06-09 17:25:21 - [TEST_STEP][PASSED] - click: Object: 'Object Repository/DispensaryToStore/Page_Store/button_Add' is clicked on

2018-06-09 17:25:21 - [MESSAGE][PASSED] - Object: 'Object Repository/DispensaryToStore/Page_Store/button_Add' is clicked on

2018-06-09 17:25:21 - [TEST_STEP][PASSED] - Statement - Break: null

2018-06-09 17:25:21 - [TEST_STEP][PASSED] - selectOptionByIndex: All options with index in [27] are selected on object 'Object Repository/DispensaryToStore/Page_Store/select_--Select--Adernaline 0.'

2018-06-09 17:25:21 - [MESSAGE][PASSED] - All options with index in [27] are selected on object 'Object Repository/DispensaryToStore/Page_Store/select_--Select--Adernaline 0.'

2018-06-09 17:25:21 - [TEST_STEP][PASSED] - delay: Delayed 2 second(s)

2018-06-09 17:25:23 - [MESSAGE][PASSED] - Delayed 2 second(s)

2018-06-09 17:25:23 - [TEST_STEP][PASSED] - Statement - RequestedQty = com.kms.katalon.core.webui.keyword.WebUiBuiltInKeywords.getAttribute(com.kms.katalon.core.testobject.ObjectRepository.findTestObject(DispensaryToStore/Page_Store/input_txttotal), "value"): Attribute 'value' of object 'Object Repository/DispensaryToStore/Page_Store/input_txttotal' is: '10'

2018-06-09 17:25:23 - [MESSAGE][PASSED] - Attribute 'value' of object 'Object Repository/DispensaryToStore/Page_Store/input_txttotal' is: '10'

2018-06-09 17:25:23 - [TEST_STEP][PASSED] - Statement - out.println("Requested QTY : " + RequestedQty): null

2018-06-09 17:25:23 - [TEST_STEP][PASSED] - Statement - BatchNumber = com.kms.katalon.core.webui.keyword.WebUiBuiltInKeywords.getNumberOfTotalOption(com.kms.katalon.core.testobject.ObjectRepository.findTestObject(DispensaryToStore/Page_Store/select_--Select--BA1170BA2376B)): 3 options of object 'Object Repository/DispensaryToStore/Page_Store/select_--Select--BA1170BA2376B' counted

2018-06-09 17:25:23 - [MESSAGE][PASSED] - 3 options of object 'Object Repository/DispensaryToStore/Page_Store/select_--Select--BA1170BA2376B' counted

2018-06-09 17:25:23 - [TEST_STEP][PASSED] - Statement - For ([g = 1, g <= BatchNumber - 1, (g++)]): null

2018-06-09 17:25:23 - [TEST_STEP][PASSED] - selectOptionByIndex: All options with index in [1] are selected on object 'Object Repository/DispensaryToStore/Page_Store/select_--Select--BA1170BA2376B'

2018-06-09 17:25:23 - [MESSAGE][PASSED] - All options with index in [1] are selected on object 'Object Repository/DispensaryToStore/Page_Store/select_--Select--BA1170BA2376B'

2018-06-09 17:25:23 - [TEST_STEP][PASSED] - Statement - Try: null

2018-06-09 17:25:23 - [TEST_STEP][PASSED] - Statement - StockQty = com.kms.katalon.core.webui.keyword.WebUiBuiltInKeywords.getAttribute(com.kms.katalon.core.testobject.ObjectRepository.findTestObject(DispensaryToStore/Page_Store/input_txtprice), "value"): Attribute 'value' of object 'Object Repository/DispensaryToStore/Page_Store/input_txtprice' is: '140'

2018-06-09 17:25:23 - [MESSAGE][PASSED] - Attribute 'value' of object 'Object Repository/DispensaryToStore/Page_Store/input_txtprice' is: '140'

2018-06-09 17:25:23 - [TEST_STEP][PASSED] - Statement - out.println("Stock QTY : " + StockQty): null

2018-06-09 17:25:23 - [TEST_STEP][PASSED] - delay: Delayed 2 second(s)

2018-06-09 17:25:25 - [MESSAGE][PASSED] - Delayed 2 second(s)

2018-06-09 17:25:25 - [TEST_STEP][PASSED] - Statement - If (java.lang.String.valueOf(StockQty) >= java.lang.String.valueOf(RequestedQty)): null

2018-06-09 17:25:25 - [TEST_STEP][PASSED] - setText: Text '10' is set on object 'Object Repository/DispensaryToStore/Page_Store/input_txtqty'

2018-06-09 17:25:25 - [MESSAGE][PASSED] - Text '10' is set on object 'Object Repository/DispensaryToStore/Page_Store/input_txtqty'

2018-06-09 17:25:25 - [TEST_STEP][PASSED] - click: Object: 'Object Repository/DispensaryToStore/Page_Store/button_Add' is clicked on

2018-06-09 17:25:25 - [MESSAGE][PASSED] - Object: 'Object Repository/DispensaryToStore/Page_Store/button_Add' is clicked on

2018-06-09 17:25:25 - [TEST_STEP][PASSED] - Statement - Break: null

2018-06-09 17:25:25 - [TEST_STEP][PASSED] - selectOptionByIndex: All options with index in [28] are selected on object 'Object Repository/DispensaryToStore/Page_Store/select_--Select--Adernaline 0.'

2018-06-09 17:25:26 - [MESSAGE][PASSED] - All options with index in [28] are selected on object 'Object Repository/DispensaryToStore/Page_Store/select_--Select--Adernaline 0.'

2018-06-09 17:25:26 - [TEST_STEP][PASSED] - delay: Delayed 2 second(s)

2018-06-09 17:25:28 - [MESSAGE][PASSED] - Delayed 2 second(s)

2018-06-09 17:25:28 - [TEST_STEP][PASSED] - Statement - RequestedQty = com.kms.katalon.core.webui.keyword.WebUiBuiltInKeywords.getAttribute(com.kms.katalon.core.testobject.ObjectRepository.findTestObject(DispensaryToStore/Page_Store/input_txttotal), "value"): Attribute 'value' of object 'Object Repository/DispensaryToStore/Page_Store/input_txttotal' is: '10'

2018-06-09 17:25:28 - [MESSAGE][PASSED] - Attribute 'value' of object 'Object Repository/DispensaryToStore/Page_Store/input_txttotal' is: '10'

2018-06-09 17:25:28 - [TEST_STEP][PASSED] - Statement - out.println("Requested QTY : " + RequestedQty): null

2018-06-09 17:25:28 - [TEST_STEP][PASSED] - Statement - BatchNumber = com.kms.katalon.core.webui.keyword.WebUiBuiltInKeywords.getNumberOfTotalOption(com.kms.katalon.core.testobject.ObjectRepository.findTestObject(DispensaryToStore/Page_Store/select_--Select--BA1170BA2376B)): 3 options of object 'Object Repository/DispensaryToStore/Page_Store/select_--Select--BA1170BA2376B' counted

2018-06-09 17:25:28 - [MESSAGE][PASSED] - 3 options of object 'Object Repository/DispensaryToStore/Page_Store/select_--Select--BA1170BA2376B' counted

2018-06-09 17:25:28 - [TEST_STEP][PASSED] - Statement - For ([g = 1, g <= BatchNumber - 1, (g++)]): null

2018-06-09 17:25:28 - [TEST_STEP][PASSED] - selectOptionByIndex: All options with index in [1] are selected on object 'Object Repository/DispensaryToStore/Page_Store/select_--Select--BA1170BA2376B'

2018-06-09 17:25:28 - [MESSAGE][PASSED] - All options with index in [1] are selected on object 'Object Repository/DispensaryToStore/Page_Store/select_--Select--BA1170BA2376B'

2018-06-09 17:25:28 - [TEST_STEP][PASSED] - Statement - Try: null

2018-06-09 17:25:28 - [TEST_STEP][PASSED] - Statement - StockQty = com.kms.katalon.core.webui.keyword.WebUiBuiltInKeywords.getAttribute(com.kms.katalon.core.testobject.ObjectRepository.findTestObject(DispensaryToStore/Page_Store/input_txtprice), "value"): Attribute 'value' of object 'Object Repository/DispensaryToStore/Page_Store/input_txtprice' is: '180'

2018-06-09 17:25:28 - [MESSAGE][PASSED] - Attribute 'value' of object 'Object Repository/DispensaryToStore/Page_Store/input_txtprice' is: '180'

2018-06-09 17:25:28 - [TEST_STEP][PASSED] - Statement - out.println("Stock QTY : " + StockQty): null

2018-06-09 17:25:28 - [TEST_STEP][PASSED] - delay: Delayed 2 second(s)

2018-06-09 17:25:30 - [MESSAGE][PASSED] - Delayed 2 second(s)

2018-06-09 17:25:30 - [TEST_STEP][PASSED] - Statement - If (java.lang.String.valueOf(StockQty) >= java.lang.String.valueOf(RequestedQty)): null

2018-06-09 17:25:30 - [TEST_STEP][PASSED] - setText: Text '10' is set on object 'Object Repository/DispensaryToStore/Page_Store/input_txtqty'

2018-06-09 17:25:30 - [MESSAGE][PASSED] - Text '10' is set on object 'Object Repository/DispensaryToStore/Page_Store/input_txtqty'

2018-06-09 17:25:30 - [TEST_STEP][PASSED] - click: Object: 'Object Repository/DispensaryToStore/Page_Store/button_Add' is clicked on

2018-06-09 17:25:30 - [MESSAGE][PASSED] - Object: 'Object Repository/DispensaryToStore/Page_Store/button_Add' is clicked on

2018-06-09 17:25:30 - [TEST_STEP][PASSED] - Statement - Break: null

2018-06-09 17:25:30 - [TEST_STEP][PASSED] - selectOptionByIndex: All options with index in [29] are selected on object 'Object Repository/DispensaryToStore/Page_Store/select_--Select--Adernaline 0.'

2018-06-09 17:25:31 - [MESSAGE][PASSED] - All options with index in [29] are selected on object 'Object Repository/DispensaryToStore/Page_Store/select_--Select--Adernaline 0.'

2018-06-09 17:25:31 - [TEST_STEP][PASSED] - delay: Delayed 2 second(s)

2018-06-09 17:25:33 - [MESSAGE][PASSED] - Delayed 2 second(s)

2018-06-09 17:25:33 - [TEST_STEP][PASSED] - Statement - RequestedQty = com.kms.katalon.core.webui.keyword.WebUiBuiltInKeywords.getAttribute(com.kms.katalon.core.testobject.ObjectRepository.findTestObject(DispensaryToStore/Page_Store/input_txttotal), "value"): Attribute 'value' of object 'Object Repository/DispensaryToStore/Page_Store/input_txttotal' is: '10'

2018-06-09 17:25:33 - [MESSAGE][PASSED] - Attribute 'value' of object 'Object Repository/DispensaryToStore/Page_Store/input_txttotal' is: '10'

2018-06-09 17:25:33 - [TEST_STEP][PASSED] - Statement - out.println("Requested QTY : " + RequestedQty): null

2018-06-09 17:25:33 - [TEST_STEP][PASSED] - Statement - BatchNumber = com.kms.katalon.core.webui.keyword.WebUiBuiltInKeywords.getNumberOfTotalOption(com.kms.katalon.core.testobject.ObjectRepository.findTestObject(DispensaryToStore/Page_Store/select_--Select--BA1170BA2376B)): 3 options of object 'Object Repository/DispensaryToStore/Page_Store/select_--Select--BA1170BA2376B' counted

2018-06-09 17:25:33 - [MESSAGE][PASSED] - 3 options of object 'Object Repository/DispensaryToStore/Page_Store/select_--Select--BA1170BA2376B' counted

2018-06-09 17:25:33 - [TEST_STEP][PASSED] - Statement - For ([g = 1, g <= BatchNumber - 1, (g++)]): null

2018-06-09 17:25:33 - [TEST_STEP][PASSED] - selectOptionByIndex: All options with index in [1] are selected on object 'Object Repository/DispensaryToStore/Page_Store/select_--Select--BA1170BA2376B'

2018-06-09 17:25:33 - [MESSAGE][PASSED] - All options with index in [1] are selected on object 'Object Repository/DispensaryToStore/Page_Store/select_--Select--BA1170BA2376B'

2018-06-09 17:25:33 - [TEST_STEP][PASSED] - Statement - Try: null

2018-06-09 17:25:33 - [TEST_STEP][PASSED] - Statement - StockQty = com.kms.katalon.core.webui.keyword.WebUiBuiltInKeywords.getAttribute(com.kms.katalon.core.testobject.ObjectRepository.findTestObject(DispensaryToStore/Page_Store/input_txtprice), "value"): Attribute 'value' of object 'Object Repository/DispensaryToStore/Page_Store/input_txtprice' is: '180'

2018-06-09 17:25:33 - [MESSAGE][PASSED] - Attribute 'value' of object 'Object Repository/DispensaryToStore/Page_Store/input_txtprice' is: '180'

2018-06-09 17:25:33 - [TEST_STEP][PASSED] - Statement - out.println("Stock QTY : " + StockQty): null

2018-06-09 17:25:33 - [TEST_STEP][PASSED] - delay: Delayed 2 second(s)

2018-06-09 17:25:35 - [MESSAGE][PASSED] - Delayed 2 second(s)

2018-06-09 17:25:35 - [TEST_STEP][PASSED] - Statement - If (java.lang.String.valueOf(StockQty) >= java.lang.String.valueOf(RequestedQty)): null

2018-06-09 17:25:35 - [TEST_STEP][PASSED] - setText: Text '10' is set on object 'Object Repository/DispensaryToStore/Page_Store/input_txtqty'

2018-06-09 17:25:35 - [MESSAGE][PASSED] - Text '10' is set on object 'Object Repository/DispensaryToStore/Page_Store/input_txtqty'

2018-06-09 17:25:35 - [TEST_STEP][PASSED] - click: Object: 'Object Repository/DispensaryToStore/Page_Store/button_Add' is clicked on

2018-06-09 17:25:35 - [MESSAGE][PASSED] - Object: 'Object Repository/DispensaryToStore/Page_Store/button_Add' is clicked on

2018-06-09 17:25:35 - [TEST_STEP][PASSED] - Statement - Break: null

2018-06-09 17:25:35 - [TEST_STEP][PASSED] - selectOptionByIndex: All options with index in [30] are selected on object 'Object Repository/DispensaryToStore/Page_Store/select_--Select--Adernaline 0.'

2018-06-09 17:25:36 - [MESSAGE][PASSED] - All options with index in [30] are selected on object 'Object Repository/DispensaryToStore/Page_Store/select_--Select--Adernaline 0.'

2018-06-09 17:25:36 - [TEST_STEP][PASSED] - delay: Delayed 2 second(s)

2018-06-09 17:25:38 - [MESSAGE][PASSED] - Delayed 2 second(s)

2018-06-09 17:25:38 - [TEST_STEP][PASSED] - Statement - RequestedQty = com.kms.katalon.core.webui.keyword.WebUiBuiltInKeywords.getAttribute(com.kms.katalon.core.testobject.ObjectRepository.findTestObject(DispensaryToStore/Page_Store/input_txttotal), "value"): Attribute 'value' of object 'Object Repository/DispensaryToStore/Page_Store/input_txttotal' is: '10'

2018-06-09 17:25:38 - [MESSAGE][PASSED] - Attribute 'value' of object 'Object Repository/DispensaryToStore/Page_Store/input_txttotal' is: '10'

2018-06-09 17:25:38 - [TEST_STEP][PASSED] - Statement - out.println("Requested QTY : " + RequestedQty): null

2018-06-09 17:25:38 - [TEST_STEP][PASSED] - Statement - BatchNumber = com.kms.katalon.core.webui.keyword.WebUiBuiltInKeywords.getNumberOfTotalOption(com.kms.katalon.core.testobject.ObjectRepository.findTestObject(DispensaryToStore/Page_Store/select_--Select--BA1170BA2376B)): 2 options of object 'Object Repository/DispensaryToStore/Page_Store/select_--Select--BA1170BA2376B' counted

2018-06-09 17:25:38 - [MESSAGE][PASSED] - 2 options of object 'Object Repository/DispensaryToStore/Page_Store/select_--Select--BA1170BA2376B' counted

2018-06-09 17:25:38 - [TEST_STEP][PASSED] - Statement - For ([g = 1, g <= BatchNumber - 1, (g++)]): null

2018-06-09 17:25:38 - [TEST_STEP][PASSED] - selectOptionByIndex: All options with index in [1] are selected on object 'Object Repository/DispensaryToStore/Page_Store/select_--Select--BA1170BA2376B'

2018-06-09 17:25:38 - [MESSAGE][PASSED] - All options with index in [1] are selected on object 'Object Repository/DispensaryToStore/Page_Store/select_--Select--BA1170BA2376B'

2018-06-09 17:25:38 - [TEST_STEP][PASSED] - Statement - Try: null

2018-06-09 17:25:38 - [TEST_STEP][PASSED] - Statement - StockQty = com.kms.katalon.core.webui.keyword.WebUiBuiltInKeywords.getAttribute(com.kms.katalon.core.testobject.ObjectRepository.findTestObject(DispensaryToStore/Page_Store/input_txtprice), "value"): Attribute 'value' of object 'Object Repository/DispensaryToStore/Page_Store/input_txtprice' is: '340'

2018-06-09 17:25:38 - [MESSAGE][PASSED] - Attribute 'value' of object 'Object Repository/DispensaryToStore/Page_Store/input_txtprice' is: '340'

2018-06-09 17:25:38 - [TEST_STEP][PASSED] - Statement - out.println("Stock QTY : " + StockQty): null

2018-06-09 17:25:38 - [TEST_STEP][PASSED] - delay: Delayed 2 second(s)

2018-06-09 17:25:40 - [MESSAGE][PASSED] - Delayed 2 second(s)

2018-06-09 17:25:40 - [TEST_STEP][PASSED] - Statement - If (java.lang.String.valueOf(StockQty) >= java.lang.String.valueOf(RequestedQty)): null

2018-06-09 17:25:40 - [TEST_STEP][PASSED] - setText: Text '10' is set on object 'Object Repository/DispensaryToStore/Page_Store/input_txtqty'

2018-06-09 17:25:40 - [MESSAGE][PASSED] - Text '10' is set on object 'Object Repository/DispensaryToStore/Page_Store/input_txtqty'

2018-06-09 17:25:40 - [TEST_STEP][PASSED] - click: Object: 'Object Repository/DispensaryToStore/Page_Store/button_Add' is clicked on

2018-06-09 17:25:40 - [MESSAGE][PASSED] - Object: 'Object Repository/DispensaryToStore/Page_Store/button_Add' is clicked on

2018-06-09 17:25:40 - [TEST_STEP][PASSED] - Statement - Break: null

2018-06-09 17:25:40 - [TEST_STEP][PASSED] - selectOptionByIndex: All options with index in [31] are selected on object 'Object Repository/DispensaryToStore/Page_Store/select_--Select--Adernaline 0.'

2018-06-09 17:25:41 - [MESSAGE][PASSED] - All options with index in [31] are selected on object 'Object Repository/DispensaryToStore/Page_Store/select_--Select--Adernaline 0.'

2018-06-09 17:25:41 - [TEST_STEP][PASSED] - delay: Delayed 2 second(s)

2018-06-09 17:25:43 - [MESSAGE][PASSED] - Delayed 2 second(s)

2018-06-09 17:25:43 - [TEST_STEP][PASSED] - Statement - RequestedQty = com.kms.katalon.core.webui.keyword.WebUiBuiltInKeywords.getAttribute(com.kms.katalon.core.testobject.ObjectRepository.findTestObject(DispensaryToStore/Page_Store/input_txttotal), "value"): Attribute 'value' of object 'Object Repository/DispensaryToStore/Page_Store/input_txttotal' is: '10'

2018-06-09 17:25:43 - [MESSAGE][PASSED] - Attribute 'value' of object 'Object Repository/DispensaryToStore/Page_Store/input_txttotal' is: '10'

2018-06-09 17:25:43 - [TEST_STEP][PASSED] - Statement - out.println("Requested QTY : " + RequestedQty): null

2018-06-09 17:25:43 - [TEST_STEP][PASSED] - Statement - BatchNumber = com.kms.katalon.core.webui.keyword.WebUiBuiltInKeywords.getNumberOfTotalOption(com.kms.katalon.core.testobject.ObjectRepository.findTestObject(DispensaryToStore/Page_Store/select_--Select--BA1170BA2376B)): 3 options of object 'Object Repository/DispensaryToStore/Page_Store/select_--Select--BA1170BA2376B' counted

2018-06-09 17:25:43 - [MESSAGE][PASSED] - 3 options of object 'Object Repository/DispensaryToStore/Page_Store/select_--Select--BA1170BA2376B' counted

2018-06-09 17:25:43 - [TEST_STEP][PASSED] - Statement - For ([g = 1, g <= BatchNumber - 1, (g++)]): null

2018-06-09 17:25:43 - [TEST_STEP][PASSED] - selectOptionByIndex: All options with index in [1] are selected on object 'Object Repository/DispensaryToStore/Page_Store/select_--Select--BA1170BA2376B'

2018-06-09 17:25:43 - [MESSAGE][PASSED] - All options with index in [1] are selected on object 'Object Repository/DispensaryToStore/Page_Store/select_--Select--BA1170BA2376B'

2018-06-09 17:25:43 - [TEST_STEP][PASSED] - Statement - Try: null

2018-06-09 17:25:43 - [TEST_STEP][PASSED] - Statement - StockQty = com.kms.katalon.core.webui.keyword.WebUiBuiltInKeywords.getAttribute(com.kms.katalon.core.testobject.ObjectRepository.findTestObject(DispensaryToStore/Page_Store/input_txtprice), "value"): Attribute 'value' of object 'Object Repository/DispensaryToStore/Page_Store/input_txtprice' is: '180'

2018-06-09 17:25:43 - [MESSAGE][PASSED] - Attribute 'value' of object 'Object Repository/DispensaryToStore/Page_Store/input_txtprice' is: '180'

2018-06-09 17:25:43 - [TEST_STEP][PASSED] - Statement - out.println("Stock QTY : " + StockQty): null

2018-06-09 17:25:43 - [TEST_STEP][PASSED] - delay: Delayed 2 second(s)

2018-06-09 17:25:45 - [MESSAGE][PASSED] - Delayed 2 second(s)

2018-06-09 17:25:45 - [TEST_STEP][PASSED] - Statement - If (java.lang.String.valueOf(StockQty) >= java.lang.String.valueOf(RequestedQty)): null

2018-06-09 17:25:45 - [TEST_STEP][PASSED] - setText: Text '10' is set on object 'Object Repository/DispensaryToStore/Page_Store/input_txtqty'

2018-06-09 17:25:45 - [MESSAGE][PASSED] - Text '10' is set on object 'Object Repository/DispensaryToStore/Page_Store/input_txtqty'

2018-06-09 17:25:45 - [TEST_STEP][PASSED] - click: Object: 'Object Repository/DispensaryToStore/Page_Store/button_Add' is clicked on

2018-06-09 17:25:45 - [MESSAGE][PASSED] - Object: 'Object Repository/DispensaryToStore/Page_Store/button_Add' is clicked on

2018-06-09 17:25:45 - [TEST_STEP][PASSED] - Statement - Break: null

2018-06-09 17:25:45 - [TEST_STEP][PASSED] - selectOptionByIndex: All options with index in [32] are selected on object 'Object Repository/DispensaryToStore/Page_Store/select_--Select--Adernaline 0.'

2018-06-09 17:25:46 - [MESSAGE][PASSED] - All options with index in [32] are selected on object 'Object Repository/DispensaryToStore/Page_Store/select_--Select--Adernaline 0.'

2018-06-09 17:25:46 - [TEST_STEP][PASSED] - delay: Delayed 2 second(s)

2018-06-09 17:25:48 - [MESSAGE][PASSED] - Delayed 2 second(s)

2018-06-09 17:25:48 - [TEST_STEP][PASSED] - Statement - RequestedQty = com.kms.katalon.core.webui.keyword.WebUiBuiltInKeywords.getAttribute(com.kms.katalon.core.testobject.ObjectRepository.findTestObject(DispensaryToStore/Page_Store/input_txttotal), "value"): Attribute 'value' of object 'Object Repository/DispensaryToStore/Page_Store/input_txttotal' is: '10'

2018-06-09 17:25:48 - [MESSAGE][PASSED] - Attribute 'value' of object 'Object Repository/DispensaryToStore/Page_Store/input_txttotal' is: '10'

2018-06-09 17:25:48 - [TEST_STEP][PASSED] - Statement - out.println("Requested QTY : " + RequestedQty): null

2018-06-09 17:25:48 - [TEST_STEP][PASSED] - Statement - BatchNumber = com.kms.katalon.core.webui.keyword.WebUiBuiltInKeywords.getNumberOfTotalOption(com.kms.katalon.core.testobject.ObjectRepository.findTestObject(DispensaryToStore/Page_Store/select_--Select--BA1170BA2376B)): 3 options of object 'Object Repository/DispensaryToStore/Page_Store/select_--Select--BA1170BA2376B' counted

2018-06-09 17:25:48 - [MESSAGE][PASSED] - 3 options of object 'Object Repository/DispensaryToStore/Page_Store/select_--Select--BA1170BA2376B' counted

2018-06-09 17:25:48 - [TEST_STEP][PASSED] - Statement - For ([g = 1, g <= BatchNumber - 1, (g++)]): null

2018-06-09 17:25:48 - [TEST_STEP][PASSED] - selectOptionByIndex: All options with index in [1] are selected on object 'Object Repository/DispensaryToStore/Page_Store/select_--Select--BA1170BA2376B'

2018-06-09 17:25:48 - [MESSAGE][PASSED] - All options with index in [1] are selected on object 'Object Repository/DispensaryToStore/Page_Store/select_--Select--BA1170BA2376B'

2018-06-09 17:25:48 - [TEST_STEP][PASSED] - Statement - Try: null

2018-06-09 17:25:48 - [TEST_STEP][PASSED] - Statement - StockQty = com.kms.katalon.core.webui.keyword.WebUiBuiltInKeywords.getAttribute(com.kms.katalon.core.testobject.ObjectRepository.findTestObject(DispensaryToStore/Page_Store/input_txtprice), "value"): Attribute 'value' of object 'Object Repository/DispensaryToStore/Page_Store/input_txtprice' is: '140'

2018-06-09 17:25:48 - [MESSAGE][PASSED] - Attribute 'value' of object 'Object Repository/DispensaryToStore/Page_Store/input_txtprice' is: '140'

2018-06-09 17:25:48 - [TEST_STEP][PASSED] - Statement - out.println("Stock QTY : " + StockQty): null

2018-06-09 17:25:48 - [TEST_STEP][PASSED] - delay: Delayed 2 second(s)

2018-06-09 17:25:50 - [MESSAGE][PASSED] - Delayed 2 second(s)

2018-06-09 17:25:50 - [TEST_STEP][PASSED] - Statement - If (java.lang.String.valueOf(StockQty) >= java.lang.String.valueOf(RequestedQty)): null

2018-06-09 17:25:50 - [TEST_STEP][PASSED] - setText: Text '10' is set on object 'Object Repository/DispensaryToStore/Page_Store/input_txtqty'

2018-06-09 17:25:50 - [MESSAGE][PASSED] - Text '10' is set on object 'Object Repository/DispensaryToStore/Page_Store/input_txtqty'

2018-06-09 17:25:50 - [TEST_STEP][PASSED] - click: Object: 'Object Repository/DispensaryToStore/Page_Store/button_Add' is clicked on

2018-06-09 17:25:50 - [MESSAGE][PASSED] - Object: 'Object Repository/DispensaryToStore/Page_Store/button_Add' is clicked on

2018-06-09 17:25:50 - [TEST_STEP][PASSED] - Statement - Break: null

2018-06-09 17:25:50 - [TEST_STEP][PASSED] - selectOptionByIndex: All options with index in [33] are selected on object 'Object Repository/DispensaryToStore/Page_Store/select_--Select--Adernaline 0.'

2018-06-09 17:25:50 - [MESSAGE][PASSED] - All options with index in [33] are selected on object 'Object Repository/DispensaryToStore/Page_Store/select_--Select--Adernaline 0.'

2018-06-09 17:25:50 - [TEST_STEP][PASSED] - delay: Delayed 2 second(s)

2018-06-09 17:25:52 - [MESSAGE][PASSED] - Delayed 2 second(s)

2018-06-09 17:25:52 - [TEST_STEP][PASSED] - Statement - RequestedQty = com.kms.katalon.core.webui.keyword.WebUiBuiltInKeywords.getAttribute(com.kms.katalon.core.testobject.ObjectRepository.findTestObject(DispensaryToStore/Page_Store/input_txttotal), "value"): Attribute 'value' of object 'Object Repository/DispensaryToStore/Page_Store/input_txttotal' is: '10'

2018-06-09 17:25:52 - [MESSAGE][PASSED] - Attribute 'value' of object 'Object Repository/DispensaryToStore/Page_Store/input_txttotal' is: '10'

2018-06-09 17:25:52 - [TEST_STEP][PASSED] - Statement - out.println("Requested QTY : " + RequestedQty): null

2018-06-09 17:25:52 - [TEST_STEP][PASSED] - Statement - BatchNumber = com.kms.katalon.core.webui.keyword.WebUiBuiltInKeywords.getNumberOfTotalOption(com.kms.katalon.core.testobject.ObjectRepository.findTestObject(DispensaryToStore/Page_Store/select_--Select--BA1170BA2376B)): 2 options of object 'Object Repository/DispensaryToStore/Page_Store/select_--Select--BA1170BA2376B' counted

2018-06-09 17:25:53 - [MESSAGE][PASSED] - 2 options of object 'Object Repository/DispensaryToStore/Page_Store/select_--Select--BA1170BA2376B' counted

2018-06-09 17:25:53 - [TEST_STEP][PASSED] - Statement - For ([g = 1, g <= BatchNumber - 1, (g++)]): null

2018-06-09 17:25:53 - [TEST_STEP][PASSED] - selectOptionByIndex: All options with index in [1] are selected on object 'Object Repository/DispensaryToStore/Page_Store/select_--Select--BA1170BA2376B'

2018-06-09 17:25:53 - [MESSAGE][PASSED] - All options with index in [1] are selected on object 'Object Repository/DispensaryToStore/Page_Store/select_--Select--BA1170BA2376B'

2018-06-09 17:25:53 - [TEST_STEP][PASSED] - Statement - Try: null

2018-06-09 17:25:53 - [TEST_STEP][PASSED] - Statement - StockQty = com.kms.katalon.core.webui.keyword.WebUiBuiltInKeywords.getAttribute(com.kms.katalon.core.testobject.ObjectRepository.findTestObject(DispensaryToStore/Page_Store/input_txtprice), "value"): Attribute 'value' of object 'Object Repository/DispensaryToStore/Page_Store/input_txtprice' is: '340'

2018-06-09 17:25:53 - [MESSAGE][PASSED] - Attribute 'value' of object 'Object Repository/DispensaryToStore/Page_Store/input_txtprice' is: '340'

2018-06-09 17:25:53 - [TEST_STEP][PASSED] - Statement - out.println("Stock QTY : " + StockQty): null

2018-06-09 17:25:53 - [TEST_STEP][PASSED] - delay: Delayed 2 second(s)

2018-06-09 17:25:55 - [MESSAGE][PASSED] - Delayed 2 second(s)

2018-06-09 17:25:55 - [TEST_STEP][PASSED] - Statement - If (java.lang.String.valueOf(StockQty) >= java.lang.String.valueOf(RequestedQty)): null

2018-06-09 17:25:55 - [TEST_STEP][PASSED] - setText: Text '10' is set on object 'Object Repository/DispensaryToStore/Page_Store/input_txtqty'

2018-06-09 17:25:55 - [MESSAGE][PASSED] - Text '10' is set on object 'Object Repository/DispensaryToStore/Page_Store/input_txtqty'

2018-06-09 17:25:55 - [TEST_STEP][PASSED] - click: Object: 'Object Repository/DispensaryToStore/Page_Store/button_Add' is clicked on

2018-06-09 17:25:55 - [MESSAGE][PASSED] - Object: 'Object Repository/DispensaryToStore/Page_Store/button_Add' is clicked on

2018-06-09 17:25:55 - [TEST_STEP][PASSED] - Statement - Break: null

2018-06-09 17:25:55 - [TEST_STEP][PASSED] - selectOptionByIndex: All options with index in [34] are selected on object 'Object Repository/DispensaryToStore/Page_Store/select_--Select--Adernaline 0.'

2018-06-09 17:25:55 - [MESSAGE][PASSED] - All options with index in [34] are selected on object 'Object Repository/DispensaryToStore/Page_Store/select_--Select--Adernaline 0.'

2018-06-09 17:25:55 - [TEST_STEP][PASSED] - delay: Delayed 2 second(s)

2018-06-09 17:25:57 - [MESSAGE][PASSED] - Delayed 2 second(s)

2018-06-09 17:25:57 - [TEST_STEP][PASSED] - Statement - RequestedQty = com.kms.katalon.core.webui.keyword.WebUiBuiltInKeywords.getAttribute(com.kms.katalon.core.testobject.ObjectRepository.findTestObject(DispensaryToStore/Page_Store/input_txttotal), "value"): Attribute 'value' of object 'Object Repository/DispensaryToStore/Page_Store/input_txttotal' is: '10'

2018-06-09 17:25:57 - [MESSAGE][PASSED] - Attribute 'value' of object 'Object Repository/DispensaryToStore/Page_Store/input_txttotal' is: '10'

2018-06-09 17:25:57 - [TEST_STEP][PASSED] - Statement - out.println("Requested QTY : " + RequestedQty): null

2018-06-09 17:25:57 - [TEST_STEP][PASSED] - Statement - BatchNumber = com.kms.katalon.core.webui.keyword.WebUiBuiltInKeywords.getNumberOfTotalOption(com.kms.katalon.core.testobject.ObjectRepository.findTestObject(DispensaryToStore/Page_Store/select_--Select--BA1170BA2376B)): 2 options of object 'Object Repository/DispensaryToStore/Page_Store/select_--Select--BA1170BA2376B' counted

2018-06-09 17:25:57 - [MESSAGE][PASSED] - 2 options of object 'Object Repository/DispensaryToStore/Page_Store/select_--Select--BA1170BA2376B' counted

2018-06-09 17:25:57 - [TEST_STEP][PASSED] - Statement - For ([g = 1, g <= BatchNumber - 1, (g++)]): null

2018-06-09 17:25:57 - [TEST_STEP][PASSED] - selectOptionByIndex: All options with index in [1] are selected on object 'Object Repository/DispensaryToStore/Page_Store/select_--Select--BA1170BA2376B'

2018-06-09 17:25:58 - [MESSAGE][PASSED] - All options with index in [1] are selected on object 'Object Repository/DispensaryToStore/Page_Store/select_--Select--BA1170BA2376B'

2018-06-09 17:25:58 - [TEST_STEP][PASSED] - Statement - Try: null

2018-06-09 17:25:58 - [TEST_STEP][PASSED] - Statement - StockQty = com.kms.katalon.core.webui.keyword.WebUiBuiltInKeywords.getAttribute(com.kms.katalon.core.testobject.ObjectRepository.findTestObject(DispensaryToStore/Page_Store/input_txtprice), "value"): Attribute 'value' of object 'Object Repository/DispensaryToStore/Page_Store/input_txtprice' is: '340'

2018-06-09 17:25:58 - [MESSAGE][PASSED] - Attribute 'value' of object 'Object Repository/DispensaryToStore/Page_Store/input_txtprice' is: '340'

2018-06-09 17:25:58 - [TEST_STEP][PASSED] - Statement - out.println("Stock QTY : " + StockQty): null

2018-06-09 17:25:58 - [TEST_STEP][PASSED] - delay: Delayed 2 second(s)

2018-06-09 17:26:00 - [MESSAGE][PASSED] - Delayed 2 second(s)

2018-06-09 17:26:00 - [TEST_STEP][PASSED] - Statement - If (java.lang.String.valueOf(StockQty) >= java.lang.String.valueOf(RequestedQty)): null

2018-06-09 17:26:00 - [TEST_STEP][PASSED] - setText: Text '10' is set on object 'Object Repository/DispensaryToStore/Page_Store/input_txtqty'

2018-06-09 17:26:00 - [MESSAGE][PASSED] - Text '10' is set on object 'Object Repository/DispensaryToStore/Page_Store/input_txtqty'

2018-06-09 17:26:00 - [TEST_STEP][PASSED] - click: Object: 'Object Repository/DispensaryToStore/Page_Store/button_Add' is clicked on

2018-06-09 17:26:00 - [MESSAGE][PASSED] - Object: 'Object Repository/DispensaryToStore/Page_Store/button_Add' is clicked on

2018-06-09 17:26:00 - [TEST_STEP][PASSED] - Statement - Break: null

2018-06-09 17:26:00 - [TEST_STEP][PASSED] - selectOptionByIndex: All options with index in [35] are selected on object 'Object Repository/DispensaryToStore/Page_Store/select_--Select--Adernaline 0.'

2018-06-09 17:26:00 - [MESSAGE][PASSED] - All options with index in [35] are selected on object 'Object Repository/DispensaryToStore/Page_Store/select_--Select--Adernaline 0.'

2018-06-09 17:26:00 - [TEST_STEP][PASSED] - delay: Delayed 2 second(s)

2018-06-09 17:26:02 - [MESSAGE][PASSED] - Delayed 2 second(s)

2018-06-09 17:26:02 - [TEST_STEP][PASSED] - Statement - RequestedQty = com.kms.katalon.core.webui.keyword.WebUiBuiltInKeywords.getAttribute(com.kms.katalon.core.testobject.ObjectRepository.findTestObject(DispensaryToStore/Page_Store/input_txttotal), "value"): Attribute 'value' of object 'Object Repository/DispensaryToStore/Page_Store/input_txttotal' is: '10'

2018-06-09 17:26:02 - [MESSAGE][PASSED] - Attribute 'value' of object 'Object Repository/DispensaryToStore/Page_Store/input_txttotal' is: '10'

2018-06-09 17:26:02 - [TEST_STEP][PASSED] - Statement - out.println("Requested QTY : " + RequestedQty): null

2018-06-09 17:26:02 - [TEST_STEP][PASSED] - Statement - BatchNumber = com.kms.katalon.core.webui.keyword.WebUiBuiltInKeywords.getNumberOfTotalOption(com.kms.katalon.core.testobject.ObjectRepository.findTestObject(DispensaryToStore/Page_Store/select_--Select--BA1170BA2376B)): 3 options of object 'Object Repository/DispensaryToStore/Page_Store/select_--Select--BA1170BA2376B' counted

2018-06-09 17:26:02 - [MESSAGE][PASSED] - 3 options of object 'Object Repository/DispensaryToStore/Page_Store/select_--Select--BA1170BA2376B' counted

2018-06-09 17:26:02 - [TEST_STEP][PASSED] - Statement - For ([g = 1, g <= BatchNumber - 1, (g++)]): null

2018-06-09 17:26:02 - [TEST_STEP][PASSED] - selectOptionByIndex: All options with index in [1] are selected on object 'Object Repository/DispensaryToStore/Page_Store/select_--Select--BA1170BA2376B'

2018-06-09 17:26:03 - [MESSAGE][PASSED] - All options with index in [1] are selected on object 'Object Repository/DispensaryToStore/Page_Store/select_--Select--BA1170BA2376B'

2018-06-09 17:26:03 - [TEST_STEP][PASSED] - Statement - Try: null

2018-06-09 17:26:03 - [TEST_STEP][PASSED] - Statement - StockQty = com.kms.katalon.core.webui.keyword.WebUiBuiltInKeywords.getAttribute(com.kms.katalon.core.testobject.ObjectRepository.findTestObject(DispensaryToStore/Page_Store/input_txtprice), "value"): Attribute 'value' of object 'Object Repository/DispensaryToStore/Page_Store/input_txtprice' is: '140'

2018-06-09 17:26:03 - [MESSAGE][PASSED] - Attribute 'value' of object 'Object Repository/DispensaryToStore/Page_Store/input_txtprice' is: '140'

2018-06-09 17:26:03 - [TEST_STEP][PASSED] - Statement - out.println("Stock QTY : " + StockQty): null

2018-06-09 17:26:03 - [TEST_STEP][PASSED] - delay: Delayed 2 second(s)

2018-06-09 17:26:05 - [MESSAGE][PASSED] - Delayed 2 second(s)

2018-06-09 17:26:05 - [TEST_STEP][PASSED] - Statement - If (java.lang.String.valueOf(StockQty) >= java.lang.String.valueOf(RequestedQty)): null

2018-06-09 17:26:05 - [TEST_STEP][PASSED] - setText: Text '10' is set on object 'Object Repository/DispensaryToStore/Page_Store/input_txtqty'

2018-06-09 17:26:05 - [MESSAGE][PASSED] - Text '10' is set on object 'Object Repository/DispensaryToStore/Page_Store/input_txtqty'

2018-06-09 17:26:05 - [TEST_STEP][PASSED] - click: Object: 'Object Repository/DispensaryToStore/Page_Store/button_Add' is clicked on

2018-06-09 17:26:05 - [MESSAGE][PASSED] - Object: 'Object Repository/DispensaryToStore/Page_Store/button_Add' is clicked on

2018-06-09 17:26:05 - [TEST_STEP][PASSED] - Statement - Break: null

2018-06-09 17:26:05 - [TEST_STEP][PASSED] - selectOptionByIndex: All options with index in [36] are selected on object 'Object Repository/DispensaryToStore/Page_Store/select_--Select--Adernaline 0.'

2018-06-09 17:26:05 - [MESSAGE][PASSED] - All options with index in [36] are selected on object 'Object Repository/DispensaryToStore/Page_Store/select_--Select--Adernaline 0.'

2018-06-09 17:26:05 - [TEST_STEP][PASSED] - delay: Delayed 2 second(s)

2018-06-09 17:26:07 - [MESSAGE][PASSED] - Delayed 2 second(s)

2018-06-09 17:26:07 - [TEST_STEP][PASSED] - Statement - RequestedQty = com.kms.katalon.core.webui.keyword.WebUiBuiltInKeywords.getAttribute(com.kms.katalon.core.testobject.ObjectRepository.findTestObject(DispensaryToStore/Page_Store/input_txttotal), "value"): Attribute 'value' of object 'Object Repository/DispensaryToStore/Page_Store/input_txttotal' is: '10'

2018-06-09 17:26:07 - [MESSAGE][PASSED] - Attribute 'value' of object 'Object Repository/DispensaryToStore/Page_Store/input_txttotal' is: '10'

2018-06-09 17:26:07 - [TEST_STEP][PASSED] - Statement - out.println("Requested QTY : " + RequestedQty): null

2018-06-09 17:26:07 - [TEST_STEP][PASSED] - Statement - BatchNumber = com.kms.katalon.core.webui.keyword.WebUiBuiltInKeywords.getNumberOfTotalOption(com.kms.katalon.core.testobject.ObjectRepository.findTestObject(DispensaryToStore/Page_Store/select_--Select--BA1170BA2376B)): 2 options of object 'Object Repository/DispensaryToStore/Page_Store/select_--Select--BA1170BA2376B' counted

2018-06-09 17:26:07 - [MESSAGE][PASSED] - 2 options of object 'Object Repository/DispensaryToStore/Page_Store/select_--Select--BA1170BA2376B' counted

2018-06-09 17:26:07 - [TEST_STEP][PASSED] - Statement - For ([g = 1, g <= BatchNumber - 1, (g++)]): null

2018-06-09 17:26:07 - [TEST_STEP][PASSED] - selectOptionByIndex: All options with index in [1] are selected on object 'Object Repository/DispensaryToStore/Page_Store/select_--Select--BA1170BA2376B'

2018-06-09 17:26:07 - [MESSAGE][PASSED] - All options with index in [1] are selected on object 'Object Repository/DispensaryToStore/Page_Store/select_--Select--BA1170BA2376B'

2018-06-09 17:26:07 - [TEST_STEP][PASSED] - Statement - Try: null

2018-06-09 17:26:07 - [TEST_STEP][PASSED] - Statement - StockQty = com.kms.katalon.core.webui.keyword.WebUiBuiltInKeywords.getAttribute(com.kms.katalon.core.testobject.ObjectRepository.findTestObject(DispensaryToStore/Page_Store/input_txtprice), "value"): Attribute 'value' of object 'Object Repository/DispensaryToStore/Page_Store/input_txtprice' is: ''

2018-06-09 17:26:08 - [MESSAGE][PASSED] - Attribute 'value' of object 'Object Repository/DispensaryToStore/Page_Store/input_txtprice' is: ''

2018-06-09 17:26:08 - [TEST_STEP][PASSED] - Statement - out.println("Stock QTY : " + StockQty): null

2018-06-09 17:26:08 - [TEST_STEP][PASSED] - delay: Delayed 2 second(s)

2018-06-09 17:26:10 - [MESSAGE][PASSED] - Delayed 2 second(s)

2018-06-09 17:26:10 - [TEST_STEP][PASSED] - Statement - If (java.lang.String.valueOf(StockQty) >= java.lang.String.valueOf(RequestedQty)): null

2018-06-09 17:26:10 - [TEST_STEP][PASSED] - Statement - Else: null

2018-06-09 17:26:10 - [TEST_STEP][PASSED] - Statement - out.println("Stock Is Less Than Requested Qty"): null

2018-06-09 17:26:10 - [TEST_STEP][PASSED] - selectOptionByIndex: All options with index in [37] are selected on object 'Object Repository/DispensaryToStore/Page_Store/select_--Select--Adernaline 0.'

2018-06-09 17:26:10 - [MESSAGE][PASSED] - All options with index in [37] are selected on object 'Object Repository/DispensaryToStore/Page_Store/select_--Select--Adernaline 0.'

2018-06-09 17:26:10 - [TEST_STEP][PASSED] - delay: Delayed 2 second(s)

2018-06-09 17:26:12 - [MESSAGE][PASSED] - Delayed 2 second(s)

2018-06-09 17:26:12 - [TEST_STEP][PASSED] - Statement - RequestedQty = com.kms.katalon.core.webui.keyword.WebUiBuiltInKeywords.getAttribute(com.kms.katalon.core.testobject.ObjectRepository.findTestObject(DispensaryToStore/Page_Store/input_txttotal), "value"): Attribute 'value' of object 'Object Repository/DispensaryToStore/Page_Store/input_txttotal' is: '10'

2018-06-09 17:26:12 - [MESSAGE][PASSED] - Attribute 'value' of object 'Object Repository/DispensaryToStore/Page_Store/input_txttotal' is: '10'

2018-06-09 17:26:12 - [TEST_STEP][PASSED] - Statement - out.println("Requested QTY : " + RequestedQty): null

2018-06-09 17:26:12 - [TEST_STEP][PASSED] - Statement - BatchNumber = com.kms.katalon.core.webui.keyword.WebUiBuiltInKeywords.getNumberOfTotalOption(com.kms.katalon.core.testobject.ObjectRepository.findTestObject(DispensaryToStore/Page_Store/select_--Select--BA1170BA2376B)): 3 options of object 'Object Repository/DispensaryToStore/Page_Store/select_--Select--BA1170BA2376B' counted

2018-06-09 17:26:12 - [MESSAGE][PASSED] - 3 options of object 'Object Repository/DispensaryToStore/Page_Store/select_--Select--BA1170BA2376B' counted

2018-06-09 17:26:12 - [TEST_STEP][PASSED] - Statement - For ([g = 1, g <= BatchNumber - 1, (g++)]): null

2018-06-09 17:26:12 - [TEST_STEP][PASSED] - selectOptionByIndex: All options with index in [1] are selected on object 'Object Repository/DispensaryToStore/Page_Store/select_--Select--BA1170BA2376B'

2018-06-09 17:26:12 - [MESSAGE][PASSED] - All options with index in [1] are selected on object 'Object Repository/DispensaryToStore/Page_Store/select_--Select--BA1170BA2376B'

2018-06-09 17:26:12 - [TEST_STEP][PASSED] - Statement - Try: null

2018-06-09 17:26:12 - [TEST_STEP][PASSED] - Statement - StockQty = com.kms.katalon.core.webui.keyword.WebUiBuiltInKeywords.getAttribute(com.kms.katalon.core.testobject.ObjectRepository.findTestObject(DispensaryToStore/Page_Store/input_txtprice), "value"): Attribute 'value' of object 'Object Repository/DispensaryToStore/Page_Store/input_txtprice' is: '140'

2018-06-09 17:26:12 - [MESSAGE][PASSED] - Attribute 'value' of object 'Object Repository/DispensaryToStore/Page_Store/input_txtprice' is: '140'

2018-06-09 17:26:12 - [TEST_STEP][PASSED] - Statement - out.println("Stock QTY : " + StockQty): null

2018-06-09 17:26:12 - [TEST_STEP][PASSED] - delay: Delayed 2 second(s)

2018-06-09 17:26:14 - [MESSAGE][PASSED] - Delayed 2 second(s)

2018-06-09 17:26:14 - [TEST_STEP][PASSED] - Statement - If (java.lang.String.valueOf(StockQty) >= java.lang.String.valueOf(RequestedQty)): null

2018-06-09 17:26:14 - [TEST_STEP][PASSED] - setText: Text '10' is set on object 'Object Repository/DispensaryToStore/Page_Store/input_txtqty'

2018-06-09 17:26:14 - [MESSAGE][PASSED] - Text '10' is set on object 'Object Repository/DispensaryToStore/Page_Store/input_txtqty'

2018-06-09 17:26:14 - [TEST_STEP][PASSED] - click: Object: 'Object Repository/DispensaryToStore/Page_Store/button_Add' is clicked on

2018-06-09 17:26:14 - [MESSAGE][PASSED] - Object: 'Object Repository/DispensaryToStore/Page_Store/button_Add' is clicked on

2018-06-09 17:26:14 - [TEST_STEP][PASSED] - Statement - Break: null

2018-06-09 17:26:14 - [TEST_STEP][PASSED] - selectOptionByIndex: All options with index in [38] are selected on object 'Object Repository/DispensaryToStore/Page_Store/select_--Select--Adernaline 0.'

2018-06-09 17:26:15 - [MESSAGE][PASSED] - All options with index in [38] are selected on object 'Object Repository/DispensaryToStore/Page_Store/select_--Select--Adernaline 0.'

2018-06-09 17:26:15 - [TEST_STEP][PASSED] - delay: Delayed 2 second(s)

2018-06-09 17:26:17 - [MESSAGE][PASSED] - Delayed 2 second(s)

2018-06-09 17:26:17 - [TEST_STEP][PASSED] - Statement - RequestedQty = com.kms.katalon.core.webui.keyword.WebUiBuiltInKeywords.getAttribute(com.kms.katalon.core.testobject.ObjectRepository.findTestObject(DispensaryToStore/Page_Store/input_txttotal), "value"): Attribute 'value' of object 'Object Repository/DispensaryToStore/Page_Store/input_txttotal' is: '10'

2018-06-09 17:26:17 - [MESSAGE][PASSED] - Attribute 'value' of object 'Object Repository/DispensaryToStore/Page_Store/input_txttotal' is: '10'

2018-06-09 17:26:17 - [TEST_STEP][PASSED] - Statement - out.println("Requested QTY : " + RequestedQty): null

2018-06-09 17:26:17 - [TEST_STEP][PASSED] - Statement - BatchNumber = com.kms.katalon.core.webui.keyword.WebUiBuiltInKeywords.getNumberOfTotalOption(com.kms.katalon.core.testobject.ObjectRepository.findTestObject(DispensaryToStore/Page_Store/select_--Select--BA1170BA2376B)): 3 options of object 'Object Repository/DispensaryToStore/Page_Store/select_--Select--BA1170BA2376B' counted

2018-06-09 17:26:17 - [MESSAGE][PASSED] - 3 options of object 'Object Repository/DispensaryToStore/Page_Store/select_--Select--BA1170BA2376B' counted

2018-06-09 17:26:17 - [TEST_STEP][PASSED] - Statement - For ([g = 1, g <= BatchNumber - 1, (g++)]): null

2018-06-09 17:26:17 - [TEST_STEP][PASSED] - selectOptionByIndex: All options with index in [1] are selected on object 'Object Repository/DispensaryToStore/Page_Store/select_--Select--BA1170BA2376B'

2018-06-09 17:26:17 - [MESSAGE][PASSED] - All options with index in [1] are selected on object 'Object Repository/DispensaryToStore/Page_Store/select_--Select--BA1170BA2376B'

2018-06-09 17:26:17 - [TEST_STEP][PASSED] - Statement - Try: null

2018-06-09 17:26:17 - [TEST_STEP][PASSED] - Statement - StockQty = com.kms.katalon.core.webui.keyword.WebUiBuiltInKeywords.getAttribute(com.kms.katalon.core.testobject.ObjectRepository.findTestObject(DispensaryToStore/Page_Store/input_txtprice), "value"): Attribute 'value' of object 'Object Repository/DispensaryToStore/Page_Store/input_txtprice' is: '140'

2018-06-09 17:26:17 - [MESSAGE][PASSED] - Attribute 'value' of object 'Object Repository/DispensaryToStore/Page_Store/input_txtprice' is: '140'

2018-06-09 17:26:17 - [TEST_STEP][PASSED] - Statement - out.println("Stock QTY : " + StockQty): null

2018-06-09 17:26:17 - [TEST_STEP][PASSED] - delay: Delayed 2 second(s)

2018-06-09 17:26:19 - [MESSAGE][PASSED] - Delayed 2 second(s)

2018-06-09 17:26:19 - [TEST_STEP][PASSED] - Statement - If (java.lang.String.valueOf(StockQty) >= java.lang.String.valueOf(RequestedQty)): null

2018-06-09 17:26:19 - [TEST_STEP][PASSED] - setText: Text '10' is set on object 'Object Repository/DispensaryToStore/Page_Store/input_txtqty'

2018-06-09 17:26:19 - [MESSAGE][PASSED] - Text '10' is set on object 'Object Repository/DispensaryToStore/Page_Store/input_txtqty'

2018-06-09 17:26:19 - [TEST_STEP][PASSED] - click: Object: 'Object Repository/DispensaryToStore/Page_Store/button_Add' is clicked on

2018-06-09 17:26:20 - [MESSAGE][PASSED] - Object: 'Object Repository/DispensaryToStore/Page_Store/button_Add' is clicked on

2018-06-09 17:26:20 - [TEST_STEP][PASSED] - Statement - Break: null

2018-06-09 17:26:20 - [TEST_STEP][PASSED] - selectOptionByIndex: All options with index in [39] are selected on object 'Object Repository/DispensaryToStore/Page_Store/select_--Select--Adernaline 0.'

2018-06-09 17:26:20 - [MESSAGE][PASSED] - All options with index in [39] are selected on object 'Object Repository/DispensaryToStore/Page_Store/select_--Select--Adernaline 0.'

2018-06-09 17:26:20 - [TEST_STEP][PASSED] - delay: Delayed 2 second(s)

2018-06-09 17:26:22 - [MESSAGE][PASSED] - Delayed 2 second(s)

2018-06-09 17:26:22 - [TEST_STEP][PASSED] - Statement - RequestedQty = com.kms.katalon.core.webui.keyword.WebUiBuiltInKeywords.getAttribute(com.kms.katalon.core.testobject.ObjectRepository.findTestObject(DispensaryToStore/Page_Store/input_txttotal), "value"): Attribute 'value' of object 'Object Repository/DispensaryToStore/Page_Store/input_txttotal' is: '10'

2018-06-09 17:26:22 - [MESSAGE][PASSED] - Attribute 'value' of object 'Object Repository/DispensaryToStore/Page_Store/input_txttotal' is: '10'

2018-06-09 17:26:22 - [TEST_STEP][PASSED] - Statement - out.println("Requested QTY : " + RequestedQty): null

2018-06-09 17:26:22 - [TEST_STEP][PASSED] - Statement - BatchNumber = com.kms.katalon.core.webui.keyword.WebUiBuiltInKeywords.getNumberOfTotalOption(com.kms.katalon.core.testobject.ObjectRepository.findTestObject(DispensaryToStore/Page_Store/select_--Select--BA1170BA2376B)): 2 options of object 'Object Repository/DispensaryToStore/Page_Store/select_--Select--BA1170BA2376B' counted

2018-06-09 17:26:22 - [MESSAGE][PASSED] - 2 options of object 'Object Repository/DispensaryToStore/Page_Store/select_--Select--BA1170BA2376B' counted

2018-06-09 17:26:22 - [TEST_STEP][PASSED] - Statement - For ([g = 1, g <= BatchNumber - 1, (g++)]): null

2018-06-09 17:26:22 - [TEST_STEP][PASSED] - selectOptionByIndex: All options with index in [1] are selected on object 'Object Repository/DispensaryToStore/Page_Store/select_--Select--BA1170BA2376B'

2018-06-09 17:26:22 - [MESSAGE][PASSED] - All options with index in [1] are selected on object 'Object Repository/DispensaryToStore/Page_Store/select_--Select--BA1170BA2376B'

2018-06-09 17:26:22 - [TEST_STEP][PASSED] - Statement - Try: null

2018-06-09 17:26:22 - [TEST_STEP][PASSED] - Statement - StockQty = com.kms.katalon.core.webui.keyword.WebUiBuiltInKeywords.getAttribute(com.kms.katalon.core.testobject.ObjectRepository.findTestObject(DispensaryToStore/Page_Store/input_txtprice), "value"): Attribute 'value' of object 'Object Repository/DispensaryToStore/Page_Store/input_txtprice' is: '340'

2018-06-09 17:26:22 - [MESSAGE][PASSED] - Attribute 'value' of object 'Object Repository/DispensaryToStore/Page_Store/input_txtprice' is: '340'

2018-06-09 17:26:22 - [TEST_STEP][PASSED] - Statement - out.println("Stock QTY : " + StockQty): null

2018-06-09 17:26:22 - [TEST_STEP][PASSED] - delay: Delayed 2 second(s)

2018-06-09 17:26:24 - [MESSAGE][PASSED] - Delayed 2 second(s)

2018-06-09 17:26:24 - [TEST_STEP][PASSED] - Statement - If (java.lang.String.valueOf(StockQty) >= java.lang.String.valueOf(RequestedQty)): null

2018-06-09 17:26:24 - [TEST_STEP][PASSED] - setText: Text '10' is set on object 'Object Repository/DispensaryToStore/Page_Store/input_txtqty'

2018-06-09 17:26:24 - [MESSAGE][PASSED] - Text '10' is set on object 'Object Repository/DispensaryToStore/Page_Store/input_txtqty'

2018-06-09 17:26:24 - [TEST_STEP][PASSED] - click: Object: 'Object Repository/DispensaryToStore/Page_Store/button_Add' is clicked on

2018-06-09 17:26:25 - [MESSAGE][PASSED] - Object: 'Object Repository/DispensaryToStore/Page_Store/button_Add' is clicked on

2018-06-09 17:26:25 - [TEST_STEP][PASSED] - Statement - Break: null

2018-06-09 17:26:25 - [TEST_STEP][PASSED] - selectOptionByIndex: All options with index in [40] are selected on object 'Object Repository/DispensaryToStore/Page_Store/select_--Select--Adernaline 0.'

2018-06-09 17:26:25 - [MESSAGE][PASSED] - All options with index in [40] are selected on object 'Object Repository/DispensaryToStore/Page_Store/select_--Select--Adernaline 0.'

2018-06-09 17:26:25 - [TEST_STEP][PASSED] - delay: Delayed 2 second(s)

2018-06-09 17:26:27 - [MESSAGE][PASSED] - Delayed 2 second(s)

2018-06-09 17:26:27 - [TEST_STEP][PASSED] - Statement - RequestedQty = com.kms.katalon.core.webui.keyword.WebUiBuiltInKeywords.getAttribute(com.kms.katalon.core.testobject.ObjectRepository.findTestObject(DispensaryToStore/Page_Store/input_txttotal), "value"): Attribute 'value' of object 'Object Repository/DispensaryToStore/Page_Store/input_txttotal' is: '10'

2018-06-09 17:26:27 - [MESSAGE][PASSED] - Attribute 'value' of object 'Object Repository/DispensaryToStore/Page_Store/input_txttotal' is: '10'

2018-06-09 17:26:27 - [TEST_STEP][PASSED] - Statement - out.println("Requested QTY : " + RequestedQty): null

2018-06-09 17:26:27 - [TEST_STEP][PASSED] - Statement - BatchNumber = com.kms.katalon.core.webui.keyword.WebUiBuiltInKeywords.getNumberOfTotalOption(com.kms.katalon.core.testobject.ObjectRepository.findTestObject(DispensaryToStore/Page_Store/select_--Select--BA1170BA2376B)): 3 options of object 'Object Repository/DispensaryToStore/Page_Store/select_--Select--BA1170BA2376B' counted

2018-06-09 17:26:27 - [MESSAGE][PASSED] - 3 options of object 'Object Repository/DispensaryToStore/Page_Store/select_--Select--BA1170BA2376B' counted

2018-06-09 17:26:27 - [TEST_STEP][PASSED] - Statement - For ([g = 1, g <= BatchNumber - 1, (g++)]): null

2018-06-09 17:26:27 - [TEST_STEP][PASSED] - selectOptionByIndex: All options with index in [1] are selected on object 'Object Repository/DispensaryToStore/Page_Store/select_--Select--BA1170BA2376B'

2018-06-09 17:26:27 - [MESSAGE][PASSED] - All options with index in [1] are selected on object 'Object Repository/DispensaryToStore/Page_Store/select_--Select--BA1170BA2376B'

2018-06-09 17:26:27 - [TEST_STEP][PASSED] - Statement - Try: null

2018-06-09 17:26:27 - [TEST_STEP][PASSED] - Statement - StockQty = com.kms.katalon.core.webui.keyword.WebUiBuiltInKeywords.getAttribute(com.kms.katalon.core.testobject.ObjectRepository.findTestObject(DispensaryToStore/Page_Store/input_txtprice), "value"): Attribute 'value' of object 'Object Repository/DispensaryToStore/Page_Store/input_txtprice' is: '140'

2018-06-09 17:26:27 - [MESSAGE][PASSED] - Attribute 'value' of object 'Object Repository/DispensaryToStore/Page_Store/input_txtprice' is: '140'

2018-06-09 17:26:27 - [TEST_STEP][PASSED] - Statement - out.println("Stock QTY : " + StockQty): null

2018-06-09 17:26:27 - [TEST_STEP][PASSED] - delay: Delayed 2 second(s)

2018-06-09 17:26:29 - [MESSAGE][PASSED] - Delayed 2 second(s)

2018-06-09 17:26:29 - [TEST_STEP][PASSED] - Statement - If (java.lang.String.valueOf(StockQty) >= java.lang.String.valueOf(RequestedQty)): null

2018-06-09 17:26:29 - [TEST_STEP][PASSED] - setText: Text '10' is set on object 'Object Repository/DispensaryToStore/Page_Store/input_txtqty'

2018-06-09 17:26:29 - [MESSAGE][PASSED] - Text '10' is set on object 'Object Repository/DispensaryToStore/Page_Store/input_txtqty'

2018-06-09 17:26:29 - [TEST_STEP][PASSED] - click: Object: 'Object Repository/DispensaryToStore/Page_Store/button_Add' is clicked on

2018-06-09 17:26:30 - [MESSAGE][PASSED] - Object: 'Object Repository/DispensaryToStore/Page_Store/button_Add' is clicked on

2018-06-09 17:26:30 - [TEST_STEP][PASSED] - Statement - Break: null

2018-06-09 17:26:30 - [TEST_STEP][PASSED] - selectOptionByIndex: All options with index in [41] are selected on object 'Object Repository/DispensaryToStore/Page_Store/select_--Select--Adernaline 0.'

2018-06-09 17:26:30 - [MESSAGE][PASSED] - All options with index in [41] are selected on object 'Object Repository/DispensaryToStore/Page_Store/select_--Select--Adernaline 0.'

2018-06-09 17:26:30 - [TEST_STEP][PASSED] - delay: Delayed 2 second(s)

2018-06-09 17:26:32 - [MESSAGE][PASSED] - Delayed 2 second(s)

2018-06-09 17:26:32 - [TEST_STEP][PASSED] - Statement - RequestedQty = com.kms.katalon.core.webui.keyword.WebUiBuiltInKeywords.getAttribute(com.kms.katalon.core.testobject.ObjectRepository.findTestObject(DispensaryToStore/Page_Store/input_txttotal), "value"): Attribute 'value' of object 'Object Repository/DispensaryToStore/Page_Store/input_txttotal' is: '10'

2018-06-09 17:26:32 - [MESSAGE][PASSED] - Attribute 'value' of object 'Object Repository/DispensaryToStore/Page_Store/input_txttotal' is: '10'

2018-06-09 17:26:32 - [TEST_STEP][PASSED] - Statement - out.println("Requested QTY : " + RequestedQty): null

2018-06-09 17:26:32 - [TEST_STEP][PASSED] - Statement - BatchNumber = com.kms.katalon.core.webui.keyword.WebUiBuiltInKeywords.getNumberOfTotalOption(com.kms.katalon.core.testobject.ObjectRepository.findTestObject(DispensaryToStore/Page_Store/select_--Select--BA1170BA2376B)): 3 options of object 'Object Repository/DispensaryToStore/Page_Store/select_--Select--BA1170BA2376B' counted

2018-06-09 17:26:32 - [MESSAGE][PASSED] - 3 options of object 'Object Repository/DispensaryToStore/Page_Store/select_--Select--BA1170BA2376B' counted

2018-06-09 17:26:32 - [TEST_STEP][PASSED] - Statement - For ([g = 1, g <= BatchNumber - 1, (g++)]): null

2018-06-09 17:26:32 - [TEST_STEP][PASSED] - selectOptionByIndex: All options with index in [1] are selected on object 'Object Repository/DispensaryToStore/Page_Store/select_--Select--BA1170BA2376B'

2018-06-09 17:26:32 - [MESSAGE][PASSED] - All options with index in [1] are selected on object 'Object Repository/DispensaryToStore/Page_Store/select_--Select--BA1170BA2376B'

2018-06-09 17:26:32 - [TEST_STEP][PASSED] - Statement - Try: null

2018-06-09 17:26:32 - [TEST_STEP][PASSED] - Statement - StockQty = com.kms.katalon.core.webui.keyword.WebUiBuiltInKeywords.getAttribute(com.kms.katalon.core.testobject.ObjectRepository.findTestObject(DispensaryToStore/Page_Store/input_txtprice), "value"): Attribute 'value' of object 'Object Repository/DispensaryToStore/Page_Store/input_txtprice' is: '140'

2018-06-09 17:26:32 - [MESSAGE][PASSED] - Attribute 'value' of object 'Object Repository/DispensaryToStore/Page_Store/input_txtprice' is: '140'

2018-06-09 17:26:32 - [TEST_STEP][PASSED] - Statement - out.println("Stock QTY : " + StockQty): null

2018-06-09 17:26:32 - [TEST_STEP][PASSED] - delay: Delayed 2 second(s)

2018-06-09 17:26:34 - [MESSAGE][PASSED] - Delayed 2 second(s)

2018-06-09 17:26:34 - [TEST_STEP][PASSED] - Statement - If (java.lang.String.valueOf(StockQty) >= java.lang.String.valueOf(RequestedQty)): null

2018-06-09 17:26:34 - [TEST_STEP][PASSED] - setText: Text '10' is set on object 'Object Repository/DispensaryToStore/Page_Store/input_txtqty'

2018-06-09 17:26:34 - [MESSAGE][PASSED] - Text '10' is set on object 'Object Repository/DispensaryToStore/Page_Store/input_txtqty'

2018-06-09 17:26:34 - [TEST_STEP][PASSED] - click: Object: 'Object Repository/DispensaryToStore/Page_Store/button_Add' is clicked on

2018-06-09 17:26:35 - [MESSAGE][PASSED] - Object: 'Object Repository/DispensaryToStore/Page_Store/button_Add' is clicked on

2018-06-09 17:26:35 - [TEST_STEP][PASSED] - Statement - Break: null

2018-06-09 17:26:35 - [TEST_STEP][PASSED] - selectOptionByIndex: All options with index in [42] are selected on object 'Object Repository/DispensaryToStore/Page_Store/select_--Select--Adernaline 0.'

2018-06-09 17:26:35 - [MESSAGE][PASSED] - All options with index in [42] are selected on object 'Object Repository/DispensaryToStore/Page_Store/select_--Select--Adernaline 0.'

2018-06-09 17:26:35 - [TEST_STEP][PASSED] - delay: Delayed 2 second(s)

2018-06-09 17:26:37 - [MESSAGE][PASSED] - Delayed 2 second(s)

2018-06-09 17:26:37 - [TEST_STEP][PASSED] - Statement - RequestedQty = com.kms.katalon.core.webui.keyword.WebUiBuiltInKeywords.getAttribute(com.kms.katalon.core.testobject.ObjectRepository.findTestObject(DispensaryToStore/Page_Store/input_txttotal), "value"): Attribute 'value' of object 'Object Repository/DispensaryToStore/Page_Store/input_txttotal' is: '10'

2018-06-09 17:26:37 - [MESSAGE][PASSED] - Attribute 'value' of object 'Object Repository/DispensaryToStore/Page_Store/input_txttotal' is: '10'

2018-06-09 17:26:37 - [TEST_STEP][PASSED] - Statement - out.println("Requested QTY : " + RequestedQty): null

2018-06-09 17:26:37 - [TEST_STEP][PASSED] - Statement - BatchNumber = com.kms.katalon.core.webui.keyword.WebUiBuiltInKeywords.getNumberOfTotalOption(com.kms.katalon.core.testobject.ObjectRepository.findTestObject(DispensaryToStore/Page_Store/select_--Select--BA1170BA2376B)): 3 options of object 'Object Repository/DispensaryToStore/Page_Store/select_--Select--BA1170BA2376B' counted

2018-06-09 17:26:37 - [MESSAGE][PASSED] - 3 options of object 'Object Repository/DispensaryToStore/Page_Store/select_--Select--BA1170BA2376B' counted

2018-06-09 17:26:37 - [TEST_STEP][PASSED] - Statement - For ([g = 1, g <= BatchNumber - 1, (g++)]): null

2018-06-09 17:26:37 - [TEST_STEP][PASSED] - selectOptionByIndex: All options with index in [1] are selected on object 'Object Repository/DispensaryToStore/Page_Store/select_--Select--BA1170BA2376B'

2018-06-09 17:26:37 - [MESSAGE][PASSED] - All options with index in [1] are selected on object 'Object Repository/DispensaryToStore/Page_Store/select_--Select--BA1170BA2376B'

2018-06-09 17:26:37 - [TEST_STEP][PASSED] - Statement - Try: null

2018-06-09 17:26:37 - [TEST_STEP][PASSED] - Statement - StockQty = com.kms.katalon.core.webui.keyword.WebUiBuiltInKeywords.getAttribute(com.kms.katalon.core.testobject.ObjectRepository.findTestObject(DispensaryToStore/Page_Store/input_txtprice), "value"): Attribute 'value' of object 'Object Repository/DispensaryToStore/Page_Store/input_txtprice' is: '180'

2018-06-09 17:26:37 - [MESSAGE][PASSED] - Attribute 'value' of object 'Object Repository/DispensaryToStore/Page_Store/input_txtprice' is: '180'

2018-06-09 17:26:37 - [TEST_STEP][PASSED] - Statement - out.println("Stock QTY : " + StockQty): null

2018-06-09 17:26:37 - [TEST_STEP][PASSED] - delay: Delayed 2 second(s)

2018-06-09 17:26:39 - [MESSAGE][PASSED] - Delayed 2 second(s)

2018-06-09 17:26:39 - [TEST_STEP][PASSED] - Statement - If (java.lang.String.valueOf(StockQty) >= java.lang.String.valueOf(RequestedQty)): null

2018-06-09 17:26:39 - [TEST_STEP][PASSED] - setText: Text '10' is set on object 'Object Repository/DispensaryToStore/Page_Store/input_txtqty'

2018-06-09 17:26:39 - [MESSAGE][PASSED] - Text '10' is set on object 'Object Repository/DispensaryToStore/Page_Store/input_txtqty'

2018-06-09 17:26:39 - [TEST_STEP][PASSED] - click: Object: 'Object Repository/DispensaryToStore/Page_Store/button_Add' is clicked on

2018-06-09 17:26:40 - [MESSAGE][PASSED] - Object: 'Object Repository/DispensaryToStore/Page_Store/button_Add' is clicked on

2018-06-09 17:26:40 - [TEST_STEP][PASSED] - Statement - Break: null

2018-06-09 17:26:40 - [TEST_STEP][PASSED] - selectOptionByIndex: All options with index in [43] are selected on object 'Object Repository/DispensaryToStore/Page_Store/select_--Select--Adernaline 0.'

2018-06-09 17:26:40 - [MESSAGE][PASSED] - All options with index in [43] are selected on object 'Object Repository/DispensaryToStore/Page_Store/select_--Select--Adernaline 0.'

2018-06-09 17:26:40 - [TEST_STEP][PASSED] - delay: Delayed 2 second(s)

2018-06-09 17:26:42 - [MESSAGE][PASSED] - Delayed 2 second(s)

2018-06-09 17:26:42 - [TEST_STEP][PASSED] - Statement - RequestedQty = com.kms.katalon.core.webui.keyword.WebUiBuiltInKeywords.getAttribute(com.kms.katalon.core.testobject.ObjectRepository.findTestObject(DispensaryToStore/Page_Store/input_txttotal), "value"): Attribute 'value' of object 'Object Repository/DispensaryToStore/Page_Store/input_txttotal' is: '10'

2018-06-09 17:26:42 - [MESSAGE][PASSED] - Attribute 'value' of object 'Object Repository/DispensaryToStore/Page_Store/input_txttotal' is: '10'

2018-06-09 17:26:42 - [TEST_STEP][PASSED] - Statement - out.println("Requested QTY : " + RequestedQty): null

2018-06-09 17:26:42 - [TEST_STEP][PASSED] - Statement - BatchNumber = com.kms.katalon.core.webui.keyword.WebUiBuiltInKeywords.getNumberOfTotalOption(com.kms.katalon.core.testobject.ObjectRepository.findTestObject(DispensaryToStore/Page_Store/select_--Select--BA1170BA2376B)): 3 options of object 'Object Repository/DispensaryToStore/Page_Store/select_--Select--BA1170BA2376B' counted

2018-06-09 17:26:42 - [MESSAGE][PASSED] - 3 options of object 'Object Repository/DispensaryToStore/Page_Store/select_--Select--BA1170BA2376B' counted

2018-06-09 17:26:42 - [TEST_STEP][PASSED] - Statement - For ([g = 1, g <= BatchNumber - 1, (g++)]): null

2018-06-09 17:26:42 - [TEST_STEP][PASSED] - selectOptionByIndex: All options with index in [1] are selected on object 'Object Repository/DispensaryToStore/Page_Store/select_--Select--BA1170BA2376B'

2018-06-09 17:26:42 - [MESSAGE][PASSED] - All options with index in [1] are selected on object 'Object Repository/DispensaryToStore/Page_Store/select_--Select--BA1170BA2376B'

2018-06-09 17:26:42 - [TEST_STEP][PASSED] - Statement - Try: null

2018-06-09 17:26:42 - [TEST_STEP][PASSED] - Statement - StockQty = com.kms.katalon.core.webui.keyword.WebUiBuiltInKeywords.getAttribute(com.kms.katalon.core.testobject.ObjectRepository.findTestObject(DispensaryToStore/Page_Store/input_txtprice), "value"): Attribute 'value' of object 'Object Repository/DispensaryToStore/Page_Store/input_txtprice' is: '140'

2018-06-09 17:26:42 - [MESSAGE][PASSED] - Attribute 'value' of object 'Object Repository/DispensaryToStore/Page_Store/input_txtprice' is: '140'

2018-06-09 17:26:42 - [TEST_STEP][PASSED] - Statement - out.println("Stock QTY : " + StockQty): null

2018-06-09 17:26:42 - [TEST_STEP][PASSED] - delay: Delayed 2 second(s)

2018-06-09 17:26:44 - [MESSAGE][PASSED] - Delayed 2 second(s)

2018-06-09 17:26:44 - [TEST_STEP][PASSED] - Statement - If (java.lang.String.valueOf(StockQty) >= java.lang.String.valueOf(RequestedQty)): null

2018-06-09 17:26:44 - [TEST_STEP][PASSED] - setText: Text '10' is set on object 'Object Repository/DispensaryToStore/Page_Store/input_txtqty'

2018-06-09 17:26:44 - [MESSAGE][PASSED] - Text '10' is set on object 'Object Repository/DispensaryToStore/Page_Store/input_txtqty'

2018-06-09 17:26:44 - [TEST_STEP][PASSED] - click: Object: 'Object Repository/DispensaryToStore/Page_Store/button_Add' is clicked on

2018-06-09 17:26:45 - [MESSAGE][PASSED] - Object: 'Object Repository/DispensaryToStore/Page_Store/button_Add' is clicked on

2018-06-09 17:26:45 - [TEST_STEP][PASSED] - Statement - Break: null

2018-06-09 17:26:45 - [TEST_STEP][PASSED] - selectOptionByIndex: All options with index in [44] are selected on object 'Object Repository/DispensaryToStore/Page_Store/select_--Select--Adernaline 0.'

2018-06-09 17:26:45 - [MESSAGE][PASSED] - All options with index in [44] are selected on object 'Object Repository/DispensaryToStore/Page_Store/select_--Select--Adernaline 0.'

2018-06-09 17:26:45 - [TEST_STEP][PASSED] - delay: Delayed 2 second(s)

2018-06-09 17:26:47 - [MESSAGE][PASSED] - Delayed 2 second(s)

2018-06-09 17:26:47 - [TEST_STEP][PASSED] - Statement - RequestedQty = com.kms.katalon.core.webui.keyword.WebUiBuiltInKeywords.getAttribute(com.kms.katalon.core.testobject.ObjectRepository.findTestObject(DispensaryToStore/Page_Store/input_txttotal), "value"): Attribute 'value' of object 'Object Repository/DispensaryToStore/Page_Store/input_txttotal' is: '10'

2018-06-09 17:26:47 - [MESSAGE][PASSED] - Attribute 'value' of object 'Object Repository/DispensaryToStore/Page_Store/input_txttotal' is: '10'

2018-06-09 17:26:47 - [TEST_STEP][PASSED] - Statement - out.println("Requested QTY : " + RequestedQty): null

2018-06-09 17:26:47 - [TEST_STEP][PASSED] - Statement - BatchNumber = com.kms.katalon.core.webui.keyword.WebUiBuiltInKeywords.getNumberOfTotalOption(com.kms.katalon.core.testobject.ObjectRepository.findTestObject(DispensaryToStore/Page_Store/select_--Select--BA1170BA2376B)): 2 options of object 'Object Repository/DispensaryToStore/Page_Store/select_--Select--BA1170BA2376B' counted

2018-06-09 17:26:47 - [MESSAGE][PASSED] - 2 options of object 'Object Repository/DispensaryToStore/Page_Store/select_--Select--BA1170BA2376B' counted

2018-06-09 17:26:47 - [TEST_STEP][PASSED] - Statement - For ([g = 1, g <= BatchNumber - 1, (g++)]): null

2018-06-09 17:26:47 - [TEST_STEP][PASSED] - selectOptionByIndex: All options with index in [1] are selected on object 'Object Repository/DispensaryToStore/Page_Store/select_--Select--BA1170BA2376B'

2018-06-09 17:26:47 - [MESSAGE][PASSED] - All options with index in [1] are selected on object 'Object Repository/DispensaryToStore/Page_Store/select_--Select--BA1170BA2376B'

2018-06-09 17:26:47 - [TEST_STEP][PASSED] - Statement - Try: null

2018-06-09 17:26:47 - [TEST_STEP][PASSED] - Statement - StockQty = com.kms.katalon.core.webui.keyword.WebUiBuiltInKeywords.getAttribute(com.kms.katalon.core.testobject.ObjectRepository.findTestObject(DispensaryToStore/Page_Store/input_txtprice), "value"): Attribute 'value' of object 'Object Repository/DispensaryToStore/Page_Store/input_txtprice' is: '340'

2018-06-09 17:26:47 - [MESSAGE][PASSED] - Attribute 'value' of object 'Object Repository/DispensaryToStore/Page_Store/input_txtprice' is: '340'

2018-06-09 17:26:47 - [TEST_STEP][PASSED] - Statement - out.println("Stock QTY : " + StockQty): null

2018-06-09 17:26:47 - [TEST_STEP][PASSED] - delay: Delayed 2 second(s)

2018-06-09 17:26:49 - [MESSAGE][PASSED] - Delayed 2 second(s)

2018-06-09 17:26:49 - [TEST_STEP][PASSED] - Statement - If (java.lang.String.valueOf(StockQty) >= java.lang.String.valueOf(RequestedQty)): null

2018-06-09 17:26:49 - [TEST_STEP][PASSED] - setText: Text '10' is set on object 'Object Repository/DispensaryToStore/Page_Store/input_txtqty'

2018-06-09 17:26:50 - [MESSAGE][PASSED] - Text '10' is set on object 'Object Repository/DispensaryToStore/Page_Store/input_txtqty'

2018-06-09 17:26:50 - [TEST_STEP][PASSED] - click: Object: 'Object Repository/DispensaryToStore/Page_Store/button_Add' is clicked on

2018-06-09 17:26:50 - [MESSAGE][PASSED] - Object: 'Object Repository/DispensaryToStore/Page_Store/button_Add' is clicked on

2018-06-09 17:26:50 - [TEST_STEP][PASSED] - Statement - Break: null

2018-06-09 17:26:50 - [TEST_STEP][PASSED] - selectOptionByIndex: All options with index in [45] are selected on object 'Object Repository/DispensaryToStore/Page_Store/select_--Select--Adernaline 0.'

2018-06-09 17:26:50 - [MESSAGE][PASSED] - All options with index in [45] are selected on object 'Object Repository/DispensaryToStore/Page_Store/select_--Select--Adernaline 0.'

2018-06-09 17:26:50 - [TEST_STEP][PASSED] - delay: Delayed 2 second(s)

2018-06-09 17:26:52 - [MESSAGE][PASSED] - Delayed 2 second(s)

2018-06-09 17:26:52 - [TEST_STEP][PASSED] - Statement - RequestedQty = com.kms.katalon.core.webui.keyword.WebUiBuiltInKeywords.getAttribute(com.kms.katalon.core.testobject.ObjectRepository.findTestObject(DispensaryToStore/Page_Store/input_txttotal), "value"): Attribute 'value' of object 'Object Repository/DispensaryToStore/Page_Store/input_txttotal' is: '10'

2018-06-09 17:26:52 - [MESSAGE][PASSED] - Attribute 'value' of object 'Object Repository/DispensaryToStore/Page_Store/input_txttotal' is: '10'

2018-06-09 17:26:52 - [TEST_STEP][PASSED] - Statement - out.println("Requested QTY : " + RequestedQty): null

2018-06-09 17:26:52 - [TEST_STEP][PASSED] - Statement - BatchNumber = com.kms.katalon.core.webui.keyword.WebUiBuiltInKeywords.getNumberOfTotalOption(com.kms.katalon.core.testobject.ObjectRepository.findTestObject(DispensaryToStore/Page_Store/select_--Select--BA1170BA2376B)): 3 options of object 'Object Repository/DispensaryToStore/Page_Store/select_--Select--BA1170BA2376B' counted

2018-06-09 17:26:52 - [MESSAGE][PASSED] - 3 options of object 'Object Repository/DispensaryToStore/Page_Store/select_--Select--BA1170BA2376B' counted

2018-06-09 17:26:52 - [TEST_STEP][PASSED] - Statement - For ([g = 1, g <= BatchNumber - 1, (g++)]): null

2018-06-09 17:26:52 - [TEST_STEP][PASSED] - selectOptionByIndex: All options with index in [1] are selected on object 'Object Repository/DispensaryToStore/Page_Store/select_--Select--BA1170BA2376B'

2018-06-09 17:26:52 - [MESSAGE][PASSED] - All options with index in [1] are selected on object 'Object Repository/DispensaryToStore/Page_Store/select_--Select--BA1170BA2376B'

2018-06-09 17:26:52 - [TEST_STEP][PASSED] - Statement - Try: null

2018-06-09 17:26:52 - [TEST_STEP][PASSED] - Statement - StockQty = com.kms.katalon.core.webui.keyword.WebUiBuiltInKeywords.getAttribute(com.kms.katalon.core.testobject.ObjectRepository.findTestObject(DispensaryToStore/Page_Store/input_txtprice), "value"): Attribute 'value' of object 'Object Repository/DispensaryToStore/Page_Store/input_txtprice' is: '180'

2018-06-09 17:26:52 - [MESSAGE][PASSED] - Attribute 'value' of object 'Object Repository/DispensaryToStore/Page_Store/input_txtprice' is: '180'

2018-06-09 17:26:52 - [TEST_STEP][PASSED] - Statement - out.println("Stock QTY : " + StockQty): null

2018-06-09 17:26:52 - [TEST_STEP][PASSED] - delay: Delayed 2 second(s)

2018-06-09 17:26:54 - [MESSAGE][PASSED] - Delayed 2 second(s)

2018-06-09 17:26:54 - [TEST_STEP][PASSED] - Statement - If (java.lang.String.valueOf(StockQty) >= java.lang.String.valueOf(RequestedQty)): null

2018-06-09 17:26:54 - [TEST_STEP][PASSED] - setText: Text '10' is set on object 'Object Repository/DispensaryToStore/Page_Store/input_txtqty'

2018-06-09 17:26:55 - [MESSAGE][PASSED] - Text '10' is set on object 'Object Repository/DispensaryToStore/Page_Store/input_txtqty'

2018-06-09 17:26:55 - [TEST_STEP][PASSED] - click: Object: 'Object Repository/DispensaryToStore/Page_Store/button_Add' is clicked on

2018-06-09 17:26:55 - [MESSAGE][PASSED] - Object: 'Object Repository/DispensaryToStore/Page_Store/button_Add' is clicked on

2018-06-09 17:26:55 - [TEST_STEP][PASSED] - Statement - Break: null

2018-06-09 17:26:55 - [TEST_STEP][PASSED] - selectOptionByIndex: All options with index in [46] are selected on object 'Object Repository/DispensaryToStore/Page_Store/select_--Select--Adernaline 0.'

2018-06-09 17:26:55 - [MESSAGE][PASSED] - All options with index in [46] are selected on object 'Object Repository/DispensaryToStore/Page_Store/select_--Select--Adernaline 0.'

2018-06-09 17:26:55 - [TEST_STEP][PASSED] - delay: Delayed 2 second(s)

2018-06-09 17:26:57 - [MESSAGE][PASSED] - Delayed 2 second(s)

2018-06-09 17:26:57 - [TEST_STEP][PASSED] - Statement - RequestedQty = com.kms.katalon.core.webui.keyword.WebUiBuiltInKeywords.getAttribute(com.kms.katalon.core.testobject.ObjectRepository.findTestObject(DispensaryToStore/Page_Store/input_txttotal), "value"): Attribute 'value' of object 'Object Repository/DispensaryToStore/Page_Store/input_txttotal' is: '10'

2018-06-09 17:26:57 - [MESSAGE][PASSED] - Attribute 'value' of object 'Object Repository/DispensaryToStore/Page_Store/input_txttotal' is: '10'

2018-06-09 17:26:57 - [TEST_STEP][PASSED] - Statement - out.println("Requested QTY : " + RequestedQty): null

2018-06-09 17:26:57 - [TEST_STEP][PASSED] - Statement - BatchNumber = com.kms.katalon.core.webui.keyword.WebUiBuiltInKeywords.getNumberOfTotalOption(com.kms.katalon.core.testobject.ObjectRepository.findTestObject(DispensaryToStore/Page_Store/select_--Select--BA1170BA2376B)): 3 options of object 'Object Repository/DispensaryToStore/Page_Store/select_--Select--BA1170BA2376B' counted

2018-06-09 17:26:57 - [MESSAGE][PASSED] - 3 options of object 'Object Repository/DispensaryToStore/Page_Store/select_--Select--BA1170BA2376B' counted

2018-06-09 17:26:57 - [TEST_STEP][PASSED] - Statement - For ([g = 1, g <= BatchNumber - 1, (g++)]): null

2018-06-09 17:26:57 - [TEST_STEP][PASSED] - selectOptionByIndex: All options with index in [1] are selected on object 'Object Repository/DispensaryToStore/Page_Store/select_--Select--BA1170BA2376B'

2018-06-09 17:26:57 - [MESSAGE][PASSED] - All options with index in [1] are selected on object 'Object Repository/DispensaryToStore/Page_Store/select_--Select--BA1170BA2376B'

2018-06-09 17:26:57 - [TEST_STEP][PASSED] - Statement - Try: null

2018-06-09 17:26:57 - [TEST_STEP][PASSED] - Statement - StockQty = com.kms.katalon.core.webui.keyword.WebUiBuiltInKeywords.getAttribute(com.kms.katalon.core.testobject.ObjectRepository.findTestObject(DispensaryToStore/Page_Store/input_txtprice), "value"): Attribute 'value' of object 'Object Repository/DispensaryToStore/Page_Store/input_txtprice' is: '180'

2018-06-09 17:26:57 - [MESSAGE][PASSED] - Attribute 'value' of object 'Object Repository/DispensaryToStore/Page_Store/input_txtprice' is: '180'

2018-06-09 17:26:57 - [TEST_STEP][PASSED] - Statement - out.println("Stock QTY : " + StockQty): null

2018-06-09 17:26:57 - [TEST_STEP][PASSED] - delay: Delayed 2 second(s)

2018-06-09 17:26:59 - [MESSAGE][PASSED] - Delayed 2 second(s)

2018-06-09 17:26:59 - [TEST_STEP][PASSED] - Statement - If (java.lang.String.valueOf(StockQty) >= java.lang.String.valueOf(RequestedQty)): null

2018-06-09 17:26:59 - [TEST_STEP][PASSED] - setText: Text '10' is set on object 'Object Repository/DispensaryToStore/Page_Store/input_txtqty'

2018-06-09 17:27:00 - [MESSAGE][PASSED] - Text '10' is set on object 'Object Repository/DispensaryToStore/Page_Store/input_txtqty'

2018-06-09 17:27:00 - [TEST_STEP][PASSED] - click: Object: 'Object Repository/DispensaryToStore/Page_Store/button_Add' is clicked on

2018-06-09 17:27:00 - [MESSAGE][PASSED] - Object: 'Object Repository/DispensaryToStore/Page_Store/button_Add' is clicked on

2018-06-09 17:27:00 - [TEST_STEP][PASSED] - Statement - Break: null

2018-06-09 17:27:00 - [TEST_STEP][PASSED] - selectOptionByIndex: All options with index in [47] are selected on object 'Object Repository/DispensaryToStore/Page_Store/select_--Select--Adernaline 0.'

2018-06-09 17:27:00 - [MESSAGE][PASSED] - All options with index in [47] are selected on object 'Object Repository/DispensaryToStore/Page_Store/select_--Select--Adernaline 0.'

2018-06-09 17:27:00 - [TEST_STEP][PASSED] - delay: Delayed 2 second(s)

2018-06-09 17:27:02 - [MESSAGE][PASSED] - Delayed 2 second(s)

2018-06-09 17:27:02 - [TEST_STEP][PASSED] - Statement - RequestedQty = com.kms.katalon.core.webui.keyword.WebUiBuiltInKeywords.getAttribute(com.kms.katalon.core.testobject.ObjectRepository.findTestObject(DispensaryToStore/Page_Store/input_txttotal), "value"): Attribute 'value' of object 'Object Repository/DispensaryToStore/Page_Store/input_txttotal' is: '10'

2018-06-09 17:27:02 - [MESSAGE][PASSED] - Attribute 'value' of object 'Object Repository/DispensaryToStore/Page_Store/input_txttotal' is: '10'

2018-06-09 17:27:02 - [TEST_STEP][PASSED] - Statement - out.println("Requested QTY : " + RequestedQty): null

2018-06-09 17:27:02 - [TEST_STEP][PASSED] - Statement - BatchNumber = com.kms.katalon.core.webui.keyword.WebUiBuiltInKeywords.getNumberOfTotalOption(com.kms.katalon.core.testobject.ObjectRepository.findTestObject(DispensaryToStore/Page_Store/select_--Select--BA1170BA2376B)): 3 options of object 'Object Repository/DispensaryToStore/Page_Store/select_--Select--BA1170BA2376B' counted

2018-06-09 17:27:02 - [MESSAGE][PASSED] - 3 options of object 'Object Repository/DispensaryToStore/Page_Store/select_--Select--BA1170BA2376B' counted

2018-06-09 17:27:02 - [TEST_STEP][PASSED] - Statement - For ([g = 1, g <= BatchNumber - 1, (g++)]): null

2018-06-09 17:27:02 - [TEST_STEP][PASSED] - selectOptionByIndex: All options with index in [1] are selected on object 'Object Repository/DispensaryToStore/Page_Store/select_--Select--BA1170BA2376B'

2018-06-09 17:27:02 - [MESSAGE][PASSED] - All options with index in [1] are selected on object 'Object Repository/DispensaryToStore/Page_Store/select_--Select--BA1170BA2376B'

2018-06-09 17:27:02 - [TEST_STEP][PASSED] - Statement - Try: null

2018-06-09 17:27:02 - [TEST_STEP][PASSED] - Statement - StockQty = com.kms.katalon.core.webui.keyword.WebUiBuiltInKeywords.getAttribute(com.kms.katalon.core.testobject.ObjectRepository.findTestObject(DispensaryToStore/Page_Store/input_txtprice), "value"): Attribute 'value' of object 'Object Repository/DispensaryToStore/Page_Store/input_txtprice' is: '340'

2018-06-09 17:27:02 - [MESSAGE][PASSED] - Attribute 'value' of object 'Object Repository/DispensaryToStore/Page_Store/input_txtprice' is: '340'

2018-06-09 17:27:02 - [TEST_STEP][PASSED] - Statement - out.println("Stock QTY : " + StockQty): null

2018-06-09 17:27:02 - [TEST_STEP][PASSED] - delay: Delayed 2 second(s)

2018-06-09 17:27:04 - [MESSAGE][PASSED] - Delayed 2 second(s)

2018-06-09 17:27:04 - [TEST_STEP][PASSED] - Statement - If (java.lang.String.valueOf(StockQty) >= java.lang.String.valueOf(RequestedQty)): null

2018-06-09 17:27:04 - [TEST_STEP][PASSED] - setText: Text '10' is set on object 'Object Repository/DispensaryToStore/Page_Store/input_txtqty'

2018-06-09 17:27:05 - [MESSAGE][PASSED] - Text '10' is set on object 'Object Repository/DispensaryToStore/Page_Store/input_txtqty'

2018-06-09 17:27:05 - [TEST_STEP][PASSED] - click: Object: 'Object Repository/DispensaryToStore/Page_Store/button_Add' is clicked on

2018-06-09 17:27:05 - [MESSAGE][PASSED] - Object: 'Object Repository/DispensaryToStore/Page_Store/button_Add' is clicked on

2018-06-09 17:27:05 - [TEST_STEP][PASSED] - Statement - Break: null

2018-06-09 17:27:05 - [TEST_STEP][PASSED] - selectOptionByIndex: All options with index in [48] are selected on object 'Object Repository/DispensaryToStore/Page_Store/select_--Select--Adernaline 0.'

2018-06-09 17:27:05 - [MESSAGE][PASSED] - All options with index in [48] are selected on object 'Object Repository/DispensaryToStore/Page_Store/select_--Select--Adernaline 0.'

2018-06-09 17:27:05 - [TEST_STEP][PASSED] - delay: Delayed 2 second(s)

2018-06-09 17:27:07 - [MESSAGE][PASSED] - Delayed 2 second(s)

2018-06-09 17:27:07 - [TEST_STEP][PASSED] - Statement - RequestedQty = com.kms.katalon.core.webui.keyword.WebUiBuiltInKeywords.getAttribute(com.kms.katalon.core.testobject.ObjectRepository.findTestObject(DispensaryToStore/Page_Store/input_txttotal), "value"): Attribute 'value' of object 'Object Repository/DispensaryToStore/Page_Store/input_txttotal' is: '10'

2018-06-09 17:27:07 - [MESSAGE][PASSED] - Attribute 'value' of object 'Object Repository/DispensaryToStore/Page_Store/input_txttotal' is: '10'

2018-06-09 17:27:07 - [TEST_STEP][PASSED] - Statement - out.println("Requested QTY : " + RequestedQty): null

2018-06-09 17:27:07 - [TEST_STEP][PASSED] - Statement - BatchNumber = com.kms.katalon.core.webui.keyword.WebUiBuiltInKeywords.getNumberOfTotalOption(com.kms.katalon.core.testobject.ObjectRepository.findTestObject(DispensaryToStore/Page_Store/select_--Select--BA1170BA2376B)): 3 options of object 'Object Repository/DispensaryToStore/Page_Store/select_--Select--BA1170BA2376B' counted

2018-06-09 17:27:07 - [MESSAGE][PASSED] - 3 options of object 'Object Repository/DispensaryToStore/Page_Store/select_--Select--BA1170BA2376B' counted

2018-06-09 17:27:07 - [TEST_STEP][PASSED] - Statement - For ([g = 1, g <= BatchNumber - 1, (g++)]): null

2018-06-09 17:27:07 - [TEST_STEP][PASSED] - selectOptionByIndex: All options with index in [1] are selected on object 'Object Repository/DispensaryToStore/Page_Store/select_--Select--BA1170BA2376B'

2018-06-09 17:27:08 - [MESSAGE][PASSED] - All options with index in [1] are selected on object 'Object Repository/DispensaryToStore/Page_Store/select_--Select--BA1170BA2376B'

2018-06-09 17:27:08 - [TEST_STEP][PASSED] - Statement - Try: null

2018-06-09 17:27:08 - [TEST_STEP][PASSED] - Statement - StockQty = com.kms.katalon.core.webui.keyword.WebUiBuiltInKeywords.getAttribute(com.kms.katalon.core.testobject.ObjectRepository.findTestObject(DispensaryToStore/Page_Store/input_txtprice), "value"): Attribute 'value' of object 'Object Repository/DispensaryToStore/Page_Store/input_txtprice' is: '400'

2018-06-09 17:27:08 - [MESSAGE][PASSED] - Attribute 'value' of object 'Object Repository/DispensaryToStore/Page_Store/input_txtprice' is: '400'

2018-06-09 17:27:08 - [TEST_STEP][PASSED] - Statement - out.println("Stock QTY : " + StockQty): null

2018-06-09 17:27:08 - [TEST_STEP][PASSED] - delay: Delayed 2 second(s)

2018-06-09 17:27:10 - [MESSAGE][PASSED] - Delayed 2 second(s)

2018-06-09 17:27:10 - [TEST_STEP][PASSED] - Statement - If (java.lang.String.valueOf(StockQty) >= java.lang.String.valueOf(RequestedQty)): null

2018-06-09 17:27:10 - [TEST_STEP][PASSED] - setText: Text '10' is set on object 'Object Repository/DispensaryToStore/Page_Store/input_txtqty'

2018-06-09 17:27:10 - [MESSAGE][PASSED] - Text '10' is set on object 'Object Repository/DispensaryToStore/Page_Store/input_txtqty'

2018-06-09 17:27:10 - [TEST_STEP][PASSED] - click: Object: 'Object Repository/DispensaryToStore/Page_Store/button_Add' is clicked on

2018-06-09 17:27:10 - [MESSAGE][PASSED] - Object: 'Object Repository/DispensaryToStore/Page_Store/button_Add' is clicked on

2018-06-09 17:27:10 - [TEST_STEP][PASSED] - Statement - Break: null

2018-06-09 17:27:10 - [TEST_STEP][PASSED] - selectOptionByIndex: All options with index in [49] are selected on object 'Object Repository/DispensaryToStore/Page_Store/select_--Select--Adernaline 0.'

2018-06-09 17:27:10 - [MESSAGE][PASSED] - All options with index in [49] are selected on object 'Object Repository/DispensaryToStore/Page_Store/select_--Select--Adernaline 0.'

2018-06-09 17:27:10 - [TEST_STEP][PASSED] - delay: Delayed 2 second(s)

2018-06-09 17:27:12 - [MESSAGE][PASSED] - Delayed 2 second(s)

2018-06-09 17:27:12 - [TEST_STEP][PASSED] - Statement - RequestedQty = com.kms.katalon.core.webui.keyword.WebUiBuiltInKeywords.getAttribute(com.kms.katalon.core.testobject.ObjectRepository.findTestObject(DispensaryToStore/Page_Store/input_txttotal), "value"): Attribute 'value' of object 'Object Repository/DispensaryToStore/Page_Store/input_txttotal' is: '10'

2018-06-09 17:27:12 - [MESSAGE][PASSED] - Attribute 'value' of object 'Object Repository/DispensaryToStore/Page_Store/input_txttotal' is: '10'

2018-06-09 17:27:12 - [TEST_STEP][PASSED] - Statement - out.println("Requested QTY : " + RequestedQty): null

2018-06-09 17:27:12 - [TEST_STEP][PASSED] - Statement - BatchNumber = com.kms.katalon.core.webui.keyword.WebUiBuiltInKeywords.getNumberOfTotalOption(com.kms.katalon.core.testobject.ObjectRepository.findTestObject(DispensaryToStore/Page_Store/select_--Select--BA1170BA2376B)): 3 options of object 'Object Repository/DispensaryToStore/Page_Store/select_--Select--BA1170BA2376B' counted

2018-06-09 17:27:12 - [MESSAGE][PASSED] - 3 options of object 'Object Repository/DispensaryToStore/Page_Store/select_--Select--BA1170BA2376B' counted

2018-06-09 17:27:12 - [TEST_STEP][FAILED] - Statement - For ([g = 1, g <= BatchNumber - 1, (g++)]): null

2018-06-09 17:27:12 - [TEST_STEP][PASSED] - selectOptionByIndex: All options with index in [1] are selected on object 'Object Repository/DispensaryToStore/Page_Store/select_--Select--BA1170BA2376B'

2018-06-09 17:27:13 - [MESSAGE][PASSED] - All options with index in [1] are selected on object 'Object Repository/DispensaryToStore/Page_Store/select_--Select--BA1170BA2376B'

2018-06-09 17:27:13 - [TEST_STEP][FAILED] - Statement - Try: Unable to set text '10' of object 'Object Repository/DispensaryToStore/Page_Store/input_txtqty' (Root cause: org.openqa.selenium.WebDriverException: unknown error: cannot focus element
  (Session info: chrome=66.0.3359.181)
  (Driver info: chromedriver=2.35.528161 (5b82f2d2aae0ca24b877009200ced9065a772e73),platform=Windows NT 10.0.17134 x86_64) (WARNING: The server did not provide any stacktrace information)
Command duration or timeout: 0 milliseconds
Build info: version: '3.7.1', revision: '8a0099a', time: '2017-11-06T21:07:36.161Z'
System info: host: 'DESKTOP-BLFTK83', ip: '169.254.189.85', os.name: 'Windows 10', os.arch: 'amd64', os.version: '10.0', java.version: '1.8.0_102'
Driver info: com.kms.katalon.selenium.driver.CChromeDriver
Capabilities {acceptInsecureCerts: false, acceptSslCerts: false, applicationCacheEnabled: false, browserConnectionEnabled: false, browserName: chrome, chrome: {chromedriverVersion: 2.35.528161 (5b82f2d2aae0ca..., userDataDir: C:\Users\QUALIT~1\AppData\L...}, cssSelectorsEnabled: true, databaseEnabled: false, handlesAlerts: true, hasTouchScreen: false, javascriptEnabled: true, locationContextEnabled: true, mobileEmulationEnabled: false, nativeEvents: true, networkConnectionEnabled: false, pageLoadStrategy: normal, platform: XP, platformName: XP, rotatable: false, setWindowRect: true, takesHeapSnapshot: true, takesScreenshot: true, unexpectedAlertBehaviour: , unhandledPromptBehavior: , version: 66.0.3359.181, webStorageEnabled: true}
Session ID: a43180cb4afc44c277f9e69071ea2571)

2018-06-09 17:27:13 - [TEST_STEP][PASSED] - Statement - StockQty = com.kms.katalon.core.webui.keyword.WebUiBuiltInKeywords.getAttribute(com.kms.katalon.core.testobject.ObjectRepository.findTestObject(DispensaryToStore/Page_Store/input_txtprice), "value"): Attribute 'value' of object 'Object Repository/DispensaryToStore/Page_Store/input_txtprice' is: '200'

2018-06-09 17:27:13 - [MESSAGE][PASSED] - Attribute 'value' of object 'Object Repository/DispensaryToStore/Page_Store/input_txtprice' is: '200'

2018-06-09 17:27:13 - [TEST_STEP][PASSED] - Statement - out.println("Stock QTY : " + StockQty): null

2018-06-09 17:27:13 - [TEST_STEP][PASSED] - delay: Delayed 2 second(s)

2018-06-09 17:27:15 - [MESSAGE][PASSED] - Delayed 2 second(s)

2018-06-09 17:27:15 - [TEST_STEP][FAILED] - Statement - If (java.lang.String.valueOf(StockQty) >= java.lang.String.valueOf(RequestedQty)): Unable to set text '10' of object 'Object Repository/DispensaryToStore/Page_Store/input_txtqty' (Root cause: org.openqa.selenium.WebDriverException: unknown error: cannot focus element
  (Session info: chrome=66.0.3359.181)
  (Driver info: chromedriver=2.35.528161 (5b82f2d2aae0ca24b877009200ced9065a772e73),platform=Windows NT 10.0.17134 x86_64) (WARNING: The server did not provide any stacktrace information)
Command duration or timeout: 0 milliseconds
Build info: version: '3.7.1', revision: '8a0099a', time: '2017-11-06T21:07:36.161Z'
System info: host: 'DESKTOP-BLFTK83', ip: '169.254.189.85', os.name: 'Windows 10', os.arch: 'amd64', os.version: '10.0', java.version: '1.8.0_102'
Driver info: com.kms.katalon.selenium.driver.CChromeDriver
Capabilities {acceptInsecureCerts: false, acceptSslCerts: false, applicationCacheEnabled: false, browserConnectionEnabled: false, browserName: chrome, chrome: {chromedriverVersion: 2.35.528161 (5b82f2d2aae0ca..., userDataDir: C:\Users\QUALIT~1\AppData\L...}, cssSelectorsEnabled: true, databaseEnabled: false, handlesAlerts: true, hasTouchScreen: false, javascriptEnabled: true, locationContextEnabled: true, mobileEmulationEnabled: false, nativeEvents: true, networkConnectionEnabled: false, pageLoadStrategy: normal, platform: XP, platformName: XP, rotatable: false, setWindowRect: true, takesHeapSnapshot: true, takesScreenshot: true, unexpectedAlertBehaviour: , unhandledPromptBehavior: , version: 66.0.3359.181, webStorageEnabled: true}
Session ID: a43180cb4afc44c277f9e69071ea2571)

2018-06-09 17:27:15 - [TEST_STEP][FAILED] - setText: Unable to set text '10' of object 'Object Repository/DispensaryToStore/Page_Store/input_txtqty' (Root cause: org.openqa.selenium.WebDriverException: unknown error: cannot focus element
  (Session info: chrome=66.0.3359.181)
  (Driver info: chromedriver=2.35.528161 (5b82f2d2aae0ca24b877009200ced9065a772e73),platform=Windows NT 10.0.17134 x86_64) (WARNING: The server did not provide any stacktrace information)
Command duration or timeout: 0 milliseconds
Build info: version: '3.7.1', revision: '8a0099a', time: '2017-11-06T21:07:36.161Z'
System info: host: 'DESKTOP-BLFTK83', ip: '169.254.189.85', os.name: 'Windows 10', os.arch: 'amd64', os.version: '10.0', java.version: '1.8.0_102'
Driver info: com.kms.katalon.selenium.driver.CChromeDriver
Capabilities {acceptInsecureCerts: false, acceptSslCerts: false, applicationCacheEnabled: false, browserConnectionEnabled: false, browserName: chrome, chrome: {chromedriverVersion: 2.35.528161 (5b82f2d2aae0ca..., userDataDir: C:\Users\QUALIT~1\AppData\L...}, cssSelectorsEnabled: true, databaseEnabled: false, handlesAlerts: true, hasTouchScreen: false, javascriptEnabled: true, locationContextEnabled: true, mobileEmulationEnabled: false, nativeEvents: true, networkConnectionEnabled: false, pageLoadStrategy: normal, platform: XP, platformName: XP, rotatable: false, setWindowRect: true, takesHeapSnapshot: true, takesScreenshot: true, unexpectedAlertBehaviour: , unhandledPromptBehavior: , version: 66.0.3359.181, webStorageEnabled: true}
Session ID: a43180cb4afc44c277f9e69071ea2571)

2018-06-09 17:27:15 - [MESSAGE][FAILED] - Unable to set text '10' of object 'Object Repository/DispensaryToStore/Page_Store/input_txtqty' (Root cause: org.openqa.selenium.WebDriverException: unknown error: cannot focus element
  (Session info: chrome=66.0.3359.181)
  (Driver info: chromedriver=2.35.528161 (5b82f2d2aae0ca24b877009200ced9065a772e73),platform=Windows NT 10.0.17134 x86_64) (WARNING: The server did not provide any stacktrace information)
Command duration or timeout: 0 milliseconds
Build info: version: '3.7.1', revision: '8a0099a', time: '2017-11-06T21:07:36.161Z'
System info: host: 'DESKTOP-BLFTK83', ip: '169.254.189.85', os.name: 'Windows 10', os.arch: 'amd64', os.version: '10.0', java.version: '1.8.0_102'
Driver info: com.kms.katalon.selenium.driver.CChromeDriver
Capabilities {acceptInsecureCerts: false, acceptSslCerts: false, applicationCacheEnabled: false, browserConnectionEnabled: false, browserName: chrome, chrome: {chromedriverVersion: 2.35.528161 (5b82f2d2aae0ca..., userDataDir: C:\Users\QUALIT~1\AppData\L...}, cssSelectorsEnabled: true, databaseEnabled: false, handlesAlerts: true, hasTouchScreen: false, javascriptEnabled: true, locationContextEnabled: true, mobileEmulationEnabled: false, nativeEvents: true, networkConnectionEnabled: false, pageLoadStrategy: normal, platform: XP, platformName: XP, rotatable: false, setWindowRect: true, takesHeapSnapshot: true, takesScreenshot: true, unexpectedAlertBehaviour: , unhandledPromptBehavior: , version: 66.0.3359.181, webStorageEnabled: true}
Session ID: a43180cb4afc44c277f9e69071ea2571)
[[ATTACHMENT|C:\\Users\\Quality Analyst\\Katalon Studio\\ds\\Reports\\Dispensary_Store_Suite\\20180609_163001\\1528545435256.png]]

2018-06-09 17:27:15 - [TEST_STEP][PASSED] - Statement - Catch (Exception e): null

2018-06-09 17:27:15 - [TEST_STEP][PASSED] - click: Object: 'Object Repository/DispensaryToStore/Page_Store/button_OK' is clicked on

2018-06-09 17:27:15 - [MESSAGE][PASSED] - Object: 'Object Repository/DispensaryToStore/Page_Store/button_OK' is clicked on

2018-06-09 17:27:15 - [TEST_STEP][PASSED] - Statement - <not implemented yet for class: org.codehaus.groovy.ast.stmt.ContinueStatement>: null

2018-06-09 17:27:15 - [TEST_STEP][PASSED] - selectOptionByIndex: All options with index in [2] are selected on object 'Object Repository/DispensaryToStore/Page_Store/select_--Select--BA1170BA2376B'

2018-06-09 17:27:16 - [MESSAGE][PASSED] - All options with index in [2] are selected on object 'Object Repository/DispensaryToStore/Page_Store/select_--Select--BA1170BA2376B'

2018-06-09 17:27:16 - [TEST_STEP][PASSED] - Statement - Try: null

2018-06-09 17:27:16 - [TEST_STEP][PASSED] - Statement - StockQty = com.kms.katalon.core.webui.keyword.WebUiBuiltInKeywords.getAttribute(com.kms.katalon.core.testobject.ObjectRepository.findTestObject(DispensaryToStore/Page_Store/input_txtprice), "value"): Attribute 'value' of object 'Object Repository/DispensaryToStore/Page_Store/input_txtprice' is: '170'

2018-06-09 17:27:16 - [MESSAGE][PASSED] - Attribute 'value' of object 'Object Repository/DispensaryToStore/Page_Store/input_txtprice' is: '170'

2018-06-09 17:27:16 - [TEST_STEP][PASSED] - Statement - out.println("Stock QTY : " + StockQty): null

2018-06-09 17:27:16 - [TEST_STEP][PASSED] - delay: Delayed 2 second(s)

2018-06-09 17:27:18 - [MESSAGE][PASSED] - Delayed 2 second(s)

2018-06-09 17:27:18 - [TEST_STEP][PASSED] - Statement - If (java.lang.String.valueOf(StockQty) >= java.lang.String.valueOf(RequestedQty)): null

2018-06-09 17:27:18 - [TEST_STEP][PASSED] - setText: Text '10' is set on object 'Object Repository/DispensaryToStore/Page_Store/input_txtqty'

2018-06-09 17:27:18 - [MESSAGE][PASSED] - Text '10' is set on object 'Object Repository/DispensaryToStore/Page_Store/input_txtqty'

2018-06-09 17:27:18 - [TEST_STEP][PASSED] - click: Object: 'Object Repository/DispensaryToStore/Page_Store/button_Add' is clicked on

2018-06-09 17:27:18 - [MESSAGE][PASSED] - Object: 'Object Repository/DispensaryToStore/Page_Store/button_Add' is clicked on

2018-06-09 17:27:18 - [TEST_STEP][PASSED] - Statement - Break: null

2018-06-09 17:27:18 - [TEST_STEP][PASSED] - selectOptionByIndex: All options with index in [50] are selected on object 'Object Repository/DispensaryToStore/Page_Store/select_--Select--Adernaline 0.'

2018-06-09 17:27:18 - [MESSAGE][PASSED] - All options with index in [50] are selected on object 'Object Repository/DispensaryToStore/Page_Store/select_--Select--Adernaline 0.'

2018-06-09 17:27:18 - [TEST_STEP][PASSED] - delay: Delayed 2 second(s)

2018-06-09 17:27:20 - [MESSAGE][PASSED] - Delayed 2 second(s)

2018-06-09 17:27:20 - [TEST_STEP][PASSED] - Statement - RequestedQty = com.kms.katalon.core.webui.keyword.WebUiBuiltInKeywords.getAttribute(com.kms.katalon.core.testobject.ObjectRepository.findTestObject(DispensaryToStore/Page_Store/input_txttotal), "value"): Attribute 'value' of object 'Object Repository/DispensaryToStore/Page_Store/input_txttotal' is: '10'

2018-06-09 17:27:20 - [MESSAGE][PASSED] - Attribute 'value' of object 'Object Repository/DispensaryToStore/Page_Store/input_txttotal' is: '10'

2018-06-09 17:27:20 - [TEST_STEP][PASSED] - Statement - out.println("Requested QTY : " + RequestedQty): null

2018-06-09 17:27:20 - [TEST_STEP][PASSED] - Statement - BatchNumber = com.kms.katalon.core.webui.keyword.WebUiBuiltInKeywords.getNumberOfTotalOption(com.kms.katalon.core.testobject.ObjectRepository.findTestObject(DispensaryToStore/Page_Store/select_--Select--BA1170BA2376B)): 3 options of object 'Object Repository/DispensaryToStore/Page_Store/select_--Select--BA1170BA2376B' counted

2018-06-09 17:27:21 - [MESSAGE][PASSED] - 3 options of object 'Object Repository/DispensaryToStore/Page_Store/select_--Select--BA1170BA2376B' counted

2018-06-09 17:27:21 - [TEST_STEP][PASSED] - Statement - For ([g = 1, g <= BatchNumber - 1, (g++)]): null

2018-06-09 17:27:21 - [TEST_STEP][PASSED] - selectOptionByIndex: All options with index in [1] are selected on object 'Object Repository/DispensaryToStore/Page_Store/select_--Select--BA1170BA2376B'

2018-06-09 17:27:21 - [MESSAGE][PASSED] - All options with index in [1] are selected on object 'Object Repository/DispensaryToStore/Page_Store/select_--Select--BA1170BA2376B'

2018-06-09 17:27:21 - [TEST_STEP][PASSED] - Statement - Try: null

2018-06-09 17:27:21 - [TEST_STEP][PASSED] - Statement - StockQty = com.kms.katalon.core.webui.keyword.WebUiBuiltInKeywords.getAttribute(com.kms.katalon.core.testobject.ObjectRepository.findTestObject(DispensaryToStore/Page_Store/input_txtprice), "value"): Attribute 'value' of object 'Object Repository/DispensaryToStore/Page_Store/input_txtprice' is: '180'

2018-06-09 17:27:21 - [MESSAGE][PASSED] - Attribute 'value' of object 'Object Repository/DispensaryToStore/Page_Store/input_txtprice' is: '180'

2018-06-09 17:27:21 - [TEST_STEP][PASSED] - Statement - out.println("Stock QTY : " + StockQty): null

2018-06-09 17:27:21 - [TEST_STEP][PASSED] - delay: Delayed 2 second(s)

2018-06-09 17:27:23 - [MESSAGE][PASSED] - Delayed 2 second(s)

2018-06-09 17:27:23 - [TEST_STEP][PASSED] - Statement - If (java.lang.String.valueOf(StockQty) >= java.lang.String.valueOf(RequestedQty)): null

2018-06-09 17:27:23 - [TEST_STEP][PASSED] - setText: Text '10' is set on object 'Object Repository/DispensaryToStore/Page_Store/input_txtqty'

2018-06-09 17:27:23 - [MESSAGE][PASSED] - Text '10' is set on object 'Object Repository/DispensaryToStore/Page_Store/input_txtqty'

2018-06-09 17:27:23 - [TEST_STEP][PASSED] - click: Object: 'Object Repository/DispensaryToStore/Page_Store/button_Add' is clicked on

2018-06-09 17:27:23 - [MESSAGE][PASSED] - Object: 'Object Repository/DispensaryToStore/Page_Store/button_Add' is clicked on

2018-06-09 17:27:23 - [TEST_STEP][PASSED] - Statement - Break: null

2018-06-09 17:27:23 - [TEST_STEP][PASSED] - selectOptionByIndex: All options with index in [51] are selected on object 'Object Repository/DispensaryToStore/Page_Store/select_--Select--Adernaline 0.'

2018-06-09 17:27:24 - [MESSAGE][PASSED] - All options with index in [51] are selected on object 'Object Repository/DispensaryToStore/Page_Store/select_--Select--Adernaline 0.'

2018-06-09 17:27:24 - [TEST_STEP][PASSED] - delay: Delayed 2 second(s)

2018-06-09 17:27:26 - [MESSAGE][PASSED] - Delayed 2 second(s)

2018-06-09 17:27:26 - [TEST_STEP][PASSED] - Statement - RequestedQty = com.kms.katalon.core.webui.keyword.WebUiBuiltInKeywords.getAttribute(com.kms.katalon.core.testobject.ObjectRepository.findTestObject(DispensaryToStore/Page_Store/input_txttotal), "value"): Attribute 'value' of object 'Object Repository/DispensaryToStore/Page_Store/input_txttotal' is: '10'

2018-06-09 17:27:26 - [MESSAGE][PASSED] - Attribute 'value' of object 'Object Repository/DispensaryToStore/Page_Store/input_txttotal' is: '10'

2018-06-09 17:27:26 - [TEST_STEP][PASSED] - Statement - out.println("Requested QTY : " + RequestedQty): null

2018-06-09 17:27:26 - [TEST_STEP][PASSED] - Statement - BatchNumber = com.kms.katalon.core.webui.keyword.WebUiBuiltInKeywords.getNumberOfTotalOption(com.kms.katalon.core.testobject.ObjectRepository.findTestObject(DispensaryToStore/Page_Store/select_--Select--BA1170BA2376B)): 3 options of object 'Object Repository/DispensaryToStore/Page_Store/select_--Select--BA1170BA2376B' counted

2018-06-09 17:27:26 - [MESSAGE][PASSED] - 3 options of object 'Object Repository/DispensaryToStore/Page_Store/select_--Select--BA1170BA2376B' counted

2018-06-09 17:27:26 - [TEST_STEP][PASSED] - Statement - For ([g = 1, g <= BatchNumber - 1, (g++)]): null

2018-06-09 17:27:26 - [TEST_STEP][PASSED] - selectOptionByIndex: All options with index in [1] are selected on object 'Object Repository/DispensaryToStore/Page_Store/select_--Select--BA1170BA2376B'

2018-06-09 17:27:26 - [MESSAGE][PASSED] - All options with index in [1] are selected on object 'Object Repository/DispensaryToStore/Page_Store/select_--Select--BA1170BA2376B'

2018-06-09 17:27:26 - [TEST_STEP][PASSED] - Statement - Try: null

2018-06-09 17:27:26 - [TEST_STEP][PASSED] - Statement - StockQty = com.kms.katalon.core.webui.keyword.WebUiBuiltInKeywords.getAttribute(com.kms.katalon.core.testobject.ObjectRepository.findTestObject(DispensaryToStore/Page_Store/input_txtprice), "value"): Attribute 'value' of object 'Object Repository/DispensaryToStore/Page_Store/input_txtprice' is: '140'

2018-06-09 17:27:26 - [MESSAGE][PASSED] - Attribute 'value' of object 'Object Repository/DispensaryToStore/Page_Store/input_txtprice' is: '140'

2018-06-09 17:27:26 - [TEST_STEP][PASSED] - Statement - out.println("Stock QTY : " + StockQty): null

2018-06-09 17:27:26 - [TEST_STEP][PASSED] - delay: Delayed 2 second(s)

2018-06-09 17:27:28 - [MESSAGE][PASSED] - Delayed 2 second(s)

2018-06-09 17:27:28 - [TEST_STEP][PASSED] - Statement - If (java.lang.String.valueOf(StockQty) >= java.lang.String.valueOf(RequestedQty)): null

2018-06-09 17:27:28 - [TEST_STEP][PASSED] - setText: Text '10' is set on object 'Object Repository/DispensaryToStore/Page_Store/input_txtqty'

2018-06-09 17:27:28 - [MESSAGE][PASSED] - Text '10' is set on object 'Object Repository/DispensaryToStore/Page_Store/input_txtqty'

2018-06-09 17:27:28 - [TEST_STEP][PASSED] - click: Object: 'Object Repository/DispensaryToStore/Page_Store/button_Add' is clicked on

2018-06-09 17:27:28 - [MESSAGE][PASSED] - Object: 'Object Repository/DispensaryToStore/Page_Store/button_Add' is clicked on

2018-06-09 17:27:28 - [TEST_STEP][PASSED] - Statement - Break: null

2018-06-09 17:27:28 - [TEST_STEP][PASSED] - selectOptionByIndex: All options with index in [52] are selected on object 'Object Repository/DispensaryToStore/Page_Store/select_--Select--Adernaline 0.'

2018-06-09 17:27:29 - [MESSAGE][PASSED] - All options with index in [52] are selected on object 'Object Repository/DispensaryToStore/Page_Store/select_--Select--Adernaline 0.'

2018-06-09 17:27:29 - [TEST_STEP][PASSED] - delay: Delayed 2 second(s)

2018-06-09 17:27:31 - [MESSAGE][PASSED] - Delayed 2 second(s)

2018-06-09 17:27:31 - [TEST_STEP][PASSED] - Statement - RequestedQty = com.kms.katalon.core.webui.keyword.WebUiBuiltInKeywords.getAttribute(com.kms.katalon.core.testobject.ObjectRepository.findTestObject(DispensaryToStore/Page_Store/input_txttotal), "value"): Attribute 'value' of object 'Object Repository/DispensaryToStore/Page_Store/input_txttotal' is: '10'

2018-06-09 17:27:31 - [MESSAGE][PASSED] - Attribute 'value' of object 'Object Repository/DispensaryToStore/Page_Store/input_txttotal' is: '10'

2018-06-09 17:27:31 - [TEST_STEP][PASSED] - Statement - out.println("Requested QTY : " + RequestedQty): null

2018-06-09 17:27:31 - [TEST_STEP][PASSED] - Statement - BatchNumber = com.kms.katalon.core.webui.keyword.WebUiBuiltInKeywords.getNumberOfTotalOption(com.kms.katalon.core.testobject.ObjectRepository.findTestObject(DispensaryToStore/Page_Store/select_--Select--BA1170BA2376B)): 3 options of object 'Object Repository/DispensaryToStore/Page_Store/select_--Select--BA1170BA2376B' counted

2018-06-09 17:27:31 - [MESSAGE][PASSED] - 3 options of object 'Object Repository/DispensaryToStore/Page_Store/select_--Select--BA1170BA2376B' counted

2018-06-09 17:27:31 - [TEST_STEP][PASSED] - Statement - For ([g = 1, g <= BatchNumber - 1, (g++)]): null

2018-06-09 17:27:31 - [TEST_STEP][PASSED] - selectOptionByIndex: All options with index in [1] are selected on object 'Object Repository/DispensaryToStore/Page_Store/select_--Select--BA1170BA2376B'

2018-06-09 17:27:31 - [MESSAGE][PASSED] - All options with index in [1] are selected on object 'Object Repository/DispensaryToStore/Page_Store/select_--Select--BA1170BA2376B'

2018-06-09 17:27:31 - [TEST_STEP][PASSED] - Statement - Try: null

2018-06-09 17:27:31 - [TEST_STEP][PASSED] - Statement - StockQty = com.kms.katalon.core.webui.keyword.WebUiBuiltInKeywords.getAttribute(com.kms.katalon.core.testobject.ObjectRepository.findTestObject(DispensaryToStore/Page_Store/input_txtprice), "value"): Attribute 'value' of object 'Object Repository/DispensaryToStore/Page_Store/input_txtprice' is: '180'

2018-06-09 17:27:31 - [MESSAGE][PASSED] - Attribute 'value' of object 'Object Repository/DispensaryToStore/Page_Store/input_txtprice' is: '180'

2018-06-09 17:27:31 - [TEST_STEP][PASSED] - Statement - out.println("Stock QTY : " + StockQty): null

2018-06-09 17:27:31 - [TEST_STEP][PASSED] - delay: Delayed 2 second(s)

2018-06-09 17:27:33 - [MESSAGE][PASSED] - Delayed 2 second(s)

2018-06-09 17:27:33 - [TEST_STEP][PASSED] - Statement - If (java.lang.String.valueOf(StockQty) >= java.lang.String.valueOf(RequestedQty)): null

2018-06-09 17:27:33 - [TEST_STEP][PASSED] - setText: Text '10' is set on object 'Object Repository/DispensaryToStore/Page_Store/input_txtqty'

2018-06-09 17:27:33 - [MESSAGE][PASSED] - Text '10' is set on object 'Object Repository/DispensaryToStore/Page_Store/input_txtqty'

2018-06-09 17:27:33 - [TEST_STEP][PASSED] - click: Object: 'Object Repository/DispensaryToStore/Page_Store/button_Add' is clicked on

2018-06-09 17:27:33 - [MESSAGE][PASSED] - Object: 'Object Repository/DispensaryToStore/Page_Store/button_Add' is clicked on

2018-06-09 17:27:33 - [TEST_STEP][PASSED] - Statement - Break: null

2018-06-09 17:27:33 - [TEST_STEP][PASSED] - selectOptionByIndex: All options with index in [53] are selected on object 'Object Repository/DispensaryToStore/Page_Store/select_--Select--Adernaline 0.'

2018-06-09 17:27:34 - [MESSAGE][PASSED] - All options with index in [53] are selected on object 'Object Repository/DispensaryToStore/Page_Store/select_--Select--Adernaline 0.'

2018-06-09 17:27:34 - [TEST_STEP][PASSED] - delay: Delayed 2 second(s)

2018-06-09 17:27:36 - [MESSAGE][PASSED] - Delayed 2 second(s)

2018-06-09 17:27:36 - [TEST_STEP][PASSED] - Statement - RequestedQty = com.kms.katalon.core.webui.keyword.WebUiBuiltInKeywords.getAttribute(com.kms.katalon.core.testobject.ObjectRepository.findTestObject(DispensaryToStore/Page_Store/input_txttotal), "value"): Attribute 'value' of object 'Object Repository/DispensaryToStore/Page_Store/input_txttotal' is: '10'

2018-06-09 17:27:36 - [MESSAGE][PASSED] - Attribute 'value' of object 'Object Repository/DispensaryToStore/Page_Store/input_txttotal' is: '10'

2018-06-09 17:27:36 - [TEST_STEP][PASSED] - Statement - out.println("Requested QTY : " + RequestedQty): null

2018-06-09 17:27:36 - [TEST_STEP][PASSED] - Statement - BatchNumber = com.kms.katalon.core.webui.keyword.WebUiBuiltInKeywords.getNumberOfTotalOption(com.kms.katalon.core.testobject.ObjectRepository.findTestObject(DispensaryToStore/Page_Store/select_--Select--BA1170BA2376B)): 3 options of object 'Object Repository/DispensaryToStore/Page_Store/select_--Select--BA1170BA2376B' counted

2018-06-09 17:27:36 - [MESSAGE][PASSED] - 3 options of object 'Object Repository/DispensaryToStore/Page_Store/select_--Select--BA1170BA2376B' counted

2018-06-09 17:27:36 - [TEST_STEP][PASSED] - Statement - For ([g = 1, g <= BatchNumber - 1, (g++)]): null

2018-06-09 17:27:36 - [TEST_STEP][PASSED] - selectOptionByIndex: All options with index in [1] are selected on object 'Object Repository/DispensaryToStore/Page_Store/select_--Select--BA1170BA2376B'

2018-06-09 17:27:36 - [MESSAGE][PASSED] - All options with index in [1] are selected on object 'Object Repository/DispensaryToStore/Page_Store/select_--Select--BA1170BA2376B'

2018-06-09 17:27:36 - [TEST_STEP][PASSED] - Statement - Try: null

2018-06-09 17:27:36 - [TEST_STEP][PASSED] - Statement - StockQty = com.kms.katalon.core.webui.keyword.WebUiBuiltInKeywords.getAttribute(com.kms.katalon.core.testobject.ObjectRepository.findTestObject(DispensaryToStore/Page_Store/input_txtprice), "value"): Attribute 'value' of object 'Object Repository/DispensaryToStore/Page_Store/input_txtprice' is: ''

2018-06-09 17:27:36 - [MESSAGE][PASSED] - Attribute 'value' of object 'Object Repository/DispensaryToStore/Page_Store/input_txtprice' is: ''

2018-06-09 17:27:36 - [TEST_STEP][PASSED] - Statement - out.println("Stock QTY : " + StockQty): null

2018-06-09 17:27:36 - [TEST_STEP][PASSED] - delay: Delayed 2 second(s)

2018-06-09 17:27:38 - [MESSAGE][PASSED] - Delayed 2 second(s)

2018-06-09 17:27:38 - [TEST_STEP][PASSED] - Statement - If (java.lang.String.valueOf(StockQty) >= java.lang.String.valueOf(RequestedQty)): null

2018-06-09 17:27:38 - [TEST_STEP][PASSED] - Statement - Else: null

2018-06-09 17:27:38 - [TEST_STEP][PASSED] - Statement - out.println("Stock Is Less Than Requested Qty"): null

2018-06-09 17:27:38 - [TEST_STEP][PASSED] - selectOptionByIndex: All options with index in [2] are selected on object 'Object Repository/DispensaryToStore/Page_Store/select_--Select--BA1170BA2376B'

2018-06-09 17:27:38 - [MESSAGE][PASSED] - All options with index in [2] are selected on object 'Object Repository/DispensaryToStore/Page_Store/select_--Select--BA1170BA2376B'

2018-06-09 17:27:38 - [TEST_STEP][PASSED] - Statement - Try: null

2018-06-09 17:27:38 - [TEST_STEP][PASSED] - Statement - StockQty = com.kms.katalon.core.webui.keyword.WebUiBuiltInKeywords.getAttribute(com.kms.katalon.core.testobject.ObjectRepository.findTestObject(DispensaryToStore/Page_Store/input_txtprice), "value"): Attribute 'value' of object 'Object Repository/DispensaryToStore/Page_Store/input_txtprice' is: '200'

2018-06-09 17:27:38 - [MESSAGE][PASSED] - Attribute 'value' of object 'Object Repository/DispensaryToStore/Page_Store/input_txtprice' is: '200'

2018-06-09 17:27:38 - [TEST_STEP][PASSED] - Statement - out.println("Stock QTY : " + StockQty): null

2018-06-09 17:27:38 - [TEST_STEP][PASSED] - delay: Delayed 2 second(s)

2018-06-09 17:27:40 - [MESSAGE][PASSED] - Delayed 2 second(s)

2018-06-09 17:27:40 - [TEST_STEP][PASSED] - Statement - If (java.lang.String.valueOf(StockQty) >= java.lang.String.valueOf(RequestedQty)): null

2018-06-09 17:27:40 - [TEST_STEP][PASSED] - setText: Text '10' is set on object 'Object Repository/DispensaryToStore/Page_Store/input_txtqty'

2018-06-09 17:27:40 - [MESSAGE][PASSED] - Text '10' is set on object 'Object Repository/DispensaryToStore/Page_Store/input_txtqty'

2018-06-09 17:27:40 - [TEST_STEP][PASSED] - click: Object: 'Object Repository/DispensaryToStore/Page_Store/button_Add' is clicked on

2018-06-09 17:27:40 - [MESSAGE][PASSED] - Object: 'Object Repository/DispensaryToStore/Page_Store/button_Add' is clicked on

2018-06-09 17:27:40 - [TEST_STEP][PASSED] - Statement - Break: null

2018-06-09 17:27:40 - [TEST_STEP][PASSED] - selectOptionByIndex: All options with index in [54] are selected on object 'Object Repository/DispensaryToStore/Page_Store/select_--Select--Adernaline 0.'

2018-06-09 17:27:41 - [MESSAGE][PASSED] - All options with index in [54] are selected on object 'Object Repository/DispensaryToStore/Page_Store/select_--Select--Adernaline 0.'

2018-06-09 17:27:41 - [TEST_STEP][PASSED] - delay: Delayed 2 second(s)

2018-06-09 17:27:43 - [MESSAGE][PASSED] - Delayed 2 second(s)

2018-06-09 17:27:43 - [TEST_STEP][PASSED] - Statement - RequestedQty = com.kms.katalon.core.webui.keyword.WebUiBuiltInKeywords.getAttribute(com.kms.katalon.core.testobject.ObjectRepository.findTestObject(DispensaryToStore/Page_Store/input_txttotal), "value"): Attribute 'value' of object 'Object Repository/DispensaryToStore/Page_Store/input_txttotal' is: '10'

2018-06-09 17:27:43 - [MESSAGE][PASSED] - Attribute 'value' of object 'Object Repository/DispensaryToStore/Page_Store/input_txttotal' is: '10'

2018-06-09 17:27:43 - [TEST_STEP][PASSED] - Statement - out.println("Requested QTY : " + RequestedQty): null

2018-06-09 17:27:43 - [TEST_STEP][PASSED] - Statement - BatchNumber = com.kms.katalon.core.webui.keyword.WebUiBuiltInKeywords.getNumberOfTotalOption(com.kms.katalon.core.testobject.ObjectRepository.findTestObject(DispensaryToStore/Page_Store/select_--Select--BA1170BA2376B)): 3 options of object 'Object Repository/DispensaryToStore/Page_Store/select_--Select--BA1170BA2376B' counted

2018-06-09 17:27:43 - [MESSAGE][PASSED] - 3 options of object 'Object Repository/DispensaryToStore/Page_Store/select_--Select--BA1170BA2376B' counted

2018-06-09 17:27:43 - [TEST_STEP][PASSED] - Statement - For ([g = 1, g <= BatchNumber - 1, (g++)]): null

2018-06-09 17:27:43 - [TEST_STEP][PASSED] - selectOptionByIndex: All options with index in [1] are selected on object 'Object Repository/DispensaryToStore/Page_Store/select_--Select--BA1170BA2376B'

2018-06-09 17:27:43 - [MESSAGE][PASSED] - All options with index in [1] are selected on object 'Object Repository/DispensaryToStore/Page_Store/select_--Select--BA1170BA2376B'

2018-06-09 17:27:43 - [TEST_STEP][PASSED] - Statement - Try: null

2018-06-09 17:27:43 - [TEST_STEP][PASSED] - Statement - StockQty = com.kms.katalon.core.webui.keyword.WebUiBuiltInKeywords.getAttribute(com.kms.katalon.core.testobject.ObjectRepository.findTestObject(DispensaryToStore/Page_Store/input_txtprice), "value"): Attribute 'value' of object 'Object Repository/DispensaryToStore/Page_Store/input_txtprice' is: '180'

2018-06-09 17:27:43 - [MESSAGE][PASSED] - Attribute 'value' of object 'Object Repository/DispensaryToStore/Page_Store/input_txtprice' is: '180'

2018-06-09 17:27:43 - [TEST_STEP][PASSED] - Statement - out.println("Stock QTY : " + StockQty): null

2018-06-09 17:27:43 - [TEST_STEP][PASSED] - delay: Delayed 2 second(s)

2018-06-09 17:27:45 - [MESSAGE][PASSED] - Delayed 2 second(s)

2018-06-09 17:27:45 - [TEST_STEP][PASSED] - Statement - If (java.lang.String.valueOf(StockQty) >= java.lang.String.valueOf(RequestedQty)): null

2018-06-09 17:27:45 - [TEST_STEP][PASSED] - setText: Text '10' is set on object 'Object Repository/DispensaryToStore/Page_Store/input_txtqty'

2018-06-09 17:27:45 - [MESSAGE][PASSED] - Text '10' is set on object 'Object Repository/DispensaryToStore/Page_Store/input_txtqty'

2018-06-09 17:27:45 - [TEST_STEP][PASSED] - click: Object: 'Object Repository/DispensaryToStore/Page_Store/button_Add' is clicked on

2018-06-09 17:27:45 - [MESSAGE][PASSED] - Object: 'Object Repository/DispensaryToStore/Page_Store/button_Add' is clicked on

2018-06-09 17:27:45 - [TEST_STEP][PASSED] - Statement - Break: null

2018-06-09 17:27:45 - [TEST_STEP][PASSED] - selectOptionByIndex: All options with index in [55] are selected on object 'Object Repository/DispensaryToStore/Page_Store/select_--Select--Adernaline 0.'

2018-06-09 17:27:46 - [MESSAGE][PASSED] - All options with index in [55] are selected on object 'Object Repository/DispensaryToStore/Page_Store/select_--Select--Adernaline 0.'

2018-06-09 17:27:46 - [TEST_STEP][PASSED] - delay: Delayed 2 second(s)

2018-06-09 17:27:48 - [MESSAGE][PASSED] - Delayed 2 second(s)

2018-06-09 17:27:48 - [TEST_STEP][PASSED] - Statement - RequestedQty = com.kms.katalon.core.webui.keyword.WebUiBuiltInKeywords.getAttribute(com.kms.katalon.core.testobject.ObjectRepository.findTestObject(DispensaryToStore/Page_Store/input_txttotal), "value"): Attribute 'value' of object 'Object Repository/DispensaryToStore/Page_Store/input_txttotal' is: '10'

2018-06-09 17:27:48 - [MESSAGE][PASSED] - Attribute 'value' of object 'Object Repository/DispensaryToStore/Page_Store/input_txttotal' is: '10'

2018-06-09 17:27:48 - [TEST_STEP][PASSED] - Statement - out.println("Requested QTY : " + RequestedQty): null

2018-06-09 17:27:48 - [TEST_STEP][PASSED] - Statement - BatchNumber = com.kms.katalon.core.webui.keyword.WebUiBuiltInKeywords.getNumberOfTotalOption(com.kms.katalon.core.testobject.ObjectRepository.findTestObject(DispensaryToStore/Page_Store/select_--Select--BA1170BA2376B)): 2 options of object 'Object Repository/DispensaryToStore/Page_Store/select_--Select--BA1170BA2376B' counted

2018-06-09 17:27:48 - [MESSAGE][PASSED] - 2 options of object 'Object Repository/DispensaryToStore/Page_Store/select_--Select--BA1170BA2376B' counted

2018-06-09 17:27:48 - [TEST_STEP][PASSED] - Statement - For ([g = 1, g <= BatchNumber - 1, (g++)]): null

2018-06-09 17:27:48 - [TEST_STEP][PASSED] - selectOptionByIndex: All options with index in [1] are selected on object 'Object Repository/DispensaryToStore/Page_Store/select_--Select--BA1170BA2376B'

2018-06-09 17:27:48 - [MESSAGE][PASSED] - All options with index in [1] are selected on object 'Object Repository/DispensaryToStore/Page_Store/select_--Select--BA1170BA2376B'

2018-06-09 17:27:48 - [TEST_STEP][PASSED] - Statement - Try: null

2018-06-09 17:27:48 - [TEST_STEP][PASSED] - Statement - StockQty = com.kms.katalon.core.webui.keyword.WebUiBuiltInKeywords.getAttribute(com.kms.katalon.core.testobject.ObjectRepository.findTestObject(DispensaryToStore/Page_Store/input_txtprice), "value"): Attribute 'value' of object 'Object Repository/DispensaryToStore/Page_Store/input_txtprice' is: '340'

2018-06-09 17:27:48 - [MESSAGE][PASSED] - Attribute 'value' of object 'Object Repository/DispensaryToStore/Page_Store/input_txtprice' is: '340'

2018-06-09 17:27:48 - [TEST_STEP][PASSED] - Statement - out.println("Stock QTY : " + StockQty): null

2018-06-09 17:27:48 - [TEST_STEP][PASSED] - delay: Delayed 2 second(s)

2018-06-09 17:27:50 - [MESSAGE][PASSED] - Delayed 2 second(s)

2018-06-09 17:27:50 - [TEST_STEP][PASSED] - Statement - If (java.lang.String.valueOf(StockQty) >= java.lang.String.valueOf(RequestedQty)): null

2018-06-09 17:27:50 - [TEST_STEP][PASSED] - setText: Text '10' is set on object 'Object Repository/DispensaryToStore/Page_Store/input_txtqty'

2018-06-09 17:27:51 - [MESSAGE][PASSED] - Text '10' is set on object 'Object Repository/DispensaryToStore/Page_Store/input_txtqty'

2018-06-09 17:27:51 - [TEST_STEP][PASSED] - click: Object: 'Object Repository/DispensaryToStore/Page_Store/button_Add' is clicked on

2018-06-09 17:27:51 - [MESSAGE][PASSED] - Object: 'Object Repository/DispensaryToStore/Page_Store/button_Add' is clicked on

2018-06-09 17:27:51 - [TEST_STEP][PASSED] - Statement - Break: null

2018-06-09 17:27:51 - [TEST_STEP][PASSED] - selectOptionByIndex: All options with index in [56] are selected on object 'Object Repository/DispensaryToStore/Page_Store/select_--Select--Adernaline 0.'

2018-06-09 17:27:51 - [MESSAGE][PASSED] - All options with index in [56] are selected on object 'Object Repository/DispensaryToStore/Page_Store/select_--Select--Adernaline 0.'

2018-06-09 17:27:51 - [TEST_STEP][PASSED] - delay: Delayed 2 second(s)

2018-06-09 17:27:53 - [MESSAGE][PASSED] - Delayed 2 second(s)

2018-06-09 17:27:53 - [TEST_STEP][PASSED] - Statement - RequestedQty = com.kms.katalon.core.webui.keyword.WebUiBuiltInKeywords.getAttribute(com.kms.katalon.core.testobject.ObjectRepository.findTestObject(DispensaryToStore/Page_Store/input_txttotal), "value"): Attribute 'value' of object 'Object Repository/DispensaryToStore/Page_Store/input_txttotal' is: '10'

2018-06-09 17:27:53 - [MESSAGE][PASSED] - Attribute 'value' of object 'Object Repository/DispensaryToStore/Page_Store/input_txttotal' is: '10'

2018-06-09 17:27:53 - [TEST_STEP][PASSED] - Statement - out.println("Requested QTY : " + RequestedQty): null

2018-06-09 17:27:53 - [TEST_STEP][PASSED] - Statement - BatchNumber = com.kms.katalon.core.webui.keyword.WebUiBuiltInKeywords.getNumberOfTotalOption(com.kms.katalon.core.testobject.ObjectRepository.findTestObject(DispensaryToStore/Page_Store/select_--Select--BA1170BA2376B)): 3 options of object 'Object Repository/DispensaryToStore/Page_Store/select_--Select--BA1170BA2376B' counted

2018-06-09 17:27:53 - [MESSAGE][PASSED] - 3 options of object 'Object Repository/DispensaryToStore/Page_Store/select_--Select--BA1170BA2376B' counted

2018-06-09 17:27:53 - [TEST_STEP][PASSED] - Statement - For ([g = 1, g <= BatchNumber - 1, (g++)]): null

2018-06-09 17:27:53 - [TEST_STEP][PASSED] - selectOptionByIndex: All options with index in [1] are selected on object 'Object Repository/DispensaryToStore/Page_Store/select_--Select--BA1170BA2376B'

2018-06-09 17:27:54 - [MESSAGE][PASSED] - All options with index in [1] are selected on object 'Object Repository/DispensaryToStore/Page_Store/select_--Select--BA1170BA2376B'

2018-06-09 17:27:54 - [TEST_STEP][PASSED] - Statement - Try: null

2018-06-09 17:27:54 - [TEST_STEP][PASSED] - Statement - StockQty = com.kms.katalon.core.webui.keyword.WebUiBuiltInKeywords.getAttribute(com.kms.katalon.core.testobject.ObjectRepository.findTestObject(DispensaryToStore/Page_Store/input_txtprice), "value"): Attribute 'value' of object 'Object Repository/DispensaryToStore/Page_Store/input_txtprice' is: '180'

2018-06-09 17:27:54 - [MESSAGE][PASSED] - Attribute 'value' of object 'Object Repository/DispensaryToStore/Page_Store/input_txtprice' is: '180'

2018-06-09 17:27:54 - [TEST_STEP][PASSED] - Statement - out.println("Stock QTY : " + StockQty): null

2018-06-09 17:27:54 - [TEST_STEP][PASSED] - delay: Delayed 2 second(s)

2018-06-09 17:27:56 - [MESSAGE][PASSED] - Delayed 2 second(s)

2018-06-09 17:27:56 - [TEST_STEP][PASSED] - Statement - If (java.lang.String.valueOf(StockQty) >= java.lang.String.valueOf(RequestedQty)): null

2018-06-09 17:27:56 - [TEST_STEP][PASSED] - setText: Text '10' is set on object 'Object Repository/DispensaryToStore/Page_Store/input_txtqty'

2018-06-09 17:27:56 - [MESSAGE][PASSED] - Text '10' is set on object 'Object Repository/DispensaryToStore/Page_Store/input_txtqty'

2018-06-09 17:27:56 - [TEST_STEP][PASSED] - click: Object: 'Object Repository/DispensaryToStore/Page_Store/button_Add' is clicked on

2018-06-09 17:27:56 - [MESSAGE][PASSED] - Object: 'Object Repository/DispensaryToStore/Page_Store/button_Add' is clicked on

2018-06-09 17:27:56 - [TEST_STEP][PASSED] - Statement - Break: null

2018-06-09 17:27:56 - [TEST_STEP][PASSED] - selectOptionByIndex: All options with index in [57] are selected on object 'Object Repository/DispensaryToStore/Page_Store/select_--Select--Adernaline 0.'

2018-06-09 17:27:56 - [MESSAGE][PASSED] - All options with index in [57] are selected on object 'Object Repository/DispensaryToStore/Page_Store/select_--Select--Adernaline 0.'

2018-06-09 17:27:56 - [TEST_STEP][PASSED] - delay: Delayed 2 second(s)

2018-06-09 17:27:58 - [MESSAGE][PASSED] - Delayed 2 second(s)

2018-06-09 17:27:58 - [TEST_STEP][PASSED] - Statement - RequestedQty = com.kms.katalon.core.webui.keyword.WebUiBuiltInKeywords.getAttribute(com.kms.katalon.core.testobject.ObjectRepository.findTestObject(DispensaryToStore/Page_Store/input_txttotal), "value"): Attribute 'value' of object 'Object Repository/DispensaryToStore/Page_Store/input_txttotal' is: '10'

2018-06-09 17:27:58 - [MESSAGE][PASSED] - Attribute 'value' of object 'Object Repository/DispensaryToStore/Page_Store/input_txttotal' is: '10'

2018-06-09 17:27:58 - [TEST_STEP][PASSED] - Statement - out.println("Requested QTY : " + RequestedQty): null

2018-06-09 17:27:58 - [TEST_STEP][PASSED] - Statement - BatchNumber = com.kms.katalon.core.webui.keyword.WebUiBuiltInKeywords.getNumberOfTotalOption(com.kms.katalon.core.testobject.ObjectRepository.findTestObject(DispensaryToStore/Page_Store/select_--Select--BA1170BA2376B)): 3 options of object 'Object Repository/DispensaryToStore/Page_Store/select_--Select--BA1170BA2376B' counted

2018-06-09 17:27:59 - [MESSAGE][PASSED] - 3 options of object 'Object Repository/DispensaryToStore/Page_Store/select_--Select--BA1170BA2376B' counted

2018-06-09 17:27:59 - [TEST_STEP][PASSED] - Statement - For ([g = 1, g <= BatchNumber - 1, (g++)]): null

2018-06-09 17:27:59 - [TEST_STEP][PASSED] - selectOptionByIndex: All options with index in [1] are selected on object 'Object Repository/DispensaryToStore/Page_Store/select_--Select--BA1170BA2376B'

2018-06-09 17:27:59 - [MESSAGE][PASSED] - All options with index in [1] are selected on object 'Object Repository/DispensaryToStore/Page_Store/select_--Select--BA1170BA2376B'

2018-06-09 17:27:59 - [TEST_STEP][PASSED] - Statement - Try: null

2018-06-09 17:27:59 - [TEST_STEP][PASSED] - Statement - StockQty = com.kms.katalon.core.webui.keyword.WebUiBuiltInKeywords.getAttribute(com.kms.katalon.core.testobject.ObjectRepository.findTestObject(DispensaryToStore/Page_Store/input_txtprice), "value"): Attribute 'value' of object 'Object Repository/DispensaryToStore/Page_Store/input_txtprice' is: '140'

2018-06-09 17:27:59 - [MESSAGE][PASSED] - Attribute 'value' of object 'Object Repository/DispensaryToStore/Page_Store/input_txtprice' is: '140'

2018-06-09 17:27:59 - [TEST_STEP][PASSED] - Statement - out.println("Stock QTY : " + StockQty): null

2018-06-09 17:27:59 - [TEST_STEP][PASSED] - delay: Delayed 2 second(s)

2018-06-09 17:28:01 - [MESSAGE][PASSED] - Delayed 2 second(s)

2018-06-09 17:28:01 - [TEST_STEP][PASSED] - Statement - If (java.lang.String.valueOf(StockQty) >= java.lang.String.valueOf(RequestedQty)): null

2018-06-09 17:28:01 - [TEST_STEP][PASSED] - setText: Text '10' is set on object 'Object Repository/DispensaryToStore/Page_Store/input_txtqty'

2018-06-09 17:28:01 - [MESSAGE][PASSED] - Text '10' is set on object 'Object Repository/DispensaryToStore/Page_Store/input_txtqty'

2018-06-09 17:28:01 - [TEST_STEP][PASSED] - click: Object: 'Object Repository/DispensaryToStore/Page_Store/button_Add' is clicked on

2018-06-09 17:28:01 - [MESSAGE][PASSED] - Object: 'Object Repository/DispensaryToStore/Page_Store/button_Add' is clicked on

2018-06-09 17:28:01 - [TEST_STEP][PASSED] - Statement - Break: null

2018-06-09 17:28:01 - [TEST_STEP][PASSED] - selectOptionByIndex: All options with index in [58] are selected on object 'Object Repository/DispensaryToStore/Page_Store/select_--Select--Adernaline 0.'

2018-06-09 17:28:02 - [MESSAGE][PASSED] - All options with index in [58] are selected on object 'Object Repository/DispensaryToStore/Page_Store/select_--Select--Adernaline 0.'

2018-06-09 17:28:02 - [TEST_STEP][PASSED] - delay: Delayed 2 second(s)

2018-06-09 17:28:04 - [MESSAGE][PASSED] - Delayed 2 second(s)

2018-06-09 17:28:04 - [TEST_STEP][PASSED] - Statement - RequestedQty = com.kms.katalon.core.webui.keyword.WebUiBuiltInKeywords.getAttribute(com.kms.katalon.core.testobject.ObjectRepository.findTestObject(DispensaryToStore/Page_Store/input_txttotal), "value"): Attribute 'value' of object 'Object Repository/DispensaryToStore/Page_Store/input_txttotal' is: '10'

2018-06-09 17:28:04 - [MESSAGE][PASSED] - Attribute 'value' of object 'Object Repository/DispensaryToStore/Page_Store/input_txttotal' is: '10'

2018-06-09 17:28:04 - [TEST_STEP][PASSED] - Statement - out.println("Requested QTY : " + RequestedQty): null

2018-06-09 17:28:04 - [TEST_STEP][PASSED] - Statement - BatchNumber = com.kms.katalon.core.webui.keyword.WebUiBuiltInKeywords.getNumberOfTotalOption(com.kms.katalon.core.testobject.ObjectRepository.findTestObject(DispensaryToStore/Page_Store/select_--Select--BA1170BA2376B)): 2 options of object 'Object Repository/DispensaryToStore/Page_Store/select_--Select--BA1170BA2376B' counted

2018-06-09 17:28:04 - [MESSAGE][PASSED] - 2 options of object 'Object Repository/DispensaryToStore/Page_Store/select_--Select--BA1170BA2376B' counted

2018-06-09 17:28:04 - [TEST_STEP][PASSED] - Statement - For ([g = 1, g <= BatchNumber - 1, (g++)]): null

2018-06-09 17:28:04 - [TEST_STEP][PASSED] - selectOptionByIndex: All options with index in [1] are selected on object 'Object Repository/DispensaryToStore/Page_Store/select_--Select--BA1170BA2376B'

2018-06-09 17:28:04 - [MESSAGE][PASSED] - All options with index in [1] are selected on object 'Object Repository/DispensaryToStore/Page_Store/select_--Select--BA1170BA2376B'

2018-06-09 17:28:04 - [TEST_STEP][PASSED] - Statement - Try: null

2018-06-09 17:28:04 - [TEST_STEP][PASSED] - Statement - StockQty = com.kms.katalon.core.webui.keyword.WebUiBuiltInKeywords.getAttribute(com.kms.katalon.core.testobject.ObjectRepository.findTestObject(DispensaryToStore/Page_Store/input_txtprice), "value"): Attribute 'value' of object 'Object Repository/DispensaryToStore/Page_Store/input_txtprice' is: '340'

2018-06-09 17:28:04 - [MESSAGE][PASSED] - Attribute 'value' of object 'Object Repository/DispensaryToStore/Page_Store/input_txtprice' is: '340'

2018-06-09 17:28:04 - [TEST_STEP][PASSED] - Statement - out.println("Stock QTY : " + StockQty): null

2018-06-09 17:28:04 - [TEST_STEP][PASSED] - delay: Delayed 2 second(s)

2018-06-09 17:28:06 - [MESSAGE][PASSED] - Delayed 2 second(s)

2018-06-09 17:28:06 - [TEST_STEP][PASSED] - Statement - If (java.lang.String.valueOf(StockQty) >= java.lang.String.valueOf(RequestedQty)): null

2018-06-09 17:28:06 - [TEST_STEP][PASSED] - setText: Text '10' is set on object 'Object Repository/DispensaryToStore/Page_Store/input_txtqty'

2018-06-09 17:28:06 - [MESSAGE][PASSED] - Text '10' is set on object 'Object Repository/DispensaryToStore/Page_Store/input_txtqty'

2018-06-09 17:28:06 - [TEST_STEP][PASSED] - click: Object: 'Object Repository/DispensaryToStore/Page_Store/button_Add' is clicked on

2018-06-09 17:28:06 - [MESSAGE][PASSED] - Object: 'Object Repository/DispensaryToStore/Page_Store/button_Add' is clicked on

2018-06-09 17:28:06 - [TEST_STEP][PASSED] - Statement - Break: null

2018-06-09 17:28:06 - [TEST_STEP][PASSED] - selectOptionByIndex: All options with index in [59] are selected on object 'Object Repository/DispensaryToStore/Page_Store/select_--Select--Adernaline 0.'

2018-06-09 17:28:07 - [MESSAGE][PASSED] - All options with index in [59] are selected on object 'Object Repository/DispensaryToStore/Page_Store/select_--Select--Adernaline 0.'

2018-06-09 17:28:07 - [TEST_STEP][PASSED] - delay: Delayed 2 second(s)

2018-06-09 17:28:09 - [MESSAGE][PASSED] - Delayed 2 second(s)

2018-06-09 17:28:09 - [TEST_STEP][PASSED] - Statement - RequestedQty = com.kms.katalon.core.webui.keyword.WebUiBuiltInKeywords.getAttribute(com.kms.katalon.core.testobject.ObjectRepository.findTestObject(DispensaryToStore/Page_Store/input_txttotal), "value"): Attribute 'value' of object 'Object Repository/DispensaryToStore/Page_Store/input_txttotal' is: '10'

2018-06-09 17:28:09 - [MESSAGE][PASSED] - Attribute 'value' of object 'Object Repository/DispensaryToStore/Page_Store/input_txttotal' is: '10'

2018-06-09 17:28:09 - [TEST_STEP][PASSED] - Statement - out.println("Requested QTY : " + RequestedQty): null

2018-06-09 17:28:09 - [TEST_STEP][PASSED] - Statement - BatchNumber = com.kms.katalon.core.webui.keyword.WebUiBuiltInKeywords.getNumberOfTotalOption(com.kms.katalon.core.testobject.ObjectRepository.findTestObject(DispensaryToStore/Page_Store/select_--Select--BA1170BA2376B)): 3 options of object 'Object Repository/DispensaryToStore/Page_Store/select_--Select--BA1170BA2376B' counted

2018-06-09 17:28:09 - [MESSAGE][PASSED] - 3 options of object 'Object Repository/DispensaryToStore/Page_Store/select_--Select--BA1170BA2376B' counted

2018-06-09 17:28:09 - [TEST_STEP][PASSED] - Statement - For ([g = 1, g <= BatchNumber - 1, (g++)]): null

2018-06-09 17:28:09 - [TEST_STEP][PASSED] - selectOptionByIndex: All options with index in [1] are selected on object 'Object Repository/DispensaryToStore/Page_Store/select_--Select--BA1170BA2376B'

2018-06-09 17:28:09 - [MESSAGE][PASSED] - All options with index in [1] are selected on object 'Object Repository/DispensaryToStore/Page_Store/select_--Select--BA1170BA2376B'

2018-06-09 17:28:09 - [TEST_STEP][PASSED] - Statement - Try: null

2018-06-09 17:28:09 - [TEST_STEP][PASSED] - Statement - StockQty = com.kms.katalon.core.webui.keyword.WebUiBuiltInKeywords.getAttribute(com.kms.katalon.core.testobject.ObjectRepository.findTestObject(DispensaryToStore/Page_Store/input_txtprice), "value"): Attribute 'value' of object 'Object Repository/DispensaryToStore/Page_Store/input_txtprice' is: '180'

2018-06-09 17:28:09 - [MESSAGE][PASSED] - Attribute 'value' of object 'Object Repository/DispensaryToStore/Page_Store/input_txtprice' is: '180'

2018-06-09 17:28:09 - [TEST_STEP][PASSED] - Statement - out.println("Stock QTY : " + StockQty): null

2018-06-09 17:28:09 - [TEST_STEP][PASSED] - delay: Delayed 2 second(s)

2018-06-09 17:28:11 - [MESSAGE][PASSED] - Delayed 2 second(s)

2018-06-09 17:28:11 - [TEST_STEP][PASSED] - Statement - If (java.lang.String.valueOf(StockQty) >= java.lang.String.valueOf(RequestedQty)): null

2018-06-09 17:28:11 - [TEST_STEP][PASSED] - setText: Text '10' is set on object 'Object Repository/DispensaryToStore/Page_Store/input_txtqty'

2018-06-09 17:28:11 - [MESSAGE][PASSED] - Text '10' is set on object 'Object Repository/DispensaryToStore/Page_Store/input_txtqty'

2018-06-09 17:28:11 - [TEST_STEP][PASSED] - click: Object: 'Object Repository/DispensaryToStore/Page_Store/button_Add' is clicked on

2018-06-09 17:28:11 - [MESSAGE][PASSED] - Object: 'Object Repository/DispensaryToStore/Page_Store/button_Add' is clicked on

2018-06-09 17:28:11 - [TEST_STEP][PASSED] - Statement - Break: null

2018-06-09 17:28:11 - [TEST_STEP][PASSED] - selectOptionByIndex: All options with index in [60] are selected on object 'Object Repository/DispensaryToStore/Page_Store/select_--Select--Adernaline 0.'

2018-06-09 17:28:12 - [MESSAGE][PASSED] - All options with index in [60] are selected on object 'Object Repository/DispensaryToStore/Page_Store/select_--Select--Adernaline 0.'

2018-06-09 17:28:12 - [TEST_STEP][PASSED] - delay: Delayed 2 second(s)

2018-06-09 17:28:14 - [MESSAGE][PASSED] - Delayed 2 second(s)

2018-06-09 17:28:14 - [TEST_STEP][PASSED] - Statement - RequestedQty = com.kms.katalon.core.webui.keyword.WebUiBuiltInKeywords.getAttribute(com.kms.katalon.core.testobject.ObjectRepository.findTestObject(DispensaryToStore/Page_Store/input_txttotal), "value"): Attribute 'value' of object 'Object Repository/DispensaryToStore/Page_Store/input_txttotal' is: '10'

2018-06-09 17:28:14 - [MESSAGE][PASSED] - Attribute 'value' of object 'Object Repository/DispensaryToStore/Page_Store/input_txttotal' is: '10'

2018-06-09 17:28:14 - [TEST_STEP][PASSED] - Statement - out.println("Requested QTY : " + RequestedQty): null

2018-06-09 17:28:14 - [TEST_STEP][PASSED] - Statement - BatchNumber = com.kms.katalon.core.webui.keyword.WebUiBuiltInKeywords.getNumberOfTotalOption(com.kms.katalon.core.testobject.ObjectRepository.findTestObject(DispensaryToStore/Page_Store/select_--Select--BA1170BA2376B)): 2 options of object 'Object Repository/DispensaryToStore/Page_Store/select_--Select--BA1170BA2376B' counted

2018-06-09 17:28:14 - [MESSAGE][PASSED] - 2 options of object 'Object Repository/DispensaryToStore/Page_Store/select_--Select--BA1170BA2376B' counted

2018-06-09 17:28:14 - [TEST_STEP][PASSED] - Statement - For ([g = 1, g <= BatchNumber - 1, (g++)]): null

2018-06-09 17:28:14 - [TEST_STEP][PASSED] - selectOptionByIndex: All options with index in [1] are selected on object 'Object Repository/DispensaryToStore/Page_Store/select_--Select--BA1170BA2376B'

2018-06-09 17:28:14 - [MESSAGE][PASSED] - All options with index in [1] are selected on object 'Object Repository/DispensaryToStore/Page_Store/select_--Select--BA1170BA2376B'

2018-06-09 17:28:14 - [TEST_STEP][PASSED] - Statement - Try: null

2018-06-09 17:28:14 - [TEST_STEP][PASSED] - Statement - StockQty = com.kms.katalon.core.webui.keyword.WebUiBuiltInKeywords.getAttribute(com.kms.katalon.core.testobject.ObjectRepository.findTestObject(DispensaryToStore/Page_Store/input_txtprice), "value"): Attribute 'value' of object 'Object Repository/DispensaryToStore/Page_Store/input_txtprice' is: '340'

2018-06-09 17:28:14 - [MESSAGE][PASSED] - Attribute 'value' of object 'Object Repository/DispensaryToStore/Page_Store/input_txtprice' is: '340'

2018-06-09 17:28:14 - [TEST_STEP][PASSED] - Statement - out.println("Stock QTY : " + StockQty): null

2018-06-09 17:28:14 - [TEST_STEP][PASSED] - delay: Delayed 2 second(s)

2018-06-09 17:28:16 - [MESSAGE][PASSED] - Delayed 2 second(s)

2018-06-09 17:28:16 - [TEST_STEP][PASSED] - Statement - If (java.lang.String.valueOf(StockQty) >= java.lang.String.valueOf(RequestedQty)): null

2018-06-09 17:28:16 - [TEST_STEP][PASSED] - setText: Text '10' is set on object 'Object Repository/DispensaryToStore/Page_Store/input_txtqty'

2018-06-09 17:28:16 - [MESSAGE][PASSED] - Text '10' is set on object 'Object Repository/DispensaryToStore/Page_Store/input_txtqty'

2018-06-09 17:28:16 - [TEST_STEP][PASSED] - click: Object: 'Object Repository/DispensaryToStore/Page_Store/button_Add' is clicked on

2018-06-09 17:28:17 - [MESSAGE][PASSED] - Object: 'Object Repository/DispensaryToStore/Page_Store/button_Add' is clicked on

2018-06-09 17:28:17 - [TEST_STEP][PASSED] - Statement - Break: null

2018-06-09 17:28:17 - [TEST_STEP][PASSED] - selectOptionByIndex: All options with index in [61] are selected on object 'Object Repository/DispensaryToStore/Page_Store/select_--Select--Adernaline 0.'

2018-06-09 17:28:17 - [MESSAGE][PASSED] - All options with index in [61] are selected on object 'Object Repository/DispensaryToStore/Page_Store/select_--Select--Adernaline 0.'

2018-06-09 17:28:17 - [TEST_STEP][PASSED] - delay: Delayed 2 second(s)

2018-06-09 17:28:19 - [MESSAGE][PASSED] - Delayed 2 second(s)

2018-06-09 17:28:19 - [TEST_STEP][PASSED] - Statement - RequestedQty = com.kms.katalon.core.webui.keyword.WebUiBuiltInKeywords.getAttribute(com.kms.katalon.core.testobject.ObjectRepository.findTestObject(DispensaryToStore/Page_Store/input_txttotal), "value"): Attribute 'value' of object 'Object Repository/DispensaryToStore/Page_Store/input_txttotal' is: '10'

2018-06-09 17:28:19 - [MESSAGE][PASSED] - Attribute 'value' of object 'Object Repository/DispensaryToStore/Page_Store/input_txttotal' is: '10'

2018-06-09 17:28:19 - [TEST_STEP][PASSED] - Statement - out.println("Requested QTY : " + RequestedQty): null

2018-06-09 17:28:19 - [TEST_STEP][PASSED] - Statement - BatchNumber = com.kms.katalon.core.webui.keyword.WebUiBuiltInKeywords.getNumberOfTotalOption(com.kms.katalon.core.testobject.ObjectRepository.findTestObject(DispensaryToStore/Page_Store/select_--Select--BA1170BA2376B)): 2 options of object 'Object Repository/DispensaryToStore/Page_Store/select_--Select--BA1170BA2376B' counted

2018-06-09 17:28:19 - [MESSAGE][PASSED] - 2 options of object 'Object Repository/DispensaryToStore/Page_Store/select_--Select--BA1170BA2376B' counted

2018-06-09 17:28:19 - [TEST_STEP][PASSED] - Statement - For ([g = 1, g <= BatchNumber - 1, (g++)]): null

2018-06-09 17:28:19 - [TEST_STEP][PASSED] - selectOptionByIndex: All options with index in [1] are selected on object 'Object Repository/DispensaryToStore/Page_Store/select_--Select--BA1170BA2376B'

2018-06-09 17:28:19 - [MESSAGE][PASSED] - All options with index in [1] are selected on object 'Object Repository/DispensaryToStore/Page_Store/select_--Select--BA1170BA2376B'

2018-06-09 17:28:19 - [TEST_STEP][PASSED] - Statement - Try: null

2018-06-09 17:28:19 - [TEST_STEP][PASSED] - Statement - StockQty = com.kms.katalon.core.webui.keyword.WebUiBuiltInKeywords.getAttribute(com.kms.katalon.core.testobject.ObjectRepository.findTestObject(DispensaryToStore/Page_Store/input_txtprice), "value"): Attribute 'value' of object 'Object Repository/DispensaryToStore/Page_Store/input_txtprice' is: '340'

2018-06-09 17:28:19 - [MESSAGE][PASSED] - Attribute 'value' of object 'Object Repository/DispensaryToStore/Page_Store/input_txtprice' is: '340'

2018-06-09 17:28:19 - [TEST_STEP][PASSED] - Statement - out.println("Stock QTY : " + StockQty): null

2018-06-09 17:28:19 - [TEST_STEP][PASSED] - delay: Delayed 2 second(s)

2018-06-09 17:28:21 - [MESSAGE][PASSED] - Delayed 2 second(s)

2018-06-09 17:28:21 - [TEST_STEP][PASSED] - Statement - If (java.lang.String.valueOf(StockQty) >= java.lang.String.valueOf(RequestedQty)): null

2018-06-09 17:28:21 - [TEST_STEP][PASSED] - setText: Text '10' is set on object 'Object Repository/DispensaryToStore/Page_Store/input_txtqty'

2018-06-09 17:28:22 - [MESSAGE][PASSED] - Text '10' is set on object 'Object Repository/DispensaryToStore/Page_Store/input_txtqty'

2018-06-09 17:28:22 - [TEST_STEP][PASSED] - click: Object: 'Object Repository/DispensaryToStore/Page_Store/button_Add' is clicked on

2018-06-09 17:28:22 - [MESSAGE][PASSED] - Object: 'Object Repository/DispensaryToStore/Page_Store/button_Add' is clicked on

2018-06-09 17:28:22 - [TEST_STEP][PASSED] - Statement - Break: null

2018-06-09 17:28:22 - [TEST_STEP][PASSED] - selectOptionByIndex: All options with index in [62] are selected on object 'Object Repository/DispensaryToStore/Page_Store/select_--Select--Adernaline 0.'

2018-06-09 17:28:22 - [MESSAGE][PASSED] - All options with index in [62] are selected on object 'Object Repository/DispensaryToStore/Page_Store/select_--Select--Adernaline 0.'

2018-06-09 17:28:22 - [TEST_STEP][PASSED] - delay: Delayed 2 second(s)

2018-06-09 17:28:24 - [MESSAGE][PASSED] - Delayed 2 second(s)

2018-06-09 17:28:24 - [TEST_STEP][PASSED] - Statement - RequestedQty = com.kms.katalon.core.webui.keyword.WebUiBuiltInKeywords.getAttribute(com.kms.katalon.core.testobject.ObjectRepository.findTestObject(DispensaryToStore/Page_Store/input_txttotal), "value"): Attribute 'value' of object 'Object Repository/DispensaryToStore/Page_Store/input_txttotal' is: '10'

2018-06-09 17:28:24 - [MESSAGE][PASSED] - Attribute 'value' of object 'Object Repository/DispensaryToStore/Page_Store/input_txttotal' is: '10'

2018-06-09 17:28:24 - [TEST_STEP][PASSED] - Statement - out.println("Requested QTY : " + RequestedQty): null

2018-06-09 17:28:24 - [TEST_STEP][PASSED] - Statement - BatchNumber = com.kms.katalon.core.webui.keyword.WebUiBuiltInKeywords.getNumberOfTotalOption(com.kms.katalon.core.testobject.ObjectRepository.findTestObject(DispensaryToStore/Page_Store/select_--Select--BA1170BA2376B)): 3 options of object 'Object Repository/DispensaryToStore/Page_Store/select_--Select--BA1170BA2376B' counted

2018-06-09 17:28:25 - [MESSAGE][PASSED] - 3 options of object 'Object Repository/DispensaryToStore/Page_Store/select_--Select--BA1170BA2376B' counted

2018-06-09 17:28:25 - [TEST_STEP][PASSED] - Statement - For ([g = 1, g <= BatchNumber - 1, (g++)]): null

2018-06-09 17:28:25 - [TEST_STEP][PASSED] - selectOptionByIndex: All options with index in [1] are selected on object 'Object Repository/DispensaryToStore/Page_Store/select_--Select--BA1170BA2376B'

2018-06-09 17:28:25 - [MESSAGE][PASSED] - All options with index in [1] are selected on object 'Object Repository/DispensaryToStore/Page_Store/select_--Select--BA1170BA2376B'

2018-06-09 17:28:25 - [TEST_STEP][PASSED] - Statement - Try: null

2018-06-09 17:28:25 - [TEST_STEP][PASSED] - Statement - StockQty = com.kms.katalon.core.webui.keyword.WebUiBuiltInKeywords.getAttribute(com.kms.katalon.core.testobject.ObjectRepository.findTestObject(DispensaryToStore/Page_Store/input_txtprice), "value"): Attribute 'value' of object 'Object Repository/DispensaryToStore/Page_Store/input_txtprice' is: '180'

2018-06-09 17:28:25 - [MESSAGE][PASSED] - Attribute 'value' of object 'Object Repository/DispensaryToStore/Page_Store/input_txtprice' is: '180'

2018-06-09 17:28:25 - [TEST_STEP][PASSED] - Statement - out.println("Stock QTY : " + StockQty): null

2018-06-09 17:28:25 - [TEST_STEP][PASSED] - delay: Delayed 2 second(s)

2018-06-09 17:28:27 - [MESSAGE][PASSED] - Delayed 2 second(s)

2018-06-09 17:28:27 - [TEST_STEP][PASSED] - Statement - If (java.lang.String.valueOf(StockQty) >= java.lang.String.valueOf(RequestedQty)): null

2018-06-09 17:28:27 - [TEST_STEP][PASSED] - setText: Text '10' is set on object 'Object Repository/DispensaryToStore/Page_Store/input_txtqty'

2018-06-09 17:28:27 - [MESSAGE][PASSED] - Text '10' is set on object 'Object Repository/DispensaryToStore/Page_Store/input_txtqty'

2018-06-09 17:28:27 - [TEST_STEP][PASSED] - click: Object: 'Object Repository/DispensaryToStore/Page_Store/button_Add' is clicked on

2018-06-09 17:28:27 - [MESSAGE][PASSED] - Object: 'Object Repository/DispensaryToStore/Page_Store/button_Add' is clicked on

2018-06-09 17:28:27 - [TEST_STEP][PASSED] - Statement - Break: null

2018-06-09 17:28:27 - [TEST_STEP][PASSED] - selectOptionByIndex: All options with index in [63] are selected on object 'Object Repository/DispensaryToStore/Page_Store/select_--Select--Adernaline 0.'

2018-06-09 17:28:28 - [MESSAGE][PASSED] - All options with index in [63] are selected on object 'Object Repository/DispensaryToStore/Page_Store/select_--Select--Adernaline 0.'

2018-06-09 17:28:28 - [TEST_STEP][PASSED] - delay: Delayed 2 second(s)

2018-06-09 17:28:30 - [MESSAGE][PASSED] - Delayed 2 second(s)

2018-06-09 17:28:30 - [TEST_STEP][PASSED] - Statement - RequestedQty = com.kms.katalon.core.webui.keyword.WebUiBuiltInKeywords.getAttribute(com.kms.katalon.core.testobject.ObjectRepository.findTestObject(DispensaryToStore/Page_Store/input_txttotal), "value"): Attribute 'value' of object 'Object Repository/DispensaryToStore/Page_Store/input_txttotal' is: '10'

2018-06-09 17:28:30 - [MESSAGE][PASSED] - Attribute 'value' of object 'Object Repository/DispensaryToStore/Page_Store/input_txttotal' is: '10'

2018-06-09 17:28:30 - [TEST_STEP][PASSED] - Statement - out.println("Requested QTY : " + RequestedQty): null

2018-06-09 17:28:30 - [TEST_STEP][PASSED] - Statement - BatchNumber = com.kms.katalon.core.webui.keyword.WebUiBuiltInKeywords.getNumberOfTotalOption(com.kms.katalon.core.testobject.ObjectRepository.findTestObject(DispensaryToStore/Page_Store/select_--Select--BA1170BA2376B)): 2 options of object 'Object Repository/DispensaryToStore/Page_Store/select_--Select--BA1170BA2376B' counted

2018-06-09 17:28:30 - [MESSAGE][PASSED] - 2 options of object 'Object Repository/DispensaryToStore/Page_Store/select_--Select--BA1170BA2376B' counted

2018-06-09 17:28:30 - [TEST_STEP][PASSED] - Statement - For ([g = 1, g <= BatchNumber - 1, (g++)]): null

2018-06-09 17:28:30 - [TEST_STEP][PASSED] - selectOptionByIndex: All options with index in [1] are selected on object 'Object Repository/DispensaryToStore/Page_Store/select_--Select--BA1170BA2376B'

2018-06-09 17:28:30 - [MESSAGE][PASSED] - All options with index in [1] are selected on object 'Object Repository/DispensaryToStore/Page_Store/select_--Select--BA1170BA2376B'

2018-06-09 17:28:30 - [TEST_STEP][PASSED] - Statement - Try: null

2018-06-09 17:28:30 - [TEST_STEP][PASSED] - Statement - StockQty = com.kms.katalon.core.webui.keyword.WebUiBuiltInKeywords.getAttribute(com.kms.katalon.core.testobject.ObjectRepository.findTestObject(DispensaryToStore/Page_Store/input_txtprice), "value"): Attribute 'value' of object 'Object Repository/DispensaryToStore/Page_Store/input_txtprice' is: '340'

2018-06-09 17:28:30 - [MESSAGE][PASSED] - Attribute 'value' of object 'Object Repository/DispensaryToStore/Page_Store/input_txtprice' is: '340'

2018-06-09 17:28:30 - [TEST_STEP][PASSED] - Statement - out.println("Stock QTY : " + StockQty): null

2018-06-09 17:28:30 - [TEST_STEP][PASSED] - delay: Delayed 2 second(s)

2018-06-09 17:28:32 - [MESSAGE][PASSED] - Delayed 2 second(s)

2018-06-09 17:28:32 - [TEST_STEP][PASSED] - Statement - If (java.lang.String.valueOf(StockQty) >= java.lang.String.valueOf(RequestedQty)): null

2018-06-09 17:28:32 - [TEST_STEP][PASSED] - setText: Text '10' is set on object 'Object Repository/DispensaryToStore/Page_Store/input_txtqty'

2018-06-09 17:28:32 - [MESSAGE][PASSED] - Text '10' is set on object 'Object Repository/DispensaryToStore/Page_Store/input_txtqty'

2018-06-09 17:28:32 - [TEST_STEP][PASSED] - click: Object: 'Object Repository/DispensaryToStore/Page_Store/button_Add' is clicked on

2018-06-09 17:28:32 - [MESSAGE][PASSED] - Object: 'Object Repository/DispensaryToStore/Page_Store/button_Add' is clicked on

2018-06-09 17:28:32 - [TEST_STEP][PASSED] - Statement - Break: null

2018-06-09 17:28:32 - [TEST_STEP][PASSED] - selectOptionByIndex: All options with index in [64] are selected on object 'Object Repository/DispensaryToStore/Page_Store/select_--Select--Adernaline 0.'

2018-06-09 17:28:33 - [MESSAGE][PASSED] - All options with index in [64] are selected on object 'Object Repository/DispensaryToStore/Page_Store/select_--Select--Adernaline 0.'

2018-06-09 17:28:33 - [TEST_STEP][PASSED] - delay: Delayed 2 second(s)

2018-06-09 17:28:35 - [MESSAGE][PASSED] - Delayed 2 second(s)

2018-06-09 17:28:35 - [TEST_STEP][PASSED] - Statement - RequestedQty = com.kms.katalon.core.webui.keyword.WebUiBuiltInKeywords.getAttribute(com.kms.katalon.core.testobject.ObjectRepository.findTestObject(DispensaryToStore/Page_Store/input_txttotal), "value"): Attribute 'value' of object 'Object Repository/DispensaryToStore/Page_Store/input_txttotal' is: '10'

2018-06-09 17:28:35 - [MESSAGE][PASSED] - Attribute 'value' of object 'Object Repository/DispensaryToStore/Page_Store/input_txttotal' is: '10'

2018-06-09 17:28:35 - [TEST_STEP][PASSED] - Statement - out.println("Requested QTY : " + RequestedQty): null

2018-06-09 17:28:35 - [TEST_STEP][PASSED] - Statement - BatchNumber = com.kms.katalon.core.webui.keyword.WebUiBuiltInKeywords.getNumberOfTotalOption(com.kms.katalon.core.testobject.ObjectRepository.findTestObject(DispensaryToStore/Page_Store/select_--Select--BA1170BA2376B)): 3 options of object 'Object Repository/DispensaryToStore/Page_Store/select_--Select--BA1170BA2376B' counted

2018-06-09 17:28:35 - [MESSAGE][PASSED] - 3 options of object 'Object Repository/DispensaryToStore/Page_Store/select_--Select--BA1170BA2376B' counted

2018-06-09 17:28:35 - [TEST_STEP][PASSED] - Statement - For ([g = 1, g <= BatchNumber - 1, (g++)]): null

2018-06-09 17:28:35 - [TEST_STEP][PASSED] - selectOptionByIndex: All options with index in [1] are selected on object 'Object Repository/DispensaryToStore/Page_Store/select_--Select--BA1170BA2376B'

2018-06-09 17:28:35 - [MESSAGE][PASSED] - All options with index in [1] are selected on object 'Object Repository/DispensaryToStore/Page_Store/select_--Select--BA1170BA2376B'

2018-06-09 17:28:35 - [TEST_STEP][PASSED] - Statement - Try: null

2018-06-09 17:28:35 - [TEST_STEP][PASSED] - Statement - StockQty = com.kms.katalon.core.webui.keyword.WebUiBuiltInKeywords.getAttribute(com.kms.katalon.core.testobject.ObjectRepository.findTestObject(DispensaryToStore/Page_Store/input_txtprice), "value"): Attribute 'value' of object 'Object Repository/DispensaryToStore/Page_Store/input_txtprice' is: '140'

2018-06-09 17:28:35 - [MESSAGE][PASSED] - Attribute 'value' of object 'Object Repository/DispensaryToStore/Page_Store/input_txtprice' is: '140'

2018-06-09 17:28:35 - [TEST_STEP][PASSED] - Statement - out.println("Stock QTY : " + StockQty): null

2018-06-09 17:28:35 - [TEST_STEP][PASSED] - delay: Delayed 2 second(s)

2018-06-09 17:28:37 - [MESSAGE][PASSED] - Delayed 2 second(s)

2018-06-09 17:28:37 - [TEST_STEP][PASSED] - Statement - If (java.lang.String.valueOf(StockQty) >= java.lang.String.valueOf(RequestedQty)): null

2018-06-09 17:28:37 - [TEST_STEP][PASSED] - setText: Text '10' is set on object 'Object Repository/DispensaryToStore/Page_Store/input_txtqty'

2018-06-09 17:28:37 - [MESSAGE][PASSED] - Text '10' is set on object 'Object Repository/DispensaryToStore/Page_Store/input_txtqty'

2018-06-09 17:28:37 - [TEST_STEP][PASSED] - click: Object: 'Object Repository/DispensaryToStore/Page_Store/button_Add' is clicked on

2018-06-09 17:28:37 - [MESSAGE][PASSED] - Object: 'Object Repository/DispensaryToStore/Page_Store/button_Add' is clicked on

2018-06-09 17:28:37 - [TEST_STEP][PASSED] - Statement - Break: null

2018-06-09 17:28:37 - [TEST_STEP][PASSED] - selectOptionByIndex: All options with index in [65] are selected on object 'Object Repository/DispensaryToStore/Page_Store/select_--Select--Adernaline 0.'

2018-06-09 17:28:38 - [MESSAGE][PASSED] - All options with index in [65] are selected on object 'Object Repository/DispensaryToStore/Page_Store/select_--Select--Adernaline 0.'

2018-06-09 17:28:38 - [TEST_STEP][PASSED] - delay: Delayed 2 second(s)

2018-06-09 17:28:40 - [MESSAGE][PASSED] - Delayed 2 second(s)

2018-06-09 17:28:40 - [TEST_STEP][PASSED] - Statement - RequestedQty = com.kms.katalon.core.webui.keyword.WebUiBuiltInKeywords.getAttribute(com.kms.katalon.core.testobject.ObjectRepository.findTestObject(DispensaryToStore/Page_Store/input_txttotal), "value"): Attribute 'value' of object 'Object Repository/DispensaryToStore/Page_Store/input_txttotal' is: '10'

2018-06-09 17:28:40 - [MESSAGE][PASSED] - Attribute 'value' of object 'Object Repository/DispensaryToStore/Page_Store/input_txttotal' is: '10'

2018-06-09 17:28:40 - [TEST_STEP][PASSED] - Statement - out.println("Requested QTY : " + RequestedQty): null

2018-06-09 17:28:40 - [TEST_STEP][PASSED] - Statement - BatchNumber = com.kms.katalon.core.webui.keyword.WebUiBuiltInKeywords.getNumberOfTotalOption(com.kms.katalon.core.testobject.ObjectRepository.findTestObject(DispensaryToStore/Page_Store/select_--Select--BA1170BA2376B)): 3 options of object 'Object Repository/DispensaryToStore/Page_Store/select_--Select--BA1170BA2376B' counted

2018-06-09 17:28:40 - [MESSAGE][PASSED] - 3 options of object 'Object Repository/DispensaryToStore/Page_Store/select_--Select--BA1170BA2376B' counted

2018-06-09 17:28:40 - [TEST_STEP][PASSED] - Statement - For ([g = 1, g <= BatchNumber - 1, (g++)]): null

2018-06-09 17:28:40 - [TEST_STEP][PASSED] - selectOptionByIndex: All options with index in [1] are selected on object 'Object Repository/DispensaryToStore/Page_Store/select_--Select--BA1170BA2376B'

2018-06-09 17:28:40 - [MESSAGE][PASSED] - All options with index in [1] are selected on object 'Object Repository/DispensaryToStore/Page_Store/select_--Select--BA1170BA2376B'

2018-06-09 17:28:40 - [TEST_STEP][PASSED] - Statement - Try: null

2018-06-09 17:28:40 - [TEST_STEP][PASSED] - Statement - StockQty = com.kms.katalon.core.webui.keyword.WebUiBuiltInKeywords.getAttribute(com.kms.katalon.core.testobject.ObjectRepository.findTestObject(DispensaryToStore/Page_Store/input_txtprice), "value"): Attribute 'value' of object 'Object Repository/DispensaryToStore/Page_Store/input_txtprice' is: '180'

2018-06-09 17:28:40 - [MESSAGE][PASSED] - Attribute 'value' of object 'Object Repository/DispensaryToStore/Page_Store/input_txtprice' is: '180'

2018-06-09 17:28:40 - [TEST_STEP][PASSED] - Statement - out.println("Stock QTY : " + StockQty): null

2018-06-09 17:28:40 - [TEST_STEP][PASSED] - delay: Delayed 2 second(s)

2018-06-09 17:28:42 - [MESSAGE][PASSED] - Delayed 2 second(s)

2018-06-09 17:28:42 - [TEST_STEP][PASSED] - Statement - If (java.lang.String.valueOf(StockQty) >= java.lang.String.valueOf(RequestedQty)): null

2018-06-09 17:28:42 - [TEST_STEP][PASSED] - setText: Text '10' is set on object 'Object Repository/DispensaryToStore/Page_Store/input_txtqty'

2018-06-09 17:28:42 - [MESSAGE][PASSED] - Text '10' is set on object 'Object Repository/DispensaryToStore/Page_Store/input_txtqty'

2018-06-09 17:28:42 - [TEST_STEP][PASSED] - click: Object: 'Object Repository/DispensaryToStore/Page_Store/button_Add' is clicked on

2018-06-09 17:28:42 - [MESSAGE][PASSED] - Object: 'Object Repository/DispensaryToStore/Page_Store/button_Add' is clicked on

2018-06-09 17:28:42 - [TEST_STEP][PASSED] - Statement - Break: null

2018-06-09 17:28:42 - [TEST_STEP][PASSED] - selectOptionByIndex: All options with index in [66] are selected on object 'Object Repository/DispensaryToStore/Page_Store/select_--Select--Adernaline 0.'

2018-06-09 17:28:43 - [MESSAGE][PASSED] - All options with index in [66] are selected on object 'Object Repository/DispensaryToStore/Page_Store/select_--Select--Adernaline 0.'

2018-06-09 17:28:43 - [TEST_STEP][PASSED] - delay: Delayed 2 second(s)

2018-06-09 17:28:45 - [MESSAGE][PASSED] - Delayed 2 second(s)

2018-06-09 17:28:45 - [TEST_STEP][PASSED] - Statement - RequestedQty = com.kms.katalon.core.webui.keyword.WebUiBuiltInKeywords.getAttribute(com.kms.katalon.core.testobject.ObjectRepository.findTestObject(DispensaryToStore/Page_Store/input_txttotal), "value"): Attribute 'value' of object 'Object Repository/DispensaryToStore/Page_Store/input_txttotal' is: '10'

2018-06-09 17:28:45 - [MESSAGE][PASSED] - Attribute 'value' of object 'Object Repository/DispensaryToStore/Page_Store/input_txttotal' is: '10'

2018-06-09 17:28:45 - [TEST_STEP][PASSED] - Statement - out.println("Requested QTY : " + RequestedQty): null

2018-06-09 17:28:45 - [TEST_STEP][PASSED] - Statement - BatchNumber = com.kms.katalon.core.webui.keyword.WebUiBuiltInKeywords.getNumberOfTotalOption(com.kms.katalon.core.testobject.ObjectRepository.findTestObject(DispensaryToStore/Page_Store/select_--Select--BA1170BA2376B)): 2 options of object 'Object Repository/DispensaryToStore/Page_Store/select_--Select--BA1170BA2376B' counted

2018-06-09 17:28:45 - [MESSAGE][PASSED] - 2 options of object 'Object Repository/DispensaryToStore/Page_Store/select_--Select--BA1170BA2376B' counted

2018-06-09 17:28:45 - [TEST_STEP][PASSED] - Statement - For ([g = 1, g <= BatchNumber - 1, (g++)]): null

2018-06-09 17:28:45 - [TEST_STEP][PASSED] - selectOptionByIndex: All options with index in [1] are selected on object 'Object Repository/DispensaryToStore/Page_Store/select_--Select--BA1170BA2376B'

2018-06-09 17:28:45 - [MESSAGE][PASSED] - All options with index in [1] are selected on object 'Object Repository/DispensaryToStore/Page_Store/select_--Select--BA1170BA2376B'

2018-06-09 17:28:45 - [TEST_STEP][PASSED] - Statement - Try: null

2018-06-09 17:28:45 - [TEST_STEP][PASSED] - Statement - StockQty = com.kms.katalon.core.webui.keyword.WebUiBuiltInKeywords.getAttribute(com.kms.katalon.core.testobject.ObjectRepository.findTestObject(DispensaryToStore/Page_Store/input_txtprice), "value"): Attribute 'value' of object 'Object Repository/DispensaryToStore/Page_Store/input_txtprice' is: '340'

2018-06-09 17:28:45 - [MESSAGE][PASSED] - Attribute 'value' of object 'Object Repository/DispensaryToStore/Page_Store/input_txtprice' is: '340'

2018-06-09 17:28:45 - [TEST_STEP][PASSED] - Statement - out.println("Stock QTY : " + StockQty): null

2018-06-09 17:28:45 - [TEST_STEP][PASSED] - delay: Delayed 2 second(s)

2018-06-09 17:28:47 - [MESSAGE][PASSED] - Delayed 2 second(s)

2018-06-09 17:28:47 - [TEST_STEP][PASSED] - Statement - If (java.lang.String.valueOf(StockQty) >= java.lang.String.valueOf(RequestedQty)): null

2018-06-09 17:28:47 - [TEST_STEP][PASSED] - setText: Text '10' is set on object 'Object Repository/DispensaryToStore/Page_Store/input_txtqty'

2018-06-09 17:28:48 - [MESSAGE][PASSED] - Text '10' is set on object 'Object Repository/DispensaryToStore/Page_Store/input_txtqty'

2018-06-09 17:28:48 - [TEST_STEP][PASSED] - click: Object: 'Object Repository/DispensaryToStore/Page_Store/button_Add' is clicked on

2018-06-09 17:28:48 - [MESSAGE][PASSED] - Object: 'Object Repository/DispensaryToStore/Page_Store/button_Add' is clicked on

2018-06-09 17:28:48 - [TEST_STEP][PASSED] - Statement - Break: null

2018-06-09 17:28:48 - [TEST_STEP][PASSED] - selectOptionByIndex: All options with index in [67] are selected on object 'Object Repository/DispensaryToStore/Page_Store/select_--Select--Adernaline 0.'

2018-06-09 17:28:48 - [MESSAGE][PASSED] - All options with index in [67] are selected on object 'Object Repository/DispensaryToStore/Page_Store/select_--Select--Adernaline 0.'

2018-06-09 17:28:48 - [TEST_STEP][PASSED] - delay: Delayed 2 second(s)

2018-06-09 17:28:50 - [MESSAGE][PASSED] - Delayed 2 second(s)

2018-06-09 17:28:50 - [TEST_STEP][PASSED] - Statement - RequestedQty = com.kms.katalon.core.webui.keyword.WebUiBuiltInKeywords.getAttribute(com.kms.katalon.core.testobject.ObjectRepository.findTestObject(DispensaryToStore/Page_Store/input_txttotal), "value"): Attribute 'value' of object 'Object Repository/DispensaryToStore/Page_Store/input_txttotal' is: '10'

2018-06-09 17:28:50 - [MESSAGE][PASSED] - Attribute 'value' of object 'Object Repository/DispensaryToStore/Page_Store/input_txttotal' is: '10'

2018-06-09 17:28:50 - [TEST_STEP][PASSED] - Statement - out.println("Requested QTY : " + RequestedQty): null

2018-06-09 17:28:50 - [TEST_STEP][PASSED] - Statement - BatchNumber = com.kms.katalon.core.webui.keyword.WebUiBuiltInKeywords.getNumberOfTotalOption(com.kms.katalon.core.testobject.ObjectRepository.findTestObject(DispensaryToStore/Page_Store/select_--Select--BA1170BA2376B)): 3 options of object 'Object Repository/DispensaryToStore/Page_Store/select_--Select--BA1170BA2376B' counted

2018-06-09 17:28:51 - [MESSAGE][PASSED] - 3 options of object 'Object Repository/DispensaryToStore/Page_Store/select_--Select--BA1170BA2376B' counted

2018-06-09 17:28:51 - [TEST_STEP][PASSED] - Statement - For ([g = 1, g <= BatchNumber - 1, (g++)]): null

2018-06-09 17:28:51 - [TEST_STEP][PASSED] - selectOptionByIndex: All options with index in [1] are selected on object 'Object Repository/DispensaryToStore/Page_Store/select_--Select--BA1170BA2376B'

2018-06-09 17:28:51 - [MESSAGE][PASSED] - All options with index in [1] are selected on object 'Object Repository/DispensaryToStore/Page_Store/select_--Select--BA1170BA2376B'

2018-06-09 17:28:51 - [TEST_STEP][PASSED] - Statement - Try: null

2018-06-09 17:28:51 - [TEST_STEP][PASSED] - Statement - StockQty = com.kms.katalon.core.webui.keyword.WebUiBuiltInKeywords.getAttribute(com.kms.katalon.core.testobject.ObjectRepository.findTestObject(DispensaryToStore/Page_Store/input_txtprice), "value"): Attribute 'value' of object 'Object Repository/DispensaryToStore/Page_Store/input_txtprice' is: '180'

2018-06-09 17:28:51 - [MESSAGE][PASSED] - Attribute 'value' of object 'Object Repository/DispensaryToStore/Page_Store/input_txtprice' is: '180'

2018-06-09 17:28:51 - [TEST_STEP][PASSED] - Statement - out.println("Stock QTY : " + StockQty): null

2018-06-09 17:28:51 - [TEST_STEP][PASSED] - delay: Delayed 2 second(s)

2018-06-09 17:28:53 - [MESSAGE][PASSED] - Delayed 2 second(s)

2018-06-09 17:28:53 - [TEST_STEP][PASSED] - Statement - If (java.lang.String.valueOf(StockQty) >= java.lang.String.valueOf(RequestedQty)): null

2018-06-09 17:28:53 - [TEST_STEP][PASSED] - setText: Text '10' is set on object 'Object Repository/DispensaryToStore/Page_Store/input_txtqty'

2018-06-09 17:28:53 - [MESSAGE][PASSED] - Text '10' is set on object 'Object Repository/DispensaryToStore/Page_Store/input_txtqty'

2018-06-09 17:28:53 - [TEST_STEP][PASSED] - click: Object: 'Object Repository/DispensaryToStore/Page_Store/button_Add' is clicked on

2018-06-09 17:28:53 - [MESSAGE][PASSED] - Object: 'Object Repository/DispensaryToStore/Page_Store/button_Add' is clicked on

2018-06-09 17:28:53 - [TEST_STEP][PASSED] - Statement - Break: null

2018-06-09 17:28:53 - [TEST_STEP][PASSED] - selectOptionByIndex: All options with index in [68] are selected on object 'Object Repository/DispensaryToStore/Page_Store/select_--Select--Adernaline 0.'

2018-06-09 17:28:54 - [MESSAGE][PASSED] - All options with index in [68] are selected on object 'Object Repository/DispensaryToStore/Page_Store/select_--Select--Adernaline 0.'

2018-06-09 17:28:54 - [TEST_STEP][PASSED] - delay: Delayed 2 second(s)

2018-06-09 17:28:56 - [MESSAGE][PASSED] - Delayed 2 second(s)

2018-06-09 17:28:56 - [TEST_STEP][PASSED] - Statement - RequestedQty = com.kms.katalon.core.webui.keyword.WebUiBuiltInKeywords.getAttribute(com.kms.katalon.core.testobject.ObjectRepository.findTestObject(DispensaryToStore/Page_Store/input_txttotal), "value"): Attribute 'value' of object 'Object Repository/DispensaryToStore/Page_Store/input_txttotal' is: '10'

2018-06-09 17:28:56 - [MESSAGE][PASSED] - Attribute 'value' of object 'Object Repository/DispensaryToStore/Page_Store/input_txttotal' is: '10'

2018-06-09 17:28:56 - [TEST_STEP][PASSED] - Statement - out.println("Requested QTY : " + RequestedQty): null

2018-06-09 17:28:56 - [TEST_STEP][PASSED] - Statement - BatchNumber = com.kms.katalon.core.webui.keyword.WebUiBuiltInKeywords.getNumberOfTotalOption(com.kms.katalon.core.testobject.ObjectRepository.findTestObject(DispensaryToStore/Page_Store/select_--Select--BA1170BA2376B)): 3 options of object 'Object Repository/DispensaryToStore/Page_Store/select_--Select--BA1170BA2376B' counted

2018-06-09 17:28:56 - [MESSAGE][PASSED] - 3 options of object 'Object Repository/DispensaryToStore/Page_Store/select_--Select--BA1170BA2376B' counted

2018-06-09 17:28:56 - [TEST_STEP][PASSED] - Statement - For ([g = 1, g <= BatchNumber - 1, (g++)]): null

2018-06-09 17:28:56 - [TEST_STEP][PASSED] - selectOptionByIndex: All options with index in [1] are selected on object 'Object Repository/DispensaryToStore/Page_Store/select_--Select--BA1170BA2376B'

2018-06-09 17:28:56 - [MESSAGE][PASSED] - All options with index in [1] are selected on object 'Object Repository/DispensaryToStore/Page_Store/select_--Select--BA1170BA2376B'

2018-06-09 17:28:56 - [TEST_STEP][PASSED] - Statement - Try: null

2018-06-09 17:28:56 - [TEST_STEP][PASSED] - Statement - StockQty = com.kms.katalon.core.webui.keyword.WebUiBuiltInKeywords.getAttribute(com.kms.katalon.core.testobject.ObjectRepository.findTestObject(DispensaryToStore/Page_Store/input_txtprice), "value"): Attribute 'value' of object 'Object Repository/DispensaryToStore/Page_Store/input_txtprice' is: '140'

2018-06-09 17:28:56 - [MESSAGE][PASSED] - Attribute 'value' of object 'Object Repository/DispensaryToStore/Page_Store/input_txtprice' is: '140'

2018-06-09 17:28:56 - [TEST_STEP][PASSED] - Statement - out.println("Stock QTY : " + StockQty): null

2018-06-09 17:28:56 - [TEST_STEP][PASSED] - delay: Delayed 2 second(s)

2018-06-09 17:28:58 - [MESSAGE][PASSED] - Delayed 2 second(s)

2018-06-09 17:28:58 - [TEST_STEP][PASSED] - Statement - If (java.lang.String.valueOf(StockQty) >= java.lang.String.valueOf(RequestedQty)): null

2018-06-09 17:28:58 - [TEST_STEP][PASSED] - setText: Text '10' is set on object 'Object Repository/DispensaryToStore/Page_Store/input_txtqty'

2018-06-09 17:28:58 - [MESSAGE][PASSED] - Text '10' is set on object 'Object Repository/DispensaryToStore/Page_Store/input_txtqty'

2018-06-09 17:28:58 - [TEST_STEP][PASSED] - click: Object: 'Object Repository/DispensaryToStore/Page_Store/button_Add' is clicked on

2018-06-09 17:28:58 - [MESSAGE][PASSED] - Object: 'Object Repository/DispensaryToStore/Page_Store/button_Add' is clicked on

2018-06-09 17:28:58 - [TEST_STEP][PASSED] - Statement - Break: null

2018-06-09 17:28:58 - [TEST_STEP][PASSED] - selectOptionByIndex: All options with index in [69] are selected on object 'Object Repository/DispensaryToStore/Page_Store/select_--Select--Adernaline 0.'

2018-06-09 17:28:59 - [MESSAGE][PASSED] - All options with index in [69] are selected on object 'Object Repository/DispensaryToStore/Page_Store/select_--Select--Adernaline 0.'

2018-06-09 17:28:59 - [TEST_STEP][PASSED] - delay: Delayed 2 second(s)

2018-06-09 17:29:01 - [MESSAGE][PASSED] - Delayed 2 second(s)

2018-06-09 17:29:01 - [TEST_STEP][PASSED] - Statement - RequestedQty = com.kms.katalon.core.webui.keyword.WebUiBuiltInKeywords.getAttribute(com.kms.katalon.core.testobject.ObjectRepository.findTestObject(DispensaryToStore/Page_Store/input_txttotal), "value"): Attribute 'value' of object 'Object Repository/DispensaryToStore/Page_Store/input_txttotal' is: '10'

2018-06-09 17:29:01 - [MESSAGE][PASSED] - Attribute 'value' of object 'Object Repository/DispensaryToStore/Page_Store/input_txttotal' is: '10'

2018-06-09 17:29:01 - [TEST_STEP][PASSED] - Statement - out.println("Requested QTY : " + RequestedQty): null

2018-06-09 17:29:01 - [TEST_STEP][PASSED] - Statement - BatchNumber = com.kms.katalon.core.webui.keyword.WebUiBuiltInKeywords.getNumberOfTotalOption(com.kms.katalon.core.testobject.ObjectRepository.findTestObject(DispensaryToStore/Page_Store/select_--Select--BA1170BA2376B)): 2 options of object 'Object Repository/DispensaryToStore/Page_Store/select_--Select--BA1170BA2376B' counted

2018-06-09 17:29:01 - [MESSAGE][PASSED] - 2 options of object 'Object Repository/DispensaryToStore/Page_Store/select_--Select--BA1170BA2376B' counted

2018-06-09 17:29:01 - [TEST_STEP][PASSED] - Statement - For ([g = 1, g <= BatchNumber - 1, (g++)]): null

2018-06-09 17:29:01 - [TEST_STEP][PASSED] - selectOptionByIndex: All options with index in [1] are selected on object 'Object Repository/DispensaryToStore/Page_Store/select_--Select--BA1170BA2376B'

2018-06-09 17:29:01 - [MESSAGE][PASSED] - All options with index in [1] are selected on object 'Object Repository/DispensaryToStore/Page_Store/select_--Select--BA1170BA2376B'

2018-06-09 17:29:01 - [TEST_STEP][PASSED] - Statement - Try: null

2018-06-09 17:29:01 - [TEST_STEP][PASSED] - Statement - StockQty = com.kms.katalon.core.webui.keyword.WebUiBuiltInKeywords.getAttribute(com.kms.katalon.core.testobject.ObjectRepository.findTestObject(DispensaryToStore/Page_Store/input_txtprice), "value"): Attribute 'value' of object 'Object Repository/DispensaryToStore/Page_Store/input_txtprice' is: '350'

2018-06-09 17:29:01 - [MESSAGE][PASSED] - Attribute 'value' of object 'Object Repository/DispensaryToStore/Page_Store/input_txtprice' is: '350'

2018-06-09 17:29:01 - [TEST_STEP][PASSED] - Statement - out.println("Stock QTY : " + StockQty): null

2018-06-09 17:29:01 - [TEST_STEP][PASSED] - delay: Delayed 2 second(s)

2018-06-09 17:29:03 - [MESSAGE][PASSED] - Delayed 2 second(s)

2018-06-09 17:29:03 - [TEST_STEP][PASSED] - Statement - If (java.lang.String.valueOf(StockQty) >= java.lang.String.valueOf(RequestedQty)): null

2018-06-09 17:29:03 - [TEST_STEP][PASSED] - setText: Text '10' is set on object 'Object Repository/DispensaryToStore/Page_Store/input_txtqty'

2018-06-09 17:29:03 - [MESSAGE][PASSED] - Text '10' is set on object 'Object Repository/DispensaryToStore/Page_Store/input_txtqty'

2018-06-09 17:29:03 - [TEST_STEP][PASSED] - click: Object: 'Object Repository/DispensaryToStore/Page_Store/button_Add' is clicked on

2018-06-09 17:29:03 - [MESSAGE][PASSED] - Object: 'Object Repository/DispensaryToStore/Page_Store/button_Add' is clicked on

2018-06-09 17:29:03 - [TEST_STEP][PASSED] - Statement - Break: null

2018-06-09 17:29:03 - [TEST_STEP][PASSED] - selectOptionByIndex: All options with index in [70] are selected on object 'Object Repository/DispensaryToStore/Page_Store/select_--Select--Adernaline 0.'

2018-06-09 17:29:04 - [MESSAGE][PASSED] - All options with index in [70] are selected on object 'Object Repository/DispensaryToStore/Page_Store/select_--Select--Adernaline 0.'

2018-06-09 17:29:04 - [TEST_STEP][PASSED] - delay: Delayed 2 second(s)

2018-06-09 17:29:06 - [MESSAGE][PASSED] - Delayed 2 second(s)

2018-06-09 17:29:06 - [TEST_STEP][PASSED] - Statement - RequestedQty = com.kms.katalon.core.webui.keyword.WebUiBuiltInKeywords.getAttribute(com.kms.katalon.core.testobject.ObjectRepository.findTestObject(DispensaryToStore/Page_Store/input_txttotal), "value"): Attribute 'value' of object 'Object Repository/DispensaryToStore/Page_Store/input_txttotal' is: '10'

2018-06-09 17:29:06 - [MESSAGE][PASSED] - Attribute 'value' of object 'Object Repository/DispensaryToStore/Page_Store/input_txttotal' is: '10'

2018-06-09 17:29:06 - [TEST_STEP][PASSED] - Statement - out.println("Requested QTY : " + RequestedQty): null

2018-06-09 17:29:06 - [TEST_STEP][PASSED] - Statement - BatchNumber = com.kms.katalon.core.webui.keyword.WebUiBuiltInKeywords.getNumberOfTotalOption(com.kms.katalon.core.testobject.ObjectRepository.findTestObject(DispensaryToStore/Page_Store/select_--Select--BA1170BA2376B)): 2 options of object 'Object Repository/DispensaryToStore/Page_Store/select_--Select--BA1170BA2376B' counted

2018-06-09 17:29:06 - [MESSAGE][PASSED] - 2 options of object 'Object Repository/DispensaryToStore/Page_Store/select_--Select--BA1170BA2376B' counted

2018-06-09 17:29:06 - [TEST_STEP][PASSED] - Statement - For ([g = 1, g <= BatchNumber - 1, (g++)]): null

2018-06-09 17:29:06 - [TEST_STEP][PASSED] - selectOptionByIndex: All options with index in [1] are selected on object 'Object Repository/DispensaryToStore/Page_Store/select_--Select--BA1170BA2376B'

2018-06-09 17:29:07 - [MESSAGE][PASSED] - All options with index in [1] are selected on object 'Object Repository/DispensaryToStore/Page_Store/select_--Select--BA1170BA2376B'

2018-06-09 17:29:07 - [TEST_STEP][PASSED] - Statement - Try: null

2018-06-09 17:29:07 - [TEST_STEP][PASSED] - Statement - StockQty = com.kms.katalon.core.webui.keyword.WebUiBuiltInKeywords.getAttribute(com.kms.katalon.core.testobject.ObjectRepository.findTestObject(DispensaryToStore/Page_Store/input_txtprice), "value"): Attribute 'value' of object 'Object Repository/DispensaryToStore/Page_Store/input_txtprice' is: '340'

2018-06-09 17:29:07 - [MESSAGE][PASSED] - Attribute 'value' of object 'Object Repository/DispensaryToStore/Page_Store/input_txtprice' is: '340'

2018-06-09 17:29:07 - [TEST_STEP][PASSED] - Statement - out.println("Stock QTY : " + StockQty): null

2018-06-09 17:29:07 - [TEST_STEP][PASSED] - delay: Delayed 2 second(s)

2018-06-09 17:29:09 - [MESSAGE][PASSED] - Delayed 2 second(s)

2018-06-09 17:29:09 - [TEST_STEP][PASSED] - Statement - If (java.lang.String.valueOf(StockQty) >= java.lang.String.valueOf(RequestedQty)): null

2018-06-09 17:29:09 - [TEST_STEP][PASSED] - setText: Text '10' is set on object 'Object Repository/DispensaryToStore/Page_Store/input_txtqty'

2018-06-09 17:29:09 - [MESSAGE][PASSED] - Text '10' is set on object 'Object Repository/DispensaryToStore/Page_Store/input_txtqty'

2018-06-09 17:29:09 - [TEST_STEP][PASSED] - click: Object: 'Object Repository/DispensaryToStore/Page_Store/button_Add' is clicked on

2018-06-09 17:29:09 - [MESSAGE][PASSED] - Object: 'Object Repository/DispensaryToStore/Page_Store/button_Add' is clicked on

2018-06-09 17:29:09 - [TEST_STEP][PASSED] - Statement - Break: null

2018-06-09 17:29:09 - [TEST_STEP][PASSED] - selectOptionByIndex: All options with index in [71] are selected on object 'Object Repository/DispensaryToStore/Page_Store/select_--Select--Adernaline 0.'

2018-06-09 17:29:10 - [MESSAGE][PASSED] - All options with index in [71] are selected on object 'Object Repository/DispensaryToStore/Page_Store/select_--Select--Adernaline 0.'

2018-06-09 17:29:10 - [TEST_STEP][PASSED] - delay: Delayed 2 second(s)

2018-06-09 17:29:12 - [MESSAGE][PASSED] - Delayed 2 second(s)

2018-06-09 17:29:12 - [TEST_STEP][PASSED] - Statement - RequestedQty = com.kms.katalon.core.webui.keyword.WebUiBuiltInKeywords.getAttribute(com.kms.katalon.core.testobject.ObjectRepository.findTestObject(DispensaryToStore/Page_Store/input_txttotal), "value"): Attribute 'value' of object 'Object Repository/DispensaryToStore/Page_Store/input_txttotal' is: '10'

2018-06-09 17:29:12 - [MESSAGE][PASSED] - Attribute 'value' of object 'Object Repository/DispensaryToStore/Page_Store/input_txttotal' is: '10'

2018-06-09 17:29:12 - [TEST_STEP][PASSED] - Statement - out.println("Requested QTY : " + RequestedQty): null

2018-06-09 17:29:12 - [TEST_STEP][PASSED] - Statement - BatchNumber = com.kms.katalon.core.webui.keyword.WebUiBuiltInKeywords.getNumberOfTotalOption(com.kms.katalon.core.testobject.ObjectRepository.findTestObject(DispensaryToStore/Page_Store/select_--Select--BA1170BA2376B)): 3 options of object 'Object Repository/DispensaryToStore/Page_Store/select_--Select--BA1170BA2376B' counted

2018-06-09 17:29:12 - [MESSAGE][PASSED] - 3 options of object 'Object Repository/DispensaryToStore/Page_Store/select_--Select--BA1170BA2376B' counted

2018-06-09 17:29:12 - [TEST_STEP][PASSED] - Statement - For ([g = 1, g <= BatchNumber - 1, (g++)]): null

2018-06-09 17:29:12 - [TEST_STEP][PASSED] - selectOptionByIndex: All options with index in [1] are selected on object 'Object Repository/DispensaryToStore/Page_Store/select_--Select--BA1170BA2376B'

2018-06-09 17:29:12 - [MESSAGE][PASSED] - All options with index in [1] are selected on object 'Object Repository/DispensaryToStore/Page_Store/select_--Select--BA1170BA2376B'

2018-06-09 17:29:12 - [TEST_STEP][PASSED] - Statement - Try: null

2018-06-09 17:29:12 - [TEST_STEP][PASSED] - Statement - StockQty = com.kms.katalon.core.webui.keyword.WebUiBuiltInKeywords.getAttribute(com.kms.katalon.core.testobject.ObjectRepository.findTestObject(DispensaryToStore/Page_Store/input_txtprice), "value"): Attribute 'value' of object 'Object Repository/DispensaryToStore/Page_Store/input_txtprice' is: '180'

2018-06-09 17:29:12 - [MESSAGE][PASSED] - Attribute 'value' of object 'Object Repository/DispensaryToStore/Page_Store/input_txtprice' is: '180'

2018-06-09 17:29:12 - [TEST_STEP][PASSED] - Statement - out.println("Stock QTY : " + StockQty): null

2018-06-09 17:29:12 - [TEST_STEP][PASSED] - delay: Delayed 2 second(s)

2018-06-09 17:29:14 - [MESSAGE][PASSED] - Delayed 2 second(s)

2018-06-09 17:29:14 - [TEST_STEP][PASSED] - Statement - If (java.lang.String.valueOf(StockQty) >= java.lang.String.valueOf(RequestedQty)): null

2018-06-09 17:29:14 - [TEST_STEP][PASSED] - setText: Text '10' is set on object 'Object Repository/DispensaryToStore/Page_Store/input_txtqty'

2018-06-09 17:29:14 - [MESSAGE][PASSED] - Text '10' is set on object 'Object Repository/DispensaryToStore/Page_Store/input_txtqty'

2018-06-09 17:29:14 - [TEST_STEP][PASSED] - click: Object: 'Object Repository/DispensaryToStore/Page_Store/button_Add' is clicked on

2018-06-09 17:29:14 - [MESSAGE][PASSED] - Object: 'Object Repository/DispensaryToStore/Page_Store/button_Add' is clicked on

2018-06-09 17:29:14 - [TEST_STEP][PASSED] - Statement - Break: null

2018-06-09 17:29:14 - [TEST_STEP][PASSED] - selectOptionByIndex: All options with index in [72] are selected on object 'Object Repository/DispensaryToStore/Page_Store/select_--Select--Adernaline 0.'

2018-06-09 17:29:15 - [MESSAGE][PASSED] - All options with index in [72] are selected on object 'Object Repository/DispensaryToStore/Page_Store/select_--Select--Adernaline 0.'

2018-06-09 17:29:15 - [TEST_STEP][PASSED] - delay: Delayed 2 second(s)

2018-06-09 17:29:17 - [MESSAGE][PASSED] - Delayed 2 second(s)

2018-06-09 17:29:17 - [TEST_STEP][PASSED] - Statement - RequestedQty = com.kms.katalon.core.webui.keyword.WebUiBuiltInKeywords.getAttribute(com.kms.katalon.core.testobject.ObjectRepository.findTestObject(DispensaryToStore/Page_Store/input_txttotal), "value"): Attribute 'value' of object 'Object Repository/DispensaryToStore/Page_Store/input_txttotal' is: '10'

2018-06-09 17:29:17 - [MESSAGE][PASSED] - Attribute 'value' of object 'Object Repository/DispensaryToStore/Page_Store/input_txttotal' is: '10'

2018-06-09 17:29:17 - [TEST_STEP][PASSED] - Statement - out.println("Requested QTY : " + RequestedQty): null

2018-06-09 17:29:17 - [TEST_STEP][PASSED] - Statement - BatchNumber = com.kms.katalon.core.webui.keyword.WebUiBuiltInKeywords.getNumberOfTotalOption(com.kms.katalon.core.testobject.ObjectRepository.findTestObject(DispensaryToStore/Page_Store/select_--Select--BA1170BA2376B)): 2 options of object 'Object Repository/DispensaryToStore/Page_Store/select_--Select--BA1170BA2376B' counted

2018-06-09 17:29:17 - [MESSAGE][PASSED] - 2 options of object 'Object Repository/DispensaryToStore/Page_Store/select_--Select--BA1170BA2376B' counted

2018-06-09 17:29:17 - [TEST_STEP][PASSED] - Statement - For ([g = 1, g <= BatchNumber - 1, (g++)]): null

2018-06-09 17:29:17 - [TEST_STEP][PASSED] - selectOptionByIndex: All options with index in [1] are selected on object 'Object Repository/DispensaryToStore/Page_Store/select_--Select--BA1170BA2376B'

2018-06-09 17:29:17 - [MESSAGE][PASSED] - All options with index in [1] are selected on object 'Object Repository/DispensaryToStore/Page_Store/select_--Select--BA1170BA2376B'

2018-06-09 17:29:17 - [TEST_STEP][PASSED] - Statement - Try: null

2018-06-09 17:29:17 - [TEST_STEP][PASSED] - Statement - StockQty = com.kms.katalon.core.webui.keyword.WebUiBuiltInKeywords.getAttribute(com.kms.katalon.core.testobject.ObjectRepository.findTestObject(DispensaryToStore/Page_Store/input_txtprice), "value"): Attribute 'value' of object 'Object Repository/DispensaryToStore/Page_Store/input_txtprice' is: '340'

2018-06-09 17:29:17 - [MESSAGE][PASSED] - Attribute 'value' of object 'Object Repository/DispensaryToStore/Page_Store/input_txtprice' is: '340'

2018-06-09 17:29:17 - [TEST_STEP][PASSED] - Statement - out.println("Stock QTY : " + StockQty): null

2018-06-09 17:29:17 - [TEST_STEP][PASSED] - delay: Delayed 2 second(s)

2018-06-09 17:29:19 - [MESSAGE][PASSED] - Delayed 2 second(s)

2018-06-09 17:29:19 - [TEST_STEP][PASSED] - Statement - If (java.lang.String.valueOf(StockQty) >= java.lang.String.valueOf(RequestedQty)): null

2018-06-09 17:29:19 - [TEST_STEP][PASSED] - setText: Text '10' is set on object 'Object Repository/DispensaryToStore/Page_Store/input_txtqty'

2018-06-09 17:29:19 - [MESSAGE][PASSED] - Text '10' is set on object 'Object Repository/DispensaryToStore/Page_Store/input_txtqty'

2018-06-09 17:29:19 - [TEST_STEP][PASSED] - click: Object: 'Object Repository/DispensaryToStore/Page_Store/button_Add' is clicked on

2018-06-09 17:29:19 - [MESSAGE][PASSED] - Object: 'Object Repository/DispensaryToStore/Page_Store/button_Add' is clicked on

2018-06-09 17:29:19 - [TEST_STEP][PASSED] - Statement - Break: null

2018-06-09 17:29:19 - [TEST_STEP][PASSED] - selectOptionByIndex: All options with index in [73] are selected on object 'Object Repository/DispensaryToStore/Page_Store/select_--Select--Adernaline 0.'

2018-06-09 17:29:20 - [MESSAGE][PASSED] - All options with index in [73] are selected on object 'Object Repository/DispensaryToStore/Page_Store/select_--Select--Adernaline 0.'

2018-06-09 17:29:20 - [TEST_STEP][PASSED] - delay: Delayed 2 second(s)

2018-06-09 17:29:22 - [MESSAGE][PASSED] - Delayed 2 second(s)

2018-06-09 17:29:22 - [TEST_STEP][PASSED] - Statement - RequestedQty = com.kms.katalon.core.webui.keyword.WebUiBuiltInKeywords.getAttribute(com.kms.katalon.core.testobject.ObjectRepository.findTestObject(DispensaryToStore/Page_Store/input_txttotal), "value"): Attribute 'value' of object 'Object Repository/DispensaryToStore/Page_Store/input_txttotal' is: '10'

2018-06-09 17:29:22 - [MESSAGE][PASSED] - Attribute 'value' of object 'Object Repository/DispensaryToStore/Page_Store/input_txttotal' is: '10'

2018-06-09 17:29:22 - [TEST_STEP][PASSED] - Statement - out.println("Requested QTY : " + RequestedQty): null

2018-06-09 17:29:22 - [TEST_STEP][PASSED] - Statement - BatchNumber = com.kms.katalon.core.webui.keyword.WebUiBuiltInKeywords.getNumberOfTotalOption(com.kms.katalon.core.testobject.ObjectRepository.findTestObject(DispensaryToStore/Page_Store/select_--Select--BA1170BA2376B)): 3 options of object 'Object Repository/DispensaryToStore/Page_Store/select_--Select--BA1170BA2376B' counted

2018-06-09 17:29:22 - [MESSAGE][PASSED] - 3 options of object 'Object Repository/DispensaryToStore/Page_Store/select_--Select--BA1170BA2376B' counted

2018-06-09 17:29:22 - [TEST_STEP][PASSED] - Statement - For ([g = 1, g <= BatchNumber - 1, (g++)]): null

2018-06-09 17:29:22 - [TEST_STEP][PASSED] - selectOptionByIndex: All options with index in [1] are selected on object 'Object Repository/DispensaryToStore/Page_Store/select_--Select--BA1170BA2376B'

2018-06-09 17:29:22 - [MESSAGE][PASSED] - All options with index in [1] are selected on object 'Object Repository/DispensaryToStore/Page_Store/select_--Select--BA1170BA2376B'

2018-06-09 17:29:22 - [TEST_STEP][PASSED] - Statement - Try: null

2018-06-09 17:29:22 - [TEST_STEP][PASSED] - Statement - StockQty = com.kms.katalon.core.webui.keyword.WebUiBuiltInKeywords.getAttribute(com.kms.katalon.core.testobject.ObjectRepository.findTestObject(DispensaryToStore/Page_Store/input_txtprice), "value"): Attribute 'value' of object 'Object Repository/DispensaryToStore/Page_Store/input_txtprice' is: '140'

2018-06-09 17:29:23 - [MESSAGE][PASSED] - Attribute 'value' of object 'Object Repository/DispensaryToStore/Page_Store/input_txtprice' is: '140'

2018-06-09 17:29:23 - [TEST_STEP][PASSED] - Statement - out.println("Stock QTY : " + StockQty): null

2018-06-09 17:29:23 - [TEST_STEP][PASSED] - delay: Delayed 2 second(s)

2018-06-09 17:29:25 - [MESSAGE][PASSED] - Delayed 2 second(s)

2018-06-09 17:29:25 - [TEST_STEP][PASSED] - Statement - If (java.lang.String.valueOf(StockQty) >= java.lang.String.valueOf(RequestedQty)): null

2018-06-09 17:29:25 - [TEST_STEP][PASSED] - setText: Text '10' is set on object 'Object Repository/DispensaryToStore/Page_Store/input_txtqty'

2018-06-09 17:29:25 - [MESSAGE][PASSED] - Text '10' is set on object 'Object Repository/DispensaryToStore/Page_Store/input_txtqty'

2018-06-09 17:29:25 - [TEST_STEP][PASSED] - click: Object: 'Object Repository/DispensaryToStore/Page_Store/button_Add' is clicked on

2018-06-09 17:29:25 - [MESSAGE][PASSED] - Object: 'Object Repository/DispensaryToStore/Page_Store/button_Add' is clicked on

2018-06-09 17:29:25 - [TEST_STEP][PASSED] - Statement - Break: null

2018-06-09 17:29:25 - [TEST_STEP][PASSED] - selectOptionByIndex: All options with index in [74] are selected on object 'Object Repository/DispensaryToStore/Page_Store/select_--Select--Adernaline 0.'

2018-06-09 17:29:26 - [MESSAGE][PASSED] - All options with index in [74] are selected on object 'Object Repository/DispensaryToStore/Page_Store/select_--Select--Adernaline 0.'

2018-06-09 17:29:26 - [TEST_STEP][PASSED] - delay: Delayed 2 second(s)

2018-06-09 17:29:28 - [MESSAGE][PASSED] - Delayed 2 second(s)

2018-06-09 17:29:28 - [TEST_STEP][PASSED] - Statement - RequestedQty = com.kms.katalon.core.webui.keyword.WebUiBuiltInKeywords.getAttribute(com.kms.katalon.core.testobject.ObjectRepository.findTestObject(DispensaryToStore/Page_Store/input_txttotal), "value"): Attribute 'value' of object 'Object Repository/DispensaryToStore/Page_Store/input_txttotal' is: '10'

2018-06-09 17:29:28 - [MESSAGE][PASSED] - Attribute 'value' of object 'Object Repository/DispensaryToStore/Page_Store/input_txttotal' is: '10'

2018-06-09 17:29:28 - [TEST_STEP][PASSED] - Statement - out.println("Requested QTY : " + RequestedQty): null

2018-06-09 17:29:28 - [TEST_STEP][PASSED] - Statement - BatchNumber = com.kms.katalon.core.webui.keyword.WebUiBuiltInKeywords.getNumberOfTotalOption(com.kms.katalon.core.testobject.ObjectRepository.findTestObject(DispensaryToStore/Page_Store/select_--Select--BA1170BA2376B)): 2 options of object 'Object Repository/DispensaryToStore/Page_Store/select_--Select--BA1170BA2376B' counted

2018-06-09 17:29:28 - [MESSAGE][PASSED] - 2 options of object 'Object Repository/DispensaryToStore/Page_Store/select_--Select--BA1170BA2376B' counted

2018-06-09 17:29:28 - [TEST_STEP][PASSED] - Statement - For ([g = 1, g <= BatchNumber - 1, (g++)]): null

2018-06-09 17:29:28 - [TEST_STEP][PASSED] - selectOptionByIndex: All options with index in [1] are selected on object 'Object Repository/DispensaryToStore/Page_Store/select_--Select--BA1170BA2376B'

2018-06-09 17:29:28 - [MESSAGE][PASSED] - All options with index in [1] are selected on object 'Object Repository/DispensaryToStore/Page_Store/select_--Select--BA1170BA2376B'

2018-06-09 17:29:28 - [TEST_STEP][PASSED] - Statement - Try: null

2018-06-09 17:29:28 - [TEST_STEP][PASSED] - Statement - StockQty = com.kms.katalon.core.webui.keyword.WebUiBuiltInKeywords.getAttribute(com.kms.katalon.core.testobject.ObjectRepository.findTestObject(DispensaryToStore/Page_Store/input_txtprice), "value"): Attribute 'value' of object 'Object Repository/DispensaryToStore/Page_Store/input_txtprice' is: '350'

2018-06-09 17:29:28 - [MESSAGE][PASSED] - Attribute 'value' of object 'Object Repository/DispensaryToStore/Page_Store/input_txtprice' is: '350'

2018-06-09 17:29:28 - [TEST_STEP][PASSED] - Statement - out.println("Stock QTY : " + StockQty): null

2018-06-09 17:29:28 - [TEST_STEP][PASSED] - delay: Delayed 2 second(s)

2018-06-09 17:29:30 - [MESSAGE][PASSED] - Delayed 2 second(s)

2018-06-09 17:29:30 - [TEST_STEP][PASSED] - Statement - If (java.lang.String.valueOf(StockQty) >= java.lang.String.valueOf(RequestedQty)): null

2018-06-09 17:29:30 - [TEST_STEP][PASSED] - setText: Text '10' is set on object 'Object Repository/DispensaryToStore/Page_Store/input_txtqty'

2018-06-09 17:29:30 - [MESSAGE][PASSED] - Text '10' is set on object 'Object Repository/DispensaryToStore/Page_Store/input_txtqty'

2018-06-09 17:29:30 - [TEST_STEP][PASSED] - click: Object: 'Object Repository/DispensaryToStore/Page_Store/button_Add' is clicked on

2018-06-09 17:29:30 - [MESSAGE][PASSED] - Object: 'Object Repository/DispensaryToStore/Page_Store/button_Add' is clicked on

2018-06-09 17:29:30 - [TEST_STEP][PASSED] - Statement - Break: null

2018-06-09 17:29:30 - [TEST_STEP][PASSED] - selectOptionByIndex: All options with index in [75] are selected on object 'Object Repository/DispensaryToStore/Page_Store/select_--Select--Adernaline 0.'

2018-06-09 17:29:31 - [MESSAGE][PASSED] - All options with index in [75] are selected on object 'Object Repository/DispensaryToStore/Page_Store/select_--Select--Adernaline 0.'

2018-06-09 17:29:31 - [TEST_STEP][PASSED] - delay: Delayed 2 second(s)

2018-06-09 17:29:33 - [MESSAGE][PASSED] - Delayed 2 second(s)

2018-06-09 17:29:33 - [TEST_STEP][PASSED] - Statement - RequestedQty = com.kms.katalon.core.webui.keyword.WebUiBuiltInKeywords.getAttribute(com.kms.katalon.core.testobject.ObjectRepository.findTestObject(DispensaryToStore/Page_Store/input_txttotal), "value"): Attribute 'value' of object 'Object Repository/DispensaryToStore/Page_Store/input_txttotal' is: '10'

2018-06-09 17:29:33 - [MESSAGE][PASSED] - Attribute 'value' of object 'Object Repository/DispensaryToStore/Page_Store/input_txttotal' is: '10'

2018-06-09 17:29:33 - [TEST_STEP][PASSED] - Statement - out.println("Requested QTY : " + RequestedQty): null

2018-06-09 17:29:33 - [TEST_STEP][PASSED] - Statement - BatchNumber = com.kms.katalon.core.webui.keyword.WebUiBuiltInKeywords.getNumberOfTotalOption(com.kms.katalon.core.testobject.ObjectRepository.findTestObject(DispensaryToStore/Page_Store/select_--Select--BA1170BA2376B)): 2 options of object 'Object Repository/DispensaryToStore/Page_Store/select_--Select--BA1170BA2376B' counted

2018-06-09 17:29:33 - [MESSAGE][PASSED] - 2 options of object 'Object Repository/DispensaryToStore/Page_Store/select_--Select--BA1170BA2376B' counted

2018-06-09 17:29:33 - [TEST_STEP][PASSED] - Statement - For ([g = 1, g <= BatchNumber - 1, (g++)]): null

2018-06-09 17:29:33 - [TEST_STEP][PASSED] - selectOptionByIndex: All options with index in [1] are selected on object 'Object Repository/DispensaryToStore/Page_Store/select_--Select--BA1170BA2376B'

2018-06-09 17:29:33 - [MESSAGE][PASSED] - All options with index in [1] are selected on object 'Object Repository/DispensaryToStore/Page_Store/select_--Select--BA1170BA2376B'

2018-06-09 17:29:33 - [TEST_STEP][PASSED] - Statement - Try: null

2018-06-09 17:29:33 - [TEST_STEP][PASSED] - Statement - StockQty = com.kms.katalon.core.webui.keyword.WebUiBuiltInKeywords.getAttribute(com.kms.katalon.core.testobject.ObjectRepository.findTestObject(DispensaryToStore/Page_Store/input_txtprice), "value"): Attribute 'value' of object 'Object Repository/DispensaryToStore/Page_Store/input_txtprice' is: '340'

2018-06-09 17:29:33 - [MESSAGE][PASSED] - Attribute 'value' of object 'Object Repository/DispensaryToStore/Page_Store/input_txtprice' is: '340'

2018-06-09 17:29:33 - [TEST_STEP][PASSED] - Statement - out.println("Stock QTY : " + StockQty): null

2018-06-09 17:29:33 - [TEST_STEP][PASSED] - delay: Delayed 2 second(s)

2018-06-09 17:29:35 - [MESSAGE][PASSED] - Delayed 2 second(s)

2018-06-09 17:29:35 - [TEST_STEP][PASSED] - Statement - If (java.lang.String.valueOf(StockQty) >= java.lang.String.valueOf(RequestedQty)): null

2018-06-09 17:29:35 - [TEST_STEP][PASSED] - setText: Text '10' is set on object 'Object Repository/DispensaryToStore/Page_Store/input_txtqty'

2018-06-09 17:29:35 - [MESSAGE][PASSED] - Text '10' is set on object 'Object Repository/DispensaryToStore/Page_Store/input_txtqty'

2018-06-09 17:29:35 - [TEST_STEP][PASSED] - click: Object: 'Object Repository/DispensaryToStore/Page_Store/button_Add' is clicked on

2018-06-09 17:29:35 - [MESSAGE][PASSED] - Object: 'Object Repository/DispensaryToStore/Page_Store/button_Add' is clicked on

2018-06-09 17:29:35 - [TEST_STEP][PASSED] - Statement - Break: null

2018-06-09 17:29:35 - [TEST_STEP][PASSED] - selectOptionByIndex: All options with index in [76] are selected on object 'Object Repository/DispensaryToStore/Page_Store/select_--Select--Adernaline 0.'

2018-06-09 17:29:36 - [MESSAGE][PASSED] - All options with index in [76] are selected on object 'Object Repository/DispensaryToStore/Page_Store/select_--Select--Adernaline 0.'

2018-06-09 17:29:36 - [TEST_STEP][PASSED] - delay: Delayed 2 second(s)

2018-06-09 17:29:38 - [MESSAGE][PASSED] - Delayed 2 second(s)

2018-06-09 17:29:38 - [TEST_STEP][PASSED] - Statement - RequestedQty = com.kms.katalon.core.webui.keyword.WebUiBuiltInKeywords.getAttribute(com.kms.katalon.core.testobject.ObjectRepository.findTestObject(DispensaryToStore/Page_Store/input_txttotal), "value"): Attribute 'value' of object 'Object Repository/DispensaryToStore/Page_Store/input_txttotal' is: '10'

2018-06-09 17:29:38 - [MESSAGE][PASSED] - Attribute 'value' of object 'Object Repository/DispensaryToStore/Page_Store/input_txttotal' is: '10'

2018-06-09 17:29:38 - [TEST_STEP][PASSED] - Statement - out.println("Requested QTY : " + RequestedQty): null

2018-06-09 17:29:38 - [TEST_STEP][PASSED] - Statement - BatchNumber = com.kms.katalon.core.webui.keyword.WebUiBuiltInKeywords.getNumberOfTotalOption(com.kms.katalon.core.testobject.ObjectRepository.findTestObject(DispensaryToStore/Page_Store/select_--Select--BA1170BA2376B)): 2 options of object 'Object Repository/DispensaryToStore/Page_Store/select_--Select--BA1170BA2376B' counted

2018-06-09 17:29:38 - [MESSAGE][PASSED] - 2 options of object 'Object Repository/DispensaryToStore/Page_Store/select_--Select--BA1170BA2376B' counted

2018-06-09 17:29:38 - [TEST_STEP][PASSED] - Statement - For ([g = 1, g <= BatchNumber - 1, (g++)]): null

2018-06-09 17:29:38 - [TEST_STEP][PASSED] - selectOptionByIndex: All options with index in [1] are selected on object 'Object Repository/DispensaryToStore/Page_Store/select_--Select--BA1170BA2376B'

2018-06-09 17:29:38 - [MESSAGE][PASSED] - All options with index in [1] are selected on object 'Object Repository/DispensaryToStore/Page_Store/select_--Select--BA1170BA2376B'

2018-06-09 17:29:38 - [TEST_STEP][PASSED] - Statement - Try: null

2018-06-09 17:29:38 - [TEST_STEP][PASSED] - Statement - StockQty = com.kms.katalon.core.webui.keyword.WebUiBuiltInKeywords.getAttribute(com.kms.katalon.core.testobject.ObjectRepository.findTestObject(DispensaryToStore/Page_Store/input_txtprice), "value"): Attribute 'value' of object 'Object Repository/DispensaryToStore/Page_Store/input_txtprice' is: '340'

2018-06-09 17:29:38 - [MESSAGE][PASSED] - Attribute 'value' of object 'Object Repository/DispensaryToStore/Page_Store/input_txtprice' is: '340'

2018-06-09 17:29:38 - [TEST_STEP][PASSED] - Statement - out.println("Stock QTY : " + StockQty): null

2018-06-09 17:29:38 - [TEST_STEP][PASSED] - delay: Delayed 2 second(s)

2018-06-09 17:29:40 - [MESSAGE][PASSED] - Delayed 2 second(s)

2018-06-09 17:29:40 - [TEST_STEP][PASSED] - Statement - If (java.lang.String.valueOf(StockQty) >= java.lang.String.valueOf(RequestedQty)): null

2018-06-09 17:29:40 - [TEST_STEP][PASSED] - setText: Text '10' is set on object 'Object Repository/DispensaryToStore/Page_Store/input_txtqty'

2018-06-09 17:29:40 - [MESSAGE][PASSED] - Text '10' is set on object 'Object Repository/DispensaryToStore/Page_Store/input_txtqty'

2018-06-09 17:29:40 - [TEST_STEP][PASSED] - click: Object: 'Object Repository/DispensaryToStore/Page_Store/button_Add' is clicked on

2018-06-09 17:29:41 - [MESSAGE][PASSED] - Object: 'Object Repository/DispensaryToStore/Page_Store/button_Add' is clicked on

2018-06-09 17:29:41 - [TEST_STEP][PASSED] - Statement - Break: null

2018-06-09 17:29:41 - [TEST_STEP][PASSED] - selectOptionByIndex: All options with index in [77] are selected on object 'Object Repository/DispensaryToStore/Page_Store/select_--Select--Adernaline 0.'

2018-06-09 17:29:41 - [MESSAGE][PASSED] - All options with index in [77] are selected on object 'Object Repository/DispensaryToStore/Page_Store/select_--Select--Adernaline 0.'

2018-06-09 17:29:41 - [TEST_STEP][PASSED] - delay: Delayed 2 second(s)

2018-06-09 17:29:43 - [MESSAGE][PASSED] - Delayed 2 second(s)

2018-06-09 17:29:43 - [TEST_STEP][PASSED] - Statement - RequestedQty = com.kms.katalon.core.webui.keyword.WebUiBuiltInKeywords.getAttribute(com.kms.katalon.core.testobject.ObjectRepository.findTestObject(DispensaryToStore/Page_Store/input_txttotal), "value"): Attribute 'value' of object 'Object Repository/DispensaryToStore/Page_Store/input_txttotal' is: '10'

2018-06-09 17:29:44 - [MESSAGE][PASSED] - Attribute 'value' of object 'Object Repository/DispensaryToStore/Page_Store/input_txttotal' is: '10'

2018-06-09 17:29:44 - [TEST_STEP][PASSED] - Statement - out.println("Requested QTY : " + RequestedQty): null

2018-06-09 17:29:44 - [TEST_STEP][PASSED] - Statement - BatchNumber = com.kms.katalon.core.webui.keyword.WebUiBuiltInKeywords.getNumberOfTotalOption(com.kms.katalon.core.testobject.ObjectRepository.findTestObject(DispensaryToStore/Page_Store/select_--Select--BA1170BA2376B)): 3 options of object 'Object Repository/DispensaryToStore/Page_Store/select_--Select--BA1170BA2376B' counted

2018-06-09 17:29:44 - [MESSAGE][PASSED] - 3 options of object 'Object Repository/DispensaryToStore/Page_Store/select_--Select--BA1170BA2376B' counted

2018-06-09 17:29:44 - [TEST_STEP][PASSED] - Statement - For ([g = 1, g <= BatchNumber - 1, (g++)]): null

2018-06-09 17:29:44 - [TEST_STEP][PASSED] - selectOptionByIndex: All options with index in [1] are selected on object 'Object Repository/DispensaryToStore/Page_Store/select_--Select--BA1170BA2376B'

2018-06-09 17:29:44 - [MESSAGE][PASSED] - All options with index in [1] are selected on object 'Object Repository/DispensaryToStore/Page_Store/select_--Select--BA1170BA2376B'

2018-06-09 17:29:44 - [TEST_STEP][PASSED] - Statement - Try: null

2018-06-09 17:29:44 - [TEST_STEP][PASSED] - Statement - StockQty = com.kms.katalon.core.webui.keyword.WebUiBuiltInKeywords.getAttribute(com.kms.katalon.core.testobject.ObjectRepository.findTestObject(DispensaryToStore/Page_Store/input_txtprice), "value"): Attribute 'value' of object 'Object Repository/DispensaryToStore/Page_Store/input_txtprice' is: '140'

2018-06-09 17:29:44 - [MESSAGE][PASSED] - Attribute 'value' of object 'Object Repository/DispensaryToStore/Page_Store/input_txtprice' is: '140'

2018-06-09 17:29:44 - [TEST_STEP][PASSED] - Statement - out.println("Stock QTY : " + StockQty): null

2018-06-09 17:29:44 - [TEST_STEP][PASSED] - delay: Delayed 2 second(s)

2018-06-09 17:29:46 - [MESSAGE][PASSED] - Delayed 2 second(s)

2018-06-09 17:29:46 - [TEST_STEP][PASSED] - Statement - If (java.lang.String.valueOf(StockQty) >= java.lang.String.valueOf(RequestedQty)): null

2018-06-09 17:29:46 - [TEST_STEP][PASSED] - setText: Text '10' is set on object 'Object Repository/DispensaryToStore/Page_Store/input_txtqty'

2018-06-09 17:29:46 - [MESSAGE][PASSED] - Text '10' is set on object 'Object Repository/DispensaryToStore/Page_Store/input_txtqty'

2018-06-09 17:29:46 - [TEST_STEP][PASSED] - click: Object: 'Object Repository/DispensaryToStore/Page_Store/button_Add' is clicked on

2018-06-09 17:29:46 - [MESSAGE][PASSED] - Object: 'Object Repository/DispensaryToStore/Page_Store/button_Add' is clicked on

2018-06-09 17:29:46 - [TEST_STEP][PASSED] - Statement - Break: null

2018-06-09 17:29:46 - [TEST_STEP][PASSED] - selectOptionByIndex: All options with index in [78] are selected on object 'Object Repository/DispensaryToStore/Page_Store/select_--Select--Adernaline 0.'

2018-06-09 17:29:47 - [MESSAGE][PASSED] - All options with index in [78] are selected on object 'Object Repository/DispensaryToStore/Page_Store/select_--Select--Adernaline 0.'

2018-06-09 17:29:47 - [TEST_STEP][PASSED] - delay: Delayed 2 second(s)

2018-06-09 17:29:49 - [MESSAGE][PASSED] - Delayed 2 second(s)

2018-06-09 17:29:49 - [TEST_STEP][PASSED] - Statement - RequestedQty = com.kms.katalon.core.webui.keyword.WebUiBuiltInKeywords.getAttribute(com.kms.katalon.core.testobject.ObjectRepository.findTestObject(DispensaryToStore/Page_Store/input_txttotal), "value"): Attribute 'value' of object 'Object Repository/DispensaryToStore/Page_Store/input_txttotal' is: '10'

2018-06-09 17:29:49 - [MESSAGE][PASSED] - Attribute 'value' of object 'Object Repository/DispensaryToStore/Page_Store/input_txttotal' is: '10'

2018-06-09 17:29:49 - [TEST_STEP][PASSED] - Statement - out.println("Requested QTY : " + RequestedQty): null

2018-06-09 17:29:49 - [TEST_STEP][PASSED] - Statement - BatchNumber = com.kms.katalon.core.webui.keyword.WebUiBuiltInKeywords.getNumberOfTotalOption(com.kms.katalon.core.testobject.ObjectRepository.findTestObject(DispensaryToStore/Page_Store/select_--Select--BA1170BA2376B)): 3 options of object 'Object Repository/DispensaryToStore/Page_Store/select_--Select--BA1170BA2376B' counted

2018-06-09 17:29:49 - [MESSAGE][PASSED] - 3 options of object 'Object Repository/DispensaryToStore/Page_Store/select_--Select--BA1170BA2376B' counted

2018-06-09 17:29:49 - [TEST_STEP][PASSED] - Statement - For ([g = 1, g <= BatchNumber - 1, (g++)]): null

2018-06-09 17:29:49 - [TEST_STEP][PASSED] - selectOptionByIndex: All options with index in [1] are selected on object 'Object Repository/DispensaryToStore/Page_Store/select_--Select--BA1170BA2376B'

2018-06-09 17:29:49 - [MESSAGE][PASSED] - All options with index in [1] are selected on object 'Object Repository/DispensaryToStore/Page_Store/select_--Select--BA1170BA2376B'

2018-06-09 17:29:49 - [TEST_STEP][PASSED] - Statement - Try: null

2018-06-09 17:29:49 - [TEST_STEP][PASSED] - Statement - StockQty = com.kms.katalon.core.webui.keyword.WebUiBuiltInKeywords.getAttribute(com.kms.katalon.core.testobject.ObjectRepository.findTestObject(DispensaryToStore/Page_Store/input_txtprice), "value"): Attribute 'value' of object 'Object Repository/DispensaryToStore/Page_Store/input_txtprice' is: '180'

2018-06-09 17:29:49 - [MESSAGE][PASSED] - Attribute 'value' of object 'Object Repository/DispensaryToStore/Page_Store/input_txtprice' is: '180'

2018-06-09 17:29:49 - [TEST_STEP][PASSED] - Statement - out.println("Stock QTY : " + StockQty): null

2018-06-09 17:29:49 - [TEST_STEP][PASSED] - delay: Delayed 2 second(s)

2018-06-09 17:29:51 - [MESSAGE][PASSED] - Delayed 2 second(s)

2018-06-09 17:29:51 - [TEST_STEP][PASSED] - Statement - If (java.lang.String.valueOf(StockQty) >= java.lang.String.valueOf(RequestedQty)): null

2018-06-09 17:29:51 - [TEST_STEP][PASSED] - setText: Text '10' is set on object 'Object Repository/DispensaryToStore/Page_Store/input_txtqty'

2018-06-09 17:29:51 - [MESSAGE][PASSED] - Text '10' is set on object 'Object Repository/DispensaryToStore/Page_Store/input_txtqty'

2018-06-09 17:29:51 - [TEST_STEP][PASSED] - click: Object: 'Object Repository/DispensaryToStore/Page_Store/button_Add' is clicked on

2018-06-09 17:29:51 - [MESSAGE][PASSED] - Object: 'Object Repository/DispensaryToStore/Page_Store/button_Add' is clicked on

2018-06-09 17:29:51 - [TEST_STEP][PASSED] - Statement - Break: null

2018-06-09 17:29:51 - [TEST_STEP][PASSED] - selectOptionByIndex: All options with index in [79] are selected on object 'Object Repository/DispensaryToStore/Page_Store/select_--Select--Adernaline 0.'

2018-06-09 17:29:52 - [MESSAGE][PASSED] - All options with index in [79] are selected on object 'Object Repository/DispensaryToStore/Page_Store/select_--Select--Adernaline 0.'

2018-06-09 17:29:52 - [TEST_STEP][PASSED] - delay: Delayed 2 second(s)

2018-06-09 17:29:54 - [MESSAGE][PASSED] - Delayed 2 second(s)

2018-06-09 17:29:54 - [TEST_STEP][PASSED] - Statement - RequestedQty = com.kms.katalon.core.webui.keyword.WebUiBuiltInKeywords.getAttribute(com.kms.katalon.core.testobject.ObjectRepository.findTestObject(DispensaryToStore/Page_Store/input_txttotal), "value"): Attribute 'value' of object 'Object Repository/DispensaryToStore/Page_Store/input_txttotal' is: '10'

2018-06-09 17:29:54 - [MESSAGE][PASSED] - Attribute 'value' of object 'Object Repository/DispensaryToStore/Page_Store/input_txttotal' is: '10'

2018-06-09 17:29:54 - [TEST_STEP][PASSED] - Statement - out.println("Requested QTY : " + RequestedQty): null

2018-06-09 17:29:54 - [TEST_STEP][PASSED] - Statement - BatchNumber = com.kms.katalon.core.webui.keyword.WebUiBuiltInKeywords.getNumberOfTotalOption(com.kms.katalon.core.testobject.ObjectRepository.findTestObject(DispensaryToStore/Page_Store/select_--Select--BA1170BA2376B)): 2 options of object 'Object Repository/DispensaryToStore/Page_Store/select_--Select--BA1170BA2376B' counted

2018-06-09 17:29:54 - [MESSAGE][PASSED] - 2 options of object 'Object Repository/DispensaryToStore/Page_Store/select_--Select--BA1170BA2376B' counted

2018-06-09 17:29:54 - [TEST_STEP][PASSED] - Statement - For ([g = 1, g <= BatchNumber - 1, (g++)]): null

2018-06-09 17:29:54 - [TEST_STEP][PASSED] - selectOptionByIndex: All options with index in [1] are selected on object 'Object Repository/DispensaryToStore/Page_Store/select_--Select--BA1170BA2376B'

2018-06-09 17:29:54 - [MESSAGE][PASSED] - All options with index in [1] are selected on object 'Object Repository/DispensaryToStore/Page_Store/select_--Select--BA1170BA2376B'

2018-06-09 17:29:54 - [TEST_STEP][PASSED] - Statement - Try: null

2018-06-09 17:29:54 - [TEST_STEP][PASSED] - Statement - StockQty = com.kms.katalon.core.webui.keyword.WebUiBuiltInKeywords.getAttribute(com.kms.katalon.core.testobject.ObjectRepository.findTestObject(DispensaryToStore/Page_Store/input_txtprice), "value"): Attribute 'value' of object 'Object Repository/DispensaryToStore/Page_Store/input_txtprice' is: '340'

2018-06-09 17:29:54 - [MESSAGE][PASSED] - Attribute 'value' of object 'Object Repository/DispensaryToStore/Page_Store/input_txtprice' is: '340'

2018-06-09 17:29:54 - [TEST_STEP][PASSED] - Statement - out.println("Stock QTY : " + StockQty): null

2018-06-09 17:29:54 - [TEST_STEP][PASSED] - delay: Delayed 2 second(s)

2018-06-09 17:29:56 - [MESSAGE][PASSED] - Delayed 2 second(s)

2018-06-09 17:29:56 - [TEST_STEP][PASSED] - Statement - If (java.lang.String.valueOf(StockQty) >= java.lang.String.valueOf(RequestedQty)): null

2018-06-09 17:29:56 - [TEST_STEP][PASSED] - setText: Text '10' is set on object 'Object Repository/DispensaryToStore/Page_Store/input_txtqty'

2018-06-09 17:29:57 - [MESSAGE][PASSED] - Text '10' is set on object 'Object Repository/DispensaryToStore/Page_Store/input_txtqty'

2018-06-09 17:29:57 - [TEST_STEP][PASSED] - click: Object: 'Object Repository/DispensaryToStore/Page_Store/button_Add' is clicked on

2018-06-09 17:29:57 - [MESSAGE][PASSED] - Object: 'Object Repository/DispensaryToStore/Page_Store/button_Add' is clicked on

2018-06-09 17:29:57 - [TEST_STEP][PASSED] - Statement - Break: null

2018-06-09 17:29:57 - [TEST_STEP][PASSED] - selectOptionByIndex: All options with index in [80] are selected on object 'Object Repository/DispensaryToStore/Page_Store/select_--Select--Adernaline 0.'

2018-06-09 17:29:58 - [MESSAGE][PASSED] - All options with index in [80] are selected on object 'Object Repository/DispensaryToStore/Page_Store/select_--Select--Adernaline 0.'

2018-06-09 17:29:58 - [TEST_STEP][PASSED] - delay: Delayed 2 second(s)

2018-06-09 17:30:00 - [MESSAGE][PASSED] - Delayed 2 second(s)

2018-06-09 17:30:00 - [TEST_STEP][PASSED] - Statement - RequestedQty = com.kms.katalon.core.webui.keyword.WebUiBuiltInKeywords.getAttribute(com.kms.katalon.core.testobject.ObjectRepository.findTestObject(DispensaryToStore/Page_Store/input_txttotal), "value"): Attribute 'value' of object 'Object Repository/DispensaryToStore/Page_Store/input_txttotal' is: '10'

2018-06-09 17:30:00 - [MESSAGE][PASSED] - Attribute 'value' of object 'Object Repository/DispensaryToStore/Page_Store/input_txttotal' is: '10'

2018-06-09 17:30:00 - [TEST_STEP][PASSED] - Statement - out.println("Requested QTY : " + RequestedQty): null

2018-06-09 17:30:00 - [TEST_STEP][PASSED] - Statement - BatchNumber = com.kms.katalon.core.webui.keyword.WebUiBuiltInKeywords.getNumberOfTotalOption(com.kms.katalon.core.testobject.ObjectRepository.findTestObject(DispensaryToStore/Page_Store/select_--Select--BA1170BA2376B)): 2 options of object 'Object Repository/DispensaryToStore/Page_Store/select_--Select--BA1170BA2376B' counted

2018-06-09 17:30:00 - [MESSAGE][PASSED] - 2 options of object 'Object Repository/DispensaryToStore/Page_Store/select_--Select--BA1170BA2376B' counted

2018-06-09 17:30:00 - [TEST_STEP][PASSED] - Statement - For ([g = 1, g <= BatchNumber - 1, (g++)]): null

2018-06-09 17:30:00 - [TEST_STEP][PASSED] - selectOptionByIndex: All options with index in [1] are selected on object 'Object Repository/DispensaryToStore/Page_Store/select_--Select--BA1170BA2376B'

2018-06-09 17:30:00 - [MESSAGE][PASSED] - All options with index in [1] are selected on object 'Object Repository/DispensaryToStore/Page_Store/select_--Select--BA1170BA2376B'

2018-06-09 17:30:00 - [TEST_STEP][PASSED] - Statement - Try: null

2018-06-09 17:30:00 - [TEST_STEP][PASSED] - Statement - StockQty = com.kms.katalon.core.webui.keyword.WebUiBuiltInKeywords.getAttribute(com.kms.katalon.core.testobject.ObjectRepository.findTestObject(DispensaryToStore/Page_Store/input_txtprice), "value"): Attribute 'value' of object 'Object Repository/DispensaryToStore/Page_Store/input_txtprice' is: '340'

2018-06-09 17:30:00 - [MESSAGE][PASSED] - Attribute 'value' of object 'Object Repository/DispensaryToStore/Page_Store/input_txtprice' is: '340'

2018-06-09 17:30:00 - [TEST_STEP][PASSED] - Statement - out.println("Stock QTY : " + StockQty): null

2018-06-09 17:30:00 - [TEST_STEP][PASSED] - delay: Delayed 2 second(s)

2018-06-09 17:30:02 - [MESSAGE][PASSED] - Delayed 2 second(s)

2018-06-09 17:30:02 - [TEST_STEP][PASSED] - Statement - If (java.lang.String.valueOf(StockQty) >= java.lang.String.valueOf(RequestedQty)): null

2018-06-09 17:30:02 - [TEST_STEP][PASSED] - setText: Text '10' is set on object 'Object Repository/DispensaryToStore/Page_Store/input_txtqty'

2018-06-09 17:30:02 - [MESSAGE][PASSED] - Text '10' is set on object 'Object Repository/DispensaryToStore/Page_Store/input_txtqty'

2018-06-09 17:30:02 - [TEST_STEP][PASSED] - click: Object: 'Object Repository/DispensaryToStore/Page_Store/button_Add' is clicked on

2018-06-09 17:30:02 - [MESSAGE][PASSED] - Object: 'Object Repository/DispensaryToStore/Page_Store/button_Add' is clicked on

2018-06-09 17:30:02 - [TEST_STEP][PASSED] - Statement - Break: null

2018-06-09 17:30:02 - [TEST_STEP][PASSED] - scrollToElement: Scroll to object 'Object Repository/DispensaryToStore/Page_Store/input_btnSubmit' successfully

2018-06-09 17:30:02 - [MESSAGE][PASSED] - Scroll to object 'Object Repository/DispensaryToStore/Page_Store/input_btnSubmit' successfully

2018-06-09 17:30:02 - [TEST_STEP][PASSED] - click: Object: 'Object Repository/DispensaryToStore/Page_Store/input_btnSubmit' is clicked on

2018-06-09 17:30:02 - [MESSAGE][PASSED] - Object: 'Object Repository/DispensaryToStore/Page_Store/input_btnSubmit' is clicked on

2018-06-09 17:30:02 - [TEST_STEP][PASSED] - delay: Delayed 3 second(s)

2018-06-09 17:30:05 - [MESSAGE][PASSED] - Delayed 3 second(s)

2018-06-09 17:30:05 - [TEST_STEP][PASSED] - click: Object: 'Object Repository/DispensaryToStore/Page_Store/button_OK' is clicked on

2018-06-09 17:30:11 - [MESSAGE][PASSED] - Object: 'Object Repository/DispensaryToStore/Page_Store/button_OK' is clicked on

2018-06-09 17:30:11 - [TEST_STEP][PASSED] - delay: Delayed 3 second(s)

2018-06-09 17:30:14 - [MESSAGE][PASSED] - Delayed 3 second(s)

2018-06-09 17:30:14 - [TEST_STEP][PASSED] - click: Object: 'Object Repository/DispensaryToStore/Page_Store/a_dropdown-toggle' is clicked on

2018-06-09 17:30:14 - [MESSAGE][PASSED] - Object: 'Object Repository/DispensaryToStore/Page_Store/a_dropdown-toggle' is clicked on

2018-06-09 17:30:14 - [TEST_STEP][PASSED] - click: Object: 'Object Repository/DispensaryToStore/Page_Store/a_Sign out' is clicked on

2018-06-09 17:30:15 - [MESSAGE][PASSED] - Object: 'Object Repository/DispensaryToStore/Page_Store/a_Sign out' is clicked on

2018-06-09 17:30:15 - [TEST_STEP][PASSED] - closeBrowser: Browser is closed

2018-06-09 17:30:16 - [MESSAGE][PASSED] - Browser is closed]]></system-out>
         <system-err><![CDATA[]]></system-err>
      </testcase>
      <testcase name="Test Cases/DISPENSARY TEST CASES/TC_DP_012 Verify Schedule 12 Dispensary Request Are Working Successfully Or Not" classname="Test Cases/DISPENSARY TEST CASES/TC_DP_012 Verify Schedule 12 Dispensary Request Are Working Successfully Or Not" status="PASSED">
         <system-out><![CDATA[2018-06-09 17:30:16 - [TEST_CASE][PASSED] - Test Cases/DISPENSARY TEST CASES/TC_DP_012 Verify Schedule 12 Dispensary Request Are Working Successfully Or Not: Test Cases/DISPENSARY TEST CASES/TC_DP_012 Verify Schedule 12 Dispensary Request Are Working Successfully Or Not

2018-06-09 17:30:16 - [TEST_STEP][PASSED] - openBrowser: Browser is opened with url: ''

2018-06-09 17:30:18 - [MESSAGE][PASSED] - Browser is opened with url: ''

2018-06-09 17:30:18 - [TEST_STEP][PASSED] - navigateToUrl: Navigate to 'http://192.168.137.1/multihospital_new/HDSplashscreen.aspx' successfully

2018-06-09 17:30:19 - [MESSAGE][PASSED] - Navigate to 'http://192.168.137.1/multihospital_new/HDSplashscreen.aspx' successfully

2018-06-09 17:30:19 - [TEST_STEP][PASSED] - maximizeWindow: Current window maximized

2018-06-09 17:30:21 - [MESSAGE][PASSED] - Current window maximized

2018-06-09 17:30:21 - [TEST_STEP][PASSED] - click: Object: 'Object Repository/DispensaryToStore/Page_KDMC/a_Dispensary Store' is clicked on

2018-06-09 17:30:21 - [MESSAGE][PASSED] - Object: 'Object Repository/DispensaryToStore/Page_KDMC/a_Dispensary Store' is clicked on

2018-06-09 17:30:21 - [TEST_STEP][PASSED] - setText: Text 'rajaram' is set on object 'Object Repository/DispensaryToStore/Page_Dispensary Store Login/input_txtusername'

2018-06-09 17:30:22 - [MESSAGE][PASSED] - Text 'rajaram' is set on object 'Object Repository/DispensaryToStore/Page_Dispensary Store Login/input_txtusername'

2018-06-09 17:30:22 - [TEST_STEP][PASSED] - setText: Text '123' is set on object 'Object Repository/DispensaryToStore/Page_Dispensary Store Login/input_txtpassword'

2018-06-09 17:30:22 - [MESSAGE][PASSED] - Text '123' is set on object 'Object Repository/DispensaryToStore/Page_Dispensary Store Login/input_txtpassword'

2018-06-09 17:30:22 - [TEST_STEP][PASSED] - delay: Delayed 3 second(s)

2018-06-09 17:30:25 - [MESSAGE][PASSED] - Delayed 3 second(s)

2018-06-09 17:30:25 - [TEST_STEP][PASSED] - sendKeys: Keys 'ENTER + ' sent to object: 'Object Repository/DispensaryToStore/Page_Dispensary Store Login/input_txtpassword'

2018-06-09 17:30:25 - [MESSAGE][PASSED] - Keys 'ENTER + ' sent to object: 'Object Repository/DispensaryToStore/Page_Dispensary Store Login/input_txtpassword'

2018-06-09 17:30:25 - [TEST_STEP][PASSED] - delay: Delayed 3 second(s)

2018-06-09 17:30:28 - [MESSAGE][PASSED] - Delayed 3 second(s)

2018-06-09 17:30:28 - [TEST_STEP][PASSED] - click: Object: 'Object Repository/DispensaryToStore/Page_Dispensary Store/a_Request to Store' is clicked on

2018-06-09 17:30:29 - [MESSAGE][PASSED] - Object: 'Object Repository/DispensaryToStore/Page_Dispensary Store/a_Request to Store' is clicked on

2018-06-09 17:30:29 - [TEST_STEP][PASSED] - click: Object: 'Object Repository/DispensaryToStore/Page_Dispensary Store/a_Medicine Request' is clicked on

2018-06-09 17:30:29 - [MESSAGE][PASSED] - Object: 'Object Repository/DispensaryToStore/Page_Dispensary Store/a_Medicine Request' is clicked on

2018-06-09 17:30:29 - [TEST_STEP][PASSED] - selectOptionByIndex: All options with index in [12] are selected on object 'Object Repository/DispensaryToStore/Page_Dispensary Store/select_--Select--Schedule 1Inj'

2018-06-09 17:30:29 - [MESSAGE][PASSED] - All options with index in [12] are selected on object 'Object Repository/DispensaryToStore/Page_Dispensary Store/select_--Select--Schedule 1Inj'

2018-06-09 17:30:29 - [TEST_STEP][PASSED] - Statement - medicineslength = com.kms.katalon.core.webui.keyword.WebUiBuiltInKeywords.getNumberOfTotalOption(com.kms.katalon.core.testobject.ObjectRepository.findTestObject(DispensaryToStore/Page_Dispensary Store/select_--Select--Adernaline 0.)): 19 options of object 'Object Repository/DispensaryToStore/Page_Dispensary Store/select_--Select--Adernaline 0.' counted

2018-06-09 17:30:30 - [MESSAGE][PASSED] - 19 options of object 'Object Repository/DispensaryToStore/Page_Dispensary Store/select_--Select--Adernaline 0.' counted

2018-06-09 17:30:30 - [TEST_STEP][PASSED] - Statement - For ([e = 1, e <= medicineslength - 1, (e++)]): Object: 'Object Repository/DispensaryToStore/Page_Dispensary Store/button_Add' is clicked on

2018-06-09 17:30:30 - [TEST_STEP][PASSED] - selectOptionByIndex: All options with index in [12] are selected on object 'Object Repository/DispensaryToStore/Page_Dispensary Store/select_--Select--Schedule 1Inj'

2018-06-09 17:30:30 - [MESSAGE][PASSED] - All options with index in [12] are selected on object 'Object Repository/DispensaryToStore/Page_Dispensary Store/select_--Select--Schedule 1Inj'

2018-06-09 17:30:30 - [TEST_STEP][PASSED] - selectOptionByIndex: All options with index in [1] are selected on object 'Object Repository/DispensaryToStore/Page_Dispensary Store/select_--Select--Adernaline 0.'

2018-06-09 17:30:30 - [MESSAGE][PASSED] - All options with index in [1] are selected on object 'Object Repository/DispensaryToStore/Page_Dispensary Store/select_--Select--Adernaline 0.'

2018-06-09 17:30:30 - [TEST_STEP][PASSED] - setText: Text '10' is set on object 'Object Repository/DispensaryToStore/Page_Dispensary Store/input_txttreat'

2018-06-09 17:30:30 - [MESSAGE][PASSED] - Text '10' is set on object 'Object Repository/DispensaryToStore/Page_Dispensary Store/input_txttreat'

2018-06-09 17:30:30 - [TEST_STEP][PASSED] - click: Object: 'Object Repository/DispensaryToStore/Page_Dispensary Store/button_Add' is clicked on

2018-06-09 17:30:30 - [MESSAGE][PASSED] - Object: 'Object Repository/DispensaryToStore/Page_Dispensary Store/button_Add' is clicked on

2018-06-09 17:30:30 - [TEST_STEP][PASSED] - selectOptionByIndex: All options with index in [12] are selected on object 'Object Repository/DispensaryToStore/Page_Dispensary Store/select_--Select--Schedule 1Inj'

2018-06-09 17:30:31 - [MESSAGE][PASSED] - All options with index in [12] are selected on object 'Object Repository/DispensaryToStore/Page_Dispensary Store/select_--Select--Schedule 1Inj'

2018-06-09 17:30:31 - [TEST_STEP][PASSED] - selectOptionByIndex: All options with index in [2] are selected on object 'Object Repository/DispensaryToStore/Page_Dispensary Store/select_--Select--Adernaline 0.'

2018-06-09 17:30:31 - [MESSAGE][PASSED] - All options with index in [2] are selected on object 'Object Repository/DispensaryToStore/Page_Dispensary Store/select_--Select--Adernaline 0.'

2018-06-09 17:30:31 - [TEST_STEP][PASSED] - setText: Text '10' is set on object 'Object Repository/DispensaryToStore/Page_Dispensary Store/input_txttreat'

2018-06-09 17:30:31 - [MESSAGE][PASSED] - Text '10' is set on object 'Object Repository/DispensaryToStore/Page_Dispensary Store/input_txttreat'

2018-06-09 17:30:31 - [TEST_STEP][PASSED] - click: Object: 'Object Repository/DispensaryToStore/Page_Dispensary Store/button_Add' is clicked on

2018-06-09 17:30:31 - [MESSAGE][PASSED] - Object: 'Object Repository/DispensaryToStore/Page_Dispensary Store/button_Add' is clicked on

2018-06-09 17:30:31 - [TEST_STEP][PASSED] - selectOptionByIndex: All options with index in [12] are selected on object 'Object Repository/DispensaryToStore/Page_Dispensary Store/select_--Select--Schedule 1Inj'

2018-06-09 17:30:31 - [MESSAGE][PASSED] - All options with index in [12] are selected on object 'Object Repository/DispensaryToStore/Page_Dispensary Store/select_--Select--Schedule 1Inj'

2018-06-09 17:30:31 - [TEST_STEP][PASSED] - selectOptionByIndex: All options with index in [3] are selected on object 'Object Repository/DispensaryToStore/Page_Dispensary Store/select_--Select--Adernaline 0.'

2018-06-09 17:30:31 - [MESSAGE][PASSED] - All options with index in [3] are selected on object 'Object Repository/DispensaryToStore/Page_Dispensary Store/select_--Select--Adernaline 0.'

2018-06-09 17:30:31 - [TEST_STEP][PASSED] - setText: Text '10' is set on object 'Object Repository/DispensaryToStore/Page_Dispensary Store/input_txttreat'

2018-06-09 17:30:32 - [MESSAGE][PASSED] - Text '10' is set on object 'Object Repository/DispensaryToStore/Page_Dispensary Store/input_txttreat'

2018-06-09 17:30:32 - [TEST_STEP][PASSED] - click: Object: 'Object Repository/DispensaryToStore/Page_Dispensary Store/button_Add' is clicked on

2018-06-09 17:30:32 - [MESSAGE][PASSED] - Object: 'Object Repository/DispensaryToStore/Page_Dispensary Store/button_Add' is clicked on

2018-06-09 17:30:32 - [TEST_STEP][PASSED] - selectOptionByIndex: All options with index in [12] are selected on object 'Object Repository/DispensaryToStore/Page_Dispensary Store/select_--Select--Schedule 1Inj'

2018-06-09 17:30:32 - [MESSAGE][PASSED] - All options with index in [12] are selected on object 'Object Repository/DispensaryToStore/Page_Dispensary Store/select_--Select--Schedule 1Inj'

2018-06-09 17:30:32 - [TEST_STEP][PASSED] - selectOptionByIndex: All options with index in [4] are selected on object 'Object Repository/DispensaryToStore/Page_Dispensary Store/select_--Select--Adernaline 0.'

2018-06-09 17:30:32 - [MESSAGE][PASSED] - All options with index in [4] are selected on object 'Object Repository/DispensaryToStore/Page_Dispensary Store/select_--Select--Adernaline 0.'

2018-06-09 17:30:32 - [TEST_STEP][PASSED] - setText: Text '10' is set on object 'Object Repository/DispensaryToStore/Page_Dispensary Store/input_txttreat'

2018-06-09 17:30:32 - [MESSAGE][PASSED] - Text '10' is set on object 'Object Repository/DispensaryToStore/Page_Dispensary Store/input_txttreat'

2018-06-09 17:30:32 - [TEST_STEP][PASSED] - click: Object: 'Object Repository/DispensaryToStore/Page_Dispensary Store/button_Add' is clicked on

2018-06-09 17:30:32 - [MESSAGE][PASSED] - Object: 'Object Repository/DispensaryToStore/Page_Dispensary Store/button_Add' is clicked on

2018-06-09 17:30:32 - [TEST_STEP][PASSED] - selectOptionByIndex: All options with index in [12] are selected on object 'Object Repository/DispensaryToStore/Page_Dispensary Store/select_--Select--Schedule 1Inj'

2018-06-09 17:30:33 - [MESSAGE][PASSED] - All options with index in [12] are selected on object 'Object Repository/DispensaryToStore/Page_Dispensary Store/select_--Select--Schedule 1Inj'

2018-06-09 17:30:33 - [TEST_STEP][PASSED] - selectOptionByIndex: All options with index in [5] are selected on object 'Object Repository/DispensaryToStore/Page_Dispensary Store/select_--Select--Adernaline 0.'

2018-06-09 17:30:33 - [MESSAGE][PASSED] - All options with index in [5] are selected on object 'Object Repository/DispensaryToStore/Page_Dispensary Store/select_--Select--Adernaline 0.'

2018-06-09 17:30:33 - [TEST_STEP][PASSED] - setText: Text '10' is set on object 'Object Repository/DispensaryToStore/Page_Dispensary Store/input_txttreat'

2018-06-09 17:30:33 - [MESSAGE][PASSED] - Text '10' is set on object 'Object Repository/DispensaryToStore/Page_Dispensary Store/input_txttreat'

2018-06-09 17:30:33 - [TEST_STEP][PASSED] - click: Object: 'Object Repository/DispensaryToStore/Page_Dispensary Store/button_Add' is clicked on

2018-06-09 17:30:33 - [MESSAGE][PASSED] - Object: 'Object Repository/DispensaryToStore/Page_Dispensary Store/button_Add' is clicked on

2018-06-09 17:30:33 - [TEST_STEP][PASSED] - selectOptionByIndex: All options with index in [12] are selected on object 'Object Repository/DispensaryToStore/Page_Dispensary Store/select_--Select--Schedule 1Inj'

2018-06-09 17:30:33 - [MESSAGE][PASSED] - All options with index in [12] are selected on object 'Object Repository/DispensaryToStore/Page_Dispensary Store/select_--Select--Schedule 1Inj'

2018-06-09 17:30:33 - [TEST_STEP][PASSED] - selectOptionByIndex: All options with index in [6] are selected on object 'Object Repository/DispensaryToStore/Page_Dispensary Store/select_--Select--Adernaline 0.'

2018-06-09 17:30:33 - [MESSAGE][PASSED] - All options with index in [6] are selected on object 'Object Repository/DispensaryToStore/Page_Dispensary Store/select_--Select--Adernaline 0.'

2018-06-09 17:30:33 - [TEST_STEP][PASSED] - setText: Text '10' is set on object 'Object Repository/DispensaryToStore/Page_Dispensary Store/input_txttreat'

2018-06-09 17:30:33 - [MESSAGE][PASSED] - Text '10' is set on object 'Object Repository/DispensaryToStore/Page_Dispensary Store/input_txttreat'

2018-06-09 17:30:33 - [TEST_STEP][PASSED] - click: Object: 'Object Repository/DispensaryToStore/Page_Dispensary Store/button_Add' is clicked on

2018-06-09 17:30:34 - [MESSAGE][PASSED] - Object: 'Object Repository/DispensaryToStore/Page_Dispensary Store/button_Add' is clicked on

2018-06-09 17:30:34 - [TEST_STEP][PASSED] - selectOptionByIndex: All options with index in [12] are selected on object 'Object Repository/DispensaryToStore/Page_Dispensary Store/select_--Select--Schedule 1Inj'

2018-06-09 17:30:34 - [MESSAGE][PASSED] - All options with index in [12] are selected on object 'Object Repository/DispensaryToStore/Page_Dispensary Store/select_--Select--Schedule 1Inj'

2018-06-09 17:30:34 - [TEST_STEP][PASSED] - selectOptionByIndex: All options with index in [7] are selected on object 'Object Repository/DispensaryToStore/Page_Dispensary Store/select_--Select--Adernaline 0.'

2018-06-09 17:30:34 - [MESSAGE][PASSED] - All options with index in [7] are selected on object 'Object Repository/DispensaryToStore/Page_Dispensary Store/select_--Select--Adernaline 0.'

2018-06-09 17:30:34 - [TEST_STEP][PASSED] - setText: Text '10' is set on object 'Object Repository/DispensaryToStore/Page_Dispensary Store/input_txttreat'

2018-06-09 17:30:34 - [MESSAGE][PASSED] - Text '10' is set on object 'Object Repository/DispensaryToStore/Page_Dispensary Store/input_txttreat'

2018-06-09 17:30:34 - [TEST_STEP][PASSED] - click: Object: 'Object Repository/DispensaryToStore/Page_Dispensary Store/button_Add' is clicked on

2018-06-09 17:30:34 - [MESSAGE][PASSED] - Object: 'Object Repository/DispensaryToStore/Page_Dispensary Store/button_Add' is clicked on

2018-06-09 17:30:34 - [TEST_STEP][PASSED] - selectOptionByIndex: All options with index in [12] are selected on object 'Object Repository/DispensaryToStore/Page_Dispensary Store/select_--Select--Schedule 1Inj'

2018-06-09 17:30:34 - [MESSAGE][PASSED] - All options with index in [12] are selected on object 'Object Repository/DispensaryToStore/Page_Dispensary Store/select_--Select--Schedule 1Inj'

2018-06-09 17:30:34 - [TEST_STEP][PASSED] - selectOptionByIndex: All options with index in [8] are selected on object 'Object Repository/DispensaryToStore/Page_Dispensary Store/select_--Select--Adernaline 0.'

2018-06-09 17:30:35 - [MESSAGE][PASSED] - All options with index in [8] are selected on object 'Object Repository/DispensaryToStore/Page_Dispensary Store/select_--Select--Adernaline 0.'

2018-06-09 17:30:35 - [TEST_STEP][PASSED] - setText: Text '10' is set on object 'Object Repository/DispensaryToStore/Page_Dispensary Store/input_txttreat'

2018-06-09 17:30:35 - [MESSAGE][PASSED] - Text '10' is set on object 'Object Repository/DispensaryToStore/Page_Dispensary Store/input_txttreat'

2018-06-09 17:30:35 - [TEST_STEP][PASSED] - click: Object: 'Object Repository/DispensaryToStore/Page_Dispensary Store/button_Add' is clicked on

2018-06-09 17:30:35 - [MESSAGE][PASSED] - Object: 'Object Repository/DispensaryToStore/Page_Dispensary Store/button_Add' is clicked on

2018-06-09 17:30:35 - [TEST_STEP][PASSED] - selectOptionByIndex: All options with index in [12] are selected on object 'Object Repository/DispensaryToStore/Page_Dispensary Store/select_--Select--Schedule 1Inj'

2018-06-09 17:30:35 - [MESSAGE][PASSED] - All options with index in [12] are selected on object 'Object Repository/DispensaryToStore/Page_Dispensary Store/select_--Select--Schedule 1Inj'

2018-06-09 17:30:35 - [TEST_STEP][PASSED] - selectOptionByIndex: All options with index in [9] are selected on object 'Object Repository/DispensaryToStore/Page_Dispensary Store/select_--Select--Adernaline 0.'

2018-06-09 17:30:35 - [MESSAGE][PASSED] - All options with index in [9] are selected on object 'Object Repository/DispensaryToStore/Page_Dispensary Store/select_--Select--Adernaline 0.'

2018-06-09 17:30:35 - [TEST_STEP][PASSED] - setText: Text '10' is set on object 'Object Repository/DispensaryToStore/Page_Dispensary Store/input_txttreat'

2018-06-09 17:30:36 - [MESSAGE][PASSED] - Text '10' is set on object 'Object Repository/DispensaryToStore/Page_Dispensary Store/input_txttreat'

2018-06-09 17:30:36 - [TEST_STEP][PASSED] - click: Object: 'Object Repository/DispensaryToStore/Page_Dispensary Store/button_Add' is clicked on

2018-06-09 17:30:36 - [MESSAGE][PASSED] - Object: 'Object Repository/DispensaryToStore/Page_Dispensary Store/button_Add' is clicked on

2018-06-09 17:30:36 - [TEST_STEP][PASSED] - selectOptionByIndex: All options with index in [12] are selected on object 'Object Repository/DispensaryToStore/Page_Dispensary Store/select_--Select--Schedule 1Inj'

2018-06-09 17:30:36 - [MESSAGE][PASSED] - All options with index in [12] are selected on object 'Object Repository/DispensaryToStore/Page_Dispensary Store/select_--Select--Schedule 1Inj'

2018-06-09 17:30:36 - [TEST_STEP][PASSED] - selectOptionByIndex: All options with index in [10] are selected on object 'Object Repository/DispensaryToStore/Page_Dispensary Store/select_--Select--Adernaline 0.'

2018-06-09 17:30:36 - [MESSAGE][PASSED] - All options with index in [10] are selected on object 'Object Repository/DispensaryToStore/Page_Dispensary Store/select_--Select--Adernaline 0.'

2018-06-09 17:30:36 - [TEST_STEP][PASSED] - setText: Text '10' is set on object 'Object Repository/DispensaryToStore/Page_Dispensary Store/input_txttreat'

2018-06-09 17:30:36 - [MESSAGE][PASSED] - Text '10' is set on object 'Object Repository/DispensaryToStore/Page_Dispensary Store/input_txttreat'

2018-06-09 17:30:36 - [TEST_STEP][PASSED] - click: Object: 'Object Repository/DispensaryToStore/Page_Dispensary Store/button_Add' is clicked on

2018-06-09 17:30:36 - [MESSAGE][PASSED] - Object: 'Object Repository/DispensaryToStore/Page_Dispensary Store/button_Add' is clicked on

2018-06-09 17:30:36 - [TEST_STEP][PASSED] - selectOptionByIndex: All options with index in [12] are selected on object 'Object Repository/DispensaryToStore/Page_Dispensary Store/select_--Select--Schedule 1Inj'

2018-06-09 17:30:37 - [MESSAGE][PASSED] - All options with index in [12] are selected on object 'Object Repository/DispensaryToStore/Page_Dispensary Store/select_--Select--Schedule 1Inj'

2018-06-09 17:30:37 - [TEST_STEP][PASSED] - selectOptionByIndex: All options with index in [11] are selected on object 'Object Repository/DispensaryToStore/Page_Dispensary Store/select_--Select--Adernaline 0.'

2018-06-09 17:30:37 - [MESSAGE][PASSED] - All options with index in [11] are selected on object 'Object Repository/DispensaryToStore/Page_Dispensary Store/select_--Select--Adernaline 0.'

2018-06-09 17:30:37 - [TEST_STEP][PASSED] - setText: Text '10' is set on object 'Object Repository/DispensaryToStore/Page_Dispensary Store/input_txttreat'

2018-06-09 17:30:37 - [MESSAGE][PASSED] - Text '10' is set on object 'Object Repository/DispensaryToStore/Page_Dispensary Store/input_txttreat'

2018-06-09 17:30:37 - [TEST_STEP][PASSED] - click: Object: 'Object Repository/DispensaryToStore/Page_Dispensary Store/button_Add' is clicked on

2018-06-09 17:30:37 - [MESSAGE][PASSED] - Object: 'Object Repository/DispensaryToStore/Page_Dispensary Store/button_Add' is clicked on

2018-06-09 17:30:37 - [TEST_STEP][PASSED] - selectOptionByIndex: All options with index in [12] are selected on object 'Object Repository/DispensaryToStore/Page_Dispensary Store/select_--Select--Schedule 1Inj'

2018-06-09 17:30:37 - [MESSAGE][PASSED] - All options with index in [12] are selected on object 'Object Repository/DispensaryToStore/Page_Dispensary Store/select_--Select--Schedule 1Inj'

2018-06-09 17:30:37 - [TEST_STEP][PASSED] - selectOptionByIndex: All options with index in [12] are selected on object 'Object Repository/DispensaryToStore/Page_Dispensary Store/select_--Select--Adernaline 0.'

2018-06-09 17:30:38 - [MESSAGE][PASSED] - All options with index in [12] are selected on object 'Object Repository/DispensaryToStore/Page_Dispensary Store/select_--Select--Adernaline 0.'

2018-06-09 17:30:38 - [TEST_STEP][PASSED] - setText: Text '10' is set on object 'Object Repository/DispensaryToStore/Page_Dispensary Store/input_txttreat'

2018-06-09 17:30:38 - [MESSAGE][PASSED] - Text '10' is set on object 'Object Repository/DispensaryToStore/Page_Dispensary Store/input_txttreat'

2018-06-09 17:30:38 - [TEST_STEP][PASSED] - click: Object: 'Object Repository/DispensaryToStore/Page_Dispensary Store/button_Add' is clicked on

2018-06-09 17:30:38 - [MESSAGE][PASSED] - Object: 'Object Repository/DispensaryToStore/Page_Dispensary Store/button_Add' is clicked on

2018-06-09 17:30:38 - [TEST_STEP][PASSED] - selectOptionByIndex: All options with index in [12] are selected on object 'Object Repository/DispensaryToStore/Page_Dispensary Store/select_--Select--Schedule 1Inj'

2018-06-09 17:30:38 - [MESSAGE][PASSED] - All options with index in [12] are selected on object 'Object Repository/DispensaryToStore/Page_Dispensary Store/select_--Select--Schedule 1Inj'

2018-06-09 17:30:38 - [TEST_STEP][PASSED] - selectOptionByIndex: All options with index in [13] are selected on object 'Object Repository/DispensaryToStore/Page_Dispensary Store/select_--Select--Adernaline 0.'

2018-06-09 17:30:38 - [MESSAGE][PASSED] - All options with index in [13] are selected on object 'Object Repository/DispensaryToStore/Page_Dispensary Store/select_--Select--Adernaline 0.'

2018-06-09 17:30:38 - [TEST_STEP][PASSED] - setText: Text '10' is set on object 'Object Repository/DispensaryToStore/Page_Dispensary Store/input_txttreat'

2018-06-09 17:30:38 - [MESSAGE][PASSED] - Text '10' is set on object 'Object Repository/DispensaryToStore/Page_Dispensary Store/input_txttreat'

2018-06-09 17:30:38 - [TEST_STEP][PASSED] - click: Object: 'Object Repository/DispensaryToStore/Page_Dispensary Store/button_Add' is clicked on

2018-06-09 17:30:38 - [MESSAGE][PASSED] - Object: 'Object Repository/DispensaryToStore/Page_Dispensary Store/button_Add' is clicked on

2018-06-09 17:30:38 - [TEST_STEP][PASSED] - selectOptionByIndex: All options with index in [12] are selected on object 'Object Repository/DispensaryToStore/Page_Dispensary Store/select_--Select--Schedule 1Inj'

2018-06-09 17:30:39 - [MESSAGE][PASSED] - All options with index in [12] are selected on object 'Object Repository/DispensaryToStore/Page_Dispensary Store/select_--Select--Schedule 1Inj'

2018-06-09 17:30:39 - [TEST_STEP][PASSED] - selectOptionByIndex: All options with index in [14] are selected on object 'Object Repository/DispensaryToStore/Page_Dispensary Store/select_--Select--Adernaline 0.'

2018-06-09 17:30:39 - [MESSAGE][PASSED] - All options with index in [14] are selected on object 'Object Repository/DispensaryToStore/Page_Dispensary Store/select_--Select--Adernaline 0.'

2018-06-09 17:30:39 - [TEST_STEP][PASSED] - setText: Text '10' is set on object 'Object Repository/DispensaryToStore/Page_Dispensary Store/input_txttreat'

2018-06-09 17:30:39 - [MESSAGE][PASSED] - Text '10' is set on object 'Object Repository/DispensaryToStore/Page_Dispensary Store/input_txttreat'

2018-06-09 17:30:39 - [TEST_STEP][PASSED] - click: Object: 'Object Repository/DispensaryToStore/Page_Dispensary Store/button_Add' is clicked on

2018-06-09 17:30:39 - [MESSAGE][PASSED] - Object: 'Object Repository/DispensaryToStore/Page_Dispensary Store/button_Add' is clicked on

2018-06-09 17:30:39 - [TEST_STEP][PASSED] - selectOptionByIndex: All options with index in [12] are selected on object 'Object Repository/DispensaryToStore/Page_Dispensary Store/select_--Select--Schedule 1Inj'

2018-06-09 17:30:40 - [MESSAGE][PASSED] - All options with index in [12] are selected on object 'Object Repository/DispensaryToStore/Page_Dispensary Store/select_--Select--Schedule 1Inj'

2018-06-09 17:30:40 - [TEST_STEP][PASSED] - selectOptionByIndex: All options with index in [15] are selected on object 'Object Repository/DispensaryToStore/Page_Dispensary Store/select_--Select--Adernaline 0.'

2018-06-09 17:30:40 - [MESSAGE][PASSED] - All options with index in [15] are selected on object 'Object Repository/DispensaryToStore/Page_Dispensary Store/select_--Select--Adernaline 0.'

2018-06-09 17:30:40 - [TEST_STEP][PASSED] - setText: Text '10' is set on object 'Object Repository/DispensaryToStore/Page_Dispensary Store/input_txttreat'

2018-06-09 17:30:40 - [MESSAGE][PASSED] - Text '10' is set on object 'Object Repository/DispensaryToStore/Page_Dispensary Store/input_txttreat'

2018-06-09 17:30:40 - [TEST_STEP][PASSED] - click: Object: 'Object Repository/DispensaryToStore/Page_Dispensary Store/button_Add' is clicked on

2018-06-09 17:30:40 - [MESSAGE][PASSED] - Object: 'Object Repository/DispensaryToStore/Page_Dispensary Store/button_Add' is clicked on

2018-06-09 17:30:40 - [TEST_STEP][PASSED] - selectOptionByIndex: All options with index in [12] are selected on object 'Object Repository/DispensaryToStore/Page_Dispensary Store/select_--Select--Schedule 1Inj'

2018-06-09 17:30:40 - [MESSAGE][PASSED] - All options with index in [12] are selected on object 'Object Repository/DispensaryToStore/Page_Dispensary Store/select_--Select--Schedule 1Inj'

2018-06-09 17:30:40 - [TEST_STEP][PASSED] - selectOptionByIndex: All options with index in [16] are selected on object 'Object Repository/DispensaryToStore/Page_Dispensary Store/select_--Select--Adernaline 0.'

2018-06-09 17:30:41 - [MESSAGE][PASSED] - All options with index in [16] are selected on object 'Object Repository/DispensaryToStore/Page_Dispensary Store/select_--Select--Adernaline 0.'

2018-06-09 17:30:41 - [TEST_STEP][PASSED] - setText: Text '10' is set on object 'Object Repository/DispensaryToStore/Page_Dispensary Store/input_txttreat'

2018-06-09 17:30:41 - [MESSAGE][PASSED] - Text '10' is set on object 'Object Repository/DispensaryToStore/Page_Dispensary Store/input_txttreat'

2018-06-09 17:30:41 - [TEST_STEP][PASSED] - click: Object: 'Object Repository/DispensaryToStore/Page_Dispensary Store/button_Add' is clicked on

2018-06-09 17:30:41 - [MESSAGE][PASSED] - Object: 'Object Repository/DispensaryToStore/Page_Dispensary Store/button_Add' is clicked on

2018-06-09 17:30:41 - [TEST_STEP][PASSED] - selectOptionByIndex: All options with index in [12] are selected on object 'Object Repository/DispensaryToStore/Page_Dispensary Store/select_--Select--Schedule 1Inj'

2018-06-09 17:30:41 - [MESSAGE][PASSED] - All options with index in [12] are selected on object 'Object Repository/DispensaryToStore/Page_Dispensary Store/select_--Select--Schedule 1Inj'

2018-06-09 17:30:41 - [TEST_STEP][PASSED] - selectOptionByIndex: All options with index in [17] are selected on object 'Object Repository/DispensaryToStore/Page_Dispensary Store/select_--Select--Adernaline 0.'

2018-06-09 17:30:41 - [MESSAGE][PASSED] - All options with index in [17] are selected on object 'Object Repository/DispensaryToStore/Page_Dispensary Store/select_--Select--Adernaline 0.'

2018-06-09 17:30:41 - [TEST_STEP][PASSED] - setText: Text '10' is set on object 'Object Repository/DispensaryToStore/Page_Dispensary Store/input_txttreat'

2018-06-09 17:30:41 - [MESSAGE][PASSED] - Text '10' is set on object 'Object Repository/DispensaryToStore/Page_Dispensary Store/input_txttreat'

2018-06-09 17:30:41 - [TEST_STEP][PASSED] - click: Object: 'Object Repository/DispensaryToStore/Page_Dispensary Store/button_Add' is clicked on

2018-06-09 17:30:42 - [MESSAGE][PASSED] - Object: 'Object Repository/DispensaryToStore/Page_Dispensary Store/button_Add' is clicked on

2018-06-09 17:30:42 - [TEST_STEP][PASSED] - selectOptionByIndex: All options with index in [12] are selected on object 'Object Repository/DispensaryToStore/Page_Dispensary Store/select_--Select--Schedule 1Inj'

2018-06-09 17:30:42 - [MESSAGE][PASSED] - All options with index in [12] are selected on object 'Object Repository/DispensaryToStore/Page_Dispensary Store/select_--Select--Schedule 1Inj'

2018-06-09 17:30:42 - [TEST_STEP][PASSED] - selectOptionByIndex: All options with index in [18] are selected on object 'Object Repository/DispensaryToStore/Page_Dispensary Store/select_--Select--Adernaline 0.'

2018-06-09 17:30:42 - [MESSAGE][PASSED] - All options with index in [18] are selected on object 'Object Repository/DispensaryToStore/Page_Dispensary Store/select_--Select--Adernaline 0.'

2018-06-09 17:30:42 - [TEST_STEP][PASSED] - setText: Text '10' is set on object 'Object Repository/DispensaryToStore/Page_Dispensary Store/input_txttreat'

2018-06-09 17:30:42 - [MESSAGE][PASSED] - Text '10' is set on object 'Object Repository/DispensaryToStore/Page_Dispensary Store/input_txttreat'

2018-06-09 17:30:42 - [TEST_STEP][PASSED] - click: Object: 'Object Repository/DispensaryToStore/Page_Dispensary Store/button_Add' is clicked on

2018-06-09 17:30:42 - [MESSAGE][PASSED] - Object: 'Object Repository/DispensaryToStore/Page_Dispensary Store/button_Add' is clicked on

2018-06-09 17:30:42 - [TEST_STEP][PASSED] - scrollToElement: Scroll to object 'Object Repository/DispensaryToStore/Page_Dispensary Store/input_btnsave' successfully

2018-06-09 17:30:42 - [MESSAGE][PASSED] - Scroll to object 'Object Repository/DispensaryToStore/Page_Dispensary Store/input_btnsave' successfully

2018-06-09 17:30:42 - [TEST_STEP][PASSED] - click: Object: 'Object Repository/DispensaryToStore/Page_Dispensary Store/input_btnsave' is clicked on

2018-06-09 17:30:42 - [MESSAGE][PASSED] - Object: 'Object Repository/DispensaryToStore/Page_Dispensary Store/input_btnsave' is clicked on

2018-06-09 17:30:42 - [TEST_STEP][PASSED] - delay: Delayed 3 second(s)

2018-06-09 17:30:45 - [MESSAGE][PASSED] - Delayed 3 second(s)

2018-06-09 17:30:45 - [TEST_STEP][PASSED] - Statement - RN1 = com.kms.katalon.core.webui.keyword.WebUiBuiltInKeywords.getText(com.kms.katalon.core.testobject.ObjectRepository.findTestObject(DispensaryToStore/Page_Dispensary Store/font_HPRNO180520187)): Text of object 'Object Repository/DispensaryToStore/Page_Dispensary Store/font_HPRNO180520187' is: 'DPRNO/09062018/219'

2018-06-09 17:30:46 - [MESSAGE][PASSED] - Text of object 'Object Repository/DispensaryToStore/Page_Dispensary Store/font_HPRNO180520187' is: 'DPRNO/09062018/219'

2018-06-09 17:30:46 - [TEST_STEP][PASSED] - Statement - out.println(RN1): null

2018-06-09 17:30:46 - [TEST_STEP][PASSED] - Statement - RID = RN1.split("/")[2]: null

2018-06-09 17:30:46 - [TEST_STEP][PASSED] - click: Object: 'Object Repository/DispensaryToStore/Page_Dispensary Store/button_OK' is clicked on

2018-06-09 17:30:46 - [MESSAGE][PASSED] - Object: 'Object Repository/DispensaryToStore/Page_Dispensary Store/button_OK' is clicked on

2018-06-09 17:30:46 - [TEST_STEP][PASSED] - delay: Delayed 3 second(s)

2018-06-09 17:30:49 - [MESSAGE][PASSED] - Delayed 3 second(s)

2018-06-09 17:30:49 - [TEST_STEP][PASSED] - click: Object: 'Object Repository/DispensaryToStore/Page_Dispensary Store/a_dropdown-toggle' is clicked on

2018-06-09 17:30:49 - [MESSAGE][PASSED] - Object: 'Object Repository/DispensaryToStore/Page_Dispensary Store/a_dropdown-toggle' is clicked on

2018-06-09 17:30:49 - [TEST_STEP][PASSED] - click: Object: 'Object Repository/DispensaryToStore/Page_Dispensary Store/a_Sign out' is clicked on

2018-06-09 17:30:50 - [MESSAGE][PASSED] - Object: 'Object Repository/DispensaryToStore/Page_Dispensary Store/a_Sign out' is clicked on

2018-06-09 17:30:50 - [TEST_STEP][PASSED] - delay: Delayed 3 second(s)

2018-06-09 17:30:53 - [MESSAGE][PASSED] - Delayed 3 second(s)

2018-06-09 17:30:53 - [TEST_STEP][PASSED] - navigateToUrl: Navigate to 'http://192.168.137.1/multihospital_new/' successfully

2018-06-09 17:30:53 - [MESSAGE][PASSED] - Navigate to 'http://192.168.137.1/multihospital_new/' successfully

2018-06-09 17:30:53 - [TEST_STEP][PASSED] - click: Object: 'Object Repository/DispensaryToStore/Page_KDMC/a_CMO' is clicked on

2018-06-09 17:30:54 - [MESSAGE][PASSED] - Object: 'Object Repository/DispensaryToStore/Page_KDMC/a_CMO' is clicked on

2018-06-09 17:30:54 - [TEST_STEP][PASSED] - setText: Text 'guru' is set on object 'Object Repository/DispensaryToStore/Page_CMO login/input_txtusername'

2018-06-09 17:30:54 - [MESSAGE][PASSED] - Text 'guru' is set on object 'Object Repository/DispensaryToStore/Page_CMO login/input_txtusername'

2018-06-09 17:30:54 - [TEST_STEP][PASSED] - setText: Text '123' is set on object 'Object Repository/DispensaryToStore/Page_CMO login/input_txtpassword'

2018-06-09 17:30:54 - [MESSAGE][PASSED] - Text '123' is set on object 'Object Repository/DispensaryToStore/Page_CMO login/input_txtpassword'

2018-06-09 17:30:54 - [TEST_STEP][PASSED] - delay: Delayed 3 second(s)

2018-06-09 17:30:57 - [MESSAGE][PASSED] - Delayed 3 second(s)

2018-06-09 17:30:57 - [TEST_STEP][PASSED] - click: Object: 'Object Repository/DispensaryToStore/Page_CMO login/button_Sign in' is clicked on

2018-06-09 17:30:58 - [MESSAGE][PASSED] - Object: 'Object Repository/DispensaryToStore/Page_CMO login/button_Sign in' is clicked on

2018-06-09 17:30:58 - [TEST_STEP][PASSED] - click: Object: 'Object Repository/DispensaryToStore/Page_KDMC - CMO/a_Department Wise Request' is clicked on

2018-06-09 17:31:00 - [MESSAGE][PASSED] - Object: 'Object Repository/DispensaryToStore/Page_KDMC - CMO/a_Department Wise Request' is clicked on

2018-06-09 17:31:00 - [TEST_STEP][PASSED] - delay: Delayed 2 second(s)

2018-06-09 17:31:02 - [MESSAGE][PASSED] - Delayed 2 second(s)

2018-06-09 17:31:02 - [TEST_STEP][PASSED] - selectOptionByIndex: All options with index in [6] are selected on object 'Object Repository/DispensaryToStore/Page_KDMC - CMO/select_--ALL--'

2018-06-09 17:31:02 - [MESSAGE][PASSED] - All options with index in [6] are selected on object 'Object Repository/DispensaryToStore/Page_KDMC - CMO/select_--ALL--'

2018-06-09 17:31:02 - [TEST_STEP][PASSED] - click: Object: 'Object Repository/DispensaryToStore/Page_KDMC - CMO/input_btnsearch' is clicked on

2018-06-09 17:31:02 - [MESSAGE][PASSED] - Object: 'Object Repository/DispensaryToStore/Page_KDMC - CMO/input_btnsearch' is clicked on

2018-06-09 17:31:02 - [TEST_STEP][PASSED] - selectOptionByIndex: All options with index in [1] are selected on object 'Object Repository/DispensaryToStore/Page_KDMC - CMO/select_--ALL--                _1'

2018-06-09 17:31:03 - [MESSAGE][PASSED] - All options with index in [1] are selected on object 'Object Repository/DispensaryToStore/Page_KDMC - CMO/select_--ALL--                _1'

2018-06-09 17:31:03 - [TEST_STEP][PASSED] - click: Object: 'Object Repository/DispensaryToStore/Page_KDMC - CMO/input_btnsearch' is clicked on

2018-06-09 17:31:03 - [MESSAGE][PASSED] - Object: 'Object Repository/DispensaryToStore/Page_KDMC - CMO/input_btnsearch' is clicked on

2018-06-09 17:31:03 - [TEST_STEP][PASSED] - Statement - ID = com.kms.katalon.core.webui.keyword.WebUiBuiltInKeywords.modifyObjectProperty(com.kms.katalon.core.testobject.ObjectRepository.findTestObject(lab/Page_KDMC - CMO/input_1), "xpath", "equals", "//*[@id=" + RID + "]", true): Modify property of object successfully

2018-06-09 17:31:03 - [MESSAGE][PASSED] - Modify property of object successfully

2018-06-09 17:31:03 - [TEST_STEP][PASSED] - click: Object: 'Object Repository/lab/Page_KDMC - CMO/input_1' is clicked on

2018-06-09 17:31:03 - [MESSAGE][PASSED] - Object: 'Object Repository/lab/Page_KDMC - CMO/input_1' is clicked on

2018-06-09 17:31:03 - [TEST_STEP][PASSED] - delay: Delayed 2 second(s)

2018-06-09 17:31:05 - [MESSAGE][PASSED] - Delayed 2 second(s)

2018-06-09 17:31:05 - [TEST_STEP][PASSED] - selectOptionByIndex: All options with index in [1] are selected on object 'Object Repository/DispensaryToStore/Page_KDMC - CMO/select_--Select--'

2018-06-09 17:31:05 - [MESSAGE][PASSED] - All options with index in [1] are selected on object 'Object Repository/DispensaryToStore/Page_KDMC - CMO/select_--Select--'

2018-06-09 17:31:05 - [TEST_STEP][PASSED] - click: Object: 'Object Repository/DispensaryToStore/Page_KDMC - CMO/input_btnupdate' is clicked on

2018-06-09 17:31:06 - [MESSAGE][PASSED] - Object: 'Object Repository/DispensaryToStore/Page_KDMC - CMO/input_btnupdate' is clicked on

2018-06-09 17:31:06 - [TEST_STEP][PASSED] - delay: Delayed 2 second(s)

2018-06-09 17:31:08 - [MESSAGE][PASSED] - Delayed 2 second(s)

2018-06-09 17:31:08 - [TEST_STEP][PASSED] - click: Object: 'Object Repository/DispensaryToStore/Page_KDMC - CMO/button_OK' is clicked on

2018-06-09 17:31:08 - [MESSAGE][PASSED] - Object: 'Object Repository/DispensaryToStore/Page_KDMC - CMO/button_OK' is clicked on

2018-06-09 17:31:08 - [TEST_STEP][PASSED] - delay: Delayed 2 second(s)

2018-06-09 17:31:10 - [MESSAGE][PASSED] - Delayed 2 second(s)

2018-06-09 17:31:10 - [TEST_STEP][PASSED] - click: Object: 'Object Repository/DispensaryToStore/Page_KDMC - CMO/a_dropdown-toggle' is clicked on

2018-06-09 17:31:10 - [MESSAGE][PASSED] - Object: 'Object Repository/DispensaryToStore/Page_KDMC - CMO/a_dropdown-toggle' is clicked on

2018-06-09 17:31:10 - [TEST_STEP][PASSED] - click: Object: 'Object Repository/DispensaryToStore/Page_KDMC - CMO/a_Sign out' is clicked on

2018-06-09 17:31:11 - [MESSAGE][PASSED] - Object: 'Object Repository/DispensaryToStore/Page_KDMC - CMO/a_Sign out' is clicked on

2018-06-09 17:31:11 - [TEST_STEP][PASSED] - delay: Delayed 3 second(s)

2018-06-09 17:31:14 - [MESSAGE][PASSED] - Delayed 3 second(s)

2018-06-09 17:31:14 - [TEST_STEP][PASSED] - click: Object: 'Object Repository/DispensaryToStore/Page_KDMC/a_Divisional Store' is clicked on

2018-06-09 17:31:15 - [MESSAGE][PASSED] - Object: 'Object Repository/DispensaryToStore/Page_KDMC/a_Divisional Store' is clicked on

2018-06-09 17:31:15 - [TEST_STEP][PASSED] - setText: Text 'ragu' is set on object 'Object Repository/DispensaryToStore/Page_Divisonal Store Login/input_txtusername'

2018-06-09 17:31:15 - [MESSAGE][PASSED] - Text 'ragu' is set on object 'Object Repository/DispensaryToStore/Page_Divisonal Store Login/input_txtusername'

2018-06-09 17:31:15 - [TEST_STEP][PASSED] - setText: Text '123' is set on object 'Object Repository/DispensaryToStore/Page_Divisonal Store Login/input_txtpassword'

2018-06-09 17:31:15 - [MESSAGE][PASSED] - Text '123' is set on object 'Object Repository/DispensaryToStore/Page_Divisonal Store Login/input_txtpassword'

2018-06-09 17:31:15 - [TEST_STEP][PASSED] - delay: Delayed 3 second(s)

2018-06-09 17:31:18 - [MESSAGE][PASSED] - Delayed 3 second(s)

2018-06-09 17:31:18 - [TEST_STEP][PASSED] - click: Object: 'Object Repository/DispensaryToStore/Page_Divisonal Store Login/button_Sign in' is clicked on

2018-06-09 17:31:20 - [MESSAGE][PASSED] - Object: 'Object Repository/DispensaryToStore/Page_Divisonal Store Login/button_Sign in' is clicked on

2018-06-09 17:31:20 - [TEST_STEP][PASSED] - delay: Delayed 3 second(s)

2018-06-09 17:31:23 - [MESSAGE][PASSED] - Delayed 3 second(s)

2018-06-09 17:31:23 - [TEST_STEP][PASSED] - scrollToPosition: Browser is scrolled to position x = 100, y = 100

2018-06-09 17:31:23 - [MESSAGE][PASSED] - Browser is scrolled to position x = 100, y = 100

2018-06-09 17:31:23 - [TEST_STEP][PASSED] - click: Object: 'Object Repository/DispensaryToStore/Page_Store/a_Dispensary Request' is clicked on

2018-06-09 17:31:23 - [MESSAGE][PASSED] - Object: 'Object Repository/DispensaryToStore/Page_Store/a_Dispensary Request' is clicked on

2018-06-09 17:31:23 - [TEST_STEP][PASSED] - delay: Delayed 2 second(s)

2018-06-09 17:31:25 - [MESSAGE][PASSED] - Delayed 2 second(s)

2018-06-09 17:31:25 - [TEST_STEP][PASSED] - click: Object: 'Object Repository/DispensaryToStore/Page_Store/a_Request Item Dispensary' is clicked on

2018-06-09 17:31:26 - [MESSAGE][PASSED] - Object: 'Object Repository/DispensaryToStore/Page_Store/a_Request Item Dispensary' is clicked on

2018-06-09 17:31:26 - [TEST_STEP][PASSED] - Statement - ChooseRequest = com.kms.katalon.core.webui.keyword.WebUiBuiltInKeywords.modifyObjectProperty(com.kms.katalon.core.testobject.ObjectRepository.findTestObject(lab/Page_Store/input_1), "xpath", "equals", "//*[@id=" + RID + "]", true): Modify property of object successfully

2018-06-09 17:31:26 - [MESSAGE][PASSED] - Modify property of object successfully

2018-06-09 17:31:26 - [TEST_STEP][PASSED] - click: Object: 'Object Repository/lab/Page_Store/input_1' is clicked on

2018-06-09 17:31:27 - [MESSAGE][PASSED] - Object: 'Object Repository/lab/Page_Store/input_1' is clicked on

2018-06-09 17:31:27 - [TEST_STEP][PASSED] - Statement - selectedoptions = com.kms.katalon.core.webui.keyword.WebUiBuiltInKeywords.getNumberOfTotalOption(com.kms.katalon.core.testobject.ObjectRepository.findTestObject(DispensaryToStore/Page_Store/select_--Select--Adernaline 0.)): 19 options of object 'Object Repository/DispensaryToStore/Page_Store/select_--Select--Adernaline 0.' counted

2018-06-09 17:31:27 - [MESSAGE][PASSED] - 19 options of object 'Object Repository/DispensaryToStore/Page_Store/select_--Select--Adernaline 0.' counted

2018-06-09 17:31:27 - [TEST_STEP][PASSED] - Statement - For ([a = 1, a <= selectedoptions - 1, (a++)]): null

2018-06-09 17:31:27 - [TEST_STEP][PASSED] - selectOptionByIndex: All options with index in [1] are selected on object 'Object Repository/DispensaryToStore/Page_Store/select_--Select--Adernaline 0.'

2018-06-09 17:31:27 - [MESSAGE][PASSED] - All options with index in [1] are selected on object 'Object Repository/DispensaryToStore/Page_Store/select_--Select--Adernaline 0.'

2018-06-09 17:31:27 - [TEST_STEP][PASSED] - delay: Delayed 2 second(s)

2018-06-09 17:31:29 - [MESSAGE][PASSED] - Delayed 2 second(s)

2018-06-09 17:31:29 - [TEST_STEP][PASSED] - Statement - RequestedQty = com.kms.katalon.core.webui.keyword.WebUiBuiltInKeywords.getAttribute(com.kms.katalon.core.testobject.ObjectRepository.findTestObject(DispensaryToStore/Page_Store/input_txttotal), "value"): Attribute 'value' of object 'Object Repository/DispensaryToStore/Page_Store/input_txttotal' is: '10'

2018-06-09 17:31:29 - [MESSAGE][PASSED] - Attribute 'value' of object 'Object Repository/DispensaryToStore/Page_Store/input_txttotal' is: '10'

2018-06-09 17:31:29 - [TEST_STEP][PASSED] - Statement - out.println("Requested QTY : " + RequestedQty): null

2018-06-09 17:31:29 - [TEST_STEP][PASSED] - Statement - BatchNumber = com.kms.katalon.core.webui.keyword.WebUiBuiltInKeywords.getNumberOfTotalOption(com.kms.katalon.core.testobject.ObjectRepository.findTestObject(DispensaryToStore/Page_Store/select_--Select--BA1170BA2376B)): 3 options of object 'Object Repository/DispensaryToStore/Page_Store/select_--Select--BA1170BA2376B' counted

2018-06-09 17:31:29 - [MESSAGE][PASSED] - 3 options of object 'Object Repository/DispensaryToStore/Page_Store/select_--Select--BA1170BA2376B' counted

2018-06-09 17:31:29 - [TEST_STEP][PASSED] - Statement - For ([g = 1, g <= BatchNumber - 1, (g++)]): null

2018-06-09 17:31:29 - [TEST_STEP][PASSED] - selectOptionByIndex: All options with index in [1] are selected on object 'Object Repository/DispensaryToStore/Page_Store/select_--Select--BA1170BA2376B'

2018-06-09 17:31:30 - [MESSAGE][PASSED] - All options with index in [1] are selected on object 'Object Repository/DispensaryToStore/Page_Store/select_--Select--BA1170BA2376B'

2018-06-09 17:31:30 - [TEST_STEP][PASSED] - Statement - Try: null

2018-06-09 17:31:30 - [TEST_STEP][PASSED] - Statement - StockQty = com.kms.katalon.core.webui.keyword.WebUiBuiltInKeywords.getAttribute(com.kms.katalon.core.testobject.ObjectRepository.findTestObject(DispensaryToStore/Page_Store/input_txtprice), "value"): Attribute 'value' of object 'Object Repository/DispensaryToStore/Page_Store/input_txtprice' is: '365'

2018-06-09 17:31:30 - [MESSAGE][PASSED] - Attribute 'value' of object 'Object Repository/DispensaryToStore/Page_Store/input_txtprice' is: '365'

2018-06-09 17:31:30 - [TEST_STEP][PASSED] - Statement - out.println("Stock QTY : " + StockQty): null

2018-06-09 17:31:30 - [TEST_STEP][PASSED] - delay: Delayed 2 second(s)

2018-06-09 17:31:32 - [MESSAGE][PASSED] - Delayed 2 second(s)

2018-06-09 17:31:32 - [TEST_STEP][PASSED] - Statement - If (java.lang.String.valueOf(StockQty) >= java.lang.String.valueOf(RequestedQty)): null

2018-06-09 17:31:32 - [TEST_STEP][PASSED] - setText: Text '10' is set on object 'Object Repository/DispensaryToStore/Page_Store/input_txtqty'

2018-06-09 17:31:32 - [MESSAGE][PASSED] - Text '10' is set on object 'Object Repository/DispensaryToStore/Page_Store/input_txtqty'

2018-06-09 17:31:32 - [TEST_STEP][PASSED] - click: Object: 'Object Repository/DispensaryToStore/Page_Store/button_Add' is clicked on

2018-06-09 17:31:32 - [MESSAGE][PASSED] - Object: 'Object Repository/DispensaryToStore/Page_Store/button_Add' is clicked on

2018-06-09 17:31:32 - [TEST_STEP][PASSED] - Statement - Break: null

2018-06-09 17:31:32 - [TEST_STEP][PASSED] - selectOptionByIndex: All options with index in [2] are selected on object 'Object Repository/DispensaryToStore/Page_Store/select_--Select--Adernaline 0.'

2018-06-09 17:31:32 - [MESSAGE][PASSED] - All options with index in [2] are selected on object 'Object Repository/DispensaryToStore/Page_Store/select_--Select--Adernaline 0.'

2018-06-09 17:31:32 - [TEST_STEP][PASSED] - delay: Delayed 2 second(s)

2018-06-09 17:31:34 - [MESSAGE][PASSED] - Delayed 2 second(s)

2018-06-09 17:31:34 - [TEST_STEP][PASSED] - Statement - RequestedQty = com.kms.katalon.core.webui.keyword.WebUiBuiltInKeywords.getAttribute(com.kms.katalon.core.testobject.ObjectRepository.findTestObject(DispensaryToStore/Page_Store/input_txttotal), "value"): Attribute 'value' of object 'Object Repository/DispensaryToStore/Page_Store/input_txttotal' is: '10'

2018-06-09 17:31:34 - [MESSAGE][PASSED] - Attribute 'value' of object 'Object Repository/DispensaryToStore/Page_Store/input_txttotal' is: '10'

2018-06-09 17:31:34 - [TEST_STEP][PASSED] - Statement - out.println("Requested QTY : " + RequestedQty): null

2018-06-09 17:31:34 - [TEST_STEP][PASSED] - Statement - BatchNumber = com.kms.katalon.core.webui.keyword.WebUiBuiltInKeywords.getNumberOfTotalOption(com.kms.katalon.core.testobject.ObjectRepository.findTestObject(DispensaryToStore/Page_Store/select_--Select--BA1170BA2376B)): 2 options of object 'Object Repository/DispensaryToStore/Page_Store/select_--Select--BA1170BA2376B' counted

2018-06-09 17:31:34 - [MESSAGE][PASSED] - 2 options of object 'Object Repository/DispensaryToStore/Page_Store/select_--Select--BA1170BA2376B' counted

2018-06-09 17:31:34 - [TEST_STEP][PASSED] - Statement - For ([g = 1, g <= BatchNumber - 1, (g++)]): null

2018-06-09 17:31:34 - [TEST_STEP][PASSED] - selectOptionByIndex: All options with index in [1] are selected on object 'Object Repository/DispensaryToStore/Page_Store/select_--Select--BA1170BA2376B'

2018-06-09 17:31:34 - [MESSAGE][PASSED] - All options with index in [1] are selected on object 'Object Repository/DispensaryToStore/Page_Store/select_--Select--BA1170BA2376B'

2018-06-09 17:31:34 - [TEST_STEP][PASSED] - Statement - Try: null

2018-06-09 17:31:34 - [TEST_STEP][PASSED] - Statement - StockQty = com.kms.katalon.core.webui.keyword.WebUiBuiltInKeywords.getAttribute(com.kms.katalon.core.testobject.ObjectRepository.findTestObject(DispensaryToStore/Page_Store/input_txtprice), "value"): Attribute 'value' of object 'Object Repository/DispensaryToStore/Page_Store/input_txtprice' is: '888'

2018-06-09 17:31:34 - [MESSAGE][PASSED] - Attribute 'value' of object 'Object Repository/DispensaryToStore/Page_Store/input_txtprice' is: '888'

2018-06-09 17:31:34 - [TEST_STEP][PASSED] - Statement - out.println("Stock QTY : " + StockQty): null

2018-06-09 17:31:34 - [TEST_STEP][PASSED] - delay: Delayed 2 second(s)

2018-06-09 17:31:36 - [MESSAGE][PASSED] - Delayed 2 second(s)

2018-06-09 17:31:36 - [TEST_STEP][PASSED] - Statement - If (java.lang.String.valueOf(StockQty) >= java.lang.String.valueOf(RequestedQty)): null

2018-06-09 17:31:36 - [TEST_STEP][PASSED] - setText: Text '10' is set on object 'Object Repository/DispensaryToStore/Page_Store/input_txtqty'

2018-06-09 17:31:36 - [MESSAGE][PASSED] - Text '10' is set on object 'Object Repository/DispensaryToStore/Page_Store/input_txtqty'

2018-06-09 17:31:36 - [TEST_STEP][PASSED] - click: Object: 'Object Repository/DispensaryToStore/Page_Store/button_Add' is clicked on

2018-06-09 17:31:36 - [MESSAGE][PASSED] - Object: 'Object Repository/DispensaryToStore/Page_Store/button_Add' is clicked on

2018-06-09 17:31:36 - [TEST_STEP][PASSED] - Statement - Break: null

2018-06-09 17:31:36 - [TEST_STEP][PASSED] - selectOptionByIndex: All options with index in [3] are selected on object 'Object Repository/DispensaryToStore/Page_Store/select_--Select--Adernaline 0.'

2018-06-09 17:31:37 - [MESSAGE][PASSED] - All options with index in [3] are selected on object 'Object Repository/DispensaryToStore/Page_Store/select_--Select--Adernaline 0.'

2018-06-09 17:31:37 - [TEST_STEP][PASSED] - delay: Delayed 2 second(s)

2018-06-09 17:31:39 - [MESSAGE][PASSED] - Delayed 2 second(s)

2018-06-09 17:31:39 - [TEST_STEP][PASSED] - Statement - RequestedQty = com.kms.katalon.core.webui.keyword.WebUiBuiltInKeywords.getAttribute(com.kms.katalon.core.testobject.ObjectRepository.findTestObject(DispensaryToStore/Page_Store/input_txttotal), "value"): Attribute 'value' of object 'Object Repository/DispensaryToStore/Page_Store/input_txttotal' is: '10'

2018-06-09 17:31:39 - [MESSAGE][PASSED] - Attribute 'value' of object 'Object Repository/DispensaryToStore/Page_Store/input_txttotal' is: '10'

2018-06-09 17:31:39 - [TEST_STEP][PASSED] - Statement - out.println("Requested QTY : " + RequestedQty): null

2018-06-09 17:31:39 - [TEST_STEP][PASSED] - Statement - BatchNumber = com.kms.katalon.core.webui.keyword.WebUiBuiltInKeywords.getNumberOfTotalOption(com.kms.katalon.core.testobject.ObjectRepository.findTestObject(DispensaryToStore/Page_Store/select_--Select--BA1170BA2376B)): 3 options of object 'Object Repository/DispensaryToStore/Page_Store/select_--Select--BA1170BA2376B' counted

2018-06-09 17:31:39 - [MESSAGE][PASSED] - 3 options of object 'Object Repository/DispensaryToStore/Page_Store/select_--Select--BA1170BA2376B' counted

2018-06-09 17:31:39 - [TEST_STEP][PASSED] - Statement - For ([g = 1, g <= BatchNumber - 1, (g++)]): null

2018-06-09 17:31:39 - [TEST_STEP][PASSED] - selectOptionByIndex: All options with index in [1] are selected on object 'Object Repository/DispensaryToStore/Page_Store/select_--Select--BA1170BA2376B'

2018-06-09 17:31:39 - [MESSAGE][PASSED] - All options with index in [1] are selected on object 'Object Repository/DispensaryToStore/Page_Store/select_--Select--BA1170BA2376B'

2018-06-09 17:31:39 - [TEST_STEP][PASSED] - Statement - Try: null

2018-06-09 17:31:39 - [TEST_STEP][PASSED] - Statement - StockQty = com.kms.katalon.core.webui.keyword.WebUiBuiltInKeywords.getAttribute(com.kms.katalon.core.testobject.ObjectRepository.findTestObject(DispensaryToStore/Page_Store/input_txtprice), "value"): Attribute 'value' of object 'Object Repository/DispensaryToStore/Page_Store/input_txtprice' is: '365'

2018-06-09 17:31:39 - [MESSAGE][PASSED] - Attribute 'value' of object 'Object Repository/DispensaryToStore/Page_Store/input_txtprice' is: '365'

2018-06-09 17:31:39 - [TEST_STEP][PASSED] - Statement - out.println("Stock QTY : " + StockQty): null

2018-06-09 17:31:39 - [TEST_STEP][PASSED] - delay: Delayed 2 second(s)

2018-06-09 17:31:41 - [MESSAGE][PASSED] - Delayed 2 second(s)

2018-06-09 17:31:41 - [TEST_STEP][PASSED] - Statement - If (java.lang.String.valueOf(StockQty) >= java.lang.String.valueOf(RequestedQty)): null

2018-06-09 17:31:41 - [TEST_STEP][PASSED] - setText: Text '10' is set on object 'Object Repository/DispensaryToStore/Page_Store/input_txtqty'

2018-06-09 17:31:41 - [MESSAGE][PASSED] - Text '10' is set on object 'Object Repository/DispensaryToStore/Page_Store/input_txtqty'

2018-06-09 17:31:41 - [TEST_STEP][PASSED] - click: Object: 'Object Repository/DispensaryToStore/Page_Store/button_Add' is clicked on

2018-06-09 17:31:41 - [MESSAGE][PASSED] - Object: 'Object Repository/DispensaryToStore/Page_Store/button_Add' is clicked on

2018-06-09 17:31:41 - [TEST_STEP][PASSED] - Statement - Break: null

2018-06-09 17:31:41 - [TEST_STEP][PASSED] - selectOptionByIndex: All options with index in [4] are selected on object 'Object Repository/DispensaryToStore/Page_Store/select_--Select--Adernaline 0.'

2018-06-09 17:31:41 - [MESSAGE][PASSED] - All options with index in [4] are selected on object 'Object Repository/DispensaryToStore/Page_Store/select_--Select--Adernaline 0.'

2018-06-09 17:31:41 - [TEST_STEP][PASSED] - delay: Delayed 2 second(s)

2018-06-09 17:31:43 - [MESSAGE][PASSED] - Delayed 2 second(s)

2018-06-09 17:31:43 - [TEST_STEP][PASSED] - Statement - RequestedQty = com.kms.katalon.core.webui.keyword.WebUiBuiltInKeywords.getAttribute(com.kms.katalon.core.testobject.ObjectRepository.findTestObject(DispensaryToStore/Page_Store/input_txttotal), "value"): Attribute 'value' of object 'Object Repository/DispensaryToStore/Page_Store/input_txttotal' is: '10'

2018-06-09 17:31:43 - [MESSAGE][PASSED] - Attribute 'value' of object 'Object Repository/DispensaryToStore/Page_Store/input_txttotal' is: '10'

2018-06-09 17:31:43 - [TEST_STEP][PASSED] - Statement - out.println("Requested QTY : " + RequestedQty): null

2018-06-09 17:31:43 - [TEST_STEP][PASSED] - Statement - BatchNumber = com.kms.katalon.core.webui.keyword.WebUiBuiltInKeywords.getNumberOfTotalOption(com.kms.katalon.core.testobject.ObjectRepository.findTestObject(DispensaryToStore/Page_Store/select_--Select--BA1170BA2376B)): 3 options of object 'Object Repository/DispensaryToStore/Page_Store/select_--Select--BA1170BA2376B' counted

2018-06-09 17:31:43 - [MESSAGE][PASSED] - 3 options of object 'Object Repository/DispensaryToStore/Page_Store/select_--Select--BA1170BA2376B' counted

2018-06-09 17:31:43 - [TEST_STEP][PASSED] - Statement - For ([g = 1, g <= BatchNumber - 1, (g++)]): null

2018-06-09 17:31:43 - [TEST_STEP][PASSED] - selectOptionByIndex: All options with index in [1] are selected on object 'Object Repository/DispensaryToStore/Page_Store/select_--Select--BA1170BA2376B'

2018-06-09 17:31:44 - [MESSAGE][PASSED] - All options with index in [1] are selected on object 'Object Repository/DispensaryToStore/Page_Store/select_--Select--BA1170BA2376B'

2018-06-09 17:31:44 - [TEST_STEP][PASSED] - Statement - Try: null

2018-06-09 17:31:44 - [TEST_STEP][PASSED] - Statement - StockQty = com.kms.katalon.core.webui.keyword.WebUiBuiltInKeywords.getAttribute(com.kms.katalon.core.testobject.ObjectRepository.findTestObject(DispensaryToStore/Page_Store/input_txtprice), "value"): Attribute 'value' of object 'Object Repository/DispensaryToStore/Page_Store/input_txtprice' is: '365'

2018-06-09 17:31:44 - [MESSAGE][PASSED] - Attribute 'value' of object 'Object Repository/DispensaryToStore/Page_Store/input_txtprice' is: '365'

2018-06-09 17:31:44 - [TEST_STEP][PASSED] - Statement - out.println("Stock QTY : " + StockQty): null

2018-06-09 17:31:44 - [TEST_STEP][PASSED] - delay: Delayed 2 second(s)

2018-06-09 17:31:46 - [MESSAGE][PASSED] - Delayed 2 second(s)

2018-06-09 17:31:46 - [TEST_STEP][PASSED] - Statement - If (java.lang.String.valueOf(StockQty) >= java.lang.String.valueOf(RequestedQty)): null

2018-06-09 17:31:46 - [TEST_STEP][PASSED] - setText: Text '10' is set on object 'Object Repository/DispensaryToStore/Page_Store/input_txtqty'

2018-06-09 17:31:46 - [MESSAGE][PASSED] - Text '10' is set on object 'Object Repository/DispensaryToStore/Page_Store/input_txtqty'

2018-06-09 17:31:46 - [TEST_STEP][PASSED] - click: Object: 'Object Repository/DispensaryToStore/Page_Store/button_Add' is clicked on

2018-06-09 17:31:46 - [MESSAGE][PASSED] - Object: 'Object Repository/DispensaryToStore/Page_Store/button_Add' is clicked on

2018-06-09 17:31:46 - [TEST_STEP][PASSED] - Statement - Break: null

2018-06-09 17:31:46 - [TEST_STEP][PASSED] - selectOptionByIndex: All options with index in [5] are selected on object 'Object Repository/DispensaryToStore/Page_Store/select_--Select--Adernaline 0.'

2018-06-09 17:31:46 - [MESSAGE][PASSED] - All options with index in [5] are selected on object 'Object Repository/DispensaryToStore/Page_Store/select_--Select--Adernaline 0.'

2018-06-09 17:31:46 - [TEST_STEP][PASSED] - delay: Delayed 2 second(s)

2018-06-09 17:31:48 - [MESSAGE][PASSED] - Delayed 2 second(s)

2018-06-09 17:31:48 - [TEST_STEP][PASSED] - Statement - RequestedQty = com.kms.katalon.core.webui.keyword.WebUiBuiltInKeywords.getAttribute(com.kms.katalon.core.testobject.ObjectRepository.findTestObject(DispensaryToStore/Page_Store/input_txttotal), "value"): Attribute 'value' of object 'Object Repository/DispensaryToStore/Page_Store/input_txttotal' is: '10'

2018-06-09 17:31:48 - [MESSAGE][PASSED] - Attribute 'value' of object 'Object Repository/DispensaryToStore/Page_Store/input_txttotal' is: '10'

2018-06-09 17:31:48 - [TEST_STEP][PASSED] - Statement - out.println("Requested QTY : " + RequestedQty): null

2018-06-09 17:31:48 - [TEST_STEP][PASSED] - Statement - BatchNumber = com.kms.katalon.core.webui.keyword.WebUiBuiltInKeywords.getNumberOfTotalOption(com.kms.katalon.core.testobject.ObjectRepository.findTestObject(DispensaryToStore/Page_Store/select_--Select--BA1170BA2376B)): 4 options of object 'Object Repository/DispensaryToStore/Page_Store/select_--Select--BA1170BA2376B' counted

2018-06-09 17:31:48 - [MESSAGE][PASSED] - 4 options of object 'Object Repository/DispensaryToStore/Page_Store/select_--Select--BA1170BA2376B' counted

2018-06-09 17:31:48 - [TEST_STEP][PASSED] - Statement - For ([g = 1, g <= BatchNumber - 1, (g++)]): null

2018-06-09 17:31:48 - [TEST_STEP][PASSED] - selectOptionByIndex: All options with index in [1] are selected on object 'Object Repository/DispensaryToStore/Page_Store/select_--Select--BA1170BA2376B'

2018-06-09 17:31:48 - [MESSAGE][PASSED] - All options with index in [1] are selected on object 'Object Repository/DispensaryToStore/Page_Store/select_--Select--BA1170BA2376B'

2018-06-09 17:31:48 - [TEST_STEP][PASSED] - Statement - Try: null

2018-06-09 17:31:48 - [TEST_STEP][PASSED] - Statement - StockQty = com.kms.katalon.core.webui.keyword.WebUiBuiltInKeywords.getAttribute(com.kms.katalon.core.testobject.ObjectRepository.findTestObject(DispensaryToStore/Page_Store/input_txtprice), "value"): Attribute 'value' of object 'Object Repository/DispensaryToStore/Page_Store/input_txtprice' is: '130'

2018-06-09 17:31:48 - [MESSAGE][PASSED] - Attribute 'value' of object 'Object Repository/DispensaryToStore/Page_Store/input_txtprice' is: '130'

2018-06-09 17:31:48 - [TEST_STEP][PASSED] - Statement - out.println("Stock QTY : " + StockQty): null

2018-06-09 17:31:48 - [TEST_STEP][PASSED] - delay: Delayed 2 second(s)

2018-06-09 17:31:50 - [MESSAGE][PASSED] - Delayed 2 second(s)

2018-06-09 17:31:50 - [TEST_STEP][PASSED] - Statement - If (java.lang.String.valueOf(StockQty) >= java.lang.String.valueOf(RequestedQty)): null

2018-06-09 17:31:50 - [TEST_STEP][PASSED] - setText: Text '10' is set on object 'Object Repository/DispensaryToStore/Page_Store/input_txtqty'

2018-06-09 17:31:50 - [MESSAGE][PASSED] - Text '10' is set on object 'Object Repository/DispensaryToStore/Page_Store/input_txtqty'

2018-06-09 17:31:50 - [TEST_STEP][PASSED] - click: Object: 'Object Repository/DispensaryToStore/Page_Store/button_Add' is clicked on

2018-06-09 17:31:50 - [MESSAGE][PASSED] - Object: 'Object Repository/DispensaryToStore/Page_Store/button_Add' is clicked on

2018-06-09 17:31:50 - [TEST_STEP][PASSED] - Statement - Break: null

2018-06-09 17:31:50 - [TEST_STEP][PASSED] - selectOptionByIndex: All options with index in [6] are selected on object 'Object Repository/DispensaryToStore/Page_Store/select_--Select--Adernaline 0.'

2018-06-09 17:31:51 - [MESSAGE][PASSED] - All options with index in [6] are selected on object 'Object Repository/DispensaryToStore/Page_Store/select_--Select--Adernaline 0.'

2018-06-09 17:31:51 - [TEST_STEP][PASSED] - delay: Delayed 2 second(s)

2018-06-09 17:31:53 - [MESSAGE][PASSED] - Delayed 2 second(s)

2018-06-09 17:31:53 - [TEST_STEP][PASSED] - Statement - RequestedQty = com.kms.katalon.core.webui.keyword.WebUiBuiltInKeywords.getAttribute(com.kms.katalon.core.testobject.ObjectRepository.findTestObject(DispensaryToStore/Page_Store/input_txttotal), "value"): Attribute 'value' of object 'Object Repository/DispensaryToStore/Page_Store/input_txttotal' is: '10'

2018-06-09 17:31:53 - [MESSAGE][PASSED] - Attribute 'value' of object 'Object Repository/DispensaryToStore/Page_Store/input_txttotal' is: '10'

2018-06-09 17:31:53 - [TEST_STEP][PASSED] - Statement - out.println("Requested QTY : " + RequestedQty): null

2018-06-09 17:31:53 - [TEST_STEP][PASSED] - Statement - BatchNumber = com.kms.katalon.core.webui.keyword.WebUiBuiltInKeywords.getNumberOfTotalOption(com.kms.katalon.core.testobject.ObjectRepository.findTestObject(DispensaryToStore/Page_Store/select_--Select--BA1170BA2376B)): 3 options of object 'Object Repository/DispensaryToStore/Page_Store/select_--Select--BA1170BA2376B' counted

2018-06-09 17:31:53 - [MESSAGE][PASSED] - 3 options of object 'Object Repository/DispensaryToStore/Page_Store/select_--Select--BA1170BA2376B' counted

2018-06-09 17:31:53 - [TEST_STEP][PASSED] - Statement - For ([g = 1, g <= BatchNumber - 1, (g++)]): null

2018-06-09 17:31:53 - [TEST_STEP][PASSED] - selectOptionByIndex: All options with index in [1] are selected on object 'Object Repository/DispensaryToStore/Page_Store/select_--Select--BA1170BA2376B'

2018-06-09 17:31:53 - [MESSAGE][PASSED] - All options with index in [1] are selected on object 'Object Repository/DispensaryToStore/Page_Store/select_--Select--BA1170BA2376B'

2018-06-09 17:31:53 - [TEST_STEP][PASSED] - Statement - Try: null

2018-06-09 17:31:53 - [TEST_STEP][PASSED] - Statement - StockQty = com.kms.katalon.core.webui.keyword.WebUiBuiltInKeywords.getAttribute(com.kms.katalon.core.testobject.ObjectRepository.findTestObject(DispensaryToStore/Page_Store/input_txtprice), "value"): Attribute 'value' of object 'Object Repository/DispensaryToStore/Page_Store/input_txtprice' is: '375'

2018-06-09 17:31:53 - [MESSAGE][PASSED] - Attribute 'value' of object 'Object Repository/DispensaryToStore/Page_Store/input_txtprice' is: '375'

2018-06-09 17:31:53 - [TEST_STEP][PASSED] - Statement - out.println("Stock QTY : " + StockQty): null

2018-06-09 17:31:53 - [TEST_STEP][PASSED] - delay: Delayed 2 second(s)

2018-06-09 17:31:55 - [MESSAGE][PASSED] - Delayed 2 second(s)

2018-06-09 17:31:55 - [TEST_STEP][PASSED] - Statement - If (java.lang.String.valueOf(StockQty) >= java.lang.String.valueOf(RequestedQty)): null

2018-06-09 17:31:55 - [TEST_STEP][PASSED] - setText: Text '10' is set on object 'Object Repository/DispensaryToStore/Page_Store/input_txtqty'

2018-06-09 17:31:55 - [MESSAGE][PASSED] - Text '10' is set on object 'Object Repository/DispensaryToStore/Page_Store/input_txtqty'

2018-06-09 17:31:55 - [TEST_STEP][PASSED] - click: Object: 'Object Repository/DispensaryToStore/Page_Store/button_Add' is clicked on

2018-06-09 17:31:55 - [MESSAGE][PASSED] - Object: 'Object Repository/DispensaryToStore/Page_Store/button_Add' is clicked on

2018-06-09 17:31:55 - [TEST_STEP][PASSED] - Statement - Break: null

2018-06-09 17:31:55 - [TEST_STEP][PASSED] - selectOptionByIndex: All options with index in [7] are selected on object 'Object Repository/DispensaryToStore/Page_Store/select_--Select--Adernaline 0.'

2018-06-09 17:31:55 - [MESSAGE][PASSED] - All options with index in [7] are selected on object 'Object Repository/DispensaryToStore/Page_Store/select_--Select--Adernaline 0.'

2018-06-09 17:31:55 - [TEST_STEP][PASSED] - delay: Delayed 2 second(s)

2018-06-09 17:31:57 - [MESSAGE][PASSED] - Delayed 2 second(s)

2018-06-09 17:31:57 - [TEST_STEP][PASSED] - Statement - RequestedQty = com.kms.katalon.core.webui.keyword.WebUiBuiltInKeywords.getAttribute(com.kms.katalon.core.testobject.ObjectRepository.findTestObject(DispensaryToStore/Page_Store/input_txttotal), "value"): Attribute 'value' of object 'Object Repository/DispensaryToStore/Page_Store/input_txttotal' is: '10'

2018-06-09 17:31:57 - [MESSAGE][PASSED] - Attribute 'value' of object 'Object Repository/DispensaryToStore/Page_Store/input_txttotal' is: '10'

2018-06-09 17:31:57 - [TEST_STEP][PASSED] - Statement - out.println("Requested QTY : " + RequestedQty): null

2018-06-09 17:31:57 - [TEST_STEP][PASSED] - Statement - BatchNumber = com.kms.katalon.core.webui.keyword.WebUiBuiltInKeywords.getNumberOfTotalOption(com.kms.katalon.core.testobject.ObjectRepository.findTestObject(DispensaryToStore/Page_Store/select_--Select--BA1170BA2376B)): 4 options of object 'Object Repository/DispensaryToStore/Page_Store/select_--Select--BA1170BA2376B' counted

2018-06-09 17:31:57 - [MESSAGE][PASSED] - 4 options of object 'Object Repository/DispensaryToStore/Page_Store/select_--Select--BA1170BA2376B' counted

2018-06-09 17:31:57 - [TEST_STEP][PASSED] - Statement - For ([g = 1, g <= BatchNumber - 1, (g++)]): null

2018-06-09 17:31:57 - [TEST_STEP][PASSED] - selectOptionByIndex: All options with index in [1] are selected on object 'Object Repository/DispensaryToStore/Page_Store/select_--Select--BA1170BA2376B'

2018-06-09 17:31:57 - [MESSAGE][PASSED] - All options with index in [1] are selected on object 'Object Repository/DispensaryToStore/Page_Store/select_--Select--BA1170BA2376B'

2018-06-09 17:31:57 - [TEST_STEP][PASSED] - Statement - Try: null

2018-06-09 17:31:57 - [TEST_STEP][PASSED] - Statement - StockQty = com.kms.katalon.core.webui.keyword.WebUiBuiltInKeywords.getAttribute(com.kms.katalon.core.testobject.ObjectRepository.findTestObject(DispensaryToStore/Page_Store/input_txtprice), "value"): Attribute 'value' of object 'Object Repository/DispensaryToStore/Page_Store/input_txtprice' is: '195'

2018-06-09 17:31:57 - [MESSAGE][PASSED] - Attribute 'value' of object 'Object Repository/DispensaryToStore/Page_Store/input_txtprice' is: '195'

2018-06-09 17:31:57 - [TEST_STEP][PASSED] - Statement - out.println("Stock QTY : " + StockQty): null

2018-06-09 17:31:57 - [TEST_STEP][PASSED] - delay: Delayed 2 second(s)

2018-06-09 17:31:59 - [MESSAGE][PASSED] - Delayed 2 second(s)

2018-06-09 17:31:59 - [TEST_STEP][PASSED] - Statement - If (java.lang.String.valueOf(StockQty) >= java.lang.String.valueOf(RequestedQty)): null

2018-06-09 17:31:59 - [TEST_STEP][PASSED] - setText: Text '10' is set on object 'Object Repository/DispensaryToStore/Page_Store/input_txtqty'

2018-06-09 17:32:00 - [MESSAGE][PASSED] - Text '10' is set on object 'Object Repository/DispensaryToStore/Page_Store/input_txtqty'

2018-06-09 17:32:00 - [TEST_STEP][PASSED] - click: Object: 'Object Repository/DispensaryToStore/Page_Store/button_Add' is clicked on

2018-06-09 17:32:00 - [MESSAGE][PASSED] - Object: 'Object Repository/DispensaryToStore/Page_Store/button_Add' is clicked on

2018-06-09 17:32:00 - [TEST_STEP][PASSED] - Statement - Break: null

2018-06-09 17:32:00 - [TEST_STEP][PASSED] - selectOptionByIndex: All options with index in [8] are selected on object 'Object Repository/DispensaryToStore/Page_Store/select_--Select--Adernaline 0.'

2018-06-09 17:32:00 - [MESSAGE][PASSED] - All options with index in [8] are selected on object 'Object Repository/DispensaryToStore/Page_Store/select_--Select--Adernaline 0.'

2018-06-09 17:32:00 - [TEST_STEP][PASSED] - delay: Delayed 2 second(s)

2018-06-09 17:32:02 - [MESSAGE][PASSED] - Delayed 2 second(s)

2018-06-09 17:32:02 - [TEST_STEP][PASSED] - Statement - RequestedQty = com.kms.katalon.core.webui.keyword.WebUiBuiltInKeywords.getAttribute(com.kms.katalon.core.testobject.ObjectRepository.findTestObject(DispensaryToStore/Page_Store/input_txttotal), "value"): Attribute 'value' of object 'Object Repository/DispensaryToStore/Page_Store/input_txttotal' is: '10'

2018-06-09 17:32:02 - [MESSAGE][PASSED] - Attribute 'value' of object 'Object Repository/DispensaryToStore/Page_Store/input_txttotal' is: '10'

2018-06-09 17:32:02 - [TEST_STEP][PASSED] - Statement - out.println("Requested QTY : " + RequestedQty): null

2018-06-09 17:32:02 - [TEST_STEP][PASSED] - Statement - BatchNumber = com.kms.katalon.core.webui.keyword.WebUiBuiltInKeywords.getNumberOfTotalOption(com.kms.katalon.core.testobject.ObjectRepository.findTestObject(DispensaryToStore/Page_Store/select_--Select--BA1170BA2376B)): 2 options of object 'Object Repository/DispensaryToStore/Page_Store/select_--Select--BA1170BA2376B' counted

2018-06-09 17:32:02 - [MESSAGE][PASSED] - 2 options of object 'Object Repository/DispensaryToStore/Page_Store/select_--Select--BA1170BA2376B' counted

2018-06-09 17:32:02 - [TEST_STEP][PASSED] - Statement - For ([g = 1, g <= BatchNumber - 1, (g++)]): null

2018-06-09 17:32:02 - [TEST_STEP][PASSED] - selectOptionByIndex: All options with index in [1] are selected on object 'Object Repository/DispensaryToStore/Page_Store/select_--Select--BA1170BA2376B'

2018-06-09 17:32:02 - [MESSAGE][PASSED] - All options with index in [1] are selected on object 'Object Repository/DispensaryToStore/Page_Store/select_--Select--BA1170BA2376B'

2018-06-09 17:32:02 - [TEST_STEP][PASSED] - Statement - Try: null

2018-06-09 17:32:02 - [TEST_STEP][PASSED] - Statement - StockQty = com.kms.katalon.core.webui.keyword.WebUiBuiltInKeywords.getAttribute(com.kms.katalon.core.testobject.ObjectRepository.findTestObject(DispensaryToStore/Page_Store/input_txtprice), "value"): Attribute 'value' of object 'Object Repository/DispensaryToStore/Page_Store/input_txtprice' is: '1330'

2018-06-09 17:32:02 - [MESSAGE][PASSED] - Attribute 'value' of object 'Object Repository/DispensaryToStore/Page_Store/input_txtprice' is: '1330'

2018-06-09 17:32:02 - [TEST_STEP][PASSED] - Statement - out.println("Stock QTY : " + StockQty): null

2018-06-09 17:32:02 - [TEST_STEP][PASSED] - delay: Delayed 2 second(s)

2018-06-09 17:32:04 - [MESSAGE][PASSED] - Delayed 2 second(s)

2018-06-09 17:32:04 - [TEST_STEP][PASSED] - Statement - If (java.lang.String.valueOf(StockQty) >= java.lang.String.valueOf(RequestedQty)): null

2018-06-09 17:32:04 - [TEST_STEP][PASSED] - setText: Text '10' is set on object 'Object Repository/DispensaryToStore/Page_Store/input_txtqty'

2018-06-09 17:32:04 - [MESSAGE][PASSED] - Text '10' is set on object 'Object Repository/DispensaryToStore/Page_Store/input_txtqty'

2018-06-09 17:32:04 - [TEST_STEP][PASSED] - click: Object: 'Object Repository/DispensaryToStore/Page_Store/button_Add' is clicked on

2018-06-09 17:32:04 - [MESSAGE][PASSED] - Object: 'Object Repository/DispensaryToStore/Page_Store/button_Add' is clicked on

2018-06-09 17:32:04 - [TEST_STEP][PASSED] - Statement - Break: null

2018-06-09 17:32:04 - [TEST_STEP][PASSED] - selectOptionByIndex: All options with index in [9] are selected on object 'Object Repository/DispensaryToStore/Page_Store/select_--Select--Adernaline 0.'

2018-06-09 17:32:05 - [MESSAGE][PASSED] - All options with index in [9] are selected on object 'Object Repository/DispensaryToStore/Page_Store/select_--Select--Adernaline 0.'

2018-06-09 17:32:05 - [TEST_STEP][PASSED] - delay: Delayed 2 second(s)

2018-06-09 17:32:07 - [MESSAGE][PASSED] - Delayed 2 second(s)

2018-06-09 17:32:07 - [TEST_STEP][PASSED] - Statement - RequestedQty = com.kms.katalon.core.webui.keyword.WebUiBuiltInKeywords.getAttribute(com.kms.katalon.core.testobject.ObjectRepository.findTestObject(DispensaryToStore/Page_Store/input_txttotal), "value"): Attribute 'value' of object 'Object Repository/DispensaryToStore/Page_Store/input_txttotal' is: '10'

2018-06-09 17:32:07 - [MESSAGE][PASSED] - Attribute 'value' of object 'Object Repository/DispensaryToStore/Page_Store/input_txttotal' is: '10'

2018-06-09 17:32:07 - [TEST_STEP][PASSED] - Statement - out.println("Requested QTY : " + RequestedQty): null

2018-06-09 17:32:07 - [TEST_STEP][PASSED] - Statement - BatchNumber = com.kms.katalon.core.webui.keyword.WebUiBuiltInKeywords.getNumberOfTotalOption(com.kms.katalon.core.testobject.ObjectRepository.findTestObject(DispensaryToStore/Page_Store/select_--Select--BA1170BA2376B)): 4 options of object 'Object Repository/DispensaryToStore/Page_Store/select_--Select--BA1170BA2376B' counted

2018-06-09 17:32:07 - [MESSAGE][PASSED] - 4 options of object 'Object Repository/DispensaryToStore/Page_Store/select_--Select--BA1170BA2376B' counted

2018-06-09 17:32:07 - [TEST_STEP][PASSED] - Statement - For ([g = 1, g <= BatchNumber - 1, (g++)]): null

2018-06-09 17:32:07 - [TEST_STEP][PASSED] - selectOptionByIndex: All options with index in [1] are selected on object 'Object Repository/DispensaryToStore/Page_Store/select_--Select--BA1170BA2376B'

2018-06-09 17:32:07 - [MESSAGE][PASSED] - All options with index in [1] are selected on object 'Object Repository/DispensaryToStore/Page_Store/select_--Select--BA1170BA2376B'

2018-06-09 17:32:07 - [TEST_STEP][PASSED] - Statement - Try: null

2018-06-09 17:32:07 - [TEST_STEP][PASSED] - Statement - StockQty = com.kms.katalon.core.webui.keyword.WebUiBuiltInKeywords.getAttribute(com.kms.katalon.core.testobject.ObjectRepository.findTestObject(DispensaryToStore/Page_Store/input_txtprice), "value"): Attribute 'value' of object 'Object Repository/DispensaryToStore/Page_Store/input_txtprice' is: '195'

2018-06-09 17:32:07 - [MESSAGE][PASSED] - Attribute 'value' of object 'Object Repository/DispensaryToStore/Page_Store/input_txtprice' is: '195'

2018-06-09 17:32:07 - [TEST_STEP][PASSED] - Statement - out.println("Stock QTY : " + StockQty): null

2018-06-09 17:32:07 - [TEST_STEP][PASSED] - delay: Delayed 2 second(s)

2018-06-09 17:32:09 - [MESSAGE][PASSED] - Delayed 2 second(s)

2018-06-09 17:32:09 - [TEST_STEP][PASSED] - Statement - If (java.lang.String.valueOf(StockQty) >= java.lang.String.valueOf(RequestedQty)): null

2018-06-09 17:32:09 - [TEST_STEP][PASSED] - setText: Text '10' is set on object 'Object Repository/DispensaryToStore/Page_Store/input_txtqty'

2018-06-09 17:32:09 - [MESSAGE][PASSED] - Text '10' is set on object 'Object Repository/DispensaryToStore/Page_Store/input_txtqty'

2018-06-09 17:32:09 - [TEST_STEP][PASSED] - click: Object: 'Object Repository/DispensaryToStore/Page_Store/button_Add' is clicked on

2018-06-09 17:32:09 - [MESSAGE][PASSED] - Object: 'Object Repository/DispensaryToStore/Page_Store/button_Add' is clicked on

2018-06-09 17:32:09 - [TEST_STEP][PASSED] - Statement - Break: null

2018-06-09 17:32:09 - [TEST_STEP][PASSED] - selectOptionByIndex: All options with index in [10] are selected on object 'Object Repository/DispensaryToStore/Page_Store/select_--Select--Adernaline 0.'

2018-06-09 17:32:09 - [MESSAGE][PASSED] - All options with index in [10] are selected on object 'Object Repository/DispensaryToStore/Page_Store/select_--Select--Adernaline 0.'

2018-06-09 17:32:09 - [TEST_STEP][PASSED] - delay: Delayed 2 second(s)

2018-06-09 17:32:11 - [MESSAGE][PASSED] - Delayed 2 second(s)

2018-06-09 17:32:11 - [TEST_STEP][PASSED] - Statement - RequestedQty = com.kms.katalon.core.webui.keyword.WebUiBuiltInKeywords.getAttribute(com.kms.katalon.core.testobject.ObjectRepository.findTestObject(DispensaryToStore/Page_Store/input_txttotal), "value"): Attribute 'value' of object 'Object Repository/DispensaryToStore/Page_Store/input_txttotal' is: '10'

2018-06-09 17:32:11 - [MESSAGE][PASSED] - Attribute 'value' of object 'Object Repository/DispensaryToStore/Page_Store/input_txttotal' is: '10'

2018-06-09 17:32:11 - [TEST_STEP][PASSED] - Statement - out.println("Requested QTY : " + RequestedQty): null

2018-06-09 17:32:11 - [TEST_STEP][PASSED] - Statement - BatchNumber = com.kms.katalon.core.webui.keyword.WebUiBuiltInKeywords.getNumberOfTotalOption(com.kms.katalon.core.testobject.ObjectRepository.findTestObject(DispensaryToStore/Page_Store/select_--Select--BA1170BA2376B)): 2 options of object 'Object Repository/DispensaryToStore/Page_Store/select_--Select--BA1170BA2376B' counted

2018-06-09 17:32:11 - [MESSAGE][PASSED] - 2 options of object 'Object Repository/DispensaryToStore/Page_Store/select_--Select--BA1170BA2376B' counted

2018-06-09 17:32:11 - [TEST_STEP][PASSED] - Statement - For ([g = 1, g <= BatchNumber - 1, (g++)]): null

2018-06-09 17:32:11 - [TEST_STEP][PASSED] - selectOptionByIndex: All options with index in [1] are selected on object 'Object Repository/DispensaryToStore/Page_Store/select_--Select--BA1170BA2376B'

2018-06-09 17:32:12 - [MESSAGE][PASSED] - All options with index in [1] are selected on object 'Object Repository/DispensaryToStore/Page_Store/select_--Select--BA1170BA2376B'

2018-06-09 17:32:12 - [TEST_STEP][PASSED] - Statement - Try: null

2018-06-09 17:32:12 - [TEST_STEP][PASSED] - Statement - StockQty = com.kms.katalon.core.webui.keyword.WebUiBuiltInKeywords.getAttribute(com.kms.katalon.core.testobject.ObjectRepository.findTestObject(DispensaryToStore/Page_Store/input_txtprice), "value"): Attribute 'value' of object 'Object Repository/DispensaryToStore/Page_Store/input_txtprice' is: '900'

2018-06-09 17:32:12 - [MESSAGE][PASSED] - Attribute 'value' of object 'Object Repository/DispensaryToStore/Page_Store/input_txtprice' is: '900'

2018-06-09 17:32:12 - [TEST_STEP][PASSED] - Statement - out.println("Stock QTY : " + StockQty): null

2018-06-09 17:32:12 - [TEST_STEP][PASSED] - delay: Delayed 2 second(s)

2018-06-09 17:32:14 - [MESSAGE][PASSED] - Delayed 2 second(s)

2018-06-09 17:32:14 - [TEST_STEP][PASSED] - Statement - If (java.lang.String.valueOf(StockQty) >= java.lang.String.valueOf(RequestedQty)): null

2018-06-09 17:32:14 - [TEST_STEP][PASSED] - setText: Text '10' is set on object 'Object Repository/DispensaryToStore/Page_Store/input_txtqty'

2018-06-09 17:32:14 - [MESSAGE][PASSED] - Text '10' is set on object 'Object Repository/DispensaryToStore/Page_Store/input_txtqty'

2018-06-09 17:32:14 - [TEST_STEP][PASSED] - click: Object: 'Object Repository/DispensaryToStore/Page_Store/button_Add' is clicked on

2018-06-09 17:32:14 - [MESSAGE][PASSED] - Object: 'Object Repository/DispensaryToStore/Page_Store/button_Add' is clicked on

2018-06-09 17:32:14 - [TEST_STEP][PASSED] - Statement - Break: null

2018-06-09 17:32:14 - [TEST_STEP][PASSED] - selectOptionByIndex: All options with index in [11] are selected on object 'Object Repository/DispensaryToStore/Page_Store/select_--Select--Adernaline 0.'

2018-06-09 17:32:14 - [MESSAGE][PASSED] - All options with index in [11] are selected on object 'Object Repository/DispensaryToStore/Page_Store/select_--Select--Adernaline 0.'

2018-06-09 17:32:14 - [TEST_STEP][PASSED] - delay: Delayed 2 second(s)

2018-06-09 17:32:16 - [MESSAGE][PASSED] - Delayed 2 second(s)

2018-06-09 17:32:16 - [TEST_STEP][PASSED] - Statement - RequestedQty = com.kms.katalon.core.webui.keyword.WebUiBuiltInKeywords.getAttribute(com.kms.katalon.core.testobject.ObjectRepository.findTestObject(DispensaryToStore/Page_Store/input_txttotal), "value"): Attribute 'value' of object 'Object Repository/DispensaryToStore/Page_Store/input_txttotal' is: '10'

2018-06-09 17:32:16 - [MESSAGE][PASSED] - Attribute 'value' of object 'Object Repository/DispensaryToStore/Page_Store/input_txttotal' is: '10'

2018-06-09 17:32:16 - [TEST_STEP][PASSED] - Statement - out.println("Requested QTY : " + RequestedQty): null

2018-06-09 17:32:16 - [TEST_STEP][PASSED] - Statement - BatchNumber = com.kms.katalon.core.webui.keyword.WebUiBuiltInKeywords.getNumberOfTotalOption(com.kms.katalon.core.testobject.ObjectRepository.findTestObject(DispensaryToStore/Page_Store/select_--Select--BA1170BA2376B)): 3 options of object 'Object Repository/DispensaryToStore/Page_Store/select_--Select--BA1170BA2376B' counted

2018-06-09 17:32:16 - [MESSAGE][PASSED] - 3 options of object 'Object Repository/DispensaryToStore/Page_Store/select_--Select--BA1170BA2376B' counted

2018-06-09 17:32:16 - [TEST_STEP][PASSED] - Statement - For ([g = 1, g <= BatchNumber - 1, (g++)]): null

2018-06-09 17:32:16 - [TEST_STEP][PASSED] - selectOptionByIndex: All options with index in [1] are selected on object 'Object Repository/DispensaryToStore/Page_Store/select_--Select--BA1170BA2376B'

2018-06-09 17:32:16 - [MESSAGE][PASSED] - All options with index in [1] are selected on object 'Object Repository/DispensaryToStore/Page_Store/select_--Select--BA1170BA2376B'

2018-06-09 17:32:16 - [TEST_STEP][PASSED] - Statement - Try: null

2018-06-09 17:32:16 - [TEST_STEP][PASSED] - Statement - StockQty = com.kms.katalon.core.webui.keyword.WebUiBuiltInKeywords.getAttribute(com.kms.katalon.core.testobject.ObjectRepository.findTestObject(DispensaryToStore/Page_Store/input_txtprice), "value"): Attribute 'value' of object 'Object Repository/DispensaryToStore/Page_Store/input_txtprice' is: '375'

2018-06-09 17:32:16 - [MESSAGE][PASSED] - Attribute 'value' of object 'Object Repository/DispensaryToStore/Page_Store/input_txtprice' is: '375'

2018-06-09 17:32:16 - [TEST_STEP][PASSED] - Statement - out.println("Stock QTY : " + StockQty): null

2018-06-09 17:32:16 - [TEST_STEP][PASSED] - delay: Delayed 2 second(s)

2018-06-09 17:32:18 - [MESSAGE][PASSED] - Delayed 2 second(s)

2018-06-09 17:32:18 - [TEST_STEP][PASSED] - Statement - If (java.lang.String.valueOf(StockQty) >= java.lang.String.valueOf(RequestedQty)): null

2018-06-09 17:32:18 - [TEST_STEP][PASSED] - setText: Text '10' is set on object 'Object Repository/DispensaryToStore/Page_Store/input_txtqty'

2018-06-09 17:32:18 - [MESSAGE][PASSED] - Text '10' is set on object 'Object Repository/DispensaryToStore/Page_Store/input_txtqty'

2018-06-09 17:32:18 - [TEST_STEP][PASSED] - click: Object: 'Object Repository/DispensaryToStore/Page_Store/button_Add' is clicked on

2018-06-09 17:32:18 - [MESSAGE][PASSED] - Object: 'Object Repository/DispensaryToStore/Page_Store/button_Add' is clicked on

2018-06-09 17:32:18 - [TEST_STEP][PASSED] - Statement - Break: null

2018-06-09 17:32:18 - [TEST_STEP][PASSED] - selectOptionByIndex: All options with index in [12] are selected on object 'Object Repository/DispensaryToStore/Page_Store/select_--Select--Adernaline 0.'

2018-06-09 17:32:19 - [MESSAGE][PASSED] - All options with index in [12] are selected on object 'Object Repository/DispensaryToStore/Page_Store/select_--Select--Adernaline 0.'

2018-06-09 17:32:19 - [TEST_STEP][PASSED] - delay: Delayed 2 second(s)

2018-06-09 17:32:21 - [MESSAGE][PASSED] - Delayed 2 second(s)

2018-06-09 17:32:21 - [TEST_STEP][PASSED] - Statement - RequestedQty = com.kms.katalon.core.webui.keyword.WebUiBuiltInKeywords.getAttribute(com.kms.katalon.core.testobject.ObjectRepository.findTestObject(DispensaryToStore/Page_Store/input_txttotal), "value"): Attribute 'value' of object 'Object Repository/DispensaryToStore/Page_Store/input_txttotal' is: '10'

2018-06-09 17:32:21 - [MESSAGE][PASSED] - Attribute 'value' of object 'Object Repository/DispensaryToStore/Page_Store/input_txttotal' is: '10'

2018-06-09 17:32:21 - [TEST_STEP][PASSED] - Statement - out.println("Requested QTY : " + RequestedQty): null

2018-06-09 17:32:21 - [TEST_STEP][PASSED] - Statement - BatchNumber = com.kms.katalon.core.webui.keyword.WebUiBuiltInKeywords.getNumberOfTotalOption(com.kms.katalon.core.testobject.ObjectRepository.findTestObject(DispensaryToStore/Page_Store/select_--Select--BA1170BA2376B)): 3 options of object 'Object Repository/DispensaryToStore/Page_Store/select_--Select--BA1170BA2376B' counted

2018-06-09 17:32:21 - [MESSAGE][PASSED] - 3 options of object 'Object Repository/DispensaryToStore/Page_Store/select_--Select--BA1170BA2376B' counted

2018-06-09 17:32:21 - [TEST_STEP][PASSED] - Statement - For ([g = 1, g <= BatchNumber - 1, (g++)]): null

2018-06-09 17:32:21 - [TEST_STEP][PASSED] - selectOptionByIndex: All options with index in [1] are selected on object 'Object Repository/DispensaryToStore/Page_Store/select_--Select--BA1170BA2376B'

2018-06-09 17:32:21 - [MESSAGE][PASSED] - All options with index in [1] are selected on object 'Object Repository/DispensaryToStore/Page_Store/select_--Select--BA1170BA2376B'

2018-06-09 17:32:21 - [TEST_STEP][PASSED] - Statement - Try: null

2018-06-09 17:32:21 - [TEST_STEP][PASSED] - Statement - StockQty = com.kms.katalon.core.webui.keyword.WebUiBuiltInKeywords.getAttribute(com.kms.katalon.core.testobject.ObjectRepository.findTestObject(DispensaryToStore/Page_Store/input_txtprice), "value"): Attribute 'value' of object 'Object Repository/DispensaryToStore/Page_Store/input_txtprice' is: '375'

2018-06-09 17:32:21 - [MESSAGE][PASSED] - Attribute 'value' of object 'Object Repository/DispensaryToStore/Page_Store/input_txtprice' is: '375'

2018-06-09 17:32:21 - [TEST_STEP][PASSED] - Statement - out.println("Stock QTY : " + StockQty): null

2018-06-09 17:32:21 - [TEST_STEP][PASSED] - delay: Delayed 2 second(s)

2018-06-09 17:32:23 - [MESSAGE][PASSED] - Delayed 2 second(s)

2018-06-09 17:32:23 - [TEST_STEP][PASSED] - Statement - If (java.lang.String.valueOf(StockQty) >= java.lang.String.valueOf(RequestedQty)): null

2018-06-09 17:32:23 - [TEST_STEP][PASSED] - setText: Text '10' is set on object 'Object Repository/DispensaryToStore/Page_Store/input_txtqty'

2018-06-09 17:32:23 - [MESSAGE][PASSED] - Text '10' is set on object 'Object Repository/DispensaryToStore/Page_Store/input_txtqty'

2018-06-09 17:32:23 - [TEST_STEP][PASSED] - click: Object: 'Object Repository/DispensaryToStore/Page_Store/button_Add' is clicked on

2018-06-09 17:32:23 - [MESSAGE][PASSED] - Object: 'Object Repository/DispensaryToStore/Page_Store/button_Add' is clicked on

2018-06-09 17:32:23 - [TEST_STEP][PASSED] - Statement - Break: null

2018-06-09 17:32:23 - [TEST_STEP][PASSED] - selectOptionByIndex: All options with index in [13] are selected on object 'Object Repository/DispensaryToStore/Page_Store/select_--Select--Adernaline 0.'

2018-06-09 17:32:23 - [MESSAGE][PASSED] - All options with index in [13] are selected on object 'Object Repository/DispensaryToStore/Page_Store/select_--Select--Adernaline 0.'

2018-06-09 17:32:23 - [TEST_STEP][PASSED] - delay: Delayed 2 second(s)

2018-06-09 17:32:25 - [MESSAGE][PASSED] - Delayed 2 second(s)

2018-06-09 17:32:25 - [TEST_STEP][PASSED] - Statement - RequestedQty = com.kms.katalon.core.webui.keyword.WebUiBuiltInKeywords.getAttribute(com.kms.katalon.core.testobject.ObjectRepository.findTestObject(DispensaryToStore/Page_Store/input_txttotal), "value"): Attribute 'value' of object 'Object Repository/DispensaryToStore/Page_Store/input_txttotal' is: '10'

2018-06-09 17:32:25 - [MESSAGE][PASSED] - Attribute 'value' of object 'Object Repository/DispensaryToStore/Page_Store/input_txttotal' is: '10'

2018-06-09 17:32:25 - [TEST_STEP][PASSED] - Statement - out.println("Requested QTY : " + RequestedQty): null

2018-06-09 17:32:25 - [TEST_STEP][PASSED] - Statement - BatchNumber = com.kms.katalon.core.webui.keyword.WebUiBuiltInKeywords.getNumberOfTotalOption(com.kms.katalon.core.testobject.ObjectRepository.findTestObject(DispensaryToStore/Page_Store/select_--Select--BA1170BA2376B)): 4 options of object 'Object Repository/DispensaryToStore/Page_Store/select_--Select--BA1170BA2376B' counted

2018-06-09 17:32:25 - [MESSAGE][PASSED] - 4 options of object 'Object Repository/DispensaryToStore/Page_Store/select_--Select--BA1170BA2376B' counted

2018-06-09 17:32:25 - [TEST_STEP][PASSED] - Statement - For ([g = 1, g <= BatchNumber - 1, (g++)]): null

2018-06-09 17:32:25 - [TEST_STEP][PASSED] - selectOptionByIndex: All options with index in [1] are selected on object 'Object Repository/DispensaryToStore/Page_Store/select_--Select--BA1170BA2376B'

2018-06-09 17:32:26 - [MESSAGE][PASSED] - All options with index in [1] are selected on object 'Object Repository/DispensaryToStore/Page_Store/select_--Select--BA1170BA2376B'

2018-06-09 17:32:26 - [TEST_STEP][PASSED] - Statement - Try: null

2018-06-09 17:32:26 - [TEST_STEP][PASSED] - Statement - StockQty = com.kms.katalon.core.webui.keyword.WebUiBuiltInKeywords.getAttribute(com.kms.katalon.core.testobject.ObjectRepository.findTestObject(DispensaryToStore/Page_Store/input_txtprice), "value"): Attribute 'value' of object 'Object Repository/DispensaryToStore/Page_Store/input_txtprice' is: '130'

2018-06-09 17:32:26 - [MESSAGE][PASSED] - Attribute 'value' of object 'Object Repository/DispensaryToStore/Page_Store/input_txtprice' is: '130'

2018-06-09 17:32:26 - [TEST_STEP][PASSED] - Statement - out.println("Stock QTY : " + StockQty): null

2018-06-09 17:32:26 - [TEST_STEP][PASSED] - delay: Delayed 2 second(s)

2018-06-09 17:32:28 - [MESSAGE][PASSED] - Delayed 2 second(s)

2018-06-09 17:32:28 - [TEST_STEP][PASSED] - Statement - If (java.lang.String.valueOf(StockQty) >= java.lang.String.valueOf(RequestedQty)): null

2018-06-09 17:32:28 - [TEST_STEP][PASSED] - setText: Text '10' is set on object 'Object Repository/DispensaryToStore/Page_Store/input_txtqty'

2018-06-09 17:32:28 - [MESSAGE][PASSED] - Text '10' is set on object 'Object Repository/DispensaryToStore/Page_Store/input_txtqty'

2018-06-09 17:32:28 - [TEST_STEP][PASSED] - click: Object: 'Object Repository/DispensaryToStore/Page_Store/button_Add' is clicked on

2018-06-09 17:32:28 - [MESSAGE][PASSED] - Object: 'Object Repository/DispensaryToStore/Page_Store/button_Add' is clicked on

2018-06-09 17:32:28 - [TEST_STEP][PASSED] - Statement - Break: null

2018-06-09 17:32:28 - [TEST_STEP][PASSED] - selectOptionByIndex: All options with index in [14] are selected on object 'Object Repository/DispensaryToStore/Page_Store/select_--Select--Adernaline 0.'

2018-06-09 17:32:28 - [MESSAGE][PASSED] - All options with index in [14] are selected on object 'Object Repository/DispensaryToStore/Page_Store/select_--Select--Adernaline 0.'

2018-06-09 17:32:28 - [TEST_STEP][PASSED] - delay: Delayed 2 second(s)

2018-06-09 17:32:30 - [MESSAGE][PASSED] - Delayed 2 second(s)

2018-06-09 17:32:30 - [TEST_STEP][PASSED] - Statement - RequestedQty = com.kms.katalon.core.webui.keyword.WebUiBuiltInKeywords.getAttribute(com.kms.katalon.core.testobject.ObjectRepository.findTestObject(DispensaryToStore/Page_Store/input_txttotal), "value"): Attribute 'value' of object 'Object Repository/DispensaryToStore/Page_Store/input_txttotal' is: '10'

2018-06-09 17:32:30 - [MESSAGE][PASSED] - Attribute 'value' of object 'Object Repository/DispensaryToStore/Page_Store/input_txttotal' is: '10'

2018-06-09 17:32:30 - [TEST_STEP][PASSED] - Statement - out.println("Requested QTY : " + RequestedQty): null

2018-06-09 17:32:30 - [TEST_STEP][PASSED] - Statement - BatchNumber = com.kms.katalon.core.webui.keyword.WebUiBuiltInKeywords.getNumberOfTotalOption(com.kms.katalon.core.testobject.ObjectRepository.findTestObject(DispensaryToStore/Page_Store/select_--Select--BA1170BA2376B)): 3 options of object 'Object Repository/DispensaryToStore/Page_Store/select_--Select--BA1170BA2376B' counted

2018-06-09 17:32:30 - [MESSAGE][PASSED] - 3 options of object 'Object Repository/DispensaryToStore/Page_Store/select_--Select--BA1170BA2376B' counted

2018-06-09 17:32:30 - [TEST_STEP][PASSED] - Statement - For ([g = 1, g <= BatchNumber - 1, (g++)]): null

2018-06-09 17:32:30 - [TEST_STEP][PASSED] - selectOptionByIndex: All options with index in [1] are selected on object 'Object Repository/DispensaryToStore/Page_Store/select_--Select--BA1170BA2376B'

2018-06-09 17:32:30 - [MESSAGE][PASSED] - All options with index in [1] are selected on object 'Object Repository/DispensaryToStore/Page_Store/select_--Select--BA1170BA2376B'

2018-06-09 17:32:30 - [TEST_STEP][PASSED] - Statement - Try: null

2018-06-09 17:32:30 - [TEST_STEP][PASSED] - Statement - StockQty = com.kms.katalon.core.webui.keyword.WebUiBuiltInKeywords.getAttribute(com.kms.katalon.core.testobject.ObjectRepository.findTestObject(DispensaryToStore/Page_Store/input_txtprice), "value"): Attribute 'value' of object 'Object Repository/DispensaryToStore/Page_Store/input_txtprice' is: '375'

2018-06-09 17:32:30 - [MESSAGE][PASSED] - Attribute 'value' of object 'Object Repository/DispensaryToStore/Page_Store/input_txtprice' is: '375'

2018-06-09 17:32:30 - [TEST_STEP][PASSED] - Statement - out.println("Stock QTY : " + StockQty): null

2018-06-09 17:32:30 - [TEST_STEP][PASSED] - delay: Delayed 2 second(s)

2018-06-09 17:32:32 - [MESSAGE][PASSED] - Delayed 2 second(s)

2018-06-09 17:32:32 - [TEST_STEP][PASSED] - Statement - If (java.lang.String.valueOf(StockQty) >= java.lang.String.valueOf(RequestedQty)): null

2018-06-09 17:32:32 - [TEST_STEP][PASSED] - setText: Text '10' is set on object 'Object Repository/DispensaryToStore/Page_Store/input_txtqty'

2018-06-09 17:32:32 - [MESSAGE][PASSED] - Text '10' is set on object 'Object Repository/DispensaryToStore/Page_Store/input_txtqty'

2018-06-09 17:32:32 - [TEST_STEP][PASSED] - click: Object: 'Object Repository/DispensaryToStore/Page_Store/button_Add' is clicked on

2018-06-09 17:32:33 - [MESSAGE][PASSED] - Object: 'Object Repository/DispensaryToStore/Page_Store/button_Add' is clicked on

2018-06-09 17:32:33 - [TEST_STEP][PASSED] - Statement - Break: null

2018-06-09 17:32:33 - [TEST_STEP][PASSED] - selectOptionByIndex: All options with index in [15] are selected on object 'Object Repository/DispensaryToStore/Page_Store/select_--Select--Adernaline 0.'

2018-06-09 17:32:33 - [MESSAGE][PASSED] - All options with index in [15] are selected on object 'Object Repository/DispensaryToStore/Page_Store/select_--Select--Adernaline 0.'

2018-06-09 17:32:33 - [TEST_STEP][PASSED] - delay: Delayed 2 second(s)

2018-06-09 17:32:35 - [MESSAGE][PASSED] - Delayed 2 second(s)

2018-06-09 17:32:35 - [TEST_STEP][PASSED] - Statement - RequestedQty = com.kms.katalon.core.webui.keyword.WebUiBuiltInKeywords.getAttribute(com.kms.katalon.core.testobject.ObjectRepository.findTestObject(DispensaryToStore/Page_Store/input_txttotal), "value"): Attribute 'value' of object 'Object Repository/DispensaryToStore/Page_Store/input_txttotal' is: '10'

2018-06-09 17:32:35 - [MESSAGE][PASSED] - Attribute 'value' of object 'Object Repository/DispensaryToStore/Page_Store/input_txttotal' is: '10'

2018-06-09 17:32:35 - [TEST_STEP][PASSED] - Statement - out.println("Requested QTY : " + RequestedQty): null

2018-06-09 17:32:35 - [TEST_STEP][PASSED] - Statement - BatchNumber = com.kms.katalon.core.webui.keyword.WebUiBuiltInKeywords.getNumberOfTotalOption(com.kms.katalon.core.testobject.ObjectRepository.findTestObject(DispensaryToStore/Page_Store/select_--Select--BA1170BA2376B)): 2 options of object 'Object Repository/DispensaryToStore/Page_Store/select_--Select--BA1170BA2376B' counted

2018-06-09 17:32:35 - [MESSAGE][PASSED] - 2 options of object 'Object Repository/DispensaryToStore/Page_Store/select_--Select--BA1170BA2376B' counted

2018-06-09 17:32:35 - [TEST_STEP][PASSED] - Statement - For ([g = 1, g <= BatchNumber - 1, (g++)]): null

2018-06-09 17:32:35 - [TEST_STEP][PASSED] - selectOptionByIndex: All options with index in [1] are selected on object 'Object Repository/DispensaryToStore/Page_Store/select_--Select--BA1170BA2376B'

2018-06-09 17:32:35 - [MESSAGE][PASSED] - All options with index in [1] are selected on object 'Object Repository/DispensaryToStore/Page_Store/select_--Select--BA1170BA2376B'

2018-06-09 17:32:35 - [TEST_STEP][PASSED] - Statement - Try: null

2018-06-09 17:32:35 - [TEST_STEP][PASSED] - Statement - StockQty = com.kms.katalon.core.webui.keyword.WebUiBuiltInKeywords.getAttribute(com.kms.katalon.core.testobject.ObjectRepository.findTestObject(DispensaryToStore/Page_Store/input_txtprice), "value"): Attribute 'value' of object 'Object Repository/DispensaryToStore/Page_Store/input_txtprice' is: '2330'

2018-06-09 17:32:35 - [MESSAGE][PASSED] - Attribute 'value' of object 'Object Repository/DispensaryToStore/Page_Store/input_txtprice' is: '2330'

2018-06-09 17:32:35 - [TEST_STEP][PASSED] - Statement - out.println("Stock QTY : " + StockQty): null

2018-06-09 17:32:35 - [TEST_STEP][PASSED] - delay: Delayed 2 second(s)

2018-06-09 17:32:37 - [MESSAGE][PASSED] - Delayed 2 second(s)

2018-06-09 17:32:37 - [TEST_STEP][PASSED] - Statement - If (java.lang.String.valueOf(StockQty) >= java.lang.String.valueOf(RequestedQty)): null

2018-06-09 17:32:37 - [TEST_STEP][PASSED] - setText: Text '10' is set on object 'Object Repository/DispensaryToStore/Page_Store/input_txtqty'

2018-06-09 17:32:37 - [MESSAGE][PASSED] - Text '10' is set on object 'Object Repository/DispensaryToStore/Page_Store/input_txtqty'

2018-06-09 17:32:37 - [TEST_STEP][PASSED] - click: Object: 'Object Repository/DispensaryToStore/Page_Store/button_Add' is clicked on

2018-06-09 17:32:37 - [MESSAGE][PASSED] - Object: 'Object Repository/DispensaryToStore/Page_Store/button_Add' is clicked on

2018-06-09 17:32:37 - [TEST_STEP][PASSED] - Statement - Break: null

2018-06-09 17:32:37 - [TEST_STEP][PASSED] - selectOptionByIndex: All options with index in [16] are selected on object 'Object Repository/DispensaryToStore/Page_Store/select_--Select--Adernaline 0.'

2018-06-09 17:32:38 - [MESSAGE][PASSED] - All options with index in [16] are selected on object 'Object Repository/DispensaryToStore/Page_Store/select_--Select--Adernaline 0.'

2018-06-09 17:32:38 - [TEST_STEP][PASSED] - delay: Delayed 2 second(s)

2018-06-09 17:32:40 - [MESSAGE][PASSED] - Delayed 2 second(s)

2018-06-09 17:32:40 - [TEST_STEP][PASSED] - Statement - RequestedQty = com.kms.katalon.core.webui.keyword.WebUiBuiltInKeywords.getAttribute(com.kms.katalon.core.testobject.ObjectRepository.findTestObject(DispensaryToStore/Page_Store/input_txttotal), "value"): Attribute 'value' of object 'Object Repository/DispensaryToStore/Page_Store/input_txttotal' is: '10'

2018-06-09 17:32:40 - [MESSAGE][PASSED] - Attribute 'value' of object 'Object Repository/DispensaryToStore/Page_Store/input_txttotal' is: '10'

2018-06-09 17:32:40 - [TEST_STEP][PASSED] - Statement - out.println("Requested QTY : " + RequestedQty): null

2018-06-09 17:32:40 - [TEST_STEP][PASSED] - Statement - BatchNumber = com.kms.katalon.core.webui.keyword.WebUiBuiltInKeywords.getNumberOfTotalOption(com.kms.katalon.core.testobject.ObjectRepository.findTestObject(DispensaryToStore/Page_Store/select_--Select--BA1170BA2376B)): 3 options of object 'Object Repository/DispensaryToStore/Page_Store/select_--Select--BA1170BA2376B' counted

2018-06-09 17:32:40 - [MESSAGE][PASSED] - 3 options of object 'Object Repository/DispensaryToStore/Page_Store/select_--Select--BA1170BA2376B' counted

2018-06-09 17:32:40 - [TEST_STEP][PASSED] - Statement - For ([g = 1, g <= BatchNumber - 1, (g++)]): null

2018-06-09 17:32:40 - [TEST_STEP][PASSED] - selectOptionByIndex: All options with index in [1] are selected on object 'Object Repository/DispensaryToStore/Page_Store/select_--Select--BA1170BA2376B'

2018-06-09 17:32:40 - [MESSAGE][PASSED] - All options with index in [1] are selected on object 'Object Repository/DispensaryToStore/Page_Store/select_--Select--BA1170BA2376B'

2018-06-09 17:32:40 - [TEST_STEP][PASSED] - Statement - Try: null

2018-06-09 17:32:40 - [TEST_STEP][PASSED] - Statement - StockQty = com.kms.katalon.core.webui.keyword.WebUiBuiltInKeywords.getAttribute(com.kms.katalon.core.testobject.ObjectRepository.findTestObject(DispensaryToStore/Page_Store/input_txtprice), "value"): Attribute 'value' of object 'Object Repository/DispensaryToStore/Page_Store/input_txtprice' is: '375'

2018-06-09 17:32:40 - [MESSAGE][PASSED] - Attribute 'value' of object 'Object Repository/DispensaryToStore/Page_Store/input_txtprice' is: '375'

2018-06-09 17:32:40 - [TEST_STEP][PASSED] - Statement - out.println("Stock QTY : " + StockQty): null

2018-06-09 17:32:40 - [TEST_STEP][PASSED] - delay: Delayed 2 second(s)

2018-06-09 17:32:42 - [MESSAGE][PASSED] - Delayed 2 second(s)

2018-06-09 17:32:42 - [TEST_STEP][PASSED] - Statement - If (java.lang.String.valueOf(StockQty) >= java.lang.String.valueOf(RequestedQty)): null

2018-06-09 17:32:42 - [TEST_STEP][PASSED] - setText: Text '10' is set on object 'Object Repository/DispensaryToStore/Page_Store/input_txtqty'

2018-06-09 17:32:42 - [MESSAGE][PASSED] - Text '10' is set on object 'Object Repository/DispensaryToStore/Page_Store/input_txtqty'

2018-06-09 17:32:42 - [TEST_STEP][PASSED] - click: Object: 'Object Repository/DispensaryToStore/Page_Store/button_Add' is clicked on

2018-06-09 17:32:42 - [MESSAGE][PASSED] - Object: 'Object Repository/DispensaryToStore/Page_Store/button_Add' is clicked on

2018-06-09 17:32:42 - [TEST_STEP][PASSED] - Statement - Break: null

2018-06-09 17:32:42 - [TEST_STEP][PASSED] - selectOptionByIndex: All options with index in [17] are selected on object 'Object Repository/DispensaryToStore/Page_Store/select_--Select--Adernaline 0.'

2018-06-09 17:32:42 - [MESSAGE][PASSED] - All options with index in [17] are selected on object 'Object Repository/DispensaryToStore/Page_Store/select_--Select--Adernaline 0.'

2018-06-09 17:32:42 - [TEST_STEP][PASSED] - delay: Delayed 2 second(s)

2018-06-09 17:32:44 - [MESSAGE][PASSED] - Delayed 2 second(s)

2018-06-09 17:32:44 - [TEST_STEP][PASSED] - Statement - RequestedQty = com.kms.katalon.core.webui.keyword.WebUiBuiltInKeywords.getAttribute(com.kms.katalon.core.testobject.ObjectRepository.findTestObject(DispensaryToStore/Page_Store/input_txttotal), "value"): Attribute 'value' of object 'Object Repository/DispensaryToStore/Page_Store/input_txttotal' is: '10'

2018-06-09 17:32:44 - [MESSAGE][PASSED] - Attribute 'value' of object 'Object Repository/DispensaryToStore/Page_Store/input_txttotal' is: '10'

2018-06-09 17:32:44 - [TEST_STEP][PASSED] - Statement - out.println("Requested QTY : " + RequestedQty): null

2018-06-09 17:32:44 - [TEST_STEP][PASSED] - Statement - BatchNumber = com.kms.katalon.core.webui.keyword.WebUiBuiltInKeywords.getNumberOfTotalOption(com.kms.katalon.core.testobject.ObjectRepository.findTestObject(DispensaryToStore/Page_Store/select_--Select--BA1170BA2376B)): 3 options of object 'Object Repository/DispensaryToStore/Page_Store/select_--Select--BA1170BA2376B' counted

2018-06-09 17:32:44 - [MESSAGE][PASSED] - 3 options of object 'Object Repository/DispensaryToStore/Page_Store/select_--Select--BA1170BA2376B' counted

2018-06-09 17:32:44 - [TEST_STEP][PASSED] - Statement - For ([g = 1, g <= BatchNumber - 1, (g++)]): null

2018-06-09 17:32:44 - [TEST_STEP][PASSED] - selectOptionByIndex: All options with index in [1] are selected on object 'Object Repository/DispensaryToStore/Page_Store/select_--Select--BA1170BA2376B'

2018-06-09 17:32:45 - [MESSAGE][PASSED] - All options with index in [1] are selected on object 'Object Repository/DispensaryToStore/Page_Store/select_--Select--BA1170BA2376B'

2018-06-09 17:32:45 - [TEST_STEP][PASSED] - Statement - Try: null

2018-06-09 17:32:45 - [TEST_STEP][PASSED] - Statement - StockQty = com.kms.katalon.core.webui.keyword.WebUiBuiltInKeywords.getAttribute(com.kms.katalon.core.testobject.ObjectRepository.findTestObject(DispensaryToStore/Page_Store/input_txtprice), "value"): Attribute 'value' of object 'Object Repository/DispensaryToStore/Page_Store/input_txtprice' is: '195'

2018-06-09 17:32:45 - [MESSAGE][PASSED] - Attribute 'value' of object 'Object Repository/DispensaryToStore/Page_Store/input_txtprice' is: '195'

2018-06-09 17:32:45 - [TEST_STEP][PASSED] - Statement - out.println("Stock QTY : " + StockQty): null

2018-06-09 17:32:45 - [TEST_STEP][PASSED] - delay: Delayed 2 second(s)

2018-06-09 17:32:47 - [MESSAGE][PASSED] - Delayed 2 second(s)

2018-06-09 17:32:47 - [TEST_STEP][PASSED] - Statement - If (java.lang.String.valueOf(StockQty) >= java.lang.String.valueOf(RequestedQty)): null

2018-06-09 17:32:47 - [TEST_STEP][PASSED] - setText: Text '10' is set on object 'Object Repository/DispensaryToStore/Page_Store/input_txtqty'

2018-06-09 17:32:47 - [MESSAGE][PASSED] - Text '10' is set on object 'Object Repository/DispensaryToStore/Page_Store/input_txtqty'

2018-06-09 17:32:47 - [TEST_STEP][PASSED] - click: Object: 'Object Repository/DispensaryToStore/Page_Store/button_Add' is clicked on

2018-06-09 17:32:47 - [MESSAGE][PASSED] - Object: 'Object Repository/DispensaryToStore/Page_Store/button_Add' is clicked on

2018-06-09 17:32:47 - [TEST_STEP][PASSED] - Statement - Break: null

2018-06-09 17:32:47 - [TEST_STEP][PASSED] - selectOptionByIndex: All options with index in [18] are selected on object 'Object Repository/DispensaryToStore/Page_Store/select_--Select--Adernaline 0.'

2018-06-09 17:32:47 - [MESSAGE][PASSED] - All options with index in [18] are selected on object 'Object Repository/DispensaryToStore/Page_Store/select_--Select--Adernaline 0.'

2018-06-09 17:32:47 - [TEST_STEP][PASSED] - delay: Delayed 2 second(s)

2018-06-09 17:32:49 - [MESSAGE][PASSED] - Delayed 2 second(s)

2018-06-09 17:32:49 - [TEST_STEP][PASSED] - Statement - RequestedQty = com.kms.katalon.core.webui.keyword.WebUiBuiltInKeywords.getAttribute(com.kms.katalon.core.testobject.ObjectRepository.findTestObject(DispensaryToStore/Page_Store/input_txttotal), "value"): Attribute 'value' of object 'Object Repository/DispensaryToStore/Page_Store/input_txttotal' is: '10'

2018-06-09 17:32:49 - [MESSAGE][PASSED] - Attribute 'value' of object 'Object Repository/DispensaryToStore/Page_Store/input_txttotal' is: '10'

2018-06-09 17:32:49 - [TEST_STEP][PASSED] - Statement - out.println("Requested QTY : " + RequestedQty): null

2018-06-09 17:32:49 - [TEST_STEP][PASSED] - Statement - BatchNumber = com.kms.katalon.core.webui.keyword.WebUiBuiltInKeywords.getNumberOfTotalOption(com.kms.katalon.core.testobject.ObjectRepository.findTestObject(DispensaryToStore/Page_Store/select_--Select--BA1170BA2376B)): 3 options of object 'Object Repository/DispensaryToStore/Page_Store/select_--Select--BA1170BA2376B' counted

2018-06-09 17:32:49 - [MESSAGE][PASSED] - 3 options of object 'Object Repository/DispensaryToStore/Page_Store/select_--Select--BA1170BA2376B' counted

2018-06-09 17:32:49 - [TEST_STEP][PASSED] - Statement - For ([g = 1, g <= BatchNumber - 1, (g++)]): null

2018-06-09 17:32:49 - [TEST_STEP][PASSED] - selectOptionByIndex: All options with index in [1] are selected on object 'Object Repository/DispensaryToStore/Page_Store/select_--Select--BA1170BA2376B'

2018-06-09 17:32:49 - [MESSAGE][PASSED] - All options with index in [1] are selected on object 'Object Repository/DispensaryToStore/Page_Store/select_--Select--BA1170BA2376B'

2018-06-09 17:32:49 - [TEST_STEP][PASSED] - Statement - Try: null

2018-06-09 17:32:49 - [TEST_STEP][PASSED] - Statement - StockQty = com.kms.katalon.core.webui.keyword.WebUiBuiltInKeywords.getAttribute(com.kms.katalon.core.testobject.ObjectRepository.findTestObject(DispensaryToStore/Page_Store/input_txtprice), "value"): Attribute 'value' of object 'Object Repository/DispensaryToStore/Page_Store/input_txtprice' is: '375'

2018-06-09 17:32:49 - [MESSAGE][PASSED] - Attribute 'value' of object 'Object Repository/DispensaryToStore/Page_Store/input_txtprice' is: '375'

2018-06-09 17:32:49 - [TEST_STEP][PASSED] - Statement - out.println("Stock QTY : " + StockQty): null

2018-06-09 17:32:49 - [TEST_STEP][PASSED] - delay: Delayed 2 second(s)

2018-06-09 17:32:51 - [MESSAGE][PASSED] - Delayed 2 second(s)

2018-06-09 17:32:51 - [TEST_STEP][PASSED] - Statement - If (java.lang.String.valueOf(StockQty) >= java.lang.String.valueOf(RequestedQty)): null

2018-06-09 17:32:51 - [TEST_STEP][PASSED] - setText: Text '10' is set on object 'Object Repository/DispensaryToStore/Page_Store/input_txtqty'

2018-06-09 17:32:51 - [MESSAGE][PASSED] - Text '10' is set on object 'Object Repository/DispensaryToStore/Page_Store/input_txtqty'

2018-06-09 17:32:51 - [TEST_STEP][PASSED] - click: Object: 'Object Repository/DispensaryToStore/Page_Store/button_Add' is clicked on

2018-06-09 17:32:52 - [MESSAGE][PASSED] - Object: 'Object Repository/DispensaryToStore/Page_Store/button_Add' is clicked on

2018-06-09 17:32:52 - [TEST_STEP][PASSED] - Statement - Break: null

2018-06-09 17:32:52 - [TEST_STEP][PASSED] - scrollToElement: Scroll to object 'Object Repository/DispensaryToStore/Page_Store/input_btnSubmit' successfully

2018-06-09 17:32:52 - [MESSAGE][PASSED] - Scroll to object 'Object Repository/DispensaryToStore/Page_Store/input_btnSubmit' successfully

2018-06-09 17:32:52 - [TEST_STEP][PASSED] - click: Object: 'Object Repository/DispensaryToStore/Page_Store/input_btnSubmit' is clicked on

2018-06-09 17:32:52 - [MESSAGE][PASSED] - Object: 'Object Repository/DispensaryToStore/Page_Store/input_btnSubmit' is clicked on

2018-06-09 17:32:52 - [TEST_STEP][PASSED] - delay: Delayed 3 second(s)

2018-06-09 17:32:55 - [MESSAGE][PASSED] - Delayed 3 second(s)

2018-06-09 17:32:55 - [TEST_STEP][PASSED] - click: Object: 'Object Repository/DispensaryToStore/Page_Store/button_OK' is clicked on

2018-06-09 17:32:55 - [MESSAGE][PASSED] - Object: 'Object Repository/DispensaryToStore/Page_Store/button_OK' is clicked on

2018-06-09 17:32:55 - [TEST_STEP][PASSED] - delay: Delayed 3 second(s)

2018-06-09 17:32:58 - [MESSAGE][PASSED] - Delayed 3 second(s)

2018-06-09 17:32:58 - [TEST_STEP][PASSED] - click: Object: 'Object Repository/DispensaryToStore/Page_Store/a_dropdown-toggle' is clicked on

2018-06-09 17:32:59 - [MESSAGE][PASSED] - Object: 'Object Repository/DispensaryToStore/Page_Store/a_dropdown-toggle' is clicked on

2018-06-09 17:32:59 - [TEST_STEP][PASSED] - click: Object: 'Object Repository/DispensaryToStore/Page_Store/a_Sign out' is clicked on

2018-06-09 17:32:59 - [MESSAGE][PASSED] - Object: 'Object Repository/DispensaryToStore/Page_Store/a_Sign out' is clicked on

2018-06-09 17:32:59 - [TEST_STEP][PASSED] - closeBrowser: Browser is closed

2018-06-09 17:33:00 - [MESSAGE][PASSED] - Browser is closed]]></system-out>
         <system-err><![CDATA[]]></system-err>
      </testcase>
      <system-out><![CDATA[2018-06-09 16:30:12 - [TEST_SUITE][PASSED] - Dispensary_Store_Suite: Test Cases/DISPENSARY TEST CASES/TC_DP_012 Verify Schedule 12 Dispensary Request Are Working Successfully Or Not]]></system-out>
      <system-err><![CDATA[]]></system-err>
   </testsuite>
</testsuites>
