<?xml version="1.0" encoding="UTF-8"?>
<testsuites name="Store_Suit" time="3807" tests="2" failures="7" errors="3">
   <testsuite name="Store_Suit" tests="2" failures="7" errors="3" time="3807" timestamp="2018-05-15 18:14:03" hostname="Quality Analyst - DESKTOP-BLFTK83" id="Test Suites/Store_Suit">
      <properties>
         <property name="deviceName" value=""/>
         <property name="devicePlatform" value=""/>
         <property name="logFolder" value="C:\\Users\\Quality Analyst\\Katalon Studio\\ds\\Reports\\Store_Suit\\20180515_181358"/>
         <property name="logFiles" value="C:\\Users\\Quality Analyst\\Katalon Studio\\ds\\Reports\\Store_Suit\\20180515_181358\\execution0.log, C:\\Users\\Quality Analyst\\Katalon Studio\\ds\\Reports\\Store_Suit\\20180515_181358\\execution1.log, C:\\Users\\Quality Analyst\\Katalon Studio\\ds\\Reports\\Store_Suit\\20180515_181358\\execution2.log, C:\\Users\\Quality Analyst\\Katalon Studio\\ds\\Reports\\Store_Suit\\20180515_181358\\execution3.log"/>
         <property name="attachments" value="C:\\Users\\Quality Analyst\\Katalon Studio\\ds\\Reports\\Store_Suit\\20180515_181358\\1526388877352.png, C:\\Users\\Quality Analyst\\Katalon Studio\\ds\\Reports\\Store_Suit\\20180515_181358\\1526389403945.png, C:\\Users\\Quality Analyst\\Katalon Studio\\ds\\Reports\\Store_Suit\\20180515_181358\\1526389690979.png, C:\\Users\\Quality Analyst\\Katalon Studio\\ds\\Reports\\Store_Suit\\20180515_181358\\1526390091129.png, C:\\Users\\Quality Analyst\\Katalon Studio\\ds\\Reports\\Store_Suit\\20180515_181358\\1526390281736.png, C:\\Users\\Quality Analyst\\Katalon Studio\\ds\\Reports\\Store_Suit\\20180515_181358\\1526391854419.png, C:\\Users\\Quality Analyst\\Katalon Studio\\ds\\Reports\\Store_Suit\\20180515_181358\\1526392049994.png"/>
         <property name="hostName" value="Quality Analyst - DESKTOP-BLFTK83"/>
         <property name="os" value="Windows 10 64bit"/>
         <property name="katalonVersion" value="5.4.1.1"/>
         <property name="browser" value="Chrome 66.0.3359.139"/>
         <property name="hostAddress" value="192.168.71.2"/>
         <property name="sessionId" value="9e7ff7620d375b1aa66fbd7d9151aa56"/>
         <property name="seleniumVersion" value="3.7.1"/>
         <property name="proxyInformation" value="ProxyInformation{proxyOption=NO_PROXY, proxyServerType=HTTP, password=, proxyServerAddress=, proxyServerPort=0}"/>
         <property name="platform" value="Windows 10"/>
      </properties>
      <testcase name="Test Cases/STORE TO CMS REQUEST TEST CASES/TC_STCMS_001 To Verify Schedule 1 Store To CMS Request Are Working Successfully Or Not" classname="Test Cases/STORE TO CMS REQUEST TEST CASES/TC_STCMS_001 To Verify Schedule 1 Store To CMS Request Are Working Successfully Or Not" status="FAILED">
         <failure type="FAILED" message="Unable to click on object 'Object Repository/store Request Schedule 1/Page_KDMC - CMS/a_dropdown-toggle' (Root cause: com.kms.katalon.core.webui.exception.WebElementNotFoundException: Web element with id: 'Object Repository/store Request Schedule 1/Page_KDMC - CMS/a_dropdown-toggle' located by 'By.xpath: /html[1]/body[@class=&quot;skin-blue  pace-done&quot;]/header[@class=&quot;header&quot;]/div[@class=&quot;row&quot;]/div[@class=&quot;col-md-12&quot;]/nav[@class=&quot;navbar navbar-static-top&quot;]/div[@class=&quot;navbar-right&quot;]/ul[@class=&quot;nav navbar-nav&quot;]/li[@class=&quot;dropdown user user-menu&quot;]/a[@class=&quot;dropdown-toggle&quot;][count(. | //a[@href = '#' and @data-toggle = 'dropdown']) = count(//a[@href = '#' and @data-toggle = 'dropdown'])]' not found)"/>
         <system-out><![CDATA[2018-05-15 18:14:03 - [TEST_CASE][FAILED] - Test Cases/STORE TO CMS REQUEST TEST CASES/TC_STCMS_001 To Verify Schedule 1 Store To CMS Request Are Working Successfully Or Not: Test Cases/STORE TO CMS REQUEST TEST CASES/TC_STCMS_001 To Verify Schedule 1 Store To CMS Request Are Working Successfully Or Not FAILED because (of) Unable to click on object 'Object Repository/store Request Schedule 1/Page_KDMC - CMS/a_dropdown-toggle' (Root cause: com.kms.katalon.core.webui.exception.WebElementNotFoundException: Web element with id: 'Object Repository/store Request Schedule 1/Page_KDMC - CMS/a_dropdown-toggle' located by 'By.xpath: /html[1]/body[@class="skin-blue  pace-done"]/header[@class="header"]/div[@class="row"]/div[@class="col-md-12"]/nav[@class="navbar navbar-static-top"]/div[@class="navbar-right"]/ul[@class="nav navbar-nav"]/li[@class="dropdown user user-menu"]/a[@class="dropdown-toggle"][count(. | //a[@href = '#' and @data-toggle = 'dropdown']) = count(//a[@href = '#' and @data-toggle = 'dropdown'])]' not found)

2018-05-15 18:14:03 - [TEST_STEP][PASSED] - openBrowser: Browser is opened with url: ''

2018-05-15 18:14:06 - [MESSAGE][PASSED] - Browser is opened with url: ''

2018-05-15 18:14:06 - [TEST_STEP][PASSED] - Statement - out.println("Verify Schedule 1 Store Request Are Working Successfully Or Not"): null

2018-05-15 18:14:06 - [TEST_STEP][PASSED] - navigateToUrl: Navigate to 'http://192.168.137.1/multihospital_new/' successfully

2018-05-15 18:14:08 - [MESSAGE][PASSED] - Navigate to 'http://192.168.137.1/multihospital_new/' successfully

2018-05-15 18:14:08 - [TEST_STEP][PASSED] - maximizeWindow: Current window maximized

2018-05-15 18:14:09 - [MESSAGE][PASSED] - Current window maximized

2018-05-15 18:14:09 - [TEST_STEP][PASSED] - click: Object: 'Object Repository/Store Request Schedule 1/Page_KDMC/a_Divisional Store' is clicked on

2018-05-15 18:14:10 - [MESSAGE][PASSED] - Object: 'Object Repository/Store Request Schedule 1/Page_KDMC/a_Divisional Store' is clicked on

2018-05-15 18:14:10 - [TEST_STEP][PASSED] - setText: Text 'ragu' is set on object 'Object Repository/Store Request Schedule 1/Page_Divisonal Store Login/input_txtusername'

2018-05-15 18:14:10 - [MESSAGE][PASSED] - Text 'ragu' is set on object 'Object Repository/Store Request Schedule 1/Page_Divisonal Store Login/input_txtusername'

2018-05-15 18:14:10 - [TEST_STEP][PASSED] - setText: Text '123' is set on object 'Object Repository/Store Request Schedule 1/Page_Divisonal Store Login/input_txtpassword'

2018-05-15 18:14:11 - [MESSAGE][PASSED] - Text '123' is set on object 'Object Repository/Store Request Schedule 1/Page_Divisonal Store Login/input_txtpassword'

2018-05-15 18:14:11 - [TEST_STEP][PASSED] - delay: Delayed 3 second(s)

2018-05-15 18:14:14 - [MESSAGE][PASSED] - Delayed 3 second(s)

2018-05-15 18:14:14 - [TEST_STEP][PASSED] - click: Object: 'Object Repository/Store Request Schedule 1/Page_Divisonal Store Login/button_Sign in' is clicked on

2018-05-15 18:14:15 - [MESSAGE][PASSED] - Object: 'Object Repository/Store Request Schedule 1/Page_Divisonal Store Login/button_Sign in' is clicked on

2018-05-15 18:14:15 - [TEST_STEP][PASSED] - delay: Delayed 3 second(s)

2018-05-15 18:14:18 - [MESSAGE][PASSED] - Delayed 3 second(s)

2018-05-15 18:14:18 - [TEST_STEP][PASSED] - click: Object: 'Object Repository/Store Request Schedule 1/Page_Store/a_CMS' is clicked on

2018-05-15 18:14:18 - [MESSAGE][PASSED] - Object: 'Object Repository/Store Request Schedule 1/Page_Store/a_CMS' is clicked on

2018-05-15 18:14:18 - [TEST_STEP][PASSED] - delay: Delayed 2 second(s)

2018-05-15 18:14:20 - [MESSAGE][PASSED] - Delayed 2 second(s)

2018-05-15 18:14:20 - [TEST_STEP][PASSED] - click: Object: 'Object Repository/Store Request Schedule 1/Page_Store/a_Request Send' is clicked on

2018-05-15 18:14:21 - [MESSAGE][PASSED] - Object: 'Object Repository/Store Request Schedule 1/Page_Store/a_Request Send' is clicked on

2018-05-15 18:14:21 - [TEST_STEP][PASSED] - selectOptionByIndex: All options with index in [1] are selected on object 'Object Repository/Store Request Schedule 1/Page_Store/select_--Select--'

2018-05-15 18:14:21 - [MESSAGE][PASSED] - All options with index in [1] are selected on object 'Object Repository/Store Request Schedule 1/Page_Store/select_--Select--'

2018-05-15 18:14:21 - [TEST_STEP][PASSED] - selectOptionByIndex: All options with index in [1] are selected on object 'Object Repository/Store Request Schedule 1/Page_Store/select_--Select--Schedule 1Inj'

2018-05-15 18:14:21 - [MESSAGE][PASSED] - All options with index in [1] are selected on object 'Object Repository/Store Request Schedule 1/Page_Store/select_--Select--Schedule 1Inj'

2018-05-15 18:14:21 - [TEST_STEP][PASSED] - Statement - SelectedOptions = com.kms.katalon.core.webui.keyword.WebUiBuiltInKeywords.getNumberOfTotalOption(com.kms.katalon.core.testobject.ObjectRepository.findTestObject(Store Request Schedule 1/Page_Store/select_--Select--Adernaline 0.)): 64 options of object 'Object Repository/Store Request Schedule 1/Page_Store/select_--Select--Adernaline 0.' counted

2018-05-15 18:14:21 - [MESSAGE][PASSED] - 64 options of object 'Object Repository/Store Request Schedule 1/Page_Store/select_--Select--Adernaline 0.' counted

2018-05-15 18:14:21 - [TEST_STEP][PASSED] - Statement - For ([y = 1, y < SelectedOptions, (y++)]): Object: 'Object Repository/Store Request Schedule 1/Page_Store/button_Add' is clicked on

2018-05-15 18:14:21 - [TEST_STEP][PASSED] - selectOptionByIndex: All options with index in [1] are selected on object 'Object Repository/Store Request Schedule 1/Page_Store/select_--Select--Schedule 1Inj'

2018-05-15 18:14:21 - [MESSAGE][PASSED] - All options with index in [1] are selected on object 'Object Repository/Store Request Schedule 1/Page_Store/select_--Select--Schedule 1Inj'

2018-05-15 18:14:21 - [TEST_STEP][PASSED] - delay: Delayed 1 second(s)

2018-05-15 18:14:22 - [MESSAGE][PASSED] - Delayed 1 second(s)

2018-05-15 18:14:22 - [TEST_STEP][PASSED] - selectOptionByIndex: All options with index in [1] are selected on object 'Object Repository/Store Request Schedule 1/Page_Store/select_--Select--Adernaline 0.'

2018-05-15 18:14:22 - [MESSAGE][PASSED] - All options with index in [1] are selected on object 'Object Repository/Store Request Schedule 1/Page_Store/select_--Select--Adernaline 0.'

2018-05-15 18:14:22 - [TEST_STEP][PASSED] - setText: Text '100' is set on object 'Object Repository/Store Request Schedule 1/Page_Store/input_txttreat'

2018-05-15 18:14:23 - [MESSAGE][PASSED] - Text '100' is set on object 'Object Repository/Store Request Schedule 1/Page_Store/input_txttreat'

2018-05-15 18:14:23 - [TEST_STEP][PASSED] - click: Object: 'Object Repository/Store Request Schedule 1/Page_Store/button_Add' is clicked on

2018-05-15 18:14:23 - [MESSAGE][PASSED] - Object: 'Object Repository/Store Request Schedule 1/Page_Store/button_Add' is clicked on

2018-05-15 18:14:23 - [TEST_STEP][PASSED] - selectOptionByIndex: All options with index in [1] are selected on object 'Object Repository/Store Request Schedule 1/Page_Store/select_--Select--Schedule 1Inj'

2018-05-15 18:14:23 - [MESSAGE][PASSED] - All options with index in [1] are selected on object 'Object Repository/Store Request Schedule 1/Page_Store/select_--Select--Schedule 1Inj'

2018-05-15 18:14:23 - [TEST_STEP][PASSED] - delay: Delayed 1 second(s)

2018-05-15 18:14:24 - [MESSAGE][PASSED] - Delayed 1 second(s)

2018-05-15 18:14:24 - [TEST_STEP][PASSED] - selectOptionByIndex: All options with index in [2] are selected on object 'Object Repository/Store Request Schedule 1/Page_Store/select_--Select--Adernaline 0.'

2018-05-15 18:14:24 - [MESSAGE][PASSED] - All options with index in [2] are selected on object 'Object Repository/Store Request Schedule 1/Page_Store/select_--Select--Adernaline 0.'

2018-05-15 18:14:24 - [TEST_STEP][PASSED] - setText: Text '100' is set on object 'Object Repository/Store Request Schedule 1/Page_Store/input_txttreat'

2018-05-15 18:14:24 - [MESSAGE][PASSED] - Text '100' is set on object 'Object Repository/Store Request Schedule 1/Page_Store/input_txttreat'

2018-05-15 18:14:24 - [TEST_STEP][PASSED] - click: Object: 'Object Repository/Store Request Schedule 1/Page_Store/button_Add' is clicked on

2018-05-15 18:14:24 - [MESSAGE][PASSED] - Object: 'Object Repository/Store Request Schedule 1/Page_Store/button_Add' is clicked on

2018-05-15 18:14:24 - [TEST_STEP][PASSED] - selectOptionByIndex: All options with index in [1] are selected on object 'Object Repository/Store Request Schedule 1/Page_Store/select_--Select--Schedule 1Inj'

2018-05-15 18:14:24 - [MESSAGE][PASSED] - All options with index in [1] are selected on object 'Object Repository/Store Request Schedule 1/Page_Store/select_--Select--Schedule 1Inj'

2018-05-15 18:14:24 - [TEST_STEP][PASSED] - delay: Delayed 1 second(s)

2018-05-15 18:14:25 - [MESSAGE][PASSED] - Delayed 1 second(s)

2018-05-15 18:14:25 - [TEST_STEP][PASSED] - selectOptionByIndex: All options with index in [3] are selected on object 'Object Repository/Store Request Schedule 1/Page_Store/select_--Select--Adernaline 0.'

2018-05-15 18:14:25 - [MESSAGE][PASSED] - All options with index in [3] are selected on object 'Object Repository/Store Request Schedule 1/Page_Store/select_--Select--Adernaline 0.'

2018-05-15 18:14:25 - [TEST_STEP][PASSED] - setText: Text '100' is set on object 'Object Repository/Store Request Schedule 1/Page_Store/input_txttreat'

2018-05-15 18:14:26 - [MESSAGE][PASSED] - Text '100' is set on object 'Object Repository/Store Request Schedule 1/Page_Store/input_txttreat'

2018-05-15 18:14:26 - [TEST_STEP][PASSED] - click: Object: 'Object Repository/Store Request Schedule 1/Page_Store/button_Add' is clicked on

2018-05-15 18:14:26 - [MESSAGE][PASSED] - Object: 'Object Repository/Store Request Schedule 1/Page_Store/button_Add' is clicked on

2018-05-15 18:14:26 - [TEST_STEP][PASSED] - selectOptionByIndex: All options with index in [1] are selected on object 'Object Repository/Store Request Schedule 1/Page_Store/select_--Select--Schedule 1Inj'

2018-05-15 18:14:26 - [MESSAGE][PASSED] - All options with index in [1] are selected on object 'Object Repository/Store Request Schedule 1/Page_Store/select_--Select--Schedule 1Inj'

2018-05-15 18:14:26 - [TEST_STEP][PASSED] - delay: Delayed 1 second(s)

2018-05-15 18:14:27 - [MESSAGE][PASSED] - Delayed 1 second(s)

2018-05-15 18:14:27 - [TEST_STEP][PASSED] - selectOptionByIndex: All options with index in [4] are selected on object 'Object Repository/Store Request Schedule 1/Page_Store/select_--Select--Adernaline 0.'

2018-05-15 18:14:27 - [MESSAGE][PASSED] - All options with index in [4] are selected on object 'Object Repository/Store Request Schedule 1/Page_Store/select_--Select--Adernaline 0.'

2018-05-15 18:14:27 - [TEST_STEP][PASSED] - setText: Text '100' is set on object 'Object Repository/Store Request Schedule 1/Page_Store/input_txttreat'

2018-05-15 18:14:27 - [MESSAGE][PASSED] - Text '100' is set on object 'Object Repository/Store Request Schedule 1/Page_Store/input_txttreat'

2018-05-15 18:14:27 - [TEST_STEP][PASSED] - click: Object: 'Object Repository/Store Request Schedule 1/Page_Store/button_Add' is clicked on

2018-05-15 18:14:27 - [MESSAGE][PASSED] - Object: 'Object Repository/Store Request Schedule 1/Page_Store/button_Add' is clicked on

2018-05-15 18:14:27 - [TEST_STEP][PASSED] - selectOptionByIndex: All options with index in [1] are selected on object 'Object Repository/Store Request Schedule 1/Page_Store/select_--Select--Schedule 1Inj'

2018-05-15 18:14:27 - [MESSAGE][PASSED] - All options with index in [1] are selected on object 'Object Repository/Store Request Schedule 1/Page_Store/select_--Select--Schedule 1Inj'

2018-05-15 18:14:27 - [TEST_STEP][PASSED] - delay: Delayed 1 second(s)

2018-05-15 18:14:28 - [MESSAGE][PASSED] - Delayed 1 second(s)

2018-05-15 18:14:28 - [TEST_STEP][PASSED] - selectOptionByIndex: All options with index in [5] are selected on object 'Object Repository/Store Request Schedule 1/Page_Store/select_--Select--Adernaline 0.'

2018-05-15 18:14:28 - [MESSAGE][PASSED] - All options with index in [5] are selected on object 'Object Repository/Store Request Schedule 1/Page_Store/select_--Select--Adernaline 0.'

2018-05-15 18:14:28 - [TEST_STEP][PASSED] - setText: Text '100' is set on object 'Object Repository/Store Request Schedule 1/Page_Store/input_txttreat'

2018-05-15 18:14:29 - [MESSAGE][PASSED] - Text '100' is set on object 'Object Repository/Store Request Schedule 1/Page_Store/input_txttreat'

2018-05-15 18:14:29 - [TEST_STEP][PASSED] - click: Object: 'Object Repository/Store Request Schedule 1/Page_Store/button_Add' is clicked on

2018-05-15 18:14:29 - [MESSAGE][PASSED] - Object: 'Object Repository/Store Request Schedule 1/Page_Store/button_Add' is clicked on

2018-05-15 18:14:29 - [TEST_STEP][PASSED] - selectOptionByIndex: All options with index in [1] are selected on object 'Object Repository/Store Request Schedule 1/Page_Store/select_--Select--Schedule 1Inj'

2018-05-15 18:14:29 - [MESSAGE][PASSED] - All options with index in [1] are selected on object 'Object Repository/Store Request Schedule 1/Page_Store/select_--Select--Schedule 1Inj'

2018-05-15 18:14:29 - [TEST_STEP][PASSED] - delay: Delayed 1 second(s)

2018-05-15 18:14:30 - [MESSAGE][PASSED] - Delayed 1 second(s)

2018-05-15 18:14:30 - [TEST_STEP][PASSED] - selectOptionByIndex: All options with index in [6] are selected on object 'Object Repository/Store Request Schedule 1/Page_Store/select_--Select--Adernaline 0.'

2018-05-15 18:14:30 - [MESSAGE][PASSED] - All options with index in [6] are selected on object 'Object Repository/Store Request Schedule 1/Page_Store/select_--Select--Adernaline 0.'

2018-05-15 18:14:30 - [TEST_STEP][PASSED] - setText: Text '100' is set on object 'Object Repository/Store Request Schedule 1/Page_Store/input_txttreat'

2018-05-15 18:14:30 - [MESSAGE][PASSED] - Text '100' is set on object 'Object Repository/Store Request Schedule 1/Page_Store/input_txttreat'

2018-05-15 18:14:30 - [TEST_STEP][PASSED] - click: Object: 'Object Repository/Store Request Schedule 1/Page_Store/button_Add' is clicked on

2018-05-15 18:14:30 - [MESSAGE][PASSED] - Object: 'Object Repository/Store Request Schedule 1/Page_Store/button_Add' is clicked on

2018-05-15 18:14:30 - [TEST_STEP][PASSED] - selectOptionByIndex: All options with index in [1] are selected on object 'Object Repository/Store Request Schedule 1/Page_Store/select_--Select--Schedule 1Inj'

2018-05-15 18:14:30 - [MESSAGE][PASSED] - All options with index in [1] are selected on object 'Object Repository/Store Request Schedule 1/Page_Store/select_--Select--Schedule 1Inj'

2018-05-15 18:14:30 - [TEST_STEP][PASSED] - delay: Delayed 1 second(s)

2018-05-15 18:14:31 - [MESSAGE][PASSED] - Delayed 1 second(s)

2018-05-15 18:14:31 - [TEST_STEP][PASSED] - selectOptionByIndex: All options with index in [7] are selected on object 'Object Repository/Store Request Schedule 1/Page_Store/select_--Select--Adernaline 0.'

2018-05-15 18:14:31 - [MESSAGE][PASSED] - All options with index in [7] are selected on object 'Object Repository/Store Request Schedule 1/Page_Store/select_--Select--Adernaline 0.'

2018-05-15 18:14:31 - [TEST_STEP][PASSED] - setText: Text '100' is set on object 'Object Repository/Store Request Schedule 1/Page_Store/input_txttreat'

2018-05-15 18:14:32 - [MESSAGE][PASSED] - Text '100' is set on object 'Object Repository/Store Request Schedule 1/Page_Store/input_txttreat'

2018-05-15 18:14:32 - [TEST_STEP][PASSED] - click: Object: 'Object Repository/Store Request Schedule 1/Page_Store/button_Add' is clicked on

2018-05-15 18:14:32 - [MESSAGE][PASSED] - Object: 'Object Repository/Store Request Schedule 1/Page_Store/button_Add' is clicked on

2018-05-15 18:14:32 - [TEST_STEP][PASSED] - selectOptionByIndex: All options with index in [1] are selected on object 'Object Repository/Store Request Schedule 1/Page_Store/select_--Select--Schedule 1Inj'

2018-05-15 18:14:32 - [MESSAGE][PASSED] - All options with index in [1] are selected on object 'Object Repository/Store Request Schedule 1/Page_Store/select_--Select--Schedule 1Inj'

2018-05-15 18:14:32 - [TEST_STEP][PASSED] - delay: Delayed 1 second(s)

2018-05-15 18:14:33 - [MESSAGE][PASSED] - Delayed 1 second(s)

2018-05-15 18:14:33 - [TEST_STEP][PASSED] - selectOptionByIndex: All options with index in [8] are selected on object 'Object Repository/Store Request Schedule 1/Page_Store/select_--Select--Adernaline 0.'

2018-05-15 18:14:33 - [MESSAGE][PASSED] - All options with index in [8] are selected on object 'Object Repository/Store Request Schedule 1/Page_Store/select_--Select--Adernaline 0.'

2018-05-15 18:14:33 - [TEST_STEP][PASSED] - setText: Text '100' is set on object 'Object Repository/Store Request Schedule 1/Page_Store/input_txttreat'

2018-05-15 18:14:33 - [MESSAGE][PASSED] - Text '100' is set on object 'Object Repository/Store Request Schedule 1/Page_Store/input_txttreat'

2018-05-15 18:14:33 - [TEST_STEP][PASSED] - click: Object: 'Object Repository/Store Request Schedule 1/Page_Store/button_Add' is clicked on

2018-05-15 18:14:33 - [MESSAGE][PASSED] - Object: 'Object Repository/Store Request Schedule 1/Page_Store/button_Add' is clicked on

2018-05-15 18:14:33 - [TEST_STEP][PASSED] - selectOptionByIndex: All options with index in [1] are selected on object 'Object Repository/Store Request Schedule 1/Page_Store/select_--Select--Schedule 1Inj'

2018-05-15 18:14:33 - [MESSAGE][PASSED] - All options with index in [1] are selected on object 'Object Repository/Store Request Schedule 1/Page_Store/select_--Select--Schedule 1Inj'

2018-05-15 18:14:33 - [TEST_STEP][PASSED] - delay: Delayed 1 second(s)

2018-05-15 18:14:34 - [MESSAGE][PASSED] - Delayed 1 second(s)

2018-05-15 18:14:34 - [TEST_STEP][PASSED] - selectOptionByIndex: All options with index in [9] are selected on object 'Object Repository/Store Request Schedule 1/Page_Store/select_--Select--Adernaline 0.'

2018-05-15 18:14:35 - [MESSAGE][PASSED] - All options with index in [9] are selected on object 'Object Repository/Store Request Schedule 1/Page_Store/select_--Select--Adernaline 0.'

2018-05-15 18:14:35 - [TEST_STEP][PASSED] - setText: Text '100' is set on object 'Object Repository/Store Request Schedule 1/Page_Store/input_txttreat'

2018-05-15 18:14:35 - [MESSAGE][PASSED] - Text '100' is set on object 'Object Repository/Store Request Schedule 1/Page_Store/input_txttreat'

2018-05-15 18:14:35 - [TEST_STEP][PASSED] - click: Object: 'Object Repository/Store Request Schedule 1/Page_Store/button_Add' is clicked on

2018-05-15 18:14:35 - [MESSAGE][PASSED] - Object: 'Object Repository/Store Request Schedule 1/Page_Store/button_Add' is clicked on

2018-05-15 18:14:35 - [TEST_STEP][PASSED] - selectOptionByIndex: All options with index in [1] are selected on object 'Object Repository/Store Request Schedule 1/Page_Store/select_--Select--Schedule 1Inj'

2018-05-15 18:14:35 - [MESSAGE][PASSED] - All options with index in [1] are selected on object 'Object Repository/Store Request Schedule 1/Page_Store/select_--Select--Schedule 1Inj'

2018-05-15 18:14:35 - [TEST_STEP][PASSED] - delay: Delayed 1 second(s)

2018-05-15 18:14:36 - [MESSAGE][PASSED] - Delayed 1 second(s)

2018-05-15 18:14:36 - [TEST_STEP][PASSED] - selectOptionByIndex: All options with index in [10] are selected on object 'Object Repository/Store Request Schedule 1/Page_Store/select_--Select--Adernaline 0.'

2018-05-15 18:14:36 - [MESSAGE][PASSED] - All options with index in [10] are selected on object 'Object Repository/Store Request Schedule 1/Page_Store/select_--Select--Adernaline 0.'

2018-05-15 18:14:36 - [TEST_STEP][PASSED] - setText: Text '100' is set on object 'Object Repository/Store Request Schedule 1/Page_Store/input_txttreat'

2018-05-15 18:14:36 - [MESSAGE][PASSED] - Text '100' is set on object 'Object Repository/Store Request Schedule 1/Page_Store/input_txttreat'

2018-05-15 18:14:36 - [TEST_STEP][PASSED] - click: Object: 'Object Repository/Store Request Schedule 1/Page_Store/button_Add' is clicked on

2018-05-15 18:14:36 - [MESSAGE][PASSED] - Object: 'Object Repository/Store Request Schedule 1/Page_Store/button_Add' is clicked on

2018-05-15 18:14:36 - [TEST_STEP][PASSED] - selectOptionByIndex: All options with index in [1] are selected on object 'Object Repository/Store Request Schedule 1/Page_Store/select_--Select--Schedule 1Inj'

2018-05-15 18:14:36 - [MESSAGE][PASSED] - All options with index in [1] are selected on object 'Object Repository/Store Request Schedule 1/Page_Store/select_--Select--Schedule 1Inj'

2018-05-15 18:14:36 - [TEST_STEP][PASSED] - delay: Delayed 1 second(s)

2018-05-15 18:14:37 - [MESSAGE][PASSED] - Delayed 1 second(s)

2018-05-15 18:14:37 - [TEST_STEP][PASSED] - selectOptionByIndex: All options with index in [11] are selected on object 'Object Repository/Store Request Schedule 1/Page_Store/select_--Select--Adernaline 0.'

2018-05-15 18:14:38 - [MESSAGE][PASSED] - All options with index in [11] are selected on object 'Object Repository/Store Request Schedule 1/Page_Store/select_--Select--Adernaline 0.'

2018-05-15 18:14:38 - [TEST_STEP][PASSED] - setText: Text '100' is set on object 'Object Repository/Store Request Schedule 1/Page_Store/input_txttreat'

2018-05-15 18:14:38 - [MESSAGE][PASSED] - Text '100' is set on object 'Object Repository/Store Request Schedule 1/Page_Store/input_txttreat'

2018-05-15 18:14:38 - [TEST_STEP][PASSED] - click: Object: 'Object Repository/Store Request Schedule 1/Page_Store/button_Add' is clicked on

2018-05-15 18:14:38 - [MESSAGE][PASSED] - Object: 'Object Repository/Store Request Schedule 1/Page_Store/button_Add' is clicked on

2018-05-15 18:14:38 - [TEST_STEP][PASSED] - selectOptionByIndex: All options with index in [1] are selected on object 'Object Repository/Store Request Schedule 1/Page_Store/select_--Select--Schedule 1Inj'

2018-05-15 18:14:38 - [MESSAGE][PASSED] - All options with index in [1] are selected on object 'Object Repository/Store Request Schedule 1/Page_Store/select_--Select--Schedule 1Inj'

2018-05-15 18:14:38 - [TEST_STEP][PASSED] - delay: Delayed 1 second(s)

2018-05-15 18:14:39 - [MESSAGE][PASSED] - Delayed 1 second(s)

2018-05-15 18:14:39 - [TEST_STEP][PASSED] - selectOptionByIndex: All options with index in [12] are selected on object 'Object Repository/Store Request Schedule 1/Page_Store/select_--Select--Adernaline 0.'

2018-05-15 18:14:39 - [MESSAGE][PASSED] - All options with index in [12] are selected on object 'Object Repository/Store Request Schedule 1/Page_Store/select_--Select--Adernaline 0.'

2018-05-15 18:14:39 - [TEST_STEP][PASSED] - setText: Text '100' is set on object 'Object Repository/Store Request Schedule 1/Page_Store/input_txttreat'

2018-05-15 18:14:39 - [MESSAGE][PASSED] - Text '100' is set on object 'Object Repository/Store Request Schedule 1/Page_Store/input_txttreat'

2018-05-15 18:14:39 - [TEST_STEP][PASSED] - click: Object: 'Object Repository/Store Request Schedule 1/Page_Store/button_Add' is clicked on

2018-05-15 18:14:39 - [MESSAGE][PASSED] - Object: 'Object Repository/Store Request Schedule 1/Page_Store/button_Add' is clicked on

2018-05-15 18:14:39 - [TEST_STEP][PASSED] - selectOptionByIndex: All options with index in [1] are selected on object 'Object Repository/Store Request Schedule 1/Page_Store/select_--Select--Schedule 1Inj'

2018-05-15 18:14:39 - [MESSAGE][PASSED] - All options with index in [1] are selected on object 'Object Repository/Store Request Schedule 1/Page_Store/select_--Select--Schedule 1Inj'

2018-05-15 18:14:39 - [TEST_STEP][PASSED] - delay: Delayed 1 second(s)

2018-05-15 18:14:40 - [MESSAGE][PASSED] - Delayed 1 second(s)

2018-05-15 18:14:40 - [TEST_STEP][PASSED] - selectOptionByIndex: All options with index in [13] are selected on object 'Object Repository/Store Request Schedule 1/Page_Store/select_--Select--Adernaline 0.'

2018-05-15 18:14:41 - [MESSAGE][PASSED] - All options with index in [13] are selected on object 'Object Repository/Store Request Schedule 1/Page_Store/select_--Select--Adernaline 0.'

2018-05-15 18:14:41 - [TEST_STEP][PASSED] - setText: Text '100' is set on object 'Object Repository/Store Request Schedule 1/Page_Store/input_txttreat'

2018-05-15 18:14:41 - [MESSAGE][PASSED] - Text '100' is set on object 'Object Repository/Store Request Schedule 1/Page_Store/input_txttreat'

2018-05-15 18:14:41 - [TEST_STEP][PASSED] - click: Object: 'Object Repository/Store Request Schedule 1/Page_Store/button_Add' is clicked on

2018-05-15 18:14:41 - [MESSAGE][PASSED] - Object: 'Object Repository/Store Request Schedule 1/Page_Store/button_Add' is clicked on

2018-05-15 18:14:41 - [TEST_STEP][PASSED] - selectOptionByIndex: All options with index in [1] are selected on object 'Object Repository/Store Request Schedule 1/Page_Store/select_--Select--Schedule 1Inj'

2018-05-15 18:14:41 - [MESSAGE][PASSED] - All options with index in [1] are selected on object 'Object Repository/Store Request Schedule 1/Page_Store/select_--Select--Schedule 1Inj'

2018-05-15 18:14:41 - [TEST_STEP][PASSED] - delay: Delayed 1 second(s)

2018-05-15 18:14:42 - [MESSAGE][PASSED] - Delayed 1 second(s)

2018-05-15 18:14:42 - [TEST_STEP][PASSED] - selectOptionByIndex: All options with index in [14] are selected on object 'Object Repository/Store Request Schedule 1/Page_Store/select_--Select--Adernaline 0.'

2018-05-15 18:14:42 - [MESSAGE][PASSED] - All options with index in [14] are selected on object 'Object Repository/Store Request Schedule 1/Page_Store/select_--Select--Adernaline 0.'

2018-05-15 18:14:42 - [TEST_STEP][PASSED] - setText: Text '100' is set on object 'Object Repository/Store Request Schedule 1/Page_Store/input_txttreat'

2018-05-15 18:14:42 - [MESSAGE][PASSED] - Text '100' is set on object 'Object Repository/Store Request Schedule 1/Page_Store/input_txttreat'

2018-05-15 18:14:42 - [TEST_STEP][PASSED] - click: Object: 'Object Repository/Store Request Schedule 1/Page_Store/button_Add' is clicked on

2018-05-15 18:14:42 - [MESSAGE][PASSED] - Object: 'Object Repository/Store Request Schedule 1/Page_Store/button_Add' is clicked on

2018-05-15 18:14:42 - [TEST_STEP][PASSED] - selectOptionByIndex: All options with index in [1] are selected on object 'Object Repository/Store Request Schedule 1/Page_Store/select_--Select--Schedule 1Inj'

2018-05-15 18:14:43 - [MESSAGE][PASSED] - All options with index in [1] are selected on object 'Object Repository/Store Request Schedule 1/Page_Store/select_--Select--Schedule 1Inj'

2018-05-15 18:14:43 - [TEST_STEP][PASSED] - delay: Delayed 1 second(s)

2018-05-15 18:14:44 - [MESSAGE][PASSED] - Delayed 1 second(s)

2018-05-15 18:14:44 - [TEST_STEP][PASSED] - selectOptionByIndex: All options with index in [15] are selected on object 'Object Repository/Store Request Schedule 1/Page_Store/select_--Select--Adernaline 0.'

2018-05-15 18:14:44 - [MESSAGE][PASSED] - All options with index in [15] are selected on object 'Object Repository/Store Request Schedule 1/Page_Store/select_--Select--Adernaline 0.'

2018-05-15 18:14:44 - [TEST_STEP][PASSED] - setText: Text '100' is set on object 'Object Repository/Store Request Schedule 1/Page_Store/input_txttreat'

2018-05-15 18:14:44 - [MESSAGE][PASSED] - Text '100' is set on object 'Object Repository/Store Request Schedule 1/Page_Store/input_txttreat'

2018-05-15 18:14:44 - [TEST_STEP][PASSED] - click: Object: 'Object Repository/Store Request Schedule 1/Page_Store/button_Add' is clicked on

2018-05-15 18:14:44 - [MESSAGE][PASSED] - Object: 'Object Repository/Store Request Schedule 1/Page_Store/button_Add' is clicked on

2018-05-15 18:14:44 - [TEST_STEP][PASSED] - selectOptionByIndex: All options with index in [1] are selected on object 'Object Repository/Store Request Schedule 1/Page_Store/select_--Select--Schedule 1Inj'

2018-05-15 18:14:44 - [MESSAGE][PASSED] - All options with index in [1] are selected on object 'Object Repository/Store Request Schedule 1/Page_Store/select_--Select--Schedule 1Inj'

2018-05-15 18:14:44 - [TEST_STEP][PASSED] - delay: Delayed 1 second(s)

2018-05-15 18:14:45 - [MESSAGE][PASSED] - Delayed 1 second(s)

2018-05-15 18:14:45 - [TEST_STEP][PASSED] - selectOptionByIndex: All options with index in [16] are selected on object 'Object Repository/Store Request Schedule 1/Page_Store/select_--Select--Adernaline 0.'

2018-05-15 18:14:45 - [MESSAGE][PASSED] - All options with index in [16] are selected on object 'Object Repository/Store Request Schedule 1/Page_Store/select_--Select--Adernaline 0.'

2018-05-15 18:14:45 - [TEST_STEP][PASSED] - setText: Text '100' is set on object 'Object Repository/Store Request Schedule 1/Page_Store/input_txttreat'

2018-05-15 18:14:46 - [MESSAGE][PASSED] - Text '100' is set on object 'Object Repository/Store Request Schedule 1/Page_Store/input_txttreat'

2018-05-15 18:14:46 - [TEST_STEP][PASSED] - click: Object: 'Object Repository/Store Request Schedule 1/Page_Store/button_Add' is clicked on

2018-05-15 18:14:46 - [MESSAGE][PASSED] - Object: 'Object Repository/Store Request Schedule 1/Page_Store/button_Add' is clicked on

2018-05-15 18:14:46 - [TEST_STEP][PASSED] - selectOptionByIndex: All options with index in [1] are selected on object 'Object Repository/Store Request Schedule 1/Page_Store/select_--Select--Schedule 1Inj'

2018-05-15 18:14:46 - [MESSAGE][PASSED] - All options with index in [1] are selected on object 'Object Repository/Store Request Schedule 1/Page_Store/select_--Select--Schedule 1Inj'

2018-05-15 18:14:46 - [TEST_STEP][PASSED] - delay: Delayed 1 second(s)

2018-05-15 18:14:47 - [MESSAGE][PASSED] - Delayed 1 second(s)

2018-05-15 18:14:47 - [TEST_STEP][PASSED] - selectOptionByIndex: All options with index in [17] are selected on object 'Object Repository/Store Request Schedule 1/Page_Store/select_--Select--Adernaline 0.'

2018-05-15 18:14:47 - [MESSAGE][PASSED] - All options with index in [17] are selected on object 'Object Repository/Store Request Schedule 1/Page_Store/select_--Select--Adernaline 0.'

2018-05-15 18:14:47 - [TEST_STEP][PASSED] - setText: Text '100' is set on object 'Object Repository/Store Request Schedule 1/Page_Store/input_txttreat'

2018-05-15 18:14:47 - [MESSAGE][PASSED] - Text '100' is set on object 'Object Repository/Store Request Schedule 1/Page_Store/input_txttreat'

2018-05-15 18:14:47 - [TEST_STEP][PASSED] - click: Object: 'Object Repository/Store Request Schedule 1/Page_Store/button_Add' is clicked on

2018-05-15 18:14:47 - [MESSAGE][PASSED] - Object: 'Object Repository/Store Request Schedule 1/Page_Store/button_Add' is clicked on

2018-05-15 18:14:47 - [TEST_STEP][PASSED] - selectOptionByIndex: All options with index in [1] are selected on object 'Object Repository/Store Request Schedule 1/Page_Store/select_--Select--Schedule 1Inj'

2018-05-15 18:14:47 - [MESSAGE][PASSED] - All options with index in [1] are selected on object 'Object Repository/Store Request Schedule 1/Page_Store/select_--Select--Schedule 1Inj'

2018-05-15 18:14:47 - [TEST_STEP][PASSED] - delay: Delayed 1 second(s)

2018-05-15 18:14:48 - [MESSAGE][PASSED] - Delayed 1 second(s)

2018-05-15 18:14:48 - [TEST_STEP][PASSED] - selectOptionByIndex: All options with index in [18] are selected on object 'Object Repository/Store Request Schedule 1/Page_Store/select_--Select--Adernaline 0.'

2018-05-15 18:14:49 - [MESSAGE][PASSED] - All options with index in [18] are selected on object 'Object Repository/Store Request Schedule 1/Page_Store/select_--Select--Adernaline 0.'

2018-05-15 18:14:49 - [TEST_STEP][PASSED] - setText: Text '100' is set on object 'Object Repository/Store Request Schedule 1/Page_Store/input_txttreat'

2018-05-15 18:14:49 - [MESSAGE][PASSED] - Text '100' is set on object 'Object Repository/Store Request Schedule 1/Page_Store/input_txttreat'

2018-05-15 18:14:49 - [TEST_STEP][PASSED] - click: Object: 'Object Repository/Store Request Schedule 1/Page_Store/button_Add' is clicked on

2018-05-15 18:14:49 - [MESSAGE][PASSED] - Object: 'Object Repository/Store Request Schedule 1/Page_Store/button_Add' is clicked on

2018-05-15 18:14:49 - [TEST_STEP][PASSED] - selectOptionByIndex: All options with index in [1] are selected on object 'Object Repository/Store Request Schedule 1/Page_Store/select_--Select--Schedule 1Inj'

2018-05-15 18:14:49 - [MESSAGE][PASSED] - All options with index in [1] are selected on object 'Object Repository/Store Request Schedule 1/Page_Store/select_--Select--Schedule 1Inj'

2018-05-15 18:14:49 - [TEST_STEP][PASSED] - delay: Delayed 1 second(s)

2018-05-15 18:14:50 - [MESSAGE][PASSED] - Delayed 1 second(s)

2018-05-15 18:14:50 - [TEST_STEP][PASSED] - selectOptionByIndex: All options with index in [19] are selected on object 'Object Repository/Store Request Schedule 1/Page_Store/select_--Select--Adernaline 0.'

2018-05-15 18:14:50 - [MESSAGE][PASSED] - All options with index in [19] are selected on object 'Object Repository/Store Request Schedule 1/Page_Store/select_--Select--Adernaline 0.'

2018-05-15 18:14:50 - [TEST_STEP][PASSED] - setText: Text '100' is set on object 'Object Repository/Store Request Schedule 1/Page_Store/input_txttreat'

2018-05-15 18:14:50 - [MESSAGE][PASSED] - Text '100' is set on object 'Object Repository/Store Request Schedule 1/Page_Store/input_txttreat'

2018-05-15 18:14:50 - [TEST_STEP][PASSED] - click: Object: 'Object Repository/Store Request Schedule 1/Page_Store/button_Add' is clicked on

2018-05-15 18:14:50 - [MESSAGE][PASSED] - Object: 'Object Repository/Store Request Schedule 1/Page_Store/button_Add' is clicked on

2018-05-15 18:14:50 - [TEST_STEP][PASSED] - selectOptionByIndex: All options with index in [1] are selected on object 'Object Repository/Store Request Schedule 1/Page_Store/select_--Select--Schedule 1Inj'

2018-05-15 18:14:51 - [MESSAGE][PASSED] - All options with index in [1] are selected on object 'Object Repository/Store Request Schedule 1/Page_Store/select_--Select--Schedule 1Inj'

2018-05-15 18:14:51 - [TEST_STEP][PASSED] - delay: Delayed 1 second(s)

2018-05-15 18:14:52 - [MESSAGE][PASSED] - Delayed 1 second(s)

2018-05-15 18:14:52 - [TEST_STEP][PASSED] - selectOptionByIndex: All options with index in [20] are selected on object 'Object Repository/Store Request Schedule 1/Page_Store/select_--Select--Adernaline 0.'

2018-05-15 18:14:52 - [MESSAGE][PASSED] - All options with index in [20] are selected on object 'Object Repository/Store Request Schedule 1/Page_Store/select_--Select--Adernaline 0.'

2018-05-15 18:14:52 - [TEST_STEP][PASSED] - setText: Text '100' is set on object 'Object Repository/Store Request Schedule 1/Page_Store/input_txttreat'

2018-05-15 18:14:52 - [MESSAGE][PASSED] - Text '100' is set on object 'Object Repository/Store Request Schedule 1/Page_Store/input_txttreat'

2018-05-15 18:14:52 - [TEST_STEP][PASSED] - click: Object: 'Object Repository/Store Request Schedule 1/Page_Store/button_Add' is clicked on

2018-05-15 18:14:52 - [MESSAGE][PASSED] - Object: 'Object Repository/Store Request Schedule 1/Page_Store/button_Add' is clicked on

2018-05-15 18:14:52 - [TEST_STEP][PASSED] - selectOptionByIndex: All options with index in [1] are selected on object 'Object Repository/Store Request Schedule 1/Page_Store/select_--Select--Schedule 1Inj'

2018-05-15 18:14:52 - [MESSAGE][PASSED] - All options with index in [1] are selected on object 'Object Repository/Store Request Schedule 1/Page_Store/select_--Select--Schedule 1Inj'

2018-05-15 18:14:52 - [TEST_STEP][PASSED] - delay: Delayed 1 second(s)

2018-05-15 18:14:53 - [MESSAGE][PASSED] - Delayed 1 second(s)

2018-05-15 18:14:53 - [TEST_STEP][PASSED] - selectOptionByIndex: All options with index in [21] are selected on object 'Object Repository/Store Request Schedule 1/Page_Store/select_--Select--Adernaline 0.'

2018-05-15 18:14:54 - [MESSAGE][PASSED] - All options with index in [21] are selected on object 'Object Repository/Store Request Schedule 1/Page_Store/select_--Select--Adernaline 0.'

2018-05-15 18:14:54 - [TEST_STEP][PASSED] - setText: Text '100' is set on object 'Object Repository/Store Request Schedule 1/Page_Store/input_txttreat'

2018-05-15 18:14:54 - [MESSAGE][PASSED] - Text '100' is set on object 'Object Repository/Store Request Schedule 1/Page_Store/input_txttreat'

2018-05-15 18:14:54 - [TEST_STEP][PASSED] - click: Object: 'Object Repository/Store Request Schedule 1/Page_Store/button_Add' is clicked on

2018-05-15 18:14:54 - [MESSAGE][PASSED] - Object: 'Object Repository/Store Request Schedule 1/Page_Store/button_Add' is clicked on

2018-05-15 18:14:54 - [TEST_STEP][PASSED] - selectOptionByIndex: All options with index in [1] are selected on object 'Object Repository/Store Request Schedule 1/Page_Store/select_--Select--Schedule 1Inj'

2018-05-15 18:14:54 - [MESSAGE][PASSED] - All options with index in [1] are selected on object 'Object Repository/Store Request Schedule 1/Page_Store/select_--Select--Schedule 1Inj'

2018-05-15 18:14:54 - [TEST_STEP][PASSED] - delay: Delayed 1 second(s)

2018-05-15 18:14:55 - [MESSAGE][PASSED] - Delayed 1 second(s)

2018-05-15 18:14:55 - [TEST_STEP][PASSED] - selectOptionByIndex: All options with index in [22] are selected on object 'Object Repository/Store Request Schedule 1/Page_Store/select_--Select--Adernaline 0.'

2018-05-15 18:14:55 - [MESSAGE][PASSED] - All options with index in [22] are selected on object 'Object Repository/Store Request Schedule 1/Page_Store/select_--Select--Adernaline 0.'

2018-05-15 18:14:55 - [TEST_STEP][PASSED] - setText: Text '100' is set on object 'Object Repository/Store Request Schedule 1/Page_Store/input_txttreat'

2018-05-15 18:14:55 - [MESSAGE][PASSED] - Text '100' is set on object 'Object Repository/Store Request Schedule 1/Page_Store/input_txttreat'

2018-05-15 18:14:55 - [TEST_STEP][PASSED] - click: Object: 'Object Repository/Store Request Schedule 1/Page_Store/button_Add' is clicked on

2018-05-15 18:14:55 - [MESSAGE][PASSED] - Object: 'Object Repository/Store Request Schedule 1/Page_Store/button_Add' is clicked on

2018-05-15 18:14:55 - [TEST_STEP][PASSED] - selectOptionByIndex: All options with index in [1] are selected on object 'Object Repository/Store Request Schedule 1/Page_Store/select_--Select--Schedule 1Inj'

2018-05-15 18:14:55 - [MESSAGE][PASSED] - All options with index in [1] are selected on object 'Object Repository/Store Request Schedule 1/Page_Store/select_--Select--Schedule 1Inj'

2018-05-15 18:14:55 - [TEST_STEP][PASSED] - delay: Delayed 1 second(s)

2018-05-15 18:14:56 - [MESSAGE][PASSED] - Delayed 1 second(s)

2018-05-15 18:14:56 - [TEST_STEP][PASSED] - selectOptionByIndex: All options with index in [23] are selected on object 'Object Repository/Store Request Schedule 1/Page_Store/select_--Select--Adernaline 0.'

2018-05-15 18:14:57 - [MESSAGE][PASSED] - All options with index in [23] are selected on object 'Object Repository/Store Request Schedule 1/Page_Store/select_--Select--Adernaline 0.'

2018-05-15 18:14:57 - [TEST_STEP][PASSED] - setText: Text '100' is set on object 'Object Repository/Store Request Schedule 1/Page_Store/input_txttreat'

2018-05-15 18:14:57 - [MESSAGE][PASSED] - Text '100' is set on object 'Object Repository/Store Request Schedule 1/Page_Store/input_txttreat'

2018-05-15 18:14:57 - [TEST_STEP][PASSED] - click: Object: 'Object Repository/Store Request Schedule 1/Page_Store/button_Add' is clicked on

2018-05-15 18:14:57 - [MESSAGE][PASSED] - Object: 'Object Repository/Store Request Schedule 1/Page_Store/button_Add' is clicked on

2018-05-15 18:14:57 - [TEST_STEP][PASSED] - selectOptionByIndex: All options with index in [1] are selected on object 'Object Repository/Store Request Schedule 1/Page_Store/select_--Select--Schedule 1Inj'

2018-05-15 18:14:57 - [MESSAGE][PASSED] - All options with index in [1] are selected on object 'Object Repository/Store Request Schedule 1/Page_Store/select_--Select--Schedule 1Inj'

2018-05-15 18:14:57 - [TEST_STEP][PASSED] - delay: Delayed 1 second(s)

2018-05-15 18:14:58 - [MESSAGE][PASSED] - Delayed 1 second(s)

2018-05-15 18:14:58 - [TEST_STEP][PASSED] - selectOptionByIndex: All options with index in [24] are selected on object 'Object Repository/Store Request Schedule 1/Page_Store/select_--Select--Adernaline 0.'

2018-05-15 18:14:59 - [MESSAGE][PASSED] - All options with index in [24] are selected on object 'Object Repository/Store Request Schedule 1/Page_Store/select_--Select--Adernaline 0.'

2018-05-15 18:14:59 - [TEST_STEP][PASSED] - setText: Text '100' is set on object 'Object Repository/Store Request Schedule 1/Page_Store/input_txttreat'

2018-05-15 18:14:59 - [MESSAGE][PASSED] - Text '100' is set on object 'Object Repository/Store Request Schedule 1/Page_Store/input_txttreat'

2018-05-15 18:14:59 - [TEST_STEP][PASSED] - click: Object: 'Object Repository/Store Request Schedule 1/Page_Store/button_Add' is clicked on

2018-05-15 18:14:59 - [MESSAGE][PASSED] - Object: 'Object Repository/Store Request Schedule 1/Page_Store/button_Add' is clicked on

2018-05-15 18:14:59 - [TEST_STEP][PASSED] - selectOptionByIndex: All options with index in [1] are selected on object 'Object Repository/Store Request Schedule 1/Page_Store/select_--Select--Schedule 1Inj'

2018-05-15 18:14:59 - [MESSAGE][PASSED] - All options with index in [1] are selected on object 'Object Repository/Store Request Schedule 1/Page_Store/select_--Select--Schedule 1Inj'

2018-05-15 18:14:59 - [TEST_STEP][PASSED] - delay: Delayed 1 second(s)

2018-05-15 18:15:00 - [MESSAGE][PASSED] - Delayed 1 second(s)

2018-05-15 18:15:00 - [TEST_STEP][PASSED] - selectOptionByIndex: All options with index in [25] are selected on object 'Object Repository/Store Request Schedule 1/Page_Store/select_--Select--Adernaline 0.'

2018-05-15 18:15:00 - [MESSAGE][PASSED] - All options with index in [25] are selected on object 'Object Repository/Store Request Schedule 1/Page_Store/select_--Select--Adernaline 0.'

2018-05-15 18:15:00 - [TEST_STEP][PASSED] - setText: Text '100' is set on object 'Object Repository/Store Request Schedule 1/Page_Store/input_txttreat'

2018-05-15 18:15:00 - [MESSAGE][PASSED] - Text '100' is set on object 'Object Repository/Store Request Schedule 1/Page_Store/input_txttreat'

2018-05-15 18:15:00 - [TEST_STEP][PASSED] - click: Object: 'Object Repository/Store Request Schedule 1/Page_Store/button_Add' is clicked on

2018-05-15 18:15:00 - [MESSAGE][PASSED] - Object: 'Object Repository/Store Request Schedule 1/Page_Store/button_Add' is clicked on

2018-05-15 18:15:00 - [TEST_STEP][PASSED] - selectOptionByIndex: All options with index in [1] are selected on object 'Object Repository/Store Request Schedule 1/Page_Store/select_--Select--Schedule 1Inj'

2018-05-15 18:15:01 - [MESSAGE][PASSED] - All options with index in [1] are selected on object 'Object Repository/Store Request Schedule 1/Page_Store/select_--Select--Schedule 1Inj'

2018-05-15 18:15:01 - [TEST_STEP][PASSED] - delay: Delayed 1 second(s)

2018-05-15 18:15:02 - [MESSAGE][PASSED] - Delayed 1 second(s)

2018-05-15 18:15:02 - [TEST_STEP][PASSED] - selectOptionByIndex: All options with index in [26] are selected on object 'Object Repository/Store Request Schedule 1/Page_Store/select_--Select--Adernaline 0.'

2018-05-15 18:15:02 - [MESSAGE][PASSED] - All options with index in [26] are selected on object 'Object Repository/Store Request Schedule 1/Page_Store/select_--Select--Adernaline 0.'

2018-05-15 18:15:02 - [TEST_STEP][PASSED] - setText: Text '100' is set on object 'Object Repository/Store Request Schedule 1/Page_Store/input_txttreat'

2018-05-15 18:15:02 - [MESSAGE][PASSED] - Text '100' is set on object 'Object Repository/Store Request Schedule 1/Page_Store/input_txttreat'

2018-05-15 18:15:02 - [TEST_STEP][PASSED] - click: Object: 'Object Repository/Store Request Schedule 1/Page_Store/button_Add' is clicked on

2018-05-15 18:15:02 - [MESSAGE][PASSED] - Object: 'Object Repository/Store Request Schedule 1/Page_Store/button_Add' is clicked on

2018-05-15 18:15:02 - [TEST_STEP][PASSED] - selectOptionByIndex: All options with index in [1] are selected on object 'Object Repository/Store Request Schedule 1/Page_Store/select_--Select--Schedule 1Inj'

2018-05-15 18:15:02 - [MESSAGE][PASSED] - All options with index in [1] are selected on object 'Object Repository/Store Request Schedule 1/Page_Store/select_--Select--Schedule 1Inj'

2018-05-15 18:15:02 - [TEST_STEP][PASSED] - delay: Delayed 1 second(s)

2018-05-15 18:15:03 - [MESSAGE][PASSED] - Delayed 1 second(s)

2018-05-15 18:15:03 - [TEST_STEP][PASSED] - selectOptionByIndex: All options with index in [27] are selected on object 'Object Repository/Store Request Schedule 1/Page_Store/select_--Select--Adernaline 0.'

2018-05-15 18:15:04 - [MESSAGE][PASSED] - All options with index in [27] are selected on object 'Object Repository/Store Request Schedule 1/Page_Store/select_--Select--Adernaline 0.'

2018-05-15 18:15:04 - [TEST_STEP][PASSED] - setText: Text '100' is set on object 'Object Repository/Store Request Schedule 1/Page_Store/input_txttreat'

2018-05-15 18:15:04 - [MESSAGE][PASSED] - Text '100' is set on object 'Object Repository/Store Request Schedule 1/Page_Store/input_txttreat'

2018-05-15 18:15:04 - [TEST_STEP][PASSED] - click: Object: 'Object Repository/Store Request Schedule 1/Page_Store/button_Add' is clicked on

2018-05-15 18:15:04 - [MESSAGE][PASSED] - Object: 'Object Repository/Store Request Schedule 1/Page_Store/button_Add' is clicked on

2018-05-15 18:15:04 - [TEST_STEP][PASSED] - selectOptionByIndex: All options with index in [1] are selected on object 'Object Repository/Store Request Schedule 1/Page_Store/select_--Select--Schedule 1Inj'

2018-05-15 18:15:04 - [MESSAGE][PASSED] - All options with index in [1] are selected on object 'Object Repository/Store Request Schedule 1/Page_Store/select_--Select--Schedule 1Inj'

2018-05-15 18:15:04 - [TEST_STEP][PASSED] - delay: Delayed 1 second(s)

2018-05-15 18:15:05 - [MESSAGE][PASSED] - Delayed 1 second(s)

2018-05-15 18:15:05 - [TEST_STEP][PASSED] - selectOptionByIndex: All options with index in [28] are selected on object 'Object Repository/Store Request Schedule 1/Page_Store/select_--Select--Adernaline 0.'

2018-05-15 18:15:05 - [MESSAGE][PASSED] - All options with index in [28] are selected on object 'Object Repository/Store Request Schedule 1/Page_Store/select_--Select--Adernaline 0.'

2018-05-15 18:15:05 - [TEST_STEP][PASSED] - setText: Text '100' is set on object 'Object Repository/Store Request Schedule 1/Page_Store/input_txttreat'

2018-05-15 18:15:05 - [MESSAGE][PASSED] - Text '100' is set on object 'Object Repository/Store Request Schedule 1/Page_Store/input_txttreat'

2018-05-15 18:15:05 - [TEST_STEP][PASSED] - click: Object: 'Object Repository/Store Request Schedule 1/Page_Store/button_Add' is clicked on

2018-05-15 18:15:05 - [MESSAGE][PASSED] - Object: 'Object Repository/Store Request Schedule 1/Page_Store/button_Add' is clicked on

2018-05-15 18:15:05 - [TEST_STEP][PASSED] - selectOptionByIndex: All options with index in [1] are selected on object 'Object Repository/Store Request Schedule 1/Page_Store/select_--Select--Schedule 1Inj'

2018-05-15 18:15:06 - [MESSAGE][PASSED] - All options with index in [1] are selected on object 'Object Repository/Store Request Schedule 1/Page_Store/select_--Select--Schedule 1Inj'

2018-05-15 18:15:06 - [TEST_STEP][PASSED] - delay: Delayed 1 second(s)

2018-05-15 18:15:07 - [MESSAGE][PASSED] - Delayed 1 second(s)

2018-05-15 18:15:07 - [TEST_STEP][PASSED] - selectOptionByIndex: All options with index in [29] are selected on object 'Object Repository/Store Request Schedule 1/Page_Store/select_--Select--Adernaline 0.'

2018-05-15 18:15:07 - [MESSAGE][PASSED] - All options with index in [29] are selected on object 'Object Repository/Store Request Schedule 1/Page_Store/select_--Select--Adernaline 0.'

2018-05-15 18:15:07 - [TEST_STEP][PASSED] - setText: Text '100' is set on object 'Object Repository/Store Request Schedule 1/Page_Store/input_txttreat'

2018-05-15 18:15:07 - [MESSAGE][PASSED] - Text '100' is set on object 'Object Repository/Store Request Schedule 1/Page_Store/input_txttreat'

2018-05-15 18:15:07 - [TEST_STEP][PASSED] - click: Object: 'Object Repository/Store Request Schedule 1/Page_Store/button_Add' is clicked on

2018-05-15 18:15:07 - [MESSAGE][PASSED] - Object: 'Object Repository/Store Request Schedule 1/Page_Store/button_Add' is clicked on

2018-05-15 18:15:07 - [TEST_STEP][PASSED] - selectOptionByIndex: All options with index in [1] are selected on object 'Object Repository/Store Request Schedule 1/Page_Store/select_--Select--Schedule 1Inj'

2018-05-15 18:15:07 - [MESSAGE][PASSED] - All options with index in [1] are selected on object 'Object Repository/Store Request Schedule 1/Page_Store/select_--Select--Schedule 1Inj'

2018-05-15 18:15:07 - [TEST_STEP][PASSED] - delay: Delayed 1 second(s)

2018-05-15 18:15:08 - [MESSAGE][PASSED] - Delayed 1 second(s)

2018-05-15 18:15:08 - [TEST_STEP][PASSED] - selectOptionByIndex: All options with index in [30] are selected on object 'Object Repository/Store Request Schedule 1/Page_Store/select_--Select--Adernaline 0.'

2018-05-15 18:15:09 - [MESSAGE][PASSED] - All options with index in [30] are selected on object 'Object Repository/Store Request Schedule 1/Page_Store/select_--Select--Adernaline 0.'

2018-05-15 18:15:09 - [TEST_STEP][PASSED] - setText: Text '100' is set on object 'Object Repository/Store Request Schedule 1/Page_Store/input_txttreat'

2018-05-15 18:15:09 - [MESSAGE][PASSED] - Text '100' is set on object 'Object Repository/Store Request Schedule 1/Page_Store/input_txttreat'

2018-05-15 18:15:09 - [TEST_STEP][PASSED] - click: Object: 'Object Repository/Store Request Schedule 1/Page_Store/button_Add' is clicked on

2018-05-15 18:15:09 - [MESSAGE][PASSED] - Object: 'Object Repository/Store Request Schedule 1/Page_Store/button_Add' is clicked on

2018-05-15 18:15:09 - [TEST_STEP][PASSED] - selectOptionByIndex: All options with index in [1] are selected on object 'Object Repository/Store Request Schedule 1/Page_Store/select_--Select--Schedule 1Inj'

2018-05-15 18:15:09 - [MESSAGE][PASSED] - All options with index in [1] are selected on object 'Object Repository/Store Request Schedule 1/Page_Store/select_--Select--Schedule 1Inj'

2018-05-15 18:15:09 - [TEST_STEP][PASSED] - delay: Delayed 1 second(s)

2018-05-15 18:15:10 - [MESSAGE][PASSED] - Delayed 1 second(s)

2018-05-15 18:15:10 - [TEST_STEP][PASSED] - selectOptionByIndex: All options with index in [31] are selected on object 'Object Repository/Store Request Schedule 1/Page_Store/select_--Select--Adernaline 0.'

2018-05-15 18:15:10 - [MESSAGE][PASSED] - All options with index in [31] are selected on object 'Object Repository/Store Request Schedule 1/Page_Store/select_--Select--Adernaline 0.'

2018-05-15 18:15:10 - [TEST_STEP][PASSED] - setText: Text '100' is set on object 'Object Repository/Store Request Schedule 1/Page_Store/input_txttreat'

2018-05-15 18:15:11 - [MESSAGE][PASSED] - Text '100' is set on object 'Object Repository/Store Request Schedule 1/Page_Store/input_txttreat'

2018-05-15 18:15:11 - [TEST_STEP][PASSED] - click: Object: 'Object Repository/Store Request Schedule 1/Page_Store/button_Add' is clicked on

2018-05-15 18:15:11 - [MESSAGE][PASSED] - Object: 'Object Repository/Store Request Schedule 1/Page_Store/button_Add' is clicked on

2018-05-15 18:15:11 - [TEST_STEP][PASSED] - selectOptionByIndex: All options with index in [1] are selected on object 'Object Repository/Store Request Schedule 1/Page_Store/select_--Select--Schedule 1Inj'

2018-05-15 18:15:11 - [MESSAGE][PASSED] - All options with index in [1] are selected on object 'Object Repository/Store Request Schedule 1/Page_Store/select_--Select--Schedule 1Inj'

2018-05-15 18:15:11 - [TEST_STEP][PASSED] - delay: Delayed 1 second(s)

2018-05-15 18:15:12 - [MESSAGE][PASSED] - Delayed 1 second(s)

2018-05-15 18:15:12 - [TEST_STEP][PASSED] - selectOptionByIndex: All options with index in [32] are selected on object 'Object Repository/Store Request Schedule 1/Page_Store/select_--Select--Adernaline 0.'

2018-05-15 18:15:12 - [MESSAGE][PASSED] - All options with index in [32] are selected on object 'Object Repository/Store Request Schedule 1/Page_Store/select_--Select--Adernaline 0.'

2018-05-15 18:15:12 - [TEST_STEP][PASSED] - setText: Text '100' is set on object 'Object Repository/Store Request Schedule 1/Page_Store/input_txttreat'

2018-05-15 18:15:12 - [MESSAGE][PASSED] - Text '100' is set on object 'Object Repository/Store Request Schedule 1/Page_Store/input_txttreat'

2018-05-15 18:15:12 - [TEST_STEP][PASSED] - click: Object: 'Object Repository/Store Request Schedule 1/Page_Store/button_Add' is clicked on

2018-05-15 18:15:12 - [MESSAGE][PASSED] - Object: 'Object Repository/Store Request Schedule 1/Page_Store/button_Add' is clicked on

2018-05-15 18:15:12 - [TEST_STEP][PASSED] - selectOptionByIndex: All options with index in [1] are selected on object 'Object Repository/Store Request Schedule 1/Page_Store/select_--Select--Schedule 1Inj'

2018-05-15 18:15:13 - [MESSAGE][PASSED] - All options with index in [1] are selected on object 'Object Repository/Store Request Schedule 1/Page_Store/select_--Select--Schedule 1Inj'

2018-05-15 18:15:13 - [TEST_STEP][PASSED] - delay: Delayed 1 second(s)

2018-05-15 18:15:14 - [MESSAGE][PASSED] - Delayed 1 second(s)

2018-05-15 18:15:14 - [TEST_STEP][PASSED] - selectOptionByIndex: All options with index in [33] are selected on object 'Object Repository/Store Request Schedule 1/Page_Store/select_--Select--Adernaline 0.'

2018-05-15 18:15:14 - [MESSAGE][PASSED] - All options with index in [33] are selected on object 'Object Repository/Store Request Schedule 1/Page_Store/select_--Select--Adernaline 0.'

2018-05-15 18:15:14 - [TEST_STEP][PASSED] - setText: Text '100' is set on object 'Object Repository/Store Request Schedule 1/Page_Store/input_txttreat'

2018-05-15 18:15:14 - [MESSAGE][PASSED] - Text '100' is set on object 'Object Repository/Store Request Schedule 1/Page_Store/input_txttreat'

2018-05-15 18:15:14 - [TEST_STEP][PASSED] - click: Object: 'Object Repository/Store Request Schedule 1/Page_Store/button_Add' is clicked on

2018-05-15 18:15:14 - [MESSAGE][PASSED] - Object: 'Object Repository/Store Request Schedule 1/Page_Store/button_Add' is clicked on

2018-05-15 18:15:14 - [TEST_STEP][PASSED] - selectOptionByIndex: All options with index in [1] are selected on object 'Object Repository/Store Request Schedule 1/Page_Store/select_--Select--Schedule 1Inj'

2018-05-15 18:15:14 - [MESSAGE][PASSED] - All options with index in [1] are selected on object 'Object Repository/Store Request Schedule 1/Page_Store/select_--Select--Schedule 1Inj'

2018-05-15 18:15:14 - [TEST_STEP][PASSED] - delay: Delayed 1 second(s)

2018-05-15 18:15:15 - [MESSAGE][PASSED] - Delayed 1 second(s)

2018-05-15 18:15:15 - [TEST_STEP][PASSED] - selectOptionByIndex: All options with index in [34] are selected on object 'Object Repository/Store Request Schedule 1/Page_Store/select_--Select--Adernaline 0.'

2018-05-15 18:15:16 - [MESSAGE][PASSED] - All options with index in [34] are selected on object 'Object Repository/Store Request Schedule 1/Page_Store/select_--Select--Adernaline 0.'

2018-05-15 18:15:16 - [TEST_STEP][PASSED] - setText: Text '100' is set on object 'Object Repository/Store Request Schedule 1/Page_Store/input_txttreat'

2018-05-15 18:15:16 - [MESSAGE][PASSED] - Text '100' is set on object 'Object Repository/Store Request Schedule 1/Page_Store/input_txttreat'

2018-05-15 18:15:16 - [TEST_STEP][PASSED] - click: Object: 'Object Repository/Store Request Schedule 1/Page_Store/button_Add' is clicked on

2018-05-15 18:15:16 - [MESSAGE][PASSED] - Object: 'Object Repository/Store Request Schedule 1/Page_Store/button_Add' is clicked on

2018-05-15 18:15:16 - [TEST_STEP][PASSED] - selectOptionByIndex: All options with index in [1] are selected on object 'Object Repository/Store Request Schedule 1/Page_Store/select_--Select--Schedule 1Inj'

2018-05-15 18:15:16 - [MESSAGE][PASSED] - All options with index in [1] are selected on object 'Object Repository/Store Request Schedule 1/Page_Store/select_--Select--Schedule 1Inj'

2018-05-15 18:15:16 - [TEST_STEP][PASSED] - delay: Delayed 1 second(s)

2018-05-15 18:15:17 - [MESSAGE][PASSED] - Delayed 1 second(s)

2018-05-15 18:15:17 - [TEST_STEP][PASSED] - selectOptionByIndex: All options with index in [35] are selected on object 'Object Repository/Store Request Schedule 1/Page_Store/select_--Select--Adernaline 0.'

2018-05-15 18:15:18 - [MESSAGE][PASSED] - All options with index in [35] are selected on object 'Object Repository/Store Request Schedule 1/Page_Store/select_--Select--Adernaline 0.'

2018-05-15 18:15:18 - [TEST_STEP][PASSED] - setText: Text '100' is set on object 'Object Repository/Store Request Schedule 1/Page_Store/input_txttreat'

2018-05-15 18:15:18 - [MESSAGE][PASSED] - Text '100' is set on object 'Object Repository/Store Request Schedule 1/Page_Store/input_txttreat'

2018-05-15 18:15:18 - [TEST_STEP][PASSED] - click: Object: 'Object Repository/Store Request Schedule 1/Page_Store/button_Add' is clicked on

2018-05-15 18:15:18 - [MESSAGE][PASSED] - Object: 'Object Repository/Store Request Schedule 1/Page_Store/button_Add' is clicked on

2018-05-15 18:15:18 - [TEST_STEP][PASSED] - selectOptionByIndex: All options with index in [1] are selected on object 'Object Repository/Store Request Schedule 1/Page_Store/select_--Select--Schedule 1Inj'

2018-05-15 18:15:18 - [MESSAGE][PASSED] - All options with index in [1] are selected on object 'Object Repository/Store Request Schedule 1/Page_Store/select_--Select--Schedule 1Inj'

2018-05-15 18:15:18 - [TEST_STEP][PASSED] - delay: Delayed 1 second(s)

2018-05-15 18:15:19 - [MESSAGE][PASSED] - Delayed 1 second(s)

2018-05-15 18:15:19 - [TEST_STEP][PASSED] - selectOptionByIndex: All options with index in [36] are selected on object 'Object Repository/Store Request Schedule 1/Page_Store/select_--Select--Adernaline 0.'

2018-05-15 18:15:20 - [MESSAGE][PASSED] - All options with index in [36] are selected on object 'Object Repository/Store Request Schedule 1/Page_Store/select_--Select--Adernaline 0.'

2018-05-15 18:15:20 - [TEST_STEP][PASSED] - setText: Text '100' is set on object 'Object Repository/Store Request Schedule 1/Page_Store/input_txttreat'

2018-05-15 18:15:20 - [MESSAGE][PASSED] - Text '100' is set on object 'Object Repository/Store Request Schedule 1/Page_Store/input_txttreat'

2018-05-15 18:15:20 - [TEST_STEP][PASSED] - click: Object: 'Object Repository/Store Request Schedule 1/Page_Store/button_Add' is clicked on

2018-05-15 18:15:20 - [MESSAGE][PASSED] - Object: 'Object Repository/Store Request Schedule 1/Page_Store/button_Add' is clicked on

2018-05-15 18:15:20 - [TEST_STEP][PASSED] - selectOptionByIndex: All options with index in [1] are selected on object 'Object Repository/Store Request Schedule 1/Page_Store/select_--Select--Schedule 1Inj'

2018-05-15 18:15:20 - [MESSAGE][PASSED] - All options with index in [1] are selected on object 'Object Repository/Store Request Schedule 1/Page_Store/select_--Select--Schedule 1Inj'

2018-05-15 18:15:20 - [TEST_STEP][PASSED] - delay: Delayed 1 second(s)

2018-05-15 18:15:21 - [MESSAGE][PASSED] - Delayed 1 second(s)

2018-05-15 18:15:21 - [TEST_STEP][PASSED] - selectOptionByIndex: All options with index in [37] are selected on object 'Object Repository/Store Request Schedule 1/Page_Store/select_--Select--Adernaline 0.'

2018-05-15 18:15:21 - [MESSAGE][PASSED] - All options with index in [37] are selected on object 'Object Repository/Store Request Schedule 1/Page_Store/select_--Select--Adernaline 0.'

2018-05-15 18:15:21 - [TEST_STEP][PASSED] - setText: Text '100' is set on object 'Object Repository/Store Request Schedule 1/Page_Store/input_txttreat'

2018-05-15 18:15:21 - [MESSAGE][PASSED] - Text '100' is set on object 'Object Repository/Store Request Schedule 1/Page_Store/input_txttreat'

2018-05-15 18:15:21 - [TEST_STEP][PASSED] - click: Object: 'Object Repository/Store Request Schedule 1/Page_Store/button_Add' is clicked on

2018-05-15 18:15:21 - [MESSAGE][PASSED] - Object: 'Object Repository/Store Request Schedule 1/Page_Store/button_Add' is clicked on

2018-05-15 18:15:21 - [TEST_STEP][PASSED] - selectOptionByIndex: All options with index in [1] are selected on object 'Object Repository/Store Request Schedule 1/Page_Store/select_--Select--Schedule 1Inj'

2018-05-15 18:15:22 - [MESSAGE][PASSED] - All options with index in [1] are selected on object 'Object Repository/Store Request Schedule 1/Page_Store/select_--Select--Schedule 1Inj'

2018-05-15 18:15:22 - [TEST_STEP][PASSED] - delay: Delayed 1 second(s)

2018-05-15 18:15:23 - [MESSAGE][PASSED] - Delayed 1 second(s)

2018-05-15 18:15:23 - [TEST_STEP][PASSED] - selectOptionByIndex: All options with index in [38] are selected on object 'Object Repository/Store Request Schedule 1/Page_Store/select_--Select--Adernaline 0.'

2018-05-15 18:15:23 - [MESSAGE][PASSED] - All options with index in [38] are selected on object 'Object Repository/Store Request Schedule 1/Page_Store/select_--Select--Adernaline 0.'

2018-05-15 18:15:23 - [TEST_STEP][PASSED] - setText: Text '100' is set on object 'Object Repository/Store Request Schedule 1/Page_Store/input_txttreat'

2018-05-15 18:15:23 - [MESSAGE][PASSED] - Text '100' is set on object 'Object Repository/Store Request Schedule 1/Page_Store/input_txttreat'

2018-05-15 18:15:23 - [TEST_STEP][PASSED] - click: Object: 'Object Repository/Store Request Schedule 1/Page_Store/button_Add' is clicked on

2018-05-15 18:15:23 - [MESSAGE][PASSED] - Object: 'Object Repository/Store Request Schedule 1/Page_Store/button_Add' is clicked on

2018-05-15 18:15:23 - [TEST_STEP][PASSED] - selectOptionByIndex: All options with index in [1] are selected on object 'Object Repository/Store Request Schedule 1/Page_Store/select_--Select--Schedule 1Inj'

2018-05-15 18:15:23 - [MESSAGE][PASSED] - All options with index in [1] are selected on object 'Object Repository/Store Request Schedule 1/Page_Store/select_--Select--Schedule 1Inj'

2018-05-15 18:15:23 - [TEST_STEP][PASSED] - delay: Delayed 1 second(s)

2018-05-15 18:15:24 - [MESSAGE][PASSED] - Delayed 1 second(s)

2018-05-15 18:15:24 - [TEST_STEP][PASSED] - selectOptionByIndex: All options with index in [39] are selected on object 'Object Repository/Store Request Schedule 1/Page_Store/select_--Select--Adernaline 0.'

2018-05-15 18:15:25 - [MESSAGE][PASSED] - All options with index in [39] are selected on object 'Object Repository/Store Request Schedule 1/Page_Store/select_--Select--Adernaline 0.'

2018-05-15 18:15:25 - [TEST_STEP][PASSED] - setText: Text '100' is set on object 'Object Repository/Store Request Schedule 1/Page_Store/input_txttreat'

2018-05-15 18:15:25 - [MESSAGE][PASSED] - Text '100' is set on object 'Object Repository/Store Request Schedule 1/Page_Store/input_txttreat'

2018-05-15 18:15:25 - [TEST_STEP][PASSED] - click: Object: 'Object Repository/Store Request Schedule 1/Page_Store/button_Add' is clicked on

2018-05-15 18:15:25 - [MESSAGE][PASSED] - Object: 'Object Repository/Store Request Schedule 1/Page_Store/button_Add' is clicked on

2018-05-15 18:15:25 - [TEST_STEP][PASSED] - selectOptionByIndex: All options with index in [1] are selected on object 'Object Repository/Store Request Schedule 1/Page_Store/select_--Select--Schedule 1Inj'

2018-05-15 18:15:25 - [MESSAGE][PASSED] - All options with index in [1] are selected on object 'Object Repository/Store Request Schedule 1/Page_Store/select_--Select--Schedule 1Inj'

2018-05-15 18:15:25 - [TEST_STEP][PASSED] - delay: Delayed 1 second(s)

2018-05-15 18:15:26 - [MESSAGE][PASSED] - Delayed 1 second(s)

2018-05-15 18:15:26 - [TEST_STEP][PASSED] - selectOptionByIndex: All options with index in [40] are selected on object 'Object Repository/Store Request Schedule 1/Page_Store/select_--Select--Adernaline 0.'

2018-05-15 18:15:27 - [MESSAGE][PASSED] - All options with index in [40] are selected on object 'Object Repository/Store Request Schedule 1/Page_Store/select_--Select--Adernaline 0.'

2018-05-15 18:15:27 - [TEST_STEP][PASSED] - setText: Text '100' is set on object 'Object Repository/Store Request Schedule 1/Page_Store/input_txttreat'

2018-05-15 18:15:27 - [MESSAGE][PASSED] - Text '100' is set on object 'Object Repository/Store Request Schedule 1/Page_Store/input_txttreat'

2018-05-15 18:15:27 - [TEST_STEP][PASSED] - click: Object: 'Object Repository/Store Request Schedule 1/Page_Store/button_Add' is clicked on

2018-05-15 18:15:27 - [MESSAGE][PASSED] - Object: 'Object Repository/Store Request Schedule 1/Page_Store/button_Add' is clicked on

2018-05-15 18:15:27 - [TEST_STEP][PASSED] - selectOptionByIndex: All options with index in [1] are selected on object 'Object Repository/Store Request Schedule 1/Page_Store/select_--Select--Schedule 1Inj'

2018-05-15 18:15:27 - [MESSAGE][PASSED] - All options with index in [1] are selected on object 'Object Repository/Store Request Schedule 1/Page_Store/select_--Select--Schedule 1Inj'

2018-05-15 18:15:27 - [TEST_STEP][PASSED] - delay: Delayed 1 second(s)

2018-05-15 18:15:28 - [MESSAGE][PASSED] - Delayed 1 second(s)

2018-05-15 18:15:28 - [TEST_STEP][PASSED] - selectOptionByIndex: All options with index in [41] are selected on object 'Object Repository/Store Request Schedule 1/Page_Store/select_--Select--Adernaline 0.'

2018-05-15 18:15:29 - [MESSAGE][PASSED] - All options with index in [41] are selected on object 'Object Repository/Store Request Schedule 1/Page_Store/select_--Select--Adernaline 0.'

2018-05-15 18:15:29 - [TEST_STEP][PASSED] - setText: Text '100' is set on object 'Object Repository/Store Request Schedule 1/Page_Store/input_txttreat'

2018-05-15 18:15:29 - [MESSAGE][PASSED] - Text '100' is set on object 'Object Repository/Store Request Schedule 1/Page_Store/input_txttreat'

2018-05-15 18:15:29 - [TEST_STEP][PASSED] - click: Object: 'Object Repository/Store Request Schedule 1/Page_Store/button_Add' is clicked on

2018-05-15 18:15:29 - [MESSAGE][PASSED] - Object: 'Object Repository/Store Request Schedule 1/Page_Store/button_Add' is clicked on

2018-05-15 18:15:29 - [TEST_STEP][PASSED] - selectOptionByIndex: All options with index in [1] are selected on object 'Object Repository/Store Request Schedule 1/Page_Store/select_--Select--Schedule 1Inj'

2018-05-15 18:15:29 - [MESSAGE][PASSED] - All options with index in [1] are selected on object 'Object Repository/Store Request Schedule 1/Page_Store/select_--Select--Schedule 1Inj'

2018-05-15 18:15:29 - [TEST_STEP][PASSED] - delay: Delayed 1 second(s)

2018-05-15 18:15:30 - [MESSAGE][PASSED] - Delayed 1 second(s)

2018-05-15 18:15:30 - [TEST_STEP][PASSED] - selectOptionByIndex: All options with index in [42] are selected on object 'Object Repository/Store Request Schedule 1/Page_Store/select_--Select--Adernaline 0.'

2018-05-15 18:15:30 - [MESSAGE][PASSED] - All options with index in [42] are selected on object 'Object Repository/Store Request Schedule 1/Page_Store/select_--Select--Adernaline 0.'

2018-05-15 18:15:30 - [TEST_STEP][PASSED] - setText: Text '100' is set on object 'Object Repository/Store Request Schedule 1/Page_Store/input_txttreat'

2018-05-15 18:15:30 - [MESSAGE][PASSED] - Text '100' is set on object 'Object Repository/Store Request Schedule 1/Page_Store/input_txttreat'

2018-05-15 18:15:30 - [TEST_STEP][PASSED] - click: Object: 'Object Repository/Store Request Schedule 1/Page_Store/button_Add' is clicked on

2018-05-15 18:15:31 - [MESSAGE][PASSED] - Object: 'Object Repository/Store Request Schedule 1/Page_Store/button_Add' is clicked on

2018-05-15 18:15:31 - [TEST_STEP][PASSED] - selectOptionByIndex: All options with index in [1] are selected on object 'Object Repository/Store Request Schedule 1/Page_Store/select_--Select--Schedule 1Inj'

2018-05-15 18:15:31 - [MESSAGE][PASSED] - All options with index in [1] are selected on object 'Object Repository/Store Request Schedule 1/Page_Store/select_--Select--Schedule 1Inj'

2018-05-15 18:15:31 - [TEST_STEP][PASSED] - delay: Delayed 1 second(s)

2018-05-15 18:15:32 - [MESSAGE][PASSED] - Delayed 1 second(s)

2018-05-15 18:15:32 - [TEST_STEP][PASSED] - selectOptionByIndex: All options with index in [43] are selected on object 'Object Repository/Store Request Schedule 1/Page_Store/select_--Select--Adernaline 0.'

2018-05-15 18:15:32 - [MESSAGE][PASSED] - All options with index in [43] are selected on object 'Object Repository/Store Request Schedule 1/Page_Store/select_--Select--Adernaline 0.'

2018-05-15 18:15:32 - [TEST_STEP][PASSED] - setText: Text '100' is set on object 'Object Repository/Store Request Schedule 1/Page_Store/input_txttreat'

2018-05-15 18:15:32 - [MESSAGE][PASSED] - Text '100' is set on object 'Object Repository/Store Request Schedule 1/Page_Store/input_txttreat'

2018-05-15 18:15:32 - [TEST_STEP][PASSED] - click: Object: 'Object Repository/Store Request Schedule 1/Page_Store/button_Add' is clicked on

2018-05-15 18:15:32 - [MESSAGE][PASSED] - Object: 'Object Repository/Store Request Schedule 1/Page_Store/button_Add' is clicked on

2018-05-15 18:15:32 - [TEST_STEP][PASSED] - selectOptionByIndex: All options with index in [1] are selected on object 'Object Repository/Store Request Schedule 1/Page_Store/select_--Select--Schedule 1Inj'

2018-05-15 18:15:32 - [MESSAGE][PASSED] - All options with index in [1] are selected on object 'Object Repository/Store Request Schedule 1/Page_Store/select_--Select--Schedule 1Inj'

2018-05-15 18:15:32 - [TEST_STEP][PASSED] - delay: Delayed 1 second(s)

2018-05-15 18:15:33 - [MESSAGE][PASSED] - Delayed 1 second(s)

2018-05-15 18:15:33 - [TEST_STEP][PASSED] - selectOptionByIndex: All options with index in [44] are selected on object 'Object Repository/Store Request Schedule 1/Page_Store/select_--Select--Adernaline 0.'

2018-05-15 18:15:34 - [MESSAGE][PASSED] - All options with index in [44] are selected on object 'Object Repository/Store Request Schedule 1/Page_Store/select_--Select--Adernaline 0.'

2018-05-15 18:15:34 - [TEST_STEP][PASSED] - setText: Text '100' is set on object 'Object Repository/Store Request Schedule 1/Page_Store/input_txttreat'

2018-05-15 18:15:34 - [MESSAGE][PASSED] - Text '100' is set on object 'Object Repository/Store Request Schedule 1/Page_Store/input_txttreat'

2018-05-15 18:15:34 - [TEST_STEP][PASSED] - click: Object: 'Object Repository/Store Request Schedule 1/Page_Store/button_Add' is clicked on

2018-05-15 18:15:34 - [MESSAGE][PASSED] - Object: 'Object Repository/Store Request Schedule 1/Page_Store/button_Add' is clicked on

2018-05-15 18:15:34 - [TEST_STEP][PASSED] - selectOptionByIndex: All options with index in [1] are selected on object 'Object Repository/Store Request Schedule 1/Page_Store/select_--Select--Schedule 1Inj'

2018-05-15 18:15:34 - [MESSAGE][PASSED] - All options with index in [1] are selected on object 'Object Repository/Store Request Schedule 1/Page_Store/select_--Select--Schedule 1Inj'

2018-05-15 18:15:34 - [TEST_STEP][PASSED] - delay: Delayed 1 second(s)

2018-05-15 18:15:35 - [MESSAGE][PASSED] - Delayed 1 second(s)

2018-05-15 18:15:35 - [TEST_STEP][PASSED] - selectOptionByIndex: All options with index in [45] are selected on object 'Object Repository/Store Request Schedule 1/Page_Store/select_--Select--Adernaline 0.'

2018-05-15 18:15:36 - [MESSAGE][PASSED] - All options with index in [45] are selected on object 'Object Repository/Store Request Schedule 1/Page_Store/select_--Select--Adernaline 0.'

2018-05-15 18:15:36 - [TEST_STEP][PASSED] - setText: Text '100' is set on object 'Object Repository/Store Request Schedule 1/Page_Store/input_txttreat'

2018-05-15 18:15:36 - [MESSAGE][PASSED] - Text '100' is set on object 'Object Repository/Store Request Schedule 1/Page_Store/input_txttreat'

2018-05-15 18:15:36 - [TEST_STEP][PASSED] - click: Object: 'Object Repository/Store Request Schedule 1/Page_Store/button_Add' is clicked on

2018-05-15 18:15:36 - [MESSAGE][PASSED] - Object: 'Object Repository/Store Request Schedule 1/Page_Store/button_Add' is clicked on

2018-05-15 18:15:36 - [TEST_STEP][PASSED] - selectOptionByIndex: All options with index in [1] are selected on object 'Object Repository/Store Request Schedule 1/Page_Store/select_--Select--Schedule 1Inj'

2018-05-15 18:15:36 - [MESSAGE][PASSED] - All options with index in [1] are selected on object 'Object Repository/Store Request Schedule 1/Page_Store/select_--Select--Schedule 1Inj'

2018-05-15 18:15:36 - [TEST_STEP][PASSED] - delay: Delayed 1 second(s)

2018-05-15 18:15:37 - [MESSAGE][PASSED] - Delayed 1 second(s)

2018-05-15 18:15:37 - [TEST_STEP][PASSED] - selectOptionByIndex: All options with index in [46] are selected on object 'Object Repository/Store Request Schedule 1/Page_Store/select_--Select--Adernaline 0.'

2018-05-15 18:15:38 - [MESSAGE][PASSED] - All options with index in [46] are selected on object 'Object Repository/Store Request Schedule 1/Page_Store/select_--Select--Adernaline 0.'

2018-05-15 18:15:38 - [TEST_STEP][PASSED] - setText: Text '100' is set on object 'Object Repository/Store Request Schedule 1/Page_Store/input_txttreat'

2018-05-15 18:15:38 - [MESSAGE][PASSED] - Text '100' is set on object 'Object Repository/Store Request Schedule 1/Page_Store/input_txttreat'

2018-05-15 18:15:38 - [TEST_STEP][PASSED] - click: Object: 'Object Repository/Store Request Schedule 1/Page_Store/button_Add' is clicked on

2018-05-15 18:15:38 - [MESSAGE][PASSED] - Object: 'Object Repository/Store Request Schedule 1/Page_Store/button_Add' is clicked on

2018-05-15 18:15:38 - [TEST_STEP][PASSED] - selectOptionByIndex: All options with index in [1] are selected on object 'Object Repository/Store Request Schedule 1/Page_Store/select_--Select--Schedule 1Inj'

2018-05-15 18:15:38 - [MESSAGE][PASSED] - All options with index in [1] are selected on object 'Object Repository/Store Request Schedule 1/Page_Store/select_--Select--Schedule 1Inj'

2018-05-15 18:15:38 - [TEST_STEP][PASSED] - delay: Delayed 1 second(s)

2018-05-15 18:15:39 - [MESSAGE][PASSED] - Delayed 1 second(s)

2018-05-15 18:15:39 - [TEST_STEP][PASSED] - selectOptionByIndex: All options with index in [47] are selected on object 'Object Repository/Store Request Schedule 1/Page_Store/select_--Select--Adernaline 0.'

2018-05-15 18:15:40 - [MESSAGE][PASSED] - All options with index in [47] are selected on object 'Object Repository/Store Request Schedule 1/Page_Store/select_--Select--Adernaline 0.'

2018-05-15 18:15:40 - [TEST_STEP][PASSED] - setText: Text '100' is set on object 'Object Repository/Store Request Schedule 1/Page_Store/input_txttreat'

2018-05-15 18:15:40 - [MESSAGE][PASSED] - Text '100' is set on object 'Object Repository/Store Request Schedule 1/Page_Store/input_txttreat'

2018-05-15 18:15:40 - [TEST_STEP][PASSED] - click: Object: 'Object Repository/Store Request Schedule 1/Page_Store/button_Add' is clicked on

2018-05-15 18:15:40 - [MESSAGE][PASSED] - Object: 'Object Repository/Store Request Schedule 1/Page_Store/button_Add' is clicked on

2018-05-15 18:15:40 - [TEST_STEP][PASSED] - selectOptionByIndex: All options with index in [1] are selected on object 'Object Repository/Store Request Schedule 1/Page_Store/select_--Select--Schedule 1Inj'

2018-05-15 18:15:40 - [MESSAGE][PASSED] - All options with index in [1] are selected on object 'Object Repository/Store Request Schedule 1/Page_Store/select_--Select--Schedule 1Inj'

2018-05-15 18:15:40 - [TEST_STEP][PASSED] - delay: Delayed 1 second(s)

2018-05-15 18:15:41 - [MESSAGE][PASSED] - Delayed 1 second(s)

2018-05-15 18:15:41 - [TEST_STEP][PASSED] - selectOptionByIndex: All options with index in [48] are selected on object 'Object Repository/Store Request Schedule 1/Page_Store/select_--Select--Adernaline 0.'

2018-05-15 18:15:41 - [MESSAGE][PASSED] - All options with index in [48] are selected on object 'Object Repository/Store Request Schedule 1/Page_Store/select_--Select--Adernaline 0.'

2018-05-15 18:15:41 - [TEST_STEP][PASSED] - setText: Text '100' is set on object 'Object Repository/Store Request Schedule 1/Page_Store/input_txttreat'

2018-05-15 18:15:42 - [MESSAGE][PASSED] - Text '100' is set on object 'Object Repository/Store Request Schedule 1/Page_Store/input_txttreat'

2018-05-15 18:15:42 - [TEST_STEP][PASSED] - click: Object: 'Object Repository/Store Request Schedule 1/Page_Store/button_Add' is clicked on

2018-05-15 18:15:42 - [MESSAGE][PASSED] - Object: 'Object Repository/Store Request Schedule 1/Page_Store/button_Add' is clicked on

2018-05-15 18:15:42 - [TEST_STEP][PASSED] - selectOptionByIndex: All options with index in [1] are selected on object 'Object Repository/Store Request Schedule 1/Page_Store/select_--Select--Schedule 1Inj'

2018-05-15 18:15:42 - [MESSAGE][PASSED] - All options with index in [1] are selected on object 'Object Repository/Store Request Schedule 1/Page_Store/select_--Select--Schedule 1Inj'

2018-05-15 18:15:42 - [TEST_STEP][PASSED] - delay: Delayed 1 second(s)

2018-05-15 18:15:43 - [MESSAGE][PASSED] - Delayed 1 second(s)

2018-05-15 18:15:43 - [TEST_STEP][PASSED] - selectOptionByIndex: All options with index in [49] are selected on object 'Object Repository/Store Request Schedule 1/Page_Store/select_--Select--Adernaline 0.'

2018-05-15 18:15:43 - [MESSAGE][PASSED] - All options with index in [49] are selected on object 'Object Repository/Store Request Schedule 1/Page_Store/select_--Select--Adernaline 0.'

2018-05-15 18:15:43 - [TEST_STEP][PASSED] - setText: Text '100' is set on object 'Object Repository/Store Request Schedule 1/Page_Store/input_txttreat'

2018-05-15 18:15:43 - [MESSAGE][PASSED] - Text '100' is set on object 'Object Repository/Store Request Schedule 1/Page_Store/input_txttreat'

2018-05-15 18:15:43 - [TEST_STEP][PASSED] - click: Object: 'Object Repository/Store Request Schedule 1/Page_Store/button_Add' is clicked on

2018-05-15 18:15:44 - [MESSAGE][PASSED] - Object: 'Object Repository/Store Request Schedule 1/Page_Store/button_Add' is clicked on

2018-05-15 18:15:44 - [TEST_STEP][PASSED] - selectOptionByIndex: All options with index in [1] are selected on object 'Object Repository/Store Request Schedule 1/Page_Store/select_--Select--Schedule 1Inj'

2018-05-15 18:15:44 - [MESSAGE][PASSED] - All options with index in [1] are selected on object 'Object Repository/Store Request Schedule 1/Page_Store/select_--Select--Schedule 1Inj'

2018-05-15 18:15:44 - [TEST_STEP][PASSED] - delay: Delayed 1 second(s)

2018-05-15 18:15:45 - [MESSAGE][PASSED] - Delayed 1 second(s)

2018-05-15 18:15:45 - [TEST_STEP][PASSED] - selectOptionByIndex: All options with index in [50] are selected on object 'Object Repository/Store Request Schedule 1/Page_Store/select_--Select--Adernaline 0.'

2018-05-15 18:15:45 - [MESSAGE][PASSED] - All options with index in [50] are selected on object 'Object Repository/Store Request Schedule 1/Page_Store/select_--Select--Adernaline 0.'

2018-05-15 18:15:45 - [TEST_STEP][PASSED] - setText: Text '100' is set on object 'Object Repository/Store Request Schedule 1/Page_Store/input_txttreat'

2018-05-15 18:15:45 - [MESSAGE][PASSED] - Text '100' is set on object 'Object Repository/Store Request Schedule 1/Page_Store/input_txttreat'

2018-05-15 18:15:45 - [TEST_STEP][PASSED] - click: Object: 'Object Repository/Store Request Schedule 1/Page_Store/button_Add' is clicked on

2018-05-15 18:15:45 - [MESSAGE][PASSED] - Object: 'Object Repository/Store Request Schedule 1/Page_Store/button_Add' is clicked on

2018-05-15 18:15:45 - [TEST_STEP][PASSED] - selectOptionByIndex: All options with index in [1] are selected on object 'Object Repository/Store Request Schedule 1/Page_Store/select_--Select--Schedule 1Inj'

2018-05-15 18:15:46 - [MESSAGE][PASSED] - All options with index in [1] are selected on object 'Object Repository/Store Request Schedule 1/Page_Store/select_--Select--Schedule 1Inj'

2018-05-15 18:15:46 - [TEST_STEP][PASSED] - delay: Delayed 1 second(s)

2018-05-15 18:15:47 - [MESSAGE][PASSED] - Delayed 1 second(s)

2018-05-15 18:15:47 - [TEST_STEP][PASSED] - selectOptionByIndex: All options with index in [51] are selected on object 'Object Repository/Store Request Schedule 1/Page_Store/select_--Select--Adernaline 0.'

2018-05-15 18:15:47 - [MESSAGE][PASSED] - All options with index in [51] are selected on object 'Object Repository/Store Request Schedule 1/Page_Store/select_--Select--Adernaline 0.'

2018-05-15 18:15:47 - [TEST_STEP][PASSED] - setText: Text '100' is set on object 'Object Repository/Store Request Schedule 1/Page_Store/input_txttreat'

2018-05-15 18:15:47 - [MESSAGE][PASSED] - Text '100' is set on object 'Object Repository/Store Request Schedule 1/Page_Store/input_txttreat'

2018-05-15 18:15:47 - [TEST_STEP][PASSED] - click: Object: 'Object Repository/Store Request Schedule 1/Page_Store/button_Add' is clicked on

2018-05-15 18:15:47 - [MESSAGE][PASSED] - Object: 'Object Repository/Store Request Schedule 1/Page_Store/button_Add' is clicked on

2018-05-15 18:15:47 - [TEST_STEP][PASSED] - selectOptionByIndex: All options with index in [1] are selected on object 'Object Repository/Store Request Schedule 1/Page_Store/select_--Select--Schedule 1Inj'

2018-05-15 18:15:47 - [MESSAGE][PASSED] - All options with index in [1] are selected on object 'Object Repository/Store Request Schedule 1/Page_Store/select_--Select--Schedule 1Inj'

2018-05-15 18:15:47 - [TEST_STEP][PASSED] - delay: Delayed 1 second(s)

2018-05-15 18:15:48 - [MESSAGE][PASSED] - Delayed 1 second(s)

2018-05-15 18:15:48 - [TEST_STEP][PASSED] - selectOptionByIndex: All options with index in [52] are selected on object 'Object Repository/Store Request Schedule 1/Page_Store/select_--Select--Adernaline 0.'

2018-05-15 18:15:49 - [MESSAGE][PASSED] - All options with index in [52] are selected on object 'Object Repository/Store Request Schedule 1/Page_Store/select_--Select--Adernaline 0.'

2018-05-15 18:15:49 - [TEST_STEP][PASSED] - setText: Text '100' is set on object 'Object Repository/Store Request Schedule 1/Page_Store/input_txttreat'

2018-05-15 18:15:49 - [MESSAGE][PASSED] - Text '100' is set on object 'Object Repository/Store Request Schedule 1/Page_Store/input_txttreat'

2018-05-15 18:15:49 - [TEST_STEP][PASSED] - click: Object: 'Object Repository/Store Request Schedule 1/Page_Store/button_Add' is clicked on

2018-05-15 18:15:49 - [MESSAGE][PASSED] - Object: 'Object Repository/Store Request Schedule 1/Page_Store/button_Add' is clicked on

2018-05-15 18:15:49 - [TEST_STEP][PASSED] - selectOptionByIndex: All options with index in [1] are selected on object 'Object Repository/Store Request Schedule 1/Page_Store/select_--Select--Schedule 1Inj'

2018-05-15 18:15:49 - [MESSAGE][PASSED] - All options with index in [1] are selected on object 'Object Repository/Store Request Schedule 1/Page_Store/select_--Select--Schedule 1Inj'

2018-05-15 18:15:49 - [TEST_STEP][PASSED] - delay: Delayed 1 second(s)

2018-05-15 18:15:50 - [MESSAGE][PASSED] - Delayed 1 second(s)

2018-05-15 18:15:50 - [TEST_STEP][PASSED] - selectOptionByIndex: All options with index in [53] are selected on object 'Object Repository/Store Request Schedule 1/Page_Store/select_--Select--Adernaline 0.'

2018-05-15 18:15:51 - [MESSAGE][PASSED] - All options with index in [53] are selected on object 'Object Repository/Store Request Schedule 1/Page_Store/select_--Select--Adernaline 0.'

2018-05-15 18:15:51 - [TEST_STEP][PASSED] - setText: Text '100' is set on object 'Object Repository/Store Request Schedule 1/Page_Store/input_txttreat'

2018-05-15 18:15:51 - [MESSAGE][PASSED] - Text '100' is set on object 'Object Repository/Store Request Schedule 1/Page_Store/input_txttreat'

2018-05-15 18:15:51 - [TEST_STEP][PASSED] - click: Object: 'Object Repository/Store Request Schedule 1/Page_Store/button_Add' is clicked on

2018-05-15 18:15:51 - [MESSAGE][PASSED] - Object: 'Object Repository/Store Request Schedule 1/Page_Store/button_Add' is clicked on

2018-05-15 18:15:51 - [TEST_STEP][PASSED] - selectOptionByIndex: All options with index in [1] are selected on object 'Object Repository/Store Request Schedule 1/Page_Store/select_--Select--Schedule 1Inj'

2018-05-15 18:15:51 - [MESSAGE][PASSED] - All options with index in [1] are selected on object 'Object Repository/Store Request Schedule 1/Page_Store/select_--Select--Schedule 1Inj'

2018-05-15 18:15:51 - [TEST_STEP][PASSED] - delay: Delayed 1 second(s)

2018-05-15 18:15:52 - [MESSAGE][PASSED] - Delayed 1 second(s)

2018-05-15 18:15:52 - [TEST_STEP][PASSED] - selectOptionByIndex: All options with index in [54] are selected on object 'Object Repository/Store Request Schedule 1/Page_Store/select_--Select--Adernaline 0.'

2018-05-15 18:15:53 - [MESSAGE][PASSED] - All options with index in [54] are selected on object 'Object Repository/Store Request Schedule 1/Page_Store/select_--Select--Adernaline 0.'

2018-05-15 18:15:53 - [TEST_STEP][PASSED] - setText: Text '100' is set on object 'Object Repository/Store Request Schedule 1/Page_Store/input_txttreat'

2018-05-15 18:15:53 - [MESSAGE][PASSED] - Text '100' is set on object 'Object Repository/Store Request Schedule 1/Page_Store/input_txttreat'

2018-05-15 18:15:53 - [TEST_STEP][PASSED] - click: Object: 'Object Repository/Store Request Schedule 1/Page_Store/button_Add' is clicked on

2018-05-15 18:15:53 - [MESSAGE][PASSED] - Object: 'Object Repository/Store Request Schedule 1/Page_Store/button_Add' is clicked on

2018-05-15 18:15:53 - [TEST_STEP][PASSED] - selectOptionByIndex: All options with index in [1] are selected on object 'Object Repository/Store Request Schedule 1/Page_Store/select_--Select--Schedule 1Inj'

2018-05-15 18:15:53 - [MESSAGE][PASSED] - All options with index in [1] are selected on object 'Object Repository/Store Request Schedule 1/Page_Store/select_--Select--Schedule 1Inj'

2018-05-15 18:15:53 - [TEST_STEP][PASSED] - delay: Delayed 1 second(s)

2018-05-15 18:15:54 - [MESSAGE][PASSED] - Delayed 1 second(s)

2018-05-15 18:15:54 - [TEST_STEP][PASSED] - selectOptionByIndex: All options with index in [55] are selected on object 'Object Repository/Store Request Schedule 1/Page_Store/select_--Select--Adernaline 0.'

2018-05-15 18:15:55 - [MESSAGE][PASSED] - All options with index in [55] are selected on object 'Object Repository/Store Request Schedule 1/Page_Store/select_--Select--Adernaline 0.'

2018-05-15 18:15:55 - [TEST_STEP][PASSED] - setText: Text '100' is set on object 'Object Repository/Store Request Schedule 1/Page_Store/input_txttreat'

2018-05-15 18:15:55 - [MESSAGE][PASSED] - Text '100' is set on object 'Object Repository/Store Request Schedule 1/Page_Store/input_txttreat'

2018-05-15 18:15:55 - [TEST_STEP][PASSED] - click: Object: 'Object Repository/Store Request Schedule 1/Page_Store/button_Add' is clicked on

2018-05-15 18:15:55 - [MESSAGE][PASSED] - Object: 'Object Repository/Store Request Schedule 1/Page_Store/button_Add' is clicked on

2018-05-15 18:15:55 - [TEST_STEP][PASSED] - selectOptionByIndex: All options with index in [1] are selected on object 'Object Repository/Store Request Schedule 1/Page_Store/select_--Select--Schedule 1Inj'

2018-05-15 18:15:55 - [MESSAGE][PASSED] - All options with index in [1] are selected on object 'Object Repository/Store Request Schedule 1/Page_Store/select_--Select--Schedule 1Inj'

2018-05-15 18:15:55 - [TEST_STEP][PASSED] - delay: Delayed 1 second(s)

2018-05-15 18:15:56 - [MESSAGE][PASSED] - Delayed 1 second(s)

2018-05-15 18:15:56 - [TEST_STEP][PASSED] - selectOptionByIndex: All options with index in [56] are selected on object 'Object Repository/Store Request Schedule 1/Page_Store/select_--Select--Adernaline 0.'

2018-05-15 18:15:57 - [MESSAGE][PASSED] - All options with index in [56] are selected on object 'Object Repository/Store Request Schedule 1/Page_Store/select_--Select--Adernaline 0.'

2018-05-15 18:15:57 - [TEST_STEP][PASSED] - setText: Text '100' is set on object 'Object Repository/Store Request Schedule 1/Page_Store/input_txttreat'

2018-05-15 18:15:57 - [MESSAGE][PASSED] - Text '100' is set on object 'Object Repository/Store Request Schedule 1/Page_Store/input_txttreat'

2018-05-15 18:15:57 - [TEST_STEP][PASSED] - click: Object: 'Object Repository/Store Request Schedule 1/Page_Store/button_Add' is clicked on

2018-05-15 18:15:57 - [MESSAGE][PASSED] - Object: 'Object Repository/Store Request Schedule 1/Page_Store/button_Add' is clicked on

2018-05-15 18:15:57 - [TEST_STEP][PASSED] - selectOptionByIndex: All options with index in [1] are selected on object 'Object Repository/Store Request Schedule 1/Page_Store/select_--Select--Schedule 1Inj'

2018-05-15 18:15:57 - [MESSAGE][PASSED] - All options with index in [1] are selected on object 'Object Repository/Store Request Schedule 1/Page_Store/select_--Select--Schedule 1Inj'

2018-05-15 18:15:57 - [TEST_STEP][PASSED] - delay: Delayed 1 second(s)

2018-05-15 18:15:58 - [MESSAGE][PASSED] - Delayed 1 second(s)

2018-05-15 18:15:58 - [TEST_STEP][PASSED] - selectOptionByIndex: All options with index in [57] are selected on object 'Object Repository/Store Request Schedule 1/Page_Store/select_--Select--Adernaline 0.'

2018-05-15 18:15:59 - [MESSAGE][PASSED] - All options with index in [57] are selected on object 'Object Repository/Store Request Schedule 1/Page_Store/select_--Select--Adernaline 0.'

2018-05-15 18:15:59 - [TEST_STEP][PASSED] - setText: Text '100' is set on object 'Object Repository/Store Request Schedule 1/Page_Store/input_txttreat'

2018-05-15 18:15:59 - [MESSAGE][PASSED] - Text '100' is set on object 'Object Repository/Store Request Schedule 1/Page_Store/input_txttreat'

2018-05-15 18:15:59 - [TEST_STEP][PASSED] - click: Object: 'Object Repository/Store Request Schedule 1/Page_Store/button_Add' is clicked on

2018-05-15 18:15:59 - [MESSAGE][PASSED] - Object: 'Object Repository/Store Request Schedule 1/Page_Store/button_Add' is clicked on

2018-05-15 18:15:59 - [TEST_STEP][PASSED] - selectOptionByIndex: All options with index in [1] are selected on object 'Object Repository/Store Request Schedule 1/Page_Store/select_--Select--Schedule 1Inj'

2018-05-15 18:15:59 - [MESSAGE][PASSED] - All options with index in [1] are selected on object 'Object Repository/Store Request Schedule 1/Page_Store/select_--Select--Schedule 1Inj'

2018-05-15 18:15:59 - [TEST_STEP][PASSED] - delay: Delayed 1 second(s)

2018-05-15 18:16:00 - [MESSAGE][PASSED] - Delayed 1 second(s)

2018-05-15 18:16:00 - [TEST_STEP][PASSED] - selectOptionByIndex: All options with index in [58] are selected on object 'Object Repository/Store Request Schedule 1/Page_Store/select_--Select--Adernaline 0.'

2018-05-15 18:16:01 - [MESSAGE][PASSED] - All options with index in [58] are selected on object 'Object Repository/Store Request Schedule 1/Page_Store/select_--Select--Adernaline 0.'

2018-05-15 18:16:01 - [TEST_STEP][PASSED] - setText: Text '100' is set on object 'Object Repository/Store Request Schedule 1/Page_Store/input_txttreat'

2018-05-15 18:16:01 - [MESSAGE][PASSED] - Text '100' is set on object 'Object Repository/Store Request Schedule 1/Page_Store/input_txttreat'

2018-05-15 18:16:01 - [TEST_STEP][PASSED] - click: Object: 'Object Repository/Store Request Schedule 1/Page_Store/button_Add' is clicked on

2018-05-15 18:16:01 - [MESSAGE][PASSED] - Object: 'Object Repository/Store Request Schedule 1/Page_Store/button_Add' is clicked on

2018-05-15 18:16:01 - [TEST_STEP][PASSED] - selectOptionByIndex: All options with index in [1] are selected on object 'Object Repository/Store Request Schedule 1/Page_Store/select_--Select--Schedule 1Inj'

2018-05-15 18:16:02 - [MESSAGE][PASSED] - All options with index in [1] are selected on object 'Object Repository/Store Request Schedule 1/Page_Store/select_--Select--Schedule 1Inj'

2018-05-15 18:16:02 - [TEST_STEP][PASSED] - delay: Delayed 1 second(s)

2018-05-15 18:16:03 - [MESSAGE][PASSED] - Delayed 1 second(s)

2018-05-15 18:16:03 - [TEST_STEP][PASSED] - selectOptionByIndex: All options with index in [59] are selected on object 'Object Repository/Store Request Schedule 1/Page_Store/select_--Select--Adernaline 0.'

2018-05-15 18:16:03 - [MESSAGE][PASSED] - All options with index in [59] are selected on object 'Object Repository/Store Request Schedule 1/Page_Store/select_--Select--Adernaline 0.'

2018-05-15 18:16:03 - [TEST_STEP][PASSED] - setText: Text '100' is set on object 'Object Repository/Store Request Schedule 1/Page_Store/input_txttreat'

2018-05-15 18:16:03 - [MESSAGE][PASSED] - Text '100' is set on object 'Object Repository/Store Request Schedule 1/Page_Store/input_txttreat'

2018-05-15 18:16:03 - [TEST_STEP][PASSED] - click: Object: 'Object Repository/Store Request Schedule 1/Page_Store/button_Add' is clicked on

2018-05-15 18:16:03 - [MESSAGE][PASSED] - Object: 'Object Repository/Store Request Schedule 1/Page_Store/button_Add' is clicked on

2018-05-15 18:16:03 - [TEST_STEP][PASSED] - selectOptionByIndex: All options with index in [1] are selected on object 'Object Repository/Store Request Schedule 1/Page_Store/select_--Select--Schedule 1Inj'

2018-05-15 18:16:03 - [MESSAGE][PASSED] - All options with index in [1] are selected on object 'Object Repository/Store Request Schedule 1/Page_Store/select_--Select--Schedule 1Inj'

2018-05-15 18:16:03 - [TEST_STEP][PASSED] - delay: Delayed 1 second(s)

2018-05-15 18:16:04 - [MESSAGE][PASSED] - Delayed 1 second(s)

2018-05-15 18:16:04 - [TEST_STEP][PASSED] - selectOptionByIndex: All options with index in [60] are selected on object 'Object Repository/Store Request Schedule 1/Page_Store/select_--Select--Adernaline 0.'

2018-05-15 18:16:05 - [MESSAGE][PASSED] - All options with index in [60] are selected on object 'Object Repository/Store Request Schedule 1/Page_Store/select_--Select--Adernaline 0.'

2018-05-15 18:16:05 - [TEST_STEP][PASSED] - setText: Text '100' is set on object 'Object Repository/Store Request Schedule 1/Page_Store/input_txttreat'

2018-05-15 18:16:05 - [MESSAGE][PASSED] - Text '100' is set on object 'Object Repository/Store Request Schedule 1/Page_Store/input_txttreat'

2018-05-15 18:16:05 - [TEST_STEP][PASSED] - click: Object: 'Object Repository/Store Request Schedule 1/Page_Store/button_Add' is clicked on

2018-05-15 18:16:05 - [MESSAGE][PASSED] - Object: 'Object Repository/Store Request Schedule 1/Page_Store/button_Add' is clicked on

2018-05-15 18:16:05 - [TEST_STEP][PASSED] - selectOptionByIndex: All options with index in [1] are selected on object 'Object Repository/Store Request Schedule 1/Page_Store/select_--Select--Schedule 1Inj'

2018-05-15 18:16:05 - [MESSAGE][PASSED] - All options with index in [1] are selected on object 'Object Repository/Store Request Schedule 1/Page_Store/select_--Select--Schedule 1Inj'

2018-05-15 18:16:05 - [TEST_STEP][PASSED] - delay: Delayed 1 second(s)

2018-05-15 18:16:06 - [MESSAGE][PASSED] - Delayed 1 second(s)

2018-05-15 18:16:06 - [TEST_STEP][PASSED] - selectOptionByIndex: All options with index in [61] are selected on object 'Object Repository/Store Request Schedule 1/Page_Store/select_--Select--Adernaline 0.'

2018-05-15 18:16:07 - [MESSAGE][PASSED] - All options with index in [61] are selected on object 'Object Repository/Store Request Schedule 1/Page_Store/select_--Select--Adernaline 0.'

2018-05-15 18:16:07 - [TEST_STEP][PASSED] - setText: Text '100' is set on object 'Object Repository/Store Request Schedule 1/Page_Store/input_txttreat'

2018-05-15 18:16:07 - [MESSAGE][PASSED] - Text '100' is set on object 'Object Repository/Store Request Schedule 1/Page_Store/input_txttreat'

2018-05-15 18:16:07 - [TEST_STEP][PASSED] - click: Object: 'Object Repository/Store Request Schedule 1/Page_Store/button_Add' is clicked on

2018-05-15 18:16:07 - [MESSAGE][PASSED] - Object: 'Object Repository/Store Request Schedule 1/Page_Store/button_Add' is clicked on

2018-05-15 18:16:07 - [TEST_STEP][PASSED] - selectOptionByIndex: All options with index in [1] are selected on object 'Object Repository/Store Request Schedule 1/Page_Store/select_--Select--Schedule 1Inj'

2018-05-15 18:16:07 - [MESSAGE][PASSED] - All options with index in [1] are selected on object 'Object Repository/Store Request Schedule 1/Page_Store/select_--Select--Schedule 1Inj'

2018-05-15 18:16:07 - [TEST_STEP][PASSED] - delay: Delayed 1 second(s)

2018-05-15 18:16:08 - [MESSAGE][PASSED] - Delayed 1 second(s)

2018-05-15 18:16:08 - [TEST_STEP][PASSED] - selectOptionByIndex: All options with index in [62] are selected on object 'Object Repository/Store Request Schedule 1/Page_Store/select_--Select--Adernaline 0.'

2018-05-15 18:16:09 - [MESSAGE][PASSED] - All options with index in [62] are selected on object 'Object Repository/Store Request Schedule 1/Page_Store/select_--Select--Adernaline 0.'

2018-05-15 18:16:09 - [TEST_STEP][PASSED] - setText: Text '100' is set on object 'Object Repository/Store Request Schedule 1/Page_Store/input_txttreat'

2018-05-15 18:16:09 - [MESSAGE][PASSED] - Text '100' is set on object 'Object Repository/Store Request Schedule 1/Page_Store/input_txttreat'

2018-05-15 18:16:09 - [TEST_STEP][PASSED] - click: Object: 'Object Repository/Store Request Schedule 1/Page_Store/button_Add' is clicked on

2018-05-15 18:16:09 - [MESSAGE][PASSED] - Object: 'Object Repository/Store Request Schedule 1/Page_Store/button_Add' is clicked on

2018-05-15 18:16:09 - [TEST_STEP][PASSED] - selectOptionByIndex: All options with index in [1] are selected on object 'Object Repository/Store Request Schedule 1/Page_Store/select_--Select--Schedule 1Inj'

2018-05-15 18:16:10 - [MESSAGE][PASSED] - All options with index in [1] are selected on object 'Object Repository/Store Request Schedule 1/Page_Store/select_--Select--Schedule 1Inj'

2018-05-15 18:16:10 - [TEST_STEP][PASSED] - delay: Delayed 1 second(s)

2018-05-15 18:16:11 - [MESSAGE][PASSED] - Delayed 1 second(s)

2018-05-15 18:16:11 - [TEST_STEP][PASSED] - selectOptionByIndex: All options with index in [63] are selected on object 'Object Repository/Store Request Schedule 1/Page_Store/select_--Select--Adernaline 0.'

2018-05-15 18:16:11 - [MESSAGE][PASSED] - All options with index in [63] are selected on object 'Object Repository/Store Request Schedule 1/Page_Store/select_--Select--Adernaline 0.'

2018-05-15 18:16:11 - [TEST_STEP][PASSED] - setText: Text '100' is set on object 'Object Repository/Store Request Schedule 1/Page_Store/input_txttreat'

2018-05-15 18:16:11 - [MESSAGE][PASSED] - Text '100' is set on object 'Object Repository/Store Request Schedule 1/Page_Store/input_txttreat'

2018-05-15 18:16:11 - [TEST_STEP][PASSED] - click: Object: 'Object Repository/Store Request Schedule 1/Page_Store/button_Add' is clicked on

2018-05-15 18:16:11 - [MESSAGE][PASSED] - Object: 'Object Repository/Store Request Schedule 1/Page_Store/button_Add' is clicked on

2018-05-15 18:16:11 - [TEST_STEP][PASSED] - delay: Delayed 2 second(s)

2018-05-15 18:16:13 - [MESSAGE][PASSED] - Delayed 2 second(s)

2018-05-15 18:16:13 - [TEST_STEP][PASSED] - scrollToElement: Scroll to object 'Object Repository/Store Request Schedule 1/Page_Store/input_btnsave' successfully

2018-05-15 18:16:14 - [MESSAGE][PASSED] - Scroll to object 'Object Repository/Store Request Schedule 1/Page_Store/input_btnsave' successfully

2018-05-15 18:16:14 - [TEST_STEP][PASSED] - click: Object: 'Object Repository/Store Request Schedule 1/Page_Store/input_btnsave' is clicked on

2018-05-15 18:16:14 - [MESSAGE][PASSED] - Object: 'Object Repository/Store Request Schedule 1/Page_Store/input_btnsave' is clicked on

2018-05-15 18:16:14 - [TEST_STEP][PASSED] - delay: Delayed 4 second(s)

2018-05-15 18:16:18 - [MESSAGE][PASSED] - Delayed 4 second(s)

2018-05-15 18:16:18 - [TEST_STEP][PASSED] - Statement - Cms_RequestNumber = com.kms.katalon.core.webui.keyword.WebUiBuiltInKeywords.getText(com.kms.katalon.core.testobject.ObjectRepository.findTestObject(Store Request Schedule 1/Page_Store/font_PRNO050520189)): Text of object 'Object Repository/Store Request Schedule 1/Page_Store/font_PRNO050520189' is: 'PRNO/15052018/147'

2018-05-15 18:16:18 - [MESSAGE][PASSED] - Text of object 'Object Repository/Store Request Schedule 1/Page_Store/font_PRNO050520189' is: 'PRNO/15052018/147'

2018-05-15 18:16:18 - [TEST_STEP][PASSED] - Statement - CR = Cms_RequestNumber.trim(): null

2018-05-15 18:16:18 - [TEST_STEP][PASSED] - Statement - out.println("RQ :" + Cms_RequestNumber): null

2018-05-15 18:16:18 - [TEST_STEP][PASSED] - Statement - RequestNumberID = Cms_RequestNumber.split("/")[2].trim(): null

2018-05-15 18:16:18 - [TEST_STEP][PASSED] - Statement - out.println("RQ ID :" + RequestNumberID): null

2018-05-15 18:16:18 - [TEST_STEP][PASSED] - delay: Delayed 3 second(s)

2018-05-15 18:16:21 - [MESSAGE][PASSED] - Delayed 3 second(s)

2018-05-15 18:16:21 - [TEST_STEP][PASSED] - Statement - ok = com.kms.katalon.core.webui.keyword.WebUiBuiltInKeywords.click(com.kms.katalon.core.testobject.ObjectRepository.findTestObject(Store Request Schedule 1/Page_Store/button_OK)): Object: 'Object Repository/Store Request Schedule 1/Page_Store/button_OK' is clicked on

2018-05-15 18:16:22 - [MESSAGE][PASSED] - Object: 'Object Repository/Store Request Schedule 1/Page_Store/button_OK' is clicked on

2018-05-15 18:16:22 - [TEST_STEP][PASSED] - delay: Delayed 3 second(s)

2018-05-15 18:16:25 - [MESSAGE][PASSED] - Delayed 3 second(s)

2018-05-15 18:16:25 - [TEST_STEP][PASSED] - click: Object: 'Object Repository/Store Request Schedule 1/Page_Store/a_dropdown-toggle' is clicked on

2018-05-15 18:16:25 - [MESSAGE][PASSED] - Object: 'Object Repository/Store Request Schedule 1/Page_Store/a_dropdown-toggle' is clicked on

2018-05-15 18:16:25 - [TEST_STEP][PASSED] - click: Object: 'Object Repository/Store Request Schedule 1/Page_Store/a_Sign out' is clicked on

2018-05-15 18:16:25 - [MESSAGE][PASSED] - Object: 'Object Repository/Store Request Schedule 1/Page_Store/a_Sign out' is clicked on

2018-05-15 18:16:25 - [TEST_STEP][PASSED] - delay: Delayed 3 second(s)

2018-05-15 18:16:28 - [MESSAGE][PASSED] - Delayed 3 second(s)

2018-05-15 18:16:28 - [TEST_STEP][PASSED] - click: Object: 'Object Repository/Store Request Schedule 1/Page_KDMC/a_CMO' is clicked on

2018-05-15 18:16:29 - [MESSAGE][PASSED] - Object: 'Object Repository/Store Request Schedule 1/Page_KDMC/a_CMO' is clicked on

2018-05-15 18:16:29 - [TEST_STEP][PASSED] - setText: Text 'guru' is set on object 'Object Repository/Store Request Schedule 1/Page_CMO login/input_txtusername'

2018-05-15 18:16:29 - [MESSAGE][PASSED] - Text 'guru' is set on object 'Object Repository/Store Request Schedule 1/Page_CMO login/input_txtusername'

2018-05-15 18:16:29 - [TEST_STEP][PASSED] - setText: Text '123' is set on object 'Object Repository/Store Request Schedule 1/Page_CMO login/input_txtpassword'

2018-05-15 18:16:29 - [MESSAGE][PASSED] - Text '123' is set on object 'Object Repository/Store Request Schedule 1/Page_CMO login/input_txtpassword'

2018-05-15 18:16:29 - [TEST_STEP][PASSED] - delay: Delayed 3 second(s)

2018-05-15 18:16:32 - [MESSAGE][PASSED] - Delayed 3 second(s)

2018-05-15 18:16:32 - [TEST_STEP][PASSED] - click: Object: 'Object Repository/Store Request Schedule 1/Page_CMO login/button_Sign in' is clicked on

2018-05-15 18:16:33 - [MESSAGE][PASSED] - Object: 'Object Repository/Store Request Schedule 1/Page_CMO login/button_Sign in' is clicked on

2018-05-15 18:16:33 - [TEST_STEP][PASSED] - delay: Delayed 2 second(s)

2018-05-15 18:16:35 - [MESSAGE][PASSED] - Delayed 2 second(s)

2018-05-15 18:16:35 - [TEST_STEP][PASSED] - click: Object: 'Object Repository/Store Request Schedule 1/Page_KDMC - CMO/span_Department Wise Request' is clicked on

2018-05-15 18:16:36 - [MESSAGE][PASSED] - Object: 'Object Repository/Store Request Schedule 1/Page_KDMC - CMO/span_Department Wise Request' is clicked on

2018-05-15 18:16:36 - [TEST_STEP][PASSED] - click: Object: 'Object Repository/Store Request Schedule 1/Page_KDMC - CMO/a_CMS Request' is clicked on

2018-05-15 18:16:36 - [MESSAGE][PASSED] - Object: 'Object Repository/Store Request Schedule 1/Page_KDMC - CMO/a_CMS Request' is clicked on

2018-05-15 18:16:36 - [TEST_STEP][PASSED] - click: Object: 'Object Repository/Store Request Schedule 1/Page_KDMC - CMO/a_CMS Request' is clicked on

2018-05-15 18:16:36 - [MESSAGE][PASSED] - Object: 'Object Repository/Store Request Schedule 1/Page_KDMC - CMO/a_CMS Request' is clicked on

2018-05-15 18:16:36 - [TEST_STEP][PASSED] - click: Object: 'Object Repository/Store Request Schedule 1/Page_KDMC - CMO/span_Divisional Store Request' is clicked on

2018-05-15 18:16:37 - [MESSAGE][PASSED] - Object: 'Object Repository/Store Request Schedule 1/Page_KDMC - CMO/span_Divisional Store Request' is clicked on

2018-05-15 18:16:37 - [TEST_STEP][PASSED] - delay: Delayed 2 second(s)

2018-05-15 18:16:39 - [MESSAGE][PASSED] - Delayed 2 second(s)

2018-05-15 18:16:39 - [TEST_STEP][PASSED] - Statement - approval = com.kms.katalon.core.webui.keyword.WebUiBuiltInKeywords.modifyObjectProperty(com.kms.katalon.core.testobject.ObjectRepository.findTestObject(Store Request Schedule 1/Page_KDMC - CMO/input_PRNO050520189), "xpath", "equals", "//*[@id=" + RequestNumberID + "]", true): Modify property of object successfully

2018-05-15 18:16:39 - [MESSAGE][PASSED] - Modify property of object successfully

2018-05-15 18:16:39 - [TEST_STEP][PASSED] - click: Object: 'Object Repository/Store Request Schedule 1/Page_KDMC - CMO/input_PRNO050520189' is clicked on

2018-05-15 18:16:39 - [MESSAGE][PASSED] - Object: 'Object Repository/Store Request Schedule 1/Page_KDMC - CMO/input_PRNO050520189' is clicked on

2018-05-15 18:16:39 - [TEST_STEP][PASSED] - delay: Delayed 2 second(s)

2018-05-15 18:16:41 - [MESSAGE][PASSED] - Delayed 2 second(s)

2018-05-15 18:16:41 - [TEST_STEP][PASSED] - selectOptionByIndex: All options with index in [1] are selected on object 'Object Repository/Store Request Schedule 1/Page_KDMC - CMO/select_--Select--'

2018-05-15 18:16:42 - [MESSAGE][PASSED] - All options with index in [1] are selected on object 'Object Repository/Store Request Schedule 1/Page_KDMC - CMO/select_--Select--'

2018-05-15 18:16:42 - [TEST_STEP][PASSED] - click: Object: 'Object Repository/Store Request Schedule 1/Page_KDMC - CMO/input_btnupdate' is clicked on

2018-05-15 18:16:42 - [MESSAGE][PASSED] - Object: 'Object Repository/Store Request Schedule 1/Page_KDMC - CMO/input_btnupdate' is clicked on

2018-05-15 18:16:42 - [TEST_STEP][PASSED] - delay: Delayed 2 second(s)

2018-05-15 18:16:44 - [MESSAGE][PASSED] - Delayed 2 second(s)

2018-05-15 18:16:44 - [TEST_STEP][PASSED] - click: Object: 'Object Repository/Store Request Schedule 1/Page_KDMC - CMO/button_OK' is clicked on

2018-05-15 18:16:44 - [MESSAGE][PASSED] - Object: 'Object Repository/Store Request Schedule 1/Page_KDMC - CMO/button_OK' is clicked on

2018-05-15 18:16:44 - [TEST_STEP][PASSED] - delay: Delayed 2 second(s)

2018-05-15 18:16:46 - [MESSAGE][PASSED] - Delayed 2 second(s)

2018-05-15 18:16:46 - [TEST_STEP][PASSED] - click: Object: 'Object Repository/Store Request Schedule 1/Page_KDMC - CMO/a_dropdown-toggle' is clicked on

2018-05-15 18:16:46 - [MESSAGE][PASSED] - Object: 'Object Repository/Store Request Schedule 1/Page_KDMC - CMO/a_dropdown-toggle' is clicked on

2018-05-15 18:16:46 - [TEST_STEP][PASSED] - click: Object: 'Object Repository/Store Request Schedule 1/Page_KDMC - CMO/a_Sign out' is clicked on

2018-05-15 18:16:47 - [MESSAGE][PASSED] - Object: 'Object Repository/Store Request Schedule 1/Page_KDMC - CMO/a_Sign out' is clicked on

2018-05-15 18:16:47 - [TEST_STEP][PASSED] - delay: Delayed 3 second(s)

2018-05-15 18:16:50 - [MESSAGE][PASSED] - Delayed 3 second(s)

2018-05-15 18:16:50 - [TEST_STEP][PASSED] - click: Object: 'Object Repository/store Request Schedule 1/Page_KDMC/a_CMS' is clicked on

2018-05-15 18:16:50 - [MESSAGE][PASSED] - Object: 'Object Repository/store Request Schedule 1/Page_KDMC/a_CMS' is clicked on

2018-05-15 18:16:50 - [TEST_STEP][PASSED] - setText: Text 'bala' is set on object 'Object Repository/store Request Schedule 1/Page_CMS login/input_txtusername'

2018-05-15 18:16:50 - [MESSAGE][PASSED] - Text 'bala' is set on object 'Object Repository/store Request Schedule 1/Page_CMS login/input_txtusername'

2018-05-15 18:16:50 - [TEST_STEP][PASSED] - setText: Text '123' is set on object 'Object Repository/store Request Schedule 1/Page_CMS login/input_txtpassword'

2018-05-15 18:16:51 - [MESSAGE][PASSED] - Text '123' is set on object 'Object Repository/store Request Schedule 1/Page_CMS login/input_txtpassword'

2018-05-15 18:16:51 - [TEST_STEP][PASSED] - delay: Delayed 3 second(s)

2018-05-15 18:16:54 - [MESSAGE][PASSED] - Delayed 3 second(s)

2018-05-15 18:16:54 - [TEST_STEP][PASSED] - click: Object: 'Object Repository/store Request Schedule 1/Page_CMS login/button_Sign in' is clicked on

2018-05-15 18:16:54 - [MESSAGE][PASSED] - Object: 'Object Repository/store Request Schedule 1/Page_CMS login/button_Sign in' is clicked on

2018-05-15 18:16:54 - [TEST_STEP][PASSED] - delay: Delayed 2 second(s)

2018-05-15 18:16:56 - [MESSAGE][PASSED] - Delayed 2 second(s)

2018-05-15 18:16:56 - [TEST_STEP][PASSED] - click: Object: 'Object Repository/store Request Schedule 1/Page_KDMC - CMS/a_Divisional Store' is clicked on

2018-05-15 18:16:56 - [MESSAGE][PASSED] - Object: 'Object Repository/store Request Schedule 1/Page_KDMC - CMS/a_Divisional Store' is clicked on

2018-05-15 18:16:56 - [TEST_STEP][PASSED] - delay: Delayed 2 second(s)

2018-05-15 18:16:58 - [MESSAGE][PASSED] - Delayed 2 second(s)

2018-05-15 18:16:58 - [TEST_STEP][PASSED] - click: Object: 'Object Repository/store Request Schedule 1/Page_KDMC - CMS/a_Dispatch Items' is clicked on

2018-05-15 18:16:59 - [MESSAGE][PASSED] - Object: 'Object Repository/store Request Schedule 1/Page_KDMC - CMS/a_Dispatch Items' is clicked on

2018-05-15 18:16:59 - [TEST_STEP][PASSED] - setText: Text 'PRNO/15052018/147' is set on object 'Object Repository/store Request Schedule 1/Page_KDMC - CMS/input'

2018-05-15 18:16:59 - [MESSAGE][PASSED] - Text 'PRNO/15052018/147' is set on object 'Object Repository/store Request Schedule 1/Page_KDMC - CMS/input'

2018-05-15 18:16:59 - [TEST_STEP][PASSED] - click: Object: 'Object Repository/store Request Schedule 1/Page_KDMC - CMS/td_text-center' is clicked on

2018-05-15 18:16:59 - [MESSAGE][PASSED] - Object: 'Object Repository/store Request Schedule 1/Page_KDMC - CMS/td_text-center' is clicked on

2018-05-15 18:16:59 - [TEST_STEP][PASSED] - delay: Delayed 2 second(s)

2018-05-15 18:17:01 - [MESSAGE][PASSED] - Delayed 2 second(s)

2018-05-15 18:17:01 - [TEST_STEP][PASSED] - Statement - For ([row = 0, row < SelectedOptions - 1, (row++)]): null

2018-05-15 18:17:01 - [TEST_STEP][PASSED] - Statement - batchlength = new com.kms.katalon.core.testobject.TestObject(): null

2018-05-15 18:17:01 - [TEST_STEP][PASSED] - Statement - batchlength = com.kms.katalon.core.webui.keyword.WebUiBuiltInKeywords.modifyObjectProperty(batchlength, "xpath", "equals", "//*[@id = "fldvendor" + row + ""]", true): Modify property of object successfully

2018-05-15 18:17:01 - [MESSAGE][PASSED] - Modify property of object successfully

2018-05-15 18:17:01 - [TEST_STEP][PASSED] - Statement - batchsize = com.kms.katalon.core.webui.keyword.WebUiBuiltInKeywords.getNumberOfTotalOption(batchlength): 11 options of object '' counted

2018-05-15 18:17:01 - [MESSAGE][PASSED] - 11 options of object '' counted

2018-05-15 18:17:01 - [TEST_STEP][PASSED] - Statement - out.println("BatchSize : " + batchsize): null

2018-05-15 18:17:01 - [TEST_STEP][PASSED] - Statement - For ([n = 1, n <= batchsize - 1, (n++)]): null

2018-05-15 18:17:01 - [TEST_STEP][PASSED] - Statement - product = new com.kms.katalon.core.testobject.TestObject(): null

2018-05-15 18:17:01 - [TEST_STEP][PASSED] - Statement - product = com.kms.katalon.core.webui.keyword.WebUiBuiltInKeywords.modifyObjectProperty(product, "xpath", "equals", "//*[@id = "fldvendor" + row + ""]", true): Modify property of object successfully

2018-05-15 18:17:01 - [MESSAGE][PASSED] - Modify property of object successfully

2018-05-15 18:17:01 - [TEST_STEP][PASSED] - selectOptionByIndex: All options with index in [1] are selected on object ''

2018-05-15 18:17:02 - [MESSAGE][PASSED] - All options with index in [1] are selected on object ''

2018-05-15 18:17:02 - [TEST_STEP][PASSED] - Statement - batch = new com.kms.katalon.core.testobject.TestObject(): null

2018-05-15 18:17:02 - [TEST_STEP][PASSED] - Statement - batch = com.kms.katalon.core.webui.keyword.WebUiBuiltInKeywords.modifyObjectProperty(batch, "xpath", "equals", "//*[@id = "txtbthqty" + row + ""]", true): Modify property of object successfully

2018-05-15 18:17:02 - [MESSAGE][PASSED] - Modify property of object successfully

2018-05-15 18:17:02 - [TEST_STEP][PASSED] - Statement - batchqty = com.kms.katalon.core.webui.keyword.WebUiBuiltInKeywords.getAttribute(batch, "value").trim(): Attribute 'value' of object '' is: '4000'

2018-05-15 18:17:02 - [MESSAGE][PASSED] - Attribute 'value' of object '' is: '4000'

2018-05-15 18:17:02 - [TEST_STEP][PASSED] - Statement - Rqty = 10000: null

2018-05-15 18:17:02 - [TEST_STEP][PASSED] - delay: Delayed 2 second(s)

2018-05-15 18:17:04 - [MESSAGE][PASSED] - Delayed 2 second(s)

2018-05-15 18:17:04 - [TEST_STEP][PASSED] - Statement - out.println("BatchQty : " + batchqty): null

2018-05-15 18:17:04 - [TEST_STEP][PASSED] - Statement - out.println("RQty : " + Rqty): null

2018-05-15 18:17:04 - [TEST_STEP][PASSED] - Statement - If (java.lang.Integer.valueOf(batchqty) >= java.lang.Integer.valueOf(Rqty)): null

2018-05-15 18:17:04 - [TEST_STEP][PASSED] - Statement - Else: null

2018-05-15 18:17:04 - [TEST_STEP][PASSED] - Statement - out.println("Batchqty Is Less Than Rqty"): null

2018-05-15 18:17:04 - [TEST_STEP][PASSED] - Statement - product = new com.kms.katalon.core.testobject.TestObject(): null

2018-05-15 18:17:04 - [TEST_STEP][PASSED] - Statement - product = com.kms.katalon.core.webui.keyword.WebUiBuiltInKeywords.modifyObjectProperty(product, "xpath", "equals", "//*[@id = "fldvendor" + row + ""]", true): Modify property of object successfully

2018-05-15 18:17:04 - [MESSAGE][PASSED] - Modify property of object successfully

2018-05-15 18:17:04 - [TEST_STEP][PASSED] - selectOptionByIndex: All options with index in [2] are selected on object ''

2018-05-15 18:17:04 - [MESSAGE][PASSED] - All options with index in [2] are selected on object ''

2018-05-15 18:17:04 - [TEST_STEP][PASSED] - Statement - batch = new com.kms.katalon.core.testobject.TestObject(): null

2018-05-15 18:17:04 - [TEST_STEP][PASSED] - Statement - batch = com.kms.katalon.core.webui.keyword.WebUiBuiltInKeywords.modifyObjectProperty(batch, "xpath", "equals", "//*[@id = "txtbthqty" + row + ""]", true): Modify property of object successfully

2018-05-15 18:17:04 - [MESSAGE][PASSED] - Modify property of object successfully

2018-05-15 18:17:04 - [TEST_STEP][PASSED] - Statement - batchqty = com.kms.katalon.core.webui.keyword.WebUiBuiltInKeywords.getAttribute(batch, "value").trim(): Attribute 'value' of object '' is: '40000'

2018-05-15 18:17:04 - [MESSAGE][PASSED] - Attribute 'value' of object '' is: '40000'

2018-05-15 18:17:04 - [TEST_STEP][PASSED] - Statement - Rqty = 10000: null

2018-05-15 18:17:04 - [TEST_STEP][PASSED] - delay: Delayed 2 second(s)

2018-05-15 18:17:06 - [MESSAGE][PASSED] - Delayed 2 second(s)

2018-05-15 18:17:06 - [TEST_STEP][PASSED] - Statement - out.println("BatchQty : " + batchqty): null

2018-05-15 18:17:06 - [TEST_STEP][PASSED] - Statement - out.println("RQty : " + Rqty): null

2018-05-15 18:17:06 - [TEST_STEP][PASSED] - Statement - If (java.lang.Integer.valueOf(batchqty) >= java.lang.Integer.valueOf(Rqty)): null

2018-05-15 18:17:06 - [TEST_STEP][PASSED] - Statement - Break: null

2018-05-15 18:17:06 - [TEST_STEP][PASSED] - Statement - batchlength = new com.kms.katalon.core.testobject.TestObject(): null

2018-05-15 18:17:06 - [TEST_STEP][PASSED] - Statement - batchlength = com.kms.katalon.core.webui.keyword.WebUiBuiltInKeywords.modifyObjectProperty(batchlength, "xpath", "equals", "//*[@id = "fldvendor" + row + ""]", true): Modify property of object successfully

2018-05-15 18:17:06 - [MESSAGE][PASSED] - Modify property of object successfully

2018-05-15 18:17:06 - [TEST_STEP][PASSED] - Statement - batchsize = com.kms.katalon.core.webui.keyword.WebUiBuiltInKeywords.getNumberOfTotalOption(batchlength): 12 options of object '' counted

2018-05-15 18:17:06 - [MESSAGE][PASSED] - 12 options of object '' counted

2018-05-15 18:17:06 - [TEST_STEP][PASSED] - Statement - out.println("BatchSize : " + batchsize): null

2018-05-15 18:17:06 - [TEST_STEP][PASSED] - Statement - For ([n = 1, n <= batchsize - 1, (n++)]): null

2018-05-15 18:17:06 - [TEST_STEP][PASSED] - Statement - product = new com.kms.katalon.core.testobject.TestObject(): null

2018-05-15 18:17:06 - [TEST_STEP][PASSED] - Statement - product = com.kms.katalon.core.webui.keyword.WebUiBuiltInKeywords.modifyObjectProperty(product, "xpath", "equals", "//*[@id = "fldvendor" + row + ""]", true): Modify property of object successfully

2018-05-15 18:17:06 - [MESSAGE][PASSED] - Modify property of object successfully

2018-05-15 18:17:06 - [TEST_STEP][PASSED] - selectOptionByIndex: All options with index in [1] are selected on object ''

2018-05-15 18:17:06 - [MESSAGE][PASSED] - All options with index in [1] are selected on object ''

2018-05-15 18:17:06 - [TEST_STEP][PASSED] - Statement - batch = new com.kms.katalon.core.testobject.TestObject(): null

2018-05-15 18:17:06 - [TEST_STEP][PASSED] - Statement - batch = com.kms.katalon.core.webui.keyword.WebUiBuiltInKeywords.modifyObjectProperty(batch, "xpath", "equals", "//*[@id = "txtbthqty" + row + ""]", true): Modify property of object successfully

2018-05-15 18:17:06 - [MESSAGE][PASSED] - Modify property of object successfully

2018-05-15 18:17:06 - [TEST_STEP][PASSED] - Statement - batchqty = com.kms.katalon.core.webui.keyword.WebUiBuiltInKeywords.getAttribute(batch, "value").trim(): Attribute 'value' of object '' is: '3800'

2018-05-15 18:17:06 - [MESSAGE][PASSED] - Attribute 'value' of object '' is: '3800'

2018-05-15 18:17:06 - [TEST_STEP][PASSED] - Statement - Rqty = 10000: null

2018-05-15 18:17:06 - [TEST_STEP][PASSED] - delay: Delayed 2 second(s)

2018-05-15 18:17:08 - [MESSAGE][PASSED] - Delayed 2 second(s)

2018-05-15 18:17:08 - [TEST_STEP][PASSED] - Statement - out.println("BatchQty : " + batchqty): null

2018-05-15 18:17:08 - [TEST_STEP][PASSED] - Statement - out.println("RQty : " + Rqty): null

2018-05-15 18:17:08 - [TEST_STEP][PASSED] - Statement - If (java.lang.Integer.valueOf(batchqty) >= java.lang.Integer.valueOf(Rqty)): null

2018-05-15 18:17:08 - [TEST_STEP][PASSED] - Statement - Else: null

2018-05-15 18:17:08 - [TEST_STEP][PASSED] - Statement - out.println("Batchqty Is Less Than Rqty"): null

2018-05-15 18:17:08 - [TEST_STEP][PASSED] - Statement - product = new com.kms.katalon.core.testobject.TestObject(): null

2018-05-15 18:17:08 - [TEST_STEP][PASSED] - Statement - product = com.kms.katalon.core.webui.keyword.WebUiBuiltInKeywords.modifyObjectProperty(product, "xpath", "equals", "//*[@id = "fldvendor" + row + ""]", true): Modify property of object successfully

2018-05-15 18:17:08 - [MESSAGE][PASSED] - Modify property of object successfully

2018-05-15 18:17:08 - [TEST_STEP][PASSED] - selectOptionByIndex: All options with index in [2] are selected on object ''

2018-05-15 18:17:08 - [MESSAGE][PASSED] - All options with index in [2] are selected on object ''

2018-05-15 18:17:08 - [TEST_STEP][PASSED] - Statement - batch = new com.kms.katalon.core.testobject.TestObject(): null

2018-05-15 18:17:08 - [TEST_STEP][PASSED] - Statement - batch = com.kms.katalon.core.webui.keyword.WebUiBuiltInKeywords.modifyObjectProperty(batch, "xpath", "equals", "//*[@id = "txtbthqty" + row + ""]", true): Modify property of object successfully

2018-05-15 18:17:08 - [MESSAGE][PASSED] - Modify property of object successfully

2018-05-15 18:17:08 - [TEST_STEP][PASSED] - Statement - batchqty = com.kms.katalon.core.webui.keyword.WebUiBuiltInKeywords.getAttribute(batch, "value").trim(): Attribute 'value' of object '' is: '40000'

2018-05-15 18:17:08 - [MESSAGE][PASSED] - Attribute 'value' of object '' is: '40000'

2018-05-15 18:17:08 - [TEST_STEP][PASSED] - Statement - Rqty = 10000: null

2018-05-15 18:17:08 - [TEST_STEP][PASSED] - delay: Delayed 2 second(s)

2018-05-15 18:17:10 - [MESSAGE][PASSED] - Delayed 2 second(s)

2018-05-15 18:17:10 - [TEST_STEP][PASSED] - Statement - out.println("BatchQty : " + batchqty): null

2018-05-15 18:17:10 - [TEST_STEP][PASSED] - Statement - out.println("RQty : " + Rqty): null

2018-05-15 18:17:10 - [TEST_STEP][PASSED] - Statement - If (java.lang.Integer.valueOf(batchqty) >= java.lang.Integer.valueOf(Rqty)): null

2018-05-15 18:17:10 - [TEST_STEP][PASSED] - Statement - Break: null

2018-05-15 18:17:10 - [TEST_STEP][PASSED] - Statement - batchlength = new com.kms.katalon.core.testobject.TestObject(): null

2018-05-15 18:17:10 - [TEST_STEP][PASSED] - Statement - batchlength = com.kms.katalon.core.webui.keyword.WebUiBuiltInKeywords.modifyObjectProperty(batchlength, "xpath", "equals", "//*[@id = "fldvendor" + row + ""]", true): Modify property of object successfully

2018-05-15 18:17:10 - [MESSAGE][PASSED] - Modify property of object successfully

2018-05-15 18:17:10 - [TEST_STEP][PASSED] - Statement - batchsize = com.kms.katalon.core.webui.keyword.WebUiBuiltInKeywords.getNumberOfTotalOption(batchlength): 10 options of object '' counted

2018-05-15 18:17:10 - [MESSAGE][PASSED] - 10 options of object '' counted

2018-05-15 18:17:10 - [TEST_STEP][PASSED] - Statement - out.println("BatchSize : " + batchsize): null

2018-05-15 18:17:10 - [TEST_STEP][PASSED] - Statement - For ([n = 1, n <= batchsize - 1, (n++)]): null

2018-05-15 18:17:10 - [TEST_STEP][PASSED] - Statement - product = new com.kms.katalon.core.testobject.TestObject(): null

2018-05-15 18:17:10 - [TEST_STEP][PASSED] - Statement - product = com.kms.katalon.core.webui.keyword.WebUiBuiltInKeywords.modifyObjectProperty(product, "xpath", "equals", "//*[@id = "fldvendor" + row + ""]", true): Modify property of object successfully

2018-05-15 18:17:10 - [MESSAGE][PASSED] - Modify property of object successfully

2018-05-15 18:17:10 - [TEST_STEP][PASSED] - selectOptionByIndex: All options with index in [1] are selected on object ''

2018-05-15 18:17:10 - [MESSAGE][PASSED] - All options with index in [1] are selected on object ''

2018-05-15 18:17:10 - [TEST_STEP][PASSED] - Statement - batch = new com.kms.katalon.core.testobject.TestObject(): null

2018-05-15 18:17:10 - [TEST_STEP][PASSED] - Statement - batch = com.kms.katalon.core.webui.keyword.WebUiBuiltInKeywords.modifyObjectProperty(batch, "xpath", "equals", "//*[@id = "txtbthqty" + row + ""]", true): Modify property of object successfully

2018-05-15 18:17:10 - [MESSAGE][PASSED] - Modify property of object successfully

2018-05-15 18:17:10 - [TEST_STEP][PASSED] - Statement - batchqty = com.kms.katalon.core.webui.keyword.WebUiBuiltInKeywords.getAttribute(batch, "value").trim(): Attribute 'value' of object '' is: '5000'

2018-05-15 18:17:11 - [MESSAGE][PASSED] - Attribute 'value' of object '' is: '5000'

2018-05-15 18:17:11 - [TEST_STEP][PASSED] - Statement - Rqty = 10000: null

2018-05-15 18:17:11 - [TEST_STEP][PASSED] - delay: Delayed 2 second(s)

2018-05-15 18:17:13 - [MESSAGE][PASSED] - Delayed 2 second(s)

2018-05-15 18:17:13 - [TEST_STEP][PASSED] - Statement - out.println("BatchQty : " + batchqty): null

2018-05-15 18:17:13 - [TEST_STEP][PASSED] - Statement - out.println("RQty : " + Rqty): null

2018-05-15 18:17:13 - [TEST_STEP][PASSED] - Statement - If (java.lang.Integer.valueOf(batchqty) >= java.lang.Integer.valueOf(Rqty)): null

2018-05-15 18:17:13 - [TEST_STEP][PASSED] - Statement - Else: null

2018-05-15 18:17:13 - [TEST_STEP][PASSED] - Statement - out.println("Batchqty Is Less Than Rqty"): null

2018-05-15 18:17:13 - [TEST_STEP][PASSED] - Statement - product = new com.kms.katalon.core.testobject.TestObject(): null

2018-05-15 18:17:13 - [TEST_STEP][PASSED] - Statement - product = com.kms.katalon.core.webui.keyword.WebUiBuiltInKeywords.modifyObjectProperty(product, "xpath", "equals", "//*[@id = "fldvendor" + row + ""]", true): Modify property of object successfully

2018-05-15 18:17:13 - [MESSAGE][PASSED] - Modify property of object successfully

2018-05-15 18:17:13 - [TEST_STEP][PASSED] - selectOptionByIndex: All options with index in [2] are selected on object ''

2018-05-15 18:17:13 - [MESSAGE][PASSED] - All options with index in [2] are selected on object ''

2018-05-15 18:17:13 - [TEST_STEP][PASSED] - Statement - batch = new com.kms.katalon.core.testobject.TestObject(): null

2018-05-15 18:17:13 - [TEST_STEP][PASSED] - Statement - batch = com.kms.katalon.core.webui.keyword.WebUiBuiltInKeywords.modifyObjectProperty(batch, "xpath", "equals", "//*[@id = "txtbthqty" + row + ""]", true): Modify property of object successfully

2018-05-15 18:17:13 - [MESSAGE][PASSED] - Modify property of object successfully

2018-05-15 18:17:13 - [TEST_STEP][PASSED] - Statement - batchqty = com.kms.katalon.core.webui.keyword.WebUiBuiltInKeywords.getAttribute(batch, "value").trim(): Attribute 'value' of object '' is: '3000'

2018-05-15 18:17:13 - [MESSAGE][PASSED] - Attribute 'value' of object '' is: '3000'

2018-05-15 18:17:13 - [TEST_STEP][PASSED] - Statement - Rqty = 10000: null

2018-05-15 18:17:13 - [TEST_STEP][PASSED] - delay: Delayed 2 second(s)

2018-05-15 18:17:15 - [MESSAGE][PASSED] - Delayed 2 second(s)

2018-05-15 18:17:15 - [TEST_STEP][PASSED] - Statement - out.println("BatchQty : " + batchqty): null

2018-05-15 18:17:15 - [TEST_STEP][PASSED] - Statement - out.println("RQty : " + Rqty): null

2018-05-15 18:17:15 - [TEST_STEP][PASSED] - Statement - If (java.lang.Integer.valueOf(batchqty) >= java.lang.Integer.valueOf(Rqty)): null

2018-05-15 18:17:15 - [TEST_STEP][PASSED] - Statement - Else: null

2018-05-15 18:17:15 - [TEST_STEP][PASSED] - Statement - out.println("Batchqty Is Less Than Rqty"): null

2018-05-15 18:17:15 - [TEST_STEP][PASSED] - Statement - product = new com.kms.katalon.core.testobject.TestObject(): null

2018-05-15 18:17:15 - [TEST_STEP][PASSED] - Statement - product = com.kms.katalon.core.webui.keyword.WebUiBuiltInKeywords.modifyObjectProperty(product, "xpath", "equals", "//*[@id = "fldvendor" + row + ""]", true): Modify property of object successfully

2018-05-15 18:17:15 - [MESSAGE][PASSED] - Modify property of object successfully

2018-05-15 18:17:15 - [TEST_STEP][PASSED] - selectOptionByIndex: All options with index in [3] are selected on object ''

2018-05-15 18:17:15 - [MESSAGE][PASSED] - All options with index in [3] are selected on object ''

2018-05-15 18:17:15 - [TEST_STEP][PASSED] - Statement - batch = new com.kms.katalon.core.testobject.TestObject(): null

2018-05-15 18:17:15 - [TEST_STEP][PASSED] - Statement - batch = com.kms.katalon.core.webui.keyword.WebUiBuiltInKeywords.modifyObjectProperty(batch, "xpath", "equals", "//*[@id = "txtbthqty" + row + ""]", true): Modify property of object successfully

2018-05-15 18:17:15 - [MESSAGE][PASSED] - Modify property of object successfully

2018-05-15 18:17:15 - [TEST_STEP][PASSED] - Statement - batchqty = com.kms.katalon.core.webui.keyword.WebUiBuiltInKeywords.getAttribute(batch, "value").trim(): Attribute 'value' of object '' is: '40000'

2018-05-15 18:17:15 - [MESSAGE][PASSED] - Attribute 'value' of object '' is: '40000'

2018-05-15 18:17:15 - [TEST_STEP][PASSED] - Statement - Rqty = 10000: null

2018-05-15 18:17:15 - [TEST_STEP][PASSED] - delay: Delayed 2 second(s)

2018-05-15 18:17:17 - [MESSAGE][PASSED] - Delayed 2 second(s)

2018-05-15 18:17:17 - [TEST_STEP][PASSED] - Statement - out.println("BatchQty : " + batchqty): null

2018-05-15 18:17:17 - [TEST_STEP][PASSED] - Statement - out.println("RQty : " + Rqty): null

2018-05-15 18:17:17 - [TEST_STEP][PASSED] - Statement - If (java.lang.Integer.valueOf(batchqty) >= java.lang.Integer.valueOf(Rqty)): null

2018-05-15 18:17:17 - [TEST_STEP][PASSED] - Statement - Break: null

2018-05-15 18:17:17 - [TEST_STEP][PASSED] - Statement - batchlength = new com.kms.katalon.core.testobject.TestObject(): null

2018-05-15 18:17:17 - [TEST_STEP][PASSED] - Statement - batchlength = com.kms.katalon.core.webui.keyword.WebUiBuiltInKeywords.modifyObjectProperty(batchlength, "xpath", "equals", "//*[@id = "fldvendor" + row + ""]", true): Modify property of object successfully

2018-05-15 18:17:17 - [MESSAGE][PASSED] - Modify property of object successfully

2018-05-15 18:17:17 - [TEST_STEP][PASSED] - Statement - batchsize = com.kms.katalon.core.webui.keyword.WebUiBuiltInKeywords.getNumberOfTotalOption(batchlength): 10 options of object '' counted

2018-05-15 18:17:17 - [MESSAGE][PASSED] - 10 options of object '' counted

2018-05-15 18:17:17 - [TEST_STEP][PASSED] - Statement - out.println("BatchSize : " + batchsize): null

2018-05-15 18:17:17 - [TEST_STEP][PASSED] - Statement - For ([n = 1, n <= batchsize - 1, (n++)]): null

2018-05-15 18:17:17 - [TEST_STEP][PASSED] - Statement - product = new com.kms.katalon.core.testobject.TestObject(): null

2018-05-15 18:17:17 - [TEST_STEP][PASSED] - Statement - product = com.kms.katalon.core.webui.keyword.WebUiBuiltInKeywords.modifyObjectProperty(product, "xpath", "equals", "//*[@id = "fldvendor" + row + ""]", true): Modify property of object successfully

2018-05-15 18:17:17 - [MESSAGE][PASSED] - Modify property of object successfully

2018-05-15 18:17:17 - [TEST_STEP][PASSED] - selectOptionByIndex: All options with index in [1] are selected on object ''

2018-05-15 18:17:17 - [MESSAGE][PASSED] - All options with index in [1] are selected on object ''

2018-05-15 18:17:17 - [TEST_STEP][PASSED] - Statement - batch = new com.kms.katalon.core.testobject.TestObject(): null

2018-05-15 18:17:17 - [TEST_STEP][PASSED] - Statement - batch = com.kms.katalon.core.webui.keyword.WebUiBuiltInKeywords.modifyObjectProperty(batch, "xpath", "equals", "//*[@id = "txtbthqty" + row + ""]", true): Modify property of object successfully

2018-05-15 18:17:17 - [MESSAGE][PASSED] - Modify property of object successfully

2018-05-15 18:17:17 - [TEST_STEP][PASSED] - Statement - batchqty = com.kms.katalon.core.webui.keyword.WebUiBuiltInKeywords.getAttribute(batch, "value").trim(): Attribute 'value' of object '' is: '5000'

2018-05-15 18:17:17 - [MESSAGE][PASSED] - Attribute 'value' of object '' is: '5000'

2018-05-15 18:17:17 - [TEST_STEP][PASSED] - Statement - Rqty = 10000: null

2018-05-15 18:17:17 - [TEST_STEP][PASSED] - delay: Delayed 2 second(s)

2018-05-15 18:17:19 - [MESSAGE][PASSED] - Delayed 2 second(s)

2018-05-15 18:17:19 - [TEST_STEP][PASSED] - Statement - out.println("BatchQty : " + batchqty): null

2018-05-15 18:17:19 - [TEST_STEP][PASSED] - Statement - out.println("RQty : " + Rqty): null

2018-05-15 18:17:19 - [TEST_STEP][PASSED] - Statement - If (java.lang.Integer.valueOf(batchqty) >= java.lang.Integer.valueOf(Rqty)): null

2018-05-15 18:17:19 - [TEST_STEP][PASSED] - Statement - Else: null

2018-05-15 18:17:19 - [TEST_STEP][PASSED] - Statement - out.println("Batchqty Is Less Than Rqty"): null

2018-05-15 18:17:19 - [TEST_STEP][PASSED] - Statement - product = new com.kms.katalon.core.testobject.TestObject(): null

2018-05-15 18:17:19 - [TEST_STEP][PASSED] - Statement - product = com.kms.katalon.core.webui.keyword.WebUiBuiltInKeywords.modifyObjectProperty(product, "xpath", "equals", "//*[@id = "fldvendor" + row + ""]", true): Modify property of object successfully

2018-05-15 18:17:19 - [MESSAGE][PASSED] - Modify property of object successfully

2018-05-15 18:17:19 - [TEST_STEP][PASSED] - selectOptionByIndex: All options with index in [2] are selected on object ''

2018-05-15 18:17:19 - [MESSAGE][PASSED] - All options with index in [2] are selected on object ''

2018-05-15 18:17:19 - [TEST_STEP][PASSED] - Statement - batch = new com.kms.katalon.core.testobject.TestObject(): null

2018-05-15 18:17:19 - [TEST_STEP][PASSED] - Statement - batch = com.kms.katalon.core.webui.keyword.WebUiBuiltInKeywords.modifyObjectProperty(batch, "xpath", "equals", "//*[@id = "txtbthqty" + row + ""]", true): Modify property of object successfully

2018-05-15 18:17:19 - [MESSAGE][PASSED] - Modify property of object successfully

2018-05-15 18:17:19 - [TEST_STEP][PASSED] - Statement - batchqty = com.kms.katalon.core.webui.keyword.WebUiBuiltInKeywords.getAttribute(batch, "value").trim(): Attribute 'value' of object '' is: '3850'

2018-05-15 18:17:19 - [MESSAGE][PASSED] - Attribute 'value' of object '' is: '3850'

2018-05-15 18:17:19 - [TEST_STEP][PASSED] - Statement - Rqty = 10000: null

2018-05-15 18:17:19 - [TEST_STEP][PASSED] - delay: Delayed 2 second(s)

2018-05-15 18:17:21 - [MESSAGE][PASSED] - Delayed 2 second(s)

2018-05-15 18:17:21 - [TEST_STEP][PASSED] - Statement - out.println("BatchQty : " + batchqty): null

2018-05-15 18:17:21 - [TEST_STEP][PASSED] - Statement - out.println("RQty : " + Rqty): null

2018-05-15 18:17:21 - [TEST_STEP][PASSED] - Statement - If (java.lang.Integer.valueOf(batchqty) >= java.lang.Integer.valueOf(Rqty)): null

2018-05-15 18:17:21 - [TEST_STEP][PASSED] - Statement - Else: null

2018-05-15 18:17:21 - [TEST_STEP][PASSED] - Statement - out.println("Batchqty Is Less Than Rqty"): null

2018-05-15 18:17:21 - [TEST_STEP][PASSED] - Statement - product = new com.kms.katalon.core.testobject.TestObject(): null

2018-05-15 18:17:21 - [TEST_STEP][PASSED] - Statement - product = com.kms.katalon.core.webui.keyword.WebUiBuiltInKeywords.modifyObjectProperty(product, "xpath", "equals", "//*[@id = "fldvendor" + row + ""]", true): Modify property of object successfully

2018-05-15 18:17:21 - [MESSAGE][PASSED] - Modify property of object successfully

2018-05-15 18:17:21 - [TEST_STEP][PASSED] - selectOptionByIndex: All options with index in [3] are selected on object ''

2018-05-15 18:17:22 - [MESSAGE][PASSED] - All options with index in [3] are selected on object ''

2018-05-15 18:17:22 - [TEST_STEP][PASSED] - Statement - batch = new com.kms.katalon.core.testobject.TestObject(): null

2018-05-15 18:17:22 - [TEST_STEP][PASSED] - Statement - batch = com.kms.katalon.core.webui.keyword.WebUiBuiltInKeywords.modifyObjectProperty(batch, "xpath", "equals", "//*[@id = "txtbthqty" + row + ""]", true): Modify property of object successfully

2018-05-15 18:17:22 - [MESSAGE][PASSED] - Modify property of object successfully

2018-05-15 18:17:22 - [TEST_STEP][PASSED] - Statement - batchqty = com.kms.katalon.core.webui.keyword.WebUiBuiltInKeywords.getAttribute(batch, "value").trim(): Attribute 'value' of object '' is: '5000'

2018-05-15 18:17:22 - [MESSAGE][PASSED] - Attribute 'value' of object '' is: '5000'

2018-05-15 18:17:22 - [TEST_STEP][PASSED] - Statement - Rqty = 10000: null

2018-05-15 18:17:22 - [TEST_STEP][PASSED] - delay: Delayed 2 second(s)

2018-05-15 18:17:24 - [MESSAGE][PASSED] - Delayed 2 second(s)

2018-05-15 18:17:24 - [TEST_STEP][PASSED] - Statement - out.println("BatchQty : " + batchqty): null

2018-05-15 18:17:24 - [TEST_STEP][PASSED] - Statement - out.println("RQty : " + Rqty): null

2018-05-15 18:17:24 - [TEST_STEP][PASSED] - Statement - If (java.lang.Integer.valueOf(batchqty) >= java.lang.Integer.valueOf(Rqty)): null

2018-05-15 18:17:24 - [TEST_STEP][PASSED] - Statement - Else: null

2018-05-15 18:17:24 - [TEST_STEP][PASSED] - Statement - out.println("Batchqty Is Less Than Rqty"): null

2018-05-15 18:17:24 - [TEST_STEP][PASSED] - Statement - product = new com.kms.katalon.core.testobject.TestObject(): null

2018-05-15 18:17:24 - [TEST_STEP][PASSED] - Statement - product = com.kms.katalon.core.webui.keyword.WebUiBuiltInKeywords.modifyObjectProperty(product, "xpath", "equals", "//*[@id = "fldvendor" + row + ""]", true): Modify property of object successfully

2018-05-15 18:17:24 - [MESSAGE][PASSED] - Modify property of object successfully

2018-05-15 18:17:24 - [TEST_STEP][PASSED] - selectOptionByIndex: All options with index in [4] are selected on object ''

2018-05-15 18:17:24 - [MESSAGE][PASSED] - All options with index in [4] are selected on object ''

2018-05-15 18:17:24 - [TEST_STEP][PASSED] - Statement - batch = new com.kms.katalon.core.testobject.TestObject(): null

2018-05-15 18:17:24 - [TEST_STEP][PASSED] - Statement - batch = com.kms.katalon.core.webui.keyword.WebUiBuiltInKeywords.modifyObjectProperty(batch, "xpath", "equals", "//*[@id = "txtbthqty" + row + ""]", true): Modify property of object successfully

2018-05-15 18:17:24 - [MESSAGE][PASSED] - Modify property of object successfully

2018-05-15 18:17:24 - [TEST_STEP][PASSED] - Statement - batchqty = com.kms.katalon.core.webui.keyword.WebUiBuiltInKeywords.getAttribute(batch, "value").trim(): Attribute 'value' of object '' is: '35000'

2018-05-15 18:17:24 - [MESSAGE][PASSED] - Attribute 'value' of object '' is: '35000'

2018-05-15 18:17:24 - [TEST_STEP][PASSED] - Statement - Rqty = 10000: null

2018-05-15 18:17:24 - [TEST_STEP][PASSED] - delay: Delayed 2 second(s)

2018-05-15 18:17:26 - [MESSAGE][PASSED] - Delayed 2 second(s)

2018-05-15 18:17:26 - [TEST_STEP][PASSED] - Statement - out.println("BatchQty : " + batchqty): null

2018-05-15 18:17:26 - [TEST_STEP][PASSED] - Statement - out.println("RQty : " + Rqty): null

2018-05-15 18:17:26 - [TEST_STEP][PASSED] - Statement - If (java.lang.Integer.valueOf(batchqty) >= java.lang.Integer.valueOf(Rqty)): null

2018-05-15 18:17:26 - [TEST_STEP][PASSED] - Statement - Break: null

2018-05-15 18:17:26 - [TEST_STEP][PASSED] - Statement - batchlength = new com.kms.katalon.core.testobject.TestObject(): null

2018-05-15 18:17:26 - [TEST_STEP][PASSED] - Statement - batchlength = com.kms.katalon.core.webui.keyword.WebUiBuiltInKeywords.modifyObjectProperty(batchlength, "xpath", "equals", "//*[@id = "fldvendor" + row + ""]", true): Modify property of object successfully

2018-05-15 18:17:26 - [MESSAGE][PASSED] - Modify property of object successfully

2018-05-15 18:17:26 - [TEST_STEP][PASSED] - Statement - batchsize = com.kms.katalon.core.webui.keyword.WebUiBuiltInKeywords.getNumberOfTotalOption(batchlength): 10 options of object '' counted

2018-05-15 18:17:26 - [MESSAGE][PASSED] - 10 options of object '' counted

2018-05-15 18:17:26 - [TEST_STEP][PASSED] - Statement - out.println("BatchSize : " + batchsize): null

2018-05-15 18:17:26 - [TEST_STEP][PASSED] - Statement - For ([n = 1, n <= batchsize - 1, (n++)]): null

2018-05-15 18:17:26 - [TEST_STEP][PASSED] - Statement - product = new com.kms.katalon.core.testobject.TestObject(): null

2018-05-15 18:17:26 - [TEST_STEP][PASSED] - Statement - product = com.kms.katalon.core.webui.keyword.WebUiBuiltInKeywords.modifyObjectProperty(product, "xpath", "equals", "//*[@id = "fldvendor" + row + ""]", true): Modify property of object successfully

2018-05-15 18:17:26 - [MESSAGE][PASSED] - Modify property of object successfully

2018-05-15 18:17:26 - [TEST_STEP][PASSED] - selectOptionByIndex: All options with index in [1] are selected on object ''

2018-05-15 18:17:26 - [MESSAGE][PASSED] - All options with index in [1] are selected on object ''

2018-05-15 18:17:26 - [TEST_STEP][PASSED] - Statement - batch = new com.kms.katalon.core.testobject.TestObject(): null

2018-05-15 18:17:26 - [TEST_STEP][PASSED] - Statement - batch = com.kms.katalon.core.webui.keyword.WebUiBuiltInKeywords.modifyObjectProperty(batch, "xpath", "equals", "//*[@id = "txtbthqty" + row + ""]", true): Modify property of object successfully

2018-05-15 18:17:26 - [MESSAGE][PASSED] - Modify property of object successfully

2018-05-15 18:17:26 - [TEST_STEP][PASSED] - Statement - batchqty = com.kms.katalon.core.webui.keyword.WebUiBuiltInKeywords.getAttribute(batch, "value").trim(): Attribute 'value' of object '' is: '5000'

2018-05-15 18:17:26 - [MESSAGE][PASSED] - Attribute 'value' of object '' is: '5000'

2018-05-15 18:17:26 - [TEST_STEP][PASSED] - Statement - Rqty = 10000: null

2018-05-15 18:17:26 - [TEST_STEP][PASSED] - delay: Delayed 2 second(s)

2018-05-15 18:17:28 - [MESSAGE][PASSED] - Delayed 2 second(s)

2018-05-15 18:17:28 - [TEST_STEP][PASSED] - Statement - out.println("BatchQty : " + batchqty): null

2018-05-15 18:17:28 - [TEST_STEP][PASSED] - Statement - out.println("RQty : " + Rqty): null

2018-05-15 18:17:28 - [TEST_STEP][PASSED] - Statement - If (java.lang.Integer.valueOf(batchqty) >= java.lang.Integer.valueOf(Rqty)): null

2018-05-15 18:17:28 - [TEST_STEP][PASSED] - Statement - Else: null

2018-05-15 18:17:28 - [TEST_STEP][PASSED] - Statement - out.println("Batchqty Is Less Than Rqty"): null

2018-05-15 18:17:28 - [TEST_STEP][PASSED] - Statement - product = new com.kms.katalon.core.testobject.TestObject(): null

2018-05-15 18:17:28 - [TEST_STEP][PASSED] - Statement - product = com.kms.katalon.core.webui.keyword.WebUiBuiltInKeywords.modifyObjectProperty(product, "xpath", "equals", "//*[@id = "fldvendor" + row + ""]", true): Modify property of object successfully

2018-05-15 18:17:28 - [MESSAGE][PASSED] - Modify property of object successfully

2018-05-15 18:17:28 - [TEST_STEP][PASSED] - selectOptionByIndex: All options with index in [2] are selected on object ''

2018-05-15 18:17:28 - [MESSAGE][PASSED] - All options with index in [2] are selected on object ''

2018-05-15 18:17:28 - [TEST_STEP][PASSED] - Statement - batch = new com.kms.katalon.core.testobject.TestObject(): null

2018-05-15 18:17:28 - [TEST_STEP][PASSED] - Statement - batch = com.kms.katalon.core.webui.keyword.WebUiBuiltInKeywords.modifyObjectProperty(batch, "xpath", "equals", "//*[@id = "txtbthqty" + row + ""]", true): Modify property of object successfully

2018-05-15 18:17:28 - [MESSAGE][PASSED] - Modify property of object successfully

2018-05-15 18:17:28 - [TEST_STEP][PASSED] - Statement - batchqty = com.kms.katalon.core.webui.keyword.WebUiBuiltInKeywords.getAttribute(batch, "value").trim(): Attribute 'value' of object '' is: '500'

2018-05-15 18:17:28 - [MESSAGE][PASSED] - Attribute 'value' of object '' is: '500'

2018-05-15 18:17:28 - [TEST_STEP][PASSED] - Statement - Rqty = 10000: null

2018-05-15 18:17:28 - [TEST_STEP][PASSED] - delay: Delayed 2 second(s)

2018-05-15 18:17:30 - [MESSAGE][PASSED] - Delayed 2 second(s)

2018-05-15 18:17:30 - [TEST_STEP][PASSED] - Statement - out.println("BatchQty : " + batchqty): null

2018-05-15 18:17:30 - [TEST_STEP][PASSED] - Statement - out.println("RQty : " + Rqty): null

2018-05-15 18:17:30 - [TEST_STEP][PASSED] - Statement - If (java.lang.Integer.valueOf(batchqty) >= java.lang.Integer.valueOf(Rqty)): null

2018-05-15 18:17:30 - [TEST_STEP][PASSED] - Statement - Else: null

2018-05-15 18:17:30 - [TEST_STEP][PASSED] - Statement - out.println("Batchqty Is Less Than Rqty"): null

2018-05-15 18:17:30 - [TEST_STEP][PASSED] - Statement - product = new com.kms.katalon.core.testobject.TestObject(): null

2018-05-15 18:17:30 - [TEST_STEP][PASSED] - Statement - product = com.kms.katalon.core.webui.keyword.WebUiBuiltInKeywords.modifyObjectProperty(product, "xpath", "equals", "//*[@id = "fldvendor" + row + ""]", true): Modify property of object successfully

2018-05-15 18:17:30 - [MESSAGE][PASSED] - Modify property of object successfully

2018-05-15 18:17:30 - [TEST_STEP][PASSED] - selectOptionByIndex: All options with index in [3] are selected on object ''

2018-05-15 18:17:30 - [MESSAGE][PASSED] - All options with index in [3] are selected on object ''

2018-05-15 18:17:30 - [TEST_STEP][PASSED] - Statement - batch = new com.kms.katalon.core.testobject.TestObject(): null

2018-05-15 18:17:30 - [TEST_STEP][PASSED] - Statement - batch = com.kms.katalon.core.webui.keyword.WebUiBuiltInKeywords.modifyObjectProperty(batch, "xpath", "equals", "//*[@id = "txtbthqty" + row + ""]", true): Modify property of object successfully

2018-05-15 18:17:30 - [MESSAGE][PASSED] - Modify property of object successfully

2018-05-15 18:17:30 - [TEST_STEP][PASSED] - Statement - batchqty = com.kms.katalon.core.webui.keyword.WebUiBuiltInKeywords.getAttribute(batch, "value").trim(): Attribute 'value' of object '' is: '4000'

2018-05-15 18:17:30 - [MESSAGE][PASSED] - Attribute 'value' of object '' is: '4000'

2018-05-15 18:17:30 - [TEST_STEP][PASSED] - Statement - Rqty = 10000: null

2018-05-15 18:17:30 - [TEST_STEP][PASSED] - delay: Delayed 2 second(s)

2018-05-15 18:17:32 - [MESSAGE][PASSED] - Delayed 2 second(s)

2018-05-15 18:17:32 - [TEST_STEP][PASSED] - Statement - out.println("BatchQty : " + batchqty): null

2018-05-15 18:17:32 - [TEST_STEP][PASSED] - Statement - out.println("RQty : " + Rqty): null

2018-05-15 18:17:32 - [TEST_STEP][PASSED] - Statement - If (java.lang.Integer.valueOf(batchqty) >= java.lang.Integer.valueOf(Rqty)): null

2018-05-15 18:17:32 - [TEST_STEP][PASSED] - Statement - Else: null

2018-05-15 18:17:32 - [TEST_STEP][PASSED] - Statement - out.println("Batchqty Is Less Than Rqty"): null

2018-05-15 18:17:32 - [TEST_STEP][PASSED] - Statement - product = new com.kms.katalon.core.testobject.TestObject(): null

2018-05-15 18:17:32 - [TEST_STEP][PASSED] - Statement - product = com.kms.katalon.core.webui.keyword.WebUiBuiltInKeywords.modifyObjectProperty(product, "xpath", "equals", "//*[@id = "fldvendor" + row + ""]", true): Modify property of object successfully

2018-05-15 18:17:32 - [MESSAGE][PASSED] - Modify property of object successfully

2018-05-15 18:17:32 - [TEST_STEP][PASSED] - selectOptionByIndex: All options with index in [4] are selected on object ''

2018-05-15 18:17:33 - [MESSAGE][PASSED] - All options with index in [4] are selected on object ''

2018-05-15 18:17:33 - [TEST_STEP][PASSED] - Statement - batch = new com.kms.katalon.core.testobject.TestObject(): null

2018-05-15 18:17:33 - [TEST_STEP][PASSED] - Statement - batch = com.kms.katalon.core.webui.keyword.WebUiBuiltInKeywords.modifyObjectProperty(batch, "xpath", "equals", "//*[@id = "txtbthqty" + row + ""]", true): Modify property of object successfully

2018-05-15 18:17:33 - [MESSAGE][PASSED] - Modify property of object successfully

2018-05-15 18:17:33 - [TEST_STEP][PASSED] - Statement - batchqty = com.kms.katalon.core.webui.keyword.WebUiBuiltInKeywords.getAttribute(batch, "value").trim(): Attribute 'value' of object '' is: '4000'

2018-05-15 18:17:33 - [MESSAGE][PASSED] - Attribute 'value' of object '' is: '4000'

2018-05-15 18:17:33 - [TEST_STEP][PASSED] - Statement - Rqty = 10000: null

2018-05-15 18:17:33 - [TEST_STEP][PASSED] - delay: Delayed 2 second(s)

2018-05-15 18:17:35 - [MESSAGE][PASSED] - Delayed 2 second(s)

2018-05-15 18:17:35 - [TEST_STEP][PASSED] - Statement - out.println("BatchQty : " + batchqty): null

2018-05-15 18:17:35 - [TEST_STEP][PASSED] - Statement - out.println("RQty : " + Rqty): null

2018-05-15 18:17:35 - [TEST_STEP][PASSED] - Statement - If (java.lang.Integer.valueOf(batchqty) >= java.lang.Integer.valueOf(Rqty)): null

2018-05-15 18:17:35 - [TEST_STEP][PASSED] - Statement - Else: null

2018-05-15 18:17:35 - [TEST_STEP][PASSED] - Statement - out.println("Batchqty Is Less Than Rqty"): null

2018-05-15 18:17:35 - [TEST_STEP][PASSED] - Statement - product = new com.kms.katalon.core.testobject.TestObject(): null

2018-05-15 18:17:35 - [TEST_STEP][PASSED] - Statement - product = com.kms.katalon.core.webui.keyword.WebUiBuiltInKeywords.modifyObjectProperty(product, "xpath", "equals", "//*[@id = "fldvendor" + row + ""]", true): Modify property of object successfully

2018-05-15 18:17:35 - [MESSAGE][PASSED] - Modify property of object successfully

2018-05-15 18:17:35 - [TEST_STEP][PASSED] - selectOptionByIndex: All options with index in [5] are selected on object ''

2018-05-15 18:17:35 - [MESSAGE][PASSED] - All options with index in [5] are selected on object ''

2018-05-15 18:17:35 - [TEST_STEP][PASSED] - Statement - batch = new com.kms.katalon.core.testobject.TestObject(): null

2018-05-15 18:17:35 - [TEST_STEP][PASSED] - Statement - batch = com.kms.katalon.core.webui.keyword.WebUiBuiltInKeywords.modifyObjectProperty(batch, "xpath", "equals", "//*[@id = "txtbthqty" + row + ""]", true): Modify property of object successfully

2018-05-15 18:17:35 - [MESSAGE][PASSED] - Modify property of object successfully

2018-05-15 18:17:35 - [TEST_STEP][PASSED] - Statement - batchqty = com.kms.katalon.core.webui.keyword.WebUiBuiltInKeywords.getAttribute(batch, "value").trim(): Attribute 'value' of object '' is: '35000'

2018-05-15 18:17:35 - [MESSAGE][PASSED] - Attribute 'value' of object '' is: '35000'

2018-05-15 18:17:35 - [TEST_STEP][PASSED] - Statement - Rqty = 10000: null

2018-05-15 18:17:35 - [TEST_STEP][PASSED] - delay: Delayed 2 second(s)

2018-05-15 18:17:37 - [MESSAGE][PASSED] - Delayed 2 second(s)

2018-05-15 18:17:37 - [TEST_STEP][PASSED] - Statement - out.println("BatchQty : " + batchqty): null

2018-05-15 18:17:37 - [TEST_STEP][PASSED] - Statement - out.println("RQty : " + Rqty): null

2018-05-15 18:17:37 - [TEST_STEP][PASSED] - Statement - If (java.lang.Integer.valueOf(batchqty) >= java.lang.Integer.valueOf(Rqty)): null

2018-05-15 18:17:37 - [TEST_STEP][PASSED] - Statement - Break: null

2018-05-15 18:17:37 - [TEST_STEP][PASSED] - Statement - batchlength = new com.kms.katalon.core.testobject.TestObject(): null

2018-05-15 18:17:37 - [TEST_STEP][PASSED] - Statement - batchlength = com.kms.katalon.core.webui.keyword.WebUiBuiltInKeywords.modifyObjectProperty(batchlength, "xpath", "equals", "//*[@id = "fldvendor" + row + ""]", true): Modify property of object successfully

2018-05-15 18:17:37 - [MESSAGE][PASSED] - Modify property of object successfully

2018-05-15 18:17:37 - [TEST_STEP][PASSED] - Statement - batchsize = com.kms.katalon.core.webui.keyword.WebUiBuiltInKeywords.getNumberOfTotalOption(batchlength): 10 options of object '' counted

2018-05-15 18:17:37 - [MESSAGE][PASSED] - 10 options of object '' counted

2018-05-15 18:17:37 - [TEST_STEP][PASSED] - Statement - out.println("BatchSize : " + batchsize): null

2018-05-15 18:17:37 - [TEST_STEP][PASSED] - Statement - For ([n = 1, n <= batchsize - 1, (n++)]): null

2018-05-15 18:17:37 - [TEST_STEP][PASSED] - Statement - product = new com.kms.katalon.core.testobject.TestObject(): null

2018-05-15 18:17:37 - [TEST_STEP][PASSED] - Statement - product = com.kms.katalon.core.webui.keyword.WebUiBuiltInKeywords.modifyObjectProperty(product, "xpath", "equals", "//*[@id = "fldvendor" + row + ""]", true): Modify property of object successfully

2018-05-15 18:17:37 - [MESSAGE][PASSED] - Modify property of object successfully

2018-05-15 18:17:37 - [TEST_STEP][PASSED] - selectOptionByIndex: All options with index in [1] are selected on object ''

2018-05-15 18:17:37 - [MESSAGE][PASSED] - All options with index in [1] are selected on object ''

2018-05-15 18:17:37 - [TEST_STEP][PASSED] - Statement - batch = new com.kms.katalon.core.testobject.TestObject(): null

2018-05-15 18:17:37 - [TEST_STEP][PASSED] - Statement - batch = com.kms.katalon.core.webui.keyword.WebUiBuiltInKeywords.modifyObjectProperty(batch, "xpath", "equals", "//*[@id = "txtbthqty" + row + ""]", true): Modify property of object successfully

2018-05-15 18:17:37 - [MESSAGE][PASSED] - Modify property of object successfully

2018-05-15 18:17:37 - [TEST_STEP][PASSED] - Statement - batchqty = com.kms.katalon.core.webui.keyword.WebUiBuiltInKeywords.getAttribute(batch, "value").trim(): Attribute 'value' of object '' is: '34000'

2018-05-15 18:17:37 - [MESSAGE][PASSED] - Attribute 'value' of object '' is: '34000'

2018-05-15 18:17:37 - [TEST_STEP][PASSED] - Statement - Rqty = 10000: null

2018-05-15 18:17:37 - [TEST_STEP][PASSED] - delay: Delayed 2 second(s)

2018-05-15 18:17:39 - [MESSAGE][PASSED] - Delayed 2 second(s)

2018-05-15 18:17:39 - [TEST_STEP][PASSED] - Statement - out.println("BatchQty : " + batchqty): null

2018-05-15 18:17:39 - [TEST_STEP][PASSED] - Statement - out.println("RQty : " + Rqty): null

2018-05-15 18:17:39 - [TEST_STEP][PASSED] - Statement - If (java.lang.Integer.valueOf(batchqty) >= java.lang.Integer.valueOf(Rqty)): null

2018-05-15 18:17:39 - [TEST_STEP][PASSED] - Statement - Break: null

2018-05-15 18:17:39 - [TEST_STEP][PASSED] - Statement - batchlength = new com.kms.katalon.core.testobject.TestObject(): null

2018-05-15 18:17:39 - [TEST_STEP][PASSED] - Statement - batchlength = com.kms.katalon.core.webui.keyword.WebUiBuiltInKeywords.modifyObjectProperty(batchlength, "xpath", "equals", "//*[@id = "fldvendor" + row + ""]", true): Modify property of object successfully

2018-05-15 18:17:39 - [MESSAGE][PASSED] - Modify property of object successfully

2018-05-15 18:17:39 - [TEST_STEP][PASSED] - Statement - batchsize = com.kms.katalon.core.webui.keyword.WebUiBuiltInKeywords.getNumberOfTotalOption(batchlength): 10 options of object '' counted

2018-05-15 18:17:39 - [MESSAGE][PASSED] - 10 options of object '' counted

2018-05-15 18:17:39 - [TEST_STEP][PASSED] - Statement - out.println("BatchSize : " + batchsize): null

2018-05-15 18:17:39 - [TEST_STEP][PASSED] - Statement - For ([n = 1, n <= batchsize - 1, (n++)]): null

2018-05-15 18:17:39 - [TEST_STEP][PASSED] - Statement - product = new com.kms.katalon.core.testobject.TestObject(): null

2018-05-15 18:17:39 - [TEST_STEP][PASSED] - Statement - product = com.kms.katalon.core.webui.keyword.WebUiBuiltInKeywords.modifyObjectProperty(product, "xpath", "equals", "//*[@id = "fldvendor" + row + ""]", true): Modify property of object successfully

2018-05-15 18:17:39 - [MESSAGE][PASSED] - Modify property of object successfully

2018-05-15 18:17:39 - [TEST_STEP][PASSED] - selectOptionByIndex: All options with index in [1] are selected on object ''

2018-05-15 18:17:39 - [MESSAGE][PASSED] - All options with index in [1] are selected on object ''

2018-05-15 18:17:39 - [TEST_STEP][PASSED] - Statement - batch = new com.kms.katalon.core.testobject.TestObject(): null

2018-05-15 18:17:39 - [TEST_STEP][PASSED] - Statement - batch = com.kms.katalon.core.webui.keyword.WebUiBuiltInKeywords.modifyObjectProperty(batch, "xpath", "equals", "//*[@id = "txtbthqty" + row + ""]", true): Modify property of object successfully

2018-05-15 18:17:39 - [MESSAGE][PASSED] - Modify property of object successfully

2018-05-15 18:17:39 - [TEST_STEP][PASSED] - Statement - batchqty = com.kms.katalon.core.webui.keyword.WebUiBuiltInKeywords.getAttribute(batch, "value").trim(): Attribute 'value' of object '' is: '500'

2018-05-15 18:17:39 - [MESSAGE][PASSED] - Attribute 'value' of object '' is: '500'

2018-05-15 18:17:39 - [TEST_STEP][PASSED] - Statement - Rqty = 10000: null

2018-05-15 18:17:39 - [TEST_STEP][PASSED] - delay: Delayed 2 second(s)

2018-05-15 18:17:41 - [MESSAGE][PASSED] - Delayed 2 second(s)

2018-05-15 18:17:41 - [TEST_STEP][PASSED] - Statement - out.println("BatchQty : " + batchqty): null

2018-05-15 18:17:41 - [TEST_STEP][PASSED] - Statement - out.println("RQty : " + Rqty): null

2018-05-15 18:17:41 - [TEST_STEP][PASSED] - Statement - If (java.lang.Integer.valueOf(batchqty) >= java.lang.Integer.valueOf(Rqty)): null

2018-05-15 18:17:41 - [TEST_STEP][PASSED] - Statement - Else: null

2018-05-15 18:17:41 - [TEST_STEP][PASSED] - Statement - out.println("Batchqty Is Less Than Rqty"): null

2018-05-15 18:17:41 - [TEST_STEP][PASSED] - Statement - product = new com.kms.katalon.core.testobject.TestObject(): null

2018-05-15 18:17:41 - [TEST_STEP][PASSED] - Statement - product = com.kms.katalon.core.webui.keyword.WebUiBuiltInKeywords.modifyObjectProperty(product, "xpath", "equals", "//*[@id = "fldvendor" + row + ""]", true): Modify property of object successfully

2018-05-15 18:17:41 - [MESSAGE][PASSED] - Modify property of object successfully

2018-05-15 18:17:41 - [TEST_STEP][PASSED] - selectOptionByIndex: All options with index in [2] are selected on object ''

2018-05-15 18:17:42 - [MESSAGE][PASSED] - All options with index in [2] are selected on object ''

2018-05-15 18:17:42 - [TEST_STEP][PASSED] - Statement - batch = new com.kms.katalon.core.testobject.TestObject(): null

2018-05-15 18:17:42 - [TEST_STEP][PASSED] - Statement - batch = com.kms.katalon.core.webui.keyword.WebUiBuiltInKeywords.modifyObjectProperty(batch, "xpath", "equals", "//*[@id = "txtbthqty" + row + ""]", true): Modify property of object successfully

2018-05-15 18:17:42 - [MESSAGE][PASSED] - Modify property of object successfully

2018-05-15 18:17:42 - [TEST_STEP][PASSED] - Statement - batchqty = com.kms.katalon.core.webui.keyword.WebUiBuiltInKeywords.getAttribute(batch, "value").trim(): Attribute 'value' of object '' is: '5000'

2018-05-15 18:17:42 - [MESSAGE][PASSED] - Attribute 'value' of object '' is: '5000'

2018-05-15 18:17:42 - [TEST_STEP][PASSED] - Statement - Rqty = 10000: null

2018-05-15 18:17:42 - [TEST_STEP][PASSED] - delay: Delayed 2 second(s)

2018-05-15 18:17:44 - [MESSAGE][PASSED] - Delayed 2 second(s)

2018-05-15 18:17:44 - [TEST_STEP][PASSED] - Statement - out.println("BatchQty : " + batchqty): null

2018-05-15 18:17:44 - [TEST_STEP][PASSED] - Statement - out.println("RQty : " + Rqty): null

2018-05-15 18:17:44 - [TEST_STEP][PASSED] - Statement - If (java.lang.Integer.valueOf(batchqty) >= java.lang.Integer.valueOf(Rqty)): null

2018-05-15 18:17:44 - [TEST_STEP][PASSED] - Statement - Else: null

2018-05-15 18:17:44 - [TEST_STEP][PASSED] - Statement - out.println("Batchqty Is Less Than Rqty"): null

2018-05-15 18:17:44 - [TEST_STEP][PASSED] - Statement - product = new com.kms.katalon.core.testobject.TestObject(): null

2018-05-15 18:17:44 - [TEST_STEP][PASSED] - Statement - product = com.kms.katalon.core.webui.keyword.WebUiBuiltInKeywords.modifyObjectProperty(product, "xpath", "equals", "//*[@id = "fldvendor" + row + ""]", true): Modify property of object successfully

2018-05-15 18:17:44 - [MESSAGE][PASSED] - Modify property of object successfully

2018-05-15 18:17:44 - [TEST_STEP][PASSED] - selectOptionByIndex: All options with index in [3] are selected on object ''

2018-05-15 18:17:44 - [MESSAGE][PASSED] - All options with index in [3] are selected on object ''

2018-05-15 18:17:44 - [TEST_STEP][PASSED] - Statement - batch = new com.kms.katalon.core.testobject.TestObject(): null

2018-05-15 18:17:44 - [TEST_STEP][PASSED] - Statement - batch = com.kms.katalon.core.webui.keyword.WebUiBuiltInKeywords.modifyObjectProperty(batch, "xpath", "equals", "//*[@id = "txtbthqty" + row + ""]", true): Modify property of object successfully

2018-05-15 18:17:44 - [MESSAGE][PASSED] - Modify property of object successfully

2018-05-15 18:17:44 - [TEST_STEP][PASSED] - Statement - batchqty = com.kms.katalon.core.webui.keyword.WebUiBuiltInKeywords.getAttribute(batch, "value").trim(): Attribute 'value' of object '' is: '3000'

2018-05-15 18:17:44 - [MESSAGE][PASSED] - Attribute 'value' of object '' is: '3000'

2018-05-15 18:17:44 - [TEST_STEP][PASSED] - Statement - Rqty = 10000: null

2018-05-15 18:17:44 - [TEST_STEP][PASSED] - delay: Delayed 2 second(s)

2018-05-15 18:17:46 - [MESSAGE][PASSED] - Delayed 2 second(s)

2018-05-15 18:17:46 - [TEST_STEP][PASSED] - Statement - out.println("BatchQty : " + batchqty): null

2018-05-15 18:17:46 - [TEST_STEP][PASSED] - Statement - out.println("RQty : " + Rqty): null

2018-05-15 18:17:46 - [TEST_STEP][PASSED] - Statement - If (java.lang.Integer.valueOf(batchqty) >= java.lang.Integer.valueOf(Rqty)): null

2018-05-15 18:17:46 - [TEST_STEP][PASSED] - Statement - Else: null

2018-05-15 18:17:46 - [TEST_STEP][PASSED] - Statement - out.println("Batchqty Is Less Than Rqty"): null

2018-05-15 18:17:46 - [TEST_STEP][PASSED] - Statement - product = new com.kms.katalon.core.testobject.TestObject(): null

2018-05-15 18:17:46 - [TEST_STEP][PASSED] - Statement - product = com.kms.katalon.core.webui.keyword.WebUiBuiltInKeywords.modifyObjectProperty(product, "xpath", "equals", "//*[@id = "fldvendor" + row + ""]", true): Modify property of object successfully

2018-05-15 18:17:46 - [MESSAGE][PASSED] - Modify property of object successfully

2018-05-15 18:17:46 - [TEST_STEP][PASSED] - selectOptionByIndex: All options with index in [4] are selected on object ''

2018-05-15 18:17:46 - [MESSAGE][PASSED] - All options with index in [4] are selected on object ''

2018-05-15 18:17:46 - [TEST_STEP][PASSED] - Statement - batch = new com.kms.katalon.core.testobject.TestObject(): null

2018-05-15 18:17:46 - [TEST_STEP][PASSED] - Statement - batch = com.kms.katalon.core.webui.keyword.WebUiBuiltInKeywords.modifyObjectProperty(batch, "xpath", "equals", "//*[@id = "txtbthqty" + row + ""]", true): Modify property of object successfully

2018-05-15 18:17:46 - [MESSAGE][PASSED] - Modify property of object successfully

2018-05-15 18:17:46 - [TEST_STEP][PASSED] - Statement - batchqty = com.kms.katalon.core.webui.keyword.WebUiBuiltInKeywords.getAttribute(batch, "value").trim(): Attribute 'value' of object '' is: '3000'

2018-05-15 18:17:46 - [MESSAGE][PASSED] - Attribute 'value' of object '' is: '3000'

2018-05-15 18:17:46 - [TEST_STEP][PASSED] - Statement - Rqty = 10000: null

2018-05-15 18:17:46 - [TEST_STEP][PASSED] - delay: Delayed 2 second(s)

2018-05-15 18:17:48 - [MESSAGE][PASSED] - Delayed 2 second(s)

2018-05-15 18:17:48 - [TEST_STEP][PASSED] - Statement - out.println("BatchQty : " + batchqty): null

2018-05-15 18:17:48 - [TEST_STEP][PASSED] - Statement - out.println("RQty : " + Rqty): null

2018-05-15 18:17:48 - [TEST_STEP][PASSED] - Statement - If (java.lang.Integer.valueOf(batchqty) >= java.lang.Integer.valueOf(Rqty)): null

2018-05-15 18:17:48 - [TEST_STEP][PASSED] - Statement - Else: null

2018-05-15 18:17:48 - [TEST_STEP][PASSED] - Statement - out.println("Batchqty Is Less Than Rqty"): null

2018-05-15 18:17:48 - [TEST_STEP][PASSED] - Statement - product = new com.kms.katalon.core.testobject.TestObject(): null

2018-05-15 18:17:48 - [TEST_STEP][PASSED] - Statement - product = com.kms.katalon.core.webui.keyword.WebUiBuiltInKeywords.modifyObjectProperty(product, "xpath", "equals", "//*[@id = "fldvendor" + row + ""]", true): Modify property of object successfully

2018-05-15 18:17:48 - [MESSAGE][PASSED] - Modify property of object successfully

2018-05-15 18:17:48 - [TEST_STEP][PASSED] - selectOptionByIndex: All options with index in [5] are selected on object ''

2018-05-15 18:17:48 - [MESSAGE][PASSED] - All options with index in [5] are selected on object ''

2018-05-15 18:17:48 - [TEST_STEP][PASSED] - Statement - batch = new com.kms.katalon.core.testobject.TestObject(): null

2018-05-15 18:17:48 - [TEST_STEP][PASSED] - Statement - batch = com.kms.katalon.core.webui.keyword.WebUiBuiltInKeywords.modifyObjectProperty(batch, "xpath", "equals", "//*[@id = "txtbthqty" + row + ""]", true): Modify property of object successfully

2018-05-15 18:17:48 - [MESSAGE][PASSED] - Modify property of object successfully

2018-05-15 18:17:48 - [TEST_STEP][PASSED] - Statement - batchqty = com.kms.katalon.core.webui.keyword.WebUiBuiltInKeywords.getAttribute(batch, "value").trim(): Attribute 'value' of object '' is: '5000'

2018-05-15 18:17:48 - [MESSAGE][PASSED] - Attribute 'value' of object '' is: '5000'

2018-05-15 18:17:48 - [TEST_STEP][PASSED] - Statement - Rqty = 10000: null

2018-05-15 18:17:48 - [TEST_STEP][PASSED] - delay: Delayed 2 second(s)

2018-05-15 18:17:50 - [MESSAGE][PASSED] - Delayed 2 second(s)

2018-05-15 18:17:50 - [TEST_STEP][PASSED] - Statement - out.println("BatchQty : " + batchqty): null

2018-05-15 18:17:50 - [TEST_STEP][PASSED] - Statement - out.println("RQty : " + Rqty): null

2018-05-15 18:17:50 - [TEST_STEP][PASSED] - Statement - If (java.lang.Integer.valueOf(batchqty) >= java.lang.Integer.valueOf(Rqty)): null

2018-05-15 18:17:50 - [TEST_STEP][PASSED] - Statement - Else: null

2018-05-15 18:17:50 - [TEST_STEP][PASSED] - Statement - out.println("Batchqty Is Less Than Rqty"): null

2018-05-15 18:17:50 - [TEST_STEP][PASSED] - Statement - product = new com.kms.katalon.core.testobject.TestObject(): null

2018-05-15 18:17:50 - [TEST_STEP][PASSED] - Statement - product = com.kms.katalon.core.webui.keyword.WebUiBuiltInKeywords.modifyObjectProperty(product, "xpath", "equals", "//*[@id = "fldvendor" + row + ""]", true): Modify property of object successfully

2018-05-15 18:17:50 - [MESSAGE][PASSED] - Modify property of object successfully

2018-05-15 18:17:50 - [TEST_STEP][PASSED] - selectOptionByIndex: All options with index in [6] are selected on object ''

2018-05-15 18:17:50 - [MESSAGE][PASSED] - All options with index in [6] are selected on object ''

2018-05-15 18:17:50 - [TEST_STEP][PASSED] - Statement - batch = new com.kms.katalon.core.testobject.TestObject(): null

2018-05-15 18:17:50 - [TEST_STEP][PASSED] - Statement - batch = com.kms.katalon.core.webui.keyword.WebUiBuiltInKeywords.modifyObjectProperty(batch, "xpath", "equals", "//*[@id = "txtbthqty" + row + ""]", true): Modify property of object successfully

2018-05-15 18:17:50 - [MESSAGE][PASSED] - Modify property of object successfully

2018-05-15 18:17:50 - [TEST_STEP][PASSED] - Statement - batchqty = com.kms.katalon.core.webui.keyword.WebUiBuiltInKeywords.getAttribute(batch, "value").trim(): Attribute 'value' of object '' is: '5000'

2018-05-15 18:17:50 - [MESSAGE][PASSED] - Attribute 'value' of object '' is: '5000'

2018-05-15 18:17:50 - [TEST_STEP][PASSED] - Statement - Rqty = 10000: null

2018-05-15 18:17:50 - [TEST_STEP][PASSED] - delay: Delayed 2 second(s)

2018-05-15 18:17:52 - [MESSAGE][PASSED] - Delayed 2 second(s)

2018-05-15 18:17:52 - [TEST_STEP][PASSED] - Statement - out.println("BatchQty : " + batchqty): null

2018-05-15 18:17:52 - [TEST_STEP][PASSED] - Statement - out.println("RQty : " + Rqty): null

2018-05-15 18:17:52 - [TEST_STEP][PASSED] - Statement - If (java.lang.Integer.valueOf(batchqty) >= java.lang.Integer.valueOf(Rqty)): null

2018-05-15 18:17:52 - [TEST_STEP][PASSED] - Statement - Else: null

2018-05-15 18:17:52 - [TEST_STEP][PASSED] - Statement - out.println("Batchqty Is Less Than Rqty"): null

2018-05-15 18:17:52 - [TEST_STEP][PASSED] - Statement - product = new com.kms.katalon.core.testobject.TestObject(): null

2018-05-15 18:17:52 - [TEST_STEP][PASSED] - Statement - product = com.kms.katalon.core.webui.keyword.WebUiBuiltInKeywords.modifyObjectProperty(product, "xpath", "equals", "//*[@id = "fldvendor" + row + ""]", true): Modify property of object successfully

2018-05-15 18:17:52 - [MESSAGE][PASSED] - Modify property of object successfully

2018-05-15 18:17:52 - [TEST_STEP][PASSED] - selectOptionByIndex: All options with index in [7] are selected on object ''

2018-05-15 18:17:53 - [MESSAGE][PASSED] - All options with index in [7] are selected on object ''

2018-05-15 18:17:53 - [TEST_STEP][PASSED] - Statement - batch = new com.kms.katalon.core.testobject.TestObject(): null

2018-05-15 18:17:53 - [TEST_STEP][PASSED] - Statement - batch = com.kms.katalon.core.webui.keyword.WebUiBuiltInKeywords.modifyObjectProperty(batch, "xpath", "equals", "//*[@id = "txtbthqty" + row + ""]", true): Modify property of object successfully

2018-05-15 18:17:53 - [MESSAGE][PASSED] - Modify property of object successfully

2018-05-15 18:17:53 - [TEST_STEP][PASSED] - Statement - batchqty = com.kms.katalon.core.webui.keyword.WebUiBuiltInKeywords.getAttribute(batch, "value").trim(): Attribute 'value' of object '' is: '50000'

2018-05-15 18:17:53 - [MESSAGE][PASSED] - Attribute 'value' of object '' is: '50000'

2018-05-15 18:17:53 - [TEST_STEP][PASSED] - Statement - Rqty = 10000: null

2018-05-15 18:17:53 - [TEST_STEP][PASSED] - delay: Delayed 2 second(s)

2018-05-15 18:17:55 - [MESSAGE][PASSED] - Delayed 2 second(s)

2018-05-15 18:17:55 - [TEST_STEP][PASSED] - Statement - out.println("BatchQty : " + batchqty): null

2018-05-15 18:17:55 - [TEST_STEP][PASSED] - Statement - out.println("RQty : " + Rqty): null

2018-05-15 18:17:55 - [TEST_STEP][PASSED] - Statement - If (java.lang.Integer.valueOf(batchqty) >= java.lang.Integer.valueOf(Rqty)): null

2018-05-15 18:17:55 - [TEST_STEP][PASSED] - Statement - Break: null

2018-05-15 18:17:55 - [TEST_STEP][PASSED] - Statement - batchlength = new com.kms.katalon.core.testobject.TestObject(): null

2018-05-15 18:17:55 - [TEST_STEP][PASSED] - Statement - batchlength = com.kms.katalon.core.webui.keyword.WebUiBuiltInKeywords.modifyObjectProperty(batchlength, "xpath", "equals", "//*[@id = "fldvendor" + row + ""]", true): Modify property of object successfully

2018-05-15 18:17:55 - [MESSAGE][PASSED] - Modify property of object successfully

2018-05-15 18:17:55 - [TEST_STEP][PASSED] - Statement - batchsize = com.kms.katalon.core.webui.keyword.WebUiBuiltInKeywords.getNumberOfTotalOption(batchlength): 10 options of object '' counted

2018-05-15 18:17:55 - [MESSAGE][PASSED] - 10 options of object '' counted

2018-05-15 18:17:55 - [TEST_STEP][PASSED] - Statement - out.println("BatchSize : " + batchsize): null

2018-05-15 18:17:55 - [TEST_STEP][PASSED] - Statement - For ([n = 1, n <= batchsize - 1, (n++)]): null

2018-05-15 18:17:55 - [TEST_STEP][PASSED] - Statement - product = new com.kms.katalon.core.testobject.TestObject(): null

2018-05-15 18:17:55 - [TEST_STEP][PASSED] - Statement - product = com.kms.katalon.core.webui.keyword.WebUiBuiltInKeywords.modifyObjectProperty(product, "xpath", "equals", "//*[@id = "fldvendor" + row + ""]", true): Modify property of object successfully

2018-05-15 18:17:55 - [MESSAGE][PASSED] - Modify property of object successfully

2018-05-15 18:17:55 - [TEST_STEP][PASSED] - selectOptionByIndex: All options with index in [1] are selected on object ''

2018-05-15 18:17:55 - [MESSAGE][PASSED] - All options with index in [1] are selected on object ''

2018-05-15 18:17:55 - [TEST_STEP][PASSED] - Statement - batch = new com.kms.katalon.core.testobject.TestObject(): null

2018-05-15 18:17:55 - [TEST_STEP][PASSED] - Statement - batch = com.kms.katalon.core.webui.keyword.WebUiBuiltInKeywords.modifyObjectProperty(batch, "xpath", "equals", "//*[@id = "txtbthqty" + row + ""]", true): Modify property of object successfully

2018-05-15 18:17:55 - [MESSAGE][PASSED] - Modify property of object successfully

2018-05-15 18:17:55 - [TEST_STEP][PASSED] - Statement - batchqty = com.kms.katalon.core.webui.keyword.WebUiBuiltInKeywords.getAttribute(batch, "value").trim(): Attribute 'value' of object '' is: '500'

2018-05-15 18:17:55 - [MESSAGE][PASSED] - Attribute 'value' of object '' is: '500'

2018-05-15 18:17:55 - [TEST_STEP][PASSED] - Statement - Rqty = 10000: null

2018-05-15 18:17:55 - [TEST_STEP][PASSED] - delay: Delayed 2 second(s)

2018-05-15 18:17:57 - [MESSAGE][PASSED] - Delayed 2 second(s)

2018-05-15 18:17:57 - [TEST_STEP][PASSED] - Statement - out.println("BatchQty : " + batchqty): null

2018-05-15 18:17:57 - [TEST_STEP][PASSED] - Statement - out.println("RQty : " + Rqty): null

2018-05-15 18:17:57 - [TEST_STEP][PASSED] - Statement - If (java.lang.Integer.valueOf(batchqty) >= java.lang.Integer.valueOf(Rqty)): null

2018-05-15 18:17:57 - [TEST_STEP][PASSED] - Statement - Else: null

2018-05-15 18:17:57 - [TEST_STEP][PASSED] - Statement - out.println("Batchqty Is Less Than Rqty"): null

2018-05-15 18:17:57 - [TEST_STEP][PASSED] - Statement - product = new com.kms.katalon.core.testobject.TestObject(): null

2018-05-15 18:17:57 - [TEST_STEP][PASSED] - Statement - product = com.kms.katalon.core.webui.keyword.WebUiBuiltInKeywords.modifyObjectProperty(product, "xpath", "equals", "//*[@id = "fldvendor" + row + ""]", true): Modify property of object successfully

2018-05-15 18:17:57 - [MESSAGE][PASSED] - Modify property of object successfully

2018-05-15 18:17:57 - [TEST_STEP][PASSED] - selectOptionByIndex: All options with index in [2] are selected on object ''

2018-05-15 18:17:57 - [MESSAGE][PASSED] - All options with index in [2] are selected on object ''

2018-05-15 18:17:57 - [TEST_STEP][PASSED] - Statement - batch = new com.kms.katalon.core.testobject.TestObject(): null

2018-05-15 18:17:57 - [TEST_STEP][PASSED] - Statement - batch = com.kms.katalon.core.webui.keyword.WebUiBuiltInKeywords.modifyObjectProperty(batch, "xpath", "equals", "//*[@id = "txtbthqty" + row + ""]", true): Modify property of object successfully

2018-05-15 18:17:57 - [MESSAGE][PASSED] - Modify property of object successfully

2018-05-15 18:17:57 - [TEST_STEP][PASSED] - Statement - batchqty = com.kms.katalon.core.webui.keyword.WebUiBuiltInKeywords.getAttribute(batch, "value").trim(): Attribute 'value' of object '' is: '5000'

2018-05-15 18:17:57 - [MESSAGE][PASSED] - Attribute 'value' of object '' is: '5000'

2018-05-15 18:17:57 - [TEST_STEP][PASSED] - Statement - Rqty = 10000: null

2018-05-15 18:17:57 - [TEST_STEP][PASSED] - delay: Delayed 2 second(s)

2018-05-15 18:17:59 - [MESSAGE][PASSED] - Delayed 2 second(s)

2018-05-15 18:17:59 - [TEST_STEP][PASSED] - Statement - out.println("BatchQty : " + batchqty): null

2018-05-15 18:17:59 - [TEST_STEP][PASSED] - Statement - out.println("RQty : " + Rqty): null

2018-05-15 18:17:59 - [TEST_STEP][PASSED] - Statement - If (java.lang.Integer.valueOf(batchqty) >= java.lang.Integer.valueOf(Rqty)): null

2018-05-15 18:17:59 - [TEST_STEP][PASSED] - Statement - Else: null

2018-05-15 18:17:59 - [TEST_STEP][PASSED] - Statement - out.println("Batchqty Is Less Than Rqty"): null

2018-05-15 18:17:59 - [TEST_STEP][PASSED] - Statement - product = new com.kms.katalon.core.testobject.TestObject(): null

2018-05-15 18:17:59 - [TEST_STEP][PASSED] - Statement - product = com.kms.katalon.core.webui.keyword.WebUiBuiltInKeywords.modifyObjectProperty(product, "xpath", "equals", "//*[@id = "fldvendor" + row + ""]", true): Modify property of object successfully

2018-05-15 18:17:59 - [MESSAGE][PASSED] - Modify property of object successfully

2018-05-15 18:17:59 - [TEST_STEP][PASSED] - selectOptionByIndex: All options with index in [3] are selected on object ''

2018-05-15 18:17:59 - [MESSAGE][PASSED] - All options with index in [3] are selected on object ''

2018-05-15 18:17:59 - [TEST_STEP][PASSED] - Statement - batch = new com.kms.katalon.core.testobject.TestObject(): null

2018-05-15 18:17:59 - [TEST_STEP][PASSED] - Statement - batch = com.kms.katalon.core.webui.keyword.WebUiBuiltInKeywords.modifyObjectProperty(batch, "xpath", "equals", "//*[@id = "txtbthqty" + row + ""]", true): Modify property of object successfully

2018-05-15 18:17:59 - [MESSAGE][PASSED] - Modify property of object successfully

2018-05-15 18:17:59 - [TEST_STEP][PASSED] - Statement - batchqty = com.kms.katalon.core.webui.keyword.WebUiBuiltInKeywords.getAttribute(batch, "value").trim(): Attribute 'value' of object '' is: '5000'

2018-05-15 18:17:59 - [MESSAGE][PASSED] - Attribute 'value' of object '' is: '5000'

2018-05-15 18:17:59 - [TEST_STEP][PASSED] - Statement - Rqty = 10000: null

2018-05-15 18:17:59 - [TEST_STEP][PASSED] - delay: Delayed 2 second(s)

2018-05-15 18:18:01 - [MESSAGE][PASSED] - Delayed 2 second(s)

2018-05-15 18:18:01 - [TEST_STEP][PASSED] - Statement - out.println("BatchQty : " + batchqty): null

2018-05-15 18:18:01 - [TEST_STEP][PASSED] - Statement - out.println("RQty : " + Rqty): null

2018-05-15 18:18:01 - [TEST_STEP][PASSED] - Statement - If (java.lang.Integer.valueOf(batchqty) >= java.lang.Integer.valueOf(Rqty)): null

2018-05-15 18:18:01 - [TEST_STEP][PASSED] - Statement - Else: null

2018-05-15 18:18:01 - [TEST_STEP][PASSED] - Statement - out.println("Batchqty Is Less Than Rqty"): null

2018-05-15 18:18:01 - [TEST_STEP][PASSED] - Statement - product = new com.kms.katalon.core.testobject.TestObject(): null

2018-05-15 18:18:01 - [TEST_STEP][PASSED] - Statement - product = com.kms.katalon.core.webui.keyword.WebUiBuiltInKeywords.modifyObjectProperty(product, "xpath", "equals", "//*[@id = "fldvendor" + row + ""]", true): Modify property of object successfully

2018-05-15 18:18:01 - [MESSAGE][PASSED] - Modify property of object successfully

2018-05-15 18:18:01 - [TEST_STEP][PASSED] - selectOptionByIndex: All options with index in [4] are selected on object ''

2018-05-15 18:18:02 - [MESSAGE][PASSED] - All options with index in [4] are selected on object ''

2018-05-15 18:18:02 - [TEST_STEP][PASSED] - Statement - batch = new com.kms.katalon.core.testobject.TestObject(): null

2018-05-15 18:18:02 - [TEST_STEP][PASSED] - Statement - batch = com.kms.katalon.core.webui.keyword.WebUiBuiltInKeywords.modifyObjectProperty(batch, "xpath", "equals", "//*[@id = "txtbthqty" + row + ""]", true): Modify property of object successfully

2018-05-15 18:18:02 - [MESSAGE][PASSED] - Modify property of object successfully

2018-05-15 18:18:02 - [TEST_STEP][PASSED] - Statement - batchqty = com.kms.katalon.core.webui.keyword.WebUiBuiltInKeywords.getAttribute(batch, "value").trim(): Attribute 'value' of object '' is: '4000'

2018-05-15 18:18:02 - [MESSAGE][PASSED] - Attribute 'value' of object '' is: '4000'

2018-05-15 18:18:02 - [TEST_STEP][PASSED] - Statement - Rqty = 10000: null

2018-05-15 18:18:02 - [TEST_STEP][PASSED] - delay: Delayed 2 second(s)

2018-05-15 18:18:04 - [MESSAGE][PASSED] - Delayed 2 second(s)

2018-05-15 18:18:04 - [TEST_STEP][PASSED] - Statement - out.println("BatchQty : " + batchqty): null

2018-05-15 18:18:04 - [TEST_STEP][PASSED] - Statement - out.println("RQty : " + Rqty): null

2018-05-15 18:18:04 - [TEST_STEP][PASSED] - Statement - If (java.lang.Integer.valueOf(batchqty) >= java.lang.Integer.valueOf(Rqty)): null

2018-05-15 18:18:04 - [TEST_STEP][PASSED] - Statement - Else: null

2018-05-15 18:18:04 - [TEST_STEP][PASSED] - Statement - out.println("Batchqty Is Less Than Rqty"): null

2018-05-15 18:18:04 - [TEST_STEP][PASSED] - Statement - product = new com.kms.katalon.core.testobject.TestObject(): null

2018-05-15 18:18:04 - [TEST_STEP][PASSED] - Statement - product = com.kms.katalon.core.webui.keyword.WebUiBuiltInKeywords.modifyObjectProperty(product, "xpath", "equals", "//*[@id = "fldvendor" + row + ""]", true): Modify property of object successfully

2018-05-15 18:18:04 - [MESSAGE][PASSED] - Modify property of object successfully

2018-05-15 18:18:04 - [TEST_STEP][PASSED] - selectOptionByIndex: All options with index in [5] are selected on object ''

2018-05-15 18:18:04 - [MESSAGE][PASSED] - All options with index in [5] are selected on object ''

2018-05-15 18:18:04 - [TEST_STEP][PASSED] - Statement - batch = new com.kms.katalon.core.testobject.TestObject(): null

2018-05-15 18:18:04 - [TEST_STEP][PASSED] - Statement - batch = com.kms.katalon.core.webui.keyword.WebUiBuiltInKeywords.modifyObjectProperty(batch, "xpath", "equals", "//*[@id = "txtbthqty" + row + ""]", true): Modify property of object successfully

2018-05-15 18:18:04 - [MESSAGE][PASSED] - Modify property of object successfully

2018-05-15 18:18:04 - [TEST_STEP][PASSED] - Statement - batchqty = com.kms.katalon.core.webui.keyword.WebUiBuiltInKeywords.getAttribute(batch, "value").trim(): Attribute 'value' of object '' is: '40000'

2018-05-15 18:18:04 - [MESSAGE][PASSED] - Attribute 'value' of object '' is: '40000'

2018-05-15 18:18:04 - [TEST_STEP][PASSED] - Statement - Rqty = 10000: null

2018-05-15 18:18:04 - [TEST_STEP][PASSED] - delay: Delayed 2 second(s)

2018-05-15 18:18:06 - [MESSAGE][PASSED] - Delayed 2 second(s)

2018-05-15 18:18:06 - [TEST_STEP][PASSED] - Statement - out.println("BatchQty : " + batchqty): null

2018-05-15 18:18:06 - [TEST_STEP][PASSED] - Statement - out.println("RQty : " + Rqty): null

2018-05-15 18:18:06 - [TEST_STEP][PASSED] - Statement - If (java.lang.Integer.valueOf(batchqty) >= java.lang.Integer.valueOf(Rqty)): null

2018-05-15 18:18:06 - [TEST_STEP][PASSED] - Statement - Break: null

2018-05-15 18:18:06 - [TEST_STEP][PASSED] - Statement - batchlength = new com.kms.katalon.core.testobject.TestObject(): null

2018-05-15 18:18:06 - [TEST_STEP][PASSED] - Statement - batchlength = com.kms.katalon.core.webui.keyword.WebUiBuiltInKeywords.modifyObjectProperty(batchlength, "xpath", "equals", "//*[@id = "fldvendor" + row + ""]", true): Modify property of object successfully

2018-05-15 18:18:06 - [MESSAGE][PASSED] - Modify property of object successfully

2018-05-15 18:18:06 - [TEST_STEP][PASSED] - Statement - batchsize = com.kms.katalon.core.webui.keyword.WebUiBuiltInKeywords.getNumberOfTotalOption(batchlength): 10 options of object '' counted

2018-05-15 18:18:06 - [MESSAGE][PASSED] - 10 options of object '' counted

2018-05-15 18:18:06 - [TEST_STEP][PASSED] - Statement - out.println("BatchSize : " + batchsize): null

2018-05-15 18:18:06 - [TEST_STEP][PASSED] - Statement - For ([n = 1, n <= batchsize - 1, (n++)]): null

2018-05-15 18:18:06 - [TEST_STEP][PASSED] - Statement - product = new com.kms.katalon.core.testobject.TestObject(): null

2018-05-15 18:18:06 - [TEST_STEP][PASSED] - Statement - product = com.kms.katalon.core.webui.keyword.WebUiBuiltInKeywords.modifyObjectProperty(product, "xpath", "equals", "//*[@id = "fldvendor" + row + ""]", true): Modify property of object successfully

2018-05-15 18:18:06 - [MESSAGE][PASSED] - Modify property of object successfully

2018-05-15 18:18:06 - [TEST_STEP][PASSED] - selectOptionByIndex: All options with index in [1] are selected on object ''

2018-05-15 18:18:06 - [MESSAGE][PASSED] - All options with index in [1] are selected on object ''

2018-05-15 18:18:06 - [TEST_STEP][PASSED] - Statement - batch = new com.kms.katalon.core.testobject.TestObject(): null

2018-05-15 18:18:06 - [TEST_STEP][PASSED] - Statement - batch = com.kms.katalon.core.webui.keyword.WebUiBuiltInKeywords.modifyObjectProperty(batch, "xpath", "equals", "//*[@id = "txtbthqty" + row + ""]", true): Modify property of object successfully

2018-05-15 18:18:06 - [MESSAGE][PASSED] - Modify property of object successfully

2018-05-15 18:18:06 - [TEST_STEP][PASSED] - Statement - batchqty = com.kms.katalon.core.webui.keyword.WebUiBuiltInKeywords.getAttribute(batch, "value").trim(): Attribute 'value' of object '' is: '5000'

2018-05-15 18:18:06 - [MESSAGE][PASSED] - Attribute 'value' of object '' is: '5000'

2018-05-15 18:18:06 - [TEST_STEP][PASSED] - Statement - Rqty = 10000: null

2018-05-15 18:18:06 - [TEST_STEP][PASSED] - delay: Delayed 2 second(s)

2018-05-15 18:18:08 - [MESSAGE][PASSED] - Delayed 2 second(s)

2018-05-15 18:18:08 - [TEST_STEP][PASSED] - Statement - out.println("BatchQty : " + batchqty): null

2018-05-15 18:18:08 - [TEST_STEP][PASSED] - Statement - out.println("RQty : " + Rqty): null

2018-05-15 18:18:08 - [TEST_STEP][PASSED] - Statement - If (java.lang.Integer.valueOf(batchqty) >= java.lang.Integer.valueOf(Rqty)): null

2018-05-15 18:18:08 - [TEST_STEP][PASSED] - Statement - Else: null

2018-05-15 18:18:08 - [TEST_STEP][PASSED] - Statement - out.println("Batchqty Is Less Than Rqty"): null

2018-05-15 18:18:08 - [TEST_STEP][PASSED] - Statement - product = new com.kms.katalon.core.testobject.TestObject(): null

2018-05-15 18:18:08 - [TEST_STEP][PASSED] - Statement - product = com.kms.katalon.core.webui.keyword.WebUiBuiltInKeywords.modifyObjectProperty(product, "xpath", "equals", "//*[@id = "fldvendor" + row + ""]", true): Modify property of object successfully

2018-05-15 18:18:08 - [MESSAGE][PASSED] - Modify property of object successfully

2018-05-15 18:18:08 - [TEST_STEP][PASSED] - selectOptionByIndex: All options with index in [2] are selected on object ''

2018-05-15 18:18:08 - [MESSAGE][PASSED] - All options with index in [2] are selected on object ''

2018-05-15 18:18:08 - [TEST_STEP][PASSED] - Statement - batch = new com.kms.katalon.core.testobject.TestObject(): null

2018-05-15 18:18:08 - [TEST_STEP][PASSED] - Statement - batch = com.kms.katalon.core.webui.keyword.WebUiBuiltInKeywords.modifyObjectProperty(batch, "xpath", "equals", "//*[@id = "txtbthqty" + row + ""]", true): Modify property of object successfully

2018-05-15 18:18:08 - [MESSAGE][PASSED] - Modify property of object successfully

2018-05-15 18:18:08 - [TEST_STEP][PASSED] - Statement - batchqty = com.kms.katalon.core.webui.keyword.WebUiBuiltInKeywords.getAttribute(batch, "value").trim(): Attribute 'value' of object '' is: '5000'

2018-05-15 18:18:08 - [MESSAGE][PASSED] - Attribute 'value' of object '' is: '5000'

2018-05-15 18:18:08 - [TEST_STEP][PASSED] - Statement - Rqty = 10000: null

2018-05-15 18:18:08 - [TEST_STEP][PASSED] - delay: Delayed 2 second(s)

2018-05-15 18:18:10 - [MESSAGE][PASSED] - Delayed 2 second(s)

2018-05-15 18:18:10 - [TEST_STEP][PASSED] - Statement - out.println("BatchQty : " + batchqty): null

2018-05-15 18:18:10 - [TEST_STEP][PASSED] - Statement - out.println("RQty : " + Rqty): null

2018-05-15 18:18:10 - [TEST_STEP][PASSED] - Statement - If (java.lang.Integer.valueOf(batchqty) >= java.lang.Integer.valueOf(Rqty)): null

2018-05-15 18:18:10 - [TEST_STEP][PASSED] - Statement - Else: null

2018-05-15 18:18:10 - [TEST_STEP][PASSED] - Statement - out.println("Batchqty Is Less Than Rqty"): null

2018-05-15 18:18:10 - [TEST_STEP][PASSED] - Statement - product = new com.kms.katalon.core.testobject.TestObject(): null

2018-05-15 18:18:10 - [TEST_STEP][PASSED] - Statement - product = com.kms.katalon.core.webui.keyword.WebUiBuiltInKeywords.modifyObjectProperty(product, "xpath", "equals", "//*[@id = "fldvendor" + row + ""]", true): Modify property of object successfully

2018-05-15 18:18:10 - [MESSAGE][PASSED] - Modify property of object successfully

2018-05-15 18:18:10 - [TEST_STEP][PASSED] - selectOptionByIndex: All options with index in [3] are selected on object ''

2018-05-15 18:18:10 - [MESSAGE][PASSED] - All options with index in [3] are selected on object ''

2018-05-15 18:18:10 - [TEST_STEP][PASSED] - Statement - batch = new com.kms.katalon.core.testobject.TestObject(): null

2018-05-15 18:18:10 - [TEST_STEP][PASSED] - Statement - batch = com.kms.katalon.core.webui.keyword.WebUiBuiltInKeywords.modifyObjectProperty(batch, "xpath", "equals", "//*[@id = "txtbthqty" + row + ""]", true): Modify property of object successfully

2018-05-15 18:18:10 - [MESSAGE][PASSED] - Modify property of object successfully

2018-05-15 18:18:10 - [TEST_STEP][PASSED] - Statement - batchqty = com.kms.katalon.core.webui.keyword.WebUiBuiltInKeywords.getAttribute(batch, "value").trim(): Attribute 'value' of object '' is: '39000'

2018-05-15 18:18:10 - [MESSAGE][PASSED] - Attribute 'value' of object '' is: '39000'

2018-05-15 18:18:10 - [TEST_STEP][PASSED] - Statement - Rqty = 10000: null

2018-05-15 18:18:10 - [TEST_STEP][PASSED] - delay: Delayed 2 second(s)

2018-05-15 18:18:12 - [MESSAGE][PASSED] - Delayed 2 second(s)

2018-05-15 18:18:12 - [TEST_STEP][PASSED] - Statement - out.println("BatchQty : " + batchqty): null

2018-05-15 18:18:12 - [TEST_STEP][PASSED] - Statement - out.println("RQty : " + Rqty): null

2018-05-15 18:18:12 - [TEST_STEP][PASSED] - Statement - If (java.lang.Integer.valueOf(batchqty) >= java.lang.Integer.valueOf(Rqty)): null

2018-05-15 18:18:12 - [TEST_STEP][PASSED] - Statement - Break: null

2018-05-15 18:18:12 - [TEST_STEP][PASSED] - Statement - batchlength = new com.kms.katalon.core.testobject.TestObject(): null

2018-05-15 18:18:12 - [TEST_STEP][PASSED] - Statement - batchlength = com.kms.katalon.core.webui.keyword.WebUiBuiltInKeywords.modifyObjectProperty(batchlength, "xpath", "equals", "//*[@id = "fldvendor" + row + ""]", true): Modify property of object successfully

2018-05-15 18:18:12 - [MESSAGE][PASSED] - Modify property of object successfully

2018-05-15 18:18:12 - [TEST_STEP][PASSED] - Statement - batchsize = com.kms.katalon.core.webui.keyword.WebUiBuiltInKeywords.getNumberOfTotalOption(batchlength): 10 options of object '' counted

2018-05-15 18:18:13 - [MESSAGE][PASSED] - 10 options of object '' counted

2018-05-15 18:18:13 - [TEST_STEP][PASSED] - Statement - out.println("BatchSize : " + batchsize): null

2018-05-15 18:18:13 - [TEST_STEP][PASSED] - Statement - For ([n = 1, n <= batchsize - 1, (n++)]): null

2018-05-15 18:18:13 - [TEST_STEP][PASSED] - Statement - product = new com.kms.katalon.core.testobject.TestObject(): null

2018-05-15 18:18:13 - [TEST_STEP][PASSED] - Statement - product = com.kms.katalon.core.webui.keyword.WebUiBuiltInKeywords.modifyObjectProperty(product, "xpath", "equals", "//*[@id = "fldvendor" + row + ""]", true): Modify property of object successfully

2018-05-15 18:18:13 - [MESSAGE][PASSED] - Modify property of object successfully

2018-05-15 18:18:13 - [TEST_STEP][PASSED] - selectOptionByIndex: All options with index in [1] are selected on object ''

2018-05-15 18:18:13 - [MESSAGE][PASSED] - All options with index in [1] are selected on object ''

2018-05-15 18:18:13 - [TEST_STEP][PASSED] - Statement - batch = new com.kms.katalon.core.testobject.TestObject(): null

2018-05-15 18:18:13 - [TEST_STEP][PASSED] - Statement - batch = com.kms.katalon.core.webui.keyword.WebUiBuiltInKeywords.modifyObjectProperty(batch, "xpath", "equals", "//*[@id = "txtbthqty" + row + ""]", true): Modify property of object successfully

2018-05-15 18:18:13 - [MESSAGE][PASSED] - Modify property of object successfully

2018-05-15 18:18:13 - [TEST_STEP][PASSED] - Statement - batchqty = com.kms.katalon.core.webui.keyword.WebUiBuiltInKeywords.getAttribute(batch, "value").trim(): Attribute 'value' of object '' is: '500'

2018-05-15 18:18:13 - [MESSAGE][PASSED] - Attribute 'value' of object '' is: '500'

2018-05-15 18:18:13 - [TEST_STEP][PASSED] - Statement - Rqty = 10000: null

2018-05-15 18:18:13 - [TEST_STEP][PASSED] - delay: Delayed 2 second(s)

2018-05-15 18:18:15 - [MESSAGE][PASSED] - Delayed 2 second(s)

2018-05-15 18:18:15 - [TEST_STEP][PASSED] - Statement - out.println("BatchQty : " + batchqty): null

2018-05-15 18:18:15 - [TEST_STEP][PASSED] - Statement - out.println("RQty : " + Rqty): null

2018-05-15 18:18:15 - [TEST_STEP][PASSED] - Statement - If (java.lang.Integer.valueOf(batchqty) >= java.lang.Integer.valueOf(Rqty)): null

2018-05-15 18:18:15 - [TEST_STEP][PASSED] - Statement - Else: null

2018-05-15 18:18:15 - [TEST_STEP][PASSED] - Statement - out.println("Batchqty Is Less Than Rqty"): null

2018-05-15 18:18:15 - [TEST_STEP][PASSED] - Statement - product = new com.kms.katalon.core.testobject.TestObject(): null

2018-05-15 18:18:15 - [TEST_STEP][PASSED] - Statement - product = com.kms.katalon.core.webui.keyword.WebUiBuiltInKeywords.modifyObjectProperty(product, "xpath", "equals", "//*[@id = "fldvendor" + row + ""]", true): Modify property of object successfully

2018-05-15 18:18:15 - [MESSAGE][PASSED] - Modify property of object successfully

2018-05-15 18:18:15 - [TEST_STEP][PASSED] - selectOptionByIndex: All options with index in [2] are selected on object ''

2018-05-15 18:18:15 - [MESSAGE][PASSED] - All options with index in [2] are selected on object ''

2018-05-15 18:18:15 - [TEST_STEP][PASSED] - Statement - batch = new com.kms.katalon.core.testobject.TestObject(): null

2018-05-15 18:18:15 - [TEST_STEP][PASSED] - Statement - batch = com.kms.katalon.core.webui.keyword.WebUiBuiltInKeywords.modifyObjectProperty(batch, "xpath", "equals", "//*[@id = "txtbthqty" + row + ""]", true): Modify property of object successfully

2018-05-15 18:18:15 - [MESSAGE][PASSED] - Modify property of object successfully

2018-05-15 18:18:15 - [TEST_STEP][PASSED] - Statement - batchqty = com.kms.katalon.core.webui.keyword.WebUiBuiltInKeywords.getAttribute(batch, "value").trim(): Attribute 'value' of object '' is: '5000'

2018-05-15 18:18:15 - [MESSAGE][PASSED] - Attribute 'value' of object '' is: '5000'

2018-05-15 18:18:15 - [TEST_STEP][PASSED] - Statement - Rqty = 10000: null

2018-05-15 18:18:15 - [TEST_STEP][PASSED] - delay: Delayed 2 second(s)

2018-05-15 18:18:17 - [MESSAGE][PASSED] - Delayed 2 second(s)

2018-05-15 18:18:17 - [TEST_STEP][PASSED] - Statement - out.println("BatchQty : " + batchqty): null

2018-05-15 18:18:17 - [TEST_STEP][PASSED] - Statement - out.println("RQty : " + Rqty): null

2018-05-15 18:18:17 - [TEST_STEP][PASSED] - Statement - If (java.lang.Integer.valueOf(batchqty) >= java.lang.Integer.valueOf(Rqty)): null

2018-05-15 18:18:17 - [TEST_STEP][PASSED] - Statement - Else: null

2018-05-15 18:18:17 - [TEST_STEP][PASSED] - Statement - out.println("Batchqty Is Less Than Rqty"): null

2018-05-15 18:18:17 - [TEST_STEP][PASSED] - Statement - product = new com.kms.katalon.core.testobject.TestObject(): null

2018-05-15 18:18:17 - [TEST_STEP][PASSED] - Statement - product = com.kms.katalon.core.webui.keyword.WebUiBuiltInKeywords.modifyObjectProperty(product, "xpath", "equals", "//*[@id = "fldvendor" + row + ""]", true): Modify property of object successfully

2018-05-15 18:18:17 - [MESSAGE][PASSED] - Modify property of object successfully

2018-05-15 18:18:17 - [TEST_STEP][PASSED] - selectOptionByIndex: All options with index in [3] are selected on object ''

2018-05-15 18:18:17 - [MESSAGE][PASSED] - All options with index in [3] are selected on object ''

2018-05-15 18:18:17 - [TEST_STEP][PASSED] - Statement - batch = new com.kms.katalon.core.testobject.TestObject(): null

2018-05-15 18:18:17 - [TEST_STEP][PASSED] - Statement - batch = com.kms.katalon.core.webui.keyword.WebUiBuiltInKeywords.modifyObjectProperty(batch, "xpath", "equals", "//*[@id = "txtbthqty" + row + ""]", true): Modify property of object successfully

2018-05-15 18:18:17 - [MESSAGE][PASSED] - Modify property of object successfully

2018-05-15 18:18:17 - [TEST_STEP][PASSED] - Statement - batchqty = com.kms.katalon.core.webui.keyword.WebUiBuiltInKeywords.getAttribute(batch, "value").trim(): Attribute 'value' of object '' is: '3000'

2018-05-15 18:18:17 - [MESSAGE][PASSED] - Attribute 'value' of object '' is: '3000'

2018-05-15 18:18:17 - [TEST_STEP][PASSED] - Statement - Rqty = 10000: null

2018-05-15 18:18:17 - [TEST_STEP][PASSED] - delay: Delayed 2 second(s)

2018-05-15 18:18:19 - [MESSAGE][PASSED] - Delayed 2 second(s)

2018-05-15 18:18:19 - [TEST_STEP][PASSED] - Statement - out.println("BatchQty : " + batchqty): null

2018-05-15 18:18:19 - [TEST_STEP][PASSED] - Statement - out.println("RQty : " + Rqty): null

2018-05-15 18:18:19 - [TEST_STEP][PASSED] - Statement - If (java.lang.Integer.valueOf(batchqty) >= java.lang.Integer.valueOf(Rqty)): null

2018-05-15 18:18:19 - [TEST_STEP][PASSED] - Statement - Else: null

2018-05-15 18:18:19 - [TEST_STEP][PASSED] - Statement - out.println("Batchqty Is Less Than Rqty"): null

2018-05-15 18:18:19 - [TEST_STEP][PASSED] - Statement - product = new com.kms.katalon.core.testobject.TestObject(): null

2018-05-15 18:18:19 - [TEST_STEP][PASSED] - Statement - product = com.kms.katalon.core.webui.keyword.WebUiBuiltInKeywords.modifyObjectProperty(product, "xpath", "equals", "//*[@id = "fldvendor" + row + ""]", true): Modify property of object successfully

2018-05-15 18:18:19 - [MESSAGE][PASSED] - Modify property of object successfully

2018-05-15 18:18:19 - [TEST_STEP][PASSED] - selectOptionByIndex: All options with index in [4] are selected on object ''

2018-05-15 18:18:19 - [MESSAGE][PASSED] - All options with index in [4] are selected on object ''

2018-05-15 18:18:19 - [TEST_STEP][PASSED] - Statement - batch = new com.kms.katalon.core.testobject.TestObject(): null

2018-05-15 18:18:19 - [TEST_STEP][PASSED] - Statement - batch = com.kms.katalon.core.webui.keyword.WebUiBuiltInKeywords.modifyObjectProperty(batch, "xpath", "equals", "//*[@id = "txtbthqty" + row + ""]", true): Modify property of object successfully

2018-05-15 18:18:19 - [MESSAGE][PASSED] - Modify property of object successfully

2018-05-15 18:18:19 - [TEST_STEP][PASSED] - Statement - batchqty = com.kms.katalon.core.webui.keyword.WebUiBuiltInKeywords.getAttribute(batch, "value").trim(): Attribute 'value' of object '' is: '40000'

2018-05-15 18:18:19 - [MESSAGE][PASSED] - Attribute 'value' of object '' is: '40000'

2018-05-15 18:18:19 - [TEST_STEP][PASSED] - Statement - Rqty = 10000: null

2018-05-15 18:18:19 - [TEST_STEP][PASSED] - delay: Delayed 2 second(s)

2018-05-15 18:18:21 - [MESSAGE][PASSED] - Delayed 2 second(s)

2018-05-15 18:18:21 - [TEST_STEP][PASSED] - Statement - out.println("BatchQty : " + batchqty): null

2018-05-15 18:18:21 - [TEST_STEP][PASSED] - Statement - out.println("RQty : " + Rqty): null

2018-05-15 18:18:21 - [TEST_STEP][PASSED] - Statement - If (java.lang.Integer.valueOf(batchqty) >= java.lang.Integer.valueOf(Rqty)): null

2018-05-15 18:18:21 - [TEST_STEP][PASSED] - Statement - Break: null

2018-05-15 18:18:21 - [TEST_STEP][PASSED] - Statement - batchlength = new com.kms.katalon.core.testobject.TestObject(): null

2018-05-15 18:18:21 - [TEST_STEP][PASSED] - Statement - batchlength = com.kms.katalon.core.webui.keyword.WebUiBuiltInKeywords.modifyObjectProperty(batchlength, "xpath", "equals", "//*[@id = "fldvendor" + row + ""]", true): Modify property of object successfully

2018-05-15 18:18:21 - [MESSAGE][PASSED] - Modify property of object successfully

2018-05-15 18:18:21 - [TEST_STEP][PASSED] - Statement - batchsize = com.kms.katalon.core.webui.keyword.WebUiBuiltInKeywords.getNumberOfTotalOption(batchlength): 10 options of object '' counted

2018-05-15 18:18:21 - [MESSAGE][PASSED] - 10 options of object '' counted

2018-05-15 18:18:21 - [TEST_STEP][PASSED] - Statement - out.println("BatchSize : " + batchsize): null

2018-05-15 18:18:21 - [TEST_STEP][PASSED] - Statement - For ([n = 1, n <= batchsize - 1, (n++)]): null

2018-05-15 18:18:21 - [TEST_STEP][PASSED] - Statement - product = new com.kms.katalon.core.testobject.TestObject(): null

2018-05-15 18:18:21 - [TEST_STEP][PASSED] - Statement - product = com.kms.katalon.core.webui.keyword.WebUiBuiltInKeywords.modifyObjectProperty(product, "xpath", "equals", "//*[@id = "fldvendor" + row + ""]", true): Modify property of object successfully

2018-05-15 18:18:21 - [MESSAGE][PASSED] - Modify property of object successfully

2018-05-15 18:18:21 - [TEST_STEP][PASSED] - selectOptionByIndex: All options with index in [1] are selected on object ''

2018-05-15 18:18:22 - [MESSAGE][PASSED] - All options with index in [1] are selected on object ''

2018-05-15 18:18:22 - [TEST_STEP][PASSED] - Statement - batch = new com.kms.katalon.core.testobject.TestObject(): null

2018-05-15 18:18:22 - [TEST_STEP][PASSED] - Statement - batch = com.kms.katalon.core.webui.keyword.WebUiBuiltInKeywords.modifyObjectProperty(batch, "xpath", "equals", "//*[@id = "txtbthqty" + row + ""]", true): Modify property of object successfully

2018-05-15 18:18:22 - [MESSAGE][PASSED] - Modify property of object successfully

2018-05-15 18:18:22 - [TEST_STEP][PASSED] - Statement - batchqty = com.kms.katalon.core.webui.keyword.WebUiBuiltInKeywords.getAttribute(batch, "value").trim(): Attribute 'value' of object '' is: '4000'

2018-05-15 18:18:22 - [MESSAGE][PASSED] - Attribute 'value' of object '' is: '4000'

2018-05-15 18:18:22 - [TEST_STEP][PASSED] - Statement - Rqty = 10000: null

2018-05-15 18:18:22 - [TEST_STEP][PASSED] - delay: Delayed 2 second(s)

2018-05-15 18:18:24 - [MESSAGE][PASSED] - Delayed 2 second(s)

2018-05-15 18:18:24 - [TEST_STEP][PASSED] - Statement - out.println("BatchQty : " + batchqty): null

2018-05-15 18:18:24 - [TEST_STEP][PASSED] - Statement - out.println("RQty : " + Rqty): null

2018-05-15 18:18:24 - [TEST_STEP][PASSED] - Statement - If (java.lang.Integer.valueOf(batchqty) >= java.lang.Integer.valueOf(Rqty)): null

2018-05-15 18:18:24 - [TEST_STEP][PASSED] - Statement - Else: null

2018-05-15 18:18:24 - [TEST_STEP][PASSED] - Statement - out.println("Batchqty Is Less Than Rqty"): null

2018-05-15 18:18:24 - [TEST_STEP][PASSED] - Statement - product = new com.kms.katalon.core.testobject.TestObject(): null

2018-05-15 18:18:24 - [TEST_STEP][PASSED] - Statement - product = com.kms.katalon.core.webui.keyword.WebUiBuiltInKeywords.modifyObjectProperty(product, "xpath", "equals", "//*[@id = "fldvendor" + row + ""]", true): Modify property of object successfully

2018-05-15 18:18:24 - [MESSAGE][PASSED] - Modify property of object successfully

2018-05-15 18:18:24 - [TEST_STEP][PASSED] - selectOptionByIndex: All options with index in [2] are selected on object ''

2018-05-15 18:18:24 - [MESSAGE][PASSED] - All options with index in [2] are selected on object ''

2018-05-15 18:18:24 - [TEST_STEP][PASSED] - Statement - batch = new com.kms.katalon.core.testobject.TestObject(): null

2018-05-15 18:18:24 - [TEST_STEP][PASSED] - Statement - batch = com.kms.katalon.core.webui.keyword.WebUiBuiltInKeywords.modifyObjectProperty(batch, "xpath", "equals", "//*[@id = "txtbthqty" + row + ""]", true): Modify property of object successfully

2018-05-15 18:18:24 - [MESSAGE][PASSED] - Modify property of object successfully

2018-05-15 18:18:24 - [TEST_STEP][PASSED] - Statement - batchqty = com.kms.katalon.core.webui.keyword.WebUiBuiltInKeywords.getAttribute(batch, "value").trim(): Attribute 'value' of object '' is: '40000'

2018-05-15 18:18:24 - [MESSAGE][PASSED] - Attribute 'value' of object '' is: '40000'

2018-05-15 18:18:24 - [TEST_STEP][PASSED] - Statement - Rqty = 10000: null

2018-05-15 18:18:24 - [TEST_STEP][PASSED] - delay: Delayed 2 second(s)

2018-05-15 18:18:26 - [MESSAGE][PASSED] - Delayed 2 second(s)

2018-05-15 18:18:26 - [TEST_STEP][PASSED] - Statement - out.println("BatchQty : " + batchqty): null

2018-05-15 18:18:26 - [TEST_STEP][PASSED] - Statement - out.println("RQty : " + Rqty): null

2018-05-15 18:18:26 - [TEST_STEP][PASSED] - Statement - If (java.lang.Integer.valueOf(batchqty) >= java.lang.Integer.valueOf(Rqty)): null

2018-05-15 18:18:26 - [TEST_STEP][PASSED] - Statement - Break: null

2018-05-15 18:18:26 - [TEST_STEP][PASSED] - Statement - batchlength = new com.kms.katalon.core.testobject.TestObject(): null

2018-05-15 18:18:26 - [TEST_STEP][PASSED] - Statement - batchlength = com.kms.katalon.core.webui.keyword.WebUiBuiltInKeywords.modifyObjectProperty(batchlength, "xpath", "equals", "//*[@id = "fldvendor" + row + ""]", true): Modify property of object successfully

2018-05-15 18:18:26 - [MESSAGE][PASSED] - Modify property of object successfully

2018-05-15 18:18:26 - [TEST_STEP][PASSED] - Statement - batchsize = com.kms.katalon.core.webui.keyword.WebUiBuiltInKeywords.getNumberOfTotalOption(batchlength): 10 options of object '' counted

2018-05-15 18:18:26 - [MESSAGE][PASSED] - 10 options of object '' counted

2018-05-15 18:18:26 - [TEST_STEP][PASSED] - Statement - out.println("BatchSize : " + batchsize): null

2018-05-15 18:18:26 - [TEST_STEP][PASSED] - Statement - For ([n = 1, n <= batchsize - 1, (n++)]): null

2018-05-15 18:18:26 - [TEST_STEP][PASSED] - Statement - product = new com.kms.katalon.core.testobject.TestObject(): null

2018-05-15 18:18:26 - [TEST_STEP][PASSED] - Statement - product = com.kms.katalon.core.webui.keyword.WebUiBuiltInKeywords.modifyObjectProperty(product, "xpath", "equals", "//*[@id = "fldvendor" + row + ""]", true): Modify property of object successfully

2018-05-15 18:18:26 - [MESSAGE][PASSED] - Modify property of object successfully

2018-05-15 18:18:26 - [TEST_STEP][PASSED] - selectOptionByIndex: All options with index in [1] are selected on object ''

2018-05-15 18:18:26 - [MESSAGE][PASSED] - All options with index in [1] are selected on object ''

2018-05-15 18:18:26 - [TEST_STEP][PASSED] - Statement - batch = new com.kms.katalon.core.testobject.TestObject(): null

2018-05-15 18:18:26 - [TEST_STEP][PASSED] - Statement - batch = com.kms.katalon.core.webui.keyword.WebUiBuiltInKeywords.modifyObjectProperty(batch, "xpath", "equals", "//*[@id = "txtbthqty" + row + ""]", true): Modify property of object successfully

2018-05-15 18:18:26 - [MESSAGE][PASSED] - Modify property of object successfully

2018-05-15 18:18:26 - [TEST_STEP][PASSED] - Statement - batchqty = com.kms.katalon.core.webui.keyword.WebUiBuiltInKeywords.getAttribute(batch, "value").trim(): Attribute 'value' of object '' is: '39000'

2018-05-15 18:18:26 - [MESSAGE][PASSED] - Attribute 'value' of object '' is: '39000'

2018-05-15 18:18:26 - [TEST_STEP][PASSED] - Statement - Rqty = 10000: null

2018-05-15 18:18:26 - [TEST_STEP][PASSED] - delay: Delayed 2 second(s)

2018-05-15 18:18:28 - [MESSAGE][PASSED] - Delayed 2 second(s)

2018-05-15 18:18:28 - [TEST_STEP][PASSED] - Statement - out.println("BatchQty : " + batchqty): null

2018-05-15 18:18:28 - [TEST_STEP][PASSED] - Statement - out.println("RQty : " + Rqty): null

2018-05-15 18:18:28 - [TEST_STEP][PASSED] - Statement - If (java.lang.Integer.valueOf(batchqty) >= java.lang.Integer.valueOf(Rqty)): null

2018-05-15 18:18:28 - [TEST_STEP][PASSED] - Statement - Break: null

2018-05-15 18:18:28 - [TEST_STEP][PASSED] - Statement - batchlength = new com.kms.katalon.core.testobject.TestObject(): null

2018-05-15 18:18:28 - [TEST_STEP][PASSED] - Statement - batchlength = com.kms.katalon.core.webui.keyword.WebUiBuiltInKeywords.modifyObjectProperty(batchlength, "xpath", "equals", "//*[@id = "fldvendor" + row + ""]", true): Modify property of object successfully

2018-05-15 18:18:28 - [MESSAGE][PASSED] - Modify property of object successfully

2018-05-15 18:18:28 - [TEST_STEP][PASSED] - Statement - batchsize = com.kms.katalon.core.webui.keyword.WebUiBuiltInKeywords.getNumberOfTotalOption(batchlength): 10 options of object '' counted

2018-05-15 18:18:28 - [MESSAGE][PASSED] - 10 options of object '' counted

2018-05-15 18:18:28 - [TEST_STEP][PASSED] - Statement - out.println("BatchSize : " + batchsize): null

2018-05-15 18:18:28 - [TEST_STEP][PASSED] - Statement - For ([n = 1, n <= batchsize - 1, (n++)]): null

2018-05-15 18:18:28 - [TEST_STEP][PASSED] - Statement - product = new com.kms.katalon.core.testobject.TestObject(): null

2018-05-15 18:18:28 - [TEST_STEP][PASSED] - Statement - product = com.kms.katalon.core.webui.keyword.WebUiBuiltInKeywords.modifyObjectProperty(product, "xpath", "equals", "//*[@id = "fldvendor" + row + ""]", true): Modify property of object successfully

2018-05-15 18:18:28 - [MESSAGE][PASSED] - Modify property of object successfully

2018-05-15 18:18:28 - [TEST_STEP][PASSED] - selectOptionByIndex: All options with index in [1] are selected on object ''

2018-05-15 18:18:28 - [MESSAGE][PASSED] - All options with index in [1] are selected on object ''

2018-05-15 18:18:28 - [TEST_STEP][PASSED] - Statement - batch = new com.kms.katalon.core.testobject.TestObject(): null

2018-05-15 18:18:28 - [TEST_STEP][PASSED] - Statement - batch = com.kms.katalon.core.webui.keyword.WebUiBuiltInKeywords.modifyObjectProperty(batch, "xpath", "equals", "//*[@id = "txtbthqty" + row + ""]", true): Modify property of object successfully

2018-05-15 18:18:28 - [MESSAGE][PASSED] - Modify property of object successfully

2018-05-15 18:18:28 - [TEST_STEP][PASSED] - Statement - batchqty = com.kms.katalon.core.webui.keyword.WebUiBuiltInKeywords.getAttribute(batch, "value").trim(): Attribute 'value' of object '' is: '5000'

2018-05-15 18:18:28 - [MESSAGE][PASSED] - Attribute 'value' of object '' is: '5000'

2018-05-15 18:18:28 - [TEST_STEP][PASSED] - Statement - Rqty = 10000: null

2018-05-15 18:18:28 - [TEST_STEP][PASSED] - delay: Delayed 2 second(s)

2018-05-15 18:18:30 - [MESSAGE][PASSED] - Delayed 2 second(s)

2018-05-15 18:18:30 - [TEST_STEP][PASSED] - Statement - out.println("BatchQty : " + batchqty): null

2018-05-15 18:18:30 - [TEST_STEP][PASSED] - Statement - out.println("RQty : " + Rqty): null

2018-05-15 18:18:30 - [TEST_STEP][PASSED] - Statement - If (java.lang.Integer.valueOf(batchqty) >= java.lang.Integer.valueOf(Rqty)): null

2018-05-15 18:18:30 - [TEST_STEP][PASSED] - Statement - Else: null

2018-05-15 18:18:30 - [TEST_STEP][PASSED] - Statement - out.println("Batchqty Is Less Than Rqty"): null

2018-05-15 18:18:30 - [TEST_STEP][PASSED] - Statement - product = new com.kms.katalon.core.testobject.TestObject(): null

2018-05-15 18:18:30 - [TEST_STEP][PASSED] - Statement - product = com.kms.katalon.core.webui.keyword.WebUiBuiltInKeywords.modifyObjectProperty(product, "xpath", "equals", "//*[@id = "fldvendor" + row + ""]", true): Modify property of object successfully

2018-05-15 18:18:30 - [MESSAGE][PASSED] - Modify property of object successfully

2018-05-15 18:18:30 - [TEST_STEP][PASSED] - selectOptionByIndex: All options with index in [2] are selected on object ''

2018-05-15 18:18:30 - [MESSAGE][PASSED] - All options with index in [2] are selected on object ''

2018-05-15 18:18:30 - [TEST_STEP][PASSED] - Statement - batch = new com.kms.katalon.core.testobject.TestObject(): null

2018-05-15 18:18:30 - [TEST_STEP][PASSED] - Statement - batch = com.kms.katalon.core.webui.keyword.WebUiBuiltInKeywords.modifyObjectProperty(batch, "xpath", "equals", "//*[@id = "txtbthqty" + row + ""]", true): Modify property of object successfully

2018-05-15 18:18:30 - [MESSAGE][PASSED] - Modify property of object successfully

2018-05-15 18:18:30 - [TEST_STEP][PASSED] - Statement - batchqty = com.kms.katalon.core.webui.keyword.WebUiBuiltInKeywords.getAttribute(batch, "value").trim(): Attribute 'value' of object '' is: '5000'

2018-05-15 18:18:31 - [MESSAGE][PASSED] - Attribute 'value' of object '' is: '5000'

2018-05-15 18:18:31 - [TEST_STEP][PASSED] - Statement - Rqty = 10000: null

2018-05-15 18:18:31 - [TEST_STEP][PASSED] - delay: Delayed 2 second(s)

2018-05-15 18:18:33 - [MESSAGE][PASSED] - Delayed 2 second(s)

2018-05-15 18:18:33 - [TEST_STEP][PASSED] - Statement - out.println("BatchQty : " + batchqty): null

2018-05-15 18:18:33 - [TEST_STEP][PASSED] - Statement - out.println("RQty : " + Rqty): null

2018-05-15 18:18:33 - [TEST_STEP][PASSED] - Statement - If (java.lang.Integer.valueOf(batchqty) >= java.lang.Integer.valueOf(Rqty)): null

2018-05-15 18:18:33 - [TEST_STEP][PASSED] - Statement - Else: null

2018-05-15 18:18:33 - [TEST_STEP][PASSED] - Statement - out.println("Batchqty Is Less Than Rqty"): null

2018-05-15 18:18:33 - [TEST_STEP][PASSED] - Statement - product = new com.kms.katalon.core.testobject.TestObject(): null

2018-05-15 18:18:33 - [TEST_STEP][PASSED] - Statement - product = com.kms.katalon.core.webui.keyword.WebUiBuiltInKeywords.modifyObjectProperty(product, "xpath", "equals", "//*[@id = "fldvendor" + row + ""]", true): Modify property of object successfully

2018-05-15 18:18:33 - [MESSAGE][PASSED] - Modify property of object successfully

2018-05-15 18:18:33 - [TEST_STEP][PASSED] - selectOptionByIndex: All options with index in [3] are selected on object ''

2018-05-15 18:18:33 - [MESSAGE][PASSED] - All options with index in [3] are selected on object ''

2018-05-15 18:18:33 - [TEST_STEP][PASSED] - Statement - batch = new com.kms.katalon.core.testobject.TestObject(): null

2018-05-15 18:18:33 - [TEST_STEP][PASSED] - Statement - batch = com.kms.katalon.core.webui.keyword.WebUiBuiltInKeywords.modifyObjectProperty(batch, "xpath", "equals", "//*[@id = "txtbthqty" + row + ""]", true): Modify property of object successfully

2018-05-15 18:18:33 - [MESSAGE][PASSED] - Modify property of object successfully

2018-05-15 18:18:33 - [TEST_STEP][PASSED] - Statement - batchqty = com.kms.katalon.core.webui.keyword.WebUiBuiltInKeywords.getAttribute(batch, "value").trim(): Attribute 'value' of object '' is: '39000'

2018-05-15 18:18:33 - [MESSAGE][PASSED] - Attribute 'value' of object '' is: '39000'

2018-05-15 18:18:33 - [TEST_STEP][PASSED] - Statement - Rqty = 10000: null

2018-05-15 18:18:33 - [TEST_STEP][PASSED] - delay: Delayed 2 second(s)

2018-05-15 18:18:35 - [MESSAGE][PASSED] - Delayed 2 second(s)

2018-05-15 18:18:35 - [TEST_STEP][PASSED] - Statement - out.println("BatchQty : " + batchqty): null

2018-05-15 18:18:35 - [TEST_STEP][PASSED] - Statement - out.println("RQty : " + Rqty): null

2018-05-15 18:18:35 - [TEST_STEP][PASSED] - Statement - If (java.lang.Integer.valueOf(batchqty) >= java.lang.Integer.valueOf(Rqty)): null

2018-05-15 18:18:35 - [TEST_STEP][PASSED] - Statement - Break: null

2018-05-15 18:18:35 - [TEST_STEP][PASSED] - Statement - batchlength = new com.kms.katalon.core.testobject.TestObject(): null

2018-05-15 18:18:35 - [TEST_STEP][PASSED] - Statement - batchlength = com.kms.katalon.core.webui.keyword.WebUiBuiltInKeywords.modifyObjectProperty(batchlength, "xpath", "equals", "//*[@id = "fldvendor" + row + ""]", true): Modify property of object successfully

2018-05-15 18:18:35 - [MESSAGE][PASSED] - Modify property of object successfully

2018-05-15 18:18:35 - [TEST_STEP][PASSED] - Statement - batchsize = com.kms.katalon.core.webui.keyword.WebUiBuiltInKeywords.getNumberOfTotalOption(batchlength): 10 options of object '' counted

2018-05-15 18:18:35 - [MESSAGE][PASSED] - 10 options of object '' counted

2018-05-15 18:18:35 - [TEST_STEP][PASSED] - Statement - out.println("BatchSize : " + batchsize): null

2018-05-15 18:18:35 - [TEST_STEP][PASSED] - Statement - For ([n = 1, n <= batchsize - 1, (n++)]): null

2018-05-15 18:18:35 - [TEST_STEP][PASSED] - Statement - product = new com.kms.katalon.core.testobject.TestObject(): null

2018-05-15 18:18:35 - [TEST_STEP][PASSED] - Statement - product = com.kms.katalon.core.webui.keyword.WebUiBuiltInKeywords.modifyObjectProperty(product, "xpath", "equals", "//*[@id = "fldvendor" + row + ""]", true): Modify property of object successfully

2018-05-15 18:18:35 - [MESSAGE][PASSED] - Modify property of object successfully

2018-05-15 18:18:35 - [TEST_STEP][PASSED] - selectOptionByIndex: All options with index in [1] are selected on object ''

2018-05-15 18:18:35 - [MESSAGE][PASSED] - All options with index in [1] are selected on object ''

2018-05-15 18:18:35 - [TEST_STEP][PASSED] - Statement - batch = new com.kms.katalon.core.testobject.TestObject(): null

2018-05-15 18:18:35 - [TEST_STEP][PASSED] - Statement - batch = com.kms.katalon.core.webui.keyword.WebUiBuiltInKeywords.modifyObjectProperty(batch, "xpath", "equals", "//*[@id = "txtbthqty" + row + ""]", true): Modify property of object successfully

2018-05-15 18:18:35 - [MESSAGE][PASSED] - Modify property of object successfully

2018-05-15 18:18:35 - [TEST_STEP][PASSED] - Statement - batchqty = com.kms.katalon.core.webui.keyword.WebUiBuiltInKeywords.getAttribute(batch, "value").trim(): Attribute 'value' of object '' is: '500'

2018-05-15 18:18:35 - [MESSAGE][PASSED] - Attribute 'value' of object '' is: '500'

2018-05-15 18:18:35 - [TEST_STEP][PASSED] - Statement - Rqty = 10000: null

2018-05-15 18:18:35 - [TEST_STEP][PASSED] - delay: Delayed 2 second(s)

2018-05-15 18:18:37 - [MESSAGE][PASSED] - Delayed 2 second(s)

2018-05-15 18:18:37 - [TEST_STEP][PASSED] - Statement - out.println("BatchQty : " + batchqty): null

2018-05-15 18:18:37 - [TEST_STEP][PASSED] - Statement - out.println("RQty : " + Rqty): null

2018-05-15 18:18:37 - [TEST_STEP][PASSED] - Statement - If (java.lang.Integer.valueOf(batchqty) >= java.lang.Integer.valueOf(Rqty)): null

2018-05-15 18:18:37 - [TEST_STEP][PASSED] - Statement - Else: null

2018-05-15 18:18:37 - [TEST_STEP][PASSED] - Statement - out.println("Batchqty Is Less Than Rqty"): null

2018-05-15 18:18:37 - [TEST_STEP][PASSED] - Statement - product = new com.kms.katalon.core.testobject.TestObject(): null

2018-05-15 18:18:37 - [TEST_STEP][PASSED] - Statement - product = com.kms.katalon.core.webui.keyword.WebUiBuiltInKeywords.modifyObjectProperty(product, "xpath", "equals", "//*[@id = "fldvendor" + row + ""]", true): Modify property of object successfully

2018-05-15 18:18:37 - [MESSAGE][PASSED] - Modify property of object successfully

2018-05-15 18:18:37 - [TEST_STEP][PASSED] - selectOptionByIndex: All options with index in [2] are selected on object ''

2018-05-15 18:18:37 - [MESSAGE][PASSED] - All options with index in [2] are selected on object ''

2018-05-15 18:18:37 - [TEST_STEP][PASSED] - Statement - batch = new com.kms.katalon.core.testobject.TestObject(): null

2018-05-15 18:18:37 - [TEST_STEP][PASSED] - Statement - batch = com.kms.katalon.core.webui.keyword.WebUiBuiltInKeywords.modifyObjectProperty(batch, "xpath", "equals", "//*[@id = "txtbthqty" + row + ""]", true): Modify property of object successfully

2018-05-15 18:18:37 - [MESSAGE][PASSED] - Modify property of object successfully

2018-05-15 18:18:37 - [TEST_STEP][PASSED] - Statement - batchqty = com.kms.katalon.core.webui.keyword.WebUiBuiltInKeywords.getAttribute(batch, "value").trim(): Attribute 'value' of object '' is: '4000'

2018-05-15 18:18:37 - [MESSAGE][PASSED] - Attribute 'value' of object '' is: '4000'

2018-05-15 18:18:37 - [TEST_STEP][PASSED] - Statement - Rqty = 10000: null

2018-05-15 18:18:37 - [TEST_STEP][PASSED] - delay: Delayed 2 second(s)

2018-05-15 18:18:39 - [MESSAGE][PASSED] - Delayed 2 second(s)

2018-05-15 18:18:39 - [TEST_STEP][PASSED] - Statement - out.println("BatchQty : " + batchqty): null

2018-05-15 18:18:39 - [TEST_STEP][PASSED] - Statement - out.println("RQty : " + Rqty): null

2018-05-15 18:18:39 - [TEST_STEP][PASSED] - Statement - If (java.lang.Integer.valueOf(batchqty) >= java.lang.Integer.valueOf(Rqty)): null

2018-05-15 18:18:39 - [TEST_STEP][PASSED] - Statement - Else: null

2018-05-15 18:18:39 - [TEST_STEP][PASSED] - Statement - out.println("Batchqty Is Less Than Rqty"): null

2018-05-15 18:18:39 - [TEST_STEP][PASSED] - Statement - product = new com.kms.katalon.core.testobject.TestObject(): null

2018-05-15 18:18:39 - [TEST_STEP][PASSED] - Statement - product = com.kms.katalon.core.webui.keyword.WebUiBuiltInKeywords.modifyObjectProperty(product, "xpath", "equals", "//*[@id = "fldvendor" + row + ""]", true): Modify property of object successfully

2018-05-15 18:18:39 - [MESSAGE][PASSED] - Modify property of object successfully

2018-05-15 18:18:39 - [TEST_STEP][PASSED] - selectOptionByIndex: All options with index in [3] are selected on object ''

2018-05-15 18:18:39 - [MESSAGE][PASSED] - All options with index in [3] are selected on object ''

2018-05-15 18:18:39 - [TEST_STEP][PASSED] - Statement - batch = new com.kms.katalon.core.testobject.TestObject(): null

2018-05-15 18:18:39 - [TEST_STEP][PASSED] - Statement - batch = com.kms.katalon.core.webui.keyword.WebUiBuiltInKeywords.modifyObjectProperty(batch, "xpath", "equals", "//*[@id = "txtbthqty" + row + ""]", true): Modify property of object successfully

2018-05-15 18:18:39 - [MESSAGE][PASSED] - Modify property of object successfully

2018-05-15 18:18:39 - [TEST_STEP][PASSED] - Statement - batchqty = com.kms.katalon.core.webui.keyword.WebUiBuiltInKeywords.getAttribute(batch, "value").trim(): Attribute 'value' of object '' is: '5000'

2018-05-15 18:18:39 - [MESSAGE][PASSED] - Attribute 'value' of object '' is: '5000'

2018-05-15 18:18:39 - [TEST_STEP][PASSED] - Statement - Rqty = 10000: null

2018-05-15 18:18:39 - [TEST_STEP][PASSED] - delay: Delayed 2 second(s)

2018-05-15 18:18:41 - [MESSAGE][PASSED] - Delayed 2 second(s)

2018-05-15 18:18:41 - [TEST_STEP][PASSED] - Statement - out.println("BatchQty : " + batchqty): null

2018-05-15 18:18:41 - [TEST_STEP][PASSED] - Statement - out.println("RQty : " + Rqty): null

2018-05-15 18:18:41 - [TEST_STEP][PASSED] - Statement - If (java.lang.Integer.valueOf(batchqty) >= java.lang.Integer.valueOf(Rqty)): null

2018-05-15 18:18:41 - [TEST_STEP][PASSED] - Statement - Else: null

2018-05-15 18:18:41 - [TEST_STEP][PASSED] - Statement - out.println("Batchqty Is Less Than Rqty"): null

2018-05-15 18:18:41 - [TEST_STEP][PASSED] - Statement - product = new com.kms.katalon.core.testobject.TestObject(): null

2018-05-15 18:18:41 - [TEST_STEP][PASSED] - Statement - product = com.kms.katalon.core.webui.keyword.WebUiBuiltInKeywords.modifyObjectProperty(product, "xpath", "equals", "//*[@id = "fldvendor" + row + ""]", true): Modify property of object successfully

2018-05-15 18:18:41 - [MESSAGE][PASSED] - Modify property of object successfully

2018-05-15 18:18:41 - [TEST_STEP][PASSED] - selectOptionByIndex: All options with index in [4] are selected on object ''

2018-05-15 18:18:42 - [MESSAGE][PASSED] - All options with index in [4] are selected on object ''

2018-05-15 18:18:42 - [TEST_STEP][PASSED] - Statement - batch = new com.kms.katalon.core.testobject.TestObject(): null

2018-05-15 18:18:42 - [TEST_STEP][PASSED] - Statement - batch = com.kms.katalon.core.webui.keyword.WebUiBuiltInKeywords.modifyObjectProperty(batch, "xpath", "equals", "//*[@id = "txtbthqty" + row + ""]", true): Modify property of object successfully

2018-05-15 18:18:42 - [MESSAGE][PASSED] - Modify property of object successfully

2018-05-15 18:18:42 - [TEST_STEP][PASSED] - Statement - batchqty = com.kms.katalon.core.webui.keyword.WebUiBuiltInKeywords.getAttribute(batch, "value").trim(): Attribute 'value' of object '' is: '4000'

2018-05-15 18:18:42 - [MESSAGE][PASSED] - Attribute 'value' of object '' is: '4000'

2018-05-15 18:18:42 - [TEST_STEP][PASSED] - Statement - Rqty = 10000: null

2018-05-15 18:18:42 - [TEST_STEP][PASSED] - delay: Delayed 2 second(s)

2018-05-15 18:18:44 - [MESSAGE][PASSED] - Delayed 2 second(s)

2018-05-15 18:18:44 - [TEST_STEP][PASSED] - Statement - out.println("BatchQty : " + batchqty): null

2018-05-15 18:18:44 - [TEST_STEP][PASSED] - Statement - out.println("RQty : " + Rqty): null

2018-05-15 18:18:44 - [TEST_STEP][PASSED] - Statement - If (java.lang.Integer.valueOf(batchqty) >= java.lang.Integer.valueOf(Rqty)): null

2018-05-15 18:18:44 - [TEST_STEP][PASSED] - Statement - Else: null

2018-05-15 18:18:44 - [TEST_STEP][PASSED] - Statement - out.println("Batchqty Is Less Than Rqty"): null

2018-05-15 18:18:44 - [TEST_STEP][PASSED] - Statement - product = new com.kms.katalon.core.testobject.TestObject(): null

2018-05-15 18:18:44 - [TEST_STEP][PASSED] - Statement - product = com.kms.katalon.core.webui.keyword.WebUiBuiltInKeywords.modifyObjectProperty(product, "xpath", "equals", "//*[@id = "fldvendor" + row + ""]", true): Modify property of object successfully

2018-05-15 18:18:44 - [MESSAGE][PASSED] - Modify property of object successfully

2018-05-15 18:18:44 - [TEST_STEP][PASSED] - selectOptionByIndex: All options with index in [5] are selected on object ''

2018-05-15 18:18:44 - [MESSAGE][PASSED] - All options with index in [5] are selected on object ''

2018-05-15 18:18:44 - [TEST_STEP][PASSED] - Statement - batch = new com.kms.katalon.core.testobject.TestObject(): null

2018-05-15 18:18:44 - [TEST_STEP][PASSED] - Statement - batch = com.kms.katalon.core.webui.keyword.WebUiBuiltInKeywords.modifyObjectProperty(batch, "xpath", "equals", "//*[@id = "txtbthqty" + row + ""]", true): Modify property of object successfully

2018-05-15 18:18:44 - [MESSAGE][PASSED] - Modify property of object successfully

2018-05-15 18:18:44 - [TEST_STEP][PASSED] - Statement - batchqty = com.kms.katalon.core.webui.keyword.WebUiBuiltInKeywords.getAttribute(batch, "value").trim(): Attribute 'value' of object '' is: '40000'

2018-05-15 18:18:44 - [MESSAGE][PASSED] - Attribute 'value' of object '' is: '40000'

2018-05-15 18:18:44 - [TEST_STEP][PASSED] - Statement - Rqty = 10000: null

2018-05-15 18:18:44 - [TEST_STEP][PASSED] - delay: Delayed 2 second(s)

2018-05-15 18:18:46 - [MESSAGE][PASSED] - Delayed 2 second(s)

2018-05-15 18:18:46 - [TEST_STEP][PASSED] - Statement - out.println("BatchQty : " + batchqty): null

2018-05-15 18:18:46 - [TEST_STEP][PASSED] - Statement - out.println("RQty : " + Rqty): null

2018-05-15 18:18:46 - [TEST_STEP][PASSED] - Statement - If (java.lang.Integer.valueOf(batchqty) >= java.lang.Integer.valueOf(Rqty)): null

2018-05-15 18:18:46 - [TEST_STEP][PASSED] - Statement - Break: null

2018-05-15 18:18:46 - [TEST_STEP][PASSED] - Statement - batchlength = new com.kms.katalon.core.testobject.TestObject(): null

2018-05-15 18:18:46 - [TEST_STEP][PASSED] - Statement - batchlength = com.kms.katalon.core.webui.keyword.WebUiBuiltInKeywords.modifyObjectProperty(batchlength, "xpath", "equals", "//*[@id = "fldvendor" + row + ""]", true): Modify property of object successfully

2018-05-15 18:18:46 - [MESSAGE][PASSED] - Modify property of object successfully

2018-05-15 18:18:46 - [TEST_STEP][PASSED] - Statement - batchsize = com.kms.katalon.core.webui.keyword.WebUiBuiltInKeywords.getNumberOfTotalOption(batchlength): 10 options of object '' counted

2018-05-15 18:18:46 - [MESSAGE][PASSED] - 10 options of object '' counted

2018-05-15 18:18:46 - [TEST_STEP][PASSED] - Statement - out.println("BatchSize : " + batchsize): null

2018-05-15 18:18:46 - [TEST_STEP][PASSED] - Statement - For ([n = 1, n <= batchsize - 1, (n++)]): null

2018-05-15 18:18:46 - [TEST_STEP][PASSED] - Statement - product = new com.kms.katalon.core.testobject.TestObject(): null

2018-05-15 18:18:46 - [TEST_STEP][PASSED] - Statement - product = com.kms.katalon.core.webui.keyword.WebUiBuiltInKeywords.modifyObjectProperty(product, "xpath", "equals", "//*[@id = "fldvendor" + row + ""]", true): Modify property of object successfully

2018-05-15 18:18:46 - [MESSAGE][PASSED] - Modify property of object successfully

2018-05-15 18:18:46 - [TEST_STEP][PASSED] - selectOptionByIndex: All options with index in [1] are selected on object ''

2018-05-15 18:18:46 - [MESSAGE][PASSED] - All options with index in [1] are selected on object ''

2018-05-15 18:18:46 - [TEST_STEP][PASSED] - Statement - batch = new com.kms.katalon.core.testobject.TestObject(): null

2018-05-15 18:18:46 - [TEST_STEP][PASSED] - Statement - batch = com.kms.katalon.core.webui.keyword.WebUiBuiltInKeywords.modifyObjectProperty(batch, "xpath", "equals", "//*[@id = "txtbthqty" + row + ""]", true): Modify property of object successfully

2018-05-15 18:18:46 - [MESSAGE][PASSED] - Modify property of object successfully

2018-05-15 18:18:46 - [TEST_STEP][PASSED] - Statement - batchqty = com.kms.katalon.core.webui.keyword.WebUiBuiltInKeywords.getAttribute(batch, "value").trim(): Attribute 'value' of object '' is: '3000'

2018-05-15 18:18:46 - [MESSAGE][PASSED] - Attribute 'value' of object '' is: '3000'

2018-05-15 18:18:46 - [TEST_STEP][PASSED] - Statement - Rqty = 10000: null

2018-05-15 18:18:46 - [TEST_STEP][PASSED] - delay: Delayed 2 second(s)

2018-05-15 18:18:48 - [MESSAGE][PASSED] - Delayed 2 second(s)

2018-05-15 18:18:48 - [TEST_STEP][PASSED] - Statement - out.println("BatchQty : " + batchqty): null

2018-05-15 18:18:48 - [TEST_STEP][PASSED] - Statement - out.println("RQty : " + Rqty): null

2018-05-15 18:18:48 - [TEST_STEP][PASSED] - Statement - If (java.lang.Integer.valueOf(batchqty) >= java.lang.Integer.valueOf(Rqty)): null

2018-05-15 18:18:48 - [TEST_STEP][PASSED] - Statement - Else: null

2018-05-15 18:18:48 - [TEST_STEP][PASSED] - Statement - out.println("Batchqty Is Less Than Rqty"): null

2018-05-15 18:18:48 - [TEST_STEP][PASSED] - Statement - product = new com.kms.katalon.core.testobject.TestObject(): null

2018-05-15 18:18:48 - [TEST_STEP][PASSED] - Statement - product = com.kms.katalon.core.webui.keyword.WebUiBuiltInKeywords.modifyObjectProperty(product, "xpath", "equals", "//*[@id = "fldvendor" + row + ""]", true): Modify property of object successfully

2018-05-15 18:18:48 - [MESSAGE][PASSED] - Modify property of object successfully

2018-05-15 18:18:48 - [TEST_STEP][PASSED] - selectOptionByIndex: All options with index in [2] are selected on object ''

2018-05-15 18:18:48 - [MESSAGE][PASSED] - All options with index in [2] are selected on object ''

2018-05-15 18:18:48 - [TEST_STEP][PASSED] - Statement - batch = new com.kms.katalon.core.testobject.TestObject(): null

2018-05-15 18:18:48 - [TEST_STEP][PASSED] - Statement - batch = com.kms.katalon.core.webui.keyword.WebUiBuiltInKeywords.modifyObjectProperty(batch, "xpath", "equals", "//*[@id = "txtbthqty" + row + ""]", true): Modify property of object successfully

2018-05-15 18:18:48 - [MESSAGE][PASSED] - Modify property of object successfully

2018-05-15 18:18:48 - [TEST_STEP][PASSED] - Statement - batchqty = com.kms.katalon.core.webui.keyword.WebUiBuiltInKeywords.getAttribute(batch, "value").trim(): Attribute 'value' of object '' is: '3000'

2018-05-15 18:18:48 - [MESSAGE][PASSED] - Attribute 'value' of object '' is: '3000'

2018-05-15 18:18:48 - [TEST_STEP][PASSED] - Statement - Rqty = 10000: null

2018-05-15 18:18:48 - [TEST_STEP][PASSED] - delay: Delayed 2 second(s)

2018-05-15 18:18:50 - [MESSAGE][PASSED] - Delayed 2 second(s)

2018-05-15 18:18:50 - [TEST_STEP][PASSED] - Statement - out.println("BatchQty : " + batchqty): null

2018-05-15 18:18:50 - [TEST_STEP][PASSED] - Statement - out.println("RQty : " + Rqty): null

2018-05-15 18:18:50 - [TEST_STEP][PASSED] - Statement - If (java.lang.Integer.valueOf(batchqty) >= java.lang.Integer.valueOf(Rqty)): null

2018-05-15 18:18:50 - [TEST_STEP][PASSED] - Statement - Else: null

2018-05-15 18:18:50 - [TEST_STEP][PASSED] - Statement - out.println("Batchqty Is Less Than Rqty"): null

2018-05-15 18:18:50 - [TEST_STEP][PASSED] - Statement - product = new com.kms.katalon.core.testobject.TestObject(): null

2018-05-15 18:18:50 - [TEST_STEP][PASSED] - Statement - product = com.kms.katalon.core.webui.keyword.WebUiBuiltInKeywords.modifyObjectProperty(product, "xpath", "equals", "//*[@id = "fldvendor" + row + ""]", true): Modify property of object successfully

2018-05-15 18:18:50 - [MESSAGE][PASSED] - Modify property of object successfully

2018-05-15 18:18:50 - [TEST_STEP][PASSED] - selectOptionByIndex: All options with index in [3] are selected on object ''

2018-05-15 18:18:51 - [MESSAGE][PASSED] - All options with index in [3] are selected on object ''

2018-05-15 18:18:51 - [TEST_STEP][PASSED] - Statement - batch = new com.kms.katalon.core.testobject.TestObject(): null

2018-05-15 18:18:51 - [TEST_STEP][PASSED] - Statement - batch = com.kms.katalon.core.webui.keyword.WebUiBuiltInKeywords.modifyObjectProperty(batch, "xpath", "equals", "//*[@id = "txtbthqty" + row + ""]", true): Modify property of object successfully

2018-05-15 18:18:51 - [MESSAGE][PASSED] - Modify property of object successfully

2018-05-15 18:18:51 - [TEST_STEP][PASSED] - Statement - batchqty = com.kms.katalon.core.webui.keyword.WebUiBuiltInKeywords.getAttribute(batch, "value").trim(): Attribute 'value' of object '' is: '35000'

2018-05-15 18:18:51 - [MESSAGE][PASSED] - Attribute 'value' of object '' is: '35000'

2018-05-15 18:18:51 - [TEST_STEP][PASSED] - Statement - Rqty = 10000: null

2018-05-15 18:18:51 - [TEST_STEP][PASSED] - delay: Delayed 2 second(s)

2018-05-15 18:18:53 - [MESSAGE][PASSED] - Delayed 2 second(s)

2018-05-15 18:18:53 - [TEST_STEP][PASSED] - Statement - out.println("BatchQty : " + batchqty): null

2018-05-15 18:18:53 - [TEST_STEP][PASSED] - Statement - out.println("RQty : " + Rqty): null

2018-05-15 18:18:53 - [TEST_STEP][PASSED] - Statement - If (java.lang.Integer.valueOf(batchqty) >= java.lang.Integer.valueOf(Rqty)): null

2018-05-15 18:18:53 - [TEST_STEP][PASSED] - Statement - Break: null

2018-05-15 18:18:53 - [TEST_STEP][PASSED] - Statement - batchlength = new com.kms.katalon.core.testobject.TestObject(): null

2018-05-15 18:18:53 - [TEST_STEP][PASSED] - Statement - batchlength = com.kms.katalon.core.webui.keyword.WebUiBuiltInKeywords.modifyObjectProperty(batchlength, "xpath", "equals", "//*[@id = "fldvendor" + row + ""]", true): Modify property of object successfully

2018-05-15 18:18:53 - [MESSAGE][PASSED] - Modify property of object successfully

2018-05-15 18:18:53 - [TEST_STEP][PASSED] - Statement - batchsize = com.kms.katalon.core.webui.keyword.WebUiBuiltInKeywords.getNumberOfTotalOption(batchlength): 10 options of object '' counted

2018-05-15 18:18:53 - [MESSAGE][PASSED] - 10 options of object '' counted

2018-05-15 18:18:53 - [TEST_STEP][PASSED] - Statement - out.println("BatchSize : " + batchsize): null

2018-05-15 18:18:53 - [TEST_STEP][PASSED] - Statement - For ([n = 1, n <= batchsize - 1, (n++)]): null

2018-05-15 18:18:53 - [TEST_STEP][PASSED] - Statement - product = new com.kms.katalon.core.testobject.TestObject(): null

2018-05-15 18:18:53 - [TEST_STEP][PASSED] - Statement - product = com.kms.katalon.core.webui.keyword.WebUiBuiltInKeywords.modifyObjectProperty(product, "xpath", "equals", "//*[@id = "fldvendor" + row + ""]", true): Modify property of object successfully

2018-05-15 18:18:53 - [MESSAGE][PASSED] - Modify property of object successfully

2018-05-15 18:18:53 - [TEST_STEP][PASSED] - selectOptionByIndex: All options with index in [1] are selected on object ''

2018-05-15 18:18:53 - [MESSAGE][PASSED] - All options with index in [1] are selected on object ''

2018-05-15 18:18:53 - [TEST_STEP][PASSED] - Statement - batch = new com.kms.katalon.core.testobject.TestObject(): null

2018-05-15 18:18:53 - [TEST_STEP][PASSED] - Statement - batch = com.kms.katalon.core.webui.keyword.WebUiBuiltInKeywords.modifyObjectProperty(batch, "xpath", "equals", "//*[@id = "txtbthqty" + row + ""]", true): Modify property of object successfully

2018-05-15 18:18:53 - [MESSAGE][PASSED] - Modify property of object successfully

2018-05-15 18:18:53 - [TEST_STEP][PASSED] - Statement - batchqty = com.kms.katalon.core.webui.keyword.WebUiBuiltInKeywords.getAttribute(batch, "value").trim(): Attribute 'value' of object '' is: '39000'

2018-05-15 18:18:53 - [MESSAGE][PASSED] - Attribute 'value' of object '' is: '39000'

2018-05-15 18:18:53 - [TEST_STEP][PASSED] - Statement - Rqty = 10000: null

2018-05-15 18:18:53 - [TEST_STEP][PASSED] - delay: Delayed 2 second(s)

2018-05-15 18:18:55 - [MESSAGE][PASSED] - Delayed 2 second(s)

2018-05-15 18:18:55 - [TEST_STEP][PASSED] - Statement - out.println("BatchQty : " + batchqty): null

2018-05-15 18:18:55 - [TEST_STEP][PASSED] - Statement - out.println("RQty : " + Rqty): null

2018-05-15 18:18:55 - [TEST_STEP][PASSED] - Statement - If (java.lang.Integer.valueOf(batchqty) >= java.lang.Integer.valueOf(Rqty)): null

2018-05-15 18:18:55 - [TEST_STEP][PASSED] - Statement - Break: null

2018-05-15 18:18:55 - [TEST_STEP][PASSED] - Statement - batchlength = new com.kms.katalon.core.testobject.TestObject(): null

2018-05-15 18:18:55 - [TEST_STEP][PASSED] - Statement - batchlength = com.kms.katalon.core.webui.keyword.WebUiBuiltInKeywords.modifyObjectProperty(batchlength, "xpath", "equals", "//*[@id = "fldvendor" + row + ""]", true): Modify property of object successfully

2018-05-15 18:18:55 - [MESSAGE][PASSED] - Modify property of object successfully

2018-05-15 18:18:55 - [TEST_STEP][PASSED] - Statement - batchsize = com.kms.katalon.core.webui.keyword.WebUiBuiltInKeywords.getNumberOfTotalOption(batchlength): 10 options of object '' counted

2018-05-15 18:18:55 - [MESSAGE][PASSED] - 10 options of object '' counted

2018-05-15 18:18:55 - [TEST_STEP][PASSED] - Statement - out.println("BatchSize : " + batchsize): null

2018-05-15 18:18:55 - [TEST_STEP][PASSED] - Statement - For ([n = 1, n <= batchsize - 1, (n++)]): null

2018-05-15 18:18:55 - [TEST_STEP][PASSED] - Statement - product = new com.kms.katalon.core.testobject.TestObject(): null

2018-05-15 18:18:55 - [TEST_STEP][PASSED] - Statement - product = com.kms.katalon.core.webui.keyword.WebUiBuiltInKeywords.modifyObjectProperty(product, "xpath", "equals", "//*[@id = "fldvendor" + row + ""]", true): Modify property of object successfully

2018-05-15 18:18:55 - [MESSAGE][PASSED] - Modify property of object successfully

2018-05-15 18:18:55 - [TEST_STEP][PASSED] - selectOptionByIndex: All options with index in [1] are selected on object ''

2018-05-15 18:18:55 - [MESSAGE][PASSED] - All options with index in [1] are selected on object ''

2018-05-15 18:18:55 - [TEST_STEP][PASSED] - Statement - batch = new com.kms.katalon.core.testobject.TestObject(): null

2018-05-15 18:18:55 - [TEST_STEP][PASSED] - Statement - batch = com.kms.katalon.core.webui.keyword.WebUiBuiltInKeywords.modifyObjectProperty(batch, "xpath", "equals", "//*[@id = "txtbthqty" + row + ""]", true): Modify property of object successfully

2018-05-15 18:18:55 - [MESSAGE][PASSED] - Modify property of object successfully

2018-05-15 18:18:55 - [TEST_STEP][PASSED] - Statement - batchqty = com.kms.katalon.core.webui.keyword.WebUiBuiltInKeywords.getAttribute(batch, "value").trim(): Attribute 'value' of object '' is: '39000'

2018-05-15 18:18:55 - [MESSAGE][PASSED] - Attribute 'value' of object '' is: '39000'

2018-05-15 18:18:55 - [TEST_STEP][PASSED] - Statement - Rqty = 10000: null

2018-05-15 18:18:55 - [TEST_STEP][PASSED] - delay: Delayed 2 second(s)

2018-05-15 18:18:57 - [MESSAGE][PASSED] - Delayed 2 second(s)

2018-05-15 18:18:57 - [TEST_STEP][PASSED] - Statement - out.println("BatchQty : " + batchqty): null

2018-05-15 18:18:57 - [TEST_STEP][PASSED] - Statement - out.println("RQty : " + Rqty): null

2018-05-15 18:18:57 - [TEST_STEP][PASSED] - Statement - If (java.lang.Integer.valueOf(batchqty) >= java.lang.Integer.valueOf(Rqty)): null

2018-05-15 18:18:57 - [TEST_STEP][PASSED] - Statement - Break: null

2018-05-15 18:18:57 - [TEST_STEP][PASSED] - Statement - batchlength = new com.kms.katalon.core.testobject.TestObject(): null

2018-05-15 18:18:57 - [TEST_STEP][PASSED] - Statement - batchlength = com.kms.katalon.core.webui.keyword.WebUiBuiltInKeywords.modifyObjectProperty(batchlength, "xpath", "equals", "//*[@id = "fldvendor" + row + ""]", true): Modify property of object successfully

2018-05-15 18:18:57 - [MESSAGE][PASSED] - Modify property of object successfully

2018-05-15 18:18:57 - [TEST_STEP][PASSED] - Statement - batchsize = com.kms.katalon.core.webui.keyword.WebUiBuiltInKeywords.getNumberOfTotalOption(batchlength): 10 options of object '' counted

2018-05-15 18:18:57 - [MESSAGE][PASSED] - 10 options of object '' counted

2018-05-15 18:18:57 - [TEST_STEP][PASSED] - Statement - out.println("BatchSize : " + batchsize): null

2018-05-15 18:18:57 - [TEST_STEP][PASSED] - Statement - For ([n = 1, n <= batchsize - 1, (n++)]): null

2018-05-15 18:18:57 - [TEST_STEP][PASSED] - Statement - product = new com.kms.katalon.core.testobject.TestObject(): null

2018-05-15 18:18:57 - [TEST_STEP][PASSED] - Statement - product = com.kms.katalon.core.webui.keyword.WebUiBuiltInKeywords.modifyObjectProperty(product, "xpath", "equals", "//*[@id = "fldvendor" + row + ""]", true): Modify property of object successfully

2018-05-15 18:18:57 - [MESSAGE][PASSED] - Modify property of object successfully

2018-05-15 18:18:57 - [TEST_STEP][PASSED] - selectOptionByIndex: All options with index in [1] are selected on object ''

2018-05-15 18:18:57 - [MESSAGE][PASSED] - All options with index in [1] are selected on object ''

2018-05-15 18:18:57 - [TEST_STEP][PASSED] - Statement - batch = new com.kms.katalon.core.testobject.TestObject(): null

2018-05-15 18:18:57 - [TEST_STEP][PASSED] - Statement - batch = com.kms.katalon.core.webui.keyword.WebUiBuiltInKeywords.modifyObjectProperty(batch, "xpath", "equals", "//*[@id = "txtbthqty" + row + ""]", true): Modify property of object successfully

2018-05-15 18:18:57 - [MESSAGE][PASSED] - Modify property of object successfully

2018-05-15 18:18:57 - [TEST_STEP][PASSED] - Statement - batchqty = com.kms.katalon.core.webui.keyword.WebUiBuiltInKeywords.getAttribute(batch, "value").trim(): Attribute 'value' of object '' is: '39000'

2018-05-15 18:18:57 - [MESSAGE][PASSED] - Attribute 'value' of object '' is: '39000'

2018-05-15 18:18:57 - [TEST_STEP][PASSED] - Statement - Rqty = 10000: null

2018-05-15 18:18:57 - [TEST_STEP][PASSED] - delay: Delayed 2 second(s)

2018-05-15 18:18:59 - [MESSAGE][PASSED] - Delayed 2 second(s)

2018-05-15 18:18:59 - [TEST_STEP][PASSED] - Statement - out.println("BatchQty : " + batchqty): null

2018-05-15 18:18:59 - [TEST_STEP][PASSED] - Statement - out.println("RQty : " + Rqty): null

2018-05-15 18:18:59 - [TEST_STEP][PASSED] - Statement - If (java.lang.Integer.valueOf(batchqty) >= java.lang.Integer.valueOf(Rqty)): null

2018-05-15 18:18:59 - [TEST_STEP][PASSED] - Statement - Break: null

2018-05-15 18:18:59 - [TEST_STEP][PASSED] - Statement - batchlength = new com.kms.katalon.core.testobject.TestObject(): null

2018-05-15 18:18:59 - [TEST_STEP][PASSED] - Statement - batchlength = com.kms.katalon.core.webui.keyword.WebUiBuiltInKeywords.modifyObjectProperty(batchlength, "xpath", "equals", "//*[@id = "fldvendor" + row + ""]", true): Modify property of object successfully

2018-05-15 18:18:59 - [MESSAGE][PASSED] - Modify property of object successfully

2018-05-15 18:18:59 - [TEST_STEP][PASSED] - Statement - batchsize = com.kms.katalon.core.webui.keyword.WebUiBuiltInKeywords.getNumberOfTotalOption(batchlength): 18 options of object '' counted

2018-05-15 18:18:59 - [MESSAGE][PASSED] - 18 options of object '' counted

2018-05-15 18:18:59 - [TEST_STEP][PASSED] - Statement - out.println("BatchSize : " + batchsize): null

2018-05-15 18:18:59 - [TEST_STEP][PASSED] - Statement - For ([n = 1, n <= batchsize - 1, (n++)]): null

2018-05-15 18:18:59 - [TEST_STEP][PASSED] - Statement - product = new com.kms.katalon.core.testobject.TestObject(): null

2018-05-15 18:18:59 - [TEST_STEP][PASSED] - Statement - product = com.kms.katalon.core.webui.keyword.WebUiBuiltInKeywords.modifyObjectProperty(product, "xpath", "equals", "//*[@id = "fldvendor" + row + ""]", true): Modify property of object successfully

2018-05-15 18:18:59 - [MESSAGE][PASSED] - Modify property of object successfully

2018-05-15 18:18:59 - [TEST_STEP][PASSED] - selectOptionByIndex: All options with index in [1] are selected on object ''

2018-05-15 18:19:00 - [MESSAGE][PASSED] - All options with index in [1] are selected on object ''

2018-05-15 18:19:00 - [TEST_STEP][PASSED] - Statement - batch = new com.kms.katalon.core.testobject.TestObject(): null

2018-05-15 18:19:00 - [TEST_STEP][PASSED] - Statement - batch = com.kms.katalon.core.webui.keyword.WebUiBuiltInKeywords.modifyObjectProperty(batch, "xpath", "equals", "//*[@id = "txtbthqty" + row + ""]", true): Modify property of object successfully

2018-05-15 18:19:00 - [MESSAGE][PASSED] - Modify property of object successfully

2018-05-15 18:19:00 - [TEST_STEP][PASSED] - Statement - batchqty = com.kms.katalon.core.webui.keyword.WebUiBuiltInKeywords.getAttribute(batch, "value").trim(): Attribute 'value' of object '' is: '3000'

2018-05-15 18:19:00 - [MESSAGE][PASSED] - Attribute 'value' of object '' is: '3000'

2018-05-15 18:19:00 - [TEST_STEP][PASSED] - Statement - Rqty = 10000: null

2018-05-15 18:19:00 - [TEST_STEP][PASSED] - delay: Delayed 2 second(s)

2018-05-15 18:19:02 - [MESSAGE][PASSED] - Delayed 2 second(s)

2018-05-15 18:19:02 - [TEST_STEP][PASSED] - Statement - out.println("BatchQty : " + batchqty): null

2018-05-15 18:19:02 - [TEST_STEP][PASSED] - Statement - out.println("RQty : " + Rqty): null

2018-05-15 18:19:02 - [TEST_STEP][PASSED] - Statement - If (java.lang.Integer.valueOf(batchqty) >= java.lang.Integer.valueOf(Rqty)): null

2018-05-15 18:19:02 - [TEST_STEP][PASSED] - Statement - Else: null

2018-05-15 18:19:02 - [TEST_STEP][PASSED] - Statement - out.println("Batchqty Is Less Than Rqty"): null

2018-05-15 18:19:02 - [TEST_STEP][PASSED] - Statement - product = new com.kms.katalon.core.testobject.TestObject(): null

2018-05-15 18:19:02 - [TEST_STEP][PASSED] - Statement - product = com.kms.katalon.core.webui.keyword.WebUiBuiltInKeywords.modifyObjectProperty(product, "xpath", "equals", "//*[@id = "fldvendor" + row + ""]", true): Modify property of object successfully

2018-05-15 18:19:02 - [MESSAGE][PASSED] - Modify property of object successfully

2018-05-15 18:19:02 - [TEST_STEP][PASSED] - selectOptionByIndex: All options with index in [2] are selected on object ''

2018-05-15 18:19:02 - [MESSAGE][PASSED] - All options with index in [2] are selected on object ''

2018-05-15 18:19:02 - [TEST_STEP][PASSED] - Statement - batch = new com.kms.katalon.core.testobject.TestObject(): null

2018-05-15 18:19:02 - [TEST_STEP][PASSED] - Statement - batch = com.kms.katalon.core.webui.keyword.WebUiBuiltInKeywords.modifyObjectProperty(batch, "xpath", "equals", "//*[@id = "txtbthqty" + row + ""]", true): Modify property of object successfully

2018-05-15 18:19:02 - [MESSAGE][PASSED] - Modify property of object successfully

2018-05-15 18:19:02 - [TEST_STEP][PASSED] - Statement - batchqty = com.kms.katalon.core.webui.keyword.WebUiBuiltInKeywords.getAttribute(batch, "value").trim(): Attribute 'value' of object '' is: '5000'

2018-05-15 18:19:02 - [MESSAGE][PASSED] - Attribute 'value' of object '' is: '5000'

2018-05-15 18:19:02 - [TEST_STEP][PASSED] - Statement - Rqty = 10000: null

2018-05-15 18:19:02 - [TEST_STEP][PASSED] - delay: Delayed 2 second(s)

2018-05-15 18:19:04 - [MESSAGE][PASSED] - Delayed 2 second(s)

2018-05-15 18:19:04 - [TEST_STEP][PASSED] - Statement - out.println("BatchQty : " + batchqty): null

2018-05-15 18:19:04 - [TEST_STEP][PASSED] - Statement - out.println("RQty : " + Rqty): null

2018-05-15 18:19:04 - [TEST_STEP][PASSED] - Statement - If (java.lang.Integer.valueOf(batchqty) >= java.lang.Integer.valueOf(Rqty)): null

2018-05-15 18:19:04 - [TEST_STEP][PASSED] - Statement - Else: null

2018-05-15 18:19:04 - [TEST_STEP][PASSED] - Statement - out.println("Batchqty Is Less Than Rqty"): null

2018-05-15 18:19:04 - [TEST_STEP][PASSED] - Statement - product = new com.kms.katalon.core.testobject.TestObject(): null

2018-05-15 18:19:04 - [TEST_STEP][PASSED] - Statement - product = com.kms.katalon.core.webui.keyword.WebUiBuiltInKeywords.modifyObjectProperty(product, "xpath", "equals", "//*[@id = "fldvendor" + row + ""]", true): Modify property of object successfully

2018-05-15 18:19:04 - [MESSAGE][PASSED] - Modify property of object successfully

2018-05-15 18:19:04 - [TEST_STEP][PASSED] - selectOptionByIndex: All options with index in [3] are selected on object ''

2018-05-15 18:19:04 - [MESSAGE][PASSED] - All options with index in [3] are selected on object ''

2018-05-15 18:19:04 - [TEST_STEP][PASSED] - Statement - batch = new com.kms.katalon.core.testobject.TestObject(): null

2018-05-15 18:19:04 - [TEST_STEP][PASSED] - Statement - batch = com.kms.katalon.core.webui.keyword.WebUiBuiltInKeywords.modifyObjectProperty(batch, "xpath", "equals", "//*[@id = "txtbthqty" + row + ""]", true): Modify property of object successfully

2018-05-15 18:19:04 - [MESSAGE][PASSED] - Modify property of object successfully

2018-05-15 18:19:04 - [TEST_STEP][PASSED] - Statement - batchqty = com.kms.katalon.core.webui.keyword.WebUiBuiltInKeywords.getAttribute(batch, "value").trim(): Attribute 'value' of object '' is: '500'

2018-05-15 18:19:04 - [MESSAGE][PASSED] - Attribute 'value' of object '' is: '500'

2018-05-15 18:19:04 - [TEST_STEP][PASSED] - Statement - Rqty = 10000: null

2018-05-15 18:19:04 - [TEST_STEP][PASSED] - delay: Delayed 2 second(s)

2018-05-15 18:19:06 - [MESSAGE][PASSED] - Delayed 2 second(s)

2018-05-15 18:19:06 - [TEST_STEP][PASSED] - Statement - out.println("BatchQty : " + batchqty): null

2018-05-15 18:19:06 - [TEST_STEP][PASSED] - Statement - out.println("RQty : " + Rqty): null

2018-05-15 18:19:06 - [TEST_STEP][PASSED] - Statement - If (java.lang.Integer.valueOf(batchqty) >= java.lang.Integer.valueOf(Rqty)): null

2018-05-15 18:19:06 - [TEST_STEP][PASSED] - Statement - Else: null

2018-05-15 18:19:06 - [TEST_STEP][PASSED] - Statement - out.println("Batchqty Is Less Than Rqty"): null

2018-05-15 18:19:06 - [TEST_STEP][PASSED] - Statement - product = new com.kms.katalon.core.testobject.TestObject(): null

2018-05-15 18:19:06 - [TEST_STEP][PASSED] - Statement - product = com.kms.katalon.core.webui.keyword.WebUiBuiltInKeywords.modifyObjectProperty(product, "xpath", "equals", "//*[@id = "fldvendor" + row + ""]", true): Modify property of object successfully

2018-05-15 18:19:06 - [MESSAGE][PASSED] - Modify property of object successfully

2018-05-15 18:19:06 - [TEST_STEP][PASSED] - selectOptionByIndex: All options with index in [4] are selected on object ''

2018-05-15 18:19:06 - [MESSAGE][PASSED] - All options with index in [4] are selected on object ''

2018-05-15 18:19:06 - [TEST_STEP][PASSED] - Statement - batch = new com.kms.katalon.core.testobject.TestObject(): null

2018-05-15 18:19:06 - [TEST_STEP][PASSED] - Statement - batch = com.kms.katalon.core.webui.keyword.WebUiBuiltInKeywords.modifyObjectProperty(batch, "xpath", "equals", "//*[@id = "txtbthqty" + row + ""]", true): Modify property of object successfully

2018-05-15 18:19:06 - [MESSAGE][PASSED] - Modify property of object successfully

2018-05-15 18:19:06 - [TEST_STEP][PASSED] - Statement - batchqty = com.kms.katalon.core.webui.keyword.WebUiBuiltInKeywords.getAttribute(batch, "value").trim(): Attribute 'value' of object '' is: '500'

2018-05-15 18:19:06 - [MESSAGE][PASSED] - Attribute 'value' of object '' is: '500'

2018-05-15 18:19:06 - [TEST_STEP][PASSED] - Statement - Rqty = 10000: null

2018-05-15 18:19:06 - [TEST_STEP][PASSED] - delay: Delayed 2 second(s)

2018-05-15 18:19:08 - [MESSAGE][PASSED] - Delayed 2 second(s)

2018-05-15 18:19:08 - [TEST_STEP][PASSED] - Statement - out.println("BatchQty : " + batchqty): null

2018-05-15 18:19:08 - [TEST_STEP][PASSED] - Statement - out.println("RQty : " + Rqty): null

2018-05-15 18:19:08 - [TEST_STEP][PASSED] - Statement - If (java.lang.Integer.valueOf(batchqty) >= java.lang.Integer.valueOf(Rqty)): null

2018-05-15 18:19:08 - [TEST_STEP][PASSED] - Statement - Else: null

2018-05-15 18:19:08 - [TEST_STEP][PASSED] - Statement - out.println("Batchqty Is Less Than Rqty"): null

2018-05-15 18:19:08 - [TEST_STEP][PASSED] - Statement - product = new com.kms.katalon.core.testobject.TestObject(): null

2018-05-15 18:19:08 - [TEST_STEP][PASSED] - Statement - product = com.kms.katalon.core.webui.keyword.WebUiBuiltInKeywords.modifyObjectProperty(product, "xpath", "equals", "//*[@id = "fldvendor" + row + ""]", true): Modify property of object successfully

2018-05-15 18:19:08 - [MESSAGE][PASSED] - Modify property of object successfully

2018-05-15 18:19:08 - [TEST_STEP][PASSED] - selectOptionByIndex: All options with index in [5] are selected on object ''

2018-05-15 18:19:08 - [MESSAGE][PASSED] - All options with index in [5] are selected on object ''

2018-05-15 18:19:08 - [TEST_STEP][PASSED] - Statement - batch = new com.kms.katalon.core.testobject.TestObject(): null

2018-05-15 18:19:08 - [TEST_STEP][PASSED] - Statement - batch = com.kms.katalon.core.webui.keyword.WebUiBuiltInKeywords.modifyObjectProperty(batch, "xpath", "equals", "//*[@id = "txtbthqty" + row + ""]", true): Modify property of object successfully

2018-05-15 18:19:08 - [MESSAGE][PASSED] - Modify property of object successfully

2018-05-15 18:19:08 - [TEST_STEP][PASSED] - Statement - batchqty = com.kms.katalon.core.webui.keyword.WebUiBuiltInKeywords.getAttribute(batch, "value").trim(): Attribute 'value' of object '' is: '5000'

2018-05-15 18:19:08 - [MESSAGE][PASSED] - Attribute 'value' of object '' is: '5000'

2018-05-15 18:19:08 - [TEST_STEP][PASSED] - Statement - Rqty = 10000: null

2018-05-15 18:19:08 - [TEST_STEP][PASSED] - delay: Delayed 2 second(s)

2018-05-15 18:19:10 - [MESSAGE][PASSED] - Delayed 2 second(s)

2018-05-15 18:19:10 - [TEST_STEP][PASSED] - Statement - out.println("BatchQty : " + batchqty): null

2018-05-15 18:19:10 - [TEST_STEP][PASSED] - Statement - out.println("RQty : " + Rqty): null

2018-05-15 18:19:10 - [TEST_STEP][PASSED] - Statement - If (java.lang.Integer.valueOf(batchqty) >= java.lang.Integer.valueOf(Rqty)): null

2018-05-15 18:19:10 - [TEST_STEP][PASSED] - Statement - Else: null

2018-05-15 18:19:10 - [TEST_STEP][PASSED] - Statement - out.println("Batchqty Is Less Than Rqty"): null

2018-05-15 18:19:10 - [TEST_STEP][PASSED] - Statement - product = new com.kms.katalon.core.testobject.TestObject(): null

2018-05-15 18:19:10 - [TEST_STEP][PASSED] - Statement - product = com.kms.katalon.core.webui.keyword.WebUiBuiltInKeywords.modifyObjectProperty(product, "xpath", "equals", "//*[@id = "fldvendor" + row + ""]", true): Modify property of object successfully

2018-05-15 18:19:10 - [MESSAGE][PASSED] - Modify property of object successfully

2018-05-15 18:19:10 - [TEST_STEP][PASSED] - selectOptionByIndex: All options with index in [6] are selected on object ''

2018-05-15 18:19:11 - [MESSAGE][PASSED] - All options with index in [6] are selected on object ''

2018-05-15 18:19:11 - [TEST_STEP][PASSED] - Statement - batch = new com.kms.katalon.core.testobject.TestObject(): null

2018-05-15 18:19:11 - [TEST_STEP][PASSED] - Statement - batch = com.kms.katalon.core.webui.keyword.WebUiBuiltInKeywords.modifyObjectProperty(batch, "xpath", "equals", "//*[@id = "txtbthqty" + row + ""]", true): Modify property of object successfully

2018-05-15 18:19:11 - [MESSAGE][PASSED] - Modify property of object successfully

2018-05-15 18:19:11 - [TEST_STEP][PASSED] - Statement - batchqty = com.kms.katalon.core.webui.keyword.WebUiBuiltInKeywords.getAttribute(batch, "value").trim(): Attribute 'value' of object '' is: '5000'

2018-05-15 18:19:11 - [MESSAGE][PASSED] - Attribute 'value' of object '' is: '5000'

2018-05-15 18:19:11 - [TEST_STEP][PASSED] - Statement - Rqty = 10000: null

2018-05-15 18:19:11 - [TEST_STEP][PASSED] - delay: Delayed 2 second(s)

2018-05-15 18:19:13 - [MESSAGE][PASSED] - Delayed 2 second(s)

2018-05-15 18:19:13 - [TEST_STEP][PASSED] - Statement - out.println("BatchQty : " + batchqty): null

2018-05-15 18:19:13 - [TEST_STEP][PASSED] - Statement - out.println("RQty : " + Rqty): null

2018-05-15 18:19:13 - [TEST_STEP][PASSED] - Statement - If (java.lang.Integer.valueOf(batchqty) >= java.lang.Integer.valueOf(Rqty)): null

2018-05-15 18:19:13 - [TEST_STEP][PASSED] - Statement - Else: null

2018-05-15 18:19:13 - [TEST_STEP][PASSED] - Statement - out.println("Batchqty Is Less Than Rqty"): null

2018-05-15 18:19:13 - [TEST_STEP][PASSED] - Statement - product = new com.kms.katalon.core.testobject.TestObject(): null

2018-05-15 18:19:13 - [TEST_STEP][PASSED] - Statement - product = com.kms.katalon.core.webui.keyword.WebUiBuiltInKeywords.modifyObjectProperty(product, "xpath", "equals", "//*[@id = "fldvendor" + row + ""]", true): Modify property of object successfully

2018-05-15 18:19:13 - [MESSAGE][PASSED] - Modify property of object successfully

2018-05-15 18:19:13 - [TEST_STEP][PASSED] - selectOptionByIndex: All options with index in [7] are selected on object ''

2018-05-15 18:19:13 - [MESSAGE][PASSED] - All options with index in [7] are selected on object ''

2018-05-15 18:19:13 - [TEST_STEP][PASSED] - Statement - batch = new com.kms.katalon.core.testobject.TestObject(): null

2018-05-15 18:19:13 - [TEST_STEP][PASSED] - Statement - batch = com.kms.katalon.core.webui.keyword.WebUiBuiltInKeywords.modifyObjectProperty(batch, "xpath", "equals", "//*[@id = "txtbthqty" + row + ""]", true): Modify property of object successfully

2018-05-15 18:19:13 - [MESSAGE][PASSED] - Modify property of object successfully

2018-05-15 18:19:13 - [TEST_STEP][PASSED] - Statement - batchqty = com.kms.katalon.core.webui.keyword.WebUiBuiltInKeywords.getAttribute(batch, "value").trim(): Attribute 'value' of object '' is: '30000'

2018-05-15 18:19:13 - [MESSAGE][PASSED] - Attribute 'value' of object '' is: '30000'

2018-05-15 18:19:13 - [TEST_STEP][PASSED] - Statement - Rqty = 10000: null

2018-05-15 18:19:13 - [TEST_STEP][PASSED] - delay: Delayed 2 second(s)

2018-05-15 18:19:15 - [MESSAGE][PASSED] - Delayed 2 second(s)

2018-05-15 18:19:15 - [TEST_STEP][PASSED] - Statement - out.println("BatchQty : " + batchqty): null

2018-05-15 18:19:15 - [TEST_STEP][PASSED] - Statement - out.println("RQty : " + Rqty): null

2018-05-15 18:19:15 - [TEST_STEP][PASSED] - Statement - If (java.lang.Integer.valueOf(batchqty) >= java.lang.Integer.valueOf(Rqty)): null

2018-05-15 18:19:15 - [TEST_STEP][PASSED] - Statement - Break: null

2018-05-15 18:19:15 - [TEST_STEP][PASSED] - Statement - batchlength = new com.kms.katalon.core.testobject.TestObject(): null

2018-05-15 18:19:15 - [TEST_STEP][PASSED] - Statement - batchlength = com.kms.katalon.core.webui.keyword.WebUiBuiltInKeywords.modifyObjectProperty(batchlength, "xpath", "equals", "//*[@id = "fldvendor" + row + ""]", true): Modify property of object successfully

2018-05-15 18:19:15 - [MESSAGE][PASSED] - Modify property of object successfully

2018-05-15 18:19:15 - [TEST_STEP][PASSED] - Statement - batchsize = com.kms.katalon.core.webui.keyword.WebUiBuiltInKeywords.getNumberOfTotalOption(batchlength): 18 options of object '' counted

2018-05-15 18:19:15 - [MESSAGE][PASSED] - 18 options of object '' counted

2018-05-15 18:19:15 - [TEST_STEP][PASSED] - Statement - out.println("BatchSize : " + batchsize): null

2018-05-15 18:19:15 - [TEST_STEP][PASSED] - Statement - For ([n = 1, n <= batchsize - 1, (n++)]): null

2018-05-15 18:19:15 - [TEST_STEP][PASSED] - Statement - product = new com.kms.katalon.core.testobject.TestObject(): null

2018-05-15 18:19:15 - [TEST_STEP][PASSED] - Statement - product = com.kms.katalon.core.webui.keyword.WebUiBuiltInKeywords.modifyObjectProperty(product, "xpath", "equals", "//*[@id = "fldvendor" + row + ""]", true): Modify property of object successfully

2018-05-15 18:19:15 - [MESSAGE][PASSED] - Modify property of object successfully

2018-05-15 18:19:15 - [TEST_STEP][PASSED] - selectOptionByIndex: All options with index in [1] are selected on object ''

2018-05-15 18:19:15 - [MESSAGE][PASSED] - All options with index in [1] are selected on object ''

2018-05-15 18:19:15 - [TEST_STEP][PASSED] - Statement - batch = new com.kms.katalon.core.testobject.TestObject(): null

2018-05-15 18:19:15 - [TEST_STEP][PASSED] - Statement - batch = com.kms.katalon.core.webui.keyword.WebUiBuiltInKeywords.modifyObjectProperty(batch, "xpath", "equals", "//*[@id = "txtbthqty" + row + ""]", true): Modify property of object successfully

2018-05-15 18:19:15 - [MESSAGE][PASSED] - Modify property of object successfully

2018-05-15 18:19:15 - [TEST_STEP][PASSED] - Statement - batchqty = com.kms.katalon.core.webui.keyword.WebUiBuiltInKeywords.getAttribute(batch, "value").trim(): Attribute 'value' of object '' is: '3000'

2018-05-15 18:19:15 - [MESSAGE][PASSED] - Attribute 'value' of object '' is: '3000'

2018-05-15 18:19:15 - [TEST_STEP][PASSED] - Statement - Rqty = 10000: null

2018-05-15 18:19:15 - [TEST_STEP][PASSED] - delay: Delayed 2 second(s)

2018-05-15 18:19:17 - [MESSAGE][PASSED] - Delayed 2 second(s)

2018-05-15 18:19:17 - [TEST_STEP][PASSED] - Statement - out.println("BatchQty : " + batchqty): null

2018-05-15 18:19:17 - [TEST_STEP][PASSED] - Statement - out.println("RQty : " + Rqty): null

2018-05-15 18:19:17 - [TEST_STEP][PASSED] - Statement - If (java.lang.Integer.valueOf(batchqty) >= java.lang.Integer.valueOf(Rqty)): null

2018-05-15 18:19:17 - [TEST_STEP][PASSED] - Statement - Else: null

2018-05-15 18:19:17 - [TEST_STEP][PASSED] - Statement - out.println("Batchqty Is Less Than Rqty"): null

2018-05-15 18:19:17 - [TEST_STEP][PASSED] - Statement - product = new com.kms.katalon.core.testobject.TestObject(): null

2018-05-15 18:19:17 - [TEST_STEP][PASSED] - Statement - product = com.kms.katalon.core.webui.keyword.WebUiBuiltInKeywords.modifyObjectProperty(product, "xpath", "equals", "//*[@id = "fldvendor" + row + ""]", true): Modify property of object successfully

2018-05-15 18:19:17 - [MESSAGE][PASSED] - Modify property of object successfully

2018-05-15 18:19:17 - [TEST_STEP][PASSED] - selectOptionByIndex: All options with index in [2] are selected on object ''

2018-05-15 18:19:17 - [MESSAGE][PASSED] - All options with index in [2] are selected on object ''

2018-05-15 18:19:17 - [TEST_STEP][PASSED] - Statement - batch = new com.kms.katalon.core.testobject.TestObject(): null

2018-05-15 18:19:17 - [TEST_STEP][PASSED] - Statement - batch = com.kms.katalon.core.webui.keyword.WebUiBuiltInKeywords.modifyObjectProperty(batch, "xpath", "equals", "//*[@id = "txtbthqty" + row + ""]", true): Modify property of object successfully

2018-05-15 18:19:17 - [MESSAGE][PASSED] - Modify property of object successfully

2018-05-15 18:19:17 - [TEST_STEP][PASSED] - Statement - batchqty = com.kms.katalon.core.webui.keyword.WebUiBuiltInKeywords.getAttribute(batch, "value").trim(): Attribute 'value' of object '' is: '5000'

2018-05-15 18:19:17 - [MESSAGE][PASSED] - Attribute 'value' of object '' is: '5000'

2018-05-15 18:19:17 - [TEST_STEP][PASSED] - Statement - Rqty = 10000: null

2018-05-15 18:19:17 - [TEST_STEP][PASSED] - delay: Delayed 2 second(s)

2018-05-15 18:19:19 - [MESSAGE][PASSED] - Delayed 2 second(s)

2018-05-15 18:19:19 - [TEST_STEP][PASSED] - Statement - out.println("BatchQty : " + batchqty): null

2018-05-15 18:19:19 - [TEST_STEP][PASSED] - Statement - out.println("RQty : " + Rqty): null

2018-05-15 18:19:19 - [TEST_STEP][PASSED] - Statement - If (java.lang.Integer.valueOf(batchqty) >= java.lang.Integer.valueOf(Rqty)): null

2018-05-15 18:19:19 - [TEST_STEP][PASSED] - Statement - Else: null

2018-05-15 18:19:19 - [TEST_STEP][PASSED] - Statement - out.println("Batchqty Is Less Than Rqty"): null

2018-05-15 18:19:19 - [TEST_STEP][PASSED] - Statement - product = new com.kms.katalon.core.testobject.TestObject(): null

2018-05-15 18:19:19 - [TEST_STEP][PASSED] - Statement - product = com.kms.katalon.core.webui.keyword.WebUiBuiltInKeywords.modifyObjectProperty(product, "xpath", "equals", "//*[@id = "fldvendor" + row + ""]", true): Modify property of object successfully

2018-05-15 18:19:19 - [MESSAGE][PASSED] - Modify property of object successfully

2018-05-15 18:19:19 - [TEST_STEP][PASSED] - selectOptionByIndex: All options with index in [3] are selected on object ''

2018-05-15 18:19:20 - [MESSAGE][PASSED] - All options with index in [3] are selected on object ''

2018-05-15 18:19:20 - [TEST_STEP][PASSED] - Statement - batch = new com.kms.katalon.core.testobject.TestObject(): null

2018-05-15 18:19:20 - [TEST_STEP][PASSED] - Statement - batch = com.kms.katalon.core.webui.keyword.WebUiBuiltInKeywords.modifyObjectProperty(batch, "xpath", "equals", "//*[@id = "txtbthqty" + row + ""]", true): Modify property of object successfully

2018-05-15 18:19:20 - [MESSAGE][PASSED] - Modify property of object successfully

2018-05-15 18:19:20 - [TEST_STEP][PASSED] - Statement - batchqty = com.kms.katalon.core.webui.keyword.WebUiBuiltInKeywords.getAttribute(batch, "value").trim(): Attribute 'value' of object '' is: '500'

2018-05-15 18:19:20 - [MESSAGE][PASSED] - Attribute 'value' of object '' is: '500'

2018-05-15 18:19:20 - [TEST_STEP][PASSED] - Statement - Rqty = 10000: null

2018-05-15 18:19:20 - [TEST_STEP][PASSED] - delay: Delayed 2 second(s)

2018-05-15 18:19:22 - [MESSAGE][PASSED] - Delayed 2 second(s)

2018-05-15 18:19:22 - [TEST_STEP][PASSED] - Statement - out.println("BatchQty : " + batchqty): null

2018-05-15 18:19:22 - [TEST_STEP][PASSED] - Statement - out.println("RQty : " + Rqty): null

2018-05-15 18:19:22 - [TEST_STEP][PASSED] - Statement - If (java.lang.Integer.valueOf(batchqty) >= java.lang.Integer.valueOf(Rqty)): null

2018-05-15 18:19:22 - [TEST_STEP][PASSED] - Statement - Else: null

2018-05-15 18:19:22 - [TEST_STEP][PASSED] - Statement - out.println("Batchqty Is Less Than Rqty"): null

2018-05-15 18:19:22 - [TEST_STEP][PASSED] - Statement - product = new com.kms.katalon.core.testobject.TestObject(): null

2018-05-15 18:19:22 - [TEST_STEP][PASSED] - Statement - product = com.kms.katalon.core.webui.keyword.WebUiBuiltInKeywords.modifyObjectProperty(product, "xpath", "equals", "//*[@id = "fldvendor" + row + ""]", true): Modify property of object successfully

2018-05-15 18:19:22 - [MESSAGE][PASSED] - Modify property of object successfully

2018-05-15 18:19:22 - [TEST_STEP][PASSED] - selectOptionByIndex: All options with index in [4] are selected on object ''

2018-05-15 18:19:22 - [MESSAGE][PASSED] - All options with index in [4] are selected on object ''

2018-05-15 18:19:22 - [TEST_STEP][PASSED] - Statement - batch = new com.kms.katalon.core.testobject.TestObject(): null

2018-05-15 18:19:22 - [TEST_STEP][PASSED] - Statement - batch = com.kms.katalon.core.webui.keyword.WebUiBuiltInKeywords.modifyObjectProperty(batch, "xpath", "equals", "//*[@id = "txtbthqty" + row + ""]", true): Modify property of object successfully

2018-05-15 18:19:22 - [MESSAGE][PASSED] - Modify property of object successfully

2018-05-15 18:19:22 - [TEST_STEP][PASSED] - Statement - batchqty = com.kms.katalon.core.webui.keyword.WebUiBuiltInKeywords.getAttribute(batch, "value").trim(): Attribute 'value' of object '' is: '5000'

2018-05-15 18:19:22 - [MESSAGE][PASSED] - Attribute 'value' of object '' is: '5000'

2018-05-15 18:19:22 - [TEST_STEP][PASSED] - Statement - Rqty = 10000: null

2018-05-15 18:19:22 - [TEST_STEP][PASSED] - delay: Delayed 2 second(s)

2018-05-15 18:19:24 - [MESSAGE][PASSED] - Delayed 2 second(s)

2018-05-15 18:19:24 - [TEST_STEP][PASSED] - Statement - out.println("BatchQty : " + batchqty): null

2018-05-15 18:19:24 - [TEST_STEP][PASSED] - Statement - out.println("RQty : " + Rqty): null

2018-05-15 18:19:24 - [TEST_STEP][PASSED] - Statement - If (java.lang.Integer.valueOf(batchqty) >= java.lang.Integer.valueOf(Rqty)): null

2018-05-15 18:19:24 - [TEST_STEP][PASSED] - Statement - Else: null

2018-05-15 18:19:24 - [TEST_STEP][PASSED] - Statement - out.println("Batchqty Is Less Than Rqty"): null

2018-05-15 18:19:24 - [TEST_STEP][PASSED] - Statement - product = new com.kms.katalon.core.testobject.TestObject(): null

2018-05-15 18:19:24 - [TEST_STEP][PASSED] - Statement - product = com.kms.katalon.core.webui.keyword.WebUiBuiltInKeywords.modifyObjectProperty(product, "xpath", "equals", "//*[@id = "fldvendor" + row + ""]", true): Modify property of object successfully

2018-05-15 18:19:24 - [MESSAGE][PASSED] - Modify property of object successfully

2018-05-15 18:19:24 - [TEST_STEP][PASSED] - selectOptionByIndex: All options with index in [5] are selected on object ''

2018-05-15 18:19:24 - [MESSAGE][PASSED] - All options with index in [5] are selected on object ''

2018-05-15 18:19:24 - [TEST_STEP][PASSED] - Statement - batch = new com.kms.katalon.core.testobject.TestObject(): null

2018-05-15 18:19:24 - [TEST_STEP][PASSED] - Statement - batch = com.kms.katalon.core.webui.keyword.WebUiBuiltInKeywords.modifyObjectProperty(batch, "xpath", "equals", "//*[@id = "txtbthqty" + row + ""]", true): Modify property of object successfully

2018-05-15 18:19:24 - [MESSAGE][PASSED] - Modify property of object successfully

2018-05-15 18:19:24 - [TEST_STEP][PASSED] - Statement - batchqty = com.kms.katalon.core.webui.keyword.WebUiBuiltInKeywords.getAttribute(batch, "value").trim(): Attribute 'value' of object '' is: '5000'

2018-05-15 18:19:24 - [MESSAGE][PASSED] - Attribute 'value' of object '' is: '5000'

2018-05-15 18:19:24 - [TEST_STEP][PASSED] - Statement - Rqty = 10000: null

2018-05-15 18:19:24 - [TEST_STEP][PASSED] - delay: Delayed 2 second(s)

2018-05-15 18:19:26 - [MESSAGE][PASSED] - Delayed 2 second(s)

2018-05-15 18:19:26 - [TEST_STEP][PASSED] - Statement - out.println("BatchQty : " + batchqty): null

2018-05-15 18:19:26 - [TEST_STEP][PASSED] - Statement - out.println("RQty : " + Rqty): null

2018-05-15 18:19:26 - [TEST_STEP][PASSED] - Statement - If (java.lang.Integer.valueOf(batchqty) >= java.lang.Integer.valueOf(Rqty)): null

2018-05-15 18:19:26 - [TEST_STEP][PASSED] - Statement - Else: null

2018-05-15 18:19:26 - [TEST_STEP][PASSED] - Statement - out.println("Batchqty Is Less Than Rqty"): null

2018-05-15 18:19:26 - [TEST_STEP][PASSED] - Statement - product = new com.kms.katalon.core.testobject.TestObject(): null

2018-05-15 18:19:26 - [TEST_STEP][PASSED] - Statement - product = com.kms.katalon.core.webui.keyword.WebUiBuiltInKeywords.modifyObjectProperty(product, "xpath", "equals", "//*[@id = "fldvendor" + row + ""]", true): Modify property of object successfully

2018-05-15 18:19:26 - [MESSAGE][PASSED] - Modify property of object successfully

2018-05-15 18:19:26 - [TEST_STEP][PASSED] - selectOptionByIndex: All options with index in [6] are selected on object ''

2018-05-15 18:19:26 - [MESSAGE][PASSED] - All options with index in [6] are selected on object ''

2018-05-15 18:19:26 - [TEST_STEP][PASSED] - Statement - batch = new com.kms.katalon.core.testobject.TestObject(): null

2018-05-15 18:19:26 - [TEST_STEP][PASSED] - Statement - batch = com.kms.katalon.core.webui.keyword.WebUiBuiltInKeywords.modifyObjectProperty(batch, "xpath", "equals", "//*[@id = "txtbthqty" + row + ""]", true): Modify property of object successfully

2018-05-15 18:19:26 - [MESSAGE][PASSED] - Modify property of object successfully

2018-05-15 18:19:26 - [TEST_STEP][PASSED] - Statement - batchqty = com.kms.katalon.core.webui.keyword.WebUiBuiltInKeywords.getAttribute(batch, "value").trim(): Attribute 'value' of object '' is: '5000'

2018-05-15 18:19:26 - [MESSAGE][PASSED] - Attribute 'value' of object '' is: '5000'

2018-05-15 18:19:26 - [TEST_STEP][PASSED] - Statement - Rqty = 10000: null

2018-05-15 18:19:26 - [TEST_STEP][PASSED] - delay: Delayed 2 second(s)

2018-05-15 18:19:28 - [MESSAGE][PASSED] - Delayed 2 second(s)

2018-05-15 18:19:28 - [TEST_STEP][PASSED] - Statement - out.println("BatchQty : " + batchqty): null

2018-05-15 18:19:28 - [TEST_STEP][PASSED] - Statement - out.println("RQty : " + Rqty): null

2018-05-15 18:19:28 - [TEST_STEP][PASSED] - Statement - If (java.lang.Integer.valueOf(batchqty) >= java.lang.Integer.valueOf(Rqty)): null

2018-05-15 18:19:28 - [TEST_STEP][PASSED] - Statement - Else: null

2018-05-15 18:19:28 - [TEST_STEP][PASSED] - Statement - out.println("Batchqty Is Less Than Rqty"): null

2018-05-15 18:19:28 - [TEST_STEP][PASSED] - Statement - product = new com.kms.katalon.core.testobject.TestObject(): null

2018-05-15 18:19:28 - [TEST_STEP][PASSED] - Statement - product = com.kms.katalon.core.webui.keyword.WebUiBuiltInKeywords.modifyObjectProperty(product, "xpath", "equals", "//*[@id = "fldvendor" + row + ""]", true): Modify property of object successfully

2018-05-15 18:19:28 - [MESSAGE][PASSED] - Modify property of object successfully

2018-05-15 18:19:28 - [TEST_STEP][PASSED] - selectOptionByIndex: All options with index in [7] are selected on object ''

2018-05-15 18:19:29 - [MESSAGE][PASSED] - All options with index in [7] are selected on object ''

2018-05-15 18:19:29 - [TEST_STEP][PASSED] - Statement - batch = new com.kms.katalon.core.testobject.TestObject(): null

2018-05-15 18:19:29 - [TEST_STEP][PASSED] - Statement - batch = com.kms.katalon.core.webui.keyword.WebUiBuiltInKeywords.modifyObjectProperty(batch, "xpath", "equals", "//*[@id = "txtbthqty" + row + ""]", true): Modify property of object successfully

2018-05-15 18:19:29 - [MESSAGE][PASSED] - Modify property of object successfully

2018-05-15 18:19:29 - [TEST_STEP][PASSED] - Statement - batchqty = com.kms.katalon.core.webui.keyword.WebUiBuiltInKeywords.getAttribute(batch, "value").trim(): Attribute 'value' of object '' is: '30000'

2018-05-15 18:19:29 - [MESSAGE][PASSED] - Attribute 'value' of object '' is: '30000'

2018-05-15 18:19:29 - [TEST_STEP][PASSED] - Statement - Rqty = 10000: null

2018-05-15 18:19:29 - [TEST_STEP][PASSED] - delay: Delayed 2 second(s)

2018-05-15 18:19:31 - [MESSAGE][PASSED] - Delayed 2 second(s)

2018-05-15 18:19:31 - [TEST_STEP][PASSED] - Statement - out.println("BatchQty : " + batchqty): null

2018-05-15 18:19:31 - [TEST_STEP][PASSED] - Statement - out.println("RQty : " + Rqty): null

2018-05-15 18:19:31 - [TEST_STEP][PASSED] - Statement - If (java.lang.Integer.valueOf(batchqty) >= java.lang.Integer.valueOf(Rqty)): null

2018-05-15 18:19:31 - [TEST_STEP][PASSED] - Statement - Break: null

2018-05-15 18:19:31 - [TEST_STEP][PASSED] - Statement - batchlength = new com.kms.katalon.core.testobject.TestObject(): null

2018-05-15 18:19:31 - [TEST_STEP][PASSED] - Statement - batchlength = com.kms.katalon.core.webui.keyword.WebUiBuiltInKeywords.modifyObjectProperty(batchlength, "xpath", "equals", "//*[@id = "fldvendor" + row + ""]", true): Modify property of object successfully

2018-05-15 18:19:31 - [MESSAGE][PASSED] - Modify property of object successfully

2018-05-15 18:19:31 - [TEST_STEP][PASSED] - Statement - batchsize = com.kms.katalon.core.webui.keyword.WebUiBuiltInKeywords.getNumberOfTotalOption(batchlength): 10 options of object '' counted

2018-05-15 18:19:31 - [MESSAGE][PASSED] - 10 options of object '' counted

2018-05-15 18:19:31 - [TEST_STEP][PASSED] - Statement - out.println("BatchSize : " + batchsize): null

2018-05-15 18:19:31 - [TEST_STEP][PASSED] - Statement - For ([n = 1, n <= batchsize - 1, (n++)]): null

2018-05-15 18:19:31 - [TEST_STEP][PASSED] - Statement - product = new com.kms.katalon.core.testobject.TestObject(): null

2018-05-15 18:19:31 - [TEST_STEP][PASSED] - Statement - product = com.kms.katalon.core.webui.keyword.WebUiBuiltInKeywords.modifyObjectProperty(product, "xpath", "equals", "//*[@id = "fldvendor" + row + ""]", true): Modify property of object successfully

2018-05-15 18:19:31 - [MESSAGE][PASSED] - Modify property of object successfully

2018-05-15 18:19:31 - [TEST_STEP][PASSED] - selectOptionByIndex: All options with index in [1] are selected on object ''

2018-05-15 18:19:31 - [MESSAGE][PASSED] - All options with index in [1] are selected on object ''

2018-05-15 18:19:31 - [TEST_STEP][PASSED] - Statement - batch = new com.kms.katalon.core.testobject.TestObject(): null

2018-05-15 18:19:31 - [TEST_STEP][PASSED] - Statement - batch = com.kms.katalon.core.webui.keyword.WebUiBuiltInKeywords.modifyObjectProperty(batch, "xpath", "equals", "//*[@id = "txtbthqty" + row + ""]", true): Modify property of object successfully

2018-05-15 18:19:31 - [MESSAGE][PASSED] - Modify property of object successfully

2018-05-15 18:19:31 - [TEST_STEP][PASSED] - Statement - batchqty = com.kms.katalon.core.webui.keyword.WebUiBuiltInKeywords.getAttribute(batch, "value").trim(): Attribute 'value' of object '' is: '500'

2018-05-15 18:19:31 - [MESSAGE][PASSED] - Attribute 'value' of object '' is: '500'

2018-05-15 18:19:31 - [TEST_STEP][PASSED] - Statement - Rqty = 10000: null

2018-05-15 18:19:31 - [TEST_STEP][PASSED] - delay: Delayed 2 second(s)

2018-05-15 18:19:33 - [MESSAGE][PASSED] - Delayed 2 second(s)

2018-05-15 18:19:33 - [TEST_STEP][PASSED] - Statement - out.println("BatchQty : " + batchqty): null

2018-05-15 18:19:33 - [TEST_STEP][PASSED] - Statement - out.println("RQty : " + Rqty): null

2018-05-15 18:19:33 - [TEST_STEP][PASSED] - Statement - If (java.lang.Integer.valueOf(batchqty) >= java.lang.Integer.valueOf(Rqty)): null

2018-05-15 18:19:33 - [TEST_STEP][PASSED] - Statement - Else: null

2018-05-15 18:19:33 - [TEST_STEP][PASSED] - Statement - out.println("Batchqty Is Less Than Rqty"): null

2018-05-15 18:19:33 - [TEST_STEP][PASSED] - Statement - product = new com.kms.katalon.core.testobject.TestObject(): null

2018-05-15 18:19:33 - [TEST_STEP][PASSED] - Statement - product = com.kms.katalon.core.webui.keyword.WebUiBuiltInKeywords.modifyObjectProperty(product, "xpath", "equals", "//*[@id = "fldvendor" + row + ""]", true): Modify property of object successfully

2018-05-15 18:19:33 - [MESSAGE][PASSED] - Modify property of object successfully

2018-05-15 18:19:33 - [TEST_STEP][PASSED] - selectOptionByIndex: All options with index in [2] are selected on object ''

2018-05-15 18:19:33 - [MESSAGE][PASSED] - All options with index in [2] are selected on object ''

2018-05-15 18:19:33 - [TEST_STEP][PASSED] - Statement - batch = new com.kms.katalon.core.testobject.TestObject(): null

2018-05-15 18:19:33 - [TEST_STEP][PASSED] - Statement - batch = com.kms.katalon.core.webui.keyword.WebUiBuiltInKeywords.modifyObjectProperty(batch, "xpath", "equals", "//*[@id = "txtbthqty" + row + ""]", true): Modify property of object successfully

2018-05-15 18:19:33 - [MESSAGE][PASSED] - Modify property of object successfully

2018-05-15 18:19:33 - [TEST_STEP][PASSED] - Statement - batchqty = com.kms.katalon.core.webui.keyword.WebUiBuiltInKeywords.getAttribute(batch, "value").trim(): Attribute 'value' of object '' is: '5000'

2018-05-15 18:19:33 - [MESSAGE][PASSED] - Attribute 'value' of object '' is: '5000'

2018-05-15 18:19:33 - [TEST_STEP][PASSED] - Statement - Rqty = 10000: null

2018-05-15 18:19:33 - [TEST_STEP][PASSED] - delay: Delayed 2 second(s)

2018-05-15 18:19:35 - [MESSAGE][PASSED] - Delayed 2 second(s)

2018-05-15 18:19:35 - [TEST_STEP][PASSED] - Statement - out.println("BatchQty : " + batchqty): null

2018-05-15 18:19:35 - [TEST_STEP][PASSED] - Statement - out.println("RQty : " + Rqty): null

2018-05-15 18:19:35 - [TEST_STEP][PASSED] - Statement - If (java.lang.Integer.valueOf(batchqty) >= java.lang.Integer.valueOf(Rqty)): null

2018-05-15 18:19:35 - [TEST_STEP][PASSED] - Statement - Else: null

2018-05-15 18:19:35 - [TEST_STEP][PASSED] - Statement - out.println("Batchqty Is Less Than Rqty"): null

2018-05-15 18:19:35 - [TEST_STEP][PASSED] - Statement - product = new com.kms.katalon.core.testobject.TestObject(): null

2018-05-15 18:19:35 - [TEST_STEP][PASSED] - Statement - product = com.kms.katalon.core.webui.keyword.WebUiBuiltInKeywords.modifyObjectProperty(product, "xpath", "equals", "//*[@id = "fldvendor" + row + ""]", true): Modify property of object successfully

2018-05-15 18:19:35 - [MESSAGE][PASSED] - Modify property of object successfully

2018-05-15 18:19:35 - [TEST_STEP][PASSED] - selectOptionByIndex: All options with index in [3] are selected on object ''

2018-05-15 18:19:35 - [MESSAGE][PASSED] - All options with index in [3] are selected on object ''

2018-05-15 18:19:35 - [TEST_STEP][PASSED] - Statement - batch = new com.kms.katalon.core.testobject.TestObject(): null

2018-05-15 18:19:35 - [TEST_STEP][PASSED] - Statement - batch = com.kms.katalon.core.webui.keyword.WebUiBuiltInKeywords.modifyObjectProperty(batch, "xpath", "equals", "//*[@id = "txtbthqty" + row + ""]", true): Modify property of object successfully

2018-05-15 18:19:35 - [MESSAGE][PASSED] - Modify property of object successfully

2018-05-15 18:19:35 - [TEST_STEP][PASSED] - Statement - batchqty = com.kms.katalon.core.webui.keyword.WebUiBuiltInKeywords.getAttribute(batch, "value").trim(): Attribute 'value' of object '' is: '5000'

2018-05-15 18:19:35 - [MESSAGE][PASSED] - Attribute 'value' of object '' is: '5000'

2018-05-15 18:19:35 - [TEST_STEP][PASSED] - Statement - Rqty = 10000: null

2018-05-15 18:19:35 - [TEST_STEP][PASSED] - delay: Delayed 2 second(s)

2018-05-15 18:19:37 - [MESSAGE][PASSED] - Delayed 2 second(s)

2018-05-15 18:19:37 - [TEST_STEP][PASSED] - Statement - out.println("BatchQty : " + batchqty): null

2018-05-15 18:19:37 - [TEST_STEP][PASSED] - Statement - out.println("RQty : " + Rqty): null

2018-05-15 18:19:37 - [TEST_STEP][PASSED] - Statement - If (java.lang.Integer.valueOf(batchqty) >= java.lang.Integer.valueOf(Rqty)): null

2018-05-15 18:19:37 - [TEST_STEP][PASSED] - Statement - Else: null

2018-05-15 18:19:37 - [TEST_STEP][PASSED] - Statement - out.println("Batchqty Is Less Than Rqty"): null

2018-05-15 18:19:37 - [TEST_STEP][PASSED] - Statement - product = new com.kms.katalon.core.testobject.TestObject(): null

2018-05-15 18:19:37 - [TEST_STEP][PASSED] - Statement - product = com.kms.katalon.core.webui.keyword.WebUiBuiltInKeywords.modifyObjectProperty(product, "xpath", "equals", "//*[@id = "fldvendor" + row + ""]", true): Modify property of object successfully

2018-05-15 18:19:37 - [MESSAGE][PASSED] - Modify property of object successfully

2018-05-15 18:19:37 - [TEST_STEP][PASSED] - selectOptionByIndex: All options with index in [4] are selected on object ''

2018-05-15 18:19:37 - [MESSAGE][PASSED] - All options with index in [4] are selected on object ''

2018-05-15 18:19:37 - [TEST_STEP][PASSED] - Statement - batch = new com.kms.katalon.core.testobject.TestObject(): null

2018-05-15 18:19:37 - [TEST_STEP][PASSED] - Statement - batch = com.kms.katalon.core.webui.keyword.WebUiBuiltInKeywords.modifyObjectProperty(batch, "xpath", "equals", "//*[@id = "txtbthqty" + row + ""]", true): Modify property of object successfully

2018-05-15 18:19:37 - [MESSAGE][PASSED] - Modify property of object successfully

2018-05-15 18:19:37 - [TEST_STEP][PASSED] - Statement - batchqty = com.kms.katalon.core.webui.keyword.WebUiBuiltInKeywords.getAttribute(batch, "value").trim(): Attribute 'value' of object '' is: '5000'

2018-05-15 18:19:37 - [MESSAGE][PASSED] - Attribute 'value' of object '' is: '5000'

2018-05-15 18:19:37 - [TEST_STEP][PASSED] - Statement - Rqty = 10000: null

2018-05-15 18:19:37 - [TEST_STEP][PASSED] - delay: Delayed 2 second(s)

2018-05-15 18:19:39 - [MESSAGE][PASSED] - Delayed 2 second(s)

2018-05-15 18:19:39 - [TEST_STEP][PASSED] - Statement - out.println("BatchQty : " + batchqty): null

2018-05-15 18:19:39 - [TEST_STEP][PASSED] - Statement - out.println("RQty : " + Rqty): null

2018-05-15 18:19:39 - [TEST_STEP][PASSED] - Statement - If (java.lang.Integer.valueOf(batchqty) >= java.lang.Integer.valueOf(Rqty)): null

2018-05-15 18:19:39 - [TEST_STEP][PASSED] - Statement - Else: null

2018-05-15 18:19:39 - [TEST_STEP][PASSED] - Statement - out.println("Batchqty Is Less Than Rqty"): null

2018-05-15 18:19:39 - [TEST_STEP][PASSED] - Statement - product = new com.kms.katalon.core.testobject.TestObject(): null

2018-05-15 18:19:39 - [TEST_STEP][PASSED] - Statement - product = com.kms.katalon.core.webui.keyword.WebUiBuiltInKeywords.modifyObjectProperty(product, "xpath", "equals", "//*[@id = "fldvendor" + row + ""]", true): Modify property of object successfully

2018-05-15 18:19:39 - [MESSAGE][PASSED] - Modify property of object successfully

2018-05-15 18:19:39 - [TEST_STEP][PASSED] - selectOptionByIndex: All options with index in [5] are selected on object ''

2018-05-15 18:19:40 - [MESSAGE][PASSED] - All options with index in [5] are selected on object ''

2018-05-15 18:19:40 - [TEST_STEP][PASSED] - Statement - batch = new com.kms.katalon.core.testobject.TestObject(): null

2018-05-15 18:19:40 - [TEST_STEP][PASSED] - Statement - batch = com.kms.katalon.core.webui.keyword.WebUiBuiltInKeywords.modifyObjectProperty(batch, "xpath", "equals", "//*[@id = "txtbthqty" + row + ""]", true): Modify property of object successfully

2018-05-15 18:19:40 - [MESSAGE][PASSED] - Modify property of object successfully

2018-05-15 18:19:40 - [TEST_STEP][PASSED] - Statement - batchqty = com.kms.katalon.core.webui.keyword.WebUiBuiltInKeywords.getAttribute(batch, "value").trim(): Attribute 'value' of object '' is: '34000'

2018-05-15 18:19:40 - [MESSAGE][PASSED] - Attribute 'value' of object '' is: '34000'

2018-05-15 18:19:40 - [TEST_STEP][PASSED] - Statement - Rqty = 10000: null

2018-05-15 18:19:40 - [TEST_STEP][PASSED] - delay: Delayed 2 second(s)

2018-05-15 18:19:42 - [MESSAGE][PASSED] - Delayed 2 second(s)

2018-05-15 18:19:42 - [TEST_STEP][PASSED] - Statement - out.println("BatchQty : " + batchqty): null

2018-05-15 18:19:42 - [TEST_STEP][PASSED] - Statement - out.println("RQty : " + Rqty): null

2018-05-15 18:19:42 - [TEST_STEP][PASSED] - Statement - If (java.lang.Integer.valueOf(batchqty) >= java.lang.Integer.valueOf(Rqty)): null

2018-05-15 18:19:42 - [TEST_STEP][PASSED] - Statement - Break: null

2018-05-15 18:19:42 - [TEST_STEP][PASSED] - Statement - batchlength = new com.kms.katalon.core.testobject.TestObject(): null

2018-05-15 18:19:42 - [TEST_STEP][PASSED] - Statement - batchlength = com.kms.katalon.core.webui.keyword.WebUiBuiltInKeywords.modifyObjectProperty(batchlength, "xpath", "equals", "//*[@id = "fldvendor" + row + ""]", true): Modify property of object successfully

2018-05-15 18:19:42 - [MESSAGE][PASSED] - Modify property of object successfully

2018-05-15 18:19:42 - [TEST_STEP][PASSED] - Statement - batchsize = com.kms.katalon.core.webui.keyword.WebUiBuiltInKeywords.getNumberOfTotalOption(batchlength): 10 options of object '' counted

2018-05-15 18:19:42 - [MESSAGE][PASSED] - 10 options of object '' counted

2018-05-15 18:19:42 - [TEST_STEP][PASSED] - Statement - out.println("BatchSize : " + batchsize): null

2018-05-15 18:19:42 - [TEST_STEP][PASSED] - Statement - For ([n = 1, n <= batchsize - 1, (n++)]): null

2018-05-15 18:19:42 - [TEST_STEP][PASSED] - Statement - product = new com.kms.katalon.core.testobject.TestObject(): null

2018-05-15 18:19:42 - [TEST_STEP][PASSED] - Statement - product = com.kms.katalon.core.webui.keyword.WebUiBuiltInKeywords.modifyObjectProperty(product, "xpath", "equals", "//*[@id = "fldvendor" + row + ""]", true): Modify property of object successfully

2018-05-15 18:19:42 - [MESSAGE][PASSED] - Modify property of object successfully

2018-05-15 18:19:42 - [TEST_STEP][PASSED] - selectOptionByIndex: All options with index in [1] are selected on object ''

2018-05-15 18:19:42 - [MESSAGE][PASSED] - All options with index in [1] are selected on object ''

2018-05-15 18:19:42 - [TEST_STEP][PASSED] - Statement - batch = new com.kms.katalon.core.testobject.TestObject(): null

2018-05-15 18:19:42 - [TEST_STEP][PASSED] - Statement - batch = com.kms.katalon.core.webui.keyword.WebUiBuiltInKeywords.modifyObjectProperty(batch, "xpath", "equals", "//*[@id = "txtbthqty" + row + ""]", true): Modify property of object successfully

2018-05-15 18:19:42 - [MESSAGE][PASSED] - Modify property of object successfully

2018-05-15 18:19:42 - [TEST_STEP][PASSED] - Statement - batchqty = com.kms.katalon.core.webui.keyword.WebUiBuiltInKeywords.getAttribute(batch, "value").trim(): Attribute 'value' of object '' is: '500'

2018-05-15 18:19:42 - [MESSAGE][PASSED] - Attribute 'value' of object '' is: '500'

2018-05-15 18:19:42 - [TEST_STEP][PASSED] - Statement - Rqty = 10000: null

2018-05-15 18:19:42 - [TEST_STEP][PASSED] - delay: Delayed 2 second(s)

2018-05-15 18:19:44 - [MESSAGE][PASSED] - Delayed 2 second(s)

2018-05-15 18:19:44 - [TEST_STEP][PASSED] - Statement - out.println("BatchQty : " + batchqty): null

2018-05-15 18:19:44 - [TEST_STEP][PASSED] - Statement - out.println("RQty : " + Rqty): null

2018-05-15 18:19:44 - [TEST_STEP][PASSED] - Statement - If (java.lang.Integer.valueOf(batchqty) >= java.lang.Integer.valueOf(Rqty)): null

2018-05-15 18:19:44 - [TEST_STEP][PASSED] - Statement - Else: null

2018-05-15 18:19:44 - [TEST_STEP][PASSED] - Statement - out.println("Batchqty Is Less Than Rqty"): null

2018-05-15 18:19:44 - [TEST_STEP][PASSED] - Statement - product = new com.kms.katalon.core.testobject.TestObject(): null

2018-05-15 18:19:44 - [TEST_STEP][PASSED] - Statement - product = com.kms.katalon.core.webui.keyword.WebUiBuiltInKeywords.modifyObjectProperty(product, "xpath", "equals", "//*[@id = "fldvendor" + row + ""]", true): Modify property of object successfully

2018-05-15 18:19:44 - [MESSAGE][PASSED] - Modify property of object successfully

2018-05-15 18:19:44 - [TEST_STEP][PASSED] - selectOptionByIndex: All options with index in [2] are selected on object ''

2018-05-15 18:19:44 - [MESSAGE][PASSED] - All options with index in [2] are selected on object ''

2018-05-15 18:19:44 - [TEST_STEP][PASSED] - Statement - batch = new com.kms.katalon.core.testobject.TestObject(): null

2018-05-15 18:19:44 - [TEST_STEP][PASSED] - Statement - batch = com.kms.katalon.core.webui.keyword.WebUiBuiltInKeywords.modifyObjectProperty(batch, "xpath", "equals", "//*[@id = "txtbthqty" + row + ""]", true): Modify property of object successfully

2018-05-15 18:19:44 - [MESSAGE][PASSED] - Modify property of object successfully

2018-05-15 18:19:44 - [TEST_STEP][PASSED] - Statement - batchqty = com.kms.katalon.core.webui.keyword.WebUiBuiltInKeywords.getAttribute(batch, "value").trim(): Attribute 'value' of object '' is: '5000'

2018-05-15 18:19:44 - [MESSAGE][PASSED] - Attribute 'value' of object '' is: '5000'

2018-05-15 18:19:44 - [TEST_STEP][PASSED] - Statement - Rqty = 10000: null

2018-05-15 18:19:44 - [TEST_STEP][PASSED] - delay: Delayed 2 second(s)

2018-05-15 18:19:46 - [MESSAGE][PASSED] - Delayed 2 second(s)

2018-05-15 18:19:46 - [TEST_STEP][PASSED] - Statement - out.println("BatchQty : " + batchqty): null

2018-05-15 18:19:46 - [TEST_STEP][PASSED] - Statement - out.println("RQty : " + Rqty): null

2018-05-15 18:19:46 - [TEST_STEP][PASSED] - Statement - If (java.lang.Integer.valueOf(batchqty) >= java.lang.Integer.valueOf(Rqty)): null

2018-05-15 18:19:46 - [TEST_STEP][PASSED] - Statement - Else: null

2018-05-15 18:19:46 - [TEST_STEP][PASSED] - Statement - out.println("Batchqty Is Less Than Rqty"): null

2018-05-15 18:19:46 - [TEST_STEP][PASSED] - Statement - product = new com.kms.katalon.core.testobject.TestObject(): null

2018-05-15 18:19:46 - [TEST_STEP][PASSED] - Statement - product = com.kms.katalon.core.webui.keyword.WebUiBuiltInKeywords.modifyObjectProperty(product, "xpath", "equals", "//*[@id = "fldvendor" + row + ""]", true): Modify property of object successfully

2018-05-15 18:19:46 - [MESSAGE][PASSED] - Modify property of object successfully

2018-05-15 18:19:46 - [TEST_STEP][PASSED] - selectOptionByIndex: All options with index in [3] are selected on object ''

2018-05-15 18:19:46 - [MESSAGE][PASSED] - All options with index in [3] are selected on object ''

2018-05-15 18:19:46 - [TEST_STEP][PASSED] - Statement - batch = new com.kms.katalon.core.testobject.TestObject(): null

2018-05-15 18:19:46 - [TEST_STEP][PASSED] - Statement - batch = com.kms.katalon.core.webui.keyword.WebUiBuiltInKeywords.modifyObjectProperty(batch, "xpath", "equals", "//*[@id = "txtbthqty" + row + ""]", true): Modify property of object successfully

2018-05-15 18:19:46 - [MESSAGE][PASSED] - Modify property of object successfully

2018-05-15 18:19:46 - [TEST_STEP][PASSED] - Statement - batchqty = com.kms.katalon.core.webui.keyword.WebUiBuiltInKeywords.getAttribute(batch, "value").trim(): Attribute 'value' of object '' is: '39000'

2018-05-15 18:19:46 - [MESSAGE][PASSED] - Attribute 'value' of object '' is: '39000'

2018-05-15 18:19:46 - [TEST_STEP][PASSED] - Statement - Rqty = 10000: null

2018-05-15 18:19:46 - [TEST_STEP][PASSED] - delay: Delayed 2 second(s)

2018-05-15 18:19:48 - [MESSAGE][PASSED] - Delayed 2 second(s)

2018-05-15 18:19:48 - [TEST_STEP][PASSED] - Statement - out.println("BatchQty : " + batchqty): null

2018-05-15 18:19:48 - [TEST_STEP][PASSED] - Statement - out.println("RQty : " + Rqty): null

2018-05-15 18:19:48 - [TEST_STEP][PASSED] - Statement - If (java.lang.Integer.valueOf(batchqty) >= java.lang.Integer.valueOf(Rqty)): null

2018-05-15 18:19:48 - [TEST_STEP][PASSED] - Statement - Break: null

2018-05-15 18:19:48 - [TEST_STEP][PASSED] - Statement - batchlength = new com.kms.katalon.core.testobject.TestObject(): null

2018-05-15 18:19:48 - [TEST_STEP][PASSED] - Statement - batchlength = com.kms.katalon.core.webui.keyword.WebUiBuiltInKeywords.modifyObjectProperty(batchlength, "xpath", "equals", "//*[@id = "fldvendor" + row + ""]", true): Modify property of object successfully

2018-05-15 18:19:48 - [MESSAGE][PASSED] - Modify property of object successfully

2018-05-15 18:19:48 - [TEST_STEP][PASSED] - Statement - batchsize = com.kms.katalon.core.webui.keyword.WebUiBuiltInKeywords.getNumberOfTotalOption(batchlength): 10 options of object '' counted

2018-05-15 18:19:48 - [MESSAGE][PASSED] - 10 options of object '' counted

2018-05-15 18:19:48 - [TEST_STEP][PASSED] - Statement - out.println("BatchSize : " + batchsize): null

2018-05-15 18:19:48 - [TEST_STEP][PASSED] - Statement - For ([n = 1, n <= batchsize - 1, (n++)]): null

2018-05-15 18:19:48 - [TEST_STEP][PASSED] - Statement - product = new com.kms.katalon.core.testobject.TestObject(): null

2018-05-15 18:19:48 - [TEST_STEP][PASSED] - Statement - product = com.kms.katalon.core.webui.keyword.WebUiBuiltInKeywords.modifyObjectProperty(product, "xpath", "equals", "//*[@id = "fldvendor" + row + ""]", true): Modify property of object successfully

2018-05-15 18:19:48 - [MESSAGE][PASSED] - Modify property of object successfully

2018-05-15 18:19:48 - [TEST_STEP][PASSED] - selectOptionByIndex: All options with index in [1] are selected on object ''

2018-05-15 18:19:49 - [MESSAGE][PASSED] - All options with index in [1] are selected on object ''

2018-05-15 18:19:49 - [TEST_STEP][PASSED] - Statement - batch = new com.kms.katalon.core.testobject.TestObject(): null

2018-05-15 18:19:49 - [TEST_STEP][PASSED] - Statement - batch = com.kms.katalon.core.webui.keyword.WebUiBuiltInKeywords.modifyObjectProperty(batch, "xpath", "equals", "//*[@id = "txtbthqty" + row + ""]", true): Modify property of object successfully

2018-05-15 18:19:49 - [MESSAGE][PASSED] - Modify property of object successfully

2018-05-15 18:19:49 - [TEST_STEP][PASSED] - Statement - batchqty = com.kms.katalon.core.webui.keyword.WebUiBuiltInKeywords.getAttribute(batch, "value").trim(): Attribute 'value' of object '' is: '34000'

2018-05-15 18:19:49 - [MESSAGE][PASSED] - Attribute 'value' of object '' is: '34000'

2018-05-15 18:19:49 - [TEST_STEP][PASSED] - Statement - Rqty = 10000: null

2018-05-15 18:19:49 - [TEST_STEP][PASSED] - delay: Delayed 2 second(s)

2018-05-15 18:19:51 - [MESSAGE][PASSED] - Delayed 2 second(s)

2018-05-15 18:19:51 - [TEST_STEP][PASSED] - Statement - out.println("BatchQty : " + batchqty): null

2018-05-15 18:19:51 - [TEST_STEP][PASSED] - Statement - out.println("RQty : " + Rqty): null

2018-05-15 18:19:51 - [TEST_STEP][PASSED] - Statement - If (java.lang.Integer.valueOf(batchqty) >= java.lang.Integer.valueOf(Rqty)): null

2018-05-15 18:19:51 - [TEST_STEP][PASSED] - Statement - Break: null

2018-05-15 18:19:51 - [TEST_STEP][PASSED] - Statement - batchlength = new com.kms.katalon.core.testobject.TestObject(): null

2018-05-15 18:19:51 - [TEST_STEP][PASSED] - Statement - batchlength = com.kms.katalon.core.webui.keyword.WebUiBuiltInKeywords.modifyObjectProperty(batchlength, "xpath", "equals", "//*[@id = "fldvendor" + row + ""]", true): Modify property of object successfully

2018-05-15 18:19:51 - [MESSAGE][PASSED] - Modify property of object successfully

2018-05-15 18:19:51 - [TEST_STEP][PASSED] - Statement - batchsize = com.kms.katalon.core.webui.keyword.WebUiBuiltInKeywords.getNumberOfTotalOption(batchlength): 10 options of object '' counted

2018-05-15 18:19:51 - [MESSAGE][PASSED] - 10 options of object '' counted

2018-05-15 18:19:51 - [TEST_STEP][PASSED] - Statement - out.println("BatchSize : " + batchsize): null

2018-05-15 18:19:51 - [TEST_STEP][PASSED] - Statement - For ([n = 1, n <= batchsize - 1, (n++)]): null

2018-05-15 18:19:51 - [TEST_STEP][PASSED] - Statement - product = new com.kms.katalon.core.testobject.TestObject(): null

2018-05-15 18:19:51 - [TEST_STEP][PASSED] - Statement - product = com.kms.katalon.core.webui.keyword.WebUiBuiltInKeywords.modifyObjectProperty(product, "xpath", "equals", "//*[@id = "fldvendor" + row + ""]", true): Modify property of object successfully

2018-05-15 18:19:51 - [MESSAGE][PASSED] - Modify property of object successfully

2018-05-15 18:19:51 - [TEST_STEP][PASSED] - selectOptionByIndex: All options with index in [1] are selected on object ''

2018-05-15 18:19:51 - [MESSAGE][PASSED] - All options with index in [1] are selected on object ''

2018-05-15 18:19:51 - [TEST_STEP][PASSED] - Statement - batch = new com.kms.katalon.core.testobject.TestObject(): null

2018-05-15 18:19:51 - [TEST_STEP][PASSED] - Statement - batch = com.kms.katalon.core.webui.keyword.WebUiBuiltInKeywords.modifyObjectProperty(batch, "xpath", "equals", "//*[@id = "txtbthqty" + row + ""]", true): Modify property of object successfully

2018-05-15 18:19:51 - [MESSAGE][PASSED] - Modify property of object successfully

2018-05-15 18:19:51 - [TEST_STEP][PASSED] - Statement - batchqty = com.kms.katalon.core.webui.keyword.WebUiBuiltInKeywords.getAttribute(batch, "value").trim(): Attribute 'value' of object '' is: '3000'

2018-05-15 18:19:51 - [MESSAGE][PASSED] - Attribute 'value' of object '' is: '3000'

2018-05-15 18:19:51 - [TEST_STEP][PASSED] - Statement - Rqty = 10000: null

2018-05-15 18:19:51 - [TEST_STEP][PASSED] - delay: Delayed 2 second(s)

2018-05-15 18:19:53 - [MESSAGE][PASSED] - Delayed 2 second(s)

2018-05-15 18:19:53 - [TEST_STEP][PASSED] - Statement - out.println("BatchQty : " + batchqty): null

2018-05-15 18:19:53 - [TEST_STEP][PASSED] - Statement - out.println("RQty : " + Rqty): null

2018-05-15 18:19:53 - [TEST_STEP][PASSED] - Statement - If (java.lang.Integer.valueOf(batchqty) >= java.lang.Integer.valueOf(Rqty)): null

2018-05-15 18:19:53 - [TEST_STEP][PASSED] - Statement - Else: null

2018-05-15 18:19:53 - [TEST_STEP][PASSED] - Statement - out.println("Batchqty Is Less Than Rqty"): null

2018-05-15 18:19:53 - [TEST_STEP][PASSED] - Statement - product = new com.kms.katalon.core.testobject.TestObject(): null

2018-05-15 18:19:53 - [TEST_STEP][PASSED] - Statement - product = com.kms.katalon.core.webui.keyword.WebUiBuiltInKeywords.modifyObjectProperty(product, "xpath", "equals", "//*[@id = "fldvendor" + row + ""]", true): Modify property of object successfully

2018-05-15 18:19:53 - [MESSAGE][PASSED] - Modify property of object successfully

2018-05-15 18:19:53 - [TEST_STEP][PASSED] - selectOptionByIndex: All options with index in [2] are selected on object ''

2018-05-15 18:19:53 - [MESSAGE][PASSED] - All options with index in [2] are selected on object ''

2018-05-15 18:19:53 - [TEST_STEP][PASSED] - Statement - batch = new com.kms.katalon.core.testobject.TestObject(): null

2018-05-15 18:19:53 - [TEST_STEP][PASSED] - Statement - batch = com.kms.katalon.core.webui.keyword.WebUiBuiltInKeywords.modifyObjectProperty(batch, "xpath", "equals", "//*[@id = "txtbthqty" + row + ""]", true): Modify property of object successfully

2018-05-15 18:19:53 - [MESSAGE][PASSED] - Modify property of object successfully

2018-05-15 18:19:53 - [TEST_STEP][PASSED] - Statement - batchqty = com.kms.katalon.core.webui.keyword.WebUiBuiltInKeywords.getAttribute(batch, "value").trim(): Attribute 'value' of object '' is: '40000'

2018-05-15 18:19:53 - [MESSAGE][PASSED] - Attribute 'value' of object '' is: '40000'

2018-05-15 18:19:53 - [TEST_STEP][PASSED] - Statement - Rqty = 10000: null

2018-05-15 18:19:53 - [TEST_STEP][PASSED] - delay: Delayed 2 second(s)

2018-05-15 18:19:55 - [MESSAGE][PASSED] - Delayed 2 second(s)

2018-05-15 18:19:55 - [TEST_STEP][PASSED] - Statement - out.println("BatchQty : " + batchqty): null

2018-05-15 18:19:55 - [TEST_STEP][PASSED] - Statement - out.println("RQty : " + Rqty): null

2018-05-15 18:19:55 - [TEST_STEP][PASSED] - Statement - If (java.lang.Integer.valueOf(batchqty) >= java.lang.Integer.valueOf(Rqty)): null

2018-05-15 18:19:55 - [TEST_STEP][PASSED] - Statement - Break: null

2018-05-15 18:19:55 - [TEST_STEP][PASSED] - Statement - batchlength = new com.kms.katalon.core.testobject.TestObject(): null

2018-05-15 18:19:55 - [TEST_STEP][PASSED] - Statement - batchlength = com.kms.katalon.core.webui.keyword.WebUiBuiltInKeywords.modifyObjectProperty(batchlength, "xpath", "equals", "//*[@id = "fldvendor" + row + ""]", true): Modify property of object successfully

2018-05-15 18:19:55 - [MESSAGE][PASSED] - Modify property of object successfully

2018-05-15 18:19:55 - [TEST_STEP][PASSED] - Statement - batchsize = com.kms.katalon.core.webui.keyword.WebUiBuiltInKeywords.getNumberOfTotalOption(batchlength): 10 options of object '' counted

2018-05-15 18:19:55 - [MESSAGE][PASSED] - 10 options of object '' counted

2018-05-15 18:19:55 - [TEST_STEP][PASSED] - Statement - out.println("BatchSize : " + batchsize): null

2018-05-15 18:19:55 - [TEST_STEP][PASSED] - Statement - For ([n = 1, n <= batchsize - 1, (n++)]): null

2018-05-15 18:19:55 - [TEST_STEP][PASSED] - Statement - product = new com.kms.katalon.core.testobject.TestObject(): null

2018-05-15 18:19:55 - [TEST_STEP][PASSED] - Statement - product = com.kms.katalon.core.webui.keyword.WebUiBuiltInKeywords.modifyObjectProperty(product, "xpath", "equals", "//*[@id = "fldvendor" + row + ""]", true): Modify property of object successfully

2018-05-15 18:19:55 - [MESSAGE][PASSED] - Modify property of object successfully

2018-05-15 18:19:55 - [TEST_STEP][PASSED] - selectOptionByIndex: All options with index in [1] are selected on object ''

2018-05-15 18:19:55 - [MESSAGE][PASSED] - All options with index in [1] are selected on object ''

2018-05-15 18:19:55 - [TEST_STEP][PASSED] - Statement - batch = new com.kms.katalon.core.testobject.TestObject(): null

2018-05-15 18:19:55 - [TEST_STEP][PASSED] - Statement - batch = com.kms.katalon.core.webui.keyword.WebUiBuiltInKeywords.modifyObjectProperty(batch, "xpath", "equals", "//*[@id = "txtbthqty" + row + ""]", true): Modify property of object successfully

2018-05-15 18:19:55 - [MESSAGE][PASSED] - Modify property of object successfully

2018-05-15 18:19:55 - [TEST_STEP][PASSED] - Statement - batchqty = com.kms.katalon.core.webui.keyword.WebUiBuiltInKeywords.getAttribute(batch, "value").trim(): Attribute 'value' of object '' is: '39000'

2018-05-15 18:19:55 - [MESSAGE][PASSED] - Attribute 'value' of object '' is: '39000'

2018-05-15 18:19:55 - [TEST_STEP][PASSED] - Statement - Rqty = 10000: null

2018-05-15 18:19:55 - [TEST_STEP][PASSED] - delay: Delayed 2 second(s)

2018-05-15 18:19:57 - [MESSAGE][PASSED] - Delayed 2 second(s)

2018-05-15 18:19:57 - [TEST_STEP][PASSED] - Statement - out.println("BatchQty : " + batchqty): null

2018-05-15 18:19:57 - [TEST_STEP][PASSED] - Statement - out.println("RQty : " + Rqty): null

2018-05-15 18:19:57 - [TEST_STEP][PASSED] - Statement - If (java.lang.Integer.valueOf(batchqty) >= java.lang.Integer.valueOf(Rqty)): null

2018-05-15 18:19:57 - [TEST_STEP][PASSED] - Statement - Break: null

2018-05-15 18:19:57 - [TEST_STEP][PASSED] - Statement - batchlength = new com.kms.katalon.core.testobject.TestObject(): null

2018-05-15 18:19:57 - [TEST_STEP][PASSED] - Statement - batchlength = com.kms.katalon.core.webui.keyword.WebUiBuiltInKeywords.modifyObjectProperty(batchlength, "xpath", "equals", "//*[@id = "fldvendor" + row + ""]", true): Modify property of object successfully

2018-05-15 18:19:57 - [MESSAGE][PASSED] - Modify property of object successfully

2018-05-15 18:19:57 - [TEST_STEP][PASSED] - Statement - batchsize = com.kms.katalon.core.webui.keyword.WebUiBuiltInKeywords.getNumberOfTotalOption(batchlength): 10 options of object '' counted

2018-05-15 18:19:58 - [MESSAGE][PASSED] - 10 options of object '' counted

2018-05-15 18:19:58 - [TEST_STEP][PASSED] - Statement - out.println("BatchSize : " + batchsize): null

2018-05-15 18:19:58 - [TEST_STEP][PASSED] - Statement - For ([n = 1, n <= batchsize - 1, (n++)]): null

2018-05-15 18:19:58 - [TEST_STEP][PASSED] - Statement - product = new com.kms.katalon.core.testobject.TestObject(): null

2018-05-15 18:19:58 - [TEST_STEP][PASSED] - Statement - product = com.kms.katalon.core.webui.keyword.WebUiBuiltInKeywords.modifyObjectProperty(product, "xpath", "equals", "//*[@id = "fldvendor" + row + ""]", true): Modify property of object successfully

2018-05-15 18:19:58 - [MESSAGE][PASSED] - Modify property of object successfully

2018-05-15 18:19:58 - [TEST_STEP][PASSED] - selectOptionByIndex: All options with index in [1] are selected on object ''

2018-05-15 18:19:58 - [MESSAGE][PASSED] - All options with index in [1] are selected on object ''

2018-05-15 18:19:58 - [TEST_STEP][PASSED] - Statement - batch = new com.kms.katalon.core.testobject.TestObject(): null

2018-05-15 18:19:58 - [TEST_STEP][PASSED] - Statement - batch = com.kms.katalon.core.webui.keyword.WebUiBuiltInKeywords.modifyObjectProperty(batch, "xpath", "equals", "//*[@id = "txtbthqty" + row + ""]", true): Modify property of object successfully

2018-05-15 18:19:58 - [MESSAGE][PASSED] - Modify property of object successfully

2018-05-15 18:19:58 - [TEST_STEP][PASSED] - Statement - batchqty = com.kms.katalon.core.webui.keyword.WebUiBuiltInKeywords.getAttribute(batch, "value").trim(): Attribute 'value' of object '' is: '5000'

2018-05-15 18:19:58 - [MESSAGE][PASSED] - Attribute 'value' of object '' is: '5000'

2018-05-15 18:19:58 - [TEST_STEP][PASSED] - Statement - Rqty = 10000: null

2018-05-15 18:19:58 - [TEST_STEP][PASSED] - delay: Delayed 2 second(s)

2018-05-15 18:20:00 - [MESSAGE][PASSED] - Delayed 2 second(s)

2018-05-15 18:20:00 - [TEST_STEP][PASSED] - Statement - out.println("BatchQty : " + batchqty): null

2018-05-15 18:20:00 - [TEST_STEP][PASSED] - Statement - out.println("RQty : " + Rqty): null

2018-05-15 18:20:00 - [TEST_STEP][PASSED] - Statement - If (java.lang.Integer.valueOf(batchqty) >= java.lang.Integer.valueOf(Rqty)): null

2018-05-15 18:20:00 - [TEST_STEP][PASSED] - Statement - Else: null

2018-05-15 18:20:00 - [TEST_STEP][PASSED] - Statement - out.println("Batchqty Is Less Than Rqty"): null

2018-05-15 18:20:00 - [TEST_STEP][PASSED] - Statement - product = new com.kms.katalon.core.testobject.TestObject(): null

2018-05-15 18:20:00 - [TEST_STEP][PASSED] - Statement - product = com.kms.katalon.core.webui.keyword.WebUiBuiltInKeywords.modifyObjectProperty(product, "xpath", "equals", "//*[@id = "fldvendor" + row + ""]", true): Modify property of object successfully

2018-05-15 18:20:00 - [MESSAGE][PASSED] - Modify property of object successfully

2018-05-15 18:20:00 - [TEST_STEP][PASSED] - selectOptionByIndex: All options with index in [2] are selected on object ''

2018-05-15 18:20:00 - [MESSAGE][PASSED] - All options with index in [2] are selected on object ''

2018-05-15 18:20:00 - [TEST_STEP][PASSED] - Statement - batch = new com.kms.katalon.core.testobject.TestObject(): null

2018-05-15 18:20:00 - [TEST_STEP][PASSED] - Statement - batch = com.kms.katalon.core.webui.keyword.WebUiBuiltInKeywords.modifyObjectProperty(batch, "xpath", "equals", "//*[@id = "txtbthqty" + row + ""]", true): Modify property of object successfully

2018-05-15 18:20:00 - [MESSAGE][PASSED] - Modify property of object successfully

2018-05-15 18:20:00 - [TEST_STEP][PASSED] - Statement - batchqty = com.kms.katalon.core.webui.keyword.WebUiBuiltInKeywords.getAttribute(batch, "value").trim(): Attribute 'value' of object '' is: '5000'

2018-05-15 18:20:00 - [MESSAGE][PASSED] - Attribute 'value' of object '' is: '5000'

2018-05-15 18:20:00 - [TEST_STEP][PASSED] - Statement - Rqty = 10000: null

2018-05-15 18:20:00 - [TEST_STEP][PASSED] - delay: Delayed 2 second(s)

2018-05-15 18:20:02 - [MESSAGE][PASSED] - Delayed 2 second(s)

2018-05-15 18:20:02 - [TEST_STEP][PASSED] - Statement - out.println("BatchQty : " + batchqty): null

2018-05-15 18:20:02 - [TEST_STEP][PASSED] - Statement - out.println("RQty : " + Rqty): null

2018-05-15 18:20:02 - [TEST_STEP][PASSED] - Statement - If (java.lang.Integer.valueOf(batchqty) >= java.lang.Integer.valueOf(Rqty)): null

2018-05-15 18:20:02 - [TEST_STEP][PASSED] - Statement - Else: null

2018-05-15 18:20:02 - [TEST_STEP][PASSED] - Statement - out.println("Batchqty Is Less Than Rqty"): null

2018-05-15 18:20:02 - [TEST_STEP][PASSED] - Statement - product = new com.kms.katalon.core.testobject.TestObject(): null

2018-05-15 18:20:02 - [TEST_STEP][PASSED] - Statement - product = com.kms.katalon.core.webui.keyword.WebUiBuiltInKeywords.modifyObjectProperty(product, "xpath", "equals", "//*[@id = "fldvendor" + row + ""]", true): Modify property of object successfully

2018-05-15 18:20:02 - [MESSAGE][PASSED] - Modify property of object successfully

2018-05-15 18:20:02 - [TEST_STEP][PASSED] - selectOptionByIndex: All options with index in [3] are selected on object ''

2018-05-15 18:20:02 - [MESSAGE][PASSED] - All options with index in [3] are selected on object ''

2018-05-15 18:20:02 - [TEST_STEP][PASSED] - Statement - batch = new com.kms.katalon.core.testobject.TestObject(): null

2018-05-15 18:20:02 - [TEST_STEP][PASSED] - Statement - batch = com.kms.katalon.core.webui.keyword.WebUiBuiltInKeywords.modifyObjectProperty(batch, "xpath", "equals", "//*[@id = "txtbthqty" + row + ""]", true): Modify property of object successfully

2018-05-15 18:20:02 - [MESSAGE][PASSED] - Modify property of object successfully

2018-05-15 18:20:02 - [TEST_STEP][PASSED] - Statement - batchqty = com.kms.katalon.core.webui.keyword.WebUiBuiltInKeywords.getAttribute(batch, "value").trim(): Attribute 'value' of object '' is: '500'

2018-05-15 18:20:02 - [MESSAGE][PASSED] - Attribute 'value' of object '' is: '500'

2018-05-15 18:20:02 - [TEST_STEP][PASSED] - Statement - Rqty = 10000: null

2018-05-15 18:20:02 - [TEST_STEP][PASSED] - delay: Delayed 2 second(s)

2018-05-15 18:20:04 - [MESSAGE][PASSED] - Delayed 2 second(s)

2018-05-15 18:20:04 - [TEST_STEP][PASSED] - Statement - out.println("BatchQty : " + batchqty): null

2018-05-15 18:20:04 - [TEST_STEP][PASSED] - Statement - out.println("RQty : " + Rqty): null

2018-05-15 18:20:04 - [TEST_STEP][PASSED] - Statement - If (java.lang.Integer.valueOf(batchqty) >= java.lang.Integer.valueOf(Rqty)): null

2018-05-15 18:20:04 - [TEST_STEP][PASSED] - Statement - Else: null

2018-05-15 18:20:04 - [TEST_STEP][PASSED] - Statement - out.println("Batchqty Is Less Than Rqty"): null

2018-05-15 18:20:04 - [TEST_STEP][PASSED] - Statement - product = new com.kms.katalon.core.testobject.TestObject(): null

2018-05-15 18:20:04 - [TEST_STEP][PASSED] - Statement - product = com.kms.katalon.core.webui.keyword.WebUiBuiltInKeywords.modifyObjectProperty(product, "xpath", "equals", "//*[@id = "fldvendor" + row + ""]", true): Modify property of object successfully

2018-05-15 18:20:04 - [MESSAGE][PASSED] - Modify property of object successfully

2018-05-15 18:20:04 - [TEST_STEP][PASSED] - selectOptionByIndex: All options with index in [4] are selected on object ''

2018-05-15 18:20:04 - [MESSAGE][PASSED] - All options with index in [4] are selected on object ''

2018-05-15 18:20:04 - [TEST_STEP][PASSED] - Statement - batch = new com.kms.katalon.core.testobject.TestObject(): null

2018-05-15 18:20:04 - [TEST_STEP][PASSED] - Statement - batch = com.kms.katalon.core.webui.keyword.WebUiBuiltInKeywords.modifyObjectProperty(batch, "xpath", "equals", "//*[@id = "txtbthqty" + row + ""]", true): Modify property of object successfully

2018-05-15 18:20:04 - [MESSAGE][PASSED] - Modify property of object successfully

2018-05-15 18:20:04 - [TEST_STEP][PASSED] - Statement - batchqty = com.kms.katalon.core.webui.keyword.WebUiBuiltInKeywords.getAttribute(batch, "value").trim(): Attribute 'value' of object '' is: '5000'

2018-05-15 18:20:04 - [MESSAGE][PASSED] - Attribute 'value' of object '' is: '5000'

2018-05-15 18:20:04 - [TEST_STEP][PASSED] - Statement - Rqty = 10000: null

2018-05-15 18:20:04 - [TEST_STEP][PASSED] - delay: Delayed 2 second(s)

2018-05-15 18:20:06 - [MESSAGE][PASSED] - Delayed 2 second(s)

2018-05-15 18:20:06 - [TEST_STEP][PASSED] - Statement - out.println("BatchQty : " + batchqty): null

2018-05-15 18:20:06 - [TEST_STEP][PASSED] - Statement - out.println("RQty : " + Rqty): null

2018-05-15 18:20:06 - [TEST_STEP][PASSED] - Statement - If (java.lang.Integer.valueOf(batchqty) >= java.lang.Integer.valueOf(Rqty)): null

2018-05-15 18:20:06 - [TEST_STEP][PASSED] - Statement - Else: null

2018-05-15 18:20:06 - [TEST_STEP][PASSED] - Statement - out.println("Batchqty Is Less Than Rqty"): null

2018-05-15 18:20:06 - [TEST_STEP][PASSED] - Statement - product = new com.kms.katalon.core.testobject.TestObject(): null

2018-05-15 18:20:06 - [TEST_STEP][PASSED] - Statement - product = com.kms.katalon.core.webui.keyword.WebUiBuiltInKeywords.modifyObjectProperty(product, "xpath", "equals", "//*[@id = "fldvendor" + row + ""]", true): Modify property of object successfully

2018-05-15 18:20:06 - [MESSAGE][PASSED] - Modify property of object successfully

2018-05-15 18:20:06 - [TEST_STEP][PASSED] - selectOptionByIndex: All options with index in [5] are selected on object ''

2018-05-15 18:20:07 - [MESSAGE][PASSED] - All options with index in [5] are selected on object ''

2018-05-15 18:20:07 - [TEST_STEP][PASSED] - Statement - batch = new com.kms.katalon.core.testobject.TestObject(): null

2018-05-15 18:20:07 - [TEST_STEP][PASSED] - Statement - batch = com.kms.katalon.core.webui.keyword.WebUiBuiltInKeywords.modifyObjectProperty(batch, "xpath", "equals", "//*[@id = "txtbthqty" + row + ""]", true): Modify property of object successfully

2018-05-15 18:20:07 - [MESSAGE][PASSED] - Modify property of object successfully

2018-05-15 18:20:07 - [TEST_STEP][PASSED] - Statement - batchqty = com.kms.katalon.core.webui.keyword.WebUiBuiltInKeywords.getAttribute(batch, "value").trim(): Attribute 'value' of object '' is: '34000'

2018-05-15 18:20:07 - [MESSAGE][PASSED] - Attribute 'value' of object '' is: '34000'

2018-05-15 18:20:07 - [TEST_STEP][PASSED] - Statement - Rqty = 10000: null

2018-05-15 18:20:07 - [TEST_STEP][PASSED] - delay: Delayed 2 second(s)

2018-05-15 18:20:09 - [MESSAGE][PASSED] - Delayed 2 second(s)

2018-05-15 18:20:09 - [TEST_STEP][PASSED] - Statement - out.println("BatchQty : " + batchqty): null

2018-05-15 18:20:09 - [TEST_STEP][PASSED] - Statement - out.println("RQty : " + Rqty): null

2018-05-15 18:20:09 - [TEST_STEP][PASSED] - Statement - If (java.lang.Integer.valueOf(batchqty) >= java.lang.Integer.valueOf(Rqty)): null

2018-05-15 18:20:09 - [TEST_STEP][PASSED] - Statement - Break: null

2018-05-15 18:20:09 - [TEST_STEP][PASSED] - Statement - batchlength = new com.kms.katalon.core.testobject.TestObject(): null

2018-05-15 18:20:09 - [TEST_STEP][PASSED] - Statement - batchlength = com.kms.katalon.core.webui.keyword.WebUiBuiltInKeywords.modifyObjectProperty(batchlength, "xpath", "equals", "//*[@id = "fldvendor" + row + ""]", true): Modify property of object successfully

2018-05-15 18:20:09 - [MESSAGE][PASSED] - Modify property of object successfully

2018-05-15 18:20:09 - [TEST_STEP][PASSED] - Statement - batchsize = com.kms.katalon.core.webui.keyword.WebUiBuiltInKeywords.getNumberOfTotalOption(batchlength): 10 options of object '' counted

2018-05-15 18:20:09 - [MESSAGE][PASSED] - 10 options of object '' counted

2018-05-15 18:20:09 - [TEST_STEP][PASSED] - Statement - out.println("BatchSize : " + batchsize): null

2018-05-15 18:20:09 - [TEST_STEP][PASSED] - Statement - For ([n = 1, n <= batchsize - 1, (n++)]): null

2018-05-15 18:20:09 - [TEST_STEP][PASSED] - Statement - product = new com.kms.katalon.core.testobject.TestObject(): null

2018-05-15 18:20:09 - [TEST_STEP][PASSED] - Statement - product = com.kms.katalon.core.webui.keyword.WebUiBuiltInKeywords.modifyObjectProperty(product, "xpath", "equals", "//*[@id = "fldvendor" + row + ""]", true): Modify property of object successfully

2018-05-15 18:20:09 - [MESSAGE][PASSED] - Modify property of object successfully

2018-05-15 18:20:09 - [TEST_STEP][PASSED] - selectOptionByIndex: All options with index in [1] are selected on object ''

2018-05-15 18:20:09 - [MESSAGE][PASSED] - All options with index in [1] are selected on object ''

2018-05-15 18:20:09 - [TEST_STEP][PASSED] - Statement - batch = new com.kms.katalon.core.testobject.TestObject(): null

2018-05-15 18:20:09 - [TEST_STEP][PASSED] - Statement - batch = com.kms.katalon.core.webui.keyword.WebUiBuiltInKeywords.modifyObjectProperty(batch, "xpath", "equals", "//*[@id = "txtbthqty" + row + ""]", true): Modify property of object successfully

2018-05-15 18:20:09 - [MESSAGE][PASSED] - Modify property of object successfully

2018-05-15 18:20:09 - [TEST_STEP][PASSED] - Statement - batchqty = com.kms.katalon.core.webui.keyword.WebUiBuiltInKeywords.getAttribute(batch, "value").trim(): Attribute 'value' of object '' is: '39000'

2018-05-15 18:20:09 - [MESSAGE][PASSED] - Attribute 'value' of object '' is: '39000'

2018-05-15 18:20:09 - [TEST_STEP][PASSED] - Statement - Rqty = 10000: null

2018-05-15 18:20:09 - [TEST_STEP][PASSED] - delay: Delayed 2 second(s)

2018-05-15 18:20:11 - [MESSAGE][PASSED] - Delayed 2 second(s)

2018-05-15 18:20:11 - [TEST_STEP][PASSED] - Statement - out.println("BatchQty : " + batchqty): null

2018-05-15 18:20:11 - [TEST_STEP][PASSED] - Statement - out.println("RQty : " + Rqty): null

2018-05-15 18:20:11 - [TEST_STEP][PASSED] - Statement - If (java.lang.Integer.valueOf(batchqty) >= java.lang.Integer.valueOf(Rqty)): null

2018-05-15 18:20:11 - [TEST_STEP][PASSED] - Statement - Break: null

2018-05-15 18:20:11 - [TEST_STEP][PASSED] - Statement - batchlength = new com.kms.katalon.core.testobject.TestObject(): null

2018-05-15 18:20:11 - [TEST_STEP][PASSED] - Statement - batchlength = com.kms.katalon.core.webui.keyword.WebUiBuiltInKeywords.modifyObjectProperty(batchlength, "xpath", "equals", "//*[@id = "fldvendor" + row + ""]", true): Modify property of object successfully

2018-05-15 18:20:11 - [MESSAGE][PASSED] - Modify property of object successfully

2018-05-15 18:20:11 - [TEST_STEP][PASSED] - Statement - batchsize = com.kms.katalon.core.webui.keyword.WebUiBuiltInKeywords.getNumberOfTotalOption(batchlength): 10 options of object '' counted

2018-05-15 18:20:11 - [MESSAGE][PASSED] - 10 options of object '' counted

2018-05-15 18:20:11 - [TEST_STEP][PASSED] - Statement - out.println("BatchSize : " + batchsize): null

2018-05-15 18:20:11 - [TEST_STEP][PASSED] - Statement - For ([n = 1, n <= batchsize - 1, (n++)]): null

2018-05-15 18:20:11 - [TEST_STEP][PASSED] - Statement - product = new com.kms.katalon.core.testobject.TestObject(): null

2018-05-15 18:20:11 - [TEST_STEP][PASSED] - Statement - product = com.kms.katalon.core.webui.keyword.WebUiBuiltInKeywords.modifyObjectProperty(product, "xpath", "equals", "//*[@id = "fldvendor" + row + ""]", true): Modify property of object successfully

2018-05-15 18:20:11 - [MESSAGE][PASSED] - Modify property of object successfully

2018-05-15 18:20:11 - [TEST_STEP][PASSED] - selectOptionByIndex: All options with index in [1] are selected on object ''

2018-05-15 18:20:11 - [MESSAGE][PASSED] - All options with index in [1] are selected on object ''

2018-05-15 18:20:11 - [TEST_STEP][PASSED] - Statement - batch = new com.kms.katalon.core.testobject.TestObject(): null

2018-05-15 18:20:11 - [TEST_STEP][PASSED] - Statement - batch = com.kms.katalon.core.webui.keyword.WebUiBuiltInKeywords.modifyObjectProperty(batch, "xpath", "equals", "//*[@id = "txtbthqty" + row + ""]", true): Modify property of object successfully

2018-05-15 18:20:11 - [MESSAGE][PASSED] - Modify property of object successfully

2018-05-15 18:20:11 - [TEST_STEP][PASSED] - Statement - batchqty = com.kms.katalon.core.webui.keyword.WebUiBuiltInKeywords.getAttribute(batch, "value").trim(): Attribute 'value' of object '' is: '39000'

2018-05-15 18:20:11 - [MESSAGE][PASSED] - Attribute 'value' of object '' is: '39000'

2018-05-15 18:20:11 - [TEST_STEP][PASSED] - Statement - Rqty = 10000: null

2018-05-15 18:20:11 - [TEST_STEP][PASSED] - delay: Delayed 2 second(s)

2018-05-15 18:20:13 - [MESSAGE][PASSED] - Delayed 2 second(s)

2018-05-15 18:20:13 - [TEST_STEP][PASSED] - Statement - out.println("BatchQty : " + batchqty): null

2018-05-15 18:20:13 - [TEST_STEP][PASSED] - Statement - out.println("RQty : " + Rqty): null

2018-05-15 18:20:13 - [TEST_STEP][PASSED] - Statement - If (java.lang.Integer.valueOf(batchqty) >= java.lang.Integer.valueOf(Rqty)): null

2018-05-15 18:20:13 - [TEST_STEP][PASSED] - Statement - Break: null

2018-05-15 18:20:13 - [TEST_STEP][PASSED] - Statement - batchlength = new com.kms.katalon.core.testobject.TestObject(): null

2018-05-15 18:20:13 - [TEST_STEP][PASSED] - Statement - batchlength = com.kms.katalon.core.webui.keyword.WebUiBuiltInKeywords.modifyObjectProperty(batchlength, "xpath", "equals", "//*[@id = "fldvendor" + row + ""]", true): Modify property of object successfully

2018-05-15 18:20:13 - [MESSAGE][PASSED] - Modify property of object successfully

2018-05-15 18:20:13 - [TEST_STEP][PASSED] - Statement - batchsize = com.kms.katalon.core.webui.keyword.WebUiBuiltInKeywords.getNumberOfTotalOption(batchlength): 10 options of object '' counted

2018-05-15 18:20:13 - [MESSAGE][PASSED] - 10 options of object '' counted

2018-05-15 18:20:13 - [TEST_STEP][PASSED] - Statement - out.println("BatchSize : " + batchsize): null

2018-05-15 18:20:13 - [TEST_STEP][PASSED] - Statement - For ([n = 1, n <= batchsize - 1, (n++)]): null

2018-05-15 18:20:13 - [TEST_STEP][PASSED] - Statement - product = new com.kms.katalon.core.testobject.TestObject(): null

2018-05-15 18:20:13 - [TEST_STEP][PASSED] - Statement - product = com.kms.katalon.core.webui.keyword.WebUiBuiltInKeywords.modifyObjectProperty(product, "xpath", "equals", "//*[@id = "fldvendor" + row + ""]", true): Modify property of object successfully

2018-05-15 18:20:13 - [MESSAGE][PASSED] - Modify property of object successfully

2018-05-15 18:20:13 - [TEST_STEP][PASSED] - selectOptionByIndex: All options with index in [1] are selected on object ''

2018-05-15 18:20:13 - [MESSAGE][PASSED] - All options with index in [1] are selected on object ''

2018-05-15 18:20:13 - [TEST_STEP][PASSED] - Statement - batch = new com.kms.katalon.core.testobject.TestObject(): null

2018-05-15 18:20:13 - [TEST_STEP][PASSED] - Statement - batch = com.kms.katalon.core.webui.keyword.WebUiBuiltInKeywords.modifyObjectProperty(batch, "xpath", "equals", "//*[@id = "txtbthqty" + row + ""]", true): Modify property of object successfully

2018-05-15 18:20:13 - [MESSAGE][PASSED] - Modify property of object successfully

2018-05-15 18:20:13 - [TEST_STEP][PASSED] - Statement - batchqty = com.kms.katalon.core.webui.keyword.WebUiBuiltInKeywords.getAttribute(batch, "value").trim(): Attribute 'value' of object '' is: '5000'

2018-05-15 18:20:13 - [MESSAGE][PASSED] - Attribute 'value' of object '' is: '5000'

2018-05-15 18:20:13 - [TEST_STEP][PASSED] - Statement - Rqty = 10000: null

2018-05-15 18:20:13 - [TEST_STEP][PASSED] - delay: Delayed 2 second(s)

2018-05-15 18:20:15 - [MESSAGE][PASSED] - Delayed 2 second(s)

2018-05-15 18:20:15 - [TEST_STEP][PASSED] - Statement - out.println("BatchQty : " + batchqty): null

2018-05-15 18:20:15 - [TEST_STEP][PASSED] - Statement - out.println("RQty : " + Rqty): null

2018-05-15 18:20:15 - [TEST_STEP][PASSED] - Statement - If (java.lang.Integer.valueOf(batchqty) >= java.lang.Integer.valueOf(Rqty)): null

2018-05-15 18:20:15 - [TEST_STEP][PASSED] - Statement - Else: null

2018-05-15 18:20:15 - [TEST_STEP][PASSED] - Statement - out.println("Batchqty Is Less Than Rqty"): null

2018-05-15 18:20:15 - [TEST_STEP][PASSED] - Statement - product = new com.kms.katalon.core.testobject.TestObject(): null

2018-05-15 18:20:15 - [TEST_STEP][PASSED] - Statement - product = com.kms.katalon.core.webui.keyword.WebUiBuiltInKeywords.modifyObjectProperty(product, "xpath", "equals", "//*[@id = "fldvendor" + row + ""]", true): Modify property of object successfully

2018-05-15 18:20:15 - [MESSAGE][PASSED] - Modify property of object successfully

2018-05-15 18:20:15 - [TEST_STEP][PASSED] - selectOptionByIndex: All options with index in [2] are selected on object ''

2018-05-15 18:20:16 - [MESSAGE][PASSED] - All options with index in [2] are selected on object ''

2018-05-15 18:20:16 - [TEST_STEP][PASSED] - Statement - batch = new com.kms.katalon.core.testobject.TestObject(): null

2018-05-15 18:20:16 - [TEST_STEP][PASSED] - Statement - batch = com.kms.katalon.core.webui.keyword.WebUiBuiltInKeywords.modifyObjectProperty(batch, "xpath", "equals", "//*[@id = "txtbthqty" + row + ""]", true): Modify property of object successfully

2018-05-15 18:20:16 - [MESSAGE][PASSED] - Modify property of object successfully

2018-05-15 18:20:16 - [TEST_STEP][PASSED] - Statement - batchqty = com.kms.katalon.core.webui.keyword.WebUiBuiltInKeywords.getAttribute(batch, "value").trim(): Attribute 'value' of object '' is: '39000'

2018-05-15 18:20:16 - [MESSAGE][PASSED] - Attribute 'value' of object '' is: '39000'

2018-05-15 18:20:16 - [TEST_STEP][PASSED] - Statement - Rqty = 10000: null

2018-05-15 18:20:16 - [TEST_STEP][PASSED] - delay: Delayed 2 second(s)

2018-05-15 18:20:18 - [MESSAGE][PASSED] - Delayed 2 second(s)

2018-05-15 18:20:18 - [TEST_STEP][PASSED] - Statement - out.println("BatchQty : " + batchqty): null

2018-05-15 18:20:18 - [TEST_STEP][PASSED] - Statement - out.println("RQty : " + Rqty): null

2018-05-15 18:20:18 - [TEST_STEP][PASSED] - Statement - If (java.lang.Integer.valueOf(batchqty) >= java.lang.Integer.valueOf(Rqty)): null

2018-05-15 18:20:18 - [TEST_STEP][PASSED] - Statement - Break: null

2018-05-15 18:20:18 - [TEST_STEP][PASSED] - Statement - batchlength = new com.kms.katalon.core.testobject.TestObject(): null

2018-05-15 18:20:18 - [TEST_STEP][PASSED] - Statement - batchlength = com.kms.katalon.core.webui.keyword.WebUiBuiltInKeywords.modifyObjectProperty(batchlength, "xpath", "equals", "//*[@id = "fldvendor" + row + ""]", true): Modify property of object successfully

2018-05-15 18:20:18 - [MESSAGE][PASSED] - Modify property of object successfully

2018-05-15 18:20:18 - [TEST_STEP][PASSED] - Statement - batchsize = com.kms.katalon.core.webui.keyword.WebUiBuiltInKeywords.getNumberOfTotalOption(batchlength): 10 options of object '' counted

2018-05-15 18:20:18 - [MESSAGE][PASSED] - 10 options of object '' counted

2018-05-15 18:20:18 - [TEST_STEP][PASSED] - Statement - out.println("BatchSize : " + batchsize): null

2018-05-15 18:20:18 - [TEST_STEP][PASSED] - Statement - For ([n = 1, n <= batchsize - 1, (n++)]): null

2018-05-15 18:20:18 - [TEST_STEP][PASSED] - Statement - product = new com.kms.katalon.core.testobject.TestObject(): null

2018-05-15 18:20:18 - [TEST_STEP][PASSED] - Statement - product = com.kms.katalon.core.webui.keyword.WebUiBuiltInKeywords.modifyObjectProperty(product, "xpath", "equals", "//*[@id = "fldvendor" + row + ""]", true): Modify property of object successfully

2018-05-15 18:20:18 - [MESSAGE][PASSED] - Modify property of object successfully

2018-05-15 18:20:18 - [TEST_STEP][PASSED] - selectOptionByIndex: All options with index in [1] are selected on object ''

2018-05-15 18:20:18 - [MESSAGE][PASSED] - All options with index in [1] are selected on object ''

2018-05-15 18:20:18 - [TEST_STEP][PASSED] - Statement - batch = new com.kms.katalon.core.testobject.TestObject(): null

2018-05-15 18:20:18 - [TEST_STEP][PASSED] - Statement - batch = com.kms.katalon.core.webui.keyword.WebUiBuiltInKeywords.modifyObjectProperty(batch, "xpath", "equals", "//*[@id = "txtbthqty" + row + ""]", true): Modify property of object successfully

2018-05-15 18:20:18 - [MESSAGE][PASSED] - Modify property of object successfully

2018-05-15 18:20:18 - [TEST_STEP][PASSED] - Statement - batchqty = com.kms.katalon.core.webui.keyword.WebUiBuiltInKeywords.getAttribute(batch, "value").trim(): Attribute 'value' of object '' is: '39000'

2018-05-15 18:20:18 - [MESSAGE][PASSED] - Attribute 'value' of object '' is: '39000'

2018-05-15 18:20:18 - [TEST_STEP][PASSED] - Statement - Rqty = 10000: null

2018-05-15 18:20:18 - [TEST_STEP][PASSED] - delay: Delayed 2 second(s)

2018-05-15 18:20:20 - [MESSAGE][PASSED] - Delayed 2 second(s)

2018-05-15 18:20:20 - [TEST_STEP][PASSED] - Statement - out.println("BatchQty : " + batchqty): null

2018-05-15 18:20:20 - [TEST_STEP][PASSED] - Statement - out.println("RQty : " + Rqty): null

2018-05-15 18:20:20 - [TEST_STEP][PASSED] - Statement - If (java.lang.Integer.valueOf(batchqty) >= java.lang.Integer.valueOf(Rqty)): null

2018-05-15 18:20:20 - [TEST_STEP][PASSED] - Statement - Break: null

2018-05-15 18:20:20 - [TEST_STEP][PASSED] - Statement - batchlength = new com.kms.katalon.core.testobject.TestObject(): null

2018-05-15 18:20:20 - [TEST_STEP][PASSED] - Statement - batchlength = com.kms.katalon.core.webui.keyword.WebUiBuiltInKeywords.modifyObjectProperty(batchlength, "xpath", "equals", "//*[@id = "fldvendor" + row + ""]", true): Modify property of object successfully

2018-05-15 18:20:20 - [MESSAGE][PASSED] - Modify property of object successfully

2018-05-15 18:20:20 - [TEST_STEP][PASSED] - Statement - batchsize = com.kms.katalon.core.webui.keyword.WebUiBuiltInKeywords.getNumberOfTotalOption(batchlength): 10 options of object '' counted

2018-05-15 18:20:20 - [MESSAGE][PASSED] - 10 options of object '' counted

2018-05-15 18:20:20 - [TEST_STEP][PASSED] - Statement - out.println("BatchSize : " + batchsize): null

2018-05-15 18:20:20 - [TEST_STEP][PASSED] - Statement - For ([n = 1, n <= batchsize - 1, (n++)]): null

2018-05-15 18:20:20 - [TEST_STEP][PASSED] - Statement - product = new com.kms.katalon.core.testobject.TestObject(): null

2018-05-15 18:20:20 - [TEST_STEP][PASSED] - Statement - product = com.kms.katalon.core.webui.keyword.WebUiBuiltInKeywords.modifyObjectProperty(product, "xpath", "equals", "//*[@id = "fldvendor" + row + ""]", true): Modify property of object successfully

2018-05-15 18:20:20 - [MESSAGE][PASSED] - Modify property of object successfully

2018-05-15 18:20:20 - [TEST_STEP][PASSED] - selectOptionByIndex: All options with index in [1] are selected on object ''

2018-05-15 18:20:20 - [MESSAGE][PASSED] - All options with index in [1] are selected on object ''

2018-05-15 18:20:20 - [TEST_STEP][PASSED] - Statement - batch = new com.kms.katalon.core.testobject.TestObject(): null

2018-05-15 18:20:20 - [TEST_STEP][PASSED] - Statement - batch = com.kms.katalon.core.webui.keyword.WebUiBuiltInKeywords.modifyObjectProperty(batch, "xpath", "equals", "//*[@id = "txtbthqty" + row + ""]", true): Modify property of object successfully

2018-05-15 18:20:20 - [MESSAGE][PASSED] - Modify property of object successfully

2018-05-15 18:20:20 - [TEST_STEP][PASSED] - Statement - batchqty = com.kms.katalon.core.webui.keyword.WebUiBuiltInKeywords.getAttribute(batch, "value").trim(): Attribute 'value' of object '' is: '39000'

2018-05-15 18:20:20 - [MESSAGE][PASSED] - Attribute 'value' of object '' is: '39000'

2018-05-15 18:20:20 - [TEST_STEP][PASSED] - Statement - Rqty = 10000: null

2018-05-15 18:20:20 - [TEST_STEP][PASSED] - delay: Delayed 2 second(s)

2018-05-15 18:20:22 - [MESSAGE][PASSED] - Delayed 2 second(s)

2018-05-15 18:20:22 - [TEST_STEP][PASSED] - Statement - out.println("BatchQty : " + batchqty): null

2018-05-15 18:20:22 - [TEST_STEP][PASSED] - Statement - out.println("RQty : " + Rqty): null

2018-05-15 18:20:22 - [TEST_STEP][PASSED] - Statement - If (java.lang.Integer.valueOf(batchqty) >= java.lang.Integer.valueOf(Rqty)): null

2018-05-15 18:20:22 - [TEST_STEP][PASSED] - Statement - Break: null

2018-05-15 18:20:22 - [TEST_STEP][PASSED] - Statement - batchlength = new com.kms.katalon.core.testobject.TestObject(): null

2018-05-15 18:20:22 - [TEST_STEP][PASSED] - Statement - batchlength = com.kms.katalon.core.webui.keyword.WebUiBuiltInKeywords.modifyObjectProperty(batchlength, "xpath", "equals", "//*[@id = "fldvendor" + row + ""]", true): Modify property of object successfully

2018-05-15 18:20:22 - [MESSAGE][PASSED] - Modify property of object successfully

2018-05-15 18:20:22 - [TEST_STEP][PASSED] - Statement - batchsize = com.kms.katalon.core.webui.keyword.WebUiBuiltInKeywords.getNumberOfTotalOption(batchlength): 10 options of object '' counted

2018-05-15 18:20:22 - [MESSAGE][PASSED] - 10 options of object '' counted

2018-05-15 18:20:22 - [TEST_STEP][PASSED] - Statement - out.println("BatchSize : " + batchsize): null

2018-05-15 18:20:22 - [TEST_STEP][PASSED] - Statement - For ([n = 1, n <= batchsize - 1, (n++)]): null

2018-05-15 18:20:22 - [TEST_STEP][PASSED] - Statement - product = new com.kms.katalon.core.testobject.TestObject(): null

2018-05-15 18:20:22 - [TEST_STEP][PASSED] - Statement - product = com.kms.katalon.core.webui.keyword.WebUiBuiltInKeywords.modifyObjectProperty(product, "xpath", "equals", "//*[@id = "fldvendor" + row + ""]", true): Modify property of object successfully

2018-05-15 18:20:22 - [MESSAGE][PASSED] - Modify property of object successfully

2018-05-15 18:20:22 - [TEST_STEP][PASSED] - selectOptionByIndex: All options with index in [1] are selected on object ''

2018-05-15 18:20:22 - [MESSAGE][PASSED] - All options with index in [1] are selected on object ''

2018-05-15 18:20:22 - [TEST_STEP][PASSED] - Statement - batch = new com.kms.katalon.core.testobject.TestObject(): null

2018-05-15 18:20:22 - [TEST_STEP][PASSED] - Statement - batch = com.kms.katalon.core.webui.keyword.WebUiBuiltInKeywords.modifyObjectProperty(batch, "xpath", "equals", "//*[@id = "txtbthqty" + row + ""]", true): Modify property of object successfully

2018-05-15 18:20:22 - [MESSAGE][PASSED] - Modify property of object successfully

2018-05-15 18:20:22 - [TEST_STEP][PASSED] - Statement - batchqty = com.kms.katalon.core.webui.keyword.WebUiBuiltInKeywords.getAttribute(batch, "value").trim(): Attribute 'value' of object '' is: '39000'

2018-05-15 18:20:22 - [MESSAGE][PASSED] - Attribute 'value' of object '' is: '39000'

2018-05-15 18:20:22 - [TEST_STEP][PASSED] - Statement - Rqty = 10000: null

2018-05-15 18:20:22 - [TEST_STEP][PASSED] - delay: Delayed 2 second(s)

2018-05-15 18:20:24 - [MESSAGE][PASSED] - Delayed 2 second(s)

2018-05-15 18:20:24 - [TEST_STEP][PASSED] - Statement - out.println("BatchQty : " + batchqty): null

2018-05-15 18:20:24 - [TEST_STEP][PASSED] - Statement - out.println("RQty : " + Rqty): null

2018-05-15 18:20:24 - [TEST_STEP][PASSED] - Statement - If (java.lang.Integer.valueOf(batchqty) >= java.lang.Integer.valueOf(Rqty)): null

2018-05-15 18:20:24 - [TEST_STEP][PASSED] - Statement - Break: null

2018-05-15 18:20:24 - [TEST_STEP][PASSED] - Statement - batchlength = new com.kms.katalon.core.testobject.TestObject(): null

2018-05-15 18:20:24 - [TEST_STEP][PASSED] - Statement - batchlength = com.kms.katalon.core.webui.keyword.WebUiBuiltInKeywords.modifyObjectProperty(batchlength, "xpath", "equals", "//*[@id = "fldvendor" + row + ""]", true): Modify property of object successfully

2018-05-15 18:20:24 - [MESSAGE][PASSED] - Modify property of object successfully

2018-05-15 18:20:24 - [TEST_STEP][PASSED] - Statement - batchsize = com.kms.katalon.core.webui.keyword.WebUiBuiltInKeywords.getNumberOfTotalOption(batchlength): 10 options of object '' counted

2018-05-15 18:20:25 - [MESSAGE][PASSED] - 10 options of object '' counted

2018-05-15 18:20:25 - [TEST_STEP][PASSED] - Statement - out.println("BatchSize : " + batchsize): null

2018-05-15 18:20:25 - [TEST_STEP][PASSED] - Statement - For ([n = 1, n <= batchsize - 1, (n++)]): null

2018-05-15 18:20:25 - [TEST_STEP][PASSED] - Statement - product = new com.kms.katalon.core.testobject.TestObject(): null

2018-05-15 18:20:25 - [TEST_STEP][PASSED] - Statement - product = com.kms.katalon.core.webui.keyword.WebUiBuiltInKeywords.modifyObjectProperty(product, "xpath", "equals", "//*[@id = "fldvendor" + row + ""]", true): Modify property of object successfully

2018-05-15 18:20:25 - [MESSAGE][PASSED] - Modify property of object successfully

2018-05-15 18:20:25 - [TEST_STEP][PASSED] - selectOptionByIndex: All options with index in [1] are selected on object ''

2018-05-15 18:20:25 - [MESSAGE][PASSED] - All options with index in [1] are selected on object ''

2018-05-15 18:20:25 - [TEST_STEP][PASSED] - Statement - batch = new com.kms.katalon.core.testobject.TestObject(): null

2018-05-15 18:20:25 - [TEST_STEP][PASSED] - Statement - batch = com.kms.katalon.core.webui.keyword.WebUiBuiltInKeywords.modifyObjectProperty(batch, "xpath", "equals", "//*[@id = "txtbthqty" + row + ""]", true): Modify property of object successfully

2018-05-15 18:20:25 - [MESSAGE][PASSED] - Modify property of object successfully

2018-05-15 18:20:25 - [TEST_STEP][PASSED] - Statement - batchqty = com.kms.katalon.core.webui.keyword.WebUiBuiltInKeywords.getAttribute(batch, "value").trim(): Attribute 'value' of object '' is: '4000'

2018-05-15 18:20:25 - [MESSAGE][PASSED] - Attribute 'value' of object '' is: '4000'

2018-05-15 18:20:25 - [TEST_STEP][PASSED] - Statement - Rqty = 10000: null

2018-05-15 18:20:25 - [TEST_STEP][PASSED] - delay: Delayed 2 second(s)

2018-05-15 18:20:27 - [MESSAGE][PASSED] - Delayed 2 second(s)

2018-05-15 18:20:27 - [TEST_STEP][PASSED] - Statement - out.println("BatchQty : " + batchqty): null

2018-05-15 18:20:27 - [TEST_STEP][PASSED] - Statement - out.println("RQty : " + Rqty): null

2018-05-15 18:20:27 - [TEST_STEP][PASSED] - Statement - If (java.lang.Integer.valueOf(batchqty) >= java.lang.Integer.valueOf(Rqty)): null

2018-05-15 18:20:27 - [TEST_STEP][PASSED] - Statement - Else: null

2018-05-15 18:20:27 - [TEST_STEP][PASSED] - Statement - out.println("Batchqty Is Less Than Rqty"): null

2018-05-15 18:20:27 - [TEST_STEP][PASSED] - Statement - product = new com.kms.katalon.core.testobject.TestObject(): null

2018-05-15 18:20:27 - [TEST_STEP][PASSED] - Statement - product = com.kms.katalon.core.webui.keyword.WebUiBuiltInKeywords.modifyObjectProperty(product, "xpath", "equals", "//*[@id = "fldvendor" + row + ""]", true): Modify property of object successfully

2018-05-15 18:20:27 - [MESSAGE][PASSED] - Modify property of object successfully

2018-05-15 18:20:27 - [TEST_STEP][PASSED] - selectOptionByIndex: All options with index in [2] are selected on object ''

2018-05-15 18:20:27 - [MESSAGE][PASSED] - All options with index in [2] are selected on object ''

2018-05-15 18:20:27 - [TEST_STEP][PASSED] - Statement - batch = new com.kms.katalon.core.testobject.TestObject(): null

2018-05-15 18:20:27 - [TEST_STEP][PASSED] - Statement - batch = com.kms.katalon.core.webui.keyword.WebUiBuiltInKeywords.modifyObjectProperty(batch, "xpath", "equals", "//*[@id = "txtbthqty" + row + ""]", true): Modify property of object successfully

2018-05-15 18:20:27 - [MESSAGE][PASSED] - Modify property of object successfully

2018-05-15 18:20:27 - [TEST_STEP][PASSED] - Statement - batchqty = com.kms.katalon.core.webui.keyword.WebUiBuiltInKeywords.getAttribute(batch, "value").trim(): Attribute 'value' of object '' is: '40000'

2018-05-15 18:20:27 - [MESSAGE][PASSED] - Attribute 'value' of object '' is: '40000'

2018-05-15 18:20:27 - [TEST_STEP][PASSED] - Statement - Rqty = 10000: null

2018-05-15 18:20:27 - [TEST_STEP][PASSED] - delay: Delayed 2 second(s)

2018-05-15 18:20:29 - [MESSAGE][PASSED] - Delayed 2 second(s)

2018-05-15 18:20:29 - [TEST_STEP][PASSED] - Statement - out.println("BatchQty : " + batchqty): null

2018-05-15 18:20:29 - [TEST_STEP][PASSED] - Statement - out.println("RQty : " + Rqty): null

2018-05-15 18:20:29 - [TEST_STEP][PASSED] - Statement - If (java.lang.Integer.valueOf(batchqty) >= java.lang.Integer.valueOf(Rqty)): null

2018-05-15 18:20:29 - [TEST_STEP][PASSED] - Statement - Break: null

2018-05-15 18:20:29 - [TEST_STEP][PASSED] - Statement - batchlength = new com.kms.katalon.core.testobject.TestObject(): null

2018-05-15 18:20:29 - [TEST_STEP][PASSED] - Statement - batchlength = com.kms.katalon.core.webui.keyword.WebUiBuiltInKeywords.modifyObjectProperty(batchlength, "xpath", "equals", "//*[@id = "fldvendor" + row + ""]", true): Modify property of object successfully

2018-05-15 18:20:29 - [MESSAGE][PASSED] - Modify property of object successfully

2018-05-15 18:20:29 - [TEST_STEP][PASSED] - Statement - batchsize = com.kms.katalon.core.webui.keyword.WebUiBuiltInKeywords.getNumberOfTotalOption(batchlength): 10 options of object '' counted

2018-05-15 18:20:29 - [MESSAGE][PASSED] - 10 options of object '' counted

2018-05-15 18:20:29 - [TEST_STEP][PASSED] - Statement - out.println("BatchSize : " + batchsize): null

2018-05-15 18:20:29 - [TEST_STEP][PASSED] - Statement - For ([n = 1, n <= batchsize - 1, (n++)]): null

2018-05-15 18:20:29 - [TEST_STEP][PASSED] - Statement - product = new com.kms.katalon.core.testobject.TestObject(): null

2018-05-15 18:20:29 - [TEST_STEP][PASSED] - Statement - product = com.kms.katalon.core.webui.keyword.WebUiBuiltInKeywords.modifyObjectProperty(product, "xpath", "equals", "//*[@id = "fldvendor" + row + ""]", true): Modify property of object successfully

2018-05-15 18:20:29 - [MESSAGE][PASSED] - Modify property of object successfully

2018-05-15 18:20:29 - [TEST_STEP][PASSED] - selectOptionByIndex: All options with index in [1] are selected on object ''

2018-05-15 18:20:29 - [MESSAGE][PASSED] - All options with index in [1] are selected on object ''

2018-05-15 18:20:29 - [TEST_STEP][PASSED] - Statement - batch = new com.kms.katalon.core.testobject.TestObject(): null

2018-05-15 18:20:29 - [TEST_STEP][PASSED] - Statement - batch = com.kms.katalon.core.webui.keyword.WebUiBuiltInKeywords.modifyObjectProperty(batch, "xpath", "equals", "//*[@id = "txtbthqty" + row + ""]", true): Modify property of object successfully

2018-05-15 18:20:29 - [MESSAGE][PASSED] - Modify property of object successfully

2018-05-15 18:20:29 - [TEST_STEP][PASSED] - Statement - batchqty = com.kms.katalon.core.webui.keyword.WebUiBuiltInKeywords.getAttribute(batch, "value").trim(): Attribute 'value' of object '' is: '39000'

2018-05-15 18:20:29 - [MESSAGE][PASSED] - Attribute 'value' of object '' is: '39000'

2018-05-15 18:20:29 - [TEST_STEP][PASSED] - Statement - Rqty = 10000: null

2018-05-15 18:20:29 - [TEST_STEP][PASSED] - delay: Delayed 2 second(s)

2018-05-15 18:20:31 - [MESSAGE][PASSED] - Delayed 2 second(s)

2018-05-15 18:20:31 - [TEST_STEP][PASSED] - Statement - out.println("BatchQty : " + batchqty): null

2018-05-15 18:20:31 - [TEST_STEP][PASSED] - Statement - out.println("RQty : " + Rqty): null

2018-05-15 18:20:31 - [TEST_STEP][PASSED] - Statement - If (java.lang.Integer.valueOf(batchqty) >= java.lang.Integer.valueOf(Rqty)): null

2018-05-15 18:20:31 - [TEST_STEP][PASSED] - Statement - Break: null

2018-05-15 18:20:31 - [TEST_STEP][PASSED] - Statement - batchlength = new com.kms.katalon.core.testobject.TestObject(): null

2018-05-15 18:20:31 - [TEST_STEP][PASSED] - Statement - batchlength = com.kms.katalon.core.webui.keyword.WebUiBuiltInKeywords.modifyObjectProperty(batchlength, "xpath", "equals", "//*[@id = "fldvendor" + row + ""]", true): Modify property of object successfully

2018-05-15 18:20:31 - [MESSAGE][PASSED] - Modify property of object successfully

2018-05-15 18:20:31 - [TEST_STEP][PASSED] - Statement - batchsize = com.kms.katalon.core.webui.keyword.WebUiBuiltInKeywords.getNumberOfTotalOption(batchlength): 10 options of object '' counted

2018-05-15 18:20:31 - [MESSAGE][PASSED] - 10 options of object '' counted

2018-05-15 18:20:31 - [TEST_STEP][PASSED] - Statement - out.println("BatchSize : " + batchsize): null

2018-05-15 18:20:31 - [TEST_STEP][PASSED] - Statement - For ([n = 1, n <= batchsize - 1, (n++)]): null

2018-05-15 18:20:31 - [TEST_STEP][PASSED] - Statement - product = new com.kms.katalon.core.testobject.TestObject(): null

2018-05-15 18:20:31 - [TEST_STEP][PASSED] - Statement - product = com.kms.katalon.core.webui.keyword.WebUiBuiltInKeywords.modifyObjectProperty(product, "xpath", "equals", "//*[@id = "fldvendor" + row + ""]", true): Modify property of object successfully

2018-05-15 18:20:31 - [MESSAGE][PASSED] - Modify property of object successfully

2018-05-15 18:20:31 - [TEST_STEP][PASSED] - selectOptionByIndex: All options with index in [1] are selected on object ''

2018-05-15 18:20:31 - [MESSAGE][PASSED] - All options with index in [1] are selected on object ''

2018-05-15 18:20:31 - [TEST_STEP][PASSED] - Statement - batch = new com.kms.katalon.core.testobject.TestObject(): null

2018-05-15 18:20:31 - [TEST_STEP][PASSED] - Statement - batch = com.kms.katalon.core.webui.keyword.WebUiBuiltInKeywords.modifyObjectProperty(batch, "xpath", "equals", "//*[@id = "txtbthqty" + row + ""]", true): Modify property of object successfully

2018-05-15 18:20:31 - [MESSAGE][PASSED] - Modify property of object successfully

2018-05-15 18:20:31 - [TEST_STEP][PASSED] - Statement - batchqty = com.kms.katalon.core.webui.keyword.WebUiBuiltInKeywords.getAttribute(batch, "value").trim(): Attribute 'value' of object '' is: '4000'

2018-05-15 18:20:31 - [MESSAGE][PASSED] - Attribute 'value' of object '' is: '4000'

2018-05-15 18:20:31 - [TEST_STEP][PASSED] - Statement - Rqty = 10000: null

2018-05-15 18:20:31 - [TEST_STEP][PASSED] - delay: Delayed 2 second(s)

2018-05-15 18:20:33 - [MESSAGE][PASSED] - Delayed 2 second(s)

2018-05-15 18:20:33 - [TEST_STEP][PASSED] - Statement - out.println("BatchQty : " + batchqty): null

2018-05-15 18:20:33 - [TEST_STEP][PASSED] - Statement - out.println("RQty : " + Rqty): null

2018-05-15 18:20:33 - [TEST_STEP][PASSED] - Statement - If (java.lang.Integer.valueOf(batchqty) >= java.lang.Integer.valueOf(Rqty)): null

2018-05-15 18:20:33 - [TEST_STEP][PASSED] - Statement - Else: null

2018-05-15 18:20:33 - [TEST_STEP][PASSED] - Statement - out.println("Batchqty Is Less Than Rqty"): null

2018-05-15 18:20:33 - [TEST_STEP][PASSED] - Statement - product = new com.kms.katalon.core.testobject.TestObject(): null

2018-05-15 18:20:33 - [TEST_STEP][PASSED] - Statement - product = com.kms.katalon.core.webui.keyword.WebUiBuiltInKeywords.modifyObjectProperty(product, "xpath", "equals", "//*[@id = "fldvendor" + row + ""]", true): Modify property of object successfully

2018-05-15 18:20:33 - [MESSAGE][PASSED] - Modify property of object successfully

2018-05-15 18:20:33 - [TEST_STEP][PASSED] - selectOptionByIndex: All options with index in [2] are selected on object ''

2018-05-15 18:20:34 - [MESSAGE][PASSED] - All options with index in [2] are selected on object ''

2018-05-15 18:20:34 - [TEST_STEP][PASSED] - Statement - batch = new com.kms.katalon.core.testobject.TestObject(): null

2018-05-15 18:20:34 - [TEST_STEP][PASSED] - Statement - batch = com.kms.katalon.core.webui.keyword.WebUiBuiltInKeywords.modifyObjectProperty(batch, "xpath", "equals", "//*[@id = "txtbthqty" + row + ""]", true): Modify property of object successfully

2018-05-15 18:20:34 - [MESSAGE][PASSED] - Modify property of object successfully

2018-05-15 18:20:34 - [TEST_STEP][PASSED] - Statement - batchqty = com.kms.katalon.core.webui.keyword.WebUiBuiltInKeywords.getAttribute(batch, "value").trim(): Attribute 'value' of object '' is: '5000'

2018-05-15 18:20:34 - [MESSAGE][PASSED] - Attribute 'value' of object '' is: '5000'

2018-05-15 18:20:34 - [TEST_STEP][PASSED] - Statement - Rqty = 10000: null

2018-05-15 18:20:34 - [TEST_STEP][PASSED] - delay: Delayed 2 second(s)

2018-05-15 18:20:36 - [MESSAGE][PASSED] - Delayed 2 second(s)

2018-05-15 18:20:36 - [TEST_STEP][PASSED] - Statement - out.println("BatchQty : " + batchqty): null

2018-05-15 18:20:36 - [TEST_STEP][PASSED] - Statement - out.println("RQty : " + Rqty): null

2018-05-15 18:20:36 - [TEST_STEP][PASSED] - Statement - If (java.lang.Integer.valueOf(batchqty) >= java.lang.Integer.valueOf(Rqty)): null

2018-05-15 18:20:36 - [TEST_STEP][PASSED] - Statement - Else: null

2018-05-15 18:20:36 - [TEST_STEP][PASSED] - Statement - out.println("Batchqty Is Less Than Rqty"): null

2018-05-15 18:20:36 - [TEST_STEP][PASSED] - Statement - product = new com.kms.katalon.core.testobject.TestObject(): null

2018-05-15 18:20:36 - [TEST_STEP][PASSED] - Statement - product = com.kms.katalon.core.webui.keyword.WebUiBuiltInKeywords.modifyObjectProperty(product, "xpath", "equals", "//*[@id = "fldvendor" + row + ""]", true): Modify property of object successfully

2018-05-15 18:20:36 - [MESSAGE][PASSED] - Modify property of object successfully

2018-05-15 18:20:36 - [TEST_STEP][PASSED] - selectOptionByIndex: All options with index in [3] are selected on object ''

2018-05-15 18:20:36 - [MESSAGE][PASSED] - All options with index in [3] are selected on object ''

2018-05-15 18:20:36 - [TEST_STEP][PASSED] - Statement - batch = new com.kms.katalon.core.testobject.TestObject(): null

2018-05-15 18:20:36 - [TEST_STEP][PASSED] - Statement - batch = com.kms.katalon.core.webui.keyword.WebUiBuiltInKeywords.modifyObjectProperty(batch, "xpath", "equals", "//*[@id = "txtbthqty" + row + ""]", true): Modify property of object successfully

2018-05-15 18:20:36 - [MESSAGE][PASSED] - Modify property of object successfully

2018-05-15 18:20:36 - [TEST_STEP][PASSED] - Statement - batchqty = com.kms.katalon.core.webui.keyword.WebUiBuiltInKeywords.getAttribute(batch, "value").trim(): Attribute 'value' of object '' is: '5000'

2018-05-15 18:20:36 - [MESSAGE][PASSED] - Attribute 'value' of object '' is: '5000'

2018-05-15 18:20:36 - [TEST_STEP][PASSED] - Statement - Rqty = 10000: null

2018-05-15 18:20:36 - [TEST_STEP][PASSED] - delay: Delayed 2 second(s)

2018-05-15 18:20:38 - [MESSAGE][PASSED] - Delayed 2 second(s)

2018-05-15 18:20:38 - [TEST_STEP][PASSED] - Statement - out.println("BatchQty : " + batchqty): null

2018-05-15 18:20:38 - [TEST_STEP][PASSED] - Statement - out.println("RQty : " + Rqty): null

2018-05-15 18:20:38 - [TEST_STEP][PASSED] - Statement - If (java.lang.Integer.valueOf(batchqty) >= java.lang.Integer.valueOf(Rqty)): null

2018-05-15 18:20:38 - [TEST_STEP][PASSED] - Statement - Else: null

2018-05-15 18:20:38 - [TEST_STEP][PASSED] - Statement - out.println("Batchqty Is Less Than Rqty"): null

2018-05-15 18:20:38 - [TEST_STEP][PASSED] - Statement - product = new com.kms.katalon.core.testobject.TestObject(): null

2018-05-15 18:20:38 - [TEST_STEP][PASSED] - Statement - product = com.kms.katalon.core.webui.keyword.WebUiBuiltInKeywords.modifyObjectProperty(product, "xpath", "equals", "//*[@id = "fldvendor" + row + ""]", true): Modify property of object successfully

2018-05-15 18:20:38 - [MESSAGE][PASSED] - Modify property of object successfully

2018-05-15 18:20:38 - [TEST_STEP][PASSED] - selectOptionByIndex: All options with index in [4] are selected on object ''

2018-05-15 18:20:38 - [MESSAGE][PASSED] - All options with index in [4] are selected on object ''

2018-05-15 18:20:38 - [TEST_STEP][PASSED] - Statement - batch = new com.kms.katalon.core.testobject.TestObject(): null

2018-05-15 18:20:38 - [TEST_STEP][PASSED] - Statement - batch = com.kms.katalon.core.webui.keyword.WebUiBuiltInKeywords.modifyObjectProperty(batch, "xpath", "equals", "//*[@id = "txtbthqty" + row + ""]", true): Modify property of object successfully

2018-05-15 18:20:38 - [MESSAGE][PASSED] - Modify property of object successfully

2018-05-15 18:20:38 - [TEST_STEP][PASSED] - Statement - batchqty = com.kms.katalon.core.webui.keyword.WebUiBuiltInKeywords.getAttribute(batch, "value").trim(): Attribute 'value' of object '' is: '5000'

2018-05-15 18:20:38 - [MESSAGE][PASSED] - Attribute 'value' of object '' is: '5000'

2018-05-15 18:20:38 - [TEST_STEP][PASSED] - Statement - Rqty = 10000: null

2018-05-15 18:20:38 - [TEST_STEP][PASSED] - delay: Delayed 2 second(s)

2018-05-15 18:20:40 - [MESSAGE][PASSED] - Delayed 2 second(s)

2018-05-15 18:20:40 - [TEST_STEP][PASSED] - Statement - out.println("BatchQty : " + batchqty): null

2018-05-15 18:20:40 - [TEST_STEP][PASSED] - Statement - out.println("RQty : " + Rqty): null

2018-05-15 18:20:40 - [TEST_STEP][PASSED] - Statement - If (java.lang.Integer.valueOf(batchqty) >= java.lang.Integer.valueOf(Rqty)): null

2018-05-15 18:20:40 - [TEST_STEP][PASSED] - Statement - Else: null

2018-05-15 18:20:40 - [TEST_STEP][PASSED] - Statement - out.println("Batchqty Is Less Than Rqty"): null

2018-05-15 18:20:40 - [TEST_STEP][PASSED] - Statement - product = new com.kms.katalon.core.testobject.TestObject(): null

2018-05-15 18:20:40 - [TEST_STEP][PASSED] - Statement - product = com.kms.katalon.core.webui.keyword.WebUiBuiltInKeywords.modifyObjectProperty(product, "xpath", "equals", "//*[@id = "fldvendor" + row + ""]", true): Modify property of object successfully

2018-05-15 18:20:40 - [MESSAGE][PASSED] - Modify property of object successfully

2018-05-15 18:20:40 - [TEST_STEP][PASSED] - selectOptionByIndex: All options with index in [5] are selected on object ''

2018-05-15 18:20:40 - [MESSAGE][PASSED] - All options with index in [5] are selected on object ''

2018-05-15 18:20:40 - [TEST_STEP][PASSED] - Statement - batch = new com.kms.katalon.core.testobject.TestObject(): null

2018-05-15 18:20:40 - [TEST_STEP][PASSED] - Statement - batch = com.kms.katalon.core.webui.keyword.WebUiBuiltInKeywords.modifyObjectProperty(batch, "xpath", "equals", "//*[@id = "txtbthqty" + row + ""]", true): Modify property of object successfully

2018-05-15 18:20:40 - [MESSAGE][PASSED] - Modify property of object successfully

2018-05-15 18:20:40 - [TEST_STEP][PASSED] - Statement - batchqty = com.kms.katalon.core.webui.keyword.WebUiBuiltInKeywords.getAttribute(batch, "value").trim(): Attribute 'value' of object '' is: '500'

2018-05-15 18:20:40 - [MESSAGE][PASSED] - Attribute 'value' of object '' is: '500'

2018-05-15 18:20:40 - [TEST_STEP][PASSED] - Statement - Rqty = 10000: null

2018-05-15 18:20:40 - [TEST_STEP][PASSED] - delay: Delayed 2 second(s)

2018-05-15 18:20:42 - [MESSAGE][PASSED] - Delayed 2 second(s)

2018-05-15 18:20:42 - [TEST_STEP][PASSED] - Statement - out.println("BatchQty : " + batchqty): null

2018-05-15 18:20:42 - [TEST_STEP][PASSED] - Statement - out.println("RQty : " + Rqty): null

2018-05-15 18:20:42 - [TEST_STEP][PASSED] - Statement - If (java.lang.Integer.valueOf(batchqty) >= java.lang.Integer.valueOf(Rqty)): null

2018-05-15 18:20:42 - [TEST_STEP][PASSED] - Statement - Else: null

2018-05-15 18:20:42 - [TEST_STEP][PASSED] - Statement - out.println("Batchqty Is Less Than Rqty"): null

2018-05-15 18:20:42 - [TEST_STEP][PASSED] - Statement - product = new com.kms.katalon.core.testobject.TestObject(): null

2018-05-15 18:20:42 - [TEST_STEP][PASSED] - Statement - product = com.kms.katalon.core.webui.keyword.WebUiBuiltInKeywords.modifyObjectProperty(product, "xpath", "equals", "//*[@id = "fldvendor" + row + ""]", true): Modify property of object successfully

2018-05-15 18:20:42 - [MESSAGE][PASSED] - Modify property of object successfully

2018-05-15 18:20:42 - [TEST_STEP][PASSED] - selectOptionByIndex: All options with index in [6] are selected on object ''

2018-05-15 18:20:43 - [MESSAGE][PASSED] - All options with index in [6] are selected on object ''

2018-05-15 18:20:43 - [TEST_STEP][PASSED] - Statement - batch = new com.kms.katalon.core.testobject.TestObject(): null

2018-05-15 18:20:43 - [TEST_STEP][PASSED] - Statement - batch = com.kms.katalon.core.webui.keyword.WebUiBuiltInKeywords.modifyObjectProperty(batch, "xpath", "equals", "//*[@id = "txtbthqty" + row + ""]", true): Modify property of object successfully

2018-05-15 18:20:43 - [MESSAGE][PASSED] - Modify property of object successfully

2018-05-15 18:20:43 - [TEST_STEP][PASSED] - Statement - batchqty = com.kms.katalon.core.webui.keyword.WebUiBuiltInKeywords.getAttribute(batch, "value").trim(): Attribute 'value' of object '' is: '39000'

2018-05-15 18:20:43 - [MESSAGE][PASSED] - Attribute 'value' of object '' is: '39000'

2018-05-15 18:20:43 - [TEST_STEP][PASSED] - Statement - Rqty = 10000: null

2018-05-15 18:20:43 - [TEST_STEP][PASSED] - delay: Delayed 2 second(s)

2018-05-15 18:20:45 - [MESSAGE][PASSED] - Delayed 2 second(s)

2018-05-15 18:20:45 - [TEST_STEP][PASSED] - Statement - out.println("BatchQty : " + batchqty): null

2018-05-15 18:20:45 - [TEST_STEP][PASSED] - Statement - out.println("RQty : " + Rqty): null

2018-05-15 18:20:45 - [TEST_STEP][PASSED] - Statement - If (java.lang.Integer.valueOf(batchqty) >= java.lang.Integer.valueOf(Rqty)): null

2018-05-15 18:20:45 - [TEST_STEP][PASSED] - Statement - Break: null

2018-05-15 18:20:45 - [TEST_STEP][PASSED] - Statement - batchlength = new com.kms.katalon.core.testobject.TestObject(): null

2018-05-15 18:20:45 - [TEST_STEP][PASSED] - Statement - batchlength = com.kms.katalon.core.webui.keyword.WebUiBuiltInKeywords.modifyObjectProperty(batchlength, "xpath", "equals", "//*[@id = "fldvendor" + row + ""]", true): Modify property of object successfully

2018-05-15 18:20:45 - [MESSAGE][PASSED] - Modify property of object successfully

2018-05-15 18:20:45 - [TEST_STEP][PASSED] - Statement - batchsize = com.kms.katalon.core.webui.keyword.WebUiBuiltInKeywords.getNumberOfTotalOption(batchlength): 10 options of object '' counted

2018-05-15 18:20:45 - [MESSAGE][PASSED] - 10 options of object '' counted

2018-05-15 18:20:45 - [TEST_STEP][PASSED] - Statement - out.println("BatchSize : " + batchsize): null

2018-05-15 18:20:45 - [TEST_STEP][PASSED] - Statement - For ([n = 1, n <= batchsize - 1, (n++)]): null

2018-05-15 18:20:45 - [TEST_STEP][PASSED] - Statement - product = new com.kms.katalon.core.testobject.TestObject(): null

2018-05-15 18:20:45 - [TEST_STEP][PASSED] - Statement - product = com.kms.katalon.core.webui.keyword.WebUiBuiltInKeywords.modifyObjectProperty(product, "xpath", "equals", "//*[@id = "fldvendor" + row + ""]", true): Modify property of object successfully

2018-05-15 18:20:45 - [MESSAGE][PASSED] - Modify property of object successfully

2018-05-15 18:20:45 - [TEST_STEP][PASSED] - selectOptionByIndex: All options with index in [1] are selected on object ''

2018-05-15 18:20:45 - [MESSAGE][PASSED] - All options with index in [1] are selected on object ''

2018-05-15 18:20:45 - [TEST_STEP][PASSED] - Statement - batch = new com.kms.katalon.core.testobject.TestObject(): null

2018-05-15 18:20:45 - [TEST_STEP][PASSED] - Statement - batch = com.kms.katalon.core.webui.keyword.WebUiBuiltInKeywords.modifyObjectProperty(batch, "xpath", "equals", "//*[@id = "txtbthqty" + row + ""]", true): Modify property of object successfully

2018-05-15 18:20:45 - [MESSAGE][PASSED] - Modify property of object successfully

2018-05-15 18:20:45 - [TEST_STEP][PASSED] - Statement - batchqty = com.kms.katalon.core.webui.keyword.WebUiBuiltInKeywords.getAttribute(batch, "value").trim(): Attribute 'value' of object '' is: '3000'

2018-05-15 18:20:45 - [MESSAGE][PASSED] - Attribute 'value' of object '' is: '3000'

2018-05-15 18:20:45 - [TEST_STEP][PASSED] - Statement - Rqty = 10000: null

2018-05-15 18:20:45 - [TEST_STEP][PASSED] - delay: Delayed 2 second(s)

2018-05-15 18:20:47 - [MESSAGE][PASSED] - Delayed 2 second(s)

2018-05-15 18:20:47 - [TEST_STEP][PASSED] - Statement - out.println("BatchQty : " + batchqty): null

2018-05-15 18:20:47 - [TEST_STEP][PASSED] - Statement - out.println("RQty : " + Rqty): null

2018-05-15 18:20:47 - [TEST_STEP][PASSED] - Statement - If (java.lang.Integer.valueOf(batchqty) >= java.lang.Integer.valueOf(Rqty)): null

2018-05-15 18:20:47 - [TEST_STEP][PASSED] - Statement - Else: null

2018-05-15 18:20:47 - [TEST_STEP][PASSED] - Statement - out.println("Batchqty Is Less Than Rqty"): null

2018-05-15 18:20:47 - [TEST_STEP][PASSED] - Statement - product = new com.kms.katalon.core.testobject.TestObject(): null

2018-05-15 18:20:47 - [TEST_STEP][PASSED] - Statement - product = com.kms.katalon.core.webui.keyword.WebUiBuiltInKeywords.modifyObjectProperty(product, "xpath", "equals", "//*[@id = "fldvendor" + row + ""]", true): Modify property of object successfully

2018-05-15 18:20:47 - [MESSAGE][PASSED] - Modify property of object successfully

2018-05-15 18:20:47 - [TEST_STEP][PASSED] - selectOptionByIndex: All options with index in [2] are selected on object ''

2018-05-15 18:20:47 - [MESSAGE][PASSED] - All options with index in [2] are selected on object ''

2018-05-15 18:20:47 - [TEST_STEP][PASSED] - Statement - batch = new com.kms.katalon.core.testobject.TestObject(): null

2018-05-15 18:20:47 - [TEST_STEP][PASSED] - Statement - batch = com.kms.katalon.core.webui.keyword.WebUiBuiltInKeywords.modifyObjectProperty(batch, "xpath", "equals", "//*[@id = "txtbthqty" + row + ""]", true): Modify property of object successfully

2018-05-15 18:20:47 - [MESSAGE][PASSED] - Modify property of object successfully

2018-05-15 18:20:47 - [TEST_STEP][PASSED] - Statement - batchqty = com.kms.katalon.core.webui.keyword.WebUiBuiltInKeywords.getAttribute(batch, "value").trim(): Attribute 'value' of object '' is: '5000'

2018-05-15 18:20:47 - [MESSAGE][PASSED] - Attribute 'value' of object '' is: '5000'

2018-05-15 18:20:47 - [TEST_STEP][PASSED] - Statement - Rqty = 10000: null

2018-05-15 18:20:47 - [TEST_STEP][PASSED] - delay: Delayed 2 second(s)

2018-05-15 18:20:49 - [MESSAGE][PASSED] - Delayed 2 second(s)

2018-05-15 18:20:49 - [TEST_STEP][PASSED] - Statement - out.println("BatchQty : " + batchqty): null

2018-05-15 18:20:49 - [TEST_STEP][PASSED] - Statement - out.println("RQty : " + Rqty): null

2018-05-15 18:20:49 - [TEST_STEP][PASSED] - Statement - If (java.lang.Integer.valueOf(batchqty) >= java.lang.Integer.valueOf(Rqty)): null

2018-05-15 18:20:49 - [TEST_STEP][PASSED] - Statement - Else: null

2018-05-15 18:20:49 - [TEST_STEP][PASSED] - Statement - out.println("Batchqty Is Less Than Rqty"): null

2018-05-15 18:20:49 - [TEST_STEP][PASSED] - Statement - product = new com.kms.katalon.core.testobject.TestObject(): null

2018-05-15 18:20:49 - [TEST_STEP][PASSED] - Statement - product = com.kms.katalon.core.webui.keyword.WebUiBuiltInKeywords.modifyObjectProperty(product, "xpath", "equals", "//*[@id = "fldvendor" + row + ""]", true): Modify property of object successfully

2018-05-15 18:20:49 - [MESSAGE][PASSED] - Modify property of object successfully

2018-05-15 18:20:49 - [TEST_STEP][PASSED] - selectOptionByIndex: All options with index in [3] are selected on object ''

2018-05-15 18:20:49 - [MESSAGE][PASSED] - All options with index in [3] are selected on object ''

2018-05-15 18:20:49 - [TEST_STEP][PASSED] - Statement - batch = new com.kms.katalon.core.testobject.TestObject(): null

2018-05-15 18:20:49 - [TEST_STEP][PASSED] - Statement - batch = com.kms.katalon.core.webui.keyword.WebUiBuiltInKeywords.modifyObjectProperty(batch, "xpath", "equals", "//*[@id = "txtbthqty" + row + ""]", true): Modify property of object successfully

2018-05-15 18:20:49 - [MESSAGE][PASSED] - Modify property of object successfully

2018-05-15 18:20:49 - [TEST_STEP][PASSED] - Statement - batchqty = com.kms.katalon.core.webui.keyword.WebUiBuiltInKeywords.getAttribute(batch, "value").trim(): Attribute 'value' of object '' is: '500'

2018-05-15 18:20:49 - [MESSAGE][PASSED] - Attribute 'value' of object '' is: '500'

2018-05-15 18:20:49 - [TEST_STEP][PASSED] - Statement - Rqty = 10000: null

2018-05-15 18:20:49 - [TEST_STEP][PASSED] - delay: Delayed 2 second(s)

2018-05-15 18:20:51 - [MESSAGE][PASSED] - Delayed 2 second(s)

2018-05-15 18:20:51 - [TEST_STEP][PASSED] - Statement - out.println("BatchQty : " + batchqty): null

2018-05-15 18:20:51 - [TEST_STEP][PASSED] - Statement - out.println("RQty : " + Rqty): null

2018-05-15 18:20:51 - [TEST_STEP][PASSED] - Statement - If (java.lang.Integer.valueOf(batchqty) >= java.lang.Integer.valueOf(Rqty)): null

2018-05-15 18:20:51 - [TEST_STEP][PASSED] - Statement - Else: null

2018-05-15 18:20:51 - [TEST_STEP][PASSED] - Statement - out.println("Batchqty Is Less Than Rqty"): null

2018-05-15 18:20:51 - [TEST_STEP][PASSED] - Statement - product = new com.kms.katalon.core.testobject.TestObject(): null

2018-05-15 18:20:51 - [TEST_STEP][PASSED] - Statement - product = com.kms.katalon.core.webui.keyword.WebUiBuiltInKeywords.modifyObjectProperty(product, "xpath", "equals", "//*[@id = "fldvendor" + row + ""]", true): Modify property of object successfully

2018-05-15 18:20:51 - [MESSAGE][PASSED] - Modify property of object successfully

2018-05-15 18:20:51 - [TEST_STEP][PASSED] - selectOptionByIndex: All options with index in [4] are selected on object ''

2018-05-15 18:20:51 - [MESSAGE][PASSED] - All options with index in [4] are selected on object ''

2018-05-15 18:20:51 - [TEST_STEP][PASSED] - Statement - batch = new com.kms.katalon.core.testobject.TestObject(): null

2018-05-15 18:20:51 - [TEST_STEP][PASSED] - Statement - batch = com.kms.katalon.core.webui.keyword.WebUiBuiltInKeywords.modifyObjectProperty(batch, "xpath", "equals", "//*[@id = "txtbthqty" + row + ""]", true): Modify property of object successfully

2018-05-15 18:20:51 - [MESSAGE][PASSED] - Modify property of object successfully

2018-05-15 18:20:51 - [TEST_STEP][PASSED] - Statement - batchqty = com.kms.katalon.core.webui.keyword.WebUiBuiltInKeywords.getAttribute(batch, "value").trim(): Attribute 'value' of object '' is: '5000'

2018-05-15 18:20:52 - [MESSAGE][PASSED] - Attribute 'value' of object '' is: '5000'

2018-05-15 18:20:52 - [TEST_STEP][PASSED] - Statement - Rqty = 10000: null

2018-05-15 18:20:52 - [TEST_STEP][PASSED] - delay: Delayed 2 second(s)

2018-05-15 18:20:54 - [MESSAGE][PASSED] - Delayed 2 second(s)

2018-05-15 18:20:54 - [TEST_STEP][PASSED] - Statement - out.println("BatchQty : " + batchqty): null

2018-05-15 18:20:54 - [TEST_STEP][PASSED] - Statement - out.println("RQty : " + Rqty): null

2018-05-15 18:20:54 - [TEST_STEP][PASSED] - Statement - If (java.lang.Integer.valueOf(batchqty) >= java.lang.Integer.valueOf(Rqty)): null

2018-05-15 18:20:54 - [TEST_STEP][PASSED] - Statement - Else: null

2018-05-15 18:20:54 - [TEST_STEP][PASSED] - Statement - out.println("Batchqty Is Less Than Rqty"): null

2018-05-15 18:20:54 - [TEST_STEP][PASSED] - Statement - product = new com.kms.katalon.core.testobject.TestObject(): null

2018-05-15 18:20:54 - [TEST_STEP][PASSED] - Statement - product = com.kms.katalon.core.webui.keyword.WebUiBuiltInKeywords.modifyObjectProperty(product, "xpath", "equals", "//*[@id = "fldvendor" + row + ""]", true): Modify property of object successfully

2018-05-15 18:20:54 - [MESSAGE][PASSED] - Modify property of object successfully

2018-05-15 18:20:54 - [TEST_STEP][PASSED] - selectOptionByIndex: All options with index in [5] are selected on object ''

2018-05-15 18:20:54 - [MESSAGE][PASSED] - All options with index in [5] are selected on object ''

2018-05-15 18:20:54 - [TEST_STEP][PASSED] - Statement - batch = new com.kms.katalon.core.testobject.TestObject(): null

2018-05-15 18:20:54 - [TEST_STEP][PASSED] - Statement - batch = com.kms.katalon.core.webui.keyword.WebUiBuiltInKeywords.modifyObjectProperty(batch, "xpath", "equals", "//*[@id = "txtbthqty" + row + ""]", true): Modify property of object successfully

2018-05-15 18:20:54 - [MESSAGE][PASSED] - Modify property of object successfully

2018-05-15 18:20:54 - [TEST_STEP][PASSED] - Statement - batchqty = com.kms.katalon.core.webui.keyword.WebUiBuiltInKeywords.getAttribute(batch, "value").trim(): Attribute 'value' of object '' is: '5000'

2018-05-15 18:20:54 - [MESSAGE][PASSED] - Attribute 'value' of object '' is: '5000'

2018-05-15 18:20:54 - [TEST_STEP][PASSED] - Statement - Rqty = 10000: null

2018-05-15 18:20:54 - [TEST_STEP][PASSED] - delay: Delayed 2 second(s)

2018-05-15 18:20:56 - [MESSAGE][PASSED] - Delayed 2 second(s)

2018-05-15 18:20:56 - [TEST_STEP][PASSED] - Statement - out.println("BatchQty : " + batchqty): null

2018-05-15 18:20:56 - [TEST_STEP][PASSED] - Statement - out.println("RQty : " + Rqty): null

2018-05-15 18:20:56 - [TEST_STEP][PASSED] - Statement - If (java.lang.Integer.valueOf(batchqty) >= java.lang.Integer.valueOf(Rqty)): null

2018-05-15 18:20:56 - [TEST_STEP][PASSED] - Statement - Else: null

2018-05-15 18:20:56 - [TEST_STEP][PASSED] - Statement - out.println("Batchqty Is Less Than Rqty"): null

2018-05-15 18:20:56 - [TEST_STEP][PASSED] - Statement - product = new com.kms.katalon.core.testobject.TestObject(): null

2018-05-15 18:20:56 - [TEST_STEP][PASSED] - Statement - product = com.kms.katalon.core.webui.keyword.WebUiBuiltInKeywords.modifyObjectProperty(product, "xpath", "equals", "//*[@id = "fldvendor" + row + ""]", true): Modify property of object successfully

2018-05-15 18:20:56 - [MESSAGE][PASSED] - Modify property of object successfully

2018-05-15 18:20:56 - [TEST_STEP][PASSED] - selectOptionByIndex: All options with index in [6] are selected on object ''

2018-05-15 18:20:56 - [MESSAGE][PASSED] - All options with index in [6] are selected on object ''

2018-05-15 18:20:56 - [TEST_STEP][PASSED] - Statement - batch = new com.kms.katalon.core.testobject.TestObject(): null

2018-05-15 18:20:56 - [TEST_STEP][PASSED] - Statement - batch = com.kms.katalon.core.webui.keyword.WebUiBuiltInKeywords.modifyObjectProperty(batch, "xpath", "equals", "//*[@id = "txtbthqty" + row + ""]", true): Modify property of object successfully

2018-05-15 18:20:56 - [MESSAGE][PASSED] - Modify property of object successfully

2018-05-15 18:20:56 - [TEST_STEP][PASSED] - Statement - batchqty = com.kms.katalon.core.webui.keyword.WebUiBuiltInKeywords.getAttribute(batch, "value").trim(): Attribute 'value' of object '' is: '40000'

2018-05-15 18:20:56 - [MESSAGE][PASSED] - Attribute 'value' of object '' is: '40000'

2018-05-15 18:20:56 - [TEST_STEP][PASSED] - Statement - Rqty = 10000: null

2018-05-15 18:20:56 - [TEST_STEP][PASSED] - delay: Delayed 2 second(s)

2018-05-15 18:20:58 - [MESSAGE][PASSED] - Delayed 2 second(s)

2018-05-15 18:20:58 - [TEST_STEP][PASSED] - Statement - out.println("BatchQty : " + batchqty): null

2018-05-15 18:20:58 - [TEST_STEP][PASSED] - Statement - out.println("RQty : " + Rqty): null

2018-05-15 18:20:58 - [TEST_STEP][PASSED] - Statement - If (java.lang.Integer.valueOf(batchqty) >= java.lang.Integer.valueOf(Rqty)): null

2018-05-15 18:20:58 - [TEST_STEP][PASSED] - Statement - Break: null

2018-05-15 18:20:58 - [TEST_STEP][PASSED] - Statement - batchlength = new com.kms.katalon.core.testobject.TestObject(): null

2018-05-15 18:20:58 - [TEST_STEP][PASSED] - Statement - batchlength = com.kms.katalon.core.webui.keyword.WebUiBuiltInKeywords.modifyObjectProperty(batchlength, "xpath", "equals", "//*[@id = "fldvendor" + row + ""]", true): Modify property of object successfully

2018-05-15 18:20:58 - [MESSAGE][PASSED] - Modify property of object successfully

2018-05-15 18:20:58 - [TEST_STEP][PASSED] - Statement - batchsize = com.kms.katalon.core.webui.keyword.WebUiBuiltInKeywords.getNumberOfTotalOption(batchlength): 10 options of object '' counted

2018-05-15 18:20:58 - [MESSAGE][PASSED] - 10 options of object '' counted

2018-05-15 18:20:58 - [TEST_STEP][PASSED] - Statement - out.println("BatchSize : " + batchsize): null

2018-05-15 18:20:58 - [TEST_STEP][PASSED] - Statement - For ([n = 1, n <= batchsize - 1, (n++)]): null

2018-05-15 18:20:58 - [TEST_STEP][PASSED] - Statement - product = new com.kms.katalon.core.testobject.TestObject(): null

2018-05-15 18:20:58 - [TEST_STEP][PASSED] - Statement - product = com.kms.katalon.core.webui.keyword.WebUiBuiltInKeywords.modifyObjectProperty(product, "xpath", "equals", "//*[@id = "fldvendor" + row + ""]", true): Modify property of object successfully

2018-05-15 18:20:58 - [MESSAGE][PASSED] - Modify property of object successfully

2018-05-15 18:20:58 - [TEST_STEP][PASSED] - selectOptionByIndex: All options with index in [1] are selected on object ''

2018-05-15 18:20:58 - [MESSAGE][PASSED] - All options with index in [1] are selected on object ''

2018-05-15 18:20:58 - [TEST_STEP][PASSED] - Statement - batch = new com.kms.katalon.core.testobject.TestObject(): null

2018-05-15 18:20:58 - [TEST_STEP][PASSED] - Statement - batch = com.kms.katalon.core.webui.keyword.WebUiBuiltInKeywords.modifyObjectProperty(batch, "xpath", "equals", "//*[@id = "txtbthqty" + row + ""]", true): Modify property of object successfully

2018-05-15 18:20:58 - [MESSAGE][PASSED] - Modify property of object successfully

2018-05-15 18:20:58 - [TEST_STEP][PASSED] - Statement - batchqty = com.kms.katalon.core.webui.keyword.WebUiBuiltInKeywords.getAttribute(batch, "value").trim(): Attribute 'value' of object '' is: '5000'

2018-05-15 18:20:58 - [MESSAGE][PASSED] - Attribute 'value' of object '' is: '5000'

2018-05-15 18:20:58 - [TEST_STEP][PASSED] - Statement - Rqty = 10000: null

2018-05-15 18:20:58 - [TEST_STEP][PASSED] - delay: Delayed 2 second(s)

2018-05-15 18:21:00 - [MESSAGE][PASSED] - Delayed 2 second(s)

2018-05-15 18:21:00 - [TEST_STEP][PASSED] - Statement - out.println("BatchQty : " + batchqty): null

2018-05-15 18:21:00 - [TEST_STEP][PASSED] - Statement - out.println("RQty : " + Rqty): null

2018-05-15 18:21:00 - [TEST_STEP][PASSED] - Statement - If (java.lang.Integer.valueOf(batchqty) >= java.lang.Integer.valueOf(Rqty)): null

2018-05-15 18:21:00 - [TEST_STEP][PASSED] - Statement - Else: null

2018-05-15 18:21:00 - [TEST_STEP][PASSED] - Statement - out.println("Batchqty Is Less Than Rqty"): null

2018-05-15 18:21:00 - [TEST_STEP][PASSED] - Statement - product = new com.kms.katalon.core.testobject.TestObject(): null

2018-05-15 18:21:00 - [TEST_STEP][PASSED] - Statement - product = com.kms.katalon.core.webui.keyword.WebUiBuiltInKeywords.modifyObjectProperty(product, "xpath", "equals", "//*[@id = "fldvendor" + row + ""]", true): Modify property of object successfully

2018-05-15 18:21:00 - [MESSAGE][PASSED] - Modify property of object successfully

2018-05-15 18:21:00 - [TEST_STEP][PASSED] - selectOptionByIndex: All options with index in [2] are selected on object ''

2018-05-15 18:21:00 - [MESSAGE][PASSED] - All options with index in [2] are selected on object ''

2018-05-15 18:21:00 - [TEST_STEP][PASSED] - Statement - batch = new com.kms.katalon.core.testobject.TestObject(): null

2018-05-15 18:21:00 - [TEST_STEP][PASSED] - Statement - batch = com.kms.katalon.core.webui.keyword.WebUiBuiltInKeywords.modifyObjectProperty(batch, "xpath", "equals", "//*[@id = "txtbthqty" + row + ""]", true): Modify property of object successfully

2018-05-15 18:21:00 - [MESSAGE][PASSED] - Modify property of object successfully

2018-05-15 18:21:00 - [TEST_STEP][PASSED] - Statement - batchqty = com.kms.katalon.core.webui.keyword.WebUiBuiltInKeywords.getAttribute(batch, "value").trim(): Attribute 'value' of object '' is: '5000'

2018-05-15 18:21:00 - [MESSAGE][PASSED] - Attribute 'value' of object '' is: '5000'

2018-05-15 18:21:00 - [TEST_STEP][PASSED] - Statement - Rqty = 10000: null

2018-05-15 18:21:00 - [TEST_STEP][PASSED] - delay: Delayed 2 second(s)

2018-05-15 18:21:02 - [MESSAGE][PASSED] - Delayed 2 second(s)

2018-05-15 18:21:02 - [TEST_STEP][PASSED] - Statement - out.println("BatchQty : " + batchqty): null

2018-05-15 18:21:02 - [TEST_STEP][PASSED] - Statement - out.println("RQty : " + Rqty): null

2018-05-15 18:21:02 - [TEST_STEP][PASSED] - Statement - If (java.lang.Integer.valueOf(batchqty) >= java.lang.Integer.valueOf(Rqty)): null

2018-05-15 18:21:02 - [TEST_STEP][PASSED] - Statement - Else: null

2018-05-15 18:21:02 - [TEST_STEP][PASSED] - Statement - out.println("Batchqty Is Less Than Rqty"): null

2018-05-15 18:21:02 - [TEST_STEP][PASSED] - Statement - product = new com.kms.katalon.core.testobject.TestObject(): null

2018-05-15 18:21:02 - [TEST_STEP][PASSED] - Statement - product = com.kms.katalon.core.webui.keyword.WebUiBuiltInKeywords.modifyObjectProperty(product, "xpath", "equals", "//*[@id = "fldvendor" + row + ""]", true): Modify property of object successfully

2018-05-15 18:21:02 - [MESSAGE][PASSED] - Modify property of object successfully

2018-05-15 18:21:02 - [TEST_STEP][PASSED] - selectOptionByIndex: All options with index in [3] are selected on object ''

2018-05-15 18:21:03 - [MESSAGE][PASSED] - All options with index in [3] are selected on object ''

2018-05-15 18:21:03 - [TEST_STEP][PASSED] - Statement - batch = new com.kms.katalon.core.testobject.TestObject(): null

2018-05-15 18:21:03 - [TEST_STEP][PASSED] - Statement - batch = com.kms.katalon.core.webui.keyword.WebUiBuiltInKeywords.modifyObjectProperty(batch, "xpath", "equals", "//*[@id = "txtbthqty" + row + ""]", true): Modify property of object successfully

2018-05-15 18:21:03 - [MESSAGE][PASSED] - Modify property of object successfully

2018-05-15 18:21:03 - [TEST_STEP][PASSED] - Statement - batchqty = com.kms.katalon.core.webui.keyword.WebUiBuiltInKeywords.getAttribute(batch, "value").trim(): Attribute 'value' of object '' is: '4000'

2018-05-15 18:21:03 - [MESSAGE][PASSED] - Attribute 'value' of object '' is: '4000'

2018-05-15 18:21:03 - [TEST_STEP][PASSED] - Statement - Rqty = 10000: null

2018-05-15 18:21:03 - [TEST_STEP][PASSED] - delay: Delayed 2 second(s)

2018-05-15 18:21:05 - [MESSAGE][PASSED] - Delayed 2 second(s)

2018-05-15 18:21:05 - [TEST_STEP][PASSED] - Statement - out.println("BatchQty : " + batchqty): null

2018-05-15 18:21:05 - [TEST_STEP][PASSED] - Statement - out.println("RQty : " + Rqty): null

2018-05-15 18:21:05 - [TEST_STEP][PASSED] - Statement - If (java.lang.Integer.valueOf(batchqty) >= java.lang.Integer.valueOf(Rqty)): null

2018-05-15 18:21:05 - [TEST_STEP][PASSED] - Statement - Else: null

2018-05-15 18:21:05 - [TEST_STEP][PASSED] - Statement - out.println("Batchqty Is Less Than Rqty"): null

2018-05-15 18:21:05 - [TEST_STEP][PASSED] - Statement - product = new com.kms.katalon.core.testobject.TestObject(): null

2018-05-15 18:21:05 - [TEST_STEP][PASSED] - Statement - product = com.kms.katalon.core.webui.keyword.WebUiBuiltInKeywords.modifyObjectProperty(product, "xpath", "equals", "//*[@id = "fldvendor" + row + ""]", true): Modify property of object successfully

2018-05-15 18:21:05 - [MESSAGE][PASSED] - Modify property of object successfully

2018-05-15 18:21:05 - [TEST_STEP][PASSED] - selectOptionByIndex: All options with index in [4] are selected on object ''

2018-05-15 18:21:05 - [MESSAGE][PASSED] - All options with index in [4] are selected on object ''

2018-05-15 18:21:05 - [TEST_STEP][PASSED] - Statement - batch = new com.kms.katalon.core.testobject.TestObject(): null

2018-05-15 18:21:05 - [TEST_STEP][PASSED] - Statement - batch = com.kms.katalon.core.webui.keyword.WebUiBuiltInKeywords.modifyObjectProperty(batch, "xpath", "equals", "//*[@id = "txtbthqty" + row + ""]", true): Modify property of object successfully

2018-05-15 18:21:05 - [MESSAGE][PASSED] - Modify property of object successfully

2018-05-15 18:21:05 - [TEST_STEP][PASSED] - Statement - batchqty = com.kms.katalon.core.webui.keyword.WebUiBuiltInKeywords.getAttribute(batch, "value").trim(): Attribute 'value' of object '' is: '5000'

2018-05-15 18:21:05 - [MESSAGE][PASSED] - Attribute 'value' of object '' is: '5000'

2018-05-15 18:21:05 - [TEST_STEP][PASSED] - Statement - Rqty = 10000: null

2018-05-15 18:21:05 - [TEST_STEP][PASSED] - delay: Delayed 2 second(s)

2018-05-15 18:21:07 - [MESSAGE][PASSED] - Delayed 2 second(s)

2018-05-15 18:21:07 - [TEST_STEP][PASSED] - Statement - out.println("BatchQty : " + batchqty): null

2018-05-15 18:21:07 - [TEST_STEP][PASSED] - Statement - out.println("RQty : " + Rqty): null

2018-05-15 18:21:07 - [TEST_STEP][PASSED] - Statement - If (java.lang.Integer.valueOf(batchqty) >= java.lang.Integer.valueOf(Rqty)): null

2018-05-15 18:21:07 - [TEST_STEP][PASSED] - Statement - Else: null

2018-05-15 18:21:07 - [TEST_STEP][PASSED] - Statement - out.println("Batchqty Is Less Than Rqty"): null

2018-05-15 18:21:07 - [TEST_STEP][PASSED] - Statement - product = new com.kms.katalon.core.testobject.TestObject(): null

2018-05-15 18:21:07 - [TEST_STEP][PASSED] - Statement - product = com.kms.katalon.core.webui.keyword.WebUiBuiltInKeywords.modifyObjectProperty(product, "xpath", "equals", "//*[@id = "fldvendor" + row + ""]", true): Modify property of object successfully

2018-05-15 18:21:07 - [MESSAGE][PASSED] - Modify property of object successfully

2018-05-15 18:21:07 - [TEST_STEP][PASSED] - selectOptionByIndex: All options with index in [5] are selected on object ''

2018-05-15 18:21:07 - [MESSAGE][PASSED] - All options with index in [5] are selected on object ''

2018-05-15 18:21:07 - [TEST_STEP][PASSED] - Statement - batch = new com.kms.katalon.core.testobject.TestObject(): null

2018-05-15 18:21:07 - [TEST_STEP][PASSED] - Statement - batch = com.kms.katalon.core.webui.keyword.WebUiBuiltInKeywords.modifyObjectProperty(batch, "xpath", "equals", "//*[@id = "txtbthqty" + row + ""]", true): Modify property of object successfully

2018-05-15 18:21:07 - [MESSAGE][PASSED] - Modify property of object successfully

2018-05-15 18:21:07 - [TEST_STEP][PASSED] - Statement - batchqty = com.kms.katalon.core.webui.keyword.WebUiBuiltInKeywords.getAttribute(batch, "value").trim(): Attribute 'value' of object '' is: '40000'

2018-05-15 18:21:07 - [MESSAGE][PASSED] - Attribute 'value' of object '' is: '40000'

2018-05-15 18:21:07 - [TEST_STEP][PASSED] - Statement - Rqty = 10000: null

2018-05-15 18:21:07 - [TEST_STEP][PASSED] - delay: Delayed 2 second(s)

2018-05-15 18:21:09 - [MESSAGE][PASSED] - Delayed 2 second(s)

2018-05-15 18:21:09 - [TEST_STEP][PASSED] - Statement - out.println("BatchQty : " + batchqty): null

2018-05-15 18:21:09 - [TEST_STEP][PASSED] - Statement - out.println("RQty : " + Rqty): null

2018-05-15 18:21:09 - [TEST_STEP][PASSED] - Statement - If (java.lang.Integer.valueOf(batchqty) >= java.lang.Integer.valueOf(Rqty)): null

2018-05-15 18:21:09 - [TEST_STEP][PASSED] - Statement - Break: null

2018-05-15 18:21:09 - [TEST_STEP][PASSED] - Statement - batchlength = new com.kms.katalon.core.testobject.TestObject(): null

2018-05-15 18:21:09 - [TEST_STEP][PASSED] - Statement - batchlength = com.kms.katalon.core.webui.keyword.WebUiBuiltInKeywords.modifyObjectProperty(batchlength, "xpath", "equals", "//*[@id = "fldvendor" + row + ""]", true): Modify property of object successfully

2018-05-15 18:21:09 - [MESSAGE][PASSED] - Modify property of object successfully

2018-05-15 18:21:09 - [TEST_STEP][PASSED] - Statement - batchsize = com.kms.katalon.core.webui.keyword.WebUiBuiltInKeywords.getNumberOfTotalOption(batchlength): 10 options of object '' counted

2018-05-15 18:21:09 - [MESSAGE][PASSED] - 10 options of object '' counted

2018-05-15 18:21:09 - [TEST_STEP][PASSED] - Statement - out.println("BatchSize : " + batchsize): null

2018-05-15 18:21:09 - [TEST_STEP][PASSED] - Statement - For ([n = 1, n <= batchsize - 1, (n++)]): null

2018-05-15 18:21:09 - [TEST_STEP][PASSED] - Statement - product = new com.kms.katalon.core.testobject.TestObject(): null

2018-05-15 18:21:09 - [TEST_STEP][PASSED] - Statement - product = com.kms.katalon.core.webui.keyword.WebUiBuiltInKeywords.modifyObjectProperty(product, "xpath", "equals", "//*[@id = "fldvendor" + row + ""]", true): Modify property of object successfully

2018-05-15 18:21:09 - [MESSAGE][PASSED] - Modify property of object successfully

2018-05-15 18:21:09 - [TEST_STEP][PASSED] - selectOptionByIndex: All options with index in [1] are selected on object ''

2018-05-15 18:21:09 - [MESSAGE][PASSED] - All options with index in [1] are selected on object ''

2018-05-15 18:21:09 - [TEST_STEP][PASSED] - Statement - batch = new com.kms.katalon.core.testobject.TestObject(): null

2018-05-15 18:21:09 - [TEST_STEP][PASSED] - Statement - batch = com.kms.katalon.core.webui.keyword.WebUiBuiltInKeywords.modifyObjectProperty(batch, "xpath", "equals", "//*[@id = "txtbthqty" + row + ""]", true): Modify property of object successfully

2018-05-15 18:21:09 - [MESSAGE][PASSED] - Modify property of object successfully

2018-05-15 18:21:09 - [TEST_STEP][PASSED] - Statement - batchqty = com.kms.katalon.core.webui.keyword.WebUiBuiltInKeywords.getAttribute(batch, "value").trim(): Attribute 'value' of object '' is: '4000'

2018-05-15 18:21:09 - [MESSAGE][PASSED] - Attribute 'value' of object '' is: '4000'

2018-05-15 18:21:09 - [TEST_STEP][PASSED] - Statement - Rqty = 10000: null

2018-05-15 18:21:09 - [TEST_STEP][PASSED] - delay: Delayed 2 second(s)

2018-05-15 18:21:11 - [MESSAGE][PASSED] - Delayed 2 second(s)

2018-05-15 18:21:11 - [TEST_STEP][PASSED] - Statement - out.println("BatchQty : " + batchqty): null

2018-05-15 18:21:11 - [TEST_STEP][PASSED] - Statement - out.println("RQty : " + Rqty): null

2018-05-15 18:21:11 - [TEST_STEP][PASSED] - Statement - If (java.lang.Integer.valueOf(batchqty) >= java.lang.Integer.valueOf(Rqty)): null

2018-05-15 18:21:11 - [TEST_STEP][PASSED] - Statement - Else: null

2018-05-15 18:21:11 - [TEST_STEP][PASSED] - Statement - out.println("Batchqty Is Less Than Rqty"): null

2018-05-15 18:21:11 - [TEST_STEP][PASSED] - Statement - product = new com.kms.katalon.core.testobject.TestObject(): null

2018-05-15 18:21:11 - [TEST_STEP][PASSED] - Statement - product = com.kms.katalon.core.webui.keyword.WebUiBuiltInKeywords.modifyObjectProperty(product, "xpath", "equals", "//*[@id = "fldvendor" + row + ""]", true): Modify property of object successfully

2018-05-15 18:21:11 - [MESSAGE][PASSED] - Modify property of object successfully

2018-05-15 18:21:11 - [TEST_STEP][PASSED] - selectOptionByIndex: All options with index in [2] are selected on object ''

2018-05-15 18:21:12 - [MESSAGE][PASSED] - All options with index in [2] are selected on object ''

2018-05-15 18:21:12 - [TEST_STEP][PASSED] - Statement - batch = new com.kms.katalon.core.testobject.TestObject(): null

2018-05-15 18:21:12 - [TEST_STEP][PASSED] - Statement - batch = com.kms.katalon.core.webui.keyword.WebUiBuiltInKeywords.modifyObjectProperty(batch, "xpath", "equals", "//*[@id = "txtbthqty" + row + ""]", true): Modify property of object successfully

2018-05-15 18:21:12 - [MESSAGE][PASSED] - Modify property of object successfully

2018-05-15 18:21:12 - [TEST_STEP][PASSED] - Statement - batchqty = com.kms.katalon.core.webui.keyword.WebUiBuiltInKeywords.getAttribute(batch, "value").trim(): Attribute 'value' of object '' is: '40000'

2018-05-15 18:21:12 - [MESSAGE][PASSED] - Attribute 'value' of object '' is: '40000'

2018-05-15 18:21:12 - [TEST_STEP][PASSED] - Statement - Rqty = 10000: null

2018-05-15 18:21:12 - [TEST_STEP][PASSED] - delay: Delayed 2 second(s)

2018-05-15 18:21:14 - [MESSAGE][PASSED] - Delayed 2 second(s)

2018-05-15 18:21:14 - [TEST_STEP][PASSED] - Statement - out.println("BatchQty : " + batchqty): null

2018-05-15 18:21:14 - [TEST_STEP][PASSED] - Statement - out.println("RQty : " + Rqty): null

2018-05-15 18:21:14 - [TEST_STEP][PASSED] - Statement - If (java.lang.Integer.valueOf(batchqty) >= java.lang.Integer.valueOf(Rqty)): null

2018-05-15 18:21:14 - [TEST_STEP][PASSED] - Statement - Break: null

2018-05-15 18:21:14 - [TEST_STEP][PASSED] - Statement - batchlength = new com.kms.katalon.core.testobject.TestObject(): null

2018-05-15 18:21:14 - [TEST_STEP][PASSED] - Statement - batchlength = com.kms.katalon.core.webui.keyword.WebUiBuiltInKeywords.modifyObjectProperty(batchlength, "xpath", "equals", "//*[@id = "fldvendor" + row + ""]", true): Modify property of object successfully

2018-05-15 18:21:14 - [MESSAGE][PASSED] - Modify property of object successfully

2018-05-15 18:21:14 - [TEST_STEP][PASSED] - Statement - batchsize = com.kms.katalon.core.webui.keyword.WebUiBuiltInKeywords.getNumberOfTotalOption(batchlength): 10 options of object '' counted

2018-05-15 18:21:14 - [MESSAGE][PASSED] - 10 options of object '' counted

2018-05-15 18:21:14 - [TEST_STEP][PASSED] - Statement - out.println("BatchSize : " + batchsize): null

2018-05-15 18:21:14 - [TEST_STEP][PASSED] - Statement - For ([n = 1, n <= batchsize - 1, (n++)]): null

2018-05-15 18:21:14 - [TEST_STEP][PASSED] - Statement - product = new com.kms.katalon.core.testobject.TestObject(): null

2018-05-15 18:21:14 - [TEST_STEP][PASSED] - Statement - product = com.kms.katalon.core.webui.keyword.WebUiBuiltInKeywords.modifyObjectProperty(product, "xpath", "equals", "//*[@id = "fldvendor" + row + ""]", true): Modify property of object successfully

2018-05-15 18:21:14 - [MESSAGE][PASSED] - Modify property of object successfully

2018-05-15 18:21:14 - [TEST_STEP][PASSED] - selectOptionByIndex: All options with index in [1] are selected on object ''

2018-05-15 18:21:14 - [MESSAGE][PASSED] - All options with index in [1] are selected on object ''

2018-05-15 18:21:14 - [TEST_STEP][PASSED] - Statement - batch = new com.kms.katalon.core.testobject.TestObject(): null

2018-05-15 18:21:14 - [TEST_STEP][PASSED] - Statement - batch = com.kms.katalon.core.webui.keyword.WebUiBuiltInKeywords.modifyObjectProperty(batch, "xpath", "equals", "//*[@id = "txtbthqty" + row + ""]", true): Modify property of object successfully

2018-05-15 18:21:14 - [MESSAGE][PASSED] - Modify property of object successfully

2018-05-15 18:21:14 - [TEST_STEP][PASSED] - Statement - batchqty = com.kms.katalon.core.webui.keyword.WebUiBuiltInKeywords.getAttribute(batch, "value").trim(): Attribute 'value' of object '' is: '500'

2018-05-15 18:21:14 - [MESSAGE][PASSED] - Attribute 'value' of object '' is: '500'

2018-05-15 18:21:14 - [TEST_STEP][PASSED] - Statement - Rqty = 10000: null

2018-05-15 18:21:14 - [TEST_STEP][PASSED] - delay: Delayed 2 second(s)

2018-05-15 18:21:16 - [MESSAGE][PASSED] - Delayed 2 second(s)

2018-05-15 18:21:16 - [TEST_STEP][PASSED] - Statement - out.println("BatchQty : " + batchqty): null

2018-05-15 18:21:16 - [TEST_STEP][PASSED] - Statement - out.println("RQty : " + Rqty): null

2018-05-15 18:21:16 - [TEST_STEP][PASSED] - Statement - If (java.lang.Integer.valueOf(batchqty) >= java.lang.Integer.valueOf(Rqty)): null

2018-05-15 18:21:16 - [TEST_STEP][PASSED] - Statement - Else: null

2018-05-15 18:21:16 - [TEST_STEP][PASSED] - Statement - out.println("Batchqty Is Less Than Rqty"): null

2018-05-15 18:21:16 - [TEST_STEP][PASSED] - Statement - product = new com.kms.katalon.core.testobject.TestObject(): null

2018-05-15 18:21:16 - [TEST_STEP][PASSED] - Statement - product = com.kms.katalon.core.webui.keyword.WebUiBuiltInKeywords.modifyObjectProperty(product, "xpath", "equals", "//*[@id = "fldvendor" + row + ""]", true): Modify property of object successfully

2018-05-15 18:21:16 - [MESSAGE][PASSED] - Modify property of object successfully

2018-05-15 18:21:16 - [TEST_STEP][PASSED] - selectOptionByIndex: All options with index in [2] are selected on object ''

2018-05-15 18:21:16 - [MESSAGE][PASSED] - All options with index in [2] are selected on object ''

2018-05-15 18:21:16 - [TEST_STEP][PASSED] - Statement - batch = new com.kms.katalon.core.testobject.TestObject(): null

2018-05-15 18:21:16 - [TEST_STEP][PASSED] - Statement - batch = com.kms.katalon.core.webui.keyword.WebUiBuiltInKeywords.modifyObjectProperty(batch, "xpath", "equals", "//*[@id = "txtbthqty" + row + ""]", true): Modify property of object successfully

2018-05-15 18:21:16 - [MESSAGE][PASSED] - Modify property of object successfully

2018-05-15 18:21:16 - [TEST_STEP][PASSED] - Statement - batchqty = com.kms.katalon.core.webui.keyword.WebUiBuiltInKeywords.getAttribute(batch, "value").trim(): Attribute 'value' of object '' is: '39000'

2018-05-15 18:21:16 - [MESSAGE][PASSED] - Attribute 'value' of object '' is: '39000'

2018-05-15 18:21:16 - [TEST_STEP][PASSED] - Statement - Rqty = 10000: null

2018-05-15 18:21:16 - [TEST_STEP][PASSED] - delay: Delayed 2 second(s)

2018-05-15 18:21:18 - [MESSAGE][PASSED] - Delayed 2 second(s)

2018-05-15 18:21:18 - [TEST_STEP][PASSED] - Statement - out.println("BatchQty : " + batchqty): null

2018-05-15 18:21:18 - [TEST_STEP][PASSED] - Statement - out.println("RQty : " + Rqty): null

2018-05-15 18:21:18 - [TEST_STEP][PASSED] - Statement - If (java.lang.Integer.valueOf(batchqty) >= java.lang.Integer.valueOf(Rqty)): null

2018-05-15 18:21:18 - [TEST_STEP][PASSED] - Statement - Break: null

2018-05-15 18:21:18 - [TEST_STEP][PASSED] - Statement - batchlength = new com.kms.katalon.core.testobject.TestObject(): null

2018-05-15 18:21:18 - [TEST_STEP][PASSED] - Statement - batchlength = com.kms.katalon.core.webui.keyword.WebUiBuiltInKeywords.modifyObjectProperty(batchlength, "xpath", "equals", "//*[@id = "fldvendor" + row + ""]", true): Modify property of object successfully

2018-05-15 18:21:18 - [MESSAGE][PASSED] - Modify property of object successfully

2018-05-15 18:21:18 - [TEST_STEP][PASSED] - Statement - batchsize = com.kms.katalon.core.webui.keyword.WebUiBuiltInKeywords.getNumberOfTotalOption(batchlength): 10 options of object '' counted

2018-05-15 18:21:18 - [MESSAGE][PASSED] - 10 options of object '' counted

2018-05-15 18:21:18 - [TEST_STEP][PASSED] - Statement - out.println("BatchSize : " + batchsize): null

2018-05-15 18:21:18 - [TEST_STEP][PASSED] - Statement - For ([n = 1, n <= batchsize - 1, (n++)]): null

2018-05-15 18:21:18 - [TEST_STEP][PASSED] - Statement - product = new com.kms.katalon.core.testobject.TestObject(): null

2018-05-15 18:21:18 - [TEST_STEP][PASSED] - Statement - product = com.kms.katalon.core.webui.keyword.WebUiBuiltInKeywords.modifyObjectProperty(product, "xpath", "equals", "//*[@id = "fldvendor" + row + ""]", true): Modify property of object successfully

2018-05-15 18:21:18 - [MESSAGE][PASSED] - Modify property of object successfully

2018-05-15 18:21:18 - [TEST_STEP][PASSED] - selectOptionByIndex: All options with index in [1] are selected on object ''

2018-05-15 18:21:18 - [MESSAGE][PASSED] - All options with index in [1] are selected on object ''

2018-05-15 18:21:18 - [TEST_STEP][PASSED] - Statement - batch = new com.kms.katalon.core.testobject.TestObject(): null

2018-05-15 18:21:18 - [TEST_STEP][PASSED] - Statement - batch = com.kms.katalon.core.webui.keyword.WebUiBuiltInKeywords.modifyObjectProperty(batch, "xpath", "equals", "//*[@id = "txtbthqty" + row + ""]", true): Modify property of object successfully

2018-05-15 18:21:18 - [MESSAGE][PASSED] - Modify property of object successfully

2018-05-15 18:21:18 - [TEST_STEP][PASSED] - Statement - batchqty = com.kms.katalon.core.webui.keyword.WebUiBuiltInKeywords.getAttribute(batch, "value").trim(): Attribute 'value' of object '' is: '34000'

2018-05-15 18:21:18 - [MESSAGE][PASSED] - Attribute 'value' of object '' is: '34000'

2018-05-15 18:21:18 - [TEST_STEP][PASSED] - Statement - Rqty = 10000: null

2018-05-15 18:21:18 - [TEST_STEP][PASSED] - delay: Delayed 2 second(s)

2018-05-15 18:21:20 - [MESSAGE][PASSED] - Delayed 2 second(s)

2018-05-15 18:21:20 - [TEST_STEP][PASSED] - Statement - out.println("BatchQty : " + batchqty): null

2018-05-15 18:21:20 - [TEST_STEP][PASSED] - Statement - out.println("RQty : " + Rqty): null

2018-05-15 18:21:20 - [TEST_STEP][PASSED] - Statement - If (java.lang.Integer.valueOf(batchqty) >= java.lang.Integer.valueOf(Rqty)): null

2018-05-15 18:21:20 - [TEST_STEP][PASSED] - Statement - Break: null

2018-05-15 18:21:20 - [TEST_STEP][PASSED] - Statement - batchlength = new com.kms.katalon.core.testobject.TestObject(): null

2018-05-15 18:21:20 - [TEST_STEP][PASSED] - Statement - batchlength = com.kms.katalon.core.webui.keyword.WebUiBuiltInKeywords.modifyObjectProperty(batchlength, "xpath", "equals", "//*[@id = "fldvendor" + row + ""]", true): Modify property of object successfully

2018-05-15 18:21:20 - [MESSAGE][PASSED] - Modify property of object successfully

2018-05-15 18:21:20 - [TEST_STEP][PASSED] - Statement - batchsize = com.kms.katalon.core.webui.keyword.WebUiBuiltInKeywords.getNumberOfTotalOption(batchlength): 10 options of object '' counted

2018-05-15 18:21:20 - [MESSAGE][PASSED] - 10 options of object '' counted

2018-05-15 18:21:20 - [TEST_STEP][PASSED] - Statement - out.println("BatchSize : " + batchsize): null

2018-05-15 18:21:20 - [TEST_STEP][PASSED] - Statement - For ([n = 1, n <= batchsize - 1, (n++)]): null

2018-05-15 18:21:20 - [TEST_STEP][PASSED] - Statement - product = new com.kms.katalon.core.testobject.TestObject(): null

2018-05-15 18:21:20 - [TEST_STEP][PASSED] - Statement - product = com.kms.katalon.core.webui.keyword.WebUiBuiltInKeywords.modifyObjectProperty(product, "xpath", "equals", "//*[@id = "fldvendor" + row + ""]", true): Modify property of object successfully

2018-05-15 18:21:20 - [MESSAGE][PASSED] - Modify property of object successfully

2018-05-15 18:21:20 - [TEST_STEP][PASSED] - selectOptionByIndex: All options with index in [1] are selected on object ''

2018-05-15 18:21:21 - [MESSAGE][PASSED] - All options with index in [1] are selected on object ''

2018-05-15 18:21:21 - [TEST_STEP][PASSED] - Statement - batch = new com.kms.katalon.core.testobject.TestObject(): null

2018-05-15 18:21:21 - [TEST_STEP][PASSED] - Statement - batch = com.kms.katalon.core.webui.keyword.WebUiBuiltInKeywords.modifyObjectProperty(batch, "xpath", "equals", "//*[@id = "txtbthqty" + row + ""]", true): Modify property of object successfully

2018-05-15 18:21:21 - [MESSAGE][PASSED] - Modify property of object successfully

2018-05-15 18:21:21 - [TEST_STEP][PASSED] - Statement - batchqty = com.kms.katalon.core.webui.keyword.WebUiBuiltInKeywords.getAttribute(batch, "value").trim(): Attribute 'value' of object '' is: '4000'

2018-05-15 18:21:21 - [MESSAGE][PASSED] - Attribute 'value' of object '' is: '4000'

2018-05-15 18:21:21 - [TEST_STEP][PASSED] - Statement - Rqty = 10000: null

2018-05-15 18:21:21 - [TEST_STEP][PASSED] - delay: Delayed 2 second(s)

2018-05-15 18:21:23 - [MESSAGE][PASSED] - Delayed 2 second(s)

2018-05-15 18:21:23 - [TEST_STEP][PASSED] - Statement - out.println("BatchQty : " + batchqty): null

2018-05-15 18:21:23 - [TEST_STEP][PASSED] - Statement - out.println("RQty : " + Rqty): null

2018-05-15 18:21:23 - [TEST_STEP][PASSED] - Statement - If (java.lang.Integer.valueOf(batchqty) >= java.lang.Integer.valueOf(Rqty)): null

2018-05-15 18:21:23 - [TEST_STEP][PASSED] - Statement - Else: null

2018-05-15 18:21:23 - [TEST_STEP][PASSED] - Statement - out.println("Batchqty Is Less Than Rqty"): null

2018-05-15 18:21:23 - [TEST_STEP][PASSED] - Statement - product = new com.kms.katalon.core.testobject.TestObject(): null

2018-05-15 18:21:23 - [TEST_STEP][PASSED] - Statement - product = com.kms.katalon.core.webui.keyword.WebUiBuiltInKeywords.modifyObjectProperty(product, "xpath", "equals", "//*[@id = "fldvendor" + row + ""]", true): Modify property of object successfully

2018-05-15 18:21:23 - [MESSAGE][PASSED] - Modify property of object successfully

2018-05-15 18:21:23 - [TEST_STEP][PASSED] - selectOptionByIndex: All options with index in [2] are selected on object ''

2018-05-15 18:21:23 - [MESSAGE][PASSED] - All options with index in [2] are selected on object ''

2018-05-15 18:21:23 - [TEST_STEP][PASSED] - Statement - batch = new com.kms.katalon.core.testobject.TestObject(): null

2018-05-15 18:21:23 - [TEST_STEP][PASSED] - Statement - batch = com.kms.katalon.core.webui.keyword.WebUiBuiltInKeywords.modifyObjectProperty(batch, "xpath", "equals", "//*[@id = "txtbthqty" + row + ""]", true): Modify property of object successfully

2018-05-15 18:21:23 - [MESSAGE][PASSED] - Modify property of object successfully

2018-05-15 18:21:23 - [TEST_STEP][PASSED] - Statement - batchqty = com.kms.katalon.core.webui.keyword.WebUiBuiltInKeywords.getAttribute(batch, "value").trim(): Attribute 'value' of object '' is: '4000'

2018-05-15 18:21:23 - [MESSAGE][PASSED] - Attribute 'value' of object '' is: '4000'

2018-05-15 18:21:23 - [TEST_STEP][PASSED] - Statement - Rqty = 10000: null

2018-05-15 18:21:23 - [TEST_STEP][PASSED] - delay: Delayed 2 second(s)

2018-05-15 18:21:25 - [MESSAGE][PASSED] - Delayed 2 second(s)

2018-05-15 18:21:25 - [TEST_STEP][PASSED] - Statement - out.println("BatchQty : " + batchqty): null

2018-05-15 18:21:25 - [TEST_STEP][PASSED] - Statement - out.println("RQty : " + Rqty): null

2018-05-15 18:21:25 - [TEST_STEP][PASSED] - Statement - If (java.lang.Integer.valueOf(batchqty) >= java.lang.Integer.valueOf(Rqty)): null

2018-05-15 18:21:25 - [TEST_STEP][PASSED] - Statement - Else: null

2018-05-15 18:21:25 - [TEST_STEP][PASSED] - Statement - out.println("Batchqty Is Less Than Rqty"): null

2018-05-15 18:21:25 - [TEST_STEP][PASSED] - Statement - product = new com.kms.katalon.core.testobject.TestObject(): null

2018-05-15 18:21:25 - [TEST_STEP][PASSED] - Statement - product = com.kms.katalon.core.webui.keyword.WebUiBuiltInKeywords.modifyObjectProperty(product, "xpath", "equals", "//*[@id = "fldvendor" + row + ""]", true): Modify property of object successfully

2018-05-15 18:21:25 - [MESSAGE][PASSED] - Modify property of object successfully

2018-05-15 18:21:25 - [TEST_STEP][PASSED] - selectOptionByIndex: All options with index in [3] are selected on object ''

2018-05-15 18:21:25 - [MESSAGE][PASSED] - All options with index in [3] are selected on object ''

2018-05-15 18:21:25 - [TEST_STEP][PASSED] - Statement - batch = new com.kms.katalon.core.testobject.TestObject(): null

2018-05-15 18:21:25 - [TEST_STEP][PASSED] - Statement - batch = com.kms.katalon.core.webui.keyword.WebUiBuiltInKeywords.modifyObjectProperty(batch, "xpath", "equals", "//*[@id = "txtbthqty" + row + ""]", true): Modify property of object successfully

2018-05-15 18:21:25 - [MESSAGE][PASSED] - Modify property of object successfully

2018-05-15 18:21:25 - [TEST_STEP][PASSED] - Statement - batchqty = com.kms.katalon.core.webui.keyword.WebUiBuiltInKeywords.getAttribute(batch, "value").trim(): Attribute 'value' of object '' is: '35000'

2018-05-15 18:21:25 - [MESSAGE][PASSED] - Attribute 'value' of object '' is: '35000'

2018-05-15 18:21:25 - [TEST_STEP][PASSED] - Statement - Rqty = 10000: null

2018-05-15 18:21:25 - [TEST_STEP][PASSED] - delay: Delayed 2 second(s)

2018-05-15 18:21:27 - [MESSAGE][PASSED] - Delayed 2 second(s)

2018-05-15 18:21:27 - [TEST_STEP][PASSED] - Statement - out.println("BatchQty : " + batchqty): null

2018-05-15 18:21:27 - [TEST_STEP][PASSED] - Statement - out.println("RQty : " + Rqty): null

2018-05-15 18:21:27 - [TEST_STEP][PASSED] - Statement - If (java.lang.Integer.valueOf(batchqty) >= java.lang.Integer.valueOf(Rqty)): null

2018-05-15 18:21:27 - [TEST_STEP][PASSED] - Statement - Break: null

2018-05-15 18:21:27 - [TEST_STEP][PASSED] - Statement - batchlength = new com.kms.katalon.core.testobject.TestObject(): null

2018-05-15 18:21:27 - [TEST_STEP][PASSED] - Statement - batchlength = com.kms.katalon.core.webui.keyword.WebUiBuiltInKeywords.modifyObjectProperty(batchlength, "xpath", "equals", "//*[@id = "fldvendor" + row + ""]", true): Modify property of object successfully

2018-05-15 18:21:27 - [MESSAGE][PASSED] - Modify property of object successfully

2018-05-15 18:21:27 - [TEST_STEP][PASSED] - Statement - batchsize = com.kms.katalon.core.webui.keyword.WebUiBuiltInKeywords.getNumberOfTotalOption(batchlength): 10 options of object '' counted

2018-05-15 18:21:27 - [MESSAGE][PASSED] - 10 options of object '' counted

2018-05-15 18:21:27 - [TEST_STEP][PASSED] - Statement - out.println("BatchSize : " + batchsize): null

2018-05-15 18:21:27 - [TEST_STEP][PASSED] - Statement - For ([n = 1, n <= batchsize - 1, (n++)]): null

2018-05-15 18:21:27 - [TEST_STEP][PASSED] - Statement - product = new com.kms.katalon.core.testobject.TestObject(): null

2018-05-15 18:21:27 - [TEST_STEP][PASSED] - Statement - product = com.kms.katalon.core.webui.keyword.WebUiBuiltInKeywords.modifyObjectProperty(product, "xpath", "equals", "//*[@id = "fldvendor" + row + ""]", true): Modify property of object successfully

2018-05-15 18:21:27 - [MESSAGE][PASSED] - Modify property of object successfully

2018-05-15 18:21:27 - [TEST_STEP][PASSED] - selectOptionByIndex: All options with index in [1] are selected on object ''

2018-05-15 18:21:27 - [MESSAGE][PASSED] - All options with index in [1] are selected on object ''

2018-05-15 18:21:27 - [TEST_STEP][PASSED] - Statement - batch = new com.kms.katalon.core.testobject.TestObject(): null

2018-05-15 18:21:27 - [TEST_STEP][PASSED] - Statement - batch = com.kms.katalon.core.webui.keyword.WebUiBuiltInKeywords.modifyObjectProperty(batch, "xpath", "equals", "//*[@id = "txtbthqty" + row + ""]", true): Modify property of object successfully

2018-05-15 18:21:27 - [MESSAGE][PASSED] - Modify property of object successfully

2018-05-15 18:21:27 - [TEST_STEP][PASSED] - Statement - batchqty = com.kms.katalon.core.webui.keyword.WebUiBuiltInKeywords.getAttribute(batch, "value").trim(): Attribute 'value' of object '' is: '3000'

2018-05-15 18:21:27 - [MESSAGE][PASSED] - Attribute 'value' of object '' is: '3000'

2018-05-15 18:21:27 - [TEST_STEP][PASSED] - Statement - Rqty = 10000: null

2018-05-15 18:21:27 - [TEST_STEP][PASSED] - delay: Delayed 2 second(s)

2018-05-15 18:21:29 - [MESSAGE][PASSED] - Delayed 2 second(s)

2018-05-15 18:21:29 - [TEST_STEP][PASSED] - Statement - out.println("BatchQty : " + batchqty): null

2018-05-15 18:21:29 - [TEST_STEP][PASSED] - Statement - out.println("RQty : " + Rqty): null

2018-05-15 18:21:29 - [TEST_STEP][PASSED] - Statement - If (java.lang.Integer.valueOf(batchqty) >= java.lang.Integer.valueOf(Rqty)): null

2018-05-15 18:21:29 - [TEST_STEP][PASSED] - Statement - Else: null

2018-05-15 18:21:29 - [TEST_STEP][PASSED] - Statement - out.println("Batchqty Is Less Than Rqty"): null

2018-05-15 18:21:29 - [TEST_STEP][PASSED] - Statement - product = new com.kms.katalon.core.testobject.TestObject(): null

2018-05-15 18:21:29 - [TEST_STEP][PASSED] - Statement - product = com.kms.katalon.core.webui.keyword.WebUiBuiltInKeywords.modifyObjectProperty(product, "xpath", "equals", "//*[@id = "fldvendor" + row + ""]", true): Modify property of object successfully

2018-05-15 18:21:29 - [MESSAGE][PASSED] - Modify property of object successfully

2018-05-15 18:21:29 - [TEST_STEP][PASSED] - selectOptionByIndex: All options with index in [2] are selected on object ''

2018-05-15 18:21:29 - [MESSAGE][PASSED] - All options with index in [2] are selected on object ''

2018-05-15 18:21:29 - [TEST_STEP][PASSED] - Statement - batch = new com.kms.katalon.core.testobject.TestObject(): null

2018-05-15 18:21:29 - [TEST_STEP][PASSED] - Statement - batch = com.kms.katalon.core.webui.keyword.WebUiBuiltInKeywords.modifyObjectProperty(batch, "xpath", "equals", "//*[@id = "txtbthqty" + row + ""]", true): Modify property of object successfully

2018-05-15 18:21:29 - [MESSAGE][PASSED] - Modify property of object successfully

2018-05-15 18:21:29 - [TEST_STEP][PASSED] - Statement - batchqty = com.kms.katalon.core.webui.keyword.WebUiBuiltInKeywords.getAttribute(batch, "value").trim(): Attribute 'value' of object '' is: '40000'

2018-05-15 18:21:29 - [MESSAGE][PASSED] - Attribute 'value' of object '' is: '40000'

2018-05-15 18:21:29 - [TEST_STEP][PASSED] - Statement - Rqty = 10000: null

2018-05-15 18:21:29 - [TEST_STEP][PASSED] - delay: Delayed 2 second(s)

2018-05-15 18:21:31 - [MESSAGE][PASSED] - Delayed 2 second(s)

2018-05-15 18:21:31 - [TEST_STEP][PASSED] - Statement - out.println("BatchQty : " + batchqty): null

2018-05-15 18:21:31 - [TEST_STEP][PASSED] - Statement - out.println("RQty : " + Rqty): null

2018-05-15 18:21:31 - [TEST_STEP][PASSED] - Statement - If (java.lang.Integer.valueOf(batchqty) >= java.lang.Integer.valueOf(Rqty)): null

2018-05-15 18:21:31 - [TEST_STEP][PASSED] - Statement - Break: null

2018-05-15 18:21:31 - [TEST_STEP][PASSED] - Statement - batchlength = new com.kms.katalon.core.testobject.TestObject(): null

2018-05-15 18:21:31 - [TEST_STEP][PASSED] - Statement - batchlength = com.kms.katalon.core.webui.keyword.WebUiBuiltInKeywords.modifyObjectProperty(batchlength, "xpath", "equals", "//*[@id = "fldvendor" + row + ""]", true): Modify property of object successfully

2018-05-15 18:21:31 - [MESSAGE][PASSED] - Modify property of object successfully

2018-05-15 18:21:31 - [TEST_STEP][PASSED] - Statement - batchsize = com.kms.katalon.core.webui.keyword.WebUiBuiltInKeywords.getNumberOfTotalOption(batchlength): 10 options of object '' counted

2018-05-15 18:21:32 - [MESSAGE][PASSED] - 10 options of object '' counted

2018-05-15 18:21:32 - [TEST_STEP][PASSED] - Statement - out.println("BatchSize : " + batchsize): null

2018-05-15 18:21:32 - [TEST_STEP][PASSED] - Statement - For ([n = 1, n <= batchsize - 1, (n++)]): null

2018-05-15 18:21:32 - [TEST_STEP][PASSED] - Statement - product = new com.kms.katalon.core.testobject.TestObject(): null

2018-05-15 18:21:32 - [TEST_STEP][PASSED] - Statement - product = com.kms.katalon.core.webui.keyword.WebUiBuiltInKeywords.modifyObjectProperty(product, "xpath", "equals", "//*[@id = "fldvendor" + row + ""]", true): Modify property of object successfully

2018-05-15 18:21:32 - [MESSAGE][PASSED] - Modify property of object successfully

2018-05-15 18:21:32 - [TEST_STEP][PASSED] - selectOptionByIndex: All options with index in [1] are selected on object ''

2018-05-15 18:21:32 - [MESSAGE][PASSED] - All options with index in [1] are selected on object ''

2018-05-15 18:21:32 - [TEST_STEP][PASSED] - Statement - batch = new com.kms.katalon.core.testobject.TestObject(): null

2018-05-15 18:21:32 - [TEST_STEP][PASSED] - Statement - batch = com.kms.katalon.core.webui.keyword.WebUiBuiltInKeywords.modifyObjectProperty(batch, "xpath", "equals", "//*[@id = "txtbthqty" + row + ""]", true): Modify property of object successfully

2018-05-15 18:21:32 - [MESSAGE][PASSED] - Modify property of object successfully

2018-05-15 18:21:32 - [TEST_STEP][PASSED] - Statement - batchqty = com.kms.katalon.core.webui.keyword.WebUiBuiltInKeywords.getAttribute(batch, "value").trim(): Attribute 'value' of object '' is: '3000'

2018-05-15 18:21:32 - [MESSAGE][PASSED] - Attribute 'value' of object '' is: '3000'

2018-05-15 18:21:32 - [TEST_STEP][PASSED] - Statement - Rqty = 10000: null

2018-05-15 18:21:32 - [TEST_STEP][PASSED] - delay: Delayed 2 second(s)

2018-05-15 18:21:34 - [MESSAGE][PASSED] - Delayed 2 second(s)

2018-05-15 18:21:34 - [TEST_STEP][PASSED] - Statement - out.println("BatchQty : " + batchqty): null

2018-05-15 18:21:34 - [TEST_STEP][PASSED] - Statement - out.println("RQty : " + Rqty): null

2018-05-15 18:21:34 - [TEST_STEP][PASSED] - Statement - If (java.lang.Integer.valueOf(batchqty) >= java.lang.Integer.valueOf(Rqty)): null

2018-05-15 18:21:34 - [TEST_STEP][PASSED] - Statement - Else: null

2018-05-15 18:21:34 - [TEST_STEP][PASSED] - Statement - out.println("Batchqty Is Less Than Rqty"): null

2018-05-15 18:21:34 - [TEST_STEP][PASSED] - Statement - product = new com.kms.katalon.core.testobject.TestObject(): null

2018-05-15 18:21:34 - [TEST_STEP][PASSED] - Statement - product = com.kms.katalon.core.webui.keyword.WebUiBuiltInKeywords.modifyObjectProperty(product, "xpath", "equals", "//*[@id = "fldvendor" + row + ""]", true): Modify property of object successfully

2018-05-15 18:21:34 - [MESSAGE][PASSED] - Modify property of object successfully

2018-05-15 18:21:34 - [TEST_STEP][PASSED] - selectOptionByIndex: All options with index in [2] are selected on object ''

2018-05-15 18:21:34 - [MESSAGE][PASSED] - All options with index in [2] are selected on object ''

2018-05-15 18:21:34 - [TEST_STEP][PASSED] - Statement - batch = new com.kms.katalon.core.testobject.TestObject(): null

2018-05-15 18:21:34 - [TEST_STEP][PASSED] - Statement - batch = com.kms.katalon.core.webui.keyword.WebUiBuiltInKeywords.modifyObjectProperty(batch, "xpath", "equals", "//*[@id = "txtbthqty" + row + ""]", true): Modify property of object successfully

2018-05-15 18:21:34 - [MESSAGE][PASSED] - Modify property of object successfully

2018-05-15 18:21:34 - [TEST_STEP][PASSED] - Statement - batchqty = com.kms.katalon.core.webui.keyword.WebUiBuiltInKeywords.getAttribute(batch, "value").trim(): Attribute 'value' of object '' is: '5000'

2018-05-15 18:21:34 - [MESSAGE][PASSED] - Attribute 'value' of object '' is: '5000'

2018-05-15 18:21:34 - [TEST_STEP][PASSED] - Statement - Rqty = 10000: null

2018-05-15 18:21:34 - [TEST_STEP][PASSED] - delay: Delayed 2 second(s)

2018-05-15 18:21:36 - [MESSAGE][PASSED] - Delayed 2 second(s)

2018-05-15 18:21:36 - [TEST_STEP][PASSED] - Statement - out.println("BatchQty : " + batchqty): null

2018-05-15 18:21:36 - [TEST_STEP][PASSED] - Statement - out.println("RQty : " + Rqty): null

2018-05-15 18:21:36 - [TEST_STEP][PASSED] - Statement - If (java.lang.Integer.valueOf(batchqty) >= java.lang.Integer.valueOf(Rqty)): null

2018-05-15 18:21:36 - [TEST_STEP][PASSED] - Statement - Else: null

2018-05-15 18:21:36 - [TEST_STEP][PASSED] - Statement - out.println("Batchqty Is Less Than Rqty"): null

2018-05-15 18:21:36 - [TEST_STEP][PASSED] - Statement - product = new com.kms.katalon.core.testobject.TestObject(): null

2018-05-15 18:21:36 - [TEST_STEP][PASSED] - Statement - product = com.kms.katalon.core.webui.keyword.WebUiBuiltInKeywords.modifyObjectProperty(product, "xpath", "equals", "//*[@id = "fldvendor" + row + ""]", true): Modify property of object successfully

2018-05-15 18:21:36 - [MESSAGE][PASSED] - Modify property of object successfully

2018-05-15 18:21:36 - [TEST_STEP][PASSED] - selectOptionByIndex: All options with index in [3] are selected on object ''

2018-05-15 18:21:36 - [MESSAGE][PASSED] - All options with index in [3] are selected on object ''

2018-05-15 18:21:36 - [TEST_STEP][PASSED] - Statement - batch = new com.kms.katalon.core.testobject.TestObject(): null

2018-05-15 18:21:36 - [TEST_STEP][PASSED] - Statement - batch = com.kms.katalon.core.webui.keyword.WebUiBuiltInKeywords.modifyObjectProperty(batch, "xpath", "equals", "//*[@id = "txtbthqty" + row + ""]", true): Modify property of object successfully

2018-05-15 18:21:36 - [MESSAGE][PASSED] - Modify property of object successfully

2018-05-15 18:21:36 - [TEST_STEP][PASSED] - Statement - batchqty = com.kms.katalon.core.webui.keyword.WebUiBuiltInKeywords.getAttribute(batch, "value").trim(): Attribute 'value' of object '' is: '40000'

2018-05-15 18:21:36 - [MESSAGE][PASSED] - Attribute 'value' of object '' is: '40000'

2018-05-15 18:21:36 - [TEST_STEP][PASSED] - Statement - Rqty = 10000: null

2018-05-15 18:21:36 - [TEST_STEP][PASSED] - delay: Delayed 2 second(s)

2018-05-15 18:21:38 - [MESSAGE][PASSED] - Delayed 2 second(s)

2018-05-15 18:21:38 - [TEST_STEP][PASSED] - Statement - out.println("BatchQty : " + batchqty): null

2018-05-15 18:21:38 - [TEST_STEP][PASSED] - Statement - out.println("RQty : " + Rqty): null

2018-05-15 18:21:38 - [TEST_STEP][PASSED] - Statement - If (java.lang.Integer.valueOf(batchqty) >= java.lang.Integer.valueOf(Rqty)): null

2018-05-15 18:21:38 - [TEST_STEP][PASSED] - Statement - Break: null

2018-05-15 18:21:38 - [TEST_STEP][PASSED] - Statement - batchlength = new com.kms.katalon.core.testobject.TestObject(): null

2018-05-15 18:21:38 - [TEST_STEP][PASSED] - Statement - batchlength = com.kms.katalon.core.webui.keyword.WebUiBuiltInKeywords.modifyObjectProperty(batchlength, "xpath", "equals", "//*[@id = "fldvendor" + row + ""]", true): Modify property of object successfully

2018-05-15 18:21:38 - [MESSAGE][PASSED] - Modify property of object successfully

2018-05-15 18:21:38 - [TEST_STEP][PASSED] - Statement - batchsize = com.kms.katalon.core.webui.keyword.WebUiBuiltInKeywords.getNumberOfTotalOption(batchlength): 10 options of object '' counted

2018-05-15 18:21:38 - [MESSAGE][PASSED] - 10 options of object '' counted

2018-05-15 18:21:38 - [TEST_STEP][PASSED] - Statement - out.println("BatchSize : " + batchsize): null

2018-05-15 18:21:38 - [TEST_STEP][PASSED] - Statement - For ([n = 1, n <= batchsize - 1, (n++)]): null

2018-05-15 18:21:38 - [TEST_STEP][PASSED] - Statement - product = new com.kms.katalon.core.testobject.TestObject(): null

2018-05-15 18:21:38 - [TEST_STEP][PASSED] - Statement - product = com.kms.katalon.core.webui.keyword.WebUiBuiltInKeywords.modifyObjectProperty(product, "xpath", "equals", "//*[@id = "fldvendor" + row + ""]", true): Modify property of object successfully

2018-05-15 18:21:38 - [MESSAGE][PASSED] - Modify property of object successfully

2018-05-15 18:21:38 - [TEST_STEP][PASSED] - selectOptionByIndex: All options with index in [1] are selected on object ''

2018-05-15 18:21:38 - [MESSAGE][PASSED] - All options with index in [1] are selected on object ''

2018-05-15 18:21:38 - [TEST_STEP][PASSED] - Statement - batch = new com.kms.katalon.core.testobject.TestObject(): null

2018-05-15 18:21:38 - [TEST_STEP][PASSED] - Statement - batch = com.kms.katalon.core.webui.keyword.WebUiBuiltInKeywords.modifyObjectProperty(batch, "xpath", "equals", "//*[@id = "txtbthqty" + row + ""]", true): Modify property of object successfully

2018-05-15 18:21:38 - [MESSAGE][PASSED] - Modify property of object successfully

2018-05-15 18:21:38 - [TEST_STEP][PASSED] - Statement - batchqty = com.kms.katalon.core.webui.keyword.WebUiBuiltInKeywords.getAttribute(batch, "value").trim(): Attribute 'value' of object '' is: '5000'

2018-05-15 18:21:38 - [MESSAGE][PASSED] - Attribute 'value' of object '' is: '5000'

2018-05-15 18:21:38 - [TEST_STEP][PASSED] - Statement - Rqty = 10000: null

2018-05-15 18:21:38 - [TEST_STEP][PASSED] - delay: Delayed 2 second(s)

2018-05-15 18:21:40 - [MESSAGE][PASSED] - Delayed 2 second(s)

2018-05-15 18:21:40 - [TEST_STEP][PASSED] - Statement - out.println("BatchQty : " + batchqty): null

2018-05-15 18:21:40 - [TEST_STEP][PASSED] - Statement - out.println("RQty : " + Rqty): null

2018-05-15 18:21:40 - [TEST_STEP][PASSED] - Statement - If (java.lang.Integer.valueOf(batchqty) >= java.lang.Integer.valueOf(Rqty)): null

2018-05-15 18:21:40 - [TEST_STEP][PASSED] - Statement - Else: null

2018-05-15 18:21:40 - [TEST_STEP][PASSED] - Statement - out.println("Batchqty Is Less Than Rqty"): null

2018-05-15 18:21:40 - [TEST_STEP][PASSED] - Statement - product = new com.kms.katalon.core.testobject.TestObject(): null

2018-05-15 18:21:40 - [TEST_STEP][PASSED] - Statement - product = com.kms.katalon.core.webui.keyword.WebUiBuiltInKeywords.modifyObjectProperty(product, "xpath", "equals", "//*[@id = "fldvendor" + row + ""]", true): Modify property of object successfully

2018-05-15 18:21:40 - [MESSAGE][PASSED] - Modify property of object successfully

2018-05-15 18:21:40 - [TEST_STEP][PASSED] - selectOptionByIndex: All options with index in [2] are selected on object ''

2018-05-15 18:21:41 - [MESSAGE][PASSED] - All options with index in [2] are selected on object ''

2018-05-15 18:21:41 - [TEST_STEP][PASSED] - Statement - batch = new com.kms.katalon.core.testobject.TestObject(): null

2018-05-15 18:21:41 - [TEST_STEP][PASSED] - Statement - batch = com.kms.katalon.core.webui.keyword.WebUiBuiltInKeywords.modifyObjectProperty(batch, "xpath", "equals", "//*[@id = "txtbthqty" + row + ""]", true): Modify property of object successfully

2018-05-15 18:21:41 - [MESSAGE][PASSED] - Modify property of object successfully

2018-05-15 18:21:41 - [TEST_STEP][PASSED] - Statement - batchqty = com.kms.katalon.core.webui.keyword.WebUiBuiltInKeywords.getAttribute(batch, "value").trim(): Attribute 'value' of object '' is: '34000'

2018-05-15 18:21:41 - [MESSAGE][PASSED] - Attribute 'value' of object '' is: '34000'

2018-05-15 18:21:41 - [TEST_STEP][PASSED] - Statement - Rqty = 10000: null

2018-05-15 18:21:41 - [TEST_STEP][PASSED] - delay: Delayed 2 second(s)

2018-05-15 18:21:43 - [MESSAGE][PASSED] - Delayed 2 second(s)

2018-05-15 18:21:43 - [TEST_STEP][PASSED] - Statement - out.println("BatchQty : " + batchqty): null

2018-05-15 18:21:43 - [TEST_STEP][PASSED] - Statement - out.println("RQty : " + Rqty): null

2018-05-15 18:21:43 - [TEST_STEP][PASSED] - Statement - If (java.lang.Integer.valueOf(batchqty) >= java.lang.Integer.valueOf(Rqty)): null

2018-05-15 18:21:43 - [TEST_STEP][PASSED] - Statement - Break: null

2018-05-15 18:21:43 - [TEST_STEP][PASSED] - Statement - batchlength = new com.kms.katalon.core.testobject.TestObject(): null

2018-05-15 18:21:43 - [TEST_STEP][PASSED] - Statement - batchlength = com.kms.katalon.core.webui.keyword.WebUiBuiltInKeywords.modifyObjectProperty(batchlength, "xpath", "equals", "//*[@id = "fldvendor" + row + ""]", true): Modify property of object successfully

2018-05-15 18:21:43 - [MESSAGE][PASSED] - Modify property of object successfully

2018-05-15 18:21:43 - [TEST_STEP][PASSED] - Statement - batchsize = com.kms.katalon.core.webui.keyword.WebUiBuiltInKeywords.getNumberOfTotalOption(batchlength): 10 options of object '' counted

2018-05-15 18:21:43 - [MESSAGE][PASSED] - 10 options of object '' counted

2018-05-15 18:21:43 - [TEST_STEP][PASSED] - Statement - out.println("BatchSize : " + batchsize): null

2018-05-15 18:21:43 - [TEST_STEP][PASSED] - Statement - For ([n = 1, n <= batchsize - 1, (n++)]): null

2018-05-15 18:21:43 - [TEST_STEP][PASSED] - Statement - product = new com.kms.katalon.core.testobject.TestObject(): null

2018-05-15 18:21:43 - [TEST_STEP][PASSED] - Statement - product = com.kms.katalon.core.webui.keyword.WebUiBuiltInKeywords.modifyObjectProperty(product, "xpath", "equals", "//*[@id = "fldvendor" + row + ""]", true): Modify property of object successfully

2018-05-15 18:21:43 - [MESSAGE][PASSED] - Modify property of object successfully

2018-05-15 18:21:43 - [TEST_STEP][PASSED] - selectOptionByIndex: All options with index in [1] are selected on object ''

2018-05-15 18:21:43 - [MESSAGE][PASSED] - All options with index in [1] are selected on object ''

2018-05-15 18:21:43 - [TEST_STEP][PASSED] - Statement - batch = new com.kms.katalon.core.testobject.TestObject(): null

2018-05-15 18:21:43 - [TEST_STEP][PASSED] - Statement - batch = com.kms.katalon.core.webui.keyword.WebUiBuiltInKeywords.modifyObjectProperty(batch, "xpath", "equals", "//*[@id = "txtbthqty" + row + ""]", true): Modify property of object successfully

2018-05-15 18:21:43 - [MESSAGE][PASSED] - Modify property of object successfully

2018-05-15 18:21:43 - [TEST_STEP][PASSED] - Statement - batchqty = com.kms.katalon.core.webui.keyword.WebUiBuiltInKeywords.getAttribute(batch, "value").trim(): Attribute 'value' of object '' is: '5000'

2018-05-15 18:21:43 - [MESSAGE][PASSED] - Attribute 'value' of object '' is: '5000'

2018-05-15 18:21:43 - [TEST_STEP][PASSED] - Statement - Rqty = 10000: null

2018-05-15 18:21:43 - [TEST_STEP][PASSED] - delay: Delayed 2 second(s)

2018-05-15 18:21:45 - [MESSAGE][PASSED] - Delayed 2 second(s)

2018-05-15 18:21:45 - [TEST_STEP][PASSED] - Statement - out.println("BatchQty : " + batchqty): null

2018-05-15 18:21:45 - [TEST_STEP][PASSED] - Statement - out.println("RQty : " + Rqty): null

2018-05-15 18:21:45 - [TEST_STEP][PASSED] - Statement - If (java.lang.Integer.valueOf(batchqty) >= java.lang.Integer.valueOf(Rqty)): null

2018-05-15 18:21:45 - [TEST_STEP][PASSED] - Statement - Else: null

2018-05-15 18:21:45 - [TEST_STEP][PASSED] - Statement - out.println("Batchqty Is Less Than Rqty"): null

2018-05-15 18:21:45 - [TEST_STEP][PASSED] - Statement - product = new com.kms.katalon.core.testobject.TestObject(): null

2018-05-15 18:21:45 - [TEST_STEP][PASSED] - Statement - product = com.kms.katalon.core.webui.keyword.WebUiBuiltInKeywords.modifyObjectProperty(product, "xpath", "equals", "//*[@id = "fldvendor" + row + ""]", true): Modify property of object successfully

2018-05-15 18:21:45 - [MESSAGE][PASSED] - Modify property of object successfully

2018-05-15 18:21:45 - [TEST_STEP][PASSED] - selectOptionByIndex: All options with index in [2] are selected on object ''

2018-05-15 18:21:45 - [MESSAGE][PASSED] - All options with index in [2] are selected on object ''

2018-05-15 18:21:45 - [TEST_STEP][PASSED] - Statement - batch = new com.kms.katalon.core.testobject.TestObject(): null

2018-05-15 18:21:45 - [TEST_STEP][PASSED] - Statement - batch = com.kms.katalon.core.webui.keyword.WebUiBuiltInKeywords.modifyObjectProperty(batch, "xpath", "equals", "//*[@id = "txtbthqty" + row + ""]", true): Modify property of object successfully

2018-05-15 18:21:45 - [MESSAGE][PASSED] - Modify property of object successfully

2018-05-15 18:21:45 - [TEST_STEP][PASSED] - Statement - batchqty = com.kms.katalon.core.webui.keyword.WebUiBuiltInKeywords.getAttribute(batch, "value").trim(): Attribute 'value' of object '' is: '5000'

2018-05-15 18:21:45 - [MESSAGE][PASSED] - Attribute 'value' of object '' is: '5000'

2018-05-15 18:21:45 - [TEST_STEP][PASSED] - Statement - Rqty = 10000: null

2018-05-15 18:21:45 - [TEST_STEP][PASSED] - delay: Delayed 2 second(s)

2018-05-15 18:21:47 - [MESSAGE][PASSED] - Delayed 2 second(s)

2018-05-15 18:21:47 - [TEST_STEP][PASSED] - Statement - out.println("BatchQty : " + batchqty): null

2018-05-15 18:21:47 - [TEST_STEP][PASSED] - Statement - out.println("RQty : " + Rqty): null

2018-05-15 18:21:47 - [TEST_STEP][PASSED] - Statement - If (java.lang.Integer.valueOf(batchqty) >= java.lang.Integer.valueOf(Rqty)): null

2018-05-15 18:21:47 - [TEST_STEP][PASSED] - Statement - Else: null

2018-05-15 18:21:47 - [TEST_STEP][PASSED] - Statement - out.println("Batchqty Is Less Than Rqty"): null

2018-05-15 18:21:47 - [TEST_STEP][PASSED] - Statement - product = new com.kms.katalon.core.testobject.TestObject(): null

2018-05-15 18:21:47 - [TEST_STEP][PASSED] - Statement - product = com.kms.katalon.core.webui.keyword.WebUiBuiltInKeywords.modifyObjectProperty(product, "xpath", "equals", "//*[@id = "fldvendor" + row + ""]", true): Modify property of object successfully

2018-05-15 18:21:47 - [MESSAGE][PASSED] - Modify property of object successfully

2018-05-15 18:21:47 - [TEST_STEP][PASSED] - selectOptionByIndex: All options with index in [3] are selected on object ''

2018-05-15 18:21:47 - [MESSAGE][PASSED] - All options with index in [3] are selected on object ''

2018-05-15 18:21:47 - [TEST_STEP][PASSED] - Statement - batch = new com.kms.katalon.core.testobject.TestObject(): null

2018-05-15 18:21:47 - [TEST_STEP][PASSED] - Statement - batch = com.kms.katalon.core.webui.keyword.WebUiBuiltInKeywords.modifyObjectProperty(batch, "xpath", "equals", "//*[@id = "txtbthqty" + row + ""]", true): Modify property of object successfully

2018-05-15 18:21:47 - [MESSAGE][PASSED] - Modify property of object successfully

2018-05-15 18:21:47 - [TEST_STEP][PASSED] - Statement - batchqty = com.kms.katalon.core.webui.keyword.WebUiBuiltInKeywords.getAttribute(batch, "value").trim(): Attribute 'value' of object '' is: '45000'

2018-05-15 18:21:47 - [MESSAGE][PASSED] - Attribute 'value' of object '' is: '45000'

2018-05-15 18:21:47 - [TEST_STEP][PASSED] - Statement - Rqty = 10000: null

2018-05-15 18:21:47 - [TEST_STEP][PASSED] - delay: Delayed 2 second(s)

2018-05-15 18:21:49 - [MESSAGE][PASSED] - Delayed 2 second(s)

2018-05-15 18:21:49 - [TEST_STEP][PASSED] - Statement - out.println("BatchQty : " + batchqty): null

2018-05-15 18:21:49 - [TEST_STEP][PASSED] - Statement - out.println("RQty : " + Rqty): null

2018-05-15 18:21:49 - [TEST_STEP][PASSED] - Statement - If (java.lang.Integer.valueOf(batchqty) >= java.lang.Integer.valueOf(Rqty)): null

2018-05-15 18:21:49 - [TEST_STEP][PASSED] - Statement - Break: null

2018-05-15 18:21:49 - [TEST_STEP][PASSED] - Statement - batchlength = new com.kms.katalon.core.testobject.TestObject(): null

2018-05-15 18:21:49 - [TEST_STEP][PASSED] - Statement - batchlength = com.kms.katalon.core.webui.keyword.WebUiBuiltInKeywords.modifyObjectProperty(batchlength, "xpath", "equals", "//*[@id = "fldvendor" + row + ""]", true): Modify property of object successfully

2018-05-15 18:21:49 - [MESSAGE][PASSED] - Modify property of object successfully

2018-05-15 18:21:49 - [TEST_STEP][PASSED] - Statement - batchsize = com.kms.katalon.core.webui.keyword.WebUiBuiltInKeywords.getNumberOfTotalOption(batchlength): 10 options of object '' counted

2018-05-15 18:21:49 - [MESSAGE][PASSED] - 10 options of object '' counted

2018-05-15 18:21:49 - [TEST_STEP][PASSED] - Statement - out.println("BatchSize : " + batchsize): null

2018-05-15 18:21:49 - [TEST_STEP][PASSED] - Statement - For ([n = 1, n <= batchsize - 1, (n++)]): null

2018-05-15 18:21:49 - [TEST_STEP][PASSED] - Statement - product = new com.kms.katalon.core.testobject.TestObject(): null

2018-05-15 18:21:49 - [TEST_STEP][PASSED] - Statement - product = com.kms.katalon.core.webui.keyword.WebUiBuiltInKeywords.modifyObjectProperty(product, "xpath", "equals", "//*[@id = "fldvendor" + row + ""]", true): Modify property of object successfully

2018-05-15 18:21:49 - [MESSAGE][PASSED] - Modify property of object successfully

2018-05-15 18:21:49 - [TEST_STEP][PASSED] - selectOptionByIndex: All options with index in [1] are selected on object ''

2018-05-15 18:21:50 - [MESSAGE][PASSED] - All options with index in [1] are selected on object ''

2018-05-15 18:21:50 - [TEST_STEP][PASSED] - Statement - batch = new com.kms.katalon.core.testobject.TestObject(): null

2018-05-15 18:21:50 - [TEST_STEP][PASSED] - Statement - batch = com.kms.katalon.core.webui.keyword.WebUiBuiltInKeywords.modifyObjectProperty(batch, "xpath", "equals", "//*[@id = "txtbthqty" + row + ""]", true): Modify property of object successfully

2018-05-15 18:21:50 - [MESSAGE][PASSED] - Modify property of object successfully

2018-05-15 18:21:50 - [TEST_STEP][PASSED] - Statement - batchqty = com.kms.katalon.core.webui.keyword.WebUiBuiltInKeywords.getAttribute(batch, "value").trim(): Attribute 'value' of object '' is: '5000'

2018-05-15 18:21:50 - [MESSAGE][PASSED] - Attribute 'value' of object '' is: '5000'

2018-05-15 18:21:50 - [TEST_STEP][PASSED] - Statement - Rqty = 10000: null

2018-05-15 18:21:50 - [TEST_STEP][PASSED] - delay: Delayed 2 second(s)

2018-05-15 18:21:52 - [MESSAGE][PASSED] - Delayed 2 second(s)

2018-05-15 18:21:52 - [TEST_STEP][PASSED] - Statement - out.println("BatchQty : " + batchqty): null

2018-05-15 18:21:52 - [TEST_STEP][PASSED] - Statement - out.println("RQty : " + Rqty): null

2018-05-15 18:21:52 - [TEST_STEP][PASSED] - Statement - If (java.lang.Integer.valueOf(batchqty) >= java.lang.Integer.valueOf(Rqty)): null

2018-05-15 18:21:52 - [TEST_STEP][PASSED] - Statement - Else: null

2018-05-15 18:21:52 - [TEST_STEP][PASSED] - Statement - out.println("Batchqty Is Less Than Rqty"): null

2018-05-15 18:21:52 - [TEST_STEP][PASSED] - Statement - product = new com.kms.katalon.core.testobject.TestObject(): null

2018-05-15 18:21:52 - [TEST_STEP][PASSED] - Statement - product = com.kms.katalon.core.webui.keyword.WebUiBuiltInKeywords.modifyObjectProperty(product, "xpath", "equals", "//*[@id = "fldvendor" + row + ""]", true): Modify property of object successfully

2018-05-15 18:21:52 - [MESSAGE][PASSED] - Modify property of object successfully

2018-05-15 18:21:52 - [TEST_STEP][PASSED] - selectOptionByIndex: All options with index in [2] are selected on object ''

2018-05-15 18:21:52 - [MESSAGE][PASSED] - All options with index in [2] are selected on object ''

2018-05-15 18:21:52 - [TEST_STEP][PASSED] - Statement - batch = new com.kms.katalon.core.testobject.TestObject(): null

2018-05-15 18:21:52 - [TEST_STEP][PASSED] - Statement - batch = com.kms.katalon.core.webui.keyword.WebUiBuiltInKeywords.modifyObjectProperty(batch, "xpath", "equals", "//*[@id = "txtbthqty" + row + ""]", true): Modify property of object successfully

2018-05-15 18:21:52 - [MESSAGE][PASSED] - Modify property of object successfully

2018-05-15 18:21:52 - [TEST_STEP][PASSED] - Statement - batchqty = com.kms.katalon.core.webui.keyword.WebUiBuiltInKeywords.getAttribute(batch, "value").trim(): Attribute 'value' of object '' is: '4000'

2018-05-15 18:21:52 - [MESSAGE][PASSED] - Attribute 'value' of object '' is: '4000'

2018-05-15 18:21:52 - [TEST_STEP][PASSED] - Statement - Rqty = 10000: null

2018-05-15 18:21:52 - [TEST_STEP][PASSED] - delay: Delayed 2 second(s)

2018-05-15 18:21:54 - [MESSAGE][PASSED] - Delayed 2 second(s)

2018-05-15 18:21:54 - [TEST_STEP][PASSED] - Statement - out.println("BatchQty : " + batchqty): null

2018-05-15 18:21:54 - [TEST_STEP][PASSED] - Statement - out.println("RQty : " + Rqty): null

2018-05-15 18:21:54 - [TEST_STEP][PASSED] - Statement - If (java.lang.Integer.valueOf(batchqty) >= java.lang.Integer.valueOf(Rqty)): null

2018-05-15 18:21:54 - [TEST_STEP][PASSED] - Statement - Else: null

2018-05-15 18:21:54 - [TEST_STEP][PASSED] - Statement - out.println("Batchqty Is Less Than Rqty"): null

2018-05-15 18:21:54 - [TEST_STEP][PASSED] - Statement - product = new com.kms.katalon.core.testobject.TestObject(): null

2018-05-15 18:21:54 - [TEST_STEP][PASSED] - Statement - product = com.kms.katalon.core.webui.keyword.WebUiBuiltInKeywords.modifyObjectProperty(product, "xpath", "equals", "//*[@id = "fldvendor" + row + ""]", true): Modify property of object successfully

2018-05-15 18:21:54 - [MESSAGE][PASSED] - Modify property of object successfully

2018-05-15 18:21:54 - [TEST_STEP][PASSED] - selectOptionByIndex: All options with index in [3] are selected on object ''

2018-05-15 18:21:54 - [MESSAGE][PASSED] - All options with index in [3] are selected on object ''

2018-05-15 18:21:54 - [TEST_STEP][PASSED] - Statement - batch = new com.kms.katalon.core.testobject.TestObject(): null

2018-05-15 18:21:54 - [TEST_STEP][PASSED] - Statement - batch = com.kms.katalon.core.webui.keyword.WebUiBuiltInKeywords.modifyObjectProperty(batch, "xpath", "equals", "//*[@id = "txtbthqty" + row + ""]", true): Modify property of object successfully

2018-05-15 18:21:54 - [MESSAGE][PASSED] - Modify property of object successfully

2018-05-15 18:21:54 - [TEST_STEP][PASSED] - Statement - batchqty = com.kms.katalon.core.webui.keyword.WebUiBuiltInKeywords.getAttribute(batch, "value").trim(): Attribute 'value' of object '' is: '35000'

2018-05-15 18:21:54 - [MESSAGE][PASSED] - Attribute 'value' of object '' is: '35000'

2018-05-15 18:21:54 - [TEST_STEP][PASSED] - Statement - Rqty = 10000: null

2018-05-15 18:21:54 - [TEST_STEP][PASSED] - delay: Delayed 2 second(s)

2018-05-15 18:21:56 - [MESSAGE][PASSED] - Delayed 2 second(s)

2018-05-15 18:21:56 - [TEST_STEP][PASSED] - Statement - out.println("BatchQty : " + batchqty): null

2018-05-15 18:21:56 - [TEST_STEP][PASSED] - Statement - out.println("RQty : " + Rqty): null

2018-05-15 18:21:56 - [TEST_STEP][PASSED] - Statement - If (java.lang.Integer.valueOf(batchqty) >= java.lang.Integer.valueOf(Rqty)): null

2018-05-15 18:21:56 - [TEST_STEP][PASSED] - Statement - Break: null

2018-05-15 18:21:56 - [TEST_STEP][PASSED] - Statement - batchlength = new com.kms.katalon.core.testobject.TestObject(): null

2018-05-15 18:21:56 - [TEST_STEP][PASSED] - Statement - batchlength = com.kms.katalon.core.webui.keyword.WebUiBuiltInKeywords.modifyObjectProperty(batchlength, "xpath", "equals", "//*[@id = "fldvendor" + row + ""]", true): Modify property of object successfully

2018-05-15 18:21:56 - [MESSAGE][PASSED] - Modify property of object successfully

2018-05-15 18:21:56 - [TEST_STEP][PASSED] - Statement - batchsize = com.kms.katalon.core.webui.keyword.WebUiBuiltInKeywords.getNumberOfTotalOption(batchlength): 10 options of object '' counted

2018-05-15 18:21:56 - [MESSAGE][PASSED] - 10 options of object '' counted

2018-05-15 18:21:56 - [TEST_STEP][PASSED] - Statement - out.println("BatchSize : " + batchsize): null

2018-05-15 18:21:56 - [TEST_STEP][PASSED] - Statement - For ([n = 1, n <= batchsize - 1, (n++)]): null

2018-05-15 18:21:56 - [TEST_STEP][PASSED] - Statement - product = new com.kms.katalon.core.testobject.TestObject(): null

2018-05-15 18:21:56 - [TEST_STEP][PASSED] - Statement - product = com.kms.katalon.core.webui.keyword.WebUiBuiltInKeywords.modifyObjectProperty(product, "xpath", "equals", "//*[@id = "fldvendor" + row + ""]", true): Modify property of object successfully

2018-05-15 18:21:56 - [MESSAGE][PASSED] - Modify property of object successfully

2018-05-15 18:21:56 - [TEST_STEP][PASSED] - selectOptionByIndex: All options with index in [1] are selected on object ''

2018-05-15 18:21:56 - [MESSAGE][PASSED] - All options with index in [1] are selected on object ''

2018-05-15 18:21:56 - [TEST_STEP][PASSED] - Statement - batch = new com.kms.katalon.core.testobject.TestObject(): null

2018-05-15 18:21:56 - [TEST_STEP][PASSED] - Statement - batch = com.kms.katalon.core.webui.keyword.WebUiBuiltInKeywords.modifyObjectProperty(batch, "xpath", "equals", "//*[@id = "txtbthqty" + row + ""]", true): Modify property of object successfully

2018-05-15 18:21:56 - [MESSAGE][PASSED] - Modify property of object successfully

2018-05-15 18:21:56 - [TEST_STEP][PASSED] - Statement - batchqty = com.kms.katalon.core.webui.keyword.WebUiBuiltInKeywords.getAttribute(batch, "value").trim(): Attribute 'value' of object '' is: '3000'

2018-05-15 18:21:56 - [MESSAGE][PASSED] - Attribute 'value' of object '' is: '3000'

2018-05-15 18:21:56 - [TEST_STEP][PASSED] - Statement - Rqty = 10000: null

2018-05-15 18:21:56 - [TEST_STEP][PASSED] - delay: Delayed 2 second(s)

2018-05-15 18:21:58 - [MESSAGE][PASSED] - Delayed 2 second(s)

2018-05-15 18:21:58 - [TEST_STEP][PASSED] - Statement - out.println("BatchQty : " + batchqty): null

2018-05-15 18:21:58 - [TEST_STEP][PASSED] - Statement - out.println("RQty : " + Rqty): null

2018-05-15 18:21:58 - [TEST_STEP][PASSED] - Statement - If (java.lang.Integer.valueOf(batchqty) >= java.lang.Integer.valueOf(Rqty)): null

2018-05-15 18:21:58 - [TEST_STEP][PASSED] - Statement - Else: null

2018-05-15 18:21:58 - [TEST_STEP][PASSED] - Statement - out.println("Batchqty Is Less Than Rqty"): null

2018-05-15 18:21:58 - [TEST_STEP][PASSED] - Statement - product = new com.kms.katalon.core.testobject.TestObject(): null

2018-05-15 18:21:58 - [TEST_STEP][PASSED] - Statement - product = com.kms.katalon.core.webui.keyword.WebUiBuiltInKeywords.modifyObjectProperty(product, "xpath", "equals", "//*[@id = "fldvendor" + row + ""]", true): Modify property of object successfully

2018-05-15 18:21:58 - [MESSAGE][PASSED] - Modify property of object successfully

2018-05-15 18:21:58 - [TEST_STEP][PASSED] - selectOptionByIndex: All options with index in [2] are selected on object ''

2018-05-15 18:21:58 - [MESSAGE][PASSED] - All options with index in [2] are selected on object ''

2018-05-15 18:21:58 - [TEST_STEP][PASSED] - Statement - batch = new com.kms.katalon.core.testobject.TestObject(): null

2018-05-15 18:21:58 - [TEST_STEP][PASSED] - Statement - batch = com.kms.katalon.core.webui.keyword.WebUiBuiltInKeywords.modifyObjectProperty(batch, "xpath", "equals", "//*[@id = "txtbthqty" + row + ""]", true): Modify property of object successfully

2018-05-15 18:21:58 - [MESSAGE][PASSED] - Modify property of object successfully

2018-05-15 18:21:58 - [TEST_STEP][PASSED] - Statement - batchqty = com.kms.katalon.core.webui.keyword.WebUiBuiltInKeywords.getAttribute(batch, "value").trim(): Attribute 'value' of object '' is: '5000'

2018-05-15 18:21:58 - [MESSAGE][PASSED] - Attribute 'value' of object '' is: '5000'

2018-05-15 18:21:58 - [TEST_STEP][PASSED] - Statement - Rqty = 10000: null

2018-05-15 18:21:58 - [TEST_STEP][PASSED] - delay: Delayed 2 second(s)

2018-05-15 18:22:00 - [MESSAGE][PASSED] - Delayed 2 second(s)

2018-05-15 18:22:00 - [TEST_STEP][PASSED] - Statement - out.println("BatchQty : " + batchqty): null

2018-05-15 18:22:00 - [TEST_STEP][PASSED] - Statement - out.println("RQty : " + Rqty): null

2018-05-15 18:22:00 - [TEST_STEP][PASSED] - Statement - If (java.lang.Integer.valueOf(batchqty) >= java.lang.Integer.valueOf(Rqty)): null

2018-05-15 18:22:00 - [TEST_STEP][PASSED] - Statement - Else: null

2018-05-15 18:22:00 - [TEST_STEP][PASSED] - Statement - out.println("Batchqty Is Less Than Rqty"): null

2018-05-15 18:22:00 - [TEST_STEP][PASSED] - Statement - product = new com.kms.katalon.core.testobject.TestObject(): null

2018-05-15 18:22:00 - [TEST_STEP][PASSED] - Statement - product = com.kms.katalon.core.webui.keyword.WebUiBuiltInKeywords.modifyObjectProperty(product, "xpath", "equals", "//*[@id = "fldvendor" + row + ""]", true): Modify property of object successfully

2018-05-15 18:22:00 - [MESSAGE][PASSED] - Modify property of object successfully

2018-05-15 18:22:00 - [TEST_STEP][PASSED] - selectOptionByIndex: All options with index in [3] are selected on object ''

2018-05-15 18:22:01 - [MESSAGE][PASSED] - All options with index in [3] are selected on object ''

2018-05-15 18:22:01 - [TEST_STEP][PASSED] - Statement - batch = new com.kms.katalon.core.testobject.TestObject(): null

2018-05-15 18:22:01 - [TEST_STEP][PASSED] - Statement - batch = com.kms.katalon.core.webui.keyword.WebUiBuiltInKeywords.modifyObjectProperty(batch, "xpath", "equals", "//*[@id = "txtbthqty" + row + ""]", true): Modify property of object successfully

2018-05-15 18:22:01 - [MESSAGE][PASSED] - Modify property of object successfully

2018-05-15 18:22:01 - [TEST_STEP][PASSED] - Statement - batchqty = com.kms.katalon.core.webui.keyword.WebUiBuiltInKeywords.getAttribute(batch, "value").trim(): Attribute 'value' of object '' is: '5000'

2018-05-15 18:22:01 - [MESSAGE][PASSED] - Attribute 'value' of object '' is: '5000'

2018-05-15 18:22:01 - [TEST_STEP][PASSED] - Statement - Rqty = 10000: null

2018-05-15 18:22:01 - [TEST_STEP][PASSED] - delay: Delayed 2 second(s)

2018-05-15 18:22:03 - [MESSAGE][PASSED] - Delayed 2 second(s)

2018-05-15 18:22:03 - [TEST_STEP][PASSED] - Statement - out.println("BatchQty : " + batchqty): null

2018-05-15 18:22:03 - [TEST_STEP][PASSED] - Statement - out.println("RQty : " + Rqty): null

2018-05-15 18:22:03 - [TEST_STEP][PASSED] - Statement - If (java.lang.Integer.valueOf(batchqty) >= java.lang.Integer.valueOf(Rqty)): null

2018-05-15 18:22:03 - [TEST_STEP][PASSED] - Statement - Else: null

2018-05-15 18:22:03 - [TEST_STEP][PASSED] - Statement - out.println("Batchqty Is Less Than Rqty"): null

2018-05-15 18:22:03 - [TEST_STEP][PASSED] - Statement - product = new com.kms.katalon.core.testobject.TestObject(): null

2018-05-15 18:22:03 - [TEST_STEP][PASSED] - Statement - product = com.kms.katalon.core.webui.keyword.WebUiBuiltInKeywords.modifyObjectProperty(product, "xpath", "equals", "//*[@id = "fldvendor" + row + ""]", true): Modify property of object successfully

2018-05-15 18:22:03 - [MESSAGE][PASSED] - Modify property of object successfully

2018-05-15 18:22:03 - [TEST_STEP][PASSED] - selectOptionByIndex: All options with index in [4] are selected on object ''

2018-05-15 18:22:03 - [MESSAGE][PASSED] - All options with index in [4] are selected on object ''

2018-05-15 18:22:03 - [TEST_STEP][PASSED] - Statement - batch = new com.kms.katalon.core.testobject.TestObject(): null

2018-05-15 18:22:03 - [TEST_STEP][PASSED] - Statement - batch = com.kms.katalon.core.webui.keyword.WebUiBuiltInKeywords.modifyObjectProperty(batch, "xpath", "equals", "//*[@id = "txtbthqty" + row + ""]", true): Modify property of object successfully

2018-05-15 18:22:03 - [MESSAGE][PASSED] - Modify property of object successfully

2018-05-15 18:22:03 - [TEST_STEP][PASSED] - Statement - batchqty = com.kms.katalon.core.webui.keyword.WebUiBuiltInKeywords.getAttribute(batch, "value").trim(): Attribute 'value' of object '' is: '5000'

2018-05-15 18:22:03 - [MESSAGE][PASSED] - Attribute 'value' of object '' is: '5000'

2018-05-15 18:22:03 - [TEST_STEP][PASSED] - Statement - Rqty = 10000: null

2018-05-15 18:22:03 - [TEST_STEP][PASSED] - delay: Delayed 2 second(s)

2018-05-15 18:22:05 - [MESSAGE][PASSED] - Delayed 2 second(s)

2018-05-15 18:22:05 - [TEST_STEP][PASSED] - Statement - out.println("BatchQty : " + batchqty): null

2018-05-15 18:22:05 - [TEST_STEP][PASSED] - Statement - out.println("RQty : " + Rqty): null

2018-05-15 18:22:05 - [TEST_STEP][PASSED] - Statement - If (java.lang.Integer.valueOf(batchqty) >= java.lang.Integer.valueOf(Rqty)): null

2018-05-15 18:22:05 - [TEST_STEP][PASSED] - Statement - Else: null

2018-05-15 18:22:05 - [TEST_STEP][PASSED] - Statement - out.println("Batchqty Is Less Than Rqty"): null

2018-05-15 18:22:05 - [TEST_STEP][PASSED] - Statement - product = new com.kms.katalon.core.testobject.TestObject(): null

2018-05-15 18:22:05 - [TEST_STEP][PASSED] - Statement - product = com.kms.katalon.core.webui.keyword.WebUiBuiltInKeywords.modifyObjectProperty(product, "xpath", "equals", "//*[@id = "fldvendor" + row + ""]", true): Modify property of object successfully

2018-05-15 18:22:05 - [MESSAGE][PASSED] - Modify property of object successfully

2018-05-15 18:22:05 - [TEST_STEP][PASSED] - selectOptionByIndex: All options with index in [5] are selected on object ''

2018-05-15 18:22:05 - [MESSAGE][PASSED] - All options with index in [5] are selected on object ''

2018-05-15 18:22:05 - [TEST_STEP][PASSED] - Statement - batch = new com.kms.katalon.core.testobject.TestObject(): null

2018-05-15 18:22:05 - [TEST_STEP][PASSED] - Statement - batch = com.kms.katalon.core.webui.keyword.WebUiBuiltInKeywords.modifyObjectProperty(batch, "xpath", "equals", "//*[@id = "txtbthqty" + row + ""]", true): Modify property of object successfully

2018-05-15 18:22:05 - [MESSAGE][PASSED] - Modify property of object successfully

2018-05-15 18:22:05 - [TEST_STEP][PASSED] - Statement - batchqty = com.kms.katalon.core.webui.keyword.WebUiBuiltInKeywords.getAttribute(batch, "value").trim(): Attribute 'value' of object '' is: '5000'

2018-05-15 18:22:05 - [MESSAGE][PASSED] - Attribute 'value' of object '' is: '5000'

2018-05-15 18:22:05 - [TEST_STEP][PASSED] - Statement - Rqty = 10000: null

2018-05-15 18:22:05 - [TEST_STEP][PASSED] - delay: Delayed 2 second(s)

2018-05-15 18:22:07 - [MESSAGE][PASSED] - Delayed 2 second(s)

2018-05-15 18:22:07 - [TEST_STEP][PASSED] - Statement - out.println("BatchQty : " + batchqty): null

2018-05-15 18:22:07 - [TEST_STEP][PASSED] - Statement - out.println("RQty : " + Rqty): null

2018-05-15 18:22:07 - [TEST_STEP][PASSED] - Statement - If (java.lang.Integer.valueOf(batchqty) >= java.lang.Integer.valueOf(Rqty)): null

2018-05-15 18:22:07 - [TEST_STEP][PASSED] - Statement - Else: null

2018-05-15 18:22:07 - [TEST_STEP][PASSED] - Statement - out.println("Batchqty Is Less Than Rqty"): null

2018-05-15 18:22:07 - [TEST_STEP][PASSED] - Statement - product = new com.kms.katalon.core.testobject.TestObject(): null

2018-05-15 18:22:07 - [TEST_STEP][PASSED] - Statement - product = com.kms.katalon.core.webui.keyword.WebUiBuiltInKeywords.modifyObjectProperty(product, "xpath", "equals", "//*[@id = "fldvendor" + row + ""]", true): Modify property of object successfully

2018-05-15 18:22:07 - [MESSAGE][PASSED] - Modify property of object successfully

2018-05-15 18:22:07 - [TEST_STEP][PASSED] - selectOptionByIndex: All options with index in [6] are selected on object ''

2018-05-15 18:22:07 - [MESSAGE][PASSED] - All options with index in [6] are selected on object ''

2018-05-15 18:22:07 - [TEST_STEP][PASSED] - Statement - batch = new com.kms.katalon.core.testobject.TestObject(): null

2018-05-15 18:22:07 - [TEST_STEP][PASSED] - Statement - batch = com.kms.katalon.core.webui.keyword.WebUiBuiltInKeywords.modifyObjectProperty(batch, "xpath", "equals", "//*[@id = "txtbthqty" + row + ""]", true): Modify property of object successfully

2018-05-15 18:22:07 - [MESSAGE][PASSED] - Modify property of object successfully

2018-05-15 18:22:07 - [TEST_STEP][PASSED] - Statement - batchqty = com.kms.katalon.core.webui.keyword.WebUiBuiltInKeywords.getAttribute(batch, "value").trim(): Attribute 'value' of object '' is: '500'

2018-05-15 18:22:07 - [MESSAGE][PASSED] - Attribute 'value' of object '' is: '500'

2018-05-15 18:22:07 - [TEST_STEP][PASSED] - Statement - Rqty = 10000: null

2018-05-15 18:22:07 - [TEST_STEP][PASSED] - delay: Delayed 2 second(s)

2018-05-15 18:22:09 - [MESSAGE][PASSED] - Delayed 2 second(s)

2018-05-15 18:22:09 - [TEST_STEP][PASSED] - Statement - out.println("BatchQty : " + batchqty): null

2018-05-15 18:22:09 - [TEST_STEP][PASSED] - Statement - out.println("RQty : " + Rqty): null

2018-05-15 18:22:09 - [TEST_STEP][PASSED] - Statement - If (java.lang.Integer.valueOf(batchqty) >= java.lang.Integer.valueOf(Rqty)): null

2018-05-15 18:22:09 - [TEST_STEP][PASSED] - Statement - Else: null

2018-05-15 18:22:09 - [TEST_STEP][PASSED] - Statement - out.println("Batchqty Is Less Than Rqty"): null

2018-05-15 18:22:09 - [TEST_STEP][PASSED] - Statement - product = new com.kms.katalon.core.testobject.TestObject(): null

2018-05-15 18:22:09 - [TEST_STEP][PASSED] - Statement - product = com.kms.katalon.core.webui.keyword.WebUiBuiltInKeywords.modifyObjectProperty(product, "xpath", "equals", "//*[@id = "fldvendor" + row + ""]", true): Modify property of object successfully

2018-05-15 18:22:09 - [MESSAGE][PASSED] - Modify property of object successfully

2018-05-15 18:22:09 - [TEST_STEP][PASSED] - selectOptionByIndex: All options with index in [7] are selected on object ''

2018-05-15 18:22:10 - [MESSAGE][PASSED] - All options with index in [7] are selected on object ''

2018-05-15 18:22:10 - [TEST_STEP][PASSED] - Statement - batch = new com.kms.katalon.core.testobject.TestObject(): null

2018-05-15 18:22:10 - [TEST_STEP][PASSED] - Statement - batch = com.kms.katalon.core.webui.keyword.WebUiBuiltInKeywords.modifyObjectProperty(batch, "xpath", "equals", "//*[@id = "txtbthqty" + row + ""]", true): Modify property of object successfully

2018-05-15 18:22:10 - [MESSAGE][PASSED] - Modify property of object successfully

2018-05-15 18:22:10 - [TEST_STEP][PASSED] - Statement - batchqty = com.kms.katalon.core.webui.keyword.WebUiBuiltInKeywords.getAttribute(batch, "value").trim(): Attribute 'value' of object '' is: '50000'

2018-05-15 18:22:10 - [MESSAGE][PASSED] - Attribute 'value' of object '' is: '50000'

2018-05-15 18:22:10 - [TEST_STEP][PASSED] - Statement - Rqty = 10000: null

2018-05-15 18:22:10 - [TEST_STEP][PASSED] - delay: Delayed 2 second(s)

2018-05-15 18:22:12 - [MESSAGE][PASSED] - Delayed 2 second(s)

2018-05-15 18:22:12 - [TEST_STEP][PASSED] - Statement - out.println("BatchQty : " + batchqty): null

2018-05-15 18:22:12 - [TEST_STEP][PASSED] - Statement - out.println("RQty : " + Rqty): null

2018-05-15 18:22:12 - [TEST_STEP][PASSED] - Statement - If (java.lang.Integer.valueOf(batchqty) >= java.lang.Integer.valueOf(Rqty)): null

2018-05-15 18:22:12 - [TEST_STEP][PASSED] - Statement - Break: null

2018-05-15 18:22:12 - [TEST_STEP][PASSED] - Statement - batchlength = new com.kms.katalon.core.testobject.TestObject(): null

2018-05-15 18:22:12 - [TEST_STEP][PASSED] - Statement - batchlength = com.kms.katalon.core.webui.keyword.WebUiBuiltInKeywords.modifyObjectProperty(batchlength, "xpath", "equals", "//*[@id = "fldvendor" + row + ""]", true): Modify property of object successfully

2018-05-15 18:22:12 - [MESSAGE][PASSED] - Modify property of object successfully

2018-05-15 18:22:12 - [TEST_STEP][PASSED] - Statement - batchsize = com.kms.katalon.core.webui.keyword.WebUiBuiltInKeywords.getNumberOfTotalOption(batchlength): 10 options of object '' counted

2018-05-15 18:22:12 - [MESSAGE][PASSED] - 10 options of object '' counted

2018-05-15 18:22:12 - [TEST_STEP][PASSED] - Statement - out.println("BatchSize : " + batchsize): null

2018-05-15 18:22:12 - [TEST_STEP][PASSED] - Statement - For ([n = 1, n <= batchsize - 1, (n++)]): null

2018-05-15 18:22:12 - [TEST_STEP][PASSED] - Statement - product = new com.kms.katalon.core.testobject.TestObject(): null

2018-05-15 18:22:12 - [TEST_STEP][PASSED] - Statement - product = com.kms.katalon.core.webui.keyword.WebUiBuiltInKeywords.modifyObjectProperty(product, "xpath", "equals", "//*[@id = "fldvendor" + row + ""]", true): Modify property of object successfully

2018-05-15 18:22:12 - [MESSAGE][PASSED] - Modify property of object successfully

2018-05-15 18:22:12 - [TEST_STEP][PASSED] - selectOptionByIndex: All options with index in [1] are selected on object ''

2018-05-15 18:22:12 - [MESSAGE][PASSED] - All options with index in [1] are selected on object ''

2018-05-15 18:22:12 - [TEST_STEP][PASSED] - Statement - batch = new com.kms.katalon.core.testobject.TestObject(): null

2018-05-15 18:22:12 - [TEST_STEP][PASSED] - Statement - batch = com.kms.katalon.core.webui.keyword.WebUiBuiltInKeywords.modifyObjectProperty(batch, "xpath", "equals", "//*[@id = "txtbthqty" + row + ""]", true): Modify property of object successfully

2018-05-15 18:22:12 - [MESSAGE][PASSED] - Modify property of object successfully

2018-05-15 18:22:12 - [TEST_STEP][PASSED] - Statement - batchqty = com.kms.katalon.core.webui.keyword.WebUiBuiltInKeywords.getAttribute(batch, "value").trim(): Attribute 'value' of object '' is: '5000'

2018-05-15 18:22:12 - [MESSAGE][PASSED] - Attribute 'value' of object '' is: '5000'

2018-05-15 18:22:12 - [TEST_STEP][PASSED] - Statement - Rqty = 10000: null

2018-05-15 18:22:12 - [TEST_STEP][PASSED] - delay: Delayed 2 second(s)

2018-05-15 18:22:14 - [MESSAGE][PASSED] - Delayed 2 second(s)

2018-05-15 18:22:14 - [TEST_STEP][PASSED] - Statement - out.println("BatchQty : " + batchqty): null

2018-05-15 18:22:14 - [TEST_STEP][PASSED] - Statement - out.println("RQty : " + Rqty): null

2018-05-15 18:22:14 - [TEST_STEP][PASSED] - Statement - If (java.lang.Integer.valueOf(batchqty) >= java.lang.Integer.valueOf(Rqty)): null

2018-05-15 18:22:14 - [TEST_STEP][PASSED] - Statement - Else: null

2018-05-15 18:22:14 - [TEST_STEP][PASSED] - Statement - out.println("Batchqty Is Less Than Rqty"): null

2018-05-15 18:22:14 - [TEST_STEP][PASSED] - Statement - product = new com.kms.katalon.core.testobject.TestObject(): null

2018-05-15 18:22:14 - [TEST_STEP][PASSED] - Statement - product = com.kms.katalon.core.webui.keyword.WebUiBuiltInKeywords.modifyObjectProperty(product, "xpath", "equals", "//*[@id = "fldvendor" + row + ""]", true): Modify property of object successfully

2018-05-15 18:22:14 - [MESSAGE][PASSED] - Modify property of object successfully

2018-05-15 18:22:14 - [TEST_STEP][PASSED] - selectOptionByIndex: All options with index in [2] are selected on object ''

2018-05-15 18:22:14 - [MESSAGE][PASSED] - All options with index in [2] are selected on object ''

2018-05-15 18:22:14 - [TEST_STEP][PASSED] - Statement - batch = new com.kms.katalon.core.testobject.TestObject(): null

2018-05-15 18:22:14 - [TEST_STEP][PASSED] - Statement - batch = com.kms.katalon.core.webui.keyword.WebUiBuiltInKeywords.modifyObjectProperty(batch, "xpath", "equals", "//*[@id = "txtbthqty" + row + ""]", true): Modify property of object successfully

2018-05-15 18:22:14 - [MESSAGE][PASSED] - Modify property of object successfully

2018-05-15 18:22:14 - [TEST_STEP][PASSED] - Statement - batchqty = com.kms.katalon.core.webui.keyword.WebUiBuiltInKeywords.getAttribute(batch, "value").trim(): Attribute 'value' of object '' is: '34000'

2018-05-15 18:22:14 - [MESSAGE][PASSED] - Attribute 'value' of object '' is: '34000'

2018-05-15 18:22:14 - [TEST_STEP][PASSED] - Statement - Rqty = 10000: null

2018-05-15 18:22:14 - [TEST_STEP][PASSED] - delay: Delayed 2 second(s)

2018-05-15 18:22:16 - [MESSAGE][PASSED] - Delayed 2 second(s)

2018-05-15 18:22:16 - [TEST_STEP][PASSED] - Statement - out.println("BatchQty : " + batchqty): null

2018-05-15 18:22:16 - [TEST_STEP][PASSED] - Statement - out.println("RQty : " + Rqty): null

2018-05-15 18:22:16 - [TEST_STEP][PASSED] - Statement - If (java.lang.Integer.valueOf(batchqty) >= java.lang.Integer.valueOf(Rqty)): null

2018-05-15 18:22:16 - [TEST_STEP][PASSED] - Statement - Break: null

2018-05-15 18:22:16 - [TEST_STEP][PASSED] - Statement - batchlength = new com.kms.katalon.core.testobject.TestObject(): null

2018-05-15 18:22:16 - [TEST_STEP][PASSED] - Statement - batchlength = com.kms.katalon.core.webui.keyword.WebUiBuiltInKeywords.modifyObjectProperty(batchlength, "xpath", "equals", "//*[@id = "fldvendor" + row + ""]", true): Modify property of object successfully

2018-05-15 18:22:16 - [MESSAGE][PASSED] - Modify property of object successfully

2018-05-15 18:22:16 - [TEST_STEP][PASSED] - Statement - batchsize = com.kms.katalon.core.webui.keyword.WebUiBuiltInKeywords.getNumberOfTotalOption(batchlength): 10 options of object '' counted

2018-05-15 18:22:16 - [MESSAGE][PASSED] - 10 options of object '' counted

2018-05-15 18:22:16 - [TEST_STEP][PASSED] - Statement - out.println("BatchSize : " + batchsize): null

2018-05-15 18:22:16 - [TEST_STEP][PASSED] - Statement - For ([n = 1, n <= batchsize - 1, (n++)]): null

2018-05-15 18:22:16 - [TEST_STEP][PASSED] - Statement - product = new com.kms.katalon.core.testobject.TestObject(): null

2018-05-15 18:22:16 - [TEST_STEP][PASSED] - Statement - product = com.kms.katalon.core.webui.keyword.WebUiBuiltInKeywords.modifyObjectProperty(product, "xpath", "equals", "//*[@id = "fldvendor" + row + ""]", true): Modify property of object successfully

2018-05-15 18:22:16 - [MESSAGE][PASSED] - Modify property of object successfully

2018-05-15 18:22:16 - [TEST_STEP][PASSED] - selectOptionByIndex: All options with index in [1] are selected on object ''

2018-05-15 18:22:16 - [MESSAGE][PASSED] - All options with index in [1] are selected on object ''

2018-05-15 18:22:16 - [TEST_STEP][PASSED] - Statement - batch = new com.kms.katalon.core.testobject.TestObject(): null

2018-05-15 18:22:16 - [TEST_STEP][PASSED] - Statement - batch = com.kms.katalon.core.webui.keyword.WebUiBuiltInKeywords.modifyObjectProperty(batch, "xpath", "equals", "//*[@id = "txtbthqty" + row + ""]", true): Modify property of object successfully

2018-05-15 18:22:16 - [MESSAGE][PASSED] - Modify property of object successfully

2018-05-15 18:22:16 - [TEST_STEP][PASSED] - Statement - batchqty = com.kms.katalon.core.webui.keyword.WebUiBuiltInKeywords.getAttribute(batch, "value").trim(): Attribute 'value' of object '' is: '34000'

2018-05-15 18:22:16 - [MESSAGE][PASSED] - Attribute 'value' of object '' is: '34000'

2018-05-15 18:22:16 - [TEST_STEP][PASSED] - Statement - Rqty = 10000: null

2018-05-15 18:22:16 - [TEST_STEP][PASSED] - delay: Delayed 2 second(s)

2018-05-15 18:22:18 - [MESSAGE][PASSED] - Delayed 2 second(s)

2018-05-15 18:22:18 - [TEST_STEP][PASSED] - Statement - out.println("BatchQty : " + batchqty): null

2018-05-15 18:22:18 - [TEST_STEP][PASSED] - Statement - out.println("RQty : " + Rqty): null

2018-05-15 18:22:18 - [TEST_STEP][PASSED] - Statement - If (java.lang.Integer.valueOf(batchqty) >= java.lang.Integer.valueOf(Rqty)): null

2018-05-15 18:22:18 - [TEST_STEP][PASSED] - Statement - Break: null

2018-05-15 18:22:18 - [TEST_STEP][PASSED] - Statement - batchlength = new com.kms.katalon.core.testobject.TestObject(): null

2018-05-15 18:22:18 - [TEST_STEP][PASSED] - Statement - batchlength = com.kms.katalon.core.webui.keyword.WebUiBuiltInKeywords.modifyObjectProperty(batchlength, "xpath", "equals", "//*[@id = "fldvendor" + row + ""]", true): Modify property of object successfully

2018-05-15 18:22:18 - [MESSAGE][PASSED] - Modify property of object successfully

2018-05-15 18:22:18 - [TEST_STEP][PASSED] - Statement - batchsize = com.kms.katalon.core.webui.keyword.WebUiBuiltInKeywords.getNumberOfTotalOption(batchlength): 10 options of object '' counted

2018-05-15 18:22:18 - [MESSAGE][PASSED] - 10 options of object '' counted

2018-05-15 18:22:18 - [TEST_STEP][PASSED] - Statement - out.println("BatchSize : " + batchsize): null

2018-05-15 18:22:18 - [TEST_STEP][PASSED] - Statement - For ([n = 1, n <= batchsize - 1, (n++)]): null

2018-05-15 18:22:18 - [TEST_STEP][PASSED] - Statement - product = new com.kms.katalon.core.testobject.TestObject(): null

2018-05-15 18:22:18 - [TEST_STEP][PASSED] - Statement - product = com.kms.katalon.core.webui.keyword.WebUiBuiltInKeywords.modifyObjectProperty(product, "xpath", "equals", "//*[@id = "fldvendor" + row + ""]", true): Modify property of object successfully

2018-05-15 18:22:18 - [MESSAGE][PASSED] - Modify property of object successfully

2018-05-15 18:22:18 - [TEST_STEP][PASSED] - selectOptionByIndex: All options with index in [1] are selected on object ''

2018-05-15 18:22:19 - [MESSAGE][PASSED] - All options with index in [1] are selected on object ''

2018-05-15 18:22:19 - [TEST_STEP][PASSED] - Statement - batch = new com.kms.katalon.core.testobject.TestObject(): null

2018-05-15 18:22:19 - [TEST_STEP][PASSED] - Statement - batch = com.kms.katalon.core.webui.keyword.WebUiBuiltInKeywords.modifyObjectProperty(batch, "xpath", "equals", "//*[@id = "txtbthqty" + row + ""]", true): Modify property of object successfully

2018-05-15 18:22:19 - [MESSAGE][PASSED] - Modify property of object successfully

2018-05-15 18:22:19 - [TEST_STEP][PASSED] - Statement - batchqty = com.kms.katalon.core.webui.keyword.WebUiBuiltInKeywords.getAttribute(batch, "value").trim(): Attribute 'value' of object '' is: '38000'

2018-05-15 18:22:19 - [MESSAGE][PASSED] - Attribute 'value' of object '' is: '38000'

2018-05-15 18:22:19 - [TEST_STEP][PASSED] - Statement - Rqty = 10000: null

2018-05-15 18:22:19 - [TEST_STEP][PASSED] - delay: Delayed 2 second(s)

2018-05-15 18:22:21 - [MESSAGE][PASSED] - Delayed 2 second(s)

2018-05-15 18:22:21 - [TEST_STEP][PASSED] - Statement - out.println("BatchQty : " + batchqty): null

2018-05-15 18:22:21 - [TEST_STEP][PASSED] - Statement - out.println("RQty : " + Rqty): null

2018-05-15 18:22:21 - [TEST_STEP][PASSED] - Statement - If (java.lang.Integer.valueOf(batchqty) >= java.lang.Integer.valueOf(Rqty)): null

2018-05-15 18:22:21 - [TEST_STEP][PASSED] - Statement - Break: null

2018-05-15 18:22:21 - [TEST_STEP][PASSED] - Statement - batchlength = new com.kms.katalon.core.testobject.TestObject(): null

2018-05-15 18:22:21 - [TEST_STEP][PASSED] - Statement - batchlength = com.kms.katalon.core.webui.keyword.WebUiBuiltInKeywords.modifyObjectProperty(batchlength, "xpath", "equals", "//*[@id = "fldvendor" + row + ""]", true): Modify property of object successfully

2018-05-15 18:22:21 - [MESSAGE][PASSED] - Modify property of object successfully

2018-05-15 18:22:21 - [TEST_STEP][PASSED] - Statement - batchsize = com.kms.katalon.core.webui.keyword.WebUiBuiltInKeywords.getNumberOfTotalOption(batchlength): 10 options of object '' counted

2018-05-15 18:22:21 - [MESSAGE][PASSED] - 10 options of object '' counted

2018-05-15 18:22:21 - [TEST_STEP][PASSED] - Statement - out.println("BatchSize : " + batchsize): null

2018-05-15 18:22:21 - [TEST_STEP][PASSED] - Statement - For ([n = 1, n <= batchsize - 1, (n++)]): null

2018-05-15 18:22:21 - [TEST_STEP][PASSED] - Statement - product = new com.kms.katalon.core.testobject.TestObject(): null

2018-05-15 18:22:21 - [TEST_STEP][PASSED] - Statement - product = com.kms.katalon.core.webui.keyword.WebUiBuiltInKeywords.modifyObjectProperty(product, "xpath", "equals", "//*[@id = "fldvendor" + row + ""]", true): Modify property of object successfully

2018-05-15 18:22:21 - [MESSAGE][PASSED] - Modify property of object successfully

2018-05-15 18:22:21 - [TEST_STEP][PASSED] - selectOptionByIndex: All options with index in [1] are selected on object ''

2018-05-15 18:22:21 - [MESSAGE][PASSED] - All options with index in [1] are selected on object ''

2018-05-15 18:22:21 - [TEST_STEP][PASSED] - Statement - batch = new com.kms.katalon.core.testobject.TestObject(): null

2018-05-15 18:22:21 - [TEST_STEP][PASSED] - Statement - batch = com.kms.katalon.core.webui.keyword.WebUiBuiltInKeywords.modifyObjectProperty(batch, "xpath", "equals", "//*[@id = "txtbthqty" + row + ""]", true): Modify property of object successfully

2018-05-15 18:22:21 - [MESSAGE][PASSED] - Modify property of object successfully

2018-05-15 18:22:21 - [TEST_STEP][PASSED] - Statement - batchqty = com.kms.katalon.core.webui.keyword.WebUiBuiltInKeywords.getAttribute(batch, "value").trim(): Attribute 'value' of object '' is: '5000'

2018-05-15 18:22:21 - [MESSAGE][PASSED] - Attribute 'value' of object '' is: '5000'

2018-05-15 18:22:21 - [TEST_STEP][PASSED] - Statement - Rqty = 10000: null

2018-05-15 18:22:21 - [TEST_STEP][PASSED] - delay: Delayed 2 second(s)

2018-05-15 18:22:23 - [MESSAGE][PASSED] - Delayed 2 second(s)

2018-05-15 18:22:23 - [TEST_STEP][PASSED] - Statement - out.println("BatchQty : " + batchqty): null

2018-05-15 18:22:23 - [TEST_STEP][PASSED] - Statement - out.println("RQty : " + Rqty): null

2018-05-15 18:22:23 - [TEST_STEP][PASSED] - Statement - If (java.lang.Integer.valueOf(batchqty) >= java.lang.Integer.valueOf(Rqty)): null

2018-05-15 18:22:23 - [TEST_STEP][PASSED] - Statement - Else: null

2018-05-15 18:22:23 - [TEST_STEP][PASSED] - Statement - out.println("Batchqty Is Less Than Rqty"): null

2018-05-15 18:22:23 - [TEST_STEP][PASSED] - Statement - product = new com.kms.katalon.core.testobject.TestObject(): null

2018-05-15 18:22:23 - [TEST_STEP][PASSED] - Statement - product = com.kms.katalon.core.webui.keyword.WebUiBuiltInKeywords.modifyObjectProperty(product, "xpath", "equals", "//*[@id = "fldvendor" + row + ""]", true): Modify property of object successfully

2018-05-15 18:22:23 - [MESSAGE][PASSED] - Modify property of object successfully

2018-05-15 18:22:23 - [TEST_STEP][PASSED] - selectOptionByIndex: All options with index in [2] are selected on object ''

2018-05-15 18:22:23 - [MESSAGE][PASSED] - All options with index in [2] are selected on object ''

2018-05-15 18:22:23 - [TEST_STEP][PASSED] - Statement - batch = new com.kms.katalon.core.testobject.TestObject(): null

2018-05-15 18:22:23 - [TEST_STEP][PASSED] - Statement - batch = com.kms.katalon.core.webui.keyword.WebUiBuiltInKeywords.modifyObjectProperty(batch, "xpath", "equals", "//*[@id = "txtbthqty" + row + ""]", true): Modify property of object successfully

2018-05-15 18:22:23 - [MESSAGE][PASSED] - Modify property of object successfully

2018-05-15 18:22:23 - [TEST_STEP][PASSED] - Statement - batchqty = com.kms.katalon.core.webui.keyword.WebUiBuiltInKeywords.getAttribute(batch, "value").trim(): Attribute 'value' of object '' is: '4000'

2018-05-15 18:22:23 - [MESSAGE][PASSED] - Attribute 'value' of object '' is: '4000'

2018-05-15 18:22:23 - [TEST_STEP][PASSED] - Statement - Rqty = 10000: null

2018-05-15 18:22:23 - [TEST_STEP][PASSED] - delay: Delayed 2 second(s)

2018-05-15 18:22:25 - [MESSAGE][PASSED] - Delayed 2 second(s)

2018-05-15 18:22:25 - [TEST_STEP][PASSED] - Statement - out.println("BatchQty : " + batchqty): null

2018-05-15 18:22:25 - [TEST_STEP][PASSED] - Statement - out.println("RQty : " + Rqty): null

2018-05-15 18:22:25 - [TEST_STEP][PASSED] - Statement - If (java.lang.Integer.valueOf(batchqty) >= java.lang.Integer.valueOf(Rqty)): null

2018-05-15 18:22:25 - [TEST_STEP][PASSED] - Statement - Else: null

2018-05-15 18:22:25 - [TEST_STEP][PASSED] - Statement - out.println("Batchqty Is Less Than Rqty"): null

2018-05-15 18:22:25 - [TEST_STEP][PASSED] - Statement - product = new com.kms.katalon.core.testobject.TestObject(): null

2018-05-15 18:22:25 - [TEST_STEP][PASSED] - Statement - product = com.kms.katalon.core.webui.keyword.WebUiBuiltInKeywords.modifyObjectProperty(product, "xpath", "equals", "//*[@id = "fldvendor" + row + ""]", true): Modify property of object successfully

2018-05-15 18:22:25 - [MESSAGE][PASSED] - Modify property of object successfully

2018-05-15 18:22:25 - [TEST_STEP][PASSED] - selectOptionByIndex: All options with index in [3] are selected on object ''

2018-05-15 18:22:25 - [MESSAGE][PASSED] - All options with index in [3] are selected on object ''

2018-05-15 18:22:25 - [TEST_STEP][PASSED] - Statement - batch = new com.kms.katalon.core.testobject.TestObject(): null

2018-05-15 18:22:25 - [TEST_STEP][PASSED] - Statement - batch = com.kms.katalon.core.webui.keyword.WebUiBuiltInKeywords.modifyObjectProperty(batch, "xpath", "equals", "//*[@id = "txtbthqty" + row + ""]", true): Modify property of object successfully

2018-05-15 18:22:25 - [MESSAGE][PASSED] - Modify property of object successfully

2018-05-15 18:22:25 - [TEST_STEP][PASSED] - Statement - batchqty = com.kms.katalon.core.webui.keyword.WebUiBuiltInKeywords.getAttribute(batch, "value").trim(): Attribute 'value' of object '' is: '5000'

2018-05-15 18:22:25 - [MESSAGE][PASSED] - Attribute 'value' of object '' is: '5000'

2018-05-15 18:22:25 - [TEST_STEP][PASSED] - Statement - Rqty = 10000: null

2018-05-15 18:22:25 - [TEST_STEP][PASSED] - delay: Delayed 2 second(s)

2018-05-15 18:22:27 - [MESSAGE][PASSED] - Delayed 2 second(s)

2018-05-15 18:22:27 - [TEST_STEP][PASSED] - Statement - out.println("BatchQty : " + batchqty): null

2018-05-15 18:22:27 - [TEST_STEP][PASSED] - Statement - out.println("RQty : " + Rqty): null

2018-05-15 18:22:27 - [TEST_STEP][PASSED] - Statement - If (java.lang.Integer.valueOf(batchqty) >= java.lang.Integer.valueOf(Rqty)): null

2018-05-15 18:22:27 - [TEST_STEP][PASSED] - Statement - Else: null

2018-05-15 18:22:27 - [TEST_STEP][PASSED] - Statement - out.println("Batchqty Is Less Than Rqty"): null

2018-05-15 18:22:27 - [TEST_STEP][PASSED] - Statement - product = new com.kms.katalon.core.testobject.TestObject(): null

2018-05-15 18:22:27 - [TEST_STEP][PASSED] - Statement - product = com.kms.katalon.core.webui.keyword.WebUiBuiltInKeywords.modifyObjectProperty(product, "xpath", "equals", "//*[@id = "fldvendor" + row + ""]", true): Modify property of object successfully

2018-05-15 18:22:27 - [MESSAGE][PASSED] - Modify property of object successfully

2018-05-15 18:22:27 - [TEST_STEP][PASSED] - selectOptionByIndex: All options with index in [4] are selected on object ''

2018-05-15 18:22:28 - [MESSAGE][PASSED] - All options with index in [4] are selected on object ''

2018-05-15 18:22:28 - [TEST_STEP][PASSED] - Statement - batch = new com.kms.katalon.core.testobject.TestObject(): null

2018-05-15 18:22:28 - [TEST_STEP][PASSED] - Statement - batch = com.kms.katalon.core.webui.keyword.WebUiBuiltInKeywords.modifyObjectProperty(batch, "xpath", "equals", "//*[@id = "txtbthqty" + row + ""]", true): Modify property of object successfully

2018-05-15 18:22:28 - [MESSAGE][PASSED] - Modify property of object successfully

2018-05-15 18:22:28 - [TEST_STEP][PASSED] - Statement - batchqty = com.kms.katalon.core.webui.keyword.WebUiBuiltInKeywords.getAttribute(batch, "value").trim(): Attribute 'value' of object '' is: '34000'

2018-05-15 18:22:28 - [MESSAGE][PASSED] - Attribute 'value' of object '' is: '34000'

2018-05-15 18:22:28 - [TEST_STEP][PASSED] - Statement - Rqty = 10000: null

2018-05-15 18:22:28 - [TEST_STEP][PASSED] - delay: Delayed 2 second(s)

2018-05-15 18:22:30 - [MESSAGE][PASSED] - Delayed 2 second(s)

2018-05-15 18:22:30 - [TEST_STEP][PASSED] - Statement - out.println("BatchQty : " + batchqty): null

2018-05-15 18:22:30 - [TEST_STEP][PASSED] - Statement - out.println("RQty : " + Rqty): null

2018-05-15 18:22:30 - [TEST_STEP][PASSED] - Statement - If (java.lang.Integer.valueOf(batchqty) >= java.lang.Integer.valueOf(Rqty)): null

2018-05-15 18:22:30 - [TEST_STEP][PASSED] - Statement - Break: null

2018-05-15 18:22:30 - [TEST_STEP][PASSED] - Statement - batchlength = new com.kms.katalon.core.testobject.TestObject(): null

2018-05-15 18:22:30 - [TEST_STEP][PASSED] - Statement - batchlength = com.kms.katalon.core.webui.keyword.WebUiBuiltInKeywords.modifyObjectProperty(batchlength, "xpath", "equals", "//*[@id = "fldvendor" + row + ""]", true): Modify property of object successfully

2018-05-15 18:22:30 - [MESSAGE][PASSED] - Modify property of object successfully

2018-05-15 18:22:30 - [TEST_STEP][PASSED] - Statement - batchsize = com.kms.katalon.core.webui.keyword.WebUiBuiltInKeywords.getNumberOfTotalOption(batchlength): 10 options of object '' counted

2018-05-15 18:22:30 - [MESSAGE][PASSED] - 10 options of object '' counted

2018-05-15 18:22:30 - [TEST_STEP][PASSED] - Statement - out.println("BatchSize : " + batchsize): null

2018-05-15 18:22:30 - [TEST_STEP][PASSED] - Statement - For ([n = 1, n <= batchsize - 1, (n++)]): null

2018-05-15 18:22:30 - [TEST_STEP][PASSED] - Statement - product = new com.kms.katalon.core.testobject.TestObject(): null

2018-05-15 18:22:30 - [TEST_STEP][PASSED] - Statement - product = com.kms.katalon.core.webui.keyword.WebUiBuiltInKeywords.modifyObjectProperty(product, "xpath", "equals", "//*[@id = "fldvendor" + row + ""]", true): Modify property of object successfully

2018-05-15 18:22:30 - [MESSAGE][PASSED] - Modify property of object successfully

2018-05-15 18:22:30 - [TEST_STEP][PASSED] - selectOptionByIndex: All options with index in [1] are selected on object ''

2018-05-15 18:22:30 - [MESSAGE][PASSED] - All options with index in [1] are selected on object ''

2018-05-15 18:22:30 - [TEST_STEP][PASSED] - Statement - batch = new com.kms.katalon.core.testobject.TestObject(): null

2018-05-15 18:22:30 - [TEST_STEP][PASSED] - Statement - batch = com.kms.katalon.core.webui.keyword.WebUiBuiltInKeywords.modifyObjectProperty(batch, "xpath", "equals", "//*[@id = "txtbthqty" + row + ""]", true): Modify property of object successfully

2018-05-15 18:22:30 - [MESSAGE][PASSED] - Modify property of object successfully

2018-05-15 18:22:30 - [TEST_STEP][PASSED] - Statement - batchqty = com.kms.katalon.core.webui.keyword.WebUiBuiltInKeywords.getAttribute(batch, "value").trim(): Attribute 'value' of object '' is: '4000'

2018-05-15 18:22:30 - [MESSAGE][PASSED] - Attribute 'value' of object '' is: '4000'

2018-05-15 18:22:30 - [TEST_STEP][PASSED] - Statement - Rqty = 10000: null

2018-05-15 18:22:30 - [TEST_STEP][PASSED] - delay: Delayed 2 second(s)

2018-05-15 18:22:32 - [MESSAGE][PASSED] - Delayed 2 second(s)

2018-05-15 18:22:32 - [TEST_STEP][PASSED] - Statement - out.println("BatchQty : " + batchqty): null

2018-05-15 18:22:32 - [TEST_STEP][PASSED] - Statement - out.println("RQty : " + Rqty): null

2018-05-15 18:22:32 - [TEST_STEP][PASSED] - Statement - If (java.lang.Integer.valueOf(batchqty) >= java.lang.Integer.valueOf(Rqty)): null

2018-05-15 18:22:32 - [TEST_STEP][PASSED] - Statement - Else: null

2018-05-15 18:22:32 - [TEST_STEP][PASSED] - Statement - out.println("Batchqty Is Less Than Rqty"): null

2018-05-15 18:22:32 - [TEST_STEP][PASSED] - Statement - product = new com.kms.katalon.core.testobject.TestObject(): null

2018-05-15 18:22:32 - [TEST_STEP][PASSED] - Statement - product = com.kms.katalon.core.webui.keyword.WebUiBuiltInKeywords.modifyObjectProperty(product, "xpath", "equals", "//*[@id = "fldvendor" + row + ""]", true): Modify property of object successfully

2018-05-15 18:22:32 - [MESSAGE][PASSED] - Modify property of object successfully

2018-05-15 18:22:32 - [TEST_STEP][PASSED] - selectOptionByIndex: All options with index in [2] are selected on object ''

2018-05-15 18:22:32 - [MESSAGE][PASSED] - All options with index in [2] are selected on object ''

2018-05-15 18:22:32 - [TEST_STEP][PASSED] - Statement - batch = new com.kms.katalon.core.testobject.TestObject(): null

2018-05-15 18:22:32 - [TEST_STEP][PASSED] - Statement - batch = com.kms.katalon.core.webui.keyword.WebUiBuiltInKeywords.modifyObjectProperty(batch, "xpath", "equals", "//*[@id = "txtbthqty" + row + ""]", true): Modify property of object successfully

2018-05-15 18:22:32 - [MESSAGE][PASSED] - Modify property of object successfully

2018-05-15 18:22:32 - [TEST_STEP][PASSED] - Statement - batchqty = com.kms.katalon.core.webui.keyword.WebUiBuiltInKeywords.getAttribute(batch, "value").trim(): Attribute 'value' of object '' is: '34000'

2018-05-15 18:22:32 - [MESSAGE][PASSED] - Attribute 'value' of object '' is: '34000'

2018-05-15 18:22:32 - [TEST_STEP][PASSED] - Statement - Rqty = 10000: null

2018-05-15 18:22:32 - [TEST_STEP][PASSED] - delay: Delayed 2 second(s)

2018-05-15 18:22:34 - [MESSAGE][PASSED] - Delayed 2 second(s)

2018-05-15 18:22:34 - [TEST_STEP][PASSED] - Statement - out.println("BatchQty : " + batchqty): null

2018-05-15 18:22:34 - [TEST_STEP][PASSED] - Statement - out.println("RQty : " + Rqty): null

2018-05-15 18:22:34 - [TEST_STEP][PASSED] - Statement - If (java.lang.Integer.valueOf(batchqty) >= java.lang.Integer.valueOf(Rqty)): null

2018-05-15 18:22:34 - [TEST_STEP][PASSED] - Statement - Break: null

2018-05-15 18:22:34 - [TEST_STEP][PASSED] - Statement - batchlength = new com.kms.katalon.core.testobject.TestObject(): null

2018-05-15 18:22:34 - [TEST_STEP][PASSED] - Statement - batchlength = com.kms.katalon.core.webui.keyword.WebUiBuiltInKeywords.modifyObjectProperty(batchlength, "xpath", "equals", "//*[@id = "fldvendor" + row + ""]", true): Modify property of object successfully

2018-05-15 18:22:34 - [MESSAGE][PASSED] - Modify property of object successfully

2018-05-15 18:22:34 - [TEST_STEP][PASSED] - Statement - batchsize = com.kms.katalon.core.webui.keyword.WebUiBuiltInKeywords.getNumberOfTotalOption(batchlength): 10 options of object '' counted

2018-05-15 18:22:34 - [MESSAGE][PASSED] - 10 options of object '' counted

2018-05-15 18:22:34 - [TEST_STEP][PASSED] - Statement - out.println("BatchSize : " + batchsize): null

2018-05-15 18:22:34 - [TEST_STEP][PASSED] - Statement - For ([n = 1, n <= batchsize - 1, (n++)]): null

2018-05-15 18:22:34 - [TEST_STEP][PASSED] - Statement - product = new com.kms.katalon.core.testobject.TestObject(): null

2018-05-15 18:22:34 - [TEST_STEP][PASSED] - Statement - product = com.kms.katalon.core.webui.keyword.WebUiBuiltInKeywords.modifyObjectProperty(product, "xpath", "equals", "//*[@id = "fldvendor" + row + ""]", true): Modify property of object successfully

2018-05-15 18:22:34 - [MESSAGE][PASSED] - Modify property of object successfully

2018-05-15 18:22:34 - [TEST_STEP][PASSED] - selectOptionByIndex: All options with index in [1] are selected on object ''

2018-05-15 18:22:34 - [MESSAGE][PASSED] - All options with index in [1] are selected on object ''

2018-05-15 18:22:34 - [TEST_STEP][PASSED] - Statement - batch = new com.kms.katalon.core.testobject.TestObject(): null

2018-05-15 18:22:34 - [TEST_STEP][PASSED] - Statement - batch = com.kms.katalon.core.webui.keyword.WebUiBuiltInKeywords.modifyObjectProperty(batch, "xpath", "equals", "//*[@id = "txtbthqty" + row + ""]", true): Modify property of object successfully

2018-05-15 18:22:34 - [MESSAGE][PASSED] - Modify property of object successfully

2018-05-15 18:22:34 - [TEST_STEP][PASSED] - Statement - batchqty = com.kms.katalon.core.webui.keyword.WebUiBuiltInKeywords.getAttribute(batch, "value").trim(): Attribute 'value' of object '' is: '38000'

2018-05-15 18:22:34 - [MESSAGE][PASSED] - Attribute 'value' of object '' is: '38000'

2018-05-15 18:22:34 - [TEST_STEP][PASSED] - Statement - Rqty = 10000: null

2018-05-15 18:22:34 - [TEST_STEP][PASSED] - delay: Delayed 2 second(s)

2018-05-15 18:22:36 - [MESSAGE][PASSED] - Delayed 2 second(s)

2018-05-15 18:22:36 - [TEST_STEP][PASSED] - Statement - out.println("BatchQty : " + batchqty): null

2018-05-15 18:22:36 - [TEST_STEP][PASSED] - Statement - out.println("RQty : " + Rqty): null

2018-05-15 18:22:36 - [TEST_STEP][PASSED] - Statement - If (java.lang.Integer.valueOf(batchqty) >= java.lang.Integer.valueOf(Rqty)): null

2018-05-15 18:22:36 - [TEST_STEP][PASSED] - Statement - Break: null

2018-05-15 18:22:36 - [TEST_STEP][PASSED] - Statement - batchlength = new com.kms.katalon.core.testobject.TestObject(): null

2018-05-15 18:22:36 - [TEST_STEP][PASSED] - Statement - batchlength = com.kms.katalon.core.webui.keyword.WebUiBuiltInKeywords.modifyObjectProperty(batchlength, "xpath", "equals", "//*[@id = "fldvendor" + row + ""]", true): Modify property of object successfully

2018-05-15 18:22:36 - [MESSAGE][PASSED] - Modify property of object successfully

2018-05-15 18:22:36 - [TEST_STEP][PASSED] - Statement - batchsize = com.kms.katalon.core.webui.keyword.WebUiBuiltInKeywords.getNumberOfTotalOption(batchlength): 10 options of object '' counted

2018-05-15 18:22:37 - [MESSAGE][PASSED] - 10 options of object '' counted

2018-05-15 18:22:37 - [TEST_STEP][PASSED] - Statement - out.println("BatchSize : " + batchsize): null

2018-05-15 18:22:37 - [TEST_STEP][PASSED] - Statement - For ([n = 1, n <= batchsize - 1, (n++)]): null

2018-05-15 18:22:37 - [TEST_STEP][PASSED] - Statement - product = new com.kms.katalon.core.testobject.TestObject(): null

2018-05-15 18:22:37 - [TEST_STEP][PASSED] - Statement - product = com.kms.katalon.core.webui.keyword.WebUiBuiltInKeywords.modifyObjectProperty(product, "xpath", "equals", "//*[@id = "fldvendor" + row + ""]", true): Modify property of object successfully

2018-05-15 18:22:37 - [MESSAGE][PASSED] - Modify property of object successfully

2018-05-15 18:22:37 - [TEST_STEP][PASSED] - selectOptionByIndex: All options with index in [1] are selected on object ''

2018-05-15 18:22:37 - [MESSAGE][PASSED] - All options with index in [1] are selected on object ''

2018-05-15 18:22:37 - [TEST_STEP][PASSED] - Statement - batch = new com.kms.katalon.core.testobject.TestObject(): null

2018-05-15 18:22:37 - [TEST_STEP][PASSED] - Statement - batch = com.kms.katalon.core.webui.keyword.WebUiBuiltInKeywords.modifyObjectProperty(batch, "xpath", "equals", "//*[@id = "txtbthqty" + row + ""]", true): Modify property of object successfully

2018-05-15 18:22:37 - [MESSAGE][PASSED] - Modify property of object successfully

2018-05-15 18:22:37 - [TEST_STEP][PASSED] - Statement - batchqty = com.kms.katalon.core.webui.keyword.WebUiBuiltInKeywords.getAttribute(batch, "value").trim(): Attribute 'value' of object '' is: '4000'

2018-05-15 18:22:37 - [MESSAGE][PASSED] - Attribute 'value' of object '' is: '4000'

2018-05-15 18:22:37 - [TEST_STEP][PASSED] - Statement - Rqty = 10000: null

2018-05-15 18:22:37 - [TEST_STEP][PASSED] - delay: Delayed 2 second(s)

2018-05-15 18:22:39 - [MESSAGE][PASSED] - Delayed 2 second(s)

2018-05-15 18:22:39 - [TEST_STEP][PASSED] - Statement - out.println("BatchQty : " + batchqty): null

2018-05-15 18:22:39 - [TEST_STEP][PASSED] - Statement - out.println("RQty : " + Rqty): null

2018-05-15 18:22:39 - [TEST_STEP][PASSED] - Statement - If (java.lang.Integer.valueOf(batchqty) >= java.lang.Integer.valueOf(Rqty)): null

2018-05-15 18:22:39 - [TEST_STEP][PASSED] - Statement - Else: null

2018-05-15 18:22:39 - [TEST_STEP][PASSED] - Statement - out.println("Batchqty Is Less Than Rqty"): null

2018-05-15 18:22:39 - [TEST_STEP][PASSED] - Statement - product = new com.kms.katalon.core.testobject.TestObject(): null

2018-05-15 18:22:39 - [TEST_STEP][PASSED] - Statement - product = com.kms.katalon.core.webui.keyword.WebUiBuiltInKeywords.modifyObjectProperty(product, "xpath", "equals", "//*[@id = "fldvendor" + row + ""]", true): Modify property of object successfully

2018-05-15 18:22:39 - [MESSAGE][PASSED] - Modify property of object successfully

2018-05-15 18:22:39 - [TEST_STEP][PASSED] - selectOptionByIndex: All options with index in [2] are selected on object ''

2018-05-15 18:22:39 - [MESSAGE][PASSED] - All options with index in [2] are selected on object ''

2018-05-15 18:22:39 - [TEST_STEP][PASSED] - Statement - batch = new com.kms.katalon.core.testobject.TestObject(): null

2018-05-15 18:22:39 - [TEST_STEP][PASSED] - Statement - batch = com.kms.katalon.core.webui.keyword.WebUiBuiltInKeywords.modifyObjectProperty(batch, "xpath", "equals", "//*[@id = "txtbthqty" + row + ""]", true): Modify property of object successfully

2018-05-15 18:22:39 - [MESSAGE][PASSED] - Modify property of object successfully

2018-05-15 18:22:39 - [TEST_STEP][PASSED] - Statement - batchqty = com.kms.katalon.core.webui.keyword.WebUiBuiltInKeywords.getAttribute(batch, "value").trim(): Attribute 'value' of object '' is: '500'

2018-05-15 18:22:39 - [MESSAGE][PASSED] - Attribute 'value' of object '' is: '500'

2018-05-15 18:22:39 - [TEST_STEP][PASSED] - Statement - Rqty = 10000: null

2018-05-15 18:22:39 - [TEST_STEP][PASSED] - delay: Delayed 2 second(s)

2018-05-15 18:22:41 - [MESSAGE][PASSED] - Delayed 2 second(s)

2018-05-15 18:22:41 - [TEST_STEP][PASSED] - Statement - out.println("BatchQty : " + batchqty): null

2018-05-15 18:22:41 - [TEST_STEP][PASSED] - Statement - out.println("RQty : " + Rqty): null

2018-05-15 18:22:41 - [TEST_STEP][PASSED] - Statement - If (java.lang.Integer.valueOf(batchqty) >= java.lang.Integer.valueOf(Rqty)): null

2018-05-15 18:22:41 - [TEST_STEP][PASSED] - Statement - Else: null

2018-05-15 18:22:41 - [TEST_STEP][PASSED] - Statement - out.println("Batchqty Is Less Than Rqty"): null

2018-05-15 18:22:41 - [TEST_STEP][PASSED] - Statement - product = new com.kms.katalon.core.testobject.TestObject(): null

2018-05-15 18:22:41 - [TEST_STEP][PASSED] - Statement - product = com.kms.katalon.core.webui.keyword.WebUiBuiltInKeywords.modifyObjectProperty(product, "xpath", "equals", "//*[@id = "fldvendor" + row + ""]", true): Modify property of object successfully

2018-05-15 18:22:41 - [MESSAGE][PASSED] - Modify property of object successfully

2018-05-15 18:22:41 - [TEST_STEP][PASSED] - selectOptionByIndex: All options with index in [3] are selected on object ''

2018-05-15 18:22:41 - [MESSAGE][PASSED] - All options with index in [3] are selected on object ''

2018-05-15 18:22:41 - [TEST_STEP][PASSED] - Statement - batch = new com.kms.katalon.core.testobject.TestObject(): null

2018-05-15 18:22:41 - [TEST_STEP][PASSED] - Statement - batch = com.kms.katalon.core.webui.keyword.WebUiBuiltInKeywords.modifyObjectProperty(batch, "xpath", "equals", "//*[@id = "txtbthqty" + row + ""]", true): Modify property of object successfully

2018-05-15 18:22:41 - [MESSAGE][PASSED] - Modify property of object successfully

2018-05-15 18:22:41 - [TEST_STEP][PASSED] - Statement - batchqty = com.kms.katalon.core.webui.keyword.WebUiBuiltInKeywords.getAttribute(batch, "value").trim(): Attribute 'value' of object '' is: '5000'

2018-05-15 18:22:41 - [MESSAGE][PASSED] - Attribute 'value' of object '' is: '5000'

2018-05-15 18:22:41 - [TEST_STEP][PASSED] - Statement - Rqty = 10000: null

2018-05-15 18:22:41 - [TEST_STEP][PASSED] - delay: Delayed 2 second(s)

2018-05-15 18:22:43 - [MESSAGE][PASSED] - Delayed 2 second(s)

2018-05-15 18:22:43 - [TEST_STEP][PASSED] - Statement - out.println("BatchQty : " + batchqty): null

2018-05-15 18:22:43 - [TEST_STEP][PASSED] - Statement - out.println("RQty : " + Rqty): null

2018-05-15 18:22:43 - [TEST_STEP][PASSED] - Statement - If (java.lang.Integer.valueOf(batchqty) >= java.lang.Integer.valueOf(Rqty)): null

2018-05-15 18:22:43 - [TEST_STEP][PASSED] - Statement - Else: null

2018-05-15 18:22:43 - [TEST_STEP][PASSED] - Statement - out.println("Batchqty Is Less Than Rqty"): null

2018-05-15 18:22:43 - [TEST_STEP][PASSED] - Statement - product = new com.kms.katalon.core.testobject.TestObject(): null

2018-05-15 18:22:43 - [TEST_STEP][PASSED] - Statement - product = com.kms.katalon.core.webui.keyword.WebUiBuiltInKeywords.modifyObjectProperty(product, "xpath", "equals", "//*[@id = "fldvendor" + row + ""]", true): Modify property of object successfully

2018-05-15 18:22:43 - [MESSAGE][PASSED] - Modify property of object successfully

2018-05-15 18:22:43 - [TEST_STEP][PASSED] - selectOptionByIndex: All options with index in [4] are selected on object ''

2018-05-15 18:22:43 - [MESSAGE][PASSED] - All options with index in [4] are selected on object ''

2018-05-15 18:22:43 - [TEST_STEP][PASSED] - Statement - batch = new com.kms.katalon.core.testobject.TestObject(): null

2018-05-15 18:22:43 - [TEST_STEP][PASSED] - Statement - batch = com.kms.katalon.core.webui.keyword.WebUiBuiltInKeywords.modifyObjectProperty(batch, "xpath", "equals", "//*[@id = "txtbthqty" + row + ""]", true): Modify property of object successfully

2018-05-15 18:22:43 - [MESSAGE][PASSED] - Modify property of object successfully

2018-05-15 18:22:43 - [TEST_STEP][PASSED] - Statement - batchqty = com.kms.katalon.core.webui.keyword.WebUiBuiltInKeywords.getAttribute(batch, "value").trim(): Attribute 'value' of object '' is: '5000'

2018-05-15 18:22:43 - [MESSAGE][PASSED] - Attribute 'value' of object '' is: '5000'

2018-05-15 18:22:43 - [TEST_STEP][PASSED] - Statement - Rqty = 10000: null

2018-05-15 18:22:43 - [TEST_STEP][PASSED] - delay: Delayed 2 second(s)

2018-05-15 18:22:45 - [MESSAGE][PASSED] - Delayed 2 second(s)

2018-05-15 18:22:45 - [TEST_STEP][PASSED] - Statement - out.println("BatchQty : " + batchqty): null

2018-05-15 18:22:45 - [TEST_STEP][PASSED] - Statement - out.println("RQty : " + Rqty): null

2018-05-15 18:22:45 - [TEST_STEP][PASSED] - Statement - If (java.lang.Integer.valueOf(batchqty) >= java.lang.Integer.valueOf(Rqty)): null

2018-05-15 18:22:45 - [TEST_STEP][PASSED] - Statement - Else: null

2018-05-15 18:22:45 - [TEST_STEP][PASSED] - Statement - out.println("Batchqty Is Less Than Rqty"): null

2018-05-15 18:22:45 - [TEST_STEP][PASSED] - Statement - product = new com.kms.katalon.core.testobject.TestObject(): null

2018-05-15 18:22:45 - [TEST_STEP][PASSED] - Statement - product = com.kms.katalon.core.webui.keyword.WebUiBuiltInKeywords.modifyObjectProperty(product, "xpath", "equals", "//*[@id = "fldvendor" + row + ""]", true): Modify property of object successfully

2018-05-15 18:22:45 - [MESSAGE][PASSED] - Modify property of object successfully

2018-05-15 18:22:45 - [TEST_STEP][PASSED] - selectOptionByIndex: All options with index in [5] are selected on object ''

2018-05-15 18:22:46 - [MESSAGE][PASSED] - All options with index in [5] are selected on object ''

2018-05-15 18:22:46 - [TEST_STEP][PASSED] - Statement - batch = new com.kms.katalon.core.testobject.TestObject(): null

2018-05-15 18:22:46 - [TEST_STEP][PASSED] - Statement - batch = com.kms.katalon.core.webui.keyword.WebUiBuiltInKeywords.modifyObjectProperty(batch, "xpath", "equals", "//*[@id = "txtbthqty" + row + ""]", true): Modify property of object successfully

2018-05-15 18:22:46 - [MESSAGE][PASSED] - Modify property of object successfully

2018-05-15 18:22:46 - [TEST_STEP][PASSED] - Statement - batchqty = com.kms.katalon.core.webui.keyword.WebUiBuiltInKeywords.getAttribute(batch, "value").trim(): Attribute 'value' of object '' is: '34000'

2018-05-15 18:22:46 - [MESSAGE][PASSED] - Attribute 'value' of object '' is: '34000'

2018-05-15 18:22:46 - [TEST_STEP][PASSED] - Statement - Rqty = 10000: null

2018-05-15 18:22:46 - [TEST_STEP][PASSED] - delay: Delayed 2 second(s)

2018-05-15 18:22:48 - [MESSAGE][PASSED] - Delayed 2 second(s)

2018-05-15 18:22:48 - [TEST_STEP][PASSED] - Statement - out.println("BatchQty : " + batchqty): null

2018-05-15 18:22:48 - [TEST_STEP][PASSED] - Statement - out.println("RQty : " + Rqty): null

2018-05-15 18:22:48 - [TEST_STEP][PASSED] - Statement - If (java.lang.Integer.valueOf(batchqty) >= java.lang.Integer.valueOf(Rqty)): null

2018-05-15 18:22:48 - [TEST_STEP][PASSED] - Statement - Break: null

2018-05-15 18:22:48 - [TEST_STEP][PASSED] - Statement - batchlength = new com.kms.katalon.core.testobject.TestObject(): null

2018-05-15 18:22:48 - [TEST_STEP][PASSED] - Statement - batchlength = com.kms.katalon.core.webui.keyword.WebUiBuiltInKeywords.modifyObjectProperty(batchlength, "xpath", "equals", "//*[@id = "fldvendor" + row + ""]", true): Modify property of object successfully

2018-05-15 18:22:48 - [MESSAGE][PASSED] - Modify property of object successfully

2018-05-15 18:22:48 - [TEST_STEP][PASSED] - Statement - batchsize = com.kms.katalon.core.webui.keyword.WebUiBuiltInKeywords.getNumberOfTotalOption(batchlength): 10 options of object '' counted

2018-05-15 18:22:48 - [MESSAGE][PASSED] - 10 options of object '' counted

2018-05-15 18:22:48 - [TEST_STEP][PASSED] - Statement - out.println("BatchSize : " + batchsize): null

2018-05-15 18:22:48 - [TEST_STEP][PASSED] - Statement - For ([n = 1, n <= batchsize - 1, (n++)]): null

2018-05-15 18:22:48 - [TEST_STEP][PASSED] - Statement - product = new com.kms.katalon.core.testobject.TestObject(): null

2018-05-15 18:22:48 - [TEST_STEP][PASSED] - Statement - product = com.kms.katalon.core.webui.keyword.WebUiBuiltInKeywords.modifyObjectProperty(product, "xpath", "equals", "//*[@id = "fldvendor" + row + ""]", true): Modify property of object successfully

2018-05-15 18:22:48 - [MESSAGE][PASSED] - Modify property of object successfully

2018-05-15 18:22:48 - [TEST_STEP][PASSED] - selectOptionByIndex: All options with index in [1] are selected on object ''

2018-05-15 18:22:48 - [MESSAGE][PASSED] - All options with index in [1] are selected on object ''

2018-05-15 18:22:48 - [TEST_STEP][PASSED] - Statement - batch = new com.kms.katalon.core.testobject.TestObject(): null

2018-05-15 18:22:48 - [TEST_STEP][PASSED] - Statement - batch = com.kms.katalon.core.webui.keyword.WebUiBuiltInKeywords.modifyObjectProperty(batch, "xpath", "equals", "//*[@id = "txtbthqty" + row + ""]", true): Modify property of object successfully

2018-05-15 18:22:48 - [MESSAGE][PASSED] - Modify property of object successfully

2018-05-15 18:22:48 - [TEST_STEP][PASSED] - Statement - batchqty = com.kms.katalon.core.webui.keyword.WebUiBuiltInKeywords.getAttribute(batch, "value").trim(): Attribute 'value' of object '' is: '33000'

2018-05-15 18:22:48 - [MESSAGE][PASSED] - Attribute 'value' of object '' is: '33000'

2018-05-15 18:22:48 - [TEST_STEP][PASSED] - Statement - Rqty = 10000: null

2018-05-15 18:22:48 - [TEST_STEP][PASSED] - delay: Delayed 2 second(s)

2018-05-15 18:22:50 - [MESSAGE][PASSED] - Delayed 2 second(s)

2018-05-15 18:22:50 - [TEST_STEP][PASSED] - Statement - out.println("BatchQty : " + batchqty): null

2018-05-15 18:22:50 - [TEST_STEP][PASSED] - Statement - out.println("RQty : " + Rqty): null

2018-05-15 18:22:50 - [TEST_STEP][PASSED] - Statement - If (java.lang.Integer.valueOf(batchqty) >= java.lang.Integer.valueOf(Rqty)): null

2018-05-15 18:22:50 - [TEST_STEP][PASSED] - Statement - Break: null

2018-05-15 18:22:50 - [TEST_STEP][PASSED] - Statement - batchlength = new com.kms.katalon.core.testobject.TestObject(): null

2018-05-15 18:22:50 - [TEST_STEP][PASSED] - Statement - batchlength = com.kms.katalon.core.webui.keyword.WebUiBuiltInKeywords.modifyObjectProperty(batchlength, "xpath", "equals", "//*[@id = "fldvendor" + row + ""]", true): Modify property of object successfully

2018-05-15 18:22:50 - [MESSAGE][PASSED] - Modify property of object successfully

2018-05-15 18:22:50 - [TEST_STEP][PASSED] - Statement - batchsize = com.kms.katalon.core.webui.keyword.WebUiBuiltInKeywords.getNumberOfTotalOption(batchlength): 10 options of object '' counted

2018-05-15 18:22:50 - [MESSAGE][PASSED] - 10 options of object '' counted

2018-05-15 18:22:50 - [TEST_STEP][PASSED] - Statement - out.println("BatchSize : " + batchsize): null

2018-05-15 18:22:50 - [TEST_STEP][PASSED] - Statement - For ([n = 1, n <= batchsize - 1, (n++)]): null

2018-05-15 18:22:50 - [TEST_STEP][PASSED] - Statement - product = new com.kms.katalon.core.testobject.TestObject(): null

2018-05-15 18:22:50 - [TEST_STEP][PASSED] - Statement - product = com.kms.katalon.core.webui.keyword.WebUiBuiltInKeywords.modifyObjectProperty(product, "xpath", "equals", "//*[@id = "fldvendor" + row + ""]", true): Modify property of object successfully

2018-05-15 18:22:50 - [MESSAGE][PASSED] - Modify property of object successfully

2018-05-15 18:22:50 - [TEST_STEP][PASSED] - selectOptionByIndex: All options with index in [1] are selected on object ''

2018-05-15 18:22:50 - [MESSAGE][PASSED] - All options with index in [1] are selected on object ''

2018-05-15 18:22:50 - [TEST_STEP][PASSED] - Statement - batch = new com.kms.katalon.core.testobject.TestObject(): null

2018-05-15 18:22:50 - [TEST_STEP][PASSED] - Statement - batch = com.kms.katalon.core.webui.keyword.WebUiBuiltInKeywords.modifyObjectProperty(batch, "xpath", "equals", "//*[@id = "txtbthqty" + row + ""]", true): Modify property of object successfully

2018-05-15 18:22:50 - [MESSAGE][PASSED] - Modify property of object successfully

2018-05-15 18:22:50 - [TEST_STEP][PASSED] - Statement - batchqty = com.kms.katalon.core.webui.keyword.WebUiBuiltInKeywords.getAttribute(batch, "value").trim(): Attribute 'value' of object '' is: '4000'

2018-05-15 18:22:50 - [MESSAGE][PASSED] - Attribute 'value' of object '' is: '4000'

2018-05-15 18:22:50 - [TEST_STEP][PASSED] - Statement - Rqty = 10000: null

2018-05-15 18:22:50 - [TEST_STEP][PASSED] - delay: Delayed 2 second(s)

2018-05-15 18:22:52 - [MESSAGE][PASSED] - Delayed 2 second(s)

2018-05-15 18:22:52 - [TEST_STEP][PASSED] - Statement - out.println("BatchQty : " + batchqty): null

2018-05-15 18:22:52 - [TEST_STEP][PASSED] - Statement - out.println("RQty : " + Rqty): null

2018-05-15 18:22:52 - [TEST_STEP][PASSED] - Statement - If (java.lang.Integer.valueOf(batchqty) >= java.lang.Integer.valueOf(Rqty)): null

2018-05-15 18:22:52 - [TEST_STEP][PASSED] - Statement - Else: null

2018-05-15 18:22:52 - [TEST_STEP][PASSED] - Statement - out.println("Batchqty Is Less Than Rqty"): null

2018-05-15 18:22:52 - [TEST_STEP][PASSED] - Statement - product = new com.kms.katalon.core.testobject.TestObject(): null

2018-05-15 18:22:52 - [TEST_STEP][PASSED] - Statement - product = com.kms.katalon.core.webui.keyword.WebUiBuiltInKeywords.modifyObjectProperty(product, "xpath", "equals", "//*[@id = "fldvendor" + row + ""]", true): Modify property of object successfully

2018-05-15 18:22:52 - [MESSAGE][PASSED] - Modify property of object successfully

2018-05-15 18:22:52 - [TEST_STEP][PASSED] - selectOptionByIndex: All options with index in [2] are selected on object ''

2018-05-15 18:22:52 - [MESSAGE][PASSED] - All options with index in [2] are selected on object ''

2018-05-15 18:22:52 - [TEST_STEP][PASSED] - Statement - batch = new com.kms.katalon.core.testobject.TestObject(): null

2018-05-15 18:22:52 - [TEST_STEP][PASSED] - Statement - batch = com.kms.katalon.core.webui.keyword.WebUiBuiltInKeywords.modifyObjectProperty(batch, "xpath", "equals", "//*[@id = "txtbthqty" + row + ""]", true): Modify property of object successfully

2018-05-15 18:22:52 - [MESSAGE][PASSED] - Modify property of object successfully

2018-05-15 18:22:52 - [TEST_STEP][PASSED] - Statement - batchqty = com.kms.katalon.core.webui.keyword.WebUiBuiltInKeywords.getAttribute(batch, "value").trim(): Attribute 'value' of object '' is: '34000'

2018-05-15 18:22:52 - [MESSAGE][PASSED] - Attribute 'value' of object '' is: '34000'

2018-05-15 18:22:52 - [TEST_STEP][PASSED] - Statement - Rqty = 10000: null

2018-05-15 18:22:52 - [TEST_STEP][PASSED] - delay: Delayed 2 second(s)

2018-05-15 18:22:54 - [MESSAGE][PASSED] - Delayed 2 second(s)

2018-05-15 18:22:54 - [TEST_STEP][PASSED] - Statement - out.println("BatchQty : " + batchqty): null

2018-05-15 18:22:54 - [TEST_STEP][PASSED] - Statement - out.println("RQty : " + Rqty): null

2018-05-15 18:22:54 - [TEST_STEP][PASSED] - Statement - If (java.lang.Integer.valueOf(batchqty) >= java.lang.Integer.valueOf(Rqty)): null

2018-05-15 18:22:54 - [TEST_STEP][PASSED] - Statement - Break: null

2018-05-15 18:22:54 - [TEST_STEP][PASSED] - Statement - batchlength = new com.kms.katalon.core.testobject.TestObject(): null

2018-05-15 18:22:54 - [TEST_STEP][PASSED] - Statement - batchlength = com.kms.katalon.core.webui.keyword.WebUiBuiltInKeywords.modifyObjectProperty(batchlength, "xpath", "equals", "//*[@id = "fldvendor" + row + ""]", true): Modify property of object successfully

2018-05-15 18:22:54 - [MESSAGE][PASSED] - Modify property of object successfully

2018-05-15 18:22:54 - [TEST_STEP][PASSED] - Statement - batchsize = com.kms.katalon.core.webui.keyword.WebUiBuiltInKeywords.getNumberOfTotalOption(batchlength): 10 options of object '' counted

2018-05-15 18:22:55 - [MESSAGE][PASSED] - 10 options of object '' counted

2018-05-15 18:22:55 - [TEST_STEP][PASSED] - Statement - out.println("BatchSize : " + batchsize): null

2018-05-15 18:22:55 - [TEST_STEP][PASSED] - Statement - For ([n = 1, n <= batchsize - 1, (n++)]): null

2018-05-15 18:22:55 - [TEST_STEP][PASSED] - Statement - product = new com.kms.katalon.core.testobject.TestObject(): null

2018-05-15 18:22:55 - [TEST_STEP][PASSED] - Statement - product = com.kms.katalon.core.webui.keyword.WebUiBuiltInKeywords.modifyObjectProperty(product, "xpath", "equals", "//*[@id = "fldvendor" + row + ""]", true): Modify property of object successfully

2018-05-15 18:22:55 - [MESSAGE][PASSED] - Modify property of object successfully

2018-05-15 18:22:55 - [TEST_STEP][PASSED] - selectOptionByIndex: All options with index in [1] are selected on object ''

2018-05-15 18:22:55 - [MESSAGE][PASSED] - All options with index in [1] are selected on object ''

2018-05-15 18:22:55 - [TEST_STEP][PASSED] - Statement - batch = new com.kms.katalon.core.testobject.TestObject(): null

2018-05-15 18:22:55 - [TEST_STEP][PASSED] - Statement - batch = com.kms.katalon.core.webui.keyword.WebUiBuiltInKeywords.modifyObjectProperty(batch, "xpath", "equals", "//*[@id = "txtbthqty" + row + ""]", true): Modify property of object successfully

2018-05-15 18:22:55 - [MESSAGE][PASSED] - Modify property of object successfully

2018-05-15 18:22:55 - [TEST_STEP][PASSED] - Statement - batchqty = com.kms.katalon.core.webui.keyword.WebUiBuiltInKeywords.getAttribute(batch, "value").trim(): Attribute 'value' of object '' is: '5000'

2018-05-15 18:22:55 - [MESSAGE][PASSED] - Attribute 'value' of object '' is: '5000'

2018-05-15 18:22:55 - [TEST_STEP][PASSED] - Statement - Rqty = 10000: null

2018-05-15 18:22:55 - [TEST_STEP][PASSED] - delay: Delayed 2 second(s)

2018-05-15 18:22:57 - [MESSAGE][PASSED] - Delayed 2 second(s)

2018-05-15 18:22:57 - [TEST_STEP][PASSED] - Statement - out.println("BatchQty : " + batchqty): null

2018-05-15 18:22:57 - [TEST_STEP][PASSED] - Statement - out.println("RQty : " + Rqty): null

2018-05-15 18:22:57 - [TEST_STEP][PASSED] - Statement - If (java.lang.Integer.valueOf(batchqty) >= java.lang.Integer.valueOf(Rqty)): null

2018-05-15 18:22:57 - [TEST_STEP][PASSED] - Statement - Else: null

2018-05-15 18:22:57 - [TEST_STEP][PASSED] - Statement - out.println("Batchqty Is Less Than Rqty"): null

2018-05-15 18:22:57 - [TEST_STEP][PASSED] - Statement - product = new com.kms.katalon.core.testobject.TestObject(): null

2018-05-15 18:22:57 - [TEST_STEP][PASSED] - Statement - product = com.kms.katalon.core.webui.keyword.WebUiBuiltInKeywords.modifyObjectProperty(product, "xpath", "equals", "//*[@id = "fldvendor" + row + ""]", true): Modify property of object successfully

2018-05-15 18:22:57 - [MESSAGE][PASSED] - Modify property of object successfully

2018-05-15 18:22:57 - [TEST_STEP][PASSED] - selectOptionByIndex: All options with index in [2] are selected on object ''

2018-05-15 18:22:57 - [MESSAGE][PASSED] - All options with index in [2] are selected on object ''

2018-05-15 18:22:57 - [TEST_STEP][PASSED] - Statement - batch = new com.kms.katalon.core.testobject.TestObject(): null

2018-05-15 18:22:57 - [TEST_STEP][PASSED] - Statement - batch = com.kms.katalon.core.webui.keyword.WebUiBuiltInKeywords.modifyObjectProperty(batch, "xpath", "equals", "//*[@id = "txtbthqty" + row + ""]", true): Modify property of object successfully

2018-05-15 18:22:57 - [MESSAGE][PASSED] - Modify property of object successfully

2018-05-15 18:22:57 - [TEST_STEP][PASSED] - Statement - batchqty = com.kms.katalon.core.webui.keyword.WebUiBuiltInKeywords.getAttribute(batch, "value").trim(): Attribute 'value' of object '' is: '4000'

2018-05-15 18:22:57 - [MESSAGE][PASSED] - Attribute 'value' of object '' is: '4000'

2018-05-15 18:22:57 - [TEST_STEP][PASSED] - Statement - Rqty = 10000: null

2018-05-15 18:22:57 - [TEST_STEP][PASSED] - delay: Delayed 2 second(s)

2018-05-15 18:22:59 - [MESSAGE][PASSED] - Delayed 2 second(s)

2018-05-15 18:22:59 - [TEST_STEP][PASSED] - Statement - out.println("BatchQty : " + batchqty): null

2018-05-15 18:22:59 - [TEST_STEP][PASSED] - Statement - out.println("RQty : " + Rqty): null

2018-05-15 18:22:59 - [TEST_STEP][PASSED] - Statement - If (java.lang.Integer.valueOf(batchqty) >= java.lang.Integer.valueOf(Rqty)): null

2018-05-15 18:22:59 - [TEST_STEP][PASSED] - Statement - Else: null

2018-05-15 18:22:59 - [TEST_STEP][PASSED] - Statement - out.println("Batchqty Is Less Than Rqty"): null

2018-05-15 18:22:59 - [TEST_STEP][PASSED] - Statement - product = new com.kms.katalon.core.testobject.TestObject(): null

2018-05-15 18:22:59 - [TEST_STEP][PASSED] - Statement - product = com.kms.katalon.core.webui.keyword.WebUiBuiltInKeywords.modifyObjectProperty(product, "xpath", "equals", "//*[@id = "fldvendor" + row + ""]", true): Modify property of object successfully

2018-05-15 18:22:59 - [MESSAGE][PASSED] - Modify property of object successfully

2018-05-15 18:22:59 - [TEST_STEP][PASSED] - selectOptionByIndex: All options with index in [3] are selected on object ''

2018-05-15 18:22:59 - [MESSAGE][PASSED] - All options with index in [3] are selected on object ''

2018-05-15 18:22:59 - [TEST_STEP][PASSED] - Statement - batch = new com.kms.katalon.core.testobject.TestObject(): null

2018-05-15 18:22:59 - [TEST_STEP][PASSED] - Statement - batch = com.kms.katalon.core.webui.keyword.WebUiBuiltInKeywords.modifyObjectProperty(batch, "xpath", "equals", "//*[@id = "txtbthqty" + row + ""]", true): Modify property of object successfully

2018-05-15 18:22:59 - [MESSAGE][PASSED] - Modify property of object successfully

2018-05-15 18:22:59 - [TEST_STEP][PASSED] - Statement - batchqty = com.kms.katalon.core.webui.keyword.WebUiBuiltInKeywords.getAttribute(batch, "value").trim(): Attribute 'value' of object '' is: '5000'

2018-05-15 18:22:59 - [MESSAGE][PASSED] - Attribute 'value' of object '' is: '5000'

2018-05-15 18:22:59 - [TEST_STEP][PASSED] - Statement - Rqty = 10000: null

2018-05-15 18:22:59 - [TEST_STEP][PASSED] - delay: Delayed 2 second(s)

2018-05-15 18:23:01 - [MESSAGE][PASSED] - Delayed 2 second(s)

2018-05-15 18:23:01 - [TEST_STEP][PASSED] - Statement - out.println("BatchQty : " + batchqty): null

2018-05-15 18:23:01 - [TEST_STEP][PASSED] - Statement - out.println("RQty : " + Rqty): null

2018-05-15 18:23:01 - [TEST_STEP][PASSED] - Statement - If (java.lang.Integer.valueOf(batchqty) >= java.lang.Integer.valueOf(Rqty)): null

2018-05-15 18:23:01 - [TEST_STEP][PASSED] - Statement - Else: null

2018-05-15 18:23:01 - [TEST_STEP][PASSED] - Statement - out.println("Batchqty Is Less Than Rqty"): null

2018-05-15 18:23:01 - [TEST_STEP][PASSED] - Statement - product = new com.kms.katalon.core.testobject.TestObject(): null

2018-05-15 18:23:01 - [TEST_STEP][PASSED] - Statement - product = com.kms.katalon.core.webui.keyword.WebUiBuiltInKeywords.modifyObjectProperty(product, "xpath", "equals", "//*[@id = "fldvendor" + row + ""]", true): Modify property of object successfully

2018-05-15 18:23:01 - [MESSAGE][PASSED] - Modify property of object successfully

2018-05-15 18:23:01 - [TEST_STEP][PASSED] - selectOptionByIndex: All options with index in [4] are selected on object ''

2018-05-15 18:23:01 - [MESSAGE][PASSED] - All options with index in [4] are selected on object ''

2018-05-15 18:23:01 - [TEST_STEP][PASSED] - Statement - batch = new com.kms.katalon.core.testobject.TestObject(): null

2018-05-15 18:23:01 - [TEST_STEP][PASSED] - Statement - batch = com.kms.katalon.core.webui.keyword.WebUiBuiltInKeywords.modifyObjectProperty(batch, "xpath", "equals", "//*[@id = "txtbthqty" + row + ""]", true): Modify property of object successfully

2018-05-15 18:23:01 - [MESSAGE][PASSED] - Modify property of object successfully

2018-05-15 18:23:01 - [TEST_STEP][PASSED] - Statement - batchqty = com.kms.katalon.core.webui.keyword.WebUiBuiltInKeywords.getAttribute(batch, "value").trim(): Attribute 'value' of object '' is: '5000'

2018-05-15 18:23:01 - [MESSAGE][PASSED] - Attribute 'value' of object '' is: '5000'

2018-05-15 18:23:01 - [TEST_STEP][PASSED] - Statement - Rqty = 10000: null

2018-05-15 18:23:01 - [TEST_STEP][PASSED] - delay: Delayed 2 second(s)

2018-05-15 18:23:03 - [MESSAGE][PASSED] - Delayed 2 second(s)

2018-05-15 18:23:03 - [TEST_STEP][PASSED] - Statement - out.println("BatchQty : " + batchqty): null

2018-05-15 18:23:03 - [TEST_STEP][PASSED] - Statement - out.println("RQty : " + Rqty): null

2018-05-15 18:23:03 - [TEST_STEP][PASSED] - Statement - If (java.lang.Integer.valueOf(batchqty) >= java.lang.Integer.valueOf(Rqty)): null

2018-05-15 18:23:03 - [TEST_STEP][PASSED] - Statement - Else: null

2018-05-15 18:23:03 - [TEST_STEP][PASSED] - Statement - out.println("Batchqty Is Less Than Rqty"): null

2018-05-15 18:23:03 - [TEST_STEP][PASSED] - Statement - product = new com.kms.katalon.core.testobject.TestObject(): null

2018-05-15 18:23:03 - [TEST_STEP][PASSED] - Statement - product = com.kms.katalon.core.webui.keyword.WebUiBuiltInKeywords.modifyObjectProperty(product, "xpath", "equals", "//*[@id = "fldvendor" + row + ""]", true): Modify property of object successfully

2018-05-15 18:23:03 - [MESSAGE][PASSED] - Modify property of object successfully

2018-05-15 18:23:03 - [TEST_STEP][PASSED] - selectOptionByIndex: All options with index in [5] are selected on object ''

2018-05-15 18:23:04 - [MESSAGE][PASSED] - All options with index in [5] are selected on object ''

2018-05-15 18:23:04 - [TEST_STEP][PASSED] - Statement - batch = new com.kms.katalon.core.testobject.TestObject(): null

2018-05-15 18:23:04 - [TEST_STEP][PASSED] - Statement - batch = com.kms.katalon.core.webui.keyword.WebUiBuiltInKeywords.modifyObjectProperty(batch, "xpath", "equals", "//*[@id = "txtbthqty" + row + ""]", true): Modify property of object successfully

2018-05-15 18:23:04 - [MESSAGE][PASSED] - Modify property of object successfully

2018-05-15 18:23:04 - [TEST_STEP][PASSED] - Statement - batchqty = com.kms.katalon.core.webui.keyword.WebUiBuiltInKeywords.getAttribute(batch, "value").trim(): Attribute 'value' of object '' is: '5000'

2018-05-15 18:23:04 - [MESSAGE][PASSED] - Attribute 'value' of object '' is: '5000'

2018-05-15 18:23:04 - [TEST_STEP][PASSED] - Statement - Rqty = 10000: null

2018-05-15 18:23:04 - [TEST_STEP][PASSED] - delay: Delayed 2 second(s)

2018-05-15 18:23:06 - [MESSAGE][PASSED] - Delayed 2 second(s)

2018-05-15 18:23:06 - [TEST_STEP][PASSED] - Statement - out.println("BatchQty : " + batchqty): null

2018-05-15 18:23:06 - [TEST_STEP][PASSED] - Statement - out.println("RQty : " + Rqty): null

2018-05-15 18:23:06 - [TEST_STEP][PASSED] - Statement - If (java.lang.Integer.valueOf(batchqty) >= java.lang.Integer.valueOf(Rqty)): null

2018-05-15 18:23:06 - [TEST_STEP][PASSED] - Statement - Else: null

2018-05-15 18:23:06 - [TEST_STEP][PASSED] - Statement - out.println("Batchqty Is Less Than Rqty"): null

2018-05-15 18:23:06 - [TEST_STEP][PASSED] - Statement - product = new com.kms.katalon.core.testobject.TestObject(): null

2018-05-15 18:23:06 - [TEST_STEP][PASSED] - Statement - product = com.kms.katalon.core.webui.keyword.WebUiBuiltInKeywords.modifyObjectProperty(product, "xpath", "equals", "//*[@id = "fldvendor" + row + ""]", true): Modify property of object successfully

2018-05-15 18:23:06 - [MESSAGE][PASSED] - Modify property of object successfully

2018-05-15 18:23:06 - [TEST_STEP][PASSED] - selectOptionByIndex: All options with index in [6] are selected on object ''

2018-05-15 18:23:06 - [MESSAGE][PASSED] - All options with index in [6] are selected on object ''

2018-05-15 18:23:06 - [TEST_STEP][PASSED] - Statement - batch = new com.kms.katalon.core.testobject.TestObject(): null

2018-05-15 18:23:06 - [TEST_STEP][PASSED] - Statement - batch = com.kms.katalon.core.webui.keyword.WebUiBuiltInKeywords.modifyObjectProperty(batch, "xpath", "equals", "//*[@id = "txtbthqty" + row + ""]", true): Modify property of object successfully

2018-05-15 18:23:06 - [MESSAGE][PASSED] - Modify property of object successfully

2018-05-15 18:23:06 - [TEST_STEP][PASSED] - Statement - batchqty = com.kms.katalon.core.webui.keyword.WebUiBuiltInKeywords.getAttribute(batch, "value").trim(): Attribute 'value' of object '' is: '500'

2018-05-15 18:23:06 - [MESSAGE][PASSED] - Attribute 'value' of object '' is: '500'

2018-05-15 18:23:06 - [TEST_STEP][PASSED] - Statement - Rqty = 10000: null

2018-05-15 18:23:06 - [TEST_STEP][PASSED] - delay: Delayed 2 second(s)

2018-05-15 18:23:08 - [MESSAGE][PASSED] - Delayed 2 second(s)

2018-05-15 18:23:08 - [TEST_STEP][PASSED] - Statement - out.println("BatchQty : " + batchqty): null

2018-05-15 18:23:08 - [TEST_STEP][PASSED] - Statement - out.println("RQty : " + Rqty): null

2018-05-15 18:23:08 - [TEST_STEP][PASSED] - Statement - If (java.lang.Integer.valueOf(batchqty) >= java.lang.Integer.valueOf(Rqty)): null

2018-05-15 18:23:08 - [TEST_STEP][PASSED] - Statement - Else: null

2018-05-15 18:23:08 - [TEST_STEP][PASSED] - Statement - out.println("Batchqty Is Less Than Rqty"): null

2018-05-15 18:23:08 - [TEST_STEP][PASSED] - Statement - product = new com.kms.katalon.core.testobject.TestObject(): null

2018-05-15 18:23:08 - [TEST_STEP][PASSED] - Statement - product = com.kms.katalon.core.webui.keyword.WebUiBuiltInKeywords.modifyObjectProperty(product, "xpath", "equals", "//*[@id = "fldvendor" + row + ""]", true): Modify property of object successfully

2018-05-15 18:23:08 - [MESSAGE][PASSED] - Modify property of object successfully

2018-05-15 18:23:08 - [TEST_STEP][PASSED] - selectOptionByIndex: All options with index in [7] are selected on object ''

2018-05-15 18:23:08 - [MESSAGE][PASSED] - All options with index in [7] are selected on object ''

2018-05-15 18:23:08 - [TEST_STEP][PASSED] - Statement - batch = new com.kms.katalon.core.testobject.TestObject(): null

2018-05-15 18:23:08 - [TEST_STEP][PASSED] - Statement - batch = com.kms.katalon.core.webui.keyword.WebUiBuiltInKeywords.modifyObjectProperty(batch, "xpath", "equals", "//*[@id = "txtbthqty" + row + ""]", true): Modify property of object successfully

2018-05-15 18:23:08 - [MESSAGE][PASSED] - Modify property of object successfully

2018-05-15 18:23:08 - [TEST_STEP][PASSED] - Statement - batchqty = com.kms.katalon.core.webui.keyword.WebUiBuiltInKeywords.getAttribute(batch, "value").trim(): Attribute 'value' of object '' is: '5000'

2018-05-15 18:23:08 - [MESSAGE][PASSED] - Attribute 'value' of object '' is: '5000'

2018-05-15 18:23:08 - [TEST_STEP][PASSED] - Statement - Rqty = 10000: null

2018-05-15 18:23:08 - [TEST_STEP][PASSED] - delay: Delayed 2 second(s)

2018-05-15 18:23:10 - [MESSAGE][PASSED] - Delayed 2 second(s)

2018-05-15 18:23:10 - [TEST_STEP][PASSED] - Statement - out.println("BatchQty : " + batchqty): null

2018-05-15 18:23:10 - [TEST_STEP][PASSED] - Statement - out.println("RQty : " + Rqty): null

2018-05-15 18:23:10 - [TEST_STEP][PASSED] - Statement - If (java.lang.Integer.valueOf(batchqty) >= java.lang.Integer.valueOf(Rqty)): null

2018-05-15 18:23:10 - [TEST_STEP][PASSED] - Statement - Else: null

2018-05-15 18:23:10 - [TEST_STEP][PASSED] - Statement - out.println("Batchqty Is Less Than Rqty"): null

2018-05-15 18:23:10 - [TEST_STEP][PASSED] - Statement - product = new com.kms.katalon.core.testobject.TestObject(): null

2018-05-15 18:23:10 - [TEST_STEP][PASSED] - Statement - product = com.kms.katalon.core.webui.keyword.WebUiBuiltInKeywords.modifyObjectProperty(product, "xpath", "equals", "//*[@id = "fldvendor" + row + ""]", true): Modify property of object successfully

2018-05-15 18:23:10 - [MESSAGE][PASSED] - Modify property of object successfully

2018-05-15 18:23:10 - [TEST_STEP][PASSED] - selectOptionByIndex: All options with index in [8] are selected on object ''

2018-05-15 18:23:10 - [MESSAGE][PASSED] - All options with index in [8] are selected on object ''

2018-05-15 18:23:10 - [TEST_STEP][PASSED] - Statement - batch = new com.kms.katalon.core.testobject.TestObject(): null

2018-05-15 18:23:10 - [TEST_STEP][PASSED] - Statement - batch = com.kms.katalon.core.webui.keyword.WebUiBuiltInKeywords.modifyObjectProperty(batch, "xpath", "equals", "//*[@id = "txtbthqty" + row + ""]", true): Modify property of object successfully

2018-05-15 18:23:10 - [MESSAGE][PASSED] - Modify property of object successfully

2018-05-15 18:23:10 - [TEST_STEP][PASSED] - Statement - batchqty = com.kms.katalon.core.webui.keyword.WebUiBuiltInKeywords.getAttribute(batch, "value").trim(): Attribute 'value' of object '' is: '50000'

2018-05-15 18:23:10 - [MESSAGE][PASSED] - Attribute 'value' of object '' is: '50000'

2018-05-15 18:23:10 - [TEST_STEP][PASSED] - Statement - Rqty = 10000: null

2018-05-15 18:23:10 - [TEST_STEP][PASSED] - delay: Delayed 2 second(s)

2018-05-15 18:23:12 - [MESSAGE][PASSED] - Delayed 2 second(s)

2018-05-15 18:23:12 - [TEST_STEP][PASSED] - Statement - out.println("BatchQty : " + batchqty): null

2018-05-15 18:23:12 - [TEST_STEP][PASSED] - Statement - out.println("RQty : " + Rqty): null

2018-05-15 18:23:12 - [TEST_STEP][PASSED] - Statement - If (java.lang.Integer.valueOf(batchqty) >= java.lang.Integer.valueOf(Rqty)): null

2018-05-15 18:23:12 - [TEST_STEP][PASSED] - Statement - Break: null

2018-05-15 18:23:12 - [TEST_STEP][PASSED] - Statement - batchlength = new com.kms.katalon.core.testobject.TestObject(): null

2018-05-15 18:23:12 - [TEST_STEP][PASSED] - Statement - batchlength = com.kms.katalon.core.webui.keyword.WebUiBuiltInKeywords.modifyObjectProperty(batchlength, "xpath", "equals", "//*[@id = "fldvendor" + row + ""]", true): Modify property of object successfully

2018-05-15 18:23:12 - [MESSAGE][PASSED] - Modify property of object successfully

2018-05-15 18:23:12 - [TEST_STEP][PASSED] - Statement - batchsize = com.kms.katalon.core.webui.keyword.WebUiBuiltInKeywords.getNumberOfTotalOption(batchlength): 10 options of object '' counted

2018-05-15 18:23:13 - [MESSAGE][PASSED] - 10 options of object '' counted

2018-05-15 18:23:13 - [TEST_STEP][PASSED] - Statement - out.println("BatchSize : " + batchsize): null

2018-05-15 18:23:13 - [TEST_STEP][PASSED] - Statement - For ([n = 1, n <= batchsize - 1, (n++)]): null

2018-05-15 18:23:13 - [TEST_STEP][PASSED] - Statement - product = new com.kms.katalon.core.testobject.TestObject(): null

2018-05-15 18:23:13 - [TEST_STEP][PASSED] - Statement - product = com.kms.katalon.core.webui.keyword.WebUiBuiltInKeywords.modifyObjectProperty(product, "xpath", "equals", "//*[@id = "fldvendor" + row + ""]", true): Modify property of object successfully

2018-05-15 18:23:13 - [MESSAGE][PASSED] - Modify property of object successfully

2018-05-15 18:23:13 - [TEST_STEP][PASSED] - selectOptionByIndex: All options with index in [1] are selected on object ''

2018-05-15 18:23:13 - [MESSAGE][PASSED] - All options with index in [1] are selected on object ''

2018-05-15 18:23:13 - [TEST_STEP][PASSED] - Statement - batch = new com.kms.katalon.core.testobject.TestObject(): null

2018-05-15 18:23:13 - [TEST_STEP][PASSED] - Statement - batch = com.kms.katalon.core.webui.keyword.WebUiBuiltInKeywords.modifyObjectProperty(batch, "xpath", "equals", "//*[@id = "txtbthqty" + row + ""]", true): Modify property of object successfully

2018-05-15 18:23:13 - [MESSAGE][PASSED] - Modify property of object successfully

2018-05-15 18:23:13 - [TEST_STEP][PASSED] - Statement - batchqty = com.kms.katalon.core.webui.keyword.WebUiBuiltInKeywords.getAttribute(batch, "value").trim(): Attribute 'value' of object '' is: '4000'

2018-05-15 18:23:13 - [MESSAGE][PASSED] - Attribute 'value' of object '' is: '4000'

2018-05-15 18:23:13 - [TEST_STEP][PASSED] - Statement - Rqty = 10000: null

2018-05-15 18:23:13 - [TEST_STEP][PASSED] - delay: Delayed 2 second(s)

2018-05-15 18:23:15 - [MESSAGE][PASSED] - Delayed 2 second(s)

2018-05-15 18:23:15 - [TEST_STEP][PASSED] - Statement - out.println("BatchQty : " + batchqty): null

2018-05-15 18:23:15 - [TEST_STEP][PASSED] - Statement - out.println("RQty : " + Rqty): null

2018-05-15 18:23:15 - [TEST_STEP][PASSED] - Statement - If (java.lang.Integer.valueOf(batchqty) >= java.lang.Integer.valueOf(Rqty)): null

2018-05-15 18:23:15 - [TEST_STEP][PASSED] - Statement - Else: null

2018-05-15 18:23:15 - [TEST_STEP][PASSED] - Statement - out.println("Batchqty Is Less Than Rqty"): null

2018-05-15 18:23:15 - [TEST_STEP][PASSED] - Statement - product = new com.kms.katalon.core.testobject.TestObject(): null

2018-05-15 18:23:15 - [TEST_STEP][PASSED] - Statement - product = com.kms.katalon.core.webui.keyword.WebUiBuiltInKeywords.modifyObjectProperty(product, "xpath", "equals", "//*[@id = "fldvendor" + row + ""]", true): Modify property of object successfully

2018-05-15 18:23:15 - [MESSAGE][PASSED] - Modify property of object successfully

2018-05-15 18:23:15 - [TEST_STEP][PASSED] - selectOptionByIndex: All options with index in [2] are selected on object ''

2018-05-15 18:23:15 - [MESSAGE][PASSED] - All options with index in [2] are selected on object ''

2018-05-15 18:23:15 - [TEST_STEP][PASSED] - Statement - batch = new com.kms.katalon.core.testobject.TestObject(): null

2018-05-15 18:23:15 - [TEST_STEP][PASSED] - Statement - batch = com.kms.katalon.core.webui.keyword.WebUiBuiltInKeywords.modifyObjectProperty(batch, "xpath", "equals", "//*[@id = "txtbthqty" + row + ""]", true): Modify property of object successfully

2018-05-15 18:23:15 - [MESSAGE][PASSED] - Modify property of object successfully

2018-05-15 18:23:15 - [TEST_STEP][PASSED] - Statement - batchqty = com.kms.katalon.core.webui.keyword.WebUiBuiltInKeywords.getAttribute(batch, "value").trim(): Attribute 'value' of object '' is: '5000'

2018-05-15 18:23:15 - [MESSAGE][PASSED] - Attribute 'value' of object '' is: '5000'

2018-05-15 18:23:15 - [TEST_STEP][PASSED] - Statement - Rqty = 10000: null

2018-05-15 18:23:15 - [TEST_STEP][PASSED] - delay: Delayed 2 second(s)

2018-05-15 18:23:17 - [MESSAGE][PASSED] - Delayed 2 second(s)

2018-05-15 18:23:17 - [TEST_STEP][PASSED] - Statement - out.println("BatchQty : " + batchqty): null

2018-05-15 18:23:17 - [TEST_STEP][PASSED] - Statement - out.println("RQty : " + Rqty): null

2018-05-15 18:23:17 - [TEST_STEP][PASSED] - Statement - If (java.lang.Integer.valueOf(batchqty) >= java.lang.Integer.valueOf(Rqty)): null

2018-05-15 18:23:17 - [TEST_STEP][PASSED] - Statement - Else: null

2018-05-15 18:23:17 - [TEST_STEP][PASSED] - Statement - out.println("Batchqty Is Less Than Rqty"): null

2018-05-15 18:23:17 - [TEST_STEP][PASSED] - Statement - product = new com.kms.katalon.core.testobject.TestObject(): null

2018-05-15 18:23:17 - [TEST_STEP][PASSED] - Statement - product = com.kms.katalon.core.webui.keyword.WebUiBuiltInKeywords.modifyObjectProperty(product, "xpath", "equals", "//*[@id = "fldvendor" + row + ""]", true): Modify property of object successfully

2018-05-15 18:23:17 - [MESSAGE][PASSED] - Modify property of object successfully

2018-05-15 18:23:17 - [TEST_STEP][PASSED] - selectOptionByIndex: All options with index in [3] are selected on object ''

2018-05-15 18:23:17 - [MESSAGE][PASSED] - All options with index in [3] are selected on object ''

2018-05-15 18:23:17 - [TEST_STEP][PASSED] - Statement - batch = new com.kms.katalon.core.testobject.TestObject(): null

2018-05-15 18:23:17 - [TEST_STEP][PASSED] - Statement - batch = com.kms.katalon.core.webui.keyword.WebUiBuiltInKeywords.modifyObjectProperty(batch, "xpath", "equals", "//*[@id = "txtbthqty" + row + ""]", true): Modify property of object successfully

2018-05-15 18:23:17 - [MESSAGE][PASSED] - Modify property of object successfully

2018-05-15 18:23:17 - [TEST_STEP][PASSED] - Statement - batchqty = com.kms.katalon.core.webui.keyword.WebUiBuiltInKeywords.getAttribute(batch, "value").trim(): Attribute 'value' of object '' is: '5000'

2018-05-15 18:23:17 - [MESSAGE][PASSED] - Attribute 'value' of object '' is: '5000'

2018-05-15 18:23:17 - [TEST_STEP][PASSED] - Statement - Rqty = 10000: null

2018-05-15 18:23:17 - [TEST_STEP][PASSED] - delay: Delayed 2 second(s)

2018-05-15 18:23:19 - [MESSAGE][PASSED] - Delayed 2 second(s)

2018-05-15 18:23:19 - [TEST_STEP][PASSED] - Statement - out.println("BatchQty : " + batchqty): null

2018-05-15 18:23:19 - [TEST_STEP][PASSED] - Statement - out.println("RQty : " + Rqty): null

2018-05-15 18:23:19 - [TEST_STEP][PASSED] - Statement - If (java.lang.Integer.valueOf(batchqty) >= java.lang.Integer.valueOf(Rqty)): null

2018-05-15 18:23:19 - [TEST_STEP][PASSED] - Statement - Else: null

2018-05-15 18:23:19 - [TEST_STEP][PASSED] - Statement - out.println("Batchqty Is Less Than Rqty"): null

2018-05-15 18:23:19 - [TEST_STEP][PASSED] - Statement - product = new com.kms.katalon.core.testobject.TestObject(): null

2018-05-15 18:23:19 - [TEST_STEP][PASSED] - Statement - product = com.kms.katalon.core.webui.keyword.WebUiBuiltInKeywords.modifyObjectProperty(product, "xpath", "equals", "//*[@id = "fldvendor" + row + ""]", true): Modify property of object successfully

2018-05-15 18:23:19 - [MESSAGE][PASSED] - Modify property of object successfully

2018-05-15 18:23:19 - [TEST_STEP][PASSED] - selectOptionByIndex: All options with index in [4] are selected on object ''

2018-05-15 18:23:20 - [MESSAGE][PASSED] - All options with index in [4] are selected on object ''

2018-05-15 18:23:20 - [TEST_STEP][PASSED] - Statement - batch = new com.kms.katalon.core.testobject.TestObject(): null

2018-05-15 18:23:20 - [TEST_STEP][PASSED] - Statement - batch = com.kms.katalon.core.webui.keyword.WebUiBuiltInKeywords.modifyObjectProperty(batch, "xpath", "equals", "//*[@id = "txtbthqty" + row + ""]", true): Modify property of object successfully

2018-05-15 18:23:20 - [MESSAGE][PASSED] - Modify property of object successfully

2018-05-15 18:23:20 - [TEST_STEP][PASSED] - Statement - batchqty = com.kms.katalon.core.webui.keyword.WebUiBuiltInKeywords.getAttribute(batch, "value").trim(): Attribute 'value' of object '' is: '34000'

2018-05-15 18:23:20 - [MESSAGE][PASSED] - Attribute 'value' of object '' is: '34000'

2018-05-15 18:23:20 - [TEST_STEP][PASSED] - Statement - Rqty = 10000: null

2018-05-15 18:23:20 - [TEST_STEP][PASSED] - delay: Delayed 2 second(s)

2018-05-15 18:23:22 - [MESSAGE][PASSED] - Delayed 2 second(s)

2018-05-15 18:23:22 - [TEST_STEP][PASSED] - Statement - out.println("BatchQty : " + batchqty): null

2018-05-15 18:23:22 - [TEST_STEP][PASSED] - Statement - out.println("RQty : " + Rqty): null

2018-05-15 18:23:22 - [TEST_STEP][PASSED] - Statement - If (java.lang.Integer.valueOf(batchqty) >= java.lang.Integer.valueOf(Rqty)): null

2018-05-15 18:23:22 - [TEST_STEP][PASSED] - Statement - Break: null

2018-05-15 18:23:22 - [TEST_STEP][PASSED] - Statement - batchlength = new com.kms.katalon.core.testobject.TestObject(): null

2018-05-15 18:23:22 - [TEST_STEP][PASSED] - Statement - batchlength = com.kms.katalon.core.webui.keyword.WebUiBuiltInKeywords.modifyObjectProperty(batchlength, "xpath", "equals", "//*[@id = "fldvendor" + row + ""]", true): Modify property of object successfully

2018-05-15 18:23:22 - [MESSAGE][PASSED] - Modify property of object successfully

2018-05-15 18:23:22 - [TEST_STEP][PASSED] - Statement - batchsize = com.kms.katalon.core.webui.keyword.WebUiBuiltInKeywords.getNumberOfTotalOption(batchlength): 10 options of object '' counted

2018-05-15 18:23:22 - [MESSAGE][PASSED] - 10 options of object '' counted

2018-05-15 18:23:22 - [TEST_STEP][PASSED] - Statement - out.println("BatchSize : " + batchsize): null

2018-05-15 18:23:22 - [TEST_STEP][PASSED] - Statement - For ([n = 1, n <= batchsize - 1, (n++)]): null

2018-05-15 18:23:22 - [TEST_STEP][PASSED] - Statement - product = new com.kms.katalon.core.testobject.TestObject(): null

2018-05-15 18:23:22 - [TEST_STEP][PASSED] - Statement - product = com.kms.katalon.core.webui.keyword.WebUiBuiltInKeywords.modifyObjectProperty(product, "xpath", "equals", "//*[@id = "fldvendor" + row + ""]", true): Modify property of object successfully

2018-05-15 18:23:22 - [MESSAGE][PASSED] - Modify property of object successfully

2018-05-15 18:23:22 - [TEST_STEP][PASSED] - selectOptionByIndex: All options with index in [1] are selected on object ''

2018-05-15 18:23:22 - [MESSAGE][PASSED] - All options with index in [1] are selected on object ''

2018-05-15 18:23:22 - [TEST_STEP][PASSED] - Statement - batch = new com.kms.katalon.core.testobject.TestObject(): null

2018-05-15 18:23:22 - [TEST_STEP][PASSED] - Statement - batch = com.kms.katalon.core.webui.keyword.WebUiBuiltInKeywords.modifyObjectProperty(batch, "xpath", "equals", "//*[@id = "txtbthqty" + row + ""]", true): Modify property of object successfully

2018-05-15 18:23:22 - [MESSAGE][PASSED] - Modify property of object successfully

2018-05-15 18:23:22 - [TEST_STEP][PASSED] - Statement - batchqty = com.kms.katalon.core.webui.keyword.WebUiBuiltInKeywords.getAttribute(batch, "value").trim(): Attribute 'value' of object '' is: '5000'

2018-05-15 18:23:22 - [MESSAGE][PASSED] - Attribute 'value' of object '' is: '5000'

2018-05-15 18:23:22 - [TEST_STEP][PASSED] - Statement - Rqty = 10000: null

2018-05-15 18:23:22 - [TEST_STEP][PASSED] - delay: Delayed 2 second(s)

2018-05-15 18:23:24 - [MESSAGE][PASSED] - Delayed 2 second(s)

2018-05-15 18:23:24 - [TEST_STEP][PASSED] - Statement - out.println("BatchQty : " + batchqty): null

2018-05-15 18:23:24 - [TEST_STEP][PASSED] - Statement - out.println("RQty : " + Rqty): null

2018-05-15 18:23:24 - [TEST_STEP][PASSED] - Statement - If (java.lang.Integer.valueOf(batchqty) >= java.lang.Integer.valueOf(Rqty)): null

2018-05-15 18:23:24 - [TEST_STEP][PASSED] - Statement - Else: null

2018-05-15 18:23:24 - [TEST_STEP][PASSED] - Statement - out.println("Batchqty Is Less Than Rqty"): null

2018-05-15 18:23:24 - [TEST_STEP][PASSED] - Statement - product = new com.kms.katalon.core.testobject.TestObject(): null

2018-05-15 18:23:24 - [TEST_STEP][PASSED] - Statement - product = com.kms.katalon.core.webui.keyword.WebUiBuiltInKeywords.modifyObjectProperty(product, "xpath", "equals", "//*[@id = "fldvendor" + row + ""]", true): Modify property of object successfully

2018-05-15 18:23:24 - [MESSAGE][PASSED] - Modify property of object successfully

2018-05-15 18:23:24 - [TEST_STEP][PASSED] - selectOptionByIndex: All options with index in [2] are selected on object ''

2018-05-15 18:23:24 - [MESSAGE][PASSED] - All options with index in [2] are selected on object ''

2018-05-15 18:23:24 - [TEST_STEP][PASSED] - Statement - batch = new com.kms.katalon.core.testobject.TestObject(): null

2018-05-15 18:23:24 - [TEST_STEP][PASSED] - Statement - batch = com.kms.katalon.core.webui.keyword.WebUiBuiltInKeywords.modifyObjectProperty(batch, "xpath", "equals", "//*[@id = "txtbthqty" + row + ""]", true): Modify property of object successfully

2018-05-15 18:23:24 - [MESSAGE][PASSED] - Modify property of object successfully

2018-05-15 18:23:24 - [TEST_STEP][PASSED] - Statement - batchqty = com.kms.katalon.core.webui.keyword.WebUiBuiltInKeywords.getAttribute(batch, "value").trim(): Attribute 'value' of object '' is: '500'

2018-05-15 18:23:24 - [MESSAGE][PASSED] - Attribute 'value' of object '' is: '500'

2018-05-15 18:23:24 - [TEST_STEP][PASSED] - Statement - Rqty = 10000: null

2018-05-15 18:23:24 - [TEST_STEP][PASSED] - delay: Delayed 2 second(s)

2018-05-15 18:23:26 - [MESSAGE][PASSED] - Delayed 2 second(s)

2018-05-15 18:23:26 - [TEST_STEP][PASSED] - Statement - out.println("BatchQty : " + batchqty): null

2018-05-15 18:23:26 - [TEST_STEP][PASSED] - Statement - out.println("RQty : " + Rqty): null

2018-05-15 18:23:26 - [TEST_STEP][PASSED] - Statement - If (java.lang.Integer.valueOf(batchqty) >= java.lang.Integer.valueOf(Rqty)): null

2018-05-15 18:23:26 - [TEST_STEP][PASSED] - Statement - Else: null

2018-05-15 18:23:26 - [TEST_STEP][PASSED] - Statement - out.println("Batchqty Is Less Than Rqty"): null

2018-05-15 18:23:26 - [TEST_STEP][PASSED] - Statement - product = new com.kms.katalon.core.testobject.TestObject(): null

2018-05-15 18:23:26 - [TEST_STEP][PASSED] - Statement - product = com.kms.katalon.core.webui.keyword.WebUiBuiltInKeywords.modifyObjectProperty(product, "xpath", "equals", "//*[@id = "fldvendor" + row + ""]", true): Modify property of object successfully

2018-05-15 18:23:26 - [MESSAGE][PASSED] - Modify property of object successfully

2018-05-15 18:23:26 - [TEST_STEP][PASSED] - selectOptionByIndex: All options with index in [3] are selected on object ''

2018-05-15 18:23:26 - [MESSAGE][PASSED] - All options with index in [3] are selected on object ''

2018-05-15 18:23:26 - [TEST_STEP][PASSED] - Statement - batch = new com.kms.katalon.core.testobject.TestObject(): null

2018-05-15 18:23:26 - [TEST_STEP][PASSED] - Statement - batch = com.kms.katalon.core.webui.keyword.WebUiBuiltInKeywords.modifyObjectProperty(batch, "xpath", "equals", "//*[@id = "txtbthqty" + row + ""]", true): Modify property of object successfully

2018-05-15 18:23:26 - [MESSAGE][PASSED] - Modify property of object successfully

2018-05-15 18:23:26 - [TEST_STEP][PASSED] - Statement - batchqty = com.kms.katalon.core.webui.keyword.WebUiBuiltInKeywords.getAttribute(batch, "value").trim(): Attribute 'value' of object '' is: '5000'

2018-05-15 18:23:26 - [MESSAGE][PASSED] - Attribute 'value' of object '' is: '5000'

2018-05-15 18:23:26 - [TEST_STEP][PASSED] - Statement - Rqty = 10000: null

2018-05-15 18:23:26 - [TEST_STEP][PASSED] - delay: Delayed 2 second(s)

2018-05-15 18:23:28 - [MESSAGE][PASSED] - Delayed 2 second(s)

2018-05-15 18:23:28 - [TEST_STEP][PASSED] - Statement - out.println("BatchQty : " + batchqty): null

2018-05-15 18:23:28 - [TEST_STEP][PASSED] - Statement - out.println("RQty : " + Rqty): null

2018-05-15 18:23:28 - [TEST_STEP][PASSED] - Statement - If (java.lang.Integer.valueOf(batchqty) >= java.lang.Integer.valueOf(Rqty)): null

2018-05-15 18:23:28 - [TEST_STEP][PASSED] - Statement - Else: null

2018-05-15 18:23:28 - [TEST_STEP][PASSED] - Statement - out.println("Batchqty Is Less Than Rqty"): null

2018-05-15 18:23:28 - [TEST_STEP][PASSED] - Statement - product = new com.kms.katalon.core.testobject.TestObject(): null

2018-05-15 18:23:28 - [TEST_STEP][PASSED] - Statement - product = com.kms.katalon.core.webui.keyword.WebUiBuiltInKeywords.modifyObjectProperty(product, "xpath", "equals", "//*[@id = "fldvendor" + row + ""]", true): Modify property of object successfully

2018-05-15 18:23:28 - [MESSAGE][PASSED] - Modify property of object successfully

2018-05-15 18:23:28 - [TEST_STEP][PASSED] - selectOptionByIndex: All options with index in [4] are selected on object ''

2018-05-15 18:23:29 - [MESSAGE][PASSED] - All options with index in [4] are selected on object ''

2018-05-15 18:23:29 - [TEST_STEP][PASSED] - Statement - batch = new com.kms.katalon.core.testobject.TestObject(): null

2018-05-15 18:23:29 - [TEST_STEP][PASSED] - Statement - batch = com.kms.katalon.core.webui.keyword.WebUiBuiltInKeywords.modifyObjectProperty(batch, "xpath", "equals", "//*[@id = "txtbthqty" + row + ""]", true): Modify property of object successfully

2018-05-15 18:23:29 - [MESSAGE][PASSED] - Modify property of object successfully

2018-05-15 18:23:29 - [TEST_STEP][PASSED] - Statement - batchqty = com.kms.katalon.core.webui.keyword.WebUiBuiltInKeywords.getAttribute(batch, "value").trim(): Attribute 'value' of object '' is: '3000'

2018-05-15 18:23:29 - [MESSAGE][PASSED] - Attribute 'value' of object '' is: '3000'

2018-05-15 18:23:29 - [TEST_STEP][PASSED] - Statement - Rqty = 10000: null

2018-05-15 18:23:29 - [TEST_STEP][PASSED] - delay: Delayed 2 second(s)

2018-05-15 18:23:31 - [MESSAGE][PASSED] - Delayed 2 second(s)

2018-05-15 18:23:31 - [TEST_STEP][PASSED] - Statement - out.println("BatchQty : " + batchqty): null

2018-05-15 18:23:31 - [TEST_STEP][PASSED] - Statement - out.println("RQty : " + Rqty): null

2018-05-15 18:23:31 - [TEST_STEP][PASSED] - Statement - If (java.lang.Integer.valueOf(batchqty) >= java.lang.Integer.valueOf(Rqty)): null

2018-05-15 18:23:31 - [TEST_STEP][PASSED] - Statement - Else: null

2018-05-15 18:23:31 - [TEST_STEP][PASSED] - Statement - out.println("Batchqty Is Less Than Rqty"): null

2018-05-15 18:23:31 - [TEST_STEP][PASSED] - Statement - product = new com.kms.katalon.core.testobject.TestObject(): null

2018-05-15 18:23:31 - [TEST_STEP][PASSED] - Statement - product = com.kms.katalon.core.webui.keyword.WebUiBuiltInKeywords.modifyObjectProperty(product, "xpath", "equals", "//*[@id = "fldvendor" + row + ""]", true): Modify property of object successfully

2018-05-15 18:23:31 - [MESSAGE][PASSED] - Modify property of object successfully

2018-05-15 18:23:31 - [TEST_STEP][PASSED] - selectOptionByIndex: All options with index in [5] are selected on object ''

2018-05-15 18:23:31 - [MESSAGE][PASSED] - All options with index in [5] are selected on object ''

2018-05-15 18:23:31 - [TEST_STEP][PASSED] - Statement - batch = new com.kms.katalon.core.testobject.TestObject(): null

2018-05-15 18:23:31 - [TEST_STEP][PASSED] - Statement - batch = com.kms.katalon.core.webui.keyword.WebUiBuiltInKeywords.modifyObjectProperty(batch, "xpath", "equals", "//*[@id = "txtbthqty" + row + ""]", true): Modify property of object successfully

2018-05-15 18:23:31 - [MESSAGE][PASSED] - Modify property of object successfully

2018-05-15 18:23:31 - [TEST_STEP][PASSED] - Statement - batchqty = com.kms.katalon.core.webui.keyword.WebUiBuiltInKeywords.getAttribute(batch, "value").trim(): Attribute 'value' of object '' is: '40000'

2018-05-15 18:23:31 - [MESSAGE][PASSED] - Attribute 'value' of object '' is: '40000'

2018-05-15 18:23:31 - [TEST_STEP][PASSED] - Statement - Rqty = 10000: null

2018-05-15 18:23:31 - [TEST_STEP][PASSED] - delay: Delayed 2 second(s)

2018-05-15 18:23:33 - [MESSAGE][PASSED] - Delayed 2 second(s)

2018-05-15 18:23:33 - [TEST_STEP][PASSED] - Statement - out.println("BatchQty : " + batchqty): null

2018-05-15 18:23:33 - [TEST_STEP][PASSED] - Statement - out.println("RQty : " + Rqty): null

2018-05-15 18:23:33 - [TEST_STEP][PASSED] - Statement - If (java.lang.Integer.valueOf(batchqty) >= java.lang.Integer.valueOf(Rqty)): null

2018-05-15 18:23:33 - [TEST_STEP][PASSED] - Statement - Break: null

2018-05-15 18:23:33 - [TEST_STEP][PASSED] - Statement - batchlength = new com.kms.katalon.core.testobject.TestObject(): null

2018-05-15 18:23:33 - [TEST_STEP][PASSED] - Statement - batchlength = com.kms.katalon.core.webui.keyword.WebUiBuiltInKeywords.modifyObjectProperty(batchlength, "xpath", "equals", "//*[@id = "fldvendor" + row + ""]", true): Modify property of object successfully

2018-05-15 18:23:33 - [MESSAGE][PASSED] - Modify property of object successfully

2018-05-15 18:23:33 - [TEST_STEP][PASSED] - Statement - batchsize = com.kms.katalon.core.webui.keyword.WebUiBuiltInKeywords.getNumberOfTotalOption(batchlength): 10 options of object '' counted

2018-05-15 18:23:33 - [MESSAGE][PASSED] - 10 options of object '' counted

2018-05-15 18:23:33 - [TEST_STEP][PASSED] - Statement - out.println("BatchSize : " + batchsize): null

2018-05-15 18:23:33 - [TEST_STEP][PASSED] - Statement - For ([n = 1, n <= batchsize - 1, (n++)]): null

2018-05-15 18:23:33 - [TEST_STEP][PASSED] - Statement - product = new com.kms.katalon.core.testobject.TestObject(): null

2018-05-15 18:23:33 - [TEST_STEP][PASSED] - Statement - product = com.kms.katalon.core.webui.keyword.WebUiBuiltInKeywords.modifyObjectProperty(product, "xpath", "equals", "//*[@id = "fldvendor" + row + ""]", true): Modify property of object successfully

2018-05-15 18:23:33 - [MESSAGE][PASSED] - Modify property of object successfully

2018-05-15 18:23:33 - [TEST_STEP][PASSED] - selectOptionByIndex: All options with index in [1] are selected on object ''

2018-05-15 18:23:33 - [MESSAGE][PASSED] - All options with index in [1] are selected on object ''

2018-05-15 18:23:33 - [TEST_STEP][PASSED] - Statement - batch = new com.kms.katalon.core.testobject.TestObject(): null

2018-05-15 18:23:33 - [TEST_STEP][PASSED] - Statement - batch = com.kms.katalon.core.webui.keyword.WebUiBuiltInKeywords.modifyObjectProperty(batch, "xpath", "equals", "//*[@id = "txtbthqty" + row + ""]", true): Modify property of object successfully

2018-05-15 18:23:33 - [MESSAGE][PASSED] - Modify property of object successfully

2018-05-15 18:23:33 - [TEST_STEP][PASSED] - Statement - batchqty = com.kms.katalon.core.webui.keyword.WebUiBuiltInKeywords.getAttribute(batch, "value").trim(): Attribute 'value' of object '' is: '500'

2018-05-15 18:23:33 - [MESSAGE][PASSED] - Attribute 'value' of object '' is: '500'

2018-05-15 18:23:33 - [TEST_STEP][PASSED] - Statement - Rqty = 10000: null

2018-05-15 18:23:33 - [TEST_STEP][PASSED] - delay: Delayed 2 second(s)

2018-05-15 18:23:35 - [MESSAGE][PASSED] - Delayed 2 second(s)

2018-05-15 18:23:35 - [TEST_STEP][PASSED] - Statement - out.println("BatchQty : " + batchqty): null

2018-05-15 18:23:35 - [TEST_STEP][PASSED] - Statement - out.println("RQty : " + Rqty): null

2018-05-15 18:23:35 - [TEST_STEP][PASSED] - Statement - If (java.lang.Integer.valueOf(batchqty) >= java.lang.Integer.valueOf(Rqty)): null

2018-05-15 18:23:35 - [TEST_STEP][PASSED] - Statement - Else: null

2018-05-15 18:23:35 - [TEST_STEP][PASSED] - Statement - out.println("Batchqty Is Less Than Rqty"): null

2018-05-15 18:23:35 - [TEST_STEP][PASSED] - Statement - product = new com.kms.katalon.core.testobject.TestObject(): null

2018-05-15 18:23:35 - [TEST_STEP][PASSED] - Statement - product = com.kms.katalon.core.webui.keyword.WebUiBuiltInKeywords.modifyObjectProperty(product, "xpath", "equals", "//*[@id = "fldvendor" + row + ""]", true): Modify property of object successfully

2018-05-15 18:23:35 - [MESSAGE][PASSED] - Modify property of object successfully

2018-05-15 18:23:35 - [TEST_STEP][PASSED] - selectOptionByIndex: All options with index in [2] are selected on object ''

2018-05-15 18:23:35 - [MESSAGE][PASSED] - All options with index in [2] are selected on object ''

2018-05-15 18:23:35 - [TEST_STEP][PASSED] - Statement - batch = new com.kms.katalon.core.testobject.TestObject(): null

2018-05-15 18:23:35 - [TEST_STEP][PASSED] - Statement - batch = com.kms.katalon.core.webui.keyword.WebUiBuiltInKeywords.modifyObjectProperty(batch, "xpath", "equals", "//*[@id = "txtbthqty" + row + ""]", true): Modify property of object successfully

2018-05-15 18:23:35 - [MESSAGE][PASSED] - Modify property of object successfully

2018-05-15 18:23:35 - [TEST_STEP][PASSED] - Statement - batchqty = com.kms.katalon.core.webui.keyword.WebUiBuiltInKeywords.getAttribute(batch, "value").trim(): Attribute 'value' of object '' is: '38000'

2018-05-15 18:23:35 - [MESSAGE][PASSED] - Attribute 'value' of object '' is: '38000'

2018-05-15 18:23:35 - [TEST_STEP][PASSED] - Statement - Rqty = 10000: null

2018-05-15 18:23:35 - [TEST_STEP][PASSED] - delay: Delayed 2 second(s)

2018-05-15 18:23:37 - [MESSAGE][PASSED] - Delayed 2 second(s)

2018-05-15 18:23:37 - [TEST_STEP][PASSED] - Statement - out.println("BatchQty : " + batchqty): null

2018-05-15 18:23:37 - [TEST_STEP][PASSED] - Statement - out.println("RQty : " + Rqty): null

2018-05-15 18:23:37 - [TEST_STEP][PASSED] - Statement - If (java.lang.Integer.valueOf(batchqty) >= java.lang.Integer.valueOf(Rqty)): null

2018-05-15 18:23:37 - [TEST_STEP][PASSED] - Statement - Break: null

2018-05-15 18:23:37 - [TEST_STEP][PASSED] - Statement - batchlength = new com.kms.katalon.core.testobject.TestObject(): null

2018-05-15 18:23:37 - [TEST_STEP][PASSED] - Statement - batchlength = com.kms.katalon.core.webui.keyword.WebUiBuiltInKeywords.modifyObjectProperty(batchlength, "xpath", "equals", "//*[@id = "fldvendor" + row + ""]", true): Modify property of object successfully

2018-05-15 18:23:37 - [MESSAGE][PASSED] - Modify property of object successfully

2018-05-15 18:23:37 - [TEST_STEP][PASSED] - Statement - batchsize = com.kms.katalon.core.webui.keyword.WebUiBuiltInKeywords.getNumberOfTotalOption(batchlength): 10 options of object '' counted

2018-05-15 18:23:37 - [MESSAGE][PASSED] - 10 options of object '' counted

2018-05-15 18:23:37 - [TEST_STEP][PASSED] - Statement - out.println("BatchSize : " + batchsize): null

2018-05-15 18:23:37 - [TEST_STEP][PASSED] - Statement - For ([n = 1, n <= batchsize - 1, (n++)]): null

2018-05-15 18:23:37 - [TEST_STEP][PASSED] - Statement - product = new com.kms.katalon.core.testobject.TestObject(): null

2018-05-15 18:23:37 - [TEST_STEP][PASSED] - Statement - product = com.kms.katalon.core.webui.keyword.WebUiBuiltInKeywords.modifyObjectProperty(product, "xpath", "equals", "//*[@id = "fldvendor" + row + ""]", true): Modify property of object successfully

2018-05-15 18:23:37 - [MESSAGE][PASSED] - Modify property of object successfully

2018-05-15 18:23:37 - [TEST_STEP][PASSED] - selectOptionByIndex: All options with index in [1] are selected on object ''

2018-05-15 18:23:38 - [MESSAGE][PASSED] - All options with index in [1] are selected on object ''

2018-05-15 18:23:38 - [TEST_STEP][PASSED] - Statement - batch = new com.kms.katalon.core.testobject.TestObject(): null

2018-05-15 18:23:38 - [TEST_STEP][PASSED] - Statement - batch = com.kms.katalon.core.webui.keyword.WebUiBuiltInKeywords.modifyObjectProperty(batch, "xpath", "equals", "//*[@id = "txtbthqty" + row + ""]", true): Modify property of object successfully

2018-05-15 18:23:38 - [MESSAGE][PASSED] - Modify property of object successfully

2018-05-15 18:23:38 - [TEST_STEP][PASSED] - Statement - batchqty = com.kms.katalon.core.webui.keyword.WebUiBuiltInKeywords.getAttribute(batch, "value").trim(): Attribute 'value' of object '' is: '38000'

2018-05-15 18:23:38 - [MESSAGE][PASSED] - Attribute 'value' of object '' is: '38000'

2018-05-15 18:23:38 - [TEST_STEP][PASSED] - Statement - Rqty = 10000: null

2018-05-15 18:23:38 - [TEST_STEP][PASSED] - delay: Delayed 2 second(s)

2018-05-15 18:23:40 - [MESSAGE][PASSED] - Delayed 2 second(s)

2018-05-15 18:23:40 - [TEST_STEP][PASSED] - Statement - out.println("BatchQty : " + batchqty): null

2018-05-15 18:23:40 - [TEST_STEP][PASSED] - Statement - out.println("RQty : " + Rqty): null

2018-05-15 18:23:40 - [TEST_STEP][PASSED] - Statement - If (java.lang.Integer.valueOf(batchqty) >= java.lang.Integer.valueOf(Rqty)): null

2018-05-15 18:23:40 - [TEST_STEP][PASSED] - Statement - Break: null

2018-05-15 18:23:40 - [TEST_STEP][PASSED] - Statement - batchlength = new com.kms.katalon.core.testobject.TestObject(): null

2018-05-15 18:23:40 - [TEST_STEP][PASSED] - Statement - batchlength = com.kms.katalon.core.webui.keyword.WebUiBuiltInKeywords.modifyObjectProperty(batchlength, "xpath", "equals", "//*[@id = "fldvendor" + row + ""]", true): Modify property of object successfully

2018-05-15 18:23:40 - [MESSAGE][PASSED] - Modify property of object successfully

2018-05-15 18:23:40 - [TEST_STEP][PASSED] - Statement - batchsize = com.kms.katalon.core.webui.keyword.WebUiBuiltInKeywords.getNumberOfTotalOption(batchlength): 10 options of object '' counted

2018-05-15 18:23:40 - [MESSAGE][PASSED] - 10 options of object '' counted

2018-05-15 18:23:40 - [TEST_STEP][PASSED] - Statement - out.println("BatchSize : " + batchsize): null

2018-05-15 18:23:40 - [TEST_STEP][PASSED] - Statement - For ([n = 1, n <= batchsize - 1, (n++)]): null

2018-05-15 18:23:40 - [TEST_STEP][PASSED] - Statement - product = new com.kms.katalon.core.testobject.TestObject(): null

2018-05-15 18:23:40 - [TEST_STEP][PASSED] - Statement - product = com.kms.katalon.core.webui.keyword.WebUiBuiltInKeywords.modifyObjectProperty(product, "xpath", "equals", "//*[@id = "fldvendor" + row + ""]", true): Modify property of object successfully

2018-05-15 18:23:40 - [MESSAGE][PASSED] - Modify property of object successfully

2018-05-15 18:23:40 - [TEST_STEP][PASSED] - selectOptionByIndex: All options with index in [1] are selected on object ''

2018-05-15 18:23:40 - [MESSAGE][PASSED] - All options with index in [1] are selected on object ''

2018-05-15 18:23:40 - [TEST_STEP][PASSED] - Statement - batch = new com.kms.katalon.core.testobject.TestObject(): null

2018-05-15 18:23:40 - [TEST_STEP][PASSED] - Statement - batch = com.kms.katalon.core.webui.keyword.WebUiBuiltInKeywords.modifyObjectProperty(batch, "xpath", "equals", "//*[@id = "txtbthqty" + row + ""]", true): Modify property of object successfully

2018-05-15 18:23:40 - [MESSAGE][PASSED] - Modify property of object successfully

2018-05-15 18:23:40 - [TEST_STEP][PASSED] - Statement - batchqty = com.kms.katalon.core.webui.keyword.WebUiBuiltInKeywords.getAttribute(batch, "value").trim(): Attribute 'value' of object '' is: '5000'

2018-05-15 18:23:40 - [MESSAGE][PASSED] - Attribute 'value' of object '' is: '5000'

2018-05-15 18:23:40 - [TEST_STEP][PASSED] - Statement - Rqty = 10000: null

2018-05-15 18:23:40 - [TEST_STEP][PASSED] - delay: Delayed 2 second(s)

2018-05-15 18:23:42 - [MESSAGE][PASSED] - Delayed 2 second(s)

2018-05-15 18:23:42 - [TEST_STEP][PASSED] - Statement - out.println("BatchQty : " + batchqty): null

2018-05-15 18:23:42 - [TEST_STEP][PASSED] - Statement - out.println("RQty : " + Rqty): null

2018-05-15 18:23:42 - [TEST_STEP][PASSED] - Statement - If (java.lang.Integer.valueOf(batchqty) >= java.lang.Integer.valueOf(Rqty)): null

2018-05-15 18:23:42 - [TEST_STEP][PASSED] - Statement - Else: null

2018-05-15 18:23:42 - [TEST_STEP][PASSED] - Statement - out.println("Batchqty Is Less Than Rqty"): null

2018-05-15 18:23:42 - [TEST_STEP][PASSED] - Statement - product = new com.kms.katalon.core.testobject.TestObject(): null

2018-05-15 18:23:42 - [TEST_STEP][PASSED] - Statement - product = com.kms.katalon.core.webui.keyword.WebUiBuiltInKeywords.modifyObjectProperty(product, "xpath", "equals", "//*[@id = "fldvendor" + row + ""]", true): Modify property of object successfully

2018-05-15 18:23:42 - [MESSAGE][PASSED] - Modify property of object successfully

2018-05-15 18:23:42 - [TEST_STEP][PASSED] - selectOptionByIndex: All options with index in [2] are selected on object ''

2018-05-15 18:23:42 - [MESSAGE][PASSED] - All options with index in [2] are selected on object ''

2018-05-15 18:23:42 - [TEST_STEP][PASSED] - Statement - batch = new com.kms.katalon.core.testobject.TestObject(): null

2018-05-15 18:23:42 - [TEST_STEP][PASSED] - Statement - batch = com.kms.katalon.core.webui.keyword.WebUiBuiltInKeywords.modifyObjectProperty(batch, "xpath", "equals", "//*[@id = "txtbthqty" + row + ""]", true): Modify property of object successfully

2018-05-15 18:23:42 - [MESSAGE][PASSED] - Modify property of object successfully

2018-05-15 18:23:42 - [TEST_STEP][PASSED] - Statement - batchqty = com.kms.katalon.core.webui.keyword.WebUiBuiltInKeywords.getAttribute(batch, "value").trim(): Attribute 'value' of object '' is: '3000'

2018-05-15 18:23:42 - [MESSAGE][PASSED] - Attribute 'value' of object '' is: '3000'

2018-05-15 18:23:42 - [TEST_STEP][PASSED] - Statement - Rqty = 10000: null

2018-05-15 18:23:42 - [TEST_STEP][PASSED] - delay: Delayed 2 second(s)

2018-05-15 18:23:44 - [MESSAGE][PASSED] - Delayed 2 second(s)

2018-05-15 18:23:44 - [TEST_STEP][PASSED] - Statement - out.println("BatchQty : " + batchqty): null

2018-05-15 18:23:44 - [TEST_STEP][PASSED] - Statement - out.println("RQty : " + Rqty): null

2018-05-15 18:23:44 - [TEST_STEP][PASSED] - Statement - If (java.lang.Integer.valueOf(batchqty) >= java.lang.Integer.valueOf(Rqty)): null

2018-05-15 18:23:44 - [TEST_STEP][PASSED] - Statement - Else: null

2018-05-15 18:23:44 - [TEST_STEP][PASSED] - Statement - out.println("Batchqty Is Less Than Rqty"): null

2018-05-15 18:23:44 - [TEST_STEP][PASSED] - Statement - product = new com.kms.katalon.core.testobject.TestObject(): null

2018-05-15 18:23:44 - [TEST_STEP][PASSED] - Statement - product = com.kms.katalon.core.webui.keyword.WebUiBuiltInKeywords.modifyObjectProperty(product, "xpath", "equals", "//*[@id = "fldvendor" + row + ""]", true): Modify property of object successfully

2018-05-15 18:23:44 - [MESSAGE][PASSED] - Modify property of object successfully

2018-05-15 18:23:44 - [TEST_STEP][PASSED] - selectOptionByIndex: All options with index in [3] are selected on object ''

2018-05-15 18:23:44 - [MESSAGE][PASSED] - All options with index in [3] are selected on object ''

2018-05-15 18:23:44 - [TEST_STEP][PASSED] - Statement - batch = new com.kms.katalon.core.testobject.TestObject(): null

2018-05-15 18:23:44 - [TEST_STEP][PASSED] - Statement - batch = com.kms.katalon.core.webui.keyword.WebUiBuiltInKeywords.modifyObjectProperty(batch, "xpath", "equals", "//*[@id = "txtbthqty" + row + ""]", true): Modify property of object successfully

2018-05-15 18:23:44 - [MESSAGE][PASSED] - Modify property of object successfully

2018-05-15 18:23:44 - [TEST_STEP][PASSED] - Statement - batchqty = com.kms.katalon.core.webui.keyword.WebUiBuiltInKeywords.getAttribute(batch, "value").trim(): Attribute 'value' of object '' is: '40000'

2018-05-15 18:23:44 - [MESSAGE][PASSED] - Attribute 'value' of object '' is: '40000'

2018-05-15 18:23:44 - [TEST_STEP][PASSED] - Statement - Rqty = 10000: null

2018-05-15 18:23:44 - [TEST_STEP][PASSED] - delay: Delayed 2 second(s)

2018-05-15 18:23:46 - [MESSAGE][PASSED] - Delayed 2 second(s)

2018-05-15 18:23:46 - [TEST_STEP][PASSED] - Statement - out.println("BatchQty : " + batchqty): null

2018-05-15 18:23:46 - [TEST_STEP][PASSED] - Statement - out.println("RQty : " + Rqty): null

2018-05-15 18:23:46 - [TEST_STEP][PASSED] - Statement - If (java.lang.Integer.valueOf(batchqty) >= java.lang.Integer.valueOf(Rqty)): null

2018-05-15 18:23:46 - [TEST_STEP][PASSED] - Statement - Break: null

2018-05-15 18:23:46 - [TEST_STEP][PASSED] - Statement - batchlength = new com.kms.katalon.core.testobject.TestObject(): null

2018-05-15 18:23:46 - [TEST_STEP][PASSED] - Statement - batchlength = com.kms.katalon.core.webui.keyword.WebUiBuiltInKeywords.modifyObjectProperty(batchlength, "xpath", "equals", "//*[@id = "fldvendor" + row + ""]", true): Modify property of object successfully

2018-05-15 18:23:46 - [MESSAGE][PASSED] - Modify property of object successfully

2018-05-15 18:23:46 - [TEST_STEP][PASSED] - Statement - batchsize = com.kms.katalon.core.webui.keyword.WebUiBuiltInKeywords.getNumberOfTotalOption(batchlength): 10 options of object '' counted

2018-05-15 18:23:46 - [MESSAGE][PASSED] - 10 options of object '' counted

2018-05-15 18:23:46 - [TEST_STEP][PASSED] - Statement - out.println("BatchSize : " + batchsize): null

2018-05-15 18:23:46 - [TEST_STEP][PASSED] - Statement - For ([n = 1, n <= batchsize - 1, (n++)]): null

2018-05-15 18:23:46 - [TEST_STEP][PASSED] - Statement - product = new com.kms.katalon.core.testobject.TestObject(): null

2018-05-15 18:23:46 - [TEST_STEP][PASSED] - Statement - product = com.kms.katalon.core.webui.keyword.WebUiBuiltInKeywords.modifyObjectProperty(product, "xpath", "equals", "//*[@id = "fldvendor" + row + ""]", true): Modify property of object successfully

2018-05-15 18:23:46 - [MESSAGE][PASSED] - Modify property of object successfully

2018-05-15 18:23:46 - [TEST_STEP][PASSED] - selectOptionByIndex: All options with index in [1] are selected on object ''

2018-05-15 18:23:47 - [MESSAGE][PASSED] - All options with index in [1] are selected on object ''

2018-05-15 18:23:47 - [TEST_STEP][PASSED] - Statement - batch = new com.kms.katalon.core.testobject.TestObject(): null

2018-05-15 18:23:47 - [TEST_STEP][PASSED] - Statement - batch = com.kms.katalon.core.webui.keyword.WebUiBuiltInKeywords.modifyObjectProperty(batch, "xpath", "equals", "//*[@id = "txtbthqty" + row + ""]", true): Modify property of object successfully

2018-05-15 18:23:47 - [MESSAGE][PASSED] - Modify property of object successfully

2018-05-15 18:23:47 - [TEST_STEP][PASSED] - Statement - batchqty = com.kms.katalon.core.webui.keyword.WebUiBuiltInKeywords.getAttribute(batch, "value").trim(): Attribute 'value' of object '' is: '5000'

2018-05-15 18:23:47 - [MESSAGE][PASSED] - Attribute 'value' of object '' is: '5000'

2018-05-15 18:23:47 - [TEST_STEP][PASSED] - Statement - Rqty = 10000: null

2018-05-15 18:23:47 - [TEST_STEP][PASSED] - delay: Delayed 2 second(s)

2018-05-15 18:23:49 - [MESSAGE][PASSED] - Delayed 2 second(s)

2018-05-15 18:23:49 - [TEST_STEP][PASSED] - Statement - out.println("BatchQty : " + batchqty): null

2018-05-15 18:23:49 - [TEST_STEP][PASSED] - Statement - out.println("RQty : " + Rqty): null

2018-05-15 18:23:49 - [TEST_STEP][PASSED] - Statement - If (java.lang.Integer.valueOf(batchqty) >= java.lang.Integer.valueOf(Rqty)): null

2018-05-15 18:23:49 - [TEST_STEP][PASSED] - Statement - Else: null

2018-05-15 18:23:49 - [TEST_STEP][PASSED] - Statement - out.println("Batchqty Is Less Than Rqty"): null

2018-05-15 18:23:49 - [TEST_STEP][PASSED] - Statement - product = new com.kms.katalon.core.testobject.TestObject(): null

2018-05-15 18:23:49 - [TEST_STEP][PASSED] - Statement - product = com.kms.katalon.core.webui.keyword.WebUiBuiltInKeywords.modifyObjectProperty(product, "xpath", "equals", "//*[@id = "fldvendor" + row + ""]", true): Modify property of object successfully

2018-05-15 18:23:49 - [MESSAGE][PASSED] - Modify property of object successfully

2018-05-15 18:23:49 - [TEST_STEP][PASSED] - selectOptionByIndex: All options with index in [2] are selected on object ''

2018-05-15 18:23:49 - [MESSAGE][PASSED] - All options with index in [2] are selected on object ''

2018-05-15 18:23:49 - [TEST_STEP][PASSED] - Statement - batch = new com.kms.katalon.core.testobject.TestObject(): null

2018-05-15 18:23:49 - [TEST_STEP][PASSED] - Statement - batch = com.kms.katalon.core.webui.keyword.WebUiBuiltInKeywords.modifyObjectProperty(batch, "xpath", "equals", "//*[@id = "txtbthqty" + row + ""]", true): Modify property of object successfully

2018-05-15 18:23:49 - [MESSAGE][PASSED] - Modify property of object successfully

2018-05-15 18:23:49 - [TEST_STEP][PASSED] - Statement - batchqty = com.kms.katalon.core.webui.keyword.WebUiBuiltInKeywords.getAttribute(batch, "value").trim(): Attribute 'value' of object '' is: '40000'

2018-05-15 18:23:49 - [MESSAGE][PASSED] - Attribute 'value' of object '' is: '40000'

2018-05-15 18:23:49 - [TEST_STEP][PASSED] - Statement - Rqty = 10000: null

2018-05-15 18:23:49 - [TEST_STEP][PASSED] - delay: Delayed 2 second(s)

2018-05-15 18:23:51 - [MESSAGE][PASSED] - Delayed 2 second(s)

2018-05-15 18:23:51 - [TEST_STEP][PASSED] - Statement - out.println("BatchQty : " + batchqty): null

2018-05-15 18:23:51 - [TEST_STEP][PASSED] - Statement - out.println("RQty : " + Rqty): null

2018-05-15 18:23:51 - [TEST_STEP][PASSED] - Statement - If (java.lang.Integer.valueOf(batchqty) >= java.lang.Integer.valueOf(Rqty)): null

2018-05-15 18:23:51 - [TEST_STEP][PASSED] - Statement - Break: null

2018-05-15 18:23:51 - [TEST_STEP][PASSED] - click: Object: 'Object Repository/store Request Schedule 1/Page_KDMC - CMS/input_btndispatch' is clicked on

2018-05-15 18:23:57 - [MESSAGE][PASSED] - Object: 'Object Repository/store Request Schedule 1/Page_KDMC - CMS/input_btndispatch' is clicked on

2018-05-15 18:23:57 - [TEST_STEP][PASSED] - delay: Delayed 3 second(s)

2018-05-15 18:24:00 - [MESSAGE][PASSED] - Delayed 3 second(s)

2018-05-15 18:24:00 - [TEST_STEP][PASSED] - click: Object: 'Object Repository/store Request Schedule 1/Page_KDMC - CMS/button_OK' is clicked on

2018-05-15 18:24:06 - [MESSAGE][PASSED] - Object: 'Object Repository/store Request Schedule 1/Page_KDMC - CMS/button_OK' is clicked on

2018-05-15 18:24:06 - [TEST_STEP][FAILED] - click: Unable to click on object 'Object Repository/store Request Schedule 1/Page_KDMC - CMS/a_dropdown-toggle' (Root cause: com.kms.katalon.core.webui.exception.WebElementNotFoundException: Web element with id: 'Object Repository/store Request Schedule 1/Page_KDMC - CMS/a_dropdown-toggle' located by 'By.xpath: /html[1]/body[@class="skin-blue  pace-done"]/header[@class="header"]/div[@class="row"]/div[@class="col-md-12"]/nav[@class="navbar navbar-static-top"]/div[@class="navbar-right"]/ul[@class="nav navbar-nav"]/li[@class="dropdown user user-menu"]/a[@class="dropdown-toggle"][count(. | //a[@href = '#' and @data-toggle = 'dropdown']) = count(//a[@href = '#' and @data-toggle = 'dropdown'])]' not found)

2018-05-15 18:24:38 - [MESSAGE][FAILED] - Unable to click on object 'Object Repository/store Request Schedule 1/Page_KDMC - CMS/a_dropdown-toggle' (Root cause: com.kms.katalon.core.webui.exception.WebElementNotFoundException: Web element with id: 'Object Repository/store Request Schedule 1/Page_KDMC - CMS/a_dropdown-toggle' located by 'By.xpath: /html[1]/body[@class="skin-blue  pace-done"]/header[@class="header"]/div[@class="row"]/div[@class="col-md-12"]/nav[@class="navbar navbar-static-top"]/div[@class="navbar-right"]/ul[@class="nav navbar-nav"]/li[@class="dropdown user user-menu"]/a[@class="dropdown-toggle"][count(. | //a[@href = '#' and @data-toggle = 'dropdown']) = count(//a[@href = '#' and @data-toggle = 'dropdown'])]' not found)
[[ATTACHMENT|C:\\Users\\Quality Analyst\\Katalon Studio\\ds\\Reports\\Store_Suit\\20180515_181358\\1526388877352.png]]]]></system-out>
         <system-err><![CDATA[2018-05-15 18:14:03 - [TEST_CASE][FAILED] - Test Cases/STORE TO CMS REQUEST TEST CASES/TC_STCMS_001 To Verify Schedule 1 Store To CMS Request Are Working Successfully Or Not: Test Cases/STORE TO CMS REQUEST TEST CASES/TC_STCMS_001 To Verify Schedule 1 Store To CMS Request Are Working Successfully Or Not FAILED because (of) Unable to click on object 'Object Repository/store Request Schedule 1/Page_KDMC - CMS/a_dropdown-toggle' (Root cause: com.kms.katalon.core.webui.exception.WebElementNotFoundException: Web element with id: 'Object Repository/store Request Schedule 1/Page_KDMC - CMS/a_dropdown-toggle' located by 'By.xpath: /html[1]/body[@class="skin-blue  pace-done"]/header[@class="header"]/div[@class="row"]/div[@class="col-md-12"]/nav[@class="navbar navbar-static-top"]/div[@class="navbar-right"]/ul[@class="nav navbar-nav"]/li[@class="dropdown user user-menu"]/a[@class="dropdown-toggle"][count(. | //a[@href = '#' and @data-toggle = 'dropdown']) = count(//a[@href = '#' and @data-toggle = 'dropdown'])]' not found)]]></system-err>
      </testcase>
      <testcase name="Test Cases/STORE TO CMS REQUEST TEST CASES/TC_STCMS_002 To Verify Schedule 2 Store To CMS Request Are Working Successfully Or Not" classname="Test Cases/STORE TO CMS REQUEST TEST CASES/TC_STCMS_002 To Verify Schedule 2 Store To CMS Request Are Working Successfully Or Not" status="FAILED">
         <failure type="FAILED" message="Unable to click on object 'Object Repository/store Request Schedule 1/Page_KDMC - CMS/button_OK' (Root cause: org.openqa.selenium.ElementNotVisibleException: element not visible
  (Session info: chrome=66.0.3359.139)
  (Driver info: chromedriver=2.35.528161 (5b82f2d2aae0ca24b877009200ced9065a772e73),platform=Windows NT 10.0.17134 x86_64) (WARNING: The server did not provide any stacktrace information)
Command duration or timeout: 0 milliseconds
Build info: version: '3.7.1', revision: '8a0099a', time: '2017-11-06T21:07:36.161Z'
System info: host: 'DESKTOP-BLFTK83', ip: '192.168.71.2', os.name: 'Windows 10', os.arch: 'amd64', os.version: '10.0', java.version: '1.8.0_102'
Driver info: com.kms.katalon.selenium.driver.CChromeDriver
Capabilities {acceptInsecureCerts: false, acceptSslCerts: false, applicationCacheEnabled: false, browserConnectionEnabled: false, browserName: chrome, chrome: {chromedriverVersion: 2.35.528161 (5b82f2d2aae0ca..., userDataDir: C:\Users\QUALIT~1\AppData\L...}, cssSelectorsEnabled: true, databaseEnabled: false, handlesAlerts: true, hasTouchScreen: false, javascriptEnabled: true, locationContextEnabled: true, mobileEmulationEnabled: false, nativeEvents: true, networkConnectionEnabled: false, pageLoadStrategy: normal, platform: XP, platformName: XP, rotatable: false, setWindowRect: true, takesHeapSnapshot: true, takesScreenshot: true, unexpectedAlertBehaviour: , unhandledPromptBehavior: , version: 66.0.3359.139, webStorageEnabled: true}
Session ID: 751d3acac6c08385ab73a416e4ade89b)"/>
         <system-out><![CDATA[2018-05-15 18:24:38 - [TEST_CASE][FAILED] - Test Cases/STORE TO CMS REQUEST TEST CASES/TC_STCMS_002 To Verify Schedule 2 Store To CMS Request Are Working Successfully Or Not: Test Cases/STORE TO CMS REQUEST TEST CASES/TC_STCMS_002 To Verify Schedule 2 Store To CMS Request Are Working Successfully Or Not FAILED because (of) Unable to click on object 'Object Repository/store Request Schedule 1/Page_KDMC - CMS/button_OK' (Root cause: org.openqa.selenium.ElementNotVisibleException: element not visible
  (Session info: chrome=66.0.3359.139)
  (Driver info: chromedriver=2.35.528161 (5b82f2d2aae0ca24b877009200ced9065a772e73),platform=Windows NT 10.0.17134 x86_64) (WARNING: The server did not provide any stacktrace information)
Command duration or timeout: 0 milliseconds
Build info: version: '3.7.1', revision: '8a0099a', time: '2017-11-06T21:07:36.161Z'
System info: host: 'DESKTOP-BLFTK83', ip: '192.168.71.2', os.name: 'Windows 10', os.arch: 'amd64', os.version: '10.0', java.version: '1.8.0_102'
Driver info: com.kms.katalon.selenium.driver.CChromeDriver
Capabilities {acceptInsecureCerts: false, acceptSslCerts: false, applicationCacheEnabled: false, browserConnectionEnabled: false, browserName: chrome, chrome: {chromedriverVersion: 2.35.528161 (5b82f2d2aae0ca..., userDataDir: C:\Users\QUALIT~1\AppData\L...}, cssSelectorsEnabled: true, databaseEnabled: false, handlesAlerts: true, hasTouchScreen: false, javascriptEnabled: true, locationContextEnabled: true, mobileEmulationEnabled: false, nativeEvents: true, networkConnectionEnabled: false, pageLoadStrategy: normal, platform: XP, platformName: XP, rotatable: false, setWindowRect: true, takesHeapSnapshot: true, takesScreenshot: true, unexpectedAlertBehaviour: , unhandledPromptBehavior: , version: 66.0.3359.139, webStorageEnabled: true}
Session ID: 751d3acac6c08385ab73a416e4ade89b)

2018-05-15 18:24:38 - [TEST_STEP][PASSED] - openBrowser: Browser is opened with url: ''

2018-05-15 18:24:38 - [MESSAGE][WARNING] - A browser is already opened. Closing browser and opening a new one

2018-05-15 18:24:41 - [MESSAGE][PASSED] - Browser is opened with url: ''

2018-05-15 18:24:41 - [TEST_STEP][PASSED] - Statement - out.println("Verify Schedule 2 Store Request Are Working Successfully Or Not"): null

2018-05-15 18:24:41 - [TEST_STEP][PASSED] - navigateToUrl: Navigate to 'http://192.168.137.1/multihospital_new/' successfully

2018-05-15 18:24:49 - [MESSAGE][PASSED] - Navigate to 'http://192.168.137.1/multihospital_new/' successfully

2018-05-15 18:24:49 - [TEST_STEP][PASSED] - maximizeWindow: Current window maximized

2018-05-15 18:24:50 - [MESSAGE][PASSED] - Current window maximized

2018-05-15 18:24:50 - [TEST_STEP][PASSED] - click: Object: 'Object Repository/Store Request Schedule 1/Page_KDMC/a_Divisional Store' is clicked on

2018-05-15 18:24:51 - [MESSAGE][PASSED] - Object: 'Object Repository/Store Request Schedule 1/Page_KDMC/a_Divisional Store' is clicked on

2018-05-15 18:24:51 - [TEST_STEP][PASSED] - setText: Text 'ragu' is set on object 'Object Repository/Store Request Schedule 1/Page_Divisonal Store Login/input_txtusername'

2018-05-15 18:24:51 - [MESSAGE][PASSED] - Text 'ragu' is set on object 'Object Repository/Store Request Schedule 1/Page_Divisonal Store Login/input_txtusername'

2018-05-15 18:24:51 - [TEST_STEP][PASSED] - setText: Text '123' is set on object 'Object Repository/Store Request Schedule 1/Page_Divisonal Store Login/input_txtpassword'

2018-05-15 18:24:51 - [MESSAGE][PASSED] - Text '123' is set on object 'Object Repository/Store Request Schedule 1/Page_Divisonal Store Login/input_txtpassword'

2018-05-15 18:24:51 - [TEST_STEP][PASSED] - delay: Delayed 3 second(s)

2018-05-15 18:24:54 - [MESSAGE][PASSED] - Delayed 3 second(s)

2018-05-15 18:24:54 - [TEST_STEP][PASSED] - click: Object: 'Object Repository/Store Request Schedule 1/Page_Divisonal Store Login/button_Sign in' is clicked on

2018-05-15 18:24:55 - [MESSAGE][PASSED] - Object: 'Object Repository/Store Request Schedule 1/Page_Divisonal Store Login/button_Sign in' is clicked on

2018-05-15 18:24:55 - [TEST_STEP][PASSED] - delay: Delayed 3 second(s)

2018-05-15 18:24:58 - [MESSAGE][PASSED] - Delayed 3 second(s)

2018-05-15 18:24:58 - [TEST_STEP][PASSED] - click: Object: 'Object Repository/Store Request Schedule 1/Page_Store/a_CMS' is clicked on

2018-05-15 18:24:58 - [MESSAGE][PASSED] - Object: 'Object Repository/Store Request Schedule 1/Page_Store/a_CMS' is clicked on

2018-05-15 18:24:58 - [TEST_STEP][PASSED] - delay: Delayed 2 second(s)

2018-05-15 18:25:00 - [MESSAGE][PASSED] - Delayed 2 second(s)

2018-05-15 18:25:00 - [TEST_STEP][PASSED] - click: Object: 'Object Repository/Store Request Schedule 1/Page_Store/a_Request Send' is clicked on

2018-05-15 18:25:01 - [MESSAGE][PASSED] - Object: 'Object Repository/Store Request Schedule 1/Page_Store/a_Request Send' is clicked on

2018-05-15 18:25:01 - [TEST_STEP][PASSED] - selectOptionByIndex: All options with index in [1] are selected on object 'Object Repository/Store Request Schedule 1/Page_Store/select_--Select--'

2018-05-15 18:25:01 - [MESSAGE][PASSED] - All options with index in [1] are selected on object 'Object Repository/Store Request Schedule 1/Page_Store/select_--Select--'

2018-05-15 18:25:01 - [TEST_STEP][PASSED] - selectOptionByIndex: All options with index in [2] are selected on object 'Object Repository/Store Request Schedule 1/Page_Store/select_--Select--Schedule 1Inj'

2018-05-15 18:25:01 - [MESSAGE][PASSED] - All options with index in [2] are selected on object 'Object Repository/Store Request Schedule 1/Page_Store/select_--Select--Schedule 1Inj'

2018-05-15 18:25:01 - [TEST_STEP][PASSED] - Statement - SelectedOptions = com.kms.katalon.core.webui.keyword.WebUiBuiltInKeywords.getNumberOfTotalOption(com.kms.katalon.core.testobject.ObjectRepository.findTestObject(Store Request Schedule 1/Page_Store/select_--Select--Adernaline 0.)): 73 options of object 'Object Repository/Store Request Schedule 1/Page_Store/select_--Select--Adernaline 0.' counted

2018-05-15 18:25:02 - [MESSAGE][PASSED] - 73 options of object 'Object Repository/Store Request Schedule 1/Page_Store/select_--Select--Adernaline 0.' counted

2018-05-15 18:25:02 - [TEST_STEP][PASSED] - Statement - For ([y = 1, y < SelectedOptions, (y++)]): Object: 'Object Repository/Store Request Schedule 1/Page_Store/button_Add' is clicked on

2018-05-15 18:25:02 - [TEST_STEP][PASSED] - selectOptionByIndex: All options with index in [2] are selected on object 'Object Repository/Store Request Schedule 1/Page_Store/select_--Select--Schedule 1Inj'

2018-05-15 18:25:02 - [MESSAGE][PASSED] - All options with index in [2] are selected on object 'Object Repository/Store Request Schedule 1/Page_Store/select_--Select--Schedule 1Inj'

2018-05-15 18:25:02 - [TEST_STEP][PASSED] - delay: Delayed 1 second(s)

2018-05-15 18:25:03 - [MESSAGE][PASSED] - Delayed 1 second(s)

2018-05-15 18:25:03 - [TEST_STEP][PASSED] - selectOptionByIndex: All options with index in [1] are selected on object 'Object Repository/Store Request Schedule 1/Page_Store/select_--Select--Adernaline 0.'

2018-05-15 18:25:03 - [MESSAGE][PASSED] - All options with index in [1] are selected on object 'Object Repository/Store Request Schedule 1/Page_Store/select_--Select--Adernaline 0.'

2018-05-15 18:25:03 - [TEST_STEP][PASSED] - setText: Text '100' is set on object 'Object Repository/Store Request Schedule 1/Page_Store/input_txttreat'

2018-05-15 18:25:03 - [MESSAGE][PASSED] - Text '100' is set on object 'Object Repository/Store Request Schedule 1/Page_Store/input_txttreat'

2018-05-15 18:25:03 - [TEST_STEP][PASSED] - click: Object: 'Object Repository/Store Request Schedule 1/Page_Store/button_Add' is clicked on

2018-05-15 18:25:03 - [MESSAGE][PASSED] - Object: 'Object Repository/Store Request Schedule 1/Page_Store/button_Add' is clicked on

2018-05-15 18:25:03 - [TEST_STEP][PASSED] - selectOptionByIndex: All options with index in [2] are selected on object 'Object Repository/Store Request Schedule 1/Page_Store/select_--Select--Schedule 1Inj'

2018-05-15 18:25:03 - [MESSAGE][PASSED] - All options with index in [2] are selected on object 'Object Repository/Store Request Schedule 1/Page_Store/select_--Select--Schedule 1Inj'

2018-05-15 18:25:03 - [TEST_STEP][PASSED] - delay: Delayed 1 second(s)

2018-05-15 18:25:04 - [MESSAGE][PASSED] - Delayed 1 second(s)

2018-05-15 18:25:04 - [TEST_STEP][PASSED] - selectOptionByIndex: All options with index in [2] are selected on object 'Object Repository/Store Request Schedule 1/Page_Store/select_--Select--Adernaline 0.'

2018-05-15 18:25:04 - [MESSAGE][PASSED] - All options with index in [2] are selected on object 'Object Repository/Store Request Schedule 1/Page_Store/select_--Select--Adernaline 0.'

2018-05-15 18:25:04 - [TEST_STEP][PASSED] - setText: Text '100' is set on object 'Object Repository/Store Request Schedule 1/Page_Store/input_txttreat'

2018-05-15 18:25:05 - [MESSAGE][PASSED] - Text '100' is set on object 'Object Repository/Store Request Schedule 1/Page_Store/input_txttreat'

2018-05-15 18:25:05 - [TEST_STEP][PASSED] - click: Object: 'Object Repository/Store Request Schedule 1/Page_Store/button_Add' is clicked on

2018-05-15 18:25:05 - [MESSAGE][PASSED] - Object: 'Object Repository/Store Request Schedule 1/Page_Store/button_Add' is clicked on

2018-05-15 18:25:05 - [TEST_STEP][PASSED] - selectOptionByIndex: All options with index in [2] are selected on object 'Object Repository/Store Request Schedule 1/Page_Store/select_--Select--Schedule 1Inj'

2018-05-15 18:25:05 - [MESSAGE][PASSED] - All options with index in [2] are selected on object 'Object Repository/Store Request Schedule 1/Page_Store/select_--Select--Schedule 1Inj'

2018-05-15 18:25:05 - [TEST_STEP][PASSED] - delay: Delayed 1 second(s)

2018-05-15 18:25:06 - [MESSAGE][PASSED] - Delayed 1 second(s)

2018-05-15 18:25:06 - [TEST_STEP][PASSED] - selectOptionByIndex: All options with index in [3] are selected on object 'Object Repository/Store Request Schedule 1/Page_Store/select_--Select--Adernaline 0.'

2018-05-15 18:25:06 - [MESSAGE][PASSED] - All options with index in [3] are selected on object 'Object Repository/Store Request Schedule 1/Page_Store/select_--Select--Adernaline 0.'

2018-05-15 18:25:06 - [TEST_STEP][PASSED] - setText: Text '100' is set on object 'Object Repository/Store Request Schedule 1/Page_Store/input_txttreat'

2018-05-15 18:25:06 - [MESSAGE][PASSED] - Text '100' is set on object 'Object Repository/Store Request Schedule 1/Page_Store/input_txttreat'

2018-05-15 18:25:06 - [TEST_STEP][PASSED] - click: Object: 'Object Repository/Store Request Schedule 1/Page_Store/button_Add' is clicked on

2018-05-15 18:25:06 - [MESSAGE][PASSED] - Object: 'Object Repository/Store Request Schedule 1/Page_Store/button_Add' is clicked on

2018-05-15 18:25:06 - [TEST_STEP][PASSED] - selectOptionByIndex: All options with index in [2] are selected on object 'Object Repository/Store Request Schedule 1/Page_Store/select_--Select--Schedule 1Inj'

2018-05-15 18:25:06 - [MESSAGE][PASSED] - All options with index in [2] are selected on object 'Object Repository/Store Request Schedule 1/Page_Store/select_--Select--Schedule 1Inj'

2018-05-15 18:25:06 - [TEST_STEP][PASSED] - delay: Delayed 1 second(s)

2018-05-15 18:25:07 - [MESSAGE][PASSED] - Delayed 1 second(s)

2018-05-15 18:25:07 - [TEST_STEP][PASSED] - selectOptionByIndex: All options with index in [4] are selected on object 'Object Repository/Store Request Schedule 1/Page_Store/select_--Select--Adernaline 0.'

2018-05-15 18:25:07 - [MESSAGE][PASSED] - All options with index in [4] are selected on object 'Object Repository/Store Request Schedule 1/Page_Store/select_--Select--Adernaline 0.'

2018-05-15 18:25:07 - [TEST_STEP][PASSED] - setText: Text '100' is set on object 'Object Repository/Store Request Schedule 1/Page_Store/input_txttreat'

2018-05-15 18:25:07 - [MESSAGE][PASSED] - Text '100' is set on object 'Object Repository/Store Request Schedule 1/Page_Store/input_txttreat'

2018-05-15 18:25:07 - [TEST_STEP][PASSED] - click: Object: 'Object Repository/Store Request Schedule 1/Page_Store/button_Add' is clicked on

2018-05-15 18:25:07 - [MESSAGE][PASSED] - Object: 'Object Repository/Store Request Schedule 1/Page_Store/button_Add' is clicked on

2018-05-15 18:25:07 - [TEST_STEP][PASSED] - selectOptionByIndex: All options with index in [2] are selected on object 'Object Repository/Store Request Schedule 1/Page_Store/select_--Select--Schedule 1Inj'

2018-05-15 18:25:08 - [MESSAGE][PASSED] - All options with index in [2] are selected on object 'Object Repository/Store Request Schedule 1/Page_Store/select_--Select--Schedule 1Inj'

2018-05-15 18:25:08 - [TEST_STEP][PASSED] - delay: Delayed 1 second(s)

2018-05-15 18:25:09 - [MESSAGE][PASSED] - Delayed 1 second(s)

2018-05-15 18:25:09 - [TEST_STEP][PASSED] - selectOptionByIndex: All options with index in [5] are selected on object 'Object Repository/Store Request Schedule 1/Page_Store/select_--Select--Adernaline 0.'

2018-05-15 18:25:09 - [MESSAGE][PASSED] - All options with index in [5] are selected on object 'Object Repository/Store Request Schedule 1/Page_Store/select_--Select--Adernaline 0.'

2018-05-15 18:25:09 - [TEST_STEP][PASSED] - setText: Text '100' is set on object 'Object Repository/Store Request Schedule 1/Page_Store/input_txttreat'

2018-05-15 18:25:09 - [MESSAGE][PASSED] - Text '100' is set on object 'Object Repository/Store Request Schedule 1/Page_Store/input_txttreat'

2018-05-15 18:25:09 - [TEST_STEP][PASSED] - click: Object: 'Object Repository/Store Request Schedule 1/Page_Store/button_Add' is clicked on

2018-05-15 18:25:09 - [MESSAGE][PASSED] - Object: 'Object Repository/Store Request Schedule 1/Page_Store/button_Add' is clicked on

2018-05-15 18:25:09 - [TEST_STEP][PASSED] - selectOptionByIndex: All options with index in [2] are selected on object 'Object Repository/Store Request Schedule 1/Page_Store/select_--Select--Schedule 1Inj'

2018-05-15 18:25:09 - [MESSAGE][PASSED] - All options with index in [2] are selected on object 'Object Repository/Store Request Schedule 1/Page_Store/select_--Select--Schedule 1Inj'

2018-05-15 18:25:09 - [TEST_STEP][PASSED] - delay: Delayed 1 second(s)

2018-05-15 18:25:10 - [MESSAGE][PASSED] - Delayed 1 second(s)

2018-05-15 18:25:10 - [TEST_STEP][PASSED] - selectOptionByIndex: All options with index in [6] are selected on object 'Object Repository/Store Request Schedule 1/Page_Store/select_--Select--Adernaline 0.'

2018-05-15 18:25:10 - [MESSAGE][PASSED] - All options with index in [6] are selected on object 'Object Repository/Store Request Schedule 1/Page_Store/select_--Select--Adernaline 0.'

2018-05-15 18:25:10 - [TEST_STEP][PASSED] - setText: Text '100' is set on object 'Object Repository/Store Request Schedule 1/Page_Store/input_txttreat'

2018-05-15 18:25:10 - [MESSAGE][PASSED] - Text '100' is set on object 'Object Repository/Store Request Schedule 1/Page_Store/input_txttreat'

2018-05-15 18:25:10 - [TEST_STEP][PASSED] - click: Object: 'Object Repository/Store Request Schedule 1/Page_Store/button_Add' is clicked on

2018-05-15 18:25:10 - [MESSAGE][PASSED] - Object: 'Object Repository/Store Request Schedule 1/Page_Store/button_Add' is clicked on

2018-05-15 18:25:10 - [TEST_STEP][PASSED] - selectOptionByIndex: All options with index in [2] are selected on object 'Object Repository/Store Request Schedule 1/Page_Store/select_--Select--Schedule 1Inj'

2018-05-15 18:25:10 - [MESSAGE][PASSED] - All options with index in [2] are selected on object 'Object Repository/Store Request Schedule 1/Page_Store/select_--Select--Schedule 1Inj'

2018-05-15 18:25:10 - [TEST_STEP][PASSED] - delay: Delayed 1 second(s)

2018-05-15 18:25:11 - [MESSAGE][PASSED] - Delayed 1 second(s)

2018-05-15 18:25:11 - [TEST_STEP][PASSED] - selectOptionByIndex: All options with index in [7] are selected on object 'Object Repository/Store Request Schedule 1/Page_Store/select_--Select--Adernaline 0.'

2018-05-15 18:25:12 - [MESSAGE][PASSED] - All options with index in [7] are selected on object 'Object Repository/Store Request Schedule 1/Page_Store/select_--Select--Adernaline 0.'

2018-05-15 18:25:12 - [TEST_STEP][PASSED] - setText: Text '100' is set on object 'Object Repository/Store Request Schedule 1/Page_Store/input_txttreat'

2018-05-15 18:25:12 - [MESSAGE][PASSED] - Text '100' is set on object 'Object Repository/Store Request Schedule 1/Page_Store/input_txttreat'

2018-05-15 18:25:12 - [TEST_STEP][PASSED] - click: Object: 'Object Repository/Store Request Schedule 1/Page_Store/button_Add' is clicked on

2018-05-15 18:25:12 - [MESSAGE][PASSED] - Object: 'Object Repository/Store Request Schedule 1/Page_Store/button_Add' is clicked on

2018-05-15 18:25:12 - [TEST_STEP][PASSED] - selectOptionByIndex: All options with index in [2] are selected on object 'Object Repository/Store Request Schedule 1/Page_Store/select_--Select--Schedule 1Inj'

2018-05-15 18:25:12 - [MESSAGE][PASSED] - All options with index in [2] are selected on object 'Object Repository/Store Request Schedule 1/Page_Store/select_--Select--Schedule 1Inj'

2018-05-15 18:25:12 - [TEST_STEP][PASSED] - delay: Delayed 1 second(s)

2018-05-15 18:25:13 - [MESSAGE][PASSED] - Delayed 1 second(s)

2018-05-15 18:25:13 - [TEST_STEP][PASSED] - selectOptionByIndex: All options with index in [8] are selected on object 'Object Repository/Store Request Schedule 1/Page_Store/select_--Select--Adernaline 0.'

2018-05-15 18:25:13 - [MESSAGE][PASSED] - All options with index in [8] are selected on object 'Object Repository/Store Request Schedule 1/Page_Store/select_--Select--Adernaline 0.'

2018-05-15 18:25:13 - [TEST_STEP][PASSED] - setText: Text '100' is set on object 'Object Repository/Store Request Schedule 1/Page_Store/input_txttreat'

2018-05-15 18:25:13 - [MESSAGE][PASSED] - Text '100' is set on object 'Object Repository/Store Request Schedule 1/Page_Store/input_txttreat'

2018-05-15 18:25:13 - [TEST_STEP][PASSED] - click: Object: 'Object Repository/Store Request Schedule 1/Page_Store/button_Add' is clicked on

2018-05-15 18:25:13 - [MESSAGE][PASSED] - Object: 'Object Repository/Store Request Schedule 1/Page_Store/button_Add' is clicked on

2018-05-15 18:25:13 - [TEST_STEP][PASSED] - selectOptionByIndex: All options with index in [2] are selected on object 'Object Repository/Store Request Schedule 1/Page_Store/select_--Select--Schedule 1Inj'

2018-05-15 18:25:13 - [MESSAGE][PASSED] - All options with index in [2] are selected on object 'Object Repository/Store Request Schedule 1/Page_Store/select_--Select--Schedule 1Inj'

2018-05-15 18:25:13 - [TEST_STEP][PASSED] - delay: Delayed 1 second(s)

2018-05-15 18:25:14 - [MESSAGE][PASSED] - Delayed 1 second(s)

2018-05-15 18:25:14 - [TEST_STEP][PASSED] - selectOptionByIndex: All options with index in [9] are selected on object 'Object Repository/Store Request Schedule 1/Page_Store/select_--Select--Adernaline 0.'

2018-05-15 18:25:15 - [MESSAGE][PASSED] - All options with index in [9] are selected on object 'Object Repository/Store Request Schedule 1/Page_Store/select_--Select--Adernaline 0.'

2018-05-15 18:25:15 - [TEST_STEP][PASSED] - setText: Text '100' is set on object 'Object Repository/Store Request Schedule 1/Page_Store/input_txttreat'

2018-05-15 18:25:15 - [MESSAGE][PASSED] - Text '100' is set on object 'Object Repository/Store Request Schedule 1/Page_Store/input_txttreat'

2018-05-15 18:25:15 - [TEST_STEP][PASSED] - click: Object: 'Object Repository/Store Request Schedule 1/Page_Store/button_Add' is clicked on

2018-05-15 18:25:15 - [MESSAGE][PASSED] - Object: 'Object Repository/Store Request Schedule 1/Page_Store/button_Add' is clicked on

2018-05-15 18:25:15 - [TEST_STEP][PASSED] - selectOptionByIndex: All options with index in [2] are selected on object 'Object Repository/Store Request Schedule 1/Page_Store/select_--Select--Schedule 1Inj'

2018-05-15 18:25:15 - [MESSAGE][PASSED] - All options with index in [2] are selected on object 'Object Repository/Store Request Schedule 1/Page_Store/select_--Select--Schedule 1Inj'

2018-05-15 18:25:15 - [TEST_STEP][PASSED] - delay: Delayed 1 second(s)

2018-05-15 18:25:16 - [MESSAGE][PASSED] - Delayed 1 second(s)

2018-05-15 18:25:16 - [TEST_STEP][PASSED] - selectOptionByIndex: All options with index in [10] are selected on object 'Object Repository/Store Request Schedule 1/Page_Store/select_--Select--Adernaline 0.'

2018-05-15 18:25:16 - [MESSAGE][PASSED] - All options with index in [10] are selected on object 'Object Repository/Store Request Schedule 1/Page_Store/select_--Select--Adernaline 0.'

2018-05-15 18:25:16 - [TEST_STEP][PASSED] - setText: Text '100' is set on object 'Object Repository/Store Request Schedule 1/Page_Store/input_txttreat'

2018-05-15 18:25:16 - [MESSAGE][PASSED] - Text '100' is set on object 'Object Repository/Store Request Schedule 1/Page_Store/input_txttreat'

2018-05-15 18:25:16 - [TEST_STEP][PASSED] - click: Object: 'Object Repository/Store Request Schedule 1/Page_Store/button_Add' is clicked on

2018-05-15 18:25:16 - [MESSAGE][PASSED] - Object: 'Object Repository/Store Request Schedule 1/Page_Store/button_Add' is clicked on

2018-05-15 18:25:16 - [TEST_STEP][PASSED] - selectOptionByIndex: All options with index in [2] are selected on object 'Object Repository/Store Request Schedule 1/Page_Store/select_--Select--Schedule 1Inj'

2018-05-15 18:25:16 - [MESSAGE][PASSED] - All options with index in [2] are selected on object 'Object Repository/Store Request Schedule 1/Page_Store/select_--Select--Schedule 1Inj'

2018-05-15 18:25:16 - [TEST_STEP][PASSED] - delay: Delayed 1 second(s)

2018-05-15 18:25:17 - [MESSAGE][PASSED] - Delayed 1 second(s)

2018-05-15 18:25:17 - [TEST_STEP][PASSED] - selectOptionByIndex: All options with index in [11] are selected on object 'Object Repository/Store Request Schedule 1/Page_Store/select_--Select--Adernaline 0.'

2018-05-15 18:25:18 - [MESSAGE][PASSED] - All options with index in [11] are selected on object 'Object Repository/Store Request Schedule 1/Page_Store/select_--Select--Adernaline 0.'

2018-05-15 18:25:18 - [TEST_STEP][PASSED] - setText: Text '100' is set on object 'Object Repository/Store Request Schedule 1/Page_Store/input_txttreat'

2018-05-15 18:25:18 - [MESSAGE][PASSED] - Text '100' is set on object 'Object Repository/Store Request Schedule 1/Page_Store/input_txttreat'

2018-05-15 18:25:18 - [TEST_STEP][PASSED] - click: Object: 'Object Repository/Store Request Schedule 1/Page_Store/button_Add' is clicked on

2018-05-15 18:25:18 - [MESSAGE][PASSED] - Object: 'Object Repository/Store Request Schedule 1/Page_Store/button_Add' is clicked on

2018-05-15 18:25:18 - [TEST_STEP][PASSED] - selectOptionByIndex: All options with index in [2] are selected on object 'Object Repository/Store Request Schedule 1/Page_Store/select_--Select--Schedule 1Inj'

2018-05-15 18:25:18 - [MESSAGE][PASSED] - All options with index in [2] are selected on object 'Object Repository/Store Request Schedule 1/Page_Store/select_--Select--Schedule 1Inj'

2018-05-15 18:25:18 - [TEST_STEP][PASSED] - delay: Delayed 1 second(s)

2018-05-15 18:25:19 - [MESSAGE][PASSED] - Delayed 1 second(s)

2018-05-15 18:25:19 - [TEST_STEP][PASSED] - selectOptionByIndex: All options with index in [12] are selected on object 'Object Repository/Store Request Schedule 1/Page_Store/select_--Select--Adernaline 0.'

2018-05-15 18:25:19 - [MESSAGE][PASSED] - All options with index in [12] are selected on object 'Object Repository/Store Request Schedule 1/Page_Store/select_--Select--Adernaline 0.'

2018-05-15 18:25:19 - [TEST_STEP][PASSED] - setText: Text '100' is set on object 'Object Repository/Store Request Schedule 1/Page_Store/input_txttreat'

2018-05-15 18:25:19 - [MESSAGE][PASSED] - Text '100' is set on object 'Object Repository/Store Request Schedule 1/Page_Store/input_txttreat'

2018-05-15 18:25:19 - [TEST_STEP][PASSED] - click: Object: 'Object Repository/Store Request Schedule 1/Page_Store/button_Add' is clicked on

2018-05-15 18:25:19 - [MESSAGE][PASSED] - Object: 'Object Repository/Store Request Schedule 1/Page_Store/button_Add' is clicked on

2018-05-15 18:25:19 - [TEST_STEP][PASSED] - selectOptionByIndex: All options with index in [2] are selected on object 'Object Repository/Store Request Schedule 1/Page_Store/select_--Select--Schedule 1Inj'

2018-05-15 18:25:20 - [MESSAGE][PASSED] - All options with index in [2] are selected on object 'Object Repository/Store Request Schedule 1/Page_Store/select_--Select--Schedule 1Inj'

2018-05-15 18:25:20 - [TEST_STEP][PASSED] - delay: Delayed 1 second(s)

2018-05-15 18:25:21 - [MESSAGE][PASSED] - Delayed 1 second(s)

2018-05-15 18:25:21 - [TEST_STEP][PASSED] - selectOptionByIndex: All options with index in [13] are selected on object 'Object Repository/Store Request Schedule 1/Page_Store/select_--Select--Adernaline 0.'

2018-05-15 18:25:21 - [MESSAGE][PASSED] - All options with index in [13] are selected on object 'Object Repository/Store Request Schedule 1/Page_Store/select_--Select--Adernaline 0.'

2018-05-15 18:25:21 - [TEST_STEP][PASSED] - setText: Text '100' is set on object 'Object Repository/Store Request Schedule 1/Page_Store/input_txttreat'

2018-05-15 18:25:21 - [MESSAGE][PASSED] - Text '100' is set on object 'Object Repository/Store Request Schedule 1/Page_Store/input_txttreat'

2018-05-15 18:25:21 - [TEST_STEP][PASSED] - click: Object: 'Object Repository/Store Request Schedule 1/Page_Store/button_Add' is clicked on

2018-05-15 18:25:21 - [MESSAGE][PASSED] - Object: 'Object Repository/Store Request Schedule 1/Page_Store/button_Add' is clicked on

2018-05-15 18:25:21 - [TEST_STEP][PASSED] - selectOptionByIndex: All options with index in [2] are selected on object 'Object Repository/Store Request Schedule 1/Page_Store/select_--Select--Schedule 1Inj'

2018-05-15 18:25:21 - [MESSAGE][PASSED] - All options with index in [2] are selected on object 'Object Repository/Store Request Schedule 1/Page_Store/select_--Select--Schedule 1Inj'

2018-05-15 18:25:21 - [TEST_STEP][PASSED] - delay: Delayed 1 second(s)

2018-05-15 18:25:22 - [MESSAGE][PASSED] - Delayed 1 second(s)

2018-05-15 18:25:22 - [TEST_STEP][PASSED] - selectOptionByIndex: All options with index in [14] are selected on object 'Object Repository/Store Request Schedule 1/Page_Store/select_--Select--Adernaline 0.'

2018-05-15 18:25:22 - [MESSAGE][PASSED] - All options with index in [14] are selected on object 'Object Repository/Store Request Schedule 1/Page_Store/select_--Select--Adernaline 0.'

2018-05-15 18:25:22 - [TEST_STEP][PASSED] - setText: Text '100' is set on object 'Object Repository/Store Request Schedule 1/Page_Store/input_txttreat'

2018-05-15 18:25:22 - [MESSAGE][PASSED] - Text '100' is set on object 'Object Repository/Store Request Schedule 1/Page_Store/input_txttreat'

2018-05-15 18:25:22 - [TEST_STEP][PASSED] - click: Object: 'Object Repository/Store Request Schedule 1/Page_Store/button_Add' is clicked on

2018-05-15 18:25:23 - [MESSAGE][PASSED] - Object: 'Object Repository/Store Request Schedule 1/Page_Store/button_Add' is clicked on

2018-05-15 18:25:23 - [TEST_STEP][PASSED] - selectOptionByIndex: All options with index in [2] are selected on object 'Object Repository/Store Request Schedule 1/Page_Store/select_--Select--Schedule 1Inj'

2018-05-15 18:25:23 - [MESSAGE][PASSED] - All options with index in [2] are selected on object 'Object Repository/Store Request Schedule 1/Page_Store/select_--Select--Schedule 1Inj'

2018-05-15 18:25:23 - [TEST_STEP][PASSED] - delay: Delayed 1 second(s)

2018-05-15 18:25:24 - [MESSAGE][PASSED] - Delayed 1 second(s)

2018-05-15 18:25:24 - [TEST_STEP][PASSED] - selectOptionByIndex: All options with index in [15] are selected on object 'Object Repository/Store Request Schedule 1/Page_Store/select_--Select--Adernaline 0.'

2018-05-15 18:25:24 - [MESSAGE][PASSED] - All options with index in [15] are selected on object 'Object Repository/Store Request Schedule 1/Page_Store/select_--Select--Adernaline 0.'

2018-05-15 18:25:24 - [TEST_STEP][PASSED] - setText: Text '100' is set on object 'Object Repository/Store Request Schedule 1/Page_Store/input_txttreat'

2018-05-15 18:25:24 - [MESSAGE][PASSED] - Text '100' is set on object 'Object Repository/Store Request Schedule 1/Page_Store/input_txttreat'

2018-05-15 18:25:24 - [TEST_STEP][PASSED] - click: Object: 'Object Repository/Store Request Schedule 1/Page_Store/button_Add' is clicked on

2018-05-15 18:25:24 - [MESSAGE][PASSED] - Object: 'Object Repository/Store Request Schedule 1/Page_Store/button_Add' is clicked on

2018-05-15 18:25:24 - [TEST_STEP][PASSED] - selectOptionByIndex: All options with index in [2] are selected on object 'Object Repository/Store Request Schedule 1/Page_Store/select_--Select--Schedule 1Inj'

2018-05-15 18:25:24 - [MESSAGE][PASSED] - All options with index in [2] are selected on object 'Object Repository/Store Request Schedule 1/Page_Store/select_--Select--Schedule 1Inj'

2018-05-15 18:25:24 - [TEST_STEP][PASSED] - delay: Delayed 1 second(s)

2018-05-15 18:25:25 - [MESSAGE][PASSED] - Delayed 1 second(s)

2018-05-15 18:25:25 - [TEST_STEP][PASSED] - selectOptionByIndex: All options with index in [16] are selected on object 'Object Repository/Store Request Schedule 1/Page_Store/select_--Select--Adernaline 0.'

2018-05-15 18:25:26 - [MESSAGE][PASSED] - All options with index in [16] are selected on object 'Object Repository/Store Request Schedule 1/Page_Store/select_--Select--Adernaline 0.'

2018-05-15 18:25:26 - [TEST_STEP][PASSED] - setText: Text '100' is set on object 'Object Repository/Store Request Schedule 1/Page_Store/input_txttreat'

2018-05-15 18:25:26 - [MESSAGE][PASSED] - Text '100' is set on object 'Object Repository/Store Request Schedule 1/Page_Store/input_txttreat'

2018-05-15 18:25:26 - [TEST_STEP][PASSED] - click: Object: 'Object Repository/Store Request Schedule 1/Page_Store/button_Add' is clicked on

2018-05-15 18:25:26 - [MESSAGE][PASSED] - Object: 'Object Repository/Store Request Schedule 1/Page_Store/button_Add' is clicked on

2018-05-15 18:25:26 - [TEST_STEP][PASSED] - selectOptionByIndex: All options with index in [2] are selected on object 'Object Repository/Store Request Schedule 1/Page_Store/select_--Select--Schedule 1Inj'

2018-05-15 18:25:26 - [MESSAGE][PASSED] - All options with index in [2] are selected on object 'Object Repository/Store Request Schedule 1/Page_Store/select_--Select--Schedule 1Inj'

2018-05-15 18:25:26 - [TEST_STEP][PASSED] - delay: Delayed 1 second(s)

2018-05-15 18:25:27 - [MESSAGE][PASSED] - Delayed 1 second(s)

2018-05-15 18:25:27 - [TEST_STEP][PASSED] - selectOptionByIndex: All options with index in [17] are selected on object 'Object Repository/Store Request Schedule 1/Page_Store/select_--Select--Adernaline 0.'

2018-05-15 18:25:27 - [MESSAGE][PASSED] - All options with index in [17] are selected on object 'Object Repository/Store Request Schedule 1/Page_Store/select_--Select--Adernaline 0.'

2018-05-15 18:25:27 - [TEST_STEP][PASSED] - setText: Text '100' is set on object 'Object Repository/Store Request Schedule 1/Page_Store/input_txttreat'

2018-05-15 18:25:27 - [MESSAGE][PASSED] - Text '100' is set on object 'Object Repository/Store Request Schedule 1/Page_Store/input_txttreat'

2018-05-15 18:25:27 - [TEST_STEP][PASSED] - click: Object: 'Object Repository/Store Request Schedule 1/Page_Store/button_Add' is clicked on

2018-05-15 18:25:27 - [MESSAGE][PASSED] - Object: 'Object Repository/Store Request Schedule 1/Page_Store/button_Add' is clicked on

2018-05-15 18:25:27 - [TEST_STEP][PASSED] - selectOptionByIndex: All options with index in [2] are selected on object 'Object Repository/Store Request Schedule 1/Page_Store/select_--Select--Schedule 1Inj'

2018-05-15 18:25:27 - [MESSAGE][PASSED] - All options with index in [2] are selected on object 'Object Repository/Store Request Schedule 1/Page_Store/select_--Select--Schedule 1Inj'

2018-05-15 18:25:27 - [TEST_STEP][PASSED] - delay: Delayed 1 second(s)

2018-05-15 18:25:28 - [MESSAGE][PASSED] - Delayed 1 second(s)

2018-05-15 18:25:28 - [TEST_STEP][PASSED] - selectOptionByIndex: All options with index in [18] are selected on object 'Object Repository/Store Request Schedule 1/Page_Store/select_--Select--Adernaline 0.'

2018-05-15 18:25:29 - [MESSAGE][PASSED] - All options with index in [18] are selected on object 'Object Repository/Store Request Schedule 1/Page_Store/select_--Select--Adernaline 0.'

2018-05-15 18:25:29 - [TEST_STEP][PASSED] - setText: Text '100' is set on object 'Object Repository/Store Request Schedule 1/Page_Store/input_txttreat'

2018-05-15 18:25:29 - [MESSAGE][PASSED] - Text '100' is set on object 'Object Repository/Store Request Schedule 1/Page_Store/input_txttreat'

2018-05-15 18:25:29 - [TEST_STEP][PASSED] - click: Object: 'Object Repository/Store Request Schedule 1/Page_Store/button_Add' is clicked on

2018-05-15 18:25:29 - [MESSAGE][PASSED] - Object: 'Object Repository/Store Request Schedule 1/Page_Store/button_Add' is clicked on

2018-05-15 18:25:29 - [TEST_STEP][PASSED] - selectOptionByIndex: All options with index in [2] are selected on object 'Object Repository/Store Request Schedule 1/Page_Store/select_--Select--Schedule 1Inj'

2018-05-15 18:25:29 - [MESSAGE][PASSED] - All options with index in [2] are selected on object 'Object Repository/Store Request Schedule 1/Page_Store/select_--Select--Schedule 1Inj'

2018-05-15 18:25:29 - [TEST_STEP][PASSED] - delay: Delayed 1 second(s)

2018-05-15 18:25:30 - [MESSAGE][PASSED] - Delayed 1 second(s)

2018-05-15 18:25:30 - [TEST_STEP][PASSED] - selectOptionByIndex: All options with index in [19] are selected on object 'Object Repository/Store Request Schedule 1/Page_Store/select_--Select--Adernaline 0.'

2018-05-15 18:25:30 - [MESSAGE][PASSED] - All options with index in [19] are selected on object 'Object Repository/Store Request Schedule 1/Page_Store/select_--Select--Adernaline 0.'

2018-05-15 18:25:30 - [TEST_STEP][PASSED] - setText: Text '100' is set on object 'Object Repository/Store Request Schedule 1/Page_Store/input_txttreat'

2018-05-15 18:25:30 - [MESSAGE][PASSED] - Text '100' is set on object 'Object Repository/Store Request Schedule 1/Page_Store/input_txttreat'

2018-05-15 18:25:30 - [TEST_STEP][PASSED] - click: Object: 'Object Repository/Store Request Schedule 1/Page_Store/button_Add' is clicked on

2018-05-15 18:25:30 - [MESSAGE][PASSED] - Object: 'Object Repository/Store Request Schedule 1/Page_Store/button_Add' is clicked on

2018-05-15 18:25:30 - [TEST_STEP][PASSED] - selectOptionByIndex: All options with index in [2] are selected on object 'Object Repository/Store Request Schedule 1/Page_Store/select_--Select--Schedule 1Inj'

2018-05-15 18:25:31 - [MESSAGE][PASSED] - All options with index in [2] are selected on object 'Object Repository/Store Request Schedule 1/Page_Store/select_--Select--Schedule 1Inj'

2018-05-15 18:25:31 - [TEST_STEP][PASSED] - delay: Delayed 1 second(s)

2018-05-15 18:25:32 - [MESSAGE][PASSED] - Delayed 1 second(s)

2018-05-15 18:25:32 - [TEST_STEP][PASSED] - selectOptionByIndex: All options with index in [20] are selected on object 'Object Repository/Store Request Schedule 1/Page_Store/select_--Select--Adernaline 0.'

2018-05-15 18:25:32 - [MESSAGE][PASSED] - All options with index in [20] are selected on object 'Object Repository/Store Request Schedule 1/Page_Store/select_--Select--Adernaline 0.'

2018-05-15 18:25:32 - [TEST_STEP][PASSED] - setText: Text '100' is set on object 'Object Repository/Store Request Schedule 1/Page_Store/input_txttreat'

2018-05-15 18:25:32 - [MESSAGE][PASSED] - Text '100' is set on object 'Object Repository/Store Request Schedule 1/Page_Store/input_txttreat'

2018-05-15 18:25:32 - [TEST_STEP][PASSED] - click: Object: 'Object Repository/Store Request Schedule 1/Page_Store/button_Add' is clicked on

2018-05-15 18:25:32 - [MESSAGE][PASSED] - Object: 'Object Repository/Store Request Schedule 1/Page_Store/button_Add' is clicked on

2018-05-15 18:25:32 - [TEST_STEP][PASSED] - selectOptionByIndex: All options with index in [2] are selected on object 'Object Repository/Store Request Schedule 1/Page_Store/select_--Select--Schedule 1Inj'

2018-05-15 18:25:32 - [MESSAGE][PASSED] - All options with index in [2] are selected on object 'Object Repository/Store Request Schedule 1/Page_Store/select_--Select--Schedule 1Inj'

2018-05-15 18:25:32 - [TEST_STEP][PASSED] - delay: Delayed 1 second(s)

2018-05-15 18:25:33 - [MESSAGE][PASSED] - Delayed 1 second(s)

2018-05-15 18:25:33 - [TEST_STEP][PASSED] - selectOptionByIndex: All options with index in [21] are selected on object 'Object Repository/Store Request Schedule 1/Page_Store/select_--Select--Adernaline 0.'

2018-05-15 18:25:33 - [MESSAGE][PASSED] - All options with index in [21] are selected on object 'Object Repository/Store Request Schedule 1/Page_Store/select_--Select--Adernaline 0.'

2018-05-15 18:25:33 - [TEST_STEP][PASSED] - setText: Text '100' is set on object 'Object Repository/Store Request Schedule 1/Page_Store/input_txttreat'

2018-05-15 18:25:34 - [MESSAGE][PASSED] - Text '100' is set on object 'Object Repository/Store Request Schedule 1/Page_Store/input_txttreat'

2018-05-15 18:25:34 - [TEST_STEP][PASSED] - click: Object: 'Object Repository/Store Request Schedule 1/Page_Store/button_Add' is clicked on

2018-05-15 18:25:34 - [MESSAGE][PASSED] - Object: 'Object Repository/Store Request Schedule 1/Page_Store/button_Add' is clicked on

2018-05-15 18:25:34 - [TEST_STEP][PASSED] - selectOptionByIndex: All options with index in [2] are selected on object 'Object Repository/Store Request Schedule 1/Page_Store/select_--Select--Schedule 1Inj'

2018-05-15 18:25:34 - [MESSAGE][PASSED] - All options with index in [2] are selected on object 'Object Repository/Store Request Schedule 1/Page_Store/select_--Select--Schedule 1Inj'

2018-05-15 18:25:34 - [TEST_STEP][PASSED] - delay: Delayed 1 second(s)

2018-05-15 18:25:35 - [MESSAGE][PASSED] - Delayed 1 second(s)

2018-05-15 18:25:35 - [TEST_STEP][PASSED] - selectOptionByIndex: All options with index in [22] are selected on object 'Object Repository/Store Request Schedule 1/Page_Store/select_--Select--Adernaline 0.'

2018-05-15 18:25:35 - [MESSAGE][PASSED] - All options with index in [22] are selected on object 'Object Repository/Store Request Schedule 1/Page_Store/select_--Select--Adernaline 0.'

2018-05-15 18:25:35 - [TEST_STEP][PASSED] - setText: Text '100' is set on object 'Object Repository/Store Request Schedule 1/Page_Store/input_txttreat'

2018-05-15 18:25:35 - [MESSAGE][PASSED] - Text '100' is set on object 'Object Repository/Store Request Schedule 1/Page_Store/input_txttreat'

2018-05-15 18:25:35 - [TEST_STEP][PASSED] - click: Object: 'Object Repository/Store Request Schedule 1/Page_Store/button_Add' is clicked on

2018-05-15 18:25:35 - [MESSAGE][PASSED] - Object: 'Object Repository/Store Request Schedule 1/Page_Store/button_Add' is clicked on

2018-05-15 18:25:35 - [TEST_STEP][PASSED] - selectOptionByIndex: All options with index in [2] are selected on object 'Object Repository/Store Request Schedule 1/Page_Store/select_--Select--Schedule 1Inj'

2018-05-15 18:25:35 - [MESSAGE][PASSED] - All options with index in [2] are selected on object 'Object Repository/Store Request Schedule 1/Page_Store/select_--Select--Schedule 1Inj'

2018-05-15 18:25:35 - [TEST_STEP][PASSED] - delay: Delayed 1 second(s)

2018-05-15 18:25:36 - [MESSAGE][PASSED] - Delayed 1 second(s)

2018-05-15 18:25:36 - [TEST_STEP][PASSED] - selectOptionByIndex: All options with index in [23] are selected on object 'Object Repository/Store Request Schedule 1/Page_Store/select_--Select--Adernaline 0.'

2018-05-15 18:25:37 - [MESSAGE][PASSED] - All options with index in [23] are selected on object 'Object Repository/Store Request Schedule 1/Page_Store/select_--Select--Adernaline 0.'

2018-05-15 18:25:37 - [TEST_STEP][PASSED] - setText: Text '100' is set on object 'Object Repository/Store Request Schedule 1/Page_Store/input_txttreat'

2018-05-15 18:25:37 - [MESSAGE][PASSED] - Text '100' is set on object 'Object Repository/Store Request Schedule 1/Page_Store/input_txttreat'

2018-05-15 18:25:37 - [TEST_STEP][PASSED] - click: Object: 'Object Repository/Store Request Schedule 1/Page_Store/button_Add' is clicked on

2018-05-15 18:25:37 - [MESSAGE][PASSED] - Object: 'Object Repository/Store Request Schedule 1/Page_Store/button_Add' is clicked on

2018-05-15 18:25:37 - [TEST_STEP][PASSED] - selectOptionByIndex: All options with index in [2] are selected on object 'Object Repository/Store Request Schedule 1/Page_Store/select_--Select--Schedule 1Inj'

2018-05-15 18:25:37 - [MESSAGE][PASSED] - All options with index in [2] are selected on object 'Object Repository/Store Request Schedule 1/Page_Store/select_--Select--Schedule 1Inj'

2018-05-15 18:25:37 - [TEST_STEP][PASSED] - delay: Delayed 1 second(s)

2018-05-15 18:25:38 - [MESSAGE][PASSED] - Delayed 1 second(s)

2018-05-15 18:25:38 - [TEST_STEP][PASSED] - selectOptionByIndex: All options with index in [24] are selected on object 'Object Repository/Store Request Schedule 1/Page_Store/select_--Select--Adernaline 0.'

2018-05-15 18:25:38 - [MESSAGE][PASSED] - All options with index in [24] are selected on object 'Object Repository/Store Request Schedule 1/Page_Store/select_--Select--Adernaline 0.'

2018-05-15 18:25:38 - [TEST_STEP][PASSED] - setText: Text '100' is set on object 'Object Repository/Store Request Schedule 1/Page_Store/input_txttreat'

2018-05-15 18:25:38 - [MESSAGE][PASSED] - Text '100' is set on object 'Object Repository/Store Request Schedule 1/Page_Store/input_txttreat'

2018-05-15 18:25:38 - [TEST_STEP][PASSED] - click: Object: 'Object Repository/Store Request Schedule 1/Page_Store/button_Add' is clicked on

2018-05-15 18:25:39 - [MESSAGE][PASSED] - Object: 'Object Repository/Store Request Schedule 1/Page_Store/button_Add' is clicked on

2018-05-15 18:25:39 - [TEST_STEP][PASSED] - selectOptionByIndex: All options with index in [2] are selected on object 'Object Repository/Store Request Schedule 1/Page_Store/select_--Select--Schedule 1Inj'

2018-05-15 18:25:39 - [MESSAGE][PASSED] - All options with index in [2] are selected on object 'Object Repository/Store Request Schedule 1/Page_Store/select_--Select--Schedule 1Inj'

2018-05-15 18:25:39 - [TEST_STEP][PASSED] - delay: Delayed 1 second(s)

2018-05-15 18:25:40 - [MESSAGE][PASSED] - Delayed 1 second(s)

2018-05-15 18:25:40 - [TEST_STEP][PASSED] - selectOptionByIndex: All options with index in [25] are selected on object 'Object Repository/Store Request Schedule 1/Page_Store/select_--Select--Adernaline 0.'

2018-05-15 18:25:40 - [MESSAGE][PASSED] - All options with index in [25] are selected on object 'Object Repository/Store Request Schedule 1/Page_Store/select_--Select--Adernaline 0.'

2018-05-15 18:25:40 - [TEST_STEP][PASSED] - setText: Text '100' is set on object 'Object Repository/Store Request Schedule 1/Page_Store/input_txttreat'

2018-05-15 18:25:40 - [MESSAGE][PASSED] - Text '100' is set on object 'Object Repository/Store Request Schedule 1/Page_Store/input_txttreat'

2018-05-15 18:25:40 - [TEST_STEP][PASSED] - click: Object: 'Object Repository/Store Request Schedule 1/Page_Store/button_Add' is clicked on

2018-05-15 18:25:40 - [MESSAGE][PASSED] - Object: 'Object Repository/Store Request Schedule 1/Page_Store/button_Add' is clicked on

2018-05-15 18:25:40 - [TEST_STEP][PASSED] - selectOptionByIndex: All options with index in [2] are selected on object 'Object Repository/Store Request Schedule 1/Page_Store/select_--Select--Schedule 1Inj'

2018-05-15 18:25:40 - [MESSAGE][PASSED] - All options with index in [2] are selected on object 'Object Repository/Store Request Schedule 1/Page_Store/select_--Select--Schedule 1Inj'

2018-05-15 18:25:40 - [TEST_STEP][PASSED] - delay: Delayed 1 second(s)

2018-05-15 18:25:41 - [MESSAGE][PASSED] - Delayed 1 second(s)

2018-05-15 18:25:41 - [TEST_STEP][PASSED] - selectOptionByIndex: All options with index in [26] are selected on object 'Object Repository/Store Request Schedule 1/Page_Store/select_--Select--Adernaline 0.'

2018-05-15 18:25:42 - [MESSAGE][PASSED] - All options with index in [26] are selected on object 'Object Repository/Store Request Schedule 1/Page_Store/select_--Select--Adernaline 0.'

2018-05-15 18:25:42 - [TEST_STEP][PASSED] - setText: Text '100' is set on object 'Object Repository/Store Request Schedule 1/Page_Store/input_txttreat'

2018-05-15 18:25:42 - [MESSAGE][PASSED] - Text '100' is set on object 'Object Repository/Store Request Schedule 1/Page_Store/input_txttreat'

2018-05-15 18:25:42 - [TEST_STEP][PASSED] - click: Object: 'Object Repository/Store Request Schedule 1/Page_Store/button_Add' is clicked on

2018-05-15 18:25:42 - [MESSAGE][PASSED] - Object: 'Object Repository/Store Request Schedule 1/Page_Store/button_Add' is clicked on

2018-05-15 18:25:42 - [TEST_STEP][PASSED] - selectOptionByIndex: All options with index in [2] are selected on object 'Object Repository/Store Request Schedule 1/Page_Store/select_--Select--Schedule 1Inj'

2018-05-15 18:25:42 - [MESSAGE][PASSED] - All options with index in [2] are selected on object 'Object Repository/Store Request Schedule 1/Page_Store/select_--Select--Schedule 1Inj'

2018-05-15 18:25:42 - [TEST_STEP][PASSED] - delay: Delayed 1 second(s)

2018-05-15 18:25:43 - [MESSAGE][PASSED] - Delayed 1 second(s)

2018-05-15 18:25:43 - [TEST_STEP][PASSED] - selectOptionByIndex: All options with index in [27] are selected on object 'Object Repository/Store Request Schedule 1/Page_Store/select_--Select--Adernaline 0.'

2018-05-15 18:25:43 - [MESSAGE][PASSED] - All options with index in [27] are selected on object 'Object Repository/Store Request Schedule 1/Page_Store/select_--Select--Adernaline 0.'

2018-05-15 18:25:43 - [TEST_STEP][PASSED] - setText: Text '100' is set on object 'Object Repository/Store Request Schedule 1/Page_Store/input_txttreat'

2018-05-15 18:25:44 - [MESSAGE][PASSED] - Text '100' is set on object 'Object Repository/Store Request Schedule 1/Page_Store/input_txttreat'

2018-05-15 18:25:44 - [TEST_STEP][PASSED] - click: Object: 'Object Repository/Store Request Schedule 1/Page_Store/button_Add' is clicked on

2018-05-15 18:25:44 - [MESSAGE][PASSED] - Object: 'Object Repository/Store Request Schedule 1/Page_Store/button_Add' is clicked on

2018-05-15 18:25:44 - [TEST_STEP][PASSED] - selectOptionByIndex: All options with index in [2] are selected on object 'Object Repository/Store Request Schedule 1/Page_Store/select_--Select--Schedule 1Inj'

2018-05-15 18:25:44 - [MESSAGE][PASSED] - All options with index in [2] are selected on object 'Object Repository/Store Request Schedule 1/Page_Store/select_--Select--Schedule 1Inj'

2018-05-15 18:25:44 - [TEST_STEP][PASSED] - delay: Delayed 1 second(s)

2018-05-15 18:25:45 - [MESSAGE][PASSED] - Delayed 1 second(s)

2018-05-15 18:25:45 - [TEST_STEP][PASSED] - selectOptionByIndex: All options with index in [28] are selected on object 'Object Repository/Store Request Schedule 1/Page_Store/select_--Select--Adernaline 0.'

2018-05-15 18:25:45 - [MESSAGE][PASSED] - All options with index in [28] are selected on object 'Object Repository/Store Request Schedule 1/Page_Store/select_--Select--Adernaline 0.'

2018-05-15 18:25:45 - [TEST_STEP][PASSED] - setText: Text '100' is set on object 'Object Repository/Store Request Schedule 1/Page_Store/input_txttreat'

2018-05-15 18:25:45 - [MESSAGE][PASSED] - Text '100' is set on object 'Object Repository/Store Request Schedule 1/Page_Store/input_txttreat'

2018-05-15 18:25:45 - [TEST_STEP][PASSED] - click: Object: 'Object Repository/Store Request Schedule 1/Page_Store/button_Add' is clicked on

2018-05-15 18:25:45 - [MESSAGE][PASSED] - Object: 'Object Repository/Store Request Schedule 1/Page_Store/button_Add' is clicked on

2018-05-15 18:25:45 - [TEST_STEP][PASSED] - selectOptionByIndex: All options with index in [2] are selected on object 'Object Repository/Store Request Schedule 1/Page_Store/select_--Select--Schedule 1Inj'

2018-05-15 18:25:45 - [MESSAGE][PASSED] - All options with index in [2] are selected on object 'Object Repository/Store Request Schedule 1/Page_Store/select_--Select--Schedule 1Inj'

2018-05-15 18:25:45 - [TEST_STEP][PASSED] - delay: Delayed 1 second(s)

2018-05-15 18:25:46 - [MESSAGE][PASSED] - Delayed 1 second(s)

2018-05-15 18:25:46 - [TEST_STEP][PASSED] - selectOptionByIndex: All options with index in [29] are selected on object 'Object Repository/Store Request Schedule 1/Page_Store/select_--Select--Adernaline 0.'

2018-05-15 18:25:47 - [MESSAGE][PASSED] - All options with index in [29] are selected on object 'Object Repository/Store Request Schedule 1/Page_Store/select_--Select--Adernaline 0.'

2018-05-15 18:25:47 - [TEST_STEP][PASSED] - setText: Text '100' is set on object 'Object Repository/Store Request Schedule 1/Page_Store/input_txttreat'

2018-05-15 18:25:47 - [MESSAGE][PASSED] - Text '100' is set on object 'Object Repository/Store Request Schedule 1/Page_Store/input_txttreat'

2018-05-15 18:25:47 - [TEST_STEP][PASSED] - click: Object: 'Object Repository/Store Request Schedule 1/Page_Store/button_Add' is clicked on

2018-05-15 18:25:47 - [MESSAGE][PASSED] - Object: 'Object Repository/Store Request Schedule 1/Page_Store/button_Add' is clicked on

2018-05-15 18:25:47 - [TEST_STEP][PASSED] - selectOptionByIndex: All options with index in [2] are selected on object 'Object Repository/Store Request Schedule 1/Page_Store/select_--Select--Schedule 1Inj'

2018-05-15 18:25:47 - [MESSAGE][PASSED] - All options with index in [2] are selected on object 'Object Repository/Store Request Schedule 1/Page_Store/select_--Select--Schedule 1Inj'

2018-05-15 18:25:47 - [TEST_STEP][PASSED] - delay: Delayed 1 second(s)

2018-05-15 18:25:48 - [MESSAGE][PASSED] - Delayed 1 second(s)

2018-05-15 18:25:48 - [TEST_STEP][PASSED] - selectOptionByIndex: All options with index in [30] are selected on object 'Object Repository/Store Request Schedule 1/Page_Store/select_--Select--Adernaline 0.'

2018-05-15 18:25:49 - [MESSAGE][PASSED] - All options with index in [30] are selected on object 'Object Repository/Store Request Schedule 1/Page_Store/select_--Select--Adernaline 0.'

2018-05-15 18:25:49 - [TEST_STEP][PASSED] - setText: Text '100' is set on object 'Object Repository/Store Request Schedule 1/Page_Store/input_txttreat'

2018-05-15 18:25:49 - [MESSAGE][PASSED] - Text '100' is set on object 'Object Repository/Store Request Schedule 1/Page_Store/input_txttreat'

2018-05-15 18:25:49 - [TEST_STEP][PASSED] - click: Object: 'Object Repository/Store Request Schedule 1/Page_Store/button_Add' is clicked on

2018-05-15 18:25:49 - [MESSAGE][PASSED] - Object: 'Object Repository/Store Request Schedule 1/Page_Store/button_Add' is clicked on

2018-05-15 18:25:49 - [TEST_STEP][PASSED] - selectOptionByIndex: All options with index in [2] are selected on object 'Object Repository/Store Request Schedule 1/Page_Store/select_--Select--Schedule 1Inj'

2018-05-15 18:25:49 - [MESSAGE][PASSED] - All options with index in [2] are selected on object 'Object Repository/Store Request Schedule 1/Page_Store/select_--Select--Schedule 1Inj'

2018-05-15 18:25:49 - [TEST_STEP][PASSED] - delay: Delayed 1 second(s)

2018-05-15 18:25:50 - [MESSAGE][PASSED] - Delayed 1 second(s)

2018-05-15 18:25:50 - [TEST_STEP][PASSED] - selectOptionByIndex: All options with index in [31] are selected on object 'Object Repository/Store Request Schedule 1/Page_Store/select_--Select--Adernaline 0.'

2018-05-15 18:25:50 - [MESSAGE][PASSED] - All options with index in [31] are selected on object 'Object Repository/Store Request Schedule 1/Page_Store/select_--Select--Adernaline 0.'

2018-05-15 18:25:50 - [TEST_STEP][PASSED] - setText: Text '100' is set on object 'Object Repository/Store Request Schedule 1/Page_Store/input_txttreat'

2018-05-15 18:25:50 - [MESSAGE][PASSED] - Text '100' is set on object 'Object Repository/Store Request Schedule 1/Page_Store/input_txttreat'

2018-05-15 18:25:50 - [TEST_STEP][PASSED] - click: Object: 'Object Repository/Store Request Schedule 1/Page_Store/button_Add' is clicked on

2018-05-15 18:25:50 - [MESSAGE][PASSED] - Object: 'Object Repository/Store Request Schedule 1/Page_Store/button_Add' is clicked on

2018-05-15 18:25:50 - [TEST_STEP][PASSED] - selectOptionByIndex: All options with index in [2] are selected on object 'Object Repository/Store Request Schedule 1/Page_Store/select_--Select--Schedule 1Inj'

2018-05-15 18:25:51 - [MESSAGE][PASSED] - All options with index in [2] are selected on object 'Object Repository/Store Request Schedule 1/Page_Store/select_--Select--Schedule 1Inj'

2018-05-15 18:25:51 - [TEST_STEP][PASSED] - delay: Delayed 1 second(s)

2018-05-15 18:25:52 - [MESSAGE][PASSED] - Delayed 1 second(s)

2018-05-15 18:25:52 - [TEST_STEP][PASSED] - selectOptionByIndex: All options with index in [32] are selected on object 'Object Repository/Store Request Schedule 1/Page_Store/select_--Select--Adernaline 0.'

2018-05-15 18:25:52 - [MESSAGE][PASSED] - All options with index in [32] are selected on object 'Object Repository/Store Request Schedule 1/Page_Store/select_--Select--Adernaline 0.'

2018-05-15 18:25:52 - [TEST_STEP][PASSED] - setText: Text '100' is set on object 'Object Repository/Store Request Schedule 1/Page_Store/input_txttreat'

2018-05-15 18:25:52 - [MESSAGE][PASSED] - Text '100' is set on object 'Object Repository/Store Request Schedule 1/Page_Store/input_txttreat'

2018-05-15 18:25:52 - [TEST_STEP][PASSED] - click: Object: 'Object Repository/Store Request Schedule 1/Page_Store/button_Add' is clicked on

2018-05-15 18:25:52 - [MESSAGE][PASSED] - Object: 'Object Repository/Store Request Schedule 1/Page_Store/button_Add' is clicked on

2018-05-15 18:25:52 - [TEST_STEP][PASSED] - selectOptionByIndex: All options with index in [2] are selected on object 'Object Repository/Store Request Schedule 1/Page_Store/select_--Select--Schedule 1Inj'

2018-05-15 18:25:52 - [MESSAGE][PASSED] - All options with index in [2] are selected on object 'Object Repository/Store Request Schedule 1/Page_Store/select_--Select--Schedule 1Inj'

2018-05-15 18:25:52 - [TEST_STEP][PASSED] - delay: Delayed 1 second(s)

2018-05-15 18:25:53 - [MESSAGE][PASSED] - Delayed 1 second(s)

2018-05-15 18:25:53 - [TEST_STEP][PASSED] - selectOptionByIndex: All options with index in [33] are selected on object 'Object Repository/Store Request Schedule 1/Page_Store/select_--Select--Adernaline 0.'

2018-05-15 18:25:54 - [MESSAGE][PASSED] - All options with index in [33] are selected on object 'Object Repository/Store Request Schedule 1/Page_Store/select_--Select--Adernaline 0.'

2018-05-15 18:25:54 - [TEST_STEP][PASSED] - setText: Text '100' is set on object 'Object Repository/Store Request Schedule 1/Page_Store/input_txttreat'

2018-05-15 18:25:54 - [MESSAGE][PASSED] - Text '100' is set on object 'Object Repository/Store Request Schedule 1/Page_Store/input_txttreat'

2018-05-15 18:25:54 - [TEST_STEP][PASSED] - click: Object: 'Object Repository/Store Request Schedule 1/Page_Store/button_Add' is clicked on

2018-05-15 18:25:54 - [MESSAGE][PASSED] - Object: 'Object Repository/Store Request Schedule 1/Page_Store/button_Add' is clicked on

2018-05-15 18:25:54 - [TEST_STEP][PASSED] - selectOptionByIndex: All options with index in [2] are selected on object 'Object Repository/Store Request Schedule 1/Page_Store/select_--Select--Schedule 1Inj'

2018-05-15 18:25:54 - [MESSAGE][PASSED] - All options with index in [2] are selected on object 'Object Repository/Store Request Schedule 1/Page_Store/select_--Select--Schedule 1Inj'

2018-05-15 18:25:54 - [TEST_STEP][PASSED] - delay: Delayed 1 second(s)

2018-05-15 18:25:55 - [MESSAGE][PASSED] - Delayed 1 second(s)

2018-05-15 18:25:55 - [TEST_STEP][PASSED] - selectOptionByIndex: All options with index in [34] are selected on object 'Object Repository/Store Request Schedule 1/Page_Store/select_--Select--Adernaline 0.'

2018-05-15 18:25:55 - [MESSAGE][PASSED] - All options with index in [34] are selected on object 'Object Repository/Store Request Schedule 1/Page_Store/select_--Select--Adernaline 0.'

2018-05-15 18:25:55 - [TEST_STEP][PASSED] - setText: Text '100' is set on object 'Object Repository/Store Request Schedule 1/Page_Store/input_txttreat'

2018-05-15 18:25:56 - [MESSAGE][PASSED] - Text '100' is set on object 'Object Repository/Store Request Schedule 1/Page_Store/input_txttreat'

2018-05-15 18:25:56 - [TEST_STEP][PASSED] - click: Object: 'Object Repository/Store Request Schedule 1/Page_Store/button_Add' is clicked on

2018-05-15 18:25:56 - [MESSAGE][PASSED] - Object: 'Object Repository/Store Request Schedule 1/Page_Store/button_Add' is clicked on

2018-05-15 18:25:56 - [TEST_STEP][PASSED] - selectOptionByIndex: All options with index in [2] are selected on object 'Object Repository/Store Request Schedule 1/Page_Store/select_--Select--Schedule 1Inj'

2018-05-15 18:25:56 - [MESSAGE][PASSED] - All options with index in [2] are selected on object 'Object Repository/Store Request Schedule 1/Page_Store/select_--Select--Schedule 1Inj'

2018-05-15 18:25:56 - [TEST_STEP][PASSED] - delay: Delayed 1 second(s)

2018-05-15 18:25:57 - [MESSAGE][PASSED] - Delayed 1 second(s)

2018-05-15 18:25:57 - [TEST_STEP][PASSED] - selectOptionByIndex: All options with index in [35] are selected on object 'Object Repository/Store Request Schedule 1/Page_Store/select_--Select--Adernaline 0.'

2018-05-15 18:25:57 - [MESSAGE][PASSED] - All options with index in [35] are selected on object 'Object Repository/Store Request Schedule 1/Page_Store/select_--Select--Adernaline 0.'

2018-05-15 18:25:57 - [TEST_STEP][PASSED] - setText: Text '100' is set on object 'Object Repository/Store Request Schedule 1/Page_Store/input_txttreat'

2018-05-15 18:25:57 - [MESSAGE][PASSED] - Text '100' is set on object 'Object Repository/Store Request Schedule 1/Page_Store/input_txttreat'

2018-05-15 18:25:57 - [TEST_STEP][PASSED] - click: Object: 'Object Repository/Store Request Schedule 1/Page_Store/button_Add' is clicked on

2018-05-15 18:25:57 - [MESSAGE][PASSED] - Object: 'Object Repository/Store Request Schedule 1/Page_Store/button_Add' is clicked on

2018-05-15 18:25:57 - [TEST_STEP][PASSED] - selectOptionByIndex: All options with index in [2] are selected on object 'Object Repository/Store Request Schedule 1/Page_Store/select_--Select--Schedule 1Inj'

2018-05-15 18:25:58 - [MESSAGE][PASSED] - All options with index in [2] are selected on object 'Object Repository/Store Request Schedule 1/Page_Store/select_--Select--Schedule 1Inj'

2018-05-15 18:25:58 - [TEST_STEP][PASSED] - delay: Delayed 1 second(s)

2018-05-15 18:25:59 - [MESSAGE][PASSED] - Delayed 1 second(s)

2018-05-15 18:25:59 - [TEST_STEP][PASSED] - selectOptionByIndex: All options with index in [36] are selected on object 'Object Repository/Store Request Schedule 1/Page_Store/select_--Select--Adernaline 0.'

2018-05-15 18:25:59 - [MESSAGE][PASSED] - All options with index in [36] are selected on object 'Object Repository/Store Request Schedule 1/Page_Store/select_--Select--Adernaline 0.'

2018-05-15 18:25:59 - [TEST_STEP][PASSED] - setText: Text '100' is set on object 'Object Repository/Store Request Schedule 1/Page_Store/input_txttreat'

2018-05-15 18:25:59 - [MESSAGE][PASSED] - Text '100' is set on object 'Object Repository/Store Request Schedule 1/Page_Store/input_txttreat'

2018-05-15 18:25:59 - [TEST_STEP][PASSED] - click: Object: 'Object Repository/Store Request Schedule 1/Page_Store/button_Add' is clicked on

2018-05-15 18:25:59 - [MESSAGE][PASSED] - Object: 'Object Repository/Store Request Schedule 1/Page_Store/button_Add' is clicked on

2018-05-15 18:25:59 - [TEST_STEP][PASSED] - selectOptionByIndex: All options with index in [2] are selected on object 'Object Repository/Store Request Schedule 1/Page_Store/select_--Select--Schedule 1Inj'

2018-05-15 18:25:59 - [MESSAGE][PASSED] - All options with index in [2] are selected on object 'Object Repository/Store Request Schedule 1/Page_Store/select_--Select--Schedule 1Inj'

2018-05-15 18:25:59 - [TEST_STEP][PASSED] - delay: Delayed 1 second(s)

2018-05-15 18:26:00 - [MESSAGE][PASSED] - Delayed 1 second(s)

2018-05-15 18:26:00 - [TEST_STEP][PASSED] - selectOptionByIndex: All options with index in [37] are selected on object 'Object Repository/Store Request Schedule 1/Page_Store/select_--Select--Adernaline 0.'

2018-05-15 18:26:01 - [MESSAGE][PASSED] - All options with index in [37] are selected on object 'Object Repository/Store Request Schedule 1/Page_Store/select_--Select--Adernaline 0.'

2018-05-15 18:26:01 - [TEST_STEP][PASSED] - setText: Text '100' is set on object 'Object Repository/Store Request Schedule 1/Page_Store/input_txttreat'

2018-05-15 18:26:01 - [MESSAGE][PASSED] - Text '100' is set on object 'Object Repository/Store Request Schedule 1/Page_Store/input_txttreat'

2018-05-15 18:26:01 - [TEST_STEP][PASSED] - click: Object: 'Object Repository/Store Request Schedule 1/Page_Store/button_Add' is clicked on

2018-05-15 18:26:01 - [MESSAGE][PASSED] - Object: 'Object Repository/Store Request Schedule 1/Page_Store/button_Add' is clicked on

2018-05-15 18:26:01 - [TEST_STEP][PASSED] - selectOptionByIndex: All options with index in [2] are selected on object 'Object Repository/Store Request Schedule 1/Page_Store/select_--Select--Schedule 1Inj'

2018-05-15 18:26:01 - [MESSAGE][PASSED] - All options with index in [2] are selected on object 'Object Repository/Store Request Schedule 1/Page_Store/select_--Select--Schedule 1Inj'

2018-05-15 18:26:01 - [TEST_STEP][PASSED] - delay: Delayed 1 second(s)

2018-05-15 18:26:02 - [MESSAGE][PASSED] - Delayed 1 second(s)

2018-05-15 18:26:02 - [TEST_STEP][PASSED] - selectOptionByIndex: All options with index in [38] are selected on object 'Object Repository/Store Request Schedule 1/Page_Store/select_--Select--Adernaline 0.'

2018-05-15 18:26:03 - [MESSAGE][PASSED] - All options with index in [38] are selected on object 'Object Repository/Store Request Schedule 1/Page_Store/select_--Select--Adernaline 0.'

2018-05-15 18:26:03 - [TEST_STEP][PASSED] - setText: Text '100' is set on object 'Object Repository/Store Request Schedule 1/Page_Store/input_txttreat'

2018-05-15 18:26:03 - [MESSAGE][PASSED] - Text '100' is set on object 'Object Repository/Store Request Schedule 1/Page_Store/input_txttreat'

2018-05-15 18:26:03 - [TEST_STEP][PASSED] - click: Object: 'Object Repository/Store Request Schedule 1/Page_Store/button_Add' is clicked on

2018-05-15 18:26:03 - [MESSAGE][PASSED] - Object: 'Object Repository/Store Request Schedule 1/Page_Store/button_Add' is clicked on

2018-05-15 18:26:03 - [TEST_STEP][PASSED] - selectOptionByIndex: All options with index in [2] are selected on object 'Object Repository/Store Request Schedule 1/Page_Store/select_--Select--Schedule 1Inj'

2018-05-15 18:26:03 - [MESSAGE][PASSED] - All options with index in [2] are selected on object 'Object Repository/Store Request Schedule 1/Page_Store/select_--Select--Schedule 1Inj'

2018-05-15 18:26:03 - [TEST_STEP][PASSED] - delay: Delayed 1 second(s)

2018-05-15 18:26:04 - [MESSAGE][PASSED] - Delayed 1 second(s)

2018-05-15 18:26:04 - [TEST_STEP][PASSED] - selectOptionByIndex: All options with index in [39] are selected on object 'Object Repository/Store Request Schedule 1/Page_Store/select_--Select--Adernaline 0.'

2018-05-15 18:26:04 - [MESSAGE][PASSED] - All options with index in [39] are selected on object 'Object Repository/Store Request Schedule 1/Page_Store/select_--Select--Adernaline 0.'

2018-05-15 18:26:04 - [TEST_STEP][PASSED] - setText: Text '100' is set on object 'Object Repository/Store Request Schedule 1/Page_Store/input_txttreat'

2018-05-15 18:26:04 - [MESSAGE][PASSED] - Text '100' is set on object 'Object Repository/Store Request Schedule 1/Page_Store/input_txttreat'

2018-05-15 18:26:04 - [TEST_STEP][PASSED] - click: Object: 'Object Repository/Store Request Schedule 1/Page_Store/button_Add' is clicked on

2018-05-15 18:26:04 - [MESSAGE][PASSED] - Object: 'Object Repository/Store Request Schedule 1/Page_Store/button_Add' is clicked on

2018-05-15 18:26:04 - [TEST_STEP][PASSED] - selectOptionByIndex: All options with index in [2] are selected on object 'Object Repository/Store Request Schedule 1/Page_Store/select_--Select--Schedule 1Inj'

2018-05-15 18:26:05 - [MESSAGE][PASSED] - All options with index in [2] are selected on object 'Object Repository/Store Request Schedule 1/Page_Store/select_--Select--Schedule 1Inj'

2018-05-15 18:26:05 - [TEST_STEP][PASSED] - delay: Delayed 1 second(s)

2018-05-15 18:26:06 - [MESSAGE][PASSED] - Delayed 1 second(s)

2018-05-15 18:26:06 - [TEST_STEP][PASSED] - selectOptionByIndex: All options with index in [40] are selected on object 'Object Repository/Store Request Schedule 1/Page_Store/select_--Select--Adernaline 0.'

2018-05-15 18:26:06 - [MESSAGE][PASSED] - All options with index in [40] are selected on object 'Object Repository/Store Request Schedule 1/Page_Store/select_--Select--Adernaline 0.'

2018-05-15 18:26:06 - [TEST_STEP][PASSED] - setText: Text '100' is set on object 'Object Repository/Store Request Schedule 1/Page_Store/input_txttreat'

2018-05-15 18:26:06 - [MESSAGE][PASSED] - Text '100' is set on object 'Object Repository/Store Request Schedule 1/Page_Store/input_txttreat'

2018-05-15 18:26:06 - [TEST_STEP][PASSED] - click: Object: 'Object Repository/Store Request Schedule 1/Page_Store/button_Add' is clicked on

2018-05-15 18:26:06 - [MESSAGE][PASSED] - Object: 'Object Repository/Store Request Schedule 1/Page_Store/button_Add' is clicked on

2018-05-15 18:26:06 - [TEST_STEP][PASSED] - selectOptionByIndex: All options with index in [2] are selected on object 'Object Repository/Store Request Schedule 1/Page_Store/select_--Select--Schedule 1Inj'

2018-05-15 18:26:06 - [MESSAGE][PASSED] - All options with index in [2] are selected on object 'Object Repository/Store Request Schedule 1/Page_Store/select_--Select--Schedule 1Inj'

2018-05-15 18:26:06 - [TEST_STEP][PASSED] - delay: Delayed 1 second(s)

2018-05-15 18:26:07 - [MESSAGE][PASSED] - Delayed 1 second(s)

2018-05-15 18:26:07 - [TEST_STEP][PASSED] - selectOptionByIndex: All options with index in [41] are selected on object 'Object Repository/Store Request Schedule 1/Page_Store/select_--Select--Adernaline 0.'

2018-05-15 18:26:08 - [MESSAGE][PASSED] - All options with index in [41] are selected on object 'Object Repository/Store Request Schedule 1/Page_Store/select_--Select--Adernaline 0.'

2018-05-15 18:26:08 - [TEST_STEP][PASSED] - setText: Text '100' is set on object 'Object Repository/Store Request Schedule 1/Page_Store/input_txttreat'

2018-05-15 18:26:08 - [MESSAGE][PASSED] - Text '100' is set on object 'Object Repository/Store Request Schedule 1/Page_Store/input_txttreat'

2018-05-15 18:26:08 - [TEST_STEP][PASSED] - click: Object: 'Object Repository/Store Request Schedule 1/Page_Store/button_Add' is clicked on

2018-05-15 18:26:08 - [MESSAGE][PASSED] - Object: 'Object Repository/Store Request Schedule 1/Page_Store/button_Add' is clicked on

2018-05-15 18:26:08 - [TEST_STEP][PASSED] - selectOptionByIndex: All options with index in [2] are selected on object 'Object Repository/Store Request Schedule 1/Page_Store/select_--Select--Schedule 1Inj'

2018-05-15 18:26:08 - [MESSAGE][PASSED] - All options with index in [2] are selected on object 'Object Repository/Store Request Schedule 1/Page_Store/select_--Select--Schedule 1Inj'

2018-05-15 18:26:08 - [TEST_STEP][PASSED] - delay: Delayed 1 second(s)

2018-05-15 18:26:09 - [MESSAGE][PASSED] - Delayed 1 second(s)

2018-05-15 18:26:09 - [TEST_STEP][PASSED] - selectOptionByIndex: All options with index in [42] are selected on object 'Object Repository/Store Request Schedule 1/Page_Store/select_--Select--Adernaline 0.'

2018-05-15 18:26:10 - [MESSAGE][PASSED] - All options with index in [42] are selected on object 'Object Repository/Store Request Schedule 1/Page_Store/select_--Select--Adernaline 0.'

2018-05-15 18:26:10 - [TEST_STEP][PASSED] - setText: Text '100' is set on object 'Object Repository/Store Request Schedule 1/Page_Store/input_txttreat'

2018-05-15 18:26:10 - [MESSAGE][PASSED] - Text '100' is set on object 'Object Repository/Store Request Schedule 1/Page_Store/input_txttreat'

2018-05-15 18:26:10 - [TEST_STEP][PASSED] - click: Object: 'Object Repository/Store Request Schedule 1/Page_Store/button_Add' is clicked on

2018-05-15 18:26:10 - [MESSAGE][PASSED] - Object: 'Object Repository/Store Request Schedule 1/Page_Store/button_Add' is clicked on

2018-05-15 18:26:10 - [TEST_STEP][PASSED] - selectOptionByIndex: All options with index in [2] are selected on object 'Object Repository/Store Request Schedule 1/Page_Store/select_--Select--Schedule 1Inj'

2018-05-15 18:26:10 - [MESSAGE][PASSED] - All options with index in [2] are selected on object 'Object Repository/Store Request Schedule 1/Page_Store/select_--Select--Schedule 1Inj'

2018-05-15 18:26:10 - [TEST_STEP][PASSED] - delay: Delayed 1 second(s)

2018-05-15 18:26:11 - [MESSAGE][PASSED] - Delayed 1 second(s)

2018-05-15 18:26:11 - [TEST_STEP][PASSED] - selectOptionByIndex: All options with index in [43] are selected on object 'Object Repository/Store Request Schedule 1/Page_Store/select_--Select--Adernaline 0.'

2018-05-15 18:26:12 - [MESSAGE][PASSED] - All options with index in [43] are selected on object 'Object Repository/Store Request Schedule 1/Page_Store/select_--Select--Adernaline 0.'

2018-05-15 18:26:12 - [TEST_STEP][PASSED] - setText: Text '100' is set on object 'Object Repository/Store Request Schedule 1/Page_Store/input_txttreat'

2018-05-15 18:26:12 - [MESSAGE][PASSED] - Text '100' is set on object 'Object Repository/Store Request Schedule 1/Page_Store/input_txttreat'

2018-05-15 18:26:12 - [TEST_STEP][PASSED] - click: Object: 'Object Repository/Store Request Schedule 1/Page_Store/button_Add' is clicked on

2018-05-15 18:26:12 - [MESSAGE][PASSED] - Object: 'Object Repository/Store Request Schedule 1/Page_Store/button_Add' is clicked on

2018-05-15 18:26:12 - [TEST_STEP][PASSED] - selectOptionByIndex: All options with index in [2] are selected on object 'Object Repository/Store Request Schedule 1/Page_Store/select_--Select--Schedule 1Inj'

2018-05-15 18:26:12 - [MESSAGE][PASSED] - All options with index in [2] are selected on object 'Object Repository/Store Request Schedule 1/Page_Store/select_--Select--Schedule 1Inj'

2018-05-15 18:26:12 - [TEST_STEP][PASSED] - delay: Delayed 1 second(s)

2018-05-15 18:26:13 - [MESSAGE][PASSED] - Delayed 1 second(s)

2018-05-15 18:26:13 - [TEST_STEP][PASSED] - selectOptionByIndex: All options with index in [44] are selected on object 'Object Repository/Store Request Schedule 1/Page_Store/select_--Select--Adernaline 0.'

2018-05-15 18:26:13 - [MESSAGE][PASSED] - All options with index in [44] are selected on object 'Object Repository/Store Request Schedule 1/Page_Store/select_--Select--Adernaline 0.'

2018-05-15 18:26:13 - [TEST_STEP][PASSED] - setText: Text '100' is set on object 'Object Repository/Store Request Schedule 1/Page_Store/input_txttreat'

2018-05-15 18:26:14 - [MESSAGE][PASSED] - Text '100' is set on object 'Object Repository/Store Request Schedule 1/Page_Store/input_txttreat'

2018-05-15 18:26:14 - [TEST_STEP][PASSED] - click: Object: 'Object Repository/Store Request Schedule 1/Page_Store/button_Add' is clicked on

2018-05-15 18:26:14 - [MESSAGE][PASSED] - Object: 'Object Repository/Store Request Schedule 1/Page_Store/button_Add' is clicked on

2018-05-15 18:26:14 - [TEST_STEP][PASSED] - selectOptionByIndex: All options with index in [2] are selected on object 'Object Repository/Store Request Schedule 1/Page_Store/select_--Select--Schedule 1Inj'

2018-05-15 18:26:14 - [MESSAGE][PASSED] - All options with index in [2] are selected on object 'Object Repository/Store Request Schedule 1/Page_Store/select_--Select--Schedule 1Inj'

2018-05-15 18:26:14 - [TEST_STEP][PASSED] - delay: Delayed 1 second(s)

2018-05-15 18:26:15 - [MESSAGE][PASSED] - Delayed 1 second(s)

2018-05-15 18:26:15 - [TEST_STEP][PASSED] - selectOptionByIndex: All options with index in [45] are selected on object 'Object Repository/Store Request Schedule 1/Page_Store/select_--Select--Adernaline 0.'

2018-05-15 18:26:15 - [MESSAGE][PASSED] - All options with index in [45] are selected on object 'Object Repository/Store Request Schedule 1/Page_Store/select_--Select--Adernaline 0.'

2018-05-15 18:26:15 - [TEST_STEP][PASSED] - setText: Text '100' is set on object 'Object Repository/Store Request Schedule 1/Page_Store/input_txttreat'

2018-05-15 18:26:15 - [MESSAGE][PASSED] - Text '100' is set on object 'Object Repository/Store Request Schedule 1/Page_Store/input_txttreat'

2018-05-15 18:26:15 - [TEST_STEP][PASSED] - click: Object: 'Object Repository/Store Request Schedule 1/Page_Store/button_Add' is clicked on

2018-05-15 18:26:15 - [MESSAGE][PASSED] - Object: 'Object Repository/Store Request Schedule 1/Page_Store/button_Add' is clicked on

2018-05-15 18:26:15 - [TEST_STEP][PASSED] - selectOptionByIndex: All options with index in [2] are selected on object 'Object Repository/Store Request Schedule 1/Page_Store/select_--Select--Schedule 1Inj'

2018-05-15 18:26:16 - [MESSAGE][PASSED] - All options with index in [2] are selected on object 'Object Repository/Store Request Schedule 1/Page_Store/select_--Select--Schedule 1Inj'

2018-05-15 18:26:16 - [TEST_STEP][PASSED] - delay: Delayed 1 second(s)

2018-05-15 18:26:17 - [MESSAGE][PASSED] - Delayed 1 second(s)

2018-05-15 18:26:17 - [TEST_STEP][PASSED] - selectOptionByIndex: All options with index in [46] are selected on object 'Object Repository/Store Request Schedule 1/Page_Store/select_--Select--Adernaline 0.'

2018-05-15 18:26:17 - [MESSAGE][PASSED] - All options with index in [46] are selected on object 'Object Repository/Store Request Schedule 1/Page_Store/select_--Select--Adernaline 0.'

2018-05-15 18:26:17 - [TEST_STEP][PASSED] - setText: Text '100' is set on object 'Object Repository/Store Request Schedule 1/Page_Store/input_txttreat'

2018-05-15 18:26:17 - [MESSAGE][PASSED] - Text '100' is set on object 'Object Repository/Store Request Schedule 1/Page_Store/input_txttreat'

2018-05-15 18:26:17 - [TEST_STEP][PASSED] - click: Object: 'Object Repository/Store Request Schedule 1/Page_Store/button_Add' is clicked on

2018-05-15 18:26:17 - [MESSAGE][PASSED] - Object: 'Object Repository/Store Request Schedule 1/Page_Store/button_Add' is clicked on

2018-05-15 18:26:17 - [TEST_STEP][PASSED] - selectOptionByIndex: All options with index in [2] are selected on object 'Object Repository/Store Request Schedule 1/Page_Store/select_--Select--Schedule 1Inj'

2018-05-15 18:26:17 - [MESSAGE][PASSED] - All options with index in [2] are selected on object 'Object Repository/Store Request Schedule 1/Page_Store/select_--Select--Schedule 1Inj'

2018-05-15 18:26:17 - [TEST_STEP][PASSED] - delay: Delayed 1 second(s)

2018-05-15 18:26:18 - [MESSAGE][PASSED] - Delayed 1 second(s)

2018-05-15 18:26:18 - [TEST_STEP][PASSED] - selectOptionByIndex: All options with index in [47] are selected on object 'Object Repository/Store Request Schedule 1/Page_Store/select_--Select--Adernaline 0.'

2018-05-15 18:26:19 - [MESSAGE][PASSED] - All options with index in [47] are selected on object 'Object Repository/Store Request Schedule 1/Page_Store/select_--Select--Adernaline 0.'

2018-05-15 18:26:19 - [TEST_STEP][PASSED] - setText: Text '100' is set on object 'Object Repository/Store Request Schedule 1/Page_Store/input_txttreat'

2018-05-15 18:26:19 - [MESSAGE][PASSED] - Text '100' is set on object 'Object Repository/Store Request Schedule 1/Page_Store/input_txttreat'

2018-05-15 18:26:19 - [TEST_STEP][PASSED] - click: Object: 'Object Repository/Store Request Schedule 1/Page_Store/button_Add' is clicked on

2018-05-15 18:26:19 - [MESSAGE][PASSED] - Object: 'Object Repository/Store Request Schedule 1/Page_Store/button_Add' is clicked on

2018-05-15 18:26:19 - [TEST_STEP][PASSED] - selectOptionByIndex: All options with index in [2] are selected on object 'Object Repository/Store Request Schedule 1/Page_Store/select_--Select--Schedule 1Inj'

2018-05-15 18:26:19 - [MESSAGE][PASSED] - All options with index in [2] are selected on object 'Object Repository/Store Request Schedule 1/Page_Store/select_--Select--Schedule 1Inj'

2018-05-15 18:26:19 - [TEST_STEP][PASSED] - delay: Delayed 1 second(s)

2018-05-15 18:26:20 - [MESSAGE][PASSED] - Delayed 1 second(s)

2018-05-15 18:26:20 - [TEST_STEP][PASSED] - selectOptionByIndex: All options with index in [48] are selected on object 'Object Repository/Store Request Schedule 1/Page_Store/select_--Select--Adernaline 0.'

2018-05-15 18:26:21 - [MESSAGE][PASSED] - All options with index in [48] are selected on object 'Object Repository/Store Request Schedule 1/Page_Store/select_--Select--Adernaline 0.'

2018-05-15 18:26:21 - [TEST_STEP][PASSED] - setText: Text '100' is set on object 'Object Repository/Store Request Schedule 1/Page_Store/input_txttreat'

2018-05-15 18:26:21 - [MESSAGE][PASSED] - Text '100' is set on object 'Object Repository/Store Request Schedule 1/Page_Store/input_txttreat'

2018-05-15 18:26:21 - [TEST_STEP][PASSED] - click: Object: 'Object Repository/Store Request Schedule 1/Page_Store/button_Add' is clicked on

2018-05-15 18:26:21 - [MESSAGE][PASSED] - Object: 'Object Repository/Store Request Schedule 1/Page_Store/button_Add' is clicked on

2018-05-15 18:26:21 - [TEST_STEP][PASSED] - selectOptionByIndex: All options with index in [2] are selected on object 'Object Repository/Store Request Schedule 1/Page_Store/select_--Select--Schedule 1Inj'

2018-05-15 18:26:21 - [MESSAGE][PASSED] - All options with index in [2] are selected on object 'Object Repository/Store Request Schedule 1/Page_Store/select_--Select--Schedule 1Inj'

2018-05-15 18:26:21 - [TEST_STEP][PASSED] - delay: Delayed 1 second(s)

2018-05-15 18:26:22 - [MESSAGE][PASSED] - Delayed 1 second(s)

2018-05-15 18:26:22 - [TEST_STEP][PASSED] - selectOptionByIndex: All options with index in [49] are selected on object 'Object Repository/Store Request Schedule 1/Page_Store/select_--Select--Adernaline 0.'

2018-05-15 18:26:23 - [MESSAGE][PASSED] - All options with index in [49] are selected on object 'Object Repository/Store Request Schedule 1/Page_Store/select_--Select--Adernaline 0.'

2018-05-15 18:26:23 - [TEST_STEP][PASSED] - setText: Text '100' is set on object 'Object Repository/Store Request Schedule 1/Page_Store/input_txttreat'

2018-05-15 18:26:23 - [MESSAGE][PASSED] - Text '100' is set on object 'Object Repository/Store Request Schedule 1/Page_Store/input_txttreat'

2018-05-15 18:26:23 - [TEST_STEP][PASSED] - click: Object: 'Object Repository/Store Request Schedule 1/Page_Store/button_Add' is clicked on

2018-05-15 18:26:23 - [MESSAGE][PASSED] - Object: 'Object Repository/Store Request Schedule 1/Page_Store/button_Add' is clicked on

2018-05-15 18:26:23 - [TEST_STEP][PASSED] - selectOptionByIndex: All options with index in [2] are selected on object 'Object Repository/Store Request Schedule 1/Page_Store/select_--Select--Schedule 1Inj'

2018-05-15 18:26:23 - [MESSAGE][PASSED] - All options with index in [2] are selected on object 'Object Repository/Store Request Schedule 1/Page_Store/select_--Select--Schedule 1Inj'

2018-05-15 18:26:23 - [TEST_STEP][PASSED] - delay: Delayed 1 second(s)

2018-05-15 18:26:24 - [MESSAGE][PASSED] - Delayed 1 second(s)

2018-05-15 18:26:24 - [TEST_STEP][PASSED] - selectOptionByIndex: All options with index in [50] are selected on object 'Object Repository/Store Request Schedule 1/Page_Store/select_--Select--Adernaline 0.'

2018-05-15 18:26:25 - [MESSAGE][PASSED] - All options with index in [50] are selected on object 'Object Repository/Store Request Schedule 1/Page_Store/select_--Select--Adernaline 0.'

2018-05-15 18:26:25 - [TEST_STEP][PASSED] - setText: Text '100' is set on object 'Object Repository/Store Request Schedule 1/Page_Store/input_txttreat'

2018-05-15 18:26:25 - [MESSAGE][PASSED] - Text '100' is set on object 'Object Repository/Store Request Schedule 1/Page_Store/input_txttreat'

2018-05-15 18:26:25 - [TEST_STEP][PASSED] - click: Object: 'Object Repository/Store Request Schedule 1/Page_Store/button_Add' is clicked on

2018-05-15 18:26:25 - [MESSAGE][PASSED] - Object: 'Object Repository/Store Request Schedule 1/Page_Store/button_Add' is clicked on

2018-05-15 18:26:25 - [TEST_STEP][PASSED] - selectOptionByIndex: All options with index in [2] are selected on object 'Object Repository/Store Request Schedule 1/Page_Store/select_--Select--Schedule 1Inj'

2018-05-15 18:26:25 - [MESSAGE][PASSED] - All options with index in [2] are selected on object 'Object Repository/Store Request Schedule 1/Page_Store/select_--Select--Schedule 1Inj'

2018-05-15 18:26:25 - [TEST_STEP][PASSED] - delay: Delayed 1 second(s)

2018-05-15 18:26:26 - [MESSAGE][PASSED] - Delayed 1 second(s)

2018-05-15 18:26:26 - [TEST_STEP][PASSED] - selectOptionByIndex: All options with index in [51] are selected on object 'Object Repository/Store Request Schedule 1/Page_Store/select_--Select--Adernaline 0.'

2018-05-15 18:26:27 - [MESSAGE][PASSED] - All options with index in [51] are selected on object 'Object Repository/Store Request Schedule 1/Page_Store/select_--Select--Adernaline 0.'

2018-05-15 18:26:27 - [TEST_STEP][PASSED] - setText: Text '100' is set on object 'Object Repository/Store Request Schedule 1/Page_Store/input_txttreat'

2018-05-15 18:26:27 - [MESSAGE][PASSED] - Text '100' is set on object 'Object Repository/Store Request Schedule 1/Page_Store/input_txttreat'

2018-05-15 18:26:27 - [TEST_STEP][PASSED] - click: Object: 'Object Repository/Store Request Schedule 1/Page_Store/button_Add' is clicked on

2018-05-15 18:26:27 - [MESSAGE][PASSED] - Object: 'Object Repository/Store Request Schedule 1/Page_Store/button_Add' is clicked on

2018-05-15 18:26:27 - [TEST_STEP][PASSED] - selectOptionByIndex: All options with index in [2] are selected on object 'Object Repository/Store Request Schedule 1/Page_Store/select_--Select--Schedule 1Inj'

2018-05-15 18:26:27 - [MESSAGE][PASSED] - All options with index in [2] are selected on object 'Object Repository/Store Request Schedule 1/Page_Store/select_--Select--Schedule 1Inj'

2018-05-15 18:26:27 - [TEST_STEP][PASSED] - delay: Delayed 1 second(s)

2018-05-15 18:26:28 - [MESSAGE][PASSED] - Delayed 1 second(s)

2018-05-15 18:26:28 - [TEST_STEP][PASSED] - selectOptionByIndex: All options with index in [52] are selected on object 'Object Repository/Store Request Schedule 1/Page_Store/select_--Select--Adernaline 0.'

2018-05-15 18:26:29 - [MESSAGE][PASSED] - All options with index in [52] are selected on object 'Object Repository/Store Request Schedule 1/Page_Store/select_--Select--Adernaline 0.'

2018-05-15 18:26:29 - [TEST_STEP][PASSED] - setText: Text '100' is set on object 'Object Repository/Store Request Schedule 1/Page_Store/input_txttreat'

2018-05-15 18:26:29 - [MESSAGE][PASSED] - Text '100' is set on object 'Object Repository/Store Request Schedule 1/Page_Store/input_txttreat'

2018-05-15 18:26:29 - [TEST_STEP][PASSED] - click: Object: 'Object Repository/Store Request Schedule 1/Page_Store/button_Add' is clicked on

2018-05-15 18:26:29 - [MESSAGE][PASSED] - Object: 'Object Repository/Store Request Schedule 1/Page_Store/button_Add' is clicked on

2018-05-15 18:26:29 - [TEST_STEP][PASSED] - selectOptionByIndex: All options with index in [2] are selected on object 'Object Repository/Store Request Schedule 1/Page_Store/select_--Select--Schedule 1Inj'

2018-05-15 18:26:29 - [MESSAGE][PASSED] - All options with index in [2] are selected on object 'Object Repository/Store Request Schedule 1/Page_Store/select_--Select--Schedule 1Inj'

2018-05-15 18:26:29 - [TEST_STEP][PASSED] - delay: Delayed 1 second(s)

2018-05-15 18:26:30 - [MESSAGE][PASSED] - Delayed 1 second(s)

2018-05-15 18:26:30 - [TEST_STEP][PASSED] - selectOptionByIndex: All options with index in [53] are selected on object 'Object Repository/Store Request Schedule 1/Page_Store/select_--Select--Adernaline 0.'

2018-05-15 18:26:31 - [MESSAGE][PASSED] - All options with index in [53] are selected on object 'Object Repository/Store Request Schedule 1/Page_Store/select_--Select--Adernaline 0.'

2018-05-15 18:26:31 - [TEST_STEP][PASSED] - setText: Text '100' is set on object 'Object Repository/Store Request Schedule 1/Page_Store/input_txttreat'

2018-05-15 18:26:31 - [MESSAGE][PASSED] - Text '100' is set on object 'Object Repository/Store Request Schedule 1/Page_Store/input_txttreat'

2018-05-15 18:26:31 - [TEST_STEP][PASSED] - click: Object: 'Object Repository/Store Request Schedule 1/Page_Store/button_Add' is clicked on

2018-05-15 18:26:31 - [MESSAGE][PASSED] - Object: 'Object Repository/Store Request Schedule 1/Page_Store/button_Add' is clicked on

2018-05-15 18:26:31 - [TEST_STEP][PASSED] - selectOptionByIndex: All options with index in [2] are selected on object 'Object Repository/Store Request Schedule 1/Page_Store/select_--Select--Schedule 1Inj'

2018-05-15 18:26:31 - [MESSAGE][PASSED] - All options with index in [2] are selected on object 'Object Repository/Store Request Schedule 1/Page_Store/select_--Select--Schedule 1Inj'

2018-05-15 18:26:31 - [TEST_STEP][PASSED] - delay: Delayed 1 second(s)

2018-05-15 18:26:32 - [MESSAGE][PASSED] - Delayed 1 second(s)

2018-05-15 18:26:32 - [TEST_STEP][PASSED] - selectOptionByIndex: All options with index in [54] are selected on object 'Object Repository/Store Request Schedule 1/Page_Store/select_--Select--Adernaline 0.'

2018-05-15 18:26:33 - [MESSAGE][PASSED] - All options with index in [54] are selected on object 'Object Repository/Store Request Schedule 1/Page_Store/select_--Select--Adernaline 0.'

2018-05-15 18:26:33 - [TEST_STEP][PASSED] - setText: Text '100' is set on object 'Object Repository/Store Request Schedule 1/Page_Store/input_txttreat'

2018-05-15 18:26:33 - [MESSAGE][PASSED] - Text '100' is set on object 'Object Repository/Store Request Schedule 1/Page_Store/input_txttreat'

2018-05-15 18:26:33 - [TEST_STEP][PASSED] - click: Object: 'Object Repository/Store Request Schedule 1/Page_Store/button_Add' is clicked on

2018-05-15 18:26:33 - [MESSAGE][PASSED] - Object: 'Object Repository/Store Request Schedule 1/Page_Store/button_Add' is clicked on

2018-05-15 18:26:33 - [TEST_STEP][PASSED] - selectOptionByIndex: All options with index in [2] are selected on object 'Object Repository/Store Request Schedule 1/Page_Store/select_--Select--Schedule 1Inj'

2018-05-15 18:26:33 - [MESSAGE][PASSED] - All options with index in [2] are selected on object 'Object Repository/Store Request Schedule 1/Page_Store/select_--Select--Schedule 1Inj'

2018-05-15 18:26:33 - [TEST_STEP][PASSED] - delay: Delayed 1 second(s)

2018-05-15 18:26:34 - [MESSAGE][PASSED] - Delayed 1 second(s)

2018-05-15 18:26:34 - [TEST_STEP][PASSED] - selectOptionByIndex: All options with index in [55] are selected on object 'Object Repository/Store Request Schedule 1/Page_Store/select_--Select--Adernaline 0.'

2018-05-15 18:26:35 - [MESSAGE][PASSED] - All options with index in [55] are selected on object 'Object Repository/Store Request Schedule 1/Page_Store/select_--Select--Adernaline 0.'

2018-05-15 18:26:35 - [TEST_STEP][PASSED] - setText: Text '100' is set on object 'Object Repository/Store Request Schedule 1/Page_Store/input_txttreat'

2018-05-15 18:26:35 - [MESSAGE][PASSED] - Text '100' is set on object 'Object Repository/Store Request Schedule 1/Page_Store/input_txttreat'

2018-05-15 18:26:35 - [TEST_STEP][PASSED] - click: Object: 'Object Repository/Store Request Schedule 1/Page_Store/button_Add' is clicked on

2018-05-15 18:26:35 - [MESSAGE][PASSED] - Object: 'Object Repository/Store Request Schedule 1/Page_Store/button_Add' is clicked on

2018-05-15 18:26:35 - [TEST_STEP][PASSED] - selectOptionByIndex: All options with index in [2] are selected on object 'Object Repository/Store Request Schedule 1/Page_Store/select_--Select--Schedule 1Inj'

2018-05-15 18:26:35 - [MESSAGE][PASSED] - All options with index in [2] are selected on object 'Object Repository/Store Request Schedule 1/Page_Store/select_--Select--Schedule 1Inj'

2018-05-15 18:26:35 - [TEST_STEP][PASSED] - delay: Delayed 1 second(s)

2018-05-15 18:26:36 - [MESSAGE][PASSED] - Delayed 1 second(s)

2018-05-15 18:26:36 - [TEST_STEP][PASSED] - selectOptionByIndex: All options with index in [56] are selected on object 'Object Repository/Store Request Schedule 1/Page_Store/select_--Select--Adernaline 0.'

2018-05-15 18:26:37 - [MESSAGE][PASSED] - All options with index in [56] are selected on object 'Object Repository/Store Request Schedule 1/Page_Store/select_--Select--Adernaline 0.'

2018-05-15 18:26:37 - [TEST_STEP][PASSED] - setText: Text '100' is set on object 'Object Repository/Store Request Schedule 1/Page_Store/input_txttreat'

2018-05-15 18:26:37 - [MESSAGE][PASSED] - Text '100' is set on object 'Object Repository/Store Request Schedule 1/Page_Store/input_txttreat'

2018-05-15 18:26:37 - [TEST_STEP][PASSED] - click: Object: 'Object Repository/Store Request Schedule 1/Page_Store/button_Add' is clicked on

2018-05-15 18:26:37 - [MESSAGE][PASSED] - Object: 'Object Repository/Store Request Schedule 1/Page_Store/button_Add' is clicked on

2018-05-15 18:26:37 - [TEST_STEP][PASSED] - selectOptionByIndex: All options with index in [2] are selected on object 'Object Repository/Store Request Schedule 1/Page_Store/select_--Select--Schedule 1Inj'

2018-05-15 18:26:37 - [MESSAGE][PASSED] - All options with index in [2] are selected on object 'Object Repository/Store Request Schedule 1/Page_Store/select_--Select--Schedule 1Inj'

2018-05-15 18:26:37 - [TEST_STEP][PASSED] - delay: Delayed 1 second(s)

2018-05-15 18:26:38 - [MESSAGE][PASSED] - Delayed 1 second(s)

2018-05-15 18:26:38 - [TEST_STEP][PASSED] - selectOptionByIndex: All options with index in [57] are selected on object 'Object Repository/Store Request Schedule 1/Page_Store/select_--Select--Adernaline 0.'

2018-05-15 18:26:39 - [MESSAGE][PASSED] - All options with index in [57] are selected on object 'Object Repository/Store Request Schedule 1/Page_Store/select_--Select--Adernaline 0.'

2018-05-15 18:26:39 - [TEST_STEP][PASSED] - setText: Text '100' is set on object 'Object Repository/Store Request Schedule 1/Page_Store/input_txttreat'

2018-05-15 18:26:39 - [MESSAGE][PASSED] - Text '100' is set on object 'Object Repository/Store Request Schedule 1/Page_Store/input_txttreat'

2018-05-15 18:26:39 - [TEST_STEP][PASSED] - click: Object: 'Object Repository/Store Request Schedule 1/Page_Store/button_Add' is clicked on

2018-05-15 18:26:39 - [MESSAGE][PASSED] - Object: 'Object Repository/Store Request Schedule 1/Page_Store/button_Add' is clicked on

2018-05-15 18:26:39 - [TEST_STEP][PASSED] - selectOptionByIndex: All options with index in [2] are selected on object 'Object Repository/Store Request Schedule 1/Page_Store/select_--Select--Schedule 1Inj'

2018-05-15 18:26:39 - [MESSAGE][PASSED] - All options with index in [2] are selected on object 'Object Repository/Store Request Schedule 1/Page_Store/select_--Select--Schedule 1Inj'

2018-05-15 18:26:39 - [TEST_STEP][PASSED] - delay: Delayed 1 second(s)

2018-05-15 18:26:40 - [MESSAGE][PASSED] - Delayed 1 second(s)

2018-05-15 18:26:40 - [TEST_STEP][PASSED] - selectOptionByIndex: All options with index in [58] are selected on object 'Object Repository/Store Request Schedule 1/Page_Store/select_--Select--Adernaline 0.'

2018-05-15 18:26:41 - [MESSAGE][PASSED] - All options with index in [58] are selected on object 'Object Repository/Store Request Schedule 1/Page_Store/select_--Select--Adernaline 0.'

2018-05-15 18:26:41 - [TEST_STEP][PASSED] - setText: Text '100' is set on object 'Object Repository/Store Request Schedule 1/Page_Store/input_txttreat'

2018-05-15 18:26:41 - [MESSAGE][PASSED] - Text '100' is set on object 'Object Repository/Store Request Schedule 1/Page_Store/input_txttreat'

2018-05-15 18:26:41 - [TEST_STEP][PASSED] - click: Object: 'Object Repository/Store Request Schedule 1/Page_Store/button_Add' is clicked on

2018-05-15 18:26:41 - [MESSAGE][PASSED] - Object: 'Object Repository/Store Request Schedule 1/Page_Store/button_Add' is clicked on

2018-05-15 18:26:41 - [TEST_STEP][PASSED] - selectOptionByIndex: All options with index in [2] are selected on object 'Object Repository/Store Request Schedule 1/Page_Store/select_--Select--Schedule 1Inj'

2018-05-15 18:26:41 - [MESSAGE][PASSED] - All options with index in [2] are selected on object 'Object Repository/Store Request Schedule 1/Page_Store/select_--Select--Schedule 1Inj'

2018-05-15 18:26:41 - [TEST_STEP][PASSED] - delay: Delayed 1 second(s)

2018-05-15 18:26:42 - [MESSAGE][PASSED] - Delayed 1 second(s)

2018-05-15 18:26:42 - [TEST_STEP][PASSED] - selectOptionByIndex: All options with index in [59] are selected on object 'Object Repository/Store Request Schedule 1/Page_Store/select_--Select--Adernaline 0.'

2018-05-15 18:26:43 - [MESSAGE][PASSED] - All options with index in [59] are selected on object 'Object Repository/Store Request Schedule 1/Page_Store/select_--Select--Adernaline 0.'

2018-05-15 18:26:43 - [TEST_STEP][PASSED] - setText: Text '100' is set on object 'Object Repository/Store Request Schedule 1/Page_Store/input_txttreat'

2018-05-15 18:26:43 - [MESSAGE][PASSED] - Text '100' is set on object 'Object Repository/Store Request Schedule 1/Page_Store/input_txttreat'

2018-05-15 18:26:43 - [TEST_STEP][PASSED] - click: Object: 'Object Repository/Store Request Schedule 1/Page_Store/button_Add' is clicked on

2018-05-15 18:26:43 - [MESSAGE][PASSED] - Object: 'Object Repository/Store Request Schedule 1/Page_Store/button_Add' is clicked on

2018-05-15 18:26:43 - [TEST_STEP][PASSED] - selectOptionByIndex: All options with index in [2] are selected on object 'Object Repository/Store Request Schedule 1/Page_Store/select_--Select--Schedule 1Inj'

2018-05-15 18:26:43 - [MESSAGE][PASSED] - All options with index in [2] are selected on object 'Object Repository/Store Request Schedule 1/Page_Store/select_--Select--Schedule 1Inj'

2018-05-15 18:26:43 - [TEST_STEP][PASSED] - delay: Delayed 1 second(s)

2018-05-15 18:26:44 - [MESSAGE][PASSED] - Delayed 1 second(s)

2018-05-15 18:26:44 - [TEST_STEP][PASSED] - selectOptionByIndex: All options with index in [60] are selected on object 'Object Repository/Store Request Schedule 1/Page_Store/select_--Select--Adernaline 0.'

2018-05-15 18:26:45 - [MESSAGE][PASSED] - All options with index in [60] are selected on object 'Object Repository/Store Request Schedule 1/Page_Store/select_--Select--Adernaline 0.'

2018-05-15 18:26:45 - [TEST_STEP][PASSED] - setText: Text '100' is set on object 'Object Repository/Store Request Schedule 1/Page_Store/input_txttreat'

2018-05-15 18:26:45 - [MESSAGE][PASSED] - Text '100' is set on object 'Object Repository/Store Request Schedule 1/Page_Store/input_txttreat'

2018-05-15 18:26:45 - [TEST_STEP][PASSED] - click: Object: 'Object Repository/Store Request Schedule 1/Page_Store/button_Add' is clicked on

2018-05-15 18:26:45 - [MESSAGE][PASSED] - Object: 'Object Repository/Store Request Schedule 1/Page_Store/button_Add' is clicked on

2018-05-15 18:26:45 - [TEST_STEP][PASSED] - selectOptionByIndex: All options with index in [2] are selected on object 'Object Repository/Store Request Schedule 1/Page_Store/select_--Select--Schedule 1Inj'

2018-05-15 18:26:45 - [MESSAGE][PASSED] - All options with index in [2] are selected on object 'Object Repository/Store Request Schedule 1/Page_Store/select_--Select--Schedule 1Inj'

2018-05-15 18:26:45 - [TEST_STEP][PASSED] - delay: Delayed 1 second(s)

2018-05-15 18:26:46 - [MESSAGE][PASSED] - Delayed 1 second(s)

2018-05-15 18:26:46 - [TEST_STEP][PASSED] - selectOptionByIndex: All options with index in [61] are selected on object 'Object Repository/Store Request Schedule 1/Page_Store/select_--Select--Adernaline 0.'

2018-05-15 18:26:47 - [MESSAGE][PASSED] - All options with index in [61] are selected on object 'Object Repository/Store Request Schedule 1/Page_Store/select_--Select--Adernaline 0.'

2018-05-15 18:26:47 - [TEST_STEP][PASSED] - setText: Text '100' is set on object 'Object Repository/Store Request Schedule 1/Page_Store/input_txttreat'

2018-05-15 18:26:47 - [MESSAGE][PASSED] - Text '100' is set on object 'Object Repository/Store Request Schedule 1/Page_Store/input_txttreat'

2018-05-15 18:26:47 - [TEST_STEP][PASSED] - click: Object: 'Object Repository/Store Request Schedule 1/Page_Store/button_Add' is clicked on

2018-05-15 18:26:47 - [MESSAGE][PASSED] - Object: 'Object Repository/Store Request Schedule 1/Page_Store/button_Add' is clicked on

2018-05-15 18:26:47 - [TEST_STEP][PASSED] - selectOptionByIndex: All options with index in [2] are selected on object 'Object Repository/Store Request Schedule 1/Page_Store/select_--Select--Schedule 1Inj'

2018-05-15 18:26:47 - [MESSAGE][PASSED] - All options with index in [2] are selected on object 'Object Repository/Store Request Schedule 1/Page_Store/select_--Select--Schedule 1Inj'

2018-05-15 18:26:47 - [TEST_STEP][PASSED] - delay: Delayed 1 second(s)

2018-05-15 18:26:48 - [MESSAGE][PASSED] - Delayed 1 second(s)

2018-05-15 18:26:48 - [TEST_STEP][PASSED] - selectOptionByIndex: All options with index in [62] are selected on object 'Object Repository/Store Request Schedule 1/Page_Store/select_--Select--Adernaline 0.'

2018-05-15 18:26:49 - [MESSAGE][PASSED] - All options with index in [62] are selected on object 'Object Repository/Store Request Schedule 1/Page_Store/select_--Select--Adernaline 0.'

2018-05-15 18:26:49 - [TEST_STEP][PASSED] - setText: Text '100' is set on object 'Object Repository/Store Request Schedule 1/Page_Store/input_txttreat'

2018-05-15 18:26:49 - [MESSAGE][PASSED] - Text '100' is set on object 'Object Repository/Store Request Schedule 1/Page_Store/input_txttreat'

2018-05-15 18:26:49 - [TEST_STEP][PASSED] - click: Object: 'Object Repository/Store Request Schedule 1/Page_Store/button_Add' is clicked on

2018-05-15 18:26:49 - [MESSAGE][PASSED] - Object: 'Object Repository/Store Request Schedule 1/Page_Store/button_Add' is clicked on

2018-05-15 18:26:49 - [TEST_STEP][PASSED] - selectOptionByIndex: All options with index in [2] are selected on object 'Object Repository/Store Request Schedule 1/Page_Store/select_--Select--Schedule 1Inj'

2018-05-15 18:26:49 - [MESSAGE][PASSED] - All options with index in [2] are selected on object 'Object Repository/Store Request Schedule 1/Page_Store/select_--Select--Schedule 1Inj'

2018-05-15 18:26:49 - [TEST_STEP][PASSED] - delay: Delayed 1 second(s)

2018-05-15 18:26:50 - [MESSAGE][PASSED] - Delayed 1 second(s)

2018-05-15 18:26:50 - [TEST_STEP][PASSED] - selectOptionByIndex: All options with index in [63] are selected on object 'Object Repository/Store Request Schedule 1/Page_Store/select_--Select--Adernaline 0.'

2018-05-15 18:26:51 - [MESSAGE][PASSED] - All options with index in [63] are selected on object 'Object Repository/Store Request Schedule 1/Page_Store/select_--Select--Adernaline 0.'

2018-05-15 18:26:51 - [TEST_STEP][PASSED] - setText: Text '100' is set on object 'Object Repository/Store Request Schedule 1/Page_Store/input_txttreat'

2018-05-15 18:26:51 - [MESSAGE][PASSED] - Text '100' is set on object 'Object Repository/Store Request Schedule 1/Page_Store/input_txttreat'

2018-05-15 18:26:51 - [TEST_STEP][PASSED] - click: Object: 'Object Repository/Store Request Schedule 1/Page_Store/button_Add' is clicked on

2018-05-15 18:26:51 - [MESSAGE][PASSED] - Object: 'Object Repository/Store Request Schedule 1/Page_Store/button_Add' is clicked on

2018-05-15 18:26:51 - [TEST_STEP][PASSED] - selectOptionByIndex: All options with index in [2] are selected on object 'Object Repository/Store Request Schedule 1/Page_Store/select_--Select--Schedule 1Inj'

2018-05-15 18:26:51 - [MESSAGE][PASSED] - All options with index in [2] are selected on object 'Object Repository/Store Request Schedule 1/Page_Store/select_--Select--Schedule 1Inj'

2018-05-15 18:26:51 - [TEST_STEP][PASSED] - delay: Delayed 1 second(s)

2018-05-15 18:26:52 - [MESSAGE][PASSED] - Delayed 1 second(s)

2018-05-15 18:26:52 - [TEST_STEP][PASSED] - selectOptionByIndex: All options with index in [64] are selected on object 'Object Repository/Store Request Schedule 1/Page_Store/select_--Select--Adernaline 0.'

2018-05-15 18:26:53 - [MESSAGE][PASSED] - All options with index in [64] are selected on object 'Object Repository/Store Request Schedule 1/Page_Store/select_--Select--Adernaline 0.'

2018-05-15 18:26:53 - [TEST_STEP][PASSED] - setText: Text '100' is set on object 'Object Repository/Store Request Schedule 1/Page_Store/input_txttreat'

2018-05-15 18:26:53 - [MESSAGE][PASSED] - Text '100' is set on object 'Object Repository/Store Request Schedule 1/Page_Store/input_txttreat'

2018-05-15 18:26:53 - [TEST_STEP][PASSED] - click: Object: 'Object Repository/Store Request Schedule 1/Page_Store/button_Add' is clicked on

2018-05-15 18:26:53 - [MESSAGE][PASSED] - Object: 'Object Repository/Store Request Schedule 1/Page_Store/button_Add' is clicked on

2018-05-15 18:26:53 - [TEST_STEP][PASSED] - selectOptionByIndex: All options with index in [2] are selected on object 'Object Repository/Store Request Schedule 1/Page_Store/select_--Select--Schedule 1Inj'

2018-05-15 18:26:53 - [MESSAGE][PASSED] - All options with index in [2] are selected on object 'Object Repository/Store Request Schedule 1/Page_Store/select_--Select--Schedule 1Inj'

2018-05-15 18:26:53 - [TEST_STEP][PASSED] - delay: Delayed 1 second(s)

2018-05-15 18:26:54 - [MESSAGE][PASSED] - Delayed 1 second(s)

2018-05-15 18:26:54 - [TEST_STEP][PASSED] - selectOptionByIndex: All options with index in [65] are selected on object 'Object Repository/Store Request Schedule 1/Page_Store/select_--Select--Adernaline 0.'

2018-05-15 18:26:55 - [MESSAGE][PASSED] - All options with index in [65] are selected on object 'Object Repository/Store Request Schedule 1/Page_Store/select_--Select--Adernaline 0.'

2018-05-15 18:26:55 - [TEST_STEP][PASSED] - setText: Text '100' is set on object 'Object Repository/Store Request Schedule 1/Page_Store/input_txttreat'

2018-05-15 18:26:55 - [MESSAGE][PASSED] - Text '100' is set on object 'Object Repository/Store Request Schedule 1/Page_Store/input_txttreat'

2018-05-15 18:26:55 - [TEST_STEP][PASSED] - click: Object: 'Object Repository/Store Request Schedule 1/Page_Store/button_Add' is clicked on

2018-05-15 18:26:55 - [MESSAGE][PASSED] - Object: 'Object Repository/Store Request Schedule 1/Page_Store/button_Add' is clicked on

2018-05-15 18:26:55 - [TEST_STEP][PASSED] - selectOptionByIndex: All options with index in [2] are selected on object 'Object Repository/Store Request Schedule 1/Page_Store/select_--Select--Schedule 1Inj'

2018-05-15 18:26:55 - [MESSAGE][PASSED] - All options with index in [2] are selected on object 'Object Repository/Store Request Schedule 1/Page_Store/select_--Select--Schedule 1Inj'

2018-05-15 18:26:55 - [TEST_STEP][PASSED] - delay: Delayed 1 second(s)

2018-05-15 18:26:56 - [MESSAGE][PASSED] - Delayed 1 second(s)

2018-05-15 18:26:56 - [TEST_STEP][PASSED] - selectOptionByIndex: All options with index in [66] are selected on object 'Object Repository/Store Request Schedule 1/Page_Store/select_--Select--Adernaline 0.'

2018-05-15 18:26:57 - [MESSAGE][PASSED] - All options with index in [66] are selected on object 'Object Repository/Store Request Schedule 1/Page_Store/select_--Select--Adernaline 0.'

2018-05-15 18:26:57 - [TEST_STEP][PASSED] - setText: Text '100' is set on object 'Object Repository/Store Request Schedule 1/Page_Store/input_txttreat'

2018-05-15 18:26:57 - [MESSAGE][PASSED] - Text '100' is set on object 'Object Repository/Store Request Schedule 1/Page_Store/input_txttreat'

2018-05-15 18:26:57 - [TEST_STEP][PASSED] - click: Object: 'Object Repository/Store Request Schedule 1/Page_Store/button_Add' is clicked on

2018-05-15 18:26:57 - [MESSAGE][PASSED] - Object: 'Object Repository/Store Request Schedule 1/Page_Store/button_Add' is clicked on

2018-05-15 18:26:57 - [TEST_STEP][PASSED] - selectOptionByIndex: All options with index in [2] are selected on object 'Object Repository/Store Request Schedule 1/Page_Store/select_--Select--Schedule 1Inj'

2018-05-15 18:26:57 - [MESSAGE][PASSED] - All options with index in [2] are selected on object 'Object Repository/Store Request Schedule 1/Page_Store/select_--Select--Schedule 1Inj'

2018-05-15 18:26:57 - [TEST_STEP][PASSED] - delay: Delayed 1 second(s)

2018-05-15 18:26:58 - [MESSAGE][PASSED] - Delayed 1 second(s)

2018-05-15 18:26:58 - [TEST_STEP][PASSED] - selectOptionByIndex: All options with index in [67] are selected on object 'Object Repository/Store Request Schedule 1/Page_Store/select_--Select--Adernaline 0.'

2018-05-15 18:26:59 - [MESSAGE][PASSED] - All options with index in [67] are selected on object 'Object Repository/Store Request Schedule 1/Page_Store/select_--Select--Adernaline 0.'

2018-05-15 18:26:59 - [TEST_STEP][PASSED] - setText: Text '100' is set on object 'Object Repository/Store Request Schedule 1/Page_Store/input_txttreat'

2018-05-15 18:26:59 - [MESSAGE][PASSED] - Text '100' is set on object 'Object Repository/Store Request Schedule 1/Page_Store/input_txttreat'

2018-05-15 18:26:59 - [TEST_STEP][PASSED] - click: Object: 'Object Repository/Store Request Schedule 1/Page_Store/button_Add' is clicked on

2018-05-15 18:26:59 - [MESSAGE][PASSED] - Object: 'Object Repository/Store Request Schedule 1/Page_Store/button_Add' is clicked on

2018-05-15 18:26:59 - [TEST_STEP][PASSED] - selectOptionByIndex: All options with index in [2] are selected on object 'Object Repository/Store Request Schedule 1/Page_Store/select_--Select--Schedule 1Inj'

2018-05-15 18:26:59 - [MESSAGE][PASSED] - All options with index in [2] are selected on object 'Object Repository/Store Request Schedule 1/Page_Store/select_--Select--Schedule 1Inj'

2018-05-15 18:26:59 - [TEST_STEP][PASSED] - delay: Delayed 1 second(s)

2018-05-15 18:27:00 - [MESSAGE][PASSED] - Delayed 1 second(s)

2018-05-15 18:27:00 - [TEST_STEP][PASSED] - selectOptionByIndex: All options with index in [68] are selected on object 'Object Repository/Store Request Schedule 1/Page_Store/select_--Select--Adernaline 0.'

2018-05-15 18:27:01 - [MESSAGE][PASSED] - All options with index in [68] are selected on object 'Object Repository/Store Request Schedule 1/Page_Store/select_--Select--Adernaline 0.'

2018-05-15 18:27:01 - [TEST_STEP][PASSED] - setText: Text '100' is set on object 'Object Repository/Store Request Schedule 1/Page_Store/input_txttreat'

2018-05-15 18:27:01 - [MESSAGE][PASSED] - Text '100' is set on object 'Object Repository/Store Request Schedule 1/Page_Store/input_txttreat'

2018-05-15 18:27:01 - [TEST_STEP][PASSED] - click: Object: 'Object Repository/Store Request Schedule 1/Page_Store/button_Add' is clicked on

2018-05-15 18:27:01 - [MESSAGE][PASSED] - Object: 'Object Repository/Store Request Schedule 1/Page_Store/button_Add' is clicked on

2018-05-15 18:27:01 - [TEST_STEP][PASSED] - selectOptionByIndex: All options with index in [2] are selected on object 'Object Repository/Store Request Schedule 1/Page_Store/select_--Select--Schedule 1Inj'

2018-05-15 18:27:01 - [MESSAGE][PASSED] - All options with index in [2] are selected on object 'Object Repository/Store Request Schedule 1/Page_Store/select_--Select--Schedule 1Inj'

2018-05-15 18:27:01 - [TEST_STEP][PASSED] - delay: Delayed 1 second(s)

2018-05-15 18:27:02 - [MESSAGE][PASSED] - Delayed 1 second(s)

2018-05-15 18:27:02 - [TEST_STEP][PASSED] - selectOptionByIndex: All options with index in [69] are selected on object 'Object Repository/Store Request Schedule 1/Page_Store/select_--Select--Adernaline 0.'

2018-05-15 18:27:03 - [MESSAGE][PASSED] - All options with index in [69] are selected on object 'Object Repository/Store Request Schedule 1/Page_Store/select_--Select--Adernaline 0.'

2018-05-15 18:27:03 - [TEST_STEP][PASSED] - setText: Text '100' is set on object 'Object Repository/Store Request Schedule 1/Page_Store/input_txttreat'

2018-05-15 18:27:03 - [MESSAGE][PASSED] - Text '100' is set on object 'Object Repository/Store Request Schedule 1/Page_Store/input_txttreat'

2018-05-15 18:27:03 - [TEST_STEP][PASSED] - click: Object: 'Object Repository/Store Request Schedule 1/Page_Store/button_Add' is clicked on

2018-05-15 18:27:03 - [MESSAGE][PASSED] - Object: 'Object Repository/Store Request Schedule 1/Page_Store/button_Add' is clicked on

2018-05-15 18:27:03 - [TEST_STEP][PASSED] - selectOptionByIndex: All options with index in [2] are selected on object 'Object Repository/Store Request Schedule 1/Page_Store/select_--Select--Schedule 1Inj'

2018-05-15 18:27:04 - [MESSAGE][PASSED] - All options with index in [2] are selected on object 'Object Repository/Store Request Schedule 1/Page_Store/select_--Select--Schedule 1Inj'

2018-05-15 18:27:04 - [TEST_STEP][PASSED] - delay: Delayed 1 second(s)

2018-05-15 18:27:05 - [MESSAGE][PASSED] - Delayed 1 second(s)

2018-05-15 18:27:05 - [TEST_STEP][PASSED] - selectOptionByIndex: All options with index in [70] are selected on object 'Object Repository/Store Request Schedule 1/Page_Store/select_--Select--Adernaline 0.'

2018-05-15 18:27:05 - [MESSAGE][PASSED] - All options with index in [70] are selected on object 'Object Repository/Store Request Schedule 1/Page_Store/select_--Select--Adernaline 0.'

2018-05-15 18:27:05 - [TEST_STEP][PASSED] - setText: Text '100' is set on object 'Object Repository/Store Request Schedule 1/Page_Store/input_txttreat'

2018-05-15 18:27:05 - [MESSAGE][PASSED] - Text '100' is set on object 'Object Repository/Store Request Schedule 1/Page_Store/input_txttreat'

2018-05-15 18:27:05 - [TEST_STEP][PASSED] - click: Object: 'Object Repository/Store Request Schedule 1/Page_Store/button_Add' is clicked on

2018-05-15 18:27:05 - [MESSAGE][PASSED] - Object: 'Object Repository/Store Request Schedule 1/Page_Store/button_Add' is clicked on

2018-05-15 18:27:05 - [TEST_STEP][PASSED] - selectOptionByIndex: All options with index in [2] are selected on object 'Object Repository/Store Request Schedule 1/Page_Store/select_--Select--Schedule 1Inj'

2018-05-15 18:27:06 - [MESSAGE][PASSED] - All options with index in [2] are selected on object 'Object Repository/Store Request Schedule 1/Page_Store/select_--Select--Schedule 1Inj'

2018-05-15 18:27:06 - [TEST_STEP][PASSED] - delay: Delayed 1 second(s)

2018-05-15 18:27:07 - [MESSAGE][PASSED] - Delayed 1 second(s)

2018-05-15 18:27:07 - [TEST_STEP][PASSED] - selectOptionByIndex: All options with index in [71] are selected on object 'Object Repository/Store Request Schedule 1/Page_Store/select_--Select--Adernaline 0.'

2018-05-15 18:27:07 - [MESSAGE][PASSED] - All options with index in [71] are selected on object 'Object Repository/Store Request Schedule 1/Page_Store/select_--Select--Adernaline 0.'

2018-05-15 18:27:07 - [TEST_STEP][PASSED] - setText: Text '100' is set on object 'Object Repository/Store Request Schedule 1/Page_Store/input_txttreat'

2018-05-15 18:27:08 - [MESSAGE][PASSED] - Text '100' is set on object 'Object Repository/Store Request Schedule 1/Page_Store/input_txttreat'

2018-05-15 18:27:08 - [TEST_STEP][PASSED] - click: Object: 'Object Repository/Store Request Schedule 1/Page_Store/button_Add' is clicked on

2018-05-15 18:27:08 - [MESSAGE][PASSED] - Object: 'Object Repository/Store Request Schedule 1/Page_Store/button_Add' is clicked on

2018-05-15 18:27:08 - [TEST_STEP][PASSED] - selectOptionByIndex: All options with index in [2] are selected on object 'Object Repository/Store Request Schedule 1/Page_Store/select_--Select--Schedule 1Inj'

2018-05-15 18:27:08 - [MESSAGE][PASSED] - All options with index in [2] are selected on object 'Object Repository/Store Request Schedule 1/Page_Store/select_--Select--Schedule 1Inj'

2018-05-15 18:27:08 - [TEST_STEP][PASSED] - delay: Delayed 1 second(s)

2018-05-15 18:27:09 - [MESSAGE][PASSED] - Delayed 1 second(s)

2018-05-15 18:27:09 - [TEST_STEP][PASSED] - selectOptionByIndex: All options with index in [72] are selected on object 'Object Repository/Store Request Schedule 1/Page_Store/select_--Select--Adernaline 0.'

2018-05-15 18:27:10 - [MESSAGE][PASSED] - All options with index in [72] are selected on object 'Object Repository/Store Request Schedule 1/Page_Store/select_--Select--Adernaline 0.'

2018-05-15 18:27:10 - [TEST_STEP][PASSED] - setText: Text '100' is set on object 'Object Repository/Store Request Schedule 1/Page_Store/input_txttreat'

2018-05-15 18:27:10 - [MESSAGE][PASSED] - Text '100' is set on object 'Object Repository/Store Request Schedule 1/Page_Store/input_txttreat'

2018-05-15 18:27:10 - [TEST_STEP][PASSED] - click: Object: 'Object Repository/Store Request Schedule 1/Page_Store/button_Add' is clicked on

2018-05-15 18:27:10 - [MESSAGE][PASSED] - Object: 'Object Repository/Store Request Schedule 1/Page_Store/button_Add' is clicked on

2018-05-15 18:27:10 - [TEST_STEP][PASSED] - delay: Delayed 2 second(s)

2018-05-15 18:27:12 - [MESSAGE][PASSED] - Delayed 2 second(s)

2018-05-15 18:27:12 - [TEST_STEP][PASSED] - scrollToElement: Scroll to object 'Object Repository/Store Request Schedule 1/Page_Store/input_btnsave' successfully

2018-05-15 18:27:12 - [MESSAGE][PASSED] - Scroll to object 'Object Repository/Store Request Schedule 1/Page_Store/input_btnsave' successfully

2018-05-15 18:27:12 - [TEST_STEP][PASSED] - click: Object: 'Object Repository/Store Request Schedule 1/Page_Store/input_btnsave' is clicked on

2018-05-15 18:27:12 - [MESSAGE][PASSED] - Object: 'Object Repository/Store Request Schedule 1/Page_Store/input_btnsave' is clicked on

2018-05-15 18:27:12 - [TEST_STEP][PASSED] - delay: Delayed 4 second(s)

2018-05-15 18:27:16 - [MESSAGE][PASSED] - Delayed 4 second(s)

2018-05-15 18:27:16 - [TEST_STEP][PASSED] - Statement - Cms_RequestNumber = com.kms.katalon.core.webui.keyword.WebUiBuiltInKeywords.getText(com.kms.katalon.core.testobject.ObjectRepository.findTestObject(Store Request Schedule 1/Page_Store/font_PRNO050520189)): Text of object 'Object Repository/Store Request Schedule 1/Page_Store/font_PRNO050520189' is: 'PRNO/15052018/148'

2018-05-15 18:27:16 - [MESSAGE][PASSED] - Text of object 'Object Repository/Store Request Schedule 1/Page_Store/font_PRNO050520189' is: 'PRNO/15052018/148'

2018-05-15 18:27:16 - [TEST_STEP][PASSED] - Statement - CR = Cms_RequestNumber.trim(): null

2018-05-15 18:27:16 - [TEST_STEP][PASSED] - Statement - out.println("RQ :" + Cms_RequestNumber): null

2018-05-15 18:27:16 - [TEST_STEP][PASSED] - Statement - RequestNumberID = Cms_RequestNumber.split("/")[2].trim(): null

2018-05-15 18:27:16 - [TEST_STEP][PASSED] - Statement - out.println("RQ ID :" + RequestNumberID): null

2018-05-15 18:27:16 - [TEST_STEP][PASSED] - delay: Delayed 3 second(s)

2018-05-15 18:27:19 - [MESSAGE][PASSED] - Delayed 3 second(s)

2018-05-15 18:27:19 - [TEST_STEP][PASSED] - Statement - ok = com.kms.katalon.core.webui.keyword.WebUiBuiltInKeywords.click(com.kms.katalon.core.testobject.ObjectRepository.findTestObject(Store Request Schedule 1/Page_Store/button_OK)): Object: 'Object Repository/Store Request Schedule 1/Page_Store/button_OK' is clicked on

2018-05-15 18:27:20 - [MESSAGE][PASSED] - Object: 'Object Repository/Store Request Schedule 1/Page_Store/button_OK' is clicked on

2018-05-15 18:27:20 - [TEST_STEP][PASSED] - delay: Delayed 3 second(s)

2018-05-15 18:27:23 - [MESSAGE][PASSED] - Delayed 3 second(s)

2018-05-15 18:27:23 - [TEST_STEP][PASSED] - click: Object: 'Object Repository/Store Request Schedule 1/Page_Store/a_dropdown-toggle' is clicked on

2018-05-15 18:27:23 - [MESSAGE][PASSED] - Object: 'Object Repository/Store Request Schedule 1/Page_Store/a_dropdown-toggle' is clicked on

2018-05-15 18:27:23 - [TEST_STEP][PASSED] - click: Object: 'Object Repository/Store Request Schedule 1/Page_Store/a_Sign out' is clicked on

2018-05-15 18:27:24 - [MESSAGE][PASSED] - Object: 'Object Repository/Store Request Schedule 1/Page_Store/a_Sign out' is clicked on

2018-05-15 18:27:24 - [TEST_STEP][PASSED] - delay: Delayed 3 second(s)

2018-05-15 18:27:27 - [MESSAGE][PASSED] - Delayed 3 second(s)

2018-05-15 18:27:27 - [TEST_STEP][PASSED] - click: Object: 'Object Repository/Store Request Schedule 1/Page_KDMC/a_CMO' is clicked on

2018-05-15 18:27:27 - [MESSAGE][PASSED] - Object: 'Object Repository/Store Request Schedule 1/Page_KDMC/a_CMO' is clicked on

2018-05-15 18:27:27 - [TEST_STEP][PASSED] - setText: Text 'guru' is set on object 'Object Repository/Store Request Schedule 1/Page_CMO login/input_txtusername'

2018-05-15 18:27:27 - [MESSAGE][PASSED] - Text 'guru' is set on object 'Object Repository/Store Request Schedule 1/Page_CMO login/input_txtusername'

2018-05-15 18:27:27 - [TEST_STEP][PASSED] - setText: Text '123' is set on object 'Object Repository/Store Request Schedule 1/Page_CMO login/input_txtpassword'

2018-05-15 18:27:28 - [MESSAGE][PASSED] - Text '123' is set on object 'Object Repository/Store Request Schedule 1/Page_CMO login/input_txtpassword'

2018-05-15 18:27:28 - [TEST_STEP][PASSED] - delay: Delayed 3 second(s)

2018-05-15 18:27:31 - [MESSAGE][PASSED] - Delayed 3 second(s)

2018-05-15 18:27:31 - [TEST_STEP][PASSED] - click: Object: 'Object Repository/Store Request Schedule 1/Page_CMO login/button_Sign in' is clicked on

2018-05-15 18:27:31 - [MESSAGE][PASSED] - Object: 'Object Repository/Store Request Schedule 1/Page_CMO login/button_Sign in' is clicked on

2018-05-15 18:27:31 - [TEST_STEP][PASSED] - delay: Delayed 2 second(s)

2018-05-15 18:27:33 - [MESSAGE][PASSED] - Delayed 2 second(s)

2018-05-15 18:27:33 - [TEST_STEP][PASSED] - click: Object: 'Object Repository/Store Request Schedule 1/Page_KDMC - CMO/span_Department Wise Request' is clicked on

2018-05-15 18:27:34 - [MESSAGE][PASSED] - Object: 'Object Repository/Store Request Schedule 1/Page_KDMC - CMO/span_Department Wise Request' is clicked on

2018-05-15 18:27:34 - [TEST_STEP][PASSED] - click: Object: 'Object Repository/Store Request Schedule 1/Page_KDMC - CMO/a_CMS Request' is clicked on

2018-05-15 18:27:34 - [MESSAGE][PASSED] - Object: 'Object Repository/Store Request Schedule 1/Page_KDMC - CMO/a_CMS Request' is clicked on

2018-05-15 18:27:34 - [TEST_STEP][PASSED] - click: Object: 'Object Repository/Store Request Schedule 1/Page_KDMC - CMO/a_CMS Request' is clicked on

2018-05-15 18:27:34 - [MESSAGE][PASSED] - Object: 'Object Repository/Store Request Schedule 1/Page_KDMC - CMO/a_CMS Request' is clicked on

2018-05-15 18:27:34 - [TEST_STEP][PASSED] - click: Object: 'Object Repository/Store Request Schedule 1/Page_KDMC - CMO/span_Divisional Store Request' is clicked on

2018-05-15 18:27:36 - [MESSAGE][PASSED] - Object: 'Object Repository/Store Request Schedule 1/Page_KDMC - CMO/span_Divisional Store Request' is clicked on

2018-05-15 18:27:36 - [TEST_STEP][PASSED] - delay: Delayed 2 second(s)

2018-05-15 18:27:38 - [MESSAGE][PASSED] - Delayed 2 second(s)

2018-05-15 18:27:38 - [TEST_STEP][PASSED] - Statement - approval = com.kms.katalon.core.webui.keyword.WebUiBuiltInKeywords.modifyObjectProperty(com.kms.katalon.core.testobject.ObjectRepository.findTestObject(Store Request Schedule 1/Page_KDMC - CMO/input_PRNO050520189), "xpath", "equals", "//*[@id=" + RequestNumberID + "]", true): Modify property of object successfully

2018-05-15 18:27:38 - [MESSAGE][PASSED] - Modify property of object successfully

2018-05-15 18:27:38 - [TEST_STEP][PASSED] - click: Object: 'Object Repository/Store Request Schedule 1/Page_KDMC - CMO/input_PRNO050520189' is clicked on

2018-05-15 18:27:38 - [MESSAGE][PASSED] - Object: 'Object Repository/Store Request Schedule 1/Page_KDMC - CMO/input_PRNO050520189' is clicked on

2018-05-15 18:27:38 - [TEST_STEP][PASSED] - delay: Delayed 2 second(s)

2018-05-15 18:27:40 - [MESSAGE][PASSED] - Delayed 2 second(s)

2018-05-15 18:27:40 - [TEST_STEP][PASSED] - selectOptionByIndex: All options with index in [1] are selected on object 'Object Repository/Store Request Schedule 1/Page_KDMC - CMO/select_--Select--'

2018-05-15 18:27:40 - [MESSAGE][PASSED] - All options with index in [1] are selected on object 'Object Repository/Store Request Schedule 1/Page_KDMC - CMO/select_--Select--'

2018-05-15 18:27:40 - [TEST_STEP][PASSED] - click: Object: 'Object Repository/Store Request Schedule 1/Page_KDMC - CMO/input_btnupdate' is clicked on

2018-05-15 18:27:40 - [MESSAGE][PASSED] - Object: 'Object Repository/Store Request Schedule 1/Page_KDMC - CMO/input_btnupdate' is clicked on

2018-05-15 18:27:40 - [TEST_STEP][PASSED] - delay: Delayed 2 second(s)

2018-05-15 18:27:42 - [MESSAGE][PASSED] - Delayed 2 second(s)

2018-05-15 18:27:42 - [TEST_STEP][PASSED] - click: Object: 'Object Repository/Store Request Schedule 1/Page_KDMC - CMO/button_OK' is clicked on

2018-05-15 18:27:42 - [MESSAGE][PASSED] - Object: 'Object Repository/Store Request Schedule 1/Page_KDMC - CMO/button_OK' is clicked on

2018-05-15 18:27:42 - [TEST_STEP][PASSED] - delay: Delayed 2 second(s)

2018-05-15 18:27:44 - [MESSAGE][PASSED] - Delayed 2 second(s)

2018-05-15 18:27:44 - [TEST_STEP][PASSED] - click: Object: 'Object Repository/Store Request Schedule 1/Page_KDMC - CMO/a_dropdown-toggle' is clicked on

2018-05-15 18:27:44 - [MESSAGE][PASSED] - Object: 'Object Repository/Store Request Schedule 1/Page_KDMC - CMO/a_dropdown-toggle' is clicked on

2018-05-15 18:27:44 - [TEST_STEP][PASSED] - click: Object: 'Object Repository/Store Request Schedule 1/Page_KDMC - CMO/a_Sign out' is clicked on

2018-05-15 18:27:45 - [MESSAGE][PASSED] - Object: 'Object Repository/Store Request Schedule 1/Page_KDMC - CMO/a_Sign out' is clicked on

2018-05-15 18:27:45 - [TEST_STEP][PASSED] - delay: Delayed 3 second(s)

2018-05-15 18:27:48 - [MESSAGE][PASSED] - Delayed 3 second(s)

2018-05-15 18:27:48 - [TEST_STEP][PASSED] - click: Object: 'Object Repository/store Request Schedule 1/Page_KDMC/a_CMS' is clicked on

2018-05-15 18:27:48 - [MESSAGE][PASSED] - Object: 'Object Repository/store Request Schedule 1/Page_KDMC/a_CMS' is clicked on

2018-05-15 18:27:48 - [TEST_STEP][PASSED] - setText: Text 'bala' is set on object 'Object Repository/store Request Schedule 1/Page_CMS login/input_txtusername'

2018-05-15 18:27:48 - [MESSAGE][PASSED] - Text 'bala' is set on object 'Object Repository/store Request Schedule 1/Page_CMS login/input_txtusername'

2018-05-15 18:27:48 - [TEST_STEP][PASSED] - setText: Text '123' is set on object 'Object Repository/store Request Schedule 1/Page_CMS login/input_txtpassword'

2018-05-15 18:27:48 - [MESSAGE][PASSED] - Text '123' is set on object 'Object Repository/store Request Schedule 1/Page_CMS login/input_txtpassword'

2018-05-15 18:27:48 - [TEST_STEP][PASSED] - delay: Delayed 3 second(s)

2018-05-15 18:27:51 - [MESSAGE][PASSED] - Delayed 3 second(s)

2018-05-15 18:27:51 - [TEST_STEP][PASSED] - click: Object: 'Object Repository/store Request Schedule 1/Page_CMS login/button_Sign in' is clicked on

2018-05-15 18:27:52 - [MESSAGE][PASSED] - Object: 'Object Repository/store Request Schedule 1/Page_CMS login/button_Sign in' is clicked on

2018-05-15 18:27:52 - [TEST_STEP][PASSED] - delay: Delayed 2 second(s)

2018-05-15 18:27:54 - [MESSAGE][PASSED] - Delayed 2 second(s)

2018-05-15 18:27:54 - [TEST_STEP][PASSED] - click: Object: 'Object Repository/store Request Schedule 1/Page_KDMC - CMS/a_Divisional Store' is clicked on

2018-05-15 18:27:54 - [MESSAGE][PASSED] - Object: 'Object Repository/store Request Schedule 1/Page_KDMC - CMS/a_Divisional Store' is clicked on

2018-05-15 18:27:54 - [TEST_STEP][PASSED] - delay: Delayed 2 second(s)

2018-05-15 18:27:56 - [MESSAGE][PASSED] - Delayed 2 second(s)

2018-05-15 18:27:56 - [TEST_STEP][PASSED] - click: Object: 'Object Repository/store Request Schedule 1/Page_KDMC - CMS/a_Dispatch Items' is clicked on

2018-05-15 18:27:56 - [MESSAGE][PASSED] - Object: 'Object Repository/store Request Schedule 1/Page_KDMC - CMS/a_Dispatch Items' is clicked on

2018-05-15 18:27:56 - [TEST_STEP][PASSED] - setText: Text 'PRNO/15052018/148' is set on object 'Object Repository/store Request Schedule 1/Page_KDMC - CMS/input'

2018-05-15 18:27:57 - [MESSAGE][PASSED] - Text 'PRNO/15052018/148' is set on object 'Object Repository/store Request Schedule 1/Page_KDMC - CMS/input'

2018-05-15 18:27:57 - [TEST_STEP][PASSED] - click: Object: 'Object Repository/store Request Schedule 1/Page_KDMC - CMS/td_text-center' is clicked on

2018-05-15 18:27:57 - [MESSAGE][PASSED] - Object: 'Object Repository/store Request Schedule 1/Page_KDMC - CMS/td_text-center' is clicked on

2018-05-15 18:27:57 - [TEST_STEP][PASSED] - delay: Delayed 2 second(s)

2018-05-15 18:27:59 - [MESSAGE][PASSED] - Delayed 2 second(s)

2018-05-15 18:27:59 - [TEST_STEP][PASSED] - Statement - For ([row = 0, row < SelectedOptions - 1, (row++)]): null

2018-05-15 18:27:59 - [TEST_STEP][PASSED] - Statement - batchlength = new com.kms.katalon.core.testobject.TestObject(): null

2018-05-15 18:27:59 - [TEST_STEP][PASSED] - Statement - batchlength = com.kms.katalon.core.webui.keyword.WebUiBuiltInKeywords.modifyObjectProperty(batchlength, "xpath", "equals", "//*[@id = "fldvendor" + row + ""]", true): Modify property of object successfully

2018-05-15 18:27:59 - [MESSAGE][PASSED] - Modify property of object successfully

2018-05-15 18:27:59 - [TEST_STEP][PASSED] - Statement - batchsize = com.kms.katalon.core.webui.keyword.WebUiBuiltInKeywords.getNumberOfTotalOption(batchlength): 4 options of object '' counted

2018-05-15 18:27:59 - [MESSAGE][PASSED] - 4 options of object '' counted

2018-05-15 18:27:59 - [TEST_STEP][PASSED] - Statement - out.println("BatchSize : " + batchsize): null

2018-05-15 18:27:59 - [TEST_STEP][PASSED] - Statement - For ([n = 1, n <= batchsize - 1, (n++)]): null

2018-05-15 18:27:59 - [TEST_STEP][PASSED] - Statement - product = new com.kms.katalon.core.testobject.TestObject(): null

2018-05-15 18:27:59 - [TEST_STEP][PASSED] - Statement - product = com.kms.katalon.core.webui.keyword.WebUiBuiltInKeywords.modifyObjectProperty(product, "xpath", "equals", "//*[@id = "fldvendor" + row + ""]", true): Modify property of object successfully

2018-05-15 18:27:59 - [MESSAGE][PASSED] - Modify property of object successfully

2018-05-15 18:27:59 - [TEST_STEP][PASSED] - selectOptionByIndex: All options with index in [1] are selected on object ''

2018-05-15 18:27:59 - [MESSAGE][PASSED] - All options with index in [1] are selected on object ''

2018-05-15 18:27:59 - [TEST_STEP][PASSED] - Statement - batch = new com.kms.katalon.core.testobject.TestObject(): null

2018-05-15 18:27:59 - [TEST_STEP][PASSED] - Statement - batch = com.kms.katalon.core.webui.keyword.WebUiBuiltInKeywords.modifyObjectProperty(batch, "xpath", "equals", "//*[@id = "txtbthqty" + row + ""]", true): Modify property of object successfully

2018-05-15 18:27:59 - [MESSAGE][PASSED] - Modify property of object successfully

2018-05-15 18:27:59 - [TEST_STEP][PASSED] - Statement - batchqty = com.kms.katalon.core.webui.keyword.WebUiBuiltInKeywords.getAttribute(batch, "value").trim(): Attribute 'value' of object '' is: '39000'

2018-05-15 18:27:59 - [MESSAGE][PASSED] - Attribute 'value' of object '' is: '39000'

2018-05-15 18:27:59 - [TEST_STEP][PASSED] - Statement - Rqty = 10000: null

2018-05-15 18:27:59 - [TEST_STEP][PASSED] - delay: Delayed 2 second(s)

2018-05-15 18:28:01 - [MESSAGE][PASSED] - Delayed 2 second(s)

2018-05-15 18:28:01 - [TEST_STEP][PASSED] - Statement - out.println("BatchQty : " + batchqty): null

2018-05-15 18:28:01 - [TEST_STEP][PASSED] - Statement - out.println("RQty : " + Rqty): null

2018-05-15 18:28:01 - [TEST_STEP][PASSED] - Statement - If (java.lang.Integer.valueOf(batchqty) >= java.lang.Integer.valueOf(Rqty)): null

2018-05-15 18:28:01 - [TEST_STEP][PASSED] - Statement - Break: null

2018-05-15 18:28:01 - [TEST_STEP][PASSED] - Statement - batchlength = new com.kms.katalon.core.testobject.TestObject(): null

2018-05-15 18:28:01 - [TEST_STEP][PASSED] - Statement - batchlength = com.kms.katalon.core.webui.keyword.WebUiBuiltInKeywords.modifyObjectProperty(batchlength, "xpath", "equals", "//*[@id = "fldvendor" + row + ""]", true): Modify property of object successfully

2018-05-15 18:28:01 - [MESSAGE][PASSED] - Modify property of object successfully

2018-05-15 18:28:01 - [TEST_STEP][PASSED] - Statement - batchsize = com.kms.katalon.core.webui.keyword.WebUiBuiltInKeywords.getNumberOfTotalOption(batchlength): 4 options of object '' counted

2018-05-15 18:28:01 - [MESSAGE][PASSED] - 4 options of object '' counted

2018-05-15 18:28:01 - [TEST_STEP][PASSED] - Statement - out.println("BatchSize : " + batchsize): null

2018-05-15 18:28:01 - [TEST_STEP][PASSED] - Statement - For ([n = 1, n <= batchsize - 1, (n++)]): null

2018-05-15 18:28:01 - [TEST_STEP][PASSED] - Statement - product = new com.kms.katalon.core.testobject.TestObject(): null

2018-05-15 18:28:01 - [TEST_STEP][PASSED] - Statement - product = com.kms.katalon.core.webui.keyword.WebUiBuiltInKeywords.modifyObjectProperty(product, "xpath", "equals", "//*[@id = "fldvendor" + row + ""]", true): Modify property of object successfully

2018-05-15 18:28:01 - [MESSAGE][PASSED] - Modify property of object successfully

2018-05-15 18:28:01 - [TEST_STEP][PASSED] - selectOptionByIndex: All options with index in [1] are selected on object ''

2018-05-15 18:28:01 - [MESSAGE][PASSED] - All options with index in [1] are selected on object ''

2018-05-15 18:28:01 - [TEST_STEP][PASSED] - Statement - batch = new com.kms.katalon.core.testobject.TestObject(): null

2018-05-15 18:28:01 - [TEST_STEP][PASSED] - Statement - batch = com.kms.katalon.core.webui.keyword.WebUiBuiltInKeywords.modifyObjectProperty(batch, "xpath", "equals", "//*[@id = "txtbthqty" + row + ""]", true): Modify property of object successfully

2018-05-15 18:28:02 - [MESSAGE][PASSED] - Modify property of object successfully

2018-05-15 18:28:02 - [TEST_STEP][PASSED] - Statement - batchqty = com.kms.katalon.core.webui.keyword.WebUiBuiltInKeywords.getAttribute(batch, "value").trim(): Attribute 'value' of object '' is: '5000'

2018-05-15 18:28:02 - [MESSAGE][PASSED] - Attribute 'value' of object '' is: '5000'

2018-05-15 18:28:02 - [TEST_STEP][PASSED] - Statement - Rqty = 10000: null

2018-05-15 18:28:02 - [TEST_STEP][PASSED] - delay: Delayed 2 second(s)

2018-05-15 18:28:04 - [MESSAGE][PASSED] - Delayed 2 second(s)

2018-05-15 18:28:04 - [TEST_STEP][PASSED] - Statement - out.println("BatchQty : " + batchqty): null

2018-05-15 18:28:04 - [TEST_STEP][PASSED] - Statement - out.println("RQty : " + Rqty): null

2018-05-15 18:28:04 - [TEST_STEP][PASSED] - Statement - If (java.lang.Integer.valueOf(batchqty) >= java.lang.Integer.valueOf(Rqty)): null

2018-05-15 18:28:04 - [TEST_STEP][PASSED] - Statement - Else: null

2018-05-15 18:28:04 - [TEST_STEP][PASSED] - Statement - out.println("Batchqty Is Less Than Rqty"): null

2018-05-15 18:28:04 - [TEST_STEP][PASSED] - Statement - product = new com.kms.katalon.core.testobject.TestObject(): null

2018-05-15 18:28:04 - [TEST_STEP][PASSED] - Statement - product = com.kms.katalon.core.webui.keyword.WebUiBuiltInKeywords.modifyObjectProperty(product, "xpath", "equals", "//*[@id = "fldvendor" + row + ""]", true): Modify property of object successfully

2018-05-15 18:28:04 - [MESSAGE][PASSED] - Modify property of object successfully

2018-05-15 18:28:04 - [TEST_STEP][PASSED] - selectOptionByIndex: All options with index in [2] are selected on object ''

2018-05-15 18:28:04 - [MESSAGE][PASSED] - All options with index in [2] are selected on object ''

2018-05-15 18:28:04 - [TEST_STEP][PASSED] - Statement - batch = new com.kms.katalon.core.testobject.TestObject(): null

2018-05-15 18:28:04 - [TEST_STEP][PASSED] - Statement - batch = com.kms.katalon.core.webui.keyword.WebUiBuiltInKeywords.modifyObjectProperty(batch, "xpath", "equals", "//*[@id = "txtbthqty" + row + ""]", true): Modify property of object successfully

2018-05-15 18:28:04 - [MESSAGE][PASSED] - Modify property of object successfully

2018-05-15 18:28:04 - [TEST_STEP][PASSED] - Statement - batchqty = com.kms.katalon.core.webui.keyword.WebUiBuiltInKeywords.getAttribute(batch, "value").trim(): Attribute 'value' of object '' is: '39000'

2018-05-15 18:28:04 - [MESSAGE][PASSED] - Attribute 'value' of object '' is: '39000'

2018-05-15 18:28:04 - [TEST_STEP][PASSED] - Statement - Rqty = 10000: null

2018-05-15 18:28:04 - [TEST_STEP][PASSED] - delay: Delayed 2 second(s)

2018-05-15 18:28:06 - [MESSAGE][PASSED] - Delayed 2 second(s)

2018-05-15 18:28:06 - [TEST_STEP][PASSED] - Statement - out.println("BatchQty : " + batchqty): null

2018-05-15 18:28:06 - [TEST_STEP][PASSED] - Statement - out.println("RQty : " + Rqty): null

2018-05-15 18:28:06 - [TEST_STEP][PASSED] - Statement - If (java.lang.Integer.valueOf(batchqty) >= java.lang.Integer.valueOf(Rqty)): null

2018-05-15 18:28:06 - [TEST_STEP][PASSED] - Statement - Break: null

2018-05-15 18:28:06 - [TEST_STEP][PASSED] - Statement - batchlength = new com.kms.katalon.core.testobject.TestObject(): null

2018-05-15 18:28:06 - [TEST_STEP][PASSED] - Statement - batchlength = com.kms.katalon.core.webui.keyword.WebUiBuiltInKeywords.modifyObjectProperty(batchlength, "xpath", "equals", "//*[@id = "fldvendor" + row + ""]", true): Modify property of object successfully

2018-05-15 18:28:06 - [MESSAGE][PASSED] - Modify property of object successfully

2018-05-15 18:28:06 - [TEST_STEP][PASSED] - Statement - batchsize = com.kms.katalon.core.webui.keyword.WebUiBuiltInKeywords.getNumberOfTotalOption(batchlength): 4 options of object '' counted

2018-05-15 18:28:06 - [MESSAGE][PASSED] - 4 options of object '' counted

2018-05-15 18:28:06 - [TEST_STEP][PASSED] - Statement - out.println("BatchSize : " + batchsize): null

2018-05-15 18:28:06 - [TEST_STEP][PASSED] - Statement - For ([n = 1, n <= batchsize - 1, (n++)]): null

2018-05-15 18:28:06 - [TEST_STEP][PASSED] - Statement - product = new com.kms.katalon.core.testobject.TestObject(): null

2018-05-15 18:28:06 - [TEST_STEP][PASSED] - Statement - product = com.kms.katalon.core.webui.keyword.WebUiBuiltInKeywords.modifyObjectProperty(product, "xpath", "equals", "//*[@id = "fldvendor" + row + ""]", true): Modify property of object successfully

2018-05-15 18:28:06 - [MESSAGE][PASSED] - Modify property of object successfully

2018-05-15 18:28:06 - [TEST_STEP][PASSED] - selectOptionByIndex: All options with index in [1] are selected on object ''

2018-05-15 18:28:06 - [MESSAGE][PASSED] - All options with index in [1] are selected on object ''

2018-05-15 18:28:06 - [TEST_STEP][PASSED] - Statement - batch = new com.kms.katalon.core.testobject.TestObject(): null

2018-05-15 18:28:06 - [TEST_STEP][PASSED] - Statement - batch = com.kms.katalon.core.webui.keyword.WebUiBuiltInKeywords.modifyObjectProperty(batch, "xpath", "equals", "//*[@id = "txtbthqty" + row + ""]", true): Modify property of object successfully

2018-05-15 18:28:06 - [MESSAGE][PASSED] - Modify property of object successfully

2018-05-15 18:28:06 - [TEST_STEP][PASSED] - Statement - batchqty = com.kms.katalon.core.webui.keyword.WebUiBuiltInKeywords.getAttribute(batch, "value").trim(): Attribute 'value' of object '' is: '4000'

2018-05-15 18:28:06 - [MESSAGE][PASSED] - Attribute 'value' of object '' is: '4000'

2018-05-15 18:28:06 - [TEST_STEP][PASSED] - Statement - Rqty = 10000: null

2018-05-15 18:28:06 - [TEST_STEP][PASSED] - delay: Delayed 2 second(s)

2018-05-15 18:28:08 - [MESSAGE][PASSED] - Delayed 2 second(s)

2018-05-15 18:28:08 - [TEST_STEP][PASSED] - Statement - out.println("BatchQty : " + batchqty): null

2018-05-15 18:28:08 - [TEST_STEP][PASSED] - Statement - out.println("RQty : " + Rqty): null

2018-05-15 18:28:08 - [TEST_STEP][PASSED] - Statement - If (java.lang.Integer.valueOf(batchqty) >= java.lang.Integer.valueOf(Rqty)): null

2018-05-15 18:28:08 - [TEST_STEP][PASSED] - Statement - Else: null

2018-05-15 18:28:08 - [TEST_STEP][PASSED] - Statement - out.println("Batchqty Is Less Than Rqty"): null

2018-05-15 18:28:08 - [TEST_STEP][PASSED] - Statement - product = new com.kms.katalon.core.testobject.TestObject(): null

2018-05-15 18:28:08 - [TEST_STEP][PASSED] - Statement - product = com.kms.katalon.core.webui.keyword.WebUiBuiltInKeywords.modifyObjectProperty(product, "xpath", "equals", "//*[@id = "fldvendor" + row + ""]", true): Modify property of object successfully

2018-05-15 18:28:08 - [MESSAGE][PASSED] - Modify property of object successfully

2018-05-15 18:28:08 - [TEST_STEP][PASSED] - selectOptionByIndex: All options with index in [2] are selected on object ''

2018-05-15 18:28:08 - [MESSAGE][PASSED] - All options with index in [2] are selected on object ''

2018-05-15 18:28:08 - [TEST_STEP][PASSED] - Statement - batch = new com.kms.katalon.core.testobject.TestObject(): null

2018-05-15 18:28:08 - [TEST_STEP][PASSED] - Statement - batch = com.kms.katalon.core.webui.keyword.WebUiBuiltInKeywords.modifyObjectProperty(batch, "xpath", "equals", "//*[@id = "txtbthqty" + row + ""]", true): Modify property of object successfully

2018-05-15 18:28:08 - [MESSAGE][PASSED] - Modify property of object successfully

2018-05-15 18:28:08 - [TEST_STEP][PASSED] - Statement - batchqty = com.kms.katalon.core.webui.keyword.WebUiBuiltInKeywords.getAttribute(batch, "value").trim(): Attribute 'value' of object '' is: '40000'

2018-05-15 18:28:08 - [MESSAGE][PASSED] - Attribute 'value' of object '' is: '40000'

2018-05-15 18:28:08 - [TEST_STEP][PASSED] - Statement - Rqty = 10000: null

2018-05-15 18:28:08 - [TEST_STEP][PASSED] - delay: Delayed 2 second(s)

2018-05-15 18:28:10 - [MESSAGE][PASSED] - Delayed 2 second(s)

2018-05-15 18:28:10 - [TEST_STEP][PASSED] - Statement - out.println("BatchQty : " + batchqty): null

2018-05-15 18:28:10 - [TEST_STEP][PASSED] - Statement - out.println("RQty : " + Rqty): null

2018-05-15 18:28:10 - [TEST_STEP][PASSED] - Statement - If (java.lang.Integer.valueOf(batchqty) >= java.lang.Integer.valueOf(Rqty)): null

2018-05-15 18:28:10 - [TEST_STEP][PASSED] - Statement - Break: null

2018-05-15 18:28:10 - [TEST_STEP][PASSED] - Statement - batchlength = new com.kms.katalon.core.testobject.TestObject(): null

2018-05-15 18:28:10 - [TEST_STEP][PASSED] - Statement - batchlength = com.kms.katalon.core.webui.keyword.WebUiBuiltInKeywords.modifyObjectProperty(batchlength, "xpath", "equals", "//*[@id = "fldvendor" + row + ""]", true): Modify property of object successfully

2018-05-15 18:28:10 - [MESSAGE][PASSED] - Modify property of object successfully

2018-05-15 18:28:10 - [TEST_STEP][PASSED] - Statement - batchsize = com.kms.katalon.core.webui.keyword.WebUiBuiltInKeywords.getNumberOfTotalOption(batchlength): 4 options of object '' counted

2018-05-15 18:28:10 - [MESSAGE][PASSED] - 4 options of object '' counted

2018-05-15 18:28:10 - [TEST_STEP][PASSED] - Statement - out.println("BatchSize : " + batchsize): null

2018-05-15 18:28:10 - [TEST_STEP][PASSED] - Statement - For ([n = 1, n <= batchsize - 1, (n++)]): null

2018-05-15 18:28:10 - [TEST_STEP][PASSED] - Statement - product = new com.kms.katalon.core.testobject.TestObject(): null

2018-05-15 18:28:10 - [TEST_STEP][PASSED] - Statement - product = com.kms.katalon.core.webui.keyword.WebUiBuiltInKeywords.modifyObjectProperty(product, "xpath", "equals", "//*[@id = "fldvendor" + row + ""]", true): Modify property of object successfully

2018-05-15 18:28:10 - [MESSAGE][PASSED] - Modify property of object successfully

2018-05-15 18:28:10 - [TEST_STEP][PASSED] - selectOptionByIndex: All options with index in [1] are selected on object ''

2018-05-15 18:28:10 - [MESSAGE][PASSED] - All options with index in [1] are selected on object ''

2018-05-15 18:28:10 - [TEST_STEP][PASSED] - Statement - batch = new com.kms.katalon.core.testobject.TestObject(): null

2018-05-15 18:28:10 - [TEST_STEP][PASSED] - Statement - batch = com.kms.katalon.core.webui.keyword.WebUiBuiltInKeywords.modifyObjectProperty(batch, "xpath", "equals", "//*[@id = "txtbthqty" + row + ""]", true): Modify property of object successfully

2018-05-15 18:28:10 - [MESSAGE][PASSED] - Modify property of object successfully

2018-05-15 18:28:10 - [TEST_STEP][PASSED] - Statement - batchqty = com.kms.katalon.core.webui.keyword.WebUiBuiltInKeywords.getAttribute(batch, "value").trim(): Attribute 'value' of object '' is: '39000'

2018-05-15 18:28:10 - [MESSAGE][PASSED] - Attribute 'value' of object '' is: '39000'

2018-05-15 18:28:10 - [TEST_STEP][PASSED] - Statement - Rqty = 10000: null

2018-05-15 18:28:10 - [TEST_STEP][PASSED] - delay: Delayed 2 second(s)

2018-05-15 18:28:12 - [MESSAGE][PASSED] - Delayed 2 second(s)

2018-05-15 18:28:12 - [TEST_STEP][PASSED] - Statement - out.println("BatchQty : " + batchqty): null

2018-05-15 18:28:12 - [TEST_STEP][PASSED] - Statement - out.println("RQty : " + Rqty): null

2018-05-15 18:28:12 - [TEST_STEP][PASSED] - Statement - If (java.lang.Integer.valueOf(batchqty) >= java.lang.Integer.valueOf(Rqty)): null

2018-05-15 18:28:12 - [TEST_STEP][PASSED] - Statement - Break: null

2018-05-15 18:28:12 - [TEST_STEP][PASSED] - Statement - batchlength = new com.kms.katalon.core.testobject.TestObject(): null

2018-05-15 18:28:12 - [TEST_STEP][PASSED] - Statement - batchlength = com.kms.katalon.core.webui.keyword.WebUiBuiltInKeywords.modifyObjectProperty(batchlength, "xpath", "equals", "//*[@id = "fldvendor" + row + ""]", true): Modify property of object successfully

2018-05-15 18:28:12 - [MESSAGE][PASSED] - Modify property of object successfully

2018-05-15 18:28:12 - [TEST_STEP][PASSED] - Statement - batchsize = com.kms.katalon.core.webui.keyword.WebUiBuiltInKeywords.getNumberOfTotalOption(batchlength): 4 options of object '' counted

2018-05-15 18:28:13 - [MESSAGE][PASSED] - 4 options of object '' counted

2018-05-15 18:28:13 - [TEST_STEP][PASSED] - Statement - out.println("BatchSize : " + batchsize): null

2018-05-15 18:28:13 - [TEST_STEP][PASSED] - Statement - For ([n = 1, n <= batchsize - 1, (n++)]): null

2018-05-15 18:28:13 - [TEST_STEP][PASSED] - Statement - product = new com.kms.katalon.core.testobject.TestObject(): null

2018-05-15 18:28:13 - [TEST_STEP][PASSED] - Statement - product = com.kms.katalon.core.webui.keyword.WebUiBuiltInKeywords.modifyObjectProperty(product, "xpath", "equals", "//*[@id = "fldvendor" + row + ""]", true): Modify property of object successfully

2018-05-15 18:28:13 - [MESSAGE][PASSED] - Modify property of object successfully

2018-05-15 18:28:13 - [TEST_STEP][PASSED] - selectOptionByIndex: All options with index in [1] are selected on object ''

2018-05-15 18:28:13 - [MESSAGE][PASSED] - All options with index in [1] are selected on object ''

2018-05-15 18:28:13 - [TEST_STEP][PASSED] - Statement - batch = new com.kms.katalon.core.testobject.TestObject(): null

2018-05-15 18:28:13 - [TEST_STEP][PASSED] - Statement - batch = com.kms.katalon.core.webui.keyword.WebUiBuiltInKeywords.modifyObjectProperty(batch, "xpath", "equals", "//*[@id = "txtbthqty" + row + ""]", true): Modify property of object successfully

2018-05-15 18:28:13 - [MESSAGE][PASSED] - Modify property of object successfully

2018-05-15 18:28:13 - [TEST_STEP][PASSED] - Statement - batchqty = com.kms.katalon.core.webui.keyword.WebUiBuiltInKeywords.getAttribute(batch, "value").trim(): Attribute 'value' of object '' is: '5000'

2018-05-15 18:28:13 - [MESSAGE][PASSED] - Attribute 'value' of object '' is: '5000'

2018-05-15 18:28:13 - [TEST_STEP][PASSED] - Statement - Rqty = 10000: null

2018-05-15 18:28:13 - [TEST_STEP][PASSED] - delay: Delayed 2 second(s)

2018-05-15 18:28:15 - [MESSAGE][PASSED] - Delayed 2 second(s)

2018-05-15 18:28:15 - [TEST_STEP][PASSED] - Statement - out.println("BatchQty : " + batchqty): null

2018-05-15 18:28:15 - [TEST_STEP][PASSED] - Statement - out.println("RQty : " + Rqty): null

2018-05-15 18:28:15 - [TEST_STEP][PASSED] - Statement - If (java.lang.Integer.valueOf(batchqty) >= java.lang.Integer.valueOf(Rqty)): null

2018-05-15 18:28:15 - [TEST_STEP][PASSED] - Statement - Else: null

2018-05-15 18:28:15 - [TEST_STEP][PASSED] - Statement - out.println("Batchqty Is Less Than Rqty"): null

2018-05-15 18:28:15 - [TEST_STEP][PASSED] - Statement - product = new com.kms.katalon.core.testobject.TestObject(): null

2018-05-15 18:28:15 - [TEST_STEP][PASSED] - Statement - product = com.kms.katalon.core.webui.keyword.WebUiBuiltInKeywords.modifyObjectProperty(product, "xpath", "equals", "//*[@id = "fldvendor" + row + ""]", true): Modify property of object successfully

2018-05-15 18:28:15 - [MESSAGE][PASSED] - Modify property of object successfully

2018-05-15 18:28:15 - [TEST_STEP][PASSED] - selectOptionByIndex: All options with index in [2] are selected on object ''

2018-05-15 18:28:15 - [MESSAGE][PASSED] - All options with index in [2] are selected on object ''

2018-05-15 18:28:15 - [TEST_STEP][PASSED] - Statement - batch = new com.kms.katalon.core.testobject.TestObject(): null

2018-05-15 18:28:15 - [TEST_STEP][PASSED] - Statement - batch = com.kms.katalon.core.webui.keyword.WebUiBuiltInKeywords.modifyObjectProperty(batch, "xpath", "equals", "//*[@id = "txtbthqty" + row + ""]", true): Modify property of object successfully

2018-05-15 18:28:15 - [MESSAGE][PASSED] - Modify property of object successfully

2018-05-15 18:28:15 - [TEST_STEP][PASSED] - Statement - batchqty = com.kms.katalon.core.webui.keyword.WebUiBuiltInKeywords.getAttribute(batch, "value").trim(): Attribute 'value' of object '' is: '39000'

2018-05-15 18:28:15 - [MESSAGE][PASSED] - Attribute 'value' of object '' is: '39000'

2018-05-15 18:28:15 - [TEST_STEP][PASSED] - Statement - Rqty = 10000: null

2018-05-15 18:28:15 - [TEST_STEP][PASSED] - delay: Delayed 2 second(s)

2018-05-15 18:28:17 - [MESSAGE][PASSED] - Delayed 2 second(s)

2018-05-15 18:28:17 - [TEST_STEP][PASSED] - Statement - out.println("BatchQty : " + batchqty): null

2018-05-15 18:28:17 - [TEST_STEP][PASSED] - Statement - out.println("RQty : " + Rqty): null

2018-05-15 18:28:17 - [TEST_STEP][PASSED] - Statement - If (java.lang.Integer.valueOf(batchqty) >= java.lang.Integer.valueOf(Rqty)): null

2018-05-15 18:28:17 - [TEST_STEP][PASSED] - Statement - Break: null

2018-05-15 18:28:17 - [TEST_STEP][PASSED] - Statement - batchlength = new com.kms.katalon.core.testobject.TestObject(): null

2018-05-15 18:28:17 - [TEST_STEP][PASSED] - Statement - batchlength = com.kms.katalon.core.webui.keyword.WebUiBuiltInKeywords.modifyObjectProperty(batchlength, "xpath", "equals", "//*[@id = "fldvendor" + row + ""]", true): Modify property of object successfully

2018-05-15 18:28:17 - [MESSAGE][PASSED] - Modify property of object successfully

2018-05-15 18:28:17 - [TEST_STEP][PASSED] - Statement - batchsize = com.kms.katalon.core.webui.keyword.WebUiBuiltInKeywords.getNumberOfTotalOption(batchlength): 4 options of object '' counted

2018-05-15 18:28:17 - [MESSAGE][PASSED] - 4 options of object '' counted

2018-05-15 18:28:17 - [TEST_STEP][PASSED] - Statement - out.println("BatchSize : " + batchsize): null

2018-05-15 18:28:17 - [TEST_STEP][PASSED] - Statement - For ([n = 1, n <= batchsize - 1, (n++)]): null

2018-05-15 18:28:17 - [TEST_STEP][PASSED] - Statement - product = new com.kms.katalon.core.testobject.TestObject(): null

2018-05-15 18:28:17 - [TEST_STEP][PASSED] - Statement - product = com.kms.katalon.core.webui.keyword.WebUiBuiltInKeywords.modifyObjectProperty(product, "xpath", "equals", "//*[@id = "fldvendor" + row + ""]", true): Modify property of object successfully

2018-05-15 18:28:17 - [MESSAGE][PASSED] - Modify property of object successfully

2018-05-15 18:28:17 - [TEST_STEP][PASSED] - selectOptionByIndex: All options with index in [1] are selected on object ''

2018-05-15 18:28:17 - [MESSAGE][PASSED] - All options with index in [1] are selected on object ''

2018-05-15 18:28:17 - [TEST_STEP][PASSED] - Statement - batch = new com.kms.katalon.core.testobject.TestObject(): null

2018-05-15 18:28:17 - [TEST_STEP][PASSED] - Statement - batch = com.kms.katalon.core.webui.keyword.WebUiBuiltInKeywords.modifyObjectProperty(batch, "xpath", "equals", "//*[@id = "txtbthqty" + row + ""]", true): Modify property of object successfully

2018-05-15 18:28:17 - [MESSAGE][PASSED] - Modify property of object successfully

2018-05-15 18:28:17 - [TEST_STEP][PASSED] - Statement - batchqty = com.kms.katalon.core.webui.keyword.WebUiBuiltInKeywords.getAttribute(batch, "value").trim(): Attribute 'value' of object '' is: '39000'

2018-05-15 18:28:17 - [MESSAGE][PASSED] - Attribute 'value' of object '' is: '39000'

2018-05-15 18:28:17 - [TEST_STEP][PASSED] - Statement - Rqty = 10000: null

2018-05-15 18:28:17 - [TEST_STEP][PASSED] - delay: Delayed 2 second(s)

2018-05-15 18:28:19 - [MESSAGE][PASSED] - Delayed 2 second(s)

2018-05-15 18:28:19 - [TEST_STEP][PASSED] - Statement - out.println("BatchQty : " + batchqty): null

2018-05-15 18:28:19 - [TEST_STEP][PASSED] - Statement - out.println("RQty : " + Rqty): null

2018-05-15 18:28:19 - [TEST_STEP][PASSED] - Statement - If (java.lang.Integer.valueOf(batchqty) >= java.lang.Integer.valueOf(Rqty)): null

2018-05-15 18:28:19 - [TEST_STEP][PASSED] - Statement - Break: null

2018-05-15 18:28:19 - [TEST_STEP][PASSED] - Statement - batchlength = new com.kms.katalon.core.testobject.TestObject(): null

2018-05-15 18:28:19 - [TEST_STEP][PASSED] - Statement - batchlength = com.kms.katalon.core.webui.keyword.WebUiBuiltInKeywords.modifyObjectProperty(batchlength, "xpath", "equals", "//*[@id = "fldvendor" + row + ""]", true): Modify property of object successfully

2018-05-15 18:28:19 - [MESSAGE][PASSED] - Modify property of object successfully

2018-05-15 18:28:19 - [TEST_STEP][PASSED] - Statement - batchsize = com.kms.katalon.core.webui.keyword.WebUiBuiltInKeywords.getNumberOfTotalOption(batchlength): 4 options of object '' counted

2018-05-15 18:28:19 - [MESSAGE][PASSED] - 4 options of object '' counted

2018-05-15 18:28:19 - [TEST_STEP][PASSED] - Statement - out.println("BatchSize : " + batchsize): null

2018-05-15 18:28:19 - [TEST_STEP][PASSED] - Statement - For ([n = 1, n <= batchsize - 1, (n++)]): null

2018-05-15 18:28:19 - [TEST_STEP][PASSED] - Statement - product = new com.kms.katalon.core.testobject.TestObject(): null

2018-05-15 18:28:19 - [TEST_STEP][PASSED] - Statement - product = com.kms.katalon.core.webui.keyword.WebUiBuiltInKeywords.modifyObjectProperty(product, "xpath", "equals", "//*[@id = "fldvendor" + row + ""]", true): Modify property of object successfully

2018-05-15 18:28:19 - [MESSAGE][PASSED] - Modify property of object successfully

2018-05-15 18:28:19 - [TEST_STEP][PASSED] - selectOptionByIndex: All options with index in [1] are selected on object ''

2018-05-15 18:28:20 - [MESSAGE][PASSED] - All options with index in [1] are selected on object ''

2018-05-15 18:28:20 - [TEST_STEP][PASSED] - Statement - batch = new com.kms.katalon.core.testobject.TestObject(): null

2018-05-15 18:28:20 - [TEST_STEP][PASSED] - Statement - batch = com.kms.katalon.core.webui.keyword.WebUiBuiltInKeywords.modifyObjectProperty(batch, "xpath", "equals", "//*[@id = "txtbthqty" + row + ""]", true): Modify property of object successfully

2018-05-15 18:28:20 - [MESSAGE][PASSED] - Modify property of object successfully

2018-05-15 18:28:20 - [TEST_STEP][PASSED] - Statement - batchqty = com.kms.katalon.core.webui.keyword.WebUiBuiltInKeywords.getAttribute(batch, "value").trim(): Attribute 'value' of object '' is: '5000'

2018-05-15 18:28:20 - [MESSAGE][PASSED] - Attribute 'value' of object '' is: '5000'

2018-05-15 18:28:20 - [TEST_STEP][PASSED] - Statement - Rqty = 10000: null

2018-05-15 18:28:20 - [TEST_STEP][PASSED] - delay: Delayed 2 second(s)

2018-05-15 18:28:22 - [MESSAGE][PASSED] - Delayed 2 second(s)

2018-05-15 18:28:22 - [TEST_STEP][PASSED] - Statement - out.println("BatchQty : " + batchqty): null

2018-05-15 18:28:22 - [TEST_STEP][PASSED] - Statement - out.println("RQty : " + Rqty): null

2018-05-15 18:28:22 - [TEST_STEP][PASSED] - Statement - If (java.lang.Integer.valueOf(batchqty) >= java.lang.Integer.valueOf(Rqty)): null

2018-05-15 18:28:22 - [TEST_STEP][PASSED] - Statement - Else: null

2018-05-15 18:28:22 - [TEST_STEP][PASSED] - Statement - out.println("Batchqty Is Less Than Rqty"): null

2018-05-15 18:28:22 - [TEST_STEP][PASSED] - Statement - product = new com.kms.katalon.core.testobject.TestObject(): null

2018-05-15 18:28:22 - [TEST_STEP][PASSED] - Statement - product = com.kms.katalon.core.webui.keyword.WebUiBuiltInKeywords.modifyObjectProperty(product, "xpath", "equals", "//*[@id = "fldvendor" + row + ""]", true): Modify property of object successfully

2018-05-15 18:28:22 - [MESSAGE][PASSED] - Modify property of object successfully

2018-05-15 18:28:22 - [TEST_STEP][PASSED] - selectOptionByIndex: All options with index in [2] are selected on object ''

2018-05-15 18:28:22 - [MESSAGE][PASSED] - All options with index in [2] are selected on object ''

2018-05-15 18:28:22 - [TEST_STEP][PASSED] - Statement - batch = new com.kms.katalon.core.testobject.TestObject(): null

2018-05-15 18:28:22 - [TEST_STEP][PASSED] - Statement - batch = com.kms.katalon.core.webui.keyword.WebUiBuiltInKeywords.modifyObjectProperty(batch, "xpath", "equals", "//*[@id = "txtbthqty" + row + ""]", true): Modify property of object successfully

2018-05-15 18:28:22 - [MESSAGE][PASSED] - Modify property of object successfully

2018-05-15 18:28:22 - [TEST_STEP][PASSED] - Statement - batchqty = com.kms.katalon.core.webui.keyword.WebUiBuiltInKeywords.getAttribute(batch, "value").trim(): Attribute 'value' of object '' is: '39000'

2018-05-15 18:28:22 - [MESSAGE][PASSED] - Attribute 'value' of object '' is: '39000'

2018-05-15 18:28:22 - [TEST_STEP][PASSED] - Statement - Rqty = 10000: null

2018-05-15 18:28:22 - [TEST_STEP][PASSED] - delay: Delayed 2 second(s)

2018-05-15 18:28:24 - [MESSAGE][PASSED] - Delayed 2 second(s)

2018-05-15 18:28:24 - [TEST_STEP][PASSED] - Statement - out.println("BatchQty : " + batchqty): null

2018-05-15 18:28:24 - [TEST_STEP][PASSED] - Statement - out.println("RQty : " + Rqty): null

2018-05-15 18:28:24 - [TEST_STEP][PASSED] - Statement - If (java.lang.Integer.valueOf(batchqty) >= java.lang.Integer.valueOf(Rqty)): null

2018-05-15 18:28:24 - [TEST_STEP][PASSED] - Statement - Break: null

2018-05-15 18:28:24 - [TEST_STEP][PASSED] - Statement - batchlength = new com.kms.katalon.core.testobject.TestObject(): null

2018-05-15 18:28:24 - [TEST_STEP][PASSED] - Statement - batchlength = com.kms.katalon.core.webui.keyword.WebUiBuiltInKeywords.modifyObjectProperty(batchlength, "xpath", "equals", "//*[@id = "fldvendor" + row + ""]", true): Modify property of object successfully

2018-05-15 18:28:24 - [MESSAGE][PASSED] - Modify property of object successfully

2018-05-15 18:28:24 - [TEST_STEP][PASSED] - Statement - batchsize = com.kms.katalon.core.webui.keyword.WebUiBuiltInKeywords.getNumberOfTotalOption(batchlength): 4 options of object '' counted

2018-05-15 18:28:24 - [MESSAGE][PASSED] - 4 options of object '' counted

2018-05-15 18:28:24 - [TEST_STEP][PASSED] - Statement - out.println("BatchSize : " + batchsize): null

2018-05-15 18:28:24 - [TEST_STEP][PASSED] - Statement - For ([n = 1, n <= batchsize - 1, (n++)]): null

2018-05-15 18:28:24 - [TEST_STEP][PASSED] - Statement - product = new com.kms.katalon.core.testobject.TestObject(): null

2018-05-15 18:28:24 - [TEST_STEP][PASSED] - Statement - product = com.kms.katalon.core.webui.keyword.WebUiBuiltInKeywords.modifyObjectProperty(product, "xpath", "equals", "//*[@id = "fldvendor" + row + ""]", true): Modify property of object successfully

2018-05-15 18:28:24 - [MESSAGE][PASSED] - Modify property of object successfully

2018-05-15 18:28:24 - [TEST_STEP][PASSED] - selectOptionByIndex: All options with index in [1] are selected on object ''

2018-05-15 18:28:24 - [MESSAGE][PASSED] - All options with index in [1] are selected on object ''

2018-05-15 18:28:24 - [TEST_STEP][PASSED] - Statement - batch = new com.kms.katalon.core.testobject.TestObject(): null

2018-05-15 18:28:24 - [TEST_STEP][PASSED] - Statement - batch = com.kms.katalon.core.webui.keyword.WebUiBuiltInKeywords.modifyObjectProperty(batch, "xpath", "equals", "//*[@id = "txtbthqty" + row + ""]", true): Modify property of object successfully

2018-05-15 18:28:24 - [MESSAGE][PASSED] - Modify property of object successfully

2018-05-15 18:28:24 - [TEST_STEP][PASSED] - Statement - batchqty = com.kms.katalon.core.webui.keyword.WebUiBuiltInKeywords.getAttribute(batch, "value").trim(): Attribute 'value' of object '' is: '4000'

2018-05-15 18:28:24 - [MESSAGE][PASSED] - Attribute 'value' of object '' is: '4000'

2018-05-15 18:28:24 - [TEST_STEP][PASSED] - Statement - Rqty = 10000: null

2018-05-15 18:28:24 - [TEST_STEP][PASSED] - delay: Delayed 2 second(s)

2018-05-15 18:28:26 - [MESSAGE][PASSED] - Delayed 2 second(s)

2018-05-15 18:28:26 - [TEST_STEP][PASSED] - Statement - out.println("BatchQty : " + batchqty): null

2018-05-15 18:28:26 - [TEST_STEP][PASSED] - Statement - out.println("RQty : " + Rqty): null

2018-05-15 18:28:26 - [TEST_STEP][PASSED] - Statement - If (java.lang.Integer.valueOf(batchqty) >= java.lang.Integer.valueOf(Rqty)): null

2018-05-15 18:28:26 - [TEST_STEP][PASSED] - Statement - Else: null

2018-05-15 18:28:26 - [TEST_STEP][PASSED] - Statement - out.println("Batchqty Is Less Than Rqty"): null

2018-05-15 18:28:26 - [TEST_STEP][PASSED] - Statement - product = new com.kms.katalon.core.testobject.TestObject(): null

2018-05-15 18:28:26 - [TEST_STEP][PASSED] - Statement - product = com.kms.katalon.core.webui.keyword.WebUiBuiltInKeywords.modifyObjectProperty(product, "xpath", "equals", "//*[@id = "fldvendor" + row + ""]", true): Modify property of object successfully

2018-05-15 18:28:26 - [MESSAGE][PASSED] - Modify property of object successfully

2018-05-15 18:28:26 - [TEST_STEP][PASSED] - selectOptionByIndex: All options with index in [2] are selected on object ''

2018-05-15 18:28:26 - [MESSAGE][PASSED] - All options with index in [2] are selected on object ''

2018-05-15 18:28:26 - [TEST_STEP][PASSED] - Statement - batch = new com.kms.katalon.core.testobject.TestObject(): null

2018-05-15 18:28:26 - [TEST_STEP][PASSED] - Statement - batch = com.kms.katalon.core.webui.keyword.WebUiBuiltInKeywords.modifyObjectProperty(batch, "xpath", "equals", "//*[@id = "txtbthqty" + row + ""]", true): Modify property of object successfully

2018-05-15 18:28:26 - [MESSAGE][PASSED] - Modify property of object successfully

2018-05-15 18:28:26 - [TEST_STEP][PASSED] - Statement - batchqty = com.kms.katalon.core.webui.keyword.WebUiBuiltInKeywords.getAttribute(batch, "value").trim(): Attribute 'value' of object '' is: '40000'

2018-05-15 18:28:26 - [MESSAGE][PASSED] - Attribute 'value' of object '' is: '40000'

2018-05-15 18:28:26 - [TEST_STEP][PASSED] - Statement - Rqty = 10000: null

2018-05-15 18:28:26 - [TEST_STEP][PASSED] - delay: Delayed 2 second(s)

2018-05-15 18:28:28 - [MESSAGE][PASSED] - Delayed 2 second(s)

2018-05-15 18:28:28 - [TEST_STEP][PASSED] - Statement - out.println("BatchQty : " + batchqty): null

2018-05-15 18:28:28 - [TEST_STEP][PASSED] - Statement - out.println("RQty : " + Rqty): null

2018-05-15 18:28:28 - [TEST_STEP][PASSED] - Statement - If (java.lang.Integer.valueOf(batchqty) >= java.lang.Integer.valueOf(Rqty)): null

2018-05-15 18:28:28 - [TEST_STEP][PASSED] - Statement - Break: null

2018-05-15 18:28:28 - [TEST_STEP][PASSED] - Statement - batchlength = new com.kms.katalon.core.testobject.TestObject(): null

2018-05-15 18:28:28 - [TEST_STEP][PASSED] - Statement - batchlength = com.kms.katalon.core.webui.keyword.WebUiBuiltInKeywords.modifyObjectProperty(batchlength, "xpath", "equals", "//*[@id = "fldvendor" + row + ""]", true): Modify property of object successfully

2018-05-15 18:28:28 - [MESSAGE][PASSED] - Modify property of object successfully

2018-05-15 18:28:28 - [TEST_STEP][PASSED] - Statement - batchsize = com.kms.katalon.core.webui.keyword.WebUiBuiltInKeywords.getNumberOfTotalOption(batchlength): 4 options of object '' counted

2018-05-15 18:28:28 - [MESSAGE][PASSED] - 4 options of object '' counted

2018-05-15 18:28:28 - [TEST_STEP][PASSED] - Statement - out.println("BatchSize : " + batchsize): null

2018-05-15 18:28:28 - [TEST_STEP][PASSED] - Statement - For ([n = 1, n <= batchsize - 1, (n++)]): null

2018-05-15 18:28:28 - [TEST_STEP][PASSED] - Statement - product = new com.kms.katalon.core.testobject.TestObject(): null

2018-05-15 18:28:28 - [TEST_STEP][PASSED] - Statement - product = com.kms.katalon.core.webui.keyword.WebUiBuiltInKeywords.modifyObjectProperty(product, "xpath", "equals", "//*[@id = "fldvendor" + row + ""]", true): Modify property of object successfully

2018-05-15 18:28:28 - [MESSAGE][PASSED] - Modify property of object successfully

2018-05-15 18:28:28 - [TEST_STEP][PASSED] - selectOptionByIndex: All options with index in [1] are selected on object ''

2018-05-15 18:28:28 - [MESSAGE][PASSED] - All options with index in [1] are selected on object ''

2018-05-15 18:28:28 - [TEST_STEP][PASSED] - Statement - batch = new com.kms.katalon.core.testobject.TestObject(): null

2018-05-15 18:28:28 - [TEST_STEP][PASSED] - Statement - batch = com.kms.katalon.core.webui.keyword.WebUiBuiltInKeywords.modifyObjectProperty(batch, "xpath", "equals", "//*[@id = "txtbthqty" + row + ""]", true): Modify property of object successfully

2018-05-15 18:28:28 - [MESSAGE][PASSED] - Modify property of object successfully

2018-05-15 18:28:28 - [TEST_STEP][PASSED] - Statement - batchqty = com.kms.katalon.core.webui.keyword.WebUiBuiltInKeywords.getAttribute(batch, "value").trim(): Attribute 'value' of object '' is: '39000'

2018-05-15 18:28:28 - [MESSAGE][PASSED] - Attribute 'value' of object '' is: '39000'

2018-05-15 18:28:28 - [TEST_STEP][PASSED] - Statement - Rqty = 10000: null

2018-05-15 18:28:28 - [TEST_STEP][PASSED] - delay: Delayed 2 second(s)

2018-05-15 18:28:30 - [MESSAGE][PASSED] - Delayed 2 second(s)

2018-05-15 18:28:30 - [TEST_STEP][PASSED] - Statement - out.println("BatchQty : " + batchqty): null

2018-05-15 18:28:30 - [TEST_STEP][PASSED] - Statement - out.println("RQty : " + Rqty): null

2018-05-15 18:28:30 - [TEST_STEP][PASSED] - Statement - If (java.lang.Integer.valueOf(batchqty) >= java.lang.Integer.valueOf(Rqty)): null

2018-05-15 18:28:30 - [TEST_STEP][PASSED] - Statement - Break: null

2018-05-15 18:28:30 - [TEST_STEP][PASSED] - Statement - batchlength = new com.kms.katalon.core.testobject.TestObject(): null

2018-05-15 18:28:30 - [TEST_STEP][PASSED] - Statement - batchlength = com.kms.katalon.core.webui.keyword.WebUiBuiltInKeywords.modifyObjectProperty(batchlength, "xpath", "equals", "//*[@id = "fldvendor" + row + ""]", true): Modify property of object successfully

2018-05-15 18:28:30 - [MESSAGE][PASSED] - Modify property of object successfully

2018-05-15 18:28:30 - [TEST_STEP][PASSED] - Statement - batchsize = com.kms.katalon.core.webui.keyword.WebUiBuiltInKeywords.getNumberOfTotalOption(batchlength): 4 options of object '' counted

2018-05-15 18:28:31 - [MESSAGE][PASSED] - 4 options of object '' counted

2018-05-15 18:28:31 - [TEST_STEP][PASSED] - Statement - out.println("BatchSize : " + batchsize): null

2018-05-15 18:28:31 - [TEST_STEP][PASSED] - Statement - For ([n = 1, n <= batchsize - 1, (n++)]): null

2018-05-15 18:28:31 - [TEST_STEP][PASSED] - Statement - product = new com.kms.katalon.core.testobject.TestObject(): null

2018-05-15 18:28:31 - [TEST_STEP][PASSED] - Statement - product = com.kms.katalon.core.webui.keyword.WebUiBuiltInKeywords.modifyObjectProperty(product, "xpath", "equals", "//*[@id = "fldvendor" + row + ""]", true): Modify property of object successfully

2018-05-15 18:28:31 - [MESSAGE][PASSED] - Modify property of object successfully

2018-05-15 18:28:31 - [TEST_STEP][PASSED] - selectOptionByIndex: All options with index in [1] are selected on object ''

2018-05-15 18:28:31 - [MESSAGE][PASSED] - All options with index in [1] are selected on object ''

2018-05-15 18:28:31 - [TEST_STEP][PASSED] - Statement - batch = new com.kms.katalon.core.testobject.TestObject(): null

2018-05-15 18:28:31 - [TEST_STEP][PASSED] - Statement - batch = com.kms.katalon.core.webui.keyword.WebUiBuiltInKeywords.modifyObjectProperty(batch, "xpath", "equals", "//*[@id = "txtbthqty" + row + ""]", true): Modify property of object successfully

2018-05-15 18:28:31 - [MESSAGE][PASSED] - Modify property of object successfully

2018-05-15 18:28:31 - [TEST_STEP][PASSED] - Statement - batchqty = com.kms.katalon.core.webui.keyword.WebUiBuiltInKeywords.getAttribute(batch, "value").trim(): Attribute 'value' of object '' is: '4000'

2018-05-15 18:28:31 - [MESSAGE][PASSED] - Attribute 'value' of object '' is: '4000'

2018-05-15 18:28:31 - [TEST_STEP][PASSED] - Statement - Rqty = 10000: null

2018-05-15 18:28:31 - [TEST_STEP][PASSED] - delay: Delayed 2 second(s)

2018-05-15 18:28:33 - [MESSAGE][PASSED] - Delayed 2 second(s)

2018-05-15 18:28:33 - [TEST_STEP][PASSED] - Statement - out.println("BatchQty : " + batchqty): null

2018-05-15 18:28:33 - [TEST_STEP][PASSED] - Statement - out.println("RQty : " + Rqty): null

2018-05-15 18:28:33 - [TEST_STEP][PASSED] - Statement - If (java.lang.Integer.valueOf(batchqty) >= java.lang.Integer.valueOf(Rqty)): null

2018-05-15 18:28:33 - [TEST_STEP][PASSED] - Statement - Else: null

2018-05-15 18:28:33 - [TEST_STEP][PASSED] - Statement - out.println("Batchqty Is Less Than Rqty"): null

2018-05-15 18:28:33 - [TEST_STEP][PASSED] - Statement - product = new com.kms.katalon.core.testobject.TestObject(): null

2018-05-15 18:28:33 - [TEST_STEP][PASSED] - Statement - product = com.kms.katalon.core.webui.keyword.WebUiBuiltInKeywords.modifyObjectProperty(product, "xpath", "equals", "//*[@id = "fldvendor" + row + ""]", true): Modify property of object successfully

2018-05-15 18:28:33 - [MESSAGE][PASSED] - Modify property of object successfully

2018-05-15 18:28:33 - [TEST_STEP][PASSED] - selectOptionByIndex: All options with index in [2] are selected on object ''

2018-05-15 18:28:33 - [MESSAGE][PASSED] - All options with index in [2] are selected on object ''

2018-05-15 18:28:33 - [TEST_STEP][PASSED] - Statement - batch = new com.kms.katalon.core.testobject.TestObject(): null

2018-05-15 18:28:33 - [TEST_STEP][PASSED] - Statement - batch = com.kms.katalon.core.webui.keyword.WebUiBuiltInKeywords.modifyObjectProperty(batch, "xpath", "equals", "//*[@id = "txtbthqty" + row + ""]", true): Modify property of object successfully

2018-05-15 18:28:33 - [MESSAGE][PASSED] - Modify property of object successfully

2018-05-15 18:28:33 - [TEST_STEP][PASSED] - Statement - batchqty = com.kms.katalon.core.webui.keyword.WebUiBuiltInKeywords.getAttribute(batch, "value").trim(): Attribute 'value' of object '' is: '5000'

2018-05-15 18:28:33 - [MESSAGE][PASSED] - Attribute 'value' of object '' is: '5000'

2018-05-15 18:28:33 - [TEST_STEP][PASSED] - Statement - Rqty = 10000: null

2018-05-15 18:28:33 - [TEST_STEP][PASSED] - delay: Delayed 2 second(s)

2018-05-15 18:28:35 - [MESSAGE][PASSED] - Delayed 2 second(s)

2018-05-15 18:28:35 - [TEST_STEP][PASSED] - Statement - out.println("BatchQty : " + batchqty): null

2018-05-15 18:28:35 - [TEST_STEP][PASSED] - Statement - out.println("RQty : " + Rqty): null

2018-05-15 18:28:35 - [TEST_STEP][PASSED] - Statement - If (java.lang.Integer.valueOf(batchqty) >= java.lang.Integer.valueOf(Rqty)): null

2018-05-15 18:28:35 - [TEST_STEP][PASSED] - Statement - Else: null

2018-05-15 18:28:35 - [TEST_STEP][PASSED] - Statement - out.println("Batchqty Is Less Than Rqty"): null

2018-05-15 18:28:35 - [TEST_STEP][PASSED] - Statement - product = new com.kms.katalon.core.testobject.TestObject(): null

2018-05-15 18:28:35 - [TEST_STEP][PASSED] - Statement - product = com.kms.katalon.core.webui.keyword.WebUiBuiltInKeywords.modifyObjectProperty(product, "xpath", "equals", "//*[@id = "fldvendor" + row + ""]", true): Modify property of object successfully

2018-05-15 18:28:35 - [MESSAGE][PASSED] - Modify property of object successfully

2018-05-15 18:28:35 - [TEST_STEP][PASSED] - selectOptionByIndex: All options with index in [3] are selected on object ''

2018-05-15 18:28:35 - [MESSAGE][PASSED] - All options with index in [3] are selected on object ''

2018-05-15 18:28:35 - [TEST_STEP][PASSED] - Statement - batch = new com.kms.katalon.core.testobject.TestObject(): null

2018-05-15 18:28:35 - [TEST_STEP][PASSED] - Statement - batch = com.kms.katalon.core.webui.keyword.WebUiBuiltInKeywords.modifyObjectProperty(batch, "xpath", "equals", "//*[@id = "txtbthqty" + row + ""]", true): Modify property of object successfully

2018-05-15 18:28:35 - [MESSAGE][PASSED] - Modify property of object successfully

2018-05-15 18:28:35 - [TEST_STEP][PASSED] - Statement - batchqty = com.kms.katalon.core.webui.keyword.WebUiBuiltInKeywords.getAttribute(batch, "value").trim(): Attribute 'value' of object '' is: '40000'

2018-05-15 18:28:35 - [MESSAGE][PASSED] - Attribute 'value' of object '' is: '40000'

2018-05-15 18:28:35 - [TEST_STEP][PASSED] - Statement - Rqty = 10000: null

2018-05-15 18:28:35 - [TEST_STEP][PASSED] - delay: Delayed 2 second(s)

2018-05-15 18:28:37 - [MESSAGE][PASSED] - Delayed 2 second(s)

2018-05-15 18:28:37 - [TEST_STEP][PASSED] - Statement - out.println("BatchQty : " + batchqty): null

2018-05-15 18:28:37 - [TEST_STEP][PASSED] - Statement - out.println("RQty : " + Rqty): null

2018-05-15 18:28:37 - [TEST_STEP][PASSED] - Statement - If (java.lang.Integer.valueOf(batchqty) >= java.lang.Integer.valueOf(Rqty)): null

2018-05-15 18:28:37 - [TEST_STEP][PASSED] - Statement - Break: null

2018-05-15 18:28:37 - [TEST_STEP][PASSED] - Statement - batchlength = new com.kms.katalon.core.testobject.TestObject(): null

2018-05-15 18:28:37 - [TEST_STEP][PASSED] - Statement - batchlength = com.kms.katalon.core.webui.keyword.WebUiBuiltInKeywords.modifyObjectProperty(batchlength, "xpath", "equals", "//*[@id = "fldvendor" + row + ""]", true): Modify property of object successfully

2018-05-15 18:28:37 - [MESSAGE][PASSED] - Modify property of object successfully

2018-05-15 18:28:37 - [TEST_STEP][PASSED] - Statement - batchsize = com.kms.katalon.core.webui.keyword.WebUiBuiltInKeywords.getNumberOfTotalOption(batchlength): 4 options of object '' counted

2018-05-15 18:28:37 - [MESSAGE][PASSED] - 4 options of object '' counted

2018-05-15 18:28:37 - [TEST_STEP][PASSED] - Statement - out.println("BatchSize : " + batchsize): null

2018-05-15 18:28:37 - [TEST_STEP][PASSED] - Statement - For ([n = 1, n <= batchsize - 1, (n++)]): null

2018-05-15 18:28:37 - [TEST_STEP][PASSED] - Statement - product = new com.kms.katalon.core.testobject.TestObject(): null

2018-05-15 18:28:37 - [TEST_STEP][PASSED] - Statement - product = com.kms.katalon.core.webui.keyword.WebUiBuiltInKeywords.modifyObjectProperty(product, "xpath", "equals", "//*[@id = "fldvendor" + row + ""]", true): Modify property of object successfully

2018-05-15 18:28:37 - [MESSAGE][PASSED] - Modify property of object successfully

2018-05-15 18:28:37 - [TEST_STEP][PASSED] - selectOptionByIndex: All options with index in [1] are selected on object ''

2018-05-15 18:28:37 - [MESSAGE][PASSED] - All options with index in [1] are selected on object ''

2018-05-15 18:28:37 - [TEST_STEP][PASSED] - Statement - batch = new com.kms.katalon.core.testobject.TestObject(): null

2018-05-15 18:28:37 - [TEST_STEP][PASSED] - Statement - batch = com.kms.katalon.core.webui.keyword.WebUiBuiltInKeywords.modifyObjectProperty(batch, "xpath", "equals", "//*[@id = "txtbthqty" + row + ""]", true): Modify property of object successfully

2018-05-15 18:28:37 - [MESSAGE][PASSED] - Modify property of object successfully

2018-05-15 18:28:37 - [TEST_STEP][PASSED] - Statement - batchqty = com.kms.katalon.core.webui.keyword.WebUiBuiltInKeywords.getAttribute(batch, "value").trim(): Attribute 'value' of object '' is: '39000'

2018-05-15 18:28:37 - [MESSAGE][PASSED] - Attribute 'value' of object '' is: '39000'

2018-05-15 18:28:37 - [TEST_STEP][PASSED] - Statement - Rqty = 10000: null

2018-05-15 18:28:37 - [TEST_STEP][PASSED] - delay: Delayed 2 second(s)

2018-05-15 18:28:39 - [MESSAGE][PASSED] - Delayed 2 second(s)

2018-05-15 18:28:39 - [TEST_STEP][PASSED] - Statement - out.println("BatchQty : " + batchqty): null

2018-05-15 18:28:39 - [TEST_STEP][PASSED] - Statement - out.println("RQty : " + Rqty): null

2018-05-15 18:28:39 - [TEST_STEP][PASSED] - Statement - If (java.lang.Integer.valueOf(batchqty) >= java.lang.Integer.valueOf(Rqty)): null

2018-05-15 18:28:39 - [TEST_STEP][PASSED] - Statement - Break: null

2018-05-15 18:28:39 - [TEST_STEP][PASSED] - Statement - batchlength = new com.kms.katalon.core.testobject.TestObject(): null

2018-05-15 18:28:39 - [TEST_STEP][PASSED] - Statement - batchlength = com.kms.katalon.core.webui.keyword.WebUiBuiltInKeywords.modifyObjectProperty(batchlength, "xpath", "equals", "//*[@id = "fldvendor" + row + ""]", true): Modify property of object successfully

2018-05-15 18:28:39 - [MESSAGE][PASSED] - Modify property of object successfully

2018-05-15 18:28:39 - [TEST_STEP][PASSED] - Statement - batchsize = com.kms.katalon.core.webui.keyword.WebUiBuiltInKeywords.getNumberOfTotalOption(batchlength): 4 options of object '' counted

2018-05-15 18:28:39 - [MESSAGE][PASSED] - 4 options of object '' counted

2018-05-15 18:28:39 - [TEST_STEP][PASSED] - Statement - out.println("BatchSize : " + batchsize): null

2018-05-15 18:28:39 - [TEST_STEP][PASSED] - Statement - For ([n = 1, n <= batchsize - 1, (n++)]): null

2018-05-15 18:28:39 - [TEST_STEP][PASSED] - Statement - product = new com.kms.katalon.core.testobject.TestObject(): null

2018-05-15 18:28:39 - [TEST_STEP][PASSED] - Statement - product = com.kms.katalon.core.webui.keyword.WebUiBuiltInKeywords.modifyObjectProperty(product, "xpath", "equals", "//*[@id = "fldvendor" + row + ""]", true): Modify property of object successfully

2018-05-15 18:28:39 - [MESSAGE][PASSED] - Modify property of object successfully

2018-05-15 18:28:39 - [TEST_STEP][PASSED] - selectOptionByIndex: All options with index in [1] are selected on object ''

2018-05-15 18:28:40 - [MESSAGE][PASSED] - All options with index in [1] are selected on object ''

2018-05-15 18:28:40 - [TEST_STEP][PASSED] - Statement - batch = new com.kms.katalon.core.testobject.TestObject(): null

2018-05-15 18:28:40 - [TEST_STEP][PASSED] - Statement - batch = com.kms.katalon.core.webui.keyword.WebUiBuiltInKeywords.modifyObjectProperty(batch, "xpath", "equals", "//*[@id = "txtbthqty" + row + ""]", true): Modify property of object successfully

2018-05-15 18:28:40 - [MESSAGE][PASSED] - Modify property of object successfully

2018-05-15 18:28:40 - [TEST_STEP][PASSED] - Statement - batchqty = com.kms.katalon.core.webui.keyword.WebUiBuiltInKeywords.getAttribute(batch, "value").trim(): Attribute 'value' of object '' is: '4000'

2018-05-15 18:28:40 - [MESSAGE][PASSED] - Attribute 'value' of object '' is: '4000'

2018-05-15 18:28:40 - [TEST_STEP][PASSED] - Statement - Rqty = 10000: null

2018-05-15 18:28:40 - [TEST_STEP][PASSED] - delay: Delayed 2 second(s)

2018-05-15 18:28:42 - [MESSAGE][PASSED] - Delayed 2 second(s)

2018-05-15 18:28:42 - [TEST_STEP][PASSED] - Statement - out.println("BatchQty : " + batchqty): null

2018-05-15 18:28:42 - [TEST_STEP][PASSED] - Statement - out.println("RQty : " + Rqty): null

2018-05-15 18:28:42 - [TEST_STEP][PASSED] - Statement - If (java.lang.Integer.valueOf(batchqty) >= java.lang.Integer.valueOf(Rqty)): null

2018-05-15 18:28:42 - [TEST_STEP][PASSED] - Statement - Else: null

2018-05-15 18:28:42 - [TEST_STEP][PASSED] - Statement - out.println("Batchqty Is Less Than Rqty"): null

2018-05-15 18:28:42 - [TEST_STEP][PASSED] - Statement - product = new com.kms.katalon.core.testobject.TestObject(): null

2018-05-15 18:28:42 - [TEST_STEP][PASSED] - Statement - product = com.kms.katalon.core.webui.keyword.WebUiBuiltInKeywords.modifyObjectProperty(product, "xpath", "equals", "//*[@id = "fldvendor" + row + ""]", true): Modify property of object successfully

2018-05-15 18:28:42 - [MESSAGE][PASSED] - Modify property of object successfully

2018-05-15 18:28:42 - [TEST_STEP][PASSED] - selectOptionByIndex: All options with index in [2] are selected on object ''

2018-05-15 18:28:42 - [MESSAGE][PASSED] - All options with index in [2] are selected on object ''

2018-05-15 18:28:42 - [TEST_STEP][PASSED] - Statement - batch = new com.kms.katalon.core.testobject.TestObject(): null

2018-05-15 18:28:42 - [TEST_STEP][PASSED] - Statement - batch = com.kms.katalon.core.webui.keyword.WebUiBuiltInKeywords.modifyObjectProperty(batch, "xpath", "equals", "//*[@id = "txtbthqty" + row + ""]", true): Modify property of object successfully

2018-05-15 18:28:42 - [MESSAGE][PASSED] - Modify property of object successfully

2018-05-15 18:28:42 - [TEST_STEP][PASSED] - Statement - batchqty = com.kms.katalon.core.webui.keyword.WebUiBuiltInKeywords.getAttribute(batch, "value").trim(): Attribute 'value' of object '' is: '40000'

2018-05-15 18:28:42 - [MESSAGE][PASSED] - Attribute 'value' of object '' is: '40000'

2018-05-15 18:28:42 - [TEST_STEP][PASSED] - Statement - Rqty = 10000: null

2018-05-15 18:28:42 - [TEST_STEP][PASSED] - delay: Delayed 2 second(s)

2018-05-15 18:28:44 - [MESSAGE][PASSED] - Delayed 2 second(s)

2018-05-15 18:28:44 - [TEST_STEP][PASSED] - Statement - out.println("BatchQty : " + batchqty): null

2018-05-15 18:28:44 - [TEST_STEP][PASSED] - Statement - out.println("RQty : " + Rqty): null

2018-05-15 18:28:44 - [TEST_STEP][PASSED] - Statement - If (java.lang.Integer.valueOf(batchqty) >= java.lang.Integer.valueOf(Rqty)): null

2018-05-15 18:28:44 - [TEST_STEP][PASSED] - Statement - Break: null

2018-05-15 18:28:44 - [TEST_STEP][PASSED] - Statement - batchlength = new com.kms.katalon.core.testobject.TestObject(): null

2018-05-15 18:28:44 - [TEST_STEP][PASSED] - Statement - batchlength = com.kms.katalon.core.webui.keyword.WebUiBuiltInKeywords.modifyObjectProperty(batchlength, "xpath", "equals", "//*[@id = "fldvendor" + row + ""]", true): Modify property of object successfully

2018-05-15 18:28:44 - [MESSAGE][PASSED] - Modify property of object successfully

2018-05-15 18:28:44 - [TEST_STEP][PASSED] - Statement - batchsize = com.kms.katalon.core.webui.keyword.WebUiBuiltInKeywords.getNumberOfTotalOption(batchlength): 4 options of object '' counted

2018-05-15 18:28:44 - [MESSAGE][PASSED] - 4 options of object '' counted

2018-05-15 18:28:44 - [TEST_STEP][PASSED] - Statement - out.println("BatchSize : " + batchsize): null

2018-05-15 18:28:44 - [TEST_STEP][PASSED] - Statement - For ([n = 1, n <= batchsize - 1, (n++)]): null

2018-05-15 18:28:44 - [TEST_STEP][PASSED] - Statement - product = new com.kms.katalon.core.testobject.TestObject(): null

2018-05-15 18:28:44 - [TEST_STEP][PASSED] - Statement - product = com.kms.katalon.core.webui.keyword.WebUiBuiltInKeywords.modifyObjectProperty(product, "xpath", "equals", "//*[@id = "fldvendor" + row + ""]", true): Modify property of object successfully

2018-05-15 18:28:44 - [MESSAGE][PASSED] - Modify property of object successfully

2018-05-15 18:28:44 - [TEST_STEP][PASSED] - selectOptionByIndex: All options with index in [1] are selected on object ''

2018-05-15 18:28:44 - [MESSAGE][PASSED] - All options with index in [1] are selected on object ''

2018-05-15 18:28:44 - [TEST_STEP][PASSED] - Statement - batch = new com.kms.katalon.core.testobject.TestObject(): null

2018-05-15 18:28:44 - [TEST_STEP][PASSED] - Statement - batch = com.kms.katalon.core.webui.keyword.WebUiBuiltInKeywords.modifyObjectProperty(batch, "xpath", "equals", "//*[@id = "txtbthqty" + row + ""]", true): Modify property of object successfully

2018-05-15 18:28:44 - [MESSAGE][PASSED] - Modify property of object successfully

2018-05-15 18:28:44 - [TEST_STEP][PASSED] - Statement - batchqty = com.kms.katalon.core.webui.keyword.WebUiBuiltInKeywords.getAttribute(batch, "value").trim(): Attribute 'value' of object '' is: '39000'

2018-05-15 18:28:44 - [MESSAGE][PASSED] - Attribute 'value' of object '' is: '39000'

2018-05-15 18:28:44 - [TEST_STEP][PASSED] - Statement - Rqty = 10000: null

2018-05-15 18:28:44 - [TEST_STEP][PASSED] - delay: Delayed 2 second(s)

2018-05-15 18:28:46 - [MESSAGE][PASSED] - Delayed 2 second(s)

2018-05-15 18:28:46 - [TEST_STEP][PASSED] - Statement - out.println("BatchQty : " + batchqty): null

2018-05-15 18:28:46 - [TEST_STEP][PASSED] - Statement - out.println("RQty : " + Rqty): null

2018-05-15 18:28:46 - [TEST_STEP][PASSED] - Statement - If (java.lang.Integer.valueOf(batchqty) >= java.lang.Integer.valueOf(Rqty)): null

2018-05-15 18:28:46 - [TEST_STEP][PASSED] - Statement - Break: null

2018-05-15 18:28:46 - [TEST_STEP][PASSED] - Statement - batchlength = new com.kms.katalon.core.testobject.TestObject(): null

2018-05-15 18:28:46 - [TEST_STEP][PASSED] - Statement - batchlength = com.kms.katalon.core.webui.keyword.WebUiBuiltInKeywords.modifyObjectProperty(batchlength, "xpath", "equals", "//*[@id = "fldvendor" + row + ""]", true): Modify property of object successfully

2018-05-15 18:28:46 - [MESSAGE][PASSED] - Modify property of object successfully

2018-05-15 18:28:46 - [TEST_STEP][PASSED] - Statement - batchsize = com.kms.katalon.core.webui.keyword.WebUiBuiltInKeywords.getNumberOfTotalOption(batchlength): 4 options of object '' counted

2018-05-15 18:28:46 - [MESSAGE][PASSED] - 4 options of object '' counted

2018-05-15 18:28:46 - [TEST_STEP][PASSED] - Statement - out.println("BatchSize : " + batchsize): null

2018-05-15 18:28:46 - [TEST_STEP][PASSED] - Statement - For ([n = 1, n <= batchsize - 1, (n++)]): null

2018-05-15 18:28:46 - [TEST_STEP][PASSED] - Statement - product = new com.kms.katalon.core.testobject.TestObject(): null

2018-05-15 18:28:46 - [TEST_STEP][PASSED] - Statement - product = com.kms.katalon.core.webui.keyword.WebUiBuiltInKeywords.modifyObjectProperty(product, "xpath", "equals", "//*[@id = "fldvendor" + row + ""]", true): Modify property of object successfully

2018-05-15 18:28:46 - [MESSAGE][PASSED] - Modify property of object successfully

2018-05-15 18:28:46 - [TEST_STEP][PASSED] - selectOptionByIndex: All options with index in [1] are selected on object ''

2018-05-15 18:28:46 - [MESSAGE][PASSED] - All options with index in [1] are selected on object ''

2018-05-15 18:28:46 - [TEST_STEP][PASSED] - Statement - batch = new com.kms.katalon.core.testobject.TestObject(): null

2018-05-15 18:28:46 - [TEST_STEP][PASSED] - Statement - batch = com.kms.katalon.core.webui.keyword.WebUiBuiltInKeywords.modifyObjectProperty(batch, "xpath", "equals", "//*[@id = "txtbthqty" + row + ""]", true): Modify property of object successfully

2018-05-15 18:28:46 - [MESSAGE][PASSED] - Modify property of object successfully

2018-05-15 18:28:46 - [TEST_STEP][PASSED] - Statement - batchqty = com.kms.katalon.core.webui.keyword.WebUiBuiltInKeywords.getAttribute(batch, "value").trim(): Attribute 'value' of object '' is: '39000'

2018-05-15 18:28:46 - [MESSAGE][PASSED] - Attribute 'value' of object '' is: '39000'

2018-05-15 18:28:46 - [TEST_STEP][PASSED] - Statement - Rqty = 10000: null

2018-05-15 18:28:46 - [TEST_STEP][PASSED] - delay: Delayed 2 second(s)

2018-05-15 18:28:48 - [MESSAGE][PASSED] - Delayed 2 second(s)

2018-05-15 18:28:48 - [TEST_STEP][PASSED] - Statement - out.println("BatchQty : " + batchqty): null

2018-05-15 18:28:48 - [TEST_STEP][PASSED] - Statement - out.println("RQty : " + Rqty): null

2018-05-15 18:28:48 - [TEST_STEP][PASSED] - Statement - If (java.lang.Integer.valueOf(batchqty) >= java.lang.Integer.valueOf(Rqty)): null

2018-05-15 18:28:48 - [TEST_STEP][PASSED] - Statement - Break: null

2018-05-15 18:28:48 - [TEST_STEP][PASSED] - Statement - batchlength = new com.kms.katalon.core.testobject.TestObject(): null

2018-05-15 18:28:48 - [TEST_STEP][PASSED] - Statement - batchlength = com.kms.katalon.core.webui.keyword.WebUiBuiltInKeywords.modifyObjectProperty(batchlength, "xpath", "equals", "//*[@id = "fldvendor" + row + ""]", true): Modify property of object successfully

2018-05-15 18:28:48 - [MESSAGE][PASSED] - Modify property of object successfully

2018-05-15 18:28:48 - [TEST_STEP][PASSED] - Statement - batchsize = com.kms.katalon.core.webui.keyword.WebUiBuiltInKeywords.getNumberOfTotalOption(batchlength): 4 options of object '' counted

2018-05-15 18:28:48 - [MESSAGE][PASSED] - 4 options of object '' counted

2018-05-15 18:28:48 - [TEST_STEP][PASSED] - Statement - out.println("BatchSize : " + batchsize): null

2018-05-15 18:28:48 - [TEST_STEP][PASSED] - Statement - For ([n = 1, n <= batchsize - 1, (n++)]): null

2018-05-15 18:28:48 - [TEST_STEP][PASSED] - Statement - product = new com.kms.katalon.core.testobject.TestObject(): null

2018-05-15 18:28:48 - [TEST_STEP][PASSED] - Statement - product = com.kms.katalon.core.webui.keyword.WebUiBuiltInKeywords.modifyObjectProperty(product, "xpath", "equals", "//*[@id = "fldvendor" + row + ""]", true): Modify property of object successfully

2018-05-15 18:28:48 - [MESSAGE][PASSED] - Modify property of object successfully

2018-05-15 18:28:48 - [TEST_STEP][PASSED] - selectOptionByIndex: All options with index in [1] are selected on object ''

2018-05-15 18:28:49 - [MESSAGE][PASSED] - All options with index in [1] are selected on object ''

2018-05-15 18:28:49 - [TEST_STEP][PASSED] - Statement - batch = new com.kms.katalon.core.testobject.TestObject(): null

2018-05-15 18:28:49 - [TEST_STEP][PASSED] - Statement - batch = com.kms.katalon.core.webui.keyword.WebUiBuiltInKeywords.modifyObjectProperty(batch, "xpath", "equals", "//*[@id = "txtbthqty" + row + ""]", true): Modify property of object successfully

2018-05-15 18:28:49 - [MESSAGE][PASSED] - Modify property of object successfully

2018-05-15 18:28:49 - [TEST_STEP][PASSED] - Statement - batchqty = com.kms.katalon.core.webui.keyword.WebUiBuiltInKeywords.getAttribute(batch, "value").trim(): Attribute 'value' of object '' is: '39000'

2018-05-15 18:28:49 - [MESSAGE][PASSED] - Attribute 'value' of object '' is: '39000'

2018-05-15 18:28:49 - [TEST_STEP][PASSED] - Statement - Rqty = 10000: null

2018-05-15 18:28:49 - [TEST_STEP][PASSED] - delay: Delayed 2 second(s)

2018-05-15 18:28:51 - [MESSAGE][PASSED] - Delayed 2 second(s)

2018-05-15 18:28:51 - [TEST_STEP][PASSED] - Statement - out.println("BatchQty : " + batchqty): null

2018-05-15 18:28:51 - [TEST_STEP][PASSED] - Statement - out.println("RQty : " + Rqty): null

2018-05-15 18:28:51 - [TEST_STEP][PASSED] - Statement - If (java.lang.Integer.valueOf(batchqty) >= java.lang.Integer.valueOf(Rqty)): null

2018-05-15 18:28:51 - [TEST_STEP][PASSED] - Statement - Break: null

2018-05-15 18:28:51 - [TEST_STEP][PASSED] - Statement - batchlength = new com.kms.katalon.core.testobject.TestObject(): null

2018-05-15 18:28:51 - [TEST_STEP][PASSED] - Statement - batchlength = com.kms.katalon.core.webui.keyword.WebUiBuiltInKeywords.modifyObjectProperty(batchlength, "xpath", "equals", "//*[@id = "fldvendor" + row + ""]", true): Modify property of object successfully

2018-05-15 18:28:51 - [MESSAGE][PASSED] - Modify property of object successfully

2018-05-15 18:28:51 - [TEST_STEP][PASSED] - Statement - batchsize = com.kms.katalon.core.webui.keyword.WebUiBuiltInKeywords.getNumberOfTotalOption(batchlength): 4 options of object '' counted

2018-05-15 18:28:51 - [MESSAGE][PASSED] - 4 options of object '' counted

2018-05-15 18:28:51 - [TEST_STEP][PASSED] - Statement - out.println("BatchSize : " + batchsize): null

2018-05-15 18:28:51 - [TEST_STEP][PASSED] - Statement - For ([n = 1, n <= batchsize - 1, (n++)]): null

2018-05-15 18:28:51 - [TEST_STEP][PASSED] - Statement - product = new com.kms.katalon.core.testobject.TestObject(): null

2018-05-15 18:28:51 - [TEST_STEP][PASSED] - Statement - product = com.kms.katalon.core.webui.keyword.WebUiBuiltInKeywords.modifyObjectProperty(product, "xpath", "equals", "//*[@id = "fldvendor" + row + ""]", true): Modify property of object successfully

2018-05-15 18:28:51 - [MESSAGE][PASSED] - Modify property of object successfully

2018-05-15 18:28:51 - [TEST_STEP][PASSED] - selectOptionByIndex: All options with index in [1] are selected on object ''

2018-05-15 18:28:51 - [MESSAGE][PASSED] - All options with index in [1] are selected on object ''

2018-05-15 18:28:51 - [TEST_STEP][PASSED] - Statement - batch = new com.kms.katalon.core.testobject.TestObject(): null

2018-05-15 18:28:51 - [TEST_STEP][PASSED] - Statement - batch = com.kms.katalon.core.webui.keyword.WebUiBuiltInKeywords.modifyObjectProperty(batch, "xpath", "equals", "//*[@id = "txtbthqty" + row + ""]", true): Modify property of object successfully

2018-05-15 18:28:51 - [MESSAGE][PASSED] - Modify property of object successfully

2018-05-15 18:28:51 - [TEST_STEP][PASSED] - Statement - batchqty = com.kms.katalon.core.webui.keyword.WebUiBuiltInKeywords.getAttribute(batch, "value").trim(): Attribute 'value' of object '' is: '39000'

2018-05-15 18:28:51 - [MESSAGE][PASSED] - Attribute 'value' of object '' is: '39000'

2018-05-15 18:28:51 - [TEST_STEP][PASSED] - Statement - Rqty = 10000: null

2018-05-15 18:28:51 - [TEST_STEP][PASSED] - delay: Delayed 2 second(s)

2018-05-15 18:28:53 - [MESSAGE][PASSED] - Delayed 2 second(s)

2018-05-15 18:28:53 - [TEST_STEP][PASSED] - Statement - out.println("BatchQty : " + batchqty): null

2018-05-15 18:28:53 - [TEST_STEP][PASSED] - Statement - out.println("RQty : " + Rqty): null

2018-05-15 18:28:53 - [TEST_STEP][PASSED] - Statement - If (java.lang.Integer.valueOf(batchqty) >= java.lang.Integer.valueOf(Rqty)): null

2018-05-15 18:28:53 - [TEST_STEP][PASSED] - Statement - Break: null

2018-05-15 18:28:53 - [TEST_STEP][PASSED] - Statement - batchlength = new com.kms.katalon.core.testobject.TestObject(): null

2018-05-15 18:28:53 - [TEST_STEP][PASSED] - Statement - batchlength = com.kms.katalon.core.webui.keyword.WebUiBuiltInKeywords.modifyObjectProperty(batchlength, "xpath", "equals", "//*[@id = "fldvendor" + row + ""]", true): Modify property of object successfully

2018-05-15 18:28:53 - [MESSAGE][PASSED] - Modify property of object successfully

2018-05-15 18:28:53 - [TEST_STEP][PASSED] - Statement - batchsize = com.kms.katalon.core.webui.keyword.WebUiBuiltInKeywords.getNumberOfTotalOption(batchlength): 4 options of object '' counted

2018-05-15 18:28:53 - [MESSAGE][PASSED] - 4 options of object '' counted

2018-05-15 18:28:53 - [TEST_STEP][PASSED] - Statement - out.println("BatchSize : " + batchsize): null

2018-05-15 18:28:53 - [TEST_STEP][PASSED] - Statement - For ([n = 1, n <= batchsize - 1, (n++)]): null

2018-05-15 18:28:53 - [TEST_STEP][PASSED] - Statement - product = new com.kms.katalon.core.testobject.TestObject(): null

2018-05-15 18:28:53 - [TEST_STEP][PASSED] - Statement - product = com.kms.katalon.core.webui.keyword.WebUiBuiltInKeywords.modifyObjectProperty(product, "xpath", "equals", "//*[@id = "fldvendor" + row + ""]", true): Modify property of object successfully

2018-05-15 18:28:53 - [MESSAGE][PASSED] - Modify property of object successfully

2018-05-15 18:28:53 - [TEST_STEP][PASSED] - selectOptionByIndex: All options with index in [1] are selected on object ''

2018-05-15 18:28:53 - [MESSAGE][PASSED] - All options with index in [1] are selected on object ''

2018-05-15 18:28:53 - [TEST_STEP][PASSED] - Statement - batch = new com.kms.katalon.core.testobject.TestObject(): null

2018-05-15 18:28:53 - [TEST_STEP][PASSED] - Statement - batch = com.kms.katalon.core.webui.keyword.WebUiBuiltInKeywords.modifyObjectProperty(batch, "xpath", "equals", "//*[@id = "txtbthqty" + row + ""]", true): Modify property of object successfully

2018-05-15 18:28:53 - [MESSAGE][PASSED] - Modify property of object successfully

2018-05-15 18:28:53 - [TEST_STEP][PASSED] - Statement - batchqty = com.kms.katalon.core.webui.keyword.WebUiBuiltInKeywords.getAttribute(batch, "value").trim(): Attribute 'value' of object '' is: '4000'

2018-05-15 18:28:53 - [MESSAGE][PASSED] - Attribute 'value' of object '' is: '4000'

2018-05-15 18:28:53 - [TEST_STEP][PASSED] - Statement - Rqty = 10000: null

2018-05-15 18:28:53 - [TEST_STEP][PASSED] - delay: Delayed 2 second(s)

2018-05-15 18:28:55 - [MESSAGE][PASSED] - Delayed 2 second(s)

2018-05-15 18:28:55 - [TEST_STEP][PASSED] - Statement - out.println("BatchQty : " + batchqty): null

2018-05-15 18:28:55 - [TEST_STEP][PASSED] - Statement - out.println("RQty : " + Rqty): null

2018-05-15 18:28:55 - [TEST_STEP][PASSED] - Statement - If (java.lang.Integer.valueOf(batchqty) >= java.lang.Integer.valueOf(Rqty)): null

2018-05-15 18:28:55 - [TEST_STEP][PASSED] - Statement - Else: null

2018-05-15 18:28:55 - [TEST_STEP][PASSED] - Statement - out.println("Batchqty Is Less Than Rqty"): null

2018-05-15 18:28:55 - [TEST_STEP][PASSED] - Statement - product = new com.kms.katalon.core.testobject.TestObject(): null

2018-05-15 18:28:55 - [TEST_STEP][PASSED] - Statement - product = com.kms.katalon.core.webui.keyword.WebUiBuiltInKeywords.modifyObjectProperty(product, "xpath", "equals", "//*[@id = "fldvendor" + row + ""]", true): Modify property of object successfully

2018-05-15 18:28:55 - [MESSAGE][PASSED] - Modify property of object successfully

2018-05-15 18:28:55 - [TEST_STEP][PASSED] - selectOptionByIndex: All options with index in [2] are selected on object ''

2018-05-15 18:28:55 - [MESSAGE][PASSED] - All options with index in [2] are selected on object ''

2018-05-15 18:28:55 - [TEST_STEP][PASSED] - Statement - batch = new com.kms.katalon.core.testobject.TestObject(): null

2018-05-15 18:28:55 - [TEST_STEP][PASSED] - Statement - batch = com.kms.katalon.core.webui.keyword.WebUiBuiltInKeywords.modifyObjectProperty(batch, "xpath", "equals", "//*[@id = "txtbthqty" + row + ""]", true): Modify property of object successfully

2018-05-15 18:28:55 - [MESSAGE][PASSED] - Modify property of object successfully

2018-05-15 18:28:55 - [TEST_STEP][PASSED] - Statement - batchqty = com.kms.katalon.core.webui.keyword.WebUiBuiltInKeywords.getAttribute(batch, "value").trim(): Attribute 'value' of object '' is: '5000'

2018-05-15 18:28:55 - [MESSAGE][PASSED] - Attribute 'value' of object '' is: '5000'

2018-05-15 18:28:55 - [TEST_STEP][PASSED] - Statement - Rqty = 10000: null

2018-05-15 18:28:55 - [TEST_STEP][PASSED] - delay: Delayed 2 second(s)

2018-05-15 18:28:57 - [MESSAGE][PASSED] - Delayed 2 second(s)

2018-05-15 18:28:57 - [TEST_STEP][PASSED] - Statement - out.println("BatchQty : " + batchqty): null

2018-05-15 18:28:57 - [TEST_STEP][PASSED] - Statement - out.println("RQty : " + Rqty): null

2018-05-15 18:28:57 - [TEST_STEP][PASSED] - Statement - If (java.lang.Integer.valueOf(batchqty) >= java.lang.Integer.valueOf(Rqty)): null

2018-05-15 18:28:57 - [TEST_STEP][PASSED] - Statement - Else: null

2018-05-15 18:28:57 - [TEST_STEP][PASSED] - Statement - out.println("Batchqty Is Less Than Rqty"): null

2018-05-15 18:28:57 - [TEST_STEP][PASSED] - Statement - product = new com.kms.katalon.core.testobject.TestObject(): null

2018-05-15 18:28:57 - [TEST_STEP][PASSED] - Statement - product = com.kms.katalon.core.webui.keyword.WebUiBuiltInKeywords.modifyObjectProperty(product, "xpath", "equals", "//*[@id = "fldvendor" + row + ""]", true): Modify property of object successfully

2018-05-15 18:28:57 - [MESSAGE][PASSED] - Modify property of object successfully

2018-05-15 18:28:57 - [TEST_STEP][PASSED] - selectOptionByIndex: All options with index in [3] are selected on object ''

2018-05-15 18:28:57 - [MESSAGE][PASSED] - All options with index in [3] are selected on object ''

2018-05-15 18:28:57 - [TEST_STEP][PASSED] - Statement - batch = new com.kms.katalon.core.testobject.TestObject(): null

2018-05-15 18:28:57 - [TEST_STEP][PASSED] - Statement - batch = com.kms.katalon.core.webui.keyword.WebUiBuiltInKeywords.modifyObjectProperty(batch, "xpath", "equals", "//*[@id = "txtbthqty" + row + ""]", true): Modify property of object successfully

2018-05-15 18:28:57 - [MESSAGE][PASSED] - Modify property of object successfully

2018-05-15 18:28:57 - [TEST_STEP][PASSED] - Statement - batchqty = com.kms.katalon.core.webui.keyword.WebUiBuiltInKeywords.getAttribute(batch, "value").trim(): Attribute 'value' of object '' is: '40000'

2018-05-15 18:28:58 - [MESSAGE][PASSED] - Attribute 'value' of object '' is: '40000'

2018-05-15 18:28:58 - [TEST_STEP][PASSED] - Statement - Rqty = 10000: null

2018-05-15 18:28:58 - [TEST_STEP][PASSED] - delay: Delayed 2 second(s)

2018-05-15 18:29:00 - [MESSAGE][PASSED] - Delayed 2 second(s)

2018-05-15 18:29:00 - [TEST_STEP][PASSED] - Statement - out.println("BatchQty : " + batchqty): null

2018-05-15 18:29:00 - [TEST_STEP][PASSED] - Statement - out.println("RQty : " + Rqty): null

2018-05-15 18:29:00 - [TEST_STEP][PASSED] - Statement - If (java.lang.Integer.valueOf(batchqty) >= java.lang.Integer.valueOf(Rqty)): null

2018-05-15 18:29:00 - [TEST_STEP][PASSED] - Statement - Break: null

2018-05-15 18:29:00 - [TEST_STEP][PASSED] - Statement - batchlength = new com.kms.katalon.core.testobject.TestObject(): null

2018-05-15 18:29:00 - [TEST_STEP][PASSED] - Statement - batchlength = com.kms.katalon.core.webui.keyword.WebUiBuiltInKeywords.modifyObjectProperty(batchlength, "xpath", "equals", "//*[@id = "fldvendor" + row + ""]", true): Modify property of object successfully

2018-05-15 18:29:00 - [MESSAGE][PASSED] - Modify property of object successfully

2018-05-15 18:29:00 - [TEST_STEP][PASSED] - Statement - batchsize = com.kms.katalon.core.webui.keyword.WebUiBuiltInKeywords.getNumberOfTotalOption(batchlength): 4 options of object '' counted

2018-05-15 18:29:00 - [MESSAGE][PASSED] - 4 options of object '' counted

2018-05-15 18:29:00 - [TEST_STEP][PASSED] - Statement - out.println("BatchSize : " + batchsize): null

2018-05-15 18:29:00 - [TEST_STEP][PASSED] - Statement - For ([n = 1, n <= batchsize - 1, (n++)]): null

2018-05-15 18:29:00 - [TEST_STEP][PASSED] - Statement - product = new com.kms.katalon.core.testobject.TestObject(): null

2018-05-15 18:29:00 - [TEST_STEP][PASSED] - Statement - product = com.kms.katalon.core.webui.keyword.WebUiBuiltInKeywords.modifyObjectProperty(product, "xpath", "equals", "//*[@id = "fldvendor" + row + ""]", true): Modify property of object successfully

2018-05-15 18:29:00 - [MESSAGE][PASSED] - Modify property of object successfully

2018-05-15 18:29:00 - [TEST_STEP][PASSED] - selectOptionByIndex: All options with index in [1] are selected on object ''

2018-05-15 18:29:00 - [MESSAGE][PASSED] - All options with index in [1] are selected on object ''

2018-05-15 18:29:00 - [TEST_STEP][PASSED] - Statement - batch = new com.kms.katalon.core.testobject.TestObject(): null

2018-05-15 18:29:00 - [TEST_STEP][PASSED] - Statement - batch = com.kms.katalon.core.webui.keyword.WebUiBuiltInKeywords.modifyObjectProperty(batch, "xpath", "equals", "//*[@id = "txtbthqty" + row + ""]", true): Modify property of object successfully

2018-05-15 18:29:00 - [MESSAGE][PASSED] - Modify property of object successfully

2018-05-15 18:29:00 - [TEST_STEP][PASSED] - Statement - batchqty = com.kms.katalon.core.webui.keyword.WebUiBuiltInKeywords.getAttribute(batch, "value").trim(): Attribute 'value' of object '' is: '4000'

2018-05-15 18:29:00 - [MESSAGE][PASSED] - Attribute 'value' of object '' is: '4000'

2018-05-15 18:29:00 - [TEST_STEP][PASSED] - Statement - Rqty = 10000: null

2018-05-15 18:29:00 - [TEST_STEP][PASSED] - delay: Delayed 2 second(s)

2018-05-15 18:29:02 - [MESSAGE][PASSED] - Delayed 2 second(s)

2018-05-15 18:29:02 - [TEST_STEP][PASSED] - Statement - out.println("BatchQty : " + batchqty): null

2018-05-15 18:29:02 - [TEST_STEP][PASSED] - Statement - out.println("RQty : " + Rqty): null

2018-05-15 18:29:02 - [TEST_STEP][PASSED] - Statement - If (java.lang.Integer.valueOf(batchqty) >= java.lang.Integer.valueOf(Rqty)): null

2018-05-15 18:29:02 - [TEST_STEP][PASSED] - Statement - Else: null

2018-05-15 18:29:02 - [TEST_STEP][PASSED] - Statement - out.println("Batchqty Is Less Than Rqty"): null

2018-05-15 18:29:02 - [TEST_STEP][PASSED] - Statement - product = new com.kms.katalon.core.testobject.TestObject(): null

2018-05-15 18:29:02 - [TEST_STEP][PASSED] - Statement - product = com.kms.katalon.core.webui.keyword.WebUiBuiltInKeywords.modifyObjectProperty(product, "xpath", "equals", "//*[@id = "fldvendor" + row + ""]", true): Modify property of object successfully

2018-05-15 18:29:02 - [MESSAGE][PASSED] - Modify property of object successfully

2018-05-15 18:29:02 - [TEST_STEP][PASSED] - selectOptionByIndex: All options with index in [2] are selected on object ''

2018-05-15 18:29:02 - [MESSAGE][PASSED] - All options with index in [2] are selected on object ''

2018-05-15 18:29:02 - [TEST_STEP][PASSED] - Statement - batch = new com.kms.katalon.core.testobject.TestObject(): null

2018-05-15 18:29:02 - [TEST_STEP][PASSED] - Statement - batch = com.kms.katalon.core.webui.keyword.WebUiBuiltInKeywords.modifyObjectProperty(batch, "xpath", "equals", "//*[@id = "txtbthqty" + row + ""]", true): Modify property of object successfully

2018-05-15 18:29:02 - [MESSAGE][PASSED] - Modify property of object successfully

2018-05-15 18:29:02 - [TEST_STEP][PASSED] - Statement - batchqty = com.kms.katalon.core.webui.keyword.WebUiBuiltInKeywords.getAttribute(batch, "value").trim(): Attribute 'value' of object '' is: '5000'

2018-05-15 18:29:02 - [MESSAGE][PASSED] - Attribute 'value' of object '' is: '5000'

2018-05-15 18:29:02 - [TEST_STEP][PASSED] - Statement - Rqty = 10000: null

2018-05-15 18:29:02 - [TEST_STEP][PASSED] - delay: Delayed 2 second(s)

2018-05-15 18:29:04 - [MESSAGE][PASSED] - Delayed 2 second(s)

2018-05-15 18:29:04 - [TEST_STEP][PASSED] - Statement - out.println("BatchQty : " + batchqty): null

2018-05-15 18:29:04 - [TEST_STEP][PASSED] - Statement - out.println("RQty : " + Rqty): null

2018-05-15 18:29:04 - [TEST_STEP][PASSED] - Statement - If (java.lang.Integer.valueOf(batchqty) >= java.lang.Integer.valueOf(Rqty)): null

2018-05-15 18:29:04 - [TEST_STEP][PASSED] - Statement - Else: null

2018-05-15 18:29:04 - [TEST_STEP][PASSED] - Statement - out.println("Batchqty Is Less Than Rqty"): null

2018-05-15 18:29:04 - [TEST_STEP][PASSED] - Statement - product = new com.kms.katalon.core.testobject.TestObject(): null

2018-05-15 18:29:04 - [TEST_STEP][PASSED] - Statement - product = com.kms.katalon.core.webui.keyword.WebUiBuiltInKeywords.modifyObjectProperty(product, "xpath", "equals", "//*[@id = "fldvendor" + row + ""]", true): Modify property of object successfully

2018-05-15 18:29:04 - [MESSAGE][PASSED] - Modify property of object successfully

2018-05-15 18:29:04 - [TEST_STEP][PASSED] - selectOptionByIndex: All options with index in [3] are selected on object ''

2018-05-15 18:29:04 - [MESSAGE][PASSED] - All options with index in [3] are selected on object ''

2018-05-15 18:29:04 - [TEST_STEP][PASSED] - Statement - batch = new com.kms.katalon.core.testobject.TestObject(): null

2018-05-15 18:29:04 - [TEST_STEP][PASSED] - Statement - batch = com.kms.katalon.core.webui.keyword.WebUiBuiltInKeywords.modifyObjectProperty(batch, "xpath", "equals", "//*[@id = "txtbthqty" + row + ""]", true): Modify property of object successfully

2018-05-15 18:29:04 - [MESSAGE][PASSED] - Modify property of object successfully

2018-05-15 18:29:04 - [TEST_STEP][PASSED] - Statement - batchqty = com.kms.katalon.core.webui.keyword.WebUiBuiltInKeywords.getAttribute(batch, "value").trim(): Attribute 'value' of object '' is: '40000'

2018-05-15 18:29:04 - [MESSAGE][PASSED] - Attribute 'value' of object '' is: '40000'

2018-05-15 18:29:04 - [TEST_STEP][PASSED] - Statement - Rqty = 10000: null

2018-05-15 18:29:04 - [TEST_STEP][PASSED] - delay: Delayed 2 second(s)

2018-05-15 18:29:06 - [MESSAGE][PASSED] - Delayed 2 second(s)

2018-05-15 18:29:06 - [TEST_STEP][PASSED] - Statement - out.println("BatchQty : " + batchqty): null

2018-05-15 18:29:06 - [TEST_STEP][PASSED] - Statement - out.println("RQty : " + Rqty): null

2018-05-15 18:29:06 - [TEST_STEP][PASSED] - Statement - If (java.lang.Integer.valueOf(batchqty) >= java.lang.Integer.valueOf(Rqty)): null

2018-05-15 18:29:06 - [TEST_STEP][PASSED] - Statement - Break: null

2018-05-15 18:29:06 - [TEST_STEP][PASSED] - Statement - batchlength = new com.kms.katalon.core.testobject.TestObject(): null

2018-05-15 18:29:06 - [TEST_STEP][PASSED] - Statement - batchlength = com.kms.katalon.core.webui.keyword.WebUiBuiltInKeywords.modifyObjectProperty(batchlength, "xpath", "equals", "//*[@id = "fldvendor" + row + ""]", true): Modify property of object successfully

2018-05-15 18:29:06 - [MESSAGE][PASSED] - Modify property of object successfully

2018-05-15 18:29:06 - [TEST_STEP][PASSED] - Statement - batchsize = com.kms.katalon.core.webui.keyword.WebUiBuiltInKeywords.getNumberOfTotalOption(batchlength): 4 options of object '' counted

2018-05-15 18:29:06 - [MESSAGE][PASSED] - 4 options of object '' counted

2018-05-15 18:29:06 - [TEST_STEP][PASSED] - Statement - out.println("BatchSize : " + batchsize): null

2018-05-15 18:29:06 - [TEST_STEP][PASSED] - Statement - For ([n = 1, n <= batchsize - 1, (n++)]): null

2018-05-15 18:29:06 - [TEST_STEP][PASSED] - Statement - product = new com.kms.katalon.core.testobject.TestObject(): null

2018-05-15 18:29:06 - [TEST_STEP][PASSED] - Statement - product = com.kms.katalon.core.webui.keyword.WebUiBuiltInKeywords.modifyObjectProperty(product, "xpath", "equals", "//*[@id = "fldvendor" + row + ""]", true): Modify property of object successfully

2018-05-15 18:29:06 - [MESSAGE][PASSED] - Modify property of object successfully

2018-05-15 18:29:06 - [TEST_STEP][PASSED] - selectOptionByIndex: All options with index in [1] are selected on object ''

2018-05-15 18:29:06 - [MESSAGE][PASSED] - All options with index in [1] are selected on object ''

2018-05-15 18:29:06 - [TEST_STEP][PASSED] - Statement - batch = new com.kms.katalon.core.testobject.TestObject(): null

2018-05-15 18:29:06 - [TEST_STEP][PASSED] - Statement - batch = com.kms.katalon.core.webui.keyword.WebUiBuiltInKeywords.modifyObjectProperty(batch, "xpath", "equals", "//*[@id = "txtbthqty" + row + ""]", true): Modify property of object successfully

2018-05-15 18:29:06 - [MESSAGE][PASSED] - Modify property of object successfully

2018-05-15 18:29:06 - [TEST_STEP][PASSED] - Statement - batchqty = com.kms.katalon.core.webui.keyword.WebUiBuiltInKeywords.getAttribute(batch, "value").trim(): Attribute 'value' of object '' is: '5000'

2018-05-15 18:29:06 - [MESSAGE][PASSED] - Attribute 'value' of object '' is: '5000'

2018-05-15 18:29:06 - [TEST_STEP][PASSED] - Statement - Rqty = 10000: null

2018-05-15 18:29:06 - [TEST_STEP][PASSED] - delay: Delayed 2 second(s)

2018-05-15 18:29:08 - [MESSAGE][PASSED] - Delayed 2 second(s)

2018-05-15 18:29:08 - [TEST_STEP][PASSED] - Statement - out.println("BatchQty : " + batchqty): null

2018-05-15 18:29:08 - [TEST_STEP][PASSED] - Statement - out.println("RQty : " + Rqty): null

2018-05-15 18:29:08 - [TEST_STEP][PASSED] - Statement - If (java.lang.Integer.valueOf(batchqty) >= java.lang.Integer.valueOf(Rqty)): null

2018-05-15 18:29:08 - [TEST_STEP][PASSED] - Statement - Else: null

2018-05-15 18:29:08 - [TEST_STEP][PASSED] - Statement - out.println("Batchqty Is Less Than Rqty"): null

2018-05-15 18:29:08 - [TEST_STEP][PASSED] - Statement - product = new com.kms.katalon.core.testobject.TestObject(): null

2018-05-15 18:29:08 - [TEST_STEP][PASSED] - Statement - product = com.kms.katalon.core.webui.keyword.WebUiBuiltInKeywords.modifyObjectProperty(product, "xpath", "equals", "//*[@id = "fldvendor" + row + ""]", true): Modify property of object successfully

2018-05-15 18:29:08 - [MESSAGE][PASSED] - Modify property of object successfully

2018-05-15 18:29:08 - [TEST_STEP][PASSED] - selectOptionByIndex: All options with index in [2] are selected on object ''

2018-05-15 18:29:09 - [MESSAGE][PASSED] - All options with index in [2] are selected on object ''

2018-05-15 18:29:09 - [TEST_STEP][PASSED] - Statement - batch = new com.kms.katalon.core.testobject.TestObject(): null

2018-05-15 18:29:09 - [TEST_STEP][PASSED] - Statement - batch = com.kms.katalon.core.webui.keyword.WebUiBuiltInKeywords.modifyObjectProperty(batch, "xpath", "equals", "//*[@id = "txtbthqty" + row + ""]", true): Modify property of object successfully

2018-05-15 18:29:09 - [MESSAGE][PASSED] - Modify property of object successfully

2018-05-15 18:29:09 - [TEST_STEP][PASSED] - Statement - batchqty = com.kms.katalon.core.webui.keyword.WebUiBuiltInKeywords.getAttribute(batch, "value").trim(): Attribute 'value' of object '' is: '39000'

2018-05-15 18:29:09 - [MESSAGE][PASSED] - Attribute 'value' of object '' is: '39000'

2018-05-15 18:29:09 - [TEST_STEP][PASSED] - Statement - Rqty = 10000: null

2018-05-15 18:29:09 - [TEST_STEP][PASSED] - delay: Delayed 2 second(s)

2018-05-15 18:29:11 - [MESSAGE][PASSED] - Delayed 2 second(s)

2018-05-15 18:29:11 - [TEST_STEP][PASSED] - Statement - out.println("BatchQty : " + batchqty): null

2018-05-15 18:29:11 - [TEST_STEP][PASSED] - Statement - out.println("RQty : " + Rqty): null

2018-05-15 18:29:11 - [TEST_STEP][PASSED] - Statement - If (java.lang.Integer.valueOf(batchqty) >= java.lang.Integer.valueOf(Rqty)): null

2018-05-15 18:29:11 - [TEST_STEP][PASSED] - Statement - Break: null

2018-05-15 18:29:11 - [TEST_STEP][PASSED] - Statement - batchlength = new com.kms.katalon.core.testobject.TestObject(): null

2018-05-15 18:29:11 - [TEST_STEP][PASSED] - Statement - batchlength = com.kms.katalon.core.webui.keyword.WebUiBuiltInKeywords.modifyObjectProperty(batchlength, "xpath", "equals", "//*[@id = "fldvendor" + row + ""]", true): Modify property of object successfully

2018-05-15 18:29:11 - [MESSAGE][PASSED] - Modify property of object successfully

2018-05-15 18:29:11 - [TEST_STEP][PASSED] - Statement - batchsize = com.kms.katalon.core.webui.keyword.WebUiBuiltInKeywords.getNumberOfTotalOption(batchlength): 4 options of object '' counted

2018-05-15 18:29:11 - [MESSAGE][PASSED] - 4 options of object '' counted

2018-05-15 18:29:11 - [TEST_STEP][PASSED] - Statement - out.println("BatchSize : " + batchsize): null

2018-05-15 18:29:11 - [TEST_STEP][PASSED] - Statement - For ([n = 1, n <= batchsize - 1, (n++)]): null

2018-05-15 18:29:11 - [TEST_STEP][PASSED] - Statement - product = new com.kms.katalon.core.testobject.TestObject(): null

2018-05-15 18:29:11 - [TEST_STEP][PASSED] - Statement - product = com.kms.katalon.core.webui.keyword.WebUiBuiltInKeywords.modifyObjectProperty(product, "xpath", "equals", "//*[@id = "fldvendor" + row + ""]", true): Modify property of object successfully

2018-05-15 18:29:11 - [MESSAGE][PASSED] - Modify property of object successfully

2018-05-15 18:29:11 - [TEST_STEP][PASSED] - selectOptionByIndex: All options with index in [1] are selected on object ''

2018-05-15 18:29:11 - [MESSAGE][PASSED] - All options with index in [1] are selected on object ''

2018-05-15 18:29:11 - [TEST_STEP][PASSED] - Statement - batch = new com.kms.katalon.core.testobject.TestObject(): null

2018-05-15 18:29:11 - [TEST_STEP][PASSED] - Statement - batch = com.kms.katalon.core.webui.keyword.WebUiBuiltInKeywords.modifyObjectProperty(batch, "xpath", "equals", "//*[@id = "txtbthqty" + row + ""]", true): Modify property of object successfully

2018-05-15 18:29:11 - [MESSAGE][PASSED] - Modify property of object successfully

2018-05-15 18:29:11 - [TEST_STEP][PASSED] - Statement - batchqty = com.kms.katalon.core.webui.keyword.WebUiBuiltInKeywords.getAttribute(batch, "value").trim(): Attribute 'value' of object '' is: '4000'

2018-05-15 18:29:11 - [MESSAGE][PASSED] - Attribute 'value' of object '' is: '4000'

2018-05-15 18:29:11 - [TEST_STEP][PASSED] - Statement - Rqty = 10000: null

2018-05-15 18:29:11 - [TEST_STEP][PASSED] - delay: Delayed 2 second(s)

2018-05-15 18:29:13 - [MESSAGE][PASSED] - Delayed 2 second(s)

2018-05-15 18:29:13 - [TEST_STEP][PASSED] - Statement - out.println("BatchQty : " + batchqty): null

2018-05-15 18:29:13 - [TEST_STEP][PASSED] - Statement - out.println("RQty : " + Rqty): null

2018-05-15 18:29:13 - [TEST_STEP][PASSED] - Statement - If (java.lang.Integer.valueOf(batchqty) >= java.lang.Integer.valueOf(Rqty)): null

2018-05-15 18:29:13 - [TEST_STEP][PASSED] - Statement - Else: null

2018-05-15 18:29:13 - [TEST_STEP][PASSED] - Statement - out.println("Batchqty Is Less Than Rqty"): null

2018-05-15 18:29:13 - [TEST_STEP][PASSED] - Statement - product = new com.kms.katalon.core.testobject.TestObject(): null

2018-05-15 18:29:13 - [TEST_STEP][PASSED] - Statement - product = com.kms.katalon.core.webui.keyword.WebUiBuiltInKeywords.modifyObjectProperty(product, "xpath", "equals", "//*[@id = "fldvendor" + row + ""]", true): Modify property of object successfully

2018-05-15 18:29:13 - [MESSAGE][PASSED] - Modify property of object successfully

2018-05-15 18:29:13 - [TEST_STEP][PASSED] - selectOptionByIndex: All options with index in [2] are selected on object ''

2018-05-15 18:29:13 - [MESSAGE][PASSED] - All options with index in [2] are selected on object ''

2018-05-15 18:29:13 - [TEST_STEP][PASSED] - Statement - batch = new com.kms.katalon.core.testobject.TestObject(): null

2018-05-15 18:29:13 - [TEST_STEP][PASSED] - Statement - batch = com.kms.katalon.core.webui.keyword.WebUiBuiltInKeywords.modifyObjectProperty(batch, "xpath", "equals", "//*[@id = "txtbthqty" + row + ""]", true): Modify property of object successfully

2018-05-15 18:29:13 - [MESSAGE][PASSED] - Modify property of object successfully

2018-05-15 18:29:13 - [TEST_STEP][PASSED] - Statement - batchqty = com.kms.katalon.core.webui.keyword.WebUiBuiltInKeywords.getAttribute(batch, "value").trim(): Attribute 'value' of object '' is: '5000'

2018-05-15 18:29:13 - [MESSAGE][PASSED] - Attribute 'value' of object '' is: '5000'

2018-05-15 18:29:13 - [TEST_STEP][PASSED] - Statement - Rqty = 10000: null

2018-05-15 18:29:13 - [TEST_STEP][PASSED] - delay: Delayed 2 second(s)

2018-05-15 18:29:15 - [MESSAGE][PASSED] - Delayed 2 second(s)

2018-05-15 18:29:15 - [TEST_STEP][PASSED] - Statement - out.println("BatchQty : " + batchqty): null

2018-05-15 18:29:15 - [TEST_STEP][PASSED] - Statement - out.println("RQty : " + Rqty): null

2018-05-15 18:29:15 - [TEST_STEP][PASSED] - Statement - If (java.lang.Integer.valueOf(batchqty) >= java.lang.Integer.valueOf(Rqty)): null

2018-05-15 18:29:15 - [TEST_STEP][PASSED] - Statement - Else: null

2018-05-15 18:29:15 - [TEST_STEP][PASSED] - Statement - out.println("Batchqty Is Less Than Rqty"): null

2018-05-15 18:29:15 - [TEST_STEP][PASSED] - Statement - product = new com.kms.katalon.core.testobject.TestObject(): null

2018-05-15 18:29:15 - [TEST_STEP][PASSED] - Statement - product = com.kms.katalon.core.webui.keyword.WebUiBuiltInKeywords.modifyObjectProperty(product, "xpath", "equals", "//*[@id = "fldvendor" + row + ""]", true): Modify property of object successfully

2018-05-15 18:29:15 - [MESSAGE][PASSED] - Modify property of object successfully

2018-05-15 18:29:15 - [TEST_STEP][PASSED] - selectOptionByIndex: All options with index in [3] are selected on object ''

2018-05-15 18:29:15 - [MESSAGE][PASSED] - All options with index in [3] are selected on object ''

2018-05-15 18:29:15 - [TEST_STEP][PASSED] - Statement - batch = new com.kms.katalon.core.testobject.TestObject(): null

2018-05-15 18:29:15 - [TEST_STEP][PASSED] - Statement - batch = com.kms.katalon.core.webui.keyword.WebUiBuiltInKeywords.modifyObjectProperty(batch, "xpath", "equals", "//*[@id = "txtbthqty" + row + ""]", true): Modify property of object successfully

2018-05-15 18:29:15 - [MESSAGE][PASSED] - Modify property of object successfully

2018-05-15 18:29:15 - [TEST_STEP][PASSED] - Statement - batchqty = com.kms.katalon.core.webui.keyword.WebUiBuiltInKeywords.getAttribute(batch, "value").trim(): Attribute 'value' of object '' is: '40000'

2018-05-15 18:29:15 - [MESSAGE][PASSED] - Attribute 'value' of object '' is: '40000'

2018-05-15 18:29:15 - [TEST_STEP][PASSED] - Statement - Rqty = 10000: null

2018-05-15 18:29:15 - [TEST_STEP][PASSED] - delay: Delayed 2 second(s)

2018-05-15 18:29:17 - [MESSAGE][PASSED] - Delayed 2 second(s)

2018-05-15 18:29:17 - [TEST_STEP][PASSED] - Statement - out.println("BatchQty : " + batchqty): null

2018-05-15 18:29:17 - [TEST_STEP][PASSED] - Statement - out.println("RQty : " + Rqty): null

2018-05-15 18:29:17 - [TEST_STEP][PASSED] - Statement - If (java.lang.Integer.valueOf(batchqty) >= java.lang.Integer.valueOf(Rqty)): null

2018-05-15 18:29:17 - [TEST_STEP][PASSED] - Statement - Break: null

2018-05-15 18:29:17 - [TEST_STEP][PASSED] - Statement - batchlength = new com.kms.katalon.core.testobject.TestObject(): null

2018-05-15 18:29:17 - [TEST_STEP][PASSED] - Statement - batchlength = com.kms.katalon.core.webui.keyword.WebUiBuiltInKeywords.modifyObjectProperty(batchlength, "xpath", "equals", "//*[@id = "fldvendor" + row + ""]", true): Modify property of object successfully

2018-05-15 18:29:17 - [MESSAGE][PASSED] - Modify property of object successfully

2018-05-15 18:29:17 - [TEST_STEP][PASSED] - Statement - batchsize = com.kms.katalon.core.webui.keyword.WebUiBuiltInKeywords.getNumberOfTotalOption(batchlength): 4 options of object '' counted

2018-05-15 18:29:17 - [MESSAGE][PASSED] - 4 options of object '' counted

2018-05-15 18:29:17 - [TEST_STEP][PASSED] - Statement - out.println("BatchSize : " + batchsize): null

2018-05-15 18:29:17 - [TEST_STEP][PASSED] - Statement - For ([n = 1, n <= batchsize - 1, (n++)]): null

2018-05-15 18:29:17 - [TEST_STEP][PASSED] - Statement - product = new com.kms.katalon.core.testobject.TestObject(): null

2018-05-15 18:29:17 - [TEST_STEP][PASSED] - Statement - product = com.kms.katalon.core.webui.keyword.WebUiBuiltInKeywords.modifyObjectProperty(product, "xpath", "equals", "//*[@id = "fldvendor" + row + ""]", true): Modify property of object successfully

2018-05-15 18:29:17 - [MESSAGE][PASSED] - Modify property of object successfully

2018-05-15 18:29:17 - [TEST_STEP][PASSED] - selectOptionByIndex: All options with index in [1] are selected on object ''

2018-05-15 18:29:17 - [MESSAGE][PASSED] - All options with index in [1] are selected on object ''

2018-05-15 18:29:17 - [TEST_STEP][PASSED] - Statement - batch = new com.kms.katalon.core.testobject.TestObject(): null

2018-05-15 18:29:17 - [TEST_STEP][PASSED] - Statement - batch = com.kms.katalon.core.webui.keyword.WebUiBuiltInKeywords.modifyObjectProperty(batch, "xpath", "equals", "//*[@id = "txtbthqty" + row + ""]", true): Modify property of object successfully

2018-05-15 18:29:17 - [MESSAGE][PASSED] - Modify property of object successfully

2018-05-15 18:29:17 - [TEST_STEP][PASSED] - Statement - batchqty = com.kms.katalon.core.webui.keyword.WebUiBuiltInKeywords.getAttribute(batch, "value").trim(): Attribute 'value' of object '' is: '39000'

2018-05-15 18:29:18 - [MESSAGE][PASSED] - Attribute 'value' of object '' is: '39000'

2018-05-15 18:29:18 - [TEST_STEP][PASSED] - Statement - Rqty = 10000: null

2018-05-15 18:29:18 - [TEST_STEP][PASSED] - delay: Delayed 2 second(s)

2018-05-15 18:29:20 - [MESSAGE][PASSED] - Delayed 2 second(s)

2018-05-15 18:29:20 - [TEST_STEP][PASSED] - Statement - out.println("BatchQty : " + batchqty): null

2018-05-15 18:29:20 - [TEST_STEP][PASSED] - Statement - out.println("RQty : " + Rqty): null

2018-05-15 18:29:20 - [TEST_STEP][PASSED] - Statement - If (java.lang.Integer.valueOf(batchqty) >= java.lang.Integer.valueOf(Rqty)): null

2018-05-15 18:29:20 - [TEST_STEP][PASSED] - Statement - Break: null

2018-05-15 18:29:20 - [TEST_STEP][PASSED] - Statement - batchlength = new com.kms.katalon.core.testobject.TestObject(): null

2018-05-15 18:29:20 - [TEST_STEP][PASSED] - Statement - batchlength = com.kms.katalon.core.webui.keyword.WebUiBuiltInKeywords.modifyObjectProperty(batchlength, "xpath", "equals", "//*[@id = "fldvendor" + row + ""]", true): Modify property of object successfully

2018-05-15 18:29:20 - [MESSAGE][PASSED] - Modify property of object successfully

2018-05-15 18:29:20 - [TEST_STEP][PASSED] - Statement - batchsize = com.kms.katalon.core.webui.keyword.WebUiBuiltInKeywords.getNumberOfTotalOption(batchlength): 4 options of object '' counted

2018-05-15 18:29:20 - [MESSAGE][PASSED] - 4 options of object '' counted

2018-05-15 18:29:20 - [TEST_STEP][PASSED] - Statement - out.println("BatchSize : " + batchsize): null

2018-05-15 18:29:20 - [TEST_STEP][PASSED] - Statement - For ([n = 1, n <= batchsize - 1, (n++)]): null

2018-05-15 18:29:20 - [TEST_STEP][PASSED] - Statement - product = new com.kms.katalon.core.testobject.TestObject(): null

2018-05-15 18:29:20 - [TEST_STEP][PASSED] - Statement - product = com.kms.katalon.core.webui.keyword.WebUiBuiltInKeywords.modifyObjectProperty(product, "xpath", "equals", "//*[@id = "fldvendor" + row + ""]", true): Modify property of object successfully

2018-05-15 18:29:20 - [MESSAGE][PASSED] - Modify property of object successfully

2018-05-15 18:29:20 - [TEST_STEP][PASSED] - selectOptionByIndex: All options with index in [1] are selected on object ''

2018-05-15 18:29:20 - [MESSAGE][PASSED] - All options with index in [1] are selected on object ''

2018-05-15 18:29:20 - [TEST_STEP][PASSED] - Statement - batch = new com.kms.katalon.core.testobject.TestObject(): null

2018-05-15 18:29:20 - [TEST_STEP][PASSED] - Statement - batch = com.kms.katalon.core.webui.keyword.WebUiBuiltInKeywords.modifyObjectProperty(batch, "xpath", "equals", "//*[@id = "txtbthqty" + row + ""]", true): Modify property of object successfully

2018-05-15 18:29:20 - [MESSAGE][PASSED] - Modify property of object successfully

2018-05-15 18:29:20 - [TEST_STEP][PASSED] - Statement - batchqty = com.kms.katalon.core.webui.keyword.WebUiBuiltInKeywords.getAttribute(batch, "value").trim(): Attribute 'value' of object '' is: '4000'

2018-05-15 18:29:20 - [MESSAGE][PASSED] - Attribute 'value' of object '' is: '4000'

2018-05-15 18:29:20 - [TEST_STEP][PASSED] - Statement - Rqty = 10000: null

2018-05-15 18:29:20 - [TEST_STEP][PASSED] - delay: Delayed 2 second(s)

2018-05-15 18:29:22 - [MESSAGE][PASSED] - Delayed 2 second(s)

2018-05-15 18:29:22 - [TEST_STEP][PASSED] - Statement - out.println("BatchQty : " + batchqty): null

2018-05-15 18:29:22 - [TEST_STEP][PASSED] - Statement - out.println("RQty : " + Rqty): null

2018-05-15 18:29:22 - [TEST_STEP][PASSED] - Statement - If (java.lang.Integer.valueOf(batchqty) >= java.lang.Integer.valueOf(Rqty)): null

2018-05-15 18:29:22 - [TEST_STEP][PASSED] - Statement - Else: null

2018-05-15 18:29:22 - [TEST_STEP][PASSED] - Statement - out.println("Batchqty Is Less Than Rqty"): null

2018-05-15 18:29:22 - [TEST_STEP][PASSED] - Statement - product = new com.kms.katalon.core.testobject.TestObject(): null

2018-05-15 18:29:22 - [TEST_STEP][PASSED] - Statement - product = com.kms.katalon.core.webui.keyword.WebUiBuiltInKeywords.modifyObjectProperty(product, "xpath", "equals", "//*[@id = "fldvendor" + row + ""]", true): Modify property of object successfully

2018-05-15 18:29:22 - [MESSAGE][PASSED] - Modify property of object successfully

2018-05-15 18:29:22 - [TEST_STEP][PASSED] - selectOptionByIndex: All options with index in [2] are selected on object ''

2018-05-15 18:29:22 - [MESSAGE][PASSED] - All options with index in [2] are selected on object ''

2018-05-15 18:29:22 - [TEST_STEP][PASSED] - Statement - batch = new com.kms.katalon.core.testobject.TestObject(): null

2018-05-15 18:29:22 - [TEST_STEP][PASSED] - Statement - batch = com.kms.katalon.core.webui.keyword.WebUiBuiltInKeywords.modifyObjectProperty(batch, "xpath", "equals", "//*[@id = "txtbthqty" + row + ""]", true): Modify property of object successfully

2018-05-15 18:29:22 - [MESSAGE][PASSED] - Modify property of object successfully

2018-05-15 18:29:22 - [TEST_STEP][PASSED] - Statement - batchqty = com.kms.katalon.core.webui.keyword.WebUiBuiltInKeywords.getAttribute(batch, "value").trim(): Attribute 'value' of object '' is: '40000'

2018-05-15 18:29:22 - [MESSAGE][PASSED] - Attribute 'value' of object '' is: '40000'

2018-05-15 18:29:22 - [TEST_STEP][PASSED] - Statement - Rqty = 10000: null

2018-05-15 18:29:22 - [TEST_STEP][PASSED] - delay: Delayed 2 second(s)

2018-05-15 18:29:24 - [MESSAGE][PASSED] - Delayed 2 second(s)

2018-05-15 18:29:24 - [TEST_STEP][PASSED] - Statement - out.println("BatchQty : " + batchqty): null

2018-05-15 18:29:24 - [TEST_STEP][PASSED] - Statement - out.println("RQty : " + Rqty): null

2018-05-15 18:29:24 - [TEST_STEP][PASSED] - Statement - If (java.lang.Integer.valueOf(batchqty) >= java.lang.Integer.valueOf(Rqty)): null

2018-05-15 18:29:24 - [TEST_STEP][PASSED] - Statement - Break: null

2018-05-15 18:29:24 - [TEST_STEP][PASSED] - Statement - batchlength = new com.kms.katalon.core.testobject.TestObject(): null

2018-05-15 18:29:24 - [TEST_STEP][PASSED] - Statement - batchlength = com.kms.katalon.core.webui.keyword.WebUiBuiltInKeywords.modifyObjectProperty(batchlength, "xpath", "equals", "//*[@id = "fldvendor" + row + ""]", true): Modify property of object successfully

2018-05-15 18:29:24 - [MESSAGE][PASSED] - Modify property of object successfully

2018-05-15 18:29:24 - [TEST_STEP][PASSED] - Statement - batchsize = com.kms.katalon.core.webui.keyword.WebUiBuiltInKeywords.getNumberOfTotalOption(batchlength): 4 options of object '' counted

2018-05-15 18:29:24 - [MESSAGE][PASSED] - 4 options of object '' counted

2018-05-15 18:29:24 - [TEST_STEP][PASSED] - Statement - out.println("BatchSize : " + batchsize): null

2018-05-15 18:29:24 - [TEST_STEP][PASSED] - Statement - For ([n = 1, n <= batchsize - 1, (n++)]): null

2018-05-15 18:29:24 - [TEST_STEP][PASSED] - Statement - product = new com.kms.katalon.core.testobject.TestObject(): null

2018-05-15 18:29:24 - [TEST_STEP][PASSED] - Statement - product = com.kms.katalon.core.webui.keyword.WebUiBuiltInKeywords.modifyObjectProperty(product, "xpath", "equals", "//*[@id = "fldvendor" + row + ""]", true): Modify property of object successfully

2018-05-15 18:29:24 - [MESSAGE][PASSED] - Modify property of object successfully

2018-05-15 18:29:24 - [TEST_STEP][PASSED] - selectOptionByIndex: All options with index in [1] are selected on object ''

2018-05-15 18:29:24 - [MESSAGE][PASSED] - All options with index in [1] are selected on object ''

2018-05-15 18:29:24 - [TEST_STEP][PASSED] - Statement - batch = new com.kms.katalon.core.testobject.TestObject(): null

2018-05-15 18:29:24 - [TEST_STEP][PASSED] - Statement - batch = com.kms.katalon.core.webui.keyword.WebUiBuiltInKeywords.modifyObjectProperty(batch, "xpath", "equals", "//*[@id = "txtbthqty" + row + ""]", true): Modify property of object successfully

2018-05-15 18:29:24 - [MESSAGE][PASSED] - Modify property of object successfully

2018-05-15 18:29:24 - [TEST_STEP][PASSED] - Statement - batchqty = com.kms.katalon.core.webui.keyword.WebUiBuiltInKeywords.getAttribute(batch, "value").trim(): Attribute 'value' of object '' is: '4000'

2018-05-15 18:29:24 - [MESSAGE][PASSED] - Attribute 'value' of object '' is: '4000'

2018-05-15 18:29:24 - [TEST_STEP][PASSED] - Statement - Rqty = 10000: null

2018-05-15 18:29:24 - [TEST_STEP][PASSED] - delay: Delayed 2 second(s)

2018-05-15 18:29:26 - [MESSAGE][PASSED] - Delayed 2 second(s)

2018-05-15 18:29:26 - [TEST_STEP][PASSED] - Statement - out.println("BatchQty : " + batchqty): null

2018-05-15 18:29:26 - [TEST_STEP][PASSED] - Statement - out.println("RQty : " + Rqty): null

2018-05-15 18:29:26 - [TEST_STEP][PASSED] - Statement - If (java.lang.Integer.valueOf(batchqty) >= java.lang.Integer.valueOf(Rqty)): null

2018-05-15 18:29:26 - [TEST_STEP][PASSED] - Statement - Else: null

2018-05-15 18:29:26 - [TEST_STEP][PASSED] - Statement - out.println("Batchqty Is Less Than Rqty"): null

2018-05-15 18:29:26 - [TEST_STEP][PASSED] - Statement - product = new com.kms.katalon.core.testobject.TestObject(): null

2018-05-15 18:29:26 - [TEST_STEP][PASSED] - Statement - product = com.kms.katalon.core.webui.keyword.WebUiBuiltInKeywords.modifyObjectProperty(product, "xpath", "equals", "//*[@id = "fldvendor" + row + ""]", true): Modify property of object successfully

2018-05-15 18:29:26 - [MESSAGE][PASSED] - Modify property of object successfully

2018-05-15 18:29:26 - [TEST_STEP][PASSED] - selectOptionByIndex: All options with index in [2] are selected on object ''

2018-05-15 18:29:26 - [MESSAGE][PASSED] - All options with index in [2] are selected on object ''

2018-05-15 18:29:26 - [TEST_STEP][PASSED] - Statement - batch = new com.kms.katalon.core.testobject.TestObject(): null

2018-05-15 18:29:26 - [TEST_STEP][PASSED] - Statement - batch = com.kms.katalon.core.webui.keyword.WebUiBuiltInKeywords.modifyObjectProperty(batch, "xpath", "equals", "//*[@id = "txtbthqty" + row + ""]", true): Modify property of object successfully

2018-05-15 18:29:26 - [MESSAGE][PASSED] - Modify property of object successfully

2018-05-15 18:29:26 - [TEST_STEP][PASSED] - Statement - batchqty = com.kms.katalon.core.webui.keyword.WebUiBuiltInKeywords.getAttribute(batch, "value").trim(): Attribute 'value' of object '' is: '5000'

2018-05-15 18:29:26 - [MESSAGE][PASSED] - Attribute 'value' of object '' is: '5000'

2018-05-15 18:29:26 - [TEST_STEP][PASSED] - Statement - Rqty = 10000: null

2018-05-15 18:29:26 - [TEST_STEP][PASSED] - delay: Delayed 2 second(s)

2018-05-15 18:29:28 - [MESSAGE][PASSED] - Delayed 2 second(s)

2018-05-15 18:29:28 - [TEST_STEP][PASSED] - Statement - out.println("BatchQty : " + batchqty): null

2018-05-15 18:29:28 - [TEST_STEP][PASSED] - Statement - out.println("RQty : " + Rqty): null

2018-05-15 18:29:28 - [TEST_STEP][PASSED] - Statement - If (java.lang.Integer.valueOf(batchqty) >= java.lang.Integer.valueOf(Rqty)): null

2018-05-15 18:29:28 - [TEST_STEP][PASSED] - Statement - Else: null

2018-05-15 18:29:28 - [TEST_STEP][PASSED] - Statement - out.println("Batchqty Is Less Than Rqty"): null

2018-05-15 18:29:28 - [TEST_STEP][PASSED] - Statement - product = new com.kms.katalon.core.testobject.TestObject(): null

2018-05-15 18:29:28 - [TEST_STEP][PASSED] - Statement - product = com.kms.katalon.core.webui.keyword.WebUiBuiltInKeywords.modifyObjectProperty(product, "xpath", "equals", "//*[@id = "fldvendor" + row + ""]", true): Modify property of object successfully

2018-05-15 18:29:28 - [MESSAGE][PASSED] - Modify property of object successfully

2018-05-15 18:29:28 - [TEST_STEP][PASSED] - selectOptionByIndex: All options with index in [3] are selected on object ''

2018-05-15 18:29:29 - [MESSAGE][PASSED] - All options with index in [3] are selected on object ''

2018-05-15 18:29:29 - [TEST_STEP][PASSED] - Statement - batch = new com.kms.katalon.core.testobject.TestObject(): null

2018-05-15 18:29:29 - [TEST_STEP][PASSED] - Statement - batch = com.kms.katalon.core.webui.keyword.WebUiBuiltInKeywords.modifyObjectProperty(batch, "xpath", "equals", "//*[@id = "txtbthqty" + row + ""]", true): Modify property of object successfully

2018-05-15 18:29:29 - [MESSAGE][PASSED] - Modify property of object successfully

2018-05-15 18:29:29 - [TEST_STEP][PASSED] - Statement - batchqty = com.kms.katalon.core.webui.keyword.WebUiBuiltInKeywords.getAttribute(batch, "value").trim(): Attribute 'value' of object '' is: '40000'

2018-05-15 18:29:29 - [MESSAGE][PASSED] - Attribute 'value' of object '' is: '40000'

2018-05-15 18:29:29 - [TEST_STEP][PASSED] - Statement - Rqty = 10000: null

2018-05-15 18:29:29 - [TEST_STEP][PASSED] - delay: Delayed 2 second(s)

2018-05-15 18:29:31 - [MESSAGE][PASSED] - Delayed 2 second(s)

2018-05-15 18:29:31 - [TEST_STEP][PASSED] - Statement - out.println("BatchQty : " + batchqty): null

2018-05-15 18:29:31 - [TEST_STEP][PASSED] - Statement - out.println("RQty : " + Rqty): null

2018-05-15 18:29:31 - [TEST_STEP][PASSED] - Statement - If (java.lang.Integer.valueOf(batchqty) >= java.lang.Integer.valueOf(Rqty)): null

2018-05-15 18:29:31 - [TEST_STEP][PASSED] - Statement - Break: null

2018-05-15 18:29:31 - [TEST_STEP][PASSED] - Statement - batchlength = new com.kms.katalon.core.testobject.TestObject(): null

2018-05-15 18:29:31 - [TEST_STEP][PASSED] - Statement - batchlength = com.kms.katalon.core.webui.keyword.WebUiBuiltInKeywords.modifyObjectProperty(batchlength, "xpath", "equals", "//*[@id = "fldvendor" + row + ""]", true): Modify property of object successfully

2018-05-15 18:29:31 - [MESSAGE][PASSED] - Modify property of object successfully

2018-05-15 18:29:31 - [TEST_STEP][PASSED] - Statement - batchsize = com.kms.katalon.core.webui.keyword.WebUiBuiltInKeywords.getNumberOfTotalOption(batchlength): 4 options of object '' counted

2018-05-15 18:29:31 - [MESSAGE][PASSED] - 4 options of object '' counted

2018-05-15 18:29:31 - [TEST_STEP][PASSED] - Statement - out.println("BatchSize : " + batchsize): null

2018-05-15 18:29:31 - [TEST_STEP][PASSED] - Statement - For ([n = 1, n <= batchsize - 1, (n++)]): null

2018-05-15 18:29:31 - [TEST_STEP][PASSED] - Statement - product = new com.kms.katalon.core.testobject.TestObject(): null

2018-05-15 18:29:31 - [TEST_STEP][PASSED] - Statement - product = com.kms.katalon.core.webui.keyword.WebUiBuiltInKeywords.modifyObjectProperty(product, "xpath", "equals", "//*[@id = "fldvendor" + row + ""]", true): Modify property of object successfully

2018-05-15 18:29:31 - [MESSAGE][PASSED] - Modify property of object successfully

2018-05-15 18:29:31 - [TEST_STEP][PASSED] - selectOptionByIndex: All options with index in [1] are selected on object ''

2018-05-15 18:29:31 - [MESSAGE][PASSED] - All options with index in [1] are selected on object ''

2018-05-15 18:29:31 - [TEST_STEP][PASSED] - Statement - batch = new com.kms.katalon.core.testobject.TestObject(): null

2018-05-15 18:29:31 - [TEST_STEP][PASSED] - Statement - batch = com.kms.katalon.core.webui.keyword.WebUiBuiltInKeywords.modifyObjectProperty(batch, "xpath", "equals", "//*[@id = "txtbthqty" + row + ""]", true): Modify property of object successfully

2018-05-15 18:29:31 - [MESSAGE][PASSED] - Modify property of object successfully

2018-05-15 18:29:31 - [TEST_STEP][PASSED] - Statement - batchqty = com.kms.katalon.core.webui.keyword.WebUiBuiltInKeywords.getAttribute(batch, "value").trim(): Attribute 'value' of object '' is: '39000'

2018-05-15 18:29:31 - [MESSAGE][PASSED] - Attribute 'value' of object '' is: '39000'

2018-05-15 18:29:31 - [TEST_STEP][PASSED] - Statement - Rqty = 10000: null

2018-05-15 18:29:31 - [TEST_STEP][PASSED] - delay: Delayed 2 second(s)

2018-05-15 18:29:33 - [MESSAGE][PASSED] - Delayed 2 second(s)

2018-05-15 18:29:33 - [TEST_STEP][PASSED] - Statement - out.println("BatchQty : " + batchqty): null

2018-05-15 18:29:33 - [TEST_STEP][PASSED] - Statement - out.println("RQty : " + Rqty): null

2018-05-15 18:29:33 - [TEST_STEP][PASSED] - Statement - If (java.lang.Integer.valueOf(batchqty) >= java.lang.Integer.valueOf(Rqty)): null

2018-05-15 18:29:33 - [TEST_STEP][PASSED] - Statement - Break: null

2018-05-15 18:29:33 - [TEST_STEP][PASSED] - Statement - batchlength = new com.kms.katalon.core.testobject.TestObject(): null

2018-05-15 18:29:33 - [TEST_STEP][PASSED] - Statement - batchlength = com.kms.katalon.core.webui.keyword.WebUiBuiltInKeywords.modifyObjectProperty(batchlength, "xpath", "equals", "//*[@id = "fldvendor" + row + ""]", true): Modify property of object successfully

2018-05-15 18:29:33 - [MESSAGE][PASSED] - Modify property of object successfully

2018-05-15 18:29:33 - [TEST_STEP][PASSED] - Statement - batchsize = com.kms.katalon.core.webui.keyword.WebUiBuiltInKeywords.getNumberOfTotalOption(batchlength): 4 options of object '' counted

2018-05-15 18:29:33 - [MESSAGE][PASSED] - 4 options of object '' counted

2018-05-15 18:29:33 - [TEST_STEP][PASSED] - Statement - out.println("BatchSize : " + batchsize): null

2018-05-15 18:29:33 - [TEST_STEP][PASSED] - Statement - For ([n = 1, n <= batchsize - 1, (n++)]): null

2018-05-15 18:29:33 - [TEST_STEP][PASSED] - Statement - product = new com.kms.katalon.core.testobject.TestObject(): null

2018-05-15 18:29:33 - [TEST_STEP][PASSED] - Statement - product = com.kms.katalon.core.webui.keyword.WebUiBuiltInKeywords.modifyObjectProperty(product, "xpath", "equals", "//*[@id = "fldvendor" + row + ""]", true): Modify property of object successfully

2018-05-15 18:29:33 - [MESSAGE][PASSED] - Modify property of object successfully

2018-05-15 18:29:33 - [TEST_STEP][PASSED] - selectOptionByIndex: All options with index in [1] are selected on object ''

2018-05-15 18:29:33 - [MESSAGE][PASSED] - All options with index in [1] are selected on object ''

2018-05-15 18:29:33 - [TEST_STEP][PASSED] - Statement - batch = new com.kms.katalon.core.testobject.TestObject(): null

2018-05-15 18:29:33 - [TEST_STEP][PASSED] - Statement - batch = com.kms.katalon.core.webui.keyword.WebUiBuiltInKeywords.modifyObjectProperty(batch, "xpath", "equals", "//*[@id = "txtbthqty" + row + ""]", true): Modify property of object successfully

2018-05-15 18:29:33 - [MESSAGE][PASSED] - Modify property of object successfully

2018-05-15 18:29:33 - [TEST_STEP][PASSED] - Statement - batchqty = com.kms.katalon.core.webui.keyword.WebUiBuiltInKeywords.getAttribute(batch, "value").trim(): Attribute 'value' of object '' is: '4000'

2018-05-15 18:29:33 - [MESSAGE][PASSED] - Attribute 'value' of object '' is: '4000'

2018-05-15 18:29:33 - [TEST_STEP][PASSED] - Statement - Rqty = 10000: null

2018-05-15 18:29:33 - [TEST_STEP][PASSED] - delay: Delayed 2 second(s)

2018-05-15 18:29:35 - [MESSAGE][PASSED] - Delayed 2 second(s)

2018-05-15 18:29:35 - [TEST_STEP][PASSED] - Statement - out.println("BatchQty : " + batchqty): null

2018-05-15 18:29:35 - [TEST_STEP][PASSED] - Statement - out.println("RQty : " + Rqty): null

2018-05-15 18:29:35 - [TEST_STEP][PASSED] - Statement - If (java.lang.Integer.valueOf(batchqty) >= java.lang.Integer.valueOf(Rqty)): null

2018-05-15 18:29:35 - [TEST_STEP][PASSED] - Statement - Else: null

2018-05-15 18:29:35 - [TEST_STEP][PASSED] - Statement - out.println("Batchqty Is Less Than Rqty"): null

2018-05-15 18:29:35 - [TEST_STEP][PASSED] - Statement - product = new com.kms.katalon.core.testobject.TestObject(): null

2018-05-15 18:29:35 - [TEST_STEP][PASSED] - Statement - product = com.kms.katalon.core.webui.keyword.WebUiBuiltInKeywords.modifyObjectProperty(product, "xpath", "equals", "//*[@id = "fldvendor" + row + ""]", true): Modify property of object successfully

2018-05-15 18:29:35 - [MESSAGE][PASSED] - Modify property of object successfully

2018-05-15 18:29:35 - [TEST_STEP][PASSED] - selectOptionByIndex: All options with index in [2] are selected on object ''

2018-05-15 18:29:35 - [MESSAGE][PASSED] - All options with index in [2] are selected on object ''

2018-05-15 18:29:35 - [TEST_STEP][PASSED] - Statement - batch = new com.kms.katalon.core.testobject.TestObject(): null

2018-05-15 18:29:35 - [TEST_STEP][PASSED] - Statement - batch = com.kms.katalon.core.webui.keyword.WebUiBuiltInKeywords.modifyObjectProperty(batch, "xpath", "equals", "//*[@id = "txtbthqty" + row + ""]", true): Modify property of object successfully

2018-05-15 18:29:35 - [MESSAGE][PASSED] - Modify property of object successfully

2018-05-15 18:29:35 - [TEST_STEP][PASSED] - Statement - batchqty = com.kms.katalon.core.webui.keyword.WebUiBuiltInKeywords.getAttribute(batch, "value").trim(): Attribute 'value' of object '' is: '5000'

2018-05-15 18:29:35 - [MESSAGE][PASSED] - Attribute 'value' of object '' is: '5000'

2018-05-15 18:29:35 - [TEST_STEP][PASSED] - Statement - Rqty = 10000: null

2018-05-15 18:29:35 - [TEST_STEP][PASSED] - delay: Delayed 2 second(s)

2018-05-15 18:29:37 - [MESSAGE][PASSED] - Delayed 2 second(s)

2018-05-15 18:29:37 - [TEST_STEP][PASSED] - Statement - out.println("BatchQty : " + batchqty): null

2018-05-15 18:29:37 - [TEST_STEP][PASSED] - Statement - out.println("RQty : " + Rqty): null

2018-05-15 18:29:37 - [TEST_STEP][PASSED] - Statement - If (java.lang.Integer.valueOf(batchqty) >= java.lang.Integer.valueOf(Rqty)): null

2018-05-15 18:29:37 - [TEST_STEP][PASSED] - Statement - Else: null

2018-05-15 18:29:37 - [TEST_STEP][PASSED] - Statement - out.println("Batchqty Is Less Than Rqty"): null

2018-05-15 18:29:37 - [TEST_STEP][PASSED] - Statement - product = new com.kms.katalon.core.testobject.TestObject(): null

2018-05-15 18:29:37 - [TEST_STEP][PASSED] - Statement - product = com.kms.katalon.core.webui.keyword.WebUiBuiltInKeywords.modifyObjectProperty(product, "xpath", "equals", "//*[@id = "fldvendor" + row + ""]", true): Modify property of object successfully

2018-05-15 18:29:37 - [MESSAGE][PASSED] - Modify property of object successfully

2018-05-15 18:29:37 - [TEST_STEP][PASSED] - selectOptionByIndex: All options with index in [3] are selected on object ''

2018-05-15 18:29:38 - [MESSAGE][PASSED] - All options with index in [3] are selected on object ''

2018-05-15 18:29:38 - [TEST_STEP][PASSED] - Statement - batch = new com.kms.katalon.core.testobject.TestObject(): null

2018-05-15 18:29:38 - [TEST_STEP][PASSED] - Statement - batch = com.kms.katalon.core.webui.keyword.WebUiBuiltInKeywords.modifyObjectProperty(batch, "xpath", "equals", "//*[@id = "txtbthqty" + row + ""]", true): Modify property of object successfully

2018-05-15 18:29:38 - [MESSAGE][PASSED] - Modify property of object successfully

2018-05-15 18:29:38 - [TEST_STEP][PASSED] - Statement - batchqty = com.kms.katalon.core.webui.keyword.WebUiBuiltInKeywords.getAttribute(batch, "value").trim(): Attribute 'value' of object '' is: '40000'

2018-05-15 18:29:38 - [MESSAGE][PASSED] - Attribute 'value' of object '' is: '40000'

2018-05-15 18:29:38 - [TEST_STEP][PASSED] - Statement - Rqty = 10000: null

2018-05-15 18:29:38 - [TEST_STEP][PASSED] - delay: Delayed 2 second(s)

2018-05-15 18:29:40 - [MESSAGE][PASSED] - Delayed 2 second(s)

2018-05-15 18:29:40 - [TEST_STEP][PASSED] - Statement - out.println("BatchQty : " + batchqty): null

2018-05-15 18:29:40 - [TEST_STEP][PASSED] - Statement - out.println("RQty : " + Rqty): null

2018-05-15 18:29:40 - [TEST_STEP][PASSED] - Statement - If (java.lang.Integer.valueOf(batchqty) >= java.lang.Integer.valueOf(Rqty)): null

2018-05-15 18:29:40 - [TEST_STEP][PASSED] - Statement - Break: null

2018-05-15 18:29:40 - [TEST_STEP][PASSED] - Statement - batchlength = new com.kms.katalon.core.testobject.TestObject(): null

2018-05-15 18:29:40 - [TEST_STEP][PASSED] - Statement - batchlength = com.kms.katalon.core.webui.keyword.WebUiBuiltInKeywords.modifyObjectProperty(batchlength, "xpath", "equals", "//*[@id = "fldvendor" + row + ""]", true): Modify property of object successfully

2018-05-15 18:29:40 - [MESSAGE][PASSED] - Modify property of object successfully

2018-05-15 18:29:40 - [TEST_STEP][PASSED] - Statement - batchsize = com.kms.katalon.core.webui.keyword.WebUiBuiltInKeywords.getNumberOfTotalOption(batchlength): 4 options of object '' counted

2018-05-15 18:29:40 - [MESSAGE][PASSED] - 4 options of object '' counted

2018-05-15 18:29:40 - [TEST_STEP][PASSED] - Statement - out.println("BatchSize : " + batchsize): null

2018-05-15 18:29:40 - [TEST_STEP][PASSED] - Statement - For ([n = 1, n <= batchsize - 1, (n++)]): null

2018-05-15 18:29:40 - [TEST_STEP][PASSED] - Statement - product = new com.kms.katalon.core.testobject.TestObject(): null

2018-05-15 18:29:40 - [TEST_STEP][PASSED] - Statement - product = com.kms.katalon.core.webui.keyword.WebUiBuiltInKeywords.modifyObjectProperty(product, "xpath", "equals", "//*[@id = "fldvendor" + row + ""]", true): Modify property of object successfully

2018-05-15 18:29:40 - [MESSAGE][PASSED] - Modify property of object successfully

2018-05-15 18:29:40 - [TEST_STEP][PASSED] - selectOptionByIndex: All options with index in [1] are selected on object ''

2018-05-15 18:29:40 - [MESSAGE][PASSED] - All options with index in [1] are selected on object ''

2018-05-15 18:29:40 - [TEST_STEP][PASSED] - Statement - batch = new com.kms.katalon.core.testobject.TestObject(): null

2018-05-15 18:29:40 - [TEST_STEP][PASSED] - Statement - batch = com.kms.katalon.core.webui.keyword.WebUiBuiltInKeywords.modifyObjectProperty(batch, "xpath", "equals", "//*[@id = "txtbthqty" + row + ""]", true): Modify property of object successfully

2018-05-15 18:29:40 - [MESSAGE][PASSED] - Modify property of object successfully

2018-05-15 18:29:40 - [TEST_STEP][PASSED] - Statement - batchqty = com.kms.katalon.core.webui.keyword.WebUiBuiltInKeywords.getAttribute(batch, "value").trim(): Attribute 'value' of object '' is: '4000'

2018-05-15 18:29:40 - [MESSAGE][PASSED] - Attribute 'value' of object '' is: '4000'

2018-05-15 18:29:40 - [TEST_STEP][PASSED] - Statement - Rqty = 10000: null

2018-05-15 18:29:40 - [TEST_STEP][PASSED] - delay: Delayed 2 second(s)

2018-05-15 18:29:42 - [MESSAGE][PASSED] - Delayed 2 second(s)

2018-05-15 18:29:42 - [TEST_STEP][PASSED] - Statement - out.println("BatchQty : " + batchqty): null

2018-05-15 18:29:42 - [TEST_STEP][PASSED] - Statement - out.println("RQty : " + Rqty): null

2018-05-15 18:29:42 - [TEST_STEP][PASSED] - Statement - If (java.lang.Integer.valueOf(batchqty) >= java.lang.Integer.valueOf(Rqty)): null

2018-05-15 18:29:42 - [TEST_STEP][PASSED] - Statement - Else: null

2018-05-15 18:29:42 - [TEST_STEP][PASSED] - Statement - out.println("Batchqty Is Less Than Rqty"): null

2018-05-15 18:29:42 - [TEST_STEP][PASSED] - Statement - product = new com.kms.katalon.core.testobject.TestObject(): null

2018-05-15 18:29:42 - [TEST_STEP][PASSED] - Statement - product = com.kms.katalon.core.webui.keyword.WebUiBuiltInKeywords.modifyObjectProperty(product, "xpath", "equals", "//*[@id = "fldvendor" + row + ""]", true): Modify property of object successfully

2018-05-15 18:29:42 - [MESSAGE][PASSED] - Modify property of object successfully

2018-05-15 18:29:42 - [TEST_STEP][PASSED] - selectOptionByIndex: All options with index in [2] are selected on object ''

2018-05-15 18:29:42 - [MESSAGE][PASSED] - All options with index in [2] are selected on object ''

2018-05-15 18:29:42 - [TEST_STEP][PASSED] - Statement - batch = new com.kms.katalon.core.testobject.TestObject(): null

2018-05-15 18:29:42 - [TEST_STEP][PASSED] - Statement - batch = com.kms.katalon.core.webui.keyword.WebUiBuiltInKeywords.modifyObjectProperty(batch, "xpath", "equals", "//*[@id = "txtbthqty" + row + ""]", true): Modify property of object successfully

2018-05-15 18:29:42 - [MESSAGE][PASSED] - Modify property of object successfully

2018-05-15 18:29:42 - [TEST_STEP][PASSED] - Statement - batchqty = com.kms.katalon.core.webui.keyword.WebUiBuiltInKeywords.getAttribute(batch, "value").trim(): Attribute 'value' of object '' is: '5000'

2018-05-15 18:29:42 - [MESSAGE][PASSED] - Attribute 'value' of object '' is: '5000'

2018-05-15 18:29:42 - [TEST_STEP][PASSED] - Statement - Rqty = 10000: null

2018-05-15 18:29:42 - [TEST_STEP][PASSED] - delay: Delayed 2 second(s)

2018-05-15 18:29:44 - [MESSAGE][PASSED] - Delayed 2 second(s)

2018-05-15 18:29:44 - [TEST_STEP][PASSED] - Statement - out.println("BatchQty : " + batchqty): null

2018-05-15 18:29:44 - [TEST_STEP][PASSED] - Statement - out.println("RQty : " + Rqty): null

2018-05-15 18:29:44 - [TEST_STEP][PASSED] - Statement - If (java.lang.Integer.valueOf(batchqty) >= java.lang.Integer.valueOf(Rqty)): null

2018-05-15 18:29:44 - [TEST_STEP][PASSED] - Statement - Else: null

2018-05-15 18:29:44 - [TEST_STEP][PASSED] - Statement - out.println("Batchqty Is Less Than Rqty"): null

2018-05-15 18:29:44 - [TEST_STEP][PASSED] - Statement - product = new com.kms.katalon.core.testobject.TestObject(): null

2018-05-15 18:29:44 - [TEST_STEP][PASSED] - Statement - product = com.kms.katalon.core.webui.keyword.WebUiBuiltInKeywords.modifyObjectProperty(product, "xpath", "equals", "//*[@id = "fldvendor" + row + ""]", true): Modify property of object successfully

2018-05-15 18:29:44 - [MESSAGE][PASSED] - Modify property of object successfully

2018-05-15 18:29:44 - [TEST_STEP][PASSED] - selectOptionByIndex: All options with index in [3] are selected on object ''

2018-05-15 18:29:44 - [MESSAGE][PASSED] - All options with index in [3] are selected on object ''

2018-05-15 18:29:44 - [TEST_STEP][PASSED] - Statement - batch = new com.kms.katalon.core.testobject.TestObject(): null

2018-05-15 18:29:44 - [TEST_STEP][PASSED] - Statement - batch = com.kms.katalon.core.webui.keyword.WebUiBuiltInKeywords.modifyObjectProperty(batch, "xpath", "equals", "//*[@id = "txtbthqty" + row + ""]", true): Modify property of object successfully

2018-05-15 18:29:44 - [MESSAGE][PASSED] - Modify property of object successfully

2018-05-15 18:29:44 - [TEST_STEP][PASSED] - Statement - batchqty = com.kms.katalon.core.webui.keyword.WebUiBuiltInKeywords.getAttribute(batch, "value").trim(): Attribute 'value' of object '' is: '40000'

2018-05-15 18:29:44 - [MESSAGE][PASSED] - Attribute 'value' of object '' is: '40000'

2018-05-15 18:29:44 - [TEST_STEP][PASSED] - Statement - Rqty = 10000: null

2018-05-15 18:29:44 - [TEST_STEP][PASSED] - delay: Delayed 2 second(s)

2018-05-15 18:29:46 - [MESSAGE][PASSED] - Delayed 2 second(s)

2018-05-15 18:29:46 - [TEST_STEP][PASSED] - Statement - out.println("BatchQty : " + batchqty): null

2018-05-15 18:29:46 - [TEST_STEP][PASSED] - Statement - out.println("RQty : " + Rqty): null

2018-05-15 18:29:46 - [TEST_STEP][PASSED] - Statement - If (java.lang.Integer.valueOf(batchqty) >= java.lang.Integer.valueOf(Rqty)): null

2018-05-15 18:29:46 - [TEST_STEP][PASSED] - Statement - Break: null

2018-05-15 18:29:46 - [TEST_STEP][PASSED] - Statement - batchlength = new com.kms.katalon.core.testobject.TestObject(): null

2018-05-15 18:29:46 - [TEST_STEP][PASSED] - Statement - batchlength = com.kms.katalon.core.webui.keyword.WebUiBuiltInKeywords.modifyObjectProperty(batchlength, "xpath", "equals", "//*[@id = "fldvendor" + row + ""]", true): Modify property of object successfully

2018-05-15 18:29:46 - [MESSAGE][PASSED] - Modify property of object successfully

2018-05-15 18:29:46 - [TEST_STEP][PASSED] - Statement - batchsize = com.kms.katalon.core.webui.keyword.WebUiBuiltInKeywords.getNumberOfTotalOption(batchlength): 4 options of object '' counted

2018-05-15 18:29:46 - [MESSAGE][PASSED] - 4 options of object '' counted

2018-05-15 18:29:46 - [TEST_STEP][PASSED] - Statement - out.println("BatchSize : " + batchsize): null

2018-05-15 18:29:46 - [TEST_STEP][PASSED] - Statement - For ([n = 1, n <= batchsize - 1, (n++)]): null

2018-05-15 18:29:46 - [TEST_STEP][PASSED] - Statement - product = new com.kms.katalon.core.testobject.TestObject(): null

2018-05-15 18:29:46 - [TEST_STEP][PASSED] - Statement - product = com.kms.katalon.core.webui.keyword.WebUiBuiltInKeywords.modifyObjectProperty(product, "xpath", "equals", "//*[@id = "fldvendor" + row + ""]", true): Modify property of object successfully

2018-05-15 18:29:46 - [MESSAGE][PASSED] - Modify property of object successfully

2018-05-15 18:29:46 - [TEST_STEP][PASSED] - selectOptionByIndex: All options with index in [1] are selected on object ''

2018-05-15 18:29:47 - [MESSAGE][PASSED] - All options with index in [1] are selected on object ''

2018-05-15 18:29:47 - [TEST_STEP][PASSED] - Statement - batch = new com.kms.katalon.core.testobject.TestObject(): null

2018-05-15 18:29:47 - [TEST_STEP][PASSED] - Statement - batch = com.kms.katalon.core.webui.keyword.WebUiBuiltInKeywords.modifyObjectProperty(batch, "xpath", "equals", "//*[@id = "txtbthqty" + row + ""]", true): Modify property of object successfully

2018-05-15 18:29:47 - [MESSAGE][PASSED] - Modify property of object successfully

2018-05-15 18:29:47 - [TEST_STEP][PASSED] - Statement - batchqty = com.kms.katalon.core.webui.keyword.WebUiBuiltInKeywords.getAttribute(batch, "value").trim(): Attribute 'value' of object '' is: '39000'

2018-05-15 18:29:47 - [MESSAGE][PASSED] - Attribute 'value' of object '' is: '39000'

2018-05-15 18:29:47 - [TEST_STEP][PASSED] - Statement - Rqty = 10000: null

2018-05-15 18:29:47 - [TEST_STEP][PASSED] - delay: Delayed 2 second(s)

2018-05-15 18:29:49 - [MESSAGE][PASSED] - Delayed 2 second(s)

2018-05-15 18:29:49 - [TEST_STEP][PASSED] - Statement - out.println("BatchQty : " + batchqty): null

2018-05-15 18:29:49 - [TEST_STEP][PASSED] - Statement - out.println("RQty : " + Rqty): null

2018-05-15 18:29:49 - [TEST_STEP][PASSED] - Statement - If (java.lang.Integer.valueOf(batchqty) >= java.lang.Integer.valueOf(Rqty)): null

2018-05-15 18:29:49 - [TEST_STEP][PASSED] - Statement - Break: null

2018-05-15 18:29:49 - [TEST_STEP][PASSED] - Statement - batchlength = new com.kms.katalon.core.testobject.TestObject(): null

2018-05-15 18:29:49 - [TEST_STEP][PASSED] - Statement - batchlength = com.kms.katalon.core.webui.keyword.WebUiBuiltInKeywords.modifyObjectProperty(batchlength, "xpath", "equals", "//*[@id = "fldvendor" + row + ""]", true): Modify property of object successfully

2018-05-15 18:29:49 - [MESSAGE][PASSED] - Modify property of object successfully

2018-05-15 18:29:49 - [TEST_STEP][PASSED] - Statement - batchsize = com.kms.katalon.core.webui.keyword.WebUiBuiltInKeywords.getNumberOfTotalOption(batchlength): 4 options of object '' counted

2018-05-15 18:29:49 - [MESSAGE][PASSED] - 4 options of object '' counted

2018-05-15 18:29:49 - [TEST_STEP][PASSED] - Statement - out.println("BatchSize : " + batchsize): null

2018-05-15 18:29:49 - [TEST_STEP][PASSED] - Statement - For ([n = 1, n <= batchsize - 1, (n++)]): null

2018-05-15 18:29:49 - [TEST_STEP][PASSED] - Statement - product = new com.kms.katalon.core.testobject.TestObject(): null

2018-05-15 18:29:49 - [TEST_STEP][PASSED] - Statement - product = com.kms.katalon.core.webui.keyword.WebUiBuiltInKeywords.modifyObjectProperty(product, "xpath", "equals", "//*[@id = "fldvendor" + row + ""]", true): Modify property of object successfully

2018-05-15 18:29:49 - [MESSAGE][PASSED] - Modify property of object successfully

2018-05-15 18:29:49 - [TEST_STEP][PASSED] - selectOptionByIndex: All options with index in [1] are selected on object ''

2018-05-15 18:29:49 - [MESSAGE][PASSED] - All options with index in [1] are selected on object ''

2018-05-15 18:29:49 - [TEST_STEP][PASSED] - Statement - batch = new com.kms.katalon.core.testobject.TestObject(): null

2018-05-15 18:29:49 - [TEST_STEP][PASSED] - Statement - batch = com.kms.katalon.core.webui.keyword.WebUiBuiltInKeywords.modifyObjectProperty(batch, "xpath", "equals", "//*[@id = "txtbthqty" + row + ""]", true): Modify property of object successfully

2018-05-15 18:29:49 - [MESSAGE][PASSED] - Modify property of object successfully

2018-05-15 18:29:49 - [TEST_STEP][PASSED] - Statement - batchqty = com.kms.katalon.core.webui.keyword.WebUiBuiltInKeywords.getAttribute(batch, "value").trim(): Attribute 'value' of object '' is: '4000'

2018-05-15 18:29:49 - [MESSAGE][PASSED] - Attribute 'value' of object '' is: '4000'

2018-05-15 18:29:49 - [TEST_STEP][PASSED] - Statement - Rqty = 10000: null

2018-05-15 18:29:49 - [TEST_STEP][PASSED] - delay: Delayed 2 second(s)

2018-05-15 18:29:51 - [MESSAGE][PASSED] - Delayed 2 second(s)

2018-05-15 18:29:51 - [TEST_STEP][PASSED] - Statement - out.println("BatchQty : " + batchqty): null

2018-05-15 18:29:51 - [TEST_STEP][PASSED] - Statement - out.println("RQty : " + Rqty): null

2018-05-15 18:29:51 - [TEST_STEP][PASSED] - Statement - If (java.lang.Integer.valueOf(batchqty) >= java.lang.Integer.valueOf(Rqty)): null

2018-05-15 18:29:51 - [TEST_STEP][PASSED] - Statement - Else: null

2018-05-15 18:29:51 - [TEST_STEP][PASSED] - Statement - out.println("Batchqty Is Less Than Rqty"): null

2018-05-15 18:29:51 - [TEST_STEP][PASSED] - Statement - product = new com.kms.katalon.core.testobject.TestObject(): null

2018-05-15 18:29:51 - [TEST_STEP][PASSED] - Statement - product = com.kms.katalon.core.webui.keyword.WebUiBuiltInKeywords.modifyObjectProperty(product, "xpath", "equals", "//*[@id = "fldvendor" + row + ""]", true): Modify property of object successfully

2018-05-15 18:29:51 - [MESSAGE][PASSED] - Modify property of object successfully

2018-05-15 18:29:51 - [TEST_STEP][PASSED] - selectOptionByIndex: All options with index in [2] are selected on object ''

2018-05-15 18:29:51 - [MESSAGE][PASSED] - All options with index in [2] are selected on object ''

2018-05-15 18:29:51 - [TEST_STEP][PASSED] - Statement - batch = new com.kms.katalon.core.testobject.TestObject(): null

2018-05-15 18:29:51 - [TEST_STEP][PASSED] - Statement - batch = com.kms.katalon.core.webui.keyword.WebUiBuiltInKeywords.modifyObjectProperty(batch, "xpath", "equals", "//*[@id = "txtbthqty" + row + ""]", true): Modify property of object successfully

2018-05-15 18:29:51 - [MESSAGE][PASSED] - Modify property of object successfully

2018-05-15 18:29:51 - [TEST_STEP][PASSED] - Statement - batchqty = com.kms.katalon.core.webui.keyword.WebUiBuiltInKeywords.getAttribute(batch, "value").trim(): Attribute 'value' of object '' is: '40000'

2018-05-15 18:29:51 - [MESSAGE][PASSED] - Attribute 'value' of object '' is: '40000'

2018-05-15 18:29:51 - [TEST_STEP][PASSED] - Statement - Rqty = 10000: null

2018-05-15 18:29:51 - [TEST_STEP][PASSED] - delay: Delayed 2 second(s)

2018-05-15 18:29:53 - [MESSAGE][PASSED] - Delayed 2 second(s)

2018-05-15 18:29:53 - [TEST_STEP][PASSED] - Statement - out.println("BatchQty : " + batchqty): null

2018-05-15 18:29:53 - [TEST_STEP][PASSED] - Statement - out.println("RQty : " + Rqty): null

2018-05-15 18:29:53 - [TEST_STEP][PASSED] - Statement - If (java.lang.Integer.valueOf(batchqty) >= java.lang.Integer.valueOf(Rqty)): null

2018-05-15 18:29:53 - [TEST_STEP][PASSED] - Statement - Break: null

2018-05-15 18:29:53 - [TEST_STEP][PASSED] - Statement - batchlength = new com.kms.katalon.core.testobject.TestObject(): null

2018-05-15 18:29:53 - [TEST_STEP][PASSED] - Statement - batchlength = com.kms.katalon.core.webui.keyword.WebUiBuiltInKeywords.modifyObjectProperty(batchlength, "xpath", "equals", "//*[@id = "fldvendor" + row + ""]", true): Modify property of object successfully

2018-05-15 18:29:53 - [MESSAGE][PASSED] - Modify property of object successfully

2018-05-15 18:29:53 - [TEST_STEP][PASSED] - Statement - batchsize = com.kms.katalon.core.webui.keyword.WebUiBuiltInKeywords.getNumberOfTotalOption(batchlength): 4 options of object '' counted

2018-05-15 18:29:53 - [MESSAGE][PASSED] - 4 options of object '' counted

2018-05-15 18:29:53 - [TEST_STEP][PASSED] - Statement - out.println("BatchSize : " + batchsize): null

2018-05-15 18:29:53 - [TEST_STEP][PASSED] - Statement - For ([n = 1, n <= batchsize - 1, (n++)]): null

2018-05-15 18:29:53 - [TEST_STEP][PASSED] - Statement - product = new com.kms.katalon.core.testobject.TestObject(): null

2018-05-15 18:29:53 - [TEST_STEP][PASSED] - Statement - product = com.kms.katalon.core.webui.keyword.WebUiBuiltInKeywords.modifyObjectProperty(product, "xpath", "equals", "//*[@id = "fldvendor" + row + ""]", true): Modify property of object successfully

2018-05-15 18:29:53 - [MESSAGE][PASSED] - Modify property of object successfully

2018-05-15 18:29:53 - [TEST_STEP][PASSED] - selectOptionByIndex: All options with index in [1] are selected on object ''

2018-05-15 18:29:53 - [MESSAGE][PASSED] - All options with index in [1] are selected on object ''

2018-05-15 18:29:53 - [TEST_STEP][PASSED] - Statement - batch = new com.kms.katalon.core.testobject.TestObject(): null

2018-05-15 18:29:53 - [TEST_STEP][PASSED] - Statement - batch = com.kms.katalon.core.webui.keyword.WebUiBuiltInKeywords.modifyObjectProperty(batch, "xpath", "equals", "//*[@id = "txtbthqty" + row + ""]", true): Modify property of object successfully

2018-05-15 18:29:53 - [MESSAGE][PASSED] - Modify property of object successfully

2018-05-15 18:29:53 - [TEST_STEP][PASSED] - Statement - batchqty = com.kms.katalon.core.webui.keyword.WebUiBuiltInKeywords.getAttribute(batch, "value").trim(): Attribute 'value' of object '' is: '39000'

2018-05-15 18:29:53 - [MESSAGE][PASSED] - Attribute 'value' of object '' is: '39000'

2018-05-15 18:29:53 - [TEST_STEP][PASSED] - Statement - Rqty = 10000: null

2018-05-15 18:29:53 - [TEST_STEP][PASSED] - delay: Delayed 2 second(s)

2018-05-15 18:29:55 - [MESSAGE][PASSED] - Delayed 2 second(s)

2018-05-15 18:29:55 - [TEST_STEP][PASSED] - Statement - out.println("BatchQty : " + batchqty): null

2018-05-15 18:29:55 - [TEST_STEP][PASSED] - Statement - out.println("RQty : " + Rqty): null

2018-05-15 18:29:55 - [TEST_STEP][PASSED] - Statement - If (java.lang.Integer.valueOf(batchqty) >= java.lang.Integer.valueOf(Rqty)): null

2018-05-15 18:29:55 - [TEST_STEP][PASSED] - Statement - Break: null

2018-05-15 18:29:55 - [TEST_STEP][PASSED] - Statement - batchlength = new com.kms.katalon.core.testobject.TestObject(): null

2018-05-15 18:29:55 - [TEST_STEP][PASSED] - Statement - batchlength = com.kms.katalon.core.webui.keyword.WebUiBuiltInKeywords.modifyObjectProperty(batchlength, "xpath", "equals", "//*[@id = "fldvendor" + row + ""]", true): Modify property of object successfully

2018-05-15 18:29:55 - [MESSAGE][PASSED] - Modify property of object successfully

2018-05-15 18:29:55 - [TEST_STEP][PASSED] - Statement - batchsize = com.kms.katalon.core.webui.keyword.WebUiBuiltInKeywords.getNumberOfTotalOption(batchlength): 4 options of object '' counted

2018-05-15 18:29:55 - [MESSAGE][PASSED] - 4 options of object '' counted

2018-05-15 18:29:55 - [TEST_STEP][PASSED] - Statement - out.println("BatchSize : " + batchsize): null

2018-05-15 18:29:55 - [TEST_STEP][PASSED] - Statement - For ([n = 1, n <= batchsize - 1, (n++)]): null

2018-05-15 18:29:55 - [TEST_STEP][PASSED] - Statement - product = new com.kms.katalon.core.testobject.TestObject(): null

2018-05-15 18:29:55 - [TEST_STEP][PASSED] - Statement - product = com.kms.katalon.core.webui.keyword.WebUiBuiltInKeywords.modifyObjectProperty(product, "xpath", "equals", "//*[@id = "fldvendor" + row + ""]", true): Modify property of object successfully

2018-05-15 18:29:55 - [MESSAGE][PASSED] - Modify property of object successfully

2018-05-15 18:29:55 - [TEST_STEP][PASSED] - selectOptionByIndex: All options with index in [1] are selected on object ''

2018-05-15 18:29:56 - [MESSAGE][PASSED] - All options with index in [1] are selected on object ''

2018-05-15 18:29:56 - [TEST_STEP][PASSED] - Statement - batch = new com.kms.katalon.core.testobject.TestObject(): null

2018-05-15 18:29:56 - [TEST_STEP][PASSED] - Statement - batch = com.kms.katalon.core.webui.keyword.WebUiBuiltInKeywords.modifyObjectProperty(batch, "xpath", "equals", "//*[@id = "txtbthqty" + row + ""]", true): Modify property of object successfully

2018-05-15 18:29:56 - [MESSAGE][PASSED] - Modify property of object successfully

2018-05-15 18:29:56 - [TEST_STEP][PASSED] - Statement - batchqty = com.kms.katalon.core.webui.keyword.WebUiBuiltInKeywords.getAttribute(batch, "value").trim(): Attribute 'value' of object '' is: '39000'

2018-05-15 18:29:56 - [MESSAGE][PASSED] - Attribute 'value' of object '' is: '39000'

2018-05-15 18:29:56 - [TEST_STEP][PASSED] - Statement - Rqty = 10000: null

2018-05-15 18:29:56 - [TEST_STEP][PASSED] - delay: Delayed 2 second(s)

2018-05-15 18:29:58 - [MESSAGE][PASSED] - Delayed 2 second(s)

2018-05-15 18:29:58 - [TEST_STEP][PASSED] - Statement - out.println("BatchQty : " + batchqty): null

2018-05-15 18:29:58 - [TEST_STEP][PASSED] - Statement - out.println("RQty : " + Rqty): null

2018-05-15 18:29:58 - [TEST_STEP][PASSED] - Statement - If (java.lang.Integer.valueOf(batchqty) >= java.lang.Integer.valueOf(Rqty)): null

2018-05-15 18:29:58 - [TEST_STEP][PASSED] - Statement - Break: null

2018-05-15 18:29:58 - [TEST_STEP][PASSED] - Statement - batchlength = new com.kms.katalon.core.testobject.TestObject(): null

2018-05-15 18:29:58 - [TEST_STEP][PASSED] - Statement - batchlength = com.kms.katalon.core.webui.keyword.WebUiBuiltInKeywords.modifyObjectProperty(batchlength, "xpath", "equals", "//*[@id = "fldvendor" + row + ""]", true): Modify property of object successfully

2018-05-15 18:29:58 - [MESSAGE][PASSED] - Modify property of object successfully

2018-05-15 18:29:58 - [TEST_STEP][PASSED] - Statement - batchsize = com.kms.katalon.core.webui.keyword.WebUiBuiltInKeywords.getNumberOfTotalOption(batchlength): 4 options of object '' counted

2018-05-15 18:29:58 - [MESSAGE][PASSED] - 4 options of object '' counted

2018-05-15 18:29:58 - [TEST_STEP][PASSED] - Statement - out.println("BatchSize : " + batchsize): null

2018-05-15 18:29:58 - [TEST_STEP][PASSED] - Statement - For ([n = 1, n <= batchsize - 1, (n++)]): null

2018-05-15 18:29:58 - [TEST_STEP][PASSED] - Statement - product = new com.kms.katalon.core.testobject.TestObject(): null

2018-05-15 18:29:58 - [TEST_STEP][PASSED] - Statement - product = com.kms.katalon.core.webui.keyword.WebUiBuiltInKeywords.modifyObjectProperty(product, "xpath", "equals", "//*[@id = "fldvendor" + row + ""]", true): Modify property of object successfully

2018-05-15 18:29:58 - [MESSAGE][PASSED] - Modify property of object successfully

2018-05-15 18:29:58 - [TEST_STEP][PASSED] - selectOptionByIndex: All options with index in [1] are selected on object ''

2018-05-15 18:29:58 - [MESSAGE][PASSED] - All options with index in [1] are selected on object ''

2018-05-15 18:29:58 - [TEST_STEP][PASSED] - Statement - batch = new com.kms.katalon.core.testobject.TestObject(): null

2018-05-15 18:29:58 - [TEST_STEP][PASSED] - Statement - batch = com.kms.katalon.core.webui.keyword.WebUiBuiltInKeywords.modifyObjectProperty(batch, "xpath", "equals", "//*[@id = "txtbthqty" + row + ""]", true): Modify property of object successfully

2018-05-15 18:29:58 - [MESSAGE][PASSED] - Modify property of object successfully

2018-05-15 18:29:58 - [TEST_STEP][PASSED] - Statement - batchqty = com.kms.katalon.core.webui.keyword.WebUiBuiltInKeywords.getAttribute(batch, "value").trim(): Attribute 'value' of object '' is: '4000'

2018-05-15 18:29:58 - [MESSAGE][PASSED] - Attribute 'value' of object '' is: '4000'

2018-05-15 18:29:58 - [TEST_STEP][PASSED] - Statement - Rqty = 10000: null

2018-05-15 18:29:58 - [TEST_STEP][PASSED] - delay: Delayed 2 second(s)

2018-05-15 18:30:00 - [MESSAGE][PASSED] - Delayed 2 second(s)

2018-05-15 18:30:00 - [TEST_STEP][PASSED] - Statement - out.println("BatchQty : " + batchqty): null

2018-05-15 18:30:00 - [TEST_STEP][PASSED] - Statement - out.println("RQty : " + Rqty): null

2018-05-15 18:30:00 - [TEST_STEP][PASSED] - Statement - If (java.lang.Integer.valueOf(batchqty) >= java.lang.Integer.valueOf(Rqty)): null

2018-05-15 18:30:00 - [TEST_STEP][PASSED] - Statement - Else: null

2018-05-15 18:30:00 - [TEST_STEP][PASSED] - Statement - out.println("Batchqty Is Less Than Rqty"): null

2018-05-15 18:30:00 - [TEST_STEP][PASSED] - Statement - product = new com.kms.katalon.core.testobject.TestObject(): null

2018-05-15 18:30:00 - [TEST_STEP][PASSED] - Statement - product = com.kms.katalon.core.webui.keyword.WebUiBuiltInKeywords.modifyObjectProperty(product, "xpath", "equals", "//*[@id = "fldvendor" + row + ""]", true): Modify property of object successfully

2018-05-15 18:30:00 - [MESSAGE][PASSED] - Modify property of object successfully

2018-05-15 18:30:00 - [TEST_STEP][PASSED] - selectOptionByIndex: All options with index in [2] are selected on object ''

2018-05-15 18:30:00 - [MESSAGE][PASSED] - All options with index in [2] are selected on object ''

2018-05-15 18:30:00 - [TEST_STEP][PASSED] - Statement - batch = new com.kms.katalon.core.testobject.TestObject(): null

2018-05-15 18:30:00 - [TEST_STEP][PASSED] - Statement - batch = com.kms.katalon.core.webui.keyword.WebUiBuiltInKeywords.modifyObjectProperty(batch, "xpath", "equals", "//*[@id = "txtbthqty" + row + ""]", true): Modify property of object successfully

2018-05-15 18:30:00 - [MESSAGE][PASSED] - Modify property of object successfully

2018-05-15 18:30:00 - [TEST_STEP][PASSED] - Statement - batchqty = com.kms.katalon.core.webui.keyword.WebUiBuiltInKeywords.getAttribute(batch, "value").trim(): Attribute 'value' of object '' is: '40000'

2018-05-15 18:30:00 - [MESSAGE][PASSED] - Attribute 'value' of object '' is: '40000'

2018-05-15 18:30:00 - [TEST_STEP][PASSED] - Statement - Rqty = 10000: null

2018-05-15 18:30:00 - [TEST_STEP][PASSED] - delay: Delayed 2 second(s)

2018-05-15 18:30:02 - [MESSAGE][PASSED] - Delayed 2 second(s)

2018-05-15 18:30:02 - [TEST_STEP][PASSED] - Statement - out.println("BatchQty : " + batchqty): null

2018-05-15 18:30:02 - [TEST_STEP][PASSED] - Statement - out.println("RQty : " + Rqty): null

2018-05-15 18:30:02 - [TEST_STEP][PASSED] - Statement - If (java.lang.Integer.valueOf(batchqty) >= java.lang.Integer.valueOf(Rqty)): null

2018-05-15 18:30:02 - [TEST_STEP][PASSED] - Statement - Break: null

2018-05-15 18:30:02 - [TEST_STEP][PASSED] - Statement - batchlength = new com.kms.katalon.core.testobject.TestObject(): null

2018-05-15 18:30:02 - [TEST_STEP][PASSED] - Statement - batchlength = com.kms.katalon.core.webui.keyword.WebUiBuiltInKeywords.modifyObjectProperty(batchlength, "xpath", "equals", "//*[@id = "fldvendor" + row + ""]", true): Modify property of object successfully

2018-05-15 18:30:02 - [MESSAGE][PASSED] - Modify property of object successfully

2018-05-15 18:30:02 - [TEST_STEP][PASSED] - Statement - batchsize = com.kms.katalon.core.webui.keyword.WebUiBuiltInKeywords.getNumberOfTotalOption(batchlength): 4 options of object '' counted

2018-05-15 18:30:02 - [MESSAGE][PASSED] - 4 options of object '' counted

2018-05-15 18:30:02 - [TEST_STEP][PASSED] - Statement - out.println("BatchSize : " + batchsize): null

2018-05-15 18:30:02 - [TEST_STEP][PASSED] - Statement - For ([n = 1, n <= batchsize - 1, (n++)]): null

2018-05-15 18:30:02 - [TEST_STEP][PASSED] - Statement - product = new com.kms.katalon.core.testobject.TestObject(): null

2018-05-15 18:30:02 - [TEST_STEP][PASSED] - Statement - product = com.kms.katalon.core.webui.keyword.WebUiBuiltInKeywords.modifyObjectProperty(product, "xpath", "equals", "//*[@id = "fldvendor" + row + ""]", true): Modify property of object successfully

2018-05-15 18:30:02 - [MESSAGE][PASSED] - Modify property of object successfully

2018-05-15 18:30:02 - [TEST_STEP][PASSED] - selectOptionByIndex: All options with index in [1] are selected on object ''

2018-05-15 18:30:02 - [MESSAGE][PASSED] - All options with index in [1] are selected on object ''

2018-05-15 18:30:02 - [TEST_STEP][PASSED] - Statement - batch = new com.kms.katalon.core.testobject.TestObject(): null

2018-05-15 18:30:02 - [TEST_STEP][PASSED] - Statement - batch = com.kms.katalon.core.webui.keyword.WebUiBuiltInKeywords.modifyObjectProperty(batch, "xpath", "equals", "//*[@id = "txtbthqty" + row + ""]", true): Modify property of object successfully

2018-05-15 18:30:02 - [MESSAGE][PASSED] - Modify property of object successfully

2018-05-15 18:30:02 - [TEST_STEP][PASSED] - Statement - batchqty = com.kms.katalon.core.webui.keyword.WebUiBuiltInKeywords.getAttribute(batch, "value").trim(): Attribute 'value' of object '' is: '4000'

2018-05-15 18:30:02 - [MESSAGE][PASSED] - Attribute 'value' of object '' is: '4000'

2018-05-15 18:30:02 - [TEST_STEP][PASSED] - Statement - Rqty = 10000: null

2018-05-15 18:30:02 - [TEST_STEP][PASSED] - delay: Delayed 2 second(s)

2018-05-15 18:30:04 - [MESSAGE][PASSED] - Delayed 2 second(s)

2018-05-15 18:30:04 - [TEST_STEP][PASSED] - Statement - out.println("BatchQty : " + batchqty): null

2018-05-15 18:30:04 - [TEST_STEP][PASSED] - Statement - out.println("RQty : " + Rqty): null

2018-05-15 18:30:04 - [TEST_STEP][PASSED] - Statement - If (java.lang.Integer.valueOf(batchqty) >= java.lang.Integer.valueOf(Rqty)): null

2018-05-15 18:30:04 - [TEST_STEP][PASSED] - Statement - Else: null

2018-05-15 18:30:04 - [TEST_STEP][PASSED] - Statement - out.println("Batchqty Is Less Than Rqty"): null

2018-05-15 18:30:04 - [TEST_STEP][PASSED] - Statement - product = new com.kms.katalon.core.testobject.TestObject(): null

2018-05-15 18:30:04 - [TEST_STEP][PASSED] - Statement - product = com.kms.katalon.core.webui.keyword.WebUiBuiltInKeywords.modifyObjectProperty(product, "xpath", "equals", "//*[@id = "fldvendor" + row + ""]", true): Modify property of object successfully

2018-05-15 18:30:04 - [MESSAGE][PASSED] - Modify property of object successfully

2018-05-15 18:30:04 - [TEST_STEP][PASSED] - selectOptionByIndex: All options with index in [2] are selected on object ''

2018-05-15 18:30:04 - [MESSAGE][PASSED] - All options with index in [2] are selected on object ''

2018-05-15 18:30:04 - [TEST_STEP][PASSED] - Statement - batch = new com.kms.katalon.core.testobject.TestObject(): null

2018-05-15 18:30:04 - [TEST_STEP][PASSED] - Statement - batch = com.kms.katalon.core.webui.keyword.WebUiBuiltInKeywords.modifyObjectProperty(batch, "xpath", "equals", "//*[@id = "txtbthqty" + row + ""]", true): Modify property of object successfully

2018-05-15 18:30:04 - [MESSAGE][PASSED] - Modify property of object successfully

2018-05-15 18:30:04 - [TEST_STEP][PASSED] - Statement - batchqty = com.kms.katalon.core.webui.keyword.WebUiBuiltInKeywords.getAttribute(batch, "value").trim(): Attribute 'value' of object '' is: '40000'

2018-05-15 18:30:05 - [MESSAGE][PASSED] - Attribute 'value' of object '' is: '40000'

2018-05-15 18:30:05 - [TEST_STEP][PASSED] - Statement - Rqty = 10000: null

2018-05-15 18:30:05 - [TEST_STEP][PASSED] - delay: Delayed 2 second(s)

2018-05-15 18:30:07 - [MESSAGE][PASSED] - Delayed 2 second(s)

2018-05-15 18:30:07 - [TEST_STEP][PASSED] - Statement - out.println("BatchQty : " + batchqty): null

2018-05-15 18:30:07 - [TEST_STEP][PASSED] - Statement - out.println("RQty : " + Rqty): null

2018-05-15 18:30:07 - [TEST_STEP][PASSED] - Statement - If (java.lang.Integer.valueOf(batchqty) >= java.lang.Integer.valueOf(Rqty)): null

2018-05-15 18:30:07 - [TEST_STEP][PASSED] - Statement - Break: null

2018-05-15 18:30:07 - [TEST_STEP][PASSED] - Statement - batchlength = new com.kms.katalon.core.testobject.TestObject(): null

2018-05-15 18:30:07 - [TEST_STEP][PASSED] - Statement - batchlength = com.kms.katalon.core.webui.keyword.WebUiBuiltInKeywords.modifyObjectProperty(batchlength, "xpath", "equals", "//*[@id = "fldvendor" + row + ""]", true): Modify property of object successfully

2018-05-15 18:30:07 - [MESSAGE][PASSED] - Modify property of object successfully

2018-05-15 18:30:07 - [TEST_STEP][PASSED] - Statement - batchsize = com.kms.katalon.core.webui.keyword.WebUiBuiltInKeywords.getNumberOfTotalOption(batchlength): 4 options of object '' counted

2018-05-15 18:30:07 - [MESSAGE][PASSED] - 4 options of object '' counted

2018-05-15 18:30:07 - [TEST_STEP][PASSED] - Statement - out.println("BatchSize : " + batchsize): null

2018-05-15 18:30:07 - [TEST_STEP][PASSED] - Statement - For ([n = 1, n <= batchsize - 1, (n++)]): null

2018-05-15 18:30:07 - [TEST_STEP][PASSED] - Statement - product = new com.kms.katalon.core.testobject.TestObject(): null

2018-05-15 18:30:07 - [TEST_STEP][PASSED] - Statement - product = com.kms.katalon.core.webui.keyword.WebUiBuiltInKeywords.modifyObjectProperty(product, "xpath", "equals", "//*[@id = "fldvendor" + row + ""]", true): Modify property of object successfully

2018-05-15 18:30:07 - [MESSAGE][PASSED] - Modify property of object successfully

2018-05-15 18:30:07 - [TEST_STEP][PASSED] - selectOptionByIndex: All options with index in [1] are selected on object ''

2018-05-15 18:30:07 - [MESSAGE][PASSED] - All options with index in [1] are selected on object ''

2018-05-15 18:30:07 - [TEST_STEP][PASSED] - Statement - batch = new com.kms.katalon.core.testobject.TestObject(): null

2018-05-15 18:30:07 - [TEST_STEP][PASSED] - Statement - batch = com.kms.katalon.core.webui.keyword.WebUiBuiltInKeywords.modifyObjectProperty(batch, "xpath", "equals", "//*[@id = "txtbthqty" + row + ""]", true): Modify property of object successfully

2018-05-15 18:30:07 - [MESSAGE][PASSED] - Modify property of object successfully

2018-05-15 18:30:07 - [TEST_STEP][PASSED] - Statement - batchqty = com.kms.katalon.core.webui.keyword.WebUiBuiltInKeywords.getAttribute(batch, "value").trim(): Attribute 'value' of object '' is: '5000'

2018-05-15 18:30:07 - [MESSAGE][PASSED] - Attribute 'value' of object '' is: '5000'

2018-05-15 18:30:07 - [TEST_STEP][PASSED] - Statement - Rqty = 10000: null

2018-05-15 18:30:07 - [TEST_STEP][PASSED] - delay: Delayed 2 second(s)

2018-05-15 18:30:09 - [MESSAGE][PASSED] - Delayed 2 second(s)

2018-05-15 18:30:09 - [TEST_STEP][PASSED] - Statement - out.println("BatchQty : " + batchqty): null

2018-05-15 18:30:09 - [TEST_STEP][PASSED] - Statement - out.println("RQty : " + Rqty): null

2018-05-15 18:30:09 - [TEST_STEP][PASSED] - Statement - If (java.lang.Integer.valueOf(batchqty) >= java.lang.Integer.valueOf(Rqty)): null

2018-05-15 18:30:09 - [TEST_STEP][PASSED] - Statement - Else: null

2018-05-15 18:30:09 - [TEST_STEP][PASSED] - Statement - out.println("Batchqty Is Less Than Rqty"): null

2018-05-15 18:30:09 - [TEST_STEP][PASSED] - Statement - product = new com.kms.katalon.core.testobject.TestObject(): null

2018-05-15 18:30:09 - [TEST_STEP][PASSED] - Statement - product = com.kms.katalon.core.webui.keyword.WebUiBuiltInKeywords.modifyObjectProperty(product, "xpath", "equals", "//*[@id = "fldvendor" + row + ""]", true): Modify property of object successfully

2018-05-15 18:30:09 - [MESSAGE][PASSED] - Modify property of object successfully

2018-05-15 18:30:09 - [TEST_STEP][PASSED] - selectOptionByIndex: All options with index in [2] are selected on object ''

2018-05-15 18:30:09 - [MESSAGE][PASSED] - All options with index in [2] are selected on object ''

2018-05-15 18:30:09 - [TEST_STEP][PASSED] - Statement - batch = new com.kms.katalon.core.testobject.TestObject(): null

2018-05-15 18:30:09 - [TEST_STEP][PASSED] - Statement - batch = com.kms.katalon.core.webui.keyword.WebUiBuiltInKeywords.modifyObjectProperty(batch, "xpath", "equals", "//*[@id = "txtbthqty" + row + ""]", true): Modify property of object successfully

2018-05-15 18:30:09 - [MESSAGE][PASSED] - Modify property of object successfully

2018-05-15 18:30:09 - [TEST_STEP][PASSED] - Statement - batchqty = com.kms.katalon.core.webui.keyword.WebUiBuiltInKeywords.getAttribute(batch, "value").trim(): Attribute 'value' of object '' is: '39000'

2018-05-15 18:30:09 - [MESSAGE][PASSED] - Attribute 'value' of object '' is: '39000'

2018-05-15 18:30:09 - [TEST_STEP][PASSED] - Statement - Rqty = 10000: null

2018-05-15 18:30:09 - [TEST_STEP][PASSED] - delay: Delayed 2 second(s)

2018-05-15 18:30:11 - [MESSAGE][PASSED] - Delayed 2 second(s)

2018-05-15 18:30:11 - [TEST_STEP][PASSED] - Statement - out.println("BatchQty : " + batchqty): null

2018-05-15 18:30:11 - [TEST_STEP][PASSED] - Statement - out.println("RQty : " + Rqty): null

2018-05-15 18:30:11 - [TEST_STEP][PASSED] - Statement - If (java.lang.Integer.valueOf(batchqty) >= java.lang.Integer.valueOf(Rqty)): null

2018-05-15 18:30:11 - [TEST_STEP][PASSED] - Statement - Break: null

2018-05-15 18:30:11 - [TEST_STEP][PASSED] - Statement - batchlength = new com.kms.katalon.core.testobject.TestObject(): null

2018-05-15 18:30:11 - [TEST_STEP][PASSED] - Statement - batchlength = com.kms.katalon.core.webui.keyword.WebUiBuiltInKeywords.modifyObjectProperty(batchlength, "xpath", "equals", "//*[@id = "fldvendor" + row + ""]", true): Modify property of object successfully

2018-05-15 18:30:11 - [MESSAGE][PASSED] - Modify property of object successfully

2018-05-15 18:30:11 - [TEST_STEP][PASSED] - Statement - batchsize = com.kms.katalon.core.webui.keyword.WebUiBuiltInKeywords.getNumberOfTotalOption(batchlength): 4 options of object '' counted

2018-05-15 18:30:11 - [MESSAGE][PASSED] - 4 options of object '' counted

2018-05-15 18:30:11 - [TEST_STEP][PASSED] - Statement - out.println("BatchSize : " + batchsize): null

2018-05-15 18:30:11 - [TEST_STEP][PASSED] - Statement - For ([n = 1, n <= batchsize - 1, (n++)]): null

2018-05-15 18:30:11 - [TEST_STEP][PASSED] - Statement - product = new com.kms.katalon.core.testobject.TestObject(): null

2018-05-15 18:30:11 - [TEST_STEP][PASSED] - Statement - product = com.kms.katalon.core.webui.keyword.WebUiBuiltInKeywords.modifyObjectProperty(product, "xpath", "equals", "//*[@id = "fldvendor" + row + ""]", true): Modify property of object successfully

2018-05-15 18:30:11 - [MESSAGE][PASSED] - Modify property of object successfully

2018-05-15 18:30:11 - [TEST_STEP][PASSED] - selectOptionByIndex: All options with index in [1] are selected on object ''

2018-05-15 18:30:11 - [MESSAGE][PASSED] - All options with index in [1] are selected on object ''

2018-05-15 18:30:11 - [TEST_STEP][PASSED] - Statement - batch = new com.kms.katalon.core.testobject.TestObject(): null

2018-05-15 18:30:11 - [TEST_STEP][PASSED] - Statement - batch = com.kms.katalon.core.webui.keyword.WebUiBuiltInKeywords.modifyObjectProperty(batch, "xpath", "equals", "//*[@id = "txtbthqty" + row + ""]", true): Modify property of object successfully

2018-05-15 18:30:11 - [MESSAGE][PASSED] - Modify property of object successfully

2018-05-15 18:30:11 - [TEST_STEP][PASSED] - Statement - batchqty = com.kms.katalon.core.webui.keyword.WebUiBuiltInKeywords.getAttribute(batch, "value").trim(): Attribute 'value' of object '' is: '39000'

2018-05-15 18:30:11 - [MESSAGE][PASSED] - Attribute 'value' of object '' is: '39000'

2018-05-15 18:30:11 - [TEST_STEP][PASSED] - Statement - Rqty = 10000: null

2018-05-15 18:30:11 - [TEST_STEP][PASSED] - delay: Delayed 2 second(s)

2018-05-15 18:30:13 - [MESSAGE][PASSED] - Delayed 2 second(s)

2018-05-15 18:30:13 - [TEST_STEP][PASSED] - Statement - out.println("BatchQty : " + batchqty): null

2018-05-15 18:30:13 - [TEST_STEP][PASSED] - Statement - out.println("RQty : " + Rqty): null

2018-05-15 18:30:13 - [TEST_STEP][PASSED] - Statement - If (java.lang.Integer.valueOf(batchqty) >= java.lang.Integer.valueOf(Rqty)): null

2018-05-15 18:30:13 - [TEST_STEP][PASSED] - Statement - Break: null

2018-05-15 18:30:13 - [TEST_STEP][PASSED] - Statement - batchlength = new com.kms.katalon.core.testobject.TestObject(): null

2018-05-15 18:30:13 - [TEST_STEP][PASSED] - Statement - batchlength = com.kms.katalon.core.webui.keyword.WebUiBuiltInKeywords.modifyObjectProperty(batchlength, "xpath", "equals", "//*[@id = "fldvendor" + row + ""]", true): Modify property of object successfully

2018-05-15 18:30:13 - [MESSAGE][PASSED] - Modify property of object successfully

2018-05-15 18:30:13 - [TEST_STEP][PASSED] - Statement - batchsize = com.kms.katalon.core.webui.keyword.WebUiBuiltInKeywords.getNumberOfTotalOption(batchlength): 4 options of object '' counted

2018-05-15 18:30:13 - [MESSAGE][PASSED] - 4 options of object '' counted

2018-05-15 18:30:13 - [TEST_STEP][PASSED] - Statement - out.println("BatchSize : " + batchsize): null

2018-05-15 18:30:13 - [TEST_STEP][PASSED] - Statement - For ([n = 1, n <= batchsize - 1, (n++)]): null

2018-05-15 18:30:13 - [TEST_STEP][PASSED] - Statement - product = new com.kms.katalon.core.testobject.TestObject(): null

2018-05-15 18:30:13 - [TEST_STEP][PASSED] - Statement - product = com.kms.katalon.core.webui.keyword.WebUiBuiltInKeywords.modifyObjectProperty(product, "xpath", "equals", "//*[@id = "fldvendor" + row + ""]", true): Modify property of object successfully

2018-05-15 18:30:13 - [MESSAGE][PASSED] - Modify property of object successfully

2018-05-15 18:30:13 - [TEST_STEP][PASSED] - selectOptionByIndex: All options with index in [1] are selected on object ''

2018-05-15 18:30:13 - [MESSAGE][PASSED] - All options with index in [1] are selected on object ''

2018-05-15 18:30:13 - [TEST_STEP][PASSED] - Statement - batch = new com.kms.katalon.core.testobject.TestObject(): null

2018-05-15 18:30:13 - [TEST_STEP][PASSED] - Statement - batch = com.kms.katalon.core.webui.keyword.WebUiBuiltInKeywords.modifyObjectProperty(batch, "xpath", "equals", "//*[@id = "txtbthqty" + row + ""]", true): Modify property of object successfully

2018-05-15 18:30:13 - [MESSAGE][PASSED] - Modify property of object successfully

2018-05-15 18:30:13 - [TEST_STEP][PASSED] - Statement - batchqty = com.kms.katalon.core.webui.keyword.WebUiBuiltInKeywords.getAttribute(batch, "value").trim(): Attribute 'value' of object '' is: '4000'

2018-05-15 18:30:14 - [MESSAGE][PASSED] - Attribute 'value' of object '' is: '4000'

2018-05-15 18:30:14 - [TEST_STEP][PASSED] - Statement - Rqty = 10000: null

2018-05-15 18:30:14 - [TEST_STEP][PASSED] - delay: Delayed 2 second(s)

2018-05-15 18:30:16 - [MESSAGE][PASSED] - Delayed 2 second(s)

2018-05-15 18:30:16 - [TEST_STEP][PASSED] - Statement - out.println("BatchQty : " + batchqty): null

2018-05-15 18:30:16 - [TEST_STEP][PASSED] - Statement - out.println("RQty : " + Rqty): null

2018-05-15 18:30:16 - [TEST_STEP][PASSED] - Statement - If (java.lang.Integer.valueOf(batchqty) >= java.lang.Integer.valueOf(Rqty)): null

2018-05-15 18:30:16 - [TEST_STEP][PASSED] - Statement - Else: null

2018-05-15 18:30:16 - [TEST_STEP][PASSED] - Statement - out.println("Batchqty Is Less Than Rqty"): null

2018-05-15 18:30:16 - [TEST_STEP][PASSED] - Statement - product = new com.kms.katalon.core.testobject.TestObject(): null

2018-05-15 18:30:16 - [TEST_STEP][PASSED] - Statement - product = com.kms.katalon.core.webui.keyword.WebUiBuiltInKeywords.modifyObjectProperty(product, "xpath", "equals", "//*[@id = "fldvendor" + row + ""]", true): Modify property of object successfully

2018-05-15 18:30:16 - [MESSAGE][PASSED] - Modify property of object successfully

2018-05-15 18:30:16 - [TEST_STEP][PASSED] - selectOptionByIndex: All options with index in [2] are selected on object ''

2018-05-15 18:30:16 - [MESSAGE][PASSED] - All options with index in [2] are selected on object ''

2018-05-15 18:30:16 - [TEST_STEP][PASSED] - Statement - batch = new com.kms.katalon.core.testobject.TestObject(): null

2018-05-15 18:30:16 - [TEST_STEP][PASSED] - Statement - batch = com.kms.katalon.core.webui.keyword.WebUiBuiltInKeywords.modifyObjectProperty(batch, "xpath", "equals", "//*[@id = "txtbthqty" + row + ""]", true): Modify property of object successfully

2018-05-15 18:30:16 - [MESSAGE][PASSED] - Modify property of object successfully

2018-05-15 18:30:16 - [TEST_STEP][PASSED] - Statement - batchqty = com.kms.katalon.core.webui.keyword.WebUiBuiltInKeywords.getAttribute(batch, "value").trim(): Attribute 'value' of object '' is: '5000'

2018-05-15 18:30:16 - [MESSAGE][PASSED] - Attribute 'value' of object '' is: '5000'

2018-05-15 18:30:16 - [TEST_STEP][PASSED] - Statement - Rqty = 10000: null

2018-05-15 18:30:16 - [TEST_STEP][PASSED] - delay: Delayed 2 second(s)

2018-05-15 18:30:18 - [MESSAGE][PASSED] - Delayed 2 second(s)

2018-05-15 18:30:18 - [TEST_STEP][PASSED] - Statement - out.println("BatchQty : " + batchqty): null

2018-05-15 18:30:18 - [TEST_STEP][PASSED] - Statement - out.println("RQty : " + Rqty): null

2018-05-15 18:30:18 - [TEST_STEP][PASSED] - Statement - If (java.lang.Integer.valueOf(batchqty) >= java.lang.Integer.valueOf(Rqty)): null

2018-05-15 18:30:18 - [TEST_STEP][PASSED] - Statement - Else: null

2018-05-15 18:30:18 - [TEST_STEP][PASSED] - Statement - out.println("Batchqty Is Less Than Rqty"): null

2018-05-15 18:30:18 - [TEST_STEP][PASSED] - Statement - product = new com.kms.katalon.core.testobject.TestObject(): null

2018-05-15 18:30:18 - [TEST_STEP][PASSED] - Statement - product = com.kms.katalon.core.webui.keyword.WebUiBuiltInKeywords.modifyObjectProperty(product, "xpath", "equals", "//*[@id = "fldvendor" + row + ""]", true): Modify property of object successfully

2018-05-15 18:30:18 - [MESSAGE][PASSED] - Modify property of object successfully

2018-05-15 18:30:18 - [TEST_STEP][PASSED] - selectOptionByIndex: All options with index in [3] are selected on object ''

2018-05-15 18:30:18 - [MESSAGE][PASSED] - All options with index in [3] are selected on object ''

2018-05-15 18:30:18 - [TEST_STEP][PASSED] - Statement - batch = new com.kms.katalon.core.testobject.TestObject(): null

2018-05-15 18:30:18 - [TEST_STEP][PASSED] - Statement - batch = com.kms.katalon.core.webui.keyword.WebUiBuiltInKeywords.modifyObjectProperty(batch, "xpath", "equals", "//*[@id = "txtbthqty" + row + ""]", true): Modify property of object successfully

2018-05-15 18:30:18 - [MESSAGE][PASSED] - Modify property of object successfully

2018-05-15 18:30:18 - [TEST_STEP][PASSED] - Statement - batchqty = com.kms.katalon.core.webui.keyword.WebUiBuiltInKeywords.getAttribute(batch, "value").trim(): Attribute 'value' of object '' is: '40000'

2018-05-15 18:30:18 - [MESSAGE][PASSED] - Attribute 'value' of object '' is: '40000'

2018-05-15 18:30:18 - [TEST_STEP][PASSED] - Statement - Rqty = 10000: null

2018-05-15 18:30:18 - [TEST_STEP][PASSED] - delay: Delayed 2 second(s)

2018-05-15 18:30:20 - [MESSAGE][PASSED] - Delayed 2 second(s)

2018-05-15 18:30:20 - [TEST_STEP][PASSED] - Statement - out.println("BatchQty : " + batchqty): null

2018-05-15 18:30:20 - [TEST_STEP][PASSED] - Statement - out.println("RQty : " + Rqty): null

2018-05-15 18:30:20 - [TEST_STEP][PASSED] - Statement - If (java.lang.Integer.valueOf(batchqty) >= java.lang.Integer.valueOf(Rqty)): null

2018-05-15 18:30:20 - [TEST_STEP][PASSED] - Statement - Break: null

2018-05-15 18:30:20 - [TEST_STEP][PASSED] - Statement - batchlength = new com.kms.katalon.core.testobject.TestObject(): null

2018-05-15 18:30:20 - [TEST_STEP][PASSED] - Statement - batchlength = com.kms.katalon.core.webui.keyword.WebUiBuiltInKeywords.modifyObjectProperty(batchlength, "xpath", "equals", "//*[@id = "fldvendor" + row + ""]", true): Modify property of object successfully

2018-05-15 18:30:20 - [MESSAGE][PASSED] - Modify property of object successfully

2018-05-15 18:30:20 - [TEST_STEP][PASSED] - Statement - batchsize = com.kms.katalon.core.webui.keyword.WebUiBuiltInKeywords.getNumberOfTotalOption(batchlength): 4 options of object '' counted

2018-05-15 18:30:20 - [MESSAGE][PASSED] - 4 options of object '' counted

2018-05-15 18:30:20 - [TEST_STEP][PASSED] - Statement - out.println("BatchSize : " + batchsize): null

2018-05-15 18:30:20 - [TEST_STEP][PASSED] - Statement - For ([n = 1, n <= batchsize - 1, (n++)]): null

2018-05-15 18:30:20 - [TEST_STEP][PASSED] - Statement - product = new com.kms.katalon.core.testobject.TestObject(): null

2018-05-15 18:30:20 - [TEST_STEP][PASSED] - Statement - product = com.kms.katalon.core.webui.keyword.WebUiBuiltInKeywords.modifyObjectProperty(product, "xpath", "equals", "//*[@id = "fldvendor" + row + ""]", true): Modify property of object successfully

2018-05-15 18:30:20 - [MESSAGE][PASSED] - Modify property of object successfully

2018-05-15 18:30:20 - [TEST_STEP][PASSED] - selectOptionByIndex: All options with index in [1] are selected on object ''

2018-05-15 18:30:20 - [MESSAGE][PASSED] - All options with index in [1] are selected on object ''

2018-05-15 18:30:20 - [TEST_STEP][PASSED] - Statement - batch = new com.kms.katalon.core.testobject.TestObject(): null

2018-05-15 18:30:20 - [TEST_STEP][PASSED] - Statement - batch = com.kms.katalon.core.webui.keyword.WebUiBuiltInKeywords.modifyObjectProperty(batch, "xpath", "equals", "//*[@id = "txtbthqty" + row + ""]", true): Modify property of object successfully

2018-05-15 18:30:20 - [MESSAGE][PASSED] - Modify property of object successfully

2018-05-15 18:30:20 - [TEST_STEP][PASSED] - Statement - batchqty = com.kms.katalon.core.webui.keyword.WebUiBuiltInKeywords.getAttribute(batch, "value").trim(): Attribute 'value' of object '' is: '4000'

2018-05-15 18:30:20 - [MESSAGE][PASSED] - Attribute 'value' of object '' is: '4000'

2018-05-15 18:30:20 - [TEST_STEP][PASSED] - Statement - Rqty = 10000: null

2018-05-15 18:30:20 - [TEST_STEP][PASSED] - delay: Delayed 2 second(s)

2018-05-15 18:30:22 - [MESSAGE][PASSED] - Delayed 2 second(s)

2018-05-15 18:30:22 - [TEST_STEP][PASSED] - Statement - out.println("BatchQty : " + batchqty): null

2018-05-15 18:30:22 - [TEST_STEP][PASSED] - Statement - out.println("RQty : " + Rqty): null

2018-05-15 18:30:22 - [TEST_STEP][PASSED] - Statement - If (java.lang.Integer.valueOf(batchqty) >= java.lang.Integer.valueOf(Rqty)): null

2018-05-15 18:30:22 - [TEST_STEP][PASSED] - Statement - Else: null

2018-05-15 18:30:22 - [TEST_STEP][PASSED] - Statement - out.println("Batchqty Is Less Than Rqty"): null

2018-05-15 18:30:22 - [TEST_STEP][PASSED] - Statement - product = new com.kms.katalon.core.testobject.TestObject(): null

2018-05-15 18:30:22 - [TEST_STEP][PASSED] - Statement - product = com.kms.katalon.core.webui.keyword.WebUiBuiltInKeywords.modifyObjectProperty(product, "xpath", "equals", "//*[@id = "fldvendor" + row + ""]", true): Modify property of object successfully

2018-05-15 18:30:22 - [MESSAGE][PASSED] - Modify property of object successfully

2018-05-15 18:30:22 - [TEST_STEP][PASSED] - selectOptionByIndex: All options with index in [2] are selected on object ''

2018-05-15 18:30:22 - [MESSAGE][PASSED] - All options with index in [2] are selected on object ''

2018-05-15 18:30:22 - [TEST_STEP][PASSED] - Statement - batch = new com.kms.katalon.core.testobject.TestObject(): null

2018-05-15 18:30:22 - [TEST_STEP][PASSED] - Statement - batch = com.kms.katalon.core.webui.keyword.WebUiBuiltInKeywords.modifyObjectProperty(batch, "xpath", "equals", "//*[@id = "txtbthqty" + row + ""]", true): Modify property of object successfully

2018-05-15 18:30:22 - [MESSAGE][PASSED] - Modify property of object successfully

2018-05-15 18:30:22 - [TEST_STEP][PASSED] - Statement - batchqty = com.kms.katalon.core.webui.keyword.WebUiBuiltInKeywords.getAttribute(batch, "value").trim(): Attribute 'value' of object '' is: '5000'

2018-05-15 18:30:22 - [MESSAGE][PASSED] - Attribute 'value' of object '' is: '5000'

2018-05-15 18:30:22 - [TEST_STEP][PASSED] - Statement - Rqty = 10000: null

2018-05-15 18:30:22 - [TEST_STEP][PASSED] - delay: Delayed 2 second(s)

2018-05-15 18:30:24 - [MESSAGE][PASSED] - Delayed 2 second(s)

2018-05-15 18:30:24 - [TEST_STEP][PASSED] - Statement - out.println("BatchQty : " + batchqty): null

2018-05-15 18:30:24 - [TEST_STEP][PASSED] - Statement - out.println("RQty : " + Rqty): null

2018-05-15 18:30:24 - [TEST_STEP][PASSED] - Statement - If (java.lang.Integer.valueOf(batchqty) >= java.lang.Integer.valueOf(Rqty)): null

2018-05-15 18:30:24 - [TEST_STEP][PASSED] - Statement - Else: null

2018-05-15 18:30:24 - [TEST_STEP][PASSED] - Statement - out.println("Batchqty Is Less Than Rqty"): null

2018-05-15 18:30:24 - [TEST_STEP][PASSED] - Statement - product = new com.kms.katalon.core.testobject.TestObject(): null

2018-05-15 18:30:24 - [TEST_STEP][PASSED] - Statement - product = com.kms.katalon.core.webui.keyword.WebUiBuiltInKeywords.modifyObjectProperty(product, "xpath", "equals", "//*[@id = "fldvendor" + row + ""]", true): Modify property of object successfully

2018-05-15 18:30:24 - [MESSAGE][PASSED] - Modify property of object successfully

2018-05-15 18:30:24 - [TEST_STEP][PASSED] - selectOptionByIndex: All options with index in [3] are selected on object ''

2018-05-15 18:30:25 - [MESSAGE][PASSED] - All options with index in [3] are selected on object ''

2018-05-15 18:30:25 - [TEST_STEP][PASSED] - Statement - batch = new com.kms.katalon.core.testobject.TestObject(): null

2018-05-15 18:30:25 - [TEST_STEP][PASSED] - Statement - batch = com.kms.katalon.core.webui.keyword.WebUiBuiltInKeywords.modifyObjectProperty(batch, "xpath", "equals", "//*[@id = "txtbthqty" + row + ""]", true): Modify property of object successfully

2018-05-15 18:30:25 - [MESSAGE][PASSED] - Modify property of object successfully

2018-05-15 18:30:25 - [TEST_STEP][PASSED] - Statement - batchqty = com.kms.katalon.core.webui.keyword.WebUiBuiltInKeywords.getAttribute(batch, "value").trim(): Attribute 'value' of object '' is: '40000'

2018-05-15 18:30:25 - [MESSAGE][PASSED] - Attribute 'value' of object '' is: '40000'

2018-05-15 18:30:25 - [TEST_STEP][PASSED] - Statement - Rqty = 10000: null

2018-05-15 18:30:25 - [TEST_STEP][PASSED] - delay: Delayed 2 second(s)

2018-05-15 18:30:27 - [MESSAGE][PASSED] - Delayed 2 second(s)

2018-05-15 18:30:27 - [TEST_STEP][PASSED] - Statement - out.println("BatchQty : " + batchqty): null

2018-05-15 18:30:27 - [TEST_STEP][PASSED] - Statement - out.println("RQty : " + Rqty): null

2018-05-15 18:30:27 - [TEST_STEP][PASSED] - Statement - If (java.lang.Integer.valueOf(batchqty) >= java.lang.Integer.valueOf(Rqty)): null

2018-05-15 18:30:27 - [TEST_STEP][PASSED] - Statement - Break: null

2018-05-15 18:30:27 - [TEST_STEP][PASSED] - Statement - batchlength = new com.kms.katalon.core.testobject.TestObject(): null

2018-05-15 18:30:27 - [TEST_STEP][PASSED] - Statement - batchlength = com.kms.katalon.core.webui.keyword.WebUiBuiltInKeywords.modifyObjectProperty(batchlength, "xpath", "equals", "//*[@id = "fldvendor" + row + ""]", true): Modify property of object successfully

2018-05-15 18:30:27 - [MESSAGE][PASSED] - Modify property of object successfully

2018-05-15 18:30:27 - [TEST_STEP][PASSED] - Statement - batchsize = com.kms.katalon.core.webui.keyword.WebUiBuiltInKeywords.getNumberOfTotalOption(batchlength): 4 options of object '' counted

2018-05-15 18:30:27 - [MESSAGE][PASSED] - 4 options of object '' counted

2018-05-15 18:30:27 - [TEST_STEP][PASSED] - Statement - out.println("BatchSize : " + batchsize): null

2018-05-15 18:30:27 - [TEST_STEP][PASSED] - Statement - For ([n = 1, n <= batchsize - 1, (n++)]): null

2018-05-15 18:30:27 - [TEST_STEP][PASSED] - Statement - product = new com.kms.katalon.core.testobject.TestObject(): null

2018-05-15 18:30:27 - [TEST_STEP][PASSED] - Statement - product = com.kms.katalon.core.webui.keyword.WebUiBuiltInKeywords.modifyObjectProperty(product, "xpath", "equals", "//*[@id = "fldvendor" + row + ""]", true): Modify property of object successfully

2018-05-15 18:30:27 - [MESSAGE][PASSED] - Modify property of object successfully

2018-05-15 18:30:27 - [TEST_STEP][PASSED] - selectOptionByIndex: All options with index in [1] are selected on object ''

2018-05-15 18:30:27 - [MESSAGE][PASSED] - All options with index in [1] are selected on object ''

2018-05-15 18:30:27 - [TEST_STEP][PASSED] - Statement - batch = new com.kms.katalon.core.testobject.TestObject(): null

2018-05-15 18:30:27 - [TEST_STEP][PASSED] - Statement - batch = com.kms.katalon.core.webui.keyword.WebUiBuiltInKeywords.modifyObjectProperty(batch, "xpath", "equals", "//*[@id = "txtbthqty" + row + ""]", true): Modify property of object successfully

2018-05-15 18:30:27 - [MESSAGE][PASSED] - Modify property of object successfully

2018-05-15 18:30:27 - [TEST_STEP][PASSED] - Statement - batchqty = com.kms.katalon.core.webui.keyword.WebUiBuiltInKeywords.getAttribute(batch, "value").trim(): Attribute 'value' of object '' is: '4000'

2018-05-15 18:30:27 - [MESSAGE][PASSED] - Attribute 'value' of object '' is: '4000'

2018-05-15 18:30:27 - [TEST_STEP][PASSED] - Statement - Rqty = 10000: null

2018-05-15 18:30:27 - [TEST_STEP][PASSED] - delay: Delayed 2 second(s)

2018-05-15 18:30:29 - [MESSAGE][PASSED] - Delayed 2 second(s)

2018-05-15 18:30:29 - [TEST_STEP][PASSED] - Statement - out.println("BatchQty : " + batchqty): null

2018-05-15 18:30:29 - [TEST_STEP][PASSED] - Statement - out.println("RQty : " + Rqty): null

2018-05-15 18:30:29 - [TEST_STEP][PASSED] - Statement - If (java.lang.Integer.valueOf(batchqty) >= java.lang.Integer.valueOf(Rqty)): null

2018-05-15 18:30:29 - [TEST_STEP][PASSED] - Statement - Else: null

2018-05-15 18:30:29 - [TEST_STEP][PASSED] - Statement - out.println("Batchqty Is Less Than Rqty"): null

2018-05-15 18:30:29 - [TEST_STEP][PASSED] - Statement - product = new com.kms.katalon.core.testobject.TestObject(): null

2018-05-15 18:30:29 - [TEST_STEP][PASSED] - Statement - product = com.kms.katalon.core.webui.keyword.WebUiBuiltInKeywords.modifyObjectProperty(product, "xpath", "equals", "//*[@id = "fldvendor" + row + ""]", true): Modify property of object successfully

2018-05-15 18:30:29 - [MESSAGE][PASSED] - Modify property of object successfully

2018-05-15 18:30:29 - [TEST_STEP][PASSED] - selectOptionByIndex: All options with index in [2] are selected on object ''

2018-05-15 18:30:29 - [MESSAGE][PASSED] - All options with index in [2] are selected on object ''

2018-05-15 18:30:29 - [TEST_STEP][PASSED] - Statement - batch = new com.kms.katalon.core.testobject.TestObject(): null

2018-05-15 18:30:29 - [TEST_STEP][PASSED] - Statement - batch = com.kms.katalon.core.webui.keyword.WebUiBuiltInKeywords.modifyObjectProperty(batch, "xpath", "equals", "//*[@id = "txtbthqty" + row + ""]", true): Modify property of object successfully

2018-05-15 18:30:29 - [MESSAGE][PASSED] - Modify property of object successfully

2018-05-15 18:30:29 - [TEST_STEP][PASSED] - Statement - batchqty = com.kms.katalon.core.webui.keyword.WebUiBuiltInKeywords.getAttribute(batch, "value").trim(): Attribute 'value' of object '' is: '5000'

2018-05-15 18:30:29 - [MESSAGE][PASSED] - Attribute 'value' of object '' is: '5000'

2018-05-15 18:30:29 - [TEST_STEP][PASSED] - Statement - Rqty = 10000: null

2018-05-15 18:30:29 - [TEST_STEP][PASSED] - delay: Delayed 2 second(s)

2018-05-15 18:30:31 - [MESSAGE][PASSED] - Delayed 2 second(s)

2018-05-15 18:30:31 - [TEST_STEP][PASSED] - Statement - out.println("BatchQty : " + batchqty): null

2018-05-15 18:30:31 - [TEST_STEP][PASSED] - Statement - out.println("RQty : " + Rqty): null

2018-05-15 18:30:31 - [TEST_STEP][PASSED] - Statement - If (java.lang.Integer.valueOf(batchqty) >= java.lang.Integer.valueOf(Rqty)): null

2018-05-15 18:30:31 - [TEST_STEP][PASSED] - Statement - Else: null

2018-05-15 18:30:31 - [TEST_STEP][PASSED] - Statement - out.println("Batchqty Is Less Than Rqty"): null

2018-05-15 18:30:31 - [TEST_STEP][PASSED] - Statement - product = new com.kms.katalon.core.testobject.TestObject(): null

2018-05-15 18:30:31 - [TEST_STEP][PASSED] - Statement - product = com.kms.katalon.core.webui.keyword.WebUiBuiltInKeywords.modifyObjectProperty(product, "xpath", "equals", "//*[@id = "fldvendor" + row + ""]", true): Modify property of object successfully

2018-05-15 18:30:31 - [MESSAGE][PASSED] - Modify property of object successfully

2018-05-15 18:30:31 - [TEST_STEP][PASSED] - selectOptionByIndex: All options with index in [3] are selected on object ''

2018-05-15 18:30:31 - [MESSAGE][PASSED] - All options with index in [3] are selected on object ''

2018-05-15 18:30:31 - [TEST_STEP][PASSED] - Statement - batch = new com.kms.katalon.core.testobject.TestObject(): null

2018-05-15 18:30:31 - [TEST_STEP][PASSED] - Statement - batch = com.kms.katalon.core.webui.keyword.WebUiBuiltInKeywords.modifyObjectProperty(batch, "xpath", "equals", "//*[@id = "txtbthqty" + row + ""]", true): Modify property of object successfully

2018-05-15 18:30:31 - [MESSAGE][PASSED] - Modify property of object successfully

2018-05-15 18:30:31 - [TEST_STEP][PASSED] - Statement - batchqty = com.kms.katalon.core.webui.keyword.WebUiBuiltInKeywords.getAttribute(batch, "value").trim(): Attribute 'value' of object '' is: '40000'

2018-05-15 18:30:31 - [MESSAGE][PASSED] - Attribute 'value' of object '' is: '40000'

2018-05-15 18:30:31 - [TEST_STEP][PASSED] - Statement - Rqty = 10000: null

2018-05-15 18:30:31 - [TEST_STEP][PASSED] - delay: Delayed 2 second(s)

2018-05-15 18:30:33 - [MESSAGE][PASSED] - Delayed 2 second(s)

2018-05-15 18:30:33 - [TEST_STEP][PASSED] - Statement - out.println("BatchQty : " + batchqty): null

2018-05-15 18:30:33 - [TEST_STEP][PASSED] - Statement - out.println("RQty : " + Rqty): null

2018-05-15 18:30:33 - [TEST_STEP][PASSED] - Statement - If (java.lang.Integer.valueOf(batchqty) >= java.lang.Integer.valueOf(Rqty)): null

2018-05-15 18:30:33 - [TEST_STEP][PASSED] - Statement - Break: null

2018-05-15 18:30:33 - [TEST_STEP][PASSED] - Statement - batchlength = new com.kms.katalon.core.testobject.TestObject(): null

2018-05-15 18:30:33 - [TEST_STEP][PASSED] - Statement - batchlength = com.kms.katalon.core.webui.keyword.WebUiBuiltInKeywords.modifyObjectProperty(batchlength, "xpath", "equals", "//*[@id = "fldvendor" + row + ""]", true): Modify property of object successfully

2018-05-15 18:30:33 - [MESSAGE][PASSED] - Modify property of object successfully

2018-05-15 18:30:33 - [TEST_STEP][PASSED] - Statement - batchsize = com.kms.katalon.core.webui.keyword.WebUiBuiltInKeywords.getNumberOfTotalOption(batchlength): 4 options of object '' counted

2018-05-15 18:30:33 - [MESSAGE][PASSED] - 4 options of object '' counted

2018-05-15 18:30:33 - [TEST_STEP][PASSED] - Statement - out.println("BatchSize : " + batchsize): null

2018-05-15 18:30:33 - [TEST_STEP][PASSED] - Statement - For ([n = 1, n <= batchsize - 1, (n++)]): null

2018-05-15 18:30:33 - [TEST_STEP][PASSED] - Statement - product = new com.kms.katalon.core.testobject.TestObject(): null

2018-05-15 18:30:33 - [TEST_STEP][PASSED] - Statement - product = com.kms.katalon.core.webui.keyword.WebUiBuiltInKeywords.modifyObjectProperty(product, "xpath", "equals", "//*[@id = "fldvendor" + row + ""]", true): Modify property of object successfully

2018-05-15 18:30:33 - [MESSAGE][PASSED] - Modify property of object successfully

2018-05-15 18:30:33 - [TEST_STEP][PASSED] - selectOptionByIndex: All options with index in [1] are selected on object ''

2018-05-15 18:30:33 - [MESSAGE][PASSED] - All options with index in [1] are selected on object ''

2018-05-15 18:30:33 - [TEST_STEP][PASSED] - Statement - batch = new com.kms.katalon.core.testobject.TestObject(): null

2018-05-15 18:30:33 - [TEST_STEP][PASSED] - Statement - batch = com.kms.katalon.core.webui.keyword.WebUiBuiltInKeywords.modifyObjectProperty(batch, "xpath", "equals", "//*[@id = "txtbthqty" + row + ""]", true): Modify property of object successfully

2018-05-15 18:30:33 - [MESSAGE][PASSED] - Modify property of object successfully

2018-05-15 18:30:33 - [TEST_STEP][PASSED] - Statement - batchqty = com.kms.katalon.core.webui.keyword.WebUiBuiltInKeywords.getAttribute(batch, "value").trim(): Attribute 'value' of object '' is: '5000'

2018-05-15 18:30:33 - [MESSAGE][PASSED] - Attribute 'value' of object '' is: '5000'

2018-05-15 18:30:33 - [TEST_STEP][PASSED] - Statement - Rqty = 10000: null

2018-05-15 18:30:33 - [TEST_STEP][PASSED] - delay: Delayed 2 second(s)

2018-05-15 18:30:35 - [MESSAGE][PASSED] - Delayed 2 second(s)

2018-05-15 18:30:35 - [TEST_STEP][PASSED] - Statement - out.println("BatchQty : " + batchqty): null

2018-05-15 18:30:35 - [TEST_STEP][PASSED] - Statement - out.println("RQty : " + Rqty): null

2018-05-15 18:30:35 - [TEST_STEP][PASSED] - Statement - If (java.lang.Integer.valueOf(batchqty) >= java.lang.Integer.valueOf(Rqty)): null

2018-05-15 18:30:35 - [TEST_STEP][PASSED] - Statement - Else: null

2018-05-15 18:30:35 - [TEST_STEP][PASSED] - Statement - out.println("Batchqty Is Less Than Rqty"): null

2018-05-15 18:30:35 - [TEST_STEP][PASSED] - Statement - product = new com.kms.katalon.core.testobject.TestObject(): null

2018-05-15 18:30:35 - [TEST_STEP][PASSED] - Statement - product = com.kms.katalon.core.webui.keyword.WebUiBuiltInKeywords.modifyObjectProperty(product, "xpath", "equals", "//*[@id = "fldvendor" + row + ""]", true): Modify property of object successfully

2018-05-15 18:30:35 - [MESSAGE][PASSED] - Modify property of object successfully

2018-05-15 18:30:35 - [TEST_STEP][PASSED] - selectOptionByIndex: All options with index in [2] are selected on object ''

2018-05-15 18:30:36 - [MESSAGE][PASSED] - All options with index in [2] are selected on object ''

2018-05-15 18:30:36 - [TEST_STEP][PASSED] - Statement - batch = new com.kms.katalon.core.testobject.TestObject(): null

2018-05-15 18:30:36 - [TEST_STEP][PASSED] - Statement - batch = com.kms.katalon.core.webui.keyword.WebUiBuiltInKeywords.modifyObjectProperty(batch, "xpath", "equals", "//*[@id = "txtbthqty" + row + ""]", true): Modify property of object successfully

2018-05-15 18:30:36 - [MESSAGE][PASSED] - Modify property of object successfully

2018-05-15 18:30:36 - [TEST_STEP][PASSED] - Statement - batchqty = com.kms.katalon.core.webui.keyword.WebUiBuiltInKeywords.getAttribute(batch, "value").trim(): Attribute 'value' of object '' is: '4000'

2018-05-15 18:30:36 - [MESSAGE][PASSED] - Attribute 'value' of object '' is: '4000'

2018-05-15 18:30:36 - [TEST_STEP][PASSED] - Statement - Rqty = 10000: null

2018-05-15 18:30:36 - [TEST_STEP][PASSED] - delay: Delayed 2 second(s)

2018-05-15 18:30:38 - [MESSAGE][PASSED] - Delayed 2 second(s)

2018-05-15 18:30:38 - [TEST_STEP][PASSED] - Statement - out.println("BatchQty : " + batchqty): null

2018-05-15 18:30:38 - [TEST_STEP][PASSED] - Statement - out.println("RQty : " + Rqty): null

2018-05-15 18:30:38 - [TEST_STEP][PASSED] - Statement - If (java.lang.Integer.valueOf(batchqty) >= java.lang.Integer.valueOf(Rqty)): null

2018-05-15 18:30:38 - [TEST_STEP][PASSED] - Statement - Else: null

2018-05-15 18:30:38 - [TEST_STEP][PASSED] - Statement - out.println("Batchqty Is Less Than Rqty"): null

2018-05-15 18:30:38 - [TEST_STEP][PASSED] - Statement - product = new com.kms.katalon.core.testobject.TestObject(): null

2018-05-15 18:30:38 - [TEST_STEP][PASSED] - Statement - product = com.kms.katalon.core.webui.keyword.WebUiBuiltInKeywords.modifyObjectProperty(product, "xpath", "equals", "//*[@id = "fldvendor" + row + ""]", true): Modify property of object successfully

2018-05-15 18:30:38 - [MESSAGE][PASSED] - Modify property of object successfully

2018-05-15 18:30:38 - [TEST_STEP][PASSED] - selectOptionByIndex: All options with index in [3] are selected on object ''

2018-05-15 18:30:38 - [MESSAGE][PASSED] - All options with index in [3] are selected on object ''

2018-05-15 18:30:38 - [TEST_STEP][PASSED] - Statement - batch = new com.kms.katalon.core.testobject.TestObject(): null

2018-05-15 18:30:38 - [TEST_STEP][PASSED] - Statement - batch = com.kms.katalon.core.webui.keyword.WebUiBuiltInKeywords.modifyObjectProperty(batch, "xpath", "equals", "//*[@id = "txtbthqty" + row + ""]", true): Modify property of object successfully

2018-05-15 18:30:38 - [MESSAGE][PASSED] - Modify property of object successfully

2018-05-15 18:30:38 - [TEST_STEP][PASSED] - Statement - batchqty = com.kms.katalon.core.webui.keyword.WebUiBuiltInKeywords.getAttribute(batch, "value").trim(): Attribute 'value' of object '' is: '40000'

2018-05-15 18:30:38 - [MESSAGE][PASSED] - Attribute 'value' of object '' is: '40000'

2018-05-15 18:30:38 - [TEST_STEP][PASSED] - Statement - Rqty = 10000: null

2018-05-15 18:30:38 - [TEST_STEP][PASSED] - delay: Delayed 2 second(s)

2018-05-15 18:30:40 - [MESSAGE][PASSED] - Delayed 2 second(s)

2018-05-15 18:30:40 - [TEST_STEP][PASSED] - Statement - out.println("BatchQty : " + batchqty): null

2018-05-15 18:30:40 - [TEST_STEP][PASSED] - Statement - out.println("RQty : " + Rqty): null

2018-05-15 18:30:40 - [TEST_STEP][PASSED] - Statement - If (java.lang.Integer.valueOf(batchqty) >= java.lang.Integer.valueOf(Rqty)): null

2018-05-15 18:30:40 - [TEST_STEP][PASSED] - Statement - Break: null

2018-05-15 18:30:40 - [TEST_STEP][PASSED] - Statement - batchlength = new com.kms.katalon.core.testobject.TestObject(): null

2018-05-15 18:30:40 - [TEST_STEP][PASSED] - Statement - batchlength = com.kms.katalon.core.webui.keyword.WebUiBuiltInKeywords.modifyObjectProperty(batchlength, "xpath", "equals", "//*[@id = "fldvendor" + row + ""]", true): Modify property of object successfully

2018-05-15 18:30:40 - [MESSAGE][PASSED] - Modify property of object successfully

2018-05-15 18:30:40 - [TEST_STEP][PASSED] - Statement - batchsize = com.kms.katalon.core.webui.keyword.WebUiBuiltInKeywords.getNumberOfTotalOption(batchlength): 4 options of object '' counted

2018-05-15 18:30:40 - [MESSAGE][PASSED] - 4 options of object '' counted

2018-05-15 18:30:40 - [TEST_STEP][PASSED] - Statement - out.println("BatchSize : " + batchsize): null

2018-05-15 18:30:40 - [TEST_STEP][PASSED] - Statement - For ([n = 1, n <= batchsize - 1, (n++)]): null

2018-05-15 18:30:40 - [TEST_STEP][PASSED] - Statement - product = new com.kms.katalon.core.testobject.TestObject(): null

2018-05-15 18:30:40 - [TEST_STEP][PASSED] - Statement - product = com.kms.katalon.core.webui.keyword.WebUiBuiltInKeywords.modifyObjectProperty(product, "xpath", "equals", "//*[@id = "fldvendor" + row + ""]", true): Modify property of object successfully

2018-05-15 18:30:40 - [MESSAGE][PASSED] - Modify property of object successfully

2018-05-15 18:30:40 - [TEST_STEP][PASSED] - selectOptionByIndex: All options with index in [1] are selected on object ''

2018-05-15 18:30:40 - [MESSAGE][PASSED] - All options with index in [1] are selected on object ''

2018-05-15 18:30:40 - [TEST_STEP][PASSED] - Statement - batch = new com.kms.katalon.core.testobject.TestObject(): null

2018-05-15 18:30:40 - [TEST_STEP][PASSED] - Statement - batch = com.kms.katalon.core.webui.keyword.WebUiBuiltInKeywords.modifyObjectProperty(batch, "xpath", "equals", "//*[@id = "txtbthqty" + row + ""]", true): Modify property of object successfully

2018-05-15 18:30:40 - [MESSAGE][PASSED] - Modify property of object successfully

2018-05-15 18:30:40 - [TEST_STEP][PASSED] - Statement - batchqty = com.kms.katalon.core.webui.keyword.WebUiBuiltInKeywords.getAttribute(batch, "value").trim(): Attribute 'value' of object '' is: '5000'

2018-05-15 18:30:40 - [MESSAGE][PASSED] - Attribute 'value' of object '' is: '5000'

2018-05-15 18:30:40 - [TEST_STEP][PASSED] - Statement - Rqty = 10000: null

2018-05-15 18:30:40 - [TEST_STEP][PASSED] - delay: Delayed 2 second(s)

2018-05-15 18:30:42 - [MESSAGE][PASSED] - Delayed 2 second(s)

2018-05-15 18:30:42 - [TEST_STEP][PASSED] - Statement - out.println("BatchQty : " + batchqty): null

2018-05-15 18:30:42 - [TEST_STEP][PASSED] - Statement - out.println("RQty : " + Rqty): null

2018-05-15 18:30:42 - [TEST_STEP][PASSED] - Statement - If (java.lang.Integer.valueOf(batchqty) >= java.lang.Integer.valueOf(Rqty)): null

2018-05-15 18:30:42 - [TEST_STEP][PASSED] - Statement - Else: null

2018-05-15 18:30:42 - [TEST_STEP][PASSED] - Statement - out.println("Batchqty Is Less Than Rqty"): null

2018-05-15 18:30:42 - [TEST_STEP][PASSED] - Statement - product = new com.kms.katalon.core.testobject.TestObject(): null

2018-05-15 18:30:42 - [TEST_STEP][PASSED] - Statement - product = com.kms.katalon.core.webui.keyword.WebUiBuiltInKeywords.modifyObjectProperty(product, "xpath", "equals", "//*[@id = "fldvendor" + row + ""]", true): Modify property of object successfully

2018-05-15 18:30:42 - [MESSAGE][PASSED] - Modify property of object successfully

2018-05-15 18:30:42 - [TEST_STEP][PASSED] - selectOptionByIndex: All options with index in [2] are selected on object ''

2018-05-15 18:30:42 - [MESSAGE][PASSED] - All options with index in [2] are selected on object ''

2018-05-15 18:30:42 - [TEST_STEP][PASSED] - Statement - batch = new com.kms.katalon.core.testobject.TestObject(): null

2018-05-15 18:30:42 - [TEST_STEP][PASSED] - Statement - batch = com.kms.katalon.core.webui.keyword.WebUiBuiltInKeywords.modifyObjectProperty(batch, "xpath", "equals", "//*[@id = "txtbthqty" + row + ""]", true): Modify property of object successfully

2018-05-15 18:30:42 - [MESSAGE][PASSED] - Modify property of object successfully

2018-05-15 18:30:42 - [TEST_STEP][PASSED] - Statement - batchqty = com.kms.katalon.core.webui.keyword.WebUiBuiltInKeywords.getAttribute(batch, "value").trim(): Attribute 'value' of object '' is: '39000'

2018-05-15 18:30:42 - [MESSAGE][PASSED] - Attribute 'value' of object '' is: '39000'

2018-05-15 18:30:42 - [TEST_STEP][PASSED] - Statement - Rqty = 10000: null

2018-05-15 18:30:42 - [TEST_STEP][PASSED] - delay: Delayed 2 second(s)

2018-05-15 18:30:44 - [MESSAGE][PASSED] - Delayed 2 second(s)

2018-05-15 18:30:44 - [TEST_STEP][PASSED] - Statement - out.println("BatchQty : " + batchqty): null

2018-05-15 18:30:44 - [TEST_STEP][PASSED] - Statement - out.println("RQty : " + Rqty): null

2018-05-15 18:30:44 - [TEST_STEP][PASSED] - Statement - If (java.lang.Integer.valueOf(batchqty) >= java.lang.Integer.valueOf(Rqty)): null

2018-05-15 18:30:44 - [TEST_STEP][PASSED] - Statement - Break: null

2018-05-15 18:30:44 - [TEST_STEP][PASSED] - Statement - batchlength = new com.kms.katalon.core.testobject.TestObject(): null

2018-05-15 18:30:44 - [TEST_STEP][PASSED] - Statement - batchlength = com.kms.katalon.core.webui.keyword.WebUiBuiltInKeywords.modifyObjectProperty(batchlength, "xpath", "equals", "//*[@id = "fldvendor" + row + ""]", true): Modify property of object successfully

2018-05-15 18:30:44 - [MESSAGE][PASSED] - Modify property of object successfully

2018-05-15 18:30:44 - [TEST_STEP][PASSED] - Statement - batchsize = com.kms.katalon.core.webui.keyword.WebUiBuiltInKeywords.getNumberOfTotalOption(batchlength): 4 options of object '' counted

2018-05-15 18:30:44 - [MESSAGE][PASSED] - 4 options of object '' counted

2018-05-15 18:30:44 - [TEST_STEP][PASSED] - Statement - out.println("BatchSize : " + batchsize): null

2018-05-15 18:30:44 - [TEST_STEP][PASSED] - Statement - For ([n = 1, n <= batchsize - 1, (n++)]): null

2018-05-15 18:30:44 - [TEST_STEP][PASSED] - Statement - product = new com.kms.katalon.core.testobject.TestObject(): null

2018-05-15 18:30:44 - [TEST_STEP][PASSED] - Statement - product = com.kms.katalon.core.webui.keyword.WebUiBuiltInKeywords.modifyObjectProperty(product, "xpath", "equals", "//*[@id = "fldvendor" + row + ""]", true): Modify property of object successfully

2018-05-15 18:30:44 - [MESSAGE][PASSED] - Modify property of object successfully

2018-05-15 18:30:44 - [TEST_STEP][PASSED] - selectOptionByIndex: All options with index in [1] are selected on object ''

2018-05-15 18:30:45 - [MESSAGE][PASSED] - All options with index in [1] are selected on object ''

2018-05-15 18:30:45 - [TEST_STEP][PASSED] - Statement - batch = new com.kms.katalon.core.testobject.TestObject(): null

2018-05-15 18:30:45 - [TEST_STEP][PASSED] - Statement - batch = com.kms.katalon.core.webui.keyword.WebUiBuiltInKeywords.modifyObjectProperty(batch, "xpath", "equals", "//*[@id = "txtbthqty" + row + ""]", true): Modify property of object successfully

2018-05-15 18:30:45 - [MESSAGE][PASSED] - Modify property of object successfully

2018-05-15 18:30:45 - [TEST_STEP][PASSED] - Statement - batchqty = com.kms.katalon.core.webui.keyword.WebUiBuiltInKeywords.getAttribute(batch, "value").trim(): Attribute 'value' of object '' is: '4000'

2018-05-15 18:30:45 - [MESSAGE][PASSED] - Attribute 'value' of object '' is: '4000'

2018-05-15 18:30:45 - [TEST_STEP][PASSED] - Statement - Rqty = 10000: null

2018-05-15 18:30:45 - [TEST_STEP][PASSED] - delay: Delayed 2 second(s)

2018-05-15 18:30:47 - [MESSAGE][PASSED] - Delayed 2 second(s)

2018-05-15 18:30:47 - [TEST_STEP][PASSED] - Statement - out.println("BatchQty : " + batchqty): null

2018-05-15 18:30:47 - [TEST_STEP][PASSED] - Statement - out.println("RQty : " + Rqty): null

2018-05-15 18:30:47 - [TEST_STEP][PASSED] - Statement - If (java.lang.Integer.valueOf(batchqty) >= java.lang.Integer.valueOf(Rqty)): null

2018-05-15 18:30:47 - [TEST_STEP][PASSED] - Statement - Else: null

2018-05-15 18:30:47 - [TEST_STEP][PASSED] - Statement - out.println("Batchqty Is Less Than Rqty"): null

2018-05-15 18:30:47 - [TEST_STEP][PASSED] - Statement - product = new com.kms.katalon.core.testobject.TestObject(): null

2018-05-15 18:30:47 - [TEST_STEP][PASSED] - Statement - product = com.kms.katalon.core.webui.keyword.WebUiBuiltInKeywords.modifyObjectProperty(product, "xpath", "equals", "//*[@id = "fldvendor" + row + ""]", true): Modify property of object successfully

2018-05-15 18:30:47 - [MESSAGE][PASSED] - Modify property of object successfully

2018-05-15 18:30:47 - [TEST_STEP][PASSED] - selectOptionByIndex: All options with index in [2] are selected on object ''

2018-05-15 18:30:47 - [MESSAGE][PASSED] - All options with index in [2] are selected on object ''

2018-05-15 18:30:47 - [TEST_STEP][PASSED] - Statement - batch = new com.kms.katalon.core.testobject.TestObject(): null

2018-05-15 18:30:47 - [TEST_STEP][PASSED] - Statement - batch = com.kms.katalon.core.webui.keyword.WebUiBuiltInKeywords.modifyObjectProperty(batch, "xpath", "equals", "//*[@id = "txtbthqty" + row + ""]", true): Modify property of object successfully

2018-05-15 18:30:47 - [MESSAGE][PASSED] - Modify property of object successfully

2018-05-15 18:30:47 - [TEST_STEP][PASSED] - Statement - batchqty = com.kms.katalon.core.webui.keyword.WebUiBuiltInKeywords.getAttribute(batch, "value").trim(): Attribute 'value' of object '' is: '5000'

2018-05-15 18:30:47 - [MESSAGE][PASSED] - Attribute 'value' of object '' is: '5000'

2018-05-15 18:30:47 - [TEST_STEP][PASSED] - Statement - Rqty = 10000: null

2018-05-15 18:30:47 - [TEST_STEP][PASSED] - delay: Delayed 2 second(s)

2018-05-15 18:30:49 - [MESSAGE][PASSED] - Delayed 2 second(s)

2018-05-15 18:30:49 - [TEST_STEP][PASSED] - Statement - out.println("BatchQty : " + batchqty): null

2018-05-15 18:30:49 - [TEST_STEP][PASSED] - Statement - out.println("RQty : " + Rqty): null

2018-05-15 18:30:49 - [TEST_STEP][PASSED] - Statement - If (java.lang.Integer.valueOf(batchqty) >= java.lang.Integer.valueOf(Rqty)): null

2018-05-15 18:30:49 - [TEST_STEP][PASSED] - Statement - Else: null

2018-05-15 18:30:49 - [TEST_STEP][PASSED] - Statement - out.println("Batchqty Is Less Than Rqty"): null

2018-05-15 18:30:49 - [TEST_STEP][PASSED] - Statement - product = new com.kms.katalon.core.testobject.TestObject(): null

2018-05-15 18:30:49 - [TEST_STEP][PASSED] - Statement - product = com.kms.katalon.core.webui.keyword.WebUiBuiltInKeywords.modifyObjectProperty(product, "xpath", "equals", "//*[@id = "fldvendor" + row + ""]", true): Modify property of object successfully

2018-05-15 18:30:49 - [MESSAGE][PASSED] - Modify property of object successfully

2018-05-15 18:30:49 - [TEST_STEP][PASSED] - selectOptionByIndex: All options with index in [3] are selected on object ''

2018-05-15 18:30:49 - [MESSAGE][PASSED] - All options with index in [3] are selected on object ''

2018-05-15 18:30:49 - [TEST_STEP][PASSED] - Statement - batch = new com.kms.katalon.core.testobject.TestObject(): null

2018-05-15 18:30:49 - [TEST_STEP][PASSED] - Statement - batch = com.kms.katalon.core.webui.keyword.WebUiBuiltInKeywords.modifyObjectProperty(batch, "xpath", "equals", "//*[@id = "txtbthqty" + row + ""]", true): Modify property of object successfully

2018-05-15 18:30:49 - [MESSAGE][PASSED] - Modify property of object successfully

2018-05-15 18:30:49 - [TEST_STEP][PASSED] - Statement - batchqty = com.kms.katalon.core.webui.keyword.WebUiBuiltInKeywords.getAttribute(batch, "value").trim(): Attribute 'value' of object '' is: '40000'

2018-05-15 18:30:49 - [MESSAGE][PASSED] - Attribute 'value' of object '' is: '40000'

2018-05-15 18:30:49 - [TEST_STEP][PASSED] - Statement - Rqty = 10000: null

2018-05-15 18:30:49 - [TEST_STEP][PASSED] - delay: Delayed 2 second(s)

2018-05-15 18:30:51 - [MESSAGE][PASSED] - Delayed 2 second(s)

2018-05-15 18:30:51 - [TEST_STEP][PASSED] - Statement - out.println("BatchQty : " + batchqty): null

2018-05-15 18:30:51 - [TEST_STEP][PASSED] - Statement - out.println("RQty : " + Rqty): null

2018-05-15 18:30:51 - [TEST_STEP][PASSED] - Statement - If (java.lang.Integer.valueOf(batchqty) >= java.lang.Integer.valueOf(Rqty)): null

2018-05-15 18:30:51 - [TEST_STEP][PASSED] - Statement - Break: null

2018-05-15 18:30:51 - [TEST_STEP][PASSED] - Statement - batchlength = new com.kms.katalon.core.testobject.TestObject(): null

2018-05-15 18:30:51 - [TEST_STEP][PASSED] - Statement - batchlength = com.kms.katalon.core.webui.keyword.WebUiBuiltInKeywords.modifyObjectProperty(batchlength, "xpath", "equals", "//*[@id = "fldvendor" + row + ""]", true): Modify property of object successfully

2018-05-15 18:30:51 - [MESSAGE][PASSED] - Modify property of object successfully

2018-05-15 18:30:51 - [TEST_STEP][PASSED] - Statement - batchsize = com.kms.katalon.core.webui.keyword.WebUiBuiltInKeywords.getNumberOfTotalOption(batchlength): 4 options of object '' counted

2018-05-15 18:30:51 - [MESSAGE][PASSED] - 4 options of object '' counted

2018-05-15 18:30:51 - [TEST_STEP][PASSED] - Statement - out.println("BatchSize : " + batchsize): null

2018-05-15 18:30:51 - [TEST_STEP][PASSED] - Statement - For ([n = 1, n <= batchsize - 1, (n++)]): null

2018-05-15 18:30:51 - [TEST_STEP][PASSED] - Statement - product = new com.kms.katalon.core.testobject.TestObject(): null

2018-05-15 18:30:51 - [TEST_STEP][PASSED] - Statement - product = com.kms.katalon.core.webui.keyword.WebUiBuiltInKeywords.modifyObjectProperty(product, "xpath", "equals", "//*[@id = "fldvendor" + row + ""]", true): Modify property of object successfully

2018-05-15 18:30:51 - [MESSAGE][PASSED] - Modify property of object successfully

2018-05-15 18:30:51 - [TEST_STEP][PASSED] - selectOptionByIndex: All options with index in [1] are selected on object ''

2018-05-15 18:30:51 - [MESSAGE][PASSED] - All options with index in [1] are selected on object ''

2018-05-15 18:30:51 - [TEST_STEP][PASSED] - Statement - batch = new com.kms.katalon.core.testobject.TestObject(): null

2018-05-15 18:30:51 - [TEST_STEP][PASSED] - Statement - batch = com.kms.katalon.core.webui.keyword.WebUiBuiltInKeywords.modifyObjectProperty(batch, "xpath", "equals", "//*[@id = "txtbthqty" + row + ""]", true): Modify property of object successfully

2018-05-15 18:30:51 - [MESSAGE][PASSED] - Modify property of object successfully

2018-05-15 18:30:51 - [TEST_STEP][PASSED] - Statement - batchqty = com.kms.katalon.core.webui.keyword.WebUiBuiltInKeywords.getAttribute(batch, "value").trim(): Attribute 'value' of object '' is: '5000'

2018-05-15 18:30:51 - [MESSAGE][PASSED] - Attribute 'value' of object '' is: '5000'

2018-05-15 18:30:51 - [TEST_STEP][PASSED] - Statement - Rqty = 10000: null

2018-05-15 18:30:51 - [TEST_STEP][PASSED] - delay: Delayed 2 second(s)

2018-05-15 18:30:53 - [MESSAGE][PASSED] - Delayed 2 second(s)

2018-05-15 18:30:53 - [TEST_STEP][PASSED] - Statement - out.println("BatchQty : " + batchqty): null

2018-05-15 18:30:53 - [TEST_STEP][PASSED] - Statement - out.println("RQty : " + Rqty): null

2018-05-15 18:30:53 - [TEST_STEP][PASSED] - Statement - If (java.lang.Integer.valueOf(batchqty) >= java.lang.Integer.valueOf(Rqty)): null

2018-05-15 18:30:53 - [TEST_STEP][PASSED] - Statement - Else: null

2018-05-15 18:30:53 - [TEST_STEP][PASSED] - Statement - out.println("Batchqty Is Less Than Rqty"): null

2018-05-15 18:30:53 - [TEST_STEP][PASSED] - Statement - product = new com.kms.katalon.core.testobject.TestObject(): null

2018-05-15 18:30:53 - [TEST_STEP][PASSED] - Statement - product = com.kms.katalon.core.webui.keyword.WebUiBuiltInKeywords.modifyObjectProperty(product, "xpath", "equals", "//*[@id = "fldvendor" + row + ""]", true): Modify property of object successfully

2018-05-15 18:30:53 - [MESSAGE][PASSED] - Modify property of object successfully

2018-05-15 18:30:53 - [TEST_STEP][PASSED] - selectOptionByIndex: All options with index in [2] are selected on object ''

2018-05-15 18:30:53 - [MESSAGE][PASSED] - All options with index in [2] are selected on object ''

2018-05-15 18:30:53 - [TEST_STEP][PASSED] - Statement - batch = new com.kms.katalon.core.testobject.TestObject(): null

2018-05-15 18:30:53 - [TEST_STEP][PASSED] - Statement - batch = com.kms.katalon.core.webui.keyword.WebUiBuiltInKeywords.modifyObjectProperty(batch, "xpath", "equals", "//*[@id = "txtbthqty" + row + ""]", true): Modify property of object successfully

2018-05-15 18:30:53 - [MESSAGE][PASSED] - Modify property of object successfully

2018-05-15 18:30:53 - [TEST_STEP][PASSED] - Statement - batchqty = com.kms.katalon.core.webui.keyword.WebUiBuiltInKeywords.getAttribute(batch, "value").trim(): Attribute 'value' of object '' is: '4000'

2018-05-15 18:30:53 - [MESSAGE][PASSED] - Attribute 'value' of object '' is: '4000'

2018-05-15 18:30:53 - [TEST_STEP][PASSED] - Statement - Rqty = 10000: null

2018-05-15 18:30:53 - [TEST_STEP][PASSED] - delay: Delayed 2 second(s)

2018-05-15 18:30:55 - [MESSAGE][PASSED] - Delayed 2 second(s)

2018-05-15 18:30:55 - [TEST_STEP][PASSED] - Statement - out.println("BatchQty : " + batchqty): null

2018-05-15 18:30:55 - [TEST_STEP][PASSED] - Statement - out.println("RQty : " + Rqty): null

2018-05-15 18:30:55 - [TEST_STEP][PASSED] - Statement - If (java.lang.Integer.valueOf(batchqty) >= java.lang.Integer.valueOf(Rqty)): null

2018-05-15 18:30:55 - [TEST_STEP][PASSED] - Statement - Else: null

2018-05-15 18:30:55 - [TEST_STEP][PASSED] - Statement - out.println("Batchqty Is Less Than Rqty"): null

2018-05-15 18:30:55 - [TEST_STEP][PASSED] - Statement - product = new com.kms.katalon.core.testobject.TestObject(): null

2018-05-15 18:30:55 - [TEST_STEP][PASSED] - Statement - product = com.kms.katalon.core.webui.keyword.WebUiBuiltInKeywords.modifyObjectProperty(product, "xpath", "equals", "//*[@id = "fldvendor" + row + ""]", true): Modify property of object successfully

2018-05-15 18:30:55 - [MESSAGE][PASSED] - Modify property of object successfully

2018-05-15 18:30:55 - [TEST_STEP][PASSED] - selectOptionByIndex: All options with index in [3] are selected on object ''

2018-05-15 18:30:56 - [MESSAGE][PASSED] - All options with index in [3] are selected on object ''

2018-05-15 18:30:56 - [TEST_STEP][PASSED] - Statement - batch = new com.kms.katalon.core.testobject.TestObject(): null

2018-05-15 18:30:56 - [TEST_STEP][PASSED] - Statement - batch = com.kms.katalon.core.webui.keyword.WebUiBuiltInKeywords.modifyObjectProperty(batch, "xpath", "equals", "//*[@id = "txtbthqty" + row + ""]", true): Modify property of object successfully

2018-05-15 18:30:56 - [MESSAGE][PASSED] - Modify property of object successfully

2018-05-15 18:30:56 - [TEST_STEP][PASSED] - Statement - batchqty = com.kms.katalon.core.webui.keyword.WebUiBuiltInKeywords.getAttribute(batch, "value").trim(): Attribute 'value' of object '' is: '40000'

2018-05-15 18:30:56 - [MESSAGE][PASSED] - Attribute 'value' of object '' is: '40000'

2018-05-15 18:30:56 - [TEST_STEP][PASSED] - Statement - Rqty = 10000: null

2018-05-15 18:30:56 - [TEST_STEP][PASSED] - delay: Delayed 2 second(s)

2018-05-15 18:30:58 - [MESSAGE][PASSED] - Delayed 2 second(s)

2018-05-15 18:30:58 - [TEST_STEP][PASSED] - Statement - out.println("BatchQty : " + batchqty): null

2018-05-15 18:30:58 - [TEST_STEP][PASSED] - Statement - out.println("RQty : " + Rqty): null

2018-05-15 18:30:58 - [TEST_STEP][PASSED] - Statement - If (java.lang.Integer.valueOf(batchqty) >= java.lang.Integer.valueOf(Rqty)): null

2018-05-15 18:30:58 - [TEST_STEP][PASSED] - Statement - Break: null

2018-05-15 18:30:58 - [TEST_STEP][PASSED] - Statement - batchlength = new com.kms.katalon.core.testobject.TestObject(): null

2018-05-15 18:30:58 - [TEST_STEP][PASSED] - Statement - batchlength = com.kms.katalon.core.webui.keyword.WebUiBuiltInKeywords.modifyObjectProperty(batchlength, "xpath", "equals", "//*[@id = "fldvendor" + row + ""]", true): Modify property of object successfully

2018-05-15 18:30:58 - [MESSAGE][PASSED] - Modify property of object successfully

2018-05-15 18:30:58 - [TEST_STEP][PASSED] - Statement - batchsize = com.kms.katalon.core.webui.keyword.WebUiBuiltInKeywords.getNumberOfTotalOption(batchlength): 4 options of object '' counted

2018-05-15 18:30:58 - [MESSAGE][PASSED] - 4 options of object '' counted

2018-05-15 18:30:58 - [TEST_STEP][PASSED] - Statement - out.println("BatchSize : " + batchsize): null

2018-05-15 18:30:58 - [TEST_STEP][PASSED] - Statement - For ([n = 1, n <= batchsize - 1, (n++)]): null

2018-05-15 18:30:58 - [TEST_STEP][PASSED] - Statement - product = new com.kms.katalon.core.testobject.TestObject(): null

2018-05-15 18:30:58 - [TEST_STEP][PASSED] - Statement - product = com.kms.katalon.core.webui.keyword.WebUiBuiltInKeywords.modifyObjectProperty(product, "xpath", "equals", "//*[@id = "fldvendor" + row + ""]", true): Modify property of object successfully

2018-05-15 18:30:58 - [MESSAGE][PASSED] - Modify property of object successfully

2018-05-15 18:30:58 - [TEST_STEP][PASSED] - selectOptionByIndex: All options with index in [1] are selected on object ''

2018-05-15 18:30:58 - [MESSAGE][PASSED] - All options with index in [1] are selected on object ''

2018-05-15 18:30:58 - [TEST_STEP][PASSED] - Statement - batch = new com.kms.katalon.core.testobject.TestObject(): null

2018-05-15 18:30:58 - [TEST_STEP][PASSED] - Statement - batch = com.kms.katalon.core.webui.keyword.WebUiBuiltInKeywords.modifyObjectProperty(batch, "xpath", "equals", "//*[@id = "txtbthqty" + row + ""]", true): Modify property of object successfully

2018-05-15 18:30:58 - [MESSAGE][PASSED] - Modify property of object successfully

2018-05-15 18:30:58 - [TEST_STEP][PASSED] - Statement - batchqty = com.kms.katalon.core.webui.keyword.WebUiBuiltInKeywords.getAttribute(batch, "value").trim(): Attribute 'value' of object '' is: '39000'

2018-05-15 18:30:58 - [MESSAGE][PASSED] - Attribute 'value' of object '' is: '39000'

2018-05-15 18:30:58 - [TEST_STEP][PASSED] - Statement - Rqty = 10000: null

2018-05-15 18:30:58 - [TEST_STEP][PASSED] - delay: Delayed 2 second(s)

2018-05-15 18:31:00 - [MESSAGE][PASSED] - Delayed 2 second(s)

2018-05-15 18:31:00 - [TEST_STEP][PASSED] - Statement - out.println("BatchQty : " + batchqty): null

2018-05-15 18:31:00 - [TEST_STEP][PASSED] - Statement - out.println("RQty : " + Rqty): null

2018-05-15 18:31:00 - [TEST_STEP][PASSED] - Statement - If (java.lang.Integer.valueOf(batchqty) >= java.lang.Integer.valueOf(Rqty)): null

2018-05-15 18:31:00 - [TEST_STEP][PASSED] - Statement - Break: null

2018-05-15 18:31:00 - [TEST_STEP][PASSED] - Statement - batchlength = new com.kms.katalon.core.testobject.TestObject(): null

2018-05-15 18:31:00 - [TEST_STEP][PASSED] - Statement - batchlength = com.kms.katalon.core.webui.keyword.WebUiBuiltInKeywords.modifyObjectProperty(batchlength, "xpath", "equals", "//*[@id = "fldvendor" + row + ""]", true): Modify property of object successfully

2018-05-15 18:31:00 - [MESSAGE][PASSED] - Modify property of object successfully

2018-05-15 18:31:00 - [TEST_STEP][PASSED] - Statement - batchsize = com.kms.katalon.core.webui.keyword.WebUiBuiltInKeywords.getNumberOfTotalOption(batchlength): 4 options of object '' counted

2018-05-15 18:31:00 - [MESSAGE][PASSED] - 4 options of object '' counted

2018-05-15 18:31:00 - [TEST_STEP][PASSED] - Statement - out.println("BatchSize : " + batchsize): null

2018-05-15 18:31:00 - [TEST_STEP][PASSED] - Statement - For ([n = 1, n <= batchsize - 1, (n++)]): null

2018-05-15 18:31:00 - [TEST_STEP][PASSED] - Statement - product = new com.kms.katalon.core.testobject.TestObject(): null

2018-05-15 18:31:00 - [TEST_STEP][PASSED] - Statement - product = com.kms.katalon.core.webui.keyword.WebUiBuiltInKeywords.modifyObjectProperty(product, "xpath", "equals", "//*[@id = "fldvendor" + row + ""]", true): Modify property of object successfully

2018-05-15 18:31:00 - [MESSAGE][PASSED] - Modify property of object successfully

2018-05-15 18:31:00 - [TEST_STEP][PASSED] - selectOptionByIndex: All options with index in [1] are selected on object ''

2018-05-15 18:31:00 - [MESSAGE][PASSED] - All options with index in [1] are selected on object ''

2018-05-15 18:31:00 - [TEST_STEP][PASSED] - Statement - batch = new com.kms.katalon.core.testobject.TestObject(): null

2018-05-15 18:31:00 - [TEST_STEP][PASSED] - Statement - batch = com.kms.katalon.core.webui.keyword.WebUiBuiltInKeywords.modifyObjectProperty(batch, "xpath", "equals", "//*[@id = "txtbthqty" + row + ""]", true): Modify property of object successfully

2018-05-15 18:31:00 - [MESSAGE][PASSED] - Modify property of object successfully

2018-05-15 18:31:00 - [TEST_STEP][PASSED] - Statement - batchqty = com.kms.katalon.core.webui.keyword.WebUiBuiltInKeywords.getAttribute(batch, "value").trim(): Attribute 'value' of object '' is: '4000'

2018-05-15 18:31:00 - [MESSAGE][PASSED] - Attribute 'value' of object '' is: '4000'

2018-05-15 18:31:00 - [TEST_STEP][PASSED] - Statement - Rqty = 10000: null

2018-05-15 18:31:00 - [TEST_STEP][PASSED] - delay: Delayed 2 second(s)

2018-05-15 18:31:02 - [MESSAGE][PASSED] - Delayed 2 second(s)

2018-05-15 18:31:02 - [TEST_STEP][PASSED] - Statement - out.println("BatchQty : " + batchqty): null

2018-05-15 18:31:02 - [TEST_STEP][PASSED] - Statement - out.println("RQty : " + Rqty): null

2018-05-15 18:31:02 - [TEST_STEP][PASSED] - Statement - If (java.lang.Integer.valueOf(batchqty) >= java.lang.Integer.valueOf(Rqty)): null

2018-05-15 18:31:02 - [TEST_STEP][PASSED] - Statement - Else: null

2018-05-15 18:31:02 - [TEST_STEP][PASSED] - Statement - out.println("Batchqty Is Less Than Rqty"): null

2018-05-15 18:31:02 - [TEST_STEP][PASSED] - Statement - product = new com.kms.katalon.core.testobject.TestObject(): null

2018-05-15 18:31:02 - [TEST_STEP][PASSED] - Statement - product = com.kms.katalon.core.webui.keyword.WebUiBuiltInKeywords.modifyObjectProperty(product, "xpath", "equals", "//*[@id = "fldvendor" + row + ""]", true): Modify property of object successfully

2018-05-15 18:31:02 - [MESSAGE][PASSED] - Modify property of object successfully

2018-05-15 18:31:02 - [TEST_STEP][PASSED] - selectOptionByIndex: All options with index in [2] are selected on object ''

2018-05-15 18:31:02 - [MESSAGE][PASSED] - All options with index in [2] are selected on object ''

2018-05-15 18:31:02 - [TEST_STEP][PASSED] - Statement - batch = new com.kms.katalon.core.testobject.TestObject(): null

2018-05-15 18:31:02 - [TEST_STEP][PASSED] - Statement - batch = com.kms.katalon.core.webui.keyword.WebUiBuiltInKeywords.modifyObjectProperty(batch, "xpath", "equals", "//*[@id = "txtbthqty" + row + ""]", true): Modify property of object successfully

2018-05-15 18:31:02 - [MESSAGE][PASSED] - Modify property of object successfully

2018-05-15 18:31:02 - [TEST_STEP][PASSED] - Statement - batchqty = com.kms.katalon.core.webui.keyword.WebUiBuiltInKeywords.getAttribute(batch, "value").trim(): Attribute 'value' of object '' is: '5000'

2018-05-15 18:31:02 - [MESSAGE][PASSED] - Attribute 'value' of object '' is: '5000'

2018-05-15 18:31:02 - [TEST_STEP][PASSED] - Statement - Rqty = 10000: null

2018-05-15 18:31:02 - [TEST_STEP][PASSED] - delay: Delayed 2 second(s)

2018-05-15 18:31:04 - [MESSAGE][PASSED] - Delayed 2 second(s)

2018-05-15 18:31:04 - [TEST_STEP][PASSED] - Statement - out.println("BatchQty : " + batchqty): null

2018-05-15 18:31:04 - [TEST_STEP][PASSED] - Statement - out.println("RQty : " + Rqty): null

2018-05-15 18:31:04 - [TEST_STEP][PASSED] - Statement - If (java.lang.Integer.valueOf(batchqty) >= java.lang.Integer.valueOf(Rqty)): null

2018-05-15 18:31:04 - [TEST_STEP][PASSED] - Statement - Else: null

2018-05-15 18:31:04 - [TEST_STEP][PASSED] - Statement - out.println("Batchqty Is Less Than Rqty"): null

2018-05-15 18:31:04 - [TEST_STEP][PASSED] - Statement - product = new com.kms.katalon.core.testobject.TestObject(): null

2018-05-15 18:31:04 - [TEST_STEP][PASSED] - Statement - product = com.kms.katalon.core.webui.keyword.WebUiBuiltInKeywords.modifyObjectProperty(product, "xpath", "equals", "//*[@id = "fldvendor" + row + ""]", true): Modify property of object successfully

2018-05-15 18:31:04 - [MESSAGE][PASSED] - Modify property of object successfully

2018-05-15 18:31:04 - [TEST_STEP][PASSED] - selectOptionByIndex: All options with index in [3] are selected on object ''

2018-05-15 18:31:05 - [MESSAGE][PASSED] - All options with index in [3] are selected on object ''

2018-05-15 18:31:05 - [TEST_STEP][PASSED] - Statement - batch = new com.kms.katalon.core.testobject.TestObject(): null

2018-05-15 18:31:05 - [TEST_STEP][PASSED] - Statement - batch = com.kms.katalon.core.webui.keyword.WebUiBuiltInKeywords.modifyObjectProperty(batch, "xpath", "equals", "//*[@id = "txtbthqty" + row + ""]", true): Modify property of object successfully

2018-05-15 18:31:05 - [MESSAGE][PASSED] - Modify property of object successfully

2018-05-15 18:31:05 - [TEST_STEP][PASSED] - Statement - batchqty = com.kms.katalon.core.webui.keyword.WebUiBuiltInKeywords.getAttribute(batch, "value").trim(): Attribute 'value' of object '' is: '40000'

2018-05-15 18:31:05 - [MESSAGE][PASSED] - Attribute 'value' of object '' is: '40000'

2018-05-15 18:31:05 - [TEST_STEP][PASSED] - Statement - Rqty = 10000: null

2018-05-15 18:31:05 - [TEST_STEP][PASSED] - delay: Delayed 2 second(s)

2018-05-15 18:31:07 - [MESSAGE][PASSED] - Delayed 2 second(s)

2018-05-15 18:31:07 - [TEST_STEP][PASSED] - Statement - out.println("BatchQty : " + batchqty): null

2018-05-15 18:31:07 - [TEST_STEP][PASSED] - Statement - out.println("RQty : " + Rqty): null

2018-05-15 18:31:07 - [TEST_STEP][PASSED] - Statement - If (java.lang.Integer.valueOf(batchqty) >= java.lang.Integer.valueOf(Rqty)): null

2018-05-15 18:31:07 - [TEST_STEP][PASSED] - Statement - Break: null

2018-05-15 18:31:07 - [TEST_STEP][PASSED] - Statement - batchlength = new com.kms.katalon.core.testobject.TestObject(): null

2018-05-15 18:31:07 - [TEST_STEP][PASSED] - Statement - batchlength = com.kms.katalon.core.webui.keyword.WebUiBuiltInKeywords.modifyObjectProperty(batchlength, "xpath", "equals", "//*[@id = "fldvendor" + row + ""]", true): Modify property of object successfully

2018-05-15 18:31:07 - [MESSAGE][PASSED] - Modify property of object successfully

2018-05-15 18:31:07 - [TEST_STEP][PASSED] - Statement - batchsize = com.kms.katalon.core.webui.keyword.WebUiBuiltInKeywords.getNumberOfTotalOption(batchlength): 4 options of object '' counted

2018-05-15 18:31:07 - [MESSAGE][PASSED] - 4 options of object '' counted

2018-05-15 18:31:07 - [TEST_STEP][PASSED] - Statement - out.println("BatchSize : " + batchsize): null

2018-05-15 18:31:07 - [TEST_STEP][PASSED] - Statement - For ([n = 1, n <= batchsize - 1, (n++)]): null

2018-05-15 18:31:07 - [TEST_STEP][PASSED] - Statement - product = new com.kms.katalon.core.testobject.TestObject(): null

2018-05-15 18:31:07 - [TEST_STEP][PASSED] - Statement - product = com.kms.katalon.core.webui.keyword.WebUiBuiltInKeywords.modifyObjectProperty(product, "xpath", "equals", "//*[@id = "fldvendor" + row + ""]", true): Modify property of object successfully

2018-05-15 18:31:07 - [MESSAGE][PASSED] - Modify property of object successfully

2018-05-15 18:31:07 - [TEST_STEP][PASSED] - selectOptionByIndex: All options with index in [1] are selected on object ''

2018-05-15 18:31:07 - [MESSAGE][PASSED] - All options with index in [1] are selected on object ''

2018-05-15 18:31:07 - [TEST_STEP][PASSED] - Statement - batch = new com.kms.katalon.core.testobject.TestObject(): null

2018-05-15 18:31:07 - [TEST_STEP][PASSED] - Statement - batch = com.kms.katalon.core.webui.keyword.WebUiBuiltInKeywords.modifyObjectProperty(batch, "xpath", "equals", "//*[@id = "txtbthqty" + row + ""]", true): Modify property of object successfully

2018-05-15 18:31:07 - [MESSAGE][PASSED] - Modify property of object successfully

2018-05-15 18:31:07 - [TEST_STEP][PASSED] - Statement - batchqty = com.kms.katalon.core.webui.keyword.WebUiBuiltInKeywords.getAttribute(batch, "value").trim(): Attribute 'value' of object '' is: '39000'

2018-05-15 18:31:07 - [MESSAGE][PASSED] - Attribute 'value' of object '' is: '39000'

2018-05-15 18:31:07 - [TEST_STEP][PASSED] - Statement - Rqty = 10000: null

2018-05-15 18:31:07 - [TEST_STEP][PASSED] - delay: Delayed 2 second(s)

2018-05-15 18:31:09 - [MESSAGE][PASSED] - Delayed 2 second(s)

2018-05-15 18:31:09 - [TEST_STEP][PASSED] - Statement - out.println("BatchQty : " + batchqty): null

2018-05-15 18:31:09 - [TEST_STEP][PASSED] - Statement - out.println("RQty : " + Rqty): null

2018-05-15 18:31:09 - [TEST_STEP][PASSED] - Statement - If (java.lang.Integer.valueOf(batchqty) >= java.lang.Integer.valueOf(Rqty)): null

2018-05-15 18:31:09 - [TEST_STEP][PASSED] - Statement - Break: null

2018-05-15 18:31:09 - [TEST_STEP][PASSED] - Statement - batchlength = new com.kms.katalon.core.testobject.TestObject(): null

2018-05-15 18:31:09 - [TEST_STEP][PASSED] - Statement - batchlength = com.kms.katalon.core.webui.keyword.WebUiBuiltInKeywords.modifyObjectProperty(batchlength, "xpath", "equals", "//*[@id = "fldvendor" + row + ""]", true): Modify property of object successfully

2018-05-15 18:31:09 - [MESSAGE][PASSED] - Modify property of object successfully

2018-05-15 18:31:09 - [TEST_STEP][PASSED] - Statement - batchsize = com.kms.katalon.core.webui.keyword.WebUiBuiltInKeywords.getNumberOfTotalOption(batchlength): 4 options of object '' counted

2018-05-15 18:31:09 - [MESSAGE][PASSED] - 4 options of object '' counted

2018-05-15 18:31:09 - [TEST_STEP][PASSED] - Statement - out.println("BatchSize : " + batchsize): null

2018-05-15 18:31:09 - [TEST_STEP][PASSED] - Statement - For ([n = 1, n <= batchsize - 1, (n++)]): null

2018-05-15 18:31:09 - [TEST_STEP][PASSED] - Statement - product = new com.kms.katalon.core.testobject.TestObject(): null

2018-05-15 18:31:09 - [TEST_STEP][PASSED] - Statement - product = com.kms.katalon.core.webui.keyword.WebUiBuiltInKeywords.modifyObjectProperty(product, "xpath", "equals", "//*[@id = "fldvendor" + row + ""]", true): Modify property of object successfully

2018-05-15 18:31:09 - [MESSAGE][PASSED] - Modify property of object successfully

2018-05-15 18:31:09 - [TEST_STEP][PASSED] - selectOptionByIndex: All options with index in [1] are selected on object ''

2018-05-15 18:31:09 - [MESSAGE][PASSED] - All options with index in [1] are selected on object ''

2018-05-15 18:31:09 - [TEST_STEP][PASSED] - Statement - batch = new com.kms.katalon.core.testobject.TestObject(): null

2018-05-15 18:31:09 - [TEST_STEP][PASSED] - Statement - batch = com.kms.katalon.core.webui.keyword.WebUiBuiltInKeywords.modifyObjectProperty(batch, "xpath", "equals", "//*[@id = "txtbthqty" + row + ""]", true): Modify property of object successfully

2018-05-15 18:31:09 - [MESSAGE][PASSED] - Modify property of object successfully

2018-05-15 18:31:09 - [TEST_STEP][PASSED] - Statement - batchqty = com.kms.katalon.core.webui.keyword.WebUiBuiltInKeywords.getAttribute(batch, "value").trim(): Attribute 'value' of object '' is: '4000'

2018-05-15 18:31:09 - [MESSAGE][PASSED] - Attribute 'value' of object '' is: '4000'

2018-05-15 18:31:09 - [TEST_STEP][PASSED] - Statement - Rqty = 10000: null

2018-05-15 18:31:09 - [TEST_STEP][PASSED] - delay: Delayed 2 second(s)

2018-05-15 18:31:11 - [MESSAGE][PASSED] - Delayed 2 second(s)

2018-05-15 18:31:11 - [TEST_STEP][PASSED] - Statement - out.println("BatchQty : " + batchqty): null

2018-05-15 18:31:11 - [TEST_STEP][PASSED] - Statement - out.println("RQty : " + Rqty): null

2018-05-15 18:31:11 - [TEST_STEP][PASSED] - Statement - If (java.lang.Integer.valueOf(batchqty) >= java.lang.Integer.valueOf(Rqty)): null

2018-05-15 18:31:11 - [TEST_STEP][PASSED] - Statement - Else: null

2018-05-15 18:31:11 - [TEST_STEP][PASSED] - Statement - out.println("Batchqty Is Less Than Rqty"): null

2018-05-15 18:31:11 - [TEST_STEP][PASSED] - Statement - product = new com.kms.katalon.core.testobject.TestObject(): null

2018-05-15 18:31:11 - [TEST_STEP][PASSED] - Statement - product = com.kms.katalon.core.webui.keyword.WebUiBuiltInKeywords.modifyObjectProperty(product, "xpath", "equals", "//*[@id = "fldvendor" + row + ""]", true): Modify property of object successfully

2018-05-15 18:31:11 - [MESSAGE][PASSED] - Modify property of object successfully

2018-05-15 18:31:11 - [TEST_STEP][PASSED] - selectOptionByIndex: All options with index in [2] are selected on object ''

2018-05-15 18:31:11 - [MESSAGE][PASSED] - All options with index in [2] are selected on object ''

2018-05-15 18:31:11 - [TEST_STEP][PASSED] - Statement - batch = new com.kms.katalon.core.testobject.TestObject(): null

2018-05-15 18:31:11 - [TEST_STEP][PASSED] - Statement - batch = com.kms.katalon.core.webui.keyword.WebUiBuiltInKeywords.modifyObjectProperty(batch, "xpath", "equals", "//*[@id = "txtbthqty" + row + ""]", true): Modify property of object successfully

2018-05-15 18:31:11 - [MESSAGE][PASSED] - Modify property of object successfully

2018-05-15 18:31:11 - [TEST_STEP][PASSED] - Statement - batchqty = com.kms.katalon.core.webui.keyword.WebUiBuiltInKeywords.getAttribute(batch, "value").trim(): Attribute 'value' of object '' is: '40000'

2018-05-15 18:31:11 - [MESSAGE][PASSED] - Attribute 'value' of object '' is: '40000'

2018-05-15 18:31:11 - [TEST_STEP][PASSED] - Statement - Rqty = 10000: null

2018-05-15 18:31:11 - [TEST_STEP][PASSED] - delay: Delayed 2 second(s)

2018-05-15 18:31:13 - [MESSAGE][PASSED] - Delayed 2 second(s)

2018-05-15 18:31:13 - [TEST_STEP][PASSED] - Statement - out.println("BatchQty : " + batchqty): null

2018-05-15 18:31:13 - [TEST_STEP][PASSED] - Statement - out.println("RQty : " + Rqty): null

2018-05-15 18:31:13 - [TEST_STEP][PASSED] - Statement - If (java.lang.Integer.valueOf(batchqty) >= java.lang.Integer.valueOf(Rqty)): null

2018-05-15 18:31:13 - [TEST_STEP][PASSED] - Statement - Break: null

2018-05-15 18:31:13 - [TEST_STEP][PASSED] - Statement - batchlength = new com.kms.katalon.core.testobject.TestObject(): null

2018-05-15 18:31:13 - [TEST_STEP][PASSED] - Statement - batchlength = com.kms.katalon.core.webui.keyword.WebUiBuiltInKeywords.modifyObjectProperty(batchlength, "xpath", "equals", "//*[@id = "fldvendor" + row + ""]", true): Modify property of object successfully

2018-05-15 18:31:13 - [MESSAGE][PASSED] - Modify property of object successfully

2018-05-15 18:31:13 - [TEST_STEP][PASSED] - Statement - batchsize = com.kms.katalon.core.webui.keyword.WebUiBuiltInKeywords.getNumberOfTotalOption(batchlength): 4 options of object '' counted

2018-05-15 18:31:14 - [MESSAGE][PASSED] - 4 options of object '' counted

2018-05-15 18:31:14 - [TEST_STEP][PASSED] - Statement - out.println("BatchSize : " + batchsize): null

2018-05-15 18:31:14 - [TEST_STEP][PASSED] - Statement - For ([n = 1, n <= batchsize - 1, (n++)]): null

2018-05-15 18:31:14 - [TEST_STEP][PASSED] - Statement - product = new com.kms.katalon.core.testobject.TestObject(): null

2018-05-15 18:31:14 - [TEST_STEP][PASSED] - Statement - product = com.kms.katalon.core.webui.keyword.WebUiBuiltInKeywords.modifyObjectProperty(product, "xpath", "equals", "//*[@id = "fldvendor" + row + ""]", true): Modify property of object successfully

2018-05-15 18:31:14 - [MESSAGE][PASSED] - Modify property of object successfully

2018-05-15 18:31:14 - [TEST_STEP][PASSED] - selectOptionByIndex: All options with index in [1] are selected on object ''

2018-05-15 18:31:14 - [MESSAGE][PASSED] - All options with index in [1] are selected on object ''

2018-05-15 18:31:14 - [TEST_STEP][PASSED] - Statement - batch = new com.kms.katalon.core.testobject.TestObject(): null

2018-05-15 18:31:14 - [TEST_STEP][PASSED] - Statement - batch = com.kms.katalon.core.webui.keyword.WebUiBuiltInKeywords.modifyObjectProperty(batch, "xpath", "equals", "//*[@id = "txtbthqty" + row + ""]", true): Modify property of object successfully

2018-05-15 18:31:14 - [MESSAGE][PASSED] - Modify property of object successfully

2018-05-15 18:31:14 - [TEST_STEP][PASSED] - Statement - batchqty = com.kms.katalon.core.webui.keyword.WebUiBuiltInKeywords.getAttribute(batch, "value").trim(): Attribute 'value' of object '' is: '39000'

2018-05-15 18:31:14 - [MESSAGE][PASSED] - Attribute 'value' of object '' is: '39000'

2018-05-15 18:31:14 - [TEST_STEP][PASSED] - Statement - Rqty = 10000: null

2018-05-15 18:31:14 - [TEST_STEP][PASSED] - delay: Delayed 2 second(s)

2018-05-15 18:31:16 - [MESSAGE][PASSED] - Delayed 2 second(s)

2018-05-15 18:31:16 - [TEST_STEP][PASSED] - Statement - out.println("BatchQty : " + batchqty): null

2018-05-15 18:31:16 - [TEST_STEP][PASSED] - Statement - out.println("RQty : " + Rqty): null

2018-05-15 18:31:16 - [TEST_STEP][PASSED] - Statement - If (java.lang.Integer.valueOf(batchqty) >= java.lang.Integer.valueOf(Rqty)): null

2018-05-15 18:31:16 - [TEST_STEP][PASSED] - Statement - Break: null

2018-05-15 18:31:16 - [TEST_STEP][PASSED] - Statement - batchlength = new com.kms.katalon.core.testobject.TestObject(): null

2018-05-15 18:31:16 - [TEST_STEP][PASSED] - Statement - batchlength = com.kms.katalon.core.webui.keyword.WebUiBuiltInKeywords.modifyObjectProperty(batchlength, "xpath", "equals", "//*[@id = "fldvendor" + row + ""]", true): Modify property of object successfully

2018-05-15 18:31:16 - [MESSAGE][PASSED] - Modify property of object successfully

2018-05-15 18:31:16 - [TEST_STEP][PASSED] - Statement - batchsize = com.kms.katalon.core.webui.keyword.WebUiBuiltInKeywords.getNumberOfTotalOption(batchlength): 4 options of object '' counted

2018-05-15 18:31:16 - [MESSAGE][PASSED] - 4 options of object '' counted

2018-05-15 18:31:16 - [TEST_STEP][PASSED] - Statement - out.println("BatchSize : " + batchsize): null

2018-05-15 18:31:16 - [TEST_STEP][PASSED] - Statement - For ([n = 1, n <= batchsize - 1, (n++)]): null

2018-05-15 18:31:16 - [TEST_STEP][PASSED] - Statement - product = new com.kms.katalon.core.testobject.TestObject(): null

2018-05-15 18:31:16 - [TEST_STEP][PASSED] - Statement - product = com.kms.katalon.core.webui.keyword.WebUiBuiltInKeywords.modifyObjectProperty(product, "xpath", "equals", "//*[@id = "fldvendor" + row + ""]", true): Modify property of object successfully

2018-05-15 18:31:16 - [MESSAGE][PASSED] - Modify property of object successfully

2018-05-15 18:31:16 - [TEST_STEP][PASSED] - selectOptionByIndex: All options with index in [1] are selected on object ''

2018-05-15 18:31:16 - [MESSAGE][PASSED] - All options with index in [1] are selected on object ''

2018-05-15 18:31:16 - [TEST_STEP][PASSED] - Statement - batch = new com.kms.katalon.core.testobject.TestObject(): null

2018-05-15 18:31:16 - [TEST_STEP][PASSED] - Statement - batch = com.kms.katalon.core.webui.keyword.WebUiBuiltInKeywords.modifyObjectProperty(batch, "xpath", "equals", "//*[@id = "txtbthqty" + row + ""]", true): Modify property of object successfully

2018-05-15 18:31:16 - [MESSAGE][PASSED] - Modify property of object successfully

2018-05-15 18:31:16 - [TEST_STEP][PASSED] - Statement - batchqty = com.kms.katalon.core.webui.keyword.WebUiBuiltInKeywords.getAttribute(batch, "value").trim(): Attribute 'value' of object '' is: '39000'

2018-05-15 18:31:16 - [MESSAGE][PASSED] - Attribute 'value' of object '' is: '39000'

2018-05-15 18:31:16 - [TEST_STEP][PASSED] - Statement - Rqty = 10000: null

2018-05-15 18:31:16 - [TEST_STEP][PASSED] - delay: Delayed 2 second(s)

2018-05-15 18:31:18 - [MESSAGE][PASSED] - Delayed 2 second(s)

2018-05-15 18:31:18 - [TEST_STEP][PASSED] - Statement - out.println("BatchQty : " + batchqty): null

2018-05-15 18:31:18 - [TEST_STEP][PASSED] - Statement - out.println("RQty : " + Rqty): null

2018-05-15 18:31:18 - [TEST_STEP][PASSED] - Statement - If (java.lang.Integer.valueOf(batchqty) >= java.lang.Integer.valueOf(Rqty)): null

2018-05-15 18:31:18 - [TEST_STEP][PASSED] - Statement - Break: null

2018-05-15 18:31:18 - [TEST_STEP][PASSED] - Statement - batchlength = new com.kms.katalon.core.testobject.TestObject(): null

2018-05-15 18:31:18 - [TEST_STEP][PASSED] - Statement - batchlength = com.kms.katalon.core.webui.keyword.WebUiBuiltInKeywords.modifyObjectProperty(batchlength, "xpath", "equals", "//*[@id = "fldvendor" + row + ""]", true): Modify property of object successfully

2018-05-15 18:31:18 - [MESSAGE][PASSED] - Modify property of object successfully

2018-05-15 18:31:18 - [TEST_STEP][PASSED] - Statement - batchsize = com.kms.katalon.core.webui.keyword.WebUiBuiltInKeywords.getNumberOfTotalOption(batchlength): 4 options of object '' counted

2018-05-15 18:31:18 - [MESSAGE][PASSED] - 4 options of object '' counted

2018-05-15 18:31:18 - [TEST_STEP][PASSED] - Statement - out.println("BatchSize : " + batchsize): null

2018-05-15 18:31:18 - [TEST_STEP][PASSED] - Statement - For ([n = 1, n <= batchsize - 1, (n++)]): null

2018-05-15 18:31:18 - [TEST_STEP][PASSED] - Statement - product = new com.kms.katalon.core.testobject.TestObject(): null

2018-05-15 18:31:18 - [TEST_STEP][PASSED] - Statement - product = com.kms.katalon.core.webui.keyword.WebUiBuiltInKeywords.modifyObjectProperty(product, "xpath", "equals", "//*[@id = "fldvendor" + row + ""]", true): Modify property of object successfully

2018-05-15 18:31:18 - [MESSAGE][PASSED] - Modify property of object successfully

2018-05-15 18:31:18 - [TEST_STEP][PASSED] - selectOptionByIndex: All options with index in [1] are selected on object ''

2018-05-15 18:31:18 - [MESSAGE][PASSED] - All options with index in [1] are selected on object ''

2018-05-15 18:31:18 - [TEST_STEP][PASSED] - Statement - batch = new com.kms.katalon.core.testobject.TestObject(): null

2018-05-15 18:31:18 - [TEST_STEP][PASSED] - Statement - batch = com.kms.katalon.core.webui.keyword.WebUiBuiltInKeywords.modifyObjectProperty(batch, "xpath", "equals", "//*[@id = "txtbthqty" + row + ""]", true): Modify property of object successfully

2018-05-15 18:31:18 - [MESSAGE][PASSED] - Modify property of object successfully

2018-05-15 18:31:18 - [TEST_STEP][PASSED] - Statement - batchqty = com.kms.katalon.core.webui.keyword.WebUiBuiltInKeywords.getAttribute(batch, "value").trim(): Attribute 'value' of object '' is: '5000'

2018-05-15 18:31:18 - [MESSAGE][PASSED] - Attribute 'value' of object '' is: '5000'

2018-05-15 18:31:18 - [TEST_STEP][PASSED] - Statement - Rqty = 10000: null

2018-05-15 18:31:18 - [TEST_STEP][PASSED] - delay: Delayed 2 second(s)

2018-05-15 18:31:20 - [MESSAGE][PASSED] - Delayed 2 second(s)

2018-05-15 18:31:20 - [TEST_STEP][PASSED] - Statement - out.println("BatchQty : " + batchqty): null

2018-05-15 18:31:20 - [TEST_STEP][PASSED] - Statement - out.println("RQty : " + Rqty): null

2018-05-15 18:31:20 - [TEST_STEP][PASSED] - Statement - If (java.lang.Integer.valueOf(batchqty) >= java.lang.Integer.valueOf(Rqty)): null

2018-05-15 18:31:20 - [TEST_STEP][PASSED] - Statement - Else: null

2018-05-15 18:31:20 - [TEST_STEP][PASSED] - Statement - out.println("Batchqty Is Less Than Rqty"): null

2018-05-15 18:31:20 - [TEST_STEP][PASSED] - Statement - product = new com.kms.katalon.core.testobject.TestObject(): null

2018-05-15 18:31:20 - [TEST_STEP][PASSED] - Statement - product = com.kms.katalon.core.webui.keyword.WebUiBuiltInKeywords.modifyObjectProperty(product, "xpath", "equals", "//*[@id = "fldvendor" + row + ""]", true): Modify property of object successfully

2018-05-15 18:31:20 - [MESSAGE][PASSED] - Modify property of object successfully

2018-05-15 18:31:20 - [TEST_STEP][PASSED] - selectOptionByIndex: All options with index in [2] are selected on object ''

2018-05-15 18:31:21 - [MESSAGE][PASSED] - All options with index in [2] are selected on object ''

2018-05-15 18:31:21 - [TEST_STEP][PASSED] - Statement - batch = new com.kms.katalon.core.testobject.TestObject(): null

2018-05-15 18:31:21 - [TEST_STEP][PASSED] - Statement - batch = com.kms.katalon.core.webui.keyword.WebUiBuiltInKeywords.modifyObjectProperty(batch, "xpath", "equals", "//*[@id = "txtbthqty" + row + ""]", true): Modify property of object successfully

2018-05-15 18:31:21 - [MESSAGE][PASSED] - Modify property of object successfully

2018-05-15 18:31:21 - [TEST_STEP][PASSED] - Statement - batchqty = com.kms.katalon.core.webui.keyword.WebUiBuiltInKeywords.getAttribute(batch, "value").trim(): Attribute 'value' of object '' is: '4000'

2018-05-15 18:31:21 - [MESSAGE][PASSED] - Attribute 'value' of object '' is: '4000'

2018-05-15 18:31:21 - [TEST_STEP][PASSED] - Statement - Rqty = 10000: null

2018-05-15 18:31:21 - [TEST_STEP][PASSED] - delay: Delayed 2 second(s)

2018-05-15 18:31:23 - [MESSAGE][PASSED] - Delayed 2 second(s)

2018-05-15 18:31:23 - [TEST_STEP][PASSED] - Statement - out.println("BatchQty : " + batchqty): null

2018-05-15 18:31:23 - [TEST_STEP][PASSED] - Statement - out.println("RQty : " + Rqty): null

2018-05-15 18:31:23 - [TEST_STEP][PASSED] - Statement - If (java.lang.Integer.valueOf(batchqty) >= java.lang.Integer.valueOf(Rqty)): null

2018-05-15 18:31:23 - [TEST_STEP][PASSED] - Statement - Else: null

2018-05-15 18:31:23 - [TEST_STEP][PASSED] - Statement - out.println("Batchqty Is Less Than Rqty"): null

2018-05-15 18:31:23 - [TEST_STEP][PASSED] - Statement - product = new com.kms.katalon.core.testobject.TestObject(): null

2018-05-15 18:31:23 - [TEST_STEP][PASSED] - Statement - product = com.kms.katalon.core.webui.keyword.WebUiBuiltInKeywords.modifyObjectProperty(product, "xpath", "equals", "//*[@id = "fldvendor" + row + ""]", true): Modify property of object successfully

2018-05-15 18:31:23 - [MESSAGE][PASSED] - Modify property of object successfully

2018-05-15 18:31:23 - [TEST_STEP][PASSED] - selectOptionByIndex: All options with index in [3] are selected on object ''

2018-05-15 18:31:23 - [MESSAGE][PASSED] - All options with index in [3] are selected on object ''

2018-05-15 18:31:23 - [TEST_STEP][PASSED] - Statement - batch = new com.kms.katalon.core.testobject.TestObject(): null

2018-05-15 18:31:23 - [TEST_STEP][PASSED] - Statement - batch = com.kms.katalon.core.webui.keyword.WebUiBuiltInKeywords.modifyObjectProperty(batch, "xpath", "equals", "//*[@id = "txtbthqty" + row + ""]", true): Modify property of object successfully

2018-05-15 18:31:23 - [MESSAGE][PASSED] - Modify property of object successfully

2018-05-15 18:31:23 - [TEST_STEP][PASSED] - Statement - batchqty = com.kms.katalon.core.webui.keyword.WebUiBuiltInKeywords.getAttribute(batch, "value").trim(): Attribute 'value' of object '' is: '4000'

2018-05-15 18:31:23 - [MESSAGE][PASSED] - Attribute 'value' of object '' is: '4000'

2018-05-15 18:31:23 - [TEST_STEP][PASSED] - Statement - Rqty = 10000: null

2018-05-15 18:31:23 - [TEST_STEP][PASSED] - delay: Delayed 2 second(s)

2018-05-15 18:31:25 - [MESSAGE][PASSED] - Delayed 2 second(s)

2018-05-15 18:31:25 - [TEST_STEP][PASSED] - Statement - out.println("BatchQty : " + batchqty): null

2018-05-15 18:31:25 - [TEST_STEP][PASSED] - Statement - out.println("RQty : " + Rqty): null

2018-05-15 18:31:25 - [TEST_STEP][PASSED] - Statement - If (java.lang.Integer.valueOf(batchqty) >= java.lang.Integer.valueOf(Rqty)): null

2018-05-15 18:31:25 - [TEST_STEP][PASSED] - Statement - Else: null

2018-05-15 18:31:25 - [TEST_STEP][PASSED] - Statement - out.println("Batchqty Is Less Than Rqty"): null

2018-05-15 18:31:25 - [TEST_STEP][PASSED] - Statement - batchlength = new com.kms.katalon.core.testobject.TestObject(): null

2018-05-15 18:31:25 - [TEST_STEP][PASSED] - Statement - batchlength = com.kms.katalon.core.webui.keyword.WebUiBuiltInKeywords.modifyObjectProperty(batchlength, "xpath", "equals", "//*[@id = "fldvendor" + row + ""]", true): Modify property of object successfully

2018-05-15 18:31:25 - [MESSAGE][PASSED] - Modify property of object successfully

2018-05-15 18:31:25 - [TEST_STEP][PASSED] - Statement - batchsize = com.kms.katalon.core.webui.keyword.WebUiBuiltInKeywords.getNumberOfTotalOption(batchlength): 4 options of object '' counted

2018-05-15 18:31:25 - [MESSAGE][PASSED] - 4 options of object '' counted

2018-05-15 18:31:25 - [TEST_STEP][PASSED] - Statement - out.println("BatchSize : " + batchsize): null

2018-05-15 18:31:25 - [TEST_STEP][PASSED] - Statement - For ([n = 1, n <= batchsize - 1, (n++)]): null

2018-05-15 18:31:25 - [TEST_STEP][PASSED] - Statement - product = new com.kms.katalon.core.testobject.TestObject(): null

2018-05-15 18:31:25 - [TEST_STEP][PASSED] - Statement - product = com.kms.katalon.core.webui.keyword.WebUiBuiltInKeywords.modifyObjectProperty(product, "xpath", "equals", "//*[@id = "fldvendor" + row + ""]", true): Modify property of object successfully

2018-05-15 18:31:25 - [MESSAGE][PASSED] - Modify property of object successfully

2018-05-15 18:31:25 - [TEST_STEP][PASSED] - selectOptionByIndex: All options with index in [1] are selected on object ''

2018-05-15 18:31:25 - [MESSAGE][PASSED] - All options with index in [1] are selected on object ''

2018-05-15 18:31:25 - [TEST_STEP][PASSED] - Statement - batch = new com.kms.katalon.core.testobject.TestObject(): null

2018-05-15 18:31:25 - [TEST_STEP][PASSED] - Statement - batch = com.kms.katalon.core.webui.keyword.WebUiBuiltInKeywords.modifyObjectProperty(batch, "xpath", "equals", "//*[@id = "txtbthqty" + row + ""]", true): Modify property of object successfully

2018-05-15 18:31:25 - [MESSAGE][PASSED] - Modify property of object successfully

2018-05-15 18:31:25 - [TEST_STEP][PASSED] - Statement - batchqty = com.kms.katalon.core.webui.keyword.WebUiBuiltInKeywords.getAttribute(batch, "value").trim(): Attribute 'value' of object '' is: '39000'

2018-05-15 18:31:25 - [MESSAGE][PASSED] - Attribute 'value' of object '' is: '39000'

2018-05-15 18:31:25 - [TEST_STEP][PASSED] - Statement - Rqty = 10000: null

2018-05-15 18:31:25 - [TEST_STEP][PASSED] - delay: Delayed 2 second(s)

2018-05-15 18:31:27 - [MESSAGE][PASSED] - Delayed 2 second(s)

2018-05-15 18:31:27 - [TEST_STEP][PASSED] - Statement - out.println("BatchQty : " + batchqty): null

2018-05-15 18:31:27 - [TEST_STEP][PASSED] - Statement - out.println("RQty : " + Rqty): null

2018-05-15 18:31:27 - [TEST_STEP][PASSED] - Statement - If (java.lang.Integer.valueOf(batchqty) >= java.lang.Integer.valueOf(Rqty)): null

2018-05-15 18:31:27 - [TEST_STEP][PASSED] - Statement - Break: null

2018-05-15 18:31:27 - [TEST_STEP][PASSED] - Statement - batchlength = new com.kms.katalon.core.testobject.TestObject(): null

2018-05-15 18:31:27 - [TEST_STEP][PASSED] - Statement - batchlength = com.kms.katalon.core.webui.keyword.WebUiBuiltInKeywords.modifyObjectProperty(batchlength, "xpath", "equals", "//*[@id = "fldvendor" + row + ""]", true): Modify property of object successfully

2018-05-15 18:31:27 - [MESSAGE][PASSED] - Modify property of object successfully

2018-05-15 18:31:27 - [TEST_STEP][PASSED] - Statement - batchsize = com.kms.katalon.core.webui.keyword.WebUiBuiltInKeywords.getNumberOfTotalOption(batchlength): 4 options of object '' counted

2018-05-15 18:31:27 - [MESSAGE][PASSED] - 4 options of object '' counted

2018-05-15 18:31:27 - [TEST_STEP][PASSED] - Statement - out.println("BatchSize : " + batchsize): null

2018-05-15 18:31:27 - [TEST_STEP][PASSED] - Statement - For ([n = 1, n <= batchsize - 1, (n++)]): null

2018-05-15 18:31:27 - [TEST_STEP][PASSED] - Statement - product = new com.kms.katalon.core.testobject.TestObject(): null

2018-05-15 18:31:27 - [TEST_STEP][PASSED] - Statement - product = com.kms.katalon.core.webui.keyword.WebUiBuiltInKeywords.modifyObjectProperty(product, "xpath", "equals", "//*[@id = "fldvendor" + row + ""]", true): Modify property of object successfully

2018-05-15 18:31:27 - [MESSAGE][PASSED] - Modify property of object successfully

2018-05-15 18:31:27 - [TEST_STEP][PASSED] - selectOptionByIndex: All options with index in [1] are selected on object ''

2018-05-15 18:31:27 - [MESSAGE][PASSED] - All options with index in [1] are selected on object ''

2018-05-15 18:31:27 - [TEST_STEP][PASSED] - Statement - batch = new com.kms.katalon.core.testobject.TestObject(): null

2018-05-15 18:31:27 - [TEST_STEP][PASSED] - Statement - batch = com.kms.katalon.core.webui.keyword.WebUiBuiltInKeywords.modifyObjectProperty(batch, "xpath", "equals", "//*[@id = "txtbthqty" + row + ""]", true): Modify property of object successfully

2018-05-15 18:31:27 - [MESSAGE][PASSED] - Modify property of object successfully

2018-05-15 18:31:27 - [TEST_STEP][PASSED] - Statement - batchqty = com.kms.katalon.core.webui.keyword.WebUiBuiltInKeywords.getAttribute(batch, "value").trim(): Attribute 'value' of object '' is: '5000'

2018-05-15 18:31:27 - [MESSAGE][PASSED] - Attribute 'value' of object '' is: '5000'

2018-05-15 18:31:27 - [TEST_STEP][PASSED] - Statement - Rqty = 10000: null

2018-05-15 18:31:27 - [TEST_STEP][PASSED] - delay: Delayed 2 second(s)

2018-05-15 18:31:29 - [MESSAGE][PASSED] - Delayed 2 second(s)

2018-05-15 18:31:29 - [TEST_STEP][PASSED] - Statement - out.println("BatchQty : " + batchqty): null

2018-05-15 18:31:29 - [TEST_STEP][PASSED] - Statement - out.println("RQty : " + Rqty): null

2018-05-15 18:31:29 - [TEST_STEP][PASSED] - Statement - If (java.lang.Integer.valueOf(batchqty) >= java.lang.Integer.valueOf(Rqty)): null

2018-05-15 18:31:29 - [TEST_STEP][PASSED] - Statement - Else: null

2018-05-15 18:31:29 - [TEST_STEP][PASSED] - Statement - out.println("Batchqty Is Less Than Rqty"): null

2018-05-15 18:31:29 - [TEST_STEP][PASSED] - Statement - product = new com.kms.katalon.core.testobject.TestObject(): null

2018-05-15 18:31:29 - [TEST_STEP][PASSED] - Statement - product = com.kms.katalon.core.webui.keyword.WebUiBuiltInKeywords.modifyObjectProperty(product, "xpath", "equals", "//*[@id = "fldvendor" + row + ""]", true): Modify property of object successfully

2018-05-15 18:31:29 - [MESSAGE][PASSED] - Modify property of object successfully

2018-05-15 18:31:29 - [TEST_STEP][PASSED] - selectOptionByIndex: All options with index in [2] are selected on object ''

2018-05-15 18:31:29 - [MESSAGE][PASSED] - All options with index in [2] are selected on object ''

2018-05-15 18:31:29 - [TEST_STEP][PASSED] - Statement - batch = new com.kms.katalon.core.testobject.TestObject(): null

2018-05-15 18:31:29 - [TEST_STEP][PASSED] - Statement - batch = com.kms.katalon.core.webui.keyword.WebUiBuiltInKeywords.modifyObjectProperty(batch, "xpath", "equals", "//*[@id = "txtbthqty" + row + ""]", true): Modify property of object successfully

2018-05-15 18:31:29 - [MESSAGE][PASSED] - Modify property of object successfully

2018-05-15 18:31:29 - [TEST_STEP][PASSED] - Statement - batchqty = com.kms.katalon.core.webui.keyword.WebUiBuiltInKeywords.getAttribute(batch, "value").trim(): Attribute 'value' of object '' is: '39000'

2018-05-15 18:31:29 - [MESSAGE][PASSED] - Attribute 'value' of object '' is: '39000'

2018-05-15 18:31:29 - [TEST_STEP][PASSED] - Statement - Rqty = 10000: null

2018-05-15 18:31:29 - [TEST_STEP][PASSED] - delay: Delayed 2 second(s)

2018-05-15 18:31:31 - [MESSAGE][PASSED] - Delayed 2 second(s)

2018-05-15 18:31:31 - [TEST_STEP][PASSED] - Statement - out.println("BatchQty : " + batchqty): null

2018-05-15 18:31:31 - [TEST_STEP][PASSED] - Statement - out.println("RQty : " + Rqty): null

2018-05-15 18:31:31 - [TEST_STEP][PASSED] - Statement - If (java.lang.Integer.valueOf(batchqty) >= java.lang.Integer.valueOf(Rqty)): null

2018-05-15 18:31:31 - [TEST_STEP][PASSED] - Statement - Break: null

2018-05-15 18:31:31 - [TEST_STEP][PASSED] - Statement - batchlength = new com.kms.katalon.core.testobject.TestObject(): null

2018-05-15 18:31:31 - [TEST_STEP][PASSED] - Statement - batchlength = com.kms.katalon.core.webui.keyword.WebUiBuiltInKeywords.modifyObjectProperty(batchlength, "xpath", "equals", "//*[@id = "fldvendor" + row + ""]", true): Modify property of object successfully

2018-05-15 18:31:31 - [MESSAGE][PASSED] - Modify property of object successfully

2018-05-15 18:31:31 - [TEST_STEP][PASSED] - Statement - batchsize = com.kms.katalon.core.webui.keyword.WebUiBuiltInKeywords.getNumberOfTotalOption(batchlength): 4 options of object '' counted

2018-05-15 18:31:32 - [MESSAGE][PASSED] - 4 options of object '' counted

2018-05-15 18:31:32 - [TEST_STEP][PASSED] - Statement - out.println("BatchSize : " + batchsize): null

2018-05-15 18:31:32 - [TEST_STEP][PASSED] - Statement - For ([n = 1, n <= batchsize - 1, (n++)]): null

2018-05-15 18:31:32 - [TEST_STEP][PASSED] - Statement - product = new com.kms.katalon.core.testobject.TestObject(): null

2018-05-15 18:31:32 - [TEST_STEP][PASSED] - Statement - product = com.kms.katalon.core.webui.keyword.WebUiBuiltInKeywords.modifyObjectProperty(product, "xpath", "equals", "//*[@id = "fldvendor" + row + ""]", true): Modify property of object successfully

2018-05-15 18:31:32 - [MESSAGE][PASSED] - Modify property of object successfully

2018-05-15 18:31:32 - [TEST_STEP][PASSED] - selectOptionByIndex: All options with index in [1] are selected on object ''

2018-05-15 18:31:32 - [MESSAGE][PASSED] - All options with index in [1] are selected on object ''

2018-05-15 18:31:32 - [TEST_STEP][PASSED] - Statement - batch = new com.kms.katalon.core.testobject.TestObject(): null

2018-05-15 18:31:32 - [TEST_STEP][PASSED] - Statement - batch = com.kms.katalon.core.webui.keyword.WebUiBuiltInKeywords.modifyObjectProperty(batch, "xpath", "equals", "//*[@id = "txtbthqty" + row + ""]", true): Modify property of object successfully

2018-05-15 18:31:32 - [MESSAGE][PASSED] - Modify property of object successfully

2018-05-15 18:31:32 - [TEST_STEP][PASSED] - Statement - batchqty = com.kms.katalon.core.webui.keyword.WebUiBuiltInKeywords.getAttribute(batch, "value").trim(): Attribute 'value' of object '' is: '39000'

2018-05-15 18:31:32 - [MESSAGE][PASSED] - Attribute 'value' of object '' is: '39000'

2018-05-15 18:31:32 - [TEST_STEP][PASSED] - Statement - Rqty = 10000: null

2018-05-15 18:31:32 - [TEST_STEP][PASSED] - delay: Delayed 2 second(s)

2018-05-15 18:31:34 - [MESSAGE][PASSED] - Delayed 2 second(s)

2018-05-15 18:31:34 - [TEST_STEP][PASSED] - Statement - out.println("BatchQty : " + batchqty): null

2018-05-15 18:31:34 - [TEST_STEP][PASSED] - Statement - out.println("RQty : " + Rqty): null

2018-05-15 18:31:34 - [TEST_STEP][PASSED] - Statement - If (java.lang.Integer.valueOf(batchqty) >= java.lang.Integer.valueOf(Rqty)): null

2018-05-15 18:31:34 - [TEST_STEP][PASSED] - Statement - Break: null

2018-05-15 18:31:34 - [TEST_STEP][PASSED] - Statement - batchlength = new com.kms.katalon.core.testobject.TestObject(): null

2018-05-15 18:31:34 - [TEST_STEP][PASSED] - Statement - batchlength = com.kms.katalon.core.webui.keyword.WebUiBuiltInKeywords.modifyObjectProperty(batchlength, "xpath", "equals", "//*[@id = "fldvendor" + row + ""]", true): Modify property of object successfully

2018-05-15 18:31:34 - [MESSAGE][PASSED] - Modify property of object successfully

2018-05-15 18:31:34 - [TEST_STEP][PASSED] - Statement - batchsize = com.kms.katalon.core.webui.keyword.WebUiBuiltInKeywords.getNumberOfTotalOption(batchlength): 4 options of object '' counted

2018-05-15 18:31:34 - [MESSAGE][PASSED] - 4 options of object '' counted

2018-05-15 18:31:34 - [TEST_STEP][PASSED] - Statement - out.println("BatchSize : " + batchsize): null

2018-05-15 18:31:34 - [TEST_STEP][PASSED] - Statement - For ([n = 1, n <= batchsize - 1, (n++)]): null

2018-05-15 18:31:34 - [TEST_STEP][PASSED] - Statement - product = new com.kms.katalon.core.testobject.TestObject(): null

2018-05-15 18:31:34 - [TEST_STEP][PASSED] - Statement - product = com.kms.katalon.core.webui.keyword.WebUiBuiltInKeywords.modifyObjectProperty(product, "xpath", "equals", "//*[@id = "fldvendor" + row + ""]", true): Modify property of object successfully

2018-05-15 18:31:34 - [MESSAGE][PASSED] - Modify property of object successfully

2018-05-15 18:31:34 - [TEST_STEP][PASSED] - selectOptionByIndex: All options with index in [1] are selected on object ''

2018-05-15 18:31:34 - [MESSAGE][PASSED] - All options with index in [1] are selected on object ''

2018-05-15 18:31:34 - [TEST_STEP][PASSED] - Statement - batch = new com.kms.katalon.core.testobject.TestObject(): null

2018-05-15 18:31:34 - [TEST_STEP][PASSED] - Statement - batch = com.kms.katalon.core.webui.keyword.WebUiBuiltInKeywords.modifyObjectProperty(batch, "xpath", "equals", "//*[@id = "txtbthqty" + row + ""]", true): Modify property of object successfully

2018-05-15 18:31:34 - [MESSAGE][PASSED] - Modify property of object successfully

2018-05-15 18:31:34 - [TEST_STEP][PASSED] - Statement - batchqty = com.kms.katalon.core.webui.keyword.WebUiBuiltInKeywords.getAttribute(batch, "value").trim(): Attribute 'value' of object '' is: '39000'

2018-05-15 18:31:34 - [MESSAGE][PASSED] - Attribute 'value' of object '' is: '39000'

2018-05-15 18:31:34 - [TEST_STEP][PASSED] - Statement - Rqty = 10000: null

2018-05-15 18:31:34 - [TEST_STEP][PASSED] - delay: Delayed 2 second(s)

2018-05-15 18:31:36 - [MESSAGE][PASSED] - Delayed 2 second(s)

2018-05-15 18:31:36 - [TEST_STEP][PASSED] - Statement - out.println("BatchQty : " + batchqty): null

2018-05-15 18:31:36 - [TEST_STEP][PASSED] - Statement - out.println("RQty : " + Rqty): null

2018-05-15 18:31:36 - [TEST_STEP][PASSED] - Statement - If (java.lang.Integer.valueOf(batchqty) >= java.lang.Integer.valueOf(Rqty)): null

2018-05-15 18:31:36 - [TEST_STEP][PASSED] - Statement - Break: null

2018-05-15 18:31:36 - [TEST_STEP][PASSED] - Statement - batchlength = new com.kms.katalon.core.testobject.TestObject(): null

2018-05-15 18:31:36 - [TEST_STEP][PASSED] - Statement - batchlength = com.kms.katalon.core.webui.keyword.WebUiBuiltInKeywords.modifyObjectProperty(batchlength, "xpath", "equals", "//*[@id = "fldvendor" + row + ""]", true): Modify property of object successfully

2018-05-15 18:31:36 - [MESSAGE][PASSED] - Modify property of object successfully

2018-05-15 18:31:36 - [TEST_STEP][PASSED] - Statement - batchsize = com.kms.katalon.core.webui.keyword.WebUiBuiltInKeywords.getNumberOfTotalOption(batchlength): 4 options of object '' counted

2018-05-15 18:31:36 - [MESSAGE][PASSED] - 4 options of object '' counted

2018-05-15 18:31:36 - [TEST_STEP][PASSED] - Statement - out.println("BatchSize : " + batchsize): null

2018-05-15 18:31:36 - [TEST_STEP][PASSED] - Statement - For ([n = 1, n <= batchsize - 1, (n++)]): null

2018-05-15 18:31:36 - [TEST_STEP][PASSED] - Statement - product = new com.kms.katalon.core.testobject.TestObject(): null

2018-05-15 18:31:36 - [TEST_STEP][PASSED] - Statement - product = com.kms.katalon.core.webui.keyword.WebUiBuiltInKeywords.modifyObjectProperty(product, "xpath", "equals", "//*[@id = "fldvendor" + row + ""]", true): Modify property of object successfully

2018-05-15 18:31:36 - [MESSAGE][PASSED] - Modify property of object successfully

2018-05-15 18:31:36 - [TEST_STEP][PASSED] - selectOptionByIndex: All options with index in [1] are selected on object ''

2018-05-15 18:31:36 - [MESSAGE][PASSED] - All options with index in [1] are selected on object ''

2018-05-15 18:31:36 - [TEST_STEP][PASSED] - Statement - batch = new com.kms.katalon.core.testobject.TestObject(): null

2018-05-15 18:31:36 - [TEST_STEP][PASSED] - Statement - batch = com.kms.katalon.core.webui.keyword.WebUiBuiltInKeywords.modifyObjectProperty(batch, "xpath", "equals", "//*[@id = "txtbthqty" + row + ""]", true): Modify property of object successfully

2018-05-15 18:31:36 - [MESSAGE][PASSED] - Modify property of object successfully

2018-05-15 18:31:36 - [TEST_STEP][PASSED] - Statement - batchqty = com.kms.katalon.core.webui.keyword.WebUiBuiltInKeywords.getAttribute(batch, "value").trim(): Attribute 'value' of object '' is: '39000'

2018-05-15 18:31:36 - [MESSAGE][PASSED] - Attribute 'value' of object '' is: '39000'

2018-05-15 18:31:36 - [TEST_STEP][PASSED] - Statement - Rqty = 10000: null

2018-05-15 18:31:36 - [TEST_STEP][PASSED] - delay: Delayed 2 second(s)

2018-05-15 18:31:38 - [MESSAGE][PASSED] - Delayed 2 second(s)

2018-05-15 18:31:38 - [TEST_STEP][PASSED] - Statement - out.println("BatchQty : " + batchqty): null

2018-05-15 18:31:38 - [TEST_STEP][PASSED] - Statement - out.println("RQty : " + Rqty): null

2018-05-15 18:31:38 - [TEST_STEP][PASSED] - Statement - If (java.lang.Integer.valueOf(batchqty) >= java.lang.Integer.valueOf(Rqty)): null

2018-05-15 18:31:38 - [TEST_STEP][PASSED] - Statement - Break: null

2018-05-15 18:31:38 - [TEST_STEP][PASSED] - Statement - batchlength = new com.kms.katalon.core.testobject.TestObject(): null

2018-05-15 18:31:38 - [TEST_STEP][PASSED] - Statement - batchlength = com.kms.katalon.core.webui.keyword.WebUiBuiltInKeywords.modifyObjectProperty(batchlength, "xpath", "equals", "//*[@id = "fldvendor" + row + ""]", true): Modify property of object successfully

2018-05-15 18:31:38 - [MESSAGE][PASSED] - Modify property of object successfully

2018-05-15 18:31:38 - [TEST_STEP][PASSED] - Statement - batchsize = com.kms.katalon.core.webui.keyword.WebUiBuiltInKeywords.getNumberOfTotalOption(batchlength): 4 options of object '' counted

2018-05-15 18:31:38 - [MESSAGE][PASSED] - 4 options of object '' counted

2018-05-15 18:31:38 - [TEST_STEP][PASSED] - Statement - out.println("BatchSize : " + batchsize): null

2018-05-15 18:31:38 - [TEST_STEP][PASSED] - Statement - For ([n = 1, n <= batchsize - 1, (n++)]): null

2018-05-15 18:31:38 - [TEST_STEP][PASSED] - Statement - product = new com.kms.katalon.core.testobject.TestObject(): null

2018-05-15 18:31:38 - [TEST_STEP][PASSED] - Statement - product = com.kms.katalon.core.webui.keyword.WebUiBuiltInKeywords.modifyObjectProperty(product, "xpath", "equals", "//*[@id = "fldvendor" + row + ""]", true): Modify property of object successfully

2018-05-15 18:31:38 - [MESSAGE][PASSED] - Modify property of object successfully

2018-05-15 18:31:38 - [TEST_STEP][PASSED] - selectOptionByIndex: All options with index in [1] are selected on object ''

2018-05-15 18:31:38 - [MESSAGE][PASSED] - All options with index in [1] are selected on object ''

2018-05-15 18:31:38 - [TEST_STEP][PASSED] - Statement - batch = new com.kms.katalon.core.testobject.TestObject(): null

2018-05-15 18:31:38 - [TEST_STEP][PASSED] - Statement - batch = com.kms.katalon.core.webui.keyword.WebUiBuiltInKeywords.modifyObjectProperty(batch, "xpath", "equals", "//*[@id = "txtbthqty" + row + ""]", true): Modify property of object successfully

2018-05-15 18:31:38 - [MESSAGE][PASSED] - Modify property of object successfully

2018-05-15 18:31:38 - [TEST_STEP][PASSED] - Statement - batchqty = com.kms.katalon.core.webui.keyword.WebUiBuiltInKeywords.getAttribute(batch, "value").trim(): Attribute 'value' of object '' is: '39000'

2018-05-15 18:31:38 - [MESSAGE][PASSED] - Attribute 'value' of object '' is: '39000'

2018-05-15 18:31:38 - [TEST_STEP][PASSED] - Statement - Rqty = 10000: null

2018-05-15 18:31:38 - [TEST_STEP][PASSED] - delay: Delayed 2 second(s)

2018-05-15 18:31:40 - [MESSAGE][PASSED] - Delayed 2 second(s)

2018-05-15 18:31:40 - [TEST_STEP][PASSED] - Statement - out.println("BatchQty : " + batchqty): null

2018-05-15 18:31:40 - [TEST_STEP][PASSED] - Statement - out.println("RQty : " + Rqty): null

2018-05-15 18:31:40 - [TEST_STEP][PASSED] - Statement - If (java.lang.Integer.valueOf(batchqty) >= java.lang.Integer.valueOf(Rqty)): null

2018-05-15 18:31:40 - [TEST_STEP][PASSED] - Statement - Break: null

2018-05-15 18:31:40 - [TEST_STEP][PASSED] - Statement - batchlength = new com.kms.katalon.core.testobject.TestObject(): null

2018-05-15 18:31:40 - [TEST_STEP][PASSED] - Statement - batchlength = com.kms.katalon.core.webui.keyword.WebUiBuiltInKeywords.modifyObjectProperty(batchlength, "xpath", "equals", "//*[@id = "fldvendor" + row + ""]", true): Modify property of object successfully

2018-05-15 18:31:41 - [MESSAGE][PASSED] - Modify property of object successfully

2018-05-15 18:31:41 - [TEST_STEP][PASSED] - Statement - batchsize = com.kms.katalon.core.webui.keyword.WebUiBuiltInKeywords.getNumberOfTotalOption(batchlength): 4 options of object '' counted

2018-05-15 18:31:41 - [MESSAGE][PASSED] - 4 options of object '' counted

2018-05-15 18:31:41 - [TEST_STEP][PASSED] - Statement - out.println("BatchSize : " + batchsize): null

2018-05-15 18:31:41 - [TEST_STEP][PASSED] - Statement - For ([n = 1, n <= batchsize - 1, (n++)]): null

2018-05-15 18:31:41 - [TEST_STEP][PASSED] - Statement - product = new com.kms.katalon.core.testobject.TestObject(): null

2018-05-15 18:31:41 - [TEST_STEP][PASSED] - Statement - product = com.kms.katalon.core.webui.keyword.WebUiBuiltInKeywords.modifyObjectProperty(product, "xpath", "equals", "//*[@id = "fldvendor" + row + ""]", true): Modify property of object successfully

2018-05-15 18:31:41 - [MESSAGE][PASSED] - Modify property of object successfully

2018-05-15 18:31:41 - [TEST_STEP][PASSED] - selectOptionByIndex: All options with index in [1] are selected on object ''

2018-05-15 18:31:41 - [MESSAGE][PASSED] - All options with index in [1] are selected on object ''

2018-05-15 18:31:41 - [TEST_STEP][PASSED] - Statement - batch = new com.kms.katalon.core.testobject.TestObject(): null

2018-05-15 18:31:41 - [TEST_STEP][PASSED] - Statement - batch = com.kms.katalon.core.webui.keyword.WebUiBuiltInKeywords.modifyObjectProperty(batch, "xpath", "equals", "//*[@id = "txtbthqty" + row + ""]", true): Modify property of object successfully

2018-05-15 18:31:41 - [MESSAGE][PASSED] - Modify property of object successfully

2018-05-15 18:31:41 - [TEST_STEP][PASSED] - Statement - batchqty = com.kms.katalon.core.webui.keyword.WebUiBuiltInKeywords.getAttribute(batch, "value").trim(): Attribute 'value' of object '' is: '4000'

2018-05-15 18:31:41 - [MESSAGE][PASSED] - Attribute 'value' of object '' is: '4000'

2018-05-15 18:31:41 - [TEST_STEP][PASSED] - Statement - Rqty = 10000: null

2018-05-15 18:31:41 - [TEST_STEP][PASSED] - delay: Delayed 2 second(s)

2018-05-15 18:31:43 - [MESSAGE][PASSED] - Delayed 2 second(s)

2018-05-15 18:31:43 - [TEST_STEP][PASSED] - Statement - out.println("BatchQty : " + batchqty): null

2018-05-15 18:31:43 - [TEST_STEP][PASSED] - Statement - out.println("RQty : " + Rqty): null

2018-05-15 18:31:43 - [TEST_STEP][PASSED] - Statement - If (java.lang.Integer.valueOf(batchqty) >= java.lang.Integer.valueOf(Rqty)): null

2018-05-15 18:31:43 - [TEST_STEP][PASSED] - Statement - Else: null

2018-05-15 18:31:43 - [TEST_STEP][PASSED] - Statement - out.println("Batchqty Is Less Than Rqty"): null

2018-05-15 18:31:43 - [TEST_STEP][PASSED] - Statement - product = new com.kms.katalon.core.testobject.TestObject(): null

2018-05-15 18:31:43 - [TEST_STEP][PASSED] - Statement - product = com.kms.katalon.core.webui.keyword.WebUiBuiltInKeywords.modifyObjectProperty(product, "xpath", "equals", "//*[@id = "fldvendor" + row + ""]", true): Modify property of object successfully

2018-05-15 18:31:43 - [MESSAGE][PASSED] - Modify property of object successfully

2018-05-15 18:31:43 - [TEST_STEP][PASSED] - selectOptionByIndex: All options with index in [2] are selected on object ''

2018-05-15 18:31:43 - [MESSAGE][PASSED] - All options with index in [2] are selected on object ''

2018-05-15 18:31:43 - [TEST_STEP][PASSED] - Statement - batch = new com.kms.katalon.core.testobject.TestObject(): null

2018-05-15 18:31:43 - [TEST_STEP][PASSED] - Statement - batch = com.kms.katalon.core.webui.keyword.WebUiBuiltInKeywords.modifyObjectProperty(batch, "xpath", "equals", "//*[@id = "txtbthqty" + row + ""]", true): Modify property of object successfully

2018-05-15 18:31:43 - [MESSAGE][PASSED] - Modify property of object successfully

2018-05-15 18:31:43 - [TEST_STEP][PASSED] - Statement - batchqty = com.kms.katalon.core.webui.keyword.WebUiBuiltInKeywords.getAttribute(batch, "value").trim(): Attribute 'value' of object '' is: '40000'

2018-05-15 18:31:43 - [MESSAGE][PASSED] - Attribute 'value' of object '' is: '40000'

2018-05-15 18:31:43 - [TEST_STEP][PASSED] - Statement - Rqty = 10000: null

2018-05-15 18:31:43 - [TEST_STEP][PASSED] - delay: Delayed 2 second(s)

2018-05-15 18:31:45 - [MESSAGE][PASSED] - Delayed 2 second(s)

2018-05-15 18:31:45 - [TEST_STEP][PASSED] - Statement - out.println("BatchQty : " + batchqty): null

2018-05-15 18:31:45 - [TEST_STEP][PASSED] - Statement - out.println("RQty : " + Rqty): null

2018-05-15 18:31:45 - [TEST_STEP][PASSED] - Statement - If (java.lang.Integer.valueOf(batchqty) >= java.lang.Integer.valueOf(Rqty)): null

2018-05-15 18:31:45 - [TEST_STEP][PASSED] - Statement - Break: null

2018-05-15 18:31:45 - [TEST_STEP][PASSED] - Statement - batchlength = new com.kms.katalon.core.testobject.TestObject(): null

2018-05-15 18:31:45 - [TEST_STEP][PASSED] - Statement - batchlength = com.kms.katalon.core.webui.keyword.WebUiBuiltInKeywords.modifyObjectProperty(batchlength, "xpath", "equals", "//*[@id = "fldvendor" + row + ""]", true): Modify property of object successfully

2018-05-15 18:31:45 - [MESSAGE][PASSED] - Modify property of object successfully

2018-05-15 18:31:45 - [TEST_STEP][PASSED] - Statement - batchsize = com.kms.katalon.core.webui.keyword.WebUiBuiltInKeywords.getNumberOfTotalOption(batchlength): 4 options of object '' counted

2018-05-15 18:31:45 - [MESSAGE][PASSED] - 4 options of object '' counted

2018-05-15 18:31:45 - [TEST_STEP][PASSED] - Statement - out.println("BatchSize : " + batchsize): null

2018-05-15 18:31:45 - [TEST_STEP][PASSED] - Statement - For ([n = 1, n <= batchsize - 1, (n++)]): null

2018-05-15 18:31:45 - [TEST_STEP][PASSED] - Statement - product = new com.kms.katalon.core.testobject.TestObject(): null

2018-05-15 18:31:45 - [TEST_STEP][PASSED] - Statement - product = com.kms.katalon.core.webui.keyword.WebUiBuiltInKeywords.modifyObjectProperty(product, "xpath", "equals", "//*[@id = "fldvendor" + row + ""]", true): Modify property of object successfully

2018-05-15 18:31:45 - [MESSAGE][PASSED] - Modify property of object successfully

2018-05-15 18:31:45 - [TEST_STEP][PASSED] - selectOptionByIndex: All options with index in [1] are selected on object ''

2018-05-15 18:31:45 - [MESSAGE][PASSED] - All options with index in [1] are selected on object ''

2018-05-15 18:31:45 - [TEST_STEP][PASSED] - Statement - batch = new com.kms.katalon.core.testobject.TestObject(): null

2018-05-15 18:31:45 - [TEST_STEP][PASSED] - Statement - batch = com.kms.katalon.core.webui.keyword.WebUiBuiltInKeywords.modifyObjectProperty(batch, "xpath", "equals", "//*[@id = "txtbthqty" + row + ""]", true): Modify property of object successfully

2018-05-15 18:31:45 - [MESSAGE][PASSED] - Modify property of object successfully

2018-05-15 18:31:45 - [TEST_STEP][PASSED] - Statement - batchqty = com.kms.katalon.core.webui.keyword.WebUiBuiltInKeywords.getAttribute(batch, "value").trim(): Attribute 'value' of object '' is: '5000'

2018-05-15 18:31:45 - [MESSAGE][PASSED] - Attribute 'value' of object '' is: '5000'

2018-05-15 18:31:45 - [TEST_STEP][PASSED] - Statement - Rqty = 10000: null

2018-05-15 18:31:45 - [TEST_STEP][PASSED] - delay: Delayed 2 second(s)

2018-05-15 18:31:47 - [MESSAGE][PASSED] - Delayed 2 second(s)

2018-05-15 18:31:47 - [TEST_STEP][PASSED] - Statement - out.println("BatchQty : " + batchqty): null

2018-05-15 18:31:47 - [TEST_STEP][PASSED] - Statement - out.println("RQty : " + Rqty): null

2018-05-15 18:31:47 - [TEST_STEP][PASSED] - Statement - If (java.lang.Integer.valueOf(batchqty) >= java.lang.Integer.valueOf(Rqty)): null

2018-05-15 18:31:47 - [TEST_STEP][PASSED] - Statement - Else: null

2018-05-15 18:31:47 - [TEST_STEP][PASSED] - Statement - out.println("Batchqty Is Less Than Rqty"): null

2018-05-15 18:31:47 - [TEST_STEP][PASSED] - Statement - product = new com.kms.katalon.core.testobject.TestObject(): null

2018-05-15 18:31:47 - [TEST_STEP][PASSED] - Statement - product = com.kms.katalon.core.webui.keyword.WebUiBuiltInKeywords.modifyObjectProperty(product, "xpath", "equals", "//*[@id = "fldvendor" + row + ""]", true): Modify property of object successfully

2018-05-15 18:31:47 - [MESSAGE][PASSED] - Modify property of object successfully

2018-05-15 18:31:47 - [TEST_STEP][PASSED] - selectOptionByIndex: All options with index in [2] are selected on object ''

2018-05-15 18:31:47 - [MESSAGE][PASSED] - All options with index in [2] are selected on object ''

2018-05-15 18:31:47 - [TEST_STEP][PASSED] - Statement - batch = new com.kms.katalon.core.testobject.TestObject(): null

2018-05-15 18:31:47 - [TEST_STEP][PASSED] - Statement - batch = com.kms.katalon.core.webui.keyword.WebUiBuiltInKeywords.modifyObjectProperty(batch, "xpath", "equals", "//*[@id = "txtbthqty" + row + ""]", true): Modify property of object successfully

2018-05-15 18:31:47 - [MESSAGE][PASSED] - Modify property of object successfully

2018-05-15 18:31:47 - [TEST_STEP][PASSED] - Statement - batchqty = com.kms.katalon.core.webui.keyword.WebUiBuiltInKeywords.getAttribute(batch, "value").trim(): Attribute 'value' of object '' is: '39000'

2018-05-15 18:31:47 - [MESSAGE][PASSED] - Attribute 'value' of object '' is: '39000'

2018-05-15 18:31:47 - [TEST_STEP][PASSED] - Statement - Rqty = 10000: null

2018-05-15 18:31:47 - [TEST_STEP][PASSED] - delay: Delayed 2 second(s)

2018-05-15 18:31:49 - [MESSAGE][PASSED] - Delayed 2 second(s)

2018-05-15 18:31:49 - [TEST_STEP][PASSED] - Statement - out.println("BatchQty : " + batchqty): null

2018-05-15 18:31:49 - [TEST_STEP][PASSED] - Statement - out.println("RQty : " + Rqty): null

2018-05-15 18:31:49 - [TEST_STEP][PASSED] - Statement - If (java.lang.Integer.valueOf(batchqty) >= java.lang.Integer.valueOf(Rqty)): null

2018-05-15 18:31:49 - [TEST_STEP][PASSED] - Statement - Break: null

2018-05-15 18:31:49 - [TEST_STEP][PASSED] - Statement - batchlength = new com.kms.katalon.core.testobject.TestObject(): null

2018-05-15 18:31:49 - [TEST_STEP][PASSED] - Statement - batchlength = com.kms.katalon.core.webui.keyword.WebUiBuiltInKeywords.modifyObjectProperty(batchlength, "xpath", "equals", "//*[@id = "fldvendor" + row + ""]", true): Modify property of object successfully

2018-05-15 18:31:49 - [MESSAGE][PASSED] - Modify property of object successfully

2018-05-15 18:31:49 - [TEST_STEP][PASSED] - Statement - batchsize = com.kms.katalon.core.webui.keyword.WebUiBuiltInKeywords.getNumberOfTotalOption(batchlength): 4 options of object '' counted

2018-05-15 18:31:49 - [MESSAGE][PASSED] - 4 options of object '' counted

2018-05-15 18:31:49 - [TEST_STEP][PASSED] - Statement - out.println("BatchSize : " + batchsize): null

2018-05-15 18:31:49 - [TEST_STEP][PASSED] - Statement - For ([n = 1, n <= batchsize - 1, (n++)]): null

2018-05-15 18:31:49 - [TEST_STEP][PASSED] - Statement - product = new com.kms.katalon.core.testobject.TestObject(): null

2018-05-15 18:31:49 - [TEST_STEP][PASSED] - Statement - product = com.kms.katalon.core.webui.keyword.WebUiBuiltInKeywords.modifyObjectProperty(product, "xpath", "equals", "//*[@id = "fldvendor" + row + ""]", true): Modify property of object successfully

2018-05-15 18:31:49 - [MESSAGE][PASSED] - Modify property of object successfully

2018-05-15 18:31:49 - [TEST_STEP][PASSED] - selectOptionByIndex: All options with index in [1] are selected on object ''

2018-05-15 18:31:50 - [MESSAGE][PASSED] - All options with index in [1] are selected on object ''

2018-05-15 18:31:50 - [TEST_STEP][PASSED] - Statement - batch = new com.kms.katalon.core.testobject.TestObject(): null

2018-05-15 18:31:50 - [TEST_STEP][PASSED] - Statement - batch = com.kms.katalon.core.webui.keyword.WebUiBuiltInKeywords.modifyObjectProperty(batch, "xpath", "equals", "//*[@id = "txtbthqty" + row + ""]", true): Modify property of object successfully

2018-05-15 18:31:50 - [MESSAGE][PASSED] - Modify property of object successfully

2018-05-15 18:31:50 - [TEST_STEP][PASSED] - Statement - batchqty = com.kms.katalon.core.webui.keyword.WebUiBuiltInKeywords.getAttribute(batch, "value").trim(): Attribute 'value' of object '' is: '4000'

2018-05-15 18:31:50 - [MESSAGE][PASSED] - Attribute 'value' of object '' is: '4000'

2018-05-15 18:31:50 - [TEST_STEP][PASSED] - Statement - Rqty = 10000: null

2018-05-15 18:31:50 - [TEST_STEP][PASSED] - delay: Delayed 2 second(s)

2018-05-15 18:31:52 - [MESSAGE][PASSED] - Delayed 2 second(s)

2018-05-15 18:31:52 - [TEST_STEP][PASSED] - Statement - out.println("BatchQty : " + batchqty): null

2018-05-15 18:31:52 - [TEST_STEP][PASSED] - Statement - out.println("RQty : " + Rqty): null

2018-05-15 18:31:52 - [TEST_STEP][PASSED] - Statement - If (java.lang.Integer.valueOf(batchqty) >= java.lang.Integer.valueOf(Rqty)): null

2018-05-15 18:31:52 - [TEST_STEP][PASSED] - Statement - Else: null

2018-05-15 18:31:52 - [TEST_STEP][PASSED] - Statement - out.println("Batchqty Is Less Than Rqty"): null

2018-05-15 18:31:52 - [TEST_STEP][PASSED] - Statement - product = new com.kms.katalon.core.testobject.TestObject(): null

2018-05-15 18:31:52 - [TEST_STEP][PASSED] - Statement - product = com.kms.katalon.core.webui.keyword.WebUiBuiltInKeywords.modifyObjectProperty(product, "xpath", "equals", "//*[@id = "fldvendor" + row + ""]", true): Modify property of object successfully

2018-05-15 18:31:52 - [MESSAGE][PASSED] - Modify property of object successfully

2018-05-15 18:31:52 - [TEST_STEP][PASSED] - selectOptionByIndex: All options with index in [2] are selected on object ''

2018-05-15 18:31:52 - [MESSAGE][PASSED] - All options with index in [2] are selected on object ''

2018-05-15 18:31:52 - [TEST_STEP][PASSED] - Statement - batch = new com.kms.katalon.core.testobject.TestObject(): null

2018-05-15 18:31:52 - [TEST_STEP][PASSED] - Statement - batch = com.kms.katalon.core.webui.keyword.WebUiBuiltInKeywords.modifyObjectProperty(batch, "xpath", "equals", "//*[@id = "txtbthqty" + row + ""]", true): Modify property of object successfully

2018-05-15 18:31:52 - [MESSAGE][PASSED] - Modify property of object successfully

2018-05-15 18:31:52 - [TEST_STEP][PASSED] - Statement - batchqty = com.kms.katalon.core.webui.keyword.WebUiBuiltInKeywords.getAttribute(batch, "value").trim(): Attribute 'value' of object '' is: '40000'

2018-05-15 18:31:52 - [MESSAGE][PASSED] - Attribute 'value' of object '' is: '40000'

2018-05-15 18:31:52 - [TEST_STEP][PASSED] - Statement - Rqty = 10000: null

2018-05-15 18:31:52 - [TEST_STEP][PASSED] - delay: Delayed 2 second(s)

2018-05-15 18:31:54 - [MESSAGE][PASSED] - Delayed 2 second(s)

2018-05-15 18:31:54 - [TEST_STEP][PASSED] - Statement - out.println("BatchQty : " + batchqty): null

2018-05-15 18:31:54 - [TEST_STEP][PASSED] - Statement - out.println("RQty : " + Rqty): null

2018-05-15 18:31:54 - [TEST_STEP][PASSED] - Statement - If (java.lang.Integer.valueOf(batchqty) >= java.lang.Integer.valueOf(Rqty)): null

2018-05-15 18:31:54 - [TEST_STEP][PASSED] - Statement - Break: null

2018-05-15 18:31:54 - [TEST_STEP][PASSED] - Statement - batchlength = new com.kms.katalon.core.testobject.TestObject(): null

2018-05-15 18:31:54 - [TEST_STEP][PASSED] - Statement - batchlength = com.kms.katalon.core.webui.keyword.WebUiBuiltInKeywords.modifyObjectProperty(batchlength, "xpath", "equals", "//*[@id = "fldvendor" + row + ""]", true): Modify property of object successfully

2018-05-15 18:31:54 - [MESSAGE][PASSED] - Modify property of object successfully

2018-05-15 18:31:54 - [TEST_STEP][PASSED] - Statement - batchsize = com.kms.katalon.core.webui.keyword.WebUiBuiltInKeywords.getNumberOfTotalOption(batchlength): 4 options of object '' counted

2018-05-15 18:31:54 - [MESSAGE][PASSED] - 4 options of object '' counted

2018-05-15 18:31:54 - [TEST_STEP][PASSED] - Statement - out.println("BatchSize : " + batchsize): null

2018-05-15 18:31:54 - [TEST_STEP][PASSED] - Statement - For ([n = 1, n <= batchsize - 1, (n++)]): null

2018-05-15 18:31:54 - [TEST_STEP][PASSED] - Statement - product = new com.kms.katalon.core.testobject.TestObject(): null

2018-05-15 18:31:54 - [TEST_STEP][PASSED] - Statement - product = com.kms.katalon.core.webui.keyword.WebUiBuiltInKeywords.modifyObjectProperty(product, "xpath", "equals", "//*[@id = "fldvendor" + row + ""]", true): Modify property of object successfully

2018-05-15 18:31:54 - [MESSAGE][PASSED] - Modify property of object successfully

2018-05-15 18:31:54 - [TEST_STEP][PASSED] - selectOptionByIndex: All options with index in [1] are selected on object ''

2018-05-15 18:31:54 - [MESSAGE][PASSED] - All options with index in [1] are selected on object ''

2018-05-15 18:31:54 - [TEST_STEP][PASSED] - Statement - batch = new com.kms.katalon.core.testobject.TestObject(): null

2018-05-15 18:31:54 - [TEST_STEP][PASSED] - Statement - batch = com.kms.katalon.core.webui.keyword.WebUiBuiltInKeywords.modifyObjectProperty(batch, "xpath", "equals", "//*[@id = "txtbthqty" + row + ""]", true): Modify property of object successfully

2018-05-15 18:31:54 - [MESSAGE][PASSED] - Modify property of object successfully

2018-05-15 18:31:54 - [TEST_STEP][PASSED] - Statement - batchqty = com.kms.katalon.core.webui.keyword.WebUiBuiltInKeywords.getAttribute(batch, "value").trim(): Attribute 'value' of object '' is: '4000'

2018-05-15 18:31:54 - [MESSAGE][PASSED] - Attribute 'value' of object '' is: '4000'

2018-05-15 18:31:54 - [TEST_STEP][PASSED] - Statement - Rqty = 10000: null

2018-05-15 18:31:54 - [TEST_STEP][PASSED] - delay: Delayed 2 second(s)

2018-05-15 18:31:56 - [MESSAGE][PASSED] - Delayed 2 second(s)

2018-05-15 18:31:56 - [TEST_STEP][PASSED] - Statement - out.println("BatchQty : " + batchqty): null

2018-05-15 18:31:56 - [TEST_STEP][PASSED] - Statement - out.println("RQty : " + Rqty): null

2018-05-15 18:31:56 - [TEST_STEP][PASSED] - Statement - If (java.lang.Integer.valueOf(batchqty) >= java.lang.Integer.valueOf(Rqty)): null

2018-05-15 18:31:56 - [TEST_STEP][PASSED] - Statement - Else: null

2018-05-15 18:31:56 - [TEST_STEP][PASSED] - Statement - out.println("Batchqty Is Less Than Rqty"): null

2018-05-15 18:31:56 - [TEST_STEP][PASSED] - Statement - product = new com.kms.katalon.core.testobject.TestObject(): null

2018-05-15 18:31:56 - [TEST_STEP][PASSED] - Statement - product = com.kms.katalon.core.webui.keyword.WebUiBuiltInKeywords.modifyObjectProperty(product, "xpath", "equals", "//*[@id = "fldvendor" + row + ""]", true): Modify property of object successfully

2018-05-15 18:31:56 - [MESSAGE][PASSED] - Modify property of object successfully

2018-05-15 18:31:56 - [TEST_STEP][PASSED] - selectOptionByIndex: All options with index in [2] are selected on object ''

2018-05-15 18:31:56 - [MESSAGE][PASSED] - All options with index in [2] are selected on object ''

2018-05-15 18:31:56 - [TEST_STEP][PASSED] - Statement - batch = new com.kms.katalon.core.testobject.TestObject(): null

2018-05-15 18:31:56 - [TEST_STEP][PASSED] - Statement - batch = com.kms.katalon.core.webui.keyword.WebUiBuiltInKeywords.modifyObjectProperty(batch, "xpath", "equals", "//*[@id = "txtbthqty" + row + ""]", true): Modify property of object successfully

2018-05-15 18:31:56 - [MESSAGE][PASSED] - Modify property of object successfully

2018-05-15 18:31:56 - [TEST_STEP][PASSED] - Statement - batchqty = com.kms.katalon.core.webui.keyword.WebUiBuiltInKeywords.getAttribute(batch, "value").trim(): Attribute 'value' of object '' is: '5000'

2018-05-15 18:31:56 - [MESSAGE][PASSED] - Attribute 'value' of object '' is: '5000'

2018-05-15 18:31:56 - [TEST_STEP][PASSED] - Statement - Rqty = 10000: null

2018-05-15 18:31:56 - [TEST_STEP][PASSED] - delay: Delayed 2 second(s)

2018-05-15 18:31:58 - [MESSAGE][PASSED] - Delayed 2 second(s)

2018-05-15 18:31:58 - [TEST_STEP][PASSED] - Statement - out.println("BatchQty : " + batchqty): null

2018-05-15 18:31:58 - [TEST_STEP][PASSED] - Statement - out.println("RQty : " + Rqty): null

2018-05-15 18:31:58 - [TEST_STEP][PASSED] - Statement - If (java.lang.Integer.valueOf(batchqty) >= java.lang.Integer.valueOf(Rqty)): null

2018-05-15 18:31:58 - [TEST_STEP][PASSED] - Statement - Else: null

2018-05-15 18:31:58 - [TEST_STEP][PASSED] - Statement - out.println("Batchqty Is Less Than Rqty"): null

2018-05-15 18:31:58 - [TEST_STEP][PASSED] - Statement - product = new com.kms.katalon.core.testobject.TestObject(): null

2018-05-15 18:31:58 - [TEST_STEP][PASSED] - Statement - product = com.kms.katalon.core.webui.keyword.WebUiBuiltInKeywords.modifyObjectProperty(product, "xpath", "equals", "//*[@id = "fldvendor" + row + ""]", true): Modify property of object successfully

2018-05-15 18:31:58 - [MESSAGE][PASSED] - Modify property of object successfully

2018-05-15 18:31:58 - [TEST_STEP][PASSED] - selectOptionByIndex: All options with index in [3] are selected on object ''

2018-05-15 18:31:58 - [MESSAGE][PASSED] - All options with index in [3] are selected on object ''

2018-05-15 18:31:58 - [TEST_STEP][PASSED] - Statement - batch = new com.kms.katalon.core.testobject.TestObject(): null

2018-05-15 18:31:58 - [TEST_STEP][PASSED] - Statement - batch = com.kms.katalon.core.webui.keyword.WebUiBuiltInKeywords.modifyObjectProperty(batch, "xpath", "equals", "//*[@id = "txtbthqty" + row + ""]", true): Modify property of object successfully

2018-05-15 18:31:58 - [MESSAGE][PASSED] - Modify property of object successfully

2018-05-15 18:31:58 - [TEST_STEP][PASSED] - Statement - batchqty = com.kms.katalon.core.webui.keyword.WebUiBuiltInKeywords.getAttribute(batch, "value").trim(): Attribute 'value' of object '' is: '40000'

2018-05-15 18:31:59 - [MESSAGE][PASSED] - Attribute 'value' of object '' is: '40000'

2018-05-15 18:31:59 - [TEST_STEP][PASSED] - Statement - Rqty = 10000: null

2018-05-15 18:31:59 - [TEST_STEP][PASSED] - delay: Delayed 2 second(s)

2018-05-15 18:32:01 - [MESSAGE][PASSED] - Delayed 2 second(s)

2018-05-15 18:32:01 - [TEST_STEP][PASSED] - Statement - out.println("BatchQty : " + batchqty): null

2018-05-15 18:32:01 - [TEST_STEP][PASSED] - Statement - out.println("RQty : " + Rqty): null

2018-05-15 18:32:01 - [TEST_STEP][PASSED] - Statement - If (java.lang.Integer.valueOf(batchqty) >= java.lang.Integer.valueOf(Rqty)): null

2018-05-15 18:32:01 - [TEST_STEP][PASSED] - Statement - Break: null

2018-05-15 18:32:01 - [TEST_STEP][PASSED] - Statement - batchlength = new com.kms.katalon.core.testobject.TestObject(): null

2018-05-15 18:32:01 - [TEST_STEP][PASSED] - Statement - batchlength = com.kms.katalon.core.webui.keyword.WebUiBuiltInKeywords.modifyObjectProperty(batchlength, "xpath", "equals", "//*[@id = "fldvendor" + row + ""]", true): Modify property of object successfully

2018-05-15 18:32:01 - [MESSAGE][PASSED] - Modify property of object successfully

2018-05-15 18:32:01 - [TEST_STEP][PASSED] - Statement - batchsize = com.kms.katalon.core.webui.keyword.WebUiBuiltInKeywords.getNumberOfTotalOption(batchlength): 4 options of object '' counted

2018-05-15 18:32:01 - [MESSAGE][PASSED] - 4 options of object '' counted

2018-05-15 18:32:01 - [TEST_STEP][PASSED] - Statement - out.println("BatchSize : " + batchsize): null

2018-05-15 18:32:01 - [TEST_STEP][PASSED] - Statement - For ([n = 1, n <= batchsize - 1, (n++)]): null

2018-05-15 18:32:01 - [TEST_STEP][PASSED] - Statement - product = new com.kms.katalon.core.testobject.TestObject(): null

2018-05-15 18:32:01 - [TEST_STEP][PASSED] - Statement - product = com.kms.katalon.core.webui.keyword.WebUiBuiltInKeywords.modifyObjectProperty(product, "xpath", "equals", "//*[@id = "fldvendor" + row + ""]", true): Modify property of object successfully

2018-05-15 18:32:01 - [MESSAGE][PASSED] - Modify property of object successfully

2018-05-15 18:32:01 - [TEST_STEP][PASSED] - selectOptionByIndex: All options with index in [1] are selected on object ''

2018-05-15 18:32:01 - [MESSAGE][PASSED] - All options with index in [1] are selected on object ''

2018-05-15 18:32:01 - [TEST_STEP][PASSED] - Statement - batch = new com.kms.katalon.core.testobject.TestObject(): null

2018-05-15 18:32:01 - [TEST_STEP][PASSED] - Statement - batch = com.kms.katalon.core.webui.keyword.WebUiBuiltInKeywords.modifyObjectProperty(batch, "xpath", "equals", "//*[@id = "txtbthqty" + row + ""]", true): Modify property of object successfully

2018-05-15 18:32:01 - [MESSAGE][PASSED] - Modify property of object successfully

2018-05-15 18:32:01 - [TEST_STEP][PASSED] - Statement - batchqty = com.kms.katalon.core.webui.keyword.WebUiBuiltInKeywords.getAttribute(batch, "value").trim(): Attribute 'value' of object '' is: '4000'

2018-05-15 18:32:01 - [MESSAGE][PASSED] - Attribute 'value' of object '' is: '4000'

2018-05-15 18:32:01 - [TEST_STEP][PASSED] - Statement - Rqty = 10000: null

2018-05-15 18:32:01 - [TEST_STEP][PASSED] - delay: Delayed 2 second(s)

2018-05-15 18:32:03 - [MESSAGE][PASSED] - Delayed 2 second(s)

2018-05-15 18:32:03 - [TEST_STEP][PASSED] - Statement - out.println("BatchQty : " + batchqty): null

2018-05-15 18:32:03 - [TEST_STEP][PASSED] - Statement - out.println("RQty : " + Rqty): null

2018-05-15 18:32:03 - [TEST_STEP][PASSED] - Statement - If (java.lang.Integer.valueOf(batchqty) >= java.lang.Integer.valueOf(Rqty)): null

2018-05-15 18:32:03 - [TEST_STEP][PASSED] - Statement - Else: null

2018-05-15 18:32:03 - [TEST_STEP][PASSED] - Statement - out.println("Batchqty Is Less Than Rqty"): null

2018-05-15 18:32:03 - [TEST_STEP][PASSED] - Statement - product = new com.kms.katalon.core.testobject.TestObject(): null

2018-05-15 18:32:03 - [TEST_STEP][PASSED] - Statement - product = com.kms.katalon.core.webui.keyword.WebUiBuiltInKeywords.modifyObjectProperty(product, "xpath", "equals", "//*[@id = "fldvendor" + row + ""]", true): Modify property of object successfully

2018-05-15 18:32:03 - [MESSAGE][PASSED] - Modify property of object successfully

2018-05-15 18:32:03 - [TEST_STEP][PASSED] - selectOptionByIndex: All options with index in [2] are selected on object ''

2018-05-15 18:32:03 - [MESSAGE][PASSED] - All options with index in [2] are selected on object ''

2018-05-15 18:32:03 - [TEST_STEP][PASSED] - Statement - batch = new com.kms.katalon.core.testobject.TestObject(): null

2018-05-15 18:32:03 - [TEST_STEP][PASSED] - Statement - batch = com.kms.katalon.core.webui.keyword.WebUiBuiltInKeywords.modifyObjectProperty(batch, "xpath", "equals", "//*[@id = "txtbthqty" + row + ""]", true): Modify property of object successfully

2018-05-15 18:32:03 - [MESSAGE][PASSED] - Modify property of object successfully

2018-05-15 18:32:03 - [TEST_STEP][PASSED] - Statement - batchqty = com.kms.katalon.core.webui.keyword.WebUiBuiltInKeywords.getAttribute(batch, "value").trim(): Attribute 'value' of object '' is: '40000'

2018-05-15 18:32:03 - [MESSAGE][PASSED] - Attribute 'value' of object '' is: '40000'

2018-05-15 18:32:03 - [TEST_STEP][PASSED] - Statement - Rqty = 10000: null

2018-05-15 18:32:03 - [TEST_STEP][PASSED] - delay: Delayed 2 second(s)

2018-05-15 18:32:05 - [MESSAGE][PASSED] - Delayed 2 second(s)

2018-05-15 18:32:05 - [TEST_STEP][PASSED] - Statement - out.println("BatchQty : " + batchqty): null

2018-05-15 18:32:05 - [TEST_STEP][PASSED] - Statement - out.println("RQty : " + Rqty): null

2018-05-15 18:32:05 - [TEST_STEP][PASSED] - Statement - If (java.lang.Integer.valueOf(batchqty) >= java.lang.Integer.valueOf(Rqty)): null

2018-05-15 18:32:05 - [TEST_STEP][PASSED] - Statement - Break: null

2018-05-15 18:32:05 - [TEST_STEP][PASSED] - Statement - batchlength = new com.kms.katalon.core.testobject.TestObject(): null

2018-05-15 18:32:05 - [TEST_STEP][PASSED] - Statement - batchlength = com.kms.katalon.core.webui.keyword.WebUiBuiltInKeywords.modifyObjectProperty(batchlength, "xpath", "equals", "//*[@id = "fldvendor" + row + ""]", true): Modify property of object successfully

2018-05-15 18:32:05 - [MESSAGE][PASSED] - Modify property of object successfully

2018-05-15 18:32:05 - [TEST_STEP][PASSED] - Statement - batchsize = com.kms.katalon.core.webui.keyword.WebUiBuiltInKeywords.getNumberOfTotalOption(batchlength): 4 options of object '' counted

2018-05-15 18:32:05 - [MESSAGE][PASSED] - 4 options of object '' counted

2018-05-15 18:32:05 - [TEST_STEP][PASSED] - Statement - out.println("BatchSize : " + batchsize): null

2018-05-15 18:32:05 - [TEST_STEP][PASSED] - Statement - For ([n = 1, n <= batchsize - 1, (n++)]): null

2018-05-15 18:32:05 - [TEST_STEP][PASSED] - Statement - product = new com.kms.katalon.core.testobject.TestObject(): null

2018-05-15 18:32:05 - [TEST_STEP][PASSED] - Statement - product = com.kms.katalon.core.webui.keyword.WebUiBuiltInKeywords.modifyObjectProperty(product, "xpath", "equals", "//*[@id = "fldvendor" + row + ""]", true): Modify property of object successfully

2018-05-15 18:32:05 - [MESSAGE][PASSED] - Modify property of object successfully

2018-05-15 18:32:05 - [TEST_STEP][PASSED] - selectOptionByIndex: All options with index in [1] are selected on object ''

2018-05-15 18:32:05 - [MESSAGE][PASSED] - All options with index in [1] are selected on object ''

2018-05-15 18:32:05 - [TEST_STEP][PASSED] - Statement - batch = new com.kms.katalon.core.testobject.TestObject(): null

2018-05-15 18:32:05 - [TEST_STEP][PASSED] - Statement - batch = com.kms.katalon.core.webui.keyword.WebUiBuiltInKeywords.modifyObjectProperty(batch, "xpath", "equals", "//*[@id = "txtbthqty" + row + ""]", true): Modify property of object successfully

2018-05-15 18:32:05 - [MESSAGE][PASSED] - Modify property of object successfully

2018-05-15 18:32:05 - [TEST_STEP][PASSED] - Statement - batchqty = com.kms.katalon.core.webui.keyword.WebUiBuiltInKeywords.getAttribute(batch, "value").trim(): Attribute 'value' of object '' is: '5000'

2018-05-15 18:32:05 - [MESSAGE][PASSED] - Attribute 'value' of object '' is: '5000'

2018-05-15 18:32:05 - [TEST_STEP][PASSED] - Statement - Rqty = 10000: null

2018-05-15 18:32:05 - [TEST_STEP][PASSED] - delay: Delayed 2 second(s)

2018-05-15 18:32:07 - [MESSAGE][PASSED] - Delayed 2 second(s)

2018-05-15 18:32:07 - [TEST_STEP][PASSED] - Statement - out.println("BatchQty : " + batchqty): null

2018-05-15 18:32:07 - [TEST_STEP][PASSED] - Statement - out.println("RQty : " + Rqty): null

2018-05-15 18:32:07 - [TEST_STEP][PASSED] - Statement - If (java.lang.Integer.valueOf(batchqty) >= java.lang.Integer.valueOf(Rqty)): null

2018-05-15 18:32:07 - [TEST_STEP][PASSED] - Statement - Else: null

2018-05-15 18:32:07 - [TEST_STEP][PASSED] - Statement - out.println("Batchqty Is Less Than Rqty"): null

2018-05-15 18:32:07 - [TEST_STEP][PASSED] - Statement - product = new com.kms.katalon.core.testobject.TestObject(): null

2018-05-15 18:32:07 - [TEST_STEP][PASSED] - Statement - product = com.kms.katalon.core.webui.keyword.WebUiBuiltInKeywords.modifyObjectProperty(product, "xpath", "equals", "//*[@id = "fldvendor" + row + ""]", true): Modify property of object successfully

2018-05-15 18:32:07 - [MESSAGE][PASSED] - Modify property of object successfully

2018-05-15 18:32:07 - [TEST_STEP][PASSED] - selectOptionByIndex: All options with index in [2] are selected on object ''

2018-05-15 18:32:07 - [MESSAGE][PASSED] - All options with index in [2] are selected on object ''

2018-05-15 18:32:07 - [TEST_STEP][PASSED] - Statement - batch = new com.kms.katalon.core.testobject.TestObject(): null

2018-05-15 18:32:07 - [TEST_STEP][PASSED] - Statement - batch = com.kms.katalon.core.webui.keyword.WebUiBuiltInKeywords.modifyObjectProperty(batch, "xpath", "equals", "//*[@id = "txtbthqty" + row + ""]", true): Modify property of object successfully

2018-05-15 18:32:07 - [MESSAGE][PASSED] - Modify property of object successfully

2018-05-15 18:32:07 - [TEST_STEP][PASSED] - Statement - batchqty = com.kms.katalon.core.webui.keyword.WebUiBuiltInKeywords.getAttribute(batch, "value").trim(): Attribute 'value' of object '' is: '39000'

2018-05-15 18:32:07 - [MESSAGE][PASSED] - Attribute 'value' of object '' is: '39000'

2018-05-15 18:32:07 - [TEST_STEP][PASSED] - Statement - Rqty = 10000: null

2018-05-15 18:32:07 - [TEST_STEP][PASSED] - delay: Delayed 2 second(s)

2018-05-15 18:32:09 - [MESSAGE][PASSED] - Delayed 2 second(s)

2018-05-15 18:32:09 - [TEST_STEP][PASSED] - Statement - out.println("BatchQty : " + batchqty): null

2018-05-15 18:32:09 - [TEST_STEP][PASSED] - Statement - out.println("RQty : " + Rqty): null

2018-05-15 18:32:09 - [TEST_STEP][PASSED] - Statement - If (java.lang.Integer.valueOf(batchqty) >= java.lang.Integer.valueOf(Rqty)): null

2018-05-15 18:32:09 - [TEST_STEP][PASSED] - Statement - Break: null

2018-05-15 18:32:09 - [TEST_STEP][PASSED] - Statement - batchlength = new com.kms.katalon.core.testobject.TestObject(): null

2018-05-15 18:32:09 - [TEST_STEP][PASSED] - Statement - batchlength = com.kms.katalon.core.webui.keyword.WebUiBuiltInKeywords.modifyObjectProperty(batchlength, "xpath", "equals", "//*[@id = "fldvendor" + row + ""]", true): Modify property of object successfully

2018-05-15 18:32:09 - [MESSAGE][PASSED] - Modify property of object successfully

2018-05-15 18:32:09 - [TEST_STEP][PASSED] - Statement - batchsize = com.kms.katalon.core.webui.keyword.WebUiBuiltInKeywords.getNumberOfTotalOption(batchlength): 4 options of object '' counted

2018-05-15 18:32:10 - [MESSAGE][PASSED] - 4 options of object '' counted

2018-05-15 18:32:10 - [TEST_STEP][PASSED] - Statement - out.println("BatchSize : " + batchsize): null

2018-05-15 18:32:10 - [TEST_STEP][PASSED] - Statement - For ([n = 1, n <= batchsize - 1, (n++)]): null

2018-05-15 18:32:10 - [TEST_STEP][PASSED] - Statement - product = new com.kms.katalon.core.testobject.TestObject(): null

2018-05-15 18:32:10 - [TEST_STEP][PASSED] - Statement - product = com.kms.katalon.core.webui.keyword.WebUiBuiltInKeywords.modifyObjectProperty(product, "xpath", "equals", "//*[@id = "fldvendor" + row + ""]", true): Modify property of object successfully

2018-05-15 18:32:10 - [MESSAGE][PASSED] - Modify property of object successfully

2018-05-15 18:32:10 - [TEST_STEP][PASSED] - selectOptionByIndex: All options with index in [1] are selected on object ''

2018-05-15 18:32:10 - [MESSAGE][PASSED] - All options with index in [1] are selected on object ''

2018-05-15 18:32:10 - [TEST_STEP][PASSED] - Statement - batch = new com.kms.katalon.core.testobject.TestObject(): null

2018-05-15 18:32:10 - [TEST_STEP][PASSED] - Statement - batch = com.kms.katalon.core.webui.keyword.WebUiBuiltInKeywords.modifyObjectProperty(batch, "xpath", "equals", "//*[@id = "txtbthqty" + row + ""]", true): Modify property of object successfully

2018-05-15 18:32:10 - [MESSAGE][PASSED] - Modify property of object successfully

2018-05-15 18:32:10 - [TEST_STEP][PASSED] - Statement - batchqty = com.kms.katalon.core.webui.keyword.WebUiBuiltInKeywords.getAttribute(batch, "value").trim(): Attribute 'value' of object '' is: '4000'

2018-05-15 18:32:10 - [MESSAGE][PASSED] - Attribute 'value' of object '' is: '4000'

2018-05-15 18:32:10 - [TEST_STEP][PASSED] - Statement - Rqty = 10000: null

2018-05-15 18:32:10 - [TEST_STEP][PASSED] - delay: Delayed 2 second(s)

2018-05-15 18:32:12 - [MESSAGE][PASSED] - Delayed 2 second(s)

2018-05-15 18:32:12 - [TEST_STEP][PASSED] - Statement - out.println("BatchQty : " + batchqty): null

2018-05-15 18:32:12 - [TEST_STEP][PASSED] - Statement - out.println("RQty : " + Rqty): null

2018-05-15 18:32:12 - [TEST_STEP][PASSED] - Statement - If (java.lang.Integer.valueOf(batchqty) >= java.lang.Integer.valueOf(Rqty)): null

2018-05-15 18:32:12 - [TEST_STEP][PASSED] - Statement - Else: null

2018-05-15 18:32:12 - [TEST_STEP][PASSED] - Statement - out.println("Batchqty Is Less Than Rqty"): null

2018-05-15 18:32:12 - [TEST_STEP][PASSED] - Statement - product = new com.kms.katalon.core.testobject.TestObject(): null

2018-05-15 18:32:12 - [TEST_STEP][PASSED] - Statement - product = com.kms.katalon.core.webui.keyword.WebUiBuiltInKeywords.modifyObjectProperty(product, "xpath", "equals", "//*[@id = "fldvendor" + row + ""]", true): Modify property of object successfully

2018-05-15 18:32:12 - [MESSAGE][PASSED] - Modify property of object successfully

2018-05-15 18:32:12 - [TEST_STEP][PASSED] - selectOptionByIndex: All options with index in [2] are selected on object ''

2018-05-15 18:32:12 - [MESSAGE][PASSED] - All options with index in [2] are selected on object ''

2018-05-15 18:32:12 - [TEST_STEP][PASSED] - Statement - batch = new com.kms.katalon.core.testobject.TestObject(): null

2018-05-15 18:32:12 - [TEST_STEP][PASSED] - Statement - batch = com.kms.katalon.core.webui.keyword.WebUiBuiltInKeywords.modifyObjectProperty(batch, "xpath", "equals", "//*[@id = "txtbthqty" + row + ""]", true): Modify property of object successfully

2018-05-15 18:32:12 - [MESSAGE][PASSED] - Modify property of object successfully

2018-05-15 18:32:12 - [TEST_STEP][PASSED] - Statement - batchqty = com.kms.katalon.core.webui.keyword.WebUiBuiltInKeywords.getAttribute(batch, "value").trim(): Attribute 'value' of object '' is: '40000'

2018-05-15 18:32:12 - [MESSAGE][PASSED] - Attribute 'value' of object '' is: '40000'

2018-05-15 18:32:12 - [TEST_STEP][PASSED] - Statement - Rqty = 10000: null

2018-05-15 18:32:12 - [TEST_STEP][PASSED] - delay: Delayed 2 second(s)

2018-05-15 18:32:14 - [MESSAGE][PASSED] - Delayed 2 second(s)

2018-05-15 18:32:14 - [TEST_STEP][PASSED] - Statement - out.println("BatchQty : " + batchqty): null

2018-05-15 18:32:14 - [TEST_STEP][PASSED] - Statement - out.println("RQty : " + Rqty): null

2018-05-15 18:32:14 - [TEST_STEP][PASSED] - Statement - If (java.lang.Integer.valueOf(batchqty) >= java.lang.Integer.valueOf(Rqty)): null

2018-05-15 18:32:14 - [TEST_STEP][PASSED] - Statement - Break: null

2018-05-15 18:32:14 - [TEST_STEP][PASSED] - Statement - batchlength = new com.kms.katalon.core.testobject.TestObject(): null

2018-05-15 18:32:14 - [TEST_STEP][PASSED] - Statement - batchlength = com.kms.katalon.core.webui.keyword.WebUiBuiltInKeywords.modifyObjectProperty(batchlength, "xpath", "equals", "//*[@id = "fldvendor" + row + ""]", true): Modify property of object successfully

2018-05-15 18:32:14 - [MESSAGE][PASSED] - Modify property of object successfully

2018-05-15 18:32:14 - [TEST_STEP][PASSED] - Statement - batchsize = com.kms.katalon.core.webui.keyword.WebUiBuiltInKeywords.getNumberOfTotalOption(batchlength): 4 options of object '' counted

2018-05-15 18:32:14 - [MESSAGE][PASSED] - 4 options of object '' counted

2018-05-15 18:32:14 - [TEST_STEP][PASSED] - Statement - out.println("BatchSize : " + batchsize): null

2018-05-15 18:32:14 - [TEST_STEP][PASSED] - Statement - For ([n = 1, n <= batchsize - 1, (n++)]): null

2018-05-15 18:32:14 - [TEST_STEP][PASSED] - Statement - product = new com.kms.katalon.core.testobject.TestObject(): null

2018-05-15 18:32:14 - [TEST_STEP][PASSED] - Statement - product = com.kms.katalon.core.webui.keyword.WebUiBuiltInKeywords.modifyObjectProperty(product, "xpath", "equals", "//*[@id = "fldvendor" + row + ""]", true): Modify property of object successfully

2018-05-15 18:32:14 - [MESSAGE][PASSED] - Modify property of object successfully

2018-05-15 18:32:14 - [TEST_STEP][PASSED] - selectOptionByIndex: All options with index in [1] are selected on object ''

2018-05-15 18:32:14 - [MESSAGE][PASSED] - All options with index in [1] are selected on object ''

2018-05-15 18:32:14 - [TEST_STEP][PASSED] - Statement - batch = new com.kms.katalon.core.testobject.TestObject(): null

2018-05-15 18:32:14 - [TEST_STEP][PASSED] - Statement - batch = com.kms.katalon.core.webui.keyword.WebUiBuiltInKeywords.modifyObjectProperty(batch, "xpath", "equals", "//*[@id = "txtbthqty" + row + ""]", true): Modify property of object successfully

2018-05-15 18:32:14 - [MESSAGE][PASSED] - Modify property of object successfully

2018-05-15 18:32:14 - [TEST_STEP][PASSED] - Statement - batchqty = com.kms.katalon.core.webui.keyword.WebUiBuiltInKeywords.getAttribute(batch, "value").trim(): Attribute 'value' of object '' is: '5000'

2018-05-15 18:32:14 - [MESSAGE][PASSED] - Attribute 'value' of object '' is: '5000'

2018-05-15 18:32:14 - [TEST_STEP][PASSED] - Statement - Rqty = 10000: null

2018-05-15 18:32:14 - [TEST_STEP][PASSED] - delay: Delayed 2 second(s)

2018-05-15 18:32:16 - [MESSAGE][PASSED] - Delayed 2 second(s)

2018-05-15 18:32:16 - [TEST_STEP][PASSED] - Statement - out.println("BatchQty : " + batchqty): null

2018-05-15 18:32:16 - [TEST_STEP][PASSED] - Statement - out.println("RQty : " + Rqty): null

2018-05-15 18:32:16 - [TEST_STEP][PASSED] - Statement - If (java.lang.Integer.valueOf(batchqty) >= java.lang.Integer.valueOf(Rqty)): null

2018-05-15 18:32:16 - [TEST_STEP][PASSED] - Statement - Else: null

2018-05-15 18:32:16 - [TEST_STEP][PASSED] - Statement - out.println("Batchqty Is Less Than Rqty"): null

2018-05-15 18:32:16 - [TEST_STEP][PASSED] - Statement - product = new com.kms.katalon.core.testobject.TestObject(): null

2018-05-15 18:32:16 - [TEST_STEP][PASSED] - Statement - product = com.kms.katalon.core.webui.keyword.WebUiBuiltInKeywords.modifyObjectProperty(product, "xpath", "equals", "//*[@id = "fldvendor" + row + ""]", true): Modify property of object successfully

2018-05-15 18:32:16 - [MESSAGE][PASSED] - Modify property of object successfully

2018-05-15 18:32:16 - [TEST_STEP][PASSED] - selectOptionByIndex: All options with index in [2] are selected on object ''

2018-05-15 18:32:16 - [MESSAGE][PASSED] - All options with index in [2] are selected on object ''

2018-05-15 18:32:16 - [TEST_STEP][PASSED] - Statement - batch = new com.kms.katalon.core.testobject.TestObject(): null

2018-05-15 18:32:16 - [TEST_STEP][PASSED] - Statement - batch = com.kms.katalon.core.webui.keyword.WebUiBuiltInKeywords.modifyObjectProperty(batch, "xpath", "equals", "//*[@id = "txtbthqty" + row + ""]", true): Modify property of object successfully

2018-05-15 18:32:16 - [MESSAGE][PASSED] - Modify property of object successfully

2018-05-15 18:32:16 - [TEST_STEP][PASSED] - Statement - batchqty = com.kms.katalon.core.webui.keyword.WebUiBuiltInKeywords.getAttribute(batch, "value").trim(): Attribute 'value' of object '' is: '4000'

2018-05-15 18:32:16 - [MESSAGE][PASSED] - Attribute 'value' of object '' is: '4000'

2018-05-15 18:32:16 - [TEST_STEP][PASSED] - Statement - Rqty = 10000: null

2018-05-15 18:32:16 - [TEST_STEP][PASSED] - delay: Delayed 2 second(s)

2018-05-15 18:32:18 - [MESSAGE][PASSED] - Delayed 2 second(s)

2018-05-15 18:32:18 - [TEST_STEP][PASSED] - Statement - out.println("BatchQty : " + batchqty): null

2018-05-15 18:32:18 - [TEST_STEP][PASSED] - Statement - out.println("RQty : " + Rqty): null

2018-05-15 18:32:18 - [TEST_STEP][PASSED] - Statement - If (java.lang.Integer.valueOf(batchqty) >= java.lang.Integer.valueOf(Rqty)): null

2018-05-15 18:32:18 - [TEST_STEP][PASSED] - Statement - Else: null

2018-05-15 18:32:18 - [TEST_STEP][PASSED] - Statement - out.println("Batchqty Is Less Than Rqty"): null

2018-05-15 18:32:18 - [TEST_STEP][PASSED] - Statement - product = new com.kms.katalon.core.testobject.TestObject(): null

2018-05-15 18:32:18 - [TEST_STEP][PASSED] - Statement - product = com.kms.katalon.core.webui.keyword.WebUiBuiltInKeywords.modifyObjectProperty(product, "xpath", "equals", "//*[@id = "fldvendor" + row + ""]", true): Modify property of object successfully

2018-05-15 18:32:18 - [MESSAGE][PASSED] - Modify property of object successfully

2018-05-15 18:32:18 - [TEST_STEP][PASSED] - selectOptionByIndex: All options with index in [3] are selected on object ''

2018-05-15 18:32:19 - [MESSAGE][PASSED] - All options with index in [3] are selected on object ''

2018-05-15 18:32:19 - [TEST_STEP][PASSED] - Statement - batch = new com.kms.katalon.core.testobject.TestObject(): null

2018-05-15 18:32:19 - [TEST_STEP][PASSED] - Statement - batch = com.kms.katalon.core.webui.keyword.WebUiBuiltInKeywords.modifyObjectProperty(batch, "xpath", "equals", "//*[@id = "txtbthqty" + row + ""]", true): Modify property of object successfully

2018-05-15 18:32:19 - [MESSAGE][PASSED] - Modify property of object successfully

2018-05-15 18:32:19 - [TEST_STEP][PASSED] - Statement - batchqty = com.kms.katalon.core.webui.keyword.WebUiBuiltInKeywords.getAttribute(batch, "value").trim(): Attribute 'value' of object '' is: '40000'

2018-05-15 18:32:19 - [MESSAGE][PASSED] - Attribute 'value' of object '' is: '40000'

2018-05-15 18:32:19 - [TEST_STEP][PASSED] - Statement - Rqty = 10000: null

2018-05-15 18:32:19 - [TEST_STEP][PASSED] - delay: Delayed 2 second(s)

2018-05-15 18:32:21 - [MESSAGE][PASSED] - Delayed 2 second(s)

2018-05-15 18:32:21 - [TEST_STEP][PASSED] - Statement - out.println("BatchQty : " + batchqty): null

2018-05-15 18:32:21 - [TEST_STEP][PASSED] - Statement - out.println("RQty : " + Rqty): null

2018-05-15 18:32:21 - [TEST_STEP][PASSED] - Statement - If (java.lang.Integer.valueOf(batchqty) >= java.lang.Integer.valueOf(Rqty)): null

2018-05-15 18:32:21 - [TEST_STEP][PASSED] - Statement - Break: null

2018-05-15 18:32:21 - [TEST_STEP][PASSED] - Statement - batchlength = new com.kms.katalon.core.testobject.TestObject(): null

2018-05-15 18:32:21 - [TEST_STEP][PASSED] - Statement - batchlength = com.kms.katalon.core.webui.keyword.WebUiBuiltInKeywords.modifyObjectProperty(batchlength, "xpath", "equals", "//*[@id = "fldvendor" + row + ""]", true): Modify property of object successfully

2018-05-15 18:32:21 - [MESSAGE][PASSED] - Modify property of object successfully

2018-05-15 18:32:21 - [TEST_STEP][PASSED] - Statement - batchsize = com.kms.katalon.core.webui.keyword.WebUiBuiltInKeywords.getNumberOfTotalOption(batchlength): 4 options of object '' counted

2018-05-15 18:32:21 - [MESSAGE][PASSED] - 4 options of object '' counted

2018-05-15 18:32:21 - [TEST_STEP][PASSED] - Statement - out.println("BatchSize : " + batchsize): null

2018-05-15 18:32:21 - [TEST_STEP][PASSED] - Statement - For ([n = 1, n <= batchsize - 1, (n++)]): null

2018-05-15 18:32:21 - [TEST_STEP][PASSED] - Statement - product = new com.kms.katalon.core.testobject.TestObject(): null

2018-05-15 18:32:21 - [TEST_STEP][PASSED] - Statement - product = com.kms.katalon.core.webui.keyword.WebUiBuiltInKeywords.modifyObjectProperty(product, "xpath", "equals", "//*[@id = "fldvendor" + row + ""]", true): Modify property of object successfully

2018-05-15 18:32:21 - [MESSAGE][PASSED] - Modify property of object successfully

2018-05-15 18:32:21 - [TEST_STEP][PASSED] - selectOptionByIndex: All options with index in [1] are selected on object ''

2018-05-15 18:32:21 - [MESSAGE][PASSED] - All options with index in [1] are selected on object ''

2018-05-15 18:32:21 - [TEST_STEP][PASSED] - Statement - batch = new com.kms.katalon.core.testobject.TestObject(): null

2018-05-15 18:32:21 - [TEST_STEP][PASSED] - Statement - batch = com.kms.katalon.core.webui.keyword.WebUiBuiltInKeywords.modifyObjectProperty(batch, "xpath", "equals", "//*[@id = "txtbthqty" + row + ""]", true): Modify property of object successfully

2018-05-15 18:32:21 - [MESSAGE][PASSED] - Modify property of object successfully

2018-05-15 18:32:21 - [TEST_STEP][PASSED] - Statement - batchqty = com.kms.katalon.core.webui.keyword.WebUiBuiltInKeywords.getAttribute(batch, "value").trim(): Attribute 'value' of object '' is: '5000'

2018-05-15 18:32:21 - [MESSAGE][PASSED] - Attribute 'value' of object '' is: '5000'

2018-05-15 18:32:21 - [TEST_STEP][PASSED] - Statement - Rqty = 10000: null

2018-05-15 18:32:21 - [TEST_STEP][PASSED] - delay: Delayed 2 second(s)

2018-05-15 18:32:23 - [MESSAGE][PASSED] - Delayed 2 second(s)

2018-05-15 18:32:23 - [TEST_STEP][PASSED] - Statement - out.println("BatchQty : " + batchqty): null

2018-05-15 18:32:23 - [TEST_STEP][PASSED] - Statement - out.println("RQty : " + Rqty): null

2018-05-15 18:32:23 - [TEST_STEP][PASSED] - Statement - If (java.lang.Integer.valueOf(batchqty) >= java.lang.Integer.valueOf(Rqty)): null

2018-05-15 18:32:23 - [TEST_STEP][PASSED] - Statement - Else: null

2018-05-15 18:32:23 - [TEST_STEP][PASSED] - Statement - out.println("Batchqty Is Less Than Rqty"): null

2018-05-15 18:32:23 - [TEST_STEP][PASSED] - Statement - product = new com.kms.katalon.core.testobject.TestObject(): null

2018-05-15 18:32:23 - [TEST_STEP][PASSED] - Statement - product = com.kms.katalon.core.webui.keyword.WebUiBuiltInKeywords.modifyObjectProperty(product, "xpath", "equals", "//*[@id = "fldvendor" + row + ""]", true): Modify property of object successfully

2018-05-15 18:32:23 - [MESSAGE][PASSED] - Modify property of object successfully

2018-05-15 18:32:23 - [TEST_STEP][PASSED] - selectOptionByIndex: All options with index in [2] are selected on object ''

2018-05-15 18:32:23 - [MESSAGE][PASSED] - All options with index in [2] are selected on object ''

2018-05-15 18:32:23 - [TEST_STEP][PASSED] - Statement - batch = new com.kms.katalon.core.testobject.TestObject(): null

2018-05-15 18:32:23 - [TEST_STEP][PASSED] - Statement - batch = com.kms.katalon.core.webui.keyword.WebUiBuiltInKeywords.modifyObjectProperty(batch, "xpath", "equals", "//*[@id = "txtbthqty" + row + ""]", true): Modify property of object successfully

2018-05-15 18:32:23 - [MESSAGE][PASSED] - Modify property of object successfully

2018-05-15 18:32:23 - [TEST_STEP][PASSED] - Statement - batchqty = com.kms.katalon.core.webui.keyword.WebUiBuiltInKeywords.getAttribute(batch, "value").trim(): Attribute 'value' of object '' is: '39000'

2018-05-15 18:32:23 - [MESSAGE][PASSED] - Attribute 'value' of object '' is: '39000'

2018-05-15 18:32:23 - [TEST_STEP][PASSED] - Statement - Rqty = 10000: null

2018-05-15 18:32:23 - [TEST_STEP][PASSED] - delay: Delayed 2 second(s)

2018-05-15 18:32:25 - [MESSAGE][PASSED] - Delayed 2 second(s)

2018-05-15 18:32:25 - [TEST_STEP][PASSED] - Statement - out.println("BatchQty : " + batchqty): null

2018-05-15 18:32:25 - [TEST_STEP][PASSED] - Statement - out.println("RQty : " + Rqty): null

2018-05-15 18:32:25 - [TEST_STEP][PASSED] - Statement - If (java.lang.Integer.valueOf(batchqty) >= java.lang.Integer.valueOf(Rqty)): null

2018-05-15 18:32:25 - [TEST_STEP][PASSED] - Statement - Break: null

2018-05-15 18:32:25 - [TEST_STEP][PASSED] - Statement - batchlength = new com.kms.katalon.core.testobject.TestObject(): null

2018-05-15 18:32:25 - [TEST_STEP][PASSED] - Statement - batchlength = com.kms.katalon.core.webui.keyword.WebUiBuiltInKeywords.modifyObjectProperty(batchlength, "xpath", "equals", "//*[@id = "fldvendor" + row + ""]", true): Modify property of object successfully

2018-05-15 18:32:25 - [MESSAGE][PASSED] - Modify property of object successfully

2018-05-15 18:32:25 - [TEST_STEP][PASSED] - Statement - batchsize = com.kms.katalon.core.webui.keyword.WebUiBuiltInKeywords.getNumberOfTotalOption(batchlength): 4 options of object '' counted

2018-05-15 18:32:25 - [MESSAGE][PASSED] - 4 options of object '' counted

2018-05-15 18:32:25 - [TEST_STEP][PASSED] - Statement - out.println("BatchSize : " + batchsize): null

2018-05-15 18:32:25 - [TEST_STEP][PASSED] - Statement - For ([n = 1, n <= batchsize - 1, (n++)]): null

2018-05-15 18:32:25 - [TEST_STEP][PASSED] - Statement - product = new com.kms.katalon.core.testobject.TestObject(): null

2018-05-15 18:32:25 - [TEST_STEP][PASSED] - Statement - product = com.kms.katalon.core.webui.keyword.WebUiBuiltInKeywords.modifyObjectProperty(product, "xpath", "equals", "//*[@id = "fldvendor" + row + ""]", true): Modify property of object successfully

2018-05-15 18:32:25 - [MESSAGE][PASSED] - Modify property of object successfully

2018-05-15 18:32:25 - [TEST_STEP][PASSED] - selectOptionByIndex: All options with index in [1] are selected on object ''

2018-05-15 18:32:25 - [MESSAGE][PASSED] - All options with index in [1] are selected on object ''

2018-05-15 18:32:25 - [TEST_STEP][PASSED] - Statement - batch = new com.kms.katalon.core.testobject.TestObject(): null

2018-05-15 18:32:25 - [TEST_STEP][PASSED] - Statement - batch = com.kms.katalon.core.webui.keyword.WebUiBuiltInKeywords.modifyObjectProperty(batch, "xpath", "equals", "//*[@id = "txtbthqty" + row + ""]", true): Modify property of object successfully

2018-05-15 18:32:25 - [MESSAGE][PASSED] - Modify property of object successfully

2018-05-15 18:32:25 - [TEST_STEP][PASSED] - Statement - batchqty = com.kms.katalon.core.webui.keyword.WebUiBuiltInKeywords.getAttribute(batch, "value").trim(): Attribute 'value' of object '' is: '5000'

2018-05-15 18:32:25 - [MESSAGE][PASSED] - Attribute 'value' of object '' is: '5000'

2018-05-15 18:32:25 - [TEST_STEP][PASSED] - Statement - Rqty = 10000: null

2018-05-15 18:32:25 - [TEST_STEP][PASSED] - delay: Delayed 2 second(s)

2018-05-15 18:32:27 - [MESSAGE][PASSED] - Delayed 2 second(s)

2018-05-15 18:32:27 - [TEST_STEP][PASSED] - Statement - out.println("BatchQty : " + batchqty): null

2018-05-15 18:32:27 - [TEST_STEP][PASSED] - Statement - out.println("RQty : " + Rqty): null

2018-05-15 18:32:27 - [TEST_STEP][PASSED] - Statement - If (java.lang.Integer.valueOf(batchqty) >= java.lang.Integer.valueOf(Rqty)): null

2018-05-15 18:32:27 - [TEST_STEP][PASSED] - Statement - Else: null

2018-05-15 18:32:27 - [TEST_STEP][PASSED] - Statement - out.println("Batchqty Is Less Than Rqty"): null

2018-05-15 18:32:27 - [TEST_STEP][PASSED] - Statement - product = new com.kms.katalon.core.testobject.TestObject(): null

2018-05-15 18:32:27 - [TEST_STEP][PASSED] - Statement - product = com.kms.katalon.core.webui.keyword.WebUiBuiltInKeywords.modifyObjectProperty(product, "xpath", "equals", "//*[@id = "fldvendor" + row + ""]", true): Modify property of object successfully

2018-05-15 18:32:27 - [MESSAGE][PASSED] - Modify property of object successfully

2018-05-15 18:32:27 - [TEST_STEP][PASSED] - selectOptionByIndex: All options with index in [2] are selected on object ''

2018-05-15 18:32:28 - [MESSAGE][PASSED] - All options with index in [2] are selected on object ''

2018-05-15 18:32:28 - [TEST_STEP][PASSED] - Statement - batch = new com.kms.katalon.core.testobject.TestObject(): null

2018-05-15 18:32:28 - [TEST_STEP][PASSED] - Statement - batch = com.kms.katalon.core.webui.keyword.WebUiBuiltInKeywords.modifyObjectProperty(batch, "xpath", "equals", "//*[@id = "txtbthqty" + row + ""]", true): Modify property of object successfully

2018-05-15 18:32:28 - [MESSAGE][PASSED] - Modify property of object successfully

2018-05-15 18:32:28 - [TEST_STEP][PASSED] - Statement - batchqty = com.kms.katalon.core.webui.keyword.WebUiBuiltInKeywords.getAttribute(batch, "value").trim(): Attribute 'value' of object '' is: '39000'

2018-05-15 18:32:28 - [MESSAGE][PASSED] - Attribute 'value' of object '' is: '39000'

2018-05-15 18:32:28 - [TEST_STEP][PASSED] - Statement - Rqty = 10000: null

2018-05-15 18:32:28 - [TEST_STEP][PASSED] - delay: Delayed 2 second(s)

2018-05-15 18:32:30 - [MESSAGE][PASSED] - Delayed 2 second(s)

2018-05-15 18:32:30 - [TEST_STEP][PASSED] - Statement - out.println("BatchQty : " + batchqty): null

2018-05-15 18:32:30 - [TEST_STEP][PASSED] - Statement - out.println("RQty : " + Rqty): null

2018-05-15 18:32:30 - [TEST_STEP][PASSED] - Statement - If (java.lang.Integer.valueOf(batchqty) >= java.lang.Integer.valueOf(Rqty)): null

2018-05-15 18:32:30 - [TEST_STEP][PASSED] - Statement - Break: null

2018-05-15 18:32:30 - [TEST_STEP][PASSED] - Statement - batchlength = new com.kms.katalon.core.testobject.TestObject(): null

2018-05-15 18:32:30 - [TEST_STEP][PASSED] - Statement - batchlength = com.kms.katalon.core.webui.keyword.WebUiBuiltInKeywords.modifyObjectProperty(batchlength, "xpath", "equals", "//*[@id = "fldvendor" + row + ""]", true): Modify property of object successfully

2018-05-15 18:32:30 - [MESSAGE][PASSED] - Modify property of object successfully

2018-05-15 18:32:30 - [TEST_STEP][PASSED] - Statement - batchsize = com.kms.katalon.core.webui.keyword.WebUiBuiltInKeywords.getNumberOfTotalOption(batchlength): 4 options of object '' counted

2018-05-15 18:32:30 - [MESSAGE][PASSED] - 4 options of object '' counted

2018-05-15 18:32:30 - [TEST_STEP][PASSED] - Statement - out.println("BatchSize : " + batchsize): null

2018-05-15 18:32:30 - [TEST_STEP][PASSED] - Statement - For ([n = 1, n <= batchsize - 1, (n++)]): null

2018-05-15 18:32:30 - [TEST_STEP][PASSED] - Statement - product = new com.kms.katalon.core.testobject.TestObject(): null

2018-05-15 18:32:30 - [TEST_STEP][PASSED] - Statement - product = com.kms.katalon.core.webui.keyword.WebUiBuiltInKeywords.modifyObjectProperty(product, "xpath", "equals", "//*[@id = "fldvendor" + row + ""]", true): Modify property of object successfully

2018-05-15 18:32:30 - [MESSAGE][PASSED] - Modify property of object successfully

2018-05-15 18:32:30 - [TEST_STEP][PASSED] - selectOptionByIndex: All options with index in [1] are selected on object ''

2018-05-15 18:32:30 - [MESSAGE][PASSED] - All options with index in [1] are selected on object ''

2018-05-15 18:32:30 - [TEST_STEP][PASSED] - Statement - batch = new com.kms.katalon.core.testobject.TestObject(): null

2018-05-15 18:32:30 - [TEST_STEP][PASSED] - Statement - batch = com.kms.katalon.core.webui.keyword.WebUiBuiltInKeywords.modifyObjectProperty(batch, "xpath", "equals", "//*[@id = "txtbthqty" + row + ""]", true): Modify property of object successfully

2018-05-15 18:32:30 - [MESSAGE][PASSED] - Modify property of object successfully

2018-05-15 18:32:30 - [TEST_STEP][PASSED] - Statement - batchqty = com.kms.katalon.core.webui.keyword.WebUiBuiltInKeywords.getAttribute(batch, "value").trim(): Attribute 'value' of object '' is: '5000'

2018-05-15 18:32:30 - [MESSAGE][PASSED] - Attribute 'value' of object '' is: '5000'

2018-05-15 18:32:30 - [TEST_STEP][PASSED] - Statement - Rqty = 10000: null

2018-05-15 18:32:30 - [TEST_STEP][PASSED] - delay: Delayed 2 second(s)

2018-05-15 18:32:32 - [MESSAGE][PASSED] - Delayed 2 second(s)

2018-05-15 18:32:32 - [TEST_STEP][PASSED] - Statement - out.println("BatchQty : " + batchqty): null

2018-05-15 18:32:32 - [TEST_STEP][PASSED] - Statement - out.println("RQty : " + Rqty): null

2018-05-15 18:32:32 - [TEST_STEP][PASSED] - Statement - If (java.lang.Integer.valueOf(batchqty) >= java.lang.Integer.valueOf(Rqty)): null

2018-05-15 18:32:32 - [TEST_STEP][PASSED] - Statement - Else: null

2018-05-15 18:32:32 - [TEST_STEP][PASSED] - Statement - out.println("Batchqty Is Less Than Rqty"): null

2018-05-15 18:32:32 - [TEST_STEP][PASSED] - Statement - product = new com.kms.katalon.core.testobject.TestObject(): null

2018-05-15 18:32:32 - [TEST_STEP][PASSED] - Statement - product = com.kms.katalon.core.webui.keyword.WebUiBuiltInKeywords.modifyObjectProperty(product, "xpath", "equals", "//*[@id = "fldvendor" + row + ""]", true): Modify property of object successfully

2018-05-15 18:32:32 - [MESSAGE][PASSED] - Modify property of object successfully

2018-05-15 18:32:32 - [TEST_STEP][PASSED] - selectOptionByIndex: All options with index in [2] are selected on object ''

2018-05-15 18:32:32 - [MESSAGE][PASSED] - All options with index in [2] are selected on object ''

2018-05-15 18:32:32 - [TEST_STEP][PASSED] - Statement - batch = new com.kms.katalon.core.testobject.TestObject(): null

2018-05-15 18:32:32 - [TEST_STEP][PASSED] - Statement - batch = com.kms.katalon.core.webui.keyword.WebUiBuiltInKeywords.modifyObjectProperty(batch, "xpath", "equals", "//*[@id = "txtbthqty" + row + ""]", true): Modify property of object successfully

2018-05-15 18:32:32 - [MESSAGE][PASSED] - Modify property of object successfully

2018-05-15 18:32:32 - [TEST_STEP][PASSED] - Statement - batchqty = com.kms.katalon.core.webui.keyword.WebUiBuiltInKeywords.getAttribute(batch, "value").trim(): Attribute 'value' of object '' is: '4000'

2018-05-15 18:32:32 - [MESSAGE][PASSED] - Attribute 'value' of object '' is: '4000'

2018-05-15 18:32:32 - [TEST_STEP][PASSED] - Statement - Rqty = 10000: null

2018-05-15 18:32:32 - [TEST_STEP][PASSED] - delay: Delayed 2 second(s)

2018-05-15 18:32:34 - [MESSAGE][PASSED] - Delayed 2 second(s)

2018-05-15 18:32:34 - [TEST_STEP][PASSED] - Statement - out.println("BatchQty : " + batchqty): null

2018-05-15 18:32:34 - [TEST_STEP][PASSED] - Statement - out.println("RQty : " + Rqty): null

2018-05-15 18:32:34 - [TEST_STEP][PASSED] - Statement - If (java.lang.Integer.valueOf(batchqty) >= java.lang.Integer.valueOf(Rqty)): null

2018-05-15 18:32:34 - [TEST_STEP][PASSED] - Statement - Else: null

2018-05-15 18:32:34 - [TEST_STEP][PASSED] - Statement - out.println("Batchqty Is Less Than Rqty"): null

2018-05-15 18:32:34 - [TEST_STEP][PASSED] - Statement - product = new com.kms.katalon.core.testobject.TestObject(): null

2018-05-15 18:32:34 - [TEST_STEP][PASSED] - Statement - product = com.kms.katalon.core.webui.keyword.WebUiBuiltInKeywords.modifyObjectProperty(product, "xpath", "equals", "//*[@id = "fldvendor" + row + ""]", true): Modify property of object successfully

2018-05-15 18:32:34 - [MESSAGE][PASSED] - Modify property of object successfully

2018-05-15 18:32:34 - [TEST_STEP][PASSED] - selectOptionByIndex: All options with index in [3] are selected on object ''

2018-05-15 18:32:34 - [MESSAGE][PASSED] - All options with index in [3] are selected on object ''

2018-05-15 18:32:34 - [TEST_STEP][PASSED] - Statement - batch = new com.kms.katalon.core.testobject.TestObject(): null

2018-05-15 18:32:34 - [TEST_STEP][PASSED] - Statement - batch = com.kms.katalon.core.webui.keyword.WebUiBuiltInKeywords.modifyObjectProperty(batch, "xpath", "equals", "//*[@id = "txtbthqty" + row + ""]", true): Modify property of object successfully

2018-05-15 18:32:34 - [MESSAGE][PASSED] - Modify property of object successfully

2018-05-15 18:32:34 - [TEST_STEP][PASSED] - Statement - batchqty = com.kms.katalon.core.webui.keyword.WebUiBuiltInKeywords.getAttribute(batch, "value").trim(): Attribute 'value' of object '' is: '40000'

2018-05-15 18:32:34 - [MESSAGE][PASSED] - Attribute 'value' of object '' is: '40000'

2018-05-15 18:32:34 - [TEST_STEP][PASSED] - Statement - Rqty = 10000: null

2018-05-15 18:32:34 - [TEST_STEP][PASSED] - delay: Delayed 2 second(s)

2018-05-15 18:32:36 - [MESSAGE][PASSED] - Delayed 2 second(s)

2018-05-15 18:32:36 - [TEST_STEP][PASSED] - Statement - out.println("BatchQty : " + batchqty): null

2018-05-15 18:32:36 - [TEST_STEP][PASSED] - Statement - out.println("RQty : " + Rqty): null

2018-05-15 18:32:36 - [TEST_STEP][PASSED] - Statement - If (java.lang.Integer.valueOf(batchqty) >= java.lang.Integer.valueOf(Rqty)): null

2018-05-15 18:32:36 - [TEST_STEP][PASSED] - Statement - Break: null

2018-05-15 18:32:36 - [TEST_STEP][PASSED] - Statement - batchlength = new com.kms.katalon.core.testobject.TestObject(): null

2018-05-15 18:32:36 - [TEST_STEP][PASSED] - Statement - batchlength = com.kms.katalon.core.webui.keyword.WebUiBuiltInKeywords.modifyObjectProperty(batchlength, "xpath", "equals", "//*[@id = "fldvendor" + row + ""]", true): Modify property of object successfully

2018-05-15 18:32:36 - [MESSAGE][PASSED] - Modify property of object successfully

2018-05-15 18:32:36 - [TEST_STEP][PASSED] - Statement - batchsize = com.kms.katalon.core.webui.keyword.WebUiBuiltInKeywords.getNumberOfTotalOption(batchlength): 4 options of object '' counted

2018-05-15 18:32:36 - [MESSAGE][PASSED] - 4 options of object '' counted

2018-05-15 18:32:36 - [TEST_STEP][PASSED] - Statement - out.println("BatchSize : " + batchsize): null

2018-05-15 18:32:36 - [TEST_STEP][PASSED] - Statement - For ([n = 1, n <= batchsize - 1, (n++)]): null

2018-05-15 18:32:36 - [TEST_STEP][PASSED] - Statement - product = new com.kms.katalon.core.testobject.TestObject(): null

2018-05-15 18:32:36 - [TEST_STEP][PASSED] - Statement - product = com.kms.katalon.core.webui.keyword.WebUiBuiltInKeywords.modifyObjectProperty(product, "xpath", "equals", "//*[@id = "fldvendor" + row + ""]", true): Modify property of object successfully

2018-05-15 18:32:36 - [MESSAGE][PASSED] - Modify property of object successfully

2018-05-15 18:32:36 - [TEST_STEP][PASSED] - selectOptionByIndex: All options with index in [1] are selected on object ''

2018-05-15 18:32:37 - [MESSAGE][PASSED] - All options with index in [1] are selected on object ''

2018-05-15 18:32:37 - [TEST_STEP][PASSED] - Statement - batch = new com.kms.katalon.core.testobject.TestObject(): null

2018-05-15 18:32:37 - [TEST_STEP][PASSED] - Statement - batch = com.kms.katalon.core.webui.keyword.WebUiBuiltInKeywords.modifyObjectProperty(batch, "xpath", "equals", "//*[@id = "txtbthqty" + row + ""]", true): Modify property of object successfully

2018-05-15 18:32:37 - [MESSAGE][PASSED] - Modify property of object successfully

2018-05-15 18:32:37 - [TEST_STEP][PASSED] - Statement - batchqty = com.kms.katalon.core.webui.keyword.WebUiBuiltInKeywords.getAttribute(batch, "value").trim(): Attribute 'value' of object '' is: '39000'

2018-05-15 18:32:37 - [MESSAGE][PASSED] - Attribute 'value' of object '' is: '39000'

2018-05-15 18:32:37 - [TEST_STEP][PASSED] - Statement - Rqty = 10000: null

2018-05-15 18:32:37 - [TEST_STEP][PASSED] - delay: Delayed 2 second(s)

2018-05-15 18:32:39 - [MESSAGE][PASSED] - Delayed 2 second(s)

2018-05-15 18:32:39 - [TEST_STEP][PASSED] - Statement - out.println("BatchQty : " + batchqty): null

2018-05-15 18:32:39 - [TEST_STEP][PASSED] - Statement - out.println("RQty : " + Rqty): null

2018-05-15 18:32:39 - [TEST_STEP][PASSED] - Statement - If (java.lang.Integer.valueOf(batchqty) >= java.lang.Integer.valueOf(Rqty)): null

2018-05-15 18:32:39 - [TEST_STEP][PASSED] - Statement - Break: null

2018-05-15 18:32:39 - [TEST_STEP][PASSED] - Statement - batchlength = new com.kms.katalon.core.testobject.TestObject(): null

2018-05-15 18:32:39 - [TEST_STEP][PASSED] - Statement - batchlength = com.kms.katalon.core.webui.keyword.WebUiBuiltInKeywords.modifyObjectProperty(batchlength, "xpath", "equals", "//*[@id = "fldvendor" + row + ""]", true): Modify property of object successfully

2018-05-15 18:32:39 - [MESSAGE][PASSED] - Modify property of object successfully

2018-05-15 18:32:39 - [TEST_STEP][PASSED] - Statement - batchsize = com.kms.katalon.core.webui.keyword.WebUiBuiltInKeywords.getNumberOfTotalOption(batchlength): 4 options of object '' counted

2018-05-15 18:32:39 - [MESSAGE][PASSED] - 4 options of object '' counted

2018-05-15 18:32:39 - [TEST_STEP][PASSED] - Statement - out.println("BatchSize : " + batchsize): null

2018-05-15 18:32:39 - [TEST_STEP][PASSED] - Statement - For ([n = 1, n <= batchsize - 1, (n++)]): null

2018-05-15 18:32:39 - [TEST_STEP][PASSED] - Statement - product = new com.kms.katalon.core.testobject.TestObject(): null

2018-05-15 18:32:39 - [TEST_STEP][PASSED] - Statement - product = com.kms.katalon.core.webui.keyword.WebUiBuiltInKeywords.modifyObjectProperty(product, "xpath", "equals", "//*[@id = "fldvendor" + row + ""]", true): Modify property of object successfully

2018-05-15 18:32:39 - [MESSAGE][PASSED] - Modify property of object successfully

2018-05-15 18:32:39 - [TEST_STEP][PASSED] - selectOptionByIndex: All options with index in [1] are selected on object ''

2018-05-15 18:32:39 - [MESSAGE][PASSED] - All options with index in [1] are selected on object ''

2018-05-15 18:32:39 - [TEST_STEP][PASSED] - Statement - batch = new com.kms.katalon.core.testobject.TestObject(): null

2018-05-15 18:32:39 - [TEST_STEP][PASSED] - Statement - batch = com.kms.katalon.core.webui.keyword.WebUiBuiltInKeywords.modifyObjectProperty(batch, "xpath", "equals", "//*[@id = "txtbthqty" + row + ""]", true): Modify property of object successfully

2018-05-15 18:32:39 - [MESSAGE][PASSED] - Modify property of object successfully

2018-05-15 18:32:39 - [TEST_STEP][PASSED] - Statement - batchqty = com.kms.katalon.core.webui.keyword.WebUiBuiltInKeywords.getAttribute(batch, "value").trim(): Attribute 'value' of object '' is: '5000'

2018-05-15 18:32:39 - [MESSAGE][PASSED] - Attribute 'value' of object '' is: '5000'

2018-05-15 18:32:39 - [TEST_STEP][PASSED] - Statement - Rqty = 10000: null

2018-05-15 18:32:39 - [TEST_STEP][PASSED] - delay: Delayed 2 second(s)

2018-05-15 18:32:41 - [MESSAGE][PASSED] - Delayed 2 second(s)

2018-05-15 18:32:41 - [TEST_STEP][PASSED] - Statement - out.println("BatchQty : " + batchqty): null

2018-05-15 18:32:41 - [TEST_STEP][PASSED] - Statement - out.println("RQty : " + Rqty): null

2018-05-15 18:32:41 - [TEST_STEP][PASSED] - Statement - If (java.lang.Integer.valueOf(batchqty) >= java.lang.Integer.valueOf(Rqty)): null

2018-05-15 18:32:41 - [TEST_STEP][PASSED] - Statement - Else: null

2018-05-15 18:32:41 - [TEST_STEP][PASSED] - Statement - out.println("Batchqty Is Less Than Rqty"): null

2018-05-15 18:32:41 - [TEST_STEP][PASSED] - Statement - product = new com.kms.katalon.core.testobject.TestObject(): null

2018-05-15 18:32:41 - [TEST_STEP][PASSED] - Statement - product = com.kms.katalon.core.webui.keyword.WebUiBuiltInKeywords.modifyObjectProperty(product, "xpath", "equals", "//*[@id = "fldvendor" + row + ""]", true): Modify property of object successfully

2018-05-15 18:32:41 - [MESSAGE][PASSED] - Modify property of object successfully

2018-05-15 18:32:41 - [TEST_STEP][PASSED] - selectOptionByIndex: All options with index in [2] are selected on object ''

2018-05-15 18:32:41 - [MESSAGE][PASSED] - All options with index in [2] are selected on object ''

2018-05-15 18:32:41 - [TEST_STEP][PASSED] - Statement - batch = new com.kms.katalon.core.testobject.TestObject(): null

2018-05-15 18:32:41 - [TEST_STEP][PASSED] - Statement - batch = com.kms.katalon.core.webui.keyword.WebUiBuiltInKeywords.modifyObjectProperty(batch, "xpath", "equals", "//*[@id = "txtbthqty" + row + ""]", true): Modify property of object successfully

2018-05-15 18:32:41 - [MESSAGE][PASSED] - Modify property of object successfully

2018-05-15 18:32:41 - [TEST_STEP][PASSED] - Statement - batchqty = com.kms.katalon.core.webui.keyword.WebUiBuiltInKeywords.getAttribute(batch, "value").trim(): Attribute 'value' of object '' is: '39000'

2018-05-15 18:32:41 - [MESSAGE][PASSED] - Attribute 'value' of object '' is: '39000'

2018-05-15 18:32:41 - [TEST_STEP][PASSED] - Statement - Rqty = 10000: null

2018-05-15 18:32:41 - [TEST_STEP][PASSED] - delay: Delayed 2 second(s)

2018-05-15 18:32:43 - [MESSAGE][PASSED] - Delayed 2 second(s)

2018-05-15 18:32:43 - [TEST_STEP][PASSED] - Statement - out.println("BatchQty : " + batchqty): null

2018-05-15 18:32:43 - [TEST_STEP][PASSED] - Statement - out.println("RQty : " + Rqty): null

2018-05-15 18:32:43 - [TEST_STEP][PASSED] - Statement - If (java.lang.Integer.valueOf(batchqty) >= java.lang.Integer.valueOf(Rqty)): null

2018-05-15 18:32:43 - [TEST_STEP][PASSED] - Statement - Break: null

2018-05-15 18:32:43 - [TEST_STEP][PASSED] - Statement - batchlength = new com.kms.katalon.core.testobject.TestObject(): null

2018-05-15 18:32:43 - [TEST_STEP][PASSED] - Statement - batchlength = com.kms.katalon.core.webui.keyword.WebUiBuiltInKeywords.modifyObjectProperty(batchlength, "xpath", "equals", "//*[@id = "fldvendor" + row + ""]", true): Modify property of object successfully

2018-05-15 18:32:43 - [MESSAGE][PASSED] - Modify property of object successfully

2018-05-15 18:32:43 - [TEST_STEP][PASSED] - Statement - batchsize = com.kms.katalon.core.webui.keyword.WebUiBuiltInKeywords.getNumberOfTotalOption(batchlength): 4 options of object '' counted

2018-05-15 18:32:43 - [MESSAGE][PASSED] - 4 options of object '' counted

2018-05-15 18:32:43 - [TEST_STEP][PASSED] - Statement - out.println("BatchSize : " + batchsize): null

2018-05-15 18:32:43 - [TEST_STEP][PASSED] - Statement - For ([n = 1, n <= batchsize - 1, (n++)]): null

2018-05-15 18:32:43 - [TEST_STEP][PASSED] - Statement - product = new com.kms.katalon.core.testobject.TestObject(): null

2018-05-15 18:32:43 - [TEST_STEP][PASSED] - Statement - product = com.kms.katalon.core.webui.keyword.WebUiBuiltInKeywords.modifyObjectProperty(product, "xpath", "equals", "//*[@id = "fldvendor" + row + ""]", true): Modify property of object successfully

2018-05-15 18:32:43 - [MESSAGE][PASSED] - Modify property of object successfully

2018-05-15 18:32:43 - [TEST_STEP][PASSED] - selectOptionByIndex: All options with index in [1] are selected on object ''

2018-05-15 18:32:43 - [MESSAGE][PASSED] - All options with index in [1] are selected on object ''

2018-05-15 18:32:43 - [TEST_STEP][PASSED] - Statement - batch = new com.kms.katalon.core.testobject.TestObject(): null

2018-05-15 18:32:43 - [TEST_STEP][PASSED] - Statement - batch = com.kms.katalon.core.webui.keyword.WebUiBuiltInKeywords.modifyObjectProperty(batch, "xpath", "equals", "//*[@id = "txtbthqty" + row + ""]", true): Modify property of object successfully

2018-05-15 18:32:43 - [MESSAGE][PASSED] - Modify property of object successfully

2018-05-15 18:32:43 - [TEST_STEP][PASSED] - Statement - batchqty = com.kms.katalon.core.webui.keyword.WebUiBuiltInKeywords.getAttribute(batch, "value").trim(): Attribute 'value' of object '' is: '5000'

2018-05-15 18:32:43 - [MESSAGE][PASSED] - Attribute 'value' of object '' is: '5000'

2018-05-15 18:32:43 - [TEST_STEP][PASSED] - Statement - Rqty = 10000: null

2018-05-15 18:32:43 - [TEST_STEP][PASSED] - delay: Delayed 2 second(s)

2018-05-15 18:32:45 - [MESSAGE][PASSED] - Delayed 2 second(s)

2018-05-15 18:32:45 - [TEST_STEP][PASSED] - Statement - out.println("BatchQty : " + batchqty): null

2018-05-15 18:32:45 - [TEST_STEP][PASSED] - Statement - out.println("RQty : " + Rqty): null

2018-05-15 18:32:45 - [TEST_STEP][PASSED] - Statement - If (java.lang.Integer.valueOf(batchqty) >= java.lang.Integer.valueOf(Rqty)): null

2018-05-15 18:32:45 - [TEST_STEP][PASSED] - Statement - Else: null

2018-05-15 18:32:45 - [TEST_STEP][PASSED] - Statement - out.println("Batchqty Is Less Than Rqty"): null

2018-05-15 18:32:45 - [TEST_STEP][PASSED] - Statement - product = new com.kms.katalon.core.testobject.TestObject(): null

2018-05-15 18:32:45 - [TEST_STEP][PASSED] - Statement - product = com.kms.katalon.core.webui.keyword.WebUiBuiltInKeywords.modifyObjectProperty(product, "xpath", "equals", "//*[@id = "fldvendor" + row + ""]", true): Modify property of object successfully

2018-05-15 18:32:45 - [MESSAGE][PASSED] - Modify property of object successfully

2018-05-15 18:32:45 - [TEST_STEP][PASSED] - selectOptionByIndex: All options with index in [2] are selected on object ''

2018-05-15 18:32:45 - [MESSAGE][PASSED] - All options with index in [2] are selected on object ''

2018-05-15 18:32:45 - [TEST_STEP][PASSED] - Statement - batch = new com.kms.katalon.core.testobject.TestObject(): null

2018-05-15 18:32:45 - [TEST_STEP][PASSED] - Statement - batch = com.kms.katalon.core.webui.keyword.WebUiBuiltInKeywords.modifyObjectProperty(batch, "xpath", "equals", "//*[@id = "txtbthqty" + row + ""]", true): Modify property of object successfully

2018-05-15 18:32:45 - [MESSAGE][PASSED] - Modify property of object successfully

2018-05-15 18:32:45 - [TEST_STEP][PASSED] - Statement - batchqty = com.kms.katalon.core.webui.keyword.WebUiBuiltInKeywords.getAttribute(batch, "value").trim(): Attribute 'value' of object '' is: '4000'

2018-05-15 18:32:45 - [MESSAGE][PASSED] - Attribute 'value' of object '' is: '4000'

2018-05-15 18:32:45 - [TEST_STEP][PASSED] - Statement - Rqty = 10000: null

2018-05-15 18:32:45 - [TEST_STEP][PASSED] - delay: Delayed 2 second(s)

2018-05-15 18:32:47 - [MESSAGE][PASSED] - Delayed 2 second(s)

2018-05-15 18:32:47 - [TEST_STEP][PASSED] - Statement - out.println("BatchQty : " + batchqty): null

2018-05-15 18:32:47 - [TEST_STEP][PASSED] - Statement - out.println("RQty : " + Rqty): null

2018-05-15 18:32:47 - [TEST_STEP][PASSED] - Statement - If (java.lang.Integer.valueOf(batchqty) >= java.lang.Integer.valueOf(Rqty)): null

2018-05-15 18:32:47 - [TEST_STEP][PASSED] - Statement - Else: null

2018-05-15 18:32:47 - [TEST_STEP][PASSED] - Statement - out.println("Batchqty Is Less Than Rqty"): null

2018-05-15 18:32:47 - [TEST_STEP][PASSED] - Statement - product = new com.kms.katalon.core.testobject.TestObject(): null

2018-05-15 18:32:47 - [TEST_STEP][PASSED] - Statement - product = com.kms.katalon.core.webui.keyword.WebUiBuiltInKeywords.modifyObjectProperty(product, "xpath", "equals", "//*[@id = "fldvendor" + row + ""]", true): Modify property of object successfully

2018-05-15 18:32:47 - [MESSAGE][PASSED] - Modify property of object successfully

2018-05-15 18:32:47 - [TEST_STEP][PASSED] - selectOptionByIndex: All options with index in [3] are selected on object ''

2018-05-15 18:32:48 - [MESSAGE][PASSED] - All options with index in [3] are selected on object ''

2018-05-15 18:32:48 - [TEST_STEP][PASSED] - Statement - batch = new com.kms.katalon.core.testobject.TestObject(): null

2018-05-15 18:32:48 - [TEST_STEP][PASSED] - Statement - batch = com.kms.katalon.core.webui.keyword.WebUiBuiltInKeywords.modifyObjectProperty(batch, "xpath", "equals", "//*[@id = "txtbthqty" + row + ""]", true): Modify property of object successfully

2018-05-15 18:32:48 - [MESSAGE][PASSED] - Modify property of object successfully

2018-05-15 18:32:48 - [TEST_STEP][PASSED] - Statement - batchqty = com.kms.katalon.core.webui.keyword.WebUiBuiltInKeywords.getAttribute(batch, "value").trim(): Attribute 'value' of object '' is: '40000'

2018-05-15 18:32:48 - [MESSAGE][PASSED] - Attribute 'value' of object '' is: '40000'

2018-05-15 18:32:48 - [TEST_STEP][PASSED] - Statement - Rqty = 10000: null

2018-05-15 18:32:48 - [TEST_STEP][PASSED] - delay: Delayed 2 second(s)

2018-05-15 18:32:50 - [MESSAGE][PASSED] - Delayed 2 second(s)

2018-05-15 18:32:50 - [TEST_STEP][PASSED] - Statement - out.println("BatchQty : " + batchqty): null

2018-05-15 18:32:50 - [TEST_STEP][PASSED] - Statement - out.println("RQty : " + Rqty): null

2018-05-15 18:32:50 - [TEST_STEP][PASSED] - Statement - If (java.lang.Integer.valueOf(batchqty) >= java.lang.Integer.valueOf(Rqty)): null

2018-05-15 18:32:50 - [TEST_STEP][PASSED] - Statement - Break: null

2018-05-15 18:32:50 - [TEST_STEP][PASSED] - Statement - batchlength = new com.kms.katalon.core.testobject.TestObject(): null

2018-05-15 18:32:50 - [TEST_STEP][PASSED] - Statement - batchlength = com.kms.katalon.core.webui.keyword.WebUiBuiltInKeywords.modifyObjectProperty(batchlength, "xpath", "equals", "//*[@id = "fldvendor" + row + ""]", true): Modify property of object successfully

2018-05-15 18:32:50 - [MESSAGE][PASSED] - Modify property of object successfully

2018-05-15 18:32:50 - [TEST_STEP][PASSED] - Statement - batchsize = com.kms.katalon.core.webui.keyword.WebUiBuiltInKeywords.getNumberOfTotalOption(batchlength): 4 options of object '' counted

2018-05-15 18:32:50 - [MESSAGE][PASSED] - 4 options of object '' counted

2018-05-15 18:32:50 - [TEST_STEP][PASSED] - Statement - out.println("BatchSize : " + batchsize): null

2018-05-15 18:32:50 - [TEST_STEP][PASSED] - Statement - For ([n = 1, n <= batchsize - 1, (n++)]): null

2018-05-15 18:32:50 - [TEST_STEP][PASSED] - Statement - product = new com.kms.katalon.core.testobject.TestObject(): null

2018-05-15 18:32:50 - [TEST_STEP][PASSED] - Statement - product = com.kms.katalon.core.webui.keyword.WebUiBuiltInKeywords.modifyObjectProperty(product, "xpath", "equals", "//*[@id = "fldvendor" + row + ""]", true): Modify property of object successfully

2018-05-15 18:32:50 - [MESSAGE][PASSED] - Modify property of object successfully

2018-05-15 18:32:50 - [TEST_STEP][PASSED] - selectOptionByIndex: All options with index in [1] are selected on object ''

2018-05-15 18:32:50 - [MESSAGE][PASSED] - All options with index in [1] are selected on object ''

2018-05-15 18:32:50 - [TEST_STEP][PASSED] - Statement - batch = new com.kms.katalon.core.testobject.TestObject(): null

2018-05-15 18:32:50 - [TEST_STEP][PASSED] - Statement - batch = com.kms.katalon.core.webui.keyword.WebUiBuiltInKeywords.modifyObjectProperty(batch, "xpath", "equals", "//*[@id = "txtbthqty" + row + ""]", true): Modify property of object successfully

2018-05-15 18:32:50 - [MESSAGE][PASSED] - Modify property of object successfully

2018-05-15 18:32:50 - [TEST_STEP][PASSED] - Statement - batchqty = com.kms.katalon.core.webui.keyword.WebUiBuiltInKeywords.getAttribute(batch, "value").trim(): Attribute 'value' of object '' is: '5000'

2018-05-15 18:32:50 - [MESSAGE][PASSED] - Attribute 'value' of object '' is: '5000'

2018-05-15 18:32:50 - [TEST_STEP][PASSED] - Statement - Rqty = 10000: null

2018-05-15 18:32:50 - [TEST_STEP][PASSED] - delay: Delayed 2 second(s)

2018-05-15 18:32:52 - [MESSAGE][PASSED] - Delayed 2 second(s)

2018-05-15 18:32:52 - [TEST_STEP][PASSED] - Statement - out.println("BatchQty : " + batchqty): null

2018-05-15 18:32:52 - [TEST_STEP][PASSED] - Statement - out.println("RQty : " + Rqty): null

2018-05-15 18:32:52 - [TEST_STEP][PASSED] - Statement - If (java.lang.Integer.valueOf(batchqty) >= java.lang.Integer.valueOf(Rqty)): null

2018-05-15 18:32:52 - [TEST_STEP][PASSED] - Statement - Else: null

2018-05-15 18:32:52 - [TEST_STEP][PASSED] - Statement - out.println("Batchqty Is Less Than Rqty"): null

2018-05-15 18:32:52 - [TEST_STEP][PASSED] - Statement - product = new com.kms.katalon.core.testobject.TestObject(): null

2018-05-15 18:32:52 - [TEST_STEP][PASSED] - Statement - product = com.kms.katalon.core.webui.keyword.WebUiBuiltInKeywords.modifyObjectProperty(product, "xpath", "equals", "//*[@id = "fldvendor" + row + ""]", true): Modify property of object successfully

2018-05-15 18:32:52 - [MESSAGE][PASSED] - Modify property of object successfully

2018-05-15 18:32:52 - [TEST_STEP][PASSED] - selectOptionByIndex: All options with index in [2] are selected on object ''

2018-05-15 18:32:52 - [MESSAGE][PASSED] - All options with index in [2] are selected on object ''

2018-05-15 18:32:52 - [TEST_STEP][PASSED] - Statement - batch = new com.kms.katalon.core.testobject.TestObject(): null

2018-05-15 18:32:52 - [TEST_STEP][PASSED] - Statement - batch = com.kms.katalon.core.webui.keyword.WebUiBuiltInKeywords.modifyObjectProperty(batch, "xpath", "equals", "//*[@id = "txtbthqty" + row + ""]", true): Modify property of object successfully

2018-05-15 18:32:52 - [MESSAGE][PASSED] - Modify property of object successfully

2018-05-15 18:32:52 - [TEST_STEP][PASSED] - Statement - batchqty = com.kms.katalon.core.webui.keyword.WebUiBuiltInKeywords.getAttribute(batch, "value").trim(): Attribute 'value' of object '' is: '4000'

2018-05-15 18:32:52 - [MESSAGE][PASSED] - Attribute 'value' of object '' is: '4000'

2018-05-15 18:32:52 - [TEST_STEP][PASSED] - Statement - Rqty = 10000: null

2018-05-15 18:32:52 - [TEST_STEP][PASSED] - delay: Delayed 2 second(s)

2018-05-15 18:32:54 - [MESSAGE][PASSED] - Delayed 2 second(s)

2018-05-15 18:32:54 - [TEST_STEP][PASSED] - Statement - out.println("BatchQty : " + batchqty): null

2018-05-15 18:32:54 - [TEST_STEP][PASSED] - Statement - out.println("RQty : " + Rqty): null

2018-05-15 18:32:54 - [TEST_STEP][PASSED] - Statement - If (java.lang.Integer.valueOf(batchqty) >= java.lang.Integer.valueOf(Rqty)): null

2018-05-15 18:32:54 - [TEST_STEP][PASSED] - Statement - Else: null

2018-05-15 18:32:54 - [TEST_STEP][PASSED] - Statement - out.println("Batchqty Is Less Than Rqty"): null

2018-05-15 18:32:54 - [TEST_STEP][PASSED] - Statement - product = new com.kms.katalon.core.testobject.TestObject(): null

2018-05-15 18:32:54 - [TEST_STEP][PASSED] - Statement - product = com.kms.katalon.core.webui.keyword.WebUiBuiltInKeywords.modifyObjectProperty(product, "xpath", "equals", "//*[@id = "fldvendor" + row + ""]", true): Modify property of object successfully

2018-05-15 18:32:54 - [MESSAGE][PASSED] - Modify property of object successfully

2018-05-15 18:32:54 - [TEST_STEP][PASSED] - selectOptionByIndex: All options with index in [3] are selected on object ''

2018-05-15 18:32:54 - [MESSAGE][PASSED] - All options with index in [3] are selected on object ''

2018-05-15 18:32:54 - [TEST_STEP][PASSED] - Statement - batch = new com.kms.katalon.core.testobject.TestObject(): null

2018-05-15 18:32:54 - [TEST_STEP][PASSED] - Statement - batch = com.kms.katalon.core.webui.keyword.WebUiBuiltInKeywords.modifyObjectProperty(batch, "xpath", "equals", "//*[@id = "txtbthqty" + row + ""]", true): Modify property of object successfully

2018-05-15 18:32:54 - [MESSAGE][PASSED] - Modify property of object successfully

2018-05-15 18:32:54 - [TEST_STEP][PASSED] - Statement - batchqty = com.kms.katalon.core.webui.keyword.WebUiBuiltInKeywords.getAttribute(batch, "value").trim(): Attribute 'value' of object '' is: '40000'

2018-05-15 18:32:54 - [MESSAGE][PASSED] - Attribute 'value' of object '' is: '40000'

2018-05-15 18:32:54 - [TEST_STEP][PASSED] - Statement - Rqty = 10000: null

2018-05-15 18:32:54 - [TEST_STEP][PASSED] - delay: Delayed 2 second(s)

2018-05-15 18:32:56 - [MESSAGE][PASSED] - Delayed 2 second(s)

2018-05-15 18:32:56 - [TEST_STEP][PASSED] - Statement - out.println("BatchQty : " + batchqty): null

2018-05-15 18:32:56 - [TEST_STEP][PASSED] - Statement - out.println("RQty : " + Rqty): null

2018-05-15 18:32:56 - [TEST_STEP][PASSED] - Statement - If (java.lang.Integer.valueOf(batchqty) >= java.lang.Integer.valueOf(Rqty)): null

2018-05-15 18:32:56 - [TEST_STEP][PASSED] - Statement - Break: null

2018-05-15 18:32:56 - [TEST_STEP][PASSED] - Statement - batchlength = new com.kms.katalon.core.testobject.TestObject(): null

2018-05-15 18:32:56 - [TEST_STEP][PASSED] - Statement - batchlength = com.kms.katalon.core.webui.keyword.WebUiBuiltInKeywords.modifyObjectProperty(batchlength, "xpath", "equals", "//*[@id = "fldvendor" + row + ""]", true): Modify property of object successfully

2018-05-15 18:32:56 - [MESSAGE][PASSED] - Modify property of object successfully

2018-05-15 18:32:56 - [TEST_STEP][PASSED] - Statement - batchsize = com.kms.katalon.core.webui.keyword.WebUiBuiltInKeywords.getNumberOfTotalOption(batchlength): 4 options of object '' counted

2018-05-15 18:32:56 - [MESSAGE][PASSED] - 4 options of object '' counted

2018-05-15 18:32:56 - [TEST_STEP][PASSED] - Statement - out.println("BatchSize : " + batchsize): null

2018-05-15 18:32:56 - [TEST_STEP][PASSED] - Statement - For ([n = 1, n <= batchsize - 1, (n++)]): null

2018-05-15 18:32:56 - [TEST_STEP][PASSED] - Statement - product = new com.kms.katalon.core.testobject.TestObject(): null

2018-05-15 18:32:56 - [TEST_STEP][PASSED] - Statement - product = com.kms.katalon.core.webui.keyword.WebUiBuiltInKeywords.modifyObjectProperty(product, "xpath", "equals", "//*[@id = "fldvendor" + row + ""]", true): Modify property of object successfully

2018-05-15 18:32:56 - [MESSAGE][PASSED] - Modify property of object successfully

2018-05-15 18:32:56 - [TEST_STEP][PASSED] - selectOptionByIndex: All options with index in [1] are selected on object ''

2018-05-15 18:32:56 - [MESSAGE][PASSED] - All options with index in [1] are selected on object ''

2018-05-15 18:32:56 - [TEST_STEP][PASSED] - Statement - batch = new com.kms.katalon.core.testobject.TestObject(): null

2018-05-15 18:32:56 - [TEST_STEP][PASSED] - Statement - batch = com.kms.katalon.core.webui.keyword.WebUiBuiltInKeywords.modifyObjectProperty(batch, "xpath", "equals", "//*[@id = "txtbthqty" + row + ""]", true): Modify property of object successfully

2018-05-15 18:32:56 - [MESSAGE][PASSED] - Modify property of object successfully

2018-05-15 18:32:56 - [TEST_STEP][PASSED] - Statement - batchqty = com.kms.katalon.core.webui.keyword.WebUiBuiltInKeywords.getAttribute(batch, "value").trim(): Attribute 'value' of object '' is: '4000'

2018-05-15 18:32:57 - [MESSAGE][PASSED] - Attribute 'value' of object '' is: '4000'

2018-05-15 18:32:57 - [TEST_STEP][PASSED] - Statement - Rqty = 10000: null

2018-05-15 18:32:57 - [TEST_STEP][PASSED] - delay: Delayed 2 second(s)

2018-05-15 18:32:59 - [MESSAGE][PASSED] - Delayed 2 second(s)

2018-05-15 18:32:59 - [TEST_STEP][PASSED] - Statement - out.println("BatchQty : " + batchqty): null

2018-05-15 18:32:59 - [TEST_STEP][PASSED] - Statement - out.println("RQty : " + Rqty): null

2018-05-15 18:32:59 - [TEST_STEP][PASSED] - Statement - If (java.lang.Integer.valueOf(batchqty) >= java.lang.Integer.valueOf(Rqty)): null

2018-05-15 18:32:59 - [TEST_STEP][PASSED] - Statement - Else: null

2018-05-15 18:32:59 - [TEST_STEP][PASSED] - Statement - out.println("Batchqty Is Less Than Rqty"): null

2018-05-15 18:32:59 - [TEST_STEP][PASSED] - Statement - product = new com.kms.katalon.core.testobject.TestObject(): null

2018-05-15 18:32:59 - [TEST_STEP][PASSED] - Statement - product = com.kms.katalon.core.webui.keyword.WebUiBuiltInKeywords.modifyObjectProperty(product, "xpath", "equals", "//*[@id = "fldvendor" + row + ""]", true): Modify property of object successfully

2018-05-15 18:32:59 - [MESSAGE][PASSED] - Modify property of object successfully

2018-05-15 18:32:59 - [TEST_STEP][PASSED] - selectOptionByIndex: All options with index in [2] are selected on object ''

2018-05-15 18:32:59 - [MESSAGE][PASSED] - All options with index in [2] are selected on object ''

2018-05-15 18:32:59 - [TEST_STEP][PASSED] - Statement - batch = new com.kms.katalon.core.testobject.TestObject(): null

2018-05-15 18:32:59 - [TEST_STEP][PASSED] - Statement - batch = com.kms.katalon.core.webui.keyword.WebUiBuiltInKeywords.modifyObjectProperty(batch, "xpath", "equals", "//*[@id = "txtbthqty" + row + ""]", true): Modify property of object successfully

2018-05-15 18:32:59 - [MESSAGE][PASSED] - Modify property of object successfully

2018-05-15 18:32:59 - [TEST_STEP][PASSED] - Statement - batchqty = com.kms.katalon.core.webui.keyword.WebUiBuiltInKeywords.getAttribute(batch, "value").trim(): Attribute 'value' of object '' is: '40000'

2018-05-15 18:32:59 - [MESSAGE][PASSED] - Attribute 'value' of object '' is: '40000'

2018-05-15 18:32:59 - [TEST_STEP][PASSED] - Statement - Rqty = 10000: null

2018-05-15 18:32:59 - [TEST_STEP][PASSED] - delay: Delayed 2 second(s)

2018-05-15 18:33:01 - [MESSAGE][PASSED] - Delayed 2 second(s)

2018-05-15 18:33:01 - [TEST_STEP][PASSED] - Statement - out.println("BatchQty : " + batchqty): null

2018-05-15 18:33:01 - [TEST_STEP][PASSED] - Statement - out.println("RQty : " + Rqty): null

2018-05-15 18:33:01 - [TEST_STEP][PASSED] - Statement - If (java.lang.Integer.valueOf(batchqty) >= java.lang.Integer.valueOf(Rqty)): null

2018-05-15 18:33:01 - [TEST_STEP][PASSED] - Statement - Break: null

2018-05-15 18:33:01 - [TEST_STEP][PASSED] - Statement - batchlength = new com.kms.katalon.core.testobject.TestObject(): null

2018-05-15 18:33:01 - [TEST_STEP][PASSED] - Statement - batchlength = com.kms.katalon.core.webui.keyword.WebUiBuiltInKeywords.modifyObjectProperty(batchlength, "xpath", "equals", "//*[@id = "fldvendor" + row + ""]", true): Modify property of object successfully

2018-05-15 18:33:01 - [MESSAGE][PASSED] - Modify property of object successfully

2018-05-15 18:33:01 - [TEST_STEP][PASSED] - Statement - batchsize = com.kms.katalon.core.webui.keyword.WebUiBuiltInKeywords.getNumberOfTotalOption(batchlength): 4 options of object '' counted

2018-05-15 18:33:01 - [MESSAGE][PASSED] - 4 options of object '' counted

2018-05-15 18:33:01 - [TEST_STEP][PASSED] - Statement - out.println("BatchSize : " + batchsize): null

2018-05-15 18:33:01 - [TEST_STEP][PASSED] - Statement - For ([n = 1, n <= batchsize - 1, (n++)]): null

2018-05-15 18:33:01 - [TEST_STEP][PASSED] - Statement - product = new com.kms.katalon.core.testobject.TestObject(): null

2018-05-15 18:33:01 - [TEST_STEP][PASSED] - Statement - product = com.kms.katalon.core.webui.keyword.WebUiBuiltInKeywords.modifyObjectProperty(product, "xpath", "equals", "//*[@id = "fldvendor" + row + ""]", true): Modify property of object successfully

2018-05-15 18:33:01 - [MESSAGE][PASSED] - Modify property of object successfully

2018-05-15 18:33:01 - [TEST_STEP][PASSED] - selectOptionByIndex: All options with index in [1] are selected on object ''

2018-05-15 18:33:01 - [MESSAGE][PASSED] - All options with index in [1] are selected on object ''

2018-05-15 18:33:01 - [TEST_STEP][PASSED] - Statement - batch = new com.kms.katalon.core.testobject.TestObject(): null

2018-05-15 18:33:01 - [TEST_STEP][PASSED] - Statement - batch = com.kms.katalon.core.webui.keyword.WebUiBuiltInKeywords.modifyObjectProperty(batch, "xpath", "equals", "//*[@id = "txtbthqty" + row + ""]", true): Modify property of object successfully

2018-05-15 18:33:01 - [MESSAGE][PASSED] - Modify property of object successfully

2018-05-15 18:33:01 - [TEST_STEP][PASSED] - Statement - batchqty = com.kms.katalon.core.webui.keyword.WebUiBuiltInKeywords.getAttribute(batch, "value").trim(): Attribute 'value' of object '' is: '4000'

2018-05-15 18:33:01 - [MESSAGE][PASSED] - Attribute 'value' of object '' is: '4000'

2018-05-15 18:33:01 - [TEST_STEP][PASSED] - Statement - Rqty = 10000: null

2018-05-15 18:33:01 - [TEST_STEP][PASSED] - delay: Delayed 2 second(s)

2018-05-15 18:33:03 - [MESSAGE][PASSED] - Delayed 2 second(s)

2018-05-15 18:33:03 - [TEST_STEP][PASSED] - Statement - out.println("BatchQty : " + batchqty): null

2018-05-15 18:33:03 - [TEST_STEP][PASSED] - Statement - out.println("RQty : " + Rqty): null

2018-05-15 18:33:03 - [TEST_STEP][PASSED] - Statement - If (java.lang.Integer.valueOf(batchqty) >= java.lang.Integer.valueOf(Rqty)): null

2018-05-15 18:33:03 - [TEST_STEP][PASSED] - Statement - Else: null

2018-05-15 18:33:03 - [TEST_STEP][PASSED] - Statement - out.println("Batchqty Is Less Than Rqty"): null

2018-05-15 18:33:03 - [TEST_STEP][PASSED] - Statement - product = new com.kms.katalon.core.testobject.TestObject(): null

2018-05-15 18:33:03 - [TEST_STEP][PASSED] - Statement - product = com.kms.katalon.core.webui.keyword.WebUiBuiltInKeywords.modifyObjectProperty(product, "xpath", "equals", "//*[@id = "fldvendor" + row + ""]", true): Modify property of object successfully

2018-05-15 18:33:03 - [MESSAGE][PASSED] - Modify property of object successfully

2018-05-15 18:33:03 - [TEST_STEP][PASSED] - selectOptionByIndex: All options with index in [2] are selected on object ''

2018-05-15 18:33:03 - [MESSAGE][PASSED] - All options with index in [2] are selected on object ''

2018-05-15 18:33:03 - [TEST_STEP][PASSED] - Statement - batch = new com.kms.katalon.core.testobject.TestObject(): null

2018-05-15 18:33:03 - [TEST_STEP][PASSED] - Statement - batch = com.kms.katalon.core.webui.keyword.WebUiBuiltInKeywords.modifyObjectProperty(batch, "xpath", "equals", "//*[@id = "txtbthqty" + row + ""]", true): Modify property of object successfully

2018-05-15 18:33:03 - [MESSAGE][PASSED] - Modify property of object successfully

2018-05-15 18:33:03 - [TEST_STEP][PASSED] - Statement - batchqty = com.kms.katalon.core.webui.keyword.WebUiBuiltInKeywords.getAttribute(batch, "value").trim(): Attribute 'value' of object '' is: '5000'

2018-05-15 18:33:03 - [MESSAGE][PASSED] - Attribute 'value' of object '' is: '5000'

2018-05-15 18:33:03 - [TEST_STEP][PASSED] - Statement - Rqty = 10000: null

2018-05-15 18:33:03 - [TEST_STEP][PASSED] - delay: Delayed 2 second(s)

2018-05-15 18:33:05 - [MESSAGE][PASSED] - Delayed 2 second(s)

2018-05-15 18:33:05 - [TEST_STEP][PASSED] - Statement - out.println("BatchQty : " + batchqty): null

2018-05-15 18:33:05 - [TEST_STEP][PASSED] - Statement - out.println("RQty : " + Rqty): null

2018-05-15 18:33:05 - [TEST_STEP][PASSED] - Statement - If (java.lang.Integer.valueOf(batchqty) >= java.lang.Integer.valueOf(Rqty)): null

2018-05-15 18:33:05 - [TEST_STEP][PASSED] - Statement - Else: null

2018-05-15 18:33:05 - [TEST_STEP][PASSED] - Statement - out.println("Batchqty Is Less Than Rqty"): null

2018-05-15 18:33:05 - [TEST_STEP][PASSED] - Statement - product = new com.kms.katalon.core.testobject.TestObject(): null

2018-05-15 18:33:05 - [TEST_STEP][PASSED] - Statement - product = com.kms.katalon.core.webui.keyword.WebUiBuiltInKeywords.modifyObjectProperty(product, "xpath", "equals", "//*[@id = "fldvendor" + row + ""]", true): Modify property of object successfully

2018-05-15 18:33:05 - [MESSAGE][PASSED] - Modify property of object successfully

2018-05-15 18:33:05 - [TEST_STEP][PASSED] - selectOptionByIndex: All options with index in [3] are selected on object ''

2018-05-15 18:33:05 - [MESSAGE][PASSED] - All options with index in [3] are selected on object ''

2018-05-15 18:33:05 - [TEST_STEP][PASSED] - Statement - batch = new com.kms.katalon.core.testobject.TestObject(): null

2018-05-15 18:33:05 - [TEST_STEP][PASSED] - Statement - batch = com.kms.katalon.core.webui.keyword.WebUiBuiltInKeywords.modifyObjectProperty(batch, "xpath", "equals", "//*[@id = "txtbthqty" + row + ""]", true): Modify property of object successfully

2018-05-15 18:33:05 - [MESSAGE][PASSED] - Modify property of object successfully

2018-05-15 18:33:05 - [TEST_STEP][PASSED] - Statement - batchqty = com.kms.katalon.core.webui.keyword.WebUiBuiltInKeywords.getAttribute(batch, "value").trim(): Attribute 'value' of object '' is: '40000'

2018-05-15 18:33:05 - [MESSAGE][PASSED] - Attribute 'value' of object '' is: '40000'

2018-05-15 18:33:05 - [TEST_STEP][PASSED] - Statement - Rqty = 10000: null

2018-05-15 18:33:05 - [TEST_STEP][PASSED] - delay: Delayed 2 second(s)

2018-05-15 18:33:07 - [MESSAGE][PASSED] - Delayed 2 second(s)

2018-05-15 18:33:07 - [TEST_STEP][PASSED] - Statement - out.println("BatchQty : " + batchqty): null

2018-05-15 18:33:07 - [TEST_STEP][PASSED] - Statement - out.println("RQty : " + Rqty): null

2018-05-15 18:33:07 - [TEST_STEP][PASSED] - Statement - If (java.lang.Integer.valueOf(batchqty) >= java.lang.Integer.valueOf(Rqty)): null

2018-05-15 18:33:07 - [TEST_STEP][PASSED] - Statement - Break: null

2018-05-15 18:33:07 - [TEST_STEP][PASSED] - Statement - batchlength = new com.kms.katalon.core.testobject.TestObject(): null

2018-05-15 18:33:07 - [TEST_STEP][PASSED] - Statement - batchlength = com.kms.katalon.core.webui.keyword.WebUiBuiltInKeywords.modifyObjectProperty(batchlength, "xpath", "equals", "//*[@id = "fldvendor" + row + ""]", true): Modify property of object successfully

2018-05-15 18:33:07 - [MESSAGE][PASSED] - Modify property of object successfully

2018-05-15 18:33:07 - [TEST_STEP][PASSED] - Statement - batchsize = com.kms.katalon.core.webui.keyword.WebUiBuiltInKeywords.getNumberOfTotalOption(batchlength): 4 options of object '' counted

2018-05-15 18:33:07 - [MESSAGE][PASSED] - 4 options of object '' counted

2018-05-15 18:33:07 - [TEST_STEP][PASSED] - Statement - out.println("BatchSize : " + batchsize): null

2018-05-15 18:33:07 - [TEST_STEP][PASSED] - Statement - For ([n = 1, n <= batchsize - 1, (n++)]): null

2018-05-15 18:33:07 - [TEST_STEP][PASSED] - Statement - product = new com.kms.katalon.core.testobject.TestObject(): null

2018-05-15 18:33:07 - [TEST_STEP][PASSED] - Statement - product = com.kms.katalon.core.webui.keyword.WebUiBuiltInKeywords.modifyObjectProperty(product, "xpath", "equals", "//*[@id = "fldvendor" + row + ""]", true): Modify property of object successfully

2018-05-15 18:33:07 - [MESSAGE][PASSED] - Modify property of object successfully

2018-05-15 18:33:07 - [TEST_STEP][PASSED] - selectOptionByIndex: All options with index in [1] are selected on object ''

2018-05-15 18:33:08 - [MESSAGE][PASSED] - All options with index in [1] are selected on object ''

2018-05-15 18:33:08 - [TEST_STEP][PASSED] - Statement - batch = new com.kms.katalon.core.testobject.TestObject(): null

2018-05-15 18:33:08 - [TEST_STEP][PASSED] - Statement - batch = com.kms.katalon.core.webui.keyword.WebUiBuiltInKeywords.modifyObjectProperty(batch, "xpath", "equals", "//*[@id = "txtbthqty" + row + ""]", true): Modify property of object successfully

2018-05-15 18:33:08 - [MESSAGE][PASSED] - Modify property of object successfully

2018-05-15 18:33:08 - [TEST_STEP][PASSED] - Statement - batchqty = com.kms.katalon.core.webui.keyword.WebUiBuiltInKeywords.getAttribute(batch, "value").trim(): Attribute 'value' of object '' is: '4000'

2018-05-15 18:33:08 - [MESSAGE][PASSED] - Attribute 'value' of object '' is: '4000'

2018-05-15 18:33:08 - [TEST_STEP][PASSED] - Statement - Rqty = 10000: null

2018-05-15 18:33:08 - [TEST_STEP][PASSED] - delay: Delayed 2 second(s)

2018-05-15 18:33:10 - [MESSAGE][PASSED] - Delayed 2 second(s)

2018-05-15 18:33:10 - [TEST_STEP][PASSED] - Statement - out.println("BatchQty : " + batchqty): null

2018-05-15 18:33:10 - [TEST_STEP][PASSED] - Statement - out.println("RQty : " + Rqty): null

2018-05-15 18:33:10 - [TEST_STEP][PASSED] - Statement - If (java.lang.Integer.valueOf(batchqty) >= java.lang.Integer.valueOf(Rqty)): null

2018-05-15 18:33:10 - [TEST_STEP][PASSED] - Statement - Else: null

2018-05-15 18:33:10 - [TEST_STEP][PASSED] - Statement - out.println("Batchqty Is Less Than Rqty"): null

2018-05-15 18:33:10 - [TEST_STEP][PASSED] - Statement - product = new com.kms.katalon.core.testobject.TestObject(): null

2018-05-15 18:33:10 - [TEST_STEP][PASSED] - Statement - product = com.kms.katalon.core.webui.keyword.WebUiBuiltInKeywords.modifyObjectProperty(product, "xpath", "equals", "//*[@id = "fldvendor" + row + ""]", true): Modify property of object successfully

2018-05-15 18:33:10 - [MESSAGE][PASSED] - Modify property of object successfully

2018-05-15 18:33:10 - [TEST_STEP][PASSED] - selectOptionByIndex: All options with index in [2] are selected on object ''

2018-05-15 18:33:10 - [MESSAGE][PASSED] - All options with index in [2] are selected on object ''

2018-05-15 18:33:10 - [TEST_STEP][PASSED] - Statement - batch = new com.kms.katalon.core.testobject.TestObject(): null

2018-05-15 18:33:10 - [TEST_STEP][PASSED] - Statement - batch = com.kms.katalon.core.webui.keyword.WebUiBuiltInKeywords.modifyObjectProperty(batch, "xpath", "equals", "//*[@id = "txtbthqty" + row + ""]", true): Modify property of object successfully

2018-05-15 18:33:10 - [MESSAGE][PASSED] - Modify property of object successfully

2018-05-15 18:33:10 - [TEST_STEP][PASSED] - Statement - batchqty = com.kms.katalon.core.webui.keyword.WebUiBuiltInKeywords.getAttribute(batch, "value").trim(): Attribute 'value' of object '' is: '5000'

2018-05-15 18:33:10 - [MESSAGE][PASSED] - Attribute 'value' of object '' is: '5000'

2018-05-15 18:33:10 - [TEST_STEP][PASSED] - Statement - Rqty = 10000: null

2018-05-15 18:33:10 - [TEST_STEP][PASSED] - delay: Delayed 2 second(s)

2018-05-15 18:33:12 - [MESSAGE][PASSED] - Delayed 2 second(s)

2018-05-15 18:33:12 - [TEST_STEP][PASSED] - Statement - out.println("BatchQty : " + batchqty): null

2018-05-15 18:33:12 - [TEST_STEP][PASSED] - Statement - out.println("RQty : " + Rqty): null

2018-05-15 18:33:12 - [TEST_STEP][PASSED] - Statement - If (java.lang.Integer.valueOf(batchqty) >= java.lang.Integer.valueOf(Rqty)): null

2018-05-15 18:33:12 - [TEST_STEP][PASSED] - Statement - Else: null

2018-05-15 18:33:12 - [TEST_STEP][PASSED] - Statement - out.println("Batchqty Is Less Than Rqty"): null

2018-05-15 18:33:12 - [TEST_STEP][PASSED] - Statement - product = new com.kms.katalon.core.testobject.TestObject(): null

2018-05-15 18:33:12 - [TEST_STEP][PASSED] - Statement - product = com.kms.katalon.core.webui.keyword.WebUiBuiltInKeywords.modifyObjectProperty(product, "xpath", "equals", "//*[@id = "fldvendor" + row + ""]", true): Modify property of object successfully

2018-05-15 18:33:12 - [MESSAGE][PASSED] - Modify property of object successfully

2018-05-15 18:33:12 - [TEST_STEP][PASSED] - selectOptionByIndex: All options with index in [3] are selected on object ''

2018-05-15 18:33:12 - [MESSAGE][PASSED] - All options with index in [3] are selected on object ''

2018-05-15 18:33:12 - [TEST_STEP][PASSED] - Statement - batch = new com.kms.katalon.core.testobject.TestObject(): null

2018-05-15 18:33:12 - [TEST_STEP][PASSED] - Statement - batch = com.kms.katalon.core.webui.keyword.WebUiBuiltInKeywords.modifyObjectProperty(batch, "xpath", "equals", "//*[@id = "txtbthqty" + row + ""]", true): Modify property of object successfully

2018-05-15 18:33:12 - [MESSAGE][PASSED] - Modify property of object successfully

2018-05-15 18:33:12 - [TEST_STEP][PASSED] - Statement - batchqty = com.kms.katalon.core.webui.keyword.WebUiBuiltInKeywords.getAttribute(batch, "value").trim(): Attribute 'value' of object '' is: '40000'

2018-05-15 18:33:12 - [MESSAGE][PASSED] - Attribute 'value' of object '' is: '40000'

2018-05-15 18:33:12 - [TEST_STEP][PASSED] - Statement - Rqty = 10000: null

2018-05-15 18:33:12 - [TEST_STEP][PASSED] - delay: Delayed 2 second(s)

2018-05-15 18:33:14 - [MESSAGE][PASSED] - Delayed 2 second(s)

2018-05-15 18:33:14 - [TEST_STEP][PASSED] - Statement - out.println("BatchQty : " + batchqty): null

2018-05-15 18:33:14 - [TEST_STEP][PASSED] - Statement - out.println("RQty : " + Rqty): null

2018-05-15 18:33:14 - [TEST_STEP][PASSED] - Statement - If (java.lang.Integer.valueOf(batchqty) >= java.lang.Integer.valueOf(Rqty)): null

2018-05-15 18:33:14 - [TEST_STEP][PASSED] - Statement - Break: null

2018-05-15 18:33:14 - [TEST_STEP][PASSED] - click: Object: 'Object Repository/store Request Schedule 1/Page_KDMC - CMS/input_btndispatch' is clicked on

2018-05-15 18:33:20 - [MESSAGE][PASSED] - Object: 'Object Repository/store Request Schedule 1/Page_KDMC - CMS/input_btndispatch' is clicked on

2018-05-15 18:33:20 - [TEST_STEP][PASSED] - delay: Delayed 3 second(s)

2018-05-15 18:33:23 - [MESSAGE][PASSED] - Delayed 3 second(s)

2018-05-15 18:33:23 - [TEST_STEP][FAILED] - click: Unable to click on object 'Object Repository/store Request Schedule 1/Page_KDMC - CMS/button_OK' (Root cause: org.openqa.selenium.ElementNotVisibleException: element not visible
  (Session info: chrome=66.0.3359.139)
  (Driver info: chromedriver=2.35.528161 (5b82f2d2aae0ca24b877009200ced9065a772e73),platform=Windows NT 10.0.17134 x86_64) (WARNING: The server did not provide any stacktrace information)
Command duration or timeout: 0 milliseconds
Build info: version: '3.7.1', revision: '8a0099a', time: '2017-11-06T21:07:36.161Z'
System info: host: 'DESKTOP-BLFTK83', ip: '192.168.71.2', os.name: 'Windows 10', os.arch: 'amd64', os.version: '10.0', java.version: '1.8.0_102'
Driver info: com.kms.katalon.selenium.driver.CChromeDriver
Capabilities {acceptInsecureCerts: false, acceptSslCerts: false, applicationCacheEnabled: false, browserConnectionEnabled: false, browserName: chrome, chrome: {chromedriverVersion: 2.35.528161 (5b82f2d2aae0ca..., userDataDir: C:\Users\QUALIT~1\AppData\L...}, cssSelectorsEnabled: true, databaseEnabled: false, handlesAlerts: true, hasTouchScreen: false, javascriptEnabled: true, locationContextEnabled: true, mobileEmulationEnabled: false, nativeEvents: true, networkConnectionEnabled: false, pageLoadStrategy: normal, platform: XP, platformName: XP, rotatable: false, setWindowRect: true, takesHeapSnapshot: true, takesScreenshot: true, unexpectedAlertBehaviour: , unhandledPromptBehavior: , version: 66.0.3359.139, webStorageEnabled: true}
Session ID: 751d3acac6c08385ab73a416e4ade89b)

2018-05-15 18:33:24 - [MESSAGE][FAILED] - Unable to click on object 'Object Repository/store Request Schedule 1/Page_KDMC - CMS/button_OK' (Root cause: org.openqa.selenium.ElementNotVisibleException: element not visible
  (Session info: chrome=66.0.3359.139)
  (Driver info: chromedriver=2.35.528161 (5b82f2d2aae0ca24b877009200ced9065a772e73),platform=Windows NT 10.0.17134 x86_64) (WARNING: The server did not provide any stacktrace information)
Command duration or timeout: 0 milliseconds
Build info: version: '3.7.1', revision: '8a0099a', time: '2017-11-06T21:07:36.161Z'
System info: host: 'DESKTOP-BLFTK83', ip: '192.168.71.2', os.name: 'Windows 10', os.arch: 'amd64', os.version: '10.0', java.version: '1.8.0_102'
Driver info: com.kms.katalon.selenium.driver.CChromeDriver
Capabilities {acceptInsecureCerts: false, acceptSslCerts: false, applicationCacheEnabled: false, browserConnectionEnabled: false, browserName: chrome, chrome: {chromedriverVersion: 2.35.528161 (5b82f2d2aae0ca..., userDataDir: C:\Users\QUALIT~1\AppData\L...}, cssSelectorsEnabled: true, databaseEnabled: false, handlesAlerts: true, hasTouchScreen: false, javascriptEnabled: true, locationContextEnabled: true, mobileEmulationEnabled: false, nativeEvents: true, networkConnectionEnabled: false, pageLoadStrategy: normal, platform: XP, platformName: XP, rotatable: false, setWindowRect: true, takesHeapSnapshot: true, takesScreenshot: true, unexpectedAlertBehaviour: , unhandledPromptBehavior: , version: 66.0.3359.139, webStorageEnabled: true}
Session ID: 751d3acac6c08385ab73a416e4ade89b)
[[ATTACHMENT|C:\\Users\\Quality Analyst\\Katalon Studio\\ds\\Reports\\Store_Suit\\20180515_181358\\1526389403945.png]]]]></system-out>
         <system-err><![CDATA[2018-05-15 18:24:38 - [TEST_CASE][FAILED] - Test Cases/STORE TO CMS REQUEST TEST CASES/TC_STCMS_002 To Verify Schedule 2 Store To CMS Request Are Working Successfully Or Not: Test Cases/STORE TO CMS REQUEST TEST CASES/TC_STCMS_002 To Verify Schedule 2 Store To CMS Request Are Working Successfully Or Not FAILED because (of) Unable to click on object 'Object Repository/store Request Schedule 1/Page_KDMC - CMS/button_OK' (Root cause: org.openqa.selenium.ElementNotVisibleException: element not visible
  (Session info: chrome=66.0.3359.139)
  (Driver info: chromedriver=2.35.528161 (5b82f2d2aae0ca24b877009200ced9065a772e73),platform=Windows NT 10.0.17134 x86_64) (WARNING: The server did not provide any stacktrace information)
Command duration or timeout: 0 milliseconds
Build info: version: '3.7.1', revision: '8a0099a', time: '2017-11-06T21:07:36.161Z'
System info: host: 'DESKTOP-BLFTK83', ip: '192.168.71.2', os.name: 'Windows 10', os.arch: 'amd64', os.version: '10.0', java.version: '1.8.0_102'
Driver info: com.kms.katalon.selenium.driver.CChromeDriver
Capabilities {acceptInsecureCerts: false, acceptSslCerts: false, applicationCacheEnabled: false, browserConnectionEnabled: false, browserName: chrome, chrome: {chromedriverVersion: 2.35.528161 (5b82f2d2aae0ca..., userDataDir: C:\Users\QUALIT~1\AppData\L...}, cssSelectorsEnabled: true, databaseEnabled: false, handlesAlerts: true, hasTouchScreen: false, javascriptEnabled: true, locationContextEnabled: true, mobileEmulationEnabled: false, nativeEvents: true, networkConnectionEnabled: false, pageLoadStrategy: normal, platform: XP, platformName: XP, rotatable: false, setWindowRect: true, takesHeapSnapshot: true, takesScreenshot: true, unexpectedAlertBehaviour: , unhandledPromptBehavior: , version: 66.0.3359.139, webStorageEnabled: true}
Session ID: 751d3acac6c08385ab73a416e4ade89b)]]></system-err>
      </testcase>
      <testcase name="Test Cases/STORE TO CMS REQUEST TEST CASES/TC_STCMS_003 To Verify Schedule 3 Store To CMS Request Are Working Successfully Or Not" classname="Test Cases/STORE TO CMS REQUEST TEST CASES/TC_STCMS_003 To Verify Schedule 3 Store To CMS Request Are Working Successfully Or Not" status="FAILED">
         <failure type="FAILED" message="Unable to click on object 'Object Repository/Store Request Schedule 1/Page_Store/a_dropdown-toggle' (Root cause: com.kms.katalon.core.webui.exception.WebElementNotFoundException: Web element with id: 'Object Repository/Store Request Schedule 1/Page_Store/a_dropdown-toggle' located by 'By.xpath: /html[1]/body[@class=&quot;skin-blue  pace-done&quot;]/header[@class=&quot;header&quot;]/div[@class=&quot;row&quot;]/nav[@class=&quot;navbar navbar-static-top&quot;]/div[@class=&quot;navbar-right&quot;]/ul[@class=&quot;nav navbar-nav&quot;]/li[@class=&quot;dropdown user user-menu&quot;]/a[@class=&quot;dropdown-toggle&quot;][count(. | //a[@href = '#']) = count(//a[@href = '#'])]' not found)"/>
         <system-out><![CDATA[2018-05-15 18:33:24 - [TEST_CASE][FAILED] - Test Cases/STORE TO CMS REQUEST TEST CASES/TC_STCMS_003 To Verify Schedule 3 Store To CMS Request Are Working Successfully Or Not: Test Cases/STORE TO CMS REQUEST TEST CASES/TC_STCMS_003 To Verify Schedule 3 Store To CMS Request Are Working Successfully Or Not FAILED because (of) Unable to click on object 'Object Repository/Store Request Schedule 1/Page_Store/a_dropdown-toggle' (Root cause: com.kms.katalon.core.webui.exception.WebElementNotFoundException: Web element with id: 'Object Repository/Store Request Schedule 1/Page_Store/a_dropdown-toggle' located by 'By.xpath: /html[1]/body[@class="skin-blue  pace-done"]/header[@class="header"]/div[@class="row"]/nav[@class="navbar navbar-static-top"]/div[@class="navbar-right"]/ul[@class="nav navbar-nav"]/li[@class="dropdown user user-menu"]/a[@class="dropdown-toggle"][count(. | //a[@href = '#']) = count(//a[@href = '#'])]' not found)

2018-05-15 18:33:24 - [TEST_STEP][PASSED] - openBrowser: Browser is opened with url: ''

2018-05-15 18:33:24 - [MESSAGE][WARNING] - A browser is already opened. Closing browser and opening a new one

2018-05-15 18:33:27 - [MESSAGE][PASSED] - Browser is opened with url: ''

2018-05-15 18:33:27 - [TEST_STEP][PASSED] - Statement - out.println("Verify Schedule 3 Store Request Are Working Successfully Or Not"): null

2018-05-15 18:33:27 - [TEST_STEP][PASSED] - navigateToUrl: Navigate to 'http://192.168.137.1/multihospital_new/' successfully

2018-05-15 18:33:30 - [MESSAGE][PASSED] - Navigate to 'http://192.168.137.1/multihospital_new/' successfully

2018-05-15 18:33:30 - [TEST_STEP][PASSED] - maximizeWindow: Current window maximized

2018-05-15 18:33:31 - [MESSAGE][PASSED] - Current window maximized

2018-05-15 18:33:31 - [TEST_STEP][PASSED] - click: Object: 'Object Repository/Store Request Schedule 1/Page_KDMC/a_Divisional Store' is clicked on

2018-05-15 18:33:32 - [MESSAGE][PASSED] - Object: 'Object Repository/Store Request Schedule 1/Page_KDMC/a_Divisional Store' is clicked on

2018-05-15 18:33:32 - [TEST_STEP][PASSED] - setText: Text 'ragu' is set on object 'Object Repository/Store Request Schedule 1/Page_Divisonal Store Login/input_txtusername'

2018-05-15 18:33:32 - [MESSAGE][PASSED] - Text 'ragu' is set on object 'Object Repository/Store Request Schedule 1/Page_Divisonal Store Login/input_txtusername'

2018-05-15 18:33:32 - [TEST_STEP][PASSED] - setText: Text '123' is set on object 'Object Repository/Store Request Schedule 1/Page_Divisonal Store Login/input_txtpassword'

2018-05-15 18:33:32 - [MESSAGE][PASSED] - Text '123' is set on object 'Object Repository/Store Request Schedule 1/Page_Divisonal Store Login/input_txtpassword'

2018-05-15 18:33:32 - [TEST_STEP][PASSED] - delay: Delayed 3 second(s)

2018-05-15 18:33:35 - [MESSAGE][PASSED] - Delayed 3 second(s)

2018-05-15 18:33:35 - [TEST_STEP][PASSED] - click: Object: 'Object Repository/Store Request Schedule 1/Page_Divisonal Store Login/button_Sign in' is clicked on

2018-05-15 18:33:36 - [MESSAGE][PASSED] - Object: 'Object Repository/Store Request Schedule 1/Page_Divisonal Store Login/button_Sign in' is clicked on

2018-05-15 18:33:36 - [TEST_STEP][PASSED] - delay: Delayed 3 second(s)

2018-05-15 18:33:39 - [MESSAGE][PASSED] - Delayed 3 second(s)

2018-05-15 18:33:39 - [TEST_STEP][PASSED] - click: Object: 'Object Repository/Store Request Schedule 1/Page_Store/a_CMS' is clicked on

2018-05-15 18:33:39 - [MESSAGE][PASSED] - Object: 'Object Repository/Store Request Schedule 1/Page_Store/a_CMS' is clicked on

2018-05-15 18:33:39 - [TEST_STEP][PASSED] - delay: Delayed 2 second(s)

2018-05-15 18:33:41 - [MESSAGE][PASSED] - Delayed 2 second(s)

2018-05-15 18:33:41 - [TEST_STEP][PASSED] - click: Object: 'Object Repository/Store Request Schedule 1/Page_Store/a_Request Send' is clicked on

2018-05-15 18:33:43 - [MESSAGE][PASSED] - Object: 'Object Repository/Store Request Schedule 1/Page_Store/a_Request Send' is clicked on

2018-05-15 18:33:43 - [TEST_STEP][PASSED] - selectOptionByIndex: All options with index in [1] are selected on object 'Object Repository/Store Request Schedule 1/Page_Store/select_--Select--'

2018-05-15 18:33:43 - [MESSAGE][PASSED] - All options with index in [1] are selected on object 'Object Repository/Store Request Schedule 1/Page_Store/select_--Select--'

2018-05-15 18:33:43 - [TEST_STEP][PASSED] - selectOptionByIndex: All options with index in [3] are selected on object 'Object Repository/Store Request Schedule 1/Page_Store/select_--Select--Schedule 1Inj'

2018-05-15 18:33:43 - [MESSAGE][PASSED] - All options with index in [3] are selected on object 'Object Repository/Store Request Schedule 1/Page_Store/select_--Select--Schedule 1Inj'

2018-05-15 18:33:43 - [TEST_STEP][PASSED] - Statement - SelectedOptions = com.kms.katalon.core.webui.keyword.WebUiBuiltInKeywords.getNumberOfTotalOption(com.kms.katalon.core.testobject.ObjectRepository.findTestObject(Store Request Schedule 1/Page_Store/select_--Select--Adernaline 0.)): 37 options of object 'Object Repository/Store Request Schedule 1/Page_Store/select_--Select--Adernaline 0.' counted

2018-05-15 18:33:43 - [MESSAGE][PASSED] - 37 options of object 'Object Repository/Store Request Schedule 1/Page_Store/select_--Select--Adernaline 0.' counted

2018-05-15 18:33:43 - [TEST_STEP][PASSED] - Statement - For ([y = 1, y < SelectedOptions, (y++)]): Object: 'Object Repository/Store Request Schedule 1/Page_Store/button_Add' is clicked on

2018-05-15 18:33:43 - [TEST_STEP][PASSED] - selectOptionByIndex: All options with index in [3] are selected on object 'Object Repository/Store Request Schedule 1/Page_Store/select_--Select--Schedule 1Inj'

2018-05-15 18:33:43 - [MESSAGE][PASSED] - All options with index in [3] are selected on object 'Object Repository/Store Request Schedule 1/Page_Store/select_--Select--Schedule 1Inj'

2018-05-15 18:33:43 - [TEST_STEP][PASSED] - delay: Delayed 1 second(s)

2018-05-15 18:33:44 - [MESSAGE][PASSED] - Delayed 1 second(s)

2018-05-15 18:33:44 - [TEST_STEP][PASSED] - selectOptionByIndex: All options with index in [1] are selected on object 'Object Repository/Store Request Schedule 1/Page_Store/select_--Select--Adernaline 0.'

2018-05-15 18:33:44 - [MESSAGE][PASSED] - All options with index in [1] are selected on object 'Object Repository/Store Request Schedule 1/Page_Store/select_--Select--Adernaline 0.'

2018-05-15 18:33:44 - [TEST_STEP][PASSED] - setText: Text '100' is set on object 'Object Repository/Store Request Schedule 1/Page_Store/input_txttreat'

2018-05-15 18:33:44 - [MESSAGE][PASSED] - Text '100' is set on object 'Object Repository/Store Request Schedule 1/Page_Store/input_txttreat'

2018-05-15 18:33:44 - [TEST_STEP][PASSED] - click: Object: 'Object Repository/Store Request Schedule 1/Page_Store/button_Add' is clicked on

2018-05-15 18:33:44 - [MESSAGE][PASSED] - Object: 'Object Repository/Store Request Schedule 1/Page_Store/button_Add' is clicked on

2018-05-15 18:33:44 - [TEST_STEP][PASSED] - selectOptionByIndex: All options with index in [3] are selected on object 'Object Repository/Store Request Schedule 1/Page_Store/select_--Select--Schedule 1Inj'

2018-05-15 18:33:45 - [MESSAGE][PASSED] - All options with index in [3] are selected on object 'Object Repository/Store Request Schedule 1/Page_Store/select_--Select--Schedule 1Inj'

2018-05-15 18:33:45 - [TEST_STEP][PASSED] - delay: Delayed 1 second(s)

2018-05-15 18:33:46 - [MESSAGE][PASSED] - Delayed 1 second(s)

2018-05-15 18:33:46 - [TEST_STEP][PASSED] - selectOptionByIndex: All options with index in [2] are selected on object 'Object Repository/Store Request Schedule 1/Page_Store/select_--Select--Adernaline 0.'

2018-05-15 18:33:46 - [MESSAGE][PASSED] - All options with index in [2] are selected on object 'Object Repository/Store Request Schedule 1/Page_Store/select_--Select--Adernaline 0.'

2018-05-15 18:33:46 - [TEST_STEP][PASSED] - setText: Text '100' is set on object 'Object Repository/Store Request Schedule 1/Page_Store/input_txttreat'

2018-05-15 18:33:46 - [MESSAGE][PASSED] - Text '100' is set on object 'Object Repository/Store Request Schedule 1/Page_Store/input_txttreat'

2018-05-15 18:33:46 - [TEST_STEP][PASSED] - click: Object: 'Object Repository/Store Request Schedule 1/Page_Store/button_Add' is clicked on

2018-05-15 18:33:46 - [MESSAGE][PASSED] - Object: 'Object Repository/Store Request Schedule 1/Page_Store/button_Add' is clicked on

2018-05-15 18:33:46 - [TEST_STEP][PASSED] - selectOptionByIndex: All options with index in [3] are selected on object 'Object Repository/Store Request Schedule 1/Page_Store/select_--Select--Schedule 1Inj'

2018-05-15 18:33:46 - [MESSAGE][PASSED] - All options with index in [3] are selected on object 'Object Repository/Store Request Schedule 1/Page_Store/select_--Select--Schedule 1Inj'

2018-05-15 18:33:46 - [TEST_STEP][PASSED] - delay: Delayed 1 second(s)

2018-05-15 18:33:47 - [MESSAGE][PASSED] - Delayed 1 second(s)

2018-05-15 18:33:47 - [TEST_STEP][PASSED] - selectOptionByIndex: All options with index in [3] are selected on object 'Object Repository/Store Request Schedule 1/Page_Store/select_--Select--Adernaline 0.'

2018-05-15 18:33:47 - [MESSAGE][PASSED] - All options with index in [3] are selected on object 'Object Repository/Store Request Schedule 1/Page_Store/select_--Select--Adernaline 0.'

2018-05-15 18:33:47 - [TEST_STEP][PASSED] - setText: Text '100' is set on object 'Object Repository/Store Request Schedule 1/Page_Store/input_txttreat'

2018-05-15 18:33:47 - [MESSAGE][PASSED] - Text '100' is set on object 'Object Repository/Store Request Schedule 1/Page_Store/input_txttreat'

2018-05-15 18:33:47 - [TEST_STEP][PASSED] - click: Object: 'Object Repository/Store Request Schedule 1/Page_Store/button_Add' is clicked on

2018-05-15 18:33:47 - [MESSAGE][PASSED] - Object: 'Object Repository/Store Request Schedule 1/Page_Store/button_Add' is clicked on

2018-05-15 18:33:47 - [TEST_STEP][PASSED] - selectOptionByIndex: All options with index in [3] are selected on object 'Object Repository/Store Request Schedule 1/Page_Store/select_--Select--Schedule 1Inj'

2018-05-15 18:33:47 - [MESSAGE][PASSED] - All options with index in [3] are selected on object 'Object Repository/Store Request Schedule 1/Page_Store/select_--Select--Schedule 1Inj'

2018-05-15 18:33:47 - [TEST_STEP][PASSED] - delay: Delayed 1 second(s)

2018-05-15 18:33:48 - [MESSAGE][PASSED] - Delayed 1 second(s)

2018-05-15 18:33:48 - [TEST_STEP][PASSED] - selectOptionByIndex: All options with index in [4] are selected on object 'Object Repository/Store Request Schedule 1/Page_Store/select_--Select--Adernaline 0.'

2018-05-15 18:33:49 - [MESSAGE][PASSED] - All options with index in [4] are selected on object 'Object Repository/Store Request Schedule 1/Page_Store/select_--Select--Adernaline 0.'

2018-05-15 18:33:49 - [TEST_STEP][PASSED] - setText: Text '100' is set on object 'Object Repository/Store Request Schedule 1/Page_Store/input_txttreat'

2018-05-15 18:33:49 - [MESSAGE][PASSED] - Text '100' is set on object 'Object Repository/Store Request Schedule 1/Page_Store/input_txttreat'

2018-05-15 18:33:49 - [TEST_STEP][PASSED] - click: Object: 'Object Repository/Store Request Schedule 1/Page_Store/button_Add' is clicked on

2018-05-15 18:33:49 - [MESSAGE][PASSED] - Object: 'Object Repository/Store Request Schedule 1/Page_Store/button_Add' is clicked on

2018-05-15 18:33:49 - [TEST_STEP][PASSED] - selectOptionByIndex: All options with index in [3] are selected on object 'Object Repository/Store Request Schedule 1/Page_Store/select_--Select--Schedule 1Inj'

2018-05-15 18:33:49 - [MESSAGE][PASSED] - All options with index in [3] are selected on object 'Object Repository/Store Request Schedule 1/Page_Store/select_--Select--Schedule 1Inj'

2018-05-15 18:33:49 - [TEST_STEP][PASSED] - delay: Delayed 1 second(s)

2018-05-15 18:33:50 - [MESSAGE][PASSED] - Delayed 1 second(s)

2018-05-15 18:33:50 - [TEST_STEP][PASSED] - selectOptionByIndex: All options with index in [5] are selected on object 'Object Repository/Store Request Schedule 1/Page_Store/select_--Select--Adernaline 0.'

2018-05-15 18:33:50 - [MESSAGE][PASSED] - All options with index in [5] are selected on object 'Object Repository/Store Request Schedule 1/Page_Store/select_--Select--Adernaline 0.'

2018-05-15 18:33:50 - [TEST_STEP][PASSED] - setText: Text '100' is set on object 'Object Repository/Store Request Schedule 1/Page_Store/input_txttreat'

2018-05-15 18:33:50 - [MESSAGE][PASSED] - Text '100' is set on object 'Object Repository/Store Request Schedule 1/Page_Store/input_txttreat'

2018-05-15 18:33:50 - [TEST_STEP][PASSED] - click: Object: 'Object Repository/Store Request Schedule 1/Page_Store/button_Add' is clicked on

2018-05-15 18:33:50 - [MESSAGE][PASSED] - Object: 'Object Repository/Store Request Schedule 1/Page_Store/button_Add' is clicked on

2018-05-15 18:33:50 - [TEST_STEP][PASSED] - selectOptionByIndex: All options with index in [3] are selected on object 'Object Repository/Store Request Schedule 1/Page_Store/select_--Select--Schedule 1Inj'

2018-05-15 18:33:50 - [MESSAGE][PASSED] - All options with index in [3] are selected on object 'Object Repository/Store Request Schedule 1/Page_Store/select_--Select--Schedule 1Inj'

2018-05-15 18:33:50 - [TEST_STEP][PASSED] - delay: Delayed 1 second(s)

2018-05-15 18:33:51 - [MESSAGE][PASSED] - Delayed 1 second(s)

2018-05-15 18:33:51 - [TEST_STEP][PASSED] - selectOptionByIndex: All options with index in [6] are selected on object 'Object Repository/Store Request Schedule 1/Page_Store/select_--Select--Adernaline 0.'

2018-05-15 18:33:51 - [MESSAGE][PASSED] - All options with index in [6] are selected on object 'Object Repository/Store Request Schedule 1/Page_Store/select_--Select--Adernaline 0.'

2018-05-15 18:33:51 - [TEST_STEP][PASSED] - setText: Text '100' is set on object 'Object Repository/Store Request Schedule 1/Page_Store/input_txttreat'

2018-05-15 18:33:52 - [MESSAGE][PASSED] - Text '100' is set on object 'Object Repository/Store Request Schedule 1/Page_Store/input_txttreat'

2018-05-15 18:33:52 - [TEST_STEP][PASSED] - click: Object: 'Object Repository/Store Request Schedule 1/Page_Store/button_Add' is clicked on

2018-05-15 18:33:57 - [MESSAGE][PASSED] - Object: 'Object Repository/Store Request Schedule 1/Page_Store/button_Add' is clicked on

2018-05-15 18:33:57 - [TEST_STEP][PASSED] - selectOptionByIndex: All options with index in [3] are selected on object 'Object Repository/Store Request Schedule 1/Page_Store/select_--Select--Schedule 1Inj'

2018-05-15 18:33:57 - [MESSAGE][PASSED] - All options with index in [3] are selected on object 'Object Repository/Store Request Schedule 1/Page_Store/select_--Select--Schedule 1Inj'

2018-05-15 18:33:57 - [TEST_STEP][PASSED] - delay: Delayed 1 second(s)

2018-05-15 18:33:58 - [MESSAGE][PASSED] - Delayed 1 second(s)

2018-05-15 18:33:58 - [TEST_STEP][PASSED] - selectOptionByIndex: All options with index in [7] are selected on object 'Object Repository/Store Request Schedule 1/Page_Store/select_--Select--Adernaline 0.'

2018-05-15 18:33:58 - [MESSAGE][PASSED] - All options with index in [7] are selected on object 'Object Repository/Store Request Schedule 1/Page_Store/select_--Select--Adernaline 0.'

2018-05-15 18:33:58 - [TEST_STEP][PASSED] - setText: Text '100' is set on object 'Object Repository/Store Request Schedule 1/Page_Store/input_txttreat'

2018-05-15 18:33:58 - [MESSAGE][PASSED] - Text '100' is set on object 'Object Repository/Store Request Schedule 1/Page_Store/input_txttreat'

2018-05-15 18:33:58 - [TEST_STEP][PASSED] - click: Object: 'Object Repository/Store Request Schedule 1/Page_Store/button_Add' is clicked on

2018-05-15 18:34:03 - [MESSAGE][PASSED] - Object: 'Object Repository/Store Request Schedule 1/Page_Store/button_Add' is clicked on

2018-05-15 18:34:03 - [TEST_STEP][PASSED] - selectOptionByIndex: All options with index in [3] are selected on object 'Object Repository/Store Request Schedule 1/Page_Store/select_--Select--Schedule 1Inj'

2018-05-15 18:34:03 - [MESSAGE][PASSED] - All options with index in [3] are selected on object 'Object Repository/Store Request Schedule 1/Page_Store/select_--Select--Schedule 1Inj'

2018-05-15 18:34:03 - [TEST_STEP][PASSED] - delay: Delayed 1 second(s)

2018-05-15 18:34:04 - [MESSAGE][PASSED] - Delayed 1 second(s)

2018-05-15 18:34:04 - [TEST_STEP][PASSED] - selectOptionByIndex: All options with index in [8] are selected on object 'Object Repository/Store Request Schedule 1/Page_Store/select_--Select--Adernaline 0.'

2018-05-15 18:34:05 - [MESSAGE][PASSED] - All options with index in [8] are selected on object 'Object Repository/Store Request Schedule 1/Page_Store/select_--Select--Adernaline 0.'

2018-05-15 18:34:05 - [TEST_STEP][PASSED] - setText: Text '100' is set on object 'Object Repository/Store Request Schedule 1/Page_Store/input_txttreat'

2018-05-15 18:34:05 - [MESSAGE][PASSED] - Text '100' is set on object 'Object Repository/Store Request Schedule 1/Page_Store/input_txttreat'

2018-05-15 18:34:05 - [TEST_STEP][PASSED] - click: Object: 'Object Repository/Store Request Schedule 1/Page_Store/button_Add' is clicked on

2018-05-15 18:34:10 - [MESSAGE][PASSED] - Object: 'Object Repository/Store Request Schedule 1/Page_Store/button_Add' is clicked on

2018-05-15 18:34:10 - [TEST_STEP][PASSED] - selectOptionByIndex: All options with index in [3] are selected on object 'Object Repository/Store Request Schedule 1/Page_Store/select_--Select--Schedule 1Inj'

2018-05-15 18:34:10 - [MESSAGE][PASSED] - All options with index in [3] are selected on object 'Object Repository/Store Request Schedule 1/Page_Store/select_--Select--Schedule 1Inj'

2018-05-15 18:34:10 - [TEST_STEP][PASSED] - delay: Delayed 1 second(s)

2018-05-15 18:34:11 - [MESSAGE][PASSED] - Delayed 1 second(s)

2018-05-15 18:34:11 - [TEST_STEP][PASSED] - selectOptionByIndex: All options with index in [9] are selected on object 'Object Repository/Store Request Schedule 1/Page_Store/select_--Select--Adernaline 0.'

2018-05-15 18:34:11 - [MESSAGE][PASSED] - All options with index in [9] are selected on object 'Object Repository/Store Request Schedule 1/Page_Store/select_--Select--Adernaline 0.'

2018-05-15 18:34:11 - [TEST_STEP][PASSED] - setText: Text '100' is set on object 'Object Repository/Store Request Schedule 1/Page_Store/input_txttreat'

2018-05-15 18:34:11 - [MESSAGE][PASSED] - Text '100' is set on object 'Object Repository/Store Request Schedule 1/Page_Store/input_txttreat'

2018-05-15 18:34:11 - [TEST_STEP][PASSED] - click: Object: 'Object Repository/Store Request Schedule 1/Page_Store/button_Add' is clicked on

2018-05-15 18:34:16 - [MESSAGE][PASSED] - Object: 'Object Repository/Store Request Schedule 1/Page_Store/button_Add' is clicked on

2018-05-15 18:34:16 - [TEST_STEP][PASSED] - selectOptionByIndex: All options with index in [3] are selected on object 'Object Repository/Store Request Schedule 1/Page_Store/select_--Select--Schedule 1Inj'

2018-05-15 18:34:16 - [MESSAGE][PASSED] - All options with index in [3] are selected on object 'Object Repository/Store Request Schedule 1/Page_Store/select_--Select--Schedule 1Inj'

2018-05-15 18:34:16 - [TEST_STEP][PASSED] - delay: Delayed 1 second(s)

2018-05-15 18:34:17 - [MESSAGE][PASSED] - Delayed 1 second(s)

2018-05-15 18:34:17 - [TEST_STEP][PASSED] - selectOptionByIndex: All options with index in [10] are selected on object 'Object Repository/Store Request Schedule 1/Page_Store/select_--Select--Adernaline 0.'

2018-05-15 18:34:18 - [MESSAGE][PASSED] - All options with index in [10] are selected on object 'Object Repository/Store Request Schedule 1/Page_Store/select_--Select--Adernaline 0.'

2018-05-15 18:34:18 - [TEST_STEP][PASSED] - setText: Text '100' is set on object 'Object Repository/Store Request Schedule 1/Page_Store/input_txttreat'

2018-05-15 18:34:18 - [MESSAGE][PASSED] - Text '100' is set on object 'Object Repository/Store Request Schedule 1/Page_Store/input_txttreat'

2018-05-15 18:34:18 - [TEST_STEP][PASSED] - click: Object: 'Object Repository/Store Request Schedule 1/Page_Store/button_Add' is clicked on

2018-05-15 18:34:23 - [MESSAGE][PASSED] - Object: 'Object Repository/Store Request Schedule 1/Page_Store/button_Add' is clicked on

2018-05-15 18:34:23 - [TEST_STEP][PASSED] - selectOptionByIndex: All options with index in [3] are selected on object 'Object Repository/Store Request Schedule 1/Page_Store/select_--Select--Schedule 1Inj'

2018-05-15 18:34:23 - [MESSAGE][PASSED] - All options with index in [3] are selected on object 'Object Repository/Store Request Schedule 1/Page_Store/select_--Select--Schedule 1Inj'

2018-05-15 18:34:23 - [TEST_STEP][PASSED] - delay: Delayed 1 second(s)

2018-05-15 18:34:24 - [MESSAGE][PASSED] - Delayed 1 second(s)

2018-05-15 18:34:24 - [TEST_STEP][PASSED] - selectOptionByIndex: All options with index in [11] are selected on object 'Object Repository/Store Request Schedule 1/Page_Store/select_--Select--Adernaline 0.'

2018-05-15 18:34:24 - [MESSAGE][PASSED] - All options with index in [11] are selected on object 'Object Repository/Store Request Schedule 1/Page_Store/select_--Select--Adernaline 0.'

2018-05-15 18:34:24 - [TEST_STEP][PASSED] - setText: Text '100' is set on object 'Object Repository/Store Request Schedule 1/Page_Store/input_txttreat'

2018-05-15 18:34:24 - [MESSAGE][PASSED] - Text '100' is set on object 'Object Repository/Store Request Schedule 1/Page_Store/input_txttreat'

2018-05-15 18:34:24 - [TEST_STEP][PASSED] - click: Object: 'Object Repository/Store Request Schedule 1/Page_Store/button_Add' is clicked on

2018-05-15 18:34:29 - [MESSAGE][PASSED] - Object: 'Object Repository/Store Request Schedule 1/Page_Store/button_Add' is clicked on

2018-05-15 18:34:29 - [TEST_STEP][PASSED] - selectOptionByIndex: All options with index in [3] are selected on object 'Object Repository/Store Request Schedule 1/Page_Store/select_--Select--Schedule 1Inj'

2018-05-15 18:34:29 - [MESSAGE][PASSED] - All options with index in [3] are selected on object 'Object Repository/Store Request Schedule 1/Page_Store/select_--Select--Schedule 1Inj'

2018-05-15 18:34:29 - [TEST_STEP][PASSED] - delay: Delayed 1 second(s)

2018-05-15 18:34:30 - [MESSAGE][PASSED] - Delayed 1 second(s)

2018-05-15 18:34:30 - [TEST_STEP][PASSED] - selectOptionByIndex: All options with index in [12] are selected on object 'Object Repository/Store Request Schedule 1/Page_Store/select_--Select--Adernaline 0.'

2018-05-15 18:34:31 - [MESSAGE][PASSED] - All options with index in [12] are selected on object 'Object Repository/Store Request Schedule 1/Page_Store/select_--Select--Adernaline 0.'

2018-05-15 18:34:31 - [TEST_STEP][PASSED] - setText: Text '100' is set on object 'Object Repository/Store Request Schedule 1/Page_Store/input_txttreat'

2018-05-15 18:34:31 - [MESSAGE][PASSED] - Text '100' is set on object 'Object Repository/Store Request Schedule 1/Page_Store/input_txttreat'

2018-05-15 18:34:31 - [TEST_STEP][PASSED] - click: Object: 'Object Repository/Store Request Schedule 1/Page_Store/button_Add' is clicked on

2018-05-15 18:34:36 - [MESSAGE][PASSED] - Object: 'Object Repository/Store Request Schedule 1/Page_Store/button_Add' is clicked on

2018-05-15 18:34:36 - [TEST_STEP][PASSED] - selectOptionByIndex: All options with index in [3] are selected on object 'Object Repository/Store Request Schedule 1/Page_Store/select_--Select--Schedule 1Inj'

2018-05-15 18:34:36 - [MESSAGE][PASSED] - All options with index in [3] are selected on object 'Object Repository/Store Request Schedule 1/Page_Store/select_--Select--Schedule 1Inj'

2018-05-15 18:34:36 - [TEST_STEP][PASSED] - delay: Delayed 1 second(s)

2018-05-15 18:34:37 - [MESSAGE][PASSED] - Delayed 1 second(s)

2018-05-15 18:34:37 - [TEST_STEP][PASSED] - selectOptionByIndex: All options with index in [13] are selected on object 'Object Repository/Store Request Schedule 1/Page_Store/select_--Select--Adernaline 0.'

2018-05-15 18:34:37 - [MESSAGE][PASSED] - All options with index in [13] are selected on object 'Object Repository/Store Request Schedule 1/Page_Store/select_--Select--Adernaline 0.'

2018-05-15 18:34:37 - [TEST_STEP][PASSED] - setText: Text '100' is set on object 'Object Repository/Store Request Schedule 1/Page_Store/input_txttreat'

2018-05-15 18:34:37 - [MESSAGE][PASSED] - Text '100' is set on object 'Object Repository/Store Request Schedule 1/Page_Store/input_txttreat'

2018-05-15 18:34:37 - [TEST_STEP][PASSED] - click: Object: 'Object Repository/Store Request Schedule 1/Page_Store/button_Add' is clicked on

2018-05-15 18:34:42 - [MESSAGE][PASSED] - Object: 'Object Repository/Store Request Schedule 1/Page_Store/button_Add' is clicked on

2018-05-15 18:34:42 - [TEST_STEP][PASSED] - selectOptionByIndex: All options with index in [3] are selected on object 'Object Repository/Store Request Schedule 1/Page_Store/select_--Select--Schedule 1Inj'

2018-05-15 18:34:42 - [MESSAGE][PASSED] - All options with index in [3] are selected on object 'Object Repository/Store Request Schedule 1/Page_Store/select_--Select--Schedule 1Inj'

2018-05-15 18:34:42 - [TEST_STEP][PASSED] - delay: Delayed 1 second(s)

2018-05-15 18:34:43 - [MESSAGE][PASSED] - Delayed 1 second(s)

2018-05-15 18:34:43 - [TEST_STEP][PASSED] - selectOptionByIndex: All options with index in [14] are selected on object 'Object Repository/Store Request Schedule 1/Page_Store/select_--Select--Adernaline 0.'

2018-05-15 18:34:44 - [MESSAGE][PASSED] - All options with index in [14] are selected on object 'Object Repository/Store Request Schedule 1/Page_Store/select_--Select--Adernaline 0.'

2018-05-15 18:34:44 - [TEST_STEP][PASSED] - setText: Text '100' is set on object 'Object Repository/Store Request Schedule 1/Page_Store/input_txttreat'

2018-05-15 18:34:44 - [MESSAGE][PASSED] - Text '100' is set on object 'Object Repository/Store Request Schedule 1/Page_Store/input_txttreat'

2018-05-15 18:34:44 - [TEST_STEP][PASSED] - click: Object: 'Object Repository/Store Request Schedule 1/Page_Store/button_Add' is clicked on

2018-05-15 18:34:49 - [MESSAGE][PASSED] - Object: 'Object Repository/Store Request Schedule 1/Page_Store/button_Add' is clicked on

2018-05-15 18:34:49 - [TEST_STEP][PASSED] - selectOptionByIndex: All options with index in [3] are selected on object 'Object Repository/Store Request Schedule 1/Page_Store/select_--Select--Schedule 1Inj'

2018-05-15 18:34:49 - [MESSAGE][PASSED] - All options with index in [3] are selected on object 'Object Repository/Store Request Schedule 1/Page_Store/select_--Select--Schedule 1Inj'

2018-05-15 18:34:49 - [TEST_STEP][PASSED] - delay: Delayed 1 second(s)

2018-05-15 18:34:50 - [MESSAGE][PASSED] - Delayed 1 second(s)

2018-05-15 18:34:50 - [TEST_STEP][PASSED] - selectOptionByIndex: All options with index in [15] are selected on object 'Object Repository/Store Request Schedule 1/Page_Store/select_--Select--Adernaline 0.'

2018-05-15 18:34:50 - [MESSAGE][PASSED] - All options with index in [15] are selected on object 'Object Repository/Store Request Schedule 1/Page_Store/select_--Select--Adernaline 0.'

2018-05-15 18:34:50 - [TEST_STEP][PASSED] - setText: Text '100' is set on object 'Object Repository/Store Request Schedule 1/Page_Store/input_txttreat'

2018-05-15 18:34:50 - [MESSAGE][PASSED] - Text '100' is set on object 'Object Repository/Store Request Schedule 1/Page_Store/input_txttreat'

2018-05-15 18:34:50 - [TEST_STEP][PASSED] - click: Object: 'Object Repository/Store Request Schedule 1/Page_Store/button_Add' is clicked on

2018-05-15 18:34:55 - [MESSAGE][PASSED] - Object: 'Object Repository/Store Request Schedule 1/Page_Store/button_Add' is clicked on

2018-05-15 18:34:55 - [TEST_STEP][PASSED] - selectOptionByIndex: All options with index in [3] are selected on object 'Object Repository/Store Request Schedule 1/Page_Store/select_--Select--Schedule 1Inj'

2018-05-15 18:34:55 - [MESSAGE][PASSED] - All options with index in [3] are selected on object 'Object Repository/Store Request Schedule 1/Page_Store/select_--Select--Schedule 1Inj'

2018-05-15 18:34:55 - [TEST_STEP][PASSED] - delay: Delayed 1 second(s)

2018-05-15 18:34:56 - [MESSAGE][PASSED] - Delayed 1 second(s)

2018-05-15 18:34:56 - [TEST_STEP][PASSED] - selectOptionByIndex: All options with index in [16] are selected on object 'Object Repository/Store Request Schedule 1/Page_Store/select_--Select--Adernaline 0.'

2018-05-15 18:34:57 - [MESSAGE][PASSED] - All options with index in [16] are selected on object 'Object Repository/Store Request Schedule 1/Page_Store/select_--Select--Adernaline 0.'

2018-05-15 18:34:57 - [TEST_STEP][PASSED] - setText: Text '100' is set on object 'Object Repository/Store Request Schedule 1/Page_Store/input_txttreat'

2018-05-15 18:34:57 - [MESSAGE][PASSED] - Text '100' is set on object 'Object Repository/Store Request Schedule 1/Page_Store/input_txttreat'

2018-05-15 18:34:57 - [TEST_STEP][PASSED] - click: Object: 'Object Repository/Store Request Schedule 1/Page_Store/button_Add' is clicked on

2018-05-15 18:35:02 - [MESSAGE][PASSED] - Object: 'Object Repository/Store Request Schedule 1/Page_Store/button_Add' is clicked on

2018-05-15 18:35:02 - [TEST_STEP][PASSED] - selectOptionByIndex: All options with index in [3] are selected on object 'Object Repository/Store Request Schedule 1/Page_Store/select_--Select--Schedule 1Inj'

2018-05-15 18:35:02 - [MESSAGE][PASSED] - All options with index in [3] are selected on object 'Object Repository/Store Request Schedule 1/Page_Store/select_--Select--Schedule 1Inj'

2018-05-15 18:35:02 - [TEST_STEP][PASSED] - delay: Delayed 1 second(s)

2018-05-15 18:35:03 - [MESSAGE][PASSED] - Delayed 1 second(s)

2018-05-15 18:35:03 - [TEST_STEP][PASSED] - selectOptionByIndex: All options with index in [17] are selected on object 'Object Repository/Store Request Schedule 1/Page_Store/select_--Select--Adernaline 0.'

2018-05-15 18:35:03 - [MESSAGE][PASSED] - All options with index in [17] are selected on object 'Object Repository/Store Request Schedule 1/Page_Store/select_--Select--Adernaline 0.'

2018-05-15 18:35:03 - [TEST_STEP][PASSED] - setText: Text '100' is set on object 'Object Repository/Store Request Schedule 1/Page_Store/input_txttreat'

2018-05-15 18:35:03 - [MESSAGE][PASSED] - Text '100' is set on object 'Object Repository/Store Request Schedule 1/Page_Store/input_txttreat'

2018-05-15 18:35:03 - [TEST_STEP][PASSED] - click: Object: 'Object Repository/Store Request Schedule 1/Page_Store/button_Add' is clicked on

2018-05-15 18:35:09 - [MESSAGE][PASSED] - Object: 'Object Repository/Store Request Schedule 1/Page_Store/button_Add' is clicked on

2018-05-15 18:35:09 - [TEST_STEP][PASSED] - selectOptionByIndex: All options with index in [3] are selected on object 'Object Repository/Store Request Schedule 1/Page_Store/select_--Select--Schedule 1Inj'

2018-05-15 18:35:09 - [MESSAGE][PASSED] - All options with index in [3] are selected on object 'Object Repository/Store Request Schedule 1/Page_Store/select_--Select--Schedule 1Inj'

2018-05-15 18:35:09 - [TEST_STEP][PASSED] - delay: Delayed 1 second(s)

2018-05-15 18:35:10 - [MESSAGE][PASSED] - Delayed 1 second(s)

2018-05-15 18:35:10 - [TEST_STEP][PASSED] - selectOptionByIndex: All options with index in [18] are selected on object 'Object Repository/Store Request Schedule 1/Page_Store/select_--Select--Adernaline 0.'

2018-05-15 18:35:10 - [MESSAGE][PASSED] - All options with index in [18] are selected on object 'Object Repository/Store Request Schedule 1/Page_Store/select_--Select--Adernaline 0.'

2018-05-15 18:35:10 - [TEST_STEP][PASSED] - setText: Text '100' is set on object 'Object Repository/Store Request Schedule 1/Page_Store/input_txttreat'

2018-05-15 18:35:10 - [MESSAGE][PASSED] - Text '100' is set on object 'Object Repository/Store Request Schedule 1/Page_Store/input_txttreat'

2018-05-15 18:35:10 - [TEST_STEP][PASSED] - click: Object: 'Object Repository/Store Request Schedule 1/Page_Store/button_Add' is clicked on

2018-05-15 18:35:15 - [MESSAGE][PASSED] - Object: 'Object Repository/Store Request Schedule 1/Page_Store/button_Add' is clicked on

2018-05-15 18:35:15 - [TEST_STEP][PASSED] - selectOptionByIndex: All options with index in [3] are selected on object 'Object Repository/Store Request Schedule 1/Page_Store/select_--Select--Schedule 1Inj'

2018-05-15 18:35:15 - [MESSAGE][PASSED] - All options with index in [3] are selected on object 'Object Repository/Store Request Schedule 1/Page_Store/select_--Select--Schedule 1Inj'

2018-05-15 18:35:15 - [TEST_STEP][PASSED] - delay: Delayed 1 second(s)

2018-05-15 18:35:16 - [MESSAGE][PASSED] - Delayed 1 second(s)

2018-05-15 18:35:16 - [TEST_STEP][PASSED] - selectOptionByIndex: All options with index in [19] are selected on object 'Object Repository/Store Request Schedule 1/Page_Store/select_--Select--Adernaline 0.'

2018-05-15 18:35:17 - [MESSAGE][PASSED] - All options with index in [19] are selected on object 'Object Repository/Store Request Schedule 1/Page_Store/select_--Select--Adernaline 0.'

2018-05-15 18:35:17 - [TEST_STEP][PASSED] - setText: Text '100' is set on object 'Object Repository/Store Request Schedule 1/Page_Store/input_txttreat'

2018-05-15 18:35:17 - [MESSAGE][PASSED] - Text '100' is set on object 'Object Repository/Store Request Schedule 1/Page_Store/input_txttreat'

2018-05-15 18:35:17 - [TEST_STEP][PASSED] - click: Object: 'Object Repository/Store Request Schedule 1/Page_Store/button_Add' is clicked on

2018-05-15 18:35:22 - [MESSAGE][PASSED] - Object: 'Object Repository/Store Request Schedule 1/Page_Store/button_Add' is clicked on

2018-05-15 18:35:22 - [TEST_STEP][PASSED] - selectOptionByIndex: All options with index in [3] are selected on object 'Object Repository/Store Request Schedule 1/Page_Store/select_--Select--Schedule 1Inj'

2018-05-15 18:35:22 - [MESSAGE][PASSED] - All options with index in [3] are selected on object 'Object Repository/Store Request Schedule 1/Page_Store/select_--Select--Schedule 1Inj'

2018-05-15 18:35:22 - [TEST_STEP][PASSED] - delay: Delayed 1 second(s)

2018-05-15 18:35:23 - [MESSAGE][PASSED] - Delayed 1 second(s)

2018-05-15 18:35:23 - [TEST_STEP][PASSED] - selectOptionByIndex: All options with index in [20] are selected on object 'Object Repository/Store Request Schedule 1/Page_Store/select_--Select--Adernaline 0.'

2018-05-15 18:35:23 - [MESSAGE][PASSED] - All options with index in [20] are selected on object 'Object Repository/Store Request Schedule 1/Page_Store/select_--Select--Adernaline 0.'

2018-05-15 18:35:23 - [TEST_STEP][PASSED] - setText: Text '100' is set on object 'Object Repository/Store Request Schedule 1/Page_Store/input_txttreat'

2018-05-15 18:35:23 - [MESSAGE][PASSED] - Text '100' is set on object 'Object Repository/Store Request Schedule 1/Page_Store/input_txttreat'

2018-05-15 18:35:23 - [TEST_STEP][PASSED] - click: Object: 'Object Repository/Store Request Schedule 1/Page_Store/button_Add' is clicked on

2018-05-15 18:35:28 - [MESSAGE][PASSED] - Object: 'Object Repository/Store Request Schedule 1/Page_Store/button_Add' is clicked on

2018-05-15 18:35:28 - [TEST_STEP][PASSED] - selectOptionByIndex: All options with index in [3] are selected on object 'Object Repository/Store Request Schedule 1/Page_Store/select_--Select--Schedule 1Inj'

2018-05-15 18:35:29 - [MESSAGE][PASSED] - All options with index in [3] are selected on object 'Object Repository/Store Request Schedule 1/Page_Store/select_--Select--Schedule 1Inj'

2018-05-15 18:35:29 - [TEST_STEP][PASSED] - delay: Delayed 1 second(s)

2018-05-15 18:35:30 - [MESSAGE][PASSED] - Delayed 1 second(s)

2018-05-15 18:35:30 - [TEST_STEP][PASSED] - selectOptionByIndex: All options with index in [21] are selected on object 'Object Repository/Store Request Schedule 1/Page_Store/select_--Select--Adernaline 0.'

2018-05-15 18:35:30 - [MESSAGE][PASSED] - All options with index in [21] are selected on object 'Object Repository/Store Request Schedule 1/Page_Store/select_--Select--Adernaline 0.'

2018-05-15 18:35:30 - [TEST_STEP][PASSED] - setText: Text '100' is set on object 'Object Repository/Store Request Schedule 1/Page_Store/input_txttreat'

2018-05-15 18:35:30 - [MESSAGE][PASSED] - Text '100' is set on object 'Object Repository/Store Request Schedule 1/Page_Store/input_txttreat'

2018-05-15 18:35:30 - [TEST_STEP][PASSED] - click: Object: 'Object Repository/Store Request Schedule 1/Page_Store/button_Add' is clicked on

2018-05-15 18:35:35 - [MESSAGE][PASSED] - Object: 'Object Repository/Store Request Schedule 1/Page_Store/button_Add' is clicked on

2018-05-15 18:35:35 - [TEST_STEP][PASSED] - selectOptionByIndex: All options with index in [3] are selected on object 'Object Repository/Store Request Schedule 1/Page_Store/select_--Select--Schedule 1Inj'

2018-05-15 18:35:35 - [MESSAGE][PASSED] - All options with index in [3] are selected on object 'Object Repository/Store Request Schedule 1/Page_Store/select_--Select--Schedule 1Inj'

2018-05-15 18:35:35 - [TEST_STEP][PASSED] - delay: Delayed 1 second(s)

2018-05-15 18:35:36 - [MESSAGE][PASSED] - Delayed 1 second(s)

2018-05-15 18:35:36 - [TEST_STEP][PASSED] - selectOptionByIndex: All options with index in [22] are selected on object 'Object Repository/Store Request Schedule 1/Page_Store/select_--Select--Adernaline 0.'

2018-05-15 18:35:37 - [MESSAGE][PASSED] - All options with index in [22] are selected on object 'Object Repository/Store Request Schedule 1/Page_Store/select_--Select--Adernaline 0.'

2018-05-15 18:35:37 - [TEST_STEP][PASSED] - setText: Text '100' is set on object 'Object Repository/Store Request Schedule 1/Page_Store/input_txttreat'

2018-05-15 18:35:37 - [MESSAGE][PASSED] - Text '100' is set on object 'Object Repository/Store Request Schedule 1/Page_Store/input_txttreat'

2018-05-15 18:35:37 - [TEST_STEP][PASSED] - click: Object: 'Object Repository/Store Request Schedule 1/Page_Store/button_Add' is clicked on

2018-05-15 18:35:42 - [MESSAGE][PASSED] - Object: 'Object Repository/Store Request Schedule 1/Page_Store/button_Add' is clicked on

2018-05-15 18:35:42 - [TEST_STEP][PASSED] - selectOptionByIndex: All options with index in [3] are selected on object 'Object Repository/Store Request Schedule 1/Page_Store/select_--Select--Schedule 1Inj'

2018-05-15 18:35:42 - [MESSAGE][PASSED] - All options with index in [3] are selected on object 'Object Repository/Store Request Schedule 1/Page_Store/select_--Select--Schedule 1Inj'

2018-05-15 18:35:42 - [TEST_STEP][PASSED] - delay: Delayed 1 second(s)

2018-05-15 18:35:43 - [MESSAGE][PASSED] - Delayed 1 second(s)

2018-05-15 18:35:43 - [TEST_STEP][PASSED] - selectOptionByIndex: All options with index in [23] are selected on object 'Object Repository/Store Request Schedule 1/Page_Store/select_--Select--Adernaline 0.'

2018-05-15 18:35:43 - [MESSAGE][PASSED] - All options with index in [23] are selected on object 'Object Repository/Store Request Schedule 1/Page_Store/select_--Select--Adernaline 0.'

2018-05-15 18:35:43 - [TEST_STEP][PASSED] - setText: Text '100' is set on object 'Object Repository/Store Request Schedule 1/Page_Store/input_txttreat'

2018-05-15 18:35:43 - [MESSAGE][PASSED] - Text '100' is set on object 'Object Repository/Store Request Schedule 1/Page_Store/input_txttreat'

2018-05-15 18:35:43 - [TEST_STEP][PASSED] - click: Object: 'Object Repository/Store Request Schedule 1/Page_Store/button_Add' is clicked on

2018-05-15 18:35:48 - [MESSAGE][PASSED] - Object: 'Object Repository/Store Request Schedule 1/Page_Store/button_Add' is clicked on

2018-05-15 18:35:48 - [TEST_STEP][PASSED] - selectOptionByIndex: All options with index in [3] are selected on object 'Object Repository/Store Request Schedule 1/Page_Store/select_--Select--Schedule 1Inj'

2018-05-15 18:35:48 - [MESSAGE][PASSED] - All options with index in [3] are selected on object 'Object Repository/Store Request Schedule 1/Page_Store/select_--Select--Schedule 1Inj'

2018-05-15 18:35:48 - [TEST_STEP][PASSED] - delay: Delayed 1 second(s)

2018-05-15 18:35:49 - [MESSAGE][PASSED] - Delayed 1 second(s)

2018-05-15 18:35:49 - [TEST_STEP][PASSED] - selectOptionByIndex: All options with index in [24] are selected on object 'Object Repository/Store Request Schedule 1/Page_Store/select_--Select--Adernaline 0.'

2018-05-15 18:35:50 - [MESSAGE][PASSED] - All options with index in [24] are selected on object 'Object Repository/Store Request Schedule 1/Page_Store/select_--Select--Adernaline 0.'

2018-05-15 18:35:50 - [TEST_STEP][PASSED] - setText: Text '100' is set on object 'Object Repository/Store Request Schedule 1/Page_Store/input_txttreat'

2018-05-15 18:35:50 - [MESSAGE][PASSED] - Text '100' is set on object 'Object Repository/Store Request Schedule 1/Page_Store/input_txttreat'

2018-05-15 18:35:50 - [TEST_STEP][PASSED] - click: Object: 'Object Repository/Store Request Schedule 1/Page_Store/button_Add' is clicked on

2018-05-15 18:35:55 - [MESSAGE][PASSED] - Object: 'Object Repository/Store Request Schedule 1/Page_Store/button_Add' is clicked on

2018-05-15 18:35:55 - [TEST_STEP][PASSED] - selectOptionByIndex: All options with index in [3] are selected on object 'Object Repository/Store Request Schedule 1/Page_Store/select_--Select--Schedule 1Inj'

2018-05-15 18:35:55 - [MESSAGE][PASSED] - All options with index in [3] are selected on object 'Object Repository/Store Request Schedule 1/Page_Store/select_--Select--Schedule 1Inj'

2018-05-15 18:35:55 - [TEST_STEP][PASSED] - delay: Delayed 1 second(s)

2018-05-15 18:35:56 - [MESSAGE][PASSED] - Delayed 1 second(s)

2018-05-15 18:35:56 - [TEST_STEP][PASSED] - selectOptionByIndex: All options with index in [25] are selected on object 'Object Repository/Store Request Schedule 1/Page_Store/select_--Select--Adernaline 0.'

2018-05-15 18:35:57 - [MESSAGE][PASSED] - All options with index in [25] are selected on object 'Object Repository/Store Request Schedule 1/Page_Store/select_--Select--Adernaline 0.'

2018-05-15 18:35:57 - [TEST_STEP][PASSED] - setText: Text '100' is set on object 'Object Repository/Store Request Schedule 1/Page_Store/input_txttreat'

2018-05-15 18:35:57 - [MESSAGE][PASSED] - Text '100' is set on object 'Object Repository/Store Request Schedule 1/Page_Store/input_txttreat'

2018-05-15 18:35:57 - [TEST_STEP][PASSED] - click: Object: 'Object Repository/Store Request Schedule 1/Page_Store/button_Add' is clicked on

2018-05-15 18:36:02 - [MESSAGE][PASSED] - Object: 'Object Repository/Store Request Schedule 1/Page_Store/button_Add' is clicked on

2018-05-15 18:36:02 - [TEST_STEP][PASSED] - selectOptionByIndex: All options with index in [3] are selected on object 'Object Repository/Store Request Schedule 1/Page_Store/select_--Select--Schedule 1Inj'

2018-05-15 18:36:02 - [MESSAGE][PASSED] - All options with index in [3] are selected on object 'Object Repository/Store Request Schedule 1/Page_Store/select_--Select--Schedule 1Inj'

2018-05-15 18:36:02 - [TEST_STEP][PASSED] - delay: Delayed 1 second(s)

2018-05-15 18:36:03 - [MESSAGE][PASSED] - Delayed 1 second(s)

2018-05-15 18:36:03 - [TEST_STEP][PASSED] - selectOptionByIndex: All options with index in [26] are selected on object 'Object Repository/Store Request Schedule 1/Page_Store/select_--Select--Adernaline 0.'

2018-05-15 18:36:03 - [MESSAGE][PASSED] - All options with index in [26] are selected on object 'Object Repository/Store Request Schedule 1/Page_Store/select_--Select--Adernaline 0.'

2018-05-15 18:36:03 - [TEST_STEP][PASSED] - setText: Text '100' is set on object 'Object Repository/Store Request Schedule 1/Page_Store/input_txttreat'

2018-05-15 18:36:03 - [MESSAGE][PASSED] - Text '100' is set on object 'Object Repository/Store Request Schedule 1/Page_Store/input_txttreat'

2018-05-15 18:36:03 - [TEST_STEP][PASSED] - click: Object: 'Object Repository/Store Request Schedule 1/Page_Store/button_Add' is clicked on

2018-05-15 18:36:08 - [MESSAGE][PASSED] - Object: 'Object Repository/Store Request Schedule 1/Page_Store/button_Add' is clicked on

2018-05-15 18:36:08 - [TEST_STEP][PASSED] - selectOptionByIndex: All options with index in [3] are selected on object 'Object Repository/Store Request Schedule 1/Page_Store/select_--Select--Schedule 1Inj'

2018-05-15 18:36:09 - [MESSAGE][PASSED] - All options with index in [3] are selected on object 'Object Repository/Store Request Schedule 1/Page_Store/select_--Select--Schedule 1Inj'

2018-05-15 18:36:09 - [TEST_STEP][PASSED] - delay: Delayed 1 second(s)

2018-05-15 18:36:10 - [MESSAGE][PASSED] - Delayed 1 second(s)

2018-05-15 18:36:10 - [TEST_STEP][PASSED] - selectOptionByIndex: All options with index in [27] are selected on object 'Object Repository/Store Request Schedule 1/Page_Store/select_--Select--Adernaline 0.'

2018-05-15 18:36:10 - [MESSAGE][PASSED] - All options with index in [27] are selected on object 'Object Repository/Store Request Schedule 1/Page_Store/select_--Select--Adernaline 0.'

2018-05-15 18:36:10 - [TEST_STEP][PASSED] - setText: Text '100' is set on object 'Object Repository/Store Request Schedule 1/Page_Store/input_txttreat'

2018-05-15 18:36:10 - [MESSAGE][PASSED] - Text '100' is set on object 'Object Repository/Store Request Schedule 1/Page_Store/input_txttreat'

2018-05-15 18:36:10 - [TEST_STEP][PASSED] - click: Object: 'Object Repository/Store Request Schedule 1/Page_Store/button_Add' is clicked on

2018-05-15 18:36:15 - [MESSAGE][PASSED] - Object: 'Object Repository/Store Request Schedule 1/Page_Store/button_Add' is clicked on

2018-05-15 18:36:15 - [TEST_STEP][PASSED] - selectOptionByIndex: All options with index in [3] are selected on object 'Object Repository/Store Request Schedule 1/Page_Store/select_--Select--Schedule 1Inj'

2018-05-15 18:36:15 - [MESSAGE][PASSED] - All options with index in [3] are selected on object 'Object Repository/Store Request Schedule 1/Page_Store/select_--Select--Schedule 1Inj'

2018-05-15 18:36:15 - [TEST_STEP][PASSED] - delay: Delayed 1 second(s)

2018-05-15 18:36:16 - [MESSAGE][PASSED] - Delayed 1 second(s)

2018-05-15 18:36:16 - [TEST_STEP][PASSED] - selectOptionByIndex: All options with index in [28] are selected on object 'Object Repository/Store Request Schedule 1/Page_Store/select_--Select--Adernaline 0.'

2018-05-15 18:36:17 - [MESSAGE][PASSED] - All options with index in [28] are selected on object 'Object Repository/Store Request Schedule 1/Page_Store/select_--Select--Adernaline 0.'

2018-05-15 18:36:17 - [TEST_STEP][PASSED] - setText: Text '100' is set on object 'Object Repository/Store Request Schedule 1/Page_Store/input_txttreat'

2018-05-15 18:36:17 - [MESSAGE][PASSED] - Text '100' is set on object 'Object Repository/Store Request Schedule 1/Page_Store/input_txttreat'

2018-05-15 18:36:17 - [TEST_STEP][PASSED] - click: Object: 'Object Repository/Store Request Schedule 1/Page_Store/button_Add' is clicked on

2018-05-15 18:36:22 - [MESSAGE][PASSED] - Object: 'Object Repository/Store Request Schedule 1/Page_Store/button_Add' is clicked on

2018-05-15 18:36:22 - [TEST_STEP][PASSED] - selectOptionByIndex: All options with index in [3] are selected on object 'Object Repository/Store Request Schedule 1/Page_Store/select_--Select--Schedule 1Inj'

2018-05-15 18:36:22 - [MESSAGE][PASSED] - All options with index in [3] are selected on object 'Object Repository/Store Request Schedule 1/Page_Store/select_--Select--Schedule 1Inj'

2018-05-15 18:36:22 - [TEST_STEP][PASSED] - delay: Delayed 1 second(s)

2018-05-15 18:36:23 - [MESSAGE][PASSED] - Delayed 1 second(s)

2018-05-15 18:36:23 - [TEST_STEP][PASSED] - selectOptionByIndex: All options with index in [29] are selected on object 'Object Repository/Store Request Schedule 1/Page_Store/select_--Select--Adernaline 0.'

2018-05-15 18:36:24 - [MESSAGE][PASSED] - All options with index in [29] are selected on object 'Object Repository/Store Request Schedule 1/Page_Store/select_--Select--Adernaline 0.'

2018-05-15 18:36:24 - [TEST_STEP][PASSED] - setText: Text '100' is set on object 'Object Repository/Store Request Schedule 1/Page_Store/input_txttreat'

2018-05-15 18:36:24 - [MESSAGE][PASSED] - Text '100' is set on object 'Object Repository/Store Request Schedule 1/Page_Store/input_txttreat'

2018-05-15 18:36:24 - [TEST_STEP][PASSED] - click: Object: 'Object Repository/Store Request Schedule 1/Page_Store/button_Add' is clicked on

2018-05-15 18:36:29 - [MESSAGE][PASSED] - Object: 'Object Repository/Store Request Schedule 1/Page_Store/button_Add' is clicked on

2018-05-15 18:36:29 - [TEST_STEP][PASSED] - selectOptionByIndex: All options with index in [3] are selected on object 'Object Repository/Store Request Schedule 1/Page_Store/select_--Select--Schedule 1Inj'

2018-05-15 18:36:29 - [MESSAGE][PASSED] - All options with index in [3] are selected on object 'Object Repository/Store Request Schedule 1/Page_Store/select_--Select--Schedule 1Inj'

2018-05-15 18:36:29 - [TEST_STEP][PASSED] - delay: Delayed 1 second(s)

2018-05-15 18:36:30 - [MESSAGE][PASSED] - Delayed 1 second(s)

2018-05-15 18:36:30 - [TEST_STEP][PASSED] - selectOptionByIndex: All options with index in [30] are selected on object 'Object Repository/Store Request Schedule 1/Page_Store/select_--Select--Adernaline 0.'

2018-05-15 18:36:30 - [MESSAGE][PASSED] - All options with index in [30] are selected on object 'Object Repository/Store Request Schedule 1/Page_Store/select_--Select--Adernaline 0.'

2018-05-15 18:36:30 - [TEST_STEP][PASSED] - setText: Text '100' is set on object 'Object Repository/Store Request Schedule 1/Page_Store/input_txttreat'

2018-05-15 18:36:30 - [MESSAGE][PASSED] - Text '100' is set on object 'Object Repository/Store Request Schedule 1/Page_Store/input_txttreat'

2018-05-15 18:36:30 - [TEST_STEP][PASSED] - click: Object: 'Object Repository/Store Request Schedule 1/Page_Store/button_Add' is clicked on

2018-05-15 18:36:36 - [MESSAGE][PASSED] - Object: 'Object Repository/Store Request Schedule 1/Page_Store/button_Add' is clicked on

2018-05-15 18:36:36 - [TEST_STEP][PASSED] - selectOptionByIndex: All options with index in [3] are selected on object 'Object Repository/Store Request Schedule 1/Page_Store/select_--Select--Schedule 1Inj'

2018-05-15 18:36:36 - [MESSAGE][PASSED] - All options with index in [3] are selected on object 'Object Repository/Store Request Schedule 1/Page_Store/select_--Select--Schedule 1Inj'

2018-05-15 18:36:36 - [TEST_STEP][PASSED] - delay: Delayed 1 second(s)

2018-05-15 18:36:37 - [MESSAGE][PASSED] - Delayed 1 second(s)

2018-05-15 18:36:37 - [TEST_STEP][PASSED] - selectOptionByIndex: All options with index in [31] are selected on object 'Object Repository/Store Request Schedule 1/Page_Store/select_--Select--Adernaline 0.'

2018-05-15 18:36:37 - [MESSAGE][PASSED] - All options with index in [31] are selected on object 'Object Repository/Store Request Schedule 1/Page_Store/select_--Select--Adernaline 0.'

2018-05-15 18:36:37 - [TEST_STEP][PASSED] - setText: Text '100' is set on object 'Object Repository/Store Request Schedule 1/Page_Store/input_txttreat'

2018-05-15 18:36:37 - [MESSAGE][PASSED] - Text '100' is set on object 'Object Repository/Store Request Schedule 1/Page_Store/input_txttreat'

2018-05-15 18:36:37 - [TEST_STEP][PASSED] - click: Object: 'Object Repository/Store Request Schedule 1/Page_Store/button_Add' is clicked on

2018-05-15 18:36:42 - [MESSAGE][PASSED] - Object: 'Object Repository/Store Request Schedule 1/Page_Store/button_Add' is clicked on

2018-05-15 18:36:42 - [TEST_STEP][PASSED] - selectOptionByIndex: All options with index in [3] are selected on object 'Object Repository/Store Request Schedule 1/Page_Store/select_--Select--Schedule 1Inj'

2018-05-15 18:36:42 - [MESSAGE][PASSED] - All options with index in [3] are selected on object 'Object Repository/Store Request Schedule 1/Page_Store/select_--Select--Schedule 1Inj'

2018-05-15 18:36:42 - [TEST_STEP][PASSED] - delay: Delayed 1 second(s)

2018-05-15 18:36:43 - [MESSAGE][PASSED] - Delayed 1 second(s)

2018-05-15 18:36:43 - [TEST_STEP][PASSED] - selectOptionByIndex: All options with index in [32] are selected on object 'Object Repository/Store Request Schedule 1/Page_Store/select_--Select--Adernaline 0.'

2018-05-15 18:36:44 - [MESSAGE][PASSED] - All options with index in [32] are selected on object 'Object Repository/Store Request Schedule 1/Page_Store/select_--Select--Adernaline 0.'

2018-05-15 18:36:44 - [TEST_STEP][PASSED] - setText: Text '100' is set on object 'Object Repository/Store Request Schedule 1/Page_Store/input_txttreat'

2018-05-15 18:36:44 - [MESSAGE][PASSED] - Text '100' is set on object 'Object Repository/Store Request Schedule 1/Page_Store/input_txttreat'

2018-05-15 18:36:44 - [TEST_STEP][PASSED] - click: Object: 'Object Repository/Store Request Schedule 1/Page_Store/button_Add' is clicked on

2018-05-15 18:36:49 - [MESSAGE][PASSED] - Object: 'Object Repository/Store Request Schedule 1/Page_Store/button_Add' is clicked on

2018-05-15 18:36:49 - [TEST_STEP][PASSED] - selectOptionByIndex: All options with index in [3] are selected on object 'Object Repository/Store Request Schedule 1/Page_Store/select_--Select--Schedule 1Inj'

2018-05-15 18:36:49 - [MESSAGE][PASSED] - All options with index in [3] are selected on object 'Object Repository/Store Request Schedule 1/Page_Store/select_--Select--Schedule 1Inj'

2018-05-15 18:36:49 - [TEST_STEP][PASSED] - delay: Delayed 1 second(s)

2018-05-15 18:36:50 - [MESSAGE][PASSED] - Delayed 1 second(s)

2018-05-15 18:36:50 - [TEST_STEP][PASSED] - selectOptionByIndex: All options with index in [33] are selected on object 'Object Repository/Store Request Schedule 1/Page_Store/select_--Select--Adernaline 0.'

2018-05-15 18:36:51 - [MESSAGE][PASSED] - All options with index in [33] are selected on object 'Object Repository/Store Request Schedule 1/Page_Store/select_--Select--Adernaline 0.'

2018-05-15 18:36:51 - [TEST_STEP][PASSED] - setText: Text '100' is set on object 'Object Repository/Store Request Schedule 1/Page_Store/input_txttreat'

2018-05-15 18:36:51 - [MESSAGE][PASSED] - Text '100' is set on object 'Object Repository/Store Request Schedule 1/Page_Store/input_txttreat'

2018-05-15 18:36:51 - [TEST_STEP][PASSED] - click: Object: 'Object Repository/Store Request Schedule 1/Page_Store/button_Add' is clicked on

2018-05-15 18:36:56 - [MESSAGE][PASSED] - Object: 'Object Repository/Store Request Schedule 1/Page_Store/button_Add' is clicked on

2018-05-15 18:36:56 - [TEST_STEP][PASSED] - selectOptionByIndex: All options with index in [3] are selected on object 'Object Repository/Store Request Schedule 1/Page_Store/select_--Select--Schedule 1Inj'

2018-05-15 18:36:56 - [MESSAGE][PASSED] - All options with index in [3] are selected on object 'Object Repository/Store Request Schedule 1/Page_Store/select_--Select--Schedule 1Inj'

2018-05-15 18:36:56 - [TEST_STEP][PASSED] - delay: Delayed 1 second(s)

2018-05-15 18:36:57 - [MESSAGE][PASSED] - Delayed 1 second(s)

2018-05-15 18:36:57 - [TEST_STEP][PASSED] - selectOptionByIndex: All options with index in [34] are selected on object 'Object Repository/Store Request Schedule 1/Page_Store/select_--Select--Adernaline 0.'

2018-05-15 18:36:57 - [MESSAGE][PASSED] - All options with index in [34] are selected on object 'Object Repository/Store Request Schedule 1/Page_Store/select_--Select--Adernaline 0.'

2018-05-15 18:36:57 - [TEST_STEP][PASSED] - setText: Text '100' is set on object 'Object Repository/Store Request Schedule 1/Page_Store/input_txttreat'

2018-05-15 18:36:58 - [MESSAGE][PASSED] - Text '100' is set on object 'Object Repository/Store Request Schedule 1/Page_Store/input_txttreat'

2018-05-15 18:36:58 - [TEST_STEP][PASSED] - click: Object: 'Object Repository/Store Request Schedule 1/Page_Store/button_Add' is clicked on

2018-05-15 18:37:03 - [MESSAGE][PASSED] - Object: 'Object Repository/Store Request Schedule 1/Page_Store/button_Add' is clicked on

2018-05-15 18:37:03 - [TEST_STEP][PASSED] - selectOptionByIndex: All options with index in [3] are selected on object 'Object Repository/Store Request Schedule 1/Page_Store/select_--Select--Schedule 1Inj'

2018-05-15 18:37:03 - [MESSAGE][PASSED] - All options with index in [3] are selected on object 'Object Repository/Store Request Schedule 1/Page_Store/select_--Select--Schedule 1Inj'

2018-05-15 18:37:03 - [TEST_STEP][PASSED] - delay: Delayed 1 second(s)

2018-05-15 18:37:04 - [MESSAGE][PASSED] - Delayed 1 second(s)

2018-05-15 18:37:04 - [TEST_STEP][PASSED] - selectOptionByIndex: All options with index in [35] are selected on object 'Object Repository/Store Request Schedule 1/Page_Store/select_--Select--Adernaline 0.'

2018-05-15 18:37:04 - [MESSAGE][PASSED] - All options with index in [35] are selected on object 'Object Repository/Store Request Schedule 1/Page_Store/select_--Select--Adernaline 0.'

2018-05-15 18:37:04 - [TEST_STEP][PASSED] - setText: Text '100' is set on object 'Object Repository/Store Request Schedule 1/Page_Store/input_txttreat'

2018-05-15 18:37:04 - [MESSAGE][PASSED] - Text '100' is set on object 'Object Repository/Store Request Schedule 1/Page_Store/input_txttreat'

2018-05-15 18:37:04 - [TEST_STEP][PASSED] - click: Object: 'Object Repository/Store Request Schedule 1/Page_Store/button_Add' is clicked on

2018-05-15 18:37:09 - [MESSAGE][PASSED] - Object: 'Object Repository/Store Request Schedule 1/Page_Store/button_Add' is clicked on

2018-05-15 18:37:09 - [TEST_STEP][PASSED] - selectOptionByIndex: All options with index in [3] are selected on object 'Object Repository/Store Request Schedule 1/Page_Store/select_--Select--Schedule 1Inj'

2018-05-15 18:37:09 - [MESSAGE][PASSED] - All options with index in [3] are selected on object 'Object Repository/Store Request Schedule 1/Page_Store/select_--Select--Schedule 1Inj'

2018-05-15 18:37:09 - [TEST_STEP][PASSED] - delay: Delayed 1 second(s)

2018-05-15 18:37:10 - [MESSAGE][PASSED] - Delayed 1 second(s)

2018-05-15 18:37:10 - [TEST_STEP][PASSED] - selectOptionByIndex: All options with index in [36] are selected on object 'Object Repository/Store Request Schedule 1/Page_Store/select_--Select--Adernaline 0.'

2018-05-15 18:37:11 - [MESSAGE][PASSED] - All options with index in [36] are selected on object 'Object Repository/Store Request Schedule 1/Page_Store/select_--Select--Adernaline 0.'

2018-05-15 18:37:11 - [TEST_STEP][PASSED] - setText: Text '100' is set on object 'Object Repository/Store Request Schedule 1/Page_Store/input_txttreat'

2018-05-15 18:37:11 - [MESSAGE][PASSED] - Text '100' is set on object 'Object Repository/Store Request Schedule 1/Page_Store/input_txttreat'

2018-05-15 18:37:11 - [TEST_STEP][PASSED] - click: Object: 'Object Repository/Store Request Schedule 1/Page_Store/button_Add' is clicked on

2018-05-15 18:37:16 - [MESSAGE][PASSED] - Object: 'Object Repository/Store Request Schedule 1/Page_Store/button_Add' is clicked on

2018-05-15 18:37:16 - [TEST_STEP][PASSED] - delay: Delayed 2 second(s)

2018-05-15 18:37:18 - [MESSAGE][PASSED] - Delayed 2 second(s)

2018-05-15 18:37:18 - [TEST_STEP][PASSED] - scrollToElement: Scroll to object 'Object Repository/Store Request Schedule 1/Page_Store/input_btnsave' successfully

2018-05-15 18:37:18 - [MESSAGE][PASSED] - Scroll to object 'Object Repository/Store Request Schedule 1/Page_Store/input_btnsave' successfully

2018-05-15 18:37:18 - [TEST_STEP][PASSED] - click: Object: 'Object Repository/Store Request Schedule 1/Page_Store/input_btnsave' is clicked on

2018-05-15 18:37:23 - [MESSAGE][PASSED] - Object: 'Object Repository/Store Request Schedule 1/Page_Store/input_btnsave' is clicked on

2018-05-15 18:37:23 - [TEST_STEP][PASSED] - delay: Delayed 4 second(s)

2018-05-15 18:37:27 - [MESSAGE][PASSED] - Delayed 4 second(s)

2018-05-15 18:37:27 - [TEST_STEP][PASSED] - Statement - Cms_RequestNumber = com.kms.katalon.core.webui.keyword.WebUiBuiltInKeywords.getText(com.kms.katalon.core.testobject.ObjectRepository.findTestObject(Store Request Schedule 1/Page_Store/font_PRNO050520189)): Text of object 'Object Repository/Store Request Schedule 1/Page_Store/font_PRNO050520189' is: 'PRNO/15052018/149'

2018-05-15 18:37:27 - [MESSAGE][PASSED] - Text of object 'Object Repository/Store Request Schedule 1/Page_Store/font_PRNO050520189' is: 'PRNO/15052018/149'

2018-05-15 18:37:27 - [TEST_STEP][PASSED] - Statement - CR = Cms_RequestNumber.trim(): null

2018-05-15 18:37:27 - [TEST_STEP][PASSED] - Statement - out.println("RQ :" + Cms_RequestNumber): null

2018-05-15 18:37:27 - [TEST_STEP][PASSED] - Statement - RequestNumberID = Cms_RequestNumber.split("/")[2].trim(): null

2018-05-15 18:37:27 - [TEST_STEP][PASSED] - Statement - out.println("RQ ID :" + RequestNumberID): null

2018-05-15 18:37:27 - [TEST_STEP][PASSED] - delay: Delayed 3 second(s)

2018-05-15 18:37:30 - [MESSAGE][PASSED] - Delayed 3 second(s)

2018-05-15 18:37:30 - [TEST_STEP][PASSED] - Statement - ok = com.kms.katalon.core.webui.keyword.WebUiBuiltInKeywords.click(com.kms.katalon.core.testobject.ObjectRepository.findTestObject(Store Request Schedule 1/Page_Store/button_OK)): Object: 'Object Repository/Store Request Schedule 1/Page_Store/button_OK' is clicked on

2018-05-15 18:37:36 - [MESSAGE][PASSED] - Object: 'Object Repository/Store Request Schedule 1/Page_Store/button_OK' is clicked on

2018-05-15 18:37:36 - [TEST_STEP][PASSED] - delay: Delayed 3 second(s)

2018-05-15 18:37:39 - [MESSAGE][PASSED] - Delayed 3 second(s)

2018-05-15 18:37:39 - [TEST_STEP][FAILED] - click: Unable to click on object 'Object Repository/Store Request Schedule 1/Page_Store/a_dropdown-toggle' (Root cause: com.kms.katalon.core.webui.exception.WebElementNotFoundException: Web element with id: 'Object Repository/Store Request Schedule 1/Page_Store/a_dropdown-toggle' located by 'By.xpath: /html[1]/body[@class="skin-blue  pace-done"]/header[@class="header"]/div[@class="row"]/nav[@class="navbar navbar-static-top"]/div[@class="navbar-right"]/ul[@class="nav navbar-nav"]/li[@class="dropdown user user-menu"]/a[@class="dropdown-toggle"][count(. | //a[@href = '#']) = count(//a[@href = '#'])]' not found)

2018-05-15 18:38:11 - [MESSAGE][FAILED] - Unable to click on object 'Object Repository/Store Request Schedule 1/Page_Store/a_dropdown-toggle' (Root cause: com.kms.katalon.core.webui.exception.WebElementNotFoundException: Web element with id: 'Object Repository/Store Request Schedule 1/Page_Store/a_dropdown-toggle' located by 'By.xpath: /html[1]/body[@class="skin-blue  pace-done"]/header[@class="header"]/div[@class="row"]/nav[@class="navbar navbar-static-top"]/div[@class="navbar-right"]/ul[@class="nav navbar-nav"]/li[@class="dropdown user user-menu"]/a[@class="dropdown-toggle"][count(. | //a[@href = '#']) = count(//a[@href = '#'])]' not found)
[[ATTACHMENT|C:\\Users\\Quality Analyst\\Katalon Studio\\ds\\Reports\\Store_Suit\\20180515_181358\\1526389690979.png]]]]></system-out>
         <system-err><![CDATA[2018-05-15 18:33:24 - [TEST_CASE][FAILED] - Test Cases/STORE TO CMS REQUEST TEST CASES/TC_STCMS_003 To Verify Schedule 3 Store To CMS Request Are Working Successfully Or Not: Test Cases/STORE TO CMS REQUEST TEST CASES/TC_STCMS_003 To Verify Schedule 3 Store To CMS Request Are Working Successfully Or Not FAILED because (of) Unable to click on object 'Object Repository/Store Request Schedule 1/Page_Store/a_dropdown-toggle' (Root cause: com.kms.katalon.core.webui.exception.WebElementNotFoundException: Web element with id: 'Object Repository/Store Request Schedule 1/Page_Store/a_dropdown-toggle' located by 'By.xpath: /html[1]/body[@class="skin-blue  pace-done"]/header[@class="header"]/div[@class="row"]/nav[@class="navbar navbar-static-top"]/div[@class="navbar-right"]/ul[@class="nav navbar-nav"]/li[@class="dropdown user user-menu"]/a[@class="dropdown-toggle"][count(. | //a[@href = '#']) = count(//a[@href = '#'])]' not found)]]></system-err>
      </testcase>
      <testcase name="Test Cases/STORE TO CMS REQUEST TEST CASES/TC_STCMS_004 To Verify Schedule 4 Store To CMS Request Are Working Successfully Or Not" classname="Test Cases/STORE TO CMS REQUEST TEST CASES/TC_STCMS_004 To Verify Schedule 4 Store To CMS Request Are Working Successfully Or Not" status="ERROR">
         <error type="ERROR" message="Test Cases/STORE TO CMS REQUEST TEST CASES/TC_STCMS_004 To Verify Schedule 4 Store To CMS Request Are Working Successfully Or Not FAILED because (of) java.lang.ArrayIndexOutOfBoundsException: 2"/>
         <system-out><![CDATA[2018-05-15 18:38:11 - [TEST_CASE][ERROR] - Test Cases/STORE TO CMS REQUEST TEST CASES/TC_STCMS_004 To Verify Schedule 4 Store To CMS Request Are Working Successfully Or Not: Test Cases/STORE TO CMS REQUEST TEST CASES/TC_STCMS_004 To Verify Schedule 4 Store To CMS Request Are Working Successfully Or Not FAILED because (of) java.lang.ArrayIndexOutOfBoundsException: 2

2018-05-15 18:38:11 - [TEST_STEP][PASSED] - openBrowser: Browser is opened with url: ''

2018-05-15 18:38:11 - [MESSAGE][WARNING] - A browser is already opened. Closing browser and opening a new one

2018-05-15 18:38:14 - [MESSAGE][PASSED] - Browser is opened with url: ''

2018-05-15 18:38:14 - [TEST_STEP][PASSED] - Statement - out.println("Verify Schedule 4 STORE Request Are Working Successfully Or Not"): null

2018-05-15 18:38:14 - [TEST_STEP][PASSED] - navigateToUrl: Navigate to 'http://192.168.137.1/multihospital_new/' successfully

2018-05-15 18:38:16 - [MESSAGE][PASSED] - Navigate to 'http://192.168.137.1/multihospital_new/' successfully

2018-05-15 18:38:16 - [TEST_STEP][PASSED] - maximizeWindow: Current window maximized

2018-05-15 18:38:17 - [MESSAGE][PASSED] - Current window maximized

2018-05-15 18:38:17 - [TEST_STEP][PASSED] - click: Object: 'Object Repository/Store Request Schedule 1/Page_KDMC/a_Divisional Store' is clicked on

2018-05-15 18:38:18 - [MESSAGE][PASSED] - Object: 'Object Repository/Store Request Schedule 1/Page_KDMC/a_Divisional Store' is clicked on

2018-05-15 18:38:18 - [TEST_STEP][PASSED] - setText: Text 'ragu' is set on object 'Object Repository/Store Request Schedule 1/Page_Divisonal Store Login/input_txtusername'

2018-05-15 18:38:18 - [MESSAGE][PASSED] - Text 'ragu' is set on object 'Object Repository/Store Request Schedule 1/Page_Divisonal Store Login/input_txtusername'

2018-05-15 18:38:18 - [TEST_STEP][PASSED] - setText: Text '123' is set on object 'Object Repository/Store Request Schedule 1/Page_Divisonal Store Login/input_txtpassword'

2018-05-15 18:38:18 - [MESSAGE][PASSED] - Text '123' is set on object 'Object Repository/Store Request Schedule 1/Page_Divisonal Store Login/input_txtpassword'

2018-05-15 18:38:18 - [TEST_STEP][PASSED] - delay: Delayed 3 second(s)

2018-05-15 18:38:21 - [MESSAGE][PASSED] - Delayed 3 second(s)

2018-05-15 18:38:21 - [TEST_STEP][PASSED] - click: Object: 'Object Repository/Store Request Schedule 1/Page_Divisonal Store Login/button_Sign in' is clicked on

2018-05-15 18:38:23 - [MESSAGE][PASSED] - Object: 'Object Repository/Store Request Schedule 1/Page_Divisonal Store Login/button_Sign in' is clicked on

2018-05-15 18:38:23 - [TEST_STEP][PASSED] - delay: Delayed 3 second(s)

2018-05-15 18:38:26 - [MESSAGE][PASSED] - Delayed 3 second(s)

2018-05-15 18:38:26 - [TEST_STEP][PASSED] - click: Object: 'Object Repository/Store Request Schedule 1/Page_Store/a_CMS' is clicked on

2018-05-15 18:38:26 - [MESSAGE][PASSED] - Object: 'Object Repository/Store Request Schedule 1/Page_Store/a_CMS' is clicked on

2018-05-15 18:38:26 - [TEST_STEP][PASSED] - delay: Delayed 2 second(s)

2018-05-15 18:38:28 - [MESSAGE][PASSED] - Delayed 2 second(s)

2018-05-15 18:38:28 - [TEST_STEP][PASSED] - click: Object: 'Object Repository/Store Request Schedule 1/Page_Store/a_Request Send' is clicked on

2018-05-15 18:38:28 - [MESSAGE][PASSED] - Object: 'Object Repository/Store Request Schedule 1/Page_Store/a_Request Send' is clicked on

2018-05-15 18:38:28 - [TEST_STEP][PASSED] - selectOptionByIndex: All options with index in [1] are selected on object 'Object Repository/Store Request Schedule 1/Page_Store/select_--Select--'

2018-05-15 18:38:28 - [MESSAGE][PASSED] - All options with index in [1] are selected on object 'Object Repository/Store Request Schedule 1/Page_Store/select_--Select--'

2018-05-15 18:38:28 - [TEST_STEP][PASSED] - selectOptionByIndex: All options with index in [4] are selected on object 'Object Repository/Store Request Schedule 1/Page_Store/select_--Select--Schedule 1Inj'

2018-05-15 18:38:29 - [MESSAGE][PASSED] - All options with index in [4] are selected on object 'Object Repository/Store Request Schedule 1/Page_Store/select_--Select--Schedule 1Inj'

2018-05-15 18:38:29 - [TEST_STEP][PASSED] - Statement - SelectedOptions = com.kms.katalon.core.webui.keyword.WebUiBuiltInKeywords.getNumberOfTotalOption(com.kms.katalon.core.testobject.ObjectRepository.findTestObject(Store Request Schedule 1/Page_Store/select_--Select--Adernaline 0.)): 16 options of object 'Object Repository/Store Request Schedule 1/Page_Store/select_--Select--Adernaline 0.' counted

2018-05-15 18:38:29 - [MESSAGE][PASSED] - 16 options of object 'Object Repository/Store Request Schedule 1/Page_Store/select_--Select--Adernaline 0.' counted

2018-05-15 18:38:29 - [TEST_STEP][PASSED] - Statement - For ([y = 1, y < SelectedOptions, (y++)]): Object: 'Object Repository/Store Request Schedule 1/Page_Store/button_Add' is clicked on

2018-05-15 18:38:29 - [TEST_STEP][PASSED] - selectOptionByIndex: All options with index in [4] are selected on object 'Object Repository/Store Request Schedule 1/Page_Store/select_--Select--Schedule 1Inj'

2018-05-15 18:38:29 - [MESSAGE][PASSED] - All options with index in [4] are selected on object 'Object Repository/Store Request Schedule 1/Page_Store/select_--Select--Schedule 1Inj'

2018-05-15 18:38:29 - [TEST_STEP][PASSED] - delay: Delayed 1 second(s)

2018-05-15 18:38:30 - [MESSAGE][PASSED] - Delayed 1 second(s)

2018-05-15 18:38:30 - [TEST_STEP][PASSED] - selectOptionByIndex: All options with index in [1] are selected on object 'Object Repository/Store Request Schedule 1/Page_Store/select_--Select--Adernaline 0.'

2018-05-15 18:38:30 - [MESSAGE][PASSED] - All options with index in [1] are selected on object 'Object Repository/Store Request Schedule 1/Page_Store/select_--Select--Adernaline 0.'

2018-05-15 18:38:30 - [TEST_STEP][PASSED] - setText: Text '100' is set on object 'Object Repository/Store Request Schedule 1/Page_Store/input_txttreat'

2018-05-15 18:38:30 - [MESSAGE][PASSED] - Text '100' is set on object 'Object Repository/Store Request Schedule 1/Page_Store/input_txttreat'

2018-05-15 18:38:30 - [TEST_STEP][PASSED] - click: Object: 'Object Repository/Store Request Schedule 1/Page_Store/button_Add' is clicked on

2018-05-15 18:38:30 - [MESSAGE][PASSED] - Object: 'Object Repository/Store Request Schedule 1/Page_Store/button_Add' is clicked on

2018-05-15 18:38:30 - [TEST_STEP][PASSED] - selectOptionByIndex: All options with index in [4] are selected on object 'Object Repository/Store Request Schedule 1/Page_Store/select_--Select--Schedule 1Inj'

2018-05-15 18:38:30 - [MESSAGE][PASSED] - All options with index in [4] are selected on object 'Object Repository/Store Request Schedule 1/Page_Store/select_--Select--Schedule 1Inj'

2018-05-15 18:38:30 - [TEST_STEP][PASSED] - delay: Delayed 1 second(s)

2018-05-15 18:38:31 - [MESSAGE][PASSED] - Delayed 1 second(s)

2018-05-15 18:38:31 - [TEST_STEP][PASSED] - selectOptionByIndex: All options with index in [2] are selected on object 'Object Repository/Store Request Schedule 1/Page_Store/select_--Select--Adernaline 0.'

2018-05-15 18:38:32 - [MESSAGE][PASSED] - All options with index in [2] are selected on object 'Object Repository/Store Request Schedule 1/Page_Store/select_--Select--Adernaline 0.'

2018-05-15 18:38:32 - [TEST_STEP][PASSED] - setText: Text '100' is set on object 'Object Repository/Store Request Schedule 1/Page_Store/input_txttreat'

2018-05-15 18:38:32 - [MESSAGE][PASSED] - Text '100' is set on object 'Object Repository/Store Request Schedule 1/Page_Store/input_txttreat'

2018-05-15 18:38:32 - [TEST_STEP][PASSED] - click: Object: 'Object Repository/Store Request Schedule 1/Page_Store/button_Add' is clicked on

2018-05-15 18:38:32 - [MESSAGE][PASSED] - Object: 'Object Repository/Store Request Schedule 1/Page_Store/button_Add' is clicked on

2018-05-15 18:38:32 - [TEST_STEP][PASSED] - selectOptionByIndex: All options with index in [4] are selected on object 'Object Repository/Store Request Schedule 1/Page_Store/select_--Select--Schedule 1Inj'

2018-05-15 18:38:32 - [MESSAGE][PASSED] - All options with index in [4] are selected on object 'Object Repository/Store Request Schedule 1/Page_Store/select_--Select--Schedule 1Inj'

2018-05-15 18:38:32 - [TEST_STEP][PASSED] - delay: Delayed 1 second(s)

2018-05-15 18:38:33 - [MESSAGE][PASSED] - Delayed 1 second(s)

2018-05-15 18:38:33 - [TEST_STEP][PASSED] - selectOptionByIndex: All options with index in [3] are selected on object 'Object Repository/Store Request Schedule 1/Page_Store/select_--Select--Adernaline 0.'

2018-05-15 18:38:33 - [MESSAGE][PASSED] - All options with index in [3] are selected on object 'Object Repository/Store Request Schedule 1/Page_Store/select_--Select--Adernaline 0.'

2018-05-15 18:38:33 - [TEST_STEP][PASSED] - setText: Text '100' is set on object 'Object Repository/Store Request Schedule 1/Page_Store/input_txttreat'

2018-05-15 18:38:33 - [MESSAGE][PASSED] - Text '100' is set on object 'Object Repository/Store Request Schedule 1/Page_Store/input_txttreat'

2018-05-15 18:38:33 - [TEST_STEP][PASSED] - click: Object: 'Object Repository/Store Request Schedule 1/Page_Store/button_Add' is clicked on

2018-05-15 18:38:33 - [MESSAGE][PASSED] - Object: 'Object Repository/Store Request Schedule 1/Page_Store/button_Add' is clicked on

2018-05-15 18:38:33 - [TEST_STEP][PASSED] - selectOptionByIndex: All options with index in [4] are selected on object 'Object Repository/Store Request Schedule 1/Page_Store/select_--Select--Schedule 1Inj'

2018-05-15 18:38:33 - [MESSAGE][PASSED] - All options with index in [4] are selected on object 'Object Repository/Store Request Schedule 1/Page_Store/select_--Select--Schedule 1Inj'

2018-05-15 18:38:33 - [TEST_STEP][PASSED] - delay: Delayed 1 second(s)

2018-05-15 18:38:34 - [MESSAGE][PASSED] - Delayed 1 second(s)

2018-05-15 18:38:34 - [TEST_STEP][PASSED] - selectOptionByIndex: All options with index in [4] are selected on object 'Object Repository/Store Request Schedule 1/Page_Store/select_--Select--Adernaline 0.'

2018-05-15 18:38:34 - [MESSAGE][PASSED] - All options with index in [4] are selected on object 'Object Repository/Store Request Schedule 1/Page_Store/select_--Select--Adernaline 0.'

2018-05-15 18:38:34 - [TEST_STEP][PASSED] - setText: Text '100' is set on object 'Object Repository/Store Request Schedule 1/Page_Store/input_txttreat'

2018-05-15 18:38:35 - [MESSAGE][PASSED] - Text '100' is set on object 'Object Repository/Store Request Schedule 1/Page_Store/input_txttreat'

2018-05-15 18:38:35 - [TEST_STEP][PASSED] - click: Object: 'Object Repository/Store Request Schedule 1/Page_Store/button_Add' is clicked on

2018-05-15 18:38:40 - [MESSAGE][PASSED] - Object: 'Object Repository/Store Request Schedule 1/Page_Store/button_Add' is clicked on

2018-05-15 18:38:40 - [TEST_STEP][PASSED] - selectOptionByIndex: All options with index in [4] are selected on object 'Object Repository/Store Request Schedule 1/Page_Store/select_--Select--Schedule 1Inj'

2018-05-15 18:38:40 - [MESSAGE][PASSED] - All options with index in [4] are selected on object 'Object Repository/Store Request Schedule 1/Page_Store/select_--Select--Schedule 1Inj'

2018-05-15 18:38:40 - [TEST_STEP][PASSED] - delay: Delayed 1 second(s)

2018-05-15 18:38:41 - [MESSAGE][PASSED] - Delayed 1 second(s)

2018-05-15 18:38:41 - [TEST_STEP][PASSED] - selectOptionByIndex: All options with index in [5] are selected on object 'Object Repository/Store Request Schedule 1/Page_Store/select_--Select--Adernaline 0.'

2018-05-15 18:38:41 - [MESSAGE][PASSED] - All options with index in [5] are selected on object 'Object Repository/Store Request Schedule 1/Page_Store/select_--Select--Adernaline 0.'

2018-05-15 18:38:41 - [TEST_STEP][PASSED] - setText: Text '100' is set on object 'Object Repository/Store Request Schedule 1/Page_Store/input_txttreat'

2018-05-15 18:38:41 - [MESSAGE][PASSED] - Text '100' is set on object 'Object Repository/Store Request Schedule 1/Page_Store/input_txttreat'

2018-05-15 18:38:41 - [TEST_STEP][PASSED] - click: Object: 'Object Repository/Store Request Schedule 1/Page_Store/button_Add' is clicked on

2018-05-15 18:38:46 - [MESSAGE][PASSED] - Object: 'Object Repository/Store Request Schedule 1/Page_Store/button_Add' is clicked on

2018-05-15 18:38:46 - [TEST_STEP][PASSED] - selectOptionByIndex: All options with index in [4] are selected on object 'Object Repository/Store Request Schedule 1/Page_Store/select_--Select--Schedule 1Inj'

2018-05-15 18:38:46 - [MESSAGE][PASSED] - All options with index in [4] are selected on object 'Object Repository/Store Request Schedule 1/Page_Store/select_--Select--Schedule 1Inj'

2018-05-15 18:38:46 - [TEST_STEP][PASSED] - delay: Delayed 1 second(s)

2018-05-15 18:38:47 - [MESSAGE][PASSED] - Delayed 1 second(s)

2018-05-15 18:38:47 - [TEST_STEP][PASSED] - selectOptionByIndex: All options with index in [6] are selected on object 'Object Repository/Store Request Schedule 1/Page_Store/select_--Select--Adernaline 0.'

2018-05-15 18:38:48 - [MESSAGE][PASSED] - All options with index in [6] are selected on object 'Object Repository/Store Request Schedule 1/Page_Store/select_--Select--Adernaline 0.'

2018-05-15 18:38:48 - [TEST_STEP][PASSED] - setText: Text '100' is set on object 'Object Repository/Store Request Schedule 1/Page_Store/input_txttreat'

2018-05-15 18:38:48 - [MESSAGE][PASSED] - Text '100' is set on object 'Object Repository/Store Request Schedule 1/Page_Store/input_txttreat'

2018-05-15 18:38:48 - [TEST_STEP][PASSED] - click: Object: 'Object Repository/Store Request Schedule 1/Page_Store/button_Add' is clicked on

2018-05-15 18:38:53 - [MESSAGE][PASSED] - Object: 'Object Repository/Store Request Schedule 1/Page_Store/button_Add' is clicked on

2018-05-15 18:38:53 - [TEST_STEP][PASSED] - selectOptionByIndex: All options with index in [4] are selected on object 'Object Repository/Store Request Schedule 1/Page_Store/select_--Select--Schedule 1Inj'

2018-05-15 18:38:53 - [MESSAGE][PASSED] - All options with index in [4] are selected on object 'Object Repository/Store Request Schedule 1/Page_Store/select_--Select--Schedule 1Inj'

2018-05-15 18:38:53 - [TEST_STEP][PASSED] - delay: Delayed 1 second(s)

2018-05-15 18:38:54 - [MESSAGE][PASSED] - Delayed 1 second(s)

2018-05-15 18:38:54 - [TEST_STEP][PASSED] - selectOptionByIndex: All options with index in [7] are selected on object 'Object Repository/Store Request Schedule 1/Page_Store/select_--Select--Adernaline 0.'

2018-05-15 18:38:54 - [MESSAGE][PASSED] - All options with index in [7] are selected on object 'Object Repository/Store Request Schedule 1/Page_Store/select_--Select--Adernaline 0.'

2018-05-15 18:38:54 - [TEST_STEP][PASSED] - setText: Text '100' is set on object 'Object Repository/Store Request Schedule 1/Page_Store/input_txttreat'

2018-05-15 18:38:54 - [MESSAGE][PASSED] - Text '100' is set on object 'Object Repository/Store Request Schedule 1/Page_Store/input_txttreat'

2018-05-15 18:38:54 - [TEST_STEP][PASSED] - click: Object: 'Object Repository/Store Request Schedule 1/Page_Store/button_Add' is clicked on

2018-05-15 18:38:59 - [MESSAGE][PASSED] - Object: 'Object Repository/Store Request Schedule 1/Page_Store/button_Add' is clicked on

2018-05-15 18:38:59 - [TEST_STEP][PASSED] - selectOptionByIndex: All options with index in [4] are selected on object 'Object Repository/Store Request Schedule 1/Page_Store/select_--Select--Schedule 1Inj'

2018-05-15 18:38:59 - [MESSAGE][PASSED] - All options with index in [4] are selected on object 'Object Repository/Store Request Schedule 1/Page_Store/select_--Select--Schedule 1Inj'

2018-05-15 18:38:59 - [TEST_STEP][PASSED] - delay: Delayed 1 second(s)

2018-05-15 18:39:00 - [MESSAGE][PASSED] - Delayed 1 second(s)

2018-05-15 18:39:00 - [TEST_STEP][PASSED] - selectOptionByIndex: All options with index in [8] are selected on object 'Object Repository/Store Request Schedule 1/Page_Store/select_--Select--Adernaline 0.'

2018-05-15 18:39:01 - [MESSAGE][PASSED] - All options with index in [8] are selected on object 'Object Repository/Store Request Schedule 1/Page_Store/select_--Select--Adernaline 0.'

2018-05-15 18:39:01 - [TEST_STEP][PASSED] - setText: Text '100' is set on object 'Object Repository/Store Request Schedule 1/Page_Store/input_txttreat'

2018-05-15 18:39:01 - [MESSAGE][PASSED] - Text '100' is set on object 'Object Repository/Store Request Schedule 1/Page_Store/input_txttreat'

2018-05-15 18:39:01 - [TEST_STEP][PASSED] - click: Object: 'Object Repository/Store Request Schedule 1/Page_Store/button_Add' is clicked on

2018-05-15 18:39:06 - [MESSAGE][PASSED] - Object: 'Object Repository/Store Request Schedule 1/Page_Store/button_Add' is clicked on

2018-05-15 18:39:06 - [TEST_STEP][PASSED] - selectOptionByIndex: All options with index in [4] are selected on object 'Object Repository/Store Request Schedule 1/Page_Store/select_--Select--Schedule 1Inj'

2018-05-15 18:39:06 - [MESSAGE][PASSED] - All options with index in [4] are selected on object 'Object Repository/Store Request Schedule 1/Page_Store/select_--Select--Schedule 1Inj'

2018-05-15 18:39:06 - [TEST_STEP][PASSED] - delay: Delayed 1 second(s)

2018-05-15 18:39:07 - [MESSAGE][PASSED] - Delayed 1 second(s)

2018-05-15 18:39:07 - [TEST_STEP][PASSED] - selectOptionByIndex: All options with index in [9] are selected on object 'Object Repository/Store Request Schedule 1/Page_Store/select_--Select--Adernaline 0.'

2018-05-15 18:39:07 - [MESSAGE][PASSED] - All options with index in [9] are selected on object 'Object Repository/Store Request Schedule 1/Page_Store/select_--Select--Adernaline 0.'

2018-05-15 18:39:07 - [TEST_STEP][PASSED] - setText: Text '100' is set on object 'Object Repository/Store Request Schedule 1/Page_Store/input_txttreat'

2018-05-15 18:39:07 - [MESSAGE][PASSED] - Text '100' is set on object 'Object Repository/Store Request Schedule 1/Page_Store/input_txttreat'

2018-05-15 18:39:07 - [TEST_STEP][PASSED] - click: Object: 'Object Repository/Store Request Schedule 1/Page_Store/button_Add' is clicked on

2018-05-15 18:39:12 - [MESSAGE][PASSED] - Object: 'Object Repository/Store Request Schedule 1/Page_Store/button_Add' is clicked on

2018-05-15 18:39:12 - [TEST_STEP][PASSED] - selectOptionByIndex: All options with index in [4] are selected on object 'Object Repository/Store Request Schedule 1/Page_Store/select_--Select--Schedule 1Inj'

2018-05-15 18:39:12 - [MESSAGE][PASSED] - All options with index in [4] are selected on object 'Object Repository/Store Request Schedule 1/Page_Store/select_--Select--Schedule 1Inj'

2018-05-15 18:39:12 - [TEST_STEP][PASSED] - delay: Delayed 1 second(s)

2018-05-15 18:39:13 - [MESSAGE][PASSED] - Delayed 1 second(s)

2018-05-15 18:39:13 - [TEST_STEP][PASSED] - selectOptionByIndex: All options with index in [10] are selected on object 'Object Repository/Store Request Schedule 1/Page_Store/select_--Select--Adernaline 0.'

2018-05-15 18:39:14 - [MESSAGE][PASSED] - All options with index in [10] are selected on object 'Object Repository/Store Request Schedule 1/Page_Store/select_--Select--Adernaline 0.'

2018-05-15 18:39:14 - [TEST_STEP][PASSED] - setText: Text '100' is set on object 'Object Repository/Store Request Schedule 1/Page_Store/input_txttreat'

2018-05-15 18:39:14 - [MESSAGE][PASSED] - Text '100' is set on object 'Object Repository/Store Request Schedule 1/Page_Store/input_txttreat'

2018-05-15 18:39:14 - [TEST_STEP][PASSED] - click: Object: 'Object Repository/Store Request Schedule 1/Page_Store/button_Add' is clicked on

2018-05-15 18:39:19 - [MESSAGE][PASSED] - Object: 'Object Repository/Store Request Schedule 1/Page_Store/button_Add' is clicked on

2018-05-15 18:39:19 - [TEST_STEP][PASSED] - selectOptionByIndex: All options with index in [4] are selected on object 'Object Repository/Store Request Schedule 1/Page_Store/select_--Select--Schedule 1Inj'

2018-05-15 18:39:19 - [MESSAGE][PASSED] - All options with index in [4] are selected on object 'Object Repository/Store Request Schedule 1/Page_Store/select_--Select--Schedule 1Inj'

2018-05-15 18:39:19 - [TEST_STEP][PASSED] - delay: Delayed 1 second(s)

2018-05-15 18:39:20 - [MESSAGE][PASSED] - Delayed 1 second(s)

2018-05-15 18:39:20 - [TEST_STEP][PASSED] - selectOptionByIndex: All options with index in [11] are selected on object 'Object Repository/Store Request Schedule 1/Page_Store/select_--Select--Adernaline 0.'

2018-05-15 18:39:20 - [MESSAGE][PASSED] - All options with index in [11] are selected on object 'Object Repository/Store Request Schedule 1/Page_Store/select_--Select--Adernaline 0.'

2018-05-15 18:39:20 - [TEST_STEP][PASSED] - setText: Text '100' is set on object 'Object Repository/Store Request Schedule 1/Page_Store/input_txttreat'

2018-05-15 18:39:20 - [MESSAGE][PASSED] - Text '100' is set on object 'Object Repository/Store Request Schedule 1/Page_Store/input_txttreat'

2018-05-15 18:39:20 - [TEST_STEP][PASSED] - click: Object: 'Object Repository/Store Request Schedule 1/Page_Store/button_Add' is clicked on

2018-05-15 18:39:25 - [MESSAGE][PASSED] - Object: 'Object Repository/Store Request Schedule 1/Page_Store/button_Add' is clicked on

2018-05-15 18:39:25 - [TEST_STEP][PASSED] - selectOptionByIndex: All options with index in [4] are selected on object 'Object Repository/Store Request Schedule 1/Page_Store/select_--Select--Schedule 1Inj'

2018-05-15 18:39:25 - [MESSAGE][PASSED] - All options with index in [4] are selected on object 'Object Repository/Store Request Schedule 1/Page_Store/select_--Select--Schedule 1Inj'

2018-05-15 18:39:25 - [TEST_STEP][PASSED] - delay: Delayed 1 second(s)

2018-05-15 18:39:26 - [MESSAGE][PASSED] - Delayed 1 second(s)

2018-05-15 18:39:26 - [TEST_STEP][PASSED] - selectOptionByIndex: All options with index in [12] are selected on object 'Object Repository/Store Request Schedule 1/Page_Store/select_--Select--Adernaline 0.'

2018-05-15 18:39:27 - [MESSAGE][PASSED] - All options with index in [12] are selected on object 'Object Repository/Store Request Schedule 1/Page_Store/select_--Select--Adernaline 0.'

2018-05-15 18:39:27 - [TEST_STEP][PASSED] - setText: Text '100' is set on object 'Object Repository/Store Request Schedule 1/Page_Store/input_txttreat'

2018-05-15 18:39:27 - [MESSAGE][PASSED] - Text '100' is set on object 'Object Repository/Store Request Schedule 1/Page_Store/input_txttreat'

2018-05-15 18:39:27 - [TEST_STEP][PASSED] - click: Object: 'Object Repository/Store Request Schedule 1/Page_Store/button_Add' is clicked on

2018-05-15 18:39:32 - [MESSAGE][PASSED] - Object: 'Object Repository/Store Request Schedule 1/Page_Store/button_Add' is clicked on

2018-05-15 18:39:32 - [TEST_STEP][PASSED] - selectOptionByIndex: All options with index in [4] are selected on object 'Object Repository/Store Request Schedule 1/Page_Store/select_--Select--Schedule 1Inj'

2018-05-15 18:39:32 - [MESSAGE][PASSED] - All options with index in [4] are selected on object 'Object Repository/Store Request Schedule 1/Page_Store/select_--Select--Schedule 1Inj'

2018-05-15 18:39:32 - [TEST_STEP][PASSED] - delay: Delayed 1 second(s)

2018-05-15 18:39:33 - [MESSAGE][PASSED] - Delayed 1 second(s)

2018-05-15 18:39:33 - [TEST_STEP][PASSED] - selectOptionByIndex: All options with index in [13] are selected on object 'Object Repository/Store Request Schedule 1/Page_Store/select_--Select--Adernaline 0.'

2018-05-15 18:39:33 - [MESSAGE][PASSED] - All options with index in [13] are selected on object 'Object Repository/Store Request Schedule 1/Page_Store/select_--Select--Adernaline 0.'

2018-05-15 18:39:33 - [TEST_STEP][PASSED] - setText: Text '100' is set on object 'Object Repository/Store Request Schedule 1/Page_Store/input_txttreat'

2018-05-15 18:39:33 - [MESSAGE][PASSED] - Text '100' is set on object 'Object Repository/Store Request Schedule 1/Page_Store/input_txttreat'

2018-05-15 18:39:33 - [TEST_STEP][PASSED] - click: Object: 'Object Repository/Store Request Schedule 1/Page_Store/button_Add' is clicked on

2018-05-15 18:39:38 - [MESSAGE][PASSED] - Object: 'Object Repository/Store Request Schedule 1/Page_Store/button_Add' is clicked on

2018-05-15 18:39:38 - [TEST_STEP][PASSED] - selectOptionByIndex: All options with index in [4] are selected on object 'Object Repository/Store Request Schedule 1/Page_Store/select_--Select--Schedule 1Inj'

2018-05-15 18:39:39 - [MESSAGE][PASSED] - All options with index in [4] are selected on object 'Object Repository/Store Request Schedule 1/Page_Store/select_--Select--Schedule 1Inj'

2018-05-15 18:39:39 - [TEST_STEP][PASSED] - delay: Delayed 1 second(s)

2018-05-15 18:39:40 - [MESSAGE][PASSED] - Delayed 1 second(s)

2018-05-15 18:39:40 - [TEST_STEP][PASSED] - selectOptionByIndex: All options with index in [14] are selected on object 'Object Repository/Store Request Schedule 1/Page_Store/select_--Select--Adernaline 0.'

2018-05-15 18:39:40 - [MESSAGE][PASSED] - All options with index in [14] are selected on object 'Object Repository/Store Request Schedule 1/Page_Store/select_--Select--Adernaline 0.'

2018-05-15 18:39:40 - [TEST_STEP][PASSED] - setText: Text '100' is set on object 'Object Repository/Store Request Schedule 1/Page_Store/input_txttreat'

2018-05-15 18:39:40 - [MESSAGE][PASSED] - Text '100' is set on object 'Object Repository/Store Request Schedule 1/Page_Store/input_txttreat'

2018-05-15 18:39:40 - [TEST_STEP][PASSED] - click: Object: 'Object Repository/Store Request Schedule 1/Page_Store/button_Add' is clicked on

2018-05-15 18:39:45 - [MESSAGE][PASSED] - Object: 'Object Repository/Store Request Schedule 1/Page_Store/button_Add' is clicked on

2018-05-15 18:39:45 - [TEST_STEP][PASSED] - selectOptionByIndex: All options with index in [4] are selected on object 'Object Repository/Store Request Schedule 1/Page_Store/select_--Select--Schedule 1Inj'

2018-05-15 18:39:45 - [MESSAGE][PASSED] - All options with index in [4] are selected on object 'Object Repository/Store Request Schedule 1/Page_Store/select_--Select--Schedule 1Inj'

2018-05-15 18:39:45 - [TEST_STEP][PASSED] - delay: Delayed 1 second(s)

2018-05-15 18:39:46 - [MESSAGE][PASSED] - Delayed 1 second(s)

2018-05-15 18:39:46 - [TEST_STEP][PASSED] - selectOptionByIndex: All options with index in [15] are selected on object 'Object Repository/Store Request Schedule 1/Page_Store/select_--Select--Adernaline 0.'

2018-05-15 18:39:46 - [MESSAGE][PASSED] - All options with index in [15] are selected on object 'Object Repository/Store Request Schedule 1/Page_Store/select_--Select--Adernaline 0.'

2018-05-15 18:39:46 - [TEST_STEP][PASSED] - setText: Text '100' is set on object 'Object Repository/Store Request Schedule 1/Page_Store/input_txttreat'

2018-05-15 18:39:46 - [MESSAGE][PASSED] - Text '100' is set on object 'Object Repository/Store Request Schedule 1/Page_Store/input_txttreat'

2018-05-15 18:39:46 - [TEST_STEP][PASSED] - click: Object: 'Object Repository/Store Request Schedule 1/Page_Store/button_Add' is clicked on

2018-05-15 18:39:51 - [MESSAGE][PASSED] - Object: 'Object Repository/Store Request Schedule 1/Page_Store/button_Add' is clicked on

2018-05-15 18:39:51 - [TEST_STEP][PASSED] - delay: Delayed 2 second(s)

2018-05-15 18:39:53 - [MESSAGE][PASSED] - Delayed 2 second(s)

2018-05-15 18:39:53 - [TEST_STEP][PASSED] - scrollToElement: Scroll to object 'Object Repository/Store Request Schedule 1/Page_Store/input_btnsave' successfully

2018-05-15 18:39:53 - [MESSAGE][PASSED] - Scroll to object 'Object Repository/Store Request Schedule 1/Page_Store/input_btnsave' successfully

2018-05-15 18:39:53 - [TEST_STEP][PASSED] - click: Object: 'Object Repository/Store Request Schedule 1/Page_Store/input_btnsave' is clicked on

2018-05-15 18:39:59 - [MESSAGE][PASSED] - Object: 'Object Repository/Store Request Schedule 1/Page_Store/input_btnsave' is clicked on

2018-05-15 18:39:59 - [TEST_STEP][PASSED] - delay: Delayed 4 second(s)

2018-05-15 18:40:03 - [MESSAGE][PASSED] - Delayed 4 second(s)

2018-05-15 18:40:03 - [TEST_STEP][PASSED] - Statement - Cms_RequestNumber = com.kms.katalon.core.webui.keyword.WebUiBuiltInKeywords.getText(com.kms.katalon.core.testobject.ObjectRepository.findTestObject(Store Request Schedule 1/Page_Store/font_PRNO050520189)): Text of object 'Object Repository/Store Request Schedule 1/Page_Store/font_PRNO050520189' is: ''

2018-05-15 18:40:03 - [MESSAGE][PASSED] - Text of object 'Object Repository/Store Request Schedule 1/Page_Store/font_PRNO050520189' is: ''

2018-05-15 18:40:03 - [TEST_STEP][PASSED] - Statement - CR = Cms_RequestNumber.trim(): null

2018-05-15 18:40:03 - [TEST_STEP][PASSED] - Statement - out.println("RQ :" + Cms_RequestNumber): null

2018-05-15 18:40:03 - [TEST_STEP][PASSED] - Statement - RequestNumberID = Cms_RequestNumber.split("/")[2].trim(): null]]></system-out>
         <system-err><![CDATA[2018-05-15 18:38:11 - [TEST_CASE][ERROR] - Test Cases/STORE TO CMS REQUEST TEST CASES/TC_STCMS_004 To Verify Schedule 4 Store To CMS Request Are Working Successfully Or Not: Test Cases/STORE TO CMS REQUEST TEST CASES/TC_STCMS_004 To Verify Schedule 4 Store To CMS Request Are Working Successfully Or Not FAILED because (of) java.lang.ArrayIndexOutOfBoundsException: 2]]></system-err>
      </testcase>
      <testcase name="Test Cases/STORE TO CMS REQUEST TEST CASES/TC_STCMS_005 To Verify Schedule 5 Store To CMS Request Are Working Successfully Or Not" classname="Test Cases/STORE TO CMS REQUEST TEST CASES/TC_STCMS_005 To Verify Schedule 5 Store To CMS Request Are Working Successfully Or Not" status="ERROR">
         <error type="ERROR" message="Test Cases/STORE TO CMS REQUEST TEST CASES/TC_STCMS_005 To Verify Schedule 5 Store To CMS Request Are Working Successfully Or Not FAILED because (of) java.lang.ArrayIndexOutOfBoundsException: 2"/>
         <system-out><![CDATA[2018-05-15 18:40:03 - [TEST_CASE][ERROR] - Test Cases/STORE TO CMS REQUEST TEST CASES/TC_STCMS_005 To Verify Schedule 5 Store To CMS Request Are Working Successfully Or Not: Test Cases/STORE TO CMS REQUEST TEST CASES/TC_STCMS_005 To Verify Schedule 5 Store To CMS Request Are Working Successfully Or Not FAILED because (of) java.lang.ArrayIndexOutOfBoundsException: 2

2018-05-15 18:40:03 - [TEST_STEP][PASSED] - openBrowser: Browser is opened with url: ''

2018-05-15 18:40:03 - [MESSAGE][WARNING] - A browser is already opened. Closing browser and opening a new one

2018-05-15 18:40:05 - [MESSAGE][PASSED] - Browser is opened with url: ''

2018-05-15 18:40:05 - [TEST_STEP][PASSED] - Statement - out.println("Verify Schedule 5 STORE Request Are Working Successfully Or Not"): null

2018-05-15 18:40:05 - [TEST_STEP][PASSED] - navigateToUrl: Navigate to 'http://192.168.137.1/multihospital_new/' successfully

2018-05-15 18:40:08 - [MESSAGE][PASSED] - Navigate to 'http://192.168.137.1/multihospital_new/' successfully

2018-05-15 18:40:08 - [TEST_STEP][PASSED] - maximizeWindow: Current window maximized

2018-05-15 18:40:09 - [MESSAGE][PASSED] - Current window maximized

2018-05-15 18:40:09 - [TEST_STEP][PASSED] - click: Object: 'Object Repository/Store Request Schedule 1/Page_KDMC/a_Divisional Store' is clicked on

2018-05-15 18:40:10 - [MESSAGE][PASSED] - Object: 'Object Repository/Store Request Schedule 1/Page_KDMC/a_Divisional Store' is clicked on

2018-05-15 18:40:10 - [TEST_STEP][PASSED] - setText: Text 'ragu' is set on object 'Object Repository/Store Request Schedule 1/Page_Divisonal Store Login/input_txtusername'

2018-05-15 18:40:10 - [MESSAGE][PASSED] - Text 'ragu' is set on object 'Object Repository/Store Request Schedule 1/Page_Divisonal Store Login/input_txtusername'

2018-05-15 18:40:10 - [TEST_STEP][PASSED] - setText: Text '123' is set on object 'Object Repository/Store Request Schedule 1/Page_Divisonal Store Login/input_txtpassword'

2018-05-15 18:40:10 - [MESSAGE][PASSED] - Text '123' is set on object 'Object Repository/Store Request Schedule 1/Page_Divisonal Store Login/input_txtpassword'

2018-05-15 18:40:10 - [TEST_STEP][PASSED] - delay: Delayed 3 second(s)

2018-05-15 18:40:13 - [MESSAGE][PASSED] - Delayed 3 second(s)

2018-05-15 18:40:13 - [TEST_STEP][PASSED] - click: Object: 'Object Repository/Store Request Schedule 1/Page_Divisonal Store Login/button_Sign in' is clicked on

2018-05-15 18:40:15 - [MESSAGE][PASSED] - Object: 'Object Repository/Store Request Schedule 1/Page_Divisonal Store Login/button_Sign in' is clicked on

2018-05-15 18:40:15 - [TEST_STEP][PASSED] - delay: Delayed 3 second(s)

2018-05-15 18:40:18 - [MESSAGE][PASSED] - Delayed 3 second(s)

2018-05-15 18:40:18 - [TEST_STEP][PASSED] - click: Object: 'Object Repository/Store Request Schedule 1/Page_Store/a_CMS' is clicked on

2018-05-15 18:40:18 - [MESSAGE][PASSED] - Object: 'Object Repository/Store Request Schedule 1/Page_Store/a_CMS' is clicked on

2018-05-15 18:40:18 - [TEST_STEP][PASSED] - delay: Delayed 2 second(s)

2018-05-15 18:40:20 - [MESSAGE][PASSED] - Delayed 2 second(s)

2018-05-15 18:40:20 - [TEST_STEP][PASSED] - click: Object: 'Object Repository/Store Request Schedule 1/Page_Store/a_Request Send' is clicked on

2018-05-15 18:40:21 - [MESSAGE][PASSED] - Object: 'Object Repository/Store Request Schedule 1/Page_Store/a_Request Send' is clicked on

2018-05-15 18:40:21 - [TEST_STEP][PASSED] - selectOptionByIndex: All options with index in [1] are selected on object 'Object Repository/Store Request Schedule 1/Page_Store/select_--Select--'

2018-05-15 18:40:21 - [MESSAGE][PASSED] - All options with index in [1] are selected on object 'Object Repository/Store Request Schedule 1/Page_Store/select_--Select--'

2018-05-15 18:40:21 - [TEST_STEP][PASSED] - selectOptionByIndex: All options with index in [5] are selected on object 'Object Repository/Store Request Schedule 1/Page_Store/select_--Select--Schedule 1Inj'

2018-05-15 18:40:21 - [MESSAGE][PASSED] - All options with index in [5] are selected on object 'Object Repository/Store Request Schedule 1/Page_Store/select_--Select--Schedule 1Inj'

2018-05-15 18:40:21 - [TEST_STEP][PASSED] - Statement - SelectedOptions = com.kms.katalon.core.webui.keyword.WebUiBuiltInKeywords.getNumberOfTotalOption(com.kms.katalon.core.testobject.ObjectRepository.findTestObject(Store Request Schedule 1/Page_Store/select_--Select--Adernaline 0.)): 17 options of object 'Object Repository/Store Request Schedule 1/Page_Store/select_--Select--Adernaline 0.' counted

2018-05-15 18:40:21 - [MESSAGE][PASSED] - 17 options of object 'Object Repository/Store Request Schedule 1/Page_Store/select_--Select--Adernaline 0.' counted

2018-05-15 18:40:21 - [TEST_STEP][PASSED] - Statement - For ([y = 1, y < SelectedOptions, (y++)]): Object: 'Object Repository/Store Request Schedule 1/Page_Store/button_Add' is clicked on

2018-05-15 18:40:21 - [TEST_STEP][PASSED] - selectOptionByIndex: All options with index in [5] are selected on object 'Object Repository/Store Request Schedule 1/Page_Store/select_--Select--Schedule 1Inj'

2018-05-15 18:40:21 - [MESSAGE][PASSED] - All options with index in [5] are selected on object 'Object Repository/Store Request Schedule 1/Page_Store/select_--Select--Schedule 1Inj'

2018-05-15 18:40:21 - [TEST_STEP][PASSED] - delay: Delayed 1 second(s)

2018-05-15 18:40:22 - [MESSAGE][PASSED] - Delayed 1 second(s)

2018-05-15 18:40:22 - [TEST_STEP][PASSED] - selectOptionByIndex: All options with index in [1] are selected on object 'Object Repository/Store Request Schedule 1/Page_Store/select_--Select--Adernaline 0.'

2018-05-15 18:40:22 - [MESSAGE][PASSED] - All options with index in [1] are selected on object 'Object Repository/Store Request Schedule 1/Page_Store/select_--Select--Adernaline 0.'

2018-05-15 18:40:22 - [TEST_STEP][PASSED] - setText: Text '100' is set on object 'Object Repository/Store Request Schedule 1/Page_Store/input_txttreat'

2018-05-15 18:40:23 - [MESSAGE][PASSED] - Text '100' is set on object 'Object Repository/Store Request Schedule 1/Page_Store/input_txttreat'

2018-05-15 18:40:23 - [TEST_STEP][PASSED] - click: Object: 'Object Repository/Store Request Schedule 1/Page_Store/button_Add' is clicked on

2018-05-15 18:40:23 - [MESSAGE][PASSED] - Object: 'Object Repository/Store Request Schedule 1/Page_Store/button_Add' is clicked on

2018-05-15 18:40:23 - [TEST_STEP][PASSED] - selectOptionByIndex: All options with index in [5] are selected on object 'Object Repository/Store Request Schedule 1/Page_Store/select_--Select--Schedule 1Inj'

2018-05-15 18:40:23 - [MESSAGE][PASSED] - All options with index in [5] are selected on object 'Object Repository/Store Request Schedule 1/Page_Store/select_--Select--Schedule 1Inj'

2018-05-15 18:40:23 - [TEST_STEP][PASSED] - delay: Delayed 1 second(s)

2018-05-15 18:40:24 - [MESSAGE][PASSED] - Delayed 1 second(s)

2018-05-15 18:40:24 - [TEST_STEP][PASSED] - selectOptionByIndex: All options with index in [2] are selected on object 'Object Repository/Store Request Schedule 1/Page_Store/select_--Select--Adernaline 0.'

2018-05-15 18:40:24 - [MESSAGE][PASSED] - All options with index in [2] are selected on object 'Object Repository/Store Request Schedule 1/Page_Store/select_--Select--Adernaline 0.'

2018-05-15 18:40:24 - [TEST_STEP][PASSED] - setText: Text '100' is set on object 'Object Repository/Store Request Schedule 1/Page_Store/input_txttreat'

2018-05-15 18:40:24 - [MESSAGE][PASSED] - Text '100' is set on object 'Object Repository/Store Request Schedule 1/Page_Store/input_txttreat'

2018-05-15 18:40:24 - [TEST_STEP][PASSED] - click: Object: 'Object Repository/Store Request Schedule 1/Page_Store/button_Add' is clicked on

2018-05-15 18:40:24 - [MESSAGE][PASSED] - Object: 'Object Repository/Store Request Schedule 1/Page_Store/button_Add' is clicked on

2018-05-15 18:40:24 - [TEST_STEP][PASSED] - selectOptionByIndex: All options with index in [5] are selected on object 'Object Repository/Store Request Schedule 1/Page_Store/select_--Select--Schedule 1Inj'

2018-05-15 18:40:24 - [MESSAGE][PASSED] - All options with index in [5] are selected on object 'Object Repository/Store Request Schedule 1/Page_Store/select_--Select--Schedule 1Inj'

2018-05-15 18:40:24 - [TEST_STEP][PASSED] - delay: Delayed 1 second(s)

2018-05-15 18:40:25 - [MESSAGE][PASSED] - Delayed 1 second(s)

2018-05-15 18:40:25 - [TEST_STEP][PASSED] - selectOptionByIndex: All options with index in [3] are selected on object 'Object Repository/Store Request Schedule 1/Page_Store/select_--Select--Adernaline 0.'

2018-05-15 18:40:25 - [MESSAGE][PASSED] - All options with index in [3] are selected on object 'Object Repository/Store Request Schedule 1/Page_Store/select_--Select--Adernaline 0.'

2018-05-15 18:40:25 - [TEST_STEP][PASSED] - setText: Text '100' is set on object 'Object Repository/Store Request Schedule 1/Page_Store/input_txttreat'

2018-05-15 18:40:26 - [MESSAGE][PASSED] - Text '100' is set on object 'Object Repository/Store Request Schedule 1/Page_Store/input_txttreat'

2018-05-15 18:40:26 - [TEST_STEP][PASSED] - click: Object: 'Object Repository/Store Request Schedule 1/Page_Store/button_Add' is clicked on

2018-05-15 18:40:26 - [MESSAGE][PASSED] - Object: 'Object Repository/Store Request Schedule 1/Page_Store/button_Add' is clicked on

2018-05-15 18:40:26 - [TEST_STEP][PASSED] - selectOptionByIndex: All options with index in [5] are selected on object 'Object Repository/Store Request Schedule 1/Page_Store/select_--Select--Schedule 1Inj'

2018-05-15 18:40:26 - [MESSAGE][PASSED] - All options with index in [5] are selected on object 'Object Repository/Store Request Schedule 1/Page_Store/select_--Select--Schedule 1Inj'

2018-05-15 18:40:26 - [TEST_STEP][PASSED] - delay: Delayed 1 second(s)

2018-05-15 18:40:27 - [MESSAGE][PASSED] - Delayed 1 second(s)

2018-05-15 18:40:27 - [TEST_STEP][PASSED] - selectOptionByIndex: All options with index in [4] are selected on object 'Object Repository/Store Request Schedule 1/Page_Store/select_--Select--Adernaline 0.'

2018-05-15 18:40:27 - [MESSAGE][PASSED] - All options with index in [4] are selected on object 'Object Repository/Store Request Schedule 1/Page_Store/select_--Select--Adernaline 0.'

2018-05-15 18:40:27 - [TEST_STEP][PASSED] - setText: Text '100' is set on object 'Object Repository/Store Request Schedule 1/Page_Store/input_txttreat'

2018-05-15 18:40:27 - [MESSAGE][PASSED] - Text '100' is set on object 'Object Repository/Store Request Schedule 1/Page_Store/input_txttreat'

2018-05-15 18:40:27 - [TEST_STEP][PASSED] - click: Object: 'Object Repository/Store Request Schedule 1/Page_Store/button_Add' is clicked on

2018-05-15 18:40:27 - [MESSAGE][PASSED] - Object: 'Object Repository/Store Request Schedule 1/Page_Store/button_Add' is clicked on

2018-05-15 18:40:27 - [TEST_STEP][PASSED] - selectOptionByIndex: All options with index in [5] are selected on object 'Object Repository/Store Request Schedule 1/Page_Store/select_--Select--Schedule 1Inj'

2018-05-15 18:40:27 - [MESSAGE][PASSED] - All options with index in [5] are selected on object 'Object Repository/Store Request Schedule 1/Page_Store/select_--Select--Schedule 1Inj'

2018-05-15 18:40:27 - [TEST_STEP][PASSED] - delay: Delayed 1 second(s)

2018-05-15 18:40:28 - [MESSAGE][PASSED] - Delayed 1 second(s)

2018-05-15 18:40:28 - [TEST_STEP][PASSED] - selectOptionByIndex: All options with index in [5] are selected on object 'Object Repository/Store Request Schedule 1/Page_Store/select_--Select--Adernaline 0.'

2018-05-15 18:40:28 - [MESSAGE][PASSED] - All options with index in [5] are selected on object 'Object Repository/Store Request Schedule 1/Page_Store/select_--Select--Adernaline 0.'

2018-05-15 18:40:28 - [TEST_STEP][PASSED] - setText: Text '100' is set on object 'Object Repository/Store Request Schedule 1/Page_Store/input_txttreat'

2018-05-15 18:40:28 - [MESSAGE][PASSED] - Text '100' is set on object 'Object Repository/Store Request Schedule 1/Page_Store/input_txttreat'

2018-05-15 18:40:28 - [TEST_STEP][PASSED] - click: Object: 'Object Repository/Store Request Schedule 1/Page_Store/button_Add' is clicked on

2018-05-15 18:40:29 - [MESSAGE][PASSED] - Object: 'Object Repository/Store Request Schedule 1/Page_Store/button_Add' is clicked on

2018-05-15 18:40:29 - [TEST_STEP][PASSED] - selectOptionByIndex: All options with index in [5] are selected on object 'Object Repository/Store Request Schedule 1/Page_Store/select_--Select--Schedule 1Inj'

2018-05-15 18:40:29 - [MESSAGE][PASSED] - All options with index in [5] are selected on object 'Object Repository/Store Request Schedule 1/Page_Store/select_--Select--Schedule 1Inj'

2018-05-15 18:40:29 - [TEST_STEP][PASSED] - delay: Delayed 1 second(s)

2018-05-15 18:40:30 - [MESSAGE][PASSED] - Delayed 1 second(s)

2018-05-15 18:40:30 - [TEST_STEP][PASSED] - selectOptionByIndex: All options with index in [6] are selected on object 'Object Repository/Store Request Schedule 1/Page_Store/select_--Select--Adernaline 0.'

2018-05-15 18:40:30 - [MESSAGE][PASSED] - All options with index in [6] are selected on object 'Object Repository/Store Request Schedule 1/Page_Store/select_--Select--Adernaline 0.'

2018-05-15 18:40:30 - [TEST_STEP][PASSED] - setText: Text '100' is set on object 'Object Repository/Store Request Schedule 1/Page_Store/input_txttreat'

2018-05-15 18:40:30 - [MESSAGE][PASSED] - Text '100' is set on object 'Object Repository/Store Request Schedule 1/Page_Store/input_txttreat'

2018-05-15 18:40:30 - [TEST_STEP][PASSED] - click: Object: 'Object Repository/Store Request Schedule 1/Page_Store/button_Add' is clicked on

2018-05-15 18:40:30 - [MESSAGE][PASSED] - Object: 'Object Repository/Store Request Schedule 1/Page_Store/button_Add' is clicked on

2018-05-15 18:40:30 - [TEST_STEP][PASSED] - selectOptionByIndex: All options with index in [5] are selected on object 'Object Repository/Store Request Schedule 1/Page_Store/select_--Select--Schedule 1Inj'

2018-05-15 18:40:30 - [MESSAGE][PASSED] - All options with index in [5] are selected on object 'Object Repository/Store Request Schedule 1/Page_Store/select_--Select--Schedule 1Inj'

2018-05-15 18:40:30 - [TEST_STEP][PASSED] - delay: Delayed 1 second(s)

2018-05-15 18:40:31 - [MESSAGE][PASSED] - Delayed 1 second(s)

2018-05-15 18:40:31 - [TEST_STEP][PASSED] - selectOptionByIndex: All options with index in [7] are selected on object 'Object Repository/Store Request Schedule 1/Page_Store/select_--Select--Adernaline 0.'

2018-05-15 18:40:31 - [MESSAGE][PASSED] - All options with index in [7] are selected on object 'Object Repository/Store Request Schedule 1/Page_Store/select_--Select--Adernaline 0.'

2018-05-15 18:40:31 - [TEST_STEP][PASSED] - setText: Text '100' is set on object 'Object Repository/Store Request Schedule 1/Page_Store/input_txttreat'

2018-05-15 18:40:31 - [MESSAGE][PASSED] - Text '100' is set on object 'Object Repository/Store Request Schedule 1/Page_Store/input_txttreat'

2018-05-15 18:40:31 - [TEST_STEP][PASSED] - click: Object: 'Object Repository/Store Request Schedule 1/Page_Store/button_Add' is clicked on

2018-05-15 18:40:32 - [MESSAGE][PASSED] - Object: 'Object Repository/Store Request Schedule 1/Page_Store/button_Add' is clicked on

2018-05-15 18:40:32 - [TEST_STEP][PASSED] - selectOptionByIndex: All options with index in [5] are selected on object 'Object Repository/Store Request Schedule 1/Page_Store/select_--Select--Schedule 1Inj'

2018-05-15 18:40:32 - [MESSAGE][PASSED] - All options with index in [5] are selected on object 'Object Repository/Store Request Schedule 1/Page_Store/select_--Select--Schedule 1Inj'

2018-05-15 18:40:32 - [TEST_STEP][PASSED] - delay: Delayed 1 second(s)

2018-05-15 18:40:33 - [MESSAGE][PASSED] - Delayed 1 second(s)

2018-05-15 18:40:33 - [TEST_STEP][PASSED] - selectOptionByIndex: All options with index in [8] are selected on object 'Object Repository/Store Request Schedule 1/Page_Store/select_--Select--Adernaline 0.'

2018-05-15 18:40:33 - [MESSAGE][PASSED] - All options with index in [8] are selected on object 'Object Repository/Store Request Schedule 1/Page_Store/select_--Select--Adernaline 0.'

2018-05-15 18:40:33 - [TEST_STEP][PASSED] - setText: Text '100' is set on object 'Object Repository/Store Request Schedule 1/Page_Store/input_txttreat'

2018-05-15 18:40:33 - [MESSAGE][PASSED] - Text '100' is set on object 'Object Repository/Store Request Schedule 1/Page_Store/input_txttreat'

2018-05-15 18:40:33 - [TEST_STEP][PASSED] - click: Object: 'Object Repository/Store Request Schedule 1/Page_Store/button_Add' is clicked on

2018-05-15 18:40:33 - [MESSAGE][PASSED] - Object: 'Object Repository/Store Request Schedule 1/Page_Store/button_Add' is clicked on

2018-05-15 18:40:33 - [TEST_STEP][PASSED] - selectOptionByIndex: All options with index in [5] are selected on object 'Object Repository/Store Request Schedule 1/Page_Store/select_--Select--Schedule 1Inj'

2018-05-15 18:40:33 - [MESSAGE][PASSED] - All options with index in [5] are selected on object 'Object Repository/Store Request Schedule 1/Page_Store/select_--Select--Schedule 1Inj'

2018-05-15 18:40:33 - [TEST_STEP][PASSED] - delay: Delayed 1 second(s)

2018-05-15 18:40:34 - [MESSAGE][PASSED] - Delayed 1 second(s)

2018-05-15 18:40:34 - [TEST_STEP][PASSED] - selectOptionByIndex: All options with index in [9] are selected on object 'Object Repository/Store Request Schedule 1/Page_Store/select_--Select--Adernaline 0.'

2018-05-15 18:40:35 - [MESSAGE][PASSED] - All options with index in [9] are selected on object 'Object Repository/Store Request Schedule 1/Page_Store/select_--Select--Adernaline 0.'

2018-05-15 18:40:35 - [TEST_STEP][PASSED] - setText: Text '100' is set on object 'Object Repository/Store Request Schedule 1/Page_Store/input_txttreat'

2018-05-15 18:40:35 - [MESSAGE][PASSED] - Text '100' is set on object 'Object Repository/Store Request Schedule 1/Page_Store/input_txttreat'

2018-05-15 18:40:35 - [TEST_STEP][PASSED] - click: Object: 'Object Repository/Store Request Schedule 1/Page_Store/button_Add' is clicked on

2018-05-15 18:40:40 - [MESSAGE][PASSED] - Object: 'Object Repository/Store Request Schedule 1/Page_Store/button_Add' is clicked on

2018-05-15 18:40:40 - [TEST_STEP][PASSED] - selectOptionByIndex: All options with index in [5] are selected on object 'Object Repository/Store Request Schedule 1/Page_Store/select_--Select--Schedule 1Inj'

2018-05-15 18:40:40 - [MESSAGE][PASSED] - All options with index in [5] are selected on object 'Object Repository/Store Request Schedule 1/Page_Store/select_--Select--Schedule 1Inj'

2018-05-15 18:40:40 - [TEST_STEP][PASSED] - delay: Delayed 1 second(s)

2018-05-15 18:40:41 - [MESSAGE][PASSED] - Delayed 1 second(s)

2018-05-15 18:40:41 - [TEST_STEP][PASSED] - selectOptionByIndex: All options with index in [10] are selected on object 'Object Repository/Store Request Schedule 1/Page_Store/select_--Select--Adernaline 0.'

2018-05-15 18:40:41 - [MESSAGE][PASSED] - All options with index in [10] are selected on object 'Object Repository/Store Request Schedule 1/Page_Store/select_--Select--Adernaline 0.'

2018-05-15 18:40:41 - [TEST_STEP][PASSED] - setText: Text '100' is set on object 'Object Repository/Store Request Schedule 1/Page_Store/input_txttreat'

2018-05-15 18:40:41 - [MESSAGE][PASSED] - Text '100' is set on object 'Object Repository/Store Request Schedule 1/Page_Store/input_txttreat'

2018-05-15 18:40:41 - [TEST_STEP][PASSED] - click: Object: 'Object Repository/Store Request Schedule 1/Page_Store/button_Add' is clicked on

2018-05-15 18:40:46 - [MESSAGE][PASSED] - Object: 'Object Repository/Store Request Schedule 1/Page_Store/button_Add' is clicked on

2018-05-15 18:40:46 - [TEST_STEP][PASSED] - selectOptionByIndex: All options with index in [5] are selected on object 'Object Repository/Store Request Schedule 1/Page_Store/select_--Select--Schedule 1Inj'

2018-05-15 18:40:46 - [MESSAGE][PASSED] - All options with index in [5] are selected on object 'Object Repository/Store Request Schedule 1/Page_Store/select_--Select--Schedule 1Inj'

2018-05-15 18:40:46 - [TEST_STEP][PASSED] - delay: Delayed 1 second(s)

2018-05-15 18:40:47 - [MESSAGE][PASSED] - Delayed 1 second(s)

2018-05-15 18:40:47 - [TEST_STEP][PASSED] - selectOptionByIndex: All options with index in [11] are selected on object 'Object Repository/Store Request Schedule 1/Page_Store/select_--Select--Adernaline 0.'

2018-05-15 18:40:48 - [MESSAGE][PASSED] - All options with index in [11] are selected on object 'Object Repository/Store Request Schedule 1/Page_Store/select_--Select--Adernaline 0.'

2018-05-15 18:40:48 - [TEST_STEP][PASSED] - setText: Text '100' is set on object 'Object Repository/Store Request Schedule 1/Page_Store/input_txttreat'

2018-05-15 18:40:48 - [MESSAGE][PASSED] - Text '100' is set on object 'Object Repository/Store Request Schedule 1/Page_Store/input_txttreat'

2018-05-15 18:40:48 - [TEST_STEP][PASSED] - click: Object: 'Object Repository/Store Request Schedule 1/Page_Store/button_Add' is clicked on

2018-05-15 18:40:53 - [MESSAGE][PASSED] - Object: 'Object Repository/Store Request Schedule 1/Page_Store/button_Add' is clicked on

2018-05-15 18:40:53 - [TEST_STEP][PASSED] - selectOptionByIndex: All options with index in [5] are selected on object 'Object Repository/Store Request Schedule 1/Page_Store/select_--Select--Schedule 1Inj'

2018-05-15 18:40:53 - [MESSAGE][PASSED] - All options with index in [5] are selected on object 'Object Repository/Store Request Schedule 1/Page_Store/select_--Select--Schedule 1Inj'

2018-05-15 18:40:53 - [TEST_STEP][PASSED] - delay: Delayed 1 second(s)

2018-05-15 18:40:54 - [MESSAGE][PASSED] - Delayed 1 second(s)

2018-05-15 18:40:54 - [TEST_STEP][PASSED] - selectOptionByIndex: All options with index in [12] are selected on object 'Object Repository/Store Request Schedule 1/Page_Store/select_--Select--Adernaline 0.'

2018-05-15 18:40:54 - [MESSAGE][PASSED] - All options with index in [12] are selected on object 'Object Repository/Store Request Schedule 1/Page_Store/select_--Select--Adernaline 0.'

2018-05-15 18:40:54 - [TEST_STEP][PASSED] - setText: Text '100' is set on object 'Object Repository/Store Request Schedule 1/Page_Store/input_txttreat'

2018-05-15 18:40:54 - [MESSAGE][PASSED] - Text '100' is set on object 'Object Repository/Store Request Schedule 1/Page_Store/input_txttreat'

2018-05-15 18:40:54 - [TEST_STEP][PASSED] - click: Object: 'Object Repository/Store Request Schedule 1/Page_Store/button_Add' is clicked on

2018-05-15 18:40:59 - [MESSAGE][PASSED] - Object: 'Object Repository/Store Request Schedule 1/Page_Store/button_Add' is clicked on

2018-05-15 18:40:59 - [TEST_STEP][PASSED] - selectOptionByIndex: All options with index in [5] are selected on object 'Object Repository/Store Request Schedule 1/Page_Store/select_--Select--Schedule 1Inj'

2018-05-15 18:41:00 - [MESSAGE][PASSED] - All options with index in [5] are selected on object 'Object Repository/Store Request Schedule 1/Page_Store/select_--Select--Schedule 1Inj'

2018-05-15 18:41:00 - [TEST_STEP][PASSED] - delay: Delayed 1 second(s)

2018-05-15 18:41:01 - [MESSAGE][PASSED] - Delayed 1 second(s)

2018-05-15 18:41:01 - [TEST_STEP][PASSED] - selectOptionByIndex: All options with index in [13] are selected on object 'Object Repository/Store Request Schedule 1/Page_Store/select_--Select--Adernaline 0.'

2018-05-15 18:41:01 - [MESSAGE][PASSED] - All options with index in [13] are selected on object 'Object Repository/Store Request Schedule 1/Page_Store/select_--Select--Adernaline 0.'

2018-05-15 18:41:01 - [TEST_STEP][PASSED] - setText: Text '100' is set on object 'Object Repository/Store Request Schedule 1/Page_Store/input_txttreat'

2018-05-15 18:41:01 - [MESSAGE][PASSED] - Text '100' is set on object 'Object Repository/Store Request Schedule 1/Page_Store/input_txttreat'

2018-05-15 18:41:01 - [TEST_STEP][PASSED] - click: Object: 'Object Repository/Store Request Schedule 1/Page_Store/button_Add' is clicked on

2018-05-15 18:41:06 - [MESSAGE][PASSED] - Object: 'Object Repository/Store Request Schedule 1/Page_Store/button_Add' is clicked on

2018-05-15 18:41:06 - [TEST_STEP][PASSED] - selectOptionByIndex: All options with index in [5] are selected on object 'Object Repository/Store Request Schedule 1/Page_Store/select_--Select--Schedule 1Inj'

2018-05-15 18:41:06 - [MESSAGE][PASSED] - All options with index in [5] are selected on object 'Object Repository/Store Request Schedule 1/Page_Store/select_--Select--Schedule 1Inj'

2018-05-15 18:41:06 - [TEST_STEP][PASSED] - delay: Delayed 1 second(s)

2018-05-15 18:41:07 - [MESSAGE][PASSED] - Delayed 1 second(s)

2018-05-15 18:41:07 - [TEST_STEP][PASSED] - selectOptionByIndex: All options with index in [14] are selected on object 'Object Repository/Store Request Schedule 1/Page_Store/select_--Select--Adernaline 0.'

2018-05-15 18:41:07 - [MESSAGE][PASSED] - All options with index in [14] are selected on object 'Object Repository/Store Request Schedule 1/Page_Store/select_--Select--Adernaline 0.'

2018-05-15 18:41:07 - [TEST_STEP][PASSED] - setText: Text '100' is set on object 'Object Repository/Store Request Schedule 1/Page_Store/input_txttreat'

2018-05-15 18:41:08 - [MESSAGE][PASSED] - Text '100' is set on object 'Object Repository/Store Request Schedule 1/Page_Store/input_txttreat'

2018-05-15 18:41:08 - [TEST_STEP][PASSED] - click: Object: 'Object Repository/Store Request Schedule 1/Page_Store/button_Add' is clicked on

2018-05-15 18:41:13 - [MESSAGE][PASSED] - Object: 'Object Repository/Store Request Schedule 1/Page_Store/button_Add' is clicked on

2018-05-15 18:41:13 - [TEST_STEP][PASSED] - selectOptionByIndex: All options with index in [5] are selected on object 'Object Repository/Store Request Schedule 1/Page_Store/select_--Select--Schedule 1Inj'

2018-05-15 18:41:13 - [MESSAGE][PASSED] - All options with index in [5] are selected on object 'Object Repository/Store Request Schedule 1/Page_Store/select_--Select--Schedule 1Inj'

2018-05-15 18:41:13 - [TEST_STEP][PASSED] - delay: Delayed 1 second(s)

2018-05-15 18:41:14 - [MESSAGE][PASSED] - Delayed 1 second(s)

2018-05-15 18:41:14 - [TEST_STEP][PASSED] - selectOptionByIndex: All options with index in [15] are selected on object 'Object Repository/Store Request Schedule 1/Page_Store/select_--Select--Adernaline 0.'

2018-05-15 18:41:14 - [MESSAGE][PASSED] - All options with index in [15] are selected on object 'Object Repository/Store Request Schedule 1/Page_Store/select_--Select--Adernaline 0.'

2018-05-15 18:41:14 - [TEST_STEP][PASSED] - setText: Text '100' is set on object 'Object Repository/Store Request Schedule 1/Page_Store/input_txttreat'

2018-05-15 18:41:14 - [MESSAGE][PASSED] - Text '100' is set on object 'Object Repository/Store Request Schedule 1/Page_Store/input_txttreat'

2018-05-15 18:41:14 - [TEST_STEP][PASSED] - click: Object: 'Object Repository/Store Request Schedule 1/Page_Store/button_Add' is clicked on

2018-05-15 18:41:19 - [MESSAGE][PASSED] - Object: 'Object Repository/Store Request Schedule 1/Page_Store/button_Add' is clicked on

2018-05-15 18:41:19 - [TEST_STEP][PASSED] - selectOptionByIndex: All options with index in [5] are selected on object 'Object Repository/Store Request Schedule 1/Page_Store/select_--Select--Schedule 1Inj'

2018-05-15 18:41:19 - [MESSAGE][PASSED] - All options with index in [5] are selected on object 'Object Repository/Store Request Schedule 1/Page_Store/select_--Select--Schedule 1Inj'

2018-05-15 18:41:19 - [TEST_STEP][PASSED] - delay: Delayed 1 second(s)

2018-05-15 18:41:20 - [MESSAGE][PASSED] - Delayed 1 second(s)

2018-05-15 18:41:20 - [TEST_STEP][PASSED] - selectOptionByIndex: All options with index in [16] are selected on object 'Object Repository/Store Request Schedule 1/Page_Store/select_--Select--Adernaline 0.'

2018-05-15 18:41:21 - [MESSAGE][PASSED] - All options with index in [16] are selected on object 'Object Repository/Store Request Schedule 1/Page_Store/select_--Select--Adernaline 0.'

2018-05-15 18:41:21 - [TEST_STEP][PASSED] - setText: Text '100' is set on object 'Object Repository/Store Request Schedule 1/Page_Store/input_txttreat'

2018-05-15 18:41:21 - [MESSAGE][PASSED] - Text '100' is set on object 'Object Repository/Store Request Schedule 1/Page_Store/input_txttreat'

2018-05-15 18:41:21 - [TEST_STEP][PASSED] - click: Object: 'Object Repository/Store Request Schedule 1/Page_Store/button_Add' is clicked on

2018-05-15 18:41:26 - [MESSAGE][PASSED] - Object: 'Object Repository/Store Request Schedule 1/Page_Store/button_Add' is clicked on

2018-05-15 18:41:26 - [TEST_STEP][PASSED] - delay: Delayed 2 second(s)

2018-05-15 18:41:28 - [MESSAGE][PASSED] - Delayed 2 second(s)

2018-05-15 18:41:28 - [TEST_STEP][PASSED] - scrollToElement: Scroll to object 'Object Repository/Store Request Schedule 1/Page_Store/input_btnsave' successfully

2018-05-15 18:41:28 - [MESSAGE][PASSED] - Scroll to object 'Object Repository/Store Request Schedule 1/Page_Store/input_btnsave' successfully

2018-05-15 18:41:28 - [TEST_STEP][PASSED] - click: Object: 'Object Repository/Store Request Schedule 1/Page_Store/input_btnsave' is clicked on

2018-05-15 18:41:33 - [MESSAGE][PASSED] - Object: 'Object Repository/Store Request Schedule 1/Page_Store/input_btnsave' is clicked on

2018-05-15 18:41:33 - [TEST_STEP][PASSED] - delay: Delayed 4 second(s)

2018-05-15 18:41:37 - [MESSAGE][PASSED] - Delayed 4 second(s)

2018-05-15 18:41:37 - [TEST_STEP][PASSED] - Statement - Cms_RequestNumber = com.kms.katalon.core.webui.keyword.WebUiBuiltInKeywords.getText(com.kms.katalon.core.testobject.ObjectRepository.findTestObject(Store Request Schedule 1/Page_Store/font_PRNO050520189)): Text of object 'Object Repository/Store Request Schedule 1/Page_Store/font_PRNO050520189' is: ''

2018-05-15 18:41:37 - [MESSAGE][PASSED] - Text of object 'Object Repository/Store Request Schedule 1/Page_Store/font_PRNO050520189' is: ''

2018-05-15 18:41:37 - [TEST_STEP][PASSED] - Statement - CR = Cms_RequestNumber.trim(): null

2018-05-15 18:41:37 - [TEST_STEP][PASSED] - Statement - out.println("RQ :" + Cms_RequestNumber): null

2018-05-15 18:41:37 - [TEST_STEP][PASSED] - Statement - RequestNumberID = Cms_RequestNumber.split("/")[2].trim(): null]]></system-out>
         <system-err><![CDATA[2018-05-15 18:40:03 - [TEST_CASE][ERROR] - Test Cases/STORE TO CMS REQUEST TEST CASES/TC_STCMS_005 To Verify Schedule 5 Store To CMS Request Are Working Successfully Or Not: Test Cases/STORE TO CMS REQUEST TEST CASES/TC_STCMS_005 To Verify Schedule 5 Store To CMS Request Are Working Successfully Or Not FAILED because (of) java.lang.ArrayIndexOutOfBoundsException: 2]]></system-err>
      </testcase>
      <testcase name="Test Cases/STORE TO CMS REQUEST TEST CASES/TC_STCMS_006 To Verify Schedule 6 Store To CMS Request Are Working Successfully Or Not" classname="Test Cases/STORE TO CMS REQUEST TEST CASES/TC_STCMS_006 To Verify Schedule 6 Store To CMS Request Are Working Successfully Or Not" status="FAILED">
         <failure type="FAILED" message="Unable to click on object 'Object Repository/store Request Schedule 1/Page_KDMC - CMS/button_OK' (Root cause: com.kms.katalon.core.webui.exception.WebElementNotFoundException: Web element with id: 'Object Repository/store Request Schedule 1/Page_KDMC - CMS/button_OK' located by 'By.xpath: /html[1]/body[@class=&quot;skin-blue  pace-done modal-open&quot;]/div[@class=&quot;bootbox modal fade bootbox-alert in&quot;]/div[@class=&quot;modal-dialog&quot;]/div[@class=&quot;modal-content&quot;]/div[@class=&quot;modal-footer&quot;]/button[@class=&quot;btn btn-primary&quot;][count(. | //button[@type = 'button' and (text() = 'OK' or . = 'OK')]) = count(//button[@type = 'button' and (text() = 'OK' or . = 'OK')])]' not found)"/>
         <system-out><![CDATA[2018-05-15 18:41:37 - [TEST_CASE][FAILED] - Test Cases/STORE TO CMS REQUEST TEST CASES/TC_STCMS_006 To Verify Schedule 6 Store To CMS Request Are Working Successfully Or Not: Test Cases/STORE TO CMS REQUEST TEST CASES/TC_STCMS_006 To Verify Schedule 6 Store To CMS Request Are Working Successfully Or Not FAILED because (of) Unable to click on object 'Object Repository/store Request Schedule 1/Page_KDMC - CMS/button_OK' (Root cause: com.kms.katalon.core.webui.exception.WebElementNotFoundException: Web element with id: 'Object Repository/store Request Schedule 1/Page_KDMC - CMS/button_OK' located by 'By.xpath: /html[1]/body[@class="skin-blue  pace-done modal-open"]/div[@class="bootbox modal fade bootbox-alert in"]/div[@class="modal-dialog"]/div[@class="modal-content"]/div[@class="modal-footer"]/button[@class="btn btn-primary"][count(. | //button[@type = 'button' and (text() = 'OK' or . = 'OK')]) = count(//button[@type = 'button' and (text() = 'OK' or . = 'OK')])]' not found)

2018-05-15 18:41:37 - [TEST_STEP][PASSED] - openBrowser: Browser is opened with url: ''

2018-05-15 18:41:37 - [MESSAGE][WARNING] - A browser is already opened. Closing browser and opening a new one

2018-05-15 18:41:40 - [MESSAGE][PASSED] - Browser is opened with url: ''

2018-05-15 18:41:40 - [TEST_STEP][PASSED] - Statement - out.println("Verify Schedule 6 STORE Request Are Working Successfully Or Not"): null

2018-05-15 18:41:40 - [TEST_STEP][PASSED] - navigateToUrl: Navigate to 'http://192.168.137.1/multihospital_new/' successfully

2018-05-15 18:41:41 - [MESSAGE][PASSED] - Navigate to 'http://192.168.137.1/multihospital_new/' successfully

2018-05-15 18:41:41 - [TEST_STEP][PASSED] - maximizeWindow: Current window maximized

2018-05-15 18:41:42 - [MESSAGE][PASSED] - Current window maximized

2018-05-15 18:41:42 - [TEST_STEP][PASSED] - click: Object: 'Object Repository/Store Request Schedule 1/Page_KDMC/a_Divisional Store' is clicked on

2018-05-15 18:41:43 - [MESSAGE][PASSED] - Object: 'Object Repository/Store Request Schedule 1/Page_KDMC/a_Divisional Store' is clicked on

2018-05-15 18:41:43 - [TEST_STEP][PASSED] - setText: Text 'ragu' is set on object 'Object Repository/Store Request Schedule 1/Page_Divisonal Store Login/input_txtusername'

2018-05-15 18:41:43 - [MESSAGE][PASSED] - Text 'ragu' is set on object 'Object Repository/Store Request Schedule 1/Page_Divisonal Store Login/input_txtusername'

2018-05-15 18:41:43 - [TEST_STEP][PASSED] - setText: Text '123' is set on object 'Object Repository/Store Request Schedule 1/Page_Divisonal Store Login/input_txtpassword'

2018-05-15 18:41:43 - [MESSAGE][PASSED] - Text '123' is set on object 'Object Repository/Store Request Schedule 1/Page_Divisonal Store Login/input_txtpassword'

2018-05-15 18:41:43 - [TEST_STEP][PASSED] - delay: Delayed 3 second(s)

2018-05-15 18:41:46 - [MESSAGE][PASSED] - Delayed 3 second(s)

2018-05-15 18:41:46 - [TEST_STEP][PASSED] - click: Object: 'Object Repository/Store Request Schedule 1/Page_Divisonal Store Login/button_Sign in' is clicked on

2018-05-15 18:41:48 - [MESSAGE][PASSED] - Object: 'Object Repository/Store Request Schedule 1/Page_Divisonal Store Login/button_Sign in' is clicked on

2018-05-15 18:41:48 - [TEST_STEP][PASSED] - delay: Delayed 3 second(s)

2018-05-15 18:41:51 - [MESSAGE][PASSED] - Delayed 3 second(s)

2018-05-15 18:41:51 - [TEST_STEP][PASSED] - click: Object: 'Object Repository/Store Request Schedule 1/Page_Store/a_CMS' is clicked on

2018-05-15 18:41:51 - [MESSAGE][PASSED] - Object: 'Object Repository/Store Request Schedule 1/Page_Store/a_CMS' is clicked on

2018-05-15 18:41:51 - [TEST_STEP][PASSED] - delay: Delayed 2 second(s)

2018-05-15 18:41:53 - [MESSAGE][PASSED] - Delayed 2 second(s)

2018-05-15 18:41:53 - [TEST_STEP][PASSED] - click: Object: 'Object Repository/Store Request Schedule 1/Page_Store/a_Request Send' is clicked on

2018-05-15 18:41:54 - [MESSAGE][PASSED] - Object: 'Object Repository/Store Request Schedule 1/Page_Store/a_Request Send' is clicked on

2018-05-15 18:41:54 - [TEST_STEP][PASSED] - selectOptionByIndex: All options with index in [1] are selected on object 'Object Repository/Store Request Schedule 1/Page_Store/select_--Select--'

2018-05-15 18:41:54 - [MESSAGE][PASSED] - All options with index in [1] are selected on object 'Object Repository/Store Request Schedule 1/Page_Store/select_--Select--'

2018-05-15 18:41:54 - [TEST_STEP][PASSED] - selectOptionByIndex: All options with index in [6] are selected on object 'Object Repository/Store Request Schedule 1/Page_Store/select_--Select--Schedule 1Inj'

2018-05-15 18:41:54 - [MESSAGE][PASSED] - All options with index in [6] are selected on object 'Object Repository/Store Request Schedule 1/Page_Store/select_--Select--Schedule 1Inj'

2018-05-15 18:41:54 - [TEST_STEP][PASSED] - Statement - SelectedOptions = com.kms.katalon.core.webui.keyword.WebUiBuiltInKeywords.getNumberOfTotalOption(com.kms.katalon.core.testobject.ObjectRepository.findTestObject(Store Request Schedule 1/Page_Store/select_--Select--Adernaline 0.)): 14 options of object 'Object Repository/Store Request Schedule 1/Page_Store/select_--Select--Adernaline 0.' counted

2018-05-15 18:41:54 - [MESSAGE][PASSED] - 14 options of object 'Object Repository/Store Request Schedule 1/Page_Store/select_--Select--Adernaline 0.' counted

2018-05-15 18:41:54 - [TEST_STEP][PASSED] - Statement - For ([y = 1, y < SelectedOptions, (y++)]): Object: 'Object Repository/Store Request Schedule 1/Page_Store/button_Add' is clicked on

2018-05-15 18:41:54 - [TEST_STEP][PASSED] - selectOptionByIndex: All options with index in [6] are selected on object 'Object Repository/Store Request Schedule 1/Page_Store/select_--Select--Schedule 1Inj'

2018-05-15 18:41:54 - [MESSAGE][PASSED] - All options with index in [6] are selected on object 'Object Repository/Store Request Schedule 1/Page_Store/select_--Select--Schedule 1Inj'

2018-05-15 18:41:54 - [TEST_STEP][PASSED] - delay: Delayed 1 second(s)

2018-05-15 18:41:55 - [MESSAGE][PASSED] - Delayed 1 second(s)

2018-05-15 18:41:55 - [TEST_STEP][PASSED] - selectOptionByIndex: All options with index in [1] are selected on object 'Object Repository/Store Request Schedule 1/Page_Store/select_--Select--Adernaline 0.'

2018-05-15 18:41:56 - [MESSAGE][PASSED] - All options with index in [1] are selected on object 'Object Repository/Store Request Schedule 1/Page_Store/select_--Select--Adernaline 0.'

2018-05-15 18:41:56 - [TEST_STEP][PASSED] - setText: Text '100' is set on object 'Object Repository/Store Request Schedule 1/Page_Store/input_txttreat'

2018-05-15 18:41:56 - [MESSAGE][PASSED] - Text '100' is set on object 'Object Repository/Store Request Schedule 1/Page_Store/input_txttreat'

2018-05-15 18:41:56 - [TEST_STEP][PASSED] - click: Object: 'Object Repository/Store Request Schedule 1/Page_Store/button_Add' is clicked on

2018-05-15 18:41:56 - [MESSAGE][PASSED] - Object: 'Object Repository/Store Request Schedule 1/Page_Store/button_Add' is clicked on

2018-05-15 18:41:56 - [TEST_STEP][PASSED] - selectOptionByIndex: All options with index in [6] are selected on object 'Object Repository/Store Request Schedule 1/Page_Store/select_--Select--Schedule 1Inj'

2018-05-15 18:41:56 - [MESSAGE][PASSED] - All options with index in [6] are selected on object 'Object Repository/Store Request Schedule 1/Page_Store/select_--Select--Schedule 1Inj'

2018-05-15 18:41:56 - [TEST_STEP][PASSED] - delay: Delayed 1 second(s)

2018-05-15 18:41:57 - [MESSAGE][PASSED] - Delayed 1 second(s)

2018-05-15 18:41:57 - [TEST_STEP][PASSED] - selectOptionByIndex: All options with index in [2] are selected on object 'Object Repository/Store Request Schedule 1/Page_Store/select_--Select--Adernaline 0.'

2018-05-15 18:41:57 - [MESSAGE][PASSED] - All options with index in [2] are selected on object 'Object Repository/Store Request Schedule 1/Page_Store/select_--Select--Adernaline 0.'

2018-05-15 18:41:57 - [TEST_STEP][PASSED] - setText: Text '100' is set on object 'Object Repository/Store Request Schedule 1/Page_Store/input_txttreat'

2018-05-15 18:41:57 - [MESSAGE][PASSED] - Text '100' is set on object 'Object Repository/Store Request Schedule 1/Page_Store/input_txttreat'

2018-05-15 18:41:57 - [TEST_STEP][PASSED] - click: Object: 'Object Repository/Store Request Schedule 1/Page_Store/button_Add' is clicked on

2018-05-15 18:41:57 - [MESSAGE][PASSED] - Object: 'Object Repository/Store Request Schedule 1/Page_Store/button_Add' is clicked on

2018-05-15 18:41:57 - [TEST_STEP][PASSED] - selectOptionByIndex: All options with index in [6] are selected on object 'Object Repository/Store Request Schedule 1/Page_Store/select_--Select--Schedule 1Inj'

2018-05-15 18:41:57 - [MESSAGE][PASSED] - All options with index in [6] are selected on object 'Object Repository/Store Request Schedule 1/Page_Store/select_--Select--Schedule 1Inj'

2018-05-15 18:41:57 - [TEST_STEP][PASSED] - delay: Delayed 1 second(s)

2018-05-15 18:41:58 - [MESSAGE][PASSED] - Delayed 1 second(s)

2018-05-15 18:41:58 - [TEST_STEP][PASSED] - selectOptionByIndex: All options with index in [3] are selected on object 'Object Repository/Store Request Schedule 1/Page_Store/select_--Select--Adernaline 0.'

2018-05-15 18:41:58 - [MESSAGE][PASSED] - All options with index in [3] are selected on object 'Object Repository/Store Request Schedule 1/Page_Store/select_--Select--Adernaline 0.'

2018-05-15 18:41:58 - [TEST_STEP][PASSED] - setText: Text '100' is set on object 'Object Repository/Store Request Schedule 1/Page_Store/input_txttreat'

2018-05-15 18:41:59 - [MESSAGE][PASSED] - Text '100' is set on object 'Object Repository/Store Request Schedule 1/Page_Store/input_txttreat'

2018-05-15 18:41:59 - [TEST_STEP][PASSED] - click: Object: 'Object Repository/Store Request Schedule 1/Page_Store/button_Add' is clicked on

2018-05-15 18:41:59 - [MESSAGE][PASSED] - Object: 'Object Repository/Store Request Schedule 1/Page_Store/button_Add' is clicked on

2018-05-15 18:41:59 - [TEST_STEP][PASSED] - selectOptionByIndex: All options with index in [6] are selected on object 'Object Repository/Store Request Schedule 1/Page_Store/select_--Select--Schedule 1Inj'

2018-05-15 18:41:59 - [MESSAGE][PASSED] - All options with index in [6] are selected on object 'Object Repository/Store Request Schedule 1/Page_Store/select_--Select--Schedule 1Inj'

2018-05-15 18:41:59 - [TEST_STEP][PASSED] - delay: Delayed 1 second(s)

2018-05-15 18:42:00 - [MESSAGE][PASSED] - Delayed 1 second(s)

2018-05-15 18:42:00 - [TEST_STEP][PASSED] - selectOptionByIndex: All options with index in [4] are selected on object 'Object Repository/Store Request Schedule 1/Page_Store/select_--Select--Adernaline 0.'

2018-05-15 18:42:00 - [MESSAGE][PASSED] - All options with index in [4] are selected on object 'Object Repository/Store Request Schedule 1/Page_Store/select_--Select--Adernaline 0.'

2018-05-15 18:42:00 - [TEST_STEP][PASSED] - setText: Text '100' is set on object 'Object Repository/Store Request Schedule 1/Page_Store/input_txttreat'

2018-05-15 18:42:00 - [MESSAGE][PASSED] - Text '100' is set on object 'Object Repository/Store Request Schedule 1/Page_Store/input_txttreat'

2018-05-15 18:42:00 - [TEST_STEP][PASSED] - click: Object: 'Object Repository/Store Request Schedule 1/Page_Store/button_Add' is clicked on

2018-05-15 18:42:00 - [MESSAGE][PASSED] - Object: 'Object Repository/Store Request Schedule 1/Page_Store/button_Add' is clicked on

2018-05-15 18:42:00 - [TEST_STEP][PASSED] - selectOptionByIndex: All options with index in [6] are selected on object 'Object Repository/Store Request Schedule 1/Page_Store/select_--Select--Schedule 1Inj'

2018-05-15 18:42:00 - [MESSAGE][PASSED] - All options with index in [6] are selected on object 'Object Repository/Store Request Schedule 1/Page_Store/select_--Select--Schedule 1Inj'

2018-05-15 18:42:00 - [TEST_STEP][PASSED] - delay: Delayed 1 second(s)

2018-05-15 18:42:01 - [MESSAGE][PASSED] - Delayed 1 second(s)

2018-05-15 18:42:01 - [TEST_STEP][PASSED] - selectOptionByIndex: All options with index in [5] are selected on object 'Object Repository/Store Request Schedule 1/Page_Store/select_--Select--Adernaline 0.'

2018-05-15 18:42:01 - [MESSAGE][PASSED] - All options with index in [5] are selected on object 'Object Repository/Store Request Schedule 1/Page_Store/select_--Select--Adernaline 0.'

2018-05-15 18:42:01 - [TEST_STEP][PASSED] - setText: Text '100' is set on object 'Object Repository/Store Request Schedule 1/Page_Store/input_txttreat'

2018-05-15 18:42:02 - [MESSAGE][PASSED] - Text '100' is set on object 'Object Repository/Store Request Schedule 1/Page_Store/input_txttreat'

2018-05-15 18:42:02 - [TEST_STEP][PASSED] - click: Object: 'Object Repository/Store Request Schedule 1/Page_Store/button_Add' is clicked on

2018-05-15 18:42:02 - [MESSAGE][PASSED] - Object: 'Object Repository/Store Request Schedule 1/Page_Store/button_Add' is clicked on

2018-05-15 18:42:02 - [TEST_STEP][PASSED] - selectOptionByIndex: All options with index in [6] are selected on object 'Object Repository/Store Request Schedule 1/Page_Store/select_--Select--Schedule 1Inj'

2018-05-15 18:42:02 - [MESSAGE][PASSED] - All options with index in [6] are selected on object 'Object Repository/Store Request Schedule 1/Page_Store/select_--Select--Schedule 1Inj'

2018-05-15 18:42:02 - [TEST_STEP][PASSED] - delay: Delayed 1 second(s)

2018-05-15 18:42:03 - [MESSAGE][PASSED] - Delayed 1 second(s)

2018-05-15 18:42:03 - [TEST_STEP][PASSED] - selectOptionByIndex: All options with index in [6] are selected on object 'Object Repository/Store Request Schedule 1/Page_Store/select_--Select--Adernaline 0.'

2018-05-15 18:42:03 - [MESSAGE][PASSED] - All options with index in [6] are selected on object 'Object Repository/Store Request Schedule 1/Page_Store/select_--Select--Adernaline 0.'

2018-05-15 18:42:03 - [TEST_STEP][PASSED] - setText: Text '100' is set on object 'Object Repository/Store Request Schedule 1/Page_Store/input_txttreat'

2018-05-15 18:42:03 - [MESSAGE][PASSED] - Text '100' is set on object 'Object Repository/Store Request Schedule 1/Page_Store/input_txttreat'

2018-05-15 18:42:03 - [TEST_STEP][PASSED] - click: Object: 'Object Repository/Store Request Schedule 1/Page_Store/button_Add' is clicked on

2018-05-15 18:42:03 - [MESSAGE][PASSED] - Object: 'Object Repository/Store Request Schedule 1/Page_Store/button_Add' is clicked on

2018-05-15 18:42:03 - [TEST_STEP][PASSED] - selectOptionByIndex: All options with index in [6] are selected on object 'Object Repository/Store Request Schedule 1/Page_Store/select_--Select--Schedule 1Inj'

2018-05-15 18:42:03 - [MESSAGE][PASSED] - All options with index in [6] are selected on object 'Object Repository/Store Request Schedule 1/Page_Store/select_--Select--Schedule 1Inj'

2018-05-15 18:42:03 - [TEST_STEP][PASSED] - delay: Delayed 1 second(s)

2018-05-15 18:42:04 - [MESSAGE][PASSED] - Delayed 1 second(s)

2018-05-15 18:42:04 - [TEST_STEP][PASSED] - selectOptionByIndex: All options with index in [7] are selected on object 'Object Repository/Store Request Schedule 1/Page_Store/select_--Select--Adernaline 0.'

2018-05-15 18:42:04 - [MESSAGE][PASSED] - All options with index in [7] are selected on object 'Object Repository/Store Request Schedule 1/Page_Store/select_--Select--Adernaline 0.'

2018-05-15 18:42:04 - [TEST_STEP][PASSED] - setText: Text '100' is set on object 'Object Repository/Store Request Schedule 1/Page_Store/input_txttreat'

2018-05-15 18:42:05 - [MESSAGE][PASSED] - Text '100' is set on object 'Object Repository/Store Request Schedule 1/Page_Store/input_txttreat'

2018-05-15 18:42:05 - [TEST_STEP][PASSED] - click: Object: 'Object Repository/Store Request Schedule 1/Page_Store/button_Add' is clicked on

2018-05-15 18:42:05 - [MESSAGE][PASSED] - Object: 'Object Repository/Store Request Schedule 1/Page_Store/button_Add' is clicked on

2018-05-15 18:42:05 - [TEST_STEP][PASSED] - selectOptionByIndex: All options with index in [6] are selected on object 'Object Repository/Store Request Schedule 1/Page_Store/select_--Select--Schedule 1Inj'

2018-05-15 18:42:05 - [MESSAGE][PASSED] - All options with index in [6] are selected on object 'Object Repository/Store Request Schedule 1/Page_Store/select_--Select--Schedule 1Inj'

2018-05-15 18:42:05 - [TEST_STEP][PASSED] - delay: Delayed 1 second(s)

2018-05-15 18:42:06 - [MESSAGE][PASSED] - Delayed 1 second(s)

2018-05-15 18:42:06 - [TEST_STEP][PASSED] - selectOptionByIndex: All options with index in [8] are selected on object 'Object Repository/Store Request Schedule 1/Page_Store/select_--Select--Adernaline 0.'

2018-05-15 18:42:06 - [MESSAGE][PASSED] - All options with index in [8] are selected on object 'Object Repository/Store Request Schedule 1/Page_Store/select_--Select--Adernaline 0.'

2018-05-15 18:42:06 - [TEST_STEP][PASSED] - setText: Text '100' is set on object 'Object Repository/Store Request Schedule 1/Page_Store/input_txttreat'

2018-05-15 18:42:06 - [MESSAGE][PASSED] - Text '100' is set on object 'Object Repository/Store Request Schedule 1/Page_Store/input_txttreat'

2018-05-15 18:42:06 - [TEST_STEP][PASSED] - click: Object: 'Object Repository/Store Request Schedule 1/Page_Store/button_Add' is clicked on

2018-05-15 18:42:06 - [MESSAGE][PASSED] - Object: 'Object Repository/Store Request Schedule 1/Page_Store/button_Add' is clicked on

2018-05-15 18:42:06 - [TEST_STEP][PASSED] - selectOptionByIndex: All options with index in [6] are selected on object 'Object Repository/Store Request Schedule 1/Page_Store/select_--Select--Schedule 1Inj'

2018-05-15 18:42:06 - [MESSAGE][PASSED] - All options with index in [6] are selected on object 'Object Repository/Store Request Schedule 1/Page_Store/select_--Select--Schedule 1Inj'

2018-05-15 18:42:06 - [TEST_STEP][PASSED] - delay: Delayed 1 second(s)

2018-05-15 18:42:07 - [MESSAGE][PASSED] - Delayed 1 second(s)

2018-05-15 18:42:07 - [TEST_STEP][PASSED] - selectOptionByIndex: All options with index in [9] are selected on object 'Object Repository/Store Request Schedule 1/Page_Store/select_--Select--Adernaline 0.'

2018-05-15 18:42:07 - [MESSAGE][PASSED] - All options with index in [9] are selected on object 'Object Repository/Store Request Schedule 1/Page_Store/select_--Select--Adernaline 0.'

2018-05-15 18:42:07 - [TEST_STEP][PASSED] - setText: Text '100' is set on object 'Object Repository/Store Request Schedule 1/Page_Store/input_txttreat'

2018-05-15 18:42:08 - [MESSAGE][PASSED] - Text '100' is set on object 'Object Repository/Store Request Schedule 1/Page_Store/input_txttreat'

2018-05-15 18:42:08 - [TEST_STEP][PASSED] - click: Object: 'Object Repository/Store Request Schedule 1/Page_Store/button_Add' is clicked on

2018-05-15 18:42:08 - [MESSAGE][PASSED] - Object: 'Object Repository/Store Request Schedule 1/Page_Store/button_Add' is clicked on

2018-05-15 18:42:08 - [TEST_STEP][PASSED] - selectOptionByIndex: All options with index in [6] are selected on object 'Object Repository/Store Request Schedule 1/Page_Store/select_--Select--Schedule 1Inj'

2018-05-15 18:42:08 - [MESSAGE][PASSED] - All options with index in [6] are selected on object 'Object Repository/Store Request Schedule 1/Page_Store/select_--Select--Schedule 1Inj'

2018-05-15 18:42:08 - [TEST_STEP][PASSED] - delay: Delayed 1 second(s)

2018-05-15 18:42:09 - [MESSAGE][PASSED] - Delayed 1 second(s)

2018-05-15 18:42:09 - [TEST_STEP][PASSED] - selectOptionByIndex: All options with index in [10] are selected on object 'Object Repository/Store Request Schedule 1/Page_Store/select_--Select--Adernaline 0.'

2018-05-15 18:42:09 - [MESSAGE][PASSED] - All options with index in [10] are selected on object 'Object Repository/Store Request Schedule 1/Page_Store/select_--Select--Adernaline 0.'

2018-05-15 18:42:09 - [TEST_STEP][PASSED] - setText: Text '100' is set on object 'Object Repository/Store Request Schedule 1/Page_Store/input_txttreat'

2018-05-15 18:42:09 - [MESSAGE][PASSED] - Text '100' is set on object 'Object Repository/Store Request Schedule 1/Page_Store/input_txttreat'

2018-05-15 18:42:09 - [TEST_STEP][PASSED] - click: Object: 'Object Repository/Store Request Schedule 1/Page_Store/button_Add' is clicked on

2018-05-15 18:42:09 - [MESSAGE][PASSED] - Object: 'Object Repository/Store Request Schedule 1/Page_Store/button_Add' is clicked on

2018-05-15 18:42:09 - [TEST_STEP][PASSED] - selectOptionByIndex: All options with index in [6] are selected on object 'Object Repository/Store Request Schedule 1/Page_Store/select_--Select--Schedule 1Inj'

2018-05-15 18:42:09 - [MESSAGE][PASSED] - All options with index in [6] are selected on object 'Object Repository/Store Request Schedule 1/Page_Store/select_--Select--Schedule 1Inj'

2018-05-15 18:42:09 - [TEST_STEP][PASSED] - delay: Delayed 1 second(s)

2018-05-15 18:42:10 - [MESSAGE][PASSED] - Delayed 1 second(s)

2018-05-15 18:42:10 - [TEST_STEP][PASSED] - selectOptionByIndex: All options with index in [11] are selected on object 'Object Repository/Store Request Schedule 1/Page_Store/select_--Select--Adernaline 0.'

2018-05-15 18:42:11 - [MESSAGE][PASSED] - All options with index in [11] are selected on object 'Object Repository/Store Request Schedule 1/Page_Store/select_--Select--Adernaline 0.'

2018-05-15 18:42:11 - [TEST_STEP][PASSED] - setText: Text '100' is set on object 'Object Repository/Store Request Schedule 1/Page_Store/input_txttreat'

2018-05-15 18:42:11 - [MESSAGE][PASSED] - Text '100' is set on object 'Object Repository/Store Request Schedule 1/Page_Store/input_txttreat'

2018-05-15 18:42:11 - [TEST_STEP][PASSED] - click: Object: 'Object Repository/Store Request Schedule 1/Page_Store/button_Add' is clicked on

2018-05-15 18:42:11 - [MESSAGE][PASSED] - Object: 'Object Repository/Store Request Schedule 1/Page_Store/button_Add' is clicked on

2018-05-15 18:42:11 - [TEST_STEP][PASSED] - selectOptionByIndex: All options with index in [6] are selected on object 'Object Repository/Store Request Schedule 1/Page_Store/select_--Select--Schedule 1Inj'

2018-05-15 18:42:11 - [MESSAGE][PASSED] - All options with index in [6] are selected on object 'Object Repository/Store Request Schedule 1/Page_Store/select_--Select--Schedule 1Inj'

2018-05-15 18:42:11 - [TEST_STEP][PASSED] - delay: Delayed 1 second(s)

2018-05-15 18:42:12 - [MESSAGE][PASSED] - Delayed 1 second(s)

2018-05-15 18:42:12 - [TEST_STEP][PASSED] - selectOptionByIndex: All options with index in [12] are selected on object 'Object Repository/Store Request Schedule 1/Page_Store/select_--Select--Adernaline 0.'

2018-05-15 18:42:12 - [MESSAGE][PASSED] - All options with index in [12] are selected on object 'Object Repository/Store Request Schedule 1/Page_Store/select_--Select--Adernaline 0.'

2018-05-15 18:42:12 - [TEST_STEP][PASSED] - setText: Text '100' is set on object 'Object Repository/Store Request Schedule 1/Page_Store/input_txttreat'

2018-05-15 18:42:12 - [MESSAGE][PASSED] - Text '100' is set on object 'Object Repository/Store Request Schedule 1/Page_Store/input_txttreat'

2018-05-15 18:42:12 - [TEST_STEP][PASSED] - click: Object: 'Object Repository/Store Request Schedule 1/Page_Store/button_Add' is clicked on

2018-05-15 18:42:12 - [MESSAGE][PASSED] - Object: 'Object Repository/Store Request Schedule 1/Page_Store/button_Add' is clicked on

2018-05-15 18:42:12 - [TEST_STEP][PASSED] - selectOptionByIndex: All options with index in [6] are selected on object 'Object Repository/Store Request Schedule 1/Page_Store/select_--Select--Schedule 1Inj'

2018-05-15 18:42:12 - [MESSAGE][PASSED] - All options with index in [6] are selected on object 'Object Repository/Store Request Schedule 1/Page_Store/select_--Select--Schedule 1Inj'

2018-05-15 18:42:12 - [TEST_STEP][PASSED] - delay: Delayed 1 second(s)

2018-05-15 18:42:13 - [MESSAGE][PASSED] - Delayed 1 second(s)

2018-05-15 18:42:13 - [TEST_STEP][PASSED] - selectOptionByIndex: All options with index in [13] are selected on object 'Object Repository/Store Request Schedule 1/Page_Store/select_--Select--Adernaline 0.'

2018-05-15 18:42:14 - [MESSAGE][PASSED] - All options with index in [13] are selected on object 'Object Repository/Store Request Schedule 1/Page_Store/select_--Select--Adernaline 0.'

2018-05-15 18:42:14 - [TEST_STEP][PASSED] - setText: Text '100' is set on object 'Object Repository/Store Request Schedule 1/Page_Store/input_txttreat'

2018-05-15 18:42:14 - [MESSAGE][PASSED] - Text '100' is set on object 'Object Repository/Store Request Schedule 1/Page_Store/input_txttreat'

2018-05-15 18:42:14 - [TEST_STEP][PASSED] - click: Object: 'Object Repository/Store Request Schedule 1/Page_Store/button_Add' is clicked on

2018-05-15 18:42:14 - [MESSAGE][PASSED] - Object: 'Object Repository/Store Request Schedule 1/Page_Store/button_Add' is clicked on

2018-05-15 18:42:14 - [TEST_STEP][PASSED] - delay: Delayed 2 second(s)

2018-05-15 18:42:16 - [MESSAGE][PASSED] - Delayed 2 second(s)

2018-05-15 18:42:16 - [TEST_STEP][PASSED] - scrollToElement: Scroll to object 'Object Repository/Store Request Schedule 1/Page_Store/input_btnsave' successfully

2018-05-15 18:42:16 - [MESSAGE][PASSED] - Scroll to object 'Object Repository/Store Request Schedule 1/Page_Store/input_btnsave' successfully

2018-05-15 18:42:16 - [TEST_STEP][PASSED] - click: Object: 'Object Repository/Store Request Schedule 1/Page_Store/input_btnsave' is clicked on

2018-05-15 18:42:16 - [MESSAGE][PASSED] - Object: 'Object Repository/Store Request Schedule 1/Page_Store/input_btnsave' is clicked on

2018-05-15 18:42:16 - [TEST_STEP][PASSED] - delay: Delayed 4 second(s)

2018-05-15 18:42:20 - [MESSAGE][PASSED] - Delayed 4 second(s)

2018-05-15 18:42:20 - [TEST_STEP][PASSED] - Statement - Cms_RequestNumber = com.kms.katalon.core.webui.keyword.WebUiBuiltInKeywords.getText(com.kms.katalon.core.testobject.ObjectRepository.findTestObject(Store Request Schedule 1/Page_Store/font_PRNO050520189)): Text of object 'Object Repository/Store Request Schedule 1/Page_Store/font_PRNO050520189' is: 'PRNO/15052018/152'

2018-05-15 18:42:20 - [MESSAGE][PASSED] - Text of object 'Object Repository/Store Request Schedule 1/Page_Store/font_PRNO050520189' is: 'PRNO/15052018/152'

2018-05-15 18:42:20 - [TEST_STEP][PASSED] - Statement - CR = Cms_RequestNumber.trim(): null

2018-05-15 18:42:20 - [TEST_STEP][PASSED] - Statement - out.println("RQ :" + Cms_RequestNumber): null

2018-05-15 18:42:20 - [TEST_STEP][PASSED] - Statement - RequestNumberID = Cms_RequestNumber.split("/")[2].trim(): null

2018-05-15 18:42:20 - [TEST_STEP][PASSED] - Statement - out.println("RQ ID :" + RequestNumberID): null

2018-05-15 18:42:20 - [TEST_STEP][PASSED] - delay: Delayed 3 second(s)

2018-05-15 18:42:23 - [MESSAGE][PASSED] - Delayed 3 second(s)

2018-05-15 18:42:23 - [TEST_STEP][PASSED] - Statement - ok = com.kms.katalon.core.webui.keyword.WebUiBuiltInKeywords.click(com.kms.katalon.core.testobject.ObjectRepository.findTestObject(Store Request Schedule 1/Page_Store/button_OK)): Object: 'Object Repository/Store Request Schedule 1/Page_Store/button_OK' is clicked on

2018-05-15 18:42:24 - [MESSAGE][PASSED] - Object: 'Object Repository/Store Request Schedule 1/Page_Store/button_OK' is clicked on

2018-05-15 18:42:24 - [TEST_STEP][PASSED] - delay: Delayed 3 second(s)

2018-05-15 18:42:27 - [MESSAGE][PASSED] - Delayed 3 second(s)

2018-05-15 18:42:27 - [TEST_STEP][PASSED] - click: Object: 'Object Repository/Store Request Schedule 1/Page_Store/a_dropdown-toggle' is clicked on

2018-05-15 18:42:27 - [MESSAGE][PASSED] - Object: 'Object Repository/Store Request Schedule 1/Page_Store/a_dropdown-toggle' is clicked on

2018-05-15 18:42:27 - [TEST_STEP][PASSED] - click: Object: 'Object Repository/Store Request Schedule 1/Page_Store/a_Sign out' is clicked on

2018-05-15 18:42:27 - [MESSAGE][PASSED] - Object: 'Object Repository/Store Request Schedule 1/Page_Store/a_Sign out' is clicked on

2018-05-15 18:42:27 - [TEST_STEP][PASSED] - delay: Delayed 3 second(s)

2018-05-15 18:42:30 - [MESSAGE][PASSED] - Delayed 3 second(s)

2018-05-15 18:42:30 - [TEST_STEP][PASSED] - click: Object: 'Object Repository/Store Request Schedule 1/Page_KDMC/a_CMO' is clicked on

2018-05-15 18:42:31 - [MESSAGE][PASSED] - Object: 'Object Repository/Store Request Schedule 1/Page_KDMC/a_CMO' is clicked on

2018-05-15 18:42:31 - [TEST_STEP][PASSED] - setText: Text 'guru' is set on object 'Object Repository/Store Request Schedule 1/Page_CMO login/input_txtusername'

2018-05-15 18:42:31 - [MESSAGE][PASSED] - Text 'guru' is set on object 'Object Repository/Store Request Schedule 1/Page_CMO login/input_txtusername'

2018-05-15 18:42:31 - [TEST_STEP][PASSED] - setText: Text '123' is set on object 'Object Repository/Store Request Schedule 1/Page_CMO login/input_txtpassword'

2018-05-15 18:42:31 - [MESSAGE][PASSED] - Text '123' is set on object 'Object Repository/Store Request Schedule 1/Page_CMO login/input_txtpassword'

2018-05-15 18:42:31 - [TEST_STEP][PASSED] - delay: Delayed 3 second(s)

2018-05-15 18:42:34 - [MESSAGE][PASSED] - Delayed 3 second(s)

2018-05-15 18:42:34 - [TEST_STEP][PASSED] - click: Object: 'Object Repository/Store Request Schedule 1/Page_CMO login/button_Sign in' is clicked on

2018-05-15 18:42:36 - [MESSAGE][PASSED] - Object: 'Object Repository/Store Request Schedule 1/Page_CMO login/button_Sign in' is clicked on

2018-05-15 18:42:36 - [TEST_STEP][PASSED] - delay: Delayed 2 second(s)

2018-05-15 18:42:38 - [MESSAGE][PASSED] - Delayed 2 second(s)

2018-05-15 18:42:38 - [TEST_STEP][PASSED] - click: Object: 'Object Repository/Store Request Schedule 1/Page_KDMC - CMO/span_Department Wise Request' is clicked on

2018-05-15 18:42:38 - [MESSAGE][PASSED] - Object: 'Object Repository/Store Request Schedule 1/Page_KDMC - CMO/span_Department Wise Request' is clicked on

2018-05-15 18:42:38 - [TEST_STEP][PASSED] - click: Object: 'Object Repository/Store Request Schedule 1/Page_KDMC - CMO/a_CMS Request' is clicked on

2018-05-15 18:42:39 - [MESSAGE][PASSED] - Object: 'Object Repository/Store Request Schedule 1/Page_KDMC - CMO/a_CMS Request' is clicked on

2018-05-15 18:42:39 - [TEST_STEP][PASSED] - click: Object: 'Object Repository/Store Request Schedule 1/Page_KDMC - CMO/a_CMS Request' is clicked on

2018-05-15 18:42:39 - [MESSAGE][PASSED] - Object: 'Object Repository/Store Request Schedule 1/Page_KDMC - CMO/a_CMS Request' is clicked on

2018-05-15 18:42:39 - [TEST_STEP][PASSED] - click: Object: 'Object Repository/Store Request Schedule 1/Page_KDMC - CMO/span_Divisional Store Request' is clicked on

2018-05-15 18:42:40 - [MESSAGE][PASSED] - Object: 'Object Repository/Store Request Schedule 1/Page_KDMC - CMO/span_Divisional Store Request' is clicked on

2018-05-15 18:42:40 - [TEST_STEP][PASSED] - delay: Delayed 2 second(s)

2018-05-15 18:42:42 - [MESSAGE][PASSED] - Delayed 2 second(s)

2018-05-15 18:42:42 - [TEST_STEP][PASSED] - Statement - approval = com.kms.katalon.core.webui.keyword.WebUiBuiltInKeywords.modifyObjectProperty(com.kms.katalon.core.testobject.ObjectRepository.findTestObject(Store Request Schedule 1/Page_KDMC - CMO/input_PRNO050520189), "xpath", "equals", "//*[@id=" + RequestNumberID + "]", true): Modify property of object successfully

2018-05-15 18:42:42 - [MESSAGE][PASSED] - Modify property of object successfully

2018-05-15 18:42:42 - [TEST_STEP][PASSED] - click: Object: 'Object Repository/Store Request Schedule 1/Page_KDMC - CMO/input_PRNO050520189' is clicked on

2018-05-15 18:42:42 - [MESSAGE][PASSED] - Object: 'Object Repository/Store Request Schedule 1/Page_KDMC - CMO/input_PRNO050520189' is clicked on

2018-05-15 18:42:42 - [TEST_STEP][PASSED] - delay: Delayed 2 second(s)

2018-05-15 18:42:44 - [MESSAGE][PASSED] - Delayed 2 second(s)

2018-05-15 18:42:44 - [TEST_STEP][PASSED] - selectOptionByIndex: All options with index in [1] are selected on object 'Object Repository/Store Request Schedule 1/Page_KDMC - CMO/select_--Select--'

2018-05-15 18:42:44 - [MESSAGE][PASSED] - All options with index in [1] are selected on object 'Object Repository/Store Request Schedule 1/Page_KDMC - CMO/select_--Select--'

2018-05-15 18:42:44 - [TEST_STEP][PASSED] - click: Object: 'Object Repository/Store Request Schedule 1/Page_KDMC - CMO/input_btnupdate' is clicked on

2018-05-15 18:42:44 - [MESSAGE][PASSED] - Object: 'Object Repository/Store Request Schedule 1/Page_KDMC - CMO/input_btnupdate' is clicked on

2018-05-15 18:42:44 - [TEST_STEP][PASSED] - delay: Delayed 2 second(s)

2018-05-15 18:42:46 - [MESSAGE][PASSED] - Delayed 2 second(s)

2018-05-15 18:42:46 - [TEST_STEP][PASSED] - click: Object: 'Object Repository/Store Request Schedule 1/Page_KDMC - CMO/button_OK' is clicked on

2018-05-15 18:42:47 - [MESSAGE][PASSED] - Object: 'Object Repository/Store Request Schedule 1/Page_KDMC - CMO/button_OK' is clicked on

2018-05-15 18:42:47 - [TEST_STEP][PASSED] - delay: Delayed 2 second(s)

2018-05-15 18:42:49 - [MESSAGE][PASSED] - Delayed 2 second(s)

2018-05-15 18:42:49 - [TEST_STEP][PASSED] - click: Object: 'Object Repository/Store Request Schedule 1/Page_KDMC - CMO/a_dropdown-toggle' is clicked on

2018-05-15 18:42:49 - [MESSAGE][PASSED] - Object: 'Object Repository/Store Request Schedule 1/Page_KDMC - CMO/a_dropdown-toggle' is clicked on

2018-05-15 18:42:49 - [TEST_STEP][PASSED] - click: Object: 'Object Repository/Store Request Schedule 1/Page_KDMC - CMO/a_Sign out' is clicked on

2018-05-15 18:42:49 - [MESSAGE][PASSED] - Object: 'Object Repository/Store Request Schedule 1/Page_KDMC - CMO/a_Sign out' is clicked on

2018-05-15 18:42:49 - [TEST_STEP][PASSED] - delay: Delayed 3 second(s)

2018-05-15 18:42:52 - [MESSAGE][PASSED] - Delayed 3 second(s)

2018-05-15 18:42:52 - [TEST_STEP][PASSED] - click: Object: 'Object Repository/store Request Schedule 1/Page_KDMC/a_CMS' is clicked on

2018-05-15 18:42:53 - [MESSAGE][PASSED] - Object: 'Object Repository/store Request Schedule 1/Page_KDMC/a_CMS' is clicked on

2018-05-15 18:42:53 - [TEST_STEP][PASSED] - setText: Text 'bala' is set on object 'Object Repository/store Request Schedule 1/Page_CMS login/input_txtusername'

2018-05-15 18:42:53 - [MESSAGE][PASSED] - Text 'bala' is set on object 'Object Repository/store Request Schedule 1/Page_CMS login/input_txtusername'

2018-05-15 18:42:53 - [TEST_STEP][PASSED] - setText: Text '123' is set on object 'Object Repository/store Request Schedule 1/Page_CMS login/input_txtpassword'

2018-05-15 18:42:53 - [MESSAGE][PASSED] - Text '123' is set on object 'Object Repository/store Request Schedule 1/Page_CMS login/input_txtpassword'

2018-05-15 18:42:53 - [TEST_STEP][PASSED] - delay: Delayed 3 second(s)

2018-05-15 18:42:56 - [MESSAGE][PASSED] - Delayed 3 second(s)

2018-05-15 18:42:56 - [TEST_STEP][PASSED] - click: Object: 'Object Repository/store Request Schedule 1/Page_CMS login/button_Sign in' is clicked on

2018-05-15 18:42:56 - [MESSAGE][PASSED] - Object: 'Object Repository/store Request Schedule 1/Page_CMS login/button_Sign in' is clicked on

2018-05-15 18:42:56 - [TEST_STEP][PASSED] - delay: Delayed 2 second(s)

2018-05-15 18:42:58 - [MESSAGE][PASSED] - Delayed 2 second(s)

2018-05-15 18:42:58 - [TEST_STEP][PASSED] - click: Object: 'Object Repository/store Request Schedule 1/Page_KDMC - CMS/a_Divisional Store' is clicked on

2018-05-15 18:42:58 - [MESSAGE][PASSED] - Object: 'Object Repository/store Request Schedule 1/Page_KDMC - CMS/a_Divisional Store' is clicked on

2018-05-15 18:42:58 - [TEST_STEP][PASSED] - delay: Delayed 2 second(s)

2018-05-15 18:43:00 - [MESSAGE][PASSED] - Delayed 2 second(s)

2018-05-15 18:43:00 - [TEST_STEP][PASSED] - click: Object: 'Object Repository/store Request Schedule 1/Page_KDMC - CMS/a_Dispatch Items' is clicked on

2018-05-15 18:43:01 - [MESSAGE][PASSED] - Object: 'Object Repository/store Request Schedule 1/Page_KDMC - CMS/a_Dispatch Items' is clicked on

2018-05-15 18:43:01 - [TEST_STEP][PASSED] - setText: Text 'PRNO/15052018/152' is set on object 'Object Repository/store Request Schedule 1/Page_KDMC - CMS/input'

2018-05-15 18:43:01 - [MESSAGE][PASSED] - Text 'PRNO/15052018/152' is set on object 'Object Repository/store Request Schedule 1/Page_KDMC - CMS/input'

2018-05-15 18:43:01 - [TEST_STEP][PASSED] - click: Object: 'Object Repository/store Request Schedule 1/Page_KDMC - CMS/td_text-center' is clicked on

2018-05-15 18:43:01 - [MESSAGE][PASSED] - Object: 'Object Repository/store Request Schedule 1/Page_KDMC - CMS/td_text-center' is clicked on

2018-05-15 18:43:01 - [TEST_STEP][PASSED] - delay: Delayed 2 second(s)

2018-05-15 18:43:03 - [MESSAGE][PASSED] - Delayed 2 second(s)

2018-05-15 18:43:03 - [TEST_STEP][PASSED] - Statement - For ([row = 0, row < SelectedOptions - 1, (row++)]): null

2018-05-15 18:43:03 - [TEST_STEP][PASSED] - Statement - batchlength = new com.kms.katalon.core.testobject.TestObject(): null

2018-05-15 18:43:03 - [TEST_STEP][PASSED] - Statement - batchlength = com.kms.katalon.core.webui.keyword.WebUiBuiltInKeywords.modifyObjectProperty(batchlength, "xpath", "equals", "//*[@id = "fldvendor" + row + ""]", true): Modify property of object successfully

2018-05-15 18:43:03 - [MESSAGE][PASSED] - Modify property of object successfully

2018-05-15 18:43:03 - [TEST_STEP][PASSED] - Statement - batchsize = com.kms.katalon.core.webui.keyword.WebUiBuiltInKeywords.getNumberOfTotalOption(batchlength): 6 options of object '' counted

2018-05-15 18:43:03 - [MESSAGE][PASSED] - 6 options of object '' counted

2018-05-15 18:43:03 - [TEST_STEP][PASSED] - Statement - out.println("BatchSize : " + batchsize): null

2018-05-15 18:43:03 - [TEST_STEP][PASSED] - Statement - For ([n = 1, n <= batchsize - 1, (n++)]): null

2018-05-15 18:43:03 - [TEST_STEP][PASSED] - Statement - product = new com.kms.katalon.core.testobject.TestObject(): null

2018-05-15 18:43:03 - [TEST_STEP][PASSED] - Statement - product = com.kms.katalon.core.webui.keyword.WebUiBuiltInKeywords.modifyObjectProperty(product, "xpath", "equals", "//*[@id = "fldvendor" + row + ""]", true): Modify property of object successfully

2018-05-15 18:43:03 - [MESSAGE][PASSED] - Modify property of object successfully

2018-05-15 18:43:03 - [TEST_STEP][PASSED] - selectOptionByIndex: All options with index in [1] are selected on object ''

2018-05-15 18:43:04 - [MESSAGE][PASSED] - All options with index in [1] are selected on object ''

2018-05-15 18:43:04 - [TEST_STEP][PASSED] - Statement - batch = new com.kms.katalon.core.testobject.TestObject(): null

2018-05-15 18:43:04 - [TEST_STEP][PASSED] - Statement - batch = com.kms.katalon.core.webui.keyword.WebUiBuiltInKeywords.modifyObjectProperty(batch, "xpath", "equals", "//*[@id = "txtbthqty" + row + ""]", true): Modify property of object successfully

2018-05-15 18:43:04 - [MESSAGE][PASSED] - Modify property of object successfully

2018-05-15 18:43:04 - [TEST_STEP][PASSED] - Statement - batchqty = com.kms.katalon.core.webui.keyword.WebUiBuiltInKeywords.getAttribute(batch, "value").trim(): Attribute 'value' of object '' is: '40000'

2018-05-15 18:43:04 - [MESSAGE][PASSED] - Attribute 'value' of object '' is: '40000'

2018-05-15 18:43:04 - [TEST_STEP][PASSED] - Statement - Rqty = 10000: null

2018-05-15 18:43:04 - [TEST_STEP][PASSED] - delay: Delayed 2 second(s)

2018-05-15 18:43:06 - [MESSAGE][PASSED] - Delayed 2 second(s)

2018-05-15 18:43:06 - [TEST_STEP][PASSED] - Statement - out.println("BatchQty : " + batchqty): null

2018-05-15 18:43:06 - [TEST_STEP][PASSED] - Statement - out.println("RQty : " + Rqty): null

2018-05-15 18:43:06 - [TEST_STEP][PASSED] - Statement - If (java.lang.Integer.valueOf(batchqty) >= java.lang.Integer.valueOf(Rqty)): null

2018-05-15 18:43:06 - [TEST_STEP][PASSED] - Statement - Break: null

2018-05-15 18:43:06 - [TEST_STEP][PASSED] - Statement - batchlength = new com.kms.katalon.core.testobject.TestObject(): null

2018-05-15 18:43:06 - [TEST_STEP][PASSED] - Statement - batchlength = com.kms.katalon.core.webui.keyword.WebUiBuiltInKeywords.modifyObjectProperty(batchlength, "xpath", "equals", "//*[@id = "fldvendor" + row + ""]", true): Modify property of object successfully

2018-05-15 18:43:06 - [MESSAGE][PASSED] - Modify property of object successfully

2018-05-15 18:43:06 - [TEST_STEP][PASSED] - Statement - batchsize = com.kms.katalon.core.webui.keyword.WebUiBuiltInKeywords.getNumberOfTotalOption(batchlength): 6 options of object '' counted

2018-05-15 18:43:06 - [MESSAGE][PASSED] - 6 options of object '' counted

2018-05-15 18:43:06 - [TEST_STEP][PASSED] - Statement - out.println("BatchSize : " + batchsize): null

2018-05-15 18:43:06 - [TEST_STEP][PASSED] - Statement - For ([n = 1, n <= batchsize - 1, (n++)]): null

2018-05-15 18:43:06 - [TEST_STEP][PASSED] - Statement - product = new com.kms.katalon.core.testobject.TestObject(): null

2018-05-15 18:43:06 - [TEST_STEP][PASSED] - Statement - product = com.kms.katalon.core.webui.keyword.WebUiBuiltInKeywords.modifyObjectProperty(product, "xpath", "equals", "//*[@id = "fldvendor" + row + ""]", true): Modify property of object successfully

2018-05-15 18:43:06 - [MESSAGE][PASSED] - Modify property of object successfully

2018-05-15 18:43:06 - [TEST_STEP][PASSED] - selectOptionByIndex: All options with index in [1] are selected on object ''

2018-05-15 18:43:06 - [MESSAGE][PASSED] - All options with index in [1] are selected on object ''

2018-05-15 18:43:06 - [TEST_STEP][PASSED] - Statement - batch = new com.kms.katalon.core.testobject.TestObject(): null

2018-05-15 18:43:06 - [TEST_STEP][PASSED] - Statement - batch = com.kms.katalon.core.webui.keyword.WebUiBuiltInKeywords.modifyObjectProperty(batch, "xpath", "equals", "//*[@id = "txtbthqty" + row + ""]", true): Modify property of object successfully

2018-05-15 18:43:06 - [MESSAGE][PASSED] - Modify property of object successfully

2018-05-15 18:43:06 - [TEST_STEP][PASSED] - Statement - batchqty = com.kms.katalon.core.webui.keyword.WebUiBuiltInKeywords.getAttribute(batch, "value").trim(): Attribute 'value' of object '' is: '4800'

2018-05-15 18:43:06 - [MESSAGE][PASSED] - Attribute 'value' of object '' is: '4800'

2018-05-15 18:43:06 - [TEST_STEP][PASSED] - Statement - Rqty = 10000: null

2018-05-15 18:43:06 - [TEST_STEP][PASSED] - delay: Delayed 2 second(s)

2018-05-15 18:43:08 - [MESSAGE][PASSED] - Delayed 2 second(s)

2018-05-15 18:43:08 - [TEST_STEP][PASSED] - Statement - out.println("BatchQty : " + batchqty): null

2018-05-15 18:43:08 - [TEST_STEP][PASSED] - Statement - out.println("RQty : " + Rqty): null

2018-05-15 18:43:08 - [TEST_STEP][PASSED] - Statement - If (java.lang.Integer.valueOf(batchqty) >= java.lang.Integer.valueOf(Rqty)): null

2018-05-15 18:43:08 - [TEST_STEP][PASSED] - Statement - Else: null

2018-05-15 18:43:08 - [TEST_STEP][PASSED] - Statement - out.println("Batchqty Is Less Than Rqty"): null

2018-05-15 18:43:08 - [TEST_STEP][PASSED] - Statement - product = new com.kms.katalon.core.testobject.TestObject(): null

2018-05-15 18:43:08 - [TEST_STEP][PASSED] - Statement - product = com.kms.katalon.core.webui.keyword.WebUiBuiltInKeywords.modifyObjectProperty(product, "xpath", "equals", "//*[@id = "fldvendor" + row + ""]", true): Modify property of object successfully

2018-05-15 18:43:08 - [MESSAGE][PASSED] - Modify property of object successfully

2018-05-15 18:43:08 - [TEST_STEP][PASSED] - selectOptionByIndex: All options with index in [2] are selected on object ''

2018-05-15 18:43:08 - [MESSAGE][PASSED] - All options with index in [2] are selected on object ''

2018-05-15 18:43:08 - [TEST_STEP][PASSED] - Statement - batch = new com.kms.katalon.core.testobject.TestObject(): null

2018-05-15 18:43:08 - [TEST_STEP][PASSED] - Statement - batch = com.kms.katalon.core.webui.keyword.WebUiBuiltInKeywords.modifyObjectProperty(batch, "xpath", "equals", "//*[@id = "txtbthqty" + row + ""]", true): Modify property of object successfully

2018-05-15 18:43:08 - [MESSAGE][PASSED] - Modify property of object successfully

2018-05-15 18:43:08 - [TEST_STEP][PASSED] - Statement - batchqty = com.kms.katalon.core.webui.keyword.WebUiBuiltInKeywords.getAttribute(batch, "value").trim(): Attribute 'value' of object '' is: '100'

2018-05-15 18:43:08 - [MESSAGE][PASSED] - Attribute 'value' of object '' is: '100'

2018-05-15 18:43:08 - [TEST_STEP][PASSED] - Statement - Rqty = 10000: null

2018-05-15 18:43:08 - [TEST_STEP][PASSED] - delay: Delayed 2 second(s)

2018-05-15 18:43:10 - [MESSAGE][PASSED] - Delayed 2 second(s)

2018-05-15 18:43:10 - [TEST_STEP][PASSED] - Statement - out.println("BatchQty : " + batchqty): null

2018-05-15 18:43:10 - [TEST_STEP][PASSED] - Statement - out.println("RQty : " + Rqty): null

2018-05-15 18:43:10 - [TEST_STEP][PASSED] - Statement - If (java.lang.Integer.valueOf(batchqty) >= java.lang.Integer.valueOf(Rqty)): null

2018-05-15 18:43:10 - [TEST_STEP][PASSED] - Statement - Else: null

2018-05-15 18:43:10 - [TEST_STEP][PASSED] - Statement - out.println("Batchqty Is Less Than Rqty"): null

2018-05-15 18:43:10 - [TEST_STEP][PASSED] - Statement - product = new com.kms.katalon.core.testobject.TestObject(): null

2018-05-15 18:43:10 - [TEST_STEP][PASSED] - Statement - product = com.kms.katalon.core.webui.keyword.WebUiBuiltInKeywords.modifyObjectProperty(product, "xpath", "equals", "//*[@id = "fldvendor" + row + ""]", true): Modify property of object successfully

2018-05-15 18:43:10 - [MESSAGE][PASSED] - Modify property of object successfully

2018-05-15 18:43:10 - [TEST_STEP][PASSED] - selectOptionByIndex: All options with index in [3] are selected on object ''

2018-05-15 18:43:10 - [MESSAGE][PASSED] - All options with index in [3] are selected on object ''

2018-05-15 18:43:10 - [TEST_STEP][PASSED] - Statement - batch = new com.kms.katalon.core.testobject.TestObject(): null

2018-05-15 18:43:10 - [TEST_STEP][PASSED] - Statement - batch = com.kms.katalon.core.webui.keyword.WebUiBuiltInKeywords.modifyObjectProperty(batch, "xpath", "equals", "//*[@id = "txtbthqty" + row + ""]", true): Modify property of object successfully

2018-05-15 18:43:10 - [MESSAGE][PASSED] - Modify property of object successfully

2018-05-15 18:43:10 - [TEST_STEP][PASSED] - Statement - batchqty = com.kms.katalon.core.webui.keyword.WebUiBuiltInKeywords.getAttribute(batch, "value").trim(): Attribute 'value' of object '' is: '5000'

2018-05-15 18:43:10 - [MESSAGE][PASSED] - Attribute 'value' of object '' is: '5000'

2018-05-15 18:43:10 - [TEST_STEP][PASSED] - Statement - Rqty = 10000: null

2018-05-15 18:43:10 - [TEST_STEP][PASSED] - delay: Delayed 2 second(s)

2018-05-15 18:43:12 - [MESSAGE][PASSED] - Delayed 2 second(s)

2018-05-15 18:43:12 - [TEST_STEP][PASSED] - Statement - out.println("BatchQty : " + batchqty): null

2018-05-15 18:43:12 - [TEST_STEP][PASSED] - Statement - out.println("RQty : " + Rqty): null

2018-05-15 18:43:12 - [TEST_STEP][PASSED] - Statement - If (java.lang.Integer.valueOf(batchqty) >= java.lang.Integer.valueOf(Rqty)): null

2018-05-15 18:43:12 - [TEST_STEP][PASSED] - Statement - Else: null

2018-05-15 18:43:12 - [TEST_STEP][PASSED] - Statement - out.println("Batchqty Is Less Than Rqty"): null

2018-05-15 18:43:12 - [TEST_STEP][PASSED] - Statement - product = new com.kms.katalon.core.testobject.TestObject(): null

2018-05-15 18:43:12 - [TEST_STEP][PASSED] - Statement - product = com.kms.katalon.core.webui.keyword.WebUiBuiltInKeywords.modifyObjectProperty(product, "xpath", "equals", "//*[@id = "fldvendor" + row + ""]", true): Modify property of object successfully

2018-05-15 18:43:12 - [MESSAGE][PASSED] - Modify property of object successfully

2018-05-15 18:43:12 - [TEST_STEP][PASSED] - selectOptionByIndex: All options with index in [4] are selected on object ''

2018-05-15 18:43:12 - [MESSAGE][PASSED] - All options with index in [4] are selected on object ''

2018-05-15 18:43:12 - [TEST_STEP][PASSED] - Statement - batch = new com.kms.katalon.core.testobject.TestObject(): null

2018-05-15 18:43:12 - [TEST_STEP][PASSED] - Statement - batch = com.kms.katalon.core.webui.keyword.WebUiBuiltInKeywords.modifyObjectProperty(batch, "xpath", "equals", "//*[@id = "txtbthqty" + row + ""]", true): Modify property of object successfully

2018-05-15 18:43:12 - [MESSAGE][PASSED] - Modify property of object successfully

2018-05-15 18:43:12 - [TEST_STEP][PASSED] - Statement - batchqty = com.kms.katalon.core.webui.keyword.WebUiBuiltInKeywords.getAttribute(batch, "value").trim(): Attribute 'value' of object '' is: '40000'

2018-05-15 18:43:12 - [MESSAGE][PASSED] - Attribute 'value' of object '' is: '40000'

2018-05-15 18:43:12 - [TEST_STEP][PASSED] - Statement - Rqty = 10000: null

2018-05-15 18:43:12 - [TEST_STEP][PASSED] - delay: Delayed 2 second(s)

2018-05-15 18:43:14 - [MESSAGE][PASSED] - Delayed 2 second(s)

2018-05-15 18:43:14 - [TEST_STEP][PASSED] - Statement - out.println("BatchQty : " + batchqty): null

2018-05-15 18:43:14 - [TEST_STEP][PASSED] - Statement - out.println("RQty : " + Rqty): null

2018-05-15 18:43:14 - [TEST_STEP][PASSED] - Statement - If (java.lang.Integer.valueOf(batchqty) >= java.lang.Integer.valueOf(Rqty)): null

2018-05-15 18:43:14 - [TEST_STEP][PASSED] - Statement - Break: null

2018-05-15 18:43:14 - [TEST_STEP][PASSED] - Statement - batchlength = new com.kms.katalon.core.testobject.TestObject(): null

2018-05-15 18:43:14 - [TEST_STEP][PASSED] - Statement - batchlength = com.kms.katalon.core.webui.keyword.WebUiBuiltInKeywords.modifyObjectProperty(batchlength, "xpath", "equals", "//*[@id = "fldvendor" + row + ""]", true): Modify property of object successfully

2018-05-15 18:43:14 - [MESSAGE][PASSED] - Modify property of object successfully

2018-05-15 18:43:14 - [TEST_STEP][PASSED] - Statement - batchsize = com.kms.katalon.core.webui.keyword.WebUiBuiltInKeywords.getNumberOfTotalOption(batchlength): 6 options of object '' counted

2018-05-15 18:43:14 - [MESSAGE][PASSED] - 6 options of object '' counted

2018-05-15 18:43:14 - [TEST_STEP][PASSED] - Statement - out.println("BatchSize : " + batchsize): null

2018-05-15 18:43:14 - [TEST_STEP][PASSED] - Statement - For ([n = 1, n <= batchsize - 1, (n++)]): null

2018-05-15 18:43:14 - [TEST_STEP][PASSED] - Statement - product = new com.kms.katalon.core.testobject.TestObject(): null

2018-05-15 18:43:14 - [TEST_STEP][PASSED] - Statement - product = com.kms.katalon.core.webui.keyword.WebUiBuiltInKeywords.modifyObjectProperty(product, "xpath", "equals", "//*[@id = "fldvendor" + row + ""]", true): Modify property of object successfully

2018-05-15 18:43:14 - [MESSAGE][PASSED] - Modify property of object successfully

2018-05-15 18:43:14 - [TEST_STEP][PASSED] - selectOptionByIndex: All options with index in [1] are selected on object ''

2018-05-15 18:43:15 - [MESSAGE][PASSED] - All options with index in [1] are selected on object ''

2018-05-15 18:43:15 - [TEST_STEP][PASSED] - Statement - batch = new com.kms.katalon.core.testobject.TestObject(): null

2018-05-15 18:43:15 - [TEST_STEP][PASSED] - Statement - batch = com.kms.katalon.core.webui.keyword.WebUiBuiltInKeywords.modifyObjectProperty(batch, "xpath", "equals", "//*[@id = "txtbthqty" + row + ""]", true): Modify property of object successfully

2018-05-15 18:43:15 - [MESSAGE][PASSED] - Modify property of object successfully

2018-05-15 18:43:15 - [TEST_STEP][PASSED] - Statement - batchqty = com.kms.katalon.core.webui.keyword.WebUiBuiltInKeywords.getAttribute(batch, "value").trim(): Attribute 'value' of object '' is: '4800'

2018-05-15 18:43:15 - [MESSAGE][PASSED] - Attribute 'value' of object '' is: '4800'

2018-05-15 18:43:15 - [TEST_STEP][PASSED] - Statement - Rqty = 10000: null

2018-05-15 18:43:15 - [TEST_STEP][PASSED] - delay: Delayed 2 second(s)

2018-05-15 18:43:17 - [MESSAGE][PASSED] - Delayed 2 second(s)

2018-05-15 18:43:17 - [TEST_STEP][PASSED] - Statement - out.println("BatchQty : " + batchqty): null

2018-05-15 18:43:17 - [TEST_STEP][PASSED] - Statement - out.println("RQty : " + Rqty): null

2018-05-15 18:43:17 - [TEST_STEP][PASSED] - Statement - If (java.lang.Integer.valueOf(batchqty) >= java.lang.Integer.valueOf(Rqty)): null

2018-05-15 18:43:17 - [TEST_STEP][PASSED] - Statement - Else: null

2018-05-15 18:43:17 - [TEST_STEP][PASSED] - Statement - out.println("Batchqty Is Less Than Rqty"): null

2018-05-15 18:43:17 - [TEST_STEP][PASSED] - Statement - product = new com.kms.katalon.core.testobject.TestObject(): null

2018-05-15 18:43:17 - [TEST_STEP][PASSED] - Statement - product = com.kms.katalon.core.webui.keyword.WebUiBuiltInKeywords.modifyObjectProperty(product, "xpath", "equals", "//*[@id = "fldvendor" + row + ""]", true): Modify property of object successfully

2018-05-15 18:43:17 - [MESSAGE][PASSED] - Modify property of object successfully

2018-05-15 18:43:17 - [TEST_STEP][PASSED] - selectOptionByIndex: All options with index in [2] are selected on object ''

2018-05-15 18:43:17 - [MESSAGE][PASSED] - All options with index in [2] are selected on object ''

2018-05-15 18:43:17 - [TEST_STEP][PASSED] - Statement - batch = new com.kms.katalon.core.testobject.TestObject(): null

2018-05-15 18:43:17 - [TEST_STEP][PASSED] - Statement - batch = com.kms.katalon.core.webui.keyword.WebUiBuiltInKeywords.modifyObjectProperty(batch, "xpath", "equals", "//*[@id = "txtbthqty" + row + ""]", true): Modify property of object successfully

2018-05-15 18:43:17 - [MESSAGE][PASSED] - Modify property of object successfully

2018-05-15 18:43:17 - [TEST_STEP][PASSED] - Statement - batchqty = com.kms.katalon.core.webui.keyword.WebUiBuiltInKeywords.getAttribute(batch, "value").trim(): Attribute 'value' of object '' is: '5000'

2018-05-15 18:43:17 - [MESSAGE][PASSED] - Attribute 'value' of object '' is: '5000'

2018-05-15 18:43:17 - [TEST_STEP][PASSED] - Statement - Rqty = 10000: null

2018-05-15 18:43:17 - [TEST_STEP][PASSED] - delay: Delayed 2 second(s)

2018-05-15 18:43:19 - [MESSAGE][PASSED] - Delayed 2 second(s)

2018-05-15 18:43:19 - [TEST_STEP][PASSED] - Statement - out.println("BatchQty : " + batchqty): null

2018-05-15 18:43:19 - [TEST_STEP][PASSED] - Statement - out.println("RQty : " + Rqty): null

2018-05-15 18:43:19 - [TEST_STEP][PASSED] - Statement - If (java.lang.Integer.valueOf(batchqty) >= java.lang.Integer.valueOf(Rqty)): null

2018-05-15 18:43:19 - [TEST_STEP][PASSED] - Statement - Else: null

2018-05-15 18:43:19 - [TEST_STEP][PASSED] - Statement - out.println("Batchqty Is Less Than Rqty"): null

2018-05-15 18:43:19 - [TEST_STEP][PASSED] - Statement - product = new com.kms.katalon.core.testobject.TestObject(): null

2018-05-15 18:43:19 - [TEST_STEP][PASSED] - Statement - product = com.kms.katalon.core.webui.keyword.WebUiBuiltInKeywords.modifyObjectProperty(product, "xpath", "equals", "//*[@id = "fldvendor" + row + ""]", true): Modify property of object successfully

2018-05-15 18:43:19 - [MESSAGE][PASSED] - Modify property of object successfully

2018-05-15 18:43:19 - [TEST_STEP][PASSED] - selectOptionByIndex: All options with index in [3] are selected on object ''

2018-05-15 18:43:19 - [MESSAGE][PASSED] - All options with index in [3] are selected on object ''

2018-05-15 18:43:19 - [TEST_STEP][PASSED] - Statement - batch = new com.kms.katalon.core.testobject.TestObject(): null

2018-05-15 18:43:19 - [TEST_STEP][PASSED] - Statement - batch = com.kms.katalon.core.webui.keyword.WebUiBuiltInKeywords.modifyObjectProperty(batch, "xpath", "equals", "//*[@id = "txtbthqty" + row + ""]", true): Modify property of object successfully

2018-05-15 18:43:19 - [MESSAGE][PASSED] - Modify property of object successfully

2018-05-15 18:43:19 - [TEST_STEP][PASSED] - Statement - batchqty = com.kms.katalon.core.webui.keyword.WebUiBuiltInKeywords.getAttribute(batch, "value").trim(): Attribute 'value' of object '' is: '100'

2018-05-15 18:43:19 - [MESSAGE][PASSED] - Attribute 'value' of object '' is: '100'

2018-05-15 18:43:19 - [TEST_STEP][PASSED] - Statement - Rqty = 10000: null

2018-05-15 18:43:19 - [TEST_STEP][PASSED] - delay: Delayed 2 second(s)

2018-05-15 18:43:21 - [MESSAGE][PASSED] - Delayed 2 second(s)

2018-05-15 18:43:21 - [TEST_STEP][PASSED] - Statement - out.println("BatchQty : " + batchqty): null

2018-05-15 18:43:21 - [TEST_STEP][PASSED] - Statement - out.println("RQty : " + Rqty): null

2018-05-15 18:43:21 - [TEST_STEP][PASSED] - Statement - If (java.lang.Integer.valueOf(batchqty) >= java.lang.Integer.valueOf(Rqty)): null

2018-05-15 18:43:21 - [TEST_STEP][PASSED] - Statement - Else: null

2018-05-15 18:43:21 - [TEST_STEP][PASSED] - Statement - out.println("Batchqty Is Less Than Rqty"): null

2018-05-15 18:43:21 - [TEST_STEP][PASSED] - Statement - product = new com.kms.katalon.core.testobject.TestObject(): null

2018-05-15 18:43:21 - [TEST_STEP][PASSED] - Statement - product = com.kms.katalon.core.webui.keyword.WebUiBuiltInKeywords.modifyObjectProperty(product, "xpath", "equals", "//*[@id = "fldvendor" + row + ""]", true): Modify property of object successfully

2018-05-15 18:43:21 - [MESSAGE][PASSED] - Modify property of object successfully

2018-05-15 18:43:21 - [TEST_STEP][PASSED] - selectOptionByIndex: All options with index in [4] are selected on object ''

2018-05-15 18:43:21 - [MESSAGE][PASSED] - All options with index in [4] are selected on object ''

2018-05-15 18:43:21 - [TEST_STEP][PASSED] - Statement - batch = new com.kms.katalon.core.testobject.TestObject(): null

2018-05-15 18:43:21 - [TEST_STEP][PASSED] - Statement - batch = com.kms.katalon.core.webui.keyword.WebUiBuiltInKeywords.modifyObjectProperty(batch, "xpath", "equals", "//*[@id = "txtbthqty" + row + ""]", true): Modify property of object successfully

2018-05-15 18:43:21 - [MESSAGE][PASSED] - Modify property of object successfully

2018-05-15 18:43:21 - [TEST_STEP][PASSED] - Statement - batchqty = com.kms.katalon.core.webui.keyword.WebUiBuiltInKeywords.getAttribute(batch, "value").trim(): Attribute 'value' of object '' is: '40000'

2018-05-15 18:43:21 - [MESSAGE][PASSED] - Attribute 'value' of object '' is: '40000'

2018-05-15 18:43:21 - [TEST_STEP][PASSED] - Statement - Rqty = 10000: null

2018-05-15 18:43:21 - [TEST_STEP][PASSED] - delay: Delayed 2 second(s)

2018-05-15 18:43:23 - [MESSAGE][PASSED] - Delayed 2 second(s)

2018-05-15 18:43:23 - [TEST_STEP][PASSED] - Statement - out.println("BatchQty : " + batchqty): null

2018-05-15 18:43:23 - [TEST_STEP][PASSED] - Statement - out.println("RQty : " + Rqty): null

2018-05-15 18:43:23 - [TEST_STEP][PASSED] - Statement - If (java.lang.Integer.valueOf(batchqty) >= java.lang.Integer.valueOf(Rqty)): null

2018-05-15 18:43:23 - [TEST_STEP][PASSED] - Statement - Break: null

2018-05-15 18:43:23 - [TEST_STEP][PASSED] - Statement - batchlength = new com.kms.katalon.core.testobject.TestObject(): null

2018-05-15 18:43:23 - [TEST_STEP][PASSED] - Statement - batchlength = com.kms.katalon.core.webui.keyword.WebUiBuiltInKeywords.modifyObjectProperty(batchlength, "xpath", "equals", "//*[@id = "fldvendor" + row + ""]", true): Modify property of object successfully

2018-05-15 18:43:23 - [MESSAGE][PASSED] - Modify property of object successfully

2018-05-15 18:43:23 - [TEST_STEP][PASSED] - Statement - batchsize = com.kms.katalon.core.webui.keyword.WebUiBuiltInKeywords.getNumberOfTotalOption(batchlength): 5 options of object '' counted

2018-05-15 18:43:23 - [MESSAGE][PASSED] - 5 options of object '' counted

2018-05-15 18:43:23 - [TEST_STEP][PASSED] - Statement - out.println("BatchSize : " + batchsize): null

2018-05-15 18:43:23 - [TEST_STEP][PASSED] - Statement - For ([n = 1, n <= batchsize - 1, (n++)]): null

2018-05-15 18:43:23 - [TEST_STEP][PASSED] - Statement - product = new com.kms.katalon.core.testobject.TestObject(): null

2018-05-15 18:43:23 - [TEST_STEP][PASSED] - Statement - product = com.kms.katalon.core.webui.keyword.WebUiBuiltInKeywords.modifyObjectProperty(product, "xpath", "equals", "//*[@id = "fldvendor" + row + ""]", true): Modify property of object successfully

2018-05-15 18:43:23 - [MESSAGE][PASSED] - Modify property of object successfully

2018-05-15 18:43:23 - [TEST_STEP][PASSED] - selectOptionByIndex: All options with index in [1] are selected on object ''

2018-05-15 18:43:23 - [MESSAGE][PASSED] - All options with index in [1] are selected on object ''

2018-05-15 18:43:23 - [TEST_STEP][PASSED] - Statement - batch = new com.kms.katalon.core.testobject.TestObject(): null

2018-05-15 18:43:23 - [TEST_STEP][PASSED] - Statement - batch = com.kms.katalon.core.webui.keyword.WebUiBuiltInKeywords.modifyObjectProperty(batch, "xpath", "equals", "//*[@id = "txtbthqty" + row + ""]", true): Modify property of object successfully

2018-05-15 18:43:23 - [MESSAGE][PASSED] - Modify property of object successfully

2018-05-15 18:43:23 - [TEST_STEP][PASSED] - Statement - batchqty = com.kms.katalon.core.webui.keyword.WebUiBuiltInKeywords.getAttribute(batch, "value").trim(): Attribute 'value' of object '' is: '5000'

2018-05-15 18:43:23 - [MESSAGE][PASSED] - Attribute 'value' of object '' is: '5000'

2018-05-15 18:43:23 - [TEST_STEP][PASSED] - Statement - Rqty = 10000: null

2018-05-15 18:43:23 - [TEST_STEP][PASSED] - delay: Delayed 2 second(s)

2018-05-15 18:43:25 - [MESSAGE][PASSED] - Delayed 2 second(s)

2018-05-15 18:43:25 - [TEST_STEP][PASSED] - Statement - out.println("BatchQty : " + batchqty): null

2018-05-15 18:43:25 - [TEST_STEP][PASSED] - Statement - out.println("RQty : " + Rqty): null

2018-05-15 18:43:25 - [TEST_STEP][PASSED] - Statement - If (java.lang.Integer.valueOf(batchqty) >= java.lang.Integer.valueOf(Rqty)): null

2018-05-15 18:43:25 - [TEST_STEP][PASSED] - Statement - Else: null

2018-05-15 18:43:25 - [TEST_STEP][PASSED] - Statement - out.println("Batchqty Is Less Than Rqty"): null

2018-05-15 18:43:25 - [TEST_STEP][PASSED] - Statement - product = new com.kms.katalon.core.testobject.TestObject(): null

2018-05-15 18:43:25 - [TEST_STEP][PASSED] - Statement - product = com.kms.katalon.core.webui.keyword.WebUiBuiltInKeywords.modifyObjectProperty(product, "xpath", "equals", "//*[@id = "fldvendor" + row + ""]", true): Modify property of object successfully

2018-05-15 18:43:25 - [MESSAGE][PASSED] - Modify property of object successfully

2018-05-15 18:43:25 - [TEST_STEP][PASSED] - selectOptionByIndex: All options with index in [2] are selected on object ''

2018-05-15 18:43:26 - [MESSAGE][PASSED] - All options with index in [2] are selected on object ''

2018-05-15 18:43:26 - [TEST_STEP][PASSED] - Statement - batch = new com.kms.katalon.core.testobject.TestObject(): null

2018-05-15 18:43:26 - [TEST_STEP][PASSED] - Statement - batch = com.kms.katalon.core.webui.keyword.WebUiBuiltInKeywords.modifyObjectProperty(batch, "xpath", "equals", "//*[@id = "txtbthqty" + row + ""]", true): Modify property of object successfully

2018-05-15 18:43:26 - [MESSAGE][PASSED] - Modify property of object successfully

2018-05-15 18:43:26 - [TEST_STEP][PASSED] - Statement - batchqty = com.kms.katalon.core.webui.keyword.WebUiBuiltInKeywords.getAttribute(batch, "value").trim(): Attribute 'value' of object '' is: '40000'

2018-05-15 18:43:26 - [MESSAGE][PASSED] - Attribute 'value' of object '' is: '40000'

2018-05-15 18:43:26 - [TEST_STEP][PASSED] - Statement - Rqty = 10000: null

2018-05-15 18:43:26 - [TEST_STEP][PASSED] - delay: Delayed 2 second(s)

2018-05-15 18:43:28 - [MESSAGE][PASSED] - Delayed 2 second(s)

2018-05-15 18:43:28 - [TEST_STEP][PASSED] - Statement - out.println("BatchQty : " + batchqty): null

2018-05-15 18:43:28 - [TEST_STEP][PASSED] - Statement - out.println("RQty : " + Rqty): null

2018-05-15 18:43:28 - [TEST_STEP][PASSED] - Statement - If (java.lang.Integer.valueOf(batchqty) >= java.lang.Integer.valueOf(Rqty)): null

2018-05-15 18:43:28 - [TEST_STEP][PASSED] - Statement - Break: null

2018-05-15 18:43:28 - [TEST_STEP][PASSED] - Statement - batchlength = new com.kms.katalon.core.testobject.TestObject(): null

2018-05-15 18:43:28 - [TEST_STEP][PASSED] - Statement - batchlength = com.kms.katalon.core.webui.keyword.WebUiBuiltInKeywords.modifyObjectProperty(batchlength, "xpath", "equals", "//*[@id = "fldvendor" + row + ""]", true): Modify property of object successfully

2018-05-15 18:43:28 - [MESSAGE][PASSED] - Modify property of object successfully

2018-05-15 18:43:28 - [TEST_STEP][PASSED] - Statement - batchsize = com.kms.katalon.core.webui.keyword.WebUiBuiltInKeywords.getNumberOfTotalOption(batchlength): 6 options of object '' counted

2018-05-15 18:43:28 - [MESSAGE][PASSED] - 6 options of object '' counted

2018-05-15 18:43:28 - [TEST_STEP][PASSED] - Statement - out.println("BatchSize : " + batchsize): null

2018-05-15 18:43:28 - [TEST_STEP][PASSED] - Statement - For ([n = 1, n <= batchsize - 1, (n++)]): null

2018-05-15 18:43:28 - [TEST_STEP][PASSED] - Statement - product = new com.kms.katalon.core.testobject.TestObject(): null

2018-05-15 18:43:28 - [TEST_STEP][PASSED] - Statement - product = com.kms.katalon.core.webui.keyword.WebUiBuiltInKeywords.modifyObjectProperty(product, "xpath", "equals", "//*[@id = "fldvendor" + row + ""]", true): Modify property of object successfully

2018-05-15 18:43:28 - [MESSAGE][PASSED] - Modify property of object successfully

2018-05-15 18:43:28 - [TEST_STEP][PASSED] - selectOptionByIndex: All options with index in [1] are selected on object ''

2018-05-15 18:43:28 - [MESSAGE][PASSED] - All options with index in [1] are selected on object ''

2018-05-15 18:43:28 - [TEST_STEP][PASSED] - Statement - batch = new com.kms.katalon.core.testobject.TestObject(): null

2018-05-15 18:43:28 - [TEST_STEP][PASSED] - Statement - batch = com.kms.katalon.core.webui.keyword.WebUiBuiltInKeywords.modifyObjectProperty(batch, "xpath", "equals", "//*[@id = "txtbthqty" + row + ""]", true): Modify property of object successfully

2018-05-15 18:43:28 - [MESSAGE][PASSED] - Modify property of object successfully

2018-05-15 18:43:28 - [TEST_STEP][PASSED] - Statement - batchqty = com.kms.katalon.core.webui.keyword.WebUiBuiltInKeywords.getAttribute(batch, "value").trim(): Attribute 'value' of object '' is: '4800'

2018-05-15 18:43:28 - [MESSAGE][PASSED] - Attribute 'value' of object '' is: '4800'

2018-05-15 18:43:28 - [TEST_STEP][PASSED] - Statement - Rqty = 10000: null

2018-05-15 18:43:28 - [TEST_STEP][PASSED] - delay: Delayed 2 second(s)

2018-05-15 18:43:30 - [MESSAGE][PASSED] - Delayed 2 second(s)

2018-05-15 18:43:30 - [TEST_STEP][PASSED] - Statement - out.println("BatchQty : " + batchqty): null

2018-05-15 18:43:30 - [TEST_STEP][PASSED] - Statement - out.println("RQty : " + Rqty): null

2018-05-15 18:43:30 - [TEST_STEP][PASSED] - Statement - If (java.lang.Integer.valueOf(batchqty) >= java.lang.Integer.valueOf(Rqty)): null

2018-05-15 18:43:30 - [TEST_STEP][PASSED] - Statement - Else: null

2018-05-15 18:43:30 - [TEST_STEP][PASSED] - Statement - out.println("Batchqty Is Less Than Rqty"): null

2018-05-15 18:43:30 - [TEST_STEP][PASSED] - Statement - product = new com.kms.katalon.core.testobject.TestObject(): null

2018-05-15 18:43:30 - [TEST_STEP][PASSED] - Statement - product = com.kms.katalon.core.webui.keyword.WebUiBuiltInKeywords.modifyObjectProperty(product, "xpath", "equals", "//*[@id = "fldvendor" + row + ""]", true): Modify property of object successfully

2018-05-15 18:43:30 - [MESSAGE][PASSED] - Modify property of object successfully

2018-05-15 18:43:30 - [TEST_STEP][PASSED] - selectOptionByIndex: All options with index in [2] are selected on object ''

2018-05-15 18:43:30 - [MESSAGE][PASSED] - All options with index in [2] are selected on object ''

2018-05-15 18:43:30 - [TEST_STEP][PASSED] - Statement - batch = new com.kms.katalon.core.testobject.TestObject(): null

2018-05-15 18:43:30 - [TEST_STEP][PASSED] - Statement - batch = com.kms.katalon.core.webui.keyword.WebUiBuiltInKeywords.modifyObjectProperty(batch, "xpath", "equals", "//*[@id = "txtbthqty" + row + ""]", true): Modify property of object successfully

2018-05-15 18:43:30 - [MESSAGE][PASSED] - Modify property of object successfully

2018-05-15 18:43:30 - [TEST_STEP][PASSED] - Statement - batchqty = com.kms.katalon.core.webui.keyword.WebUiBuiltInKeywords.getAttribute(batch, "value").trim(): Attribute 'value' of object '' is: '5000'

2018-05-15 18:43:30 - [MESSAGE][PASSED] - Attribute 'value' of object '' is: '5000'

2018-05-15 18:43:30 - [TEST_STEP][PASSED] - Statement - Rqty = 10000: null

2018-05-15 18:43:30 - [TEST_STEP][PASSED] - delay: Delayed 2 second(s)

2018-05-15 18:43:32 - [MESSAGE][PASSED] - Delayed 2 second(s)

2018-05-15 18:43:32 - [TEST_STEP][PASSED] - Statement - out.println("BatchQty : " + batchqty): null

2018-05-15 18:43:32 - [TEST_STEP][PASSED] - Statement - out.println("RQty : " + Rqty): null

2018-05-15 18:43:32 - [TEST_STEP][PASSED] - Statement - If (java.lang.Integer.valueOf(batchqty) >= java.lang.Integer.valueOf(Rqty)): null

2018-05-15 18:43:32 - [TEST_STEP][PASSED] - Statement - Else: null

2018-05-15 18:43:32 - [TEST_STEP][PASSED] - Statement - out.println("Batchqty Is Less Than Rqty"): null

2018-05-15 18:43:32 - [TEST_STEP][PASSED] - Statement - product = new com.kms.katalon.core.testobject.TestObject(): null

2018-05-15 18:43:32 - [TEST_STEP][PASSED] - Statement - product = com.kms.katalon.core.webui.keyword.WebUiBuiltInKeywords.modifyObjectProperty(product, "xpath", "equals", "//*[@id = "fldvendor" + row + ""]", true): Modify property of object successfully

2018-05-15 18:43:32 - [MESSAGE][PASSED] - Modify property of object successfully

2018-05-15 18:43:32 - [TEST_STEP][PASSED] - selectOptionByIndex: All options with index in [3] are selected on object ''

2018-05-15 18:43:32 - [MESSAGE][PASSED] - All options with index in [3] are selected on object ''

2018-05-15 18:43:32 - [TEST_STEP][PASSED] - Statement - batch = new com.kms.katalon.core.testobject.TestObject(): null

2018-05-15 18:43:32 - [TEST_STEP][PASSED] - Statement - batch = com.kms.katalon.core.webui.keyword.WebUiBuiltInKeywords.modifyObjectProperty(batch, "xpath", "equals", "//*[@id = "txtbthqty" + row + ""]", true): Modify property of object successfully

2018-05-15 18:43:32 - [MESSAGE][PASSED] - Modify property of object successfully

2018-05-15 18:43:32 - [TEST_STEP][PASSED] - Statement - batchqty = com.kms.katalon.core.webui.keyword.WebUiBuiltInKeywords.getAttribute(batch, "value").trim(): Attribute 'value' of object '' is: '5000'

2018-05-15 18:43:32 - [MESSAGE][PASSED] - Attribute 'value' of object '' is: '5000'

2018-05-15 18:43:32 - [TEST_STEP][PASSED] - Statement - Rqty = 10000: null

2018-05-15 18:43:32 - [TEST_STEP][PASSED] - delay: Delayed 2 second(s)

2018-05-15 18:43:34 - [MESSAGE][PASSED] - Delayed 2 second(s)

2018-05-15 18:43:34 - [TEST_STEP][PASSED] - Statement - out.println("BatchQty : " + batchqty): null

2018-05-15 18:43:34 - [TEST_STEP][PASSED] - Statement - out.println("RQty : " + Rqty): null

2018-05-15 18:43:34 - [TEST_STEP][PASSED] - Statement - If (java.lang.Integer.valueOf(batchqty) >= java.lang.Integer.valueOf(Rqty)): null

2018-05-15 18:43:34 - [TEST_STEP][PASSED] - Statement - Else: null

2018-05-15 18:43:34 - [TEST_STEP][PASSED] - Statement - out.println("Batchqty Is Less Than Rqty"): null

2018-05-15 18:43:34 - [TEST_STEP][PASSED] - Statement - product = new com.kms.katalon.core.testobject.TestObject(): null

2018-05-15 18:43:34 - [TEST_STEP][PASSED] - Statement - product = com.kms.katalon.core.webui.keyword.WebUiBuiltInKeywords.modifyObjectProperty(product, "xpath", "equals", "//*[@id = "fldvendor" + row + ""]", true): Modify property of object successfully

2018-05-15 18:43:34 - [MESSAGE][PASSED] - Modify property of object successfully

2018-05-15 18:43:34 - [TEST_STEP][PASSED] - selectOptionByIndex: All options with index in [4] are selected on object ''

2018-05-15 18:43:34 - [MESSAGE][PASSED] - All options with index in [4] are selected on object ''

2018-05-15 18:43:34 - [TEST_STEP][PASSED] - Statement - batch = new com.kms.katalon.core.testobject.TestObject(): null

2018-05-15 18:43:34 - [TEST_STEP][PASSED] - Statement - batch = com.kms.katalon.core.webui.keyword.WebUiBuiltInKeywords.modifyObjectProperty(batch, "xpath", "equals", "//*[@id = "txtbthqty" + row + ""]", true): Modify property of object successfully

2018-05-15 18:43:34 - [MESSAGE][PASSED] - Modify property of object successfully

2018-05-15 18:43:34 - [TEST_STEP][PASSED] - Statement - batchqty = com.kms.katalon.core.webui.keyword.WebUiBuiltInKeywords.getAttribute(batch, "value").trim(): Attribute 'value' of object '' is: '100'

2018-05-15 18:43:34 - [MESSAGE][PASSED] - Attribute 'value' of object '' is: '100'

2018-05-15 18:43:34 - [TEST_STEP][PASSED] - Statement - Rqty = 10000: null

2018-05-15 18:43:34 - [TEST_STEP][PASSED] - delay: Delayed 2 second(s)

2018-05-15 18:43:36 - [MESSAGE][PASSED] - Delayed 2 second(s)

2018-05-15 18:43:36 - [TEST_STEP][PASSED] - Statement - out.println("BatchQty : " + batchqty): null

2018-05-15 18:43:36 - [TEST_STEP][PASSED] - Statement - out.println("RQty : " + Rqty): null

2018-05-15 18:43:36 - [TEST_STEP][PASSED] - Statement - If (java.lang.Integer.valueOf(batchqty) >= java.lang.Integer.valueOf(Rqty)): null

2018-05-15 18:43:36 - [TEST_STEP][PASSED] - Statement - Else: null

2018-05-15 18:43:36 - [TEST_STEP][PASSED] - Statement - out.println("Batchqty Is Less Than Rqty"): null

2018-05-15 18:43:36 - [TEST_STEP][PASSED] - Statement - product = new com.kms.katalon.core.testobject.TestObject(): null

2018-05-15 18:43:36 - [TEST_STEP][PASSED] - Statement - product = com.kms.katalon.core.webui.keyword.WebUiBuiltInKeywords.modifyObjectProperty(product, "xpath", "equals", "//*[@id = "fldvendor" + row + ""]", true): Modify property of object successfully

2018-05-15 18:43:36 - [MESSAGE][PASSED] - Modify property of object successfully

2018-05-15 18:43:36 - [TEST_STEP][PASSED] - selectOptionByIndex: All options with index in [5] are selected on object ''

2018-05-15 18:43:37 - [MESSAGE][PASSED] - All options with index in [5] are selected on object ''

2018-05-15 18:43:37 - [TEST_STEP][PASSED] - Statement - batch = new com.kms.katalon.core.testobject.TestObject(): null

2018-05-15 18:43:37 - [TEST_STEP][PASSED] - Statement - batch = com.kms.katalon.core.webui.keyword.WebUiBuiltInKeywords.modifyObjectProperty(batch, "xpath", "equals", "//*[@id = "txtbthqty" + row + ""]", true): Modify property of object successfully

2018-05-15 18:43:37 - [MESSAGE][PASSED] - Modify property of object successfully

2018-05-15 18:43:37 - [TEST_STEP][PASSED] - Statement - batchqty = com.kms.katalon.core.webui.keyword.WebUiBuiltInKeywords.getAttribute(batch, "value").trim(): Attribute 'value' of object '' is: '40000'

2018-05-15 18:43:37 - [MESSAGE][PASSED] - Attribute 'value' of object '' is: '40000'

2018-05-15 18:43:37 - [TEST_STEP][PASSED] - Statement - Rqty = 10000: null

2018-05-15 18:43:37 - [TEST_STEP][PASSED] - delay: Delayed 2 second(s)

2018-05-15 18:43:39 - [MESSAGE][PASSED] - Delayed 2 second(s)

2018-05-15 18:43:39 - [TEST_STEP][PASSED] - Statement - out.println("BatchQty : " + batchqty): null

2018-05-15 18:43:39 - [TEST_STEP][PASSED] - Statement - out.println("RQty : " + Rqty): null

2018-05-15 18:43:39 - [TEST_STEP][PASSED] - Statement - If (java.lang.Integer.valueOf(batchqty) >= java.lang.Integer.valueOf(Rqty)): null

2018-05-15 18:43:39 - [TEST_STEP][PASSED] - Statement - Break: null

2018-05-15 18:43:39 - [TEST_STEP][PASSED] - Statement - batchlength = new com.kms.katalon.core.testobject.TestObject(): null

2018-05-15 18:43:39 - [TEST_STEP][PASSED] - Statement - batchlength = com.kms.katalon.core.webui.keyword.WebUiBuiltInKeywords.modifyObjectProperty(batchlength, "xpath", "equals", "//*[@id = "fldvendor" + row + ""]", true): Modify property of object successfully

2018-05-15 18:43:39 - [MESSAGE][PASSED] - Modify property of object successfully

2018-05-15 18:43:39 - [TEST_STEP][PASSED] - Statement - batchsize = com.kms.katalon.core.webui.keyword.WebUiBuiltInKeywords.getNumberOfTotalOption(batchlength): 6 options of object '' counted

2018-05-15 18:43:39 - [MESSAGE][PASSED] - 6 options of object '' counted

2018-05-15 18:43:39 - [TEST_STEP][PASSED] - Statement - out.println("BatchSize : " + batchsize): null

2018-05-15 18:43:39 - [TEST_STEP][PASSED] - Statement - For ([n = 1, n <= batchsize - 1, (n++)]): null

2018-05-15 18:43:39 - [TEST_STEP][PASSED] - Statement - product = new com.kms.katalon.core.testobject.TestObject(): null

2018-05-15 18:43:39 - [TEST_STEP][PASSED] - Statement - product = com.kms.katalon.core.webui.keyword.WebUiBuiltInKeywords.modifyObjectProperty(product, "xpath", "equals", "//*[@id = "fldvendor" + row + ""]", true): Modify property of object successfully

2018-05-15 18:43:39 - [MESSAGE][PASSED] - Modify property of object successfully

2018-05-15 18:43:39 - [TEST_STEP][PASSED] - selectOptionByIndex: All options with index in [1] are selected on object ''

2018-05-15 18:43:39 - [MESSAGE][PASSED] - All options with index in [1] are selected on object ''

2018-05-15 18:43:39 - [TEST_STEP][PASSED] - Statement - batch = new com.kms.katalon.core.testobject.TestObject(): null

2018-05-15 18:43:39 - [TEST_STEP][PASSED] - Statement - batch = com.kms.katalon.core.webui.keyword.WebUiBuiltInKeywords.modifyObjectProperty(batch, "xpath", "equals", "//*[@id = "txtbthqty" + row + ""]", true): Modify property of object successfully

2018-05-15 18:43:39 - [MESSAGE][PASSED] - Modify property of object successfully

2018-05-15 18:43:39 - [TEST_STEP][PASSED] - Statement - batchqty = com.kms.katalon.core.webui.keyword.WebUiBuiltInKeywords.getAttribute(batch, "value").trim(): Attribute 'value' of object '' is: '40000'

2018-05-15 18:43:39 - [MESSAGE][PASSED] - Attribute 'value' of object '' is: '40000'

2018-05-15 18:43:39 - [TEST_STEP][PASSED] - Statement - Rqty = 10000: null

2018-05-15 18:43:39 - [TEST_STEP][PASSED] - delay: Delayed 2 second(s)

2018-05-15 18:43:41 - [MESSAGE][PASSED] - Delayed 2 second(s)

2018-05-15 18:43:41 - [TEST_STEP][PASSED] - Statement - out.println("BatchQty : " + batchqty): null

2018-05-15 18:43:41 - [TEST_STEP][PASSED] - Statement - out.println("RQty : " + Rqty): null

2018-05-15 18:43:41 - [TEST_STEP][PASSED] - Statement - If (java.lang.Integer.valueOf(batchqty) >= java.lang.Integer.valueOf(Rqty)): null

2018-05-15 18:43:41 - [TEST_STEP][PASSED] - Statement - Break: null

2018-05-15 18:43:41 - [TEST_STEP][PASSED] - Statement - batchlength = new com.kms.katalon.core.testobject.TestObject(): null

2018-05-15 18:43:41 - [TEST_STEP][PASSED] - Statement - batchlength = com.kms.katalon.core.webui.keyword.WebUiBuiltInKeywords.modifyObjectProperty(batchlength, "xpath", "equals", "//*[@id = "fldvendor" + row + ""]", true): Modify property of object successfully

2018-05-15 18:43:41 - [MESSAGE][PASSED] - Modify property of object successfully

2018-05-15 18:43:41 - [TEST_STEP][PASSED] - Statement - batchsize = com.kms.katalon.core.webui.keyword.WebUiBuiltInKeywords.getNumberOfTotalOption(batchlength): 6 options of object '' counted

2018-05-15 18:43:41 - [MESSAGE][PASSED] - 6 options of object '' counted

2018-05-15 18:43:41 - [TEST_STEP][PASSED] - Statement - out.println("BatchSize : " + batchsize): null

2018-05-15 18:43:41 - [TEST_STEP][PASSED] - Statement - For ([n = 1, n <= batchsize - 1, (n++)]): null

2018-05-15 18:43:41 - [TEST_STEP][PASSED] - Statement - product = new com.kms.katalon.core.testobject.TestObject(): null

2018-05-15 18:43:41 - [TEST_STEP][PASSED] - Statement - product = com.kms.katalon.core.webui.keyword.WebUiBuiltInKeywords.modifyObjectProperty(product, "xpath", "equals", "//*[@id = "fldvendor" + row + ""]", true): Modify property of object successfully

2018-05-15 18:43:41 - [MESSAGE][PASSED] - Modify property of object successfully

2018-05-15 18:43:41 - [TEST_STEP][PASSED] - selectOptionByIndex: All options with index in [1] are selected on object ''

2018-05-15 18:43:41 - [MESSAGE][PASSED] - All options with index in [1] are selected on object ''

2018-05-15 18:43:41 - [TEST_STEP][PASSED] - Statement - batch = new com.kms.katalon.core.testobject.TestObject(): null

2018-05-15 18:43:41 - [TEST_STEP][PASSED] - Statement - batch = com.kms.katalon.core.webui.keyword.WebUiBuiltInKeywords.modifyObjectProperty(batch, "xpath", "equals", "//*[@id = "txtbthqty" + row + ""]", true): Modify property of object successfully

2018-05-15 18:43:41 - [MESSAGE][PASSED] - Modify property of object successfully

2018-05-15 18:43:41 - [TEST_STEP][PASSED] - Statement - batchqty = com.kms.katalon.core.webui.keyword.WebUiBuiltInKeywords.getAttribute(batch, "value").trim(): Attribute 'value' of object '' is: '4800'

2018-05-15 18:43:41 - [MESSAGE][PASSED] - Attribute 'value' of object '' is: '4800'

2018-05-15 18:43:41 - [TEST_STEP][PASSED] - Statement - Rqty = 10000: null

2018-05-15 18:43:41 - [TEST_STEP][PASSED] - delay: Delayed 2 second(s)

2018-05-15 18:43:43 - [MESSAGE][PASSED] - Delayed 2 second(s)

2018-05-15 18:43:43 - [TEST_STEP][PASSED] - Statement - out.println("BatchQty : " + batchqty): null

2018-05-15 18:43:43 - [TEST_STEP][PASSED] - Statement - out.println("RQty : " + Rqty): null

2018-05-15 18:43:43 - [TEST_STEP][PASSED] - Statement - If (java.lang.Integer.valueOf(batchqty) >= java.lang.Integer.valueOf(Rqty)): null

2018-05-15 18:43:43 - [TEST_STEP][PASSED] - Statement - Else: null

2018-05-15 18:43:43 - [TEST_STEP][PASSED] - Statement - out.println("Batchqty Is Less Than Rqty"): null

2018-05-15 18:43:43 - [TEST_STEP][PASSED] - Statement - product = new com.kms.katalon.core.testobject.TestObject(): null

2018-05-15 18:43:43 - [TEST_STEP][PASSED] - Statement - product = com.kms.katalon.core.webui.keyword.WebUiBuiltInKeywords.modifyObjectProperty(product, "xpath", "equals", "//*[@id = "fldvendor" + row + ""]", true): Modify property of object successfully

2018-05-15 18:43:43 - [MESSAGE][PASSED] - Modify property of object successfully

2018-05-15 18:43:43 - [TEST_STEP][PASSED] - selectOptionByIndex: All options with index in [2] are selected on object ''

2018-05-15 18:43:43 - [MESSAGE][PASSED] - All options with index in [2] are selected on object ''

2018-05-15 18:43:43 - [TEST_STEP][PASSED] - Statement - batch = new com.kms.katalon.core.testobject.TestObject(): null

2018-05-15 18:43:43 - [TEST_STEP][PASSED] - Statement - batch = com.kms.katalon.core.webui.keyword.WebUiBuiltInKeywords.modifyObjectProperty(batch, "xpath", "equals", "//*[@id = "txtbthqty" + row + ""]", true): Modify property of object successfully

2018-05-15 18:43:43 - [MESSAGE][PASSED] - Modify property of object successfully

2018-05-15 18:43:43 - [TEST_STEP][PASSED] - Statement - batchqty = com.kms.katalon.core.webui.keyword.WebUiBuiltInKeywords.getAttribute(batch, "value").trim(): Attribute 'value' of object '' is: '40000'

2018-05-15 18:43:43 - [MESSAGE][PASSED] - Attribute 'value' of object '' is: '40000'

2018-05-15 18:43:43 - [TEST_STEP][PASSED] - Statement - Rqty = 10000: null

2018-05-15 18:43:43 - [TEST_STEP][PASSED] - delay: Delayed 2 second(s)

2018-05-15 18:43:45 - [MESSAGE][PASSED] - Delayed 2 second(s)

2018-05-15 18:43:45 - [TEST_STEP][PASSED] - Statement - out.println("BatchQty : " + batchqty): null

2018-05-15 18:43:45 - [TEST_STEP][PASSED] - Statement - out.println("RQty : " + Rqty): null

2018-05-15 18:43:45 - [TEST_STEP][PASSED] - Statement - If (java.lang.Integer.valueOf(batchqty) >= java.lang.Integer.valueOf(Rqty)): null

2018-05-15 18:43:45 - [TEST_STEP][PASSED] - Statement - Break: null

2018-05-15 18:43:45 - [TEST_STEP][PASSED] - Statement - batchlength = new com.kms.katalon.core.testobject.TestObject(): null

2018-05-15 18:43:45 - [TEST_STEP][PASSED] - Statement - batchlength = com.kms.katalon.core.webui.keyword.WebUiBuiltInKeywords.modifyObjectProperty(batchlength, "xpath", "equals", "//*[@id = "fldvendor" + row + ""]", true): Modify property of object successfully

2018-05-15 18:43:45 - [MESSAGE][PASSED] - Modify property of object successfully

2018-05-15 18:43:45 - [TEST_STEP][PASSED] - Statement - batchsize = com.kms.katalon.core.webui.keyword.WebUiBuiltInKeywords.getNumberOfTotalOption(batchlength): 5 options of object '' counted

2018-05-15 18:43:45 - [MESSAGE][PASSED] - 5 options of object '' counted

2018-05-15 18:43:45 - [TEST_STEP][PASSED] - Statement - out.println("BatchSize : " + batchsize): null

2018-05-15 18:43:45 - [TEST_STEP][PASSED] - Statement - For ([n = 1, n <= batchsize - 1, (n++)]): null

2018-05-15 18:43:45 - [TEST_STEP][PASSED] - Statement - product = new com.kms.katalon.core.testobject.TestObject(): null

2018-05-15 18:43:45 - [TEST_STEP][PASSED] - Statement - product = com.kms.katalon.core.webui.keyword.WebUiBuiltInKeywords.modifyObjectProperty(product, "xpath", "equals", "//*[@id = "fldvendor" + row + ""]", true): Modify property of object successfully

2018-05-15 18:43:45 - [MESSAGE][PASSED] - Modify property of object successfully

2018-05-15 18:43:45 - [TEST_STEP][PASSED] - selectOptionByIndex: All options with index in [1] are selected on object ''

2018-05-15 18:43:46 - [MESSAGE][PASSED] - All options with index in [1] are selected on object ''

2018-05-15 18:43:46 - [TEST_STEP][PASSED] - Statement - batch = new com.kms.katalon.core.testobject.TestObject(): null

2018-05-15 18:43:46 - [TEST_STEP][PASSED] - Statement - batch = com.kms.katalon.core.webui.keyword.WebUiBuiltInKeywords.modifyObjectProperty(batch, "xpath", "equals", "//*[@id = "txtbthqty" + row + ""]", true): Modify property of object successfully

2018-05-15 18:43:46 - [MESSAGE][PASSED] - Modify property of object successfully

2018-05-15 18:43:46 - [TEST_STEP][PASSED] - Statement - batchqty = com.kms.katalon.core.webui.keyword.WebUiBuiltInKeywords.getAttribute(batch, "value").trim(): Attribute 'value' of object '' is: '5000'

2018-05-15 18:43:46 - [MESSAGE][PASSED] - Attribute 'value' of object '' is: '5000'

2018-05-15 18:43:46 - [TEST_STEP][PASSED] - Statement - Rqty = 10000: null

2018-05-15 18:43:46 - [TEST_STEP][PASSED] - delay: Delayed 2 second(s)

2018-05-15 18:43:48 - [MESSAGE][PASSED] - Delayed 2 second(s)

2018-05-15 18:43:48 - [TEST_STEP][PASSED] - Statement - out.println("BatchQty : " + batchqty): null

2018-05-15 18:43:48 - [TEST_STEP][PASSED] - Statement - out.println("RQty : " + Rqty): null

2018-05-15 18:43:48 - [TEST_STEP][PASSED] - Statement - If (java.lang.Integer.valueOf(batchqty) >= java.lang.Integer.valueOf(Rqty)): null

2018-05-15 18:43:48 - [TEST_STEP][PASSED] - Statement - Else: null

2018-05-15 18:43:48 - [TEST_STEP][PASSED] - Statement - out.println("Batchqty Is Less Than Rqty"): null

2018-05-15 18:43:48 - [TEST_STEP][PASSED] - Statement - product = new com.kms.katalon.core.testobject.TestObject(): null

2018-05-15 18:43:48 - [TEST_STEP][PASSED] - Statement - product = com.kms.katalon.core.webui.keyword.WebUiBuiltInKeywords.modifyObjectProperty(product, "xpath", "equals", "//*[@id = "fldvendor" + row + ""]", true): Modify property of object successfully

2018-05-15 18:43:48 - [MESSAGE][PASSED] - Modify property of object successfully

2018-05-15 18:43:48 - [TEST_STEP][PASSED] - selectOptionByIndex: All options with index in [2] are selected on object ''

2018-05-15 18:43:48 - [MESSAGE][PASSED] - All options with index in [2] are selected on object ''

2018-05-15 18:43:48 - [TEST_STEP][PASSED] - Statement - batch = new com.kms.katalon.core.testobject.TestObject(): null

2018-05-15 18:43:48 - [TEST_STEP][PASSED] - Statement - batch = com.kms.katalon.core.webui.keyword.WebUiBuiltInKeywords.modifyObjectProperty(batch, "xpath", "equals", "//*[@id = "txtbthqty" + row + ""]", true): Modify property of object successfully

2018-05-15 18:43:48 - [MESSAGE][PASSED] - Modify property of object successfully

2018-05-15 18:43:48 - [TEST_STEP][PASSED] - Statement - batchqty = com.kms.katalon.core.webui.keyword.WebUiBuiltInKeywords.getAttribute(batch, "value").trim(): Attribute 'value' of object '' is: '40000'

2018-05-15 18:43:48 - [MESSAGE][PASSED] - Attribute 'value' of object '' is: '40000'

2018-05-15 18:43:48 - [TEST_STEP][PASSED] - Statement - Rqty = 10000: null

2018-05-15 18:43:48 - [TEST_STEP][PASSED] - delay: Delayed 2 second(s)

2018-05-15 18:43:50 - [MESSAGE][PASSED] - Delayed 2 second(s)

2018-05-15 18:43:50 - [TEST_STEP][PASSED] - Statement - out.println("BatchQty : " + batchqty): null

2018-05-15 18:43:50 - [TEST_STEP][PASSED] - Statement - out.println("RQty : " + Rqty): null

2018-05-15 18:43:50 - [TEST_STEP][PASSED] - Statement - If (java.lang.Integer.valueOf(batchqty) >= java.lang.Integer.valueOf(Rqty)): null

2018-05-15 18:43:50 - [TEST_STEP][PASSED] - Statement - Break: null

2018-05-15 18:43:50 - [TEST_STEP][PASSED] - Statement - batchlength = new com.kms.katalon.core.testobject.TestObject(): null

2018-05-15 18:43:50 - [TEST_STEP][PASSED] - Statement - batchlength = com.kms.katalon.core.webui.keyword.WebUiBuiltInKeywords.modifyObjectProperty(batchlength, "xpath", "equals", "//*[@id = "fldvendor" + row + ""]", true): Modify property of object successfully

2018-05-15 18:43:50 - [MESSAGE][PASSED] - Modify property of object successfully

2018-05-15 18:43:50 - [TEST_STEP][PASSED] - Statement - batchsize = com.kms.katalon.core.webui.keyword.WebUiBuiltInKeywords.getNumberOfTotalOption(batchlength): 5 options of object '' counted

2018-05-15 18:43:50 - [MESSAGE][PASSED] - 5 options of object '' counted

2018-05-15 18:43:50 - [TEST_STEP][PASSED] - Statement - out.println("BatchSize : " + batchsize): null

2018-05-15 18:43:50 - [TEST_STEP][PASSED] - Statement - For ([n = 1, n <= batchsize - 1, (n++)]): null

2018-05-15 18:43:50 - [TEST_STEP][PASSED] - Statement - product = new com.kms.katalon.core.testobject.TestObject(): null

2018-05-15 18:43:50 - [TEST_STEP][PASSED] - Statement - product = com.kms.katalon.core.webui.keyword.WebUiBuiltInKeywords.modifyObjectProperty(product, "xpath", "equals", "//*[@id = "fldvendor" + row + ""]", true): Modify property of object successfully

2018-05-15 18:43:50 - [MESSAGE][PASSED] - Modify property of object successfully

2018-05-15 18:43:50 - [TEST_STEP][PASSED] - selectOptionByIndex: All options with index in [1] are selected on object ''

2018-05-15 18:43:50 - [MESSAGE][PASSED] - All options with index in [1] are selected on object ''

2018-05-15 18:43:50 - [TEST_STEP][PASSED] - Statement - batch = new com.kms.katalon.core.testobject.TestObject(): null

2018-05-15 18:43:50 - [TEST_STEP][PASSED] - Statement - batch = com.kms.katalon.core.webui.keyword.WebUiBuiltInKeywords.modifyObjectProperty(batch, "xpath", "equals", "//*[@id = "txtbthqty" + row + ""]", true): Modify property of object successfully

2018-05-15 18:43:50 - [MESSAGE][PASSED] - Modify property of object successfully

2018-05-15 18:43:50 - [TEST_STEP][PASSED] - Statement - batchqty = com.kms.katalon.core.webui.keyword.WebUiBuiltInKeywords.getAttribute(batch, "value").trim(): Attribute 'value' of object '' is: '40000'

2018-05-15 18:43:50 - [MESSAGE][PASSED] - Attribute 'value' of object '' is: '40000'

2018-05-15 18:43:50 - [TEST_STEP][PASSED] - Statement - Rqty = 10000: null

2018-05-15 18:43:50 - [TEST_STEP][PASSED] - delay: Delayed 2 second(s)

2018-05-15 18:43:52 - [MESSAGE][PASSED] - Delayed 2 second(s)

2018-05-15 18:43:52 - [TEST_STEP][PASSED] - Statement - out.println("BatchQty : " + batchqty): null

2018-05-15 18:43:52 - [TEST_STEP][PASSED] - Statement - out.println("RQty : " + Rqty): null

2018-05-15 18:43:52 - [TEST_STEP][PASSED] - Statement - If (java.lang.Integer.valueOf(batchqty) >= java.lang.Integer.valueOf(Rqty)): null

2018-05-15 18:43:52 - [TEST_STEP][PASSED] - Statement - Break: null

2018-05-15 18:43:52 - [TEST_STEP][PASSED] - Statement - batchlength = new com.kms.katalon.core.testobject.TestObject(): null

2018-05-15 18:43:52 - [TEST_STEP][PASSED] - Statement - batchlength = com.kms.katalon.core.webui.keyword.WebUiBuiltInKeywords.modifyObjectProperty(batchlength, "xpath", "equals", "//*[@id = "fldvendor" + row + ""]", true): Modify property of object successfully

2018-05-15 18:43:52 - [MESSAGE][PASSED] - Modify property of object successfully

2018-05-15 18:43:52 - [TEST_STEP][PASSED] - Statement - batchsize = com.kms.katalon.core.webui.keyword.WebUiBuiltInKeywords.getNumberOfTotalOption(batchlength): 6 options of object '' counted

2018-05-15 18:43:52 - [MESSAGE][PASSED] - 6 options of object '' counted

2018-05-15 18:43:52 - [TEST_STEP][PASSED] - Statement - out.println("BatchSize : " + batchsize): null

2018-05-15 18:43:52 - [TEST_STEP][PASSED] - Statement - For ([n = 1, n <= batchsize - 1, (n++)]): null

2018-05-15 18:43:52 - [TEST_STEP][PASSED] - Statement - product = new com.kms.katalon.core.testobject.TestObject(): null

2018-05-15 18:43:52 - [TEST_STEP][PASSED] - Statement - product = com.kms.katalon.core.webui.keyword.WebUiBuiltInKeywords.modifyObjectProperty(product, "xpath", "equals", "//*[@id = "fldvendor" + row + ""]", true): Modify property of object successfully

2018-05-15 18:43:52 - [MESSAGE][PASSED] - Modify property of object successfully

2018-05-15 18:43:52 - [TEST_STEP][PASSED] - selectOptionByIndex: All options with index in [1] are selected on object ''

2018-05-15 18:43:52 - [MESSAGE][PASSED] - All options with index in [1] are selected on object ''

2018-05-15 18:43:52 - [TEST_STEP][PASSED] - Statement - batch = new com.kms.katalon.core.testobject.TestObject(): null

2018-05-15 18:43:52 - [TEST_STEP][PASSED] - Statement - batch = com.kms.katalon.core.webui.keyword.WebUiBuiltInKeywords.modifyObjectProperty(batch, "xpath", "equals", "//*[@id = "txtbthqty" + row + ""]", true): Modify property of object successfully

2018-05-15 18:43:52 - [MESSAGE][PASSED] - Modify property of object successfully

2018-05-15 18:43:52 - [TEST_STEP][PASSED] - Statement - batchqty = com.kms.katalon.core.webui.keyword.WebUiBuiltInKeywords.getAttribute(batch, "value").trim(): Attribute 'value' of object '' is: '5000'

2018-05-15 18:43:52 - [MESSAGE][PASSED] - Attribute 'value' of object '' is: '5000'

2018-05-15 18:43:52 - [TEST_STEP][PASSED] - Statement - Rqty = 10000: null

2018-05-15 18:43:52 - [TEST_STEP][PASSED] - delay: Delayed 2 second(s)

2018-05-15 18:43:54 - [MESSAGE][PASSED] - Delayed 2 second(s)

2018-05-15 18:43:54 - [TEST_STEP][PASSED] - Statement - out.println("BatchQty : " + batchqty): null

2018-05-15 18:43:54 - [TEST_STEP][PASSED] - Statement - out.println("RQty : " + Rqty): null

2018-05-15 18:43:54 - [TEST_STEP][PASSED] - Statement - If (java.lang.Integer.valueOf(batchqty) >= java.lang.Integer.valueOf(Rqty)): null

2018-05-15 18:43:54 - [TEST_STEP][PASSED] - Statement - Else: null

2018-05-15 18:43:54 - [TEST_STEP][PASSED] - Statement - out.println("Batchqty Is Less Than Rqty"): null

2018-05-15 18:43:54 - [TEST_STEP][PASSED] - Statement - product = new com.kms.katalon.core.testobject.TestObject(): null

2018-05-15 18:43:54 - [TEST_STEP][PASSED] - Statement - product = com.kms.katalon.core.webui.keyword.WebUiBuiltInKeywords.modifyObjectProperty(product, "xpath", "equals", "//*[@id = "fldvendor" + row + ""]", true): Modify property of object successfully

2018-05-15 18:43:54 - [MESSAGE][PASSED] - Modify property of object successfully

2018-05-15 18:43:54 - [TEST_STEP][PASSED] - selectOptionByIndex: All options with index in [2] are selected on object ''

2018-05-15 18:43:54 - [MESSAGE][PASSED] - All options with index in [2] are selected on object ''

2018-05-15 18:43:54 - [TEST_STEP][PASSED] - Statement - batch = new com.kms.katalon.core.testobject.TestObject(): null

2018-05-15 18:43:54 - [TEST_STEP][PASSED] - Statement - batch = com.kms.katalon.core.webui.keyword.WebUiBuiltInKeywords.modifyObjectProperty(batch, "xpath", "equals", "//*[@id = "txtbthqty" + row + ""]", true): Modify property of object successfully

2018-05-15 18:43:54 - [MESSAGE][PASSED] - Modify property of object successfully

2018-05-15 18:43:54 - [TEST_STEP][PASSED] - Statement - batchqty = com.kms.katalon.core.webui.keyword.WebUiBuiltInKeywords.getAttribute(batch, "value").trim(): Attribute 'value' of object '' is: '4800'

2018-05-15 18:43:54 - [MESSAGE][PASSED] - Attribute 'value' of object '' is: '4800'

2018-05-15 18:43:54 - [TEST_STEP][PASSED] - Statement - Rqty = 10000: null

2018-05-15 18:43:54 - [TEST_STEP][PASSED] - delay: Delayed 2 second(s)

2018-05-15 18:43:56 - [MESSAGE][PASSED] - Delayed 2 second(s)

2018-05-15 18:43:56 - [TEST_STEP][PASSED] - Statement - out.println("BatchQty : " + batchqty): null

2018-05-15 18:43:56 - [TEST_STEP][PASSED] - Statement - out.println("RQty : " + Rqty): null

2018-05-15 18:43:56 - [TEST_STEP][PASSED] - Statement - If (java.lang.Integer.valueOf(batchqty) >= java.lang.Integer.valueOf(Rqty)): null

2018-05-15 18:43:56 - [TEST_STEP][PASSED] - Statement - Else: null

2018-05-15 18:43:56 - [TEST_STEP][PASSED] - Statement - out.println("Batchqty Is Less Than Rqty"): null

2018-05-15 18:43:56 - [TEST_STEP][PASSED] - Statement - product = new com.kms.katalon.core.testobject.TestObject(): null

2018-05-15 18:43:56 - [TEST_STEP][PASSED] - Statement - product = com.kms.katalon.core.webui.keyword.WebUiBuiltInKeywords.modifyObjectProperty(product, "xpath", "equals", "//*[@id = "fldvendor" + row + ""]", true): Modify property of object successfully

2018-05-15 18:43:56 - [MESSAGE][PASSED] - Modify property of object successfully

2018-05-15 18:43:56 - [TEST_STEP][PASSED] - selectOptionByIndex: All options with index in [3] are selected on object ''

2018-05-15 18:43:57 - [MESSAGE][PASSED] - All options with index in [3] are selected on object ''

2018-05-15 18:43:57 - [TEST_STEP][PASSED] - Statement - batch = new com.kms.katalon.core.testobject.TestObject(): null

2018-05-15 18:43:57 - [TEST_STEP][PASSED] - Statement - batch = com.kms.katalon.core.webui.keyword.WebUiBuiltInKeywords.modifyObjectProperty(batch, "xpath", "equals", "//*[@id = "txtbthqty" + row + ""]", true): Modify property of object successfully

2018-05-15 18:43:57 - [MESSAGE][PASSED] - Modify property of object successfully

2018-05-15 18:43:57 - [TEST_STEP][PASSED] - Statement - batchqty = com.kms.katalon.core.webui.keyword.WebUiBuiltInKeywords.getAttribute(batch, "value").trim(): Attribute 'value' of object '' is: '100'

2018-05-15 18:43:57 - [MESSAGE][PASSED] - Attribute 'value' of object '' is: '100'

2018-05-15 18:43:57 - [TEST_STEP][PASSED] - Statement - Rqty = 10000: null

2018-05-15 18:43:57 - [TEST_STEP][PASSED] - delay: Delayed 2 second(s)

2018-05-15 18:43:59 - [MESSAGE][PASSED] - Delayed 2 second(s)

2018-05-15 18:43:59 - [TEST_STEP][PASSED] - Statement - out.println("BatchQty : " + batchqty): null

2018-05-15 18:43:59 - [TEST_STEP][PASSED] - Statement - out.println("RQty : " + Rqty): null

2018-05-15 18:43:59 - [TEST_STEP][PASSED] - Statement - If (java.lang.Integer.valueOf(batchqty) >= java.lang.Integer.valueOf(Rqty)): null

2018-05-15 18:43:59 - [TEST_STEP][PASSED] - Statement - Else: null

2018-05-15 18:43:59 - [TEST_STEP][PASSED] - Statement - out.println("Batchqty Is Less Than Rqty"): null

2018-05-15 18:43:59 - [TEST_STEP][PASSED] - Statement - product = new com.kms.katalon.core.testobject.TestObject(): null

2018-05-15 18:43:59 - [TEST_STEP][PASSED] - Statement - product = com.kms.katalon.core.webui.keyword.WebUiBuiltInKeywords.modifyObjectProperty(product, "xpath", "equals", "//*[@id = "fldvendor" + row + ""]", true): Modify property of object successfully

2018-05-15 18:43:59 - [MESSAGE][PASSED] - Modify property of object successfully

2018-05-15 18:43:59 - [TEST_STEP][PASSED] - selectOptionByIndex: All options with index in [4] are selected on object ''

2018-05-15 18:43:59 - [MESSAGE][PASSED] - All options with index in [4] are selected on object ''

2018-05-15 18:43:59 - [TEST_STEP][PASSED] - Statement - batch = new com.kms.katalon.core.testobject.TestObject(): null

2018-05-15 18:43:59 - [TEST_STEP][PASSED] - Statement - batch = com.kms.katalon.core.webui.keyword.WebUiBuiltInKeywords.modifyObjectProperty(batch, "xpath", "equals", "//*[@id = "txtbthqty" + row + ""]", true): Modify property of object successfully

2018-05-15 18:43:59 - [MESSAGE][PASSED] - Modify property of object successfully

2018-05-15 18:43:59 - [TEST_STEP][PASSED] - Statement - batchqty = com.kms.katalon.core.webui.keyword.WebUiBuiltInKeywords.getAttribute(batch, "value").trim(): Attribute 'value' of object '' is: '5000'

2018-05-15 18:43:59 - [MESSAGE][PASSED] - Attribute 'value' of object '' is: '5000'

2018-05-15 18:43:59 - [TEST_STEP][PASSED] - Statement - Rqty = 10000: null

2018-05-15 18:43:59 - [TEST_STEP][PASSED] - delay: Delayed 2 second(s)

2018-05-15 18:44:01 - [MESSAGE][PASSED] - Delayed 2 second(s)

2018-05-15 18:44:01 - [TEST_STEP][PASSED] - Statement - out.println("BatchQty : " + batchqty): null

2018-05-15 18:44:01 - [TEST_STEP][PASSED] - Statement - out.println("RQty : " + Rqty): null

2018-05-15 18:44:01 - [TEST_STEP][PASSED] - Statement - If (java.lang.Integer.valueOf(batchqty) >= java.lang.Integer.valueOf(Rqty)): null

2018-05-15 18:44:01 - [TEST_STEP][PASSED] - Statement - Else: null

2018-05-15 18:44:01 - [TEST_STEP][PASSED] - Statement - out.println("Batchqty Is Less Than Rqty"): null

2018-05-15 18:44:01 - [TEST_STEP][PASSED] - Statement - product = new com.kms.katalon.core.testobject.TestObject(): null

2018-05-15 18:44:01 - [TEST_STEP][PASSED] - Statement - product = com.kms.katalon.core.webui.keyword.WebUiBuiltInKeywords.modifyObjectProperty(product, "xpath", "equals", "//*[@id = "fldvendor" + row + ""]", true): Modify property of object successfully

2018-05-15 18:44:01 - [MESSAGE][PASSED] - Modify property of object successfully

2018-05-15 18:44:01 - [TEST_STEP][PASSED] - selectOptionByIndex: All options with index in [5] are selected on object ''

2018-05-15 18:44:01 - [MESSAGE][PASSED] - All options with index in [5] are selected on object ''

2018-05-15 18:44:01 - [TEST_STEP][PASSED] - Statement - batch = new com.kms.katalon.core.testobject.TestObject(): null

2018-05-15 18:44:01 - [TEST_STEP][PASSED] - Statement - batch = com.kms.katalon.core.webui.keyword.WebUiBuiltInKeywords.modifyObjectProperty(batch, "xpath", "equals", "//*[@id = "txtbthqty" + row + ""]", true): Modify property of object successfully

2018-05-15 18:44:01 - [MESSAGE][PASSED] - Modify property of object successfully

2018-05-15 18:44:01 - [TEST_STEP][PASSED] - Statement - batchqty = com.kms.katalon.core.webui.keyword.WebUiBuiltInKeywords.getAttribute(batch, "value").trim(): Attribute 'value' of object '' is: '40000'

2018-05-15 18:44:01 - [MESSAGE][PASSED] - Attribute 'value' of object '' is: '40000'

2018-05-15 18:44:01 - [TEST_STEP][PASSED] - Statement - Rqty = 10000: null

2018-05-15 18:44:01 - [TEST_STEP][PASSED] - delay: Delayed 2 second(s)

2018-05-15 18:44:03 - [MESSAGE][PASSED] - Delayed 2 second(s)

2018-05-15 18:44:03 - [TEST_STEP][PASSED] - Statement - out.println("BatchQty : " + batchqty): null

2018-05-15 18:44:03 - [TEST_STEP][PASSED] - Statement - out.println("RQty : " + Rqty): null

2018-05-15 18:44:03 - [TEST_STEP][PASSED] - Statement - If (java.lang.Integer.valueOf(batchqty) >= java.lang.Integer.valueOf(Rqty)): null

2018-05-15 18:44:03 - [TEST_STEP][PASSED] - Statement - Break: null

2018-05-15 18:44:03 - [TEST_STEP][PASSED] - Statement - batchlength = new com.kms.katalon.core.testobject.TestObject(): null

2018-05-15 18:44:03 - [TEST_STEP][PASSED] - Statement - batchlength = com.kms.katalon.core.webui.keyword.WebUiBuiltInKeywords.modifyObjectProperty(batchlength, "xpath", "equals", "//*[@id = "fldvendor" + row + ""]", true): Modify property of object successfully

2018-05-15 18:44:03 - [MESSAGE][PASSED] - Modify property of object successfully

2018-05-15 18:44:03 - [TEST_STEP][PASSED] - Statement - batchsize = com.kms.katalon.core.webui.keyword.WebUiBuiltInKeywords.getNumberOfTotalOption(batchlength): 6 options of object '' counted

2018-05-15 18:44:03 - [MESSAGE][PASSED] - 6 options of object '' counted

2018-05-15 18:44:03 - [TEST_STEP][PASSED] - Statement - out.println("BatchSize : " + batchsize): null

2018-05-15 18:44:03 - [TEST_STEP][PASSED] - Statement - For ([n = 1, n <= batchsize - 1, (n++)]): null

2018-05-15 18:44:03 - [TEST_STEP][PASSED] - Statement - product = new com.kms.katalon.core.testobject.TestObject(): null

2018-05-15 18:44:03 - [TEST_STEP][PASSED] - Statement - product = com.kms.katalon.core.webui.keyword.WebUiBuiltInKeywords.modifyObjectProperty(product, "xpath", "equals", "//*[@id = "fldvendor" + row + ""]", true): Modify property of object successfully

2018-05-15 18:44:03 - [MESSAGE][PASSED] - Modify property of object successfully

2018-05-15 18:44:03 - [TEST_STEP][PASSED] - selectOptionByIndex: All options with index in [1] are selected on object ''

2018-05-15 18:44:03 - [MESSAGE][PASSED] - All options with index in [1] are selected on object ''

2018-05-15 18:44:03 - [TEST_STEP][PASSED] - Statement - batch = new com.kms.katalon.core.testobject.TestObject(): null

2018-05-15 18:44:03 - [TEST_STEP][PASSED] - Statement - batch = com.kms.katalon.core.webui.keyword.WebUiBuiltInKeywords.modifyObjectProperty(batch, "xpath", "equals", "//*[@id = "txtbthqty" + row + ""]", true): Modify property of object successfully

2018-05-15 18:44:03 - [MESSAGE][PASSED] - Modify property of object successfully

2018-05-15 18:44:03 - [TEST_STEP][PASSED] - Statement - batchqty = com.kms.katalon.core.webui.keyword.WebUiBuiltInKeywords.getAttribute(batch, "value").trim(): Attribute 'value' of object '' is: '4800'

2018-05-15 18:44:03 - [MESSAGE][PASSED] - Attribute 'value' of object '' is: '4800'

2018-05-15 18:44:03 - [TEST_STEP][PASSED] - Statement - Rqty = 10000: null

2018-05-15 18:44:03 - [TEST_STEP][PASSED] - delay: Delayed 2 second(s)

2018-05-15 18:44:05 - [MESSAGE][PASSED] - Delayed 2 second(s)

2018-05-15 18:44:05 - [TEST_STEP][PASSED] - Statement - out.println("BatchQty : " + batchqty): null

2018-05-15 18:44:05 - [TEST_STEP][PASSED] - Statement - out.println("RQty : " + Rqty): null

2018-05-15 18:44:05 - [TEST_STEP][PASSED] - Statement - If (java.lang.Integer.valueOf(batchqty) >= java.lang.Integer.valueOf(Rqty)): null

2018-05-15 18:44:05 - [TEST_STEP][PASSED] - Statement - Else: null

2018-05-15 18:44:05 - [TEST_STEP][PASSED] - Statement - out.println("Batchqty Is Less Than Rqty"): null

2018-05-15 18:44:05 - [TEST_STEP][PASSED] - Statement - product = new com.kms.katalon.core.testobject.TestObject(): null

2018-05-15 18:44:05 - [TEST_STEP][PASSED] - Statement - product = com.kms.katalon.core.webui.keyword.WebUiBuiltInKeywords.modifyObjectProperty(product, "xpath", "equals", "//*[@id = "fldvendor" + row + ""]", true): Modify property of object successfully

2018-05-15 18:44:05 - [MESSAGE][PASSED] - Modify property of object successfully

2018-05-15 18:44:05 - [TEST_STEP][PASSED] - selectOptionByIndex: All options with index in [2] are selected on object ''

2018-05-15 18:44:05 - [MESSAGE][PASSED] - All options with index in [2] are selected on object ''

2018-05-15 18:44:05 - [TEST_STEP][PASSED] - Statement - batch = new com.kms.katalon.core.testobject.TestObject(): null

2018-05-15 18:44:05 - [TEST_STEP][PASSED] - Statement - batch = com.kms.katalon.core.webui.keyword.WebUiBuiltInKeywords.modifyObjectProperty(batch, "xpath", "equals", "//*[@id = "txtbthqty" + row + ""]", true): Modify property of object successfully

2018-05-15 18:44:05 - [MESSAGE][PASSED] - Modify property of object successfully

2018-05-15 18:44:05 - [TEST_STEP][PASSED] - Statement - batchqty = com.kms.katalon.core.webui.keyword.WebUiBuiltInKeywords.getAttribute(batch, "value").trim(): Attribute 'value' of object '' is: '5000'

2018-05-15 18:44:05 - [MESSAGE][PASSED] - Attribute 'value' of object '' is: '5000'

2018-05-15 18:44:05 - [TEST_STEP][PASSED] - Statement - Rqty = 10000: null

2018-05-15 18:44:05 - [TEST_STEP][PASSED] - delay: Delayed 2 second(s)

2018-05-15 18:44:07 - [MESSAGE][PASSED] - Delayed 2 second(s)

2018-05-15 18:44:07 - [TEST_STEP][PASSED] - Statement - out.println("BatchQty : " + batchqty): null

2018-05-15 18:44:07 - [TEST_STEP][PASSED] - Statement - out.println("RQty : " + Rqty): null

2018-05-15 18:44:07 - [TEST_STEP][PASSED] - Statement - If (java.lang.Integer.valueOf(batchqty) >= java.lang.Integer.valueOf(Rqty)): null

2018-05-15 18:44:07 - [TEST_STEP][PASSED] - Statement - Else: null

2018-05-15 18:44:07 - [TEST_STEP][PASSED] - Statement - out.println("Batchqty Is Less Than Rqty"): null

2018-05-15 18:44:07 - [TEST_STEP][PASSED] - Statement - product = new com.kms.katalon.core.testobject.TestObject(): null

2018-05-15 18:44:07 - [TEST_STEP][PASSED] - Statement - product = com.kms.katalon.core.webui.keyword.WebUiBuiltInKeywords.modifyObjectProperty(product, "xpath", "equals", "//*[@id = "fldvendor" + row + ""]", true): Modify property of object successfully

2018-05-15 18:44:07 - [MESSAGE][PASSED] - Modify property of object successfully

2018-05-15 18:44:07 - [TEST_STEP][PASSED] - selectOptionByIndex: All options with index in [3] are selected on object ''

2018-05-15 18:44:08 - [MESSAGE][PASSED] - All options with index in [3] are selected on object ''

2018-05-15 18:44:08 - [TEST_STEP][PASSED] - Statement - batch = new com.kms.katalon.core.testobject.TestObject(): null

2018-05-15 18:44:08 - [TEST_STEP][PASSED] - Statement - batch = com.kms.katalon.core.webui.keyword.WebUiBuiltInKeywords.modifyObjectProperty(batch, "xpath", "equals", "//*[@id = "txtbthqty" + row + ""]", true): Modify property of object successfully

2018-05-15 18:44:08 - [MESSAGE][PASSED] - Modify property of object successfully

2018-05-15 18:44:08 - [TEST_STEP][PASSED] - Statement - batchqty = com.kms.katalon.core.webui.keyword.WebUiBuiltInKeywords.getAttribute(batch, "value").trim(): Attribute 'value' of object '' is: '40000'

2018-05-15 18:44:08 - [MESSAGE][PASSED] - Attribute 'value' of object '' is: '40000'

2018-05-15 18:44:08 - [TEST_STEP][PASSED] - Statement - Rqty = 10000: null

2018-05-15 18:44:08 - [TEST_STEP][PASSED] - delay: Delayed 2 second(s)

2018-05-15 18:44:10 - [MESSAGE][PASSED] - Delayed 2 second(s)

2018-05-15 18:44:10 - [TEST_STEP][PASSED] - Statement - out.println("BatchQty : " + batchqty): null

2018-05-15 18:44:10 - [TEST_STEP][PASSED] - Statement - out.println("RQty : " + Rqty): null

2018-05-15 18:44:10 - [TEST_STEP][PASSED] - Statement - If (java.lang.Integer.valueOf(batchqty) >= java.lang.Integer.valueOf(Rqty)): null

2018-05-15 18:44:10 - [TEST_STEP][PASSED] - Statement - Break: null

2018-05-15 18:44:10 - [TEST_STEP][PASSED] - Statement - batchlength = new com.kms.katalon.core.testobject.TestObject(): null

2018-05-15 18:44:10 - [TEST_STEP][PASSED] - Statement - batchlength = com.kms.katalon.core.webui.keyword.WebUiBuiltInKeywords.modifyObjectProperty(batchlength, "xpath", "equals", "//*[@id = "fldvendor" + row + ""]", true): Modify property of object successfully

2018-05-15 18:44:10 - [MESSAGE][PASSED] - Modify property of object successfully

2018-05-15 18:44:10 - [TEST_STEP][PASSED] - Statement - batchsize = com.kms.katalon.core.webui.keyword.WebUiBuiltInKeywords.getNumberOfTotalOption(batchlength): 6 options of object '' counted

2018-05-15 18:44:10 - [MESSAGE][PASSED] - 6 options of object '' counted

2018-05-15 18:44:10 - [TEST_STEP][PASSED] - Statement - out.println("BatchSize : " + batchsize): null

2018-05-15 18:44:10 - [TEST_STEP][PASSED] - Statement - For ([n = 1, n <= batchsize - 1, (n++)]): null

2018-05-15 18:44:10 - [TEST_STEP][PASSED] - Statement - product = new com.kms.katalon.core.testobject.TestObject(): null

2018-05-15 18:44:10 - [TEST_STEP][PASSED] - Statement - product = com.kms.katalon.core.webui.keyword.WebUiBuiltInKeywords.modifyObjectProperty(product, "xpath", "equals", "//*[@id = "fldvendor" + row + ""]", true): Modify property of object successfully

2018-05-15 18:44:10 - [MESSAGE][PASSED] - Modify property of object successfully

2018-05-15 18:44:10 - [TEST_STEP][PASSED] - selectOptionByIndex: All options with index in [1] are selected on object ''

2018-05-15 18:44:10 - [MESSAGE][PASSED] - All options with index in [1] are selected on object ''

2018-05-15 18:44:10 - [TEST_STEP][PASSED] - Statement - batch = new com.kms.katalon.core.testobject.TestObject(): null

2018-05-15 18:44:10 - [TEST_STEP][PASSED] - Statement - batch = com.kms.katalon.core.webui.keyword.WebUiBuiltInKeywords.modifyObjectProperty(batch, "xpath", "equals", "//*[@id = "txtbthqty" + row + ""]", true): Modify property of object successfully

2018-05-15 18:44:10 - [MESSAGE][PASSED] - Modify property of object successfully

2018-05-15 18:44:10 - [TEST_STEP][PASSED] - Statement - batchqty = com.kms.katalon.core.webui.keyword.WebUiBuiltInKeywords.getAttribute(batch, "value").trim(): Attribute 'value' of object '' is: '5000'

2018-05-15 18:44:10 - [MESSAGE][PASSED] - Attribute 'value' of object '' is: '5000'

2018-05-15 18:44:10 - [TEST_STEP][PASSED] - Statement - Rqty = 10000: null

2018-05-15 18:44:10 - [TEST_STEP][PASSED] - delay: Delayed 2 second(s)

2018-05-15 18:44:12 - [MESSAGE][PASSED] - Delayed 2 second(s)

2018-05-15 18:44:12 - [TEST_STEP][PASSED] - Statement - out.println("BatchQty : " + batchqty): null

2018-05-15 18:44:12 - [TEST_STEP][PASSED] - Statement - out.println("RQty : " + Rqty): null

2018-05-15 18:44:12 - [TEST_STEP][PASSED] - Statement - If (java.lang.Integer.valueOf(batchqty) >= java.lang.Integer.valueOf(Rqty)): null

2018-05-15 18:44:12 - [TEST_STEP][PASSED] - Statement - Else: null

2018-05-15 18:44:12 - [TEST_STEP][PASSED] - Statement - out.println("Batchqty Is Less Than Rqty"): null

2018-05-15 18:44:12 - [TEST_STEP][PASSED] - Statement - product = new com.kms.katalon.core.testobject.TestObject(): null

2018-05-15 18:44:12 - [TEST_STEP][PASSED] - Statement - product = com.kms.katalon.core.webui.keyword.WebUiBuiltInKeywords.modifyObjectProperty(product, "xpath", "equals", "//*[@id = "fldvendor" + row + ""]", true): Modify property of object successfully

2018-05-15 18:44:12 - [MESSAGE][PASSED] - Modify property of object successfully

2018-05-15 18:44:12 - [TEST_STEP][PASSED] - selectOptionByIndex: All options with index in [2] are selected on object ''

2018-05-15 18:44:12 - [MESSAGE][PASSED] - All options with index in [2] are selected on object ''

2018-05-15 18:44:12 - [TEST_STEP][PASSED] - Statement - batch = new com.kms.katalon.core.testobject.TestObject(): null

2018-05-15 18:44:12 - [TEST_STEP][PASSED] - Statement - batch = com.kms.katalon.core.webui.keyword.WebUiBuiltInKeywords.modifyObjectProperty(batch, "xpath", "equals", "//*[@id = "txtbthqty" + row + ""]", true): Modify property of object successfully

2018-05-15 18:44:12 - [MESSAGE][PASSED] - Modify property of object successfully

2018-05-15 18:44:12 - [TEST_STEP][PASSED] - Statement - batchqty = com.kms.katalon.core.webui.keyword.WebUiBuiltInKeywords.getAttribute(batch, "value").trim(): Attribute 'value' of object '' is: '40000'

2018-05-15 18:44:12 - [MESSAGE][PASSED] - Attribute 'value' of object '' is: '40000'

2018-05-15 18:44:12 - [TEST_STEP][PASSED] - Statement - Rqty = 10000: null

2018-05-15 18:44:12 - [TEST_STEP][PASSED] - delay: Delayed 2 second(s)

2018-05-15 18:44:14 - [MESSAGE][PASSED] - Delayed 2 second(s)

2018-05-15 18:44:14 - [TEST_STEP][PASSED] - Statement - out.println("BatchQty : " + batchqty): null

2018-05-15 18:44:14 - [TEST_STEP][PASSED] - Statement - out.println("RQty : " + Rqty): null

2018-05-15 18:44:14 - [TEST_STEP][PASSED] - Statement - If (java.lang.Integer.valueOf(batchqty) >= java.lang.Integer.valueOf(Rqty)): null

2018-05-15 18:44:14 - [TEST_STEP][PASSED] - Statement - Break: null

2018-05-15 18:44:14 - [TEST_STEP][PASSED] - Statement - batchlength = new com.kms.katalon.core.testobject.TestObject(): null

2018-05-15 18:44:14 - [TEST_STEP][PASSED] - Statement - batchlength = com.kms.katalon.core.webui.keyword.WebUiBuiltInKeywords.modifyObjectProperty(batchlength, "xpath", "equals", "//*[@id = "fldvendor" + row + ""]", true): Modify property of object successfully

2018-05-15 18:44:14 - [MESSAGE][PASSED] - Modify property of object successfully

2018-05-15 18:44:14 - [TEST_STEP][PASSED] - Statement - batchsize = com.kms.katalon.core.webui.keyword.WebUiBuiltInKeywords.getNumberOfTotalOption(batchlength): 5 options of object '' counted

2018-05-15 18:44:14 - [MESSAGE][PASSED] - 5 options of object '' counted

2018-05-15 18:44:14 - [TEST_STEP][PASSED] - Statement - out.println("BatchSize : " + batchsize): null

2018-05-15 18:44:14 - [TEST_STEP][PASSED] - Statement - For ([n = 1, n <= batchsize - 1, (n++)]): null

2018-05-15 18:44:14 - [TEST_STEP][PASSED] - Statement - product = new com.kms.katalon.core.testobject.TestObject(): null

2018-05-15 18:44:14 - [TEST_STEP][PASSED] - Statement - product = com.kms.katalon.core.webui.keyword.WebUiBuiltInKeywords.modifyObjectProperty(product, "xpath", "equals", "//*[@id = "fldvendor" + row + ""]", true): Modify property of object successfully

2018-05-15 18:44:14 - [MESSAGE][PASSED] - Modify property of object successfully

2018-05-15 18:44:14 - [TEST_STEP][PASSED] - selectOptionByIndex: All options with index in [1] are selected on object ''

2018-05-15 18:44:14 - [MESSAGE][PASSED] - All options with index in [1] are selected on object ''

2018-05-15 18:44:14 - [TEST_STEP][PASSED] - Statement - batch = new com.kms.katalon.core.testobject.TestObject(): null

2018-05-15 18:44:14 - [TEST_STEP][PASSED] - Statement - batch = com.kms.katalon.core.webui.keyword.WebUiBuiltInKeywords.modifyObjectProperty(batch, "xpath", "equals", "//*[@id = "txtbthqty" + row + ""]", true): Modify property of object successfully

2018-05-15 18:44:14 - [MESSAGE][PASSED] - Modify property of object successfully

2018-05-15 18:44:14 - [TEST_STEP][PASSED] - Statement - batchqty = com.kms.katalon.core.webui.keyword.WebUiBuiltInKeywords.getAttribute(batch, "value").trim(): Attribute 'value' of object '' is: '40000'

2018-05-15 18:44:14 - [MESSAGE][PASSED] - Attribute 'value' of object '' is: '40000'

2018-05-15 18:44:14 - [TEST_STEP][PASSED] - Statement - Rqty = 10000: null

2018-05-15 18:44:14 - [TEST_STEP][PASSED] - delay: Delayed 2 second(s)

2018-05-15 18:44:16 - [MESSAGE][PASSED] - Delayed 2 second(s)

2018-05-15 18:44:16 - [TEST_STEP][PASSED] - Statement - out.println("BatchQty : " + batchqty): null

2018-05-15 18:44:16 - [TEST_STEP][PASSED] - Statement - out.println("RQty : " + Rqty): null

2018-05-15 18:44:16 - [TEST_STEP][PASSED] - Statement - If (java.lang.Integer.valueOf(batchqty) >= java.lang.Integer.valueOf(Rqty)): null

2018-05-15 18:44:16 - [TEST_STEP][PASSED] - Statement - Break: null

2018-05-15 18:44:16 - [TEST_STEP][PASSED] - click: Object: 'Object Repository/store Request Schedule 1/Page_KDMC - CMS/input_btndispatch' is clicked on

2018-05-15 18:44:16 - [MESSAGE][PASSED] - Object: 'Object Repository/store Request Schedule 1/Page_KDMC - CMS/input_btndispatch' is clicked on

2018-05-15 18:44:16 - [TEST_STEP][PASSED] - delay: Delayed 3 second(s)

2018-05-15 18:44:19 - [MESSAGE][PASSED] - Delayed 3 second(s)

2018-05-15 18:44:19 - [TEST_STEP][FAILED] - click: Unable to click on object 'Object Repository/store Request Schedule 1/Page_KDMC - CMS/button_OK' (Root cause: com.kms.katalon.core.webui.exception.WebElementNotFoundException: Web element with id: 'Object Repository/store Request Schedule 1/Page_KDMC - CMS/button_OK' located by 'By.xpath: /html[1]/body[@class="skin-blue  pace-done modal-open"]/div[@class="bootbox modal fade bootbox-alert in"]/div[@class="modal-dialog"]/div[@class="modal-content"]/div[@class="modal-footer"]/button[@class="btn btn-primary"][count(. | //button[@type = 'button' and (text() = 'OK' or . = 'OK')]) = count(//button[@type = 'button' and (text() = 'OK' or . = 'OK')])]' not found)

2018-05-15 18:44:51 - [MESSAGE][FAILED] - Unable to click on object 'Object Repository/store Request Schedule 1/Page_KDMC - CMS/button_OK' (Root cause: com.kms.katalon.core.webui.exception.WebElementNotFoundException: Web element with id: 'Object Repository/store Request Schedule 1/Page_KDMC - CMS/button_OK' located by 'By.xpath: /html[1]/body[@class="skin-blue  pace-done modal-open"]/div[@class="bootbox modal fade bootbox-alert in"]/div[@class="modal-dialog"]/div[@class="modal-content"]/div[@class="modal-footer"]/button[@class="btn btn-primary"][count(. | //button[@type = 'button' and (text() = 'OK' or . = 'OK')]) = count(//button[@type = 'button' and (text() = 'OK' or . = 'OK')])]' not found)
[[ATTACHMENT|C:\\Users\\Quality Analyst\\Katalon Studio\\ds\\Reports\\Store_Suit\\20180515_181358\\1526390091129.png]]]]></system-out>
         <system-err><![CDATA[2018-05-15 18:41:37 - [TEST_CASE][FAILED] - Test Cases/STORE TO CMS REQUEST TEST CASES/TC_STCMS_006 To Verify Schedule 6 Store To CMS Request Are Working Successfully Or Not: Test Cases/STORE TO CMS REQUEST TEST CASES/TC_STCMS_006 To Verify Schedule 6 Store To CMS Request Are Working Successfully Or Not FAILED because (of) Unable to click on object 'Object Repository/store Request Schedule 1/Page_KDMC - CMS/button_OK' (Root cause: com.kms.katalon.core.webui.exception.WebElementNotFoundException: Web element with id: 'Object Repository/store Request Schedule 1/Page_KDMC - CMS/button_OK' located by 'By.xpath: /html[1]/body[@class="skin-blue  pace-done modal-open"]/div[@class="bootbox modal fade bootbox-alert in"]/div[@class="modal-dialog"]/div[@class="modal-content"]/div[@class="modal-footer"]/button[@class="btn btn-primary"][count(. | //button[@type = 'button' and (text() = 'OK' or . = 'OK')]) = count(//button[@type = 'button' and (text() = 'OK' or . = 'OK')])]' not found)]]></system-err>
      </testcase>
      <testcase name="Test Cases/STORE TO CMS REQUEST TEST CASES/TC_STCMS_007 To Verify Schedule 7 Store To CMS Request Are Working Successfully Or Not" classname="Test Cases/STORE TO CMS REQUEST TEST CASES/TC_STCMS_007 To Verify Schedule 7 Store To CMS Request Are Working Successfully Or Not" status="FAILED">
         <failure type="FAILED" message="Unable to click on object 'Object Repository/store Request Schedule 1/Page_KDMC - CMS/button_OK' (Root cause: com.kms.katalon.core.webui.exception.WebElementNotFoundException: Web element with id: 'Object Repository/store Request Schedule 1/Page_KDMC - CMS/button_OK' located by 'By.xpath: /html[1]/body[@class=&quot;skin-blue  pace-done modal-open&quot;]/div[@class=&quot;bootbox modal fade bootbox-alert in&quot;]/div[@class=&quot;modal-dialog&quot;]/div[@class=&quot;modal-content&quot;]/div[@class=&quot;modal-footer&quot;]/button[@class=&quot;btn btn-primary&quot;][count(. | //button[@type = 'button' and (text() = 'OK' or . = 'OK')]) = count(//button[@type = 'button' and (text() = 'OK' or . = 'OK')])]' not found)"/>
         <system-out><![CDATA[2018-05-15 18:44:51 - [TEST_CASE][FAILED] - Test Cases/STORE TO CMS REQUEST TEST CASES/TC_STCMS_007 To Verify Schedule 7 Store To CMS Request Are Working Successfully Or Not: Test Cases/STORE TO CMS REQUEST TEST CASES/TC_STCMS_007 To Verify Schedule 7 Store To CMS Request Are Working Successfully Or Not FAILED because (of) Unable to click on object 'Object Repository/store Request Schedule 1/Page_KDMC - CMS/button_OK' (Root cause: com.kms.katalon.core.webui.exception.WebElementNotFoundException: Web element with id: 'Object Repository/store Request Schedule 1/Page_KDMC - CMS/button_OK' located by 'By.xpath: /html[1]/body[@class="skin-blue  pace-done modal-open"]/div[@class="bootbox modal fade bootbox-alert in"]/div[@class="modal-dialog"]/div[@class="modal-content"]/div[@class="modal-footer"]/button[@class="btn btn-primary"][count(. | //button[@type = 'button' and (text() = 'OK' or . = 'OK')]) = count(//button[@type = 'button' and (text() = 'OK' or . = 'OK')])]' not found)

2018-05-15 18:44:51 - [TEST_STEP][PASSED] - openBrowser: Browser is opened with url: ''

2018-05-15 18:44:51 - [MESSAGE][WARNING] - A browser is already opened. Closing browser and opening a new one

2018-05-15 18:44:54 - [MESSAGE][PASSED] - Browser is opened with url: ''

2018-05-15 18:44:54 - [TEST_STEP][PASSED] - Statement - out.println("Verify Schedule 7 STORE Request Are Working Successfully Or Not"): null

2018-05-15 18:44:54 - [TEST_STEP][PASSED] - navigateToUrl: Navigate to 'http://192.168.137.1/multihospital_new/' successfully

2018-05-15 18:44:56 - [MESSAGE][PASSED] - Navigate to 'http://192.168.137.1/multihospital_new/' successfully

2018-05-15 18:44:56 - [TEST_STEP][PASSED] - maximizeWindow: Current window maximized

2018-05-15 18:44:57 - [MESSAGE][PASSED] - Current window maximized

2018-05-15 18:44:57 - [TEST_STEP][PASSED] - click: Object: 'Object Repository/Store Request Schedule 1/Page_KDMC/a_Divisional Store' is clicked on

2018-05-15 18:44:58 - [MESSAGE][PASSED] - Object: 'Object Repository/Store Request Schedule 1/Page_KDMC/a_Divisional Store' is clicked on

2018-05-15 18:44:58 - [TEST_STEP][PASSED] - setText: Text 'ragu' is set on object 'Object Repository/Store Request Schedule 1/Page_Divisonal Store Login/input_txtusername'

2018-05-15 18:44:58 - [MESSAGE][PASSED] - Text 'ragu' is set on object 'Object Repository/Store Request Schedule 1/Page_Divisonal Store Login/input_txtusername'

2018-05-15 18:44:58 - [TEST_STEP][PASSED] - setText: Text '123' is set on object 'Object Repository/Store Request Schedule 1/Page_Divisonal Store Login/input_txtpassword'

2018-05-15 18:44:58 - [MESSAGE][PASSED] - Text '123' is set on object 'Object Repository/Store Request Schedule 1/Page_Divisonal Store Login/input_txtpassword'

2018-05-15 18:44:58 - [TEST_STEP][PASSED] - delay: Delayed 3 second(s)

2018-05-15 18:45:01 - [MESSAGE][PASSED] - Delayed 3 second(s)

2018-05-15 18:45:01 - [TEST_STEP][PASSED] - click: Object: 'Object Repository/Store Request Schedule 1/Page_Divisonal Store Login/button_Sign in' is clicked on

2018-05-15 18:45:02 - [MESSAGE][PASSED] - Object: 'Object Repository/Store Request Schedule 1/Page_Divisonal Store Login/button_Sign in' is clicked on

2018-05-15 18:45:02 - [TEST_STEP][PASSED] - delay: Delayed 3 second(s)

2018-05-15 18:45:05 - [MESSAGE][PASSED] - Delayed 3 second(s)

2018-05-15 18:45:05 - [TEST_STEP][PASSED] - click: Object: 'Object Repository/Store Request Schedule 1/Page_Store/a_CMS' is clicked on

2018-05-15 18:45:05 - [MESSAGE][PASSED] - Object: 'Object Repository/Store Request Schedule 1/Page_Store/a_CMS' is clicked on

2018-05-15 18:45:05 - [TEST_STEP][PASSED] - delay: Delayed 2 second(s)

2018-05-15 18:45:07 - [MESSAGE][PASSED] - Delayed 2 second(s)

2018-05-15 18:45:07 - [TEST_STEP][PASSED] - click: Object: 'Object Repository/Store Request Schedule 1/Page_Store/a_Request Send' is clicked on

2018-05-15 18:45:08 - [MESSAGE][PASSED] - Object: 'Object Repository/Store Request Schedule 1/Page_Store/a_Request Send' is clicked on

2018-05-15 18:45:08 - [TEST_STEP][PASSED] - selectOptionByIndex: All options with index in [1] are selected on object 'Object Repository/Store Request Schedule 1/Page_Store/select_--Select--'

2018-05-15 18:45:08 - [MESSAGE][PASSED] - All options with index in [1] are selected on object 'Object Repository/Store Request Schedule 1/Page_Store/select_--Select--'

2018-05-15 18:45:08 - [TEST_STEP][PASSED] - selectOptionByIndex: All options with index in [7] are selected on object 'Object Repository/Store Request Schedule 1/Page_Store/select_--Select--Schedule 1Inj'

2018-05-15 18:45:09 - [MESSAGE][PASSED] - All options with index in [7] are selected on object 'Object Repository/Store Request Schedule 1/Page_Store/select_--Select--Schedule 1Inj'

2018-05-15 18:45:09 - [TEST_STEP][PASSED] - Statement - SelectedOptions = com.kms.katalon.core.webui.keyword.WebUiBuiltInKeywords.getNumberOfTotalOption(com.kms.katalon.core.testobject.ObjectRepository.findTestObject(Store Request Schedule 1/Page_Store/select_--Select--Adernaline 0.)): 24 options of object 'Object Repository/Store Request Schedule 1/Page_Store/select_--Select--Adernaline 0.' counted

2018-05-15 18:45:09 - [MESSAGE][PASSED] - 24 options of object 'Object Repository/Store Request Schedule 1/Page_Store/select_--Select--Adernaline 0.' counted

2018-05-15 18:45:09 - [TEST_STEP][PASSED] - Statement - For ([y = 1, y < SelectedOptions, (y++)]): Object: 'Object Repository/Store Request Schedule 1/Page_Store/button_Add' is clicked on

2018-05-15 18:45:09 - [TEST_STEP][PASSED] - selectOptionByIndex: All options with index in [7] are selected on object 'Object Repository/Store Request Schedule 1/Page_Store/select_--Select--Schedule 1Inj'

2018-05-15 18:45:09 - [MESSAGE][PASSED] - All options with index in [7] are selected on object 'Object Repository/Store Request Schedule 1/Page_Store/select_--Select--Schedule 1Inj'

2018-05-15 18:45:09 - [TEST_STEP][PASSED] - delay: Delayed 1 second(s)

2018-05-15 18:45:10 - [MESSAGE][PASSED] - Delayed 1 second(s)

2018-05-15 18:45:10 - [TEST_STEP][PASSED] - selectOptionByIndex: All options with index in [1] are selected on object 'Object Repository/Store Request Schedule 1/Page_Store/select_--Select--Adernaline 0.'

2018-05-15 18:45:10 - [MESSAGE][PASSED] - All options with index in [1] are selected on object 'Object Repository/Store Request Schedule 1/Page_Store/select_--Select--Adernaline 0.'

2018-05-15 18:45:10 - [TEST_STEP][PASSED] - setText: Text '100' is set on object 'Object Repository/Store Request Schedule 1/Page_Store/input_txttreat'

2018-05-15 18:45:10 - [MESSAGE][PASSED] - Text '100' is set on object 'Object Repository/Store Request Schedule 1/Page_Store/input_txttreat'

2018-05-15 18:45:10 - [TEST_STEP][PASSED] - click: Object: 'Object Repository/Store Request Schedule 1/Page_Store/button_Add' is clicked on

2018-05-15 18:45:10 - [MESSAGE][PASSED] - Object: 'Object Repository/Store Request Schedule 1/Page_Store/button_Add' is clicked on

2018-05-15 18:45:10 - [TEST_STEP][PASSED] - selectOptionByIndex: All options with index in [7] are selected on object 'Object Repository/Store Request Schedule 1/Page_Store/select_--Select--Schedule 1Inj'

2018-05-15 18:45:10 - [MESSAGE][PASSED] - All options with index in [7] are selected on object 'Object Repository/Store Request Schedule 1/Page_Store/select_--Select--Schedule 1Inj'

2018-05-15 18:45:10 - [TEST_STEP][PASSED] - delay: Delayed 1 second(s)

2018-05-15 18:45:11 - [MESSAGE][PASSED] - Delayed 1 second(s)

2018-05-15 18:45:11 - [TEST_STEP][PASSED] - selectOptionByIndex: All options with index in [2] are selected on object 'Object Repository/Store Request Schedule 1/Page_Store/select_--Select--Adernaline 0.'

2018-05-15 18:45:12 - [MESSAGE][PASSED] - All options with index in [2] are selected on object 'Object Repository/Store Request Schedule 1/Page_Store/select_--Select--Adernaline 0.'

2018-05-15 18:45:12 - [TEST_STEP][PASSED] - setText: Text '100' is set on object 'Object Repository/Store Request Schedule 1/Page_Store/input_txttreat'

2018-05-15 18:45:12 - [MESSAGE][PASSED] - Text '100' is set on object 'Object Repository/Store Request Schedule 1/Page_Store/input_txttreat'

2018-05-15 18:45:12 - [TEST_STEP][PASSED] - click: Object: 'Object Repository/Store Request Schedule 1/Page_Store/button_Add' is clicked on

2018-05-15 18:45:12 - [MESSAGE][PASSED] - Object: 'Object Repository/Store Request Schedule 1/Page_Store/button_Add' is clicked on

2018-05-15 18:45:12 - [TEST_STEP][PASSED] - selectOptionByIndex: All options with index in [7] are selected on object 'Object Repository/Store Request Schedule 1/Page_Store/select_--Select--Schedule 1Inj'

2018-05-15 18:45:12 - [MESSAGE][PASSED] - All options with index in [7] are selected on object 'Object Repository/Store Request Schedule 1/Page_Store/select_--Select--Schedule 1Inj'

2018-05-15 18:45:12 - [TEST_STEP][PASSED] - delay: Delayed 1 second(s)

2018-05-15 18:45:13 - [MESSAGE][PASSED] - Delayed 1 second(s)

2018-05-15 18:45:13 - [TEST_STEP][PASSED] - selectOptionByIndex: All options with index in [3] are selected on object 'Object Repository/Store Request Schedule 1/Page_Store/select_--Select--Adernaline 0.'

2018-05-15 18:45:13 - [MESSAGE][PASSED] - All options with index in [3] are selected on object 'Object Repository/Store Request Schedule 1/Page_Store/select_--Select--Adernaline 0.'

2018-05-15 18:45:13 - [TEST_STEP][PASSED] - setText: Text '100' is set on object 'Object Repository/Store Request Schedule 1/Page_Store/input_txttreat'

2018-05-15 18:45:13 - [MESSAGE][PASSED] - Text '100' is set on object 'Object Repository/Store Request Schedule 1/Page_Store/input_txttreat'

2018-05-15 18:45:13 - [TEST_STEP][PASSED] - click: Object: 'Object Repository/Store Request Schedule 1/Page_Store/button_Add' is clicked on

2018-05-15 18:45:13 - [MESSAGE][PASSED] - Object: 'Object Repository/Store Request Schedule 1/Page_Store/button_Add' is clicked on

2018-05-15 18:45:13 - [TEST_STEP][PASSED] - selectOptionByIndex: All options with index in [7] are selected on object 'Object Repository/Store Request Schedule 1/Page_Store/select_--Select--Schedule 1Inj'

2018-05-15 18:45:13 - [MESSAGE][PASSED] - All options with index in [7] are selected on object 'Object Repository/Store Request Schedule 1/Page_Store/select_--Select--Schedule 1Inj'

2018-05-15 18:45:13 - [TEST_STEP][PASSED] - delay: Delayed 1 second(s)

2018-05-15 18:45:14 - [MESSAGE][PASSED] - Delayed 1 second(s)

2018-05-15 18:45:14 - [TEST_STEP][PASSED] - selectOptionByIndex: All options with index in [4] are selected on object 'Object Repository/Store Request Schedule 1/Page_Store/select_--Select--Adernaline 0.'

2018-05-15 18:45:15 - [MESSAGE][PASSED] - All options with index in [4] are selected on object 'Object Repository/Store Request Schedule 1/Page_Store/select_--Select--Adernaline 0.'

2018-05-15 18:45:15 - [TEST_STEP][PASSED] - setText: Text '100' is set on object 'Object Repository/Store Request Schedule 1/Page_Store/input_txttreat'

2018-05-15 18:45:15 - [MESSAGE][PASSED] - Text '100' is set on object 'Object Repository/Store Request Schedule 1/Page_Store/input_txttreat'

2018-05-15 18:45:15 - [TEST_STEP][PASSED] - click: Object: 'Object Repository/Store Request Schedule 1/Page_Store/button_Add' is clicked on

2018-05-15 18:45:15 - [MESSAGE][PASSED] - Object: 'Object Repository/Store Request Schedule 1/Page_Store/button_Add' is clicked on

2018-05-15 18:45:15 - [TEST_STEP][PASSED] - selectOptionByIndex: All options with index in [7] are selected on object 'Object Repository/Store Request Schedule 1/Page_Store/select_--Select--Schedule 1Inj'

2018-05-15 18:45:15 - [MESSAGE][PASSED] - All options with index in [7] are selected on object 'Object Repository/Store Request Schedule 1/Page_Store/select_--Select--Schedule 1Inj'

2018-05-15 18:45:15 - [TEST_STEP][PASSED] - delay: Delayed 1 second(s)

2018-05-15 18:45:16 - [MESSAGE][PASSED] - Delayed 1 second(s)

2018-05-15 18:45:16 - [TEST_STEP][PASSED] - selectOptionByIndex: All options with index in [5] are selected on object 'Object Repository/Store Request Schedule 1/Page_Store/select_--Select--Adernaline 0.'

2018-05-15 18:45:16 - [MESSAGE][PASSED] - All options with index in [5] are selected on object 'Object Repository/Store Request Schedule 1/Page_Store/select_--Select--Adernaline 0.'

2018-05-15 18:45:16 - [TEST_STEP][PASSED] - setText: Text '100' is set on object 'Object Repository/Store Request Schedule 1/Page_Store/input_txttreat'

2018-05-15 18:45:16 - [MESSAGE][PASSED] - Text '100' is set on object 'Object Repository/Store Request Schedule 1/Page_Store/input_txttreat'

2018-05-15 18:45:16 - [TEST_STEP][PASSED] - click: Object: 'Object Repository/Store Request Schedule 1/Page_Store/button_Add' is clicked on

2018-05-15 18:45:16 - [MESSAGE][PASSED] - Object: 'Object Repository/Store Request Schedule 1/Page_Store/button_Add' is clicked on

2018-05-15 18:45:16 - [TEST_STEP][PASSED] - selectOptionByIndex: All options with index in [7] are selected on object 'Object Repository/Store Request Schedule 1/Page_Store/select_--Select--Schedule 1Inj'

2018-05-15 18:45:16 - [MESSAGE][PASSED] - All options with index in [7] are selected on object 'Object Repository/Store Request Schedule 1/Page_Store/select_--Select--Schedule 1Inj'

2018-05-15 18:45:16 - [TEST_STEP][PASSED] - delay: Delayed 1 second(s)

2018-05-15 18:45:17 - [MESSAGE][PASSED] - Delayed 1 second(s)

2018-05-15 18:45:17 - [TEST_STEP][PASSED] - selectOptionByIndex: All options with index in [6] are selected on object 'Object Repository/Store Request Schedule 1/Page_Store/select_--Select--Adernaline 0.'

2018-05-15 18:45:18 - [MESSAGE][PASSED] - All options with index in [6] are selected on object 'Object Repository/Store Request Schedule 1/Page_Store/select_--Select--Adernaline 0.'

2018-05-15 18:45:18 - [TEST_STEP][PASSED] - setText: Text '100' is set on object 'Object Repository/Store Request Schedule 1/Page_Store/input_txttreat'

2018-05-15 18:45:18 - [MESSAGE][PASSED] - Text '100' is set on object 'Object Repository/Store Request Schedule 1/Page_Store/input_txttreat'

2018-05-15 18:45:18 - [TEST_STEP][PASSED] - click: Object: 'Object Repository/Store Request Schedule 1/Page_Store/button_Add' is clicked on

2018-05-15 18:45:18 - [MESSAGE][PASSED] - Object: 'Object Repository/Store Request Schedule 1/Page_Store/button_Add' is clicked on

2018-05-15 18:45:18 - [TEST_STEP][PASSED] - selectOptionByIndex: All options with index in [7] are selected on object 'Object Repository/Store Request Schedule 1/Page_Store/select_--Select--Schedule 1Inj'

2018-05-15 18:45:18 - [MESSAGE][PASSED] - All options with index in [7] are selected on object 'Object Repository/Store Request Schedule 1/Page_Store/select_--Select--Schedule 1Inj'

2018-05-15 18:45:18 - [TEST_STEP][PASSED] - delay: Delayed 1 second(s)

2018-05-15 18:45:19 - [MESSAGE][PASSED] - Delayed 1 second(s)

2018-05-15 18:45:19 - [TEST_STEP][PASSED] - selectOptionByIndex: All options with index in [7] are selected on object 'Object Repository/Store Request Schedule 1/Page_Store/select_--Select--Adernaline 0.'

2018-05-15 18:45:19 - [MESSAGE][PASSED] - All options with index in [7] are selected on object 'Object Repository/Store Request Schedule 1/Page_Store/select_--Select--Adernaline 0.'

2018-05-15 18:45:19 - [TEST_STEP][PASSED] - setText: Text '100' is set on object 'Object Repository/Store Request Schedule 1/Page_Store/input_txttreat'

2018-05-15 18:45:19 - [MESSAGE][PASSED] - Text '100' is set on object 'Object Repository/Store Request Schedule 1/Page_Store/input_txttreat'

2018-05-15 18:45:19 - [TEST_STEP][PASSED] - click: Object: 'Object Repository/Store Request Schedule 1/Page_Store/button_Add' is clicked on

2018-05-15 18:45:19 - [MESSAGE][PASSED] - Object: 'Object Repository/Store Request Schedule 1/Page_Store/button_Add' is clicked on

2018-05-15 18:45:19 - [TEST_STEP][PASSED] - selectOptionByIndex: All options with index in [7] are selected on object 'Object Repository/Store Request Schedule 1/Page_Store/select_--Select--Schedule 1Inj'

2018-05-15 18:45:19 - [MESSAGE][PASSED] - All options with index in [7] are selected on object 'Object Repository/Store Request Schedule 1/Page_Store/select_--Select--Schedule 1Inj'

2018-05-15 18:45:19 - [TEST_STEP][PASSED] - delay: Delayed 1 second(s)

2018-05-15 18:45:20 - [MESSAGE][PASSED] - Delayed 1 second(s)

2018-05-15 18:45:20 - [TEST_STEP][PASSED] - selectOptionByIndex: All options with index in [8] are selected on object 'Object Repository/Store Request Schedule 1/Page_Store/select_--Select--Adernaline 0.'

2018-05-15 18:45:21 - [MESSAGE][PASSED] - All options with index in [8] are selected on object 'Object Repository/Store Request Schedule 1/Page_Store/select_--Select--Adernaline 0.'

2018-05-15 18:45:21 - [TEST_STEP][PASSED] - setText: Text '100' is set on object 'Object Repository/Store Request Schedule 1/Page_Store/input_txttreat'

2018-05-15 18:45:21 - [MESSAGE][PASSED] - Text '100' is set on object 'Object Repository/Store Request Schedule 1/Page_Store/input_txttreat'

2018-05-15 18:45:21 - [TEST_STEP][PASSED] - click: Object: 'Object Repository/Store Request Schedule 1/Page_Store/button_Add' is clicked on

2018-05-15 18:45:21 - [MESSAGE][PASSED] - Object: 'Object Repository/Store Request Schedule 1/Page_Store/button_Add' is clicked on

2018-05-15 18:45:21 - [TEST_STEP][PASSED] - selectOptionByIndex: All options with index in [7] are selected on object 'Object Repository/Store Request Schedule 1/Page_Store/select_--Select--Schedule 1Inj'

2018-05-15 18:45:21 - [MESSAGE][PASSED] - All options with index in [7] are selected on object 'Object Repository/Store Request Schedule 1/Page_Store/select_--Select--Schedule 1Inj'

2018-05-15 18:45:21 - [TEST_STEP][PASSED] - delay: Delayed 1 second(s)

2018-05-15 18:45:22 - [MESSAGE][PASSED] - Delayed 1 second(s)

2018-05-15 18:45:22 - [TEST_STEP][PASSED] - selectOptionByIndex: All options with index in [9] are selected on object 'Object Repository/Store Request Schedule 1/Page_Store/select_--Select--Adernaline 0.'

2018-05-15 18:45:22 - [MESSAGE][PASSED] - All options with index in [9] are selected on object 'Object Repository/Store Request Schedule 1/Page_Store/select_--Select--Adernaline 0.'

2018-05-15 18:45:22 - [TEST_STEP][PASSED] - setText: Text '100' is set on object 'Object Repository/Store Request Schedule 1/Page_Store/input_txttreat'

2018-05-15 18:45:22 - [MESSAGE][PASSED] - Text '100' is set on object 'Object Repository/Store Request Schedule 1/Page_Store/input_txttreat'

2018-05-15 18:45:22 - [TEST_STEP][PASSED] - click: Object: 'Object Repository/Store Request Schedule 1/Page_Store/button_Add' is clicked on

2018-05-15 18:45:22 - [MESSAGE][PASSED] - Object: 'Object Repository/Store Request Schedule 1/Page_Store/button_Add' is clicked on

2018-05-15 18:45:22 - [TEST_STEP][PASSED] - selectOptionByIndex: All options with index in [7] are selected on object 'Object Repository/Store Request Schedule 1/Page_Store/select_--Select--Schedule 1Inj'

2018-05-15 18:45:23 - [MESSAGE][PASSED] - All options with index in [7] are selected on object 'Object Repository/Store Request Schedule 1/Page_Store/select_--Select--Schedule 1Inj'

2018-05-15 18:45:23 - [TEST_STEP][PASSED] - delay: Delayed 1 second(s)

2018-05-15 18:45:24 - [MESSAGE][PASSED] - Delayed 1 second(s)

2018-05-15 18:45:24 - [TEST_STEP][PASSED] - selectOptionByIndex: All options with index in [10] are selected on object 'Object Repository/Store Request Schedule 1/Page_Store/select_--Select--Adernaline 0.'

2018-05-15 18:45:24 - [MESSAGE][PASSED] - All options with index in [10] are selected on object 'Object Repository/Store Request Schedule 1/Page_Store/select_--Select--Adernaline 0.'

2018-05-15 18:45:24 - [TEST_STEP][PASSED] - setText: Text '100' is set on object 'Object Repository/Store Request Schedule 1/Page_Store/input_txttreat'

2018-05-15 18:45:24 - [MESSAGE][PASSED] - Text '100' is set on object 'Object Repository/Store Request Schedule 1/Page_Store/input_txttreat'

2018-05-15 18:45:24 - [TEST_STEP][PASSED] - click: Object: 'Object Repository/Store Request Schedule 1/Page_Store/button_Add' is clicked on

2018-05-15 18:45:24 - [MESSAGE][PASSED] - Object: 'Object Repository/Store Request Schedule 1/Page_Store/button_Add' is clicked on

2018-05-15 18:45:24 - [TEST_STEP][PASSED] - selectOptionByIndex: All options with index in [7] are selected on object 'Object Repository/Store Request Schedule 1/Page_Store/select_--Select--Schedule 1Inj'

2018-05-15 18:45:24 - [MESSAGE][PASSED] - All options with index in [7] are selected on object 'Object Repository/Store Request Schedule 1/Page_Store/select_--Select--Schedule 1Inj'

2018-05-15 18:45:24 - [TEST_STEP][PASSED] - delay: Delayed 1 second(s)

2018-05-15 18:45:25 - [MESSAGE][PASSED] - Delayed 1 second(s)

2018-05-15 18:45:25 - [TEST_STEP][PASSED] - selectOptionByIndex: All options with index in [11] are selected on object 'Object Repository/Store Request Schedule 1/Page_Store/select_--Select--Adernaline 0.'

2018-05-15 18:45:25 - [MESSAGE][PASSED] - All options with index in [11] are selected on object 'Object Repository/Store Request Schedule 1/Page_Store/select_--Select--Adernaline 0.'

2018-05-15 18:45:25 - [TEST_STEP][PASSED] - setText: Text '100' is set on object 'Object Repository/Store Request Schedule 1/Page_Store/input_txttreat'

2018-05-15 18:45:25 - [MESSAGE][PASSED] - Text '100' is set on object 'Object Repository/Store Request Schedule 1/Page_Store/input_txttreat'

2018-05-15 18:45:25 - [TEST_STEP][PASSED] - click: Object: 'Object Repository/Store Request Schedule 1/Page_Store/button_Add' is clicked on

2018-05-15 18:45:25 - [MESSAGE][PASSED] - Object: 'Object Repository/Store Request Schedule 1/Page_Store/button_Add' is clicked on

2018-05-15 18:45:25 - [TEST_STEP][PASSED] - selectOptionByIndex: All options with index in [7] are selected on object 'Object Repository/Store Request Schedule 1/Page_Store/select_--Select--Schedule 1Inj'

2018-05-15 18:45:26 - [MESSAGE][PASSED] - All options with index in [7] are selected on object 'Object Repository/Store Request Schedule 1/Page_Store/select_--Select--Schedule 1Inj'

2018-05-15 18:45:26 - [TEST_STEP][PASSED] - delay: Delayed 1 second(s)

2018-05-15 18:45:27 - [MESSAGE][PASSED] - Delayed 1 second(s)

2018-05-15 18:45:27 - [TEST_STEP][PASSED] - selectOptionByIndex: All options with index in [12] are selected on object 'Object Repository/Store Request Schedule 1/Page_Store/select_--Select--Adernaline 0.'

2018-05-15 18:45:27 - [MESSAGE][PASSED] - All options with index in [12] are selected on object 'Object Repository/Store Request Schedule 1/Page_Store/select_--Select--Adernaline 0.'

2018-05-15 18:45:27 - [TEST_STEP][PASSED] - setText: Text '100' is set on object 'Object Repository/Store Request Schedule 1/Page_Store/input_txttreat'

2018-05-15 18:45:27 - [MESSAGE][PASSED] - Text '100' is set on object 'Object Repository/Store Request Schedule 1/Page_Store/input_txttreat'

2018-05-15 18:45:27 - [TEST_STEP][PASSED] - click: Object: 'Object Repository/Store Request Schedule 1/Page_Store/button_Add' is clicked on

2018-05-15 18:45:27 - [MESSAGE][PASSED] - Object: 'Object Repository/Store Request Schedule 1/Page_Store/button_Add' is clicked on

2018-05-15 18:45:27 - [TEST_STEP][PASSED] - selectOptionByIndex: All options with index in [7] are selected on object 'Object Repository/Store Request Schedule 1/Page_Store/select_--Select--Schedule 1Inj'

2018-05-15 18:45:27 - [MESSAGE][PASSED] - All options with index in [7] are selected on object 'Object Repository/Store Request Schedule 1/Page_Store/select_--Select--Schedule 1Inj'

2018-05-15 18:45:27 - [TEST_STEP][PASSED] - delay: Delayed 1 second(s)

2018-05-15 18:45:28 - [MESSAGE][PASSED] - Delayed 1 second(s)

2018-05-15 18:45:28 - [TEST_STEP][PASSED] - selectOptionByIndex: All options with index in [13] are selected on object 'Object Repository/Store Request Schedule 1/Page_Store/select_--Select--Adernaline 0.'

2018-05-15 18:45:28 - [MESSAGE][PASSED] - All options with index in [13] are selected on object 'Object Repository/Store Request Schedule 1/Page_Store/select_--Select--Adernaline 0.'

2018-05-15 18:45:28 - [TEST_STEP][PASSED] - setText: Text '100' is set on object 'Object Repository/Store Request Schedule 1/Page_Store/input_txttreat'

2018-05-15 18:45:29 - [MESSAGE][PASSED] - Text '100' is set on object 'Object Repository/Store Request Schedule 1/Page_Store/input_txttreat'

2018-05-15 18:45:29 - [TEST_STEP][PASSED] - click: Object: 'Object Repository/Store Request Schedule 1/Page_Store/button_Add' is clicked on

2018-05-15 18:45:29 - [MESSAGE][PASSED] - Object: 'Object Repository/Store Request Schedule 1/Page_Store/button_Add' is clicked on

2018-05-15 18:45:29 - [TEST_STEP][PASSED] - selectOptionByIndex: All options with index in [7] are selected on object 'Object Repository/Store Request Schedule 1/Page_Store/select_--Select--Schedule 1Inj'

2018-05-15 18:45:29 - [MESSAGE][PASSED] - All options with index in [7] are selected on object 'Object Repository/Store Request Schedule 1/Page_Store/select_--Select--Schedule 1Inj'

2018-05-15 18:45:29 - [TEST_STEP][PASSED] - delay: Delayed 1 second(s)

2018-05-15 18:45:30 - [MESSAGE][PASSED] - Delayed 1 second(s)

2018-05-15 18:45:30 - [TEST_STEP][PASSED] - selectOptionByIndex: All options with index in [14] are selected on object 'Object Repository/Store Request Schedule 1/Page_Store/select_--Select--Adernaline 0.'

2018-05-15 18:45:30 - [MESSAGE][PASSED] - All options with index in [14] are selected on object 'Object Repository/Store Request Schedule 1/Page_Store/select_--Select--Adernaline 0.'

2018-05-15 18:45:30 - [TEST_STEP][PASSED] - setText: Text '100' is set on object 'Object Repository/Store Request Schedule 1/Page_Store/input_txttreat'

2018-05-15 18:45:30 - [MESSAGE][PASSED] - Text '100' is set on object 'Object Repository/Store Request Schedule 1/Page_Store/input_txttreat'

2018-05-15 18:45:30 - [TEST_STEP][PASSED] - click: Object: 'Object Repository/Store Request Schedule 1/Page_Store/button_Add' is clicked on

2018-05-15 18:45:30 - [MESSAGE][PASSED] - Object: 'Object Repository/Store Request Schedule 1/Page_Store/button_Add' is clicked on

2018-05-15 18:45:30 - [TEST_STEP][PASSED] - selectOptionByIndex: All options with index in [7] are selected on object 'Object Repository/Store Request Schedule 1/Page_Store/select_--Select--Schedule 1Inj'

2018-05-15 18:45:30 - [MESSAGE][PASSED] - All options with index in [7] are selected on object 'Object Repository/Store Request Schedule 1/Page_Store/select_--Select--Schedule 1Inj'

2018-05-15 18:45:30 - [TEST_STEP][PASSED] - delay: Delayed 1 second(s)

2018-05-15 18:45:31 - [MESSAGE][PASSED] - Delayed 1 second(s)

2018-05-15 18:45:31 - [TEST_STEP][PASSED] - selectOptionByIndex: All options with index in [15] are selected on object 'Object Repository/Store Request Schedule 1/Page_Store/select_--Select--Adernaline 0.'

2018-05-15 18:45:32 - [MESSAGE][PASSED] - All options with index in [15] are selected on object 'Object Repository/Store Request Schedule 1/Page_Store/select_--Select--Adernaline 0.'

2018-05-15 18:45:32 - [TEST_STEP][PASSED] - setText: Text '100' is set on object 'Object Repository/Store Request Schedule 1/Page_Store/input_txttreat'

2018-05-15 18:45:32 - [MESSAGE][PASSED] - Text '100' is set on object 'Object Repository/Store Request Schedule 1/Page_Store/input_txttreat'

2018-05-15 18:45:32 - [TEST_STEP][PASSED] - click: Object: 'Object Repository/Store Request Schedule 1/Page_Store/button_Add' is clicked on

2018-05-15 18:45:32 - [MESSAGE][PASSED] - Object: 'Object Repository/Store Request Schedule 1/Page_Store/button_Add' is clicked on

2018-05-15 18:45:32 - [TEST_STEP][PASSED] - selectOptionByIndex: All options with index in [7] are selected on object 'Object Repository/Store Request Schedule 1/Page_Store/select_--Select--Schedule 1Inj'

2018-05-15 18:45:32 - [MESSAGE][PASSED] - All options with index in [7] are selected on object 'Object Repository/Store Request Schedule 1/Page_Store/select_--Select--Schedule 1Inj'

2018-05-15 18:45:32 - [TEST_STEP][PASSED] - delay: Delayed 1 second(s)

2018-05-15 18:45:33 - [MESSAGE][PASSED] - Delayed 1 second(s)

2018-05-15 18:45:33 - [TEST_STEP][PASSED] - selectOptionByIndex: All options with index in [16] are selected on object 'Object Repository/Store Request Schedule 1/Page_Store/select_--Select--Adernaline 0.'

2018-05-15 18:45:33 - [MESSAGE][PASSED] - All options with index in [16] are selected on object 'Object Repository/Store Request Schedule 1/Page_Store/select_--Select--Adernaline 0.'

2018-05-15 18:45:33 - [TEST_STEP][PASSED] - setText: Text '100' is set on object 'Object Repository/Store Request Schedule 1/Page_Store/input_txttreat'

2018-05-15 18:45:33 - [MESSAGE][PASSED] - Text '100' is set on object 'Object Repository/Store Request Schedule 1/Page_Store/input_txttreat'

2018-05-15 18:45:33 - [TEST_STEP][PASSED] - click: Object: 'Object Repository/Store Request Schedule 1/Page_Store/button_Add' is clicked on

2018-05-15 18:45:33 - [MESSAGE][PASSED] - Object: 'Object Repository/Store Request Schedule 1/Page_Store/button_Add' is clicked on

2018-05-15 18:45:33 - [TEST_STEP][PASSED] - selectOptionByIndex: All options with index in [7] are selected on object 'Object Repository/Store Request Schedule 1/Page_Store/select_--Select--Schedule 1Inj'

2018-05-15 18:45:34 - [MESSAGE][PASSED] - All options with index in [7] are selected on object 'Object Repository/Store Request Schedule 1/Page_Store/select_--Select--Schedule 1Inj'

2018-05-15 18:45:34 - [TEST_STEP][PASSED] - delay: Delayed 1 second(s)

2018-05-15 18:45:35 - [MESSAGE][PASSED] - Delayed 1 second(s)

2018-05-15 18:45:35 - [TEST_STEP][PASSED] - selectOptionByIndex: All options with index in [17] are selected on object 'Object Repository/Store Request Schedule 1/Page_Store/select_--Select--Adernaline 0.'

2018-05-15 18:45:35 - [MESSAGE][PASSED] - All options with index in [17] are selected on object 'Object Repository/Store Request Schedule 1/Page_Store/select_--Select--Adernaline 0.'

2018-05-15 18:45:35 - [TEST_STEP][PASSED] - setText: Text '100' is set on object 'Object Repository/Store Request Schedule 1/Page_Store/input_txttreat'

2018-05-15 18:45:35 - [MESSAGE][PASSED] - Text '100' is set on object 'Object Repository/Store Request Schedule 1/Page_Store/input_txttreat'

2018-05-15 18:45:35 - [TEST_STEP][PASSED] - click: Object: 'Object Repository/Store Request Schedule 1/Page_Store/button_Add' is clicked on

2018-05-15 18:45:35 - [MESSAGE][PASSED] - Object: 'Object Repository/Store Request Schedule 1/Page_Store/button_Add' is clicked on

2018-05-15 18:45:35 - [TEST_STEP][PASSED] - selectOptionByIndex: All options with index in [7] are selected on object 'Object Repository/Store Request Schedule 1/Page_Store/select_--Select--Schedule 1Inj'

2018-05-15 18:45:35 - [MESSAGE][PASSED] - All options with index in [7] are selected on object 'Object Repository/Store Request Schedule 1/Page_Store/select_--Select--Schedule 1Inj'

2018-05-15 18:45:35 - [TEST_STEP][PASSED] - delay: Delayed 1 second(s)

2018-05-15 18:45:36 - [MESSAGE][PASSED] - Delayed 1 second(s)

2018-05-15 18:45:36 - [TEST_STEP][PASSED] - selectOptionByIndex: All options with index in [18] are selected on object 'Object Repository/Store Request Schedule 1/Page_Store/select_--Select--Adernaline 0.'

2018-05-15 18:45:37 - [MESSAGE][PASSED] - All options with index in [18] are selected on object 'Object Repository/Store Request Schedule 1/Page_Store/select_--Select--Adernaline 0.'

2018-05-15 18:45:37 - [TEST_STEP][PASSED] - setText: Text '100' is set on object 'Object Repository/Store Request Schedule 1/Page_Store/input_txttreat'

2018-05-15 18:45:37 - [MESSAGE][PASSED] - Text '100' is set on object 'Object Repository/Store Request Schedule 1/Page_Store/input_txttreat'

2018-05-15 18:45:37 - [TEST_STEP][PASSED] - click: Object: 'Object Repository/Store Request Schedule 1/Page_Store/button_Add' is clicked on

2018-05-15 18:45:37 - [MESSAGE][PASSED] - Object: 'Object Repository/Store Request Schedule 1/Page_Store/button_Add' is clicked on

2018-05-15 18:45:37 - [TEST_STEP][PASSED] - selectOptionByIndex: All options with index in [7] are selected on object 'Object Repository/Store Request Schedule 1/Page_Store/select_--Select--Schedule 1Inj'

2018-05-15 18:45:37 - [MESSAGE][PASSED] - All options with index in [7] are selected on object 'Object Repository/Store Request Schedule 1/Page_Store/select_--Select--Schedule 1Inj'

2018-05-15 18:45:37 - [TEST_STEP][PASSED] - delay: Delayed 1 second(s)

2018-05-15 18:45:38 - [MESSAGE][PASSED] - Delayed 1 second(s)

2018-05-15 18:45:38 - [TEST_STEP][PASSED] - selectOptionByIndex: All options with index in [19] are selected on object 'Object Repository/Store Request Schedule 1/Page_Store/select_--Select--Adernaline 0.'

2018-05-15 18:45:38 - [MESSAGE][PASSED] - All options with index in [19] are selected on object 'Object Repository/Store Request Schedule 1/Page_Store/select_--Select--Adernaline 0.'

2018-05-15 18:45:38 - [TEST_STEP][PASSED] - setText: Text '100' is set on object 'Object Repository/Store Request Schedule 1/Page_Store/input_txttreat'

2018-05-15 18:45:38 - [MESSAGE][PASSED] - Text '100' is set on object 'Object Repository/Store Request Schedule 1/Page_Store/input_txttreat'

2018-05-15 18:45:38 - [TEST_STEP][PASSED] - click: Object: 'Object Repository/Store Request Schedule 1/Page_Store/button_Add' is clicked on

2018-05-15 18:45:38 - [MESSAGE][PASSED] - Object: 'Object Repository/Store Request Schedule 1/Page_Store/button_Add' is clicked on

2018-05-15 18:45:38 - [TEST_STEP][PASSED] - selectOptionByIndex: All options with index in [7] are selected on object 'Object Repository/Store Request Schedule 1/Page_Store/select_--Select--Schedule 1Inj'

2018-05-15 18:45:38 - [MESSAGE][PASSED] - All options with index in [7] are selected on object 'Object Repository/Store Request Schedule 1/Page_Store/select_--Select--Schedule 1Inj'

2018-05-15 18:45:38 - [TEST_STEP][PASSED] - delay: Delayed 1 second(s)

2018-05-15 18:45:39 - [MESSAGE][PASSED] - Delayed 1 second(s)

2018-05-15 18:45:39 - [TEST_STEP][PASSED] - selectOptionByIndex: All options with index in [20] are selected on object 'Object Repository/Store Request Schedule 1/Page_Store/select_--Select--Adernaline 0.'

2018-05-15 18:45:40 - [MESSAGE][PASSED] - All options with index in [20] are selected on object 'Object Repository/Store Request Schedule 1/Page_Store/select_--Select--Adernaline 0.'

2018-05-15 18:45:40 - [TEST_STEP][PASSED] - setText: Text '100' is set on object 'Object Repository/Store Request Schedule 1/Page_Store/input_txttreat'

2018-05-15 18:45:40 - [MESSAGE][PASSED] - Text '100' is set on object 'Object Repository/Store Request Schedule 1/Page_Store/input_txttreat'

2018-05-15 18:45:40 - [TEST_STEP][PASSED] - click: Object: 'Object Repository/Store Request Schedule 1/Page_Store/button_Add' is clicked on

2018-05-15 18:45:40 - [MESSAGE][PASSED] - Object: 'Object Repository/Store Request Schedule 1/Page_Store/button_Add' is clicked on

2018-05-15 18:45:40 - [TEST_STEP][PASSED] - selectOptionByIndex: All options with index in [7] are selected on object 'Object Repository/Store Request Schedule 1/Page_Store/select_--Select--Schedule 1Inj'

2018-05-15 18:45:40 - [MESSAGE][PASSED] - All options with index in [7] are selected on object 'Object Repository/Store Request Schedule 1/Page_Store/select_--Select--Schedule 1Inj'

2018-05-15 18:45:40 - [TEST_STEP][PASSED] - delay: Delayed 1 second(s)

2018-05-15 18:45:41 - [MESSAGE][PASSED] - Delayed 1 second(s)

2018-05-15 18:45:41 - [TEST_STEP][PASSED] - selectOptionByIndex: All options with index in [21] are selected on object 'Object Repository/Store Request Schedule 1/Page_Store/select_--Select--Adernaline 0.'

2018-05-15 18:45:41 - [MESSAGE][PASSED] - All options with index in [21] are selected on object 'Object Repository/Store Request Schedule 1/Page_Store/select_--Select--Adernaline 0.'

2018-05-15 18:45:41 - [TEST_STEP][PASSED] - setText: Text '100' is set on object 'Object Repository/Store Request Schedule 1/Page_Store/input_txttreat'

2018-05-15 18:45:42 - [MESSAGE][PASSED] - Text '100' is set on object 'Object Repository/Store Request Schedule 1/Page_Store/input_txttreat'

2018-05-15 18:45:42 - [TEST_STEP][PASSED] - click: Object: 'Object Repository/Store Request Schedule 1/Page_Store/button_Add' is clicked on

2018-05-15 18:45:42 - [MESSAGE][PASSED] - Object: 'Object Repository/Store Request Schedule 1/Page_Store/button_Add' is clicked on

2018-05-15 18:45:42 - [TEST_STEP][PASSED] - selectOptionByIndex: All options with index in [7] are selected on object 'Object Repository/Store Request Schedule 1/Page_Store/select_--Select--Schedule 1Inj'

2018-05-15 18:45:42 - [MESSAGE][PASSED] - All options with index in [7] are selected on object 'Object Repository/Store Request Schedule 1/Page_Store/select_--Select--Schedule 1Inj'

2018-05-15 18:45:42 - [TEST_STEP][PASSED] - delay: Delayed 1 second(s)

2018-05-15 18:45:43 - [MESSAGE][PASSED] - Delayed 1 second(s)

2018-05-15 18:45:43 - [TEST_STEP][PASSED] - selectOptionByIndex: All options with index in [22] are selected on object 'Object Repository/Store Request Schedule 1/Page_Store/select_--Select--Adernaline 0.'

2018-05-15 18:45:43 - [MESSAGE][PASSED] - All options with index in [22] are selected on object 'Object Repository/Store Request Schedule 1/Page_Store/select_--Select--Adernaline 0.'

2018-05-15 18:45:43 - [TEST_STEP][PASSED] - setText: Text '100' is set on object 'Object Repository/Store Request Schedule 1/Page_Store/input_txttreat'

2018-05-15 18:45:43 - [MESSAGE][PASSED] - Text '100' is set on object 'Object Repository/Store Request Schedule 1/Page_Store/input_txttreat'

2018-05-15 18:45:43 - [TEST_STEP][PASSED] - click: Object: 'Object Repository/Store Request Schedule 1/Page_Store/button_Add' is clicked on

2018-05-15 18:45:43 - [MESSAGE][PASSED] - Object: 'Object Repository/Store Request Schedule 1/Page_Store/button_Add' is clicked on

2018-05-15 18:45:43 - [TEST_STEP][PASSED] - selectOptionByIndex: All options with index in [7] are selected on object 'Object Repository/Store Request Schedule 1/Page_Store/select_--Select--Schedule 1Inj'

2018-05-15 18:45:43 - [MESSAGE][PASSED] - All options with index in [7] are selected on object 'Object Repository/Store Request Schedule 1/Page_Store/select_--Select--Schedule 1Inj'

2018-05-15 18:45:43 - [TEST_STEP][PASSED] - delay: Delayed 1 second(s)

2018-05-15 18:45:44 - [MESSAGE][PASSED] - Delayed 1 second(s)

2018-05-15 18:45:44 - [TEST_STEP][PASSED] - selectOptionByIndex: All options with index in [23] are selected on object 'Object Repository/Store Request Schedule 1/Page_Store/select_--Select--Adernaline 0.'

2018-05-15 18:45:45 - [MESSAGE][PASSED] - All options with index in [23] are selected on object 'Object Repository/Store Request Schedule 1/Page_Store/select_--Select--Adernaline 0.'

2018-05-15 18:45:45 - [TEST_STEP][PASSED] - setText: Text '100' is set on object 'Object Repository/Store Request Schedule 1/Page_Store/input_txttreat'

2018-05-15 18:45:45 - [MESSAGE][PASSED] - Text '100' is set on object 'Object Repository/Store Request Schedule 1/Page_Store/input_txttreat'

2018-05-15 18:45:45 - [TEST_STEP][PASSED] - click: Object: 'Object Repository/Store Request Schedule 1/Page_Store/button_Add' is clicked on

2018-05-15 18:45:45 - [MESSAGE][PASSED] - Object: 'Object Repository/Store Request Schedule 1/Page_Store/button_Add' is clicked on

2018-05-15 18:45:45 - [TEST_STEP][PASSED] - delay: Delayed 2 second(s)

2018-05-15 18:45:47 - [MESSAGE][PASSED] - Delayed 2 second(s)

2018-05-15 18:45:47 - [TEST_STEP][PASSED] - scrollToElement: Scroll to object 'Object Repository/Store Request Schedule 1/Page_Store/input_btnsave' successfully

2018-05-15 18:45:47 - [MESSAGE][PASSED] - Scroll to object 'Object Repository/Store Request Schedule 1/Page_Store/input_btnsave' successfully

2018-05-15 18:45:47 - [TEST_STEP][PASSED] - click: Object: 'Object Repository/Store Request Schedule 1/Page_Store/input_btnsave' is clicked on

2018-05-15 18:45:47 - [MESSAGE][PASSED] - Object: 'Object Repository/Store Request Schedule 1/Page_Store/input_btnsave' is clicked on

2018-05-15 18:45:47 - [TEST_STEP][PASSED] - delay: Delayed 4 second(s)

2018-05-15 18:45:51 - [MESSAGE][PASSED] - Delayed 4 second(s)

2018-05-15 18:45:51 - [TEST_STEP][PASSED] - Statement - Cms_RequestNumber = com.kms.katalon.core.webui.keyword.WebUiBuiltInKeywords.getText(com.kms.katalon.core.testobject.ObjectRepository.findTestObject(Store Request Schedule 1/Page_Store/font_PRNO050520189)): Text of object 'Object Repository/Store Request Schedule 1/Page_Store/font_PRNO050520189' is: 'PRNO/15052018/153'

2018-05-15 18:45:51 - [MESSAGE][PASSED] - Text of object 'Object Repository/Store Request Schedule 1/Page_Store/font_PRNO050520189' is: 'PRNO/15052018/153'

2018-05-15 18:45:51 - [TEST_STEP][PASSED] - Statement - CR = Cms_RequestNumber.trim(): null

2018-05-15 18:45:51 - [TEST_STEP][PASSED] - Statement - out.println("RQ :" + Cms_RequestNumber): null

2018-05-15 18:45:51 - [TEST_STEP][PASSED] - Statement - RequestNumberID = Cms_RequestNumber.split("/")[2].trim(): null

2018-05-15 18:45:51 - [TEST_STEP][PASSED] - Statement - out.println("RQ ID :" + RequestNumberID): null

2018-05-15 18:45:51 - [TEST_STEP][PASSED] - delay: Delayed 3 second(s)

2018-05-15 18:45:54 - [MESSAGE][PASSED] - Delayed 3 second(s)

2018-05-15 18:45:54 - [TEST_STEP][PASSED] - Statement - ok = com.kms.katalon.core.webui.keyword.WebUiBuiltInKeywords.click(com.kms.katalon.core.testobject.ObjectRepository.findTestObject(Store Request Schedule 1/Page_Store/button_OK)): Object: 'Object Repository/Store Request Schedule 1/Page_Store/button_OK' is clicked on

2018-05-15 18:45:55 - [MESSAGE][PASSED] - Object: 'Object Repository/Store Request Schedule 1/Page_Store/button_OK' is clicked on

2018-05-15 18:45:55 - [TEST_STEP][PASSED] - delay: Delayed 3 second(s)

2018-05-15 18:45:58 - [MESSAGE][PASSED] - Delayed 3 second(s)

2018-05-15 18:45:58 - [TEST_STEP][PASSED] - click: Object: 'Object Repository/Store Request Schedule 1/Page_Store/a_dropdown-toggle' is clicked on

2018-05-15 18:45:58 - [MESSAGE][PASSED] - Object: 'Object Repository/Store Request Schedule 1/Page_Store/a_dropdown-toggle' is clicked on

2018-05-15 18:45:58 - [TEST_STEP][PASSED] - click: Object: 'Object Repository/Store Request Schedule 1/Page_Store/a_Sign out' is clicked on

2018-05-15 18:45:59 - [MESSAGE][PASSED] - Object: 'Object Repository/Store Request Schedule 1/Page_Store/a_Sign out' is clicked on

2018-05-15 18:45:59 - [TEST_STEP][PASSED] - delay: Delayed 3 second(s)

2018-05-15 18:46:02 - [MESSAGE][PASSED] - Delayed 3 second(s)

2018-05-15 18:46:02 - [TEST_STEP][PASSED] - click: Object: 'Object Repository/Store Request Schedule 1/Page_KDMC/a_CMO' is clicked on

2018-05-15 18:46:02 - [MESSAGE][PASSED] - Object: 'Object Repository/Store Request Schedule 1/Page_KDMC/a_CMO' is clicked on

2018-05-15 18:46:02 - [TEST_STEP][PASSED] - setText: Text 'guru' is set on object 'Object Repository/Store Request Schedule 1/Page_CMO login/input_txtusername'

2018-05-15 18:46:03 - [MESSAGE][PASSED] - Text 'guru' is set on object 'Object Repository/Store Request Schedule 1/Page_CMO login/input_txtusername'

2018-05-15 18:46:03 - [TEST_STEP][PASSED] - setText: Text '123' is set on object 'Object Repository/Store Request Schedule 1/Page_CMO login/input_txtpassword'

2018-05-15 18:46:03 - [MESSAGE][PASSED] - Text '123' is set on object 'Object Repository/Store Request Schedule 1/Page_CMO login/input_txtpassword'

2018-05-15 18:46:03 - [TEST_STEP][PASSED] - delay: Delayed 3 second(s)

2018-05-15 18:46:06 - [MESSAGE][PASSED] - Delayed 3 second(s)

2018-05-15 18:46:06 - [TEST_STEP][PASSED] - click: Object: 'Object Repository/Store Request Schedule 1/Page_CMO login/button_Sign in' is clicked on

2018-05-15 18:46:07 - [MESSAGE][PASSED] - Object: 'Object Repository/Store Request Schedule 1/Page_CMO login/button_Sign in' is clicked on

2018-05-15 18:46:07 - [TEST_STEP][PASSED] - delay: Delayed 2 second(s)

2018-05-15 18:46:09 - [MESSAGE][PASSED] - Delayed 2 second(s)

2018-05-15 18:46:09 - [TEST_STEP][PASSED] - click: Object: 'Object Repository/Store Request Schedule 1/Page_KDMC - CMO/span_Department Wise Request' is clicked on

2018-05-15 18:46:09 - [MESSAGE][PASSED] - Object: 'Object Repository/Store Request Schedule 1/Page_KDMC - CMO/span_Department Wise Request' is clicked on

2018-05-15 18:46:09 - [TEST_STEP][PASSED] - click: Object: 'Object Repository/Store Request Schedule 1/Page_KDMC - CMO/a_CMS Request' is clicked on

2018-05-15 18:46:09 - [MESSAGE][PASSED] - Object: 'Object Repository/Store Request Schedule 1/Page_KDMC - CMO/a_CMS Request' is clicked on

2018-05-15 18:46:09 - [TEST_STEP][PASSED] - click: Object: 'Object Repository/Store Request Schedule 1/Page_KDMC - CMO/a_CMS Request' is clicked on

2018-05-15 18:46:10 - [MESSAGE][PASSED] - Object: 'Object Repository/Store Request Schedule 1/Page_KDMC - CMO/a_CMS Request' is clicked on

2018-05-15 18:46:10 - [TEST_STEP][PASSED] - click: Object: 'Object Repository/Store Request Schedule 1/Page_KDMC - CMO/span_Divisional Store Request' is clicked on

2018-05-15 18:46:11 - [MESSAGE][PASSED] - Object: 'Object Repository/Store Request Schedule 1/Page_KDMC - CMO/span_Divisional Store Request' is clicked on

2018-05-15 18:46:11 - [TEST_STEP][PASSED] - delay: Delayed 2 second(s)

2018-05-15 18:46:13 - [MESSAGE][PASSED] - Delayed 2 second(s)

2018-05-15 18:46:13 - [TEST_STEP][PASSED] - Statement - approval = com.kms.katalon.core.webui.keyword.WebUiBuiltInKeywords.modifyObjectProperty(com.kms.katalon.core.testobject.ObjectRepository.findTestObject(Store Request Schedule 1/Page_KDMC - CMO/input_PRNO050520189), "xpath", "equals", "//*[@id=" + RequestNumberID + "]", true): Modify property of object successfully

2018-05-15 18:46:13 - [MESSAGE][PASSED] - Modify property of object successfully

2018-05-15 18:46:13 - [TEST_STEP][PASSED] - click: Object: 'Object Repository/Store Request Schedule 1/Page_KDMC - CMO/input_PRNO050520189' is clicked on

2018-05-15 18:46:13 - [MESSAGE][PASSED] - Object: 'Object Repository/Store Request Schedule 1/Page_KDMC - CMO/input_PRNO050520189' is clicked on

2018-05-15 18:46:13 - [TEST_STEP][PASSED] - delay: Delayed 2 second(s)

2018-05-15 18:46:15 - [MESSAGE][PASSED] - Delayed 2 second(s)

2018-05-15 18:46:15 - [TEST_STEP][PASSED] - selectOptionByIndex: All options with index in [1] are selected on object 'Object Repository/Store Request Schedule 1/Page_KDMC - CMO/select_--Select--'

2018-05-15 18:46:15 - [MESSAGE][PASSED] - All options with index in [1] are selected on object 'Object Repository/Store Request Schedule 1/Page_KDMC - CMO/select_--Select--'

2018-05-15 18:46:15 - [TEST_STEP][PASSED] - click: Object: 'Object Repository/Store Request Schedule 1/Page_KDMC - CMO/input_btnupdate' is clicked on

2018-05-15 18:46:15 - [MESSAGE][PASSED] - Object: 'Object Repository/Store Request Schedule 1/Page_KDMC - CMO/input_btnupdate' is clicked on

2018-05-15 18:46:15 - [TEST_STEP][PASSED] - delay: Delayed 2 second(s)

2018-05-15 18:46:17 - [MESSAGE][PASSED] - Delayed 2 second(s)

2018-05-15 18:46:17 - [TEST_STEP][PASSED] - click: Object: 'Object Repository/Store Request Schedule 1/Page_KDMC - CMO/button_OK' is clicked on

2018-05-15 18:46:18 - [MESSAGE][PASSED] - Object: 'Object Repository/Store Request Schedule 1/Page_KDMC - CMO/button_OK' is clicked on

2018-05-15 18:46:18 - [TEST_STEP][PASSED] - delay: Delayed 2 second(s)

2018-05-15 18:46:20 - [MESSAGE][PASSED] - Delayed 2 second(s)

2018-05-15 18:46:20 - [TEST_STEP][PASSED] - click: Object: 'Object Repository/Store Request Schedule 1/Page_KDMC - CMO/a_dropdown-toggle' is clicked on

2018-05-15 18:46:20 - [MESSAGE][PASSED] - Object: 'Object Repository/Store Request Schedule 1/Page_KDMC - CMO/a_dropdown-toggle' is clicked on

2018-05-15 18:46:20 - [TEST_STEP][PASSED] - click: Object: 'Object Repository/Store Request Schedule 1/Page_KDMC - CMO/a_Sign out' is clicked on

2018-05-15 18:46:20 - [MESSAGE][PASSED] - Object: 'Object Repository/Store Request Schedule 1/Page_KDMC - CMO/a_Sign out' is clicked on

2018-05-15 18:46:20 - [TEST_STEP][PASSED] - delay: Delayed 3 second(s)

2018-05-15 18:46:23 - [MESSAGE][PASSED] - Delayed 3 second(s)

2018-05-15 18:46:23 - [TEST_STEP][PASSED] - click: Object: 'Object Repository/store Request Schedule 1/Page_KDMC/a_CMS' is clicked on

2018-05-15 18:46:24 - [MESSAGE][PASSED] - Object: 'Object Repository/store Request Schedule 1/Page_KDMC/a_CMS' is clicked on

2018-05-15 18:46:24 - [TEST_STEP][PASSED] - setText: Text 'bala' is set on object 'Object Repository/store Request Schedule 1/Page_CMS login/input_txtusername'

2018-05-15 18:46:24 - [MESSAGE][PASSED] - Text 'bala' is set on object 'Object Repository/store Request Schedule 1/Page_CMS login/input_txtusername'

2018-05-15 18:46:24 - [TEST_STEP][PASSED] - setText: Text '123' is set on object 'Object Repository/store Request Schedule 1/Page_CMS login/input_txtpassword'

2018-05-15 18:46:24 - [MESSAGE][PASSED] - Text '123' is set on object 'Object Repository/store Request Schedule 1/Page_CMS login/input_txtpassword'

2018-05-15 18:46:24 - [TEST_STEP][PASSED] - delay: Delayed 3 second(s)

2018-05-15 18:46:27 - [MESSAGE][PASSED] - Delayed 3 second(s)

2018-05-15 18:46:27 - [TEST_STEP][PASSED] - click: Object: 'Object Repository/store Request Schedule 1/Page_CMS login/button_Sign in' is clicked on

2018-05-15 18:46:28 - [MESSAGE][PASSED] - Object: 'Object Repository/store Request Schedule 1/Page_CMS login/button_Sign in' is clicked on

2018-05-15 18:46:28 - [TEST_STEP][PASSED] - delay: Delayed 2 second(s)

2018-05-15 18:46:30 - [MESSAGE][PASSED] - Delayed 2 second(s)

2018-05-15 18:46:30 - [TEST_STEP][PASSED] - click: Object: 'Object Repository/store Request Schedule 1/Page_KDMC - CMS/a_Divisional Store' is clicked on

2018-05-15 18:46:30 - [MESSAGE][PASSED] - Object: 'Object Repository/store Request Schedule 1/Page_KDMC - CMS/a_Divisional Store' is clicked on

2018-05-15 18:46:30 - [TEST_STEP][PASSED] - delay: Delayed 2 second(s)

2018-05-15 18:46:32 - [MESSAGE][PASSED] - Delayed 2 second(s)

2018-05-15 18:46:32 - [TEST_STEP][PASSED] - click: Object: 'Object Repository/store Request Schedule 1/Page_KDMC - CMS/a_Dispatch Items' is clicked on

2018-05-15 18:46:33 - [MESSAGE][PASSED] - Object: 'Object Repository/store Request Schedule 1/Page_KDMC - CMS/a_Dispatch Items' is clicked on

2018-05-15 18:46:33 - [TEST_STEP][PASSED] - setText: Text 'PRNO/15052018/153' is set on object 'Object Repository/store Request Schedule 1/Page_KDMC - CMS/input'

2018-05-15 18:46:33 - [MESSAGE][PASSED] - Text 'PRNO/15052018/153' is set on object 'Object Repository/store Request Schedule 1/Page_KDMC - CMS/input'

2018-05-15 18:46:33 - [TEST_STEP][PASSED] - click: Object: 'Object Repository/store Request Schedule 1/Page_KDMC - CMS/td_text-center' is clicked on

2018-05-15 18:46:33 - [MESSAGE][PASSED] - Object: 'Object Repository/store Request Schedule 1/Page_KDMC - CMS/td_text-center' is clicked on

2018-05-15 18:46:33 - [TEST_STEP][PASSED] - delay: Delayed 2 second(s)

2018-05-15 18:46:35 - [MESSAGE][PASSED] - Delayed 2 second(s)

2018-05-15 18:46:35 - [TEST_STEP][PASSED] - Statement - For ([row = 0, row < SelectedOptions - 1, (row++)]): null

2018-05-15 18:46:35 - [TEST_STEP][PASSED] - Statement - batchlength = new com.kms.katalon.core.testobject.TestObject(): null

2018-05-15 18:46:35 - [TEST_STEP][PASSED] - Statement - batchlength = com.kms.katalon.core.webui.keyword.WebUiBuiltInKeywords.modifyObjectProperty(batchlength, "xpath", "equals", "//*[@id = "fldvendor" + row + ""]", true): Modify property of object successfully

2018-05-15 18:46:35 - [MESSAGE][PASSED] - Modify property of object successfully

2018-05-15 18:46:35 - [TEST_STEP][PASSED] - Statement - batchsize = com.kms.katalon.core.webui.keyword.WebUiBuiltInKeywords.getNumberOfTotalOption(batchlength): 6 options of object '' counted

2018-05-15 18:46:35 - [MESSAGE][PASSED] - 6 options of object '' counted

2018-05-15 18:46:35 - [TEST_STEP][PASSED] - Statement - out.println("BatchSize : " + batchsize): null

2018-05-15 18:46:35 - [TEST_STEP][PASSED] - Statement - For ([n = 1, n <= batchsize - 1, (n++)]): null

2018-05-15 18:46:35 - [TEST_STEP][PASSED] - Statement - product = new com.kms.katalon.core.testobject.TestObject(): null

2018-05-15 18:46:35 - [TEST_STEP][PASSED] - Statement - product = com.kms.katalon.core.webui.keyword.WebUiBuiltInKeywords.modifyObjectProperty(product, "xpath", "equals", "//*[@id = "fldvendor" + row + ""]", true): Modify property of object successfully

2018-05-15 18:46:35 - [MESSAGE][PASSED] - Modify property of object successfully

2018-05-15 18:46:35 - [TEST_STEP][PASSED] - selectOptionByIndex: All options with index in [1] are selected on object ''

2018-05-15 18:46:35 - [MESSAGE][PASSED] - All options with index in [1] are selected on object ''

2018-05-15 18:46:35 - [TEST_STEP][PASSED] - Statement - batch = new com.kms.katalon.core.testobject.TestObject(): null

2018-05-15 18:46:35 - [TEST_STEP][PASSED] - Statement - batch = com.kms.katalon.core.webui.keyword.WebUiBuiltInKeywords.modifyObjectProperty(batch, "xpath", "equals", "//*[@id = "txtbthqty" + row + ""]", true): Modify property of object successfully

2018-05-15 18:46:35 - [MESSAGE][PASSED] - Modify property of object successfully

2018-05-15 18:46:35 - [TEST_STEP][PASSED] - Statement - batchqty = com.kms.katalon.core.webui.keyword.WebUiBuiltInKeywords.getAttribute(batch, "value").trim(): Attribute 'value' of object '' is: '5000'

2018-05-15 18:46:35 - [MESSAGE][PASSED] - Attribute 'value' of object '' is: '5000'

2018-05-15 18:46:35 - [TEST_STEP][PASSED] - Statement - Rqty = 100: null

2018-05-15 18:46:35 - [TEST_STEP][PASSED] - delay: Delayed 2 second(s)

2018-05-15 18:46:37 - [MESSAGE][PASSED] - Delayed 2 second(s)

2018-05-15 18:46:37 - [TEST_STEP][PASSED] - Statement - out.println("BatchQty : " + batchqty): null

2018-05-15 18:46:37 - [TEST_STEP][PASSED] - Statement - out.println("RQty : " + Rqty): null

2018-05-15 18:46:37 - [TEST_STEP][PASSED] - Statement - If (java.lang.Integer.valueOf(batchqty) >= java.lang.Integer.valueOf(Rqty)): null

2018-05-15 18:46:37 - [TEST_STEP][PASSED] - Statement - Break: null

2018-05-15 18:46:37 - [TEST_STEP][PASSED] - Statement - batchlength = new com.kms.katalon.core.testobject.TestObject(): null

2018-05-15 18:46:37 - [TEST_STEP][PASSED] - Statement - batchlength = com.kms.katalon.core.webui.keyword.WebUiBuiltInKeywords.modifyObjectProperty(batchlength, "xpath", "equals", "//*[@id = "fldvendor" + row + ""]", true): Modify property of object successfully

2018-05-15 18:46:37 - [MESSAGE][PASSED] - Modify property of object successfully

2018-05-15 18:46:37 - [TEST_STEP][PASSED] - Statement - batchsize = com.kms.katalon.core.webui.keyword.WebUiBuiltInKeywords.getNumberOfTotalOption(batchlength): 6 options of object '' counted

2018-05-15 18:46:37 - [MESSAGE][PASSED] - 6 options of object '' counted

2018-05-15 18:46:37 - [TEST_STEP][PASSED] - Statement - out.println("BatchSize : " + batchsize): null

2018-05-15 18:46:37 - [TEST_STEP][PASSED] - Statement - For ([n = 1, n <= batchsize - 1, (n++)]): null

2018-05-15 18:46:37 - [TEST_STEP][PASSED] - Statement - product = new com.kms.katalon.core.testobject.TestObject(): null

2018-05-15 18:46:37 - [TEST_STEP][PASSED] - Statement - product = com.kms.katalon.core.webui.keyword.WebUiBuiltInKeywords.modifyObjectProperty(product, "xpath", "equals", "//*[@id = "fldvendor" + row + ""]", true): Modify property of object successfully

2018-05-15 18:46:37 - [MESSAGE][PASSED] - Modify property of object successfully

2018-05-15 18:46:37 - [TEST_STEP][PASSED] - selectOptionByIndex: All options with index in [1] are selected on object ''

2018-05-15 18:46:38 - [MESSAGE][PASSED] - All options with index in [1] are selected on object ''

2018-05-15 18:46:38 - [TEST_STEP][PASSED] - Statement - batch = new com.kms.katalon.core.testobject.TestObject(): null

2018-05-15 18:46:38 - [TEST_STEP][PASSED] - Statement - batch = com.kms.katalon.core.webui.keyword.WebUiBuiltInKeywords.modifyObjectProperty(batch, "xpath", "equals", "//*[@id = "txtbthqty" + row + ""]", true): Modify property of object successfully

2018-05-15 18:46:38 - [MESSAGE][PASSED] - Modify property of object successfully

2018-05-15 18:46:38 - [TEST_STEP][PASSED] - Statement - batchqty = com.kms.katalon.core.webui.keyword.WebUiBuiltInKeywords.getAttribute(batch, "value").trim(): Attribute 'value' of object '' is: '5000'

2018-05-15 18:46:38 - [MESSAGE][PASSED] - Attribute 'value' of object '' is: '5000'

2018-05-15 18:46:38 - [TEST_STEP][PASSED] - Statement - Rqty = 100: null

2018-05-15 18:46:38 - [TEST_STEP][PASSED] - delay: Delayed 2 second(s)

2018-05-15 18:46:40 - [MESSAGE][PASSED] - Delayed 2 second(s)

2018-05-15 18:46:40 - [TEST_STEP][PASSED] - Statement - out.println("BatchQty : " + batchqty): null

2018-05-15 18:46:40 - [TEST_STEP][PASSED] - Statement - out.println("RQty : " + Rqty): null

2018-05-15 18:46:40 - [TEST_STEP][PASSED] - Statement - If (java.lang.Integer.valueOf(batchqty) >= java.lang.Integer.valueOf(Rqty)): null

2018-05-15 18:46:40 - [TEST_STEP][PASSED] - Statement - Break: null

2018-05-15 18:46:40 - [TEST_STEP][PASSED] - Statement - batchlength = new com.kms.katalon.core.testobject.TestObject(): null

2018-05-15 18:46:40 - [TEST_STEP][PASSED] - Statement - batchlength = com.kms.katalon.core.webui.keyword.WebUiBuiltInKeywords.modifyObjectProperty(batchlength, "xpath", "equals", "//*[@id = "fldvendor" + row + ""]", true): Modify property of object successfully

2018-05-15 18:46:40 - [MESSAGE][PASSED] - Modify property of object successfully

2018-05-15 18:46:40 - [TEST_STEP][PASSED] - Statement - batchsize = com.kms.katalon.core.webui.keyword.WebUiBuiltInKeywords.getNumberOfTotalOption(batchlength): 6 options of object '' counted

2018-05-15 18:46:40 - [MESSAGE][PASSED] - 6 options of object '' counted

2018-05-15 18:46:40 - [TEST_STEP][PASSED] - Statement - out.println("BatchSize : " + batchsize): null

2018-05-15 18:46:40 - [TEST_STEP][PASSED] - Statement - For ([n = 1, n <= batchsize - 1, (n++)]): null

2018-05-15 18:46:40 - [TEST_STEP][PASSED] - Statement - product = new com.kms.katalon.core.testobject.TestObject(): null

2018-05-15 18:46:40 - [TEST_STEP][PASSED] - Statement - product = com.kms.katalon.core.webui.keyword.WebUiBuiltInKeywords.modifyObjectProperty(product, "xpath", "equals", "//*[@id = "fldvendor" + row + ""]", true): Modify property of object successfully

2018-05-15 18:46:40 - [MESSAGE][PASSED] - Modify property of object successfully

2018-05-15 18:46:40 - [TEST_STEP][PASSED] - selectOptionByIndex: All options with index in [1] are selected on object ''

2018-05-15 18:46:40 - [MESSAGE][PASSED] - All options with index in [1] are selected on object ''

2018-05-15 18:46:40 - [TEST_STEP][PASSED] - Statement - batch = new com.kms.katalon.core.testobject.TestObject(): null

2018-05-15 18:46:40 - [TEST_STEP][PASSED] - Statement - batch = com.kms.katalon.core.webui.keyword.WebUiBuiltInKeywords.modifyObjectProperty(batch, "xpath", "equals", "//*[@id = "txtbthqty" + row + ""]", true): Modify property of object successfully

2018-05-15 18:46:40 - [MESSAGE][PASSED] - Modify property of object successfully

2018-05-15 18:46:40 - [TEST_STEP][PASSED] - Statement - batchqty = com.kms.katalon.core.webui.keyword.WebUiBuiltInKeywords.getAttribute(batch, "value").trim(): Attribute 'value' of object '' is: '40000'

2018-05-15 18:46:40 - [MESSAGE][PASSED] - Attribute 'value' of object '' is: '40000'

2018-05-15 18:46:40 - [TEST_STEP][PASSED] - Statement - Rqty = 100: null

2018-05-15 18:46:40 - [TEST_STEP][PASSED] - delay: Delayed 2 second(s)

2018-05-15 18:46:42 - [MESSAGE][PASSED] - Delayed 2 second(s)

2018-05-15 18:46:42 - [TEST_STEP][PASSED] - Statement - out.println("BatchQty : " + batchqty): null

2018-05-15 18:46:42 - [TEST_STEP][PASSED] - Statement - out.println("RQty : " + Rqty): null

2018-05-15 18:46:42 - [TEST_STEP][PASSED] - Statement - If (java.lang.Integer.valueOf(batchqty) >= java.lang.Integer.valueOf(Rqty)): null

2018-05-15 18:46:42 - [TEST_STEP][PASSED] - Statement - Break: null

2018-05-15 18:46:42 - [TEST_STEP][PASSED] - Statement - batchlength = new com.kms.katalon.core.testobject.TestObject(): null

2018-05-15 18:46:42 - [TEST_STEP][PASSED] - Statement - batchlength = com.kms.katalon.core.webui.keyword.WebUiBuiltInKeywords.modifyObjectProperty(batchlength, "xpath", "equals", "//*[@id = "fldvendor" + row + ""]", true): Modify property of object successfully

2018-05-15 18:46:42 - [MESSAGE][PASSED] - Modify property of object successfully

2018-05-15 18:46:42 - [TEST_STEP][PASSED] - Statement - batchsize = com.kms.katalon.core.webui.keyword.WebUiBuiltInKeywords.getNumberOfTotalOption(batchlength): 6 options of object '' counted

2018-05-15 18:46:42 - [MESSAGE][PASSED] - 6 options of object '' counted

2018-05-15 18:46:42 - [TEST_STEP][PASSED] - Statement - out.println("BatchSize : " + batchsize): null

2018-05-15 18:46:42 - [TEST_STEP][PASSED] - Statement - For ([n = 1, n <= batchsize - 1, (n++)]): null

2018-05-15 18:46:42 - [TEST_STEP][PASSED] - Statement - product = new com.kms.katalon.core.testobject.TestObject(): null

2018-05-15 18:46:42 - [TEST_STEP][PASSED] - Statement - product = com.kms.katalon.core.webui.keyword.WebUiBuiltInKeywords.modifyObjectProperty(product, "xpath", "equals", "//*[@id = "fldvendor" + row + ""]", true): Modify property of object successfully

2018-05-15 18:46:42 - [MESSAGE][PASSED] - Modify property of object successfully

2018-05-15 18:46:42 - [TEST_STEP][PASSED] - selectOptionByIndex: All options with index in [1] are selected on object ''

2018-05-15 18:46:42 - [MESSAGE][PASSED] - All options with index in [1] are selected on object ''

2018-05-15 18:46:42 - [TEST_STEP][PASSED] - Statement - batch = new com.kms.katalon.core.testobject.TestObject(): null

2018-05-15 18:46:42 - [TEST_STEP][PASSED] - Statement - batch = com.kms.katalon.core.webui.keyword.WebUiBuiltInKeywords.modifyObjectProperty(batch, "xpath", "equals", "//*[@id = "txtbthqty" + row + ""]", true): Modify property of object successfully

2018-05-15 18:46:42 - [MESSAGE][PASSED] - Modify property of object successfully

2018-05-15 18:46:42 - [TEST_STEP][PASSED] - Statement - batchqty = com.kms.katalon.core.webui.keyword.WebUiBuiltInKeywords.getAttribute(batch, "value").trim(): Attribute 'value' of object '' is: '40000'

2018-05-15 18:46:42 - [MESSAGE][PASSED] - Attribute 'value' of object '' is: '40000'

2018-05-15 18:46:42 - [TEST_STEP][PASSED] - Statement - Rqty = 100: null

2018-05-15 18:46:42 - [TEST_STEP][PASSED] - delay: Delayed 2 second(s)

2018-05-15 18:46:44 - [MESSAGE][PASSED] - Delayed 2 second(s)

2018-05-15 18:46:44 - [TEST_STEP][PASSED] - Statement - out.println("BatchQty : " + batchqty): null

2018-05-15 18:46:44 - [TEST_STEP][PASSED] - Statement - out.println("RQty : " + Rqty): null

2018-05-15 18:46:44 - [TEST_STEP][PASSED] - Statement - If (java.lang.Integer.valueOf(batchqty) >= java.lang.Integer.valueOf(Rqty)): null

2018-05-15 18:46:44 - [TEST_STEP][PASSED] - Statement - Break: null

2018-05-15 18:46:44 - [TEST_STEP][PASSED] - Statement - batchlength = new com.kms.katalon.core.testobject.TestObject(): null

2018-05-15 18:46:44 - [TEST_STEP][PASSED] - Statement - batchlength = com.kms.katalon.core.webui.keyword.WebUiBuiltInKeywords.modifyObjectProperty(batchlength, "xpath", "equals", "//*[@id = "fldvendor" + row + ""]", true): Modify property of object successfully

2018-05-15 18:46:44 - [MESSAGE][PASSED] - Modify property of object successfully

2018-05-15 18:46:44 - [TEST_STEP][PASSED] - Statement - batchsize = com.kms.katalon.core.webui.keyword.WebUiBuiltInKeywords.getNumberOfTotalOption(batchlength): 6 options of object '' counted

2018-05-15 18:46:44 - [MESSAGE][PASSED] - 6 options of object '' counted

2018-05-15 18:46:44 - [TEST_STEP][PASSED] - Statement - out.println("BatchSize : " + batchsize): null

2018-05-15 18:46:44 - [TEST_STEP][PASSED] - Statement - For ([n = 1, n <= batchsize - 1, (n++)]): null

2018-05-15 18:46:44 - [TEST_STEP][PASSED] - Statement - product = new com.kms.katalon.core.testobject.TestObject(): null

2018-05-15 18:46:44 - [TEST_STEP][PASSED] - Statement - product = com.kms.katalon.core.webui.keyword.WebUiBuiltInKeywords.modifyObjectProperty(product, "xpath", "equals", "//*[@id = "fldvendor" + row + ""]", true): Modify property of object successfully

2018-05-15 18:46:44 - [MESSAGE][PASSED] - Modify property of object successfully

2018-05-15 18:46:44 - [TEST_STEP][PASSED] - selectOptionByIndex: All options with index in [1] are selected on object ''

2018-05-15 18:46:44 - [MESSAGE][PASSED] - All options with index in [1] are selected on object ''

2018-05-15 18:46:44 - [TEST_STEP][PASSED] - Statement - batch = new com.kms.katalon.core.testobject.TestObject(): null

2018-05-15 18:46:44 - [TEST_STEP][PASSED] - Statement - batch = com.kms.katalon.core.webui.keyword.WebUiBuiltInKeywords.modifyObjectProperty(batch, "xpath", "equals", "//*[@id = "txtbthqty" + row + ""]", true): Modify property of object successfully

2018-05-15 18:46:44 - [MESSAGE][PASSED] - Modify property of object successfully

2018-05-15 18:46:44 - [TEST_STEP][PASSED] - Statement - batchqty = com.kms.katalon.core.webui.keyword.WebUiBuiltInKeywords.getAttribute(batch, "value").trim(): Attribute 'value' of object '' is: '5000'

2018-05-15 18:46:44 - [MESSAGE][PASSED] - Attribute 'value' of object '' is: '5000'

2018-05-15 18:46:44 - [TEST_STEP][PASSED] - Statement - Rqty = 100: null

2018-05-15 18:46:44 - [TEST_STEP][PASSED] - delay: Delayed 2 second(s)

2018-05-15 18:46:46 - [MESSAGE][PASSED] - Delayed 2 second(s)

2018-05-15 18:46:46 - [TEST_STEP][PASSED] - Statement - out.println("BatchQty : " + batchqty): null

2018-05-15 18:46:46 - [TEST_STEP][PASSED] - Statement - out.println("RQty : " + Rqty): null

2018-05-15 18:46:46 - [TEST_STEP][PASSED] - Statement - If (java.lang.Integer.valueOf(batchqty) >= java.lang.Integer.valueOf(Rqty)): null

2018-05-15 18:46:46 - [TEST_STEP][PASSED] - Statement - Break: null

2018-05-15 18:46:46 - [TEST_STEP][PASSED] - Statement - batchlength = new com.kms.katalon.core.testobject.TestObject(): null

2018-05-15 18:46:46 - [TEST_STEP][PASSED] - Statement - batchlength = com.kms.katalon.core.webui.keyword.WebUiBuiltInKeywords.modifyObjectProperty(batchlength, "xpath", "equals", "//*[@id = "fldvendor" + row + ""]", true): Modify property of object successfully

2018-05-15 18:46:46 - [MESSAGE][PASSED] - Modify property of object successfully

2018-05-15 18:46:46 - [TEST_STEP][PASSED] - Statement - batchsize = com.kms.katalon.core.webui.keyword.WebUiBuiltInKeywords.getNumberOfTotalOption(batchlength): 6 options of object '' counted

2018-05-15 18:46:46 - [MESSAGE][PASSED] - 6 options of object '' counted

2018-05-15 18:46:46 - [TEST_STEP][PASSED] - Statement - out.println("BatchSize : " + batchsize): null

2018-05-15 18:46:46 - [TEST_STEP][PASSED] - Statement - For ([n = 1, n <= batchsize - 1, (n++)]): null

2018-05-15 18:46:46 - [TEST_STEP][PASSED] - Statement - product = new com.kms.katalon.core.testobject.TestObject(): null

2018-05-15 18:46:46 - [TEST_STEP][PASSED] - Statement - product = com.kms.katalon.core.webui.keyword.WebUiBuiltInKeywords.modifyObjectProperty(product, "xpath", "equals", "//*[@id = "fldvendor" + row + ""]", true): Modify property of object successfully

2018-05-15 18:46:46 - [MESSAGE][PASSED] - Modify property of object successfully

2018-05-15 18:46:46 - [TEST_STEP][PASSED] - selectOptionByIndex: All options with index in [1] are selected on object ''

2018-05-15 18:46:47 - [MESSAGE][PASSED] - All options with index in [1] are selected on object ''

2018-05-15 18:46:47 - [TEST_STEP][PASSED] - Statement - batch = new com.kms.katalon.core.testobject.TestObject(): null

2018-05-15 18:46:47 - [TEST_STEP][PASSED] - Statement - batch = com.kms.katalon.core.webui.keyword.WebUiBuiltInKeywords.modifyObjectProperty(batch, "xpath", "equals", "//*[@id = "txtbthqty" + row + ""]", true): Modify property of object successfully

2018-05-15 18:46:47 - [MESSAGE][PASSED] - Modify property of object successfully

2018-05-15 18:46:47 - [TEST_STEP][PASSED] - Statement - batchqty = com.kms.katalon.core.webui.keyword.WebUiBuiltInKeywords.getAttribute(batch, "value").trim(): Attribute 'value' of object '' is: '40000'

2018-05-15 18:46:47 - [MESSAGE][PASSED] - Attribute 'value' of object '' is: '40000'

2018-05-15 18:46:47 - [TEST_STEP][PASSED] - Statement - Rqty = 100: null

2018-05-15 18:46:47 - [TEST_STEP][PASSED] - delay: Delayed 2 second(s)

2018-05-15 18:46:49 - [MESSAGE][PASSED] - Delayed 2 second(s)

2018-05-15 18:46:49 - [TEST_STEP][PASSED] - Statement - out.println("BatchQty : " + batchqty): null

2018-05-15 18:46:49 - [TEST_STEP][PASSED] - Statement - out.println("RQty : " + Rqty): null

2018-05-15 18:46:49 - [TEST_STEP][PASSED] - Statement - If (java.lang.Integer.valueOf(batchqty) >= java.lang.Integer.valueOf(Rqty)): null

2018-05-15 18:46:49 - [TEST_STEP][PASSED] - Statement - Break: null

2018-05-15 18:46:49 - [TEST_STEP][PASSED] - Statement - batchlength = new com.kms.katalon.core.testobject.TestObject(): null

2018-05-15 18:46:49 - [TEST_STEP][PASSED] - Statement - batchlength = com.kms.katalon.core.webui.keyword.WebUiBuiltInKeywords.modifyObjectProperty(batchlength, "xpath", "equals", "//*[@id = "fldvendor" + row + ""]", true): Modify property of object successfully

2018-05-15 18:46:49 - [MESSAGE][PASSED] - Modify property of object successfully

2018-05-15 18:46:49 - [TEST_STEP][PASSED] - Statement - batchsize = com.kms.katalon.core.webui.keyword.WebUiBuiltInKeywords.getNumberOfTotalOption(batchlength): 6 options of object '' counted

2018-05-15 18:46:49 - [MESSAGE][PASSED] - 6 options of object '' counted

2018-05-15 18:46:49 - [TEST_STEP][PASSED] - Statement - out.println("BatchSize : " + batchsize): null

2018-05-15 18:46:49 - [TEST_STEP][PASSED] - Statement - For ([n = 1, n <= batchsize - 1, (n++)]): null

2018-05-15 18:46:49 - [TEST_STEP][PASSED] - Statement - product = new com.kms.katalon.core.testobject.TestObject(): null

2018-05-15 18:46:49 - [TEST_STEP][PASSED] - Statement - product = com.kms.katalon.core.webui.keyword.WebUiBuiltInKeywords.modifyObjectProperty(product, "xpath", "equals", "//*[@id = "fldvendor" + row + ""]", true): Modify property of object successfully

2018-05-15 18:46:49 - [MESSAGE][PASSED] - Modify property of object successfully

2018-05-15 18:46:49 - [TEST_STEP][PASSED] - selectOptionByIndex: All options with index in [1] are selected on object ''

2018-05-15 18:46:49 - [MESSAGE][PASSED] - All options with index in [1] are selected on object ''

2018-05-15 18:46:49 - [TEST_STEP][PASSED] - Statement - batch = new com.kms.katalon.core.testobject.TestObject(): null

2018-05-15 18:46:49 - [TEST_STEP][PASSED] - Statement - batch = com.kms.katalon.core.webui.keyword.WebUiBuiltInKeywords.modifyObjectProperty(batch, "xpath", "equals", "//*[@id = "txtbthqty" + row + ""]", true): Modify property of object successfully

2018-05-15 18:46:49 - [MESSAGE][PASSED] - Modify property of object successfully

2018-05-15 18:46:49 - [TEST_STEP][PASSED] - Statement - batchqty = com.kms.katalon.core.webui.keyword.WebUiBuiltInKeywords.getAttribute(batch, "value").trim(): Attribute 'value' of object '' is: '40000'

2018-05-15 18:46:49 - [MESSAGE][PASSED] - Attribute 'value' of object '' is: '40000'

2018-05-15 18:46:49 - [TEST_STEP][PASSED] - Statement - Rqty = 100: null

2018-05-15 18:46:49 - [TEST_STEP][PASSED] - delay: Delayed 2 second(s)

2018-05-15 18:46:51 - [MESSAGE][PASSED] - Delayed 2 second(s)

2018-05-15 18:46:51 - [TEST_STEP][PASSED] - Statement - out.println("BatchQty : " + batchqty): null

2018-05-15 18:46:51 - [TEST_STEP][PASSED] - Statement - out.println("RQty : " + Rqty): null

2018-05-15 18:46:51 - [TEST_STEP][PASSED] - Statement - If (java.lang.Integer.valueOf(batchqty) >= java.lang.Integer.valueOf(Rqty)): null

2018-05-15 18:46:51 - [TEST_STEP][PASSED] - Statement - Break: null

2018-05-15 18:46:51 - [TEST_STEP][PASSED] - Statement - batchlength = new com.kms.katalon.core.testobject.TestObject(): null

2018-05-15 18:46:51 - [TEST_STEP][PASSED] - Statement - batchlength = com.kms.katalon.core.webui.keyword.WebUiBuiltInKeywords.modifyObjectProperty(batchlength, "xpath", "equals", "//*[@id = "fldvendor" + row + ""]", true): Modify property of object successfully

2018-05-15 18:46:51 - [MESSAGE][PASSED] - Modify property of object successfully

2018-05-15 18:46:51 - [TEST_STEP][PASSED] - Statement - batchsize = com.kms.katalon.core.webui.keyword.WebUiBuiltInKeywords.getNumberOfTotalOption(batchlength): 6 options of object '' counted

2018-05-15 18:46:51 - [MESSAGE][PASSED] - 6 options of object '' counted

2018-05-15 18:46:51 - [TEST_STEP][PASSED] - Statement - out.println("BatchSize : " + batchsize): null

2018-05-15 18:46:51 - [TEST_STEP][PASSED] - Statement - For ([n = 1, n <= batchsize - 1, (n++)]): null

2018-05-15 18:46:51 - [TEST_STEP][PASSED] - Statement - product = new com.kms.katalon.core.testobject.TestObject(): null

2018-05-15 18:46:51 - [TEST_STEP][PASSED] - Statement - product = com.kms.katalon.core.webui.keyword.WebUiBuiltInKeywords.modifyObjectProperty(product, "xpath", "equals", "//*[@id = "fldvendor" + row + ""]", true): Modify property of object successfully

2018-05-15 18:46:51 - [MESSAGE][PASSED] - Modify property of object successfully

2018-05-15 18:46:51 - [TEST_STEP][PASSED] - selectOptionByIndex: All options with index in [1] are selected on object ''

2018-05-15 18:46:51 - [MESSAGE][PASSED] - All options with index in [1] are selected on object ''

2018-05-15 18:46:51 - [TEST_STEP][PASSED] - Statement - batch = new com.kms.katalon.core.testobject.TestObject(): null

2018-05-15 18:46:51 - [TEST_STEP][PASSED] - Statement - batch = com.kms.katalon.core.webui.keyword.WebUiBuiltInKeywords.modifyObjectProperty(batch, "xpath", "equals", "//*[@id = "txtbthqty" + row + ""]", true): Modify property of object successfully

2018-05-15 18:46:51 - [MESSAGE][PASSED] - Modify property of object successfully

2018-05-15 18:46:51 - [TEST_STEP][PASSED] - Statement - batchqty = com.kms.katalon.core.webui.keyword.WebUiBuiltInKeywords.getAttribute(batch, "value").trim(): Attribute 'value' of object '' is: '40000'

2018-05-15 18:46:51 - [MESSAGE][PASSED] - Attribute 'value' of object '' is: '40000'

2018-05-15 18:46:51 - [TEST_STEP][PASSED] - Statement - Rqty = 100: null

2018-05-15 18:46:51 - [TEST_STEP][PASSED] - delay: Delayed 2 second(s)

2018-05-15 18:46:53 - [MESSAGE][PASSED] - Delayed 2 second(s)

2018-05-15 18:46:53 - [TEST_STEP][PASSED] - Statement - out.println("BatchQty : " + batchqty): null

2018-05-15 18:46:53 - [TEST_STEP][PASSED] - Statement - out.println("RQty : " + Rqty): null

2018-05-15 18:46:53 - [TEST_STEP][PASSED] - Statement - If (java.lang.Integer.valueOf(batchqty) >= java.lang.Integer.valueOf(Rqty)): null

2018-05-15 18:46:53 - [TEST_STEP][PASSED] - Statement - Break: null

2018-05-15 18:46:53 - [TEST_STEP][PASSED] - Statement - batchlength = new com.kms.katalon.core.testobject.TestObject(): null

2018-05-15 18:46:53 - [TEST_STEP][PASSED] - Statement - batchlength = com.kms.katalon.core.webui.keyword.WebUiBuiltInKeywords.modifyObjectProperty(batchlength, "xpath", "equals", "//*[@id = "fldvendor" + row + ""]", true): Modify property of object successfully

2018-05-15 18:46:53 - [MESSAGE][PASSED] - Modify property of object successfully

2018-05-15 18:46:53 - [TEST_STEP][PASSED] - Statement - batchsize = com.kms.katalon.core.webui.keyword.WebUiBuiltInKeywords.getNumberOfTotalOption(batchlength): 6 options of object '' counted

2018-05-15 18:46:53 - [MESSAGE][PASSED] - 6 options of object '' counted

2018-05-15 18:46:53 - [TEST_STEP][PASSED] - Statement - out.println("BatchSize : " + batchsize): null

2018-05-15 18:46:53 - [TEST_STEP][PASSED] - Statement - For ([n = 1, n <= batchsize - 1, (n++)]): null

2018-05-15 18:46:53 - [TEST_STEP][PASSED] - Statement - product = new com.kms.katalon.core.testobject.TestObject(): null

2018-05-15 18:46:53 - [TEST_STEP][PASSED] - Statement - product = com.kms.katalon.core.webui.keyword.WebUiBuiltInKeywords.modifyObjectProperty(product, "xpath", "equals", "//*[@id = "fldvendor" + row + ""]", true): Modify property of object successfully

2018-05-15 18:46:53 - [MESSAGE][PASSED] - Modify property of object successfully

2018-05-15 18:46:53 - [TEST_STEP][PASSED] - selectOptionByIndex: All options with index in [1] are selected on object ''

2018-05-15 18:46:53 - [MESSAGE][PASSED] - All options with index in [1] are selected on object ''

2018-05-15 18:46:53 - [TEST_STEP][PASSED] - Statement - batch = new com.kms.katalon.core.testobject.TestObject(): null

2018-05-15 18:46:53 - [TEST_STEP][PASSED] - Statement - batch = com.kms.katalon.core.webui.keyword.WebUiBuiltInKeywords.modifyObjectProperty(batch, "xpath", "equals", "//*[@id = "txtbthqty" + row + ""]", true): Modify property of object successfully

2018-05-15 18:46:53 - [MESSAGE][PASSED] - Modify property of object successfully

2018-05-15 18:46:53 - [TEST_STEP][PASSED] - Statement - batchqty = com.kms.katalon.core.webui.keyword.WebUiBuiltInKeywords.getAttribute(batch, "value").trim(): Attribute 'value' of object '' is: '40000'

2018-05-15 18:46:53 - [MESSAGE][PASSED] - Attribute 'value' of object '' is: '40000'

2018-05-15 18:46:53 - [TEST_STEP][PASSED] - Statement - Rqty = 100: null

2018-05-15 18:46:53 - [TEST_STEP][PASSED] - delay: Delayed 2 second(s)

2018-05-15 18:46:55 - [MESSAGE][PASSED] - Delayed 2 second(s)

2018-05-15 18:46:55 - [TEST_STEP][PASSED] - Statement - out.println("BatchQty : " + batchqty): null

2018-05-15 18:46:55 - [TEST_STEP][PASSED] - Statement - out.println("RQty : " + Rqty): null

2018-05-15 18:46:55 - [TEST_STEP][PASSED] - Statement - If (java.lang.Integer.valueOf(batchqty) >= java.lang.Integer.valueOf(Rqty)): null

2018-05-15 18:46:55 - [TEST_STEP][PASSED] - Statement - Break: null

2018-05-15 18:46:55 - [TEST_STEP][PASSED] - Statement - batchlength = new com.kms.katalon.core.testobject.TestObject(): null

2018-05-15 18:46:55 - [TEST_STEP][PASSED] - Statement - batchlength = com.kms.katalon.core.webui.keyword.WebUiBuiltInKeywords.modifyObjectProperty(batchlength, "xpath", "equals", "//*[@id = "fldvendor" + row + ""]", true): Modify property of object successfully

2018-05-15 18:46:55 - [MESSAGE][PASSED] - Modify property of object successfully

2018-05-15 18:46:55 - [TEST_STEP][PASSED] - Statement - batchsize = com.kms.katalon.core.webui.keyword.WebUiBuiltInKeywords.getNumberOfTotalOption(batchlength): 6 options of object '' counted

2018-05-15 18:46:55 - [MESSAGE][PASSED] - 6 options of object '' counted

2018-05-15 18:46:55 - [TEST_STEP][PASSED] - Statement - out.println("BatchSize : " + batchsize): null

2018-05-15 18:46:55 - [TEST_STEP][PASSED] - Statement - For ([n = 1, n <= batchsize - 1, (n++)]): null

2018-05-15 18:46:55 - [TEST_STEP][PASSED] - Statement - product = new com.kms.katalon.core.testobject.TestObject(): null

2018-05-15 18:46:55 - [TEST_STEP][PASSED] - Statement - product = com.kms.katalon.core.webui.keyword.WebUiBuiltInKeywords.modifyObjectProperty(product, "xpath", "equals", "//*[@id = "fldvendor" + row + ""]", true): Modify property of object successfully

2018-05-15 18:46:55 - [MESSAGE][PASSED] - Modify property of object successfully

2018-05-15 18:46:55 - [TEST_STEP][PASSED] - selectOptionByIndex: All options with index in [1] are selected on object ''

2018-05-15 18:46:56 - [MESSAGE][PASSED] - All options with index in [1] are selected on object ''

2018-05-15 18:46:56 - [TEST_STEP][PASSED] - Statement - batch = new com.kms.katalon.core.testobject.TestObject(): null

2018-05-15 18:46:56 - [TEST_STEP][PASSED] - Statement - batch = com.kms.katalon.core.webui.keyword.WebUiBuiltInKeywords.modifyObjectProperty(batch, "xpath", "equals", "//*[@id = "txtbthqty" + row + ""]", true): Modify property of object successfully

2018-05-15 18:46:56 - [MESSAGE][PASSED] - Modify property of object successfully

2018-05-15 18:46:56 - [TEST_STEP][PASSED] - Statement - batchqty = com.kms.katalon.core.webui.keyword.WebUiBuiltInKeywords.getAttribute(batch, "value").trim(): Attribute 'value' of object '' is: '5000'

2018-05-15 18:46:56 - [MESSAGE][PASSED] - Attribute 'value' of object '' is: '5000'

2018-05-15 18:46:56 - [TEST_STEP][PASSED] - Statement - Rqty = 100: null

2018-05-15 18:46:56 - [TEST_STEP][PASSED] - delay: Delayed 2 second(s)

2018-05-15 18:46:58 - [MESSAGE][PASSED] - Delayed 2 second(s)

2018-05-15 18:46:58 - [TEST_STEP][PASSED] - Statement - out.println("BatchQty : " + batchqty): null

2018-05-15 18:46:58 - [TEST_STEP][PASSED] - Statement - out.println("RQty : " + Rqty): null

2018-05-15 18:46:58 - [TEST_STEP][PASSED] - Statement - If (java.lang.Integer.valueOf(batchqty) >= java.lang.Integer.valueOf(Rqty)): null

2018-05-15 18:46:58 - [TEST_STEP][PASSED] - Statement - Break: null

2018-05-15 18:46:58 - [TEST_STEP][PASSED] - Statement - batchlength = new com.kms.katalon.core.testobject.TestObject(): null

2018-05-15 18:46:58 - [TEST_STEP][PASSED] - Statement - batchlength = com.kms.katalon.core.webui.keyword.WebUiBuiltInKeywords.modifyObjectProperty(batchlength, "xpath", "equals", "//*[@id = "fldvendor" + row + ""]", true): Modify property of object successfully

2018-05-15 18:46:58 - [MESSAGE][PASSED] - Modify property of object successfully

2018-05-15 18:46:58 - [TEST_STEP][PASSED] - Statement - batchsize = com.kms.katalon.core.webui.keyword.WebUiBuiltInKeywords.getNumberOfTotalOption(batchlength): 6 options of object '' counted

2018-05-15 18:46:58 - [MESSAGE][PASSED] - 6 options of object '' counted

2018-05-15 18:46:58 - [TEST_STEP][PASSED] - Statement - out.println("BatchSize : " + batchsize): null

2018-05-15 18:46:58 - [TEST_STEP][PASSED] - Statement - For ([n = 1, n <= batchsize - 1, (n++)]): null

2018-05-15 18:46:58 - [TEST_STEP][PASSED] - Statement - product = new com.kms.katalon.core.testobject.TestObject(): null

2018-05-15 18:46:58 - [TEST_STEP][PASSED] - Statement - product = com.kms.katalon.core.webui.keyword.WebUiBuiltInKeywords.modifyObjectProperty(product, "xpath", "equals", "//*[@id = "fldvendor" + row + ""]", true): Modify property of object successfully

2018-05-15 18:46:58 - [MESSAGE][PASSED] - Modify property of object successfully

2018-05-15 18:46:58 - [TEST_STEP][PASSED] - selectOptionByIndex: All options with index in [1] are selected on object ''

2018-05-15 18:46:58 - [MESSAGE][PASSED] - All options with index in [1] are selected on object ''

2018-05-15 18:46:58 - [TEST_STEP][PASSED] - Statement - batch = new com.kms.katalon.core.testobject.TestObject(): null

2018-05-15 18:46:58 - [TEST_STEP][PASSED] - Statement - batch = com.kms.katalon.core.webui.keyword.WebUiBuiltInKeywords.modifyObjectProperty(batch, "xpath", "equals", "//*[@id = "txtbthqty" + row + ""]", true): Modify property of object successfully

2018-05-15 18:46:58 - [MESSAGE][PASSED] - Modify property of object successfully

2018-05-15 18:46:58 - [TEST_STEP][PASSED] - Statement - batchqty = com.kms.katalon.core.webui.keyword.WebUiBuiltInKeywords.getAttribute(batch, "value").trim(): Attribute 'value' of object '' is: '5000'

2018-05-15 18:46:58 - [MESSAGE][PASSED] - Attribute 'value' of object '' is: '5000'

2018-05-15 18:46:58 - [TEST_STEP][PASSED] - Statement - Rqty = 100: null

2018-05-15 18:46:58 - [TEST_STEP][PASSED] - delay: Delayed 2 second(s)

2018-05-15 18:47:00 - [MESSAGE][PASSED] - Delayed 2 second(s)

2018-05-15 18:47:00 - [TEST_STEP][PASSED] - Statement - out.println("BatchQty : " + batchqty): null

2018-05-15 18:47:00 - [TEST_STEP][PASSED] - Statement - out.println("RQty : " + Rqty): null

2018-05-15 18:47:00 - [TEST_STEP][PASSED] - Statement - If (java.lang.Integer.valueOf(batchqty) >= java.lang.Integer.valueOf(Rqty)): null

2018-05-15 18:47:00 - [TEST_STEP][PASSED] - Statement - Break: null

2018-05-15 18:47:00 - [TEST_STEP][PASSED] - Statement - batchlength = new com.kms.katalon.core.testobject.TestObject(): null

2018-05-15 18:47:00 - [TEST_STEP][PASSED] - Statement - batchlength = com.kms.katalon.core.webui.keyword.WebUiBuiltInKeywords.modifyObjectProperty(batchlength, "xpath", "equals", "//*[@id = "fldvendor" + row + ""]", true): Modify property of object successfully

2018-05-15 18:47:00 - [MESSAGE][PASSED] - Modify property of object successfully

2018-05-15 18:47:00 - [TEST_STEP][PASSED] - Statement - batchsize = com.kms.katalon.core.webui.keyword.WebUiBuiltInKeywords.getNumberOfTotalOption(batchlength): 6 options of object '' counted

2018-05-15 18:47:00 - [MESSAGE][PASSED] - 6 options of object '' counted

2018-05-15 18:47:00 - [TEST_STEP][PASSED] - Statement - out.println("BatchSize : " + batchsize): null

2018-05-15 18:47:00 - [TEST_STEP][PASSED] - Statement - For ([n = 1, n <= batchsize - 1, (n++)]): null

2018-05-15 18:47:00 - [TEST_STEP][PASSED] - Statement - product = new com.kms.katalon.core.testobject.TestObject(): null

2018-05-15 18:47:00 - [TEST_STEP][PASSED] - Statement - product = com.kms.katalon.core.webui.keyword.WebUiBuiltInKeywords.modifyObjectProperty(product, "xpath", "equals", "//*[@id = "fldvendor" + row + ""]", true): Modify property of object successfully

2018-05-15 18:47:00 - [MESSAGE][PASSED] - Modify property of object successfully

2018-05-15 18:47:00 - [TEST_STEP][PASSED] - selectOptionByIndex: All options with index in [1] are selected on object ''

2018-05-15 18:47:00 - [MESSAGE][PASSED] - All options with index in [1] are selected on object ''

2018-05-15 18:47:00 - [TEST_STEP][PASSED] - Statement - batch = new com.kms.katalon.core.testobject.TestObject(): null

2018-05-15 18:47:00 - [TEST_STEP][PASSED] - Statement - batch = com.kms.katalon.core.webui.keyword.WebUiBuiltInKeywords.modifyObjectProperty(batch, "xpath", "equals", "//*[@id = "txtbthqty" + row + ""]", true): Modify property of object successfully

2018-05-15 18:47:00 - [MESSAGE][PASSED] - Modify property of object successfully

2018-05-15 18:47:00 - [TEST_STEP][PASSED] - Statement - batchqty = com.kms.katalon.core.webui.keyword.WebUiBuiltInKeywords.getAttribute(batch, "value").trim(): Attribute 'value' of object '' is: '4900'

2018-05-15 18:47:00 - [MESSAGE][PASSED] - Attribute 'value' of object '' is: '4900'

2018-05-15 18:47:00 - [TEST_STEP][PASSED] - Statement - Rqty = 100: null

2018-05-15 18:47:00 - [TEST_STEP][PASSED] - delay: Delayed 2 second(s)

2018-05-15 18:47:02 - [MESSAGE][PASSED] - Delayed 2 second(s)

2018-05-15 18:47:02 - [TEST_STEP][PASSED] - Statement - out.println("BatchQty : " + batchqty): null

2018-05-15 18:47:02 - [TEST_STEP][PASSED] - Statement - out.println("RQty : " + Rqty): null

2018-05-15 18:47:02 - [TEST_STEP][PASSED] - Statement - If (java.lang.Integer.valueOf(batchqty) >= java.lang.Integer.valueOf(Rqty)): null

2018-05-15 18:47:02 - [TEST_STEP][PASSED] - Statement - Break: null

2018-05-15 18:47:02 - [TEST_STEP][PASSED] - Statement - batchlength = new com.kms.katalon.core.testobject.TestObject(): null

2018-05-15 18:47:02 - [TEST_STEP][PASSED] - Statement - batchlength = com.kms.katalon.core.webui.keyword.WebUiBuiltInKeywords.modifyObjectProperty(batchlength, "xpath", "equals", "//*[@id = "fldvendor" + row + ""]", true): Modify property of object successfully

2018-05-15 18:47:02 - [MESSAGE][PASSED] - Modify property of object successfully

2018-05-15 18:47:02 - [TEST_STEP][PASSED] - Statement - batchsize = com.kms.katalon.core.webui.keyword.WebUiBuiltInKeywords.getNumberOfTotalOption(batchlength): 6 options of object '' counted

2018-05-15 18:47:02 - [MESSAGE][PASSED] - 6 options of object '' counted

2018-05-15 18:47:02 - [TEST_STEP][PASSED] - Statement - out.println("BatchSize : " + batchsize): null

2018-05-15 18:47:02 - [TEST_STEP][PASSED] - Statement - For ([n = 1, n <= batchsize - 1, (n++)]): null

2018-05-15 18:47:02 - [TEST_STEP][PASSED] - Statement - product = new com.kms.katalon.core.testobject.TestObject(): null

2018-05-15 18:47:02 - [TEST_STEP][PASSED] - Statement - product = com.kms.katalon.core.webui.keyword.WebUiBuiltInKeywords.modifyObjectProperty(product, "xpath", "equals", "//*[@id = "fldvendor" + row + ""]", true): Modify property of object successfully

2018-05-15 18:47:02 - [MESSAGE][PASSED] - Modify property of object successfully

2018-05-15 18:47:02 - [TEST_STEP][PASSED] - selectOptionByIndex: All options with index in [1] are selected on object ''

2018-05-15 18:47:02 - [MESSAGE][PASSED] - All options with index in [1] are selected on object ''

2018-05-15 18:47:02 - [TEST_STEP][PASSED] - Statement - batch = new com.kms.katalon.core.testobject.TestObject(): null

2018-05-15 18:47:02 - [TEST_STEP][PASSED] - Statement - batch = com.kms.katalon.core.webui.keyword.WebUiBuiltInKeywords.modifyObjectProperty(batch, "xpath", "equals", "//*[@id = "txtbthqty" + row + ""]", true): Modify property of object successfully

2018-05-15 18:47:02 - [MESSAGE][PASSED] - Modify property of object successfully

2018-05-15 18:47:02 - [TEST_STEP][PASSED] - Statement - batchqty = com.kms.katalon.core.webui.keyword.WebUiBuiltInKeywords.getAttribute(batch, "value").trim(): Attribute 'value' of object '' is: '40000'

2018-05-15 18:47:02 - [MESSAGE][PASSED] - Attribute 'value' of object '' is: '40000'

2018-05-15 18:47:02 - [TEST_STEP][PASSED] - Statement - Rqty = 100: null

2018-05-15 18:47:02 - [TEST_STEP][PASSED] - delay: Delayed 2 second(s)

2018-05-15 18:47:04 - [MESSAGE][PASSED] - Delayed 2 second(s)

2018-05-15 18:47:04 - [TEST_STEP][PASSED] - Statement - out.println("BatchQty : " + batchqty): null

2018-05-15 18:47:04 - [TEST_STEP][PASSED] - Statement - out.println("RQty : " + Rqty): null

2018-05-15 18:47:04 - [TEST_STEP][PASSED] - Statement - If (java.lang.Integer.valueOf(batchqty) >= java.lang.Integer.valueOf(Rqty)): null

2018-05-15 18:47:04 - [TEST_STEP][PASSED] - Statement - Break: null

2018-05-15 18:47:04 - [TEST_STEP][PASSED] - Statement - batchlength = new com.kms.katalon.core.testobject.TestObject(): null

2018-05-15 18:47:04 - [TEST_STEP][PASSED] - Statement - batchlength = com.kms.katalon.core.webui.keyword.WebUiBuiltInKeywords.modifyObjectProperty(batchlength, "xpath", "equals", "//*[@id = "fldvendor" + row + ""]", true): Modify property of object successfully

2018-05-15 18:47:04 - [MESSAGE][PASSED] - Modify property of object successfully

2018-05-15 18:47:04 - [TEST_STEP][PASSED] - Statement - batchsize = com.kms.katalon.core.webui.keyword.WebUiBuiltInKeywords.getNumberOfTotalOption(batchlength): 6 options of object '' counted

2018-05-15 18:47:04 - [MESSAGE][PASSED] - 6 options of object '' counted

2018-05-15 18:47:04 - [TEST_STEP][PASSED] - Statement - out.println("BatchSize : " + batchsize): null

2018-05-15 18:47:04 - [TEST_STEP][PASSED] - Statement - For ([n = 1, n <= batchsize - 1, (n++)]): null

2018-05-15 18:47:04 - [TEST_STEP][PASSED] - Statement - product = new com.kms.katalon.core.testobject.TestObject(): null

2018-05-15 18:47:04 - [TEST_STEP][PASSED] - Statement - product = com.kms.katalon.core.webui.keyword.WebUiBuiltInKeywords.modifyObjectProperty(product, "xpath", "equals", "//*[@id = "fldvendor" + row + ""]", true): Modify property of object successfully

2018-05-15 18:47:04 - [MESSAGE][PASSED] - Modify property of object successfully

2018-05-15 18:47:04 - [TEST_STEP][PASSED] - selectOptionByIndex: All options with index in [1] are selected on object ''

2018-05-15 18:47:05 - [MESSAGE][PASSED] - All options with index in [1] are selected on object ''

2018-05-15 18:47:05 - [TEST_STEP][PASSED] - Statement - batch = new com.kms.katalon.core.testobject.TestObject(): null

2018-05-15 18:47:05 - [TEST_STEP][PASSED] - Statement - batch = com.kms.katalon.core.webui.keyword.WebUiBuiltInKeywords.modifyObjectProperty(batch, "xpath", "equals", "//*[@id = "txtbthqty" + row + ""]", true): Modify property of object successfully

2018-05-15 18:47:05 - [MESSAGE][PASSED] - Modify property of object successfully

2018-05-15 18:47:05 - [TEST_STEP][PASSED] - Statement - batchqty = com.kms.katalon.core.webui.keyword.WebUiBuiltInKeywords.getAttribute(batch, "value").trim(): Attribute 'value' of object '' is: '4900'

2018-05-15 18:47:05 - [MESSAGE][PASSED] - Attribute 'value' of object '' is: '4900'

2018-05-15 18:47:05 - [TEST_STEP][PASSED] - Statement - Rqty = 100: null

2018-05-15 18:47:05 - [TEST_STEP][PASSED] - delay: Delayed 2 second(s)

2018-05-15 18:47:07 - [MESSAGE][PASSED] - Delayed 2 second(s)

2018-05-15 18:47:07 - [TEST_STEP][PASSED] - Statement - out.println("BatchQty : " + batchqty): null

2018-05-15 18:47:07 - [TEST_STEP][PASSED] - Statement - out.println("RQty : " + Rqty): null

2018-05-15 18:47:07 - [TEST_STEP][PASSED] - Statement - If (java.lang.Integer.valueOf(batchqty) >= java.lang.Integer.valueOf(Rqty)): null

2018-05-15 18:47:07 - [TEST_STEP][PASSED] - Statement - Break: null

2018-05-15 18:47:07 - [TEST_STEP][PASSED] - Statement - batchlength = new com.kms.katalon.core.testobject.TestObject(): null

2018-05-15 18:47:07 - [TEST_STEP][PASSED] - Statement - batchlength = com.kms.katalon.core.webui.keyword.WebUiBuiltInKeywords.modifyObjectProperty(batchlength, "xpath", "equals", "//*[@id = "fldvendor" + row + ""]", true): Modify property of object successfully

2018-05-15 18:47:07 - [MESSAGE][PASSED] - Modify property of object successfully

2018-05-15 18:47:07 - [TEST_STEP][PASSED] - Statement - batchsize = com.kms.katalon.core.webui.keyword.WebUiBuiltInKeywords.getNumberOfTotalOption(batchlength): 6 options of object '' counted

2018-05-15 18:47:07 - [MESSAGE][PASSED] - 6 options of object '' counted

2018-05-15 18:47:07 - [TEST_STEP][PASSED] - Statement - out.println("BatchSize : " + batchsize): null

2018-05-15 18:47:07 - [TEST_STEP][PASSED] - Statement - For ([n = 1, n <= batchsize - 1, (n++)]): null

2018-05-15 18:47:07 - [TEST_STEP][PASSED] - Statement - product = new com.kms.katalon.core.testobject.TestObject(): null

2018-05-15 18:47:07 - [TEST_STEP][PASSED] - Statement - product = com.kms.katalon.core.webui.keyword.WebUiBuiltInKeywords.modifyObjectProperty(product, "xpath", "equals", "//*[@id = "fldvendor" + row + ""]", true): Modify property of object successfully

2018-05-15 18:47:07 - [MESSAGE][PASSED] - Modify property of object successfully

2018-05-15 18:47:07 - [TEST_STEP][PASSED] - selectOptionByIndex: All options with index in [1] are selected on object ''

2018-05-15 18:47:07 - [MESSAGE][PASSED] - All options with index in [1] are selected on object ''

2018-05-15 18:47:07 - [TEST_STEP][PASSED] - Statement - batch = new com.kms.katalon.core.testobject.TestObject(): null

2018-05-15 18:47:07 - [TEST_STEP][PASSED] - Statement - batch = com.kms.katalon.core.webui.keyword.WebUiBuiltInKeywords.modifyObjectProperty(batch, "xpath", "equals", "//*[@id = "txtbthqty" + row + ""]", true): Modify property of object successfully

2018-05-15 18:47:07 - [MESSAGE][PASSED] - Modify property of object successfully

2018-05-15 18:47:07 - [TEST_STEP][PASSED] - Statement - batchqty = com.kms.katalon.core.webui.keyword.WebUiBuiltInKeywords.getAttribute(batch, "value").trim(): Attribute 'value' of object '' is: '4900'

2018-05-15 18:47:07 - [MESSAGE][PASSED] - Attribute 'value' of object '' is: '4900'

2018-05-15 18:47:07 - [TEST_STEP][PASSED] - Statement - Rqty = 100: null

2018-05-15 18:47:07 - [TEST_STEP][PASSED] - delay: Delayed 2 second(s)

2018-05-15 18:47:09 - [MESSAGE][PASSED] - Delayed 2 second(s)

2018-05-15 18:47:09 - [TEST_STEP][PASSED] - Statement - out.println("BatchQty : " + batchqty): null

2018-05-15 18:47:09 - [TEST_STEP][PASSED] - Statement - out.println("RQty : " + Rqty): null

2018-05-15 18:47:09 - [TEST_STEP][PASSED] - Statement - If (java.lang.Integer.valueOf(batchqty) >= java.lang.Integer.valueOf(Rqty)): null

2018-05-15 18:47:09 - [TEST_STEP][PASSED] - Statement - Break: null

2018-05-15 18:47:09 - [TEST_STEP][PASSED] - Statement - batchlength = new com.kms.katalon.core.testobject.TestObject(): null

2018-05-15 18:47:09 - [TEST_STEP][PASSED] - Statement - batchlength = com.kms.katalon.core.webui.keyword.WebUiBuiltInKeywords.modifyObjectProperty(batchlength, "xpath", "equals", "//*[@id = "fldvendor" + row + ""]", true): Modify property of object successfully

2018-05-15 18:47:09 - [MESSAGE][PASSED] - Modify property of object successfully

2018-05-15 18:47:09 - [TEST_STEP][PASSED] - Statement - batchsize = com.kms.katalon.core.webui.keyword.WebUiBuiltInKeywords.getNumberOfTotalOption(batchlength): 6 options of object '' counted

2018-05-15 18:47:09 - [MESSAGE][PASSED] - 6 options of object '' counted

2018-05-15 18:47:09 - [TEST_STEP][PASSED] - Statement - out.println("BatchSize : " + batchsize): null

2018-05-15 18:47:09 - [TEST_STEP][PASSED] - Statement - For ([n = 1, n <= batchsize - 1, (n++)]): null

2018-05-15 18:47:09 - [TEST_STEP][PASSED] - Statement - product = new com.kms.katalon.core.testobject.TestObject(): null

2018-05-15 18:47:09 - [TEST_STEP][PASSED] - Statement - product = com.kms.katalon.core.webui.keyword.WebUiBuiltInKeywords.modifyObjectProperty(product, "xpath", "equals", "//*[@id = "fldvendor" + row + ""]", true): Modify property of object successfully

2018-05-15 18:47:09 - [MESSAGE][PASSED] - Modify property of object successfully

2018-05-15 18:47:09 - [TEST_STEP][PASSED] - selectOptionByIndex: All options with index in [1] are selected on object ''

2018-05-15 18:47:09 - [MESSAGE][PASSED] - All options with index in [1] are selected on object ''

2018-05-15 18:47:09 - [TEST_STEP][PASSED] - Statement - batch = new com.kms.katalon.core.testobject.TestObject(): null

2018-05-15 18:47:09 - [TEST_STEP][PASSED] - Statement - batch = com.kms.katalon.core.webui.keyword.WebUiBuiltInKeywords.modifyObjectProperty(batch, "xpath", "equals", "//*[@id = "txtbthqty" + row + ""]", true): Modify property of object successfully

2018-05-15 18:47:09 - [MESSAGE][PASSED] - Modify property of object successfully

2018-05-15 18:47:09 - [TEST_STEP][PASSED] - Statement - batchqty = com.kms.katalon.core.webui.keyword.WebUiBuiltInKeywords.getAttribute(batch, "value").trim(): Attribute 'value' of object '' is: '5000'

2018-05-15 18:47:09 - [MESSAGE][PASSED] - Attribute 'value' of object '' is: '5000'

2018-05-15 18:47:09 - [TEST_STEP][PASSED] - Statement - Rqty = 100: null

2018-05-15 18:47:09 - [TEST_STEP][PASSED] - delay: Delayed 2 second(s)

2018-05-15 18:47:11 - [MESSAGE][PASSED] - Delayed 2 second(s)

2018-05-15 18:47:11 - [TEST_STEP][PASSED] - Statement - out.println("BatchQty : " + batchqty): null

2018-05-15 18:47:11 - [TEST_STEP][PASSED] - Statement - out.println("RQty : " + Rqty): null

2018-05-15 18:47:11 - [TEST_STEP][PASSED] - Statement - If (java.lang.Integer.valueOf(batchqty) >= java.lang.Integer.valueOf(Rqty)): null

2018-05-15 18:47:11 - [TEST_STEP][PASSED] - Statement - Break: null

2018-05-15 18:47:11 - [TEST_STEP][PASSED] - Statement - batchlength = new com.kms.katalon.core.testobject.TestObject(): null

2018-05-15 18:47:11 - [TEST_STEP][PASSED] - Statement - batchlength = com.kms.katalon.core.webui.keyword.WebUiBuiltInKeywords.modifyObjectProperty(batchlength, "xpath", "equals", "//*[@id = "fldvendor" + row + ""]", true): Modify property of object successfully

2018-05-15 18:47:11 - [MESSAGE][PASSED] - Modify property of object successfully

2018-05-15 18:47:11 - [TEST_STEP][PASSED] - Statement - batchsize = com.kms.katalon.core.webui.keyword.WebUiBuiltInKeywords.getNumberOfTotalOption(batchlength): 6 options of object '' counted

2018-05-15 18:47:11 - [MESSAGE][PASSED] - 6 options of object '' counted

2018-05-15 18:47:11 - [TEST_STEP][PASSED] - Statement - out.println("BatchSize : " + batchsize): null

2018-05-15 18:47:11 - [TEST_STEP][PASSED] - Statement - For ([n = 1, n <= batchsize - 1, (n++)]): null

2018-05-15 18:47:11 - [TEST_STEP][PASSED] - Statement - product = new com.kms.katalon.core.testobject.TestObject(): null

2018-05-15 18:47:11 - [TEST_STEP][PASSED] - Statement - product = com.kms.katalon.core.webui.keyword.WebUiBuiltInKeywords.modifyObjectProperty(product, "xpath", "equals", "//*[@id = "fldvendor" + row + ""]", true): Modify property of object successfully

2018-05-15 18:47:11 - [MESSAGE][PASSED] - Modify property of object successfully

2018-05-15 18:47:11 - [TEST_STEP][PASSED] - selectOptionByIndex: All options with index in [1] are selected on object ''

2018-05-15 18:47:11 - [MESSAGE][PASSED] - All options with index in [1] are selected on object ''

2018-05-15 18:47:11 - [TEST_STEP][PASSED] - Statement - batch = new com.kms.katalon.core.testobject.TestObject(): null

2018-05-15 18:47:11 - [TEST_STEP][PASSED] - Statement - batch = com.kms.katalon.core.webui.keyword.WebUiBuiltInKeywords.modifyObjectProperty(batch, "xpath", "equals", "//*[@id = "txtbthqty" + row + ""]", true): Modify property of object successfully

2018-05-15 18:47:11 - [MESSAGE][PASSED] - Modify property of object successfully

2018-05-15 18:47:11 - [TEST_STEP][PASSED] - Statement - batchqty = com.kms.katalon.core.webui.keyword.WebUiBuiltInKeywords.getAttribute(batch, "value").trim(): Attribute 'value' of object '' is: '40000'

2018-05-15 18:47:11 - [MESSAGE][PASSED] - Attribute 'value' of object '' is: '40000'

2018-05-15 18:47:11 - [TEST_STEP][PASSED] - Statement - Rqty = 100: null

2018-05-15 18:47:11 - [TEST_STEP][PASSED] - delay: Delayed 2 second(s)

2018-05-15 18:47:13 - [MESSAGE][PASSED] - Delayed 2 second(s)

2018-05-15 18:47:13 - [TEST_STEP][PASSED] - Statement - out.println("BatchQty : " + batchqty): null

2018-05-15 18:47:13 - [TEST_STEP][PASSED] - Statement - out.println("RQty : " + Rqty): null

2018-05-15 18:47:13 - [TEST_STEP][PASSED] - Statement - If (java.lang.Integer.valueOf(batchqty) >= java.lang.Integer.valueOf(Rqty)): null

2018-05-15 18:47:13 - [TEST_STEP][PASSED] - Statement - Break: null

2018-05-15 18:47:13 - [TEST_STEP][PASSED] - Statement - batchlength = new com.kms.katalon.core.testobject.TestObject(): null

2018-05-15 18:47:13 - [TEST_STEP][PASSED] - Statement - batchlength = com.kms.katalon.core.webui.keyword.WebUiBuiltInKeywords.modifyObjectProperty(batchlength, "xpath", "equals", "//*[@id = "fldvendor" + row + ""]", true): Modify property of object successfully

2018-05-15 18:47:13 - [MESSAGE][PASSED] - Modify property of object successfully

2018-05-15 18:47:13 - [TEST_STEP][PASSED] - Statement - batchsize = com.kms.katalon.core.webui.keyword.WebUiBuiltInKeywords.getNumberOfTotalOption(batchlength): 6 options of object '' counted

2018-05-15 18:47:13 - [MESSAGE][PASSED] - 6 options of object '' counted

2018-05-15 18:47:13 - [TEST_STEP][PASSED] - Statement - out.println("BatchSize : " + batchsize): null

2018-05-15 18:47:13 - [TEST_STEP][PASSED] - Statement - For ([n = 1, n <= batchsize - 1, (n++)]): null

2018-05-15 18:47:13 - [TEST_STEP][PASSED] - Statement - product = new com.kms.katalon.core.testobject.TestObject(): null

2018-05-15 18:47:13 - [TEST_STEP][PASSED] - Statement - product = com.kms.katalon.core.webui.keyword.WebUiBuiltInKeywords.modifyObjectProperty(product, "xpath", "equals", "//*[@id = "fldvendor" + row + ""]", true): Modify property of object successfully

2018-05-15 18:47:13 - [MESSAGE][PASSED] - Modify property of object successfully

2018-05-15 18:47:13 - [TEST_STEP][PASSED] - selectOptionByIndex: All options with index in [1] are selected on object ''

2018-05-15 18:47:14 - [MESSAGE][PASSED] - All options with index in [1] are selected on object ''

2018-05-15 18:47:14 - [TEST_STEP][PASSED] - Statement - batch = new com.kms.katalon.core.testobject.TestObject(): null

2018-05-15 18:47:14 - [TEST_STEP][PASSED] - Statement - batch = com.kms.katalon.core.webui.keyword.WebUiBuiltInKeywords.modifyObjectProperty(batch, "xpath", "equals", "//*[@id = "txtbthqty" + row + ""]", true): Modify property of object successfully

2018-05-15 18:47:14 - [MESSAGE][PASSED] - Modify property of object successfully

2018-05-15 18:47:14 - [TEST_STEP][PASSED] - Statement - batchqty = com.kms.katalon.core.webui.keyword.WebUiBuiltInKeywords.getAttribute(batch, "value").trim(): Attribute 'value' of object '' is: '5000'

2018-05-15 18:47:14 - [MESSAGE][PASSED] - Attribute 'value' of object '' is: '5000'

2018-05-15 18:47:14 - [TEST_STEP][PASSED] - Statement - Rqty = 100: null

2018-05-15 18:47:14 - [TEST_STEP][PASSED] - delay: Delayed 2 second(s)

2018-05-15 18:47:16 - [MESSAGE][PASSED] - Delayed 2 second(s)

2018-05-15 18:47:16 - [TEST_STEP][PASSED] - Statement - out.println("BatchQty : " + batchqty): null

2018-05-15 18:47:16 - [TEST_STEP][PASSED] - Statement - out.println("RQty : " + Rqty): null

2018-05-15 18:47:16 - [TEST_STEP][PASSED] - Statement - If (java.lang.Integer.valueOf(batchqty) >= java.lang.Integer.valueOf(Rqty)): null

2018-05-15 18:47:16 - [TEST_STEP][PASSED] - Statement - Break: null

2018-05-15 18:47:16 - [TEST_STEP][PASSED] - Statement - batchlength = new com.kms.katalon.core.testobject.TestObject(): null

2018-05-15 18:47:16 - [TEST_STEP][PASSED] - Statement - batchlength = com.kms.katalon.core.webui.keyword.WebUiBuiltInKeywords.modifyObjectProperty(batchlength, "xpath", "equals", "//*[@id = "fldvendor" + row + ""]", true): Modify property of object successfully

2018-05-15 18:47:16 - [MESSAGE][PASSED] - Modify property of object successfully

2018-05-15 18:47:16 - [TEST_STEP][PASSED] - Statement - batchsize = com.kms.katalon.core.webui.keyword.WebUiBuiltInKeywords.getNumberOfTotalOption(batchlength): 6 options of object '' counted

2018-05-15 18:47:16 - [MESSAGE][PASSED] - 6 options of object '' counted

2018-05-15 18:47:16 - [TEST_STEP][PASSED] - Statement - out.println("BatchSize : " + batchsize): null

2018-05-15 18:47:16 - [TEST_STEP][PASSED] - Statement - For ([n = 1, n <= batchsize - 1, (n++)]): null

2018-05-15 18:47:16 - [TEST_STEP][PASSED] - Statement - product = new com.kms.katalon.core.testobject.TestObject(): null

2018-05-15 18:47:16 - [TEST_STEP][PASSED] - Statement - product = com.kms.katalon.core.webui.keyword.WebUiBuiltInKeywords.modifyObjectProperty(product, "xpath", "equals", "//*[@id = "fldvendor" + row + ""]", true): Modify property of object successfully

2018-05-15 18:47:16 - [MESSAGE][PASSED] - Modify property of object successfully

2018-05-15 18:47:16 - [TEST_STEP][PASSED] - selectOptionByIndex: All options with index in [1] are selected on object ''

2018-05-15 18:47:16 - [MESSAGE][PASSED] - All options with index in [1] are selected on object ''

2018-05-15 18:47:16 - [TEST_STEP][PASSED] - Statement - batch = new com.kms.katalon.core.testobject.TestObject(): null

2018-05-15 18:47:16 - [TEST_STEP][PASSED] - Statement - batch = com.kms.katalon.core.webui.keyword.WebUiBuiltInKeywords.modifyObjectProperty(batch, "xpath", "equals", "//*[@id = "txtbthqty" + row + ""]", true): Modify property of object successfully

2018-05-15 18:47:16 - [MESSAGE][PASSED] - Modify property of object successfully

2018-05-15 18:47:16 - [TEST_STEP][PASSED] - Statement - batchqty = com.kms.katalon.core.webui.keyword.WebUiBuiltInKeywords.getAttribute(batch, "value").trim(): Attribute 'value' of object '' is: '40000'

2018-05-15 18:47:16 - [MESSAGE][PASSED] - Attribute 'value' of object '' is: '40000'

2018-05-15 18:47:16 - [TEST_STEP][PASSED] - Statement - Rqty = 100: null

2018-05-15 18:47:16 - [TEST_STEP][PASSED] - delay: Delayed 2 second(s)

2018-05-15 18:47:18 - [MESSAGE][PASSED] - Delayed 2 second(s)

2018-05-15 18:47:18 - [TEST_STEP][PASSED] - Statement - out.println("BatchQty : " + batchqty): null

2018-05-15 18:47:18 - [TEST_STEP][PASSED] - Statement - out.println("RQty : " + Rqty): null

2018-05-15 18:47:18 - [TEST_STEP][PASSED] - Statement - If (java.lang.Integer.valueOf(batchqty) >= java.lang.Integer.valueOf(Rqty)): null

2018-05-15 18:47:18 - [TEST_STEP][PASSED] - Statement - Break: null

2018-05-15 18:47:18 - [TEST_STEP][PASSED] - Statement - batchlength = new com.kms.katalon.core.testobject.TestObject(): null

2018-05-15 18:47:18 - [TEST_STEP][PASSED] - Statement - batchlength = com.kms.katalon.core.webui.keyword.WebUiBuiltInKeywords.modifyObjectProperty(batchlength, "xpath", "equals", "//*[@id = "fldvendor" + row + ""]", true): Modify property of object successfully

2018-05-15 18:47:18 - [MESSAGE][PASSED] - Modify property of object successfully

2018-05-15 18:47:18 - [TEST_STEP][PASSED] - Statement - batchsize = com.kms.katalon.core.webui.keyword.WebUiBuiltInKeywords.getNumberOfTotalOption(batchlength): 6 options of object '' counted

2018-05-15 18:47:18 - [MESSAGE][PASSED] - 6 options of object '' counted

2018-05-15 18:47:18 - [TEST_STEP][PASSED] - Statement - out.println("BatchSize : " + batchsize): null

2018-05-15 18:47:18 - [TEST_STEP][PASSED] - Statement - For ([n = 1, n <= batchsize - 1, (n++)]): null

2018-05-15 18:47:18 - [TEST_STEP][PASSED] - Statement - product = new com.kms.katalon.core.testobject.TestObject(): null

2018-05-15 18:47:18 - [TEST_STEP][PASSED] - Statement - product = com.kms.katalon.core.webui.keyword.WebUiBuiltInKeywords.modifyObjectProperty(product, "xpath", "equals", "//*[@id = "fldvendor" + row + ""]", true): Modify property of object successfully

2018-05-15 18:47:18 - [MESSAGE][PASSED] - Modify property of object successfully

2018-05-15 18:47:18 - [TEST_STEP][PASSED] - selectOptionByIndex: All options with index in [1] are selected on object ''

2018-05-15 18:47:18 - [MESSAGE][PASSED] - All options with index in [1] are selected on object ''

2018-05-15 18:47:18 - [TEST_STEP][PASSED] - Statement - batch = new com.kms.katalon.core.testobject.TestObject(): null

2018-05-15 18:47:18 - [TEST_STEP][PASSED] - Statement - batch = com.kms.katalon.core.webui.keyword.WebUiBuiltInKeywords.modifyObjectProperty(batch, "xpath", "equals", "//*[@id = "txtbthqty" + row + ""]", true): Modify property of object successfully

2018-05-15 18:47:18 - [MESSAGE][PASSED] - Modify property of object successfully

2018-05-15 18:47:18 - [TEST_STEP][PASSED] - Statement - batchqty = com.kms.katalon.core.webui.keyword.WebUiBuiltInKeywords.getAttribute(batch, "value").trim(): Attribute 'value' of object '' is: '40000'

2018-05-15 18:47:18 - [MESSAGE][PASSED] - Attribute 'value' of object '' is: '40000'

2018-05-15 18:47:18 - [TEST_STEP][PASSED] - Statement - Rqty = 100: null

2018-05-15 18:47:18 - [TEST_STEP][PASSED] - delay: Delayed 2 second(s)

2018-05-15 18:47:20 - [MESSAGE][PASSED] - Delayed 2 second(s)

2018-05-15 18:47:20 - [TEST_STEP][PASSED] - Statement - out.println("BatchQty : " + batchqty): null

2018-05-15 18:47:20 - [TEST_STEP][PASSED] - Statement - out.println("RQty : " + Rqty): null

2018-05-15 18:47:20 - [TEST_STEP][PASSED] - Statement - If (java.lang.Integer.valueOf(batchqty) >= java.lang.Integer.valueOf(Rqty)): null

2018-05-15 18:47:20 - [TEST_STEP][PASSED] - Statement - Break: null

2018-05-15 18:47:20 - [TEST_STEP][PASSED] - Statement - batchlength = new com.kms.katalon.core.testobject.TestObject(): null

2018-05-15 18:47:20 - [TEST_STEP][PASSED] - Statement - batchlength = com.kms.katalon.core.webui.keyword.WebUiBuiltInKeywords.modifyObjectProperty(batchlength, "xpath", "equals", "//*[@id = "fldvendor" + row + ""]", true): Modify property of object successfully

2018-05-15 18:47:20 - [MESSAGE][PASSED] - Modify property of object successfully

2018-05-15 18:47:20 - [TEST_STEP][PASSED] - Statement - batchsize = com.kms.katalon.core.webui.keyword.WebUiBuiltInKeywords.getNumberOfTotalOption(batchlength): 6 options of object '' counted

2018-05-15 18:47:20 - [MESSAGE][PASSED] - 6 options of object '' counted

2018-05-15 18:47:20 - [TEST_STEP][PASSED] - Statement - out.println("BatchSize : " + batchsize): null

2018-05-15 18:47:20 - [TEST_STEP][PASSED] - Statement - For ([n = 1, n <= batchsize - 1, (n++)]): null

2018-05-15 18:47:20 - [TEST_STEP][PASSED] - Statement - product = new com.kms.katalon.core.testobject.TestObject(): null

2018-05-15 18:47:20 - [TEST_STEP][PASSED] - Statement - product = com.kms.katalon.core.webui.keyword.WebUiBuiltInKeywords.modifyObjectProperty(product, "xpath", "equals", "//*[@id = "fldvendor" + row + ""]", true): Modify property of object successfully

2018-05-15 18:47:20 - [MESSAGE][PASSED] - Modify property of object successfully

2018-05-15 18:47:20 - [TEST_STEP][PASSED] - selectOptionByIndex: All options with index in [1] are selected on object ''

2018-05-15 18:47:20 - [MESSAGE][PASSED] - All options with index in [1] are selected on object ''

2018-05-15 18:47:20 - [TEST_STEP][PASSED] - Statement - batch = new com.kms.katalon.core.testobject.TestObject(): null

2018-05-15 18:47:20 - [TEST_STEP][PASSED] - Statement - batch = com.kms.katalon.core.webui.keyword.WebUiBuiltInKeywords.modifyObjectProperty(batch, "xpath", "equals", "//*[@id = "txtbthqty" + row + ""]", true): Modify property of object successfully

2018-05-15 18:47:20 - [MESSAGE][PASSED] - Modify property of object successfully

2018-05-15 18:47:20 - [TEST_STEP][PASSED] - Statement - batchqty = com.kms.katalon.core.webui.keyword.WebUiBuiltInKeywords.getAttribute(batch, "value").trim(): Attribute 'value' of object '' is: '40000'

2018-05-15 18:47:20 - [MESSAGE][PASSED] - Attribute 'value' of object '' is: '40000'

2018-05-15 18:47:20 - [TEST_STEP][PASSED] - Statement - Rqty = 100: null

2018-05-15 18:47:20 - [TEST_STEP][PASSED] - delay: Delayed 2 second(s)

2018-05-15 18:47:22 - [MESSAGE][PASSED] - Delayed 2 second(s)

2018-05-15 18:47:22 - [TEST_STEP][PASSED] - Statement - out.println("BatchQty : " + batchqty): null

2018-05-15 18:47:22 - [TEST_STEP][PASSED] - Statement - out.println("RQty : " + Rqty): null

2018-05-15 18:47:22 - [TEST_STEP][PASSED] - Statement - If (java.lang.Integer.valueOf(batchqty) >= java.lang.Integer.valueOf(Rqty)): null

2018-05-15 18:47:22 - [TEST_STEP][PASSED] - Statement - Break: null

2018-05-15 18:47:22 - [TEST_STEP][PASSED] - Statement - batchlength = new com.kms.katalon.core.testobject.TestObject(): null

2018-05-15 18:47:22 - [TEST_STEP][PASSED] - Statement - batchlength = com.kms.katalon.core.webui.keyword.WebUiBuiltInKeywords.modifyObjectProperty(batchlength, "xpath", "equals", "//*[@id = "fldvendor" + row + ""]", true): Modify property of object successfully

2018-05-15 18:47:22 - [MESSAGE][PASSED] - Modify property of object successfully

2018-05-15 18:47:22 - [TEST_STEP][PASSED] - Statement - batchsize = com.kms.katalon.core.webui.keyword.WebUiBuiltInKeywords.getNumberOfTotalOption(batchlength): 6 options of object '' counted

2018-05-15 18:47:22 - [MESSAGE][PASSED] - 6 options of object '' counted

2018-05-15 18:47:22 - [TEST_STEP][PASSED] - Statement - out.println("BatchSize : " + batchsize): null

2018-05-15 18:47:22 - [TEST_STEP][PASSED] - Statement - For ([n = 1, n <= batchsize - 1, (n++)]): null

2018-05-15 18:47:22 - [TEST_STEP][PASSED] - Statement - product = new com.kms.katalon.core.testobject.TestObject(): null

2018-05-15 18:47:22 - [TEST_STEP][PASSED] - Statement - product = com.kms.katalon.core.webui.keyword.WebUiBuiltInKeywords.modifyObjectProperty(product, "xpath", "equals", "//*[@id = "fldvendor" + row + ""]", true): Modify property of object successfully

2018-05-15 18:47:22 - [MESSAGE][PASSED] - Modify property of object successfully

2018-05-15 18:47:22 - [TEST_STEP][PASSED] - selectOptionByIndex: All options with index in [1] are selected on object ''

2018-05-15 18:47:23 - [MESSAGE][PASSED] - All options with index in [1] are selected on object ''

2018-05-15 18:47:23 - [TEST_STEP][PASSED] - Statement - batch = new com.kms.katalon.core.testobject.TestObject(): null

2018-05-15 18:47:23 - [TEST_STEP][PASSED] - Statement - batch = com.kms.katalon.core.webui.keyword.WebUiBuiltInKeywords.modifyObjectProperty(batch, "xpath", "equals", "//*[@id = "txtbthqty" + row + ""]", true): Modify property of object successfully

2018-05-15 18:47:23 - [MESSAGE][PASSED] - Modify property of object successfully

2018-05-15 18:47:23 - [TEST_STEP][PASSED] - Statement - batchqty = com.kms.katalon.core.webui.keyword.WebUiBuiltInKeywords.getAttribute(batch, "value").trim(): Attribute 'value' of object '' is: '40000'

2018-05-15 18:47:23 - [MESSAGE][PASSED] - Attribute 'value' of object '' is: '40000'

2018-05-15 18:47:23 - [TEST_STEP][PASSED] - Statement - Rqty = 100: null

2018-05-15 18:47:23 - [TEST_STEP][PASSED] - delay: Delayed 2 second(s)

2018-05-15 18:47:25 - [MESSAGE][PASSED] - Delayed 2 second(s)

2018-05-15 18:47:25 - [TEST_STEP][PASSED] - Statement - out.println("BatchQty : " + batchqty): null

2018-05-15 18:47:25 - [TEST_STEP][PASSED] - Statement - out.println("RQty : " + Rqty): null

2018-05-15 18:47:25 - [TEST_STEP][PASSED] - Statement - If (java.lang.Integer.valueOf(batchqty) >= java.lang.Integer.valueOf(Rqty)): null

2018-05-15 18:47:25 - [TEST_STEP][PASSED] - Statement - Break: null

2018-05-15 18:47:25 - [TEST_STEP][PASSED] - Statement - batchlength = new com.kms.katalon.core.testobject.TestObject(): null

2018-05-15 18:47:25 - [TEST_STEP][PASSED] - Statement - batchlength = com.kms.katalon.core.webui.keyword.WebUiBuiltInKeywords.modifyObjectProperty(batchlength, "xpath", "equals", "//*[@id = "fldvendor" + row + ""]", true): Modify property of object successfully

2018-05-15 18:47:25 - [MESSAGE][PASSED] - Modify property of object successfully

2018-05-15 18:47:25 - [TEST_STEP][PASSED] - Statement - batchsize = com.kms.katalon.core.webui.keyword.WebUiBuiltInKeywords.getNumberOfTotalOption(batchlength): 6 options of object '' counted

2018-05-15 18:47:25 - [MESSAGE][PASSED] - 6 options of object '' counted

2018-05-15 18:47:25 - [TEST_STEP][PASSED] - Statement - out.println("BatchSize : " + batchsize): null

2018-05-15 18:47:25 - [TEST_STEP][PASSED] - Statement - For ([n = 1, n <= batchsize - 1, (n++)]): null

2018-05-15 18:47:25 - [TEST_STEP][PASSED] - Statement - product = new com.kms.katalon.core.testobject.TestObject(): null

2018-05-15 18:47:25 - [TEST_STEP][PASSED] - Statement - product = com.kms.katalon.core.webui.keyword.WebUiBuiltInKeywords.modifyObjectProperty(product, "xpath", "equals", "//*[@id = "fldvendor" + row + ""]", true): Modify property of object successfully

2018-05-15 18:47:25 - [MESSAGE][PASSED] - Modify property of object successfully

2018-05-15 18:47:25 - [TEST_STEP][PASSED] - selectOptionByIndex: All options with index in [1] are selected on object ''

2018-05-15 18:47:25 - [MESSAGE][PASSED] - All options with index in [1] are selected on object ''

2018-05-15 18:47:25 - [TEST_STEP][PASSED] - Statement - batch = new com.kms.katalon.core.testobject.TestObject(): null

2018-05-15 18:47:25 - [TEST_STEP][PASSED] - Statement - batch = com.kms.katalon.core.webui.keyword.WebUiBuiltInKeywords.modifyObjectProperty(batch, "xpath", "equals", "//*[@id = "txtbthqty" + row + ""]", true): Modify property of object successfully

2018-05-15 18:47:25 - [MESSAGE][PASSED] - Modify property of object successfully

2018-05-15 18:47:25 - [TEST_STEP][PASSED] - Statement - batchqty = com.kms.katalon.core.webui.keyword.WebUiBuiltInKeywords.getAttribute(batch, "value").trim(): Attribute 'value' of object '' is: '5000'

2018-05-15 18:47:25 - [MESSAGE][PASSED] - Attribute 'value' of object '' is: '5000'

2018-05-15 18:47:25 - [TEST_STEP][PASSED] - Statement - Rqty = 100: null

2018-05-15 18:47:25 - [TEST_STEP][PASSED] - delay: Delayed 2 second(s)

2018-05-15 18:47:27 - [MESSAGE][PASSED] - Delayed 2 second(s)

2018-05-15 18:47:27 - [TEST_STEP][PASSED] - Statement - out.println("BatchQty : " + batchqty): null

2018-05-15 18:47:27 - [TEST_STEP][PASSED] - Statement - out.println("RQty : " + Rqty): null

2018-05-15 18:47:27 - [TEST_STEP][PASSED] - Statement - If (java.lang.Integer.valueOf(batchqty) >= java.lang.Integer.valueOf(Rqty)): null

2018-05-15 18:47:27 - [TEST_STEP][PASSED] - Statement - Break: null

2018-05-15 18:47:27 - [TEST_STEP][PASSED] - click: Object: 'Object Repository/store Request Schedule 1/Page_KDMC - CMS/input_btndispatch' is clicked on

2018-05-15 18:47:27 - [MESSAGE][PASSED] - Object: 'Object Repository/store Request Schedule 1/Page_KDMC - CMS/input_btndispatch' is clicked on

2018-05-15 18:47:27 - [TEST_STEP][PASSED] - delay: Delayed 3 second(s)

2018-05-15 18:47:30 - [MESSAGE][PASSED] - Delayed 3 second(s)

2018-05-15 18:47:30 - [TEST_STEP][FAILED] - click: Unable to click on object 'Object Repository/store Request Schedule 1/Page_KDMC - CMS/button_OK' (Root cause: com.kms.katalon.core.webui.exception.WebElementNotFoundException: Web element with id: 'Object Repository/store Request Schedule 1/Page_KDMC - CMS/button_OK' located by 'By.xpath: /html[1]/body[@class="skin-blue  pace-done modal-open"]/div[@class="bootbox modal fade bootbox-alert in"]/div[@class="modal-dialog"]/div[@class="modal-content"]/div[@class="modal-footer"]/button[@class="btn btn-primary"][count(. | //button[@type = 'button' and (text() = 'OK' or . = 'OK')]) = count(//button[@type = 'button' and (text() = 'OK' or . = 'OK')])]' not found)

2018-05-15 18:48:02 - [MESSAGE][FAILED] - Unable to click on object 'Object Repository/store Request Schedule 1/Page_KDMC - CMS/button_OK' (Root cause: com.kms.katalon.core.webui.exception.WebElementNotFoundException: Web element with id: 'Object Repository/store Request Schedule 1/Page_KDMC - CMS/button_OK' located by 'By.xpath: /html[1]/body[@class="skin-blue  pace-done modal-open"]/div[@class="bootbox modal fade bootbox-alert in"]/div[@class="modal-dialog"]/div[@class="modal-content"]/div[@class="modal-footer"]/button[@class="btn btn-primary"][count(. | //button[@type = 'button' and (text() = 'OK' or . = 'OK')]) = count(//button[@type = 'button' and (text() = 'OK' or . = 'OK')])]' not found)
[[ATTACHMENT|C:\\Users\\Quality Analyst\\Katalon Studio\\ds\\Reports\\Store_Suit\\20180515_181358\\1526390281736.png]]]]></system-out>
         <system-err><![CDATA[2018-05-15 18:44:51 - [TEST_CASE][FAILED] - Test Cases/STORE TO CMS REQUEST TEST CASES/TC_STCMS_007 To Verify Schedule 7 Store To CMS Request Are Working Successfully Or Not: Test Cases/STORE TO CMS REQUEST TEST CASES/TC_STCMS_007 To Verify Schedule 7 Store To CMS Request Are Working Successfully Or Not FAILED because (of) Unable to click on object 'Object Repository/store Request Schedule 1/Page_KDMC - CMS/button_OK' (Root cause: com.kms.katalon.core.webui.exception.WebElementNotFoundException: Web element with id: 'Object Repository/store Request Schedule 1/Page_KDMC - CMS/button_OK' located by 'By.xpath: /html[1]/body[@class="skin-blue  pace-done modal-open"]/div[@class="bootbox modal fade bootbox-alert in"]/div[@class="modal-dialog"]/div[@class="modal-content"]/div[@class="modal-footer"]/button[@class="btn btn-primary"][count(. | //button[@type = 'button' and (text() = 'OK' or . = 'OK')]) = count(//button[@type = 'button' and (text() = 'OK' or . = 'OK')])]' not found)]]></system-err>
      </testcase>
      <testcase name="Test Cases/STORE TO CMS REQUEST TEST CASES/TC_STCMS_008 To Verify Schedule 8 Store To CMS Request Are Working Successfully Or Not" classname="Test Cases/STORE TO CMS REQUEST TEST CASES/TC_STCMS_008 To Verify Schedule 8 Store To CMS Request Are Working Successfully Or Not" status="PASSED">
         <system-out><![CDATA[2018-05-15 18:48:02 - [TEST_CASE][PASSED] - Test Cases/STORE TO CMS REQUEST TEST CASES/TC_STCMS_008 To Verify Schedule 8 Store To CMS Request Are Working Successfully Or Not: Test Cases/STORE TO CMS REQUEST TEST CASES/TC_STCMS_008 To Verify Schedule 8 Store To CMS Request Are Working Successfully Or Not

2018-05-15 18:48:02 - [TEST_STEP][PASSED] - openBrowser: Browser is opened with url: ''

2018-05-15 18:48:02 - [MESSAGE][WARNING] - A browser is already opened. Closing browser and opening a new one

2018-05-15 18:48:05 - [MESSAGE][PASSED] - Browser is opened with url: ''

2018-05-15 18:48:05 - [TEST_STEP][PASSED] - Statement - out.println("Verify Schedule 8 STORE Request Are Working Successfully Or Not"): null

2018-05-15 18:48:05 - [TEST_STEP][PASSED] - navigateToUrl: Navigate to 'http://192.168.137.1/multihospital_new/' successfully

2018-05-15 18:48:08 - [MESSAGE][PASSED] - Navigate to 'http://192.168.137.1/multihospital_new/' successfully

2018-05-15 18:48:08 - [TEST_STEP][PASSED] - maximizeWindow: Current window maximized

2018-05-15 18:48:09 - [MESSAGE][PASSED] - Current window maximized

2018-05-15 18:48:09 - [TEST_STEP][PASSED] - click: Object: 'Object Repository/Store Request Schedule 1/Page_KDMC/a_Divisional Store' is clicked on

2018-05-15 18:48:09 - [MESSAGE][PASSED] - Object: 'Object Repository/Store Request Schedule 1/Page_KDMC/a_Divisional Store' is clicked on

2018-05-15 18:48:09 - [TEST_STEP][PASSED] - setText: Text 'ragu' is set on object 'Object Repository/Store Request Schedule 1/Page_Divisonal Store Login/input_txtusername'

2018-05-15 18:48:09 - [MESSAGE][PASSED] - Text 'ragu' is set on object 'Object Repository/Store Request Schedule 1/Page_Divisonal Store Login/input_txtusername'

2018-05-15 18:48:09 - [TEST_STEP][PASSED] - setText: Text '123' is set on object 'Object Repository/Store Request Schedule 1/Page_Divisonal Store Login/input_txtpassword'

2018-05-15 18:48:09 - [MESSAGE][PASSED] - Text '123' is set on object 'Object Repository/Store Request Schedule 1/Page_Divisonal Store Login/input_txtpassword'

2018-05-15 18:48:09 - [TEST_STEP][PASSED] - delay: Delayed 3 second(s)

2018-05-15 18:48:12 - [MESSAGE][PASSED] - Delayed 3 second(s)

2018-05-15 18:48:12 - [TEST_STEP][PASSED] - click: Object: 'Object Repository/Store Request Schedule 1/Page_Divisonal Store Login/button_Sign in' is clicked on

2018-05-15 18:48:13 - [MESSAGE][PASSED] - Object: 'Object Repository/Store Request Schedule 1/Page_Divisonal Store Login/button_Sign in' is clicked on

2018-05-15 18:48:13 - [TEST_STEP][PASSED] - delay: Delayed 3 second(s)

2018-05-15 18:48:16 - [MESSAGE][PASSED] - Delayed 3 second(s)

2018-05-15 18:48:16 - [TEST_STEP][PASSED] - click: Object: 'Object Repository/Store Request Schedule 1/Page_Store/a_CMS' is clicked on

2018-05-15 18:48:16 - [MESSAGE][PASSED] - Object: 'Object Repository/Store Request Schedule 1/Page_Store/a_CMS' is clicked on

2018-05-15 18:48:16 - [TEST_STEP][PASSED] - delay: Delayed 2 second(s)

2018-05-15 18:48:18 - [MESSAGE][PASSED] - Delayed 2 second(s)

2018-05-15 18:48:18 - [TEST_STEP][PASSED] - click: Object: 'Object Repository/Store Request Schedule 1/Page_Store/a_Request Send' is clicked on

2018-05-15 18:48:19 - [MESSAGE][PASSED] - Object: 'Object Repository/Store Request Schedule 1/Page_Store/a_Request Send' is clicked on

2018-05-15 18:48:19 - [TEST_STEP][PASSED] - selectOptionByIndex: All options with index in [1] are selected on object 'Object Repository/Store Request Schedule 1/Page_Store/select_--Select--'

2018-05-15 18:48:19 - [MESSAGE][PASSED] - All options with index in [1] are selected on object 'Object Repository/Store Request Schedule 1/Page_Store/select_--Select--'

2018-05-15 18:48:19 - [TEST_STEP][PASSED] - selectOptionByIndex: All options with index in [8] are selected on object 'Object Repository/Store Request Schedule 1/Page_Store/select_--Select--Schedule 1Inj'

2018-05-15 18:48:20 - [MESSAGE][PASSED] - All options with index in [8] are selected on object 'Object Repository/Store Request Schedule 1/Page_Store/select_--Select--Schedule 1Inj'

2018-05-15 18:48:20 - [TEST_STEP][PASSED] - Statement - SelectedOptions = com.kms.katalon.core.webui.keyword.WebUiBuiltInKeywords.getNumberOfTotalOption(com.kms.katalon.core.testobject.ObjectRepository.findTestObject(Store Request Schedule 1/Page_Store/select_--Select--Adernaline 0.)): 18 options of object 'Object Repository/Store Request Schedule 1/Page_Store/select_--Select--Adernaline 0.' counted

2018-05-15 18:48:20 - [MESSAGE][PASSED] - 18 options of object 'Object Repository/Store Request Schedule 1/Page_Store/select_--Select--Adernaline 0.' counted

2018-05-15 18:48:20 - [TEST_STEP][PASSED] - Statement - For ([y = 1, y < SelectedOptions, (y++)]): Object: 'Object Repository/Store Request Schedule 1/Page_Store/button_Add' is clicked on

2018-05-15 18:48:20 - [TEST_STEP][PASSED] - selectOptionByIndex: All options with index in [8] are selected on object 'Object Repository/Store Request Schedule 1/Page_Store/select_--Select--Schedule 1Inj'

2018-05-15 18:48:20 - [MESSAGE][PASSED] - All options with index in [8] are selected on object 'Object Repository/Store Request Schedule 1/Page_Store/select_--Select--Schedule 1Inj'

2018-05-15 18:48:20 - [TEST_STEP][PASSED] - delay: Delayed 1 second(s)

2018-05-15 18:48:21 - [MESSAGE][PASSED] - Delayed 1 second(s)

2018-05-15 18:48:21 - [TEST_STEP][PASSED] - selectOptionByIndex: All options with index in [1] are selected on object 'Object Repository/Store Request Schedule 1/Page_Store/select_--Select--Adernaline 0.'

2018-05-15 18:48:21 - [MESSAGE][PASSED] - All options with index in [1] are selected on object 'Object Repository/Store Request Schedule 1/Page_Store/select_--Select--Adernaline 0.'

2018-05-15 18:48:21 - [TEST_STEP][PASSED] - setText: Text '100' is set on object 'Object Repository/Store Request Schedule 1/Page_Store/input_txttreat'

2018-05-15 18:48:21 - [MESSAGE][PASSED] - Text '100' is set on object 'Object Repository/Store Request Schedule 1/Page_Store/input_txttreat'

2018-05-15 18:48:21 - [TEST_STEP][PASSED] - click: Object: 'Object Repository/Store Request Schedule 1/Page_Store/button_Add' is clicked on

2018-05-15 18:48:21 - [MESSAGE][PASSED] - Object: 'Object Repository/Store Request Schedule 1/Page_Store/button_Add' is clicked on

2018-05-15 18:48:21 - [TEST_STEP][PASSED] - selectOptionByIndex: All options with index in [8] are selected on object 'Object Repository/Store Request Schedule 1/Page_Store/select_--Select--Schedule 1Inj'

2018-05-15 18:48:22 - [MESSAGE][PASSED] - All options with index in [8] are selected on object 'Object Repository/Store Request Schedule 1/Page_Store/select_--Select--Schedule 1Inj'

2018-05-15 18:48:22 - [TEST_STEP][PASSED] - delay: Delayed 1 second(s)

2018-05-15 18:48:23 - [MESSAGE][PASSED] - Delayed 1 second(s)

2018-05-15 18:48:23 - [TEST_STEP][PASSED] - selectOptionByIndex: All options with index in [2] are selected on object 'Object Repository/Store Request Schedule 1/Page_Store/select_--Select--Adernaline 0.'

2018-05-15 18:48:23 - [MESSAGE][PASSED] - All options with index in [2] are selected on object 'Object Repository/Store Request Schedule 1/Page_Store/select_--Select--Adernaline 0.'

2018-05-15 18:48:23 - [TEST_STEP][PASSED] - setText: Text '100' is set on object 'Object Repository/Store Request Schedule 1/Page_Store/input_txttreat'

2018-05-15 18:48:23 - [MESSAGE][PASSED] - Text '100' is set on object 'Object Repository/Store Request Schedule 1/Page_Store/input_txttreat'

2018-05-15 18:48:23 - [TEST_STEP][PASSED] - click: Object: 'Object Repository/Store Request Schedule 1/Page_Store/button_Add' is clicked on

2018-05-15 18:48:23 - [MESSAGE][PASSED] - Object: 'Object Repository/Store Request Schedule 1/Page_Store/button_Add' is clicked on

2018-05-15 18:48:23 - [TEST_STEP][PASSED] - selectOptionByIndex: All options with index in [8] are selected on object 'Object Repository/Store Request Schedule 1/Page_Store/select_--Select--Schedule 1Inj'

2018-05-15 18:48:23 - [MESSAGE][PASSED] - All options with index in [8] are selected on object 'Object Repository/Store Request Schedule 1/Page_Store/select_--Select--Schedule 1Inj'

2018-05-15 18:48:23 - [TEST_STEP][PASSED] - delay: Delayed 1 second(s)

2018-05-15 18:48:24 - [MESSAGE][PASSED] - Delayed 1 second(s)

2018-05-15 18:48:24 - [TEST_STEP][PASSED] - selectOptionByIndex: All options with index in [3] are selected on object 'Object Repository/Store Request Schedule 1/Page_Store/select_--Select--Adernaline 0.'

2018-05-15 18:48:24 - [MESSAGE][PASSED] - All options with index in [3] are selected on object 'Object Repository/Store Request Schedule 1/Page_Store/select_--Select--Adernaline 0.'

2018-05-15 18:48:24 - [TEST_STEP][PASSED] - setText: Text '100' is set on object 'Object Repository/Store Request Schedule 1/Page_Store/input_txttreat'

2018-05-15 18:48:24 - [MESSAGE][PASSED] - Text '100' is set on object 'Object Repository/Store Request Schedule 1/Page_Store/input_txttreat'

2018-05-15 18:48:24 - [TEST_STEP][PASSED] - click: Object: 'Object Repository/Store Request Schedule 1/Page_Store/button_Add' is clicked on

2018-05-15 18:48:24 - [MESSAGE][PASSED] - Object: 'Object Repository/Store Request Schedule 1/Page_Store/button_Add' is clicked on

2018-05-15 18:48:24 - [TEST_STEP][PASSED] - selectOptionByIndex: All options with index in [8] are selected on object 'Object Repository/Store Request Schedule 1/Page_Store/select_--Select--Schedule 1Inj'

2018-05-15 18:48:24 - [MESSAGE][PASSED] - All options with index in [8] are selected on object 'Object Repository/Store Request Schedule 1/Page_Store/select_--Select--Schedule 1Inj'

2018-05-15 18:48:24 - [TEST_STEP][PASSED] - delay: Delayed 1 second(s)

2018-05-15 18:48:25 - [MESSAGE][PASSED] - Delayed 1 second(s)

2018-05-15 18:48:25 - [TEST_STEP][PASSED] - selectOptionByIndex: All options with index in [4] are selected on object 'Object Repository/Store Request Schedule 1/Page_Store/select_--Select--Adernaline 0.'

2018-05-15 18:48:26 - [MESSAGE][PASSED] - All options with index in [4] are selected on object 'Object Repository/Store Request Schedule 1/Page_Store/select_--Select--Adernaline 0.'

2018-05-15 18:48:26 - [TEST_STEP][PASSED] - setText: Text '100' is set on object 'Object Repository/Store Request Schedule 1/Page_Store/input_txttreat'

2018-05-15 18:48:26 - [MESSAGE][PASSED] - Text '100' is set on object 'Object Repository/Store Request Schedule 1/Page_Store/input_txttreat'

2018-05-15 18:48:26 - [TEST_STEP][PASSED] - click: Object: 'Object Repository/Store Request Schedule 1/Page_Store/button_Add' is clicked on

2018-05-15 18:48:26 - [MESSAGE][PASSED] - Object: 'Object Repository/Store Request Schedule 1/Page_Store/button_Add' is clicked on

2018-05-15 18:48:26 - [TEST_STEP][PASSED] - selectOptionByIndex: All options with index in [8] are selected on object 'Object Repository/Store Request Schedule 1/Page_Store/select_--Select--Schedule 1Inj'

2018-05-15 18:48:26 - [MESSAGE][PASSED] - All options with index in [8] are selected on object 'Object Repository/Store Request Schedule 1/Page_Store/select_--Select--Schedule 1Inj'

2018-05-15 18:48:26 - [TEST_STEP][PASSED] - delay: Delayed 1 second(s)

2018-05-15 18:48:27 - [MESSAGE][PASSED] - Delayed 1 second(s)

2018-05-15 18:48:27 - [TEST_STEP][PASSED] - selectOptionByIndex: All options with index in [5] are selected on object 'Object Repository/Store Request Schedule 1/Page_Store/select_--Select--Adernaline 0.'

2018-05-15 18:48:27 - [MESSAGE][PASSED] - All options with index in [5] are selected on object 'Object Repository/Store Request Schedule 1/Page_Store/select_--Select--Adernaline 0.'

2018-05-15 18:48:27 - [TEST_STEP][PASSED] - setText: Text '100' is set on object 'Object Repository/Store Request Schedule 1/Page_Store/input_txttreat'

2018-05-15 18:48:27 - [MESSAGE][PASSED] - Text '100' is set on object 'Object Repository/Store Request Schedule 1/Page_Store/input_txttreat'

2018-05-15 18:48:27 - [TEST_STEP][PASSED] - click: Object: 'Object Repository/Store Request Schedule 1/Page_Store/button_Add' is clicked on

2018-05-15 18:48:27 - [MESSAGE][PASSED] - Object: 'Object Repository/Store Request Schedule 1/Page_Store/button_Add' is clicked on

2018-05-15 18:48:27 - [TEST_STEP][PASSED] - selectOptionByIndex: All options with index in [8] are selected on object 'Object Repository/Store Request Schedule 1/Page_Store/select_--Select--Schedule 1Inj'

2018-05-15 18:48:27 - [MESSAGE][PASSED] - All options with index in [8] are selected on object 'Object Repository/Store Request Schedule 1/Page_Store/select_--Select--Schedule 1Inj'

2018-05-15 18:48:27 - [TEST_STEP][PASSED] - delay: Delayed 1 second(s)

2018-05-15 18:48:28 - [MESSAGE][PASSED] - Delayed 1 second(s)

2018-05-15 18:48:28 - [TEST_STEP][PASSED] - selectOptionByIndex: All options with index in [6] are selected on object 'Object Repository/Store Request Schedule 1/Page_Store/select_--Select--Adernaline 0.'

2018-05-15 18:48:29 - [MESSAGE][PASSED] - All options with index in [6] are selected on object 'Object Repository/Store Request Schedule 1/Page_Store/select_--Select--Adernaline 0.'

2018-05-15 18:48:29 - [TEST_STEP][PASSED] - setText: Text '100' is set on object 'Object Repository/Store Request Schedule 1/Page_Store/input_txttreat'

2018-05-15 18:48:29 - [MESSAGE][PASSED] - Text '100' is set on object 'Object Repository/Store Request Schedule 1/Page_Store/input_txttreat'

2018-05-15 18:48:29 - [TEST_STEP][PASSED] - click: Object: 'Object Repository/Store Request Schedule 1/Page_Store/button_Add' is clicked on

2018-05-15 18:48:29 - [MESSAGE][PASSED] - Object: 'Object Repository/Store Request Schedule 1/Page_Store/button_Add' is clicked on

2018-05-15 18:48:29 - [TEST_STEP][PASSED] - selectOptionByIndex: All options with index in [8] are selected on object 'Object Repository/Store Request Schedule 1/Page_Store/select_--Select--Schedule 1Inj'

2018-05-15 18:48:29 - [MESSAGE][PASSED] - All options with index in [8] are selected on object 'Object Repository/Store Request Schedule 1/Page_Store/select_--Select--Schedule 1Inj'

2018-05-15 18:48:29 - [TEST_STEP][PASSED] - delay: Delayed 1 second(s)

2018-05-15 18:48:30 - [MESSAGE][PASSED] - Delayed 1 second(s)

2018-05-15 18:48:30 - [TEST_STEP][PASSED] - selectOptionByIndex: All options with index in [7] are selected on object 'Object Repository/Store Request Schedule 1/Page_Store/select_--Select--Adernaline 0.'

2018-05-15 18:48:30 - [MESSAGE][PASSED] - All options with index in [7] are selected on object 'Object Repository/Store Request Schedule 1/Page_Store/select_--Select--Adernaline 0.'

2018-05-15 18:48:30 - [TEST_STEP][PASSED] - setText: Text '100' is set on object 'Object Repository/Store Request Schedule 1/Page_Store/input_txttreat'

2018-05-15 18:48:30 - [MESSAGE][PASSED] - Text '100' is set on object 'Object Repository/Store Request Schedule 1/Page_Store/input_txttreat'

2018-05-15 18:48:30 - [TEST_STEP][PASSED] - click: Object: 'Object Repository/Store Request Schedule 1/Page_Store/button_Add' is clicked on

2018-05-15 18:48:30 - [MESSAGE][PASSED] - Object: 'Object Repository/Store Request Schedule 1/Page_Store/button_Add' is clicked on

2018-05-15 18:48:30 - [TEST_STEP][PASSED] - selectOptionByIndex: All options with index in [8] are selected on object 'Object Repository/Store Request Schedule 1/Page_Store/select_--Select--Schedule 1Inj'

2018-05-15 18:48:30 - [MESSAGE][PASSED] - All options with index in [8] are selected on object 'Object Repository/Store Request Schedule 1/Page_Store/select_--Select--Schedule 1Inj'

2018-05-15 18:48:30 - [TEST_STEP][PASSED] - delay: Delayed 1 second(s)

2018-05-15 18:48:31 - [MESSAGE][PASSED] - Delayed 1 second(s)

2018-05-15 18:48:31 - [TEST_STEP][PASSED] - selectOptionByIndex: All options with index in [8] are selected on object 'Object Repository/Store Request Schedule 1/Page_Store/select_--Select--Adernaline 0.'

2018-05-15 18:48:32 - [MESSAGE][PASSED] - All options with index in [8] are selected on object 'Object Repository/Store Request Schedule 1/Page_Store/select_--Select--Adernaline 0.'

2018-05-15 18:48:32 - [TEST_STEP][PASSED] - setText: Text '100' is set on object 'Object Repository/Store Request Schedule 1/Page_Store/input_txttreat'

2018-05-15 18:48:32 - [MESSAGE][PASSED] - Text '100' is set on object 'Object Repository/Store Request Schedule 1/Page_Store/input_txttreat'

2018-05-15 18:48:32 - [TEST_STEP][PASSED] - click: Object: 'Object Repository/Store Request Schedule 1/Page_Store/button_Add' is clicked on

2018-05-15 18:48:32 - [MESSAGE][PASSED] - Object: 'Object Repository/Store Request Schedule 1/Page_Store/button_Add' is clicked on

2018-05-15 18:48:32 - [TEST_STEP][PASSED] - selectOptionByIndex: All options with index in [8] are selected on object 'Object Repository/Store Request Schedule 1/Page_Store/select_--Select--Schedule 1Inj'

2018-05-15 18:48:32 - [MESSAGE][PASSED] - All options with index in [8] are selected on object 'Object Repository/Store Request Schedule 1/Page_Store/select_--Select--Schedule 1Inj'

2018-05-15 18:48:32 - [TEST_STEP][PASSED] - delay: Delayed 1 second(s)

2018-05-15 18:48:33 - [MESSAGE][PASSED] - Delayed 1 second(s)

2018-05-15 18:48:33 - [TEST_STEP][PASSED] - selectOptionByIndex: All options with index in [9] are selected on object 'Object Repository/Store Request Schedule 1/Page_Store/select_--Select--Adernaline 0.'

2018-05-15 18:48:33 - [MESSAGE][PASSED] - All options with index in [9] are selected on object 'Object Repository/Store Request Schedule 1/Page_Store/select_--Select--Adernaline 0.'

2018-05-15 18:48:33 - [TEST_STEP][PASSED] - setText: Text '100' is set on object 'Object Repository/Store Request Schedule 1/Page_Store/input_txttreat'

2018-05-15 18:48:33 - [MESSAGE][PASSED] - Text '100' is set on object 'Object Repository/Store Request Schedule 1/Page_Store/input_txttreat'

2018-05-15 18:48:33 - [TEST_STEP][PASSED] - click: Object: 'Object Repository/Store Request Schedule 1/Page_Store/button_Add' is clicked on

2018-05-15 18:48:33 - [MESSAGE][PASSED] - Object: 'Object Repository/Store Request Schedule 1/Page_Store/button_Add' is clicked on

2018-05-15 18:48:33 - [TEST_STEP][PASSED] - selectOptionByIndex: All options with index in [8] are selected on object 'Object Repository/Store Request Schedule 1/Page_Store/select_--Select--Schedule 1Inj'

2018-05-15 18:48:34 - [MESSAGE][PASSED] - All options with index in [8] are selected on object 'Object Repository/Store Request Schedule 1/Page_Store/select_--Select--Schedule 1Inj'

2018-05-15 18:48:34 - [TEST_STEP][PASSED] - delay: Delayed 1 second(s)

2018-05-15 18:48:35 - [MESSAGE][PASSED] - Delayed 1 second(s)

2018-05-15 18:48:35 - [TEST_STEP][PASSED] - selectOptionByIndex: All options with index in [10] are selected on object 'Object Repository/Store Request Schedule 1/Page_Store/select_--Select--Adernaline 0.'

2018-05-15 18:48:35 - [MESSAGE][PASSED] - All options with index in [10] are selected on object 'Object Repository/Store Request Schedule 1/Page_Store/select_--Select--Adernaline 0.'

2018-05-15 18:48:35 - [TEST_STEP][PASSED] - setText: Text '100' is set on object 'Object Repository/Store Request Schedule 1/Page_Store/input_txttreat'

2018-05-15 18:48:35 - [MESSAGE][PASSED] - Text '100' is set on object 'Object Repository/Store Request Schedule 1/Page_Store/input_txttreat'

2018-05-15 18:48:35 - [TEST_STEP][PASSED] - click: Object: 'Object Repository/Store Request Schedule 1/Page_Store/button_Add' is clicked on

2018-05-15 18:48:35 - [MESSAGE][PASSED] - Object: 'Object Repository/Store Request Schedule 1/Page_Store/button_Add' is clicked on

2018-05-15 18:48:35 - [TEST_STEP][PASSED] - selectOptionByIndex: All options with index in [8] are selected on object 'Object Repository/Store Request Schedule 1/Page_Store/select_--Select--Schedule 1Inj'

2018-05-15 18:48:35 - [MESSAGE][PASSED] - All options with index in [8] are selected on object 'Object Repository/Store Request Schedule 1/Page_Store/select_--Select--Schedule 1Inj'

2018-05-15 18:48:35 - [TEST_STEP][PASSED] - delay: Delayed 1 second(s)

2018-05-15 18:48:36 - [MESSAGE][PASSED] - Delayed 1 second(s)

2018-05-15 18:48:36 - [TEST_STEP][PASSED] - selectOptionByIndex: All options with index in [11] are selected on object 'Object Repository/Store Request Schedule 1/Page_Store/select_--Select--Adernaline 0.'

2018-05-15 18:48:36 - [MESSAGE][PASSED] - All options with index in [11] are selected on object 'Object Repository/Store Request Schedule 1/Page_Store/select_--Select--Adernaline 0.'

2018-05-15 18:48:36 - [TEST_STEP][PASSED] - setText: Text '100' is set on object 'Object Repository/Store Request Schedule 1/Page_Store/input_txttreat'

2018-05-15 18:48:36 - [MESSAGE][PASSED] - Text '100' is set on object 'Object Repository/Store Request Schedule 1/Page_Store/input_txttreat'

2018-05-15 18:48:36 - [TEST_STEP][PASSED] - click: Object: 'Object Repository/Store Request Schedule 1/Page_Store/button_Add' is clicked on

2018-05-15 18:48:36 - [MESSAGE][PASSED] - Object: 'Object Repository/Store Request Schedule 1/Page_Store/button_Add' is clicked on

2018-05-15 18:48:36 - [TEST_STEP][PASSED] - selectOptionByIndex: All options with index in [8] are selected on object 'Object Repository/Store Request Schedule 1/Page_Store/select_--Select--Schedule 1Inj'

2018-05-15 18:48:37 - [MESSAGE][PASSED] - All options with index in [8] are selected on object 'Object Repository/Store Request Schedule 1/Page_Store/select_--Select--Schedule 1Inj'

2018-05-15 18:48:37 - [TEST_STEP][PASSED] - delay: Delayed 1 second(s)

2018-05-15 18:48:38 - [MESSAGE][PASSED] - Delayed 1 second(s)

2018-05-15 18:48:38 - [TEST_STEP][PASSED] - selectOptionByIndex: All options with index in [12] are selected on object 'Object Repository/Store Request Schedule 1/Page_Store/select_--Select--Adernaline 0.'

2018-05-15 18:48:38 - [MESSAGE][PASSED] - All options with index in [12] are selected on object 'Object Repository/Store Request Schedule 1/Page_Store/select_--Select--Adernaline 0.'

2018-05-15 18:48:38 - [TEST_STEP][PASSED] - setText: Text '100' is set on object 'Object Repository/Store Request Schedule 1/Page_Store/input_txttreat'

2018-05-15 18:48:38 - [MESSAGE][PASSED] - Text '100' is set on object 'Object Repository/Store Request Schedule 1/Page_Store/input_txttreat'

2018-05-15 18:48:38 - [TEST_STEP][PASSED] - click: Object: 'Object Repository/Store Request Schedule 1/Page_Store/button_Add' is clicked on

2018-05-15 18:48:38 - [MESSAGE][PASSED] - Object: 'Object Repository/Store Request Schedule 1/Page_Store/button_Add' is clicked on

2018-05-15 18:48:38 - [TEST_STEP][PASSED] - selectOptionByIndex: All options with index in [8] are selected on object 'Object Repository/Store Request Schedule 1/Page_Store/select_--Select--Schedule 1Inj'

2018-05-15 18:48:38 - [MESSAGE][PASSED] - All options with index in [8] are selected on object 'Object Repository/Store Request Schedule 1/Page_Store/select_--Select--Schedule 1Inj'

2018-05-15 18:48:38 - [TEST_STEP][PASSED] - delay: Delayed 1 second(s)

2018-05-15 18:48:39 - [MESSAGE][PASSED] - Delayed 1 second(s)

2018-05-15 18:48:39 - [TEST_STEP][PASSED] - selectOptionByIndex: All options with index in [13] are selected on object 'Object Repository/Store Request Schedule 1/Page_Store/select_--Select--Adernaline 0.'

2018-05-15 18:48:39 - [MESSAGE][PASSED] - All options with index in [13] are selected on object 'Object Repository/Store Request Schedule 1/Page_Store/select_--Select--Adernaline 0.'

2018-05-15 18:48:39 - [TEST_STEP][PASSED] - setText: Text '100' is set on object 'Object Repository/Store Request Schedule 1/Page_Store/input_txttreat'

2018-05-15 18:48:40 - [MESSAGE][PASSED] - Text '100' is set on object 'Object Repository/Store Request Schedule 1/Page_Store/input_txttreat'

2018-05-15 18:48:40 - [TEST_STEP][PASSED] - click: Object: 'Object Repository/Store Request Schedule 1/Page_Store/button_Add' is clicked on

2018-05-15 18:48:40 - [MESSAGE][PASSED] - Object: 'Object Repository/Store Request Schedule 1/Page_Store/button_Add' is clicked on

2018-05-15 18:48:40 - [TEST_STEP][PASSED] - selectOptionByIndex: All options with index in [8] are selected on object 'Object Repository/Store Request Schedule 1/Page_Store/select_--Select--Schedule 1Inj'

2018-05-15 18:48:40 - [MESSAGE][PASSED] - All options with index in [8] are selected on object 'Object Repository/Store Request Schedule 1/Page_Store/select_--Select--Schedule 1Inj'

2018-05-15 18:48:40 - [TEST_STEP][PASSED] - delay: Delayed 1 second(s)

2018-05-15 18:48:41 - [MESSAGE][PASSED] - Delayed 1 second(s)

2018-05-15 18:48:41 - [TEST_STEP][PASSED] - selectOptionByIndex: All options with index in [14] are selected on object 'Object Repository/Store Request Schedule 1/Page_Store/select_--Select--Adernaline 0.'

2018-05-15 18:48:41 - [MESSAGE][PASSED] - All options with index in [14] are selected on object 'Object Repository/Store Request Schedule 1/Page_Store/select_--Select--Adernaline 0.'

2018-05-15 18:48:41 - [TEST_STEP][PASSED] - setText: Text '100' is set on object 'Object Repository/Store Request Schedule 1/Page_Store/input_txttreat'

2018-05-15 18:48:41 - [MESSAGE][PASSED] - Text '100' is set on object 'Object Repository/Store Request Schedule 1/Page_Store/input_txttreat'

2018-05-15 18:48:41 - [TEST_STEP][PASSED] - click: Object: 'Object Repository/Store Request Schedule 1/Page_Store/button_Add' is clicked on

2018-05-15 18:48:41 - [MESSAGE][PASSED] - Object: 'Object Repository/Store Request Schedule 1/Page_Store/button_Add' is clicked on

2018-05-15 18:48:41 - [TEST_STEP][PASSED] - selectOptionByIndex: All options with index in [8] are selected on object 'Object Repository/Store Request Schedule 1/Page_Store/select_--Select--Schedule 1Inj'

2018-05-15 18:48:41 - [MESSAGE][PASSED] - All options with index in [8] are selected on object 'Object Repository/Store Request Schedule 1/Page_Store/select_--Select--Schedule 1Inj'

2018-05-15 18:48:41 - [TEST_STEP][PASSED] - delay: Delayed 1 second(s)

2018-05-15 18:48:42 - [MESSAGE][PASSED] - Delayed 1 second(s)

2018-05-15 18:48:42 - [TEST_STEP][PASSED] - selectOptionByIndex: All options with index in [15] are selected on object 'Object Repository/Store Request Schedule 1/Page_Store/select_--Select--Adernaline 0.'

2018-05-15 18:48:43 - [MESSAGE][PASSED] - All options with index in [15] are selected on object 'Object Repository/Store Request Schedule 1/Page_Store/select_--Select--Adernaline 0.'

2018-05-15 18:48:43 - [TEST_STEP][PASSED] - setText: Text '100' is set on object 'Object Repository/Store Request Schedule 1/Page_Store/input_txttreat'

2018-05-15 18:48:43 - [MESSAGE][PASSED] - Text '100' is set on object 'Object Repository/Store Request Schedule 1/Page_Store/input_txttreat'

2018-05-15 18:48:43 - [TEST_STEP][PASSED] - click: Object: 'Object Repository/Store Request Schedule 1/Page_Store/button_Add' is clicked on

2018-05-15 18:48:43 - [MESSAGE][PASSED] - Object: 'Object Repository/Store Request Schedule 1/Page_Store/button_Add' is clicked on

2018-05-15 18:48:43 - [TEST_STEP][PASSED] - selectOptionByIndex: All options with index in [8] are selected on object 'Object Repository/Store Request Schedule 1/Page_Store/select_--Select--Schedule 1Inj'

2018-05-15 18:48:43 - [MESSAGE][PASSED] - All options with index in [8] are selected on object 'Object Repository/Store Request Schedule 1/Page_Store/select_--Select--Schedule 1Inj'

2018-05-15 18:48:43 - [TEST_STEP][PASSED] - delay: Delayed 1 second(s)

2018-05-15 18:48:44 - [MESSAGE][PASSED] - Delayed 1 second(s)

2018-05-15 18:48:44 - [TEST_STEP][PASSED] - selectOptionByIndex: All options with index in [16] are selected on object 'Object Repository/Store Request Schedule 1/Page_Store/select_--Select--Adernaline 0.'

2018-05-15 18:48:44 - [MESSAGE][PASSED] - All options with index in [16] are selected on object 'Object Repository/Store Request Schedule 1/Page_Store/select_--Select--Adernaline 0.'

2018-05-15 18:48:44 - [TEST_STEP][PASSED] - setText: Text '100' is set on object 'Object Repository/Store Request Schedule 1/Page_Store/input_txttreat'

2018-05-15 18:48:44 - [MESSAGE][PASSED] - Text '100' is set on object 'Object Repository/Store Request Schedule 1/Page_Store/input_txttreat'

2018-05-15 18:48:44 - [TEST_STEP][PASSED] - click: Object: 'Object Repository/Store Request Schedule 1/Page_Store/button_Add' is clicked on

2018-05-15 18:48:44 - [MESSAGE][PASSED] - Object: 'Object Repository/Store Request Schedule 1/Page_Store/button_Add' is clicked on

2018-05-15 18:48:44 - [TEST_STEP][PASSED] - selectOptionByIndex: All options with index in [8] are selected on object 'Object Repository/Store Request Schedule 1/Page_Store/select_--Select--Schedule 1Inj'

2018-05-15 18:48:45 - [MESSAGE][PASSED] - All options with index in [8] are selected on object 'Object Repository/Store Request Schedule 1/Page_Store/select_--Select--Schedule 1Inj'

2018-05-15 18:48:45 - [TEST_STEP][PASSED] - delay: Delayed 1 second(s)

2018-05-15 18:48:46 - [MESSAGE][PASSED] - Delayed 1 second(s)

2018-05-15 18:48:46 - [TEST_STEP][PASSED] - selectOptionByIndex: All options with index in [17] are selected on object 'Object Repository/Store Request Schedule 1/Page_Store/select_--Select--Adernaline 0.'

2018-05-15 18:48:46 - [MESSAGE][PASSED] - All options with index in [17] are selected on object 'Object Repository/Store Request Schedule 1/Page_Store/select_--Select--Adernaline 0.'

2018-05-15 18:48:46 - [TEST_STEP][PASSED] - setText: Text '100' is set on object 'Object Repository/Store Request Schedule 1/Page_Store/input_txttreat'

2018-05-15 18:48:46 - [MESSAGE][PASSED] - Text '100' is set on object 'Object Repository/Store Request Schedule 1/Page_Store/input_txttreat'

2018-05-15 18:48:46 - [TEST_STEP][PASSED] - click: Object: 'Object Repository/Store Request Schedule 1/Page_Store/button_Add' is clicked on

2018-05-15 18:48:46 - [MESSAGE][PASSED] - Object: 'Object Repository/Store Request Schedule 1/Page_Store/button_Add' is clicked on

2018-05-15 18:48:46 - [TEST_STEP][PASSED] - delay: Delayed 2 second(s)

2018-05-15 18:48:48 - [MESSAGE][PASSED] - Delayed 2 second(s)

2018-05-15 18:48:48 - [TEST_STEP][PASSED] - scrollToElement: Scroll to object 'Object Repository/Store Request Schedule 1/Page_Store/input_btnsave' successfully

2018-05-15 18:48:48 - [MESSAGE][PASSED] - Scroll to object 'Object Repository/Store Request Schedule 1/Page_Store/input_btnsave' successfully

2018-05-15 18:48:48 - [TEST_STEP][PASSED] - click: Object: 'Object Repository/Store Request Schedule 1/Page_Store/input_btnsave' is clicked on

2018-05-15 18:48:48 - [MESSAGE][PASSED] - Object: 'Object Repository/Store Request Schedule 1/Page_Store/input_btnsave' is clicked on

2018-05-15 18:48:48 - [TEST_STEP][PASSED] - delay: Delayed 4 second(s)

2018-05-15 18:48:52 - [MESSAGE][PASSED] - Delayed 4 second(s)

2018-05-15 18:48:52 - [TEST_STEP][PASSED] - Statement - Cms_RequestNumber = com.kms.katalon.core.webui.keyword.WebUiBuiltInKeywords.getText(com.kms.katalon.core.testobject.ObjectRepository.findTestObject(Store Request Schedule 1/Page_Store/font_PRNO050520189)): Text of object 'Object Repository/Store Request Schedule 1/Page_Store/font_PRNO050520189' is: 'PRNO/15052018/154'

2018-05-15 18:48:52 - [MESSAGE][PASSED] - Text of object 'Object Repository/Store Request Schedule 1/Page_Store/font_PRNO050520189' is: 'PRNO/15052018/154'

2018-05-15 18:48:52 - [TEST_STEP][PASSED] - Statement - CR = Cms_RequestNumber.trim(): null

2018-05-15 18:48:52 - [TEST_STEP][PASSED] - Statement - out.println("RQ :" + Cms_RequestNumber): null

2018-05-15 18:48:52 - [TEST_STEP][PASSED] - Statement - RequestNumberID = Cms_RequestNumber.split("/")[2].trim(): null

2018-05-15 18:48:52 - [TEST_STEP][PASSED] - Statement - out.println("RQ ID :" + RequestNumberID): null

2018-05-15 18:48:52 - [TEST_STEP][PASSED] - delay: Delayed 3 second(s)

2018-05-15 18:48:55 - [MESSAGE][PASSED] - Delayed 3 second(s)

2018-05-15 18:48:55 - [TEST_STEP][PASSED] - Statement - ok = com.kms.katalon.core.webui.keyword.WebUiBuiltInKeywords.click(com.kms.katalon.core.testobject.ObjectRepository.findTestObject(Store Request Schedule 1/Page_Store/button_OK)): Object: 'Object Repository/Store Request Schedule 1/Page_Store/button_OK' is clicked on

2018-05-15 18:48:56 - [MESSAGE][PASSED] - Object: 'Object Repository/Store Request Schedule 1/Page_Store/button_OK' is clicked on

2018-05-15 18:48:56 - [TEST_STEP][PASSED] - delay: Delayed 3 second(s)

2018-05-15 18:48:59 - [MESSAGE][PASSED] - Delayed 3 second(s)

2018-05-15 18:48:59 - [TEST_STEP][PASSED] - click: Object: 'Object Repository/Store Request Schedule 1/Page_Store/a_dropdown-toggle' is clicked on

2018-05-15 18:48:59 - [MESSAGE][PASSED] - Object: 'Object Repository/Store Request Schedule 1/Page_Store/a_dropdown-toggle' is clicked on

2018-05-15 18:48:59 - [TEST_STEP][PASSED] - click: Object: 'Object Repository/Store Request Schedule 1/Page_Store/a_Sign out' is clicked on

2018-05-15 18:49:00 - [MESSAGE][PASSED] - Object: 'Object Repository/Store Request Schedule 1/Page_Store/a_Sign out' is clicked on

2018-05-15 18:49:00 - [TEST_STEP][PASSED] - delay: Delayed 3 second(s)

2018-05-15 18:49:03 - [MESSAGE][PASSED] - Delayed 3 second(s)

2018-05-15 18:49:03 - [TEST_STEP][PASSED] - click: Object: 'Object Repository/Store Request Schedule 1/Page_KDMC/a_CMO' is clicked on

2018-05-15 18:49:04 - [MESSAGE][PASSED] - Object: 'Object Repository/Store Request Schedule 1/Page_KDMC/a_CMO' is clicked on

2018-05-15 18:49:04 - [TEST_STEP][PASSED] - setText: Text 'guru' is set on object 'Object Repository/Store Request Schedule 1/Page_CMO login/input_txtusername'

2018-05-15 18:49:04 - [MESSAGE][PASSED] - Text 'guru' is set on object 'Object Repository/Store Request Schedule 1/Page_CMO login/input_txtusername'

2018-05-15 18:49:04 - [TEST_STEP][PASSED] - setText: Text '123' is set on object 'Object Repository/Store Request Schedule 1/Page_CMO login/input_txtpassword'

2018-05-15 18:49:04 - [MESSAGE][PASSED] - Text '123' is set on object 'Object Repository/Store Request Schedule 1/Page_CMO login/input_txtpassword'

2018-05-15 18:49:04 - [TEST_STEP][PASSED] - delay: Delayed 3 second(s)

2018-05-15 18:49:07 - [MESSAGE][PASSED] - Delayed 3 second(s)

2018-05-15 18:49:07 - [TEST_STEP][PASSED] - click: Object: 'Object Repository/Store Request Schedule 1/Page_CMO login/button_Sign in' is clicked on

2018-05-15 18:49:08 - [MESSAGE][PASSED] - Object: 'Object Repository/Store Request Schedule 1/Page_CMO login/button_Sign in' is clicked on

2018-05-15 18:49:08 - [TEST_STEP][PASSED] - delay: Delayed 2 second(s)

2018-05-15 18:49:10 - [MESSAGE][PASSED] - Delayed 2 second(s)

2018-05-15 18:49:10 - [TEST_STEP][PASSED] - click: Object: 'Object Repository/Store Request Schedule 1/Page_KDMC - CMO/span_Department Wise Request' is clicked on

2018-05-15 18:49:10 - [MESSAGE][PASSED] - Object: 'Object Repository/Store Request Schedule 1/Page_KDMC - CMO/span_Department Wise Request' is clicked on

2018-05-15 18:49:10 - [TEST_STEP][PASSED] - click: Object: 'Object Repository/Store Request Schedule 1/Page_KDMC - CMO/a_CMS Request' is clicked on

2018-05-15 18:49:11 - [MESSAGE][PASSED] - Object: 'Object Repository/Store Request Schedule 1/Page_KDMC - CMO/a_CMS Request' is clicked on

2018-05-15 18:49:11 - [TEST_STEP][PASSED] - click: Object: 'Object Repository/Store Request Schedule 1/Page_KDMC - CMO/a_CMS Request' is clicked on

2018-05-15 18:49:11 - [MESSAGE][PASSED] - Object: 'Object Repository/Store Request Schedule 1/Page_KDMC - CMO/a_CMS Request' is clicked on

2018-05-15 18:49:11 - [TEST_STEP][PASSED] - click: Object: 'Object Repository/Store Request Schedule 1/Page_KDMC - CMO/span_Divisional Store Request' is clicked on

2018-05-15 18:49:12 - [MESSAGE][PASSED] - Object: 'Object Repository/Store Request Schedule 1/Page_KDMC - CMO/span_Divisional Store Request' is clicked on

2018-05-15 18:49:12 - [TEST_STEP][PASSED] - delay: Delayed 2 second(s)

2018-05-15 18:49:14 - [MESSAGE][PASSED] - Delayed 2 second(s)

2018-05-15 18:49:14 - [TEST_STEP][PASSED] - Statement - approval = com.kms.katalon.core.webui.keyword.WebUiBuiltInKeywords.modifyObjectProperty(com.kms.katalon.core.testobject.ObjectRepository.findTestObject(Store Request Schedule 1/Page_KDMC - CMO/input_PRNO050520189), "xpath", "equals", "//*[@id=" + RequestNumberID + "]", true): Modify property of object successfully

2018-05-15 18:49:14 - [MESSAGE][PASSED] - Modify property of object successfully

2018-05-15 18:49:14 - [TEST_STEP][PASSED] - click: Object: 'Object Repository/Store Request Schedule 1/Page_KDMC - CMO/input_PRNO050520189' is clicked on

2018-05-15 18:49:14 - [MESSAGE][PASSED] - Object: 'Object Repository/Store Request Schedule 1/Page_KDMC - CMO/input_PRNO050520189' is clicked on

2018-05-15 18:49:14 - [TEST_STEP][PASSED] - delay: Delayed 2 second(s)

2018-05-15 18:49:16 - [MESSAGE][PASSED] - Delayed 2 second(s)

2018-05-15 18:49:16 - [TEST_STEP][PASSED] - selectOptionByIndex: All options with index in [1] are selected on object 'Object Repository/Store Request Schedule 1/Page_KDMC - CMO/select_--Select--'

2018-05-15 18:49:16 - [MESSAGE][PASSED] - All options with index in [1] are selected on object 'Object Repository/Store Request Schedule 1/Page_KDMC - CMO/select_--Select--'

2018-05-15 18:49:16 - [TEST_STEP][PASSED] - click: Object: 'Object Repository/Store Request Schedule 1/Page_KDMC - CMO/input_btnupdate' is clicked on

2018-05-15 18:49:16 - [MESSAGE][PASSED] - Object: 'Object Repository/Store Request Schedule 1/Page_KDMC - CMO/input_btnupdate' is clicked on

2018-05-15 18:49:16 - [TEST_STEP][PASSED] - delay: Delayed 2 second(s)

2018-05-15 18:49:18 - [MESSAGE][PASSED] - Delayed 2 second(s)

2018-05-15 18:49:18 - [TEST_STEP][PASSED] - click: Object: 'Object Repository/Store Request Schedule 1/Page_KDMC - CMO/button_OK' is clicked on

2018-05-15 18:49:19 - [MESSAGE][PASSED] - Object: 'Object Repository/Store Request Schedule 1/Page_KDMC - CMO/button_OK' is clicked on

2018-05-15 18:49:19 - [TEST_STEP][PASSED] - delay: Delayed 2 second(s)

2018-05-15 18:49:21 - [MESSAGE][PASSED] - Delayed 2 second(s)

2018-05-15 18:49:21 - [TEST_STEP][PASSED] - click: Object: 'Object Repository/Store Request Schedule 1/Page_KDMC - CMO/a_dropdown-toggle' is clicked on

2018-05-15 18:49:21 - [MESSAGE][PASSED] - Object: 'Object Repository/Store Request Schedule 1/Page_KDMC - CMO/a_dropdown-toggle' is clicked on

2018-05-15 18:49:21 - [TEST_STEP][PASSED] - click: Object: 'Object Repository/Store Request Schedule 1/Page_KDMC - CMO/a_Sign out' is clicked on

2018-05-15 18:49:21 - [MESSAGE][PASSED] - Object: 'Object Repository/Store Request Schedule 1/Page_KDMC - CMO/a_Sign out' is clicked on

2018-05-15 18:49:21 - [TEST_STEP][PASSED] - delay: Delayed 3 second(s)

2018-05-15 18:49:24 - [MESSAGE][PASSED] - Delayed 3 second(s)

2018-05-15 18:49:24 - [TEST_STEP][PASSED] - click: Object: 'Object Repository/store Request Schedule 1/Page_KDMC/a_CMS' is clicked on

2018-05-15 18:49:25 - [MESSAGE][PASSED] - Object: 'Object Repository/store Request Schedule 1/Page_KDMC/a_CMS' is clicked on

2018-05-15 18:49:25 - [TEST_STEP][PASSED] - setText: Text 'bala' is set on object 'Object Repository/store Request Schedule 1/Page_CMS login/input_txtusername'

2018-05-15 18:49:25 - [MESSAGE][PASSED] - Text 'bala' is set on object 'Object Repository/store Request Schedule 1/Page_CMS login/input_txtusername'

2018-05-15 18:49:25 - [TEST_STEP][PASSED] - setText: Text '123' is set on object 'Object Repository/store Request Schedule 1/Page_CMS login/input_txtpassword'

2018-05-15 18:49:25 - [MESSAGE][PASSED] - Text '123' is set on object 'Object Repository/store Request Schedule 1/Page_CMS login/input_txtpassword'

2018-05-15 18:49:25 - [TEST_STEP][PASSED] - delay: Delayed 3 second(s)

2018-05-15 18:49:28 - [MESSAGE][PASSED] - Delayed 3 second(s)

2018-05-15 18:49:28 - [TEST_STEP][PASSED] - click: Object: 'Object Repository/store Request Schedule 1/Page_CMS login/button_Sign in' is clicked on

2018-05-15 18:49:28 - [MESSAGE][PASSED] - Object: 'Object Repository/store Request Schedule 1/Page_CMS login/button_Sign in' is clicked on

2018-05-15 18:49:28 - [TEST_STEP][PASSED] - delay: Delayed 2 second(s)

2018-05-15 18:49:30 - [MESSAGE][PASSED] - Delayed 2 second(s)

2018-05-15 18:49:30 - [TEST_STEP][PASSED] - click: Object: 'Object Repository/store Request Schedule 1/Page_KDMC - CMS/a_Divisional Store' is clicked on

2018-05-15 18:49:30 - [MESSAGE][PASSED] - Object: 'Object Repository/store Request Schedule 1/Page_KDMC - CMS/a_Divisional Store' is clicked on

2018-05-15 18:49:30 - [TEST_STEP][PASSED] - delay: Delayed 2 second(s)

2018-05-15 18:49:32 - [MESSAGE][PASSED] - Delayed 2 second(s)

2018-05-15 18:49:32 - [TEST_STEP][PASSED] - click: Object: 'Object Repository/store Request Schedule 1/Page_KDMC - CMS/a_Dispatch Items' is clicked on

2018-05-15 18:49:33 - [MESSAGE][PASSED] - Object: 'Object Repository/store Request Schedule 1/Page_KDMC - CMS/a_Dispatch Items' is clicked on

2018-05-15 18:49:33 - [TEST_STEP][PASSED] - setText: Text 'PRNO/15052018/154' is set on object 'Object Repository/store Request Schedule 1/Page_KDMC - CMS/input'

2018-05-15 18:49:33 - [MESSAGE][PASSED] - Text 'PRNO/15052018/154' is set on object 'Object Repository/store Request Schedule 1/Page_KDMC - CMS/input'

2018-05-15 18:49:33 - [TEST_STEP][PASSED] - click: Object: 'Object Repository/store Request Schedule 1/Page_KDMC - CMS/td_text-center' is clicked on

2018-05-15 18:49:33 - [MESSAGE][PASSED] - Object: 'Object Repository/store Request Schedule 1/Page_KDMC - CMS/td_text-center' is clicked on

2018-05-15 18:49:33 - [TEST_STEP][PASSED] - delay: Delayed 2 second(s)

2018-05-15 18:49:35 - [MESSAGE][PASSED] - Delayed 2 second(s)

2018-05-15 18:49:35 - [TEST_STEP][PASSED] - Statement - For ([row = 0, row < SelectedOptions - 1, (row++)]): null

2018-05-15 18:49:35 - [TEST_STEP][PASSED] - Statement - batchlength = new com.kms.katalon.core.testobject.TestObject(): null

2018-05-15 18:49:35 - [TEST_STEP][PASSED] - Statement - batchlength = com.kms.katalon.core.webui.keyword.WebUiBuiltInKeywords.modifyObjectProperty(batchlength, "xpath", "equals", "//*[@id = "fldvendor" + row + ""]", true): Modify property of object successfully

2018-05-15 18:49:35 - [MESSAGE][PASSED] - Modify property of object successfully

2018-05-15 18:49:35 - [TEST_STEP][PASSED] - Statement - batchsize = com.kms.katalon.core.webui.keyword.WebUiBuiltInKeywords.getNumberOfTotalOption(batchlength): 8 options of object '' counted

2018-05-15 18:49:35 - [MESSAGE][PASSED] - 8 options of object '' counted

2018-05-15 18:49:35 - [TEST_STEP][PASSED] - Statement - out.println("BatchSize : " + batchsize): null

2018-05-15 18:49:35 - [TEST_STEP][PASSED] - Statement - For ([n = 1, n <= batchsize - 1, (n++)]): null

2018-05-15 18:49:35 - [TEST_STEP][PASSED] - Statement - product = new com.kms.katalon.core.testobject.TestObject(): null

2018-05-15 18:49:35 - [TEST_STEP][PASSED] - Statement - product = com.kms.katalon.core.webui.keyword.WebUiBuiltInKeywords.modifyObjectProperty(product, "xpath", "equals", "//*[@id = "fldvendor" + row + ""]", true): Modify property of object successfully

2018-05-15 18:49:35 - [MESSAGE][PASSED] - Modify property of object successfully

2018-05-15 18:49:35 - [TEST_STEP][PASSED] - selectOptionByIndex: All options with index in [1] are selected on object ''

2018-05-15 18:49:35 - [MESSAGE][PASSED] - All options with index in [1] are selected on object ''

2018-05-15 18:49:35 - [TEST_STEP][PASSED] - Statement - batch = new com.kms.katalon.core.testobject.TestObject(): null

2018-05-15 18:49:35 - [TEST_STEP][PASSED] - Statement - batch = com.kms.katalon.core.webui.keyword.WebUiBuiltInKeywords.modifyObjectProperty(batch, "xpath", "equals", "//*[@id = "txtbthqty" + row + ""]", true): Modify property of object successfully

2018-05-15 18:49:35 - [MESSAGE][PASSED] - Modify property of object successfully

2018-05-15 18:49:35 - [TEST_STEP][PASSED] - Statement - batchqty = com.kms.katalon.core.webui.keyword.WebUiBuiltInKeywords.getAttribute(batch, "value").trim(): Attribute 'value' of object '' is: '29000'

2018-05-15 18:49:35 - [MESSAGE][PASSED] - Attribute 'value' of object '' is: '29000'

2018-05-15 18:49:35 - [TEST_STEP][PASSED] - Statement - Rqty = 10000: null

2018-05-15 18:49:35 - [TEST_STEP][PASSED] - delay: Delayed 2 second(s)

2018-05-15 18:49:37 - [MESSAGE][PASSED] - Delayed 2 second(s)

2018-05-15 18:49:37 - [TEST_STEP][PASSED] - Statement - out.println("BatchQty : " + batchqty): null

2018-05-15 18:49:37 - [TEST_STEP][PASSED] - Statement - out.println("RQty : " + Rqty): null

2018-05-15 18:49:37 - [TEST_STEP][PASSED] - Statement - If (java.lang.Integer.valueOf(batchqty) >= java.lang.Integer.valueOf(Rqty)): null

2018-05-15 18:49:37 - [TEST_STEP][PASSED] - Statement - Break: null

2018-05-15 18:49:37 - [TEST_STEP][PASSED] - Statement - batchlength = new com.kms.katalon.core.testobject.TestObject(): null

2018-05-15 18:49:37 - [TEST_STEP][PASSED] - Statement - batchlength = com.kms.katalon.core.webui.keyword.WebUiBuiltInKeywords.modifyObjectProperty(batchlength, "xpath", "equals", "//*[@id = "fldvendor" + row + ""]", true): Modify property of object successfully

2018-05-15 18:49:37 - [MESSAGE][PASSED] - Modify property of object successfully

2018-05-15 18:49:37 - [TEST_STEP][PASSED] - Statement - batchsize = com.kms.katalon.core.webui.keyword.WebUiBuiltInKeywords.getNumberOfTotalOption(batchlength): 9 options of object '' counted

2018-05-15 18:49:37 - [MESSAGE][PASSED] - 9 options of object '' counted

2018-05-15 18:49:37 - [TEST_STEP][PASSED] - Statement - out.println("BatchSize : " + batchsize): null

2018-05-15 18:49:37 - [TEST_STEP][PASSED] - Statement - For ([n = 1, n <= batchsize - 1, (n++)]): null

2018-05-15 18:49:37 - [TEST_STEP][PASSED] - Statement - product = new com.kms.katalon.core.testobject.TestObject(): null

2018-05-15 18:49:37 - [TEST_STEP][PASSED] - Statement - product = com.kms.katalon.core.webui.keyword.WebUiBuiltInKeywords.modifyObjectProperty(product, "xpath", "equals", "//*[@id = "fldvendor" + row + ""]", true): Modify property of object successfully

2018-05-15 18:49:37 - [MESSAGE][PASSED] - Modify property of object successfully

2018-05-15 18:49:37 - [TEST_STEP][PASSED] - selectOptionByIndex: All options with index in [1] are selected on object ''

2018-05-15 18:49:38 - [MESSAGE][PASSED] - All options with index in [1] are selected on object ''

2018-05-15 18:49:38 - [TEST_STEP][PASSED] - Statement - batch = new com.kms.katalon.core.testobject.TestObject(): null

2018-05-15 18:49:38 - [TEST_STEP][PASSED] - Statement - batch = com.kms.katalon.core.webui.keyword.WebUiBuiltInKeywords.modifyObjectProperty(batch, "xpath", "equals", "//*[@id = "txtbthqty" + row + ""]", true): Modify property of object successfully

2018-05-15 18:49:38 - [MESSAGE][PASSED] - Modify property of object successfully

2018-05-15 18:49:38 - [TEST_STEP][PASSED] - Statement - batchqty = com.kms.katalon.core.webui.keyword.WebUiBuiltInKeywords.getAttribute(batch, "value").trim(): Attribute 'value' of object '' is: '5000'

2018-05-15 18:49:38 - [MESSAGE][PASSED] - Attribute 'value' of object '' is: '5000'

2018-05-15 18:49:38 - [TEST_STEP][PASSED] - Statement - Rqty = 10000: null

2018-05-15 18:49:38 - [TEST_STEP][PASSED] - delay: Delayed 2 second(s)

2018-05-15 18:49:40 - [MESSAGE][PASSED] - Delayed 2 second(s)

2018-05-15 18:49:40 - [TEST_STEP][PASSED] - Statement - out.println("BatchQty : " + batchqty): null

2018-05-15 18:49:40 - [TEST_STEP][PASSED] - Statement - out.println("RQty : " + Rqty): null

2018-05-15 18:49:40 - [TEST_STEP][PASSED] - Statement - If (java.lang.Integer.valueOf(batchqty) >= java.lang.Integer.valueOf(Rqty)): null

2018-05-15 18:49:40 - [TEST_STEP][PASSED] - Statement - Else: null

2018-05-15 18:49:40 - [TEST_STEP][PASSED] - Statement - out.println("Batchqty Is Less Than Rqty"): null

2018-05-15 18:49:40 - [TEST_STEP][PASSED] - Statement - product = new com.kms.katalon.core.testobject.TestObject(): null

2018-05-15 18:49:40 - [TEST_STEP][PASSED] - Statement - product = com.kms.katalon.core.webui.keyword.WebUiBuiltInKeywords.modifyObjectProperty(product, "xpath", "equals", "//*[@id = "fldvendor" + row + ""]", true): Modify property of object successfully

2018-05-15 18:49:40 - [MESSAGE][PASSED] - Modify property of object successfully

2018-05-15 18:49:40 - [TEST_STEP][PASSED] - selectOptionByIndex: All options with index in [2] are selected on object ''

2018-05-15 18:49:40 - [MESSAGE][PASSED] - All options with index in [2] are selected on object ''

2018-05-15 18:49:40 - [TEST_STEP][PASSED] - Statement - batch = new com.kms.katalon.core.testobject.TestObject(): null

2018-05-15 18:49:40 - [TEST_STEP][PASSED] - Statement - batch = com.kms.katalon.core.webui.keyword.WebUiBuiltInKeywords.modifyObjectProperty(batch, "xpath", "equals", "//*[@id = "txtbthqty" + row + ""]", true): Modify property of object successfully

2018-05-15 18:49:40 - [MESSAGE][PASSED] - Modify property of object successfully

2018-05-15 18:49:40 - [TEST_STEP][PASSED] - Statement - batchqty = com.kms.katalon.core.webui.keyword.WebUiBuiltInKeywords.getAttribute(batch, "value").trim(): Attribute 'value' of object '' is: '29000'

2018-05-15 18:49:40 - [MESSAGE][PASSED] - Attribute 'value' of object '' is: '29000'

2018-05-15 18:49:40 - [TEST_STEP][PASSED] - Statement - Rqty = 10000: null

2018-05-15 18:49:40 - [TEST_STEP][PASSED] - delay: Delayed 2 second(s)

2018-05-15 18:49:42 - [MESSAGE][PASSED] - Delayed 2 second(s)

2018-05-15 18:49:42 - [TEST_STEP][PASSED] - Statement - out.println("BatchQty : " + batchqty): null

2018-05-15 18:49:42 - [TEST_STEP][PASSED] - Statement - out.println("RQty : " + Rqty): null

2018-05-15 18:49:42 - [TEST_STEP][PASSED] - Statement - If (java.lang.Integer.valueOf(batchqty) >= java.lang.Integer.valueOf(Rqty)): null

2018-05-15 18:49:42 - [TEST_STEP][PASSED] - Statement - Break: null

2018-05-15 18:49:42 - [TEST_STEP][PASSED] - Statement - batchlength = new com.kms.katalon.core.testobject.TestObject(): null

2018-05-15 18:49:42 - [TEST_STEP][PASSED] - Statement - batchlength = com.kms.katalon.core.webui.keyword.WebUiBuiltInKeywords.modifyObjectProperty(batchlength, "xpath", "equals", "//*[@id = "fldvendor" + row + ""]", true): Modify property of object successfully

2018-05-15 18:49:42 - [MESSAGE][PASSED] - Modify property of object successfully

2018-05-15 18:49:42 - [TEST_STEP][PASSED] - Statement - batchsize = com.kms.katalon.core.webui.keyword.WebUiBuiltInKeywords.getNumberOfTotalOption(batchlength): 9 options of object '' counted

2018-05-15 18:49:42 - [MESSAGE][PASSED] - 9 options of object '' counted

2018-05-15 18:49:42 - [TEST_STEP][PASSED] - Statement - out.println("BatchSize : " + batchsize): null

2018-05-15 18:49:42 - [TEST_STEP][PASSED] - Statement - For ([n = 1, n <= batchsize - 1, (n++)]): null

2018-05-15 18:49:42 - [TEST_STEP][PASSED] - Statement - product = new com.kms.katalon.core.testobject.TestObject(): null

2018-05-15 18:49:42 - [TEST_STEP][PASSED] - Statement - product = com.kms.katalon.core.webui.keyword.WebUiBuiltInKeywords.modifyObjectProperty(product, "xpath", "equals", "//*[@id = "fldvendor" + row + ""]", true): Modify property of object successfully

2018-05-15 18:49:42 - [MESSAGE][PASSED] - Modify property of object successfully

2018-05-15 18:49:42 - [TEST_STEP][PASSED] - selectOptionByIndex: All options with index in [1] are selected on object ''

2018-05-15 18:49:42 - [MESSAGE][PASSED] - All options with index in [1] are selected on object ''

2018-05-15 18:49:42 - [TEST_STEP][PASSED] - Statement - batch = new com.kms.katalon.core.testobject.TestObject(): null

2018-05-15 18:49:42 - [TEST_STEP][PASSED] - Statement - batch = com.kms.katalon.core.webui.keyword.WebUiBuiltInKeywords.modifyObjectProperty(batch, "xpath", "equals", "//*[@id = "txtbthqty" + row + ""]", true): Modify property of object successfully

2018-05-15 18:49:42 - [MESSAGE][PASSED] - Modify property of object successfully

2018-05-15 18:49:42 - [TEST_STEP][PASSED] - Statement - batchqty = com.kms.katalon.core.webui.keyword.WebUiBuiltInKeywords.getAttribute(batch, "value").trim(): Attribute 'value' of object '' is: '4000'

2018-05-15 18:49:42 - [MESSAGE][PASSED] - Attribute 'value' of object '' is: '4000'

2018-05-15 18:49:42 - [TEST_STEP][PASSED] - Statement - Rqty = 10000: null

2018-05-15 18:49:42 - [TEST_STEP][PASSED] - delay: Delayed 2 second(s)

2018-05-15 18:49:44 - [MESSAGE][PASSED] - Delayed 2 second(s)

2018-05-15 18:49:44 - [TEST_STEP][PASSED] - Statement - out.println("BatchQty : " + batchqty): null

2018-05-15 18:49:44 - [TEST_STEP][PASSED] - Statement - out.println("RQty : " + Rqty): null

2018-05-15 18:49:44 - [TEST_STEP][PASSED] - Statement - If (java.lang.Integer.valueOf(batchqty) >= java.lang.Integer.valueOf(Rqty)): null

2018-05-15 18:49:44 - [TEST_STEP][PASSED] - Statement - Else: null

2018-05-15 18:49:44 - [TEST_STEP][PASSED] - Statement - out.println("Batchqty Is Less Than Rqty"): null

2018-05-15 18:49:44 - [TEST_STEP][PASSED] - Statement - product = new com.kms.katalon.core.testobject.TestObject(): null

2018-05-15 18:49:44 - [TEST_STEP][PASSED] - Statement - product = com.kms.katalon.core.webui.keyword.WebUiBuiltInKeywords.modifyObjectProperty(product, "xpath", "equals", "//*[@id = "fldvendor" + row + ""]", true): Modify property of object successfully

2018-05-15 18:49:44 - [MESSAGE][PASSED] - Modify property of object successfully

2018-05-15 18:49:44 - [TEST_STEP][PASSED] - selectOptionByIndex: All options with index in [2] are selected on object ''

2018-05-15 18:49:44 - [MESSAGE][PASSED] - All options with index in [2] are selected on object ''

2018-05-15 18:49:44 - [TEST_STEP][PASSED] - Statement - batch = new com.kms.katalon.core.testobject.TestObject(): null

2018-05-15 18:49:44 - [TEST_STEP][PASSED] - Statement - batch = com.kms.katalon.core.webui.keyword.WebUiBuiltInKeywords.modifyObjectProperty(batch, "xpath", "equals", "//*[@id = "txtbthqty" + row + ""]", true): Modify property of object successfully

2018-05-15 18:49:44 - [MESSAGE][PASSED] - Modify property of object successfully

2018-05-15 18:49:44 - [TEST_STEP][PASSED] - Statement - batchqty = com.kms.katalon.core.webui.keyword.WebUiBuiltInKeywords.getAttribute(batch, "value").trim(): Attribute 'value' of object '' is: '5000'

2018-05-15 18:49:44 - [MESSAGE][PASSED] - Attribute 'value' of object '' is: '5000'

2018-05-15 18:49:44 - [TEST_STEP][PASSED] - Statement - Rqty = 10000: null

2018-05-15 18:49:44 - [TEST_STEP][PASSED] - delay: Delayed 2 second(s)

2018-05-15 18:49:46 - [MESSAGE][PASSED] - Delayed 2 second(s)

2018-05-15 18:49:46 - [TEST_STEP][PASSED] - Statement - out.println("BatchQty : " + batchqty): null

2018-05-15 18:49:46 - [TEST_STEP][PASSED] - Statement - out.println("RQty : " + Rqty): null

2018-05-15 18:49:46 - [TEST_STEP][PASSED] - Statement - If (java.lang.Integer.valueOf(batchqty) >= java.lang.Integer.valueOf(Rqty)): null

2018-05-15 18:49:46 - [TEST_STEP][PASSED] - Statement - Else: null

2018-05-15 18:49:46 - [TEST_STEP][PASSED] - Statement - out.println("Batchqty Is Less Than Rqty"): null

2018-05-15 18:49:46 - [TEST_STEP][PASSED] - Statement - product = new com.kms.katalon.core.testobject.TestObject(): null

2018-05-15 18:49:46 - [TEST_STEP][PASSED] - Statement - product = com.kms.katalon.core.webui.keyword.WebUiBuiltInKeywords.modifyObjectProperty(product, "xpath", "equals", "//*[@id = "fldvendor" + row + ""]", true): Modify property of object successfully

2018-05-15 18:49:46 - [MESSAGE][PASSED] - Modify property of object successfully

2018-05-15 18:49:46 - [TEST_STEP][PASSED] - selectOptionByIndex: All options with index in [3] are selected on object ''

2018-05-15 18:49:46 - [MESSAGE][PASSED] - All options with index in [3] are selected on object ''

2018-05-15 18:49:46 - [TEST_STEP][PASSED] - Statement - batch = new com.kms.katalon.core.testobject.TestObject(): null

2018-05-15 18:49:46 - [TEST_STEP][PASSED] - Statement - batch = com.kms.katalon.core.webui.keyword.WebUiBuiltInKeywords.modifyObjectProperty(batch, "xpath", "equals", "//*[@id = "txtbthqty" + row + ""]", true): Modify property of object successfully

2018-05-15 18:49:46 - [MESSAGE][PASSED] - Modify property of object successfully

2018-05-15 18:49:46 - [TEST_STEP][PASSED] - Statement - batchqty = com.kms.katalon.core.webui.keyword.WebUiBuiltInKeywords.getAttribute(batch, "value").trim(): Attribute 'value' of object '' is: '30000'

2018-05-15 18:49:46 - [MESSAGE][PASSED] - Attribute 'value' of object '' is: '30000'

2018-05-15 18:49:46 - [TEST_STEP][PASSED] - Statement - Rqty = 10000: null

2018-05-15 18:49:46 - [TEST_STEP][PASSED] - delay: Delayed 2 second(s)

2018-05-15 18:49:48 - [MESSAGE][PASSED] - Delayed 2 second(s)

2018-05-15 18:49:48 - [TEST_STEP][PASSED] - Statement - out.println("BatchQty : " + batchqty): null

2018-05-15 18:49:48 - [TEST_STEP][PASSED] - Statement - out.println("RQty : " + Rqty): null

2018-05-15 18:49:48 - [TEST_STEP][PASSED] - Statement - If (java.lang.Integer.valueOf(batchqty) >= java.lang.Integer.valueOf(Rqty)): null

2018-05-15 18:49:48 - [TEST_STEP][PASSED] - Statement - Break: null

2018-05-15 18:49:48 - [TEST_STEP][PASSED] - Statement - batchlength = new com.kms.katalon.core.testobject.TestObject(): null

2018-05-15 18:49:48 - [TEST_STEP][PASSED] - Statement - batchlength = com.kms.katalon.core.webui.keyword.WebUiBuiltInKeywords.modifyObjectProperty(batchlength, "xpath", "equals", "//*[@id = "fldvendor" + row + ""]", true): Modify property of object successfully

2018-05-15 18:49:48 - [MESSAGE][PASSED] - Modify property of object successfully

2018-05-15 18:49:48 - [TEST_STEP][PASSED] - Statement - batchsize = com.kms.katalon.core.webui.keyword.WebUiBuiltInKeywords.getNumberOfTotalOption(batchlength): 9 options of object '' counted

2018-05-15 18:49:48 - [MESSAGE][PASSED] - 9 options of object '' counted

2018-05-15 18:49:48 - [TEST_STEP][PASSED] - Statement - out.println("BatchSize : " + batchsize): null

2018-05-15 18:49:48 - [TEST_STEP][PASSED] - Statement - For ([n = 1, n <= batchsize - 1, (n++)]): null

2018-05-15 18:49:48 - [TEST_STEP][PASSED] - Statement - product = new com.kms.katalon.core.testobject.TestObject(): null

2018-05-15 18:49:48 - [TEST_STEP][PASSED] - Statement - product = com.kms.katalon.core.webui.keyword.WebUiBuiltInKeywords.modifyObjectProperty(product, "xpath", "equals", "//*[@id = "fldvendor" + row + ""]", true): Modify property of object successfully

2018-05-15 18:49:48 - [MESSAGE][PASSED] - Modify property of object successfully

2018-05-15 18:49:48 - [TEST_STEP][PASSED] - selectOptionByIndex: All options with index in [1] are selected on object ''

2018-05-15 18:49:49 - [MESSAGE][PASSED] - All options with index in [1] are selected on object ''

2018-05-15 18:49:49 - [TEST_STEP][PASSED] - Statement - batch = new com.kms.katalon.core.testobject.TestObject(): null

2018-05-15 18:49:49 - [TEST_STEP][PASSED] - Statement - batch = com.kms.katalon.core.webui.keyword.WebUiBuiltInKeywords.modifyObjectProperty(batch, "xpath", "equals", "//*[@id = "txtbthqty" + row + ""]", true): Modify property of object successfully

2018-05-15 18:49:49 - [MESSAGE][PASSED] - Modify property of object successfully

2018-05-15 18:49:49 - [TEST_STEP][PASSED] - Statement - batchqty = com.kms.katalon.core.webui.keyword.WebUiBuiltInKeywords.getAttribute(batch, "value").trim(): Attribute 'value' of object '' is: '29000'

2018-05-15 18:49:49 - [MESSAGE][PASSED] - Attribute 'value' of object '' is: '29000'

2018-05-15 18:49:49 - [TEST_STEP][PASSED] - Statement - Rqty = 10000: null

2018-05-15 18:49:49 - [TEST_STEP][PASSED] - delay: Delayed 2 second(s)

2018-05-15 18:49:51 - [MESSAGE][PASSED] - Delayed 2 second(s)

2018-05-15 18:49:51 - [TEST_STEP][PASSED] - Statement - out.println("BatchQty : " + batchqty): null

2018-05-15 18:49:51 - [TEST_STEP][PASSED] - Statement - out.println("RQty : " + Rqty): null

2018-05-15 18:49:51 - [TEST_STEP][PASSED] - Statement - If (java.lang.Integer.valueOf(batchqty) >= java.lang.Integer.valueOf(Rqty)): null

2018-05-15 18:49:51 - [TEST_STEP][PASSED] - Statement - Break: null

2018-05-15 18:49:51 - [TEST_STEP][PASSED] - Statement - batchlength = new com.kms.katalon.core.testobject.TestObject(): null

2018-05-15 18:49:51 - [TEST_STEP][PASSED] - Statement - batchlength = com.kms.katalon.core.webui.keyword.WebUiBuiltInKeywords.modifyObjectProperty(batchlength, "xpath", "equals", "//*[@id = "fldvendor" + row + ""]", true): Modify property of object successfully

2018-05-15 18:49:51 - [MESSAGE][PASSED] - Modify property of object successfully

2018-05-15 18:49:51 - [TEST_STEP][PASSED] - Statement - batchsize = com.kms.katalon.core.webui.keyword.WebUiBuiltInKeywords.getNumberOfTotalOption(batchlength): 9 options of object '' counted

2018-05-15 18:49:51 - [MESSAGE][PASSED] - 9 options of object '' counted

2018-05-15 18:49:51 - [TEST_STEP][PASSED] - Statement - out.println("BatchSize : " + batchsize): null

2018-05-15 18:49:51 - [TEST_STEP][PASSED] - Statement - For ([n = 1, n <= batchsize - 1, (n++)]): null

2018-05-15 18:49:51 - [TEST_STEP][PASSED] - Statement - product = new com.kms.katalon.core.testobject.TestObject(): null

2018-05-15 18:49:51 - [TEST_STEP][PASSED] - Statement - product = com.kms.katalon.core.webui.keyword.WebUiBuiltInKeywords.modifyObjectProperty(product, "xpath", "equals", "//*[@id = "fldvendor" + row + ""]", true): Modify property of object successfully

2018-05-15 18:49:51 - [MESSAGE][PASSED] - Modify property of object successfully

2018-05-15 18:49:51 - [TEST_STEP][PASSED] - selectOptionByIndex: All options with index in [1] are selected on object ''

2018-05-15 18:49:51 - [MESSAGE][PASSED] - All options with index in [1] are selected on object ''

2018-05-15 18:49:51 - [TEST_STEP][PASSED] - Statement - batch = new com.kms.katalon.core.testobject.TestObject(): null

2018-05-15 18:49:51 - [TEST_STEP][PASSED] - Statement - batch = com.kms.katalon.core.webui.keyword.WebUiBuiltInKeywords.modifyObjectProperty(batch, "xpath", "equals", "//*[@id = "txtbthqty" + row + ""]", true): Modify property of object successfully

2018-05-15 18:49:51 - [MESSAGE][PASSED] - Modify property of object successfully

2018-05-15 18:49:51 - [TEST_STEP][PASSED] - Statement - batchqty = com.kms.katalon.core.webui.keyword.WebUiBuiltInKeywords.getAttribute(batch, "value").trim(): Attribute 'value' of object '' is: '29000'

2018-05-15 18:49:51 - [MESSAGE][PASSED] - Attribute 'value' of object '' is: '29000'

2018-05-15 18:49:51 - [TEST_STEP][PASSED] - Statement - Rqty = 10000: null

2018-05-15 18:49:51 - [TEST_STEP][PASSED] - delay: Delayed 2 second(s)

2018-05-15 18:49:53 - [MESSAGE][PASSED] - Delayed 2 second(s)

2018-05-15 18:49:53 - [TEST_STEP][PASSED] - Statement - out.println("BatchQty : " + batchqty): null

2018-05-15 18:49:53 - [TEST_STEP][PASSED] - Statement - out.println("RQty : " + Rqty): null

2018-05-15 18:49:53 - [TEST_STEP][PASSED] - Statement - If (java.lang.Integer.valueOf(batchqty) >= java.lang.Integer.valueOf(Rqty)): null

2018-05-15 18:49:53 - [TEST_STEP][PASSED] - Statement - Break: null

2018-05-15 18:49:53 - [TEST_STEP][PASSED] - Statement - batchlength = new com.kms.katalon.core.testobject.TestObject(): null

2018-05-15 18:49:53 - [TEST_STEP][PASSED] - Statement - batchlength = com.kms.katalon.core.webui.keyword.WebUiBuiltInKeywords.modifyObjectProperty(batchlength, "xpath", "equals", "//*[@id = "fldvendor" + row + ""]", true): Modify property of object successfully

2018-05-15 18:49:53 - [MESSAGE][PASSED] - Modify property of object successfully

2018-05-15 18:49:53 - [TEST_STEP][PASSED] - Statement - batchsize = com.kms.katalon.core.webui.keyword.WebUiBuiltInKeywords.getNumberOfTotalOption(batchlength): 9 options of object '' counted

2018-05-15 18:49:53 - [MESSAGE][PASSED] - 9 options of object '' counted

2018-05-15 18:49:53 - [TEST_STEP][PASSED] - Statement - out.println("BatchSize : " + batchsize): null

2018-05-15 18:49:53 - [TEST_STEP][PASSED] - Statement - For ([n = 1, n <= batchsize - 1, (n++)]): null

2018-05-15 18:49:53 - [TEST_STEP][PASSED] - Statement - product = new com.kms.katalon.core.testobject.TestObject(): null

2018-05-15 18:49:53 - [TEST_STEP][PASSED] - Statement - product = com.kms.katalon.core.webui.keyword.WebUiBuiltInKeywords.modifyObjectProperty(product, "xpath", "equals", "//*[@id = "fldvendor" + row + ""]", true): Modify property of object successfully

2018-05-15 18:49:53 - [MESSAGE][PASSED] - Modify property of object successfully

2018-05-15 18:49:53 - [TEST_STEP][PASSED] - selectOptionByIndex: All options with index in [1] are selected on object ''

2018-05-15 18:49:53 - [MESSAGE][PASSED] - All options with index in [1] are selected on object ''

2018-05-15 18:49:53 - [TEST_STEP][PASSED] - Statement - batch = new com.kms.katalon.core.testobject.TestObject(): null

2018-05-15 18:49:53 - [TEST_STEP][PASSED] - Statement - batch = com.kms.katalon.core.webui.keyword.WebUiBuiltInKeywords.modifyObjectProperty(batch, "xpath", "equals", "//*[@id = "txtbthqty" + row + ""]", true): Modify property of object successfully

2018-05-15 18:49:53 - [MESSAGE][PASSED] - Modify property of object successfully

2018-05-15 18:49:53 - [TEST_STEP][PASSED] - Statement - batchqty = com.kms.katalon.core.webui.keyword.WebUiBuiltInKeywords.getAttribute(batch, "value").trim(): Attribute 'value' of object '' is: '5000'

2018-05-15 18:49:53 - [MESSAGE][PASSED] - Attribute 'value' of object '' is: '5000'

2018-05-15 18:49:53 - [TEST_STEP][PASSED] - Statement - Rqty = 10000: null

2018-05-15 18:49:53 - [TEST_STEP][PASSED] - delay: Delayed 2 second(s)

2018-05-15 18:49:55 - [MESSAGE][PASSED] - Delayed 2 second(s)

2018-05-15 18:49:55 - [TEST_STEP][PASSED] - Statement - out.println("BatchQty : " + batchqty): null

2018-05-15 18:49:55 - [TEST_STEP][PASSED] - Statement - out.println("RQty : " + Rqty): null

2018-05-15 18:49:55 - [TEST_STEP][PASSED] - Statement - If (java.lang.Integer.valueOf(batchqty) >= java.lang.Integer.valueOf(Rqty)): null

2018-05-15 18:49:55 - [TEST_STEP][PASSED] - Statement - Else: null

2018-05-15 18:49:55 - [TEST_STEP][PASSED] - Statement - out.println("Batchqty Is Less Than Rqty"): null

2018-05-15 18:49:55 - [TEST_STEP][PASSED] - Statement - product = new com.kms.katalon.core.testobject.TestObject(): null

2018-05-15 18:49:55 - [TEST_STEP][PASSED] - Statement - product = com.kms.katalon.core.webui.keyword.WebUiBuiltInKeywords.modifyObjectProperty(product, "xpath", "equals", "//*[@id = "fldvendor" + row + ""]", true): Modify property of object successfully

2018-05-15 18:49:55 - [MESSAGE][PASSED] - Modify property of object successfully

2018-05-15 18:49:55 - [TEST_STEP][PASSED] - selectOptionByIndex: All options with index in [2] are selected on object ''

2018-05-15 18:49:55 - [MESSAGE][PASSED] - All options with index in [2] are selected on object ''

2018-05-15 18:49:55 - [TEST_STEP][PASSED] - Statement - batch = new com.kms.katalon.core.testobject.TestObject(): null

2018-05-15 18:49:55 - [TEST_STEP][PASSED] - Statement - batch = com.kms.katalon.core.webui.keyword.WebUiBuiltInKeywords.modifyObjectProperty(batch, "xpath", "equals", "//*[@id = "txtbthqty" + row + ""]", true): Modify property of object successfully

2018-05-15 18:49:55 - [MESSAGE][PASSED] - Modify property of object successfully

2018-05-15 18:49:55 - [TEST_STEP][PASSED] - Statement - batchqty = com.kms.katalon.core.webui.keyword.WebUiBuiltInKeywords.getAttribute(batch, "value").trim(): Attribute 'value' of object '' is: '29000'

2018-05-15 18:49:55 - [MESSAGE][PASSED] - Attribute 'value' of object '' is: '29000'

2018-05-15 18:49:55 - [TEST_STEP][PASSED] - Statement - Rqty = 10000: null

2018-05-15 18:49:55 - [TEST_STEP][PASSED] - delay: Delayed 2 second(s)

2018-05-15 18:49:57 - [MESSAGE][PASSED] - Delayed 2 second(s)

2018-05-15 18:49:57 - [TEST_STEP][PASSED] - Statement - out.println("BatchQty : " + batchqty): null

2018-05-15 18:49:57 - [TEST_STEP][PASSED] - Statement - out.println("RQty : " + Rqty): null

2018-05-15 18:49:57 - [TEST_STEP][PASSED] - Statement - If (java.lang.Integer.valueOf(batchqty) >= java.lang.Integer.valueOf(Rqty)): null

2018-05-15 18:49:57 - [TEST_STEP][PASSED] - Statement - Break: null

2018-05-15 18:49:57 - [TEST_STEP][PASSED] - Statement - batchlength = new com.kms.katalon.core.testobject.TestObject(): null

2018-05-15 18:49:57 - [TEST_STEP][PASSED] - Statement - batchlength = com.kms.katalon.core.webui.keyword.WebUiBuiltInKeywords.modifyObjectProperty(batchlength, "xpath", "equals", "//*[@id = "fldvendor" + row + ""]", true): Modify property of object successfully

2018-05-15 18:49:57 - [MESSAGE][PASSED] - Modify property of object successfully

2018-05-15 18:49:57 - [TEST_STEP][PASSED] - Statement - batchsize = com.kms.katalon.core.webui.keyword.WebUiBuiltInKeywords.getNumberOfTotalOption(batchlength): 9 options of object '' counted

2018-05-15 18:49:57 - [MESSAGE][PASSED] - 9 options of object '' counted

2018-05-15 18:49:57 - [TEST_STEP][PASSED] - Statement - out.println("BatchSize : " + batchsize): null

2018-05-15 18:49:57 - [TEST_STEP][PASSED] - Statement - For ([n = 1, n <= batchsize - 1, (n++)]): null

2018-05-15 18:49:57 - [TEST_STEP][PASSED] - Statement - product = new com.kms.katalon.core.testobject.TestObject(): null

2018-05-15 18:49:57 - [TEST_STEP][PASSED] - Statement - product = com.kms.katalon.core.webui.keyword.WebUiBuiltInKeywords.modifyObjectProperty(product, "xpath", "equals", "//*[@id = "fldvendor" + row + ""]", true): Modify property of object successfully

2018-05-15 18:49:57 - [MESSAGE][PASSED] - Modify property of object successfully

2018-05-15 18:49:57 - [TEST_STEP][PASSED] - selectOptionByIndex: All options with index in [1] are selected on object ''

2018-05-15 18:49:57 - [MESSAGE][PASSED] - All options with index in [1] are selected on object ''

2018-05-15 18:49:57 - [TEST_STEP][PASSED] - Statement - batch = new com.kms.katalon.core.testobject.TestObject(): null

2018-05-15 18:49:57 - [TEST_STEP][PASSED] - Statement - batch = com.kms.katalon.core.webui.keyword.WebUiBuiltInKeywords.modifyObjectProperty(batch, "xpath", "equals", "//*[@id = "txtbthqty" + row + ""]", true): Modify property of object successfully

2018-05-15 18:49:57 - [MESSAGE][PASSED] - Modify property of object successfully

2018-05-15 18:49:57 - [TEST_STEP][PASSED] - Statement - batchqty = com.kms.katalon.core.webui.keyword.WebUiBuiltInKeywords.getAttribute(batch, "value").trim(): Attribute 'value' of object '' is: '29000'

2018-05-15 18:49:58 - [MESSAGE][PASSED] - Attribute 'value' of object '' is: '29000'

2018-05-15 18:49:58 - [TEST_STEP][PASSED] - Statement - Rqty = 10000: null

2018-05-15 18:49:58 - [TEST_STEP][PASSED] - delay: Delayed 2 second(s)

2018-05-15 18:50:00 - [MESSAGE][PASSED] - Delayed 2 second(s)

2018-05-15 18:50:00 - [TEST_STEP][PASSED] - Statement - out.println("BatchQty : " + batchqty): null

2018-05-15 18:50:00 - [TEST_STEP][PASSED] - Statement - out.println("RQty : " + Rqty): null

2018-05-15 18:50:00 - [TEST_STEP][PASSED] - Statement - If (java.lang.Integer.valueOf(batchqty) >= java.lang.Integer.valueOf(Rqty)): null

2018-05-15 18:50:00 - [TEST_STEP][PASSED] - Statement - Break: null

2018-05-15 18:50:00 - [TEST_STEP][PASSED] - Statement - batchlength = new com.kms.katalon.core.testobject.TestObject(): null

2018-05-15 18:50:00 - [TEST_STEP][PASSED] - Statement - batchlength = com.kms.katalon.core.webui.keyword.WebUiBuiltInKeywords.modifyObjectProperty(batchlength, "xpath", "equals", "//*[@id = "fldvendor" + row + ""]", true): Modify property of object successfully

2018-05-15 18:50:00 - [MESSAGE][PASSED] - Modify property of object successfully

2018-05-15 18:50:00 - [TEST_STEP][PASSED] - Statement - batchsize = com.kms.katalon.core.webui.keyword.WebUiBuiltInKeywords.getNumberOfTotalOption(batchlength): 9 options of object '' counted

2018-05-15 18:50:00 - [MESSAGE][PASSED] - 9 options of object '' counted

2018-05-15 18:50:00 - [TEST_STEP][PASSED] - Statement - out.println("BatchSize : " + batchsize): null

2018-05-15 18:50:00 - [TEST_STEP][PASSED] - Statement - For ([n = 1, n <= batchsize - 1, (n++)]): null

2018-05-15 18:50:00 - [TEST_STEP][PASSED] - Statement - product = new com.kms.katalon.core.testobject.TestObject(): null

2018-05-15 18:50:00 - [TEST_STEP][PASSED] - Statement - product = com.kms.katalon.core.webui.keyword.WebUiBuiltInKeywords.modifyObjectProperty(product, "xpath", "equals", "//*[@id = "fldvendor" + row + ""]", true): Modify property of object successfully

2018-05-15 18:50:00 - [MESSAGE][PASSED] - Modify property of object successfully

2018-05-15 18:50:00 - [TEST_STEP][PASSED] - selectOptionByIndex: All options with index in [1] are selected on object ''

2018-05-15 18:50:00 - [MESSAGE][PASSED] - All options with index in [1] are selected on object ''

2018-05-15 18:50:00 - [TEST_STEP][PASSED] - Statement - batch = new com.kms.katalon.core.testobject.TestObject(): null

2018-05-15 18:50:00 - [TEST_STEP][PASSED] - Statement - batch = com.kms.katalon.core.webui.keyword.WebUiBuiltInKeywords.modifyObjectProperty(batch, "xpath", "equals", "//*[@id = "txtbthqty" + row + ""]", true): Modify property of object successfully

2018-05-15 18:50:00 - [MESSAGE][PASSED] - Modify property of object successfully

2018-05-15 18:50:00 - [TEST_STEP][PASSED] - Statement - batchqty = com.kms.katalon.core.webui.keyword.WebUiBuiltInKeywords.getAttribute(batch, "value").trim(): Attribute 'value' of object '' is: '4000'

2018-05-15 18:50:00 - [MESSAGE][PASSED] - Attribute 'value' of object '' is: '4000'

2018-05-15 18:50:00 - [TEST_STEP][PASSED] - Statement - Rqty = 10000: null

2018-05-15 18:50:00 - [TEST_STEP][PASSED] - delay: Delayed 2 second(s)

2018-05-15 18:50:02 - [MESSAGE][PASSED] - Delayed 2 second(s)

2018-05-15 18:50:02 - [TEST_STEP][PASSED] - Statement - out.println("BatchQty : " + batchqty): null

2018-05-15 18:50:02 - [TEST_STEP][PASSED] - Statement - out.println("RQty : " + Rqty): null

2018-05-15 18:50:02 - [TEST_STEP][PASSED] - Statement - If (java.lang.Integer.valueOf(batchqty) >= java.lang.Integer.valueOf(Rqty)): null

2018-05-15 18:50:02 - [TEST_STEP][PASSED] - Statement - Else: null

2018-05-15 18:50:02 - [TEST_STEP][PASSED] - Statement - out.println("Batchqty Is Less Than Rqty"): null

2018-05-15 18:50:02 - [TEST_STEP][PASSED] - Statement - product = new com.kms.katalon.core.testobject.TestObject(): null

2018-05-15 18:50:02 - [TEST_STEP][PASSED] - Statement - product = com.kms.katalon.core.webui.keyword.WebUiBuiltInKeywords.modifyObjectProperty(product, "xpath", "equals", "//*[@id = "fldvendor" + row + ""]", true): Modify property of object successfully

2018-05-15 18:50:02 - [MESSAGE][PASSED] - Modify property of object successfully

2018-05-15 18:50:02 - [TEST_STEP][PASSED] - selectOptionByIndex: All options with index in [2] are selected on object ''

2018-05-15 18:50:02 - [MESSAGE][PASSED] - All options with index in [2] are selected on object ''

2018-05-15 18:50:02 - [TEST_STEP][PASSED] - Statement - batch = new com.kms.katalon.core.testobject.TestObject(): null

2018-05-15 18:50:02 - [TEST_STEP][PASSED] - Statement - batch = com.kms.katalon.core.webui.keyword.WebUiBuiltInKeywords.modifyObjectProperty(batch, "xpath", "equals", "//*[@id = "txtbthqty" + row + ""]", true): Modify property of object successfully

2018-05-15 18:50:02 - [MESSAGE][PASSED] - Modify property of object successfully

2018-05-15 18:50:02 - [TEST_STEP][PASSED] - Statement - batchqty = com.kms.katalon.core.webui.keyword.WebUiBuiltInKeywords.getAttribute(batch, "value").trim(): Attribute 'value' of object '' is: '5000'

2018-05-15 18:50:02 - [MESSAGE][PASSED] - Attribute 'value' of object '' is: '5000'

2018-05-15 18:50:02 - [TEST_STEP][PASSED] - Statement - Rqty = 10000: null

2018-05-15 18:50:02 - [TEST_STEP][PASSED] - delay: Delayed 2 second(s)

2018-05-15 18:50:04 - [MESSAGE][PASSED] - Delayed 2 second(s)

2018-05-15 18:50:04 - [TEST_STEP][PASSED] - Statement - out.println("BatchQty : " + batchqty): null

2018-05-15 18:50:04 - [TEST_STEP][PASSED] - Statement - out.println("RQty : " + Rqty): null

2018-05-15 18:50:04 - [TEST_STEP][PASSED] - Statement - If (java.lang.Integer.valueOf(batchqty) >= java.lang.Integer.valueOf(Rqty)): null

2018-05-15 18:50:04 - [TEST_STEP][PASSED] - Statement - Else: null

2018-05-15 18:50:04 - [TEST_STEP][PASSED] - Statement - out.println("Batchqty Is Less Than Rqty"): null

2018-05-15 18:50:04 - [TEST_STEP][PASSED] - Statement - product = new com.kms.katalon.core.testobject.TestObject(): null

2018-05-15 18:50:04 - [TEST_STEP][PASSED] - Statement - product = com.kms.katalon.core.webui.keyword.WebUiBuiltInKeywords.modifyObjectProperty(product, "xpath", "equals", "//*[@id = "fldvendor" + row + ""]", true): Modify property of object successfully

2018-05-15 18:50:04 - [MESSAGE][PASSED] - Modify property of object successfully

2018-05-15 18:50:04 - [TEST_STEP][PASSED] - selectOptionByIndex: All options with index in [3] are selected on object ''

2018-05-15 18:50:04 - [MESSAGE][PASSED] - All options with index in [3] are selected on object ''

2018-05-15 18:50:04 - [TEST_STEP][PASSED] - Statement - batch = new com.kms.katalon.core.testobject.TestObject(): null

2018-05-15 18:50:04 - [TEST_STEP][PASSED] - Statement - batch = com.kms.katalon.core.webui.keyword.WebUiBuiltInKeywords.modifyObjectProperty(batch, "xpath", "equals", "//*[@id = "txtbthqty" + row + ""]", true): Modify property of object successfully

2018-05-15 18:50:04 - [MESSAGE][PASSED] - Modify property of object successfully

2018-05-15 18:50:04 - [TEST_STEP][PASSED] - Statement - batchqty = com.kms.katalon.core.webui.keyword.WebUiBuiltInKeywords.getAttribute(batch, "value").trim(): Attribute 'value' of object '' is: '5000'

2018-05-15 18:50:04 - [MESSAGE][PASSED] - Attribute 'value' of object '' is: '5000'

2018-05-15 18:50:04 - [TEST_STEP][PASSED] - Statement - Rqty = 10000: null

2018-05-15 18:50:04 - [TEST_STEP][PASSED] - delay: Delayed 2 second(s)

2018-05-15 18:50:06 - [MESSAGE][PASSED] - Delayed 2 second(s)

2018-05-15 18:50:06 - [TEST_STEP][PASSED] - Statement - out.println("BatchQty : " + batchqty): null

2018-05-15 18:50:06 - [TEST_STEP][PASSED] - Statement - out.println("RQty : " + Rqty): null

2018-05-15 18:50:06 - [TEST_STEP][PASSED] - Statement - If (java.lang.Integer.valueOf(batchqty) >= java.lang.Integer.valueOf(Rqty)): null

2018-05-15 18:50:06 - [TEST_STEP][PASSED] - Statement - Else: null

2018-05-15 18:50:06 - [TEST_STEP][PASSED] - Statement - out.println("Batchqty Is Less Than Rqty"): null

2018-05-15 18:50:06 - [TEST_STEP][PASSED] - Statement - product = new com.kms.katalon.core.testobject.TestObject(): null

2018-05-15 18:50:06 - [TEST_STEP][PASSED] - Statement - product = com.kms.katalon.core.webui.keyword.WebUiBuiltInKeywords.modifyObjectProperty(product, "xpath", "equals", "//*[@id = "fldvendor" + row + ""]", true): Modify property of object successfully

2018-05-15 18:50:06 - [MESSAGE][PASSED] - Modify property of object successfully

2018-05-15 18:50:06 - [TEST_STEP][PASSED] - selectOptionByIndex: All options with index in [4] are selected on object ''

2018-05-15 18:50:06 - [MESSAGE][PASSED] - All options with index in [4] are selected on object ''

2018-05-15 18:50:06 - [TEST_STEP][PASSED] - Statement - batch = new com.kms.katalon.core.testobject.TestObject(): null

2018-05-15 18:50:06 - [TEST_STEP][PASSED] - Statement - batch = com.kms.katalon.core.webui.keyword.WebUiBuiltInKeywords.modifyObjectProperty(batch, "xpath", "equals", "//*[@id = "txtbthqty" + row + ""]", true): Modify property of object successfully

2018-05-15 18:50:06 - [MESSAGE][PASSED] - Modify property of object successfully

2018-05-15 18:50:06 - [TEST_STEP][PASSED] - Statement - batchqty = com.kms.katalon.core.webui.keyword.WebUiBuiltInKeywords.getAttribute(batch, "value").trim(): Attribute 'value' of object '' is: '30000'

2018-05-15 18:50:06 - [MESSAGE][PASSED] - Attribute 'value' of object '' is: '30000'

2018-05-15 18:50:06 - [TEST_STEP][PASSED] - Statement - Rqty = 10000: null

2018-05-15 18:50:06 - [TEST_STEP][PASSED] - delay: Delayed 2 second(s)

2018-05-15 18:50:08 - [MESSAGE][PASSED] - Delayed 2 second(s)

2018-05-15 18:50:08 - [TEST_STEP][PASSED] - Statement - out.println("BatchQty : " + batchqty): null

2018-05-15 18:50:08 - [TEST_STEP][PASSED] - Statement - out.println("RQty : " + Rqty): null

2018-05-15 18:50:08 - [TEST_STEP][PASSED] - Statement - If (java.lang.Integer.valueOf(batchqty) >= java.lang.Integer.valueOf(Rqty)): null

2018-05-15 18:50:08 - [TEST_STEP][PASSED] - Statement - Break: null

2018-05-15 18:50:08 - [TEST_STEP][PASSED] - Statement - batchlength = new com.kms.katalon.core.testobject.TestObject(): null

2018-05-15 18:50:08 - [TEST_STEP][PASSED] - Statement - batchlength = com.kms.katalon.core.webui.keyword.WebUiBuiltInKeywords.modifyObjectProperty(batchlength, "xpath", "equals", "//*[@id = "fldvendor" + row + ""]", true): Modify property of object successfully

2018-05-15 18:50:08 - [MESSAGE][PASSED] - Modify property of object successfully

2018-05-15 18:50:08 - [TEST_STEP][PASSED] - Statement - batchsize = com.kms.katalon.core.webui.keyword.WebUiBuiltInKeywords.getNumberOfTotalOption(batchlength): 9 options of object '' counted

2018-05-15 18:50:08 - [MESSAGE][PASSED] - 9 options of object '' counted

2018-05-15 18:50:08 - [TEST_STEP][PASSED] - Statement - out.println("BatchSize : " + batchsize): null

2018-05-15 18:50:08 - [TEST_STEP][PASSED] - Statement - For ([n = 1, n <= batchsize - 1, (n++)]): null

2018-05-15 18:50:08 - [TEST_STEP][PASSED] - Statement - product = new com.kms.katalon.core.testobject.TestObject(): null

2018-05-15 18:50:08 - [TEST_STEP][PASSED] - Statement - product = com.kms.katalon.core.webui.keyword.WebUiBuiltInKeywords.modifyObjectProperty(product, "xpath", "equals", "//*[@id = "fldvendor" + row + ""]", true): Modify property of object successfully

2018-05-15 18:50:08 - [MESSAGE][PASSED] - Modify property of object successfully

2018-05-15 18:50:08 - [TEST_STEP][PASSED] - selectOptionByIndex: All options with index in [1] are selected on object ''

2018-05-15 18:50:09 - [MESSAGE][PASSED] - All options with index in [1] are selected on object ''

2018-05-15 18:50:09 - [TEST_STEP][PASSED] - Statement - batch = new com.kms.katalon.core.testobject.TestObject(): null

2018-05-15 18:50:09 - [TEST_STEP][PASSED] - Statement - batch = com.kms.katalon.core.webui.keyword.WebUiBuiltInKeywords.modifyObjectProperty(batch, "xpath", "equals", "//*[@id = "txtbthqty" + row + ""]", true): Modify property of object successfully

2018-05-15 18:50:09 - [MESSAGE][PASSED] - Modify property of object successfully

2018-05-15 18:50:09 - [TEST_STEP][PASSED] - Statement - batchqty = com.kms.katalon.core.webui.keyword.WebUiBuiltInKeywords.getAttribute(batch, "value").trim(): Attribute 'value' of object '' is: '5000'

2018-05-15 18:50:09 - [MESSAGE][PASSED] - Attribute 'value' of object '' is: '5000'

2018-05-15 18:50:09 - [TEST_STEP][PASSED] - Statement - Rqty = 10000: null

2018-05-15 18:50:09 - [TEST_STEP][PASSED] - delay: Delayed 2 second(s)

2018-05-15 18:50:11 - [MESSAGE][PASSED] - Delayed 2 second(s)

2018-05-15 18:50:11 - [TEST_STEP][PASSED] - Statement - out.println("BatchQty : " + batchqty): null

2018-05-15 18:50:11 - [TEST_STEP][PASSED] - Statement - out.println("RQty : " + Rqty): null

2018-05-15 18:50:11 - [TEST_STEP][PASSED] - Statement - If (java.lang.Integer.valueOf(batchqty) >= java.lang.Integer.valueOf(Rqty)): null

2018-05-15 18:50:11 - [TEST_STEP][PASSED] - Statement - Else: null

2018-05-15 18:50:11 - [TEST_STEP][PASSED] - Statement - out.println("Batchqty Is Less Than Rqty"): null

2018-05-15 18:50:11 - [TEST_STEP][PASSED] - Statement - product = new com.kms.katalon.core.testobject.TestObject(): null

2018-05-15 18:50:11 - [TEST_STEP][PASSED] - Statement - product = com.kms.katalon.core.webui.keyword.WebUiBuiltInKeywords.modifyObjectProperty(product, "xpath", "equals", "//*[@id = "fldvendor" + row + ""]", true): Modify property of object successfully

2018-05-15 18:50:11 - [MESSAGE][PASSED] - Modify property of object successfully

2018-05-15 18:50:11 - [TEST_STEP][PASSED] - selectOptionByIndex: All options with index in [2] are selected on object ''

2018-05-15 18:50:11 - [MESSAGE][PASSED] - All options with index in [2] are selected on object ''

2018-05-15 18:50:11 - [TEST_STEP][PASSED] - Statement - batch = new com.kms.katalon.core.testobject.TestObject(): null

2018-05-15 18:50:11 - [TEST_STEP][PASSED] - Statement - batch = com.kms.katalon.core.webui.keyword.WebUiBuiltInKeywords.modifyObjectProperty(batch, "xpath", "equals", "//*[@id = "txtbthqty" + row + ""]", true): Modify property of object successfully

2018-05-15 18:50:11 - [MESSAGE][PASSED] - Modify property of object successfully

2018-05-15 18:50:11 - [TEST_STEP][PASSED] - Statement - batchqty = com.kms.katalon.core.webui.keyword.WebUiBuiltInKeywords.getAttribute(batch, "value").trim(): Attribute 'value' of object '' is: '29000'

2018-05-15 18:50:11 - [MESSAGE][PASSED] - Attribute 'value' of object '' is: '29000'

2018-05-15 18:50:11 - [TEST_STEP][PASSED] - Statement - Rqty = 10000: null

2018-05-15 18:50:11 - [TEST_STEP][PASSED] - delay: Delayed 2 second(s)

2018-05-15 18:50:13 - [MESSAGE][PASSED] - Delayed 2 second(s)

2018-05-15 18:50:13 - [TEST_STEP][PASSED] - Statement - out.println("BatchQty : " + batchqty): null

2018-05-15 18:50:13 - [TEST_STEP][PASSED] - Statement - out.println("RQty : " + Rqty): null

2018-05-15 18:50:13 - [TEST_STEP][PASSED] - Statement - If (java.lang.Integer.valueOf(batchqty) >= java.lang.Integer.valueOf(Rqty)): null

2018-05-15 18:50:13 - [TEST_STEP][PASSED] - Statement - Break: null

2018-05-15 18:50:13 - [TEST_STEP][PASSED] - Statement - batchlength = new com.kms.katalon.core.testobject.TestObject(): null

2018-05-15 18:50:13 - [TEST_STEP][PASSED] - Statement - batchlength = com.kms.katalon.core.webui.keyword.WebUiBuiltInKeywords.modifyObjectProperty(batchlength, "xpath", "equals", "//*[@id = "fldvendor" + row + ""]", true): Modify property of object successfully

2018-05-15 18:50:13 - [MESSAGE][PASSED] - Modify property of object successfully

2018-05-15 18:50:13 - [TEST_STEP][PASSED] - Statement - batchsize = com.kms.katalon.core.webui.keyword.WebUiBuiltInKeywords.getNumberOfTotalOption(batchlength): 9 options of object '' counted

2018-05-15 18:50:13 - [MESSAGE][PASSED] - 9 options of object '' counted

2018-05-15 18:50:13 - [TEST_STEP][PASSED] - Statement - out.println("BatchSize : " + batchsize): null

2018-05-15 18:50:13 - [TEST_STEP][PASSED] - Statement - For ([n = 1, n <= batchsize - 1, (n++)]): null

2018-05-15 18:50:13 - [TEST_STEP][PASSED] - Statement - product = new com.kms.katalon.core.testobject.TestObject(): null

2018-05-15 18:50:13 - [TEST_STEP][PASSED] - Statement - product = com.kms.katalon.core.webui.keyword.WebUiBuiltInKeywords.modifyObjectProperty(product, "xpath", "equals", "//*[@id = "fldvendor" + row + ""]", true): Modify property of object successfully

2018-05-15 18:50:13 - [MESSAGE][PASSED] - Modify property of object successfully

2018-05-15 18:50:13 - [TEST_STEP][PASSED] - selectOptionByIndex: All options with index in [1] are selected on object ''

2018-05-15 18:50:13 - [MESSAGE][PASSED] - All options with index in [1] are selected on object ''

2018-05-15 18:50:13 - [TEST_STEP][PASSED] - Statement - batch = new com.kms.katalon.core.testobject.TestObject(): null

2018-05-15 18:50:13 - [TEST_STEP][PASSED] - Statement - batch = com.kms.katalon.core.webui.keyword.WebUiBuiltInKeywords.modifyObjectProperty(batch, "xpath", "equals", "//*[@id = "txtbthqty" + row + ""]", true): Modify property of object successfully

2018-05-15 18:50:13 - [MESSAGE][PASSED] - Modify property of object successfully

2018-05-15 18:50:13 - [TEST_STEP][PASSED] - Statement - batchqty = com.kms.katalon.core.webui.keyword.WebUiBuiltInKeywords.getAttribute(batch, "value").trim(): Attribute 'value' of object '' is: '29000'

2018-05-15 18:50:13 - [MESSAGE][PASSED] - Attribute 'value' of object '' is: '29000'

2018-05-15 18:50:13 - [TEST_STEP][PASSED] - Statement - Rqty = 10000: null

2018-05-15 18:50:13 - [TEST_STEP][PASSED] - delay: Delayed 2 second(s)

2018-05-15 18:50:15 - [MESSAGE][PASSED] - Delayed 2 second(s)

2018-05-15 18:50:15 - [TEST_STEP][PASSED] - Statement - out.println("BatchQty : " + batchqty): null

2018-05-15 18:50:15 - [TEST_STEP][PASSED] - Statement - out.println("RQty : " + Rqty): null

2018-05-15 18:50:15 - [TEST_STEP][PASSED] - Statement - If (java.lang.Integer.valueOf(batchqty) >= java.lang.Integer.valueOf(Rqty)): null

2018-05-15 18:50:15 - [TEST_STEP][PASSED] - Statement - Break: null

2018-05-15 18:50:15 - [TEST_STEP][PASSED] - Statement - batchlength = new com.kms.katalon.core.testobject.TestObject(): null

2018-05-15 18:50:15 - [TEST_STEP][PASSED] - Statement - batchlength = com.kms.katalon.core.webui.keyword.WebUiBuiltInKeywords.modifyObjectProperty(batchlength, "xpath", "equals", "//*[@id = "fldvendor" + row + ""]", true): Modify property of object successfully

2018-05-15 18:50:15 - [MESSAGE][PASSED] - Modify property of object successfully

2018-05-15 18:50:15 - [TEST_STEP][PASSED] - Statement - batchsize = com.kms.katalon.core.webui.keyword.WebUiBuiltInKeywords.getNumberOfTotalOption(batchlength): 9 options of object '' counted

2018-05-15 18:50:15 - [MESSAGE][PASSED] - 9 options of object '' counted

2018-05-15 18:50:15 - [TEST_STEP][PASSED] - Statement - out.println("BatchSize : " + batchsize): null

2018-05-15 18:50:15 - [TEST_STEP][PASSED] - Statement - For ([n = 1, n <= batchsize - 1, (n++)]): null

2018-05-15 18:50:15 - [TEST_STEP][PASSED] - Statement - product = new com.kms.katalon.core.testobject.TestObject(): null

2018-05-15 18:50:15 - [TEST_STEP][PASSED] - Statement - product = com.kms.katalon.core.webui.keyword.WebUiBuiltInKeywords.modifyObjectProperty(product, "xpath", "equals", "//*[@id = "fldvendor" + row + ""]", true): Modify property of object successfully

2018-05-15 18:50:15 - [MESSAGE][PASSED] - Modify property of object successfully

2018-05-15 18:50:15 - [TEST_STEP][PASSED] - selectOptionByIndex: All options with index in [1] are selected on object ''

2018-05-15 18:50:15 - [MESSAGE][PASSED] - All options with index in [1] are selected on object ''

2018-05-15 18:50:15 - [TEST_STEP][PASSED] - Statement - batch = new com.kms.katalon.core.testobject.TestObject(): null

2018-05-15 18:50:15 - [TEST_STEP][PASSED] - Statement - batch = com.kms.katalon.core.webui.keyword.WebUiBuiltInKeywords.modifyObjectProperty(batch, "xpath", "equals", "//*[@id = "txtbthqty" + row + ""]", true): Modify property of object successfully

2018-05-15 18:50:15 - [MESSAGE][PASSED] - Modify property of object successfully

2018-05-15 18:50:15 - [TEST_STEP][PASSED] - Statement - batchqty = com.kms.katalon.core.webui.keyword.WebUiBuiltInKeywords.getAttribute(batch, "value").trim(): Attribute 'value' of object '' is: '5000'

2018-05-15 18:50:15 - [MESSAGE][PASSED] - Attribute 'value' of object '' is: '5000'

2018-05-15 18:50:15 - [TEST_STEP][PASSED] - Statement - Rqty = 10000: null

2018-05-15 18:50:15 - [TEST_STEP][PASSED] - delay: Delayed 2 second(s)

2018-05-15 18:50:17 - [MESSAGE][PASSED] - Delayed 2 second(s)

2018-05-15 18:50:17 - [TEST_STEP][PASSED] - Statement - out.println("BatchQty : " + batchqty): null

2018-05-15 18:50:17 - [TEST_STEP][PASSED] - Statement - out.println("RQty : " + Rqty): null

2018-05-15 18:50:17 - [TEST_STEP][PASSED] - Statement - If (java.lang.Integer.valueOf(batchqty) >= java.lang.Integer.valueOf(Rqty)): null

2018-05-15 18:50:17 - [TEST_STEP][PASSED] - Statement - Else: null

2018-05-15 18:50:17 - [TEST_STEP][PASSED] - Statement - out.println("Batchqty Is Less Than Rqty"): null

2018-05-15 18:50:17 - [TEST_STEP][PASSED] - Statement - product = new com.kms.katalon.core.testobject.TestObject(): null

2018-05-15 18:50:17 - [TEST_STEP][PASSED] - Statement - product = com.kms.katalon.core.webui.keyword.WebUiBuiltInKeywords.modifyObjectProperty(product, "xpath", "equals", "//*[@id = "fldvendor" + row + ""]", true): Modify property of object successfully

2018-05-15 18:50:17 - [MESSAGE][PASSED] - Modify property of object successfully

2018-05-15 18:50:17 - [TEST_STEP][PASSED] - selectOptionByIndex: All options with index in [2] are selected on object ''

2018-05-15 18:50:18 - [MESSAGE][PASSED] - All options with index in [2] are selected on object ''

2018-05-15 18:50:18 - [TEST_STEP][PASSED] - Statement - batch = new com.kms.katalon.core.testobject.TestObject(): null

2018-05-15 18:50:18 - [TEST_STEP][PASSED] - Statement - batch = com.kms.katalon.core.webui.keyword.WebUiBuiltInKeywords.modifyObjectProperty(batch, "xpath", "equals", "//*[@id = "txtbthqty" + row + ""]", true): Modify property of object successfully

2018-05-15 18:50:18 - [MESSAGE][PASSED] - Modify property of object successfully

2018-05-15 18:50:18 - [TEST_STEP][PASSED] - Statement - batchqty = com.kms.katalon.core.webui.keyword.WebUiBuiltInKeywords.getAttribute(batch, "value").trim(): Attribute 'value' of object '' is: '4000'

2018-05-15 18:50:18 - [MESSAGE][PASSED] - Attribute 'value' of object '' is: '4000'

2018-05-15 18:50:18 - [TEST_STEP][PASSED] - Statement - Rqty = 10000: null

2018-05-15 18:50:18 - [TEST_STEP][PASSED] - delay: Delayed 2 second(s)

2018-05-15 18:50:20 - [MESSAGE][PASSED] - Delayed 2 second(s)

2018-05-15 18:50:20 - [TEST_STEP][PASSED] - Statement - out.println("BatchQty : " + batchqty): null

2018-05-15 18:50:20 - [TEST_STEP][PASSED] - Statement - out.println("RQty : " + Rqty): null

2018-05-15 18:50:20 - [TEST_STEP][PASSED] - Statement - If (java.lang.Integer.valueOf(batchqty) >= java.lang.Integer.valueOf(Rqty)): null

2018-05-15 18:50:20 - [TEST_STEP][PASSED] - Statement - Else: null

2018-05-15 18:50:20 - [TEST_STEP][PASSED] - Statement - out.println("Batchqty Is Less Than Rqty"): null

2018-05-15 18:50:20 - [TEST_STEP][PASSED] - Statement - product = new com.kms.katalon.core.testobject.TestObject(): null

2018-05-15 18:50:20 - [TEST_STEP][PASSED] - Statement - product = com.kms.katalon.core.webui.keyword.WebUiBuiltInKeywords.modifyObjectProperty(product, "xpath", "equals", "//*[@id = "fldvendor" + row + ""]", true): Modify property of object successfully

2018-05-15 18:50:20 - [MESSAGE][PASSED] - Modify property of object successfully

2018-05-15 18:50:20 - [TEST_STEP][PASSED] - selectOptionByIndex: All options with index in [3] are selected on object ''

2018-05-15 18:50:20 - [MESSAGE][PASSED] - All options with index in [3] are selected on object ''

2018-05-15 18:50:20 - [TEST_STEP][PASSED] - Statement - batch = new com.kms.katalon.core.testobject.TestObject(): null

2018-05-15 18:50:20 - [TEST_STEP][PASSED] - Statement - batch = com.kms.katalon.core.webui.keyword.WebUiBuiltInKeywords.modifyObjectProperty(batch, "xpath", "equals", "//*[@id = "txtbthqty" + row + ""]", true): Modify property of object successfully

2018-05-15 18:50:20 - [MESSAGE][PASSED] - Modify property of object successfully

2018-05-15 18:50:20 - [TEST_STEP][PASSED] - Statement - batchqty = com.kms.katalon.core.webui.keyword.WebUiBuiltInKeywords.getAttribute(batch, "value").trim(): Attribute 'value' of object '' is: '30000'

2018-05-15 18:50:20 - [MESSAGE][PASSED] - Attribute 'value' of object '' is: '30000'

2018-05-15 18:50:20 - [TEST_STEP][PASSED] - Statement - Rqty = 10000: null

2018-05-15 18:50:20 - [TEST_STEP][PASSED] - delay: Delayed 2 second(s)

2018-05-15 18:50:22 - [MESSAGE][PASSED] - Delayed 2 second(s)

2018-05-15 18:50:22 - [TEST_STEP][PASSED] - Statement - out.println("BatchQty : " + batchqty): null

2018-05-15 18:50:22 - [TEST_STEP][PASSED] - Statement - out.println("RQty : " + Rqty): null

2018-05-15 18:50:22 - [TEST_STEP][PASSED] - Statement - If (java.lang.Integer.valueOf(batchqty) >= java.lang.Integer.valueOf(Rqty)): null

2018-05-15 18:50:22 - [TEST_STEP][PASSED] - Statement - Break: null

2018-05-15 18:50:22 - [TEST_STEP][PASSED] - Statement - batchlength = new com.kms.katalon.core.testobject.TestObject(): null

2018-05-15 18:50:22 - [TEST_STEP][PASSED] - Statement - batchlength = com.kms.katalon.core.webui.keyword.WebUiBuiltInKeywords.modifyObjectProperty(batchlength, "xpath", "equals", "//*[@id = "fldvendor" + row + ""]", true): Modify property of object successfully

2018-05-15 18:50:22 - [MESSAGE][PASSED] - Modify property of object successfully

2018-05-15 18:50:22 - [TEST_STEP][PASSED] - Statement - batchsize = com.kms.katalon.core.webui.keyword.WebUiBuiltInKeywords.getNumberOfTotalOption(batchlength): 9 options of object '' counted

2018-05-15 18:50:22 - [MESSAGE][PASSED] - 9 options of object '' counted

2018-05-15 18:50:22 - [TEST_STEP][PASSED] - Statement - out.println("BatchSize : " + batchsize): null

2018-05-15 18:50:22 - [TEST_STEP][PASSED] - Statement - For ([n = 1, n <= batchsize - 1, (n++)]): null

2018-05-15 18:50:22 - [TEST_STEP][PASSED] - Statement - product = new com.kms.katalon.core.testobject.TestObject(): null

2018-05-15 18:50:22 - [TEST_STEP][PASSED] - Statement - product = com.kms.katalon.core.webui.keyword.WebUiBuiltInKeywords.modifyObjectProperty(product, "xpath", "equals", "//*[@id = "fldvendor" + row + ""]", true): Modify property of object successfully

2018-05-15 18:50:22 - [MESSAGE][PASSED] - Modify property of object successfully

2018-05-15 18:50:22 - [TEST_STEP][PASSED] - selectOptionByIndex: All options with index in [1] are selected on object ''

2018-05-15 18:50:22 - [MESSAGE][PASSED] - All options with index in [1] are selected on object ''

2018-05-15 18:50:22 - [TEST_STEP][PASSED] - Statement - batch = new com.kms.katalon.core.testobject.TestObject(): null

2018-05-15 18:50:22 - [TEST_STEP][PASSED] - Statement - batch = com.kms.katalon.core.webui.keyword.WebUiBuiltInKeywords.modifyObjectProperty(batch, "xpath", "equals", "//*[@id = "txtbthqty" + row + ""]", true): Modify property of object successfully

2018-05-15 18:50:22 - [MESSAGE][PASSED] - Modify property of object successfully

2018-05-15 18:50:22 - [TEST_STEP][PASSED] - Statement - batchqty = com.kms.katalon.core.webui.keyword.WebUiBuiltInKeywords.getAttribute(batch, "value").trim(): Attribute 'value' of object '' is: '29000'

2018-05-15 18:50:22 - [MESSAGE][PASSED] - Attribute 'value' of object '' is: '29000'

2018-05-15 18:50:22 - [TEST_STEP][PASSED] - Statement - Rqty = 10000: null

2018-05-15 18:50:22 - [TEST_STEP][PASSED] - delay: Delayed 2 second(s)

2018-05-15 18:50:24 - [MESSAGE][PASSED] - Delayed 2 second(s)

2018-05-15 18:50:24 - [TEST_STEP][PASSED] - Statement - out.println("BatchQty : " + batchqty): null

2018-05-15 18:50:24 - [TEST_STEP][PASSED] - Statement - out.println("RQty : " + Rqty): null

2018-05-15 18:50:24 - [TEST_STEP][PASSED] - Statement - If (java.lang.Integer.valueOf(batchqty) >= java.lang.Integer.valueOf(Rqty)): null

2018-05-15 18:50:24 - [TEST_STEP][PASSED] - Statement - Break: null

2018-05-15 18:50:24 - [TEST_STEP][PASSED] - Statement - batchlength = new com.kms.katalon.core.testobject.TestObject(): null

2018-05-15 18:50:24 - [TEST_STEP][PASSED] - Statement - batchlength = com.kms.katalon.core.webui.keyword.WebUiBuiltInKeywords.modifyObjectProperty(batchlength, "xpath", "equals", "//*[@id = "fldvendor" + row + ""]", true): Modify property of object successfully

2018-05-15 18:50:24 - [MESSAGE][PASSED] - Modify property of object successfully

2018-05-15 18:50:24 - [TEST_STEP][PASSED] - Statement - batchsize = com.kms.katalon.core.webui.keyword.WebUiBuiltInKeywords.getNumberOfTotalOption(batchlength): 9 options of object '' counted

2018-05-15 18:50:24 - [MESSAGE][PASSED] - 9 options of object '' counted

2018-05-15 18:50:24 - [TEST_STEP][PASSED] - Statement - out.println("BatchSize : " + batchsize): null

2018-05-15 18:50:24 - [TEST_STEP][PASSED] - Statement - For ([n = 1, n <= batchsize - 1, (n++)]): null

2018-05-15 18:50:24 - [TEST_STEP][PASSED] - Statement - product = new com.kms.katalon.core.testobject.TestObject(): null

2018-05-15 18:50:24 - [TEST_STEP][PASSED] - Statement - product = com.kms.katalon.core.webui.keyword.WebUiBuiltInKeywords.modifyObjectProperty(product, "xpath", "equals", "//*[@id = "fldvendor" + row + ""]", true): Modify property of object successfully

2018-05-15 18:50:24 - [MESSAGE][PASSED] - Modify property of object successfully

2018-05-15 18:50:24 - [TEST_STEP][PASSED] - selectOptionByIndex: All options with index in [1] are selected on object ''

2018-05-15 18:50:24 - [MESSAGE][PASSED] - All options with index in [1] are selected on object ''

2018-05-15 18:50:24 - [TEST_STEP][PASSED] - Statement - batch = new com.kms.katalon.core.testobject.TestObject(): null

2018-05-15 18:50:24 - [TEST_STEP][PASSED] - Statement - batch = com.kms.katalon.core.webui.keyword.WebUiBuiltInKeywords.modifyObjectProperty(batch, "xpath", "equals", "//*[@id = "txtbthqty" + row + ""]", true): Modify property of object successfully

2018-05-15 18:50:24 - [MESSAGE][PASSED] - Modify property of object successfully

2018-05-15 18:50:24 - [TEST_STEP][PASSED] - Statement - batchqty = com.kms.katalon.core.webui.keyword.WebUiBuiltInKeywords.getAttribute(batch, "value").trim(): Attribute 'value' of object '' is: '5000'

2018-05-15 18:50:24 - [MESSAGE][PASSED] - Attribute 'value' of object '' is: '5000'

2018-05-15 18:50:24 - [TEST_STEP][PASSED] - Statement - Rqty = 10000: null

2018-05-15 18:50:24 - [TEST_STEP][PASSED] - delay: Delayed 2 second(s)

2018-05-15 18:50:26 - [MESSAGE][PASSED] - Delayed 2 second(s)

2018-05-15 18:50:26 - [TEST_STEP][PASSED] - Statement - out.println("BatchQty : " + batchqty): null

2018-05-15 18:50:26 - [TEST_STEP][PASSED] - Statement - out.println("RQty : " + Rqty): null

2018-05-15 18:50:26 - [TEST_STEP][PASSED] - Statement - If (java.lang.Integer.valueOf(batchqty) >= java.lang.Integer.valueOf(Rqty)): null

2018-05-15 18:50:26 - [TEST_STEP][PASSED] - Statement - Else: null

2018-05-15 18:50:26 - [TEST_STEP][PASSED] - Statement - out.println("Batchqty Is Less Than Rqty"): null

2018-05-15 18:50:26 - [TEST_STEP][PASSED] - Statement - product = new com.kms.katalon.core.testobject.TestObject(): null

2018-05-15 18:50:26 - [TEST_STEP][PASSED] - Statement - product = com.kms.katalon.core.webui.keyword.WebUiBuiltInKeywords.modifyObjectProperty(product, "xpath", "equals", "//*[@id = "fldvendor" + row + ""]", true): Modify property of object successfully

2018-05-15 18:50:26 - [MESSAGE][PASSED] - Modify property of object successfully

2018-05-15 18:50:26 - [TEST_STEP][PASSED] - selectOptionByIndex: All options with index in [2] are selected on object ''

2018-05-15 18:50:26 - [MESSAGE][PASSED] - All options with index in [2] are selected on object ''

2018-05-15 18:50:26 - [TEST_STEP][PASSED] - Statement - batch = new com.kms.katalon.core.testobject.TestObject(): null

2018-05-15 18:50:26 - [TEST_STEP][PASSED] - Statement - batch = com.kms.katalon.core.webui.keyword.WebUiBuiltInKeywords.modifyObjectProperty(batch, "xpath", "equals", "//*[@id = "txtbthqty" + row + ""]", true): Modify property of object successfully

2018-05-15 18:50:26 - [MESSAGE][PASSED] - Modify property of object successfully

2018-05-15 18:50:26 - [TEST_STEP][PASSED] - Statement - batchqty = com.kms.katalon.core.webui.keyword.WebUiBuiltInKeywords.getAttribute(batch, "value").trim(): Attribute 'value' of object '' is: '29000'

2018-05-15 18:50:26 - [MESSAGE][PASSED] - Attribute 'value' of object '' is: '29000'

2018-05-15 18:50:26 - [TEST_STEP][PASSED] - Statement - Rqty = 10000: null

2018-05-15 18:50:26 - [TEST_STEP][PASSED] - delay: Delayed 2 second(s)

2018-05-15 18:50:28 - [MESSAGE][PASSED] - Delayed 2 second(s)

2018-05-15 18:50:28 - [TEST_STEP][PASSED] - Statement - out.println("BatchQty : " + batchqty): null

2018-05-15 18:50:28 - [TEST_STEP][PASSED] - Statement - out.println("RQty : " + Rqty): null

2018-05-15 18:50:28 - [TEST_STEP][PASSED] - Statement - If (java.lang.Integer.valueOf(batchqty) >= java.lang.Integer.valueOf(Rqty)): null

2018-05-15 18:50:28 - [TEST_STEP][PASSED] - Statement - Break: null

2018-05-15 18:50:28 - [TEST_STEP][PASSED] - Statement - batchlength = new com.kms.katalon.core.testobject.TestObject(): null

2018-05-15 18:50:28 - [TEST_STEP][PASSED] - Statement - batchlength = com.kms.katalon.core.webui.keyword.WebUiBuiltInKeywords.modifyObjectProperty(batchlength, "xpath", "equals", "//*[@id = "fldvendor" + row + ""]", true): Modify property of object successfully

2018-05-15 18:50:28 - [MESSAGE][PASSED] - Modify property of object successfully

2018-05-15 18:50:28 - [TEST_STEP][PASSED] - Statement - batchsize = com.kms.katalon.core.webui.keyword.WebUiBuiltInKeywords.getNumberOfTotalOption(batchlength): 17 options of object '' counted

2018-05-15 18:50:29 - [MESSAGE][PASSED] - 17 options of object '' counted

2018-05-15 18:50:29 - [TEST_STEP][PASSED] - Statement - out.println("BatchSize : " + batchsize): null

2018-05-15 18:50:29 - [TEST_STEP][PASSED] - Statement - For ([n = 1, n <= batchsize - 1, (n++)]): null

2018-05-15 18:50:29 - [TEST_STEP][PASSED] - Statement - product = new com.kms.katalon.core.testobject.TestObject(): null

2018-05-15 18:50:29 - [TEST_STEP][PASSED] - Statement - product = com.kms.katalon.core.webui.keyword.WebUiBuiltInKeywords.modifyObjectProperty(product, "xpath", "equals", "//*[@id = "fldvendor" + row + ""]", true): Modify property of object successfully

2018-05-15 18:50:29 - [MESSAGE][PASSED] - Modify property of object successfully

2018-05-15 18:50:29 - [TEST_STEP][PASSED] - selectOptionByIndex: All options with index in [1] are selected on object ''

2018-05-15 18:50:29 - [MESSAGE][PASSED] - All options with index in [1] are selected on object ''

2018-05-15 18:50:29 - [TEST_STEP][PASSED] - Statement - batch = new com.kms.katalon.core.testobject.TestObject(): null

2018-05-15 18:50:29 - [TEST_STEP][PASSED] - Statement - batch = com.kms.katalon.core.webui.keyword.WebUiBuiltInKeywords.modifyObjectProperty(batch, "xpath", "equals", "//*[@id = "txtbthqty" + row + ""]", true): Modify property of object successfully

2018-05-15 18:50:29 - [MESSAGE][PASSED] - Modify property of object successfully

2018-05-15 18:50:29 - [TEST_STEP][PASSED] - Statement - batchqty = com.kms.katalon.core.webui.keyword.WebUiBuiltInKeywords.getAttribute(batch, "value").trim(): Attribute 'value' of object '' is: '8000'

2018-05-15 18:50:29 - [MESSAGE][PASSED] - Attribute 'value' of object '' is: '8000'

2018-05-15 18:50:29 - [TEST_STEP][PASSED] - Statement - Rqty = 10000: null

2018-05-15 18:50:29 - [TEST_STEP][PASSED] - delay: Delayed 2 second(s)

2018-05-15 18:50:31 - [MESSAGE][PASSED] - Delayed 2 second(s)

2018-05-15 18:50:31 - [TEST_STEP][PASSED] - Statement - out.println("BatchQty : " + batchqty): null

2018-05-15 18:50:31 - [TEST_STEP][PASSED] - Statement - out.println("RQty : " + Rqty): null

2018-05-15 18:50:31 - [TEST_STEP][PASSED] - Statement - If (java.lang.Integer.valueOf(batchqty) >= java.lang.Integer.valueOf(Rqty)): null

2018-05-15 18:50:31 - [TEST_STEP][PASSED] - Statement - Else: null

2018-05-15 18:50:31 - [TEST_STEP][PASSED] - Statement - out.println("Batchqty Is Less Than Rqty"): null

2018-05-15 18:50:31 - [TEST_STEP][PASSED] - Statement - product = new com.kms.katalon.core.testobject.TestObject(): null

2018-05-15 18:50:31 - [TEST_STEP][PASSED] - Statement - product = com.kms.katalon.core.webui.keyword.WebUiBuiltInKeywords.modifyObjectProperty(product, "xpath", "equals", "//*[@id = "fldvendor" + row + ""]", true): Modify property of object successfully

2018-05-15 18:50:31 - [MESSAGE][PASSED] - Modify property of object successfully

2018-05-15 18:50:31 - [TEST_STEP][PASSED] - selectOptionByIndex: All options with index in [2] are selected on object ''

2018-05-15 18:50:31 - [MESSAGE][PASSED] - All options with index in [2] are selected on object ''

2018-05-15 18:50:31 - [TEST_STEP][PASSED] - Statement - batch = new com.kms.katalon.core.testobject.TestObject(): null

2018-05-15 18:50:31 - [TEST_STEP][PASSED] - Statement - batch = com.kms.katalon.core.webui.keyword.WebUiBuiltInKeywords.modifyObjectProperty(batch, "xpath", "equals", "//*[@id = "txtbthqty" + row + ""]", true): Modify property of object successfully

2018-05-15 18:50:31 - [MESSAGE][PASSED] - Modify property of object successfully

2018-05-15 18:50:31 - [TEST_STEP][PASSED] - Statement - batchqty = com.kms.katalon.core.webui.keyword.WebUiBuiltInKeywords.getAttribute(batch, "value").trim(): Attribute 'value' of object '' is: '5000'

2018-05-15 18:50:31 - [MESSAGE][PASSED] - Attribute 'value' of object '' is: '5000'

2018-05-15 18:50:31 - [TEST_STEP][PASSED] - Statement - Rqty = 10000: null

2018-05-15 18:50:31 - [TEST_STEP][PASSED] - delay: Delayed 2 second(s)

2018-05-15 18:50:33 - [MESSAGE][PASSED] - Delayed 2 second(s)

2018-05-15 18:50:33 - [TEST_STEP][PASSED] - Statement - out.println("BatchQty : " + batchqty): null

2018-05-15 18:50:33 - [TEST_STEP][PASSED] - Statement - out.println("RQty : " + Rqty): null

2018-05-15 18:50:33 - [TEST_STEP][PASSED] - Statement - If (java.lang.Integer.valueOf(batchqty) >= java.lang.Integer.valueOf(Rqty)): null

2018-05-15 18:50:33 - [TEST_STEP][PASSED] - Statement - Else: null

2018-05-15 18:50:33 - [TEST_STEP][PASSED] - Statement - out.println("Batchqty Is Less Than Rqty"): null

2018-05-15 18:50:33 - [TEST_STEP][PASSED] - Statement - product = new com.kms.katalon.core.testobject.TestObject(): null

2018-05-15 18:50:33 - [TEST_STEP][PASSED] - Statement - product = com.kms.katalon.core.webui.keyword.WebUiBuiltInKeywords.modifyObjectProperty(product, "xpath", "equals", "//*[@id = "fldvendor" + row + ""]", true): Modify property of object successfully

2018-05-15 18:50:33 - [MESSAGE][PASSED] - Modify property of object successfully

2018-05-15 18:50:33 - [TEST_STEP][PASSED] - selectOptionByIndex: All options with index in [3] are selected on object ''

2018-05-15 18:50:33 - [MESSAGE][PASSED] - All options with index in [3] are selected on object ''

2018-05-15 18:50:33 - [TEST_STEP][PASSED] - Statement - batch = new com.kms.katalon.core.testobject.TestObject(): null

2018-05-15 18:50:33 - [TEST_STEP][PASSED] - Statement - batch = com.kms.katalon.core.webui.keyword.WebUiBuiltInKeywords.modifyObjectProperty(batch, "xpath", "equals", "//*[@id = "txtbthqty" + row + ""]", true): Modify property of object successfully

2018-05-15 18:50:33 - [MESSAGE][PASSED] - Modify property of object successfully

2018-05-15 18:50:33 - [TEST_STEP][PASSED] - Statement - batchqty = com.kms.katalon.core.webui.keyword.WebUiBuiltInKeywords.getAttribute(batch, "value").trim(): Attribute 'value' of object '' is: '50000'

2018-05-15 18:50:33 - [MESSAGE][PASSED] - Attribute 'value' of object '' is: '50000'

2018-05-15 18:50:33 - [TEST_STEP][PASSED] - Statement - Rqty = 10000: null

2018-05-15 18:50:33 - [TEST_STEP][PASSED] - delay: Delayed 2 second(s)

2018-05-15 18:50:35 - [MESSAGE][PASSED] - Delayed 2 second(s)

2018-05-15 18:50:35 - [TEST_STEP][PASSED] - Statement - out.println("BatchQty : " + batchqty): null

2018-05-15 18:50:35 - [TEST_STEP][PASSED] - Statement - out.println("RQty : " + Rqty): null

2018-05-15 18:50:35 - [TEST_STEP][PASSED] - Statement - If (java.lang.Integer.valueOf(batchqty) >= java.lang.Integer.valueOf(Rqty)): null

2018-05-15 18:50:35 - [TEST_STEP][PASSED] - Statement - Break: null

2018-05-15 18:50:35 - [TEST_STEP][PASSED] - Statement - batchlength = new com.kms.katalon.core.testobject.TestObject(): null

2018-05-15 18:50:35 - [TEST_STEP][PASSED] - Statement - batchlength = com.kms.katalon.core.webui.keyword.WebUiBuiltInKeywords.modifyObjectProperty(batchlength, "xpath", "equals", "//*[@id = "fldvendor" + row + ""]", true): Modify property of object successfully

2018-05-15 18:50:35 - [MESSAGE][PASSED] - Modify property of object successfully

2018-05-15 18:50:35 - [TEST_STEP][PASSED] - Statement - batchsize = com.kms.katalon.core.webui.keyword.WebUiBuiltInKeywords.getNumberOfTotalOption(batchlength): 17 options of object '' counted

2018-05-15 18:50:35 - [MESSAGE][PASSED] - 17 options of object '' counted

2018-05-15 18:50:35 - [TEST_STEP][PASSED] - Statement - out.println("BatchSize : " + batchsize): null

2018-05-15 18:50:35 - [TEST_STEP][PASSED] - Statement - For ([n = 1, n <= batchsize - 1, (n++)]): null

2018-05-15 18:50:35 - [TEST_STEP][PASSED] - Statement - product = new com.kms.katalon.core.testobject.TestObject(): null

2018-05-15 18:50:35 - [TEST_STEP][PASSED] - Statement - product = com.kms.katalon.core.webui.keyword.WebUiBuiltInKeywords.modifyObjectProperty(product, "xpath", "equals", "//*[@id = "fldvendor" + row + ""]", true): Modify property of object successfully

2018-05-15 18:50:35 - [MESSAGE][PASSED] - Modify property of object successfully

2018-05-15 18:50:35 - [TEST_STEP][PASSED] - selectOptionByIndex: All options with index in [1] are selected on object ''

2018-05-15 18:50:35 - [MESSAGE][PASSED] - All options with index in [1] are selected on object ''

2018-05-15 18:50:35 - [TEST_STEP][PASSED] - Statement - batch = new com.kms.katalon.core.testobject.TestObject(): null

2018-05-15 18:50:35 - [TEST_STEP][PASSED] - Statement - batch = com.kms.katalon.core.webui.keyword.WebUiBuiltInKeywords.modifyObjectProperty(batch, "xpath", "equals", "//*[@id = "txtbthqty" + row + ""]", true): Modify property of object successfully

2018-05-15 18:50:35 - [MESSAGE][PASSED] - Modify property of object successfully

2018-05-15 18:50:35 - [TEST_STEP][PASSED] - Statement - batchqty = com.kms.katalon.core.webui.keyword.WebUiBuiltInKeywords.getAttribute(batch, "value").trim(): Attribute 'value' of object '' is: '8000'

2018-05-15 18:50:35 - [MESSAGE][PASSED] - Attribute 'value' of object '' is: '8000'

2018-05-15 18:50:35 - [TEST_STEP][PASSED] - Statement - Rqty = 10000: null

2018-05-15 18:50:35 - [TEST_STEP][PASSED] - delay: Delayed 2 second(s)

2018-05-15 18:50:37 - [MESSAGE][PASSED] - Delayed 2 second(s)

2018-05-15 18:50:37 - [TEST_STEP][PASSED] - Statement - out.println("BatchQty : " + batchqty): null

2018-05-15 18:50:37 - [TEST_STEP][PASSED] - Statement - out.println("RQty : " + Rqty): null

2018-05-15 18:50:37 - [TEST_STEP][PASSED] - Statement - If (java.lang.Integer.valueOf(batchqty) >= java.lang.Integer.valueOf(Rqty)): null

2018-05-15 18:50:37 - [TEST_STEP][PASSED] - Statement - Else: null

2018-05-15 18:50:37 - [TEST_STEP][PASSED] - Statement - out.println("Batchqty Is Less Than Rqty"): null

2018-05-15 18:50:37 - [TEST_STEP][PASSED] - Statement - product = new com.kms.katalon.core.testobject.TestObject(): null

2018-05-15 18:50:37 - [TEST_STEP][PASSED] - Statement - product = com.kms.katalon.core.webui.keyword.WebUiBuiltInKeywords.modifyObjectProperty(product, "xpath", "equals", "//*[@id = "fldvendor" + row + ""]", true): Modify property of object successfully

2018-05-15 18:50:37 - [MESSAGE][PASSED] - Modify property of object successfully

2018-05-15 18:50:37 - [TEST_STEP][PASSED] - selectOptionByIndex: All options with index in [2] are selected on object ''

2018-05-15 18:50:38 - [MESSAGE][PASSED] - All options with index in [2] are selected on object ''

2018-05-15 18:50:38 - [TEST_STEP][PASSED] - Statement - batch = new com.kms.katalon.core.testobject.TestObject(): null

2018-05-15 18:50:38 - [TEST_STEP][PASSED] - Statement - batch = com.kms.katalon.core.webui.keyword.WebUiBuiltInKeywords.modifyObjectProperty(batch, "xpath", "equals", "//*[@id = "txtbthqty" + row + ""]", true): Modify property of object successfully

2018-05-15 18:50:38 - [MESSAGE][PASSED] - Modify property of object successfully

2018-05-15 18:50:38 - [TEST_STEP][PASSED] - Statement - batchqty = com.kms.katalon.core.webui.keyword.WebUiBuiltInKeywords.getAttribute(batch, "value").trim(): Attribute 'value' of object '' is: '5000'

2018-05-15 18:50:38 - [MESSAGE][PASSED] - Attribute 'value' of object '' is: '5000'

2018-05-15 18:50:38 - [TEST_STEP][PASSED] - Statement - Rqty = 10000: null

2018-05-15 18:50:38 - [TEST_STEP][PASSED] - delay: Delayed 2 second(s)

2018-05-15 18:50:40 - [MESSAGE][PASSED] - Delayed 2 second(s)

2018-05-15 18:50:40 - [TEST_STEP][PASSED] - Statement - out.println("BatchQty : " + batchqty): null

2018-05-15 18:50:40 - [TEST_STEP][PASSED] - Statement - out.println("RQty : " + Rqty): null

2018-05-15 18:50:40 - [TEST_STEP][PASSED] - Statement - If (java.lang.Integer.valueOf(batchqty) >= java.lang.Integer.valueOf(Rqty)): null

2018-05-15 18:50:40 - [TEST_STEP][PASSED] - Statement - Else: null

2018-05-15 18:50:40 - [TEST_STEP][PASSED] - Statement - out.println("Batchqty Is Less Than Rqty"): null

2018-05-15 18:50:40 - [TEST_STEP][PASSED] - Statement - product = new com.kms.katalon.core.testobject.TestObject(): null

2018-05-15 18:50:40 - [TEST_STEP][PASSED] - Statement - product = com.kms.katalon.core.webui.keyword.WebUiBuiltInKeywords.modifyObjectProperty(product, "xpath", "equals", "//*[@id = "fldvendor" + row + ""]", true): Modify property of object successfully

2018-05-15 18:50:40 - [MESSAGE][PASSED] - Modify property of object successfully

2018-05-15 18:50:40 - [TEST_STEP][PASSED] - selectOptionByIndex: All options with index in [3] are selected on object ''

2018-05-15 18:50:40 - [MESSAGE][PASSED] - All options with index in [3] are selected on object ''

2018-05-15 18:50:40 - [TEST_STEP][PASSED] - Statement - batch = new com.kms.katalon.core.testobject.TestObject(): null

2018-05-15 18:50:40 - [TEST_STEP][PASSED] - Statement - batch = com.kms.katalon.core.webui.keyword.WebUiBuiltInKeywords.modifyObjectProperty(batch, "xpath", "equals", "//*[@id = "txtbthqty" + row + ""]", true): Modify property of object successfully

2018-05-15 18:50:40 - [MESSAGE][PASSED] - Modify property of object successfully

2018-05-15 18:50:40 - [TEST_STEP][PASSED] - Statement - batchqty = com.kms.katalon.core.webui.keyword.WebUiBuiltInKeywords.getAttribute(batch, "value").trim(): Attribute 'value' of object '' is: '50000'

2018-05-15 18:50:40 - [MESSAGE][PASSED] - Attribute 'value' of object '' is: '50000'

2018-05-15 18:50:40 - [TEST_STEP][PASSED] - Statement - Rqty = 10000: null

2018-05-15 18:50:40 - [TEST_STEP][PASSED] - delay: Delayed 2 second(s)

2018-05-15 18:50:42 - [MESSAGE][PASSED] - Delayed 2 second(s)

2018-05-15 18:50:42 - [TEST_STEP][PASSED] - Statement - out.println("BatchQty : " + batchqty): null

2018-05-15 18:50:42 - [TEST_STEP][PASSED] - Statement - out.println("RQty : " + Rqty): null

2018-05-15 18:50:42 - [TEST_STEP][PASSED] - Statement - If (java.lang.Integer.valueOf(batchqty) >= java.lang.Integer.valueOf(Rqty)): null

2018-05-15 18:50:42 - [TEST_STEP][PASSED] - Statement - Break: null

2018-05-15 18:50:42 - [TEST_STEP][PASSED] - Statement - batchlength = new com.kms.katalon.core.testobject.TestObject(): null

2018-05-15 18:50:42 - [TEST_STEP][PASSED] - Statement - batchlength = com.kms.katalon.core.webui.keyword.WebUiBuiltInKeywords.modifyObjectProperty(batchlength, "xpath", "equals", "//*[@id = "fldvendor" + row + ""]", true): Modify property of object successfully

2018-05-15 18:50:42 - [MESSAGE][PASSED] - Modify property of object successfully

2018-05-15 18:50:42 - [TEST_STEP][PASSED] - Statement - batchsize = com.kms.katalon.core.webui.keyword.WebUiBuiltInKeywords.getNumberOfTotalOption(batchlength): 9 options of object '' counted

2018-05-15 18:50:42 - [MESSAGE][PASSED] - 9 options of object '' counted

2018-05-15 18:50:42 - [TEST_STEP][PASSED] - Statement - out.println("BatchSize : " + batchsize): null

2018-05-15 18:50:42 - [TEST_STEP][PASSED] - Statement - For ([n = 1, n <= batchsize - 1, (n++)]): null

2018-05-15 18:50:42 - [TEST_STEP][PASSED] - Statement - product = new com.kms.katalon.core.testobject.TestObject(): null

2018-05-15 18:50:42 - [TEST_STEP][PASSED] - Statement - product = com.kms.katalon.core.webui.keyword.WebUiBuiltInKeywords.modifyObjectProperty(product, "xpath", "equals", "//*[@id = "fldvendor" + row + ""]", true): Modify property of object successfully

2018-05-15 18:50:42 - [MESSAGE][PASSED] - Modify property of object successfully

2018-05-15 18:50:42 - [TEST_STEP][PASSED] - selectOptionByIndex: All options with index in [1] are selected on object ''

2018-05-15 18:50:42 - [MESSAGE][PASSED] - All options with index in [1] are selected on object ''

2018-05-15 18:50:42 - [TEST_STEP][PASSED] - Statement - batch = new com.kms.katalon.core.testobject.TestObject(): null

2018-05-15 18:50:42 - [TEST_STEP][PASSED] - Statement - batch = com.kms.katalon.core.webui.keyword.WebUiBuiltInKeywords.modifyObjectProperty(batch, "xpath", "equals", "//*[@id = "txtbthqty" + row + ""]", true): Modify property of object successfully

2018-05-15 18:50:42 - [MESSAGE][PASSED] - Modify property of object successfully

2018-05-15 18:50:42 - [TEST_STEP][PASSED] - Statement - batchqty = com.kms.katalon.core.webui.keyword.WebUiBuiltInKeywords.getAttribute(batch, "value").trim(): Attribute 'value' of object '' is: '5000'

2018-05-15 18:50:42 - [MESSAGE][PASSED] - Attribute 'value' of object '' is: '5000'

2018-05-15 18:50:42 - [TEST_STEP][PASSED] - Statement - Rqty = 10000: null

2018-05-15 18:50:42 - [TEST_STEP][PASSED] - delay: Delayed 2 second(s)

2018-05-15 18:50:44 - [MESSAGE][PASSED] - Delayed 2 second(s)

2018-05-15 18:50:44 - [TEST_STEP][PASSED] - Statement - out.println("BatchQty : " + batchqty): null

2018-05-15 18:50:44 - [TEST_STEP][PASSED] - Statement - out.println("RQty : " + Rqty): null

2018-05-15 18:50:44 - [TEST_STEP][PASSED] - Statement - If (java.lang.Integer.valueOf(batchqty) >= java.lang.Integer.valueOf(Rqty)): null

2018-05-15 18:50:44 - [TEST_STEP][PASSED] - Statement - Else: null

2018-05-15 18:50:44 - [TEST_STEP][PASSED] - Statement - out.println("Batchqty Is Less Than Rqty"): null

2018-05-15 18:50:44 - [TEST_STEP][PASSED] - Statement - product = new com.kms.katalon.core.testobject.TestObject(): null

2018-05-15 18:50:44 - [TEST_STEP][PASSED] - Statement - product = com.kms.katalon.core.webui.keyword.WebUiBuiltInKeywords.modifyObjectProperty(product, "xpath", "equals", "//*[@id = "fldvendor" + row + ""]", true): Modify property of object successfully

2018-05-15 18:50:44 - [MESSAGE][PASSED] - Modify property of object successfully

2018-05-15 18:50:44 - [TEST_STEP][PASSED] - selectOptionByIndex: All options with index in [2] are selected on object ''

2018-05-15 18:50:44 - [MESSAGE][PASSED] - All options with index in [2] are selected on object ''

2018-05-15 18:50:44 - [TEST_STEP][PASSED] - Statement - batch = new com.kms.katalon.core.testobject.TestObject(): null

2018-05-15 18:50:44 - [TEST_STEP][PASSED] - Statement - batch = com.kms.katalon.core.webui.keyword.WebUiBuiltInKeywords.modifyObjectProperty(batch, "xpath", "equals", "//*[@id = "txtbthqty" + row + ""]", true): Modify property of object successfully

2018-05-15 18:50:44 - [MESSAGE][PASSED] - Modify property of object successfully

2018-05-15 18:50:44 - [TEST_STEP][PASSED] - Statement - batchqty = com.kms.katalon.core.webui.keyword.WebUiBuiltInKeywords.getAttribute(batch, "value").trim(): Attribute 'value' of object '' is: '29000'

2018-05-15 18:50:44 - [MESSAGE][PASSED] - Attribute 'value' of object '' is: '29000'

2018-05-15 18:50:44 - [TEST_STEP][PASSED] - Statement - Rqty = 10000: null

2018-05-15 18:50:44 - [TEST_STEP][PASSED] - delay: Delayed 2 second(s)

2018-05-15 18:50:46 - [MESSAGE][PASSED] - Delayed 2 second(s)

2018-05-15 18:50:46 - [TEST_STEP][PASSED] - Statement - out.println("BatchQty : " + batchqty): null

2018-05-15 18:50:46 - [TEST_STEP][PASSED] - Statement - out.println("RQty : " + Rqty): null

2018-05-15 18:50:46 - [TEST_STEP][PASSED] - Statement - If (java.lang.Integer.valueOf(batchqty) >= java.lang.Integer.valueOf(Rqty)): null

2018-05-15 18:50:46 - [TEST_STEP][PASSED] - Statement - Break: null

2018-05-15 18:50:46 - [TEST_STEP][PASSED] - Statement - batchlength = new com.kms.katalon.core.testobject.TestObject(): null

2018-05-15 18:50:46 - [TEST_STEP][PASSED] - Statement - batchlength = com.kms.katalon.core.webui.keyword.WebUiBuiltInKeywords.modifyObjectProperty(batchlength, "xpath", "equals", "//*[@id = "fldvendor" + row + ""]", true): Modify property of object successfully

2018-05-15 18:50:46 - [MESSAGE][PASSED] - Modify property of object successfully

2018-05-15 18:50:46 - [TEST_STEP][PASSED] - Statement - batchsize = com.kms.katalon.core.webui.keyword.WebUiBuiltInKeywords.getNumberOfTotalOption(batchlength): 9 options of object '' counted

2018-05-15 18:50:46 - [MESSAGE][PASSED] - 9 options of object '' counted

2018-05-15 18:50:46 - [TEST_STEP][PASSED] - Statement - out.println("BatchSize : " + batchsize): null

2018-05-15 18:50:46 - [TEST_STEP][PASSED] - Statement - For ([n = 1, n <= batchsize - 1, (n++)]): null

2018-05-15 18:50:46 - [TEST_STEP][PASSED] - Statement - product = new com.kms.katalon.core.testobject.TestObject(): null

2018-05-15 18:50:46 - [TEST_STEP][PASSED] - Statement - product = com.kms.katalon.core.webui.keyword.WebUiBuiltInKeywords.modifyObjectProperty(product, "xpath", "equals", "//*[@id = "fldvendor" + row + ""]", true): Modify property of object successfully

2018-05-15 18:50:46 - [MESSAGE][PASSED] - Modify property of object successfully

2018-05-15 18:50:46 - [TEST_STEP][PASSED] - selectOptionByIndex: All options with index in [1] are selected on object ''

2018-05-15 18:50:46 - [MESSAGE][PASSED] - All options with index in [1] are selected on object ''

2018-05-15 18:50:46 - [TEST_STEP][PASSED] - Statement - batch = new com.kms.katalon.core.testobject.TestObject(): null

2018-05-15 18:50:46 - [TEST_STEP][PASSED] - Statement - batch = com.kms.katalon.core.webui.keyword.WebUiBuiltInKeywords.modifyObjectProperty(batch, "xpath", "equals", "//*[@id = "txtbthqty" + row + ""]", true): Modify property of object successfully

2018-05-15 18:50:46 - [MESSAGE][PASSED] - Modify property of object successfully

2018-05-15 18:50:46 - [TEST_STEP][PASSED] - Statement - batchqty = com.kms.katalon.core.webui.keyword.WebUiBuiltInKeywords.getAttribute(batch, "value").trim(): Attribute 'value' of object '' is: '29000'

2018-05-15 18:50:46 - [MESSAGE][PASSED] - Attribute 'value' of object '' is: '29000'

2018-05-15 18:50:46 - [TEST_STEP][PASSED] - Statement - Rqty = 10000: null

2018-05-15 18:50:46 - [TEST_STEP][PASSED] - delay: Delayed 2 second(s)

2018-05-15 18:50:48 - [MESSAGE][PASSED] - Delayed 2 second(s)

2018-05-15 18:50:48 - [TEST_STEP][PASSED] - Statement - out.println("BatchQty : " + batchqty): null

2018-05-15 18:50:48 - [TEST_STEP][PASSED] - Statement - out.println("RQty : " + Rqty): null

2018-05-15 18:50:48 - [TEST_STEP][PASSED] - Statement - If (java.lang.Integer.valueOf(batchqty) >= java.lang.Integer.valueOf(Rqty)): null

2018-05-15 18:50:48 - [TEST_STEP][PASSED] - Statement - Break: null

2018-05-15 18:50:48 - [TEST_STEP][PASSED] - click: Object: 'Object Repository/store Request Schedule 1/Page_KDMC - CMS/input_btndispatch' is clicked on

2018-05-15 18:50:49 - [MESSAGE][PASSED] - Object: 'Object Repository/store Request Schedule 1/Page_KDMC - CMS/input_btndispatch' is clicked on

2018-05-15 18:50:49 - [TEST_STEP][PASSED] - delay: Delayed 3 second(s)

2018-05-15 18:50:52 - [MESSAGE][PASSED] - Delayed 3 second(s)

2018-05-15 18:50:52 - [TEST_STEP][PASSED] - click: Object: 'Object Repository/store Request Schedule 1/Page_KDMC - CMS/button_OK' is clicked on

2018-05-15 18:50:52 - [MESSAGE][PASSED] - Object: 'Object Repository/store Request Schedule 1/Page_KDMC - CMS/button_OK' is clicked on

2018-05-15 18:50:52 - [TEST_STEP][PASSED] - click: Object: 'Object Repository/store Request Schedule 1/Page_KDMC - CMS/a_dropdown-toggle' is clicked on

2018-05-15 18:50:53 - [MESSAGE][PASSED] - Object: 'Object Repository/store Request Schedule 1/Page_KDMC - CMS/a_dropdown-toggle' is clicked on

2018-05-15 18:50:53 - [TEST_STEP][PASSED] - click: Object: 'Object Repository/store Request Schedule 1/Page_KDMC - CMS/a_Sign out' is clicked on

2018-05-15 18:50:53 - [MESSAGE][PASSED] - Object: 'Object Repository/store Request Schedule 1/Page_KDMC - CMS/a_Sign out' is clicked on

2018-05-15 18:50:53 - [TEST_STEP][PASSED] - delay: Delayed 3 second(s)

2018-05-15 18:50:56 - [MESSAGE][PASSED] - Delayed 3 second(s)

2018-05-15 18:50:56 - [TEST_STEP][PASSED] - click: Object: 'Object Repository/Store Request Schedule 1/Page_KDMC/a_Divisional Store' is clicked on

2018-05-15 18:50:57 - [MESSAGE][PASSED] - Object: 'Object Repository/Store Request Schedule 1/Page_KDMC/a_Divisional Store' is clicked on

2018-05-15 18:50:57 - [TEST_STEP][PASSED] - setText: Text 'ragu' is set on object 'Object Repository/Store Request Schedule 1/Page_Divisonal Store Login/input_txtusername'

2018-05-15 18:50:57 - [MESSAGE][PASSED] - Text 'ragu' is set on object 'Object Repository/Store Request Schedule 1/Page_Divisonal Store Login/input_txtusername'

2018-05-15 18:50:57 - [TEST_STEP][PASSED] - setText: Text '123' is set on object 'Object Repository/Store Request Schedule 1/Page_Divisonal Store Login/input_txtpassword'

2018-05-15 18:50:57 - [MESSAGE][PASSED] - Text '123' is set on object 'Object Repository/Store Request Schedule 1/Page_Divisonal Store Login/input_txtpassword'

2018-05-15 18:50:57 - [TEST_STEP][PASSED] - delay: Delayed 3 second(s)

2018-05-15 18:51:00 - [MESSAGE][PASSED] - Delayed 3 second(s)

2018-05-15 18:51:00 - [TEST_STEP][PASSED] - click: Object: 'Object Repository/Store Request Schedule 1/Page_Divisonal Store Login/button_Sign in' is clicked on

2018-05-15 18:51:01 - [MESSAGE][PASSED] - Object: 'Object Repository/Store Request Schedule 1/Page_Divisonal Store Login/button_Sign in' is clicked on

2018-05-15 18:51:01 - [TEST_STEP][PASSED] - delay: Delayed 3 second(s)

2018-05-15 18:51:04 - [MESSAGE][PASSED] - Delayed 3 second(s)

2018-05-15 18:51:04 - [TEST_STEP][PASSED] - click: Object: 'Object Repository/Store Request Schedule 1/Page_Store/a_CMS' is clicked on

2018-05-15 18:51:04 - [MESSAGE][PASSED] - Object: 'Object Repository/Store Request Schedule 1/Page_Store/a_CMS' is clicked on

2018-05-15 18:51:04 - [TEST_STEP][PASSED] - delay: Delayed 2 second(s)

2018-05-15 18:51:06 - [MESSAGE][PASSED] - Delayed 2 second(s)

2018-05-15 18:51:06 - [TEST_STEP][PASSED] - click: Object: 'Object Repository/Store Request Schedule 1/Page_Store/a_Receiving Goods' is clicked on

2018-05-15 18:51:07 - [MESSAGE][PASSED] - Object: 'Object Repository/Store Request Schedule 1/Page_Store/a_Receiving Goods' is clicked on

2018-05-15 18:51:07 - [TEST_STEP][PASSED] - setText: Text 'PRNO/15052018/154' is set on object 'Object Repository/Store Request Schedule 1/Page_Store/input'

2018-05-15 18:51:07 - [MESSAGE][PASSED] - Text 'PRNO/15052018/154' is set on object 'Object Repository/Store Request Schedule 1/Page_Store/input'

2018-05-15 18:51:07 - [TEST_STEP][PASSED] - click: Object: 'Object Repository/Store Request Schedule 1/Page_Store/input_btn btn-primary' is clicked on

2018-05-15 18:51:07 - [MESSAGE][PASSED] - Object: 'Object Repository/Store Request Schedule 1/Page_Store/input_btn btn-primary' is clicked on

2018-05-15 18:51:07 - [TEST_STEP][PASSED] - delay: Delayed 2 second(s)

2018-05-15 18:51:09 - [MESSAGE][PASSED] - Delayed 2 second(s)

2018-05-15 18:51:09 - [TEST_STEP][PASSED] - click: Object: 'Object Repository/Store Request Schedule 1/Page_Store/input_chkrem' is clicked on

2018-05-15 18:51:09 - [MESSAGE][PASSED] - Object: 'Object Repository/Store Request Schedule 1/Page_Store/input_chkrem' is clicked on

2018-05-15 18:51:09 - [TEST_STEP][PASSED] - scrollToElement: Scroll to object 'Object Repository/Store Request Schedule 1/Page_Store/input_btchkroqadd' successfully

2018-05-15 18:51:09 - [MESSAGE][PASSED] - Scroll to object 'Object Repository/Store Request Schedule 1/Page_Store/input_btchkroqadd' successfully

2018-05-15 18:51:09 - [TEST_STEP][PASSED] - click: Object: 'Object Repository/Store Request Schedule 1/Page_Store/input_btchkroqadd' is clicked on

2018-05-15 18:51:10 - [MESSAGE][PASSED] - Object: 'Object Repository/Store Request Schedule 1/Page_Store/input_btchkroqadd' is clicked on

2018-05-15 18:51:10 - [TEST_STEP][PASSED] - delay: Delayed 2 second(s)

2018-05-15 18:51:12 - [MESSAGE][PASSED] - Delayed 2 second(s)

2018-05-15 18:51:12 - [TEST_STEP][PASSED] - refresh: Refresh successfully

2018-05-15 18:51:12 - [MESSAGE][PASSED] - Refresh successfully

2018-05-15 18:51:12 - [TEST_STEP][PASSED] - delay: Delayed 3 second(s)

2018-05-15 18:51:15 - [MESSAGE][PASSED] - Delayed 3 second(s)

2018-05-15 18:51:15 - [TEST_STEP][PASSED] - click: Object: 'Object Repository/Store Request Schedule 1/Page_Store/a_dropdown-toggle' is clicked on

2018-05-15 18:51:15 - [MESSAGE][PASSED] - Object: 'Object Repository/Store Request Schedule 1/Page_Store/a_dropdown-toggle' is clicked on

2018-05-15 18:51:15 - [TEST_STEP][PASSED] - click: Object: 'Object Repository/Store Request Schedule 1/Page_Store/a_Sign out' is clicked on

2018-05-15 18:51:16 - [MESSAGE][PASSED] - Object: 'Object Repository/Store Request Schedule 1/Page_Store/a_Sign out' is clicked on

2018-05-15 18:51:16 - [TEST_STEP][PASSED] - closeBrowser: Browser is closed

2018-05-15 18:51:17 - [MESSAGE][PASSED] - Browser is closed

2018-05-15 18:51:17 - [TEST_STEP][PASSED] - Statement - out.println("Schedule 8 STORE Request Are Working Successfully"): null]]></system-out>
         <system-err><![CDATA[]]></system-err>
      </testcase>
      <testcase name="Test Cases/STORE TO CMS REQUEST TEST CASES/TC_STCMS_009 To Verify Schedule 9 Store To CMS Request Are Working Successfully Or Not" classname="Test Cases/STORE TO CMS REQUEST TEST CASES/TC_STCMS_009 To Verify Schedule 9 Store To CMS Request Are Working Successfully Or Not" status="ERROR">
         <error type="ERROR" message="Test Cases/STORE TO CMS REQUEST TEST CASES/TC_STCMS_009 To Verify Schedule 9 Store To CMS Request Are Working Successfully Or Not FAILED because (of) java.lang.ArrayIndexOutOfBoundsException: 2"/>
         <system-out><![CDATA[2018-05-15 18:51:17 - [TEST_CASE][ERROR] - Test Cases/STORE TO CMS REQUEST TEST CASES/TC_STCMS_009 To Verify Schedule 9 Store To CMS Request Are Working Successfully Or Not: Test Cases/STORE TO CMS REQUEST TEST CASES/TC_STCMS_009 To Verify Schedule 9 Store To CMS Request Are Working Successfully Or Not FAILED because (of) java.lang.ArrayIndexOutOfBoundsException: 2

2018-05-15 18:51:17 - [TEST_STEP][PASSED] - openBrowser: Browser is opened with url: ''

2018-05-15 18:51:19 - [MESSAGE][PASSED] - Browser is opened with url: ''

2018-05-15 18:51:19 - [TEST_STEP][PASSED] - Statement - out.println("Verify Schedule 9 STORE Request Are Working Successfully Or Not"): null

2018-05-15 18:51:19 - [TEST_STEP][PASSED] - navigateToUrl: Navigate to 'http://192.168.137.1/multihospital_new/' successfully

2018-05-15 18:51:23 - [MESSAGE][PASSED] - Navigate to 'http://192.168.137.1/multihospital_new/' successfully

2018-05-15 18:51:23 - [TEST_STEP][PASSED] - maximizeWindow: Current window maximized

2018-05-15 18:51:24 - [MESSAGE][PASSED] - Current window maximized

2018-05-15 18:51:24 - [TEST_STEP][PASSED] - click: Object: 'Object Repository/Store Request Schedule 1/Page_KDMC/a_Divisional Store' is clicked on

2018-05-15 18:51:25 - [MESSAGE][PASSED] - Object: 'Object Repository/Store Request Schedule 1/Page_KDMC/a_Divisional Store' is clicked on

2018-05-15 18:51:25 - [TEST_STEP][PASSED] - setText: Text 'ragu' is set on object 'Object Repository/Store Request Schedule 1/Page_Divisonal Store Login/input_txtusername'

2018-05-15 18:51:25 - [MESSAGE][PASSED] - Text 'ragu' is set on object 'Object Repository/Store Request Schedule 1/Page_Divisonal Store Login/input_txtusername'

2018-05-15 18:51:25 - [TEST_STEP][PASSED] - setText: Text '123' is set on object 'Object Repository/Store Request Schedule 1/Page_Divisonal Store Login/input_txtpassword'

2018-05-15 18:51:25 - [MESSAGE][PASSED] - Text '123' is set on object 'Object Repository/Store Request Schedule 1/Page_Divisonal Store Login/input_txtpassword'

2018-05-15 18:51:25 - [TEST_STEP][PASSED] - delay: Delayed 3 second(s)

2018-05-15 18:51:28 - [MESSAGE][PASSED] - Delayed 3 second(s)

2018-05-15 18:51:28 - [TEST_STEP][PASSED] - click: Object: 'Object Repository/Store Request Schedule 1/Page_Divisonal Store Login/button_Sign in' is clicked on

2018-05-15 18:51:29 - [MESSAGE][PASSED] - Object: 'Object Repository/Store Request Schedule 1/Page_Divisonal Store Login/button_Sign in' is clicked on

2018-05-15 18:51:29 - [TEST_STEP][PASSED] - delay: Delayed 3 second(s)

2018-05-15 18:51:32 - [MESSAGE][PASSED] - Delayed 3 second(s)

2018-05-15 18:51:32 - [TEST_STEP][PASSED] - click: Object: 'Object Repository/Store Request Schedule 1/Page_Store/a_CMS' is clicked on

2018-05-15 18:51:33 - [MESSAGE][PASSED] - Object: 'Object Repository/Store Request Schedule 1/Page_Store/a_CMS' is clicked on

2018-05-15 18:51:33 - [TEST_STEP][PASSED] - delay: Delayed 2 second(s)

2018-05-15 18:51:35 - [MESSAGE][PASSED] - Delayed 2 second(s)

2018-05-15 18:51:35 - [TEST_STEP][PASSED] - click: Object: 'Object Repository/Store Request Schedule 1/Page_Store/a_Request Send' is clicked on

2018-05-15 18:51:35 - [MESSAGE][PASSED] - Object: 'Object Repository/Store Request Schedule 1/Page_Store/a_Request Send' is clicked on

2018-05-15 18:51:35 - [TEST_STEP][PASSED] - selectOptionByIndex: All options with index in [1] are selected on object 'Object Repository/Store Request Schedule 1/Page_Store/select_--Select--'

2018-05-15 18:51:36 - [MESSAGE][PASSED] - All options with index in [1] are selected on object 'Object Repository/Store Request Schedule 1/Page_Store/select_--Select--'

2018-05-15 18:51:36 - [TEST_STEP][PASSED] - selectOptionByIndex: All options with index in [9] are selected on object 'Object Repository/Store Request Schedule 1/Page_Store/select_--Select--Schedule 1Inj'

2018-05-15 18:51:36 - [MESSAGE][PASSED] - All options with index in [9] are selected on object 'Object Repository/Store Request Schedule 1/Page_Store/select_--Select--Schedule 1Inj'

2018-05-15 18:51:36 - [TEST_STEP][PASSED] - Statement - SelectedOptions = com.kms.katalon.core.webui.keyword.WebUiBuiltInKeywords.getNumberOfTotalOption(com.kms.katalon.core.testobject.ObjectRepository.findTestObject(Store Request Schedule 1/Page_Store/select_--Select--Adernaline 0.)): 36 options of object 'Object Repository/Store Request Schedule 1/Page_Store/select_--Select--Adernaline 0.' counted

2018-05-15 18:51:36 - [MESSAGE][PASSED] - 36 options of object 'Object Repository/Store Request Schedule 1/Page_Store/select_--Select--Adernaline 0.' counted

2018-05-15 18:51:36 - [TEST_STEP][PASSED] - Statement - For ([y = 1, y < SelectedOptions, (y++)]): Object: 'Object Repository/Store Request Schedule 1/Page_Store/button_Add' is clicked on

2018-05-15 18:51:36 - [TEST_STEP][PASSED] - selectOptionByIndex: All options with index in [9] are selected on object 'Object Repository/Store Request Schedule 1/Page_Store/select_--Select--Schedule 1Inj'

2018-05-15 18:51:36 - [MESSAGE][PASSED] - All options with index in [9] are selected on object 'Object Repository/Store Request Schedule 1/Page_Store/select_--Select--Schedule 1Inj'

2018-05-15 18:51:36 - [TEST_STEP][PASSED] - delay: Delayed 1 second(s)

2018-05-15 18:51:37 - [MESSAGE][PASSED] - Delayed 1 second(s)

2018-05-15 18:51:37 - [TEST_STEP][PASSED] - selectOptionByIndex: All options with index in [1] are selected on object 'Object Repository/Store Request Schedule 1/Page_Store/select_--Select--Adernaline 0.'

2018-05-15 18:51:37 - [MESSAGE][PASSED] - All options with index in [1] are selected on object 'Object Repository/Store Request Schedule 1/Page_Store/select_--Select--Adernaline 0.'

2018-05-15 18:51:37 - [TEST_STEP][PASSED] - setText: Text '100' is set on object 'Object Repository/Store Request Schedule 1/Page_Store/input_txttreat'

2018-05-15 18:51:37 - [MESSAGE][PASSED] - Text '100' is set on object 'Object Repository/Store Request Schedule 1/Page_Store/input_txttreat'

2018-05-15 18:51:37 - [TEST_STEP][PASSED] - click: Object: 'Object Repository/Store Request Schedule 1/Page_Store/button_Add' is clicked on

2018-05-15 18:51:37 - [MESSAGE][PASSED] - Object: 'Object Repository/Store Request Schedule 1/Page_Store/button_Add' is clicked on

2018-05-15 18:51:37 - [TEST_STEP][PASSED] - selectOptionByIndex: All options with index in [9] are selected on object 'Object Repository/Store Request Schedule 1/Page_Store/select_--Select--Schedule 1Inj'

2018-05-15 18:51:38 - [MESSAGE][PASSED] - All options with index in [9] are selected on object 'Object Repository/Store Request Schedule 1/Page_Store/select_--Select--Schedule 1Inj'

2018-05-15 18:51:38 - [TEST_STEP][PASSED] - delay: Delayed 1 second(s)

2018-05-15 18:51:39 - [MESSAGE][PASSED] - Delayed 1 second(s)

2018-05-15 18:51:39 - [TEST_STEP][PASSED] - selectOptionByIndex: All options with index in [2] are selected on object 'Object Repository/Store Request Schedule 1/Page_Store/select_--Select--Adernaline 0.'

2018-05-15 18:51:39 - [MESSAGE][PASSED] - All options with index in [2] are selected on object 'Object Repository/Store Request Schedule 1/Page_Store/select_--Select--Adernaline 0.'

2018-05-15 18:51:39 - [TEST_STEP][PASSED] - setText: Text '100' is set on object 'Object Repository/Store Request Schedule 1/Page_Store/input_txttreat'

2018-05-15 18:51:39 - [MESSAGE][PASSED] - Text '100' is set on object 'Object Repository/Store Request Schedule 1/Page_Store/input_txttreat'

2018-05-15 18:51:39 - [TEST_STEP][PASSED] - click: Object: 'Object Repository/Store Request Schedule 1/Page_Store/button_Add' is clicked on

2018-05-15 18:51:39 - [MESSAGE][PASSED] - Object: 'Object Repository/Store Request Schedule 1/Page_Store/button_Add' is clicked on

2018-05-15 18:51:39 - [TEST_STEP][PASSED] - selectOptionByIndex: All options with index in [9] are selected on object 'Object Repository/Store Request Schedule 1/Page_Store/select_--Select--Schedule 1Inj'

2018-05-15 18:51:39 - [MESSAGE][PASSED] - All options with index in [9] are selected on object 'Object Repository/Store Request Schedule 1/Page_Store/select_--Select--Schedule 1Inj'

2018-05-15 18:51:39 - [TEST_STEP][PASSED] - delay: Delayed 1 second(s)

2018-05-15 18:51:40 - [MESSAGE][PASSED] - Delayed 1 second(s)

2018-05-15 18:51:40 - [TEST_STEP][PASSED] - selectOptionByIndex: All options with index in [3] are selected on object 'Object Repository/Store Request Schedule 1/Page_Store/select_--Select--Adernaline 0.'

2018-05-15 18:51:40 - [MESSAGE][PASSED] - All options with index in [3] are selected on object 'Object Repository/Store Request Schedule 1/Page_Store/select_--Select--Adernaline 0.'

2018-05-15 18:51:40 - [TEST_STEP][PASSED] - setText: Text '100' is set on object 'Object Repository/Store Request Schedule 1/Page_Store/input_txttreat'

2018-05-15 18:51:40 - [MESSAGE][PASSED] - Text '100' is set on object 'Object Repository/Store Request Schedule 1/Page_Store/input_txttreat'

2018-05-15 18:51:40 - [TEST_STEP][PASSED] - click: Object: 'Object Repository/Store Request Schedule 1/Page_Store/button_Add' is clicked on

2018-05-15 18:51:40 - [MESSAGE][PASSED] - Object: 'Object Repository/Store Request Schedule 1/Page_Store/button_Add' is clicked on

2018-05-15 18:51:40 - [TEST_STEP][PASSED] - selectOptionByIndex: All options with index in [9] are selected on object 'Object Repository/Store Request Schedule 1/Page_Store/select_--Select--Schedule 1Inj'

2018-05-15 18:51:40 - [MESSAGE][PASSED] - All options with index in [9] are selected on object 'Object Repository/Store Request Schedule 1/Page_Store/select_--Select--Schedule 1Inj'

2018-05-15 18:51:40 - [TEST_STEP][PASSED] - delay: Delayed 1 second(s)

2018-05-15 18:51:41 - [MESSAGE][PASSED] - Delayed 1 second(s)

2018-05-15 18:51:41 - [TEST_STEP][PASSED] - selectOptionByIndex: All options with index in [4] are selected on object 'Object Repository/Store Request Schedule 1/Page_Store/select_--Select--Adernaline 0.'

2018-05-15 18:51:42 - [MESSAGE][PASSED] - All options with index in [4] are selected on object 'Object Repository/Store Request Schedule 1/Page_Store/select_--Select--Adernaline 0.'

2018-05-15 18:51:42 - [TEST_STEP][PASSED] - setText: Text '100' is set on object 'Object Repository/Store Request Schedule 1/Page_Store/input_txttreat'

2018-05-15 18:51:42 - [MESSAGE][PASSED] - Text '100' is set on object 'Object Repository/Store Request Schedule 1/Page_Store/input_txttreat'

2018-05-15 18:51:42 - [TEST_STEP][PASSED] - click: Object: 'Object Repository/Store Request Schedule 1/Page_Store/button_Add' is clicked on

2018-05-15 18:51:42 - [MESSAGE][PASSED] - Object: 'Object Repository/Store Request Schedule 1/Page_Store/button_Add' is clicked on

2018-05-15 18:51:42 - [TEST_STEP][PASSED] - selectOptionByIndex: All options with index in [9] are selected on object 'Object Repository/Store Request Schedule 1/Page_Store/select_--Select--Schedule 1Inj'

2018-05-15 18:51:42 - [MESSAGE][PASSED] - All options with index in [9] are selected on object 'Object Repository/Store Request Schedule 1/Page_Store/select_--Select--Schedule 1Inj'

2018-05-15 18:51:42 - [TEST_STEP][PASSED] - delay: Delayed 1 second(s)

2018-05-15 18:51:43 - [MESSAGE][PASSED] - Delayed 1 second(s)

2018-05-15 18:51:43 - [TEST_STEP][PASSED] - selectOptionByIndex: All options with index in [5] are selected on object 'Object Repository/Store Request Schedule 1/Page_Store/select_--Select--Adernaline 0.'

2018-05-15 18:51:43 - [MESSAGE][PASSED] - All options with index in [5] are selected on object 'Object Repository/Store Request Schedule 1/Page_Store/select_--Select--Adernaline 0.'

2018-05-15 18:51:43 - [TEST_STEP][PASSED] - setText: Text '100' is set on object 'Object Repository/Store Request Schedule 1/Page_Store/input_txttreat'

2018-05-15 18:51:43 - [MESSAGE][PASSED] - Text '100' is set on object 'Object Repository/Store Request Schedule 1/Page_Store/input_txttreat'

2018-05-15 18:51:43 - [TEST_STEP][PASSED] - click: Object: 'Object Repository/Store Request Schedule 1/Page_Store/button_Add' is clicked on

2018-05-15 18:51:43 - [MESSAGE][PASSED] - Object: 'Object Repository/Store Request Schedule 1/Page_Store/button_Add' is clicked on

2018-05-15 18:51:43 - [TEST_STEP][PASSED] - selectOptionByIndex: All options with index in [9] are selected on object 'Object Repository/Store Request Schedule 1/Page_Store/select_--Select--Schedule 1Inj'

2018-05-15 18:51:44 - [MESSAGE][PASSED] - All options with index in [9] are selected on object 'Object Repository/Store Request Schedule 1/Page_Store/select_--Select--Schedule 1Inj'

2018-05-15 18:51:44 - [TEST_STEP][PASSED] - delay: Delayed 1 second(s)

2018-05-15 18:51:45 - [MESSAGE][PASSED] - Delayed 1 second(s)

2018-05-15 18:51:45 - [TEST_STEP][PASSED] - selectOptionByIndex: All options with index in [6] are selected on object 'Object Repository/Store Request Schedule 1/Page_Store/select_--Select--Adernaline 0.'

2018-05-15 18:51:45 - [MESSAGE][PASSED] - All options with index in [6] are selected on object 'Object Repository/Store Request Schedule 1/Page_Store/select_--Select--Adernaline 0.'

2018-05-15 18:51:45 - [TEST_STEP][PASSED] - setText: Text '100' is set on object 'Object Repository/Store Request Schedule 1/Page_Store/input_txttreat'

2018-05-15 18:51:45 - [MESSAGE][PASSED] - Text '100' is set on object 'Object Repository/Store Request Schedule 1/Page_Store/input_txttreat'

2018-05-15 18:51:45 - [TEST_STEP][PASSED] - click: Object: 'Object Repository/Store Request Schedule 1/Page_Store/button_Add' is clicked on

2018-05-15 18:51:50 - [MESSAGE][PASSED] - Object: 'Object Repository/Store Request Schedule 1/Page_Store/button_Add' is clicked on

2018-05-15 18:51:50 - [TEST_STEP][PASSED] - selectOptionByIndex: All options with index in [9] are selected on object 'Object Repository/Store Request Schedule 1/Page_Store/select_--Select--Schedule 1Inj'

2018-05-15 18:51:50 - [MESSAGE][PASSED] - All options with index in [9] are selected on object 'Object Repository/Store Request Schedule 1/Page_Store/select_--Select--Schedule 1Inj'

2018-05-15 18:51:50 - [TEST_STEP][PASSED] - delay: Delayed 1 second(s)

2018-05-15 18:51:51 - [MESSAGE][PASSED] - Delayed 1 second(s)

2018-05-15 18:51:51 - [TEST_STEP][PASSED] - selectOptionByIndex: All options with index in [7] are selected on object 'Object Repository/Store Request Schedule 1/Page_Store/select_--Select--Adernaline 0.'

2018-05-15 18:51:51 - [MESSAGE][PASSED] - All options with index in [7] are selected on object 'Object Repository/Store Request Schedule 1/Page_Store/select_--Select--Adernaline 0.'

2018-05-15 18:51:51 - [TEST_STEP][PASSED] - setText: Text '100' is set on object 'Object Repository/Store Request Schedule 1/Page_Store/input_txttreat'

2018-05-15 18:51:51 - [MESSAGE][PASSED] - Text '100' is set on object 'Object Repository/Store Request Schedule 1/Page_Store/input_txttreat'

2018-05-15 18:51:51 - [TEST_STEP][PASSED] - click: Object: 'Object Repository/Store Request Schedule 1/Page_Store/button_Add' is clicked on

2018-05-15 18:51:56 - [MESSAGE][PASSED] - Object: 'Object Repository/Store Request Schedule 1/Page_Store/button_Add' is clicked on

2018-05-15 18:51:56 - [TEST_STEP][PASSED] - selectOptionByIndex: All options with index in [9] are selected on object 'Object Repository/Store Request Schedule 1/Page_Store/select_--Select--Schedule 1Inj'

2018-05-15 18:51:57 - [MESSAGE][PASSED] - All options with index in [9] are selected on object 'Object Repository/Store Request Schedule 1/Page_Store/select_--Select--Schedule 1Inj'

2018-05-15 18:51:57 - [TEST_STEP][PASSED] - delay: Delayed 1 second(s)

2018-05-15 18:51:58 - [MESSAGE][PASSED] - Delayed 1 second(s)

2018-05-15 18:51:58 - [TEST_STEP][PASSED] - selectOptionByIndex: All options with index in [8] are selected on object 'Object Repository/Store Request Schedule 1/Page_Store/select_--Select--Adernaline 0.'

2018-05-15 18:51:58 - [MESSAGE][PASSED] - All options with index in [8] are selected on object 'Object Repository/Store Request Schedule 1/Page_Store/select_--Select--Adernaline 0.'

2018-05-15 18:51:58 - [TEST_STEP][PASSED] - setText: Text '100' is set on object 'Object Repository/Store Request Schedule 1/Page_Store/input_txttreat'

2018-05-15 18:51:58 - [MESSAGE][PASSED] - Text '100' is set on object 'Object Repository/Store Request Schedule 1/Page_Store/input_txttreat'

2018-05-15 18:51:58 - [TEST_STEP][PASSED] - click: Object: 'Object Repository/Store Request Schedule 1/Page_Store/button_Add' is clicked on

2018-05-15 18:52:03 - [MESSAGE][PASSED] - Object: 'Object Repository/Store Request Schedule 1/Page_Store/button_Add' is clicked on

2018-05-15 18:52:03 - [TEST_STEP][PASSED] - selectOptionByIndex: All options with index in [9] are selected on object 'Object Repository/Store Request Schedule 1/Page_Store/select_--Select--Schedule 1Inj'

2018-05-15 18:52:03 - [MESSAGE][PASSED] - All options with index in [9] are selected on object 'Object Repository/Store Request Schedule 1/Page_Store/select_--Select--Schedule 1Inj'

2018-05-15 18:52:03 - [TEST_STEP][PASSED] - delay: Delayed 1 second(s)

2018-05-15 18:52:04 - [MESSAGE][PASSED] - Delayed 1 second(s)

2018-05-15 18:52:04 - [TEST_STEP][PASSED] - selectOptionByIndex: All options with index in [9] are selected on object 'Object Repository/Store Request Schedule 1/Page_Store/select_--Select--Adernaline 0.'

2018-05-15 18:52:05 - [MESSAGE][PASSED] - All options with index in [9] are selected on object 'Object Repository/Store Request Schedule 1/Page_Store/select_--Select--Adernaline 0.'

2018-05-15 18:52:05 - [TEST_STEP][PASSED] - setText: Text '100' is set on object 'Object Repository/Store Request Schedule 1/Page_Store/input_txttreat'

2018-05-15 18:52:05 - [MESSAGE][PASSED] - Text '100' is set on object 'Object Repository/Store Request Schedule 1/Page_Store/input_txttreat'

2018-05-15 18:52:05 - [TEST_STEP][PASSED] - click: Object: 'Object Repository/Store Request Schedule 1/Page_Store/button_Add' is clicked on

2018-05-15 18:52:10 - [MESSAGE][PASSED] - Object: 'Object Repository/Store Request Schedule 1/Page_Store/button_Add' is clicked on

2018-05-15 18:52:10 - [TEST_STEP][PASSED] - selectOptionByIndex: All options with index in [9] are selected on object 'Object Repository/Store Request Schedule 1/Page_Store/select_--Select--Schedule 1Inj'

2018-05-15 18:52:10 - [MESSAGE][PASSED] - All options with index in [9] are selected on object 'Object Repository/Store Request Schedule 1/Page_Store/select_--Select--Schedule 1Inj'

2018-05-15 18:52:10 - [TEST_STEP][PASSED] - delay: Delayed 1 second(s)

2018-05-15 18:52:11 - [MESSAGE][PASSED] - Delayed 1 second(s)

2018-05-15 18:52:11 - [TEST_STEP][PASSED] - selectOptionByIndex: All options with index in [10] are selected on object 'Object Repository/Store Request Schedule 1/Page_Store/select_--Select--Adernaline 0.'

2018-05-15 18:52:11 - [MESSAGE][PASSED] - All options with index in [10] are selected on object 'Object Repository/Store Request Schedule 1/Page_Store/select_--Select--Adernaline 0.'

2018-05-15 18:52:11 - [TEST_STEP][PASSED] - setText: Text '100' is set on object 'Object Repository/Store Request Schedule 1/Page_Store/input_txttreat'

2018-05-15 18:52:11 - [MESSAGE][PASSED] - Text '100' is set on object 'Object Repository/Store Request Schedule 1/Page_Store/input_txttreat'

2018-05-15 18:52:11 - [TEST_STEP][PASSED] - click: Object: 'Object Repository/Store Request Schedule 1/Page_Store/button_Add' is clicked on

2018-05-15 18:52:16 - [MESSAGE][PASSED] - Object: 'Object Repository/Store Request Schedule 1/Page_Store/button_Add' is clicked on

2018-05-15 18:52:16 - [TEST_STEP][PASSED] - selectOptionByIndex: All options with index in [9] are selected on object 'Object Repository/Store Request Schedule 1/Page_Store/select_--Select--Schedule 1Inj'

2018-05-15 18:52:17 - [MESSAGE][PASSED] - All options with index in [9] are selected on object 'Object Repository/Store Request Schedule 1/Page_Store/select_--Select--Schedule 1Inj'

2018-05-15 18:52:17 - [TEST_STEP][PASSED] - delay: Delayed 1 second(s)

2018-05-15 18:52:18 - [MESSAGE][PASSED] - Delayed 1 second(s)

2018-05-15 18:52:18 - [TEST_STEP][PASSED] - selectOptionByIndex: All options with index in [11] are selected on object 'Object Repository/Store Request Schedule 1/Page_Store/select_--Select--Adernaline 0.'

2018-05-15 18:52:18 - [MESSAGE][PASSED] - All options with index in [11] are selected on object 'Object Repository/Store Request Schedule 1/Page_Store/select_--Select--Adernaline 0.'

2018-05-15 18:52:18 - [TEST_STEP][PASSED] - setText: Text '100' is set on object 'Object Repository/Store Request Schedule 1/Page_Store/input_txttreat'

2018-05-15 18:52:18 - [MESSAGE][PASSED] - Text '100' is set on object 'Object Repository/Store Request Schedule 1/Page_Store/input_txttreat'

2018-05-15 18:52:18 - [TEST_STEP][PASSED] - click: Object: 'Object Repository/Store Request Schedule 1/Page_Store/button_Add' is clicked on

2018-05-15 18:52:23 - [MESSAGE][PASSED] - Object: 'Object Repository/Store Request Schedule 1/Page_Store/button_Add' is clicked on

2018-05-15 18:52:23 - [TEST_STEP][PASSED] - selectOptionByIndex: All options with index in [9] are selected on object 'Object Repository/Store Request Schedule 1/Page_Store/select_--Select--Schedule 1Inj'

2018-05-15 18:52:23 - [MESSAGE][PASSED] - All options with index in [9] are selected on object 'Object Repository/Store Request Schedule 1/Page_Store/select_--Select--Schedule 1Inj'

2018-05-15 18:52:23 - [TEST_STEP][PASSED] - delay: Delayed 1 second(s)

2018-05-15 18:52:24 - [MESSAGE][PASSED] - Delayed 1 second(s)

2018-05-15 18:52:24 - [TEST_STEP][PASSED] - selectOptionByIndex: All options with index in [12] are selected on object 'Object Repository/Store Request Schedule 1/Page_Store/select_--Select--Adernaline 0.'

2018-05-15 18:52:24 - [MESSAGE][PASSED] - All options with index in [12] are selected on object 'Object Repository/Store Request Schedule 1/Page_Store/select_--Select--Adernaline 0.'

2018-05-15 18:52:24 - [TEST_STEP][PASSED] - setText: Text '100' is set on object 'Object Repository/Store Request Schedule 1/Page_Store/input_txttreat'

2018-05-15 18:52:25 - [MESSAGE][PASSED] - Text '100' is set on object 'Object Repository/Store Request Schedule 1/Page_Store/input_txttreat'

2018-05-15 18:52:25 - [TEST_STEP][PASSED] - click: Object: 'Object Repository/Store Request Schedule 1/Page_Store/button_Add' is clicked on

2018-05-15 18:52:30 - [MESSAGE][PASSED] - Object: 'Object Repository/Store Request Schedule 1/Page_Store/button_Add' is clicked on

2018-05-15 18:52:30 - [TEST_STEP][PASSED] - selectOptionByIndex: All options with index in [9] are selected on object 'Object Repository/Store Request Schedule 1/Page_Store/select_--Select--Schedule 1Inj'

2018-05-15 18:52:30 - [MESSAGE][PASSED] - All options with index in [9] are selected on object 'Object Repository/Store Request Schedule 1/Page_Store/select_--Select--Schedule 1Inj'

2018-05-15 18:52:30 - [TEST_STEP][PASSED] - delay: Delayed 1 second(s)

2018-05-15 18:52:31 - [MESSAGE][PASSED] - Delayed 1 second(s)

2018-05-15 18:52:31 - [TEST_STEP][PASSED] - selectOptionByIndex: All options with index in [13] are selected on object 'Object Repository/Store Request Schedule 1/Page_Store/select_--Select--Adernaline 0.'

2018-05-15 18:52:31 - [MESSAGE][PASSED] - All options with index in [13] are selected on object 'Object Repository/Store Request Schedule 1/Page_Store/select_--Select--Adernaline 0.'

2018-05-15 18:52:31 - [TEST_STEP][PASSED] - setText: Text '100' is set on object 'Object Repository/Store Request Schedule 1/Page_Store/input_txttreat'

2018-05-15 18:52:31 - [MESSAGE][PASSED] - Text '100' is set on object 'Object Repository/Store Request Schedule 1/Page_Store/input_txttreat'

2018-05-15 18:52:31 - [TEST_STEP][PASSED] - click: Object: 'Object Repository/Store Request Schedule 1/Page_Store/button_Add' is clicked on

2018-05-15 18:52:36 - [MESSAGE][PASSED] - Object: 'Object Repository/Store Request Schedule 1/Page_Store/button_Add' is clicked on

2018-05-15 18:52:36 - [TEST_STEP][PASSED] - selectOptionByIndex: All options with index in [9] are selected on object 'Object Repository/Store Request Schedule 1/Page_Store/select_--Select--Schedule 1Inj'

2018-05-15 18:52:36 - [MESSAGE][PASSED] - All options with index in [9] are selected on object 'Object Repository/Store Request Schedule 1/Page_Store/select_--Select--Schedule 1Inj'

2018-05-15 18:52:36 - [TEST_STEP][PASSED] - delay: Delayed 1 second(s)

2018-05-15 18:52:37 - [MESSAGE][PASSED] - Delayed 1 second(s)

2018-05-15 18:52:37 - [TEST_STEP][PASSED] - selectOptionByIndex: All options with index in [14] are selected on object 'Object Repository/Store Request Schedule 1/Page_Store/select_--Select--Adernaline 0.'

2018-05-15 18:52:38 - [MESSAGE][PASSED] - All options with index in [14] are selected on object 'Object Repository/Store Request Schedule 1/Page_Store/select_--Select--Adernaline 0.'

2018-05-15 18:52:38 - [TEST_STEP][PASSED] - setText: Text '100' is set on object 'Object Repository/Store Request Schedule 1/Page_Store/input_txttreat'

2018-05-15 18:52:38 - [MESSAGE][PASSED] - Text '100' is set on object 'Object Repository/Store Request Schedule 1/Page_Store/input_txttreat'

2018-05-15 18:52:38 - [TEST_STEP][PASSED] - click: Object: 'Object Repository/Store Request Schedule 1/Page_Store/button_Add' is clicked on

2018-05-15 18:52:43 - [MESSAGE][PASSED] - Object: 'Object Repository/Store Request Schedule 1/Page_Store/button_Add' is clicked on

2018-05-15 18:52:43 - [TEST_STEP][PASSED] - selectOptionByIndex: All options with index in [9] are selected on object 'Object Repository/Store Request Schedule 1/Page_Store/select_--Select--Schedule 1Inj'

2018-05-15 18:52:43 - [MESSAGE][PASSED] - All options with index in [9] are selected on object 'Object Repository/Store Request Schedule 1/Page_Store/select_--Select--Schedule 1Inj'

2018-05-15 18:52:43 - [TEST_STEP][PASSED] - delay: Delayed 1 second(s)

2018-05-15 18:52:44 - [MESSAGE][PASSED] - Delayed 1 second(s)

2018-05-15 18:52:44 - [TEST_STEP][PASSED] - selectOptionByIndex: All options with index in [15] are selected on object 'Object Repository/Store Request Schedule 1/Page_Store/select_--Select--Adernaline 0.'

2018-05-15 18:52:44 - [MESSAGE][PASSED] - All options with index in [15] are selected on object 'Object Repository/Store Request Schedule 1/Page_Store/select_--Select--Adernaline 0.'

2018-05-15 18:52:44 - [TEST_STEP][PASSED] - setText: Text '100' is set on object 'Object Repository/Store Request Schedule 1/Page_Store/input_txttreat'

2018-05-15 18:52:44 - [MESSAGE][PASSED] - Text '100' is set on object 'Object Repository/Store Request Schedule 1/Page_Store/input_txttreat'

2018-05-15 18:52:44 - [TEST_STEP][PASSED] - click: Object: 'Object Repository/Store Request Schedule 1/Page_Store/button_Add' is clicked on

2018-05-15 18:52:49 - [MESSAGE][PASSED] - Object: 'Object Repository/Store Request Schedule 1/Page_Store/button_Add' is clicked on

2018-05-15 18:52:49 - [TEST_STEP][PASSED] - selectOptionByIndex: All options with index in [9] are selected on object 'Object Repository/Store Request Schedule 1/Page_Store/select_--Select--Schedule 1Inj'

2018-05-15 18:52:50 - [MESSAGE][PASSED] - All options with index in [9] are selected on object 'Object Repository/Store Request Schedule 1/Page_Store/select_--Select--Schedule 1Inj'

2018-05-15 18:52:50 - [TEST_STEP][PASSED] - delay: Delayed 1 second(s)

2018-05-15 18:52:51 - [MESSAGE][PASSED] - Delayed 1 second(s)

2018-05-15 18:52:51 - [TEST_STEP][PASSED] - selectOptionByIndex: All options with index in [16] are selected on object 'Object Repository/Store Request Schedule 1/Page_Store/select_--Select--Adernaline 0.'

2018-05-15 18:52:51 - [MESSAGE][PASSED] - All options with index in [16] are selected on object 'Object Repository/Store Request Schedule 1/Page_Store/select_--Select--Adernaline 0.'

2018-05-15 18:52:51 - [TEST_STEP][PASSED] - setText: Text '100' is set on object 'Object Repository/Store Request Schedule 1/Page_Store/input_txttreat'

2018-05-15 18:52:51 - [MESSAGE][PASSED] - Text '100' is set on object 'Object Repository/Store Request Schedule 1/Page_Store/input_txttreat'

2018-05-15 18:52:51 - [TEST_STEP][PASSED] - click: Object: 'Object Repository/Store Request Schedule 1/Page_Store/button_Add' is clicked on

2018-05-15 18:52:56 - [MESSAGE][PASSED] - Object: 'Object Repository/Store Request Schedule 1/Page_Store/button_Add' is clicked on

2018-05-15 18:52:56 - [TEST_STEP][PASSED] - selectOptionByIndex: All options with index in [9] are selected on object 'Object Repository/Store Request Schedule 1/Page_Store/select_--Select--Schedule 1Inj'

2018-05-15 18:52:56 - [MESSAGE][PASSED] - All options with index in [9] are selected on object 'Object Repository/Store Request Schedule 1/Page_Store/select_--Select--Schedule 1Inj'

2018-05-15 18:52:56 - [TEST_STEP][PASSED] - delay: Delayed 1 second(s)

2018-05-15 18:52:57 - [MESSAGE][PASSED] - Delayed 1 second(s)

2018-05-15 18:52:57 - [TEST_STEP][PASSED] - selectOptionByIndex: All options with index in [17] are selected on object 'Object Repository/Store Request Schedule 1/Page_Store/select_--Select--Adernaline 0.'

2018-05-15 18:52:58 - [MESSAGE][PASSED] - All options with index in [17] are selected on object 'Object Repository/Store Request Schedule 1/Page_Store/select_--Select--Adernaline 0.'

2018-05-15 18:52:58 - [TEST_STEP][PASSED] - setText: Text '100' is set on object 'Object Repository/Store Request Schedule 1/Page_Store/input_txttreat'

2018-05-15 18:52:58 - [MESSAGE][PASSED] - Text '100' is set on object 'Object Repository/Store Request Schedule 1/Page_Store/input_txttreat'

2018-05-15 18:52:58 - [TEST_STEP][PASSED] - click: Object: 'Object Repository/Store Request Schedule 1/Page_Store/button_Add' is clicked on

2018-05-15 18:53:03 - [MESSAGE][PASSED] - Object: 'Object Repository/Store Request Schedule 1/Page_Store/button_Add' is clicked on

2018-05-15 18:53:03 - [TEST_STEP][PASSED] - selectOptionByIndex: All options with index in [9] are selected on object 'Object Repository/Store Request Schedule 1/Page_Store/select_--Select--Schedule 1Inj'

2018-05-15 18:53:03 - [MESSAGE][PASSED] - All options with index in [9] are selected on object 'Object Repository/Store Request Schedule 1/Page_Store/select_--Select--Schedule 1Inj'

2018-05-15 18:53:03 - [TEST_STEP][PASSED] - delay: Delayed 1 second(s)

2018-05-15 18:53:04 - [MESSAGE][PASSED] - Delayed 1 second(s)

2018-05-15 18:53:04 - [TEST_STEP][PASSED] - selectOptionByIndex: All options with index in [18] are selected on object 'Object Repository/Store Request Schedule 1/Page_Store/select_--Select--Adernaline 0.'

2018-05-15 18:53:04 - [MESSAGE][PASSED] - All options with index in [18] are selected on object 'Object Repository/Store Request Schedule 1/Page_Store/select_--Select--Adernaline 0.'

2018-05-15 18:53:04 - [TEST_STEP][PASSED] - setText: Text '100' is set on object 'Object Repository/Store Request Schedule 1/Page_Store/input_txttreat'

2018-05-15 18:53:04 - [MESSAGE][PASSED] - Text '100' is set on object 'Object Repository/Store Request Schedule 1/Page_Store/input_txttreat'

2018-05-15 18:53:04 - [TEST_STEP][PASSED] - click: Object: 'Object Repository/Store Request Schedule 1/Page_Store/button_Add' is clicked on

2018-05-15 18:53:09 - [MESSAGE][PASSED] - Object: 'Object Repository/Store Request Schedule 1/Page_Store/button_Add' is clicked on

2018-05-15 18:53:09 - [TEST_STEP][PASSED] - selectOptionByIndex: All options with index in [9] are selected on object 'Object Repository/Store Request Schedule 1/Page_Store/select_--Select--Schedule 1Inj'

2018-05-15 18:53:10 - [MESSAGE][PASSED] - All options with index in [9] are selected on object 'Object Repository/Store Request Schedule 1/Page_Store/select_--Select--Schedule 1Inj'

2018-05-15 18:53:10 - [TEST_STEP][PASSED] - delay: Delayed 1 second(s)

2018-05-15 18:53:11 - [MESSAGE][PASSED] - Delayed 1 second(s)

2018-05-15 18:53:11 - [TEST_STEP][PASSED] - selectOptionByIndex: All options with index in [19] are selected on object 'Object Repository/Store Request Schedule 1/Page_Store/select_--Select--Adernaline 0.'

2018-05-15 18:53:11 - [MESSAGE][PASSED] - All options with index in [19] are selected on object 'Object Repository/Store Request Schedule 1/Page_Store/select_--Select--Adernaline 0.'

2018-05-15 18:53:11 - [TEST_STEP][PASSED] - setText: Text '100' is set on object 'Object Repository/Store Request Schedule 1/Page_Store/input_txttreat'

2018-05-15 18:53:11 - [MESSAGE][PASSED] - Text '100' is set on object 'Object Repository/Store Request Schedule 1/Page_Store/input_txttreat'

2018-05-15 18:53:48 - [TEST_STEP][PASSED] - click: Object: 'Object Repository/Store Request Schedule 1/Page_Store/button_Add' is clicked on

2018-05-15 18:53:53 - [MESSAGE][PASSED] - Object: 'Object Repository/Store Request Schedule 1/Page_Store/button_Add' is clicked on

2018-05-15 18:53:53 - [TEST_STEP][PASSED] - selectOptionByIndex: All options with index in [9] are selected on object 'Object Repository/Store Request Schedule 1/Page_Store/select_--Select--Schedule 1Inj'

2018-05-15 18:53:53 - [MESSAGE][PASSED] - All options with index in [9] are selected on object 'Object Repository/Store Request Schedule 1/Page_Store/select_--Select--Schedule 1Inj'

2018-05-15 18:53:53 - [TEST_STEP][PASSED] - delay: Delayed 1 second(s)

2018-05-15 18:53:54 - [MESSAGE][PASSED] - Delayed 1 second(s)

2018-05-15 18:53:54 - [TEST_STEP][PASSED] - selectOptionByIndex: All options with index in [20] are selected on object 'Object Repository/Store Request Schedule 1/Page_Store/select_--Select--Adernaline 0.'

2018-05-15 18:53:54 - [MESSAGE][PASSED] - All options with index in [20] are selected on object 'Object Repository/Store Request Schedule 1/Page_Store/select_--Select--Adernaline 0.'

2018-05-15 18:53:54 - [TEST_STEP][PASSED] - setText: Text '100' is set on object 'Object Repository/Store Request Schedule 1/Page_Store/input_txttreat'

2018-05-15 18:53:54 - [MESSAGE][PASSED] - Text '100' is set on object 'Object Repository/Store Request Schedule 1/Page_Store/input_txttreat'

2018-05-15 18:53:54 - [TEST_STEP][PASSED] - click: Object: 'Object Repository/Store Request Schedule 1/Page_Store/button_Add' is clicked on

2018-05-15 18:53:59 - [MESSAGE][PASSED] - Object: 'Object Repository/Store Request Schedule 1/Page_Store/button_Add' is clicked on

2018-05-15 18:53:59 - [TEST_STEP][PASSED] - selectOptionByIndex: All options with index in [9] are selected on object 'Object Repository/Store Request Schedule 1/Page_Store/select_--Select--Schedule 1Inj'

2018-05-15 18:54:00 - [MESSAGE][PASSED] - All options with index in [9] are selected on object 'Object Repository/Store Request Schedule 1/Page_Store/select_--Select--Schedule 1Inj'

2018-05-15 18:54:00 - [TEST_STEP][PASSED] - delay: Delayed 1 second(s)

2018-05-15 18:54:01 - [MESSAGE][PASSED] - Delayed 1 second(s)

2018-05-15 18:54:01 - [TEST_STEP][PASSED] - selectOptionByIndex: All options with index in [21] are selected on object 'Object Repository/Store Request Schedule 1/Page_Store/select_--Select--Adernaline 0.'

2018-05-15 18:54:01 - [MESSAGE][PASSED] - All options with index in [21] are selected on object 'Object Repository/Store Request Schedule 1/Page_Store/select_--Select--Adernaline 0.'

2018-05-15 18:54:01 - [TEST_STEP][PASSED] - setText: Text '100' is set on object 'Object Repository/Store Request Schedule 1/Page_Store/input_txttreat'

2018-05-15 18:54:01 - [MESSAGE][PASSED] - Text '100' is set on object 'Object Repository/Store Request Schedule 1/Page_Store/input_txttreat'

2018-05-15 18:54:01 - [TEST_STEP][PASSED] - click: Object: 'Object Repository/Store Request Schedule 1/Page_Store/button_Add' is clicked on

2018-05-15 18:54:06 - [MESSAGE][PASSED] - Object: 'Object Repository/Store Request Schedule 1/Page_Store/button_Add' is clicked on

2018-05-15 18:54:06 - [TEST_STEP][PASSED] - selectOptionByIndex: All options with index in [9] are selected on object 'Object Repository/Store Request Schedule 1/Page_Store/select_--Select--Schedule 1Inj'

2018-05-15 18:54:06 - [MESSAGE][PASSED] - All options with index in [9] are selected on object 'Object Repository/Store Request Schedule 1/Page_Store/select_--Select--Schedule 1Inj'

2018-05-15 18:54:06 - [TEST_STEP][PASSED] - delay: Delayed 1 second(s)

2018-05-15 18:54:07 - [MESSAGE][PASSED] - Delayed 1 second(s)

2018-05-15 18:54:07 - [TEST_STEP][PASSED] - selectOptionByIndex: All options with index in [22] are selected on object 'Object Repository/Store Request Schedule 1/Page_Store/select_--Select--Adernaline 0.'

2018-05-15 18:54:08 - [MESSAGE][PASSED] - All options with index in [22] are selected on object 'Object Repository/Store Request Schedule 1/Page_Store/select_--Select--Adernaline 0.'

2018-05-15 18:54:08 - [TEST_STEP][PASSED] - setText: Text '100' is set on object 'Object Repository/Store Request Schedule 1/Page_Store/input_txttreat'

2018-05-15 18:54:08 - [MESSAGE][PASSED] - Text '100' is set on object 'Object Repository/Store Request Schedule 1/Page_Store/input_txttreat'

2018-05-15 18:54:08 - [TEST_STEP][PASSED] - click: Object: 'Object Repository/Store Request Schedule 1/Page_Store/button_Add' is clicked on

2018-05-15 18:54:13 - [MESSAGE][PASSED] - Object: 'Object Repository/Store Request Schedule 1/Page_Store/button_Add' is clicked on

2018-05-15 18:54:13 - [TEST_STEP][PASSED] - selectOptionByIndex: All options with index in [9] are selected on object 'Object Repository/Store Request Schedule 1/Page_Store/select_--Select--Schedule 1Inj'

2018-05-15 18:54:13 - [MESSAGE][PASSED] - All options with index in [9] are selected on object 'Object Repository/Store Request Schedule 1/Page_Store/select_--Select--Schedule 1Inj'

2018-05-15 18:54:13 - [TEST_STEP][PASSED] - delay: Delayed 1 second(s)

2018-05-15 18:54:14 - [MESSAGE][PASSED] - Delayed 1 second(s)

2018-05-15 18:54:14 - [TEST_STEP][PASSED] - selectOptionByIndex: All options with index in [23] are selected on object 'Object Repository/Store Request Schedule 1/Page_Store/select_--Select--Adernaline 0.'

2018-05-15 18:54:14 - [MESSAGE][PASSED] - All options with index in [23] are selected on object 'Object Repository/Store Request Schedule 1/Page_Store/select_--Select--Adernaline 0.'

2018-05-15 18:54:14 - [TEST_STEP][PASSED] - setText: Text '100' is set on object 'Object Repository/Store Request Schedule 1/Page_Store/input_txttreat'

2018-05-15 18:54:14 - [MESSAGE][PASSED] - Text '100' is set on object 'Object Repository/Store Request Schedule 1/Page_Store/input_txttreat'

2018-05-15 18:54:14 - [TEST_STEP][PASSED] - click: Object: 'Object Repository/Store Request Schedule 1/Page_Store/button_Add' is clicked on

2018-05-15 18:54:20 - [MESSAGE][PASSED] - Object: 'Object Repository/Store Request Schedule 1/Page_Store/button_Add' is clicked on

2018-05-15 18:54:20 - [TEST_STEP][PASSED] - selectOptionByIndex: All options with index in [9] are selected on object 'Object Repository/Store Request Schedule 1/Page_Store/select_--Select--Schedule 1Inj'

2018-05-15 18:54:20 - [MESSAGE][PASSED] - All options with index in [9] are selected on object 'Object Repository/Store Request Schedule 1/Page_Store/select_--Select--Schedule 1Inj'

2018-05-15 18:54:20 - [TEST_STEP][PASSED] - delay: Delayed 1 second(s)

2018-05-15 18:54:21 - [MESSAGE][PASSED] - Delayed 1 second(s)

2018-05-15 18:54:21 - [TEST_STEP][PASSED] - selectOptionByIndex: All options with index in [24] are selected on object 'Object Repository/Store Request Schedule 1/Page_Store/select_--Select--Adernaline 0.'

2018-05-15 18:54:21 - [MESSAGE][PASSED] - All options with index in [24] are selected on object 'Object Repository/Store Request Schedule 1/Page_Store/select_--Select--Adernaline 0.'

2018-05-15 18:54:21 - [TEST_STEP][PASSED] - setText: Text '100' is set on object 'Object Repository/Store Request Schedule 1/Page_Store/input_txttreat'

2018-05-15 18:54:21 - [MESSAGE][PASSED] - Text '100' is set on object 'Object Repository/Store Request Schedule 1/Page_Store/input_txttreat'

2018-05-15 18:54:21 - [TEST_STEP][PASSED] - click: Object: 'Object Repository/Store Request Schedule 1/Page_Store/button_Add' is clicked on

2018-05-15 18:54:26 - [MESSAGE][PASSED] - Object: 'Object Repository/Store Request Schedule 1/Page_Store/button_Add' is clicked on

2018-05-15 18:54:26 - [TEST_STEP][PASSED] - selectOptionByIndex: All options with index in [9] are selected on object 'Object Repository/Store Request Schedule 1/Page_Store/select_--Select--Schedule 1Inj'

2018-05-15 18:54:26 - [MESSAGE][PASSED] - All options with index in [9] are selected on object 'Object Repository/Store Request Schedule 1/Page_Store/select_--Select--Schedule 1Inj'

2018-05-15 18:54:26 - [TEST_STEP][PASSED] - delay: Delayed 1 second(s)

2018-05-15 18:54:27 - [MESSAGE][PASSED] - Delayed 1 second(s)

2018-05-15 18:54:27 - [TEST_STEP][PASSED] - selectOptionByIndex: All options with index in [25] are selected on object 'Object Repository/Store Request Schedule 1/Page_Store/select_--Select--Adernaline 0.'

2018-05-15 18:54:28 - [MESSAGE][PASSED] - All options with index in [25] are selected on object 'Object Repository/Store Request Schedule 1/Page_Store/select_--Select--Adernaline 0.'

2018-05-15 18:54:28 - [TEST_STEP][PASSED] - setText: Text '100' is set on object 'Object Repository/Store Request Schedule 1/Page_Store/input_txttreat'

2018-05-15 18:54:28 - [MESSAGE][PASSED] - Text '100' is set on object 'Object Repository/Store Request Schedule 1/Page_Store/input_txttreat'

2018-05-15 18:54:28 - [TEST_STEP][PASSED] - click: Object: 'Object Repository/Store Request Schedule 1/Page_Store/button_Add' is clicked on

2018-05-15 18:54:33 - [MESSAGE][PASSED] - Object: 'Object Repository/Store Request Schedule 1/Page_Store/button_Add' is clicked on

2018-05-15 18:54:33 - [TEST_STEP][PASSED] - selectOptionByIndex: All options with index in [9] are selected on object 'Object Repository/Store Request Schedule 1/Page_Store/select_--Select--Schedule 1Inj'

2018-05-15 18:54:33 - [MESSAGE][PASSED] - All options with index in [9] are selected on object 'Object Repository/Store Request Schedule 1/Page_Store/select_--Select--Schedule 1Inj'

2018-05-15 18:54:33 - [TEST_STEP][PASSED] - delay: Delayed 1 second(s)

2018-05-15 18:54:34 - [MESSAGE][PASSED] - Delayed 1 second(s)

2018-05-15 18:54:34 - [TEST_STEP][PASSED] - selectOptionByIndex: All options with index in [26] are selected on object 'Object Repository/Store Request Schedule 1/Page_Store/select_--Select--Adernaline 0.'

2018-05-15 18:54:35 - [MESSAGE][PASSED] - All options with index in [26] are selected on object 'Object Repository/Store Request Schedule 1/Page_Store/select_--Select--Adernaline 0.'

2018-05-15 18:54:35 - [TEST_STEP][PASSED] - setText: Text '100' is set on object 'Object Repository/Store Request Schedule 1/Page_Store/input_txttreat'

2018-05-15 18:54:35 - [MESSAGE][PASSED] - Text '100' is set on object 'Object Repository/Store Request Schedule 1/Page_Store/input_txttreat'

2018-05-15 18:54:35 - [TEST_STEP][PASSED] - click: Object: 'Object Repository/Store Request Schedule 1/Page_Store/button_Add' is clicked on

2018-05-15 18:54:40 - [MESSAGE][PASSED] - Object: 'Object Repository/Store Request Schedule 1/Page_Store/button_Add' is clicked on

2018-05-15 18:54:40 - [TEST_STEP][PASSED] - selectOptionByIndex: All options with index in [9] are selected on object 'Object Repository/Store Request Schedule 1/Page_Store/select_--Select--Schedule 1Inj'

2018-05-15 18:54:40 - [MESSAGE][PASSED] - All options with index in [9] are selected on object 'Object Repository/Store Request Schedule 1/Page_Store/select_--Select--Schedule 1Inj'

2018-05-15 18:54:40 - [TEST_STEP][PASSED] - delay: Delayed 1 second(s)

2018-05-15 18:54:41 - [MESSAGE][PASSED] - Delayed 1 second(s)

2018-05-15 18:54:41 - [TEST_STEP][PASSED] - selectOptionByIndex: All options with index in [27] are selected on object 'Object Repository/Store Request Schedule 1/Page_Store/select_--Select--Adernaline 0.'

2018-05-15 18:54:41 - [MESSAGE][PASSED] - All options with index in [27] are selected on object 'Object Repository/Store Request Schedule 1/Page_Store/select_--Select--Adernaline 0.'

2018-05-15 18:54:41 - [TEST_STEP][PASSED] - setText: Text '100' is set on object 'Object Repository/Store Request Schedule 1/Page_Store/input_txttreat'

2018-05-15 18:54:41 - [MESSAGE][PASSED] - Text '100' is set on object 'Object Repository/Store Request Schedule 1/Page_Store/input_txttreat'

2018-05-15 18:54:41 - [TEST_STEP][PASSED] - click: Object: 'Object Repository/Store Request Schedule 1/Page_Store/button_Add' is clicked on

2018-05-15 18:54:46 - [MESSAGE][PASSED] - Object: 'Object Repository/Store Request Schedule 1/Page_Store/button_Add' is clicked on

2018-05-15 18:54:46 - [TEST_STEP][PASSED] - selectOptionByIndex: All options with index in [9] are selected on object 'Object Repository/Store Request Schedule 1/Page_Store/select_--Select--Schedule 1Inj'

2018-05-15 18:54:47 - [MESSAGE][PASSED] - All options with index in [9] are selected on object 'Object Repository/Store Request Schedule 1/Page_Store/select_--Select--Schedule 1Inj'

2018-05-15 18:54:47 - [TEST_STEP][PASSED] - delay: Delayed 1 second(s)

2018-05-15 18:54:48 - [MESSAGE][PASSED] - Delayed 1 second(s)

2018-05-15 18:54:48 - [TEST_STEP][PASSED] - selectOptionByIndex: All options with index in [28] are selected on object 'Object Repository/Store Request Schedule 1/Page_Store/select_--Select--Adernaline 0.'

2018-05-15 18:54:48 - [MESSAGE][PASSED] - All options with index in [28] are selected on object 'Object Repository/Store Request Schedule 1/Page_Store/select_--Select--Adernaline 0.'

2018-05-15 18:54:48 - [TEST_STEP][PASSED] - setText: Text '100' is set on object 'Object Repository/Store Request Schedule 1/Page_Store/input_txttreat'

2018-05-15 18:54:48 - [MESSAGE][PASSED] - Text '100' is set on object 'Object Repository/Store Request Schedule 1/Page_Store/input_txttreat'

2018-05-15 18:54:48 - [TEST_STEP][PASSED] - click: Object: 'Object Repository/Store Request Schedule 1/Page_Store/button_Add' is clicked on

2018-05-15 18:54:53 - [MESSAGE][PASSED] - Object: 'Object Repository/Store Request Schedule 1/Page_Store/button_Add' is clicked on

2018-05-15 18:54:53 - [TEST_STEP][PASSED] - selectOptionByIndex: All options with index in [9] are selected on object 'Object Repository/Store Request Schedule 1/Page_Store/select_--Select--Schedule 1Inj'

2018-05-15 18:54:53 - [MESSAGE][PASSED] - All options with index in [9] are selected on object 'Object Repository/Store Request Schedule 1/Page_Store/select_--Select--Schedule 1Inj'

2018-05-15 18:54:53 - [TEST_STEP][PASSED] - delay: Delayed 1 second(s)

2018-05-15 18:54:54 - [MESSAGE][PASSED] - Delayed 1 second(s)

2018-05-15 18:54:54 - [TEST_STEP][PASSED] - selectOptionByIndex: All options with index in [29] are selected on object 'Object Repository/Store Request Schedule 1/Page_Store/select_--Select--Adernaline 0.'

2018-05-15 18:54:55 - [MESSAGE][PASSED] - All options with index in [29] are selected on object 'Object Repository/Store Request Schedule 1/Page_Store/select_--Select--Adernaline 0.'

2018-05-15 18:54:55 - [TEST_STEP][PASSED] - setText: Text '100' is set on object 'Object Repository/Store Request Schedule 1/Page_Store/input_txttreat'

2018-05-15 18:54:55 - [MESSAGE][PASSED] - Text '100' is set on object 'Object Repository/Store Request Schedule 1/Page_Store/input_txttreat'

2018-05-15 18:54:55 - [TEST_STEP][PASSED] - click: Object: 'Object Repository/Store Request Schedule 1/Page_Store/button_Add' is clicked on

2018-05-15 18:55:00 - [MESSAGE][PASSED] - Object: 'Object Repository/Store Request Schedule 1/Page_Store/button_Add' is clicked on

2018-05-15 18:55:00 - [TEST_STEP][PASSED] - selectOptionByIndex: All options with index in [9] are selected on object 'Object Repository/Store Request Schedule 1/Page_Store/select_--Select--Schedule 1Inj'

2018-05-15 18:55:00 - [MESSAGE][PASSED] - All options with index in [9] are selected on object 'Object Repository/Store Request Schedule 1/Page_Store/select_--Select--Schedule 1Inj'

2018-05-15 18:55:00 - [TEST_STEP][PASSED] - delay: Delayed 1 second(s)

2018-05-15 18:55:01 - [MESSAGE][PASSED] - Delayed 1 second(s)

2018-05-15 18:55:01 - [TEST_STEP][PASSED] - selectOptionByIndex: All options with index in [30] are selected on object 'Object Repository/Store Request Schedule 1/Page_Store/select_--Select--Adernaline 0.'

2018-05-15 18:55:02 - [MESSAGE][PASSED] - All options with index in [30] are selected on object 'Object Repository/Store Request Schedule 1/Page_Store/select_--Select--Adernaline 0.'

2018-05-15 18:55:02 - [TEST_STEP][PASSED] - setText: Text '100' is set on object 'Object Repository/Store Request Schedule 1/Page_Store/input_txttreat'

2018-05-15 18:55:02 - [MESSAGE][PASSED] - Text '100' is set on object 'Object Repository/Store Request Schedule 1/Page_Store/input_txttreat'

2018-05-15 18:55:02 - [TEST_STEP][PASSED] - click: Object: 'Object Repository/Store Request Schedule 1/Page_Store/button_Add' is clicked on

2018-05-15 18:55:07 - [MESSAGE][PASSED] - Object: 'Object Repository/Store Request Schedule 1/Page_Store/button_Add' is clicked on

2018-05-15 18:55:07 - [TEST_STEP][PASSED] - selectOptionByIndex: All options with index in [9] are selected on object 'Object Repository/Store Request Schedule 1/Page_Store/select_--Select--Schedule 1Inj'

2018-05-15 18:55:07 - [MESSAGE][PASSED] - All options with index in [9] are selected on object 'Object Repository/Store Request Schedule 1/Page_Store/select_--Select--Schedule 1Inj'

2018-05-15 18:55:07 - [TEST_STEP][PASSED] - delay: Delayed 1 second(s)

2018-05-15 18:55:08 - [MESSAGE][PASSED] - Delayed 1 second(s)

2018-05-15 18:55:08 - [TEST_STEP][PASSED] - selectOptionByIndex: All options with index in [31] are selected on object 'Object Repository/Store Request Schedule 1/Page_Store/select_--Select--Adernaline 0.'

2018-05-15 18:55:08 - [MESSAGE][PASSED] - All options with index in [31] are selected on object 'Object Repository/Store Request Schedule 1/Page_Store/select_--Select--Adernaline 0.'

2018-05-15 18:55:08 - [TEST_STEP][PASSED] - setText: Text '100' is set on object 'Object Repository/Store Request Schedule 1/Page_Store/input_txttreat'

2018-05-15 18:55:09 - [MESSAGE][PASSED] - Text '100' is set on object 'Object Repository/Store Request Schedule 1/Page_Store/input_txttreat'

2018-05-15 18:55:09 - [TEST_STEP][PASSED] - click: Object: 'Object Repository/Store Request Schedule 1/Page_Store/button_Add' is clicked on

2018-05-15 18:55:14 - [MESSAGE][PASSED] - Object: 'Object Repository/Store Request Schedule 1/Page_Store/button_Add' is clicked on

2018-05-15 18:55:14 - [TEST_STEP][PASSED] - selectOptionByIndex: All options with index in [9] are selected on object 'Object Repository/Store Request Schedule 1/Page_Store/select_--Select--Schedule 1Inj'

2018-05-15 18:55:14 - [MESSAGE][PASSED] - All options with index in [9] are selected on object 'Object Repository/Store Request Schedule 1/Page_Store/select_--Select--Schedule 1Inj'

2018-05-15 18:55:14 - [TEST_STEP][PASSED] - delay: Delayed 1 second(s)

2018-05-15 18:55:15 - [MESSAGE][PASSED] - Delayed 1 second(s)

2018-05-15 18:55:15 - [TEST_STEP][PASSED] - selectOptionByIndex: All options with index in [32] are selected on object 'Object Repository/Store Request Schedule 1/Page_Store/select_--Select--Adernaline 0.'

2018-05-15 18:55:15 - [MESSAGE][PASSED] - All options with index in [32] are selected on object 'Object Repository/Store Request Schedule 1/Page_Store/select_--Select--Adernaline 0.'

2018-05-15 18:55:15 - [TEST_STEP][PASSED] - setText: Text '100' is set on object 'Object Repository/Store Request Schedule 1/Page_Store/input_txttreat'

2018-05-15 18:55:15 - [MESSAGE][PASSED] - Text '100' is set on object 'Object Repository/Store Request Schedule 1/Page_Store/input_txttreat'

2018-05-15 18:55:15 - [TEST_STEP][PASSED] - click: Object: 'Object Repository/Store Request Schedule 1/Page_Store/button_Add' is clicked on

2018-05-15 18:55:20 - [MESSAGE][PASSED] - Object: 'Object Repository/Store Request Schedule 1/Page_Store/button_Add' is clicked on

2018-05-15 18:55:20 - [TEST_STEP][PASSED] - selectOptionByIndex: All options with index in [9] are selected on object 'Object Repository/Store Request Schedule 1/Page_Store/select_--Select--Schedule 1Inj'

2018-05-15 18:55:21 - [MESSAGE][PASSED] - All options with index in [9] are selected on object 'Object Repository/Store Request Schedule 1/Page_Store/select_--Select--Schedule 1Inj'

2018-05-15 18:55:21 - [TEST_STEP][PASSED] - delay: Delayed 1 second(s)

2018-05-15 18:55:22 - [MESSAGE][PASSED] - Delayed 1 second(s)

2018-05-15 18:55:22 - [TEST_STEP][PASSED] - selectOptionByIndex: All options with index in [33] are selected on object 'Object Repository/Store Request Schedule 1/Page_Store/select_--Select--Adernaline 0.'

2018-05-15 18:55:22 - [MESSAGE][PASSED] - All options with index in [33] are selected on object 'Object Repository/Store Request Schedule 1/Page_Store/select_--Select--Adernaline 0.'

2018-05-15 18:55:22 - [TEST_STEP][PASSED] - setText: Text '100' is set on object 'Object Repository/Store Request Schedule 1/Page_Store/input_txttreat'

2018-05-15 18:55:22 - [MESSAGE][PASSED] - Text '100' is set on object 'Object Repository/Store Request Schedule 1/Page_Store/input_txttreat'

2018-05-15 18:55:22 - [TEST_STEP][PASSED] - click: Object: 'Object Repository/Store Request Schedule 1/Page_Store/button_Add' is clicked on

2018-05-15 18:55:27 - [MESSAGE][PASSED] - Object: 'Object Repository/Store Request Schedule 1/Page_Store/button_Add' is clicked on

2018-05-15 18:55:27 - [TEST_STEP][PASSED] - selectOptionByIndex: All options with index in [9] are selected on object 'Object Repository/Store Request Schedule 1/Page_Store/select_--Select--Schedule 1Inj'

2018-05-15 18:55:27 - [MESSAGE][PASSED] - All options with index in [9] are selected on object 'Object Repository/Store Request Schedule 1/Page_Store/select_--Select--Schedule 1Inj'

2018-05-15 18:55:27 - [TEST_STEP][PASSED] - delay: Delayed 1 second(s)

2018-05-15 18:55:28 - [MESSAGE][PASSED] - Delayed 1 second(s)

2018-05-15 18:55:28 - [TEST_STEP][PASSED] - selectOptionByIndex: All options with index in [34] are selected on object 'Object Repository/Store Request Schedule 1/Page_Store/select_--Select--Adernaline 0.'

2018-05-15 18:55:29 - [MESSAGE][PASSED] - All options with index in [34] are selected on object 'Object Repository/Store Request Schedule 1/Page_Store/select_--Select--Adernaline 0.'

2018-05-15 18:55:29 - [TEST_STEP][PASSED] - setText: Text '100' is set on object 'Object Repository/Store Request Schedule 1/Page_Store/input_txttreat'

2018-05-15 18:55:29 - [MESSAGE][PASSED] - Text '100' is set on object 'Object Repository/Store Request Schedule 1/Page_Store/input_txttreat'

2018-05-15 18:55:29 - [TEST_STEP][PASSED] - click: Object: 'Object Repository/Store Request Schedule 1/Page_Store/button_Add' is clicked on

2018-05-15 18:55:34 - [MESSAGE][PASSED] - Object: 'Object Repository/Store Request Schedule 1/Page_Store/button_Add' is clicked on

2018-05-15 18:55:34 - [TEST_STEP][PASSED] - selectOptionByIndex: All options with index in [9] are selected on object 'Object Repository/Store Request Schedule 1/Page_Store/select_--Select--Schedule 1Inj'

2018-05-15 18:55:34 - [MESSAGE][PASSED] - All options with index in [9] are selected on object 'Object Repository/Store Request Schedule 1/Page_Store/select_--Select--Schedule 1Inj'

2018-05-15 18:55:34 - [TEST_STEP][PASSED] - delay: Delayed 1 second(s)

2018-05-15 18:55:35 - [MESSAGE][PASSED] - Delayed 1 second(s)

2018-05-15 18:55:35 - [TEST_STEP][PASSED] - selectOptionByIndex: All options with index in [35] are selected on object 'Object Repository/Store Request Schedule 1/Page_Store/select_--Select--Adernaline 0.'

2018-05-15 18:55:36 - [MESSAGE][PASSED] - All options with index in [35] are selected on object 'Object Repository/Store Request Schedule 1/Page_Store/select_--Select--Adernaline 0.'

2018-05-15 18:55:36 - [TEST_STEP][PASSED] - setText: Text '100' is set on object 'Object Repository/Store Request Schedule 1/Page_Store/input_txttreat'

2018-05-15 18:55:36 - [MESSAGE][PASSED] - Text '100' is set on object 'Object Repository/Store Request Schedule 1/Page_Store/input_txttreat'

2018-05-15 18:55:36 - [TEST_STEP][PASSED] - click: Object: 'Object Repository/Store Request Schedule 1/Page_Store/button_Add' is clicked on

2018-05-15 18:55:41 - [MESSAGE][PASSED] - Object: 'Object Repository/Store Request Schedule 1/Page_Store/button_Add' is clicked on

2018-05-15 18:55:41 - [TEST_STEP][PASSED] - delay: Delayed 2 second(s)

2018-05-15 18:55:43 - [MESSAGE][PASSED] - Delayed 2 second(s)

2018-05-15 18:55:43 - [TEST_STEP][PASSED] - scrollToElement: Scroll to object 'Object Repository/Store Request Schedule 1/Page_Store/input_btnsave' successfully

2018-05-15 18:55:43 - [MESSAGE][PASSED] - Scroll to object 'Object Repository/Store Request Schedule 1/Page_Store/input_btnsave' successfully

2018-05-15 18:55:43 - [TEST_STEP][PASSED] - click: Object: 'Object Repository/Store Request Schedule 1/Page_Store/input_btnsave' is clicked on

2018-05-15 18:55:48 - [MESSAGE][PASSED] - Object: 'Object Repository/Store Request Schedule 1/Page_Store/input_btnsave' is clicked on

2018-05-15 18:55:48 - [TEST_STEP][PASSED] - delay: Delayed 4 second(s)

2018-05-15 18:55:52 - [MESSAGE][PASSED] - Delayed 4 second(s)

2018-05-15 18:55:52 - [TEST_STEP][PASSED] - Statement - Cms_RequestNumber = com.kms.katalon.core.webui.keyword.WebUiBuiltInKeywords.getText(com.kms.katalon.core.testobject.ObjectRepository.findTestObject(Store Request Schedule 1/Page_Store/font_PRNO050520189)): Text of object 'Object Repository/Store Request Schedule 1/Page_Store/font_PRNO050520189' is: ''

2018-05-15 18:55:52 - [MESSAGE][PASSED] - Text of object 'Object Repository/Store Request Schedule 1/Page_Store/font_PRNO050520189' is: ''

2018-05-15 18:55:52 - [TEST_STEP][PASSED] - Statement - CR = Cms_RequestNumber.trim(): null

2018-05-15 18:55:52 - [TEST_STEP][PASSED] - Statement - out.println("RQ :" + Cms_RequestNumber): null

2018-05-15 18:55:52 - [TEST_STEP][PASSED] - Statement - RequestNumberID = Cms_RequestNumber.split("/")[2].trim(): null]]></system-out>
         <system-err><![CDATA[2018-05-15 18:51:17 - [TEST_CASE][ERROR] - Test Cases/STORE TO CMS REQUEST TEST CASES/TC_STCMS_009 To Verify Schedule 9 Store To CMS Request Are Working Successfully Or Not: Test Cases/STORE TO CMS REQUEST TEST CASES/TC_STCMS_009 To Verify Schedule 9 Store To CMS Request Are Working Successfully Or Not FAILED because (of) java.lang.ArrayIndexOutOfBoundsException: 2]]></system-err>
      </testcase>
      <testcase name="Test Cases/STORE TO CMS REQUEST TEST CASES/TC_STCMS_010 To Verify Schedule 10 Store To CMS Request Are Working Successfully Or Not" classname="Test Cases/STORE TO CMS REQUEST TEST CASES/TC_STCMS_010 To Verify Schedule 10 Store To CMS Request Are Working Successfully Or Not" status="PASSED">
         <system-out><![CDATA[2018-05-15 18:55:52 - [TEST_CASE][PASSED] - Test Cases/STORE TO CMS REQUEST TEST CASES/TC_STCMS_010 To Verify Schedule 10 Store To CMS Request Are Working Successfully Or Not: Test Cases/STORE TO CMS REQUEST TEST CASES/TC_STCMS_010 To Verify Schedule 10 Store To CMS Request Are Working Successfully Or Not

2018-05-15 18:55:52 - [TEST_STEP][PASSED] - openBrowser: Browser is opened with url: ''

2018-05-15 18:55:52 - [MESSAGE][WARNING] - A browser is already opened. Closing browser and opening a new one

2018-05-15 18:55:55 - [MESSAGE][PASSED] - Browser is opened with url: ''

2018-05-15 18:55:55 - [TEST_STEP][PASSED] - Statement - out.println("Verify Schedule 10 STORE Request Are Working Successfully Or Not"): null

2018-05-15 18:55:55 - [TEST_STEP][PASSED] - navigateToUrl: Navigate to 'http://192.168.137.1/multihospital_new/' successfully

2018-05-15 18:55:57 - [MESSAGE][PASSED] - Navigate to 'http://192.168.137.1/multihospital_new/' successfully

2018-05-15 18:55:57 - [TEST_STEP][PASSED] - maximizeWindow: Current window maximized

2018-05-15 18:55:58 - [MESSAGE][PASSED] - Current window maximized

2018-05-15 18:55:58 - [TEST_STEP][PASSED] - click: Object: 'Object Repository/Store Request Schedule 1/Page_KDMC/a_Divisional Store' is clicked on

2018-05-15 18:55:59 - [MESSAGE][PASSED] - Object: 'Object Repository/Store Request Schedule 1/Page_KDMC/a_Divisional Store' is clicked on

2018-05-15 18:55:59 - [TEST_STEP][PASSED] - setText: Text 'ragu' is set on object 'Object Repository/Store Request Schedule 1/Page_Divisonal Store Login/input_txtusername'

2018-05-15 18:55:59 - [MESSAGE][PASSED] - Text 'ragu' is set on object 'Object Repository/Store Request Schedule 1/Page_Divisonal Store Login/input_txtusername'

2018-05-15 18:55:59 - [TEST_STEP][PASSED] - setText: Text '123' is set on object 'Object Repository/Store Request Schedule 1/Page_Divisonal Store Login/input_txtpassword'

2018-05-15 18:55:59 - [MESSAGE][PASSED] - Text '123' is set on object 'Object Repository/Store Request Schedule 1/Page_Divisonal Store Login/input_txtpassword'

2018-05-15 18:55:59 - [TEST_STEP][PASSED] - delay: Delayed 3 second(s)

2018-05-15 18:56:02 - [MESSAGE][PASSED] - Delayed 3 second(s)

2018-05-15 18:56:02 - [TEST_STEP][PASSED] - click: Object: 'Object Repository/Store Request Schedule 1/Page_Divisonal Store Login/button_Sign in' is clicked on

2018-05-15 18:56:03 - [MESSAGE][PASSED] - Object: 'Object Repository/Store Request Schedule 1/Page_Divisonal Store Login/button_Sign in' is clicked on

2018-05-15 18:56:03 - [TEST_STEP][PASSED] - delay: Delayed 3 second(s)

2018-05-15 18:56:06 - [MESSAGE][PASSED] - Delayed 3 second(s)

2018-05-15 18:56:06 - [TEST_STEP][PASSED] - click: Object: 'Object Repository/Store Request Schedule 1/Page_Store/a_CMS' is clicked on

2018-05-15 18:56:06 - [MESSAGE][PASSED] - Object: 'Object Repository/Store Request Schedule 1/Page_Store/a_CMS' is clicked on

2018-05-15 18:56:06 - [TEST_STEP][PASSED] - delay: Delayed 2 second(s)

2018-05-15 18:56:08 - [MESSAGE][PASSED] - Delayed 2 second(s)

2018-05-15 18:56:08 - [TEST_STEP][PASSED] - click: Object: 'Object Repository/Store Request Schedule 1/Page_Store/a_Request Send' is clicked on

2018-05-15 18:56:09 - [MESSAGE][PASSED] - Object: 'Object Repository/Store Request Schedule 1/Page_Store/a_Request Send' is clicked on

2018-05-15 18:56:09 - [TEST_STEP][PASSED] - selectOptionByIndex: All options with index in [1] are selected on object 'Object Repository/Store Request Schedule 1/Page_Store/select_--Select--'

2018-05-15 18:56:09 - [MESSAGE][PASSED] - All options with index in [1] are selected on object 'Object Repository/Store Request Schedule 1/Page_Store/select_--Select--'

2018-05-15 18:56:09 - [TEST_STEP][PASSED] - selectOptionByIndex: All options with index in [10] are selected on object 'Object Repository/Store Request Schedule 1/Page_Store/select_--Select--Schedule 1Inj'

2018-05-15 18:56:09 - [MESSAGE][PASSED] - All options with index in [10] are selected on object 'Object Repository/Store Request Schedule 1/Page_Store/select_--Select--Schedule 1Inj'

2018-05-15 18:56:09 - [TEST_STEP][PASSED] - Statement - SelectedOptions = com.kms.katalon.core.webui.keyword.WebUiBuiltInKeywords.getNumberOfTotalOption(com.kms.katalon.core.testobject.ObjectRepository.findTestObject(Store Request Schedule 1/Page_Store/select_--Select--Adernaline 0.)): 19 options of object 'Object Repository/Store Request Schedule 1/Page_Store/select_--Select--Adernaline 0.' counted

2018-05-15 18:56:09 - [MESSAGE][PASSED] - 19 options of object 'Object Repository/Store Request Schedule 1/Page_Store/select_--Select--Adernaline 0.' counted

2018-05-15 18:56:09 - [TEST_STEP][PASSED] - Statement - For ([y = 1, y < SelectedOptions, (y++)]): Object: 'Object Repository/Store Request Schedule 1/Page_Store/button_Add' is clicked on

2018-05-15 18:56:09 - [TEST_STEP][PASSED] - selectOptionByIndex: All options with index in [10] are selected on object 'Object Repository/Store Request Schedule 1/Page_Store/select_--Select--Schedule 1Inj'

2018-05-15 18:56:10 - [MESSAGE][PASSED] - All options with index in [10] are selected on object 'Object Repository/Store Request Schedule 1/Page_Store/select_--Select--Schedule 1Inj'

2018-05-15 18:56:10 - [TEST_STEP][PASSED] - delay: Delayed 1 second(s)

2018-05-15 18:56:11 - [MESSAGE][PASSED] - Delayed 1 second(s)

2018-05-15 18:56:11 - [TEST_STEP][PASSED] - selectOptionByIndex: All options with index in [1] are selected on object 'Object Repository/Store Request Schedule 1/Page_Store/select_--Select--Adernaline 0.'

2018-05-15 18:56:11 - [MESSAGE][PASSED] - All options with index in [1] are selected on object 'Object Repository/Store Request Schedule 1/Page_Store/select_--Select--Adernaline 0.'

2018-05-15 18:56:11 - [TEST_STEP][PASSED] - setText: Text '100' is set on object 'Object Repository/Store Request Schedule 1/Page_Store/input_txttreat'

2018-05-15 18:56:11 - [MESSAGE][PASSED] - Text '100' is set on object 'Object Repository/Store Request Schedule 1/Page_Store/input_txttreat'

2018-05-15 18:56:11 - [TEST_STEP][PASSED] - click: Object: 'Object Repository/Store Request Schedule 1/Page_Store/button_Add' is clicked on

2018-05-15 18:56:11 - [MESSAGE][PASSED] - Object: 'Object Repository/Store Request Schedule 1/Page_Store/button_Add' is clicked on

2018-05-15 18:56:11 - [TEST_STEP][PASSED] - selectOptionByIndex: All options with index in [10] are selected on object 'Object Repository/Store Request Schedule 1/Page_Store/select_--Select--Schedule 1Inj'

2018-05-15 18:56:11 - [MESSAGE][PASSED] - All options with index in [10] are selected on object 'Object Repository/Store Request Schedule 1/Page_Store/select_--Select--Schedule 1Inj'

2018-05-15 18:56:11 - [TEST_STEP][PASSED] - delay: Delayed 1 second(s)

2018-05-15 18:56:12 - [MESSAGE][PASSED] - Delayed 1 second(s)

2018-05-15 18:56:12 - [TEST_STEP][PASSED] - selectOptionByIndex: All options with index in [2] are selected on object 'Object Repository/Store Request Schedule 1/Page_Store/select_--Select--Adernaline 0.'

2018-05-15 18:56:12 - [MESSAGE][PASSED] - All options with index in [2] are selected on object 'Object Repository/Store Request Schedule 1/Page_Store/select_--Select--Adernaline 0.'

2018-05-15 18:56:12 - [TEST_STEP][PASSED] - setText: Text '100' is set on object 'Object Repository/Store Request Schedule 1/Page_Store/input_txttreat'

2018-05-15 18:56:12 - [MESSAGE][PASSED] - Text '100' is set on object 'Object Repository/Store Request Schedule 1/Page_Store/input_txttreat'

2018-05-15 18:56:12 - [TEST_STEP][PASSED] - click: Object: 'Object Repository/Store Request Schedule 1/Page_Store/button_Add' is clicked on

2018-05-15 18:56:12 - [MESSAGE][PASSED] - Object: 'Object Repository/Store Request Schedule 1/Page_Store/button_Add' is clicked on

2018-05-15 18:56:12 - [TEST_STEP][PASSED] - selectOptionByIndex: All options with index in [10] are selected on object 'Object Repository/Store Request Schedule 1/Page_Store/select_--Select--Schedule 1Inj'

2018-05-15 18:56:13 - [MESSAGE][PASSED] - All options with index in [10] are selected on object 'Object Repository/Store Request Schedule 1/Page_Store/select_--Select--Schedule 1Inj'

2018-05-15 18:56:13 - [TEST_STEP][PASSED] - delay: Delayed 1 second(s)

2018-05-15 18:56:14 - [MESSAGE][PASSED] - Delayed 1 second(s)

2018-05-15 18:56:14 - [TEST_STEP][PASSED] - selectOptionByIndex: All options with index in [3] are selected on object 'Object Repository/Store Request Schedule 1/Page_Store/select_--Select--Adernaline 0.'

2018-05-15 18:56:14 - [MESSAGE][PASSED] - All options with index in [3] are selected on object 'Object Repository/Store Request Schedule 1/Page_Store/select_--Select--Adernaline 0.'

2018-05-15 18:56:14 - [TEST_STEP][PASSED] - setText: Text '100' is set on object 'Object Repository/Store Request Schedule 1/Page_Store/input_txttreat'

2018-05-15 18:56:14 - [MESSAGE][PASSED] - Text '100' is set on object 'Object Repository/Store Request Schedule 1/Page_Store/input_txttreat'

2018-05-15 18:56:14 - [TEST_STEP][PASSED] - click: Object: 'Object Repository/Store Request Schedule 1/Page_Store/button_Add' is clicked on

2018-05-15 18:56:14 - [MESSAGE][PASSED] - Object: 'Object Repository/Store Request Schedule 1/Page_Store/button_Add' is clicked on

2018-05-15 18:56:14 - [TEST_STEP][PASSED] - selectOptionByIndex: All options with index in [10] are selected on object 'Object Repository/Store Request Schedule 1/Page_Store/select_--Select--Schedule 1Inj'

2018-05-15 18:56:14 - [MESSAGE][PASSED] - All options with index in [10] are selected on object 'Object Repository/Store Request Schedule 1/Page_Store/select_--Select--Schedule 1Inj'

2018-05-15 18:56:14 - [TEST_STEP][PASSED] - delay: Delayed 1 second(s)

2018-05-15 18:56:15 - [MESSAGE][PASSED] - Delayed 1 second(s)

2018-05-15 18:56:15 - [TEST_STEP][PASSED] - selectOptionByIndex: All options with index in [4] are selected on object 'Object Repository/Store Request Schedule 1/Page_Store/select_--Select--Adernaline 0.'

2018-05-15 18:56:15 - [MESSAGE][PASSED] - All options with index in [4] are selected on object 'Object Repository/Store Request Schedule 1/Page_Store/select_--Select--Adernaline 0.'

2018-05-15 18:56:15 - [TEST_STEP][PASSED] - setText: Text '100' is set on object 'Object Repository/Store Request Schedule 1/Page_Store/input_txttreat'

2018-05-15 18:56:15 - [MESSAGE][PASSED] - Text '100' is set on object 'Object Repository/Store Request Schedule 1/Page_Store/input_txttreat'

2018-05-15 18:56:15 - [TEST_STEP][PASSED] - click: Object: 'Object Repository/Store Request Schedule 1/Page_Store/button_Add' is clicked on

2018-05-15 18:56:15 - [MESSAGE][PASSED] - Object: 'Object Repository/Store Request Schedule 1/Page_Store/button_Add' is clicked on

2018-05-15 18:56:15 - [TEST_STEP][PASSED] - selectOptionByIndex: All options with index in [10] are selected on object 'Object Repository/Store Request Schedule 1/Page_Store/select_--Select--Schedule 1Inj'

2018-05-15 18:56:16 - [MESSAGE][PASSED] - All options with index in [10] are selected on object 'Object Repository/Store Request Schedule 1/Page_Store/select_--Select--Schedule 1Inj'

2018-05-15 18:56:16 - [TEST_STEP][PASSED] - delay: Delayed 1 second(s)

2018-05-15 18:56:17 - [MESSAGE][PASSED] - Delayed 1 second(s)

2018-05-15 18:56:17 - [TEST_STEP][PASSED] - selectOptionByIndex: All options with index in [5] are selected on object 'Object Repository/Store Request Schedule 1/Page_Store/select_--Select--Adernaline 0.'

2018-05-15 18:56:17 - [MESSAGE][PASSED] - All options with index in [5] are selected on object 'Object Repository/Store Request Schedule 1/Page_Store/select_--Select--Adernaline 0.'

2018-05-15 18:56:17 - [TEST_STEP][PASSED] - setText: Text '100' is set on object 'Object Repository/Store Request Schedule 1/Page_Store/input_txttreat'

2018-05-15 18:56:17 - [MESSAGE][PASSED] - Text '100' is set on object 'Object Repository/Store Request Schedule 1/Page_Store/input_txttreat'

2018-05-15 18:56:17 - [TEST_STEP][PASSED] - click: Object: 'Object Repository/Store Request Schedule 1/Page_Store/button_Add' is clicked on

2018-05-15 18:56:17 - [MESSAGE][PASSED] - Object: 'Object Repository/Store Request Schedule 1/Page_Store/button_Add' is clicked on

2018-05-15 18:56:17 - [TEST_STEP][PASSED] - selectOptionByIndex: All options with index in [10] are selected on object 'Object Repository/Store Request Schedule 1/Page_Store/select_--Select--Schedule 1Inj'

2018-05-15 18:56:17 - [MESSAGE][PASSED] - All options with index in [10] are selected on object 'Object Repository/Store Request Schedule 1/Page_Store/select_--Select--Schedule 1Inj'

2018-05-15 18:56:17 - [TEST_STEP][PASSED] - delay: Delayed 1 second(s)

2018-05-15 18:56:18 - [MESSAGE][PASSED] - Delayed 1 second(s)

2018-05-15 18:56:18 - [TEST_STEP][PASSED] - selectOptionByIndex: All options with index in [6] are selected on object 'Object Repository/Store Request Schedule 1/Page_Store/select_--Select--Adernaline 0.'

2018-05-15 18:56:18 - [MESSAGE][PASSED] - All options with index in [6] are selected on object 'Object Repository/Store Request Schedule 1/Page_Store/select_--Select--Adernaline 0.'

2018-05-15 18:56:18 - [TEST_STEP][PASSED] - setText: Text '100' is set on object 'Object Repository/Store Request Schedule 1/Page_Store/input_txttreat'

2018-05-15 18:56:18 - [MESSAGE][PASSED] - Text '100' is set on object 'Object Repository/Store Request Schedule 1/Page_Store/input_txttreat'

2018-05-15 18:56:18 - [TEST_STEP][PASSED] - click: Object: 'Object Repository/Store Request Schedule 1/Page_Store/button_Add' is clicked on

2018-05-15 18:56:18 - [MESSAGE][PASSED] - Object: 'Object Repository/Store Request Schedule 1/Page_Store/button_Add' is clicked on

2018-05-15 18:56:18 - [TEST_STEP][PASSED] - selectOptionByIndex: All options with index in [10] are selected on object 'Object Repository/Store Request Schedule 1/Page_Store/select_--Select--Schedule 1Inj'

2018-05-15 18:56:19 - [MESSAGE][PASSED] - All options with index in [10] are selected on object 'Object Repository/Store Request Schedule 1/Page_Store/select_--Select--Schedule 1Inj'

2018-05-15 18:56:19 - [TEST_STEP][PASSED] - delay: Delayed 1 second(s)

2018-05-15 18:56:20 - [MESSAGE][PASSED] - Delayed 1 second(s)

2018-05-15 18:56:20 - [TEST_STEP][PASSED] - selectOptionByIndex: All options with index in [7] are selected on object 'Object Repository/Store Request Schedule 1/Page_Store/select_--Select--Adernaline 0.'

2018-05-15 18:56:20 - [MESSAGE][PASSED] - All options with index in [7] are selected on object 'Object Repository/Store Request Schedule 1/Page_Store/select_--Select--Adernaline 0.'

2018-05-15 18:56:20 - [TEST_STEP][PASSED] - setText: Text '100' is set on object 'Object Repository/Store Request Schedule 1/Page_Store/input_txttreat'

2018-05-15 18:56:20 - [MESSAGE][PASSED] - Text '100' is set on object 'Object Repository/Store Request Schedule 1/Page_Store/input_txttreat'

2018-05-15 18:56:20 - [TEST_STEP][PASSED] - click: Object: 'Object Repository/Store Request Schedule 1/Page_Store/button_Add' is clicked on

2018-05-15 18:56:20 - [MESSAGE][PASSED] - Object: 'Object Repository/Store Request Schedule 1/Page_Store/button_Add' is clicked on

2018-05-15 18:56:20 - [TEST_STEP][PASSED] - selectOptionByIndex: All options with index in [10] are selected on object 'Object Repository/Store Request Schedule 1/Page_Store/select_--Select--Schedule 1Inj'

2018-05-15 18:56:20 - [MESSAGE][PASSED] - All options with index in [10] are selected on object 'Object Repository/Store Request Schedule 1/Page_Store/select_--Select--Schedule 1Inj'

2018-05-15 18:56:20 - [TEST_STEP][PASSED] - delay: Delayed 1 second(s)

2018-05-15 18:56:21 - [MESSAGE][PASSED] - Delayed 1 second(s)

2018-05-15 18:56:21 - [TEST_STEP][PASSED] - selectOptionByIndex: All options with index in [8] are selected on object 'Object Repository/Store Request Schedule 1/Page_Store/select_--Select--Adernaline 0.'

2018-05-15 18:56:21 - [MESSAGE][PASSED] - All options with index in [8] are selected on object 'Object Repository/Store Request Schedule 1/Page_Store/select_--Select--Adernaline 0.'

2018-05-15 18:56:21 - [TEST_STEP][PASSED] - setText: Text '100' is set on object 'Object Repository/Store Request Schedule 1/Page_Store/input_txttreat'

2018-05-15 18:56:21 - [MESSAGE][PASSED] - Text '100' is set on object 'Object Repository/Store Request Schedule 1/Page_Store/input_txttreat'

2018-05-15 18:56:21 - [TEST_STEP][PASSED] - click: Object: 'Object Repository/Store Request Schedule 1/Page_Store/button_Add' is clicked on

2018-05-15 18:56:21 - [MESSAGE][PASSED] - Object: 'Object Repository/Store Request Schedule 1/Page_Store/button_Add' is clicked on

2018-05-15 18:56:21 - [TEST_STEP][PASSED] - selectOptionByIndex: All options with index in [10] are selected on object 'Object Repository/Store Request Schedule 1/Page_Store/select_--Select--Schedule 1Inj'

2018-05-15 18:56:22 - [MESSAGE][PASSED] - All options with index in [10] are selected on object 'Object Repository/Store Request Schedule 1/Page_Store/select_--Select--Schedule 1Inj'

2018-05-15 18:56:22 - [TEST_STEP][PASSED] - delay: Delayed 1 second(s)

2018-05-15 18:56:23 - [MESSAGE][PASSED] - Delayed 1 second(s)

2018-05-15 18:56:23 - [TEST_STEP][PASSED] - selectOptionByIndex: All options with index in [9] are selected on object 'Object Repository/Store Request Schedule 1/Page_Store/select_--Select--Adernaline 0.'

2018-05-15 18:56:23 - [MESSAGE][PASSED] - All options with index in [9] are selected on object 'Object Repository/Store Request Schedule 1/Page_Store/select_--Select--Adernaline 0.'

2018-05-15 18:56:23 - [TEST_STEP][PASSED] - setText: Text '100' is set on object 'Object Repository/Store Request Schedule 1/Page_Store/input_txttreat'

2018-05-15 18:56:23 - [MESSAGE][PASSED] - Text '100' is set on object 'Object Repository/Store Request Schedule 1/Page_Store/input_txttreat'

2018-05-15 18:56:23 - [TEST_STEP][PASSED] - click: Object: 'Object Repository/Store Request Schedule 1/Page_Store/button_Add' is clicked on

2018-05-15 18:56:23 - [MESSAGE][PASSED] - Object: 'Object Repository/Store Request Schedule 1/Page_Store/button_Add' is clicked on

2018-05-15 18:56:23 - [TEST_STEP][PASSED] - selectOptionByIndex: All options with index in [10] are selected on object 'Object Repository/Store Request Schedule 1/Page_Store/select_--Select--Schedule 1Inj'

2018-05-15 18:56:23 - [MESSAGE][PASSED] - All options with index in [10] are selected on object 'Object Repository/Store Request Schedule 1/Page_Store/select_--Select--Schedule 1Inj'

2018-05-15 18:56:23 - [TEST_STEP][PASSED] - delay: Delayed 1 second(s)

2018-05-15 18:56:24 - [MESSAGE][PASSED] - Delayed 1 second(s)

2018-05-15 18:56:24 - [TEST_STEP][PASSED] - selectOptionByIndex: All options with index in [10] are selected on object 'Object Repository/Store Request Schedule 1/Page_Store/select_--Select--Adernaline 0.'

2018-05-15 18:56:24 - [MESSAGE][PASSED] - All options with index in [10] are selected on object 'Object Repository/Store Request Schedule 1/Page_Store/select_--Select--Adernaline 0.'

2018-05-15 18:56:24 - [TEST_STEP][PASSED] - setText: Text '100' is set on object 'Object Repository/Store Request Schedule 1/Page_Store/input_txttreat'

2018-05-15 18:56:24 - [MESSAGE][PASSED] - Text '100' is set on object 'Object Repository/Store Request Schedule 1/Page_Store/input_txttreat'

2018-05-15 18:56:24 - [TEST_STEP][PASSED] - click: Object: 'Object Repository/Store Request Schedule 1/Page_Store/button_Add' is clicked on

2018-05-15 18:56:24 - [MESSAGE][PASSED] - Object: 'Object Repository/Store Request Schedule 1/Page_Store/button_Add' is clicked on

2018-05-15 18:56:24 - [TEST_STEP][PASSED] - selectOptionByIndex: All options with index in [10] are selected on object 'Object Repository/Store Request Schedule 1/Page_Store/select_--Select--Schedule 1Inj'

2018-05-15 18:56:25 - [MESSAGE][PASSED] - All options with index in [10] are selected on object 'Object Repository/Store Request Schedule 1/Page_Store/select_--Select--Schedule 1Inj'

2018-05-15 18:56:25 - [TEST_STEP][PASSED] - delay: Delayed 1 second(s)

2018-05-15 18:56:26 - [MESSAGE][PASSED] - Delayed 1 second(s)

2018-05-15 18:56:26 - [TEST_STEP][PASSED] - selectOptionByIndex: All options with index in [11] are selected on object 'Object Repository/Store Request Schedule 1/Page_Store/select_--Select--Adernaline 0.'

2018-05-15 18:56:26 - [MESSAGE][PASSED] - All options with index in [11] are selected on object 'Object Repository/Store Request Schedule 1/Page_Store/select_--Select--Adernaline 0.'

2018-05-15 18:56:26 - [TEST_STEP][PASSED] - setText: Text '100' is set on object 'Object Repository/Store Request Schedule 1/Page_Store/input_txttreat'

2018-05-15 18:56:26 - [MESSAGE][PASSED] - Text '100' is set on object 'Object Repository/Store Request Schedule 1/Page_Store/input_txttreat'

2018-05-15 18:56:26 - [TEST_STEP][PASSED] - click: Object: 'Object Repository/Store Request Schedule 1/Page_Store/button_Add' is clicked on

2018-05-15 18:56:26 - [MESSAGE][PASSED] - Object: 'Object Repository/Store Request Schedule 1/Page_Store/button_Add' is clicked on

2018-05-15 18:56:26 - [TEST_STEP][PASSED] - selectOptionByIndex: All options with index in [10] are selected on object 'Object Repository/Store Request Schedule 1/Page_Store/select_--Select--Schedule 1Inj'

2018-05-15 18:56:26 - [MESSAGE][PASSED] - All options with index in [10] are selected on object 'Object Repository/Store Request Schedule 1/Page_Store/select_--Select--Schedule 1Inj'

2018-05-15 18:56:26 - [TEST_STEP][PASSED] - delay: Delayed 1 second(s)

2018-05-15 18:56:27 - [MESSAGE][PASSED] - Delayed 1 second(s)

2018-05-15 18:56:27 - [TEST_STEP][PASSED] - selectOptionByIndex: All options with index in [12] are selected on object 'Object Repository/Store Request Schedule 1/Page_Store/select_--Select--Adernaline 0.'

2018-05-15 18:56:27 - [MESSAGE][PASSED] - All options with index in [12] are selected on object 'Object Repository/Store Request Schedule 1/Page_Store/select_--Select--Adernaline 0.'

2018-05-15 18:56:27 - [TEST_STEP][PASSED] - setText: Text '100' is set on object 'Object Repository/Store Request Schedule 1/Page_Store/input_txttreat'

2018-05-15 18:56:28 - [MESSAGE][PASSED] - Text '100' is set on object 'Object Repository/Store Request Schedule 1/Page_Store/input_txttreat'

2018-05-15 18:56:28 - [TEST_STEP][PASSED] - click: Object: 'Object Repository/Store Request Schedule 1/Page_Store/button_Add' is clicked on

2018-05-15 18:56:28 - [MESSAGE][PASSED] - Object: 'Object Repository/Store Request Schedule 1/Page_Store/button_Add' is clicked on

2018-05-15 18:56:28 - [TEST_STEP][PASSED] - selectOptionByIndex: All options with index in [10] are selected on object 'Object Repository/Store Request Schedule 1/Page_Store/select_--Select--Schedule 1Inj'

2018-05-15 18:56:28 - [MESSAGE][PASSED] - All options with index in [10] are selected on object 'Object Repository/Store Request Schedule 1/Page_Store/select_--Select--Schedule 1Inj'

2018-05-15 18:56:28 - [TEST_STEP][PASSED] - delay: Delayed 1 second(s)

2018-05-15 18:56:29 - [MESSAGE][PASSED] - Delayed 1 second(s)

2018-05-15 18:56:29 - [TEST_STEP][PASSED] - selectOptionByIndex: All options with index in [13] are selected on object 'Object Repository/Store Request Schedule 1/Page_Store/select_--Select--Adernaline 0.'

2018-05-15 18:56:29 - [MESSAGE][PASSED] - All options with index in [13] are selected on object 'Object Repository/Store Request Schedule 1/Page_Store/select_--Select--Adernaline 0.'

2018-05-15 18:56:29 - [TEST_STEP][PASSED] - setText: Text '100' is set on object 'Object Repository/Store Request Schedule 1/Page_Store/input_txttreat'

2018-05-15 18:56:29 - [MESSAGE][PASSED] - Text '100' is set on object 'Object Repository/Store Request Schedule 1/Page_Store/input_txttreat'

2018-05-15 18:56:29 - [TEST_STEP][PASSED] - click: Object: 'Object Repository/Store Request Schedule 1/Page_Store/button_Add' is clicked on

2018-05-15 18:56:29 - [MESSAGE][PASSED] - Object: 'Object Repository/Store Request Schedule 1/Page_Store/button_Add' is clicked on

2018-05-15 18:56:29 - [TEST_STEP][PASSED] - selectOptionByIndex: All options with index in [10] are selected on object 'Object Repository/Store Request Schedule 1/Page_Store/select_--Select--Schedule 1Inj'

2018-05-15 18:56:29 - [MESSAGE][PASSED] - All options with index in [10] are selected on object 'Object Repository/Store Request Schedule 1/Page_Store/select_--Select--Schedule 1Inj'

2018-05-15 18:56:29 - [TEST_STEP][PASSED] - delay: Delayed 1 second(s)

2018-05-15 18:56:30 - [MESSAGE][PASSED] - Delayed 1 second(s)

2018-05-15 18:56:30 - [TEST_STEP][PASSED] - selectOptionByIndex: All options with index in [14] are selected on object 'Object Repository/Store Request Schedule 1/Page_Store/select_--Select--Adernaline 0.'

2018-05-15 18:56:31 - [MESSAGE][PASSED] - All options with index in [14] are selected on object 'Object Repository/Store Request Schedule 1/Page_Store/select_--Select--Adernaline 0.'

2018-05-15 18:56:31 - [TEST_STEP][PASSED] - setText: Text '100' is set on object 'Object Repository/Store Request Schedule 1/Page_Store/input_txttreat'

2018-05-15 18:56:31 - [MESSAGE][PASSED] - Text '100' is set on object 'Object Repository/Store Request Schedule 1/Page_Store/input_txttreat'

2018-05-15 18:56:31 - [TEST_STEP][PASSED] - click: Object: 'Object Repository/Store Request Schedule 1/Page_Store/button_Add' is clicked on

2018-05-15 18:56:31 - [MESSAGE][PASSED] - Object: 'Object Repository/Store Request Schedule 1/Page_Store/button_Add' is clicked on

2018-05-15 18:56:31 - [TEST_STEP][PASSED] - selectOptionByIndex: All options with index in [10] are selected on object 'Object Repository/Store Request Schedule 1/Page_Store/select_--Select--Schedule 1Inj'

2018-05-15 18:56:31 - [MESSAGE][PASSED] - All options with index in [10] are selected on object 'Object Repository/Store Request Schedule 1/Page_Store/select_--Select--Schedule 1Inj'

2018-05-15 18:56:31 - [TEST_STEP][PASSED] - delay: Delayed 1 second(s)

2018-05-15 18:56:32 - [MESSAGE][PASSED] - Delayed 1 second(s)

2018-05-15 18:56:32 - [TEST_STEP][PASSED] - selectOptionByIndex: All options with index in [15] are selected on object 'Object Repository/Store Request Schedule 1/Page_Store/select_--Select--Adernaline 0.'

2018-05-15 18:56:32 - [MESSAGE][PASSED] - All options with index in [15] are selected on object 'Object Repository/Store Request Schedule 1/Page_Store/select_--Select--Adernaline 0.'

2018-05-15 18:56:32 - [TEST_STEP][PASSED] - setText: Text '100' is set on object 'Object Repository/Store Request Schedule 1/Page_Store/input_txttreat'

2018-05-15 18:56:32 - [MESSAGE][PASSED] - Text '100' is set on object 'Object Repository/Store Request Schedule 1/Page_Store/input_txttreat'

2018-05-15 18:56:32 - [TEST_STEP][PASSED] - click: Object: 'Object Repository/Store Request Schedule 1/Page_Store/button_Add' is clicked on

2018-05-15 18:56:32 - [MESSAGE][PASSED] - Object: 'Object Repository/Store Request Schedule 1/Page_Store/button_Add' is clicked on

2018-05-15 18:56:32 - [TEST_STEP][PASSED] - selectOptionByIndex: All options with index in [10] are selected on object 'Object Repository/Store Request Schedule 1/Page_Store/select_--Select--Schedule 1Inj'

2018-05-15 18:56:32 - [MESSAGE][PASSED] - All options with index in [10] are selected on object 'Object Repository/Store Request Schedule 1/Page_Store/select_--Select--Schedule 1Inj'

2018-05-15 18:56:32 - [TEST_STEP][PASSED] - delay: Delayed 1 second(s)

2018-05-15 18:56:33 - [MESSAGE][PASSED] - Delayed 1 second(s)

2018-05-15 18:56:33 - [TEST_STEP][PASSED] - selectOptionByIndex: All options with index in [16] are selected on object 'Object Repository/Store Request Schedule 1/Page_Store/select_--Select--Adernaline 0.'

2018-05-15 18:56:34 - [MESSAGE][PASSED] - All options with index in [16] are selected on object 'Object Repository/Store Request Schedule 1/Page_Store/select_--Select--Adernaline 0.'

2018-05-15 18:56:34 - [TEST_STEP][PASSED] - setText: Text '100' is set on object 'Object Repository/Store Request Schedule 1/Page_Store/input_txttreat'

2018-05-15 18:56:34 - [MESSAGE][PASSED] - Text '100' is set on object 'Object Repository/Store Request Schedule 1/Page_Store/input_txttreat'

2018-05-15 18:56:34 - [TEST_STEP][PASSED] - click: Object: 'Object Repository/Store Request Schedule 1/Page_Store/button_Add' is clicked on

2018-05-15 18:56:34 - [MESSAGE][PASSED] - Object: 'Object Repository/Store Request Schedule 1/Page_Store/button_Add' is clicked on

2018-05-15 18:56:34 - [TEST_STEP][PASSED] - selectOptionByIndex: All options with index in [10] are selected on object 'Object Repository/Store Request Schedule 1/Page_Store/select_--Select--Schedule 1Inj'

2018-05-15 18:56:34 - [MESSAGE][PASSED] - All options with index in [10] are selected on object 'Object Repository/Store Request Schedule 1/Page_Store/select_--Select--Schedule 1Inj'

2018-05-15 18:56:34 - [TEST_STEP][PASSED] - delay: Delayed 1 second(s)

2018-05-15 18:56:35 - [MESSAGE][PASSED] - Delayed 1 second(s)

2018-05-15 18:56:35 - [TEST_STEP][PASSED] - selectOptionByIndex: All options with index in [17] are selected on object 'Object Repository/Store Request Schedule 1/Page_Store/select_--Select--Adernaline 0.'

2018-05-15 18:56:35 - [MESSAGE][PASSED] - All options with index in [17] are selected on object 'Object Repository/Store Request Schedule 1/Page_Store/select_--Select--Adernaline 0.'

2018-05-15 18:56:35 - [TEST_STEP][PASSED] - setText: Text '100' is set on object 'Object Repository/Store Request Schedule 1/Page_Store/input_txttreat'

2018-05-15 18:56:35 - [MESSAGE][PASSED] - Text '100' is set on object 'Object Repository/Store Request Schedule 1/Page_Store/input_txttreat'

2018-05-15 18:56:35 - [TEST_STEP][PASSED] - click: Object: 'Object Repository/Store Request Schedule 1/Page_Store/button_Add' is clicked on

2018-05-15 18:56:35 - [MESSAGE][PASSED] - Object: 'Object Repository/Store Request Schedule 1/Page_Store/button_Add' is clicked on

2018-05-15 18:56:35 - [TEST_STEP][PASSED] - selectOptionByIndex: All options with index in [10] are selected on object 'Object Repository/Store Request Schedule 1/Page_Store/select_--Select--Schedule 1Inj'

2018-05-15 18:56:36 - [MESSAGE][PASSED] - All options with index in [10] are selected on object 'Object Repository/Store Request Schedule 1/Page_Store/select_--Select--Schedule 1Inj'

2018-05-15 18:56:36 - [TEST_STEP][PASSED] - delay: Delayed 1 second(s)

2018-05-15 18:56:37 - [MESSAGE][PASSED] - Delayed 1 second(s)

2018-05-15 18:56:37 - [TEST_STEP][PASSED] - selectOptionByIndex: All options with index in [18] are selected on object 'Object Repository/Store Request Schedule 1/Page_Store/select_--Select--Adernaline 0.'

2018-05-15 18:56:37 - [MESSAGE][PASSED] - All options with index in [18] are selected on object 'Object Repository/Store Request Schedule 1/Page_Store/select_--Select--Adernaline 0.'

2018-05-15 18:56:37 - [TEST_STEP][PASSED] - setText: Text '100' is set on object 'Object Repository/Store Request Schedule 1/Page_Store/input_txttreat'

2018-05-15 18:56:37 - [MESSAGE][PASSED] - Text '100' is set on object 'Object Repository/Store Request Schedule 1/Page_Store/input_txttreat'

2018-05-15 18:56:37 - [TEST_STEP][PASSED] - click: Object: 'Object Repository/Store Request Schedule 1/Page_Store/button_Add' is clicked on

2018-05-15 18:56:37 - [MESSAGE][PASSED] - Object: 'Object Repository/Store Request Schedule 1/Page_Store/button_Add' is clicked on

2018-05-15 18:56:37 - [TEST_STEP][PASSED] - delay: Delayed 2 second(s)

2018-05-15 18:56:39 - [MESSAGE][PASSED] - Delayed 2 second(s)

2018-05-15 18:56:39 - [TEST_STEP][PASSED] - scrollToElement: Scroll to object 'Object Repository/Store Request Schedule 1/Page_Store/input_btnsave' successfully

2018-05-15 18:56:39 - [MESSAGE][PASSED] - Scroll to object 'Object Repository/Store Request Schedule 1/Page_Store/input_btnsave' successfully

2018-05-15 18:56:39 - [TEST_STEP][PASSED] - click: Object: 'Object Repository/Store Request Schedule 1/Page_Store/input_btnsave' is clicked on

2018-05-15 18:56:39 - [MESSAGE][PASSED] - Object: 'Object Repository/Store Request Schedule 1/Page_Store/input_btnsave' is clicked on

2018-05-15 18:56:39 - [TEST_STEP][PASSED] - delay: Delayed 4 second(s)

2018-05-15 18:56:43 - [MESSAGE][PASSED] - Delayed 4 second(s)

2018-05-15 18:56:43 - [TEST_STEP][PASSED] - Statement - Cms_RequestNumber = com.kms.katalon.core.webui.keyword.WebUiBuiltInKeywords.getText(com.kms.katalon.core.testobject.ObjectRepository.findTestObject(Store Request Schedule 1/Page_Store/font_PRNO050520189)): Text of object 'Object Repository/Store Request Schedule 1/Page_Store/font_PRNO050520189' is: 'PRNO/15052018/156'

2018-05-15 18:56:43 - [MESSAGE][PASSED] - Text of object 'Object Repository/Store Request Schedule 1/Page_Store/font_PRNO050520189' is: 'PRNO/15052018/156'

2018-05-15 18:56:43 - [TEST_STEP][PASSED] - Statement - CR = Cms_RequestNumber.trim(): null

2018-05-15 18:56:43 - [TEST_STEP][PASSED] - Statement - out.println("RQ :" + Cms_RequestNumber): null

2018-05-15 18:56:43 - [TEST_STEP][PASSED] - Statement - RequestNumberID = Cms_RequestNumber.split("/")[2].trim(): null

2018-05-15 18:56:43 - [TEST_STEP][PASSED] - Statement - out.println("RQ ID :" + RequestNumberID): null

2018-05-15 18:56:43 - [TEST_STEP][PASSED] - delay: Delayed 3 second(s)

2018-05-15 18:56:46 - [MESSAGE][PASSED] - Delayed 3 second(s)

2018-05-15 18:56:46 - [TEST_STEP][PASSED] - Statement - ok = com.kms.katalon.core.webui.keyword.WebUiBuiltInKeywords.click(com.kms.katalon.core.testobject.ObjectRepository.findTestObject(Store Request Schedule 1/Page_Store/button_OK)): Object: 'Object Repository/Store Request Schedule 1/Page_Store/button_OK' is clicked on

2018-05-15 18:56:47 - [MESSAGE][PASSED] - Object: 'Object Repository/Store Request Schedule 1/Page_Store/button_OK' is clicked on

2018-05-15 18:56:47 - [TEST_STEP][PASSED] - delay: Delayed 3 second(s)

2018-05-15 18:56:50 - [MESSAGE][PASSED] - Delayed 3 second(s)

2018-05-15 18:56:50 - [TEST_STEP][PASSED] - click: Object: 'Object Repository/Store Request Schedule 1/Page_Store/a_dropdown-toggle' is clicked on

2018-05-15 18:56:50 - [MESSAGE][PASSED] - Object: 'Object Repository/Store Request Schedule 1/Page_Store/a_dropdown-toggle' is clicked on

2018-05-15 18:56:50 - [TEST_STEP][PASSED] - click: Object: 'Object Repository/Store Request Schedule 1/Page_Store/a_Sign out' is clicked on

2018-05-15 18:56:51 - [MESSAGE][PASSED] - Object: 'Object Repository/Store Request Schedule 1/Page_Store/a_Sign out' is clicked on

2018-05-15 18:56:51 - [TEST_STEP][PASSED] - delay: Delayed 3 second(s)

2018-05-15 18:56:54 - [MESSAGE][PASSED] - Delayed 3 second(s)

2018-05-15 18:56:54 - [TEST_STEP][PASSED] - click: Object: 'Object Repository/Store Request Schedule 1/Page_KDMC/a_CMO' is clicked on

2018-05-15 18:56:54 - [MESSAGE][PASSED] - Object: 'Object Repository/Store Request Schedule 1/Page_KDMC/a_CMO' is clicked on

2018-05-15 18:56:54 - [TEST_STEP][PASSED] - setText: Text 'guru' is set on object 'Object Repository/Store Request Schedule 1/Page_CMO login/input_txtusername'

2018-05-15 18:56:54 - [MESSAGE][PASSED] - Text 'guru' is set on object 'Object Repository/Store Request Schedule 1/Page_CMO login/input_txtusername'

2018-05-15 18:56:54 - [TEST_STEP][PASSED] - setText: Text '123' is set on object 'Object Repository/Store Request Schedule 1/Page_CMO login/input_txtpassword'

2018-05-15 18:56:54 - [MESSAGE][PASSED] - Text '123' is set on object 'Object Repository/Store Request Schedule 1/Page_CMO login/input_txtpassword'

2018-05-15 18:56:54 - [TEST_STEP][PASSED] - delay: Delayed 3 second(s)

2018-05-15 18:56:57 - [MESSAGE][PASSED] - Delayed 3 second(s)

2018-05-15 18:56:57 - [TEST_STEP][PASSED] - click: Object: 'Object Repository/Store Request Schedule 1/Page_CMO login/button_Sign in' is clicked on

2018-05-15 18:56:58 - [MESSAGE][PASSED] - Object: 'Object Repository/Store Request Schedule 1/Page_CMO login/button_Sign in' is clicked on

2018-05-15 18:56:58 - [TEST_STEP][PASSED] - delay: Delayed 2 second(s)

2018-05-15 18:57:00 - [MESSAGE][PASSED] - Delayed 2 second(s)

2018-05-15 18:57:00 - [TEST_STEP][PASSED] - click: Object: 'Object Repository/Store Request Schedule 1/Page_KDMC - CMO/span_Department Wise Request' is clicked on

2018-05-15 18:57:01 - [MESSAGE][PASSED] - Object: 'Object Repository/Store Request Schedule 1/Page_KDMC - CMO/span_Department Wise Request' is clicked on

2018-05-15 18:57:01 - [TEST_STEP][PASSED] - click: Object: 'Object Repository/Store Request Schedule 1/Page_KDMC - CMO/a_CMS Request' is clicked on

2018-05-15 18:57:01 - [MESSAGE][PASSED] - Object: 'Object Repository/Store Request Schedule 1/Page_KDMC - CMO/a_CMS Request' is clicked on

2018-05-15 18:57:01 - [TEST_STEP][PASSED] - click: Object: 'Object Repository/Store Request Schedule 1/Page_KDMC - CMO/a_CMS Request' is clicked on

2018-05-15 18:57:01 - [MESSAGE][PASSED] - Object: 'Object Repository/Store Request Schedule 1/Page_KDMC - CMO/a_CMS Request' is clicked on

2018-05-15 18:57:01 - [TEST_STEP][PASSED] - click: Object: 'Object Repository/Store Request Schedule 1/Page_KDMC - CMO/span_Divisional Store Request' is clicked on

2018-05-15 18:57:02 - [MESSAGE][PASSED] - Object: 'Object Repository/Store Request Schedule 1/Page_KDMC - CMO/span_Divisional Store Request' is clicked on

2018-05-15 18:57:02 - [TEST_STEP][PASSED] - delay: Delayed 2 second(s)

2018-05-15 18:57:05 - [MESSAGE][PASSED] - Delayed 2 second(s)

2018-05-15 18:57:05 - [TEST_STEP][PASSED] - Statement - approval = com.kms.katalon.core.webui.keyword.WebUiBuiltInKeywords.modifyObjectProperty(com.kms.katalon.core.testobject.ObjectRepository.findTestObject(Store Request Schedule 1/Page_KDMC - CMO/input_PRNO050520189), "xpath", "equals", "//*[@id=" + RequestNumberID + "]", true): Modify property of object successfully

2018-05-15 18:57:05 - [MESSAGE][PASSED] - Modify property of object successfully

2018-05-15 18:57:05 - [TEST_STEP][PASSED] - click: Object: 'Object Repository/Store Request Schedule 1/Page_KDMC - CMO/input_PRNO050520189' is clicked on

2018-05-15 18:57:05 - [MESSAGE][PASSED] - Object: 'Object Repository/Store Request Schedule 1/Page_KDMC - CMO/input_PRNO050520189' is clicked on

2018-05-15 18:57:05 - [TEST_STEP][PASSED] - delay: Delayed 2 second(s)

2018-05-15 18:57:07 - [MESSAGE][PASSED] - Delayed 2 second(s)

2018-05-15 18:57:07 - [TEST_STEP][PASSED] - selectOptionByIndex: All options with index in [1] are selected on object 'Object Repository/Store Request Schedule 1/Page_KDMC - CMO/select_--Select--'

2018-05-15 18:57:07 - [MESSAGE][PASSED] - All options with index in [1] are selected on object 'Object Repository/Store Request Schedule 1/Page_KDMC - CMO/select_--Select--'

2018-05-15 18:57:07 - [TEST_STEP][PASSED] - click: Object: 'Object Repository/Store Request Schedule 1/Page_KDMC - CMO/input_btnupdate' is clicked on

2018-05-15 18:57:07 - [MESSAGE][PASSED] - Object: 'Object Repository/Store Request Schedule 1/Page_KDMC - CMO/input_btnupdate' is clicked on

2018-05-15 18:57:07 - [TEST_STEP][PASSED] - delay: Delayed 2 second(s)

2018-05-15 18:57:09 - [MESSAGE][PASSED] - Delayed 2 second(s)

2018-05-15 18:57:09 - [TEST_STEP][PASSED] - click: Object: 'Object Repository/Store Request Schedule 1/Page_KDMC - CMO/button_OK' is clicked on

2018-05-15 18:57:09 - [MESSAGE][PASSED] - Object: 'Object Repository/Store Request Schedule 1/Page_KDMC - CMO/button_OK' is clicked on

2018-05-15 18:57:09 - [TEST_STEP][PASSED] - delay: Delayed 2 second(s)

2018-05-15 18:57:11 - [MESSAGE][PASSED] - Delayed 2 second(s)

2018-05-15 18:57:11 - [TEST_STEP][PASSED] - click: Object: 'Object Repository/Store Request Schedule 1/Page_KDMC - CMO/a_dropdown-toggle' is clicked on

2018-05-15 18:57:11 - [MESSAGE][PASSED] - Object: 'Object Repository/Store Request Schedule 1/Page_KDMC - CMO/a_dropdown-toggle' is clicked on

2018-05-15 18:57:11 - [TEST_STEP][PASSED] - click: Object: 'Object Repository/Store Request Schedule 1/Page_KDMC - CMO/a_Sign out' is clicked on

2018-05-15 18:57:12 - [MESSAGE][PASSED] - Object: 'Object Repository/Store Request Schedule 1/Page_KDMC - CMO/a_Sign out' is clicked on

2018-05-15 18:57:12 - [TEST_STEP][PASSED] - delay: Delayed 3 second(s)

2018-05-15 18:57:15 - [MESSAGE][PASSED] - Delayed 3 second(s)

2018-05-15 18:57:15 - [TEST_STEP][PASSED] - click: Object: 'Object Repository/store Request Schedule 1/Page_KDMC/a_CMS' is clicked on

2018-05-15 18:57:15 - [MESSAGE][PASSED] - Object: 'Object Repository/store Request Schedule 1/Page_KDMC/a_CMS' is clicked on

2018-05-15 18:57:15 - [TEST_STEP][PASSED] - setText: Text 'bala' is set on object 'Object Repository/store Request Schedule 1/Page_CMS login/input_txtusername'

2018-05-15 18:57:15 - [MESSAGE][PASSED] - Text 'bala' is set on object 'Object Repository/store Request Schedule 1/Page_CMS login/input_txtusername'

2018-05-15 18:57:15 - [TEST_STEP][PASSED] - setText: Text '123' is set on object 'Object Repository/store Request Schedule 1/Page_CMS login/input_txtpassword'

2018-05-15 18:57:15 - [MESSAGE][PASSED] - Text '123' is set on object 'Object Repository/store Request Schedule 1/Page_CMS login/input_txtpassword'

2018-05-15 18:57:15 - [TEST_STEP][PASSED] - delay: Delayed 3 second(s)

2018-05-15 18:57:18 - [MESSAGE][PASSED] - Delayed 3 second(s)

2018-05-15 18:57:18 - [TEST_STEP][PASSED] - click: Object: 'Object Repository/store Request Schedule 1/Page_CMS login/button_Sign in' is clicked on

2018-05-15 18:57:19 - [MESSAGE][PASSED] - Object: 'Object Repository/store Request Schedule 1/Page_CMS login/button_Sign in' is clicked on

2018-05-15 18:57:19 - [TEST_STEP][PASSED] - delay: Delayed 2 second(s)

2018-05-15 18:57:21 - [MESSAGE][PASSED] - Delayed 2 second(s)

2018-05-15 18:57:21 - [TEST_STEP][PASSED] - click: Object: 'Object Repository/store Request Schedule 1/Page_KDMC - CMS/a_Divisional Store' is clicked on

2018-05-15 18:57:21 - [MESSAGE][PASSED] - Object: 'Object Repository/store Request Schedule 1/Page_KDMC - CMS/a_Divisional Store' is clicked on

2018-05-15 18:57:21 - [TEST_STEP][PASSED] - delay: Delayed 2 second(s)

2018-05-15 18:57:23 - [MESSAGE][PASSED] - Delayed 2 second(s)

2018-05-15 18:57:23 - [TEST_STEP][PASSED] - click: Object: 'Object Repository/store Request Schedule 1/Page_KDMC - CMS/a_Dispatch Items' is clicked on

2018-05-15 18:57:23 - [MESSAGE][PASSED] - Object: 'Object Repository/store Request Schedule 1/Page_KDMC - CMS/a_Dispatch Items' is clicked on

2018-05-15 18:57:23 - [TEST_STEP][PASSED] - setText: Text 'PRNO/15052018/156' is set on object 'Object Repository/store Request Schedule 1/Page_KDMC - CMS/input'

2018-05-15 18:57:24 - [MESSAGE][PASSED] - Text 'PRNO/15052018/156' is set on object 'Object Repository/store Request Schedule 1/Page_KDMC - CMS/input'

2018-05-15 18:57:24 - [TEST_STEP][PASSED] - click: Object: 'Object Repository/store Request Schedule 1/Page_KDMC - CMS/td_text-center' is clicked on

2018-05-15 18:57:24 - [MESSAGE][PASSED] - Object: 'Object Repository/store Request Schedule 1/Page_KDMC - CMS/td_text-center' is clicked on

2018-05-15 18:57:24 - [TEST_STEP][PASSED] - delay: Delayed 2 second(s)

2018-05-15 18:57:26 - [MESSAGE][PASSED] - Delayed 2 second(s)

2018-05-15 18:57:26 - [TEST_STEP][PASSED] - Statement - For ([row = 0, row < SelectedOptions - 1, (row++)]): null

2018-05-15 18:57:26 - [TEST_STEP][PASSED] - Statement - batchlength = new com.kms.katalon.core.testobject.TestObject(): null

2018-05-15 18:57:26 - [TEST_STEP][PASSED] - Statement - batchlength = com.kms.katalon.core.webui.keyword.WebUiBuiltInKeywords.modifyObjectProperty(batchlength, "xpath", "equals", "//*[@id = "fldvendor" + row + ""]", true): Modify property of object successfully

2018-05-15 18:57:26 - [MESSAGE][PASSED] - Modify property of object successfully

2018-05-15 18:57:26 - [TEST_STEP][PASSED] - Statement - batchsize = com.kms.katalon.core.webui.keyword.WebUiBuiltInKeywords.getNumberOfTotalOption(batchlength): 5 options of object '' counted

2018-05-15 18:57:26 - [MESSAGE][PASSED] - 5 options of object '' counted

2018-05-15 18:57:26 - [TEST_STEP][PASSED] - Statement - out.println("BatchSize : " + batchsize): null

2018-05-15 18:57:26 - [TEST_STEP][PASSED] - Statement - For ([n = 1, n <= batchsize - 1, (n++)]): null

2018-05-15 18:57:26 - [TEST_STEP][PASSED] - Statement - product = new com.kms.katalon.core.testobject.TestObject(): null

2018-05-15 18:57:26 - [TEST_STEP][PASSED] - Statement - product = com.kms.katalon.core.webui.keyword.WebUiBuiltInKeywords.modifyObjectProperty(product, "xpath", "equals", "//*[@id = "fldvendor" + row + ""]", true): Modify property of object successfully

2018-05-15 18:57:26 - [MESSAGE][PASSED] - Modify property of object successfully

2018-05-15 18:57:26 - [TEST_STEP][PASSED] - selectOptionByIndex: All options with index in [1] are selected on object ''

2018-05-15 18:57:26 - [MESSAGE][PASSED] - All options with index in [1] are selected on object ''

2018-05-15 18:57:26 - [TEST_STEP][PASSED] - Statement - batch = new com.kms.katalon.core.testobject.TestObject(): null

2018-05-15 18:57:26 - [TEST_STEP][PASSED] - Statement - batch = com.kms.katalon.core.webui.keyword.WebUiBuiltInKeywords.modifyObjectProperty(batch, "xpath", "equals", "//*[@id = "txtbthqty" + row + ""]", true): Modify property of object successfully

2018-05-15 18:57:26 - [MESSAGE][PASSED] - Modify property of object successfully

2018-05-15 18:57:26 - [TEST_STEP][PASSED] - Statement - batchqty = com.kms.katalon.core.webui.keyword.WebUiBuiltInKeywords.getAttribute(batch, "value").trim(): Attribute 'value' of object '' is: '50000'

2018-05-15 18:57:26 - [MESSAGE][PASSED] - Attribute 'value' of object '' is: '50000'

2018-05-15 18:57:26 - [TEST_STEP][PASSED] - Statement - Rqty = 10000: null

2018-05-15 18:57:26 - [TEST_STEP][PASSED] - delay: Delayed 2 second(s)

2018-05-15 18:57:28 - [MESSAGE][PASSED] - Delayed 2 second(s)

2018-05-15 18:57:28 - [TEST_STEP][PASSED] - Statement - out.println("BatchQty : " + batchqty): null

2018-05-15 18:57:28 - [TEST_STEP][PASSED] - Statement - out.println("RQty : " + Rqty): null

2018-05-15 18:57:28 - [TEST_STEP][PASSED] - Statement - If (java.lang.Integer.valueOf(batchqty) >= java.lang.Integer.valueOf(Rqty)): null

2018-05-15 18:57:28 - [TEST_STEP][PASSED] - Statement - Break: null

2018-05-15 18:57:28 - [TEST_STEP][PASSED] - Statement - batchlength = new com.kms.katalon.core.testobject.TestObject(): null

2018-05-15 18:57:28 - [TEST_STEP][PASSED] - Statement - batchlength = com.kms.katalon.core.webui.keyword.WebUiBuiltInKeywords.modifyObjectProperty(batchlength, "xpath", "equals", "//*[@id = "fldvendor" + row + ""]", true): Modify property of object successfully

2018-05-15 18:57:28 - [MESSAGE][PASSED] - Modify property of object successfully

2018-05-15 18:57:28 - [TEST_STEP][PASSED] - Statement - batchsize = com.kms.katalon.core.webui.keyword.WebUiBuiltInKeywords.getNumberOfTotalOption(batchlength): 5 options of object '' counted

2018-05-15 18:57:28 - [MESSAGE][PASSED] - 5 options of object '' counted

2018-05-15 18:57:28 - [TEST_STEP][PASSED] - Statement - out.println("BatchSize : " + batchsize): null

2018-05-15 18:57:28 - [TEST_STEP][PASSED] - Statement - For ([n = 1, n <= batchsize - 1, (n++)]): null

2018-05-15 18:57:28 - [TEST_STEP][PASSED] - Statement - product = new com.kms.katalon.core.testobject.TestObject(): null

2018-05-15 18:57:28 - [TEST_STEP][PASSED] - Statement - product = com.kms.katalon.core.webui.keyword.WebUiBuiltInKeywords.modifyObjectProperty(product, "xpath", "equals", "//*[@id = "fldvendor" + row + ""]", true): Modify property of object successfully

2018-05-15 18:57:28 - [MESSAGE][PASSED] - Modify property of object successfully

2018-05-15 18:57:28 - [TEST_STEP][PASSED] - selectOptionByIndex: All options with index in [1] are selected on object ''

2018-05-15 18:57:28 - [MESSAGE][PASSED] - All options with index in [1] are selected on object ''

2018-05-15 18:57:28 - [TEST_STEP][PASSED] - Statement - batch = new com.kms.katalon.core.testobject.TestObject(): null

2018-05-15 18:57:28 - [TEST_STEP][PASSED] - Statement - batch = com.kms.katalon.core.webui.keyword.WebUiBuiltInKeywords.modifyObjectProperty(batch, "xpath", "equals", "//*[@id = "txtbthqty" + row + ""]", true): Modify property of object successfully

2018-05-15 18:57:28 - [MESSAGE][PASSED] - Modify property of object successfully

2018-05-15 18:57:28 - [TEST_STEP][PASSED] - Statement - batchqty = com.kms.katalon.core.webui.keyword.WebUiBuiltInKeywords.getAttribute(batch, "value").trim(): Attribute 'value' of object '' is: '5000'

2018-05-15 18:57:28 - [MESSAGE][PASSED] - Attribute 'value' of object '' is: '5000'

2018-05-15 18:57:28 - [TEST_STEP][PASSED] - Statement - Rqty = 10000: null

2018-05-15 18:57:28 - [TEST_STEP][PASSED] - delay: Delayed 2 second(s)

2018-05-15 18:57:30 - [MESSAGE][PASSED] - Delayed 2 second(s)

2018-05-15 18:57:30 - [TEST_STEP][PASSED] - Statement - out.println("BatchQty : " + batchqty): null

2018-05-15 18:57:30 - [TEST_STEP][PASSED] - Statement - out.println("RQty : " + Rqty): null

2018-05-15 18:57:30 - [TEST_STEP][PASSED] - Statement - If (java.lang.Integer.valueOf(batchqty) >= java.lang.Integer.valueOf(Rqty)): null

2018-05-15 18:57:30 - [TEST_STEP][PASSED] - Statement - Else: null

2018-05-15 18:57:30 - [TEST_STEP][PASSED] - Statement - out.println("Batchqty Is Less Than Rqty"): null

2018-05-15 18:57:30 - [TEST_STEP][PASSED] - Statement - product = new com.kms.katalon.core.testobject.TestObject(): null

2018-05-15 18:57:30 - [TEST_STEP][PASSED] - Statement - product = com.kms.katalon.core.webui.keyword.WebUiBuiltInKeywords.modifyObjectProperty(product, "xpath", "equals", "//*[@id = "fldvendor" + row + ""]", true): Modify property of object successfully

2018-05-15 18:57:30 - [MESSAGE][PASSED] - Modify property of object successfully

2018-05-15 18:57:30 - [TEST_STEP][PASSED] - selectOptionByIndex: All options with index in [2] are selected on object ''

2018-05-15 18:57:30 - [MESSAGE][PASSED] - All options with index in [2] are selected on object ''

2018-05-15 18:57:30 - [TEST_STEP][PASSED] - Statement - batch = new com.kms.katalon.core.testobject.TestObject(): null

2018-05-15 18:57:30 - [TEST_STEP][PASSED] - Statement - batch = com.kms.katalon.core.webui.keyword.WebUiBuiltInKeywords.modifyObjectProperty(batch, "xpath", "equals", "//*[@id = "txtbthqty" + row + ""]", true): Modify property of object successfully

2018-05-15 18:57:30 - [MESSAGE][PASSED] - Modify property of object successfully

2018-05-15 18:57:30 - [TEST_STEP][PASSED] - Statement - batchqty = com.kms.katalon.core.webui.keyword.WebUiBuiltInKeywords.getAttribute(batch, "value").trim(): Attribute 'value' of object '' is: '50000'

2018-05-15 18:57:31 - [MESSAGE][PASSED] - Attribute 'value' of object '' is: '50000'

2018-05-15 18:57:31 - [TEST_STEP][PASSED] - Statement - Rqty = 10000: null

2018-05-15 18:57:31 - [TEST_STEP][PASSED] - delay: Delayed 2 second(s)

2018-05-15 18:57:33 - [MESSAGE][PASSED] - Delayed 2 second(s)

2018-05-15 18:57:33 - [TEST_STEP][PASSED] - Statement - out.println("BatchQty : " + batchqty): null

2018-05-15 18:57:33 - [TEST_STEP][PASSED] - Statement - out.println("RQty : " + Rqty): null

2018-05-15 18:57:33 - [TEST_STEP][PASSED] - Statement - If (java.lang.Integer.valueOf(batchqty) >= java.lang.Integer.valueOf(Rqty)): null

2018-05-15 18:57:33 - [TEST_STEP][PASSED] - Statement - Break: null

2018-05-15 18:57:33 - [TEST_STEP][PASSED] - Statement - batchlength = new com.kms.katalon.core.testobject.TestObject(): null

2018-05-15 18:57:33 - [TEST_STEP][PASSED] - Statement - batchlength = com.kms.katalon.core.webui.keyword.WebUiBuiltInKeywords.modifyObjectProperty(batchlength, "xpath", "equals", "//*[@id = "fldvendor" + row + ""]", true): Modify property of object successfully

2018-05-15 18:57:33 - [MESSAGE][PASSED] - Modify property of object successfully

2018-05-15 18:57:33 - [TEST_STEP][PASSED] - Statement - batchsize = com.kms.katalon.core.webui.keyword.WebUiBuiltInKeywords.getNumberOfTotalOption(batchlength): 5 options of object '' counted

2018-05-15 18:57:33 - [MESSAGE][PASSED] - 5 options of object '' counted

2018-05-15 18:57:33 - [TEST_STEP][PASSED] - Statement - out.println("BatchSize : " + batchsize): null

2018-05-15 18:57:33 - [TEST_STEP][PASSED] - Statement - For ([n = 1, n <= batchsize - 1, (n++)]): null

2018-05-15 18:57:33 - [TEST_STEP][PASSED] - Statement - product = new com.kms.katalon.core.testobject.TestObject(): null

2018-05-15 18:57:33 - [TEST_STEP][PASSED] - Statement - product = com.kms.katalon.core.webui.keyword.WebUiBuiltInKeywords.modifyObjectProperty(product, "xpath", "equals", "//*[@id = "fldvendor" + row + ""]", true): Modify property of object successfully

2018-05-15 18:57:33 - [MESSAGE][PASSED] - Modify property of object successfully

2018-05-15 18:57:33 - [TEST_STEP][PASSED] - selectOptionByIndex: All options with index in [1] are selected on object ''

2018-05-15 18:57:33 - [MESSAGE][PASSED] - All options with index in [1] are selected on object ''

2018-05-15 18:57:33 - [TEST_STEP][PASSED] - Statement - batch = new com.kms.katalon.core.testobject.TestObject(): null

2018-05-15 18:57:33 - [TEST_STEP][PASSED] - Statement - batch = com.kms.katalon.core.webui.keyword.WebUiBuiltInKeywords.modifyObjectProperty(batch, "xpath", "equals", "//*[@id = "txtbthqty" + row + ""]", true): Modify property of object successfully

2018-05-15 18:57:33 - [MESSAGE][PASSED] - Modify property of object successfully

2018-05-15 18:57:33 - [TEST_STEP][PASSED] - Statement - batchqty = com.kms.katalon.core.webui.keyword.WebUiBuiltInKeywords.getAttribute(batch, "value").trim(): Attribute 'value' of object '' is: '5000'

2018-05-15 18:57:33 - [MESSAGE][PASSED] - Attribute 'value' of object '' is: '5000'

2018-05-15 18:57:33 - [TEST_STEP][PASSED] - Statement - Rqty = 10000: null

2018-05-15 18:57:33 - [TEST_STEP][PASSED] - delay: Delayed 2 second(s)

2018-05-15 18:57:35 - [MESSAGE][PASSED] - Delayed 2 second(s)

2018-05-15 18:57:35 - [TEST_STEP][PASSED] - Statement - out.println("BatchQty : " + batchqty): null

2018-05-15 18:57:35 - [TEST_STEP][PASSED] - Statement - out.println("RQty : " + Rqty): null

2018-05-15 18:57:35 - [TEST_STEP][PASSED] - Statement - If (java.lang.Integer.valueOf(batchqty) >= java.lang.Integer.valueOf(Rqty)): null

2018-05-15 18:57:35 - [TEST_STEP][PASSED] - Statement - Else: null

2018-05-15 18:57:35 - [TEST_STEP][PASSED] - Statement - out.println("Batchqty Is Less Than Rqty"): null

2018-05-15 18:57:35 - [TEST_STEP][PASSED] - Statement - product = new com.kms.katalon.core.testobject.TestObject(): null

2018-05-15 18:57:35 - [TEST_STEP][PASSED] - Statement - product = com.kms.katalon.core.webui.keyword.WebUiBuiltInKeywords.modifyObjectProperty(product, "xpath", "equals", "//*[@id = "fldvendor" + row + ""]", true): Modify property of object successfully

2018-05-15 18:57:35 - [MESSAGE][PASSED] - Modify property of object successfully

2018-05-15 18:57:35 - [TEST_STEP][PASSED] - selectOptionByIndex: All options with index in [2] are selected on object ''

2018-05-15 18:57:35 - [MESSAGE][PASSED] - All options with index in [2] are selected on object ''

2018-05-15 18:57:35 - [TEST_STEP][PASSED] - Statement - batch = new com.kms.katalon.core.testobject.TestObject(): null

2018-05-15 18:57:35 - [TEST_STEP][PASSED] - Statement - batch = com.kms.katalon.core.webui.keyword.WebUiBuiltInKeywords.modifyObjectProperty(batch, "xpath", "equals", "//*[@id = "txtbthqty" + row + ""]", true): Modify property of object successfully

2018-05-15 18:57:35 - [MESSAGE][PASSED] - Modify property of object successfully

2018-05-15 18:57:35 - [TEST_STEP][PASSED] - Statement - batchqty = com.kms.katalon.core.webui.keyword.WebUiBuiltInKeywords.getAttribute(batch, "value").trim(): Attribute 'value' of object '' is: '4000'

2018-05-15 18:57:35 - [MESSAGE][PASSED] - Attribute 'value' of object '' is: '4000'

2018-05-15 18:57:35 - [TEST_STEP][PASSED] - Statement - Rqty = 10000: null

2018-05-15 18:57:35 - [TEST_STEP][PASSED] - delay: Delayed 2 second(s)

2018-05-15 18:57:37 - [MESSAGE][PASSED] - Delayed 2 second(s)

2018-05-15 18:57:37 - [TEST_STEP][PASSED] - Statement - out.println("BatchQty : " + batchqty): null

2018-05-15 18:57:37 - [TEST_STEP][PASSED] - Statement - out.println("RQty : " + Rqty): null

2018-05-15 18:57:37 - [TEST_STEP][PASSED] - Statement - If (java.lang.Integer.valueOf(batchqty) >= java.lang.Integer.valueOf(Rqty)): null

2018-05-15 18:57:37 - [TEST_STEP][PASSED] - Statement - Else: null

2018-05-15 18:57:37 - [TEST_STEP][PASSED] - Statement - out.println("Batchqty Is Less Than Rqty"): null

2018-05-15 18:57:37 - [TEST_STEP][PASSED] - Statement - product = new com.kms.katalon.core.testobject.TestObject(): null

2018-05-15 18:57:37 - [TEST_STEP][PASSED] - Statement - product = com.kms.katalon.core.webui.keyword.WebUiBuiltInKeywords.modifyObjectProperty(product, "xpath", "equals", "//*[@id = "fldvendor" + row + ""]", true): Modify property of object successfully

2018-05-15 18:57:37 - [MESSAGE][PASSED] - Modify property of object successfully

2018-05-15 18:57:37 - [TEST_STEP][PASSED] - selectOptionByIndex: All options with index in [3] are selected on object ''

2018-05-15 18:57:37 - [MESSAGE][PASSED] - All options with index in [3] are selected on object ''

2018-05-15 18:57:37 - [TEST_STEP][PASSED] - Statement - batch = new com.kms.katalon.core.testobject.TestObject(): null

2018-05-15 18:57:37 - [TEST_STEP][PASSED] - Statement - batch = com.kms.katalon.core.webui.keyword.WebUiBuiltInKeywords.modifyObjectProperty(batch, "xpath", "equals", "//*[@id = "txtbthqty" + row + ""]", true): Modify property of object successfully

2018-05-15 18:57:37 - [MESSAGE][PASSED] - Modify property of object successfully

2018-05-15 18:57:37 - [TEST_STEP][PASSED] - Statement - batchqty = com.kms.katalon.core.webui.keyword.WebUiBuiltInKeywords.getAttribute(batch, "value").trim(): Attribute 'value' of object '' is: '50000'

2018-05-15 18:57:37 - [MESSAGE][PASSED] - Attribute 'value' of object '' is: '50000'

2018-05-15 18:57:37 - [TEST_STEP][PASSED] - Statement - Rqty = 10000: null

2018-05-15 18:57:37 - [TEST_STEP][PASSED] - delay: Delayed 2 second(s)

2018-05-15 18:57:39 - [MESSAGE][PASSED] - Delayed 2 second(s)

2018-05-15 18:57:39 - [TEST_STEP][PASSED] - Statement - out.println("BatchQty : " + batchqty): null

2018-05-15 18:57:39 - [TEST_STEP][PASSED] - Statement - out.println("RQty : " + Rqty): null

2018-05-15 18:57:39 - [TEST_STEP][PASSED] - Statement - If (java.lang.Integer.valueOf(batchqty) >= java.lang.Integer.valueOf(Rqty)): null

2018-05-15 18:57:39 - [TEST_STEP][PASSED] - Statement - Break: null

2018-05-15 18:57:39 - [TEST_STEP][PASSED] - Statement - batchlength = new com.kms.katalon.core.testobject.TestObject(): null

2018-05-15 18:57:39 - [TEST_STEP][PASSED] - Statement - batchlength = com.kms.katalon.core.webui.keyword.WebUiBuiltInKeywords.modifyObjectProperty(batchlength, "xpath", "equals", "//*[@id = "fldvendor" + row + ""]", true): Modify property of object successfully

2018-05-15 18:57:39 - [MESSAGE][PASSED] - Modify property of object successfully

2018-05-15 18:57:39 - [TEST_STEP][PASSED] - Statement - batchsize = com.kms.katalon.core.webui.keyword.WebUiBuiltInKeywords.getNumberOfTotalOption(batchlength): 5 options of object '' counted

2018-05-15 18:57:39 - [MESSAGE][PASSED] - 5 options of object '' counted

2018-05-15 18:57:39 - [TEST_STEP][PASSED] - Statement - out.println("BatchSize : " + batchsize): null

2018-05-15 18:57:39 - [TEST_STEP][PASSED] - Statement - For ([n = 1, n <= batchsize - 1, (n++)]): null

2018-05-15 18:57:39 - [TEST_STEP][PASSED] - Statement - product = new com.kms.katalon.core.testobject.TestObject(): null

2018-05-15 18:57:39 - [TEST_STEP][PASSED] - Statement - product = com.kms.katalon.core.webui.keyword.WebUiBuiltInKeywords.modifyObjectProperty(product, "xpath", "equals", "//*[@id = "fldvendor" + row + ""]", true): Modify property of object successfully

2018-05-15 18:57:39 - [MESSAGE][PASSED] - Modify property of object successfully

2018-05-15 18:57:39 - [TEST_STEP][PASSED] - selectOptionByIndex: All options with index in [1] are selected on object ''

2018-05-15 18:57:39 - [MESSAGE][PASSED] - All options with index in [1] are selected on object ''

2018-05-15 18:57:39 - [TEST_STEP][PASSED] - Statement - batch = new com.kms.katalon.core.testobject.TestObject(): null

2018-05-15 18:57:39 - [TEST_STEP][PASSED] - Statement - batch = com.kms.katalon.core.webui.keyword.WebUiBuiltInKeywords.modifyObjectProperty(batch, "xpath", "equals", "//*[@id = "txtbthqty" + row + ""]", true): Modify property of object successfully

2018-05-15 18:57:39 - [MESSAGE][PASSED] - Modify property of object successfully

2018-05-15 18:57:39 - [TEST_STEP][PASSED] - Statement - batchqty = com.kms.katalon.core.webui.keyword.WebUiBuiltInKeywords.getAttribute(batch, "value").trim(): Attribute 'value' of object '' is: '50000'

2018-05-15 18:57:39 - [MESSAGE][PASSED] - Attribute 'value' of object '' is: '50000'

2018-05-15 18:57:39 - [TEST_STEP][PASSED] - Statement - Rqty = 10000: null

2018-05-15 18:57:39 - [TEST_STEP][PASSED] - delay: Delayed 2 second(s)

2018-05-15 18:57:41 - [MESSAGE][PASSED] - Delayed 2 second(s)

2018-05-15 18:57:41 - [TEST_STEP][PASSED] - Statement - out.println("BatchQty : " + batchqty): null

2018-05-15 18:57:41 - [TEST_STEP][PASSED] - Statement - out.println("RQty : " + Rqty): null

2018-05-15 18:57:41 - [TEST_STEP][PASSED] - Statement - If (java.lang.Integer.valueOf(batchqty) >= java.lang.Integer.valueOf(Rqty)): null

2018-05-15 18:57:41 - [TEST_STEP][PASSED] - Statement - Break: null

2018-05-15 18:57:41 - [TEST_STEP][PASSED] - Statement - batchlength = new com.kms.katalon.core.testobject.TestObject(): null

2018-05-15 18:57:41 - [TEST_STEP][PASSED] - Statement - batchlength = com.kms.katalon.core.webui.keyword.WebUiBuiltInKeywords.modifyObjectProperty(batchlength, "xpath", "equals", "//*[@id = "fldvendor" + row + ""]", true): Modify property of object successfully

2018-05-15 18:57:41 - [MESSAGE][PASSED] - Modify property of object successfully

2018-05-15 18:57:41 - [TEST_STEP][PASSED] - Statement - batchsize = com.kms.katalon.core.webui.keyword.WebUiBuiltInKeywords.getNumberOfTotalOption(batchlength): 5 options of object '' counted

2018-05-15 18:57:42 - [MESSAGE][PASSED] - 5 options of object '' counted

2018-05-15 18:57:42 - [TEST_STEP][PASSED] - Statement - out.println("BatchSize : " + batchsize): null

2018-05-15 18:57:42 - [TEST_STEP][PASSED] - Statement - For ([n = 1, n <= batchsize - 1, (n++)]): null

2018-05-15 18:57:42 - [TEST_STEP][PASSED] - Statement - product = new com.kms.katalon.core.testobject.TestObject(): null

2018-05-15 18:57:42 - [TEST_STEP][PASSED] - Statement - product = com.kms.katalon.core.webui.keyword.WebUiBuiltInKeywords.modifyObjectProperty(product, "xpath", "equals", "//*[@id = "fldvendor" + row + ""]", true): Modify property of object successfully

2018-05-15 18:57:42 - [MESSAGE][PASSED] - Modify property of object successfully

2018-05-15 18:57:42 - [TEST_STEP][PASSED] - selectOptionByIndex: All options with index in [1] are selected on object ''

2018-05-15 18:57:42 - [MESSAGE][PASSED] - All options with index in [1] are selected on object ''

2018-05-15 18:57:42 - [TEST_STEP][PASSED] - Statement - batch = new com.kms.katalon.core.testobject.TestObject(): null

2018-05-15 18:57:42 - [TEST_STEP][PASSED] - Statement - batch = com.kms.katalon.core.webui.keyword.WebUiBuiltInKeywords.modifyObjectProperty(batch, "xpath", "equals", "//*[@id = "txtbthqty" + row + ""]", true): Modify property of object successfully

2018-05-15 18:57:42 - [MESSAGE][PASSED] - Modify property of object successfully

2018-05-15 18:57:42 - [TEST_STEP][PASSED] - Statement - batchqty = com.kms.katalon.core.webui.keyword.WebUiBuiltInKeywords.getAttribute(batch, "value").trim(): Attribute 'value' of object '' is: '4000'

2018-05-15 18:57:42 - [MESSAGE][PASSED] - Attribute 'value' of object '' is: '4000'

2018-05-15 18:57:42 - [TEST_STEP][PASSED] - Statement - Rqty = 10000: null

2018-05-15 18:57:42 - [TEST_STEP][PASSED] - delay: Delayed 2 second(s)

2018-05-15 18:57:44 - [MESSAGE][PASSED] - Delayed 2 second(s)

2018-05-15 18:57:44 - [TEST_STEP][PASSED] - Statement - out.println("BatchQty : " + batchqty): null

2018-05-15 18:57:44 - [TEST_STEP][PASSED] - Statement - out.println("RQty : " + Rqty): null

2018-05-15 18:57:44 - [TEST_STEP][PASSED] - Statement - If (java.lang.Integer.valueOf(batchqty) >= java.lang.Integer.valueOf(Rqty)): null

2018-05-15 18:57:44 - [TEST_STEP][PASSED] - Statement - Else: null

2018-05-15 18:57:44 - [TEST_STEP][PASSED] - Statement - out.println("Batchqty Is Less Than Rqty"): null

2018-05-15 18:57:44 - [TEST_STEP][PASSED] - Statement - product = new com.kms.katalon.core.testobject.TestObject(): null

2018-05-15 18:57:44 - [TEST_STEP][PASSED] - Statement - product = com.kms.katalon.core.webui.keyword.WebUiBuiltInKeywords.modifyObjectProperty(product, "xpath", "equals", "//*[@id = "fldvendor" + row + ""]", true): Modify property of object successfully

2018-05-15 18:57:44 - [MESSAGE][PASSED] - Modify property of object successfully

2018-05-15 18:57:44 - [TEST_STEP][PASSED] - selectOptionByIndex: All options with index in [2] are selected on object ''

2018-05-15 18:57:44 - [MESSAGE][PASSED] - All options with index in [2] are selected on object ''

2018-05-15 18:57:44 - [TEST_STEP][PASSED] - Statement - batch = new com.kms.katalon.core.testobject.TestObject(): null

2018-05-15 18:57:44 - [TEST_STEP][PASSED] - Statement - batch = com.kms.katalon.core.webui.keyword.WebUiBuiltInKeywords.modifyObjectProperty(batch, "xpath", "equals", "//*[@id = "txtbthqty" + row + ""]", true): Modify property of object successfully

2018-05-15 18:57:44 - [MESSAGE][PASSED] - Modify property of object successfully

2018-05-15 18:57:44 - [TEST_STEP][PASSED] - Statement - batchqty = com.kms.katalon.core.webui.keyword.WebUiBuiltInKeywords.getAttribute(batch, "value").trim(): Attribute 'value' of object '' is: '50000'

2018-05-15 18:57:44 - [MESSAGE][PASSED] - Attribute 'value' of object '' is: '50000'

2018-05-15 18:57:44 - [TEST_STEP][PASSED] - Statement - Rqty = 10000: null

2018-05-15 18:57:44 - [TEST_STEP][PASSED] - delay: Delayed 2 second(s)

2018-05-15 18:57:46 - [MESSAGE][PASSED] - Delayed 2 second(s)

2018-05-15 18:57:46 - [TEST_STEP][PASSED] - Statement - out.println("BatchQty : " + batchqty): null

2018-05-15 18:57:46 - [TEST_STEP][PASSED] - Statement - out.println("RQty : " + Rqty): null

2018-05-15 18:57:46 - [TEST_STEP][PASSED] - Statement - If (java.lang.Integer.valueOf(batchqty) >= java.lang.Integer.valueOf(Rqty)): null

2018-05-15 18:57:46 - [TEST_STEP][PASSED] - Statement - Break: null

2018-05-15 18:57:46 - [TEST_STEP][PASSED] - Statement - batchlength = new com.kms.katalon.core.testobject.TestObject(): null

2018-05-15 18:57:46 - [TEST_STEP][PASSED] - Statement - batchlength = com.kms.katalon.core.webui.keyword.WebUiBuiltInKeywords.modifyObjectProperty(batchlength, "xpath", "equals", "//*[@id = "fldvendor" + row + ""]", true): Modify property of object successfully

2018-05-15 18:57:46 - [MESSAGE][PASSED] - Modify property of object successfully

2018-05-15 18:57:46 - [TEST_STEP][PASSED] - Statement - batchsize = com.kms.katalon.core.webui.keyword.WebUiBuiltInKeywords.getNumberOfTotalOption(batchlength): 5 options of object '' counted

2018-05-15 18:57:46 - [MESSAGE][PASSED] - 5 options of object '' counted

2018-05-15 18:57:46 - [TEST_STEP][PASSED] - Statement - out.println("BatchSize : " + batchsize): null

2018-05-15 18:57:46 - [TEST_STEP][PASSED] - Statement - For ([n = 1, n <= batchsize - 1, (n++)]): null

2018-05-15 18:57:46 - [TEST_STEP][PASSED] - Statement - product = new com.kms.katalon.core.testobject.TestObject(): null

2018-05-15 18:57:46 - [TEST_STEP][PASSED] - Statement - product = com.kms.katalon.core.webui.keyword.WebUiBuiltInKeywords.modifyObjectProperty(product, "xpath", "equals", "//*[@id = "fldvendor" + row + ""]", true): Modify property of object successfully

2018-05-15 18:57:46 - [MESSAGE][PASSED] - Modify property of object successfully

2018-05-15 18:57:46 - [TEST_STEP][PASSED] - selectOptionByIndex: All options with index in [1] are selected on object ''

2018-05-15 18:57:46 - [MESSAGE][PASSED] - All options with index in [1] are selected on object ''

2018-05-15 18:57:46 - [TEST_STEP][PASSED] - Statement - batch = new com.kms.katalon.core.testobject.TestObject(): null

2018-05-15 18:57:46 - [TEST_STEP][PASSED] - Statement - batch = com.kms.katalon.core.webui.keyword.WebUiBuiltInKeywords.modifyObjectProperty(batch, "xpath", "equals", "//*[@id = "txtbthqty" + row + ""]", true): Modify property of object successfully

2018-05-15 18:57:46 - [MESSAGE][PASSED] - Modify property of object successfully

2018-05-15 18:57:46 - [TEST_STEP][PASSED] - Statement - batchqty = com.kms.katalon.core.webui.keyword.WebUiBuiltInKeywords.getAttribute(batch, "value").trim(): Attribute 'value' of object '' is: '4000'

2018-05-15 18:57:46 - [MESSAGE][PASSED] - Attribute 'value' of object '' is: '4000'

2018-05-15 18:57:46 - [TEST_STEP][PASSED] - Statement - Rqty = 10000: null

2018-05-15 18:57:46 - [TEST_STEP][PASSED] - delay: Delayed 2 second(s)

2018-05-15 18:57:48 - [MESSAGE][PASSED] - Delayed 2 second(s)

2018-05-15 18:57:48 - [TEST_STEP][PASSED] - Statement - out.println("BatchQty : " + batchqty): null

2018-05-15 18:57:48 - [TEST_STEP][PASSED] - Statement - out.println("RQty : " + Rqty): null

2018-05-15 18:57:48 - [TEST_STEP][PASSED] - Statement - If (java.lang.Integer.valueOf(batchqty) >= java.lang.Integer.valueOf(Rqty)): null

2018-05-15 18:57:48 - [TEST_STEP][PASSED] - Statement - Else: null

2018-05-15 18:57:48 - [TEST_STEP][PASSED] - Statement - out.println("Batchqty Is Less Than Rqty"): null

2018-05-15 18:57:48 - [TEST_STEP][PASSED] - Statement - product = new com.kms.katalon.core.testobject.TestObject(): null

2018-05-15 18:57:48 - [TEST_STEP][PASSED] - Statement - product = com.kms.katalon.core.webui.keyword.WebUiBuiltInKeywords.modifyObjectProperty(product, "xpath", "equals", "//*[@id = "fldvendor" + row + ""]", true): Modify property of object successfully

2018-05-15 18:57:48 - [MESSAGE][PASSED] - Modify property of object successfully

2018-05-15 18:57:48 - [TEST_STEP][PASSED] - selectOptionByIndex: All options with index in [2] are selected on object ''

2018-05-15 18:57:48 - [MESSAGE][PASSED] - All options with index in [2] are selected on object ''

2018-05-15 18:57:48 - [TEST_STEP][PASSED] - Statement - batch = new com.kms.katalon.core.testobject.TestObject(): null

2018-05-15 18:57:48 - [TEST_STEP][PASSED] - Statement - batch = com.kms.katalon.core.webui.keyword.WebUiBuiltInKeywords.modifyObjectProperty(batch, "xpath", "equals", "//*[@id = "txtbthqty" + row + ""]", true): Modify property of object successfully

2018-05-15 18:57:48 - [MESSAGE][PASSED] - Modify property of object successfully

2018-05-15 18:57:48 - [TEST_STEP][PASSED] - Statement - batchqty = com.kms.katalon.core.webui.keyword.WebUiBuiltInKeywords.getAttribute(batch, "value").trim(): Attribute 'value' of object '' is: '50000'

2018-05-15 18:57:48 - [MESSAGE][PASSED] - Attribute 'value' of object '' is: '50000'

2018-05-15 18:57:48 - [TEST_STEP][PASSED] - Statement - Rqty = 10000: null

2018-05-15 18:57:48 - [TEST_STEP][PASSED] - delay: Delayed 2 second(s)

2018-05-15 18:57:50 - [MESSAGE][PASSED] - Delayed 2 second(s)

2018-05-15 18:57:50 - [TEST_STEP][PASSED] - Statement - out.println("BatchQty : " + batchqty): null

2018-05-15 18:57:50 - [TEST_STEP][PASSED] - Statement - out.println("RQty : " + Rqty): null

2018-05-15 18:57:50 - [TEST_STEP][PASSED] - Statement - If (java.lang.Integer.valueOf(batchqty) >= java.lang.Integer.valueOf(Rqty)): null

2018-05-15 18:57:50 - [TEST_STEP][PASSED] - Statement - Break: null

2018-05-15 18:57:50 - [TEST_STEP][PASSED] - Statement - batchlength = new com.kms.katalon.core.testobject.TestObject(): null

2018-05-15 18:57:50 - [TEST_STEP][PASSED] - Statement - batchlength = com.kms.katalon.core.webui.keyword.WebUiBuiltInKeywords.modifyObjectProperty(batchlength, "xpath", "equals", "//*[@id = "fldvendor" + row + ""]", true): Modify property of object successfully

2018-05-15 18:57:50 - [MESSAGE][PASSED] - Modify property of object successfully

2018-05-15 18:57:50 - [TEST_STEP][PASSED] - Statement - batchsize = com.kms.katalon.core.webui.keyword.WebUiBuiltInKeywords.getNumberOfTotalOption(batchlength): 5 options of object '' counted

2018-05-15 18:57:50 - [MESSAGE][PASSED] - 5 options of object '' counted

2018-05-15 18:57:50 - [TEST_STEP][PASSED] - Statement - out.println("BatchSize : " + batchsize): null

2018-05-15 18:57:50 - [TEST_STEP][PASSED] - Statement - For ([n = 1, n <= batchsize - 1, (n++)]): null

2018-05-15 18:57:50 - [TEST_STEP][PASSED] - Statement - product = new com.kms.katalon.core.testobject.TestObject(): null

2018-05-15 18:57:50 - [TEST_STEP][PASSED] - Statement - product = com.kms.katalon.core.webui.keyword.WebUiBuiltInKeywords.modifyObjectProperty(product, "xpath", "equals", "//*[@id = "fldvendor" + row + ""]", true): Modify property of object successfully

2018-05-15 18:57:50 - [MESSAGE][PASSED] - Modify property of object successfully

2018-05-15 18:57:50 - [TEST_STEP][PASSED] - selectOptionByIndex: All options with index in [1] are selected on object ''

2018-05-15 18:57:51 - [MESSAGE][PASSED] - All options with index in [1] are selected on object ''

2018-05-15 18:57:51 - [TEST_STEP][PASSED] - Statement - batch = new com.kms.katalon.core.testobject.TestObject(): null

2018-05-15 18:57:51 - [TEST_STEP][PASSED] - Statement - batch = com.kms.katalon.core.webui.keyword.WebUiBuiltInKeywords.modifyObjectProperty(batch, "xpath", "equals", "//*[@id = "txtbthqty" + row + ""]", true): Modify property of object successfully

2018-05-15 18:57:51 - [MESSAGE][PASSED] - Modify property of object successfully

2018-05-15 18:57:51 - [TEST_STEP][PASSED] - Statement - batchqty = com.kms.katalon.core.webui.keyword.WebUiBuiltInKeywords.getAttribute(batch, "value").trim(): Attribute 'value' of object '' is: '50000'

2018-05-15 18:57:51 - [MESSAGE][PASSED] - Attribute 'value' of object '' is: '50000'

2018-05-15 18:57:51 - [TEST_STEP][PASSED] - Statement - Rqty = 10000: null

2018-05-15 18:57:51 - [TEST_STEP][PASSED] - delay: Delayed 2 second(s)

2018-05-15 18:57:53 - [MESSAGE][PASSED] - Delayed 2 second(s)

2018-05-15 18:57:53 - [TEST_STEP][PASSED] - Statement - out.println("BatchQty : " + batchqty): null

2018-05-15 18:57:53 - [TEST_STEP][PASSED] - Statement - out.println("RQty : " + Rqty): null

2018-05-15 18:57:53 - [TEST_STEP][PASSED] - Statement - If (java.lang.Integer.valueOf(batchqty) >= java.lang.Integer.valueOf(Rqty)): null

2018-05-15 18:57:53 - [TEST_STEP][PASSED] - Statement - Break: null

2018-05-15 18:57:53 - [TEST_STEP][PASSED] - Statement - batchlength = new com.kms.katalon.core.testobject.TestObject(): null

2018-05-15 18:57:53 - [TEST_STEP][PASSED] - Statement - batchlength = com.kms.katalon.core.webui.keyword.WebUiBuiltInKeywords.modifyObjectProperty(batchlength, "xpath", "equals", "//*[@id = "fldvendor" + row + ""]", true): Modify property of object successfully

2018-05-15 18:57:53 - [MESSAGE][PASSED] - Modify property of object successfully

2018-05-15 18:57:53 - [TEST_STEP][PASSED] - Statement - batchsize = com.kms.katalon.core.webui.keyword.WebUiBuiltInKeywords.getNumberOfTotalOption(batchlength): 5 options of object '' counted

2018-05-15 18:57:53 - [MESSAGE][PASSED] - 5 options of object '' counted

2018-05-15 18:57:53 - [TEST_STEP][PASSED] - Statement - out.println("BatchSize : " + batchsize): null

2018-05-15 18:57:53 - [TEST_STEP][PASSED] - Statement - For ([n = 1, n <= batchsize - 1, (n++)]): null

2018-05-15 18:57:53 - [TEST_STEP][PASSED] - Statement - product = new com.kms.katalon.core.testobject.TestObject(): null

2018-05-15 18:57:53 - [TEST_STEP][PASSED] - Statement - product = com.kms.katalon.core.webui.keyword.WebUiBuiltInKeywords.modifyObjectProperty(product, "xpath", "equals", "//*[@id = "fldvendor" + row + ""]", true): Modify property of object successfully

2018-05-15 18:57:53 - [MESSAGE][PASSED] - Modify property of object successfully

2018-05-15 18:57:53 - [TEST_STEP][PASSED] - selectOptionByIndex: All options with index in [1] are selected on object ''

2018-05-15 18:57:53 - [MESSAGE][PASSED] - All options with index in [1] are selected on object ''

2018-05-15 18:57:53 - [TEST_STEP][PASSED] - Statement - batch = new com.kms.katalon.core.testobject.TestObject(): null

2018-05-15 18:57:53 - [TEST_STEP][PASSED] - Statement - batch = com.kms.katalon.core.webui.keyword.WebUiBuiltInKeywords.modifyObjectProperty(batch, "xpath", "equals", "//*[@id = "txtbthqty" + row + ""]", true): Modify property of object successfully

2018-05-15 18:57:53 - [MESSAGE][PASSED] - Modify property of object successfully

2018-05-15 18:57:53 - [TEST_STEP][PASSED] - Statement - batchqty = com.kms.katalon.core.webui.keyword.WebUiBuiltInKeywords.getAttribute(batch, "value").trim(): Attribute 'value' of object '' is: '50000'

2018-05-15 18:57:53 - [MESSAGE][PASSED] - Attribute 'value' of object '' is: '50000'

2018-05-15 18:57:53 - [TEST_STEP][PASSED] - Statement - Rqty = 10000: null

2018-05-15 18:57:53 - [TEST_STEP][PASSED] - delay: Delayed 2 second(s)

2018-05-15 18:57:55 - [MESSAGE][PASSED] - Delayed 2 second(s)

2018-05-15 18:57:55 - [TEST_STEP][PASSED] - Statement - out.println("BatchQty : " + batchqty): null

2018-05-15 18:57:55 - [TEST_STEP][PASSED] - Statement - out.println("RQty : " + Rqty): null

2018-05-15 18:57:55 - [TEST_STEP][PASSED] - Statement - If (java.lang.Integer.valueOf(batchqty) >= java.lang.Integer.valueOf(Rqty)): null

2018-05-15 18:57:55 - [TEST_STEP][PASSED] - Statement - Break: null

2018-05-15 18:57:55 - [TEST_STEP][PASSED] - Statement - batchlength = new com.kms.katalon.core.testobject.TestObject(): null

2018-05-15 18:57:55 - [TEST_STEP][PASSED] - Statement - batchlength = com.kms.katalon.core.webui.keyword.WebUiBuiltInKeywords.modifyObjectProperty(batchlength, "xpath", "equals", "//*[@id = "fldvendor" + row + ""]", true): Modify property of object successfully

2018-05-15 18:57:55 - [MESSAGE][PASSED] - Modify property of object successfully

2018-05-15 18:57:55 - [TEST_STEP][PASSED] - Statement - batchsize = com.kms.katalon.core.webui.keyword.WebUiBuiltInKeywords.getNumberOfTotalOption(batchlength): 5 options of object '' counted

2018-05-15 18:57:55 - [MESSAGE][PASSED] - 5 options of object '' counted

2018-05-15 18:57:55 - [TEST_STEP][PASSED] - Statement - out.println("BatchSize : " + batchsize): null

2018-05-15 18:57:55 - [TEST_STEP][PASSED] - Statement - For ([n = 1, n <= batchsize - 1, (n++)]): null

2018-05-15 18:57:55 - [TEST_STEP][PASSED] - Statement - product = new com.kms.katalon.core.testobject.TestObject(): null

2018-05-15 18:57:55 - [TEST_STEP][PASSED] - Statement - product = com.kms.katalon.core.webui.keyword.WebUiBuiltInKeywords.modifyObjectProperty(product, "xpath", "equals", "//*[@id = "fldvendor" + row + ""]", true): Modify property of object successfully

2018-05-15 18:57:55 - [MESSAGE][PASSED] - Modify property of object successfully

2018-05-15 18:57:55 - [TEST_STEP][PASSED] - selectOptionByIndex: All options with index in [1] are selected on object ''

2018-05-15 18:57:55 - [MESSAGE][PASSED] - All options with index in [1] are selected on object ''

2018-05-15 18:57:55 - [TEST_STEP][PASSED] - Statement - batch = new com.kms.katalon.core.testobject.TestObject(): null

2018-05-15 18:57:55 - [TEST_STEP][PASSED] - Statement - batch = com.kms.katalon.core.webui.keyword.WebUiBuiltInKeywords.modifyObjectProperty(batch, "xpath", "equals", "//*[@id = "txtbthqty" + row + ""]", true): Modify property of object successfully

2018-05-15 18:57:55 - [MESSAGE][PASSED] - Modify property of object successfully

2018-05-15 18:57:55 - [TEST_STEP][PASSED] - Statement - batchqty = com.kms.katalon.core.webui.keyword.WebUiBuiltInKeywords.getAttribute(batch, "value").trim(): Attribute 'value' of object '' is: '5000'

2018-05-15 18:57:55 - [MESSAGE][PASSED] - Attribute 'value' of object '' is: '5000'

2018-05-15 18:57:55 - [TEST_STEP][PASSED] - Statement - Rqty = 10000: null

2018-05-15 18:57:55 - [TEST_STEP][PASSED] - delay: Delayed 2 second(s)

2018-05-15 18:57:57 - [MESSAGE][PASSED] - Delayed 2 second(s)

2018-05-15 18:57:57 - [TEST_STEP][PASSED] - Statement - out.println("BatchQty : " + batchqty): null

2018-05-15 18:57:57 - [TEST_STEP][PASSED] - Statement - out.println("RQty : " + Rqty): null

2018-05-15 18:57:57 - [TEST_STEP][PASSED] - Statement - If (java.lang.Integer.valueOf(batchqty) >= java.lang.Integer.valueOf(Rqty)): null

2018-05-15 18:57:57 - [TEST_STEP][PASSED] - Statement - Else: null

2018-05-15 18:57:57 - [TEST_STEP][PASSED] - Statement - out.println("Batchqty Is Less Than Rqty"): null

2018-05-15 18:57:57 - [TEST_STEP][PASSED] - Statement - product = new com.kms.katalon.core.testobject.TestObject(): null

2018-05-15 18:57:57 - [TEST_STEP][PASSED] - Statement - product = com.kms.katalon.core.webui.keyword.WebUiBuiltInKeywords.modifyObjectProperty(product, "xpath", "equals", "//*[@id = "fldvendor" + row + ""]", true): Modify property of object successfully

2018-05-15 18:57:57 - [MESSAGE][PASSED] - Modify property of object successfully

2018-05-15 18:57:57 - [TEST_STEP][PASSED] - selectOptionByIndex: All options with index in [2] are selected on object ''

2018-05-15 18:57:57 - [MESSAGE][PASSED] - All options with index in [2] are selected on object ''

2018-05-15 18:57:57 - [TEST_STEP][PASSED] - Statement - batch = new com.kms.katalon.core.testobject.TestObject(): null

2018-05-15 18:57:57 - [TEST_STEP][PASSED] - Statement - batch = com.kms.katalon.core.webui.keyword.WebUiBuiltInKeywords.modifyObjectProperty(batch, "xpath", "equals", "//*[@id = "txtbthqty" + row + ""]", true): Modify property of object successfully

2018-05-15 18:57:57 - [MESSAGE][PASSED] - Modify property of object successfully

2018-05-15 18:57:57 - [TEST_STEP][PASSED] - Statement - batchqty = com.kms.katalon.core.webui.keyword.WebUiBuiltInKeywords.getAttribute(batch, "value").trim(): Attribute 'value' of object '' is: '50000'

2018-05-15 18:57:57 - [MESSAGE][PASSED] - Attribute 'value' of object '' is: '50000'

2018-05-15 18:57:57 - [TEST_STEP][PASSED] - Statement - Rqty = 10000: null

2018-05-15 18:57:57 - [TEST_STEP][PASSED] - delay: Delayed 2 second(s)

2018-05-15 18:57:59 - [MESSAGE][PASSED] - Delayed 2 second(s)

2018-05-15 18:57:59 - [TEST_STEP][PASSED] - Statement - out.println("BatchQty : " + batchqty): null

2018-05-15 18:57:59 - [TEST_STEP][PASSED] - Statement - out.println("RQty : " + Rqty): null

2018-05-15 18:57:59 - [TEST_STEP][PASSED] - Statement - If (java.lang.Integer.valueOf(batchqty) >= java.lang.Integer.valueOf(Rqty)): null

2018-05-15 18:57:59 - [TEST_STEP][PASSED] - Statement - Break: null

2018-05-15 18:57:59 - [TEST_STEP][PASSED] - Statement - batchlength = new com.kms.katalon.core.testobject.TestObject(): null

2018-05-15 18:57:59 - [TEST_STEP][PASSED] - Statement - batchlength = com.kms.katalon.core.webui.keyword.WebUiBuiltInKeywords.modifyObjectProperty(batchlength, "xpath", "equals", "//*[@id = "fldvendor" + row + ""]", true): Modify property of object successfully

2018-05-15 18:57:59 - [MESSAGE][PASSED] - Modify property of object successfully

2018-05-15 18:57:59 - [TEST_STEP][PASSED] - Statement - batchsize = com.kms.katalon.core.webui.keyword.WebUiBuiltInKeywords.getNumberOfTotalOption(batchlength): 5 options of object '' counted

2018-05-15 18:57:59 - [MESSAGE][PASSED] - 5 options of object '' counted

2018-05-15 18:57:59 - [TEST_STEP][PASSED] - Statement - out.println("BatchSize : " + batchsize): null

2018-05-15 18:57:59 - [TEST_STEP][PASSED] - Statement - For ([n = 1, n <= batchsize - 1, (n++)]): null

2018-05-15 18:57:59 - [TEST_STEP][PASSED] - Statement - product = new com.kms.katalon.core.testobject.TestObject(): null

2018-05-15 18:57:59 - [TEST_STEP][PASSED] - Statement - product = com.kms.katalon.core.webui.keyword.WebUiBuiltInKeywords.modifyObjectProperty(product, "xpath", "equals", "//*[@id = "fldvendor" + row + ""]", true): Modify property of object successfully

2018-05-15 18:57:59 - [MESSAGE][PASSED] - Modify property of object successfully

2018-05-15 18:57:59 - [TEST_STEP][PASSED] - selectOptionByIndex: All options with index in [1] are selected on object ''

2018-05-15 18:57:59 - [MESSAGE][PASSED] - All options with index in [1] are selected on object ''

2018-05-15 18:57:59 - [TEST_STEP][PASSED] - Statement - batch = new com.kms.katalon.core.testobject.TestObject(): null

2018-05-15 18:57:59 - [TEST_STEP][PASSED] - Statement - batch = com.kms.katalon.core.webui.keyword.WebUiBuiltInKeywords.modifyObjectProperty(batch, "xpath", "equals", "//*[@id = "txtbthqty" + row + ""]", true): Modify property of object successfully

2018-05-15 18:57:59 - [MESSAGE][PASSED] - Modify property of object successfully

2018-05-15 18:57:59 - [TEST_STEP][PASSED] - Statement - batchqty = com.kms.katalon.core.webui.keyword.WebUiBuiltInKeywords.getAttribute(batch, "value").trim(): Attribute 'value' of object '' is: '50000'

2018-05-15 18:58:00 - [MESSAGE][PASSED] - Attribute 'value' of object '' is: '50000'

2018-05-15 18:58:00 - [TEST_STEP][PASSED] - Statement - Rqty = 10000: null

2018-05-15 18:58:00 - [TEST_STEP][PASSED] - delay: Delayed 2 second(s)

2018-05-15 18:58:02 - [MESSAGE][PASSED] - Delayed 2 second(s)

2018-05-15 18:58:02 - [TEST_STEP][PASSED] - Statement - out.println("BatchQty : " + batchqty): null

2018-05-15 18:58:02 - [TEST_STEP][PASSED] - Statement - out.println("RQty : " + Rqty): null

2018-05-15 18:58:02 - [TEST_STEP][PASSED] - Statement - If (java.lang.Integer.valueOf(batchqty) >= java.lang.Integer.valueOf(Rqty)): null

2018-05-15 18:58:02 - [TEST_STEP][PASSED] - Statement - Break: null

2018-05-15 18:58:02 - [TEST_STEP][PASSED] - Statement - batchlength = new com.kms.katalon.core.testobject.TestObject(): null

2018-05-15 18:58:02 - [TEST_STEP][PASSED] - Statement - batchlength = com.kms.katalon.core.webui.keyword.WebUiBuiltInKeywords.modifyObjectProperty(batchlength, "xpath", "equals", "//*[@id = "fldvendor" + row + ""]", true): Modify property of object successfully

2018-05-15 18:58:02 - [MESSAGE][PASSED] - Modify property of object successfully

2018-05-15 18:58:02 - [TEST_STEP][PASSED] - Statement - batchsize = com.kms.katalon.core.webui.keyword.WebUiBuiltInKeywords.getNumberOfTotalOption(batchlength): 5 options of object '' counted

2018-05-15 18:58:02 - [MESSAGE][PASSED] - 5 options of object '' counted

2018-05-15 18:58:02 - [TEST_STEP][PASSED] - Statement - out.println("BatchSize : " + batchsize): null

2018-05-15 18:58:02 - [TEST_STEP][PASSED] - Statement - For ([n = 1, n <= batchsize - 1, (n++)]): null

2018-05-15 18:58:02 - [TEST_STEP][PASSED] - Statement - product = new com.kms.katalon.core.testobject.TestObject(): null

2018-05-15 18:58:02 - [TEST_STEP][PASSED] - Statement - product = com.kms.katalon.core.webui.keyword.WebUiBuiltInKeywords.modifyObjectProperty(product, "xpath", "equals", "//*[@id = "fldvendor" + row + ""]", true): Modify property of object successfully

2018-05-15 18:58:02 - [MESSAGE][PASSED] - Modify property of object successfully

2018-05-15 18:58:02 - [TEST_STEP][PASSED] - selectOptionByIndex: All options with index in [1] are selected on object ''

2018-05-15 18:58:02 - [MESSAGE][PASSED] - All options with index in [1] are selected on object ''

2018-05-15 18:58:02 - [TEST_STEP][PASSED] - Statement - batch = new com.kms.katalon.core.testobject.TestObject(): null

2018-05-15 18:58:02 - [TEST_STEP][PASSED] - Statement - batch = com.kms.katalon.core.webui.keyword.WebUiBuiltInKeywords.modifyObjectProperty(batch, "xpath", "equals", "//*[@id = "txtbthqty" + row + ""]", true): Modify property of object successfully

2018-05-15 18:58:02 - [MESSAGE][PASSED] - Modify property of object successfully

2018-05-15 18:58:02 - [TEST_STEP][PASSED] - Statement - batchqty = com.kms.katalon.core.webui.keyword.WebUiBuiltInKeywords.getAttribute(batch, "value").trim(): Attribute 'value' of object '' is: '5000'

2018-05-15 18:58:02 - [MESSAGE][PASSED] - Attribute 'value' of object '' is: '5000'

2018-05-15 18:58:02 - [TEST_STEP][PASSED] - Statement - Rqty = 10000: null

2018-05-15 18:58:02 - [TEST_STEP][PASSED] - delay: Delayed 2 second(s)

2018-05-15 18:58:04 - [MESSAGE][PASSED] - Delayed 2 second(s)

2018-05-15 18:58:04 - [TEST_STEP][PASSED] - Statement - out.println("BatchQty : " + batchqty): null

2018-05-15 18:58:04 - [TEST_STEP][PASSED] - Statement - out.println("RQty : " + Rqty): null

2018-05-15 18:58:04 - [TEST_STEP][PASSED] - Statement - If (java.lang.Integer.valueOf(batchqty) >= java.lang.Integer.valueOf(Rqty)): null

2018-05-15 18:58:04 - [TEST_STEP][PASSED] - Statement - Else: null

2018-05-15 18:58:04 - [TEST_STEP][PASSED] - Statement - out.println("Batchqty Is Less Than Rqty"): null

2018-05-15 18:58:04 - [TEST_STEP][PASSED] - Statement - product = new com.kms.katalon.core.testobject.TestObject(): null

2018-05-15 18:58:04 - [TEST_STEP][PASSED] - Statement - product = com.kms.katalon.core.webui.keyword.WebUiBuiltInKeywords.modifyObjectProperty(product, "xpath", "equals", "//*[@id = "fldvendor" + row + ""]", true): Modify property of object successfully

2018-05-15 18:58:04 - [MESSAGE][PASSED] - Modify property of object successfully

2018-05-15 18:58:04 - [TEST_STEP][PASSED] - selectOptionByIndex: All options with index in [2] are selected on object ''

2018-05-15 18:58:04 - [MESSAGE][PASSED] - All options with index in [2] are selected on object ''

2018-05-15 18:58:04 - [TEST_STEP][PASSED] - Statement - batch = new com.kms.katalon.core.testobject.TestObject(): null

2018-05-15 18:58:04 - [TEST_STEP][PASSED] - Statement - batch = com.kms.katalon.core.webui.keyword.WebUiBuiltInKeywords.modifyObjectProperty(batch, "xpath", "equals", "//*[@id = "txtbthqty" + row + ""]", true): Modify property of object successfully

2018-05-15 18:58:04 - [MESSAGE][PASSED] - Modify property of object successfully

2018-05-15 18:58:04 - [TEST_STEP][PASSED] - Statement - batchqty = com.kms.katalon.core.webui.keyword.WebUiBuiltInKeywords.getAttribute(batch, "value").trim(): Attribute 'value' of object '' is: '4000'

2018-05-15 18:58:04 - [MESSAGE][PASSED] - Attribute 'value' of object '' is: '4000'

2018-05-15 18:58:04 - [TEST_STEP][PASSED] - Statement - Rqty = 10000: null

2018-05-15 18:58:04 - [TEST_STEP][PASSED] - delay: Delayed 2 second(s)

2018-05-15 18:58:06 - [MESSAGE][PASSED] - Delayed 2 second(s)

2018-05-15 18:58:06 - [TEST_STEP][PASSED] - Statement - out.println("BatchQty : " + batchqty): null

2018-05-15 18:58:06 - [TEST_STEP][PASSED] - Statement - out.println("RQty : " + Rqty): null

2018-05-15 18:58:06 - [TEST_STEP][PASSED] - Statement - If (java.lang.Integer.valueOf(batchqty) >= java.lang.Integer.valueOf(Rqty)): null

2018-05-15 18:58:06 - [TEST_STEP][PASSED] - Statement - Else: null

2018-05-15 18:58:06 - [TEST_STEP][PASSED] - Statement - out.println("Batchqty Is Less Than Rqty"): null

2018-05-15 18:58:06 - [TEST_STEP][PASSED] - Statement - product = new com.kms.katalon.core.testobject.TestObject(): null

2018-05-15 18:58:06 - [TEST_STEP][PASSED] - Statement - product = com.kms.katalon.core.webui.keyword.WebUiBuiltInKeywords.modifyObjectProperty(product, "xpath", "equals", "//*[@id = "fldvendor" + row + ""]", true): Modify property of object successfully

2018-05-15 18:58:06 - [MESSAGE][PASSED] - Modify property of object successfully

2018-05-15 18:58:06 - [TEST_STEP][PASSED] - selectOptionByIndex: All options with index in [3] are selected on object ''

2018-05-15 18:58:06 - [MESSAGE][PASSED] - All options with index in [3] are selected on object ''

2018-05-15 18:58:06 - [TEST_STEP][PASSED] - Statement - batch = new com.kms.katalon.core.testobject.TestObject(): null

2018-05-15 18:58:06 - [TEST_STEP][PASSED] - Statement - batch = com.kms.katalon.core.webui.keyword.WebUiBuiltInKeywords.modifyObjectProperty(batch, "xpath", "equals", "//*[@id = "txtbthqty" + row + ""]", true): Modify property of object successfully

2018-05-15 18:58:06 - [MESSAGE][PASSED] - Modify property of object successfully

2018-05-15 18:58:06 - [TEST_STEP][PASSED] - Statement - batchqty = com.kms.katalon.core.webui.keyword.WebUiBuiltInKeywords.getAttribute(batch, "value").trim(): Attribute 'value' of object '' is: '500'

2018-05-15 18:58:06 - [MESSAGE][PASSED] - Attribute 'value' of object '' is: '500'

2018-05-15 18:58:06 - [TEST_STEP][PASSED] - Statement - Rqty = 10000: null

2018-05-15 18:58:06 - [TEST_STEP][PASSED] - delay: Delayed 2 second(s)

2018-05-15 18:58:08 - [MESSAGE][PASSED] - Delayed 2 second(s)

2018-05-15 18:58:08 - [TEST_STEP][PASSED] - Statement - out.println("BatchQty : " + batchqty): null

2018-05-15 18:58:08 - [TEST_STEP][PASSED] - Statement - out.println("RQty : " + Rqty): null

2018-05-15 18:58:08 - [TEST_STEP][PASSED] - Statement - If (java.lang.Integer.valueOf(batchqty) >= java.lang.Integer.valueOf(Rqty)): null

2018-05-15 18:58:08 - [TEST_STEP][PASSED] - Statement - Else: null

2018-05-15 18:58:08 - [TEST_STEP][PASSED] - Statement - out.println("Batchqty Is Less Than Rqty"): null

2018-05-15 18:58:08 - [TEST_STEP][PASSED] - Statement - product = new com.kms.katalon.core.testobject.TestObject(): null

2018-05-15 18:58:08 - [TEST_STEP][PASSED] - Statement - product = com.kms.katalon.core.webui.keyword.WebUiBuiltInKeywords.modifyObjectProperty(product, "xpath", "equals", "//*[@id = "fldvendor" + row + ""]", true): Modify property of object successfully

2018-05-15 18:58:08 - [MESSAGE][PASSED] - Modify property of object successfully

2018-05-15 18:58:08 - [TEST_STEP][PASSED] - selectOptionByIndex: All options with index in [4] are selected on object ''

2018-05-15 18:58:08 - [MESSAGE][PASSED] - All options with index in [4] are selected on object ''

2018-05-15 18:58:08 - [TEST_STEP][PASSED] - Statement - batch = new com.kms.katalon.core.testobject.TestObject(): null

2018-05-15 18:58:08 - [TEST_STEP][PASSED] - Statement - batch = com.kms.katalon.core.webui.keyword.WebUiBuiltInKeywords.modifyObjectProperty(batch, "xpath", "equals", "//*[@id = "txtbthqty" + row + ""]", true): Modify property of object successfully

2018-05-15 18:58:08 - [MESSAGE][PASSED] - Modify property of object successfully

2018-05-15 18:58:08 - [TEST_STEP][PASSED] - Statement - batchqty = com.kms.katalon.core.webui.keyword.WebUiBuiltInKeywords.getAttribute(batch, "value").trim(): Attribute 'value' of object '' is: '50000'

2018-05-15 18:58:08 - [MESSAGE][PASSED] - Attribute 'value' of object '' is: '50000'

2018-05-15 18:58:08 - [TEST_STEP][PASSED] - Statement - Rqty = 10000: null

2018-05-15 18:58:08 - [TEST_STEP][PASSED] - delay: Delayed 2 second(s)

2018-05-15 18:58:10 - [MESSAGE][PASSED] - Delayed 2 second(s)

2018-05-15 18:58:10 - [TEST_STEP][PASSED] - Statement - out.println("BatchQty : " + batchqty): null

2018-05-15 18:58:10 - [TEST_STEP][PASSED] - Statement - out.println("RQty : " + Rqty): null

2018-05-15 18:58:10 - [TEST_STEP][PASSED] - Statement - If (java.lang.Integer.valueOf(batchqty) >= java.lang.Integer.valueOf(Rqty)): null

2018-05-15 18:58:10 - [TEST_STEP][PASSED] - Statement - Break: null

2018-05-15 18:58:10 - [TEST_STEP][PASSED] - Statement - batchlength = new com.kms.katalon.core.testobject.TestObject(): null

2018-05-15 18:58:10 - [TEST_STEP][PASSED] - Statement - batchlength = com.kms.katalon.core.webui.keyword.WebUiBuiltInKeywords.modifyObjectProperty(batchlength, "xpath", "equals", "//*[@id = "fldvendor" + row + ""]", true): Modify property of object successfully

2018-05-15 18:58:10 - [MESSAGE][PASSED] - Modify property of object successfully

2018-05-15 18:58:10 - [TEST_STEP][PASSED] - Statement - batchsize = com.kms.katalon.core.webui.keyword.WebUiBuiltInKeywords.getNumberOfTotalOption(batchlength): 5 options of object '' counted

2018-05-15 18:58:10 - [MESSAGE][PASSED] - 5 options of object '' counted

2018-05-15 18:58:10 - [TEST_STEP][PASSED] - Statement - out.println("BatchSize : " + batchsize): null

2018-05-15 18:58:10 - [TEST_STEP][PASSED] - Statement - For ([n = 1, n <= batchsize - 1, (n++)]): null

2018-05-15 18:58:10 - [TEST_STEP][PASSED] - Statement - product = new com.kms.katalon.core.testobject.TestObject(): null

2018-05-15 18:58:10 - [TEST_STEP][PASSED] - Statement - product = com.kms.katalon.core.webui.keyword.WebUiBuiltInKeywords.modifyObjectProperty(product, "xpath", "equals", "//*[@id = "fldvendor" + row + ""]", true): Modify property of object successfully

2018-05-15 18:58:10 - [MESSAGE][PASSED] - Modify property of object successfully

2018-05-15 18:58:10 - [TEST_STEP][PASSED] - selectOptionByIndex: All options with index in [1] are selected on object ''

2018-05-15 18:58:10 - [MESSAGE][PASSED] - All options with index in [1] are selected on object ''

2018-05-15 18:58:10 - [TEST_STEP][PASSED] - Statement - batch = new com.kms.katalon.core.testobject.TestObject(): null

2018-05-15 18:58:10 - [TEST_STEP][PASSED] - Statement - batch = com.kms.katalon.core.webui.keyword.WebUiBuiltInKeywords.modifyObjectProperty(batch, "xpath", "equals", "//*[@id = "txtbthqty" + row + ""]", true): Modify property of object successfully

2018-05-15 18:58:10 - [MESSAGE][PASSED] - Modify property of object successfully

2018-05-15 18:58:10 - [TEST_STEP][PASSED] - Statement - batchqty = com.kms.katalon.core.webui.keyword.WebUiBuiltInKeywords.getAttribute(batch, "value").trim(): Attribute 'value' of object '' is: '5000'

2018-05-15 18:58:10 - [MESSAGE][PASSED] - Attribute 'value' of object '' is: '5000'

2018-05-15 18:58:10 - [TEST_STEP][PASSED] - Statement - Rqty = 10000: null

2018-05-15 18:58:10 - [TEST_STEP][PASSED] - delay: Delayed 2 second(s)

2018-05-15 18:58:12 - [MESSAGE][PASSED] - Delayed 2 second(s)

2018-05-15 18:58:12 - [TEST_STEP][PASSED] - Statement - out.println("BatchQty : " + batchqty): null

2018-05-15 18:58:12 - [TEST_STEP][PASSED] - Statement - out.println("RQty : " + Rqty): null

2018-05-15 18:58:12 - [TEST_STEP][PASSED] - Statement - If (java.lang.Integer.valueOf(batchqty) >= java.lang.Integer.valueOf(Rqty)): null

2018-05-15 18:58:12 - [TEST_STEP][PASSED] - Statement - Else: null

2018-05-15 18:58:12 - [TEST_STEP][PASSED] - Statement - out.println("Batchqty Is Less Than Rqty"): null

2018-05-15 18:58:12 - [TEST_STEP][PASSED] - Statement - product = new com.kms.katalon.core.testobject.TestObject(): null

2018-05-15 18:58:12 - [TEST_STEP][PASSED] - Statement - product = com.kms.katalon.core.webui.keyword.WebUiBuiltInKeywords.modifyObjectProperty(product, "xpath", "equals", "//*[@id = "fldvendor" + row + ""]", true): Modify property of object successfully

2018-05-15 18:58:12 - [MESSAGE][PASSED] - Modify property of object successfully

2018-05-15 18:58:12 - [TEST_STEP][PASSED] - selectOptionByIndex: All options with index in [2] are selected on object ''

2018-05-15 18:58:13 - [MESSAGE][PASSED] - All options with index in [2] are selected on object ''

2018-05-15 18:58:13 - [TEST_STEP][PASSED] - Statement - batch = new com.kms.katalon.core.testobject.TestObject(): null

2018-05-15 18:58:13 - [TEST_STEP][PASSED] - Statement - batch = com.kms.katalon.core.webui.keyword.WebUiBuiltInKeywords.modifyObjectProperty(batch, "xpath", "equals", "//*[@id = "txtbthqty" + row + ""]", true): Modify property of object successfully

2018-05-15 18:58:13 - [MESSAGE][PASSED] - Modify property of object successfully

2018-05-15 18:58:13 - [TEST_STEP][PASSED] - Statement - batchqty = com.kms.katalon.core.webui.keyword.WebUiBuiltInKeywords.getAttribute(batch, "value").trim(): Attribute 'value' of object '' is: '500'

2018-05-15 18:58:13 - [MESSAGE][PASSED] - Attribute 'value' of object '' is: '500'

2018-05-15 18:58:13 - [TEST_STEP][PASSED] - Statement - Rqty = 10000: null

2018-05-15 18:58:13 - [TEST_STEP][PASSED] - delay: Delayed 2 second(s)

2018-05-15 18:58:15 - [MESSAGE][PASSED] - Delayed 2 second(s)

2018-05-15 18:58:15 - [TEST_STEP][PASSED] - Statement - out.println("BatchQty : " + batchqty): null

2018-05-15 18:58:15 - [TEST_STEP][PASSED] - Statement - out.println("RQty : " + Rqty): null

2018-05-15 18:58:15 - [TEST_STEP][PASSED] - Statement - If (java.lang.Integer.valueOf(batchqty) >= java.lang.Integer.valueOf(Rqty)): null

2018-05-15 18:58:15 - [TEST_STEP][PASSED] - Statement - Else: null

2018-05-15 18:58:15 - [TEST_STEP][PASSED] - Statement - out.println("Batchqty Is Less Than Rqty"): null

2018-05-15 18:58:15 - [TEST_STEP][PASSED] - Statement - product = new com.kms.katalon.core.testobject.TestObject(): null

2018-05-15 18:58:15 - [TEST_STEP][PASSED] - Statement - product = com.kms.katalon.core.webui.keyword.WebUiBuiltInKeywords.modifyObjectProperty(product, "xpath", "equals", "//*[@id = "fldvendor" + row + ""]", true): Modify property of object successfully

2018-05-15 18:58:15 - [MESSAGE][PASSED] - Modify property of object successfully

2018-05-15 18:58:15 - [TEST_STEP][PASSED] - selectOptionByIndex: All options with index in [3] are selected on object ''

2018-05-15 18:58:15 - [MESSAGE][PASSED] - All options with index in [3] are selected on object ''

2018-05-15 18:58:15 - [TEST_STEP][PASSED] - Statement - batch = new com.kms.katalon.core.testobject.TestObject(): null

2018-05-15 18:58:15 - [TEST_STEP][PASSED] - Statement - batch = com.kms.katalon.core.webui.keyword.WebUiBuiltInKeywords.modifyObjectProperty(batch, "xpath", "equals", "//*[@id = "txtbthqty" + row + ""]", true): Modify property of object successfully

2018-05-15 18:58:15 - [MESSAGE][PASSED] - Modify property of object successfully

2018-05-15 18:58:15 - [TEST_STEP][PASSED] - Statement - batchqty = com.kms.katalon.core.webui.keyword.WebUiBuiltInKeywords.getAttribute(batch, "value").trim(): Attribute 'value' of object '' is: '4000'

2018-05-15 18:58:15 - [MESSAGE][PASSED] - Attribute 'value' of object '' is: '4000'

2018-05-15 18:58:15 - [TEST_STEP][PASSED] - Statement - Rqty = 10000: null

2018-05-15 18:58:15 - [TEST_STEP][PASSED] - delay: Delayed 2 second(s)

2018-05-15 18:58:17 - [MESSAGE][PASSED] - Delayed 2 second(s)

2018-05-15 18:58:17 - [TEST_STEP][PASSED] - Statement - out.println("BatchQty : " + batchqty): null

2018-05-15 18:58:17 - [TEST_STEP][PASSED] - Statement - out.println("RQty : " + Rqty): null

2018-05-15 18:58:17 - [TEST_STEP][PASSED] - Statement - If (java.lang.Integer.valueOf(batchqty) >= java.lang.Integer.valueOf(Rqty)): null

2018-05-15 18:58:17 - [TEST_STEP][PASSED] - Statement - Else: null

2018-05-15 18:58:17 - [TEST_STEP][PASSED] - Statement - out.println("Batchqty Is Less Than Rqty"): null

2018-05-15 18:58:17 - [TEST_STEP][PASSED] - Statement - product = new com.kms.katalon.core.testobject.TestObject(): null

2018-05-15 18:58:17 - [TEST_STEP][PASSED] - Statement - product = com.kms.katalon.core.webui.keyword.WebUiBuiltInKeywords.modifyObjectProperty(product, "xpath", "equals", "//*[@id = "fldvendor" + row + ""]", true): Modify property of object successfully

2018-05-15 18:58:17 - [MESSAGE][PASSED] - Modify property of object successfully

2018-05-15 18:58:17 - [TEST_STEP][PASSED] - selectOptionByIndex: All options with index in [4] are selected on object ''

2018-05-15 18:58:17 - [MESSAGE][PASSED] - All options with index in [4] are selected on object ''

2018-05-15 18:58:17 - [TEST_STEP][PASSED] - Statement - batch = new com.kms.katalon.core.testobject.TestObject(): null

2018-05-15 18:58:17 - [TEST_STEP][PASSED] - Statement - batch = com.kms.katalon.core.webui.keyword.WebUiBuiltInKeywords.modifyObjectProperty(batch, "xpath", "equals", "//*[@id = "txtbthqty" + row + ""]", true): Modify property of object successfully

2018-05-15 18:58:17 - [MESSAGE][PASSED] - Modify property of object successfully

2018-05-15 18:58:17 - [TEST_STEP][PASSED] - Statement - batchqty = com.kms.katalon.core.webui.keyword.WebUiBuiltInKeywords.getAttribute(batch, "value").trim(): Attribute 'value' of object '' is: '50000'

2018-05-15 18:58:17 - [MESSAGE][PASSED] - Attribute 'value' of object '' is: '50000'

2018-05-15 18:58:17 - [TEST_STEP][PASSED] - Statement - Rqty = 10000: null

2018-05-15 18:58:17 - [TEST_STEP][PASSED] - delay: Delayed 2 second(s)

2018-05-15 18:58:19 - [MESSAGE][PASSED] - Delayed 2 second(s)

2018-05-15 18:58:19 - [TEST_STEP][PASSED] - Statement - out.println("BatchQty : " + batchqty): null

2018-05-15 18:58:19 - [TEST_STEP][PASSED] - Statement - out.println("RQty : " + Rqty): null

2018-05-15 18:58:19 - [TEST_STEP][PASSED] - Statement - If (java.lang.Integer.valueOf(batchqty) >= java.lang.Integer.valueOf(Rqty)): null

2018-05-15 18:58:19 - [TEST_STEP][PASSED] - Statement - Break: null

2018-05-15 18:58:19 - [TEST_STEP][PASSED] - Statement - batchlength = new com.kms.katalon.core.testobject.TestObject(): null

2018-05-15 18:58:19 - [TEST_STEP][PASSED] - Statement - batchlength = com.kms.katalon.core.webui.keyword.WebUiBuiltInKeywords.modifyObjectProperty(batchlength, "xpath", "equals", "//*[@id = "fldvendor" + row + ""]", true): Modify property of object successfully

2018-05-15 18:58:19 - [MESSAGE][PASSED] - Modify property of object successfully

2018-05-15 18:58:19 - [TEST_STEP][PASSED] - Statement - batchsize = com.kms.katalon.core.webui.keyword.WebUiBuiltInKeywords.getNumberOfTotalOption(batchlength): 5 options of object '' counted

2018-05-15 18:58:19 - [MESSAGE][PASSED] - 5 options of object '' counted

2018-05-15 18:58:19 - [TEST_STEP][PASSED] - Statement - out.println("BatchSize : " + batchsize): null

2018-05-15 18:58:19 - [TEST_STEP][PASSED] - Statement - For ([n = 1, n <= batchsize - 1, (n++)]): null

2018-05-15 18:58:19 - [TEST_STEP][PASSED] - Statement - product = new com.kms.katalon.core.testobject.TestObject(): null

2018-05-15 18:58:19 - [TEST_STEP][PASSED] - Statement - product = com.kms.katalon.core.webui.keyword.WebUiBuiltInKeywords.modifyObjectProperty(product, "xpath", "equals", "//*[@id = "fldvendor" + row + ""]", true): Modify property of object successfully

2018-05-15 18:58:19 - [MESSAGE][PASSED] - Modify property of object successfully

2018-05-15 18:58:19 - [TEST_STEP][PASSED] - selectOptionByIndex: All options with index in [1] are selected on object ''

2018-05-15 18:58:19 - [MESSAGE][PASSED] - All options with index in [1] are selected on object ''

2018-05-15 18:58:19 - [TEST_STEP][PASSED] - Statement - batch = new com.kms.katalon.core.testobject.TestObject(): null

2018-05-15 18:58:19 - [TEST_STEP][PASSED] - Statement - batch = com.kms.katalon.core.webui.keyword.WebUiBuiltInKeywords.modifyObjectProperty(batch, "xpath", "equals", "//*[@id = "txtbthqty" + row + ""]", true): Modify property of object successfully

2018-05-15 18:58:19 - [MESSAGE][PASSED] - Modify property of object successfully

2018-05-15 18:58:19 - [TEST_STEP][PASSED] - Statement - batchqty = com.kms.katalon.core.webui.keyword.WebUiBuiltInKeywords.getAttribute(batch, "value").trim(): Attribute 'value' of object '' is: '4000'

2018-05-15 18:58:19 - [MESSAGE][PASSED] - Attribute 'value' of object '' is: '4000'

2018-05-15 18:58:19 - [TEST_STEP][PASSED] - Statement - Rqty = 10000: null

2018-05-15 18:58:19 - [TEST_STEP][PASSED] - delay: Delayed 2 second(s)

2018-05-15 18:58:21 - [MESSAGE][PASSED] - Delayed 2 second(s)

2018-05-15 18:58:21 - [TEST_STEP][PASSED] - Statement - out.println("BatchQty : " + batchqty): null

2018-05-15 18:58:21 - [TEST_STEP][PASSED] - Statement - out.println("RQty : " + Rqty): null

2018-05-15 18:58:21 - [TEST_STEP][PASSED] - Statement - If (java.lang.Integer.valueOf(batchqty) >= java.lang.Integer.valueOf(Rqty)): null

2018-05-15 18:58:21 - [TEST_STEP][PASSED] - Statement - Else: null

2018-05-15 18:58:21 - [TEST_STEP][PASSED] - Statement - out.println("Batchqty Is Less Than Rqty"): null

2018-05-15 18:58:21 - [TEST_STEP][PASSED] - Statement - product = new com.kms.katalon.core.testobject.TestObject(): null

2018-05-15 18:58:21 - [TEST_STEP][PASSED] - Statement - product = com.kms.katalon.core.webui.keyword.WebUiBuiltInKeywords.modifyObjectProperty(product, "xpath", "equals", "//*[@id = "fldvendor" + row + ""]", true): Modify property of object successfully

2018-05-15 18:58:21 - [MESSAGE][PASSED] - Modify property of object successfully

2018-05-15 18:58:21 - [TEST_STEP][PASSED] - selectOptionByIndex: All options with index in [2] are selected on object ''

2018-05-15 18:58:21 - [MESSAGE][PASSED] - All options with index in [2] are selected on object ''

2018-05-15 18:58:21 - [TEST_STEP][PASSED] - Statement - batch = new com.kms.katalon.core.testobject.TestObject(): null

2018-05-15 18:58:21 - [TEST_STEP][PASSED] - Statement - batch = com.kms.katalon.core.webui.keyword.WebUiBuiltInKeywords.modifyObjectProperty(batch, "xpath", "equals", "//*[@id = "txtbthqty" + row + ""]", true): Modify property of object successfully

2018-05-15 18:58:21 - [MESSAGE][PASSED] - Modify property of object successfully

2018-05-15 18:58:21 - [TEST_STEP][PASSED] - Statement - batchqty = com.kms.katalon.core.webui.keyword.WebUiBuiltInKeywords.getAttribute(batch, "value").trim(): Attribute 'value' of object '' is: '500'

2018-05-15 18:58:21 - [MESSAGE][PASSED] - Attribute 'value' of object '' is: '500'

2018-05-15 18:58:21 - [TEST_STEP][PASSED] - Statement - Rqty = 10000: null

2018-05-15 18:58:21 - [TEST_STEP][PASSED] - delay: Delayed 2 second(s)

2018-05-15 18:58:23 - [MESSAGE][PASSED] - Delayed 2 second(s)

2018-05-15 18:58:23 - [TEST_STEP][PASSED] - Statement - out.println("BatchQty : " + batchqty): null

2018-05-15 18:58:23 - [TEST_STEP][PASSED] - Statement - out.println("RQty : " + Rqty): null

2018-05-15 18:58:23 - [TEST_STEP][PASSED] - Statement - If (java.lang.Integer.valueOf(batchqty) >= java.lang.Integer.valueOf(Rqty)): null

2018-05-15 18:58:23 - [TEST_STEP][PASSED] - Statement - Else: null

2018-05-15 18:58:23 - [TEST_STEP][PASSED] - Statement - out.println("Batchqty Is Less Than Rqty"): null

2018-05-15 18:58:23 - [TEST_STEP][PASSED] - Statement - product = new com.kms.katalon.core.testobject.TestObject(): null

2018-05-15 18:58:23 - [TEST_STEP][PASSED] - Statement - product = com.kms.katalon.core.webui.keyword.WebUiBuiltInKeywords.modifyObjectProperty(product, "xpath", "equals", "//*[@id = "fldvendor" + row + ""]", true): Modify property of object successfully

2018-05-15 18:58:23 - [MESSAGE][PASSED] - Modify property of object successfully

2018-05-15 18:58:23 - [TEST_STEP][PASSED] - selectOptionByIndex: All options with index in [3] are selected on object ''

2018-05-15 18:58:24 - [MESSAGE][PASSED] - All options with index in [3] are selected on object ''

2018-05-15 18:58:24 - [TEST_STEP][PASSED] - Statement - batch = new com.kms.katalon.core.testobject.TestObject(): null

2018-05-15 18:58:24 - [TEST_STEP][PASSED] - Statement - batch = com.kms.katalon.core.webui.keyword.WebUiBuiltInKeywords.modifyObjectProperty(batch, "xpath", "equals", "//*[@id = "txtbthqty" + row + ""]", true): Modify property of object successfully

2018-05-15 18:58:24 - [MESSAGE][PASSED] - Modify property of object successfully

2018-05-15 18:58:24 - [TEST_STEP][PASSED] - Statement - batchqty = com.kms.katalon.core.webui.keyword.WebUiBuiltInKeywords.getAttribute(batch, "value").trim(): Attribute 'value' of object '' is: '50000'

2018-05-15 18:58:24 - [MESSAGE][PASSED] - Attribute 'value' of object '' is: '50000'

2018-05-15 18:58:24 - [TEST_STEP][PASSED] - Statement - Rqty = 10000: null

2018-05-15 18:58:24 - [TEST_STEP][PASSED] - delay: Delayed 2 second(s)

2018-05-15 18:58:26 - [MESSAGE][PASSED] - Delayed 2 second(s)

2018-05-15 18:58:26 - [TEST_STEP][PASSED] - Statement - out.println("BatchQty : " + batchqty): null

2018-05-15 18:58:26 - [TEST_STEP][PASSED] - Statement - out.println("RQty : " + Rqty): null

2018-05-15 18:58:26 - [TEST_STEP][PASSED] - Statement - If (java.lang.Integer.valueOf(batchqty) >= java.lang.Integer.valueOf(Rqty)): null

2018-05-15 18:58:26 - [TEST_STEP][PASSED] - Statement - Break: null

2018-05-15 18:58:26 - [TEST_STEP][PASSED] - Statement - batchlength = new com.kms.katalon.core.testobject.TestObject(): null

2018-05-15 18:58:26 - [TEST_STEP][PASSED] - Statement - batchlength = com.kms.katalon.core.webui.keyword.WebUiBuiltInKeywords.modifyObjectProperty(batchlength, "xpath", "equals", "//*[@id = "fldvendor" + row + ""]", true): Modify property of object successfully

2018-05-15 18:58:26 - [MESSAGE][PASSED] - Modify property of object successfully

2018-05-15 18:58:26 - [TEST_STEP][PASSED] - Statement - batchsize = com.kms.katalon.core.webui.keyword.WebUiBuiltInKeywords.getNumberOfTotalOption(batchlength): 5 options of object '' counted

2018-05-15 18:58:26 - [MESSAGE][PASSED] - 5 options of object '' counted

2018-05-15 18:58:26 - [TEST_STEP][PASSED] - Statement - out.println("BatchSize : " + batchsize): null

2018-05-15 18:58:26 - [TEST_STEP][PASSED] - Statement - For ([n = 1, n <= batchsize - 1, (n++)]): null

2018-05-15 18:58:26 - [TEST_STEP][PASSED] - Statement - product = new com.kms.katalon.core.testobject.TestObject(): null

2018-05-15 18:58:26 - [TEST_STEP][PASSED] - Statement - product = com.kms.katalon.core.webui.keyword.WebUiBuiltInKeywords.modifyObjectProperty(product, "xpath", "equals", "//*[@id = "fldvendor" + row + ""]", true): Modify property of object successfully

2018-05-15 18:58:26 - [MESSAGE][PASSED] - Modify property of object successfully

2018-05-15 18:58:26 - [TEST_STEP][PASSED] - selectOptionByIndex: All options with index in [1] are selected on object ''

2018-05-15 18:58:26 - [MESSAGE][PASSED] - All options with index in [1] are selected on object ''

2018-05-15 18:58:26 - [TEST_STEP][PASSED] - Statement - batch = new com.kms.katalon.core.testobject.TestObject(): null

2018-05-15 18:58:26 - [TEST_STEP][PASSED] - Statement - batch = com.kms.katalon.core.webui.keyword.WebUiBuiltInKeywords.modifyObjectProperty(batch, "xpath", "equals", "//*[@id = "txtbthqty" + row + ""]", true): Modify property of object successfully

2018-05-15 18:58:26 - [MESSAGE][PASSED] - Modify property of object successfully

2018-05-15 18:58:26 - [TEST_STEP][PASSED] - Statement - batchqty = com.kms.katalon.core.webui.keyword.WebUiBuiltInKeywords.getAttribute(batch, "value").trim(): Attribute 'value' of object '' is: '5000'

2018-05-15 18:58:26 - [MESSAGE][PASSED] - Attribute 'value' of object '' is: '5000'

2018-05-15 18:58:26 - [TEST_STEP][PASSED] - Statement - Rqty = 10000: null

2018-05-15 18:58:26 - [TEST_STEP][PASSED] - delay: Delayed 2 second(s)

2018-05-15 18:58:28 - [MESSAGE][PASSED] - Delayed 2 second(s)

2018-05-15 18:58:28 - [TEST_STEP][PASSED] - Statement - out.println("BatchQty : " + batchqty): null

2018-05-15 18:58:28 - [TEST_STEP][PASSED] - Statement - out.println("RQty : " + Rqty): null

2018-05-15 18:58:28 - [TEST_STEP][PASSED] - Statement - If (java.lang.Integer.valueOf(batchqty) >= java.lang.Integer.valueOf(Rqty)): null

2018-05-15 18:58:28 - [TEST_STEP][PASSED] - Statement - Else: null

2018-05-15 18:58:28 - [TEST_STEP][PASSED] - Statement - out.println("Batchqty Is Less Than Rqty"): null

2018-05-15 18:58:28 - [TEST_STEP][PASSED] - Statement - product = new com.kms.katalon.core.testobject.TestObject(): null

2018-05-15 18:58:28 - [TEST_STEP][PASSED] - Statement - product = com.kms.katalon.core.webui.keyword.WebUiBuiltInKeywords.modifyObjectProperty(product, "xpath", "equals", "//*[@id = "fldvendor" + row + ""]", true): Modify property of object successfully

2018-05-15 18:58:28 - [MESSAGE][PASSED] - Modify property of object successfully

2018-05-15 18:58:28 - [TEST_STEP][PASSED] - selectOptionByIndex: All options with index in [2] are selected on object ''

2018-05-15 18:58:28 - [MESSAGE][PASSED] - All options with index in [2] are selected on object ''

2018-05-15 18:58:28 - [TEST_STEP][PASSED] - Statement - batch = new com.kms.katalon.core.testobject.TestObject(): null

2018-05-15 18:58:28 - [TEST_STEP][PASSED] - Statement - batch = com.kms.katalon.core.webui.keyword.WebUiBuiltInKeywords.modifyObjectProperty(batch, "xpath", "equals", "//*[@id = "txtbthqty" + row + ""]", true): Modify property of object successfully

2018-05-15 18:58:28 - [MESSAGE][PASSED] - Modify property of object successfully

2018-05-15 18:58:28 - [TEST_STEP][PASSED] - Statement - batchqty = com.kms.katalon.core.webui.keyword.WebUiBuiltInKeywords.getAttribute(batch, "value").trim(): Attribute 'value' of object '' is: '4000'

2018-05-15 18:58:28 - [MESSAGE][PASSED] - Attribute 'value' of object '' is: '4000'

2018-05-15 18:58:28 - [TEST_STEP][PASSED] - Statement - Rqty = 10000: null

2018-05-15 18:58:28 - [TEST_STEP][PASSED] - delay: Delayed 2 second(s)

2018-05-15 18:58:30 - [MESSAGE][PASSED] - Delayed 2 second(s)

2018-05-15 18:58:30 - [TEST_STEP][PASSED] - Statement - out.println("BatchQty : " + batchqty): null

2018-05-15 18:58:30 - [TEST_STEP][PASSED] - Statement - out.println("RQty : " + Rqty): null

2018-05-15 18:58:30 - [TEST_STEP][PASSED] - Statement - If (java.lang.Integer.valueOf(batchqty) >= java.lang.Integer.valueOf(Rqty)): null

2018-05-15 18:58:30 - [TEST_STEP][PASSED] - Statement - Else: null

2018-05-15 18:58:30 - [TEST_STEP][PASSED] - Statement - out.println("Batchqty Is Less Than Rqty"): null

2018-05-15 18:58:30 - [TEST_STEP][PASSED] - Statement - product = new com.kms.katalon.core.testobject.TestObject(): null

2018-05-15 18:58:30 - [TEST_STEP][PASSED] - Statement - product = com.kms.katalon.core.webui.keyword.WebUiBuiltInKeywords.modifyObjectProperty(product, "xpath", "equals", "//*[@id = "fldvendor" + row + ""]", true): Modify property of object successfully

2018-05-15 18:58:30 - [MESSAGE][PASSED] - Modify property of object successfully

2018-05-15 18:58:30 - [TEST_STEP][PASSED] - selectOptionByIndex: All options with index in [3] are selected on object ''

2018-05-15 18:58:30 - [MESSAGE][PASSED] - All options with index in [3] are selected on object ''

2018-05-15 18:58:30 - [TEST_STEP][PASSED] - Statement - batch = new com.kms.katalon.core.testobject.TestObject(): null

2018-05-15 18:58:30 - [TEST_STEP][PASSED] - Statement - batch = com.kms.katalon.core.webui.keyword.WebUiBuiltInKeywords.modifyObjectProperty(batch, "xpath", "equals", "//*[@id = "txtbthqty" + row + ""]", true): Modify property of object successfully

2018-05-15 18:58:30 - [MESSAGE][PASSED] - Modify property of object successfully

2018-05-15 18:58:30 - [TEST_STEP][PASSED] - Statement - batchqty = com.kms.katalon.core.webui.keyword.WebUiBuiltInKeywords.getAttribute(batch, "value").trim(): Attribute 'value' of object '' is: '50000'

2018-05-15 18:58:30 - [MESSAGE][PASSED] - Attribute 'value' of object '' is: '50000'

2018-05-15 18:58:30 - [TEST_STEP][PASSED] - Statement - Rqty = 10000: null

2018-05-15 18:58:30 - [TEST_STEP][PASSED] - delay: Delayed 2 second(s)

2018-05-15 18:58:32 - [MESSAGE][PASSED] - Delayed 2 second(s)

2018-05-15 18:58:32 - [TEST_STEP][PASSED] - Statement - out.println("BatchQty : " + batchqty): null

2018-05-15 18:58:32 - [TEST_STEP][PASSED] - Statement - out.println("RQty : " + Rqty): null

2018-05-15 18:58:32 - [TEST_STEP][PASSED] - Statement - If (java.lang.Integer.valueOf(batchqty) >= java.lang.Integer.valueOf(Rqty)): null

2018-05-15 18:58:32 - [TEST_STEP][PASSED] - Statement - Break: null

2018-05-15 18:58:32 - [TEST_STEP][PASSED] - Statement - batchlength = new com.kms.katalon.core.testobject.TestObject(): null

2018-05-15 18:58:32 - [TEST_STEP][PASSED] - Statement - batchlength = com.kms.katalon.core.webui.keyword.WebUiBuiltInKeywords.modifyObjectProperty(batchlength, "xpath", "equals", "//*[@id = "fldvendor" + row + ""]", true): Modify property of object successfully

2018-05-15 18:58:32 - [MESSAGE][PASSED] - Modify property of object successfully

2018-05-15 18:58:32 - [TEST_STEP][PASSED] - Statement - batchsize = com.kms.katalon.core.webui.keyword.WebUiBuiltInKeywords.getNumberOfTotalOption(batchlength): 5 options of object '' counted

2018-05-15 18:58:32 - [MESSAGE][PASSED] - 5 options of object '' counted

2018-05-15 18:58:32 - [TEST_STEP][PASSED] - Statement - out.println("BatchSize : " + batchsize): null

2018-05-15 18:58:32 - [TEST_STEP][PASSED] - Statement - For ([n = 1, n <= batchsize - 1, (n++)]): null

2018-05-15 18:58:32 - [TEST_STEP][PASSED] - Statement - product = new com.kms.katalon.core.testobject.TestObject(): null

2018-05-15 18:58:32 - [TEST_STEP][PASSED] - Statement - product = com.kms.katalon.core.webui.keyword.WebUiBuiltInKeywords.modifyObjectProperty(product, "xpath", "equals", "//*[@id = "fldvendor" + row + ""]", true): Modify property of object successfully

2018-05-15 18:58:32 - [MESSAGE][PASSED] - Modify property of object successfully

2018-05-15 18:58:32 - [TEST_STEP][PASSED] - selectOptionByIndex: All options with index in [1] are selected on object ''

2018-05-15 18:58:32 - [MESSAGE][PASSED] - All options with index in [1] are selected on object ''

2018-05-15 18:58:32 - [TEST_STEP][PASSED] - Statement - batch = new com.kms.katalon.core.testobject.TestObject(): null

2018-05-15 18:58:32 - [TEST_STEP][PASSED] - Statement - batch = com.kms.katalon.core.webui.keyword.WebUiBuiltInKeywords.modifyObjectProperty(batch, "xpath", "equals", "//*[@id = "txtbthqty" + row + ""]", true): Modify property of object successfully

2018-05-15 18:58:32 - [MESSAGE][PASSED] - Modify property of object successfully

2018-05-15 18:58:32 - [TEST_STEP][PASSED] - Statement - batchqty = com.kms.katalon.core.webui.keyword.WebUiBuiltInKeywords.getAttribute(batch, "value").trim(): Attribute 'value' of object '' is: '500'

2018-05-15 18:58:32 - [MESSAGE][PASSED] - Attribute 'value' of object '' is: '500'

2018-05-15 18:58:32 - [TEST_STEP][PASSED] - Statement - Rqty = 10000: null

2018-05-15 18:58:32 - [TEST_STEP][PASSED] - delay: Delayed 2 second(s)

2018-05-15 18:58:34 - [MESSAGE][PASSED] - Delayed 2 second(s)

2018-05-15 18:58:34 - [TEST_STEP][PASSED] - Statement - out.println("BatchQty : " + batchqty): null

2018-05-15 18:58:34 - [TEST_STEP][PASSED] - Statement - out.println("RQty : " + Rqty): null

2018-05-15 18:58:34 - [TEST_STEP][PASSED] - Statement - If (java.lang.Integer.valueOf(batchqty) >= java.lang.Integer.valueOf(Rqty)): null

2018-05-15 18:58:34 - [TEST_STEP][PASSED] - Statement - Else: null

2018-05-15 18:58:34 - [TEST_STEP][PASSED] - Statement - out.println("Batchqty Is Less Than Rqty"): null

2018-05-15 18:58:34 - [TEST_STEP][PASSED] - Statement - product = new com.kms.katalon.core.testobject.TestObject(): null

2018-05-15 18:58:34 - [TEST_STEP][PASSED] - Statement - product = com.kms.katalon.core.webui.keyword.WebUiBuiltInKeywords.modifyObjectProperty(product, "xpath", "equals", "//*[@id = "fldvendor" + row + ""]", true): Modify property of object successfully

2018-05-15 18:58:34 - [MESSAGE][PASSED] - Modify property of object successfully

2018-05-15 18:58:34 - [TEST_STEP][PASSED] - selectOptionByIndex: All options with index in [2] are selected on object ''

2018-05-15 18:58:35 - [MESSAGE][PASSED] - All options with index in [2] are selected on object ''

2018-05-15 18:58:35 - [TEST_STEP][PASSED] - Statement - batch = new com.kms.katalon.core.testobject.TestObject(): null

2018-05-15 18:58:35 - [TEST_STEP][PASSED] - Statement - batch = com.kms.katalon.core.webui.keyword.WebUiBuiltInKeywords.modifyObjectProperty(batch, "xpath", "equals", "//*[@id = "txtbthqty" + row + ""]", true): Modify property of object successfully

2018-05-15 18:58:35 - [MESSAGE][PASSED] - Modify property of object successfully

2018-05-15 18:58:35 - [TEST_STEP][PASSED] - Statement - batchqty = com.kms.katalon.core.webui.keyword.WebUiBuiltInKeywords.getAttribute(batch, "value").trim(): Attribute 'value' of object '' is: '4000'

2018-05-15 18:58:35 - [MESSAGE][PASSED] - Attribute 'value' of object '' is: '4000'

2018-05-15 18:58:35 - [TEST_STEP][PASSED] - Statement - Rqty = 10000: null

2018-05-15 18:58:35 - [TEST_STEP][PASSED] - delay: Delayed 2 second(s)

2018-05-15 18:58:37 - [MESSAGE][PASSED] - Delayed 2 second(s)

2018-05-15 18:58:37 - [TEST_STEP][PASSED] - Statement - out.println("BatchQty : " + batchqty): null

2018-05-15 18:58:37 - [TEST_STEP][PASSED] - Statement - out.println("RQty : " + Rqty): null

2018-05-15 18:58:37 - [TEST_STEP][PASSED] - Statement - If (java.lang.Integer.valueOf(batchqty) >= java.lang.Integer.valueOf(Rqty)): null

2018-05-15 18:58:37 - [TEST_STEP][PASSED] - Statement - Else: null

2018-05-15 18:58:37 - [TEST_STEP][PASSED] - Statement - out.println("Batchqty Is Less Than Rqty"): null

2018-05-15 18:58:37 - [TEST_STEP][PASSED] - Statement - product = new com.kms.katalon.core.testobject.TestObject(): null

2018-05-15 18:58:37 - [TEST_STEP][PASSED] - Statement - product = com.kms.katalon.core.webui.keyword.WebUiBuiltInKeywords.modifyObjectProperty(product, "xpath", "equals", "//*[@id = "fldvendor" + row + ""]", true): Modify property of object successfully

2018-05-15 18:58:37 - [MESSAGE][PASSED] - Modify property of object successfully

2018-05-15 18:58:37 - [TEST_STEP][PASSED] - selectOptionByIndex: All options with index in [3] are selected on object ''

2018-05-15 18:58:37 - [MESSAGE][PASSED] - All options with index in [3] are selected on object ''

2018-05-15 18:58:37 - [TEST_STEP][PASSED] - Statement - batch = new com.kms.katalon.core.testobject.TestObject(): null

2018-05-15 18:58:37 - [TEST_STEP][PASSED] - Statement - batch = com.kms.katalon.core.webui.keyword.WebUiBuiltInKeywords.modifyObjectProperty(batch, "xpath", "equals", "//*[@id = "txtbthqty" + row + ""]", true): Modify property of object successfully

2018-05-15 18:58:37 - [MESSAGE][PASSED] - Modify property of object successfully

2018-05-15 18:58:37 - [TEST_STEP][PASSED] - Statement - batchqty = com.kms.katalon.core.webui.keyword.WebUiBuiltInKeywords.getAttribute(batch, "value").trim(): Attribute 'value' of object '' is: '5000'

2018-05-15 18:58:37 - [MESSAGE][PASSED] - Attribute 'value' of object '' is: '5000'

2018-05-15 18:58:37 - [TEST_STEP][PASSED] - Statement - Rqty = 10000: null

2018-05-15 18:58:37 - [TEST_STEP][PASSED] - delay: Delayed 2 second(s)

2018-05-15 18:58:39 - [MESSAGE][PASSED] - Delayed 2 second(s)

2018-05-15 18:58:39 - [TEST_STEP][PASSED] - Statement - out.println("BatchQty : " + batchqty): null

2018-05-15 18:58:39 - [TEST_STEP][PASSED] - Statement - out.println("RQty : " + Rqty): null

2018-05-15 18:58:39 - [TEST_STEP][PASSED] - Statement - If (java.lang.Integer.valueOf(batchqty) >= java.lang.Integer.valueOf(Rqty)): null

2018-05-15 18:58:39 - [TEST_STEP][PASSED] - Statement - Else: null

2018-05-15 18:58:39 - [TEST_STEP][PASSED] - Statement - out.println("Batchqty Is Less Than Rqty"): null

2018-05-15 18:58:39 - [TEST_STEP][PASSED] - Statement - product = new com.kms.katalon.core.testobject.TestObject(): null

2018-05-15 18:58:39 - [TEST_STEP][PASSED] - Statement - product = com.kms.katalon.core.webui.keyword.WebUiBuiltInKeywords.modifyObjectProperty(product, "xpath", "equals", "//*[@id = "fldvendor" + row + ""]", true): Modify property of object successfully

2018-05-15 18:58:39 - [MESSAGE][PASSED] - Modify property of object successfully

2018-05-15 18:58:39 - [TEST_STEP][PASSED] - selectOptionByIndex: All options with index in [4] are selected on object ''

2018-05-15 18:58:39 - [MESSAGE][PASSED] - All options with index in [4] are selected on object ''

2018-05-15 18:58:39 - [TEST_STEP][PASSED] - Statement - batch = new com.kms.katalon.core.testobject.TestObject(): null

2018-05-15 18:58:39 - [TEST_STEP][PASSED] - Statement - batch = com.kms.katalon.core.webui.keyword.WebUiBuiltInKeywords.modifyObjectProperty(batch, "xpath", "equals", "//*[@id = "txtbthqty" + row + ""]", true): Modify property of object successfully

2018-05-15 18:58:39 - [MESSAGE][PASSED] - Modify property of object successfully

2018-05-15 18:58:39 - [TEST_STEP][PASSED] - Statement - batchqty = com.kms.katalon.core.webui.keyword.WebUiBuiltInKeywords.getAttribute(batch, "value").trim(): Attribute 'value' of object '' is: '50000'

2018-05-15 18:58:39 - [MESSAGE][PASSED] - Attribute 'value' of object '' is: '50000'

2018-05-15 18:58:39 - [TEST_STEP][PASSED] - Statement - Rqty = 10000: null

2018-05-15 18:58:39 - [TEST_STEP][PASSED] - delay: Delayed 2 second(s)

2018-05-15 18:58:41 - [MESSAGE][PASSED] - Delayed 2 second(s)

2018-05-15 18:58:41 - [TEST_STEP][PASSED] - Statement - out.println("BatchQty : " + batchqty): null

2018-05-15 18:58:41 - [TEST_STEP][PASSED] - Statement - out.println("RQty : " + Rqty): null

2018-05-15 18:58:41 - [TEST_STEP][PASSED] - Statement - If (java.lang.Integer.valueOf(batchqty) >= java.lang.Integer.valueOf(Rqty)): null

2018-05-15 18:58:41 - [TEST_STEP][PASSED] - Statement - Break: null

2018-05-15 18:58:41 - [TEST_STEP][PASSED] - Statement - batchlength = new com.kms.katalon.core.testobject.TestObject(): null

2018-05-15 18:58:41 - [TEST_STEP][PASSED] - Statement - batchlength = com.kms.katalon.core.webui.keyword.WebUiBuiltInKeywords.modifyObjectProperty(batchlength, "xpath", "equals", "//*[@id = "fldvendor" + row + ""]", true): Modify property of object successfully

2018-05-15 18:58:41 - [MESSAGE][PASSED] - Modify property of object successfully

2018-05-15 18:58:41 - [TEST_STEP][PASSED] - Statement - batchsize = com.kms.katalon.core.webui.keyword.WebUiBuiltInKeywords.getNumberOfTotalOption(batchlength): 5 options of object '' counted

2018-05-15 18:58:41 - [MESSAGE][PASSED] - 5 options of object '' counted

2018-05-15 18:58:41 - [TEST_STEP][PASSED] - Statement - out.println("BatchSize : " + batchsize): null

2018-05-15 18:58:41 - [TEST_STEP][PASSED] - Statement - For ([n = 1, n <= batchsize - 1, (n++)]): null

2018-05-15 18:58:41 - [TEST_STEP][PASSED] - Statement - product = new com.kms.katalon.core.testobject.TestObject(): null

2018-05-15 18:58:41 - [TEST_STEP][PASSED] - Statement - product = com.kms.katalon.core.webui.keyword.WebUiBuiltInKeywords.modifyObjectProperty(product, "xpath", "equals", "//*[@id = "fldvendor" + row + ""]", true): Modify property of object successfully

2018-05-15 18:58:41 - [MESSAGE][PASSED] - Modify property of object successfully

2018-05-15 18:58:41 - [TEST_STEP][PASSED] - selectOptionByIndex: All options with index in [1] are selected on object ''

2018-05-15 18:58:41 - [MESSAGE][PASSED] - All options with index in [1] are selected on object ''

2018-05-15 18:58:41 - [TEST_STEP][PASSED] - Statement - batch = new com.kms.katalon.core.testobject.TestObject(): null

2018-05-15 18:58:41 - [TEST_STEP][PASSED] - Statement - batch = com.kms.katalon.core.webui.keyword.WebUiBuiltInKeywords.modifyObjectProperty(batch, "xpath", "equals", "//*[@id = "txtbthqty" + row + ""]", true): Modify property of object successfully

2018-05-15 18:58:41 - [MESSAGE][PASSED] - Modify property of object successfully

2018-05-15 18:58:41 - [TEST_STEP][PASSED] - Statement - batchqty = com.kms.katalon.core.webui.keyword.WebUiBuiltInKeywords.getAttribute(batch, "value").trim(): Attribute 'value' of object '' is: '500'

2018-05-15 18:58:41 - [MESSAGE][PASSED] - Attribute 'value' of object '' is: '500'

2018-05-15 18:58:41 - [TEST_STEP][PASSED] - Statement - Rqty = 10000: null

2018-05-15 18:58:41 - [TEST_STEP][PASSED] - delay: Delayed 2 second(s)

2018-05-15 18:58:43 - [MESSAGE][PASSED] - Delayed 2 second(s)

2018-05-15 18:58:43 - [TEST_STEP][PASSED] - Statement - out.println("BatchQty : " + batchqty): null

2018-05-15 18:58:43 - [TEST_STEP][PASSED] - Statement - out.println("RQty : " + Rqty): null

2018-05-15 18:58:43 - [TEST_STEP][PASSED] - Statement - If (java.lang.Integer.valueOf(batchqty) >= java.lang.Integer.valueOf(Rqty)): null

2018-05-15 18:58:43 - [TEST_STEP][PASSED] - Statement - Else: null

2018-05-15 18:58:43 - [TEST_STEP][PASSED] - Statement - out.println("Batchqty Is Less Than Rqty"): null

2018-05-15 18:58:43 - [TEST_STEP][PASSED] - Statement - product = new com.kms.katalon.core.testobject.TestObject(): null

2018-05-15 18:58:43 - [TEST_STEP][PASSED] - Statement - product = com.kms.katalon.core.webui.keyword.WebUiBuiltInKeywords.modifyObjectProperty(product, "xpath", "equals", "//*[@id = "fldvendor" + row + ""]", true): Modify property of object successfully

2018-05-15 18:58:43 - [MESSAGE][PASSED] - Modify property of object successfully

2018-05-15 18:58:43 - [TEST_STEP][PASSED] - selectOptionByIndex: All options with index in [2] are selected on object ''

2018-05-15 18:58:43 - [MESSAGE][PASSED] - All options with index in [2] are selected on object ''

2018-05-15 18:58:43 - [TEST_STEP][PASSED] - Statement - batch = new com.kms.katalon.core.testobject.TestObject(): null

2018-05-15 18:58:43 - [TEST_STEP][PASSED] - Statement - batch = com.kms.katalon.core.webui.keyword.WebUiBuiltInKeywords.modifyObjectProperty(batch, "xpath", "equals", "//*[@id = "txtbthqty" + row + ""]", true): Modify property of object successfully

2018-05-15 18:58:43 - [MESSAGE][PASSED] - Modify property of object successfully

2018-05-15 18:58:43 - [TEST_STEP][PASSED] - Statement - batchqty = com.kms.katalon.core.webui.keyword.WebUiBuiltInKeywords.getAttribute(batch, "value").trim(): Attribute 'value' of object '' is: '50000'

2018-05-15 18:58:43 - [MESSAGE][PASSED] - Attribute 'value' of object '' is: '50000'

2018-05-15 18:58:43 - [TEST_STEP][PASSED] - Statement - Rqty = 10000: null

2018-05-15 18:58:43 - [TEST_STEP][PASSED] - delay: Delayed 2 second(s)

2018-05-15 18:58:45 - [MESSAGE][PASSED] - Delayed 2 second(s)

2018-05-15 18:58:45 - [TEST_STEP][PASSED] - Statement - out.println("BatchQty : " + batchqty): null

2018-05-15 18:58:45 - [TEST_STEP][PASSED] - Statement - out.println("RQty : " + Rqty): null

2018-05-15 18:58:45 - [TEST_STEP][PASSED] - Statement - If (java.lang.Integer.valueOf(batchqty) >= java.lang.Integer.valueOf(Rqty)): null

2018-05-15 18:58:45 - [TEST_STEP][PASSED] - Statement - Break: null

2018-05-15 18:58:45 - [TEST_STEP][PASSED] - Statement - batchlength = new com.kms.katalon.core.testobject.TestObject(): null

2018-05-15 18:58:45 - [TEST_STEP][PASSED] - Statement - batchlength = com.kms.katalon.core.webui.keyword.WebUiBuiltInKeywords.modifyObjectProperty(batchlength, "xpath", "equals", "//*[@id = "fldvendor" + row + ""]", true): Modify property of object successfully

2018-05-15 18:58:45 - [MESSAGE][PASSED] - Modify property of object successfully

2018-05-15 18:58:45 - [TEST_STEP][PASSED] - Statement - batchsize = com.kms.katalon.core.webui.keyword.WebUiBuiltInKeywords.getNumberOfTotalOption(batchlength): 5 options of object '' counted

2018-05-15 18:58:46 - [MESSAGE][PASSED] - 5 options of object '' counted

2018-05-15 18:58:46 - [TEST_STEP][PASSED] - Statement - out.println("BatchSize : " + batchsize): null

2018-05-15 18:58:46 - [TEST_STEP][PASSED] - Statement - For ([n = 1, n <= batchsize - 1, (n++)]): null

2018-05-15 18:58:46 - [TEST_STEP][PASSED] - Statement - product = new com.kms.katalon.core.testobject.TestObject(): null

2018-05-15 18:58:46 - [TEST_STEP][PASSED] - Statement - product = com.kms.katalon.core.webui.keyword.WebUiBuiltInKeywords.modifyObjectProperty(product, "xpath", "equals", "//*[@id = "fldvendor" + row + ""]", true): Modify property of object successfully

2018-05-15 18:58:46 - [MESSAGE][PASSED] - Modify property of object successfully

2018-05-15 18:58:46 - [TEST_STEP][PASSED] - selectOptionByIndex: All options with index in [1] are selected on object ''

2018-05-15 18:58:46 - [MESSAGE][PASSED] - All options with index in [1] are selected on object ''

2018-05-15 18:58:46 - [TEST_STEP][PASSED] - Statement - batch = new com.kms.katalon.core.testobject.TestObject(): null

2018-05-15 18:58:46 - [TEST_STEP][PASSED] - Statement - batch = com.kms.katalon.core.webui.keyword.WebUiBuiltInKeywords.modifyObjectProperty(batch, "xpath", "equals", "//*[@id = "txtbthqty" + row + ""]", true): Modify property of object successfully

2018-05-15 18:58:46 - [MESSAGE][PASSED] - Modify property of object successfully

2018-05-15 18:58:46 - [TEST_STEP][PASSED] - Statement - batchqty = com.kms.katalon.core.webui.keyword.WebUiBuiltInKeywords.getAttribute(batch, "value").trim(): Attribute 'value' of object '' is: '4000'

2018-05-15 18:58:46 - [MESSAGE][PASSED] - Attribute 'value' of object '' is: '4000'

2018-05-15 18:58:46 - [TEST_STEP][PASSED] - Statement - Rqty = 10000: null

2018-05-15 18:58:46 - [TEST_STEP][PASSED] - delay: Delayed 2 second(s)

2018-05-15 18:58:48 - [MESSAGE][PASSED] - Delayed 2 second(s)

2018-05-15 18:58:48 - [TEST_STEP][PASSED] - Statement - out.println("BatchQty : " + batchqty): null

2018-05-15 18:58:48 - [TEST_STEP][PASSED] - Statement - out.println("RQty : " + Rqty): null

2018-05-15 18:58:48 - [TEST_STEP][PASSED] - Statement - If (java.lang.Integer.valueOf(batchqty) >= java.lang.Integer.valueOf(Rqty)): null

2018-05-15 18:58:48 - [TEST_STEP][PASSED] - Statement - Else: null

2018-05-15 18:58:48 - [TEST_STEP][PASSED] - Statement - out.println("Batchqty Is Less Than Rqty"): null

2018-05-15 18:58:48 - [TEST_STEP][PASSED] - Statement - product = new com.kms.katalon.core.testobject.TestObject(): null

2018-05-15 18:58:48 - [TEST_STEP][PASSED] - Statement - product = com.kms.katalon.core.webui.keyword.WebUiBuiltInKeywords.modifyObjectProperty(product, "xpath", "equals", "//*[@id = "fldvendor" + row + ""]", true): Modify property of object successfully

2018-05-15 18:58:48 - [MESSAGE][PASSED] - Modify property of object successfully

2018-05-15 18:58:48 - [TEST_STEP][PASSED] - selectOptionByIndex: All options with index in [2] are selected on object ''

2018-05-15 18:58:48 - [MESSAGE][PASSED] - All options with index in [2] are selected on object ''

2018-05-15 18:58:48 - [TEST_STEP][PASSED] - Statement - batch = new com.kms.katalon.core.testobject.TestObject(): null

2018-05-15 18:58:48 - [TEST_STEP][PASSED] - Statement - batch = com.kms.katalon.core.webui.keyword.WebUiBuiltInKeywords.modifyObjectProperty(batch, "xpath", "equals", "//*[@id = "txtbthqty" + row + ""]", true): Modify property of object successfully

2018-05-15 18:58:48 - [MESSAGE][PASSED] - Modify property of object successfully

2018-05-15 18:58:48 - [TEST_STEP][PASSED] - Statement - batchqty = com.kms.katalon.core.webui.keyword.WebUiBuiltInKeywords.getAttribute(batch, "value").trim(): Attribute 'value' of object '' is: '500'

2018-05-15 18:58:48 - [MESSAGE][PASSED] - Attribute 'value' of object '' is: '500'

2018-05-15 18:58:48 - [TEST_STEP][PASSED] - Statement - Rqty = 10000: null

2018-05-15 18:58:48 - [TEST_STEP][PASSED] - delay: Delayed 2 second(s)

2018-05-15 18:58:50 - [MESSAGE][PASSED] - Delayed 2 second(s)

2018-05-15 18:58:50 - [TEST_STEP][PASSED] - Statement - out.println("BatchQty : " + batchqty): null

2018-05-15 18:58:50 - [TEST_STEP][PASSED] - Statement - out.println("RQty : " + Rqty): null

2018-05-15 18:58:50 - [TEST_STEP][PASSED] - Statement - If (java.lang.Integer.valueOf(batchqty) >= java.lang.Integer.valueOf(Rqty)): null

2018-05-15 18:58:50 - [TEST_STEP][PASSED] - Statement - Else: null

2018-05-15 18:58:50 - [TEST_STEP][PASSED] - Statement - out.println("Batchqty Is Less Than Rqty"): null

2018-05-15 18:58:50 - [TEST_STEP][PASSED] - Statement - product = new com.kms.katalon.core.testobject.TestObject(): null

2018-05-15 18:58:50 - [TEST_STEP][PASSED] - Statement - product = com.kms.katalon.core.webui.keyword.WebUiBuiltInKeywords.modifyObjectProperty(product, "xpath", "equals", "//*[@id = "fldvendor" + row + ""]", true): Modify property of object successfully

2018-05-15 18:58:50 - [MESSAGE][PASSED] - Modify property of object successfully

2018-05-15 18:58:50 - [TEST_STEP][PASSED] - selectOptionByIndex: All options with index in [3] are selected on object ''

2018-05-15 18:58:50 - [MESSAGE][PASSED] - All options with index in [3] are selected on object ''

2018-05-15 18:58:50 - [TEST_STEP][PASSED] - Statement - batch = new com.kms.katalon.core.testobject.TestObject(): null

2018-05-15 18:58:50 - [TEST_STEP][PASSED] - Statement - batch = com.kms.katalon.core.webui.keyword.WebUiBuiltInKeywords.modifyObjectProperty(batch, "xpath", "equals", "//*[@id = "txtbthqty" + row + ""]", true): Modify property of object successfully

2018-05-15 18:58:50 - [MESSAGE][PASSED] - Modify property of object successfully

2018-05-15 18:58:50 - [TEST_STEP][PASSED] - Statement - batchqty = com.kms.katalon.core.webui.keyword.WebUiBuiltInKeywords.getAttribute(batch, "value").trim(): Attribute 'value' of object '' is: '5000'

2018-05-15 18:58:50 - [MESSAGE][PASSED] - Attribute 'value' of object '' is: '5000'

2018-05-15 18:58:50 - [TEST_STEP][PASSED] - Statement - Rqty = 10000: null

2018-05-15 18:58:50 - [TEST_STEP][PASSED] - delay: Delayed 2 second(s)

2018-05-15 18:58:52 - [MESSAGE][PASSED] - Delayed 2 second(s)

2018-05-15 18:58:52 - [TEST_STEP][PASSED] - Statement - out.println("BatchQty : " + batchqty): null

2018-05-15 18:58:52 - [TEST_STEP][PASSED] - Statement - out.println("RQty : " + Rqty): null

2018-05-15 18:58:52 - [TEST_STEP][PASSED] - Statement - If (java.lang.Integer.valueOf(batchqty) >= java.lang.Integer.valueOf(Rqty)): null

2018-05-15 18:58:52 - [TEST_STEP][PASSED] - Statement - Else: null

2018-05-15 18:58:52 - [TEST_STEP][PASSED] - Statement - out.println("Batchqty Is Less Than Rqty"): null

2018-05-15 18:58:52 - [TEST_STEP][PASSED] - Statement - product = new com.kms.katalon.core.testobject.TestObject(): null

2018-05-15 18:58:52 - [TEST_STEP][PASSED] - Statement - product = com.kms.katalon.core.webui.keyword.WebUiBuiltInKeywords.modifyObjectProperty(product, "xpath", "equals", "//*[@id = "fldvendor" + row + ""]", true): Modify property of object successfully

2018-05-15 18:58:52 - [MESSAGE][PASSED] - Modify property of object successfully

2018-05-15 18:58:52 - [TEST_STEP][PASSED] - selectOptionByIndex: All options with index in [4] are selected on object ''

2018-05-15 18:58:52 - [MESSAGE][PASSED] - All options with index in [4] are selected on object ''

2018-05-15 18:58:52 - [TEST_STEP][PASSED] - Statement - batch = new com.kms.katalon.core.testobject.TestObject(): null

2018-05-15 18:58:52 - [TEST_STEP][PASSED] - Statement - batch = com.kms.katalon.core.webui.keyword.WebUiBuiltInKeywords.modifyObjectProperty(batch, "xpath", "equals", "//*[@id = "txtbthqty" + row + ""]", true): Modify property of object successfully

2018-05-15 18:58:52 - [MESSAGE][PASSED] - Modify property of object successfully

2018-05-15 18:58:52 - [TEST_STEP][PASSED] - Statement - batchqty = com.kms.katalon.core.webui.keyword.WebUiBuiltInKeywords.getAttribute(batch, "value").trim(): Attribute 'value' of object '' is: '50000'

2018-05-15 18:58:52 - [MESSAGE][PASSED] - Attribute 'value' of object '' is: '50000'

2018-05-15 18:58:52 - [TEST_STEP][PASSED] - Statement - Rqty = 10000: null

2018-05-15 18:58:52 - [TEST_STEP][PASSED] - delay: Delayed 2 second(s)

2018-05-15 18:58:54 - [MESSAGE][PASSED] - Delayed 2 second(s)

2018-05-15 18:58:54 - [TEST_STEP][PASSED] - Statement - out.println("BatchQty : " + batchqty): null

2018-05-15 18:58:54 - [TEST_STEP][PASSED] - Statement - out.println("RQty : " + Rqty): null

2018-05-15 18:58:54 - [TEST_STEP][PASSED] - Statement - If (java.lang.Integer.valueOf(batchqty) >= java.lang.Integer.valueOf(Rqty)): null

2018-05-15 18:58:54 - [TEST_STEP][PASSED] - Statement - Break: null

2018-05-15 18:58:54 - [TEST_STEP][PASSED] - Statement - batchlength = new com.kms.katalon.core.testobject.TestObject(): null

2018-05-15 18:58:54 - [TEST_STEP][PASSED] - Statement - batchlength = com.kms.katalon.core.webui.keyword.WebUiBuiltInKeywords.modifyObjectProperty(batchlength, "xpath", "equals", "//*[@id = "fldvendor" + row + ""]", true): Modify property of object successfully

2018-05-15 18:58:54 - [MESSAGE][PASSED] - Modify property of object successfully

2018-05-15 18:58:54 - [TEST_STEP][PASSED] - Statement - batchsize = com.kms.katalon.core.webui.keyword.WebUiBuiltInKeywords.getNumberOfTotalOption(batchlength): 5 options of object '' counted

2018-05-15 18:58:54 - [MESSAGE][PASSED] - 5 options of object '' counted

2018-05-15 18:58:54 - [TEST_STEP][PASSED] - Statement - out.println("BatchSize : " + batchsize): null

2018-05-15 18:58:54 - [TEST_STEP][PASSED] - Statement - For ([n = 1, n <= batchsize - 1, (n++)]): null

2018-05-15 18:58:54 - [TEST_STEP][PASSED] - Statement - product = new com.kms.katalon.core.testobject.TestObject(): null

2018-05-15 18:58:54 - [TEST_STEP][PASSED] - Statement - product = com.kms.katalon.core.webui.keyword.WebUiBuiltInKeywords.modifyObjectProperty(product, "xpath", "equals", "//*[@id = "fldvendor" + row + ""]", true): Modify property of object successfully

2018-05-15 18:58:54 - [MESSAGE][PASSED] - Modify property of object successfully

2018-05-15 18:58:54 - [TEST_STEP][PASSED] - selectOptionByIndex: All options with index in [1] are selected on object ''

2018-05-15 18:58:55 - [MESSAGE][PASSED] - All options with index in [1] are selected on object ''

2018-05-15 18:58:55 - [TEST_STEP][PASSED] - Statement - batch = new com.kms.katalon.core.testobject.TestObject(): null

2018-05-15 18:58:55 - [TEST_STEP][PASSED] - Statement - batch = com.kms.katalon.core.webui.keyword.WebUiBuiltInKeywords.modifyObjectProperty(batch, "xpath", "equals", "//*[@id = "txtbthqty" + row + ""]", true): Modify property of object successfully

2018-05-15 18:58:55 - [MESSAGE][PASSED] - Modify property of object successfully

2018-05-15 18:58:55 - [TEST_STEP][PASSED] - Statement - batchqty = com.kms.katalon.core.webui.keyword.WebUiBuiltInKeywords.getAttribute(batch, "value").trim(): Attribute 'value' of object '' is: '5000'

2018-05-15 18:58:55 - [MESSAGE][PASSED] - Attribute 'value' of object '' is: '5000'

2018-05-15 18:58:55 - [TEST_STEP][PASSED] - Statement - Rqty = 10000: null

2018-05-15 18:58:55 - [TEST_STEP][PASSED] - delay: Delayed 2 second(s)

2018-05-15 18:58:57 - [MESSAGE][PASSED] - Delayed 2 second(s)

2018-05-15 18:58:57 - [TEST_STEP][PASSED] - Statement - out.println("BatchQty : " + batchqty): null

2018-05-15 18:58:57 - [TEST_STEP][PASSED] - Statement - out.println("RQty : " + Rqty): null

2018-05-15 18:58:57 - [TEST_STEP][PASSED] - Statement - If (java.lang.Integer.valueOf(batchqty) >= java.lang.Integer.valueOf(Rqty)): null

2018-05-15 18:58:57 - [TEST_STEP][PASSED] - Statement - Else: null

2018-05-15 18:58:57 - [TEST_STEP][PASSED] - Statement - out.println("Batchqty Is Less Than Rqty"): null

2018-05-15 18:58:57 - [TEST_STEP][PASSED] - Statement - product = new com.kms.katalon.core.testobject.TestObject(): null

2018-05-15 18:58:57 - [TEST_STEP][PASSED] - Statement - product = com.kms.katalon.core.webui.keyword.WebUiBuiltInKeywords.modifyObjectProperty(product, "xpath", "equals", "//*[@id = "fldvendor" + row + ""]", true): Modify property of object successfully

2018-05-15 18:58:57 - [MESSAGE][PASSED] - Modify property of object successfully

2018-05-15 18:58:57 - [TEST_STEP][PASSED] - selectOptionByIndex: All options with index in [2] are selected on object ''

2018-05-15 18:58:57 - [MESSAGE][PASSED] - All options with index in [2] are selected on object ''

2018-05-15 18:58:57 - [TEST_STEP][PASSED] - Statement - batch = new com.kms.katalon.core.testobject.TestObject(): null

2018-05-15 18:58:57 - [TEST_STEP][PASSED] - Statement - batch = com.kms.katalon.core.webui.keyword.WebUiBuiltInKeywords.modifyObjectProperty(batch, "xpath", "equals", "//*[@id = "txtbthqty" + row + ""]", true): Modify property of object successfully

2018-05-15 18:58:57 - [MESSAGE][PASSED] - Modify property of object successfully

2018-05-15 18:58:57 - [TEST_STEP][PASSED] - Statement - batchqty = com.kms.katalon.core.webui.keyword.WebUiBuiltInKeywords.getAttribute(batch, "value").trim(): Attribute 'value' of object '' is: '50000'

2018-05-15 18:58:57 - [MESSAGE][PASSED] - Attribute 'value' of object '' is: '50000'

2018-05-15 18:58:57 - [TEST_STEP][PASSED] - Statement - Rqty = 10000: null

2018-05-15 18:58:57 - [TEST_STEP][PASSED] - delay: Delayed 2 second(s)

2018-05-15 18:58:59 - [MESSAGE][PASSED] - Delayed 2 second(s)

2018-05-15 18:58:59 - [TEST_STEP][PASSED] - Statement - out.println("BatchQty : " + batchqty): null

2018-05-15 18:58:59 - [TEST_STEP][PASSED] - Statement - out.println("RQty : " + Rqty): null

2018-05-15 18:58:59 - [TEST_STEP][PASSED] - Statement - If (java.lang.Integer.valueOf(batchqty) >= java.lang.Integer.valueOf(Rqty)): null

2018-05-15 18:58:59 - [TEST_STEP][PASSED] - Statement - Break: null

2018-05-15 18:58:59 - [TEST_STEP][PASSED] - click: Object: 'Object Repository/store Request Schedule 1/Page_KDMC - CMS/input_btndispatch' is clicked on

2018-05-15 18:58:59 - [MESSAGE][PASSED] - Object: 'Object Repository/store Request Schedule 1/Page_KDMC - CMS/input_btndispatch' is clicked on

2018-05-15 18:58:59 - [TEST_STEP][PASSED] - delay: Delayed 3 second(s)

2018-05-15 18:59:02 - [MESSAGE][PASSED] - Delayed 3 second(s)

2018-05-15 18:59:02 - [TEST_STEP][PASSED] - click: Object: 'Object Repository/store Request Schedule 1/Page_KDMC - CMS/button_OK' is clicked on

2018-05-15 18:59:02 - [MESSAGE][PASSED] - Object: 'Object Repository/store Request Schedule 1/Page_KDMC - CMS/button_OK' is clicked on

2018-05-15 18:59:02 - [TEST_STEP][PASSED] - click: Object: 'Object Repository/store Request Schedule 1/Page_KDMC - CMS/a_dropdown-toggle' is clicked on

2018-05-15 18:59:04 - [MESSAGE][PASSED] - Object: 'Object Repository/store Request Schedule 1/Page_KDMC - CMS/a_dropdown-toggle' is clicked on

2018-05-15 18:59:04 - [TEST_STEP][PASSED] - click: Object: 'Object Repository/store Request Schedule 1/Page_KDMC - CMS/a_Sign out' is clicked on

2018-05-15 18:59:04 - [MESSAGE][PASSED] - Object: 'Object Repository/store Request Schedule 1/Page_KDMC - CMS/a_Sign out' is clicked on

2018-05-15 18:59:04 - [TEST_STEP][PASSED] - delay: Delayed 3 second(s)

2018-05-15 18:59:07 - [MESSAGE][PASSED] - Delayed 3 second(s)

2018-05-15 18:59:07 - [TEST_STEP][PASSED] - click: Object: 'Object Repository/Store Request Schedule 1/Page_KDMC/a_Divisional Store' is clicked on

2018-05-15 18:59:07 - [MESSAGE][PASSED] - Object: 'Object Repository/Store Request Schedule 1/Page_KDMC/a_Divisional Store' is clicked on

2018-05-15 18:59:07 - [TEST_STEP][PASSED] - setText: Text 'ragu' is set on object 'Object Repository/Store Request Schedule 1/Page_Divisonal Store Login/input_txtusername'

2018-05-15 18:59:07 - [MESSAGE][PASSED] - Text 'ragu' is set on object 'Object Repository/Store Request Schedule 1/Page_Divisonal Store Login/input_txtusername'

2018-05-15 18:59:07 - [TEST_STEP][PASSED] - setText: Text '123' is set on object 'Object Repository/Store Request Schedule 1/Page_Divisonal Store Login/input_txtpassword'

2018-05-15 18:59:07 - [MESSAGE][PASSED] - Text '123' is set on object 'Object Repository/Store Request Schedule 1/Page_Divisonal Store Login/input_txtpassword'

2018-05-15 18:59:07 - [TEST_STEP][PASSED] - delay: Delayed 3 second(s)

2018-05-15 18:59:10 - [MESSAGE][PASSED] - Delayed 3 second(s)

2018-05-15 18:59:10 - [TEST_STEP][PASSED] - click: Object: 'Object Repository/Store Request Schedule 1/Page_Divisonal Store Login/button_Sign in' is clicked on

2018-05-15 18:59:11 - [MESSAGE][PASSED] - Object: 'Object Repository/Store Request Schedule 1/Page_Divisonal Store Login/button_Sign in' is clicked on

2018-05-15 18:59:11 - [TEST_STEP][PASSED] - delay: Delayed 3 second(s)

2018-05-15 18:59:14 - [MESSAGE][PASSED] - Delayed 3 second(s)

2018-05-15 18:59:14 - [TEST_STEP][PASSED] - click: Object: 'Object Repository/Store Request Schedule 1/Page_Store/a_CMS' is clicked on

2018-05-15 18:59:14 - [MESSAGE][PASSED] - Object: 'Object Repository/Store Request Schedule 1/Page_Store/a_CMS' is clicked on

2018-05-15 18:59:14 - [TEST_STEP][PASSED] - delay: Delayed 2 second(s)

2018-05-15 18:59:16 - [MESSAGE][PASSED] - Delayed 2 second(s)

2018-05-15 18:59:16 - [TEST_STEP][PASSED] - click: Object: 'Object Repository/Store Request Schedule 1/Page_Store/a_Receiving Goods' is clicked on

2018-05-15 18:59:17 - [MESSAGE][PASSED] - Object: 'Object Repository/Store Request Schedule 1/Page_Store/a_Receiving Goods' is clicked on

2018-05-15 18:59:17 - [TEST_STEP][PASSED] - setText: Text 'PRNO/15052018/156' is set on object 'Object Repository/Store Request Schedule 1/Page_Store/input'

2018-05-15 18:59:17 - [MESSAGE][PASSED] - Text 'PRNO/15052018/156' is set on object 'Object Repository/Store Request Schedule 1/Page_Store/input'

2018-05-15 18:59:17 - [TEST_STEP][PASSED] - click: Object: 'Object Repository/Store Request Schedule 1/Page_Store/input_btn btn-primary' is clicked on

2018-05-15 18:59:17 - [MESSAGE][PASSED] - Object: 'Object Repository/Store Request Schedule 1/Page_Store/input_btn btn-primary' is clicked on

2018-05-15 18:59:17 - [TEST_STEP][PASSED] - delay: Delayed 2 second(s)

2018-05-15 18:59:19 - [MESSAGE][PASSED] - Delayed 2 second(s)

2018-05-15 18:59:19 - [TEST_STEP][PASSED] - click: Object: 'Object Repository/Store Request Schedule 1/Page_Store/input_chkrem' is clicked on

2018-05-15 18:59:20 - [MESSAGE][PASSED] - Object: 'Object Repository/Store Request Schedule 1/Page_Store/input_chkrem' is clicked on

2018-05-15 18:59:20 - [TEST_STEP][PASSED] - scrollToElement: Scroll to object 'Object Repository/Store Request Schedule 1/Page_Store/input_btchkroqadd' successfully

2018-05-15 18:59:20 - [MESSAGE][PASSED] - Scroll to object 'Object Repository/Store Request Schedule 1/Page_Store/input_btchkroqadd' successfully

2018-05-15 18:59:20 - [TEST_STEP][PASSED] - click: Object: 'Object Repository/Store Request Schedule 1/Page_Store/input_btchkroqadd' is clicked on

2018-05-15 18:59:20 - [MESSAGE][PASSED] - Object: 'Object Repository/Store Request Schedule 1/Page_Store/input_btchkroqadd' is clicked on

2018-05-15 18:59:20 - [TEST_STEP][PASSED] - delay: Delayed 2 second(s)

2018-05-15 18:59:22 - [MESSAGE][PASSED] - Delayed 2 second(s)

2018-05-15 18:59:22 - [TEST_STEP][PASSED] - refresh: Refresh successfully

2018-05-15 18:59:22 - [MESSAGE][PASSED] - Refresh successfully

2018-05-15 18:59:22 - [TEST_STEP][PASSED] - delay: Delayed 3 second(s)

2018-05-15 18:59:25 - [MESSAGE][PASSED] - Delayed 3 second(s)

2018-05-15 18:59:25 - [TEST_STEP][PASSED] - click: Object: 'Object Repository/Store Request Schedule 1/Page_Store/a_dropdown-toggle' is clicked on

2018-05-15 18:59:25 - [MESSAGE][PASSED] - Object: 'Object Repository/Store Request Schedule 1/Page_Store/a_dropdown-toggle' is clicked on

2018-05-15 18:59:25 - [TEST_STEP][PASSED] - click: Object: 'Object Repository/Store Request Schedule 1/Page_Store/a_Sign out' is clicked on

2018-05-15 18:59:26 - [MESSAGE][PASSED] - Object: 'Object Repository/Store Request Schedule 1/Page_Store/a_Sign out' is clicked on

2018-05-15 18:59:26 - [TEST_STEP][PASSED] - closeBrowser: Browser is closed

2018-05-15 18:59:26 - [MESSAGE][PASSED] - Browser is closed

2018-05-15 18:59:26 - [TEST_STEP][PASSED] - Statement - out.println("Schedule 10 STORE Request Are Working Successfully"): null]]></system-out>
         <system-err><![CDATA[]]></system-err>
      </testcase>
      <testcase name="Test Cases/STORE TO CMS REQUEST TEST CASES/TC_STCMS_011 To Verify Schedule 11 Store To CMS Request Are Working Successfully Or Not" classname="Test Cases/STORE TO CMS REQUEST TEST CASES/TC_STCMS_011 To Verify Schedule 11 Store To CMS Request Are Working Successfully Or Not" status="FAILED">
         <failure type="FAILED" message="Unable to click on object 'Object Repository/store Request Schedule 1/Page_KDMC - CMS/button_OK' (Root cause: org.openqa.selenium.ElementNotVisibleException: element not visible
  (Session info: chrome=66.0.3359.139)
  (Driver info: chromedriver=2.35.528161 (5b82f2d2aae0ca24b877009200ced9065a772e73),platform=Windows NT 10.0.17134 x86_64) (WARNING: The server did not provide any stacktrace information)
Command duration or timeout: 0 milliseconds
Build info: version: '3.7.1', revision: '8a0099a', time: '2017-11-06T21:07:36.161Z'
System info: host: 'DESKTOP-BLFTK83', ip: '192.168.71.2', os.name: 'Windows 10', os.arch: 'amd64', os.version: '10.0', java.version: '1.8.0_102'
Driver info: com.kms.katalon.selenium.driver.CChromeDriver
Capabilities {acceptInsecureCerts: false, acceptSslCerts: false, applicationCacheEnabled: false, browserConnectionEnabled: false, browserName: chrome, chrome: {chromedriverVersion: 2.35.528161 (5b82f2d2aae0ca..., userDataDir: C:\Users\QUALIT~1\AppData\L...}, cssSelectorsEnabled: true, databaseEnabled: false, handlesAlerts: true, hasTouchScreen: false, javascriptEnabled: true, locationContextEnabled: true, mobileEmulationEnabled: false, nativeEvents: true, networkConnectionEnabled: false, pageLoadStrategy: normal, platform: XP, platformName: XP, rotatable: false, setWindowRect: true, takesHeapSnapshot: true, takesScreenshot: true, unexpectedAlertBehaviour: , unhandledPromptBehavior: , version: 66.0.3359.139, webStorageEnabled: true}
Session ID: 4cae056eefa1d6ee7e0c99afb7cd09b8)"/>
         <system-out><![CDATA[2018-05-15 18:59:26 - [TEST_CASE][FAILED] - Test Cases/STORE TO CMS REQUEST TEST CASES/TC_STCMS_011 To Verify Schedule 11 Store To CMS Request Are Working Successfully Or Not: Test Cases/STORE TO CMS REQUEST TEST CASES/TC_STCMS_011 To Verify Schedule 11 Store To CMS Request Are Working Successfully Or Not FAILED because (of) Unable to click on object 'Object Repository/store Request Schedule 1/Page_KDMC - CMS/button_OK' (Root cause: org.openqa.selenium.ElementNotVisibleException: element not visible
  (Session info: chrome=66.0.3359.139)
  (Driver info: chromedriver=2.35.528161 (5b82f2d2aae0ca24b877009200ced9065a772e73),platform=Windows NT 10.0.17134 x86_64) (WARNING: The server did not provide any stacktrace information)
Command duration or timeout: 0 milliseconds
Build info: version: '3.7.1', revision: '8a0099a', time: '2017-11-06T21:07:36.161Z'
System info: host: 'DESKTOP-BLFTK83', ip: '192.168.71.2', os.name: 'Windows 10', os.arch: 'amd64', os.version: '10.0', java.version: '1.8.0_102'
Driver info: com.kms.katalon.selenium.driver.CChromeDriver
Capabilities {acceptInsecureCerts: false, acceptSslCerts: false, applicationCacheEnabled: false, browserConnectionEnabled: false, browserName: chrome, chrome: {chromedriverVersion: 2.35.528161 (5b82f2d2aae0ca..., userDataDir: C:\Users\QUALIT~1\AppData\L...}, cssSelectorsEnabled: true, databaseEnabled: false, handlesAlerts: true, hasTouchScreen: false, javascriptEnabled: true, locationContextEnabled: true, mobileEmulationEnabled: false, nativeEvents: true, networkConnectionEnabled: false, pageLoadStrategy: normal, platform: XP, platformName: XP, rotatable: false, setWindowRect: true, takesHeapSnapshot: true, takesScreenshot: true, unexpectedAlertBehaviour: , unhandledPromptBehavior: , version: 66.0.3359.139, webStorageEnabled: true}
Session ID: 4cae056eefa1d6ee7e0c99afb7cd09b8)

2018-05-15 18:59:27 - [TEST_STEP][PASSED] - openBrowser: Browser is opened with url: ''

2018-05-15 18:59:29 - [MESSAGE][PASSED] - Browser is opened with url: ''

2018-05-15 18:59:29 - [TEST_STEP][PASSED] - Statement - out.println("Verify Schedule 11 STORE Request Are Working Successfully Or Not"): null

2018-05-15 18:59:29 - [TEST_STEP][PASSED] - navigateToUrl: Navigate to 'http://192.168.137.1/multihospital_new/' successfully

2018-05-15 18:59:30 - [MESSAGE][PASSED] - Navigate to 'http://192.168.137.1/multihospital_new/' successfully

2018-05-15 18:59:30 - [TEST_STEP][PASSED] - maximizeWindow: Current window maximized

2018-05-15 18:59:31 - [MESSAGE][PASSED] - Current window maximized

2018-05-15 18:59:31 - [TEST_STEP][PASSED] - click: Object: 'Object Repository/Store Request Schedule 1/Page_KDMC/a_Divisional Store' is clicked on

2018-05-15 18:59:32 - [MESSAGE][PASSED] - Object: 'Object Repository/Store Request Schedule 1/Page_KDMC/a_Divisional Store' is clicked on

2018-05-15 18:59:32 - [TEST_STEP][PASSED] - setText: Text 'ragu' is set on object 'Object Repository/Store Request Schedule 1/Page_Divisonal Store Login/input_txtusername'

2018-05-15 18:59:32 - [MESSAGE][PASSED] - Text 'ragu' is set on object 'Object Repository/Store Request Schedule 1/Page_Divisonal Store Login/input_txtusername'

2018-05-15 18:59:32 - [TEST_STEP][PASSED] - setText: Text '123' is set on object 'Object Repository/Store Request Schedule 1/Page_Divisonal Store Login/input_txtpassword'

2018-05-15 18:59:32 - [MESSAGE][PASSED] - Text '123' is set on object 'Object Repository/Store Request Schedule 1/Page_Divisonal Store Login/input_txtpassword'

2018-05-15 18:59:32 - [TEST_STEP][PASSED] - delay: Delayed 3 second(s)

2018-05-15 18:59:35 - [MESSAGE][PASSED] - Delayed 3 second(s)

2018-05-15 18:59:35 - [TEST_STEP][PASSED] - click: Object: 'Object Repository/Store Request Schedule 1/Page_Divisonal Store Login/button_Sign in' is clicked on

2018-05-15 18:59:36 - [MESSAGE][PASSED] - Object: 'Object Repository/Store Request Schedule 1/Page_Divisonal Store Login/button_Sign in' is clicked on

2018-05-15 18:59:36 - [TEST_STEP][PASSED] - delay: Delayed 3 second(s)

2018-05-15 18:59:39 - [MESSAGE][PASSED] - Delayed 3 second(s)

2018-05-15 18:59:39 - [TEST_STEP][PASSED] - click: Object: 'Object Repository/Store Request Schedule 1/Page_Store/a_CMS' is clicked on

2018-05-15 18:59:39 - [MESSAGE][PASSED] - Object: 'Object Repository/Store Request Schedule 1/Page_Store/a_CMS' is clicked on

2018-05-15 18:59:39 - [TEST_STEP][PASSED] - delay: Delayed 2 second(s)

2018-05-15 18:59:41 - [MESSAGE][PASSED] - Delayed 2 second(s)

2018-05-15 18:59:41 - [TEST_STEP][PASSED] - click: Object: 'Object Repository/Store Request Schedule 1/Page_Store/a_Request Send' is clicked on

2018-05-15 18:59:42 - [MESSAGE][PASSED] - Object: 'Object Repository/Store Request Schedule 1/Page_Store/a_Request Send' is clicked on

2018-05-15 18:59:42 - [TEST_STEP][PASSED] - selectOptionByIndex: All options with index in [1] are selected on object 'Object Repository/Store Request Schedule 1/Page_Store/select_--Select--'

2018-05-15 18:59:42 - [MESSAGE][PASSED] - All options with index in [1] are selected on object 'Object Repository/Store Request Schedule 1/Page_Store/select_--Select--'

2018-05-15 18:59:42 - [TEST_STEP][PASSED] - selectOptionByIndex: All options with index in [11] are selected on object 'Object Repository/Store Request Schedule 1/Page_Store/select_--Select--Schedule 1Inj'

2018-05-15 18:59:42 - [MESSAGE][PASSED] - All options with index in [11] are selected on object 'Object Repository/Store Request Schedule 1/Page_Store/select_--Select--Schedule 1Inj'

2018-05-15 18:59:42 - [TEST_STEP][PASSED] - Statement - SelectedOptions = com.kms.katalon.core.webui.keyword.WebUiBuiltInKeywords.getNumberOfTotalOption(com.kms.katalon.core.testobject.ObjectRepository.findTestObject(Store Request Schedule 1/Page_Store/select_--Select--Adernaline 0.)): 81 options of object 'Object Repository/Store Request Schedule 1/Page_Store/select_--Select--Adernaline 0.' counted

2018-05-15 18:59:43 - [MESSAGE][PASSED] - 81 options of object 'Object Repository/Store Request Schedule 1/Page_Store/select_--Select--Adernaline 0.' counted

2018-05-15 18:59:43 - [TEST_STEP][PASSED] - Statement - For ([y = 1, y < SelectedOptions, (y++)]): Object: 'Object Repository/Store Request Schedule 1/Page_Store/button_Add' is clicked on

2018-05-15 18:59:43 - [TEST_STEP][PASSED] - selectOptionByIndex: All options with index in [11] are selected on object 'Object Repository/Store Request Schedule 1/Page_Store/select_--Select--Schedule 1Inj'

2018-05-15 18:59:43 - [MESSAGE][PASSED] - All options with index in [11] are selected on object 'Object Repository/Store Request Schedule 1/Page_Store/select_--Select--Schedule 1Inj'

2018-05-15 18:59:43 - [TEST_STEP][PASSED] - delay: Delayed 1 second(s)

2018-05-15 18:59:44 - [MESSAGE][PASSED] - Delayed 1 second(s)

2018-05-15 18:59:44 - [TEST_STEP][PASSED] - selectOptionByIndex: All options with index in [1] are selected on object 'Object Repository/Store Request Schedule 1/Page_Store/select_--Select--Adernaline 0.'

2018-05-15 18:59:44 - [MESSAGE][PASSED] - All options with index in [1] are selected on object 'Object Repository/Store Request Schedule 1/Page_Store/select_--Select--Adernaline 0.'

2018-05-15 18:59:44 - [TEST_STEP][PASSED] - setText: Text '100' is set on object 'Object Repository/Store Request Schedule 1/Page_Store/input_txttreat'

2018-05-15 18:59:44 - [MESSAGE][PASSED] - Text '100' is set on object 'Object Repository/Store Request Schedule 1/Page_Store/input_txttreat'

2018-05-15 18:59:44 - [TEST_STEP][PASSED] - click: Object: 'Object Repository/Store Request Schedule 1/Page_Store/button_Add' is clicked on

2018-05-15 18:59:44 - [MESSAGE][PASSED] - Object: 'Object Repository/Store Request Schedule 1/Page_Store/button_Add' is clicked on

2018-05-15 18:59:44 - [TEST_STEP][PASSED] - selectOptionByIndex: All options with index in [11] are selected on object 'Object Repository/Store Request Schedule 1/Page_Store/select_--Select--Schedule 1Inj'

2018-05-15 18:59:44 - [MESSAGE][PASSED] - All options with index in [11] are selected on object 'Object Repository/Store Request Schedule 1/Page_Store/select_--Select--Schedule 1Inj'

2018-05-15 18:59:44 - [TEST_STEP][PASSED] - delay: Delayed 1 second(s)

2018-05-15 18:59:45 - [MESSAGE][PASSED] - Delayed 1 second(s)

2018-05-15 18:59:45 - [TEST_STEP][PASSED] - selectOptionByIndex: All options with index in [2] are selected on object 'Object Repository/Store Request Schedule 1/Page_Store/select_--Select--Adernaline 0.'

2018-05-15 18:59:45 - [MESSAGE][PASSED] - All options with index in [2] are selected on object 'Object Repository/Store Request Schedule 1/Page_Store/select_--Select--Adernaline 0.'

2018-05-15 18:59:45 - [TEST_STEP][PASSED] - setText: Text '100' is set on object 'Object Repository/Store Request Schedule 1/Page_Store/input_txttreat'

2018-05-15 18:59:45 - [MESSAGE][PASSED] - Text '100' is set on object 'Object Repository/Store Request Schedule 1/Page_Store/input_txttreat'

2018-05-15 18:59:45 - [TEST_STEP][PASSED] - click: Object: 'Object Repository/Store Request Schedule 1/Page_Store/button_Add' is clicked on

2018-05-15 18:59:46 - [MESSAGE][PASSED] - Object: 'Object Repository/Store Request Schedule 1/Page_Store/button_Add' is clicked on

2018-05-15 18:59:46 - [TEST_STEP][PASSED] - selectOptionByIndex: All options with index in [11] are selected on object 'Object Repository/Store Request Schedule 1/Page_Store/select_--Select--Schedule 1Inj'

2018-05-15 18:59:46 - [MESSAGE][PASSED] - All options with index in [11] are selected on object 'Object Repository/Store Request Schedule 1/Page_Store/select_--Select--Schedule 1Inj'

2018-05-15 18:59:46 - [TEST_STEP][PASSED] - delay: Delayed 1 second(s)

2018-05-15 18:59:47 - [MESSAGE][PASSED] - Delayed 1 second(s)

2018-05-15 18:59:47 - [TEST_STEP][PASSED] - selectOptionByIndex: All options with index in [3] are selected on object 'Object Repository/Store Request Schedule 1/Page_Store/select_--Select--Adernaline 0.'

2018-05-15 18:59:47 - [MESSAGE][PASSED] - All options with index in [3] are selected on object 'Object Repository/Store Request Schedule 1/Page_Store/select_--Select--Adernaline 0.'

2018-05-15 18:59:47 - [TEST_STEP][PASSED] - setText: Text '100' is set on object 'Object Repository/Store Request Schedule 1/Page_Store/input_txttreat'

2018-05-15 18:59:47 - [MESSAGE][PASSED] - Text '100' is set on object 'Object Repository/Store Request Schedule 1/Page_Store/input_txttreat'

2018-05-15 18:59:47 - [TEST_STEP][PASSED] - click: Object: 'Object Repository/Store Request Schedule 1/Page_Store/button_Add' is clicked on

2018-05-15 18:59:47 - [MESSAGE][PASSED] - Object: 'Object Repository/Store Request Schedule 1/Page_Store/button_Add' is clicked on

2018-05-15 18:59:47 - [TEST_STEP][PASSED] - selectOptionByIndex: All options with index in [11] are selected on object 'Object Repository/Store Request Schedule 1/Page_Store/select_--Select--Schedule 1Inj'

2018-05-15 18:59:47 - [MESSAGE][PASSED] - All options with index in [11] are selected on object 'Object Repository/Store Request Schedule 1/Page_Store/select_--Select--Schedule 1Inj'

2018-05-15 18:59:47 - [TEST_STEP][PASSED] - delay: Delayed 1 second(s)

2018-05-15 18:59:48 - [MESSAGE][PASSED] - Delayed 1 second(s)

2018-05-15 18:59:48 - [TEST_STEP][PASSED] - selectOptionByIndex: All options with index in [4] are selected on object 'Object Repository/Store Request Schedule 1/Page_Store/select_--Select--Adernaline 0.'

2018-05-15 18:59:48 - [MESSAGE][PASSED] - All options with index in [4] are selected on object 'Object Repository/Store Request Schedule 1/Page_Store/select_--Select--Adernaline 0.'

2018-05-15 18:59:48 - [TEST_STEP][PASSED] - setText: Text '100' is set on object 'Object Repository/Store Request Schedule 1/Page_Store/input_txttreat'

2018-05-15 18:59:48 - [MESSAGE][PASSED] - Text '100' is set on object 'Object Repository/Store Request Schedule 1/Page_Store/input_txttreat'

2018-05-15 18:59:48 - [TEST_STEP][PASSED] - click: Object: 'Object Repository/Store Request Schedule 1/Page_Store/button_Add' is clicked on

2018-05-15 18:59:48 - [MESSAGE][PASSED] - Object: 'Object Repository/Store Request Schedule 1/Page_Store/button_Add' is clicked on

2018-05-15 18:59:48 - [TEST_STEP][PASSED] - selectOptionByIndex: All options with index in [11] are selected on object 'Object Repository/Store Request Schedule 1/Page_Store/select_--Select--Schedule 1Inj'

2018-05-15 18:59:49 - [MESSAGE][PASSED] - All options with index in [11] are selected on object 'Object Repository/Store Request Schedule 1/Page_Store/select_--Select--Schedule 1Inj'

2018-05-15 18:59:49 - [TEST_STEP][PASSED] - delay: Delayed 1 second(s)

2018-05-15 18:59:50 - [MESSAGE][PASSED] - Delayed 1 second(s)

2018-05-15 18:59:50 - [TEST_STEP][PASSED] - selectOptionByIndex: All options with index in [5] are selected on object 'Object Repository/Store Request Schedule 1/Page_Store/select_--Select--Adernaline 0.'

2018-05-15 18:59:50 - [MESSAGE][PASSED] - All options with index in [5] are selected on object 'Object Repository/Store Request Schedule 1/Page_Store/select_--Select--Adernaline 0.'

2018-05-15 18:59:50 - [TEST_STEP][PASSED] - setText: Text '100' is set on object 'Object Repository/Store Request Schedule 1/Page_Store/input_txttreat'

2018-05-15 18:59:50 - [MESSAGE][PASSED] - Text '100' is set on object 'Object Repository/Store Request Schedule 1/Page_Store/input_txttreat'

2018-05-15 18:59:50 - [TEST_STEP][PASSED] - click: Object: 'Object Repository/Store Request Schedule 1/Page_Store/button_Add' is clicked on

2018-05-15 18:59:50 - [MESSAGE][PASSED] - Object: 'Object Repository/Store Request Schedule 1/Page_Store/button_Add' is clicked on

2018-05-15 18:59:50 - [TEST_STEP][PASSED] - selectOptionByIndex: All options with index in [11] are selected on object 'Object Repository/Store Request Schedule 1/Page_Store/select_--Select--Schedule 1Inj'

2018-05-15 18:59:50 - [MESSAGE][PASSED] - All options with index in [11] are selected on object 'Object Repository/Store Request Schedule 1/Page_Store/select_--Select--Schedule 1Inj'

2018-05-15 18:59:50 - [TEST_STEP][PASSED] - delay: Delayed 1 second(s)

2018-05-15 18:59:51 - [MESSAGE][PASSED] - Delayed 1 second(s)

2018-05-15 18:59:51 - [TEST_STEP][PASSED] - selectOptionByIndex: All options with index in [6] are selected on object 'Object Repository/Store Request Schedule 1/Page_Store/select_--Select--Adernaline 0.'

2018-05-15 18:59:51 - [MESSAGE][PASSED] - All options with index in [6] are selected on object 'Object Repository/Store Request Schedule 1/Page_Store/select_--Select--Adernaline 0.'

2018-05-15 18:59:51 - [TEST_STEP][PASSED] - setText: Text '100' is set on object 'Object Repository/Store Request Schedule 1/Page_Store/input_txttreat'

2018-05-15 18:59:51 - [MESSAGE][PASSED] - Text '100' is set on object 'Object Repository/Store Request Schedule 1/Page_Store/input_txttreat'

2018-05-15 18:59:51 - [TEST_STEP][PASSED] - click: Object: 'Object Repository/Store Request Schedule 1/Page_Store/button_Add' is clicked on

2018-05-15 18:59:52 - [MESSAGE][PASSED] - Object: 'Object Repository/Store Request Schedule 1/Page_Store/button_Add' is clicked on

2018-05-15 18:59:52 - [TEST_STEP][PASSED] - selectOptionByIndex: All options with index in [11] are selected on object 'Object Repository/Store Request Schedule 1/Page_Store/select_--Select--Schedule 1Inj'

2018-05-15 18:59:52 - [MESSAGE][PASSED] - All options with index in [11] are selected on object 'Object Repository/Store Request Schedule 1/Page_Store/select_--Select--Schedule 1Inj'

2018-05-15 18:59:52 - [TEST_STEP][PASSED] - delay: Delayed 1 second(s)

2018-05-15 18:59:53 - [MESSAGE][PASSED] - Delayed 1 second(s)

2018-05-15 18:59:53 - [TEST_STEP][PASSED] - selectOptionByIndex: All options with index in [7] are selected on object 'Object Repository/Store Request Schedule 1/Page_Store/select_--Select--Adernaline 0.'

2018-05-15 18:59:53 - [MESSAGE][PASSED] - All options with index in [7] are selected on object 'Object Repository/Store Request Schedule 1/Page_Store/select_--Select--Adernaline 0.'

2018-05-15 18:59:53 - [TEST_STEP][PASSED] - setText: Text '100' is set on object 'Object Repository/Store Request Schedule 1/Page_Store/input_txttreat'

2018-05-15 18:59:53 - [MESSAGE][PASSED] - Text '100' is set on object 'Object Repository/Store Request Schedule 1/Page_Store/input_txttreat'

2018-05-15 18:59:53 - [TEST_STEP][PASSED] - click: Object: 'Object Repository/Store Request Schedule 1/Page_Store/button_Add' is clicked on

2018-05-15 18:59:53 - [MESSAGE][PASSED] - Object: 'Object Repository/Store Request Schedule 1/Page_Store/button_Add' is clicked on

2018-05-15 18:59:53 - [TEST_STEP][PASSED] - selectOptionByIndex: All options with index in [11] are selected on object 'Object Repository/Store Request Schedule 1/Page_Store/select_--Select--Schedule 1Inj'

2018-05-15 18:59:53 - [MESSAGE][PASSED] - All options with index in [11] are selected on object 'Object Repository/Store Request Schedule 1/Page_Store/select_--Select--Schedule 1Inj'

2018-05-15 18:59:53 - [TEST_STEP][PASSED] - delay: Delayed 1 second(s)

2018-05-15 18:59:54 - [MESSAGE][PASSED] - Delayed 1 second(s)

2018-05-15 18:59:54 - [TEST_STEP][PASSED] - selectOptionByIndex: All options with index in [8] are selected on object 'Object Repository/Store Request Schedule 1/Page_Store/select_--Select--Adernaline 0.'

2018-05-15 18:59:54 - [MESSAGE][PASSED] - All options with index in [8] are selected on object 'Object Repository/Store Request Schedule 1/Page_Store/select_--Select--Adernaline 0.'

2018-05-15 18:59:54 - [TEST_STEP][PASSED] - setText: Text '100' is set on object 'Object Repository/Store Request Schedule 1/Page_Store/input_txttreat'

2018-05-15 18:59:54 - [MESSAGE][PASSED] - Text '100' is set on object 'Object Repository/Store Request Schedule 1/Page_Store/input_txttreat'

2018-05-15 18:59:54 - [TEST_STEP][PASSED] - click: Object: 'Object Repository/Store Request Schedule 1/Page_Store/button_Add' is clicked on

2018-05-15 18:59:55 - [MESSAGE][PASSED] - Object: 'Object Repository/Store Request Schedule 1/Page_Store/button_Add' is clicked on

2018-05-15 18:59:55 - [TEST_STEP][PASSED] - selectOptionByIndex: All options with index in [11] are selected on object 'Object Repository/Store Request Schedule 1/Page_Store/select_--Select--Schedule 1Inj'

2018-05-15 18:59:55 - [MESSAGE][PASSED] - All options with index in [11] are selected on object 'Object Repository/Store Request Schedule 1/Page_Store/select_--Select--Schedule 1Inj'

2018-05-15 18:59:55 - [TEST_STEP][PASSED] - delay: Delayed 1 second(s)

2018-05-15 18:59:56 - [MESSAGE][PASSED] - Delayed 1 second(s)

2018-05-15 18:59:56 - [TEST_STEP][PASSED] - selectOptionByIndex: All options with index in [9] are selected on object 'Object Repository/Store Request Schedule 1/Page_Store/select_--Select--Adernaline 0.'

2018-05-15 18:59:56 - [MESSAGE][PASSED] - All options with index in [9] are selected on object 'Object Repository/Store Request Schedule 1/Page_Store/select_--Select--Adernaline 0.'

2018-05-15 18:59:56 - [TEST_STEP][PASSED] - setText: Text '100' is set on object 'Object Repository/Store Request Schedule 1/Page_Store/input_txttreat'

2018-05-15 18:59:56 - [MESSAGE][PASSED] - Text '100' is set on object 'Object Repository/Store Request Schedule 1/Page_Store/input_txttreat'

2018-05-15 18:59:56 - [TEST_STEP][PASSED] - click: Object: 'Object Repository/Store Request Schedule 1/Page_Store/button_Add' is clicked on

2018-05-15 18:59:56 - [MESSAGE][PASSED] - Object: 'Object Repository/Store Request Schedule 1/Page_Store/button_Add' is clicked on

2018-05-15 18:59:56 - [TEST_STEP][PASSED] - selectOptionByIndex: All options with index in [11] are selected on object 'Object Repository/Store Request Schedule 1/Page_Store/select_--Select--Schedule 1Inj'

2018-05-15 18:59:56 - [MESSAGE][PASSED] - All options with index in [11] are selected on object 'Object Repository/Store Request Schedule 1/Page_Store/select_--Select--Schedule 1Inj'

2018-05-15 18:59:56 - [TEST_STEP][PASSED] - delay: Delayed 1 second(s)

2018-05-15 18:59:57 - [MESSAGE][PASSED] - Delayed 1 second(s)

2018-05-15 18:59:57 - [TEST_STEP][PASSED] - selectOptionByIndex: All options with index in [10] are selected on object 'Object Repository/Store Request Schedule 1/Page_Store/select_--Select--Adernaline 0.'

2018-05-15 18:59:58 - [MESSAGE][PASSED] - All options with index in [10] are selected on object 'Object Repository/Store Request Schedule 1/Page_Store/select_--Select--Adernaline 0.'

2018-05-15 18:59:58 - [TEST_STEP][PASSED] - setText: Text '100' is set on object 'Object Repository/Store Request Schedule 1/Page_Store/input_txttreat'

2018-05-15 18:59:58 - [MESSAGE][PASSED] - Text '100' is set on object 'Object Repository/Store Request Schedule 1/Page_Store/input_txttreat'

2018-05-15 18:59:58 - [TEST_STEP][PASSED] - click: Object: 'Object Repository/Store Request Schedule 1/Page_Store/button_Add' is clicked on

2018-05-15 18:59:58 - [MESSAGE][PASSED] - Object: 'Object Repository/Store Request Schedule 1/Page_Store/button_Add' is clicked on

2018-05-15 18:59:58 - [TEST_STEP][PASSED] - selectOptionByIndex: All options with index in [11] are selected on object 'Object Repository/Store Request Schedule 1/Page_Store/select_--Select--Schedule 1Inj'

2018-05-15 18:59:58 - [MESSAGE][PASSED] - All options with index in [11] are selected on object 'Object Repository/Store Request Schedule 1/Page_Store/select_--Select--Schedule 1Inj'

2018-05-15 18:59:58 - [TEST_STEP][PASSED] - delay: Delayed 1 second(s)

2018-05-15 18:59:59 - [MESSAGE][PASSED] - Delayed 1 second(s)

2018-05-15 18:59:59 - [TEST_STEP][PASSED] - selectOptionByIndex: All options with index in [11] are selected on object 'Object Repository/Store Request Schedule 1/Page_Store/select_--Select--Adernaline 0.'

2018-05-15 18:59:59 - [MESSAGE][PASSED] - All options with index in [11] are selected on object 'Object Repository/Store Request Schedule 1/Page_Store/select_--Select--Adernaline 0.'

2018-05-15 18:59:59 - [TEST_STEP][PASSED] - setText: Text '100' is set on object 'Object Repository/Store Request Schedule 1/Page_Store/input_txttreat'

2018-05-15 18:59:59 - [MESSAGE][PASSED] - Text '100' is set on object 'Object Repository/Store Request Schedule 1/Page_Store/input_txttreat'

2018-05-15 18:59:59 - [TEST_STEP][PASSED] - click: Object: 'Object Repository/Store Request Schedule 1/Page_Store/button_Add' is clicked on

2018-05-15 18:59:59 - [MESSAGE][PASSED] - Object: 'Object Repository/Store Request Schedule 1/Page_Store/button_Add' is clicked on

2018-05-15 18:59:59 - [TEST_STEP][PASSED] - selectOptionByIndex: All options with index in [11] are selected on object 'Object Repository/Store Request Schedule 1/Page_Store/select_--Select--Schedule 1Inj'

2018-05-15 18:59:59 - [MESSAGE][PASSED] - All options with index in [11] are selected on object 'Object Repository/Store Request Schedule 1/Page_Store/select_--Select--Schedule 1Inj'

2018-05-15 18:59:59 - [TEST_STEP][PASSED] - delay: Delayed 1 second(s)

2018-05-15 19:00:00 - [MESSAGE][PASSED] - Delayed 1 second(s)

2018-05-15 19:00:00 - [TEST_STEP][PASSED] - selectOptionByIndex: All options with index in [12] are selected on object 'Object Repository/Store Request Schedule 1/Page_Store/select_--Select--Adernaline 0.'

2018-05-15 19:00:01 - [MESSAGE][PASSED] - All options with index in [12] are selected on object 'Object Repository/Store Request Schedule 1/Page_Store/select_--Select--Adernaline 0.'

2018-05-15 19:00:01 - [TEST_STEP][PASSED] - setText: Text '100' is set on object 'Object Repository/Store Request Schedule 1/Page_Store/input_txttreat'

2018-05-15 19:00:01 - [MESSAGE][PASSED] - Text '100' is set on object 'Object Repository/Store Request Schedule 1/Page_Store/input_txttreat'

2018-05-15 19:00:01 - [TEST_STEP][PASSED] - click: Object: 'Object Repository/Store Request Schedule 1/Page_Store/button_Add' is clicked on

2018-05-15 19:00:01 - [MESSAGE][PASSED] - Object: 'Object Repository/Store Request Schedule 1/Page_Store/button_Add' is clicked on

2018-05-15 19:00:01 - [TEST_STEP][PASSED] - selectOptionByIndex: All options with index in [11] are selected on object 'Object Repository/Store Request Schedule 1/Page_Store/select_--Select--Schedule 1Inj'

2018-05-15 19:00:01 - [MESSAGE][PASSED] - All options with index in [11] are selected on object 'Object Repository/Store Request Schedule 1/Page_Store/select_--Select--Schedule 1Inj'

2018-05-15 19:00:01 - [TEST_STEP][PASSED] - delay: Delayed 1 second(s)

2018-05-15 19:00:02 - [MESSAGE][PASSED] - Delayed 1 second(s)

2018-05-15 19:00:02 - [TEST_STEP][PASSED] - selectOptionByIndex: All options with index in [13] are selected on object 'Object Repository/Store Request Schedule 1/Page_Store/select_--Select--Adernaline 0.'

2018-05-15 19:00:02 - [MESSAGE][PASSED] - All options with index in [13] are selected on object 'Object Repository/Store Request Schedule 1/Page_Store/select_--Select--Adernaline 0.'

2018-05-15 19:00:02 - [TEST_STEP][PASSED] - setText: Text '100' is set on object 'Object Repository/Store Request Schedule 1/Page_Store/input_txttreat'

2018-05-15 19:00:02 - [MESSAGE][PASSED] - Text '100' is set on object 'Object Repository/Store Request Schedule 1/Page_Store/input_txttreat'

2018-05-15 19:00:02 - [TEST_STEP][PASSED] - click: Object: 'Object Repository/Store Request Schedule 1/Page_Store/button_Add' is clicked on

2018-05-15 19:00:02 - [MESSAGE][PASSED] - Object: 'Object Repository/Store Request Schedule 1/Page_Store/button_Add' is clicked on

2018-05-15 19:00:02 - [TEST_STEP][PASSED] - selectOptionByIndex: All options with index in [11] are selected on object 'Object Repository/Store Request Schedule 1/Page_Store/select_--Select--Schedule 1Inj'

2018-05-15 19:00:03 - [MESSAGE][PASSED] - All options with index in [11] are selected on object 'Object Repository/Store Request Schedule 1/Page_Store/select_--Select--Schedule 1Inj'

2018-05-15 19:00:03 - [TEST_STEP][PASSED] - delay: Delayed 1 second(s)

2018-05-15 19:00:04 - [MESSAGE][PASSED] - Delayed 1 second(s)

2018-05-15 19:00:04 - [TEST_STEP][PASSED] - selectOptionByIndex: All options with index in [14] are selected on object 'Object Repository/Store Request Schedule 1/Page_Store/select_--Select--Adernaline 0.'

2018-05-15 19:00:04 - [MESSAGE][PASSED] - All options with index in [14] are selected on object 'Object Repository/Store Request Schedule 1/Page_Store/select_--Select--Adernaline 0.'

2018-05-15 19:00:04 - [TEST_STEP][PASSED] - setText: Text '100' is set on object 'Object Repository/Store Request Schedule 1/Page_Store/input_txttreat'

2018-05-15 19:00:04 - [MESSAGE][PASSED] - Text '100' is set on object 'Object Repository/Store Request Schedule 1/Page_Store/input_txttreat'

2018-05-15 19:00:04 - [TEST_STEP][PASSED] - click: Object: 'Object Repository/Store Request Schedule 1/Page_Store/button_Add' is clicked on

2018-05-15 19:00:04 - [MESSAGE][PASSED] - Object: 'Object Repository/Store Request Schedule 1/Page_Store/button_Add' is clicked on

2018-05-15 19:00:04 - [TEST_STEP][PASSED] - selectOptionByIndex: All options with index in [11] are selected on object 'Object Repository/Store Request Schedule 1/Page_Store/select_--Select--Schedule 1Inj'

2018-05-15 19:00:04 - [MESSAGE][PASSED] - All options with index in [11] are selected on object 'Object Repository/Store Request Schedule 1/Page_Store/select_--Select--Schedule 1Inj'

2018-05-15 19:00:04 - [TEST_STEP][PASSED] - delay: Delayed 1 second(s)

2018-05-15 19:00:05 - [MESSAGE][PASSED] - Delayed 1 second(s)

2018-05-15 19:00:05 - [TEST_STEP][PASSED] - selectOptionByIndex: All options with index in [15] are selected on object 'Object Repository/Store Request Schedule 1/Page_Store/select_--Select--Adernaline 0.'

2018-05-15 19:00:05 - [MESSAGE][PASSED] - All options with index in [15] are selected on object 'Object Repository/Store Request Schedule 1/Page_Store/select_--Select--Adernaline 0.'

2018-05-15 19:00:05 - [TEST_STEP][PASSED] - setText: Text '100' is set on object 'Object Repository/Store Request Schedule 1/Page_Store/input_txttreat'

2018-05-15 19:00:06 - [MESSAGE][PASSED] - Text '100' is set on object 'Object Repository/Store Request Schedule 1/Page_Store/input_txttreat'

2018-05-15 19:00:06 - [TEST_STEP][PASSED] - click: Object: 'Object Repository/Store Request Schedule 1/Page_Store/button_Add' is clicked on

2018-05-15 19:00:06 - [MESSAGE][PASSED] - Object: 'Object Repository/Store Request Schedule 1/Page_Store/button_Add' is clicked on

2018-05-15 19:00:06 - [TEST_STEP][PASSED] - selectOptionByIndex: All options with index in [11] are selected on object 'Object Repository/Store Request Schedule 1/Page_Store/select_--Select--Schedule 1Inj'

2018-05-15 19:00:06 - [MESSAGE][PASSED] - All options with index in [11] are selected on object 'Object Repository/Store Request Schedule 1/Page_Store/select_--Select--Schedule 1Inj'

2018-05-15 19:00:06 - [TEST_STEP][PASSED] - delay: Delayed 1 second(s)

2018-05-15 19:00:07 - [MESSAGE][PASSED] - Delayed 1 second(s)

2018-05-15 19:00:07 - [TEST_STEP][PASSED] - selectOptionByIndex: All options with index in [16] are selected on object 'Object Repository/Store Request Schedule 1/Page_Store/select_--Select--Adernaline 0.'

2018-05-15 19:00:07 - [MESSAGE][PASSED] - All options with index in [16] are selected on object 'Object Repository/Store Request Schedule 1/Page_Store/select_--Select--Adernaline 0.'

2018-05-15 19:00:07 - [TEST_STEP][PASSED] - setText: Text '100' is set on object 'Object Repository/Store Request Schedule 1/Page_Store/input_txttreat'

2018-05-15 19:00:07 - [MESSAGE][PASSED] - Text '100' is set on object 'Object Repository/Store Request Schedule 1/Page_Store/input_txttreat'

2018-05-15 19:00:07 - [TEST_STEP][PASSED] - click: Object: 'Object Repository/Store Request Schedule 1/Page_Store/button_Add' is clicked on

2018-05-15 19:00:07 - [MESSAGE][PASSED] - Object: 'Object Repository/Store Request Schedule 1/Page_Store/button_Add' is clicked on

2018-05-15 19:00:07 - [TEST_STEP][PASSED] - selectOptionByIndex: All options with index in [11] are selected on object 'Object Repository/Store Request Schedule 1/Page_Store/select_--Select--Schedule 1Inj'

2018-05-15 19:00:07 - [MESSAGE][PASSED] - All options with index in [11] are selected on object 'Object Repository/Store Request Schedule 1/Page_Store/select_--Select--Schedule 1Inj'

2018-05-15 19:00:07 - [TEST_STEP][PASSED] - delay: Delayed 1 second(s)

2018-05-15 19:00:08 - [MESSAGE][PASSED] - Delayed 1 second(s)

2018-05-15 19:00:08 - [TEST_STEP][PASSED] - selectOptionByIndex: All options with index in [17] are selected on object 'Object Repository/Store Request Schedule 1/Page_Store/select_--Select--Adernaline 0.'

2018-05-15 19:00:09 - [MESSAGE][PASSED] - All options with index in [17] are selected on object 'Object Repository/Store Request Schedule 1/Page_Store/select_--Select--Adernaline 0.'

2018-05-15 19:00:09 - [TEST_STEP][PASSED] - setText: Text '100' is set on object 'Object Repository/Store Request Schedule 1/Page_Store/input_txttreat'

2018-05-15 19:00:09 - [MESSAGE][PASSED] - Text '100' is set on object 'Object Repository/Store Request Schedule 1/Page_Store/input_txttreat'

2018-05-15 19:00:09 - [TEST_STEP][PASSED] - click: Object: 'Object Repository/Store Request Schedule 1/Page_Store/button_Add' is clicked on

2018-05-15 19:00:09 - [MESSAGE][PASSED] - Object: 'Object Repository/Store Request Schedule 1/Page_Store/button_Add' is clicked on

2018-05-15 19:00:09 - [TEST_STEP][PASSED] - selectOptionByIndex: All options with index in [11] are selected on object 'Object Repository/Store Request Schedule 1/Page_Store/select_--Select--Schedule 1Inj'

2018-05-15 19:00:09 - [MESSAGE][PASSED] - All options with index in [11] are selected on object 'Object Repository/Store Request Schedule 1/Page_Store/select_--Select--Schedule 1Inj'

2018-05-15 19:00:09 - [TEST_STEP][PASSED] - delay: Delayed 1 second(s)

2018-05-15 19:00:10 - [MESSAGE][PASSED] - Delayed 1 second(s)

2018-05-15 19:00:10 - [TEST_STEP][PASSED] - selectOptionByIndex: All options with index in [18] are selected on object 'Object Repository/Store Request Schedule 1/Page_Store/select_--Select--Adernaline 0.'

2018-05-15 19:00:10 - [MESSAGE][PASSED] - All options with index in [18] are selected on object 'Object Repository/Store Request Schedule 1/Page_Store/select_--Select--Adernaline 0.'

2018-05-15 19:00:10 - [TEST_STEP][PASSED] - setText: Text '100' is set on object 'Object Repository/Store Request Schedule 1/Page_Store/input_txttreat'

2018-05-15 19:00:10 - [MESSAGE][PASSED] - Text '100' is set on object 'Object Repository/Store Request Schedule 1/Page_Store/input_txttreat'

2018-05-15 19:00:10 - [TEST_STEP][PASSED] - click: Object: 'Object Repository/Store Request Schedule 1/Page_Store/button_Add' is clicked on

2018-05-15 19:00:11 - [MESSAGE][PASSED] - Object: 'Object Repository/Store Request Schedule 1/Page_Store/button_Add' is clicked on

2018-05-15 19:00:11 - [TEST_STEP][PASSED] - selectOptionByIndex: All options with index in [11] are selected on object 'Object Repository/Store Request Schedule 1/Page_Store/select_--Select--Schedule 1Inj'

2018-05-15 19:00:11 - [MESSAGE][PASSED] - All options with index in [11] are selected on object 'Object Repository/Store Request Schedule 1/Page_Store/select_--Select--Schedule 1Inj'

2018-05-15 19:00:11 - [TEST_STEP][PASSED] - delay: Delayed 1 second(s)

2018-05-15 19:00:12 - [MESSAGE][PASSED] - Delayed 1 second(s)

2018-05-15 19:00:12 - [TEST_STEP][PASSED] - selectOptionByIndex: All options with index in [19] are selected on object 'Object Repository/Store Request Schedule 1/Page_Store/select_--Select--Adernaline 0.'

2018-05-15 19:00:12 - [MESSAGE][PASSED] - All options with index in [19] are selected on object 'Object Repository/Store Request Schedule 1/Page_Store/select_--Select--Adernaline 0.'

2018-05-15 19:00:12 - [TEST_STEP][PASSED] - setText: Text '100' is set on object 'Object Repository/Store Request Schedule 1/Page_Store/input_txttreat'

2018-05-15 19:00:12 - [MESSAGE][PASSED] - Text '100' is set on object 'Object Repository/Store Request Schedule 1/Page_Store/input_txttreat'

2018-05-15 19:00:12 - [TEST_STEP][PASSED] - click: Object: 'Object Repository/Store Request Schedule 1/Page_Store/button_Add' is clicked on

2018-05-15 19:00:12 - [MESSAGE][PASSED] - Object: 'Object Repository/Store Request Schedule 1/Page_Store/button_Add' is clicked on

2018-05-15 19:00:12 - [TEST_STEP][PASSED] - selectOptionByIndex: All options with index in [11] are selected on object 'Object Repository/Store Request Schedule 1/Page_Store/select_--Select--Schedule 1Inj'

2018-05-15 19:00:13 - [MESSAGE][PASSED] - All options with index in [11] are selected on object 'Object Repository/Store Request Schedule 1/Page_Store/select_--Select--Schedule 1Inj'

2018-05-15 19:00:13 - [TEST_STEP][PASSED] - delay: Delayed 1 second(s)

2018-05-15 19:00:14 - [MESSAGE][PASSED] - Delayed 1 second(s)

2018-05-15 19:00:14 - [TEST_STEP][PASSED] - selectOptionByIndex: All options with index in [20] are selected on object 'Object Repository/Store Request Schedule 1/Page_Store/select_--Select--Adernaline 0.'

2018-05-15 19:00:14 - [MESSAGE][PASSED] - All options with index in [20] are selected on object 'Object Repository/Store Request Schedule 1/Page_Store/select_--Select--Adernaline 0.'

2018-05-15 19:00:14 - [TEST_STEP][PASSED] - setText: Text '100' is set on object 'Object Repository/Store Request Schedule 1/Page_Store/input_txttreat'

2018-05-15 19:00:14 - [MESSAGE][PASSED] - Text '100' is set on object 'Object Repository/Store Request Schedule 1/Page_Store/input_txttreat'

2018-05-15 19:00:14 - [TEST_STEP][PASSED] - click: Object: 'Object Repository/Store Request Schedule 1/Page_Store/button_Add' is clicked on

2018-05-15 19:00:14 - [MESSAGE][PASSED] - Object: 'Object Repository/Store Request Schedule 1/Page_Store/button_Add' is clicked on

2018-05-15 19:00:14 - [TEST_STEP][PASSED] - selectOptionByIndex: All options with index in [11] are selected on object 'Object Repository/Store Request Schedule 1/Page_Store/select_--Select--Schedule 1Inj'

2018-05-15 19:00:14 - [MESSAGE][PASSED] - All options with index in [11] are selected on object 'Object Repository/Store Request Schedule 1/Page_Store/select_--Select--Schedule 1Inj'

2018-05-15 19:00:14 - [TEST_STEP][PASSED] - delay: Delayed 1 second(s)

2018-05-15 19:00:15 - [MESSAGE][PASSED] - Delayed 1 second(s)

2018-05-15 19:00:15 - [TEST_STEP][PASSED] - selectOptionByIndex: All options with index in [21] are selected on object 'Object Repository/Store Request Schedule 1/Page_Store/select_--Select--Adernaline 0.'

2018-05-15 19:00:16 - [MESSAGE][PASSED] - All options with index in [21] are selected on object 'Object Repository/Store Request Schedule 1/Page_Store/select_--Select--Adernaline 0.'

2018-05-15 19:00:16 - [TEST_STEP][PASSED] - setText: Text '100' is set on object 'Object Repository/Store Request Schedule 1/Page_Store/input_txttreat'

2018-05-15 19:00:16 - [MESSAGE][PASSED] - Text '100' is set on object 'Object Repository/Store Request Schedule 1/Page_Store/input_txttreat'

2018-05-15 19:00:16 - [TEST_STEP][PASSED] - click: Object: 'Object Repository/Store Request Schedule 1/Page_Store/button_Add' is clicked on

2018-05-15 19:00:16 - [MESSAGE][PASSED] - Object: 'Object Repository/Store Request Schedule 1/Page_Store/button_Add' is clicked on

2018-05-15 19:00:16 - [TEST_STEP][PASSED] - selectOptionByIndex: All options with index in [11] are selected on object 'Object Repository/Store Request Schedule 1/Page_Store/select_--Select--Schedule 1Inj'

2018-05-15 19:00:16 - [MESSAGE][PASSED] - All options with index in [11] are selected on object 'Object Repository/Store Request Schedule 1/Page_Store/select_--Select--Schedule 1Inj'

2018-05-15 19:00:16 - [TEST_STEP][PASSED] - delay: Delayed 1 second(s)

2018-05-15 19:00:17 - [MESSAGE][PASSED] - Delayed 1 second(s)

2018-05-15 19:00:17 - [TEST_STEP][PASSED] - selectOptionByIndex: All options with index in [22] are selected on object 'Object Repository/Store Request Schedule 1/Page_Store/select_--Select--Adernaline 0.'

2018-05-15 19:00:17 - [MESSAGE][PASSED] - All options with index in [22] are selected on object 'Object Repository/Store Request Schedule 1/Page_Store/select_--Select--Adernaline 0.'

2018-05-15 19:00:17 - [TEST_STEP][PASSED] - setText: Text '100' is set on object 'Object Repository/Store Request Schedule 1/Page_Store/input_txttreat'

2018-05-15 19:00:17 - [MESSAGE][PASSED] - Text '100' is set on object 'Object Repository/Store Request Schedule 1/Page_Store/input_txttreat'

2018-05-15 19:00:17 - [TEST_STEP][PASSED] - click: Object: 'Object Repository/Store Request Schedule 1/Page_Store/button_Add' is clicked on

2018-05-15 19:00:17 - [MESSAGE][PASSED] - Object: 'Object Repository/Store Request Schedule 1/Page_Store/button_Add' is clicked on

2018-05-15 19:00:17 - [TEST_STEP][PASSED] - selectOptionByIndex: All options with index in [11] are selected on object 'Object Repository/Store Request Schedule 1/Page_Store/select_--Select--Schedule 1Inj'

2018-05-15 19:00:18 - [MESSAGE][PASSED] - All options with index in [11] are selected on object 'Object Repository/Store Request Schedule 1/Page_Store/select_--Select--Schedule 1Inj'

2018-05-15 19:00:18 - [TEST_STEP][PASSED] - delay: Delayed 1 second(s)

2018-05-15 19:00:19 - [MESSAGE][PASSED] - Delayed 1 second(s)

2018-05-15 19:00:19 - [TEST_STEP][PASSED] - selectOptionByIndex: All options with index in [23] are selected on object 'Object Repository/Store Request Schedule 1/Page_Store/select_--Select--Adernaline 0.'

2018-05-15 19:00:19 - [MESSAGE][PASSED] - All options with index in [23] are selected on object 'Object Repository/Store Request Schedule 1/Page_Store/select_--Select--Adernaline 0.'

2018-05-15 19:00:19 - [TEST_STEP][PASSED] - setText: Text '100' is set on object 'Object Repository/Store Request Schedule 1/Page_Store/input_txttreat'

2018-05-15 19:00:19 - [MESSAGE][PASSED] - Text '100' is set on object 'Object Repository/Store Request Schedule 1/Page_Store/input_txttreat'

2018-05-15 19:00:19 - [TEST_STEP][PASSED] - click: Object: 'Object Repository/Store Request Schedule 1/Page_Store/button_Add' is clicked on

2018-05-15 19:00:19 - [MESSAGE][PASSED] - Object: 'Object Repository/Store Request Schedule 1/Page_Store/button_Add' is clicked on

2018-05-15 19:00:19 - [TEST_STEP][PASSED] - selectOptionByIndex: All options with index in [11] are selected on object 'Object Repository/Store Request Schedule 1/Page_Store/select_--Select--Schedule 1Inj'

2018-05-15 19:00:19 - [MESSAGE][PASSED] - All options with index in [11] are selected on object 'Object Repository/Store Request Schedule 1/Page_Store/select_--Select--Schedule 1Inj'

2018-05-15 19:00:19 - [TEST_STEP][PASSED] - delay: Delayed 1 second(s)

2018-05-15 19:00:20 - [MESSAGE][PASSED] - Delayed 1 second(s)

2018-05-15 19:00:20 - [TEST_STEP][PASSED] - selectOptionByIndex: All options with index in [24] are selected on object 'Object Repository/Store Request Schedule 1/Page_Store/select_--Select--Adernaline 0.'

2018-05-15 19:00:21 - [MESSAGE][PASSED] - All options with index in [24] are selected on object 'Object Repository/Store Request Schedule 1/Page_Store/select_--Select--Adernaline 0.'

2018-05-15 19:00:21 - [TEST_STEP][PASSED] - setText: Text '100' is set on object 'Object Repository/Store Request Schedule 1/Page_Store/input_txttreat'

2018-05-15 19:00:21 - [MESSAGE][PASSED] - Text '100' is set on object 'Object Repository/Store Request Schedule 1/Page_Store/input_txttreat'

2018-05-15 19:00:21 - [TEST_STEP][PASSED] - click: Object: 'Object Repository/Store Request Schedule 1/Page_Store/button_Add' is clicked on

2018-05-15 19:00:21 - [MESSAGE][PASSED] - Object: 'Object Repository/Store Request Schedule 1/Page_Store/button_Add' is clicked on

2018-05-15 19:00:21 - [TEST_STEP][PASSED] - selectOptionByIndex: All options with index in [11] are selected on object 'Object Repository/Store Request Schedule 1/Page_Store/select_--Select--Schedule 1Inj'

2018-05-15 19:00:21 - [MESSAGE][PASSED] - All options with index in [11] are selected on object 'Object Repository/Store Request Schedule 1/Page_Store/select_--Select--Schedule 1Inj'

2018-05-15 19:00:21 - [TEST_STEP][PASSED] - delay: Delayed 1 second(s)

2018-05-15 19:00:22 - [MESSAGE][PASSED] - Delayed 1 second(s)

2018-05-15 19:00:22 - [TEST_STEP][PASSED] - selectOptionByIndex: All options with index in [25] are selected on object 'Object Repository/Store Request Schedule 1/Page_Store/select_--Select--Adernaline 0.'

2018-05-15 19:00:22 - [MESSAGE][PASSED] - All options with index in [25] are selected on object 'Object Repository/Store Request Schedule 1/Page_Store/select_--Select--Adernaline 0.'

2018-05-15 19:00:22 - [TEST_STEP][PASSED] - setText: Text '100' is set on object 'Object Repository/Store Request Schedule 1/Page_Store/input_txttreat'

2018-05-15 19:00:23 - [MESSAGE][PASSED] - Text '100' is set on object 'Object Repository/Store Request Schedule 1/Page_Store/input_txttreat'

2018-05-15 19:00:23 - [TEST_STEP][PASSED] - click: Object: 'Object Repository/Store Request Schedule 1/Page_Store/button_Add' is clicked on

2018-05-15 19:00:23 - [MESSAGE][PASSED] - Object: 'Object Repository/Store Request Schedule 1/Page_Store/button_Add' is clicked on

2018-05-15 19:00:23 - [TEST_STEP][PASSED] - selectOptionByIndex: All options with index in [11] are selected on object 'Object Repository/Store Request Schedule 1/Page_Store/select_--Select--Schedule 1Inj'

2018-05-15 19:00:23 - [MESSAGE][PASSED] - All options with index in [11] are selected on object 'Object Repository/Store Request Schedule 1/Page_Store/select_--Select--Schedule 1Inj'

2018-05-15 19:00:23 - [TEST_STEP][PASSED] - delay: Delayed 1 second(s)

2018-05-15 19:00:24 - [MESSAGE][PASSED] - Delayed 1 second(s)

2018-05-15 19:00:24 - [TEST_STEP][PASSED] - selectOptionByIndex: All options with index in [26] are selected on object 'Object Repository/Store Request Schedule 1/Page_Store/select_--Select--Adernaline 0.'

2018-05-15 19:00:24 - [MESSAGE][PASSED] - All options with index in [26] are selected on object 'Object Repository/Store Request Schedule 1/Page_Store/select_--Select--Adernaline 0.'

2018-05-15 19:00:24 - [TEST_STEP][PASSED] - setText: Text '100' is set on object 'Object Repository/Store Request Schedule 1/Page_Store/input_txttreat'

2018-05-15 19:00:24 - [MESSAGE][PASSED] - Text '100' is set on object 'Object Repository/Store Request Schedule 1/Page_Store/input_txttreat'

2018-05-15 19:00:24 - [TEST_STEP][PASSED] - click: Object: 'Object Repository/Store Request Schedule 1/Page_Store/button_Add' is clicked on

2018-05-15 19:00:24 - [MESSAGE][PASSED] - Object: 'Object Repository/Store Request Schedule 1/Page_Store/button_Add' is clicked on

2018-05-15 19:00:24 - [TEST_STEP][PASSED] - selectOptionByIndex: All options with index in [11] are selected on object 'Object Repository/Store Request Schedule 1/Page_Store/select_--Select--Schedule 1Inj'

2018-05-15 19:00:25 - [MESSAGE][PASSED] - All options with index in [11] are selected on object 'Object Repository/Store Request Schedule 1/Page_Store/select_--Select--Schedule 1Inj'

2018-05-15 19:00:25 - [TEST_STEP][PASSED] - delay: Delayed 1 second(s)

2018-05-15 19:00:26 - [MESSAGE][PASSED] - Delayed 1 second(s)

2018-05-15 19:00:26 - [TEST_STEP][PASSED] - selectOptionByIndex: All options with index in [27] are selected on object 'Object Repository/Store Request Schedule 1/Page_Store/select_--Select--Adernaline 0.'

2018-05-15 19:00:26 - [MESSAGE][PASSED] - All options with index in [27] are selected on object 'Object Repository/Store Request Schedule 1/Page_Store/select_--Select--Adernaline 0.'

2018-05-15 19:00:26 - [TEST_STEP][PASSED] - setText: Text '100' is set on object 'Object Repository/Store Request Schedule 1/Page_Store/input_txttreat'

2018-05-15 19:00:26 - [MESSAGE][PASSED] - Text '100' is set on object 'Object Repository/Store Request Schedule 1/Page_Store/input_txttreat'

2018-05-15 19:00:26 - [TEST_STEP][PASSED] - click: Object: 'Object Repository/Store Request Schedule 1/Page_Store/button_Add' is clicked on

2018-05-15 19:00:26 - [MESSAGE][PASSED] - Object: 'Object Repository/Store Request Schedule 1/Page_Store/button_Add' is clicked on

2018-05-15 19:00:26 - [TEST_STEP][PASSED] - selectOptionByIndex: All options with index in [11] are selected on object 'Object Repository/Store Request Schedule 1/Page_Store/select_--Select--Schedule 1Inj'

2018-05-15 19:00:26 - [MESSAGE][PASSED] - All options with index in [11] are selected on object 'Object Repository/Store Request Schedule 1/Page_Store/select_--Select--Schedule 1Inj'

2018-05-15 19:00:26 - [TEST_STEP][PASSED] - delay: Delayed 1 second(s)

2018-05-15 19:00:27 - [MESSAGE][PASSED] - Delayed 1 second(s)

2018-05-15 19:00:27 - [TEST_STEP][PASSED] - selectOptionByIndex: All options with index in [28] are selected on object 'Object Repository/Store Request Schedule 1/Page_Store/select_--Select--Adernaline 0.'

2018-05-15 19:00:28 - [MESSAGE][PASSED] - All options with index in [28] are selected on object 'Object Repository/Store Request Schedule 1/Page_Store/select_--Select--Adernaline 0.'

2018-05-15 19:00:28 - [TEST_STEP][PASSED] - setText: Text '100' is set on object 'Object Repository/Store Request Schedule 1/Page_Store/input_txttreat'

2018-05-15 19:00:28 - [MESSAGE][PASSED] - Text '100' is set on object 'Object Repository/Store Request Schedule 1/Page_Store/input_txttreat'

2018-05-15 19:00:28 - [TEST_STEP][PASSED] - click: Object: 'Object Repository/Store Request Schedule 1/Page_Store/button_Add' is clicked on

2018-05-15 19:00:28 - [MESSAGE][PASSED] - Object: 'Object Repository/Store Request Schedule 1/Page_Store/button_Add' is clicked on

2018-05-15 19:00:28 - [TEST_STEP][PASSED] - selectOptionByIndex: All options with index in [11] are selected on object 'Object Repository/Store Request Schedule 1/Page_Store/select_--Select--Schedule 1Inj'

2018-05-15 19:00:28 - [MESSAGE][PASSED] - All options with index in [11] are selected on object 'Object Repository/Store Request Schedule 1/Page_Store/select_--Select--Schedule 1Inj'

2018-05-15 19:00:28 - [TEST_STEP][PASSED] - delay: Delayed 1 second(s)

2018-05-15 19:00:29 - [MESSAGE][PASSED] - Delayed 1 second(s)

2018-05-15 19:00:29 - [TEST_STEP][PASSED] - selectOptionByIndex: All options with index in [29] are selected on object 'Object Repository/Store Request Schedule 1/Page_Store/select_--Select--Adernaline 0.'

2018-05-15 19:00:30 - [MESSAGE][PASSED] - All options with index in [29] are selected on object 'Object Repository/Store Request Schedule 1/Page_Store/select_--Select--Adernaline 0.'

2018-05-15 19:00:30 - [TEST_STEP][PASSED] - setText: Text '100' is set on object 'Object Repository/Store Request Schedule 1/Page_Store/input_txttreat'

2018-05-15 19:00:30 - [MESSAGE][PASSED] - Text '100' is set on object 'Object Repository/Store Request Schedule 1/Page_Store/input_txttreat'

2018-05-15 19:00:30 - [TEST_STEP][PASSED] - click: Object: 'Object Repository/Store Request Schedule 1/Page_Store/button_Add' is clicked on

2018-05-15 19:00:30 - [MESSAGE][PASSED] - Object: 'Object Repository/Store Request Schedule 1/Page_Store/button_Add' is clicked on

2018-05-15 19:00:30 - [TEST_STEP][PASSED] - selectOptionByIndex: All options with index in [11] are selected on object 'Object Repository/Store Request Schedule 1/Page_Store/select_--Select--Schedule 1Inj'

2018-05-15 19:00:30 - [MESSAGE][PASSED] - All options with index in [11] are selected on object 'Object Repository/Store Request Schedule 1/Page_Store/select_--Select--Schedule 1Inj'

2018-05-15 19:00:30 - [TEST_STEP][PASSED] - delay: Delayed 1 second(s)

2018-05-15 19:00:31 - [MESSAGE][PASSED] - Delayed 1 second(s)

2018-05-15 19:00:31 - [TEST_STEP][PASSED] - selectOptionByIndex: All options with index in [30] are selected on object 'Object Repository/Store Request Schedule 1/Page_Store/select_--Select--Adernaline 0.'

2018-05-15 19:00:31 - [MESSAGE][PASSED] - All options with index in [30] are selected on object 'Object Repository/Store Request Schedule 1/Page_Store/select_--Select--Adernaline 0.'

2018-05-15 19:00:31 - [TEST_STEP][PASSED] - setText: Text '100' is set on object 'Object Repository/Store Request Schedule 1/Page_Store/input_txttreat'

2018-05-15 19:00:31 - [MESSAGE][PASSED] - Text '100' is set on object 'Object Repository/Store Request Schedule 1/Page_Store/input_txttreat'

2018-05-15 19:00:31 - [TEST_STEP][PASSED] - click: Object: 'Object Repository/Store Request Schedule 1/Page_Store/button_Add' is clicked on

2018-05-15 19:00:31 - [MESSAGE][PASSED] - Object: 'Object Repository/Store Request Schedule 1/Page_Store/button_Add' is clicked on

2018-05-15 19:00:31 - [TEST_STEP][PASSED] - selectOptionByIndex: All options with index in [11] are selected on object 'Object Repository/Store Request Schedule 1/Page_Store/select_--Select--Schedule 1Inj'

2018-05-15 19:00:32 - [MESSAGE][PASSED] - All options with index in [11] are selected on object 'Object Repository/Store Request Schedule 1/Page_Store/select_--Select--Schedule 1Inj'

2018-05-15 19:00:32 - [TEST_STEP][PASSED] - delay: Delayed 1 second(s)

2018-05-15 19:00:33 - [MESSAGE][PASSED] - Delayed 1 second(s)

2018-05-15 19:00:33 - [TEST_STEP][PASSED] - selectOptionByIndex: All options with index in [31] are selected on object 'Object Repository/Store Request Schedule 1/Page_Store/select_--Select--Adernaline 0.'

2018-05-15 19:00:33 - [MESSAGE][PASSED] - All options with index in [31] are selected on object 'Object Repository/Store Request Schedule 1/Page_Store/select_--Select--Adernaline 0.'

2018-05-15 19:00:33 - [TEST_STEP][PASSED] - setText: Text '100' is set on object 'Object Repository/Store Request Schedule 1/Page_Store/input_txttreat'

2018-05-15 19:00:33 - [MESSAGE][PASSED] - Text '100' is set on object 'Object Repository/Store Request Schedule 1/Page_Store/input_txttreat'

2018-05-15 19:00:33 - [TEST_STEP][PASSED] - click: Object: 'Object Repository/Store Request Schedule 1/Page_Store/button_Add' is clicked on

2018-05-15 19:00:33 - [MESSAGE][PASSED] - Object: 'Object Repository/Store Request Schedule 1/Page_Store/button_Add' is clicked on

2018-05-15 19:00:33 - [TEST_STEP][PASSED] - selectOptionByIndex: All options with index in [11] are selected on object 'Object Repository/Store Request Schedule 1/Page_Store/select_--Select--Schedule 1Inj'

2018-05-15 19:00:33 - [MESSAGE][PASSED] - All options with index in [11] are selected on object 'Object Repository/Store Request Schedule 1/Page_Store/select_--Select--Schedule 1Inj'

2018-05-15 19:00:33 - [TEST_STEP][PASSED] - delay: Delayed 1 second(s)

2018-05-15 19:00:34 - [MESSAGE][PASSED] - Delayed 1 second(s)

2018-05-15 19:00:34 - [TEST_STEP][PASSED] - selectOptionByIndex: All options with index in [32] are selected on object 'Object Repository/Store Request Schedule 1/Page_Store/select_--Select--Adernaline 0.'

2018-05-15 19:00:35 - [MESSAGE][PASSED] - All options with index in [32] are selected on object 'Object Repository/Store Request Schedule 1/Page_Store/select_--Select--Adernaline 0.'

2018-05-15 19:00:35 - [TEST_STEP][PASSED] - setText: Text '100' is set on object 'Object Repository/Store Request Schedule 1/Page_Store/input_txttreat'

2018-05-15 19:00:35 - [MESSAGE][PASSED] - Text '100' is set on object 'Object Repository/Store Request Schedule 1/Page_Store/input_txttreat'

2018-05-15 19:00:35 - [TEST_STEP][PASSED] - click: Object: 'Object Repository/Store Request Schedule 1/Page_Store/button_Add' is clicked on

2018-05-15 19:00:35 - [MESSAGE][PASSED] - Object: 'Object Repository/Store Request Schedule 1/Page_Store/button_Add' is clicked on

2018-05-15 19:00:35 - [TEST_STEP][PASSED] - selectOptionByIndex: All options with index in [11] are selected on object 'Object Repository/Store Request Schedule 1/Page_Store/select_--Select--Schedule 1Inj'

2018-05-15 19:00:35 - [MESSAGE][PASSED] - All options with index in [11] are selected on object 'Object Repository/Store Request Schedule 1/Page_Store/select_--Select--Schedule 1Inj'

2018-05-15 19:00:35 - [TEST_STEP][PASSED] - delay: Delayed 1 second(s)

2018-05-15 19:00:36 - [MESSAGE][PASSED] - Delayed 1 second(s)

2018-05-15 19:00:36 - [TEST_STEP][PASSED] - selectOptionByIndex: All options with index in [33] are selected on object 'Object Repository/Store Request Schedule 1/Page_Store/select_--Select--Adernaline 0.'

2018-05-15 19:00:37 - [MESSAGE][PASSED] - All options with index in [33] are selected on object 'Object Repository/Store Request Schedule 1/Page_Store/select_--Select--Adernaline 0.'

2018-05-15 19:00:37 - [TEST_STEP][PASSED] - setText: Text '100' is set on object 'Object Repository/Store Request Schedule 1/Page_Store/input_txttreat'

2018-05-15 19:00:37 - [MESSAGE][PASSED] - Text '100' is set on object 'Object Repository/Store Request Schedule 1/Page_Store/input_txttreat'

2018-05-15 19:00:37 - [TEST_STEP][PASSED] - click: Object: 'Object Repository/Store Request Schedule 1/Page_Store/button_Add' is clicked on

2018-05-15 19:00:37 - [MESSAGE][PASSED] - Object: 'Object Repository/Store Request Schedule 1/Page_Store/button_Add' is clicked on

2018-05-15 19:00:37 - [TEST_STEP][PASSED] - selectOptionByIndex: All options with index in [11] are selected on object 'Object Repository/Store Request Schedule 1/Page_Store/select_--Select--Schedule 1Inj'

2018-05-15 19:00:37 - [MESSAGE][PASSED] - All options with index in [11] are selected on object 'Object Repository/Store Request Schedule 1/Page_Store/select_--Select--Schedule 1Inj'

2018-05-15 19:00:37 - [TEST_STEP][PASSED] - delay: Delayed 1 second(s)

2018-05-15 19:00:38 - [MESSAGE][PASSED] - Delayed 1 second(s)

2018-05-15 19:00:38 - [TEST_STEP][PASSED] - selectOptionByIndex: All options with index in [34] are selected on object 'Object Repository/Store Request Schedule 1/Page_Store/select_--Select--Adernaline 0.'

2018-05-15 19:00:39 - [MESSAGE][PASSED] - All options with index in [34] are selected on object 'Object Repository/Store Request Schedule 1/Page_Store/select_--Select--Adernaline 0.'

2018-05-15 19:00:39 - [TEST_STEP][PASSED] - setText: Text '100' is set on object 'Object Repository/Store Request Schedule 1/Page_Store/input_txttreat'

2018-05-15 19:00:39 - [MESSAGE][PASSED] - Text '100' is set on object 'Object Repository/Store Request Schedule 1/Page_Store/input_txttreat'

2018-05-15 19:00:39 - [TEST_STEP][PASSED] - click: Object: 'Object Repository/Store Request Schedule 1/Page_Store/button_Add' is clicked on

2018-05-15 19:00:39 - [MESSAGE][PASSED] - Object: 'Object Repository/Store Request Schedule 1/Page_Store/button_Add' is clicked on

2018-05-15 19:00:39 - [TEST_STEP][PASSED] - selectOptionByIndex: All options with index in [11] are selected on object 'Object Repository/Store Request Schedule 1/Page_Store/select_--Select--Schedule 1Inj'

2018-05-15 19:00:39 - [MESSAGE][PASSED] - All options with index in [11] are selected on object 'Object Repository/Store Request Schedule 1/Page_Store/select_--Select--Schedule 1Inj'

2018-05-15 19:00:39 - [TEST_STEP][PASSED] - delay: Delayed 1 second(s)

2018-05-15 19:00:40 - [MESSAGE][PASSED] - Delayed 1 second(s)

2018-05-15 19:00:40 - [TEST_STEP][PASSED] - selectOptionByIndex: All options with index in [35] are selected on object 'Object Repository/Store Request Schedule 1/Page_Store/select_--Select--Adernaline 0.'

2018-05-15 19:00:40 - [MESSAGE][PASSED] - All options with index in [35] are selected on object 'Object Repository/Store Request Schedule 1/Page_Store/select_--Select--Adernaline 0.'

2018-05-15 19:00:40 - [TEST_STEP][PASSED] - setText: Text '100' is set on object 'Object Repository/Store Request Schedule 1/Page_Store/input_txttreat'

2018-05-15 19:00:40 - [MESSAGE][PASSED] - Text '100' is set on object 'Object Repository/Store Request Schedule 1/Page_Store/input_txttreat'

2018-05-15 19:00:40 - [TEST_STEP][PASSED] - click: Object: 'Object Repository/Store Request Schedule 1/Page_Store/button_Add' is clicked on

2018-05-15 19:00:41 - [MESSAGE][PASSED] - Object: 'Object Repository/Store Request Schedule 1/Page_Store/button_Add' is clicked on

2018-05-15 19:00:41 - [TEST_STEP][PASSED] - selectOptionByIndex: All options with index in [11] are selected on object 'Object Repository/Store Request Schedule 1/Page_Store/select_--Select--Schedule 1Inj'

2018-05-15 19:00:41 - [MESSAGE][PASSED] - All options with index in [11] are selected on object 'Object Repository/Store Request Schedule 1/Page_Store/select_--Select--Schedule 1Inj'

2018-05-15 19:00:41 - [TEST_STEP][PASSED] - delay: Delayed 1 second(s)

2018-05-15 19:00:42 - [MESSAGE][PASSED] - Delayed 1 second(s)

2018-05-15 19:00:42 - [TEST_STEP][PASSED] - selectOptionByIndex: All options with index in [36] are selected on object 'Object Repository/Store Request Schedule 1/Page_Store/select_--Select--Adernaline 0.'

2018-05-15 19:00:42 - [MESSAGE][PASSED] - All options with index in [36] are selected on object 'Object Repository/Store Request Schedule 1/Page_Store/select_--Select--Adernaline 0.'

2018-05-15 19:00:42 - [TEST_STEP][PASSED] - setText: Text '100' is set on object 'Object Repository/Store Request Schedule 1/Page_Store/input_txttreat'

2018-05-15 19:00:42 - [MESSAGE][PASSED] - Text '100' is set on object 'Object Repository/Store Request Schedule 1/Page_Store/input_txttreat'

2018-05-15 19:00:42 - [TEST_STEP][PASSED] - click: Object: 'Object Repository/Store Request Schedule 1/Page_Store/button_Add' is clicked on

2018-05-15 19:00:42 - [MESSAGE][PASSED] - Object: 'Object Repository/Store Request Schedule 1/Page_Store/button_Add' is clicked on

2018-05-15 19:00:42 - [TEST_STEP][PASSED] - selectOptionByIndex: All options with index in [11] are selected on object 'Object Repository/Store Request Schedule 1/Page_Store/select_--Select--Schedule 1Inj'

2018-05-15 19:00:43 - [MESSAGE][PASSED] - All options with index in [11] are selected on object 'Object Repository/Store Request Schedule 1/Page_Store/select_--Select--Schedule 1Inj'

2018-05-15 19:00:43 - [TEST_STEP][PASSED] - delay: Delayed 1 second(s)

2018-05-15 19:00:44 - [MESSAGE][PASSED] - Delayed 1 second(s)

2018-05-15 19:00:44 - [TEST_STEP][PASSED] - selectOptionByIndex: All options with index in [37] are selected on object 'Object Repository/Store Request Schedule 1/Page_Store/select_--Select--Adernaline 0.'

2018-05-15 19:00:44 - [MESSAGE][PASSED] - All options with index in [37] are selected on object 'Object Repository/Store Request Schedule 1/Page_Store/select_--Select--Adernaline 0.'

2018-05-15 19:00:44 - [TEST_STEP][PASSED] - setText: Text '100' is set on object 'Object Repository/Store Request Schedule 1/Page_Store/input_txttreat'

2018-05-15 19:00:44 - [MESSAGE][PASSED] - Text '100' is set on object 'Object Repository/Store Request Schedule 1/Page_Store/input_txttreat'

2018-05-15 19:00:44 - [TEST_STEP][PASSED] - click: Object: 'Object Repository/Store Request Schedule 1/Page_Store/button_Add' is clicked on

2018-05-15 19:00:44 - [MESSAGE][PASSED] - Object: 'Object Repository/Store Request Schedule 1/Page_Store/button_Add' is clicked on

2018-05-15 19:00:44 - [TEST_STEP][PASSED] - selectOptionByIndex: All options with index in [11] are selected on object 'Object Repository/Store Request Schedule 1/Page_Store/select_--Select--Schedule 1Inj'

2018-05-15 19:00:44 - [MESSAGE][PASSED] - All options with index in [11] are selected on object 'Object Repository/Store Request Schedule 1/Page_Store/select_--Select--Schedule 1Inj'

2018-05-15 19:00:44 - [TEST_STEP][PASSED] - delay: Delayed 1 second(s)

2018-05-15 19:00:45 - [MESSAGE][PASSED] - Delayed 1 second(s)

2018-05-15 19:00:45 - [TEST_STEP][PASSED] - selectOptionByIndex: All options with index in [38] are selected on object 'Object Repository/Store Request Schedule 1/Page_Store/select_--Select--Adernaline 0.'

2018-05-15 19:00:46 - [MESSAGE][PASSED] - All options with index in [38] are selected on object 'Object Repository/Store Request Schedule 1/Page_Store/select_--Select--Adernaline 0.'

2018-05-15 19:00:46 - [TEST_STEP][PASSED] - setText: Text '100' is set on object 'Object Repository/Store Request Schedule 1/Page_Store/input_txttreat'

2018-05-15 19:00:46 - [MESSAGE][PASSED] - Text '100' is set on object 'Object Repository/Store Request Schedule 1/Page_Store/input_txttreat'

2018-05-15 19:00:46 - [TEST_STEP][PASSED] - click: Object: 'Object Repository/Store Request Schedule 1/Page_Store/button_Add' is clicked on

2018-05-15 19:00:46 - [MESSAGE][PASSED] - Object: 'Object Repository/Store Request Schedule 1/Page_Store/button_Add' is clicked on

2018-05-15 19:00:46 - [TEST_STEP][PASSED] - selectOptionByIndex: All options with index in [11] are selected on object 'Object Repository/Store Request Schedule 1/Page_Store/select_--Select--Schedule 1Inj'

2018-05-15 19:00:46 - [MESSAGE][PASSED] - All options with index in [11] are selected on object 'Object Repository/Store Request Schedule 1/Page_Store/select_--Select--Schedule 1Inj'

2018-05-15 19:00:46 - [TEST_STEP][PASSED] - delay: Delayed 1 second(s)

2018-05-15 19:00:47 - [MESSAGE][PASSED] - Delayed 1 second(s)

2018-05-15 19:00:47 - [TEST_STEP][PASSED] - selectOptionByIndex: All options with index in [39] are selected on object 'Object Repository/Store Request Schedule 1/Page_Store/select_--Select--Adernaline 0.'

2018-05-15 19:00:48 - [MESSAGE][PASSED] - All options with index in [39] are selected on object 'Object Repository/Store Request Schedule 1/Page_Store/select_--Select--Adernaline 0.'

2018-05-15 19:00:48 - [TEST_STEP][PASSED] - setText: Text '100' is set on object 'Object Repository/Store Request Schedule 1/Page_Store/input_txttreat'

2018-05-15 19:00:48 - [MESSAGE][PASSED] - Text '100' is set on object 'Object Repository/Store Request Schedule 1/Page_Store/input_txttreat'

2018-05-15 19:00:48 - [TEST_STEP][PASSED] - click: Object: 'Object Repository/Store Request Schedule 1/Page_Store/button_Add' is clicked on

2018-05-15 19:00:48 - [MESSAGE][PASSED] - Object: 'Object Repository/Store Request Schedule 1/Page_Store/button_Add' is clicked on

2018-05-15 19:00:48 - [TEST_STEP][PASSED] - selectOptionByIndex: All options with index in [11] are selected on object 'Object Repository/Store Request Schedule 1/Page_Store/select_--Select--Schedule 1Inj'

2018-05-15 19:00:48 - [MESSAGE][PASSED] - All options with index in [11] are selected on object 'Object Repository/Store Request Schedule 1/Page_Store/select_--Select--Schedule 1Inj'

2018-05-15 19:00:48 - [TEST_STEP][PASSED] - delay: Delayed 1 second(s)

2018-05-15 19:00:49 - [MESSAGE][PASSED] - Delayed 1 second(s)

2018-05-15 19:00:49 - [TEST_STEP][PASSED] - selectOptionByIndex: All options with index in [40] are selected on object 'Object Repository/Store Request Schedule 1/Page_Store/select_--Select--Adernaline 0.'

2018-05-15 19:00:50 - [MESSAGE][PASSED] - All options with index in [40] are selected on object 'Object Repository/Store Request Schedule 1/Page_Store/select_--Select--Adernaline 0.'

2018-05-15 19:00:50 - [TEST_STEP][PASSED] - setText: Text '100' is set on object 'Object Repository/Store Request Schedule 1/Page_Store/input_txttreat'

2018-05-15 19:00:50 - [MESSAGE][PASSED] - Text '100' is set on object 'Object Repository/Store Request Schedule 1/Page_Store/input_txttreat'

2018-05-15 19:00:50 - [TEST_STEP][PASSED] - click: Object: 'Object Repository/Store Request Schedule 1/Page_Store/button_Add' is clicked on

2018-05-15 19:00:50 - [MESSAGE][PASSED] - Object: 'Object Repository/Store Request Schedule 1/Page_Store/button_Add' is clicked on

2018-05-15 19:00:50 - [TEST_STEP][PASSED] - selectOptionByIndex: All options with index in [11] are selected on object 'Object Repository/Store Request Schedule 1/Page_Store/select_--Select--Schedule 1Inj'

2018-05-15 19:00:50 - [MESSAGE][PASSED] - All options with index in [11] are selected on object 'Object Repository/Store Request Schedule 1/Page_Store/select_--Select--Schedule 1Inj'

2018-05-15 19:00:50 - [TEST_STEP][PASSED] - delay: Delayed 1 second(s)

2018-05-15 19:00:51 - [MESSAGE][PASSED] - Delayed 1 second(s)

2018-05-15 19:00:51 - [TEST_STEP][PASSED] - selectOptionByIndex: All options with index in [41] are selected on object 'Object Repository/Store Request Schedule 1/Page_Store/select_--Select--Adernaline 0.'

2018-05-15 19:00:51 - [MESSAGE][PASSED] - All options with index in [41] are selected on object 'Object Repository/Store Request Schedule 1/Page_Store/select_--Select--Adernaline 0.'

2018-05-15 19:00:51 - [TEST_STEP][PASSED] - setText: Text '100' is set on object 'Object Repository/Store Request Schedule 1/Page_Store/input_txttreat'

2018-05-15 19:00:52 - [MESSAGE][PASSED] - Text '100' is set on object 'Object Repository/Store Request Schedule 1/Page_Store/input_txttreat'

2018-05-15 19:00:52 - [TEST_STEP][PASSED] - click: Object: 'Object Repository/Store Request Schedule 1/Page_Store/button_Add' is clicked on

2018-05-15 19:00:52 - [MESSAGE][PASSED] - Object: 'Object Repository/Store Request Schedule 1/Page_Store/button_Add' is clicked on

2018-05-15 19:00:52 - [TEST_STEP][PASSED] - selectOptionByIndex: All options with index in [11] are selected on object 'Object Repository/Store Request Schedule 1/Page_Store/select_--Select--Schedule 1Inj'

2018-05-15 19:00:52 - [MESSAGE][PASSED] - All options with index in [11] are selected on object 'Object Repository/Store Request Schedule 1/Page_Store/select_--Select--Schedule 1Inj'

2018-05-15 19:00:52 - [TEST_STEP][PASSED] - delay: Delayed 1 second(s)

2018-05-15 19:00:53 - [MESSAGE][PASSED] - Delayed 1 second(s)

2018-05-15 19:00:53 - [TEST_STEP][PASSED] - selectOptionByIndex: All options with index in [42] are selected on object 'Object Repository/Store Request Schedule 1/Page_Store/select_--Select--Adernaline 0.'

2018-05-15 19:00:53 - [MESSAGE][PASSED] - All options with index in [42] are selected on object 'Object Repository/Store Request Schedule 1/Page_Store/select_--Select--Adernaline 0.'

2018-05-15 19:00:53 - [TEST_STEP][PASSED] - setText: Text '100' is set on object 'Object Repository/Store Request Schedule 1/Page_Store/input_txttreat'

2018-05-15 19:00:54 - [MESSAGE][PASSED] - Text '100' is set on object 'Object Repository/Store Request Schedule 1/Page_Store/input_txttreat'

2018-05-15 19:00:54 - [TEST_STEP][PASSED] - click: Object: 'Object Repository/Store Request Schedule 1/Page_Store/button_Add' is clicked on

2018-05-15 19:00:54 - [MESSAGE][PASSED] - Object: 'Object Repository/Store Request Schedule 1/Page_Store/button_Add' is clicked on

2018-05-15 19:00:54 - [TEST_STEP][PASSED] - selectOptionByIndex: All options with index in [11] are selected on object 'Object Repository/Store Request Schedule 1/Page_Store/select_--Select--Schedule 1Inj'

2018-05-15 19:00:54 - [MESSAGE][PASSED] - All options with index in [11] are selected on object 'Object Repository/Store Request Schedule 1/Page_Store/select_--Select--Schedule 1Inj'

2018-05-15 19:00:54 - [TEST_STEP][PASSED] - delay: Delayed 1 second(s)

2018-05-15 19:00:55 - [MESSAGE][PASSED] - Delayed 1 second(s)

2018-05-15 19:00:55 - [TEST_STEP][PASSED] - selectOptionByIndex: All options with index in [43] are selected on object 'Object Repository/Store Request Schedule 1/Page_Store/select_--Select--Adernaline 0.'

2018-05-15 19:00:55 - [MESSAGE][PASSED] - All options with index in [43] are selected on object 'Object Repository/Store Request Schedule 1/Page_Store/select_--Select--Adernaline 0.'

2018-05-15 19:00:55 - [TEST_STEP][PASSED] - setText: Text '100' is set on object 'Object Repository/Store Request Schedule 1/Page_Store/input_txttreat'

2018-05-15 19:00:55 - [MESSAGE][PASSED] - Text '100' is set on object 'Object Repository/Store Request Schedule 1/Page_Store/input_txttreat'

2018-05-15 19:00:55 - [TEST_STEP][PASSED] - click: Object: 'Object Repository/Store Request Schedule 1/Page_Store/button_Add' is clicked on

2018-05-15 19:00:56 - [MESSAGE][PASSED] - Object: 'Object Repository/Store Request Schedule 1/Page_Store/button_Add' is clicked on

2018-05-15 19:00:56 - [TEST_STEP][PASSED] - selectOptionByIndex: All options with index in [11] are selected on object 'Object Repository/Store Request Schedule 1/Page_Store/select_--Select--Schedule 1Inj'

2018-05-15 19:00:56 - [MESSAGE][PASSED] - All options with index in [11] are selected on object 'Object Repository/Store Request Schedule 1/Page_Store/select_--Select--Schedule 1Inj'

2018-05-15 19:00:56 - [TEST_STEP][PASSED] - delay: Delayed 1 second(s)

2018-05-15 19:00:57 - [MESSAGE][PASSED] - Delayed 1 second(s)

2018-05-15 19:00:57 - [TEST_STEP][PASSED] - selectOptionByIndex: All options with index in [44] are selected on object 'Object Repository/Store Request Schedule 1/Page_Store/select_--Select--Adernaline 0.'

2018-05-15 19:00:57 - [MESSAGE][PASSED] - All options with index in [44] are selected on object 'Object Repository/Store Request Schedule 1/Page_Store/select_--Select--Adernaline 0.'

2018-05-15 19:00:57 - [TEST_STEP][PASSED] - setText: Text '100' is set on object 'Object Repository/Store Request Schedule 1/Page_Store/input_txttreat'

2018-05-15 19:00:57 - [MESSAGE][PASSED] - Text '100' is set on object 'Object Repository/Store Request Schedule 1/Page_Store/input_txttreat'

2018-05-15 19:00:57 - [TEST_STEP][PASSED] - click: Object: 'Object Repository/Store Request Schedule 1/Page_Store/button_Add' is clicked on

2018-05-15 19:00:57 - [MESSAGE][PASSED] - Object: 'Object Repository/Store Request Schedule 1/Page_Store/button_Add' is clicked on

2018-05-15 19:00:57 - [TEST_STEP][PASSED] - selectOptionByIndex: All options with index in [11] are selected on object 'Object Repository/Store Request Schedule 1/Page_Store/select_--Select--Schedule 1Inj'

2018-05-15 19:00:58 - [MESSAGE][PASSED] - All options with index in [11] are selected on object 'Object Repository/Store Request Schedule 1/Page_Store/select_--Select--Schedule 1Inj'

2018-05-15 19:00:58 - [TEST_STEP][PASSED] - delay: Delayed 1 second(s)

2018-05-15 19:00:59 - [MESSAGE][PASSED] - Delayed 1 second(s)

2018-05-15 19:00:59 - [TEST_STEP][PASSED] - selectOptionByIndex: All options with index in [45] are selected on object 'Object Repository/Store Request Schedule 1/Page_Store/select_--Select--Adernaline 0.'

2018-05-15 19:00:59 - [MESSAGE][PASSED] - All options with index in [45] are selected on object 'Object Repository/Store Request Schedule 1/Page_Store/select_--Select--Adernaline 0.'

2018-05-15 19:00:59 - [TEST_STEP][PASSED] - setText: Text '100' is set on object 'Object Repository/Store Request Schedule 1/Page_Store/input_txttreat'

2018-05-15 19:00:59 - [MESSAGE][PASSED] - Text '100' is set on object 'Object Repository/Store Request Schedule 1/Page_Store/input_txttreat'

2018-05-15 19:00:59 - [TEST_STEP][PASSED] - click: Object: 'Object Repository/Store Request Schedule 1/Page_Store/button_Add' is clicked on

2018-05-15 19:00:59 - [MESSAGE][PASSED] - Object: 'Object Repository/Store Request Schedule 1/Page_Store/button_Add' is clicked on

2018-05-15 19:00:59 - [TEST_STEP][PASSED] - selectOptionByIndex: All options with index in [11] are selected on object 'Object Repository/Store Request Schedule 1/Page_Store/select_--Select--Schedule 1Inj'

2018-05-15 19:00:59 - [MESSAGE][PASSED] - All options with index in [11] are selected on object 'Object Repository/Store Request Schedule 1/Page_Store/select_--Select--Schedule 1Inj'

2018-05-15 19:00:59 - [TEST_STEP][PASSED] - delay: Delayed 1 second(s)

2018-05-15 19:01:00 - [MESSAGE][PASSED] - Delayed 1 second(s)

2018-05-15 19:01:00 - [TEST_STEP][PASSED] - selectOptionByIndex: All options with index in [46] are selected on object 'Object Repository/Store Request Schedule 1/Page_Store/select_--Select--Adernaline 0.'

2018-05-15 19:01:01 - [MESSAGE][PASSED] - All options with index in [46] are selected on object 'Object Repository/Store Request Schedule 1/Page_Store/select_--Select--Adernaline 0.'

2018-05-15 19:01:01 - [TEST_STEP][PASSED] - setText: Text '100' is set on object 'Object Repository/Store Request Schedule 1/Page_Store/input_txttreat'

2018-05-15 19:01:01 - [MESSAGE][PASSED] - Text '100' is set on object 'Object Repository/Store Request Schedule 1/Page_Store/input_txttreat'

2018-05-15 19:01:01 - [TEST_STEP][PASSED] - click: Object: 'Object Repository/Store Request Schedule 1/Page_Store/button_Add' is clicked on

2018-05-15 19:01:01 - [MESSAGE][PASSED] - Object: 'Object Repository/Store Request Schedule 1/Page_Store/button_Add' is clicked on

2018-05-15 19:01:01 - [TEST_STEP][PASSED] - selectOptionByIndex: All options with index in [11] are selected on object 'Object Repository/Store Request Schedule 1/Page_Store/select_--Select--Schedule 1Inj'

2018-05-15 19:01:01 - [MESSAGE][PASSED] - All options with index in [11] are selected on object 'Object Repository/Store Request Schedule 1/Page_Store/select_--Select--Schedule 1Inj'

2018-05-15 19:01:01 - [TEST_STEP][PASSED] - delay: Delayed 1 second(s)

2018-05-15 19:01:02 - [MESSAGE][PASSED] - Delayed 1 second(s)

2018-05-15 19:01:02 - [TEST_STEP][PASSED] - selectOptionByIndex: All options with index in [47] are selected on object 'Object Repository/Store Request Schedule 1/Page_Store/select_--Select--Adernaline 0.'

2018-05-15 19:01:03 - [MESSAGE][PASSED] - All options with index in [47] are selected on object 'Object Repository/Store Request Schedule 1/Page_Store/select_--Select--Adernaline 0.'

2018-05-15 19:01:03 - [TEST_STEP][PASSED] - setText: Text '100' is set on object 'Object Repository/Store Request Schedule 1/Page_Store/input_txttreat'

2018-05-15 19:01:03 - [MESSAGE][PASSED] - Text '100' is set on object 'Object Repository/Store Request Schedule 1/Page_Store/input_txttreat'

2018-05-15 19:01:03 - [TEST_STEP][PASSED] - click: Object: 'Object Repository/Store Request Schedule 1/Page_Store/button_Add' is clicked on

2018-05-15 19:01:03 - [MESSAGE][PASSED] - Object: 'Object Repository/Store Request Schedule 1/Page_Store/button_Add' is clicked on

2018-05-15 19:01:03 - [TEST_STEP][PASSED] - selectOptionByIndex: All options with index in [11] are selected on object 'Object Repository/Store Request Schedule 1/Page_Store/select_--Select--Schedule 1Inj'

2018-05-15 19:01:03 - [MESSAGE][PASSED] - All options with index in [11] are selected on object 'Object Repository/Store Request Schedule 1/Page_Store/select_--Select--Schedule 1Inj'

2018-05-15 19:01:03 - [TEST_STEP][PASSED] - delay: Delayed 1 second(s)

2018-05-15 19:01:04 - [MESSAGE][PASSED] - Delayed 1 second(s)

2018-05-15 19:01:04 - [TEST_STEP][PASSED] - selectOptionByIndex: All options with index in [48] are selected on object 'Object Repository/Store Request Schedule 1/Page_Store/select_--Select--Adernaline 0.'

2018-05-15 19:01:05 - [MESSAGE][PASSED] - All options with index in [48] are selected on object 'Object Repository/Store Request Schedule 1/Page_Store/select_--Select--Adernaline 0.'

2018-05-15 19:01:05 - [TEST_STEP][PASSED] - setText: Text '100' is set on object 'Object Repository/Store Request Schedule 1/Page_Store/input_txttreat'

2018-05-15 19:01:05 - [MESSAGE][PASSED] - Text '100' is set on object 'Object Repository/Store Request Schedule 1/Page_Store/input_txttreat'

2018-05-15 19:01:05 - [TEST_STEP][PASSED] - click: Object: 'Object Repository/Store Request Schedule 1/Page_Store/button_Add' is clicked on

2018-05-15 19:01:05 - [MESSAGE][PASSED] - Object: 'Object Repository/Store Request Schedule 1/Page_Store/button_Add' is clicked on

2018-05-15 19:01:05 - [TEST_STEP][PASSED] - selectOptionByIndex: All options with index in [11] are selected on object 'Object Repository/Store Request Schedule 1/Page_Store/select_--Select--Schedule 1Inj'

2018-05-15 19:01:05 - [MESSAGE][PASSED] - All options with index in [11] are selected on object 'Object Repository/Store Request Schedule 1/Page_Store/select_--Select--Schedule 1Inj'

2018-05-15 19:01:05 - [TEST_STEP][PASSED] - delay: Delayed 1 second(s)

2018-05-15 19:01:06 - [MESSAGE][PASSED] - Delayed 1 second(s)

2018-05-15 19:01:06 - [TEST_STEP][PASSED] - selectOptionByIndex: All options with index in [49] are selected on object 'Object Repository/Store Request Schedule 1/Page_Store/select_--Select--Adernaline 0.'

2018-05-15 19:01:07 - [MESSAGE][PASSED] - All options with index in [49] are selected on object 'Object Repository/Store Request Schedule 1/Page_Store/select_--Select--Adernaline 0.'

2018-05-15 19:01:07 - [TEST_STEP][PASSED] - setText: Text '100' is set on object 'Object Repository/Store Request Schedule 1/Page_Store/input_txttreat'

2018-05-15 19:01:07 - [MESSAGE][PASSED] - Text '100' is set on object 'Object Repository/Store Request Schedule 1/Page_Store/input_txttreat'

2018-05-15 19:01:07 - [TEST_STEP][PASSED] - click: Object: 'Object Repository/Store Request Schedule 1/Page_Store/button_Add' is clicked on

2018-05-15 19:01:07 - [MESSAGE][PASSED] - Object: 'Object Repository/Store Request Schedule 1/Page_Store/button_Add' is clicked on

2018-05-15 19:01:07 - [TEST_STEP][PASSED] - selectOptionByIndex: All options with index in [11] are selected on object 'Object Repository/Store Request Schedule 1/Page_Store/select_--Select--Schedule 1Inj'

2018-05-15 19:01:07 - [MESSAGE][PASSED] - All options with index in [11] are selected on object 'Object Repository/Store Request Schedule 1/Page_Store/select_--Select--Schedule 1Inj'

2018-05-15 19:01:07 - [TEST_STEP][PASSED] - delay: Delayed 1 second(s)

2018-05-15 19:01:08 - [MESSAGE][PASSED] - Delayed 1 second(s)

2018-05-15 19:01:08 - [TEST_STEP][PASSED] - selectOptionByIndex: All options with index in [50] are selected on object 'Object Repository/Store Request Schedule 1/Page_Store/select_--Select--Adernaline 0.'

2018-05-15 19:01:09 - [MESSAGE][PASSED] - All options with index in [50] are selected on object 'Object Repository/Store Request Schedule 1/Page_Store/select_--Select--Adernaline 0.'

2018-05-15 19:01:09 - [TEST_STEP][PASSED] - setText: Text '100' is set on object 'Object Repository/Store Request Schedule 1/Page_Store/input_txttreat'

2018-05-15 19:01:09 - [MESSAGE][PASSED] - Text '100' is set on object 'Object Repository/Store Request Schedule 1/Page_Store/input_txttreat'

2018-05-15 19:01:09 - [TEST_STEP][PASSED] - click: Object: 'Object Repository/Store Request Schedule 1/Page_Store/button_Add' is clicked on

2018-05-15 19:01:09 - [MESSAGE][PASSED] - Object: 'Object Repository/Store Request Schedule 1/Page_Store/button_Add' is clicked on

2018-05-15 19:01:09 - [TEST_STEP][PASSED] - selectOptionByIndex: All options with index in [11] are selected on object 'Object Repository/Store Request Schedule 1/Page_Store/select_--Select--Schedule 1Inj'

2018-05-15 19:01:09 - [MESSAGE][PASSED] - All options with index in [11] are selected on object 'Object Repository/Store Request Schedule 1/Page_Store/select_--Select--Schedule 1Inj'

2018-05-15 19:01:09 - [TEST_STEP][PASSED] - delay: Delayed 1 second(s)

2018-05-15 19:01:10 - [MESSAGE][PASSED] - Delayed 1 second(s)

2018-05-15 19:01:10 - [TEST_STEP][PASSED] - selectOptionByIndex: All options with index in [51] are selected on object 'Object Repository/Store Request Schedule 1/Page_Store/select_--Select--Adernaline 0.'

2018-05-15 19:01:11 - [MESSAGE][PASSED] - All options with index in [51] are selected on object 'Object Repository/Store Request Schedule 1/Page_Store/select_--Select--Adernaline 0.'

2018-05-15 19:01:11 - [TEST_STEP][PASSED] - setText: Text '100' is set on object 'Object Repository/Store Request Schedule 1/Page_Store/input_txttreat'

2018-05-15 19:01:11 - [MESSAGE][PASSED] - Text '100' is set on object 'Object Repository/Store Request Schedule 1/Page_Store/input_txttreat'

2018-05-15 19:01:11 - [TEST_STEP][PASSED] - click: Object: 'Object Repository/Store Request Schedule 1/Page_Store/button_Add' is clicked on

2018-05-15 19:01:11 - [MESSAGE][PASSED] - Object: 'Object Repository/Store Request Schedule 1/Page_Store/button_Add' is clicked on

2018-05-15 19:01:11 - [TEST_STEP][PASSED] - selectOptionByIndex: All options with index in [11] are selected on object 'Object Repository/Store Request Schedule 1/Page_Store/select_--Select--Schedule 1Inj'

2018-05-15 19:01:11 - [MESSAGE][PASSED] - All options with index in [11] are selected on object 'Object Repository/Store Request Schedule 1/Page_Store/select_--Select--Schedule 1Inj'

2018-05-15 19:01:11 - [TEST_STEP][PASSED] - delay: Delayed 1 second(s)

2018-05-15 19:01:12 - [MESSAGE][PASSED] - Delayed 1 second(s)

2018-05-15 19:01:12 - [TEST_STEP][PASSED] - selectOptionByIndex: All options with index in [52] are selected on object 'Object Repository/Store Request Schedule 1/Page_Store/select_--Select--Adernaline 0.'

2018-05-15 19:01:13 - [MESSAGE][PASSED] - All options with index in [52] are selected on object 'Object Repository/Store Request Schedule 1/Page_Store/select_--Select--Adernaline 0.'

2018-05-15 19:01:13 - [TEST_STEP][PASSED] - setText: Text '100' is set on object 'Object Repository/Store Request Schedule 1/Page_Store/input_txttreat'

2018-05-15 19:01:13 - [MESSAGE][PASSED] - Text '100' is set on object 'Object Repository/Store Request Schedule 1/Page_Store/input_txttreat'

2018-05-15 19:01:13 - [TEST_STEP][PASSED] - click: Object: 'Object Repository/Store Request Schedule 1/Page_Store/button_Add' is clicked on

2018-05-15 19:01:13 - [MESSAGE][PASSED] - Object: 'Object Repository/Store Request Schedule 1/Page_Store/button_Add' is clicked on

2018-05-15 19:01:13 - [TEST_STEP][PASSED] - selectOptionByIndex: All options with index in [11] are selected on object 'Object Repository/Store Request Schedule 1/Page_Store/select_--Select--Schedule 1Inj'

2018-05-15 19:01:13 - [MESSAGE][PASSED] - All options with index in [11] are selected on object 'Object Repository/Store Request Schedule 1/Page_Store/select_--Select--Schedule 1Inj'

2018-05-15 19:01:13 - [TEST_STEP][PASSED] - delay: Delayed 1 second(s)

2018-05-15 19:01:14 - [MESSAGE][PASSED] - Delayed 1 second(s)

2018-05-15 19:01:14 - [TEST_STEP][PASSED] - selectOptionByIndex: All options with index in [53] are selected on object 'Object Repository/Store Request Schedule 1/Page_Store/select_--Select--Adernaline 0.'

2018-05-15 19:01:15 - [MESSAGE][PASSED] - All options with index in [53] are selected on object 'Object Repository/Store Request Schedule 1/Page_Store/select_--Select--Adernaline 0.'

2018-05-15 19:01:15 - [TEST_STEP][PASSED] - setText: Text '100' is set on object 'Object Repository/Store Request Schedule 1/Page_Store/input_txttreat'

2018-05-15 19:01:15 - [MESSAGE][PASSED] - Text '100' is set on object 'Object Repository/Store Request Schedule 1/Page_Store/input_txttreat'

2018-05-15 19:01:15 - [TEST_STEP][PASSED] - click: Object: 'Object Repository/Store Request Schedule 1/Page_Store/button_Add' is clicked on

2018-05-15 19:01:15 - [MESSAGE][PASSED] - Object: 'Object Repository/Store Request Schedule 1/Page_Store/button_Add' is clicked on

2018-05-15 19:01:15 - [TEST_STEP][PASSED] - selectOptionByIndex: All options with index in [11] are selected on object 'Object Repository/Store Request Schedule 1/Page_Store/select_--Select--Schedule 1Inj'

2018-05-15 19:01:15 - [MESSAGE][PASSED] - All options with index in [11] are selected on object 'Object Repository/Store Request Schedule 1/Page_Store/select_--Select--Schedule 1Inj'

2018-05-15 19:01:15 - [TEST_STEP][PASSED] - delay: Delayed 1 second(s)

2018-05-15 19:01:16 - [MESSAGE][PASSED] - Delayed 1 second(s)

2018-05-15 19:01:16 - [TEST_STEP][PASSED] - selectOptionByIndex: All options with index in [54] are selected on object 'Object Repository/Store Request Schedule 1/Page_Store/select_--Select--Adernaline 0.'

2018-05-15 19:01:17 - [MESSAGE][PASSED] - All options with index in [54] are selected on object 'Object Repository/Store Request Schedule 1/Page_Store/select_--Select--Adernaline 0.'

2018-05-15 19:01:17 - [TEST_STEP][PASSED] - setText: Text '100' is set on object 'Object Repository/Store Request Schedule 1/Page_Store/input_txttreat'

2018-05-15 19:01:17 - [MESSAGE][PASSED] - Text '100' is set on object 'Object Repository/Store Request Schedule 1/Page_Store/input_txttreat'

2018-05-15 19:01:17 - [TEST_STEP][PASSED] - click: Object: 'Object Repository/Store Request Schedule 1/Page_Store/button_Add' is clicked on

2018-05-15 19:01:17 - [MESSAGE][PASSED] - Object: 'Object Repository/Store Request Schedule 1/Page_Store/button_Add' is clicked on

2018-05-15 19:01:17 - [TEST_STEP][PASSED] - selectOptionByIndex: All options with index in [11] are selected on object 'Object Repository/Store Request Schedule 1/Page_Store/select_--Select--Schedule 1Inj'

2018-05-15 19:01:17 - [MESSAGE][PASSED] - All options with index in [11] are selected on object 'Object Repository/Store Request Schedule 1/Page_Store/select_--Select--Schedule 1Inj'

2018-05-15 19:01:17 - [TEST_STEP][PASSED] - delay: Delayed 1 second(s)

2018-05-15 19:01:18 - [MESSAGE][PASSED] - Delayed 1 second(s)

2018-05-15 19:01:18 - [TEST_STEP][PASSED] - selectOptionByIndex: All options with index in [55] are selected on object 'Object Repository/Store Request Schedule 1/Page_Store/select_--Select--Adernaline 0.'

2018-05-15 19:01:19 - [MESSAGE][PASSED] - All options with index in [55] are selected on object 'Object Repository/Store Request Schedule 1/Page_Store/select_--Select--Adernaline 0.'

2018-05-15 19:01:19 - [TEST_STEP][PASSED] - setText: Text '100' is set on object 'Object Repository/Store Request Schedule 1/Page_Store/input_txttreat'

2018-05-15 19:01:19 - [MESSAGE][PASSED] - Text '100' is set on object 'Object Repository/Store Request Schedule 1/Page_Store/input_txttreat'

2018-05-15 19:01:19 - [TEST_STEP][PASSED] - click: Object: 'Object Repository/Store Request Schedule 1/Page_Store/button_Add' is clicked on

2018-05-15 19:01:19 - [MESSAGE][PASSED] - Object: 'Object Repository/Store Request Schedule 1/Page_Store/button_Add' is clicked on

2018-05-15 19:01:19 - [TEST_STEP][PASSED] - selectOptionByIndex: All options with index in [11] are selected on object 'Object Repository/Store Request Schedule 1/Page_Store/select_--Select--Schedule 1Inj'

2018-05-15 19:01:19 - [MESSAGE][PASSED] - All options with index in [11] are selected on object 'Object Repository/Store Request Schedule 1/Page_Store/select_--Select--Schedule 1Inj'

2018-05-15 19:01:19 - [TEST_STEP][PASSED] - delay: Delayed 1 second(s)

2018-05-15 19:01:20 - [MESSAGE][PASSED] - Delayed 1 second(s)

2018-05-15 19:01:20 - [TEST_STEP][PASSED] - selectOptionByIndex: All options with index in [56] are selected on object 'Object Repository/Store Request Schedule 1/Page_Store/select_--Select--Adernaline 0.'

2018-05-15 19:01:21 - [MESSAGE][PASSED] - All options with index in [56] are selected on object 'Object Repository/Store Request Schedule 1/Page_Store/select_--Select--Adernaline 0.'

2018-05-15 19:01:21 - [TEST_STEP][PASSED] - setText: Text '100' is set on object 'Object Repository/Store Request Schedule 1/Page_Store/input_txttreat'

2018-05-15 19:01:21 - [MESSAGE][PASSED] - Text '100' is set on object 'Object Repository/Store Request Schedule 1/Page_Store/input_txttreat'

2018-05-15 19:01:21 - [TEST_STEP][PASSED] - click: Object: 'Object Repository/Store Request Schedule 1/Page_Store/button_Add' is clicked on

2018-05-15 19:01:21 - [MESSAGE][PASSED] - Object: 'Object Repository/Store Request Schedule 1/Page_Store/button_Add' is clicked on

2018-05-15 19:01:21 - [TEST_STEP][PASSED] - selectOptionByIndex: All options with index in [11] are selected on object 'Object Repository/Store Request Schedule 1/Page_Store/select_--Select--Schedule 1Inj'

2018-05-15 19:01:22 - [MESSAGE][PASSED] - All options with index in [11] are selected on object 'Object Repository/Store Request Schedule 1/Page_Store/select_--Select--Schedule 1Inj'

2018-05-15 19:01:22 - [TEST_STEP][PASSED] - delay: Delayed 1 second(s)

2018-05-15 19:01:23 - [MESSAGE][PASSED] - Delayed 1 second(s)

2018-05-15 19:01:23 - [TEST_STEP][PASSED] - selectOptionByIndex: All options with index in [57] are selected on object 'Object Repository/Store Request Schedule 1/Page_Store/select_--Select--Adernaline 0.'

2018-05-15 19:01:23 - [MESSAGE][PASSED] - All options with index in [57] are selected on object 'Object Repository/Store Request Schedule 1/Page_Store/select_--Select--Adernaline 0.'

2018-05-15 19:01:23 - [TEST_STEP][PASSED] - setText: Text '100' is set on object 'Object Repository/Store Request Schedule 1/Page_Store/input_txttreat'

2018-05-15 19:01:23 - [MESSAGE][PASSED] - Text '100' is set on object 'Object Repository/Store Request Schedule 1/Page_Store/input_txttreat'

2018-05-15 19:01:23 - [TEST_STEP][PASSED] - click: Object: 'Object Repository/Store Request Schedule 1/Page_Store/button_Add' is clicked on

2018-05-15 19:01:23 - [MESSAGE][PASSED] - Object: 'Object Repository/Store Request Schedule 1/Page_Store/button_Add' is clicked on

2018-05-15 19:01:23 - [TEST_STEP][PASSED] - selectOptionByIndex: All options with index in [11] are selected on object 'Object Repository/Store Request Schedule 1/Page_Store/select_--Select--Schedule 1Inj'

2018-05-15 19:01:24 - [MESSAGE][PASSED] - All options with index in [11] are selected on object 'Object Repository/Store Request Schedule 1/Page_Store/select_--Select--Schedule 1Inj'

2018-05-15 19:01:24 - [TEST_STEP][PASSED] - delay: Delayed 1 second(s)

2018-05-15 19:01:25 - [MESSAGE][PASSED] - Delayed 1 second(s)

2018-05-15 19:01:25 - [TEST_STEP][PASSED] - selectOptionByIndex: All options with index in [58] are selected on object 'Object Repository/Store Request Schedule 1/Page_Store/select_--Select--Adernaline 0.'

2018-05-15 19:01:25 - [MESSAGE][PASSED] - All options with index in [58] are selected on object 'Object Repository/Store Request Schedule 1/Page_Store/select_--Select--Adernaline 0.'

2018-05-15 19:01:25 - [TEST_STEP][PASSED] - setText: Text '100' is set on object 'Object Repository/Store Request Schedule 1/Page_Store/input_txttreat'

2018-05-15 19:01:25 - [MESSAGE][PASSED] - Text '100' is set on object 'Object Repository/Store Request Schedule 1/Page_Store/input_txttreat'

2018-05-15 19:01:25 - [TEST_STEP][PASSED] - click: Object: 'Object Repository/Store Request Schedule 1/Page_Store/button_Add' is clicked on

2018-05-15 19:01:25 - [MESSAGE][PASSED] - Object: 'Object Repository/Store Request Schedule 1/Page_Store/button_Add' is clicked on

2018-05-15 19:01:25 - [TEST_STEP][PASSED] - selectOptionByIndex: All options with index in [11] are selected on object 'Object Repository/Store Request Schedule 1/Page_Store/select_--Select--Schedule 1Inj'

2018-05-15 19:01:26 - [MESSAGE][PASSED] - All options with index in [11] are selected on object 'Object Repository/Store Request Schedule 1/Page_Store/select_--Select--Schedule 1Inj'

2018-05-15 19:01:26 - [TEST_STEP][PASSED] - delay: Delayed 1 second(s)

2018-05-15 19:01:27 - [MESSAGE][PASSED] - Delayed 1 second(s)

2018-05-15 19:01:27 - [TEST_STEP][PASSED] - selectOptionByIndex: All options with index in [59] are selected on object 'Object Repository/Store Request Schedule 1/Page_Store/select_--Select--Adernaline 0.'

2018-05-15 19:01:28 - [MESSAGE][PASSED] - All options with index in [59] are selected on object 'Object Repository/Store Request Schedule 1/Page_Store/select_--Select--Adernaline 0.'

2018-05-15 19:01:28 - [TEST_STEP][PASSED] - setText: Text '100' is set on object 'Object Repository/Store Request Schedule 1/Page_Store/input_txttreat'

2018-05-15 19:01:28 - [MESSAGE][PASSED] - Text '100' is set on object 'Object Repository/Store Request Schedule 1/Page_Store/input_txttreat'

2018-05-15 19:01:28 - [TEST_STEP][PASSED] - click: Object: 'Object Repository/Store Request Schedule 1/Page_Store/button_Add' is clicked on

2018-05-15 19:01:28 - [MESSAGE][PASSED] - Object: 'Object Repository/Store Request Schedule 1/Page_Store/button_Add' is clicked on

2018-05-15 19:01:28 - [TEST_STEP][PASSED] - selectOptionByIndex: All options with index in [11] are selected on object 'Object Repository/Store Request Schedule 1/Page_Store/select_--Select--Schedule 1Inj'

2018-05-15 19:01:28 - [MESSAGE][PASSED] - All options with index in [11] are selected on object 'Object Repository/Store Request Schedule 1/Page_Store/select_--Select--Schedule 1Inj'

2018-05-15 19:01:28 - [TEST_STEP][PASSED] - delay: Delayed 1 second(s)

2018-05-15 19:01:29 - [MESSAGE][PASSED] - Delayed 1 second(s)

2018-05-15 19:01:29 - [TEST_STEP][PASSED] - selectOptionByIndex: All options with index in [60] are selected on object 'Object Repository/Store Request Schedule 1/Page_Store/select_--Select--Adernaline 0.'

2018-05-15 19:01:30 - [MESSAGE][PASSED] - All options with index in [60] are selected on object 'Object Repository/Store Request Schedule 1/Page_Store/select_--Select--Adernaline 0.'

2018-05-15 19:01:30 - [TEST_STEP][PASSED] - setText: Text '100' is set on object 'Object Repository/Store Request Schedule 1/Page_Store/input_txttreat'

2018-05-15 19:01:30 - [MESSAGE][PASSED] - Text '100' is set on object 'Object Repository/Store Request Schedule 1/Page_Store/input_txttreat'

2018-05-15 19:01:30 - [TEST_STEP][PASSED] - click: Object: 'Object Repository/Store Request Schedule 1/Page_Store/button_Add' is clicked on

2018-05-15 19:01:30 - [MESSAGE][PASSED] - Object: 'Object Repository/Store Request Schedule 1/Page_Store/button_Add' is clicked on

2018-05-15 19:01:30 - [TEST_STEP][PASSED] - selectOptionByIndex: All options with index in [11] are selected on object 'Object Repository/Store Request Schedule 1/Page_Store/select_--Select--Schedule 1Inj'

2018-05-15 19:01:30 - [MESSAGE][PASSED] - All options with index in [11] are selected on object 'Object Repository/Store Request Schedule 1/Page_Store/select_--Select--Schedule 1Inj'

2018-05-15 19:01:30 - [TEST_STEP][PASSED] - delay: Delayed 1 second(s)

2018-05-15 19:01:31 - [MESSAGE][PASSED] - Delayed 1 second(s)

2018-05-15 19:01:31 - [TEST_STEP][PASSED] - selectOptionByIndex: All options with index in [61] are selected on object 'Object Repository/Store Request Schedule 1/Page_Store/select_--Select--Adernaline 0.'

2018-05-15 19:01:32 - [MESSAGE][PASSED] - All options with index in [61] are selected on object 'Object Repository/Store Request Schedule 1/Page_Store/select_--Select--Adernaline 0.'

2018-05-15 19:01:32 - [TEST_STEP][PASSED] - setText: Text '100' is set on object 'Object Repository/Store Request Schedule 1/Page_Store/input_txttreat'

2018-05-15 19:01:32 - [MESSAGE][PASSED] - Text '100' is set on object 'Object Repository/Store Request Schedule 1/Page_Store/input_txttreat'

2018-05-15 19:01:32 - [TEST_STEP][PASSED] - click: Object: 'Object Repository/Store Request Schedule 1/Page_Store/button_Add' is clicked on

2018-05-15 19:01:32 - [MESSAGE][PASSED] - Object: 'Object Repository/Store Request Schedule 1/Page_Store/button_Add' is clicked on

2018-05-15 19:01:32 - [TEST_STEP][PASSED] - selectOptionByIndex: All options with index in [11] are selected on object 'Object Repository/Store Request Schedule 1/Page_Store/select_--Select--Schedule 1Inj'

2018-05-15 19:01:32 - [MESSAGE][PASSED] - All options with index in [11] are selected on object 'Object Repository/Store Request Schedule 1/Page_Store/select_--Select--Schedule 1Inj'

2018-05-15 19:01:32 - [TEST_STEP][PASSED] - delay: Delayed 1 second(s)

2018-05-15 19:01:33 - [MESSAGE][PASSED] - Delayed 1 second(s)

2018-05-15 19:01:33 - [TEST_STEP][PASSED] - selectOptionByIndex: All options with index in [62] are selected on object 'Object Repository/Store Request Schedule 1/Page_Store/select_--Select--Adernaline 0.'

2018-05-15 19:01:34 - [MESSAGE][PASSED] - All options with index in [62] are selected on object 'Object Repository/Store Request Schedule 1/Page_Store/select_--Select--Adernaline 0.'

2018-05-15 19:01:34 - [TEST_STEP][PASSED] - setText: Text '100' is set on object 'Object Repository/Store Request Schedule 1/Page_Store/input_txttreat'

2018-05-15 19:01:34 - [MESSAGE][PASSED] - Text '100' is set on object 'Object Repository/Store Request Schedule 1/Page_Store/input_txttreat'

2018-05-15 19:01:34 - [TEST_STEP][PASSED] - click: Object: 'Object Repository/Store Request Schedule 1/Page_Store/button_Add' is clicked on

2018-05-15 19:01:34 - [MESSAGE][PASSED] - Object: 'Object Repository/Store Request Schedule 1/Page_Store/button_Add' is clicked on

2018-05-15 19:01:34 - [TEST_STEP][PASSED] - selectOptionByIndex: All options with index in [11] are selected on object 'Object Repository/Store Request Schedule 1/Page_Store/select_--Select--Schedule 1Inj'

2018-05-15 19:01:34 - [MESSAGE][PASSED] - All options with index in [11] are selected on object 'Object Repository/Store Request Schedule 1/Page_Store/select_--Select--Schedule 1Inj'

2018-05-15 19:01:34 - [TEST_STEP][PASSED] - delay: Delayed 1 second(s)

2018-05-15 19:01:35 - [MESSAGE][PASSED] - Delayed 1 second(s)

2018-05-15 19:01:35 - [TEST_STEP][PASSED] - selectOptionByIndex: All options with index in [63] are selected on object 'Object Repository/Store Request Schedule 1/Page_Store/select_--Select--Adernaline 0.'

2018-05-15 19:01:36 - [MESSAGE][PASSED] - All options with index in [63] are selected on object 'Object Repository/Store Request Schedule 1/Page_Store/select_--Select--Adernaline 0.'

2018-05-15 19:01:36 - [TEST_STEP][PASSED] - setText: Text '100' is set on object 'Object Repository/Store Request Schedule 1/Page_Store/input_txttreat'

2018-05-15 19:01:36 - [MESSAGE][PASSED] - Text '100' is set on object 'Object Repository/Store Request Schedule 1/Page_Store/input_txttreat'

2018-05-15 19:01:36 - [TEST_STEP][PASSED] - click: Object: 'Object Repository/Store Request Schedule 1/Page_Store/button_Add' is clicked on

2018-05-15 19:01:36 - [MESSAGE][PASSED] - Object: 'Object Repository/Store Request Schedule 1/Page_Store/button_Add' is clicked on

2018-05-15 19:01:36 - [TEST_STEP][PASSED] - selectOptionByIndex: All options with index in [11] are selected on object 'Object Repository/Store Request Schedule 1/Page_Store/select_--Select--Schedule 1Inj'

2018-05-15 19:01:36 - [MESSAGE][PASSED] - All options with index in [11] are selected on object 'Object Repository/Store Request Schedule 1/Page_Store/select_--Select--Schedule 1Inj'

2018-05-15 19:01:36 - [TEST_STEP][PASSED] - delay: Delayed 1 second(s)

2018-05-15 19:01:37 - [MESSAGE][PASSED] - Delayed 1 second(s)

2018-05-15 19:01:37 - [TEST_STEP][PASSED] - selectOptionByIndex: All options with index in [64] are selected on object 'Object Repository/Store Request Schedule 1/Page_Store/select_--Select--Adernaline 0.'

2018-05-15 19:01:38 - [MESSAGE][PASSED] - All options with index in [64] are selected on object 'Object Repository/Store Request Schedule 1/Page_Store/select_--Select--Adernaline 0.'

2018-05-15 19:01:38 - [TEST_STEP][PASSED] - setText: Text '100' is set on object 'Object Repository/Store Request Schedule 1/Page_Store/input_txttreat'

2018-05-15 19:01:38 - [MESSAGE][PASSED] - Text '100' is set on object 'Object Repository/Store Request Schedule 1/Page_Store/input_txttreat'

2018-05-15 19:01:38 - [TEST_STEP][PASSED] - click: Object: 'Object Repository/Store Request Schedule 1/Page_Store/button_Add' is clicked on

2018-05-15 19:01:38 - [MESSAGE][PASSED] - Object: 'Object Repository/Store Request Schedule 1/Page_Store/button_Add' is clicked on

2018-05-15 19:01:38 - [TEST_STEP][PASSED] - selectOptionByIndex: All options with index in [11] are selected on object 'Object Repository/Store Request Schedule 1/Page_Store/select_--Select--Schedule 1Inj'

2018-05-15 19:01:38 - [MESSAGE][PASSED] - All options with index in [11] are selected on object 'Object Repository/Store Request Schedule 1/Page_Store/select_--Select--Schedule 1Inj'

2018-05-15 19:01:38 - [TEST_STEP][PASSED] - delay: Delayed 1 second(s)

2018-05-15 19:01:39 - [MESSAGE][PASSED] - Delayed 1 second(s)

2018-05-15 19:01:39 - [TEST_STEP][PASSED] - selectOptionByIndex: All options with index in [65] are selected on object 'Object Repository/Store Request Schedule 1/Page_Store/select_--Select--Adernaline 0.'

2018-05-15 19:01:40 - [MESSAGE][PASSED] - All options with index in [65] are selected on object 'Object Repository/Store Request Schedule 1/Page_Store/select_--Select--Adernaline 0.'

2018-05-15 19:01:40 - [TEST_STEP][PASSED] - setText: Text '100' is set on object 'Object Repository/Store Request Schedule 1/Page_Store/input_txttreat'

2018-05-15 19:01:40 - [MESSAGE][PASSED] - Text '100' is set on object 'Object Repository/Store Request Schedule 1/Page_Store/input_txttreat'

2018-05-15 19:01:40 - [TEST_STEP][PASSED] - click: Object: 'Object Repository/Store Request Schedule 1/Page_Store/button_Add' is clicked on

2018-05-15 19:01:40 - [MESSAGE][PASSED] - Object: 'Object Repository/Store Request Schedule 1/Page_Store/button_Add' is clicked on

2018-05-15 19:01:40 - [TEST_STEP][PASSED] - selectOptionByIndex: All options with index in [11] are selected on object 'Object Repository/Store Request Schedule 1/Page_Store/select_--Select--Schedule 1Inj'

2018-05-15 19:01:40 - [MESSAGE][PASSED] - All options with index in [11] are selected on object 'Object Repository/Store Request Schedule 1/Page_Store/select_--Select--Schedule 1Inj'

2018-05-15 19:01:40 - [TEST_STEP][PASSED] - delay: Delayed 1 second(s)

2018-05-15 19:01:41 - [MESSAGE][PASSED] - Delayed 1 second(s)

2018-05-15 19:01:41 - [TEST_STEP][PASSED] - selectOptionByIndex: All options with index in [66] are selected on object 'Object Repository/Store Request Schedule 1/Page_Store/select_--Select--Adernaline 0.'

2018-05-15 19:01:42 - [MESSAGE][PASSED] - All options with index in [66] are selected on object 'Object Repository/Store Request Schedule 1/Page_Store/select_--Select--Adernaline 0.'

2018-05-15 19:01:42 - [TEST_STEP][PASSED] - setText: Text '100' is set on object 'Object Repository/Store Request Schedule 1/Page_Store/input_txttreat'

2018-05-15 19:01:42 - [MESSAGE][PASSED] - Text '100' is set on object 'Object Repository/Store Request Schedule 1/Page_Store/input_txttreat'

2018-05-15 19:01:42 - [TEST_STEP][PASSED] - click: Object: 'Object Repository/Store Request Schedule 1/Page_Store/button_Add' is clicked on

2018-05-15 19:01:42 - [MESSAGE][PASSED] - Object: 'Object Repository/Store Request Schedule 1/Page_Store/button_Add' is clicked on

2018-05-15 19:01:42 - [TEST_STEP][PASSED] - selectOptionByIndex: All options with index in [11] are selected on object 'Object Repository/Store Request Schedule 1/Page_Store/select_--Select--Schedule 1Inj'

2018-05-15 19:01:42 - [MESSAGE][PASSED] - All options with index in [11] are selected on object 'Object Repository/Store Request Schedule 1/Page_Store/select_--Select--Schedule 1Inj'

2018-05-15 19:01:42 - [TEST_STEP][PASSED] - delay: Delayed 1 second(s)

2018-05-15 19:01:43 - [MESSAGE][PASSED] - Delayed 1 second(s)

2018-05-15 19:01:43 - [TEST_STEP][PASSED] - selectOptionByIndex: All options with index in [67] are selected on object 'Object Repository/Store Request Schedule 1/Page_Store/select_--Select--Adernaline 0.'

2018-05-15 19:01:44 - [MESSAGE][PASSED] - All options with index in [67] are selected on object 'Object Repository/Store Request Schedule 1/Page_Store/select_--Select--Adernaline 0.'

2018-05-15 19:01:44 - [TEST_STEP][PASSED] - setText: Text '100' is set on object 'Object Repository/Store Request Schedule 1/Page_Store/input_txttreat'

2018-05-15 19:01:44 - [MESSAGE][PASSED] - Text '100' is set on object 'Object Repository/Store Request Schedule 1/Page_Store/input_txttreat'

2018-05-15 19:01:44 - [TEST_STEP][PASSED] - click: Object: 'Object Repository/Store Request Schedule 1/Page_Store/button_Add' is clicked on

2018-05-15 19:01:44 - [MESSAGE][PASSED] - Object: 'Object Repository/Store Request Schedule 1/Page_Store/button_Add' is clicked on

2018-05-15 19:01:44 - [TEST_STEP][PASSED] - selectOptionByIndex: All options with index in [11] are selected on object 'Object Repository/Store Request Schedule 1/Page_Store/select_--Select--Schedule 1Inj'

2018-05-15 19:01:45 - [MESSAGE][PASSED] - All options with index in [11] are selected on object 'Object Repository/Store Request Schedule 1/Page_Store/select_--Select--Schedule 1Inj'

2018-05-15 19:01:45 - [TEST_STEP][PASSED] - delay: Delayed 1 second(s)

2018-05-15 19:01:46 - [MESSAGE][PASSED] - Delayed 1 second(s)

2018-05-15 19:01:46 - [TEST_STEP][PASSED] - selectOptionByIndex: All options with index in [68] are selected on object 'Object Repository/Store Request Schedule 1/Page_Store/select_--Select--Adernaline 0.'

2018-05-15 19:01:46 - [MESSAGE][PASSED] - All options with index in [68] are selected on object 'Object Repository/Store Request Schedule 1/Page_Store/select_--Select--Adernaline 0.'

2018-05-15 19:01:46 - [TEST_STEP][PASSED] - setText: Text '100' is set on object 'Object Repository/Store Request Schedule 1/Page_Store/input_txttreat'

2018-05-15 19:01:46 - [MESSAGE][PASSED] - Text '100' is set on object 'Object Repository/Store Request Schedule 1/Page_Store/input_txttreat'

2018-05-15 19:01:46 - [TEST_STEP][PASSED] - click: Object: 'Object Repository/Store Request Schedule 1/Page_Store/button_Add' is clicked on

2018-05-15 19:01:47 - [MESSAGE][PASSED] - Object: 'Object Repository/Store Request Schedule 1/Page_Store/button_Add' is clicked on

2018-05-15 19:01:47 - [TEST_STEP][PASSED] - selectOptionByIndex: All options with index in [11] are selected on object 'Object Repository/Store Request Schedule 1/Page_Store/select_--Select--Schedule 1Inj'

2018-05-15 19:01:47 - [MESSAGE][PASSED] - All options with index in [11] are selected on object 'Object Repository/Store Request Schedule 1/Page_Store/select_--Select--Schedule 1Inj'

2018-05-15 19:01:47 - [TEST_STEP][PASSED] - delay: Delayed 1 second(s)

2018-05-15 19:01:48 - [MESSAGE][PASSED] - Delayed 1 second(s)

2018-05-15 19:01:48 - [TEST_STEP][PASSED] - selectOptionByIndex: All options with index in [69] are selected on object 'Object Repository/Store Request Schedule 1/Page_Store/select_--Select--Adernaline 0.'

2018-05-15 19:01:49 - [MESSAGE][PASSED] - All options with index in [69] are selected on object 'Object Repository/Store Request Schedule 1/Page_Store/select_--Select--Adernaline 0.'

2018-05-15 19:01:49 - [TEST_STEP][PASSED] - setText: Text '100' is set on object 'Object Repository/Store Request Schedule 1/Page_Store/input_txttreat'

2018-05-15 19:01:49 - [MESSAGE][PASSED] - Text '100' is set on object 'Object Repository/Store Request Schedule 1/Page_Store/input_txttreat'

2018-05-15 19:01:49 - [TEST_STEP][PASSED] - click: Object: 'Object Repository/Store Request Schedule 1/Page_Store/button_Add' is clicked on

2018-05-15 19:01:49 - [MESSAGE][PASSED] - Object: 'Object Repository/Store Request Schedule 1/Page_Store/button_Add' is clicked on

2018-05-15 19:01:49 - [TEST_STEP][PASSED] - selectOptionByIndex: All options with index in [11] are selected on object 'Object Repository/Store Request Schedule 1/Page_Store/select_--Select--Schedule 1Inj'

2018-05-15 19:01:49 - [MESSAGE][PASSED] - All options with index in [11] are selected on object 'Object Repository/Store Request Schedule 1/Page_Store/select_--Select--Schedule 1Inj'

2018-05-15 19:01:49 - [TEST_STEP][PASSED] - delay: Delayed 1 second(s)

2018-05-15 19:01:50 - [MESSAGE][PASSED] - Delayed 1 second(s)

2018-05-15 19:01:50 - [TEST_STEP][PASSED] - selectOptionByIndex: All options with index in [70] are selected on object 'Object Repository/Store Request Schedule 1/Page_Store/select_--Select--Adernaline 0.'

2018-05-15 19:01:51 - [MESSAGE][PASSED] - All options with index in [70] are selected on object 'Object Repository/Store Request Schedule 1/Page_Store/select_--Select--Adernaline 0.'

2018-05-15 19:01:51 - [TEST_STEP][PASSED] - setText: Text '100' is set on object 'Object Repository/Store Request Schedule 1/Page_Store/input_txttreat'

2018-05-15 19:01:51 - [MESSAGE][PASSED] - Text '100' is set on object 'Object Repository/Store Request Schedule 1/Page_Store/input_txttreat'

2018-05-15 19:01:51 - [TEST_STEP][PASSED] - click: Object: 'Object Repository/Store Request Schedule 1/Page_Store/button_Add' is clicked on

2018-05-15 19:01:51 - [MESSAGE][PASSED] - Object: 'Object Repository/Store Request Schedule 1/Page_Store/button_Add' is clicked on

2018-05-15 19:01:51 - [TEST_STEP][PASSED] - selectOptionByIndex: All options with index in [11] are selected on object 'Object Repository/Store Request Schedule 1/Page_Store/select_--Select--Schedule 1Inj'

2018-05-15 19:01:51 - [MESSAGE][PASSED] - All options with index in [11] are selected on object 'Object Repository/Store Request Schedule 1/Page_Store/select_--Select--Schedule 1Inj'

2018-05-15 19:01:51 - [TEST_STEP][PASSED] - delay: Delayed 1 second(s)

2018-05-15 19:01:52 - [MESSAGE][PASSED] - Delayed 1 second(s)

2018-05-15 19:01:52 - [TEST_STEP][PASSED] - selectOptionByIndex: All options with index in [71] are selected on object 'Object Repository/Store Request Schedule 1/Page_Store/select_--Select--Adernaline 0.'

2018-05-15 19:01:53 - [MESSAGE][PASSED] - All options with index in [71] are selected on object 'Object Repository/Store Request Schedule 1/Page_Store/select_--Select--Adernaline 0.'

2018-05-15 19:01:53 - [TEST_STEP][PASSED] - setText: Text '100' is set on object 'Object Repository/Store Request Schedule 1/Page_Store/input_txttreat'

2018-05-15 19:01:53 - [MESSAGE][PASSED] - Text '100' is set on object 'Object Repository/Store Request Schedule 1/Page_Store/input_txttreat'

2018-05-15 19:01:53 - [TEST_STEP][PASSED] - click: Object: 'Object Repository/Store Request Schedule 1/Page_Store/button_Add' is clicked on

2018-05-15 19:01:53 - [MESSAGE][PASSED] - Object: 'Object Repository/Store Request Schedule 1/Page_Store/button_Add' is clicked on

2018-05-15 19:01:53 - [TEST_STEP][PASSED] - selectOptionByIndex: All options with index in [11] are selected on object 'Object Repository/Store Request Schedule 1/Page_Store/select_--Select--Schedule 1Inj'

2018-05-15 19:01:53 - [MESSAGE][PASSED] - All options with index in [11] are selected on object 'Object Repository/Store Request Schedule 1/Page_Store/select_--Select--Schedule 1Inj'

2018-05-15 19:01:53 - [TEST_STEP][PASSED] - delay: Delayed 1 second(s)

2018-05-15 19:01:54 - [MESSAGE][PASSED] - Delayed 1 second(s)

2018-05-15 19:01:54 - [TEST_STEP][PASSED] - selectOptionByIndex: All options with index in [72] are selected on object 'Object Repository/Store Request Schedule 1/Page_Store/select_--Select--Adernaline 0.'

2018-05-15 19:01:55 - [MESSAGE][PASSED] - All options with index in [72] are selected on object 'Object Repository/Store Request Schedule 1/Page_Store/select_--Select--Adernaline 0.'

2018-05-15 19:01:55 - [TEST_STEP][PASSED] - setText: Text '100' is set on object 'Object Repository/Store Request Schedule 1/Page_Store/input_txttreat'

2018-05-15 19:01:55 - [MESSAGE][PASSED] - Text '100' is set on object 'Object Repository/Store Request Schedule 1/Page_Store/input_txttreat'

2018-05-15 19:01:55 - [TEST_STEP][PASSED] - click: Object: 'Object Repository/Store Request Schedule 1/Page_Store/button_Add' is clicked on

2018-05-15 19:01:55 - [MESSAGE][PASSED] - Object: 'Object Repository/Store Request Schedule 1/Page_Store/button_Add' is clicked on

2018-05-15 19:01:55 - [TEST_STEP][PASSED] - selectOptionByIndex: All options with index in [11] are selected on object 'Object Repository/Store Request Schedule 1/Page_Store/select_--Select--Schedule 1Inj'

2018-05-15 19:01:55 - [MESSAGE][PASSED] - All options with index in [11] are selected on object 'Object Repository/Store Request Schedule 1/Page_Store/select_--Select--Schedule 1Inj'

2018-05-15 19:01:55 - [TEST_STEP][PASSED] - delay: Delayed 1 second(s)

2018-05-15 19:01:56 - [MESSAGE][PASSED] - Delayed 1 second(s)

2018-05-15 19:01:56 - [TEST_STEP][PASSED] - selectOptionByIndex: All options with index in [73] are selected on object 'Object Repository/Store Request Schedule 1/Page_Store/select_--Select--Adernaline 0.'

2018-05-15 19:01:57 - [MESSAGE][PASSED] - All options with index in [73] are selected on object 'Object Repository/Store Request Schedule 1/Page_Store/select_--Select--Adernaline 0.'

2018-05-15 19:01:57 - [TEST_STEP][PASSED] - setText: Text '100' is set on object 'Object Repository/Store Request Schedule 1/Page_Store/input_txttreat'

2018-05-15 19:01:57 - [MESSAGE][PASSED] - Text '100' is set on object 'Object Repository/Store Request Schedule 1/Page_Store/input_txttreat'

2018-05-15 19:01:57 - [TEST_STEP][PASSED] - click: Object: 'Object Repository/Store Request Schedule 1/Page_Store/button_Add' is clicked on

2018-05-15 19:01:57 - [MESSAGE][PASSED] - Object: 'Object Repository/Store Request Schedule 1/Page_Store/button_Add' is clicked on

2018-05-15 19:01:57 - [TEST_STEP][PASSED] - selectOptionByIndex: All options with index in [11] are selected on object 'Object Repository/Store Request Schedule 1/Page_Store/select_--Select--Schedule 1Inj'

2018-05-15 19:01:58 - [MESSAGE][PASSED] - All options with index in [11] are selected on object 'Object Repository/Store Request Schedule 1/Page_Store/select_--Select--Schedule 1Inj'

2018-05-15 19:01:58 - [TEST_STEP][PASSED] - delay: Delayed 1 second(s)

2018-05-15 19:01:59 - [MESSAGE][PASSED] - Delayed 1 second(s)

2018-05-15 19:01:59 - [TEST_STEP][PASSED] - selectOptionByIndex: All options with index in [74] are selected on object 'Object Repository/Store Request Schedule 1/Page_Store/select_--Select--Adernaline 0.'

2018-05-15 19:01:59 - [MESSAGE][PASSED] - All options with index in [74] are selected on object 'Object Repository/Store Request Schedule 1/Page_Store/select_--Select--Adernaline 0.'

2018-05-15 19:01:59 - [TEST_STEP][PASSED] - setText: Text '100' is set on object 'Object Repository/Store Request Schedule 1/Page_Store/input_txttreat'

2018-05-15 19:01:59 - [MESSAGE][PASSED] - Text '100' is set on object 'Object Repository/Store Request Schedule 1/Page_Store/input_txttreat'

2018-05-15 19:01:59 - [TEST_STEP][PASSED] - click: Object: 'Object Repository/Store Request Schedule 1/Page_Store/button_Add' is clicked on

2018-05-15 19:02:00 - [MESSAGE][PASSED] - Object: 'Object Repository/Store Request Schedule 1/Page_Store/button_Add' is clicked on

2018-05-15 19:02:00 - [TEST_STEP][PASSED] - selectOptionByIndex: All options with index in [11] are selected on object 'Object Repository/Store Request Schedule 1/Page_Store/select_--Select--Schedule 1Inj'

2018-05-15 19:02:00 - [MESSAGE][PASSED] - All options with index in [11] are selected on object 'Object Repository/Store Request Schedule 1/Page_Store/select_--Select--Schedule 1Inj'

2018-05-15 19:02:00 - [TEST_STEP][PASSED] - delay: Delayed 1 second(s)

2018-05-15 19:02:01 - [MESSAGE][PASSED] - Delayed 1 second(s)

2018-05-15 19:02:01 - [TEST_STEP][PASSED] - selectOptionByIndex: All options with index in [75] are selected on object 'Object Repository/Store Request Schedule 1/Page_Store/select_--Select--Adernaline 0.'

2018-05-15 19:02:02 - [MESSAGE][PASSED] - All options with index in [75] are selected on object 'Object Repository/Store Request Schedule 1/Page_Store/select_--Select--Adernaline 0.'

2018-05-15 19:02:02 - [TEST_STEP][PASSED] - setText: Text '100' is set on object 'Object Repository/Store Request Schedule 1/Page_Store/input_txttreat'

2018-05-15 19:02:02 - [MESSAGE][PASSED] - Text '100' is set on object 'Object Repository/Store Request Schedule 1/Page_Store/input_txttreat'

2018-05-15 19:02:02 - [TEST_STEP][PASSED] - click: Object: 'Object Repository/Store Request Schedule 1/Page_Store/button_Add' is clicked on

2018-05-15 19:02:02 - [MESSAGE][PASSED] - Object: 'Object Repository/Store Request Schedule 1/Page_Store/button_Add' is clicked on

2018-05-15 19:02:02 - [TEST_STEP][PASSED] - selectOptionByIndex: All options with index in [11] are selected on object 'Object Repository/Store Request Schedule 1/Page_Store/select_--Select--Schedule 1Inj'

2018-05-15 19:02:02 - [MESSAGE][PASSED] - All options with index in [11] are selected on object 'Object Repository/Store Request Schedule 1/Page_Store/select_--Select--Schedule 1Inj'

2018-05-15 19:02:02 - [TEST_STEP][PASSED] - delay: Delayed 1 second(s)

2018-05-15 19:02:03 - [MESSAGE][PASSED] - Delayed 1 second(s)

2018-05-15 19:02:03 - [TEST_STEP][PASSED] - selectOptionByIndex: All options with index in [76] are selected on object 'Object Repository/Store Request Schedule 1/Page_Store/select_--Select--Adernaline 0.'

2018-05-15 19:02:04 - [MESSAGE][PASSED] - All options with index in [76] are selected on object 'Object Repository/Store Request Schedule 1/Page_Store/select_--Select--Adernaline 0.'

2018-05-15 19:02:04 - [TEST_STEP][PASSED] - setText: Text '100' is set on object 'Object Repository/Store Request Schedule 1/Page_Store/input_txttreat'

2018-05-15 19:02:04 - [MESSAGE][PASSED] - Text '100' is set on object 'Object Repository/Store Request Schedule 1/Page_Store/input_txttreat'

2018-05-15 19:02:04 - [TEST_STEP][PASSED] - click: Object: 'Object Repository/Store Request Schedule 1/Page_Store/button_Add' is clicked on

2018-05-15 19:02:04 - [MESSAGE][PASSED] - Object: 'Object Repository/Store Request Schedule 1/Page_Store/button_Add' is clicked on

2018-05-15 19:02:04 - [TEST_STEP][PASSED] - selectOptionByIndex: All options with index in [11] are selected on object 'Object Repository/Store Request Schedule 1/Page_Store/select_--Select--Schedule 1Inj'

2018-05-15 19:02:04 - [MESSAGE][PASSED] - All options with index in [11] are selected on object 'Object Repository/Store Request Schedule 1/Page_Store/select_--Select--Schedule 1Inj'

2018-05-15 19:02:04 - [TEST_STEP][PASSED] - delay: Delayed 1 second(s)

2018-05-15 19:02:05 - [MESSAGE][PASSED] - Delayed 1 second(s)

2018-05-15 19:02:05 - [TEST_STEP][PASSED] - selectOptionByIndex: All options with index in [77] are selected on object 'Object Repository/Store Request Schedule 1/Page_Store/select_--Select--Adernaline 0.'

2018-05-15 19:02:06 - [MESSAGE][PASSED] - All options with index in [77] are selected on object 'Object Repository/Store Request Schedule 1/Page_Store/select_--Select--Adernaline 0.'

2018-05-15 19:02:06 - [TEST_STEP][PASSED] - setText: Text '100' is set on object 'Object Repository/Store Request Schedule 1/Page_Store/input_txttreat'

2018-05-15 19:02:06 - [MESSAGE][PASSED] - Text '100' is set on object 'Object Repository/Store Request Schedule 1/Page_Store/input_txttreat'

2018-05-15 19:02:06 - [TEST_STEP][PASSED] - click: Object: 'Object Repository/Store Request Schedule 1/Page_Store/button_Add' is clicked on

2018-05-15 19:02:06 - [MESSAGE][PASSED] - Object: 'Object Repository/Store Request Schedule 1/Page_Store/button_Add' is clicked on

2018-05-15 19:02:06 - [TEST_STEP][PASSED] - selectOptionByIndex: All options with index in [11] are selected on object 'Object Repository/Store Request Schedule 1/Page_Store/select_--Select--Schedule 1Inj'

2018-05-15 19:02:07 - [MESSAGE][PASSED] - All options with index in [11] are selected on object 'Object Repository/Store Request Schedule 1/Page_Store/select_--Select--Schedule 1Inj'

2018-05-15 19:02:07 - [TEST_STEP][PASSED] - delay: Delayed 1 second(s)

2018-05-15 19:02:08 - [MESSAGE][PASSED] - Delayed 1 second(s)

2018-05-15 19:02:08 - [TEST_STEP][PASSED] - selectOptionByIndex: All options with index in [78] are selected on object 'Object Repository/Store Request Schedule 1/Page_Store/select_--Select--Adernaline 0.'

2018-05-15 19:02:08 - [MESSAGE][PASSED] - All options with index in [78] are selected on object 'Object Repository/Store Request Schedule 1/Page_Store/select_--Select--Adernaline 0.'

2018-05-15 19:02:08 - [TEST_STEP][PASSED] - setText: Text '100' is set on object 'Object Repository/Store Request Schedule 1/Page_Store/input_txttreat'

2018-05-15 19:02:09 - [MESSAGE][PASSED] - Text '100' is set on object 'Object Repository/Store Request Schedule 1/Page_Store/input_txttreat'

2018-05-15 19:02:09 - [TEST_STEP][PASSED] - click: Object: 'Object Repository/Store Request Schedule 1/Page_Store/button_Add' is clicked on

2018-05-15 19:02:09 - [MESSAGE][PASSED] - Object: 'Object Repository/Store Request Schedule 1/Page_Store/button_Add' is clicked on

2018-05-15 19:02:09 - [TEST_STEP][PASSED] - selectOptionByIndex: All options with index in [11] are selected on object 'Object Repository/Store Request Schedule 1/Page_Store/select_--Select--Schedule 1Inj'

2018-05-15 19:02:09 - [MESSAGE][PASSED] - All options with index in [11] are selected on object 'Object Repository/Store Request Schedule 1/Page_Store/select_--Select--Schedule 1Inj'

2018-05-15 19:02:09 - [TEST_STEP][PASSED] - delay: Delayed 1 second(s)

2018-05-15 19:02:10 - [MESSAGE][PASSED] - Delayed 1 second(s)

2018-05-15 19:02:10 - [TEST_STEP][PASSED] - selectOptionByIndex: All options with index in [79] are selected on object 'Object Repository/Store Request Schedule 1/Page_Store/select_--Select--Adernaline 0.'

2018-05-15 19:02:11 - [MESSAGE][PASSED] - All options with index in [79] are selected on object 'Object Repository/Store Request Schedule 1/Page_Store/select_--Select--Adernaline 0.'

2018-05-15 19:02:11 - [TEST_STEP][PASSED] - setText: Text '100' is set on object 'Object Repository/Store Request Schedule 1/Page_Store/input_txttreat'

2018-05-15 19:02:11 - [MESSAGE][PASSED] - Text '100' is set on object 'Object Repository/Store Request Schedule 1/Page_Store/input_txttreat'

2018-05-15 19:02:11 - [TEST_STEP][PASSED] - click: Object: 'Object Repository/Store Request Schedule 1/Page_Store/button_Add' is clicked on

2018-05-15 19:02:11 - [MESSAGE][PASSED] - Object: 'Object Repository/Store Request Schedule 1/Page_Store/button_Add' is clicked on

2018-05-15 19:02:11 - [TEST_STEP][PASSED] - selectOptionByIndex: All options with index in [11] are selected on object 'Object Repository/Store Request Schedule 1/Page_Store/select_--Select--Schedule 1Inj'

2018-05-15 19:02:11 - [MESSAGE][PASSED] - All options with index in [11] are selected on object 'Object Repository/Store Request Schedule 1/Page_Store/select_--Select--Schedule 1Inj'

2018-05-15 19:02:11 - [TEST_STEP][PASSED] - delay: Delayed 1 second(s)

2018-05-15 19:02:12 - [MESSAGE][PASSED] - Delayed 1 second(s)

2018-05-15 19:02:12 - [TEST_STEP][PASSED] - selectOptionByIndex: All options with index in [80] are selected on object 'Object Repository/Store Request Schedule 1/Page_Store/select_--Select--Adernaline 0.'

2018-05-15 19:02:13 - [MESSAGE][PASSED] - All options with index in [80] are selected on object 'Object Repository/Store Request Schedule 1/Page_Store/select_--Select--Adernaline 0.'

2018-05-15 19:02:13 - [TEST_STEP][PASSED] - setText: Text '100' is set on object 'Object Repository/Store Request Schedule 1/Page_Store/input_txttreat'

2018-05-15 19:02:13 - [MESSAGE][PASSED] - Text '100' is set on object 'Object Repository/Store Request Schedule 1/Page_Store/input_txttreat'

2018-05-15 19:02:13 - [TEST_STEP][PASSED] - click: Object: 'Object Repository/Store Request Schedule 1/Page_Store/button_Add' is clicked on

2018-05-15 19:02:13 - [MESSAGE][PASSED] - Object: 'Object Repository/Store Request Schedule 1/Page_Store/button_Add' is clicked on

2018-05-15 19:02:13 - [TEST_STEP][PASSED] - delay: Delayed 2 second(s)

2018-05-15 19:02:15 - [MESSAGE][PASSED] - Delayed 2 second(s)

2018-05-15 19:02:15 - [TEST_STEP][PASSED] - scrollToElement: Scroll to object 'Object Repository/Store Request Schedule 1/Page_Store/input_btnsave' successfully

2018-05-15 19:02:15 - [MESSAGE][PASSED] - Scroll to object 'Object Repository/Store Request Schedule 1/Page_Store/input_btnsave' successfully

2018-05-15 19:02:15 - [TEST_STEP][PASSED] - click: Object: 'Object Repository/Store Request Schedule 1/Page_Store/input_btnsave' is clicked on

2018-05-15 19:02:15 - [MESSAGE][PASSED] - Object: 'Object Repository/Store Request Schedule 1/Page_Store/input_btnsave' is clicked on

2018-05-15 19:02:15 - [TEST_STEP][PASSED] - delay: Delayed 4 second(s)

2018-05-15 19:02:19 - [MESSAGE][PASSED] - Delayed 4 second(s)

2018-05-15 19:02:19 - [TEST_STEP][PASSED] - Statement - Cms_RequestNumber = com.kms.katalon.core.webui.keyword.WebUiBuiltInKeywords.getText(com.kms.katalon.core.testobject.ObjectRepository.findTestObject(Store Request Schedule 1/Page_Store/font_PRNO050520189)): Text of object 'Object Repository/Store Request Schedule 1/Page_Store/font_PRNO050520189' is: 'PRNO/15052018/157'

2018-05-15 19:02:19 - [MESSAGE][PASSED] - Text of object 'Object Repository/Store Request Schedule 1/Page_Store/font_PRNO050520189' is: 'PRNO/15052018/157'

2018-05-15 19:02:19 - [TEST_STEP][PASSED] - Statement - CR = Cms_RequestNumber.trim(): null

2018-05-15 19:02:19 - [TEST_STEP][PASSED] - Statement - out.println("RQ :" + Cms_RequestNumber): null

2018-05-15 19:02:19 - [TEST_STEP][PASSED] - Statement - RequestNumberID = Cms_RequestNumber.split("/")[2].trim(): null

2018-05-15 19:02:19 - [TEST_STEP][PASSED] - Statement - out.println("RQ ID :" + RequestNumberID): null

2018-05-15 19:02:19 - [TEST_STEP][PASSED] - delay: Delayed 3 second(s)

2018-05-15 19:02:22 - [MESSAGE][PASSED] - Delayed 3 second(s)

2018-05-15 19:02:22 - [TEST_STEP][PASSED] - Statement - ok = com.kms.katalon.core.webui.keyword.WebUiBuiltInKeywords.click(com.kms.katalon.core.testobject.ObjectRepository.findTestObject(Store Request Schedule 1/Page_Store/button_OK)): Object: 'Object Repository/Store Request Schedule 1/Page_Store/button_OK' is clicked on

2018-05-15 19:02:23 - [MESSAGE][PASSED] - Object: 'Object Repository/Store Request Schedule 1/Page_Store/button_OK' is clicked on

2018-05-15 19:02:23 - [TEST_STEP][PASSED] - delay: Delayed 3 second(s)

2018-05-15 19:02:26 - [MESSAGE][PASSED] - Delayed 3 second(s)

2018-05-15 19:02:26 - [TEST_STEP][PASSED] - click: Object: 'Object Repository/Store Request Schedule 1/Page_Store/a_dropdown-toggle' is clicked on

2018-05-15 19:02:26 - [MESSAGE][PASSED] - Object: 'Object Repository/Store Request Schedule 1/Page_Store/a_dropdown-toggle' is clicked on

2018-05-15 19:02:26 - [TEST_STEP][PASSED] - click: Object: 'Object Repository/Store Request Schedule 1/Page_Store/a_Sign out' is clicked on

2018-05-15 19:02:27 - [MESSAGE][PASSED] - Object: 'Object Repository/Store Request Schedule 1/Page_Store/a_Sign out' is clicked on

2018-05-15 19:02:27 - [TEST_STEP][PASSED] - delay: Delayed 3 second(s)

2018-05-15 19:02:30 - [MESSAGE][PASSED] - Delayed 3 second(s)

2018-05-15 19:02:30 - [TEST_STEP][PASSED] - click: Object: 'Object Repository/Store Request Schedule 1/Page_KDMC/a_CMO' is clicked on

2018-05-15 19:02:31 - [MESSAGE][PASSED] - Object: 'Object Repository/Store Request Schedule 1/Page_KDMC/a_CMO' is clicked on

2018-05-15 19:02:31 - [TEST_STEP][PASSED] - setText: Text 'guru' is set on object 'Object Repository/Store Request Schedule 1/Page_CMO login/input_txtusername'

2018-05-15 19:02:31 - [MESSAGE][PASSED] - Text 'guru' is set on object 'Object Repository/Store Request Schedule 1/Page_CMO login/input_txtusername'

2018-05-15 19:02:31 - [TEST_STEP][PASSED] - setText: Text '123' is set on object 'Object Repository/Store Request Schedule 1/Page_CMO login/input_txtpassword'

2018-05-15 19:02:31 - [MESSAGE][PASSED] - Text '123' is set on object 'Object Repository/Store Request Schedule 1/Page_CMO login/input_txtpassword'

2018-05-15 19:02:31 - [TEST_STEP][PASSED] - delay: Delayed 3 second(s)

2018-05-15 19:02:34 - [MESSAGE][PASSED] - Delayed 3 second(s)

2018-05-15 19:02:34 - [TEST_STEP][PASSED] - click: Object: 'Object Repository/Store Request Schedule 1/Page_CMO login/button_Sign in' is clicked on

2018-05-15 19:02:35 - [MESSAGE][PASSED] - Object: 'Object Repository/Store Request Schedule 1/Page_CMO login/button_Sign in' is clicked on

2018-05-15 19:02:35 - [TEST_STEP][PASSED] - delay: Delayed 2 second(s)

2018-05-15 19:02:37 - [MESSAGE][PASSED] - Delayed 2 second(s)

2018-05-15 19:02:37 - [TEST_STEP][PASSED] - click: Object: 'Object Repository/Store Request Schedule 1/Page_KDMC - CMO/span_Department Wise Request' is clicked on

2018-05-15 19:02:37 - [MESSAGE][PASSED] - Object: 'Object Repository/Store Request Schedule 1/Page_KDMC - CMO/span_Department Wise Request' is clicked on

2018-05-15 19:02:37 - [TEST_STEP][PASSED] - click: Object: 'Object Repository/Store Request Schedule 1/Page_KDMC - CMO/a_CMS Request' is clicked on

2018-05-15 19:02:37 - [MESSAGE][PASSED] - Object: 'Object Repository/Store Request Schedule 1/Page_KDMC - CMO/a_CMS Request' is clicked on

2018-05-15 19:02:37 - [TEST_STEP][PASSED] - click: Object: 'Object Repository/Store Request Schedule 1/Page_KDMC - CMO/a_CMS Request' is clicked on

2018-05-15 19:02:37 - [MESSAGE][PASSED] - Object: 'Object Repository/Store Request Schedule 1/Page_KDMC - CMO/a_CMS Request' is clicked on

2018-05-15 19:02:37 - [TEST_STEP][PASSED] - click: Object: 'Object Repository/Store Request Schedule 1/Page_KDMC - CMO/span_Divisional Store Request' is clicked on

2018-05-15 19:02:39 - [MESSAGE][PASSED] - Object: 'Object Repository/Store Request Schedule 1/Page_KDMC - CMO/span_Divisional Store Request' is clicked on

2018-05-15 19:02:39 - [TEST_STEP][PASSED] - delay: Delayed 2 second(s)

2018-05-15 19:02:41 - [MESSAGE][PASSED] - Delayed 2 second(s)

2018-05-15 19:02:41 - [TEST_STEP][PASSED] - Statement - approval = com.kms.katalon.core.webui.keyword.WebUiBuiltInKeywords.modifyObjectProperty(com.kms.katalon.core.testobject.ObjectRepository.findTestObject(Store Request Schedule 1/Page_KDMC - CMO/input_PRNO050520189), "xpath", "equals", "//*[@id=" + RequestNumberID + "]", true): Modify property of object successfully

2018-05-15 19:02:41 - [MESSAGE][PASSED] - Modify property of object successfully

2018-05-15 19:02:41 - [TEST_STEP][PASSED] - click: Object: 'Object Repository/Store Request Schedule 1/Page_KDMC - CMO/input_PRNO050520189' is clicked on

2018-05-15 19:02:41 - [MESSAGE][PASSED] - Object: 'Object Repository/Store Request Schedule 1/Page_KDMC - CMO/input_PRNO050520189' is clicked on

2018-05-15 19:02:41 - [TEST_STEP][PASSED] - delay: Delayed 2 second(s)

2018-05-15 19:02:43 - [MESSAGE][PASSED] - Delayed 2 second(s)

2018-05-15 19:02:43 - [TEST_STEP][PASSED] - selectOptionByIndex: All options with index in [1] are selected on object 'Object Repository/Store Request Schedule 1/Page_KDMC - CMO/select_--Select--'

2018-05-15 19:02:43 - [MESSAGE][PASSED] - All options with index in [1] are selected on object 'Object Repository/Store Request Schedule 1/Page_KDMC - CMO/select_--Select--'

2018-05-15 19:02:43 - [TEST_STEP][PASSED] - click: Object: 'Object Repository/Store Request Schedule 1/Page_KDMC - CMO/input_btnupdate' is clicked on

2018-05-15 19:02:43 - [MESSAGE][PASSED] - Object: 'Object Repository/Store Request Schedule 1/Page_KDMC - CMO/input_btnupdate' is clicked on

2018-05-15 19:02:43 - [TEST_STEP][PASSED] - delay: Delayed 2 second(s)

2018-05-15 19:02:45 - [MESSAGE][PASSED] - Delayed 2 second(s)

2018-05-15 19:02:45 - [TEST_STEP][PASSED] - click: Object: 'Object Repository/Store Request Schedule 1/Page_KDMC - CMO/button_OK' is clicked on

2018-05-15 19:02:45 - [MESSAGE][PASSED] - Object: 'Object Repository/Store Request Schedule 1/Page_KDMC - CMO/button_OK' is clicked on

2018-05-15 19:02:45 - [TEST_STEP][PASSED] - delay: Delayed 2 second(s)

2018-05-15 19:02:47 - [MESSAGE][PASSED] - Delayed 2 second(s)

2018-05-15 19:02:47 - [TEST_STEP][PASSED] - click: Object: 'Object Repository/Store Request Schedule 1/Page_KDMC - CMO/a_dropdown-toggle' is clicked on

2018-05-15 19:02:47 - [MESSAGE][PASSED] - Object: 'Object Repository/Store Request Schedule 1/Page_KDMC - CMO/a_dropdown-toggle' is clicked on

2018-05-15 19:02:47 - [TEST_STEP][PASSED] - click: Object: 'Object Repository/Store Request Schedule 1/Page_KDMC - CMO/a_Sign out' is clicked on

2018-05-15 19:02:48 - [MESSAGE][PASSED] - Object: 'Object Repository/Store Request Schedule 1/Page_KDMC - CMO/a_Sign out' is clicked on

2018-05-15 19:02:48 - [TEST_STEP][PASSED] - delay: Delayed 3 second(s)

2018-05-15 19:02:51 - [MESSAGE][PASSED] - Delayed 3 second(s)

2018-05-15 19:02:51 - [TEST_STEP][PASSED] - click: Object: 'Object Repository/store Request Schedule 1/Page_KDMC/a_CMS' is clicked on

2018-05-15 19:02:51 - [MESSAGE][PASSED] - Object: 'Object Repository/store Request Schedule 1/Page_KDMC/a_CMS' is clicked on

2018-05-15 19:02:51 - [TEST_STEP][PASSED] - setText: Text 'bala' is set on object 'Object Repository/store Request Schedule 1/Page_CMS login/input_txtusername'

2018-05-15 19:02:51 - [MESSAGE][PASSED] - Text 'bala' is set on object 'Object Repository/store Request Schedule 1/Page_CMS login/input_txtusername'

2018-05-15 19:02:51 - [TEST_STEP][PASSED] - setText: Text '123' is set on object 'Object Repository/store Request Schedule 1/Page_CMS login/input_txtpassword'

2018-05-15 19:02:51 - [MESSAGE][PASSED] - Text '123' is set on object 'Object Repository/store Request Schedule 1/Page_CMS login/input_txtpassword'

2018-05-15 19:02:51 - [TEST_STEP][PASSED] - delay: Delayed 3 second(s)

2018-05-15 19:02:54 - [MESSAGE][PASSED] - Delayed 3 second(s)

2018-05-15 19:02:54 - [TEST_STEP][PASSED] - click: Object: 'Object Repository/store Request Schedule 1/Page_CMS login/button_Sign in' is clicked on

2018-05-15 19:02:55 - [MESSAGE][PASSED] - Object: 'Object Repository/store Request Schedule 1/Page_CMS login/button_Sign in' is clicked on

2018-05-15 19:02:55 - [TEST_STEP][PASSED] - delay: Delayed 2 second(s)

2018-05-15 19:02:57 - [MESSAGE][PASSED] - Delayed 2 second(s)

2018-05-15 19:02:57 - [TEST_STEP][PASSED] - click: Object: 'Object Repository/store Request Schedule 1/Page_KDMC - CMS/a_Divisional Store' is clicked on

2018-05-15 19:02:57 - [MESSAGE][PASSED] - Object: 'Object Repository/store Request Schedule 1/Page_KDMC - CMS/a_Divisional Store' is clicked on

2018-05-15 19:02:57 - [TEST_STEP][PASSED] - delay: Delayed 2 second(s)

2018-05-15 19:02:59 - [MESSAGE][PASSED] - Delayed 2 second(s)

2018-05-15 19:02:59 - [TEST_STEP][PASSED] - click: Object: 'Object Repository/store Request Schedule 1/Page_KDMC - CMS/a_Dispatch Items' is clicked on

2018-05-15 19:02:59 - [MESSAGE][PASSED] - Object: 'Object Repository/store Request Schedule 1/Page_KDMC - CMS/a_Dispatch Items' is clicked on

2018-05-15 19:02:59 - [TEST_STEP][PASSED] - setText: Text 'PRNO/15052018/157' is set on object 'Object Repository/store Request Schedule 1/Page_KDMC - CMS/input'

2018-05-15 19:03:00 - [MESSAGE][PASSED] - Text 'PRNO/15052018/157' is set on object 'Object Repository/store Request Schedule 1/Page_KDMC - CMS/input'

2018-05-15 19:03:00 - [TEST_STEP][PASSED] - click: Object: 'Object Repository/store Request Schedule 1/Page_KDMC - CMS/td_text-center' is clicked on

2018-05-15 19:03:00 - [MESSAGE][PASSED] - Object: 'Object Repository/store Request Schedule 1/Page_KDMC - CMS/td_text-center' is clicked on

2018-05-15 19:03:00 - [TEST_STEP][PASSED] - delay: Delayed 2 second(s)

2018-05-15 19:03:02 - [MESSAGE][PASSED] - Delayed 2 second(s)

2018-05-15 19:03:02 - [TEST_STEP][PASSED] - Statement - For ([row = 0, row < SelectedOptions - 1, (row++)]): null

2018-05-15 19:03:02 - [TEST_STEP][PASSED] - Statement - batchlength = new com.kms.katalon.core.testobject.TestObject(): null

2018-05-15 19:03:02 - [TEST_STEP][PASSED] - Statement - batchlength = com.kms.katalon.core.webui.keyword.WebUiBuiltInKeywords.modifyObjectProperty(batchlength, "xpath", "equals", "//*[@id = "fldvendor" + row + ""]", true): Modify property of object successfully

2018-05-15 19:03:02 - [MESSAGE][PASSED] - Modify property of object successfully

2018-05-15 19:03:02 - [TEST_STEP][PASSED] - Statement - batchsize = com.kms.katalon.core.webui.keyword.WebUiBuiltInKeywords.getNumberOfTotalOption(batchlength): 4 options of object '' counted

2018-05-15 19:03:02 - [MESSAGE][PASSED] - 4 options of object '' counted

2018-05-15 19:03:02 - [TEST_STEP][PASSED] - Statement - out.println("BatchSize : " + batchsize): null

2018-05-15 19:03:02 - [TEST_STEP][PASSED] - Statement - For ([n = 1, n <= batchsize - 1, (n++)]): null

2018-05-15 19:03:02 - [TEST_STEP][PASSED] - Statement - product = new com.kms.katalon.core.testobject.TestObject(): null

2018-05-15 19:03:02 - [TEST_STEP][PASSED] - Statement - product = com.kms.katalon.core.webui.keyword.WebUiBuiltInKeywords.modifyObjectProperty(product, "xpath", "equals", "//*[@id = "fldvendor" + row + ""]", true): Modify property of object successfully

2018-05-15 19:03:02 - [MESSAGE][PASSED] - Modify property of object successfully

2018-05-15 19:03:02 - [TEST_STEP][PASSED] - selectOptionByIndex: All options with index in [1] are selected on object ''

2018-05-15 19:03:02 - [MESSAGE][PASSED] - All options with index in [1] are selected on object ''

2018-05-15 19:03:02 - [TEST_STEP][PASSED] - Statement - batch = new com.kms.katalon.core.testobject.TestObject(): null

2018-05-15 19:03:02 - [TEST_STEP][PASSED] - Statement - batch = com.kms.katalon.core.webui.keyword.WebUiBuiltInKeywords.modifyObjectProperty(batch, "xpath", "equals", "//*[@id = "txtbthqty" + row + ""]", true): Modify property of object successfully

2018-05-15 19:03:02 - [MESSAGE][PASSED] - Modify property of object successfully

2018-05-15 19:03:02 - [TEST_STEP][PASSED] - Statement - batchqty = com.kms.katalon.core.webui.keyword.WebUiBuiltInKeywords.getAttribute(batch, "value").trim(): Attribute 'value' of object '' is: '5000'

2018-05-15 19:03:02 - [MESSAGE][PASSED] - Attribute 'value' of object '' is: '5000'

2018-05-15 19:03:02 - [TEST_STEP][PASSED] - Statement - Rqty = 10000: null

2018-05-15 19:03:02 - [TEST_STEP][PASSED] - delay: Delayed 2 second(s)

2018-05-15 19:03:04 - [MESSAGE][PASSED] - Delayed 2 second(s)

2018-05-15 19:03:04 - [TEST_STEP][PASSED] - Statement - out.println("BatchQty : " + batchqty): null

2018-05-15 19:03:04 - [TEST_STEP][PASSED] - Statement - out.println("RQty : " + Rqty): null

2018-05-15 19:03:04 - [TEST_STEP][PASSED] - Statement - If (java.lang.Integer.valueOf(batchqty) >= java.lang.Integer.valueOf(Rqty)): null

2018-05-15 19:03:04 - [TEST_STEP][PASSED] - Statement - Else: null

2018-05-15 19:03:04 - [TEST_STEP][PASSED] - Statement - out.println("Batchqty Is Less Than Rqty"): null

2018-05-15 19:03:04 - [TEST_STEP][PASSED] - Statement - product = new com.kms.katalon.core.testobject.TestObject(): null

2018-05-15 19:03:04 - [TEST_STEP][PASSED] - Statement - product = com.kms.katalon.core.webui.keyword.WebUiBuiltInKeywords.modifyObjectProperty(product, "xpath", "equals", "//*[@id = "fldvendor" + row + ""]", true): Modify property of object successfully

2018-05-15 19:03:04 - [MESSAGE][PASSED] - Modify property of object successfully

2018-05-15 19:03:04 - [TEST_STEP][PASSED] - selectOptionByIndex: All options with index in [2] are selected on object ''

2018-05-15 19:03:04 - [MESSAGE][PASSED] - All options with index in [2] are selected on object ''

2018-05-15 19:03:04 - [TEST_STEP][PASSED] - Statement - batch = new com.kms.katalon.core.testobject.TestObject(): null

2018-05-15 19:03:04 - [TEST_STEP][PASSED] - Statement - batch = com.kms.katalon.core.webui.keyword.WebUiBuiltInKeywords.modifyObjectProperty(batch, "xpath", "equals", "//*[@id = "txtbthqty" + row + ""]", true): Modify property of object successfully

2018-05-15 19:03:04 - [MESSAGE][PASSED] - Modify property of object successfully

2018-05-15 19:03:04 - [TEST_STEP][PASSED] - Statement - batchqty = com.kms.katalon.core.webui.keyword.WebUiBuiltInKeywords.getAttribute(batch, "value").trim(): Attribute 'value' of object '' is: '5000'

2018-05-15 19:03:04 - [MESSAGE][PASSED] - Attribute 'value' of object '' is: '5000'

2018-05-15 19:03:04 - [TEST_STEP][PASSED] - Statement - Rqty = 10000: null

2018-05-15 19:03:04 - [TEST_STEP][PASSED] - delay: Delayed 2 second(s)

2018-05-15 19:03:06 - [MESSAGE][PASSED] - Delayed 2 second(s)

2018-05-15 19:03:06 - [TEST_STEP][PASSED] - Statement - out.println("BatchQty : " + batchqty): null

2018-05-15 19:03:06 - [TEST_STEP][PASSED] - Statement - out.println("RQty : " + Rqty): null

2018-05-15 19:03:06 - [TEST_STEP][PASSED] - Statement - If (java.lang.Integer.valueOf(batchqty) >= java.lang.Integer.valueOf(Rqty)): null

2018-05-15 19:03:06 - [TEST_STEP][PASSED] - Statement - Else: null

2018-05-15 19:03:06 - [TEST_STEP][PASSED] - Statement - out.println("Batchqty Is Less Than Rqty"): null

2018-05-15 19:03:06 - [TEST_STEP][PASSED] - Statement - product = new com.kms.katalon.core.testobject.TestObject(): null

2018-05-15 19:03:06 - [TEST_STEP][PASSED] - Statement - product = com.kms.katalon.core.webui.keyword.WebUiBuiltInKeywords.modifyObjectProperty(product, "xpath", "equals", "//*[@id = "fldvendor" + row + ""]", true): Modify property of object successfully

2018-05-15 19:03:06 - [MESSAGE][PASSED] - Modify property of object successfully

2018-05-15 19:03:06 - [TEST_STEP][PASSED] - selectOptionByIndex: All options with index in [3] are selected on object ''

2018-05-15 19:03:06 - [MESSAGE][PASSED] - All options with index in [3] are selected on object ''

2018-05-15 19:03:06 - [TEST_STEP][PASSED] - Statement - batch = new com.kms.katalon.core.testobject.TestObject(): null

2018-05-15 19:03:06 - [TEST_STEP][PASSED] - Statement - batch = com.kms.katalon.core.webui.keyword.WebUiBuiltInKeywords.modifyObjectProperty(batch, "xpath", "equals", "//*[@id = "txtbthqty" + row + ""]", true): Modify property of object successfully

2018-05-15 19:03:06 - [MESSAGE][PASSED] - Modify property of object successfully

2018-05-15 19:03:06 - [TEST_STEP][PASSED] - Statement - batchqty = com.kms.katalon.core.webui.keyword.WebUiBuiltInKeywords.getAttribute(batch, "value").trim(): Attribute 'value' of object '' is: '5000'

2018-05-15 19:03:06 - [MESSAGE][PASSED] - Attribute 'value' of object '' is: '5000'

2018-05-15 19:03:06 - [TEST_STEP][PASSED] - Statement - Rqty = 10000: null

2018-05-15 19:03:06 - [TEST_STEP][PASSED] - delay: Delayed 2 second(s)

2018-05-15 19:03:08 - [MESSAGE][PASSED] - Delayed 2 second(s)

2018-05-15 19:03:08 - [TEST_STEP][PASSED] - Statement - out.println("BatchQty : " + batchqty): null

2018-05-15 19:03:08 - [TEST_STEP][PASSED] - Statement - out.println("RQty : " + Rqty): null

2018-05-15 19:03:08 - [TEST_STEP][PASSED] - Statement - If (java.lang.Integer.valueOf(batchqty) >= java.lang.Integer.valueOf(Rqty)): null

2018-05-15 19:03:08 - [TEST_STEP][PASSED] - Statement - Else: null

2018-05-15 19:03:08 - [TEST_STEP][PASSED] - Statement - out.println("Batchqty Is Less Than Rqty"): null

2018-05-15 19:03:08 - [TEST_STEP][PASSED] - Statement - batchlength = new com.kms.katalon.core.testobject.TestObject(): null

2018-05-15 19:03:08 - [TEST_STEP][PASSED] - Statement - batchlength = com.kms.katalon.core.webui.keyword.WebUiBuiltInKeywords.modifyObjectProperty(batchlength, "xpath", "equals", "//*[@id = "fldvendor" + row + ""]", true): Modify property of object successfully

2018-05-15 19:03:08 - [MESSAGE][PASSED] - Modify property of object successfully

2018-05-15 19:03:08 - [TEST_STEP][PASSED] - Statement - batchsize = com.kms.katalon.core.webui.keyword.WebUiBuiltInKeywords.getNumberOfTotalOption(batchlength): 5 options of object '' counted

2018-05-15 19:03:09 - [MESSAGE][PASSED] - 5 options of object '' counted

2018-05-15 19:03:09 - [TEST_STEP][PASSED] - Statement - out.println("BatchSize : " + batchsize): null

2018-05-15 19:03:09 - [TEST_STEP][PASSED] - Statement - For ([n = 1, n <= batchsize - 1, (n++)]): null

2018-05-15 19:03:09 - [TEST_STEP][PASSED] - Statement - product = new com.kms.katalon.core.testobject.TestObject(): null

2018-05-15 19:03:09 - [TEST_STEP][PASSED] - Statement - product = com.kms.katalon.core.webui.keyword.WebUiBuiltInKeywords.modifyObjectProperty(product, "xpath", "equals", "//*[@id = "fldvendor" + row + ""]", true): Modify property of object successfully

2018-05-15 19:03:09 - [MESSAGE][PASSED] - Modify property of object successfully

2018-05-15 19:03:09 - [TEST_STEP][PASSED] - selectOptionByIndex: All options with index in [1] are selected on object ''

2018-05-15 19:03:09 - [MESSAGE][PASSED] - All options with index in [1] are selected on object ''

2018-05-15 19:03:09 - [TEST_STEP][PASSED] - Statement - batch = new com.kms.katalon.core.testobject.TestObject(): null

2018-05-15 19:03:09 - [TEST_STEP][PASSED] - Statement - batch = com.kms.katalon.core.webui.keyword.WebUiBuiltInKeywords.modifyObjectProperty(batch, "xpath", "equals", "//*[@id = "txtbthqty" + row + ""]", true): Modify property of object successfully

2018-05-15 19:03:09 - [MESSAGE][PASSED] - Modify property of object successfully

2018-05-15 19:03:09 - [TEST_STEP][PASSED] - Statement - batchqty = com.kms.katalon.core.webui.keyword.WebUiBuiltInKeywords.getAttribute(batch, "value").trim(): Attribute 'value' of object '' is: '200'

2018-05-15 19:03:09 - [MESSAGE][PASSED] - Attribute 'value' of object '' is: '200'

2018-05-15 19:03:09 - [TEST_STEP][PASSED] - Statement - Rqty = 10000: null

2018-05-15 19:03:09 - [TEST_STEP][PASSED] - delay: Delayed 2 second(s)

2018-05-15 19:03:11 - [MESSAGE][PASSED] - Delayed 2 second(s)

2018-05-15 19:03:11 - [TEST_STEP][PASSED] - Statement - out.println("BatchQty : " + batchqty): null

2018-05-15 19:03:11 - [TEST_STEP][PASSED] - Statement - out.println("RQty : " + Rqty): null

2018-05-15 19:03:11 - [TEST_STEP][PASSED] - Statement - If (java.lang.Integer.valueOf(batchqty) >= java.lang.Integer.valueOf(Rqty)): null

2018-05-15 19:03:11 - [TEST_STEP][PASSED] - Statement - Else: null

2018-05-15 19:03:11 - [TEST_STEP][PASSED] - Statement - out.println("Batchqty Is Less Than Rqty"): null

2018-05-15 19:03:11 - [TEST_STEP][PASSED] - Statement - product = new com.kms.katalon.core.testobject.TestObject(): null

2018-05-15 19:03:11 - [TEST_STEP][PASSED] - Statement - product = com.kms.katalon.core.webui.keyword.WebUiBuiltInKeywords.modifyObjectProperty(product, "xpath", "equals", "//*[@id = "fldvendor" + row + ""]", true): Modify property of object successfully

2018-05-15 19:03:11 - [MESSAGE][PASSED] - Modify property of object successfully

2018-05-15 19:03:11 - [TEST_STEP][PASSED] - selectOptionByIndex: All options with index in [2] are selected on object ''

2018-05-15 19:03:11 - [MESSAGE][PASSED] - All options with index in [2] are selected on object ''

2018-05-15 19:03:11 - [TEST_STEP][PASSED] - Statement - batch = new com.kms.katalon.core.testobject.TestObject(): null

2018-05-15 19:03:11 - [TEST_STEP][PASSED] - Statement - batch = com.kms.katalon.core.webui.keyword.WebUiBuiltInKeywords.modifyObjectProperty(batch, "xpath", "equals", "//*[@id = "txtbthqty" + row + ""]", true): Modify property of object successfully

2018-05-15 19:03:11 - [MESSAGE][PASSED] - Modify property of object successfully

2018-05-15 19:03:11 - [TEST_STEP][PASSED] - Statement - batchqty = com.kms.katalon.core.webui.keyword.WebUiBuiltInKeywords.getAttribute(batch, "value").trim(): Attribute 'value' of object '' is: '5000'

2018-05-15 19:03:11 - [MESSAGE][PASSED] - Attribute 'value' of object '' is: '5000'

2018-05-15 19:03:11 - [TEST_STEP][PASSED] - Statement - Rqty = 10000: null

2018-05-15 19:03:11 - [TEST_STEP][PASSED] - delay: Delayed 2 second(s)

2018-05-15 19:03:13 - [MESSAGE][PASSED] - Delayed 2 second(s)

2018-05-15 19:03:13 - [TEST_STEP][PASSED] - Statement - out.println("BatchQty : " + batchqty): null

2018-05-15 19:03:13 - [TEST_STEP][PASSED] - Statement - out.println("RQty : " + Rqty): null

2018-05-15 19:03:13 - [TEST_STEP][PASSED] - Statement - If (java.lang.Integer.valueOf(batchqty) >= java.lang.Integer.valueOf(Rqty)): null

2018-05-15 19:03:13 - [TEST_STEP][PASSED] - Statement - Else: null

2018-05-15 19:03:13 - [TEST_STEP][PASSED] - Statement - out.println("Batchqty Is Less Than Rqty"): null

2018-05-15 19:03:13 - [TEST_STEP][PASSED] - Statement - product = new com.kms.katalon.core.testobject.TestObject(): null

2018-05-15 19:03:13 - [TEST_STEP][PASSED] - Statement - product = com.kms.katalon.core.webui.keyword.WebUiBuiltInKeywords.modifyObjectProperty(product, "xpath", "equals", "//*[@id = "fldvendor" + row + ""]", true): Modify property of object successfully

2018-05-15 19:03:13 - [MESSAGE][PASSED] - Modify property of object successfully

2018-05-15 19:03:13 - [TEST_STEP][PASSED] - selectOptionByIndex: All options with index in [3] are selected on object ''

2018-05-15 19:03:13 - [MESSAGE][PASSED] - All options with index in [3] are selected on object ''

2018-05-15 19:03:13 - [TEST_STEP][PASSED] - Statement - batch = new com.kms.katalon.core.testobject.TestObject(): null

2018-05-15 19:03:13 - [TEST_STEP][PASSED] - Statement - batch = com.kms.katalon.core.webui.keyword.WebUiBuiltInKeywords.modifyObjectProperty(batch, "xpath", "equals", "//*[@id = "txtbthqty" + row + ""]", true): Modify property of object successfully

2018-05-15 19:03:13 - [MESSAGE][PASSED] - Modify property of object successfully

2018-05-15 19:03:13 - [TEST_STEP][PASSED] - Statement - batchqty = com.kms.katalon.core.webui.keyword.WebUiBuiltInKeywords.getAttribute(batch, "value").trim(): Attribute 'value' of object '' is: '5000'

2018-05-15 19:03:13 - [MESSAGE][PASSED] - Attribute 'value' of object '' is: '5000'

2018-05-15 19:03:13 - [TEST_STEP][PASSED] - Statement - Rqty = 10000: null

2018-05-15 19:03:13 - [TEST_STEP][PASSED] - delay: Delayed 2 second(s)

2018-05-15 19:03:15 - [MESSAGE][PASSED] - Delayed 2 second(s)

2018-05-15 19:03:15 - [TEST_STEP][PASSED] - Statement - out.println("BatchQty : " + batchqty): null

2018-05-15 19:03:15 - [TEST_STEP][PASSED] - Statement - out.println("RQty : " + Rqty): null

2018-05-15 19:03:15 - [TEST_STEP][PASSED] - Statement - If (java.lang.Integer.valueOf(batchqty) >= java.lang.Integer.valueOf(Rqty)): null

2018-05-15 19:03:15 - [TEST_STEP][PASSED] - Statement - Else: null

2018-05-15 19:03:15 - [TEST_STEP][PASSED] - Statement - out.println("Batchqty Is Less Than Rqty"): null

2018-05-15 19:03:15 - [TEST_STEP][PASSED] - Statement - product = new com.kms.katalon.core.testobject.TestObject(): null

2018-05-15 19:03:15 - [TEST_STEP][PASSED] - Statement - product = com.kms.katalon.core.webui.keyword.WebUiBuiltInKeywords.modifyObjectProperty(product, "xpath", "equals", "//*[@id = "fldvendor" + row + ""]", true): Modify property of object successfully

2018-05-15 19:03:15 - [MESSAGE][PASSED] - Modify property of object successfully

2018-05-15 19:03:15 - [TEST_STEP][PASSED] - selectOptionByIndex: All options with index in [4] are selected on object ''

2018-05-15 19:03:15 - [MESSAGE][PASSED] - All options with index in [4] are selected on object ''

2018-05-15 19:03:15 - [TEST_STEP][PASSED] - Statement - batch = new com.kms.katalon.core.testobject.TestObject(): null

2018-05-15 19:03:15 - [TEST_STEP][PASSED] - Statement - batch = com.kms.katalon.core.webui.keyword.WebUiBuiltInKeywords.modifyObjectProperty(batch, "xpath", "equals", "//*[@id = "txtbthqty" + row + ""]", true): Modify property of object successfully

2018-05-15 19:03:15 - [MESSAGE][PASSED] - Modify property of object successfully

2018-05-15 19:03:15 - [TEST_STEP][PASSED] - Statement - batchqty = com.kms.katalon.core.webui.keyword.WebUiBuiltInKeywords.getAttribute(batch, "value").trim(): Attribute 'value' of object '' is: '400'

2018-05-15 19:03:15 - [MESSAGE][PASSED] - Attribute 'value' of object '' is: '400'

2018-05-15 19:03:15 - [TEST_STEP][PASSED] - Statement - Rqty = 10000: null

2018-05-15 19:03:15 - [TEST_STEP][PASSED] - delay: Delayed 2 second(s)

2018-05-15 19:03:17 - [MESSAGE][PASSED] - Delayed 2 second(s)

2018-05-15 19:03:17 - [TEST_STEP][PASSED] - Statement - out.println("BatchQty : " + batchqty): null

2018-05-15 19:03:17 - [TEST_STEP][PASSED] - Statement - out.println("RQty : " + Rqty): null

2018-05-15 19:03:17 - [TEST_STEP][PASSED] - Statement - If (java.lang.Integer.valueOf(batchqty) >= java.lang.Integer.valueOf(Rqty)): null

2018-05-15 19:03:17 - [TEST_STEP][PASSED] - Statement - Else: null

2018-05-15 19:03:17 - [TEST_STEP][PASSED] - Statement - out.println("Batchqty Is Less Than Rqty"): null

2018-05-15 19:03:17 - [TEST_STEP][PASSED] - Statement - batchlength = new com.kms.katalon.core.testobject.TestObject(): null

2018-05-15 19:03:17 - [TEST_STEP][PASSED] - Statement - batchlength = com.kms.katalon.core.webui.keyword.WebUiBuiltInKeywords.modifyObjectProperty(batchlength, "xpath", "equals", "//*[@id = "fldvendor" + row + ""]", true): Modify property of object successfully

2018-05-15 19:03:17 - [MESSAGE][PASSED] - Modify property of object successfully

2018-05-15 19:03:17 - [TEST_STEP][PASSED] - Statement - batchsize = com.kms.katalon.core.webui.keyword.WebUiBuiltInKeywords.getNumberOfTotalOption(batchlength): 4 options of object '' counted

2018-05-15 19:03:17 - [MESSAGE][PASSED] - 4 options of object '' counted

2018-05-15 19:03:17 - [TEST_STEP][PASSED] - Statement - out.println("BatchSize : " + batchsize): null

2018-05-15 19:03:17 - [TEST_STEP][PASSED] - Statement - For ([n = 1, n <= batchsize - 1, (n++)]): null

2018-05-15 19:03:17 - [TEST_STEP][PASSED] - Statement - product = new com.kms.katalon.core.testobject.TestObject(): null

2018-05-15 19:03:17 - [TEST_STEP][PASSED] - Statement - product = com.kms.katalon.core.webui.keyword.WebUiBuiltInKeywords.modifyObjectProperty(product, "xpath", "equals", "//*[@id = "fldvendor" + row + ""]", true): Modify property of object successfully

2018-05-15 19:03:17 - [MESSAGE][PASSED] - Modify property of object successfully

2018-05-15 19:03:17 - [TEST_STEP][PASSED] - selectOptionByIndex: All options with index in [1] are selected on object ''

2018-05-15 19:03:18 - [MESSAGE][PASSED] - All options with index in [1] are selected on object ''

2018-05-15 19:03:18 - [TEST_STEP][PASSED] - Statement - batch = new com.kms.katalon.core.testobject.TestObject(): null

2018-05-15 19:03:18 - [TEST_STEP][PASSED] - Statement - batch = com.kms.katalon.core.webui.keyword.WebUiBuiltInKeywords.modifyObjectProperty(batch, "xpath", "equals", "//*[@id = "txtbthqty" + row + ""]", true): Modify property of object successfully

2018-05-15 19:03:18 - [MESSAGE][PASSED] - Modify property of object successfully

2018-05-15 19:03:18 - [TEST_STEP][PASSED] - Statement - batchqty = com.kms.katalon.core.webui.keyword.WebUiBuiltInKeywords.getAttribute(batch, "value").trim(): Attribute 'value' of object '' is: '200'

2018-05-15 19:03:18 - [MESSAGE][PASSED] - Attribute 'value' of object '' is: '200'

2018-05-15 19:03:18 - [TEST_STEP][PASSED] - Statement - Rqty = 10000: null

2018-05-15 19:03:18 - [TEST_STEP][PASSED] - delay: Delayed 2 second(s)

2018-05-15 19:03:20 - [MESSAGE][PASSED] - Delayed 2 second(s)

2018-05-15 19:03:20 - [TEST_STEP][PASSED] - Statement - out.println("BatchQty : " + batchqty): null

2018-05-15 19:03:20 - [TEST_STEP][PASSED] - Statement - out.println("RQty : " + Rqty): null

2018-05-15 19:03:20 - [TEST_STEP][PASSED] - Statement - If (java.lang.Integer.valueOf(batchqty) >= java.lang.Integer.valueOf(Rqty)): null

2018-05-15 19:03:20 - [TEST_STEP][PASSED] - Statement - Else: null

2018-05-15 19:03:20 - [TEST_STEP][PASSED] - Statement - out.println("Batchqty Is Less Than Rqty"): null

2018-05-15 19:03:20 - [TEST_STEP][PASSED] - Statement - product = new com.kms.katalon.core.testobject.TestObject(): null

2018-05-15 19:03:20 - [TEST_STEP][PASSED] - Statement - product = com.kms.katalon.core.webui.keyword.WebUiBuiltInKeywords.modifyObjectProperty(product, "xpath", "equals", "//*[@id = "fldvendor" + row + ""]", true): Modify property of object successfully

2018-05-15 19:03:20 - [MESSAGE][PASSED] - Modify property of object successfully

2018-05-15 19:03:20 - [TEST_STEP][PASSED] - selectOptionByIndex: All options with index in [2] are selected on object ''

2018-05-15 19:03:20 - [MESSAGE][PASSED] - All options with index in [2] are selected on object ''

2018-05-15 19:03:20 - [TEST_STEP][PASSED] - Statement - batch = new com.kms.katalon.core.testobject.TestObject(): null

2018-05-15 19:03:20 - [TEST_STEP][PASSED] - Statement - batch = com.kms.katalon.core.webui.keyword.WebUiBuiltInKeywords.modifyObjectProperty(batch, "xpath", "equals", "//*[@id = "txtbthqty" + row + ""]", true): Modify property of object successfully

2018-05-15 19:03:20 - [MESSAGE][PASSED] - Modify property of object successfully

2018-05-15 19:03:20 - [TEST_STEP][PASSED] - Statement - batchqty = com.kms.katalon.core.webui.keyword.WebUiBuiltInKeywords.getAttribute(batch, "value").trim(): Attribute 'value' of object '' is: '5000'

2018-05-15 19:03:20 - [MESSAGE][PASSED] - Attribute 'value' of object '' is: '5000'

2018-05-15 19:03:20 - [TEST_STEP][PASSED] - Statement - Rqty = 10000: null

2018-05-15 19:03:20 - [TEST_STEP][PASSED] - delay: Delayed 2 second(s)

2018-05-15 19:03:22 - [MESSAGE][PASSED] - Delayed 2 second(s)

2018-05-15 19:03:22 - [TEST_STEP][PASSED] - Statement - out.println("BatchQty : " + batchqty): null

2018-05-15 19:03:22 - [TEST_STEP][PASSED] - Statement - out.println("RQty : " + Rqty): null

2018-05-15 19:03:22 - [TEST_STEP][PASSED] - Statement - If (java.lang.Integer.valueOf(batchqty) >= java.lang.Integer.valueOf(Rqty)): null

2018-05-15 19:03:22 - [TEST_STEP][PASSED] - Statement - Else: null

2018-05-15 19:03:22 - [TEST_STEP][PASSED] - Statement - out.println("Batchqty Is Less Than Rqty"): null

2018-05-15 19:03:22 - [TEST_STEP][PASSED] - Statement - product = new com.kms.katalon.core.testobject.TestObject(): null

2018-05-15 19:03:22 - [TEST_STEP][PASSED] - Statement - product = com.kms.katalon.core.webui.keyword.WebUiBuiltInKeywords.modifyObjectProperty(product, "xpath", "equals", "//*[@id = "fldvendor" + row + ""]", true): Modify property of object successfully

2018-05-15 19:03:22 - [MESSAGE][PASSED] - Modify property of object successfully

2018-05-15 19:03:22 - [TEST_STEP][PASSED] - selectOptionByIndex: All options with index in [3] are selected on object ''

2018-05-15 19:03:22 - [MESSAGE][PASSED] - All options with index in [3] are selected on object ''

2018-05-15 19:03:22 - [TEST_STEP][PASSED] - Statement - batch = new com.kms.katalon.core.testobject.TestObject(): null

2018-05-15 19:03:22 - [TEST_STEP][PASSED] - Statement - batch = com.kms.katalon.core.webui.keyword.WebUiBuiltInKeywords.modifyObjectProperty(batch, "xpath", "equals", "//*[@id = "txtbthqty" + row + ""]", true): Modify property of object successfully

2018-05-15 19:03:22 - [MESSAGE][PASSED] - Modify property of object successfully

2018-05-15 19:03:22 - [TEST_STEP][PASSED] - Statement - batchqty = com.kms.katalon.core.webui.keyword.WebUiBuiltInKeywords.getAttribute(batch, "value").trim(): Attribute 'value' of object '' is: '5000'

2018-05-15 19:03:22 - [MESSAGE][PASSED] - Attribute 'value' of object '' is: '5000'

2018-05-15 19:03:22 - [TEST_STEP][PASSED] - Statement - Rqty = 10000: null

2018-05-15 19:03:22 - [TEST_STEP][PASSED] - delay: Delayed 2 second(s)

2018-05-15 19:03:24 - [MESSAGE][PASSED] - Delayed 2 second(s)

2018-05-15 19:03:24 - [TEST_STEP][PASSED] - Statement - out.println("BatchQty : " + batchqty): null

2018-05-15 19:03:24 - [TEST_STEP][PASSED] - Statement - out.println("RQty : " + Rqty): null

2018-05-15 19:03:24 - [TEST_STEP][PASSED] - Statement - If (java.lang.Integer.valueOf(batchqty) >= java.lang.Integer.valueOf(Rqty)): null

2018-05-15 19:03:24 - [TEST_STEP][PASSED] - Statement - Else: null

2018-05-15 19:03:24 - [TEST_STEP][PASSED] - Statement - out.println("Batchqty Is Less Than Rqty"): null

2018-05-15 19:03:24 - [TEST_STEP][PASSED] - Statement - batchlength = new com.kms.katalon.core.testobject.TestObject(): null

2018-05-15 19:03:24 - [TEST_STEP][PASSED] - Statement - batchlength = com.kms.katalon.core.webui.keyword.WebUiBuiltInKeywords.modifyObjectProperty(batchlength, "xpath", "equals", "//*[@id = "fldvendor" + row + ""]", true): Modify property of object successfully

2018-05-15 19:03:24 - [MESSAGE][PASSED] - Modify property of object successfully

2018-05-15 19:03:24 - [TEST_STEP][PASSED] - Statement - batchsize = com.kms.katalon.core.webui.keyword.WebUiBuiltInKeywords.getNumberOfTotalOption(batchlength): 5 options of object '' counted

2018-05-15 19:03:24 - [MESSAGE][PASSED] - 5 options of object '' counted

2018-05-15 19:03:24 - [TEST_STEP][PASSED] - Statement - out.println("BatchSize : " + batchsize): null

2018-05-15 19:03:24 - [TEST_STEP][PASSED] - Statement - For ([n = 1, n <= batchsize - 1, (n++)]): null

2018-05-15 19:03:24 - [TEST_STEP][PASSED] - Statement - product = new com.kms.katalon.core.testobject.TestObject(): null

2018-05-15 19:03:24 - [TEST_STEP][PASSED] - Statement - product = com.kms.katalon.core.webui.keyword.WebUiBuiltInKeywords.modifyObjectProperty(product, "xpath", "equals", "//*[@id = "fldvendor" + row + ""]", true): Modify property of object successfully

2018-05-15 19:03:24 - [MESSAGE][PASSED] - Modify property of object successfully

2018-05-15 19:03:24 - [TEST_STEP][PASSED] - selectOptionByIndex: All options with index in [1] are selected on object ''

2018-05-15 19:03:24 - [MESSAGE][PASSED] - All options with index in [1] are selected on object ''

2018-05-15 19:03:24 - [TEST_STEP][PASSED] - Statement - batch = new com.kms.katalon.core.testobject.TestObject(): null

2018-05-15 19:03:24 - [TEST_STEP][PASSED] - Statement - batch = com.kms.katalon.core.webui.keyword.WebUiBuiltInKeywords.modifyObjectProperty(batch, "xpath", "equals", "//*[@id = "txtbthqty" + row + ""]", true): Modify property of object successfully

2018-05-15 19:03:24 - [MESSAGE][PASSED] - Modify property of object successfully

2018-05-15 19:03:24 - [TEST_STEP][PASSED] - Statement - batchqty = com.kms.katalon.core.webui.keyword.WebUiBuiltInKeywords.getAttribute(batch, "value").trim(): Attribute 'value' of object '' is: '5000'

2018-05-15 19:03:24 - [MESSAGE][PASSED] - Attribute 'value' of object '' is: '5000'

2018-05-15 19:03:24 - [TEST_STEP][PASSED] - Statement - Rqty = 10000: null

2018-05-15 19:03:24 - [TEST_STEP][PASSED] - delay: Delayed 2 second(s)

2018-05-15 19:03:26 - [MESSAGE][PASSED] - Delayed 2 second(s)

2018-05-15 19:03:26 - [TEST_STEP][PASSED] - Statement - out.println("BatchQty : " + batchqty): null

2018-05-15 19:03:26 - [TEST_STEP][PASSED] - Statement - out.println("RQty : " + Rqty): null

2018-05-15 19:03:26 - [TEST_STEP][PASSED] - Statement - If (java.lang.Integer.valueOf(batchqty) >= java.lang.Integer.valueOf(Rqty)): null

2018-05-15 19:03:26 - [TEST_STEP][PASSED] - Statement - Else: null

2018-05-15 19:03:26 - [TEST_STEP][PASSED] - Statement - out.println("Batchqty Is Less Than Rqty"): null

2018-05-15 19:03:26 - [TEST_STEP][PASSED] - Statement - product = new com.kms.katalon.core.testobject.TestObject(): null

2018-05-15 19:03:26 - [TEST_STEP][PASSED] - Statement - product = com.kms.katalon.core.webui.keyword.WebUiBuiltInKeywords.modifyObjectProperty(product, "xpath", "equals", "//*[@id = "fldvendor" + row + ""]", true): Modify property of object successfully

2018-05-15 19:03:26 - [MESSAGE][PASSED] - Modify property of object successfully

2018-05-15 19:03:26 - [TEST_STEP][PASSED] - selectOptionByIndex: All options with index in [2] are selected on object ''

2018-05-15 19:03:26 - [MESSAGE][PASSED] - All options with index in [2] are selected on object ''

2018-05-15 19:03:26 - [TEST_STEP][PASSED] - Statement - batch = new com.kms.katalon.core.testobject.TestObject(): null

2018-05-15 19:03:26 - [TEST_STEP][PASSED] - Statement - batch = com.kms.katalon.core.webui.keyword.WebUiBuiltInKeywords.modifyObjectProperty(batch, "xpath", "equals", "//*[@id = "txtbthqty" + row + ""]", true): Modify property of object successfully

2018-05-15 19:03:26 - [MESSAGE][PASSED] - Modify property of object successfully

2018-05-15 19:03:26 - [TEST_STEP][PASSED] - Statement - batchqty = com.kms.katalon.core.webui.keyword.WebUiBuiltInKeywords.getAttribute(batch, "value").trim(): Attribute 'value' of object '' is: '5000'

2018-05-15 19:03:26 - [MESSAGE][PASSED] - Attribute 'value' of object '' is: '5000'

2018-05-15 19:03:26 - [TEST_STEP][PASSED] - Statement - Rqty = 10000: null

2018-05-15 19:03:26 - [TEST_STEP][PASSED] - delay: Delayed 2 second(s)

2018-05-15 19:03:28 - [MESSAGE][PASSED] - Delayed 2 second(s)

2018-05-15 19:03:28 - [TEST_STEP][PASSED] - Statement - out.println("BatchQty : " + batchqty): null

2018-05-15 19:03:28 - [TEST_STEP][PASSED] - Statement - out.println("RQty : " + Rqty): null

2018-05-15 19:03:28 - [TEST_STEP][PASSED] - Statement - If (java.lang.Integer.valueOf(batchqty) >= java.lang.Integer.valueOf(Rqty)): null

2018-05-15 19:03:28 - [TEST_STEP][PASSED] - Statement - Else: null

2018-05-15 19:03:28 - [TEST_STEP][PASSED] - Statement - out.println("Batchqty Is Less Than Rqty"): null

2018-05-15 19:03:28 - [TEST_STEP][PASSED] - Statement - product = new com.kms.katalon.core.testobject.TestObject(): null

2018-05-15 19:03:28 - [TEST_STEP][PASSED] - Statement - product = com.kms.katalon.core.webui.keyword.WebUiBuiltInKeywords.modifyObjectProperty(product, "xpath", "equals", "//*[@id = "fldvendor" + row + ""]", true): Modify property of object successfully

2018-05-15 19:03:28 - [MESSAGE][PASSED] - Modify property of object successfully

2018-05-15 19:03:28 - [TEST_STEP][PASSED] - selectOptionByIndex: All options with index in [3] are selected on object ''

2018-05-15 19:03:29 - [MESSAGE][PASSED] - All options with index in [3] are selected on object ''

2018-05-15 19:03:29 - [TEST_STEP][PASSED] - Statement - batch = new com.kms.katalon.core.testobject.TestObject(): null

2018-05-15 19:03:29 - [TEST_STEP][PASSED] - Statement - batch = com.kms.katalon.core.webui.keyword.WebUiBuiltInKeywords.modifyObjectProperty(batch, "xpath", "equals", "//*[@id = "txtbthqty" + row + ""]", true): Modify property of object successfully

2018-05-15 19:03:29 - [MESSAGE][PASSED] - Modify property of object successfully

2018-05-15 19:03:29 - [TEST_STEP][PASSED] - Statement - batchqty = com.kms.katalon.core.webui.keyword.WebUiBuiltInKeywords.getAttribute(batch, "value").trim(): Attribute 'value' of object '' is: '200'

2018-05-15 19:03:29 - [MESSAGE][PASSED] - Attribute 'value' of object '' is: '200'

2018-05-15 19:03:29 - [TEST_STEP][PASSED] - Statement - Rqty = 10000: null

2018-05-15 19:03:29 - [TEST_STEP][PASSED] - delay: Delayed 2 second(s)

2018-05-15 19:03:31 - [MESSAGE][PASSED] - Delayed 2 second(s)

2018-05-15 19:03:31 - [TEST_STEP][PASSED] - Statement - out.println("BatchQty : " + batchqty): null

2018-05-15 19:03:31 - [TEST_STEP][PASSED] - Statement - out.println("RQty : " + Rqty): null

2018-05-15 19:03:31 - [TEST_STEP][PASSED] - Statement - If (java.lang.Integer.valueOf(batchqty) >= java.lang.Integer.valueOf(Rqty)): null

2018-05-15 19:03:31 - [TEST_STEP][PASSED] - Statement - Else: null

2018-05-15 19:03:31 - [TEST_STEP][PASSED] - Statement - out.println("Batchqty Is Less Than Rqty"): null

2018-05-15 19:03:31 - [TEST_STEP][PASSED] - Statement - product = new com.kms.katalon.core.testobject.TestObject(): null

2018-05-15 19:03:31 - [TEST_STEP][PASSED] - Statement - product = com.kms.katalon.core.webui.keyword.WebUiBuiltInKeywords.modifyObjectProperty(product, "xpath", "equals", "//*[@id = "fldvendor" + row + ""]", true): Modify property of object successfully

2018-05-15 19:03:31 - [MESSAGE][PASSED] - Modify property of object successfully

2018-05-15 19:03:31 - [TEST_STEP][PASSED] - selectOptionByIndex: All options with index in [4] are selected on object ''

2018-05-15 19:03:31 - [MESSAGE][PASSED] - All options with index in [4] are selected on object ''

2018-05-15 19:03:31 - [TEST_STEP][PASSED] - Statement - batch = new com.kms.katalon.core.testobject.TestObject(): null

2018-05-15 19:03:31 - [TEST_STEP][PASSED] - Statement - batch = com.kms.katalon.core.webui.keyword.WebUiBuiltInKeywords.modifyObjectProperty(batch, "xpath", "equals", "//*[@id = "txtbthqty" + row + ""]", true): Modify property of object successfully

2018-05-15 19:03:31 - [MESSAGE][PASSED] - Modify property of object successfully

2018-05-15 19:03:31 - [TEST_STEP][PASSED] - Statement - batchqty = com.kms.katalon.core.webui.keyword.WebUiBuiltInKeywords.getAttribute(batch, "value").trim(): Attribute 'value' of object '' is: '1000'

2018-05-15 19:03:31 - [MESSAGE][PASSED] - Attribute 'value' of object '' is: '1000'

2018-05-15 19:03:31 - [TEST_STEP][PASSED] - Statement - Rqty = 10000: null

2018-05-15 19:03:31 - [TEST_STEP][PASSED] - delay: Delayed 2 second(s)

2018-05-15 19:03:33 - [MESSAGE][PASSED] - Delayed 2 second(s)

2018-05-15 19:03:33 - [TEST_STEP][PASSED] - Statement - out.println("BatchQty : " + batchqty): null

2018-05-15 19:03:33 - [TEST_STEP][PASSED] - Statement - out.println("RQty : " + Rqty): null

2018-05-15 19:03:33 - [TEST_STEP][PASSED] - Statement - If (java.lang.Integer.valueOf(batchqty) >= java.lang.Integer.valueOf(Rqty)): null

2018-05-15 19:03:33 - [TEST_STEP][PASSED] - Statement - Else: null

2018-05-15 19:03:33 - [TEST_STEP][PASSED] - Statement - out.println("Batchqty Is Less Than Rqty"): null

2018-05-15 19:03:33 - [TEST_STEP][PASSED] - Statement - batchlength = new com.kms.katalon.core.testobject.TestObject(): null

2018-05-15 19:03:33 - [TEST_STEP][PASSED] - Statement - batchlength = com.kms.katalon.core.webui.keyword.WebUiBuiltInKeywords.modifyObjectProperty(batchlength, "xpath", "equals", "//*[@id = "fldvendor" + row + ""]", true): Modify property of object successfully

2018-05-15 19:03:33 - [MESSAGE][PASSED] - Modify property of object successfully

2018-05-15 19:03:33 - [TEST_STEP][PASSED] - Statement - batchsize = com.kms.katalon.core.webui.keyword.WebUiBuiltInKeywords.getNumberOfTotalOption(batchlength): 4 options of object '' counted

2018-05-15 19:03:33 - [MESSAGE][PASSED] - 4 options of object '' counted

2018-05-15 19:03:33 - [TEST_STEP][PASSED] - Statement - out.println("BatchSize : " + batchsize): null

2018-05-15 19:03:33 - [TEST_STEP][PASSED] - Statement - For ([n = 1, n <= batchsize - 1, (n++)]): null

2018-05-15 19:03:33 - [TEST_STEP][PASSED] - Statement - product = new com.kms.katalon.core.testobject.TestObject(): null

2018-05-15 19:03:33 - [TEST_STEP][PASSED] - Statement - product = com.kms.katalon.core.webui.keyword.WebUiBuiltInKeywords.modifyObjectProperty(product, "xpath", "equals", "//*[@id = "fldvendor" + row + ""]", true): Modify property of object successfully

2018-05-15 19:03:33 - [MESSAGE][PASSED] - Modify property of object successfully

2018-05-15 19:03:33 - [TEST_STEP][PASSED] - selectOptionByIndex: All options with index in [1] are selected on object ''

2018-05-15 19:03:33 - [MESSAGE][PASSED] - All options with index in [1] are selected on object ''

2018-05-15 19:03:33 - [TEST_STEP][PASSED] - Statement - batch = new com.kms.katalon.core.testobject.TestObject(): null

2018-05-15 19:03:33 - [TEST_STEP][PASSED] - Statement - batch = com.kms.katalon.core.webui.keyword.WebUiBuiltInKeywords.modifyObjectProperty(batch, "xpath", "equals", "//*[@id = "txtbthqty" + row + ""]", true): Modify property of object successfully

2018-05-15 19:03:33 - [MESSAGE][PASSED] - Modify property of object successfully

2018-05-15 19:03:33 - [TEST_STEP][PASSED] - Statement - batchqty = com.kms.katalon.core.webui.keyword.WebUiBuiltInKeywords.getAttribute(batch, "value").trim(): Attribute 'value' of object '' is: '5000'

2018-05-15 19:03:33 - [MESSAGE][PASSED] - Attribute 'value' of object '' is: '5000'

2018-05-15 19:03:33 - [TEST_STEP][PASSED] - Statement - Rqty = 10000: null

2018-05-15 19:03:33 - [TEST_STEP][PASSED] - delay: Delayed 2 second(s)

2018-05-15 19:03:35 - [MESSAGE][PASSED] - Delayed 2 second(s)

2018-05-15 19:03:35 - [TEST_STEP][PASSED] - Statement - out.println("BatchQty : " + batchqty): null

2018-05-15 19:03:35 - [TEST_STEP][PASSED] - Statement - out.println("RQty : " + Rqty): null

2018-05-15 19:03:35 - [TEST_STEP][PASSED] - Statement - If (java.lang.Integer.valueOf(batchqty) >= java.lang.Integer.valueOf(Rqty)): null

2018-05-15 19:03:35 - [TEST_STEP][PASSED] - Statement - Else: null

2018-05-15 19:03:35 - [TEST_STEP][PASSED] - Statement - out.println("Batchqty Is Less Than Rqty"): null

2018-05-15 19:03:35 - [TEST_STEP][PASSED] - Statement - product = new com.kms.katalon.core.testobject.TestObject(): null

2018-05-15 19:03:35 - [TEST_STEP][PASSED] - Statement - product = com.kms.katalon.core.webui.keyword.WebUiBuiltInKeywords.modifyObjectProperty(product, "xpath", "equals", "//*[@id = "fldvendor" + row + ""]", true): Modify property of object successfully

2018-05-15 19:03:35 - [MESSAGE][PASSED] - Modify property of object successfully

2018-05-15 19:03:35 - [TEST_STEP][PASSED] - selectOptionByIndex: All options with index in [2] are selected on object ''

2018-05-15 19:03:35 - [MESSAGE][PASSED] - All options with index in [2] are selected on object ''

2018-05-15 19:03:35 - [TEST_STEP][PASSED] - Statement - batch = new com.kms.katalon.core.testobject.TestObject(): null

2018-05-15 19:03:35 - [TEST_STEP][PASSED] - Statement - batch = com.kms.katalon.core.webui.keyword.WebUiBuiltInKeywords.modifyObjectProperty(batch, "xpath", "equals", "//*[@id = "txtbthqty" + row + ""]", true): Modify property of object successfully

2018-05-15 19:03:35 - [MESSAGE][PASSED] - Modify property of object successfully

2018-05-15 19:03:35 - [TEST_STEP][PASSED] - Statement - batchqty = com.kms.katalon.core.webui.keyword.WebUiBuiltInKeywords.getAttribute(batch, "value").trim(): Attribute 'value' of object '' is: '200'

2018-05-15 19:03:35 - [MESSAGE][PASSED] - Attribute 'value' of object '' is: '200'

2018-05-15 19:03:35 - [TEST_STEP][PASSED] - Statement - Rqty = 10000: null

2018-05-15 19:03:35 - [TEST_STEP][PASSED] - delay: Delayed 2 second(s)

2018-05-15 19:03:37 - [MESSAGE][PASSED] - Delayed 2 second(s)

2018-05-15 19:03:37 - [TEST_STEP][PASSED] - Statement - out.println("BatchQty : " + batchqty): null

2018-05-15 19:03:37 - [TEST_STEP][PASSED] - Statement - out.println("RQty : " + Rqty): null

2018-05-15 19:03:37 - [TEST_STEP][PASSED] - Statement - If (java.lang.Integer.valueOf(batchqty) >= java.lang.Integer.valueOf(Rqty)): null

2018-05-15 19:03:37 - [TEST_STEP][PASSED] - Statement - Else: null

2018-05-15 19:03:37 - [TEST_STEP][PASSED] - Statement - out.println("Batchqty Is Less Than Rqty"): null

2018-05-15 19:03:37 - [TEST_STEP][PASSED] - Statement - product = new com.kms.katalon.core.testobject.TestObject(): null

2018-05-15 19:03:37 - [TEST_STEP][PASSED] - Statement - product = com.kms.katalon.core.webui.keyword.WebUiBuiltInKeywords.modifyObjectProperty(product, "xpath", "equals", "//*[@id = "fldvendor" + row + ""]", true): Modify property of object successfully

2018-05-15 19:03:37 - [MESSAGE][PASSED] - Modify property of object successfully

2018-05-15 19:03:37 - [TEST_STEP][PASSED] - selectOptionByIndex: All options with index in [3] are selected on object ''

2018-05-15 19:03:37 - [MESSAGE][PASSED] - All options with index in [3] are selected on object ''

2018-05-15 19:03:37 - [TEST_STEP][PASSED] - Statement - batch = new com.kms.katalon.core.testobject.TestObject(): null

2018-05-15 19:03:37 - [TEST_STEP][PASSED] - Statement - batch = com.kms.katalon.core.webui.keyword.WebUiBuiltInKeywords.modifyObjectProperty(batch, "xpath", "equals", "//*[@id = "txtbthqty" + row + ""]", true): Modify property of object successfully

2018-05-15 19:03:37 - [MESSAGE][PASSED] - Modify property of object successfully

2018-05-15 19:03:37 - [TEST_STEP][PASSED] - Statement - batchqty = com.kms.katalon.core.webui.keyword.WebUiBuiltInKeywords.getAttribute(batch, "value").trim(): Attribute 'value' of object '' is: '5000'

2018-05-15 19:03:37 - [MESSAGE][PASSED] - Attribute 'value' of object '' is: '5000'

2018-05-15 19:03:37 - [TEST_STEP][PASSED] - Statement - Rqty = 10000: null

2018-05-15 19:03:37 - [TEST_STEP][PASSED] - delay: Delayed 2 second(s)

2018-05-15 19:03:39 - [MESSAGE][PASSED] - Delayed 2 second(s)

2018-05-15 19:03:39 - [TEST_STEP][PASSED] - Statement - out.println("BatchQty : " + batchqty): null

2018-05-15 19:03:39 - [TEST_STEP][PASSED] - Statement - out.println("RQty : " + Rqty): null

2018-05-15 19:03:39 - [TEST_STEP][PASSED] - Statement - If (java.lang.Integer.valueOf(batchqty) >= java.lang.Integer.valueOf(Rqty)): null

2018-05-15 19:03:39 - [TEST_STEP][PASSED] - Statement - Else: null

2018-05-15 19:03:39 - [TEST_STEP][PASSED] - Statement - out.println("Batchqty Is Less Than Rqty"): null

2018-05-15 19:03:39 - [TEST_STEP][PASSED] - Statement - batchlength = new com.kms.katalon.core.testobject.TestObject(): null

2018-05-15 19:03:39 - [TEST_STEP][PASSED] - Statement - batchlength = com.kms.katalon.core.webui.keyword.WebUiBuiltInKeywords.modifyObjectProperty(batchlength, "xpath", "equals", "//*[@id = "fldvendor" + row + ""]", true): Modify property of object successfully

2018-05-15 19:03:39 - [MESSAGE][PASSED] - Modify property of object successfully

2018-05-15 19:03:39 - [TEST_STEP][PASSED] - Statement - batchsize = com.kms.katalon.core.webui.keyword.WebUiBuiltInKeywords.getNumberOfTotalOption(batchlength): 5 options of object '' counted

2018-05-15 19:03:39 - [MESSAGE][PASSED] - 5 options of object '' counted

2018-05-15 19:03:39 - [TEST_STEP][PASSED] - Statement - out.println("BatchSize : " + batchsize): null

2018-05-15 19:03:39 - [TEST_STEP][PASSED] - Statement - For ([n = 1, n <= batchsize - 1, (n++)]): null

2018-05-15 19:03:39 - [TEST_STEP][PASSED] - Statement - product = new com.kms.katalon.core.testobject.TestObject(): null

2018-05-15 19:03:39 - [TEST_STEP][PASSED] - Statement - product = com.kms.katalon.core.webui.keyword.WebUiBuiltInKeywords.modifyObjectProperty(product, "xpath", "equals", "//*[@id = "fldvendor" + row + ""]", true): Modify property of object successfully

2018-05-15 19:03:39 - [MESSAGE][PASSED] - Modify property of object successfully

2018-05-15 19:03:39 - [TEST_STEP][PASSED] - selectOptionByIndex: All options with index in [1] are selected on object ''

2018-05-15 19:03:40 - [MESSAGE][PASSED] - All options with index in [1] are selected on object ''

2018-05-15 19:03:40 - [TEST_STEP][PASSED] - Statement - batch = new com.kms.katalon.core.testobject.TestObject(): null

2018-05-15 19:03:40 - [TEST_STEP][PASSED] - Statement - batch = com.kms.katalon.core.webui.keyword.WebUiBuiltInKeywords.modifyObjectProperty(batch, "xpath", "equals", "//*[@id = "txtbthqty" + row + ""]", true): Modify property of object successfully

2018-05-15 19:03:40 - [MESSAGE][PASSED] - Modify property of object successfully

2018-05-15 19:03:40 - [TEST_STEP][PASSED] - Statement - batchqty = com.kms.katalon.core.webui.keyword.WebUiBuiltInKeywords.getAttribute(batch, "value").trim(): Attribute 'value' of object '' is: '5000'

2018-05-15 19:03:40 - [MESSAGE][PASSED] - Attribute 'value' of object '' is: '5000'

2018-05-15 19:03:40 - [TEST_STEP][PASSED] - Statement - Rqty = 10000: null

2018-05-15 19:03:40 - [TEST_STEP][PASSED] - delay: Delayed 2 second(s)

2018-05-15 19:03:42 - [MESSAGE][PASSED] - Delayed 2 second(s)

2018-05-15 19:03:42 - [TEST_STEP][PASSED] - Statement - out.println("BatchQty : " + batchqty): null

2018-05-15 19:03:42 - [TEST_STEP][PASSED] - Statement - out.println("RQty : " + Rqty): null

2018-05-15 19:03:42 - [TEST_STEP][PASSED] - Statement - If (java.lang.Integer.valueOf(batchqty) >= java.lang.Integer.valueOf(Rqty)): null

2018-05-15 19:03:42 - [TEST_STEP][PASSED] - Statement - Else: null

2018-05-15 19:03:42 - [TEST_STEP][PASSED] - Statement - out.println("Batchqty Is Less Than Rqty"): null

2018-05-15 19:03:42 - [TEST_STEP][PASSED] - Statement - product = new com.kms.katalon.core.testobject.TestObject(): null

2018-05-15 19:03:42 - [TEST_STEP][PASSED] - Statement - product = com.kms.katalon.core.webui.keyword.WebUiBuiltInKeywords.modifyObjectProperty(product, "xpath", "equals", "//*[@id = "fldvendor" + row + ""]", true): Modify property of object successfully

2018-05-15 19:03:42 - [MESSAGE][PASSED] - Modify property of object successfully

2018-05-15 19:03:42 - [TEST_STEP][PASSED] - selectOptionByIndex: All options with index in [2] are selected on object ''

2018-05-15 19:03:42 - [MESSAGE][PASSED] - All options with index in [2] are selected on object ''

2018-05-15 19:03:42 - [TEST_STEP][PASSED] - Statement - batch = new com.kms.katalon.core.testobject.TestObject(): null

2018-05-15 19:03:42 - [TEST_STEP][PASSED] - Statement - batch = com.kms.katalon.core.webui.keyword.WebUiBuiltInKeywords.modifyObjectProperty(batch, "xpath", "equals", "//*[@id = "txtbthqty" + row + ""]", true): Modify property of object successfully

2018-05-15 19:03:42 - [MESSAGE][PASSED] - Modify property of object successfully

2018-05-15 19:03:42 - [TEST_STEP][PASSED] - Statement - batchqty = com.kms.katalon.core.webui.keyword.WebUiBuiltInKeywords.getAttribute(batch, "value").trim(): Attribute 'value' of object '' is: '200'

2018-05-15 19:03:42 - [MESSAGE][PASSED] - Attribute 'value' of object '' is: '200'

2018-05-15 19:03:42 - [TEST_STEP][PASSED] - Statement - Rqty = 10000: null

2018-05-15 19:03:42 - [TEST_STEP][PASSED] - delay: Delayed 2 second(s)

2018-05-15 19:03:44 - [MESSAGE][PASSED] - Delayed 2 second(s)

2018-05-15 19:03:44 - [TEST_STEP][PASSED] - Statement - out.println("BatchQty : " + batchqty): null

2018-05-15 19:03:44 - [TEST_STEP][PASSED] - Statement - out.println("RQty : " + Rqty): null

2018-05-15 19:03:44 - [TEST_STEP][PASSED] - Statement - If (java.lang.Integer.valueOf(batchqty) >= java.lang.Integer.valueOf(Rqty)): null

2018-05-15 19:03:44 - [TEST_STEP][PASSED] - Statement - Else: null

2018-05-15 19:03:44 - [TEST_STEP][PASSED] - Statement - out.println("Batchqty Is Less Than Rqty"): null

2018-05-15 19:03:44 - [TEST_STEP][PASSED] - Statement - product = new com.kms.katalon.core.testobject.TestObject(): null

2018-05-15 19:03:44 - [TEST_STEP][PASSED] - Statement - product = com.kms.katalon.core.webui.keyword.WebUiBuiltInKeywords.modifyObjectProperty(product, "xpath", "equals", "//*[@id = "fldvendor" + row + ""]", true): Modify property of object successfully

2018-05-15 19:03:44 - [MESSAGE][PASSED] - Modify property of object successfully

2018-05-15 19:03:44 - [TEST_STEP][PASSED] - selectOptionByIndex: All options with index in [3] are selected on object ''

2018-05-15 19:03:44 - [MESSAGE][PASSED] - All options with index in [3] are selected on object ''

2018-05-15 19:03:44 - [TEST_STEP][PASSED] - Statement - batch = new com.kms.katalon.core.testobject.TestObject(): null

2018-05-15 19:03:44 - [TEST_STEP][PASSED] - Statement - batch = com.kms.katalon.core.webui.keyword.WebUiBuiltInKeywords.modifyObjectProperty(batch, "xpath", "equals", "//*[@id = "txtbthqty" + row + ""]", true): Modify property of object successfully

2018-05-15 19:03:44 - [MESSAGE][PASSED] - Modify property of object successfully

2018-05-15 19:03:44 - [TEST_STEP][PASSED] - Statement - batchqty = com.kms.katalon.core.webui.keyword.WebUiBuiltInKeywords.getAttribute(batch, "value").trim(): Attribute 'value' of object '' is: '5000'

2018-05-15 19:03:44 - [MESSAGE][PASSED] - Attribute 'value' of object '' is: '5000'

2018-05-15 19:03:44 - [TEST_STEP][PASSED] - Statement - Rqty = 10000: null

2018-05-15 19:03:44 - [TEST_STEP][PASSED] - delay: Delayed 2 second(s)

2018-05-15 19:03:46 - [MESSAGE][PASSED] - Delayed 2 second(s)

2018-05-15 19:03:46 - [TEST_STEP][PASSED] - Statement - out.println("BatchQty : " + batchqty): null

2018-05-15 19:03:46 - [TEST_STEP][PASSED] - Statement - out.println("RQty : " + Rqty): null

2018-05-15 19:03:46 - [TEST_STEP][PASSED] - Statement - If (java.lang.Integer.valueOf(batchqty) >= java.lang.Integer.valueOf(Rqty)): null

2018-05-15 19:03:46 - [TEST_STEP][PASSED] - Statement - Else: null

2018-05-15 19:03:46 - [TEST_STEP][PASSED] - Statement - out.println("Batchqty Is Less Than Rqty"): null

2018-05-15 19:03:46 - [TEST_STEP][PASSED] - Statement - product = new com.kms.katalon.core.testobject.TestObject(): null

2018-05-15 19:03:46 - [TEST_STEP][PASSED] - Statement - product = com.kms.katalon.core.webui.keyword.WebUiBuiltInKeywords.modifyObjectProperty(product, "xpath", "equals", "//*[@id = "fldvendor" + row + ""]", true): Modify property of object successfully

2018-05-15 19:03:46 - [MESSAGE][PASSED] - Modify property of object successfully

2018-05-15 19:03:46 - [TEST_STEP][PASSED] - selectOptionByIndex: All options with index in [4] are selected on object ''

2018-05-15 19:03:46 - [MESSAGE][PASSED] - All options with index in [4] are selected on object ''

2018-05-15 19:03:46 - [TEST_STEP][PASSED] - Statement - batch = new com.kms.katalon.core.testobject.TestObject(): null

2018-05-15 19:03:46 - [TEST_STEP][PASSED] - Statement - batch = com.kms.katalon.core.webui.keyword.WebUiBuiltInKeywords.modifyObjectProperty(batch, "xpath", "equals", "//*[@id = "txtbthqty" + row + ""]", true): Modify property of object successfully

2018-05-15 19:03:46 - [MESSAGE][PASSED] - Modify property of object successfully

2018-05-15 19:03:46 - [TEST_STEP][PASSED] - Statement - batchqty = com.kms.katalon.core.webui.keyword.WebUiBuiltInKeywords.getAttribute(batch, "value").trim(): Attribute 'value' of object '' is: '800'

2018-05-15 19:03:46 - [MESSAGE][PASSED] - Attribute 'value' of object '' is: '800'

2018-05-15 19:03:46 - [TEST_STEP][PASSED] - Statement - Rqty = 10000: null

2018-05-15 19:03:46 - [TEST_STEP][PASSED] - delay: Delayed 2 second(s)

2018-05-15 19:03:48 - [MESSAGE][PASSED] - Delayed 2 second(s)

2018-05-15 19:03:48 - [TEST_STEP][PASSED] - Statement - out.println("BatchQty : " + batchqty): null

2018-05-15 19:03:48 - [TEST_STEP][PASSED] - Statement - out.println("RQty : " + Rqty): null

2018-05-15 19:03:48 - [TEST_STEP][PASSED] - Statement - If (java.lang.Integer.valueOf(batchqty) >= java.lang.Integer.valueOf(Rqty)): null

2018-05-15 19:03:48 - [TEST_STEP][PASSED] - Statement - Else: null

2018-05-15 19:03:48 - [TEST_STEP][PASSED] - Statement - out.println("Batchqty Is Less Than Rqty"): null

2018-05-15 19:03:48 - [TEST_STEP][PASSED] - Statement - batchlength = new com.kms.katalon.core.testobject.TestObject(): null

2018-05-15 19:03:48 - [TEST_STEP][PASSED] - Statement - batchlength = com.kms.katalon.core.webui.keyword.WebUiBuiltInKeywords.modifyObjectProperty(batchlength, "xpath", "equals", "//*[@id = "fldvendor" + row + ""]", true): Modify property of object successfully

2018-05-15 19:03:48 - [MESSAGE][PASSED] - Modify property of object successfully

2018-05-15 19:03:48 - [TEST_STEP][PASSED] - Statement - batchsize = com.kms.katalon.core.webui.keyword.WebUiBuiltInKeywords.getNumberOfTotalOption(batchlength): 5 options of object '' counted

2018-05-15 19:03:48 - [MESSAGE][PASSED] - 5 options of object '' counted

2018-05-15 19:03:48 - [TEST_STEP][PASSED] - Statement - out.println("BatchSize : " + batchsize): null

2018-05-15 19:03:48 - [TEST_STEP][PASSED] - Statement - For ([n = 1, n <= batchsize - 1, (n++)]): null

2018-05-15 19:03:48 - [TEST_STEP][PASSED] - Statement - product = new com.kms.katalon.core.testobject.TestObject(): null

2018-05-15 19:03:48 - [TEST_STEP][PASSED] - Statement - product = com.kms.katalon.core.webui.keyword.WebUiBuiltInKeywords.modifyObjectProperty(product, "xpath", "equals", "//*[@id = "fldvendor" + row + ""]", true): Modify property of object successfully

2018-05-15 19:03:48 - [MESSAGE][PASSED] - Modify property of object successfully

2018-05-15 19:03:48 - [TEST_STEP][PASSED] - selectOptionByIndex: All options with index in [1] are selected on object ''

2018-05-15 19:03:48 - [MESSAGE][PASSED] - All options with index in [1] are selected on object ''

2018-05-15 19:03:48 - [TEST_STEP][PASSED] - Statement - batch = new com.kms.katalon.core.testobject.TestObject(): null

2018-05-15 19:03:48 - [TEST_STEP][PASSED] - Statement - batch = com.kms.katalon.core.webui.keyword.WebUiBuiltInKeywords.modifyObjectProperty(batch, "xpath", "equals", "//*[@id = "txtbthqty" + row + ""]", true): Modify property of object successfully

2018-05-15 19:03:48 - [MESSAGE][PASSED] - Modify property of object successfully

2018-05-15 19:03:48 - [TEST_STEP][PASSED] - Statement - batchqty = com.kms.katalon.core.webui.keyword.WebUiBuiltInKeywords.getAttribute(batch, "value").trim(): Attribute 'value' of object '' is: '200'

2018-05-15 19:03:48 - [MESSAGE][PASSED] - Attribute 'value' of object '' is: '200'

2018-05-15 19:03:48 - [TEST_STEP][PASSED] - Statement - Rqty = 10000: null

2018-05-15 19:03:48 - [TEST_STEP][PASSED] - delay: Delayed 2 second(s)

2018-05-15 19:03:50 - [MESSAGE][PASSED] - Delayed 2 second(s)

2018-05-15 19:03:50 - [TEST_STEP][PASSED] - Statement - out.println("BatchQty : " + batchqty): null

2018-05-15 19:03:50 - [TEST_STEP][PASSED] - Statement - out.println("RQty : " + Rqty): null

2018-05-15 19:03:50 - [TEST_STEP][PASSED] - Statement - If (java.lang.Integer.valueOf(batchqty) >= java.lang.Integer.valueOf(Rqty)): null

2018-05-15 19:03:50 - [TEST_STEP][PASSED] - Statement - Else: null

2018-05-15 19:03:50 - [TEST_STEP][PASSED] - Statement - out.println("Batchqty Is Less Than Rqty"): null

2018-05-15 19:03:50 - [TEST_STEP][PASSED] - Statement - product = new com.kms.katalon.core.testobject.TestObject(): null

2018-05-15 19:03:50 - [TEST_STEP][PASSED] - Statement - product = com.kms.katalon.core.webui.keyword.WebUiBuiltInKeywords.modifyObjectProperty(product, "xpath", "equals", "//*[@id = "fldvendor" + row + ""]", true): Modify property of object successfully

2018-05-15 19:03:50 - [MESSAGE][PASSED] - Modify property of object successfully

2018-05-15 19:03:50 - [TEST_STEP][PASSED] - selectOptionByIndex: All options with index in [2] are selected on object ''

2018-05-15 19:03:51 - [MESSAGE][PASSED] - All options with index in [2] are selected on object ''

2018-05-15 19:03:51 - [TEST_STEP][PASSED] - Statement - batch = new com.kms.katalon.core.testobject.TestObject(): null

2018-05-15 19:03:51 - [TEST_STEP][PASSED] - Statement - batch = com.kms.katalon.core.webui.keyword.WebUiBuiltInKeywords.modifyObjectProperty(batch, "xpath", "equals", "//*[@id = "txtbthqty" + row + ""]", true): Modify property of object successfully

2018-05-15 19:03:51 - [MESSAGE][PASSED] - Modify property of object successfully

2018-05-15 19:03:51 - [TEST_STEP][PASSED] - Statement - batchqty = com.kms.katalon.core.webui.keyword.WebUiBuiltInKeywords.getAttribute(batch, "value").trim(): Attribute 'value' of object '' is: '5000'

2018-05-15 19:03:51 - [MESSAGE][PASSED] - Attribute 'value' of object '' is: '5000'

2018-05-15 19:03:51 - [TEST_STEP][PASSED] - Statement - Rqty = 10000: null

2018-05-15 19:03:51 - [TEST_STEP][PASSED] - delay: Delayed 2 second(s)

2018-05-15 19:03:53 - [MESSAGE][PASSED] - Delayed 2 second(s)

2018-05-15 19:03:53 - [TEST_STEP][PASSED] - Statement - out.println("BatchQty : " + batchqty): null

2018-05-15 19:03:53 - [TEST_STEP][PASSED] - Statement - out.println("RQty : " + Rqty): null

2018-05-15 19:03:53 - [TEST_STEP][PASSED] - Statement - If (java.lang.Integer.valueOf(batchqty) >= java.lang.Integer.valueOf(Rqty)): null

2018-05-15 19:03:53 - [TEST_STEP][PASSED] - Statement - Else: null

2018-05-15 19:03:53 - [TEST_STEP][PASSED] - Statement - out.println("Batchqty Is Less Than Rqty"): null

2018-05-15 19:03:53 - [TEST_STEP][PASSED] - Statement - product = new com.kms.katalon.core.testobject.TestObject(): null

2018-05-15 19:03:53 - [TEST_STEP][PASSED] - Statement - product = com.kms.katalon.core.webui.keyword.WebUiBuiltInKeywords.modifyObjectProperty(product, "xpath", "equals", "//*[@id = "fldvendor" + row + ""]", true): Modify property of object successfully

2018-05-15 19:03:53 - [MESSAGE][PASSED] - Modify property of object successfully

2018-05-15 19:03:53 - [TEST_STEP][PASSED] - selectOptionByIndex: All options with index in [3] are selected on object ''

2018-05-15 19:03:53 - [MESSAGE][PASSED] - All options with index in [3] are selected on object ''

2018-05-15 19:03:53 - [TEST_STEP][PASSED] - Statement - batch = new com.kms.katalon.core.testobject.TestObject(): null

2018-05-15 19:03:53 - [TEST_STEP][PASSED] - Statement - batch = com.kms.katalon.core.webui.keyword.WebUiBuiltInKeywords.modifyObjectProperty(batch, "xpath", "equals", "//*[@id = "txtbthqty" + row + ""]", true): Modify property of object successfully

2018-05-15 19:03:53 - [MESSAGE][PASSED] - Modify property of object successfully

2018-05-15 19:03:53 - [TEST_STEP][PASSED] - Statement - batchqty = com.kms.katalon.core.webui.keyword.WebUiBuiltInKeywords.getAttribute(batch, "value").trim(): Attribute 'value' of object '' is: '800'

2018-05-15 19:03:53 - [MESSAGE][PASSED] - Attribute 'value' of object '' is: '800'

2018-05-15 19:03:53 - [TEST_STEP][PASSED] - Statement - Rqty = 10000: null

2018-05-15 19:03:53 - [TEST_STEP][PASSED] - delay: Delayed 2 second(s)

2018-05-15 19:03:55 - [MESSAGE][PASSED] - Delayed 2 second(s)

2018-05-15 19:03:55 - [TEST_STEP][PASSED] - Statement - out.println("BatchQty : " + batchqty): null

2018-05-15 19:03:55 - [TEST_STEP][PASSED] - Statement - out.println("RQty : " + Rqty): null

2018-05-15 19:03:55 - [TEST_STEP][PASSED] - Statement - If (java.lang.Integer.valueOf(batchqty) >= java.lang.Integer.valueOf(Rqty)): null

2018-05-15 19:03:55 - [TEST_STEP][PASSED] - Statement - Else: null

2018-05-15 19:03:55 - [TEST_STEP][PASSED] - Statement - out.println("Batchqty Is Less Than Rqty"): null

2018-05-15 19:03:55 - [TEST_STEP][PASSED] - Statement - product = new com.kms.katalon.core.testobject.TestObject(): null

2018-05-15 19:03:55 - [TEST_STEP][PASSED] - Statement - product = com.kms.katalon.core.webui.keyword.WebUiBuiltInKeywords.modifyObjectProperty(product, "xpath", "equals", "//*[@id = "fldvendor" + row + ""]", true): Modify property of object successfully

2018-05-15 19:03:55 - [MESSAGE][PASSED] - Modify property of object successfully

2018-05-15 19:03:55 - [TEST_STEP][PASSED] - selectOptionByIndex: All options with index in [4] are selected on object ''

2018-05-15 19:03:55 - [MESSAGE][PASSED] - All options with index in [4] are selected on object ''

2018-05-15 19:03:55 - [TEST_STEP][PASSED] - Statement - batch = new com.kms.katalon.core.testobject.TestObject(): null

2018-05-15 19:03:55 - [TEST_STEP][PASSED] - Statement - batch = com.kms.katalon.core.webui.keyword.WebUiBuiltInKeywords.modifyObjectProperty(batch, "xpath", "equals", "//*[@id = "txtbthqty" + row + ""]", true): Modify property of object successfully

2018-05-15 19:03:55 - [MESSAGE][PASSED] - Modify property of object successfully

2018-05-15 19:03:55 - [TEST_STEP][PASSED] - Statement - batchqty = com.kms.katalon.core.webui.keyword.WebUiBuiltInKeywords.getAttribute(batch, "value").trim(): Attribute 'value' of object '' is: '5000'

2018-05-15 19:03:55 - [MESSAGE][PASSED] - Attribute 'value' of object '' is: '5000'

2018-05-15 19:03:55 - [TEST_STEP][PASSED] - Statement - Rqty = 10000: null

2018-05-15 19:03:55 - [TEST_STEP][PASSED] - delay: Delayed 2 second(s)

2018-05-15 19:03:57 - [MESSAGE][PASSED] - Delayed 2 second(s)

2018-05-15 19:03:57 - [TEST_STEP][PASSED] - Statement - out.println("BatchQty : " + batchqty): null

2018-05-15 19:03:57 - [TEST_STEP][PASSED] - Statement - out.println("RQty : " + Rqty): null

2018-05-15 19:03:57 - [TEST_STEP][PASSED] - Statement - If (java.lang.Integer.valueOf(batchqty) >= java.lang.Integer.valueOf(Rqty)): null

2018-05-15 19:03:57 - [TEST_STEP][PASSED] - Statement - Else: null

2018-05-15 19:03:57 - [TEST_STEP][PASSED] - Statement - out.println("Batchqty Is Less Than Rqty"): null

2018-05-15 19:03:57 - [TEST_STEP][PASSED] - Statement - batchlength = new com.kms.katalon.core.testobject.TestObject(): null

2018-05-15 19:03:57 - [TEST_STEP][PASSED] - Statement - batchlength = com.kms.katalon.core.webui.keyword.WebUiBuiltInKeywords.modifyObjectProperty(batchlength, "xpath", "equals", "//*[@id = "fldvendor" + row + ""]", true): Modify property of object successfully

2018-05-15 19:03:57 - [MESSAGE][PASSED] - Modify property of object successfully

2018-05-15 19:03:57 - [TEST_STEP][PASSED] - Statement - batchsize = com.kms.katalon.core.webui.keyword.WebUiBuiltInKeywords.getNumberOfTotalOption(batchlength): 5 options of object '' counted

2018-05-15 19:03:57 - [MESSAGE][PASSED] - 5 options of object '' counted

2018-05-15 19:03:57 - [TEST_STEP][PASSED] - Statement - out.println("BatchSize : " + batchsize): null

2018-05-15 19:03:57 - [TEST_STEP][PASSED] - Statement - For ([n = 1, n <= batchsize - 1, (n++)]): null

2018-05-15 19:03:57 - [TEST_STEP][PASSED] - Statement - product = new com.kms.katalon.core.testobject.TestObject(): null

2018-05-15 19:03:57 - [TEST_STEP][PASSED] - Statement - product = com.kms.katalon.core.webui.keyword.WebUiBuiltInKeywords.modifyObjectProperty(product, "xpath", "equals", "//*[@id = "fldvendor" + row + ""]", true): Modify property of object successfully

2018-05-15 19:03:57 - [MESSAGE][PASSED] - Modify property of object successfully

2018-05-15 19:03:57 - [TEST_STEP][PASSED] - selectOptionByIndex: All options with index in [1] are selected on object ''

2018-05-15 19:03:57 - [MESSAGE][PASSED] - All options with index in [1] are selected on object ''

2018-05-15 19:03:57 - [TEST_STEP][PASSED] - Statement - batch = new com.kms.katalon.core.testobject.TestObject(): null

2018-05-15 19:03:57 - [TEST_STEP][PASSED] - Statement - batch = com.kms.katalon.core.webui.keyword.WebUiBuiltInKeywords.modifyObjectProperty(batch, "xpath", "equals", "//*[@id = "txtbthqty" + row + ""]", true): Modify property of object successfully

2018-05-15 19:03:57 - [MESSAGE][PASSED] - Modify property of object successfully

2018-05-15 19:03:57 - [TEST_STEP][PASSED] - Statement - batchqty = com.kms.katalon.core.webui.keyword.WebUiBuiltInKeywords.getAttribute(batch, "value").trim(): Attribute 'value' of object '' is: '5000'

2018-05-15 19:03:57 - [MESSAGE][PASSED] - Attribute 'value' of object '' is: '5000'

2018-05-15 19:03:57 - [TEST_STEP][PASSED] - Statement - Rqty = 10000: null

2018-05-15 19:03:57 - [TEST_STEP][PASSED] - delay: Delayed 2 second(s)

2018-05-15 19:03:59 - [MESSAGE][PASSED] - Delayed 2 second(s)

2018-05-15 19:03:59 - [TEST_STEP][PASSED] - Statement - out.println("BatchQty : " + batchqty): null

2018-05-15 19:03:59 - [TEST_STEP][PASSED] - Statement - out.println("RQty : " + Rqty): null

2018-05-15 19:03:59 - [TEST_STEP][PASSED] - Statement - If (java.lang.Integer.valueOf(batchqty) >= java.lang.Integer.valueOf(Rqty)): null

2018-05-15 19:03:59 - [TEST_STEP][PASSED] - Statement - Else: null

2018-05-15 19:03:59 - [TEST_STEP][PASSED] - Statement - out.println("Batchqty Is Less Than Rqty"): null

2018-05-15 19:03:59 - [TEST_STEP][PASSED] - Statement - product = new com.kms.katalon.core.testobject.TestObject(): null

2018-05-15 19:03:59 - [TEST_STEP][PASSED] - Statement - product = com.kms.katalon.core.webui.keyword.WebUiBuiltInKeywords.modifyObjectProperty(product, "xpath", "equals", "//*[@id = "fldvendor" + row + ""]", true): Modify property of object successfully

2018-05-15 19:03:59 - [MESSAGE][PASSED] - Modify property of object successfully

2018-05-15 19:03:59 - [TEST_STEP][PASSED] - selectOptionByIndex: All options with index in [2] are selected on object ''

2018-05-15 19:03:59 - [MESSAGE][PASSED] - All options with index in [2] are selected on object ''

2018-05-15 19:03:59 - [TEST_STEP][PASSED] - Statement - batch = new com.kms.katalon.core.testobject.TestObject(): null

2018-05-15 19:03:59 - [TEST_STEP][PASSED] - Statement - batch = com.kms.katalon.core.webui.keyword.WebUiBuiltInKeywords.modifyObjectProperty(batch, "xpath", "equals", "//*[@id = "txtbthqty" + row + ""]", true): Modify property of object successfully

2018-05-15 19:03:59 - [MESSAGE][PASSED] - Modify property of object successfully

2018-05-15 19:03:59 - [TEST_STEP][PASSED] - Statement - batchqty = com.kms.katalon.core.webui.keyword.WebUiBuiltInKeywords.getAttribute(batch, "value").trim(): Attribute 'value' of object '' is: '800'

2018-05-15 19:03:59 - [MESSAGE][PASSED] - Attribute 'value' of object '' is: '800'

2018-05-15 19:03:59 - [TEST_STEP][PASSED] - Statement - Rqty = 10000: null

2018-05-15 19:03:59 - [TEST_STEP][PASSED] - delay: Delayed 2 second(s)

2018-05-15 19:04:01 - [MESSAGE][PASSED] - Delayed 2 second(s)

2018-05-15 19:04:01 - [TEST_STEP][PASSED] - Statement - out.println("BatchQty : " + batchqty): null

2018-05-15 19:04:01 - [TEST_STEP][PASSED] - Statement - out.println("RQty : " + Rqty): null

2018-05-15 19:04:01 - [TEST_STEP][PASSED] - Statement - If (java.lang.Integer.valueOf(batchqty) >= java.lang.Integer.valueOf(Rqty)): null

2018-05-15 19:04:01 - [TEST_STEP][PASSED] - Statement - Else: null

2018-05-15 19:04:01 - [TEST_STEP][PASSED] - Statement - out.println("Batchqty Is Less Than Rqty"): null

2018-05-15 19:04:01 - [TEST_STEP][PASSED] - Statement - product = new com.kms.katalon.core.testobject.TestObject(): null

2018-05-15 19:04:01 - [TEST_STEP][PASSED] - Statement - product = com.kms.katalon.core.webui.keyword.WebUiBuiltInKeywords.modifyObjectProperty(product, "xpath", "equals", "//*[@id = "fldvendor" + row + ""]", true): Modify property of object successfully

2018-05-15 19:04:01 - [MESSAGE][PASSED] - Modify property of object successfully

2018-05-15 19:04:01 - [TEST_STEP][PASSED] - selectOptionByIndex: All options with index in [3] are selected on object ''

2018-05-15 19:04:02 - [MESSAGE][PASSED] - All options with index in [3] are selected on object ''

2018-05-15 19:04:02 - [TEST_STEP][PASSED] - Statement - batch = new com.kms.katalon.core.testobject.TestObject(): null

2018-05-15 19:04:02 - [TEST_STEP][PASSED] - Statement - batch = com.kms.katalon.core.webui.keyword.WebUiBuiltInKeywords.modifyObjectProperty(batch, "xpath", "equals", "//*[@id = "txtbthqty" + row + ""]", true): Modify property of object successfully

2018-05-15 19:04:02 - [MESSAGE][PASSED] - Modify property of object successfully

2018-05-15 19:04:02 - [TEST_STEP][PASSED] - Statement - batchqty = com.kms.katalon.core.webui.keyword.WebUiBuiltInKeywords.getAttribute(batch, "value").trim(): Attribute 'value' of object '' is: '5000'

2018-05-15 19:04:02 - [MESSAGE][PASSED] - Attribute 'value' of object '' is: '5000'

2018-05-15 19:04:02 - [TEST_STEP][PASSED] - Statement - Rqty = 10000: null

2018-05-15 19:04:02 - [TEST_STEP][PASSED] - delay: Delayed 2 second(s)

2018-05-15 19:04:04 - [MESSAGE][PASSED] - Delayed 2 second(s)

2018-05-15 19:04:04 - [TEST_STEP][PASSED] - Statement - out.println("BatchQty : " + batchqty): null

2018-05-15 19:04:04 - [TEST_STEP][PASSED] - Statement - out.println("RQty : " + Rqty): null

2018-05-15 19:04:04 - [TEST_STEP][PASSED] - Statement - If (java.lang.Integer.valueOf(batchqty) >= java.lang.Integer.valueOf(Rqty)): null

2018-05-15 19:04:04 - [TEST_STEP][PASSED] - Statement - Else: null

2018-05-15 19:04:04 - [TEST_STEP][PASSED] - Statement - out.println("Batchqty Is Less Than Rqty"): null

2018-05-15 19:04:04 - [TEST_STEP][PASSED] - Statement - product = new com.kms.katalon.core.testobject.TestObject(): null

2018-05-15 19:04:04 - [TEST_STEP][PASSED] - Statement - product = com.kms.katalon.core.webui.keyword.WebUiBuiltInKeywords.modifyObjectProperty(product, "xpath", "equals", "//*[@id = "fldvendor" + row + ""]", true): Modify property of object successfully

2018-05-15 19:04:04 - [MESSAGE][PASSED] - Modify property of object successfully

2018-05-15 19:04:04 - [TEST_STEP][PASSED] - selectOptionByIndex: All options with index in [4] are selected on object ''

2018-05-15 19:04:04 - [MESSAGE][PASSED] - All options with index in [4] are selected on object ''

2018-05-15 19:04:04 - [TEST_STEP][PASSED] - Statement - batch = new com.kms.katalon.core.testobject.TestObject(): null

2018-05-15 19:04:04 - [TEST_STEP][PASSED] - Statement - batch = com.kms.katalon.core.webui.keyword.WebUiBuiltInKeywords.modifyObjectProperty(batch, "xpath", "equals", "//*[@id = "txtbthqty" + row + ""]", true): Modify property of object successfully

2018-05-15 19:04:04 - [MESSAGE][PASSED] - Modify property of object successfully

2018-05-15 19:04:04 - [TEST_STEP][PASSED] - Statement - batchqty = com.kms.katalon.core.webui.keyword.WebUiBuiltInKeywords.getAttribute(batch, "value").trim(): Attribute 'value' of object '' is: '200'

2018-05-15 19:04:04 - [MESSAGE][PASSED] - Attribute 'value' of object '' is: '200'

2018-05-15 19:04:04 - [TEST_STEP][PASSED] - Statement - Rqty = 10000: null

2018-05-15 19:04:04 - [TEST_STEP][PASSED] - delay: Delayed 2 second(s)

2018-05-15 19:04:06 - [MESSAGE][PASSED] - Delayed 2 second(s)

2018-05-15 19:04:06 - [TEST_STEP][PASSED] - Statement - out.println("BatchQty : " + batchqty): null

2018-05-15 19:04:06 - [TEST_STEP][PASSED] - Statement - out.println("RQty : " + Rqty): null

2018-05-15 19:04:06 - [TEST_STEP][PASSED] - Statement - If (java.lang.Integer.valueOf(batchqty) >= java.lang.Integer.valueOf(Rqty)): null

2018-05-15 19:04:06 - [TEST_STEP][PASSED] - Statement - Else: null

2018-05-15 19:04:06 - [TEST_STEP][PASSED] - Statement - out.println("Batchqty Is Less Than Rqty"): null

2018-05-15 19:04:06 - [TEST_STEP][PASSED] - Statement - batchlength = new com.kms.katalon.core.testobject.TestObject(): null

2018-05-15 19:04:06 - [TEST_STEP][PASSED] - Statement - batchlength = com.kms.katalon.core.webui.keyword.WebUiBuiltInKeywords.modifyObjectProperty(batchlength, "xpath", "equals", "//*[@id = "fldvendor" + row + ""]", true): Modify property of object successfully

2018-05-15 19:04:06 - [MESSAGE][PASSED] - Modify property of object successfully

2018-05-15 19:04:06 - [TEST_STEP][PASSED] - Statement - batchsize = com.kms.katalon.core.webui.keyword.WebUiBuiltInKeywords.getNumberOfTotalOption(batchlength): 4 options of object '' counted

2018-05-15 19:04:06 - [MESSAGE][PASSED] - 4 options of object '' counted

2018-05-15 19:04:06 - [TEST_STEP][PASSED] - Statement - out.println("BatchSize : " + batchsize): null

2018-05-15 19:04:06 - [TEST_STEP][PASSED] - Statement - For ([n = 1, n <= batchsize - 1, (n++)]): null

2018-05-15 19:04:06 - [TEST_STEP][PASSED] - Statement - product = new com.kms.katalon.core.testobject.TestObject(): null

2018-05-15 19:04:06 - [TEST_STEP][PASSED] - Statement - product = com.kms.katalon.core.webui.keyword.WebUiBuiltInKeywords.modifyObjectProperty(product, "xpath", "equals", "//*[@id = "fldvendor" + row + ""]", true): Modify property of object successfully

2018-05-15 19:04:06 - [MESSAGE][PASSED] - Modify property of object successfully

2018-05-15 19:04:06 - [TEST_STEP][PASSED] - selectOptionByIndex: All options with index in [1] are selected on object ''

2018-05-15 19:04:06 - [MESSAGE][PASSED] - All options with index in [1] are selected on object ''

2018-05-15 19:04:06 - [TEST_STEP][PASSED] - Statement - batch = new com.kms.katalon.core.testobject.TestObject(): null

2018-05-15 19:04:06 - [TEST_STEP][PASSED] - Statement - batch = com.kms.katalon.core.webui.keyword.WebUiBuiltInKeywords.modifyObjectProperty(batch, "xpath", "equals", "//*[@id = "txtbthqty" + row + ""]", true): Modify property of object successfully

2018-05-15 19:04:06 - [MESSAGE][PASSED] - Modify property of object successfully

2018-05-15 19:04:06 - [TEST_STEP][PASSED] - Statement - batchqty = com.kms.katalon.core.webui.keyword.WebUiBuiltInKeywords.getAttribute(batch, "value").trim(): Attribute 'value' of object '' is: '5000'

2018-05-15 19:04:06 - [MESSAGE][PASSED] - Attribute 'value' of object '' is: '5000'

2018-05-15 19:04:06 - [TEST_STEP][PASSED] - Statement - Rqty = 10000: null

2018-05-15 19:04:06 - [TEST_STEP][PASSED] - delay: Delayed 2 second(s)

2018-05-15 19:04:08 - [MESSAGE][PASSED] - Delayed 2 second(s)

2018-05-15 19:04:08 - [TEST_STEP][PASSED] - Statement - out.println("BatchQty : " + batchqty): null

2018-05-15 19:04:08 - [TEST_STEP][PASSED] - Statement - out.println("RQty : " + Rqty): null

2018-05-15 19:04:08 - [TEST_STEP][PASSED] - Statement - If (java.lang.Integer.valueOf(batchqty) >= java.lang.Integer.valueOf(Rqty)): null

2018-05-15 19:04:08 - [TEST_STEP][PASSED] - Statement - Else: null

2018-05-15 19:04:08 - [TEST_STEP][PASSED] - Statement - out.println("Batchqty Is Less Than Rqty"): null

2018-05-15 19:04:08 - [TEST_STEP][PASSED] - Statement - product = new com.kms.katalon.core.testobject.TestObject(): null

2018-05-15 19:04:08 - [TEST_STEP][PASSED] - Statement - product = com.kms.katalon.core.webui.keyword.WebUiBuiltInKeywords.modifyObjectProperty(product, "xpath", "equals", "//*[@id = "fldvendor" + row + ""]", true): Modify property of object successfully

2018-05-15 19:04:08 - [MESSAGE][PASSED] - Modify property of object successfully

2018-05-15 19:04:08 - [TEST_STEP][PASSED] - selectOptionByIndex: All options with index in [2] are selected on object ''

2018-05-15 19:04:08 - [MESSAGE][PASSED] - All options with index in [2] are selected on object ''

2018-05-15 19:04:08 - [TEST_STEP][PASSED] - Statement - batch = new com.kms.katalon.core.testobject.TestObject(): null

2018-05-15 19:04:08 - [TEST_STEP][PASSED] - Statement - batch = com.kms.katalon.core.webui.keyword.WebUiBuiltInKeywords.modifyObjectProperty(batch, "xpath", "equals", "//*[@id = "txtbthqty" + row + ""]", true): Modify property of object successfully

2018-05-15 19:04:08 - [MESSAGE][PASSED] - Modify property of object successfully

2018-05-15 19:04:08 - [TEST_STEP][PASSED] - Statement - batchqty = com.kms.katalon.core.webui.keyword.WebUiBuiltInKeywords.getAttribute(batch, "value").trim(): Attribute 'value' of object '' is: '5000'

2018-05-15 19:04:08 - [MESSAGE][PASSED] - Attribute 'value' of object '' is: '5000'

2018-05-15 19:04:08 - [TEST_STEP][PASSED] - Statement - Rqty = 10000: null

2018-05-15 19:04:08 - [TEST_STEP][PASSED] - delay: Delayed 2 second(s)

2018-05-15 19:04:10 - [MESSAGE][PASSED] - Delayed 2 second(s)

2018-05-15 19:04:10 - [TEST_STEP][PASSED] - Statement - out.println("BatchQty : " + batchqty): null

2018-05-15 19:04:10 - [TEST_STEP][PASSED] - Statement - out.println("RQty : " + Rqty): null

2018-05-15 19:04:10 - [TEST_STEP][PASSED] - Statement - If (java.lang.Integer.valueOf(batchqty) >= java.lang.Integer.valueOf(Rqty)): null

2018-05-15 19:04:10 - [TEST_STEP][PASSED] - Statement - Else: null

2018-05-15 19:04:10 - [TEST_STEP][PASSED] - Statement - out.println("Batchqty Is Less Than Rqty"): null

2018-05-15 19:04:10 - [TEST_STEP][PASSED] - Statement - product = new com.kms.katalon.core.testobject.TestObject(): null

2018-05-15 19:04:10 - [TEST_STEP][PASSED] - Statement - product = com.kms.katalon.core.webui.keyword.WebUiBuiltInKeywords.modifyObjectProperty(product, "xpath", "equals", "//*[@id = "fldvendor" + row + ""]", true): Modify property of object successfully

2018-05-15 19:04:10 - [MESSAGE][PASSED] - Modify property of object successfully

2018-05-15 19:04:10 - [TEST_STEP][PASSED] - selectOptionByIndex: All options with index in [3] are selected on object ''

2018-05-15 19:04:11 - [MESSAGE][PASSED] - All options with index in [3] are selected on object ''

2018-05-15 19:04:11 - [TEST_STEP][PASSED] - Statement - batch = new com.kms.katalon.core.testobject.TestObject(): null

2018-05-15 19:04:11 - [TEST_STEP][PASSED] - Statement - batch = com.kms.katalon.core.webui.keyword.WebUiBuiltInKeywords.modifyObjectProperty(batch, "xpath", "equals", "//*[@id = "txtbthqty" + row + ""]", true): Modify property of object successfully

2018-05-15 19:04:11 - [MESSAGE][PASSED] - Modify property of object successfully

2018-05-15 19:04:11 - [TEST_STEP][PASSED] - Statement - batchqty = com.kms.katalon.core.webui.keyword.WebUiBuiltInKeywords.getAttribute(batch, "value").trim(): Attribute 'value' of object '' is: '200'

2018-05-15 19:04:11 - [MESSAGE][PASSED] - Attribute 'value' of object '' is: '200'

2018-05-15 19:04:11 - [TEST_STEP][PASSED] - Statement - Rqty = 10000: null

2018-05-15 19:04:11 - [TEST_STEP][PASSED] - delay: Delayed 2 second(s)

2018-05-15 19:04:13 - [MESSAGE][PASSED] - Delayed 2 second(s)

2018-05-15 19:04:13 - [TEST_STEP][PASSED] - Statement - out.println("BatchQty : " + batchqty): null

2018-05-15 19:04:13 - [TEST_STEP][PASSED] - Statement - out.println("RQty : " + Rqty): null

2018-05-15 19:04:13 - [TEST_STEP][PASSED] - Statement - If (java.lang.Integer.valueOf(batchqty) >= java.lang.Integer.valueOf(Rqty)): null

2018-05-15 19:04:13 - [TEST_STEP][PASSED] - Statement - Else: null

2018-05-15 19:04:13 - [TEST_STEP][PASSED] - Statement - out.println("Batchqty Is Less Than Rqty"): null

2018-05-15 19:04:13 - [TEST_STEP][PASSED] - Statement - batchlength = new com.kms.katalon.core.testobject.TestObject(): null

2018-05-15 19:04:13 - [TEST_STEP][PASSED] - Statement - batchlength = com.kms.katalon.core.webui.keyword.WebUiBuiltInKeywords.modifyObjectProperty(batchlength, "xpath", "equals", "//*[@id = "fldvendor" + row + ""]", true): Modify property of object successfully

2018-05-15 19:04:13 - [MESSAGE][PASSED] - Modify property of object successfully

2018-05-15 19:04:13 - [TEST_STEP][PASSED] - Statement - batchsize = com.kms.katalon.core.webui.keyword.WebUiBuiltInKeywords.getNumberOfTotalOption(batchlength): 5 options of object '' counted

2018-05-15 19:04:13 - [MESSAGE][PASSED] - 5 options of object '' counted

2018-05-15 19:04:13 - [TEST_STEP][PASSED] - Statement - out.println("BatchSize : " + batchsize): null

2018-05-15 19:04:13 - [TEST_STEP][PASSED] - Statement - For ([n = 1, n <= batchsize - 1, (n++)]): null

2018-05-15 19:04:13 - [TEST_STEP][PASSED] - Statement - product = new com.kms.katalon.core.testobject.TestObject(): null

2018-05-15 19:04:13 - [TEST_STEP][PASSED] - Statement - product = com.kms.katalon.core.webui.keyword.WebUiBuiltInKeywords.modifyObjectProperty(product, "xpath", "equals", "//*[@id = "fldvendor" + row + ""]", true): Modify property of object successfully

2018-05-15 19:04:13 - [MESSAGE][PASSED] - Modify property of object successfully

2018-05-15 19:04:13 - [TEST_STEP][PASSED] - selectOptionByIndex: All options with index in [1] are selected on object ''

2018-05-15 19:04:13 - [MESSAGE][PASSED] - All options with index in [1] are selected on object ''

2018-05-15 19:04:13 - [TEST_STEP][PASSED] - Statement - batch = new com.kms.katalon.core.testobject.TestObject(): null

2018-05-15 19:04:13 - [TEST_STEP][PASSED] - Statement - batch = com.kms.katalon.core.webui.keyword.WebUiBuiltInKeywords.modifyObjectProperty(batch, "xpath", "equals", "//*[@id = "txtbthqty" + row + ""]", true): Modify property of object successfully

2018-05-15 19:04:13 - [MESSAGE][PASSED] - Modify property of object successfully

2018-05-15 19:04:13 - [TEST_STEP][PASSED] - Statement - batchqty = com.kms.katalon.core.webui.keyword.WebUiBuiltInKeywords.getAttribute(batch, "value").trim(): Attribute 'value' of object '' is: '200'

2018-05-15 19:04:13 - [MESSAGE][PASSED] - Attribute 'value' of object '' is: '200'

2018-05-15 19:04:13 - [TEST_STEP][PASSED] - Statement - Rqty = 10000: null

2018-05-15 19:04:13 - [TEST_STEP][PASSED] - delay: Delayed 2 second(s)

2018-05-15 19:04:15 - [MESSAGE][PASSED] - Delayed 2 second(s)

2018-05-15 19:04:15 - [TEST_STEP][PASSED] - Statement - out.println("BatchQty : " + batchqty): null

2018-05-15 19:04:15 - [TEST_STEP][PASSED] - Statement - out.println("RQty : " + Rqty): null

2018-05-15 19:04:15 - [TEST_STEP][PASSED] - Statement - If (java.lang.Integer.valueOf(batchqty) >= java.lang.Integer.valueOf(Rqty)): null

2018-05-15 19:04:15 - [TEST_STEP][PASSED] - Statement - Else: null

2018-05-15 19:04:15 - [TEST_STEP][PASSED] - Statement - out.println("Batchqty Is Less Than Rqty"): null

2018-05-15 19:04:15 - [TEST_STEP][PASSED] - Statement - product = new com.kms.katalon.core.testobject.TestObject(): null

2018-05-15 19:04:15 - [TEST_STEP][PASSED] - Statement - product = com.kms.katalon.core.webui.keyword.WebUiBuiltInKeywords.modifyObjectProperty(product, "xpath", "equals", "//*[@id = "fldvendor" + row + ""]", true): Modify property of object successfully

2018-05-15 19:04:15 - [MESSAGE][PASSED] - Modify property of object successfully

2018-05-15 19:04:15 - [TEST_STEP][PASSED] - selectOptionByIndex: All options with index in [2] are selected on object ''

2018-05-15 19:04:15 - [MESSAGE][PASSED] - All options with index in [2] are selected on object ''

2018-05-15 19:04:15 - [TEST_STEP][PASSED] - Statement - batch = new com.kms.katalon.core.testobject.TestObject(): null

2018-05-15 19:04:15 - [TEST_STEP][PASSED] - Statement - batch = com.kms.katalon.core.webui.keyword.WebUiBuiltInKeywords.modifyObjectProperty(batch, "xpath", "equals", "//*[@id = "txtbthqty" + row + ""]", true): Modify property of object successfully

2018-05-15 19:04:15 - [MESSAGE][PASSED] - Modify property of object successfully

2018-05-15 19:04:15 - [TEST_STEP][PASSED] - Statement - batchqty = com.kms.katalon.core.webui.keyword.WebUiBuiltInKeywords.getAttribute(batch, "value").trim(): Attribute 'value' of object '' is: '600'

2018-05-15 19:04:15 - [MESSAGE][PASSED] - Attribute 'value' of object '' is: '600'

2018-05-15 19:04:15 - [TEST_STEP][PASSED] - Statement - Rqty = 10000: null

2018-05-15 19:04:15 - [TEST_STEP][PASSED] - delay: Delayed 2 second(s)

2018-05-15 19:04:17 - [MESSAGE][PASSED] - Delayed 2 second(s)

2018-05-15 19:04:17 - [TEST_STEP][PASSED] - Statement - out.println("BatchQty : " + batchqty): null

2018-05-15 19:04:17 - [TEST_STEP][PASSED] - Statement - out.println("RQty : " + Rqty): null

2018-05-15 19:04:17 - [TEST_STEP][PASSED] - Statement - If (java.lang.Integer.valueOf(batchqty) >= java.lang.Integer.valueOf(Rqty)): null

2018-05-15 19:04:17 - [TEST_STEP][PASSED] - Statement - Else: null

2018-05-15 19:04:17 - [TEST_STEP][PASSED] - Statement - out.println("Batchqty Is Less Than Rqty"): null

2018-05-15 19:04:17 - [TEST_STEP][PASSED] - Statement - product = new com.kms.katalon.core.testobject.TestObject(): null

2018-05-15 19:04:17 - [TEST_STEP][PASSED] - Statement - product = com.kms.katalon.core.webui.keyword.WebUiBuiltInKeywords.modifyObjectProperty(product, "xpath", "equals", "//*[@id = "fldvendor" + row + ""]", true): Modify property of object successfully

2018-05-15 19:04:17 - [MESSAGE][PASSED] - Modify property of object successfully

2018-05-15 19:04:17 - [TEST_STEP][PASSED] - selectOptionByIndex: All options with index in [3] are selected on object ''

2018-05-15 19:04:17 - [MESSAGE][PASSED] - All options with index in [3] are selected on object ''

2018-05-15 19:04:17 - [TEST_STEP][PASSED] - Statement - batch = new com.kms.katalon.core.testobject.TestObject(): null

2018-05-15 19:04:17 - [TEST_STEP][PASSED] - Statement - batch = com.kms.katalon.core.webui.keyword.WebUiBuiltInKeywords.modifyObjectProperty(batch, "xpath", "equals", "//*[@id = "txtbthqty" + row + ""]", true): Modify property of object successfully

2018-05-15 19:04:17 - [MESSAGE][PASSED] - Modify property of object successfully

2018-05-15 19:04:17 - [TEST_STEP][PASSED] - Statement - batchqty = com.kms.katalon.core.webui.keyword.WebUiBuiltInKeywords.getAttribute(batch, "value").trim(): Attribute 'value' of object '' is: '5000'

2018-05-15 19:04:17 - [MESSAGE][PASSED] - Attribute 'value' of object '' is: '5000'

2018-05-15 19:04:17 - [TEST_STEP][PASSED] - Statement - Rqty = 10000: null

2018-05-15 19:04:17 - [TEST_STEP][PASSED] - delay: Delayed 2 second(s)

2018-05-15 19:04:19 - [MESSAGE][PASSED] - Delayed 2 second(s)

2018-05-15 19:04:19 - [TEST_STEP][PASSED] - Statement - out.println("BatchQty : " + batchqty): null

2018-05-15 19:04:19 - [TEST_STEP][PASSED] - Statement - out.println("RQty : " + Rqty): null

2018-05-15 19:04:19 - [TEST_STEP][PASSED] - Statement - If (java.lang.Integer.valueOf(batchqty) >= java.lang.Integer.valueOf(Rqty)): null

2018-05-15 19:04:19 - [TEST_STEP][PASSED] - Statement - Else: null

2018-05-15 19:04:19 - [TEST_STEP][PASSED] - Statement - out.println("Batchqty Is Less Than Rqty"): null

2018-05-15 19:04:19 - [TEST_STEP][PASSED] - Statement - product = new com.kms.katalon.core.testobject.TestObject(): null

2018-05-15 19:04:19 - [TEST_STEP][PASSED] - Statement - product = com.kms.katalon.core.webui.keyword.WebUiBuiltInKeywords.modifyObjectProperty(product, "xpath", "equals", "//*[@id = "fldvendor" + row + ""]", true): Modify property of object successfully

2018-05-15 19:04:19 - [MESSAGE][PASSED] - Modify property of object successfully

2018-05-15 19:04:19 - [TEST_STEP][PASSED] - selectOptionByIndex: All options with index in [4] are selected on object ''

2018-05-15 19:04:19 - [MESSAGE][PASSED] - All options with index in [4] are selected on object ''

2018-05-15 19:04:19 - [TEST_STEP][PASSED] - Statement - batch = new com.kms.katalon.core.testobject.TestObject(): null

2018-05-15 19:04:19 - [TEST_STEP][PASSED] - Statement - batch = com.kms.katalon.core.webui.keyword.WebUiBuiltInKeywords.modifyObjectProperty(batch, "xpath", "equals", "//*[@id = "txtbthqty" + row + ""]", true): Modify property of object successfully

2018-05-15 19:04:19 - [MESSAGE][PASSED] - Modify property of object successfully

2018-05-15 19:04:19 - [TEST_STEP][PASSED] - Statement - batchqty = com.kms.katalon.core.webui.keyword.WebUiBuiltInKeywords.getAttribute(batch, "value").trim(): Attribute 'value' of object '' is: '5000'

2018-05-15 19:04:19 - [MESSAGE][PASSED] - Attribute 'value' of object '' is: '5000'

2018-05-15 19:04:19 - [TEST_STEP][PASSED] - Statement - Rqty = 10000: null

2018-05-15 19:04:19 - [TEST_STEP][PASSED] - delay: Delayed 2 second(s)

2018-05-15 19:04:21 - [MESSAGE][PASSED] - Delayed 2 second(s)

2018-05-15 19:04:21 - [TEST_STEP][PASSED] - Statement - out.println("BatchQty : " + batchqty): null

2018-05-15 19:04:21 - [TEST_STEP][PASSED] - Statement - out.println("RQty : " + Rqty): null

2018-05-15 19:04:21 - [TEST_STEP][PASSED] - Statement - If (java.lang.Integer.valueOf(batchqty) >= java.lang.Integer.valueOf(Rqty)): null

2018-05-15 19:04:21 - [TEST_STEP][PASSED] - Statement - Else: null

2018-05-15 19:04:21 - [TEST_STEP][PASSED] - Statement - out.println("Batchqty Is Less Than Rqty"): null

2018-05-15 19:04:21 - [TEST_STEP][PASSED] - Statement - batchlength = new com.kms.katalon.core.testobject.TestObject(): null

2018-05-15 19:04:21 - [TEST_STEP][PASSED] - Statement - batchlength = com.kms.katalon.core.webui.keyword.WebUiBuiltInKeywords.modifyObjectProperty(batchlength, "xpath", "equals", "//*[@id = "fldvendor" + row + ""]", true): Modify property of object successfully

2018-05-15 19:04:21 - [MESSAGE][PASSED] - Modify property of object successfully

2018-05-15 19:04:21 - [TEST_STEP][PASSED] - Statement - batchsize = com.kms.katalon.core.webui.keyword.WebUiBuiltInKeywords.getNumberOfTotalOption(batchlength): 5 options of object '' counted

2018-05-15 19:04:21 - [MESSAGE][PASSED] - 5 options of object '' counted

2018-05-15 19:04:21 - [TEST_STEP][PASSED] - Statement - out.println("BatchSize : " + batchsize): null

2018-05-15 19:04:21 - [TEST_STEP][PASSED] - Statement - For ([n = 1, n <= batchsize - 1, (n++)]): null

2018-05-15 19:04:21 - [TEST_STEP][PASSED] - Statement - product = new com.kms.katalon.core.testobject.TestObject(): null

2018-05-15 19:04:21 - [TEST_STEP][PASSED] - Statement - product = com.kms.katalon.core.webui.keyword.WebUiBuiltInKeywords.modifyObjectProperty(product, "xpath", "equals", "//*[@id = "fldvendor" + row + ""]", true): Modify property of object successfully

2018-05-15 19:04:21 - [MESSAGE][PASSED] - Modify property of object successfully

2018-05-15 19:04:21 - [TEST_STEP][PASSED] - selectOptionByIndex: All options with index in [1] are selected on object ''

2018-05-15 19:04:22 - [MESSAGE][PASSED] - All options with index in [1] are selected on object ''

2018-05-15 19:04:22 - [TEST_STEP][PASSED] - Statement - batch = new com.kms.katalon.core.testobject.TestObject(): null

2018-05-15 19:04:22 - [TEST_STEP][PASSED] - Statement - batch = com.kms.katalon.core.webui.keyword.WebUiBuiltInKeywords.modifyObjectProperty(batch, "xpath", "equals", "//*[@id = "txtbthqty" + row + ""]", true): Modify property of object successfully

2018-05-15 19:04:22 - [MESSAGE][PASSED] - Modify property of object successfully

2018-05-15 19:04:22 - [TEST_STEP][PASSED] - Statement - batchqty = com.kms.katalon.core.webui.keyword.WebUiBuiltInKeywords.getAttribute(batch, "value").trim(): Attribute 'value' of object '' is: '200'

2018-05-15 19:04:22 - [MESSAGE][PASSED] - Attribute 'value' of object '' is: '200'

2018-05-15 19:04:22 - [TEST_STEP][PASSED] - Statement - Rqty = 10000: null

2018-05-15 19:04:22 - [TEST_STEP][PASSED] - delay: Delayed 2 second(s)

2018-05-15 19:04:24 - [MESSAGE][PASSED] - Delayed 2 second(s)

2018-05-15 19:04:24 - [TEST_STEP][PASSED] - Statement - out.println("BatchQty : " + batchqty): null

2018-05-15 19:04:24 - [TEST_STEP][PASSED] - Statement - out.println("RQty : " + Rqty): null

2018-05-15 19:04:24 - [TEST_STEP][PASSED] - Statement - If (java.lang.Integer.valueOf(batchqty) >= java.lang.Integer.valueOf(Rqty)): null

2018-05-15 19:04:24 - [TEST_STEP][PASSED] - Statement - Else: null

2018-05-15 19:04:24 - [TEST_STEP][PASSED] - Statement - out.println("Batchqty Is Less Than Rqty"): null

2018-05-15 19:04:24 - [TEST_STEP][PASSED] - Statement - product = new com.kms.katalon.core.testobject.TestObject(): null

2018-05-15 19:04:24 - [TEST_STEP][PASSED] - Statement - product = com.kms.katalon.core.webui.keyword.WebUiBuiltInKeywords.modifyObjectProperty(product, "xpath", "equals", "//*[@id = "fldvendor" + row + ""]", true): Modify property of object successfully

2018-05-15 19:04:24 - [MESSAGE][PASSED] - Modify property of object successfully

2018-05-15 19:04:24 - [TEST_STEP][PASSED] - selectOptionByIndex: All options with index in [2] are selected on object ''

2018-05-15 19:04:24 - [MESSAGE][PASSED] - All options with index in [2] are selected on object ''

2018-05-15 19:04:24 - [TEST_STEP][PASSED] - Statement - batch = new com.kms.katalon.core.testobject.TestObject(): null

2018-05-15 19:04:24 - [TEST_STEP][PASSED] - Statement - batch = com.kms.katalon.core.webui.keyword.WebUiBuiltInKeywords.modifyObjectProperty(batch, "xpath", "equals", "//*[@id = "txtbthqty" + row + ""]", true): Modify property of object successfully

2018-05-15 19:04:24 - [MESSAGE][PASSED] - Modify property of object successfully

2018-05-15 19:04:24 - [TEST_STEP][PASSED] - Statement - batchqty = com.kms.katalon.core.webui.keyword.WebUiBuiltInKeywords.getAttribute(batch, "value").trim(): Attribute 'value' of object '' is: '5000'

2018-05-15 19:04:24 - [MESSAGE][PASSED] - Attribute 'value' of object '' is: '5000'

2018-05-15 19:04:24 - [TEST_STEP][PASSED] - Statement - Rqty = 10000: null

2018-05-15 19:04:24 - [TEST_STEP][PASSED] - delay: Delayed 2 second(s)

2018-05-15 19:04:26 - [MESSAGE][PASSED] - Delayed 2 second(s)

2018-05-15 19:04:26 - [TEST_STEP][PASSED] - Statement - out.println("BatchQty : " + batchqty): null

2018-05-15 19:04:26 - [TEST_STEP][PASSED] - Statement - out.println("RQty : " + Rqty): null

2018-05-15 19:04:26 - [TEST_STEP][PASSED] - Statement - If (java.lang.Integer.valueOf(batchqty) >= java.lang.Integer.valueOf(Rqty)): null

2018-05-15 19:04:26 - [TEST_STEP][PASSED] - Statement - Else: null

2018-05-15 19:04:26 - [TEST_STEP][PASSED] - Statement - out.println("Batchqty Is Less Than Rqty"): null

2018-05-15 19:04:26 - [TEST_STEP][PASSED] - Statement - product = new com.kms.katalon.core.testobject.TestObject(): null

2018-05-15 19:04:26 - [TEST_STEP][PASSED] - Statement - product = com.kms.katalon.core.webui.keyword.WebUiBuiltInKeywords.modifyObjectProperty(product, "xpath", "equals", "//*[@id = "fldvendor" + row + ""]", true): Modify property of object successfully

2018-05-15 19:04:26 - [MESSAGE][PASSED] - Modify property of object successfully

2018-05-15 19:04:26 - [TEST_STEP][PASSED] - selectOptionByIndex: All options with index in [3] are selected on object ''

2018-05-15 19:04:26 - [MESSAGE][PASSED] - All options with index in [3] are selected on object ''

2018-05-15 19:04:26 - [TEST_STEP][PASSED] - Statement - batch = new com.kms.katalon.core.testobject.TestObject(): null

2018-05-15 19:04:26 - [TEST_STEP][PASSED] - Statement - batch = com.kms.katalon.core.webui.keyword.WebUiBuiltInKeywords.modifyObjectProperty(batch, "xpath", "equals", "//*[@id = "txtbthqty" + row + ""]", true): Modify property of object successfully

2018-05-15 19:04:26 - [MESSAGE][PASSED] - Modify property of object successfully

2018-05-15 19:04:26 - [TEST_STEP][PASSED] - Statement - batchqty = com.kms.katalon.core.webui.keyword.WebUiBuiltInKeywords.getAttribute(batch, "value").trim(): Attribute 'value' of object '' is: '600'

2018-05-15 19:04:26 - [MESSAGE][PASSED] - Attribute 'value' of object '' is: '600'

2018-05-15 19:04:26 - [TEST_STEP][PASSED] - Statement - Rqty = 10000: null

2018-05-15 19:04:26 - [TEST_STEP][PASSED] - delay: Delayed 2 second(s)

2018-05-15 19:04:28 - [MESSAGE][PASSED] - Delayed 2 second(s)

2018-05-15 19:04:28 - [TEST_STEP][PASSED] - Statement - out.println("BatchQty : " + batchqty): null

2018-05-15 19:04:28 - [TEST_STEP][PASSED] - Statement - out.println("RQty : " + Rqty): null

2018-05-15 19:04:28 - [TEST_STEP][PASSED] - Statement - If (java.lang.Integer.valueOf(batchqty) >= java.lang.Integer.valueOf(Rqty)): null

2018-05-15 19:04:28 - [TEST_STEP][PASSED] - Statement - Else: null

2018-05-15 19:04:28 - [TEST_STEP][PASSED] - Statement - out.println("Batchqty Is Less Than Rqty"): null

2018-05-15 19:04:28 - [TEST_STEP][PASSED] - Statement - product = new com.kms.katalon.core.testobject.TestObject(): null

2018-05-15 19:04:28 - [TEST_STEP][PASSED] - Statement - product = com.kms.katalon.core.webui.keyword.WebUiBuiltInKeywords.modifyObjectProperty(product, "xpath", "equals", "//*[@id = "fldvendor" + row + ""]", true): Modify property of object successfully

2018-05-15 19:04:28 - [MESSAGE][PASSED] - Modify property of object successfully

2018-05-15 19:04:28 - [TEST_STEP][PASSED] - selectOptionByIndex: All options with index in [4] are selected on object ''

2018-05-15 19:04:28 - [MESSAGE][PASSED] - All options with index in [4] are selected on object ''

2018-05-15 19:04:28 - [TEST_STEP][PASSED] - Statement - batch = new com.kms.katalon.core.testobject.TestObject(): null

2018-05-15 19:04:28 - [TEST_STEP][PASSED] - Statement - batch = com.kms.katalon.core.webui.keyword.WebUiBuiltInKeywords.modifyObjectProperty(batch, "xpath", "equals", "//*[@id = "txtbthqty" + row + ""]", true): Modify property of object successfully

2018-05-15 19:04:28 - [MESSAGE][PASSED] - Modify property of object successfully

2018-05-15 19:04:28 - [TEST_STEP][PASSED] - Statement - batchqty = com.kms.katalon.core.webui.keyword.WebUiBuiltInKeywords.getAttribute(batch, "value").trim(): Attribute 'value' of object '' is: '5000'

2018-05-15 19:04:28 - [MESSAGE][PASSED] - Attribute 'value' of object '' is: '5000'

2018-05-15 19:04:28 - [TEST_STEP][PASSED] - Statement - Rqty = 10000: null

2018-05-15 19:04:28 - [TEST_STEP][PASSED] - delay: Delayed 2 second(s)

2018-05-15 19:04:30 - [MESSAGE][PASSED] - Delayed 2 second(s)

2018-05-15 19:04:30 - [TEST_STEP][PASSED] - Statement - out.println("BatchQty : " + batchqty): null

2018-05-15 19:04:30 - [TEST_STEP][PASSED] - Statement - out.println("RQty : " + Rqty): null

2018-05-15 19:04:30 - [TEST_STEP][PASSED] - Statement - If (java.lang.Integer.valueOf(batchqty) >= java.lang.Integer.valueOf(Rqty)): null

2018-05-15 19:04:30 - [TEST_STEP][PASSED] - Statement - Else: null

2018-05-15 19:04:30 - [TEST_STEP][PASSED] - Statement - out.println("Batchqty Is Less Than Rqty"): null

2018-05-15 19:04:30 - [TEST_STEP][PASSED] - Statement - batchlength = new com.kms.katalon.core.testobject.TestObject(): null

2018-05-15 19:04:30 - [TEST_STEP][PASSED] - Statement - batchlength = com.kms.katalon.core.webui.keyword.WebUiBuiltInKeywords.modifyObjectProperty(batchlength, "xpath", "equals", "//*[@id = "fldvendor" + row + ""]", true): Modify property of object successfully

2018-05-15 19:04:30 - [MESSAGE][PASSED] - Modify property of object successfully

2018-05-15 19:04:30 - [TEST_STEP][PASSED] - Statement - batchsize = com.kms.katalon.core.webui.keyword.WebUiBuiltInKeywords.getNumberOfTotalOption(batchlength): 5 options of object '' counted

2018-05-15 19:04:30 - [MESSAGE][PASSED] - 5 options of object '' counted

2018-05-15 19:04:30 - [TEST_STEP][PASSED] - Statement - out.println("BatchSize : " + batchsize): null

2018-05-15 19:04:30 - [TEST_STEP][PASSED] - Statement - For ([n = 1, n <= batchsize - 1, (n++)]): null

2018-05-15 19:04:30 - [TEST_STEP][PASSED] - Statement - product = new com.kms.katalon.core.testobject.TestObject(): null

2018-05-15 19:04:30 - [TEST_STEP][PASSED] - Statement - product = com.kms.katalon.core.webui.keyword.WebUiBuiltInKeywords.modifyObjectProperty(product, "xpath", "equals", "//*[@id = "fldvendor" + row + ""]", true): Modify property of object successfully

2018-05-15 19:04:30 - [MESSAGE][PASSED] - Modify property of object successfully

2018-05-15 19:04:30 - [TEST_STEP][PASSED] - selectOptionByIndex: All options with index in [1] are selected on object ''

2018-05-15 19:04:30 - [MESSAGE][PASSED] - All options with index in [1] are selected on object ''

2018-05-15 19:04:30 - [TEST_STEP][PASSED] - Statement - batch = new com.kms.katalon.core.testobject.TestObject(): null

2018-05-15 19:04:30 - [TEST_STEP][PASSED] - Statement - batch = com.kms.katalon.core.webui.keyword.WebUiBuiltInKeywords.modifyObjectProperty(batch, "xpath", "equals", "//*[@id = "txtbthqty" + row + ""]", true): Modify property of object successfully

2018-05-15 19:04:30 - [MESSAGE][PASSED] - Modify property of object successfully

2018-05-15 19:04:30 - [TEST_STEP][PASSED] - Statement - batchqty = com.kms.katalon.core.webui.keyword.WebUiBuiltInKeywords.getAttribute(batch, "value").trim(): Attribute 'value' of object '' is: '200'

2018-05-15 19:04:30 - [MESSAGE][PASSED] - Attribute 'value' of object '' is: '200'

2018-05-15 19:04:30 - [TEST_STEP][PASSED] - Statement - Rqty = 10000: null

2018-05-15 19:04:30 - [TEST_STEP][PASSED] - delay: Delayed 2 second(s)

2018-05-15 19:04:32 - [MESSAGE][PASSED] - Delayed 2 second(s)

2018-05-15 19:04:32 - [TEST_STEP][PASSED] - Statement - out.println("BatchQty : " + batchqty): null

2018-05-15 19:04:32 - [TEST_STEP][PASSED] - Statement - out.println("RQty : " + Rqty): null

2018-05-15 19:04:32 - [TEST_STEP][PASSED] - Statement - If (java.lang.Integer.valueOf(batchqty) >= java.lang.Integer.valueOf(Rqty)): null

2018-05-15 19:04:32 - [TEST_STEP][PASSED] - Statement - Else: null

2018-05-15 19:04:32 - [TEST_STEP][PASSED] - Statement - out.println("Batchqty Is Less Than Rqty"): null

2018-05-15 19:04:32 - [TEST_STEP][PASSED] - Statement - product = new com.kms.katalon.core.testobject.TestObject(): null

2018-05-15 19:04:32 - [TEST_STEP][PASSED] - Statement - product = com.kms.katalon.core.webui.keyword.WebUiBuiltInKeywords.modifyObjectProperty(product, "xpath", "equals", "//*[@id = "fldvendor" + row + ""]", true): Modify property of object successfully

2018-05-15 19:04:32 - [MESSAGE][PASSED] - Modify property of object successfully

2018-05-15 19:04:32 - [TEST_STEP][PASSED] - selectOptionByIndex: All options with index in [2] are selected on object ''

2018-05-15 19:04:33 - [MESSAGE][PASSED] - All options with index in [2] are selected on object ''

2018-05-15 19:04:33 - [TEST_STEP][PASSED] - Statement - batch = new com.kms.katalon.core.testobject.TestObject(): null

2018-05-15 19:04:33 - [TEST_STEP][PASSED] - Statement - batch = com.kms.katalon.core.webui.keyword.WebUiBuiltInKeywords.modifyObjectProperty(batch, "xpath", "equals", "//*[@id = "txtbthqty" + row + ""]", true): Modify property of object successfully

2018-05-15 19:04:33 - [MESSAGE][PASSED] - Modify property of object successfully

2018-05-15 19:04:33 - [TEST_STEP][PASSED] - Statement - batchqty = com.kms.katalon.core.webui.keyword.WebUiBuiltInKeywords.getAttribute(batch, "value").trim(): Attribute 'value' of object '' is: '600'

2018-05-15 19:04:33 - [MESSAGE][PASSED] - Attribute 'value' of object '' is: '600'

2018-05-15 19:04:33 - [TEST_STEP][PASSED] - Statement - Rqty = 10000: null

2018-05-15 19:04:33 - [TEST_STEP][PASSED] - delay: Delayed 2 second(s)

2018-05-15 19:04:35 - [MESSAGE][PASSED] - Delayed 2 second(s)

2018-05-15 19:04:35 - [TEST_STEP][PASSED] - Statement - out.println("BatchQty : " + batchqty): null

2018-05-15 19:04:35 - [TEST_STEP][PASSED] - Statement - out.println("RQty : " + Rqty): null

2018-05-15 19:04:35 - [TEST_STEP][PASSED] - Statement - If (java.lang.Integer.valueOf(batchqty) >= java.lang.Integer.valueOf(Rqty)): null

2018-05-15 19:04:35 - [TEST_STEP][PASSED] - Statement - Else: null

2018-05-15 19:04:35 - [TEST_STEP][PASSED] - Statement - out.println("Batchqty Is Less Than Rqty"): null

2018-05-15 19:04:35 - [TEST_STEP][PASSED] - Statement - product = new com.kms.katalon.core.testobject.TestObject(): null

2018-05-15 19:04:35 - [TEST_STEP][PASSED] - Statement - product = com.kms.katalon.core.webui.keyword.WebUiBuiltInKeywords.modifyObjectProperty(product, "xpath", "equals", "//*[@id = "fldvendor" + row + ""]", true): Modify property of object successfully

2018-05-15 19:04:35 - [MESSAGE][PASSED] - Modify property of object successfully

2018-05-15 19:04:35 - [TEST_STEP][PASSED] - selectOptionByIndex: All options with index in [3] are selected on object ''

2018-05-15 19:04:35 - [MESSAGE][PASSED] - All options with index in [3] are selected on object ''

2018-05-15 19:04:35 - [TEST_STEP][PASSED] - Statement - batch = new com.kms.katalon.core.testobject.TestObject(): null

2018-05-15 19:04:35 - [TEST_STEP][PASSED] - Statement - batch = com.kms.katalon.core.webui.keyword.WebUiBuiltInKeywords.modifyObjectProperty(batch, "xpath", "equals", "//*[@id = "txtbthqty" + row + ""]", true): Modify property of object successfully

2018-05-15 19:04:35 - [MESSAGE][PASSED] - Modify property of object successfully

2018-05-15 19:04:35 - [TEST_STEP][PASSED] - Statement - batchqty = com.kms.katalon.core.webui.keyword.WebUiBuiltInKeywords.getAttribute(batch, "value").trim(): Attribute 'value' of object '' is: '5000'

2018-05-15 19:04:35 - [MESSAGE][PASSED] - Attribute 'value' of object '' is: '5000'

2018-05-15 19:04:35 - [TEST_STEP][PASSED] - Statement - Rqty = 10000: null

2018-05-15 19:04:35 - [TEST_STEP][PASSED] - delay: Delayed 2 second(s)

2018-05-15 19:04:37 - [MESSAGE][PASSED] - Delayed 2 second(s)

2018-05-15 19:04:37 - [TEST_STEP][PASSED] - Statement - out.println("BatchQty : " + batchqty): null

2018-05-15 19:04:37 - [TEST_STEP][PASSED] - Statement - out.println("RQty : " + Rqty): null

2018-05-15 19:04:37 - [TEST_STEP][PASSED] - Statement - If (java.lang.Integer.valueOf(batchqty) >= java.lang.Integer.valueOf(Rqty)): null

2018-05-15 19:04:37 - [TEST_STEP][PASSED] - Statement - Else: null

2018-05-15 19:04:37 - [TEST_STEP][PASSED] - Statement - out.println("Batchqty Is Less Than Rqty"): null

2018-05-15 19:04:37 - [TEST_STEP][PASSED] - Statement - product = new com.kms.katalon.core.testobject.TestObject(): null

2018-05-15 19:04:37 - [TEST_STEP][PASSED] - Statement - product = com.kms.katalon.core.webui.keyword.WebUiBuiltInKeywords.modifyObjectProperty(product, "xpath", "equals", "//*[@id = "fldvendor" + row + ""]", true): Modify property of object successfully

2018-05-15 19:04:37 - [MESSAGE][PASSED] - Modify property of object successfully

2018-05-15 19:04:37 - [TEST_STEP][PASSED] - selectOptionByIndex: All options with index in [4] are selected on object ''

2018-05-15 19:04:37 - [MESSAGE][PASSED] - All options with index in [4] are selected on object ''

2018-05-15 19:04:37 - [TEST_STEP][PASSED] - Statement - batch = new com.kms.katalon.core.testobject.TestObject(): null

2018-05-15 19:04:37 - [TEST_STEP][PASSED] - Statement - batch = com.kms.katalon.core.webui.keyword.WebUiBuiltInKeywords.modifyObjectProperty(batch, "xpath", "equals", "//*[@id = "txtbthqty" + row + ""]", true): Modify property of object successfully

2018-05-15 19:04:37 - [MESSAGE][PASSED] - Modify property of object successfully

2018-05-15 19:04:37 - [TEST_STEP][PASSED] - Statement - batchqty = com.kms.katalon.core.webui.keyword.WebUiBuiltInKeywords.getAttribute(batch, "value").trim(): Attribute 'value' of object '' is: '5000'

2018-05-15 19:04:37 - [MESSAGE][PASSED] - Attribute 'value' of object '' is: '5000'

2018-05-15 19:04:37 - [TEST_STEP][PASSED] - Statement - Rqty = 10000: null

2018-05-15 19:04:37 - [TEST_STEP][PASSED] - delay: Delayed 2 second(s)

2018-05-15 19:04:39 - [MESSAGE][PASSED] - Delayed 2 second(s)

2018-05-15 19:04:39 - [TEST_STEP][PASSED] - Statement - out.println("BatchQty : " + batchqty): null

2018-05-15 19:04:39 - [TEST_STEP][PASSED] - Statement - out.println("RQty : " + Rqty): null

2018-05-15 19:04:39 - [TEST_STEP][PASSED] - Statement - If (java.lang.Integer.valueOf(batchqty) >= java.lang.Integer.valueOf(Rqty)): null

2018-05-15 19:04:39 - [TEST_STEP][PASSED] - Statement - Else: null

2018-05-15 19:04:39 - [TEST_STEP][PASSED] - Statement - out.println("Batchqty Is Less Than Rqty"): null

2018-05-15 19:04:39 - [TEST_STEP][PASSED] - Statement - batchlength = new com.kms.katalon.core.testobject.TestObject(): null

2018-05-15 19:04:39 - [TEST_STEP][PASSED] - Statement - batchlength = com.kms.katalon.core.webui.keyword.WebUiBuiltInKeywords.modifyObjectProperty(batchlength, "xpath", "equals", "//*[@id = "fldvendor" + row + ""]", true): Modify property of object successfully

2018-05-15 19:04:39 - [MESSAGE][PASSED] - Modify property of object successfully

2018-05-15 19:04:39 - [TEST_STEP][PASSED] - Statement - batchsize = com.kms.katalon.core.webui.keyword.WebUiBuiltInKeywords.getNumberOfTotalOption(batchlength): 5 options of object '' counted

2018-05-15 19:04:39 - [MESSAGE][PASSED] - 5 options of object '' counted

2018-05-15 19:04:39 - [TEST_STEP][PASSED] - Statement - out.println("BatchSize : " + batchsize): null

2018-05-15 19:04:39 - [TEST_STEP][PASSED] - Statement - For ([n = 1, n <= batchsize - 1, (n++)]): null

2018-05-15 19:04:39 - [TEST_STEP][PASSED] - Statement - product = new com.kms.katalon.core.testobject.TestObject(): null

2018-05-15 19:04:39 - [TEST_STEP][PASSED] - Statement - product = com.kms.katalon.core.webui.keyword.WebUiBuiltInKeywords.modifyObjectProperty(product, "xpath", "equals", "//*[@id = "fldvendor" + row + ""]", true): Modify property of object successfully

2018-05-15 19:04:39 - [MESSAGE][PASSED] - Modify property of object successfully

2018-05-15 19:04:39 - [TEST_STEP][PASSED] - selectOptionByIndex: All options with index in [1] are selected on object ''

2018-05-15 19:04:39 - [MESSAGE][PASSED] - All options with index in [1] are selected on object ''

2018-05-15 19:04:39 - [TEST_STEP][PASSED] - Statement - batch = new com.kms.katalon.core.testobject.TestObject(): null

2018-05-15 19:04:39 - [TEST_STEP][PASSED] - Statement - batch = com.kms.katalon.core.webui.keyword.WebUiBuiltInKeywords.modifyObjectProperty(batch, "xpath", "equals", "//*[@id = "txtbthqty" + row + ""]", true): Modify property of object successfully

2018-05-15 19:04:39 - [MESSAGE][PASSED] - Modify property of object successfully

2018-05-15 19:04:39 - [TEST_STEP][PASSED] - Statement - batchqty = com.kms.katalon.core.webui.keyword.WebUiBuiltInKeywords.getAttribute(batch, "value").trim(): Attribute 'value' of object '' is: '5000'

2018-05-15 19:04:39 - [MESSAGE][PASSED] - Attribute 'value' of object '' is: '5000'

2018-05-15 19:04:39 - [TEST_STEP][PASSED] - Statement - Rqty = 10000: null

2018-05-15 19:04:39 - [TEST_STEP][PASSED] - delay: Delayed 2 second(s)

2018-05-15 19:04:41 - [MESSAGE][PASSED] - Delayed 2 second(s)

2018-05-15 19:04:41 - [TEST_STEP][PASSED] - Statement - out.println("BatchQty : " + batchqty): null

2018-05-15 19:04:41 - [TEST_STEP][PASSED] - Statement - out.println("RQty : " + Rqty): null

2018-05-15 19:04:41 - [TEST_STEP][PASSED] - Statement - If (java.lang.Integer.valueOf(batchqty) >= java.lang.Integer.valueOf(Rqty)): null

2018-05-15 19:04:41 - [TEST_STEP][PASSED] - Statement - Else: null

2018-05-15 19:04:41 - [TEST_STEP][PASSED] - Statement - out.println("Batchqty Is Less Than Rqty"): null

2018-05-15 19:04:41 - [TEST_STEP][PASSED] - Statement - product = new com.kms.katalon.core.testobject.TestObject(): null

2018-05-15 19:04:41 - [TEST_STEP][PASSED] - Statement - product = com.kms.katalon.core.webui.keyword.WebUiBuiltInKeywords.modifyObjectProperty(product, "xpath", "equals", "//*[@id = "fldvendor" + row + ""]", true): Modify property of object successfully

2018-05-15 19:04:41 - [MESSAGE][PASSED] - Modify property of object successfully

2018-05-15 19:04:41 - [TEST_STEP][PASSED] - selectOptionByIndex: All options with index in [2] are selected on object ''

2018-05-15 19:04:41 - [MESSAGE][PASSED] - All options with index in [2] are selected on object ''

2018-05-15 19:04:41 - [TEST_STEP][PASSED] - Statement - batch = new com.kms.katalon.core.testobject.TestObject(): null

2018-05-15 19:04:41 - [TEST_STEP][PASSED] - Statement - batch = com.kms.katalon.core.webui.keyword.WebUiBuiltInKeywords.modifyObjectProperty(batch, "xpath", "equals", "//*[@id = "txtbthqty" + row + ""]", true): Modify property of object successfully

2018-05-15 19:04:41 - [MESSAGE][PASSED] - Modify property of object successfully

2018-05-15 19:04:41 - [TEST_STEP][PASSED] - Statement - batchqty = com.kms.katalon.core.webui.keyword.WebUiBuiltInKeywords.getAttribute(batch, "value").trim(): Attribute 'value' of object '' is: '600'

2018-05-15 19:04:41 - [MESSAGE][PASSED] - Attribute 'value' of object '' is: '600'

2018-05-15 19:04:41 - [TEST_STEP][PASSED] - Statement - Rqty = 10000: null

2018-05-15 19:04:41 - [TEST_STEP][PASSED] - delay: Delayed 2 second(s)

2018-05-15 19:04:43 - [MESSAGE][PASSED] - Delayed 2 second(s)

2018-05-15 19:04:43 - [TEST_STEP][PASSED] - Statement - out.println("BatchQty : " + batchqty): null

2018-05-15 19:04:43 - [TEST_STEP][PASSED] - Statement - out.println("RQty : " + Rqty): null

2018-05-15 19:04:43 - [TEST_STEP][PASSED] - Statement - If (java.lang.Integer.valueOf(batchqty) >= java.lang.Integer.valueOf(Rqty)): null

2018-05-15 19:04:43 - [TEST_STEP][PASSED] - Statement - Else: null

2018-05-15 19:04:43 - [TEST_STEP][PASSED] - Statement - out.println("Batchqty Is Less Than Rqty"): null

2018-05-15 19:04:43 - [TEST_STEP][PASSED] - Statement - product = new com.kms.katalon.core.testobject.TestObject(): null

2018-05-15 19:04:43 - [TEST_STEP][PASSED] - Statement - product = com.kms.katalon.core.webui.keyword.WebUiBuiltInKeywords.modifyObjectProperty(product, "xpath", "equals", "//*[@id = "fldvendor" + row + ""]", true): Modify property of object successfully

2018-05-15 19:04:43 - [MESSAGE][PASSED] - Modify property of object successfully

2018-05-15 19:04:43 - [TEST_STEP][PASSED] - selectOptionByIndex: All options with index in [3] are selected on object ''

2018-05-15 19:04:44 - [MESSAGE][PASSED] - All options with index in [3] are selected on object ''

2018-05-15 19:04:44 - [TEST_STEP][PASSED] - Statement - batch = new com.kms.katalon.core.testobject.TestObject(): null

2018-05-15 19:04:44 - [TEST_STEP][PASSED] - Statement - batch = com.kms.katalon.core.webui.keyword.WebUiBuiltInKeywords.modifyObjectProperty(batch, "xpath", "equals", "//*[@id = "txtbthqty" + row + ""]", true): Modify property of object successfully

2018-05-15 19:04:44 - [MESSAGE][PASSED] - Modify property of object successfully

2018-05-15 19:04:44 - [TEST_STEP][PASSED] - Statement - batchqty = com.kms.katalon.core.webui.keyword.WebUiBuiltInKeywords.getAttribute(batch, "value").trim(): Attribute 'value' of object '' is: '5000'

2018-05-15 19:04:44 - [MESSAGE][PASSED] - Attribute 'value' of object '' is: '5000'

2018-05-15 19:04:44 - [TEST_STEP][PASSED] - Statement - Rqty = 10000: null

2018-05-15 19:04:44 - [TEST_STEP][PASSED] - delay: Delayed 2 second(s)

2018-05-15 19:04:46 - [MESSAGE][PASSED] - Delayed 2 second(s)

2018-05-15 19:04:46 - [TEST_STEP][PASSED] - Statement - out.println("BatchQty : " + batchqty): null

2018-05-15 19:04:46 - [TEST_STEP][PASSED] - Statement - out.println("RQty : " + Rqty): null

2018-05-15 19:04:46 - [TEST_STEP][PASSED] - Statement - If (java.lang.Integer.valueOf(batchqty) >= java.lang.Integer.valueOf(Rqty)): null

2018-05-15 19:04:46 - [TEST_STEP][PASSED] - Statement - Else: null

2018-05-15 19:04:46 - [TEST_STEP][PASSED] - Statement - out.println("Batchqty Is Less Than Rqty"): null

2018-05-15 19:04:46 - [TEST_STEP][PASSED] - Statement - product = new com.kms.katalon.core.testobject.TestObject(): null

2018-05-15 19:04:46 - [TEST_STEP][PASSED] - Statement - product = com.kms.katalon.core.webui.keyword.WebUiBuiltInKeywords.modifyObjectProperty(product, "xpath", "equals", "//*[@id = "fldvendor" + row + ""]", true): Modify property of object successfully

2018-05-15 19:04:46 - [MESSAGE][PASSED] - Modify property of object successfully

2018-05-15 19:04:46 - [TEST_STEP][PASSED] - selectOptionByIndex: All options with index in [4] are selected on object ''

2018-05-15 19:04:46 - [MESSAGE][PASSED] - All options with index in [4] are selected on object ''

2018-05-15 19:04:46 - [TEST_STEP][PASSED] - Statement - batch = new com.kms.katalon.core.testobject.TestObject(): null

2018-05-15 19:04:46 - [TEST_STEP][PASSED] - Statement - batch = com.kms.katalon.core.webui.keyword.WebUiBuiltInKeywords.modifyObjectProperty(batch, "xpath", "equals", "//*[@id = "txtbthqty" + row + ""]", true): Modify property of object successfully

2018-05-15 19:04:46 - [MESSAGE][PASSED] - Modify property of object successfully

2018-05-15 19:04:46 - [TEST_STEP][PASSED] - Statement - batchqty = com.kms.katalon.core.webui.keyword.WebUiBuiltInKeywords.getAttribute(batch, "value").trim(): Attribute 'value' of object '' is: '200'

2018-05-15 19:04:46 - [MESSAGE][PASSED] - Attribute 'value' of object '' is: '200'

2018-05-15 19:04:46 - [TEST_STEP][PASSED] - Statement - Rqty = 10000: null

2018-05-15 19:04:46 - [TEST_STEP][PASSED] - delay: Delayed 2 second(s)

2018-05-15 19:04:48 - [MESSAGE][PASSED] - Delayed 2 second(s)

2018-05-15 19:04:48 - [TEST_STEP][PASSED] - Statement - out.println("BatchQty : " + batchqty): null

2018-05-15 19:04:48 - [TEST_STEP][PASSED] - Statement - out.println("RQty : " + Rqty): null

2018-05-15 19:04:48 - [TEST_STEP][PASSED] - Statement - If (java.lang.Integer.valueOf(batchqty) >= java.lang.Integer.valueOf(Rqty)): null

2018-05-15 19:04:48 - [TEST_STEP][PASSED] - Statement - Else: null

2018-05-15 19:04:48 - [TEST_STEP][PASSED] - Statement - out.println("Batchqty Is Less Than Rqty"): null

2018-05-15 19:04:48 - [TEST_STEP][PASSED] - Statement - batchlength = new com.kms.katalon.core.testobject.TestObject(): null

2018-05-15 19:04:48 - [TEST_STEP][PASSED] - Statement - batchlength = com.kms.katalon.core.webui.keyword.WebUiBuiltInKeywords.modifyObjectProperty(batchlength, "xpath", "equals", "//*[@id = "fldvendor" + row + ""]", true): Modify property of object successfully

2018-05-15 19:04:48 - [MESSAGE][PASSED] - Modify property of object successfully

2018-05-15 19:04:48 - [TEST_STEP][PASSED] - Statement - batchsize = com.kms.katalon.core.webui.keyword.WebUiBuiltInKeywords.getNumberOfTotalOption(batchlength): 5 options of object '' counted

2018-05-15 19:04:48 - [MESSAGE][PASSED] - 5 options of object '' counted

2018-05-15 19:04:48 - [TEST_STEP][PASSED] - Statement - out.println("BatchSize : " + batchsize): null

2018-05-15 19:04:48 - [TEST_STEP][PASSED] - Statement - For ([n = 1, n <= batchsize - 1, (n++)]): null

2018-05-15 19:04:48 - [TEST_STEP][PASSED] - Statement - product = new com.kms.katalon.core.testobject.TestObject(): null

2018-05-15 19:04:48 - [TEST_STEP][PASSED] - Statement - product = com.kms.katalon.core.webui.keyword.WebUiBuiltInKeywords.modifyObjectProperty(product, "xpath", "equals", "//*[@id = "fldvendor" + row + ""]", true): Modify property of object successfully

2018-05-15 19:04:48 - [MESSAGE][PASSED] - Modify property of object successfully

2018-05-15 19:04:48 - [TEST_STEP][PASSED] - selectOptionByIndex: All options with index in [1] are selected on object ''

2018-05-15 19:04:48 - [MESSAGE][PASSED] - All options with index in [1] are selected on object ''

2018-05-15 19:04:48 - [TEST_STEP][PASSED] - Statement - batch = new com.kms.katalon.core.testobject.TestObject(): null

2018-05-15 19:04:48 - [TEST_STEP][PASSED] - Statement - batch = com.kms.katalon.core.webui.keyword.WebUiBuiltInKeywords.modifyObjectProperty(batch, "xpath", "equals", "//*[@id = "txtbthqty" + row + ""]", true): Modify property of object successfully

2018-05-15 19:04:48 - [MESSAGE][PASSED] - Modify property of object successfully

2018-05-15 19:04:48 - [TEST_STEP][PASSED] - Statement - batchqty = com.kms.katalon.core.webui.keyword.WebUiBuiltInKeywords.getAttribute(batch, "value").trim(): Attribute 'value' of object '' is: '200'

2018-05-15 19:04:48 - [MESSAGE][PASSED] - Attribute 'value' of object '' is: '200'

2018-05-15 19:04:48 - [TEST_STEP][PASSED] - Statement - Rqty = 10000: null

2018-05-15 19:04:48 - [TEST_STEP][PASSED] - delay: Delayed 2 second(s)

2018-05-15 19:04:50 - [MESSAGE][PASSED] - Delayed 2 second(s)

2018-05-15 19:04:50 - [TEST_STEP][PASSED] - Statement - out.println("BatchQty : " + batchqty): null

2018-05-15 19:04:50 - [TEST_STEP][PASSED] - Statement - out.println("RQty : " + Rqty): null

2018-05-15 19:04:50 - [TEST_STEP][PASSED] - Statement - If (java.lang.Integer.valueOf(batchqty) >= java.lang.Integer.valueOf(Rqty)): null

2018-05-15 19:04:50 - [TEST_STEP][PASSED] - Statement - Else: null

2018-05-15 19:04:50 - [TEST_STEP][PASSED] - Statement - out.println("Batchqty Is Less Than Rqty"): null

2018-05-15 19:04:50 - [TEST_STEP][PASSED] - Statement - product = new com.kms.katalon.core.testobject.TestObject(): null

2018-05-15 19:04:50 - [TEST_STEP][PASSED] - Statement - product = com.kms.katalon.core.webui.keyword.WebUiBuiltInKeywords.modifyObjectProperty(product, "xpath", "equals", "//*[@id = "fldvendor" + row + ""]", true): Modify property of object successfully

2018-05-15 19:04:50 - [MESSAGE][PASSED] - Modify property of object successfully

2018-05-15 19:04:50 - [TEST_STEP][PASSED] - selectOptionByIndex: All options with index in [2] are selected on object ''

2018-05-15 19:04:50 - [MESSAGE][PASSED] - All options with index in [2] are selected on object ''

2018-05-15 19:04:50 - [TEST_STEP][PASSED] - Statement - batch = new com.kms.katalon.core.testobject.TestObject(): null

2018-05-15 19:04:50 - [TEST_STEP][PASSED] - Statement - batch = com.kms.katalon.core.webui.keyword.WebUiBuiltInKeywords.modifyObjectProperty(batch, "xpath", "equals", "//*[@id = "txtbthqty" + row + ""]", true): Modify property of object successfully

2018-05-15 19:04:50 - [MESSAGE][PASSED] - Modify property of object successfully

2018-05-15 19:04:50 - [TEST_STEP][PASSED] - Statement - batchqty = com.kms.katalon.core.webui.keyword.WebUiBuiltInKeywords.getAttribute(batch, "value").trim(): Attribute 'value' of object '' is: '600'

2018-05-15 19:04:50 - [MESSAGE][PASSED] - Attribute 'value' of object '' is: '600'

2018-05-15 19:04:50 - [TEST_STEP][PASSED] - Statement - Rqty = 10000: null

2018-05-15 19:04:50 - [TEST_STEP][PASSED] - delay: Delayed 2 second(s)

2018-05-15 19:04:52 - [MESSAGE][PASSED] - Delayed 2 second(s)

2018-05-15 19:04:52 - [TEST_STEP][PASSED] - Statement - out.println("BatchQty : " + batchqty): null

2018-05-15 19:04:52 - [TEST_STEP][PASSED] - Statement - out.println("RQty : " + Rqty): null

2018-05-15 19:04:52 - [TEST_STEP][PASSED] - Statement - If (java.lang.Integer.valueOf(batchqty) >= java.lang.Integer.valueOf(Rqty)): null

2018-05-15 19:04:52 - [TEST_STEP][PASSED] - Statement - Else: null

2018-05-15 19:04:52 - [TEST_STEP][PASSED] - Statement - out.println("Batchqty Is Less Than Rqty"): null

2018-05-15 19:04:52 - [TEST_STEP][PASSED] - Statement - product = new com.kms.katalon.core.testobject.TestObject(): null

2018-05-15 19:04:52 - [TEST_STEP][PASSED] - Statement - product = com.kms.katalon.core.webui.keyword.WebUiBuiltInKeywords.modifyObjectProperty(product, "xpath", "equals", "//*[@id = "fldvendor" + row + ""]", true): Modify property of object successfully

2018-05-15 19:04:52 - [MESSAGE][PASSED] - Modify property of object successfully

2018-05-15 19:04:52 - [TEST_STEP][PASSED] - selectOptionByIndex: All options with index in [3] are selected on object ''

2018-05-15 19:04:52 - [MESSAGE][PASSED] - All options with index in [3] are selected on object ''

2018-05-15 19:04:52 - [TEST_STEP][PASSED] - Statement - batch = new com.kms.katalon.core.testobject.TestObject(): null

2018-05-15 19:04:52 - [TEST_STEP][PASSED] - Statement - batch = com.kms.katalon.core.webui.keyword.WebUiBuiltInKeywords.modifyObjectProperty(batch, "xpath", "equals", "//*[@id = "txtbthqty" + row + ""]", true): Modify property of object successfully

2018-05-15 19:04:52 - [MESSAGE][PASSED] - Modify property of object successfully

2018-05-15 19:04:52 - [TEST_STEP][PASSED] - Statement - batchqty = com.kms.katalon.core.webui.keyword.WebUiBuiltInKeywords.getAttribute(batch, "value").trim(): Attribute 'value' of object '' is: '5000'

2018-05-15 19:04:53 - [MESSAGE][PASSED] - Attribute 'value' of object '' is: '5000'

2018-05-15 19:04:53 - [TEST_STEP][PASSED] - Statement - Rqty = 10000: null

2018-05-15 19:04:53 - [TEST_STEP][PASSED] - delay: Delayed 2 second(s)

2018-05-15 19:04:55 - [MESSAGE][PASSED] - Delayed 2 second(s)

2018-05-15 19:04:55 - [TEST_STEP][PASSED] - Statement - out.println("BatchQty : " + batchqty): null

2018-05-15 19:04:55 - [TEST_STEP][PASSED] - Statement - out.println("RQty : " + Rqty): null

2018-05-15 19:04:55 - [TEST_STEP][PASSED] - Statement - If (java.lang.Integer.valueOf(batchqty) >= java.lang.Integer.valueOf(Rqty)): null

2018-05-15 19:04:55 - [TEST_STEP][PASSED] - Statement - Else: null

2018-05-15 19:04:55 - [TEST_STEP][PASSED] - Statement - out.println("Batchqty Is Less Than Rqty"): null

2018-05-15 19:04:55 - [TEST_STEP][PASSED] - Statement - product = new com.kms.katalon.core.testobject.TestObject(): null

2018-05-15 19:04:55 - [TEST_STEP][PASSED] - Statement - product = com.kms.katalon.core.webui.keyword.WebUiBuiltInKeywords.modifyObjectProperty(product, "xpath", "equals", "//*[@id = "fldvendor" + row + ""]", true): Modify property of object successfully

2018-05-15 19:04:55 - [MESSAGE][PASSED] - Modify property of object successfully

2018-05-15 19:04:55 - [TEST_STEP][PASSED] - selectOptionByIndex: All options with index in [4] are selected on object ''

2018-05-15 19:04:55 - [MESSAGE][PASSED] - All options with index in [4] are selected on object ''

2018-05-15 19:04:55 - [TEST_STEP][PASSED] - Statement - batch = new com.kms.katalon.core.testobject.TestObject(): null

2018-05-15 19:04:55 - [TEST_STEP][PASSED] - Statement - batch = com.kms.katalon.core.webui.keyword.WebUiBuiltInKeywords.modifyObjectProperty(batch, "xpath", "equals", "//*[@id = "txtbthqty" + row + ""]", true): Modify property of object successfully

2018-05-15 19:04:55 - [MESSAGE][PASSED] - Modify property of object successfully

2018-05-15 19:04:55 - [TEST_STEP][PASSED] - Statement - batchqty = com.kms.katalon.core.webui.keyword.WebUiBuiltInKeywords.getAttribute(batch, "value").trim(): Attribute 'value' of object '' is: '5000'

2018-05-15 19:04:55 - [MESSAGE][PASSED] - Attribute 'value' of object '' is: '5000'

2018-05-15 19:04:55 - [TEST_STEP][PASSED] - Statement - Rqty = 10000: null

2018-05-15 19:04:55 - [TEST_STEP][PASSED] - delay: Delayed 2 second(s)

2018-05-15 19:04:57 - [MESSAGE][PASSED] - Delayed 2 second(s)

2018-05-15 19:04:57 - [TEST_STEP][PASSED] - Statement - out.println("BatchQty : " + batchqty): null

2018-05-15 19:04:57 - [TEST_STEP][PASSED] - Statement - out.println("RQty : " + Rqty): null

2018-05-15 19:04:57 - [TEST_STEP][PASSED] - Statement - If (java.lang.Integer.valueOf(batchqty) >= java.lang.Integer.valueOf(Rqty)): null

2018-05-15 19:04:57 - [TEST_STEP][PASSED] - Statement - Else: null

2018-05-15 19:04:57 - [TEST_STEP][PASSED] - Statement - out.println("Batchqty Is Less Than Rqty"): null

2018-05-15 19:04:57 - [TEST_STEP][PASSED] - Statement - batchlength = new com.kms.katalon.core.testobject.TestObject(): null

2018-05-15 19:04:57 - [TEST_STEP][PASSED] - Statement - batchlength = com.kms.katalon.core.webui.keyword.WebUiBuiltInKeywords.modifyObjectProperty(batchlength, "xpath", "equals", "//*[@id = "fldvendor" + row + ""]", true): Modify property of object successfully

2018-05-15 19:04:57 - [MESSAGE][PASSED] - Modify property of object successfully

2018-05-15 19:04:57 - [TEST_STEP][PASSED] - Statement - batchsize = com.kms.katalon.core.webui.keyword.WebUiBuiltInKeywords.getNumberOfTotalOption(batchlength): 5 options of object '' counted

2018-05-15 19:04:57 - [MESSAGE][PASSED] - 5 options of object '' counted

2018-05-15 19:04:57 - [TEST_STEP][PASSED] - Statement - out.println("BatchSize : " + batchsize): null

2018-05-15 19:04:57 - [TEST_STEP][PASSED] - Statement - For ([n = 1, n <= batchsize - 1, (n++)]): null

2018-05-15 19:04:57 - [TEST_STEP][PASSED] - Statement - product = new com.kms.katalon.core.testobject.TestObject(): null

2018-05-15 19:04:57 - [TEST_STEP][PASSED] - Statement - product = com.kms.katalon.core.webui.keyword.WebUiBuiltInKeywords.modifyObjectProperty(product, "xpath", "equals", "//*[@id = "fldvendor" + row + ""]", true): Modify property of object successfully

2018-05-15 19:04:57 - [MESSAGE][PASSED] - Modify property of object successfully

2018-05-15 19:04:57 - [TEST_STEP][PASSED] - selectOptionByIndex: All options with index in [1] are selected on object ''

2018-05-15 19:04:57 - [MESSAGE][PASSED] - All options with index in [1] are selected on object ''

2018-05-15 19:04:57 - [TEST_STEP][PASSED] - Statement - batch = new com.kms.katalon.core.testobject.TestObject(): null

2018-05-15 19:04:57 - [TEST_STEP][PASSED] - Statement - batch = com.kms.katalon.core.webui.keyword.WebUiBuiltInKeywords.modifyObjectProperty(batch, "xpath", "equals", "//*[@id = "txtbthqty" + row + ""]", true): Modify property of object successfully

2018-05-15 19:04:57 - [MESSAGE][PASSED] - Modify property of object successfully

2018-05-15 19:04:57 - [TEST_STEP][PASSED] - Statement - batchqty = com.kms.katalon.core.webui.keyword.WebUiBuiltInKeywords.getAttribute(batch, "value").trim(): Attribute 'value' of object '' is: '600'

2018-05-15 19:04:57 - [MESSAGE][PASSED] - Attribute 'value' of object '' is: '600'

2018-05-15 19:04:57 - [TEST_STEP][PASSED] - Statement - Rqty = 10000: null

2018-05-15 19:04:57 - [TEST_STEP][PASSED] - delay: Delayed 2 second(s)

2018-05-15 19:04:59 - [MESSAGE][PASSED] - Delayed 2 second(s)

2018-05-15 19:04:59 - [TEST_STEP][PASSED] - Statement - out.println("BatchQty : " + batchqty): null

2018-05-15 19:04:59 - [TEST_STEP][PASSED] - Statement - out.println("RQty : " + Rqty): null

2018-05-15 19:04:59 - [TEST_STEP][PASSED] - Statement - If (java.lang.Integer.valueOf(batchqty) >= java.lang.Integer.valueOf(Rqty)): null

2018-05-15 19:04:59 - [TEST_STEP][PASSED] - Statement - Else: null

2018-05-15 19:04:59 - [TEST_STEP][PASSED] - Statement - out.println("Batchqty Is Less Than Rqty"): null

2018-05-15 19:04:59 - [TEST_STEP][PASSED] - Statement - product = new com.kms.katalon.core.testobject.TestObject(): null

2018-05-15 19:04:59 - [TEST_STEP][PASSED] - Statement - product = com.kms.katalon.core.webui.keyword.WebUiBuiltInKeywords.modifyObjectProperty(product, "xpath", "equals", "//*[@id = "fldvendor" + row + ""]", true): Modify property of object successfully

2018-05-15 19:04:59 - [MESSAGE][PASSED] - Modify property of object successfully

2018-05-15 19:04:59 - [TEST_STEP][PASSED] - selectOptionByIndex: All options with index in [2] are selected on object ''

2018-05-15 19:04:59 - [MESSAGE][PASSED] - All options with index in [2] are selected on object ''

2018-05-15 19:04:59 - [TEST_STEP][PASSED] - Statement - batch = new com.kms.katalon.core.testobject.TestObject(): null

2018-05-15 19:04:59 - [TEST_STEP][PASSED] - Statement - batch = com.kms.katalon.core.webui.keyword.WebUiBuiltInKeywords.modifyObjectProperty(batch, "xpath", "equals", "//*[@id = "txtbthqty" + row + ""]", true): Modify property of object successfully

2018-05-15 19:04:59 - [MESSAGE][PASSED] - Modify property of object successfully

2018-05-15 19:04:59 - [TEST_STEP][PASSED] - Statement - batchqty = com.kms.katalon.core.webui.keyword.WebUiBuiltInKeywords.getAttribute(batch, "value").trim(): Attribute 'value' of object '' is: '200'

2018-05-15 19:04:59 - [MESSAGE][PASSED] - Attribute 'value' of object '' is: '200'

2018-05-15 19:04:59 - [TEST_STEP][PASSED] - Statement - Rqty = 10000: null

2018-05-15 19:04:59 - [TEST_STEP][PASSED] - delay: Delayed 2 second(s)

2018-05-15 19:05:01 - [MESSAGE][PASSED] - Delayed 2 second(s)

2018-05-15 19:05:01 - [TEST_STEP][PASSED] - Statement - out.println("BatchQty : " + batchqty): null

2018-05-15 19:05:01 - [TEST_STEP][PASSED] - Statement - out.println("RQty : " + Rqty): null

2018-05-15 19:05:01 - [TEST_STEP][PASSED] - Statement - If (java.lang.Integer.valueOf(batchqty) >= java.lang.Integer.valueOf(Rqty)): null

2018-05-15 19:05:01 - [TEST_STEP][PASSED] - Statement - Else: null

2018-05-15 19:05:01 - [TEST_STEP][PASSED] - Statement - out.println("Batchqty Is Less Than Rqty"): null

2018-05-15 19:05:01 - [TEST_STEP][PASSED] - Statement - product = new com.kms.katalon.core.testobject.TestObject(): null

2018-05-15 19:05:01 - [TEST_STEP][PASSED] - Statement - product = com.kms.katalon.core.webui.keyword.WebUiBuiltInKeywords.modifyObjectProperty(product, "xpath", "equals", "//*[@id = "fldvendor" + row + ""]", true): Modify property of object successfully

2018-05-15 19:05:01 - [MESSAGE][PASSED] - Modify property of object successfully

2018-05-15 19:05:01 - [TEST_STEP][PASSED] - selectOptionByIndex: All options with index in [3] are selected on object ''

2018-05-15 19:05:01 - [MESSAGE][PASSED] - All options with index in [3] are selected on object ''

2018-05-15 19:05:01 - [TEST_STEP][PASSED] - Statement - batch = new com.kms.katalon.core.testobject.TestObject(): null

2018-05-15 19:05:01 - [TEST_STEP][PASSED] - Statement - batch = com.kms.katalon.core.webui.keyword.WebUiBuiltInKeywords.modifyObjectProperty(batch, "xpath", "equals", "//*[@id = "txtbthqty" + row + ""]", true): Modify property of object successfully

2018-05-15 19:05:01 - [MESSAGE][PASSED] - Modify property of object successfully

2018-05-15 19:05:01 - [TEST_STEP][PASSED] - Statement - batchqty = com.kms.katalon.core.webui.keyword.WebUiBuiltInKeywords.getAttribute(batch, "value").trim(): Attribute 'value' of object '' is: '5000'

2018-05-15 19:05:01 - [MESSAGE][PASSED] - Attribute 'value' of object '' is: '5000'

2018-05-15 19:05:01 - [TEST_STEP][PASSED] - Statement - Rqty = 10000: null

2018-05-15 19:05:01 - [TEST_STEP][PASSED] - delay: Delayed 2 second(s)

2018-05-15 19:05:03 - [MESSAGE][PASSED] - Delayed 2 second(s)

2018-05-15 19:05:03 - [TEST_STEP][PASSED] - Statement - out.println("BatchQty : " + batchqty): null

2018-05-15 19:05:03 - [TEST_STEP][PASSED] - Statement - out.println("RQty : " + Rqty): null

2018-05-15 19:05:03 - [TEST_STEP][PASSED] - Statement - If (java.lang.Integer.valueOf(batchqty) >= java.lang.Integer.valueOf(Rqty)): null

2018-05-15 19:05:03 - [TEST_STEP][PASSED] - Statement - Else: null

2018-05-15 19:05:03 - [TEST_STEP][PASSED] - Statement - out.println("Batchqty Is Less Than Rqty"): null

2018-05-15 19:05:03 - [TEST_STEP][PASSED] - Statement - product = new com.kms.katalon.core.testobject.TestObject(): null

2018-05-15 19:05:03 - [TEST_STEP][PASSED] - Statement - product = com.kms.katalon.core.webui.keyword.WebUiBuiltInKeywords.modifyObjectProperty(product, "xpath", "equals", "//*[@id = "fldvendor" + row + ""]", true): Modify property of object successfully

2018-05-15 19:05:03 - [MESSAGE][PASSED] - Modify property of object successfully

2018-05-15 19:05:03 - [TEST_STEP][PASSED] - selectOptionByIndex: All options with index in [4] are selected on object ''

2018-05-15 19:05:04 - [MESSAGE][PASSED] - All options with index in [4] are selected on object ''

2018-05-15 19:05:04 - [TEST_STEP][PASSED] - Statement - batch = new com.kms.katalon.core.testobject.TestObject(): null

2018-05-15 19:05:04 - [TEST_STEP][PASSED] - Statement - batch = com.kms.katalon.core.webui.keyword.WebUiBuiltInKeywords.modifyObjectProperty(batch, "xpath", "equals", "//*[@id = "txtbthqty" + row + ""]", true): Modify property of object successfully

2018-05-15 19:05:04 - [MESSAGE][PASSED] - Modify property of object successfully

2018-05-15 19:05:04 - [TEST_STEP][PASSED] - Statement - batchqty = com.kms.katalon.core.webui.keyword.WebUiBuiltInKeywords.getAttribute(batch, "value").trim(): Attribute 'value' of object '' is: '5000'

2018-05-15 19:05:04 - [MESSAGE][PASSED] - Attribute 'value' of object '' is: '5000'

2018-05-15 19:05:04 - [TEST_STEP][PASSED] - Statement - Rqty = 10000: null

2018-05-15 19:05:04 - [TEST_STEP][PASSED] - delay: Delayed 2 second(s)

2018-05-15 19:05:06 - [MESSAGE][PASSED] - Delayed 2 second(s)

2018-05-15 19:05:06 - [TEST_STEP][PASSED] - Statement - out.println("BatchQty : " + batchqty): null

2018-05-15 19:05:06 - [TEST_STEP][PASSED] - Statement - out.println("RQty : " + Rqty): null

2018-05-15 19:05:06 - [TEST_STEP][PASSED] - Statement - If (java.lang.Integer.valueOf(batchqty) >= java.lang.Integer.valueOf(Rqty)): null

2018-05-15 19:05:06 - [TEST_STEP][PASSED] - Statement - Else: null

2018-05-15 19:05:06 - [TEST_STEP][PASSED] - Statement - out.println("Batchqty Is Less Than Rqty"): null

2018-05-15 19:05:06 - [TEST_STEP][PASSED] - Statement - batchlength = new com.kms.katalon.core.testobject.TestObject(): null

2018-05-15 19:05:06 - [TEST_STEP][PASSED] - Statement - batchlength = com.kms.katalon.core.webui.keyword.WebUiBuiltInKeywords.modifyObjectProperty(batchlength, "xpath", "equals", "//*[@id = "fldvendor" + row + ""]", true): Modify property of object successfully

2018-05-15 19:05:06 - [MESSAGE][PASSED] - Modify property of object successfully

2018-05-15 19:05:06 - [TEST_STEP][PASSED] - Statement - batchsize = com.kms.katalon.core.webui.keyword.WebUiBuiltInKeywords.getNumberOfTotalOption(batchlength): 5 options of object '' counted

2018-05-15 19:05:06 - [MESSAGE][PASSED] - 5 options of object '' counted

2018-05-15 19:05:06 - [TEST_STEP][PASSED] - Statement - out.println("BatchSize : " + batchsize): null

2018-05-15 19:05:06 - [TEST_STEP][PASSED] - Statement - For ([n = 1, n <= batchsize - 1, (n++)]): null

2018-05-15 19:05:06 - [TEST_STEP][PASSED] - Statement - product = new com.kms.katalon.core.testobject.TestObject(): null

2018-05-15 19:05:06 - [TEST_STEP][PASSED] - Statement - product = com.kms.katalon.core.webui.keyword.WebUiBuiltInKeywords.modifyObjectProperty(product, "xpath", "equals", "//*[@id = "fldvendor" + row + ""]", true): Modify property of object successfully

2018-05-15 19:05:06 - [MESSAGE][PASSED] - Modify property of object successfully

2018-05-15 19:05:06 - [TEST_STEP][PASSED] - selectOptionByIndex: All options with index in [1] are selected on object ''

2018-05-15 19:05:06 - [MESSAGE][PASSED] - All options with index in [1] are selected on object ''

2018-05-15 19:05:06 - [TEST_STEP][PASSED] - Statement - batch = new com.kms.katalon.core.testobject.TestObject(): null

2018-05-15 19:05:06 - [TEST_STEP][PASSED] - Statement - batch = com.kms.katalon.core.webui.keyword.WebUiBuiltInKeywords.modifyObjectProperty(batch, "xpath", "equals", "//*[@id = "txtbthqty" + row + ""]", true): Modify property of object successfully

2018-05-15 19:05:06 - [MESSAGE][PASSED] - Modify property of object successfully

2018-05-15 19:05:06 - [TEST_STEP][PASSED] - Statement - batchqty = com.kms.katalon.core.webui.keyword.WebUiBuiltInKeywords.getAttribute(batch, "value").trim(): Attribute 'value' of object '' is: '200'

2018-05-15 19:05:06 - [MESSAGE][PASSED] - Attribute 'value' of object '' is: '200'

2018-05-15 19:05:06 - [TEST_STEP][PASSED] - Statement - Rqty = 10000: null

2018-05-15 19:05:06 - [TEST_STEP][PASSED] - delay: Delayed 2 second(s)

2018-05-15 19:05:08 - [MESSAGE][PASSED] - Delayed 2 second(s)

2018-05-15 19:05:08 - [TEST_STEP][PASSED] - Statement - out.println("BatchQty : " + batchqty): null

2018-05-15 19:05:08 - [TEST_STEP][PASSED] - Statement - out.println("RQty : " + Rqty): null

2018-05-15 19:05:08 - [TEST_STEP][PASSED] - Statement - If (java.lang.Integer.valueOf(batchqty) >= java.lang.Integer.valueOf(Rqty)): null

2018-05-15 19:05:08 - [TEST_STEP][PASSED] - Statement - Else: null

2018-05-15 19:05:08 - [TEST_STEP][PASSED] - Statement - out.println("Batchqty Is Less Than Rqty"): null

2018-05-15 19:05:08 - [TEST_STEP][PASSED] - Statement - product = new com.kms.katalon.core.testobject.TestObject(): null

2018-05-15 19:05:08 - [TEST_STEP][PASSED] - Statement - product = com.kms.katalon.core.webui.keyword.WebUiBuiltInKeywords.modifyObjectProperty(product, "xpath", "equals", "//*[@id = "fldvendor" + row + ""]", true): Modify property of object successfully

2018-05-15 19:05:08 - [MESSAGE][PASSED] - Modify property of object successfully

2018-05-15 19:05:08 - [TEST_STEP][PASSED] - selectOptionByIndex: All options with index in [2] are selected on object ''

2018-05-15 19:05:08 - [MESSAGE][PASSED] - All options with index in [2] are selected on object ''

2018-05-15 19:05:08 - [TEST_STEP][PASSED] - Statement - batch = new com.kms.katalon.core.testobject.TestObject(): null

2018-05-15 19:05:08 - [TEST_STEP][PASSED] - Statement - batch = com.kms.katalon.core.webui.keyword.WebUiBuiltInKeywords.modifyObjectProperty(batch, "xpath", "equals", "//*[@id = "txtbthqty" + row + ""]", true): Modify property of object successfully

2018-05-15 19:05:08 - [MESSAGE][PASSED] - Modify property of object successfully

2018-05-15 19:05:08 - [TEST_STEP][PASSED] - Statement - batchqty = com.kms.katalon.core.webui.keyword.WebUiBuiltInKeywords.getAttribute(batch, "value").trim(): Attribute 'value' of object '' is: '5000'

2018-05-15 19:05:08 - [MESSAGE][PASSED] - Attribute 'value' of object '' is: '5000'

2018-05-15 19:05:08 - [TEST_STEP][PASSED] - Statement - Rqty = 10000: null

2018-05-15 19:05:08 - [TEST_STEP][PASSED] - delay: Delayed 2 second(s)

2018-05-15 19:05:10 - [MESSAGE][PASSED] - Delayed 2 second(s)

2018-05-15 19:05:10 - [TEST_STEP][PASSED] - Statement - out.println("BatchQty : " + batchqty): null

2018-05-15 19:05:10 - [TEST_STEP][PASSED] - Statement - out.println("RQty : " + Rqty): null

2018-05-15 19:05:10 - [TEST_STEP][PASSED] - Statement - If (java.lang.Integer.valueOf(batchqty) >= java.lang.Integer.valueOf(Rqty)): null

2018-05-15 19:05:10 - [TEST_STEP][PASSED] - Statement - Else: null

2018-05-15 19:05:10 - [TEST_STEP][PASSED] - Statement - out.println("Batchqty Is Less Than Rqty"): null

2018-05-15 19:05:10 - [TEST_STEP][PASSED] - Statement - product = new com.kms.katalon.core.testobject.TestObject(): null

2018-05-15 19:05:10 - [TEST_STEP][PASSED] - Statement - product = com.kms.katalon.core.webui.keyword.WebUiBuiltInKeywords.modifyObjectProperty(product, "xpath", "equals", "//*[@id = "fldvendor" + row + ""]", true): Modify property of object successfully

2018-05-15 19:05:10 - [MESSAGE][PASSED] - Modify property of object successfully

2018-05-15 19:05:10 - [TEST_STEP][PASSED] - selectOptionByIndex: All options with index in [3] are selected on object ''

2018-05-15 19:05:10 - [MESSAGE][PASSED] - All options with index in [3] are selected on object ''

2018-05-15 19:05:10 - [TEST_STEP][PASSED] - Statement - batch = new com.kms.katalon.core.testobject.TestObject(): null

2018-05-15 19:05:10 - [TEST_STEP][PASSED] - Statement - batch = com.kms.katalon.core.webui.keyword.WebUiBuiltInKeywords.modifyObjectProperty(batch, "xpath", "equals", "//*[@id = "txtbthqty" + row + ""]", true): Modify property of object successfully

2018-05-15 19:05:10 - [MESSAGE][PASSED] - Modify property of object successfully

2018-05-15 19:05:10 - [TEST_STEP][PASSED] - Statement - batchqty = com.kms.katalon.core.webui.keyword.WebUiBuiltInKeywords.getAttribute(batch, "value").trim(): Attribute 'value' of object '' is: '600'

2018-05-15 19:05:10 - [MESSAGE][PASSED] - Attribute 'value' of object '' is: '600'

2018-05-15 19:05:10 - [TEST_STEP][PASSED] - Statement - Rqty = 10000: null

2018-05-15 19:05:10 - [TEST_STEP][PASSED] - delay: Delayed 2 second(s)

2018-05-15 19:05:12 - [MESSAGE][PASSED] - Delayed 2 second(s)

2018-05-15 19:05:12 - [TEST_STEP][PASSED] - Statement - out.println("BatchQty : " + batchqty): null

2018-05-15 19:05:12 - [TEST_STEP][PASSED] - Statement - out.println("RQty : " + Rqty): null

2018-05-15 19:05:12 - [TEST_STEP][PASSED] - Statement - If (java.lang.Integer.valueOf(batchqty) >= java.lang.Integer.valueOf(Rqty)): null

2018-05-15 19:05:12 - [TEST_STEP][PASSED] - Statement - Else: null

2018-05-15 19:05:12 - [TEST_STEP][PASSED] - Statement - out.println("Batchqty Is Less Than Rqty"): null

2018-05-15 19:05:12 - [TEST_STEP][PASSED] - Statement - product = new com.kms.katalon.core.testobject.TestObject(): null

2018-05-15 19:05:12 - [TEST_STEP][PASSED] - Statement - product = com.kms.katalon.core.webui.keyword.WebUiBuiltInKeywords.modifyObjectProperty(product, "xpath", "equals", "//*[@id = "fldvendor" + row + ""]", true): Modify property of object successfully

2018-05-15 19:05:12 - [MESSAGE][PASSED] - Modify property of object successfully

2018-05-15 19:05:12 - [TEST_STEP][PASSED] - selectOptionByIndex: All options with index in [4] are selected on object ''

2018-05-15 19:05:12 - [MESSAGE][PASSED] - All options with index in [4] are selected on object ''

2018-05-15 19:05:12 - [TEST_STEP][PASSED] - Statement - batch = new com.kms.katalon.core.testobject.TestObject(): null

2018-05-15 19:05:12 - [TEST_STEP][PASSED] - Statement - batch = com.kms.katalon.core.webui.keyword.WebUiBuiltInKeywords.modifyObjectProperty(batch, "xpath", "equals", "//*[@id = "txtbthqty" + row + ""]", true): Modify property of object successfully

2018-05-15 19:05:12 - [MESSAGE][PASSED] - Modify property of object successfully

2018-05-15 19:05:12 - [TEST_STEP][PASSED] - Statement - batchqty = com.kms.katalon.core.webui.keyword.WebUiBuiltInKeywords.getAttribute(batch, "value").trim(): Attribute 'value' of object '' is: '5000'

2018-05-15 19:05:12 - [MESSAGE][PASSED] - Attribute 'value' of object '' is: '5000'

2018-05-15 19:05:12 - [TEST_STEP][PASSED] - Statement - Rqty = 10000: null

2018-05-15 19:05:12 - [TEST_STEP][PASSED] - delay: Delayed 2 second(s)

2018-05-15 19:05:14 - [MESSAGE][PASSED] - Delayed 2 second(s)

2018-05-15 19:05:14 - [TEST_STEP][PASSED] - Statement - out.println("BatchQty : " + batchqty): null

2018-05-15 19:05:14 - [TEST_STEP][PASSED] - Statement - out.println("RQty : " + Rqty): null

2018-05-15 19:05:14 - [TEST_STEP][PASSED] - Statement - If (java.lang.Integer.valueOf(batchqty) >= java.lang.Integer.valueOf(Rqty)): null

2018-05-15 19:05:14 - [TEST_STEP][PASSED] - Statement - Else: null

2018-05-15 19:05:14 - [TEST_STEP][PASSED] - Statement - out.println("Batchqty Is Less Than Rqty"): null

2018-05-15 19:05:14 - [TEST_STEP][PASSED] - Statement - batchlength = new com.kms.katalon.core.testobject.TestObject(): null

2018-05-15 19:05:14 - [TEST_STEP][PASSED] - Statement - batchlength = com.kms.katalon.core.webui.keyword.WebUiBuiltInKeywords.modifyObjectProperty(batchlength, "xpath", "equals", "//*[@id = "fldvendor" + row + ""]", true): Modify property of object successfully

2018-05-15 19:05:14 - [MESSAGE][PASSED] - Modify property of object successfully

2018-05-15 19:05:14 - [TEST_STEP][PASSED] - Statement - batchsize = com.kms.katalon.core.webui.keyword.WebUiBuiltInKeywords.getNumberOfTotalOption(batchlength): 5 options of object '' counted

2018-05-15 19:05:15 - [MESSAGE][PASSED] - 5 options of object '' counted

2018-05-15 19:05:15 - [TEST_STEP][PASSED] - Statement - out.println("BatchSize : " + batchsize): null

2018-05-15 19:05:15 - [TEST_STEP][PASSED] - Statement - For ([n = 1, n <= batchsize - 1, (n++)]): null

2018-05-15 19:05:15 - [TEST_STEP][PASSED] - Statement - product = new com.kms.katalon.core.testobject.TestObject(): null

2018-05-15 19:05:15 - [TEST_STEP][PASSED] - Statement - product = com.kms.katalon.core.webui.keyword.WebUiBuiltInKeywords.modifyObjectProperty(product, "xpath", "equals", "//*[@id = "fldvendor" + row + ""]", true): Modify property of object successfully

2018-05-15 19:05:15 - [MESSAGE][PASSED] - Modify property of object successfully

2018-05-15 19:05:15 - [TEST_STEP][PASSED] - selectOptionByIndex: All options with index in [1] are selected on object ''

2018-05-15 19:05:15 - [MESSAGE][PASSED] - All options with index in [1] are selected on object ''

2018-05-15 19:05:15 - [TEST_STEP][PASSED] - Statement - batch = new com.kms.katalon.core.testobject.TestObject(): null

2018-05-15 19:05:15 - [TEST_STEP][PASSED] - Statement - batch = com.kms.katalon.core.webui.keyword.WebUiBuiltInKeywords.modifyObjectProperty(batch, "xpath", "equals", "//*[@id = "txtbthqty" + row + ""]", true): Modify property of object successfully

2018-05-15 19:05:15 - [MESSAGE][PASSED] - Modify property of object successfully

2018-05-15 19:05:15 - [TEST_STEP][PASSED] - Statement - batchqty = com.kms.katalon.core.webui.keyword.WebUiBuiltInKeywords.getAttribute(batch, "value").trim(): Attribute 'value' of object '' is: '200'

2018-05-15 19:05:15 - [MESSAGE][PASSED] - Attribute 'value' of object '' is: '200'

2018-05-15 19:05:15 - [TEST_STEP][PASSED] - Statement - Rqty = 10000: null

2018-05-15 19:05:15 - [TEST_STEP][PASSED] - delay: Delayed 2 second(s)

2018-05-15 19:05:17 - [MESSAGE][PASSED] - Delayed 2 second(s)

2018-05-15 19:05:17 - [TEST_STEP][PASSED] - Statement - out.println("BatchQty : " + batchqty): null

2018-05-15 19:05:17 - [TEST_STEP][PASSED] - Statement - out.println("RQty : " + Rqty): null

2018-05-15 19:05:17 - [TEST_STEP][PASSED] - Statement - If (java.lang.Integer.valueOf(batchqty) >= java.lang.Integer.valueOf(Rqty)): null

2018-05-15 19:05:17 - [TEST_STEP][PASSED] - Statement - Else: null

2018-05-15 19:05:17 - [TEST_STEP][PASSED] - Statement - out.println("Batchqty Is Less Than Rqty"): null

2018-05-15 19:05:17 - [TEST_STEP][PASSED] - Statement - product = new com.kms.katalon.core.testobject.TestObject(): null

2018-05-15 19:05:17 - [TEST_STEP][PASSED] - Statement - product = com.kms.katalon.core.webui.keyword.WebUiBuiltInKeywords.modifyObjectProperty(product, "xpath", "equals", "//*[@id = "fldvendor" + row + ""]", true): Modify property of object successfully

2018-05-15 19:05:17 - [MESSAGE][PASSED] - Modify property of object successfully

2018-05-15 19:05:17 - [TEST_STEP][PASSED] - selectOptionByIndex: All options with index in [2] are selected on object ''

2018-05-15 19:05:17 - [MESSAGE][PASSED] - All options with index in [2] are selected on object ''

2018-05-15 19:05:17 - [TEST_STEP][PASSED] - Statement - batch = new com.kms.katalon.core.testobject.TestObject(): null

2018-05-15 19:05:17 - [TEST_STEP][PASSED] - Statement - batch = com.kms.katalon.core.webui.keyword.WebUiBuiltInKeywords.modifyObjectProperty(batch, "xpath", "equals", "//*[@id = "txtbthqty" + row + ""]", true): Modify property of object successfully

2018-05-15 19:05:17 - [MESSAGE][PASSED] - Modify property of object successfully

2018-05-15 19:05:17 - [TEST_STEP][PASSED] - Statement - batchqty = com.kms.katalon.core.webui.keyword.WebUiBuiltInKeywords.getAttribute(batch, "value").trim(): Attribute 'value' of object '' is: '600'

2018-05-15 19:05:17 - [MESSAGE][PASSED] - Attribute 'value' of object '' is: '600'

2018-05-15 19:05:17 - [TEST_STEP][PASSED] - Statement - Rqty = 10000: null

2018-05-15 19:05:17 - [TEST_STEP][PASSED] - delay: Delayed 2 second(s)

2018-05-15 19:05:19 - [MESSAGE][PASSED] - Delayed 2 second(s)

2018-05-15 19:05:19 - [TEST_STEP][PASSED] - Statement - out.println("BatchQty : " + batchqty): null

2018-05-15 19:05:19 - [TEST_STEP][PASSED] - Statement - out.println("RQty : " + Rqty): null

2018-05-15 19:05:19 - [TEST_STEP][PASSED] - Statement - If (java.lang.Integer.valueOf(batchqty) >= java.lang.Integer.valueOf(Rqty)): null

2018-05-15 19:05:19 - [TEST_STEP][PASSED] - Statement - Else: null

2018-05-15 19:05:19 - [TEST_STEP][PASSED] - Statement - out.println("Batchqty Is Less Than Rqty"): null

2018-05-15 19:05:19 - [TEST_STEP][PASSED] - Statement - product = new com.kms.katalon.core.testobject.TestObject(): null

2018-05-15 19:05:19 - [TEST_STEP][PASSED] - Statement - product = com.kms.katalon.core.webui.keyword.WebUiBuiltInKeywords.modifyObjectProperty(product, "xpath", "equals", "//*[@id = "fldvendor" + row + ""]", true): Modify property of object successfully

2018-05-15 19:05:19 - [MESSAGE][PASSED] - Modify property of object successfully

2018-05-15 19:05:19 - [TEST_STEP][PASSED] - selectOptionByIndex: All options with index in [3] are selected on object ''

2018-05-15 19:05:19 - [MESSAGE][PASSED] - All options with index in [3] are selected on object ''

2018-05-15 19:05:19 - [TEST_STEP][PASSED] - Statement - batch = new com.kms.katalon.core.testobject.TestObject(): null

2018-05-15 19:05:19 - [TEST_STEP][PASSED] - Statement - batch = com.kms.katalon.core.webui.keyword.WebUiBuiltInKeywords.modifyObjectProperty(batch, "xpath", "equals", "//*[@id = "txtbthqty" + row + ""]", true): Modify property of object successfully

2018-05-15 19:05:19 - [MESSAGE][PASSED] - Modify property of object successfully

2018-05-15 19:05:19 - [TEST_STEP][PASSED] - Statement - batchqty = com.kms.katalon.core.webui.keyword.WebUiBuiltInKeywords.getAttribute(batch, "value").trim(): Attribute 'value' of object '' is: '5000'

2018-05-15 19:05:19 - [MESSAGE][PASSED] - Attribute 'value' of object '' is: '5000'

2018-05-15 19:05:19 - [TEST_STEP][PASSED] - Statement - Rqty = 10000: null

2018-05-15 19:05:19 - [TEST_STEP][PASSED] - delay: Delayed 2 second(s)

2018-05-15 19:05:21 - [MESSAGE][PASSED] - Delayed 2 second(s)

2018-05-15 19:05:21 - [TEST_STEP][PASSED] - Statement - out.println("BatchQty : " + batchqty): null

2018-05-15 19:05:21 - [TEST_STEP][PASSED] - Statement - out.println("RQty : " + Rqty): null

2018-05-15 19:05:21 - [TEST_STEP][PASSED] - Statement - If (java.lang.Integer.valueOf(batchqty) >= java.lang.Integer.valueOf(Rqty)): null

2018-05-15 19:05:21 - [TEST_STEP][PASSED] - Statement - Else: null

2018-05-15 19:05:21 - [TEST_STEP][PASSED] - Statement - out.println("Batchqty Is Less Than Rqty"): null

2018-05-15 19:05:21 - [TEST_STEP][PASSED] - Statement - product = new com.kms.katalon.core.testobject.TestObject(): null

2018-05-15 19:05:21 - [TEST_STEP][PASSED] - Statement - product = com.kms.katalon.core.webui.keyword.WebUiBuiltInKeywords.modifyObjectProperty(product, "xpath", "equals", "//*[@id = "fldvendor" + row + ""]", true): Modify property of object successfully

2018-05-15 19:05:21 - [MESSAGE][PASSED] - Modify property of object successfully

2018-05-15 19:05:21 - [TEST_STEP][PASSED] - selectOptionByIndex: All options with index in [4] are selected on object ''

2018-05-15 19:05:21 - [MESSAGE][PASSED] - All options with index in [4] are selected on object ''

2018-05-15 19:05:21 - [TEST_STEP][PASSED] - Statement - batch = new com.kms.katalon.core.testobject.TestObject(): null

2018-05-15 19:05:21 - [TEST_STEP][PASSED] - Statement - batch = com.kms.katalon.core.webui.keyword.WebUiBuiltInKeywords.modifyObjectProperty(batch, "xpath", "equals", "//*[@id = "txtbthqty" + row + ""]", true): Modify property of object successfully

2018-05-15 19:05:21 - [MESSAGE][PASSED] - Modify property of object successfully

2018-05-15 19:05:21 - [TEST_STEP][PASSED] - Statement - batchqty = com.kms.katalon.core.webui.keyword.WebUiBuiltInKeywords.getAttribute(batch, "value").trim(): Attribute 'value' of object '' is: '5000'

2018-05-15 19:05:21 - [MESSAGE][PASSED] - Attribute 'value' of object '' is: '5000'

2018-05-15 19:05:21 - [TEST_STEP][PASSED] - Statement - Rqty = 10000: null

2018-05-15 19:05:21 - [TEST_STEP][PASSED] - delay: Delayed 2 second(s)

2018-05-15 19:05:23 - [MESSAGE][PASSED] - Delayed 2 second(s)

2018-05-15 19:05:23 - [TEST_STEP][PASSED] - Statement - out.println("BatchQty : " + batchqty): null

2018-05-15 19:05:23 - [TEST_STEP][PASSED] - Statement - out.println("RQty : " + Rqty): null

2018-05-15 19:05:23 - [TEST_STEP][PASSED] - Statement - If (java.lang.Integer.valueOf(batchqty) >= java.lang.Integer.valueOf(Rqty)): null

2018-05-15 19:05:23 - [TEST_STEP][PASSED] - Statement - Else: null

2018-05-15 19:05:23 - [TEST_STEP][PASSED] - Statement - out.println("Batchqty Is Less Than Rqty"): null

2018-05-15 19:05:23 - [TEST_STEP][PASSED] - Statement - batchlength = new com.kms.katalon.core.testobject.TestObject(): null

2018-05-15 19:05:23 - [TEST_STEP][PASSED] - Statement - batchlength = com.kms.katalon.core.webui.keyword.WebUiBuiltInKeywords.modifyObjectProperty(batchlength, "xpath", "equals", "//*[@id = "fldvendor" + row + ""]", true): Modify property of object successfully

2018-05-15 19:05:23 - [MESSAGE][PASSED] - Modify property of object successfully

2018-05-15 19:05:23 - [TEST_STEP][PASSED] - Statement - batchsize = com.kms.katalon.core.webui.keyword.WebUiBuiltInKeywords.getNumberOfTotalOption(batchlength): 5 options of object '' counted

2018-05-15 19:05:23 - [MESSAGE][PASSED] - 5 options of object '' counted

2018-05-15 19:05:23 - [TEST_STEP][PASSED] - Statement - out.println("BatchSize : " + batchsize): null

2018-05-15 19:05:23 - [TEST_STEP][PASSED] - Statement - For ([n = 1, n <= batchsize - 1, (n++)]): null

2018-05-15 19:05:23 - [TEST_STEP][PASSED] - Statement - product = new com.kms.katalon.core.testobject.TestObject(): null

2018-05-15 19:05:23 - [TEST_STEP][PASSED] - Statement - product = com.kms.katalon.core.webui.keyword.WebUiBuiltInKeywords.modifyObjectProperty(product, "xpath", "equals", "//*[@id = "fldvendor" + row + ""]", true): Modify property of object successfully

2018-05-15 19:05:23 - [MESSAGE][PASSED] - Modify property of object successfully

2018-05-15 19:05:23 - [TEST_STEP][PASSED] - selectOptionByIndex: All options with index in [1] are selected on object ''

2018-05-15 19:05:24 - [MESSAGE][PASSED] - All options with index in [1] are selected on object ''

2018-05-15 19:05:24 - [TEST_STEP][PASSED] - Statement - batch = new com.kms.katalon.core.testobject.TestObject(): null

2018-05-15 19:05:24 - [TEST_STEP][PASSED] - Statement - batch = com.kms.katalon.core.webui.keyword.WebUiBuiltInKeywords.modifyObjectProperty(batch, "xpath", "equals", "//*[@id = "txtbthqty" + row + ""]", true): Modify property of object successfully

2018-05-15 19:05:24 - [MESSAGE][PASSED] - Modify property of object successfully

2018-05-15 19:05:24 - [TEST_STEP][PASSED] - Statement - batchqty = com.kms.katalon.core.webui.keyword.WebUiBuiltInKeywords.getAttribute(batch, "value").trim(): Attribute 'value' of object '' is: '200'

2018-05-15 19:05:24 - [MESSAGE][PASSED] - Attribute 'value' of object '' is: '200'

2018-05-15 19:05:24 - [TEST_STEP][PASSED] - Statement - Rqty = 10000: null

2018-05-15 19:05:24 - [TEST_STEP][PASSED] - delay: Delayed 2 second(s)

2018-05-15 19:05:26 - [MESSAGE][PASSED] - Delayed 2 second(s)

2018-05-15 19:05:26 - [TEST_STEP][PASSED] - Statement - out.println("BatchQty : " + batchqty): null

2018-05-15 19:05:26 - [TEST_STEP][PASSED] - Statement - out.println("RQty : " + Rqty): null

2018-05-15 19:05:26 - [TEST_STEP][PASSED] - Statement - If (java.lang.Integer.valueOf(batchqty) >= java.lang.Integer.valueOf(Rqty)): null

2018-05-15 19:05:26 - [TEST_STEP][PASSED] - Statement - Else: null

2018-05-15 19:05:26 - [TEST_STEP][PASSED] - Statement - out.println("Batchqty Is Less Than Rqty"): null

2018-05-15 19:05:26 - [TEST_STEP][PASSED] - Statement - product = new com.kms.katalon.core.testobject.TestObject(): null

2018-05-15 19:05:26 - [TEST_STEP][PASSED] - Statement - product = com.kms.katalon.core.webui.keyword.WebUiBuiltInKeywords.modifyObjectProperty(product, "xpath", "equals", "//*[@id = "fldvendor" + row + ""]", true): Modify property of object successfully

2018-05-15 19:05:26 - [MESSAGE][PASSED] - Modify property of object successfully

2018-05-15 19:05:26 - [TEST_STEP][PASSED] - selectOptionByIndex: All options with index in [2] are selected on object ''

2018-05-15 19:05:26 - [MESSAGE][PASSED] - All options with index in [2] are selected on object ''

2018-05-15 19:05:26 - [TEST_STEP][PASSED] - Statement - batch = new com.kms.katalon.core.testobject.TestObject(): null

2018-05-15 19:05:26 - [TEST_STEP][PASSED] - Statement - batch = com.kms.katalon.core.webui.keyword.WebUiBuiltInKeywords.modifyObjectProperty(batch, "xpath", "equals", "//*[@id = "txtbthqty" + row + ""]", true): Modify property of object successfully

2018-05-15 19:05:26 - [MESSAGE][PASSED] - Modify property of object successfully

2018-05-15 19:05:26 - [TEST_STEP][PASSED] - Statement - batchqty = com.kms.katalon.core.webui.keyword.WebUiBuiltInKeywords.getAttribute(batch, "value").trim(): Attribute 'value' of object '' is: '600'

2018-05-15 19:05:26 - [MESSAGE][PASSED] - Attribute 'value' of object '' is: '600'

2018-05-15 19:05:26 - [TEST_STEP][PASSED] - Statement - Rqty = 10000: null

2018-05-15 19:05:26 - [TEST_STEP][PASSED] - delay: Delayed 2 second(s)

2018-05-15 19:05:28 - [MESSAGE][PASSED] - Delayed 2 second(s)

2018-05-15 19:05:28 - [TEST_STEP][PASSED] - Statement - out.println("BatchQty : " + batchqty): null

2018-05-15 19:05:28 - [TEST_STEP][PASSED] - Statement - out.println("RQty : " + Rqty): null

2018-05-15 19:05:28 - [TEST_STEP][PASSED] - Statement - If (java.lang.Integer.valueOf(batchqty) >= java.lang.Integer.valueOf(Rqty)): null

2018-05-15 19:05:28 - [TEST_STEP][PASSED] - Statement - Else: null

2018-05-15 19:05:28 - [TEST_STEP][PASSED] - Statement - out.println("Batchqty Is Less Than Rqty"): null

2018-05-15 19:05:28 - [TEST_STEP][PASSED] - Statement - product = new com.kms.katalon.core.testobject.TestObject(): null

2018-05-15 19:05:28 - [TEST_STEP][PASSED] - Statement - product = com.kms.katalon.core.webui.keyword.WebUiBuiltInKeywords.modifyObjectProperty(product, "xpath", "equals", "//*[@id = "fldvendor" + row + ""]", true): Modify property of object successfully

2018-05-15 19:05:28 - [MESSAGE][PASSED] - Modify property of object successfully

2018-05-15 19:05:28 - [TEST_STEP][PASSED] - selectOptionByIndex: All options with index in [3] are selected on object ''

2018-05-15 19:05:28 - [MESSAGE][PASSED] - All options with index in [3] are selected on object ''

2018-05-15 19:05:28 - [TEST_STEP][PASSED] - Statement - batch = new com.kms.katalon.core.testobject.TestObject(): null

2018-05-15 19:05:28 - [TEST_STEP][PASSED] - Statement - batch = com.kms.katalon.core.webui.keyword.WebUiBuiltInKeywords.modifyObjectProperty(batch, "xpath", "equals", "//*[@id = "txtbthqty" + row + ""]", true): Modify property of object successfully

2018-05-15 19:05:28 - [MESSAGE][PASSED] - Modify property of object successfully

2018-05-15 19:05:28 - [TEST_STEP][PASSED] - Statement - batchqty = com.kms.katalon.core.webui.keyword.WebUiBuiltInKeywords.getAttribute(batch, "value").trim(): Attribute 'value' of object '' is: '5000'

2018-05-15 19:05:28 - [MESSAGE][PASSED] - Attribute 'value' of object '' is: '5000'

2018-05-15 19:05:28 - [TEST_STEP][PASSED] - Statement - Rqty = 10000: null

2018-05-15 19:05:28 - [TEST_STEP][PASSED] - delay: Delayed 2 second(s)

2018-05-15 19:05:30 - [MESSAGE][PASSED] - Delayed 2 second(s)

2018-05-15 19:05:30 - [TEST_STEP][PASSED] - Statement - out.println("BatchQty : " + batchqty): null

2018-05-15 19:05:30 - [TEST_STEP][PASSED] - Statement - out.println("RQty : " + Rqty): null

2018-05-15 19:05:30 - [TEST_STEP][PASSED] - Statement - If (java.lang.Integer.valueOf(batchqty) >= java.lang.Integer.valueOf(Rqty)): null

2018-05-15 19:05:30 - [TEST_STEP][PASSED] - Statement - Else: null

2018-05-15 19:05:30 - [TEST_STEP][PASSED] - Statement - out.println("Batchqty Is Less Than Rqty"): null

2018-05-15 19:05:30 - [TEST_STEP][PASSED] - Statement - product = new com.kms.katalon.core.testobject.TestObject(): null

2018-05-15 19:05:30 - [TEST_STEP][PASSED] - Statement - product = com.kms.katalon.core.webui.keyword.WebUiBuiltInKeywords.modifyObjectProperty(product, "xpath", "equals", "//*[@id = "fldvendor" + row + ""]", true): Modify property of object successfully

2018-05-15 19:05:30 - [MESSAGE][PASSED] - Modify property of object successfully

2018-05-15 19:05:30 - [TEST_STEP][PASSED] - selectOptionByIndex: All options with index in [4] are selected on object ''

2018-05-15 19:05:30 - [MESSAGE][PASSED] - All options with index in [4] are selected on object ''

2018-05-15 19:05:30 - [TEST_STEP][PASSED] - Statement - batch = new com.kms.katalon.core.testobject.TestObject(): null

2018-05-15 19:05:30 - [TEST_STEP][PASSED] - Statement - batch = com.kms.katalon.core.webui.keyword.WebUiBuiltInKeywords.modifyObjectProperty(batch, "xpath", "equals", "//*[@id = "txtbthqty" + row + ""]", true): Modify property of object successfully

2018-05-15 19:05:30 - [MESSAGE][PASSED] - Modify property of object successfully

2018-05-15 19:05:30 - [TEST_STEP][PASSED] - Statement - batchqty = com.kms.katalon.core.webui.keyword.WebUiBuiltInKeywords.getAttribute(batch, "value").trim(): Attribute 'value' of object '' is: '5000'

2018-05-15 19:05:30 - [MESSAGE][PASSED] - Attribute 'value' of object '' is: '5000'

2018-05-15 19:05:30 - [TEST_STEP][PASSED] - Statement - Rqty = 10000: null

2018-05-15 19:05:30 - [TEST_STEP][PASSED] - delay: Delayed 2 second(s)

2018-05-15 19:05:32 - [MESSAGE][PASSED] - Delayed 2 second(s)

2018-05-15 19:05:32 - [TEST_STEP][PASSED] - Statement - out.println("BatchQty : " + batchqty): null

2018-05-15 19:05:32 - [TEST_STEP][PASSED] - Statement - out.println("RQty : " + Rqty): null

2018-05-15 19:05:32 - [TEST_STEP][PASSED] - Statement - If (java.lang.Integer.valueOf(batchqty) >= java.lang.Integer.valueOf(Rqty)): null

2018-05-15 19:05:32 - [TEST_STEP][PASSED] - Statement - Else: null

2018-05-15 19:05:32 - [TEST_STEP][PASSED] - Statement - out.println("Batchqty Is Less Than Rqty"): null

2018-05-15 19:05:32 - [TEST_STEP][PASSED] - Statement - batchlength = new com.kms.katalon.core.testobject.TestObject(): null

2018-05-15 19:05:32 - [TEST_STEP][PASSED] - Statement - batchlength = com.kms.katalon.core.webui.keyword.WebUiBuiltInKeywords.modifyObjectProperty(batchlength, "xpath", "equals", "//*[@id = "fldvendor" + row + ""]", true): Modify property of object successfully

2018-05-15 19:05:32 - [MESSAGE][PASSED] - Modify property of object successfully

2018-05-15 19:05:32 - [TEST_STEP][PASSED] - Statement - batchsize = com.kms.katalon.core.webui.keyword.WebUiBuiltInKeywords.getNumberOfTotalOption(batchlength): 5 options of object '' counted

2018-05-15 19:05:32 - [MESSAGE][PASSED] - 5 options of object '' counted

2018-05-15 19:05:32 - [TEST_STEP][PASSED] - Statement - out.println("BatchSize : " + batchsize): null

2018-05-15 19:05:32 - [TEST_STEP][PASSED] - Statement - For ([n = 1, n <= batchsize - 1, (n++)]): null

2018-05-15 19:05:32 - [TEST_STEP][PASSED] - Statement - product = new com.kms.katalon.core.testobject.TestObject(): null

2018-05-15 19:05:32 - [TEST_STEP][PASSED] - Statement - product = com.kms.katalon.core.webui.keyword.WebUiBuiltInKeywords.modifyObjectProperty(product, "xpath", "equals", "//*[@id = "fldvendor" + row + ""]", true): Modify property of object successfully

2018-05-15 19:05:32 - [MESSAGE][PASSED] - Modify property of object successfully

2018-05-15 19:05:32 - [TEST_STEP][PASSED] - selectOptionByIndex: All options with index in [1] are selected on object ''

2018-05-15 19:05:32 - [MESSAGE][PASSED] - All options with index in [1] are selected on object ''

2018-05-15 19:05:32 - [TEST_STEP][PASSED] - Statement - batch = new com.kms.katalon.core.testobject.TestObject(): null

2018-05-15 19:05:32 - [TEST_STEP][PASSED] - Statement - batch = com.kms.katalon.core.webui.keyword.WebUiBuiltInKeywords.modifyObjectProperty(batch, "xpath", "equals", "//*[@id = "txtbthqty" + row + ""]", true): Modify property of object successfully

2018-05-15 19:05:32 - [MESSAGE][PASSED] - Modify property of object successfully

2018-05-15 19:05:32 - [TEST_STEP][PASSED] - Statement - batchqty = com.kms.katalon.core.webui.keyword.WebUiBuiltInKeywords.getAttribute(batch, "value").trim(): Attribute 'value' of object '' is: '5000'

2018-05-15 19:05:32 - [MESSAGE][PASSED] - Attribute 'value' of object '' is: '5000'

2018-05-15 19:05:32 - [TEST_STEP][PASSED] - Statement - Rqty = 10000: null

2018-05-15 19:05:32 - [TEST_STEP][PASSED] - delay: Delayed 2 second(s)

2018-05-15 19:05:34 - [MESSAGE][PASSED] - Delayed 2 second(s)

2018-05-15 19:05:34 - [TEST_STEP][PASSED] - Statement - out.println("BatchQty : " + batchqty): null

2018-05-15 19:05:34 - [TEST_STEP][PASSED] - Statement - out.println("RQty : " + Rqty): null

2018-05-15 19:05:34 - [TEST_STEP][PASSED] - Statement - If (java.lang.Integer.valueOf(batchqty) >= java.lang.Integer.valueOf(Rqty)): null

2018-05-15 19:05:34 - [TEST_STEP][PASSED] - Statement - Else: null

2018-05-15 19:05:34 - [TEST_STEP][PASSED] - Statement - out.println("Batchqty Is Less Than Rqty"): null

2018-05-15 19:05:34 - [TEST_STEP][PASSED] - Statement - product = new com.kms.katalon.core.testobject.TestObject(): null

2018-05-15 19:05:34 - [TEST_STEP][PASSED] - Statement - product = com.kms.katalon.core.webui.keyword.WebUiBuiltInKeywords.modifyObjectProperty(product, "xpath", "equals", "//*[@id = "fldvendor" + row + ""]", true): Modify property of object successfully

2018-05-15 19:05:34 - [MESSAGE][PASSED] - Modify property of object successfully

2018-05-15 19:05:34 - [TEST_STEP][PASSED] - selectOptionByIndex: All options with index in [2] are selected on object ''

2018-05-15 19:05:35 - [MESSAGE][PASSED] - All options with index in [2] are selected on object ''

2018-05-15 19:05:35 - [TEST_STEP][PASSED] - Statement - batch = new com.kms.katalon.core.testobject.TestObject(): null

2018-05-15 19:05:35 - [TEST_STEP][PASSED] - Statement - batch = com.kms.katalon.core.webui.keyword.WebUiBuiltInKeywords.modifyObjectProperty(batch, "xpath", "equals", "//*[@id = "txtbthqty" + row + ""]", true): Modify property of object successfully

2018-05-15 19:05:35 - [MESSAGE][PASSED] - Modify property of object successfully

2018-05-15 19:05:35 - [TEST_STEP][PASSED] - Statement - batchqty = com.kms.katalon.core.webui.keyword.WebUiBuiltInKeywords.getAttribute(batch, "value").trim(): Attribute 'value' of object '' is: '200'

2018-05-15 19:05:35 - [MESSAGE][PASSED] - Attribute 'value' of object '' is: '200'

2018-05-15 19:05:35 - [TEST_STEP][PASSED] - Statement - Rqty = 10000: null

2018-05-15 19:05:35 - [TEST_STEP][PASSED] - delay: Delayed 2 second(s)

2018-05-15 19:05:37 - [MESSAGE][PASSED] - Delayed 2 second(s)

2018-05-15 19:05:37 - [TEST_STEP][PASSED] - Statement - out.println("BatchQty : " + batchqty): null

2018-05-15 19:05:37 - [TEST_STEP][PASSED] - Statement - out.println("RQty : " + Rqty): null

2018-05-15 19:05:37 - [TEST_STEP][PASSED] - Statement - If (java.lang.Integer.valueOf(batchqty) >= java.lang.Integer.valueOf(Rqty)): null

2018-05-15 19:05:37 - [TEST_STEP][PASSED] - Statement - Else: null

2018-05-15 19:05:37 - [TEST_STEP][PASSED] - Statement - out.println("Batchqty Is Less Than Rqty"): null

2018-05-15 19:05:37 - [TEST_STEP][PASSED] - Statement - product = new com.kms.katalon.core.testobject.TestObject(): null

2018-05-15 19:05:37 - [TEST_STEP][PASSED] - Statement - product = com.kms.katalon.core.webui.keyword.WebUiBuiltInKeywords.modifyObjectProperty(product, "xpath", "equals", "//*[@id = "fldvendor" + row + ""]", true): Modify property of object successfully

2018-05-15 19:05:37 - [MESSAGE][PASSED] - Modify property of object successfully

2018-05-15 19:05:37 - [TEST_STEP][PASSED] - selectOptionByIndex: All options with index in [3] are selected on object ''

2018-05-15 19:05:37 - [MESSAGE][PASSED] - All options with index in [3] are selected on object ''

2018-05-15 19:05:37 - [TEST_STEP][PASSED] - Statement - batch = new com.kms.katalon.core.testobject.TestObject(): null

2018-05-15 19:05:37 - [TEST_STEP][PASSED] - Statement - batch = com.kms.katalon.core.webui.keyword.WebUiBuiltInKeywords.modifyObjectProperty(batch, "xpath", "equals", "//*[@id = "txtbthqty" + row + ""]", true): Modify property of object successfully

2018-05-15 19:05:37 - [MESSAGE][PASSED] - Modify property of object successfully

2018-05-15 19:05:37 - [TEST_STEP][PASSED] - Statement - batchqty = com.kms.katalon.core.webui.keyword.WebUiBuiltInKeywords.getAttribute(batch, "value").trim(): Attribute 'value' of object '' is: '5000'

2018-05-15 19:05:37 - [MESSAGE][PASSED] - Attribute 'value' of object '' is: '5000'

2018-05-15 19:05:37 - [TEST_STEP][PASSED] - Statement - Rqty = 10000: null

2018-05-15 19:05:37 - [TEST_STEP][PASSED] - delay: Delayed 2 second(s)

2018-05-15 19:05:39 - [MESSAGE][PASSED] - Delayed 2 second(s)

2018-05-15 19:05:39 - [TEST_STEP][PASSED] - Statement - out.println("BatchQty : " + batchqty): null

2018-05-15 19:05:39 - [TEST_STEP][PASSED] - Statement - out.println("RQty : " + Rqty): null

2018-05-15 19:05:39 - [TEST_STEP][PASSED] - Statement - If (java.lang.Integer.valueOf(batchqty) >= java.lang.Integer.valueOf(Rqty)): null

2018-05-15 19:05:39 - [TEST_STEP][PASSED] - Statement - Else: null

2018-05-15 19:05:39 - [TEST_STEP][PASSED] - Statement - out.println("Batchqty Is Less Than Rqty"): null

2018-05-15 19:05:39 - [TEST_STEP][PASSED] - Statement - product = new com.kms.katalon.core.testobject.TestObject(): null

2018-05-15 19:05:39 - [TEST_STEP][PASSED] - Statement - product = com.kms.katalon.core.webui.keyword.WebUiBuiltInKeywords.modifyObjectProperty(product, "xpath", "equals", "//*[@id = "fldvendor" + row + ""]", true): Modify property of object successfully

2018-05-15 19:05:39 - [MESSAGE][PASSED] - Modify property of object successfully

2018-05-15 19:05:39 - [TEST_STEP][PASSED] - selectOptionByIndex: All options with index in [4] are selected on object ''

2018-05-15 19:05:39 - [MESSAGE][PASSED] - All options with index in [4] are selected on object ''

2018-05-15 19:05:39 - [TEST_STEP][PASSED] - Statement - batch = new com.kms.katalon.core.testobject.TestObject(): null

2018-05-15 19:05:39 - [TEST_STEP][PASSED] - Statement - batch = com.kms.katalon.core.webui.keyword.WebUiBuiltInKeywords.modifyObjectProperty(batch, "xpath", "equals", "//*[@id = "txtbthqty" + row + ""]", true): Modify property of object successfully

2018-05-15 19:05:39 - [MESSAGE][PASSED] - Modify property of object successfully

2018-05-15 19:05:39 - [TEST_STEP][PASSED] - Statement - batchqty = com.kms.katalon.core.webui.keyword.WebUiBuiltInKeywords.getAttribute(batch, "value").trim(): Attribute 'value' of object '' is: '600'

2018-05-15 19:05:39 - [MESSAGE][PASSED] - Attribute 'value' of object '' is: '600'

2018-05-15 19:05:39 - [TEST_STEP][PASSED] - Statement - Rqty = 10000: null

2018-05-15 19:05:39 - [TEST_STEP][PASSED] - delay: Delayed 2 second(s)

2018-05-15 19:05:41 - [MESSAGE][PASSED] - Delayed 2 second(s)

2018-05-15 19:05:41 - [TEST_STEP][PASSED] - Statement - out.println("BatchQty : " + batchqty): null

2018-05-15 19:05:41 - [TEST_STEP][PASSED] - Statement - out.println("RQty : " + Rqty): null

2018-05-15 19:05:41 - [TEST_STEP][PASSED] - Statement - If (java.lang.Integer.valueOf(batchqty) >= java.lang.Integer.valueOf(Rqty)): null

2018-05-15 19:05:41 - [TEST_STEP][PASSED] - Statement - Else: null

2018-05-15 19:05:41 - [TEST_STEP][PASSED] - Statement - out.println("Batchqty Is Less Than Rqty"): null

2018-05-15 19:05:41 - [TEST_STEP][PASSED] - Statement - batchlength = new com.kms.katalon.core.testobject.TestObject(): null

2018-05-15 19:05:41 - [TEST_STEP][PASSED] - Statement - batchlength = com.kms.katalon.core.webui.keyword.WebUiBuiltInKeywords.modifyObjectProperty(batchlength, "xpath", "equals", "//*[@id = "fldvendor" + row + ""]", true): Modify property of object successfully

2018-05-15 19:05:41 - [MESSAGE][PASSED] - Modify property of object successfully

2018-05-15 19:05:41 - [TEST_STEP][PASSED] - Statement - batchsize = com.kms.katalon.core.webui.keyword.WebUiBuiltInKeywords.getNumberOfTotalOption(batchlength): 4 options of object '' counted

2018-05-15 19:05:41 - [MESSAGE][PASSED] - 4 options of object '' counted

2018-05-15 19:05:41 - [TEST_STEP][PASSED] - Statement - out.println("BatchSize : " + batchsize): null

2018-05-15 19:05:41 - [TEST_STEP][PASSED] - Statement - For ([n = 1, n <= batchsize - 1, (n++)]): null

2018-05-15 19:05:41 - [TEST_STEP][PASSED] - Statement - product = new com.kms.katalon.core.testobject.TestObject(): null

2018-05-15 19:05:41 - [TEST_STEP][PASSED] - Statement - product = com.kms.katalon.core.webui.keyword.WebUiBuiltInKeywords.modifyObjectProperty(product, "xpath", "equals", "//*[@id = "fldvendor" + row + ""]", true): Modify property of object successfully

2018-05-15 19:05:41 - [MESSAGE][PASSED] - Modify property of object successfully

2018-05-15 19:05:41 - [TEST_STEP][PASSED] - selectOptionByIndex: All options with index in [1] are selected on object ''

2018-05-15 19:05:41 - [MESSAGE][PASSED] - All options with index in [1] are selected on object ''

2018-05-15 19:05:41 - [TEST_STEP][PASSED] - Statement - batch = new com.kms.katalon.core.testobject.TestObject(): null

2018-05-15 19:05:41 - [TEST_STEP][PASSED] - Statement - batch = com.kms.katalon.core.webui.keyword.WebUiBuiltInKeywords.modifyObjectProperty(batch, "xpath", "equals", "//*[@id = "txtbthqty" + row + ""]", true): Modify property of object successfully

2018-05-15 19:05:41 - [MESSAGE][PASSED] - Modify property of object successfully

2018-05-15 19:05:41 - [TEST_STEP][PASSED] - Statement - batchqty = com.kms.katalon.core.webui.keyword.WebUiBuiltInKeywords.getAttribute(batch, "value").trim(): Attribute 'value' of object '' is: '200'

2018-05-15 19:05:41 - [MESSAGE][PASSED] - Attribute 'value' of object '' is: '200'

2018-05-15 19:05:41 - [TEST_STEP][PASSED] - Statement - Rqty = 10000: null

2018-05-15 19:05:41 - [TEST_STEP][PASSED] - delay: Delayed 2 second(s)

2018-05-15 19:05:43 - [MESSAGE][PASSED] - Delayed 2 second(s)

2018-05-15 19:05:43 - [TEST_STEP][PASSED] - Statement - out.println("BatchQty : " + batchqty): null

2018-05-15 19:05:43 - [TEST_STEP][PASSED] - Statement - out.println("RQty : " + Rqty): null

2018-05-15 19:05:43 - [TEST_STEP][PASSED] - Statement - If (java.lang.Integer.valueOf(batchqty) >= java.lang.Integer.valueOf(Rqty)): null

2018-05-15 19:05:43 - [TEST_STEP][PASSED] - Statement - Else: null

2018-05-15 19:05:43 - [TEST_STEP][PASSED] - Statement - out.println("Batchqty Is Less Than Rqty"): null

2018-05-15 19:05:43 - [TEST_STEP][PASSED] - Statement - product = new com.kms.katalon.core.testobject.TestObject(): null

2018-05-15 19:05:43 - [TEST_STEP][PASSED] - Statement - product = com.kms.katalon.core.webui.keyword.WebUiBuiltInKeywords.modifyObjectProperty(product, "xpath", "equals", "//*[@id = "fldvendor" + row + ""]", true): Modify property of object successfully

2018-05-15 19:05:43 - [MESSAGE][PASSED] - Modify property of object successfully

2018-05-15 19:05:43 - [TEST_STEP][PASSED] - selectOptionByIndex: All options with index in [2] are selected on object ''

2018-05-15 19:05:44 - [MESSAGE][PASSED] - All options with index in [2] are selected on object ''

2018-05-15 19:05:44 - [TEST_STEP][PASSED] - Statement - batch = new com.kms.katalon.core.testobject.TestObject(): null

2018-05-15 19:05:44 - [TEST_STEP][PASSED] - Statement - batch = com.kms.katalon.core.webui.keyword.WebUiBuiltInKeywords.modifyObjectProperty(batch, "xpath", "equals", "//*[@id = "txtbthqty" + row + ""]", true): Modify property of object successfully

2018-05-15 19:05:44 - [MESSAGE][PASSED] - Modify property of object successfully

2018-05-15 19:05:44 - [TEST_STEP][PASSED] - Statement - batchqty = com.kms.katalon.core.webui.keyword.WebUiBuiltInKeywords.getAttribute(batch, "value").trim(): Attribute 'value' of object '' is: '5000'

2018-05-15 19:05:44 - [MESSAGE][PASSED] - Attribute 'value' of object '' is: '5000'

2018-05-15 19:05:44 - [TEST_STEP][PASSED] - Statement - Rqty = 10000: null

2018-05-15 19:05:44 - [TEST_STEP][PASSED] - delay: Delayed 2 second(s)

2018-05-15 19:05:46 - [MESSAGE][PASSED] - Delayed 2 second(s)

2018-05-15 19:05:46 - [TEST_STEP][PASSED] - Statement - out.println("BatchQty : " + batchqty): null

2018-05-15 19:05:46 - [TEST_STEP][PASSED] - Statement - out.println("RQty : " + Rqty): null

2018-05-15 19:05:46 - [TEST_STEP][PASSED] - Statement - If (java.lang.Integer.valueOf(batchqty) >= java.lang.Integer.valueOf(Rqty)): null

2018-05-15 19:05:46 - [TEST_STEP][PASSED] - Statement - Else: null

2018-05-15 19:05:46 - [TEST_STEP][PASSED] - Statement - out.println("Batchqty Is Less Than Rqty"): null

2018-05-15 19:05:46 - [TEST_STEP][PASSED] - Statement - product = new com.kms.katalon.core.testobject.TestObject(): null

2018-05-15 19:05:46 - [TEST_STEP][PASSED] - Statement - product = com.kms.katalon.core.webui.keyword.WebUiBuiltInKeywords.modifyObjectProperty(product, "xpath", "equals", "//*[@id = "fldvendor" + row + ""]", true): Modify property of object successfully

2018-05-15 19:05:46 - [MESSAGE][PASSED] - Modify property of object successfully

2018-05-15 19:05:46 - [TEST_STEP][PASSED] - selectOptionByIndex: All options with index in [3] are selected on object ''

2018-05-15 19:05:46 - [MESSAGE][PASSED] - All options with index in [3] are selected on object ''

2018-05-15 19:05:46 - [TEST_STEP][PASSED] - Statement - batch = new com.kms.katalon.core.testobject.TestObject(): null

2018-05-15 19:05:46 - [TEST_STEP][PASSED] - Statement - batch = com.kms.katalon.core.webui.keyword.WebUiBuiltInKeywords.modifyObjectProperty(batch, "xpath", "equals", "//*[@id = "txtbthqty" + row + ""]", true): Modify property of object successfully

2018-05-15 19:05:46 - [MESSAGE][PASSED] - Modify property of object successfully

2018-05-15 19:05:46 - [TEST_STEP][PASSED] - Statement - batchqty = com.kms.katalon.core.webui.keyword.WebUiBuiltInKeywords.getAttribute(batch, "value").trim(): Attribute 'value' of object '' is: '5000'

2018-05-15 19:05:46 - [MESSAGE][PASSED] - Attribute 'value' of object '' is: '5000'

2018-05-15 19:05:46 - [TEST_STEP][PASSED] - Statement - Rqty = 10000: null

2018-05-15 19:05:46 - [TEST_STEP][PASSED] - delay: Delayed 2 second(s)

2018-05-15 19:05:48 - [MESSAGE][PASSED] - Delayed 2 second(s)

2018-05-15 19:05:48 - [TEST_STEP][PASSED] - Statement - out.println("BatchQty : " + batchqty): null

2018-05-15 19:05:48 - [TEST_STEP][PASSED] - Statement - out.println("RQty : " + Rqty): null

2018-05-15 19:05:48 - [TEST_STEP][PASSED] - Statement - If (java.lang.Integer.valueOf(batchqty) >= java.lang.Integer.valueOf(Rqty)): null

2018-05-15 19:05:48 - [TEST_STEP][PASSED] - Statement - Else: null

2018-05-15 19:05:48 - [TEST_STEP][PASSED] - Statement - out.println("Batchqty Is Less Than Rqty"): null

2018-05-15 19:05:48 - [TEST_STEP][PASSED] - Statement - batchlength = new com.kms.katalon.core.testobject.TestObject(): null

2018-05-15 19:05:48 - [TEST_STEP][PASSED] - Statement - batchlength = com.kms.katalon.core.webui.keyword.WebUiBuiltInKeywords.modifyObjectProperty(batchlength, "xpath", "equals", "//*[@id = "fldvendor" + row + ""]", true): Modify property of object successfully

2018-05-15 19:05:48 - [MESSAGE][PASSED] - Modify property of object successfully

2018-05-15 19:05:48 - [TEST_STEP][PASSED] - Statement - batchsize = com.kms.katalon.core.webui.keyword.WebUiBuiltInKeywords.getNumberOfTotalOption(batchlength): 5 options of object '' counted

2018-05-15 19:05:48 - [MESSAGE][PASSED] - 5 options of object '' counted

2018-05-15 19:05:48 - [TEST_STEP][PASSED] - Statement - out.println("BatchSize : " + batchsize): null

2018-05-15 19:05:48 - [TEST_STEP][PASSED] - Statement - For ([n = 1, n <= batchsize - 1, (n++)]): null

2018-05-15 19:05:48 - [TEST_STEP][PASSED] - Statement - product = new com.kms.katalon.core.testobject.TestObject(): null

2018-05-15 19:05:48 - [TEST_STEP][PASSED] - Statement - product = com.kms.katalon.core.webui.keyword.WebUiBuiltInKeywords.modifyObjectProperty(product, "xpath", "equals", "//*[@id = "fldvendor" + row + ""]", true): Modify property of object successfully

2018-05-15 19:05:48 - [MESSAGE][PASSED] - Modify property of object successfully

2018-05-15 19:05:48 - [TEST_STEP][PASSED] - selectOptionByIndex: All options with index in [1] are selected on object ''

2018-05-15 19:05:48 - [MESSAGE][PASSED] - All options with index in [1] are selected on object ''

2018-05-15 19:05:48 - [TEST_STEP][PASSED] - Statement - batch = new com.kms.katalon.core.testobject.TestObject(): null

2018-05-15 19:05:48 - [TEST_STEP][PASSED] - Statement - batch = com.kms.katalon.core.webui.keyword.WebUiBuiltInKeywords.modifyObjectProperty(batch, "xpath", "equals", "//*[@id = "txtbthqty" + row + ""]", true): Modify property of object successfully

2018-05-15 19:05:48 - [MESSAGE][PASSED] - Modify property of object successfully

2018-05-15 19:05:48 - [TEST_STEP][PASSED] - Statement - batchqty = com.kms.katalon.core.webui.keyword.WebUiBuiltInKeywords.getAttribute(batch, "value").trim(): Attribute 'value' of object '' is: '5000'

2018-05-15 19:05:48 - [MESSAGE][PASSED] - Attribute 'value' of object '' is: '5000'

2018-05-15 19:05:48 - [TEST_STEP][PASSED] - Statement - Rqty = 10000: null

2018-05-15 19:05:48 - [TEST_STEP][PASSED] - delay: Delayed 2 second(s)

2018-05-15 19:05:50 - [MESSAGE][PASSED] - Delayed 2 second(s)

2018-05-15 19:05:50 - [TEST_STEP][PASSED] - Statement - out.println("BatchQty : " + batchqty): null

2018-05-15 19:05:50 - [TEST_STEP][PASSED] - Statement - out.println("RQty : " + Rqty): null

2018-05-15 19:05:50 - [TEST_STEP][PASSED] - Statement - If (java.lang.Integer.valueOf(batchqty) >= java.lang.Integer.valueOf(Rqty)): null

2018-05-15 19:05:50 - [TEST_STEP][PASSED] - Statement - Else: null

2018-05-15 19:05:50 - [TEST_STEP][PASSED] - Statement - out.println("Batchqty Is Less Than Rqty"): null

2018-05-15 19:05:50 - [TEST_STEP][PASSED] - Statement - product = new com.kms.katalon.core.testobject.TestObject(): null

2018-05-15 19:05:50 - [TEST_STEP][PASSED] - Statement - product = com.kms.katalon.core.webui.keyword.WebUiBuiltInKeywords.modifyObjectProperty(product, "xpath", "equals", "//*[@id = "fldvendor" + row + ""]", true): Modify property of object successfully

2018-05-15 19:05:50 - [MESSAGE][PASSED] - Modify property of object successfully

2018-05-15 19:05:50 - [TEST_STEP][PASSED] - selectOptionByIndex: All options with index in [2] are selected on object ''

2018-05-15 19:05:50 - [MESSAGE][PASSED] - All options with index in [2] are selected on object ''

2018-05-15 19:05:50 - [TEST_STEP][PASSED] - Statement - batch = new com.kms.katalon.core.testobject.TestObject(): null

2018-05-15 19:05:50 - [TEST_STEP][PASSED] - Statement - batch = com.kms.katalon.core.webui.keyword.WebUiBuiltInKeywords.modifyObjectProperty(batch, "xpath", "equals", "//*[@id = "txtbthqty" + row + ""]", true): Modify property of object successfully

2018-05-15 19:05:50 - [MESSAGE][PASSED] - Modify property of object successfully

2018-05-15 19:05:50 - [TEST_STEP][PASSED] - Statement - batchqty = com.kms.katalon.core.webui.keyword.WebUiBuiltInKeywords.getAttribute(batch, "value").trim(): Attribute 'value' of object '' is: '5000'

2018-05-15 19:05:50 - [MESSAGE][PASSED] - Attribute 'value' of object '' is: '5000'

2018-05-15 19:05:50 - [TEST_STEP][PASSED] - Statement - Rqty = 10000: null

2018-05-15 19:05:50 - [TEST_STEP][PASSED] - delay: Delayed 2 second(s)

2018-05-15 19:05:52 - [MESSAGE][PASSED] - Delayed 2 second(s)

2018-05-15 19:05:52 - [TEST_STEP][PASSED] - Statement - out.println("BatchQty : " + batchqty): null

2018-05-15 19:05:52 - [TEST_STEP][PASSED] - Statement - out.println("RQty : " + Rqty): null

2018-05-15 19:05:52 - [TEST_STEP][PASSED] - Statement - If (java.lang.Integer.valueOf(batchqty) >= java.lang.Integer.valueOf(Rqty)): null

2018-05-15 19:05:52 - [TEST_STEP][PASSED] - Statement - Else: null

2018-05-15 19:05:52 - [TEST_STEP][PASSED] - Statement - out.println("Batchqty Is Less Than Rqty"): null

2018-05-15 19:05:52 - [TEST_STEP][PASSED] - Statement - product = new com.kms.katalon.core.testobject.TestObject(): null

2018-05-15 19:05:52 - [TEST_STEP][PASSED] - Statement - product = com.kms.katalon.core.webui.keyword.WebUiBuiltInKeywords.modifyObjectProperty(product, "xpath", "equals", "//*[@id = "fldvendor" + row + ""]", true): Modify property of object successfully

2018-05-15 19:05:52 - [MESSAGE][PASSED] - Modify property of object successfully

2018-05-15 19:05:52 - [TEST_STEP][PASSED] - selectOptionByIndex: All options with index in [3] are selected on object ''

2018-05-15 19:05:53 - [MESSAGE][PASSED] - All options with index in [3] are selected on object ''

2018-05-15 19:05:53 - [TEST_STEP][PASSED] - Statement - batch = new com.kms.katalon.core.testobject.TestObject(): null

2018-05-15 19:05:53 - [TEST_STEP][PASSED] - Statement - batch = com.kms.katalon.core.webui.keyword.WebUiBuiltInKeywords.modifyObjectProperty(batch, "xpath", "equals", "//*[@id = "txtbthqty" + row + ""]", true): Modify property of object successfully

2018-05-15 19:05:53 - [MESSAGE][PASSED] - Modify property of object successfully

2018-05-15 19:05:53 - [TEST_STEP][PASSED] - Statement - batchqty = com.kms.katalon.core.webui.keyword.WebUiBuiltInKeywords.getAttribute(batch, "value").trim(): Attribute 'value' of object '' is: '200'

2018-05-15 19:05:53 - [MESSAGE][PASSED] - Attribute 'value' of object '' is: '200'

2018-05-15 19:05:53 - [TEST_STEP][PASSED] - Statement - Rqty = 10000: null

2018-05-15 19:05:53 - [TEST_STEP][PASSED] - delay: Delayed 2 second(s)

2018-05-15 19:05:55 - [MESSAGE][PASSED] - Delayed 2 second(s)

2018-05-15 19:05:55 - [TEST_STEP][PASSED] - Statement - out.println("BatchQty : " + batchqty): null

2018-05-15 19:05:55 - [TEST_STEP][PASSED] - Statement - out.println("RQty : " + Rqty): null

2018-05-15 19:05:55 - [TEST_STEP][PASSED] - Statement - If (java.lang.Integer.valueOf(batchqty) >= java.lang.Integer.valueOf(Rqty)): null

2018-05-15 19:05:55 - [TEST_STEP][PASSED] - Statement - Else: null

2018-05-15 19:05:55 - [TEST_STEP][PASSED] - Statement - out.println("Batchqty Is Less Than Rqty"): null

2018-05-15 19:05:55 - [TEST_STEP][PASSED] - Statement - product = new com.kms.katalon.core.testobject.TestObject(): null

2018-05-15 19:05:55 - [TEST_STEP][PASSED] - Statement - product = com.kms.katalon.core.webui.keyword.WebUiBuiltInKeywords.modifyObjectProperty(product, "xpath", "equals", "//*[@id = "fldvendor" + row + ""]", true): Modify property of object successfully

2018-05-15 19:05:55 - [MESSAGE][PASSED] - Modify property of object successfully

2018-05-15 19:05:55 - [TEST_STEP][PASSED] - selectOptionByIndex: All options with index in [4] are selected on object ''

2018-05-15 19:05:55 - [MESSAGE][PASSED] - All options with index in [4] are selected on object ''

2018-05-15 19:05:55 - [TEST_STEP][PASSED] - Statement - batch = new com.kms.katalon.core.testobject.TestObject(): null

2018-05-15 19:05:55 - [TEST_STEP][PASSED] - Statement - batch = com.kms.katalon.core.webui.keyword.WebUiBuiltInKeywords.modifyObjectProperty(batch, "xpath", "equals", "//*[@id = "txtbthqty" + row + ""]", true): Modify property of object successfully

2018-05-15 19:05:55 - [MESSAGE][PASSED] - Modify property of object successfully

2018-05-15 19:05:55 - [TEST_STEP][PASSED] - Statement - batchqty = com.kms.katalon.core.webui.keyword.WebUiBuiltInKeywords.getAttribute(batch, "value").trim(): Attribute 'value' of object '' is: '400'

2018-05-15 19:05:55 - [MESSAGE][PASSED] - Attribute 'value' of object '' is: '400'

2018-05-15 19:05:55 - [TEST_STEP][PASSED] - Statement - Rqty = 10000: null

2018-05-15 19:05:55 - [TEST_STEP][PASSED] - delay: Delayed 2 second(s)

2018-05-15 19:05:57 - [MESSAGE][PASSED] - Delayed 2 second(s)

2018-05-15 19:05:57 - [TEST_STEP][PASSED] - Statement - out.println("BatchQty : " + batchqty): null

2018-05-15 19:05:57 - [TEST_STEP][PASSED] - Statement - out.println("RQty : " + Rqty): null

2018-05-15 19:05:57 - [TEST_STEP][PASSED] - Statement - If (java.lang.Integer.valueOf(batchqty) >= java.lang.Integer.valueOf(Rqty)): null

2018-05-15 19:05:57 - [TEST_STEP][PASSED] - Statement - Else: null

2018-05-15 19:05:57 - [TEST_STEP][PASSED] - Statement - out.println("Batchqty Is Less Than Rqty"): null

2018-05-15 19:05:57 - [TEST_STEP][PASSED] - Statement - batchlength = new com.kms.katalon.core.testobject.TestObject(): null

2018-05-15 19:05:57 - [TEST_STEP][PASSED] - Statement - batchlength = com.kms.katalon.core.webui.keyword.WebUiBuiltInKeywords.modifyObjectProperty(batchlength, "xpath", "equals", "//*[@id = "fldvendor" + row + ""]", true): Modify property of object successfully

2018-05-15 19:05:57 - [MESSAGE][PASSED] - Modify property of object successfully

2018-05-15 19:05:57 - [TEST_STEP][PASSED] - Statement - batchsize = com.kms.katalon.core.webui.keyword.WebUiBuiltInKeywords.getNumberOfTotalOption(batchlength): 5 options of object '' counted

2018-05-15 19:05:57 - [MESSAGE][PASSED] - 5 options of object '' counted

2018-05-15 19:05:57 - [TEST_STEP][PASSED] - Statement - out.println("BatchSize : " + batchsize): null

2018-05-15 19:05:57 - [TEST_STEP][PASSED] - Statement - For ([n = 1, n <= batchsize - 1, (n++)]): null

2018-05-15 19:05:57 - [TEST_STEP][PASSED] - Statement - product = new com.kms.katalon.core.testobject.TestObject(): null

2018-05-15 19:05:57 - [TEST_STEP][PASSED] - Statement - product = com.kms.katalon.core.webui.keyword.WebUiBuiltInKeywords.modifyObjectProperty(product, "xpath", "equals", "//*[@id = "fldvendor" + row + ""]", true): Modify property of object successfully

2018-05-15 19:05:57 - [MESSAGE][PASSED] - Modify property of object successfully

2018-05-15 19:05:57 - [TEST_STEP][PASSED] - selectOptionByIndex: All options with index in [1] are selected on object ''

2018-05-15 19:05:57 - [MESSAGE][PASSED] - All options with index in [1] are selected on object ''

2018-05-15 19:05:57 - [TEST_STEP][PASSED] - Statement - batch = new com.kms.katalon.core.testobject.TestObject(): null

2018-05-15 19:05:57 - [TEST_STEP][PASSED] - Statement - batch = com.kms.katalon.core.webui.keyword.WebUiBuiltInKeywords.modifyObjectProperty(batch, "xpath", "equals", "//*[@id = "txtbthqty" + row + ""]", true): Modify property of object successfully

2018-05-15 19:05:57 - [MESSAGE][PASSED] - Modify property of object successfully

2018-05-15 19:05:57 - [TEST_STEP][PASSED] - Statement - batchqty = com.kms.katalon.core.webui.keyword.WebUiBuiltInKeywords.getAttribute(batch, "value").trim(): Attribute 'value' of object '' is: '200'

2018-05-15 19:05:57 - [MESSAGE][PASSED] - Attribute 'value' of object '' is: '200'

2018-05-15 19:05:57 - [TEST_STEP][PASSED] - Statement - Rqty = 10000: null

2018-05-15 19:05:57 - [TEST_STEP][PASSED] - delay: Delayed 2 second(s)

2018-05-15 19:05:59 - [MESSAGE][PASSED] - Delayed 2 second(s)

2018-05-15 19:05:59 - [TEST_STEP][PASSED] - Statement - out.println("BatchQty : " + batchqty): null

2018-05-15 19:05:59 - [TEST_STEP][PASSED] - Statement - out.println("RQty : " + Rqty): null

2018-05-15 19:05:59 - [TEST_STEP][PASSED] - Statement - If (java.lang.Integer.valueOf(batchqty) >= java.lang.Integer.valueOf(Rqty)): null

2018-05-15 19:05:59 - [TEST_STEP][PASSED] - Statement - Else: null

2018-05-15 19:05:59 - [TEST_STEP][PASSED] - Statement - out.println("Batchqty Is Less Than Rqty"): null

2018-05-15 19:05:59 - [TEST_STEP][PASSED] - Statement - product = new com.kms.katalon.core.testobject.TestObject(): null

2018-05-15 19:05:59 - [TEST_STEP][PASSED] - Statement - product = com.kms.katalon.core.webui.keyword.WebUiBuiltInKeywords.modifyObjectProperty(product, "xpath", "equals", "//*[@id = "fldvendor" + row + ""]", true): Modify property of object successfully

2018-05-15 19:05:59 - [MESSAGE][PASSED] - Modify property of object successfully

2018-05-15 19:05:59 - [TEST_STEP][PASSED] - selectOptionByIndex: All options with index in [2] are selected on object ''

2018-05-15 19:05:59 - [MESSAGE][PASSED] - All options with index in [2] are selected on object ''

2018-05-15 19:05:59 - [TEST_STEP][PASSED] - Statement - batch = new com.kms.katalon.core.testobject.TestObject(): null

2018-05-15 19:05:59 - [TEST_STEP][PASSED] - Statement - batch = com.kms.katalon.core.webui.keyword.WebUiBuiltInKeywords.modifyObjectProperty(batch, "xpath", "equals", "//*[@id = "txtbthqty" + row + ""]", true): Modify property of object successfully

2018-05-15 19:05:59 - [MESSAGE][PASSED] - Modify property of object successfully

2018-05-15 19:05:59 - [TEST_STEP][PASSED] - Statement - batchqty = com.kms.katalon.core.webui.keyword.WebUiBuiltInKeywords.getAttribute(batch, "value").trim(): Attribute 'value' of object '' is: '5000'

2018-05-15 19:05:59 - [MESSAGE][PASSED] - Attribute 'value' of object '' is: '5000'

2018-05-15 19:05:59 - [TEST_STEP][PASSED] - Statement - Rqty = 10000: null

2018-05-15 19:05:59 - [TEST_STEP][PASSED] - delay: Delayed 2 second(s)

2018-05-15 19:06:01 - [MESSAGE][PASSED] - Delayed 2 second(s)

2018-05-15 19:06:01 - [TEST_STEP][PASSED] - Statement - out.println("BatchQty : " + batchqty): null

2018-05-15 19:06:01 - [TEST_STEP][PASSED] - Statement - out.println("RQty : " + Rqty): null

2018-05-15 19:06:01 - [TEST_STEP][PASSED] - Statement - If (java.lang.Integer.valueOf(batchqty) >= java.lang.Integer.valueOf(Rqty)): null

2018-05-15 19:06:01 - [TEST_STEP][PASSED] - Statement - Else: null

2018-05-15 19:06:01 - [TEST_STEP][PASSED] - Statement - out.println("Batchqty Is Less Than Rqty"): null

2018-05-15 19:06:01 - [TEST_STEP][PASSED] - Statement - product = new com.kms.katalon.core.testobject.TestObject(): null

2018-05-15 19:06:01 - [TEST_STEP][PASSED] - Statement - product = com.kms.katalon.core.webui.keyword.WebUiBuiltInKeywords.modifyObjectProperty(product, "xpath", "equals", "//*[@id = "fldvendor" + row + ""]", true): Modify property of object successfully

2018-05-15 19:06:01 - [MESSAGE][PASSED] - Modify property of object successfully

2018-05-15 19:06:01 - [TEST_STEP][PASSED] - selectOptionByIndex: All options with index in [3] are selected on object ''

2018-05-15 19:06:01 - [MESSAGE][PASSED] - All options with index in [3] are selected on object ''

2018-05-15 19:06:01 - [TEST_STEP][PASSED] - Statement - batch = new com.kms.katalon.core.testobject.TestObject(): null

2018-05-15 19:06:01 - [TEST_STEP][PASSED] - Statement - batch = com.kms.katalon.core.webui.keyword.WebUiBuiltInKeywords.modifyObjectProperty(batch, "xpath", "equals", "//*[@id = "txtbthqty" + row + ""]", true): Modify property of object successfully

2018-05-15 19:06:01 - [MESSAGE][PASSED] - Modify property of object successfully

2018-05-15 19:06:01 - [TEST_STEP][PASSED] - Statement - batchqty = com.kms.katalon.core.webui.keyword.WebUiBuiltInKeywords.getAttribute(batch, "value").trim(): Attribute 'value' of object '' is: '400'

2018-05-15 19:06:01 - [MESSAGE][PASSED] - Attribute 'value' of object '' is: '400'

2018-05-15 19:06:01 - [TEST_STEP][PASSED] - Statement - Rqty = 10000: null

2018-05-15 19:06:01 - [TEST_STEP][PASSED] - delay: Delayed 2 second(s)

2018-05-15 19:06:03 - [MESSAGE][PASSED] - Delayed 2 second(s)

2018-05-15 19:06:03 - [TEST_STEP][PASSED] - Statement - out.println("BatchQty : " + batchqty): null

2018-05-15 19:06:03 - [TEST_STEP][PASSED] - Statement - out.println("RQty : " + Rqty): null

2018-05-15 19:06:03 - [TEST_STEP][PASSED] - Statement - If (java.lang.Integer.valueOf(batchqty) >= java.lang.Integer.valueOf(Rqty)): null

2018-05-15 19:06:03 - [TEST_STEP][PASSED] - Statement - Else: null

2018-05-15 19:06:03 - [TEST_STEP][PASSED] - Statement - out.println("Batchqty Is Less Than Rqty"): null

2018-05-15 19:06:03 - [TEST_STEP][PASSED] - Statement - product = new com.kms.katalon.core.testobject.TestObject(): null

2018-05-15 19:06:03 - [TEST_STEP][PASSED] - Statement - product = com.kms.katalon.core.webui.keyword.WebUiBuiltInKeywords.modifyObjectProperty(product, "xpath", "equals", "//*[@id = "fldvendor" + row + ""]", true): Modify property of object successfully

2018-05-15 19:06:03 - [MESSAGE][PASSED] - Modify property of object successfully

2018-05-15 19:06:03 - [TEST_STEP][PASSED] - selectOptionByIndex: All options with index in [4] are selected on object ''

2018-05-15 19:06:04 - [MESSAGE][PASSED] - All options with index in [4] are selected on object ''

2018-05-15 19:06:04 - [TEST_STEP][PASSED] - Statement - batch = new com.kms.katalon.core.testobject.TestObject(): null

2018-05-15 19:06:04 - [TEST_STEP][PASSED] - Statement - batch = com.kms.katalon.core.webui.keyword.WebUiBuiltInKeywords.modifyObjectProperty(batch, "xpath", "equals", "//*[@id = "txtbthqty" + row + ""]", true): Modify property of object successfully

2018-05-15 19:06:04 - [MESSAGE][PASSED] - Modify property of object successfully

2018-05-15 19:06:04 - [TEST_STEP][PASSED] - Statement - batchqty = com.kms.katalon.core.webui.keyword.WebUiBuiltInKeywords.getAttribute(batch, "value").trim(): Attribute 'value' of object '' is: '5000'

2018-05-15 19:06:04 - [MESSAGE][PASSED] - Attribute 'value' of object '' is: '5000'

2018-05-15 19:06:04 - [TEST_STEP][PASSED] - Statement - Rqty = 10000: null

2018-05-15 19:06:04 - [TEST_STEP][PASSED] - delay: Delayed 2 second(s)

2018-05-15 19:06:06 - [MESSAGE][PASSED] - Delayed 2 second(s)

2018-05-15 19:06:06 - [TEST_STEP][PASSED] - Statement - out.println("BatchQty : " + batchqty): null

2018-05-15 19:06:06 - [TEST_STEP][PASSED] - Statement - out.println("RQty : " + Rqty): null

2018-05-15 19:06:06 - [TEST_STEP][PASSED] - Statement - If (java.lang.Integer.valueOf(batchqty) >= java.lang.Integer.valueOf(Rqty)): null

2018-05-15 19:06:06 - [TEST_STEP][PASSED] - Statement - Else: null

2018-05-15 19:06:06 - [TEST_STEP][PASSED] - Statement - out.println("Batchqty Is Less Than Rqty"): null

2018-05-15 19:06:06 - [TEST_STEP][PASSED] - Statement - batchlength = new com.kms.katalon.core.testobject.TestObject(): null

2018-05-15 19:06:06 - [TEST_STEP][PASSED] - Statement - batchlength = com.kms.katalon.core.webui.keyword.WebUiBuiltInKeywords.modifyObjectProperty(batchlength, "xpath", "equals", "//*[@id = "fldvendor" + row + ""]", true): Modify property of object successfully

2018-05-15 19:06:06 - [MESSAGE][PASSED] - Modify property of object successfully

2018-05-15 19:06:06 - [TEST_STEP][PASSED] - Statement - batchsize = com.kms.katalon.core.webui.keyword.WebUiBuiltInKeywords.getNumberOfTotalOption(batchlength): 4 options of object '' counted

2018-05-15 19:06:06 - [MESSAGE][PASSED] - 4 options of object '' counted

2018-05-15 19:06:06 - [TEST_STEP][PASSED] - Statement - out.println("BatchSize : " + batchsize): null

2018-05-15 19:06:06 - [TEST_STEP][PASSED] - Statement - For ([n = 1, n <= batchsize - 1, (n++)]): null

2018-05-15 19:06:06 - [TEST_STEP][PASSED] - Statement - product = new com.kms.katalon.core.testobject.TestObject(): null

2018-05-15 19:06:06 - [TEST_STEP][PASSED] - Statement - product = com.kms.katalon.core.webui.keyword.WebUiBuiltInKeywords.modifyObjectProperty(product, "xpath", "equals", "//*[@id = "fldvendor" + row + ""]", true): Modify property of object successfully

2018-05-15 19:06:06 - [MESSAGE][PASSED] - Modify property of object successfully

2018-05-15 19:06:06 - [TEST_STEP][PASSED] - selectOptionByIndex: All options with index in [1] are selected on object ''

2018-05-15 19:06:06 - [MESSAGE][PASSED] - All options with index in [1] are selected on object ''

2018-05-15 19:06:06 - [TEST_STEP][PASSED] - Statement - batch = new com.kms.katalon.core.testobject.TestObject(): null

2018-05-15 19:06:06 - [TEST_STEP][PASSED] - Statement - batch = com.kms.katalon.core.webui.keyword.WebUiBuiltInKeywords.modifyObjectProperty(batch, "xpath", "equals", "//*[@id = "txtbthqty" + row + ""]", true): Modify property of object successfully

2018-05-15 19:06:06 - [MESSAGE][PASSED] - Modify property of object successfully

2018-05-15 19:06:06 - [TEST_STEP][PASSED] - Statement - batchqty = com.kms.katalon.core.webui.keyword.WebUiBuiltInKeywords.getAttribute(batch, "value").trim(): Attribute 'value' of object '' is: '200'

2018-05-15 19:06:06 - [MESSAGE][PASSED] - Attribute 'value' of object '' is: '200'

2018-05-15 19:06:06 - [TEST_STEP][PASSED] - Statement - Rqty = 10000: null

2018-05-15 19:06:06 - [TEST_STEP][PASSED] - delay: Delayed 2 second(s)

2018-05-15 19:06:08 - [MESSAGE][PASSED] - Delayed 2 second(s)

2018-05-15 19:06:08 - [TEST_STEP][PASSED] - Statement - out.println("BatchQty : " + batchqty): null

2018-05-15 19:06:08 - [TEST_STEP][PASSED] - Statement - out.println("RQty : " + Rqty): null

2018-05-15 19:06:08 - [TEST_STEP][PASSED] - Statement - If (java.lang.Integer.valueOf(batchqty) >= java.lang.Integer.valueOf(Rqty)): null

2018-05-15 19:06:08 - [TEST_STEP][PASSED] - Statement - Else: null

2018-05-15 19:06:08 - [TEST_STEP][PASSED] - Statement - out.println("Batchqty Is Less Than Rqty"): null

2018-05-15 19:06:08 - [TEST_STEP][PASSED] - Statement - product = new com.kms.katalon.core.testobject.TestObject(): null

2018-05-15 19:06:08 - [TEST_STEP][PASSED] - Statement - product = com.kms.katalon.core.webui.keyword.WebUiBuiltInKeywords.modifyObjectProperty(product, "xpath", "equals", "//*[@id = "fldvendor" + row + ""]", true): Modify property of object successfully

2018-05-15 19:06:08 - [MESSAGE][PASSED] - Modify property of object successfully

2018-05-15 19:06:08 - [TEST_STEP][PASSED] - selectOptionByIndex: All options with index in [2] are selected on object ''

2018-05-15 19:06:08 - [MESSAGE][PASSED] - All options with index in [2] are selected on object ''

2018-05-15 19:06:08 - [TEST_STEP][PASSED] - Statement - batch = new com.kms.katalon.core.testobject.TestObject(): null

2018-05-15 19:06:08 - [TEST_STEP][PASSED] - Statement - batch = com.kms.katalon.core.webui.keyword.WebUiBuiltInKeywords.modifyObjectProperty(batch, "xpath", "equals", "//*[@id = "txtbthqty" + row + ""]", true): Modify property of object successfully

2018-05-15 19:06:08 - [MESSAGE][PASSED] - Modify property of object successfully

2018-05-15 19:06:08 - [TEST_STEP][PASSED] - Statement - batchqty = com.kms.katalon.core.webui.keyword.WebUiBuiltInKeywords.getAttribute(batch, "value").trim(): Attribute 'value' of object '' is: '5000'

2018-05-15 19:06:08 - [MESSAGE][PASSED] - Attribute 'value' of object '' is: '5000'

2018-05-15 19:06:08 - [TEST_STEP][PASSED] - Statement - Rqty = 10000: null

2018-05-15 19:06:08 - [TEST_STEP][PASSED] - delay: Delayed 2 second(s)

2018-05-15 19:06:10 - [MESSAGE][PASSED] - Delayed 2 second(s)

2018-05-15 19:06:10 - [TEST_STEP][PASSED] - Statement - out.println("BatchQty : " + batchqty): null

2018-05-15 19:06:10 - [TEST_STEP][PASSED] - Statement - out.println("RQty : " + Rqty): null

2018-05-15 19:06:10 - [TEST_STEP][PASSED] - Statement - If (java.lang.Integer.valueOf(batchqty) >= java.lang.Integer.valueOf(Rqty)): null

2018-05-15 19:06:10 - [TEST_STEP][PASSED] - Statement - Else: null

2018-05-15 19:06:10 - [TEST_STEP][PASSED] - Statement - out.println("Batchqty Is Less Than Rqty"): null

2018-05-15 19:06:10 - [TEST_STEP][PASSED] - Statement - product = new com.kms.katalon.core.testobject.TestObject(): null

2018-05-15 19:06:10 - [TEST_STEP][PASSED] - Statement - product = com.kms.katalon.core.webui.keyword.WebUiBuiltInKeywords.modifyObjectProperty(product, "xpath", "equals", "//*[@id = "fldvendor" + row + ""]", true): Modify property of object successfully

2018-05-15 19:06:10 - [MESSAGE][PASSED] - Modify property of object successfully

2018-05-15 19:06:10 - [TEST_STEP][PASSED] - selectOptionByIndex: All options with index in [3] are selected on object ''

2018-05-15 19:06:10 - [MESSAGE][PASSED] - All options with index in [3] are selected on object ''

2018-05-15 19:06:10 - [TEST_STEP][PASSED] - Statement - batch = new com.kms.katalon.core.testobject.TestObject(): null

2018-05-15 19:06:10 - [TEST_STEP][PASSED] - Statement - batch = com.kms.katalon.core.webui.keyword.WebUiBuiltInKeywords.modifyObjectProperty(batch, "xpath", "equals", "//*[@id = "txtbthqty" + row + ""]", true): Modify property of object successfully

2018-05-15 19:06:10 - [MESSAGE][PASSED] - Modify property of object successfully

2018-05-15 19:06:10 - [TEST_STEP][PASSED] - Statement - batchqty = com.kms.katalon.core.webui.keyword.WebUiBuiltInKeywords.getAttribute(batch, "value").trim(): Attribute 'value' of object '' is: '5000'

2018-05-15 19:06:10 - [MESSAGE][PASSED] - Attribute 'value' of object '' is: '5000'

2018-05-15 19:06:10 - [TEST_STEP][PASSED] - Statement - Rqty = 10000: null

2018-05-15 19:06:10 - [TEST_STEP][PASSED] - delay: Delayed 2 second(s)

2018-05-15 19:06:12 - [MESSAGE][PASSED] - Delayed 2 second(s)

2018-05-15 19:06:12 - [TEST_STEP][PASSED] - Statement - out.println("BatchQty : " + batchqty): null

2018-05-15 19:06:12 - [TEST_STEP][PASSED] - Statement - out.println("RQty : " + Rqty): null

2018-05-15 19:06:12 - [TEST_STEP][PASSED] - Statement - If (java.lang.Integer.valueOf(batchqty) >= java.lang.Integer.valueOf(Rqty)): null

2018-05-15 19:06:12 - [TEST_STEP][PASSED] - Statement - Else: null

2018-05-15 19:06:12 - [TEST_STEP][PASSED] - Statement - out.println("Batchqty Is Less Than Rqty"): null

2018-05-15 19:06:12 - [TEST_STEP][PASSED] - Statement - batchlength = new com.kms.katalon.core.testobject.TestObject(): null

2018-05-15 19:06:12 - [TEST_STEP][PASSED] - Statement - batchlength = com.kms.katalon.core.webui.keyword.WebUiBuiltInKeywords.modifyObjectProperty(batchlength, "xpath", "equals", "//*[@id = "fldvendor" + row + ""]", true): Modify property of object successfully

2018-05-15 19:06:12 - [MESSAGE][PASSED] - Modify property of object successfully

2018-05-15 19:06:12 - [TEST_STEP][PASSED] - Statement - batchsize = com.kms.katalon.core.webui.keyword.WebUiBuiltInKeywords.getNumberOfTotalOption(batchlength): 5 options of object '' counted

2018-05-15 19:06:12 - [MESSAGE][PASSED] - 5 options of object '' counted

2018-05-15 19:06:12 - [TEST_STEP][PASSED] - Statement - out.println("BatchSize : " + batchsize): null

2018-05-15 19:06:12 - [TEST_STEP][PASSED] - Statement - For ([n = 1, n <= batchsize - 1, (n++)]): null

2018-05-15 19:06:12 - [TEST_STEP][PASSED] - Statement - product = new com.kms.katalon.core.testobject.TestObject(): null

2018-05-15 19:06:12 - [TEST_STEP][PASSED] - Statement - product = com.kms.katalon.core.webui.keyword.WebUiBuiltInKeywords.modifyObjectProperty(product, "xpath", "equals", "//*[@id = "fldvendor" + row + ""]", true): Modify property of object successfully

2018-05-15 19:06:12 - [MESSAGE][PASSED] - Modify property of object successfully

2018-05-15 19:06:12 - [TEST_STEP][PASSED] - selectOptionByIndex: All options with index in [1] are selected on object ''

2018-05-15 19:06:13 - [MESSAGE][PASSED] - All options with index in [1] are selected on object ''

2018-05-15 19:06:13 - [TEST_STEP][PASSED] - Statement - batch = new com.kms.katalon.core.testobject.TestObject(): null

2018-05-15 19:06:13 - [TEST_STEP][PASSED] - Statement - batch = com.kms.katalon.core.webui.keyword.WebUiBuiltInKeywords.modifyObjectProperty(batch, "xpath", "equals", "//*[@id = "txtbthqty" + row + ""]", true): Modify property of object successfully

2018-05-15 19:06:13 - [MESSAGE][PASSED] - Modify property of object successfully

2018-05-15 19:06:13 - [TEST_STEP][PASSED] - Statement - batchqty = com.kms.katalon.core.webui.keyword.WebUiBuiltInKeywords.getAttribute(batch, "value").trim(): Attribute 'value' of object '' is: '5000'

2018-05-15 19:06:13 - [MESSAGE][PASSED] - Attribute 'value' of object '' is: '5000'

2018-05-15 19:06:13 - [TEST_STEP][PASSED] - Statement - Rqty = 10000: null

2018-05-15 19:06:13 - [TEST_STEP][PASSED] - delay: Delayed 2 second(s)

2018-05-15 19:06:15 - [MESSAGE][PASSED] - Delayed 2 second(s)

2018-05-15 19:06:15 - [TEST_STEP][PASSED] - Statement - out.println("BatchQty : " + batchqty): null

2018-05-15 19:06:15 - [TEST_STEP][PASSED] - Statement - out.println("RQty : " + Rqty): null

2018-05-15 19:06:15 - [TEST_STEP][PASSED] - Statement - If (java.lang.Integer.valueOf(batchqty) >= java.lang.Integer.valueOf(Rqty)): null

2018-05-15 19:06:15 - [TEST_STEP][PASSED] - Statement - Else: null

2018-05-15 19:06:15 - [TEST_STEP][PASSED] - Statement - out.println("Batchqty Is Less Than Rqty"): null

2018-05-15 19:06:15 - [TEST_STEP][PASSED] - Statement - product = new com.kms.katalon.core.testobject.TestObject(): null

2018-05-15 19:06:15 - [TEST_STEP][PASSED] - Statement - product = com.kms.katalon.core.webui.keyword.WebUiBuiltInKeywords.modifyObjectProperty(product, "xpath", "equals", "//*[@id = "fldvendor" + row + ""]", true): Modify property of object successfully

2018-05-15 19:06:15 - [MESSAGE][PASSED] - Modify property of object successfully

2018-05-15 19:06:15 - [TEST_STEP][PASSED] - selectOptionByIndex: All options with index in [2] are selected on object ''

2018-05-15 19:06:15 - [MESSAGE][PASSED] - All options with index in [2] are selected on object ''

2018-05-15 19:06:15 - [TEST_STEP][PASSED] - Statement - batch = new com.kms.katalon.core.testobject.TestObject(): null

2018-05-15 19:06:15 - [TEST_STEP][PASSED] - Statement - batch = com.kms.katalon.core.webui.keyword.WebUiBuiltInKeywords.modifyObjectProperty(batch, "xpath", "equals", "//*[@id = "txtbthqty" + row + ""]", true): Modify property of object successfully

2018-05-15 19:06:15 - [MESSAGE][PASSED] - Modify property of object successfully

2018-05-15 19:06:15 - [TEST_STEP][PASSED] - Statement - batchqty = com.kms.katalon.core.webui.keyword.WebUiBuiltInKeywords.getAttribute(batch, "value").trim(): Attribute 'value' of object '' is: '400'

2018-05-15 19:06:15 - [MESSAGE][PASSED] - Attribute 'value' of object '' is: '400'

2018-05-15 19:06:15 - [TEST_STEP][PASSED] - Statement - Rqty = 10000: null

2018-05-15 19:06:15 - [TEST_STEP][PASSED] - delay: Delayed 2 second(s)

2018-05-15 19:06:17 - [MESSAGE][PASSED] - Delayed 2 second(s)

2018-05-15 19:06:17 - [TEST_STEP][PASSED] - Statement - out.println("BatchQty : " + batchqty): null

2018-05-15 19:06:17 - [TEST_STEP][PASSED] - Statement - out.println("RQty : " + Rqty): null

2018-05-15 19:06:17 - [TEST_STEP][PASSED] - Statement - If (java.lang.Integer.valueOf(batchqty) >= java.lang.Integer.valueOf(Rqty)): null

2018-05-15 19:06:17 - [TEST_STEP][PASSED] - Statement - Else: null

2018-05-15 19:06:17 - [TEST_STEP][PASSED] - Statement - out.println("Batchqty Is Less Than Rqty"): null

2018-05-15 19:06:17 - [TEST_STEP][PASSED] - Statement - product = new com.kms.katalon.core.testobject.TestObject(): null

2018-05-15 19:06:17 - [TEST_STEP][PASSED] - Statement - product = com.kms.katalon.core.webui.keyword.WebUiBuiltInKeywords.modifyObjectProperty(product, "xpath", "equals", "//*[@id = "fldvendor" + row + ""]", true): Modify property of object successfully

2018-05-15 19:06:17 - [MESSAGE][PASSED] - Modify property of object successfully

2018-05-15 19:06:17 - [TEST_STEP][PASSED] - selectOptionByIndex: All options with index in [3] are selected on object ''

2018-05-15 19:06:17 - [MESSAGE][PASSED] - All options with index in [3] are selected on object ''

2018-05-15 19:06:17 - [TEST_STEP][PASSED] - Statement - batch = new com.kms.katalon.core.testobject.TestObject(): null

2018-05-15 19:06:17 - [TEST_STEP][PASSED] - Statement - batch = com.kms.katalon.core.webui.keyword.WebUiBuiltInKeywords.modifyObjectProperty(batch, "xpath", "equals", "//*[@id = "txtbthqty" + row + ""]", true): Modify property of object successfully

2018-05-15 19:06:17 - [MESSAGE][PASSED] - Modify property of object successfully

2018-05-15 19:06:17 - [TEST_STEP][PASSED] - Statement - batchqty = com.kms.katalon.core.webui.keyword.WebUiBuiltInKeywords.getAttribute(batch, "value").trim(): Attribute 'value' of object '' is: '5000'

2018-05-15 19:06:17 - [MESSAGE][PASSED] - Attribute 'value' of object '' is: '5000'

2018-05-15 19:06:17 - [TEST_STEP][PASSED] - Statement - Rqty = 10000: null

2018-05-15 19:06:17 - [TEST_STEP][PASSED] - delay: Delayed 2 second(s)

2018-05-15 19:06:19 - [MESSAGE][PASSED] - Delayed 2 second(s)

2018-05-15 19:06:19 - [TEST_STEP][PASSED] - Statement - out.println("BatchQty : " + batchqty): null

2018-05-15 19:06:19 - [TEST_STEP][PASSED] - Statement - out.println("RQty : " + Rqty): null

2018-05-15 19:06:19 - [TEST_STEP][PASSED] - Statement - If (java.lang.Integer.valueOf(batchqty) >= java.lang.Integer.valueOf(Rqty)): null

2018-05-15 19:06:19 - [TEST_STEP][PASSED] - Statement - Else: null

2018-05-15 19:06:19 - [TEST_STEP][PASSED] - Statement - out.println("Batchqty Is Less Than Rqty"): null

2018-05-15 19:06:19 - [TEST_STEP][PASSED] - Statement - product = new com.kms.katalon.core.testobject.TestObject(): null

2018-05-15 19:06:19 - [TEST_STEP][PASSED] - Statement - product = com.kms.katalon.core.webui.keyword.WebUiBuiltInKeywords.modifyObjectProperty(product, "xpath", "equals", "//*[@id = "fldvendor" + row + ""]", true): Modify property of object successfully

2018-05-15 19:06:19 - [MESSAGE][PASSED] - Modify property of object successfully

2018-05-15 19:06:19 - [TEST_STEP][PASSED] - selectOptionByIndex: All options with index in [4] are selected on object ''

2018-05-15 19:06:19 - [MESSAGE][PASSED] - All options with index in [4] are selected on object ''

2018-05-15 19:06:19 - [TEST_STEP][PASSED] - Statement - batch = new com.kms.katalon.core.testobject.TestObject(): null

2018-05-15 19:06:19 - [TEST_STEP][PASSED] - Statement - batch = com.kms.katalon.core.webui.keyword.WebUiBuiltInKeywords.modifyObjectProperty(batch, "xpath", "equals", "//*[@id = "txtbthqty" + row + ""]", true): Modify property of object successfully

2018-05-15 19:06:19 - [MESSAGE][PASSED] - Modify property of object successfully

2018-05-15 19:06:19 - [TEST_STEP][PASSED] - Statement - batchqty = com.kms.katalon.core.webui.keyword.WebUiBuiltInKeywords.getAttribute(batch, "value").trim(): Attribute 'value' of object '' is: '200'

2018-05-15 19:06:19 - [MESSAGE][PASSED] - Attribute 'value' of object '' is: '200'

2018-05-15 19:06:19 - [TEST_STEP][PASSED] - Statement - Rqty = 10000: null

2018-05-15 19:06:19 - [TEST_STEP][PASSED] - delay: Delayed 2 second(s)

2018-05-15 19:06:21 - [MESSAGE][PASSED] - Delayed 2 second(s)

2018-05-15 19:06:21 - [TEST_STEP][PASSED] - Statement - out.println("BatchQty : " + batchqty): null

2018-05-15 19:06:21 - [TEST_STEP][PASSED] - Statement - out.println("RQty : " + Rqty): null

2018-05-15 19:06:21 - [TEST_STEP][PASSED] - Statement - If (java.lang.Integer.valueOf(batchqty) >= java.lang.Integer.valueOf(Rqty)): null

2018-05-15 19:06:21 - [TEST_STEP][PASSED] - Statement - Else: null

2018-05-15 19:06:21 - [TEST_STEP][PASSED] - Statement - out.println("Batchqty Is Less Than Rqty"): null

2018-05-15 19:06:21 - [TEST_STEP][PASSED] - Statement - batchlength = new com.kms.katalon.core.testobject.TestObject(): null

2018-05-15 19:06:21 - [TEST_STEP][PASSED] - Statement - batchlength = com.kms.katalon.core.webui.keyword.WebUiBuiltInKeywords.modifyObjectProperty(batchlength, "xpath", "equals", "//*[@id = "fldvendor" + row + ""]", true): Modify property of object successfully

2018-05-15 19:06:21 - [MESSAGE][PASSED] - Modify property of object successfully

2018-05-15 19:06:21 - [TEST_STEP][PASSED] - Statement - batchsize = com.kms.katalon.core.webui.keyword.WebUiBuiltInKeywords.getNumberOfTotalOption(batchlength): 5 options of object '' counted

2018-05-15 19:06:21 - [MESSAGE][PASSED] - 5 options of object '' counted

2018-05-15 19:06:21 - [TEST_STEP][PASSED] - Statement - out.println("BatchSize : " + batchsize): null

2018-05-15 19:06:21 - [TEST_STEP][PASSED] - Statement - For ([n = 1, n <= batchsize - 1, (n++)]): null

2018-05-15 19:06:21 - [TEST_STEP][PASSED] - Statement - product = new com.kms.katalon.core.testobject.TestObject(): null

2018-05-15 19:06:21 - [TEST_STEP][PASSED] - Statement - product = com.kms.katalon.core.webui.keyword.WebUiBuiltInKeywords.modifyObjectProperty(product, "xpath", "equals", "//*[@id = "fldvendor" + row + ""]", true): Modify property of object successfully

2018-05-15 19:06:21 - [MESSAGE][PASSED] - Modify property of object successfully

2018-05-15 19:06:21 - [TEST_STEP][PASSED] - selectOptionByIndex: All options with index in [1] are selected on object ''

2018-05-15 19:06:21 - [MESSAGE][PASSED] - All options with index in [1] are selected on object ''

2018-05-15 19:06:21 - [TEST_STEP][PASSED] - Statement - batch = new com.kms.katalon.core.testobject.TestObject(): null

2018-05-15 19:06:21 - [TEST_STEP][PASSED] - Statement - batch = com.kms.katalon.core.webui.keyword.WebUiBuiltInKeywords.modifyObjectProperty(batch, "xpath", "equals", "//*[@id = "txtbthqty" + row + ""]", true): Modify property of object successfully

2018-05-15 19:06:21 - [MESSAGE][PASSED] - Modify property of object successfully

2018-05-15 19:06:21 - [TEST_STEP][PASSED] - Statement - batchqty = com.kms.katalon.core.webui.keyword.WebUiBuiltInKeywords.getAttribute(batch, "value").trim(): Attribute 'value' of object '' is: '5000'

2018-05-15 19:06:21 - [MESSAGE][PASSED] - Attribute 'value' of object '' is: '5000'

2018-05-15 19:06:21 - [TEST_STEP][PASSED] - Statement - Rqty = 10000: null

2018-05-15 19:06:21 - [TEST_STEP][PASSED] - delay: Delayed 2 second(s)

2018-05-15 19:06:23 - [MESSAGE][PASSED] - Delayed 2 second(s)

2018-05-15 19:06:23 - [TEST_STEP][PASSED] - Statement - out.println("BatchQty : " + batchqty): null

2018-05-15 19:06:23 - [TEST_STEP][PASSED] - Statement - out.println("RQty : " + Rqty): null

2018-05-15 19:06:23 - [TEST_STEP][PASSED] - Statement - If (java.lang.Integer.valueOf(batchqty) >= java.lang.Integer.valueOf(Rqty)): null

2018-05-15 19:06:23 - [TEST_STEP][PASSED] - Statement - Else: null

2018-05-15 19:06:23 - [TEST_STEP][PASSED] - Statement - out.println("Batchqty Is Less Than Rqty"): null

2018-05-15 19:06:23 - [TEST_STEP][PASSED] - Statement - product = new com.kms.katalon.core.testobject.TestObject(): null

2018-05-15 19:06:23 - [TEST_STEP][PASSED] - Statement - product = com.kms.katalon.core.webui.keyword.WebUiBuiltInKeywords.modifyObjectProperty(product, "xpath", "equals", "//*[@id = "fldvendor" + row + ""]", true): Modify property of object successfully

2018-05-15 19:06:23 - [MESSAGE][PASSED] - Modify property of object successfully

2018-05-15 19:06:23 - [TEST_STEP][PASSED] - selectOptionByIndex: All options with index in [2] are selected on object ''

2018-05-15 19:06:24 - [MESSAGE][PASSED] - All options with index in [2] are selected on object ''

2018-05-15 19:06:24 - [TEST_STEP][PASSED] - Statement - batch = new com.kms.katalon.core.testobject.TestObject(): null

2018-05-15 19:06:24 - [TEST_STEP][PASSED] - Statement - batch = com.kms.katalon.core.webui.keyword.WebUiBuiltInKeywords.modifyObjectProperty(batch, "xpath", "equals", "//*[@id = "txtbthqty" + row + ""]", true): Modify property of object successfully

2018-05-15 19:06:24 - [MESSAGE][PASSED] - Modify property of object successfully

2018-05-15 19:06:24 - [TEST_STEP][PASSED] - Statement - batchqty = com.kms.katalon.core.webui.keyword.WebUiBuiltInKeywords.getAttribute(batch, "value").trim(): Attribute 'value' of object '' is: '5000'

2018-05-15 19:06:24 - [MESSAGE][PASSED] - Attribute 'value' of object '' is: '5000'

2018-05-15 19:06:24 - [TEST_STEP][PASSED] - Statement - Rqty = 10000: null

2018-05-15 19:06:24 - [TEST_STEP][PASSED] - delay: Delayed 2 second(s)

2018-05-15 19:06:26 - [MESSAGE][PASSED] - Delayed 2 second(s)

2018-05-15 19:06:26 - [TEST_STEP][PASSED] - Statement - out.println("BatchQty : " + batchqty): null

2018-05-15 19:06:26 - [TEST_STEP][PASSED] - Statement - out.println("RQty : " + Rqty): null

2018-05-15 19:06:26 - [TEST_STEP][PASSED] - Statement - If (java.lang.Integer.valueOf(batchqty) >= java.lang.Integer.valueOf(Rqty)): null

2018-05-15 19:06:26 - [TEST_STEP][PASSED] - Statement - Else: null

2018-05-15 19:06:26 - [TEST_STEP][PASSED] - Statement - out.println("Batchqty Is Less Than Rqty"): null

2018-05-15 19:06:26 - [TEST_STEP][PASSED] - Statement - product = new com.kms.katalon.core.testobject.TestObject(): null

2018-05-15 19:06:26 - [TEST_STEP][PASSED] - Statement - product = com.kms.katalon.core.webui.keyword.WebUiBuiltInKeywords.modifyObjectProperty(product, "xpath", "equals", "//*[@id = "fldvendor" + row + ""]", true): Modify property of object successfully

2018-05-15 19:06:26 - [MESSAGE][PASSED] - Modify property of object successfully

2018-05-15 19:06:26 - [TEST_STEP][PASSED] - selectOptionByIndex: All options with index in [3] are selected on object ''

2018-05-15 19:06:26 - [MESSAGE][PASSED] - All options with index in [3] are selected on object ''

2018-05-15 19:06:26 - [TEST_STEP][PASSED] - Statement - batch = new com.kms.katalon.core.testobject.TestObject(): null

2018-05-15 19:06:26 - [TEST_STEP][PASSED] - Statement - batch = com.kms.katalon.core.webui.keyword.WebUiBuiltInKeywords.modifyObjectProperty(batch, "xpath", "equals", "//*[@id = "txtbthqty" + row + ""]", true): Modify property of object successfully

2018-05-15 19:06:26 - [MESSAGE][PASSED] - Modify property of object successfully

2018-05-15 19:06:26 - [TEST_STEP][PASSED] - Statement - batchqty = com.kms.katalon.core.webui.keyword.WebUiBuiltInKeywords.getAttribute(batch, "value").trim(): Attribute 'value' of object '' is: '400'

2018-05-15 19:06:26 - [MESSAGE][PASSED] - Attribute 'value' of object '' is: '400'

2018-05-15 19:06:26 - [TEST_STEP][PASSED] - Statement - Rqty = 10000: null

2018-05-15 19:06:26 - [TEST_STEP][PASSED] - delay: Delayed 2 second(s)

2018-05-15 19:06:28 - [MESSAGE][PASSED] - Delayed 2 second(s)

2018-05-15 19:06:28 - [TEST_STEP][PASSED] - Statement - out.println("BatchQty : " + batchqty): null

2018-05-15 19:06:28 - [TEST_STEP][PASSED] - Statement - out.println("RQty : " + Rqty): null

2018-05-15 19:06:28 - [TEST_STEP][PASSED] - Statement - If (java.lang.Integer.valueOf(batchqty) >= java.lang.Integer.valueOf(Rqty)): null

2018-05-15 19:06:28 - [TEST_STEP][PASSED] - Statement - Else: null

2018-05-15 19:06:28 - [TEST_STEP][PASSED] - Statement - out.println("Batchqty Is Less Than Rqty"): null

2018-05-15 19:06:28 - [TEST_STEP][PASSED] - Statement - product = new com.kms.katalon.core.testobject.TestObject(): null

2018-05-15 19:06:28 - [TEST_STEP][PASSED] - Statement - product = com.kms.katalon.core.webui.keyword.WebUiBuiltInKeywords.modifyObjectProperty(product, "xpath", "equals", "//*[@id = "fldvendor" + row + ""]", true): Modify property of object successfully

2018-05-15 19:06:28 - [MESSAGE][PASSED] - Modify property of object successfully

2018-05-15 19:06:28 - [TEST_STEP][PASSED] - selectOptionByIndex: All options with index in [4] are selected on object ''

2018-05-15 19:06:28 - [MESSAGE][PASSED] - All options with index in [4] are selected on object ''

2018-05-15 19:06:28 - [TEST_STEP][PASSED] - Statement - batch = new com.kms.katalon.core.testobject.TestObject(): null

2018-05-15 19:06:28 - [TEST_STEP][PASSED] - Statement - batch = com.kms.katalon.core.webui.keyword.WebUiBuiltInKeywords.modifyObjectProperty(batch, "xpath", "equals", "//*[@id = "txtbthqty" + row + ""]", true): Modify property of object successfully

2018-05-15 19:06:28 - [MESSAGE][PASSED] - Modify property of object successfully

2018-05-15 19:06:28 - [TEST_STEP][PASSED] - Statement - batchqty = com.kms.katalon.core.webui.keyword.WebUiBuiltInKeywords.getAttribute(batch, "value").trim(): Attribute 'value' of object '' is: '200'

2018-05-15 19:06:28 - [MESSAGE][PASSED] - Attribute 'value' of object '' is: '200'

2018-05-15 19:06:28 - [TEST_STEP][PASSED] - Statement - Rqty = 10000: null

2018-05-15 19:06:28 - [TEST_STEP][PASSED] - delay: Delayed 2 second(s)

2018-05-15 19:06:30 - [MESSAGE][PASSED] - Delayed 2 second(s)

2018-05-15 19:06:30 - [TEST_STEP][PASSED] - Statement - out.println("BatchQty : " + batchqty): null

2018-05-15 19:06:30 - [TEST_STEP][PASSED] - Statement - out.println("RQty : " + Rqty): null

2018-05-15 19:06:30 - [TEST_STEP][PASSED] - Statement - If (java.lang.Integer.valueOf(batchqty) >= java.lang.Integer.valueOf(Rqty)): null

2018-05-15 19:06:30 - [TEST_STEP][PASSED] - Statement - Else: null

2018-05-15 19:06:30 - [TEST_STEP][PASSED] - Statement - out.println("Batchqty Is Less Than Rqty"): null

2018-05-15 19:06:30 - [TEST_STEP][PASSED] - Statement - batchlength = new com.kms.katalon.core.testobject.TestObject(): null

2018-05-15 19:06:30 - [TEST_STEP][PASSED] - Statement - batchlength = com.kms.katalon.core.webui.keyword.WebUiBuiltInKeywords.modifyObjectProperty(batchlength, "xpath", "equals", "//*[@id = "fldvendor" + row + ""]", true): Modify property of object successfully

2018-05-15 19:06:30 - [MESSAGE][PASSED] - Modify property of object successfully

2018-05-15 19:06:30 - [TEST_STEP][PASSED] - Statement - batchsize = com.kms.katalon.core.webui.keyword.WebUiBuiltInKeywords.getNumberOfTotalOption(batchlength): 5 options of object '' counted

2018-05-15 19:06:30 - [MESSAGE][PASSED] - 5 options of object '' counted

2018-05-15 19:06:30 - [TEST_STEP][PASSED] - Statement - out.println("BatchSize : " + batchsize): null

2018-05-15 19:06:30 - [TEST_STEP][PASSED] - Statement - For ([n = 1, n <= batchsize - 1, (n++)]): null

2018-05-15 19:06:30 - [TEST_STEP][PASSED] - Statement - product = new com.kms.katalon.core.testobject.TestObject(): null

2018-05-15 19:06:30 - [TEST_STEP][PASSED] - Statement - product = com.kms.katalon.core.webui.keyword.WebUiBuiltInKeywords.modifyObjectProperty(product, "xpath", "equals", "//*[@id = "fldvendor" + row + ""]", true): Modify property of object successfully

2018-05-15 19:06:30 - [MESSAGE][PASSED] - Modify property of object successfully

2018-05-15 19:06:30 - [TEST_STEP][PASSED] - selectOptionByIndex: All options with index in [1] are selected on object ''

2018-05-15 19:06:30 - [MESSAGE][PASSED] - All options with index in [1] are selected on object ''

2018-05-15 19:06:30 - [TEST_STEP][PASSED] - Statement - batch = new com.kms.katalon.core.testobject.TestObject(): null

2018-05-15 19:06:30 - [TEST_STEP][PASSED] - Statement - batch = com.kms.katalon.core.webui.keyword.WebUiBuiltInKeywords.modifyObjectProperty(batch, "xpath", "equals", "//*[@id = "txtbthqty" + row + ""]", true): Modify property of object successfully

2018-05-15 19:06:30 - [MESSAGE][PASSED] - Modify property of object successfully

2018-05-15 19:06:30 - [TEST_STEP][PASSED] - Statement - batchqty = com.kms.katalon.core.webui.keyword.WebUiBuiltInKeywords.getAttribute(batch, "value").trim(): Attribute 'value' of object '' is: '400'

2018-05-15 19:06:30 - [MESSAGE][PASSED] - Attribute 'value' of object '' is: '400'

2018-05-15 19:06:30 - [TEST_STEP][PASSED] - Statement - Rqty = 10000: null

2018-05-15 19:06:30 - [TEST_STEP][PASSED] - delay: Delayed 2 second(s)

2018-05-15 19:06:32 - [MESSAGE][PASSED] - Delayed 2 second(s)

2018-05-15 19:06:32 - [TEST_STEP][PASSED] - Statement - out.println("BatchQty : " + batchqty): null

2018-05-15 19:06:32 - [TEST_STEP][PASSED] - Statement - out.println("RQty : " + Rqty): null

2018-05-15 19:06:32 - [TEST_STEP][PASSED] - Statement - If (java.lang.Integer.valueOf(batchqty) >= java.lang.Integer.valueOf(Rqty)): null

2018-05-15 19:06:32 - [TEST_STEP][PASSED] - Statement - Else: null

2018-05-15 19:06:32 - [TEST_STEP][PASSED] - Statement - out.println("Batchqty Is Less Than Rqty"): null

2018-05-15 19:06:32 - [TEST_STEP][PASSED] - Statement - product = new com.kms.katalon.core.testobject.TestObject(): null

2018-05-15 19:06:32 - [TEST_STEP][PASSED] - Statement - product = com.kms.katalon.core.webui.keyword.WebUiBuiltInKeywords.modifyObjectProperty(product, "xpath", "equals", "//*[@id = "fldvendor" + row + ""]", true): Modify property of object successfully

2018-05-15 19:06:32 - [MESSAGE][PASSED] - Modify property of object successfully

2018-05-15 19:06:32 - [TEST_STEP][PASSED] - selectOptionByIndex: All options with index in [2] are selected on object ''

2018-05-15 19:06:32 - [MESSAGE][PASSED] - All options with index in [2] are selected on object ''

2018-05-15 19:06:32 - [TEST_STEP][PASSED] - Statement - batch = new com.kms.katalon.core.testobject.TestObject(): null

2018-05-15 19:06:32 - [TEST_STEP][PASSED] - Statement - batch = com.kms.katalon.core.webui.keyword.WebUiBuiltInKeywords.modifyObjectProperty(batch, "xpath", "equals", "//*[@id = "txtbthqty" + row + ""]", true): Modify property of object successfully

2018-05-15 19:06:32 - [MESSAGE][PASSED] - Modify property of object successfully

2018-05-15 19:06:32 - [TEST_STEP][PASSED] - Statement - batchqty = com.kms.katalon.core.webui.keyword.WebUiBuiltInKeywords.getAttribute(batch, "value").trim(): Attribute 'value' of object '' is: '200'

2018-05-15 19:06:32 - [MESSAGE][PASSED] - Attribute 'value' of object '' is: '200'

2018-05-15 19:06:32 - [TEST_STEP][PASSED] - Statement - Rqty = 10000: null

2018-05-15 19:06:32 - [TEST_STEP][PASSED] - delay: Delayed 2 second(s)

2018-05-15 19:06:34 - [MESSAGE][PASSED] - Delayed 2 second(s)

2018-05-15 19:06:34 - [TEST_STEP][PASSED] - Statement - out.println("BatchQty : " + batchqty): null

2018-05-15 19:06:34 - [TEST_STEP][PASSED] - Statement - out.println("RQty : " + Rqty): null

2018-05-15 19:06:34 - [TEST_STEP][PASSED] - Statement - If (java.lang.Integer.valueOf(batchqty) >= java.lang.Integer.valueOf(Rqty)): null

2018-05-15 19:06:34 - [TEST_STEP][PASSED] - Statement - Else: null

2018-05-15 19:06:34 - [TEST_STEP][PASSED] - Statement - out.println("Batchqty Is Less Than Rqty"): null

2018-05-15 19:06:34 - [TEST_STEP][PASSED] - Statement - product = new com.kms.katalon.core.testobject.TestObject(): null

2018-05-15 19:06:34 - [TEST_STEP][PASSED] - Statement - product = com.kms.katalon.core.webui.keyword.WebUiBuiltInKeywords.modifyObjectProperty(product, "xpath", "equals", "//*[@id = "fldvendor" + row + ""]", true): Modify property of object successfully

2018-05-15 19:06:34 - [MESSAGE][PASSED] - Modify property of object successfully

2018-05-15 19:06:34 - [TEST_STEP][PASSED] - selectOptionByIndex: All options with index in [3] are selected on object ''

2018-05-15 19:06:35 - [MESSAGE][PASSED] - All options with index in [3] are selected on object ''

2018-05-15 19:06:35 - [TEST_STEP][PASSED] - Statement - batch = new com.kms.katalon.core.testobject.TestObject(): null

2018-05-15 19:06:35 - [TEST_STEP][PASSED] - Statement - batch = com.kms.katalon.core.webui.keyword.WebUiBuiltInKeywords.modifyObjectProperty(batch, "xpath", "equals", "//*[@id = "txtbthqty" + row + ""]", true): Modify property of object successfully

2018-05-15 19:06:35 - [MESSAGE][PASSED] - Modify property of object successfully

2018-05-15 19:06:35 - [TEST_STEP][PASSED] - Statement - batchqty = com.kms.katalon.core.webui.keyword.WebUiBuiltInKeywords.getAttribute(batch, "value").trim(): Attribute 'value' of object '' is: '5000'

2018-05-15 19:06:35 - [MESSAGE][PASSED] - Attribute 'value' of object '' is: '5000'

2018-05-15 19:06:35 - [TEST_STEP][PASSED] - Statement - Rqty = 10000: null

2018-05-15 19:06:35 - [TEST_STEP][PASSED] - delay: Delayed 2 second(s)

2018-05-15 19:06:37 - [MESSAGE][PASSED] - Delayed 2 second(s)

2018-05-15 19:06:37 - [TEST_STEP][PASSED] - Statement - out.println("BatchQty : " + batchqty): null

2018-05-15 19:06:37 - [TEST_STEP][PASSED] - Statement - out.println("RQty : " + Rqty): null

2018-05-15 19:06:37 - [TEST_STEP][PASSED] - Statement - If (java.lang.Integer.valueOf(batchqty) >= java.lang.Integer.valueOf(Rqty)): null

2018-05-15 19:06:37 - [TEST_STEP][PASSED] - Statement - Else: null

2018-05-15 19:06:37 - [TEST_STEP][PASSED] - Statement - out.println("Batchqty Is Less Than Rqty"): null

2018-05-15 19:06:37 - [TEST_STEP][PASSED] - Statement - product = new com.kms.katalon.core.testobject.TestObject(): null

2018-05-15 19:06:37 - [TEST_STEP][PASSED] - Statement - product = com.kms.katalon.core.webui.keyword.WebUiBuiltInKeywords.modifyObjectProperty(product, "xpath", "equals", "//*[@id = "fldvendor" + row + ""]", true): Modify property of object successfully

2018-05-15 19:06:37 - [MESSAGE][PASSED] - Modify property of object successfully

2018-05-15 19:06:37 - [TEST_STEP][PASSED] - selectOptionByIndex: All options with index in [4] are selected on object ''

2018-05-15 19:06:37 - [MESSAGE][PASSED] - All options with index in [4] are selected on object ''

2018-05-15 19:06:37 - [TEST_STEP][PASSED] - Statement - batch = new com.kms.katalon.core.testobject.TestObject(): null

2018-05-15 19:06:37 - [TEST_STEP][PASSED] - Statement - batch = com.kms.katalon.core.webui.keyword.WebUiBuiltInKeywords.modifyObjectProperty(batch, "xpath", "equals", "//*[@id = "txtbthqty" + row + ""]", true): Modify property of object successfully

2018-05-15 19:06:37 - [MESSAGE][PASSED] - Modify property of object successfully

2018-05-15 19:06:37 - [TEST_STEP][PASSED] - Statement - batchqty = com.kms.katalon.core.webui.keyword.WebUiBuiltInKeywords.getAttribute(batch, "value").trim(): Attribute 'value' of object '' is: '5000'

2018-05-15 19:06:37 - [MESSAGE][PASSED] - Attribute 'value' of object '' is: '5000'

2018-05-15 19:06:37 - [TEST_STEP][PASSED] - Statement - Rqty = 10000: null

2018-05-15 19:06:37 - [TEST_STEP][PASSED] - delay: Delayed 2 second(s)

2018-05-15 19:06:39 - [MESSAGE][PASSED] - Delayed 2 second(s)

2018-05-15 19:06:39 - [TEST_STEP][PASSED] - Statement - out.println("BatchQty : " + batchqty): null

2018-05-15 19:06:39 - [TEST_STEP][PASSED] - Statement - out.println("RQty : " + Rqty): null

2018-05-15 19:06:39 - [TEST_STEP][PASSED] - Statement - If (java.lang.Integer.valueOf(batchqty) >= java.lang.Integer.valueOf(Rqty)): null

2018-05-15 19:06:39 - [TEST_STEP][PASSED] - Statement - Else: null

2018-05-15 19:06:39 - [TEST_STEP][PASSED] - Statement - out.println("Batchqty Is Less Than Rqty"): null

2018-05-15 19:06:39 - [TEST_STEP][PASSED] - Statement - batchlength = new com.kms.katalon.core.testobject.TestObject(): null

2018-05-15 19:06:39 - [TEST_STEP][PASSED] - Statement - batchlength = com.kms.katalon.core.webui.keyword.WebUiBuiltInKeywords.modifyObjectProperty(batchlength, "xpath", "equals", "//*[@id = "fldvendor" + row + ""]", true): Modify property of object successfully

2018-05-15 19:06:39 - [MESSAGE][PASSED] - Modify property of object successfully

2018-05-15 19:06:39 - [TEST_STEP][PASSED] - Statement - batchsize = com.kms.katalon.core.webui.keyword.WebUiBuiltInKeywords.getNumberOfTotalOption(batchlength): 5 options of object '' counted

2018-05-15 19:06:39 - [MESSAGE][PASSED] - 5 options of object '' counted

2018-05-15 19:06:39 - [TEST_STEP][PASSED] - Statement - out.println("BatchSize : " + batchsize): null

2018-05-15 19:06:39 - [TEST_STEP][PASSED] - Statement - For ([n = 1, n <= batchsize - 1, (n++)]): null

2018-05-15 19:06:39 - [TEST_STEP][PASSED] - Statement - product = new com.kms.katalon.core.testobject.TestObject(): null

2018-05-15 19:06:39 - [TEST_STEP][PASSED] - Statement - product = com.kms.katalon.core.webui.keyword.WebUiBuiltInKeywords.modifyObjectProperty(product, "xpath", "equals", "//*[@id = "fldvendor" + row + ""]", true): Modify property of object successfully

2018-05-15 19:06:39 - [MESSAGE][PASSED] - Modify property of object successfully

2018-05-15 19:06:39 - [TEST_STEP][PASSED] - selectOptionByIndex: All options with index in [1] are selected on object ''

2018-05-15 19:06:39 - [MESSAGE][PASSED] - All options with index in [1] are selected on object ''

2018-05-15 19:06:39 - [TEST_STEP][PASSED] - Statement - batch = new com.kms.katalon.core.testobject.TestObject(): null

2018-05-15 19:06:39 - [TEST_STEP][PASSED] - Statement - batch = com.kms.katalon.core.webui.keyword.WebUiBuiltInKeywords.modifyObjectProperty(batch, "xpath", "equals", "//*[@id = "txtbthqty" + row + ""]", true): Modify property of object successfully

2018-05-15 19:06:39 - [MESSAGE][PASSED] - Modify property of object successfully

2018-05-15 19:06:39 - [TEST_STEP][PASSED] - Statement - batchqty = com.kms.katalon.core.webui.keyword.WebUiBuiltInKeywords.getAttribute(batch, "value").trim(): Attribute 'value' of object '' is: '400'

2018-05-15 19:06:39 - [MESSAGE][PASSED] - Attribute 'value' of object '' is: '400'

2018-05-15 19:06:39 - [TEST_STEP][PASSED] - Statement - Rqty = 10000: null

2018-05-15 19:06:39 - [TEST_STEP][PASSED] - delay: Delayed 2 second(s)

2018-05-15 19:06:41 - [MESSAGE][PASSED] - Delayed 2 second(s)

2018-05-15 19:06:41 - [TEST_STEP][PASSED] - Statement - out.println("BatchQty : " + batchqty): null

2018-05-15 19:06:41 - [TEST_STEP][PASSED] - Statement - out.println("RQty : " + Rqty): null

2018-05-15 19:06:41 - [TEST_STEP][PASSED] - Statement - If (java.lang.Integer.valueOf(batchqty) >= java.lang.Integer.valueOf(Rqty)): null

2018-05-15 19:06:41 - [TEST_STEP][PASSED] - Statement - Else: null

2018-05-15 19:06:41 - [TEST_STEP][PASSED] - Statement - out.println("Batchqty Is Less Than Rqty"): null

2018-05-15 19:06:41 - [TEST_STEP][PASSED] - Statement - product = new com.kms.katalon.core.testobject.TestObject(): null

2018-05-15 19:06:41 - [TEST_STEP][PASSED] - Statement - product = com.kms.katalon.core.webui.keyword.WebUiBuiltInKeywords.modifyObjectProperty(product, "xpath", "equals", "//*[@id = "fldvendor" + row + ""]", true): Modify property of object successfully

2018-05-15 19:06:41 - [MESSAGE][PASSED] - Modify property of object successfully

2018-05-15 19:06:41 - [TEST_STEP][PASSED] - selectOptionByIndex: All options with index in [2] are selected on object ''

2018-05-15 19:06:41 - [MESSAGE][PASSED] - All options with index in [2] are selected on object ''

2018-05-15 19:06:41 - [TEST_STEP][PASSED] - Statement - batch = new com.kms.katalon.core.testobject.TestObject(): null

2018-05-15 19:06:41 - [TEST_STEP][PASSED] - Statement - batch = com.kms.katalon.core.webui.keyword.WebUiBuiltInKeywords.modifyObjectProperty(batch, "xpath", "equals", "//*[@id = "txtbthqty" + row + ""]", true): Modify property of object successfully

2018-05-15 19:06:41 - [MESSAGE][PASSED] - Modify property of object successfully

2018-05-15 19:06:41 - [TEST_STEP][PASSED] - Statement - batchqty = com.kms.katalon.core.webui.keyword.WebUiBuiltInKeywords.getAttribute(batch, "value").trim(): Attribute 'value' of object '' is: '5000'

2018-05-15 19:06:41 - [MESSAGE][PASSED] - Attribute 'value' of object '' is: '5000'

2018-05-15 19:06:41 - [TEST_STEP][PASSED] - Statement - Rqty = 10000: null

2018-05-15 19:06:41 - [TEST_STEP][PASSED] - delay: Delayed 2 second(s)

2018-05-15 19:06:43 - [MESSAGE][PASSED] - Delayed 2 second(s)

2018-05-15 19:06:43 - [TEST_STEP][PASSED] - Statement - out.println("BatchQty : " + batchqty): null

2018-05-15 19:06:43 - [TEST_STEP][PASSED] - Statement - out.println("RQty : " + Rqty): null

2018-05-15 19:06:43 - [TEST_STEP][PASSED] - Statement - If (java.lang.Integer.valueOf(batchqty) >= java.lang.Integer.valueOf(Rqty)): null

2018-05-15 19:06:43 - [TEST_STEP][PASSED] - Statement - Else: null

2018-05-15 19:06:43 - [TEST_STEP][PASSED] - Statement - out.println("Batchqty Is Less Than Rqty"): null

2018-05-15 19:06:43 - [TEST_STEP][PASSED] - Statement - product = new com.kms.katalon.core.testobject.TestObject(): null

2018-05-15 19:06:43 - [TEST_STEP][PASSED] - Statement - product = com.kms.katalon.core.webui.keyword.WebUiBuiltInKeywords.modifyObjectProperty(product, "xpath", "equals", "//*[@id = "fldvendor" + row + ""]", true): Modify property of object successfully

2018-05-15 19:06:43 - [MESSAGE][PASSED] - Modify property of object successfully

2018-05-15 19:06:43 - [TEST_STEP][PASSED] - selectOptionByIndex: All options with index in [3] are selected on object ''

2018-05-15 19:06:43 - [MESSAGE][PASSED] - All options with index in [3] are selected on object ''

2018-05-15 19:06:43 - [TEST_STEP][PASSED] - Statement - batch = new com.kms.katalon.core.testobject.TestObject(): null

2018-05-15 19:06:43 - [TEST_STEP][PASSED] - Statement - batch = com.kms.katalon.core.webui.keyword.WebUiBuiltInKeywords.modifyObjectProperty(batch, "xpath", "equals", "//*[@id = "txtbthqty" + row + ""]", true): Modify property of object successfully

2018-05-15 19:06:43 - [MESSAGE][PASSED] - Modify property of object successfully

2018-05-15 19:06:43 - [TEST_STEP][PASSED] - Statement - batchqty = com.kms.katalon.core.webui.keyword.WebUiBuiltInKeywords.getAttribute(batch, "value").trim(): Attribute 'value' of object '' is: '200'

2018-05-15 19:06:43 - [MESSAGE][PASSED] - Attribute 'value' of object '' is: '200'

2018-05-15 19:06:43 - [TEST_STEP][PASSED] - Statement - Rqty = 10000: null

2018-05-15 19:06:43 - [TEST_STEP][PASSED] - delay: Delayed 2 second(s)

2018-05-15 19:06:45 - [MESSAGE][PASSED] - Delayed 2 second(s)

2018-05-15 19:06:45 - [TEST_STEP][PASSED] - Statement - out.println("BatchQty : " + batchqty): null

2018-05-15 19:06:45 - [TEST_STEP][PASSED] - Statement - out.println("RQty : " + Rqty): null

2018-05-15 19:06:45 - [TEST_STEP][PASSED] - Statement - If (java.lang.Integer.valueOf(batchqty) >= java.lang.Integer.valueOf(Rqty)): null

2018-05-15 19:06:45 - [TEST_STEP][PASSED] - Statement - Else: null

2018-05-15 19:06:45 - [TEST_STEP][PASSED] - Statement - out.println("Batchqty Is Less Than Rqty"): null

2018-05-15 19:06:45 - [TEST_STEP][PASSED] - Statement - product = new com.kms.katalon.core.testobject.TestObject(): null

2018-05-15 19:06:45 - [TEST_STEP][PASSED] - Statement - product = com.kms.katalon.core.webui.keyword.WebUiBuiltInKeywords.modifyObjectProperty(product, "xpath", "equals", "//*[@id = "fldvendor" + row + ""]", true): Modify property of object successfully

2018-05-15 19:06:45 - [MESSAGE][PASSED] - Modify property of object successfully

2018-05-15 19:06:45 - [TEST_STEP][PASSED] - selectOptionByIndex: All options with index in [4] are selected on object ''

2018-05-15 19:06:46 - [MESSAGE][PASSED] - All options with index in [4] are selected on object ''

2018-05-15 19:06:46 - [TEST_STEP][PASSED] - Statement - batch = new com.kms.katalon.core.testobject.TestObject(): null

2018-05-15 19:06:46 - [TEST_STEP][PASSED] - Statement - batch = com.kms.katalon.core.webui.keyword.WebUiBuiltInKeywords.modifyObjectProperty(batch, "xpath", "equals", "//*[@id = "txtbthqty" + row + ""]", true): Modify property of object successfully

2018-05-15 19:06:46 - [MESSAGE][PASSED] - Modify property of object successfully

2018-05-15 19:06:46 - [TEST_STEP][PASSED] - Statement - batchqty = com.kms.katalon.core.webui.keyword.WebUiBuiltInKeywords.getAttribute(batch, "value").trim(): Attribute 'value' of object '' is: '5000'

2018-05-15 19:06:46 - [MESSAGE][PASSED] - Attribute 'value' of object '' is: '5000'

2018-05-15 19:06:46 - [TEST_STEP][PASSED] - Statement - Rqty = 10000: null

2018-05-15 19:06:46 - [TEST_STEP][PASSED] - delay: Delayed 2 second(s)

2018-05-15 19:06:48 - [MESSAGE][PASSED] - Delayed 2 second(s)

2018-05-15 19:06:48 - [TEST_STEP][PASSED] - Statement - out.println("BatchQty : " + batchqty): null

2018-05-15 19:06:48 - [TEST_STEP][PASSED] - Statement - out.println("RQty : " + Rqty): null

2018-05-15 19:06:48 - [TEST_STEP][PASSED] - Statement - If (java.lang.Integer.valueOf(batchqty) >= java.lang.Integer.valueOf(Rqty)): null

2018-05-15 19:06:48 - [TEST_STEP][PASSED] - Statement - Else: null

2018-05-15 19:06:48 - [TEST_STEP][PASSED] - Statement - out.println("Batchqty Is Less Than Rqty"): null

2018-05-15 19:06:48 - [TEST_STEP][PASSED] - Statement - batchlength = new com.kms.katalon.core.testobject.TestObject(): null

2018-05-15 19:06:48 - [TEST_STEP][PASSED] - Statement - batchlength = com.kms.katalon.core.webui.keyword.WebUiBuiltInKeywords.modifyObjectProperty(batchlength, "xpath", "equals", "//*[@id = "fldvendor" + row + ""]", true): Modify property of object successfully

2018-05-15 19:06:48 - [MESSAGE][PASSED] - Modify property of object successfully

2018-05-15 19:06:48 - [TEST_STEP][PASSED] - Statement - batchsize = com.kms.katalon.core.webui.keyword.WebUiBuiltInKeywords.getNumberOfTotalOption(batchlength): 5 options of object '' counted

2018-05-15 19:06:48 - [MESSAGE][PASSED] - 5 options of object '' counted

2018-05-15 19:06:48 - [TEST_STEP][PASSED] - Statement - out.println("BatchSize : " + batchsize): null

2018-05-15 19:06:48 - [TEST_STEP][PASSED] - Statement - For ([n = 1, n <= batchsize - 1, (n++)]): null

2018-05-15 19:06:48 - [TEST_STEP][PASSED] - Statement - product = new com.kms.katalon.core.testobject.TestObject(): null

2018-05-15 19:06:48 - [TEST_STEP][PASSED] - Statement - product = com.kms.katalon.core.webui.keyword.WebUiBuiltInKeywords.modifyObjectProperty(product, "xpath", "equals", "//*[@id = "fldvendor" + row + ""]", true): Modify property of object successfully

2018-05-15 19:06:48 - [MESSAGE][PASSED] - Modify property of object successfully

2018-05-15 19:06:48 - [TEST_STEP][PASSED] - selectOptionByIndex: All options with index in [1] are selected on object ''

2018-05-15 19:06:48 - [MESSAGE][PASSED] - All options with index in [1] are selected on object ''

2018-05-15 19:06:48 - [TEST_STEP][PASSED] - Statement - batch = new com.kms.katalon.core.testobject.TestObject(): null

2018-05-15 19:06:48 - [TEST_STEP][PASSED] - Statement - batch = com.kms.katalon.core.webui.keyword.WebUiBuiltInKeywords.modifyObjectProperty(batch, "xpath", "equals", "//*[@id = "txtbthqty" + row + ""]", true): Modify property of object successfully

2018-05-15 19:06:48 - [MESSAGE][PASSED] - Modify property of object successfully

2018-05-15 19:06:48 - [TEST_STEP][PASSED] - Statement - batchqty = com.kms.katalon.core.webui.keyword.WebUiBuiltInKeywords.getAttribute(batch, "value").trim(): Attribute 'value' of object '' is: '5000'

2018-05-15 19:06:48 - [MESSAGE][PASSED] - Attribute 'value' of object '' is: '5000'

2018-05-15 19:06:48 - [TEST_STEP][PASSED] - Statement - Rqty = 10000: null

2018-05-15 19:06:48 - [TEST_STEP][PASSED] - delay: Delayed 2 second(s)

2018-05-15 19:06:50 - [MESSAGE][PASSED] - Delayed 2 second(s)

2018-05-15 19:06:50 - [TEST_STEP][PASSED] - Statement - out.println("BatchQty : " + batchqty): null

2018-05-15 19:06:50 - [TEST_STEP][PASSED] - Statement - out.println("RQty : " + Rqty): null

2018-05-15 19:06:50 - [TEST_STEP][PASSED] - Statement - If (java.lang.Integer.valueOf(batchqty) >= java.lang.Integer.valueOf(Rqty)): null

2018-05-15 19:06:50 - [TEST_STEP][PASSED] - Statement - Else: null

2018-05-15 19:06:50 - [TEST_STEP][PASSED] - Statement - out.println("Batchqty Is Less Than Rqty"): null

2018-05-15 19:06:50 - [TEST_STEP][PASSED] - Statement - product = new com.kms.katalon.core.testobject.TestObject(): null

2018-05-15 19:06:50 - [TEST_STEP][PASSED] - Statement - product = com.kms.katalon.core.webui.keyword.WebUiBuiltInKeywords.modifyObjectProperty(product, "xpath", "equals", "//*[@id = "fldvendor" + row + ""]", true): Modify property of object successfully

2018-05-15 19:06:50 - [MESSAGE][PASSED] - Modify property of object successfully

2018-05-15 19:06:50 - [TEST_STEP][PASSED] - selectOptionByIndex: All options with index in [2] are selected on object ''

2018-05-15 19:06:50 - [MESSAGE][PASSED] - All options with index in [2] are selected on object ''

2018-05-15 19:06:50 - [TEST_STEP][PASSED] - Statement - batch = new com.kms.katalon.core.testobject.TestObject(): null

2018-05-15 19:06:50 - [TEST_STEP][PASSED] - Statement - batch = com.kms.katalon.core.webui.keyword.WebUiBuiltInKeywords.modifyObjectProperty(batch, "xpath", "equals", "//*[@id = "txtbthqty" + row + ""]", true): Modify property of object successfully

2018-05-15 19:06:50 - [MESSAGE][PASSED] - Modify property of object successfully

2018-05-15 19:06:50 - [TEST_STEP][PASSED] - Statement - batchqty = com.kms.katalon.core.webui.keyword.WebUiBuiltInKeywords.getAttribute(batch, "value").trim(): Attribute 'value' of object '' is: '200'

2018-05-15 19:06:50 - [MESSAGE][PASSED] - Attribute 'value' of object '' is: '200'

2018-05-15 19:06:50 - [TEST_STEP][PASSED] - Statement - Rqty = 10000: null

2018-05-15 19:06:50 - [TEST_STEP][PASSED] - delay: Delayed 2 second(s)

2018-05-15 19:06:52 - [MESSAGE][PASSED] - Delayed 2 second(s)

2018-05-15 19:06:52 - [TEST_STEP][PASSED] - Statement - out.println("BatchQty : " + batchqty): null

2018-05-15 19:06:52 - [TEST_STEP][PASSED] - Statement - out.println("RQty : " + Rqty): null

2018-05-15 19:06:52 - [TEST_STEP][PASSED] - Statement - If (java.lang.Integer.valueOf(batchqty) >= java.lang.Integer.valueOf(Rqty)): null

2018-05-15 19:06:52 - [TEST_STEP][PASSED] - Statement - Else: null

2018-05-15 19:06:52 - [TEST_STEP][PASSED] - Statement - out.println("Batchqty Is Less Than Rqty"): null

2018-05-15 19:06:52 - [TEST_STEP][PASSED] - Statement - product = new com.kms.katalon.core.testobject.TestObject(): null

2018-05-15 19:06:52 - [TEST_STEP][PASSED] - Statement - product = com.kms.katalon.core.webui.keyword.WebUiBuiltInKeywords.modifyObjectProperty(product, "xpath", "equals", "//*[@id = "fldvendor" + row + ""]", true): Modify property of object successfully

2018-05-15 19:06:52 - [MESSAGE][PASSED] - Modify property of object successfully

2018-05-15 19:06:52 - [TEST_STEP][PASSED] - selectOptionByIndex: All options with index in [3] are selected on object ''

2018-05-15 19:06:52 - [MESSAGE][PASSED] - All options with index in [3] are selected on object ''

2018-05-15 19:06:52 - [TEST_STEP][PASSED] - Statement - batch = new com.kms.katalon.core.testobject.TestObject(): null

2018-05-15 19:06:52 - [TEST_STEP][PASSED] - Statement - batch = com.kms.katalon.core.webui.keyword.WebUiBuiltInKeywords.modifyObjectProperty(batch, "xpath", "equals", "//*[@id = "txtbthqty" + row + ""]", true): Modify property of object successfully

2018-05-15 19:06:52 - [MESSAGE][PASSED] - Modify property of object successfully

2018-05-15 19:06:52 - [TEST_STEP][PASSED] - Statement - batchqty = com.kms.katalon.core.webui.keyword.WebUiBuiltInKeywords.getAttribute(batch, "value").trim(): Attribute 'value' of object '' is: '400'

2018-05-15 19:06:52 - [MESSAGE][PASSED] - Attribute 'value' of object '' is: '400'

2018-05-15 19:06:52 - [TEST_STEP][PASSED] - Statement - Rqty = 10000: null

2018-05-15 19:06:52 - [TEST_STEP][PASSED] - delay: Delayed 2 second(s)

2018-05-15 19:06:54 - [MESSAGE][PASSED] - Delayed 2 second(s)

2018-05-15 19:06:54 - [TEST_STEP][PASSED] - Statement - out.println("BatchQty : " + batchqty): null

2018-05-15 19:06:54 - [TEST_STEP][PASSED] - Statement - out.println("RQty : " + Rqty): null

2018-05-15 19:06:54 - [TEST_STEP][PASSED] - Statement - If (java.lang.Integer.valueOf(batchqty) >= java.lang.Integer.valueOf(Rqty)): null

2018-05-15 19:06:54 - [TEST_STEP][PASSED] - Statement - Else: null

2018-05-15 19:06:54 - [TEST_STEP][PASSED] - Statement - out.println("Batchqty Is Less Than Rqty"): null

2018-05-15 19:06:54 - [TEST_STEP][PASSED] - Statement - product = new com.kms.katalon.core.testobject.TestObject(): null

2018-05-15 19:06:54 - [TEST_STEP][PASSED] - Statement - product = com.kms.katalon.core.webui.keyword.WebUiBuiltInKeywords.modifyObjectProperty(product, "xpath", "equals", "//*[@id = "fldvendor" + row + ""]", true): Modify property of object successfully

2018-05-15 19:06:54 - [MESSAGE][PASSED] - Modify property of object successfully

2018-05-15 19:06:54 - [TEST_STEP][PASSED] - selectOptionByIndex: All options with index in [4] are selected on object ''

2018-05-15 19:06:54 - [MESSAGE][PASSED] - All options with index in [4] are selected on object ''

2018-05-15 19:06:54 - [TEST_STEP][PASSED] - Statement - batch = new com.kms.katalon.core.testobject.TestObject(): null

2018-05-15 19:06:54 - [TEST_STEP][PASSED] - Statement - batch = com.kms.katalon.core.webui.keyword.WebUiBuiltInKeywords.modifyObjectProperty(batch, "xpath", "equals", "//*[@id = "txtbthqty" + row + ""]", true): Modify property of object successfully

2018-05-15 19:06:54 - [MESSAGE][PASSED] - Modify property of object successfully

2018-05-15 19:06:54 - [TEST_STEP][PASSED] - Statement - batchqty = com.kms.katalon.core.webui.keyword.WebUiBuiltInKeywords.getAttribute(batch, "value").trim(): Attribute 'value' of object '' is: '5000'

2018-05-15 19:06:54 - [MESSAGE][PASSED] - Attribute 'value' of object '' is: '5000'

2018-05-15 19:06:54 - [TEST_STEP][PASSED] - Statement - Rqty = 10000: null

2018-05-15 19:06:54 - [TEST_STEP][PASSED] - delay: Delayed 2 second(s)

2018-05-15 19:06:56 - [MESSAGE][PASSED] - Delayed 2 second(s)

2018-05-15 19:06:56 - [TEST_STEP][PASSED] - Statement - out.println("BatchQty : " + batchqty): null

2018-05-15 19:06:56 - [TEST_STEP][PASSED] - Statement - out.println("RQty : " + Rqty): null

2018-05-15 19:06:56 - [TEST_STEP][PASSED] - Statement - If (java.lang.Integer.valueOf(batchqty) >= java.lang.Integer.valueOf(Rqty)): null

2018-05-15 19:06:56 - [TEST_STEP][PASSED] - Statement - Else: null

2018-05-15 19:06:56 - [TEST_STEP][PASSED] - Statement - out.println("Batchqty Is Less Than Rqty"): null

2018-05-15 19:06:56 - [TEST_STEP][PASSED] - Statement - batchlength = new com.kms.katalon.core.testobject.TestObject(): null

2018-05-15 19:06:56 - [TEST_STEP][PASSED] - Statement - batchlength = com.kms.katalon.core.webui.keyword.WebUiBuiltInKeywords.modifyObjectProperty(batchlength, "xpath", "equals", "//*[@id = "fldvendor" + row + ""]", true): Modify property of object successfully

2018-05-15 19:06:56 - [MESSAGE][PASSED] - Modify property of object successfully

2018-05-15 19:06:56 - [TEST_STEP][PASSED] - Statement - batchsize = com.kms.katalon.core.webui.keyword.WebUiBuiltInKeywords.getNumberOfTotalOption(batchlength): 4 options of object '' counted

2018-05-15 19:06:57 - [MESSAGE][PASSED] - 4 options of object '' counted

2018-05-15 19:06:57 - [TEST_STEP][PASSED] - Statement - out.println("BatchSize : " + batchsize): null

2018-05-15 19:06:57 - [TEST_STEP][PASSED] - Statement - For ([n = 1, n <= batchsize - 1, (n++)]): null

2018-05-15 19:06:57 - [TEST_STEP][PASSED] - Statement - product = new com.kms.katalon.core.testobject.TestObject(): null

2018-05-15 19:06:57 - [TEST_STEP][PASSED] - Statement - product = com.kms.katalon.core.webui.keyword.WebUiBuiltInKeywords.modifyObjectProperty(product, "xpath", "equals", "//*[@id = "fldvendor" + row + ""]", true): Modify property of object successfully

2018-05-15 19:06:57 - [MESSAGE][PASSED] - Modify property of object successfully

2018-05-15 19:06:57 - [TEST_STEP][PASSED] - selectOptionByIndex: All options with index in [1] are selected on object ''

2018-05-15 19:06:57 - [MESSAGE][PASSED] - All options with index in [1] are selected on object ''

2018-05-15 19:06:57 - [TEST_STEP][PASSED] - Statement - batch = new com.kms.katalon.core.testobject.TestObject(): null

2018-05-15 19:06:57 - [TEST_STEP][PASSED] - Statement - batch = com.kms.katalon.core.webui.keyword.WebUiBuiltInKeywords.modifyObjectProperty(batch, "xpath", "equals", "//*[@id = "txtbthqty" + row + ""]", true): Modify property of object successfully

2018-05-15 19:06:57 - [MESSAGE][PASSED] - Modify property of object successfully

2018-05-15 19:06:57 - [TEST_STEP][PASSED] - Statement - batchqty = com.kms.katalon.core.webui.keyword.WebUiBuiltInKeywords.getAttribute(batch, "value").trim(): Attribute 'value' of object '' is: '5000'

2018-05-15 19:06:57 - [MESSAGE][PASSED] - Attribute 'value' of object '' is: '5000'

2018-05-15 19:06:57 - [TEST_STEP][PASSED] - Statement - Rqty = 10000: null

2018-05-15 19:06:57 - [TEST_STEP][PASSED] - delay: Delayed 2 second(s)

2018-05-15 19:06:59 - [MESSAGE][PASSED] - Delayed 2 second(s)

2018-05-15 19:06:59 - [TEST_STEP][PASSED] - Statement - out.println("BatchQty : " + batchqty): null

2018-05-15 19:06:59 - [TEST_STEP][PASSED] - Statement - out.println("RQty : " + Rqty): null

2018-05-15 19:06:59 - [TEST_STEP][PASSED] - Statement - If (java.lang.Integer.valueOf(batchqty) >= java.lang.Integer.valueOf(Rqty)): null

2018-05-15 19:06:59 - [TEST_STEP][PASSED] - Statement - Else: null

2018-05-15 19:06:59 - [TEST_STEP][PASSED] - Statement - out.println("Batchqty Is Less Than Rqty"): null

2018-05-15 19:06:59 - [TEST_STEP][PASSED] - Statement - product = new com.kms.katalon.core.testobject.TestObject(): null

2018-05-15 19:06:59 - [TEST_STEP][PASSED] - Statement - product = com.kms.katalon.core.webui.keyword.WebUiBuiltInKeywords.modifyObjectProperty(product, "xpath", "equals", "//*[@id = "fldvendor" + row + ""]", true): Modify property of object successfully

2018-05-15 19:06:59 - [MESSAGE][PASSED] - Modify property of object successfully

2018-05-15 19:06:59 - [TEST_STEP][PASSED] - selectOptionByIndex: All options with index in [2] are selected on object ''

2018-05-15 19:06:59 - [MESSAGE][PASSED] - All options with index in [2] are selected on object ''

2018-05-15 19:06:59 - [TEST_STEP][PASSED] - Statement - batch = new com.kms.katalon.core.testobject.TestObject(): null

2018-05-15 19:06:59 - [TEST_STEP][PASSED] - Statement - batch = com.kms.katalon.core.webui.keyword.WebUiBuiltInKeywords.modifyObjectProperty(batch, "xpath", "equals", "//*[@id = "txtbthqty" + row + ""]", true): Modify property of object successfully

2018-05-15 19:06:59 - [MESSAGE][PASSED] - Modify property of object successfully

2018-05-15 19:06:59 - [TEST_STEP][PASSED] - Statement - batchqty = com.kms.katalon.core.webui.keyword.WebUiBuiltInKeywords.getAttribute(batch, "value").trim(): Attribute 'value' of object '' is: '200'

2018-05-15 19:06:59 - [MESSAGE][PASSED] - Attribute 'value' of object '' is: '200'

2018-05-15 19:06:59 - [TEST_STEP][PASSED] - Statement - Rqty = 10000: null

2018-05-15 19:06:59 - [TEST_STEP][PASSED] - delay: Delayed 2 second(s)

2018-05-15 19:07:01 - [MESSAGE][PASSED] - Delayed 2 second(s)

2018-05-15 19:07:01 - [TEST_STEP][PASSED] - Statement - out.println("BatchQty : " + batchqty): null

2018-05-15 19:07:01 - [TEST_STEP][PASSED] - Statement - out.println("RQty : " + Rqty): null

2018-05-15 19:07:01 - [TEST_STEP][PASSED] - Statement - If (java.lang.Integer.valueOf(batchqty) >= java.lang.Integer.valueOf(Rqty)): null

2018-05-15 19:07:01 - [TEST_STEP][PASSED] - Statement - Else: null

2018-05-15 19:07:01 - [TEST_STEP][PASSED] - Statement - out.println("Batchqty Is Less Than Rqty"): null

2018-05-15 19:07:01 - [TEST_STEP][PASSED] - Statement - product = new com.kms.katalon.core.testobject.TestObject(): null

2018-05-15 19:07:01 - [TEST_STEP][PASSED] - Statement - product = com.kms.katalon.core.webui.keyword.WebUiBuiltInKeywords.modifyObjectProperty(product, "xpath", "equals", "//*[@id = "fldvendor" + row + ""]", true): Modify property of object successfully

2018-05-15 19:07:01 - [MESSAGE][PASSED] - Modify property of object successfully

2018-05-15 19:07:01 - [TEST_STEP][PASSED] - selectOptionByIndex: All options with index in [3] are selected on object ''

2018-05-15 19:07:01 - [MESSAGE][PASSED] - All options with index in [3] are selected on object ''

2018-05-15 19:07:01 - [TEST_STEP][PASSED] - Statement - batch = new com.kms.katalon.core.testobject.TestObject(): null

2018-05-15 19:07:01 - [TEST_STEP][PASSED] - Statement - batch = com.kms.katalon.core.webui.keyword.WebUiBuiltInKeywords.modifyObjectProperty(batch, "xpath", "equals", "//*[@id = "txtbthqty" + row + ""]", true): Modify property of object successfully

2018-05-15 19:07:01 - [MESSAGE][PASSED] - Modify property of object successfully

2018-05-15 19:07:01 - [TEST_STEP][PASSED] - Statement - batchqty = com.kms.katalon.core.webui.keyword.WebUiBuiltInKeywords.getAttribute(batch, "value").trim(): Attribute 'value' of object '' is: '5000'

2018-05-15 19:07:01 - [MESSAGE][PASSED] - Attribute 'value' of object '' is: '5000'

2018-05-15 19:07:01 - [TEST_STEP][PASSED] - Statement - Rqty = 10000: null

2018-05-15 19:07:01 - [TEST_STEP][PASSED] - delay: Delayed 2 second(s)

2018-05-15 19:07:03 - [MESSAGE][PASSED] - Delayed 2 second(s)

2018-05-15 19:07:03 - [TEST_STEP][PASSED] - Statement - out.println("BatchQty : " + batchqty): null

2018-05-15 19:07:03 - [TEST_STEP][PASSED] - Statement - out.println("RQty : " + Rqty): null

2018-05-15 19:07:03 - [TEST_STEP][PASSED] - Statement - If (java.lang.Integer.valueOf(batchqty) >= java.lang.Integer.valueOf(Rqty)): null

2018-05-15 19:07:03 - [TEST_STEP][PASSED] - Statement - Else: null

2018-05-15 19:07:03 - [TEST_STEP][PASSED] - Statement - out.println("Batchqty Is Less Than Rqty"): null

2018-05-15 19:07:03 - [TEST_STEP][PASSED] - Statement - batchlength = new com.kms.katalon.core.testobject.TestObject(): null

2018-05-15 19:07:03 - [TEST_STEP][PASSED] - Statement - batchlength = com.kms.katalon.core.webui.keyword.WebUiBuiltInKeywords.modifyObjectProperty(batchlength, "xpath", "equals", "//*[@id = "fldvendor" + row + ""]", true): Modify property of object successfully

2018-05-15 19:07:03 - [MESSAGE][PASSED] - Modify property of object successfully

2018-05-15 19:07:03 - [TEST_STEP][PASSED] - Statement - batchsize = com.kms.katalon.core.webui.keyword.WebUiBuiltInKeywords.getNumberOfTotalOption(batchlength): 6 options of object '' counted

2018-05-15 19:07:03 - [MESSAGE][PASSED] - 6 options of object '' counted

2018-05-15 19:07:03 - [TEST_STEP][PASSED] - Statement - out.println("BatchSize : " + batchsize): null

2018-05-15 19:07:03 - [TEST_STEP][PASSED] - Statement - For ([n = 1, n <= batchsize - 1, (n++)]): null

2018-05-15 19:07:03 - [TEST_STEP][PASSED] - Statement - product = new com.kms.katalon.core.testobject.TestObject(): null

2018-05-15 19:07:03 - [TEST_STEP][PASSED] - Statement - product = com.kms.katalon.core.webui.keyword.WebUiBuiltInKeywords.modifyObjectProperty(product, "xpath", "equals", "//*[@id = "fldvendor" + row + ""]", true): Modify property of object successfully

2018-05-15 19:07:03 - [MESSAGE][PASSED] - Modify property of object successfully

2018-05-15 19:07:03 - [TEST_STEP][PASSED] - selectOptionByIndex: All options with index in [1] are selected on object ''

2018-05-15 19:07:03 - [MESSAGE][PASSED] - All options with index in [1] are selected on object ''

2018-05-15 19:07:03 - [TEST_STEP][PASSED] - Statement - batch = new com.kms.katalon.core.testobject.TestObject(): null

2018-05-15 19:07:03 - [TEST_STEP][PASSED] - Statement - batch = com.kms.katalon.core.webui.keyword.WebUiBuiltInKeywords.modifyObjectProperty(batch, "xpath", "equals", "//*[@id = "txtbthqty" + row + ""]", true): Modify property of object successfully

2018-05-15 19:07:03 - [MESSAGE][PASSED] - Modify property of object successfully

2018-05-15 19:07:03 - [TEST_STEP][PASSED] - Statement - batchqty = com.kms.katalon.core.webui.keyword.WebUiBuiltInKeywords.getAttribute(batch, "value").trim(): Attribute 'value' of object '' is: '150000'

2018-05-15 19:07:03 - [MESSAGE][PASSED] - Attribute 'value' of object '' is: '150000'

2018-05-15 19:07:03 - [TEST_STEP][PASSED] - Statement - Rqty = 10000: null

2018-05-15 19:07:03 - [TEST_STEP][PASSED] - delay: Delayed 2 second(s)

2018-05-15 19:07:05 - [MESSAGE][PASSED] - Delayed 2 second(s)

2018-05-15 19:07:05 - [TEST_STEP][PASSED] - Statement - out.println("BatchQty : " + batchqty): null

2018-05-15 19:07:05 - [TEST_STEP][PASSED] - Statement - out.println("RQty : " + Rqty): null

2018-05-15 19:07:05 - [TEST_STEP][PASSED] - Statement - If (java.lang.Integer.valueOf(batchqty) >= java.lang.Integer.valueOf(Rqty)): null

2018-05-15 19:07:05 - [TEST_STEP][PASSED] - Statement - Break: null

2018-05-15 19:07:05 - [TEST_STEP][PASSED] - Statement - batchlength = new com.kms.katalon.core.testobject.TestObject(): null

2018-05-15 19:07:05 - [TEST_STEP][PASSED] - Statement - batchlength = com.kms.katalon.core.webui.keyword.WebUiBuiltInKeywords.modifyObjectProperty(batchlength, "xpath", "equals", "//*[@id = "fldvendor" + row + ""]", true): Modify property of object successfully

2018-05-15 19:07:05 - [MESSAGE][PASSED] - Modify property of object successfully

2018-05-15 19:07:05 - [TEST_STEP][PASSED] - Statement - batchsize = com.kms.katalon.core.webui.keyword.WebUiBuiltInKeywords.getNumberOfTotalOption(batchlength): 6 options of object '' counted

2018-05-15 19:07:05 - [MESSAGE][PASSED] - 6 options of object '' counted

2018-05-15 19:07:05 - [TEST_STEP][PASSED] - Statement - out.println("BatchSize : " + batchsize): null

2018-05-15 19:07:05 - [TEST_STEP][PASSED] - Statement - For ([n = 1, n <= batchsize - 1, (n++)]): null

2018-05-15 19:07:05 - [TEST_STEP][PASSED] - Statement - product = new com.kms.katalon.core.testobject.TestObject(): null

2018-05-15 19:07:05 - [TEST_STEP][PASSED] - Statement - product = com.kms.katalon.core.webui.keyword.WebUiBuiltInKeywords.modifyObjectProperty(product, "xpath", "equals", "//*[@id = "fldvendor" + row + ""]", true): Modify property of object successfully

2018-05-15 19:07:05 - [MESSAGE][PASSED] - Modify property of object successfully

2018-05-15 19:07:06 - [TEST_STEP][PASSED] - selectOptionByIndex: All options with index in [1] are selected on object ''

2018-05-15 19:07:06 - [MESSAGE][PASSED] - All options with index in [1] are selected on object ''

2018-05-15 19:07:06 - [TEST_STEP][PASSED] - Statement - batch = new com.kms.katalon.core.testobject.TestObject(): null

2018-05-15 19:07:06 - [TEST_STEP][PASSED] - Statement - batch = com.kms.katalon.core.webui.keyword.WebUiBuiltInKeywords.modifyObjectProperty(batch, "xpath", "equals", "//*[@id = "txtbthqty" + row + ""]", true): Modify property of object successfully

2018-05-15 19:07:06 - [MESSAGE][PASSED] - Modify property of object successfully

2018-05-15 19:07:06 - [TEST_STEP][PASSED] - Statement - batchqty = com.kms.katalon.core.webui.keyword.WebUiBuiltInKeywords.getAttribute(batch, "value").trim(): Attribute 'value' of object '' is: '5000'

2018-05-15 19:07:06 - [MESSAGE][PASSED] - Attribute 'value' of object '' is: '5000'

2018-05-15 19:07:06 - [TEST_STEP][PASSED] - Statement - Rqty = 10000: null

2018-05-15 19:07:06 - [TEST_STEP][PASSED] - delay: Delayed 2 second(s)

2018-05-15 19:07:08 - [MESSAGE][PASSED] - Delayed 2 second(s)

2018-05-15 19:07:08 - [TEST_STEP][PASSED] - Statement - out.println("BatchQty : " + batchqty): null

2018-05-15 19:07:08 - [TEST_STEP][PASSED] - Statement - out.println("RQty : " + Rqty): null

2018-05-15 19:07:08 - [TEST_STEP][PASSED] - Statement - If (java.lang.Integer.valueOf(batchqty) >= java.lang.Integer.valueOf(Rqty)): null

2018-05-15 19:07:08 - [TEST_STEP][PASSED] - Statement - Else: null

2018-05-15 19:07:08 - [TEST_STEP][PASSED] - Statement - out.println("Batchqty Is Less Than Rqty"): null

2018-05-15 19:07:08 - [TEST_STEP][PASSED] - Statement - product = new com.kms.katalon.core.testobject.TestObject(): null

2018-05-15 19:07:08 - [TEST_STEP][PASSED] - Statement - product = com.kms.katalon.core.webui.keyword.WebUiBuiltInKeywords.modifyObjectProperty(product, "xpath", "equals", "//*[@id = "fldvendor" + row + ""]", true): Modify property of object successfully

2018-05-15 19:07:08 - [MESSAGE][PASSED] - Modify property of object successfully

2018-05-15 19:07:08 - [TEST_STEP][PASSED] - selectOptionByIndex: All options with index in [2] are selected on object ''

2018-05-15 19:07:08 - [MESSAGE][PASSED] - All options with index in [2] are selected on object ''

2018-05-15 19:07:08 - [TEST_STEP][PASSED] - Statement - batch = new com.kms.katalon.core.testobject.TestObject(): null

2018-05-15 19:07:08 - [TEST_STEP][PASSED] - Statement - batch = com.kms.katalon.core.webui.keyword.WebUiBuiltInKeywords.modifyObjectProperty(batch, "xpath", "equals", "//*[@id = "txtbthqty" + row + ""]", true): Modify property of object successfully

2018-05-15 19:07:08 - [MESSAGE][PASSED] - Modify property of object successfully

2018-05-15 19:07:08 - [TEST_STEP][PASSED] - Statement - batchqty = com.kms.katalon.core.webui.keyword.WebUiBuiltInKeywords.getAttribute(batch, "value").trim(): Attribute 'value' of object '' is: '400'

2018-05-15 19:07:08 - [MESSAGE][PASSED] - Attribute 'value' of object '' is: '400'

2018-05-15 19:07:08 - [TEST_STEP][PASSED] - Statement - Rqty = 10000: null

2018-05-15 19:07:08 - [TEST_STEP][PASSED] - delay: Delayed 2 second(s)

2018-05-15 19:07:10 - [MESSAGE][PASSED] - Delayed 2 second(s)

2018-05-15 19:07:10 - [TEST_STEP][PASSED] - Statement - out.println("BatchQty : " + batchqty): null

2018-05-15 19:07:10 - [TEST_STEP][PASSED] - Statement - out.println("RQty : " + Rqty): null

2018-05-15 19:07:10 - [TEST_STEP][PASSED] - Statement - If (java.lang.Integer.valueOf(batchqty) >= java.lang.Integer.valueOf(Rqty)): null

2018-05-15 19:07:10 - [TEST_STEP][PASSED] - Statement - Else: null

2018-05-15 19:07:10 - [TEST_STEP][PASSED] - Statement - out.println("Batchqty Is Less Than Rqty"): null

2018-05-15 19:07:10 - [TEST_STEP][PASSED] - Statement - product = new com.kms.katalon.core.testobject.TestObject(): null

2018-05-15 19:07:10 - [TEST_STEP][PASSED] - Statement - product = com.kms.katalon.core.webui.keyword.WebUiBuiltInKeywords.modifyObjectProperty(product, "xpath", "equals", "//*[@id = "fldvendor" + row + ""]", true): Modify property of object successfully

2018-05-15 19:07:10 - [MESSAGE][PASSED] - Modify property of object successfully

2018-05-15 19:07:10 - [TEST_STEP][PASSED] - selectOptionByIndex: All options with index in [3] are selected on object ''

2018-05-15 19:07:10 - [MESSAGE][PASSED] - All options with index in [3] are selected on object ''

2018-05-15 19:07:10 - [TEST_STEP][PASSED] - Statement - batch = new com.kms.katalon.core.testobject.TestObject(): null

2018-05-15 19:07:10 - [TEST_STEP][PASSED] - Statement - batch = com.kms.katalon.core.webui.keyword.WebUiBuiltInKeywords.modifyObjectProperty(batch, "xpath", "equals", "//*[@id = "txtbthqty" + row + ""]", true): Modify property of object successfully

2018-05-15 19:07:10 - [MESSAGE][PASSED] - Modify property of object successfully

2018-05-15 19:07:10 - [TEST_STEP][PASSED] - Statement - batchqty = com.kms.katalon.core.webui.keyword.WebUiBuiltInKeywords.getAttribute(batch, "value").trim(): Attribute 'value' of object '' is: '200'

2018-05-15 19:07:10 - [MESSAGE][PASSED] - Attribute 'value' of object '' is: '200'

2018-05-15 19:07:10 - [TEST_STEP][PASSED] - Statement - Rqty = 10000: null

2018-05-15 19:07:10 - [TEST_STEP][PASSED] - delay: Delayed 2 second(s)

2018-05-15 19:07:12 - [MESSAGE][PASSED] - Delayed 2 second(s)

2018-05-15 19:07:12 - [TEST_STEP][PASSED] - Statement - out.println("BatchQty : " + batchqty): null

2018-05-15 19:07:12 - [TEST_STEP][PASSED] - Statement - out.println("RQty : " + Rqty): null

2018-05-15 19:07:12 - [TEST_STEP][PASSED] - Statement - If (java.lang.Integer.valueOf(batchqty) >= java.lang.Integer.valueOf(Rqty)): null

2018-05-15 19:07:12 - [TEST_STEP][PASSED] - Statement - Else: null

2018-05-15 19:07:12 - [TEST_STEP][PASSED] - Statement - out.println("Batchqty Is Less Than Rqty"): null

2018-05-15 19:07:12 - [TEST_STEP][PASSED] - Statement - product = new com.kms.katalon.core.testobject.TestObject(): null

2018-05-15 19:07:12 - [TEST_STEP][PASSED] - Statement - product = com.kms.katalon.core.webui.keyword.WebUiBuiltInKeywords.modifyObjectProperty(product, "xpath", "equals", "//*[@id = "fldvendor" + row + ""]", true): Modify property of object successfully

2018-05-15 19:07:12 - [MESSAGE][PASSED] - Modify property of object successfully

2018-05-15 19:07:12 - [TEST_STEP][PASSED] - selectOptionByIndex: All options with index in [4] are selected on object ''

2018-05-15 19:07:12 - [MESSAGE][PASSED] - All options with index in [4] are selected on object ''

2018-05-15 19:07:12 - [TEST_STEP][PASSED] - Statement - batch = new com.kms.katalon.core.testobject.TestObject(): null

2018-05-15 19:07:12 - [TEST_STEP][PASSED] - Statement - batch = com.kms.katalon.core.webui.keyword.WebUiBuiltInKeywords.modifyObjectProperty(batch, "xpath", "equals", "//*[@id = "txtbthqty" + row + ""]", true): Modify property of object successfully

2018-05-15 19:07:12 - [MESSAGE][PASSED] - Modify property of object successfully

2018-05-15 19:07:12 - [TEST_STEP][PASSED] - Statement - batchqty = com.kms.katalon.core.webui.keyword.WebUiBuiltInKeywords.getAttribute(batch, "value").trim(): Attribute 'value' of object '' is: '150000'

2018-05-15 19:07:12 - [MESSAGE][PASSED] - Attribute 'value' of object '' is: '150000'

2018-05-15 19:07:12 - [TEST_STEP][PASSED] - Statement - Rqty = 10000: null

2018-05-15 19:07:12 - [TEST_STEP][PASSED] - delay: Delayed 2 second(s)

2018-05-15 19:07:14 - [MESSAGE][PASSED] - Delayed 2 second(s)

2018-05-15 19:07:14 - [TEST_STEP][PASSED] - Statement - out.println("BatchQty : " + batchqty): null

2018-05-15 19:07:14 - [TEST_STEP][PASSED] - Statement - out.println("RQty : " + Rqty): null

2018-05-15 19:07:14 - [TEST_STEP][PASSED] - Statement - If (java.lang.Integer.valueOf(batchqty) >= java.lang.Integer.valueOf(Rqty)): null

2018-05-15 19:07:14 - [TEST_STEP][PASSED] - Statement - Break: null

2018-05-15 19:07:14 - [TEST_STEP][PASSED] - Statement - batchlength = new com.kms.katalon.core.testobject.TestObject(): null

2018-05-15 19:07:14 - [TEST_STEP][PASSED] - Statement - batchlength = com.kms.katalon.core.webui.keyword.WebUiBuiltInKeywords.modifyObjectProperty(batchlength, "xpath", "equals", "//*[@id = "fldvendor" + row + ""]", true): Modify property of object successfully

2018-05-15 19:07:14 - [MESSAGE][PASSED] - Modify property of object successfully

2018-05-15 19:07:14 - [TEST_STEP][PASSED] - Statement - batchsize = com.kms.katalon.core.webui.keyword.WebUiBuiltInKeywords.getNumberOfTotalOption(batchlength): 6 options of object '' counted

2018-05-15 19:07:14 - [MESSAGE][PASSED] - 6 options of object '' counted

2018-05-15 19:07:14 - [TEST_STEP][PASSED] - Statement - out.println("BatchSize : " + batchsize): null

2018-05-15 19:07:14 - [TEST_STEP][PASSED] - Statement - For ([n = 1, n <= batchsize - 1, (n++)]): null

2018-05-15 19:07:14 - [TEST_STEP][PASSED] - Statement - product = new com.kms.katalon.core.testobject.TestObject(): null

2018-05-15 19:07:14 - [TEST_STEP][PASSED] - Statement - product = com.kms.katalon.core.webui.keyword.WebUiBuiltInKeywords.modifyObjectProperty(product, "xpath", "equals", "//*[@id = "fldvendor" + row + ""]", true): Modify property of object successfully

2018-05-15 19:07:14 - [MESSAGE][PASSED] - Modify property of object successfully

2018-05-15 19:07:14 - [TEST_STEP][PASSED] - selectOptionByIndex: All options with index in [1] are selected on object ''

2018-05-15 19:07:15 - [MESSAGE][PASSED] - All options with index in [1] are selected on object ''

2018-05-15 19:07:15 - [TEST_STEP][PASSED] - Statement - batch = new com.kms.katalon.core.testobject.TestObject(): null

2018-05-15 19:07:15 - [TEST_STEP][PASSED] - Statement - batch = com.kms.katalon.core.webui.keyword.WebUiBuiltInKeywords.modifyObjectProperty(batch, "xpath", "equals", "//*[@id = "txtbthqty" + row + ""]", true): Modify property of object successfully

2018-05-15 19:07:15 - [MESSAGE][PASSED] - Modify property of object successfully

2018-05-15 19:07:15 - [TEST_STEP][PASSED] - Statement - batchqty = com.kms.katalon.core.webui.keyword.WebUiBuiltInKeywords.getAttribute(batch, "value").trim(): Attribute 'value' of object '' is: '400'

2018-05-15 19:07:15 - [MESSAGE][PASSED] - Attribute 'value' of object '' is: '400'

2018-05-15 19:07:15 - [TEST_STEP][PASSED] - Statement - Rqty = 10000: null

2018-05-15 19:07:15 - [TEST_STEP][PASSED] - delay: Delayed 2 second(s)

2018-05-15 19:07:17 - [MESSAGE][PASSED] - Delayed 2 second(s)

2018-05-15 19:07:17 - [TEST_STEP][PASSED] - Statement - out.println("BatchQty : " + batchqty): null

2018-05-15 19:07:17 - [TEST_STEP][PASSED] - Statement - out.println("RQty : " + Rqty): null

2018-05-15 19:07:17 - [TEST_STEP][PASSED] - Statement - If (java.lang.Integer.valueOf(batchqty) >= java.lang.Integer.valueOf(Rqty)): null

2018-05-15 19:07:17 - [TEST_STEP][PASSED] - Statement - Else: null

2018-05-15 19:07:17 - [TEST_STEP][PASSED] - Statement - out.println("Batchqty Is Less Than Rqty"): null

2018-05-15 19:07:17 - [TEST_STEP][PASSED] - Statement - product = new com.kms.katalon.core.testobject.TestObject(): null

2018-05-15 19:07:17 - [TEST_STEP][PASSED] - Statement - product = com.kms.katalon.core.webui.keyword.WebUiBuiltInKeywords.modifyObjectProperty(product, "xpath", "equals", "//*[@id = "fldvendor" + row + ""]", true): Modify property of object successfully

2018-05-15 19:07:17 - [MESSAGE][PASSED] - Modify property of object successfully

2018-05-15 19:07:17 - [TEST_STEP][PASSED] - selectOptionByIndex: All options with index in [2] are selected on object ''

2018-05-15 19:07:17 - [MESSAGE][PASSED] - All options with index in [2] are selected on object ''

2018-05-15 19:07:17 - [TEST_STEP][PASSED] - Statement - batch = new com.kms.katalon.core.testobject.TestObject(): null

2018-05-15 19:07:17 - [TEST_STEP][PASSED] - Statement - batch = com.kms.katalon.core.webui.keyword.WebUiBuiltInKeywords.modifyObjectProperty(batch, "xpath", "equals", "//*[@id = "txtbthqty" + row + ""]", true): Modify property of object successfully

2018-05-15 19:07:17 - [MESSAGE][PASSED] - Modify property of object successfully

2018-05-15 19:07:17 - [TEST_STEP][PASSED] - Statement - batchqty = com.kms.katalon.core.webui.keyword.WebUiBuiltInKeywords.getAttribute(batch, "value").trim(): Attribute 'value' of object '' is: '5000'

2018-05-15 19:07:17 - [MESSAGE][PASSED] - Attribute 'value' of object '' is: '5000'

2018-05-15 19:07:17 - [TEST_STEP][PASSED] - Statement - Rqty = 10000: null

2018-05-15 19:07:17 - [TEST_STEP][PASSED] - delay: Delayed 2 second(s)

2018-05-15 19:07:19 - [MESSAGE][PASSED] - Delayed 2 second(s)

2018-05-15 19:07:19 - [TEST_STEP][PASSED] - Statement - out.println("BatchQty : " + batchqty): null

2018-05-15 19:07:19 - [TEST_STEP][PASSED] - Statement - out.println("RQty : " + Rqty): null

2018-05-15 19:07:19 - [TEST_STEP][PASSED] - Statement - If (java.lang.Integer.valueOf(batchqty) >= java.lang.Integer.valueOf(Rqty)): null

2018-05-15 19:07:19 - [TEST_STEP][PASSED] - Statement - Else: null

2018-05-15 19:07:19 - [TEST_STEP][PASSED] - Statement - out.println("Batchqty Is Less Than Rqty"): null

2018-05-15 19:07:19 - [TEST_STEP][PASSED] - Statement - product = new com.kms.katalon.core.testobject.TestObject(): null

2018-05-15 19:07:19 - [TEST_STEP][PASSED] - Statement - product = com.kms.katalon.core.webui.keyword.WebUiBuiltInKeywords.modifyObjectProperty(product, "xpath", "equals", "//*[@id = "fldvendor" + row + ""]", true): Modify property of object successfully

2018-05-15 19:07:19 - [MESSAGE][PASSED] - Modify property of object successfully

2018-05-15 19:07:19 - [TEST_STEP][PASSED] - selectOptionByIndex: All options with index in [3] are selected on object ''

2018-05-15 19:07:19 - [MESSAGE][PASSED] - All options with index in [3] are selected on object ''

2018-05-15 19:07:19 - [TEST_STEP][PASSED] - Statement - batch = new com.kms.katalon.core.testobject.TestObject(): null

2018-05-15 19:07:19 - [TEST_STEP][PASSED] - Statement - batch = com.kms.katalon.core.webui.keyword.WebUiBuiltInKeywords.modifyObjectProperty(batch, "xpath", "equals", "//*[@id = "txtbthqty" + row + ""]", true): Modify property of object successfully

2018-05-15 19:07:19 - [MESSAGE][PASSED] - Modify property of object successfully

2018-05-15 19:07:19 - [TEST_STEP][PASSED] - Statement - batchqty = com.kms.katalon.core.webui.keyword.WebUiBuiltInKeywords.getAttribute(batch, "value").trim(): Attribute 'value' of object '' is: '200'

2018-05-15 19:07:19 - [MESSAGE][PASSED] - Attribute 'value' of object '' is: '200'

2018-05-15 19:07:19 - [TEST_STEP][PASSED] - Statement - Rqty = 10000: null

2018-05-15 19:07:19 - [TEST_STEP][PASSED] - delay: Delayed 2 second(s)

2018-05-15 19:07:21 - [MESSAGE][PASSED] - Delayed 2 second(s)

2018-05-15 19:07:21 - [TEST_STEP][PASSED] - Statement - out.println("BatchQty : " + batchqty): null

2018-05-15 19:07:21 - [TEST_STEP][PASSED] - Statement - out.println("RQty : " + Rqty): null

2018-05-15 19:07:21 - [TEST_STEP][PASSED] - Statement - If (java.lang.Integer.valueOf(batchqty) >= java.lang.Integer.valueOf(Rqty)): null

2018-05-15 19:07:21 - [TEST_STEP][PASSED] - Statement - Else: null

2018-05-15 19:07:21 - [TEST_STEP][PASSED] - Statement - out.println("Batchqty Is Less Than Rqty"): null

2018-05-15 19:07:21 - [TEST_STEP][PASSED] - Statement - product = new com.kms.katalon.core.testobject.TestObject(): null

2018-05-15 19:07:21 - [TEST_STEP][PASSED] - Statement - product = com.kms.katalon.core.webui.keyword.WebUiBuiltInKeywords.modifyObjectProperty(product, "xpath", "equals", "//*[@id = "fldvendor" + row + ""]", true): Modify property of object successfully

2018-05-15 19:07:21 - [MESSAGE][PASSED] - Modify property of object successfully

2018-05-15 19:07:21 - [TEST_STEP][PASSED] - selectOptionByIndex: All options with index in [4] are selected on object ''

2018-05-15 19:07:21 - [MESSAGE][PASSED] - All options with index in [4] are selected on object ''

2018-05-15 19:07:21 - [TEST_STEP][PASSED] - Statement - batch = new com.kms.katalon.core.testobject.TestObject(): null

2018-05-15 19:07:21 - [TEST_STEP][PASSED] - Statement - batch = com.kms.katalon.core.webui.keyword.WebUiBuiltInKeywords.modifyObjectProperty(batch, "xpath", "equals", "//*[@id = "txtbthqty" + row + ""]", true): Modify property of object successfully

2018-05-15 19:07:21 - [MESSAGE][PASSED] - Modify property of object successfully

2018-05-15 19:07:21 - [TEST_STEP][PASSED] - Statement - batchqty = com.kms.katalon.core.webui.keyword.WebUiBuiltInKeywords.getAttribute(batch, "value").trim(): Attribute 'value' of object '' is: '150000'

2018-05-15 19:07:21 - [MESSAGE][PASSED] - Attribute 'value' of object '' is: '150000'

2018-05-15 19:07:21 - [TEST_STEP][PASSED] - Statement - Rqty = 10000: null

2018-05-15 19:07:21 - [TEST_STEP][PASSED] - delay: Delayed 2 second(s)

2018-05-15 19:07:23 - [MESSAGE][PASSED] - Delayed 2 second(s)

2018-05-15 19:07:23 - [TEST_STEP][PASSED] - Statement - out.println("BatchQty : " + batchqty): null

2018-05-15 19:07:23 - [TEST_STEP][PASSED] - Statement - out.println("RQty : " + Rqty): null

2018-05-15 19:07:23 - [TEST_STEP][PASSED] - Statement - If (java.lang.Integer.valueOf(batchqty) >= java.lang.Integer.valueOf(Rqty)): null

2018-05-15 19:07:23 - [TEST_STEP][PASSED] - Statement - Break: null

2018-05-15 19:07:23 - [TEST_STEP][PASSED] - Statement - batchlength = new com.kms.katalon.core.testobject.TestObject(): null

2018-05-15 19:07:23 - [TEST_STEP][PASSED] - Statement - batchlength = com.kms.katalon.core.webui.keyword.WebUiBuiltInKeywords.modifyObjectProperty(batchlength, "xpath", "equals", "//*[@id = "fldvendor" + row + ""]", true): Modify property of object successfully

2018-05-15 19:07:23 - [MESSAGE][PASSED] - Modify property of object successfully

2018-05-15 19:07:23 - [TEST_STEP][PASSED] - Statement - batchsize = com.kms.katalon.core.webui.keyword.WebUiBuiltInKeywords.getNumberOfTotalOption(batchlength): 6 options of object '' counted

2018-05-15 19:07:23 - [MESSAGE][PASSED] - 6 options of object '' counted

2018-05-15 19:07:23 - [TEST_STEP][PASSED] - Statement - out.println("BatchSize : " + batchsize): null

2018-05-15 19:07:23 - [TEST_STEP][PASSED] - Statement - For ([n = 1, n <= batchsize - 1, (n++)]): null

2018-05-15 19:07:23 - [TEST_STEP][PASSED] - Statement - product = new com.kms.katalon.core.testobject.TestObject(): null

2018-05-15 19:07:23 - [TEST_STEP][PASSED] - Statement - product = com.kms.katalon.core.webui.keyword.WebUiBuiltInKeywords.modifyObjectProperty(product, "xpath", "equals", "//*[@id = "fldvendor" + row + ""]", true): Modify property of object successfully

2018-05-15 19:07:23 - [MESSAGE][PASSED] - Modify property of object successfully

2018-05-15 19:07:23 - [TEST_STEP][PASSED] - selectOptionByIndex: All options with index in [1] are selected on object ''

2018-05-15 19:07:23 - [MESSAGE][PASSED] - All options with index in [1] are selected on object ''

2018-05-15 19:07:23 - [TEST_STEP][PASSED] - Statement - batch = new com.kms.katalon.core.testobject.TestObject(): null

2018-05-15 19:07:23 - [TEST_STEP][PASSED] - Statement - batch = com.kms.katalon.core.webui.keyword.WebUiBuiltInKeywords.modifyObjectProperty(batch, "xpath", "equals", "//*[@id = "txtbthqty" + row + ""]", true): Modify property of object successfully

2018-05-15 19:07:23 - [MESSAGE][PASSED] - Modify property of object successfully

2018-05-15 19:07:23 - [TEST_STEP][PASSED] - Statement - batchqty = com.kms.katalon.core.webui.keyword.WebUiBuiltInKeywords.getAttribute(batch, "value").trim(): Attribute 'value' of object '' is: '5000'

2018-05-15 19:07:23 - [MESSAGE][PASSED] - Attribute 'value' of object '' is: '5000'

2018-05-15 19:07:23 - [TEST_STEP][PASSED] - Statement - Rqty = 10000: null

2018-05-15 19:07:23 - [TEST_STEP][PASSED] - delay: Delayed 2 second(s)

2018-05-15 19:07:25 - [MESSAGE][PASSED] - Delayed 2 second(s)

2018-05-15 19:07:25 - [TEST_STEP][PASSED] - Statement - out.println("BatchQty : " + batchqty): null

2018-05-15 19:07:25 - [TEST_STEP][PASSED] - Statement - out.println("RQty : " + Rqty): null

2018-05-15 19:07:25 - [TEST_STEP][PASSED] - Statement - If (java.lang.Integer.valueOf(batchqty) >= java.lang.Integer.valueOf(Rqty)): null

2018-05-15 19:07:25 - [TEST_STEP][PASSED] - Statement - Else: null

2018-05-15 19:07:25 - [TEST_STEP][PASSED] - Statement - out.println("Batchqty Is Less Than Rqty"): null

2018-05-15 19:07:25 - [TEST_STEP][PASSED] - Statement - product = new com.kms.katalon.core.testobject.TestObject(): null

2018-05-15 19:07:25 - [TEST_STEP][PASSED] - Statement - product = com.kms.katalon.core.webui.keyword.WebUiBuiltInKeywords.modifyObjectProperty(product, "xpath", "equals", "//*[@id = "fldvendor" + row + ""]", true): Modify property of object successfully

2018-05-15 19:07:25 - [MESSAGE][PASSED] - Modify property of object successfully

2018-05-15 19:07:25 - [TEST_STEP][PASSED] - selectOptionByIndex: All options with index in [2] are selected on object ''

2018-05-15 19:07:26 - [MESSAGE][PASSED] - All options with index in [2] are selected on object ''

2018-05-15 19:07:26 - [TEST_STEP][PASSED] - Statement - batch = new com.kms.katalon.core.testobject.TestObject(): null

2018-05-15 19:07:26 - [TEST_STEP][PASSED] - Statement - batch = com.kms.katalon.core.webui.keyword.WebUiBuiltInKeywords.modifyObjectProperty(batch, "xpath", "equals", "//*[@id = "txtbthqty" + row + ""]", true): Modify property of object successfully

2018-05-15 19:07:26 - [MESSAGE][PASSED] - Modify property of object successfully

2018-05-15 19:07:26 - [TEST_STEP][PASSED] - Statement - batchqty = com.kms.katalon.core.webui.keyword.WebUiBuiltInKeywords.getAttribute(batch, "value").trim(): Attribute 'value' of object '' is: '200'

2018-05-15 19:07:26 - [MESSAGE][PASSED] - Attribute 'value' of object '' is: '200'

2018-05-15 19:07:26 - [TEST_STEP][PASSED] - Statement - Rqty = 10000: null

2018-05-15 19:07:26 - [TEST_STEP][PASSED] - delay: Delayed 2 second(s)

2018-05-15 19:07:28 - [MESSAGE][PASSED] - Delayed 2 second(s)

2018-05-15 19:07:28 - [TEST_STEP][PASSED] - Statement - out.println("BatchQty : " + batchqty): null

2018-05-15 19:07:28 - [TEST_STEP][PASSED] - Statement - out.println("RQty : " + Rqty): null

2018-05-15 19:07:28 - [TEST_STEP][PASSED] - Statement - If (java.lang.Integer.valueOf(batchqty) >= java.lang.Integer.valueOf(Rqty)): null

2018-05-15 19:07:28 - [TEST_STEP][PASSED] - Statement - Else: null

2018-05-15 19:07:28 - [TEST_STEP][PASSED] - Statement - out.println("Batchqty Is Less Than Rqty"): null

2018-05-15 19:07:28 - [TEST_STEP][PASSED] - Statement - product = new com.kms.katalon.core.testobject.TestObject(): null

2018-05-15 19:07:28 - [TEST_STEP][PASSED] - Statement - product = com.kms.katalon.core.webui.keyword.WebUiBuiltInKeywords.modifyObjectProperty(product, "xpath", "equals", "//*[@id = "fldvendor" + row + ""]", true): Modify property of object successfully

2018-05-15 19:07:28 - [MESSAGE][PASSED] - Modify property of object successfully

2018-05-15 19:07:28 - [TEST_STEP][PASSED] - selectOptionByIndex: All options with index in [3] are selected on object ''

2018-05-15 19:07:28 - [MESSAGE][PASSED] - All options with index in [3] are selected on object ''

2018-05-15 19:07:28 - [TEST_STEP][PASSED] - Statement - batch = new com.kms.katalon.core.testobject.TestObject(): null

2018-05-15 19:07:28 - [TEST_STEP][PASSED] - Statement - batch = com.kms.katalon.core.webui.keyword.WebUiBuiltInKeywords.modifyObjectProperty(batch, "xpath", "equals", "//*[@id = "txtbthqty" + row + ""]", true): Modify property of object successfully

2018-05-15 19:07:28 - [MESSAGE][PASSED] - Modify property of object successfully

2018-05-15 19:07:28 - [TEST_STEP][PASSED] - Statement - batchqty = com.kms.katalon.core.webui.keyword.WebUiBuiltInKeywords.getAttribute(batch, "value").trim(): Attribute 'value' of object '' is: '5000'

2018-05-15 19:07:28 - [MESSAGE][PASSED] - Attribute 'value' of object '' is: '5000'

2018-05-15 19:07:28 - [TEST_STEP][PASSED] - Statement - Rqty = 10000: null

2018-05-15 19:07:28 - [TEST_STEP][PASSED] - delay: Delayed 2 second(s)

2018-05-15 19:07:30 - [MESSAGE][PASSED] - Delayed 2 second(s)

2018-05-15 19:07:30 - [TEST_STEP][PASSED] - Statement - out.println("BatchQty : " + batchqty): null

2018-05-15 19:07:30 - [TEST_STEP][PASSED] - Statement - out.println("RQty : " + Rqty): null

2018-05-15 19:07:30 - [TEST_STEP][PASSED] - Statement - If (java.lang.Integer.valueOf(batchqty) >= java.lang.Integer.valueOf(Rqty)): null

2018-05-15 19:07:30 - [TEST_STEP][PASSED] - Statement - Else: null

2018-05-15 19:07:30 - [TEST_STEP][PASSED] - Statement - out.println("Batchqty Is Less Than Rqty"): null

2018-05-15 19:07:30 - [TEST_STEP][PASSED] - Statement - product = new com.kms.katalon.core.testobject.TestObject(): null

2018-05-15 19:07:30 - [TEST_STEP][PASSED] - Statement - product = com.kms.katalon.core.webui.keyword.WebUiBuiltInKeywords.modifyObjectProperty(product, "xpath", "equals", "//*[@id = "fldvendor" + row + ""]", true): Modify property of object successfully

2018-05-15 19:07:30 - [MESSAGE][PASSED] - Modify property of object successfully

2018-05-15 19:07:30 - [TEST_STEP][PASSED] - selectOptionByIndex: All options with index in [4] are selected on object ''

2018-05-15 19:07:30 - [MESSAGE][PASSED] - All options with index in [4] are selected on object ''

2018-05-15 19:07:30 - [TEST_STEP][PASSED] - Statement - batch = new com.kms.katalon.core.testobject.TestObject(): null

2018-05-15 19:07:30 - [TEST_STEP][PASSED] - Statement - batch = com.kms.katalon.core.webui.keyword.WebUiBuiltInKeywords.modifyObjectProperty(batch, "xpath", "equals", "//*[@id = "txtbthqty" + row + ""]", true): Modify property of object successfully

2018-05-15 19:07:30 - [MESSAGE][PASSED] - Modify property of object successfully

2018-05-15 19:07:30 - [TEST_STEP][PASSED] - Statement - batchqty = com.kms.katalon.core.webui.keyword.WebUiBuiltInKeywords.getAttribute(batch, "value").trim(): Attribute 'value' of object '' is: '150000'

2018-05-15 19:07:30 - [MESSAGE][PASSED] - Attribute 'value' of object '' is: '150000'

2018-05-15 19:07:30 - [TEST_STEP][PASSED] - Statement - Rqty = 10000: null

2018-05-15 19:07:30 - [TEST_STEP][PASSED] - delay: Delayed 2 second(s)

2018-05-15 19:07:32 - [MESSAGE][PASSED] - Delayed 2 second(s)

2018-05-15 19:07:32 - [TEST_STEP][PASSED] - Statement - out.println("BatchQty : " + batchqty): null

2018-05-15 19:07:32 - [TEST_STEP][PASSED] - Statement - out.println("RQty : " + Rqty): null

2018-05-15 19:07:32 - [TEST_STEP][PASSED] - Statement - If (java.lang.Integer.valueOf(batchqty) >= java.lang.Integer.valueOf(Rqty)): null

2018-05-15 19:07:32 - [TEST_STEP][PASSED] - Statement - Break: null

2018-05-15 19:07:32 - [TEST_STEP][PASSED] - Statement - batchlength = new com.kms.katalon.core.testobject.TestObject(): null

2018-05-15 19:07:32 - [TEST_STEP][PASSED] - Statement - batchlength = com.kms.katalon.core.webui.keyword.WebUiBuiltInKeywords.modifyObjectProperty(batchlength, "xpath", "equals", "//*[@id = "fldvendor" + row + ""]", true): Modify property of object successfully

2018-05-15 19:07:32 - [MESSAGE][PASSED] - Modify property of object successfully

2018-05-15 19:07:32 - [TEST_STEP][PASSED] - Statement - batchsize = com.kms.katalon.core.webui.keyword.WebUiBuiltInKeywords.getNumberOfTotalOption(batchlength): 5 options of object '' counted

2018-05-15 19:07:32 - [MESSAGE][PASSED] - 5 options of object '' counted

2018-05-15 19:07:32 - [TEST_STEP][PASSED] - Statement - out.println("BatchSize : " + batchsize): null

2018-05-15 19:07:32 - [TEST_STEP][PASSED] - Statement - For ([n = 1, n <= batchsize - 1, (n++)]): null

2018-05-15 19:07:32 - [TEST_STEP][PASSED] - Statement - product = new com.kms.katalon.core.testobject.TestObject(): null

2018-05-15 19:07:32 - [TEST_STEP][PASSED] - Statement - product = com.kms.katalon.core.webui.keyword.WebUiBuiltInKeywords.modifyObjectProperty(product, "xpath", "equals", "//*[@id = "fldvendor" + row + ""]", true): Modify property of object successfully

2018-05-15 19:07:32 - [MESSAGE][PASSED] - Modify property of object successfully

2018-05-15 19:07:32 - [TEST_STEP][PASSED] - selectOptionByIndex: All options with index in [1] are selected on object ''

2018-05-15 19:07:32 - [MESSAGE][PASSED] - All options with index in [1] are selected on object ''

2018-05-15 19:07:32 - [TEST_STEP][PASSED] - Statement - batch = new com.kms.katalon.core.testobject.TestObject(): null

2018-05-15 19:07:32 - [TEST_STEP][PASSED] - Statement - batch = com.kms.katalon.core.webui.keyword.WebUiBuiltInKeywords.modifyObjectProperty(batch, "xpath", "equals", "//*[@id = "txtbthqty" + row + ""]", true): Modify property of object successfully

2018-05-15 19:07:32 - [MESSAGE][PASSED] - Modify property of object successfully

2018-05-15 19:07:32 - [TEST_STEP][PASSED] - Statement - batchqty = com.kms.katalon.core.webui.keyword.WebUiBuiltInKeywords.getAttribute(batch, "value").trim(): Attribute 'value' of object '' is: '150000'

2018-05-15 19:07:32 - [MESSAGE][PASSED] - Attribute 'value' of object '' is: '150000'

2018-05-15 19:07:32 - [TEST_STEP][PASSED] - Statement - Rqty = 10000: null

2018-05-15 19:07:32 - [TEST_STEP][PASSED] - delay: Delayed 2 second(s)

2018-05-15 19:07:34 - [MESSAGE][PASSED] - Delayed 2 second(s)

2018-05-15 19:07:34 - [TEST_STEP][PASSED] - Statement - out.println("BatchQty : " + batchqty): null

2018-05-15 19:07:34 - [TEST_STEP][PASSED] - Statement - out.println("RQty : " + Rqty): null

2018-05-15 19:07:34 - [TEST_STEP][PASSED] - Statement - If (java.lang.Integer.valueOf(batchqty) >= java.lang.Integer.valueOf(Rqty)): null

2018-05-15 19:07:34 - [TEST_STEP][PASSED] - Statement - Break: null

2018-05-15 19:07:34 - [TEST_STEP][PASSED] - Statement - batchlength = new com.kms.katalon.core.testobject.TestObject(): null

2018-05-15 19:07:34 - [TEST_STEP][PASSED] - Statement - batchlength = com.kms.katalon.core.webui.keyword.WebUiBuiltInKeywords.modifyObjectProperty(batchlength, "xpath", "equals", "//*[@id = "fldvendor" + row + ""]", true): Modify property of object successfully

2018-05-15 19:07:34 - [MESSAGE][PASSED] - Modify property of object successfully

2018-05-15 19:07:34 - [TEST_STEP][PASSED] - Statement - batchsize = com.kms.katalon.core.webui.keyword.WebUiBuiltInKeywords.getNumberOfTotalOption(batchlength): 6 options of object '' counted

2018-05-15 19:07:34 - [MESSAGE][PASSED] - 6 options of object '' counted

2018-05-15 19:07:34 - [TEST_STEP][PASSED] - Statement - out.println("BatchSize : " + batchsize): null

2018-05-15 19:07:34 - [TEST_STEP][PASSED] - Statement - For ([n = 1, n <= batchsize - 1, (n++)]): null

2018-05-15 19:07:34 - [TEST_STEP][PASSED] - Statement - product = new com.kms.katalon.core.testobject.TestObject(): null

2018-05-15 19:07:34 - [TEST_STEP][PASSED] - Statement - product = com.kms.katalon.core.webui.keyword.WebUiBuiltInKeywords.modifyObjectProperty(product, "xpath", "equals", "//*[@id = "fldvendor" + row + ""]", true): Modify property of object successfully

2018-05-15 19:07:34 - [MESSAGE][PASSED] - Modify property of object successfully

2018-05-15 19:07:34 - [TEST_STEP][PASSED] - selectOptionByIndex: All options with index in [1] are selected on object ''

2018-05-15 19:07:34 - [MESSAGE][PASSED] - All options with index in [1] are selected on object ''

2018-05-15 19:07:34 - [TEST_STEP][PASSED] - Statement - batch = new com.kms.katalon.core.testobject.TestObject(): null

2018-05-15 19:07:34 - [TEST_STEP][PASSED] - Statement - batch = com.kms.katalon.core.webui.keyword.WebUiBuiltInKeywords.modifyObjectProperty(batch, "xpath", "equals", "//*[@id = "txtbthqty" + row + ""]", true): Modify property of object successfully

2018-05-15 19:07:34 - [MESSAGE][PASSED] - Modify property of object successfully

2018-05-15 19:07:34 - [TEST_STEP][PASSED] - Statement - batchqty = com.kms.katalon.core.webui.keyword.WebUiBuiltInKeywords.getAttribute(batch, "value").trim(): Attribute 'value' of object '' is: '400'

2018-05-15 19:07:34 - [MESSAGE][PASSED] - Attribute 'value' of object '' is: '400'

2018-05-15 19:07:34 - [TEST_STEP][PASSED] - Statement - Rqty = 10000: null

2018-05-15 19:07:34 - [TEST_STEP][PASSED] - delay: Delayed 2 second(s)

2018-05-15 19:07:36 - [MESSAGE][PASSED] - Delayed 2 second(s)

2018-05-15 19:07:36 - [TEST_STEP][PASSED] - Statement - out.println("BatchQty : " + batchqty): null

2018-05-15 19:07:36 - [TEST_STEP][PASSED] - Statement - out.println("RQty : " + Rqty): null

2018-05-15 19:07:36 - [TEST_STEP][PASSED] - Statement - If (java.lang.Integer.valueOf(batchqty) >= java.lang.Integer.valueOf(Rqty)): null

2018-05-15 19:07:36 - [TEST_STEP][PASSED] - Statement - Else: null

2018-05-15 19:07:36 - [TEST_STEP][PASSED] - Statement - out.println("Batchqty Is Less Than Rqty"): null

2018-05-15 19:07:36 - [TEST_STEP][PASSED] - Statement - product = new com.kms.katalon.core.testobject.TestObject(): null

2018-05-15 19:07:36 - [TEST_STEP][PASSED] - Statement - product = com.kms.katalon.core.webui.keyword.WebUiBuiltInKeywords.modifyObjectProperty(product, "xpath", "equals", "//*[@id = "fldvendor" + row + ""]", true): Modify property of object successfully

2018-05-15 19:07:36 - [MESSAGE][PASSED] - Modify property of object successfully

2018-05-15 19:07:36 - [TEST_STEP][PASSED] - selectOptionByIndex: All options with index in [2] are selected on object ''

2018-05-15 19:07:37 - [MESSAGE][PASSED] - All options with index in [2] are selected on object ''

2018-05-15 19:07:37 - [TEST_STEP][PASSED] - Statement - batch = new com.kms.katalon.core.testobject.TestObject(): null

2018-05-15 19:07:37 - [TEST_STEP][PASSED] - Statement - batch = com.kms.katalon.core.webui.keyword.WebUiBuiltInKeywords.modifyObjectProperty(batch, "xpath", "equals", "//*[@id = "txtbthqty" + row + ""]", true): Modify property of object successfully

2018-05-15 19:07:37 - [MESSAGE][PASSED] - Modify property of object successfully

2018-05-15 19:07:37 - [TEST_STEP][PASSED] - Statement - batchqty = com.kms.katalon.core.webui.keyword.WebUiBuiltInKeywords.getAttribute(batch, "value").trim(): Attribute 'value' of object '' is: '150000'

2018-05-15 19:07:37 - [MESSAGE][PASSED] - Attribute 'value' of object '' is: '150000'

2018-05-15 19:07:37 - [TEST_STEP][PASSED] - Statement - Rqty = 10000: null

2018-05-15 19:07:37 - [TEST_STEP][PASSED] - delay: Delayed 2 second(s)

2018-05-15 19:07:39 - [MESSAGE][PASSED] - Delayed 2 second(s)

2018-05-15 19:07:39 - [TEST_STEP][PASSED] - Statement - out.println("BatchQty : " + batchqty): null

2018-05-15 19:07:39 - [TEST_STEP][PASSED] - Statement - out.println("RQty : " + Rqty): null

2018-05-15 19:07:39 - [TEST_STEP][PASSED] - Statement - If (java.lang.Integer.valueOf(batchqty) >= java.lang.Integer.valueOf(Rqty)): null

2018-05-15 19:07:39 - [TEST_STEP][PASSED] - Statement - Break: null

2018-05-15 19:07:39 - [TEST_STEP][PASSED] - Statement - batchlength = new com.kms.katalon.core.testobject.TestObject(): null

2018-05-15 19:07:39 - [TEST_STEP][PASSED] - Statement - batchlength = com.kms.katalon.core.webui.keyword.WebUiBuiltInKeywords.modifyObjectProperty(batchlength, "xpath", "equals", "//*[@id = "fldvendor" + row + ""]", true): Modify property of object successfully

2018-05-15 19:07:39 - [MESSAGE][PASSED] - Modify property of object successfully

2018-05-15 19:07:39 - [TEST_STEP][PASSED] - Statement - batchsize = com.kms.katalon.core.webui.keyword.WebUiBuiltInKeywords.getNumberOfTotalOption(batchlength): 5 options of object '' counted

2018-05-15 19:07:39 - [MESSAGE][PASSED] - 5 options of object '' counted

2018-05-15 19:07:39 - [TEST_STEP][PASSED] - Statement - out.println("BatchSize : " + batchsize): null

2018-05-15 19:07:39 - [TEST_STEP][PASSED] - Statement - For ([n = 1, n <= batchsize - 1, (n++)]): null

2018-05-15 19:07:39 - [TEST_STEP][PASSED] - Statement - product = new com.kms.katalon.core.testobject.TestObject(): null

2018-05-15 19:07:39 - [TEST_STEP][PASSED] - Statement - product = com.kms.katalon.core.webui.keyword.WebUiBuiltInKeywords.modifyObjectProperty(product, "xpath", "equals", "//*[@id = "fldvendor" + row + ""]", true): Modify property of object successfully

2018-05-15 19:07:39 - [MESSAGE][PASSED] - Modify property of object successfully

2018-05-15 19:07:39 - [TEST_STEP][PASSED] - selectOptionByIndex: All options with index in [1] are selected on object ''

2018-05-15 19:07:39 - [MESSAGE][PASSED] - All options with index in [1] are selected on object ''

2018-05-15 19:07:39 - [TEST_STEP][PASSED] - Statement - batch = new com.kms.katalon.core.testobject.TestObject(): null

2018-05-15 19:07:39 - [TEST_STEP][PASSED] - Statement - batch = com.kms.katalon.core.webui.keyword.WebUiBuiltInKeywords.modifyObjectProperty(batch, "xpath", "equals", "//*[@id = "txtbthqty" + row + ""]", true): Modify property of object successfully

2018-05-15 19:07:39 - [MESSAGE][PASSED] - Modify property of object successfully

2018-05-15 19:07:39 - [TEST_STEP][PASSED] - Statement - batchqty = com.kms.katalon.core.webui.keyword.WebUiBuiltInKeywords.getAttribute(batch, "value").trim(): Attribute 'value' of object '' is: '5000'

2018-05-15 19:07:39 - [MESSAGE][PASSED] - Attribute 'value' of object '' is: '5000'

2018-05-15 19:07:39 - [TEST_STEP][PASSED] - Statement - Rqty = 10000: null

2018-05-15 19:07:39 - [TEST_STEP][PASSED] - delay: Delayed 2 second(s)

2018-05-15 19:07:41 - [MESSAGE][PASSED] - Delayed 2 second(s)

2018-05-15 19:07:41 - [TEST_STEP][PASSED] - Statement - out.println("BatchQty : " + batchqty): null

2018-05-15 19:07:41 - [TEST_STEP][PASSED] - Statement - out.println("RQty : " + Rqty): null

2018-05-15 19:07:41 - [TEST_STEP][PASSED] - Statement - If (java.lang.Integer.valueOf(batchqty) >= java.lang.Integer.valueOf(Rqty)): null

2018-05-15 19:07:41 - [TEST_STEP][PASSED] - Statement - Else: null

2018-05-15 19:07:41 - [TEST_STEP][PASSED] - Statement - out.println("Batchqty Is Less Than Rqty"): null

2018-05-15 19:07:41 - [TEST_STEP][PASSED] - Statement - product = new com.kms.katalon.core.testobject.TestObject(): null

2018-05-15 19:07:41 - [TEST_STEP][PASSED] - Statement - product = com.kms.katalon.core.webui.keyword.WebUiBuiltInKeywords.modifyObjectProperty(product, "xpath", "equals", "//*[@id = "fldvendor" + row + ""]", true): Modify property of object successfully

2018-05-15 19:07:41 - [MESSAGE][PASSED] - Modify property of object successfully

2018-05-15 19:07:41 - [TEST_STEP][PASSED] - selectOptionByIndex: All options with index in [2] are selected on object ''

2018-05-15 19:07:41 - [MESSAGE][PASSED] - All options with index in [2] are selected on object ''

2018-05-15 19:07:41 - [TEST_STEP][PASSED] - Statement - batch = new com.kms.katalon.core.testobject.TestObject(): null

2018-05-15 19:07:41 - [TEST_STEP][PASSED] - Statement - batch = com.kms.katalon.core.webui.keyword.WebUiBuiltInKeywords.modifyObjectProperty(batch, "xpath", "equals", "//*[@id = "txtbthqty" + row + ""]", true): Modify property of object successfully

2018-05-15 19:07:41 - [MESSAGE][PASSED] - Modify property of object successfully

2018-05-15 19:07:41 - [TEST_STEP][PASSED] - Statement - batchqty = com.kms.katalon.core.webui.keyword.WebUiBuiltInKeywords.getAttribute(batch, "value").trim(): Attribute 'value' of object '' is: '200'

2018-05-15 19:07:41 - [MESSAGE][PASSED] - Attribute 'value' of object '' is: '200'

2018-05-15 19:07:41 - [TEST_STEP][PASSED] - Statement - Rqty = 10000: null

2018-05-15 19:07:41 - [TEST_STEP][PASSED] - delay: Delayed 2 second(s)

2018-05-15 19:07:43 - [MESSAGE][PASSED] - Delayed 2 second(s)

2018-05-15 19:07:43 - [TEST_STEP][PASSED] - Statement - out.println("BatchQty : " + batchqty): null

2018-05-15 19:07:43 - [TEST_STEP][PASSED] - Statement - out.println("RQty : " + Rqty): null

2018-05-15 19:07:43 - [TEST_STEP][PASSED] - Statement - If (java.lang.Integer.valueOf(batchqty) >= java.lang.Integer.valueOf(Rqty)): null

2018-05-15 19:07:43 - [TEST_STEP][PASSED] - Statement - Else: null

2018-05-15 19:07:43 - [TEST_STEP][PASSED] - Statement - out.println("Batchqty Is Less Than Rqty"): null

2018-05-15 19:07:43 - [TEST_STEP][PASSED] - Statement - product = new com.kms.katalon.core.testobject.TestObject(): null

2018-05-15 19:07:43 - [TEST_STEP][PASSED] - Statement - product = com.kms.katalon.core.webui.keyword.WebUiBuiltInKeywords.modifyObjectProperty(product, "xpath", "equals", "//*[@id = "fldvendor" + row + ""]", true): Modify property of object successfully

2018-05-15 19:07:43 - [MESSAGE][PASSED] - Modify property of object successfully

2018-05-15 19:07:43 - [TEST_STEP][PASSED] - selectOptionByIndex: All options with index in [3] are selected on object ''

2018-05-15 19:07:43 - [MESSAGE][PASSED] - All options with index in [3] are selected on object ''

2018-05-15 19:07:43 - [TEST_STEP][PASSED] - Statement - batch = new com.kms.katalon.core.testobject.TestObject(): null

2018-05-15 19:07:43 - [TEST_STEP][PASSED] - Statement - batch = com.kms.katalon.core.webui.keyword.WebUiBuiltInKeywords.modifyObjectProperty(batch, "xpath", "equals", "//*[@id = "txtbthqty" + row + ""]", true): Modify property of object successfully

2018-05-15 19:07:43 - [MESSAGE][PASSED] - Modify property of object successfully

2018-05-15 19:07:43 - [TEST_STEP][PASSED] - Statement - batchqty = com.kms.katalon.core.webui.keyword.WebUiBuiltInKeywords.getAttribute(batch, "value").trim(): Attribute 'value' of object '' is: '150000'

2018-05-15 19:07:43 - [MESSAGE][PASSED] - Attribute 'value' of object '' is: '150000'

2018-05-15 19:07:43 - [TEST_STEP][PASSED] - Statement - Rqty = 10000: null

2018-05-15 19:07:43 - [TEST_STEP][PASSED] - delay: Delayed 2 second(s)

2018-05-15 19:07:45 - [MESSAGE][PASSED] - Delayed 2 second(s)

2018-05-15 19:07:45 - [TEST_STEP][PASSED] - Statement - out.println("BatchQty : " + batchqty): null

2018-05-15 19:07:45 - [TEST_STEP][PASSED] - Statement - out.println("RQty : " + Rqty): null

2018-05-15 19:07:45 - [TEST_STEP][PASSED] - Statement - If (java.lang.Integer.valueOf(batchqty) >= java.lang.Integer.valueOf(Rqty)): null

2018-05-15 19:07:45 - [TEST_STEP][PASSED] - Statement - Break: null

2018-05-15 19:07:45 - [TEST_STEP][PASSED] - Statement - batchlength = new com.kms.katalon.core.testobject.TestObject(): null

2018-05-15 19:07:45 - [TEST_STEP][PASSED] - Statement - batchlength = com.kms.katalon.core.webui.keyword.WebUiBuiltInKeywords.modifyObjectProperty(batchlength, "xpath", "equals", "//*[@id = "fldvendor" + row + ""]", true): Modify property of object successfully

2018-05-15 19:07:45 - [MESSAGE][PASSED] - Modify property of object successfully

2018-05-15 19:07:45 - [TEST_STEP][PASSED] - Statement - batchsize = com.kms.katalon.core.webui.keyword.WebUiBuiltInKeywords.getNumberOfTotalOption(batchlength): 6 options of object '' counted

2018-05-15 19:07:45 - [MESSAGE][PASSED] - 6 options of object '' counted

2018-05-15 19:07:45 - [TEST_STEP][PASSED] - Statement - out.println("BatchSize : " + batchsize): null

2018-05-15 19:07:45 - [TEST_STEP][PASSED] - Statement - For ([n = 1, n <= batchsize - 1, (n++)]): null

2018-05-15 19:07:45 - [TEST_STEP][PASSED] - Statement - product = new com.kms.katalon.core.testobject.TestObject(): null

2018-05-15 19:07:45 - [TEST_STEP][PASSED] - Statement - product = com.kms.katalon.core.webui.keyword.WebUiBuiltInKeywords.modifyObjectProperty(product, "xpath", "equals", "//*[@id = "fldvendor" + row + ""]", true): Modify property of object successfully

2018-05-15 19:07:45 - [MESSAGE][PASSED] - Modify property of object successfully

2018-05-15 19:07:45 - [TEST_STEP][PASSED] - selectOptionByIndex: All options with index in [1] are selected on object ''

2018-05-15 19:07:46 - [MESSAGE][PASSED] - All options with index in [1] are selected on object ''

2018-05-15 19:07:46 - [TEST_STEP][PASSED] - Statement - batch = new com.kms.katalon.core.testobject.TestObject(): null

2018-05-15 19:07:46 - [TEST_STEP][PASSED] - Statement - batch = com.kms.katalon.core.webui.keyword.WebUiBuiltInKeywords.modifyObjectProperty(batch, "xpath", "equals", "//*[@id = "txtbthqty" + row + ""]", true): Modify property of object successfully

2018-05-15 19:07:46 - [MESSAGE][PASSED] - Modify property of object successfully

2018-05-15 19:07:46 - [TEST_STEP][PASSED] - Statement - batchqty = com.kms.katalon.core.webui.keyword.WebUiBuiltInKeywords.getAttribute(batch, "value").trim(): Attribute 'value' of object '' is: '200'

2018-05-15 19:07:46 - [MESSAGE][PASSED] - Attribute 'value' of object '' is: '200'

2018-05-15 19:07:46 - [TEST_STEP][PASSED] - Statement - Rqty = 10000: null

2018-05-15 19:07:46 - [TEST_STEP][PASSED] - delay: Delayed 2 second(s)

2018-05-15 19:07:48 - [MESSAGE][PASSED] - Delayed 2 second(s)

2018-05-15 19:07:48 - [TEST_STEP][PASSED] - Statement - out.println("BatchQty : " + batchqty): null

2018-05-15 19:07:48 - [TEST_STEP][PASSED] - Statement - out.println("RQty : " + Rqty): null

2018-05-15 19:07:48 - [TEST_STEP][PASSED] - Statement - If (java.lang.Integer.valueOf(batchqty) >= java.lang.Integer.valueOf(Rqty)): null

2018-05-15 19:07:48 - [TEST_STEP][PASSED] - Statement - Else: null

2018-05-15 19:07:48 - [TEST_STEP][PASSED] - Statement - out.println("Batchqty Is Less Than Rqty"): null

2018-05-15 19:07:48 - [TEST_STEP][PASSED] - Statement - product = new com.kms.katalon.core.testobject.TestObject(): null

2018-05-15 19:07:48 - [TEST_STEP][PASSED] - Statement - product = com.kms.katalon.core.webui.keyword.WebUiBuiltInKeywords.modifyObjectProperty(product, "xpath", "equals", "//*[@id = "fldvendor" + row + ""]", true): Modify property of object successfully

2018-05-15 19:07:48 - [MESSAGE][PASSED] - Modify property of object successfully

2018-05-15 19:07:48 - [TEST_STEP][PASSED] - selectOptionByIndex: All options with index in [2] are selected on object ''

2018-05-15 19:07:48 - [MESSAGE][PASSED] - All options with index in [2] are selected on object ''

2018-05-15 19:07:48 - [TEST_STEP][PASSED] - Statement - batch = new com.kms.katalon.core.testobject.TestObject(): null

2018-05-15 19:07:48 - [TEST_STEP][PASSED] - Statement - batch = com.kms.katalon.core.webui.keyword.WebUiBuiltInKeywords.modifyObjectProperty(batch, "xpath", "equals", "//*[@id = "txtbthqty" + row + ""]", true): Modify property of object successfully

2018-05-15 19:07:48 - [MESSAGE][PASSED] - Modify property of object successfully

2018-05-15 19:07:48 - [TEST_STEP][PASSED] - Statement - batchqty = com.kms.katalon.core.webui.keyword.WebUiBuiltInKeywords.getAttribute(batch, "value").trim(): Attribute 'value' of object '' is: '150000'

2018-05-15 19:07:48 - [MESSAGE][PASSED] - Attribute 'value' of object '' is: '150000'

2018-05-15 19:07:48 - [TEST_STEP][PASSED] - Statement - Rqty = 10000: null

2018-05-15 19:07:48 - [TEST_STEP][PASSED] - delay: Delayed 2 second(s)

2018-05-15 19:07:50 - [MESSAGE][PASSED] - Delayed 2 second(s)

2018-05-15 19:07:50 - [TEST_STEP][PASSED] - Statement - out.println("BatchQty : " + batchqty): null

2018-05-15 19:07:50 - [TEST_STEP][PASSED] - Statement - out.println("RQty : " + Rqty): null

2018-05-15 19:07:50 - [TEST_STEP][PASSED] - Statement - If (java.lang.Integer.valueOf(batchqty) >= java.lang.Integer.valueOf(Rqty)): null

2018-05-15 19:07:50 - [TEST_STEP][PASSED] - Statement - Break: null

2018-05-15 19:07:50 - [TEST_STEP][PASSED] - Statement - batchlength = new com.kms.katalon.core.testobject.TestObject(): null

2018-05-15 19:07:50 - [TEST_STEP][PASSED] - Statement - batchlength = com.kms.katalon.core.webui.keyword.WebUiBuiltInKeywords.modifyObjectProperty(batchlength, "xpath", "equals", "//*[@id = "fldvendor" + row + ""]", true): Modify property of object successfully

2018-05-15 19:07:50 - [MESSAGE][PASSED] - Modify property of object successfully

2018-05-15 19:07:50 - [TEST_STEP][PASSED] - Statement - batchsize = com.kms.katalon.core.webui.keyword.WebUiBuiltInKeywords.getNumberOfTotalOption(batchlength): 6 options of object '' counted

2018-05-15 19:07:50 - [MESSAGE][PASSED] - 6 options of object '' counted

2018-05-15 19:07:50 - [TEST_STEP][PASSED] - Statement - out.println("BatchSize : " + batchsize): null

2018-05-15 19:07:50 - [TEST_STEP][PASSED] - Statement - For ([n = 1, n <= batchsize - 1, (n++)]): null

2018-05-15 19:07:50 - [TEST_STEP][PASSED] - Statement - product = new com.kms.katalon.core.testobject.TestObject(): null

2018-05-15 19:07:50 - [TEST_STEP][PASSED] - Statement - product = com.kms.katalon.core.webui.keyword.WebUiBuiltInKeywords.modifyObjectProperty(product, "xpath", "equals", "//*[@id = "fldvendor" + row + ""]", true): Modify property of object successfully

2018-05-15 19:07:50 - [MESSAGE][PASSED] - Modify property of object successfully

2018-05-15 19:07:50 - [TEST_STEP][PASSED] - selectOptionByIndex: All options with index in [1] are selected on object ''

2018-05-15 19:07:50 - [MESSAGE][PASSED] - All options with index in [1] are selected on object ''

2018-05-15 19:07:50 - [TEST_STEP][PASSED] - Statement - batch = new com.kms.katalon.core.testobject.TestObject(): null

2018-05-15 19:07:50 - [TEST_STEP][PASSED] - Statement - batch = com.kms.katalon.core.webui.keyword.WebUiBuiltInKeywords.modifyObjectProperty(batch, "xpath", "equals", "//*[@id = "txtbthqty" + row + ""]", true): Modify property of object successfully

2018-05-15 19:07:50 - [MESSAGE][PASSED] - Modify property of object successfully

2018-05-15 19:07:50 - [TEST_STEP][PASSED] - Statement - batchqty = com.kms.katalon.core.webui.keyword.WebUiBuiltInKeywords.getAttribute(batch, "value").trim(): Attribute 'value' of object '' is: '200'

2018-05-15 19:07:50 - [MESSAGE][PASSED] - Attribute 'value' of object '' is: '200'

2018-05-15 19:07:50 - [TEST_STEP][PASSED] - Statement - Rqty = 10000: null

2018-05-15 19:07:50 - [TEST_STEP][PASSED] - delay: Delayed 2 second(s)

2018-05-15 19:07:52 - [MESSAGE][PASSED] - Delayed 2 second(s)

2018-05-15 19:07:52 - [TEST_STEP][PASSED] - Statement - out.println("BatchQty : " + batchqty): null

2018-05-15 19:07:52 - [TEST_STEP][PASSED] - Statement - out.println("RQty : " + Rqty): null

2018-05-15 19:07:52 - [TEST_STEP][PASSED] - Statement - If (java.lang.Integer.valueOf(batchqty) >= java.lang.Integer.valueOf(Rqty)): null

2018-05-15 19:07:52 - [TEST_STEP][PASSED] - Statement - Else: null

2018-05-15 19:07:52 - [TEST_STEP][PASSED] - Statement - out.println("Batchqty Is Less Than Rqty"): null

2018-05-15 19:07:52 - [TEST_STEP][PASSED] - Statement - product = new com.kms.katalon.core.testobject.TestObject(): null

2018-05-15 19:07:52 - [TEST_STEP][PASSED] - Statement - product = com.kms.katalon.core.webui.keyword.WebUiBuiltInKeywords.modifyObjectProperty(product, "xpath", "equals", "//*[@id = "fldvendor" + row + ""]", true): Modify property of object successfully

2018-05-15 19:07:52 - [MESSAGE][PASSED] - Modify property of object successfully

2018-05-15 19:07:52 - [TEST_STEP][PASSED] - selectOptionByIndex: All options with index in [2] are selected on object ''

2018-05-15 19:07:52 - [MESSAGE][PASSED] - All options with index in [2] are selected on object ''

2018-05-15 19:07:52 - [TEST_STEP][PASSED] - Statement - batch = new com.kms.katalon.core.testobject.TestObject(): null

2018-05-15 19:07:52 - [TEST_STEP][PASSED] - Statement - batch = com.kms.katalon.core.webui.keyword.WebUiBuiltInKeywords.modifyObjectProperty(batch, "xpath", "equals", "//*[@id = "txtbthqty" + row + ""]", true): Modify property of object successfully

2018-05-15 19:07:52 - [MESSAGE][PASSED] - Modify property of object successfully

2018-05-15 19:07:52 - [TEST_STEP][PASSED] - Statement - batchqty = com.kms.katalon.core.webui.keyword.WebUiBuiltInKeywords.getAttribute(batch, "value").trim(): Attribute 'value' of object '' is: '5000'

2018-05-15 19:07:52 - [MESSAGE][PASSED] - Attribute 'value' of object '' is: '5000'

2018-05-15 19:07:52 - [TEST_STEP][PASSED] - Statement - Rqty = 10000: null

2018-05-15 19:07:52 - [TEST_STEP][PASSED] - delay: Delayed 2 second(s)

2018-05-15 19:07:54 - [MESSAGE][PASSED] - Delayed 2 second(s)

2018-05-15 19:07:54 - [TEST_STEP][PASSED] - Statement - out.println("BatchQty : " + batchqty): null

2018-05-15 19:07:54 - [TEST_STEP][PASSED] - Statement - out.println("RQty : " + Rqty): null

2018-05-15 19:07:54 - [TEST_STEP][PASSED] - Statement - If (java.lang.Integer.valueOf(batchqty) >= java.lang.Integer.valueOf(Rqty)): null

2018-05-15 19:07:54 - [TEST_STEP][PASSED] - Statement - Else: null

2018-05-15 19:07:54 - [TEST_STEP][PASSED] - Statement - out.println("Batchqty Is Less Than Rqty"): null

2018-05-15 19:07:54 - [TEST_STEP][PASSED] - Statement - product = new com.kms.katalon.core.testobject.TestObject(): null

2018-05-15 19:07:54 - [TEST_STEP][PASSED] - Statement - product = com.kms.katalon.core.webui.keyword.WebUiBuiltInKeywords.modifyObjectProperty(product, "xpath", "equals", "//*[@id = "fldvendor" + row + ""]", true): Modify property of object successfully

2018-05-15 19:07:54 - [MESSAGE][PASSED] - Modify property of object successfully

2018-05-15 19:07:54 - [TEST_STEP][PASSED] - selectOptionByIndex: All options with index in [3] are selected on object ''

2018-05-15 19:07:54 - [MESSAGE][PASSED] - All options with index in [3] are selected on object ''

2018-05-15 19:07:54 - [TEST_STEP][PASSED] - Statement - batch = new com.kms.katalon.core.testobject.TestObject(): null

2018-05-15 19:07:54 - [TEST_STEP][PASSED] - Statement - batch = com.kms.katalon.core.webui.keyword.WebUiBuiltInKeywords.modifyObjectProperty(batch, "xpath", "equals", "//*[@id = "txtbthqty" + row + ""]", true): Modify property of object successfully

2018-05-15 19:07:54 - [MESSAGE][PASSED] - Modify property of object successfully

2018-05-15 19:07:54 - [TEST_STEP][PASSED] - Statement - batchqty = com.kms.katalon.core.webui.keyword.WebUiBuiltInKeywords.getAttribute(batch, "value").trim(): Attribute 'value' of object '' is: '5000'

2018-05-15 19:07:54 - [MESSAGE][PASSED] - Attribute 'value' of object '' is: '5000'

2018-05-15 19:07:54 - [TEST_STEP][PASSED] - Statement - Rqty = 10000: null

2018-05-15 19:07:54 - [TEST_STEP][PASSED] - delay: Delayed 2 second(s)

2018-05-15 19:07:56 - [MESSAGE][PASSED] - Delayed 2 second(s)

2018-05-15 19:07:56 - [TEST_STEP][PASSED] - Statement - out.println("BatchQty : " + batchqty): null

2018-05-15 19:07:56 - [TEST_STEP][PASSED] - Statement - out.println("RQty : " + Rqty): null

2018-05-15 19:07:56 - [TEST_STEP][PASSED] - Statement - If (java.lang.Integer.valueOf(batchqty) >= java.lang.Integer.valueOf(Rqty)): null

2018-05-15 19:07:56 - [TEST_STEP][PASSED] - Statement - Else: null

2018-05-15 19:07:56 - [TEST_STEP][PASSED] - Statement - out.println("Batchqty Is Less Than Rqty"): null

2018-05-15 19:07:56 - [TEST_STEP][PASSED] - Statement - product = new com.kms.katalon.core.testobject.TestObject(): null

2018-05-15 19:07:56 - [TEST_STEP][PASSED] - Statement - product = com.kms.katalon.core.webui.keyword.WebUiBuiltInKeywords.modifyObjectProperty(product, "xpath", "equals", "//*[@id = "fldvendor" + row + ""]", true): Modify property of object successfully

2018-05-15 19:07:56 - [MESSAGE][PASSED] - Modify property of object successfully

2018-05-15 19:07:56 - [TEST_STEP][PASSED] - selectOptionByIndex: All options with index in [4] are selected on object ''

2018-05-15 19:07:56 - [MESSAGE][PASSED] - All options with index in [4] are selected on object ''

2018-05-15 19:07:56 - [TEST_STEP][PASSED] - Statement - batch = new com.kms.katalon.core.testobject.TestObject(): null

2018-05-15 19:07:56 - [TEST_STEP][PASSED] - Statement - batch = com.kms.katalon.core.webui.keyword.WebUiBuiltInKeywords.modifyObjectProperty(batch, "xpath", "equals", "//*[@id = "txtbthqty" + row + ""]", true): Modify property of object successfully

2018-05-15 19:07:56 - [MESSAGE][PASSED] - Modify property of object successfully

2018-05-15 19:07:56 - [TEST_STEP][PASSED] - Statement - batchqty = com.kms.katalon.core.webui.keyword.WebUiBuiltInKeywords.getAttribute(batch, "value").trim(): Attribute 'value' of object '' is: '400'

2018-05-15 19:07:56 - [MESSAGE][PASSED] - Attribute 'value' of object '' is: '400'

2018-05-15 19:07:56 - [TEST_STEP][PASSED] - Statement - Rqty = 10000: null

2018-05-15 19:07:56 - [TEST_STEP][PASSED] - delay: Delayed 2 second(s)

2018-05-15 19:07:58 - [MESSAGE][PASSED] - Delayed 2 second(s)

2018-05-15 19:07:58 - [TEST_STEP][PASSED] - Statement - out.println("BatchQty : " + batchqty): null

2018-05-15 19:07:58 - [TEST_STEP][PASSED] - Statement - out.println("RQty : " + Rqty): null

2018-05-15 19:07:58 - [TEST_STEP][PASSED] - Statement - If (java.lang.Integer.valueOf(batchqty) >= java.lang.Integer.valueOf(Rqty)): null

2018-05-15 19:07:58 - [TEST_STEP][PASSED] - Statement - Else: null

2018-05-15 19:07:58 - [TEST_STEP][PASSED] - Statement - out.println("Batchqty Is Less Than Rqty"): null

2018-05-15 19:07:58 - [TEST_STEP][PASSED] - Statement - product = new com.kms.katalon.core.testobject.TestObject(): null

2018-05-15 19:07:58 - [TEST_STEP][PASSED] - Statement - product = com.kms.katalon.core.webui.keyword.WebUiBuiltInKeywords.modifyObjectProperty(product, "xpath", "equals", "//*[@id = "fldvendor" + row + ""]", true): Modify property of object successfully

2018-05-15 19:07:58 - [MESSAGE][PASSED] - Modify property of object successfully

2018-05-15 19:07:58 - [TEST_STEP][PASSED] - selectOptionByIndex: All options with index in [5] are selected on object ''

2018-05-15 19:07:59 - [MESSAGE][PASSED] - All options with index in [5] are selected on object ''

2018-05-15 19:07:59 - [TEST_STEP][PASSED] - Statement - batch = new com.kms.katalon.core.testobject.TestObject(): null

2018-05-15 19:07:59 - [TEST_STEP][PASSED] - Statement - batch = com.kms.katalon.core.webui.keyword.WebUiBuiltInKeywords.modifyObjectProperty(batch, "xpath", "equals", "//*[@id = "txtbthqty" + row + ""]", true): Modify property of object successfully

2018-05-15 19:07:59 - [MESSAGE][PASSED] - Modify property of object successfully

2018-05-15 19:07:59 - [TEST_STEP][PASSED] - Statement - batchqty = com.kms.katalon.core.webui.keyword.WebUiBuiltInKeywords.getAttribute(batch, "value").trim(): Attribute 'value' of object '' is: '150000'

2018-05-15 19:07:59 - [MESSAGE][PASSED] - Attribute 'value' of object '' is: '150000'

2018-05-15 19:07:59 - [TEST_STEP][PASSED] - Statement - Rqty = 10000: null

2018-05-15 19:07:59 - [TEST_STEP][PASSED] - delay: Delayed 2 second(s)

2018-05-15 19:08:01 - [MESSAGE][PASSED] - Delayed 2 second(s)

2018-05-15 19:08:01 - [TEST_STEP][PASSED] - Statement - out.println("BatchQty : " + batchqty): null

2018-05-15 19:08:01 - [TEST_STEP][PASSED] - Statement - out.println("RQty : " + Rqty): null

2018-05-15 19:08:01 - [TEST_STEP][PASSED] - Statement - If (java.lang.Integer.valueOf(batchqty) >= java.lang.Integer.valueOf(Rqty)): null

2018-05-15 19:08:01 - [TEST_STEP][PASSED] - Statement - Break: null

2018-05-15 19:08:01 - [TEST_STEP][PASSED] - Statement - batchlength = new com.kms.katalon.core.testobject.TestObject(): null

2018-05-15 19:08:01 - [TEST_STEP][PASSED] - Statement - batchlength = com.kms.katalon.core.webui.keyword.WebUiBuiltInKeywords.modifyObjectProperty(batchlength, "xpath", "equals", "//*[@id = "fldvendor" + row + ""]", true): Modify property of object successfully

2018-05-15 19:08:01 - [MESSAGE][PASSED] - Modify property of object successfully

2018-05-15 19:08:01 - [TEST_STEP][PASSED] - Statement - batchsize = com.kms.katalon.core.webui.keyword.WebUiBuiltInKeywords.getNumberOfTotalOption(batchlength): 6 options of object '' counted

2018-05-15 19:08:01 - [MESSAGE][PASSED] - 6 options of object '' counted

2018-05-15 19:08:01 - [TEST_STEP][PASSED] - Statement - out.println("BatchSize : " + batchsize): null

2018-05-15 19:08:01 - [TEST_STEP][PASSED] - Statement - For ([n = 1, n <= batchsize - 1, (n++)]): null

2018-05-15 19:08:01 - [TEST_STEP][PASSED] - Statement - product = new com.kms.katalon.core.testobject.TestObject(): null

2018-05-15 19:08:01 - [TEST_STEP][PASSED] - Statement - product = com.kms.katalon.core.webui.keyword.WebUiBuiltInKeywords.modifyObjectProperty(product, "xpath", "equals", "//*[@id = "fldvendor" + row + ""]", true): Modify property of object successfully

2018-05-15 19:08:01 - [MESSAGE][PASSED] - Modify property of object successfully

2018-05-15 19:08:01 - [TEST_STEP][PASSED] - selectOptionByIndex: All options with index in [1] are selected on object ''

2018-05-15 19:08:01 - [MESSAGE][PASSED] - All options with index in [1] are selected on object ''

2018-05-15 19:08:01 - [TEST_STEP][PASSED] - Statement - batch = new com.kms.katalon.core.testobject.TestObject(): null

2018-05-15 19:08:01 - [TEST_STEP][PASSED] - Statement - batch = com.kms.katalon.core.webui.keyword.WebUiBuiltInKeywords.modifyObjectProperty(batch, "xpath", "equals", "//*[@id = "txtbthqty" + row + ""]", true): Modify property of object successfully

2018-05-15 19:08:01 - [MESSAGE][PASSED] - Modify property of object successfully

2018-05-15 19:08:01 - [TEST_STEP][PASSED] - Statement - batchqty = com.kms.katalon.core.webui.keyword.WebUiBuiltInKeywords.getAttribute(batch, "value").trim(): Attribute 'value' of object '' is: '150000'

2018-05-15 19:08:01 - [MESSAGE][PASSED] - Attribute 'value' of object '' is: '150000'

2018-05-15 19:08:01 - [TEST_STEP][PASSED] - Statement - Rqty = 10000: null

2018-05-15 19:08:01 - [TEST_STEP][PASSED] - delay: Delayed 2 second(s)

2018-05-15 19:08:03 - [MESSAGE][PASSED] - Delayed 2 second(s)

2018-05-15 19:08:03 - [TEST_STEP][PASSED] - Statement - out.println("BatchQty : " + batchqty): null

2018-05-15 19:08:03 - [TEST_STEP][PASSED] - Statement - out.println("RQty : " + Rqty): null

2018-05-15 19:08:03 - [TEST_STEP][PASSED] - Statement - If (java.lang.Integer.valueOf(batchqty) >= java.lang.Integer.valueOf(Rqty)): null

2018-05-15 19:08:03 - [TEST_STEP][PASSED] - Statement - Break: null

2018-05-15 19:08:03 - [TEST_STEP][PASSED] - Statement - batchlength = new com.kms.katalon.core.testobject.TestObject(): null

2018-05-15 19:08:03 - [TEST_STEP][PASSED] - Statement - batchlength = com.kms.katalon.core.webui.keyword.WebUiBuiltInKeywords.modifyObjectProperty(batchlength, "xpath", "equals", "//*[@id = "fldvendor" + row + ""]", true): Modify property of object successfully

2018-05-15 19:08:03 - [MESSAGE][PASSED] - Modify property of object successfully

2018-05-15 19:08:03 - [TEST_STEP][PASSED] - Statement - batchsize = com.kms.katalon.core.webui.keyword.WebUiBuiltInKeywords.getNumberOfTotalOption(batchlength): 6 options of object '' counted

2018-05-15 19:08:03 - [MESSAGE][PASSED] - 6 options of object '' counted

2018-05-15 19:08:03 - [TEST_STEP][PASSED] - Statement - out.println("BatchSize : " + batchsize): null

2018-05-15 19:08:03 - [TEST_STEP][PASSED] - Statement - For ([n = 1, n <= batchsize - 1, (n++)]): null

2018-05-15 19:08:03 - [TEST_STEP][PASSED] - Statement - product = new com.kms.katalon.core.testobject.TestObject(): null

2018-05-15 19:08:03 - [TEST_STEP][PASSED] - Statement - product = com.kms.katalon.core.webui.keyword.WebUiBuiltInKeywords.modifyObjectProperty(product, "xpath", "equals", "//*[@id = "fldvendor" + row + ""]", true): Modify property of object successfully

2018-05-15 19:08:03 - [MESSAGE][PASSED] - Modify property of object successfully

2018-05-15 19:08:03 - [TEST_STEP][PASSED] - selectOptionByIndex: All options with index in [1] are selected on object ''

2018-05-15 19:08:03 - [MESSAGE][PASSED] - All options with index in [1] are selected on object ''

2018-05-15 19:08:03 - [TEST_STEP][PASSED] - Statement - batch = new com.kms.katalon.core.testobject.TestObject(): null

2018-05-15 19:08:03 - [TEST_STEP][PASSED] - Statement - batch = com.kms.katalon.core.webui.keyword.WebUiBuiltInKeywords.modifyObjectProperty(batch, "xpath", "equals", "//*[@id = "txtbthqty" + row + ""]", true): Modify property of object successfully

2018-05-15 19:08:03 - [MESSAGE][PASSED] - Modify property of object successfully

2018-05-15 19:08:03 - [TEST_STEP][PASSED] - Statement - batchqty = com.kms.katalon.core.webui.keyword.WebUiBuiltInKeywords.getAttribute(batch, "value").trim(): Attribute 'value' of object '' is: '200'

2018-05-15 19:08:03 - [MESSAGE][PASSED] - Attribute 'value' of object '' is: '200'

2018-05-15 19:08:03 - [TEST_STEP][PASSED] - Statement - Rqty = 10000: null

2018-05-15 19:08:03 - [TEST_STEP][PASSED] - delay: Delayed 2 second(s)

2018-05-15 19:08:05 - [MESSAGE][PASSED] - Delayed 2 second(s)

2018-05-15 19:08:05 - [TEST_STEP][PASSED] - Statement - out.println("BatchQty : " + batchqty): null

2018-05-15 19:08:05 - [TEST_STEP][PASSED] - Statement - out.println("RQty : " + Rqty): null

2018-05-15 19:08:05 - [TEST_STEP][PASSED] - Statement - If (java.lang.Integer.valueOf(batchqty) >= java.lang.Integer.valueOf(Rqty)): null

2018-05-15 19:08:05 - [TEST_STEP][PASSED] - Statement - Else: null

2018-05-15 19:08:05 - [TEST_STEP][PASSED] - Statement - out.println("Batchqty Is Less Than Rqty"): null

2018-05-15 19:08:05 - [TEST_STEP][PASSED] - Statement - product = new com.kms.katalon.core.testobject.TestObject(): null

2018-05-15 19:08:05 - [TEST_STEP][PASSED] - Statement - product = com.kms.katalon.core.webui.keyword.WebUiBuiltInKeywords.modifyObjectProperty(product, "xpath", "equals", "//*[@id = "fldvendor" + row + ""]", true): Modify property of object successfully

2018-05-15 19:08:05 - [MESSAGE][PASSED] - Modify property of object successfully

2018-05-15 19:08:05 - [TEST_STEP][PASSED] - selectOptionByIndex: All options with index in [2] are selected on object ''

2018-05-15 19:08:05 - [MESSAGE][PASSED] - All options with index in [2] are selected on object ''

2018-05-15 19:08:05 - [TEST_STEP][PASSED] - Statement - batch = new com.kms.katalon.core.testobject.TestObject(): null

2018-05-15 19:08:05 - [TEST_STEP][PASSED] - Statement - batch = com.kms.katalon.core.webui.keyword.WebUiBuiltInKeywords.modifyObjectProperty(batch, "xpath", "equals", "//*[@id = "txtbthqty" + row + ""]", true): Modify property of object successfully

2018-05-15 19:08:05 - [MESSAGE][PASSED] - Modify property of object successfully

2018-05-15 19:08:05 - [TEST_STEP][PASSED] - Statement - batchqty = com.kms.katalon.core.webui.keyword.WebUiBuiltInKeywords.getAttribute(batch, "value").trim(): Attribute 'value' of object '' is: '400'

2018-05-15 19:08:05 - [MESSAGE][PASSED] - Attribute 'value' of object '' is: '400'

2018-05-15 19:08:05 - [TEST_STEP][PASSED] - Statement - Rqty = 10000: null

2018-05-15 19:08:05 - [TEST_STEP][PASSED] - delay: Delayed 2 second(s)

2018-05-15 19:08:07 - [MESSAGE][PASSED] - Delayed 2 second(s)

2018-05-15 19:08:07 - [TEST_STEP][PASSED] - Statement - out.println("BatchQty : " + batchqty): null

2018-05-15 19:08:07 - [TEST_STEP][PASSED] - Statement - out.println("RQty : " + Rqty): null

2018-05-15 19:08:07 - [TEST_STEP][PASSED] - Statement - If (java.lang.Integer.valueOf(batchqty) >= java.lang.Integer.valueOf(Rqty)): null

2018-05-15 19:08:07 - [TEST_STEP][PASSED] - Statement - Else: null

2018-05-15 19:08:07 - [TEST_STEP][PASSED] - Statement - out.println("Batchqty Is Less Than Rqty"): null

2018-05-15 19:08:07 - [TEST_STEP][PASSED] - Statement - product = new com.kms.katalon.core.testobject.TestObject(): null

2018-05-15 19:08:07 - [TEST_STEP][PASSED] - Statement - product = com.kms.katalon.core.webui.keyword.WebUiBuiltInKeywords.modifyObjectProperty(product, "xpath", "equals", "//*[@id = "fldvendor" + row + ""]", true): Modify property of object successfully

2018-05-15 19:08:07 - [MESSAGE][PASSED] - Modify property of object successfully

2018-05-15 19:08:07 - [TEST_STEP][PASSED] - selectOptionByIndex: All options with index in [3] are selected on object ''

2018-05-15 19:08:08 - [MESSAGE][PASSED] - All options with index in [3] are selected on object ''

2018-05-15 19:08:08 - [TEST_STEP][PASSED] - Statement - batch = new com.kms.katalon.core.testobject.TestObject(): null

2018-05-15 19:08:08 - [TEST_STEP][PASSED] - Statement - batch = com.kms.katalon.core.webui.keyword.WebUiBuiltInKeywords.modifyObjectProperty(batch, "xpath", "equals", "//*[@id = "txtbthqty" + row + ""]", true): Modify property of object successfully

2018-05-15 19:08:08 - [MESSAGE][PASSED] - Modify property of object successfully

2018-05-15 19:08:08 - [TEST_STEP][PASSED] - Statement - batchqty = com.kms.katalon.core.webui.keyword.WebUiBuiltInKeywords.getAttribute(batch, "value").trim(): Attribute 'value' of object '' is: '5000'

2018-05-15 19:08:08 - [MESSAGE][PASSED] - Attribute 'value' of object '' is: '5000'

2018-05-15 19:08:08 - [TEST_STEP][PASSED] - Statement - Rqty = 10000: null

2018-05-15 19:08:08 - [TEST_STEP][PASSED] - delay: Delayed 2 second(s)

2018-05-15 19:08:10 - [MESSAGE][PASSED] - Delayed 2 second(s)

2018-05-15 19:08:10 - [TEST_STEP][PASSED] - Statement - out.println("BatchQty : " + batchqty): null

2018-05-15 19:08:10 - [TEST_STEP][PASSED] - Statement - out.println("RQty : " + Rqty): null

2018-05-15 19:08:10 - [TEST_STEP][PASSED] - Statement - If (java.lang.Integer.valueOf(batchqty) >= java.lang.Integer.valueOf(Rqty)): null

2018-05-15 19:08:10 - [TEST_STEP][PASSED] - Statement - Else: null

2018-05-15 19:08:10 - [TEST_STEP][PASSED] - Statement - out.println("Batchqty Is Less Than Rqty"): null

2018-05-15 19:08:10 - [TEST_STEP][PASSED] - Statement - product = new com.kms.katalon.core.testobject.TestObject(): null

2018-05-15 19:08:10 - [TEST_STEP][PASSED] - Statement - product = com.kms.katalon.core.webui.keyword.WebUiBuiltInKeywords.modifyObjectProperty(product, "xpath", "equals", "//*[@id = "fldvendor" + row + ""]", true): Modify property of object successfully

2018-05-15 19:08:10 - [MESSAGE][PASSED] - Modify property of object successfully

2018-05-15 19:08:10 - [TEST_STEP][PASSED] - selectOptionByIndex: All options with index in [4] are selected on object ''

2018-05-15 19:08:10 - [MESSAGE][PASSED] - All options with index in [4] are selected on object ''

2018-05-15 19:08:10 - [TEST_STEP][PASSED] - Statement - batch = new com.kms.katalon.core.testobject.TestObject(): null

2018-05-15 19:08:10 - [TEST_STEP][PASSED] - Statement - batch = com.kms.katalon.core.webui.keyword.WebUiBuiltInKeywords.modifyObjectProperty(batch, "xpath", "equals", "//*[@id = "txtbthqty" + row + ""]", true): Modify property of object successfully

2018-05-15 19:08:10 - [MESSAGE][PASSED] - Modify property of object successfully

2018-05-15 19:08:10 - [TEST_STEP][PASSED] - Statement - batchqty = com.kms.katalon.core.webui.keyword.WebUiBuiltInKeywords.getAttribute(batch, "value").trim(): Attribute 'value' of object '' is: '5000'

2018-05-15 19:08:10 - [MESSAGE][PASSED] - Attribute 'value' of object '' is: '5000'

2018-05-15 19:08:10 - [TEST_STEP][PASSED] - Statement - Rqty = 10000: null

2018-05-15 19:08:10 - [TEST_STEP][PASSED] - delay: Delayed 2 second(s)

2018-05-15 19:08:12 - [MESSAGE][PASSED] - Delayed 2 second(s)

2018-05-15 19:08:12 - [TEST_STEP][PASSED] - Statement - out.println("BatchQty : " + batchqty): null

2018-05-15 19:08:12 - [TEST_STEP][PASSED] - Statement - out.println("RQty : " + Rqty): null

2018-05-15 19:08:12 - [TEST_STEP][PASSED] - Statement - If (java.lang.Integer.valueOf(batchqty) >= java.lang.Integer.valueOf(Rqty)): null

2018-05-15 19:08:12 - [TEST_STEP][PASSED] - Statement - Else: null

2018-05-15 19:08:12 - [TEST_STEP][PASSED] - Statement - out.println("Batchqty Is Less Than Rqty"): null

2018-05-15 19:08:12 - [TEST_STEP][PASSED] - Statement - product = new com.kms.katalon.core.testobject.TestObject(): null

2018-05-15 19:08:12 - [TEST_STEP][PASSED] - Statement - product = com.kms.katalon.core.webui.keyword.WebUiBuiltInKeywords.modifyObjectProperty(product, "xpath", "equals", "//*[@id = "fldvendor" + row + ""]", true): Modify property of object successfully

2018-05-15 19:08:12 - [MESSAGE][PASSED] - Modify property of object successfully

2018-05-15 19:08:12 - [TEST_STEP][PASSED] - selectOptionByIndex: All options with index in [5] are selected on object ''

2018-05-15 19:08:12 - [MESSAGE][PASSED] - All options with index in [5] are selected on object ''

2018-05-15 19:08:12 - [TEST_STEP][PASSED] - Statement - batch = new com.kms.katalon.core.testobject.TestObject(): null

2018-05-15 19:08:12 - [TEST_STEP][PASSED] - Statement - batch = com.kms.katalon.core.webui.keyword.WebUiBuiltInKeywords.modifyObjectProperty(batch, "xpath", "equals", "//*[@id = "txtbthqty" + row + ""]", true): Modify property of object successfully

2018-05-15 19:08:12 - [MESSAGE][PASSED] - Modify property of object successfully

2018-05-15 19:08:12 - [TEST_STEP][PASSED] - Statement - batchqty = com.kms.katalon.core.webui.keyword.WebUiBuiltInKeywords.getAttribute(batch, "value").trim(): Attribute 'value' of object '' is: '5000'

2018-05-15 19:08:12 - [MESSAGE][PASSED] - Attribute 'value' of object '' is: '5000'

2018-05-15 19:08:12 - [TEST_STEP][PASSED] - Statement - Rqty = 10000: null

2018-05-15 19:08:12 - [TEST_STEP][PASSED] - delay: Delayed 2 second(s)

2018-05-15 19:08:14 - [MESSAGE][PASSED] - Delayed 2 second(s)

2018-05-15 19:08:14 - [TEST_STEP][PASSED] - Statement - out.println("BatchQty : " + batchqty): null

2018-05-15 19:08:14 - [TEST_STEP][PASSED] - Statement - out.println("RQty : " + Rqty): null

2018-05-15 19:08:14 - [TEST_STEP][PASSED] - Statement - If (java.lang.Integer.valueOf(batchqty) >= java.lang.Integer.valueOf(Rqty)): null

2018-05-15 19:08:14 - [TEST_STEP][PASSED] - Statement - Else: null

2018-05-15 19:08:14 - [TEST_STEP][PASSED] - Statement - out.println("Batchqty Is Less Than Rqty"): null

2018-05-15 19:08:14 - [TEST_STEP][PASSED] - Statement - batchlength = new com.kms.katalon.core.testobject.TestObject(): null

2018-05-15 19:08:14 - [TEST_STEP][PASSED] - Statement - batchlength = com.kms.katalon.core.webui.keyword.WebUiBuiltInKeywords.modifyObjectProperty(batchlength, "xpath", "equals", "//*[@id = "fldvendor" + row + ""]", true): Modify property of object successfully

2018-05-15 19:08:14 - [MESSAGE][PASSED] - Modify property of object successfully

2018-05-15 19:08:14 - [TEST_STEP][PASSED] - Statement - batchsize = com.kms.katalon.core.webui.keyword.WebUiBuiltInKeywords.getNumberOfTotalOption(batchlength): 6 options of object '' counted

2018-05-15 19:08:14 - [MESSAGE][PASSED] - 6 options of object '' counted

2018-05-15 19:08:14 - [TEST_STEP][PASSED] - Statement - out.println("BatchSize : " + batchsize): null

2018-05-15 19:08:14 - [TEST_STEP][PASSED] - Statement - For ([n = 1, n <= batchsize - 1, (n++)]): null

2018-05-15 19:08:14 - [TEST_STEP][PASSED] - Statement - product = new com.kms.katalon.core.testobject.TestObject(): null

2018-05-15 19:08:14 - [TEST_STEP][PASSED] - Statement - product = com.kms.katalon.core.webui.keyword.WebUiBuiltInKeywords.modifyObjectProperty(product, "xpath", "equals", "//*[@id = "fldvendor" + row + ""]", true): Modify property of object successfully

2018-05-15 19:08:14 - [MESSAGE][PASSED] - Modify property of object successfully

2018-05-15 19:08:14 - [TEST_STEP][PASSED] - selectOptionByIndex: All options with index in [1] are selected on object ''

2018-05-15 19:08:14 - [MESSAGE][PASSED] - All options with index in [1] are selected on object ''

2018-05-15 19:08:14 - [TEST_STEP][PASSED] - Statement - batch = new com.kms.katalon.core.testobject.TestObject(): null

2018-05-15 19:08:14 - [TEST_STEP][PASSED] - Statement - batch = com.kms.katalon.core.webui.keyword.WebUiBuiltInKeywords.modifyObjectProperty(batch, "xpath", "equals", "//*[@id = "txtbthqty" + row + ""]", true): Modify property of object successfully

2018-05-15 19:08:14 - [MESSAGE][PASSED] - Modify property of object successfully

2018-05-15 19:08:14 - [TEST_STEP][PASSED] - Statement - batchqty = com.kms.katalon.core.webui.keyword.WebUiBuiltInKeywords.getAttribute(batch, "value").trim(): Attribute 'value' of object '' is: '200'

2018-05-15 19:08:14 - [MESSAGE][PASSED] - Attribute 'value' of object '' is: '200'

2018-05-15 19:08:14 - [TEST_STEP][PASSED] - Statement - Rqty = 10000: null

2018-05-15 19:08:14 - [TEST_STEP][PASSED] - delay: Delayed 2 second(s)

2018-05-15 19:08:16 - [MESSAGE][PASSED] - Delayed 2 second(s)

2018-05-15 19:08:16 - [TEST_STEP][PASSED] - Statement - out.println("BatchQty : " + batchqty): null

2018-05-15 19:08:16 - [TEST_STEP][PASSED] - Statement - out.println("RQty : " + Rqty): null

2018-05-15 19:08:16 - [TEST_STEP][PASSED] - Statement - If (java.lang.Integer.valueOf(batchqty) >= java.lang.Integer.valueOf(Rqty)): null

2018-05-15 19:08:16 - [TEST_STEP][PASSED] - Statement - Else: null

2018-05-15 19:08:16 - [TEST_STEP][PASSED] - Statement - out.println("Batchqty Is Less Than Rqty"): null

2018-05-15 19:08:16 - [TEST_STEP][PASSED] - Statement - product = new com.kms.katalon.core.testobject.TestObject(): null

2018-05-15 19:08:16 - [TEST_STEP][PASSED] - Statement - product = com.kms.katalon.core.webui.keyword.WebUiBuiltInKeywords.modifyObjectProperty(product, "xpath", "equals", "//*[@id = "fldvendor" + row + ""]", true): Modify property of object successfully

2018-05-15 19:08:16 - [MESSAGE][PASSED] - Modify property of object successfully

2018-05-15 19:08:16 - [TEST_STEP][PASSED] - selectOptionByIndex: All options with index in [2] are selected on object ''

2018-05-15 19:08:16 - [MESSAGE][PASSED] - All options with index in [2] are selected on object ''

2018-05-15 19:08:16 - [TEST_STEP][PASSED] - Statement - batch = new com.kms.katalon.core.testobject.TestObject(): null

2018-05-15 19:08:16 - [TEST_STEP][PASSED] - Statement - batch = com.kms.katalon.core.webui.keyword.WebUiBuiltInKeywords.modifyObjectProperty(batch, "xpath", "equals", "//*[@id = "txtbthqty" + row + ""]", true): Modify property of object successfully

2018-05-15 19:08:16 - [MESSAGE][PASSED] - Modify property of object successfully

2018-05-15 19:08:16 - [TEST_STEP][PASSED] - Statement - batchqty = com.kms.katalon.core.webui.keyword.WebUiBuiltInKeywords.getAttribute(batch, "value").trim(): Attribute 'value' of object '' is: '150000'

2018-05-15 19:08:16 - [MESSAGE][PASSED] - Attribute 'value' of object '' is: '150000'

2018-05-15 19:08:16 - [TEST_STEP][PASSED] - Statement - Rqty = 10000: null

2018-05-15 19:08:16 - [TEST_STEP][PASSED] - delay: Delayed 2 second(s)

2018-05-15 19:08:18 - [MESSAGE][PASSED] - Delayed 2 second(s)

2018-05-15 19:08:18 - [TEST_STEP][PASSED] - Statement - out.println("BatchQty : " + batchqty): null

2018-05-15 19:08:18 - [TEST_STEP][PASSED] - Statement - out.println("RQty : " + Rqty): null

2018-05-15 19:08:18 - [TEST_STEP][PASSED] - Statement - If (java.lang.Integer.valueOf(batchqty) >= java.lang.Integer.valueOf(Rqty)): null

2018-05-15 19:08:18 - [TEST_STEP][PASSED] - Statement - Break: null

2018-05-15 19:08:18 - [TEST_STEP][PASSED] - Statement - batchlength = new com.kms.katalon.core.testobject.TestObject(): null

2018-05-15 19:08:18 - [TEST_STEP][PASSED] - Statement - batchlength = com.kms.katalon.core.webui.keyword.WebUiBuiltInKeywords.modifyObjectProperty(batchlength, "xpath", "equals", "//*[@id = "fldvendor" + row + ""]", true): Modify property of object successfully

2018-05-15 19:08:18 - [MESSAGE][PASSED] - Modify property of object successfully

2018-05-15 19:08:18 - [TEST_STEP][PASSED] - Statement - batchsize = com.kms.katalon.core.webui.keyword.WebUiBuiltInKeywords.getNumberOfTotalOption(batchlength): 6 options of object '' counted

2018-05-15 19:08:19 - [MESSAGE][PASSED] - 6 options of object '' counted

2018-05-15 19:08:19 - [TEST_STEP][PASSED] - Statement - out.println("BatchSize : " + batchsize): null

2018-05-15 19:08:19 - [TEST_STEP][PASSED] - Statement - For ([n = 1, n <= batchsize - 1, (n++)]): null

2018-05-15 19:08:19 - [TEST_STEP][PASSED] - Statement - product = new com.kms.katalon.core.testobject.TestObject(): null

2018-05-15 19:08:19 - [TEST_STEP][PASSED] - Statement - product = com.kms.katalon.core.webui.keyword.WebUiBuiltInKeywords.modifyObjectProperty(product, "xpath", "equals", "//*[@id = "fldvendor" + row + ""]", true): Modify property of object successfully

2018-05-15 19:08:19 - [MESSAGE][PASSED] - Modify property of object successfully

2018-05-15 19:08:19 - [TEST_STEP][PASSED] - selectOptionByIndex: All options with index in [1] are selected on object ''

2018-05-15 19:08:19 - [MESSAGE][PASSED] - All options with index in [1] are selected on object ''

2018-05-15 19:08:19 - [TEST_STEP][PASSED] - Statement - batch = new com.kms.katalon.core.testobject.TestObject(): null

2018-05-15 19:08:19 - [TEST_STEP][PASSED] - Statement - batch = com.kms.katalon.core.webui.keyword.WebUiBuiltInKeywords.modifyObjectProperty(batch, "xpath", "equals", "//*[@id = "txtbthqty" + row + ""]", true): Modify property of object successfully

2018-05-15 19:08:19 - [MESSAGE][PASSED] - Modify property of object successfully

2018-05-15 19:08:19 - [TEST_STEP][PASSED] - Statement - batchqty = com.kms.katalon.core.webui.keyword.WebUiBuiltInKeywords.getAttribute(batch, "value").trim(): Attribute 'value' of object '' is: '5000'

2018-05-15 19:08:19 - [MESSAGE][PASSED] - Attribute 'value' of object '' is: '5000'

2018-05-15 19:08:19 - [TEST_STEP][PASSED] - Statement - Rqty = 10000: null

2018-05-15 19:08:19 - [TEST_STEP][PASSED] - delay: Delayed 2 second(s)

2018-05-15 19:08:21 - [MESSAGE][PASSED] - Delayed 2 second(s)

2018-05-15 19:08:21 - [TEST_STEP][PASSED] - Statement - out.println("BatchQty : " + batchqty): null

2018-05-15 19:08:21 - [TEST_STEP][PASSED] - Statement - out.println("RQty : " + Rqty): null

2018-05-15 19:08:21 - [TEST_STEP][PASSED] - Statement - If (java.lang.Integer.valueOf(batchqty) >= java.lang.Integer.valueOf(Rqty)): null

2018-05-15 19:08:21 - [TEST_STEP][PASSED] - Statement - Else: null

2018-05-15 19:08:21 - [TEST_STEP][PASSED] - Statement - out.println("Batchqty Is Less Than Rqty"): null

2018-05-15 19:08:21 - [TEST_STEP][PASSED] - Statement - product = new com.kms.katalon.core.testobject.TestObject(): null

2018-05-15 19:08:21 - [TEST_STEP][PASSED] - Statement - product = com.kms.katalon.core.webui.keyword.WebUiBuiltInKeywords.modifyObjectProperty(product, "xpath", "equals", "//*[@id = "fldvendor" + row + ""]", true): Modify property of object successfully

2018-05-15 19:08:21 - [MESSAGE][PASSED] - Modify property of object successfully

2018-05-15 19:08:21 - [TEST_STEP][PASSED] - selectOptionByIndex: All options with index in [2] are selected on object ''

2018-05-15 19:08:21 - [MESSAGE][PASSED] - All options with index in [2] are selected on object ''

2018-05-15 19:08:21 - [TEST_STEP][PASSED] - Statement - batch = new com.kms.katalon.core.testobject.TestObject(): null

2018-05-15 19:08:21 - [TEST_STEP][PASSED] - Statement - batch = com.kms.katalon.core.webui.keyword.WebUiBuiltInKeywords.modifyObjectProperty(batch, "xpath", "equals", "//*[@id = "txtbthqty" + row + ""]", true): Modify property of object successfully

2018-05-15 19:08:21 - [MESSAGE][PASSED] - Modify property of object successfully

2018-05-15 19:08:21 - [TEST_STEP][PASSED] - Statement - batchqty = com.kms.katalon.core.webui.keyword.WebUiBuiltInKeywords.getAttribute(batch, "value").trim(): Attribute 'value' of object '' is: '150000'

2018-05-15 19:08:21 - [MESSAGE][PASSED] - Attribute 'value' of object '' is: '150000'

2018-05-15 19:08:21 - [TEST_STEP][PASSED] - Statement - Rqty = 10000: null

2018-05-15 19:08:21 - [TEST_STEP][PASSED] - delay: Delayed 2 second(s)

2018-05-15 19:08:23 - [MESSAGE][PASSED] - Delayed 2 second(s)

2018-05-15 19:08:23 - [TEST_STEP][PASSED] - Statement - out.println("BatchQty : " + batchqty): null

2018-05-15 19:08:23 - [TEST_STEP][PASSED] - Statement - out.println("RQty : " + Rqty): null

2018-05-15 19:08:23 - [TEST_STEP][PASSED] - Statement - If (java.lang.Integer.valueOf(batchqty) >= java.lang.Integer.valueOf(Rqty)): null

2018-05-15 19:08:23 - [TEST_STEP][PASSED] - Statement - Break: null

2018-05-15 19:08:23 - [TEST_STEP][PASSED] - Statement - batchlength = new com.kms.katalon.core.testobject.TestObject(): null

2018-05-15 19:08:23 - [TEST_STEP][PASSED] - Statement - batchlength = com.kms.katalon.core.webui.keyword.WebUiBuiltInKeywords.modifyObjectProperty(batchlength, "xpath", "equals", "//*[@id = "fldvendor" + row + ""]", true): Modify property of object successfully

2018-05-15 19:08:23 - [MESSAGE][PASSED] - Modify property of object successfully

2018-05-15 19:08:23 - [TEST_STEP][PASSED] - Statement - batchsize = com.kms.katalon.core.webui.keyword.WebUiBuiltInKeywords.getNumberOfTotalOption(batchlength): 6 options of object '' counted

2018-05-15 19:08:23 - [MESSAGE][PASSED] - 6 options of object '' counted

2018-05-15 19:08:23 - [TEST_STEP][PASSED] - Statement - out.println("BatchSize : " + batchsize): null

2018-05-15 19:08:23 - [TEST_STEP][PASSED] - Statement - For ([n = 1, n <= batchsize - 1, (n++)]): null

2018-05-15 19:08:23 - [TEST_STEP][PASSED] - Statement - product = new com.kms.katalon.core.testobject.TestObject(): null

2018-05-15 19:08:23 - [TEST_STEP][PASSED] - Statement - product = com.kms.katalon.core.webui.keyword.WebUiBuiltInKeywords.modifyObjectProperty(product, "xpath", "equals", "//*[@id = "fldvendor" + row + ""]", true): Modify property of object successfully

2018-05-15 19:08:23 - [MESSAGE][PASSED] - Modify property of object successfully

2018-05-15 19:08:23 - [TEST_STEP][PASSED] - selectOptionByIndex: All options with index in [1] are selected on object ''

2018-05-15 19:08:23 - [MESSAGE][PASSED] - All options with index in [1] are selected on object ''

2018-05-15 19:08:23 - [TEST_STEP][PASSED] - Statement - batch = new com.kms.katalon.core.testobject.TestObject(): null

2018-05-15 19:08:23 - [TEST_STEP][PASSED] - Statement - batch = com.kms.katalon.core.webui.keyword.WebUiBuiltInKeywords.modifyObjectProperty(batch, "xpath", "equals", "//*[@id = "txtbthqty" + row + ""]", true): Modify property of object successfully

2018-05-15 19:08:23 - [MESSAGE][PASSED] - Modify property of object successfully

2018-05-15 19:08:23 - [TEST_STEP][PASSED] - Statement - batchqty = com.kms.katalon.core.webui.keyword.WebUiBuiltInKeywords.getAttribute(batch, "value").trim(): Attribute 'value' of object '' is: '200'

2018-05-15 19:08:23 - [MESSAGE][PASSED] - Attribute 'value' of object '' is: '200'

2018-05-15 19:08:23 - [TEST_STEP][PASSED] - Statement - Rqty = 10000: null

2018-05-15 19:08:23 - [TEST_STEP][PASSED] - delay: Delayed 2 second(s)

2018-05-15 19:08:25 - [MESSAGE][PASSED] - Delayed 2 second(s)

2018-05-15 19:08:25 - [TEST_STEP][PASSED] - Statement - out.println("BatchQty : " + batchqty): null

2018-05-15 19:08:25 - [TEST_STEP][PASSED] - Statement - out.println("RQty : " + Rqty): null

2018-05-15 19:08:25 - [TEST_STEP][PASSED] - Statement - If (java.lang.Integer.valueOf(batchqty) >= java.lang.Integer.valueOf(Rqty)): null

2018-05-15 19:08:25 - [TEST_STEP][PASSED] - Statement - Else: null

2018-05-15 19:08:25 - [TEST_STEP][PASSED] - Statement - out.println("Batchqty Is Less Than Rqty"): null

2018-05-15 19:08:25 - [TEST_STEP][PASSED] - Statement - product = new com.kms.katalon.core.testobject.TestObject(): null

2018-05-15 19:08:25 - [TEST_STEP][PASSED] - Statement - product = com.kms.katalon.core.webui.keyword.WebUiBuiltInKeywords.modifyObjectProperty(product, "xpath", "equals", "//*[@id = "fldvendor" + row + ""]", true): Modify property of object successfully

2018-05-15 19:08:25 - [MESSAGE][PASSED] - Modify property of object successfully

2018-05-15 19:08:25 - [TEST_STEP][PASSED] - selectOptionByIndex: All options with index in [2] are selected on object ''

2018-05-15 19:08:25 - [MESSAGE][PASSED] - All options with index in [2] are selected on object ''

2018-05-15 19:08:25 - [TEST_STEP][PASSED] - Statement - batch = new com.kms.katalon.core.testobject.TestObject(): null

2018-05-15 19:08:25 - [TEST_STEP][PASSED] - Statement - batch = com.kms.katalon.core.webui.keyword.WebUiBuiltInKeywords.modifyObjectProperty(batch, "xpath", "equals", "//*[@id = "txtbthqty" + row + ""]", true): Modify property of object successfully

2018-05-15 19:08:25 - [MESSAGE][PASSED] - Modify property of object successfully

2018-05-15 19:08:25 - [TEST_STEP][PASSED] - Statement - batchqty = com.kms.katalon.core.webui.keyword.WebUiBuiltInKeywords.getAttribute(batch, "value").trim(): Attribute 'value' of object '' is: '5000'

2018-05-15 19:08:25 - [MESSAGE][PASSED] - Attribute 'value' of object '' is: '5000'

2018-05-15 19:08:25 - [TEST_STEP][PASSED] - Statement - Rqty = 10000: null

2018-05-15 19:08:25 - [TEST_STEP][PASSED] - delay: Delayed 2 second(s)

2018-05-15 19:08:27 - [MESSAGE][PASSED] - Delayed 2 second(s)

2018-05-15 19:08:27 - [TEST_STEP][PASSED] - Statement - out.println("BatchQty : " + batchqty): null

2018-05-15 19:08:27 - [TEST_STEP][PASSED] - Statement - out.println("RQty : " + Rqty): null

2018-05-15 19:08:27 - [TEST_STEP][PASSED] - Statement - If (java.lang.Integer.valueOf(batchqty) >= java.lang.Integer.valueOf(Rqty)): null

2018-05-15 19:08:27 - [TEST_STEP][PASSED] - Statement - Else: null

2018-05-15 19:08:27 - [TEST_STEP][PASSED] - Statement - out.println("Batchqty Is Less Than Rqty"): null

2018-05-15 19:08:27 - [TEST_STEP][PASSED] - Statement - product = new com.kms.katalon.core.testobject.TestObject(): null

2018-05-15 19:08:27 - [TEST_STEP][PASSED] - Statement - product = com.kms.katalon.core.webui.keyword.WebUiBuiltInKeywords.modifyObjectProperty(product, "xpath", "equals", "//*[@id = "fldvendor" + row + ""]", true): Modify property of object successfully

2018-05-15 19:08:27 - [MESSAGE][PASSED] - Modify property of object successfully

2018-05-15 19:08:27 - [TEST_STEP][PASSED] - selectOptionByIndex: All options with index in [3] are selected on object ''

2018-05-15 19:08:28 - [MESSAGE][PASSED] - All options with index in [3] are selected on object ''

2018-05-15 19:08:28 - [TEST_STEP][PASSED] - Statement - batch = new com.kms.katalon.core.testobject.TestObject(): null

2018-05-15 19:08:28 - [TEST_STEP][PASSED] - Statement - batch = com.kms.katalon.core.webui.keyword.WebUiBuiltInKeywords.modifyObjectProperty(batch, "xpath", "equals", "//*[@id = "txtbthqty" + row + ""]", true): Modify property of object successfully

2018-05-15 19:08:28 - [MESSAGE][PASSED] - Modify property of object successfully

2018-05-15 19:08:28 - [TEST_STEP][PASSED] - Statement - batchqty = com.kms.katalon.core.webui.keyword.WebUiBuiltInKeywords.getAttribute(batch, "value").trim(): Attribute 'value' of object '' is: '400'

2018-05-15 19:08:28 - [MESSAGE][PASSED] - Attribute 'value' of object '' is: '400'

2018-05-15 19:08:28 - [TEST_STEP][PASSED] - Statement - Rqty = 10000: null

2018-05-15 19:08:28 - [TEST_STEP][PASSED] - delay: Delayed 2 second(s)

2018-05-15 19:08:30 - [MESSAGE][PASSED] - Delayed 2 second(s)

2018-05-15 19:08:30 - [TEST_STEP][PASSED] - Statement - out.println("BatchQty : " + batchqty): null

2018-05-15 19:08:30 - [TEST_STEP][PASSED] - Statement - out.println("RQty : " + Rqty): null

2018-05-15 19:08:30 - [TEST_STEP][PASSED] - Statement - If (java.lang.Integer.valueOf(batchqty) >= java.lang.Integer.valueOf(Rqty)): null

2018-05-15 19:08:30 - [TEST_STEP][PASSED] - Statement - Else: null

2018-05-15 19:08:30 - [TEST_STEP][PASSED] - Statement - out.println("Batchqty Is Less Than Rqty"): null

2018-05-15 19:08:30 - [TEST_STEP][PASSED] - Statement - product = new com.kms.katalon.core.testobject.TestObject(): null

2018-05-15 19:08:30 - [TEST_STEP][PASSED] - Statement - product = com.kms.katalon.core.webui.keyword.WebUiBuiltInKeywords.modifyObjectProperty(product, "xpath", "equals", "//*[@id = "fldvendor" + row + ""]", true): Modify property of object successfully

2018-05-15 19:08:30 - [MESSAGE][PASSED] - Modify property of object successfully

2018-05-15 19:08:30 - [TEST_STEP][PASSED] - selectOptionByIndex: All options with index in [4] are selected on object ''

2018-05-15 19:08:30 - [MESSAGE][PASSED] - All options with index in [4] are selected on object ''

2018-05-15 19:08:30 - [TEST_STEP][PASSED] - Statement - batch = new com.kms.katalon.core.testobject.TestObject(): null

2018-05-15 19:08:30 - [TEST_STEP][PASSED] - Statement - batch = com.kms.katalon.core.webui.keyword.WebUiBuiltInKeywords.modifyObjectProperty(batch, "xpath", "equals", "//*[@id = "txtbthqty" + row + ""]", true): Modify property of object successfully

2018-05-15 19:08:30 - [MESSAGE][PASSED] - Modify property of object successfully

2018-05-15 19:08:30 - [TEST_STEP][PASSED] - Statement - batchqty = com.kms.katalon.core.webui.keyword.WebUiBuiltInKeywords.getAttribute(batch, "value").trim(): Attribute 'value' of object '' is: '5000'

2018-05-15 19:08:30 - [MESSAGE][PASSED] - Attribute 'value' of object '' is: '5000'

2018-05-15 19:08:30 - [TEST_STEP][PASSED] - Statement - Rqty = 10000: null

2018-05-15 19:08:30 - [TEST_STEP][PASSED] - delay: Delayed 2 second(s)

2018-05-15 19:08:32 - [MESSAGE][PASSED] - Delayed 2 second(s)

2018-05-15 19:08:32 - [TEST_STEP][PASSED] - Statement - out.println("BatchQty : " + batchqty): null

2018-05-15 19:08:32 - [TEST_STEP][PASSED] - Statement - out.println("RQty : " + Rqty): null

2018-05-15 19:08:32 - [TEST_STEP][PASSED] - Statement - If (java.lang.Integer.valueOf(batchqty) >= java.lang.Integer.valueOf(Rqty)): null

2018-05-15 19:08:32 - [TEST_STEP][PASSED] - Statement - Else: null

2018-05-15 19:08:32 - [TEST_STEP][PASSED] - Statement - out.println("Batchqty Is Less Than Rqty"): null

2018-05-15 19:08:32 - [TEST_STEP][PASSED] - Statement - product = new com.kms.katalon.core.testobject.TestObject(): null

2018-05-15 19:08:32 - [TEST_STEP][PASSED] - Statement - product = com.kms.katalon.core.webui.keyword.WebUiBuiltInKeywords.modifyObjectProperty(product, "xpath", "equals", "//*[@id = "fldvendor" + row + ""]", true): Modify property of object successfully

2018-05-15 19:08:32 - [MESSAGE][PASSED] - Modify property of object successfully

2018-05-15 19:08:32 - [TEST_STEP][PASSED] - selectOptionByIndex: All options with index in [5] are selected on object ''

2018-05-15 19:08:32 - [MESSAGE][PASSED] - All options with index in [5] are selected on object ''

2018-05-15 19:08:32 - [TEST_STEP][PASSED] - Statement - batch = new com.kms.katalon.core.testobject.TestObject(): null

2018-05-15 19:08:32 - [TEST_STEP][PASSED] - Statement - batch = com.kms.katalon.core.webui.keyword.WebUiBuiltInKeywords.modifyObjectProperty(batch, "xpath", "equals", "//*[@id = "txtbthqty" + row + ""]", true): Modify property of object successfully

2018-05-15 19:08:32 - [MESSAGE][PASSED] - Modify property of object successfully

2018-05-15 19:08:32 - [TEST_STEP][PASSED] - Statement - batchqty = com.kms.katalon.core.webui.keyword.WebUiBuiltInKeywords.getAttribute(batch, "value").trim(): Attribute 'value' of object '' is: '150000'

2018-05-15 19:08:32 - [MESSAGE][PASSED] - Attribute 'value' of object '' is: '150000'

2018-05-15 19:08:32 - [TEST_STEP][PASSED] - Statement - Rqty = 10000: null

2018-05-15 19:08:32 - [TEST_STEP][PASSED] - delay: Delayed 2 second(s)

2018-05-15 19:08:34 - [MESSAGE][PASSED] - Delayed 2 second(s)

2018-05-15 19:08:34 - [TEST_STEP][PASSED] - Statement - out.println("BatchQty : " + batchqty): null

2018-05-15 19:08:34 - [TEST_STEP][PASSED] - Statement - out.println("RQty : " + Rqty): null

2018-05-15 19:08:34 - [TEST_STEP][PASSED] - Statement - If (java.lang.Integer.valueOf(batchqty) >= java.lang.Integer.valueOf(Rqty)): null

2018-05-15 19:08:34 - [TEST_STEP][PASSED] - Statement - Break: null

2018-05-15 19:08:34 - [TEST_STEP][PASSED] - Statement - batchlength = new com.kms.katalon.core.testobject.TestObject(): null

2018-05-15 19:08:34 - [TEST_STEP][PASSED] - Statement - batchlength = com.kms.katalon.core.webui.keyword.WebUiBuiltInKeywords.modifyObjectProperty(batchlength, "xpath", "equals", "//*[@id = "fldvendor" + row + ""]", true): Modify property of object successfully

2018-05-15 19:08:34 - [MESSAGE][PASSED] - Modify property of object successfully

2018-05-15 19:08:34 - [TEST_STEP][PASSED] - Statement - batchsize = com.kms.katalon.core.webui.keyword.WebUiBuiltInKeywords.getNumberOfTotalOption(batchlength): 6 options of object '' counted

2018-05-15 19:08:34 - [MESSAGE][PASSED] - 6 options of object '' counted

2018-05-15 19:08:34 - [TEST_STEP][PASSED] - Statement - out.println("BatchSize : " + batchsize): null

2018-05-15 19:08:34 - [TEST_STEP][PASSED] - Statement - For ([n = 1, n <= batchsize - 1, (n++)]): null

2018-05-15 19:08:34 - [TEST_STEP][PASSED] - Statement - product = new com.kms.katalon.core.testobject.TestObject(): null

2018-05-15 19:08:34 - [TEST_STEP][PASSED] - Statement - product = com.kms.katalon.core.webui.keyword.WebUiBuiltInKeywords.modifyObjectProperty(product, "xpath", "equals", "//*[@id = "fldvendor" + row + ""]", true): Modify property of object successfully

2018-05-15 19:08:34 - [MESSAGE][PASSED] - Modify property of object successfully

2018-05-15 19:08:34 - [TEST_STEP][PASSED] - selectOptionByIndex: All options with index in [1] are selected on object ''

2018-05-15 19:08:34 - [MESSAGE][PASSED] - All options with index in [1] are selected on object ''

2018-05-15 19:08:34 - [TEST_STEP][PASSED] - Statement - batch = new com.kms.katalon.core.testobject.TestObject(): null

2018-05-15 19:08:34 - [TEST_STEP][PASSED] - Statement - batch = com.kms.katalon.core.webui.keyword.WebUiBuiltInKeywords.modifyObjectProperty(batch, "xpath", "equals", "//*[@id = "txtbthqty" + row + ""]", true): Modify property of object successfully

2018-05-15 19:08:34 - [MESSAGE][PASSED] - Modify property of object successfully

2018-05-15 19:08:34 - [TEST_STEP][PASSED] - Statement - batchqty = com.kms.katalon.core.webui.keyword.WebUiBuiltInKeywords.getAttribute(batch, "value").trim(): Attribute 'value' of object '' is: '5000'

2018-05-15 19:08:34 - [MESSAGE][PASSED] - Attribute 'value' of object '' is: '5000'

2018-05-15 19:08:34 - [TEST_STEP][PASSED] - Statement - Rqty = 10000: null

2018-05-15 19:08:34 - [TEST_STEP][PASSED] - delay: Delayed 2 second(s)

2018-05-15 19:08:36 - [MESSAGE][PASSED] - Delayed 2 second(s)

2018-05-15 19:08:36 - [TEST_STEP][PASSED] - Statement - out.println("BatchQty : " + batchqty): null

2018-05-15 19:08:36 - [TEST_STEP][PASSED] - Statement - out.println("RQty : " + Rqty): null

2018-05-15 19:08:36 - [TEST_STEP][PASSED] - Statement - If (java.lang.Integer.valueOf(batchqty) >= java.lang.Integer.valueOf(Rqty)): null

2018-05-15 19:08:36 - [TEST_STEP][PASSED] - Statement - Else: null

2018-05-15 19:08:36 - [TEST_STEP][PASSED] - Statement - out.println("Batchqty Is Less Than Rqty"): null

2018-05-15 19:08:36 - [TEST_STEP][PASSED] - Statement - product = new com.kms.katalon.core.testobject.TestObject(): null

2018-05-15 19:08:36 - [TEST_STEP][PASSED] - Statement - product = com.kms.katalon.core.webui.keyword.WebUiBuiltInKeywords.modifyObjectProperty(product, "xpath", "equals", "//*[@id = "fldvendor" + row + ""]", true): Modify property of object successfully

2018-05-15 19:08:36 - [MESSAGE][PASSED] - Modify property of object successfully

2018-05-15 19:08:36 - [TEST_STEP][PASSED] - selectOptionByIndex: All options with index in [2] are selected on object ''

2018-05-15 19:08:36 - [MESSAGE][PASSED] - All options with index in [2] are selected on object ''

2018-05-15 19:08:36 - [TEST_STEP][PASSED] - Statement - batch = new com.kms.katalon.core.testobject.TestObject(): null

2018-05-15 19:08:36 - [TEST_STEP][PASSED] - Statement - batch = com.kms.katalon.core.webui.keyword.WebUiBuiltInKeywords.modifyObjectProperty(batch, "xpath", "equals", "//*[@id = "txtbthqty" + row + ""]", true): Modify property of object successfully

2018-05-15 19:08:36 - [MESSAGE][PASSED] - Modify property of object successfully

2018-05-15 19:08:36 - [TEST_STEP][PASSED] - Statement - batchqty = com.kms.katalon.core.webui.keyword.WebUiBuiltInKeywords.getAttribute(batch, "value").trim(): Attribute 'value' of object '' is: '400'

2018-05-15 19:08:36 - [MESSAGE][PASSED] - Attribute 'value' of object '' is: '400'

2018-05-15 19:08:36 - [TEST_STEP][PASSED] - Statement - Rqty = 10000: null

2018-05-15 19:08:36 - [TEST_STEP][PASSED] - delay: Delayed 2 second(s)

2018-05-15 19:08:38 - [MESSAGE][PASSED] - Delayed 2 second(s)

2018-05-15 19:08:38 - [TEST_STEP][PASSED] - Statement - out.println("BatchQty : " + batchqty): null

2018-05-15 19:08:38 - [TEST_STEP][PASSED] - Statement - out.println("RQty : " + Rqty): null

2018-05-15 19:08:38 - [TEST_STEP][PASSED] - Statement - If (java.lang.Integer.valueOf(batchqty) >= java.lang.Integer.valueOf(Rqty)): null

2018-05-15 19:08:38 - [TEST_STEP][PASSED] - Statement - Else: null

2018-05-15 19:08:38 - [TEST_STEP][PASSED] - Statement - out.println("Batchqty Is Less Than Rqty"): null

2018-05-15 19:08:38 - [TEST_STEP][PASSED] - Statement - product = new com.kms.katalon.core.testobject.TestObject(): null

2018-05-15 19:08:38 - [TEST_STEP][PASSED] - Statement - product = com.kms.katalon.core.webui.keyword.WebUiBuiltInKeywords.modifyObjectProperty(product, "xpath", "equals", "//*[@id = "fldvendor" + row + ""]", true): Modify property of object successfully

2018-05-15 19:08:38 - [MESSAGE][PASSED] - Modify property of object successfully

2018-05-15 19:08:38 - [TEST_STEP][PASSED] - selectOptionByIndex: All options with index in [3] are selected on object ''

2018-05-15 19:08:39 - [MESSAGE][PASSED] - All options with index in [3] are selected on object ''

2018-05-15 19:08:39 - [TEST_STEP][PASSED] - Statement - batch = new com.kms.katalon.core.testobject.TestObject(): null

2018-05-15 19:08:39 - [TEST_STEP][PASSED] - Statement - batch = com.kms.katalon.core.webui.keyword.WebUiBuiltInKeywords.modifyObjectProperty(batch, "xpath", "equals", "//*[@id = "txtbthqty" + row + ""]", true): Modify property of object successfully

2018-05-15 19:08:39 - [MESSAGE][PASSED] - Modify property of object successfully

2018-05-15 19:08:39 - [TEST_STEP][PASSED] - Statement - batchqty = com.kms.katalon.core.webui.keyword.WebUiBuiltInKeywords.getAttribute(batch, "value").trim(): Attribute 'value' of object '' is: '150000'

2018-05-15 19:08:39 - [MESSAGE][PASSED] - Attribute 'value' of object '' is: '150000'

2018-05-15 19:08:39 - [TEST_STEP][PASSED] - Statement - Rqty = 10000: null

2018-05-15 19:08:39 - [TEST_STEP][PASSED] - delay: Delayed 2 second(s)

2018-05-15 19:08:41 - [MESSAGE][PASSED] - Delayed 2 second(s)

2018-05-15 19:08:41 - [TEST_STEP][PASSED] - Statement - out.println("BatchQty : " + batchqty): null

2018-05-15 19:08:41 - [TEST_STEP][PASSED] - Statement - out.println("RQty : " + Rqty): null

2018-05-15 19:08:41 - [TEST_STEP][PASSED] - Statement - If (java.lang.Integer.valueOf(batchqty) >= java.lang.Integer.valueOf(Rqty)): null

2018-05-15 19:08:41 - [TEST_STEP][PASSED] - Statement - Break: null

2018-05-15 19:08:41 - [TEST_STEP][PASSED] - Statement - batchlength = new com.kms.katalon.core.testobject.TestObject(): null

2018-05-15 19:08:41 - [TEST_STEP][PASSED] - Statement - batchlength = com.kms.katalon.core.webui.keyword.WebUiBuiltInKeywords.modifyObjectProperty(batchlength, "xpath", "equals", "//*[@id = "fldvendor" + row + ""]", true): Modify property of object successfully

2018-05-15 19:08:41 - [MESSAGE][PASSED] - Modify property of object successfully

2018-05-15 19:08:41 - [TEST_STEP][PASSED] - Statement - batchsize = com.kms.katalon.core.webui.keyword.WebUiBuiltInKeywords.getNumberOfTotalOption(batchlength): 4 options of object '' counted

2018-05-15 19:08:41 - [MESSAGE][PASSED] - 4 options of object '' counted

2018-05-15 19:08:41 - [TEST_STEP][PASSED] - Statement - out.println("BatchSize : " + batchsize): null

2018-05-15 19:08:41 - [TEST_STEP][PASSED] - Statement - For ([n = 1, n <= batchsize - 1, (n++)]): null

2018-05-15 19:08:41 - [TEST_STEP][PASSED] - Statement - product = new com.kms.katalon.core.testobject.TestObject(): null

2018-05-15 19:08:41 - [TEST_STEP][PASSED] - Statement - product = com.kms.katalon.core.webui.keyword.WebUiBuiltInKeywords.modifyObjectProperty(product, "xpath", "equals", "//*[@id = "fldvendor" + row + ""]", true): Modify property of object successfully

2018-05-15 19:08:41 - [MESSAGE][PASSED] - Modify property of object successfully

2018-05-15 19:08:41 - [TEST_STEP][PASSED] - selectOptionByIndex: All options with index in [1] are selected on object ''

2018-05-15 19:08:41 - [MESSAGE][PASSED] - All options with index in [1] are selected on object ''

2018-05-15 19:08:41 - [TEST_STEP][PASSED] - Statement - batch = new com.kms.katalon.core.testobject.TestObject(): null

2018-05-15 19:08:41 - [TEST_STEP][PASSED] - Statement - batch = com.kms.katalon.core.webui.keyword.WebUiBuiltInKeywords.modifyObjectProperty(batch, "xpath", "equals", "//*[@id = "txtbthqty" + row + ""]", true): Modify property of object successfully

2018-05-15 19:08:41 - [MESSAGE][PASSED] - Modify property of object successfully

2018-05-15 19:08:41 - [TEST_STEP][PASSED] - Statement - batchqty = com.kms.katalon.core.webui.keyword.WebUiBuiltInKeywords.getAttribute(batch, "value").trim(): Attribute 'value' of object '' is: '5000'

2018-05-15 19:08:41 - [MESSAGE][PASSED] - Attribute 'value' of object '' is: '5000'

2018-05-15 19:08:41 - [TEST_STEP][PASSED] - Statement - Rqty = 10000: null

2018-05-15 19:08:41 - [TEST_STEP][PASSED] - delay: Delayed 2 second(s)

2018-05-15 19:08:43 - [MESSAGE][PASSED] - Delayed 2 second(s)

2018-05-15 19:08:43 - [TEST_STEP][PASSED] - Statement - out.println("BatchQty : " + batchqty): null

2018-05-15 19:08:43 - [TEST_STEP][PASSED] - Statement - out.println("RQty : " + Rqty): null

2018-05-15 19:08:43 - [TEST_STEP][PASSED] - Statement - If (java.lang.Integer.valueOf(batchqty) >= java.lang.Integer.valueOf(Rqty)): null

2018-05-15 19:08:43 - [TEST_STEP][PASSED] - Statement - Else: null

2018-05-15 19:08:43 - [TEST_STEP][PASSED] - Statement - out.println("Batchqty Is Less Than Rqty"): null

2018-05-15 19:08:43 - [TEST_STEP][PASSED] - Statement - product = new com.kms.katalon.core.testobject.TestObject(): null

2018-05-15 19:08:43 - [TEST_STEP][PASSED] - Statement - product = com.kms.katalon.core.webui.keyword.WebUiBuiltInKeywords.modifyObjectProperty(product, "xpath", "equals", "//*[@id = "fldvendor" + row + ""]", true): Modify property of object successfully

2018-05-15 19:08:43 - [MESSAGE][PASSED] - Modify property of object successfully

2018-05-15 19:08:43 - [TEST_STEP][PASSED] - selectOptionByIndex: All options with index in [2] are selected on object ''

2018-05-15 19:08:43 - [MESSAGE][PASSED] - All options with index in [2] are selected on object ''

2018-05-15 19:08:43 - [TEST_STEP][PASSED] - Statement - batch = new com.kms.katalon.core.testobject.TestObject(): null

2018-05-15 19:08:43 - [TEST_STEP][PASSED] - Statement - batch = com.kms.katalon.core.webui.keyword.WebUiBuiltInKeywords.modifyObjectProperty(batch, "xpath", "equals", "//*[@id = "txtbthqty" + row + ""]", true): Modify property of object successfully

2018-05-15 19:08:43 - [MESSAGE][PASSED] - Modify property of object successfully

2018-05-15 19:08:43 - [TEST_STEP][PASSED] - Statement - batchqty = com.kms.katalon.core.webui.keyword.WebUiBuiltInKeywords.getAttribute(batch, "value").trim(): Attribute 'value' of object '' is: '5000'

2018-05-15 19:08:43 - [MESSAGE][PASSED] - Attribute 'value' of object '' is: '5000'

2018-05-15 19:08:43 - [TEST_STEP][PASSED] - Statement - Rqty = 10000: null

2018-05-15 19:08:43 - [TEST_STEP][PASSED] - delay: Delayed 2 second(s)

2018-05-15 19:08:45 - [MESSAGE][PASSED] - Delayed 2 second(s)

2018-05-15 19:08:45 - [TEST_STEP][PASSED] - Statement - out.println("BatchQty : " + batchqty): null

2018-05-15 19:08:45 - [TEST_STEP][PASSED] - Statement - out.println("RQty : " + Rqty): null

2018-05-15 19:08:45 - [TEST_STEP][PASSED] - Statement - If (java.lang.Integer.valueOf(batchqty) >= java.lang.Integer.valueOf(Rqty)): null

2018-05-15 19:08:45 - [TEST_STEP][PASSED] - Statement - Else: null

2018-05-15 19:08:45 - [TEST_STEP][PASSED] - Statement - out.println("Batchqty Is Less Than Rqty"): null

2018-05-15 19:08:45 - [TEST_STEP][PASSED] - Statement - product = new com.kms.katalon.core.testobject.TestObject(): null

2018-05-15 19:08:45 - [TEST_STEP][PASSED] - Statement - product = com.kms.katalon.core.webui.keyword.WebUiBuiltInKeywords.modifyObjectProperty(product, "xpath", "equals", "//*[@id = "fldvendor" + row + ""]", true): Modify property of object successfully

2018-05-15 19:08:45 - [MESSAGE][PASSED] - Modify property of object successfully

2018-05-15 19:08:45 - [TEST_STEP][PASSED] - selectOptionByIndex: All options with index in [3] are selected on object ''

2018-05-15 19:08:45 - [MESSAGE][PASSED] - All options with index in [3] are selected on object ''

2018-05-15 19:08:45 - [TEST_STEP][PASSED] - Statement - batch = new com.kms.katalon.core.testobject.TestObject(): null

2018-05-15 19:08:45 - [TEST_STEP][PASSED] - Statement - batch = com.kms.katalon.core.webui.keyword.WebUiBuiltInKeywords.modifyObjectProperty(batch, "xpath", "equals", "//*[@id = "txtbthqty" + row + ""]", true): Modify property of object successfully

2018-05-15 19:08:45 - [MESSAGE][PASSED] - Modify property of object successfully

2018-05-15 19:08:45 - [TEST_STEP][PASSED] - Statement - batchqty = com.kms.katalon.core.webui.keyword.WebUiBuiltInKeywords.getAttribute(batch, "value").trim(): Attribute 'value' of object '' is: '200'

2018-05-15 19:08:45 - [MESSAGE][PASSED] - Attribute 'value' of object '' is: '200'

2018-05-15 19:08:45 - [TEST_STEP][PASSED] - Statement - Rqty = 10000: null

2018-05-15 19:08:45 - [TEST_STEP][PASSED] - delay: Delayed 2 second(s)

2018-05-15 19:08:47 - [MESSAGE][PASSED] - Delayed 2 second(s)

2018-05-15 19:08:47 - [TEST_STEP][PASSED] - Statement - out.println("BatchQty : " + batchqty): null

2018-05-15 19:08:47 - [TEST_STEP][PASSED] - Statement - out.println("RQty : " + Rqty): null

2018-05-15 19:08:47 - [TEST_STEP][PASSED] - Statement - If (java.lang.Integer.valueOf(batchqty) >= java.lang.Integer.valueOf(Rqty)): null

2018-05-15 19:08:47 - [TEST_STEP][PASSED] - Statement - Else: null

2018-05-15 19:08:47 - [TEST_STEP][PASSED] - Statement - out.println("Batchqty Is Less Than Rqty"): null

2018-05-15 19:08:47 - [TEST_STEP][PASSED] - Statement - batchlength = new com.kms.katalon.core.testobject.TestObject(): null

2018-05-15 19:08:47 - [TEST_STEP][PASSED] - Statement - batchlength = com.kms.katalon.core.webui.keyword.WebUiBuiltInKeywords.modifyObjectProperty(batchlength, "xpath", "equals", "//*[@id = "fldvendor" + row + ""]", true): Modify property of object successfully

2018-05-15 19:08:47 - [MESSAGE][PASSED] - Modify property of object successfully

2018-05-15 19:08:47 - [TEST_STEP][PASSED] - Statement - batchsize = com.kms.katalon.core.webui.keyword.WebUiBuiltInKeywords.getNumberOfTotalOption(batchlength): 5 options of object '' counted

2018-05-15 19:08:47 - [MESSAGE][PASSED] - 5 options of object '' counted

2018-05-15 19:08:47 - [TEST_STEP][PASSED] - Statement - out.println("BatchSize : " + batchsize): null

2018-05-15 19:08:47 - [TEST_STEP][PASSED] - Statement - For ([n = 1, n <= batchsize - 1, (n++)]): null

2018-05-15 19:08:47 - [TEST_STEP][PASSED] - Statement - product = new com.kms.katalon.core.testobject.TestObject(): null

2018-05-15 19:08:47 - [TEST_STEP][PASSED] - Statement - product = com.kms.katalon.core.webui.keyword.WebUiBuiltInKeywords.modifyObjectProperty(product, "xpath", "equals", "//*[@id = "fldvendor" + row + ""]", true): Modify property of object successfully

2018-05-15 19:08:47 - [MESSAGE][PASSED] - Modify property of object successfully

2018-05-15 19:08:47 - [TEST_STEP][PASSED] - selectOptionByIndex: All options with index in [1] are selected on object ''

2018-05-15 19:08:47 - [MESSAGE][PASSED] - All options with index in [1] are selected on object ''

2018-05-15 19:08:47 - [TEST_STEP][PASSED] - Statement - batch = new com.kms.katalon.core.testobject.TestObject(): null

2018-05-15 19:08:47 - [TEST_STEP][PASSED] - Statement - batch = com.kms.katalon.core.webui.keyword.WebUiBuiltInKeywords.modifyObjectProperty(batch, "xpath", "equals", "//*[@id = "txtbthqty" + row + ""]", true): Modify property of object successfully

2018-05-15 19:08:47 - [MESSAGE][PASSED] - Modify property of object successfully

2018-05-15 19:08:47 - [TEST_STEP][PASSED] - Statement - batchqty = com.kms.katalon.core.webui.keyword.WebUiBuiltInKeywords.getAttribute(batch, "value").trim(): Attribute 'value' of object '' is: '400'

2018-05-15 19:08:47 - [MESSAGE][PASSED] - Attribute 'value' of object '' is: '400'

2018-05-15 19:08:47 - [TEST_STEP][PASSED] - Statement - Rqty = 10000: null

2018-05-15 19:08:47 - [TEST_STEP][PASSED] - delay: Delayed 2 second(s)

2018-05-15 19:08:49 - [MESSAGE][PASSED] - Delayed 2 second(s)

2018-05-15 19:08:49 - [TEST_STEP][PASSED] - Statement - out.println("BatchQty : " + batchqty): null

2018-05-15 19:08:49 - [TEST_STEP][PASSED] - Statement - out.println("RQty : " + Rqty): null

2018-05-15 19:08:49 - [TEST_STEP][PASSED] - Statement - If (java.lang.Integer.valueOf(batchqty) >= java.lang.Integer.valueOf(Rqty)): null

2018-05-15 19:08:49 - [TEST_STEP][PASSED] - Statement - Else: null

2018-05-15 19:08:49 - [TEST_STEP][PASSED] - Statement - out.println("Batchqty Is Less Than Rqty"): null

2018-05-15 19:08:49 - [TEST_STEP][PASSED] - Statement - product = new com.kms.katalon.core.testobject.TestObject(): null

2018-05-15 19:08:49 - [TEST_STEP][PASSED] - Statement - product = com.kms.katalon.core.webui.keyword.WebUiBuiltInKeywords.modifyObjectProperty(product, "xpath", "equals", "//*[@id = "fldvendor" + row + ""]", true): Modify property of object successfully

2018-05-15 19:08:49 - [MESSAGE][PASSED] - Modify property of object successfully

2018-05-15 19:08:49 - [TEST_STEP][PASSED] - selectOptionByIndex: All options with index in [2] are selected on object ''

2018-05-15 19:08:50 - [MESSAGE][PASSED] - All options with index in [2] are selected on object ''

2018-05-15 19:08:50 - [TEST_STEP][PASSED] - Statement - batch = new com.kms.katalon.core.testobject.TestObject(): null

2018-05-15 19:08:50 - [TEST_STEP][PASSED] - Statement - batch = com.kms.katalon.core.webui.keyword.WebUiBuiltInKeywords.modifyObjectProperty(batch, "xpath", "equals", "//*[@id = "txtbthqty" + row + ""]", true): Modify property of object successfully

2018-05-15 19:08:50 - [MESSAGE][PASSED] - Modify property of object successfully

2018-05-15 19:08:50 - [TEST_STEP][PASSED] - Statement - batchqty = com.kms.katalon.core.webui.keyword.WebUiBuiltInKeywords.getAttribute(batch, "value").trim(): Attribute 'value' of object '' is: '5000'

2018-05-15 19:08:50 - [MESSAGE][PASSED] - Attribute 'value' of object '' is: '5000'

2018-05-15 19:08:50 - [TEST_STEP][PASSED] - Statement - Rqty = 10000: null

2018-05-15 19:08:50 - [TEST_STEP][PASSED] - delay: Delayed 2 second(s)

2018-05-15 19:08:52 - [MESSAGE][PASSED] - Delayed 2 second(s)

2018-05-15 19:08:52 - [TEST_STEP][PASSED] - Statement - out.println("BatchQty : " + batchqty): null

2018-05-15 19:08:52 - [TEST_STEP][PASSED] - Statement - out.println("RQty : " + Rqty): null

2018-05-15 19:08:52 - [TEST_STEP][PASSED] - Statement - If (java.lang.Integer.valueOf(batchqty) >= java.lang.Integer.valueOf(Rqty)): null

2018-05-15 19:08:52 - [TEST_STEP][PASSED] - Statement - Else: null

2018-05-15 19:08:52 - [TEST_STEP][PASSED] - Statement - out.println("Batchqty Is Less Than Rqty"): null

2018-05-15 19:08:52 - [TEST_STEP][PASSED] - Statement - product = new com.kms.katalon.core.testobject.TestObject(): null

2018-05-15 19:08:52 - [TEST_STEP][PASSED] - Statement - product = com.kms.katalon.core.webui.keyword.WebUiBuiltInKeywords.modifyObjectProperty(product, "xpath", "equals", "//*[@id = "fldvendor" + row + ""]", true): Modify property of object successfully

2018-05-15 19:08:52 - [MESSAGE][PASSED] - Modify property of object successfully

2018-05-15 19:08:52 - [TEST_STEP][PASSED] - selectOptionByIndex: All options with index in [3] are selected on object ''

2018-05-15 19:08:52 - [MESSAGE][PASSED] - All options with index in [3] are selected on object ''

2018-05-15 19:08:52 - [TEST_STEP][PASSED] - Statement - batch = new com.kms.katalon.core.testobject.TestObject(): null

2018-05-15 19:08:52 - [TEST_STEP][PASSED] - Statement - batch = com.kms.katalon.core.webui.keyword.WebUiBuiltInKeywords.modifyObjectProperty(batch, "xpath", "equals", "//*[@id = "txtbthqty" + row + ""]", true): Modify property of object successfully

2018-05-15 19:08:52 - [MESSAGE][PASSED] - Modify property of object successfully

2018-05-15 19:08:52 - [TEST_STEP][PASSED] - Statement - batchqty = com.kms.katalon.core.webui.keyword.WebUiBuiltInKeywords.getAttribute(batch, "value").trim(): Attribute 'value' of object '' is: '5000'

2018-05-15 19:08:52 - [MESSAGE][PASSED] - Attribute 'value' of object '' is: '5000'

2018-05-15 19:08:52 - [TEST_STEP][PASSED] - Statement - Rqty = 10000: null

2018-05-15 19:08:52 - [TEST_STEP][PASSED] - delay: Delayed 2 second(s)

2018-05-15 19:08:54 - [MESSAGE][PASSED] - Delayed 2 second(s)

2018-05-15 19:08:54 - [TEST_STEP][PASSED] - Statement - out.println("BatchQty : " + batchqty): null

2018-05-15 19:08:54 - [TEST_STEP][PASSED] - Statement - out.println("RQty : " + Rqty): null

2018-05-15 19:08:54 - [TEST_STEP][PASSED] - Statement - If (java.lang.Integer.valueOf(batchqty) >= java.lang.Integer.valueOf(Rqty)): null

2018-05-15 19:08:54 - [TEST_STEP][PASSED] - Statement - Else: null

2018-05-15 19:08:54 - [TEST_STEP][PASSED] - Statement - out.println("Batchqty Is Less Than Rqty"): null

2018-05-15 19:08:54 - [TEST_STEP][PASSED] - Statement - product = new com.kms.katalon.core.testobject.TestObject(): null

2018-05-15 19:08:54 - [TEST_STEP][PASSED] - Statement - product = com.kms.katalon.core.webui.keyword.WebUiBuiltInKeywords.modifyObjectProperty(product, "xpath", "equals", "//*[@id = "fldvendor" + row + ""]", true): Modify property of object successfully

2018-05-15 19:08:54 - [MESSAGE][PASSED] - Modify property of object successfully

2018-05-15 19:08:54 - [TEST_STEP][PASSED] - selectOptionByIndex: All options with index in [4] are selected on object ''

2018-05-15 19:08:54 - [MESSAGE][PASSED] - All options with index in [4] are selected on object ''

2018-05-15 19:08:54 - [TEST_STEP][PASSED] - Statement - batch = new com.kms.katalon.core.testobject.TestObject(): null

2018-05-15 19:08:54 - [TEST_STEP][PASSED] - Statement - batch = com.kms.katalon.core.webui.keyword.WebUiBuiltInKeywords.modifyObjectProperty(batch, "xpath", "equals", "//*[@id = "txtbthqty" + row + ""]", true): Modify property of object successfully

2018-05-15 19:08:54 - [MESSAGE][PASSED] - Modify property of object successfully

2018-05-15 19:08:54 - [TEST_STEP][PASSED] - Statement - batchqty = com.kms.katalon.core.webui.keyword.WebUiBuiltInKeywords.getAttribute(batch, "value").trim(): Attribute 'value' of object '' is: '200'

2018-05-15 19:08:54 - [MESSAGE][PASSED] - Attribute 'value' of object '' is: '200'

2018-05-15 19:08:54 - [TEST_STEP][PASSED] - Statement - Rqty = 10000: null

2018-05-15 19:08:54 - [TEST_STEP][PASSED] - delay: Delayed 2 second(s)

2018-05-15 19:08:56 - [MESSAGE][PASSED] - Delayed 2 second(s)

2018-05-15 19:08:56 - [TEST_STEP][PASSED] - Statement - out.println("BatchQty : " + batchqty): null

2018-05-15 19:08:56 - [TEST_STEP][PASSED] - Statement - out.println("RQty : " + Rqty): null

2018-05-15 19:08:56 - [TEST_STEP][PASSED] - Statement - If (java.lang.Integer.valueOf(batchqty) >= java.lang.Integer.valueOf(Rqty)): null

2018-05-15 19:08:56 - [TEST_STEP][PASSED] - Statement - Else: null

2018-05-15 19:08:56 - [TEST_STEP][PASSED] - Statement - out.println("Batchqty Is Less Than Rqty"): null

2018-05-15 19:08:56 - [TEST_STEP][PASSED] - Statement - batchlength = new com.kms.katalon.core.testobject.TestObject(): null

2018-05-15 19:08:56 - [TEST_STEP][PASSED] - Statement - batchlength = com.kms.katalon.core.webui.keyword.WebUiBuiltInKeywords.modifyObjectProperty(batchlength, "xpath", "equals", "//*[@id = "fldvendor" + row + ""]", true): Modify property of object successfully

2018-05-15 19:08:56 - [MESSAGE][PASSED] - Modify property of object successfully

2018-05-15 19:08:56 - [TEST_STEP][PASSED] - Statement - batchsize = com.kms.katalon.core.webui.keyword.WebUiBuiltInKeywords.getNumberOfTotalOption(batchlength): 9 options of object '' counted

2018-05-15 19:08:56 - [MESSAGE][PASSED] - 9 options of object '' counted

2018-05-15 19:08:56 - [TEST_STEP][PASSED] - Statement - out.println("BatchSize : " + batchsize): null

2018-05-15 19:08:56 - [TEST_STEP][PASSED] - Statement - For ([n = 1, n <= batchsize - 1, (n++)]): null

2018-05-15 19:08:56 - [TEST_STEP][PASSED] - Statement - product = new com.kms.katalon.core.testobject.TestObject(): null

2018-05-15 19:08:56 - [TEST_STEP][PASSED] - Statement - product = com.kms.katalon.core.webui.keyword.WebUiBuiltInKeywords.modifyObjectProperty(product, "xpath", "equals", "//*[@id = "fldvendor" + row + ""]", true): Modify property of object successfully

2018-05-15 19:08:56 - [MESSAGE][PASSED] - Modify property of object successfully

2018-05-15 19:08:56 - [TEST_STEP][PASSED] - selectOptionByIndex: All options with index in [1] are selected on object ''

2018-05-15 19:08:56 - [MESSAGE][PASSED] - All options with index in [1] are selected on object ''

2018-05-15 19:08:56 - [TEST_STEP][PASSED] - Statement - batch = new com.kms.katalon.core.testobject.TestObject(): null

2018-05-15 19:08:56 - [TEST_STEP][PASSED] - Statement - batch = com.kms.katalon.core.webui.keyword.WebUiBuiltInKeywords.modifyObjectProperty(batch, "xpath", "equals", "//*[@id = "txtbthqty" + row + ""]", true): Modify property of object successfully

2018-05-15 19:08:56 - [MESSAGE][PASSED] - Modify property of object successfully

2018-05-15 19:08:56 - [TEST_STEP][PASSED] - Statement - batchqty = com.kms.katalon.core.webui.keyword.WebUiBuiltInKeywords.getAttribute(batch, "value").trim(): Attribute 'value' of object '' is: '400'

2018-05-15 19:08:56 - [MESSAGE][PASSED] - Attribute 'value' of object '' is: '400'

2018-05-15 19:08:56 - [TEST_STEP][PASSED] - Statement - Rqty = 10000: null

2018-05-15 19:08:56 - [TEST_STEP][PASSED] - delay: Delayed 2 second(s)

2018-05-15 19:08:58 - [MESSAGE][PASSED] - Delayed 2 second(s)

2018-05-15 19:08:58 - [TEST_STEP][PASSED] - Statement - out.println("BatchQty : " + batchqty): null

2018-05-15 19:08:58 - [TEST_STEP][PASSED] - Statement - out.println("RQty : " + Rqty): null

2018-05-15 19:08:58 - [TEST_STEP][PASSED] - Statement - If (java.lang.Integer.valueOf(batchqty) >= java.lang.Integer.valueOf(Rqty)): null

2018-05-15 19:08:58 - [TEST_STEP][PASSED] - Statement - Else: null

2018-05-15 19:08:58 - [TEST_STEP][PASSED] - Statement - out.println("Batchqty Is Less Than Rqty"): null

2018-05-15 19:08:58 - [TEST_STEP][PASSED] - Statement - product = new com.kms.katalon.core.testobject.TestObject(): null

2018-05-15 19:08:58 - [TEST_STEP][PASSED] - Statement - product = com.kms.katalon.core.webui.keyword.WebUiBuiltInKeywords.modifyObjectProperty(product, "xpath", "equals", "//*[@id = "fldvendor" + row + ""]", true): Modify property of object successfully

2018-05-15 19:08:58 - [MESSAGE][PASSED] - Modify property of object successfully

2018-05-15 19:08:58 - [TEST_STEP][PASSED] - selectOptionByIndex: All options with index in [2] are selected on object ''

2018-05-15 19:08:58 - [MESSAGE][PASSED] - All options with index in [2] are selected on object ''

2018-05-15 19:08:58 - [TEST_STEP][PASSED] - Statement - batch = new com.kms.katalon.core.testobject.TestObject(): null

2018-05-15 19:08:58 - [TEST_STEP][PASSED] - Statement - batch = com.kms.katalon.core.webui.keyword.WebUiBuiltInKeywords.modifyObjectProperty(batch, "xpath", "equals", "//*[@id = "txtbthqty" + row + ""]", true): Modify property of object successfully

2018-05-15 19:08:58 - [MESSAGE][PASSED] - Modify property of object successfully

2018-05-15 19:08:58 - [TEST_STEP][PASSED] - Statement - batchqty = com.kms.katalon.core.webui.keyword.WebUiBuiltInKeywords.getAttribute(batch, "value").trim(): Attribute 'value' of object '' is: '5000'

2018-05-15 19:08:58 - [MESSAGE][PASSED] - Attribute 'value' of object '' is: '5000'

2018-05-15 19:08:58 - [TEST_STEP][PASSED] - Statement - Rqty = 10000: null

2018-05-15 19:08:58 - [TEST_STEP][PASSED] - delay: Delayed 2 second(s)

2018-05-15 19:09:00 - [MESSAGE][PASSED] - Delayed 2 second(s)

2018-05-15 19:09:00 - [TEST_STEP][PASSED] - Statement - out.println("BatchQty : " + batchqty): null

2018-05-15 19:09:00 - [TEST_STEP][PASSED] - Statement - out.println("RQty : " + Rqty): null

2018-05-15 19:09:00 - [TEST_STEP][PASSED] - Statement - If (java.lang.Integer.valueOf(batchqty) >= java.lang.Integer.valueOf(Rqty)): null

2018-05-15 19:09:00 - [TEST_STEP][PASSED] - Statement - Else: null

2018-05-15 19:09:00 - [TEST_STEP][PASSED] - Statement - out.println("Batchqty Is Less Than Rqty"): null

2018-05-15 19:09:00 - [TEST_STEP][PASSED] - Statement - product = new com.kms.katalon.core.testobject.TestObject(): null

2018-05-15 19:09:00 - [TEST_STEP][PASSED] - Statement - product = com.kms.katalon.core.webui.keyword.WebUiBuiltInKeywords.modifyObjectProperty(product, "xpath", "equals", "//*[@id = "fldvendor" + row + ""]", true): Modify property of object successfully

2018-05-15 19:09:00 - [MESSAGE][PASSED] - Modify property of object successfully

2018-05-15 19:09:00 - [TEST_STEP][PASSED] - selectOptionByIndex: All options with index in [3] are selected on object ''

2018-05-15 19:09:01 - [MESSAGE][PASSED] - All options with index in [3] are selected on object ''

2018-05-15 19:09:01 - [TEST_STEP][PASSED] - Statement - batch = new com.kms.katalon.core.testobject.TestObject(): null

2018-05-15 19:09:01 - [TEST_STEP][PASSED] - Statement - batch = com.kms.katalon.core.webui.keyword.WebUiBuiltInKeywords.modifyObjectProperty(batch, "xpath", "equals", "//*[@id = "txtbthqty" + row + ""]", true): Modify property of object successfully

2018-05-15 19:09:01 - [MESSAGE][PASSED] - Modify property of object successfully

2018-05-15 19:09:01 - [TEST_STEP][PASSED] - Statement - batchqty = com.kms.katalon.core.webui.keyword.WebUiBuiltInKeywords.getAttribute(batch, "value").trim(): Attribute 'value' of object '' is: '200'

2018-05-15 19:09:01 - [MESSAGE][PASSED] - Attribute 'value' of object '' is: '200'

2018-05-15 19:09:01 - [TEST_STEP][PASSED] - Statement - Rqty = 10000: null

2018-05-15 19:09:01 - [TEST_STEP][PASSED] - delay: Delayed 2 second(s)

2018-05-15 19:09:03 - [MESSAGE][PASSED] - Delayed 2 second(s)

2018-05-15 19:09:03 - [TEST_STEP][PASSED] - Statement - out.println("BatchQty : " + batchqty): null

2018-05-15 19:09:03 - [TEST_STEP][PASSED] - Statement - out.println("RQty : " + Rqty): null

2018-05-15 19:09:03 - [TEST_STEP][PASSED] - Statement - If (java.lang.Integer.valueOf(batchqty) >= java.lang.Integer.valueOf(Rqty)): null

2018-05-15 19:09:03 - [TEST_STEP][PASSED] - Statement - Else: null

2018-05-15 19:09:03 - [TEST_STEP][PASSED] - Statement - out.println("Batchqty Is Less Than Rqty"): null

2018-05-15 19:09:03 - [TEST_STEP][PASSED] - Statement - product = new com.kms.katalon.core.testobject.TestObject(): null

2018-05-15 19:09:03 - [TEST_STEP][PASSED] - Statement - product = com.kms.katalon.core.webui.keyword.WebUiBuiltInKeywords.modifyObjectProperty(product, "xpath", "equals", "//*[@id = "fldvendor" + row + ""]", true): Modify property of object successfully

2018-05-15 19:09:03 - [MESSAGE][PASSED] - Modify property of object successfully

2018-05-15 19:09:03 - [TEST_STEP][PASSED] - selectOptionByIndex: All options with index in [4] are selected on object ''

2018-05-15 19:09:03 - [MESSAGE][PASSED] - All options with index in [4] are selected on object ''

2018-05-15 19:09:03 - [TEST_STEP][PASSED] - Statement - batch = new com.kms.katalon.core.testobject.TestObject(): null

2018-05-15 19:09:03 - [TEST_STEP][PASSED] - Statement - batch = com.kms.katalon.core.webui.keyword.WebUiBuiltInKeywords.modifyObjectProperty(batch, "xpath", "equals", "//*[@id = "txtbthqty" + row + ""]", true): Modify property of object successfully

2018-05-15 19:09:03 - [MESSAGE][PASSED] - Modify property of object successfully

2018-05-15 19:09:03 - [TEST_STEP][PASSED] - Statement - batchqty = com.kms.katalon.core.webui.keyword.WebUiBuiltInKeywords.getAttribute(batch, "value").trim(): Attribute 'value' of object '' is: '5000'

2018-05-15 19:09:03 - [MESSAGE][PASSED] - Attribute 'value' of object '' is: '5000'

2018-05-15 19:09:03 - [TEST_STEP][PASSED] - Statement - Rqty = 10000: null

2018-05-15 19:09:03 - [TEST_STEP][PASSED] - delay: Delayed 2 second(s)

2018-05-15 19:09:05 - [MESSAGE][PASSED] - Delayed 2 second(s)

2018-05-15 19:09:05 - [TEST_STEP][PASSED] - Statement - out.println("BatchQty : " + batchqty): null

2018-05-15 19:09:05 - [TEST_STEP][PASSED] - Statement - out.println("RQty : " + Rqty): null

2018-05-15 19:09:05 - [TEST_STEP][PASSED] - Statement - If (java.lang.Integer.valueOf(batchqty) >= java.lang.Integer.valueOf(Rqty)): null

2018-05-15 19:09:05 - [TEST_STEP][PASSED] - Statement - Else: null

2018-05-15 19:09:05 - [TEST_STEP][PASSED] - Statement - out.println("Batchqty Is Less Than Rqty"): null

2018-05-15 19:09:05 - [TEST_STEP][PASSED] - Statement - product = new com.kms.katalon.core.testobject.TestObject(): null

2018-05-15 19:09:05 - [TEST_STEP][PASSED] - Statement - product = com.kms.katalon.core.webui.keyword.WebUiBuiltInKeywords.modifyObjectProperty(product, "xpath", "equals", "//*[@id = "fldvendor" + row + ""]", true): Modify property of object successfully

2018-05-15 19:09:05 - [MESSAGE][PASSED] - Modify property of object successfully

2018-05-15 19:09:05 - [TEST_STEP][PASSED] - selectOptionByIndex: All options with index in [5] are selected on object ''

2018-05-15 19:09:05 - [MESSAGE][PASSED] - All options with index in [5] are selected on object ''

2018-05-15 19:09:05 - [TEST_STEP][PASSED] - Statement - batch = new com.kms.katalon.core.testobject.TestObject(): null

2018-05-15 19:09:05 - [TEST_STEP][PASSED] - Statement - batch = com.kms.katalon.core.webui.keyword.WebUiBuiltInKeywords.modifyObjectProperty(batch, "xpath", "equals", "//*[@id = "txtbthqty" + row + ""]", true): Modify property of object successfully

2018-05-15 19:09:05 - [MESSAGE][PASSED] - Modify property of object successfully

2018-05-15 19:09:05 - [TEST_STEP][PASSED] - Statement - batchqty = com.kms.katalon.core.webui.keyword.WebUiBuiltInKeywords.getAttribute(batch, "value").trim(): Attribute 'value' of object '' is: '200'

2018-05-15 19:09:05 - [MESSAGE][PASSED] - Attribute 'value' of object '' is: '200'

2018-05-15 19:09:05 - [TEST_STEP][PASSED] - Statement - Rqty = 10000: null

2018-05-15 19:09:05 - [TEST_STEP][PASSED] - delay: Delayed 2 second(s)

2018-05-15 19:09:07 - [MESSAGE][PASSED] - Delayed 2 second(s)

2018-05-15 19:09:07 - [TEST_STEP][PASSED] - Statement - out.println("BatchQty : " + batchqty): null

2018-05-15 19:09:07 - [TEST_STEP][PASSED] - Statement - out.println("RQty : " + Rqty): null

2018-05-15 19:09:07 - [TEST_STEP][PASSED] - Statement - If (java.lang.Integer.valueOf(batchqty) >= java.lang.Integer.valueOf(Rqty)): null

2018-05-15 19:09:07 - [TEST_STEP][PASSED] - Statement - Else: null

2018-05-15 19:09:07 - [TEST_STEP][PASSED] - Statement - out.println("Batchqty Is Less Than Rqty"): null

2018-05-15 19:09:07 - [TEST_STEP][PASSED] - Statement - product = new com.kms.katalon.core.testobject.TestObject(): null

2018-05-15 19:09:07 - [TEST_STEP][PASSED] - Statement - product = com.kms.katalon.core.webui.keyword.WebUiBuiltInKeywords.modifyObjectProperty(product, "xpath", "equals", "//*[@id = "fldvendor" + row + ""]", true): Modify property of object successfully

2018-05-15 19:09:07 - [MESSAGE][PASSED] - Modify property of object successfully

2018-05-15 19:09:07 - [TEST_STEP][PASSED] - selectOptionByIndex: All options with index in [6] are selected on object ''

2018-05-15 19:09:07 - [MESSAGE][PASSED] - All options with index in [6] are selected on object ''

2018-05-15 19:09:07 - [TEST_STEP][PASSED] - Statement - batch = new com.kms.katalon.core.testobject.TestObject(): null

2018-05-15 19:09:07 - [TEST_STEP][PASSED] - Statement - batch = com.kms.katalon.core.webui.keyword.WebUiBuiltInKeywords.modifyObjectProperty(batch, "xpath", "equals", "//*[@id = "txtbthqty" + row + ""]", true): Modify property of object successfully

2018-05-15 19:09:07 - [MESSAGE][PASSED] - Modify property of object successfully

2018-05-15 19:09:07 - [TEST_STEP][PASSED] - Statement - batchqty = com.kms.katalon.core.webui.keyword.WebUiBuiltInKeywords.getAttribute(batch, "value").trim(): Attribute 'value' of object '' is: '400'

2018-05-15 19:09:07 - [MESSAGE][PASSED] - Attribute 'value' of object '' is: '400'

2018-05-15 19:09:07 - [TEST_STEP][PASSED] - Statement - Rqty = 10000: null

2018-05-15 19:09:07 - [TEST_STEP][PASSED] - delay: Delayed 2 second(s)

2018-05-15 19:09:09 - [MESSAGE][PASSED] - Delayed 2 second(s)

2018-05-15 19:09:09 - [TEST_STEP][PASSED] - Statement - out.println("BatchQty : " + batchqty): null

2018-05-15 19:09:09 - [TEST_STEP][PASSED] - Statement - out.println("RQty : " + Rqty): null

2018-05-15 19:09:09 - [TEST_STEP][PASSED] - Statement - If (java.lang.Integer.valueOf(batchqty) >= java.lang.Integer.valueOf(Rqty)): null

2018-05-15 19:09:09 - [TEST_STEP][PASSED] - Statement - Else: null

2018-05-15 19:09:09 - [TEST_STEP][PASSED] - Statement - out.println("Batchqty Is Less Than Rqty"): null

2018-05-15 19:09:09 - [TEST_STEP][PASSED] - Statement - product = new com.kms.katalon.core.testobject.TestObject(): null

2018-05-15 19:09:09 - [TEST_STEP][PASSED] - Statement - product = com.kms.katalon.core.webui.keyword.WebUiBuiltInKeywords.modifyObjectProperty(product, "xpath", "equals", "//*[@id = "fldvendor" + row + ""]", true): Modify property of object successfully

2018-05-15 19:09:09 - [MESSAGE][PASSED] - Modify property of object successfully

2018-05-15 19:09:09 - [TEST_STEP][PASSED] - selectOptionByIndex: All options with index in [7] are selected on object ''

2018-05-15 19:09:10 - [MESSAGE][PASSED] - All options with index in [7] are selected on object ''

2018-05-15 19:09:10 - [TEST_STEP][PASSED] - Statement - batch = new com.kms.katalon.core.testobject.TestObject(): null

2018-05-15 19:09:10 - [TEST_STEP][PASSED] - Statement - batch = com.kms.katalon.core.webui.keyword.WebUiBuiltInKeywords.modifyObjectProperty(batch, "xpath", "equals", "//*[@id = "txtbthqty" + row + ""]", true): Modify property of object successfully

2018-05-15 19:09:10 - [MESSAGE][PASSED] - Modify property of object successfully

2018-05-15 19:09:10 - [TEST_STEP][PASSED] - Statement - batchqty = com.kms.katalon.core.webui.keyword.WebUiBuiltInKeywords.getAttribute(batch, "value").trim(): Attribute 'value' of object '' is: '5000'

2018-05-15 19:09:10 - [MESSAGE][PASSED] - Attribute 'value' of object '' is: '5000'

2018-05-15 19:09:10 - [TEST_STEP][PASSED] - Statement - Rqty = 10000: null

2018-05-15 19:09:10 - [TEST_STEP][PASSED] - delay: Delayed 2 second(s)

2018-05-15 19:09:12 - [MESSAGE][PASSED] - Delayed 2 second(s)

2018-05-15 19:09:12 - [TEST_STEP][PASSED] - Statement - out.println("BatchQty : " + batchqty): null

2018-05-15 19:09:12 - [TEST_STEP][PASSED] - Statement - out.println("RQty : " + Rqty): null

2018-05-15 19:09:12 - [TEST_STEP][PASSED] - Statement - If (java.lang.Integer.valueOf(batchqty) >= java.lang.Integer.valueOf(Rqty)): null

2018-05-15 19:09:12 - [TEST_STEP][PASSED] - Statement - Else: null

2018-05-15 19:09:12 - [TEST_STEP][PASSED] - Statement - out.println("Batchqty Is Less Than Rqty"): null

2018-05-15 19:09:12 - [TEST_STEP][PASSED] - Statement - product = new com.kms.katalon.core.testobject.TestObject(): null

2018-05-15 19:09:12 - [TEST_STEP][PASSED] - Statement - product = com.kms.katalon.core.webui.keyword.WebUiBuiltInKeywords.modifyObjectProperty(product, "xpath", "equals", "//*[@id = "fldvendor" + row + ""]", true): Modify property of object successfully

2018-05-15 19:09:12 - [MESSAGE][PASSED] - Modify property of object successfully

2018-05-15 19:09:12 - [TEST_STEP][PASSED] - selectOptionByIndex: All options with index in [8] are selected on object ''

2018-05-15 19:09:12 - [MESSAGE][PASSED] - All options with index in [8] are selected on object ''

2018-05-15 19:09:12 - [TEST_STEP][PASSED] - Statement - batch = new com.kms.katalon.core.testobject.TestObject(): null

2018-05-15 19:09:12 - [TEST_STEP][PASSED] - Statement - batch = com.kms.katalon.core.webui.keyword.WebUiBuiltInKeywords.modifyObjectProperty(batch, "xpath", "equals", "//*[@id = "txtbthqty" + row + ""]", true): Modify property of object successfully

2018-05-15 19:09:12 - [MESSAGE][PASSED] - Modify property of object successfully

2018-05-15 19:09:12 - [TEST_STEP][PASSED] - Statement - batchqty = com.kms.katalon.core.webui.keyword.WebUiBuiltInKeywords.getAttribute(batch, "value").trim(): Attribute 'value' of object '' is: '5000'

2018-05-15 19:09:12 - [MESSAGE][PASSED] - Attribute 'value' of object '' is: '5000'

2018-05-15 19:09:12 - [TEST_STEP][PASSED] - Statement - Rqty = 10000: null

2018-05-15 19:09:12 - [TEST_STEP][PASSED] - delay: Delayed 2 second(s)

2018-05-15 19:09:14 - [MESSAGE][PASSED] - Delayed 2 second(s)

2018-05-15 19:09:14 - [TEST_STEP][PASSED] - Statement - out.println("BatchQty : " + batchqty): null

2018-05-15 19:09:14 - [TEST_STEP][PASSED] - Statement - out.println("RQty : " + Rqty): null

2018-05-15 19:09:14 - [TEST_STEP][PASSED] - Statement - If (java.lang.Integer.valueOf(batchqty) >= java.lang.Integer.valueOf(Rqty)): null

2018-05-15 19:09:14 - [TEST_STEP][PASSED] - Statement - Else: null

2018-05-15 19:09:14 - [TEST_STEP][PASSED] - Statement - out.println("Batchqty Is Less Than Rqty"): null

2018-05-15 19:09:14 - [TEST_STEP][PASSED] - Statement - batchlength = new com.kms.katalon.core.testobject.TestObject(): null

2018-05-15 19:09:14 - [TEST_STEP][PASSED] - Statement - batchlength = com.kms.katalon.core.webui.keyword.WebUiBuiltInKeywords.modifyObjectProperty(batchlength, "xpath", "equals", "//*[@id = "fldvendor" + row + ""]", true): Modify property of object successfully

2018-05-15 19:09:14 - [MESSAGE][PASSED] - Modify property of object successfully

2018-05-15 19:09:14 - [TEST_STEP][PASSED] - Statement - batchsize = com.kms.katalon.core.webui.keyword.WebUiBuiltInKeywords.getNumberOfTotalOption(batchlength): 9 options of object '' counted

2018-05-15 19:09:14 - [MESSAGE][PASSED] - 9 options of object '' counted

2018-05-15 19:09:14 - [TEST_STEP][PASSED] - Statement - out.println("BatchSize : " + batchsize): null

2018-05-15 19:09:14 - [TEST_STEP][PASSED] - Statement - For ([n = 1, n <= batchsize - 1, (n++)]): null

2018-05-15 19:09:14 - [TEST_STEP][PASSED] - Statement - product = new com.kms.katalon.core.testobject.TestObject(): null

2018-05-15 19:09:14 - [TEST_STEP][PASSED] - Statement - product = com.kms.katalon.core.webui.keyword.WebUiBuiltInKeywords.modifyObjectProperty(product, "xpath", "equals", "//*[@id = "fldvendor" + row + ""]", true): Modify property of object successfully

2018-05-15 19:09:14 - [MESSAGE][PASSED] - Modify property of object successfully

2018-05-15 19:09:14 - [TEST_STEP][PASSED] - selectOptionByIndex: All options with index in [1] are selected on object ''

2018-05-15 19:09:14 - [MESSAGE][PASSED] - All options with index in [1] are selected on object ''

2018-05-15 19:09:14 - [TEST_STEP][PASSED] - Statement - batch = new com.kms.katalon.core.testobject.TestObject(): null

2018-05-15 19:09:14 - [TEST_STEP][PASSED] - Statement - batch = com.kms.katalon.core.webui.keyword.WebUiBuiltInKeywords.modifyObjectProperty(batch, "xpath", "equals", "//*[@id = "txtbthqty" + row + ""]", true): Modify property of object successfully

2018-05-15 19:09:14 - [MESSAGE][PASSED] - Modify property of object successfully

2018-05-15 19:09:14 - [TEST_STEP][PASSED] - Statement - batchqty = com.kms.katalon.core.webui.keyword.WebUiBuiltInKeywords.getAttribute(batch, "value").trim(): Attribute 'value' of object '' is: '400'

2018-05-15 19:09:14 - [MESSAGE][PASSED] - Attribute 'value' of object '' is: '400'

2018-05-15 19:09:14 - [TEST_STEP][PASSED] - Statement - Rqty = 10000: null

2018-05-15 19:09:14 - [TEST_STEP][PASSED] - delay: Delayed 2 second(s)

2018-05-15 19:09:16 - [MESSAGE][PASSED] - Delayed 2 second(s)

2018-05-15 19:09:16 - [TEST_STEP][PASSED] - Statement - out.println("BatchQty : " + batchqty): null

2018-05-15 19:09:16 - [TEST_STEP][PASSED] - Statement - out.println("RQty : " + Rqty): null

2018-05-15 19:09:16 - [TEST_STEP][PASSED] - Statement - If (java.lang.Integer.valueOf(batchqty) >= java.lang.Integer.valueOf(Rqty)): null

2018-05-15 19:09:16 - [TEST_STEP][PASSED] - Statement - Else: null

2018-05-15 19:09:16 - [TEST_STEP][PASSED] - Statement - out.println("Batchqty Is Less Than Rqty"): null

2018-05-15 19:09:16 - [TEST_STEP][PASSED] - Statement - product = new com.kms.katalon.core.testobject.TestObject(): null

2018-05-15 19:09:16 - [TEST_STEP][PASSED] - Statement - product = com.kms.katalon.core.webui.keyword.WebUiBuiltInKeywords.modifyObjectProperty(product, "xpath", "equals", "//*[@id = "fldvendor" + row + ""]", true): Modify property of object successfully

2018-05-15 19:09:16 - [MESSAGE][PASSED] - Modify property of object successfully

2018-05-15 19:09:16 - [TEST_STEP][PASSED] - selectOptionByIndex: All options with index in [2] are selected on object ''

2018-05-15 19:09:16 - [MESSAGE][PASSED] - All options with index in [2] are selected on object ''

2018-05-15 19:09:16 - [TEST_STEP][PASSED] - Statement - batch = new com.kms.katalon.core.testobject.TestObject(): null

2018-05-15 19:09:16 - [TEST_STEP][PASSED] - Statement - batch = com.kms.katalon.core.webui.keyword.WebUiBuiltInKeywords.modifyObjectProperty(batch, "xpath", "equals", "//*[@id = "txtbthqty" + row + ""]", true): Modify property of object successfully

2018-05-15 19:09:16 - [MESSAGE][PASSED] - Modify property of object successfully

2018-05-15 19:09:16 - [TEST_STEP][PASSED] - Statement - batchqty = com.kms.katalon.core.webui.keyword.WebUiBuiltInKeywords.getAttribute(batch, "value").trim(): Attribute 'value' of object '' is: '5000'

2018-05-15 19:09:16 - [MESSAGE][PASSED] - Attribute 'value' of object '' is: '5000'

2018-05-15 19:09:16 - [TEST_STEP][PASSED] - Statement - Rqty = 10000: null

2018-05-15 19:09:16 - [TEST_STEP][PASSED] - delay: Delayed 2 second(s)

2018-05-15 19:09:18 - [MESSAGE][PASSED] - Delayed 2 second(s)

2018-05-15 19:09:18 - [TEST_STEP][PASSED] - Statement - out.println("BatchQty : " + batchqty): null

2018-05-15 19:09:18 - [TEST_STEP][PASSED] - Statement - out.println("RQty : " + Rqty): null

2018-05-15 19:09:18 - [TEST_STEP][PASSED] - Statement - If (java.lang.Integer.valueOf(batchqty) >= java.lang.Integer.valueOf(Rqty)): null

2018-05-15 19:09:18 - [TEST_STEP][PASSED] - Statement - Else: null

2018-05-15 19:09:18 - [TEST_STEP][PASSED] - Statement - out.println("Batchqty Is Less Than Rqty"): null

2018-05-15 19:09:18 - [TEST_STEP][PASSED] - Statement - product = new com.kms.katalon.core.testobject.TestObject(): null

2018-05-15 19:09:18 - [TEST_STEP][PASSED] - Statement - product = com.kms.katalon.core.webui.keyword.WebUiBuiltInKeywords.modifyObjectProperty(product, "xpath", "equals", "//*[@id = "fldvendor" + row + ""]", true): Modify property of object successfully

2018-05-15 19:09:18 - [MESSAGE][PASSED] - Modify property of object successfully

2018-05-15 19:09:18 - [TEST_STEP][PASSED] - selectOptionByIndex: All options with index in [3] are selected on object ''

2018-05-15 19:09:18 - [MESSAGE][PASSED] - All options with index in [3] are selected on object ''

2018-05-15 19:09:18 - [TEST_STEP][PASSED] - Statement - batch = new com.kms.katalon.core.testobject.TestObject(): null

2018-05-15 19:09:18 - [TEST_STEP][PASSED] - Statement - batch = com.kms.katalon.core.webui.keyword.WebUiBuiltInKeywords.modifyObjectProperty(batch, "xpath", "equals", "//*[@id = "txtbthqty" + row + ""]", true): Modify property of object successfully

2018-05-15 19:09:18 - [MESSAGE][PASSED] - Modify property of object successfully

2018-05-15 19:09:18 - [TEST_STEP][PASSED] - Statement - batchqty = com.kms.katalon.core.webui.keyword.WebUiBuiltInKeywords.getAttribute(batch, "value").trim(): Attribute 'value' of object '' is: '200'

2018-05-15 19:09:18 - [MESSAGE][PASSED] - Attribute 'value' of object '' is: '200'

2018-05-15 19:09:18 - [TEST_STEP][PASSED] - Statement - Rqty = 10000: null

2018-05-15 19:09:18 - [TEST_STEP][PASSED] - delay: Delayed 2 second(s)

2018-05-15 19:09:20 - [MESSAGE][PASSED] - Delayed 2 second(s)

2018-05-15 19:09:20 - [TEST_STEP][PASSED] - Statement - out.println("BatchQty : " + batchqty): null

2018-05-15 19:09:20 - [TEST_STEP][PASSED] - Statement - out.println("RQty : " + Rqty): null

2018-05-15 19:09:20 - [TEST_STEP][PASSED] - Statement - If (java.lang.Integer.valueOf(batchqty) >= java.lang.Integer.valueOf(Rqty)): null

2018-05-15 19:09:20 - [TEST_STEP][PASSED] - Statement - Else: null

2018-05-15 19:09:20 - [TEST_STEP][PASSED] - Statement - out.println("Batchqty Is Less Than Rqty"): null

2018-05-15 19:09:20 - [TEST_STEP][PASSED] - Statement - product = new com.kms.katalon.core.testobject.TestObject(): null

2018-05-15 19:09:20 - [TEST_STEP][PASSED] - Statement - product = com.kms.katalon.core.webui.keyword.WebUiBuiltInKeywords.modifyObjectProperty(product, "xpath", "equals", "//*[@id = "fldvendor" + row + ""]", true): Modify property of object successfully

2018-05-15 19:09:20 - [MESSAGE][PASSED] - Modify property of object successfully

2018-05-15 19:09:20 - [TEST_STEP][PASSED] - selectOptionByIndex: All options with index in [4] are selected on object ''

2018-05-15 19:09:21 - [MESSAGE][PASSED] - All options with index in [4] are selected on object ''

2018-05-15 19:09:21 - [TEST_STEP][PASSED] - Statement - batch = new com.kms.katalon.core.testobject.TestObject(): null

2018-05-15 19:09:21 - [TEST_STEP][PASSED] - Statement - batch = com.kms.katalon.core.webui.keyword.WebUiBuiltInKeywords.modifyObjectProperty(batch, "xpath", "equals", "//*[@id = "txtbthqty" + row + ""]", true): Modify property of object successfully

2018-05-15 19:09:21 - [MESSAGE][PASSED] - Modify property of object successfully

2018-05-15 19:09:21 - [TEST_STEP][PASSED] - Statement - batchqty = com.kms.katalon.core.webui.keyword.WebUiBuiltInKeywords.getAttribute(batch, "value").trim(): Attribute 'value' of object '' is: '5000'

2018-05-15 19:09:21 - [MESSAGE][PASSED] - Attribute 'value' of object '' is: '5000'

2018-05-15 19:09:21 - [TEST_STEP][PASSED] - Statement - Rqty = 10000: null

2018-05-15 19:09:21 - [TEST_STEP][PASSED] - delay: Delayed 2 second(s)

2018-05-15 19:09:23 - [MESSAGE][PASSED] - Delayed 2 second(s)

2018-05-15 19:09:23 - [TEST_STEP][PASSED] - Statement - out.println("BatchQty : " + batchqty): null

2018-05-15 19:09:23 - [TEST_STEP][PASSED] - Statement - out.println("RQty : " + Rqty): null

2018-05-15 19:09:23 - [TEST_STEP][PASSED] - Statement - If (java.lang.Integer.valueOf(batchqty) >= java.lang.Integer.valueOf(Rqty)): null

2018-05-15 19:09:23 - [TEST_STEP][PASSED] - Statement - Else: null

2018-05-15 19:09:23 - [TEST_STEP][PASSED] - Statement - out.println("Batchqty Is Less Than Rqty"): null

2018-05-15 19:09:23 - [TEST_STEP][PASSED] - Statement - product = new com.kms.katalon.core.testobject.TestObject(): null

2018-05-15 19:09:23 - [TEST_STEP][PASSED] - Statement - product = com.kms.katalon.core.webui.keyword.WebUiBuiltInKeywords.modifyObjectProperty(product, "xpath", "equals", "//*[@id = "fldvendor" + row + ""]", true): Modify property of object successfully

2018-05-15 19:09:23 - [MESSAGE][PASSED] - Modify property of object successfully

2018-05-15 19:09:23 - [TEST_STEP][PASSED] - selectOptionByIndex: All options with index in [5] are selected on object ''

2018-05-15 19:09:23 - [MESSAGE][PASSED] - All options with index in [5] are selected on object ''

2018-05-15 19:09:23 - [TEST_STEP][PASSED] - Statement - batch = new com.kms.katalon.core.testobject.TestObject(): null

2018-05-15 19:09:23 - [TEST_STEP][PASSED] - Statement - batch = com.kms.katalon.core.webui.keyword.WebUiBuiltInKeywords.modifyObjectProperty(batch, "xpath", "equals", "//*[@id = "txtbthqty" + row + ""]", true): Modify property of object successfully

2018-05-15 19:09:23 - [MESSAGE][PASSED] - Modify property of object successfully

2018-05-15 19:09:23 - [TEST_STEP][PASSED] - Statement - batchqty = com.kms.katalon.core.webui.keyword.WebUiBuiltInKeywords.getAttribute(batch, "value").trim(): Attribute 'value' of object '' is: '200'

2018-05-15 19:09:23 - [MESSAGE][PASSED] - Attribute 'value' of object '' is: '200'

2018-05-15 19:09:23 - [TEST_STEP][PASSED] - Statement - Rqty = 10000: null

2018-05-15 19:09:23 - [TEST_STEP][PASSED] - delay: Delayed 2 second(s)

2018-05-15 19:09:25 - [MESSAGE][PASSED] - Delayed 2 second(s)

2018-05-15 19:09:25 - [TEST_STEP][PASSED] - Statement - out.println("BatchQty : " + batchqty): null

2018-05-15 19:09:25 - [TEST_STEP][PASSED] - Statement - out.println("RQty : " + Rqty): null

2018-05-15 19:09:25 - [TEST_STEP][PASSED] - Statement - If (java.lang.Integer.valueOf(batchqty) >= java.lang.Integer.valueOf(Rqty)): null

2018-05-15 19:09:25 - [TEST_STEP][PASSED] - Statement - Else: null

2018-05-15 19:09:25 - [TEST_STEP][PASSED] - Statement - out.println("Batchqty Is Less Than Rqty"): null

2018-05-15 19:09:25 - [TEST_STEP][PASSED] - Statement - product = new com.kms.katalon.core.testobject.TestObject(): null

2018-05-15 19:09:25 - [TEST_STEP][PASSED] - Statement - product = com.kms.katalon.core.webui.keyword.WebUiBuiltInKeywords.modifyObjectProperty(product, "xpath", "equals", "//*[@id = "fldvendor" + row + ""]", true): Modify property of object successfully

2018-05-15 19:09:25 - [MESSAGE][PASSED] - Modify property of object successfully

2018-05-15 19:09:25 - [TEST_STEP][PASSED] - selectOptionByIndex: All options with index in [6] are selected on object ''

2018-05-15 19:09:25 - [MESSAGE][PASSED] - All options with index in [6] are selected on object ''

2018-05-15 19:09:25 - [TEST_STEP][PASSED] - Statement - batch = new com.kms.katalon.core.testobject.TestObject(): null

2018-05-15 19:09:25 - [TEST_STEP][PASSED] - Statement - batch = com.kms.katalon.core.webui.keyword.WebUiBuiltInKeywords.modifyObjectProperty(batch, "xpath", "equals", "//*[@id = "txtbthqty" + row + ""]", true): Modify property of object successfully

2018-05-15 19:09:25 - [MESSAGE][PASSED] - Modify property of object successfully

2018-05-15 19:09:25 - [TEST_STEP][PASSED] - Statement - batchqty = com.kms.katalon.core.webui.keyword.WebUiBuiltInKeywords.getAttribute(batch, "value").trim(): Attribute 'value' of object '' is: '400'

2018-05-15 19:09:25 - [MESSAGE][PASSED] - Attribute 'value' of object '' is: '400'

2018-05-15 19:09:25 - [TEST_STEP][PASSED] - Statement - Rqty = 10000: null

2018-05-15 19:09:25 - [TEST_STEP][PASSED] - delay: Delayed 2 second(s)

2018-05-15 19:09:27 - [MESSAGE][PASSED] - Delayed 2 second(s)

2018-05-15 19:09:27 - [TEST_STEP][PASSED] - Statement - out.println("BatchQty : " + batchqty): null

2018-05-15 19:09:27 - [TEST_STEP][PASSED] - Statement - out.println("RQty : " + Rqty): null

2018-05-15 19:09:27 - [TEST_STEP][PASSED] - Statement - If (java.lang.Integer.valueOf(batchqty) >= java.lang.Integer.valueOf(Rqty)): null

2018-05-15 19:09:27 - [TEST_STEP][PASSED] - Statement - Else: null

2018-05-15 19:09:27 - [TEST_STEP][PASSED] - Statement - out.println("Batchqty Is Less Than Rqty"): null

2018-05-15 19:09:27 - [TEST_STEP][PASSED] - Statement - product = new com.kms.katalon.core.testobject.TestObject(): null

2018-05-15 19:09:27 - [TEST_STEP][PASSED] - Statement - product = com.kms.katalon.core.webui.keyword.WebUiBuiltInKeywords.modifyObjectProperty(product, "xpath", "equals", "//*[@id = "fldvendor" + row + ""]", true): Modify property of object successfully

2018-05-15 19:09:27 - [MESSAGE][PASSED] - Modify property of object successfully

2018-05-15 19:09:27 - [TEST_STEP][PASSED] - selectOptionByIndex: All options with index in [7] are selected on object ''

2018-05-15 19:09:27 - [MESSAGE][PASSED] - All options with index in [7] are selected on object ''

2018-05-15 19:09:27 - [TEST_STEP][PASSED] - Statement - batch = new com.kms.katalon.core.testobject.TestObject(): null

2018-05-15 19:09:27 - [TEST_STEP][PASSED] - Statement - batch = com.kms.katalon.core.webui.keyword.WebUiBuiltInKeywords.modifyObjectProperty(batch, "xpath", "equals", "//*[@id = "txtbthqty" + row + ""]", true): Modify property of object successfully

2018-05-15 19:09:27 - [MESSAGE][PASSED] - Modify property of object successfully

2018-05-15 19:09:27 - [TEST_STEP][PASSED] - Statement - batchqty = com.kms.katalon.core.webui.keyword.WebUiBuiltInKeywords.getAttribute(batch, "value").trim(): Attribute 'value' of object '' is: '5000'

2018-05-15 19:09:27 - [MESSAGE][PASSED] - Attribute 'value' of object '' is: '5000'

2018-05-15 19:09:27 - [TEST_STEP][PASSED] - Statement - Rqty = 10000: null

2018-05-15 19:09:27 - [TEST_STEP][PASSED] - delay: Delayed 2 second(s)

2018-05-15 19:09:29 - [MESSAGE][PASSED] - Delayed 2 second(s)

2018-05-15 19:09:29 - [TEST_STEP][PASSED] - Statement - out.println("BatchQty : " + batchqty): null

2018-05-15 19:09:29 - [TEST_STEP][PASSED] - Statement - out.println("RQty : " + Rqty): null

2018-05-15 19:09:29 - [TEST_STEP][PASSED] - Statement - If (java.lang.Integer.valueOf(batchqty) >= java.lang.Integer.valueOf(Rqty)): null

2018-05-15 19:09:29 - [TEST_STEP][PASSED] - Statement - Else: null

2018-05-15 19:09:29 - [TEST_STEP][PASSED] - Statement - out.println("Batchqty Is Less Than Rqty"): null

2018-05-15 19:09:29 - [TEST_STEP][PASSED] - Statement - product = new com.kms.katalon.core.testobject.TestObject(): null

2018-05-15 19:09:29 - [TEST_STEP][PASSED] - Statement - product = com.kms.katalon.core.webui.keyword.WebUiBuiltInKeywords.modifyObjectProperty(product, "xpath", "equals", "//*[@id = "fldvendor" + row + ""]", true): Modify property of object successfully

2018-05-15 19:09:29 - [MESSAGE][PASSED] - Modify property of object successfully

2018-05-15 19:09:29 - [TEST_STEP][PASSED] - selectOptionByIndex: All options with index in [8] are selected on object ''

2018-05-15 19:09:29 - [MESSAGE][PASSED] - All options with index in [8] are selected on object ''

2018-05-15 19:09:29 - [TEST_STEP][PASSED] - Statement - batch = new com.kms.katalon.core.testobject.TestObject(): null

2018-05-15 19:09:29 - [TEST_STEP][PASSED] - Statement - batch = com.kms.katalon.core.webui.keyword.WebUiBuiltInKeywords.modifyObjectProperty(batch, "xpath", "equals", "//*[@id = "txtbthqty" + row + ""]", true): Modify property of object successfully

2018-05-15 19:09:29 - [MESSAGE][PASSED] - Modify property of object successfully

2018-05-15 19:09:29 - [TEST_STEP][PASSED] - Statement - batchqty = com.kms.katalon.core.webui.keyword.WebUiBuiltInKeywords.getAttribute(batch, "value").trim(): Attribute 'value' of object '' is: '5000'

2018-05-15 19:09:30 - [MESSAGE][PASSED] - Attribute 'value' of object '' is: '5000'

2018-05-15 19:09:30 - [TEST_STEP][PASSED] - Statement - Rqty = 10000: null

2018-05-15 19:09:30 - [TEST_STEP][PASSED] - delay: Delayed 2 second(s)

2018-05-15 19:09:32 - [MESSAGE][PASSED] - Delayed 2 second(s)

2018-05-15 19:09:32 - [TEST_STEP][PASSED] - Statement - out.println("BatchQty : " + batchqty): null

2018-05-15 19:09:32 - [TEST_STEP][PASSED] - Statement - out.println("RQty : " + Rqty): null

2018-05-15 19:09:32 - [TEST_STEP][PASSED] - Statement - If (java.lang.Integer.valueOf(batchqty) >= java.lang.Integer.valueOf(Rqty)): null

2018-05-15 19:09:32 - [TEST_STEP][PASSED] - Statement - Else: null

2018-05-15 19:09:32 - [TEST_STEP][PASSED] - Statement - out.println("Batchqty Is Less Than Rqty"): null

2018-05-15 19:09:32 - [TEST_STEP][PASSED] - Statement - batchlength = new com.kms.katalon.core.testobject.TestObject(): null

2018-05-15 19:09:32 - [TEST_STEP][PASSED] - Statement - batchlength = com.kms.katalon.core.webui.keyword.WebUiBuiltInKeywords.modifyObjectProperty(batchlength, "xpath", "equals", "//*[@id = "fldvendor" + row + ""]", true): Modify property of object successfully

2018-05-15 19:09:32 - [MESSAGE][PASSED] - Modify property of object successfully

2018-05-15 19:09:32 - [TEST_STEP][PASSED] - Statement - batchsize = com.kms.katalon.core.webui.keyword.WebUiBuiltInKeywords.getNumberOfTotalOption(batchlength): 4 options of object '' counted

2018-05-15 19:09:32 - [MESSAGE][PASSED] - 4 options of object '' counted

2018-05-15 19:09:32 - [TEST_STEP][PASSED] - Statement - out.println("BatchSize : " + batchsize): null

2018-05-15 19:09:32 - [TEST_STEP][PASSED] - Statement - For ([n = 1, n <= batchsize - 1, (n++)]): null

2018-05-15 19:09:32 - [TEST_STEP][PASSED] - Statement - product = new com.kms.katalon.core.testobject.TestObject(): null

2018-05-15 19:09:32 - [TEST_STEP][PASSED] - Statement - product = com.kms.katalon.core.webui.keyword.WebUiBuiltInKeywords.modifyObjectProperty(product, "xpath", "equals", "//*[@id = "fldvendor" + row + ""]", true): Modify property of object successfully

2018-05-15 19:09:32 - [MESSAGE][PASSED] - Modify property of object successfully

2018-05-15 19:09:32 - [TEST_STEP][PASSED] - selectOptionByIndex: All options with index in [1] are selected on object ''

2018-05-15 19:09:32 - [MESSAGE][PASSED] - All options with index in [1] are selected on object ''

2018-05-15 19:09:32 - [TEST_STEP][PASSED] - Statement - batch = new com.kms.katalon.core.testobject.TestObject(): null

2018-05-15 19:09:32 - [TEST_STEP][PASSED] - Statement - batch = com.kms.katalon.core.webui.keyword.WebUiBuiltInKeywords.modifyObjectProperty(batch, "xpath", "equals", "//*[@id = "txtbthqty" + row + ""]", true): Modify property of object successfully

2018-05-15 19:09:32 - [MESSAGE][PASSED] - Modify property of object successfully

2018-05-15 19:09:32 - [TEST_STEP][PASSED] - Statement - batchqty = com.kms.katalon.core.webui.keyword.WebUiBuiltInKeywords.getAttribute(batch, "value").trim(): Attribute 'value' of object '' is: '200'

2018-05-15 19:09:32 - [MESSAGE][PASSED] - Attribute 'value' of object '' is: '200'

2018-05-15 19:09:32 - [TEST_STEP][PASSED] - Statement - Rqty = 10000: null

2018-05-15 19:09:32 - [TEST_STEP][PASSED] - delay: Delayed 2 second(s)

2018-05-15 19:09:34 - [MESSAGE][PASSED] - Delayed 2 second(s)

2018-05-15 19:09:34 - [TEST_STEP][PASSED] - Statement - out.println("BatchQty : " + batchqty): null

2018-05-15 19:09:34 - [TEST_STEP][PASSED] - Statement - out.println("RQty : " + Rqty): null

2018-05-15 19:09:34 - [TEST_STEP][PASSED] - Statement - If (java.lang.Integer.valueOf(batchqty) >= java.lang.Integer.valueOf(Rqty)): null

2018-05-15 19:09:34 - [TEST_STEP][PASSED] - Statement - Else: null

2018-05-15 19:09:34 - [TEST_STEP][PASSED] - Statement - out.println("Batchqty Is Less Than Rqty"): null

2018-05-15 19:09:34 - [TEST_STEP][PASSED] - Statement - product = new com.kms.katalon.core.testobject.TestObject(): null

2018-05-15 19:09:34 - [TEST_STEP][PASSED] - Statement - product = com.kms.katalon.core.webui.keyword.WebUiBuiltInKeywords.modifyObjectProperty(product, "xpath", "equals", "//*[@id = "fldvendor" + row + ""]", true): Modify property of object successfully

2018-05-15 19:09:34 - [MESSAGE][PASSED] - Modify property of object successfully

2018-05-15 19:09:34 - [TEST_STEP][PASSED] - selectOptionByIndex: All options with index in [2] are selected on object ''

2018-05-15 19:09:34 - [MESSAGE][PASSED] - All options with index in [2] are selected on object ''

2018-05-15 19:09:34 - [TEST_STEP][PASSED] - Statement - batch = new com.kms.katalon.core.testobject.TestObject(): null

2018-05-15 19:09:34 - [TEST_STEP][PASSED] - Statement - batch = com.kms.katalon.core.webui.keyword.WebUiBuiltInKeywords.modifyObjectProperty(batch, "xpath", "equals", "//*[@id = "txtbthqty" + row + ""]", true): Modify property of object successfully

2018-05-15 19:09:34 - [MESSAGE][PASSED] - Modify property of object successfully

2018-05-15 19:09:34 - [TEST_STEP][PASSED] - Statement - batchqty = com.kms.katalon.core.webui.keyword.WebUiBuiltInKeywords.getAttribute(batch, "value").trim(): Attribute 'value' of object '' is: '5000'

2018-05-15 19:09:34 - [MESSAGE][PASSED] - Attribute 'value' of object '' is: '5000'

2018-05-15 19:09:34 - [TEST_STEP][PASSED] - Statement - Rqty = 10000: null

2018-05-15 19:09:34 - [TEST_STEP][PASSED] - delay: Delayed 2 second(s)

2018-05-15 19:09:36 - [MESSAGE][PASSED] - Delayed 2 second(s)

2018-05-15 19:09:36 - [TEST_STEP][PASSED] - Statement - out.println("BatchQty : " + batchqty): null

2018-05-15 19:09:36 - [TEST_STEP][PASSED] - Statement - out.println("RQty : " + Rqty): null

2018-05-15 19:09:36 - [TEST_STEP][PASSED] - Statement - If (java.lang.Integer.valueOf(batchqty) >= java.lang.Integer.valueOf(Rqty)): null

2018-05-15 19:09:36 - [TEST_STEP][PASSED] - Statement - Else: null

2018-05-15 19:09:36 - [TEST_STEP][PASSED] - Statement - out.println("Batchqty Is Less Than Rqty"): null

2018-05-15 19:09:36 - [TEST_STEP][PASSED] - Statement - product = new com.kms.katalon.core.testobject.TestObject(): null

2018-05-15 19:09:36 - [TEST_STEP][PASSED] - Statement - product = com.kms.katalon.core.webui.keyword.WebUiBuiltInKeywords.modifyObjectProperty(product, "xpath", "equals", "//*[@id = "fldvendor" + row + ""]", true): Modify property of object successfully

2018-05-15 19:09:36 - [MESSAGE][PASSED] - Modify property of object successfully

2018-05-15 19:09:36 - [TEST_STEP][PASSED] - selectOptionByIndex: All options with index in [3] are selected on object ''

2018-05-15 19:09:36 - [MESSAGE][PASSED] - All options with index in [3] are selected on object ''

2018-05-15 19:09:36 - [TEST_STEP][PASSED] - Statement - batch = new com.kms.katalon.core.testobject.TestObject(): null

2018-05-15 19:09:36 - [TEST_STEP][PASSED] - Statement - batch = com.kms.katalon.core.webui.keyword.WebUiBuiltInKeywords.modifyObjectProperty(batch, "xpath", "equals", "//*[@id = "txtbthqty" + row + ""]", true): Modify property of object successfully

2018-05-15 19:09:36 - [MESSAGE][PASSED] - Modify property of object successfully

2018-05-15 19:09:36 - [TEST_STEP][PASSED] - Statement - batchqty = com.kms.katalon.core.webui.keyword.WebUiBuiltInKeywords.getAttribute(batch, "value").trim(): Attribute 'value' of object '' is: '5000'

2018-05-15 19:09:36 - [MESSAGE][PASSED] - Attribute 'value' of object '' is: '5000'

2018-05-15 19:09:36 - [TEST_STEP][PASSED] - Statement - Rqty = 10000: null

2018-05-15 19:09:36 - [TEST_STEP][PASSED] - delay: Delayed 2 second(s)

2018-05-15 19:09:38 - [MESSAGE][PASSED] - Delayed 2 second(s)

2018-05-15 19:09:38 - [TEST_STEP][PASSED] - Statement - out.println("BatchQty : " + batchqty): null

2018-05-15 19:09:38 - [TEST_STEP][PASSED] - Statement - out.println("RQty : " + Rqty): null

2018-05-15 19:09:38 - [TEST_STEP][PASSED] - Statement - If (java.lang.Integer.valueOf(batchqty) >= java.lang.Integer.valueOf(Rqty)): null

2018-05-15 19:09:38 - [TEST_STEP][PASSED] - Statement - Else: null

2018-05-15 19:09:38 - [TEST_STEP][PASSED] - Statement - out.println("Batchqty Is Less Than Rqty"): null

2018-05-15 19:09:38 - [TEST_STEP][PASSED] - Statement - batchlength = new com.kms.katalon.core.testobject.TestObject(): null

2018-05-15 19:09:38 - [TEST_STEP][PASSED] - Statement - batchlength = com.kms.katalon.core.webui.keyword.WebUiBuiltInKeywords.modifyObjectProperty(batchlength, "xpath", "equals", "//*[@id = "fldvendor" + row + ""]", true): Modify property of object successfully

2018-05-15 19:09:38 - [MESSAGE][PASSED] - Modify property of object successfully

2018-05-15 19:09:38 - [TEST_STEP][PASSED] - Statement - batchsize = com.kms.katalon.core.webui.keyword.WebUiBuiltInKeywords.getNumberOfTotalOption(batchlength): 5 options of object '' counted

2018-05-15 19:09:38 - [MESSAGE][PASSED] - 5 options of object '' counted

2018-05-15 19:09:38 - [TEST_STEP][PASSED] - Statement - out.println("BatchSize : " + batchsize): null

2018-05-15 19:09:38 - [TEST_STEP][PASSED] - Statement - For ([n = 1, n <= batchsize - 1, (n++)]): null

2018-05-15 19:09:38 - [TEST_STEP][PASSED] - Statement - product = new com.kms.katalon.core.testobject.TestObject(): null

2018-05-15 19:09:38 - [TEST_STEP][PASSED] - Statement - product = com.kms.katalon.core.webui.keyword.WebUiBuiltInKeywords.modifyObjectProperty(product, "xpath", "equals", "//*[@id = "fldvendor" + row + ""]", true): Modify property of object successfully

2018-05-15 19:09:38 - [MESSAGE][PASSED] - Modify property of object successfully

2018-05-15 19:09:38 - [TEST_STEP][PASSED] - selectOptionByIndex: All options with index in [1] are selected on object ''

2018-05-15 19:09:38 - [MESSAGE][PASSED] - All options with index in [1] are selected on object ''

2018-05-15 19:09:38 - [TEST_STEP][PASSED] - Statement - batch = new com.kms.katalon.core.testobject.TestObject(): null

2018-05-15 19:09:38 - [TEST_STEP][PASSED] - Statement - batch = com.kms.katalon.core.webui.keyword.WebUiBuiltInKeywords.modifyObjectProperty(batch, "xpath", "equals", "//*[@id = "txtbthqty" + row + ""]", true): Modify property of object successfully

2018-05-15 19:09:38 - [MESSAGE][PASSED] - Modify property of object successfully

2018-05-15 19:09:38 - [TEST_STEP][PASSED] - Statement - batchqty = com.kms.katalon.core.webui.keyword.WebUiBuiltInKeywords.getAttribute(batch, "value").trim(): Attribute 'value' of object '' is: '400'

2018-05-15 19:09:38 - [MESSAGE][PASSED] - Attribute 'value' of object '' is: '400'

2018-05-15 19:09:38 - [TEST_STEP][PASSED] - Statement - Rqty = 10000: null

2018-05-15 19:09:38 - [TEST_STEP][PASSED] - delay: Delayed 2 second(s)

2018-05-15 19:09:40 - [MESSAGE][PASSED] - Delayed 2 second(s)

2018-05-15 19:09:40 - [TEST_STEP][PASSED] - Statement - out.println("BatchQty : " + batchqty): null

2018-05-15 19:09:40 - [TEST_STEP][PASSED] - Statement - out.println("RQty : " + Rqty): null

2018-05-15 19:09:40 - [TEST_STEP][PASSED] - Statement - If (java.lang.Integer.valueOf(batchqty) >= java.lang.Integer.valueOf(Rqty)): null

2018-05-15 19:09:40 - [TEST_STEP][PASSED] - Statement - Else: null

2018-05-15 19:09:40 - [TEST_STEP][PASSED] - Statement - out.println("Batchqty Is Less Than Rqty"): null

2018-05-15 19:09:40 - [TEST_STEP][PASSED] - Statement - product = new com.kms.katalon.core.testobject.TestObject(): null

2018-05-15 19:09:40 - [TEST_STEP][PASSED] - Statement - product = com.kms.katalon.core.webui.keyword.WebUiBuiltInKeywords.modifyObjectProperty(product, "xpath", "equals", "//*[@id = "fldvendor" + row + ""]", true): Modify property of object successfully

2018-05-15 19:09:40 - [MESSAGE][PASSED] - Modify property of object successfully

2018-05-15 19:09:40 - [TEST_STEP][PASSED] - selectOptionByIndex: All options with index in [2] are selected on object ''

2018-05-15 19:09:41 - [MESSAGE][PASSED] - All options with index in [2] are selected on object ''

2018-05-15 19:09:41 - [TEST_STEP][PASSED] - Statement - batch = new com.kms.katalon.core.testobject.TestObject(): null

2018-05-15 19:09:41 - [TEST_STEP][PASSED] - Statement - batch = com.kms.katalon.core.webui.keyword.WebUiBuiltInKeywords.modifyObjectProperty(batch, "xpath", "equals", "//*[@id = "txtbthqty" + row + ""]", true): Modify property of object successfully

2018-05-15 19:09:41 - [MESSAGE][PASSED] - Modify property of object successfully

2018-05-15 19:09:41 - [TEST_STEP][PASSED] - Statement - batchqty = com.kms.katalon.core.webui.keyword.WebUiBuiltInKeywords.getAttribute(batch, "value").trim(): Attribute 'value' of object '' is: '5000'

2018-05-15 19:09:41 - [MESSAGE][PASSED] - Attribute 'value' of object '' is: '5000'

2018-05-15 19:09:41 - [TEST_STEP][PASSED] - Statement - Rqty = 10000: null

2018-05-15 19:09:41 - [TEST_STEP][PASSED] - delay: Delayed 2 second(s)

2018-05-15 19:09:43 - [MESSAGE][PASSED] - Delayed 2 second(s)

2018-05-15 19:09:43 - [TEST_STEP][PASSED] - Statement - out.println("BatchQty : " + batchqty): null

2018-05-15 19:09:43 - [TEST_STEP][PASSED] - Statement - out.println("RQty : " + Rqty): null

2018-05-15 19:09:43 - [TEST_STEP][PASSED] - Statement - If (java.lang.Integer.valueOf(batchqty) >= java.lang.Integer.valueOf(Rqty)): null

2018-05-15 19:09:43 - [TEST_STEP][PASSED] - Statement - Else: null

2018-05-15 19:09:43 - [TEST_STEP][PASSED] - Statement - out.println("Batchqty Is Less Than Rqty"): null

2018-05-15 19:09:43 - [TEST_STEP][PASSED] - Statement - product = new com.kms.katalon.core.testobject.TestObject(): null

2018-05-15 19:09:43 - [TEST_STEP][PASSED] - Statement - product = com.kms.katalon.core.webui.keyword.WebUiBuiltInKeywords.modifyObjectProperty(product, "xpath", "equals", "//*[@id = "fldvendor" + row + ""]", true): Modify property of object successfully

2018-05-15 19:09:43 - [MESSAGE][PASSED] - Modify property of object successfully

2018-05-15 19:09:43 - [TEST_STEP][PASSED] - selectOptionByIndex: All options with index in [3] are selected on object ''

2018-05-15 19:09:43 - [MESSAGE][PASSED] - All options with index in [3] are selected on object ''

2018-05-15 19:09:43 - [TEST_STEP][PASSED] - Statement - batch = new com.kms.katalon.core.testobject.TestObject(): null

2018-05-15 19:09:43 - [TEST_STEP][PASSED] - Statement - batch = com.kms.katalon.core.webui.keyword.WebUiBuiltInKeywords.modifyObjectProperty(batch, "xpath", "equals", "//*[@id = "txtbthqty" + row + ""]", true): Modify property of object successfully

2018-05-15 19:09:43 - [MESSAGE][PASSED] - Modify property of object successfully

2018-05-15 19:09:43 - [TEST_STEP][PASSED] - Statement - batchqty = com.kms.katalon.core.webui.keyword.WebUiBuiltInKeywords.getAttribute(batch, "value").trim(): Attribute 'value' of object '' is: '5000'

2018-05-15 19:09:43 - [MESSAGE][PASSED] - Attribute 'value' of object '' is: '5000'

2018-05-15 19:09:43 - [TEST_STEP][PASSED] - Statement - Rqty = 10000: null

2018-05-15 19:09:43 - [TEST_STEP][PASSED] - delay: Delayed 2 second(s)

2018-05-15 19:09:45 - [MESSAGE][PASSED] - Delayed 2 second(s)

2018-05-15 19:09:45 - [TEST_STEP][PASSED] - Statement - out.println("BatchQty : " + batchqty): null

2018-05-15 19:09:45 - [TEST_STEP][PASSED] - Statement - out.println("RQty : " + Rqty): null

2018-05-15 19:09:45 - [TEST_STEP][PASSED] - Statement - If (java.lang.Integer.valueOf(batchqty) >= java.lang.Integer.valueOf(Rqty)): null

2018-05-15 19:09:45 - [TEST_STEP][PASSED] - Statement - Else: null

2018-05-15 19:09:45 - [TEST_STEP][PASSED] - Statement - out.println("Batchqty Is Less Than Rqty"): null

2018-05-15 19:09:45 - [TEST_STEP][PASSED] - Statement - product = new com.kms.katalon.core.testobject.TestObject(): null

2018-05-15 19:09:45 - [TEST_STEP][PASSED] - Statement - product = com.kms.katalon.core.webui.keyword.WebUiBuiltInKeywords.modifyObjectProperty(product, "xpath", "equals", "//*[@id = "fldvendor" + row + ""]", true): Modify property of object successfully

2018-05-15 19:09:45 - [MESSAGE][PASSED] - Modify property of object successfully

2018-05-15 19:09:45 - [TEST_STEP][PASSED] - selectOptionByIndex: All options with index in [4] are selected on object ''

2018-05-15 19:09:45 - [MESSAGE][PASSED] - All options with index in [4] are selected on object ''

2018-05-15 19:09:45 - [TEST_STEP][PASSED] - Statement - batch = new com.kms.katalon.core.testobject.TestObject(): null

2018-05-15 19:09:45 - [TEST_STEP][PASSED] - Statement - batch = com.kms.katalon.core.webui.keyword.WebUiBuiltInKeywords.modifyObjectProperty(batch, "xpath", "equals", "//*[@id = "txtbthqty" + row + ""]", true): Modify property of object successfully

2018-05-15 19:09:45 - [MESSAGE][PASSED] - Modify property of object successfully

2018-05-15 19:09:45 - [TEST_STEP][PASSED] - Statement - batchqty = com.kms.katalon.core.webui.keyword.WebUiBuiltInKeywords.getAttribute(batch, "value").trim(): Attribute 'value' of object '' is: '200'

2018-05-15 19:09:45 - [MESSAGE][PASSED] - Attribute 'value' of object '' is: '200'

2018-05-15 19:09:45 - [TEST_STEP][PASSED] - Statement - Rqty = 10000: null

2018-05-15 19:09:45 - [TEST_STEP][PASSED] - delay: Delayed 2 second(s)

2018-05-15 19:09:47 - [MESSAGE][PASSED] - Delayed 2 second(s)

2018-05-15 19:09:47 - [TEST_STEP][PASSED] - Statement - out.println("BatchQty : " + batchqty): null

2018-05-15 19:09:47 - [TEST_STEP][PASSED] - Statement - out.println("RQty : " + Rqty): null

2018-05-15 19:09:47 - [TEST_STEP][PASSED] - Statement - If (java.lang.Integer.valueOf(batchqty) >= java.lang.Integer.valueOf(Rqty)): null

2018-05-15 19:09:47 - [TEST_STEP][PASSED] - Statement - Else: null

2018-05-15 19:09:47 - [TEST_STEP][PASSED] - Statement - out.println("Batchqty Is Less Than Rqty"): null

2018-05-15 19:09:47 - [TEST_STEP][PASSED] - Statement - batchlength = new com.kms.katalon.core.testobject.TestObject(): null

2018-05-15 19:09:47 - [TEST_STEP][PASSED] - Statement - batchlength = com.kms.katalon.core.webui.keyword.WebUiBuiltInKeywords.modifyObjectProperty(batchlength, "xpath", "equals", "//*[@id = "fldvendor" + row + ""]", true): Modify property of object successfully

2018-05-15 19:09:47 - [MESSAGE][PASSED] - Modify property of object successfully

2018-05-15 19:09:47 - [TEST_STEP][PASSED] - Statement - batchsize = com.kms.katalon.core.webui.keyword.WebUiBuiltInKeywords.getNumberOfTotalOption(batchlength): 4 options of object '' counted

2018-05-15 19:09:47 - [MESSAGE][PASSED] - 4 options of object '' counted

2018-05-15 19:09:47 - [TEST_STEP][PASSED] - Statement - out.println("BatchSize : " + batchsize): null

2018-05-15 19:09:47 - [TEST_STEP][PASSED] - Statement - For ([n = 1, n <= batchsize - 1, (n++)]): null

2018-05-15 19:09:47 - [TEST_STEP][PASSED] - Statement - product = new com.kms.katalon.core.testobject.TestObject(): null

2018-05-15 19:09:47 - [TEST_STEP][PASSED] - Statement - product = com.kms.katalon.core.webui.keyword.WebUiBuiltInKeywords.modifyObjectProperty(product, "xpath", "equals", "//*[@id = "fldvendor" + row + ""]", true): Modify property of object successfully

2018-05-15 19:09:47 - [MESSAGE][PASSED] - Modify property of object successfully

2018-05-15 19:09:47 - [TEST_STEP][PASSED] - selectOptionByIndex: All options with index in [1] are selected on object ''

2018-05-15 19:09:47 - [MESSAGE][PASSED] - All options with index in [1] are selected on object ''

2018-05-15 19:09:47 - [TEST_STEP][PASSED] - Statement - batch = new com.kms.katalon.core.testobject.TestObject(): null

2018-05-15 19:09:47 - [TEST_STEP][PASSED] - Statement - batch = com.kms.katalon.core.webui.keyword.WebUiBuiltInKeywords.modifyObjectProperty(batch, "xpath", "equals", "//*[@id = "txtbthqty" + row + ""]", true): Modify property of object successfully

2018-05-15 19:09:47 - [MESSAGE][PASSED] - Modify property of object successfully

2018-05-15 19:09:47 - [TEST_STEP][PASSED] - Statement - batchqty = com.kms.katalon.core.webui.keyword.WebUiBuiltInKeywords.getAttribute(batch, "value").trim(): Attribute 'value' of object '' is: '200'

2018-05-15 19:09:47 - [MESSAGE][PASSED] - Attribute 'value' of object '' is: '200'

2018-05-15 19:09:47 - [TEST_STEP][PASSED] - Statement - Rqty = 10000: null

2018-05-15 19:09:47 - [TEST_STEP][PASSED] - delay: Delayed 2 second(s)

2018-05-15 19:09:49 - [MESSAGE][PASSED] - Delayed 2 second(s)

2018-05-15 19:09:49 - [TEST_STEP][PASSED] - Statement - out.println("BatchQty : " + batchqty): null

2018-05-15 19:09:49 - [TEST_STEP][PASSED] - Statement - out.println("RQty : " + Rqty): null

2018-05-15 19:09:49 - [TEST_STEP][PASSED] - Statement - If (java.lang.Integer.valueOf(batchqty) >= java.lang.Integer.valueOf(Rqty)): null

2018-05-15 19:09:49 - [TEST_STEP][PASSED] - Statement - Else: null

2018-05-15 19:09:49 - [TEST_STEP][PASSED] - Statement - out.println("Batchqty Is Less Than Rqty"): null

2018-05-15 19:09:49 - [TEST_STEP][PASSED] - Statement - product = new com.kms.katalon.core.testobject.TestObject(): null

2018-05-15 19:09:49 - [TEST_STEP][PASSED] - Statement - product = com.kms.katalon.core.webui.keyword.WebUiBuiltInKeywords.modifyObjectProperty(product, "xpath", "equals", "//*[@id = "fldvendor" + row + ""]", true): Modify property of object successfully

2018-05-15 19:09:49 - [MESSAGE][PASSED] - Modify property of object successfully

2018-05-15 19:09:49 - [TEST_STEP][PASSED] - selectOptionByIndex: All options with index in [2] are selected on object ''

2018-05-15 19:09:49 - [MESSAGE][PASSED] - All options with index in [2] are selected on object ''

2018-05-15 19:09:49 - [TEST_STEP][PASSED] - Statement - batch = new com.kms.katalon.core.testobject.TestObject(): null

2018-05-15 19:09:49 - [TEST_STEP][PASSED] - Statement - batch = com.kms.katalon.core.webui.keyword.WebUiBuiltInKeywords.modifyObjectProperty(batch, "xpath", "equals", "//*[@id = "txtbthqty" + row + ""]", true): Modify property of object successfully

2018-05-15 19:09:49 - [MESSAGE][PASSED] - Modify property of object successfully

2018-05-15 19:09:49 - [TEST_STEP][PASSED] - Statement - batchqty = com.kms.katalon.core.webui.keyword.WebUiBuiltInKeywords.getAttribute(batch, "value").trim(): Attribute 'value' of object '' is: '5000'

2018-05-15 19:09:49 - [MESSAGE][PASSED] - Attribute 'value' of object '' is: '5000'

2018-05-15 19:09:49 - [TEST_STEP][PASSED] - Statement - Rqty = 10000: null

2018-05-15 19:09:49 - [TEST_STEP][PASSED] - delay: Delayed 2 second(s)

2018-05-15 19:09:51 - [MESSAGE][PASSED] - Delayed 2 second(s)

2018-05-15 19:09:51 - [TEST_STEP][PASSED] - Statement - out.println("BatchQty : " + batchqty): null

2018-05-15 19:09:51 - [TEST_STEP][PASSED] - Statement - out.println("RQty : " + Rqty): null

2018-05-15 19:09:51 - [TEST_STEP][PASSED] - Statement - If (java.lang.Integer.valueOf(batchqty) >= java.lang.Integer.valueOf(Rqty)): null

2018-05-15 19:09:51 - [TEST_STEP][PASSED] - Statement - Else: null

2018-05-15 19:09:51 - [TEST_STEP][PASSED] - Statement - out.println("Batchqty Is Less Than Rqty"): null

2018-05-15 19:09:51 - [TEST_STEP][PASSED] - Statement - product = new com.kms.katalon.core.testobject.TestObject(): null

2018-05-15 19:09:51 - [TEST_STEP][PASSED] - Statement - product = com.kms.katalon.core.webui.keyword.WebUiBuiltInKeywords.modifyObjectProperty(product, "xpath", "equals", "//*[@id = "fldvendor" + row + ""]", true): Modify property of object successfully

2018-05-15 19:09:51 - [MESSAGE][PASSED] - Modify property of object successfully

2018-05-15 19:09:51 - [TEST_STEP][PASSED] - selectOptionByIndex: All options with index in [3] are selected on object ''

2018-05-15 19:09:52 - [MESSAGE][PASSED] - All options with index in [3] are selected on object ''

2018-05-15 19:09:52 - [TEST_STEP][PASSED] - Statement - batch = new com.kms.katalon.core.testobject.TestObject(): null

2018-05-15 19:09:52 - [TEST_STEP][PASSED] - Statement - batch = com.kms.katalon.core.webui.keyword.WebUiBuiltInKeywords.modifyObjectProperty(batch, "xpath", "equals", "//*[@id = "txtbthqty" + row + ""]", true): Modify property of object successfully

2018-05-15 19:09:52 - [MESSAGE][PASSED] - Modify property of object successfully

2018-05-15 19:09:52 - [TEST_STEP][PASSED] - Statement - batchqty = com.kms.katalon.core.webui.keyword.WebUiBuiltInKeywords.getAttribute(batch, "value").trim(): Attribute 'value' of object '' is: '5000'

2018-05-15 19:09:52 - [MESSAGE][PASSED] - Attribute 'value' of object '' is: '5000'

2018-05-15 19:09:52 - [TEST_STEP][PASSED] - Statement - Rqty = 10000: null

2018-05-15 19:09:52 - [TEST_STEP][PASSED] - delay: Delayed 2 second(s)

2018-05-15 19:09:54 - [MESSAGE][PASSED] - Delayed 2 second(s)

2018-05-15 19:09:54 - [TEST_STEP][PASSED] - Statement - out.println("BatchQty : " + batchqty): null

2018-05-15 19:09:54 - [TEST_STEP][PASSED] - Statement - out.println("RQty : " + Rqty): null

2018-05-15 19:09:54 - [TEST_STEP][PASSED] - Statement - If (java.lang.Integer.valueOf(batchqty) >= java.lang.Integer.valueOf(Rqty)): null

2018-05-15 19:09:54 - [TEST_STEP][PASSED] - Statement - Else: null

2018-05-15 19:09:54 - [TEST_STEP][PASSED] - Statement - out.println("Batchqty Is Less Than Rqty"): null

2018-05-15 19:09:54 - [TEST_STEP][PASSED] - Statement - batchlength = new com.kms.katalon.core.testobject.TestObject(): null

2018-05-15 19:09:54 - [TEST_STEP][PASSED] - Statement - batchlength = com.kms.katalon.core.webui.keyword.WebUiBuiltInKeywords.modifyObjectProperty(batchlength, "xpath", "equals", "//*[@id = "fldvendor" + row + ""]", true): Modify property of object successfully

2018-05-15 19:09:54 - [MESSAGE][PASSED] - Modify property of object successfully

2018-05-15 19:09:54 - [TEST_STEP][PASSED] - Statement - batchsize = com.kms.katalon.core.webui.keyword.WebUiBuiltInKeywords.getNumberOfTotalOption(batchlength): 6 options of object '' counted

2018-05-15 19:09:54 - [MESSAGE][PASSED] - 6 options of object '' counted

2018-05-15 19:09:54 - [TEST_STEP][PASSED] - Statement - out.println("BatchSize : " + batchsize): null

2018-05-15 19:09:54 - [TEST_STEP][PASSED] - Statement - For ([n = 1, n <= batchsize - 1, (n++)]): null

2018-05-15 19:09:54 - [TEST_STEP][PASSED] - Statement - product = new com.kms.katalon.core.testobject.TestObject(): null

2018-05-15 19:09:54 - [TEST_STEP][PASSED] - Statement - product = com.kms.katalon.core.webui.keyword.WebUiBuiltInKeywords.modifyObjectProperty(product, "xpath", "equals", "//*[@id = "fldvendor" + row + ""]", true): Modify property of object successfully

2018-05-15 19:09:54 - [MESSAGE][PASSED] - Modify property of object successfully

2018-05-15 19:09:54 - [TEST_STEP][PASSED] - selectOptionByIndex: All options with index in [1] are selected on object ''

2018-05-15 19:09:54 - [MESSAGE][PASSED] - All options with index in [1] are selected on object ''

2018-05-15 19:09:54 - [TEST_STEP][PASSED] - Statement - batch = new com.kms.katalon.core.testobject.TestObject(): null

2018-05-15 19:09:54 - [TEST_STEP][PASSED] - Statement - batch = com.kms.katalon.core.webui.keyword.WebUiBuiltInKeywords.modifyObjectProperty(batch, "xpath", "equals", "//*[@id = "txtbthqty" + row + ""]", true): Modify property of object successfully

2018-05-15 19:09:54 - [MESSAGE][PASSED] - Modify property of object successfully

2018-05-15 19:09:54 - [TEST_STEP][PASSED] - Statement - batchqty = com.kms.katalon.core.webui.keyword.WebUiBuiltInKeywords.getAttribute(batch, "value").trim(): Attribute 'value' of object '' is: '5000'

2018-05-15 19:09:54 - [MESSAGE][PASSED] - Attribute 'value' of object '' is: '5000'

2018-05-15 19:09:54 - [TEST_STEP][PASSED] - Statement - Rqty = 10000: null

2018-05-15 19:09:54 - [TEST_STEP][PASSED] - delay: Delayed 2 second(s)

2018-05-15 19:09:56 - [MESSAGE][PASSED] - Delayed 2 second(s)

2018-05-15 19:09:56 - [TEST_STEP][PASSED] - Statement - out.println("BatchQty : " + batchqty): null

2018-05-15 19:09:56 - [TEST_STEP][PASSED] - Statement - out.println("RQty : " + Rqty): null

2018-05-15 19:09:56 - [TEST_STEP][PASSED] - Statement - If (java.lang.Integer.valueOf(batchqty) >= java.lang.Integer.valueOf(Rqty)): null

2018-05-15 19:09:56 - [TEST_STEP][PASSED] - Statement - Else: null

2018-05-15 19:09:56 - [TEST_STEP][PASSED] - Statement - out.println("Batchqty Is Less Than Rqty"): null

2018-05-15 19:09:56 - [TEST_STEP][PASSED] - Statement - product = new com.kms.katalon.core.testobject.TestObject(): null

2018-05-15 19:09:56 - [TEST_STEP][PASSED] - Statement - product = com.kms.katalon.core.webui.keyword.WebUiBuiltInKeywords.modifyObjectProperty(product, "xpath", "equals", "//*[@id = "fldvendor" + row + ""]", true): Modify property of object successfully

2018-05-15 19:09:56 - [MESSAGE][PASSED] - Modify property of object successfully

2018-05-15 19:09:56 - [TEST_STEP][PASSED] - selectOptionByIndex: All options with index in [2] are selected on object ''

2018-05-15 19:09:56 - [MESSAGE][PASSED] - All options with index in [2] are selected on object ''

2018-05-15 19:09:56 - [TEST_STEP][PASSED] - Statement - batch = new com.kms.katalon.core.testobject.TestObject(): null

2018-05-15 19:09:56 - [TEST_STEP][PASSED] - Statement - batch = com.kms.katalon.core.webui.keyword.WebUiBuiltInKeywords.modifyObjectProperty(batch, "xpath", "equals", "//*[@id = "txtbthqty" + row + ""]", true): Modify property of object successfully

2018-05-15 19:09:56 - [MESSAGE][PASSED] - Modify property of object successfully

2018-05-15 19:09:56 - [TEST_STEP][PASSED] - Statement - batchqty = com.kms.katalon.core.webui.keyword.WebUiBuiltInKeywords.getAttribute(batch, "value").trim(): Attribute 'value' of object '' is: '200'

2018-05-15 19:09:56 - [MESSAGE][PASSED] - Attribute 'value' of object '' is: '200'

2018-05-15 19:09:56 - [TEST_STEP][PASSED] - Statement - Rqty = 10000: null

2018-05-15 19:09:56 - [TEST_STEP][PASSED] - delay: Delayed 2 second(s)

2018-05-15 19:09:58 - [MESSAGE][PASSED] - Delayed 2 second(s)

2018-05-15 19:09:58 - [TEST_STEP][PASSED] - Statement - out.println("BatchQty : " + batchqty): null

2018-05-15 19:09:58 - [TEST_STEP][PASSED] - Statement - out.println("RQty : " + Rqty): null

2018-05-15 19:09:58 - [TEST_STEP][PASSED] - Statement - If (java.lang.Integer.valueOf(batchqty) >= java.lang.Integer.valueOf(Rqty)): null

2018-05-15 19:09:58 - [TEST_STEP][PASSED] - Statement - Else: null

2018-05-15 19:09:58 - [TEST_STEP][PASSED] - Statement - out.println("Batchqty Is Less Than Rqty"): null

2018-05-15 19:09:58 - [TEST_STEP][PASSED] - Statement - product = new com.kms.katalon.core.testobject.TestObject(): null

2018-05-15 19:09:58 - [TEST_STEP][PASSED] - Statement - product = com.kms.katalon.core.webui.keyword.WebUiBuiltInKeywords.modifyObjectProperty(product, "xpath", "equals", "//*[@id = "fldvendor" + row + ""]", true): Modify property of object successfully

2018-05-15 19:09:58 - [MESSAGE][PASSED] - Modify property of object successfully

2018-05-15 19:09:58 - [TEST_STEP][PASSED] - selectOptionByIndex: All options with index in [3] are selected on object ''

2018-05-15 19:09:58 - [MESSAGE][PASSED] - All options with index in [3] are selected on object ''

2018-05-15 19:09:58 - [TEST_STEP][PASSED] - Statement - batch = new com.kms.katalon.core.testobject.TestObject(): null

2018-05-15 19:09:58 - [TEST_STEP][PASSED] - Statement - batch = com.kms.katalon.core.webui.keyword.WebUiBuiltInKeywords.modifyObjectProperty(batch, "xpath", "equals", "//*[@id = "txtbthqty" + row + ""]", true): Modify property of object successfully

2018-05-15 19:09:58 - [MESSAGE][PASSED] - Modify property of object successfully

2018-05-15 19:09:58 - [TEST_STEP][PASSED] - Statement - batchqty = com.kms.katalon.core.webui.keyword.WebUiBuiltInKeywords.getAttribute(batch, "value").trim(): Attribute 'value' of object '' is: '400'

2018-05-15 19:09:58 - [MESSAGE][PASSED] - Attribute 'value' of object '' is: '400'

2018-05-15 19:09:58 - [TEST_STEP][PASSED] - Statement - Rqty = 10000: null

2018-05-15 19:09:58 - [TEST_STEP][PASSED] - delay: Delayed 2 second(s)

2018-05-15 19:10:00 - [MESSAGE][PASSED] - Delayed 2 second(s)

2018-05-15 19:10:00 - [TEST_STEP][PASSED] - Statement - out.println("BatchQty : " + batchqty): null

2018-05-15 19:10:00 - [TEST_STEP][PASSED] - Statement - out.println("RQty : " + Rqty): null

2018-05-15 19:10:00 - [TEST_STEP][PASSED] - Statement - If (java.lang.Integer.valueOf(batchqty) >= java.lang.Integer.valueOf(Rqty)): null

2018-05-15 19:10:00 - [TEST_STEP][PASSED] - Statement - Else: null

2018-05-15 19:10:00 - [TEST_STEP][PASSED] - Statement - out.println("Batchqty Is Less Than Rqty"): null

2018-05-15 19:10:00 - [TEST_STEP][PASSED] - Statement - product = new com.kms.katalon.core.testobject.TestObject(): null

2018-05-15 19:10:00 - [TEST_STEP][PASSED] - Statement - product = com.kms.katalon.core.webui.keyword.WebUiBuiltInKeywords.modifyObjectProperty(product, "xpath", "equals", "//*[@id = "fldvendor" + row + ""]", true): Modify property of object successfully

2018-05-15 19:10:00 - [MESSAGE][PASSED] - Modify property of object successfully

2018-05-15 19:10:00 - [TEST_STEP][PASSED] - selectOptionByIndex: All options with index in [4] are selected on object ''

2018-05-15 19:10:00 - [MESSAGE][PASSED] - All options with index in [4] are selected on object ''

2018-05-15 19:10:00 - [TEST_STEP][PASSED] - Statement - batch = new com.kms.katalon.core.testobject.TestObject(): null

2018-05-15 19:10:00 - [TEST_STEP][PASSED] - Statement - batch = com.kms.katalon.core.webui.keyword.WebUiBuiltInKeywords.modifyObjectProperty(batch, "xpath", "equals", "//*[@id = "txtbthqty" + row + ""]", true): Modify property of object successfully

2018-05-15 19:10:00 - [MESSAGE][PASSED] - Modify property of object successfully

2018-05-15 19:10:00 - [TEST_STEP][PASSED] - Statement - batchqty = com.kms.katalon.core.webui.keyword.WebUiBuiltInKeywords.getAttribute(batch, "value").trim(): Attribute 'value' of object '' is: '5000'

2018-05-15 19:10:00 - [MESSAGE][PASSED] - Attribute 'value' of object '' is: '5000'

2018-05-15 19:10:00 - [TEST_STEP][PASSED] - Statement - Rqty = 10000: null

2018-05-15 19:10:00 - [TEST_STEP][PASSED] - delay: Delayed 2 second(s)

2018-05-15 19:10:02 - [MESSAGE][PASSED] - Delayed 2 second(s)

2018-05-15 19:10:02 - [TEST_STEP][PASSED] - Statement - out.println("BatchQty : " + batchqty): null

2018-05-15 19:10:02 - [TEST_STEP][PASSED] - Statement - out.println("RQty : " + Rqty): null

2018-05-15 19:10:02 - [TEST_STEP][PASSED] - Statement - If (java.lang.Integer.valueOf(batchqty) >= java.lang.Integer.valueOf(Rqty)): null

2018-05-15 19:10:02 - [TEST_STEP][PASSED] - Statement - Else: null

2018-05-15 19:10:02 - [TEST_STEP][PASSED] - Statement - out.println("Batchqty Is Less Than Rqty"): null

2018-05-15 19:10:02 - [TEST_STEP][PASSED] - Statement - product = new com.kms.katalon.core.testobject.TestObject(): null

2018-05-15 19:10:02 - [TEST_STEP][PASSED] - Statement - product = com.kms.katalon.core.webui.keyword.WebUiBuiltInKeywords.modifyObjectProperty(product, "xpath", "equals", "//*[@id = "fldvendor" + row + ""]", true): Modify property of object successfully

2018-05-15 19:10:02 - [MESSAGE][PASSED] - Modify property of object successfully

2018-05-15 19:10:02 - [TEST_STEP][PASSED] - selectOptionByIndex: All options with index in [5] are selected on object ''

2018-05-15 19:10:03 - [MESSAGE][PASSED] - All options with index in [5] are selected on object ''

2018-05-15 19:10:03 - [TEST_STEP][PASSED] - Statement - batch = new com.kms.katalon.core.testobject.TestObject(): null

2018-05-15 19:10:03 - [TEST_STEP][PASSED] - Statement - batch = com.kms.katalon.core.webui.keyword.WebUiBuiltInKeywords.modifyObjectProperty(batch, "xpath", "equals", "//*[@id = "txtbthqty" + row + ""]", true): Modify property of object successfully

2018-05-15 19:10:03 - [MESSAGE][PASSED] - Modify property of object successfully

2018-05-15 19:10:03 - [TEST_STEP][PASSED] - Statement - batchqty = com.kms.katalon.core.webui.keyword.WebUiBuiltInKeywords.getAttribute(batch, "value").trim(): Attribute 'value' of object '' is: '50000'

2018-05-15 19:10:03 - [MESSAGE][PASSED] - Attribute 'value' of object '' is: '50000'

2018-05-15 19:10:03 - [TEST_STEP][PASSED] - Statement - Rqty = 10000: null

2018-05-15 19:10:03 - [TEST_STEP][PASSED] - delay: Delayed 2 second(s)

2018-05-15 19:10:05 - [MESSAGE][PASSED] - Delayed 2 second(s)

2018-05-15 19:10:05 - [TEST_STEP][PASSED] - Statement - out.println("BatchQty : " + batchqty): null

2018-05-15 19:10:05 - [TEST_STEP][PASSED] - Statement - out.println("RQty : " + Rqty): null

2018-05-15 19:10:05 - [TEST_STEP][PASSED] - Statement - If (java.lang.Integer.valueOf(batchqty) >= java.lang.Integer.valueOf(Rqty)): null

2018-05-15 19:10:05 - [TEST_STEP][PASSED] - Statement - Break: null

2018-05-15 19:10:05 - [TEST_STEP][PASSED] - Statement - batchlength = new com.kms.katalon.core.testobject.TestObject(): null

2018-05-15 19:10:05 - [TEST_STEP][PASSED] - Statement - batchlength = com.kms.katalon.core.webui.keyword.WebUiBuiltInKeywords.modifyObjectProperty(batchlength, "xpath", "equals", "//*[@id = "fldvendor" + row + ""]", true): Modify property of object successfully

2018-05-15 19:10:05 - [MESSAGE][PASSED] - Modify property of object successfully

2018-05-15 19:10:05 - [TEST_STEP][PASSED] - Statement - batchsize = com.kms.katalon.core.webui.keyword.WebUiBuiltInKeywords.getNumberOfTotalOption(batchlength): 4 options of object '' counted

2018-05-15 19:10:05 - [MESSAGE][PASSED] - 4 options of object '' counted

2018-05-15 19:10:05 - [TEST_STEP][PASSED] - Statement - out.println("BatchSize : " + batchsize): null

2018-05-15 19:10:05 - [TEST_STEP][PASSED] - Statement - For ([n = 1, n <= batchsize - 1, (n++)]): null

2018-05-15 19:10:05 - [TEST_STEP][PASSED] - Statement - product = new com.kms.katalon.core.testobject.TestObject(): null

2018-05-15 19:10:05 - [TEST_STEP][PASSED] - Statement - product = com.kms.katalon.core.webui.keyword.WebUiBuiltInKeywords.modifyObjectProperty(product, "xpath", "equals", "//*[@id = "fldvendor" + row + ""]", true): Modify property of object successfully

2018-05-15 19:10:05 - [MESSAGE][PASSED] - Modify property of object successfully

2018-05-15 19:10:05 - [TEST_STEP][PASSED] - selectOptionByIndex: All options with index in [1] are selected on object ''

2018-05-15 19:10:05 - [MESSAGE][PASSED] - All options with index in [1] are selected on object ''

2018-05-15 19:10:05 - [TEST_STEP][PASSED] - Statement - batch = new com.kms.katalon.core.testobject.TestObject(): null

2018-05-15 19:10:05 - [TEST_STEP][PASSED] - Statement - batch = com.kms.katalon.core.webui.keyword.WebUiBuiltInKeywords.modifyObjectProperty(batch, "xpath", "equals", "//*[@id = "txtbthqty" + row + ""]", true): Modify property of object successfully

2018-05-15 19:10:05 - [MESSAGE][PASSED] - Modify property of object successfully

2018-05-15 19:10:05 - [TEST_STEP][PASSED] - Statement - batchqty = com.kms.katalon.core.webui.keyword.WebUiBuiltInKeywords.getAttribute(batch, "value").trim(): Attribute 'value' of object '' is: '200'

2018-05-15 19:10:05 - [MESSAGE][PASSED] - Attribute 'value' of object '' is: '200'

2018-05-15 19:10:05 - [TEST_STEP][PASSED] - Statement - Rqty = 10000: null

2018-05-15 19:10:05 - [TEST_STEP][PASSED] - delay: Delayed 2 second(s)

2018-05-15 19:10:07 - [MESSAGE][PASSED] - Delayed 2 second(s)

2018-05-15 19:10:07 - [TEST_STEP][PASSED] - Statement - out.println("BatchQty : " + batchqty): null

2018-05-15 19:10:07 - [TEST_STEP][PASSED] - Statement - out.println("RQty : " + Rqty): null

2018-05-15 19:10:07 - [TEST_STEP][PASSED] - Statement - If (java.lang.Integer.valueOf(batchqty) >= java.lang.Integer.valueOf(Rqty)): null

2018-05-15 19:10:07 - [TEST_STEP][PASSED] - Statement - Else: null

2018-05-15 19:10:07 - [TEST_STEP][PASSED] - Statement - out.println("Batchqty Is Less Than Rqty"): null

2018-05-15 19:10:07 - [TEST_STEP][PASSED] - Statement - product = new com.kms.katalon.core.testobject.TestObject(): null

2018-05-15 19:10:07 - [TEST_STEP][PASSED] - Statement - product = com.kms.katalon.core.webui.keyword.WebUiBuiltInKeywords.modifyObjectProperty(product, "xpath", "equals", "//*[@id = "fldvendor" + row + ""]", true): Modify property of object successfully

2018-05-15 19:10:07 - [MESSAGE][PASSED] - Modify property of object successfully

2018-05-15 19:10:07 - [TEST_STEP][PASSED] - selectOptionByIndex: All options with index in [2] are selected on object ''

2018-05-15 19:10:07 - [MESSAGE][PASSED] - All options with index in [2] are selected on object ''

2018-05-15 19:10:07 - [TEST_STEP][PASSED] - Statement - batch = new com.kms.katalon.core.testobject.TestObject(): null

2018-05-15 19:10:07 - [TEST_STEP][PASSED] - Statement - batch = com.kms.katalon.core.webui.keyword.WebUiBuiltInKeywords.modifyObjectProperty(batch, "xpath", "equals", "//*[@id = "txtbthqty" + row + ""]", true): Modify property of object successfully

2018-05-15 19:10:07 - [MESSAGE][PASSED] - Modify property of object successfully

2018-05-15 19:10:07 - [TEST_STEP][PASSED] - Statement - batchqty = com.kms.katalon.core.webui.keyword.WebUiBuiltInKeywords.getAttribute(batch, "value").trim(): Attribute 'value' of object '' is: '5000'

2018-05-15 19:10:07 - [MESSAGE][PASSED] - Attribute 'value' of object '' is: '5000'

2018-05-15 19:10:07 - [TEST_STEP][PASSED] - Statement - Rqty = 10000: null

2018-05-15 19:10:07 - [TEST_STEP][PASSED] - delay: Delayed 2 second(s)

2018-05-15 19:10:09 - [MESSAGE][PASSED] - Delayed 2 second(s)

2018-05-15 19:10:09 - [TEST_STEP][PASSED] - Statement - out.println("BatchQty : " + batchqty): null

2018-05-15 19:10:09 - [TEST_STEP][PASSED] - Statement - out.println("RQty : " + Rqty): null

2018-05-15 19:10:09 - [TEST_STEP][PASSED] - Statement - If (java.lang.Integer.valueOf(batchqty) >= java.lang.Integer.valueOf(Rqty)): null

2018-05-15 19:10:09 - [TEST_STEP][PASSED] - Statement - Else: null

2018-05-15 19:10:09 - [TEST_STEP][PASSED] - Statement - out.println("Batchqty Is Less Than Rqty"): null

2018-05-15 19:10:09 - [TEST_STEP][PASSED] - Statement - product = new com.kms.katalon.core.testobject.TestObject(): null

2018-05-15 19:10:09 - [TEST_STEP][PASSED] - Statement - product = com.kms.katalon.core.webui.keyword.WebUiBuiltInKeywords.modifyObjectProperty(product, "xpath", "equals", "//*[@id = "fldvendor" + row + ""]", true): Modify property of object successfully

2018-05-15 19:10:09 - [MESSAGE][PASSED] - Modify property of object successfully

2018-05-15 19:10:09 - [TEST_STEP][PASSED] - selectOptionByIndex: All options with index in [3] are selected on object ''

2018-05-15 19:10:09 - [MESSAGE][PASSED] - All options with index in [3] are selected on object ''

2018-05-15 19:10:09 - [TEST_STEP][PASSED] - Statement - batch = new com.kms.katalon.core.testobject.TestObject(): null

2018-05-15 19:10:09 - [TEST_STEP][PASSED] - Statement - batch = com.kms.katalon.core.webui.keyword.WebUiBuiltInKeywords.modifyObjectProperty(batch, "xpath", "equals", "//*[@id = "txtbthqty" + row + ""]", true): Modify property of object successfully

2018-05-15 19:10:09 - [MESSAGE][PASSED] - Modify property of object successfully

2018-05-15 19:10:09 - [TEST_STEP][PASSED] - Statement - batchqty = com.kms.katalon.core.webui.keyword.WebUiBuiltInKeywords.getAttribute(batch, "value").trim(): Attribute 'value' of object '' is: '5000'

2018-05-15 19:10:09 - [MESSAGE][PASSED] - Attribute 'value' of object '' is: '5000'

2018-05-15 19:10:09 - [TEST_STEP][PASSED] - Statement - Rqty = 10000: null

2018-05-15 19:10:09 - [TEST_STEP][PASSED] - delay: Delayed 2 second(s)

2018-05-15 19:10:11 - [MESSAGE][PASSED] - Delayed 2 second(s)

2018-05-15 19:10:11 - [TEST_STEP][PASSED] - Statement - out.println("BatchQty : " + batchqty): null

2018-05-15 19:10:11 - [TEST_STEP][PASSED] - Statement - out.println("RQty : " + Rqty): null

2018-05-15 19:10:11 - [TEST_STEP][PASSED] - Statement - If (java.lang.Integer.valueOf(batchqty) >= java.lang.Integer.valueOf(Rqty)): null

2018-05-15 19:10:11 - [TEST_STEP][PASSED] - Statement - Else: null

2018-05-15 19:10:11 - [TEST_STEP][PASSED] - Statement - out.println("Batchqty Is Less Than Rqty"): null

2018-05-15 19:10:11 - [TEST_STEP][PASSED] - Statement - batchlength = new com.kms.katalon.core.testobject.TestObject(): null

2018-05-15 19:10:11 - [TEST_STEP][PASSED] - Statement - batchlength = com.kms.katalon.core.webui.keyword.WebUiBuiltInKeywords.modifyObjectProperty(batchlength, "xpath", "equals", "//*[@id = "fldvendor" + row + ""]", true): Modify property of object successfully

2018-05-15 19:10:11 - [MESSAGE][PASSED] - Modify property of object successfully

2018-05-15 19:10:11 - [TEST_STEP][PASSED] - Statement - batchsize = com.kms.katalon.core.webui.keyword.WebUiBuiltInKeywords.getNumberOfTotalOption(batchlength): 4 options of object '' counted

2018-05-15 19:10:11 - [MESSAGE][PASSED] - 4 options of object '' counted

2018-05-15 19:10:11 - [TEST_STEP][PASSED] - Statement - out.println("BatchSize : " + batchsize): null

2018-05-15 19:10:11 - [TEST_STEP][PASSED] - Statement - For ([n = 1, n <= batchsize - 1, (n++)]): null

2018-05-15 19:10:11 - [TEST_STEP][PASSED] - Statement - product = new com.kms.katalon.core.testobject.TestObject(): null

2018-05-15 19:10:11 - [TEST_STEP][PASSED] - Statement - product = com.kms.katalon.core.webui.keyword.WebUiBuiltInKeywords.modifyObjectProperty(product, "xpath", "equals", "//*[@id = "fldvendor" + row + ""]", true): Modify property of object successfully

2018-05-15 19:10:11 - [MESSAGE][PASSED] - Modify property of object successfully

2018-05-15 19:10:11 - [TEST_STEP][PASSED] - selectOptionByIndex: All options with index in [1] are selected on object ''

2018-05-15 19:10:12 - [MESSAGE][PASSED] - All options with index in [1] are selected on object ''

2018-05-15 19:10:12 - [TEST_STEP][PASSED] - Statement - batch = new com.kms.katalon.core.testobject.TestObject(): null

2018-05-15 19:10:12 - [TEST_STEP][PASSED] - Statement - batch = com.kms.katalon.core.webui.keyword.WebUiBuiltInKeywords.modifyObjectProperty(batch, "xpath", "equals", "//*[@id = "txtbthqty" + row + ""]", true): Modify property of object successfully

2018-05-15 19:10:12 - [MESSAGE][PASSED] - Modify property of object successfully

2018-05-15 19:10:12 - [TEST_STEP][PASSED] - Statement - batchqty = com.kms.katalon.core.webui.keyword.WebUiBuiltInKeywords.getAttribute(batch, "value").trim(): Attribute 'value' of object '' is: '200'

2018-05-15 19:10:12 - [MESSAGE][PASSED] - Attribute 'value' of object '' is: '200'

2018-05-15 19:10:12 - [TEST_STEP][PASSED] - Statement - Rqty = 10000: null

2018-05-15 19:10:12 - [TEST_STEP][PASSED] - delay: Delayed 2 second(s)

2018-05-15 19:10:14 - [MESSAGE][PASSED] - Delayed 2 second(s)

2018-05-15 19:10:14 - [TEST_STEP][PASSED] - Statement - out.println("BatchQty : " + batchqty): null

2018-05-15 19:10:14 - [TEST_STEP][PASSED] - Statement - out.println("RQty : " + Rqty): null

2018-05-15 19:10:14 - [TEST_STEP][PASSED] - Statement - If (java.lang.Integer.valueOf(batchqty) >= java.lang.Integer.valueOf(Rqty)): null

2018-05-15 19:10:14 - [TEST_STEP][PASSED] - Statement - Else: null

2018-05-15 19:10:14 - [TEST_STEP][PASSED] - Statement - out.println("Batchqty Is Less Than Rqty"): null

2018-05-15 19:10:14 - [TEST_STEP][PASSED] - Statement - product = new com.kms.katalon.core.testobject.TestObject(): null

2018-05-15 19:10:14 - [TEST_STEP][PASSED] - Statement - product = com.kms.katalon.core.webui.keyword.WebUiBuiltInKeywords.modifyObjectProperty(product, "xpath", "equals", "//*[@id = "fldvendor" + row + ""]", true): Modify property of object successfully

2018-05-15 19:10:14 - [MESSAGE][PASSED] - Modify property of object successfully

2018-05-15 19:10:14 - [TEST_STEP][PASSED] - selectOptionByIndex: All options with index in [2] are selected on object ''

2018-05-15 19:10:14 - [MESSAGE][PASSED] - All options with index in [2] are selected on object ''

2018-05-15 19:10:14 - [TEST_STEP][PASSED] - Statement - batch = new com.kms.katalon.core.testobject.TestObject(): null

2018-05-15 19:10:14 - [TEST_STEP][PASSED] - Statement - batch = com.kms.katalon.core.webui.keyword.WebUiBuiltInKeywords.modifyObjectProperty(batch, "xpath", "equals", "//*[@id = "txtbthqty" + row + ""]", true): Modify property of object successfully

2018-05-15 19:10:14 - [MESSAGE][PASSED] - Modify property of object successfully

2018-05-15 19:10:14 - [TEST_STEP][PASSED] - Statement - batchqty = com.kms.katalon.core.webui.keyword.WebUiBuiltInKeywords.getAttribute(batch, "value").trim(): Attribute 'value' of object '' is: '5000'

2018-05-15 19:10:14 - [MESSAGE][PASSED] - Attribute 'value' of object '' is: '5000'

2018-05-15 19:10:14 - [TEST_STEP][PASSED] - Statement - Rqty = 10000: null

2018-05-15 19:10:14 - [TEST_STEP][PASSED] - delay: Delayed 2 second(s)

2018-05-15 19:10:16 - [MESSAGE][PASSED] - Delayed 2 second(s)

2018-05-15 19:10:16 - [TEST_STEP][PASSED] - Statement - out.println("BatchQty : " + batchqty): null

2018-05-15 19:10:16 - [TEST_STEP][PASSED] - Statement - out.println("RQty : " + Rqty): null

2018-05-15 19:10:16 - [TEST_STEP][PASSED] - Statement - If (java.lang.Integer.valueOf(batchqty) >= java.lang.Integer.valueOf(Rqty)): null

2018-05-15 19:10:16 - [TEST_STEP][PASSED] - Statement - Else: null

2018-05-15 19:10:16 - [TEST_STEP][PASSED] - Statement - out.println("Batchqty Is Less Than Rqty"): null

2018-05-15 19:10:16 - [TEST_STEP][PASSED] - Statement - product = new com.kms.katalon.core.testobject.TestObject(): null

2018-05-15 19:10:16 - [TEST_STEP][PASSED] - Statement - product = com.kms.katalon.core.webui.keyword.WebUiBuiltInKeywords.modifyObjectProperty(product, "xpath", "equals", "//*[@id = "fldvendor" + row + ""]", true): Modify property of object successfully

2018-05-15 19:10:16 - [MESSAGE][PASSED] - Modify property of object successfully

2018-05-15 19:10:16 - [TEST_STEP][PASSED] - selectOptionByIndex: All options with index in [3] are selected on object ''

2018-05-15 19:10:16 - [MESSAGE][PASSED] - All options with index in [3] are selected on object ''

2018-05-15 19:10:16 - [TEST_STEP][PASSED] - Statement - batch = new com.kms.katalon.core.testobject.TestObject(): null

2018-05-15 19:10:16 - [TEST_STEP][PASSED] - Statement - batch = com.kms.katalon.core.webui.keyword.WebUiBuiltInKeywords.modifyObjectProperty(batch, "xpath", "equals", "//*[@id = "txtbthqty" + row + ""]", true): Modify property of object successfully

2018-05-15 19:10:16 - [MESSAGE][PASSED] - Modify property of object successfully

2018-05-15 19:10:16 - [TEST_STEP][PASSED] - Statement - batchqty = com.kms.katalon.core.webui.keyword.WebUiBuiltInKeywords.getAttribute(batch, "value").trim(): Attribute 'value' of object '' is: '5000'

2018-05-15 19:10:16 - [MESSAGE][PASSED] - Attribute 'value' of object '' is: '5000'

2018-05-15 19:10:16 - [TEST_STEP][PASSED] - Statement - Rqty = 10000: null

2018-05-15 19:10:16 - [TEST_STEP][PASSED] - delay: Delayed 2 second(s)

2018-05-15 19:10:18 - [MESSAGE][PASSED] - Delayed 2 second(s)

2018-05-15 19:10:18 - [TEST_STEP][PASSED] - Statement - out.println("BatchQty : " + batchqty): null

2018-05-15 19:10:18 - [TEST_STEP][PASSED] - Statement - out.println("RQty : " + Rqty): null

2018-05-15 19:10:18 - [TEST_STEP][PASSED] - Statement - If (java.lang.Integer.valueOf(batchqty) >= java.lang.Integer.valueOf(Rqty)): null

2018-05-15 19:10:18 - [TEST_STEP][PASSED] - Statement - Else: null

2018-05-15 19:10:18 - [TEST_STEP][PASSED] - Statement - out.println("Batchqty Is Less Than Rqty"): null

2018-05-15 19:10:18 - [TEST_STEP][PASSED] - Statement - batchlength = new com.kms.katalon.core.testobject.TestObject(): null

2018-05-15 19:10:18 - [TEST_STEP][PASSED] - Statement - batchlength = com.kms.katalon.core.webui.keyword.WebUiBuiltInKeywords.modifyObjectProperty(batchlength, "xpath", "equals", "//*[@id = "fldvendor" + row + ""]", true): Modify property of object successfully

2018-05-15 19:10:18 - [MESSAGE][PASSED] - Modify property of object successfully

2018-05-15 19:10:18 - [TEST_STEP][PASSED] - Statement - batchsize = com.kms.katalon.core.webui.keyword.WebUiBuiltInKeywords.getNumberOfTotalOption(batchlength): 5 options of object '' counted

2018-05-15 19:10:18 - [MESSAGE][PASSED] - 5 options of object '' counted

2018-05-15 19:10:18 - [TEST_STEP][PASSED] - Statement - out.println("BatchSize : " + batchsize): null

2018-05-15 19:10:18 - [TEST_STEP][PASSED] - Statement - For ([n = 1, n <= batchsize - 1, (n++)]): null

2018-05-15 19:10:18 - [TEST_STEP][PASSED] - Statement - product = new com.kms.katalon.core.testobject.TestObject(): null

2018-05-15 19:10:18 - [TEST_STEP][PASSED] - Statement - product = com.kms.katalon.core.webui.keyword.WebUiBuiltInKeywords.modifyObjectProperty(product, "xpath", "equals", "//*[@id = "fldvendor" + row + ""]", true): Modify property of object successfully

2018-05-15 19:10:18 - [MESSAGE][PASSED] - Modify property of object successfully

2018-05-15 19:10:18 - [TEST_STEP][PASSED] - selectOptionByIndex: All options with index in [1] are selected on object ''

2018-05-15 19:10:18 - [MESSAGE][PASSED] - All options with index in [1] are selected on object ''

2018-05-15 19:10:18 - [TEST_STEP][PASSED] - Statement - batch = new com.kms.katalon.core.testobject.TestObject(): null

2018-05-15 19:10:18 - [TEST_STEP][PASSED] - Statement - batch = com.kms.katalon.core.webui.keyword.WebUiBuiltInKeywords.modifyObjectProperty(batch, "xpath", "equals", "//*[@id = "txtbthqty" + row + ""]", true): Modify property of object successfully

2018-05-15 19:10:18 - [MESSAGE][PASSED] - Modify property of object successfully

2018-05-15 19:10:18 - [TEST_STEP][PASSED] - Statement - batchqty = com.kms.katalon.core.webui.keyword.WebUiBuiltInKeywords.getAttribute(batch, "value").trim(): Attribute 'value' of object '' is: '5000'

2018-05-15 19:10:18 - [MESSAGE][PASSED] - Attribute 'value' of object '' is: '5000'

2018-05-15 19:10:18 - [TEST_STEP][PASSED] - Statement - Rqty = 10000: null

2018-05-15 19:10:18 - [TEST_STEP][PASSED] - delay: Delayed 2 second(s)

2018-05-15 19:10:20 - [MESSAGE][PASSED] - Delayed 2 second(s)

2018-05-15 19:10:20 - [TEST_STEP][PASSED] - Statement - out.println("BatchQty : " + batchqty): null

2018-05-15 19:10:20 - [TEST_STEP][PASSED] - Statement - out.println("RQty : " + Rqty): null

2018-05-15 19:10:20 - [TEST_STEP][PASSED] - Statement - If (java.lang.Integer.valueOf(batchqty) >= java.lang.Integer.valueOf(Rqty)): null

2018-05-15 19:10:20 - [TEST_STEP][PASSED] - Statement - Else: null

2018-05-15 19:10:20 - [TEST_STEP][PASSED] - Statement - out.println("Batchqty Is Less Than Rqty"): null

2018-05-15 19:10:20 - [TEST_STEP][PASSED] - Statement - product = new com.kms.katalon.core.testobject.TestObject(): null

2018-05-15 19:10:20 - [TEST_STEP][PASSED] - Statement - product = com.kms.katalon.core.webui.keyword.WebUiBuiltInKeywords.modifyObjectProperty(product, "xpath", "equals", "//*[@id = "fldvendor" + row + ""]", true): Modify property of object successfully

2018-05-15 19:10:20 - [MESSAGE][PASSED] - Modify property of object successfully

2018-05-15 19:10:20 - [TEST_STEP][PASSED] - selectOptionByIndex: All options with index in [2] are selected on object ''

2018-05-15 19:10:20 - [MESSAGE][PASSED] - All options with index in [2] are selected on object ''

2018-05-15 19:10:20 - [TEST_STEP][PASSED] - Statement - batch = new com.kms.katalon.core.testobject.TestObject(): null

2018-05-15 19:10:20 - [TEST_STEP][PASSED] - Statement - batch = com.kms.katalon.core.webui.keyword.WebUiBuiltInKeywords.modifyObjectProperty(batch, "xpath", "equals", "//*[@id = "txtbthqty" + row + ""]", true): Modify property of object successfully

2018-05-15 19:10:20 - [MESSAGE][PASSED] - Modify property of object successfully

2018-05-15 19:10:20 - [TEST_STEP][PASSED] - Statement - batchqty = com.kms.katalon.core.webui.keyword.WebUiBuiltInKeywords.getAttribute(batch, "value").trim(): Attribute 'value' of object '' is: '200'

2018-05-15 19:10:20 - [MESSAGE][PASSED] - Attribute 'value' of object '' is: '200'

2018-05-15 19:10:20 - [TEST_STEP][PASSED] - Statement - Rqty = 10000: null

2018-05-15 19:10:20 - [TEST_STEP][PASSED] - delay: Delayed 2 second(s)

2018-05-15 19:10:22 - [MESSAGE][PASSED] - Delayed 2 second(s)

2018-05-15 19:10:22 - [TEST_STEP][PASSED] - Statement - out.println("BatchQty : " + batchqty): null

2018-05-15 19:10:22 - [TEST_STEP][PASSED] - Statement - out.println("RQty : " + Rqty): null

2018-05-15 19:10:22 - [TEST_STEP][PASSED] - Statement - If (java.lang.Integer.valueOf(batchqty) >= java.lang.Integer.valueOf(Rqty)): null

2018-05-15 19:10:22 - [TEST_STEP][PASSED] - Statement - Else: null

2018-05-15 19:10:22 - [TEST_STEP][PASSED] - Statement - out.println("Batchqty Is Less Than Rqty"): null

2018-05-15 19:10:22 - [TEST_STEP][PASSED] - Statement - product = new com.kms.katalon.core.testobject.TestObject(): null

2018-05-15 19:10:22 - [TEST_STEP][PASSED] - Statement - product = com.kms.katalon.core.webui.keyword.WebUiBuiltInKeywords.modifyObjectProperty(product, "xpath", "equals", "//*[@id = "fldvendor" + row + ""]", true): Modify property of object successfully

2018-05-15 19:10:22 - [MESSAGE][PASSED] - Modify property of object successfully

2018-05-15 19:10:22 - [TEST_STEP][PASSED] - selectOptionByIndex: All options with index in [3] are selected on object ''

2018-05-15 19:10:23 - [MESSAGE][PASSED] - All options with index in [3] are selected on object ''

2018-05-15 19:10:23 - [TEST_STEP][PASSED] - Statement - batch = new com.kms.katalon.core.testobject.TestObject(): null

2018-05-15 19:10:23 - [TEST_STEP][PASSED] - Statement - batch = com.kms.katalon.core.webui.keyword.WebUiBuiltInKeywords.modifyObjectProperty(batch, "xpath", "equals", "//*[@id = "txtbthqty" + row + ""]", true): Modify property of object successfully

2018-05-15 19:10:23 - [MESSAGE][PASSED] - Modify property of object successfully

2018-05-15 19:10:23 - [TEST_STEP][PASSED] - Statement - batchqty = com.kms.katalon.core.webui.keyword.WebUiBuiltInKeywords.getAttribute(batch, "value").trim(): Attribute 'value' of object '' is: '200'

2018-05-15 19:10:23 - [MESSAGE][PASSED] - Attribute 'value' of object '' is: '200'

2018-05-15 19:10:23 - [TEST_STEP][PASSED] - Statement - Rqty = 10000: null

2018-05-15 19:10:23 - [TEST_STEP][PASSED] - delay: Delayed 2 second(s)

2018-05-15 19:10:25 - [MESSAGE][PASSED] - Delayed 2 second(s)

2018-05-15 19:10:25 - [TEST_STEP][PASSED] - Statement - out.println("BatchQty : " + batchqty): null

2018-05-15 19:10:25 - [TEST_STEP][PASSED] - Statement - out.println("RQty : " + Rqty): null

2018-05-15 19:10:25 - [TEST_STEP][PASSED] - Statement - If (java.lang.Integer.valueOf(batchqty) >= java.lang.Integer.valueOf(Rqty)): null

2018-05-15 19:10:25 - [TEST_STEP][PASSED] - Statement - Else: null

2018-05-15 19:10:25 - [TEST_STEP][PASSED] - Statement - out.println("Batchqty Is Less Than Rqty"): null

2018-05-15 19:10:25 - [TEST_STEP][PASSED] - Statement - product = new com.kms.katalon.core.testobject.TestObject(): null

2018-05-15 19:10:25 - [TEST_STEP][PASSED] - Statement - product = com.kms.katalon.core.webui.keyword.WebUiBuiltInKeywords.modifyObjectProperty(product, "xpath", "equals", "//*[@id = "fldvendor" + row + ""]", true): Modify property of object successfully

2018-05-15 19:10:25 - [MESSAGE][PASSED] - Modify property of object successfully

2018-05-15 19:10:25 - [TEST_STEP][PASSED] - selectOptionByIndex: All options with index in [4] are selected on object ''

2018-05-15 19:10:25 - [MESSAGE][PASSED] - All options with index in [4] are selected on object ''

2018-05-15 19:10:25 - [TEST_STEP][PASSED] - Statement - batch = new com.kms.katalon.core.testobject.TestObject(): null

2018-05-15 19:10:25 - [TEST_STEP][PASSED] - Statement - batch = com.kms.katalon.core.webui.keyword.WebUiBuiltInKeywords.modifyObjectProperty(batch, "xpath", "equals", "//*[@id = "txtbthqty" + row + ""]", true): Modify property of object successfully

2018-05-15 19:10:25 - [MESSAGE][PASSED] - Modify property of object successfully

2018-05-15 19:10:25 - [TEST_STEP][PASSED] - Statement - batchqty = com.kms.katalon.core.webui.keyword.WebUiBuiltInKeywords.getAttribute(batch, "value").trim(): Attribute 'value' of object '' is: '5000'

2018-05-15 19:10:25 - [MESSAGE][PASSED] - Attribute 'value' of object '' is: '5000'

2018-05-15 19:10:25 - [TEST_STEP][PASSED] - Statement - Rqty = 10000: null

2018-05-15 19:10:25 - [TEST_STEP][PASSED] - delay: Delayed 2 second(s)

2018-05-15 19:10:27 - [MESSAGE][PASSED] - Delayed 2 second(s)

2018-05-15 19:10:27 - [TEST_STEP][PASSED] - Statement - out.println("BatchQty : " + batchqty): null

2018-05-15 19:10:27 - [TEST_STEP][PASSED] - Statement - out.println("RQty : " + Rqty): null

2018-05-15 19:10:27 - [TEST_STEP][PASSED] - Statement - If (java.lang.Integer.valueOf(batchqty) >= java.lang.Integer.valueOf(Rqty)): null

2018-05-15 19:10:27 - [TEST_STEP][PASSED] - Statement - Else: null

2018-05-15 19:10:27 - [TEST_STEP][PASSED] - Statement - out.println("Batchqty Is Less Than Rqty"): null

2018-05-15 19:10:27 - [TEST_STEP][PASSED] - Statement - batchlength = new com.kms.katalon.core.testobject.TestObject(): null

2018-05-15 19:10:27 - [TEST_STEP][PASSED] - Statement - batchlength = com.kms.katalon.core.webui.keyword.WebUiBuiltInKeywords.modifyObjectProperty(batchlength, "xpath", "equals", "//*[@id = "fldvendor" + row + ""]", true): Modify property of object successfully

2018-05-15 19:10:27 - [MESSAGE][PASSED] - Modify property of object successfully

2018-05-15 19:10:27 - [TEST_STEP][PASSED] - Statement - batchsize = com.kms.katalon.core.webui.keyword.WebUiBuiltInKeywords.getNumberOfTotalOption(batchlength): 5 options of object '' counted

2018-05-15 19:10:27 - [MESSAGE][PASSED] - 5 options of object '' counted

2018-05-15 19:10:27 - [TEST_STEP][PASSED] - Statement - out.println("BatchSize : " + batchsize): null

2018-05-15 19:10:27 - [TEST_STEP][PASSED] - Statement - For ([n = 1, n <= batchsize - 1, (n++)]): null

2018-05-15 19:10:27 - [TEST_STEP][PASSED] - Statement - product = new com.kms.katalon.core.testobject.TestObject(): null

2018-05-15 19:10:27 - [TEST_STEP][PASSED] - Statement - product = com.kms.katalon.core.webui.keyword.WebUiBuiltInKeywords.modifyObjectProperty(product, "xpath", "equals", "//*[@id = "fldvendor" + row + ""]", true): Modify property of object successfully

2018-05-15 19:10:27 - [MESSAGE][PASSED] - Modify property of object successfully

2018-05-15 19:10:27 - [TEST_STEP][PASSED] - selectOptionByIndex: All options with index in [1] are selected on object ''

2018-05-15 19:10:27 - [MESSAGE][PASSED] - All options with index in [1] are selected on object ''

2018-05-15 19:10:27 - [TEST_STEP][PASSED] - Statement - batch = new com.kms.katalon.core.testobject.TestObject(): null

2018-05-15 19:10:27 - [TEST_STEP][PASSED] - Statement - batch = com.kms.katalon.core.webui.keyword.WebUiBuiltInKeywords.modifyObjectProperty(batch, "xpath", "equals", "//*[@id = "txtbthqty" + row + ""]", true): Modify property of object successfully

2018-05-15 19:10:27 - [MESSAGE][PASSED] - Modify property of object successfully

2018-05-15 19:10:27 - [TEST_STEP][PASSED] - Statement - batchqty = com.kms.katalon.core.webui.keyword.WebUiBuiltInKeywords.getAttribute(batch, "value").trim(): Attribute 'value' of object '' is: '5000'

2018-05-15 19:10:27 - [MESSAGE][PASSED] - Attribute 'value' of object '' is: '5000'

2018-05-15 19:10:27 - [TEST_STEP][PASSED] - Statement - Rqty = 10000: null

2018-05-15 19:10:27 - [TEST_STEP][PASSED] - delay: Delayed 2 second(s)

2018-05-15 19:10:29 - [MESSAGE][PASSED] - Delayed 2 second(s)

2018-05-15 19:10:29 - [TEST_STEP][PASSED] - Statement - out.println("BatchQty : " + batchqty): null

2018-05-15 19:10:29 - [TEST_STEP][PASSED] - Statement - out.println("RQty : " + Rqty): null

2018-05-15 19:10:29 - [TEST_STEP][PASSED] - Statement - If (java.lang.Integer.valueOf(batchqty) >= java.lang.Integer.valueOf(Rqty)): null

2018-05-15 19:10:29 - [TEST_STEP][PASSED] - Statement - Else: null

2018-05-15 19:10:29 - [TEST_STEP][PASSED] - Statement - out.println("Batchqty Is Less Than Rqty"): null

2018-05-15 19:10:29 - [TEST_STEP][PASSED] - Statement - product = new com.kms.katalon.core.testobject.TestObject(): null

2018-05-15 19:10:29 - [TEST_STEP][PASSED] - Statement - product = com.kms.katalon.core.webui.keyword.WebUiBuiltInKeywords.modifyObjectProperty(product, "xpath", "equals", "//*[@id = "fldvendor" + row + ""]", true): Modify property of object successfully

2018-05-15 19:10:29 - [MESSAGE][PASSED] - Modify property of object successfully

2018-05-15 19:10:29 - [TEST_STEP][PASSED] - selectOptionByIndex: All options with index in [2] are selected on object ''

2018-05-15 19:10:29 - [MESSAGE][PASSED] - All options with index in [2] are selected on object ''

2018-05-15 19:10:29 - [TEST_STEP][PASSED] - Statement - batch = new com.kms.katalon.core.testobject.TestObject(): null

2018-05-15 19:10:29 - [TEST_STEP][PASSED] - Statement - batch = com.kms.katalon.core.webui.keyword.WebUiBuiltInKeywords.modifyObjectProperty(batch, "xpath", "equals", "//*[@id = "txtbthqty" + row + ""]", true): Modify property of object successfully

2018-05-15 19:10:29 - [MESSAGE][PASSED] - Modify property of object successfully

2018-05-15 19:10:29 - [TEST_STEP][PASSED] - Statement - batchqty = com.kms.katalon.core.webui.keyword.WebUiBuiltInKeywords.getAttribute(batch, "value").trim(): Attribute 'value' of object '' is: '5000'

2018-05-15 19:10:29 - [MESSAGE][PASSED] - Attribute 'value' of object '' is: '5000'

2018-05-15 19:10:29 - [TEST_STEP][PASSED] - Statement - Rqty = 10000: null

2018-05-15 19:10:29 - [TEST_STEP][PASSED] - delay: Delayed 2 second(s)

2018-05-15 19:10:31 - [MESSAGE][PASSED] - Delayed 2 second(s)

2018-05-15 19:10:31 - [TEST_STEP][PASSED] - Statement - out.println("BatchQty : " + batchqty): null

2018-05-15 19:10:31 - [TEST_STEP][PASSED] - Statement - out.println("RQty : " + Rqty): null

2018-05-15 19:10:31 - [TEST_STEP][PASSED] - Statement - If (java.lang.Integer.valueOf(batchqty) >= java.lang.Integer.valueOf(Rqty)): null

2018-05-15 19:10:31 - [TEST_STEP][PASSED] - Statement - Else: null

2018-05-15 19:10:31 - [TEST_STEP][PASSED] - Statement - out.println("Batchqty Is Less Than Rqty"): null

2018-05-15 19:10:31 - [TEST_STEP][PASSED] - Statement - product = new com.kms.katalon.core.testobject.TestObject(): null

2018-05-15 19:10:31 - [TEST_STEP][PASSED] - Statement - product = com.kms.katalon.core.webui.keyword.WebUiBuiltInKeywords.modifyObjectProperty(product, "xpath", "equals", "//*[@id = "fldvendor" + row + ""]", true): Modify property of object successfully

2018-05-15 19:10:31 - [MESSAGE][PASSED] - Modify property of object successfully

2018-05-15 19:10:31 - [TEST_STEP][PASSED] - selectOptionByIndex: All options with index in [3] are selected on object ''

2018-05-15 19:10:32 - [MESSAGE][PASSED] - All options with index in [3] are selected on object ''

2018-05-15 19:10:32 - [TEST_STEP][PASSED] - Statement - batch = new com.kms.katalon.core.testobject.TestObject(): null

2018-05-15 19:10:32 - [TEST_STEP][PASSED] - Statement - batch = com.kms.katalon.core.webui.keyword.WebUiBuiltInKeywords.modifyObjectProperty(batch, "xpath", "equals", "//*[@id = "txtbthqty" + row + ""]", true): Modify property of object successfully

2018-05-15 19:10:32 - [MESSAGE][PASSED] - Modify property of object successfully

2018-05-15 19:10:32 - [TEST_STEP][PASSED] - Statement - batchqty = com.kms.katalon.core.webui.keyword.WebUiBuiltInKeywords.getAttribute(batch, "value").trim(): Attribute 'value' of object '' is: '200'

2018-05-15 19:10:32 - [MESSAGE][PASSED] - Attribute 'value' of object '' is: '200'

2018-05-15 19:10:32 - [TEST_STEP][PASSED] - Statement - Rqty = 10000: null

2018-05-15 19:10:32 - [TEST_STEP][PASSED] - delay: Delayed 2 second(s)

2018-05-15 19:10:34 - [MESSAGE][PASSED] - Delayed 2 second(s)

2018-05-15 19:10:34 - [TEST_STEP][PASSED] - Statement - out.println("BatchQty : " + batchqty): null

2018-05-15 19:10:34 - [TEST_STEP][PASSED] - Statement - out.println("RQty : " + Rqty): null

2018-05-15 19:10:34 - [TEST_STEP][PASSED] - Statement - If (java.lang.Integer.valueOf(batchqty) >= java.lang.Integer.valueOf(Rqty)): null

2018-05-15 19:10:34 - [TEST_STEP][PASSED] - Statement - Else: null

2018-05-15 19:10:34 - [TEST_STEP][PASSED] - Statement - out.println("Batchqty Is Less Than Rqty"): null

2018-05-15 19:10:34 - [TEST_STEP][PASSED] - Statement - product = new com.kms.katalon.core.testobject.TestObject(): null

2018-05-15 19:10:34 - [TEST_STEP][PASSED] - Statement - product = com.kms.katalon.core.webui.keyword.WebUiBuiltInKeywords.modifyObjectProperty(product, "xpath", "equals", "//*[@id = "fldvendor" + row + ""]", true): Modify property of object successfully

2018-05-15 19:10:34 - [MESSAGE][PASSED] - Modify property of object successfully

2018-05-15 19:10:34 - [TEST_STEP][PASSED] - selectOptionByIndex: All options with index in [4] are selected on object ''

2018-05-15 19:10:34 - [MESSAGE][PASSED] - All options with index in [4] are selected on object ''

2018-05-15 19:10:34 - [TEST_STEP][PASSED] - Statement - batch = new com.kms.katalon.core.testobject.TestObject(): null

2018-05-15 19:10:34 - [TEST_STEP][PASSED] - Statement - batch = com.kms.katalon.core.webui.keyword.WebUiBuiltInKeywords.modifyObjectProperty(batch, "xpath", "equals", "//*[@id = "txtbthqty" + row + ""]", true): Modify property of object successfully

2018-05-15 19:10:34 - [MESSAGE][PASSED] - Modify property of object successfully

2018-05-15 19:10:34 - [TEST_STEP][PASSED] - Statement - batchqty = com.kms.katalon.core.webui.keyword.WebUiBuiltInKeywords.getAttribute(batch, "value").trim(): Attribute 'value' of object '' is: '200'

2018-05-15 19:10:34 - [MESSAGE][PASSED] - Attribute 'value' of object '' is: '200'

2018-05-15 19:10:34 - [TEST_STEP][PASSED] - Statement - Rqty = 10000: null

2018-05-15 19:10:34 - [TEST_STEP][PASSED] - delay: Delayed 2 second(s)

2018-05-15 19:10:36 - [MESSAGE][PASSED] - Delayed 2 second(s)

2018-05-15 19:10:36 - [TEST_STEP][PASSED] - Statement - out.println("BatchQty : " + batchqty): null

2018-05-15 19:10:36 - [TEST_STEP][PASSED] - Statement - out.println("RQty : " + Rqty): null

2018-05-15 19:10:36 - [TEST_STEP][PASSED] - Statement - If (java.lang.Integer.valueOf(batchqty) >= java.lang.Integer.valueOf(Rqty)): null

2018-05-15 19:10:36 - [TEST_STEP][PASSED] - Statement - Else: null

2018-05-15 19:10:36 - [TEST_STEP][PASSED] - Statement - out.println("Batchqty Is Less Than Rqty"): null

2018-05-15 19:10:36 - [TEST_STEP][PASSED] - Statement - batchlength = new com.kms.katalon.core.testobject.TestObject(): null

2018-05-15 19:10:36 - [TEST_STEP][PASSED] - Statement - batchlength = com.kms.katalon.core.webui.keyword.WebUiBuiltInKeywords.modifyObjectProperty(batchlength, "xpath", "equals", "//*[@id = "fldvendor" + row + ""]", true): Modify property of object successfully

2018-05-15 19:10:36 - [MESSAGE][PASSED] - Modify property of object successfully

2018-05-15 19:10:36 - [TEST_STEP][PASSED] - Statement - batchsize = com.kms.katalon.core.webui.keyword.WebUiBuiltInKeywords.getNumberOfTotalOption(batchlength): 5 options of object '' counted

2018-05-15 19:10:36 - [MESSAGE][PASSED] - 5 options of object '' counted

2018-05-15 19:10:36 - [TEST_STEP][PASSED] - Statement - out.println("BatchSize : " + batchsize): null

2018-05-15 19:10:36 - [TEST_STEP][PASSED] - Statement - For ([n = 1, n <= batchsize - 1, (n++)]): null

2018-05-15 19:10:36 - [TEST_STEP][PASSED] - Statement - product = new com.kms.katalon.core.testobject.TestObject(): null

2018-05-15 19:10:36 - [TEST_STEP][PASSED] - Statement - product = com.kms.katalon.core.webui.keyword.WebUiBuiltInKeywords.modifyObjectProperty(product, "xpath", "equals", "//*[@id = "fldvendor" + row + ""]", true): Modify property of object successfully

2018-05-15 19:10:36 - [MESSAGE][PASSED] - Modify property of object successfully

2018-05-15 19:10:36 - [TEST_STEP][PASSED] - selectOptionByIndex: All options with index in [1] are selected on object ''

2018-05-15 19:10:36 - [MESSAGE][PASSED] - All options with index in [1] are selected on object ''

2018-05-15 19:10:36 - [TEST_STEP][PASSED] - Statement - batch = new com.kms.katalon.core.testobject.TestObject(): null

2018-05-15 19:10:36 - [TEST_STEP][PASSED] - Statement - batch = com.kms.katalon.core.webui.keyword.WebUiBuiltInKeywords.modifyObjectProperty(batch, "xpath", "equals", "//*[@id = "txtbthqty" + row + ""]", true): Modify property of object successfully

2018-05-15 19:10:36 - [MESSAGE][PASSED] - Modify property of object successfully

2018-05-15 19:10:36 - [TEST_STEP][PASSED] - Statement - batchqty = com.kms.katalon.core.webui.keyword.WebUiBuiltInKeywords.getAttribute(batch, "value").trim(): Attribute 'value' of object '' is: '200'

2018-05-15 19:10:36 - [MESSAGE][PASSED] - Attribute 'value' of object '' is: '200'

2018-05-15 19:10:36 - [TEST_STEP][PASSED] - Statement - Rqty = 10000: null

2018-05-15 19:10:36 - [TEST_STEP][PASSED] - delay: Delayed 2 second(s)

2018-05-15 19:10:38 - [MESSAGE][PASSED] - Delayed 2 second(s)

2018-05-15 19:10:38 - [TEST_STEP][PASSED] - Statement - out.println("BatchQty : " + batchqty): null

2018-05-15 19:10:38 - [TEST_STEP][PASSED] - Statement - out.println("RQty : " + Rqty): null

2018-05-15 19:10:38 - [TEST_STEP][PASSED] - Statement - If (java.lang.Integer.valueOf(batchqty) >= java.lang.Integer.valueOf(Rqty)): null

2018-05-15 19:10:38 - [TEST_STEP][PASSED] - Statement - Else: null

2018-05-15 19:10:38 - [TEST_STEP][PASSED] - Statement - out.println("Batchqty Is Less Than Rqty"): null

2018-05-15 19:10:38 - [TEST_STEP][PASSED] - Statement - product = new com.kms.katalon.core.testobject.TestObject(): null

2018-05-15 19:10:38 - [TEST_STEP][PASSED] - Statement - product = com.kms.katalon.core.webui.keyword.WebUiBuiltInKeywords.modifyObjectProperty(product, "xpath", "equals", "//*[@id = "fldvendor" + row + ""]", true): Modify property of object successfully

2018-05-15 19:10:38 - [MESSAGE][PASSED] - Modify property of object successfully

2018-05-15 19:10:38 - [TEST_STEP][PASSED] - selectOptionByIndex: All options with index in [2] are selected on object ''

2018-05-15 19:10:38 - [MESSAGE][PASSED] - All options with index in [2] are selected on object ''

2018-05-15 19:10:38 - [TEST_STEP][PASSED] - Statement - batch = new com.kms.katalon.core.testobject.TestObject(): null

2018-05-15 19:10:38 - [TEST_STEP][PASSED] - Statement - batch = com.kms.katalon.core.webui.keyword.WebUiBuiltInKeywords.modifyObjectProperty(batch, "xpath", "equals", "//*[@id = "txtbthqty" + row + ""]", true): Modify property of object successfully

2018-05-15 19:10:38 - [MESSAGE][PASSED] - Modify property of object successfully

2018-05-15 19:10:38 - [TEST_STEP][PASSED] - Statement - batchqty = com.kms.katalon.core.webui.keyword.WebUiBuiltInKeywords.getAttribute(batch, "value").trim(): Attribute 'value' of object '' is: '5000'

2018-05-15 19:10:38 - [MESSAGE][PASSED] - Attribute 'value' of object '' is: '5000'

2018-05-15 19:10:38 - [TEST_STEP][PASSED] - Statement - Rqty = 10000: null

2018-05-15 19:10:38 - [TEST_STEP][PASSED] - delay: Delayed 2 second(s)

2018-05-15 19:10:40 - [MESSAGE][PASSED] - Delayed 2 second(s)

2018-05-15 19:10:40 - [TEST_STEP][PASSED] - Statement - out.println("BatchQty : " + batchqty): null

2018-05-15 19:10:40 - [TEST_STEP][PASSED] - Statement - out.println("RQty : " + Rqty): null

2018-05-15 19:10:40 - [TEST_STEP][PASSED] - Statement - If (java.lang.Integer.valueOf(batchqty) >= java.lang.Integer.valueOf(Rqty)): null

2018-05-15 19:10:40 - [TEST_STEP][PASSED] - Statement - Else: null

2018-05-15 19:10:40 - [TEST_STEP][PASSED] - Statement - out.println("Batchqty Is Less Than Rqty"): null

2018-05-15 19:10:40 - [TEST_STEP][PASSED] - Statement - product = new com.kms.katalon.core.testobject.TestObject(): null

2018-05-15 19:10:40 - [TEST_STEP][PASSED] - Statement - product = com.kms.katalon.core.webui.keyword.WebUiBuiltInKeywords.modifyObjectProperty(product, "xpath", "equals", "//*[@id = "fldvendor" + row + ""]", true): Modify property of object successfully

2018-05-15 19:10:40 - [MESSAGE][PASSED] - Modify property of object successfully

2018-05-15 19:10:40 - [TEST_STEP][PASSED] - selectOptionByIndex: All options with index in [3] are selected on object ''

2018-05-15 19:10:40 - [MESSAGE][PASSED] - All options with index in [3] are selected on object ''

2018-05-15 19:10:40 - [TEST_STEP][PASSED] - Statement - batch = new com.kms.katalon.core.testobject.TestObject(): null

2018-05-15 19:10:40 - [TEST_STEP][PASSED] - Statement - batch = com.kms.katalon.core.webui.keyword.WebUiBuiltInKeywords.modifyObjectProperty(batch, "xpath", "equals", "//*[@id = "txtbthqty" + row + ""]", true): Modify property of object successfully

2018-05-15 19:10:40 - [MESSAGE][PASSED] - Modify property of object successfully

2018-05-15 19:10:40 - [TEST_STEP][PASSED] - Statement - batchqty = com.kms.katalon.core.webui.keyword.WebUiBuiltInKeywords.getAttribute(batch, "value").trim(): Attribute 'value' of object '' is: '200'

2018-05-15 19:10:40 - [MESSAGE][PASSED] - Attribute 'value' of object '' is: '200'

2018-05-15 19:10:40 - [TEST_STEP][PASSED] - Statement - Rqty = 10000: null

2018-05-15 19:10:40 - [TEST_STEP][PASSED] - delay: Delayed 2 second(s)

2018-05-15 19:10:42 - [MESSAGE][PASSED] - Delayed 2 second(s)

2018-05-15 19:10:42 - [TEST_STEP][PASSED] - Statement - out.println("BatchQty : " + batchqty): null

2018-05-15 19:10:42 - [TEST_STEP][PASSED] - Statement - out.println("RQty : " + Rqty): null

2018-05-15 19:10:42 - [TEST_STEP][PASSED] - Statement - If (java.lang.Integer.valueOf(batchqty) >= java.lang.Integer.valueOf(Rqty)): null

2018-05-15 19:10:42 - [TEST_STEP][PASSED] - Statement - Else: null

2018-05-15 19:10:42 - [TEST_STEP][PASSED] - Statement - out.println("Batchqty Is Less Than Rqty"): null

2018-05-15 19:10:42 - [TEST_STEP][PASSED] - Statement - product = new com.kms.katalon.core.testobject.TestObject(): null

2018-05-15 19:10:42 - [TEST_STEP][PASSED] - Statement - product = com.kms.katalon.core.webui.keyword.WebUiBuiltInKeywords.modifyObjectProperty(product, "xpath", "equals", "//*[@id = "fldvendor" + row + ""]", true): Modify property of object successfully

2018-05-15 19:10:42 - [MESSAGE][PASSED] - Modify property of object successfully

2018-05-15 19:10:42 - [TEST_STEP][PASSED] - selectOptionByIndex: All options with index in [4] are selected on object ''

2018-05-15 19:10:43 - [MESSAGE][PASSED] - All options with index in [4] are selected on object ''

2018-05-15 19:10:43 - [TEST_STEP][PASSED] - Statement - batch = new com.kms.katalon.core.testobject.TestObject(): null

2018-05-15 19:10:43 - [TEST_STEP][PASSED] - Statement - batch = com.kms.katalon.core.webui.keyword.WebUiBuiltInKeywords.modifyObjectProperty(batch, "xpath", "equals", "//*[@id = "txtbthqty" + row + ""]", true): Modify property of object successfully

2018-05-15 19:10:43 - [MESSAGE][PASSED] - Modify property of object successfully

2018-05-15 19:10:43 - [TEST_STEP][PASSED] - Statement - batchqty = com.kms.katalon.core.webui.keyword.WebUiBuiltInKeywords.getAttribute(batch, "value").trim(): Attribute 'value' of object '' is: '5000'

2018-05-15 19:10:43 - [MESSAGE][PASSED] - Attribute 'value' of object '' is: '5000'

2018-05-15 19:10:43 - [TEST_STEP][PASSED] - Statement - Rqty = 10000: null

2018-05-15 19:10:43 - [TEST_STEP][PASSED] - delay: Delayed 2 second(s)

2018-05-15 19:10:45 - [MESSAGE][PASSED] - Delayed 2 second(s)

2018-05-15 19:10:45 - [TEST_STEP][PASSED] - Statement - out.println("BatchQty : " + batchqty): null

2018-05-15 19:10:45 - [TEST_STEP][PASSED] - Statement - out.println("RQty : " + Rqty): null

2018-05-15 19:10:45 - [TEST_STEP][PASSED] - Statement - If (java.lang.Integer.valueOf(batchqty) >= java.lang.Integer.valueOf(Rqty)): null

2018-05-15 19:10:45 - [TEST_STEP][PASSED] - Statement - Else: null

2018-05-15 19:10:45 - [TEST_STEP][PASSED] - Statement - out.println("Batchqty Is Less Than Rqty"): null

2018-05-15 19:10:45 - [TEST_STEP][PASSED] - Statement - batchlength = new com.kms.katalon.core.testobject.TestObject(): null

2018-05-15 19:10:45 - [TEST_STEP][PASSED] - Statement - batchlength = com.kms.katalon.core.webui.keyword.WebUiBuiltInKeywords.modifyObjectProperty(batchlength, "xpath", "equals", "//*[@id = "fldvendor" + row + ""]", true): Modify property of object successfully

2018-05-15 19:10:45 - [MESSAGE][PASSED] - Modify property of object successfully

2018-05-15 19:10:45 - [TEST_STEP][PASSED] - Statement - batchsize = com.kms.katalon.core.webui.keyword.WebUiBuiltInKeywords.getNumberOfTotalOption(batchlength): 5 options of object '' counted

2018-05-15 19:10:45 - [MESSAGE][PASSED] - 5 options of object '' counted

2018-05-15 19:10:45 - [TEST_STEP][PASSED] - Statement - out.println("BatchSize : " + batchsize): null

2018-05-15 19:10:45 - [TEST_STEP][PASSED] - Statement - For ([n = 1, n <= batchsize - 1, (n++)]): null

2018-05-15 19:10:45 - [TEST_STEP][PASSED] - Statement - product = new com.kms.katalon.core.testobject.TestObject(): null

2018-05-15 19:10:45 - [TEST_STEP][PASSED] - Statement - product = com.kms.katalon.core.webui.keyword.WebUiBuiltInKeywords.modifyObjectProperty(product, "xpath", "equals", "//*[@id = "fldvendor" + row + ""]", true): Modify property of object successfully

2018-05-15 19:10:45 - [MESSAGE][PASSED] - Modify property of object successfully

2018-05-15 19:10:45 - [TEST_STEP][PASSED] - selectOptionByIndex: All options with index in [1] are selected on object ''

2018-05-15 19:10:45 - [MESSAGE][PASSED] - All options with index in [1] are selected on object ''

2018-05-15 19:10:45 - [TEST_STEP][PASSED] - Statement - batch = new com.kms.katalon.core.testobject.TestObject(): null

2018-05-15 19:10:45 - [TEST_STEP][PASSED] - Statement - batch = com.kms.katalon.core.webui.keyword.WebUiBuiltInKeywords.modifyObjectProperty(batch, "xpath", "equals", "//*[@id = "txtbthqty" + row + ""]", true): Modify property of object successfully

2018-05-15 19:10:45 - [MESSAGE][PASSED] - Modify property of object successfully

2018-05-15 19:10:45 - [TEST_STEP][PASSED] - Statement - batchqty = com.kms.katalon.core.webui.keyword.WebUiBuiltInKeywords.getAttribute(batch, "value").trim(): Attribute 'value' of object '' is: '5000'

2018-05-15 19:10:45 - [MESSAGE][PASSED] - Attribute 'value' of object '' is: '5000'

2018-05-15 19:10:45 - [TEST_STEP][PASSED] - Statement - Rqty = 10000: null

2018-05-15 19:10:45 - [TEST_STEP][PASSED] - delay: Delayed 2 second(s)

2018-05-15 19:10:47 - [MESSAGE][PASSED] - Delayed 2 second(s)

2018-05-15 19:10:47 - [TEST_STEP][PASSED] - Statement - out.println("BatchQty : " + batchqty): null

2018-05-15 19:10:47 - [TEST_STEP][PASSED] - Statement - out.println("RQty : " + Rqty): null

2018-05-15 19:10:47 - [TEST_STEP][PASSED] - Statement - If (java.lang.Integer.valueOf(batchqty) >= java.lang.Integer.valueOf(Rqty)): null

2018-05-15 19:10:47 - [TEST_STEP][PASSED] - Statement - Else: null

2018-05-15 19:10:47 - [TEST_STEP][PASSED] - Statement - out.println("Batchqty Is Less Than Rqty"): null

2018-05-15 19:10:47 - [TEST_STEP][PASSED] - Statement - product = new com.kms.katalon.core.testobject.TestObject(): null

2018-05-15 19:10:47 - [TEST_STEP][PASSED] - Statement - product = com.kms.katalon.core.webui.keyword.WebUiBuiltInKeywords.modifyObjectProperty(product, "xpath", "equals", "//*[@id = "fldvendor" + row + ""]", true): Modify property of object successfully

2018-05-15 19:10:47 - [MESSAGE][PASSED] - Modify property of object successfully

2018-05-15 19:10:47 - [TEST_STEP][PASSED] - selectOptionByIndex: All options with index in [2] are selected on object ''

2018-05-15 19:10:47 - [MESSAGE][PASSED] - All options with index in [2] are selected on object ''

2018-05-15 19:10:47 - [TEST_STEP][PASSED] - Statement - batch = new com.kms.katalon.core.testobject.TestObject(): null

2018-05-15 19:10:47 - [TEST_STEP][PASSED] - Statement - batch = com.kms.katalon.core.webui.keyword.WebUiBuiltInKeywords.modifyObjectProperty(batch, "xpath", "equals", "//*[@id = "txtbthqty" + row + ""]", true): Modify property of object successfully

2018-05-15 19:10:47 - [MESSAGE][PASSED] - Modify property of object successfully

2018-05-15 19:10:47 - [TEST_STEP][PASSED] - Statement - batchqty = com.kms.katalon.core.webui.keyword.WebUiBuiltInKeywords.getAttribute(batch, "value").trim(): Attribute 'value' of object '' is: '5000'

2018-05-15 19:10:47 - [MESSAGE][PASSED] - Attribute 'value' of object '' is: '5000'

2018-05-15 19:10:47 - [TEST_STEP][PASSED] - Statement - Rqty = 10000: null

2018-05-15 19:10:47 - [TEST_STEP][PASSED] - delay: Delayed 2 second(s)

2018-05-15 19:10:49 - [MESSAGE][PASSED] - Delayed 2 second(s)

2018-05-15 19:10:49 - [TEST_STEP][PASSED] - Statement - out.println("BatchQty : " + batchqty): null

2018-05-15 19:10:49 - [TEST_STEP][PASSED] - Statement - out.println("RQty : " + Rqty): null

2018-05-15 19:10:49 - [TEST_STEP][PASSED] - Statement - If (java.lang.Integer.valueOf(batchqty) >= java.lang.Integer.valueOf(Rqty)): null

2018-05-15 19:10:49 - [TEST_STEP][PASSED] - Statement - Else: null

2018-05-15 19:10:49 - [TEST_STEP][PASSED] - Statement - out.println("Batchqty Is Less Than Rqty"): null

2018-05-15 19:10:49 - [TEST_STEP][PASSED] - Statement - product = new com.kms.katalon.core.testobject.TestObject(): null

2018-05-15 19:10:49 - [TEST_STEP][PASSED] - Statement - product = com.kms.katalon.core.webui.keyword.WebUiBuiltInKeywords.modifyObjectProperty(product, "xpath", "equals", "//*[@id = "fldvendor" + row + ""]", true): Modify property of object successfully

2018-05-15 19:10:49 - [MESSAGE][PASSED] - Modify property of object successfully

2018-05-15 19:10:49 - [TEST_STEP][PASSED] - selectOptionByIndex: All options with index in [3] are selected on object ''

2018-05-15 19:10:49 - [MESSAGE][PASSED] - All options with index in [3] are selected on object ''

2018-05-15 19:10:49 - [TEST_STEP][PASSED] - Statement - batch = new com.kms.katalon.core.testobject.TestObject(): null

2018-05-15 19:10:49 - [TEST_STEP][PASSED] - Statement - batch = com.kms.katalon.core.webui.keyword.WebUiBuiltInKeywords.modifyObjectProperty(batch, "xpath", "equals", "//*[@id = "txtbthqty" + row + ""]", true): Modify property of object successfully

2018-05-15 19:10:49 - [MESSAGE][PASSED] - Modify property of object successfully

2018-05-15 19:10:49 - [TEST_STEP][PASSED] - Statement - batchqty = com.kms.katalon.core.webui.keyword.WebUiBuiltInKeywords.getAttribute(batch, "value").trim(): Attribute 'value' of object '' is: '200'

2018-05-15 19:10:49 - [MESSAGE][PASSED] - Attribute 'value' of object '' is: '200'

2018-05-15 19:10:49 - [TEST_STEP][PASSED] - Statement - Rqty = 10000: null

2018-05-15 19:10:49 - [TEST_STEP][PASSED] - delay: Delayed 2 second(s)

2018-05-15 19:10:51 - [MESSAGE][PASSED] - Delayed 2 second(s)

2018-05-15 19:10:51 - [TEST_STEP][PASSED] - Statement - out.println("BatchQty : " + batchqty): null

2018-05-15 19:10:51 - [TEST_STEP][PASSED] - Statement - out.println("RQty : " + Rqty): null

2018-05-15 19:10:51 - [TEST_STEP][PASSED] - Statement - If (java.lang.Integer.valueOf(batchqty) >= java.lang.Integer.valueOf(Rqty)): null

2018-05-15 19:10:51 - [TEST_STEP][PASSED] - Statement - Else: null

2018-05-15 19:10:51 - [TEST_STEP][PASSED] - Statement - out.println("Batchqty Is Less Than Rqty"): null

2018-05-15 19:10:51 - [TEST_STEP][PASSED] - Statement - product = new com.kms.katalon.core.testobject.TestObject(): null

2018-05-15 19:10:51 - [TEST_STEP][PASSED] - Statement - product = com.kms.katalon.core.webui.keyword.WebUiBuiltInKeywords.modifyObjectProperty(product, "xpath", "equals", "//*[@id = "fldvendor" + row + ""]", true): Modify property of object successfully

2018-05-15 19:10:51 - [MESSAGE][PASSED] - Modify property of object successfully

2018-05-15 19:10:51 - [TEST_STEP][PASSED] - selectOptionByIndex: All options with index in [4] are selected on object ''

2018-05-15 19:10:51 - [MESSAGE][PASSED] - All options with index in [4] are selected on object ''

2018-05-15 19:10:51 - [TEST_STEP][PASSED] - Statement - batch = new com.kms.katalon.core.testobject.TestObject(): null

2018-05-15 19:10:51 - [TEST_STEP][PASSED] - Statement - batch = com.kms.katalon.core.webui.keyword.WebUiBuiltInKeywords.modifyObjectProperty(batch, "xpath", "equals", "//*[@id = "txtbthqty" + row + ""]", true): Modify property of object successfully

2018-05-15 19:10:51 - [MESSAGE][PASSED] - Modify property of object successfully

2018-05-15 19:10:51 - [TEST_STEP][PASSED] - Statement - batchqty = com.kms.katalon.core.webui.keyword.WebUiBuiltInKeywords.getAttribute(batch, "value").trim(): Attribute 'value' of object '' is: '200'

2018-05-15 19:10:51 - [MESSAGE][PASSED] - Attribute 'value' of object '' is: '200'

2018-05-15 19:10:51 - [TEST_STEP][PASSED] - Statement - Rqty = 10000: null

2018-05-15 19:10:51 - [TEST_STEP][PASSED] - delay: Delayed 2 second(s)

2018-05-15 19:10:53 - [MESSAGE][PASSED] - Delayed 2 second(s)

2018-05-15 19:10:53 - [TEST_STEP][PASSED] - Statement - out.println("BatchQty : " + batchqty): null

2018-05-15 19:10:53 - [TEST_STEP][PASSED] - Statement - out.println("RQty : " + Rqty): null

2018-05-15 19:10:53 - [TEST_STEP][PASSED] - Statement - If (java.lang.Integer.valueOf(batchqty) >= java.lang.Integer.valueOf(Rqty)): null

2018-05-15 19:10:53 - [TEST_STEP][PASSED] - Statement - Else: null

2018-05-15 19:10:53 - [TEST_STEP][PASSED] - Statement - out.println("Batchqty Is Less Than Rqty"): null

2018-05-15 19:10:53 - [TEST_STEP][PASSED] - Statement - batchlength = new com.kms.katalon.core.testobject.TestObject(): null

2018-05-15 19:10:53 - [TEST_STEP][PASSED] - Statement - batchlength = com.kms.katalon.core.webui.keyword.WebUiBuiltInKeywords.modifyObjectProperty(batchlength, "xpath", "equals", "//*[@id = "fldvendor" + row + ""]", true): Modify property of object successfully

2018-05-15 19:10:53 - [MESSAGE][PASSED] - Modify property of object successfully

2018-05-15 19:10:53 - [TEST_STEP][PASSED] - Statement - batchsize = com.kms.katalon.core.webui.keyword.WebUiBuiltInKeywords.getNumberOfTotalOption(batchlength): 5 options of object '' counted

2018-05-15 19:10:54 - [MESSAGE][PASSED] - 5 options of object '' counted

2018-05-15 19:10:54 - [TEST_STEP][PASSED] - Statement - out.println("BatchSize : " + batchsize): null

2018-05-15 19:10:54 - [TEST_STEP][PASSED] - Statement - For ([n = 1, n <= batchsize - 1, (n++)]): null

2018-05-15 19:10:54 - [TEST_STEP][PASSED] - Statement - product = new com.kms.katalon.core.testobject.TestObject(): null

2018-05-15 19:10:54 - [TEST_STEP][PASSED] - Statement - product = com.kms.katalon.core.webui.keyword.WebUiBuiltInKeywords.modifyObjectProperty(product, "xpath", "equals", "//*[@id = "fldvendor" + row + ""]", true): Modify property of object successfully

2018-05-15 19:10:54 - [MESSAGE][PASSED] - Modify property of object successfully

2018-05-15 19:10:54 - [TEST_STEP][PASSED] - selectOptionByIndex: All options with index in [1] are selected on object ''

2018-05-15 19:10:54 - [MESSAGE][PASSED] - All options with index in [1] are selected on object ''

2018-05-15 19:10:54 - [TEST_STEP][PASSED] - Statement - batch = new com.kms.katalon.core.testobject.TestObject(): null

2018-05-15 19:10:54 - [TEST_STEP][PASSED] - Statement - batch = com.kms.katalon.core.webui.keyword.WebUiBuiltInKeywords.modifyObjectProperty(batch, "xpath", "equals", "//*[@id = "txtbthqty" + row + ""]", true): Modify property of object successfully

2018-05-15 19:10:54 - [MESSAGE][PASSED] - Modify property of object successfully

2018-05-15 19:10:54 - [TEST_STEP][PASSED] - Statement - batchqty = com.kms.katalon.core.webui.keyword.WebUiBuiltInKeywords.getAttribute(batch, "value").trim(): Attribute 'value' of object '' is: '5000'

2018-05-15 19:10:54 - [MESSAGE][PASSED] - Attribute 'value' of object '' is: '5000'

2018-05-15 19:10:54 - [TEST_STEP][PASSED] - Statement - Rqty = 10000: null

2018-05-15 19:10:54 - [TEST_STEP][PASSED] - delay: Delayed 2 second(s)

2018-05-15 19:10:56 - [MESSAGE][PASSED] - Delayed 2 second(s)

2018-05-15 19:10:56 - [TEST_STEP][PASSED] - Statement - out.println("BatchQty : " + batchqty): null

2018-05-15 19:10:56 - [TEST_STEP][PASSED] - Statement - out.println("RQty : " + Rqty): null

2018-05-15 19:10:56 - [TEST_STEP][PASSED] - Statement - If (java.lang.Integer.valueOf(batchqty) >= java.lang.Integer.valueOf(Rqty)): null

2018-05-15 19:10:56 - [TEST_STEP][PASSED] - Statement - Else: null

2018-05-15 19:10:56 - [TEST_STEP][PASSED] - Statement - out.println("Batchqty Is Less Than Rqty"): null

2018-05-15 19:10:56 - [TEST_STEP][PASSED] - Statement - product = new com.kms.katalon.core.testobject.TestObject(): null

2018-05-15 19:10:56 - [TEST_STEP][PASSED] - Statement - product = com.kms.katalon.core.webui.keyword.WebUiBuiltInKeywords.modifyObjectProperty(product, "xpath", "equals", "//*[@id = "fldvendor" + row + ""]", true): Modify property of object successfully

2018-05-15 19:10:56 - [MESSAGE][PASSED] - Modify property of object successfully

2018-05-15 19:10:56 - [TEST_STEP][PASSED] - selectOptionByIndex: All options with index in [2] are selected on object ''

2018-05-15 19:10:56 - [MESSAGE][PASSED] - All options with index in [2] are selected on object ''

2018-05-15 19:10:56 - [TEST_STEP][PASSED] - Statement - batch = new com.kms.katalon.core.testobject.TestObject(): null

2018-05-15 19:10:56 - [TEST_STEP][PASSED] - Statement - batch = com.kms.katalon.core.webui.keyword.WebUiBuiltInKeywords.modifyObjectProperty(batch, "xpath", "equals", "//*[@id = "txtbthqty" + row + ""]", true): Modify property of object successfully

2018-05-15 19:10:56 - [MESSAGE][PASSED] - Modify property of object successfully

2018-05-15 19:10:56 - [TEST_STEP][PASSED] - Statement - batchqty = com.kms.katalon.core.webui.keyword.WebUiBuiltInKeywords.getAttribute(batch, "value").trim(): Attribute 'value' of object '' is: '5000'

2018-05-15 19:10:56 - [MESSAGE][PASSED] - Attribute 'value' of object '' is: '5000'

2018-05-15 19:10:56 - [TEST_STEP][PASSED] - Statement - Rqty = 10000: null

2018-05-15 19:10:56 - [TEST_STEP][PASSED] - delay: Delayed 2 second(s)

2018-05-15 19:10:58 - [MESSAGE][PASSED] - Delayed 2 second(s)

2018-05-15 19:10:58 - [TEST_STEP][PASSED] - Statement - out.println("BatchQty : " + batchqty): null

2018-05-15 19:10:58 - [TEST_STEP][PASSED] - Statement - out.println("RQty : " + Rqty): null

2018-05-15 19:10:58 - [TEST_STEP][PASSED] - Statement - If (java.lang.Integer.valueOf(batchqty) >= java.lang.Integer.valueOf(Rqty)): null

2018-05-15 19:10:58 - [TEST_STEP][PASSED] - Statement - Else: null

2018-05-15 19:10:58 - [TEST_STEP][PASSED] - Statement - out.println("Batchqty Is Less Than Rqty"): null

2018-05-15 19:10:58 - [TEST_STEP][PASSED] - Statement - product = new com.kms.katalon.core.testobject.TestObject(): null

2018-05-15 19:10:58 - [TEST_STEP][PASSED] - Statement - product = com.kms.katalon.core.webui.keyword.WebUiBuiltInKeywords.modifyObjectProperty(product, "xpath", "equals", "//*[@id = "fldvendor" + row + ""]", true): Modify property of object successfully

2018-05-15 19:10:58 - [MESSAGE][PASSED] - Modify property of object successfully

2018-05-15 19:10:58 - [TEST_STEP][PASSED] - selectOptionByIndex: All options with index in [3] are selected on object ''

2018-05-15 19:10:58 - [MESSAGE][PASSED] - All options with index in [3] are selected on object ''

2018-05-15 19:10:58 - [TEST_STEP][PASSED] - Statement - batch = new com.kms.katalon.core.testobject.TestObject(): null

2018-05-15 19:10:58 - [TEST_STEP][PASSED] - Statement - batch = com.kms.katalon.core.webui.keyword.WebUiBuiltInKeywords.modifyObjectProperty(batch, "xpath", "equals", "//*[@id = "txtbthqty" + row + ""]", true): Modify property of object successfully

2018-05-15 19:10:58 - [MESSAGE][PASSED] - Modify property of object successfully

2018-05-15 19:10:58 - [TEST_STEP][PASSED] - Statement - batchqty = com.kms.katalon.core.webui.keyword.WebUiBuiltInKeywords.getAttribute(batch, "value").trim(): Attribute 'value' of object '' is: '200'

2018-05-15 19:10:58 - [MESSAGE][PASSED] - Attribute 'value' of object '' is: '200'

2018-05-15 19:10:58 - [TEST_STEP][PASSED] - Statement - Rqty = 10000: null

2018-05-15 19:10:58 - [TEST_STEP][PASSED] - delay: Delayed 2 second(s)

2018-05-15 19:11:00 - [MESSAGE][PASSED] - Delayed 2 second(s)

2018-05-15 19:11:00 - [TEST_STEP][PASSED] - Statement - out.println("BatchQty : " + batchqty): null

2018-05-15 19:11:00 - [TEST_STEP][PASSED] - Statement - out.println("RQty : " + Rqty): null

2018-05-15 19:11:00 - [TEST_STEP][PASSED] - Statement - If (java.lang.Integer.valueOf(batchqty) >= java.lang.Integer.valueOf(Rqty)): null

2018-05-15 19:11:00 - [TEST_STEP][PASSED] - Statement - Else: null

2018-05-15 19:11:00 - [TEST_STEP][PASSED] - Statement - out.println("Batchqty Is Less Than Rqty"): null

2018-05-15 19:11:00 - [TEST_STEP][PASSED] - Statement - product = new com.kms.katalon.core.testobject.TestObject(): null

2018-05-15 19:11:00 - [TEST_STEP][PASSED] - Statement - product = com.kms.katalon.core.webui.keyword.WebUiBuiltInKeywords.modifyObjectProperty(product, "xpath", "equals", "//*[@id = "fldvendor" + row + ""]", true): Modify property of object successfully

2018-05-15 19:11:00 - [MESSAGE][PASSED] - Modify property of object successfully

2018-05-15 19:11:00 - [TEST_STEP][PASSED] - selectOptionByIndex: All options with index in [4] are selected on object ''

2018-05-15 19:11:00 - [MESSAGE][PASSED] - All options with index in [4] are selected on object ''

2018-05-15 19:11:00 - [TEST_STEP][PASSED] - Statement - batch = new com.kms.katalon.core.testobject.TestObject(): null

2018-05-15 19:11:00 - [TEST_STEP][PASSED] - Statement - batch = com.kms.katalon.core.webui.keyword.WebUiBuiltInKeywords.modifyObjectProperty(batch, "xpath", "equals", "//*[@id = "txtbthqty" + row + ""]", true): Modify property of object successfully

2018-05-15 19:11:00 - [MESSAGE][PASSED] - Modify property of object successfully

2018-05-15 19:11:00 - [TEST_STEP][PASSED] - Statement - batchqty = com.kms.katalon.core.webui.keyword.WebUiBuiltInKeywords.getAttribute(batch, "value").trim(): Attribute 'value' of object '' is: '200'

2018-05-15 19:11:00 - [MESSAGE][PASSED] - Attribute 'value' of object '' is: '200'

2018-05-15 19:11:00 - [TEST_STEP][PASSED] - Statement - Rqty = 10000: null

2018-05-15 19:11:00 - [TEST_STEP][PASSED] - delay: Delayed 2 second(s)

2018-05-15 19:11:02 - [MESSAGE][PASSED] - Delayed 2 second(s)

2018-05-15 19:11:02 - [TEST_STEP][PASSED] - Statement - out.println("BatchQty : " + batchqty): null

2018-05-15 19:11:02 - [TEST_STEP][PASSED] - Statement - out.println("RQty : " + Rqty): null

2018-05-15 19:11:02 - [TEST_STEP][PASSED] - Statement - If (java.lang.Integer.valueOf(batchqty) >= java.lang.Integer.valueOf(Rqty)): null

2018-05-15 19:11:02 - [TEST_STEP][PASSED] - Statement - Else: null

2018-05-15 19:11:02 - [TEST_STEP][PASSED] - Statement - out.println("Batchqty Is Less Than Rqty"): null

2018-05-15 19:11:02 - [TEST_STEP][PASSED] - Statement - batchlength = new com.kms.katalon.core.testobject.TestObject(): null

2018-05-15 19:11:02 - [TEST_STEP][PASSED] - Statement - batchlength = com.kms.katalon.core.webui.keyword.WebUiBuiltInKeywords.modifyObjectProperty(batchlength, "xpath", "equals", "//*[@id = "fldvendor" + row + ""]", true): Modify property of object successfully

2018-05-15 19:11:02 - [MESSAGE][PASSED] - Modify property of object successfully

2018-05-15 19:11:02 - [TEST_STEP][PASSED] - Statement - batchsize = com.kms.katalon.core.webui.keyword.WebUiBuiltInKeywords.getNumberOfTotalOption(batchlength): 5 options of object '' counted

2018-05-15 19:11:02 - [MESSAGE][PASSED] - 5 options of object '' counted

2018-05-15 19:11:02 - [TEST_STEP][PASSED] - Statement - out.println("BatchSize : " + batchsize): null

2018-05-15 19:11:02 - [TEST_STEP][PASSED] - Statement - For ([n = 1, n <= batchsize - 1, (n++)]): null

2018-05-15 19:11:02 - [TEST_STEP][PASSED] - Statement - product = new com.kms.katalon.core.testobject.TestObject(): null

2018-05-15 19:11:02 - [TEST_STEP][PASSED] - Statement - product = com.kms.katalon.core.webui.keyword.WebUiBuiltInKeywords.modifyObjectProperty(product, "xpath", "equals", "//*[@id = "fldvendor" + row + ""]", true): Modify property of object successfully

2018-05-15 19:11:02 - [MESSAGE][PASSED] - Modify property of object successfully

2018-05-15 19:11:02 - [TEST_STEP][PASSED] - selectOptionByIndex: All options with index in [1] are selected on object ''

2018-05-15 19:11:03 - [MESSAGE][PASSED] - All options with index in [1] are selected on object ''

2018-05-15 19:11:03 - [TEST_STEP][PASSED] - Statement - batch = new com.kms.katalon.core.testobject.TestObject(): null

2018-05-15 19:11:03 - [TEST_STEP][PASSED] - Statement - batch = com.kms.katalon.core.webui.keyword.WebUiBuiltInKeywords.modifyObjectProperty(batch, "xpath", "equals", "//*[@id = "txtbthqty" + row + ""]", true): Modify property of object successfully

2018-05-15 19:11:03 - [MESSAGE][PASSED] - Modify property of object successfully

2018-05-15 19:11:03 - [TEST_STEP][PASSED] - Statement - batchqty = com.kms.katalon.core.webui.keyword.WebUiBuiltInKeywords.getAttribute(batch, "value").trim(): Attribute 'value' of object '' is: '5000'

2018-05-15 19:11:03 - [MESSAGE][PASSED] - Attribute 'value' of object '' is: '5000'

2018-05-15 19:11:03 - [TEST_STEP][PASSED] - Statement - Rqty = 10000: null

2018-05-15 19:11:03 - [TEST_STEP][PASSED] - delay: Delayed 2 second(s)

2018-05-15 19:11:05 - [MESSAGE][PASSED] - Delayed 2 second(s)

2018-05-15 19:11:05 - [TEST_STEP][PASSED] - Statement - out.println("BatchQty : " + batchqty): null

2018-05-15 19:11:05 - [TEST_STEP][PASSED] - Statement - out.println("RQty : " + Rqty): null

2018-05-15 19:11:05 - [TEST_STEP][PASSED] - Statement - If (java.lang.Integer.valueOf(batchqty) >= java.lang.Integer.valueOf(Rqty)): null

2018-05-15 19:11:05 - [TEST_STEP][PASSED] - Statement - Else: null

2018-05-15 19:11:05 - [TEST_STEP][PASSED] - Statement - out.println("Batchqty Is Less Than Rqty"): null

2018-05-15 19:11:05 - [TEST_STEP][PASSED] - Statement - product = new com.kms.katalon.core.testobject.TestObject(): null

2018-05-15 19:11:05 - [TEST_STEP][PASSED] - Statement - product = com.kms.katalon.core.webui.keyword.WebUiBuiltInKeywords.modifyObjectProperty(product, "xpath", "equals", "//*[@id = "fldvendor" + row + ""]", true): Modify property of object successfully

2018-05-15 19:11:05 - [MESSAGE][PASSED] - Modify property of object successfully

2018-05-15 19:11:05 - [TEST_STEP][PASSED] - selectOptionByIndex: All options with index in [2] are selected on object ''

2018-05-15 19:11:05 - [MESSAGE][PASSED] - All options with index in [2] are selected on object ''

2018-05-15 19:11:05 - [TEST_STEP][PASSED] - Statement - batch = new com.kms.katalon.core.testobject.TestObject(): null

2018-05-15 19:11:05 - [TEST_STEP][PASSED] - Statement - batch = com.kms.katalon.core.webui.keyword.WebUiBuiltInKeywords.modifyObjectProperty(batch, "xpath", "equals", "//*[@id = "txtbthqty" + row + ""]", true): Modify property of object successfully

2018-05-15 19:11:05 - [MESSAGE][PASSED] - Modify property of object successfully

2018-05-15 19:11:05 - [TEST_STEP][PASSED] - Statement - batchqty = com.kms.katalon.core.webui.keyword.WebUiBuiltInKeywords.getAttribute(batch, "value").trim(): Attribute 'value' of object '' is: '5000'

2018-05-15 19:11:05 - [MESSAGE][PASSED] - Attribute 'value' of object '' is: '5000'

2018-05-15 19:11:05 - [TEST_STEP][PASSED] - Statement - Rqty = 10000: null

2018-05-15 19:11:05 - [TEST_STEP][PASSED] - delay: Delayed 2 second(s)

2018-05-15 19:11:07 - [MESSAGE][PASSED] - Delayed 2 second(s)

2018-05-15 19:11:07 - [TEST_STEP][PASSED] - Statement - out.println("BatchQty : " + batchqty): null

2018-05-15 19:11:07 - [TEST_STEP][PASSED] - Statement - out.println("RQty : " + Rqty): null

2018-05-15 19:11:07 - [TEST_STEP][PASSED] - Statement - If (java.lang.Integer.valueOf(batchqty) >= java.lang.Integer.valueOf(Rqty)): null

2018-05-15 19:11:07 - [TEST_STEP][PASSED] - Statement - Else: null

2018-05-15 19:11:07 - [TEST_STEP][PASSED] - Statement - out.println("Batchqty Is Less Than Rqty"): null

2018-05-15 19:11:07 - [TEST_STEP][PASSED] - Statement - product = new com.kms.katalon.core.testobject.TestObject(): null

2018-05-15 19:11:07 - [TEST_STEP][PASSED] - Statement - product = com.kms.katalon.core.webui.keyword.WebUiBuiltInKeywords.modifyObjectProperty(product, "xpath", "equals", "//*[@id = "fldvendor" + row + ""]", true): Modify property of object successfully

2018-05-15 19:11:07 - [MESSAGE][PASSED] - Modify property of object successfully

2018-05-15 19:11:07 - [TEST_STEP][PASSED] - selectOptionByIndex: All options with index in [3] are selected on object ''

2018-05-15 19:11:07 - [MESSAGE][PASSED] - All options with index in [3] are selected on object ''

2018-05-15 19:11:07 - [TEST_STEP][PASSED] - Statement - batch = new com.kms.katalon.core.testobject.TestObject(): null

2018-05-15 19:11:07 - [TEST_STEP][PASSED] - Statement - batch = com.kms.katalon.core.webui.keyword.WebUiBuiltInKeywords.modifyObjectProperty(batch, "xpath", "equals", "//*[@id = "txtbthqty" + row + ""]", true): Modify property of object successfully

2018-05-15 19:11:07 - [MESSAGE][PASSED] - Modify property of object successfully

2018-05-15 19:11:07 - [TEST_STEP][PASSED] - Statement - batchqty = com.kms.katalon.core.webui.keyword.WebUiBuiltInKeywords.getAttribute(batch, "value").trim(): Attribute 'value' of object '' is: '200'

2018-05-15 19:11:07 - [MESSAGE][PASSED] - Attribute 'value' of object '' is: '200'

2018-05-15 19:11:07 - [TEST_STEP][PASSED] - Statement - Rqty = 10000: null

2018-05-15 19:11:07 - [TEST_STEP][PASSED] - delay: Delayed 2 second(s)

2018-05-15 19:11:09 - [MESSAGE][PASSED] - Delayed 2 second(s)

2018-05-15 19:11:09 - [TEST_STEP][PASSED] - Statement - out.println("BatchQty : " + batchqty): null

2018-05-15 19:11:09 - [TEST_STEP][PASSED] - Statement - out.println("RQty : " + Rqty): null

2018-05-15 19:11:09 - [TEST_STEP][PASSED] - Statement - If (java.lang.Integer.valueOf(batchqty) >= java.lang.Integer.valueOf(Rqty)): null

2018-05-15 19:11:09 - [TEST_STEP][PASSED] - Statement - Else: null

2018-05-15 19:11:09 - [TEST_STEP][PASSED] - Statement - out.println("Batchqty Is Less Than Rqty"): null

2018-05-15 19:11:09 - [TEST_STEP][PASSED] - Statement - product = new com.kms.katalon.core.testobject.TestObject(): null

2018-05-15 19:11:09 - [TEST_STEP][PASSED] - Statement - product = com.kms.katalon.core.webui.keyword.WebUiBuiltInKeywords.modifyObjectProperty(product, "xpath", "equals", "//*[@id = "fldvendor" + row + ""]", true): Modify property of object successfully

2018-05-15 19:11:09 - [MESSAGE][PASSED] - Modify property of object successfully

2018-05-15 19:11:09 - [TEST_STEP][PASSED] - selectOptionByIndex: All options with index in [4] are selected on object ''

2018-05-15 19:11:09 - [MESSAGE][PASSED] - All options with index in [4] are selected on object ''

2018-05-15 19:11:09 - [TEST_STEP][PASSED] - Statement - batch = new com.kms.katalon.core.testobject.TestObject(): null

2018-05-15 19:11:09 - [TEST_STEP][PASSED] - Statement - batch = com.kms.katalon.core.webui.keyword.WebUiBuiltInKeywords.modifyObjectProperty(batch, "xpath", "equals", "//*[@id = "txtbthqty" + row + ""]", true): Modify property of object successfully

2018-05-15 19:11:09 - [MESSAGE][PASSED] - Modify property of object successfully

2018-05-15 19:11:09 - [TEST_STEP][PASSED] - Statement - batchqty = com.kms.katalon.core.webui.keyword.WebUiBuiltInKeywords.getAttribute(batch, "value").trim(): Attribute 'value' of object '' is: '200'

2018-05-15 19:11:09 - [MESSAGE][PASSED] - Attribute 'value' of object '' is: '200'

2018-05-15 19:11:09 - [TEST_STEP][PASSED] - Statement - Rqty = 10000: null

2018-05-15 19:11:09 - [TEST_STEP][PASSED] - delay: Delayed 2 second(s)

2018-05-15 19:11:11 - [MESSAGE][PASSED] - Delayed 2 second(s)

2018-05-15 19:11:11 - [TEST_STEP][PASSED] - Statement - out.println("BatchQty : " + batchqty): null

2018-05-15 19:11:11 - [TEST_STEP][PASSED] - Statement - out.println("RQty : " + Rqty): null

2018-05-15 19:11:11 - [TEST_STEP][PASSED] - Statement - If (java.lang.Integer.valueOf(batchqty) >= java.lang.Integer.valueOf(Rqty)): null

2018-05-15 19:11:11 - [TEST_STEP][PASSED] - Statement - Else: null

2018-05-15 19:11:11 - [TEST_STEP][PASSED] - Statement - out.println("Batchqty Is Less Than Rqty"): null

2018-05-15 19:11:11 - [TEST_STEP][PASSED] - Statement - batchlength = new com.kms.katalon.core.testobject.TestObject(): null

2018-05-15 19:11:11 - [TEST_STEP][PASSED] - Statement - batchlength = com.kms.katalon.core.webui.keyword.WebUiBuiltInKeywords.modifyObjectProperty(batchlength, "xpath", "equals", "//*[@id = "fldvendor" + row + ""]", true): Modify property of object successfully

2018-05-15 19:11:11 - [MESSAGE][PASSED] - Modify property of object successfully

2018-05-15 19:11:11 - [TEST_STEP][PASSED] - Statement - batchsize = com.kms.katalon.core.webui.keyword.WebUiBuiltInKeywords.getNumberOfTotalOption(batchlength): 5 options of object '' counted

2018-05-15 19:11:11 - [MESSAGE][PASSED] - 5 options of object '' counted

2018-05-15 19:11:11 - [TEST_STEP][PASSED] - Statement - out.println("BatchSize : " + batchsize): null

2018-05-15 19:11:11 - [TEST_STEP][PASSED] - Statement - For ([n = 1, n <= batchsize - 1, (n++)]): null

2018-05-15 19:11:11 - [TEST_STEP][PASSED] - Statement - product = new com.kms.katalon.core.testobject.TestObject(): null

2018-05-15 19:11:11 - [TEST_STEP][PASSED] - Statement - product = com.kms.katalon.core.webui.keyword.WebUiBuiltInKeywords.modifyObjectProperty(product, "xpath", "equals", "//*[@id = "fldvendor" + row + ""]", true): Modify property of object successfully

2018-05-15 19:11:11 - [MESSAGE][PASSED] - Modify property of object successfully

2018-05-15 19:11:11 - [TEST_STEP][PASSED] - selectOptionByIndex: All options with index in [1] are selected on object ''

2018-05-15 19:11:11 - [MESSAGE][PASSED] - All options with index in [1] are selected on object ''

2018-05-15 19:11:11 - [TEST_STEP][PASSED] - Statement - batch = new com.kms.katalon.core.testobject.TestObject(): null

2018-05-15 19:11:11 - [TEST_STEP][PASSED] - Statement - batch = com.kms.katalon.core.webui.keyword.WebUiBuiltInKeywords.modifyObjectProperty(batch, "xpath", "equals", "//*[@id = "txtbthqty" + row + ""]", true): Modify property of object successfully

2018-05-15 19:11:11 - [MESSAGE][PASSED] - Modify property of object successfully

2018-05-15 19:11:11 - [TEST_STEP][PASSED] - Statement - batchqty = com.kms.katalon.core.webui.keyword.WebUiBuiltInKeywords.getAttribute(batch, "value").trim(): Attribute 'value' of object '' is: '5000'

2018-05-15 19:11:11 - [MESSAGE][PASSED] - Attribute 'value' of object '' is: '5000'

2018-05-15 19:11:11 - [TEST_STEP][PASSED] - Statement - Rqty = 10000: null

2018-05-15 19:11:11 - [TEST_STEP][PASSED] - delay: Delayed 2 second(s)

2018-05-15 19:11:13 - [MESSAGE][PASSED] - Delayed 2 second(s)

2018-05-15 19:11:13 - [TEST_STEP][PASSED] - Statement - out.println("BatchQty : " + batchqty): null

2018-05-15 19:11:13 - [TEST_STEP][PASSED] - Statement - out.println("RQty : " + Rqty): null

2018-05-15 19:11:13 - [TEST_STEP][PASSED] - Statement - If (java.lang.Integer.valueOf(batchqty) >= java.lang.Integer.valueOf(Rqty)): null

2018-05-15 19:11:13 - [TEST_STEP][PASSED] - Statement - Else: null

2018-05-15 19:11:13 - [TEST_STEP][PASSED] - Statement - out.println("Batchqty Is Less Than Rqty"): null

2018-05-15 19:11:13 - [TEST_STEP][PASSED] - Statement - product = new com.kms.katalon.core.testobject.TestObject(): null

2018-05-15 19:11:13 - [TEST_STEP][PASSED] - Statement - product = com.kms.katalon.core.webui.keyword.WebUiBuiltInKeywords.modifyObjectProperty(product, "xpath", "equals", "//*[@id = "fldvendor" + row + ""]", true): Modify property of object successfully

2018-05-15 19:11:13 - [MESSAGE][PASSED] - Modify property of object successfully

2018-05-15 19:11:13 - [TEST_STEP][PASSED] - selectOptionByIndex: All options with index in [2] are selected on object ''

2018-05-15 19:11:14 - [MESSAGE][PASSED] - All options with index in [2] are selected on object ''

2018-05-15 19:11:14 - [TEST_STEP][PASSED] - Statement - batch = new com.kms.katalon.core.testobject.TestObject(): null

2018-05-15 19:11:14 - [TEST_STEP][PASSED] - Statement - batch = com.kms.katalon.core.webui.keyword.WebUiBuiltInKeywords.modifyObjectProperty(batch, "xpath", "equals", "//*[@id = "txtbthqty" + row + ""]", true): Modify property of object successfully

2018-05-15 19:11:14 - [MESSAGE][PASSED] - Modify property of object successfully

2018-05-15 19:11:14 - [TEST_STEP][PASSED] - Statement - batchqty = com.kms.katalon.core.webui.keyword.WebUiBuiltInKeywords.getAttribute(batch, "value").trim(): Attribute 'value' of object '' is: '5000'

2018-05-15 19:11:14 - [MESSAGE][PASSED] - Attribute 'value' of object '' is: '5000'

2018-05-15 19:11:14 - [TEST_STEP][PASSED] - Statement - Rqty = 10000: null

2018-05-15 19:11:14 - [TEST_STEP][PASSED] - delay: Delayed 2 second(s)

2018-05-15 19:11:16 - [MESSAGE][PASSED] - Delayed 2 second(s)

2018-05-15 19:11:16 - [TEST_STEP][PASSED] - Statement - out.println("BatchQty : " + batchqty): null

2018-05-15 19:11:16 - [TEST_STEP][PASSED] - Statement - out.println("RQty : " + Rqty): null

2018-05-15 19:11:16 - [TEST_STEP][PASSED] - Statement - If (java.lang.Integer.valueOf(batchqty) >= java.lang.Integer.valueOf(Rqty)): null

2018-05-15 19:11:16 - [TEST_STEP][PASSED] - Statement - Else: null

2018-05-15 19:11:16 - [TEST_STEP][PASSED] - Statement - out.println("Batchqty Is Less Than Rqty"): null

2018-05-15 19:11:16 - [TEST_STEP][PASSED] - Statement - product = new com.kms.katalon.core.testobject.TestObject(): null

2018-05-15 19:11:16 - [TEST_STEP][PASSED] - Statement - product = com.kms.katalon.core.webui.keyword.WebUiBuiltInKeywords.modifyObjectProperty(product, "xpath", "equals", "//*[@id = "fldvendor" + row + ""]", true): Modify property of object successfully

2018-05-15 19:11:16 - [MESSAGE][PASSED] - Modify property of object successfully

2018-05-15 19:11:16 - [TEST_STEP][PASSED] - selectOptionByIndex: All options with index in [3] are selected on object ''

2018-05-15 19:11:16 - [MESSAGE][PASSED] - All options with index in [3] are selected on object ''

2018-05-15 19:11:16 - [TEST_STEP][PASSED] - Statement - batch = new com.kms.katalon.core.testobject.TestObject(): null

2018-05-15 19:11:16 - [TEST_STEP][PASSED] - Statement - batch = com.kms.katalon.core.webui.keyword.WebUiBuiltInKeywords.modifyObjectProperty(batch, "xpath", "equals", "//*[@id = "txtbthqty" + row + ""]", true): Modify property of object successfully

2018-05-15 19:11:16 - [MESSAGE][PASSED] - Modify property of object successfully

2018-05-15 19:11:16 - [TEST_STEP][PASSED] - Statement - batchqty = com.kms.katalon.core.webui.keyword.WebUiBuiltInKeywords.getAttribute(batch, "value").trim(): Attribute 'value' of object '' is: '200'

2018-05-15 19:11:16 - [MESSAGE][PASSED] - Attribute 'value' of object '' is: '200'

2018-05-15 19:11:16 - [TEST_STEP][PASSED] - Statement - Rqty = 10000: null

2018-05-15 19:11:16 - [TEST_STEP][PASSED] - delay: Delayed 2 second(s)

2018-05-15 19:11:18 - [MESSAGE][PASSED] - Delayed 2 second(s)

2018-05-15 19:11:18 - [TEST_STEP][PASSED] - Statement - out.println("BatchQty : " + batchqty): null

2018-05-15 19:11:18 - [TEST_STEP][PASSED] - Statement - out.println("RQty : " + Rqty): null

2018-05-15 19:11:18 - [TEST_STEP][PASSED] - Statement - If (java.lang.Integer.valueOf(batchqty) >= java.lang.Integer.valueOf(Rqty)): null

2018-05-15 19:11:18 - [TEST_STEP][PASSED] - Statement - Else: null

2018-05-15 19:11:18 - [TEST_STEP][PASSED] - Statement - out.println("Batchqty Is Less Than Rqty"): null

2018-05-15 19:11:18 - [TEST_STEP][PASSED] - Statement - product = new com.kms.katalon.core.testobject.TestObject(): null

2018-05-15 19:11:18 - [TEST_STEP][PASSED] - Statement - product = com.kms.katalon.core.webui.keyword.WebUiBuiltInKeywords.modifyObjectProperty(product, "xpath", "equals", "//*[@id = "fldvendor" + row + ""]", true): Modify property of object successfully

2018-05-15 19:11:18 - [MESSAGE][PASSED] - Modify property of object successfully

2018-05-15 19:11:18 - [TEST_STEP][PASSED] - selectOptionByIndex: All options with index in [4] are selected on object ''

2018-05-15 19:11:18 - [MESSAGE][PASSED] - All options with index in [4] are selected on object ''

2018-05-15 19:11:18 - [TEST_STEP][PASSED] - Statement - batch = new com.kms.katalon.core.testobject.TestObject(): null

2018-05-15 19:11:18 - [TEST_STEP][PASSED] - Statement - batch = com.kms.katalon.core.webui.keyword.WebUiBuiltInKeywords.modifyObjectProperty(batch, "xpath", "equals", "//*[@id = "txtbthqty" + row + ""]", true): Modify property of object successfully

2018-05-15 19:11:18 - [MESSAGE][PASSED] - Modify property of object successfully

2018-05-15 19:11:18 - [TEST_STEP][PASSED] - Statement - batchqty = com.kms.katalon.core.webui.keyword.WebUiBuiltInKeywords.getAttribute(batch, "value").trim(): Attribute 'value' of object '' is: '200'

2018-05-15 19:11:18 - [MESSAGE][PASSED] - Attribute 'value' of object '' is: '200'

2018-05-15 19:11:18 - [TEST_STEP][PASSED] - Statement - Rqty = 10000: null

2018-05-15 19:11:18 - [TEST_STEP][PASSED] - delay: Delayed 2 second(s)

2018-05-15 19:11:20 - [MESSAGE][PASSED] - Delayed 2 second(s)

2018-05-15 19:11:20 - [TEST_STEP][PASSED] - Statement - out.println("BatchQty : " + batchqty): null

2018-05-15 19:11:20 - [TEST_STEP][PASSED] - Statement - out.println("RQty : " + Rqty): null

2018-05-15 19:11:20 - [TEST_STEP][PASSED] - Statement - If (java.lang.Integer.valueOf(batchqty) >= java.lang.Integer.valueOf(Rqty)): null

2018-05-15 19:11:20 - [TEST_STEP][PASSED] - Statement - Else: null

2018-05-15 19:11:20 - [TEST_STEP][PASSED] - Statement - out.println("Batchqty Is Less Than Rqty"): null

2018-05-15 19:11:20 - [TEST_STEP][PASSED] - Statement - batchlength = new com.kms.katalon.core.testobject.TestObject(): null

2018-05-15 19:11:20 - [TEST_STEP][PASSED] - Statement - batchlength = com.kms.katalon.core.webui.keyword.WebUiBuiltInKeywords.modifyObjectProperty(batchlength, "xpath", "equals", "//*[@id = "fldvendor" + row + ""]", true): Modify property of object successfully

2018-05-15 19:11:20 - [MESSAGE][PASSED] - Modify property of object successfully

2018-05-15 19:11:20 - [TEST_STEP][PASSED] - Statement - batchsize = com.kms.katalon.core.webui.keyword.WebUiBuiltInKeywords.getNumberOfTotalOption(batchlength): 5 options of object '' counted

2018-05-15 19:11:20 - [MESSAGE][PASSED] - 5 options of object '' counted

2018-05-15 19:11:20 - [TEST_STEP][PASSED] - Statement - out.println("BatchSize : " + batchsize): null

2018-05-15 19:11:20 - [TEST_STEP][PASSED] - Statement - For ([n = 1, n <= batchsize - 1, (n++)]): null

2018-05-15 19:11:20 - [TEST_STEP][PASSED] - Statement - product = new com.kms.katalon.core.testobject.TestObject(): null

2018-05-15 19:11:20 - [TEST_STEP][PASSED] - Statement - product = com.kms.katalon.core.webui.keyword.WebUiBuiltInKeywords.modifyObjectProperty(product, "xpath", "equals", "//*[@id = "fldvendor" + row + ""]", true): Modify property of object successfully

2018-05-15 19:11:20 - [MESSAGE][PASSED] - Modify property of object successfully

2018-05-15 19:11:20 - [TEST_STEP][PASSED] - selectOptionByIndex: All options with index in [1] are selected on object ''

2018-05-15 19:11:20 - [MESSAGE][PASSED] - All options with index in [1] are selected on object ''

2018-05-15 19:11:20 - [TEST_STEP][PASSED] - Statement - batch = new com.kms.katalon.core.testobject.TestObject(): null

2018-05-15 19:11:20 - [TEST_STEP][PASSED] - Statement - batch = com.kms.katalon.core.webui.keyword.WebUiBuiltInKeywords.modifyObjectProperty(batch, "xpath", "equals", "//*[@id = "txtbthqty" + row + ""]", true): Modify property of object successfully

2018-05-15 19:11:20 - [MESSAGE][PASSED] - Modify property of object successfully

2018-05-15 19:11:20 - [TEST_STEP][PASSED] - Statement - batchqty = com.kms.katalon.core.webui.keyword.WebUiBuiltInKeywords.getAttribute(batch, "value").trim(): Attribute 'value' of object '' is: '5000'

2018-05-15 19:11:20 - [MESSAGE][PASSED] - Attribute 'value' of object '' is: '5000'

2018-05-15 19:11:20 - [TEST_STEP][PASSED] - Statement - Rqty = 10000: null

2018-05-15 19:11:20 - [TEST_STEP][PASSED] - delay: Delayed 2 second(s)

2018-05-15 19:11:22 - [MESSAGE][PASSED] - Delayed 2 second(s)

2018-05-15 19:11:22 - [TEST_STEP][PASSED] - Statement - out.println("BatchQty : " + batchqty): null

2018-05-15 19:11:22 - [TEST_STEP][PASSED] - Statement - out.println("RQty : " + Rqty): null

2018-05-15 19:11:22 - [TEST_STEP][PASSED] - Statement - If (java.lang.Integer.valueOf(batchqty) >= java.lang.Integer.valueOf(Rqty)): null

2018-05-15 19:11:22 - [TEST_STEP][PASSED] - Statement - Else: null

2018-05-15 19:11:22 - [TEST_STEP][PASSED] - Statement - out.println("Batchqty Is Less Than Rqty"): null

2018-05-15 19:11:22 - [TEST_STEP][PASSED] - Statement - product = new com.kms.katalon.core.testobject.TestObject(): null

2018-05-15 19:11:22 - [TEST_STEP][PASSED] - Statement - product = com.kms.katalon.core.webui.keyword.WebUiBuiltInKeywords.modifyObjectProperty(product, "xpath", "equals", "//*[@id = "fldvendor" + row + ""]", true): Modify property of object successfully

2018-05-15 19:11:22 - [MESSAGE][PASSED] - Modify property of object successfully

2018-05-15 19:11:22 - [TEST_STEP][PASSED] - selectOptionByIndex: All options with index in [2] are selected on object ''

2018-05-15 19:11:22 - [MESSAGE][PASSED] - All options with index in [2] are selected on object ''

2018-05-15 19:11:22 - [TEST_STEP][PASSED] - Statement - batch = new com.kms.katalon.core.testobject.TestObject(): null

2018-05-15 19:11:22 - [TEST_STEP][PASSED] - Statement - batch = com.kms.katalon.core.webui.keyword.WebUiBuiltInKeywords.modifyObjectProperty(batch, "xpath", "equals", "//*[@id = "txtbthqty" + row + ""]", true): Modify property of object successfully

2018-05-15 19:11:22 - [MESSAGE][PASSED] - Modify property of object successfully

2018-05-15 19:11:22 - [TEST_STEP][PASSED] - Statement - batchqty = com.kms.katalon.core.webui.keyword.WebUiBuiltInKeywords.getAttribute(batch, "value").trim(): Attribute 'value' of object '' is: '200'

2018-05-15 19:11:23 - [MESSAGE][PASSED] - Attribute 'value' of object '' is: '200'

2018-05-15 19:11:23 - [TEST_STEP][PASSED] - Statement - Rqty = 10000: null

2018-05-15 19:11:23 - [TEST_STEP][PASSED] - delay: Delayed 2 second(s)

2018-05-15 19:11:25 - [MESSAGE][PASSED] - Delayed 2 second(s)

2018-05-15 19:11:25 - [TEST_STEP][PASSED] - Statement - out.println("BatchQty : " + batchqty): null

2018-05-15 19:11:25 - [TEST_STEP][PASSED] - Statement - out.println("RQty : " + Rqty): null

2018-05-15 19:11:25 - [TEST_STEP][PASSED] - Statement - If (java.lang.Integer.valueOf(batchqty) >= java.lang.Integer.valueOf(Rqty)): null

2018-05-15 19:11:25 - [TEST_STEP][PASSED] - Statement - Else: null

2018-05-15 19:11:25 - [TEST_STEP][PASSED] - Statement - out.println("Batchqty Is Less Than Rqty"): null

2018-05-15 19:11:25 - [TEST_STEP][PASSED] - Statement - product = new com.kms.katalon.core.testobject.TestObject(): null

2018-05-15 19:11:25 - [TEST_STEP][PASSED] - Statement - product = com.kms.katalon.core.webui.keyword.WebUiBuiltInKeywords.modifyObjectProperty(product, "xpath", "equals", "//*[@id = "fldvendor" + row + ""]", true): Modify property of object successfully

2018-05-15 19:11:25 - [MESSAGE][PASSED] - Modify property of object successfully

2018-05-15 19:11:25 - [TEST_STEP][PASSED] - selectOptionByIndex: All options with index in [3] are selected on object ''

2018-05-15 19:11:25 - [MESSAGE][PASSED] - All options with index in [3] are selected on object ''

2018-05-15 19:11:25 - [TEST_STEP][PASSED] - Statement - batch = new com.kms.katalon.core.testobject.TestObject(): null

2018-05-15 19:11:25 - [TEST_STEP][PASSED] - Statement - batch = com.kms.katalon.core.webui.keyword.WebUiBuiltInKeywords.modifyObjectProperty(batch, "xpath", "equals", "//*[@id = "txtbthqty" + row + ""]", true): Modify property of object successfully

2018-05-15 19:11:25 - [MESSAGE][PASSED] - Modify property of object successfully

2018-05-15 19:11:25 - [TEST_STEP][PASSED] - Statement - batchqty = com.kms.katalon.core.webui.keyword.WebUiBuiltInKeywords.getAttribute(batch, "value").trim(): Attribute 'value' of object '' is: '200'

2018-05-15 19:11:25 - [MESSAGE][PASSED] - Attribute 'value' of object '' is: '200'

2018-05-15 19:11:25 - [TEST_STEP][PASSED] - Statement - Rqty = 10000: null

2018-05-15 19:11:25 - [TEST_STEP][PASSED] - delay: Delayed 2 second(s)

2018-05-15 19:11:27 - [MESSAGE][PASSED] - Delayed 2 second(s)

2018-05-15 19:11:27 - [TEST_STEP][PASSED] - Statement - out.println("BatchQty : " + batchqty): null

2018-05-15 19:11:27 - [TEST_STEP][PASSED] - Statement - out.println("RQty : " + Rqty): null

2018-05-15 19:11:27 - [TEST_STEP][PASSED] - Statement - If (java.lang.Integer.valueOf(batchqty) >= java.lang.Integer.valueOf(Rqty)): null

2018-05-15 19:11:27 - [TEST_STEP][PASSED] - Statement - Else: null

2018-05-15 19:11:27 - [TEST_STEP][PASSED] - Statement - out.println("Batchqty Is Less Than Rqty"): null

2018-05-15 19:11:27 - [TEST_STEP][PASSED] - Statement - product = new com.kms.katalon.core.testobject.TestObject(): null

2018-05-15 19:11:27 - [TEST_STEP][PASSED] - Statement - product = com.kms.katalon.core.webui.keyword.WebUiBuiltInKeywords.modifyObjectProperty(product, "xpath", "equals", "//*[@id = "fldvendor" + row + ""]", true): Modify property of object successfully

2018-05-15 19:11:27 - [MESSAGE][PASSED] - Modify property of object successfully

2018-05-15 19:11:27 - [TEST_STEP][PASSED] - selectOptionByIndex: All options with index in [4] are selected on object ''

2018-05-15 19:11:27 - [MESSAGE][PASSED] - All options with index in [4] are selected on object ''

2018-05-15 19:11:27 - [TEST_STEP][PASSED] - Statement - batch = new com.kms.katalon.core.testobject.TestObject(): null

2018-05-15 19:11:27 - [TEST_STEP][PASSED] - Statement - batch = com.kms.katalon.core.webui.keyword.WebUiBuiltInKeywords.modifyObjectProperty(batch, "xpath", "equals", "//*[@id = "txtbthqty" + row + ""]", true): Modify property of object successfully

2018-05-15 19:11:27 - [MESSAGE][PASSED] - Modify property of object successfully

2018-05-15 19:11:27 - [TEST_STEP][PASSED] - Statement - batchqty = com.kms.katalon.core.webui.keyword.WebUiBuiltInKeywords.getAttribute(batch, "value").trim(): Attribute 'value' of object '' is: '5000'

2018-05-15 19:11:27 - [MESSAGE][PASSED] - Attribute 'value' of object '' is: '5000'

2018-05-15 19:11:27 - [TEST_STEP][PASSED] - Statement - Rqty = 10000: null

2018-05-15 19:11:27 - [TEST_STEP][PASSED] - delay: Delayed 2 second(s)

2018-05-15 19:11:29 - [MESSAGE][PASSED] - Delayed 2 second(s)

2018-05-15 19:11:29 - [TEST_STEP][PASSED] - Statement - out.println("BatchQty : " + batchqty): null

2018-05-15 19:11:29 - [TEST_STEP][PASSED] - Statement - out.println("RQty : " + Rqty): null

2018-05-15 19:11:29 - [TEST_STEP][PASSED] - Statement - If (java.lang.Integer.valueOf(batchqty) >= java.lang.Integer.valueOf(Rqty)): null

2018-05-15 19:11:29 - [TEST_STEP][PASSED] - Statement - Else: null

2018-05-15 19:11:29 - [TEST_STEP][PASSED] - Statement - out.println("Batchqty Is Less Than Rqty"): null

2018-05-15 19:11:29 - [TEST_STEP][PASSED] - Statement - batchlength = new com.kms.katalon.core.testobject.TestObject(): null

2018-05-15 19:11:29 - [TEST_STEP][PASSED] - Statement - batchlength = com.kms.katalon.core.webui.keyword.WebUiBuiltInKeywords.modifyObjectProperty(batchlength, "xpath", "equals", "//*[@id = "fldvendor" + row + ""]", true): Modify property of object successfully

2018-05-15 19:11:29 - [MESSAGE][PASSED] - Modify property of object successfully

2018-05-15 19:11:29 - [TEST_STEP][PASSED] - Statement - batchsize = com.kms.katalon.core.webui.keyword.WebUiBuiltInKeywords.getNumberOfTotalOption(batchlength): 5 options of object '' counted

2018-05-15 19:11:29 - [MESSAGE][PASSED] - 5 options of object '' counted

2018-05-15 19:11:29 - [TEST_STEP][PASSED] - Statement - out.println("BatchSize : " + batchsize): null

2018-05-15 19:11:29 - [TEST_STEP][PASSED] - Statement - For ([n = 1, n <= batchsize - 1, (n++)]): null

2018-05-15 19:11:29 - [TEST_STEP][PASSED] - Statement - product = new com.kms.katalon.core.testobject.TestObject(): null

2018-05-15 19:11:29 - [TEST_STEP][PASSED] - Statement - product = com.kms.katalon.core.webui.keyword.WebUiBuiltInKeywords.modifyObjectProperty(product, "xpath", "equals", "//*[@id = "fldvendor" + row + ""]", true): Modify property of object successfully

2018-05-15 19:11:29 - [MESSAGE][PASSED] - Modify property of object successfully

2018-05-15 19:11:29 - [TEST_STEP][PASSED] - selectOptionByIndex: All options with index in [1] are selected on object ''

2018-05-15 19:11:29 - [MESSAGE][PASSED] - All options with index in [1] are selected on object ''

2018-05-15 19:11:29 - [TEST_STEP][PASSED] - Statement - batch = new com.kms.katalon.core.testobject.TestObject(): null

2018-05-15 19:11:29 - [TEST_STEP][PASSED] - Statement - batch = com.kms.katalon.core.webui.keyword.WebUiBuiltInKeywords.modifyObjectProperty(batch, "xpath", "equals", "//*[@id = "txtbthqty" + row + ""]", true): Modify property of object successfully

2018-05-15 19:11:29 - [MESSAGE][PASSED] - Modify property of object successfully

2018-05-15 19:11:29 - [TEST_STEP][PASSED] - Statement - batchqty = com.kms.katalon.core.webui.keyword.WebUiBuiltInKeywords.getAttribute(batch, "value").trim(): Attribute 'value' of object '' is: '5000'

2018-05-15 19:11:29 - [MESSAGE][PASSED] - Attribute 'value' of object '' is: '5000'

2018-05-15 19:11:29 - [TEST_STEP][PASSED] - Statement - Rqty = 10000: null

2018-05-15 19:11:29 - [TEST_STEP][PASSED] - delay: Delayed 2 second(s)

2018-05-15 19:11:31 - [MESSAGE][PASSED] - Delayed 2 second(s)

2018-05-15 19:11:31 - [TEST_STEP][PASSED] - Statement - out.println("BatchQty : " + batchqty): null

2018-05-15 19:11:31 - [TEST_STEP][PASSED] - Statement - out.println("RQty : " + Rqty): null

2018-05-15 19:11:31 - [TEST_STEP][PASSED] - Statement - If (java.lang.Integer.valueOf(batchqty) >= java.lang.Integer.valueOf(Rqty)): null

2018-05-15 19:11:31 - [TEST_STEP][PASSED] - Statement - Else: null

2018-05-15 19:11:31 - [TEST_STEP][PASSED] - Statement - out.println("Batchqty Is Less Than Rqty"): null

2018-05-15 19:11:31 - [TEST_STEP][PASSED] - Statement - product = new com.kms.katalon.core.testobject.TestObject(): null

2018-05-15 19:11:31 - [TEST_STEP][PASSED] - Statement - product = com.kms.katalon.core.webui.keyword.WebUiBuiltInKeywords.modifyObjectProperty(product, "xpath", "equals", "//*[@id = "fldvendor" + row + ""]", true): Modify property of object successfully

2018-05-15 19:11:31 - [MESSAGE][PASSED] - Modify property of object successfully

2018-05-15 19:11:31 - [TEST_STEP][PASSED] - selectOptionByIndex: All options with index in [2] are selected on object ''

2018-05-15 19:11:31 - [MESSAGE][PASSED] - All options with index in [2] are selected on object ''

2018-05-15 19:11:31 - [TEST_STEP][PASSED] - Statement - batch = new com.kms.katalon.core.testobject.TestObject(): null

2018-05-15 19:11:31 - [TEST_STEP][PASSED] - Statement - batch = com.kms.katalon.core.webui.keyword.WebUiBuiltInKeywords.modifyObjectProperty(batch, "xpath", "equals", "//*[@id = "txtbthqty" + row + ""]", true): Modify property of object successfully

2018-05-15 19:11:31 - [MESSAGE][PASSED] - Modify property of object successfully

2018-05-15 19:11:31 - [TEST_STEP][PASSED] - Statement - batchqty = com.kms.katalon.core.webui.keyword.WebUiBuiltInKeywords.getAttribute(batch, "value").trim(): Attribute 'value' of object '' is: '200'

2018-05-15 19:11:31 - [MESSAGE][PASSED] - Attribute 'value' of object '' is: '200'

2018-05-15 19:11:31 - [TEST_STEP][PASSED] - Statement - Rqty = 10000: null

2018-05-15 19:11:31 - [TEST_STEP][PASSED] - delay: Delayed 2 second(s)

2018-05-15 19:11:33 - [MESSAGE][PASSED] - Delayed 2 second(s)

2018-05-15 19:11:33 - [TEST_STEP][PASSED] - Statement - out.println("BatchQty : " + batchqty): null

2018-05-15 19:11:33 - [TEST_STEP][PASSED] - Statement - out.println("RQty : " + Rqty): null

2018-05-15 19:11:33 - [TEST_STEP][PASSED] - Statement - If (java.lang.Integer.valueOf(batchqty) >= java.lang.Integer.valueOf(Rqty)): null

2018-05-15 19:11:33 - [TEST_STEP][PASSED] - Statement - Else: null

2018-05-15 19:11:33 - [TEST_STEP][PASSED] - Statement - out.println("Batchqty Is Less Than Rqty"): null

2018-05-15 19:11:33 - [TEST_STEP][PASSED] - Statement - product = new com.kms.katalon.core.testobject.TestObject(): null

2018-05-15 19:11:33 - [TEST_STEP][PASSED] - Statement - product = com.kms.katalon.core.webui.keyword.WebUiBuiltInKeywords.modifyObjectProperty(product, "xpath", "equals", "//*[@id = "fldvendor" + row + ""]", true): Modify property of object successfully

2018-05-15 19:11:33 - [MESSAGE][PASSED] - Modify property of object successfully

2018-05-15 19:11:33 - [TEST_STEP][PASSED] - selectOptionByIndex: All options with index in [3] are selected on object ''

2018-05-15 19:11:34 - [MESSAGE][PASSED] - All options with index in [3] are selected on object ''

2018-05-15 19:11:34 - [TEST_STEP][PASSED] - Statement - batch = new com.kms.katalon.core.testobject.TestObject(): null

2018-05-15 19:11:34 - [TEST_STEP][PASSED] - Statement - batch = com.kms.katalon.core.webui.keyword.WebUiBuiltInKeywords.modifyObjectProperty(batch, "xpath", "equals", "//*[@id = "txtbthqty" + row + ""]", true): Modify property of object successfully

2018-05-15 19:11:34 - [MESSAGE][PASSED] - Modify property of object successfully

2018-05-15 19:11:34 - [TEST_STEP][PASSED] - Statement - batchqty = com.kms.katalon.core.webui.keyword.WebUiBuiltInKeywords.getAttribute(batch, "value").trim(): Attribute 'value' of object '' is: '200'

2018-05-15 19:11:34 - [MESSAGE][PASSED] - Attribute 'value' of object '' is: '200'

2018-05-15 19:11:34 - [TEST_STEP][PASSED] - Statement - Rqty = 10000: null

2018-05-15 19:11:34 - [TEST_STEP][PASSED] - delay: Delayed 2 second(s)

2018-05-15 19:11:36 - [MESSAGE][PASSED] - Delayed 2 second(s)

2018-05-15 19:11:36 - [TEST_STEP][PASSED] - Statement - out.println("BatchQty : " + batchqty): null

2018-05-15 19:11:36 - [TEST_STEP][PASSED] - Statement - out.println("RQty : " + Rqty): null

2018-05-15 19:11:36 - [TEST_STEP][PASSED] - Statement - If (java.lang.Integer.valueOf(batchqty) >= java.lang.Integer.valueOf(Rqty)): null

2018-05-15 19:11:36 - [TEST_STEP][PASSED] - Statement - Else: null

2018-05-15 19:11:36 - [TEST_STEP][PASSED] - Statement - out.println("Batchqty Is Less Than Rqty"): null

2018-05-15 19:11:36 - [TEST_STEP][PASSED] - Statement - product = new com.kms.katalon.core.testobject.TestObject(): null

2018-05-15 19:11:36 - [TEST_STEP][PASSED] - Statement - product = com.kms.katalon.core.webui.keyword.WebUiBuiltInKeywords.modifyObjectProperty(product, "xpath", "equals", "//*[@id = "fldvendor" + row + ""]", true): Modify property of object successfully

2018-05-15 19:11:36 - [MESSAGE][PASSED] - Modify property of object successfully

2018-05-15 19:11:36 - [TEST_STEP][PASSED] - selectOptionByIndex: All options with index in [4] are selected on object ''

2018-05-15 19:11:36 - [MESSAGE][PASSED] - All options with index in [4] are selected on object ''

2018-05-15 19:11:36 - [TEST_STEP][PASSED] - Statement - batch = new com.kms.katalon.core.testobject.TestObject(): null

2018-05-15 19:11:36 - [TEST_STEP][PASSED] - Statement - batch = com.kms.katalon.core.webui.keyword.WebUiBuiltInKeywords.modifyObjectProperty(batch, "xpath", "equals", "//*[@id = "txtbthqty" + row + ""]", true): Modify property of object successfully

2018-05-15 19:11:36 - [MESSAGE][PASSED] - Modify property of object successfully

2018-05-15 19:11:36 - [TEST_STEP][PASSED] - Statement - batchqty = com.kms.katalon.core.webui.keyword.WebUiBuiltInKeywords.getAttribute(batch, "value").trim(): Attribute 'value' of object '' is: '5000'

2018-05-15 19:11:36 - [MESSAGE][PASSED] - Attribute 'value' of object '' is: '5000'

2018-05-15 19:11:36 - [TEST_STEP][PASSED] - Statement - Rqty = 10000: null

2018-05-15 19:11:36 - [TEST_STEP][PASSED] - delay: Delayed 2 second(s)

2018-05-15 19:11:38 - [MESSAGE][PASSED] - Delayed 2 second(s)

2018-05-15 19:11:38 - [TEST_STEP][PASSED] - Statement - out.println("BatchQty : " + batchqty): null

2018-05-15 19:11:38 - [TEST_STEP][PASSED] - Statement - out.println("RQty : " + Rqty): null

2018-05-15 19:11:38 - [TEST_STEP][PASSED] - Statement - If (java.lang.Integer.valueOf(batchqty) >= java.lang.Integer.valueOf(Rqty)): null

2018-05-15 19:11:38 - [TEST_STEP][PASSED] - Statement - Else: null

2018-05-15 19:11:38 - [TEST_STEP][PASSED] - Statement - out.println("Batchqty Is Less Than Rqty"): null

2018-05-15 19:11:38 - [TEST_STEP][PASSED] - Statement - batchlength = new com.kms.katalon.core.testobject.TestObject(): null

2018-05-15 19:11:38 - [TEST_STEP][PASSED] - Statement - batchlength = com.kms.katalon.core.webui.keyword.WebUiBuiltInKeywords.modifyObjectProperty(batchlength, "xpath", "equals", "//*[@id = "fldvendor" + row + ""]", true): Modify property of object successfully

2018-05-15 19:11:38 - [MESSAGE][PASSED] - Modify property of object successfully

2018-05-15 19:11:38 - [TEST_STEP][PASSED] - Statement - batchsize = com.kms.katalon.core.webui.keyword.WebUiBuiltInKeywords.getNumberOfTotalOption(batchlength): 5 options of object '' counted

2018-05-15 19:11:38 - [MESSAGE][PASSED] - 5 options of object '' counted

2018-05-15 19:11:38 - [TEST_STEP][PASSED] - Statement - out.println("BatchSize : " + batchsize): null

2018-05-15 19:11:38 - [TEST_STEP][PASSED] - Statement - For ([n = 1, n <= batchsize - 1, (n++)]): null

2018-05-15 19:11:38 - [TEST_STEP][PASSED] - Statement - product = new com.kms.katalon.core.testobject.TestObject(): null

2018-05-15 19:11:38 - [TEST_STEP][PASSED] - Statement - product = com.kms.katalon.core.webui.keyword.WebUiBuiltInKeywords.modifyObjectProperty(product, "xpath", "equals", "//*[@id = "fldvendor" + row + ""]", true): Modify property of object successfully

2018-05-15 19:11:38 - [MESSAGE][PASSED] - Modify property of object successfully

2018-05-15 19:11:38 - [TEST_STEP][PASSED] - selectOptionByIndex: All options with index in [1] are selected on object ''

2018-05-15 19:11:38 - [MESSAGE][PASSED] - All options with index in [1] are selected on object ''

2018-05-15 19:11:38 - [TEST_STEP][PASSED] - Statement - batch = new com.kms.katalon.core.testobject.TestObject(): null

2018-05-15 19:11:38 - [TEST_STEP][PASSED] - Statement - batch = com.kms.katalon.core.webui.keyword.WebUiBuiltInKeywords.modifyObjectProperty(batch, "xpath", "equals", "//*[@id = "txtbthqty" + row + ""]", true): Modify property of object successfully

2018-05-15 19:11:38 - [MESSAGE][PASSED] - Modify property of object successfully

2018-05-15 19:11:38 - [TEST_STEP][PASSED] - Statement - batchqty = com.kms.katalon.core.webui.keyword.WebUiBuiltInKeywords.getAttribute(batch, "value").trim(): Attribute 'value' of object '' is: '200'

2018-05-15 19:11:38 - [MESSAGE][PASSED] - Attribute 'value' of object '' is: '200'

2018-05-15 19:11:38 - [TEST_STEP][PASSED] - Statement - Rqty = 10000: null

2018-05-15 19:11:38 - [TEST_STEP][PASSED] - delay: Delayed 2 second(s)

2018-05-15 19:11:40 - [MESSAGE][PASSED] - Delayed 2 second(s)

2018-05-15 19:11:40 - [TEST_STEP][PASSED] - Statement - out.println("BatchQty : " + batchqty): null

2018-05-15 19:11:40 - [TEST_STEP][PASSED] - Statement - out.println("RQty : " + Rqty): null

2018-05-15 19:11:40 - [TEST_STEP][PASSED] - Statement - If (java.lang.Integer.valueOf(batchqty) >= java.lang.Integer.valueOf(Rqty)): null

2018-05-15 19:11:40 - [TEST_STEP][PASSED] - Statement - Else: null

2018-05-15 19:11:40 - [TEST_STEP][PASSED] - Statement - out.println("Batchqty Is Less Than Rqty"): null

2018-05-15 19:11:40 - [TEST_STEP][PASSED] - Statement - product = new com.kms.katalon.core.testobject.TestObject(): null

2018-05-15 19:11:40 - [TEST_STEP][PASSED] - Statement - product = com.kms.katalon.core.webui.keyword.WebUiBuiltInKeywords.modifyObjectProperty(product, "xpath", "equals", "//*[@id = "fldvendor" + row + ""]", true): Modify property of object successfully

2018-05-15 19:11:40 - [MESSAGE][PASSED] - Modify property of object successfully

2018-05-15 19:11:40 - [TEST_STEP][PASSED] - selectOptionByIndex: All options with index in [2] are selected on object ''

2018-05-15 19:11:40 - [MESSAGE][PASSED] - All options with index in [2] are selected on object ''

2018-05-15 19:11:40 - [TEST_STEP][PASSED] - Statement - batch = new com.kms.katalon.core.testobject.TestObject(): null

2018-05-15 19:11:40 - [TEST_STEP][PASSED] - Statement - batch = com.kms.katalon.core.webui.keyword.WebUiBuiltInKeywords.modifyObjectProperty(batch, "xpath", "equals", "//*[@id = "txtbthqty" + row + ""]", true): Modify property of object successfully

2018-05-15 19:11:40 - [MESSAGE][PASSED] - Modify property of object successfully

2018-05-15 19:11:40 - [TEST_STEP][PASSED] - Statement - batchqty = com.kms.katalon.core.webui.keyword.WebUiBuiltInKeywords.getAttribute(batch, "value").trim(): Attribute 'value' of object '' is: '5000'

2018-05-15 19:11:40 - [MESSAGE][PASSED] - Attribute 'value' of object '' is: '5000'

2018-05-15 19:11:40 - [TEST_STEP][PASSED] - Statement - Rqty = 10000: null

2018-05-15 19:11:40 - [TEST_STEP][PASSED] - delay: Delayed 2 second(s)

2018-05-15 19:11:42 - [MESSAGE][PASSED] - Delayed 2 second(s)

2018-05-15 19:11:42 - [TEST_STEP][PASSED] - Statement - out.println("BatchQty : " + batchqty): null

2018-05-15 19:11:42 - [TEST_STEP][PASSED] - Statement - out.println("RQty : " + Rqty): null

2018-05-15 19:11:42 - [TEST_STEP][PASSED] - Statement - If (java.lang.Integer.valueOf(batchqty) >= java.lang.Integer.valueOf(Rqty)): null

2018-05-15 19:11:42 - [TEST_STEP][PASSED] - Statement - Else: null

2018-05-15 19:11:42 - [TEST_STEP][PASSED] - Statement - out.println("Batchqty Is Less Than Rqty"): null

2018-05-15 19:11:42 - [TEST_STEP][PASSED] - Statement - product = new com.kms.katalon.core.testobject.TestObject(): null

2018-05-15 19:11:42 - [TEST_STEP][PASSED] - Statement - product = com.kms.katalon.core.webui.keyword.WebUiBuiltInKeywords.modifyObjectProperty(product, "xpath", "equals", "//*[@id = "fldvendor" + row + ""]", true): Modify property of object successfully

2018-05-15 19:11:42 - [MESSAGE][PASSED] - Modify property of object successfully

2018-05-15 19:11:42 - [TEST_STEP][PASSED] - selectOptionByIndex: All options with index in [3] are selected on object ''

2018-05-15 19:11:43 - [MESSAGE][PASSED] - All options with index in [3] are selected on object ''

2018-05-15 19:11:43 - [TEST_STEP][PASSED] - Statement - batch = new com.kms.katalon.core.testobject.TestObject(): null

2018-05-15 19:11:43 - [TEST_STEP][PASSED] - Statement - batch = com.kms.katalon.core.webui.keyword.WebUiBuiltInKeywords.modifyObjectProperty(batch, "xpath", "equals", "//*[@id = "txtbthqty" + row + ""]", true): Modify property of object successfully

2018-05-15 19:11:43 - [MESSAGE][PASSED] - Modify property of object successfully

2018-05-15 19:11:43 - [TEST_STEP][PASSED] - Statement - batchqty = com.kms.katalon.core.webui.keyword.WebUiBuiltInKeywords.getAttribute(batch, "value").trim(): Attribute 'value' of object '' is: '5000'

2018-05-15 19:11:43 - [MESSAGE][PASSED] - Attribute 'value' of object '' is: '5000'

2018-05-15 19:11:43 - [TEST_STEP][PASSED] - Statement - Rqty = 10000: null

2018-05-15 19:11:43 - [TEST_STEP][PASSED] - delay: Delayed 2 second(s)

2018-05-15 19:11:45 - [MESSAGE][PASSED] - Delayed 2 second(s)

2018-05-15 19:11:45 - [TEST_STEP][PASSED] - Statement - out.println("BatchQty : " + batchqty): null

2018-05-15 19:11:45 - [TEST_STEP][PASSED] - Statement - out.println("RQty : " + Rqty): null

2018-05-15 19:11:45 - [TEST_STEP][PASSED] - Statement - If (java.lang.Integer.valueOf(batchqty) >= java.lang.Integer.valueOf(Rqty)): null

2018-05-15 19:11:45 - [TEST_STEP][PASSED] - Statement - Else: null

2018-05-15 19:11:45 - [TEST_STEP][PASSED] - Statement - out.println("Batchqty Is Less Than Rqty"): null

2018-05-15 19:11:45 - [TEST_STEP][PASSED] - Statement - product = new com.kms.katalon.core.testobject.TestObject(): null

2018-05-15 19:11:45 - [TEST_STEP][PASSED] - Statement - product = com.kms.katalon.core.webui.keyword.WebUiBuiltInKeywords.modifyObjectProperty(product, "xpath", "equals", "//*[@id = "fldvendor" + row + ""]", true): Modify property of object successfully

2018-05-15 19:11:45 - [MESSAGE][PASSED] - Modify property of object successfully

2018-05-15 19:11:45 - [TEST_STEP][PASSED] - selectOptionByIndex: All options with index in [4] are selected on object ''

2018-05-15 19:11:45 - [MESSAGE][PASSED] - All options with index in [4] are selected on object ''

2018-05-15 19:11:45 - [TEST_STEP][PASSED] - Statement - batch = new com.kms.katalon.core.testobject.TestObject(): null

2018-05-15 19:11:45 - [TEST_STEP][PASSED] - Statement - batch = com.kms.katalon.core.webui.keyword.WebUiBuiltInKeywords.modifyObjectProperty(batch, "xpath", "equals", "//*[@id = "txtbthqty" + row + ""]", true): Modify property of object successfully

2018-05-15 19:11:45 - [MESSAGE][PASSED] - Modify property of object successfully

2018-05-15 19:11:45 - [TEST_STEP][PASSED] - Statement - batchqty = com.kms.katalon.core.webui.keyword.WebUiBuiltInKeywords.getAttribute(batch, "value").trim(): Attribute 'value' of object '' is: '200'

2018-05-15 19:11:45 - [MESSAGE][PASSED] - Attribute 'value' of object '' is: '200'

2018-05-15 19:11:45 - [TEST_STEP][PASSED] - Statement - Rqty = 10000: null

2018-05-15 19:11:45 - [TEST_STEP][PASSED] - delay: Delayed 2 second(s)

2018-05-15 19:11:47 - [MESSAGE][PASSED] - Delayed 2 second(s)

2018-05-15 19:11:47 - [TEST_STEP][PASSED] - Statement - out.println("BatchQty : " + batchqty): null

2018-05-15 19:11:47 - [TEST_STEP][PASSED] - Statement - out.println("RQty : " + Rqty): null

2018-05-15 19:11:47 - [TEST_STEP][PASSED] - Statement - If (java.lang.Integer.valueOf(batchqty) >= java.lang.Integer.valueOf(Rqty)): null

2018-05-15 19:11:47 - [TEST_STEP][PASSED] - Statement - Else: null

2018-05-15 19:11:47 - [TEST_STEP][PASSED] - Statement - out.println("Batchqty Is Less Than Rqty"): null

2018-05-15 19:11:47 - [TEST_STEP][PASSED] - Statement - batchlength = new com.kms.katalon.core.testobject.TestObject(): null

2018-05-15 19:11:47 - [TEST_STEP][PASSED] - Statement - batchlength = com.kms.katalon.core.webui.keyword.WebUiBuiltInKeywords.modifyObjectProperty(batchlength, "xpath", "equals", "//*[@id = "fldvendor" + row + ""]", true): Modify property of object successfully

2018-05-15 19:11:47 - [MESSAGE][PASSED] - Modify property of object successfully

2018-05-15 19:11:47 - [TEST_STEP][PASSED] - Statement - batchsize = com.kms.katalon.core.webui.keyword.WebUiBuiltInKeywords.getNumberOfTotalOption(batchlength): 5 options of object '' counted

2018-05-15 19:11:47 - [MESSAGE][PASSED] - 5 options of object '' counted

2018-05-15 19:11:47 - [TEST_STEP][PASSED] - Statement - out.println("BatchSize : " + batchsize): null

2018-05-15 19:11:47 - [TEST_STEP][PASSED] - Statement - For ([n = 1, n <= batchsize - 1, (n++)]): null

2018-05-15 19:11:47 - [TEST_STEP][PASSED] - Statement - product = new com.kms.katalon.core.testobject.TestObject(): null

2018-05-15 19:11:47 - [TEST_STEP][PASSED] - Statement - product = com.kms.katalon.core.webui.keyword.WebUiBuiltInKeywords.modifyObjectProperty(product, "xpath", "equals", "//*[@id = "fldvendor" + row + ""]", true): Modify property of object successfully

2018-05-15 19:11:47 - [MESSAGE][PASSED] - Modify property of object successfully

2018-05-15 19:11:47 - [TEST_STEP][PASSED] - selectOptionByIndex: All options with index in [1] are selected on object ''

2018-05-15 19:11:47 - [MESSAGE][PASSED] - All options with index in [1] are selected on object ''

2018-05-15 19:11:47 - [TEST_STEP][PASSED] - Statement - batch = new com.kms.katalon.core.testobject.TestObject(): null

2018-05-15 19:11:47 - [TEST_STEP][PASSED] - Statement - batch = com.kms.katalon.core.webui.keyword.WebUiBuiltInKeywords.modifyObjectProperty(batch, "xpath", "equals", "//*[@id = "txtbthqty" + row + ""]", true): Modify property of object successfully

2018-05-15 19:11:47 - [MESSAGE][PASSED] - Modify property of object successfully

2018-05-15 19:11:47 - [TEST_STEP][PASSED] - Statement - batchqty = com.kms.katalon.core.webui.keyword.WebUiBuiltInKeywords.getAttribute(batch, "value").trim(): Attribute 'value' of object '' is: '200'

2018-05-15 19:11:47 - [MESSAGE][PASSED] - Attribute 'value' of object '' is: '200'

2018-05-15 19:11:47 - [TEST_STEP][PASSED] - Statement - Rqty = 10000: null

2018-05-15 19:11:47 - [TEST_STEP][PASSED] - delay: Delayed 2 second(s)

2018-05-15 19:11:49 - [MESSAGE][PASSED] - Delayed 2 second(s)

2018-05-15 19:11:49 - [TEST_STEP][PASSED] - Statement - out.println("BatchQty : " + batchqty): null

2018-05-15 19:11:49 - [TEST_STEP][PASSED] - Statement - out.println("RQty : " + Rqty): null

2018-05-15 19:11:49 - [TEST_STEP][PASSED] - Statement - If (java.lang.Integer.valueOf(batchqty) >= java.lang.Integer.valueOf(Rqty)): null

2018-05-15 19:11:49 - [TEST_STEP][PASSED] - Statement - Else: null

2018-05-15 19:11:49 - [TEST_STEP][PASSED] - Statement - out.println("Batchqty Is Less Than Rqty"): null

2018-05-15 19:11:49 - [TEST_STEP][PASSED] - Statement - product = new com.kms.katalon.core.testobject.TestObject(): null

2018-05-15 19:11:49 - [TEST_STEP][PASSED] - Statement - product = com.kms.katalon.core.webui.keyword.WebUiBuiltInKeywords.modifyObjectProperty(product, "xpath", "equals", "//*[@id = "fldvendor" + row + ""]", true): Modify property of object successfully

2018-05-15 19:11:49 - [MESSAGE][PASSED] - Modify property of object successfully

2018-05-15 19:11:49 - [TEST_STEP][PASSED] - selectOptionByIndex: All options with index in [2] are selected on object ''

2018-05-15 19:11:49 - [MESSAGE][PASSED] - All options with index in [2] are selected on object ''

2018-05-15 19:11:49 - [TEST_STEP][PASSED] - Statement - batch = new com.kms.katalon.core.testobject.TestObject(): null

2018-05-15 19:11:49 - [TEST_STEP][PASSED] - Statement - batch = com.kms.katalon.core.webui.keyword.WebUiBuiltInKeywords.modifyObjectProperty(batch, "xpath", "equals", "//*[@id = "txtbthqty" + row + ""]", true): Modify property of object successfully

2018-05-15 19:11:49 - [MESSAGE][PASSED] - Modify property of object successfully

2018-05-15 19:11:49 - [TEST_STEP][PASSED] - Statement - batchqty = com.kms.katalon.core.webui.keyword.WebUiBuiltInKeywords.getAttribute(batch, "value").trim(): Attribute 'value' of object '' is: '5000'

2018-05-15 19:11:49 - [MESSAGE][PASSED] - Attribute 'value' of object '' is: '5000'

2018-05-15 19:11:49 - [TEST_STEP][PASSED] - Statement - Rqty = 10000: null

2018-05-15 19:11:49 - [TEST_STEP][PASSED] - delay: Delayed 2 second(s)

2018-05-15 19:11:51 - [MESSAGE][PASSED] - Delayed 2 second(s)

2018-05-15 19:11:51 - [TEST_STEP][PASSED] - Statement - out.println("BatchQty : " + batchqty): null

2018-05-15 19:11:51 - [TEST_STEP][PASSED] - Statement - out.println("RQty : " + Rqty): null

2018-05-15 19:11:51 - [TEST_STEP][PASSED] - Statement - If (java.lang.Integer.valueOf(batchqty) >= java.lang.Integer.valueOf(Rqty)): null

2018-05-15 19:11:51 - [TEST_STEP][PASSED] - Statement - Else: null

2018-05-15 19:11:51 - [TEST_STEP][PASSED] - Statement - out.println("Batchqty Is Less Than Rqty"): null

2018-05-15 19:11:51 - [TEST_STEP][PASSED] - Statement - product = new com.kms.katalon.core.testobject.TestObject(): null

2018-05-15 19:11:51 - [TEST_STEP][PASSED] - Statement - product = com.kms.katalon.core.webui.keyword.WebUiBuiltInKeywords.modifyObjectProperty(product, "xpath", "equals", "//*[@id = "fldvendor" + row + ""]", true): Modify property of object successfully

2018-05-15 19:11:51 - [MESSAGE][PASSED] - Modify property of object successfully

2018-05-15 19:11:51 - [TEST_STEP][PASSED] - selectOptionByIndex: All options with index in [3] are selected on object ''

2018-05-15 19:11:51 - [MESSAGE][PASSED] - All options with index in [3] are selected on object ''

2018-05-15 19:11:51 - [TEST_STEP][PASSED] - Statement - batch = new com.kms.katalon.core.testobject.TestObject(): null

2018-05-15 19:11:51 - [TEST_STEP][PASSED] - Statement - batch = com.kms.katalon.core.webui.keyword.WebUiBuiltInKeywords.modifyObjectProperty(batch, "xpath", "equals", "//*[@id = "txtbthqty" + row + ""]", true): Modify property of object successfully

2018-05-15 19:11:51 - [MESSAGE][PASSED] - Modify property of object successfully

2018-05-15 19:11:51 - [TEST_STEP][PASSED] - Statement - batchqty = com.kms.katalon.core.webui.keyword.WebUiBuiltInKeywords.getAttribute(batch, "value").trim(): Attribute 'value' of object '' is: '5000'

2018-05-15 19:11:51 - [MESSAGE][PASSED] - Attribute 'value' of object '' is: '5000'

2018-05-15 19:11:51 - [TEST_STEP][PASSED] - Statement - Rqty = 10000: null

2018-05-15 19:11:51 - [TEST_STEP][PASSED] - delay: Delayed 2 second(s)

2018-05-15 19:11:53 - [MESSAGE][PASSED] - Delayed 2 second(s)

2018-05-15 19:11:53 - [TEST_STEP][PASSED] - Statement - out.println("BatchQty : " + batchqty): null

2018-05-15 19:11:53 - [TEST_STEP][PASSED] - Statement - out.println("RQty : " + Rqty): null

2018-05-15 19:11:53 - [TEST_STEP][PASSED] - Statement - If (java.lang.Integer.valueOf(batchqty) >= java.lang.Integer.valueOf(Rqty)): null

2018-05-15 19:11:53 - [TEST_STEP][PASSED] - Statement - Else: null

2018-05-15 19:11:53 - [TEST_STEP][PASSED] - Statement - out.println("Batchqty Is Less Than Rqty"): null

2018-05-15 19:11:53 - [TEST_STEP][PASSED] - Statement - product = new com.kms.katalon.core.testobject.TestObject(): null

2018-05-15 19:11:53 - [TEST_STEP][PASSED] - Statement - product = com.kms.katalon.core.webui.keyword.WebUiBuiltInKeywords.modifyObjectProperty(product, "xpath", "equals", "//*[@id = "fldvendor" + row + ""]", true): Modify property of object successfully

2018-05-15 19:11:53 - [MESSAGE][PASSED] - Modify property of object successfully

2018-05-15 19:11:53 - [TEST_STEP][PASSED] - selectOptionByIndex: All options with index in [4] are selected on object ''

2018-05-15 19:11:54 - [MESSAGE][PASSED] - All options with index in [4] are selected on object ''

2018-05-15 19:11:54 - [TEST_STEP][PASSED] - Statement - batch = new com.kms.katalon.core.testobject.TestObject(): null

2018-05-15 19:11:54 - [TEST_STEP][PASSED] - Statement - batch = com.kms.katalon.core.webui.keyword.WebUiBuiltInKeywords.modifyObjectProperty(batch, "xpath", "equals", "//*[@id = "txtbthqty" + row + ""]", true): Modify property of object successfully

2018-05-15 19:11:54 - [MESSAGE][PASSED] - Modify property of object successfully

2018-05-15 19:11:54 - [TEST_STEP][PASSED] - Statement - batchqty = com.kms.katalon.core.webui.keyword.WebUiBuiltInKeywords.getAttribute(batch, "value").trim(): Attribute 'value' of object '' is: '200'

2018-05-15 19:11:54 - [MESSAGE][PASSED] - Attribute 'value' of object '' is: '200'

2018-05-15 19:11:54 - [TEST_STEP][PASSED] - Statement - Rqty = 10000: null

2018-05-15 19:11:54 - [TEST_STEP][PASSED] - delay: Delayed 2 second(s)

2018-05-15 19:11:56 - [MESSAGE][PASSED] - Delayed 2 second(s)

2018-05-15 19:11:56 - [TEST_STEP][PASSED] - Statement - out.println("BatchQty : " + batchqty): null

2018-05-15 19:11:56 - [TEST_STEP][PASSED] - Statement - out.println("RQty : " + Rqty): null

2018-05-15 19:11:56 - [TEST_STEP][PASSED] - Statement - If (java.lang.Integer.valueOf(batchqty) >= java.lang.Integer.valueOf(Rqty)): null

2018-05-15 19:11:56 - [TEST_STEP][PASSED] - Statement - Else: null

2018-05-15 19:11:56 - [TEST_STEP][PASSED] - Statement - out.println("Batchqty Is Less Than Rqty"): null

2018-05-15 19:11:56 - [TEST_STEP][PASSED] - Statement - batchlength = new com.kms.katalon.core.testobject.TestObject(): null

2018-05-15 19:11:56 - [TEST_STEP][PASSED] - Statement - batchlength = com.kms.katalon.core.webui.keyword.WebUiBuiltInKeywords.modifyObjectProperty(batchlength, "xpath", "equals", "//*[@id = "fldvendor" + row + ""]", true): Modify property of object successfully

2018-05-15 19:11:56 - [MESSAGE][PASSED] - Modify property of object successfully

2018-05-15 19:11:56 - [TEST_STEP][PASSED] - Statement - batchsize = com.kms.katalon.core.webui.keyword.WebUiBuiltInKeywords.getNumberOfTotalOption(batchlength): 4 options of object '' counted

2018-05-15 19:11:56 - [MESSAGE][PASSED] - 4 options of object '' counted

2018-05-15 19:11:56 - [TEST_STEP][PASSED] - Statement - out.println("BatchSize : " + batchsize): null

2018-05-15 19:11:56 - [TEST_STEP][PASSED] - Statement - For ([n = 1, n <= batchsize - 1, (n++)]): null

2018-05-15 19:11:56 - [TEST_STEP][PASSED] - Statement - product = new com.kms.katalon.core.testobject.TestObject(): null

2018-05-15 19:11:56 - [TEST_STEP][PASSED] - Statement - product = com.kms.katalon.core.webui.keyword.WebUiBuiltInKeywords.modifyObjectProperty(product, "xpath", "equals", "//*[@id = "fldvendor" + row + ""]", true): Modify property of object successfully

2018-05-15 19:11:56 - [MESSAGE][PASSED] - Modify property of object successfully

2018-05-15 19:11:56 - [TEST_STEP][PASSED] - selectOptionByIndex: All options with index in [1] are selected on object ''

2018-05-15 19:11:56 - [MESSAGE][PASSED] - All options with index in [1] are selected on object ''

2018-05-15 19:11:56 - [TEST_STEP][PASSED] - Statement - batch = new com.kms.katalon.core.testobject.TestObject(): null

2018-05-15 19:11:56 - [TEST_STEP][PASSED] - Statement - batch = com.kms.katalon.core.webui.keyword.WebUiBuiltInKeywords.modifyObjectProperty(batch, "xpath", "equals", "//*[@id = "txtbthqty" + row + ""]", true): Modify property of object successfully

2018-05-15 19:11:56 - [MESSAGE][PASSED] - Modify property of object successfully

2018-05-15 19:11:56 - [TEST_STEP][PASSED] - Statement - batchqty = com.kms.katalon.core.webui.keyword.WebUiBuiltInKeywords.getAttribute(batch, "value").trim(): Attribute 'value' of object '' is: '5000'

2018-05-15 19:11:56 - [MESSAGE][PASSED] - Attribute 'value' of object '' is: '5000'

2018-05-15 19:11:56 - [TEST_STEP][PASSED] - Statement - Rqty = 10000: null

2018-05-15 19:11:56 - [TEST_STEP][PASSED] - delay: Delayed 2 second(s)

2018-05-15 19:11:58 - [MESSAGE][PASSED] - Delayed 2 second(s)

2018-05-15 19:11:58 - [TEST_STEP][PASSED] - Statement - out.println("BatchQty : " + batchqty): null

2018-05-15 19:11:58 - [TEST_STEP][PASSED] - Statement - out.println("RQty : " + Rqty): null

2018-05-15 19:11:58 - [TEST_STEP][PASSED] - Statement - If (java.lang.Integer.valueOf(batchqty) >= java.lang.Integer.valueOf(Rqty)): null

2018-05-15 19:11:58 - [TEST_STEP][PASSED] - Statement - Else: null

2018-05-15 19:11:58 - [TEST_STEP][PASSED] - Statement - out.println("Batchqty Is Less Than Rqty"): null

2018-05-15 19:11:58 - [TEST_STEP][PASSED] - Statement - product = new com.kms.katalon.core.testobject.TestObject(): null

2018-05-15 19:11:58 - [TEST_STEP][PASSED] - Statement - product = com.kms.katalon.core.webui.keyword.WebUiBuiltInKeywords.modifyObjectProperty(product, "xpath", "equals", "//*[@id = "fldvendor" + row + ""]", true): Modify property of object successfully

2018-05-15 19:11:58 - [MESSAGE][PASSED] - Modify property of object successfully

2018-05-15 19:11:58 - [TEST_STEP][PASSED] - selectOptionByIndex: All options with index in [2] are selected on object ''

2018-05-15 19:11:58 - [MESSAGE][PASSED] - All options with index in [2] are selected on object ''

2018-05-15 19:11:58 - [TEST_STEP][PASSED] - Statement - batch = new com.kms.katalon.core.testobject.TestObject(): null

2018-05-15 19:11:58 - [TEST_STEP][PASSED] - Statement - batch = com.kms.katalon.core.webui.keyword.WebUiBuiltInKeywords.modifyObjectProperty(batch, "xpath", "equals", "//*[@id = "txtbthqty" + row + ""]", true): Modify property of object successfully

2018-05-15 19:11:58 - [MESSAGE][PASSED] - Modify property of object successfully

2018-05-15 19:11:58 - [TEST_STEP][PASSED] - Statement - batchqty = com.kms.katalon.core.webui.keyword.WebUiBuiltInKeywords.getAttribute(batch, "value").trim(): Attribute 'value' of object '' is: '5000'

2018-05-15 19:11:58 - [MESSAGE][PASSED] - Attribute 'value' of object '' is: '5000'

2018-05-15 19:11:58 - [TEST_STEP][PASSED] - Statement - Rqty = 10000: null

2018-05-15 19:11:58 - [TEST_STEP][PASSED] - delay: Delayed 2 second(s)

2018-05-15 19:12:00 - [MESSAGE][PASSED] - Delayed 2 second(s)

2018-05-15 19:12:00 - [TEST_STEP][PASSED] - Statement - out.println("BatchQty : " + batchqty): null

2018-05-15 19:12:00 - [TEST_STEP][PASSED] - Statement - out.println("RQty : " + Rqty): null

2018-05-15 19:12:00 - [TEST_STEP][PASSED] - Statement - If (java.lang.Integer.valueOf(batchqty) >= java.lang.Integer.valueOf(Rqty)): null

2018-05-15 19:12:00 - [TEST_STEP][PASSED] - Statement - Else: null

2018-05-15 19:12:00 - [TEST_STEP][PASSED] - Statement - out.println("Batchqty Is Less Than Rqty"): null

2018-05-15 19:12:00 - [TEST_STEP][PASSED] - Statement - product = new com.kms.katalon.core.testobject.TestObject(): null

2018-05-15 19:12:00 - [TEST_STEP][PASSED] - Statement - product = com.kms.katalon.core.webui.keyword.WebUiBuiltInKeywords.modifyObjectProperty(product, "xpath", "equals", "//*[@id = "fldvendor" + row + ""]", true): Modify property of object successfully

2018-05-15 19:12:00 - [MESSAGE][PASSED] - Modify property of object successfully

2018-05-15 19:12:00 - [TEST_STEP][PASSED] - selectOptionByIndex: All options with index in [3] are selected on object ''

2018-05-15 19:12:00 - [MESSAGE][PASSED] - All options with index in [3] are selected on object ''

2018-05-15 19:12:00 - [TEST_STEP][PASSED] - Statement - batch = new com.kms.katalon.core.testobject.TestObject(): null

2018-05-15 19:12:00 - [TEST_STEP][PASSED] - Statement - batch = com.kms.katalon.core.webui.keyword.WebUiBuiltInKeywords.modifyObjectProperty(batch, "xpath", "equals", "//*[@id = "txtbthqty" + row + ""]", true): Modify property of object successfully

2018-05-15 19:12:00 - [MESSAGE][PASSED] - Modify property of object successfully

2018-05-15 19:12:00 - [TEST_STEP][PASSED] - Statement - batchqty = com.kms.katalon.core.webui.keyword.WebUiBuiltInKeywords.getAttribute(batch, "value").trim(): Attribute 'value' of object '' is: '200'

2018-05-15 19:12:00 - [MESSAGE][PASSED] - Attribute 'value' of object '' is: '200'

2018-05-15 19:12:00 - [TEST_STEP][PASSED] - Statement - Rqty = 10000: null

2018-05-15 19:12:00 - [TEST_STEP][PASSED] - delay: Delayed 2 second(s)

2018-05-15 19:12:02 - [MESSAGE][PASSED] - Delayed 2 second(s)

2018-05-15 19:12:02 - [TEST_STEP][PASSED] - Statement - out.println("BatchQty : " + batchqty): null

2018-05-15 19:12:02 - [TEST_STEP][PASSED] - Statement - out.println("RQty : " + Rqty): null

2018-05-15 19:12:02 - [TEST_STEP][PASSED] - Statement - If (java.lang.Integer.valueOf(batchqty) >= java.lang.Integer.valueOf(Rqty)): null

2018-05-15 19:12:02 - [TEST_STEP][PASSED] - Statement - Else: null

2018-05-15 19:12:02 - [TEST_STEP][PASSED] - Statement - out.println("Batchqty Is Less Than Rqty"): null

2018-05-15 19:12:02 - [TEST_STEP][PASSED] - Statement - batchlength = new com.kms.katalon.core.testobject.TestObject(): null

2018-05-15 19:12:02 - [TEST_STEP][PASSED] - Statement - batchlength = com.kms.katalon.core.webui.keyword.WebUiBuiltInKeywords.modifyObjectProperty(batchlength, "xpath", "equals", "//*[@id = "fldvendor" + row + ""]", true): Modify property of object successfully

2018-05-15 19:12:02 - [MESSAGE][PASSED] - Modify property of object successfully

2018-05-15 19:12:02 - [TEST_STEP][PASSED] - Statement - batchsize = com.kms.katalon.core.webui.keyword.WebUiBuiltInKeywords.getNumberOfTotalOption(batchlength): 5 options of object '' counted

2018-05-15 19:12:02 - [MESSAGE][PASSED] - 5 options of object '' counted

2018-05-15 19:12:02 - [TEST_STEP][PASSED] - Statement - out.println("BatchSize : " + batchsize): null

2018-05-15 19:12:02 - [TEST_STEP][PASSED] - Statement - For ([n = 1, n <= batchsize - 1, (n++)]): null

2018-05-15 19:12:02 - [TEST_STEP][PASSED] - Statement - product = new com.kms.katalon.core.testobject.TestObject(): null

2018-05-15 19:12:02 - [TEST_STEP][PASSED] - Statement - product = com.kms.katalon.core.webui.keyword.WebUiBuiltInKeywords.modifyObjectProperty(product, "xpath", "equals", "//*[@id = "fldvendor" + row + ""]", true): Modify property of object successfully

2018-05-15 19:12:02 - [MESSAGE][PASSED] - Modify property of object successfully

2018-05-15 19:12:02 - [TEST_STEP][PASSED] - selectOptionByIndex: All options with index in [1] are selected on object ''

2018-05-15 19:12:03 - [MESSAGE][PASSED] - All options with index in [1] are selected on object ''

2018-05-15 19:12:03 - [TEST_STEP][PASSED] - Statement - batch = new com.kms.katalon.core.testobject.TestObject(): null

2018-05-15 19:12:03 - [TEST_STEP][PASSED] - Statement - batch = com.kms.katalon.core.webui.keyword.WebUiBuiltInKeywords.modifyObjectProperty(batch, "xpath", "equals", "//*[@id = "txtbthqty" + row + ""]", true): Modify property of object successfully

2018-05-15 19:12:03 - [MESSAGE][PASSED] - Modify property of object successfully

2018-05-15 19:12:03 - [TEST_STEP][PASSED] - Statement - batchqty = com.kms.katalon.core.webui.keyword.WebUiBuiltInKeywords.getAttribute(batch, "value").trim(): Attribute 'value' of object '' is: '200'

2018-05-15 19:12:03 - [MESSAGE][PASSED] - Attribute 'value' of object '' is: '200'

2018-05-15 19:12:03 - [TEST_STEP][PASSED] - Statement - Rqty = 10000: null

2018-05-15 19:12:03 - [TEST_STEP][PASSED] - delay: Delayed 2 second(s)

2018-05-15 19:12:05 - [MESSAGE][PASSED] - Delayed 2 second(s)

2018-05-15 19:12:05 - [TEST_STEP][PASSED] - Statement - out.println("BatchQty : " + batchqty): null

2018-05-15 19:12:05 - [TEST_STEP][PASSED] - Statement - out.println("RQty : " + Rqty): null

2018-05-15 19:12:05 - [TEST_STEP][PASSED] - Statement - If (java.lang.Integer.valueOf(batchqty) >= java.lang.Integer.valueOf(Rqty)): null

2018-05-15 19:12:05 - [TEST_STEP][PASSED] - Statement - Else: null

2018-05-15 19:12:05 - [TEST_STEP][PASSED] - Statement - out.println("Batchqty Is Less Than Rqty"): null

2018-05-15 19:12:05 - [TEST_STEP][PASSED] - Statement - product = new com.kms.katalon.core.testobject.TestObject(): null

2018-05-15 19:12:05 - [TEST_STEP][PASSED] - Statement - product = com.kms.katalon.core.webui.keyword.WebUiBuiltInKeywords.modifyObjectProperty(product, "xpath", "equals", "//*[@id = "fldvendor" + row + ""]", true): Modify property of object successfully

2018-05-15 19:12:05 - [MESSAGE][PASSED] - Modify property of object successfully

2018-05-15 19:12:05 - [TEST_STEP][PASSED] - selectOptionByIndex: All options with index in [2] are selected on object ''

2018-05-15 19:12:05 - [MESSAGE][PASSED] - All options with index in [2] are selected on object ''

2018-05-15 19:12:05 - [TEST_STEP][PASSED] - Statement - batch = new com.kms.katalon.core.testobject.TestObject(): null

2018-05-15 19:12:05 - [TEST_STEP][PASSED] - Statement - batch = com.kms.katalon.core.webui.keyword.WebUiBuiltInKeywords.modifyObjectProperty(batch, "xpath", "equals", "//*[@id = "txtbthqty" + row + ""]", true): Modify property of object successfully

2018-05-15 19:12:05 - [MESSAGE][PASSED] - Modify property of object successfully

2018-05-15 19:12:05 - [TEST_STEP][PASSED] - Statement - batchqty = com.kms.katalon.core.webui.keyword.WebUiBuiltInKeywords.getAttribute(batch, "value").trim(): Attribute 'value' of object '' is: '200'

2018-05-15 19:12:05 - [MESSAGE][PASSED] - Attribute 'value' of object '' is: '200'

2018-05-15 19:12:05 - [TEST_STEP][PASSED] - Statement - Rqty = 10000: null

2018-05-15 19:12:05 - [TEST_STEP][PASSED] - delay: Delayed 2 second(s)

2018-05-15 19:12:07 - [MESSAGE][PASSED] - Delayed 2 second(s)

2018-05-15 19:12:07 - [TEST_STEP][PASSED] - Statement - out.println("BatchQty : " + batchqty): null

2018-05-15 19:12:07 - [TEST_STEP][PASSED] - Statement - out.println("RQty : " + Rqty): null

2018-05-15 19:12:07 - [TEST_STEP][PASSED] - Statement - If (java.lang.Integer.valueOf(batchqty) >= java.lang.Integer.valueOf(Rqty)): null

2018-05-15 19:12:07 - [TEST_STEP][PASSED] - Statement - Else: null

2018-05-15 19:12:07 - [TEST_STEP][PASSED] - Statement - out.println("Batchqty Is Less Than Rqty"): null

2018-05-15 19:12:07 - [TEST_STEP][PASSED] - Statement - product = new com.kms.katalon.core.testobject.TestObject(): null

2018-05-15 19:12:07 - [TEST_STEP][PASSED] - Statement - product = com.kms.katalon.core.webui.keyword.WebUiBuiltInKeywords.modifyObjectProperty(product, "xpath", "equals", "//*[@id = "fldvendor" + row + ""]", true): Modify property of object successfully

2018-05-15 19:12:07 - [MESSAGE][PASSED] - Modify property of object successfully

2018-05-15 19:12:07 - [TEST_STEP][PASSED] - selectOptionByIndex: All options with index in [3] are selected on object ''

2018-05-15 19:12:07 - [MESSAGE][PASSED] - All options with index in [3] are selected on object ''

2018-05-15 19:12:07 - [TEST_STEP][PASSED] - Statement - batch = new com.kms.katalon.core.testobject.TestObject(): null

2018-05-15 19:12:07 - [TEST_STEP][PASSED] - Statement - batch = com.kms.katalon.core.webui.keyword.WebUiBuiltInKeywords.modifyObjectProperty(batch, "xpath", "equals", "//*[@id = "txtbthqty" + row + ""]", true): Modify property of object successfully

2018-05-15 19:12:07 - [MESSAGE][PASSED] - Modify property of object successfully

2018-05-15 19:12:07 - [TEST_STEP][PASSED] - Statement - batchqty = com.kms.katalon.core.webui.keyword.WebUiBuiltInKeywords.getAttribute(batch, "value").trim(): Attribute 'value' of object '' is: '5000'

2018-05-15 19:12:07 - [MESSAGE][PASSED] - Attribute 'value' of object '' is: '5000'

2018-05-15 19:12:07 - [TEST_STEP][PASSED] - Statement - Rqty = 10000: null

2018-05-15 19:12:07 - [TEST_STEP][PASSED] - delay: Delayed 2 second(s)

2018-05-15 19:12:09 - [MESSAGE][PASSED] - Delayed 2 second(s)

2018-05-15 19:12:09 - [TEST_STEP][PASSED] - Statement - out.println("BatchQty : " + batchqty): null

2018-05-15 19:12:09 - [TEST_STEP][PASSED] - Statement - out.println("RQty : " + Rqty): null

2018-05-15 19:12:09 - [TEST_STEP][PASSED] - Statement - If (java.lang.Integer.valueOf(batchqty) >= java.lang.Integer.valueOf(Rqty)): null

2018-05-15 19:12:09 - [TEST_STEP][PASSED] - Statement - Else: null

2018-05-15 19:12:09 - [TEST_STEP][PASSED] - Statement - out.println("Batchqty Is Less Than Rqty"): null

2018-05-15 19:12:09 - [TEST_STEP][PASSED] - Statement - product = new com.kms.katalon.core.testobject.TestObject(): null

2018-05-15 19:12:09 - [TEST_STEP][PASSED] - Statement - product = com.kms.katalon.core.webui.keyword.WebUiBuiltInKeywords.modifyObjectProperty(product, "xpath", "equals", "//*[@id = "fldvendor" + row + ""]", true): Modify property of object successfully

2018-05-15 19:12:09 - [MESSAGE][PASSED] - Modify property of object successfully

2018-05-15 19:12:09 - [TEST_STEP][PASSED] - selectOptionByIndex: All options with index in [4] are selected on object ''

2018-05-15 19:12:09 - [MESSAGE][PASSED] - All options with index in [4] are selected on object ''

2018-05-15 19:12:09 - [TEST_STEP][PASSED] - Statement - batch = new com.kms.katalon.core.testobject.TestObject(): null

2018-05-15 19:12:09 - [TEST_STEP][PASSED] - Statement - batch = com.kms.katalon.core.webui.keyword.WebUiBuiltInKeywords.modifyObjectProperty(batch, "xpath", "equals", "//*[@id = "txtbthqty" + row + ""]", true): Modify property of object successfully

2018-05-15 19:12:09 - [MESSAGE][PASSED] - Modify property of object successfully

2018-05-15 19:12:09 - [TEST_STEP][PASSED] - Statement - batchqty = com.kms.katalon.core.webui.keyword.WebUiBuiltInKeywords.getAttribute(batch, "value").trim(): Attribute 'value' of object '' is: '5000'

2018-05-15 19:12:09 - [MESSAGE][PASSED] - Attribute 'value' of object '' is: '5000'

2018-05-15 19:12:09 - [TEST_STEP][PASSED] - Statement - Rqty = 10000: null

2018-05-15 19:12:09 - [TEST_STEP][PASSED] - delay: Delayed 2 second(s)

2018-05-15 19:12:11 - [MESSAGE][PASSED] - Delayed 2 second(s)

2018-05-15 19:12:11 - [TEST_STEP][PASSED] - Statement - out.println("BatchQty : " + batchqty): null

2018-05-15 19:12:11 - [TEST_STEP][PASSED] - Statement - out.println("RQty : " + Rqty): null

2018-05-15 19:12:11 - [TEST_STEP][PASSED] - Statement - If (java.lang.Integer.valueOf(batchqty) >= java.lang.Integer.valueOf(Rqty)): null

2018-05-15 19:12:11 - [TEST_STEP][PASSED] - Statement - Else: null

2018-05-15 19:12:11 - [TEST_STEP][PASSED] - Statement - out.println("Batchqty Is Less Than Rqty"): null

2018-05-15 19:12:11 - [TEST_STEP][PASSED] - Statement - batchlength = new com.kms.katalon.core.testobject.TestObject(): null

2018-05-15 19:12:11 - [TEST_STEP][PASSED] - Statement - batchlength = com.kms.katalon.core.webui.keyword.WebUiBuiltInKeywords.modifyObjectProperty(batchlength, "xpath", "equals", "//*[@id = "fldvendor" + row + ""]", true): Modify property of object successfully

2018-05-15 19:12:11 - [MESSAGE][PASSED] - Modify property of object successfully

2018-05-15 19:12:11 - [TEST_STEP][PASSED] - Statement - batchsize = com.kms.katalon.core.webui.keyword.WebUiBuiltInKeywords.getNumberOfTotalOption(batchlength): 5 options of object '' counted

2018-05-15 19:12:11 - [MESSAGE][PASSED] - 5 options of object '' counted

2018-05-15 19:12:11 - [TEST_STEP][PASSED] - Statement - out.println("BatchSize : " + batchsize): null

2018-05-15 19:12:11 - [TEST_STEP][PASSED] - Statement - For ([n = 1, n <= batchsize - 1, (n++)]): null

2018-05-15 19:12:11 - [TEST_STEP][PASSED] - Statement - product = new com.kms.katalon.core.testobject.TestObject(): null

2018-05-15 19:12:11 - [TEST_STEP][PASSED] - Statement - product = com.kms.katalon.core.webui.keyword.WebUiBuiltInKeywords.modifyObjectProperty(product, "xpath", "equals", "//*[@id = "fldvendor" + row + ""]", true): Modify property of object successfully

2018-05-15 19:12:11 - [MESSAGE][PASSED] - Modify property of object successfully

2018-05-15 19:12:11 - [TEST_STEP][PASSED] - selectOptionByIndex: All options with index in [1] are selected on object ''

2018-05-15 19:12:11 - [MESSAGE][PASSED] - All options with index in [1] are selected on object ''

2018-05-15 19:12:11 - [TEST_STEP][PASSED] - Statement - batch = new com.kms.katalon.core.testobject.TestObject(): null

2018-05-15 19:12:11 - [TEST_STEP][PASSED] - Statement - batch = com.kms.katalon.core.webui.keyword.WebUiBuiltInKeywords.modifyObjectProperty(batch, "xpath", "equals", "//*[@id = "txtbthqty" + row + ""]", true): Modify property of object successfully

2018-05-15 19:12:11 - [MESSAGE][PASSED] - Modify property of object successfully

2018-05-15 19:12:11 - [TEST_STEP][PASSED] - Statement - batchqty = com.kms.katalon.core.webui.keyword.WebUiBuiltInKeywords.getAttribute(batch, "value").trim(): Attribute 'value' of object '' is: '200'

2018-05-15 19:12:11 - [MESSAGE][PASSED] - Attribute 'value' of object '' is: '200'

2018-05-15 19:12:11 - [TEST_STEP][PASSED] - Statement - Rqty = 10000: null

2018-05-15 19:12:11 - [TEST_STEP][PASSED] - delay: Delayed 2 second(s)

2018-05-15 19:12:13 - [MESSAGE][PASSED] - Delayed 2 second(s)

2018-05-15 19:12:13 - [TEST_STEP][PASSED] - Statement - out.println("BatchQty : " + batchqty): null

2018-05-15 19:12:13 - [TEST_STEP][PASSED] - Statement - out.println("RQty : " + Rqty): null

2018-05-15 19:12:13 - [TEST_STEP][PASSED] - Statement - If (java.lang.Integer.valueOf(batchqty) >= java.lang.Integer.valueOf(Rqty)): null

2018-05-15 19:12:13 - [TEST_STEP][PASSED] - Statement - Else: null

2018-05-15 19:12:13 - [TEST_STEP][PASSED] - Statement - out.println("Batchqty Is Less Than Rqty"): null

2018-05-15 19:12:13 - [TEST_STEP][PASSED] - Statement - product = new com.kms.katalon.core.testobject.TestObject(): null

2018-05-15 19:12:13 - [TEST_STEP][PASSED] - Statement - product = com.kms.katalon.core.webui.keyword.WebUiBuiltInKeywords.modifyObjectProperty(product, "xpath", "equals", "//*[@id = "fldvendor" + row + ""]", true): Modify property of object successfully

2018-05-15 19:12:13 - [MESSAGE][PASSED] - Modify property of object successfully

2018-05-15 19:12:13 - [TEST_STEP][PASSED] - selectOptionByIndex: All options with index in [2] are selected on object ''

2018-05-15 19:12:14 - [MESSAGE][PASSED] - All options with index in [2] are selected on object ''

2018-05-15 19:12:14 - [TEST_STEP][PASSED] - Statement - batch = new com.kms.katalon.core.testobject.TestObject(): null

2018-05-15 19:12:14 - [TEST_STEP][PASSED] - Statement - batch = com.kms.katalon.core.webui.keyword.WebUiBuiltInKeywords.modifyObjectProperty(batch, "xpath", "equals", "//*[@id = "txtbthqty" + row + ""]", true): Modify property of object successfully

2018-05-15 19:12:14 - [MESSAGE][PASSED] - Modify property of object successfully

2018-05-15 19:12:14 - [TEST_STEP][PASSED] - Statement - batchqty = com.kms.katalon.core.webui.keyword.WebUiBuiltInKeywords.getAttribute(batch, "value").trim(): Attribute 'value' of object '' is: '5000'

2018-05-15 19:12:14 - [MESSAGE][PASSED] - Attribute 'value' of object '' is: '5000'

2018-05-15 19:12:14 - [TEST_STEP][PASSED] - Statement - Rqty = 10000: null

2018-05-15 19:12:14 - [TEST_STEP][PASSED] - delay: Delayed 2 second(s)

2018-05-15 19:12:16 - [MESSAGE][PASSED] - Delayed 2 second(s)

2018-05-15 19:12:16 - [TEST_STEP][PASSED] - Statement - out.println("BatchQty : " + batchqty): null

2018-05-15 19:12:16 - [TEST_STEP][PASSED] - Statement - out.println("RQty : " + Rqty): null

2018-05-15 19:12:16 - [TEST_STEP][PASSED] - Statement - If (java.lang.Integer.valueOf(batchqty) >= java.lang.Integer.valueOf(Rqty)): null

2018-05-15 19:12:16 - [TEST_STEP][PASSED] - Statement - Else: null

2018-05-15 19:12:16 - [TEST_STEP][PASSED] - Statement - out.println("Batchqty Is Less Than Rqty"): null

2018-05-15 19:12:16 - [TEST_STEP][PASSED] - Statement - product = new com.kms.katalon.core.testobject.TestObject(): null

2018-05-15 19:12:16 - [TEST_STEP][PASSED] - Statement - product = com.kms.katalon.core.webui.keyword.WebUiBuiltInKeywords.modifyObjectProperty(product, "xpath", "equals", "//*[@id = "fldvendor" + row + ""]", true): Modify property of object successfully

2018-05-15 19:12:16 - [MESSAGE][PASSED] - Modify property of object successfully

2018-05-15 19:12:16 - [TEST_STEP][PASSED] - selectOptionByIndex: All options with index in [3] are selected on object ''

2018-05-15 19:12:16 - [MESSAGE][PASSED] - All options with index in [3] are selected on object ''

2018-05-15 19:12:16 - [TEST_STEP][PASSED] - Statement - batch = new com.kms.katalon.core.testobject.TestObject(): null

2018-05-15 19:12:16 - [TEST_STEP][PASSED] - Statement - batch = com.kms.katalon.core.webui.keyword.WebUiBuiltInKeywords.modifyObjectProperty(batch, "xpath", "equals", "//*[@id = "txtbthqty" + row + ""]", true): Modify property of object successfully

2018-05-15 19:12:16 - [MESSAGE][PASSED] - Modify property of object successfully

2018-05-15 19:12:16 - [TEST_STEP][PASSED] - Statement - batchqty = com.kms.katalon.core.webui.keyword.WebUiBuiltInKeywords.getAttribute(batch, "value").trim(): Attribute 'value' of object '' is: '200'

2018-05-15 19:12:16 - [MESSAGE][PASSED] - Attribute 'value' of object '' is: '200'

2018-05-15 19:12:16 - [TEST_STEP][PASSED] - Statement - Rqty = 10000: null

2018-05-15 19:12:16 - [TEST_STEP][PASSED] - delay: Delayed 2 second(s)

2018-05-15 19:12:18 - [MESSAGE][PASSED] - Delayed 2 second(s)

2018-05-15 19:12:18 - [TEST_STEP][PASSED] - Statement - out.println("BatchQty : " + batchqty): null

2018-05-15 19:12:18 - [TEST_STEP][PASSED] - Statement - out.println("RQty : " + Rqty): null

2018-05-15 19:12:18 - [TEST_STEP][PASSED] - Statement - If (java.lang.Integer.valueOf(batchqty) >= java.lang.Integer.valueOf(Rqty)): null

2018-05-15 19:12:18 - [TEST_STEP][PASSED] - Statement - Else: null

2018-05-15 19:12:18 - [TEST_STEP][PASSED] - Statement - out.println("Batchqty Is Less Than Rqty"): null

2018-05-15 19:12:18 - [TEST_STEP][PASSED] - Statement - product = new com.kms.katalon.core.testobject.TestObject(): null

2018-05-15 19:12:18 - [TEST_STEP][PASSED] - Statement - product = com.kms.katalon.core.webui.keyword.WebUiBuiltInKeywords.modifyObjectProperty(product, "xpath", "equals", "//*[@id = "fldvendor" + row + ""]", true): Modify property of object successfully

2018-05-15 19:12:18 - [MESSAGE][PASSED] - Modify property of object successfully

2018-05-15 19:12:18 - [TEST_STEP][PASSED] - selectOptionByIndex: All options with index in [4] are selected on object ''

2018-05-15 19:12:18 - [MESSAGE][PASSED] - All options with index in [4] are selected on object ''

2018-05-15 19:12:18 - [TEST_STEP][PASSED] - Statement - batch = new com.kms.katalon.core.testobject.TestObject(): null

2018-05-15 19:12:18 - [TEST_STEP][PASSED] - Statement - batch = com.kms.katalon.core.webui.keyword.WebUiBuiltInKeywords.modifyObjectProperty(batch, "xpath", "equals", "//*[@id = "txtbthqty" + row + ""]", true): Modify property of object successfully

2018-05-15 19:12:18 - [MESSAGE][PASSED] - Modify property of object successfully

2018-05-15 19:12:18 - [TEST_STEP][PASSED] - Statement - batchqty = com.kms.katalon.core.webui.keyword.WebUiBuiltInKeywords.getAttribute(batch, "value").trim(): Attribute 'value' of object '' is: '5000'

2018-05-15 19:12:18 - [MESSAGE][PASSED] - Attribute 'value' of object '' is: '5000'

2018-05-15 19:12:18 - [TEST_STEP][PASSED] - Statement - Rqty = 10000: null

2018-05-15 19:12:18 - [TEST_STEP][PASSED] - delay: Delayed 2 second(s)

2018-05-15 19:12:20 - [MESSAGE][PASSED] - Delayed 2 second(s)

2018-05-15 19:12:20 - [TEST_STEP][PASSED] - Statement - out.println("BatchQty : " + batchqty): null

2018-05-15 19:12:20 - [TEST_STEP][PASSED] - Statement - out.println("RQty : " + Rqty): null

2018-05-15 19:12:20 - [TEST_STEP][PASSED] - Statement - If (java.lang.Integer.valueOf(batchqty) >= java.lang.Integer.valueOf(Rqty)): null

2018-05-15 19:12:20 - [TEST_STEP][PASSED] - Statement - Else: null

2018-05-15 19:12:20 - [TEST_STEP][PASSED] - Statement - out.println("Batchqty Is Less Than Rqty"): null

2018-05-15 19:12:20 - [TEST_STEP][PASSED] - Statement - batchlength = new com.kms.katalon.core.testobject.TestObject(): null

2018-05-15 19:12:20 - [TEST_STEP][PASSED] - Statement - batchlength = com.kms.katalon.core.webui.keyword.WebUiBuiltInKeywords.modifyObjectProperty(batchlength, "xpath", "equals", "//*[@id = "fldvendor" + row + ""]", true): Modify property of object successfully

2018-05-15 19:12:20 - [MESSAGE][PASSED] - Modify property of object successfully

2018-05-15 19:12:20 - [TEST_STEP][PASSED] - Statement - batchsize = com.kms.katalon.core.webui.keyword.WebUiBuiltInKeywords.getNumberOfTotalOption(batchlength): 5 options of object '' counted

2018-05-15 19:12:20 - [MESSAGE][PASSED] - 5 options of object '' counted

2018-05-15 19:12:20 - [TEST_STEP][PASSED] - Statement - out.println("BatchSize : " + batchsize): null

2018-05-15 19:12:20 - [TEST_STEP][PASSED] - Statement - For ([n = 1, n <= batchsize - 1, (n++)]): null

2018-05-15 19:12:20 - [TEST_STEP][PASSED] - Statement - product = new com.kms.katalon.core.testobject.TestObject(): null

2018-05-15 19:12:20 - [TEST_STEP][PASSED] - Statement - product = com.kms.katalon.core.webui.keyword.WebUiBuiltInKeywords.modifyObjectProperty(product, "xpath", "equals", "//*[@id = "fldvendor" + row + ""]", true): Modify property of object successfully

2018-05-15 19:12:20 - [MESSAGE][PASSED] - Modify property of object successfully

2018-05-15 19:12:20 - [TEST_STEP][PASSED] - selectOptionByIndex: All options with index in [1] are selected on object ''

2018-05-15 19:12:20 - [MESSAGE][PASSED] - All options with index in [1] are selected on object ''

2018-05-15 19:12:20 - [TEST_STEP][PASSED] - Statement - batch = new com.kms.katalon.core.testobject.TestObject(): null

2018-05-15 19:12:20 - [TEST_STEP][PASSED] - Statement - batch = com.kms.katalon.core.webui.keyword.WebUiBuiltInKeywords.modifyObjectProperty(batch, "xpath", "equals", "//*[@id = "txtbthqty" + row + ""]", true): Modify property of object successfully

2018-05-15 19:12:20 - [MESSAGE][PASSED] - Modify property of object successfully

2018-05-15 19:12:20 - [TEST_STEP][PASSED] - Statement - batchqty = com.kms.katalon.core.webui.keyword.WebUiBuiltInKeywords.getAttribute(batch, "value").trim(): Attribute 'value' of object '' is: '5000'

2018-05-15 19:12:20 - [MESSAGE][PASSED] - Attribute 'value' of object '' is: '5000'

2018-05-15 19:12:20 - [TEST_STEP][PASSED] - Statement - Rqty = 10000: null

2018-05-15 19:12:20 - [TEST_STEP][PASSED] - delay: Delayed 2 second(s)

2018-05-15 19:12:22 - [MESSAGE][PASSED] - Delayed 2 second(s)

2018-05-15 19:12:22 - [TEST_STEP][PASSED] - Statement - out.println("BatchQty : " + batchqty): null

2018-05-15 19:12:22 - [TEST_STEP][PASSED] - Statement - out.println("RQty : " + Rqty): null

2018-05-15 19:12:22 - [TEST_STEP][PASSED] - Statement - If (java.lang.Integer.valueOf(batchqty) >= java.lang.Integer.valueOf(Rqty)): null

2018-05-15 19:12:22 - [TEST_STEP][PASSED] - Statement - Else: null

2018-05-15 19:12:22 - [TEST_STEP][PASSED] - Statement - out.println("Batchqty Is Less Than Rqty"): null

2018-05-15 19:12:22 - [TEST_STEP][PASSED] - Statement - product = new com.kms.katalon.core.testobject.TestObject(): null

2018-05-15 19:12:22 - [TEST_STEP][PASSED] - Statement - product = com.kms.katalon.core.webui.keyword.WebUiBuiltInKeywords.modifyObjectProperty(product, "xpath", "equals", "//*[@id = "fldvendor" + row + ""]", true): Modify property of object successfully

2018-05-15 19:12:22 - [MESSAGE][PASSED] - Modify property of object successfully

2018-05-15 19:12:22 - [TEST_STEP][PASSED] - selectOptionByIndex: All options with index in [2] are selected on object ''

2018-05-15 19:12:22 - [MESSAGE][PASSED] - All options with index in [2] are selected on object ''

2018-05-15 19:12:22 - [TEST_STEP][PASSED] - Statement - batch = new com.kms.katalon.core.testobject.TestObject(): null

2018-05-15 19:12:22 - [TEST_STEP][PASSED] - Statement - batch = com.kms.katalon.core.webui.keyword.WebUiBuiltInKeywords.modifyObjectProperty(batch, "xpath", "equals", "//*[@id = "txtbthqty" + row + ""]", true): Modify property of object successfully

2018-05-15 19:12:22 - [MESSAGE][PASSED] - Modify property of object successfully

2018-05-15 19:12:22 - [TEST_STEP][PASSED] - Statement - batchqty = com.kms.katalon.core.webui.keyword.WebUiBuiltInKeywords.getAttribute(batch, "value").trim(): Attribute 'value' of object '' is: '200'

2018-05-15 19:12:23 - [MESSAGE][PASSED] - Attribute 'value' of object '' is: '200'

2018-05-15 19:12:23 - [TEST_STEP][PASSED] - Statement - Rqty = 10000: null

2018-05-15 19:12:23 - [TEST_STEP][PASSED] - delay: Delayed 2 second(s)

2018-05-15 19:12:25 - [MESSAGE][PASSED] - Delayed 2 second(s)

2018-05-15 19:12:25 - [TEST_STEP][PASSED] - Statement - out.println("BatchQty : " + batchqty): null

2018-05-15 19:12:25 - [TEST_STEP][PASSED] - Statement - out.println("RQty : " + Rqty): null

2018-05-15 19:12:25 - [TEST_STEP][PASSED] - Statement - If (java.lang.Integer.valueOf(batchqty) >= java.lang.Integer.valueOf(Rqty)): null

2018-05-15 19:12:25 - [TEST_STEP][PASSED] - Statement - Else: null

2018-05-15 19:12:25 - [TEST_STEP][PASSED] - Statement - out.println("Batchqty Is Less Than Rqty"): null

2018-05-15 19:12:25 - [TEST_STEP][PASSED] - Statement - product = new com.kms.katalon.core.testobject.TestObject(): null

2018-05-15 19:12:25 - [TEST_STEP][PASSED] - Statement - product = com.kms.katalon.core.webui.keyword.WebUiBuiltInKeywords.modifyObjectProperty(product, "xpath", "equals", "//*[@id = "fldvendor" + row + ""]", true): Modify property of object successfully

2018-05-15 19:12:25 - [MESSAGE][PASSED] - Modify property of object successfully

2018-05-15 19:12:25 - [TEST_STEP][PASSED] - selectOptionByIndex: All options with index in [3] are selected on object ''

2018-05-15 19:12:25 - [MESSAGE][PASSED] - All options with index in [3] are selected on object ''

2018-05-15 19:12:25 - [TEST_STEP][PASSED] - Statement - batch = new com.kms.katalon.core.testobject.TestObject(): null

2018-05-15 19:12:25 - [TEST_STEP][PASSED] - Statement - batch = com.kms.katalon.core.webui.keyword.WebUiBuiltInKeywords.modifyObjectProperty(batch, "xpath", "equals", "//*[@id = "txtbthqty" + row + ""]", true): Modify property of object successfully

2018-05-15 19:12:25 - [MESSAGE][PASSED] - Modify property of object successfully

2018-05-15 19:12:25 - [TEST_STEP][PASSED] - Statement - batchqty = com.kms.katalon.core.webui.keyword.WebUiBuiltInKeywords.getAttribute(batch, "value").trim(): Attribute 'value' of object '' is: '200'

2018-05-15 19:12:25 - [MESSAGE][PASSED] - Attribute 'value' of object '' is: '200'

2018-05-15 19:12:25 - [TEST_STEP][PASSED] - Statement - Rqty = 10000: null

2018-05-15 19:12:25 - [TEST_STEP][PASSED] - delay: Delayed 2 second(s)

2018-05-15 19:12:27 - [MESSAGE][PASSED] - Delayed 2 second(s)

2018-05-15 19:12:27 - [TEST_STEP][PASSED] - Statement - out.println("BatchQty : " + batchqty): null

2018-05-15 19:12:27 - [TEST_STEP][PASSED] - Statement - out.println("RQty : " + Rqty): null

2018-05-15 19:12:27 - [TEST_STEP][PASSED] - Statement - If (java.lang.Integer.valueOf(batchqty) >= java.lang.Integer.valueOf(Rqty)): null

2018-05-15 19:12:27 - [TEST_STEP][PASSED] - Statement - Else: null

2018-05-15 19:12:27 - [TEST_STEP][PASSED] - Statement - out.println("Batchqty Is Less Than Rqty"): null

2018-05-15 19:12:27 - [TEST_STEP][PASSED] - Statement - product = new com.kms.katalon.core.testobject.TestObject(): null

2018-05-15 19:12:27 - [TEST_STEP][PASSED] - Statement - product = com.kms.katalon.core.webui.keyword.WebUiBuiltInKeywords.modifyObjectProperty(product, "xpath", "equals", "//*[@id = "fldvendor" + row + ""]", true): Modify property of object successfully

2018-05-15 19:12:27 - [MESSAGE][PASSED] - Modify property of object successfully

2018-05-15 19:12:27 - [TEST_STEP][PASSED] - selectOptionByIndex: All options with index in [4] are selected on object ''

2018-05-15 19:12:27 - [MESSAGE][PASSED] - All options with index in [4] are selected on object ''

2018-05-15 19:12:27 - [TEST_STEP][PASSED] - Statement - batch = new com.kms.katalon.core.testobject.TestObject(): null

2018-05-15 19:12:27 - [TEST_STEP][PASSED] - Statement - batch = com.kms.katalon.core.webui.keyword.WebUiBuiltInKeywords.modifyObjectProperty(batch, "xpath", "equals", "//*[@id = "txtbthqty" + row + ""]", true): Modify property of object successfully

2018-05-15 19:12:27 - [MESSAGE][PASSED] - Modify property of object successfully

2018-05-15 19:12:27 - [TEST_STEP][PASSED] - Statement - batchqty = com.kms.katalon.core.webui.keyword.WebUiBuiltInKeywords.getAttribute(batch, "value").trim(): Attribute 'value' of object '' is: '5000'

2018-05-15 19:12:27 - [MESSAGE][PASSED] - Attribute 'value' of object '' is: '5000'

2018-05-15 19:12:27 - [TEST_STEP][PASSED] - Statement - Rqty = 10000: null

2018-05-15 19:12:27 - [TEST_STEP][PASSED] - delay: Delayed 2 second(s)

2018-05-15 19:12:29 - [MESSAGE][PASSED] - Delayed 2 second(s)

2018-05-15 19:12:29 - [TEST_STEP][PASSED] - Statement - out.println("BatchQty : " + batchqty): null

2018-05-15 19:12:29 - [TEST_STEP][PASSED] - Statement - out.println("RQty : " + Rqty): null

2018-05-15 19:12:29 - [TEST_STEP][PASSED] - Statement - If (java.lang.Integer.valueOf(batchqty) >= java.lang.Integer.valueOf(Rqty)): null

2018-05-15 19:12:29 - [TEST_STEP][PASSED] - Statement - Else: null

2018-05-15 19:12:29 - [TEST_STEP][PASSED] - Statement - out.println("Batchqty Is Less Than Rqty"): null

2018-05-15 19:12:29 - [TEST_STEP][PASSED] - Statement - batchlength = new com.kms.katalon.core.testobject.TestObject(): null

2018-05-15 19:12:29 - [TEST_STEP][PASSED] - Statement - batchlength = com.kms.katalon.core.webui.keyword.WebUiBuiltInKeywords.modifyObjectProperty(batchlength, "xpath", "equals", "//*[@id = "fldvendor" + row + ""]", true): Modify property of object successfully

2018-05-15 19:12:29 - [MESSAGE][PASSED] - Modify property of object successfully

2018-05-15 19:12:29 - [TEST_STEP][PASSED] - Statement - batchsize = com.kms.katalon.core.webui.keyword.WebUiBuiltInKeywords.getNumberOfTotalOption(batchlength): 5 options of object '' counted

2018-05-15 19:12:29 - [MESSAGE][PASSED] - 5 options of object '' counted

2018-05-15 19:12:29 - [TEST_STEP][PASSED] - Statement - out.println("BatchSize : " + batchsize): null

2018-05-15 19:12:29 - [TEST_STEP][PASSED] - Statement - For ([n = 1, n <= batchsize - 1, (n++)]): null

2018-05-15 19:12:29 - [TEST_STEP][PASSED] - Statement - product = new com.kms.katalon.core.testobject.TestObject(): null

2018-05-15 19:12:29 - [TEST_STEP][PASSED] - Statement - product = com.kms.katalon.core.webui.keyword.WebUiBuiltInKeywords.modifyObjectProperty(product, "xpath", "equals", "//*[@id = "fldvendor" + row + ""]", true): Modify property of object successfully

2018-05-15 19:12:29 - [MESSAGE][PASSED] - Modify property of object successfully

2018-05-15 19:12:29 - [TEST_STEP][PASSED] - selectOptionByIndex: All options with index in [1] are selected on object ''

2018-05-15 19:12:29 - [MESSAGE][PASSED] - All options with index in [1] are selected on object ''

2018-05-15 19:12:29 - [TEST_STEP][PASSED] - Statement - batch = new com.kms.katalon.core.testobject.TestObject(): null

2018-05-15 19:12:29 - [TEST_STEP][PASSED] - Statement - batch = com.kms.katalon.core.webui.keyword.WebUiBuiltInKeywords.modifyObjectProperty(batch, "xpath", "equals", "//*[@id = "txtbthqty" + row + ""]", true): Modify property of object successfully

2018-05-15 19:12:29 - [MESSAGE][PASSED] - Modify property of object successfully

2018-05-15 19:12:29 - [TEST_STEP][PASSED] - Statement - batchqty = com.kms.katalon.core.webui.keyword.WebUiBuiltInKeywords.getAttribute(batch, "value").trim(): Attribute 'value' of object '' is: '5000'

2018-05-15 19:12:29 - [MESSAGE][PASSED] - Attribute 'value' of object '' is: '5000'

2018-05-15 19:12:29 - [TEST_STEP][PASSED] - Statement - Rqty = 10000: null

2018-05-15 19:12:29 - [TEST_STEP][PASSED] - delay: Delayed 2 second(s)

2018-05-15 19:12:31 - [MESSAGE][PASSED] - Delayed 2 second(s)

2018-05-15 19:12:31 - [TEST_STEP][PASSED] - Statement - out.println("BatchQty : " + batchqty): null

2018-05-15 19:12:31 - [TEST_STEP][PASSED] - Statement - out.println("RQty : " + Rqty): null

2018-05-15 19:12:31 - [TEST_STEP][PASSED] - Statement - If (java.lang.Integer.valueOf(batchqty) >= java.lang.Integer.valueOf(Rqty)): null

2018-05-15 19:12:31 - [TEST_STEP][PASSED] - Statement - Else: null

2018-05-15 19:12:31 - [TEST_STEP][PASSED] - Statement - out.println("Batchqty Is Less Than Rqty"): null

2018-05-15 19:12:31 - [TEST_STEP][PASSED] - Statement - product = new com.kms.katalon.core.testobject.TestObject(): null

2018-05-15 19:12:31 - [TEST_STEP][PASSED] - Statement - product = com.kms.katalon.core.webui.keyword.WebUiBuiltInKeywords.modifyObjectProperty(product, "xpath", "equals", "//*[@id = "fldvendor" + row + ""]", true): Modify property of object successfully

2018-05-15 19:12:31 - [MESSAGE][PASSED] - Modify property of object successfully

2018-05-15 19:12:31 - [TEST_STEP][PASSED] - selectOptionByIndex: All options with index in [2] are selected on object ''

2018-05-15 19:12:31 - [MESSAGE][PASSED] - All options with index in [2] are selected on object ''

2018-05-15 19:12:31 - [TEST_STEP][PASSED] - Statement - batch = new com.kms.katalon.core.testobject.TestObject(): null

2018-05-15 19:12:31 - [TEST_STEP][PASSED] - Statement - batch = com.kms.katalon.core.webui.keyword.WebUiBuiltInKeywords.modifyObjectProperty(batch, "xpath", "equals", "//*[@id = "txtbthqty" + row + ""]", true): Modify property of object successfully

2018-05-15 19:12:31 - [MESSAGE][PASSED] - Modify property of object successfully

2018-05-15 19:12:31 - [TEST_STEP][PASSED] - Statement - batchqty = com.kms.katalon.core.webui.keyword.WebUiBuiltInKeywords.getAttribute(batch, "value").trim(): Attribute 'value' of object '' is: '200'

2018-05-15 19:12:31 - [MESSAGE][PASSED] - Attribute 'value' of object '' is: '200'

2018-05-15 19:12:31 - [TEST_STEP][PASSED] - Statement - Rqty = 10000: null

2018-05-15 19:12:31 - [TEST_STEP][PASSED] - delay: Delayed 2 second(s)

2018-05-15 19:12:33 - [MESSAGE][PASSED] - Delayed 2 second(s)

2018-05-15 19:12:33 - [TEST_STEP][PASSED] - Statement - out.println("BatchQty : " + batchqty): null

2018-05-15 19:12:33 - [TEST_STEP][PASSED] - Statement - out.println("RQty : " + Rqty): null

2018-05-15 19:12:33 - [TEST_STEP][PASSED] - Statement - If (java.lang.Integer.valueOf(batchqty) >= java.lang.Integer.valueOf(Rqty)): null

2018-05-15 19:12:33 - [TEST_STEP][PASSED] - Statement - Else: null

2018-05-15 19:12:33 - [TEST_STEP][PASSED] - Statement - out.println("Batchqty Is Less Than Rqty"): null

2018-05-15 19:12:33 - [TEST_STEP][PASSED] - Statement - product = new com.kms.katalon.core.testobject.TestObject(): null

2018-05-15 19:12:33 - [TEST_STEP][PASSED] - Statement - product = com.kms.katalon.core.webui.keyword.WebUiBuiltInKeywords.modifyObjectProperty(product, "xpath", "equals", "//*[@id = "fldvendor" + row + ""]", true): Modify property of object successfully

2018-05-15 19:12:33 - [MESSAGE][PASSED] - Modify property of object successfully

2018-05-15 19:12:33 - [TEST_STEP][PASSED] - selectOptionByIndex: All options with index in [3] are selected on object ''

2018-05-15 19:12:34 - [MESSAGE][PASSED] - All options with index in [3] are selected on object ''

2018-05-15 19:12:34 - [TEST_STEP][PASSED] - Statement - batch = new com.kms.katalon.core.testobject.TestObject(): null

2018-05-15 19:12:34 - [TEST_STEP][PASSED] - Statement - batch = com.kms.katalon.core.webui.keyword.WebUiBuiltInKeywords.modifyObjectProperty(batch, "xpath", "equals", "//*[@id = "txtbthqty" + row + ""]", true): Modify property of object successfully

2018-05-15 19:12:34 - [MESSAGE][PASSED] - Modify property of object successfully

2018-05-15 19:12:34 - [TEST_STEP][PASSED] - Statement - batchqty = com.kms.katalon.core.webui.keyword.WebUiBuiltInKeywords.getAttribute(batch, "value").trim(): Attribute 'value' of object '' is: '200'

2018-05-15 19:12:34 - [MESSAGE][PASSED] - Attribute 'value' of object '' is: '200'

2018-05-15 19:12:34 - [TEST_STEP][PASSED] - Statement - Rqty = 10000: null

2018-05-15 19:12:34 - [TEST_STEP][PASSED] - delay: Delayed 2 second(s)

2018-05-15 19:12:36 - [MESSAGE][PASSED] - Delayed 2 second(s)

2018-05-15 19:12:36 - [TEST_STEP][PASSED] - Statement - out.println("BatchQty : " + batchqty): null

2018-05-15 19:12:36 - [TEST_STEP][PASSED] - Statement - out.println("RQty : " + Rqty): null

2018-05-15 19:12:36 - [TEST_STEP][PASSED] - Statement - If (java.lang.Integer.valueOf(batchqty) >= java.lang.Integer.valueOf(Rqty)): null

2018-05-15 19:12:36 - [TEST_STEP][PASSED] - Statement - Else: null

2018-05-15 19:12:36 - [TEST_STEP][PASSED] - Statement - out.println("Batchqty Is Less Than Rqty"): null

2018-05-15 19:12:36 - [TEST_STEP][PASSED] - Statement - product = new com.kms.katalon.core.testobject.TestObject(): null

2018-05-15 19:12:36 - [TEST_STEP][PASSED] - Statement - product = com.kms.katalon.core.webui.keyword.WebUiBuiltInKeywords.modifyObjectProperty(product, "xpath", "equals", "//*[@id = "fldvendor" + row + ""]", true): Modify property of object successfully

2018-05-15 19:12:36 - [MESSAGE][PASSED] - Modify property of object successfully

2018-05-15 19:12:36 - [TEST_STEP][PASSED] - selectOptionByIndex: All options with index in [4] are selected on object ''

2018-05-15 19:12:36 - [MESSAGE][PASSED] - All options with index in [4] are selected on object ''

2018-05-15 19:12:36 - [TEST_STEP][PASSED] - Statement - batch = new com.kms.katalon.core.testobject.TestObject(): null

2018-05-15 19:12:36 - [TEST_STEP][PASSED] - Statement - batch = com.kms.katalon.core.webui.keyword.WebUiBuiltInKeywords.modifyObjectProperty(batch, "xpath", "equals", "//*[@id = "txtbthqty" + row + ""]", true): Modify property of object successfully

2018-05-15 19:12:36 - [MESSAGE][PASSED] - Modify property of object successfully

2018-05-15 19:12:36 - [TEST_STEP][PASSED] - Statement - batchqty = com.kms.katalon.core.webui.keyword.WebUiBuiltInKeywords.getAttribute(batch, "value").trim(): Attribute 'value' of object '' is: '5000'

2018-05-15 19:12:36 - [MESSAGE][PASSED] - Attribute 'value' of object '' is: '5000'

2018-05-15 19:12:36 - [TEST_STEP][PASSED] - Statement - Rqty = 10000: null

2018-05-15 19:12:36 - [TEST_STEP][PASSED] - delay: Delayed 2 second(s)

2018-05-15 19:12:38 - [MESSAGE][PASSED] - Delayed 2 second(s)

2018-05-15 19:12:38 - [TEST_STEP][PASSED] - Statement - out.println("BatchQty : " + batchqty): null

2018-05-15 19:12:38 - [TEST_STEP][PASSED] - Statement - out.println("RQty : " + Rqty): null

2018-05-15 19:12:38 - [TEST_STEP][PASSED] - Statement - If (java.lang.Integer.valueOf(batchqty) >= java.lang.Integer.valueOf(Rqty)): null

2018-05-15 19:12:38 - [TEST_STEP][PASSED] - Statement - Else: null

2018-05-15 19:12:38 - [TEST_STEP][PASSED] - Statement - out.println("Batchqty Is Less Than Rqty"): null

2018-05-15 19:12:38 - [TEST_STEP][PASSED] - Statement - batchlength = new com.kms.katalon.core.testobject.TestObject(): null

2018-05-15 19:12:38 - [TEST_STEP][PASSED] - Statement - batchlength = com.kms.katalon.core.webui.keyword.WebUiBuiltInKeywords.modifyObjectProperty(batchlength, "xpath", "equals", "//*[@id = "fldvendor" + row + ""]", true): Modify property of object successfully

2018-05-15 19:12:38 - [MESSAGE][PASSED] - Modify property of object successfully

2018-05-15 19:12:38 - [TEST_STEP][PASSED] - Statement - batchsize = com.kms.katalon.core.webui.keyword.WebUiBuiltInKeywords.getNumberOfTotalOption(batchlength): 5 options of object '' counted

2018-05-15 19:12:38 - [MESSAGE][PASSED] - 5 options of object '' counted

2018-05-15 19:12:38 - [TEST_STEP][PASSED] - Statement - out.println("BatchSize : " + batchsize): null

2018-05-15 19:12:38 - [TEST_STEP][PASSED] - Statement - For ([n = 1, n <= batchsize - 1, (n++)]): null

2018-05-15 19:12:38 - [TEST_STEP][PASSED] - Statement - product = new com.kms.katalon.core.testobject.TestObject(): null

2018-05-15 19:12:38 - [TEST_STEP][PASSED] - Statement - product = com.kms.katalon.core.webui.keyword.WebUiBuiltInKeywords.modifyObjectProperty(product, "xpath", "equals", "//*[@id = "fldvendor" + row + ""]", true): Modify property of object successfully

2018-05-15 19:12:38 - [MESSAGE][PASSED] - Modify property of object successfully

2018-05-15 19:12:38 - [TEST_STEP][PASSED] - selectOptionByIndex: All options with index in [1] are selected on object ''

2018-05-15 19:12:38 - [MESSAGE][PASSED] - All options with index in [1] are selected on object ''

2018-05-15 19:12:38 - [TEST_STEP][PASSED] - Statement - batch = new com.kms.katalon.core.testobject.TestObject(): null

2018-05-15 19:12:38 - [TEST_STEP][PASSED] - Statement - batch = com.kms.katalon.core.webui.keyword.WebUiBuiltInKeywords.modifyObjectProperty(batch, "xpath", "equals", "//*[@id = "txtbthqty" + row + ""]", true): Modify property of object successfully

2018-05-15 19:12:38 - [MESSAGE][PASSED] - Modify property of object successfully

2018-05-15 19:12:38 - [TEST_STEP][PASSED] - Statement - batchqty = com.kms.katalon.core.webui.keyword.WebUiBuiltInKeywords.getAttribute(batch, "value").trim(): Attribute 'value' of object '' is: '5000'

2018-05-15 19:12:38 - [MESSAGE][PASSED] - Attribute 'value' of object '' is: '5000'

2018-05-15 19:12:38 - [TEST_STEP][PASSED] - Statement - Rqty = 10000: null

2018-05-15 19:12:38 - [TEST_STEP][PASSED] - delay: Delayed 2 second(s)

2018-05-15 19:12:40 - [MESSAGE][PASSED] - Delayed 2 second(s)

2018-05-15 19:12:40 - [TEST_STEP][PASSED] - Statement - out.println("BatchQty : " + batchqty): null

2018-05-15 19:12:40 - [TEST_STEP][PASSED] - Statement - out.println("RQty : " + Rqty): null

2018-05-15 19:12:40 - [TEST_STEP][PASSED] - Statement - If (java.lang.Integer.valueOf(batchqty) >= java.lang.Integer.valueOf(Rqty)): null

2018-05-15 19:12:40 - [TEST_STEP][PASSED] - Statement - Else: null

2018-05-15 19:12:40 - [TEST_STEP][PASSED] - Statement - out.println("Batchqty Is Less Than Rqty"): null

2018-05-15 19:12:40 - [TEST_STEP][PASSED] - Statement - product = new com.kms.katalon.core.testobject.TestObject(): null

2018-05-15 19:12:40 - [TEST_STEP][PASSED] - Statement - product = com.kms.katalon.core.webui.keyword.WebUiBuiltInKeywords.modifyObjectProperty(product, "xpath", "equals", "//*[@id = "fldvendor" + row + ""]", true): Modify property of object successfully

2018-05-15 19:12:40 - [MESSAGE][PASSED] - Modify property of object successfully

2018-05-15 19:12:40 - [TEST_STEP][PASSED] - selectOptionByIndex: All options with index in [2] are selected on object ''

2018-05-15 19:12:40 - [MESSAGE][PASSED] - All options with index in [2] are selected on object ''

2018-05-15 19:12:40 - [TEST_STEP][PASSED] - Statement - batch = new com.kms.katalon.core.testobject.TestObject(): null

2018-05-15 19:12:40 - [TEST_STEP][PASSED] - Statement - batch = com.kms.katalon.core.webui.keyword.WebUiBuiltInKeywords.modifyObjectProperty(batch, "xpath", "equals", "//*[@id = "txtbthqty" + row + ""]", true): Modify property of object successfully

2018-05-15 19:12:40 - [MESSAGE][PASSED] - Modify property of object successfully

2018-05-15 19:12:40 - [TEST_STEP][PASSED] - Statement - batchqty = com.kms.katalon.core.webui.keyword.WebUiBuiltInKeywords.getAttribute(batch, "value").trim(): Attribute 'value' of object '' is: '200'

2018-05-15 19:12:40 - [MESSAGE][PASSED] - Attribute 'value' of object '' is: '200'

2018-05-15 19:12:40 - [TEST_STEP][PASSED] - Statement - Rqty = 10000: null

2018-05-15 19:12:40 - [TEST_STEP][PASSED] - delay: Delayed 2 second(s)

2018-05-15 19:12:42 - [MESSAGE][PASSED] - Delayed 2 second(s)

2018-05-15 19:12:42 - [TEST_STEP][PASSED] - Statement - out.println("BatchQty : " + batchqty): null

2018-05-15 19:12:42 - [TEST_STEP][PASSED] - Statement - out.println("RQty : " + Rqty): null

2018-05-15 19:12:42 - [TEST_STEP][PASSED] - Statement - If (java.lang.Integer.valueOf(batchqty) >= java.lang.Integer.valueOf(Rqty)): null

2018-05-15 19:12:42 - [TEST_STEP][PASSED] - Statement - Else: null

2018-05-15 19:12:42 - [TEST_STEP][PASSED] - Statement - out.println("Batchqty Is Less Than Rqty"): null

2018-05-15 19:12:42 - [TEST_STEP][PASSED] - Statement - product = new com.kms.katalon.core.testobject.TestObject(): null

2018-05-15 19:12:42 - [TEST_STEP][PASSED] - Statement - product = com.kms.katalon.core.webui.keyword.WebUiBuiltInKeywords.modifyObjectProperty(product, "xpath", "equals", "//*[@id = "fldvendor" + row + ""]", true): Modify property of object successfully

2018-05-15 19:12:42 - [MESSAGE][PASSED] - Modify property of object successfully

2018-05-15 19:12:42 - [TEST_STEP][PASSED] - selectOptionByIndex: All options with index in [3] are selected on object ''

2018-05-15 19:12:43 - [MESSAGE][PASSED] - All options with index in [3] are selected on object ''

2018-05-15 19:12:43 - [TEST_STEP][PASSED] - Statement - batch = new com.kms.katalon.core.testobject.TestObject(): null

2018-05-15 19:12:43 - [TEST_STEP][PASSED] - Statement - batch = com.kms.katalon.core.webui.keyword.WebUiBuiltInKeywords.modifyObjectProperty(batch, "xpath", "equals", "//*[@id = "txtbthqty" + row + ""]", true): Modify property of object successfully

2018-05-15 19:12:43 - [MESSAGE][PASSED] - Modify property of object successfully

2018-05-15 19:12:43 - [TEST_STEP][PASSED] - Statement - batchqty = com.kms.katalon.core.webui.keyword.WebUiBuiltInKeywords.getAttribute(batch, "value").trim(): Attribute 'value' of object '' is: '200'

2018-05-15 19:12:43 - [MESSAGE][PASSED] - Attribute 'value' of object '' is: '200'

2018-05-15 19:12:43 - [TEST_STEP][PASSED] - Statement - Rqty = 10000: null

2018-05-15 19:12:43 - [TEST_STEP][PASSED] - delay: Delayed 2 second(s)

2018-05-15 19:12:45 - [MESSAGE][PASSED] - Delayed 2 second(s)

2018-05-15 19:12:45 - [TEST_STEP][PASSED] - Statement - out.println("BatchQty : " + batchqty): null

2018-05-15 19:12:45 - [TEST_STEP][PASSED] - Statement - out.println("RQty : " + Rqty): null

2018-05-15 19:12:45 - [TEST_STEP][PASSED] - Statement - If (java.lang.Integer.valueOf(batchqty) >= java.lang.Integer.valueOf(Rqty)): null

2018-05-15 19:12:45 - [TEST_STEP][PASSED] - Statement - Else: null

2018-05-15 19:12:45 - [TEST_STEP][PASSED] - Statement - out.println("Batchqty Is Less Than Rqty"): null

2018-05-15 19:12:45 - [TEST_STEP][PASSED] - Statement - product = new com.kms.katalon.core.testobject.TestObject(): null

2018-05-15 19:12:45 - [TEST_STEP][PASSED] - Statement - product = com.kms.katalon.core.webui.keyword.WebUiBuiltInKeywords.modifyObjectProperty(product, "xpath", "equals", "//*[@id = "fldvendor" + row + ""]", true): Modify property of object successfully

2018-05-15 19:12:45 - [MESSAGE][PASSED] - Modify property of object successfully

2018-05-15 19:12:45 - [TEST_STEP][PASSED] - selectOptionByIndex: All options with index in [4] are selected on object ''

2018-05-15 19:12:45 - [MESSAGE][PASSED] - All options with index in [4] are selected on object ''

2018-05-15 19:12:45 - [TEST_STEP][PASSED] - Statement - batch = new com.kms.katalon.core.testobject.TestObject(): null

2018-05-15 19:12:45 - [TEST_STEP][PASSED] - Statement - batch = com.kms.katalon.core.webui.keyword.WebUiBuiltInKeywords.modifyObjectProperty(batch, "xpath", "equals", "//*[@id = "txtbthqty" + row + ""]", true): Modify property of object successfully

2018-05-15 19:12:45 - [MESSAGE][PASSED] - Modify property of object successfully

2018-05-15 19:12:45 - [TEST_STEP][PASSED] - Statement - batchqty = com.kms.katalon.core.webui.keyword.WebUiBuiltInKeywords.getAttribute(batch, "value").trim(): Attribute 'value' of object '' is: '5000'

2018-05-15 19:12:45 - [MESSAGE][PASSED] - Attribute 'value' of object '' is: '5000'

2018-05-15 19:12:45 - [TEST_STEP][PASSED] - Statement - Rqty = 10000: null

2018-05-15 19:12:45 - [TEST_STEP][PASSED] - delay: Delayed 2 second(s)

2018-05-15 19:12:47 - [MESSAGE][PASSED] - Delayed 2 second(s)

2018-05-15 19:12:47 - [TEST_STEP][PASSED] - Statement - out.println("BatchQty : " + batchqty): null

2018-05-15 19:12:47 - [TEST_STEP][PASSED] - Statement - out.println("RQty : " + Rqty): null

2018-05-15 19:12:47 - [TEST_STEP][PASSED] - Statement - If (java.lang.Integer.valueOf(batchqty) >= java.lang.Integer.valueOf(Rqty)): null

2018-05-15 19:12:47 - [TEST_STEP][PASSED] - Statement - Else: null

2018-05-15 19:12:47 - [TEST_STEP][PASSED] - Statement - out.println("Batchqty Is Less Than Rqty"): null

2018-05-15 19:12:47 - [TEST_STEP][PASSED] - Statement - batchlength = new com.kms.katalon.core.testobject.TestObject(): null

2018-05-15 19:12:47 - [TEST_STEP][PASSED] - Statement - batchlength = com.kms.katalon.core.webui.keyword.WebUiBuiltInKeywords.modifyObjectProperty(batchlength, "xpath", "equals", "//*[@id = "fldvendor" + row + ""]", true): Modify property of object successfully

2018-05-15 19:12:47 - [MESSAGE][PASSED] - Modify property of object successfully

2018-05-15 19:12:47 - [TEST_STEP][PASSED] - Statement - batchsize = com.kms.katalon.core.webui.keyword.WebUiBuiltInKeywords.getNumberOfTotalOption(batchlength): 5 options of object '' counted

2018-05-15 19:12:47 - [MESSAGE][PASSED] - 5 options of object '' counted

2018-05-15 19:12:47 - [TEST_STEP][PASSED] - Statement - out.println("BatchSize : " + batchsize): null

2018-05-15 19:12:47 - [TEST_STEP][PASSED] - Statement - For ([n = 1, n <= batchsize - 1, (n++)]): null

2018-05-15 19:12:47 - [TEST_STEP][PASSED] - Statement - product = new com.kms.katalon.core.testobject.TestObject(): null

2018-05-15 19:12:47 - [TEST_STEP][PASSED] - Statement - product = com.kms.katalon.core.webui.keyword.WebUiBuiltInKeywords.modifyObjectProperty(product, "xpath", "equals", "//*[@id = "fldvendor" + row + ""]", true): Modify property of object successfully

2018-05-15 19:12:47 - [MESSAGE][PASSED] - Modify property of object successfully

2018-05-15 19:12:47 - [TEST_STEP][PASSED] - selectOptionByIndex: All options with index in [1] are selected on object ''

2018-05-15 19:12:47 - [MESSAGE][PASSED] - All options with index in [1] are selected on object ''

2018-05-15 19:12:47 - [TEST_STEP][PASSED] - Statement - batch = new com.kms.katalon.core.testobject.TestObject(): null

2018-05-15 19:12:47 - [TEST_STEP][PASSED] - Statement - batch = com.kms.katalon.core.webui.keyword.WebUiBuiltInKeywords.modifyObjectProperty(batch, "xpath", "equals", "//*[@id = "txtbthqty" + row + ""]", true): Modify property of object successfully

2018-05-15 19:12:47 - [MESSAGE][PASSED] - Modify property of object successfully

2018-05-15 19:12:47 - [TEST_STEP][PASSED] - Statement - batchqty = com.kms.katalon.core.webui.keyword.WebUiBuiltInKeywords.getAttribute(batch, "value").trim(): Attribute 'value' of object '' is: '200'

2018-05-15 19:12:47 - [MESSAGE][PASSED] - Attribute 'value' of object '' is: '200'

2018-05-15 19:12:47 - [TEST_STEP][PASSED] - Statement - Rqty = 10000: null

2018-05-15 19:12:47 - [TEST_STEP][PASSED] - delay: Delayed 2 second(s)

2018-05-15 19:12:49 - [MESSAGE][PASSED] - Delayed 2 second(s)

2018-05-15 19:12:49 - [TEST_STEP][PASSED] - Statement - out.println("BatchQty : " + batchqty): null

2018-05-15 19:12:49 - [TEST_STEP][PASSED] - Statement - out.println("RQty : " + Rqty): null

2018-05-15 19:12:49 - [TEST_STEP][PASSED] - Statement - If (java.lang.Integer.valueOf(batchqty) >= java.lang.Integer.valueOf(Rqty)): null

2018-05-15 19:12:49 - [TEST_STEP][PASSED] - Statement - Else: null

2018-05-15 19:12:49 - [TEST_STEP][PASSED] - Statement - out.println("Batchqty Is Less Than Rqty"): null

2018-05-15 19:12:49 - [TEST_STEP][PASSED] - Statement - product = new com.kms.katalon.core.testobject.TestObject(): null

2018-05-15 19:12:49 - [TEST_STEP][PASSED] - Statement - product = com.kms.katalon.core.webui.keyword.WebUiBuiltInKeywords.modifyObjectProperty(product, "xpath", "equals", "//*[@id = "fldvendor" + row + ""]", true): Modify property of object successfully

2018-05-15 19:12:49 - [MESSAGE][PASSED] - Modify property of object successfully

2018-05-15 19:12:49 - [TEST_STEP][PASSED] - selectOptionByIndex: All options with index in [2] are selected on object ''

2018-05-15 19:12:49 - [MESSAGE][PASSED] - All options with index in [2] are selected on object ''

2018-05-15 19:12:49 - [TEST_STEP][PASSED] - Statement - batch = new com.kms.katalon.core.testobject.TestObject(): null

2018-05-15 19:12:49 - [TEST_STEP][PASSED] - Statement - batch = com.kms.katalon.core.webui.keyword.WebUiBuiltInKeywords.modifyObjectProperty(batch, "xpath", "equals", "//*[@id = "txtbthqty" + row + ""]", true): Modify property of object successfully

2018-05-15 19:12:49 - [MESSAGE][PASSED] - Modify property of object successfully

2018-05-15 19:12:49 - [TEST_STEP][PASSED] - Statement - batchqty = com.kms.katalon.core.webui.keyword.WebUiBuiltInKeywords.getAttribute(batch, "value").trim(): Attribute 'value' of object '' is: '200'

2018-05-15 19:12:49 - [MESSAGE][PASSED] - Attribute 'value' of object '' is: '200'

2018-05-15 19:12:49 - [TEST_STEP][PASSED] - Statement - Rqty = 10000: null

2018-05-15 19:12:49 - [TEST_STEP][PASSED] - delay: Delayed 2 second(s)

2018-05-15 19:12:51 - [MESSAGE][PASSED] - Delayed 2 second(s)

2018-05-15 19:12:51 - [TEST_STEP][PASSED] - Statement - out.println("BatchQty : " + batchqty): null

2018-05-15 19:12:51 - [TEST_STEP][PASSED] - Statement - out.println("RQty : " + Rqty): null

2018-05-15 19:12:51 - [TEST_STEP][PASSED] - Statement - If (java.lang.Integer.valueOf(batchqty) >= java.lang.Integer.valueOf(Rqty)): null

2018-05-15 19:12:51 - [TEST_STEP][PASSED] - Statement - Else: null

2018-05-15 19:12:51 - [TEST_STEP][PASSED] - Statement - out.println("Batchqty Is Less Than Rqty"): null

2018-05-15 19:12:51 - [TEST_STEP][PASSED] - Statement - product = new com.kms.katalon.core.testobject.TestObject(): null

2018-05-15 19:12:51 - [TEST_STEP][PASSED] - Statement - product = com.kms.katalon.core.webui.keyword.WebUiBuiltInKeywords.modifyObjectProperty(product, "xpath", "equals", "//*[@id = "fldvendor" + row + ""]", true): Modify property of object successfully

2018-05-15 19:12:51 - [MESSAGE][PASSED] - Modify property of object successfully

2018-05-15 19:12:51 - [TEST_STEP][PASSED] - selectOptionByIndex: All options with index in [3] are selected on object ''

2018-05-15 19:12:51 - [MESSAGE][PASSED] - All options with index in [3] are selected on object ''

2018-05-15 19:12:51 - [TEST_STEP][PASSED] - Statement - batch = new com.kms.katalon.core.testobject.TestObject(): null

2018-05-15 19:12:51 - [TEST_STEP][PASSED] - Statement - batch = com.kms.katalon.core.webui.keyword.WebUiBuiltInKeywords.modifyObjectProperty(batch, "xpath", "equals", "//*[@id = "txtbthqty" + row + ""]", true): Modify property of object successfully

2018-05-15 19:12:51 - [MESSAGE][PASSED] - Modify property of object successfully

2018-05-15 19:12:51 - [TEST_STEP][PASSED] - Statement - batchqty = com.kms.katalon.core.webui.keyword.WebUiBuiltInKeywords.getAttribute(batch, "value").trim(): Attribute 'value' of object '' is: '5000'

2018-05-15 19:12:52 - [MESSAGE][PASSED] - Attribute 'value' of object '' is: '5000'

2018-05-15 19:12:52 - [TEST_STEP][PASSED] - Statement - Rqty = 10000: null

2018-05-15 19:12:52 - [TEST_STEP][PASSED] - delay: Delayed 2 second(s)

2018-05-15 19:12:54 - [MESSAGE][PASSED] - Delayed 2 second(s)

2018-05-15 19:12:54 - [TEST_STEP][PASSED] - Statement - out.println("BatchQty : " + batchqty): null

2018-05-15 19:12:54 - [TEST_STEP][PASSED] - Statement - out.println("RQty : " + Rqty): null

2018-05-15 19:12:54 - [TEST_STEP][PASSED] - Statement - If (java.lang.Integer.valueOf(batchqty) >= java.lang.Integer.valueOf(Rqty)): null

2018-05-15 19:12:54 - [TEST_STEP][PASSED] - Statement - Else: null

2018-05-15 19:12:54 - [TEST_STEP][PASSED] - Statement - out.println("Batchqty Is Less Than Rqty"): null

2018-05-15 19:12:54 - [TEST_STEP][PASSED] - Statement - product = new com.kms.katalon.core.testobject.TestObject(): null

2018-05-15 19:12:54 - [TEST_STEP][PASSED] - Statement - product = com.kms.katalon.core.webui.keyword.WebUiBuiltInKeywords.modifyObjectProperty(product, "xpath", "equals", "//*[@id = "fldvendor" + row + ""]", true): Modify property of object successfully

2018-05-15 19:12:54 - [MESSAGE][PASSED] - Modify property of object successfully

2018-05-15 19:12:54 - [TEST_STEP][PASSED] - selectOptionByIndex: All options with index in [4] are selected on object ''

2018-05-15 19:12:54 - [MESSAGE][PASSED] - All options with index in [4] are selected on object ''

2018-05-15 19:12:54 - [TEST_STEP][PASSED] - Statement - batch = new com.kms.katalon.core.testobject.TestObject(): null

2018-05-15 19:12:54 - [TEST_STEP][PASSED] - Statement - batch = com.kms.katalon.core.webui.keyword.WebUiBuiltInKeywords.modifyObjectProperty(batch, "xpath", "equals", "//*[@id = "txtbthqty" + row + ""]", true): Modify property of object successfully

2018-05-15 19:12:54 - [MESSAGE][PASSED] - Modify property of object successfully

2018-05-15 19:12:54 - [TEST_STEP][PASSED] - Statement - batchqty = com.kms.katalon.core.webui.keyword.WebUiBuiltInKeywords.getAttribute(batch, "value").trim(): Attribute 'value' of object '' is: '5000'

2018-05-15 19:12:54 - [MESSAGE][PASSED] - Attribute 'value' of object '' is: '5000'

2018-05-15 19:12:54 - [TEST_STEP][PASSED] - Statement - Rqty = 10000: null

2018-05-15 19:12:54 - [TEST_STEP][PASSED] - delay: Delayed 2 second(s)

2018-05-15 19:12:56 - [MESSAGE][PASSED] - Delayed 2 second(s)

2018-05-15 19:12:56 - [TEST_STEP][PASSED] - Statement - out.println("BatchQty : " + batchqty): null

2018-05-15 19:12:56 - [TEST_STEP][PASSED] - Statement - out.println("RQty : " + Rqty): null

2018-05-15 19:12:56 - [TEST_STEP][PASSED] - Statement - If (java.lang.Integer.valueOf(batchqty) >= java.lang.Integer.valueOf(Rqty)): null

2018-05-15 19:12:56 - [TEST_STEP][PASSED] - Statement - Else: null

2018-05-15 19:12:56 - [TEST_STEP][PASSED] - Statement - out.println("Batchqty Is Less Than Rqty"): null

2018-05-15 19:12:56 - [TEST_STEP][PASSED] - Statement - batchlength = new com.kms.katalon.core.testobject.TestObject(): null

2018-05-15 19:12:56 - [TEST_STEP][PASSED] - Statement - batchlength = com.kms.katalon.core.webui.keyword.WebUiBuiltInKeywords.modifyObjectProperty(batchlength, "xpath", "equals", "//*[@id = "fldvendor" + row + ""]", true): Modify property of object successfully

2018-05-15 19:12:56 - [MESSAGE][PASSED] - Modify property of object successfully

2018-05-15 19:12:56 - [TEST_STEP][PASSED] - Statement - batchsize = com.kms.katalon.core.webui.keyword.WebUiBuiltInKeywords.getNumberOfTotalOption(batchlength): 5 options of object '' counted

2018-05-15 19:12:56 - [MESSAGE][PASSED] - 5 options of object '' counted

2018-05-15 19:12:56 - [TEST_STEP][PASSED] - Statement - out.println("BatchSize : " + batchsize): null

2018-05-15 19:12:56 - [TEST_STEP][PASSED] - Statement - For ([n = 1, n <= batchsize - 1, (n++)]): null

2018-05-15 19:12:56 - [TEST_STEP][PASSED] - Statement - product = new com.kms.katalon.core.testobject.TestObject(): null

2018-05-15 19:12:56 - [TEST_STEP][PASSED] - Statement - product = com.kms.katalon.core.webui.keyword.WebUiBuiltInKeywords.modifyObjectProperty(product, "xpath", "equals", "//*[@id = "fldvendor" + row + ""]", true): Modify property of object successfully

2018-05-15 19:12:56 - [MESSAGE][PASSED] - Modify property of object successfully

2018-05-15 19:12:56 - [TEST_STEP][PASSED] - selectOptionByIndex: All options with index in [1] are selected on object ''

2018-05-15 19:12:56 - [MESSAGE][PASSED] - All options with index in [1] are selected on object ''

2018-05-15 19:12:56 - [TEST_STEP][PASSED] - Statement - batch = new com.kms.katalon.core.testobject.TestObject(): null

2018-05-15 19:12:56 - [TEST_STEP][PASSED] - Statement - batch = com.kms.katalon.core.webui.keyword.WebUiBuiltInKeywords.modifyObjectProperty(batch, "xpath", "equals", "//*[@id = "txtbthqty" + row + ""]", true): Modify property of object successfully

2018-05-15 19:12:56 - [MESSAGE][PASSED] - Modify property of object successfully

2018-05-15 19:12:56 - [TEST_STEP][PASSED] - Statement - batchqty = com.kms.katalon.core.webui.keyword.WebUiBuiltInKeywords.getAttribute(batch, "value").trim(): Attribute 'value' of object '' is: '200'

2018-05-15 19:12:56 - [MESSAGE][PASSED] - Attribute 'value' of object '' is: '200'

2018-05-15 19:12:56 - [TEST_STEP][PASSED] - Statement - Rqty = 10000: null

2018-05-15 19:12:56 - [TEST_STEP][PASSED] - delay: Delayed 2 second(s)

2018-05-15 19:12:58 - [MESSAGE][PASSED] - Delayed 2 second(s)

2018-05-15 19:12:58 - [TEST_STEP][PASSED] - Statement - out.println("BatchQty : " + batchqty): null

2018-05-15 19:12:58 - [TEST_STEP][PASSED] - Statement - out.println("RQty : " + Rqty): null

2018-05-15 19:12:58 - [TEST_STEP][PASSED] - Statement - If (java.lang.Integer.valueOf(batchqty) >= java.lang.Integer.valueOf(Rqty)): null

2018-05-15 19:12:58 - [TEST_STEP][PASSED] - Statement - Else: null

2018-05-15 19:12:58 - [TEST_STEP][PASSED] - Statement - out.println("Batchqty Is Less Than Rqty"): null

2018-05-15 19:12:58 - [TEST_STEP][PASSED] - Statement - product = new com.kms.katalon.core.testobject.TestObject(): null

2018-05-15 19:12:58 - [TEST_STEP][PASSED] - Statement - product = com.kms.katalon.core.webui.keyword.WebUiBuiltInKeywords.modifyObjectProperty(product, "xpath", "equals", "//*[@id = "fldvendor" + row + ""]", true): Modify property of object successfully

2018-05-15 19:12:58 - [MESSAGE][PASSED] - Modify property of object successfully

2018-05-15 19:12:58 - [TEST_STEP][PASSED] - selectOptionByIndex: All options with index in [2] are selected on object ''

2018-05-15 19:12:58 - [MESSAGE][PASSED] - All options with index in [2] are selected on object ''

2018-05-15 19:12:58 - [TEST_STEP][PASSED] - Statement - batch = new com.kms.katalon.core.testobject.TestObject(): null

2018-05-15 19:12:58 - [TEST_STEP][PASSED] - Statement - batch = com.kms.katalon.core.webui.keyword.WebUiBuiltInKeywords.modifyObjectProperty(batch, "xpath", "equals", "//*[@id = "txtbthqty" + row + ""]", true): Modify property of object successfully

2018-05-15 19:12:58 - [MESSAGE][PASSED] - Modify property of object successfully

2018-05-15 19:12:58 - [TEST_STEP][PASSED] - Statement - batchqty = com.kms.katalon.core.webui.keyword.WebUiBuiltInKeywords.getAttribute(batch, "value").trim(): Attribute 'value' of object '' is: '200'

2018-05-15 19:12:58 - [MESSAGE][PASSED] - Attribute 'value' of object '' is: '200'

2018-05-15 19:12:58 - [TEST_STEP][PASSED] - Statement - Rqty = 10000: null

2018-05-15 19:12:58 - [TEST_STEP][PASSED] - delay: Delayed 2 second(s)

2018-05-15 19:13:00 - [MESSAGE][PASSED] - Delayed 2 second(s)

2018-05-15 19:13:00 - [TEST_STEP][PASSED] - Statement - out.println("BatchQty : " + batchqty): null

2018-05-15 19:13:00 - [TEST_STEP][PASSED] - Statement - out.println("RQty : " + Rqty): null

2018-05-15 19:13:00 - [TEST_STEP][PASSED] - Statement - If (java.lang.Integer.valueOf(batchqty) >= java.lang.Integer.valueOf(Rqty)): null

2018-05-15 19:13:00 - [TEST_STEP][PASSED] - Statement - Else: null

2018-05-15 19:13:00 - [TEST_STEP][PASSED] - Statement - out.println("Batchqty Is Less Than Rqty"): null

2018-05-15 19:13:00 - [TEST_STEP][PASSED] - Statement - product = new com.kms.katalon.core.testobject.TestObject(): null

2018-05-15 19:13:00 - [TEST_STEP][PASSED] - Statement - product = com.kms.katalon.core.webui.keyword.WebUiBuiltInKeywords.modifyObjectProperty(product, "xpath", "equals", "//*[@id = "fldvendor" + row + ""]", true): Modify property of object successfully

2018-05-15 19:13:00 - [MESSAGE][PASSED] - Modify property of object successfully

2018-05-15 19:13:00 - [TEST_STEP][PASSED] - selectOptionByIndex: All options with index in [3] are selected on object ''

2018-05-15 19:13:00 - [MESSAGE][PASSED] - All options with index in [3] are selected on object ''

2018-05-15 19:13:00 - [TEST_STEP][PASSED] - Statement - batch = new com.kms.katalon.core.testobject.TestObject(): null

2018-05-15 19:13:00 - [TEST_STEP][PASSED] - Statement - batch = com.kms.katalon.core.webui.keyword.WebUiBuiltInKeywords.modifyObjectProperty(batch, "xpath", "equals", "//*[@id = "txtbthqty" + row + ""]", true): Modify property of object successfully

2018-05-15 19:13:00 - [MESSAGE][PASSED] - Modify property of object successfully

2018-05-15 19:13:00 - [TEST_STEP][PASSED] - Statement - batchqty = com.kms.katalon.core.webui.keyword.WebUiBuiltInKeywords.getAttribute(batch, "value").trim(): Attribute 'value' of object '' is: '5000'

2018-05-15 19:13:00 - [MESSAGE][PASSED] - Attribute 'value' of object '' is: '5000'

2018-05-15 19:13:00 - [TEST_STEP][PASSED] - Statement - Rqty = 10000: null

2018-05-15 19:13:00 - [TEST_STEP][PASSED] - delay: Delayed 2 second(s)

2018-05-15 19:13:02 - [MESSAGE][PASSED] - Delayed 2 second(s)

2018-05-15 19:13:02 - [TEST_STEP][PASSED] - Statement - out.println("BatchQty : " + batchqty): null

2018-05-15 19:13:02 - [TEST_STEP][PASSED] - Statement - out.println("RQty : " + Rqty): null

2018-05-15 19:13:02 - [TEST_STEP][PASSED] - Statement - If (java.lang.Integer.valueOf(batchqty) >= java.lang.Integer.valueOf(Rqty)): null

2018-05-15 19:13:02 - [TEST_STEP][PASSED] - Statement - Else: null

2018-05-15 19:13:02 - [TEST_STEP][PASSED] - Statement - out.println("Batchqty Is Less Than Rqty"): null

2018-05-15 19:13:02 - [TEST_STEP][PASSED] - Statement - product = new com.kms.katalon.core.testobject.TestObject(): null

2018-05-15 19:13:02 - [TEST_STEP][PASSED] - Statement - product = com.kms.katalon.core.webui.keyword.WebUiBuiltInKeywords.modifyObjectProperty(product, "xpath", "equals", "//*[@id = "fldvendor" + row + ""]", true): Modify property of object successfully

2018-05-15 19:13:02 - [MESSAGE][PASSED] - Modify property of object successfully

2018-05-15 19:13:02 - [TEST_STEP][PASSED] - selectOptionByIndex: All options with index in [4] are selected on object ''

2018-05-15 19:13:03 - [MESSAGE][PASSED] - All options with index in [4] are selected on object ''

2018-05-15 19:13:03 - [TEST_STEP][PASSED] - Statement - batch = new com.kms.katalon.core.testobject.TestObject(): null

2018-05-15 19:13:03 - [TEST_STEP][PASSED] - Statement - batch = com.kms.katalon.core.webui.keyword.WebUiBuiltInKeywords.modifyObjectProperty(batch, "xpath", "equals", "//*[@id = "txtbthqty" + row + ""]", true): Modify property of object successfully

2018-05-15 19:13:03 - [MESSAGE][PASSED] - Modify property of object successfully

2018-05-15 19:13:03 - [TEST_STEP][PASSED] - Statement - batchqty = com.kms.katalon.core.webui.keyword.WebUiBuiltInKeywords.getAttribute(batch, "value").trim(): Attribute 'value' of object '' is: '5000'

2018-05-15 19:13:03 - [MESSAGE][PASSED] - Attribute 'value' of object '' is: '5000'

2018-05-15 19:13:03 - [TEST_STEP][PASSED] - Statement - Rqty = 10000: null

2018-05-15 19:13:03 - [TEST_STEP][PASSED] - delay: Delayed 2 second(s)

2018-05-15 19:13:05 - [MESSAGE][PASSED] - Delayed 2 second(s)

2018-05-15 19:13:05 - [TEST_STEP][PASSED] - Statement - out.println("BatchQty : " + batchqty): null

2018-05-15 19:13:05 - [TEST_STEP][PASSED] - Statement - out.println("RQty : " + Rqty): null

2018-05-15 19:13:05 - [TEST_STEP][PASSED] - Statement - If (java.lang.Integer.valueOf(batchqty) >= java.lang.Integer.valueOf(Rqty)): null

2018-05-15 19:13:05 - [TEST_STEP][PASSED] - Statement - Else: null

2018-05-15 19:13:05 - [TEST_STEP][PASSED] - Statement - out.println("Batchqty Is Less Than Rqty"): null

2018-05-15 19:13:05 - [TEST_STEP][PASSED] - Statement - batchlength = new com.kms.katalon.core.testobject.TestObject(): null

2018-05-15 19:13:05 - [TEST_STEP][PASSED] - Statement - batchlength = com.kms.katalon.core.webui.keyword.WebUiBuiltInKeywords.modifyObjectProperty(batchlength, "xpath", "equals", "//*[@id = "fldvendor" + row + ""]", true): Modify property of object successfully

2018-05-15 19:13:05 - [MESSAGE][PASSED] - Modify property of object successfully

2018-05-15 19:13:05 - [TEST_STEP][PASSED] - Statement - batchsize = com.kms.katalon.core.webui.keyword.WebUiBuiltInKeywords.getNumberOfTotalOption(batchlength): 5 options of object '' counted

2018-05-15 19:13:05 - [MESSAGE][PASSED] - 5 options of object '' counted

2018-05-15 19:13:05 - [TEST_STEP][PASSED] - Statement - out.println("BatchSize : " + batchsize): null

2018-05-15 19:13:05 - [TEST_STEP][PASSED] - Statement - For ([n = 1, n <= batchsize - 1, (n++)]): null

2018-05-15 19:13:05 - [TEST_STEP][PASSED] - Statement - product = new com.kms.katalon.core.testobject.TestObject(): null

2018-05-15 19:13:05 - [TEST_STEP][PASSED] - Statement - product = com.kms.katalon.core.webui.keyword.WebUiBuiltInKeywords.modifyObjectProperty(product, "xpath", "equals", "//*[@id = "fldvendor" + row + ""]", true): Modify property of object successfully

2018-05-15 19:13:05 - [MESSAGE][PASSED] - Modify property of object successfully

2018-05-15 19:13:05 - [TEST_STEP][PASSED] - selectOptionByIndex: All options with index in [1] are selected on object ''

2018-05-15 19:13:05 - [MESSAGE][PASSED] - All options with index in [1] are selected on object ''

2018-05-15 19:13:05 - [TEST_STEP][PASSED] - Statement - batch = new com.kms.katalon.core.testobject.TestObject(): null

2018-05-15 19:13:05 - [TEST_STEP][PASSED] - Statement - batch = com.kms.katalon.core.webui.keyword.WebUiBuiltInKeywords.modifyObjectProperty(batch, "xpath", "equals", "//*[@id = "txtbthqty" + row + ""]", true): Modify property of object successfully

2018-05-15 19:13:05 - [MESSAGE][PASSED] - Modify property of object successfully

2018-05-15 19:13:05 - [TEST_STEP][PASSED] - Statement - batchqty = com.kms.katalon.core.webui.keyword.WebUiBuiltInKeywords.getAttribute(batch, "value").trim(): Attribute 'value' of object '' is: '5000'

2018-05-15 19:13:05 - [MESSAGE][PASSED] - Attribute 'value' of object '' is: '5000'

2018-05-15 19:13:05 - [TEST_STEP][PASSED] - Statement - Rqty = 10000: null

2018-05-15 19:13:05 - [TEST_STEP][PASSED] - delay: Delayed 2 second(s)

2018-05-15 19:13:07 - [MESSAGE][PASSED] - Delayed 2 second(s)

2018-05-15 19:13:07 - [TEST_STEP][PASSED] - Statement - out.println("BatchQty : " + batchqty): null

2018-05-15 19:13:07 - [TEST_STEP][PASSED] - Statement - out.println("RQty : " + Rqty): null

2018-05-15 19:13:07 - [TEST_STEP][PASSED] - Statement - If (java.lang.Integer.valueOf(batchqty) >= java.lang.Integer.valueOf(Rqty)): null

2018-05-15 19:13:07 - [TEST_STEP][PASSED] - Statement - Else: null

2018-05-15 19:13:07 - [TEST_STEP][PASSED] - Statement - out.println("Batchqty Is Less Than Rqty"): null

2018-05-15 19:13:07 - [TEST_STEP][PASSED] - Statement - product = new com.kms.katalon.core.testobject.TestObject(): null

2018-05-15 19:13:07 - [TEST_STEP][PASSED] - Statement - product = com.kms.katalon.core.webui.keyword.WebUiBuiltInKeywords.modifyObjectProperty(product, "xpath", "equals", "//*[@id = "fldvendor" + row + ""]", true): Modify property of object successfully

2018-05-15 19:13:07 - [MESSAGE][PASSED] - Modify property of object successfully

2018-05-15 19:13:07 - [TEST_STEP][PASSED] - selectOptionByIndex: All options with index in [2] are selected on object ''

2018-05-15 19:13:07 - [MESSAGE][PASSED] - All options with index in [2] are selected on object ''

2018-05-15 19:13:07 - [TEST_STEP][PASSED] - Statement - batch = new com.kms.katalon.core.testobject.TestObject(): null

2018-05-15 19:13:07 - [TEST_STEP][PASSED] - Statement - batch = com.kms.katalon.core.webui.keyword.WebUiBuiltInKeywords.modifyObjectProperty(batch, "xpath", "equals", "//*[@id = "txtbthqty" + row + ""]", true): Modify property of object successfully

2018-05-15 19:13:07 - [MESSAGE][PASSED] - Modify property of object successfully

2018-05-15 19:13:07 - [TEST_STEP][PASSED] - Statement - batchqty = com.kms.katalon.core.webui.keyword.WebUiBuiltInKeywords.getAttribute(batch, "value").trim(): Attribute 'value' of object '' is: '200'

2018-05-15 19:13:07 - [MESSAGE][PASSED] - Attribute 'value' of object '' is: '200'

2018-05-15 19:13:07 - [TEST_STEP][PASSED] - Statement - Rqty = 10000: null

2018-05-15 19:13:07 - [TEST_STEP][PASSED] - delay: Delayed 2 second(s)

2018-05-15 19:13:09 - [MESSAGE][PASSED] - Delayed 2 second(s)

2018-05-15 19:13:09 - [TEST_STEP][PASSED] - Statement - out.println("BatchQty : " + batchqty): null

2018-05-15 19:13:09 - [TEST_STEP][PASSED] - Statement - out.println("RQty : " + Rqty): null

2018-05-15 19:13:09 - [TEST_STEP][PASSED] - Statement - If (java.lang.Integer.valueOf(batchqty) >= java.lang.Integer.valueOf(Rqty)): null

2018-05-15 19:13:09 - [TEST_STEP][PASSED] - Statement - Else: null

2018-05-15 19:13:09 - [TEST_STEP][PASSED] - Statement - out.println("Batchqty Is Less Than Rqty"): null

2018-05-15 19:13:09 - [TEST_STEP][PASSED] - Statement - product = new com.kms.katalon.core.testobject.TestObject(): null

2018-05-15 19:13:09 - [TEST_STEP][PASSED] - Statement - product = com.kms.katalon.core.webui.keyword.WebUiBuiltInKeywords.modifyObjectProperty(product, "xpath", "equals", "//*[@id = "fldvendor" + row + ""]", true): Modify property of object successfully

2018-05-15 19:13:09 - [MESSAGE][PASSED] - Modify property of object successfully

2018-05-15 19:13:09 - [TEST_STEP][PASSED] - selectOptionByIndex: All options with index in [3] are selected on object ''

2018-05-15 19:13:09 - [MESSAGE][PASSED] - All options with index in [3] are selected on object ''

2018-05-15 19:13:09 - [TEST_STEP][PASSED] - Statement - batch = new com.kms.katalon.core.testobject.TestObject(): null

2018-05-15 19:13:09 - [TEST_STEP][PASSED] - Statement - batch = com.kms.katalon.core.webui.keyword.WebUiBuiltInKeywords.modifyObjectProperty(batch, "xpath", "equals", "//*[@id = "txtbthqty" + row + ""]", true): Modify property of object successfully

2018-05-15 19:13:09 - [MESSAGE][PASSED] - Modify property of object successfully

2018-05-15 19:13:09 - [TEST_STEP][PASSED] - Statement - batchqty = com.kms.katalon.core.webui.keyword.WebUiBuiltInKeywords.getAttribute(batch, "value").trim(): Attribute 'value' of object '' is: '200'

2018-05-15 19:13:09 - [MESSAGE][PASSED] - Attribute 'value' of object '' is: '200'

2018-05-15 19:13:09 - [TEST_STEP][PASSED] - Statement - Rqty = 10000: null

2018-05-15 19:13:09 - [TEST_STEP][PASSED] - delay: Delayed 2 second(s)

2018-05-15 19:13:11 - [MESSAGE][PASSED] - Delayed 2 second(s)

2018-05-15 19:13:11 - [TEST_STEP][PASSED] - Statement - out.println("BatchQty : " + batchqty): null

2018-05-15 19:13:11 - [TEST_STEP][PASSED] - Statement - out.println("RQty : " + Rqty): null

2018-05-15 19:13:11 - [TEST_STEP][PASSED] - Statement - If (java.lang.Integer.valueOf(batchqty) >= java.lang.Integer.valueOf(Rqty)): null

2018-05-15 19:13:11 - [TEST_STEP][PASSED] - Statement - Else: null

2018-05-15 19:13:11 - [TEST_STEP][PASSED] - Statement - out.println("Batchqty Is Less Than Rqty"): null

2018-05-15 19:13:11 - [TEST_STEP][PASSED] - Statement - product = new com.kms.katalon.core.testobject.TestObject(): null

2018-05-15 19:13:11 - [TEST_STEP][PASSED] - Statement - product = com.kms.katalon.core.webui.keyword.WebUiBuiltInKeywords.modifyObjectProperty(product, "xpath", "equals", "//*[@id = "fldvendor" + row + ""]", true): Modify property of object successfully

2018-05-15 19:13:11 - [MESSAGE][PASSED] - Modify property of object successfully

2018-05-15 19:13:11 - [TEST_STEP][PASSED] - selectOptionByIndex: All options with index in [4] are selected on object ''

2018-05-15 19:13:11 - [MESSAGE][PASSED] - All options with index in [4] are selected on object ''

2018-05-15 19:13:11 - [TEST_STEP][PASSED] - Statement - batch = new com.kms.katalon.core.testobject.TestObject(): null

2018-05-15 19:13:11 - [TEST_STEP][PASSED] - Statement - batch = com.kms.katalon.core.webui.keyword.WebUiBuiltInKeywords.modifyObjectProperty(batch, "xpath", "equals", "//*[@id = "txtbthqty" + row + ""]", true): Modify property of object successfully

2018-05-15 19:13:11 - [MESSAGE][PASSED] - Modify property of object successfully

2018-05-15 19:13:11 - [TEST_STEP][PASSED] - Statement - batchqty = com.kms.katalon.core.webui.keyword.WebUiBuiltInKeywords.getAttribute(batch, "value").trim(): Attribute 'value' of object '' is: '5000'

2018-05-15 19:13:11 - [MESSAGE][PASSED] - Attribute 'value' of object '' is: '5000'

2018-05-15 19:13:11 - [TEST_STEP][PASSED] - Statement - Rqty = 10000: null

2018-05-15 19:13:11 - [TEST_STEP][PASSED] - delay: Delayed 2 second(s)

2018-05-15 19:13:13 - [MESSAGE][PASSED] - Delayed 2 second(s)

2018-05-15 19:13:13 - [TEST_STEP][PASSED] - Statement - out.println("BatchQty : " + batchqty): null

2018-05-15 19:13:13 - [TEST_STEP][PASSED] - Statement - out.println("RQty : " + Rqty): null

2018-05-15 19:13:13 - [TEST_STEP][PASSED] - Statement - If (java.lang.Integer.valueOf(batchqty) >= java.lang.Integer.valueOf(Rqty)): null

2018-05-15 19:13:13 - [TEST_STEP][PASSED] - Statement - Else: null

2018-05-15 19:13:13 - [TEST_STEP][PASSED] - Statement - out.println("Batchqty Is Less Than Rqty"): null

2018-05-15 19:13:13 - [TEST_STEP][PASSED] - Statement - batchlength = new com.kms.katalon.core.testobject.TestObject(): null

2018-05-15 19:13:13 - [TEST_STEP][PASSED] - Statement - batchlength = com.kms.katalon.core.webui.keyword.WebUiBuiltInKeywords.modifyObjectProperty(batchlength, "xpath", "equals", "//*[@id = "fldvendor" + row + ""]", true): Modify property of object successfully

2018-05-15 19:13:13 - [MESSAGE][PASSED] - Modify property of object successfully

2018-05-15 19:13:13 - [TEST_STEP][PASSED] - Statement - batchsize = com.kms.katalon.core.webui.keyword.WebUiBuiltInKeywords.getNumberOfTotalOption(batchlength): 5 options of object '' counted

2018-05-15 19:13:14 - [MESSAGE][PASSED] - 5 options of object '' counted

2018-05-15 19:13:14 - [TEST_STEP][PASSED] - Statement - out.println("BatchSize : " + batchsize): null

2018-05-15 19:13:14 - [TEST_STEP][PASSED] - Statement - For ([n = 1, n <= batchsize - 1, (n++)]): null

2018-05-15 19:13:14 - [TEST_STEP][PASSED] - Statement - product = new com.kms.katalon.core.testobject.TestObject(): null

2018-05-15 19:13:14 - [TEST_STEP][PASSED] - Statement - product = com.kms.katalon.core.webui.keyword.WebUiBuiltInKeywords.modifyObjectProperty(product, "xpath", "equals", "//*[@id = "fldvendor" + row + ""]", true): Modify property of object successfully

2018-05-15 19:13:14 - [MESSAGE][PASSED] - Modify property of object successfully

2018-05-15 19:13:14 - [TEST_STEP][PASSED] - selectOptionByIndex: All options with index in [1] are selected on object ''

2018-05-15 19:13:14 - [MESSAGE][PASSED] - All options with index in [1] are selected on object ''

2018-05-15 19:13:14 - [TEST_STEP][PASSED] - Statement - batch = new com.kms.katalon.core.testobject.TestObject(): null

2018-05-15 19:13:14 - [TEST_STEP][PASSED] - Statement - batch = com.kms.katalon.core.webui.keyword.WebUiBuiltInKeywords.modifyObjectProperty(batch, "xpath", "equals", "//*[@id = "txtbthqty" + row + ""]", true): Modify property of object successfully

2018-05-15 19:13:14 - [MESSAGE][PASSED] - Modify property of object successfully

2018-05-15 19:13:14 - [TEST_STEP][PASSED] - Statement - batchqty = com.kms.katalon.core.webui.keyword.WebUiBuiltInKeywords.getAttribute(batch, "value").trim(): Attribute 'value' of object '' is: '5000'

2018-05-15 19:13:14 - [MESSAGE][PASSED] - Attribute 'value' of object '' is: '5000'

2018-05-15 19:13:14 - [TEST_STEP][PASSED] - Statement - Rqty = 10000: null

2018-05-15 19:13:14 - [TEST_STEP][PASSED] - delay: Delayed 2 second(s)

2018-05-15 19:13:16 - [MESSAGE][PASSED] - Delayed 2 second(s)

2018-05-15 19:13:16 - [TEST_STEP][PASSED] - Statement - out.println("BatchQty : " + batchqty): null

2018-05-15 19:13:16 - [TEST_STEP][PASSED] - Statement - out.println("RQty : " + Rqty): null

2018-05-15 19:13:16 - [TEST_STEP][PASSED] - Statement - If (java.lang.Integer.valueOf(batchqty) >= java.lang.Integer.valueOf(Rqty)): null

2018-05-15 19:13:16 - [TEST_STEP][PASSED] - Statement - Else: null

2018-05-15 19:13:16 - [TEST_STEP][PASSED] - Statement - out.println("Batchqty Is Less Than Rqty"): null

2018-05-15 19:13:16 - [TEST_STEP][PASSED] - Statement - product = new com.kms.katalon.core.testobject.TestObject(): null

2018-05-15 19:13:16 - [TEST_STEP][PASSED] - Statement - product = com.kms.katalon.core.webui.keyword.WebUiBuiltInKeywords.modifyObjectProperty(product, "xpath", "equals", "//*[@id = "fldvendor" + row + ""]", true): Modify property of object successfully

2018-05-15 19:13:16 - [MESSAGE][PASSED] - Modify property of object successfully

2018-05-15 19:13:16 - [TEST_STEP][PASSED] - selectOptionByIndex: All options with index in [2] are selected on object ''

2018-05-15 19:13:16 - [MESSAGE][PASSED] - All options with index in [2] are selected on object ''

2018-05-15 19:13:16 - [TEST_STEP][PASSED] - Statement - batch = new com.kms.katalon.core.testobject.TestObject(): null

2018-05-15 19:13:16 - [TEST_STEP][PASSED] - Statement - batch = com.kms.katalon.core.webui.keyword.WebUiBuiltInKeywords.modifyObjectProperty(batch, "xpath", "equals", "//*[@id = "txtbthqty" + row + ""]", true): Modify property of object successfully

2018-05-15 19:13:16 - [MESSAGE][PASSED] - Modify property of object successfully

2018-05-15 19:13:16 - [TEST_STEP][PASSED] - Statement - batchqty = com.kms.katalon.core.webui.keyword.WebUiBuiltInKeywords.getAttribute(batch, "value").trim(): Attribute 'value' of object '' is: '200'

2018-05-15 19:13:16 - [MESSAGE][PASSED] - Attribute 'value' of object '' is: '200'

2018-05-15 19:13:16 - [TEST_STEP][PASSED] - Statement - Rqty = 10000: null

2018-05-15 19:13:16 - [TEST_STEP][PASSED] - delay: Delayed 2 second(s)

2018-05-15 19:13:18 - [MESSAGE][PASSED] - Delayed 2 second(s)

2018-05-15 19:13:18 - [TEST_STEP][PASSED] - Statement - out.println("BatchQty : " + batchqty): null

2018-05-15 19:13:18 - [TEST_STEP][PASSED] - Statement - out.println("RQty : " + Rqty): null

2018-05-15 19:13:18 - [TEST_STEP][PASSED] - Statement - If (java.lang.Integer.valueOf(batchqty) >= java.lang.Integer.valueOf(Rqty)): null

2018-05-15 19:13:18 - [TEST_STEP][PASSED] - Statement - Else: null

2018-05-15 19:13:18 - [TEST_STEP][PASSED] - Statement - out.println("Batchqty Is Less Than Rqty"): null

2018-05-15 19:13:18 - [TEST_STEP][PASSED] - Statement - product = new com.kms.katalon.core.testobject.TestObject(): null

2018-05-15 19:13:18 - [TEST_STEP][PASSED] - Statement - product = com.kms.katalon.core.webui.keyword.WebUiBuiltInKeywords.modifyObjectProperty(product, "xpath", "equals", "//*[@id = "fldvendor" + row + ""]", true): Modify property of object successfully

2018-05-15 19:13:18 - [MESSAGE][PASSED] - Modify property of object successfully

2018-05-15 19:13:18 - [TEST_STEP][PASSED] - selectOptionByIndex: All options with index in [3] are selected on object ''

2018-05-15 19:13:18 - [MESSAGE][PASSED] - All options with index in [3] are selected on object ''

2018-05-15 19:13:18 - [TEST_STEP][PASSED] - Statement - batch = new com.kms.katalon.core.testobject.TestObject(): null

2018-05-15 19:13:18 - [TEST_STEP][PASSED] - Statement - batch = com.kms.katalon.core.webui.keyword.WebUiBuiltInKeywords.modifyObjectProperty(batch, "xpath", "equals", "//*[@id = "txtbthqty" + row + ""]", true): Modify property of object successfully

2018-05-15 19:13:18 - [MESSAGE][PASSED] - Modify property of object successfully

2018-05-15 19:13:18 - [TEST_STEP][PASSED] - Statement - batchqty = com.kms.katalon.core.webui.keyword.WebUiBuiltInKeywords.getAttribute(batch, "value").trim(): Attribute 'value' of object '' is: '200'

2018-05-15 19:13:18 - [MESSAGE][PASSED] - Attribute 'value' of object '' is: '200'

2018-05-15 19:13:18 - [TEST_STEP][PASSED] - Statement - Rqty = 10000: null

2018-05-15 19:13:18 - [TEST_STEP][PASSED] - delay: Delayed 2 second(s)

2018-05-15 19:13:20 - [MESSAGE][PASSED] - Delayed 2 second(s)

2018-05-15 19:13:20 - [TEST_STEP][PASSED] - Statement - out.println("BatchQty : " + batchqty): null

2018-05-15 19:13:20 - [TEST_STEP][PASSED] - Statement - out.println("RQty : " + Rqty): null

2018-05-15 19:13:20 - [TEST_STEP][PASSED] - Statement - If (java.lang.Integer.valueOf(batchqty) >= java.lang.Integer.valueOf(Rqty)): null

2018-05-15 19:13:20 - [TEST_STEP][PASSED] - Statement - Else: null

2018-05-15 19:13:20 - [TEST_STEP][PASSED] - Statement - out.println("Batchqty Is Less Than Rqty"): null

2018-05-15 19:13:20 - [TEST_STEP][PASSED] - Statement - product = new com.kms.katalon.core.testobject.TestObject(): null

2018-05-15 19:13:20 - [TEST_STEP][PASSED] - Statement - product = com.kms.katalon.core.webui.keyword.WebUiBuiltInKeywords.modifyObjectProperty(product, "xpath", "equals", "//*[@id = "fldvendor" + row + ""]", true): Modify property of object successfully

2018-05-15 19:13:20 - [MESSAGE][PASSED] - Modify property of object successfully

2018-05-15 19:13:20 - [TEST_STEP][PASSED] - selectOptionByIndex: All options with index in [4] are selected on object ''

2018-05-15 19:13:20 - [MESSAGE][PASSED] - All options with index in [4] are selected on object ''

2018-05-15 19:13:20 - [TEST_STEP][PASSED] - Statement - batch = new com.kms.katalon.core.testobject.TestObject(): null

2018-05-15 19:13:20 - [TEST_STEP][PASSED] - Statement - batch = com.kms.katalon.core.webui.keyword.WebUiBuiltInKeywords.modifyObjectProperty(batch, "xpath", "equals", "//*[@id = "txtbthqty" + row + ""]", true): Modify property of object successfully

2018-05-15 19:13:20 - [MESSAGE][PASSED] - Modify property of object successfully

2018-05-15 19:13:20 - [TEST_STEP][PASSED] - Statement - batchqty = com.kms.katalon.core.webui.keyword.WebUiBuiltInKeywords.getAttribute(batch, "value").trim(): Attribute 'value' of object '' is: '5000'

2018-05-15 19:13:20 - [MESSAGE][PASSED] - Attribute 'value' of object '' is: '5000'

2018-05-15 19:13:20 - [TEST_STEP][PASSED] - Statement - Rqty = 10000: null

2018-05-15 19:13:20 - [TEST_STEP][PASSED] - delay: Delayed 2 second(s)

2018-05-15 19:13:22 - [MESSAGE][PASSED] - Delayed 2 second(s)

2018-05-15 19:13:22 - [TEST_STEP][PASSED] - Statement - out.println("BatchQty : " + batchqty): null

2018-05-15 19:13:22 - [TEST_STEP][PASSED] - Statement - out.println("RQty : " + Rqty): null

2018-05-15 19:13:22 - [TEST_STEP][PASSED] - Statement - If (java.lang.Integer.valueOf(batchqty) >= java.lang.Integer.valueOf(Rqty)): null

2018-05-15 19:13:22 - [TEST_STEP][PASSED] - Statement - Else: null

2018-05-15 19:13:22 - [TEST_STEP][PASSED] - Statement - out.println("Batchqty Is Less Than Rqty"): null

2018-05-15 19:13:22 - [TEST_STEP][PASSED] - Statement - batchlength = new com.kms.katalon.core.testobject.TestObject(): null

2018-05-15 19:13:22 - [TEST_STEP][PASSED] - Statement - batchlength = com.kms.katalon.core.webui.keyword.WebUiBuiltInKeywords.modifyObjectProperty(batchlength, "xpath", "equals", "//*[@id = "fldvendor" + row + ""]", true): Modify property of object successfully

2018-05-15 19:13:22 - [MESSAGE][PASSED] - Modify property of object successfully

2018-05-15 19:13:22 - [TEST_STEP][PASSED] - Statement - batchsize = com.kms.katalon.core.webui.keyword.WebUiBuiltInKeywords.getNumberOfTotalOption(batchlength): 5 options of object '' counted

2018-05-15 19:13:22 - [MESSAGE][PASSED] - 5 options of object '' counted

2018-05-15 19:13:22 - [TEST_STEP][PASSED] - Statement - out.println("BatchSize : " + batchsize): null

2018-05-15 19:13:22 - [TEST_STEP][PASSED] - Statement - For ([n = 1, n <= batchsize - 1, (n++)]): null

2018-05-15 19:13:22 - [TEST_STEP][PASSED] - Statement - product = new com.kms.katalon.core.testobject.TestObject(): null

2018-05-15 19:13:22 - [TEST_STEP][PASSED] - Statement - product = com.kms.katalon.core.webui.keyword.WebUiBuiltInKeywords.modifyObjectProperty(product, "xpath", "equals", "//*[@id = "fldvendor" + row + ""]", true): Modify property of object successfully

2018-05-15 19:13:22 - [MESSAGE][PASSED] - Modify property of object successfully

2018-05-15 19:13:22 - [TEST_STEP][PASSED] - selectOptionByIndex: All options with index in [1] are selected on object ''

2018-05-15 19:13:23 - [MESSAGE][PASSED] - All options with index in [1] are selected on object ''

2018-05-15 19:13:23 - [TEST_STEP][PASSED] - Statement - batch = new com.kms.katalon.core.testobject.TestObject(): null

2018-05-15 19:13:23 - [TEST_STEP][PASSED] - Statement - batch = com.kms.katalon.core.webui.keyword.WebUiBuiltInKeywords.modifyObjectProperty(batch, "xpath", "equals", "//*[@id = "txtbthqty" + row + ""]", true): Modify property of object successfully

2018-05-15 19:13:23 - [MESSAGE][PASSED] - Modify property of object successfully

2018-05-15 19:13:23 - [TEST_STEP][PASSED] - Statement - batchqty = com.kms.katalon.core.webui.keyword.WebUiBuiltInKeywords.getAttribute(batch, "value").trim(): Attribute 'value' of object '' is: '5000'

2018-05-15 19:13:23 - [MESSAGE][PASSED] - Attribute 'value' of object '' is: '5000'

2018-05-15 19:13:23 - [TEST_STEP][PASSED] - Statement - Rqty = 10000: null

2018-05-15 19:13:23 - [TEST_STEP][PASSED] - delay: Delayed 2 second(s)

2018-05-15 19:13:25 - [MESSAGE][PASSED] - Delayed 2 second(s)

2018-05-15 19:13:25 - [TEST_STEP][PASSED] - Statement - out.println("BatchQty : " + batchqty): null

2018-05-15 19:13:25 - [TEST_STEP][PASSED] - Statement - out.println("RQty : " + Rqty): null

2018-05-15 19:13:25 - [TEST_STEP][PASSED] - Statement - If (java.lang.Integer.valueOf(batchqty) >= java.lang.Integer.valueOf(Rqty)): null

2018-05-15 19:13:25 - [TEST_STEP][PASSED] - Statement - Else: null

2018-05-15 19:13:25 - [TEST_STEP][PASSED] - Statement - out.println("Batchqty Is Less Than Rqty"): null

2018-05-15 19:13:25 - [TEST_STEP][PASSED] - Statement - product = new com.kms.katalon.core.testobject.TestObject(): null

2018-05-15 19:13:25 - [TEST_STEP][PASSED] - Statement - product = com.kms.katalon.core.webui.keyword.WebUiBuiltInKeywords.modifyObjectProperty(product, "xpath", "equals", "//*[@id = "fldvendor" + row + ""]", true): Modify property of object successfully

2018-05-15 19:13:25 - [MESSAGE][PASSED] - Modify property of object successfully

2018-05-15 19:13:25 - [TEST_STEP][PASSED] - selectOptionByIndex: All options with index in [2] are selected on object ''

2018-05-15 19:13:25 - [MESSAGE][PASSED] - All options with index in [2] are selected on object ''

2018-05-15 19:13:25 - [TEST_STEP][PASSED] - Statement - batch = new com.kms.katalon.core.testobject.TestObject(): null

2018-05-15 19:13:25 - [TEST_STEP][PASSED] - Statement - batch = com.kms.katalon.core.webui.keyword.WebUiBuiltInKeywords.modifyObjectProperty(batch, "xpath", "equals", "//*[@id = "txtbthqty" + row + ""]", true): Modify property of object successfully

2018-05-15 19:13:25 - [MESSAGE][PASSED] - Modify property of object successfully

2018-05-15 19:13:25 - [TEST_STEP][PASSED] - Statement - batchqty = com.kms.katalon.core.webui.keyword.WebUiBuiltInKeywords.getAttribute(batch, "value").trim(): Attribute 'value' of object '' is: '200'

2018-05-15 19:13:25 - [MESSAGE][PASSED] - Attribute 'value' of object '' is: '200'

2018-05-15 19:13:25 - [TEST_STEP][PASSED] - Statement - Rqty = 10000: null

2018-05-15 19:13:25 - [TEST_STEP][PASSED] - delay: Delayed 2 second(s)

2018-05-15 19:13:27 - [MESSAGE][PASSED] - Delayed 2 second(s)

2018-05-15 19:13:27 - [TEST_STEP][PASSED] - Statement - out.println("BatchQty : " + batchqty): null

2018-05-15 19:13:27 - [TEST_STEP][PASSED] - Statement - out.println("RQty : " + Rqty): null

2018-05-15 19:13:27 - [TEST_STEP][PASSED] - Statement - If (java.lang.Integer.valueOf(batchqty) >= java.lang.Integer.valueOf(Rqty)): null

2018-05-15 19:13:27 - [TEST_STEP][PASSED] - Statement - Else: null

2018-05-15 19:13:27 - [TEST_STEP][PASSED] - Statement - out.println("Batchqty Is Less Than Rqty"): null

2018-05-15 19:13:27 - [TEST_STEP][PASSED] - Statement - product = new com.kms.katalon.core.testobject.TestObject(): null

2018-05-15 19:13:27 - [TEST_STEP][PASSED] - Statement - product = com.kms.katalon.core.webui.keyword.WebUiBuiltInKeywords.modifyObjectProperty(product, "xpath", "equals", "//*[@id = "fldvendor" + row + ""]", true): Modify property of object successfully

2018-05-15 19:13:27 - [MESSAGE][PASSED] - Modify property of object successfully

2018-05-15 19:13:27 - [TEST_STEP][PASSED] - selectOptionByIndex: All options with index in [3] are selected on object ''

2018-05-15 19:13:27 - [MESSAGE][PASSED] - All options with index in [3] are selected on object ''

2018-05-15 19:13:27 - [TEST_STEP][PASSED] - Statement - batch = new com.kms.katalon.core.testobject.TestObject(): null

2018-05-15 19:13:27 - [TEST_STEP][PASSED] - Statement - batch = com.kms.katalon.core.webui.keyword.WebUiBuiltInKeywords.modifyObjectProperty(batch, "xpath", "equals", "//*[@id = "txtbthqty" + row + ""]", true): Modify property of object successfully

2018-05-15 19:13:27 - [MESSAGE][PASSED] - Modify property of object successfully

2018-05-15 19:13:27 - [TEST_STEP][PASSED] - Statement - batchqty = com.kms.katalon.core.webui.keyword.WebUiBuiltInKeywords.getAttribute(batch, "value").trim(): Attribute 'value' of object '' is: '200'

2018-05-15 19:13:27 - [MESSAGE][PASSED] - Attribute 'value' of object '' is: '200'

2018-05-15 19:13:27 - [TEST_STEP][PASSED] - Statement - Rqty = 10000: null

2018-05-15 19:13:27 - [TEST_STEP][PASSED] - delay: Delayed 2 second(s)

2018-05-15 19:13:29 - [MESSAGE][PASSED] - Delayed 2 second(s)

2018-05-15 19:13:29 - [TEST_STEP][PASSED] - Statement - out.println("BatchQty : " + batchqty): null

2018-05-15 19:13:29 - [TEST_STEP][PASSED] - Statement - out.println("RQty : " + Rqty): null

2018-05-15 19:13:29 - [TEST_STEP][PASSED] - Statement - If (java.lang.Integer.valueOf(batchqty) >= java.lang.Integer.valueOf(Rqty)): null

2018-05-15 19:13:29 - [TEST_STEP][PASSED] - Statement - Else: null

2018-05-15 19:13:29 - [TEST_STEP][PASSED] - Statement - out.println("Batchqty Is Less Than Rqty"): null

2018-05-15 19:13:29 - [TEST_STEP][PASSED] - Statement - product = new com.kms.katalon.core.testobject.TestObject(): null

2018-05-15 19:13:29 - [TEST_STEP][PASSED] - Statement - product = com.kms.katalon.core.webui.keyword.WebUiBuiltInKeywords.modifyObjectProperty(product, "xpath", "equals", "//*[@id = "fldvendor" + row + ""]", true): Modify property of object successfully

2018-05-15 19:13:29 - [MESSAGE][PASSED] - Modify property of object successfully

2018-05-15 19:13:29 - [TEST_STEP][PASSED] - selectOptionByIndex: All options with index in [4] are selected on object ''

2018-05-15 19:13:29 - [MESSAGE][PASSED] - All options with index in [4] are selected on object ''

2018-05-15 19:13:29 - [TEST_STEP][PASSED] - Statement - batch = new com.kms.katalon.core.testobject.TestObject(): null

2018-05-15 19:13:29 - [TEST_STEP][PASSED] - Statement - batch = com.kms.katalon.core.webui.keyword.WebUiBuiltInKeywords.modifyObjectProperty(batch, "xpath", "equals", "//*[@id = "txtbthqty" + row + ""]", true): Modify property of object successfully

2018-05-15 19:13:29 - [MESSAGE][PASSED] - Modify property of object successfully

2018-05-15 19:13:29 - [TEST_STEP][PASSED] - Statement - batchqty = com.kms.katalon.core.webui.keyword.WebUiBuiltInKeywords.getAttribute(batch, "value").trim(): Attribute 'value' of object '' is: '5000'

2018-05-15 19:13:29 - [MESSAGE][PASSED] - Attribute 'value' of object '' is: '5000'

2018-05-15 19:13:29 - [TEST_STEP][PASSED] - Statement - Rqty = 10000: null

2018-05-15 19:13:29 - [TEST_STEP][PASSED] - delay: Delayed 2 second(s)

2018-05-15 19:13:31 - [MESSAGE][PASSED] - Delayed 2 second(s)

2018-05-15 19:13:31 - [TEST_STEP][PASSED] - Statement - out.println("BatchQty : " + batchqty): null

2018-05-15 19:13:31 - [TEST_STEP][PASSED] - Statement - out.println("RQty : " + Rqty): null

2018-05-15 19:13:31 - [TEST_STEP][PASSED] - Statement - If (java.lang.Integer.valueOf(batchqty) >= java.lang.Integer.valueOf(Rqty)): null

2018-05-15 19:13:31 - [TEST_STEP][PASSED] - Statement - Else: null

2018-05-15 19:13:31 - [TEST_STEP][PASSED] - Statement - out.println("Batchqty Is Less Than Rqty"): null

2018-05-15 19:13:31 - [TEST_STEP][PASSED] - Statement - batchlength = new com.kms.katalon.core.testobject.TestObject(): null

2018-05-15 19:13:31 - [TEST_STEP][PASSED] - Statement - batchlength = com.kms.katalon.core.webui.keyword.WebUiBuiltInKeywords.modifyObjectProperty(batchlength, "xpath", "equals", "//*[@id = "fldvendor" + row + ""]", true): Modify property of object successfully

2018-05-15 19:13:31 - [MESSAGE][PASSED] - Modify property of object successfully

2018-05-15 19:13:31 - [TEST_STEP][PASSED] - Statement - batchsize = com.kms.katalon.core.webui.keyword.WebUiBuiltInKeywords.getNumberOfTotalOption(batchlength): 4 options of object '' counted

2018-05-15 19:13:31 - [MESSAGE][PASSED] - 4 options of object '' counted

2018-05-15 19:13:31 - [TEST_STEP][PASSED] - Statement - out.println("BatchSize : " + batchsize): null

2018-05-15 19:13:31 - [TEST_STEP][PASSED] - Statement - For ([n = 1, n <= batchsize - 1, (n++)]): null

2018-05-15 19:13:31 - [TEST_STEP][PASSED] - Statement - product = new com.kms.katalon.core.testobject.TestObject(): null

2018-05-15 19:13:31 - [TEST_STEP][PASSED] - Statement - product = com.kms.katalon.core.webui.keyword.WebUiBuiltInKeywords.modifyObjectProperty(product, "xpath", "equals", "//*[@id = "fldvendor" + row + ""]", true): Modify property of object successfully

2018-05-15 19:13:31 - [MESSAGE][PASSED] - Modify property of object successfully

2018-05-15 19:13:31 - [TEST_STEP][PASSED] - selectOptionByIndex: All options with index in [1] are selected on object ''

2018-05-15 19:13:31 - [MESSAGE][PASSED] - All options with index in [1] are selected on object ''

2018-05-15 19:13:31 - [TEST_STEP][PASSED] - Statement - batch = new com.kms.katalon.core.testobject.TestObject(): null

2018-05-15 19:13:31 - [TEST_STEP][PASSED] - Statement - batch = com.kms.katalon.core.webui.keyword.WebUiBuiltInKeywords.modifyObjectProperty(batch, "xpath", "equals", "//*[@id = "txtbthqty" + row + ""]", true): Modify property of object successfully

2018-05-15 19:13:31 - [MESSAGE][PASSED] - Modify property of object successfully

2018-05-15 19:13:31 - [TEST_STEP][PASSED] - Statement - batchqty = com.kms.katalon.core.webui.keyword.WebUiBuiltInKeywords.getAttribute(batch, "value").trim(): Attribute 'value' of object '' is: '200'

2018-05-15 19:13:31 - [MESSAGE][PASSED] - Attribute 'value' of object '' is: '200'

2018-05-15 19:13:31 - [TEST_STEP][PASSED] - Statement - Rqty = 10000: null

2018-05-15 19:13:31 - [TEST_STEP][PASSED] - delay: Delayed 2 second(s)

2018-05-15 19:13:33 - [MESSAGE][PASSED] - Delayed 2 second(s)

2018-05-15 19:13:33 - [TEST_STEP][PASSED] - Statement - out.println("BatchQty : " + batchqty): null

2018-05-15 19:13:33 - [TEST_STEP][PASSED] - Statement - out.println("RQty : " + Rqty): null

2018-05-15 19:13:33 - [TEST_STEP][PASSED] - Statement - If (java.lang.Integer.valueOf(batchqty) >= java.lang.Integer.valueOf(Rqty)): null

2018-05-15 19:13:33 - [TEST_STEP][PASSED] - Statement - Else: null

2018-05-15 19:13:33 - [TEST_STEP][PASSED] - Statement - out.println("Batchqty Is Less Than Rqty"): null

2018-05-15 19:13:33 - [TEST_STEP][PASSED] - Statement - product = new com.kms.katalon.core.testobject.TestObject(): null

2018-05-15 19:13:33 - [TEST_STEP][PASSED] - Statement - product = com.kms.katalon.core.webui.keyword.WebUiBuiltInKeywords.modifyObjectProperty(product, "xpath", "equals", "//*[@id = "fldvendor" + row + ""]", true): Modify property of object successfully

2018-05-15 19:13:33 - [MESSAGE][PASSED] - Modify property of object successfully

2018-05-15 19:13:33 - [TEST_STEP][PASSED] - selectOptionByIndex: All options with index in [2] are selected on object ''

2018-05-15 19:13:34 - [MESSAGE][PASSED] - All options with index in [2] are selected on object ''

2018-05-15 19:13:34 - [TEST_STEP][PASSED] - Statement - batch = new com.kms.katalon.core.testobject.TestObject(): null

2018-05-15 19:13:34 - [TEST_STEP][PASSED] - Statement - batch = com.kms.katalon.core.webui.keyword.WebUiBuiltInKeywords.modifyObjectProperty(batch, "xpath", "equals", "//*[@id = "txtbthqty" + row + ""]", true): Modify property of object successfully

2018-05-15 19:13:34 - [MESSAGE][PASSED] - Modify property of object successfully

2018-05-15 19:13:34 - [TEST_STEP][PASSED] - Statement - batchqty = com.kms.katalon.core.webui.keyword.WebUiBuiltInKeywords.getAttribute(batch, "value").trim(): Attribute 'value' of object '' is: '5000'

2018-05-15 19:13:34 - [MESSAGE][PASSED] - Attribute 'value' of object '' is: '5000'

2018-05-15 19:13:34 - [TEST_STEP][PASSED] - Statement - Rqty = 10000: null

2018-05-15 19:13:34 - [TEST_STEP][PASSED] - delay: Delayed 2 second(s)

2018-05-15 19:13:36 - [MESSAGE][PASSED] - Delayed 2 second(s)

2018-05-15 19:13:36 - [TEST_STEP][PASSED] - Statement - out.println("BatchQty : " + batchqty): null

2018-05-15 19:13:36 - [TEST_STEP][PASSED] - Statement - out.println("RQty : " + Rqty): null

2018-05-15 19:13:36 - [TEST_STEP][PASSED] - Statement - If (java.lang.Integer.valueOf(batchqty) >= java.lang.Integer.valueOf(Rqty)): null

2018-05-15 19:13:36 - [TEST_STEP][PASSED] - Statement - Else: null

2018-05-15 19:13:36 - [TEST_STEP][PASSED] - Statement - out.println("Batchqty Is Less Than Rqty"): null

2018-05-15 19:13:36 - [TEST_STEP][PASSED] - Statement - product = new com.kms.katalon.core.testobject.TestObject(): null

2018-05-15 19:13:36 - [TEST_STEP][PASSED] - Statement - product = com.kms.katalon.core.webui.keyword.WebUiBuiltInKeywords.modifyObjectProperty(product, "xpath", "equals", "//*[@id = "fldvendor" + row + ""]", true): Modify property of object successfully

2018-05-15 19:13:36 - [MESSAGE][PASSED] - Modify property of object successfully

2018-05-15 19:13:36 - [TEST_STEP][PASSED] - selectOptionByIndex: All options with index in [3] are selected on object ''

2018-05-15 19:13:36 - [MESSAGE][PASSED] - All options with index in [3] are selected on object ''

2018-05-15 19:13:36 - [TEST_STEP][PASSED] - Statement - batch = new com.kms.katalon.core.testobject.TestObject(): null

2018-05-15 19:13:36 - [TEST_STEP][PASSED] - Statement - batch = com.kms.katalon.core.webui.keyword.WebUiBuiltInKeywords.modifyObjectProperty(batch, "xpath", "equals", "//*[@id = "txtbthqty" + row + ""]", true): Modify property of object successfully

2018-05-15 19:13:36 - [MESSAGE][PASSED] - Modify property of object successfully

2018-05-15 19:13:36 - [TEST_STEP][PASSED] - Statement - batchqty = com.kms.katalon.core.webui.keyword.WebUiBuiltInKeywords.getAttribute(batch, "value").trim(): Attribute 'value' of object '' is: '5000'

2018-05-15 19:13:36 - [MESSAGE][PASSED] - Attribute 'value' of object '' is: '5000'

2018-05-15 19:13:36 - [TEST_STEP][PASSED] - Statement - Rqty = 10000: null

2018-05-15 19:13:36 - [TEST_STEP][PASSED] - delay: Delayed 2 second(s)

2018-05-15 19:13:38 - [MESSAGE][PASSED] - Delayed 2 second(s)

2018-05-15 19:13:38 - [TEST_STEP][PASSED] - Statement - out.println("BatchQty : " + batchqty): null

2018-05-15 19:13:38 - [TEST_STEP][PASSED] - Statement - out.println("RQty : " + Rqty): null

2018-05-15 19:13:38 - [TEST_STEP][PASSED] - Statement - If (java.lang.Integer.valueOf(batchqty) >= java.lang.Integer.valueOf(Rqty)): null

2018-05-15 19:13:38 - [TEST_STEP][PASSED] - Statement - Else: null

2018-05-15 19:13:38 - [TEST_STEP][PASSED] - Statement - out.println("Batchqty Is Less Than Rqty"): null

2018-05-15 19:13:38 - [TEST_STEP][PASSED] - Statement - batchlength = new com.kms.katalon.core.testobject.TestObject(): null

2018-05-15 19:13:38 - [TEST_STEP][PASSED] - Statement - batchlength = com.kms.katalon.core.webui.keyword.WebUiBuiltInKeywords.modifyObjectProperty(batchlength, "xpath", "equals", "//*[@id = "fldvendor" + row + ""]", true): Modify property of object successfully

2018-05-15 19:13:38 - [MESSAGE][PASSED] - Modify property of object successfully

2018-05-15 19:13:38 - [TEST_STEP][PASSED] - Statement - batchsize = com.kms.katalon.core.webui.keyword.WebUiBuiltInKeywords.getNumberOfTotalOption(batchlength): 5 options of object '' counted

2018-05-15 19:13:38 - [MESSAGE][PASSED] - 5 options of object '' counted

2018-05-15 19:13:38 - [TEST_STEP][PASSED] - Statement - out.println("BatchSize : " + batchsize): null

2018-05-15 19:13:38 - [TEST_STEP][PASSED] - Statement - For ([n = 1, n <= batchsize - 1, (n++)]): null

2018-05-15 19:13:38 - [TEST_STEP][PASSED] - Statement - product = new com.kms.katalon.core.testobject.TestObject(): null

2018-05-15 19:13:38 - [TEST_STEP][PASSED] - Statement - product = com.kms.katalon.core.webui.keyword.WebUiBuiltInKeywords.modifyObjectProperty(product, "xpath", "equals", "//*[@id = "fldvendor" + row + ""]", true): Modify property of object successfully

2018-05-15 19:13:38 - [MESSAGE][PASSED] - Modify property of object successfully

2018-05-15 19:13:38 - [TEST_STEP][PASSED] - selectOptionByIndex: All options with index in [1] are selected on object ''

2018-05-15 19:13:38 - [MESSAGE][PASSED] - All options with index in [1] are selected on object ''

2018-05-15 19:13:38 - [TEST_STEP][PASSED] - Statement - batch = new com.kms.katalon.core.testobject.TestObject(): null

2018-05-15 19:13:38 - [TEST_STEP][PASSED] - Statement - batch = com.kms.katalon.core.webui.keyword.WebUiBuiltInKeywords.modifyObjectProperty(batch, "xpath", "equals", "//*[@id = "txtbthqty" + row + ""]", true): Modify property of object successfully

2018-05-15 19:13:38 - [MESSAGE][PASSED] - Modify property of object successfully

2018-05-15 19:13:38 - [TEST_STEP][PASSED] - Statement - batchqty = com.kms.katalon.core.webui.keyword.WebUiBuiltInKeywords.getAttribute(batch, "value").trim(): Attribute 'value' of object '' is: '200'

2018-05-15 19:13:38 - [MESSAGE][PASSED] - Attribute 'value' of object '' is: '200'

2018-05-15 19:13:38 - [TEST_STEP][PASSED] - Statement - Rqty = 10000: null

2018-05-15 19:13:38 - [TEST_STEP][PASSED] - delay: Delayed 2 second(s)

2018-05-15 19:13:40 - [MESSAGE][PASSED] - Delayed 2 second(s)

2018-05-15 19:13:40 - [TEST_STEP][PASSED] - Statement - out.println("BatchQty : " + batchqty): null

2018-05-15 19:13:40 - [TEST_STEP][PASSED] - Statement - out.println("RQty : " + Rqty): null

2018-05-15 19:13:40 - [TEST_STEP][PASSED] - Statement - If (java.lang.Integer.valueOf(batchqty) >= java.lang.Integer.valueOf(Rqty)): null

2018-05-15 19:13:40 - [TEST_STEP][PASSED] - Statement - Else: null

2018-05-15 19:13:40 - [TEST_STEP][PASSED] - Statement - out.println("Batchqty Is Less Than Rqty"): null

2018-05-15 19:13:40 - [TEST_STEP][PASSED] - Statement - product = new com.kms.katalon.core.testobject.TestObject(): null

2018-05-15 19:13:40 - [TEST_STEP][PASSED] - Statement - product = com.kms.katalon.core.webui.keyword.WebUiBuiltInKeywords.modifyObjectProperty(product, "xpath", "equals", "//*[@id = "fldvendor" + row + ""]", true): Modify property of object successfully

2018-05-15 19:13:40 - [MESSAGE][PASSED] - Modify property of object successfully

2018-05-15 19:13:40 - [TEST_STEP][PASSED] - selectOptionByIndex: All options with index in [2] are selected on object ''

2018-05-15 19:13:40 - [MESSAGE][PASSED] - All options with index in [2] are selected on object ''

2018-05-15 19:13:40 - [TEST_STEP][PASSED] - Statement - batch = new com.kms.katalon.core.testobject.TestObject(): null

2018-05-15 19:13:40 - [TEST_STEP][PASSED] - Statement - batch = com.kms.katalon.core.webui.keyword.WebUiBuiltInKeywords.modifyObjectProperty(batch, "xpath", "equals", "//*[@id = "txtbthqty" + row + ""]", true): Modify property of object successfully

2018-05-15 19:13:40 - [MESSAGE][PASSED] - Modify property of object successfully

2018-05-15 19:13:40 - [TEST_STEP][PASSED] - Statement - batchqty = com.kms.katalon.core.webui.keyword.WebUiBuiltInKeywords.getAttribute(batch, "value").trim(): Attribute 'value' of object '' is: '5000'

2018-05-15 19:13:40 - [MESSAGE][PASSED] - Attribute 'value' of object '' is: '5000'

2018-05-15 19:13:40 - [TEST_STEP][PASSED] - Statement - Rqty = 10000: null

2018-05-15 19:13:40 - [TEST_STEP][PASSED] - delay: Delayed 2 second(s)

2018-05-15 19:13:42 - [MESSAGE][PASSED] - Delayed 2 second(s)

2018-05-15 19:13:42 - [TEST_STEP][PASSED] - Statement - out.println("BatchQty : " + batchqty): null

2018-05-15 19:13:42 - [TEST_STEP][PASSED] - Statement - out.println("RQty : " + Rqty): null

2018-05-15 19:13:42 - [TEST_STEP][PASSED] - Statement - If (java.lang.Integer.valueOf(batchqty) >= java.lang.Integer.valueOf(Rqty)): null

2018-05-15 19:13:42 - [TEST_STEP][PASSED] - Statement - Else: null

2018-05-15 19:13:42 - [TEST_STEP][PASSED] - Statement - out.println("Batchqty Is Less Than Rqty"): null

2018-05-15 19:13:42 - [TEST_STEP][PASSED] - Statement - product = new com.kms.katalon.core.testobject.TestObject(): null

2018-05-15 19:13:42 - [TEST_STEP][PASSED] - Statement - product = com.kms.katalon.core.webui.keyword.WebUiBuiltInKeywords.modifyObjectProperty(product, "xpath", "equals", "//*[@id = "fldvendor" + row + ""]", true): Modify property of object successfully

2018-05-15 19:13:42 - [MESSAGE][PASSED] - Modify property of object successfully

2018-05-15 19:13:42 - [TEST_STEP][PASSED] - selectOptionByIndex: All options with index in [3] are selected on object ''

2018-05-15 19:13:43 - [MESSAGE][PASSED] - All options with index in [3] are selected on object ''

2018-05-15 19:13:43 - [TEST_STEP][PASSED] - Statement - batch = new com.kms.katalon.core.testobject.TestObject(): null

2018-05-15 19:13:43 - [TEST_STEP][PASSED] - Statement - batch = com.kms.katalon.core.webui.keyword.WebUiBuiltInKeywords.modifyObjectProperty(batch, "xpath", "equals", "//*[@id = "txtbthqty" + row + ""]", true): Modify property of object successfully

2018-05-15 19:13:43 - [MESSAGE][PASSED] - Modify property of object successfully

2018-05-15 19:13:43 - [TEST_STEP][PASSED] - Statement - batchqty = com.kms.katalon.core.webui.keyword.WebUiBuiltInKeywords.getAttribute(batch, "value").trim(): Attribute 'value' of object '' is: '5000'

2018-05-15 19:13:43 - [MESSAGE][PASSED] - Attribute 'value' of object '' is: '5000'

2018-05-15 19:13:43 - [TEST_STEP][PASSED] - Statement - Rqty = 10000: null

2018-05-15 19:13:43 - [TEST_STEP][PASSED] - delay: Delayed 2 second(s)

2018-05-15 19:13:45 - [MESSAGE][PASSED] - Delayed 2 second(s)

2018-05-15 19:13:45 - [TEST_STEP][PASSED] - Statement - out.println("BatchQty : " + batchqty): null

2018-05-15 19:13:45 - [TEST_STEP][PASSED] - Statement - out.println("RQty : " + Rqty): null

2018-05-15 19:13:45 - [TEST_STEP][PASSED] - Statement - If (java.lang.Integer.valueOf(batchqty) >= java.lang.Integer.valueOf(Rqty)): null

2018-05-15 19:13:45 - [TEST_STEP][PASSED] - Statement - Else: null

2018-05-15 19:13:45 - [TEST_STEP][PASSED] - Statement - out.println("Batchqty Is Less Than Rqty"): null

2018-05-15 19:13:45 - [TEST_STEP][PASSED] - Statement - product = new com.kms.katalon.core.testobject.TestObject(): null

2018-05-15 19:13:45 - [TEST_STEP][PASSED] - Statement - product = com.kms.katalon.core.webui.keyword.WebUiBuiltInKeywords.modifyObjectProperty(product, "xpath", "equals", "//*[@id = "fldvendor" + row + ""]", true): Modify property of object successfully

2018-05-15 19:13:45 - [MESSAGE][PASSED] - Modify property of object successfully

2018-05-15 19:13:45 - [TEST_STEP][PASSED] - selectOptionByIndex: All options with index in [4] are selected on object ''

2018-05-15 19:13:45 - [MESSAGE][PASSED] - All options with index in [4] are selected on object ''

2018-05-15 19:13:45 - [TEST_STEP][PASSED] - Statement - batch = new com.kms.katalon.core.testobject.TestObject(): null

2018-05-15 19:13:45 - [TEST_STEP][PASSED] - Statement - batch = com.kms.katalon.core.webui.keyword.WebUiBuiltInKeywords.modifyObjectProperty(batch, "xpath", "equals", "//*[@id = "txtbthqty" + row + ""]", true): Modify property of object successfully

2018-05-15 19:13:45 - [MESSAGE][PASSED] - Modify property of object successfully

2018-05-15 19:13:45 - [TEST_STEP][PASSED] - Statement - batchqty = com.kms.katalon.core.webui.keyword.WebUiBuiltInKeywords.getAttribute(batch, "value").trim(): Attribute 'value' of object '' is: '200'

2018-05-15 19:13:45 - [MESSAGE][PASSED] - Attribute 'value' of object '' is: '200'

2018-05-15 19:13:45 - [TEST_STEP][PASSED] - Statement - Rqty = 10000: null

2018-05-15 19:13:45 - [TEST_STEP][PASSED] - delay: Delayed 2 second(s)

2018-05-15 19:13:47 - [MESSAGE][PASSED] - Delayed 2 second(s)

2018-05-15 19:13:47 - [TEST_STEP][PASSED] - Statement - out.println("BatchQty : " + batchqty): null

2018-05-15 19:13:47 - [TEST_STEP][PASSED] - Statement - out.println("RQty : " + Rqty): null

2018-05-15 19:13:47 - [TEST_STEP][PASSED] - Statement - If (java.lang.Integer.valueOf(batchqty) >= java.lang.Integer.valueOf(Rqty)): null

2018-05-15 19:13:47 - [TEST_STEP][PASSED] - Statement - Else: null

2018-05-15 19:13:47 - [TEST_STEP][PASSED] - Statement - out.println("Batchqty Is Less Than Rqty"): null

2018-05-15 19:13:47 - [TEST_STEP][PASSED] - Statement - batchlength = new com.kms.katalon.core.testobject.TestObject(): null

2018-05-15 19:13:47 - [TEST_STEP][PASSED] - Statement - batchlength = com.kms.katalon.core.webui.keyword.WebUiBuiltInKeywords.modifyObjectProperty(batchlength, "xpath", "equals", "//*[@id = "fldvendor" + row + ""]", true): Modify property of object successfully

2018-05-15 19:13:47 - [MESSAGE][PASSED] - Modify property of object successfully

2018-05-15 19:13:47 - [TEST_STEP][PASSED] - Statement - batchsize = com.kms.katalon.core.webui.keyword.WebUiBuiltInKeywords.getNumberOfTotalOption(batchlength): 5 options of object '' counted

2018-05-15 19:13:47 - [MESSAGE][PASSED] - 5 options of object '' counted

2018-05-15 19:13:47 - [TEST_STEP][PASSED] - Statement - out.println("BatchSize : " + batchsize): null

2018-05-15 19:13:47 - [TEST_STEP][PASSED] - Statement - For ([n = 1, n <= batchsize - 1, (n++)]): null

2018-05-15 19:13:47 - [TEST_STEP][PASSED] - Statement - product = new com.kms.katalon.core.testobject.TestObject(): null

2018-05-15 19:13:47 - [TEST_STEP][PASSED] - Statement - product = com.kms.katalon.core.webui.keyword.WebUiBuiltInKeywords.modifyObjectProperty(product, "xpath", "equals", "//*[@id = "fldvendor" + row + ""]", true): Modify property of object successfully

2018-05-15 19:13:47 - [MESSAGE][PASSED] - Modify property of object successfully

2018-05-15 19:13:47 - [TEST_STEP][PASSED] - selectOptionByIndex: All options with index in [1] are selected on object ''

2018-05-15 19:13:47 - [MESSAGE][PASSED] - All options with index in [1] are selected on object ''

2018-05-15 19:13:47 - [TEST_STEP][PASSED] - Statement - batch = new com.kms.katalon.core.testobject.TestObject(): null

2018-05-15 19:13:47 - [TEST_STEP][PASSED] - Statement - batch = com.kms.katalon.core.webui.keyword.WebUiBuiltInKeywords.modifyObjectProperty(batch, "xpath", "equals", "//*[@id = "txtbthqty" + row + ""]", true): Modify property of object successfully

2018-05-15 19:13:47 - [MESSAGE][PASSED] - Modify property of object successfully

2018-05-15 19:13:47 - [TEST_STEP][PASSED] - Statement - batchqty = com.kms.katalon.core.webui.keyword.WebUiBuiltInKeywords.getAttribute(batch, "value").trim(): Attribute 'value' of object '' is: '5000'

2018-05-15 19:13:47 - [MESSAGE][PASSED] - Attribute 'value' of object '' is: '5000'

2018-05-15 19:13:47 - [TEST_STEP][PASSED] - Statement - Rqty = 10000: null

2018-05-15 19:13:47 - [TEST_STEP][PASSED] - delay: Delayed 2 second(s)

2018-05-15 19:13:49 - [MESSAGE][PASSED] - Delayed 2 second(s)

2018-05-15 19:13:49 - [TEST_STEP][PASSED] - Statement - out.println("BatchQty : " + batchqty): null

2018-05-15 19:13:49 - [TEST_STEP][PASSED] - Statement - out.println("RQty : " + Rqty): null

2018-05-15 19:13:49 - [TEST_STEP][PASSED] - Statement - If (java.lang.Integer.valueOf(batchqty) >= java.lang.Integer.valueOf(Rqty)): null

2018-05-15 19:13:49 - [TEST_STEP][PASSED] - Statement - Else: null

2018-05-15 19:13:49 - [TEST_STEP][PASSED] - Statement - out.println("Batchqty Is Less Than Rqty"): null

2018-05-15 19:13:49 - [TEST_STEP][PASSED] - Statement - product = new com.kms.katalon.core.testobject.TestObject(): null

2018-05-15 19:13:49 - [TEST_STEP][PASSED] - Statement - product = com.kms.katalon.core.webui.keyword.WebUiBuiltInKeywords.modifyObjectProperty(product, "xpath", "equals", "//*[@id = "fldvendor" + row + ""]", true): Modify property of object successfully

2018-05-15 19:13:49 - [MESSAGE][PASSED] - Modify property of object successfully

2018-05-15 19:13:49 - [TEST_STEP][PASSED] - selectOptionByIndex: All options with index in [2] are selected on object ''

2018-05-15 19:13:49 - [MESSAGE][PASSED] - All options with index in [2] are selected on object ''

2018-05-15 19:13:49 - [TEST_STEP][PASSED] - Statement - batch = new com.kms.katalon.core.testobject.TestObject(): null

2018-05-15 19:13:49 - [TEST_STEP][PASSED] - Statement - batch = com.kms.katalon.core.webui.keyword.WebUiBuiltInKeywords.modifyObjectProperty(batch, "xpath", "equals", "//*[@id = "txtbthqty" + row + ""]", true): Modify property of object successfully

2018-05-15 19:13:49 - [MESSAGE][PASSED] - Modify property of object successfully

2018-05-15 19:13:49 - [TEST_STEP][PASSED] - Statement - batchqty = com.kms.katalon.core.webui.keyword.WebUiBuiltInKeywords.getAttribute(batch, "value").trim(): Attribute 'value' of object '' is: '5000'

2018-05-15 19:13:49 - [MESSAGE][PASSED] - Attribute 'value' of object '' is: '5000'

2018-05-15 19:13:49 - [TEST_STEP][PASSED] - Statement - Rqty = 10000: null

2018-05-15 19:13:49 - [TEST_STEP][PASSED] - delay: Delayed 2 second(s)

2018-05-15 19:13:51 - [MESSAGE][PASSED] - Delayed 2 second(s)

2018-05-15 19:13:51 - [TEST_STEP][PASSED] - Statement - out.println("BatchQty : " + batchqty): null

2018-05-15 19:13:51 - [TEST_STEP][PASSED] - Statement - out.println("RQty : " + Rqty): null

2018-05-15 19:13:51 - [TEST_STEP][PASSED] - Statement - If (java.lang.Integer.valueOf(batchqty) >= java.lang.Integer.valueOf(Rqty)): null

2018-05-15 19:13:51 - [TEST_STEP][PASSED] - Statement - Else: null

2018-05-15 19:13:51 - [TEST_STEP][PASSED] - Statement - out.println("Batchqty Is Less Than Rqty"): null

2018-05-15 19:13:51 - [TEST_STEP][PASSED] - Statement - product = new com.kms.katalon.core.testobject.TestObject(): null

2018-05-15 19:13:51 - [TEST_STEP][PASSED] - Statement - product = com.kms.katalon.core.webui.keyword.WebUiBuiltInKeywords.modifyObjectProperty(product, "xpath", "equals", "//*[@id = "fldvendor" + row + ""]", true): Modify property of object successfully

2018-05-15 19:13:51 - [MESSAGE][PASSED] - Modify property of object successfully

2018-05-15 19:13:51 - [TEST_STEP][PASSED] - selectOptionByIndex: All options with index in [3] are selected on object ''

2018-05-15 19:13:51 - [MESSAGE][PASSED] - All options with index in [3] are selected on object ''

2018-05-15 19:13:51 - [TEST_STEP][PASSED] - Statement - batch = new com.kms.katalon.core.testobject.TestObject(): null

2018-05-15 19:13:51 - [TEST_STEP][PASSED] - Statement - batch = com.kms.katalon.core.webui.keyword.WebUiBuiltInKeywords.modifyObjectProperty(batch, "xpath", "equals", "//*[@id = "txtbthqty" + row + ""]", true): Modify property of object successfully

2018-05-15 19:13:51 - [MESSAGE][PASSED] - Modify property of object successfully

2018-05-15 19:13:51 - [TEST_STEP][PASSED] - Statement - batchqty = com.kms.katalon.core.webui.keyword.WebUiBuiltInKeywords.getAttribute(batch, "value").trim(): Attribute 'value' of object '' is: '200'

2018-05-15 19:13:52 - [MESSAGE][PASSED] - Attribute 'value' of object '' is: '200'

2018-05-15 19:13:52 - [TEST_STEP][PASSED] - Statement - Rqty = 10000: null

2018-05-15 19:13:52 - [TEST_STEP][PASSED] - delay: Delayed 2 second(s)

2018-05-15 19:13:54 - [MESSAGE][PASSED] - Delayed 2 second(s)

2018-05-15 19:13:54 - [TEST_STEP][PASSED] - Statement - out.println("BatchQty : " + batchqty): null

2018-05-15 19:13:54 - [TEST_STEP][PASSED] - Statement - out.println("RQty : " + Rqty): null

2018-05-15 19:13:54 - [TEST_STEP][PASSED] - Statement - If (java.lang.Integer.valueOf(batchqty) >= java.lang.Integer.valueOf(Rqty)): null

2018-05-15 19:13:54 - [TEST_STEP][PASSED] - Statement - Else: null

2018-05-15 19:13:54 - [TEST_STEP][PASSED] - Statement - out.println("Batchqty Is Less Than Rqty"): null

2018-05-15 19:13:54 - [TEST_STEP][PASSED] - Statement - product = new com.kms.katalon.core.testobject.TestObject(): null

2018-05-15 19:13:54 - [TEST_STEP][PASSED] - Statement - product = com.kms.katalon.core.webui.keyword.WebUiBuiltInKeywords.modifyObjectProperty(product, "xpath", "equals", "//*[@id = "fldvendor" + row + ""]", true): Modify property of object successfully

2018-05-15 19:13:54 - [MESSAGE][PASSED] - Modify property of object successfully

2018-05-15 19:13:54 - [TEST_STEP][PASSED] - selectOptionByIndex: All options with index in [4] are selected on object ''

2018-05-15 19:13:54 - [MESSAGE][PASSED] - All options with index in [4] are selected on object ''

2018-05-15 19:13:54 - [TEST_STEP][PASSED] - Statement - batch = new com.kms.katalon.core.testobject.TestObject(): null

2018-05-15 19:13:54 - [TEST_STEP][PASSED] - Statement - batch = com.kms.katalon.core.webui.keyword.WebUiBuiltInKeywords.modifyObjectProperty(batch, "xpath", "equals", "//*[@id = "txtbthqty" + row + ""]", true): Modify property of object successfully

2018-05-15 19:13:54 - [MESSAGE][PASSED] - Modify property of object successfully

2018-05-15 19:13:54 - [TEST_STEP][PASSED] - Statement - batchqty = com.kms.katalon.core.webui.keyword.WebUiBuiltInKeywords.getAttribute(batch, "value").trim(): Attribute 'value' of object '' is: '200'

2018-05-15 19:13:54 - [MESSAGE][PASSED] - Attribute 'value' of object '' is: '200'

2018-05-15 19:13:54 - [TEST_STEP][PASSED] - Statement - Rqty = 10000: null

2018-05-15 19:13:54 - [TEST_STEP][PASSED] - delay: Delayed 2 second(s)

2018-05-15 19:13:56 - [MESSAGE][PASSED] - Delayed 2 second(s)

2018-05-15 19:13:56 - [TEST_STEP][PASSED] - Statement - out.println("BatchQty : " + batchqty): null

2018-05-15 19:13:56 - [TEST_STEP][PASSED] - Statement - out.println("RQty : " + Rqty): null

2018-05-15 19:13:56 - [TEST_STEP][PASSED] - Statement - If (java.lang.Integer.valueOf(batchqty) >= java.lang.Integer.valueOf(Rqty)): null

2018-05-15 19:13:56 - [TEST_STEP][PASSED] - Statement - Else: null

2018-05-15 19:13:56 - [TEST_STEP][PASSED] - Statement - out.println("Batchqty Is Less Than Rqty"): null

2018-05-15 19:13:56 - [TEST_STEP][PASSED] - Statement - batchlength = new com.kms.katalon.core.testobject.TestObject(): null

2018-05-15 19:13:56 - [TEST_STEP][PASSED] - Statement - batchlength = com.kms.katalon.core.webui.keyword.WebUiBuiltInKeywords.modifyObjectProperty(batchlength, "xpath", "equals", "//*[@id = "fldvendor" + row + ""]", true): Modify property of object successfully

2018-05-15 19:13:56 - [MESSAGE][PASSED] - Modify property of object successfully

2018-05-15 19:13:56 - [TEST_STEP][PASSED] - Statement - batchsize = com.kms.katalon.core.webui.keyword.WebUiBuiltInKeywords.getNumberOfTotalOption(batchlength): 5 options of object '' counted

2018-05-15 19:13:56 - [MESSAGE][PASSED] - 5 options of object '' counted

2018-05-15 19:13:56 - [TEST_STEP][PASSED] - Statement - out.println("BatchSize : " + batchsize): null

2018-05-15 19:13:56 - [TEST_STEP][PASSED] - Statement - For ([n = 1, n <= batchsize - 1, (n++)]): null

2018-05-15 19:13:56 - [TEST_STEP][PASSED] - Statement - product = new com.kms.katalon.core.testobject.TestObject(): null

2018-05-15 19:13:56 - [TEST_STEP][PASSED] - Statement - product = com.kms.katalon.core.webui.keyword.WebUiBuiltInKeywords.modifyObjectProperty(product, "xpath", "equals", "//*[@id = "fldvendor" + row + ""]", true): Modify property of object successfully

2018-05-15 19:13:56 - [MESSAGE][PASSED] - Modify property of object successfully

2018-05-15 19:13:56 - [TEST_STEP][PASSED] - selectOptionByIndex: All options with index in [1] are selected on object ''

2018-05-15 19:13:56 - [MESSAGE][PASSED] - All options with index in [1] are selected on object ''

2018-05-15 19:13:56 - [TEST_STEP][PASSED] - Statement - batch = new com.kms.katalon.core.testobject.TestObject(): null

2018-05-15 19:13:56 - [TEST_STEP][PASSED] - Statement - batch = com.kms.katalon.core.webui.keyword.WebUiBuiltInKeywords.modifyObjectProperty(batch, "xpath", "equals", "//*[@id = "txtbthqty" + row + ""]", true): Modify property of object successfully

2018-05-15 19:13:56 - [MESSAGE][PASSED] - Modify property of object successfully

2018-05-15 19:13:56 - [TEST_STEP][PASSED] - Statement - batchqty = com.kms.katalon.core.webui.keyword.WebUiBuiltInKeywords.getAttribute(batch, "value").trim(): Attribute 'value' of object '' is: '5000'

2018-05-15 19:13:56 - [MESSAGE][PASSED] - Attribute 'value' of object '' is: '5000'

2018-05-15 19:13:56 - [TEST_STEP][PASSED] - Statement - Rqty = 10000: null

2018-05-15 19:13:56 - [TEST_STEP][PASSED] - delay: Delayed 2 second(s)

2018-05-15 19:13:58 - [MESSAGE][PASSED] - Delayed 2 second(s)

2018-05-15 19:13:58 - [TEST_STEP][PASSED] - Statement - out.println("BatchQty : " + batchqty): null

2018-05-15 19:13:58 - [TEST_STEP][PASSED] - Statement - out.println("RQty : " + Rqty): null

2018-05-15 19:13:58 - [TEST_STEP][PASSED] - Statement - If (java.lang.Integer.valueOf(batchqty) >= java.lang.Integer.valueOf(Rqty)): null

2018-05-15 19:13:58 - [TEST_STEP][PASSED] - Statement - Else: null

2018-05-15 19:13:58 - [TEST_STEP][PASSED] - Statement - out.println("Batchqty Is Less Than Rqty"): null

2018-05-15 19:13:58 - [TEST_STEP][PASSED] - Statement - product = new com.kms.katalon.core.testobject.TestObject(): null

2018-05-15 19:13:58 - [TEST_STEP][PASSED] - Statement - product = com.kms.katalon.core.webui.keyword.WebUiBuiltInKeywords.modifyObjectProperty(product, "xpath", "equals", "//*[@id = "fldvendor" + row + ""]", true): Modify property of object successfully

2018-05-15 19:13:58 - [MESSAGE][PASSED] - Modify property of object successfully

2018-05-15 19:13:58 - [TEST_STEP][PASSED] - selectOptionByIndex: All options with index in [2] are selected on object ''

2018-05-15 19:13:58 - [MESSAGE][PASSED] - All options with index in [2] are selected on object ''

2018-05-15 19:13:58 - [TEST_STEP][PASSED] - Statement - batch = new com.kms.katalon.core.testobject.TestObject(): null

2018-05-15 19:13:58 - [TEST_STEP][PASSED] - Statement - batch = com.kms.katalon.core.webui.keyword.WebUiBuiltInKeywords.modifyObjectProperty(batch, "xpath", "equals", "//*[@id = "txtbthqty" + row + ""]", true): Modify property of object successfully

2018-05-15 19:13:58 - [MESSAGE][PASSED] - Modify property of object successfully

2018-05-15 19:13:58 - [TEST_STEP][PASSED] - Statement - batchqty = com.kms.katalon.core.webui.keyword.WebUiBuiltInKeywords.getAttribute(batch, "value").trim(): Attribute 'value' of object '' is: '200'

2018-05-15 19:13:58 - [MESSAGE][PASSED] - Attribute 'value' of object '' is: '200'

2018-05-15 19:13:58 - [TEST_STEP][PASSED] - Statement - Rqty = 10000: null

2018-05-15 19:13:58 - [TEST_STEP][PASSED] - delay: Delayed 2 second(s)

2018-05-15 19:14:00 - [MESSAGE][PASSED] - Delayed 2 second(s)

2018-05-15 19:14:00 - [TEST_STEP][PASSED] - Statement - out.println("BatchQty : " + batchqty): null

2018-05-15 19:14:00 - [TEST_STEP][PASSED] - Statement - out.println("RQty : " + Rqty): null

2018-05-15 19:14:00 - [TEST_STEP][PASSED] - Statement - If (java.lang.Integer.valueOf(batchqty) >= java.lang.Integer.valueOf(Rqty)): null

2018-05-15 19:14:00 - [TEST_STEP][PASSED] - Statement - Else: null

2018-05-15 19:14:00 - [TEST_STEP][PASSED] - Statement - out.println("Batchqty Is Less Than Rqty"): null

2018-05-15 19:14:00 - [TEST_STEP][PASSED] - Statement - product = new com.kms.katalon.core.testobject.TestObject(): null

2018-05-15 19:14:00 - [TEST_STEP][PASSED] - Statement - product = com.kms.katalon.core.webui.keyword.WebUiBuiltInKeywords.modifyObjectProperty(product, "xpath", "equals", "//*[@id = "fldvendor" + row + ""]", true): Modify property of object successfully

2018-05-15 19:14:00 - [MESSAGE][PASSED] - Modify property of object successfully

2018-05-15 19:14:00 - [TEST_STEP][PASSED] - selectOptionByIndex: All options with index in [3] are selected on object ''

2018-05-15 19:14:00 - [MESSAGE][PASSED] - All options with index in [3] are selected on object ''

2018-05-15 19:14:00 - [TEST_STEP][PASSED] - Statement - batch = new com.kms.katalon.core.testobject.TestObject(): null

2018-05-15 19:14:00 - [TEST_STEP][PASSED] - Statement - batch = com.kms.katalon.core.webui.keyword.WebUiBuiltInKeywords.modifyObjectProperty(batch, "xpath", "equals", "//*[@id = "txtbthqty" + row + ""]", true): Modify property of object successfully

2018-05-15 19:14:00 - [MESSAGE][PASSED] - Modify property of object successfully

2018-05-15 19:14:00 - [TEST_STEP][PASSED] - Statement - batchqty = com.kms.katalon.core.webui.keyword.WebUiBuiltInKeywords.getAttribute(batch, "value").trim(): Attribute 'value' of object '' is: '200'

2018-05-15 19:14:00 - [MESSAGE][PASSED] - Attribute 'value' of object '' is: '200'

2018-05-15 19:14:00 - [TEST_STEP][PASSED] - Statement - Rqty = 10000: null

2018-05-15 19:14:00 - [TEST_STEP][PASSED] - delay: Delayed 2 second(s)

2018-05-15 19:14:02 - [MESSAGE][PASSED] - Delayed 2 second(s)

2018-05-15 19:14:02 - [TEST_STEP][PASSED] - Statement - out.println("BatchQty : " + batchqty): null

2018-05-15 19:14:02 - [TEST_STEP][PASSED] - Statement - out.println("RQty : " + Rqty): null

2018-05-15 19:14:02 - [TEST_STEP][PASSED] - Statement - If (java.lang.Integer.valueOf(batchqty) >= java.lang.Integer.valueOf(Rqty)): null

2018-05-15 19:14:02 - [TEST_STEP][PASSED] - Statement - Else: null

2018-05-15 19:14:02 - [TEST_STEP][PASSED] - Statement - out.println("Batchqty Is Less Than Rqty"): null

2018-05-15 19:14:02 - [TEST_STEP][PASSED] - Statement - product = new com.kms.katalon.core.testobject.TestObject(): null

2018-05-15 19:14:02 - [TEST_STEP][PASSED] - Statement - product = com.kms.katalon.core.webui.keyword.WebUiBuiltInKeywords.modifyObjectProperty(product, "xpath", "equals", "//*[@id = "fldvendor" + row + ""]", true): Modify property of object successfully

2018-05-15 19:14:02 - [MESSAGE][PASSED] - Modify property of object successfully

2018-05-15 19:14:02 - [TEST_STEP][PASSED] - selectOptionByIndex: All options with index in [4] are selected on object ''

2018-05-15 19:14:02 - [MESSAGE][PASSED] - All options with index in [4] are selected on object ''

2018-05-15 19:14:02 - [TEST_STEP][PASSED] - Statement - batch = new com.kms.katalon.core.testobject.TestObject(): null

2018-05-15 19:14:02 - [TEST_STEP][PASSED] - Statement - batch = com.kms.katalon.core.webui.keyword.WebUiBuiltInKeywords.modifyObjectProperty(batch, "xpath", "equals", "//*[@id = "txtbthqty" + row + ""]", true): Modify property of object successfully

2018-05-15 19:14:02 - [MESSAGE][PASSED] - Modify property of object successfully

2018-05-15 19:14:02 - [TEST_STEP][PASSED] - Statement - batchqty = com.kms.katalon.core.webui.keyword.WebUiBuiltInKeywords.getAttribute(batch, "value").trim(): Attribute 'value' of object '' is: '5000'

2018-05-15 19:14:03 - [MESSAGE][PASSED] - Attribute 'value' of object '' is: '5000'

2018-05-15 19:14:03 - [TEST_STEP][PASSED] - Statement - Rqty = 10000: null

2018-05-15 19:14:03 - [TEST_STEP][PASSED] - delay: Delayed 2 second(s)

2018-05-15 19:14:05 - [MESSAGE][PASSED] - Delayed 2 second(s)

2018-05-15 19:14:05 - [TEST_STEP][PASSED] - Statement - out.println("BatchQty : " + batchqty): null

2018-05-15 19:14:05 - [TEST_STEP][PASSED] - Statement - out.println("RQty : " + Rqty): null

2018-05-15 19:14:05 - [TEST_STEP][PASSED] - Statement - If (java.lang.Integer.valueOf(batchqty) >= java.lang.Integer.valueOf(Rqty)): null

2018-05-15 19:14:05 - [TEST_STEP][PASSED] - Statement - Else: null

2018-05-15 19:14:05 - [TEST_STEP][PASSED] - Statement - out.println("Batchqty Is Less Than Rqty"): null

2018-05-15 19:14:05 - [TEST_STEP][PASSED] - click: Object: 'Object Repository/store Request Schedule 1/Page_KDMC - CMS/input_btndispatch' is clicked on

2018-05-15 19:14:11 - [MESSAGE][PASSED] - Object: 'Object Repository/store Request Schedule 1/Page_KDMC - CMS/input_btndispatch' is clicked on

2018-05-15 19:14:11 - [TEST_STEP][PASSED] - delay: Delayed 3 second(s)

2018-05-15 19:14:14 - [MESSAGE][PASSED] - Delayed 3 second(s)

2018-05-15 19:14:14 - [TEST_STEP][FAILED] - click: Unable to click on object 'Object Repository/store Request Schedule 1/Page_KDMC - CMS/button_OK' (Root cause: org.openqa.selenium.ElementNotVisibleException: element not visible
  (Session info: chrome=66.0.3359.139)
  (Driver info: chromedriver=2.35.528161 (5b82f2d2aae0ca24b877009200ced9065a772e73),platform=Windows NT 10.0.17134 x86_64) (WARNING: The server did not provide any stacktrace information)
Command duration or timeout: 0 milliseconds
Build info: version: '3.7.1', revision: '8a0099a', time: '2017-11-06T21:07:36.161Z'
System info: host: 'DESKTOP-BLFTK83', ip: '192.168.71.2', os.name: 'Windows 10', os.arch: 'amd64', os.version: '10.0', java.version: '1.8.0_102'
Driver info: com.kms.katalon.selenium.driver.CChromeDriver
Capabilities {acceptInsecureCerts: false, acceptSslCerts: false, applicationCacheEnabled: false, browserConnectionEnabled: false, browserName: chrome, chrome: {chromedriverVersion: 2.35.528161 (5b82f2d2aae0ca..., userDataDir: C:\Users\QUALIT~1\AppData\L...}, cssSelectorsEnabled: true, databaseEnabled: false, handlesAlerts: true, hasTouchScreen: false, javascriptEnabled: true, locationContextEnabled: true, mobileEmulationEnabled: false, nativeEvents: true, networkConnectionEnabled: false, pageLoadStrategy: normal, platform: XP, platformName: XP, rotatable: false, setWindowRect: true, takesHeapSnapshot: true, takesScreenshot: true, unexpectedAlertBehaviour: , unhandledPromptBehavior: , version: 66.0.3359.139, webStorageEnabled: true}
Session ID: 4cae056eefa1d6ee7e0c99afb7cd09b8)

2018-05-15 19:14:15 - [MESSAGE][FAILED] - Unable to click on object 'Object Repository/store Request Schedule 1/Page_KDMC - CMS/button_OK' (Root cause: org.openqa.selenium.ElementNotVisibleException: element not visible
  (Session info: chrome=66.0.3359.139)
  (Driver info: chromedriver=2.35.528161 (5b82f2d2aae0ca24b877009200ced9065a772e73),platform=Windows NT 10.0.17134 x86_64) (WARNING: The server did not provide any stacktrace information)
Command duration or timeout: 0 milliseconds
Build info: version: '3.7.1', revision: '8a0099a', time: '2017-11-06T21:07:36.161Z'
System info: host: 'DESKTOP-BLFTK83', ip: '192.168.71.2', os.name: 'Windows 10', os.arch: 'amd64', os.version: '10.0', java.version: '1.8.0_102'
Driver info: com.kms.katalon.selenium.driver.CChromeDriver
Capabilities {acceptInsecureCerts: false, acceptSslCerts: false, applicationCacheEnabled: false, browserConnectionEnabled: false, browserName: chrome, chrome: {chromedriverVersion: 2.35.528161 (5b82f2d2aae0ca..., userDataDir: C:\Users\QUALIT~1\AppData\L...}, cssSelectorsEnabled: true, databaseEnabled: false, handlesAlerts: true, hasTouchScreen: false, javascriptEnabled: true, locationContextEnabled: true, mobileEmulationEnabled: false, nativeEvents: true, networkConnectionEnabled: false, pageLoadStrategy: normal, platform: XP, platformName: XP, rotatable: false, setWindowRect: true, takesHeapSnapshot: true, takesScreenshot: true, unexpectedAlertBehaviour: , unhandledPromptBehavior: , version: 66.0.3359.139, webStorageEnabled: true}
Session ID: 4cae056eefa1d6ee7e0c99afb7cd09b8)
[[ATTACHMENT|C:\\Users\\Quality Analyst\\Katalon Studio\\ds\\Reports\\Store_Suit\\20180515_181358\\1526391854419.png]]]]></system-out>
         <system-err><![CDATA[2018-05-15 18:59:26 - [TEST_CASE][FAILED] - Test Cases/STORE TO CMS REQUEST TEST CASES/TC_STCMS_011 To Verify Schedule 11 Store To CMS Request Are Working Successfully Or Not: Test Cases/STORE TO CMS REQUEST TEST CASES/TC_STCMS_011 To Verify Schedule 11 Store To CMS Request Are Working Successfully Or Not FAILED because (of) Unable to click on object 'Object Repository/store Request Schedule 1/Page_KDMC - CMS/button_OK' (Root cause: org.openqa.selenium.ElementNotVisibleException: element not visible
  (Session info: chrome=66.0.3359.139)
  (Driver info: chromedriver=2.35.528161 (5b82f2d2aae0ca24b877009200ced9065a772e73),platform=Windows NT 10.0.17134 x86_64) (WARNING: The server did not provide any stacktrace information)
Command duration or timeout: 0 milliseconds
Build info: version: '3.7.1', revision: '8a0099a', time: '2017-11-06T21:07:36.161Z'
System info: host: 'DESKTOP-BLFTK83', ip: '192.168.71.2', os.name: 'Windows 10', os.arch: 'amd64', os.version: '10.0', java.version: '1.8.0_102'
Driver info: com.kms.katalon.selenium.driver.CChromeDriver
Capabilities {acceptInsecureCerts: false, acceptSslCerts: false, applicationCacheEnabled: false, browserConnectionEnabled: false, browserName: chrome, chrome: {chromedriverVersion: 2.35.528161 (5b82f2d2aae0ca..., userDataDir: C:\Users\QUALIT~1\AppData\L...}, cssSelectorsEnabled: true, databaseEnabled: false, handlesAlerts: true, hasTouchScreen: false, javascriptEnabled: true, locationContextEnabled: true, mobileEmulationEnabled: false, nativeEvents: true, networkConnectionEnabled: false, pageLoadStrategy: normal, platform: XP, platformName: XP, rotatable: false, setWindowRect: true, takesHeapSnapshot: true, takesScreenshot: true, unexpectedAlertBehaviour: , unhandledPromptBehavior: , version: 66.0.3359.139, webStorageEnabled: true}
Session ID: 4cae056eefa1d6ee7e0c99afb7cd09b8)]]></system-err>
      </testcase>
      <testcase name="Test Cases/STORE TO CMS REQUEST TEST CASES/TC_STCMS_012 To Verify Schedule 12 Store To CMS Request Are Working Successfully Or Not" classname="Test Cases/STORE TO CMS REQUEST TEST CASES/TC_STCMS_012 To Verify Schedule 12 Store To CMS Request Are Working Successfully Or Not" status="FAILED">
         <failure type="FAILED" message="Unable to click on object 'Object Repository/Store Request Schedule 1/Page_Store/a_dropdown-toggle' (Root cause: com.kms.katalon.core.webui.exception.WebElementNotFoundException: Web element with id: 'Object Repository/Store Request Schedule 1/Page_Store/a_dropdown-toggle' located by 'By.xpath: /html[1]/body[@class=&quot;skin-blue  pace-done&quot;]/header[@class=&quot;header&quot;]/div[@class=&quot;row&quot;]/nav[@class=&quot;navbar navbar-static-top&quot;]/div[@class=&quot;navbar-right&quot;]/ul[@class=&quot;nav navbar-nav&quot;]/li[@class=&quot;dropdown user user-menu&quot;]/a[@class=&quot;dropdown-toggle&quot;][count(. | //*[@class = 'dropdown-toggle' and @data-toggle = 'dropdown']) = count(//*[@class = 'dropdown-toggle' and @data-toggle = 'dropdown'])]' not found)"/>
         <system-out><![CDATA[2018-05-15 19:14:15 - [TEST_CASE][FAILED] - Test Cases/STORE TO CMS REQUEST TEST CASES/TC_STCMS_012 To Verify Schedule 12 Store To CMS Request Are Working Successfully Or Not: Test Cases/STORE TO CMS REQUEST TEST CASES/TC_STCMS_012 To Verify Schedule 12 Store To CMS Request Are Working Successfully Or Not FAILED because (of) Unable to click on object 'Object Repository/Store Request Schedule 1/Page_Store/a_dropdown-toggle' (Root cause: com.kms.katalon.core.webui.exception.WebElementNotFoundException: Web element with id: 'Object Repository/Store Request Schedule 1/Page_Store/a_dropdown-toggle' located by 'By.xpath: /html[1]/body[@class="skin-blue  pace-done"]/header[@class="header"]/div[@class="row"]/nav[@class="navbar navbar-static-top"]/div[@class="navbar-right"]/ul[@class="nav navbar-nav"]/li[@class="dropdown user user-menu"]/a[@class="dropdown-toggle"][count(. | //*[@class = 'dropdown-toggle' and @data-toggle = 'dropdown']) = count(//*[@class = 'dropdown-toggle' and @data-toggle = 'dropdown'])]' not found)

2018-05-15 19:14:15 - [TEST_STEP][PASSED] - openBrowser: Browser is opened with url: ''

2018-05-15 19:14:15 - [MESSAGE][WARNING] - A browser is already opened. Closing browser and opening a new one

2018-05-15 19:14:18 - [MESSAGE][PASSED] - Browser is opened with url: ''

2018-05-15 19:14:18 - [TEST_STEP][PASSED] - Statement - out.println("Verify Schedule 1 STORE Request Are Working Successfully Or Not"): null

2018-05-15 19:14:18 - [TEST_STEP][PASSED] - navigateToUrl: Navigate to 'http://192.168.137.1/multihospital_new/' successfully

2018-05-15 19:14:19 - [MESSAGE][PASSED] - Navigate to 'http://192.168.137.1/multihospital_new/' successfully

2018-05-15 19:14:19 - [TEST_STEP][PASSED] - maximizeWindow: Current window maximized

2018-05-15 19:14:20 - [MESSAGE][PASSED] - Current window maximized

2018-05-15 19:14:20 - [TEST_STEP][PASSED] - click: Object: 'Object Repository/Store Request Schedule 1/Page_KDMC/a_Divisional Store' is clicked on

2018-05-15 19:14:21 - [MESSAGE][PASSED] - Object: 'Object Repository/Store Request Schedule 1/Page_KDMC/a_Divisional Store' is clicked on

2018-05-15 19:14:21 - [TEST_STEP][PASSED] - setText: Text 'ragu' is set on object 'Object Repository/Store Request Schedule 1/Page_Divisonal Store Login/input_txtusername'

2018-05-15 19:14:21 - [MESSAGE][PASSED] - Text 'ragu' is set on object 'Object Repository/Store Request Schedule 1/Page_Divisonal Store Login/input_txtusername'

2018-05-15 19:14:21 - [TEST_STEP][PASSED] - setText: Text '123' is set on object 'Object Repository/Store Request Schedule 1/Page_Divisonal Store Login/input_txtpassword'

2018-05-15 19:14:21 - [MESSAGE][PASSED] - Text '123' is set on object 'Object Repository/Store Request Schedule 1/Page_Divisonal Store Login/input_txtpassword'

2018-05-15 19:14:21 - [TEST_STEP][PASSED] - delay: Delayed 3 second(s)

2018-05-15 19:14:24 - [MESSAGE][PASSED] - Delayed 3 second(s)

2018-05-15 19:14:24 - [TEST_STEP][PASSED] - click: Object: 'Object Repository/Store Request Schedule 1/Page_Divisonal Store Login/button_Sign in' is clicked on

2018-05-15 19:14:26 - [MESSAGE][PASSED] - Object: 'Object Repository/Store Request Schedule 1/Page_Divisonal Store Login/button_Sign in' is clicked on

2018-05-15 19:14:26 - [TEST_STEP][PASSED] - delay: Delayed 3 second(s)

2018-05-15 19:14:29 - [MESSAGE][PASSED] - Delayed 3 second(s)

2018-05-15 19:14:29 - [TEST_STEP][PASSED] - click: Object: 'Object Repository/Store Request Schedule 1/Page_Store/a_CMS' is clicked on

2018-05-15 19:14:34 - [MESSAGE][PASSED] - Object: 'Object Repository/Store Request Schedule 1/Page_Store/a_CMS' is clicked on

2018-05-15 19:14:34 - [TEST_STEP][PASSED] - delay: Delayed 2 second(s)

2018-05-15 19:14:36 - [MESSAGE][PASSED] - Delayed 2 second(s)

2018-05-15 19:14:36 - [TEST_STEP][PASSED] - click: Object: 'Object Repository/Store Request Schedule 1/Page_Store/a_Request Send' is clicked on

2018-05-15 19:14:42 - [MESSAGE][PASSED] - Object: 'Object Repository/Store Request Schedule 1/Page_Store/a_Request Send' is clicked on

2018-05-15 19:14:42 - [TEST_STEP][PASSED] - selectOptionByIndex: All options with index in [1] are selected on object 'Object Repository/Store Request Schedule 1/Page_Store/select_--Select--'

2018-05-15 19:14:42 - [MESSAGE][PASSED] - All options with index in [1] are selected on object 'Object Repository/Store Request Schedule 1/Page_Store/select_--Select--'

2018-05-15 19:14:42 - [TEST_STEP][PASSED] - selectOptionByIndex: All options with index in [12] are selected on object 'Object Repository/Store Request Schedule 1/Page_Store/select_--Select--Schedule 1Inj'

2018-05-15 19:14:42 - [MESSAGE][PASSED] - All options with index in [12] are selected on object 'Object Repository/Store Request Schedule 1/Page_Store/select_--Select--Schedule 1Inj'

2018-05-15 19:14:42 - [TEST_STEP][PASSED] - Statement - SelectedOptions = com.kms.katalon.core.webui.keyword.WebUiBuiltInKeywords.getNumberOfTotalOption(com.kms.katalon.core.testobject.ObjectRepository.findTestObject(Store Request Schedule 1/Page_Store/select_--Select--Adernaline 0.)): 19 options of object 'Object Repository/Store Request Schedule 1/Page_Store/select_--Select--Adernaline 0.' counted

2018-05-15 19:14:42 - [MESSAGE][PASSED] - 19 options of object 'Object Repository/Store Request Schedule 1/Page_Store/select_--Select--Adernaline 0.' counted

2018-05-15 19:14:42 - [TEST_STEP][PASSED] - Statement - For ([y = 1, y < SelectedOptions, (y++)]): Object: 'Object Repository/Store Request Schedule 1/Page_Store/button_Add' is clicked on

2018-05-15 19:14:42 - [TEST_STEP][PASSED] - selectOptionByIndex: All options with index in [12] are selected on object 'Object Repository/Store Request Schedule 1/Page_Store/select_--Select--Schedule 1Inj'

2018-05-15 19:14:42 - [MESSAGE][PASSED] - All options with index in [12] are selected on object 'Object Repository/Store Request Schedule 1/Page_Store/select_--Select--Schedule 1Inj'

2018-05-15 19:14:42 - [TEST_STEP][PASSED] - delay: Delayed 1 second(s)

2018-05-15 19:14:43 - [MESSAGE][PASSED] - Delayed 1 second(s)

2018-05-15 19:14:43 - [TEST_STEP][PASSED] - selectOptionByIndex: All options with index in [1] are selected on object 'Object Repository/Store Request Schedule 1/Page_Store/select_--Select--Adernaline 0.'

2018-05-15 19:14:43 - [MESSAGE][PASSED] - All options with index in [1] are selected on object 'Object Repository/Store Request Schedule 1/Page_Store/select_--Select--Adernaline 0.'

2018-05-15 19:14:43 - [TEST_STEP][PASSED] - setText: Text '100' is set on object 'Object Repository/Store Request Schedule 1/Page_Store/input_txttreat'

2018-05-15 19:14:43 - [MESSAGE][PASSED] - Text '100' is set on object 'Object Repository/Store Request Schedule 1/Page_Store/input_txttreat'

2018-05-15 19:14:43 - [TEST_STEP][PASSED] - click: Object: 'Object Repository/Store Request Schedule 1/Page_Store/button_Add' is clicked on

2018-05-15 19:14:49 - [MESSAGE][PASSED] - Object: 'Object Repository/Store Request Schedule 1/Page_Store/button_Add' is clicked on

2018-05-15 19:14:49 - [TEST_STEP][PASSED] - selectOptionByIndex: All options with index in [12] are selected on object 'Object Repository/Store Request Schedule 1/Page_Store/select_--Select--Schedule 1Inj'

2018-05-15 19:14:49 - [MESSAGE][PASSED] - All options with index in [12] are selected on object 'Object Repository/Store Request Schedule 1/Page_Store/select_--Select--Schedule 1Inj'

2018-05-15 19:14:49 - [TEST_STEP][PASSED] - delay: Delayed 1 second(s)

2018-05-15 19:14:50 - [MESSAGE][PASSED] - Delayed 1 second(s)

2018-05-15 19:14:50 - [TEST_STEP][PASSED] - selectOptionByIndex: All options with index in [2] are selected on object 'Object Repository/Store Request Schedule 1/Page_Store/select_--Select--Adernaline 0.'

2018-05-15 19:14:50 - [MESSAGE][PASSED] - All options with index in [2] are selected on object 'Object Repository/Store Request Schedule 1/Page_Store/select_--Select--Adernaline 0.'

2018-05-15 19:14:50 - [TEST_STEP][PASSED] - setText: Text '100' is set on object 'Object Repository/Store Request Schedule 1/Page_Store/input_txttreat'

2018-05-15 19:14:50 - [MESSAGE][PASSED] - Text '100' is set on object 'Object Repository/Store Request Schedule 1/Page_Store/input_txttreat'

2018-05-15 19:14:50 - [TEST_STEP][PASSED] - click: Object: 'Object Repository/Store Request Schedule 1/Page_Store/button_Add' is clicked on

2018-05-15 19:14:55 - [MESSAGE][PASSED] - Object: 'Object Repository/Store Request Schedule 1/Page_Store/button_Add' is clicked on

2018-05-15 19:14:55 - [TEST_STEP][PASSED] - selectOptionByIndex: All options with index in [12] are selected on object 'Object Repository/Store Request Schedule 1/Page_Store/select_--Select--Schedule 1Inj'

2018-05-15 19:14:55 - [MESSAGE][PASSED] - All options with index in [12] are selected on object 'Object Repository/Store Request Schedule 1/Page_Store/select_--Select--Schedule 1Inj'

2018-05-15 19:14:55 - [TEST_STEP][PASSED] - delay: Delayed 1 second(s)

2018-05-15 19:14:56 - [MESSAGE][PASSED] - Delayed 1 second(s)

2018-05-15 19:14:56 - [TEST_STEP][PASSED] - selectOptionByIndex: All options with index in [3] are selected on object 'Object Repository/Store Request Schedule 1/Page_Store/select_--Select--Adernaline 0.'

2018-05-15 19:14:56 - [MESSAGE][PASSED] - All options with index in [3] are selected on object 'Object Repository/Store Request Schedule 1/Page_Store/select_--Select--Adernaline 0.'

2018-05-15 19:14:56 - [TEST_STEP][PASSED] - setText: Text '100' is set on object 'Object Repository/Store Request Schedule 1/Page_Store/input_txttreat'

2018-05-15 19:14:57 - [MESSAGE][PASSED] - Text '100' is set on object 'Object Repository/Store Request Schedule 1/Page_Store/input_txttreat'

2018-05-15 19:14:57 - [TEST_STEP][PASSED] - click: Object: 'Object Repository/Store Request Schedule 1/Page_Store/button_Add' is clicked on

2018-05-15 19:15:02 - [MESSAGE][PASSED] - Object: 'Object Repository/Store Request Schedule 1/Page_Store/button_Add' is clicked on

2018-05-15 19:15:02 - [TEST_STEP][PASSED] - selectOptionByIndex: All options with index in [12] are selected on object 'Object Repository/Store Request Schedule 1/Page_Store/select_--Select--Schedule 1Inj'

2018-05-15 19:15:02 - [MESSAGE][PASSED] - All options with index in [12] are selected on object 'Object Repository/Store Request Schedule 1/Page_Store/select_--Select--Schedule 1Inj'

2018-05-15 19:15:02 - [TEST_STEP][PASSED] - delay: Delayed 1 second(s)

2018-05-15 19:15:03 - [MESSAGE][PASSED] - Delayed 1 second(s)

2018-05-15 19:15:03 - [TEST_STEP][PASSED] - selectOptionByIndex: All options with index in [4] are selected on object 'Object Repository/Store Request Schedule 1/Page_Store/select_--Select--Adernaline 0.'

2018-05-15 19:15:03 - [MESSAGE][PASSED] - All options with index in [4] are selected on object 'Object Repository/Store Request Schedule 1/Page_Store/select_--Select--Adernaline 0.'

2018-05-15 19:15:03 - [TEST_STEP][PASSED] - setText: Text '100' is set on object 'Object Repository/Store Request Schedule 1/Page_Store/input_txttreat'

2018-05-15 19:15:03 - [MESSAGE][PASSED] - Text '100' is set on object 'Object Repository/Store Request Schedule 1/Page_Store/input_txttreat'

2018-05-15 19:15:03 - [TEST_STEP][PASSED] - click: Object: 'Object Repository/Store Request Schedule 1/Page_Store/button_Add' is clicked on

2018-05-15 19:15:08 - [MESSAGE][PASSED] - Object: 'Object Repository/Store Request Schedule 1/Page_Store/button_Add' is clicked on

2018-05-15 19:15:08 - [TEST_STEP][PASSED] - selectOptionByIndex: All options with index in [12] are selected on object 'Object Repository/Store Request Schedule 1/Page_Store/select_--Select--Schedule 1Inj'

2018-05-15 19:15:08 - [MESSAGE][PASSED] - All options with index in [12] are selected on object 'Object Repository/Store Request Schedule 1/Page_Store/select_--Select--Schedule 1Inj'

2018-05-15 19:15:08 - [TEST_STEP][PASSED] - delay: Delayed 1 second(s)

2018-05-15 19:15:09 - [MESSAGE][PASSED] - Delayed 1 second(s)

2018-05-15 19:15:09 - [TEST_STEP][PASSED] - selectOptionByIndex: All options with index in [5] are selected on object 'Object Repository/Store Request Schedule 1/Page_Store/select_--Select--Adernaline 0.'

2018-05-15 19:15:09 - [MESSAGE][PASSED] - All options with index in [5] are selected on object 'Object Repository/Store Request Schedule 1/Page_Store/select_--Select--Adernaline 0.'

2018-05-15 19:15:09 - [TEST_STEP][PASSED] - setText: Text '100' is set on object 'Object Repository/Store Request Schedule 1/Page_Store/input_txttreat'

2018-05-15 19:15:10 - [MESSAGE][PASSED] - Text '100' is set on object 'Object Repository/Store Request Schedule 1/Page_Store/input_txttreat'

2018-05-15 19:15:10 - [TEST_STEP][PASSED] - click: Object: 'Object Repository/Store Request Schedule 1/Page_Store/button_Add' is clicked on

2018-05-15 19:15:15 - [MESSAGE][PASSED] - Object: 'Object Repository/Store Request Schedule 1/Page_Store/button_Add' is clicked on

2018-05-15 19:15:15 - [TEST_STEP][PASSED] - selectOptionByIndex: All options with index in [12] are selected on object 'Object Repository/Store Request Schedule 1/Page_Store/select_--Select--Schedule 1Inj'

2018-05-15 19:15:15 - [MESSAGE][PASSED] - All options with index in [12] are selected on object 'Object Repository/Store Request Schedule 1/Page_Store/select_--Select--Schedule 1Inj'

2018-05-15 19:15:15 - [TEST_STEP][PASSED] - delay: Delayed 1 second(s)

2018-05-15 19:15:16 - [MESSAGE][PASSED] - Delayed 1 second(s)

2018-05-15 19:15:16 - [TEST_STEP][PASSED] - selectOptionByIndex: All options with index in [6] are selected on object 'Object Repository/Store Request Schedule 1/Page_Store/select_--Select--Adernaline 0.'

2018-05-15 19:15:16 - [MESSAGE][PASSED] - All options with index in [6] are selected on object 'Object Repository/Store Request Schedule 1/Page_Store/select_--Select--Adernaline 0.'

2018-05-15 19:15:16 - [TEST_STEP][PASSED] - setText: Text '100' is set on object 'Object Repository/Store Request Schedule 1/Page_Store/input_txttreat'

2018-05-15 19:15:16 - [MESSAGE][PASSED] - Text '100' is set on object 'Object Repository/Store Request Schedule 1/Page_Store/input_txttreat'

2018-05-15 19:15:16 - [TEST_STEP][PASSED] - click: Object: 'Object Repository/Store Request Schedule 1/Page_Store/button_Add' is clicked on

2018-05-15 19:15:21 - [MESSAGE][PASSED] - Object: 'Object Repository/Store Request Schedule 1/Page_Store/button_Add' is clicked on

2018-05-15 19:15:21 - [TEST_STEP][PASSED] - selectOptionByIndex: All options with index in [12] are selected on object 'Object Repository/Store Request Schedule 1/Page_Store/select_--Select--Schedule 1Inj'

2018-05-15 19:15:21 - [MESSAGE][PASSED] - All options with index in [12] are selected on object 'Object Repository/Store Request Schedule 1/Page_Store/select_--Select--Schedule 1Inj'

2018-05-15 19:15:21 - [TEST_STEP][PASSED] - delay: Delayed 1 second(s)

2018-05-15 19:15:22 - [MESSAGE][PASSED] - Delayed 1 second(s)

2018-05-15 19:15:22 - [TEST_STEP][PASSED] - selectOptionByIndex: All options with index in [7] are selected on object 'Object Repository/Store Request Schedule 1/Page_Store/select_--Select--Adernaline 0.'

2018-05-15 19:15:23 - [MESSAGE][PASSED] - All options with index in [7] are selected on object 'Object Repository/Store Request Schedule 1/Page_Store/select_--Select--Adernaline 0.'

2018-05-15 19:15:23 - [TEST_STEP][PASSED] - setText: Text '100' is set on object 'Object Repository/Store Request Schedule 1/Page_Store/input_txttreat'

2018-05-15 19:15:23 - [MESSAGE][PASSED] - Text '100' is set on object 'Object Repository/Store Request Schedule 1/Page_Store/input_txttreat'

2018-05-15 19:15:23 - [TEST_STEP][PASSED] - click: Object: 'Object Repository/Store Request Schedule 1/Page_Store/button_Add' is clicked on

2018-05-15 19:15:28 - [MESSAGE][PASSED] - Object: 'Object Repository/Store Request Schedule 1/Page_Store/button_Add' is clicked on

2018-05-15 19:15:28 - [TEST_STEP][PASSED] - selectOptionByIndex: All options with index in [12] are selected on object 'Object Repository/Store Request Schedule 1/Page_Store/select_--Select--Schedule 1Inj'

2018-05-15 19:15:28 - [MESSAGE][PASSED] - All options with index in [12] are selected on object 'Object Repository/Store Request Schedule 1/Page_Store/select_--Select--Schedule 1Inj'

2018-05-15 19:15:28 - [TEST_STEP][PASSED] - delay: Delayed 1 second(s)

2018-05-15 19:15:29 - [MESSAGE][PASSED] - Delayed 1 second(s)

2018-05-15 19:15:29 - [TEST_STEP][PASSED] - selectOptionByIndex: All options with index in [8] are selected on object 'Object Repository/Store Request Schedule 1/Page_Store/select_--Select--Adernaline 0.'

2018-05-15 19:15:29 - [MESSAGE][PASSED] - All options with index in [8] are selected on object 'Object Repository/Store Request Schedule 1/Page_Store/select_--Select--Adernaline 0.'

2018-05-15 19:15:29 - [TEST_STEP][PASSED] - setText: Text '100' is set on object 'Object Repository/Store Request Schedule 1/Page_Store/input_txttreat'

2018-05-15 19:15:29 - [MESSAGE][PASSED] - Text '100' is set on object 'Object Repository/Store Request Schedule 1/Page_Store/input_txttreat'

2018-05-15 19:15:29 - [TEST_STEP][PASSED] - click: Object: 'Object Repository/Store Request Schedule 1/Page_Store/button_Add' is clicked on

2018-05-15 19:15:34 - [MESSAGE][PASSED] - Object: 'Object Repository/Store Request Schedule 1/Page_Store/button_Add' is clicked on

2018-05-15 19:15:34 - [TEST_STEP][PASSED] - selectOptionByIndex: All options with index in [12] are selected on object 'Object Repository/Store Request Schedule 1/Page_Store/select_--Select--Schedule 1Inj'

2018-05-15 19:15:35 - [MESSAGE][PASSED] - All options with index in [12] are selected on object 'Object Repository/Store Request Schedule 1/Page_Store/select_--Select--Schedule 1Inj'

2018-05-15 19:15:35 - [TEST_STEP][PASSED] - delay: Delayed 1 second(s)

2018-05-15 19:15:36 - [MESSAGE][PASSED] - Delayed 1 second(s)

2018-05-15 19:15:36 - [TEST_STEP][PASSED] - selectOptionByIndex: All options with index in [9] are selected on object 'Object Repository/Store Request Schedule 1/Page_Store/select_--Select--Adernaline 0.'

2018-05-15 19:15:36 - [MESSAGE][PASSED] - All options with index in [9] are selected on object 'Object Repository/Store Request Schedule 1/Page_Store/select_--Select--Adernaline 0.'

2018-05-15 19:15:36 - [TEST_STEP][PASSED] - setText: Text '100' is set on object 'Object Repository/Store Request Schedule 1/Page_Store/input_txttreat'

2018-05-15 19:15:36 - [MESSAGE][PASSED] - Text '100' is set on object 'Object Repository/Store Request Schedule 1/Page_Store/input_txttreat'

2018-05-15 19:15:36 - [TEST_STEP][PASSED] - click: Object: 'Object Repository/Store Request Schedule 1/Page_Store/button_Add' is clicked on

2018-05-15 19:15:41 - [MESSAGE][PASSED] - Object: 'Object Repository/Store Request Schedule 1/Page_Store/button_Add' is clicked on

2018-05-15 19:15:41 - [TEST_STEP][PASSED] - selectOptionByIndex: All options with index in [12] are selected on object 'Object Repository/Store Request Schedule 1/Page_Store/select_--Select--Schedule 1Inj'

2018-05-15 19:15:41 - [MESSAGE][PASSED] - All options with index in [12] are selected on object 'Object Repository/Store Request Schedule 1/Page_Store/select_--Select--Schedule 1Inj'

2018-05-15 19:15:41 - [TEST_STEP][PASSED] - delay: Delayed 1 second(s)

2018-05-15 19:15:42 - [MESSAGE][PASSED] - Delayed 1 second(s)

2018-05-15 19:15:42 - [TEST_STEP][PASSED] - selectOptionByIndex: All options with index in [10] are selected on object 'Object Repository/Store Request Schedule 1/Page_Store/select_--Select--Adernaline 0.'

2018-05-15 19:15:42 - [MESSAGE][PASSED] - All options with index in [10] are selected on object 'Object Repository/Store Request Schedule 1/Page_Store/select_--Select--Adernaline 0.'

2018-05-15 19:15:42 - [TEST_STEP][PASSED] - setText: Text '100' is set on object 'Object Repository/Store Request Schedule 1/Page_Store/input_txttreat'

2018-05-15 19:15:42 - [MESSAGE][PASSED] - Text '100' is set on object 'Object Repository/Store Request Schedule 1/Page_Store/input_txttreat'

2018-05-15 19:15:42 - [TEST_STEP][PASSED] - click: Object: 'Object Repository/Store Request Schedule 1/Page_Store/button_Add' is clicked on

2018-05-15 19:15:47 - [MESSAGE][PASSED] - Object: 'Object Repository/Store Request Schedule 1/Page_Store/button_Add' is clicked on

2018-05-15 19:15:47 - [TEST_STEP][PASSED] - selectOptionByIndex: All options with index in [12] are selected on object 'Object Repository/Store Request Schedule 1/Page_Store/select_--Select--Schedule 1Inj'

2018-05-15 19:15:48 - [MESSAGE][PASSED] - All options with index in [12] are selected on object 'Object Repository/Store Request Schedule 1/Page_Store/select_--Select--Schedule 1Inj'

2018-05-15 19:15:48 - [TEST_STEP][PASSED] - delay: Delayed 1 second(s)

2018-05-15 19:15:49 - [MESSAGE][PASSED] - Delayed 1 second(s)

2018-05-15 19:15:49 - [TEST_STEP][PASSED] - selectOptionByIndex: All options with index in [11] are selected on object 'Object Repository/Store Request Schedule 1/Page_Store/select_--Select--Adernaline 0.'

2018-05-15 19:15:49 - [MESSAGE][PASSED] - All options with index in [11] are selected on object 'Object Repository/Store Request Schedule 1/Page_Store/select_--Select--Adernaline 0.'

2018-05-15 19:15:49 - [TEST_STEP][PASSED] - setText: Text '100' is set on object 'Object Repository/Store Request Schedule 1/Page_Store/input_txttreat'

2018-05-15 19:15:49 - [MESSAGE][PASSED] - Text '100' is set on object 'Object Repository/Store Request Schedule 1/Page_Store/input_txttreat'

2018-05-15 19:15:49 - [TEST_STEP][PASSED] - click: Object: 'Object Repository/Store Request Schedule 1/Page_Store/button_Add' is clicked on

2018-05-15 19:15:54 - [MESSAGE][PASSED] - Object: 'Object Repository/Store Request Schedule 1/Page_Store/button_Add' is clicked on

2018-05-15 19:15:54 - [TEST_STEP][PASSED] - selectOptionByIndex: All options with index in [12] are selected on object 'Object Repository/Store Request Schedule 1/Page_Store/select_--Select--Schedule 1Inj'

2018-05-15 19:15:54 - [MESSAGE][PASSED] - All options with index in [12] are selected on object 'Object Repository/Store Request Schedule 1/Page_Store/select_--Select--Schedule 1Inj'

2018-05-15 19:15:54 - [TEST_STEP][PASSED] - delay: Delayed 1 second(s)

2018-05-15 19:15:55 - [MESSAGE][PASSED] - Delayed 1 second(s)

2018-05-15 19:15:55 - [TEST_STEP][PASSED] - selectOptionByIndex: All options with index in [12] are selected on object 'Object Repository/Store Request Schedule 1/Page_Store/select_--Select--Adernaline 0.'

2018-05-15 19:15:55 - [MESSAGE][PASSED] - All options with index in [12] are selected on object 'Object Repository/Store Request Schedule 1/Page_Store/select_--Select--Adernaline 0.'

2018-05-15 19:15:55 - [TEST_STEP][PASSED] - setText: Text '100' is set on object 'Object Repository/Store Request Schedule 1/Page_Store/input_txttreat'

2018-05-15 19:15:56 - [MESSAGE][PASSED] - Text '100' is set on object 'Object Repository/Store Request Schedule 1/Page_Store/input_txttreat'

2018-05-15 19:15:56 - [TEST_STEP][PASSED] - click: Object: 'Object Repository/Store Request Schedule 1/Page_Store/button_Add' is clicked on

2018-05-15 19:16:01 - [MESSAGE][PASSED] - Object: 'Object Repository/Store Request Schedule 1/Page_Store/button_Add' is clicked on

2018-05-15 19:16:01 - [TEST_STEP][PASSED] - selectOptionByIndex: All options with index in [12] are selected on object 'Object Repository/Store Request Schedule 1/Page_Store/select_--Select--Schedule 1Inj'

2018-05-15 19:16:01 - [MESSAGE][PASSED] - All options with index in [12] are selected on object 'Object Repository/Store Request Schedule 1/Page_Store/select_--Select--Schedule 1Inj'

2018-05-15 19:16:01 - [TEST_STEP][PASSED] - delay: Delayed 1 second(s)

2018-05-15 19:16:02 - [MESSAGE][PASSED] - Delayed 1 second(s)

2018-05-15 19:16:02 - [TEST_STEP][PASSED] - selectOptionByIndex: All options with index in [13] are selected on object 'Object Repository/Store Request Schedule 1/Page_Store/select_--Select--Adernaline 0.'

2018-05-15 19:16:02 - [MESSAGE][PASSED] - All options with index in [13] are selected on object 'Object Repository/Store Request Schedule 1/Page_Store/select_--Select--Adernaline 0.'

2018-05-15 19:16:02 - [TEST_STEP][PASSED] - setText: Text '100' is set on object 'Object Repository/Store Request Schedule 1/Page_Store/input_txttreat'

2018-05-15 19:16:02 - [MESSAGE][PASSED] - Text '100' is set on object 'Object Repository/Store Request Schedule 1/Page_Store/input_txttreat'

2018-05-15 19:16:02 - [TEST_STEP][PASSED] - click: Object: 'Object Repository/Store Request Schedule 1/Page_Store/button_Add' is clicked on

2018-05-15 19:16:07 - [MESSAGE][PASSED] - Object: 'Object Repository/Store Request Schedule 1/Page_Store/button_Add' is clicked on

2018-05-15 19:16:07 - [TEST_STEP][PASSED] - selectOptionByIndex: All options with index in [12] are selected on object 'Object Repository/Store Request Schedule 1/Page_Store/select_--Select--Schedule 1Inj'

2018-05-15 19:16:07 - [MESSAGE][PASSED] - All options with index in [12] are selected on object 'Object Repository/Store Request Schedule 1/Page_Store/select_--Select--Schedule 1Inj'

2018-05-15 19:16:07 - [TEST_STEP][PASSED] - delay: Delayed 1 second(s)

2018-05-15 19:16:08 - [MESSAGE][PASSED] - Delayed 1 second(s)

2018-05-15 19:16:08 - [TEST_STEP][PASSED] - selectOptionByIndex: All options with index in [14] are selected on object 'Object Repository/Store Request Schedule 1/Page_Store/select_--Select--Adernaline 0.'

2018-05-15 19:16:09 - [MESSAGE][PASSED] - All options with index in [14] are selected on object 'Object Repository/Store Request Schedule 1/Page_Store/select_--Select--Adernaline 0.'

2018-05-15 19:16:09 - [TEST_STEP][PASSED] - setText: Text '100' is set on object 'Object Repository/Store Request Schedule 1/Page_Store/input_txttreat'

2018-05-15 19:16:09 - [MESSAGE][PASSED] - Text '100' is set on object 'Object Repository/Store Request Schedule 1/Page_Store/input_txttreat'

2018-05-15 19:16:09 - [TEST_STEP][PASSED] - click: Object: 'Object Repository/Store Request Schedule 1/Page_Store/button_Add' is clicked on

2018-05-15 19:16:14 - [MESSAGE][PASSED] - Object: 'Object Repository/Store Request Schedule 1/Page_Store/button_Add' is clicked on

2018-05-15 19:16:14 - [TEST_STEP][PASSED] - selectOptionByIndex: All options with index in [12] are selected on object 'Object Repository/Store Request Schedule 1/Page_Store/select_--Select--Schedule 1Inj'

2018-05-15 19:16:14 - [MESSAGE][PASSED] - All options with index in [12] are selected on object 'Object Repository/Store Request Schedule 1/Page_Store/select_--Select--Schedule 1Inj'

2018-05-15 19:16:14 - [TEST_STEP][PASSED] - delay: Delayed 1 second(s)

2018-05-15 19:16:15 - [MESSAGE][PASSED] - Delayed 1 second(s)

2018-05-15 19:16:15 - [TEST_STEP][PASSED] - selectOptionByIndex: All options with index in [15] are selected on object 'Object Repository/Store Request Schedule 1/Page_Store/select_--Select--Adernaline 0.'

2018-05-15 19:16:15 - [MESSAGE][PASSED] - All options with index in [15] are selected on object 'Object Repository/Store Request Schedule 1/Page_Store/select_--Select--Adernaline 0.'

2018-05-15 19:16:15 - [TEST_STEP][PASSED] - setText: Text '100' is set on object 'Object Repository/Store Request Schedule 1/Page_Store/input_txttreat'

2018-05-15 19:16:15 - [MESSAGE][PASSED] - Text '100' is set on object 'Object Repository/Store Request Schedule 1/Page_Store/input_txttreat'

2018-05-15 19:16:15 - [TEST_STEP][PASSED] - click: Object: 'Object Repository/Store Request Schedule 1/Page_Store/button_Add' is clicked on

2018-05-15 19:16:20 - [MESSAGE][PASSED] - Object: 'Object Repository/Store Request Schedule 1/Page_Store/button_Add' is clicked on

2018-05-15 19:16:20 - [TEST_STEP][PASSED] - selectOptionByIndex: All options with index in [12] are selected on object 'Object Repository/Store Request Schedule 1/Page_Store/select_--Select--Schedule 1Inj'

2018-05-15 19:16:21 - [MESSAGE][PASSED] - All options with index in [12] are selected on object 'Object Repository/Store Request Schedule 1/Page_Store/select_--Select--Schedule 1Inj'

2018-05-15 19:16:21 - [TEST_STEP][PASSED] - delay: Delayed 1 second(s)

2018-05-15 19:16:22 - [MESSAGE][PASSED] - Delayed 1 second(s)

2018-05-15 19:16:22 - [TEST_STEP][PASSED] - selectOptionByIndex: All options with index in [16] are selected on object 'Object Repository/Store Request Schedule 1/Page_Store/select_--Select--Adernaline 0.'

2018-05-15 19:16:22 - [MESSAGE][PASSED] - All options with index in [16] are selected on object 'Object Repository/Store Request Schedule 1/Page_Store/select_--Select--Adernaline 0.'

2018-05-15 19:16:22 - [TEST_STEP][PASSED] - setText: Text '100' is set on object 'Object Repository/Store Request Schedule 1/Page_Store/input_txttreat'

2018-05-15 19:16:22 - [MESSAGE][PASSED] - Text '100' is set on object 'Object Repository/Store Request Schedule 1/Page_Store/input_txttreat'

2018-05-15 19:16:22 - [TEST_STEP][PASSED] - click: Object: 'Object Repository/Store Request Schedule 1/Page_Store/button_Add' is clicked on

2018-05-15 19:16:27 - [MESSAGE][PASSED] - Object: 'Object Repository/Store Request Schedule 1/Page_Store/button_Add' is clicked on

2018-05-15 19:16:27 - [TEST_STEP][PASSED] - selectOptionByIndex: All options with index in [12] are selected on object 'Object Repository/Store Request Schedule 1/Page_Store/select_--Select--Schedule 1Inj'

2018-05-15 19:16:27 - [MESSAGE][PASSED] - All options with index in [12] are selected on object 'Object Repository/Store Request Schedule 1/Page_Store/select_--Select--Schedule 1Inj'

2018-05-15 19:16:27 - [TEST_STEP][PASSED] - delay: Delayed 1 second(s)

2018-05-15 19:16:28 - [MESSAGE][PASSED] - Delayed 1 second(s)

2018-05-15 19:16:28 - [TEST_STEP][PASSED] - selectOptionByIndex: All options with index in [17] are selected on object 'Object Repository/Store Request Schedule 1/Page_Store/select_--Select--Adernaline 0.'

2018-05-15 19:16:29 - [MESSAGE][PASSED] - All options with index in [17] are selected on object 'Object Repository/Store Request Schedule 1/Page_Store/select_--Select--Adernaline 0.'

2018-05-15 19:16:29 - [TEST_STEP][PASSED] - setText: Text '100' is set on object 'Object Repository/Store Request Schedule 1/Page_Store/input_txttreat'

2018-05-15 19:16:29 - [MESSAGE][PASSED] - Text '100' is set on object 'Object Repository/Store Request Schedule 1/Page_Store/input_txttreat'

2018-05-15 19:16:29 - [TEST_STEP][PASSED] - click: Object: 'Object Repository/Store Request Schedule 1/Page_Store/button_Add' is clicked on

2018-05-15 19:16:29 - [MESSAGE][PASSED] - Object: 'Object Repository/Store Request Schedule 1/Page_Store/button_Add' is clicked on

2018-05-15 19:16:29 - [TEST_STEP][PASSED] - selectOptionByIndex: All options with index in [12] are selected on object 'Object Repository/Store Request Schedule 1/Page_Store/select_--Select--Schedule 1Inj'

2018-05-15 19:16:29 - [MESSAGE][PASSED] - All options with index in [12] are selected on object 'Object Repository/Store Request Schedule 1/Page_Store/select_--Select--Schedule 1Inj'

2018-05-15 19:16:29 - [TEST_STEP][PASSED] - delay: Delayed 1 second(s)

2018-05-15 19:16:30 - [MESSAGE][PASSED] - Delayed 1 second(s)

2018-05-15 19:16:30 - [TEST_STEP][PASSED] - selectOptionByIndex: All options with index in [18] are selected on object 'Object Repository/Store Request Schedule 1/Page_Store/select_--Select--Adernaline 0.'

2018-05-15 19:16:30 - [MESSAGE][PASSED] - All options with index in [18] are selected on object 'Object Repository/Store Request Schedule 1/Page_Store/select_--Select--Adernaline 0.'

2018-05-15 19:16:30 - [TEST_STEP][PASSED] - setText: Text '100' is set on object 'Object Repository/Store Request Schedule 1/Page_Store/input_txttreat'

2018-05-15 19:16:30 - [MESSAGE][PASSED] - Text '100' is set on object 'Object Repository/Store Request Schedule 1/Page_Store/input_txttreat'

2018-05-15 19:16:30 - [TEST_STEP][PASSED] - click: Object: 'Object Repository/Store Request Schedule 1/Page_Store/button_Add' is clicked on

2018-05-15 19:16:35 - [MESSAGE][PASSED] - Object: 'Object Repository/Store Request Schedule 1/Page_Store/button_Add' is clicked on

2018-05-15 19:16:35 - [TEST_STEP][PASSED] - delay: Delayed 2 second(s)

2018-05-15 19:16:37 - [MESSAGE][PASSED] - Delayed 2 second(s)

2018-05-15 19:16:37 - [TEST_STEP][PASSED] - scrollToElement: Scroll to object 'Object Repository/Store Request Schedule 1/Page_Store/input_btnsave' successfully

2018-05-15 19:16:37 - [MESSAGE][PASSED] - Scroll to object 'Object Repository/Store Request Schedule 1/Page_Store/input_btnsave' successfully

2018-05-15 19:16:37 - [TEST_STEP][PASSED] - click: Object: 'Object Repository/Store Request Schedule 1/Page_Store/input_btnsave' is clicked on

2018-05-15 19:16:42 - [MESSAGE][PASSED] - Object: 'Object Repository/Store Request Schedule 1/Page_Store/input_btnsave' is clicked on

2018-05-15 19:16:42 - [TEST_STEP][PASSED] - delay: Delayed 4 second(s)

2018-05-15 19:16:46 - [MESSAGE][PASSED] - Delayed 4 second(s)

2018-05-15 19:16:46 - [TEST_STEP][PASSED] - Statement - Cms_RequestNumber = com.kms.katalon.core.webui.keyword.WebUiBuiltInKeywords.getText(com.kms.katalon.core.testobject.ObjectRepository.findTestObject(Store Request Schedule 1/Page_Store/font_PRNO050520189)): Text of object 'Object Repository/Store Request Schedule 1/Page_Store/font_PRNO050520189' is: 'PRNO/15052018/158'

2018-05-15 19:16:46 - [MESSAGE][PASSED] - Text of object 'Object Repository/Store Request Schedule 1/Page_Store/font_PRNO050520189' is: 'PRNO/15052018/158'

2018-05-15 19:16:46 - [TEST_STEP][PASSED] - Statement - CR = Cms_RequestNumber.trim(): null

2018-05-15 19:16:46 - [TEST_STEP][PASSED] - Statement - out.println("RQ :" + Cms_RequestNumber): null

2018-05-15 19:16:46 - [TEST_STEP][PASSED] - Statement - RequestNumberID = Cms_RequestNumber.split("/")[2].trim(): null

2018-05-15 19:16:46 - [TEST_STEP][PASSED] - Statement - out.println("RQ ID :" + RequestNumberID): null

2018-05-15 19:16:46 - [TEST_STEP][PASSED] - delay: Delayed 3 second(s)

2018-05-15 19:16:49 - [MESSAGE][PASSED] - Delayed 3 second(s)

2018-05-15 19:16:49 - [TEST_STEP][PASSED] - Statement - ok = com.kms.katalon.core.webui.keyword.WebUiBuiltInKeywords.click(com.kms.katalon.core.testobject.ObjectRepository.findTestObject(Store Request Schedule 1/Page_Store/button_OK)): Object: 'Object Repository/Store Request Schedule 1/Page_Store/button_OK' is clicked on

2018-05-15 19:16:55 - [MESSAGE][PASSED] - Object: 'Object Repository/Store Request Schedule 1/Page_Store/button_OK' is clicked on

2018-05-15 19:16:55 - [TEST_STEP][PASSED] - delay: Delayed 3 second(s)

2018-05-15 19:16:58 - [MESSAGE][PASSED] - Delayed 3 second(s)

2018-05-15 19:16:58 - [TEST_STEP][FAILED] - click: Unable to click on object 'Object Repository/Store Request Schedule 1/Page_Store/a_dropdown-toggle' (Root cause: com.kms.katalon.core.webui.exception.WebElementNotFoundException: Web element with id: 'Object Repository/Store Request Schedule 1/Page_Store/a_dropdown-toggle' located by 'By.xpath: /html[1]/body[@class="skin-blue  pace-done"]/header[@class="header"]/div[@class="row"]/nav[@class="navbar navbar-static-top"]/div[@class="navbar-right"]/ul[@class="nav navbar-nav"]/li[@class="dropdown user user-menu"]/a[@class="dropdown-toggle"][count(. | //*[@class = 'dropdown-toggle' and @data-toggle = 'dropdown']) = count(//*[@class = 'dropdown-toggle' and @data-toggle = 'dropdown'])]' not found)

2018-05-15 19:17:30 - [MESSAGE][FAILED] - Unable to click on object 'Object Repository/Store Request Schedule 1/Page_Store/a_dropdown-toggle' (Root cause: com.kms.katalon.core.webui.exception.WebElementNotFoundException: Web element with id: 'Object Repository/Store Request Schedule 1/Page_Store/a_dropdown-toggle' located by 'By.xpath: /html[1]/body[@class="skin-blue  pace-done"]/header[@class="header"]/div[@class="row"]/nav[@class="navbar navbar-static-top"]/div[@class="navbar-right"]/ul[@class="nav navbar-nav"]/li[@class="dropdown user user-menu"]/a[@class="dropdown-toggle"][count(. | //*[@class = 'dropdown-toggle' and @data-toggle = 'dropdown']) = count(//*[@class = 'dropdown-toggle' and @data-toggle = 'dropdown'])]' not found)
[[ATTACHMENT|C:\\Users\\Quality Analyst\\Katalon Studio\\ds\\Reports\\Store_Suit\\20180515_181358\\1526392049994.png]]]]></system-out>
         <system-err><![CDATA[2018-05-15 19:14:15 - [TEST_CASE][FAILED] - Test Cases/STORE TO CMS REQUEST TEST CASES/TC_STCMS_012 To Verify Schedule 12 Store To CMS Request Are Working Successfully Or Not: Test Cases/STORE TO CMS REQUEST TEST CASES/TC_STCMS_012 To Verify Schedule 12 Store To CMS Request Are Working Successfully Or Not FAILED because (of) Unable to click on object 'Object Repository/Store Request Schedule 1/Page_Store/a_dropdown-toggle' (Root cause: com.kms.katalon.core.webui.exception.WebElementNotFoundException: Web element with id: 'Object Repository/Store Request Schedule 1/Page_Store/a_dropdown-toggle' located by 'By.xpath: /html[1]/body[@class="skin-blue  pace-done"]/header[@class="header"]/div[@class="row"]/nav[@class="navbar navbar-static-top"]/div[@class="navbar-right"]/ul[@class="nav navbar-nav"]/li[@class="dropdown user user-menu"]/a[@class="dropdown-toggle"][count(. | //*[@class = 'dropdown-toggle' and @data-toggle = 'dropdown']) = count(//*[@class = 'dropdown-toggle' and @data-toggle = 'dropdown'])]' not found)]]></system-err>
      </testcase>
      <system-out><![CDATA[2018-05-15 18:14:03 - [TEST_SUITE][FAILED] - Store_Suit: Test Cases/STORE TO CMS REQUEST TEST CASES/TC_STCMS_001 To Verify Schedule 1 Store To CMS Request Are Working Successfully Or Not FAILED because (of) Unable to click on object 'Object Repository/store Request Schedule 1/Page_KDMC - CMS/a_dropdown-toggle' (Root cause: com.kms.katalon.core.webui.exception.WebElementNotFoundException: Web element with id: 'Object Repository/store Request Schedule 1/Page_KDMC - CMS/a_dropdown-toggle' located by 'By.xpath: /html[1]/body[@class="skin-blue  pace-done"]/header[@class="header"]/div[@class="row"]/div[@class="col-md-12"]/nav[@class="navbar navbar-static-top"]/div[@class="navbar-right"]/ul[@class="nav navbar-nav"]/li[@class="dropdown user user-menu"]/a[@class="dropdown-toggle"][count(. | //a[@href = '#' and @data-toggle = 'dropdown']) = count(//a[@href = '#' and @data-toggle = 'dropdown'])]' not found)]]></system-out>
      <system-err><![CDATA[2018-05-15 18:14:03 - [TEST_SUITE][FAILED] - Store_Suit: Test Cases/STORE TO CMS REQUEST TEST CASES/TC_STCMS_001 To Verify Schedule 1 Store To CMS Request Are Working Successfully Or Not FAILED because (of) Unable to click on object 'Object Repository/store Request Schedule 1/Page_KDMC - CMS/a_dropdown-toggle' (Root cause: com.kms.katalon.core.webui.exception.WebElementNotFoundException: Web element with id: 'Object Repository/store Request Schedule 1/Page_KDMC - CMS/a_dropdown-toggle' located by 'By.xpath: /html[1]/body[@class="skin-blue  pace-done"]/header[@class="header"]/div[@class="row"]/div[@class="col-md-12"]/nav[@class="navbar navbar-static-top"]/div[@class="navbar-right"]/ul[@class="nav navbar-nav"]/li[@class="dropdown user user-menu"]/a[@class="dropdown-toggle"][count(. | //a[@href = '#' and @data-toggle = 'dropdown']) = count(//a[@href = '#' and @data-toggle = 'dropdown'])]' not found)]]></system-err>
   </testsuite>
</testsuites>
