<?xml version="1.0" encoding="UTF-8"?>
<testsuites name="Inpatient_Suit" time="565" tests="3" failures="0" errors="0">
   <testsuite name="Inpatient_Suit" tests="3" failures="0" errors="0" time="565" timestamp="2018-05-15 14:22:01" hostname="Quality Analyst - DESKTOP-BLFTK83" id="Test Suites/Inpatient_Suit">
      <properties>
         <property name="deviceName" value=""/>
         <property name="devicePlatform" value=""/>
         <property name="logFolder" value="C:\\Users\\Quality Analyst\\Katalon Studio\\ds\\Reports\\Inpatient_Suit\\20180515_142200"/>
         <property name="logFiles" value="C:\\Users\\Quality Analyst\\Katalon Studio\\ds\\Reports\\Inpatient_Suit\\20180515_142200\\execution0.log"/>
         <property name="attachments" value=""/>
         <property name="hostName" value="Quality Analyst - DESKTOP-BLFTK83"/>
         <property name="os" value="Windows 10 64bit"/>
         <property name="katalonVersion" value="5.4.1.1"/>
         <property name="browser" value="Chrome 66.0.3359.139"/>
         <property name="hostAddress" value="192.168.71.2"/>
         <property name="sessionId" value="d07dc3c67839293fc53a9dc62f7f5aa9"/>
         <property name="seleniumVersion" value="3.7.1"/>
         <property name="proxyInformation" value="ProxyInformation{proxyOption=NO_PROXY, proxyServerType=HTTP, password=, proxyServerAddress=, proxyServerPort=0}"/>
         <property name="platform" value="Windows 10"/>
      </properties>
      <testcase name="Test Cases/INPATIENT TEST CASES/TC_INR_001 Verify Schedule 5 Inpatient Request Are Working Successfully Or Not" classname="Test Cases/INPATIENT TEST CASES/TC_INR_001 Verify Schedule 5 Inpatient Request Are Working Successfully Or Not" status="PASSED">
         <system-out><![CDATA[2018-05-15 14:22:02 - [TEST_CASE][PASSED] - Test Cases/INPATIENT TEST CASES/TC_INR_001 Verify Schedule 5 Inpatient Request Are Working Successfully Or Not: Test Cases/INPATIENT TEST CASES/TC_INR_001 Verify Schedule 5 Inpatient Request Are Working Successfully Or Not

2018-05-15 14:22:02 - [TEST_STEP][PASSED] - openBrowser: Browser is opened with url: ''

2018-05-15 14:22:06 - [MESSAGE][PASSED] - Browser is opened with url: ''

2018-05-15 14:22:06 - [TEST_STEP][PASSED] - Statement - out.println("Verify Schedule 5 Inpatient Request Are Working Successfully Or Not"): null

2018-05-15 14:22:06 - [TEST_STEP][PASSED] - navigateToUrl: Navigate to 'http://192.168.137.1/multihospital_new/' successfully

2018-05-15 14:22:17 - [MESSAGE][PASSED] - Navigate to 'http://192.168.137.1/multihospital_new/' successfully

2018-05-15 14:22:17 - [TEST_STEP][PASSED] - maximizeWindow: Current window maximized

2018-05-15 14:22:18 - [MESSAGE][PASSED] - Current window maximized

2018-05-15 14:22:18 - [TEST_STEP][PASSED] - delay: Delayed 2 second(s)

2018-05-15 14:22:20 - [MESSAGE][PASSED] - Delayed 2 second(s)

2018-05-15 14:22:20 - [TEST_STEP][PASSED] - click: Object: 'Object Repository/Inpatient Request/Page_KDMC/a_In Patient' is clicked on

2018-05-15 14:22:21 - [MESSAGE][PASSED] - Object: 'Object Repository/Inpatient Request/Page_KDMC/a_In Patient' is clicked on

2018-05-15 14:22:21 - [TEST_STEP][PASSED] - setText: Text 'brintha' is set on object 'Object Repository/Inpatient Request/Page_INPATIENT LOGIN/input_txtusername'

2018-05-15 14:22:21 - [MESSAGE][PASSED] - Text 'brintha' is set on object 'Object Repository/Inpatient Request/Page_INPATIENT LOGIN/input_txtusername'

2018-05-15 14:22:21 - [TEST_STEP][PASSED] - setText: Text '123' is set on object 'Object Repository/Inpatient Request/Page_INPATIENT LOGIN/input_txtpassword'

2018-05-15 14:22:21 - [MESSAGE][PASSED] - Text '123' is set on object 'Object Repository/Inpatient Request/Page_INPATIENT LOGIN/input_txtpassword'

2018-05-15 14:22:21 - [TEST_STEP][PASSED] - delay: Delayed 3 second(s)

2018-05-15 14:22:24 - [MESSAGE][PASSED] - Delayed 3 second(s)

2018-05-15 14:22:24 - [TEST_STEP][PASSED] - click: Object: 'Object Repository/Inpatient Request/Page_INPATIENT LOGIN/button_Sign in' is clicked on

2018-05-15 14:22:26 - [MESSAGE][PASSED] - Object: 'Object Repository/Inpatient Request/Page_INPATIENT LOGIN/button_Sign in' is clicked on

2018-05-15 14:22:26 - [TEST_STEP][PASSED] - delay: Delayed 3 second(s)

2018-05-15 14:22:29 - [MESSAGE][PASSED] - Delayed 3 second(s)

2018-05-15 14:22:29 - [TEST_STEP][PASSED] - scrollToPosition: Browser is scrolled to position x = 300, y = 300

2018-05-15 14:22:29 - [MESSAGE][PASSED] - Browser is scrolled to position x = 300, y = 300

2018-05-15 14:22:29 - [TEST_STEP][PASSED] - delay: Delayed 2 second(s)

2018-05-15 14:22:31 - [MESSAGE][PASSED] - Delayed 2 second(s)

2018-05-15 14:22:31 - [TEST_STEP][PASSED] - navigateToUrl: Navigate to 'http://192.168.137.1/Multihospital_New/StoresRequest.aspx' successfully

2018-05-15 14:22:32 - [MESSAGE][PASSED] - Navigate to 'http://192.168.137.1/Multihospital_New/StoresRequest.aspx' successfully

2018-05-15 14:22:32 - [TEST_STEP][PASSED] - delay: Delayed 3 second(s)

2018-05-15 14:22:35 - [MESSAGE][PASSED] - Delayed 3 second(s)

2018-05-15 14:22:35 - [TEST_STEP][PASSED] - refresh: Refresh successfully

2018-05-15 14:22:36 - [MESSAGE][PASSED] - Refresh successfully

2018-05-15 14:22:36 - [TEST_STEP][PASSED] - delay: Delayed 3 second(s)

2018-05-15 14:22:39 - [MESSAGE][PASSED] - Delayed 3 second(s)

2018-05-15 14:22:39 - [TEST_STEP][PASSED] - selectOptionByIndex: All options with index in [1] are selected on object 'Object Repository/Inpatient Request/Page_KDMC/select_--Select--ChildrensGene'

2018-05-15 14:22:39 - [MESSAGE][PASSED] - All options with index in [1] are selected on object 'Object Repository/Inpatient Request/Page_KDMC/select_--Select--ChildrensGene'

2018-05-15 14:22:39 - [TEST_STEP][PASSED] - Statement - Inpatient_RequestNumber = com.kms.katalon.core.webui.keyword.WebUiBuiltInKeywords.getAttribute(com.kms.katalon.core.testobject.ObjectRepository.findTestObject(Inpatient Request/Page_KDMC/input_txtno), "value"): Attribute 'value' of object 'Object Repository/Inpatient Request/Page_KDMC/input_txtno' is: 'RNO/15052018/91'

2018-05-15 14:22:39 - [MESSAGE][PASSED] - Attribute 'value' of object 'Object Repository/Inpatient Request/Page_KDMC/input_txtno' is: 'RNO/15052018/91'

2018-05-15 14:22:39 - [TEST_STEP][PASSED] - Statement - RequestNo = Inpatient_RequestNumber.split("/")[2]: null

2018-05-15 14:22:39 - [TEST_STEP][PASSED] - Statement - out.println("RqID : " + RequestNo): null

2018-05-15 14:22:39 - [TEST_STEP][PASSED] - selectOptionByIndex: All options with index in [1] are selected on object 'Object Repository/Inpatient Request/Page_KDMC/select_--Select--Schedule 5Dru'

2018-05-15 14:22:39 - [MESSAGE][PASSED] - All options with index in [1] are selected on object 'Object Repository/Inpatient Request/Page_KDMC/select_--Select--Schedule 5Dru'

2018-05-15 14:22:39 - [TEST_STEP][PASSED] - Statement - selectedoptions = com.kms.katalon.core.webui.keyword.WebUiBuiltInKeywords.getNumberOfTotalOption(com.kms.katalon.core.testobject.ObjectRepository.findTestObject(Inpatient Request/Page_KDMC/select_--Select--Alcohol Rub i)): 17 options of object 'Object Repository/Inpatient Request/Page_KDMC/select_--Select--Alcohol Rub i' counted

2018-05-15 14:22:39 - [MESSAGE][PASSED] - 17 options of object 'Object Repository/Inpatient Request/Page_KDMC/select_--Select--Alcohol Rub i' counted

2018-05-15 14:22:39 - [TEST_STEP][PASSED] - Statement - For ([i = 1, i < selectedoptions, (i++)]): Object: 'Object Repository/Inpatient Request/Page_KDMC/button_Add' is clicked on

2018-05-15 14:22:39 - [TEST_STEP][PASSED] - selectOptionByIndex: All options with index in [1] are selected on object 'Object Repository/Inpatient Request/Page_KDMC/select_--Select--Schedule 5Dru'

2018-05-15 14:22:39 - [MESSAGE][PASSED] - All options with index in [1] are selected on object 'Object Repository/Inpatient Request/Page_KDMC/select_--Select--Schedule 5Dru'

2018-05-15 14:22:39 - [TEST_STEP][PASSED] - selectOptionByIndex: All options with index in [1] are selected on object 'Object Repository/Inpatient Request/Page_KDMC/select_--Select--Alcohol Rub i'

2018-05-15 14:22:39 - [MESSAGE][PASSED] - All options with index in [1] are selected on object 'Object Repository/Inpatient Request/Page_KDMC/select_--Select--Alcohol Rub i'

2018-05-15 14:22:39 - [TEST_STEP][PASSED] - setText: Text '5' is set on object 'Object Repository/Inpatient Request/Page_KDMC/input_txttreat'

2018-05-15 14:22:40 - [MESSAGE][PASSED] - Text '5' is set on object 'Object Repository/Inpatient Request/Page_KDMC/input_txttreat'

2018-05-15 14:22:40 - [TEST_STEP][PASSED] - click: Object: 'Object Repository/Inpatient Request/Page_KDMC/button_Add' is clicked on

2018-05-15 14:22:40 - [MESSAGE][PASSED] - Object: 'Object Repository/Inpatient Request/Page_KDMC/button_Add' is clicked on

2018-05-15 14:22:40 - [TEST_STEP][PASSED] - selectOptionByIndex: All options with index in [1] are selected on object 'Object Repository/Inpatient Request/Page_KDMC/select_--Select--Schedule 5Dru'

2018-05-15 14:22:40 - [MESSAGE][PASSED] - All options with index in [1] are selected on object 'Object Repository/Inpatient Request/Page_KDMC/select_--Select--Schedule 5Dru'

2018-05-15 14:22:40 - [TEST_STEP][PASSED] - selectOptionByIndex: All options with index in [2] are selected on object 'Object Repository/Inpatient Request/Page_KDMC/select_--Select--Alcohol Rub i'

2018-05-15 14:22:40 - [MESSAGE][PASSED] - All options with index in [2] are selected on object 'Object Repository/Inpatient Request/Page_KDMC/select_--Select--Alcohol Rub i'

2018-05-15 14:22:40 - [TEST_STEP][PASSED] - setText: Text '5' is set on object 'Object Repository/Inpatient Request/Page_KDMC/input_txttreat'

2018-05-15 14:22:40 - [MESSAGE][PASSED] - Text '5' is set on object 'Object Repository/Inpatient Request/Page_KDMC/input_txttreat'

2018-05-15 14:22:40 - [TEST_STEP][PASSED] - click: Object: 'Object Repository/Inpatient Request/Page_KDMC/button_Add' is clicked on

2018-05-15 14:22:40 - [MESSAGE][PASSED] - Object: 'Object Repository/Inpatient Request/Page_KDMC/button_Add' is clicked on

2018-05-15 14:22:40 - [TEST_STEP][PASSED] - selectOptionByIndex: All options with index in [1] are selected on object 'Object Repository/Inpatient Request/Page_KDMC/select_--Select--Schedule 5Dru'

2018-05-15 14:22:40 - [MESSAGE][PASSED] - All options with index in [1] are selected on object 'Object Repository/Inpatient Request/Page_KDMC/select_--Select--Schedule 5Dru'

2018-05-15 14:22:40 - [TEST_STEP][PASSED] - selectOptionByIndex: All options with index in [3] are selected on object 'Object Repository/Inpatient Request/Page_KDMC/select_--Select--Alcohol Rub i'

2018-05-15 14:22:40 - [MESSAGE][PASSED] - All options with index in [3] are selected on object 'Object Repository/Inpatient Request/Page_KDMC/select_--Select--Alcohol Rub i'

2018-05-15 14:22:40 - [TEST_STEP][PASSED] - setText: Text '5' is set on object 'Object Repository/Inpatient Request/Page_KDMC/input_txttreat'

2018-05-15 14:22:41 - [MESSAGE][PASSED] - Text '5' is set on object 'Object Repository/Inpatient Request/Page_KDMC/input_txttreat'

2018-05-15 14:22:41 - [TEST_STEP][PASSED] - click: Object: 'Object Repository/Inpatient Request/Page_KDMC/button_Add' is clicked on

2018-05-15 14:22:41 - [MESSAGE][PASSED] - Object: 'Object Repository/Inpatient Request/Page_KDMC/button_Add' is clicked on

2018-05-15 14:22:41 - [TEST_STEP][PASSED] - selectOptionByIndex: All options with index in [1] are selected on object 'Object Repository/Inpatient Request/Page_KDMC/select_--Select--Schedule 5Dru'

2018-05-15 14:22:41 - [MESSAGE][PASSED] - All options with index in [1] are selected on object 'Object Repository/Inpatient Request/Page_KDMC/select_--Select--Schedule 5Dru'

2018-05-15 14:22:41 - [TEST_STEP][PASSED] - selectOptionByIndex: All options with index in [4] are selected on object 'Object Repository/Inpatient Request/Page_KDMC/select_--Select--Alcohol Rub i'

2018-05-15 14:22:41 - [MESSAGE][PASSED] - All options with index in [4] are selected on object 'Object Repository/Inpatient Request/Page_KDMC/select_--Select--Alcohol Rub i'

2018-05-15 14:22:41 - [TEST_STEP][PASSED] - setText: Text '5' is set on object 'Object Repository/Inpatient Request/Page_KDMC/input_txttreat'

2018-05-15 14:22:41 - [MESSAGE][PASSED] - Text '5' is set on object 'Object Repository/Inpatient Request/Page_KDMC/input_txttreat'

2018-05-15 14:22:41 - [TEST_STEP][PASSED] - click: Object: 'Object Repository/Inpatient Request/Page_KDMC/button_Add' is clicked on

2018-05-15 14:22:41 - [MESSAGE][PASSED] - Object: 'Object Repository/Inpatient Request/Page_KDMC/button_Add' is clicked on

2018-05-15 14:22:41 - [TEST_STEP][PASSED] - selectOptionByIndex: All options with index in [1] are selected on object 'Object Repository/Inpatient Request/Page_KDMC/select_--Select--Schedule 5Dru'

2018-05-15 14:22:41 - [MESSAGE][PASSED] - All options with index in [1] are selected on object 'Object Repository/Inpatient Request/Page_KDMC/select_--Select--Schedule 5Dru'

2018-05-15 14:22:41 - [TEST_STEP][PASSED] - selectOptionByIndex: All options with index in [5] are selected on object 'Object Repository/Inpatient Request/Page_KDMC/select_--Select--Alcohol Rub i'

2018-05-15 14:22:41 - [MESSAGE][PASSED] - All options with index in [5] are selected on object 'Object Repository/Inpatient Request/Page_KDMC/select_--Select--Alcohol Rub i'

2018-05-15 14:22:41 - [TEST_STEP][PASSED] - setText: Text '5' is set on object 'Object Repository/Inpatient Request/Page_KDMC/input_txttreat'

2018-05-15 14:22:42 - [MESSAGE][PASSED] - Text '5' is set on object 'Object Repository/Inpatient Request/Page_KDMC/input_txttreat'

2018-05-15 14:22:42 - [TEST_STEP][PASSED] - click: Object: 'Object Repository/Inpatient Request/Page_KDMC/button_Add' is clicked on

2018-05-15 14:22:42 - [MESSAGE][PASSED] - Object: 'Object Repository/Inpatient Request/Page_KDMC/button_Add' is clicked on

2018-05-15 14:22:42 - [TEST_STEP][PASSED] - selectOptionByIndex: All options with index in [1] are selected on object 'Object Repository/Inpatient Request/Page_KDMC/select_--Select--Schedule 5Dru'

2018-05-15 14:22:42 - [MESSAGE][PASSED] - All options with index in [1] are selected on object 'Object Repository/Inpatient Request/Page_KDMC/select_--Select--Schedule 5Dru'

2018-05-15 14:22:42 - [TEST_STEP][PASSED] - selectOptionByIndex: All options with index in [6] are selected on object 'Object Repository/Inpatient Request/Page_KDMC/select_--Select--Alcohol Rub i'

2018-05-15 14:22:42 - [MESSAGE][PASSED] - All options with index in [6] are selected on object 'Object Repository/Inpatient Request/Page_KDMC/select_--Select--Alcohol Rub i'

2018-05-15 14:22:42 - [TEST_STEP][PASSED] - setText: Text '5' is set on object 'Object Repository/Inpatient Request/Page_KDMC/input_txttreat'

2018-05-15 14:22:42 - [MESSAGE][PASSED] - Text '5' is set on object 'Object Repository/Inpatient Request/Page_KDMC/input_txttreat'

2018-05-15 14:22:42 - [TEST_STEP][PASSED] - click: Object: 'Object Repository/Inpatient Request/Page_KDMC/button_Add' is clicked on

2018-05-15 14:22:42 - [MESSAGE][PASSED] - Object: 'Object Repository/Inpatient Request/Page_KDMC/button_Add' is clicked on

2018-05-15 14:22:42 - [TEST_STEP][PASSED] - selectOptionByIndex: All options with index in [1] are selected on object 'Object Repository/Inpatient Request/Page_KDMC/select_--Select--Schedule 5Dru'

2018-05-15 14:22:42 - [MESSAGE][PASSED] - All options with index in [1] are selected on object 'Object Repository/Inpatient Request/Page_KDMC/select_--Select--Schedule 5Dru'

2018-05-15 14:22:42 - [TEST_STEP][PASSED] - selectOptionByIndex: All options with index in [7] are selected on object 'Object Repository/Inpatient Request/Page_KDMC/select_--Select--Alcohol Rub i'

2018-05-15 14:22:43 - [MESSAGE][PASSED] - All options with index in [7] are selected on object 'Object Repository/Inpatient Request/Page_KDMC/select_--Select--Alcohol Rub i'

2018-05-15 14:22:43 - [TEST_STEP][PASSED] - setText: Text '5' is set on object 'Object Repository/Inpatient Request/Page_KDMC/input_txttreat'

2018-05-15 14:22:43 - [MESSAGE][PASSED] - Text '5' is set on object 'Object Repository/Inpatient Request/Page_KDMC/input_txttreat'

2018-05-15 14:22:43 - [TEST_STEP][PASSED] - click: Object: 'Object Repository/Inpatient Request/Page_KDMC/button_Add' is clicked on

2018-05-15 14:22:43 - [MESSAGE][PASSED] - Object: 'Object Repository/Inpatient Request/Page_KDMC/button_Add' is clicked on

2018-05-15 14:22:43 - [TEST_STEP][PASSED] - selectOptionByIndex: All options with index in [1] are selected on object 'Object Repository/Inpatient Request/Page_KDMC/select_--Select--Schedule 5Dru'

2018-05-15 14:22:43 - [MESSAGE][PASSED] - All options with index in [1] are selected on object 'Object Repository/Inpatient Request/Page_KDMC/select_--Select--Schedule 5Dru'

2018-05-15 14:22:43 - [TEST_STEP][PASSED] - selectOptionByIndex: All options with index in [8] are selected on object 'Object Repository/Inpatient Request/Page_KDMC/select_--Select--Alcohol Rub i'

2018-05-15 14:22:43 - [MESSAGE][PASSED] - All options with index in [8] are selected on object 'Object Repository/Inpatient Request/Page_KDMC/select_--Select--Alcohol Rub i'

2018-05-15 14:22:43 - [TEST_STEP][PASSED] - setText: Text '5' is set on object 'Object Repository/Inpatient Request/Page_KDMC/input_txttreat'

2018-05-15 14:22:43 - [MESSAGE][PASSED] - Text '5' is set on object 'Object Repository/Inpatient Request/Page_KDMC/input_txttreat'

2018-05-15 14:22:43 - [TEST_STEP][PASSED] - click: Object: 'Object Repository/Inpatient Request/Page_KDMC/button_Add' is clicked on

2018-05-15 14:22:43 - [MESSAGE][PASSED] - Object: 'Object Repository/Inpatient Request/Page_KDMC/button_Add' is clicked on

2018-05-15 14:22:43 - [TEST_STEP][PASSED] - selectOptionByIndex: All options with index in [1] are selected on object 'Object Repository/Inpatient Request/Page_KDMC/select_--Select--Schedule 5Dru'

2018-05-15 14:22:43 - [MESSAGE][PASSED] - All options with index in [1] are selected on object 'Object Repository/Inpatient Request/Page_KDMC/select_--Select--Schedule 5Dru'

2018-05-15 14:22:43 - [TEST_STEP][PASSED] - selectOptionByIndex: All options with index in [9] are selected on object 'Object Repository/Inpatient Request/Page_KDMC/select_--Select--Alcohol Rub i'

2018-05-15 14:22:44 - [MESSAGE][PASSED] - All options with index in [9] are selected on object 'Object Repository/Inpatient Request/Page_KDMC/select_--Select--Alcohol Rub i'

2018-05-15 14:22:44 - [TEST_STEP][PASSED] - setText: Text '5' is set on object 'Object Repository/Inpatient Request/Page_KDMC/input_txttreat'

2018-05-15 14:22:44 - [MESSAGE][PASSED] - Text '5' is set on object 'Object Repository/Inpatient Request/Page_KDMC/input_txttreat'

2018-05-15 14:22:44 - [TEST_STEP][PASSED] - click: Object: 'Object Repository/Inpatient Request/Page_KDMC/button_Add' is clicked on

2018-05-15 14:22:44 - [MESSAGE][PASSED] - Object: 'Object Repository/Inpatient Request/Page_KDMC/button_Add' is clicked on

2018-05-15 14:22:44 - [TEST_STEP][PASSED] - selectOptionByIndex: All options with index in [1] are selected on object 'Object Repository/Inpatient Request/Page_KDMC/select_--Select--Schedule 5Dru'

2018-05-15 14:22:44 - [MESSAGE][PASSED] - All options with index in [1] are selected on object 'Object Repository/Inpatient Request/Page_KDMC/select_--Select--Schedule 5Dru'

2018-05-15 14:22:44 - [TEST_STEP][PASSED] - selectOptionByIndex: All options with index in [10] are selected on object 'Object Repository/Inpatient Request/Page_KDMC/select_--Select--Alcohol Rub i'

2018-05-15 14:22:44 - [MESSAGE][PASSED] - All options with index in [10] are selected on object 'Object Repository/Inpatient Request/Page_KDMC/select_--Select--Alcohol Rub i'

2018-05-15 14:22:44 - [TEST_STEP][PASSED] - setText: Text '5' is set on object 'Object Repository/Inpatient Request/Page_KDMC/input_txttreat'

2018-05-15 14:22:44 - [MESSAGE][PASSED] - Text '5' is set on object 'Object Repository/Inpatient Request/Page_KDMC/input_txttreat'

2018-05-15 14:22:44 - [TEST_STEP][PASSED] - click: Object: 'Object Repository/Inpatient Request/Page_KDMC/button_Add' is clicked on

2018-05-15 14:22:44 - [MESSAGE][PASSED] - Object: 'Object Repository/Inpatient Request/Page_KDMC/button_Add' is clicked on

2018-05-15 14:22:44 - [TEST_STEP][PASSED] - selectOptionByIndex: All options with index in [1] are selected on object 'Object Repository/Inpatient Request/Page_KDMC/select_--Select--Schedule 5Dru'

2018-05-15 14:22:44 - [MESSAGE][PASSED] - All options with index in [1] are selected on object 'Object Repository/Inpatient Request/Page_KDMC/select_--Select--Schedule 5Dru'

2018-05-15 14:22:44 - [TEST_STEP][PASSED] - selectOptionByIndex: All options with index in [11] are selected on object 'Object Repository/Inpatient Request/Page_KDMC/select_--Select--Alcohol Rub i'

2018-05-15 14:22:45 - [MESSAGE][PASSED] - All options with index in [11] are selected on object 'Object Repository/Inpatient Request/Page_KDMC/select_--Select--Alcohol Rub i'

2018-05-15 14:22:45 - [TEST_STEP][PASSED] - setText: Text '5' is set on object 'Object Repository/Inpatient Request/Page_KDMC/input_txttreat'

2018-05-15 14:22:45 - [MESSAGE][PASSED] - Text '5' is set on object 'Object Repository/Inpatient Request/Page_KDMC/input_txttreat'

2018-05-15 14:22:45 - [TEST_STEP][PASSED] - click: Object: 'Object Repository/Inpatient Request/Page_KDMC/button_Add' is clicked on

2018-05-15 14:22:45 - [MESSAGE][PASSED] - Object: 'Object Repository/Inpatient Request/Page_KDMC/button_Add' is clicked on

2018-05-15 14:22:45 - [TEST_STEP][PASSED] - selectOptionByIndex: All options with index in [1] are selected on object 'Object Repository/Inpatient Request/Page_KDMC/select_--Select--Schedule 5Dru'

2018-05-15 14:22:45 - [MESSAGE][PASSED] - All options with index in [1] are selected on object 'Object Repository/Inpatient Request/Page_KDMC/select_--Select--Schedule 5Dru'

2018-05-15 14:22:45 - [TEST_STEP][PASSED] - selectOptionByIndex: All options with index in [12] are selected on object 'Object Repository/Inpatient Request/Page_KDMC/select_--Select--Alcohol Rub i'

2018-05-15 14:22:45 - [MESSAGE][PASSED] - All options with index in [12] are selected on object 'Object Repository/Inpatient Request/Page_KDMC/select_--Select--Alcohol Rub i'

2018-05-15 14:22:45 - [TEST_STEP][PASSED] - setText: Text '5' is set on object 'Object Repository/Inpatient Request/Page_KDMC/input_txttreat'

2018-05-15 14:22:45 - [MESSAGE][PASSED] - Text '5' is set on object 'Object Repository/Inpatient Request/Page_KDMC/input_txttreat'

2018-05-15 14:22:45 - [TEST_STEP][PASSED] - click: Object: 'Object Repository/Inpatient Request/Page_KDMC/button_Add' is clicked on

2018-05-15 14:22:45 - [MESSAGE][PASSED] - Object: 'Object Repository/Inpatient Request/Page_KDMC/button_Add' is clicked on

2018-05-15 14:22:45 - [TEST_STEP][PASSED] - selectOptionByIndex: All options with index in [1] are selected on object 'Object Repository/Inpatient Request/Page_KDMC/select_--Select--Schedule 5Dru'

2018-05-15 14:22:45 - [MESSAGE][PASSED] - All options with index in [1] are selected on object 'Object Repository/Inpatient Request/Page_KDMC/select_--Select--Schedule 5Dru'

2018-05-15 14:22:45 - [TEST_STEP][PASSED] - selectOptionByIndex: All options with index in [13] are selected on object 'Object Repository/Inpatient Request/Page_KDMC/select_--Select--Alcohol Rub i'

2018-05-15 14:22:46 - [MESSAGE][PASSED] - All options with index in [13] are selected on object 'Object Repository/Inpatient Request/Page_KDMC/select_--Select--Alcohol Rub i'

2018-05-15 14:22:46 - [TEST_STEP][PASSED] - setText: Text '5' is set on object 'Object Repository/Inpatient Request/Page_KDMC/input_txttreat'

2018-05-15 14:22:46 - [MESSAGE][PASSED] - Text '5' is set on object 'Object Repository/Inpatient Request/Page_KDMC/input_txttreat'

2018-05-15 14:22:46 - [TEST_STEP][PASSED] - click: Object: 'Object Repository/Inpatient Request/Page_KDMC/button_Add' is clicked on

2018-05-15 14:22:46 - [MESSAGE][PASSED] - Object: 'Object Repository/Inpatient Request/Page_KDMC/button_Add' is clicked on

2018-05-15 14:22:46 - [TEST_STEP][PASSED] - selectOptionByIndex: All options with index in [1] are selected on object 'Object Repository/Inpatient Request/Page_KDMC/select_--Select--Schedule 5Dru'

2018-05-15 14:22:46 - [MESSAGE][PASSED] - All options with index in [1] are selected on object 'Object Repository/Inpatient Request/Page_KDMC/select_--Select--Schedule 5Dru'

2018-05-15 14:22:46 - [TEST_STEP][PASSED] - selectOptionByIndex: All options with index in [14] are selected on object 'Object Repository/Inpatient Request/Page_KDMC/select_--Select--Alcohol Rub i'

2018-05-15 14:22:46 - [MESSAGE][PASSED] - All options with index in [14] are selected on object 'Object Repository/Inpatient Request/Page_KDMC/select_--Select--Alcohol Rub i'

2018-05-15 14:22:46 - [TEST_STEP][PASSED] - setText: Text '5' is set on object 'Object Repository/Inpatient Request/Page_KDMC/input_txttreat'

2018-05-15 14:22:46 - [MESSAGE][PASSED] - Text '5' is set on object 'Object Repository/Inpatient Request/Page_KDMC/input_txttreat'

2018-05-15 14:22:46 - [TEST_STEP][PASSED] - click: Object: 'Object Repository/Inpatient Request/Page_KDMC/button_Add' is clicked on

2018-05-15 14:22:46 - [MESSAGE][PASSED] - Object: 'Object Repository/Inpatient Request/Page_KDMC/button_Add' is clicked on

2018-05-15 14:22:46 - [TEST_STEP][PASSED] - selectOptionByIndex: All options with index in [1] are selected on object 'Object Repository/Inpatient Request/Page_KDMC/select_--Select--Schedule 5Dru'

2018-05-15 14:22:47 - [MESSAGE][PASSED] - All options with index in [1] are selected on object 'Object Repository/Inpatient Request/Page_KDMC/select_--Select--Schedule 5Dru'

2018-05-15 14:22:47 - [TEST_STEP][PASSED] - selectOptionByIndex: All options with index in [15] are selected on object 'Object Repository/Inpatient Request/Page_KDMC/select_--Select--Alcohol Rub i'

2018-05-15 14:22:47 - [MESSAGE][PASSED] - All options with index in [15] are selected on object 'Object Repository/Inpatient Request/Page_KDMC/select_--Select--Alcohol Rub i'

2018-05-15 14:22:47 - [TEST_STEP][PASSED] - setText: Text '5' is set on object 'Object Repository/Inpatient Request/Page_KDMC/input_txttreat'

2018-05-15 14:22:47 - [MESSAGE][PASSED] - Text '5' is set on object 'Object Repository/Inpatient Request/Page_KDMC/input_txttreat'

2018-05-15 14:22:47 - [TEST_STEP][PASSED] - click: Object: 'Object Repository/Inpatient Request/Page_KDMC/button_Add' is clicked on

2018-05-15 14:22:47 - [MESSAGE][PASSED] - Object: 'Object Repository/Inpatient Request/Page_KDMC/button_Add' is clicked on

2018-05-15 14:22:47 - [TEST_STEP][PASSED] - selectOptionByIndex: All options with index in [1] are selected on object 'Object Repository/Inpatient Request/Page_KDMC/select_--Select--Schedule 5Dru'

2018-05-15 14:22:47 - [MESSAGE][PASSED] - All options with index in [1] are selected on object 'Object Repository/Inpatient Request/Page_KDMC/select_--Select--Schedule 5Dru'

2018-05-15 14:22:47 - [TEST_STEP][PASSED] - selectOptionByIndex: All options with index in [16] are selected on object 'Object Repository/Inpatient Request/Page_KDMC/select_--Select--Alcohol Rub i'

2018-05-15 14:22:47 - [MESSAGE][PASSED] - All options with index in [16] are selected on object 'Object Repository/Inpatient Request/Page_KDMC/select_--Select--Alcohol Rub i'

2018-05-15 14:22:47 - [TEST_STEP][PASSED] - setText: Text '5' is set on object 'Object Repository/Inpatient Request/Page_KDMC/input_txttreat'

2018-05-15 14:22:47 - [MESSAGE][PASSED] - Text '5' is set on object 'Object Repository/Inpatient Request/Page_KDMC/input_txttreat'

2018-05-15 14:22:47 - [TEST_STEP][PASSED] - click: Object: 'Object Repository/Inpatient Request/Page_KDMC/button_Add' is clicked on

2018-05-15 14:22:48 - [MESSAGE][PASSED] - Object: 'Object Repository/Inpatient Request/Page_KDMC/button_Add' is clicked on

2018-05-15 14:22:48 - [TEST_STEP][PASSED] - scrollToElement: Scroll to object 'Object Repository/Inpatient Request/Page_KDMC/input_btnsave' successfully

2018-05-15 14:22:48 - [MESSAGE][PASSED] - Scroll to object 'Object Repository/Inpatient Request/Page_KDMC/input_btnsave' successfully

2018-05-15 14:22:48 - [TEST_STEP][PASSED] - click: Object: 'Object Repository/Inpatient Request/Page_KDMC/input_btnsave' is clicked on

2018-05-15 14:22:48 - [MESSAGE][PASSED] - Object: 'Object Repository/Inpatient Request/Page_KDMC/input_btnsave' is clicked on

2018-05-15 14:22:48 - [TEST_STEP][PASSED] - delay: Delayed 3 second(s)

2018-05-15 14:22:51 - [MESSAGE][PASSED] - Delayed 3 second(s)

2018-05-15 14:22:51 - [TEST_STEP][PASSED] - click: Object: 'Object Repository/Inpatient Request/Page_KDMC/button_OK' is clicked on

2018-05-15 14:22:51 - [MESSAGE][PASSED] - Object: 'Object Repository/Inpatient Request/Page_KDMC/button_OK' is clicked on

2018-05-15 14:22:51 - [TEST_STEP][PASSED] - delay: Delayed 3 second(s)

2018-05-15 14:22:54 - [MESSAGE][PASSED] - Delayed 3 second(s)

2018-05-15 14:22:54 - [TEST_STEP][PASSED] - click: Object: 'Object Repository/Inpatient Request/Page_KDMC/a_dropdown-toggle' is clicked on

2018-05-15 14:22:54 - [MESSAGE][PASSED] - Object: 'Object Repository/Inpatient Request/Page_KDMC/a_dropdown-toggle' is clicked on

2018-05-15 14:22:54 - [TEST_STEP][PASSED] - click: Object: 'Object Repository/Inpatient Request/Page_KDMC/a_Sign out' is clicked on

2018-05-15 14:22:55 - [MESSAGE][PASSED] - Object: 'Object Repository/Inpatient Request/Page_KDMC/a_Sign out' is clicked on

2018-05-15 14:22:55 - [TEST_STEP][PASSED] - delay: Delayed 3 second(s)

2018-05-15 14:22:58 - [MESSAGE][PASSED] - Delayed 3 second(s)

2018-05-15 14:22:58 - [TEST_STEP][PASSED] - click: Object: 'Object Repository/Inpatient Request/Page_KDMC/a_CMO' is clicked on

2018-05-15 14:22:59 - [MESSAGE][PASSED] - Object: 'Object Repository/Inpatient Request/Page_KDMC/a_CMO' is clicked on

2018-05-15 14:22:59 - [TEST_STEP][PASSED] - setText: Text 'guru' is set on object 'Object Repository/Inpatient Request/Page_CMO login/input_txtusername'

2018-05-15 14:22:59 - [MESSAGE][PASSED] - Text 'guru' is set on object 'Object Repository/Inpatient Request/Page_CMO login/input_txtusername'

2018-05-15 14:22:59 - [TEST_STEP][PASSED] - setText: Text '123' is set on object 'Object Repository/Inpatient Request/Page_CMO login/input_txtpassword'

2018-05-15 14:22:59 - [MESSAGE][PASSED] - Text '123' is set on object 'Object Repository/Inpatient Request/Page_CMO login/input_txtpassword'

2018-05-15 14:22:59 - [TEST_STEP][PASSED] - delay: Delayed 3 second(s)

2018-05-15 14:23:02 - [MESSAGE][PASSED] - Delayed 3 second(s)

2018-05-15 14:23:02 - [TEST_STEP][PASSED] - click: Object: 'Object Repository/Inpatient Request/Page_CMO login/button_Sign in' is clicked on

2018-05-15 14:23:03 - [MESSAGE][PASSED] - Object: 'Object Repository/Inpatient Request/Page_CMO login/button_Sign in' is clicked on

2018-05-15 14:23:03 - [TEST_STEP][PASSED] - delay: Delayed 3 second(s)

2018-05-15 14:23:06 - [MESSAGE][PASSED] - Delayed 3 second(s)

2018-05-15 14:23:06 - [TEST_STEP][PASSED] - click: Object: 'Object Repository/Inpatient Request/Page_KDMC - CMO/a_Department Wise Request' is clicked on

2018-05-15 14:23:07 - [MESSAGE][PASSED] - Object: 'Object Repository/Inpatient Request/Page_KDMC - CMO/a_Department Wise Request' is clicked on

2018-05-15 14:23:07 - [TEST_STEP][PASSED] - delay: Delayed 2 second(s)

2018-05-15 14:23:09 - [MESSAGE][PASSED] - Delayed 2 second(s)

2018-05-15 14:23:09 - [TEST_STEP][PASSED] - selectOptionByIndex: All options with index in [1] are selected on object 'Object Repository/Inpatient Request/Page_KDMC - CMO/select_--ALL--'

2018-05-15 14:23:09 - [MESSAGE][PASSED] - All options with index in [1] are selected on object 'Object Repository/Inpatient Request/Page_KDMC - CMO/select_--ALL--'

2018-05-15 14:23:09 - [TEST_STEP][PASSED] - selectOptionByIndex: All options with index in [1] are selected on object 'Object Repository/Inpatient Request/Page_KDMC - CMO/select_--ALL--                _1'

2018-05-15 14:23:09 - [MESSAGE][PASSED] - All options with index in [1] are selected on object 'Object Repository/Inpatient Request/Page_KDMC - CMO/select_--ALL--                _1'

2018-05-15 14:23:09 - [TEST_STEP][PASSED] - click: Object: 'Object Repository/Inpatient Request/Page_KDMC - CMO/input_btnsearch' is clicked on

2018-05-15 14:23:09 - [MESSAGE][PASSED] - Object: 'Object Repository/Inpatient Request/Page_KDMC - CMO/input_btnsearch' is clicked on

2018-05-15 14:23:09 - [TEST_STEP][PASSED] - delay: Delayed 2 second(s)

2018-05-15 14:23:11 - [MESSAGE][PASSED] - Delayed 2 second(s)

2018-05-15 14:23:11 - [TEST_STEP][PASSED] - Statement - ID = com.kms.katalon.core.webui.keyword.WebUiBuiltInKeywords.modifyObjectProperty(com.kms.katalon.core.testobject.ObjectRepository.findTestObject(Inpatient Request/Page_KDMC - CMO/input_1), "xpath", "equals", "//*[@id=" + RequestNo + "]", true): Modify property of object successfully

2018-05-15 14:23:11 - [MESSAGE][PASSED] - Modify property of object successfully

2018-05-15 14:23:11 - [TEST_STEP][PASSED] - click: Object: 'Object Repository/Inpatient Request/Page_KDMC - CMO/input_1' is clicked on

2018-05-15 14:23:11 - [MESSAGE][PASSED] - Object: 'Object Repository/Inpatient Request/Page_KDMC - CMO/input_1' is clicked on

2018-05-15 14:23:11 - [TEST_STEP][PASSED] - delay: Delayed 2 second(s)

2018-05-15 14:23:13 - [MESSAGE][PASSED] - Delayed 2 second(s)

2018-05-15 14:23:13 - [TEST_STEP][PASSED] - selectOptionByIndex: All options with index in [1] are selected on object 'Object Repository/Inpatient Request/Page_KDMC - CMO/select_--Select--'

2018-05-15 14:23:14 - [MESSAGE][PASSED] - All options with index in [1] are selected on object 'Object Repository/Inpatient Request/Page_KDMC - CMO/select_--Select--'

2018-05-15 14:23:14 - [TEST_STEP][PASSED] - delay: Delayed 2 second(s)

2018-05-15 14:23:16 - [MESSAGE][PASSED] - Delayed 2 second(s)

2018-05-15 14:23:16 - [TEST_STEP][PASSED] - click: Object: 'Object Repository/Inpatient Request/Page_KDMC - CMO/input_btnupdate' is clicked on

2018-05-15 14:23:16 - [MESSAGE][PASSED] - Object: 'Object Repository/Inpatient Request/Page_KDMC - CMO/input_btnupdate' is clicked on

2018-05-15 14:23:16 - [TEST_STEP][PASSED] - delay: Delayed 2 second(s)

2018-05-15 14:23:18 - [MESSAGE][PASSED] - Delayed 2 second(s)

2018-05-15 14:23:18 - [TEST_STEP][PASSED] - click: Object: 'Object Repository/Inpatient Request/Page_KDMC - CMO/button_OK' is clicked on

2018-05-15 14:23:18 - [MESSAGE][PASSED] - Object: 'Object Repository/Inpatient Request/Page_KDMC - CMO/button_OK' is clicked on

2018-05-15 14:23:18 - [TEST_STEP][PASSED] - delay: Delayed 3 second(s)

2018-05-15 14:23:21 - [MESSAGE][PASSED] - Delayed 3 second(s)

2018-05-15 14:23:21 - [TEST_STEP][PASSED] - click: Object: 'Object Repository/Inpatient Request/Page_KDMC - CMO/a_dropdown-toggle' is clicked on

2018-05-15 14:23:22 - [MESSAGE][PASSED] - Object: 'Object Repository/Inpatient Request/Page_KDMC - CMO/a_dropdown-toggle' is clicked on

2018-05-15 14:23:22 - [TEST_STEP][PASSED] - click: Object: 'Object Repository/Inpatient Request/Page_KDMC - CMO/a_Sign out' is clicked on

2018-05-15 14:23:22 - [MESSAGE][PASSED] - Object: 'Object Repository/Inpatient Request/Page_KDMC - CMO/a_Sign out' is clicked on

2018-05-15 14:23:22 - [TEST_STEP][PASSED] - delay: Delayed 3 second(s)

2018-05-15 14:23:25 - [MESSAGE][PASSED] - Delayed 3 second(s)

2018-05-15 14:23:25 - [TEST_STEP][PASSED] - click: Object: 'Object Repository/Inpatient Request/Page_KDMC/a_Divisional Store' is clicked on

2018-05-15 14:23:26 - [MESSAGE][PASSED] - Object: 'Object Repository/Inpatient Request/Page_KDMC/a_Divisional Store' is clicked on

2018-05-15 14:23:26 - [TEST_STEP][PASSED] - setText: Text 'ragu' is set on object 'Object Repository/Inpatient Request/Page_Divisonal Store Login/input_txtusername'

2018-05-15 14:23:26 - [MESSAGE][PASSED] - Text 'ragu' is set on object 'Object Repository/Inpatient Request/Page_Divisonal Store Login/input_txtusername'

2018-05-15 14:23:26 - [TEST_STEP][PASSED] - setText: Text '123' is set on object 'Object Repository/Inpatient Request/Page_Divisonal Store Login/input_txtpassword'

2018-05-15 14:23:26 - [MESSAGE][PASSED] - Text '123' is set on object 'Object Repository/Inpatient Request/Page_Divisonal Store Login/input_txtpassword'

2018-05-15 14:23:26 - [TEST_STEP][PASSED] - delay: Delayed 3 second(s)

2018-05-15 14:23:29 - [MESSAGE][PASSED] - Delayed 3 second(s)

2018-05-15 14:23:29 - [TEST_STEP][PASSED] - click: Object: 'Object Repository/Inpatient Request/Page_Divisonal Store Login/button_Sign in' is clicked on

2018-05-15 14:23:31 - [MESSAGE][PASSED] - Object: 'Object Repository/Inpatient Request/Page_Divisonal Store Login/button_Sign in' is clicked on

2018-05-15 14:23:31 - [TEST_STEP][PASSED] - delay: Delayed 3 second(s)

2018-05-15 14:23:34 - [MESSAGE][PASSED] - Delayed 3 second(s)

2018-05-15 14:23:34 - [TEST_STEP][PASSED] - click: Object: 'Object Repository/Inpatient Request/Page_Store/a_Inpatient Request' is clicked on

2018-05-15 14:23:34 - [MESSAGE][PASSED] - Object: 'Object Repository/Inpatient Request/Page_Store/a_Inpatient Request' is clicked on

2018-05-15 14:23:34 - [TEST_STEP][PASSED] - click: Object: 'Object Repository/Inpatient Request/Page_Store/a_Request Item Inpatient' is clicked on

2018-05-15 14:23:34 - [MESSAGE][PASSED] - Object: 'Object Repository/Inpatient Request/Page_Store/a_Request Item Inpatient' is clicked on

2018-05-15 14:23:34 - [TEST_STEP][PASSED] - setText: Text 'RNO/15052018/91' is set on object 'Object Repository/Inpatient Request/Page_Store/input'

2018-05-15 14:23:35 - [MESSAGE][PASSED] - Text 'RNO/15052018/91' is set on object 'Object Repository/Inpatient Request/Page_Store/input'

2018-05-15 14:23:35 - [TEST_STEP][PASSED] - Statement - InpID = com.kms.katalon.core.webui.keyword.WebUiBuiltInKeywords.modifyObjectProperty(com.kms.katalon.core.testobject.ObjectRepository.findTestObject(Inpatient Request/Page_Store/input_1), "xpath", "equals", "//*[@id=" + RequestNo + "]", true): Modify property of object successfully

2018-05-15 14:23:35 - [MESSAGE][PASSED] - Modify property of object successfully

2018-05-15 14:23:35 - [TEST_STEP][PASSED] - click: Object: 'Object Repository/Inpatient Request/Page_Store/input_1' is clicked on

2018-05-15 14:23:35 - [MESSAGE][PASSED] - Object: 'Object Repository/Inpatient Request/Page_Store/input_1' is clicked on

2018-05-15 14:23:35 - [TEST_STEP][PASSED] - Statement - medicine = com.kms.katalon.core.webui.keyword.WebUiBuiltInKeywords.getNumberOfTotalOption(com.kms.katalon.core.testobject.ObjectRepository.findTestObject(Inpatient Request/Page_Store/select_--Select--Alcohol Rub i)): 17 options of object 'Object Repository/Inpatient Request/Page_Store/select_--Select--Alcohol Rub i' counted

2018-05-15 14:23:35 - [MESSAGE][PASSED] - 17 options of object 'Object Repository/Inpatient Request/Page_Store/select_--Select--Alcohol Rub i' counted

2018-05-15 14:23:35 - [TEST_STEP][PASSED] - Statement - For ([j = 1, j < medicine, (j++)]): null

2018-05-15 14:23:35 - [TEST_STEP][PASSED] - selectOptionByIndex: All options with index in [1] are selected on object 'Object Repository/Inpatient Request/Page_Store/select_--Select--Alcohol Rub i'

2018-05-15 14:23:36 - [MESSAGE][PASSED] - All options with index in [1] are selected on object 'Object Repository/Inpatient Request/Page_Store/select_--Select--Alcohol Rub i'

2018-05-15 14:23:36 - [TEST_STEP][PASSED] - delay: Delayed 2 second(s)

2018-05-15 14:23:38 - [MESSAGE][PASSED] - Delayed 2 second(s)

2018-05-15 14:23:38 - [TEST_STEP][PASSED] - Statement - RequestedQty = com.kms.katalon.core.webui.keyword.WebUiBuiltInKeywords.getAttribute(com.kms.katalon.core.testobject.ObjectRepository.findTestObject(Inpatient Request/Page_Store/input_txttotal), "value"): Attribute 'value' of object 'Object Repository/Inpatient Request/Page_Store/input_txttotal' is: '5'

2018-05-15 14:23:38 - [MESSAGE][PASSED] - Attribute 'value' of object 'Object Repository/Inpatient Request/Page_Store/input_txttotal' is: '5'

2018-05-15 14:23:38 - [TEST_STEP][PASSED] - Statement - out.println("RequestedQty IS : " + RequestedQty): null

2018-05-15 14:23:38 - [TEST_STEP][PASSED] - Statement - BatchNo = com.kms.katalon.core.webui.keyword.WebUiBuiltInKeywords.getNumberOfTotalOption(com.kms.katalon.core.testobject.ObjectRepository.findTestObject(Inpatient Request/Page_Store/select_--Select--BA2910)): 2 options of object 'Object Repository/Inpatient Request/Page_Store/select_--Select--BA2910' counted

2018-05-15 14:23:38 - [MESSAGE][PASSED] - 2 options of object 'Object Repository/Inpatient Request/Page_Store/select_--Select--BA2910' counted

2018-05-15 14:23:38 - [TEST_STEP][PASSED] - Statement - For ([k = 1, k < BatchNo, (k++)]): null

2018-05-15 14:23:38 - [TEST_STEP][PASSED] - selectOptionByIndex: All options with index in [1] are selected on object 'Object Repository/Inpatient Request/Page_Store/select_--Select--BA2910'

2018-05-15 14:23:38 - [MESSAGE][PASSED] - All options with index in [1] are selected on object 'Object Repository/Inpatient Request/Page_Store/select_--Select--BA2910'

2018-05-15 14:23:38 - [TEST_STEP][PASSED] - delay: Delayed 2 second(s)

2018-05-15 14:23:40 - [MESSAGE][PASSED] - Delayed 2 second(s)

2018-05-15 14:23:40 - [TEST_STEP][PASSED] - Statement - StockQty = com.kms.katalon.core.webui.keyword.WebUiBuiltInKeywords.getAttribute(com.kms.katalon.core.testobject.ObjectRepository.findTestObject(Inpatient Request/Page_Store/input_txtprice), "value"): Attribute 'value' of object 'Object Repository/Inpatient Request/Page_Store/input_txtprice' is: '2110'

2018-05-15 14:23:40 - [MESSAGE][PASSED] - Attribute 'value' of object 'Object Repository/Inpatient Request/Page_Store/input_txtprice' is: '2110'

2018-05-15 14:23:40 - [TEST_STEP][PASSED] - Statement - out.println("StockQty IS : " + StockQty): null

2018-05-15 14:23:40 - [TEST_STEP][PASSED] - Statement - If (java.lang.Integer.valueOf(StockQty) > java.lang.Integer.valueOf(RequestedQty)): null

2018-05-15 14:23:40 - [TEST_STEP][PASSED] - delay: Delayed 1 second(s)

2018-05-15 14:23:41 - [MESSAGE][PASSED] - Delayed 1 second(s)

2018-05-15 14:23:41 - [TEST_STEP][PASSED] - setText: Text '5' is set on object 'Object Repository/Inpatient Request/Page_Store/input_txtqty'

2018-05-15 14:23:41 - [MESSAGE][PASSED] - Text '5' is set on object 'Object Repository/Inpatient Request/Page_Store/input_txtqty'

2018-05-15 14:23:41 - [TEST_STEP][PASSED] - click: Object: 'Object Repository/Inpatient Request/Page_Store/button_Add' is clicked on

2018-05-15 14:23:41 - [MESSAGE][PASSED] - Object: 'Object Repository/Inpatient Request/Page_Store/button_Add' is clicked on

2018-05-15 14:23:41 - [TEST_STEP][PASSED] - Statement - Break: null

2018-05-15 14:23:41 - [TEST_STEP][PASSED] - selectOptionByIndex: All options with index in [2] are selected on object 'Object Repository/Inpatient Request/Page_Store/select_--Select--Alcohol Rub i'

2018-05-15 14:23:41 - [MESSAGE][PASSED] - All options with index in [2] are selected on object 'Object Repository/Inpatient Request/Page_Store/select_--Select--Alcohol Rub i'

2018-05-15 14:23:41 - [TEST_STEP][PASSED] - delay: Delayed 2 second(s)

2018-05-15 14:23:43 - [MESSAGE][PASSED] - Delayed 2 second(s)

2018-05-15 14:23:43 - [TEST_STEP][PASSED] - Statement - RequestedQty = com.kms.katalon.core.webui.keyword.WebUiBuiltInKeywords.getAttribute(com.kms.katalon.core.testobject.ObjectRepository.findTestObject(Inpatient Request/Page_Store/input_txttotal), "value"): Attribute 'value' of object 'Object Repository/Inpatient Request/Page_Store/input_txttotal' is: '5'

2018-05-15 14:23:43 - [MESSAGE][PASSED] - Attribute 'value' of object 'Object Repository/Inpatient Request/Page_Store/input_txttotal' is: '5'

2018-05-15 14:23:43 - [TEST_STEP][PASSED] - Statement - out.println("RequestedQty IS : " + RequestedQty): null

2018-05-15 14:23:43 - [TEST_STEP][PASSED] - Statement - BatchNo = com.kms.katalon.core.webui.keyword.WebUiBuiltInKeywords.getNumberOfTotalOption(com.kms.katalon.core.testobject.ObjectRepository.findTestObject(Inpatient Request/Page_Store/select_--Select--BA2910)): 3 options of object 'Object Repository/Inpatient Request/Page_Store/select_--Select--BA2910' counted

2018-05-15 14:23:43 - [MESSAGE][PASSED] - 3 options of object 'Object Repository/Inpatient Request/Page_Store/select_--Select--BA2910' counted

2018-05-15 14:23:43 - [TEST_STEP][PASSED] - Statement - For ([k = 1, k < BatchNo, (k++)]): null

2018-05-15 14:23:43 - [TEST_STEP][PASSED] - selectOptionByIndex: All options with index in [1] are selected on object 'Object Repository/Inpatient Request/Page_Store/select_--Select--BA2910'

2018-05-15 14:23:43 - [MESSAGE][PASSED] - All options with index in [1] are selected on object 'Object Repository/Inpatient Request/Page_Store/select_--Select--BA2910'

2018-05-15 14:23:43 - [TEST_STEP][PASSED] - delay: Delayed 2 second(s)

2018-05-15 14:23:45 - [MESSAGE][PASSED] - Delayed 2 second(s)

2018-05-15 14:23:45 - [TEST_STEP][PASSED] - Statement - StockQty = com.kms.katalon.core.webui.keyword.WebUiBuiltInKeywords.getAttribute(com.kms.katalon.core.testobject.ObjectRepository.findTestObject(Inpatient Request/Page_Store/input_txtprice), "value"): Attribute 'value' of object 'Object Repository/Inpatient Request/Page_Store/input_txtprice' is: '1897'

2018-05-15 14:23:46 - [MESSAGE][PASSED] - Attribute 'value' of object 'Object Repository/Inpatient Request/Page_Store/input_txtprice' is: '1897'

2018-05-15 14:23:46 - [TEST_STEP][PASSED] - Statement - out.println("StockQty IS : " + StockQty): null

2018-05-15 14:23:46 - [TEST_STEP][PASSED] - Statement - If (java.lang.Integer.valueOf(StockQty) > java.lang.Integer.valueOf(RequestedQty)): null

2018-05-15 14:23:46 - [TEST_STEP][PASSED] - delay: Delayed 1 second(s)

2018-05-15 14:23:47 - [MESSAGE][PASSED] - Delayed 1 second(s)

2018-05-15 14:23:47 - [TEST_STEP][PASSED] - setText: Text '5' is set on object 'Object Repository/Inpatient Request/Page_Store/input_txtqty'

2018-05-15 14:23:47 - [MESSAGE][PASSED] - Text '5' is set on object 'Object Repository/Inpatient Request/Page_Store/input_txtqty'

2018-05-15 14:23:47 - [TEST_STEP][PASSED] - click: Object: 'Object Repository/Inpatient Request/Page_Store/button_Add' is clicked on

2018-05-15 14:23:47 - [MESSAGE][PASSED] - Object: 'Object Repository/Inpatient Request/Page_Store/button_Add' is clicked on

2018-05-15 14:23:47 - [TEST_STEP][PASSED] - Statement - Break: null

2018-05-15 14:23:47 - [TEST_STEP][PASSED] - selectOptionByIndex: All options with index in [3] are selected on object 'Object Repository/Inpatient Request/Page_Store/select_--Select--Alcohol Rub i'

2018-05-15 14:23:47 - [MESSAGE][PASSED] - All options with index in [3] are selected on object 'Object Repository/Inpatient Request/Page_Store/select_--Select--Alcohol Rub i'

2018-05-15 14:23:47 - [TEST_STEP][PASSED] - delay: Delayed 2 second(s)

2018-05-15 14:23:49 - [MESSAGE][PASSED] - Delayed 2 second(s)

2018-05-15 14:23:49 - [TEST_STEP][PASSED] - Statement - RequestedQty = com.kms.katalon.core.webui.keyword.WebUiBuiltInKeywords.getAttribute(com.kms.katalon.core.testobject.ObjectRepository.findTestObject(Inpatient Request/Page_Store/input_txttotal), "value"): Attribute 'value' of object 'Object Repository/Inpatient Request/Page_Store/input_txttotal' is: '5'

2018-05-15 14:23:49 - [MESSAGE][PASSED] - Attribute 'value' of object 'Object Repository/Inpatient Request/Page_Store/input_txttotal' is: '5'

2018-05-15 14:23:49 - [TEST_STEP][PASSED] - Statement - out.println("RequestedQty IS : " + RequestedQty): null

2018-05-15 14:23:49 - [TEST_STEP][PASSED] - Statement - BatchNo = com.kms.katalon.core.webui.keyword.WebUiBuiltInKeywords.getNumberOfTotalOption(com.kms.katalon.core.testobject.ObjectRepository.findTestObject(Inpatient Request/Page_Store/select_--Select--BA2910)): 2 options of object 'Object Repository/Inpatient Request/Page_Store/select_--Select--BA2910' counted

2018-05-15 14:23:49 - [MESSAGE][PASSED] - 2 options of object 'Object Repository/Inpatient Request/Page_Store/select_--Select--BA2910' counted

2018-05-15 14:23:49 - [TEST_STEP][PASSED] - Statement - For ([k = 1, k < BatchNo, (k++)]): null

2018-05-15 14:23:49 - [TEST_STEP][PASSED] - selectOptionByIndex: All options with index in [1] are selected on object 'Object Repository/Inpatient Request/Page_Store/select_--Select--BA2910'

2018-05-15 14:23:49 - [MESSAGE][PASSED] - All options with index in [1] are selected on object 'Object Repository/Inpatient Request/Page_Store/select_--Select--BA2910'

2018-05-15 14:23:49 - [TEST_STEP][PASSED] - delay: Delayed 2 second(s)

2018-05-15 14:23:51 - [MESSAGE][PASSED] - Delayed 2 second(s)

2018-05-15 14:23:51 - [TEST_STEP][PASSED] - Statement - StockQty = com.kms.katalon.core.webui.keyword.WebUiBuiltInKeywords.getAttribute(com.kms.katalon.core.testobject.ObjectRepository.findTestObject(Inpatient Request/Page_Store/input_txtprice), "value"): Attribute 'value' of object 'Object Repository/Inpatient Request/Page_Store/input_txtprice' is: '10000'

2018-05-15 14:23:51 - [MESSAGE][PASSED] - Attribute 'value' of object 'Object Repository/Inpatient Request/Page_Store/input_txtprice' is: '10000'

2018-05-15 14:23:51 - [TEST_STEP][PASSED] - Statement - out.println("StockQty IS : " + StockQty): null

2018-05-15 14:23:51 - [TEST_STEP][PASSED] - Statement - If (java.lang.Integer.valueOf(StockQty) > java.lang.Integer.valueOf(RequestedQty)): null

2018-05-15 14:23:51 - [TEST_STEP][PASSED] - delay: Delayed 1 second(s)

2018-05-15 14:23:52 - [MESSAGE][PASSED] - Delayed 1 second(s)

2018-05-15 14:23:52 - [TEST_STEP][PASSED] - setText: Text '5' is set on object 'Object Repository/Inpatient Request/Page_Store/input_txtqty'

2018-05-15 14:23:52 - [MESSAGE][PASSED] - Text '5' is set on object 'Object Repository/Inpatient Request/Page_Store/input_txtqty'

2018-05-15 14:23:52 - [TEST_STEP][PASSED] - click: Object: 'Object Repository/Inpatient Request/Page_Store/button_Add' is clicked on

2018-05-15 14:23:52 - [MESSAGE][PASSED] - Object: 'Object Repository/Inpatient Request/Page_Store/button_Add' is clicked on

2018-05-15 14:23:52 - [TEST_STEP][PASSED] - Statement - Break: null

2018-05-15 14:23:52 - [TEST_STEP][PASSED] - selectOptionByIndex: All options with index in [4] are selected on object 'Object Repository/Inpatient Request/Page_Store/select_--Select--Alcohol Rub i'

2018-05-15 14:23:52 - [MESSAGE][PASSED] - All options with index in [4] are selected on object 'Object Repository/Inpatient Request/Page_Store/select_--Select--Alcohol Rub i'

2018-05-15 14:23:52 - [TEST_STEP][PASSED] - delay: Delayed 2 second(s)

2018-05-15 14:23:54 - [MESSAGE][PASSED] - Delayed 2 second(s)

2018-05-15 14:23:54 - [TEST_STEP][PASSED] - Statement - RequestedQty = com.kms.katalon.core.webui.keyword.WebUiBuiltInKeywords.getAttribute(com.kms.katalon.core.testobject.ObjectRepository.findTestObject(Inpatient Request/Page_Store/input_txttotal), "value"): Attribute 'value' of object 'Object Repository/Inpatient Request/Page_Store/input_txttotal' is: '5'

2018-05-15 14:23:55 - [MESSAGE][PASSED] - Attribute 'value' of object 'Object Repository/Inpatient Request/Page_Store/input_txttotal' is: '5'

2018-05-15 14:23:55 - [TEST_STEP][PASSED] - Statement - out.println("RequestedQty IS : " + RequestedQty): null

2018-05-15 14:23:55 - [TEST_STEP][PASSED] - Statement - BatchNo = com.kms.katalon.core.webui.keyword.WebUiBuiltInKeywords.getNumberOfTotalOption(com.kms.katalon.core.testobject.ObjectRepository.findTestObject(Inpatient Request/Page_Store/select_--Select--BA2910)): 2 options of object 'Object Repository/Inpatient Request/Page_Store/select_--Select--BA2910' counted

2018-05-15 14:23:55 - [MESSAGE][PASSED] - 2 options of object 'Object Repository/Inpatient Request/Page_Store/select_--Select--BA2910' counted

2018-05-15 14:23:55 - [TEST_STEP][PASSED] - Statement - For ([k = 1, k < BatchNo, (k++)]): null

2018-05-15 14:23:55 - [TEST_STEP][PASSED] - selectOptionByIndex: All options with index in [1] are selected on object 'Object Repository/Inpatient Request/Page_Store/select_--Select--BA2910'

2018-05-15 14:23:55 - [MESSAGE][PASSED] - All options with index in [1] are selected on object 'Object Repository/Inpatient Request/Page_Store/select_--Select--BA2910'

2018-05-15 14:23:55 - [TEST_STEP][PASSED] - delay: Delayed 2 second(s)

2018-05-15 14:23:57 - [MESSAGE][PASSED] - Delayed 2 second(s)

2018-05-15 14:23:57 - [TEST_STEP][PASSED] - Statement - StockQty = com.kms.katalon.core.webui.keyword.WebUiBuiltInKeywords.getAttribute(com.kms.katalon.core.testobject.ObjectRepository.findTestObject(Inpatient Request/Page_Store/input_txtprice), "value"): Attribute 'value' of object 'Object Repository/Inpatient Request/Page_Store/input_txtprice' is: '9990'

2018-05-15 14:23:57 - [MESSAGE][PASSED] - Attribute 'value' of object 'Object Repository/Inpatient Request/Page_Store/input_txtprice' is: '9990'

2018-05-15 14:23:57 - [TEST_STEP][PASSED] - Statement - out.println("StockQty IS : " + StockQty): null

2018-05-15 14:23:57 - [TEST_STEP][PASSED] - Statement - If (java.lang.Integer.valueOf(StockQty) > java.lang.Integer.valueOf(RequestedQty)): null

2018-05-15 14:23:57 - [TEST_STEP][PASSED] - delay: Delayed 1 second(s)

2018-05-15 14:23:58 - [MESSAGE][PASSED] - Delayed 1 second(s)

2018-05-15 14:23:58 - [TEST_STEP][PASSED] - setText: Text '5' is set on object 'Object Repository/Inpatient Request/Page_Store/input_txtqty'

2018-05-15 14:23:58 - [MESSAGE][PASSED] - Text '5' is set on object 'Object Repository/Inpatient Request/Page_Store/input_txtqty'

2018-05-15 14:23:58 - [TEST_STEP][PASSED] - click: Object: 'Object Repository/Inpatient Request/Page_Store/button_Add' is clicked on

2018-05-15 14:23:58 - [MESSAGE][PASSED] - Object: 'Object Repository/Inpatient Request/Page_Store/button_Add' is clicked on

2018-05-15 14:23:58 - [TEST_STEP][PASSED] - Statement - Break: null

2018-05-15 14:23:58 - [TEST_STEP][PASSED] - selectOptionByIndex: All options with index in [5] are selected on object 'Object Repository/Inpatient Request/Page_Store/select_--Select--Alcohol Rub i'

2018-05-15 14:23:58 - [MESSAGE][PASSED] - All options with index in [5] are selected on object 'Object Repository/Inpatient Request/Page_Store/select_--Select--Alcohol Rub i'

2018-05-15 14:23:58 - [TEST_STEP][PASSED] - delay: Delayed 2 second(s)

2018-05-15 14:24:00 - [MESSAGE][PASSED] - Delayed 2 second(s)

2018-05-15 14:24:00 - [TEST_STEP][PASSED] - Statement - RequestedQty = com.kms.katalon.core.webui.keyword.WebUiBuiltInKeywords.getAttribute(com.kms.katalon.core.testobject.ObjectRepository.findTestObject(Inpatient Request/Page_Store/input_txttotal), "value"): Attribute 'value' of object 'Object Repository/Inpatient Request/Page_Store/input_txttotal' is: '5'

2018-05-15 14:24:00 - [MESSAGE][PASSED] - Attribute 'value' of object 'Object Repository/Inpatient Request/Page_Store/input_txttotal' is: '5'

2018-05-15 14:24:00 - [TEST_STEP][PASSED] - Statement - out.println("RequestedQty IS : " + RequestedQty): null

2018-05-15 14:24:00 - [TEST_STEP][PASSED] - Statement - BatchNo = com.kms.katalon.core.webui.keyword.WebUiBuiltInKeywords.getNumberOfTotalOption(com.kms.katalon.core.testobject.ObjectRepository.findTestObject(Inpatient Request/Page_Store/select_--Select--BA2910)): 2 options of object 'Object Repository/Inpatient Request/Page_Store/select_--Select--BA2910' counted

2018-05-15 14:24:00 - [MESSAGE][PASSED] - 2 options of object 'Object Repository/Inpatient Request/Page_Store/select_--Select--BA2910' counted

2018-05-15 14:24:00 - [TEST_STEP][PASSED] - Statement - For ([k = 1, k < BatchNo, (k++)]): null

2018-05-15 14:24:00 - [TEST_STEP][PASSED] - selectOptionByIndex: All options with index in [1] are selected on object 'Object Repository/Inpatient Request/Page_Store/select_--Select--BA2910'

2018-05-15 14:24:00 - [MESSAGE][PASSED] - All options with index in [1] are selected on object 'Object Repository/Inpatient Request/Page_Store/select_--Select--BA2910'

2018-05-15 14:24:00 - [TEST_STEP][PASSED] - delay: Delayed 2 second(s)

2018-05-15 14:24:02 - [MESSAGE][PASSED] - Delayed 2 second(s)

2018-05-15 14:24:02 - [TEST_STEP][PASSED] - Statement - StockQty = com.kms.katalon.core.webui.keyword.WebUiBuiltInKeywords.getAttribute(com.kms.katalon.core.testobject.ObjectRepository.findTestObject(Inpatient Request/Page_Store/input_txtprice), "value"): Attribute 'value' of object 'Object Repository/Inpatient Request/Page_Store/input_txtprice' is: '9990'

2018-05-15 14:24:02 - [MESSAGE][PASSED] - Attribute 'value' of object 'Object Repository/Inpatient Request/Page_Store/input_txtprice' is: '9990'

2018-05-15 14:24:02 - [TEST_STEP][PASSED] - Statement - out.println("StockQty IS : " + StockQty): null

2018-05-15 14:24:02 - [TEST_STEP][PASSED] - Statement - If (java.lang.Integer.valueOf(StockQty) > java.lang.Integer.valueOf(RequestedQty)): null

2018-05-15 14:24:02 - [TEST_STEP][PASSED] - delay: Delayed 1 second(s)

2018-05-15 14:24:03 - [MESSAGE][PASSED] - Delayed 1 second(s)

2018-05-15 14:24:03 - [TEST_STEP][PASSED] - setText: Text '5' is set on object 'Object Repository/Inpatient Request/Page_Store/input_txtqty'

2018-05-15 14:24:03 - [MESSAGE][PASSED] - Text '5' is set on object 'Object Repository/Inpatient Request/Page_Store/input_txtqty'

2018-05-15 14:24:03 - [TEST_STEP][PASSED] - click: Object: 'Object Repository/Inpatient Request/Page_Store/button_Add' is clicked on

2018-05-15 14:24:03 - [MESSAGE][PASSED] - Object: 'Object Repository/Inpatient Request/Page_Store/button_Add' is clicked on

2018-05-15 14:24:03 - [TEST_STEP][PASSED] - Statement - Break: null

2018-05-15 14:24:03 - [TEST_STEP][PASSED] - selectOptionByIndex: All options with index in [6] are selected on object 'Object Repository/Inpatient Request/Page_Store/select_--Select--Alcohol Rub i'

2018-05-15 14:24:04 - [MESSAGE][PASSED] - All options with index in [6] are selected on object 'Object Repository/Inpatient Request/Page_Store/select_--Select--Alcohol Rub i'

2018-05-15 14:24:04 - [TEST_STEP][PASSED] - delay: Delayed 2 second(s)

2018-05-15 14:24:06 - [MESSAGE][PASSED] - Delayed 2 second(s)

2018-05-15 14:24:06 - [TEST_STEP][PASSED] - Statement - RequestedQty = com.kms.katalon.core.webui.keyword.WebUiBuiltInKeywords.getAttribute(com.kms.katalon.core.testobject.ObjectRepository.findTestObject(Inpatient Request/Page_Store/input_txttotal), "value"): Attribute 'value' of object 'Object Repository/Inpatient Request/Page_Store/input_txttotal' is: '5'

2018-05-15 14:24:06 - [MESSAGE][PASSED] - Attribute 'value' of object 'Object Repository/Inpatient Request/Page_Store/input_txttotal' is: '5'

2018-05-15 14:24:06 - [TEST_STEP][PASSED] - Statement - out.println("RequestedQty IS : " + RequestedQty): null

2018-05-15 14:24:06 - [TEST_STEP][PASSED] - Statement - BatchNo = com.kms.katalon.core.webui.keyword.WebUiBuiltInKeywords.getNumberOfTotalOption(com.kms.katalon.core.testobject.ObjectRepository.findTestObject(Inpatient Request/Page_Store/select_--Select--BA2910)): 2 options of object 'Object Repository/Inpatient Request/Page_Store/select_--Select--BA2910' counted

2018-05-15 14:24:06 - [MESSAGE][PASSED] - 2 options of object 'Object Repository/Inpatient Request/Page_Store/select_--Select--BA2910' counted

2018-05-15 14:24:06 - [TEST_STEP][PASSED] - Statement - For ([k = 1, k < BatchNo, (k++)]): null

2018-05-15 14:24:06 - [TEST_STEP][PASSED] - selectOptionByIndex: All options with index in [1] are selected on object 'Object Repository/Inpatient Request/Page_Store/select_--Select--BA2910'

2018-05-15 14:24:06 - [MESSAGE][PASSED] - All options with index in [1] are selected on object 'Object Repository/Inpatient Request/Page_Store/select_--Select--BA2910'

2018-05-15 14:24:06 - [TEST_STEP][PASSED] - delay: Delayed 2 second(s)

2018-05-15 14:24:08 - [MESSAGE][PASSED] - Delayed 2 second(s)

2018-05-15 14:24:08 - [TEST_STEP][PASSED] - Statement - StockQty = com.kms.katalon.core.webui.keyword.WebUiBuiltInKeywords.getAttribute(com.kms.katalon.core.testobject.ObjectRepository.findTestObject(Inpatient Request/Page_Store/input_txtprice), "value"): Attribute 'value' of object 'Object Repository/Inpatient Request/Page_Store/input_txtprice' is: '9790'

2018-05-15 14:24:08 - [MESSAGE][PASSED] - Attribute 'value' of object 'Object Repository/Inpatient Request/Page_Store/input_txtprice' is: '9790'

2018-05-15 14:24:08 - [TEST_STEP][PASSED] - Statement - out.println("StockQty IS : " + StockQty): null

2018-05-15 14:24:08 - [TEST_STEP][PASSED] - Statement - If (java.lang.Integer.valueOf(StockQty) > java.lang.Integer.valueOf(RequestedQty)): null

2018-05-15 14:24:08 - [TEST_STEP][PASSED] - delay: Delayed 1 second(s)

2018-05-15 14:24:09 - [MESSAGE][PASSED] - Delayed 1 second(s)

2018-05-15 14:24:09 - [TEST_STEP][PASSED] - setText: Text '5' is set on object 'Object Repository/Inpatient Request/Page_Store/input_txtqty'

2018-05-15 14:24:09 - [MESSAGE][PASSED] - Text '5' is set on object 'Object Repository/Inpatient Request/Page_Store/input_txtqty'

2018-05-15 14:24:09 - [TEST_STEP][PASSED] - click: Object: 'Object Repository/Inpatient Request/Page_Store/button_Add' is clicked on

2018-05-15 14:24:09 - [MESSAGE][PASSED] - Object: 'Object Repository/Inpatient Request/Page_Store/button_Add' is clicked on

2018-05-15 14:24:09 - [TEST_STEP][PASSED] - Statement - Break: null

2018-05-15 14:24:09 - [TEST_STEP][PASSED] - selectOptionByIndex: All options with index in [7] are selected on object 'Object Repository/Inpatient Request/Page_Store/select_--Select--Alcohol Rub i'

2018-05-15 14:24:09 - [MESSAGE][PASSED] - All options with index in [7] are selected on object 'Object Repository/Inpatient Request/Page_Store/select_--Select--Alcohol Rub i'

2018-05-15 14:24:09 - [TEST_STEP][PASSED] - delay: Delayed 2 second(s)

2018-05-15 14:24:11 - [MESSAGE][PASSED] - Delayed 2 second(s)

2018-05-15 14:24:11 - [TEST_STEP][PASSED] - Statement - RequestedQty = com.kms.katalon.core.webui.keyword.WebUiBuiltInKeywords.getAttribute(com.kms.katalon.core.testobject.ObjectRepository.findTestObject(Inpatient Request/Page_Store/input_txttotal), "value"): Attribute 'value' of object 'Object Repository/Inpatient Request/Page_Store/input_txttotal' is: '5'

2018-05-15 14:24:11 - [MESSAGE][PASSED] - Attribute 'value' of object 'Object Repository/Inpatient Request/Page_Store/input_txttotal' is: '5'

2018-05-15 14:24:11 - [TEST_STEP][PASSED] - Statement - out.println("RequestedQty IS : " + RequestedQty): null

2018-05-15 14:24:11 - [TEST_STEP][PASSED] - Statement - BatchNo = com.kms.katalon.core.webui.keyword.WebUiBuiltInKeywords.getNumberOfTotalOption(com.kms.katalon.core.testobject.ObjectRepository.findTestObject(Inpatient Request/Page_Store/select_--Select--BA2910)): 2 options of object 'Object Repository/Inpatient Request/Page_Store/select_--Select--BA2910' counted

2018-05-15 14:24:11 - [MESSAGE][PASSED] - 2 options of object 'Object Repository/Inpatient Request/Page_Store/select_--Select--BA2910' counted

2018-05-15 14:24:11 - [TEST_STEP][PASSED] - Statement - For ([k = 1, k < BatchNo, (k++)]): null

2018-05-15 14:24:11 - [TEST_STEP][PASSED] - selectOptionByIndex: All options with index in [1] are selected on object 'Object Repository/Inpatient Request/Page_Store/select_--Select--BA2910'

2018-05-15 14:24:12 - [MESSAGE][PASSED] - All options with index in [1] are selected on object 'Object Repository/Inpatient Request/Page_Store/select_--Select--BA2910'

2018-05-15 14:24:12 - [TEST_STEP][PASSED] - delay: Delayed 2 second(s)

2018-05-15 14:24:14 - [MESSAGE][PASSED] - Delayed 2 second(s)

2018-05-15 14:24:14 - [TEST_STEP][PASSED] - Statement - StockQty = com.kms.katalon.core.webui.keyword.WebUiBuiltInKeywords.getAttribute(com.kms.katalon.core.testobject.ObjectRepository.findTestObject(Inpatient Request/Page_Store/input_txtprice), "value"): Attribute 'value' of object 'Object Repository/Inpatient Request/Page_Store/input_txtprice' is: '9510'

2018-05-15 14:24:14 - [MESSAGE][PASSED] - Attribute 'value' of object 'Object Repository/Inpatient Request/Page_Store/input_txtprice' is: '9510'

2018-05-15 14:24:14 - [TEST_STEP][PASSED] - Statement - out.println("StockQty IS : " + StockQty): null

2018-05-15 14:24:14 - [TEST_STEP][PASSED] - Statement - If (java.lang.Integer.valueOf(StockQty) > java.lang.Integer.valueOf(RequestedQty)): null

2018-05-15 14:24:14 - [TEST_STEP][PASSED] - delay: Delayed 1 second(s)

2018-05-15 14:24:15 - [MESSAGE][PASSED] - Delayed 1 second(s)

2018-05-15 14:24:15 - [TEST_STEP][PASSED] - setText: Text '5' is set on object 'Object Repository/Inpatient Request/Page_Store/input_txtqty'

2018-05-15 14:24:15 - [MESSAGE][PASSED] - Text '5' is set on object 'Object Repository/Inpatient Request/Page_Store/input_txtqty'

2018-05-15 14:24:15 - [TEST_STEP][PASSED] - click: Object: 'Object Repository/Inpatient Request/Page_Store/button_Add' is clicked on

2018-05-15 14:24:15 - [MESSAGE][PASSED] - Object: 'Object Repository/Inpatient Request/Page_Store/button_Add' is clicked on

2018-05-15 14:24:15 - [TEST_STEP][PASSED] - Statement - Break: null

2018-05-15 14:24:15 - [TEST_STEP][PASSED] - selectOptionByIndex: All options with index in [8] are selected on object 'Object Repository/Inpatient Request/Page_Store/select_--Select--Alcohol Rub i'

2018-05-15 14:24:15 - [MESSAGE][PASSED] - All options with index in [8] are selected on object 'Object Repository/Inpatient Request/Page_Store/select_--Select--Alcohol Rub i'

2018-05-15 14:24:15 - [TEST_STEP][PASSED] - delay: Delayed 2 second(s)

2018-05-15 14:24:17 - [MESSAGE][PASSED] - Delayed 2 second(s)

2018-05-15 14:24:17 - [TEST_STEP][PASSED] - Statement - RequestedQty = com.kms.katalon.core.webui.keyword.WebUiBuiltInKeywords.getAttribute(com.kms.katalon.core.testobject.ObjectRepository.findTestObject(Inpatient Request/Page_Store/input_txttotal), "value"): Attribute 'value' of object 'Object Repository/Inpatient Request/Page_Store/input_txttotal' is: '5'

2018-05-15 14:24:17 - [MESSAGE][PASSED] - Attribute 'value' of object 'Object Repository/Inpatient Request/Page_Store/input_txttotal' is: '5'

2018-05-15 14:24:17 - [TEST_STEP][PASSED] - Statement - out.println("RequestedQty IS : " + RequestedQty): null

2018-05-15 14:24:17 - [TEST_STEP][PASSED] - Statement - BatchNo = com.kms.katalon.core.webui.keyword.WebUiBuiltInKeywords.getNumberOfTotalOption(com.kms.katalon.core.testobject.ObjectRepository.findTestObject(Inpatient Request/Page_Store/select_--Select--BA2910)): 2 options of object 'Object Repository/Inpatient Request/Page_Store/select_--Select--BA2910' counted

2018-05-15 14:24:17 - [MESSAGE][PASSED] - 2 options of object 'Object Repository/Inpatient Request/Page_Store/select_--Select--BA2910' counted

2018-05-15 14:24:17 - [TEST_STEP][PASSED] - Statement - For ([k = 1, k < BatchNo, (k++)]): null

2018-05-15 14:24:17 - [TEST_STEP][PASSED] - selectOptionByIndex: All options with index in [1] are selected on object 'Object Repository/Inpatient Request/Page_Store/select_--Select--BA2910'

2018-05-15 14:24:17 - [MESSAGE][PASSED] - All options with index in [1] are selected on object 'Object Repository/Inpatient Request/Page_Store/select_--Select--BA2910'

2018-05-15 14:24:17 - [TEST_STEP][PASSED] - delay: Delayed 2 second(s)

2018-05-15 14:24:19 - [MESSAGE][PASSED] - Delayed 2 second(s)

2018-05-15 14:24:19 - [TEST_STEP][PASSED] - Statement - StockQty = com.kms.katalon.core.webui.keyword.WebUiBuiltInKeywords.getAttribute(com.kms.katalon.core.testobject.ObjectRepository.findTestObject(Inpatient Request/Page_Store/input_txtprice), "value"): Attribute 'value' of object 'Object Repository/Inpatient Request/Page_Store/input_txtprice' is: '9686'

2018-05-15 14:24:19 - [MESSAGE][PASSED] - Attribute 'value' of object 'Object Repository/Inpatient Request/Page_Store/input_txtprice' is: '9686'

2018-05-15 14:24:19 - [TEST_STEP][PASSED] - Statement - out.println("StockQty IS : " + StockQty): null

2018-05-15 14:24:19 - [TEST_STEP][PASSED] - Statement - If (java.lang.Integer.valueOf(StockQty) > java.lang.Integer.valueOf(RequestedQty)): null

2018-05-15 14:24:19 - [TEST_STEP][PASSED] - delay: Delayed 1 second(s)

2018-05-15 14:24:20 - [MESSAGE][PASSED] - Delayed 1 second(s)

2018-05-15 14:24:20 - [TEST_STEP][PASSED] - setText: Text '5' is set on object 'Object Repository/Inpatient Request/Page_Store/input_txtqty'

2018-05-15 14:24:20 - [MESSAGE][PASSED] - Text '5' is set on object 'Object Repository/Inpatient Request/Page_Store/input_txtqty'

2018-05-15 14:24:20 - [TEST_STEP][PASSED] - click: Object: 'Object Repository/Inpatient Request/Page_Store/button_Add' is clicked on

2018-05-15 14:24:20 - [MESSAGE][PASSED] - Object: 'Object Repository/Inpatient Request/Page_Store/button_Add' is clicked on

2018-05-15 14:24:20 - [TEST_STEP][PASSED] - Statement - Break: null

2018-05-15 14:24:20 - [TEST_STEP][PASSED] - selectOptionByIndex: All options with index in [9] are selected on object 'Object Repository/Inpatient Request/Page_Store/select_--Select--Alcohol Rub i'

2018-05-15 14:24:21 - [MESSAGE][PASSED] - All options with index in [9] are selected on object 'Object Repository/Inpatient Request/Page_Store/select_--Select--Alcohol Rub i'

2018-05-15 14:24:21 - [TEST_STEP][PASSED] - delay: Delayed 2 second(s)

2018-05-15 14:24:23 - [MESSAGE][PASSED] - Delayed 2 second(s)

2018-05-15 14:24:23 - [TEST_STEP][PASSED] - Statement - RequestedQty = com.kms.katalon.core.webui.keyword.WebUiBuiltInKeywords.getAttribute(com.kms.katalon.core.testobject.ObjectRepository.findTestObject(Inpatient Request/Page_Store/input_txttotal), "value"): Attribute 'value' of object 'Object Repository/Inpatient Request/Page_Store/input_txttotal' is: '5'

2018-05-15 14:24:23 - [MESSAGE][PASSED] - Attribute 'value' of object 'Object Repository/Inpatient Request/Page_Store/input_txttotal' is: '5'

2018-05-15 14:24:23 - [TEST_STEP][PASSED] - Statement - out.println("RequestedQty IS : " + RequestedQty): null

2018-05-15 14:24:23 - [TEST_STEP][PASSED] - Statement - BatchNo = com.kms.katalon.core.webui.keyword.WebUiBuiltInKeywords.getNumberOfTotalOption(com.kms.katalon.core.testobject.ObjectRepository.findTestObject(Inpatient Request/Page_Store/select_--Select--BA2910)): 2 options of object 'Object Repository/Inpatient Request/Page_Store/select_--Select--BA2910' counted

2018-05-15 14:24:23 - [MESSAGE][PASSED] - 2 options of object 'Object Repository/Inpatient Request/Page_Store/select_--Select--BA2910' counted

2018-05-15 14:24:23 - [TEST_STEP][PASSED] - Statement - For ([k = 1, k < BatchNo, (k++)]): null

2018-05-15 14:24:23 - [TEST_STEP][PASSED] - selectOptionByIndex: All options with index in [1] are selected on object 'Object Repository/Inpatient Request/Page_Store/select_--Select--BA2910'

2018-05-15 14:24:23 - [MESSAGE][PASSED] - All options with index in [1] are selected on object 'Object Repository/Inpatient Request/Page_Store/select_--Select--BA2910'

2018-05-15 14:24:23 - [TEST_STEP][PASSED] - delay: Delayed 2 second(s)

2018-05-15 14:24:25 - [MESSAGE][PASSED] - Delayed 2 second(s)

2018-05-15 14:24:25 - [TEST_STEP][PASSED] - Statement - StockQty = com.kms.katalon.core.webui.keyword.WebUiBuiltInKeywords.getAttribute(com.kms.katalon.core.testobject.ObjectRepository.findTestObject(Inpatient Request/Page_Store/input_txtprice), "value"): Attribute 'value' of object 'Object Repository/Inpatient Request/Page_Store/input_txtprice' is: '9579'

2018-05-15 14:24:25 - [MESSAGE][PASSED] - Attribute 'value' of object 'Object Repository/Inpatient Request/Page_Store/input_txtprice' is: '9579'

2018-05-15 14:24:25 - [TEST_STEP][PASSED] - Statement - out.println("StockQty IS : " + StockQty): null

2018-05-15 14:24:25 - [TEST_STEP][PASSED] - Statement - If (java.lang.Integer.valueOf(StockQty) > java.lang.Integer.valueOf(RequestedQty)): null

2018-05-15 14:24:25 - [TEST_STEP][PASSED] - delay: Delayed 1 second(s)

2018-05-15 14:24:26 - [MESSAGE][PASSED] - Delayed 1 second(s)

2018-05-15 14:24:26 - [TEST_STEP][PASSED] - setText: Text '5' is set on object 'Object Repository/Inpatient Request/Page_Store/input_txtqty'

2018-05-15 14:24:26 - [MESSAGE][PASSED] - Text '5' is set on object 'Object Repository/Inpatient Request/Page_Store/input_txtqty'

2018-05-15 14:24:26 - [TEST_STEP][PASSED] - click: Object: 'Object Repository/Inpatient Request/Page_Store/button_Add' is clicked on

2018-05-15 14:24:26 - [MESSAGE][PASSED] - Object: 'Object Repository/Inpatient Request/Page_Store/button_Add' is clicked on

2018-05-15 14:24:26 - [TEST_STEP][PASSED] - Statement - Break: null

2018-05-15 14:24:26 - [TEST_STEP][PASSED] - selectOptionByIndex: All options with index in [10] are selected on object 'Object Repository/Inpatient Request/Page_Store/select_--Select--Alcohol Rub i'

2018-05-15 14:24:26 - [MESSAGE][PASSED] - All options with index in [10] are selected on object 'Object Repository/Inpatient Request/Page_Store/select_--Select--Alcohol Rub i'

2018-05-15 14:24:26 - [TEST_STEP][PASSED] - delay: Delayed 2 second(s)

2018-05-15 14:24:28 - [MESSAGE][PASSED] - Delayed 2 second(s)

2018-05-15 14:24:28 - [TEST_STEP][PASSED] - Statement - RequestedQty = com.kms.katalon.core.webui.keyword.WebUiBuiltInKeywords.getAttribute(com.kms.katalon.core.testobject.ObjectRepository.findTestObject(Inpatient Request/Page_Store/input_txttotal), "value"): Attribute 'value' of object 'Object Repository/Inpatient Request/Page_Store/input_txttotal' is: '5'

2018-05-15 14:24:28 - [MESSAGE][PASSED] - Attribute 'value' of object 'Object Repository/Inpatient Request/Page_Store/input_txttotal' is: '5'

2018-05-15 14:24:28 - [TEST_STEP][PASSED] - Statement - out.println("RequestedQty IS : " + RequestedQty): null

2018-05-15 14:24:28 - [TEST_STEP][PASSED] - Statement - BatchNo = com.kms.katalon.core.webui.keyword.WebUiBuiltInKeywords.getNumberOfTotalOption(com.kms.katalon.core.testobject.ObjectRepository.findTestObject(Inpatient Request/Page_Store/select_--Select--BA2910)): 2 options of object 'Object Repository/Inpatient Request/Page_Store/select_--Select--BA2910' counted

2018-05-15 14:24:28 - [MESSAGE][PASSED] - 2 options of object 'Object Repository/Inpatient Request/Page_Store/select_--Select--BA2910' counted

2018-05-15 14:24:28 - [TEST_STEP][PASSED] - Statement - For ([k = 1, k < BatchNo, (k++)]): null

2018-05-15 14:24:28 - [TEST_STEP][PASSED] - selectOptionByIndex: All options with index in [1] are selected on object 'Object Repository/Inpatient Request/Page_Store/select_--Select--BA2910'

2018-05-15 14:24:28 - [MESSAGE][PASSED] - All options with index in [1] are selected on object 'Object Repository/Inpatient Request/Page_Store/select_--Select--BA2910'

2018-05-15 14:24:28 - [TEST_STEP][PASSED] - delay: Delayed 2 second(s)

2018-05-15 14:24:30 - [MESSAGE][PASSED] - Delayed 2 second(s)

2018-05-15 14:24:30 - [TEST_STEP][PASSED] - Statement - StockQty = com.kms.katalon.core.webui.keyword.WebUiBuiltInKeywords.getAttribute(com.kms.katalon.core.testobject.ObjectRepository.findTestObject(Inpatient Request/Page_Store/input_txtprice), "value"): Attribute 'value' of object 'Object Repository/Inpatient Request/Page_Store/input_txtprice' is: '9990'

2018-05-15 14:24:30 - [MESSAGE][PASSED] - Attribute 'value' of object 'Object Repository/Inpatient Request/Page_Store/input_txtprice' is: '9990'

2018-05-15 14:24:30 - [TEST_STEP][PASSED] - Statement - out.println("StockQty IS : " + StockQty): null

2018-05-15 14:24:30 - [TEST_STEP][PASSED] - Statement - If (java.lang.Integer.valueOf(StockQty) > java.lang.Integer.valueOf(RequestedQty)): null

2018-05-15 14:24:30 - [TEST_STEP][PASSED] - delay: Delayed 1 second(s)

2018-05-15 14:24:31 - [MESSAGE][PASSED] - Delayed 1 second(s)

2018-05-15 14:24:31 - [TEST_STEP][PASSED] - setText: Text '5' is set on object 'Object Repository/Inpatient Request/Page_Store/input_txtqty'

2018-05-15 14:24:32 - [MESSAGE][PASSED] - Text '5' is set on object 'Object Repository/Inpatient Request/Page_Store/input_txtqty'

2018-05-15 14:24:32 - [TEST_STEP][PASSED] - click: Object: 'Object Repository/Inpatient Request/Page_Store/button_Add' is clicked on

2018-05-15 14:24:32 - [MESSAGE][PASSED] - Object: 'Object Repository/Inpatient Request/Page_Store/button_Add' is clicked on

2018-05-15 14:24:32 - [TEST_STEP][PASSED] - Statement - Break: null

2018-05-15 14:24:32 - [TEST_STEP][PASSED] - selectOptionByIndex: All options with index in [11] are selected on object 'Object Repository/Inpatient Request/Page_Store/select_--Select--Alcohol Rub i'

2018-05-15 14:24:32 - [MESSAGE][PASSED] - All options with index in [11] are selected on object 'Object Repository/Inpatient Request/Page_Store/select_--Select--Alcohol Rub i'

2018-05-15 14:24:32 - [TEST_STEP][PASSED] - delay: Delayed 2 second(s)

2018-05-15 14:24:34 - [MESSAGE][PASSED] - Delayed 2 second(s)

2018-05-15 14:24:34 - [TEST_STEP][PASSED] - Statement - RequestedQty = com.kms.katalon.core.webui.keyword.WebUiBuiltInKeywords.getAttribute(com.kms.katalon.core.testobject.ObjectRepository.findTestObject(Inpatient Request/Page_Store/input_txttotal), "value"): Attribute 'value' of object 'Object Repository/Inpatient Request/Page_Store/input_txttotal' is: '5'

2018-05-15 14:24:34 - [MESSAGE][PASSED] - Attribute 'value' of object 'Object Repository/Inpatient Request/Page_Store/input_txttotal' is: '5'

2018-05-15 14:24:34 - [TEST_STEP][PASSED] - Statement - out.println("RequestedQty IS : " + RequestedQty): null

2018-05-15 14:24:34 - [TEST_STEP][PASSED] - Statement - BatchNo = com.kms.katalon.core.webui.keyword.WebUiBuiltInKeywords.getNumberOfTotalOption(com.kms.katalon.core.testobject.ObjectRepository.findTestObject(Inpatient Request/Page_Store/select_--Select--BA2910)): 2 options of object 'Object Repository/Inpatient Request/Page_Store/select_--Select--BA2910' counted

2018-05-15 14:24:34 - [MESSAGE][PASSED] - 2 options of object 'Object Repository/Inpatient Request/Page_Store/select_--Select--BA2910' counted

2018-05-15 14:24:34 - [TEST_STEP][PASSED] - Statement - For ([k = 1, k < BatchNo, (k++)]): null

2018-05-15 14:24:34 - [TEST_STEP][PASSED] - selectOptionByIndex: All options with index in [1] are selected on object 'Object Repository/Inpatient Request/Page_Store/select_--Select--BA2910'

2018-05-15 14:24:34 - [MESSAGE][PASSED] - All options with index in [1] are selected on object 'Object Repository/Inpatient Request/Page_Store/select_--Select--BA2910'

2018-05-15 14:24:34 - [TEST_STEP][PASSED] - delay: Delayed 2 second(s)

2018-05-15 14:24:36 - [MESSAGE][PASSED] - Delayed 2 second(s)

2018-05-15 14:24:36 - [TEST_STEP][PASSED] - Statement - StockQty = com.kms.katalon.core.webui.keyword.WebUiBuiltInKeywords.getAttribute(com.kms.katalon.core.testobject.ObjectRepository.findTestObject(Inpatient Request/Page_Store/input_txtprice), "value"): Attribute 'value' of object 'Object Repository/Inpatient Request/Page_Store/input_txtprice' is: '9548'

2018-05-15 14:24:36 - [MESSAGE][PASSED] - Attribute 'value' of object 'Object Repository/Inpatient Request/Page_Store/input_txtprice' is: '9548'

2018-05-15 14:24:36 - [TEST_STEP][PASSED] - Statement - out.println("StockQty IS : " + StockQty): null

2018-05-15 14:24:36 - [TEST_STEP][PASSED] - Statement - If (java.lang.Integer.valueOf(StockQty) > java.lang.Integer.valueOf(RequestedQty)): null

2018-05-15 14:24:36 - [TEST_STEP][PASSED] - delay: Delayed 1 second(s)

2018-05-15 14:24:37 - [MESSAGE][PASSED] - Delayed 1 second(s)

2018-05-15 14:24:37 - [TEST_STEP][PASSED] - setText: Text '5' is set on object 'Object Repository/Inpatient Request/Page_Store/input_txtqty'

2018-05-15 14:24:37 - [MESSAGE][PASSED] - Text '5' is set on object 'Object Repository/Inpatient Request/Page_Store/input_txtqty'

2018-05-15 14:24:37 - [TEST_STEP][PASSED] - click: Object: 'Object Repository/Inpatient Request/Page_Store/button_Add' is clicked on

2018-05-15 14:24:37 - [MESSAGE][PASSED] - Object: 'Object Repository/Inpatient Request/Page_Store/button_Add' is clicked on

2018-05-15 14:24:37 - [TEST_STEP][PASSED] - Statement - Break: null

2018-05-15 14:24:37 - [TEST_STEP][PASSED] - selectOptionByIndex: All options with index in [12] are selected on object 'Object Repository/Inpatient Request/Page_Store/select_--Select--Alcohol Rub i'

2018-05-15 14:24:37 - [MESSAGE][PASSED] - All options with index in [12] are selected on object 'Object Repository/Inpatient Request/Page_Store/select_--Select--Alcohol Rub i'

2018-05-15 14:24:37 - [TEST_STEP][PASSED] - delay: Delayed 2 second(s)

2018-05-15 14:24:39 - [MESSAGE][PASSED] - Delayed 2 second(s)

2018-05-15 14:24:39 - [TEST_STEP][PASSED] - Statement - RequestedQty = com.kms.katalon.core.webui.keyword.WebUiBuiltInKeywords.getAttribute(com.kms.katalon.core.testobject.ObjectRepository.findTestObject(Inpatient Request/Page_Store/input_txttotal), "value"): Attribute 'value' of object 'Object Repository/Inpatient Request/Page_Store/input_txttotal' is: '5'

2018-05-15 14:24:40 - [MESSAGE][PASSED] - Attribute 'value' of object 'Object Repository/Inpatient Request/Page_Store/input_txttotal' is: '5'

2018-05-15 14:24:40 - [TEST_STEP][PASSED] - Statement - out.println("RequestedQty IS : " + RequestedQty): null

2018-05-15 14:24:40 - [TEST_STEP][PASSED] - Statement - BatchNo = com.kms.katalon.core.webui.keyword.WebUiBuiltInKeywords.getNumberOfTotalOption(com.kms.katalon.core.testobject.ObjectRepository.findTestObject(Inpatient Request/Page_Store/select_--Select--BA2910)): 2 options of object 'Object Repository/Inpatient Request/Page_Store/select_--Select--BA2910' counted

2018-05-15 14:24:40 - [MESSAGE][PASSED] - 2 options of object 'Object Repository/Inpatient Request/Page_Store/select_--Select--BA2910' counted

2018-05-15 14:24:40 - [TEST_STEP][PASSED] - Statement - For ([k = 1, k < BatchNo, (k++)]): null

2018-05-15 14:24:40 - [TEST_STEP][PASSED] - selectOptionByIndex: All options with index in [1] are selected on object 'Object Repository/Inpatient Request/Page_Store/select_--Select--BA2910'

2018-05-15 14:24:40 - [MESSAGE][PASSED] - All options with index in [1] are selected on object 'Object Repository/Inpatient Request/Page_Store/select_--Select--BA2910'

2018-05-15 14:24:40 - [TEST_STEP][PASSED] - delay: Delayed 2 second(s)

2018-05-15 14:24:42 - [MESSAGE][PASSED] - Delayed 2 second(s)

2018-05-15 14:24:42 - [TEST_STEP][PASSED] - Statement - StockQty = com.kms.katalon.core.webui.keyword.WebUiBuiltInKeywords.getAttribute(com.kms.katalon.core.testobject.ObjectRepository.findTestObject(Inpatient Request/Page_Store/input_txtprice), "value"): Attribute 'value' of object 'Object Repository/Inpatient Request/Page_Store/input_txtprice' is: '9980'

2018-05-15 14:24:42 - [MESSAGE][PASSED] - Attribute 'value' of object 'Object Repository/Inpatient Request/Page_Store/input_txtprice' is: '9980'

2018-05-15 14:24:42 - [TEST_STEP][PASSED] - Statement - out.println("StockQty IS : " + StockQty): null

2018-05-15 14:24:42 - [TEST_STEP][PASSED] - Statement - If (java.lang.Integer.valueOf(StockQty) > java.lang.Integer.valueOf(RequestedQty)): null

2018-05-15 14:24:42 - [TEST_STEP][PASSED] - delay: Delayed 1 second(s)

2018-05-15 14:24:43 - [MESSAGE][PASSED] - Delayed 1 second(s)

2018-05-15 14:24:43 - [TEST_STEP][PASSED] - setText: Text '5' is set on object 'Object Repository/Inpatient Request/Page_Store/input_txtqty'

2018-05-15 14:24:43 - [MESSAGE][PASSED] - Text '5' is set on object 'Object Repository/Inpatient Request/Page_Store/input_txtqty'

2018-05-15 14:24:43 - [TEST_STEP][PASSED] - click: Object: 'Object Repository/Inpatient Request/Page_Store/button_Add' is clicked on

2018-05-15 14:24:43 - [MESSAGE][PASSED] - Object: 'Object Repository/Inpatient Request/Page_Store/button_Add' is clicked on

2018-05-15 14:24:43 - [TEST_STEP][PASSED] - Statement - Break: null

2018-05-15 14:24:43 - [TEST_STEP][PASSED] - selectOptionByIndex: All options with index in [13] are selected on object 'Object Repository/Inpatient Request/Page_Store/select_--Select--Alcohol Rub i'

2018-05-15 14:24:43 - [MESSAGE][PASSED] - All options with index in [13] are selected on object 'Object Repository/Inpatient Request/Page_Store/select_--Select--Alcohol Rub i'

2018-05-15 14:24:43 - [TEST_STEP][PASSED] - delay: Delayed 2 second(s)

2018-05-15 14:24:45 - [MESSAGE][PASSED] - Delayed 2 second(s)

2018-05-15 14:24:45 - [TEST_STEP][PASSED] - Statement - RequestedQty = com.kms.katalon.core.webui.keyword.WebUiBuiltInKeywords.getAttribute(com.kms.katalon.core.testobject.ObjectRepository.findTestObject(Inpatient Request/Page_Store/input_txttotal), "value"): Attribute 'value' of object 'Object Repository/Inpatient Request/Page_Store/input_txttotal' is: '5'

2018-05-15 14:24:45 - [MESSAGE][PASSED] - Attribute 'value' of object 'Object Repository/Inpatient Request/Page_Store/input_txttotal' is: '5'

2018-05-15 14:24:45 - [TEST_STEP][PASSED] - Statement - out.println("RequestedQty IS : " + RequestedQty): null

2018-05-15 14:24:45 - [TEST_STEP][PASSED] - Statement - BatchNo = com.kms.katalon.core.webui.keyword.WebUiBuiltInKeywords.getNumberOfTotalOption(com.kms.katalon.core.testobject.ObjectRepository.findTestObject(Inpatient Request/Page_Store/select_--Select--BA2910)): 2 options of object 'Object Repository/Inpatient Request/Page_Store/select_--Select--BA2910' counted

2018-05-15 14:24:45 - [MESSAGE][PASSED] - 2 options of object 'Object Repository/Inpatient Request/Page_Store/select_--Select--BA2910' counted

2018-05-15 14:24:45 - [TEST_STEP][PASSED] - Statement - For ([k = 1, k < BatchNo, (k++)]): null

2018-05-15 14:24:45 - [TEST_STEP][PASSED] - selectOptionByIndex: All options with index in [1] are selected on object 'Object Repository/Inpatient Request/Page_Store/select_--Select--BA2910'

2018-05-15 14:24:46 - [MESSAGE][PASSED] - All options with index in [1] are selected on object 'Object Repository/Inpatient Request/Page_Store/select_--Select--BA2910'

2018-05-15 14:24:46 - [TEST_STEP][PASSED] - delay: Delayed 2 second(s)

2018-05-15 14:24:48 - [MESSAGE][PASSED] - Delayed 2 second(s)

2018-05-15 14:24:48 - [TEST_STEP][PASSED] - Statement - StockQty = com.kms.katalon.core.webui.keyword.WebUiBuiltInKeywords.getAttribute(com.kms.katalon.core.testobject.ObjectRepository.findTestObject(Inpatient Request/Page_Store/input_txtprice), "value"): Attribute 'value' of object 'Object Repository/Inpatient Request/Page_Store/input_txtprice' is: '9980'

2018-05-15 14:24:48 - [MESSAGE][PASSED] - Attribute 'value' of object 'Object Repository/Inpatient Request/Page_Store/input_txtprice' is: '9980'

2018-05-15 14:24:48 - [TEST_STEP][PASSED] - Statement - out.println("StockQty IS : " + StockQty): null

2018-05-15 14:24:48 - [TEST_STEP][PASSED] - Statement - If (java.lang.Integer.valueOf(StockQty) > java.lang.Integer.valueOf(RequestedQty)): null

2018-05-15 14:24:48 - [TEST_STEP][PASSED] - delay: Delayed 1 second(s)

2018-05-15 14:24:49 - [MESSAGE][PASSED] - Delayed 1 second(s)

2018-05-15 14:24:49 - [TEST_STEP][PASSED] - setText: Text '5' is set on object 'Object Repository/Inpatient Request/Page_Store/input_txtqty'

2018-05-15 14:24:49 - [MESSAGE][PASSED] - Text '5' is set on object 'Object Repository/Inpatient Request/Page_Store/input_txtqty'

2018-05-15 14:24:49 - [TEST_STEP][PASSED] - click: Object: 'Object Repository/Inpatient Request/Page_Store/button_Add' is clicked on

2018-05-15 14:24:49 - [MESSAGE][PASSED] - Object: 'Object Repository/Inpatient Request/Page_Store/button_Add' is clicked on

2018-05-15 14:24:49 - [TEST_STEP][PASSED] - Statement - Break: null

2018-05-15 14:24:49 - [TEST_STEP][PASSED] - selectOptionByIndex: All options with index in [14] are selected on object 'Object Repository/Inpatient Request/Page_Store/select_--Select--Alcohol Rub i'

2018-05-15 14:24:49 - [MESSAGE][PASSED] - All options with index in [14] are selected on object 'Object Repository/Inpatient Request/Page_Store/select_--Select--Alcohol Rub i'

2018-05-15 14:24:49 - [TEST_STEP][PASSED] - delay: Delayed 2 second(s)

2018-05-15 14:24:51 - [MESSAGE][PASSED] - Delayed 2 second(s)

2018-05-15 14:24:51 - [TEST_STEP][PASSED] - Statement - RequestedQty = com.kms.katalon.core.webui.keyword.WebUiBuiltInKeywords.getAttribute(com.kms.katalon.core.testobject.ObjectRepository.findTestObject(Inpatient Request/Page_Store/input_txttotal), "value"): Attribute 'value' of object 'Object Repository/Inpatient Request/Page_Store/input_txttotal' is: '5'

2018-05-15 14:24:51 - [MESSAGE][PASSED] - Attribute 'value' of object 'Object Repository/Inpatient Request/Page_Store/input_txttotal' is: '5'

2018-05-15 14:24:51 - [TEST_STEP][PASSED] - Statement - out.println("RequestedQty IS : " + RequestedQty): null

2018-05-15 14:24:51 - [TEST_STEP][PASSED] - Statement - BatchNo = com.kms.katalon.core.webui.keyword.WebUiBuiltInKeywords.getNumberOfTotalOption(com.kms.katalon.core.testobject.ObjectRepository.findTestObject(Inpatient Request/Page_Store/select_--Select--BA2910)): 2 options of object 'Object Repository/Inpatient Request/Page_Store/select_--Select--BA2910' counted

2018-05-15 14:24:51 - [MESSAGE][PASSED] - 2 options of object 'Object Repository/Inpatient Request/Page_Store/select_--Select--BA2910' counted

2018-05-15 14:24:51 - [TEST_STEP][PASSED] - Statement - For ([k = 1, k < BatchNo, (k++)]): null

2018-05-15 14:24:51 - [TEST_STEP][PASSED] - selectOptionByIndex: All options with index in [1] are selected on object 'Object Repository/Inpatient Request/Page_Store/select_--Select--BA2910'

2018-05-15 14:24:51 - [MESSAGE][PASSED] - All options with index in [1] are selected on object 'Object Repository/Inpatient Request/Page_Store/select_--Select--BA2910'

2018-05-15 14:24:51 - [TEST_STEP][PASSED] - delay: Delayed 2 second(s)

2018-05-15 14:24:53 - [MESSAGE][PASSED] - Delayed 2 second(s)

2018-05-15 14:24:53 - [TEST_STEP][PASSED] - Statement - StockQty = com.kms.katalon.core.webui.keyword.WebUiBuiltInKeywords.getAttribute(com.kms.katalon.core.testobject.ObjectRepository.findTestObject(Inpatient Request/Page_Store/input_txtprice), "value"): Attribute 'value' of object 'Object Repository/Inpatient Request/Page_Store/input_txtprice' is: '9980'

2018-05-15 14:24:53 - [MESSAGE][PASSED] - Attribute 'value' of object 'Object Repository/Inpatient Request/Page_Store/input_txtprice' is: '9980'

2018-05-15 14:24:53 - [TEST_STEP][PASSED] - Statement - out.println("StockQty IS : " + StockQty): null

2018-05-15 14:24:53 - [TEST_STEP][PASSED] - Statement - If (java.lang.Integer.valueOf(StockQty) > java.lang.Integer.valueOf(RequestedQty)): null

2018-05-15 14:24:53 - [TEST_STEP][PASSED] - delay: Delayed 1 second(s)

2018-05-15 14:24:54 - [MESSAGE][PASSED] - Delayed 1 second(s)

2018-05-15 14:24:54 - [TEST_STEP][PASSED] - setText: Text '5' is set on object 'Object Repository/Inpatient Request/Page_Store/input_txtqty'

2018-05-15 14:24:54 - [MESSAGE][PASSED] - Text '5' is set on object 'Object Repository/Inpatient Request/Page_Store/input_txtqty'

2018-05-15 14:24:54 - [TEST_STEP][PASSED] - click: Object: 'Object Repository/Inpatient Request/Page_Store/button_Add' is clicked on

2018-05-15 14:24:54 - [MESSAGE][PASSED] - Object: 'Object Repository/Inpatient Request/Page_Store/button_Add' is clicked on

2018-05-15 14:24:54 - [TEST_STEP][PASSED] - Statement - Break: null

2018-05-15 14:24:54 - [TEST_STEP][PASSED] - selectOptionByIndex: All options with index in [15] are selected on object 'Object Repository/Inpatient Request/Page_Store/select_--Select--Alcohol Rub i'

2018-05-15 14:24:55 - [MESSAGE][PASSED] - All options with index in [15] are selected on object 'Object Repository/Inpatient Request/Page_Store/select_--Select--Alcohol Rub i'

2018-05-15 14:24:55 - [TEST_STEP][PASSED] - delay: Delayed 2 second(s)

2018-05-15 14:24:57 - [MESSAGE][PASSED] - Delayed 2 second(s)

2018-05-15 14:24:57 - [TEST_STEP][PASSED] - Statement - RequestedQty = com.kms.katalon.core.webui.keyword.WebUiBuiltInKeywords.getAttribute(com.kms.katalon.core.testobject.ObjectRepository.findTestObject(Inpatient Request/Page_Store/input_txttotal), "value"): Attribute 'value' of object 'Object Repository/Inpatient Request/Page_Store/input_txttotal' is: '5'

2018-05-15 14:24:57 - [MESSAGE][PASSED] - Attribute 'value' of object 'Object Repository/Inpatient Request/Page_Store/input_txttotal' is: '5'

2018-05-15 14:24:57 - [TEST_STEP][PASSED] - Statement - out.println("RequestedQty IS : " + RequestedQty): null

2018-05-15 14:24:57 - [TEST_STEP][PASSED] - Statement - BatchNo = com.kms.katalon.core.webui.keyword.WebUiBuiltInKeywords.getNumberOfTotalOption(com.kms.katalon.core.testobject.ObjectRepository.findTestObject(Inpatient Request/Page_Store/select_--Select--BA2910)): 2 options of object 'Object Repository/Inpatient Request/Page_Store/select_--Select--BA2910' counted

2018-05-15 14:24:57 - [MESSAGE][PASSED] - 2 options of object 'Object Repository/Inpatient Request/Page_Store/select_--Select--BA2910' counted

2018-05-15 14:24:57 - [TEST_STEP][PASSED] - Statement - For ([k = 1, k < BatchNo, (k++)]): null

2018-05-15 14:24:57 - [TEST_STEP][PASSED] - selectOptionByIndex: All options with index in [1] are selected on object 'Object Repository/Inpatient Request/Page_Store/select_--Select--BA2910'

2018-05-15 14:24:57 - [MESSAGE][PASSED] - All options with index in [1] are selected on object 'Object Repository/Inpatient Request/Page_Store/select_--Select--BA2910'

2018-05-15 14:24:57 - [TEST_STEP][PASSED] - delay: Delayed 2 second(s)

2018-05-15 14:24:59 - [MESSAGE][PASSED] - Delayed 2 second(s)

2018-05-15 14:24:59 - [TEST_STEP][PASSED] - Statement - StockQty = com.kms.katalon.core.webui.keyword.WebUiBuiltInKeywords.getAttribute(com.kms.katalon.core.testobject.ObjectRepository.findTestObject(Inpatient Request/Page_Store/input_txtprice), "value"): Attribute 'value' of object 'Object Repository/Inpatient Request/Page_Store/input_txtprice' is: '9970'

2018-05-15 14:24:59 - [MESSAGE][PASSED] - Attribute 'value' of object 'Object Repository/Inpatient Request/Page_Store/input_txtprice' is: '9970'

2018-05-15 14:24:59 - [TEST_STEP][PASSED] - Statement - out.println("StockQty IS : " + StockQty): null

2018-05-15 14:24:59 - [TEST_STEP][PASSED] - Statement - If (java.lang.Integer.valueOf(StockQty) > java.lang.Integer.valueOf(RequestedQty)): null

2018-05-15 14:24:59 - [TEST_STEP][PASSED] - delay: Delayed 1 second(s)

2018-05-15 14:25:00 - [MESSAGE][PASSED] - Delayed 1 second(s)

2018-05-15 14:25:00 - [TEST_STEP][PASSED] - setText: Text '5' is set on object 'Object Repository/Inpatient Request/Page_Store/input_txtqty'

2018-05-15 14:25:00 - [MESSAGE][PASSED] - Text '5' is set on object 'Object Repository/Inpatient Request/Page_Store/input_txtqty'

2018-05-15 14:25:00 - [TEST_STEP][PASSED] - click: Object: 'Object Repository/Inpatient Request/Page_Store/button_Add' is clicked on

2018-05-15 14:25:00 - [MESSAGE][PASSED] - Object: 'Object Repository/Inpatient Request/Page_Store/button_Add' is clicked on

2018-05-15 14:25:00 - [TEST_STEP][PASSED] - Statement - Break: null

2018-05-15 14:25:00 - [TEST_STEP][PASSED] - selectOptionByIndex: All options with index in [16] are selected on object 'Object Repository/Inpatient Request/Page_Store/select_--Select--Alcohol Rub i'

2018-05-15 14:25:00 - [MESSAGE][PASSED] - All options with index in [16] are selected on object 'Object Repository/Inpatient Request/Page_Store/select_--Select--Alcohol Rub i'

2018-05-15 14:25:00 - [TEST_STEP][PASSED] - delay: Delayed 2 second(s)

2018-05-15 14:25:02 - [MESSAGE][PASSED] - Delayed 2 second(s)

2018-05-15 14:25:02 - [TEST_STEP][PASSED] - Statement - RequestedQty = com.kms.katalon.core.webui.keyword.WebUiBuiltInKeywords.getAttribute(com.kms.katalon.core.testobject.ObjectRepository.findTestObject(Inpatient Request/Page_Store/input_txttotal), "value"): Attribute 'value' of object 'Object Repository/Inpatient Request/Page_Store/input_txttotal' is: '5'

2018-05-15 14:25:03 - [MESSAGE][PASSED] - Attribute 'value' of object 'Object Repository/Inpatient Request/Page_Store/input_txttotal' is: '5'

2018-05-15 14:25:03 - [TEST_STEP][PASSED] - Statement - out.println("RequestedQty IS : " + RequestedQty): null

2018-05-15 14:25:03 - [TEST_STEP][PASSED] - Statement - BatchNo = com.kms.katalon.core.webui.keyword.WebUiBuiltInKeywords.getNumberOfTotalOption(com.kms.katalon.core.testobject.ObjectRepository.findTestObject(Inpatient Request/Page_Store/select_--Select--BA2910)): 2 options of object 'Object Repository/Inpatient Request/Page_Store/select_--Select--BA2910' counted

2018-05-15 14:25:03 - [MESSAGE][PASSED] - 2 options of object 'Object Repository/Inpatient Request/Page_Store/select_--Select--BA2910' counted

2018-05-15 14:25:03 - [TEST_STEP][PASSED] - Statement - For ([k = 1, k < BatchNo, (k++)]): null

2018-05-15 14:25:03 - [TEST_STEP][PASSED] - selectOptionByIndex: All options with index in [1] are selected on object 'Object Repository/Inpatient Request/Page_Store/select_--Select--BA2910'

2018-05-15 14:25:03 - [MESSAGE][PASSED] - All options with index in [1] are selected on object 'Object Repository/Inpatient Request/Page_Store/select_--Select--BA2910'

2018-05-15 14:25:03 - [TEST_STEP][PASSED] - delay: Delayed 2 second(s)

2018-05-15 14:25:05 - [MESSAGE][PASSED] - Delayed 2 second(s)

2018-05-15 14:25:05 - [TEST_STEP][PASSED] - Statement - StockQty = com.kms.katalon.core.webui.keyword.WebUiBuiltInKeywords.getAttribute(com.kms.katalon.core.testobject.ObjectRepository.findTestObject(Inpatient Request/Page_Store/input_txtprice), "value"): Attribute 'value' of object 'Object Repository/Inpatient Request/Page_Store/input_txtprice' is: '9970'

2018-05-15 14:25:05 - [MESSAGE][PASSED] - Attribute 'value' of object 'Object Repository/Inpatient Request/Page_Store/input_txtprice' is: '9970'

2018-05-15 14:25:05 - [TEST_STEP][PASSED] - Statement - out.println("StockQty IS : " + StockQty): null

2018-05-15 14:25:05 - [TEST_STEP][PASSED] - Statement - If (java.lang.Integer.valueOf(StockQty) > java.lang.Integer.valueOf(RequestedQty)): null

2018-05-15 14:25:05 - [TEST_STEP][PASSED] - delay: Delayed 1 second(s)

2018-05-15 14:25:06 - [MESSAGE][PASSED] - Delayed 1 second(s)

2018-05-15 14:25:06 - [TEST_STEP][PASSED] - setText: Text '5' is set on object 'Object Repository/Inpatient Request/Page_Store/input_txtqty'

2018-05-15 14:25:06 - [MESSAGE][PASSED] - Text '5' is set on object 'Object Repository/Inpatient Request/Page_Store/input_txtqty'

2018-05-15 14:25:06 - [TEST_STEP][PASSED] - click: Object: 'Object Repository/Inpatient Request/Page_Store/button_Add' is clicked on

2018-05-15 14:25:06 - [MESSAGE][PASSED] - Object: 'Object Repository/Inpatient Request/Page_Store/button_Add' is clicked on

2018-05-15 14:25:06 - [TEST_STEP][PASSED] - Statement - Break: null

2018-05-15 14:25:06 - [TEST_STEP][PASSED] - scrollToElement: Scroll to object 'Object Repository/Inpatient Request/Page_Store/input_btnSubmit' successfully

2018-05-15 14:25:06 - [MESSAGE][PASSED] - Scroll to object 'Object Repository/Inpatient Request/Page_Store/input_btnSubmit' successfully

2018-05-15 14:25:06 - [TEST_STEP][PASSED] - click: Object: 'Object Repository/Inpatient Request/Page_Store/input_btnSubmit' is clicked on

2018-05-15 14:25:06 - [MESSAGE][PASSED] - Object: 'Object Repository/Inpatient Request/Page_Store/input_btnSubmit' is clicked on

2018-05-15 14:25:06 - [TEST_STEP][PASSED] - delay: Delayed 3 second(s)

2018-05-15 14:25:09 - [MESSAGE][PASSED] - Delayed 3 second(s)

2018-05-15 14:25:09 - [TEST_STEP][PASSED] - click: Object: 'Object Repository/Inpatient Request/Page_Store/button_OK' is clicked on

2018-05-15 14:25:10 - [MESSAGE][PASSED] - Object: 'Object Repository/Inpatient Request/Page_Store/button_OK' is clicked on

2018-05-15 14:25:10 - [TEST_STEP][PASSED] - delay: Delayed 3 second(s)

2018-05-15 14:25:13 - [MESSAGE][PASSED] - Delayed 3 second(s)

2018-05-15 14:25:13 - [TEST_STEP][PASSED] - click: Object: 'Object Repository/Inpatient Request/Page_Store/a_dropdown-toggle' is clicked on

2018-05-15 14:25:13 - [MESSAGE][PASSED] - Object: 'Object Repository/Inpatient Request/Page_Store/a_dropdown-toggle' is clicked on

2018-05-15 14:25:13 - [TEST_STEP][PASSED] - click: Object: 'Object Repository/Inpatient Request/Page_Store/a_Sign out' is clicked on

2018-05-15 14:25:13 - [MESSAGE][PASSED] - Object: 'Object Repository/Inpatient Request/Page_Store/a_Sign out' is clicked on

2018-05-15 14:25:13 - [TEST_STEP][PASSED] - closeBrowser: Browser is closed

2018-05-15 14:25:14 - [MESSAGE][PASSED] - Browser is closed

2018-05-15 14:25:14 - [TEST_STEP][PASSED] - Statement - out.println("Schedule 5 Inpatient Request Are Working Successfully"): null]]></system-out>
         <system-err><![CDATA[]]></system-err>
      </testcase>
      <testcase name="Test Cases/INPATIENT TEST CASES/TC_INR_002 Verify Schedule 8 Inpatient Request Are Working Successfully Or Not" classname="Test Cases/INPATIENT TEST CASES/TC_INR_002 Verify Schedule 8 Inpatient Request Are Working Successfully Or Not" status="PASSED">
         <system-out><![CDATA[2018-05-15 14:25:14 - [TEST_CASE][PASSED] - Test Cases/INPATIENT TEST CASES/TC_INR_002 Verify Schedule 8 Inpatient Request Are Working Successfully Or Not: Test Cases/INPATIENT TEST CASES/TC_INR_002 Verify Schedule 8 Inpatient Request Are Working Successfully Or Not

2018-05-15 14:25:14 - [TEST_STEP][PASSED] - openBrowser: Browser is opened with url: ''

2018-05-15 14:25:17 - [MESSAGE][PASSED] - Browser is opened with url: ''

2018-05-15 14:25:17 - [TEST_STEP][PASSED] - Statement - out.println("Verify Schedule 8 Inpatient Request Are Working Successfully Or Not"): null

2018-05-15 14:25:17 - [TEST_STEP][PASSED] - navigateToUrl: Navigate to 'http://192.168.137.1/multihospital_new/' successfully

2018-05-15 14:25:20 - [MESSAGE][PASSED] - Navigate to 'http://192.168.137.1/multihospital_new/' successfully

2018-05-15 14:25:20 - [TEST_STEP][PASSED] - maximizeWindow: Current window maximized

2018-05-15 14:25:21 - [MESSAGE][PASSED] - Current window maximized

2018-05-15 14:25:21 - [TEST_STEP][PASSED] - click: Object: 'Object Repository/Inpatient Request/Page_KDMC/a_In Patient' is clicked on

2018-05-15 14:25:22 - [MESSAGE][PASSED] - Object: 'Object Repository/Inpatient Request/Page_KDMC/a_In Patient' is clicked on

2018-05-15 14:25:22 - [TEST_STEP][PASSED] - setText: Text 'brintha' is set on object 'Object Repository/Inpatient Request/Page_INPATIENT LOGIN/input_txtusername'

2018-05-15 14:25:22 - [MESSAGE][PASSED] - Text 'brintha' is set on object 'Object Repository/Inpatient Request/Page_INPATIENT LOGIN/input_txtusername'

2018-05-15 14:25:22 - [TEST_STEP][PASSED] - setText: Text '123' is set on object 'Object Repository/Inpatient Request/Page_INPATIENT LOGIN/input_txtpassword'

2018-05-15 14:25:22 - [MESSAGE][PASSED] - Text '123' is set on object 'Object Repository/Inpatient Request/Page_INPATIENT LOGIN/input_txtpassword'

2018-05-15 14:25:22 - [TEST_STEP][PASSED] - delay: Delayed 3 second(s)

2018-05-15 14:25:25 - [MESSAGE][PASSED] - Delayed 3 second(s)

2018-05-15 14:25:25 - [TEST_STEP][PASSED] - click: Object: 'Object Repository/Inpatient Request/Page_INPATIENT LOGIN/button_Sign in' is clicked on

2018-05-15 14:25:26 - [MESSAGE][PASSED] - Object: 'Object Repository/Inpatient Request/Page_INPATIENT LOGIN/button_Sign in' is clicked on

2018-05-15 14:25:26 - [TEST_STEP][PASSED] - delay: Delayed 3 second(s)

2018-05-15 14:25:29 - [MESSAGE][PASSED] - Delayed 3 second(s)

2018-05-15 14:25:29 - [TEST_STEP][PASSED] - scrollToPosition: Browser is scrolled to position x = 300, y = 300

2018-05-15 14:25:29 - [MESSAGE][PASSED] - Browser is scrolled to position x = 300, y = 300

2018-05-15 14:25:29 - [TEST_STEP][PASSED] - delay: Delayed 2 second(s)

2018-05-15 14:25:31 - [MESSAGE][PASSED] - Delayed 2 second(s)

2018-05-15 14:25:31 - [TEST_STEP][PASSED] - navigateToUrl: Navigate to 'http://192.168.137.1/Multihospital_New/StoresRequest.aspx' successfully

2018-05-15 14:25:32 - [MESSAGE][PASSED] - Navigate to 'http://192.168.137.1/Multihospital_New/StoresRequest.aspx' successfully

2018-05-15 14:25:32 - [TEST_STEP][PASSED] - delay: Delayed 3 second(s)

2018-05-15 14:25:35 - [MESSAGE][PASSED] - Delayed 3 second(s)

2018-05-15 14:25:35 - [TEST_STEP][PASSED] - refresh: Refresh successfully

2018-05-15 14:25:36 - [MESSAGE][PASSED] - Refresh successfully

2018-05-15 14:25:36 - [TEST_STEP][PASSED] - delay: Delayed 3 second(s)

2018-05-15 14:25:39 - [MESSAGE][PASSED] - Delayed 3 second(s)

2018-05-15 14:25:39 - [TEST_STEP][PASSED] - selectOptionByIndex: All options with index in [2] are selected on object 'Object Repository/Inpatient Request/Page_KDMC/select_--Select--ChildrensGene'

2018-05-15 14:25:39 - [MESSAGE][PASSED] - All options with index in [2] are selected on object 'Object Repository/Inpatient Request/Page_KDMC/select_--Select--ChildrensGene'

2018-05-15 14:25:39 - [TEST_STEP][PASSED] - Statement - Inpatient_RequestNumber = com.kms.katalon.core.webui.keyword.WebUiBuiltInKeywords.getAttribute(com.kms.katalon.core.testobject.ObjectRepository.findTestObject(Inpatient Request/Page_KDMC/input_txtno), "value"): Attribute 'value' of object 'Object Repository/Inpatient Request/Page_KDMC/input_txtno' is: 'RNO/15052018/92'

2018-05-15 14:25:39 - [MESSAGE][PASSED] - Attribute 'value' of object 'Object Repository/Inpatient Request/Page_KDMC/input_txtno' is: 'RNO/15052018/92'

2018-05-15 14:25:39 - [TEST_STEP][PASSED] - Statement - RequestNo = Inpatient_RequestNumber.split("/")[2]: null

2018-05-15 14:25:39 - [TEST_STEP][PASSED] - Statement - out.println("RqID : " + RequestNo): null

2018-05-15 14:25:39 - [TEST_STEP][PASSED] - selectOptionByIndex: All options with index in [2] are selected on object 'Object Repository/Inpatient Request/Page_KDMC/select_--Select--Schedule 5Dru'

2018-05-15 14:25:39 - [MESSAGE][PASSED] - All options with index in [2] are selected on object 'Object Repository/Inpatient Request/Page_KDMC/select_--Select--Schedule 5Dru'

2018-05-15 14:25:39 - [TEST_STEP][PASSED] - Statement - selectedoptions = com.kms.katalon.core.webui.keyword.WebUiBuiltInKeywords.getNumberOfTotalOption(com.kms.katalon.core.testobject.ObjectRepository.findTestObject(Inpatient Request/Page_KDMC/select_--Select--Alcohol Rub i)): 18 options of object 'Object Repository/Inpatient Request/Page_KDMC/select_--Select--Alcohol Rub i' counted

2018-05-15 14:25:39 - [MESSAGE][PASSED] - 18 options of object 'Object Repository/Inpatient Request/Page_KDMC/select_--Select--Alcohol Rub i' counted

2018-05-15 14:25:39 - [TEST_STEP][PASSED] - Statement - For ([i = 1, i < selectedoptions, (i++)]): Object: 'Object Repository/Inpatient Request/Page_KDMC/button_Add' is clicked on

2018-05-15 14:25:39 - [TEST_STEP][PASSED] - selectOptionByIndex: All options with index in [2] are selected on object 'Object Repository/Inpatient Request/Page_KDMC/select_--Select--Schedule 5Dru'

2018-05-15 14:25:39 - [MESSAGE][PASSED] - All options with index in [2] are selected on object 'Object Repository/Inpatient Request/Page_KDMC/select_--Select--Schedule 5Dru'

2018-05-15 14:25:39 - [TEST_STEP][PASSED] - selectOptionByIndex: All options with index in [1] are selected on object 'Object Repository/Inpatient Request/Page_KDMC/select_--Select--Alcohol Rub i'

2018-05-15 14:25:40 - [MESSAGE][PASSED] - All options with index in [1] are selected on object 'Object Repository/Inpatient Request/Page_KDMC/select_--Select--Alcohol Rub i'

2018-05-15 14:25:40 - [TEST_STEP][PASSED] - setText: Text '5' is set on object 'Object Repository/Inpatient Request/Page_KDMC/input_txttreat'

2018-05-15 14:25:40 - [MESSAGE][PASSED] - Text '5' is set on object 'Object Repository/Inpatient Request/Page_KDMC/input_txttreat'

2018-05-15 14:25:40 - [TEST_STEP][PASSED] - click: Object: 'Object Repository/Inpatient Request/Page_KDMC/button_Add' is clicked on

2018-05-15 14:25:40 - [MESSAGE][PASSED] - Object: 'Object Repository/Inpatient Request/Page_KDMC/button_Add' is clicked on

2018-05-15 14:25:40 - [TEST_STEP][PASSED] - selectOptionByIndex: All options with index in [2] are selected on object 'Object Repository/Inpatient Request/Page_KDMC/select_--Select--Schedule 5Dru'

2018-05-15 14:25:40 - [MESSAGE][PASSED] - All options with index in [2] are selected on object 'Object Repository/Inpatient Request/Page_KDMC/select_--Select--Schedule 5Dru'

2018-05-15 14:25:40 - [TEST_STEP][PASSED] - selectOptionByIndex: All options with index in [2] are selected on object 'Object Repository/Inpatient Request/Page_KDMC/select_--Select--Alcohol Rub i'

2018-05-15 14:25:40 - [MESSAGE][PASSED] - All options with index in [2] are selected on object 'Object Repository/Inpatient Request/Page_KDMC/select_--Select--Alcohol Rub i'

2018-05-15 14:25:40 - [TEST_STEP][PASSED] - setText: Text '5' is set on object 'Object Repository/Inpatient Request/Page_KDMC/input_txttreat'

2018-05-15 14:25:40 - [MESSAGE][PASSED] - Text '5' is set on object 'Object Repository/Inpatient Request/Page_KDMC/input_txttreat'

2018-05-15 14:25:40 - [TEST_STEP][PASSED] - click: Object: 'Object Repository/Inpatient Request/Page_KDMC/button_Add' is clicked on

2018-05-15 14:25:40 - [MESSAGE][PASSED] - Object: 'Object Repository/Inpatient Request/Page_KDMC/button_Add' is clicked on

2018-05-15 14:25:40 - [TEST_STEP][PASSED] - selectOptionByIndex: All options with index in [2] are selected on object 'Object Repository/Inpatient Request/Page_KDMC/select_--Select--Schedule 5Dru'

2018-05-15 14:25:40 - [MESSAGE][PASSED] - All options with index in [2] are selected on object 'Object Repository/Inpatient Request/Page_KDMC/select_--Select--Schedule 5Dru'

2018-05-15 14:25:40 - [TEST_STEP][PASSED] - selectOptionByIndex: All options with index in [3] are selected on object 'Object Repository/Inpatient Request/Page_KDMC/select_--Select--Alcohol Rub i'

2018-05-15 14:25:40 - [MESSAGE][PASSED] - All options with index in [3] are selected on object 'Object Repository/Inpatient Request/Page_KDMC/select_--Select--Alcohol Rub i'

2018-05-15 14:25:40 - [TEST_STEP][PASSED] - setText: Text '5' is set on object 'Object Repository/Inpatient Request/Page_KDMC/input_txttreat'

2018-05-15 14:25:41 - [MESSAGE][PASSED] - Text '5' is set on object 'Object Repository/Inpatient Request/Page_KDMC/input_txttreat'

2018-05-15 14:25:41 - [TEST_STEP][PASSED] - click: Object: 'Object Repository/Inpatient Request/Page_KDMC/button_Add' is clicked on

2018-05-15 14:25:41 - [MESSAGE][PASSED] - Object: 'Object Repository/Inpatient Request/Page_KDMC/button_Add' is clicked on

2018-05-15 14:25:41 - [TEST_STEP][PASSED] - selectOptionByIndex: All options with index in [2] are selected on object 'Object Repository/Inpatient Request/Page_KDMC/select_--Select--Schedule 5Dru'

2018-05-15 14:25:41 - [MESSAGE][PASSED] - All options with index in [2] are selected on object 'Object Repository/Inpatient Request/Page_KDMC/select_--Select--Schedule 5Dru'

2018-05-15 14:25:41 - [TEST_STEP][PASSED] - selectOptionByIndex: All options with index in [4] are selected on object 'Object Repository/Inpatient Request/Page_KDMC/select_--Select--Alcohol Rub i'

2018-05-15 14:25:41 - [MESSAGE][PASSED] - All options with index in [4] are selected on object 'Object Repository/Inpatient Request/Page_KDMC/select_--Select--Alcohol Rub i'

2018-05-15 14:25:41 - [TEST_STEP][PASSED] - setText: Text '5' is set on object 'Object Repository/Inpatient Request/Page_KDMC/input_txttreat'

2018-05-15 14:25:41 - [MESSAGE][PASSED] - Text '5' is set on object 'Object Repository/Inpatient Request/Page_KDMC/input_txttreat'

2018-05-15 14:25:41 - [TEST_STEP][PASSED] - click: Object: 'Object Repository/Inpatient Request/Page_KDMC/button_Add' is clicked on

2018-05-15 14:25:41 - [MESSAGE][PASSED] - Object: 'Object Repository/Inpatient Request/Page_KDMC/button_Add' is clicked on

2018-05-15 14:25:41 - [TEST_STEP][PASSED] - selectOptionByIndex: All options with index in [2] are selected on object 'Object Repository/Inpatient Request/Page_KDMC/select_--Select--Schedule 5Dru'

2018-05-15 14:25:41 - [MESSAGE][PASSED] - All options with index in [2] are selected on object 'Object Repository/Inpatient Request/Page_KDMC/select_--Select--Schedule 5Dru'

2018-05-15 14:25:41 - [TEST_STEP][PASSED] - selectOptionByIndex: All options with index in [5] are selected on object 'Object Repository/Inpatient Request/Page_KDMC/select_--Select--Alcohol Rub i'

2018-05-15 14:25:41 - [MESSAGE][PASSED] - All options with index in [5] are selected on object 'Object Repository/Inpatient Request/Page_KDMC/select_--Select--Alcohol Rub i'

2018-05-15 14:25:41 - [TEST_STEP][PASSED] - setText: Text '5' is set on object 'Object Repository/Inpatient Request/Page_KDMC/input_txttreat'

2018-05-15 14:25:41 - [MESSAGE][PASSED] - Text '5' is set on object 'Object Repository/Inpatient Request/Page_KDMC/input_txttreat'

2018-05-15 14:25:41 - [TEST_STEP][PASSED] - click: Object: 'Object Repository/Inpatient Request/Page_KDMC/button_Add' is clicked on

2018-05-15 14:25:41 - [MESSAGE][PASSED] - Object: 'Object Repository/Inpatient Request/Page_KDMC/button_Add' is clicked on

2018-05-15 14:25:41 - [TEST_STEP][PASSED] - selectOptionByIndex: All options with index in [2] are selected on object 'Object Repository/Inpatient Request/Page_KDMC/select_--Select--Schedule 5Dru'

2018-05-15 14:25:42 - [MESSAGE][PASSED] - All options with index in [2] are selected on object 'Object Repository/Inpatient Request/Page_KDMC/select_--Select--Schedule 5Dru'

2018-05-15 14:25:42 - [TEST_STEP][PASSED] - selectOptionByIndex: All options with index in [6] are selected on object 'Object Repository/Inpatient Request/Page_KDMC/select_--Select--Alcohol Rub i'

2018-05-15 14:25:42 - [MESSAGE][PASSED] - All options with index in [6] are selected on object 'Object Repository/Inpatient Request/Page_KDMC/select_--Select--Alcohol Rub i'

2018-05-15 14:25:42 - [TEST_STEP][PASSED] - setText: Text '5' is set on object 'Object Repository/Inpatient Request/Page_KDMC/input_txttreat'

2018-05-15 14:25:42 - [MESSAGE][PASSED] - Text '5' is set on object 'Object Repository/Inpatient Request/Page_KDMC/input_txttreat'

2018-05-15 14:25:42 - [TEST_STEP][PASSED] - click: Object: 'Object Repository/Inpatient Request/Page_KDMC/button_Add' is clicked on

2018-05-15 14:25:42 - [MESSAGE][PASSED] - Object: 'Object Repository/Inpatient Request/Page_KDMC/button_Add' is clicked on

2018-05-15 14:25:42 - [TEST_STEP][PASSED] - selectOptionByIndex: All options with index in [2] are selected on object 'Object Repository/Inpatient Request/Page_KDMC/select_--Select--Schedule 5Dru'

2018-05-15 14:25:42 - [MESSAGE][PASSED] - All options with index in [2] are selected on object 'Object Repository/Inpatient Request/Page_KDMC/select_--Select--Schedule 5Dru'

2018-05-15 14:25:42 - [TEST_STEP][PASSED] - selectOptionByIndex: All options with index in [7] are selected on object 'Object Repository/Inpatient Request/Page_KDMC/select_--Select--Alcohol Rub i'

2018-05-15 14:25:42 - [MESSAGE][PASSED] - All options with index in [7] are selected on object 'Object Repository/Inpatient Request/Page_KDMC/select_--Select--Alcohol Rub i'

2018-05-15 14:25:42 - [TEST_STEP][PASSED] - setText: Text '5' is set on object 'Object Repository/Inpatient Request/Page_KDMC/input_txttreat'

2018-05-15 14:25:42 - [MESSAGE][PASSED] - Text '5' is set on object 'Object Repository/Inpatient Request/Page_KDMC/input_txttreat'

2018-05-15 14:25:42 - [TEST_STEP][PASSED] - click: Object: 'Object Repository/Inpatient Request/Page_KDMC/button_Add' is clicked on

2018-05-15 14:25:42 - [MESSAGE][PASSED] - Object: 'Object Repository/Inpatient Request/Page_KDMC/button_Add' is clicked on

2018-05-15 14:25:42 - [TEST_STEP][PASSED] - selectOptionByIndex: All options with index in [2] are selected on object 'Object Repository/Inpatient Request/Page_KDMC/select_--Select--Schedule 5Dru'

2018-05-15 14:25:43 - [MESSAGE][PASSED] - All options with index in [2] are selected on object 'Object Repository/Inpatient Request/Page_KDMC/select_--Select--Schedule 5Dru'

2018-05-15 14:25:43 - [TEST_STEP][PASSED] - selectOptionByIndex: All options with index in [8] are selected on object 'Object Repository/Inpatient Request/Page_KDMC/select_--Select--Alcohol Rub i'

2018-05-15 14:25:43 - [MESSAGE][PASSED] - All options with index in [8] are selected on object 'Object Repository/Inpatient Request/Page_KDMC/select_--Select--Alcohol Rub i'

2018-05-15 14:25:43 - [TEST_STEP][PASSED] - setText: Text '5' is set on object 'Object Repository/Inpatient Request/Page_KDMC/input_txttreat'

2018-05-15 14:25:43 - [MESSAGE][PASSED] - Text '5' is set on object 'Object Repository/Inpatient Request/Page_KDMC/input_txttreat'

2018-05-15 14:25:43 - [TEST_STEP][PASSED] - click: Object: 'Object Repository/Inpatient Request/Page_KDMC/button_Add' is clicked on

2018-05-15 14:25:43 - [MESSAGE][PASSED] - Object: 'Object Repository/Inpatient Request/Page_KDMC/button_Add' is clicked on

2018-05-15 14:25:43 - [TEST_STEP][PASSED] - selectOptionByIndex: All options with index in [2] are selected on object 'Object Repository/Inpatient Request/Page_KDMC/select_--Select--Schedule 5Dru'

2018-05-15 14:25:43 - [MESSAGE][PASSED] - All options with index in [2] are selected on object 'Object Repository/Inpatient Request/Page_KDMC/select_--Select--Schedule 5Dru'

2018-05-15 14:25:43 - [TEST_STEP][PASSED] - selectOptionByIndex: All options with index in [9] are selected on object 'Object Repository/Inpatient Request/Page_KDMC/select_--Select--Alcohol Rub i'

2018-05-15 14:25:43 - [MESSAGE][PASSED] - All options with index in [9] are selected on object 'Object Repository/Inpatient Request/Page_KDMC/select_--Select--Alcohol Rub i'

2018-05-15 14:25:43 - [TEST_STEP][PASSED] - setText: Text '5' is set on object 'Object Repository/Inpatient Request/Page_KDMC/input_txttreat'

2018-05-15 14:25:43 - [MESSAGE][PASSED] - Text '5' is set on object 'Object Repository/Inpatient Request/Page_KDMC/input_txttreat'

2018-05-15 14:25:43 - [TEST_STEP][PASSED] - click: Object: 'Object Repository/Inpatient Request/Page_KDMC/button_Add' is clicked on

2018-05-15 14:25:43 - [MESSAGE][PASSED] - Object: 'Object Repository/Inpatient Request/Page_KDMC/button_Add' is clicked on

2018-05-15 14:25:43 - [TEST_STEP][PASSED] - selectOptionByIndex: All options with index in [2] are selected on object 'Object Repository/Inpatient Request/Page_KDMC/select_--Select--Schedule 5Dru'

2018-05-15 14:25:44 - [MESSAGE][PASSED] - All options with index in [2] are selected on object 'Object Repository/Inpatient Request/Page_KDMC/select_--Select--Schedule 5Dru'

2018-05-15 14:25:44 - [TEST_STEP][PASSED] - selectOptionByIndex: All options with index in [10] are selected on object 'Object Repository/Inpatient Request/Page_KDMC/select_--Select--Alcohol Rub i'

2018-05-15 14:25:44 - [MESSAGE][PASSED] - All options with index in [10] are selected on object 'Object Repository/Inpatient Request/Page_KDMC/select_--Select--Alcohol Rub i'

2018-05-15 14:25:44 - [TEST_STEP][PASSED] - setText: Text '5' is set on object 'Object Repository/Inpatient Request/Page_KDMC/input_txttreat'

2018-05-15 14:25:44 - [MESSAGE][PASSED] - Text '5' is set on object 'Object Repository/Inpatient Request/Page_KDMC/input_txttreat'

2018-05-15 14:25:44 - [TEST_STEP][PASSED] - click: Object: 'Object Repository/Inpatient Request/Page_KDMC/button_Add' is clicked on

2018-05-15 14:25:44 - [MESSAGE][PASSED] - Object: 'Object Repository/Inpatient Request/Page_KDMC/button_Add' is clicked on

2018-05-15 14:25:44 - [TEST_STEP][PASSED] - selectOptionByIndex: All options with index in [2] are selected on object 'Object Repository/Inpatient Request/Page_KDMC/select_--Select--Schedule 5Dru'

2018-05-15 14:25:44 - [MESSAGE][PASSED] - All options with index in [2] are selected on object 'Object Repository/Inpatient Request/Page_KDMC/select_--Select--Schedule 5Dru'

2018-05-15 14:25:44 - [TEST_STEP][PASSED] - selectOptionByIndex: All options with index in [11] are selected on object 'Object Repository/Inpatient Request/Page_KDMC/select_--Select--Alcohol Rub i'

2018-05-15 14:25:44 - [MESSAGE][PASSED] - All options with index in [11] are selected on object 'Object Repository/Inpatient Request/Page_KDMC/select_--Select--Alcohol Rub i'

2018-05-15 14:25:44 - [TEST_STEP][PASSED] - setText: Text '5' is set on object 'Object Repository/Inpatient Request/Page_KDMC/input_txttreat'

2018-05-15 14:25:44 - [MESSAGE][PASSED] - Text '5' is set on object 'Object Repository/Inpatient Request/Page_KDMC/input_txttreat'

2018-05-15 14:25:44 - [TEST_STEP][PASSED] - click: Object: 'Object Repository/Inpatient Request/Page_KDMC/button_Add' is clicked on

2018-05-15 14:25:44 - [MESSAGE][PASSED] - Object: 'Object Repository/Inpatient Request/Page_KDMC/button_Add' is clicked on

2018-05-15 14:25:44 - [TEST_STEP][PASSED] - selectOptionByIndex: All options with index in [2] are selected on object 'Object Repository/Inpatient Request/Page_KDMC/select_--Select--Schedule 5Dru'

2018-05-15 14:25:45 - [MESSAGE][PASSED] - All options with index in [2] are selected on object 'Object Repository/Inpatient Request/Page_KDMC/select_--Select--Schedule 5Dru'

2018-05-15 14:25:45 - [TEST_STEP][PASSED] - selectOptionByIndex: All options with index in [12] are selected on object 'Object Repository/Inpatient Request/Page_KDMC/select_--Select--Alcohol Rub i'

2018-05-15 14:25:45 - [MESSAGE][PASSED] - All options with index in [12] are selected on object 'Object Repository/Inpatient Request/Page_KDMC/select_--Select--Alcohol Rub i'

2018-05-15 14:25:45 - [TEST_STEP][PASSED] - setText: Text '5' is set on object 'Object Repository/Inpatient Request/Page_KDMC/input_txttreat'

2018-05-15 14:25:45 - [MESSAGE][PASSED] - Text '5' is set on object 'Object Repository/Inpatient Request/Page_KDMC/input_txttreat'

2018-05-15 14:25:45 - [TEST_STEP][PASSED] - click: Object: 'Object Repository/Inpatient Request/Page_KDMC/button_Add' is clicked on

2018-05-15 14:25:45 - [MESSAGE][PASSED] - Object: 'Object Repository/Inpatient Request/Page_KDMC/button_Add' is clicked on

2018-05-15 14:25:45 - [TEST_STEP][PASSED] - selectOptionByIndex: All options with index in [2] are selected on object 'Object Repository/Inpatient Request/Page_KDMC/select_--Select--Schedule 5Dru'

2018-05-15 14:25:45 - [MESSAGE][PASSED] - All options with index in [2] are selected on object 'Object Repository/Inpatient Request/Page_KDMC/select_--Select--Schedule 5Dru'

2018-05-15 14:25:45 - [TEST_STEP][PASSED] - selectOptionByIndex: All options with index in [13] are selected on object 'Object Repository/Inpatient Request/Page_KDMC/select_--Select--Alcohol Rub i'

2018-05-15 14:25:45 - [MESSAGE][PASSED] - All options with index in [13] are selected on object 'Object Repository/Inpatient Request/Page_KDMC/select_--Select--Alcohol Rub i'

2018-05-15 14:25:45 - [TEST_STEP][PASSED] - setText: Text '5' is set on object 'Object Repository/Inpatient Request/Page_KDMC/input_txttreat'

2018-05-15 14:25:45 - [MESSAGE][PASSED] - Text '5' is set on object 'Object Repository/Inpatient Request/Page_KDMC/input_txttreat'

2018-05-15 14:25:45 - [TEST_STEP][PASSED] - click: Object: 'Object Repository/Inpatient Request/Page_KDMC/button_Add' is clicked on

2018-05-15 14:25:46 - [MESSAGE][PASSED] - Object: 'Object Repository/Inpatient Request/Page_KDMC/button_Add' is clicked on

2018-05-15 14:25:46 - [TEST_STEP][PASSED] - selectOptionByIndex: All options with index in [2] are selected on object 'Object Repository/Inpatient Request/Page_KDMC/select_--Select--Schedule 5Dru'

2018-05-15 14:25:46 - [MESSAGE][PASSED] - All options with index in [2] are selected on object 'Object Repository/Inpatient Request/Page_KDMC/select_--Select--Schedule 5Dru'

2018-05-15 14:25:46 - [TEST_STEP][PASSED] - selectOptionByIndex: All options with index in [14] are selected on object 'Object Repository/Inpatient Request/Page_KDMC/select_--Select--Alcohol Rub i'

2018-05-15 14:25:46 - [MESSAGE][PASSED] - All options with index in [14] are selected on object 'Object Repository/Inpatient Request/Page_KDMC/select_--Select--Alcohol Rub i'

2018-05-15 14:25:46 - [TEST_STEP][PASSED] - setText: Text '5' is set on object 'Object Repository/Inpatient Request/Page_KDMC/input_txttreat'

2018-05-15 14:25:46 - [MESSAGE][PASSED] - Text '5' is set on object 'Object Repository/Inpatient Request/Page_KDMC/input_txttreat'

2018-05-15 14:25:46 - [TEST_STEP][PASSED] - click: Object: 'Object Repository/Inpatient Request/Page_KDMC/button_Add' is clicked on

2018-05-15 14:25:46 - [MESSAGE][PASSED] - Object: 'Object Repository/Inpatient Request/Page_KDMC/button_Add' is clicked on

2018-05-15 14:25:46 - [TEST_STEP][PASSED] - selectOptionByIndex: All options with index in [2] are selected on object 'Object Repository/Inpatient Request/Page_KDMC/select_--Select--Schedule 5Dru'

2018-05-15 14:25:46 - [MESSAGE][PASSED] - All options with index in [2] are selected on object 'Object Repository/Inpatient Request/Page_KDMC/select_--Select--Schedule 5Dru'

2018-05-15 14:25:46 - [TEST_STEP][PASSED] - selectOptionByIndex: All options with index in [15] are selected on object 'Object Repository/Inpatient Request/Page_KDMC/select_--Select--Alcohol Rub i'

2018-05-15 14:25:46 - [MESSAGE][PASSED] - All options with index in [15] are selected on object 'Object Repository/Inpatient Request/Page_KDMC/select_--Select--Alcohol Rub i'

2018-05-15 14:25:46 - [TEST_STEP][PASSED] - setText: Text '5' is set on object 'Object Repository/Inpatient Request/Page_KDMC/input_txttreat'

2018-05-15 14:25:46 - [MESSAGE][PASSED] - Text '5' is set on object 'Object Repository/Inpatient Request/Page_KDMC/input_txttreat'

2018-05-15 14:25:46 - [TEST_STEP][PASSED] - click: Object: 'Object Repository/Inpatient Request/Page_KDMC/button_Add' is clicked on

2018-05-15 14:25:47 - [MESSAGE][PASSED] - Object: 'Object Repository/Inpatient Request/Page_KDMC/button_Add' is clicked on

2018-05-15 14:25:47 - [TEST_STEP][PASSED] - selectOptionByIndex: All options with index in [2] are selected on object 'Object Repository/Inpatient Request/Page_KDMC/select_--Select--Schedule 5Dru'

2018-05-15 14:25:47 - [MESSAGE][PASSED] - All options with index in [2] are selected on object 'Object Repository/Inpatient Request/Page_KDMC/select_--Select--Schedule 5Dru'

2018-05-15 14:25:47 - [TEST_STEP][PASSED] - selectOptionByIndex: All options with index in [16] are selected on object 'Object Repository/Inpatient Request/Page_KDMC/select_--Select--Alcohol Rub i'

2018-05-15 14:25:47 - [MESSAGE][PASSED] - All options with index in [16] are selected on object 'Object Repository/Inpatient Request/Page_KDMC/select_--Select--Alcohol Rub i'

2018-05-15 14:25:47 - [TEST_STEP][PASSED] - setText: Text '5' is set on object 'Object Repository/Inpatient Request/Page_KDMC/input_txttreat'

2018-05-15 14:25:47 - [MESSAGE][PASSED] - Text '5' is set on object 'Object Repository/Inpatient Request/Page_KDMC/input_txttreat'

2018-05-15 14:25:47 - [TEST_STEP][PASSED] - click: Object: 'Object Repository/Inpatient Request/Page_KDMC/button_Add' is clicked on

2018-05-15 14:25:47 - [MESSAGE][PASSED] - Object: 'Object Repository/Inpatient Request/Page_KDMC/button_Add' is clicked on

2018-05-15 14:25:47 - [TEST_STEP][PASSED] - selectOptionByIndex: All options with index in [2] are selected on object 'Object Repository/Inpatient Request/Page_KDMC/select_--Select--Schedule 5Dru'

2018-05-15 14:25:47 - [MESSAGE][PASSED] - All options with index in [2] are selected on object 'Object Repository/Inpatient Request/Page_KDMC/select_--Select--Schedule 5Dru'

2018-05-15 14:25:47 - [TEST_STEP][PASSED] - selectOptionByIndex: All options with index in [17] are selected on object 'Object Repository/Inpatient Request/Page_KDMC/select_--Select--Alcohol Rub i'

2018-05-15 14:25:48 - [MESSAGE][PASSED] - All options with index in [17] are selected on object 'Object Repository/Inpatient Request/Page_KDMC/select_--Select--Alcohol Rub i'

2018-05-15 14:25:48 - [TEST_STEP][PASSED] - setText: Text '5' is set on object 'Object Repository/Inpatient Request/Page_KDMC/input_txttreat'

2018-05-15 14:25:48 - [MESSAGE][PASSED] - Text '5' is set on object 'Object Repository/Inpatient Request/Page_KDMC/input_txttreat'

2018-05-15 14:25:48 - [TEST_STEP][PASSED] - click: Object: 'Object Repository/Inpatient Request/Page_KDMC/button_Add' is clicked on

2018-05-15 14:25:48 - [MESSAGE][PASSED] - Object: 'Object Repository/Inpatient Request/Page_KDMC/button_Add' is clicked on

2018-05-15 14:25:48 - [TEST_STEP][PASSED] - scrollToElement: Scroll to object 'Object Repository/Inpatient Request/Page_KDMC/input_btnsave' successfully

2018-05-15 14:25:48 - [MESSAGE][PASSED] - Scroll to object 'Object Repository/Inpatient Request/Page_KDMC/input_btnsave' successfully

2018-05-15 14:25:48 - [TEST_STEP][PASSED] - click: Object: 'Object Repository/Inpatient Request/Page_KDMC/input_btnsave' is clicked on

2018-05-15 14:25:48 - [MESSAGE][PASSED] - Object: 'Object Repository/Inpatient Request/Page_KDMC/input_btnsave' is clicked on

2018-05-15 14:25:48 - [TEST_STEP][PASSED] - delay: Delayed 3 second(s)

2018-05-15 14:25:51 - [MESSAGE][PASSED] - Delayed 3 second(s)

2018-05-15 14:25:51 - [TEST_STEP][PASSED] - click: Object: 'Object Repository/Inpatient Request/Page_KDMC/button_OK' is clicked on

2018-05-15 14:25:51 - [MESSAGE][PASSED] - Object: 'Object Repository/Inpatient Request/Page_KDMC/button_OK' is clicked on

2018-05-15 14:25:51 - [TEST_STEP][PASSED] - delay: Delayed 3 second(s)

2018-05-15 14:25:54 - [MESSAGE][PASSED] - Delayed 3 second(s)

2018-05-15 14:25:54 - [TEST_STEP][PASSED] - click: Object: 'Object Repository/Inpatient Request/Page_KDMC/a_dropdown-toggle' is clicked on

2018-05-15 14:25:54 - [MESSAGE][PASSED] - Object: 'Object Repository/Inpatient Request/Page_KDMC/a_dropdown-toggle' is clicked on

2018-05-15 14:25:54 - [TEST_STEP][PASSED] - click: Object: 'Object Repository/Inpatient Request/Page_KDMC/a_Sign out' is clicked on

2018-05-15 14:25:55 - [MESSAGE][PASSED] - Object: 'Object Repository/Inpatient Request/Page_KDMC/a_Sign out' is clicked on

2018-05-15 14:25:55 - [TEST_STEP][PASSED] - delay: Delayed 3 second(s)

2018-05-15 14:25:58 - [MESSAGE][PASSED] - Delayed 3 second(s)

2018-05-15 14:25:58 - [TEST_STEP][PASSED] - click: Object: 'Object Repository/Inpatient Request/Page_KDMC/a_CMO' is clicked on

2018-05-15 14:25:58 - [MESSAGE][PASSED] - Object: 'Object Repository/Inpatient Request/Page_KDMC/a_CMO' is clicked on

2018-05-15 14:25:58 - [TEST_STEP][PASSED] - setText: Text 'guru' is set on object 'Object Repository/Inpatient Request/Page_CMO login/input_txtusername'

2018-05-15 14:25:58 - [MESSAGE][PASSED] - Text 'guru' is set on object 'Object Repository/Inpatient Request/Page_CMO login/input_txtusername'

2018-05-15 14:25:58 - [TEST_STEP][PASSED] - setText: Text '123' is set on object 'Object Repository/Inpatient Request/Page_CMO login/input_txtpassword'

2018-05-15 14:25:58 - [MESSAGE][PASSED] - Text '123' is set on object 'Object Repository/Inpatient Request/Page_CMO login/input_txtpassword'

2018-05-15 14:25:58 - [TEST_STEP][PASSED] - delay: Delayed 3 second(s)

2018-05-15 14:26:01 - [MESSAGE][PASSED] - Delayed 3 second(s)

2018-05-15 14:26:01 - [TEST_STEP][PASSED] - click: Object: 'Object Repository/Inpatient Request/Page_CMO login/button_Sign in' is clicked on

2018-05-15 14:26:02 - [MESSAGE][PASSED] - Object: 'Object Repository/Inpatient Request/Page_CMO login/button_Sign in' is clicked on

2018-05-15 14:26:02 - [TEST_STEP][PASSED] - delay: Delayed 3 second(s)

2018-05-15 14:26:05 - [MESSAGE][PASSED] - Delayed 3 second(s)

2018-05-15 14:26:05 - [TEST_STEP][PASSED] - click: Object: 'Object Repository/Inpatient Request/Page_KDMC - CMO/a_Department Wise Request' is clicked on

2018-05-15 14:26:06 - [MESSAGE][PASSED] - Object: 'Object Repository/Inpatient Request/Page_KDMC - CMO/a_Department Wise Request' is clicked on

2018-05-15 14:26:06 - [TEST_STEP][PASSED] - delay: Delayed 2 second(s)

2018-05-15 14:26:08 - [MESSAGE][PASSED] - Delayed 2 second(s)

2018-05-15 14:26:08 - [TEST_STEP][PASSED] - selectOptionByIndex: All options with index in [1] are selected on object 'Object Repository/Inpatient Request/Page_KDMC - CMO/select_--ALL--'

2018-05-15 14:26:08 - [MESSAGE][PASSED] - All options with index in [1] are selected on object 'Object Repository/Inpatient Request/Page_KDMC - CMO/select_--ALL--'

2018-05-15 14:26:08 - [TEST_STEP][PASSED] - selectOptionByIndex: All options with index in [1] are selected on object 'Object Repository/Inpatient Request/Page_KDMC - CMO/select_--ALL--                _1'

2018-05-15 14:26:08 - [MESSAGE][PASSED] - All options with index in [1] are selected on object 'Object Repository/Inpatient Request/Page_KDMC - CMO/select_--ALL--                _1'

2018-05-15 14:26:08 - [TEST_STEP][PASSED] - click: Object: 'Object Repository/Inpatient Request/Page_KDMC - CMO/input_btnsearch' is clicked on

2018-05-15 14:26:08 - [MESSAGE][PASSED] - Object: 'Object Repository/Inpatient Request/Page_KDMC - CMO/input_btnsearch' is clicked on

2018-05-15 14:26:08 - [TEST_STEP][PASSED] - delay: Delayed 2 second(s)

2018-05-15 14:26:10 - [MESSAGE][PASSED] - Delayed 2 second(s)

2018-05-15 14:26:10 - [TEST_STEP][PASSED] - Statement - ID = com.kms.katalon.core.webui.keyword.WebUiBuiltInKeywords.modifyObjectProperty(com.kms.katalon.core.testobject.ObjectRepository.findTestObject(Inpatient Request/Page_KDMC - CMO/input_1), "xpath", "equals", "//*[@id=" + RequestNo + "]", true): Modify property of object successfully

2018-05-15 14:26:10 - [MESSAGE][PASSED] - Modify property of object successfully

2018-05-15 14:26:10 - [TEST_STEP][PASSED] - click: Object: 'Object Repository/Inpatient Request/Page_KDMC - CMO/input_1' is clicked on

2018-05-15 14:26:10 - [MESSAGE][PASSED] - Object: 'Object Repository/Inpatient Request/Page_KDMC - CMO/input_1' is clicked on

2018-05-15 14:26:10 - [TEST_STEP][PASSED] - delay: Delayed 2 second(s)

2018-05-15 14:26:12 - [MESSAGE][PASSED] - Delayed 2 second(s)

2018-05-15 14:26:12 - [TEST_STEP][PASSED] - selectOptionByIndex: All options with index in [1] are selected on object 'Object Repository/Inpatient Request/Page_KDMC - CMO/select_--Select--'

2018-05-15 14:26:12 - [MESSAGE][PASSED] - All options with index in [1] are selected on object 'Object Repository/Inpatient Request/Page_KDMC - CMO/select_--Select--'

2018-05-15 14:26:12 - [TEST_STEP][PASSED] - delay: Delayed 2 second(s)

2018-05-15 14:26:14 - [MESSAGE][PASSED] - Delayed 2 second(s)

2018-05-15 14:26:14 - [TEST_STEP][PASSED] - click: Object: 'Object Repository/Inpatient Request/Page_KDMC - CMO/input_btnupdate' is clicked on

2018-05-15 14:26:14 - [MESSAGE][PASSED] - Object: 'Object Repository/Inpatient Request/Page_KDMC - CMO/input_btnupdate' is clicked on

2018-05-15 14:26:14 - [TEST_STEP][PASSED] - delay: Delayed 2 second(s)

2018-05-15 14:26:16 - [MESSAGE][PASSED] - Delayed 2 second(s)

2018-05-15 14:26:16 - [TEST_STEP][PASSED] - click: Object: 'Object Repository/Inpatient Request/Page_KDMC - CMO/button_OK' is clicked on

2018-05-15 14:26:18 - [MESSAGE][PASSED] - Object: 'Object Repository/Inpatient Request/Page_KDMC - CMO/button_OK' is clicked on

2018-05-15 14:26:18 - [TEST_STEP][PASSED] - delay: Delayed 3 second(s)

2018-05-15 14:26:21 - [MESSAGE][PASSED] - Delayed 3 second(s)

2018-05-15 14:26:21 - [TEST_STEP][PASSED] - click: Object: 'Object Repository/Inpatient Request/Page_KDMC - CMO/a_dropdown-toggle' is clicked on

2018-05-15 14:26:21 - [MESSAGE][PASSED] - Object: 'Object Repository/Inpatient Request/Page_KDMC - CMO/a_dropdown-toggle' is clicked on

2018-05-15 14:26:21 - [TEST_STEP][PASSED] - click: Object: 'Object Repository/Inpatient Request/Page_KDMC - CMO/a_Sign out' is clicked on

2018-05-15 14:26:23 - [MESSAGE][PASSED] - Object: 'Object Repository/Inpatient Request/Page_KDMC - CMO/a_Sign out' is clicked on

2018-05-15 14:26:23 - [TEST_STEP][PASSED] - delay: Delayed 3 second(s)

2018-05-15 14:26:26 - [MESSAGE][PASSED] - Delayed 3 second(s)

2018-05-15 14:26:26 - [TEST_STEP][PASSED] - click: Object: 'Object Repository/Inpatient Request/Page_KDMC/a_Divisional Store' is clicked on

2018-05-15 14:26:27 - [MESSAGE][PASSED] - Object: 'Object Repository/Inpatient Request/Page_KDMC/a_Divisional Store' is clicked on

2018-05-15 14:26:27 - [TEST_STEP][PASSED] - setText: Text 'ragu' is set on object 'Object Repository/Inpatient Request/Page_Divisonal Store Login/input_txtusername'

2018-05-15 14:26:27 - [MESSAGE][PASSED] - Text 'ragu' is set on object 'Object Repository/Inpatient Request/Page_Divisonal Store Login/input_txtusername'

2018-05-15 14:26:27 - [TEST_STEP][PASSED] - setText: Text '123' is set on object 'Object Repository/Inpatient Request/Page_Divisonal Store Login/input_txtpassword'

2018-05-15 14:26:27 - [MESSAGE][PASSED] - Text '123' is set on object 'Object Repository/Inpatient Request/Page_Divisonal Store Login/input_txtpassword'

2018-05-15 14:26:27 - [TEST_STEP][PASSED] - delay: Delayed 3 second(s)

2018-05-15 14:26:30 - [MESSAGE][PASSED] - Delayed 3 second(s)

2018-05-15 14:26:30 - [TEST_STEP][PASSED] - click: Object: 'Object Repository/Inpatient Request/Page_Divisonal Store Login/button_Sign in' is clicked on

2018-05-15 14:26:32 - [MESSAGE][PASSED] - Object: 'Object Repository/Inpatient Request/Page_Divisonal Store Login/button_Sign in' is clicked on

2018-05-15 14:26:32 - [TEST_STEP][PASSED] - delay: Delayed 3 second(s)

2018-05-15 14:26:35 - [MESSAGE][PASSED] - Delayed 3 second(s)

2018-05-15 14:26:35 - [TEST_STEP][PASSED] - click: Object: 'Object Repository/Inpatient Request/Page_Store/a_Inpatient Request' is clicked on

2018-05-15 14:26:35 - [MESSAGE][PASSED] - Object: 'Object Repository/Inpatient Request/Page_Store/a_Inpatient Request' is clicked on

2018-05-15 14:26:35 - [TEST_STEP][PASSED] - click: Object: 'Object Repository/Inpatient Request/Page_Store/a_Request Item Inpatient' is clicked on

2018-05-15 14:26:36 - [MESSAGE][PASSED] - Object: 'Object Repository/Inpatient Request/Page_Store/a_Request Item Inpatient' is clicked on

2018-05-15 14:26:36 - [TEST_STEP][PASSED] - setText: Text 'RNO/15052018/92' is set on object 'Object Repository/Inpatient Request/Page_Store/input'

2018-05-15 14:26:36 - [MESSAGE][PASSED] - Text 'RNO/15052018/92' is set on object 'Object Repository/Inpatient Request/Page_Store/input'

2018-05-15 14:26:36 - [TEST_STEP][PASSED] - Statement - InpID = com.kms.katalon.core.webui.keyword.WebUiBuiltInKeywords.modifyObjectProperty(com.kms.katalon.core.testobject.ObjectRepository.findTestObject(Inpatient Request/Page_Store/input_1), "xpath", "equals", "//*[@id=" + RequestNo + "]", true): Modify property of object successfully

2018-05-15 14:26:36 - [MESSAGE][PASSED] - Modify property of object successfully

2018-05-15 14:26:36 - [TEST_STEP][PASSED] - click: Object: 'Object Repository/Inpatient Request/Page_Store/input_1' is clicked on

2018-05-15 14:26:37 - [MESSAGE][PASSED] - Object: 'Object Repository/Inpatient Request/Page_Store/input_1' is clicked on

2018-05-15 14:26:37 - [TEST_STEP][PASSED] - Statement - medicine = com.kms.katalon.core.webui.keyword.WebUiBuiltInKeywords.getNumberOfTotalOption(com.kms.katalon.core.testobject.ObjectRepository.findTestObject(Inpatient Request/Page_Store/select_--Select--Alcohol Rub i)): 18 options of object 'Object Repository/Inpatient Request/Page_Store/select_--Select--Alcohol Rub i' counted

2018-05-15 14:26:37 - [MESSAGE][PASSED] - 18 options of object 'Object Repository/Inpatient Request/Page_Store/select_--Select--Alcohol Rub i' counted

2018-05-15 14:26:37 - [TEST_STEP][PASSED] - Statement - For ([j = 1, j < medicine, (j++)]): null

2018-05-15 14:26:37 - [TEST_STEP][PASSED] - selectOptionByIndex: All options with index in [1] are selected on object 'Object Repository/Inpatient Request/Page_Store/select_--Select--Alcohol Rub i'

2018-05-15 14:26:38 - [MESSAGE][PASSED] - All options with index in [1] are selected on object 'Object Repository/Inpatient Request/Page_Store/select_--Select--Alcohol Rub i'

2018-05-15 14:26:38 - [TEST_STEP][PASSED] - delay: Delayed 2 second(s)

2018-05-15 14:26:40 - [MESSAGE][PASSED] - Delayed 2 second(s)

2018-05-15 14:26:40 - [TEST_STEP][PASSED] - Statement - RequestedQty = com.kms.katalon.core.webui.keyword.WebUiBuiltInKeywords.getAttribute(com.kms.katalon.core.testobject.ObjectRepository.findTestObject(Inpatient Request/Page_Store/input_txttotal), "value"): Attribute 'value' of object 'Object Repository/Inpatient Request/Page_Store/input_txttotal' is: '5'

2018-05-15 14:26:40 - [MESSAGE][PASSED] - Attribute 'value' of object 'Object Repository/Inpatient Request/Page_Store/input_txttotal' is: '5'

2018-05-15 14:26:40 - [TEST_STEP][PASSED] - Statement - out.println("RequestedQty IS : " + RequestedQty): null

2018-05-15 14:26:40 - [TEST_STEP][PASSED] - Statement - BatchNo = com.kms.katalon.core.webui.keyword.WebUiBuiltInKeywords.getNumberOfTotalOption(com.kms.katalon.core.testobject.ObjectRepository.findTestObject(Inpatient Request/Page_Store/select_--Select--BA2910)): 2 options of object 'Object Repository/Inpatient Request/Page_Store/select_--Select--BA2910' counted

2018-05-15 14:26:40 - [MESSAGE][PASSED] - 2 options of object 'Object Repository/Inpatient Request/Page_Store/select_--Select--BA2910' counted

2018-05-15 14:26:40 - [TEST_STEP][PASSED] - Statement - For ([k = 1, k < BatchNo, (k++)]): null

2018-05-15 14:26:40 - [TEST_STEP][PASSED] - selectOptionByIndex: All options with index in [1] are selected on object 'Object Repository/Inpatient Request/Page_Store/select_--Select--BA2910'

2018-05-15 14:26:40 - [MESSAGE][PASSED] - All options with index in [1] are selected on object 'Object Repository/Inpatient Request/Page_Store/select_--Select--BA2910'

2018-05-15 14:26:40 - [TEST_STEP][PASSED] - delay: Delayed 2 second(s)

2018-05-15 14:26:42 - [MESSAGE][PASSED] - Delayed 2 second(s)

2018-05-15 14:26:42 - [TEST_STEP][PASSED] - Statement - StockQty = com.kms.katalon.core.webui.keyword.WebUiBuiltInKeywords.getAttribute(com.kms.katalon.core.testobject.ObjectRepository.findTestObject(Inpatient Request/Page_Store/input_txtprice), "value"): Attribute 'value' of object 'Object Repository/Inpatient Request/Page_Store/input_txtprice' is: '945'

2018-05-15 14:26:42 - [MESSAGE][PASSED] - Attribute 'value' of object 'Object Repository/Inpatient Request/Page_Store/input_txtprice' is: '945'

2018-05-15 14:26:42 - [TEST_STEP][PASSED] - Statement - out.println("StockQty IS : " + StockQty): null

2018-05-15 14:26:42 - [TEST_STEP][PASSED] - Statement - If (java.lang.Integer.valueOf(StockQty) > java.lang.Integer.valueOf(RequestedQty)): null

2018-05-15 14:26:42 - [TEST_STEP][PASSED] - delay: Delayed 1 second(s)

2018-05-15 14:26:43 - [MESSAGE][PASSED] - Delayed 1 second(s)

2018-05-15 14:26:43 - [TEST_STEP][PASSED] - setText: Text '5' is set on object 'Object Repository/Inpatient Request/Page_Store/input_txtqty'

2018-05-15 14:26:43 - [MESSAGE][PASSED] - Text '5' is set on object 'Object Repository/Inpatient Request/Page_Store/input_txtqty'

2018-05-15 14:26:43 - [TEST_STEP][PASSED] - click: Object: 'Object Repository/Inpatient Request/Page_Store/button_Add' is clicked on

2018-05-15 14:26:43 - [MESSAGE][PASSED] - Object: 'Object Repository/Inpatient Request/Page_Store/button_Add' is clicked on

2018-05-15 14:26:43 - [TEST_STEP][PASSED] - Statement - Break: null

2018-05-15 14:26:43 - [TEST_STEP][PASSED] - selectOptionByIndex: All options with index in [2] are selected on object 'Object Repository/Inpatient Request/Page_Store/select_--Select--Alcohol Rub i'

2018-05-15 14:26:43 - [MESSAGE][PASSED] - All options with index in [2] are selected on object 'Object Repository/Inpatient Request/Page_Store/select_--Select--Alcohol Rub i'

2018-05-15 14:26:43 - [TEST_STEP][PASSED] - delay: Delayed 2 second(s)

2018-05-15 14:26:45 - [MESSAGE][PASSED] - Delayed 2 second(s)

2018-05-15 14:26:45 - [TEST_STEP][PASSED] - Statement - RequestedQty = com.kms.katalon.core.webui.keyword.WebUiBuiltInKeywords.getAttribute(com.kms.katalon.core.testobject.ObjectRepository.findTestObject(Inpatient Request/Page_Store/input_txttotal), "value"): Attribute 'value' of object 'Object Repository/Inpatient Request/Page_Store/input_txttotal' is: '5'

2018-05-15 14:26:45 - [MESSAGE][PASSED] - Attribute 'value' of object 'Object Repository/Inpatient Request/Page_Store/input_txttotal' is: '5'

2018-05-15 14:26:45 - [TEST_STEP][PASSED] - Statement - out.println("RequestedQty IS : " + RequestedQty): null

2018-05-15 14:26:45 - [TEST_STEP][PASSED] - Statement - BatchNo = com.kms.katalon.core.webui.keyword.WebUiBuiltInKeywords.getNumberOfTotalOption(com.kms.katalon.core.testobject.ObjectRepository.findTestObject(Inpatient Request/Page_Store/select_--Select--BA2910)): 2 options of object 'Object Repository/Inpatient Request/Page_Store/select_--Select--BA2910' counted

2018-05-15 14:26:45 - [MESSAGE][PASSED] - 2 options of object 'Object Repository/Inpatient Request/Page_Store/select_--Select--BA2910' counted

2018-05-15 14:26:45 - [TEST_STEP][PASSED] - Statement - For ([k = 1, k < BatchNo, (k++)]): null

2018-05-15 14:26:45 - [TEST_STEP][PASSED] - selectOptionByIndex: All options with index in [1] are selected on object 'Object Repository/Inpatient Request/Page_Store/select_--Select--BA2910'

2018-05-15 14:26:45 - [MESSAGE][PASSED] - All options with index in [1] are selected on object 'Object Repository/Inpatient Request/Page_Store/select_--Select--BA2910'

2018-05-15 14:26:45 - [TEST_STEP][PASSED] - delay: Delayed 2 second(s)

2018-05-15 14:26:47 - [MESSAGE][PASSED] - Delayed 2 second(s)

2018-05-15 14:26:47 - [TEST_STEP][PASSED] - Statement - StockQty = com.kms.katalon.core.webui.keyword.WebUiBuiltInKeywords.getAttribute(com.kms.katalon.core.testobject.ObjectRepository.findTestObject(Inpatient Request/Page_Store/input_txtprice), "value"): Attribute 'value' of object 'Object Repository/Inpatient Request/Page_Store/input_txtprice' is: '900'

2018-05-15 14:26:47 - [MESSAGE][PASSED] - Attribute 'value' of object 'Object Repository/Inpatient Request/Page_Store/input_txtprice' is: '900'

2018-05-15 14:26:47 - [TEST_STEP][PASSED] - Statement - out.println("StockQty IS : " + StockQty): null

2018-05-15 14:26:47 - [TEST_STEP][PASSED] - Statement - If (java.lang.Integer.valueOf(StockQty) > java.lang.Integer.valueOf(RequestedQty)): null

2018-05-15 14:26:47 - [TEST_STEP][PASSED] - delay: Delayed 1 second(s)

2018-05-15 14:26:48 - [MESSAGE][PASSED] - Delayed 1 second(s)

2018-05-15 14:26:48 - [TEST_STEP][PASSED] - setText: Text '5' is set on object 'Object Repository/Inpatient Request/Page_Store/input_txtqty'

2018-05-15 14:26:49 - [MESSAGE][PASSED] - Text '5' is set on object 'Object Repository/Inpatient Request/Page_Store/input_txtqty'

2018-05-15 14:26:49 - [TEST_STEP][PASSED] - click: Object: 'Object Repository/Inpatient Request/Page_Store/button_Add' is clicked on

2018-05-15 14:26:49 - [MESSAGE][PASSED] - Object: 'Object Repository/Inpatient Request/Page_Store/button_Add' is clicked on

2018-05-15 14:26:49 - [TEST_STEP][PASSED] - Statement - Break: null

2018-05-15 14:26:49 - [TEST_STEP][PASSED] - selectOptionByIndex: All options with index in [3] are selected on object 'Object Repository/Inpatient Request/Page_Store/select_--Select--Alcohol Rub i'

2018-05-15 14:26:49 - [MESSAGE][PASSED] - All options with index in [3] are selected on object 'Object Repository/Inpatient Request/Page_Store/select_--Select--Alcohol Rub i'

2018-05-15 14:26:49 - [TEST_STEP][PASSED] - delay: Delayed 2 second(s)

2018-05-15 14:26:51 - [MESSAGE][PASSED] - Delayed 2 second(s)

2018-05-15 14:26:51 - [TEST_STEP][PASSED] - Statement - RequestedQty = com.kms.katalon.core.webui.keyword.WebUiBuiltInKeywords.getAttribute(com.kms.katalon.core.testobject.ObjectRepository.findTestObject(Inpatient Request/Page_Store/input_txttotal), "value"): Attribute 'value' of object 'Object Repository/Inpatient Request/Page_Store/input_txttotal' is: '5'

2018-05-15 14:26:51 - [MESSAGE][PASSED] - Attribute 'value' of object 'Object Repository/Inpatient Request/Page_Store/input_txttotal' is: '5'

2018-05-15 14:26:51 - [TEST_STEP][PASSED] - Statement - out.println("RequestedQty IS : " + RequestedQty): null

2018-05-15 14:26:51 - [TEST_STEP][PASSED] - Statement - BatchNo = com.kms.katalon.core.webui.keyword.WebUiBuiltInKeywords.getNumberOfTotalOption(com.kms.katalon.core.testobject.ObjectRepository.findTestObject(Inpatient Request/Page_Store/select_--Select--BA2910)): 2 options of object 'Object Repository/Inpatient Request/Page_Store/select_--Select--BA2910' counted

2018-05-15 14:26:51 - [MESSAGE][PASSED] - 2 options of object 'Object Repository/Inpatient Request/Page_Store/select_--Select--BA2910' counted

2018-05-15 14:26:51 - [TEST_STEP][PASSED] - Statement - For ([k = 1, k < BatchNo, (k++)]): null

2018-05-15 14:26:51 - [TEST_STEP][PASSED] - selectOptionByIndex: All options with index in [1] are selected on object 'Object Repository/Inpatient Request/Page_Store/select_--Select--BA2910'

2018-05-15 14:26:51 - [MESSAGE][PASSED] - All options with index in [1] are selected on object 'Object Repository/Inpatient Request/Page_Store/select_--Select--BA2910'

2018-05-15 14:26:51 - [TEST_STEP][PASSED] - delay: Delayed 2 second(s)

2018-05-15 14:26:53 - [MESSAGE][PASSED] - Delayed 2 second(s)

2018-05-15 14:26:53 - [TEST_STEP][PASSED] - Statement - StockQty = com.kms.katalon.core.webui.keyword.WebUiBuiltInKeywords.getAttribute(com.kms.katalon.core.testobject.ObjectRepository.findTestObject(Inpatient Request/Page_Store/input_txtprice), "value"): Attribute 'value' of object 'Object Repository/Inpatient Request/Page_Store/input_txtprice' is: '945'

2018-05-15 14:26:53 - [MESSAGE][PASSED] - Attribute 'value' of object 'Object Repository/Inpatient Request/Page_Store/input_txtprice' is: '945'

2018-05-15 14:26:53 - [TEST_STEP][PASSED] - Statement - out.println("StockQty IS : " + StockQty): null

2018-05-15 14:26:53 - [TEST_STEP][PASSED] - Statement - If (java.lang.Integer.valueOf(StockQty) > java.lang.Integer.valueOf(RequestedQty)): null

2018-05-15 14:26:53 - [TEST_STEP][PASSED] - delay: Delayed 1 second(s)

2018-05-15 14:26:54 - [MESSAGE][PASSED] - Delayed 1 second(s)

2018-05-15 14:26:54 - [TEST_STEP][PASSED] - setText: Text '5' is set on object 'Object Repository/Inpatient Request/Page_Store/input_txtqty'

2018-05-15 14:26:54 - [MESSAGE][PASSED] - Text '5' is set on object 'Object Repository/Inpatient Request/Page_Store/input_txtqty'

2018-05-15 14:26:54 - [TEST_STEP][PASSED] - click: Object: 'Object Repository/Inpatient Request/Page_Store/button_Add' is clicked on

2018-05-15 14:26:54 - [MESSAGE][PASSED] - Object: 'Object Repository/Inpatient Request/Page_Store/button_Add' is clicked on

2018-05-15 14:26:54 - [TEST_STEP][PASSED] - Statement - Break: null

2018-05-15 14:26:54 - [TEST_STEP][PASSED] - selectOptionByIndex: All options with index in [4] are selected on object 'Object Repository/Inpatient Request/Page_Store/select_--Select--Alcohol Rub i'

2018-05-15 14:26:54 - [MESSAGE][PASSED] - All options with index in [4] are selected on object 'Object Repository/Inpatient Request/Page_Store/select_--Select--Alcohol Rub i'

2018-05-15 14:26:54 - [TEST_STEP][PASSED] - delay: Delayed 2 second(s)

2018-05-15 14:26:56 - [MESSAGE][PASSED] - Delayed 2 second(s)

2018-05-15 14:26:56 - [TEST_STEP][PASSED] - Statement - RequestedQty = com.kms.katalon.core.webui.keyword.WebUiBuiltInKeywords.getAttribute(com.kms.katalon.core.testobject.ObjectRepository.findTestObject(Inpatient Request/Page_Store/input_txttotal), "value"): Attribute 'value' of object 'Object Repository/Inpatient Request/Page_Store/input_txttotal' is: '5'

2018-05-15 14:26:56 - [MESSAGE][PASSED] - Attribute 'value' of object 'Object Repository/Inpatient Request/Page_Store/input_txttotal' is: '5'

2018-05-15 14:26:56 - [TEST_STEP][PASSED] - Statement - out.println("RequestedQty IS : " + RequestedQty): null

2018-05-15 14:26:56 - [TEST_STEP][PASSED] - Statement - BatchNo = com.kms.katalon.core.webui.keyword.WebUiBuiltInKeywords.getNumberOfTotalOption(com.kms.katalon.core.testobject.ObjectRepository.findTestObject(Inpatient Request/Page_Store/select_--Select--BA2910)): 2 options of object 'Object Repository/Inpatient Request/Page_Store/select_--Select--BA2910' counted

2018-05-15 14:26:56 - [MESSAGE][PASSED] - 2 options of object 'Object Repository/Inpatient Request/Page_Store/select_--Select--BA2910' counted

2018-05-15 14:26:56 - [TEST_STEP][PASSED] - Statement - For ([k = 1, k < BatchNo, (k++)]): null

2018-05-15 14:26:56 - [TEST_STEP][PASSED] - selectOptionByIndex: All options with index in [1] are selected on object 'Object Repository/Inpatient Request/Page_Store/select_--Select--BA2910'

2018-05-15 14:26:57 - [MESSAGE][PASSED] - All options with index in [1] are selected on object 'Object Repository/Inpatient Request/Page_Store/select_--Select--BA2910'

2018-05-15 14:26:57 - [TEST_STEP][PASSED] - delay: Delayed 2 second(s)

2018-05-15 14:26:59 - [MESSAGE][PASSED] - Delayed 2 second(s)

2018-05-15 14:26:59 - [TEST_STEP][PASSED] - Statement - StockQty = com.kms.katalon.core.webui.keyword.WebUiBuiltInKeywords.getAttribute(com.kms.katalon.core.testobject.ObjectRepository.findTestObject(Inpatient Request/Page_Store/input_txtprice), "value"): Attribute 'value' of object 'Object Repository/Inpatient Request/Page_Store/input_txtprice' is: '945'

2018-05-15 14:26:59 - [MESSAGE][PASSED] - Attribute 'value' of object 'Object Repository/Inpatient Request/Page_Store/input_txtprice' is: '945'

2018-05-15 14:26:59 - [TEST_STEP][PASSED] - Statement - out.println("StockQty IS : " + StockQty): null

2018-05-15 14:26:59 - [TEST_STEP][PASSED] - Statement - If (java.lang.Integer.valueOf(StockQty) > java.lang.Integer.valueOf(RequestedQty)): null

2018-05-15 14:26:59 - [TEST_STEP][PASSED] - delay: Delayed 1 second(s)

2018-05-15 14:27:00 - [MESSAGE][PASSED] - Delayed 1 second(s)

2018-05-15 14:27:00 - [TEST_STEP][PASSED] - setText: Text '5' is set on object 'Object Repository/Inpatient Request/Page_Store/input_txtqty'

2018-05-15 14:27:00 - [MESSAGE][PASSED] - Text '5' is set on object 'Object Repository/Inpatient Request/Page_Store/input_txtqty'

2018-05-15 14:27:00 - [TEST_STEP][PASSED] - click: Object: 'Object Repository/Inpatient Request/Page_Store/button_Add' is clicked on

2018-05-15 14:27:00 - [MESSAGE][PASSED] - Object: 'Object Repository/Inpatient Request/Page_Store/button_Add' is clicked on

2018-05-15 14:27:00 - [TEST_STEP][PASSED] - Statement - Break: null

2018-05-15 14:27:00 - [TEST_STEP][PASSED] - selectOptionByIndex: All options with index in [5] are selected on object 'Object Repository/Inpatient Request/Page_Store/select_--Select--Alcohol Rub i'

2018-05-15 14:27:00 - [MESSAGE][PASSED] - All options with index in [5] are selected on object 'Object Repository/Inpatient Request/Page_Store/select_--Select--Alcohol Rub i'

2018-05-15 14:27:00 - [TEST_STEP][PASSED] - delay: Delayed 2 second(s)

2018-05-15 14:27:02 - [MESSAGE][PASSED] - Delayed 2 second(s)

2018-05-15 14:27:02 - [TEST_STEP][PASSED] - Statement - RequestedQty = com.kms.katalon.core.webui.keyword.WebUiBuiltInKeywords.getAttribute(com.kms.katalon.core.testobject.ObjectRepository.findTestObject(Inpatient Request/Page_Store/input_txttotal), "value"): Attribute 'value' of object 'Object Repository/Inpatient Request/Page_Store/input_txttotal' is: '5'

2018-05-15 14:27:02 - [MESSAGE][PASSED] - Attribute 'value' of object 'Object Repository/Inpatient Request/Page_Store/input_txttotal' is: '5'

2018-05-15 14:27:02 - [TEST_STEP][PASSED] - Statement - out.println("RequestedQty IS : " + RequestedQty): null

2018-05-15 14:27:02 - [TEST_STEP][PASSED] - Statement - BatchNo = com.kms.katalon.core.webui.keyword.WebUiBuiltInKeywords.getNumberOfTotalOption(com.kms.katalon.core.testobject.ObjectRepository.findTestObject(Inpatient Request/Page_Store/select_--Select--BA2910)): 2 options of object 'Object Repository/Inpatient Request/Page_Store/select_--Select--BA2910' counted

2018-05-15 14:27:02 - [MESSAGE][PASSED] - 2 options of object 'Object Repository/Inpatient Request/Page_Store/select_--Select--BA2910' counted

2018-05-15 14:27:02 - [TEST_STEP][PASSED] - Statement - For ([k = 1, k < BatchNo, (k++)]): null

2018-05-15 14:27:02 - [TEST_STEP][PASSED] - selectOptionByIndex: All options with index in [1] are selected on object 'Object Repository/Inpatient Request/Page_Store/select_--Select--BA2910'

2018-05-15 14:27:02 - [MESSAGE][PASSED] - All options with index in [1] are selected on object 'Object Repository/Inpatient Request/Page_Store/select_--Select--BA2910'

2018-05-15 14:27:02 - [TEST_STEP][PASSED] - delay: Delayed 2 second(s)

2018-05-15 14:27:04 - [MESSAGE][PASSED] - Delayed 2 second(s)

2018-05-15 14:27:04 - [TEST_STEP][PASSED] - Statement - StockQty = com.kms.katalon.core.webui.keyword.WebUiBuiltInKeywords.getAttribute(com.kms.katalon.core.testobject.ObjectRepository.findTestObject(Inpatient Request/Page_Store/input_txtprice), "value"): Attribute 'value' of object 'Object Repository/Inpatient Request/Page_Store/input_txtprice' is: '945'

2018-05-15 14:27:04 - [MESSAGE][PASSED] - Attribute 'value' of object 'Object Repository/Inpatient Request/Page_Store/input_txtprice' is: '945'

2018-05-15 14:27:04 - [TEST_STEP][PASSED] - Statement - out.println("StockQty IS : " + StockQty): null

2018-05-15 14:27:04 - [TEST_STEP][PASSED] - Statement - If (java.lang.Integer.valueOf(StockQty) > java.lang.Integer.valueOf(RequestedQty)): null

2018-05-15 14:27:04 - [TEST_STEP][PASSED] - delay: Delayed 1 second(s)

2018-05-15 14:27:05 - [MESSAGE][PASSED] - Delayed 1 second(s)

2018-05-15 14:27:05 - [TEST_STEP][PASSED] - setText: Text '5' is set on object 'Object Repository/Inpatient Request/Page_Store/input_txtqty'

2018-05-15 14:27:05 - [MESSAGE][PASSED] - Text '5' is set on object 'Object Repository/Inpatient Request/Page_Store/input_txtqty'

2018-05-15 14:27:05 - [TEST_STEP][PASSED] - click: Object: 'Object Repository/Inpatient Request/Page_Store/button_Add' is clicked on

2018-05-15 14:27:05 - [MESSAGE][PASSED] - Object: 'Object Repository/Inpatient Request/Page_Store/button_Add' is clicked on

2018-05-15 14:27:05 - [TEST_STEP][PASSED] - Statement - Break: null

2018-05-15 14:27:05 - [TEST_STEP][PASSED] - selectOptionByIndex: All options with index in [6] are selected on object 'Object Repository/Inpatient Request/Page_Store/select_--Select--Alcohol Rub i'

2018-05-15 14:27:06 - [MESSAGE][PASSED] - All options with index in [6] are selected on object 'Object Repository/Inpatient Request/Page_Store/select_--Select--Alcohol Rub i'

2018-05-15 14:27:06 - [TEST_STEP][PASSED] - delay: Delayed 2 second(s)

2018-05-15 14:27:08 - [MESSAGE][PASSED] - Delayed 2 second(s)

2018-05-15 14:27:08 - [TEST_STEP][PASSED] - Statement - RequestedQty = com.kms.katalon.core.webui.keyword.WebUiBuiltInKeywords.getAttribute(com.kms.katalon.core.testobject.ObjectRepository.findTestObject(Inpatient Request/Page_Store/input_txttotal), "value"): Attribute 'value' of object 'Object Repository/Inpatient Request/Page_Store/input_txttotal' is: '5'

2018-05-15 14:27:08 - [MESSAGE][PASSED] - Attribute 'value' of object 'Object Repository/Inpatient Request/Page_Store/input_txttotal' is: '5'

2018-05-15 14:27:08 - [TEST_STEP][PASSED] - Statement - out.println("RequestedQty IS : " + RequestedQty): null

2018-05-15 14:27:08 - [TEST_STEP][PASSED] - Statement - BatchNo = com.kms.katalon.core.webui.keyword.WebUiBuiltInKeywords.getNumberOfTotalOption(com.kms.katalon.core.testobject.ObjectRepository.findTestObject(Inpatient Request/Page_Store/select_--Select--BA2910)): 2 options of object 'Object Repository/Inpatient Request/Page_Store/select_--Select--BA2910' counted

2018-05-15 14:27:08 - [MESSAGE][PASSED] - 2 options of object 'Object Repository/Inpatient Request/Page_Store/select_--Select--BA2910' counted

2018-05-15 14:27:08 - [TEST_STEP][PASSED] - Statement - For ([k = 1, k < BatchNo, (k++)]): null

2018-05-15 14:27:08 - [TEST_STEP][PASSED] - selectOptionByIndex: All options with index in [1] are selected on object 'Object Repository/Inpatient Request/Page_Store/select_--Select--BA2910'

2018-05-15 14:27:08 - [MESSAGE][PASSED] - All options with index in [1] are selected on object 'Object Repository/Inpatient Request/Page_Store/select_--Select--BA2910'

2018-05-15 14:27:08 - [TEST_STEP][PASSED] - delay: Delayed 2 second(s)

2018-05-15 14:27:10 - [MESSAGE][PASSED] - Delayed 2 second(s)

2018-05-15 14:27:10 - [TEST_STEP][PASSED] - Statement - StockQty = com.kms.katalon.core.webui.keyword.WebUiBuiltInKeywords.getAttribute(com.kms.katalon.core.testobject.ObjectRepository.findTestObject(Inpatient Request/Page_Store/input_txtprice), "value"): Attribute 'value' of object 'Object Repository/Inpatient Request/Page_Store/input_txtprice' is: '945'

2018-05-15 14:27:10 - [MESSAGE][PASSED] - Attribute 'value' of object 'Object Repository/Inpatient Request/Page_Store/input_txtprice' is: '945'

2018-05-15 14:27:10 - [TEST_STEP][PASSED] - Statement - out.println("StockQty IS : " + StockQty): null

2018-05-15 14:27:10 - [TEST_STEP][PASSED] - Statement - If (java.lang.Integer.valueOf(StockQty) > java.lang.Integer.valueOf(RequestedQty)): null

2018-05-15 14:27:10 - [TEST_STEP][PASSED] - delay: Delayed 1 second(s)

2018-05-15 14:27:11 - [MESSAGE][PASSED] - Delayed 1 second(s)

2018-05-15 14:27:11 - [TEST_STEP][PASSED] - setText: Text '5' is set on object 'Object Repository/Inpatient Request/Page_Store/input_txtqty'

2018-05-15 14:27:11 - [MESSAGE][PASSED] - Text '5' is set on object 'Object Repository/Inpatient Request/Page_Store/input_txtqty'

2018-05-15 14:27:11 - [TEST_STEP][PASSED] - click: Object: 'Object Repository/Inpatient Request/Page_Store/button_Add' is clicked on

2018-05-15 14:27:11 - [MESSAGE][PASSED] - Object: 'Object Repository/Inpatient Request/Page_Store/button_Add' is clicked on

2018-05-15 14:27:11 - [TEST_STEP][PASSED] - Statement - Break: null

2018-05-15 14:27:11 - [TEST_STEP][PASSED] - selectOptionByIndex: All options with index in [7] are selected on object 'Object Repository/Inpatient Request/Page_Store/select_--Select--Alcohol Rub i'

2018-05-15 14:27:11 - [MESSAGE][PASSED] - All options with index in [7] are selected on object 'Object Repository/Inpatient Request/Page_Store/select_--Select--Alcohol Rub i'

2018-05-15 14:27:11 - [TEST_STEP][PASSED] - delay: Delayed 2 second(s)

2018-05-15 14:27:13 - [MESSAGE][PASSED] - Delayed 2 second(s)

2018-05-15 14:27:13 - [TEST_STEP][PASSED] - Statement - RequestedQty = com.kms.katalon.core.webui.keyword.WebUiBuiltInKeywords.getAttribute(com.kms.katalon.core.testobject.ObjectRepository.findTestObject(Inpatient Request/Page_Store/input_txttotal), "value"): Attribute 'value' of object 'Object Repository/Inpatient Request/Page_Store/input_txttotal' is: '5'

2018-05-15 14:27:13 - [MESSAGE][PASSED] - Attribute 'value' of object 'Object Repository/Inpatient Request/Page_Store/input_txttotal' is: '5'

2018-05-15 14:27:13 - [TEST_STEP][PASSED] - Statement - out.println("RequestedQty IS : " + RequestedQty): null

2018-05-15 14:27:13 - [TEST_STEP][PASSED] - Statement - BatchNo = com.kms.katalon.core.webui.keyword.WebUiBuiltInKeywords.getNumberOfTotalOption(com.kms.katalon.core.testobject.ObjectRepository.findTestObject(Inpatient Request/Page_Store/select_--Select--BA2910)): 2 options of object 'Object Repository/Inpatient Request/Page_Store/select_--Select--BA2910' counted

2018-05-15 14:27:13 - [MESSAGE][PASSED] - 2 options of object 'Object Repository/Inpatient Request/Page_Store/select_--Select--BA2910' counted

2018-05-15 14:27:13 - [TEST_STEP][PASSED] - Statement - For ([k = 1, k < BatchNo, (k++)]): null

2018-05-15 14:27:13 - [TEST_STEP][PASSED] - selectOptionByIndex: All options with index in [1] are selected on object 'Object Repository/Inpatient Request/Page_Store/select_--Select--BA2910'

2018-05-15 14:27:13 - [MESSAGE][PASSED] - All options with index in [1] are selected on object 'Object Repository/Inpatient Request/Page_Store/select_--Select--BA2910'

2018-05-15 14:27:13 - [TEST_STEP][PASSED] - delay: Delayed 2 second(s)

2018-05-15 14:27:15 - [MESSAGE][PASSED] - Delayed 2 second(s)

2018-05-15 14:27:15 - [TEST_STEP][PASSED] - Statement - StockQty = com.kms.katalon.core.webui.keyword.WebUiBuiltInKeywords.getAttribute(com.kms.katalon.core.testobject.ObjectRepository.findTestObject(Inpatient Request/Page_Store/input_txtprice), "value"): Attribute 'value' of object 'Object Repository/Inpatient Request/Page_Store/input_txtprice' is: '945'

2018-05-15 14:27:15 - [MESSAGE][PASSED] - Attribute 'value' of object 'Object Repository/Inpatient Request/Page_Store/input_txtprice' is: '945'

2018-05-15 14:27:15 - [TEST_STEP][PASSED] - Statement - out.println("StockQty IS : " + StockQty): null

2018-05-15 14:27:15 - [TEST_STEP][PASSED] - Statement - If (java.lang.Integer.valueOf(StockQty) > java.lang.Integer.valueOf(RequestedQty)): null

2018-05-15 14:27:15 - [TEST_STEP][PASSED] - delay: Delayed 1 second(s)

2018-05-15 14:27:16 - [MESSAGE][PASSED] - Delayed 1 second(s)

2018-05-15 14:27:16 - [TEST_STEP][PASSED] - setText: Text '5' is set on object 'Object Repository/Inpatient Request/Page_Store/input_txtqty'

2018-05-15 14:27:17 - [MESSAGE][PASSED] - Text '5' is set on object 'Object Repository/Inpatient Request/Page_Store/input_txtqty'

2018-05-15 14:27:17 - [TEST_STEP][PASSED] - click: Object: 'Object Repository/Inpatient Request/Page_Store/button_Add' is clicked on

2018-05-15 14:27:17 - [MESSAGE][PASSED] - Object: 'Object Repository/Inpatient Request/Page_Store/button_Add' is clicked on

2018-05-15 14:27:17 - [TEST_STEP][PASSED] - Statement - Break: null

2018-05-15 14:27:17 - [TEST_STEP][PASSED] - selectOptionByIndex: All options with index in [8] are selected on object 'Object Repository/Inpatient Request/Page_Store/select_--Select--Alcohol Rub i'

2018-05-15 14:27:17 - [MESSAGE][PASSED] - All options with index in [8] are selected on object 'Object Repository/Inpatient Request/Page_Store/select_--Select--Alcohol Rub i'

2018-05-15 14:27:17 - [TEST_STEP][PASSED] - delay: Delayed 2 second(s)

2018-05-15 14:27:19 - [MESSAGE][PASSED] - Delayed 2 second(s)

2018-05-15 14:27:19 - [TEST_STEP][PASSED] - Statement - RequestedQty = com.kms.katalon.core.webui.keyword.WebUiBuiltInKeywords.getAttribute(com.kms.katalon.core.testobject.ObjectRepository.findTestObject(Inpatient Request/Page_Store/input_txttotal), "value"): Attribute 'value' of object 'Object Repository/Inpatient Request/Page_Store/input_txttotal' is: '5'

2018-05-15 14:27:19 - [MESSAGE][PASSED] - Attribute 'value' of object 'Object Repository/Inpatient Request/Page_Store/input_txttotal' is: '5'

2018-05-15 14:27:19 - [TEST_STEP][PASSED] - Statement - out.println("RequestedQty IS : " + RequestedQty): null

2018-05-15 14:27:19 - [TEST_STEP][PASSED] - Statement - BatchNo = com.kms.katalon.core.webui.keyword.WebUiBuiltInKeywords.getNumberOfTotalOption(com.kms.katalon.core.testobject.ObjectRepository.findTestObject(Inpatient Request/Page_Store/select_--Select--BA2910)): 2 options of object 'Object Repository/Inpatient Request/Page_Store/select_--Select--BA2910' counted

2018-05-15 14:27:19 - [MESSAGE][PASSED] - 2 options of object 'Object Repository/Inpatient Request/Page_Store/select_--Select--BA2910' counted

2018-05-15 14:27:19 - [TEST_STEP][PASSED] - Statement - For ([k = 1, k < BatchNo, (k++)]): null

2018-05-15 14:27:19 - [TEST_STEP][PASSED] - selectOptionByIndex: All options with index in [1] are selected on object 'Object Repository/Inpatient Request/Page_Store/select_--Select--BA2910'

2018-05-15 14:27:19 - [MESSAGE][PASSED] - All options with index in [1] are selected on object 'Object Repository/Inpatient Request/Page_Store/select_--Select--BA2910'

2018-05-15 14:27:19 - [TEST_STEP][PASSED] - delay: Delayed 2 second(s)

2018-05-15 14:27:21 - [MESSAGE][PASSED] - Delayed 2 second(s)

2018-05-15 14:27:21 - [TEST_STEP][PASSED] - Statement - StockQty = com.kms.katalon.core.webui.keyword.WebUiBuiltInKeywords.getAttribute(com.kms.katalon.core.testobject.ObjectRepository.findTestObject(Inpatient Request/Page_Store/input_txtprice), "value"): Attribute 'value' of object 'Object Repository/Inpatient Request/Page_Store/input_txtprice' is: '945'

2018-05-15 14:27:21 - [MESSAGE][PASSED] - Attribute 'value' of object 'Object Repository/Inpatient Request/Page_Store/input_txtprice' is: '945'

2018-05-15 14:27:21 - [TEST_STEP][PASSED] - Statement - out.println("StockQty IS : " + StockQty): null

2018-05-15 14:27:21 - [TEST_STEP][PASSED] - Statement - If (java.lang.Integer.valueOf(StockQty) > java.lang.Integer.valueOf(RequestedQty)): null

2018-05-15 14:27:21 - [TEST_STEP][PASSED] - delay: Delayed 1 second(s)

2018-05-15 14:27:22 - [MESSAGE][PASSED] - Delayed 1 second(s)

2018-05-15 14:27:22 - [TEST_STEP][PASSED] - setText: Text '5' is set on object 'Object Repository/Inpatient Request/Page_Store/input_txtqty'

2018-05-15 14:27:22 - [MESSAGE][PASSED] - Text '5' is set on object 'Object Repository/Inpatient Request/Page_Store/input_txtqty'

2018-05-15 14:27:22 - [TEST_STEP][PASSED] - click: Object: 'Object Repository/Inpatient Request/Page_Store/button_Add' is clicked on

2018-05-15 14:27:22 - [MESSAGE][PASSED] - Object: 'Object Repository/Inpatient Request/Page_Store/button_Add' is clicked on

2018-05-15 14:27:22 - [TEST_STEP][PASSED] - Statement - Break: null

2018-05-15 14:27:22 - [TEST_STEP][PASSED] - selectOptionByIndex: All options with index in [9] are selected on object 'Object Repository/Inpatient Request/Page_Store/select_--Select--Alcohol Rub i'

2018-05-15 14:27:22 - [MESSAGE][PASSED] - All options with index in [9] are selected on object 'Object Repository/Inpatient Request/Page_Store/select_--Select--Alcohol Rub i'

2018-05-15 14:27:22 - [TEST_STEP][PASSED] - delay: Delayed 2 second(s)

2018-05-15 14:27:24 - [MESSAGE][PASSED] - Delayed 2 second(s)

2018-05-15 14:27:24 - [TEST_STEP][PASSED] - Statement - RequestedQty = com.kms.katalon.core.webui.keyword.WebUiBuiltInKeywords.getAttribute(com.kms.katalon.core.testobject.ObjectRepository.findTestObject(Inpatient Request/Page_Store/input_txttotal), "value"): Attribute 'value' of object 'Object Repository/Inpatient Request/Page_Store/input_txttotal' is: '5'

2018-05-15 14:27:24 - [MESSAGE][PASSED] - Attribute 'value' of object 'Object Repository/Inpatient Request/Page_Store/input_txttotal' is: '5'

2018-05-15 14:27:24 - [TEST_STEP][PASSED] - Statement - out.println("RequestedQty IS : " + RequestedQty): null

2018-05-15 14:27:24 - [TEST_STEP][PASSED] - Statement - BatchNo = com.kms.katalon.core.webui.keyword.WebUiBuiltInKeywords.getNumberOfTotalOption(com.kms.katalon.core.testobject.ObjectRepository.findTestObject(Inpatient Request/Page_Store/select_--Select--BA2910)): 2 options of object 'Object Repository/Inpatient Request/Page_Store/select_--Select--BA2910' counted

2018-05-15 14:27:25 - [MESSAGE][PASSED] - 2 options of object 'Object Repository/Inpatient Request/Page_Store/select_--Select--BA2910' counted

2018-05-15 14:27:25 - [TEST_STEP][PASSED] - Statement - For ([k = 1, k < BatchNo, (k++)]): null

2018-05-15 14:27:25 - [TEST_STEP][PASSED] - selectOptionByIndex: All options with index in [1] are selected on object 'Object Repository/Inpatient Request/Page_Store/select_--Select--BA2910'

2018-05-15 14:27:25 - [MESSAGE][PASSED] - All options with index in [1] are selected on object 'Object Repository/Inpatient Request/Page_Store/select_--Select--BA2910'

2018-05-15 14:27:25 - [TEST_STEP][PASSED] - delay: Delayed 2 second(s)

2018-05-15 14:27:27 - [MESSAGE][PASSED] - Delayed 2 second(s)

2018-05-15 14:27:27 - [TEST_STEP][PASSED] - Statement - StockQty = com.kms.katalon.core.webui.keyword.WebUiBuiltInKeywords.getAttribute(com.kms.katalon.core.testobject.ObjectRepository.findTestObject(Inpatient Request/Page_Store/input_txtprice), "value"): Attribute 'value' of object 'Object Repository/Inpatient Request/Page_Store/input_txtprice' is: '945'

2018-05-15 14:27:27 - [MESSAGE][PASSED] - Attribute 'value' of object 'Object Repository/Inpatient Request/Page_Store/input_txtprice' is: '945'

2018-05-15 14:27:27 - [TEST_STEP][PASSED] - Statement - out.println("StockQty IS : " + StockQty): null

2018-05-15 14:27:27 - [TEST_STEP][PASSED] - Statement - If (java.lang.Integer.valueOf(StockQty) > java.lang.Integer.valueOf(RequestedQty)): null

2018-05-15 14:27:27 - [TEST_STEP][PASSED] - delay: Delayed 1 second(s)

2018-05-15 14:27:28 - [MESSAGE][PASSED] - Delayed 1 second(s)

2018-05-15 14:27:28 - [TEST_STEP][PASSED] - setText: Text '5' is set on object 'Object Repository/Inpatient Request/Page_Store/input_txtqty'

2018-05-15 14:27:28 - [MESSAGE][PASSED] - Text '5' is set on object 'Object Repository/Inpatient Request/Page_Store/input_txtqty'

2018-05-15 14:27:28 - [TEST_STEP][PASSED] - click: Object: 'Object Repository/Inpatient Request/Page_Store/button_Add' is clicked on

2018-05-15 14:27:28 - [MESSAGE][PASSED] - Object: 'Object Repository/Inpatient Request/Page_Store/button_Add' is clicked on

2018-05-15 14:27:28 - [TEST_STEP][PASSED] - Statement - Break: null

2018-05-15 14:27:28 - [TEST_STEP][PASSED] - selectOptionByIndex: All options with index in [10] are selected on object 'Object Repository/Inpatient Request/Page_Store/select_--Select--Alcohol Rub i'

2018-05-15 14:27:28 - [MESSAGE][PASSED] - All options with index in [10] are selected on object 'Object Repository/Inpatient Request/Page_Store/select_--Select--Alcohol Rub i'

2018-05-15 14:27:28 - [TEST_STEP][PASSED] - delay: Delayed 2 second(s)

2018-05-15 14:27:30 - [MESSAGE][PASSED] - Delayed 2 second(s)

2018-05-15 14:27:30 - [TEST_STEP][PASSED] - Statement - RequestedQty = com.kms.katalon.core.webui.keyword.WebUiBuiltInKeywords.getAttribute(com.kms.katalon.core.testobject.ObjectRepository.findTestObject(Inpatient Request/Page_Store/input_txttotal), "value"): Attribute 'value' of object 'Object Repository/Inpatient Request/Page_Store/input_txttotal' is: '5'

2018-05-15 14:27:30 - [MESSAGE][PASSED] - Attribute 'value' of object 'Object Repository/Inpatient Request/Page_Store/input_txttotal' is: '5'

2018-05-15 14:27:30 - [TEST_STEP][PASSED] - Statement - out.println("RequestedQty IS : " + RequestedQty): null

2018-05-15 14:27:30 - [TEST_STEP][PASSED] - Statement - BatchNo = com.kms.katalon.core.webui.keyword.WebUiBuiltInKeywords.getNumberOfTotalOption(com.kms.katalon.core.testobject.ObjectRepository.findTestObject(Inpatient Request/Page_Store/select_--Select--BA2910)): 2 options of object 'Object Repository/Inpatient Request/Page_Store/select_--Select--BA2910' counted

2018-05-15 14:27:30 - [MESSAGE][PASSED] - 2 options of object 'Object Repository/Inpatient Request/Page_Store/select_--Select--BA2910' counted

2018-05-15 14:27:30 - [TEST_STEP][PASSED] - Statement - For ([k = 1, k < BatchNo, (k++)]): null

2018-05-15 14:27:30 - [TEST_STEP][PASSED] - selectOptionByIndex: All options with index in [1] are selected on object 'Object Repository/Inpatient Request/Page_Store/select_--Select--BA2910'

2018-05-15 14:27:30 - [MESSAGE][PASSED] - All options with index in [1] are selected on object 'Object Repository/Inpatient Request/Page_Store/select_--Select--BA2910'

2018-05-15 14:27:30 - [TEST_STEP][PASSED] - delay: Delayed 2 second(s)

2018-05-15 14:27:32 - [MESSAGE][PASSED] - Delayed 2 second(s)

2018-05-15 14:27:32 - [TEST_STEP][PASSED] - Statement - StockQty = com.kms.katalon.core.webui.keyword.WebUiBuiltInKeywords.getAttribute(com.kms.katalon.core.testobject.ObjectRepository.findTestObject(Inpatient Request/Page_Store/input_txtprice), "value"): Attribute 'value' of object 'Object Repository/Inpatient Request/Page_Store/input_txtprice' is: '945'

2018-05-15 14:27:32 - [MESSAGE][PASSED] - Attribute 'value' of object 'Object Repository/Inpatient Request/Page_Store/input_txtprice' is: '945'

2018-05-15 14:27:32 - [TEST_STEP][PASSED] - Statement - out.println("StockQty IS : " + StockQty): null

2018-05-15 14:27:32 - [TEST_STEP][PASSED] - Statement - If (java.lang.Integer.valueOf(StockQty) > java.lang.Integer.valueOf(RequestedQty)): null

2018-05-15 14:27:32 - [TEST_STEP][PASSED] - delay: Delayed 1 second(s)

2018-05-15 14:27:33 - [MESSAGE][PASSED] - Delayed 1 second(s)

2018-05-15 14:27:33 - [TEST_STEP][PASSED] - setText: Text '5' is set on object 'Object Repository/Inpatient Request/Page_Store/input_txtqty'

2018-05-15 14:27:33 - [MESSAGE][PASSED] - Text '5' is set on object 'Object Repository/Inpatient Request/Page_Store/input_txtqty'

2018-05-15 14:27:33 - [TEST_STEP][PASSED] - click: Object: 'Object Repository/Inpatient Request/Page_Store/button_Add' is clicked on

2018-05-15 14:27:34 - [MESSAGE][PASSED] - Object: 'Object Repository/Inpatient Request/Page_Store/button_Add' is clicked on

2018-05-15 14:27:34 - [TEST_STEP][PASSED] - Statement - Break: null

2018-05-15 14:27:34 - [TEST_STEP][PASSED] - selectOptionByIndex: All options with index in [11] are selected on object 'Object Repository/Inpatient Request/Page_Store/select_--Select--Alcohol Rub i'

2018-05-15 14:27:34 - [MESSAGE][PASSED] - All options with index in [11] are selected on object 'Object Repository/Inpatient Request/Page_Store/select_--Select--Alcohol Rub i'

2018-05-15 14:27:34 - [TEST_STEP][PASSED] - delay: Delayed 2 second(s)

2018-05-15 14:27:36 - [MESSAGE][PASSED] - Delayed 2 second(s)

2018-05-15 14:27:36 - [TEST_STEP][PASSED] - Statement - RequestedQty = com.kms.katalon.core.webui.keyword.WebUiBuiltInKeywords.getAttribute(com.kms.katalon.core.testobject.ObjectRepository.findTestObject(Inpatient Request/Page_Store/input_txttotal), "value"): Attribute 'value' of object 'Object Repository/Inpatient Request/Page_Store/input_txttotal' is: '5'

2018-05-15 14:27:36 - [MESSAGE][PASSED] - Attribute 'value' of object 'Object Repository/Inpatient Request/Page_Store/input_txttotal' is: '5'

2018-05-15 14:27:36 - [TEST_STEP][PASSED] - Statement - out.println("RequestedQty IS : " + RequestedQty): null

2018-05-15 14:27:36 - [TEST_STEP][PASSED] - Statement - BatchNo = com.kms.katalon.core.webui.keyword.WebUiBuiltInKeywords.getNumberOfTotalOption(com.kms.katalon.core.testobject.ObjectRepository.findTestObject(Inpatient Request/Page_Store/select_--Select--BA2910)): 2 options of object 'Object Repository/Inpatient Request/Page_Store/select_--Select--BA2910' counted

2018-05-15 14:27:36 - [MESSAGE][PASSED] - 2 options of object 'Object Repository/Inpatient Request/Page_Store/select_--Select--BA2910' counted

2018-05-15 14:27:36 - [TEST_STEP][PASSED] - Statement - For ([k = 1, k < BatchNo, (k++)]): null

2018-05-15 14:27:36 - [TEST_STEP][PASSED] - selectOptionByIndex: All options with index in [1] are selected on object 'Object Repository/Inpatient Request/Page_Store/select_--Select--BA2910'

2018-05-15 14:27:36 - [MESSAGE][PASSED] - All options with index in [1] are selected on object 'Object Repository/Inpatient Request/Page_Store/select_--Select--BA2910'

2018-05-15 14:27:36 - [TEST_STEP][PASSED] - delay: Delayed 2 second(s)

2018-05-15 14:27:38 - [MESSAGE][PASSED] - Delayed 2 second(s)

2018-05-15 14:27:38 - [TEST_STEP][PASSED] - Statement - StockQty = com.kms.katalon.core.webui.keyword.WebUiBuiltInKeywords.getAttribute(com.kms.katalon.core.testobject.ObjectRepository.findTestObject(Inpatient Request/Page_Store/input_txtprice), "value"): Attribute 'value' of object 'Object Repository/Inpatient Request/Page_Store/input_txtprice' is: '945'

2018-05-15 14:27:38 - [MESSAGE][PASSED] - Attribute 'value' of object 'Object Repository/Inpatient Request/Page_Store/input_txtprice' is: '945'

2018-05-15 14:27:38 - [TEST_STEP][PASSED] - Statement - out.println("StockQty IS : " + StockQty): null

2018-05-15 14:27:38 - [TEST_STEP][PASSED] - Statement - If (java.lang.Integer.valueOf(StockQty) > java.lang.Integer.valueOf(RequestedQty)): null

2018-05-15 14:27:38 - [TEST_STEP][PASSED] - delay: Delayed 1 second(s)

2018-05-15 14:27:39 - [MESSAGE][PASSED] - Delayed 1 second(s)

2018-05-15 14:27:39 - [TEST_STEP][PASSED] - setText: Text '5' is set on object 'Object Repository/Inpatient Request/Page_Store/input_txtqty'

2018-05-15 14:27:39 - [MESSAGE][PASSED] - Text '5' is set on object 'Object Repository/Inpatient Request/Page_Store/input_txtqty'

2018-05-15 14:27:39 - [TEST_STEP][PASSED] - click: Object: 'Object Repository/Inpatient Request/Page_Store/button_Add' is clicked on

2018-05-15 14:27:39 - [MESSAGE][PASSED] - Object: 'Object Repository/Inpatient Request/Page_Store/button_Add' is clicked on

2018-05-15 14:27:39 - [TEST_STEP][PASSED] - Statement - Break: null

2018-05-15 14:27:39 - [TEST_STEP][PASSED] - selectOptionByIndex: All options with index in [12] are selected on object 'Object Repository/Inpatient Request/Page_Store/select_--Select--Alcohol Rub i'

2018-05-15 14:27:39 - [MESSAGE][PASSED] - All options with index in [12] are selected on object 'Object Repository/Inpatient Request/Page_Store/select_--Select--Alcohol Rub i'

2018-05-15 14:27:39 - [TEST_STEP][PASSED] - delay: Delayed 2 second(s)

2018-05-15 14:27:41 - [MESSAGE][PASSED] - Delayed 2 second(s)

2018-05-15 14:27:41 - [TEST_STEP][PASSED] - Statement - RequestedQty = com.kms.katalon.core.webui.keyword.WebUiBuiltInKeywords.getAttribute(com.kms.katalon.core.testobject.ObjectRepository.findTestObject(Inpatient Request/Page_Store/input_txttotal), "value"): Attribute 'value' of object 'Object Repository/Inpatient Request/Page_Store/input_txttotal' is: '5'

2018-05-15 14:27:41 - [MESSAGE][PASSED] - Attribute 'value' of object 'Object Repository/Inpatient Request/Page_Store/input_txttotal' is: '5'

2018-05-15 14:27:41 - [TEST_STEP][PASSED] - Statement - out.println("RequestedQty IS : " + RequestedQty): null

2018-05-15 14:27:41 - [TEST_STEP][PASSED] - Statement - BatchNo = com.kms.katalon.core.webui.keyword.WebUiBuiltInKeywords.getNumberOfTotalOption(com.kms.katalon.core.testobject.ObjectRepository.findTestObject(Inpatient Request/Page_Store/select_--Select--BA2910)): 2 options of object 'Object Repository/Inpatient Request/Page_Store/select_--Select--BA2910' counted

2018-05-15 14:27:41 - [MESSAGE][PASSED] - 2 options of object 'Object Repository/Inpatient Request/Page_Store/select_--Select--BA2910' counted

2018-05-15 14:27:41 - [TEST_STEP][PASSED] - Statement - For ([k = 1, k < BatchNo, (k++)]): null

2018-05-15 14:27:41 - [TEST_STEP][PASSED] - selectOptionByIndex: All options with index in [1] are selected on object 'Object Repository/Inpatient Request/Page_Store/select_--Select--BA2910'

2018-05-15 14:27:42 - [MESSAGE][PASSED] - All options with index in [1] are selected on object 'Object Repository/Inpatient Request/Page_Store/select_--Select--BA2910'

2018-05-15 14:27:42 - [TEST_STEP][PASSED] - delay: Delayed 2 second(s)

2018-05-15 14:27:44 - [MESSAGE][PASSED] - Delayed 2 second(s)

2018-05-15 14:27:44 - [TEST_STEP][PASSED] - Statement - StockQty = com.kms.katalon.core.webui.keyword.WebUiBuiltInKeywords.getAttribute(com.kms.katalon.core.testobject.ObjectRepository.findTestObject(Inpatient Request/Page_Store/input_txtprice), "value"): Attribute 'value' of object 'Object Repository/Inpatient Request/Page_Store/input_txtprice' is: '945'

2018-05-15 14:27:44 - [MESSAGE][PASSED] - Attribute 'value' of object 'Object Repository/Inpatient Request/Page_Store/input_txtprice' is: '945'

2018-05-15 14:27:44 - [TEST_STEP][PASSED] - Statement - out.println("StockQty IS : " + StockQty): null

2018-05-15 14:27:44 - [TEST_STEP][PASSED] - Statement - If (java.lang.Integer.valueOf(StockQty) > java.lang.Integer.valueOf(RequestedQty)): null

2018-05-15 14:27:44 - [TEST_STEP][PASSED] - delay: Delayed 1 second(s)

2018-05-15 14:27:45 - [MESSAGE][PASSED] - Delayed 1 second(s)

2018-05-15 14:27:45 - [TEST_STEP][PASSED] - setText: Text '5' is set on object 'Object Repository/Inpatient Request/Page_Store/input_txtqty'

2018-05-15 14:27:45 - [MESSAGE][PASSED] - Text '5' is set on object 'Object Repository/Inpatient Request/Page_Store/input_txtqty'

2018-05-15 14:27:45 - [TEST_STEP][PASSED] - click: Object: 'Object Repository/Inpatient Request/Page_Store/button_Add' is clicked on

2018-05-15 14:27:45 - [MESSAGE][PASSED] - Object: 'Object Repository/Inpatient Request/Page_Store/button_Add' is clicked on

2018-05-15 14:27:45 - [TEST_STEP][PASSED] - Statement - Break: null

2018-05-15 14:27:45 - [TEST_STEP][PASSED] - selectOptionByIndex: All options with index in [13] are selected on object 'Object Repository/Inpatient Request/Page_Store/select_--Select--Alcohol Rub i'

2018-05-15 14:27:45 - [MESSAGE][PASSED] - All options with index in [13] are selected on object 'Object Repository/Inpatient Request/Page_Store/select_--Select--Alcohol Rub i'

2018-05-15 14:27:45 - [TEST_STEP][PASSED] - delay: Delayed 2 second(s)

2018-05-15 14:27:47 - [MESSAGE][PASSED] - Delayed 2 second(s)

2018-05-15 14:27:47 - [TEST_STEP][PASSED] - Statement - RequestedQty = com.kms.katalon.core.webui.keyword.WebUiBuiltInKeywords.getAttribute(com.kms.katalon.core.testobject.ObjectRepository.findTestObject(Inpatient Request/Page_Store/input_txttotal), "value"): Attribute 'value' of object 'Object Repository/Inpatient Request/Page_Store/input_txttotal' is: '5'

2018-05-15 14:27:47 - [MESSAGE][PASSED] - Attribute 'value' of object 'Object Repository/Inpatient Request/Page_Store/input_txttotal' is: '5'

2018-05-15 14:27:47 - [TEST_STEP][PASSED] - Statement - out.println("RequestedQty IS : " + RequestedQty): null

2018-05-15 14:27:47 - [TEST_STEP][PASSED] - Statement - BatchNo = com.kms.katalon.core.webui.keyword.WebUiBuiltInKeywords.getNumberOfTotalOption(com.kms.katalon.core.testobject.ObjectRepository.findTestObject(Inpatient Request/Page_Store/select_--Select--BA2910)): 2 options of object 'Object Repository/Inpatient Request/Page_Store/select_--Select--BA2910' counted

2018-05-15 14:27:47 - [MESSAGE][PASSED] - 2 options of object 'Object Repository/Inpatient Request/Page_Store/select_--Select--BA2910' counted

2018-05-15 14:27:47 - [TEST_STEP][PASSED] - Statement - For ([k = 1, k < BatchNo, (k++)]): null

2018-05-15 14:27:47 - [TEST_STEP][PASSED] - selectOptionByIndex: All options with index in [1] are selected on object 'Object Repository/Inpatient Request/Page_Store/select_--Select--BA2910'

2018-05-15 14:27:47 - [MESSAGE][PASSED] - All options with index in [1] are selected on object 'Object Repository/Inpatient Request/Page_Store/select_--Select--BA2910'

2018-05-15 14:27:47 - [TEST_STEP][PASSED] - delay: Delayed 2 second(s)

2018-05-15 14:27:49 - [MESSAGE][PASSED] - Delayed 2 second(s)

2018-05-15 14:27:49 - [TEST_STEP][PASSED] - Statement - StockQty = com.kms.katalon.core.webui.keyword.WebUiBuiltInKeywords.getAttribute(com.kms.katalon.core.testobject.ObjectRepository.findTestObject(Inpatient Request/Page_Store/input_txtprice), "value"): Attribute 'value' of object 'Object Repository/Inpatient Request/Page_Store/input_txtprice' is: '945'

2018-05-15 14:27:49 - [MESSAGE][PASSED] - Attribute 'value' of object 'Object Repository/Inpatient Request/Page_Store/input_txtprice' is: '945'

2018-05-15 14:27:49 - [TEST_STEP][PASSED] - Statement - out.println("StockQty IS : " + StockQty): null

2018-05-15 14:27:49 - [TEST_STEP][PASSED] - Statement - If (java.lang.Integer.valueOf(StockQty) > java.lang.Integer.valueOf(RequestedQty)): null

2018-05-15 14:27:49 - [TEST_STEP][PASSED] - delay: Delayed 1 second(s)

2018-05-15 14:27:50 - [MESSAGE][PASSED] - Delayed 1 second(s)

2018-05-15 14:27:50 - [TEST_STEP][PASSED] - setText: Text '5' is set on object 'Object Repository/Inpatient Request/Page_Store/input_txtqty'

2018-05-15 14:27:50 - [MESSAGE][PASSED] - Text '5' is set on object 'Object Repository/Inpatient Request/Page_Store/input_txtqty'

2018-05-15 14:27:50 - [TEST_STEP][PASSED] - click: Object: 'Object Repository/Inpatient Request/Page_Store/button_Add' is clicked on

2018-05-15 14:27:50 - [MESSAGE][PASSED] - Object: 'Object Repository/Inpatient Request/Page_Store/button_Add' is clicked on

2018-05-15 14:27:50 - [TEST_STEP][PASSED] - Statement - Break: null

2018-05-15 14:27:50 - [TEST_STEP][PASSED] - selectOptionByIndex: All options with index in [14] are selected on object 'Object Repository/Inpatient Request/Page_Store/select_--Select--Alcohol Rub i'

2018-05-15 14:27:51 - [MESSAGE][PASSED] - All options with index in [14] are selected on object 'Object Repository/Inpatient Request/Page_Store/select_--Select--Alcohol Rub i'

2018-05-15 14:27:51 - [TEST_STEP][PASSED] - delay: Delayed 2 second(s)

2018-05-15 14:27:53 - [MESSAGE][PASSED] - Delayed 2 second(s)

2018-05-15 14:27:53 - [TEST_STEP][PASSED] - Statement - RequestedQty = com.kms.katalon.core.webui.keyword.WebUiBuiltInKeywords.getAttribute(com.kms.katalon.core.testobject.ObjectRepository.findTestObject(Inpatient Request/Page_Store/input_txttotal), "value"): Attribute 'value' of object 'Object Repository/Inpatient Request/Page_Store/input_txttotal' is: '10'

2018-05-15 14:27:53 - [MESSAGE][PASSED] - Attribute 'value' of object 'Object Repository/Inpatient Request/Page_Store/input_txttotal' is: '10'

2018-05-15 14:27:53 - [TEST_STEP][PASSED] - Statement - out.println("RequestedQty IS : " + RequestedQty): null

2018-05-15 14:27:53 - [TEST_STEP][PASSED] - Statement - BatchNo = com.kms.katalon.core.webui.keyword.WebUiBuiltInKeywords.getNumberOfTotalOption(com.kms.katalon.core.testobject.ObjectRepository.findTestObject(Inpatient Request/Page_Store/select_--Select--BA2910)): 2 options of object 'Object Repository/Inpatient Request/Page_Store/select_--Select--BA2910' counted

2018-05-15 14:27:53 - [MESSAGE][PASSED] - 2 options of object 'Object Repository/Inpatient Request/Page_Store/select_--Select--BA2910' counted

2018-05-15 14:27:53 - [TEST_STEP][PASSED] - Statement - For ([k = 1, k < BatchNo, (k++)]): null

2018-05-15 14:27:53 - [TEST_STEP][PASSED] - selectOptionByIndex: All options with index in [1] are selected on object 'Object Repository/Inpatient Request/Page_Store/select_--Select--BA2910'

2018-05-15 14:27:53 - [MESSAGE][PASSED] - All options with index in [1] are selected on object 'Object Repository/Inpatient Request/Page_Store/select_--Select--BA2910'

2018-05-15 14:27:53 - [TEST_STEP][PASSED] - delay: Delayed 2 second(s)

2018-05-15 14:27:55 - [MESSAGE][PASSED] - Delayed 2 second(s)

2018-05-15 14:27:55 - [TEST_STEP][PASSED] - Statement - StockQty = com.kms.katalon.core.webui.keyword.WebUiBuiltInKeywords.getAttribute(com.kms.katalon.core.testobject.ObjectRepository.findTestObject(Inpatient Request/Page_Store/input_txtprice), "value"): Attribute 'value' of object 'Object Repository/Inpatient Request/Page_Store/input_txtprice' is: '1945'

2018-05-15 14:27:55 - [MESSAGE][PASSED] - Attribute 'value' of object 'Object Repository/Inpatient Request/Page_Store/input_txtprice' is: '1945'

2018-05-15 14:27:55 - [TEST_STEP][PASSED] - Statement - out.println("StockQty IS : " + StockQty): null

2018-05-15 14:27:55 - [TEST_STEP][PASSED] - Statement - If (java.lang.Integer.valueOf(StockQty) > java.lang.Integer.valueOf(RequestedQty)): null

2018-05-15 14:27:55 - [TEST_STEP][PASSED] - delay: Delayed 1 second(s)

2018-05-15 14:27:56 - [MESSAGE][PASSED] - Delayed 1 second(s)

2018-05-15 14:27:56 - [TEST_STEP][PASSED] - setText: Text '5' is set on object 'Object Repository/Inpatient Request/Page_Store/input_txtqty'

2018-05-15 14:27:56 - [MESSAGE][PASSED] - Text '5' is set on object 'Object Repository/Inpatient Request/Page_Store/input_txtqty'

2018-05-15 14:27:56 - [TEST_STEP][PASSED] - click: Object: 'Object Repository/Inpatient Request/Page_Store/button_Add' is clicked on

2018-05-15 14:27:56 - [MESSAGE][PASSED] - Object: 'Object Repository/Inpatient Request/Page_Store/button_Add' is clicked on

2018-05-15 14:27:56 - [TEST_STEP][PASSED] - Statement - Break: null

2018-05-15 14:27:56 - [TEST_STEP][PASSED] - selectOptionByIndex: All options with index in [15] are selected on object 'Object Repository/Inpatient Request/Page_Store/select_--Select--Alcohol Rub i'

2018-05-15 14:27:56 - [MESSAGE][PASSED] - All options with index in [15] are selected on object 'Object Repository/Inpatient Request/Page_Store/select_--Select--Alcohol Rub i'

2018-05-15 14:27:56 - [TEST_STEP][PASSED] - delay: Delayed 2 second(s)

2018-05-15 14:27:58 - [MESSAGE][PASSED] - Delayed 2 second(s)

2018-05-15 14:27:58 - [TEST_STEP][PASSED] - Statement - RequestedQty = com.kms.katalon.core.webui.keyword.WebUiBuiltInKeywords.getAttribute(com.kms.katalon.core.testobject.ObjectRepository.findTestObject(Inpatient Request/Page_Store/input_txttotal), "value"): Attribute 'value' of object 'Object Repository/Inpatient Request/Page_Store/input_txttotal' is: '10'

2018-05-15 14:27:58 - [MESSAGE][PASSED] - Attribute 'value' of object 'Object Repository/Inpatient Request/Page_Store/input_txttotal' is: '10'

2018-05-15 14:27:58 - [TEST_STEP][PASSED] - Statement - out.println("RequestedQty IS : " + RequestedQty): null

2018-05-15 14:27:58 - [TEST_STEP][PASSED] - Statement - BatchNo = com.kms.katalon.core.webui.keyword.WebUiBuiltInKeywords.getNumberOfTotalOption(com.kms.katalon.core.testobject.ObjectRepository.findTestObject(Inpatient Request/Page_Store/select_--Select--BA2910)): 2 options of object 'Object Repository/Inpatient Request/Page_Store/select_--Select--BA2910' counted

2018-05-15 14:27:59 - [MESSAGE][PASSED] - 2 options of object 'Object Repository/Inpatient Request/Page_Store/select_--Select--BA2910' counted

2018-05-15 14:27:59 - [TEST_STEP][PASSED] - Statement - For ([k = 1, k < BatchNo, (k++)]): null

2018-05-15 14:27:59 - [TEST_STEP][PASSED] - selectOptionByIndex: All options with index in [1] are selected on object 'Object Repository/Inpatient Request/Page_Store/select_--Select--BA2910'

2018-05-15 14:27:59 - [MESSAGE][PASSED] - All options with index in [1] are selected on object 'Object Repository/Inpatient Request/Page_Store/select_--Select--BA2910'

2018-05-15 14:27:59 - [TEST_STEP][PASSED] - delay: Delayed 2 second(s)

2018-05-15 14:28:01 - [MESSAGE][PASSED] - Delayed 2 second(s)

2018-05-15 14:28:01 - [TEST_STEP][PASSED] - Statement - StockQty = com.kms.katalon.core.webui.keyword.WebUiBuiltInKeywords.getAttribute(com.kms.katalon.core.testobject.ObjectRepository.findTestObject(Inpatient Request/Page_Store/input_txtprice), "value"): Attribute 'value' of object 'Object Repository/Inpatient Request/Page_Store/input_txtprice' is: '1945'

2018-05-15 14:28:01 - [MESSAGE][PASSED] - Attribute 'value' of object 'Object Repository/Inpatient Request/Page_Store/input_txtprice' is: '1945'

2018-05-15 14:28:01 - [TEST_STEP][PASSED] - Statement - out.println("StockQty IS : " + StockQty): null

2018-05-15 14:28:01 - [TEST_STEP][PASSED] - Statement - If (java.lang.Integer.valueOf(StockQty) > java.lang.Integer.valueOf(RequestedQty)): null

2018-05-15 14:28:01 - [TEST_STEP][PASSED] - delay: Delayed 1 second(s)

2018-05-15 14:28:02 - [MESSAGE][PASSED] - Delayed 1 second(s)

2018-05-15 14:28:02 - [TEST_STEP][PASSED] - setText: Text '5' is set on object 'Object Repository/Inpatient Request/Page_Store/input_txtqty'

2018-05-15 14:28:02 - [MESSAGE][PASSED] - Text '5' is set on object 'Object Repository/Inpatient Request/Page_Store/input_txtqty'

2018-05-15 14:28:02 - [TEST_STEP][PASSED] - click: Object: 'Object Repository/Inpatient Request/Page_Store/button_Add' is clicked on

2018-05-15 14:28:02 - [MESSAGE][PASSED] - Object: 'Object Repository/Inpatient Request/Page_Store/button_Add' is clicked on

2018-05-15 14:28:02 - [TEST_STEP][PASSED] - Statement - Break: null

2018-05-15 14:28:02 - [TEST_STEP][PASSED] - selectOptionByIndex: All options with index in [16] are selected on object 'Object Repository/Inpatient Request/Page_Store/select_--Select--Alcohol Rub i'

2018-05-15 14:28:02 - [MESSAGE][PASSED] - All options with index in [16] are selected on object 'Object Repository/Inpatient Request/Page_Store/select_--Select--Alcohol Rub i'

2018-05-15 14:28:02 - [TEST_STEP][PASSED] - delay: Delayed 2 second(s)

2018-05-15 14:28:04 - [MESSAGE][PASSED] - Delayed 2 second(s)

2018-05-15 14:28:04 - [TEST_STEP][PASSED] - Statement - RequestedQty = com.kms.katalon.core.webui.keyword.WebUiBuiltInKeywords.getAttribute(com.kms.katalon.core.testobject.ObjectRepository.findTestObject(Inpatient Request/Page_Store/input_txttotal), "value"): Attribute 'value' of object 'Object Repository/Inpatient Request/Page_Store/input_txttotal' is: '5'

2018-05-15 14:28:04 - [MESSAGE][PASSED] - Attribute 'value' of object 'Object Repository/Inpatient Request/Page_Store/input_txttotal' is: '5'

2018-05-15 14:28:04 - [TEST_STEP][PASSED] - Statement - out.println("RequestedQty IS : " + RequestedQty): null

2018-05-15 14:28:04 - [TEST_STEP][PASSED] - Statement - BatchNo = com.kms.katalon.core.webui.keyword.WebUiBuiltInKeywords.getNumberOfTotalOption(com.kms.katalon.core.testobject.ObjectRepository.findTestObject(Inpatient Request/Page_Store/select_--Select--BA2910)): 2 options of object 'Object Repository/Inpatient Request/Page_Store/select_--Select--BA2910' counted

2018-05-15 14:28:04 - [MESSAGE][PASSED] - 2 options of object 'Object Repository/Inpatient Request/Page_Store/select_--Select--BA2910' counted

2018-05-15 14:28:04 - [TEST_STEP][PASSED] - Statement - For ([k = 1, k < BatchNo, (k++)]): null

2018-05-15 14:28:04 - [TEST_STEP][PASSED] - selectOptionByIndex: All options with index in [1] are selected on object 'Object Repository/Inpatient Request/Page_Store/select_--Select--BA2910'

2018-05-15 14:28:04 - [MESSAGE][PASSED] - All options with index in [1] are selected on object 'Object Repository/Inpatient Request/Page_Store/select_--Select--BA2910'

2018-05-15 14:28:04 - [TEST_STEP][PASSED] - delay: Delayed 2 second(s)

2018-05-15 14:28:06 - [MESSAGE][PASSED] - Delayed 2 second(s)

2018-05-15 14:28:06 - [TEST_STEP][PASSED] - Statement - StockQty = com.kms.katalon.core.webui.keyword.WebUiBuiltInKeywords.getAttribute(com.kms.katalon.core.testobject.ObjectRepository.findTestObject(Inpatient Request/Page_Store/input_txtprice), "value"): Attribute 'value' of object 'Object Repository/Inpatient Request/Page_Store/input_txtprice' is: '945'

2018-05-15 14:28:06 - [MESSAGE][PASSED] - Attribute 'value' of object 'Object Repository/Inpatient Request/Page_Store/input_txtprice' is: '945'

2018-05-15 14:28:06 - [TEST_STEP][PASSED] - Statement - out.println("StockQty IS : " + StockQty): null

2018-05-15 14:28:06 - [TEST_STEP][PASSED] - Statement - If (java.lang.Integer.valueOf(StockQty) > java.lang.Integer.valueOf(RequestedQty)): null

2018-05-15 14:28:06 - [TEST_STEP][PASSED] - delay: Delayed 1 second(s)

2018-05-15 14:28:07 - [MESSAGE][PASSED] - Delayed 1 second(s)

2018-05-15 14:28:07 - [TEST_STEP][PASSED] - setText: Text '5' is set on object 'Object Repository/Inpatient Request/Page_Store/input_txtqty'

2018-05-15 14:28:07 - [MESSAGE][PASSED] - Text '5' is set on object 'Object Repository/Inpatient Request/Page_Store/input_txtqty'

2018-05-15 14:28:07 - [TEST_STEP][PASSED] - click: Object: 'Object Repository/Inpatient Request/Page_Store/button_Add' is clicked on

2018-05-15 14:28:08 - [MESSAGE][PASSED] - Object: 'Object Repository/Inpatient Request/Page_Store/button_Add' is clicked on

2018-05-15 14:28:08 - [TEST_STEP][PASSED] - Statement - Break: null

2018-05-15 14:28:08 - [TEST_STEP][PASSED] - selectOptionByIndex: All options with index in [17] are selected on object 'Object Repository/Inpatient Request/Page_Store/select_--Select--Alcohol Rub i'

2018-05-15 14:28:08 - [MESSAGE][PASSED] - All options with index in [17] are selected on object 'Object Repository/Inpatient Request/Page_Store/select_--Select--Alcohol Rub i'

2018-05-15 14:28:08 - [TEST_STEP][PASSED] - delay: Delayed 2 second(s)

2018-05-15 14:28:10 - [MESSAGE][PASSED] - Delayed 2 second(s)

2018-05-15 14:28:10 - [TEST_STEP][PASSED] - Statement - RequestedQty = com.kms.katalon.core.webui.keyword.WebUiBuiltInKeywords.getAttribute(com.kms.katalon.core.testobject.ObjectRepository.findTestObject(Inpatient Request/Page_Store/input_txttotal), "value"): Attribute 'value' of object 'Object Repository/Inpatient Request/Page_Store/input_txttotal' is: '5'

2018-05-15 14:28:10 - [MESSAGE][PASSED] - Attribute 'value' of object 'Object Repository/Inpatient Request/Page_Store/input_txttotal' is: '5'

2018-05-15 14:28:10 - [TEST_STEP][PASSED] - Statement - out.println("RequestedQty IS : " + RequestedQty): null

2018-05-15 14:28:10 - [TEST_STEP][PASSED] - Statement - BatchNo = com.kms.katalon.core.webui.keyword.WebUiBuiltInKeywords.getNumberOfTotalOption(com.kms.katalon.core.testobject.ObjectRepository.findTestObject(Inpatient Request/Page_Store/select_--Select--BA2910)): 2 options of object 'Object Repository/Inpatient Request/Page_Store/select_--Select--BA2910' counted

2018-05-15 14:28:10 - [MESSAGE][PASSED] - 2 options of object 'Object Repository/Inpatient Request/Page_Store/select_--Select--BA2910' counted

2018-05-15 14:28:10 - [TEST_STEP][PASSED] - Statement - For ([k = 1, k < BatchNo, (k++)]): null

2018-05-15 14:28:10 - [TEST_STEP][PASSED] - selectOptionByIndex: All options with index in [1] are selected on object 'Object Repository/Inpatient Request/Page_Store/select_--Select--BA2910'

2018-05-15 14:28:10 - [MESSAGE][PASSED] - All options with index in [1] are selected on object 'Object Repository/Inpatient Request/Page_Store/select_--Select--BA2910'

2018-05-15 14:28:10 - [TEST_STEP][PASSED] - delay: Delayed 2 second(s)

2018-05-15 14:28:12 - [MESSAGE][PASSED] - Delayed 2 second(s)

2018-05-15 14:28:12 - [TEST_STEP][PASSED] - Statement - StockQty = com.kms.katalon.core.webui.keyword.WebUiBuiltInKeywords.getAttribute(com.kms.katalon.core.testobject.ObjectRepository.findTestObject(Inpatient Request/Page_Store/input_txtprice), "value"): Attribute 'value' of object 'Object Repository/Inpatient Request/Page_Store/input_txtprice' is: '975'

2018-05-15 14:28:12 - [MESSAGE][PASSED] - Attribute 'value' of object 'Object Repository/Inpatient Request/Page_Store/input_txtprice' is: '975'

2018-05-15 14:28:12 - [TEST_STEP][PASSED] - Statement - out.println("StockQty IS : " + StockQty): null

2018-05-15 14:28:12 - [TEST_STEP][PASSED] - Statement - If (java.lang.Integer.valueOf(StockQty) > java.lang.Integer.valueOf(RequestedQty)): null

2018-05-15 14:28:12 - [TEST_STEP][PASSED] - delay: Delayed 1 second(s)

2018-05-15 14:28:13 - [MESSAGE][PASSED] - Delayed 1 second(s)

2018-05-15 14:28:13 - [TEST_STEP][PASSED] - setText: Text '5' is set on object 'Object Repository/Inpatient Request/Page_Store/input_txtqty'

2018-05-15 14:28:13 - [MESSAGE][PASSED] - Text '5' is set on object 'Object Repository/Inpatient Request/Page_Store/input_txtqty'

2018-05-15 14:28:13 - [TEST_STEP][PASSED] - click: Object: 'Object Repository/Inpatient Request/Page_Store/button_Add' is clicked on

2018-05-15 14:28:13 - [MESSAGE][PASSED] - Object: 'Object Repository/Inpatient Request/Page_Store/button_Add' is clicked on

2018-05-15 14:28:13 - [TEST_STEP][PASSED] - Statement - Break: null

2018-05-15 14:28:13 - [TEST_STEP][PASSED] - scrollToElement: Scroll to object 'Object Repository/Inpatient Request/Page_Store/input_btnSubmit' successfully

2018-05-15 14:28:13 - [MESSAGE][PASSED] - Scroll to object 'Object Repository/Inpatient Request/Page_Store/input_btnSubmit' successfully

2018-05-15 14:28:13 - [TEST_STEP][PASSED] - click: Object: 'Object Repository/Inpatient Request/Page_Store/input_btnSubmit' is clicked on

2018-05-15 14:28:13 - [MESSAGE][PASSED] - Object: 'Object Repository/Inpatient Request/Page_Store/input_btnSubmit' is clicked on

2018-05-15 14:28:13 - [TEST_STEP][PASSED] - delay: Delayed 3 second(s)

2018-05-15 14:28:16 - [MESSAGE][PASSED] - Delayed 3 second(s)

2018-05-15 14:28:16 - [TEST_STEP][PASSED] - click: Object: 'Object Repository/Inpatient Request/Page_Store/button_OK' is clicked on

2018-05-15 14:28:17 - [MESSAGE][PASSED] - Object: 'Object Repository/Inpatient Request/Page_Store/button_OK' is clicked on

2018-05-15 14:28:17 - [TEST_STEP][PASSED] - delay: Delayed 3 second(s)

2018-05-15 14:28:20 - [MESSAGE][PASSED] - Delayed 3 second(s)

2018-05-15 14:28:20 - [TEST_STEP][PASSED] - click: Object: 'Object Repository/Inpatient Request/Page_Store/a_dropdown-toggle' is clicked on

2018-05-15 14:28:20 - [MESSAGE][PASSED] - Object: 'Object Repository/Inpatient Request/Page_Store/a_dropdown-toggle' is clicked on

2018-05-15 14:28:20 - [TEST_STEP][PASSED] - click: Object: 'Object Repository/Inpatient Request/Page_Store/a_Sign out' is clicked on

2018-05-15 14:28:20 - [MESSAGE][PASSED] - Object: 'Object Repository/Inpatient Request/Page_Store/a_Sign out' is clicked on

2018-05-15 14:28:20 - [TEST_STEP][PASSED] - closeBrowser: Browser is closed

2018-05-15 14:28:21 - [MESSAGE][PASSED] - Browser is closed

2018-05-15 14:28:21 - [TEST_STEP][PASSED] - Statement - out.println("Schedule 8 Inpatient Request Are Working Successfully"): null]]></system-out>
         <system-err><![CDATA[]]></system-err>
      </testcase>
      <testcase name="Test Cases/INPATIENT TEST CASES/TC_INR_003 Verify Schedule 12 Inpatient Request Are Working Successfully Or Not" classname="Test Cases/INPATIENT TEST CASES/TC_INR_003 Verify Schedule 12 Inpatient Request Are Working Successfully Or Not" status="PASSED">
         <system-out><![CDATA[2018-05-15 14:28:21 - [TEST_CASE][PASSED] - Test Cases/INPATIENT TEST CASES/TC_INR_003 Verify Schedule 12 Inpatient Request Are Working Successfully Or Not: Test Cases/INPATIENT TEST CASES/TC_INR_003 Verify Schedule 12 Inpatient Request Are Working Successfully Or Not

2018-05-15 14:28:21 - [TEST_STEP][PASSED] - openBrowser: Browser is opened with url: ''

2018-05-15 14:28:23 - [MESSAGE][PASSED] - Browser is opened with url: ''

2018-05-15 14:28:23 - [TEST_STEP][PASSED] - Statement - out.println("Verify Schedule 12 Inpatient Request Are Working Successfully Or Not"): null

2018-05-15 14:28:23 - [TEST_STEP][PASSED] - navigateToUrl: Navigate to 'http://192.168.137.1/multihospital_new/' successfully

2018-05-15 14:28:25 - [MESSAGE][PASSED] - Navigate to 'http://192.168.137.1/multihospital_new/' successfully

2018-05-15 14:28:25 - [TEST_STEP][PASSED] - maximizeWindow: Current window maximized

2018-05-15 14:28:26 - [MESSAGE][PASSED] - Current window maximized

2018-05-15 14:28:26 - [TEST_STEP][PASSED] - click: Object: 'Object Repository/Inpatient Request/Page_KDMC/a_In Patient' is clicked on

2018-05-15 14:28:27 - [MESSAGE][PASSED] - Object: 'Object Repository/Inpatient Request/Page_KDMC/a_In Patient' is clicked on

2018-05-15 14:28:27 - [TEST_STEP][PASSED] - setText: Text 'brintha' is set on object 'Object Repository/Inpatient Request/Page_INPATIENT LOGIN/input_txtusername'

2018-05-15 14:28:27 - [MESSAGE][PASSED] - Text 'brintha' is set on object 'Object Repository/Inpatient Request/Page_INPATIENT LOGIN/input_txtusername'

2018-05-15 14:28:27 - [TEST_STEP][PASSED] - setText: Text '123' is set on object 'Object Repository/Inpatient Request/Page_INPATIENT LOGIN/input_txtpassword'

2018-05-15 14:28:27 - [MESSAGE][PASSED] - Text '123' is set on object 'Object Repository/Inpatient Request/Page_INPATIENT LOGIN/input_txtpassword'

2018-05-15 14:28:27 - [TEST_STEP][PASSED] - delay: Delayed 3 second(s)

2018-05-15 14:28:30 - [MESSAGE][PASSED] - Delayed 3 second(s)

2018-05-15 14:28:30 - [TEST_STEP][PASSED] - click: Object: 'Object Repository/Inpatient Request/Page_INPATIENT LOGIN/button_Sign in' is clicked on

2018-05-15 14:28:31 - [MESSAGE][PASSED] - Object: 'Object Repository/Inpatient Request/Page_INPATIENT LOGIN/button_Sign in' is clicked on

2018-05-15 14:28:31 - [TEST_STEP][PASSED] - delay: Delayed 3 second(s)

2018-05-15 14:28:34 - [MESSAGE][PASSED] - Delayed 3 second(s)

2018-05-15 14:28:34 - [TEST_STEP][PASSED] - scrollToPosition: Browser is scrolled to position x = 300, y = 300

2018-05-15 14:28:34 - [MESSAGE][PASSED] - Browser is scrolled to position x = 300, y = 300

2018-05-15 14:28:34 - [TEST_STEP][PASSED] - delay: Delayed 2 second(s)

2018-05-15 14:28:36 - [MESSAGE][PASSED] - Delayed 2 second(s)

2018-05-15 14:28:36 - [TEST_STEP][PASSED] - navigateToUrl: Navigate to 'http://192.168.137.1/Multihospital_New/StoresRequest.aspx' successfully

2018-05-15 14:28:37 - [MESSAGE][PASSED] - Navigate to 'http://192.168.137.1/Multihospital_New/StoresRequest.aspx' successfully

2018-05-15 14:28:37 - [TEST_STEP][PASSED] - delay: Delayed 3 second(s)

2018-05-15 14:28:40 - [MESSAGE][PASSED] - Delayed 3 second(s)

2018-05-15 14:28:40 - [TEST_STEP][PASSED] - refresh: Refresh successfully

2018-05-15 14:28:40 - [MESSAGE][PASSED] - Refresh successfully

2018-05-15 14:28:40 - [TEST_STEP][PASSED] - delay: Delayed 3 second(s)

2018-05-15 14:28:43 - [MESSAGE][PASSED] - Delayed 3 second(s)

2018-05-15 14:28:43 - [TEST_STEP][PASSED] - selectOptionByIndex: All options with index in [3] are selected on object 'Object Repository/Inpatient Request/Page_KDMC/select_--Select--ChildrensGene'

2018-05-15 14:28:44 - [MESSAGE][PASSED] - All options with index in [3] are selected on object 'Object Repository/Inpatient Request/Page_KDMC/select_--Select--ChildrensGene'

2018-05-15 14:28:44 - [TEST_STEP][PASSED] - Statement - Inpatient_RequestNumber = com.kms.katalon.core.webui.keyword.WebUiBuiltInKeywords.getAttribute(com.kms.katalon.core.testobject.ObjectRepository.findTestObject(Inpatient Request/Page_KDMC/input_txtno), "value"): Attribute 'value' of object 'Object Repository/Inpatient Request/Page_KDMC/input_txtno' is: 'RNO/15052018/93'

2018-05-15 14:28:44 - [MESSAGE][PASSED] - Attribute 'value' of object 'Object Repository/Inpatient Request/Page_KDMC/input_txtno' is: 'RNO/15052018/93'

2018-05-15 14:28:44 - [TEST_STEP][PASSED] - Statement - RequestNo = Inpatient_RequestNumber.split("/")[2]: null

2018-05-15 14:28:44 - [TEST_STEP][PASSED] - Statement - out.println("RqID : " + RequestNo): null

2018-05-15 14:28:44 - [TEST_STEP][PASSED] - selectOptionByIndex: All options with index in [3] are selected on object 'Object Repository/Inpatient Request/Page_KDMC/select_--Select--Schedule 5Dru'

2018-05-15 14:28:44 - [MESSAGE][PASSED] - All options with index in [3] are selected on object 'Object Repository/Inpatient Request/Page_KDMC/select_--Select--Schedule 5Dru'

2018-05-15 14:28:44 - [TEST_STEP][PASSED] - Statement - selectedoptions = com.kms.katalon.core.webui.keyword.WebUiBuiltInKeywords.getNumberOfTotalOption(com.kms.katalon.core.testobject.ObjectRepository.findTestObject(Inpatient Request/Page_KDMC/select_--Select--Alcohol Rub i)): 19 options of object 'Object Repository/Inpatient Request/Page_KDMC/select_--Select--Alcohol Rub i' counted

2018-05-15 14:28:44 - [MESSAGE][PASSED] - 19 options of object 'Object Repository/Inpatient Request/Page_KDMC/select_--Select--Alcohol Rub i' counted

2018-05-15 14:28:44 - [TEST_STEP][PASSED] - Statement - For ([i = 1, i < selectedoptions, (i++)]): Object: 'Object Repository/Inpatient Request/Page_KDMC/button_Add' is clicked on

2018-05-15 14:28:44 - [TEST_STEP][PASSED] - selectOptionByIndex: All options with index in [3] are selected on object 'Object Repository/Inpatient Request/Page_KDMC/select_--Select--Schedule 5Dru'

2018-05-15 14:28:44 - [MESSAGE][PASSED] - All options with index in [3] are selected on object 'Object Repository/Inpatient Request/Page_KDMC/select_--Select--Schedule 5Dru'

2018-05-15 14:28:44 - [TEST_STEP][PASSED] - selectOptionByIndex: All options with index in [1] are selected on object 'Object Repository/Inpatient Request/Page_KDMC/select_--Select--Alcohol Rub i'

2018-05-15 14:28:44 - [MESSAGE][PASSED] - All options with index in [1] are selected on object 'Object Repository/Inpatient Request/Page_KDMC/select_--Select--Alcohol Rub i'

2018-05-15 14:28:44 - [TEST_STEP][PASSED] - setText: Text '5' is set on object 'Object Repository/Inpatient Request/Page_KDMC/input_txttreat'

2018-05-15 14:28:44 - [MESSAGE][PASSED] - Text '5' is set on object 'Object Repository/Inpatient Request/Page_KDMC/input_txttreat'

2018-05-15 14:28:44 - [TEST_STEP][PASSED] - click: Object: 'Object Repository/Inpatient Request/Page_KDMC/button_Add' is clicked on

2018-05-15 14:28:44 - [MESSAGE][PASSED] - Object: 'Object Repository/Inpatient Request/Page_KDMC/button_Add' is clicked on

2018-05-15 14:28:44 - [TEST_STEP][PASSED] - selectOptionByIndex: All options with index in [3] are selected on object 'Object Repository/Inpatient Request/Page_KDMC/select_--Select--Schedule 5Dru'

2018-05-15 14:28:45 - [MESSAGE][PASSED] - All options with index in [3] are selected on object 'Object Repository/Inpatient Request/Page_KDMC/select_--Select--Schedule 5Dru'

2018-05-15 14:28:45 - [TEST_STEP][PASSED] - selectOptionByIndex: All options with index in [2] are selected on object 'Object Repository/Inpatient Request/Page_KDMC/select_--Select--Alcohol Rub i'

2018-05-15 14:28:45 - [MESSAGE][PASSED] - All options with index in [2] are selected on object 'Object Repository/Inpatient Request/Page_KDMC/select_--Select--Alcohol Rub i'

2018-05-15 14:28:45 - [TEST_STEP][PASSED] - setText: Text '5' is set on object 'Object Repository/Inpatient Request/Page_KDMC/input_txttreat'

2018-05-15 14:28:45 - [MESSAGE][PASSED] - Text '5' is set on object 'Object Repository/Inpatient Request/Page_KDMC/input_txttreat'

2018-05-15 14:28:45 - [TEST_STEP][PASSED] - click: Object: 'Object Repository/Inpatient Request/Page_KDMC/button_Add' is clicked on

2018-05-15 14:28:45 - [MESSAGE][PASSED] - Object: 'Object Repository/Inpatient Request/Page_KDMC/button_Add' is clicked on

2018-05-15 14:28:45 - [TEST_STEP][PASSED] - selectOptionByIndex: All options with index in [3] are selected on object 'Object Repository/Inpatient Request/Page_KDMC/select_--Select--Schedule 5Dru'

2018-05-15 14:28:45 - [MESSAGE][PASSED] - All options with index in [3] are selected on object 'Object Repository/Inpatient Request/Page_KDMC/select_--Select--Schedule 5Dru'

2018-05-15 14:28:45 - [TEST_STEP][PASSED] - selectOptionByIndex: All options with index in [3] are selected on object 'Object Repository/Inpatient Request/Page_KDMC/select_--Select--Alcohol Rub i'

2018-05-15 14:28:45 - [MESSAGE][PASSED] - All options with index in [3] are selected on object 'Object Repository/Inpatient Request/Page_KDMC/select_--Select--Alcohol Rub i'

2018-05-15 14:28:45 - [TEST_STEP][PASSED] - setText: Text '5' is set on object 'Object Repository/Inpatient Request/Page_KDMC/input_txttreat'

2018-05-15 14:28:45 - [MESSAGE][PASSED] - Text '5' is set on object 'Object Repository/Inpatient Request/Page_KDMC/input_txttreat'

2018-05-15 14:28:45 - [TEST_STEP][PASSED] - click: Object: 'Object Repository/Inpatient Request/Page_KDMC/button_Add' is clicked on

2018-05-15 14:28:45 - [MESSAGE][PASSED] - Object: 'Object Repository/Inpatient Request/Page_KDMC/button_Add' is clicked on

2018-05-15 14:28:45 - [TEST_STEP][PASSED] - selectOptionByIndex: All options with index in [3] are selected on object 'Object Repository/Inpatient Request/Page_KDMC/select_--Select--Schedule 5Dru'

2018-05-15 14:28:45 - [MESSAGE][PASSED] - All options with index in [3] are selected on object 'Object Repository/Inpatient Request/Page_KDMC/select_--Select--Schedule 5Dru'

2018-05-15 14:28:45 - [TEST_STEP][PASSED] - selectOptionByIndex: All options with index in [4] are selected on object 'Object Repository/Inpatient Request/Page_KDMC/select_--Select--Alcohol Rub i'

2018-05-15 14:28:46 - [MESSAGE][PASSED] - All options with index in [4] are selected on object 'Object Repository/Inpatient Request/Page_KDMC/select_--Select--Alcohol Rub i'

2018-05-15 14:28:46 - [TEST_STEP][PASSED] - setText: Text '5' is set on object 'Object Repository/Inpatient Request/Page_KDMC/input_txttreat'

2018-05-15 14:28:46 - [MESSAGE][PASSED] - Text '5' is set on object 'Object Repository/Inpatient Request/Page_KDMC/input_txttreat'

2018-05-15 14:28:46 - [TEST_STEP][PASSED] - click: Object: 'Object Repository/Inpatient Request/Page_KDMC/button_Add' is clicked on

2018-05-15 14:28:46 - [MESSAGE][PASSED] - Object: 'Object Repository/Inpatient Request/Page_KDMC/button_Add' is clicked on

2018-05-15 14:28:46 - [TEST_STEP][PASSED] - selectOptionByIndex: All options with index in [3] are selected on object 'Object Repository/Inpatient Request/Page_KDMC/select_--Select--Schedule 5Dru'

2018-05-15 14:28:46 - [MESSAGE][PASSED] - All options with index in [3] are selected on object 'Object Repository/Inpatient Request/Page_KDMC/select_--Select--Schedule 5Dru'

2018-05-15 14:28:46 - [TEST_STEP][PASSED] - selectOptionByIndex: All options with index in [5] are selected on object 'Object Repository/Inpatient Request/Page_KDMC/select_--Select--Alcohol Rub i'

2018-05-15 14:28:46 - [MESSAGE][PASSED] - All options with index in [5] are selected on object 'Object Repository/Inpatient Request/Page_KDMC/select_--Select--Alcohol Rub i'

2018-05-15 14:28:46 - [TEST_STEP][PASSED] - setText: Text '5' is set on object 'Object Repository/Inpatient Request/Page_KDMC/input_txttreat'

2018-05-15 14:28:46 - [MESSAGE][PASSED] - Text '5' is set on object 'Object Repository/Inpatient Request/Page_KDMC/input_txttreat'

2018-05-15 14:28:46 - [TEST_STEP][PASSED] - click: Object: 'Object Repository/Inpatient Request/Page_KDMC/button_Add' is clicked on

2018-05-15 14:28:46 - [MESSAGE][PASSED] - Object: 'Object Repository/Inpatient Request/Page_KDMC/button_Add' is clicked on

2018-05-15 14:28:46 - [TEST_STEP][PASSED] - selectOptionByIndex: All options with index in [3] are selected on object 'Object Repository/Inpatient Request/Page_KDMC/select_--Select--Schedule 5Dru'

2018-05-15 14:28:46 - [MESSAGE][PASSED] - All options with index in [3] are selected on object 'Object Repository/Inpatient Request/Page_KDMC/select_--Select--Schedule 5Dru'

2018-05-15 14:28:46 - [TEST_STEP][PASSED] - selectOptionByIndex: All options with index in [6] are selected on object 'Object Repository/Inpatient Request/Page_KDMC/select_--Select--Alcohol Rub i'

2018-05-15 14:28:46 - [MESSAGE][PASSED] - All options with index in [6] are selected on object 'Object Repository/Inpatient Request/Page_KDMC/select_--Select--Alcohol Rub i'

2018-05-15 14:28:46 - [TEST_STEP][PASSED] - setText: Text '5' is set on object 'Object Repository/Inpatient Request/Page_KDMC/input_txttreat'

2018-05-15 14:28:47 - [MESSAGE][PASSED] - Text '5' is set on object 'Object Repository/Inpatient Request/Page_KDMC/input_txttreat'

2018-05-15 14:28:47 - [TEST_STEP][PASSED] - click: Object: 'Object Repository/Inpatient Request/Page_KDMC/button_Add' is clicked on

2018-05-15 14:28:47 - [MESSAGE][PASSED] - Object: 'Object Repository/Inpatient Request/Page_KDMC/button_Add' is clicked on

2018-05-15 14:28:47 - [TEST_STEP][PASSED] - selectOptionByIndex: All options with index in [3] are selected on object 'Object Repository/Inpatient Request/Page_KDMC/select_--Select--Schedule 5Dru'

2018-05-15 14:28:47 - [MESSAGE][PASSED] - All options with index in [3] are selected on object 'Object Repository/Inpatient Request/Page_KDMC/select_--Select--Schedule 5Dru'

2018-05-15 14:28:47 - [TEST_STEP][PASSED] - selectOptionByIndex: All options with index in [7] are selected on object 'Object Repository/Inpatient Request/Page_KDMC/select_--Select--Alcohol Rub i'

2018-05-15 14:28:47 - [MESSAGE][PASSED] - All options with index in [7] are selected on object 'Object Repository/Inpatient Request/Page_KDMC/select_--Select--Alcohol Rub i'

2018-05-15 14:28:47 - [TEST_STEP][PASSED] - setText: Text '5' is set on object 'Object Repository/Inpatient Request/Page_KDMC/input_txttreat'

2018-05-15 14:28:47 - [MESSAGE][PASSED] - Text '5' is set on object 'Object Repository/Inpatient Request/Page_KDMC/input_txttreat'

2018-05-15 14:28:47 - [TEST_STEP][PASSED] - click: Object: 'Object Repository/Inpatient Request/Page_KDMC/button_Add' is clicked on

2018-05-15 14:28:47 - [MESSAGE][PASSED] - Object: 'Object Repository/Inpatient Request/Page_KDMC/button_Add' is clicked on

2018-05-15 14:28:47 - [TEST_STEP][PASSED] - selectOptionByIndex: All options with index in [3] are selected on object 'Object Repository/Inpatient Request/Page_KDMC/select_--Select--Schedule 5Dru'

2018-05-15 14:28:47 - [MESSAGE][PASSED] - All options with index in [3] are selected on object 'Object Repository/Inpatient Request/Page_KDMC/select_--Select--Schedule 5Dru'

2018-05-15 14:28:47 - [TEST_STEP][PASSED] - selectOptionByIndex: All options with index in [8] are selected on object 'Object Repository/Inpatient Request/Page_KDMC/select_--Select--Alcohol Rub i'

2018-05-15 14:28:47 - [MESSAGE][PASSED] - All options with index in [8] are selected on object 'Object Repository/Inpatient Request/Page_KDMC/select_--Select--Alcohol Rub i'

2018-05-15 14:28:47 - [TEST_STEP][PASSED] - setText: Text '5' is set on object 'Object Repository/Inpatient Request/Page_KDMC/input_txttreat'

2018-05-15 14:28:47 - [MESSAGE][PASSED] - Text '5' is set on object 'Object Repository/Inpatient Request/Page_KDMC/input_txttreat'

2018-05-15 14:28:47 - [TEST_STEP][PASSED] - click: Object: 'Object Repository/Inpatient Request/Page_KDMC/button_Add' is clicked on

2018-05-15 14:28:47 - [MESSAGE][PASSED] - Object: 'Object Repository/Inpatient Request/Page_KDMC/button_Add' is clicked on

2018-05-15 14:28:47 - [TEST_STEP][PASSED] - selectOptionByIndex: All options with index in [3] are selected on object 'Object Repository/Inpatient Request/Page_KDMC/select_--Select--Schedule 5Dru'

2018-05-15 14:28:48 - [MESSAGE][PASSED] - All options with index in [3] are selected on object 'Object Repository/Inpatient Request/Page_KDMC/select_--Select--Schedule 5Dru'

2018-05-15 14:28:48 - [TEST_STEP][PASSED] - selectOptionByIndex: All options with index in [9] are selected on object 'Object Repository/Inpatient Request/Page_KDMC/select_--Select--Alcohol Rub i'

2018-05-15 14:28:48 - [MESSAGE][PASSED] - All options with index in [9] are selected on object 'Object Repository/Inpatient Request/Page_KDMC/select_--Select--Alcohol Rub i'

2018-05-15 14:28:48 - [TEST_STEP][PASSED] - setText: Text '5' is set on object 'Object Repository/Inpatient Request/Page_KDMC/input_txttreat'

2018-05-15 14:28:48 - [MESSAGE][PASSED] - Text '5' is set on object 'Object Repository/Inpatient Request/Page_KDMC/input_txttreat'

2018-05-15 14:28:48 - [TEST_STEP][PASSED] - click: Object: 'Object Repository/Inpatient Request/Page_KDMC/button_Add' is clicked on

2018-05-15 14:28:48 - [MESSAGE][PASSED] - Object: 'Object Repository/Inpatient Request/Page_KDMC/button_Add' is clicked on

2018-05-15 14:28:48 - [TEST_STEP][PASSED] - selectOptionByIndex: All options with index in [3] are selected on object 'Object Repository/Inpatient Request/Page_KDMC/select_--Select--Schedule 5Dru'

2018-05-15 14:28:48 - [MESSAGE][PASSED] - All options with index in [3] are selected on object 'Object Repository/Inpatient Request/Page_KDMC/select_--Select--Schedule 5Dru'

2018-05-15 14:28:48 - [TEST_STEP][PASSED] - selectOptionByIndex: All options with index in [10] are selected on object 'Object Repository/Inpatient Request/Page_KDMC/select_--Select--Alcohol Rub i'

2018-05-15 14:28:48 - [MESSAGE][PASSED] - All options with index in [10] are selected on object 'Object Repository/Inpatient Request/Page_KDMC/select_--Select--Alcohol Rub i'

2018-05-15 14:28:48 - [TEST_STEP][PASSED] - setText: Text '5' is set on object 'Object Repository/Inpatient Request/Page_KDMC/input_txttreat'

2018-05-15 14:28:48 - [MESSAGE][PASSED] - Text '5' is set on object 'Object Repository/Inpatient Request/Page_KDMC/input_txttreat'

2018-05-15 14:28:48 - [TEST_STEP][PASSED] - click: Object: 'Object Repository/Inpatient Request/Page_KDMC/button_Add' is clicked on

2018-05-15 14:28:48 - [MESSAGE][PASSED] - Object: 'Object Repository/Inpatient Request/Page_KDMC/button_Add' is clicked on

2018-05-15 14:28:48 - [TEST_STEP][PASSED] - selectOptionByIndex: All options with index in [3] are selected on object 'Object Repository/Inpatient Request/Page_KDMC/select_--Select--Schedule 5Dru'

2018-05-15 14:28:49 - [MESSAGE][PASSED] - All options with index in [3] are selected on object 'Object Repository/Inpatient Request/Page_KDMC/select_--Select--Schedule 5Dru'

2018-05-15 14:28:49 - [TEST_STEP][PASSED] - selectOptionByIndex: All options with index in [11] are selected on object 'Object Repository/Inpatient Request/Page_KDMC/select_--Select--Alcohol Rub i'

2018-05-15 14:28:49 - [MESSAGE][PASSED] - All options with index in [11] are selected on object 'Object Repository/Inpatient Request/Page_KDMC/select_--Select--Alcohol Rub i'

2018-05-15 14:28:49 - [TEST_STEP][PASSED] - setText: Text '5' is set on object 'Object Repository/Inpatient Request/Page_KDMC/input_txttreat'

2018-05-15 14:28:49 - [MESSAGE][PASSED] - Text '5' is set on object 'Object Repository/Inpatient Request/Page_KDMC/input_txttreat'

2018-05-15 14:28:49 - [TEST_STEP][PASSED] - click: Object: 'Object Repository/Inpatient Request/Page_KDMC/button_Add' is clicked on

2018-05-15 14:28:49 - [MESSAGE][PASSED] - Object: 'Object Repository/Inpatient Request/Page_KDMC/button_Add' is clicked on

2018-05-15 14:28:49 - [TEST_STEP][PASSED] - selectOptionByIndex: All options with index in [3] are selected on object 'Object Repository/Inpatient Request/Page_KDMC/select_--Select--Schedule 5Dru'

2018-05-15 14:28:49 - [MESSAGE][PASSED] - All options with index in [3] are selected on object 'Object Repository/Inpatient Request/Page_KDMC/select_--Select--Schedule 5Dru'

2018-05-15 14:28:49 - [TEST_STEP][PASSED] - selectOptionByIndex: All options with index in [12] are selected on object 'Object Repository/Inpatient Request/Page_KDMC/select_--Select--Alcohol Rub i'

2018-05-15 14:28:49 - [MESSAGE][PASSED] - All options with index in [12] are selected on object 'Object Repository/Inpatient Request/Page_KDMC/select_--Select--Alcohol Rub i'

2018-05-15 14:28:49 - [TEST_STEP][PASSED] - setText: Text '5' is set on object 'Object Repository/Inpatient Request/Page_KDMC/input_txttreat'

2018-05-15 14:28:49 - [MESSAGE][PASSED] - Text '5' is set on object 'Object Repository/Inpatient Request/Page_KDMC/input_txttreat'

2018-05-15 14:28:49 - [TEST_STEP][PASSED] - click: Object: 'Object Repository/Inpatient Request/Page_KDMC/button_Add' is clicked on

2018-05-15 14:28:49 - [MESSAGE][PASSED] - Object: 'Object Repository/Inpatient Request/Page_KDMC/button_Add' is clicked on

2018-05-15 14:28:49 - [TEST_STEP][PASSED] - selectOptionByIndex: All options with index in [3] are selected on object 'Object Repository/Inpatient Request/Page_KDMC/select_--Select--Schedule 5Dru'

2018-05-15 14:28:50 - [MESSAGE][PASSED] - All options with index in [3] are selected on object 'Object Repository/Inpatient Request/Page_KDMC/select_--Select--Schedule 5Dru'

2018-05-15 14:28:50 - [TEST_STEP][PASSED] - selectOptionByIndex: All options with index in [13] are selected on object 'Object Repository/Inpatient Request/Page_KDMC/select_--Select--Alcohol Rub i'

2018-05-15 14:28:50 - [MESSAGE][PASSED] - All options with index in [13] are selected on object 'Object Repository/Inpatient Request/Page_KDMC/select_--Select--Alcohol Rub i'

2018-05-15 14:28:50 - [TEST_STEP][PASSED] - setText: Text '5' is set on object 'Object Repository/Inpatient Request/Page_KDMC/input_txttreat'

2018-05-15 14:28:50 - [MESSAGE][PASSED] - Text '5' is set on object 'Object Repository/Inpatient Request/Page_KDMC/input_txttreat'

2018-05-15 14:28:50 - [TEST_STEP][PASSED] - click: Object: 'Object Repository/Inpatient Request/Page_KDMC/button_Add' is clicked on

2018-05-15 14:28:50 - [MESSAGE][PASSED] - Object: 'Object Repository/Inpatient Request/Page_KDMC/button_Add' is clicked on

2018-05-15 14:28:50 - [TEST_STEP][PASSED] - selectOptionByIndex: All options with index in [3] are selected on object 'Object Repository/Inpatient Request/Page_KDMC/select_--Select--Schedule 5Dru'

2018-05-15 14:28:50 - [MESSAGE][PASSED] - All options with index in [3] are selected on object 'Object Repository/Inpatient Request/Page_KDMC/select_--Select--Schedule 5Dru'

2018-05-15 14:28:50 - [TEST_STEP][PASSED] - selectOptionByIndex: All options with index in [14] are selected on object 'Object Repository/Inpatient Request/Page_KDMC/select_--Select--Alcohol Rub i'

2018-05-15 14:28:50 - [MESSAGE][PASSED] - All options with index in [14] are selected on object 'Object Repository/Inpatient Request/Page_KDMC/select_--Select--Alcohol Rub i'

2018-05-15 14:28:50 - [TEST_STEP][PASSED] - setText: Text '5' is set on object 'Object Repository/Inpatient Request/Page_KDMC/input_txttreat'

2018-05-15 14:28:50 - [MESSAGE][PASSED] - Text '5' is set on object 'Object Repository/Inpatient Request/Page_KDMC/input_txttreat'

2018-05-15 14:28:50 - [TEST_STEP][PASSED] - click: Object: 'Object Repository/Inpatient Request/Page_KDMC/button_Add' is clicked on

2018-05-15 14:28:50 - [MESSAGE][PASSED] - Object: 'Object Repository/Inpatient Request/Page_KDMC/button_Add' is clicked on

2018-05-15 14:28:50 - [TEST_STEP][PASSED] - selectOptionByIndex: All options with index in [3] are selected on object 'Object Repository/Inpatient Request/Page_KDMC/select_--Select--Schedule 5Dru'

2018-05-15 14:28:51 - [MESSAGE][PASSED] - All options with index in [3] are selected on object 'Object Repository/Inpatient Request/Page_KDMC/select_--Select--Schedule 5Dru'

2018-05-15 14:28:51 - [TEST_STEP][PASSED] - selectOptionByIndex: All options with index in [15] are selected on object 'Object Repository/Inpatient Request/Page_KDMC/select_--Select--Alcohol Rub i'

2018-05-15 14:28:51 - [MESSAGE][PASSED] - All options with index in [15] are selected on object 'Object Repository/Inpatient Request/Page_KDMC/select_--Select--Alcohol Rub i'

2018-05-15 14:28:51 - [TEST_STEP][PASSED] - setText: Text '5' is set on object 'Object Repository/Inpatient Request/Page_KDMC/input_txttreat'

2018-05-15 14:28:51 - [MESSAGE][PASSED] - Text '5' is set on object 'Object Repository/Inpatient Request/Page_KDMC/input_txttreat'

2018-05-15 14:28:51 - [TEST_STEP][PASSED] - click: Object: 'Object Repository/Inpatient Request/Page_KDMC/button_Add' is clicked on

2018-05-15 14:28:51 - [MESSAGE][PASSED] - Object: 'Object Repository/Inpatient Request/Page_KDMC/button_Add' is clicked on

2018-05-15 14:28:51 - [TEST_STEP][PASSED] - selectOptionByIndex: All options with index in [3] are selected on object 'Object Repository/Inpatient Request/Page_KDMC/select_--Select--Schedule 5Dru'

2018-05-15 14:28:51 - [MESSAGE][PASSED] - All options with index in [3] are selected on object 'Object Repository/Inpatient Request/Page_KDMC/select_--Select--Schedule 5Dru'

2018-05-15 14:28:51 - [TEST_STEP][PASSED] - selectOptionByIndex: All options with index in [16] are selected on object 'Object Repository/Inpatient Request/Page_KDMC/select_--Select--Alcohol Rub i'

2018-05-15 14:28:51 - [MESSAGE][PASSED] - All options with index in [16] are selected on object 'Object Repository/Inpatient Request/Page_KDMC/select_--Select--Alcohol Rub i'

2018-05-15 14:28:51 - [TEST_STEP][PASSED] - setText: Text '5' is set on object 'Object Repository/Inpatient Request/Page_KDMC/input_txttreat'

2018-05-15 14:28:51 - [MESSAGE][PASSED] - Text '5' is set on object 'Object Repository/Inpatient Request/Page_KDMC/input_txttreat'

2018-05-15 14:28:51 - [TEST_STEP][PASSED] - click: Object: 'Object Repository/Inpatient Request/Page_KDMC/button_Add' is clicked on

2018-05-15 14:28:51 - [MESSAGE][PASSED] - Object: 'Object Repository/Inpatient Request/Page_KDMC/button_Add' is clicked on

2018-05-15 14:28:51 - [TEST_STEP][PASSED] - selectOptionByIndex: All options with index in [3] are selected on object 'Object Repository/Inpatient Request/Page_KDMC/select_--Select--Schedule 5Dru'

2018-05-15 14:28:52 - [MESSAGE][PASSED] - All options with index in [3] are selected on object 'Object Repository/Inpatient Request/Page_KDMC/select_--Select--Schedule 5Dru'

2018-05-15 14:28:52 - [TEST_STEP][PASSED] - selectOptionByIndex: All options with index in [17] are selected on object 'Object Repository/Inpatient Request/Page_KDMC/select_--Select--Alcohol Rub i'

2018-05-15 14:28:52 - [MESSAGE][PASSED] - All options with index in [17] are selected on object 'Object Repository/Inpatient Request/Page_KDMC/select_--Select--Alcohol Rub i'

2018-05-15 14:28:52 - [TEST_STEP][PASSED] - setText: Text '5' is set on object 'Object Repository/Inpatient Request/Page_KDMC/input_txttreat'

2018-05-15 14:28:52 - [MESSAGE][PASSED] - Text '5' is set on object 'Object Repository/Inpatient Request/Page_KDMC/input_txttreat'

2018-05-15 14:28:52 - [TEST_STEP][PASSED] - click: Object: 'Object Repository/Inpatient Request/Page_KDMC/button_Add' is clicked on

2018-05-15 14:28:52 - [MESSAGE][PASSED] - Object: 'Object Repository/Inpatient Request/Page_KDMC/button_Add' is clicked on

2018-05-15 14:28:52 - [TEST_STEP][PASSED] - selectOptionByIndex: All options with index in [3] are selected on object 'Object Repository/Inpatient Request/Page_KDMC/select_--Select--Schedule 5Dru'

2018-05-15 14:28:52 - [MESSAGE][PASSED] - All options with index in [3] are selected on object 'Object Repository/Inpatient Request/Page_KDMC/select_--Select--Schedule 5Dru'

2018-05-15 14:28:52 - [TEST_STEP][PASSED] - selectOptionByIndex: All options with index in [18] are selected on object 'Object Repository/Inpatient Request/Page_KDMC/select_--Select--Alcohol Rub i'

2018-05-15 14:28:52 - [MESSAGE][PASSED] - All options with index in [18] are selected on object 'Object Repository/Inpatient Request/Page_KDMC/select_--Select--Alcohol Rub i'

2018-05-15 14:28:52 - [TEST_STEP][PASSED] - setText: Text '5' is set on object 'Object Repository/Inpatient Request/Page_KDMC/input_txttreat'

2018-05-15 14:28:52 - [MESSAGE][PASSED] - Text '5' is set on object 'Object Repository/Inpatient Request/Page_KDMC/input_txttreat'

2018-05-15 14:28:52 - [TEST_STEP][PASSED] - click: Object: 'Object Repository/Inpatient Request/Page_KDMC/button_Add' is clicked on

2018-05-15 14:28:53 - [MESSAGE][PASSED] - Object: 'Object Repository/Inpatient Request/Page_KDMC/button_Add' is clicked on

2018-05-15 14:28:53 - [TEST_STEP][PASSED] - scrollToElement: Scroll to object 'Object Repository/Inpatient Request/Page_KDMC/input_btnsave' successfully

2018-05-15 14:28:53 - [MESSAGE][PASSED] - Scroll to object 'Object Repository/Inpatient Request/Page_KDMC/input_btnsave' successfully

2018-05-15 14:28:53 - [TEST_STEP][PASSED] - click: Object: 'Object Repository/Inpatient Request/Page_KDMC/input_btnsave' is clicked on

2018-05-15 14:28:53 - [MESSAGE][PASSED] - Object: 'Object Repository/Inpatient Request/Page_KDMC/input_btnsave' is clicked on

2018-05-15 14:28:53 - [TEST_STEP][PASSED] - delay: Delayed 3 second(s)

2018-05-15 14:28:56 - [MESSAGE][PASSED] - Delayed 3 second(s)

2018-05-15 14:28:56 - [TEST_STEP][PASSED] - click: Object: 'Object Repository/Inpatient Request/Page_KDMC/button_OK' is clicked on

2018-05-15 14:28:56 - [MESSAGE][PASSED] - Object: 'Object Repository/Inpatient Request/Page_KDMC/button_OK' is clicked on

2018-05-15 14:28:56 - [TEST_STEP][PASSED] - delay: Delayed 3 second(s)

2018-05-15 14:28:59 - [MESSAGE][PASSED] - Delayed 3 second(s)

2018-05-15 14:28:59 - [TEST_STEP][PASSED] - click: Object: 'Object Repository/Inpatient Request/Page_KDMC/a_dropdown-toggle' is clicked on

2018-05-15 14:28:59 - [MESSAGE][PASSED] - Object: 'Object Repository/Inpatient Request/Page_KDMC/a_dropdown-toggle' is clicked on

2018-05-15 14:28:59 - [TEST_STEP][PASSED] - click: Object: 'Object Repository/Inpatient Request/Page_KDMC/a_Sign out' is clicked on

2018-05-15 14:29:00 - [MESSAGE][PASSED] - Object: 'Object Repository/Inpatient Request/Page_KDMC/a_Sign out' is clicked on

2018-05-15 14:29:00 - [TEST_STEP][PASSED] - delay: Delayed 3 second(s)

2018-05-15 14:29:03 - [MESSAGE][PASSED] - Delayed 3 second(s)

2018-05-15 14:29:03 - [TEST_STEP][PASSED] - click: Object: 'Object Repository/Inpatient Request/Page_KDMC/a_CMO' is clicked on

2018-05-15 14:29:03 - [MESSAGE][PASSED] - Object: 'Object Repository/Inpatient Request/Page_KDMC/a_CMO' is clicked on

2018-05-15 14:29:03 - [TEST_STEP][PASSED] - setText: Text 'guru' is set on object 'Object Repository/Inpatient Request/Page_CMO login/input_txtusername'

2018-05-15 14:29:03 - [MESSAGE][PASSED] - Text 'guru' is set on object 'Object Repository/Inpatient Request/Page_CMO login/input_txtusername'

2018-05-15 14:29:03 - [TEST_STEP][PASSED] - setText: Text '123' is set on object 'Object Repository/Inpatient Request/Page_CMO login/input_txtpassword'

2018-05-15 14:29:03 - [MESSAGE][PASSED] - Text '123' is set on object 'Object Repository/Inpatient Request/Page_CMO login/input_txtpassword'

2018-05-15 14:29:03 - [TEST_STEP][PASSED] - delay: Delayed 3 second(s)

2018-05-15 14:29:06 - [MESSAGE][PASSED] - Delayed 3 second(s)

2018-05-15 14:29:06 - [TEST_STEP][PASSED] - click: Object: 'Object Repository/Inpatient Request/Page_CMO login/button_Sign in' is clicked on

2018-05-15 14:29:07 - [MESSAGE][PASSED] - Object: 'Object Repository/Inpatient Request/Page_CMO login/button_Sign in' is clicked on

2018-05-15 14:29:07 - [TEST_STEP][PASSED] - delay: Delayed 3 second(s)

2018-05-15 14:29:10 - [MESSAGE][PASSED] - Delayed 3 second(s)

2018-05-15 14:29:10 - [TEST_STEP][PASSED] - click: Object: 'Object Repository/Inpatient Request/Page_KDMC - CMO/a_Department Wise Request' is clicked on

2018-05-15 14:29:10 - [MESSAGE][PASSED] - Object: 'Object Repository/Inpatient Request/Page_KDMC - CMO/a_Department Wise Request' is clicked on

2018-05-15 14:29:10 - [TEST_STEP][PASSED] - delay: Delayed 2 second(s)

2018-05-15 14:29:12 - [MESSAGE][PASSED] - Delayed 2 second(s)

2018-05-15 14:29:12 - [TEST_STEP][PASSED] - selectOptionByIndex: All options with index in [1] are selected on object 'Object Repository/Inpatient Request/Page_KDMC - CMO/select_--ALL--'

2018-05-15 14:29:13 - [MESSAGE][PASSED] - All options with index in [1] are selected on object 'Object Repository/Inpatient Request/Page_KDMC - CMO/select_--ALL--'

2018-05-15 14:29:13 - [TEST_STEP][PASSED] - selectOptionByIndex: All options with index in [1] are selected on object 'Object Repository/Inpatient Request/Page_KDMC - CMO/select_--ALL--                _1'

2018-05-15 14:29:13 - [MESSAGE][PASSED] - All options with index in [1] are selected on object 'Object Repository/Inpatient Request/Page_KDMC - CMO/select_--ALL--                _1'

2018-05-15 14:29:13 - [TEST_STEP][PASSED] - click: Object: 'Object Repository/Inpatient Request/Page_KDMC - CMO/input_btnsearch' is clicked on

2018-05-15 14:29:13 - [MESSAGE][PASSED] - Object: 'Object Repository/Inpatient Request/Page_KDMC - CMO/input_btnsearch' is clicked on

2018-05-15 14:29:13 - [TEST_STEP][PASSED] - delay: Delayed 2 second(s)

2018-05-15 14:29:15 - [MESSAGE][PASSED] - Delayed 2 second(s)

2018-05-15 14:29:15 - [TEST_STEP][PASSED] - Statement - ID = com.kms.katalon.core.webui.keyword.WebUiBuiltInKeywords.modifyObjectProperty(com.kms.katalon.core.testobject.ObjectRepository.findTestObject(Inpatient Request/Page_KDMC - CMO/input_1), "xpath", "equals", "//*[@id=" + RequestNo + "]", true): Modify property of object successfully

2018-05-15 14:29:15 - [MESSAGE][PASSED] - Modify property of object successfully

2018-05-15 14:29:15 - [TEST_STEP][PASSED] - click: Object: 'Object Repository/Inpatient Request/Page_KDMC - CMO/input_1' is clicked on

2018-05-15 14:29:15 - [MESSAGE][PASSED] - Object: 'Object Repository/Inpatient Request/Page_KDMC - CMO/input_1' is clicked on

2018-05-15 14:29:15 - [TEST_STEP][PASSED] - delay: Delayed 2 second(s)

2018-05-15 14:29:17 - [MESSAGE][PASSED] - Delayed 2 second(s)

2018-05-15 14:29:17 - [TEST_STEP][PASSED] - selectOptionByIndex: All options with index in [1] are selected on object 'Object Repository/Inpatient Request/Page_KDMC - CMO/select_--Select--'

2018-05-15 14:29:17 - [MESSAGE][PASSED] - All options with index in [1] are selected on object 'Object Repository/Inpatient Request/Page_KDMC - CMO/select_--Select--'

2018-05-15 14:29:17 - [TEST_STEP][PASSED] - delay: Delayed 2 second(s)

2018-05-15 14:29:19 - [MESSAGE][PASSED] - Delayed 2 second(s)

2018-05-15 14:29:19 - [TEST_STEP][PASSED] - click: Object: 'Object Repository/Inpatient Request/Page_KDMC - CMO/input_btnupdate' is clicked on

2018-05-15 14:29:19 - [MESSAGE][PASSED] - Object: 'Object Repository/Inpatient Request/Page_KDMC - CMO/input_btnupdate' is clicked on

2018-05-15 14:29:19 - [TEST_STEP][PASSED] - delay: Delayed 2 second(s)

2018-05-15 14:29:21 - [MESSAGE][PASSED] - Delayed 2 second(s)

2018-05-15 14:29:21 - [TEST_STEP][PASSED] - click: Object: 'Object Repository/Inpatient Request/Page_KDMC - CMO/button_OK' is clicked on

2018-05-15 14:29:22 - [MESSAGE][PASSED] - Object: 'Object Repository/Inpatient Request/Page_KDMC - CMO/button_OK' is clicked on

2018-05-15 14:29:22 - [TEST_STEP][PASSED] - delay: Delayed 3 second(s)

2018-05-15 14:29:25 - [MESSAGE][PASSED] - Delayed 3 second(s)

2018-05-15 14:29:25 - [TEST_STEP][PASSED] - click: Object: 'Object Repository/Inpatient Request/Page_KDMC - CMO/a_dropdown-toggle' is clicked on

2018-05-15 14:29:25 - [MESSAGE][PASSED] - Object: 'Object Repository/Inpatient Request/Page_KDMC - CMO/a_dropdown-toggle' is clicked on

2018-05-15 14:29:25 - [TEST_STEP][PASSED] - click: Object: 'Object Repository/Inpatient Request/Page_KDMC - CMO/a_Sign out' is clicked on

2018-05-15 14:29:25 - [MESSAGE][PASSED] - Object: 'Object Repository/Inpatient Request/Page_KDMC - CMO/a_Sign out' is clicked on

2018-05-15 14:29:25 - [TEST_STEP][PASSED] - delay: Delayed 3 second(s)

2018-05-15 14:29:28 - [MESSAGE][PASSED] - Delayed 3 second(s)

2018-05-15 14:29:28 - [TEST_STEP][PASSED] - click: Object: 'Object Repository/Inpatient Request/Page_KDMC/a_Divisional Store' is clicked on

2018-05-15 14:29:29 - [MESSAGE][PASSED] - Object: 'Object Repository/Inpatient Request/Page_KDMC/a_Divisional Store' is clicked on

2018-05-15 14:29:29 - [TEST_STEP][PASSED] - setText: Text 'ragu' is set on object 'Object Repository/Inpatient Request/Page_Divisonal Store Login/input_txtusername'

2018-05-15 14:29:29 - [MESSAGE][PASSED] - Text 'ragu' is set on object 'Object Repository/Inpatient Request/Page_Divisonal Store Login/input_txtusername'

2018-05-15 14:29:29 - [TEST_STEP][PASSED] - setText: Text '123' is set on object 'Object Repository/Inpatient Request/Page_Divisonal Store Login/input_txtpassword'

2018-05-15 14:29:29 - [MESSAGE][PASSED] - Text '123' is set on object 'Object Repository/Inpatient Request/Page_Divisonal Store Login/input_txtpassword'

2018-05-15 14:29:29 - [TEST_STEP][PASSED] - delay: Delayed 3 second(s)

2018-05-15 14:29:32 - [MESSAGE][PASSED] - Delayed 3 second(s)

2018-05-15 14:29:32 - [TEST_STEP][PASSED] - click: Object: 'Object Repository/Inpatient Request/Page_Divisonal Store Login/button_Sign in' is clicked on

2018-05-15 14:29:33 - [MESSAGE][PASSED] - Object: 'Object Repository/Inpatient Request/Page_Divisonal Store Login/button_Sign in' is clicked on

2018-05-15 14:29:33 - [TEST_STEP][PASSED] - delay: Delayed 3 second(s)

2018-05-15 14:29:36 - [MESSAGE][PASSED] - Delayed 3 second(s)

2018-05-15 14:29:36 - [TEST_STEP][PASSED] - click: Object: 'Object Repository/Inpatient Request/Page_Store/a_Inpatient Request' is clicked on

2018-05-15 14:29:36 - [MESSAGE][PASSED] - Object: 'Object Repository/Inpatient Request/Page_Store/a_Inpatient Request' is clicked on

2018-05-15 14:29:36 - [TEST_STEP][PASSED] - click: Object: 'Object Repository/Inpatient Request/Page_Store/a_Request Item Inpatient' is clicked on

2018-05-15 14:29:37 - [MESSAGE][PASSED] - Object: 'Object Repository/Inpatient Request/Page_Store/a_Request Item Inpatient' is clicked on

2018-05-15 14:29:37 - [TEST_STEP][PASSED] - setText: Text 'RNO/15052018/93' is set on object 'Object Repository/Inpatient Request/Page_Store/input'

2018-05-15 14:29:37 - [MESSAGE][PASSED] - Text 'RNO/15052018/93' is set on object 'Object Repository/Inpatient Request/Page_Store/input'

2018-05-15 14:29:37 - [TEST_STEP][PASSED] - Statement - InpID = com.kms.katalon.core.webui.keyword.WebUiBuiltInKeywords.modifyObjectProperty(com.kms.katalon.core.testobject.ObjectRepository.findTestObject(Inpatient Request/Page_Store/input_1), "xpath", "equals", "//*[@id=" + RequestNo + "]", true): Modify property of object successfully

2018-05-15 14:29:37 - [MESSAGE][PASSED] - Modify property of object successfully

2018-05-15 14:29:37 - [TEST_STEP][PASSED] - click: Object: 'Object Repository/Inpatient Request/Page_Store/input_1' is clicked on

2018-05-15 14:29:38 - [MESSAGE][PASSED] - Object: 'Object Repository/Inpatient Request/Page_Store/input_1' is clicked on

2018-05-15 14:29:38 - [TEST_STEP][PASSED] - Statement - medicine = com.kms.katalon.core.webui.keyword.WebUiBuiltInKeywords.getNumberOfTotalOption(com.kms.katalon.core.testobject.ObjectRepository.findTestObject(Inpatient Request/Page_Store/select_--Select--Alcohol Rub i)): 19 options of object 'Object Repository/Inpatient Request/Page_Store/select_--Select--Alcohol Rub i' counted

2018-05-15 14:29:38 - [MESSAGE][PASSED] - 19 options of object 'Object Repository/Inpatient Request/Page_Store/select_--Select--Alcohol Rub i' counted

2018-05-15 14:29:38 - [TEST_STEP][PASSED] - Statement - For ([j = 1, j < medicine, (j++)]): null

2018-05-15 14:29:38 - [TEST_STEP][PASSED] - selectOptionByIndex: All options with index in [1] are selected on object 'Object Repository/Inpatient Request/Page_Store/select_--Select--Alcohol Rub i'

2018-05-15 14:29:38 - [MESSAGE][PASSED] - All options with index in [1] are selected on object 'Object Repository/Inpatient Request/Page_Store/select_--Select--Alcohol Rub i'

2018-05-15 14:29:38 - [TEST_STEP][PASSED] - delay: Delayed 2 second(s)

2018-05-15 14:29:40 - [MESSAGE][PASSED] - Delayed 2 second(s)

2018-05-15 14:29:40 - [TEST_STEP][PASSED] - Statement - RequestedQty = com.kms.katalon.core.webui.keyword.WebUiBuiltInKeywords.getAttribute(com.kms.katalon.core.testobject.ObjectRepository.findTestObject(Inpatient Request/Page_Store/input_txttotal), "value"): Attribute 'value' of object 'Object Repository/Inpatient Request/Page_Store/input_txttotal' is: '5'

2018-05-15 14:29:40 - [MESSAGE][PASSED] - Attribute 'value' of object 'Object Repository/Inpatient Request/Page_Store/input_txttotal' is: '5'

2018-05-15 14:29:40 - [TEST_STEP][PASSED] - Statement - out.println("RequestedQty IS : " + RequestedQty): null

2018-05-15 14:29:40 - [TEST_STEP][PASSED] - Statement - BatchNo = com.kms.katalon.core.webui.keyword.WebUiBuiltInKeywords.getNumberOfTotalOption(com.kms.katalon.core.testobject.ObjectRepository.findTestObject(Inpatient Request/Page_Store/select_--Select--BA2910)): 2 options of object 'Object Repository/Inpatient Request/Page_Store/select_--Select--BA2910' counted

2018-05-15 14:29:40 - [MESSAGE][PASSED] - 2 options of object 'Object Repository/Inpatient Request/Page_Store/select_--Select--BA2910' counted

2018-05-15 14:29:40 - [TEST_STEP][PASSED] - Statement - For ([k = 1, k < BatchNo, (k++)]): null

2018-05-15 14:29:40 - [TEST_STEP][PASSED] - selectOptionByIndex: All options with index in [1] are selected on object 'Object Repository/Inpatient Request/Page_Store/select_--Select--BA2910'

2018-05-15 14:29:40 - [MESSAGE][PASSED] - All options with index in [1] are selected on object 'Object Repository/Inpatient Request/Page_Store/select_--Select--BA2910'

2018-05-15 14:29:40 - [TEST_STEP][PASSED] - delay: Delayed 2 second(s)

2018-05-15 14:29:42 - [MESSAGE][PASSED] - Delayed 2 second(s)

2018-05-15 14:29:42 - [TEST_STEP][PASSED] - Statement - StockQty = com.kms.katalon.core.webui.keyword.WebUiBuiltInKeywords.getAttribute(com.kms.katalon.core.testobject.ObjectRepository.findTestObject(Inpatient Request/Page_Store/input_txtprice), "value"): Attribute 'value' of object 'Object Repository/Inpatient Request/Page_Store/input_txtprice' is: '975'

2018-05-15 14:29:42 - [MESSAGE][PASSED] - Attribute 'value' of object 'Object Repository/Inpatient Request/Page_Store/input_txtprice' is: '975'

2018-05-15 14:29:42 - [TEST_STEP][PASSED] - Statement - out.println("StockQty IS : " + StockQty): null

2018-05-15 14:29:42 - [TEST_STEP][PASSED] - Statement - If (java.lang.Integer.valueOf(StockQty) > java.lang.Integer.valueOf(RequestedQty)): null

2018-05-15 14:29:42 - [TEST_STEP][PASSED] - delay: Delayed 1 second(s)

2018-05-15 14:29:43 - [MESSAGE][PASSED] - Delayed 1 second(s)

2018-05-15 14:29:43 - [TEST_STEP][PASSED] - setText: Text '5' is set on object 'Object Repository/Inpatient Request/Page_Store/input_txtqty'

2018-05-15 14:29:43 - [MESSAGE][PASSED] - Text '5' is set on object 'Object Repository/Inpatient Request/Page_Store/input_txtqty'

2018-05-15 14:29:43 - [TEST_STEP][PASSED] - click: Object: 'Object Repository/Inpatient Request/Page_Store/button_Add' is clicked on

2018-05-15 14:29:44 - [MESSAGE][PASSED] - Object: 'Object Repository/Inpatient Request/Page_Store/button_Add' is clicked on

2018-05-15 14:29:44 - [TEST_STEP][PASSED] - Statement - Break: null

2018-05-15 14:29:44 - [TEST_STEP][PASSED] - selectOptionByIndex: All options with index in [2] are selected on object 'Object Repository/Inpatient Request/Page_Store/select_--Select--Alcohol Rub i'

2018-05-15 14:29:44 - [MESSAGE][PASSED] - All options with index in [2] are selected on object 'Object Repository/Inpatient Request/Page_Store/select_--Select--Alcohol Rub i'

2018-05-15 14:29:44 - [TEST_STEP][PASSED] - delay: Delayed 2 second(s)

2018-05-15 14:29:46 - [MESSAGE][PASSED] - Delayed 2 second(s)

2018-05-15 14:29:46 - [TEST_STEP][PASSED] - Statement - RequestedQty = com.kms.katalon.core.webui.keyword.WebUiBuiltInKeywords.getAttribute(com.kms.katalon.core.testobject.ObjectRepository.findTestObject(Inpatient Request/Page_Store/input_txttotal), "value"): Attribute 'value' of object 'Object Repository/Inpatient Request/Page_Store/input_txttotal' is: '5'

2018-05-15 14:29:46 - [MESSAGE][PASSED] - Attribute 'value' of object 'Object Repository/Inpatient Request/Page_Store/input_txttotal' is: '5'

2018-05-15 14:29:46 - [TEST_STEP][PASSED] - Statement - out.println("RequestedQty IS : " + RequestedQty): null

2018-05-15 14:29:46 - [TEST_STEP][PASSED] - Statement - BatchNo = com.kms.katalon.core.webui.keyword.WebUiBuiltInKeywords.getNumberOfTotalOption(com.kms.katalon.core.testobject.ObjectRepository.findTestObject(Inpatient Request/Page_Store/select_--Select--BA2910)): 2 options of object 'Object Repository/Inpatient Request/Page_Store/select_--Select--BA2910' counted

2018-05-15 14:29:46 - [MESSAGE][PASSED] - 2 options of object 'Object Repository/Inpatient Request/Page_Store/select_--Select--BA2910' counted

2018-05-15 14:29:46 - [TEST_STEP][PASSED] - Statement - For ([k = 1, k < BatchNo, (k++)]): null

2018-05-15 14:29:46 - [TEST_STEP][PASSED] - selectOptionByIndex: All options with index in [1] are selected on object 'Object Repository/Inpatient Request/Page_Store/select_--Select--BA2910'

2018-05-15 14:29:46 - [MESSAGE][PASSED] - All options with index in [1] are selected on object 'Object Repository/Inpatient Request/Page_Store/select_--Select--BA2910'

2018-05-15 14:29:46 - [TEST_STEP][PASSED] - delay: Delayed 2 second(s)

2018-05-15 14:29:48 - [MESSAGE][PASSED] - Delayed 2 second(s)

2018-05-15 14:29:48 - [TEST_STEP][PASSED] - Statement - StockQty = com.kms.katalon.core.webui.keyword.WebUiBuiltInKeywords.getAttribute(com.kms.katalon.core.testobject.ObjectRepository.findTestObject(Inpatient Request/Page_Store/input_txtprice), "value"): Attribute 'value' of object 'Object Repository/Inpatient Request/Page_Store/input_txtprice' is: '915'

2018-05-15 14:29:48 - [MESSAGE][PASSED] - Attribute 'value' of object 'Object Repository/Inpatient Request/Page_Store/input_txtprice' is: '915'

2018-05-15 14:29:48 - [TEST_STEP][PASSED] - Statement - out.println("StockQty IS : " + StockQty): null

2018-05-15 14:29:48 - [TEST_STEP][PASSED] - Statement - If (java.lang.Integer.valueOf(StockQty) > java.lang.Integer.valueOf(RequestedQty)): null

2018-05-15 14:29:48 - [TEST_STEP][PASSED] - delay: Delayed 1 second(s)

2018-05-15 14:29:49 - [MESSAGE][PASSED] - Delayed 1 second(s)

2018-05-15 14:29:49 - [TEST_STEP][PASSED] - setText: Text '5' is set on object 'Object Repository/Inpatient Request/Page_Store/input_txtqty'

2018-05-15 14:29:49 - [MESSAGE][PASSED] - Text '5' is set on object 'Object Repository/Inpatient Request/Page_Store/input_txtqty'

2018-05-15 14:29:49 - [TEST_STEP][PASSED] - click: Object: 'Object Repository/Inpatient Request/Page_Store/button_Add' is clicked on

2018-05-15 14:29:49 - [MESSAGE][PASSED] - Object: 'Object Repository/Inpatient Request/Page_Store/button_Add' is clicked on

2018-05-15 14:29:49 - [TEST_STEP][PASSED] - Statement - Break: null

2018-05-15 14:29:49 - [TEST_STEP][PASSED] - selectOptionByIndex: All options with index in [3] are selected on object 'Object Repository/Inpatient Request/Page_Store/select_--Select--Alcohol Rub i'

2018-05-15 14:29:49 - [MESSAGE][PASSED] - All options with index in [3] are selected on object 'Object Repository/Inpatient Request/Page_Store/select_--Select--Alcohol Rub i'

2018-05-15 14:29:49 - [TEST_STEP][PASSED] - delay: Delayed 2 second(s)

2018-05-15 14:29:51 - [MESSAGE][PASSED] - Delayed 2 second(s)

2018-05-15 14:29:51 - [TEST_STEP][PASSED] - Statement - RequestedQty = com.kms.katalon.core.webui.keyword.WebUiBuiltInKeywords.getAttribute(com.kms.katalon.core.testobject.ObjectRepository.findTestObject(Inpatient Request/Page_Store/input_txttotal), "value"): Attribute 'value' of object 'Object Repository/Inpatient Request/Page_Store/input_txttotal' is: '5'

2018-05-15 14:29:51 - [MESSAGE][PASSED] - Attribute 'value' of object 'Object Repository/Inpatient Request/Page_Store/input_txttotal' is: '5'

2018-05-15 14:29:51 - [TEST_STEP][PASSED] - Statement - out.println("RequestedQty IS : " + RequestedQty): null

2018-05-15 14:29:51 - [TEST_STEP][PASSED] - Statement - BatchNo = com.kms.katalon.core.webui.keyword.WebUiBuiltInKeywords.getNumberOfTotalOption(com.kms.katalon.core.testobject.ObjectRepository.findTestObject(Inpatient Request/Page_Store/select_--Select--BA2910)): 2 options of object 'Object Repository/Inpatient Request/Page_Store/select_--Select--BA2910' counted

2018-05-15 14:29:51 - [MESSAGE][PASSED] - 2 options of object 'Object Repository/Inpatient Request/Page_Store/select_--Select--BA2910' counted

2018-05-15 14:29:51 - [TEST_STEP][PASSED] - Statement - For ([k = 1, k < BatchNo, (k++)]): null

2018-05-15 14:29:51 - [TEST_STEP][PASSED] - selectOptionByIndex: All options with index in [1] are selected on object 'Object Repository/Inpatient Request/Page_Store/select_--Select--BA2910'

2018-05-15 14:29:52 - [MESSAGE][PASSED] - All options with index in [1] are selected on object 'Object Repository/Inpatient Request/Page_Store/select_--Select--BA2910'

2018-05-15 14:29:52 - [TEST_STEP][PASSED] - delay: Delayed 2 second(s)

2018-05-15 14:29:54 - [MESSAGE][PASSED] - Delayed 2 second(s)

2018-05-15 14:29:54 - [TEST_STEP][PASSED] - Statement - StockQty = com.kms.katalon.core.webui.keyword.WebUiBuiltInKeywords.getAttribute(com.kms.katalon.core.testobject.ObjectRepository.findTestObject(Inpatient Request/Page_Store/input_txtprice), "value"): Attribute 'value' of object 'Object Repository/Inpatient Request/Page_Store/input_txtprice' is: '975'

2018-05-15 14:29:54 - [MESSAGE][PASSED] - Attribute 'value' of object 'Object Repository/Inpatient Request/Page_Store/input_txtprice' is: '975'

2018-05-15 14:29:54 - [TEST_STEP][PASSED] - Statement - out.println("StockQty IS : " + StockQty): null

2018-05-15 14:29:54 - [TEST_STEP][PASSED] - Statement - If (java.lang.Integer.valueOf(StockQty) > java.lang.Integer.valueOf(RequestedQty)): null

2018-05-15 14:29:54 - [TEST_STEP][PASSED] - delay: Delayed 1 second(s)

2018-05-15 14:29:55 - [MESSAGE][PASSED] - Delayed 1 second(s)

2018-05-15 14:29:55 - [TEST_STEP][PASSED] - setText: Text '5' is set on object 'Object Repository/Inpatient Request/Page_Store/input_txtqty'

2018-05-15 14:29:55 - [MESSAGE][PASSED] - Text '5' is set on object 'Object Repository/Inpatient Request/Page_Store/input_txtqty'

2018-05-15 14:29:55 - [TEST_STEP][PASSED] - click: Object: 'Object Repository/Inpatient Request/Page_Store/button_Add' is clicked on

2018-05-15 14:29:55 - [MESSAGE][PASSED] - Object: 'Object Repository/Inpatient Request/Page_Store/button_Add' is clicked on

2018-05-15 14:29:55 - [TEST_STEP][PASSED] - Statement - Break: null

2018-05-15 14:29:55 - [TEST_STEP][PASSED] - selectOptionByIndex: All options with index in [4] are selected on object 'Object Repository/Inpatient Request/Page_Store/select_--Select--Alcohol Rub i'

2018-05-15 14:29:55 - [MESSAGE][PASSED] - All options with index in [4] are selected on object 'Object Repository/Inpatient Request/Page_Store/select_--Select--Alcohol Rub i'

2018-05-15 14:29:55 - [TEST_STEP][PASSED] - delay: Delayed 2 second(s)

2018-05-15 14:29:57 - [MESSAGE][PASSED] - Delayed 2 second(s)

2018-05-15 14:29:57 - [TEST_STEP][PASSED] - Statement - RequestedQty = com.kms.katalon.core.webui.keyword.WebUiBuiltInKeywords.getAttribute(com.kms.katalon.core.testobject.ObjectRepository.findTestObject(Inpatient Request/Page_Store/input_txttotal), "value"): Attribute 'value' of object 'Object Repository/Inpatient Request/Page_Store/input_txttotal' is: '5'

2018-05-15 14:29:57 - [MESSAGE][PASSED] - Attribute 'value' of object 'Object Repository/Inpatient Request/Page_Store/input_txttotal' is: '5'

2018-05-15 14:29:57 - [TEST_STEP][PASSED] - Statement - out.println("RequestedQty IS : " + RequestedQty): null

2018-05-15 14:29:57 - [TEST_STEP][PASSED] - Statement - BatchNo = com.kms.katalon.core.webui.keyword.WebUiBuiltInKeywords.getNumberOfTotalOption(com.kms.katalon.core.testobject.ObjectRepository.findTestObject(Inpatient Request/Page_Store/select_--Select--BA2910)): 2 options of object 'Object Repository/Inpatient Request/Page_Store/select_--Select--BA2910' counted

2018-05-15 14:29:57 - [MESSAGE][PASSED] - 2 options of object 'Object Repository/Inpatient Request/Page_Store/select_--Select--BA2910' counted

2018-05-15 14:29:57 - [TEST_STEP][PASSED] - Statement - For ([k = 1, k < BatchNo, (k++)]): null

2018-05-15 14:29:57 - [TEST_STEP][PASSED] - selectOptionByIndex: All options with index in [1] are selected on object 'Object Repository/Inpatient Request/Page_Store/select_--Select--BA2910'

2018-05-15 14:29:57 - [MESSAGE][PASSED] - All options with index in [1] are selected on object 'Object Repository/Inpatient Request/Page_Store/select_--Select--BA2910'

2018-05-15 14:29:57 - [TEST_STEP][PASSED] - delay: Delayed 2 second(s)

2018-05-15 14:29:59 - [MESSAGE][PASSED] - Delayed 2 second(s)

2018-05-15 14:29:59 - [TEST_STEP][PASSED] - Statement - StockQty = com.kms.katalon.core.webui.keyword.WebUiBuiltInKeywords.getAttribute(com.kms.katalon.core.testobject.ObjectRepository.findTestObject(Inpatient Request/Page_Store/input_txtprice), "value"): Attribute 'value' of object 'Object Repository/Inpatient Request/Page_Store/input_txtprice' is: '975'

2018-05-15 14:29:59 - [MESSAGE][PASSED] - Attribute 'value' of object 'Object Repository/Inpatient Request/Page_Store/input_txtprice' is: '975'

2018-05-15 14:29:59 - [TEST_STEP][PASSED] - Statement - out.println("StockQty IS : " + StockQty): null

2018-05-15 14:29:59 - [TEST_STEP][PASSED] - Statement - If (java.lang.Integer.valueOf(StockQty) > java.lang.Integer.valueOf(RequestedQty)): null

2018-05-15 14:29:59 - [TEST_STEP][PASSED] - delay: Delayed 1 second(s)

2018-05-15 14:30:00 - [MESSAGE][PASSED] - Delayed 1 second(s)

2018-05-15 14:30:00 - [TEST_STEP][PASSED] - setText: Text '5' is set on object 'Object Repository/Inpatient Request/Page_Store/input_txtqty'

2018-05-15 14:30:00 - [MESSAGE][PASSED] - Text '5' is set on object 'Object Repository/Inpatient Request/Page_Store/input_txtqty'

2018-05-15 14:30:00 - [TEST_STEP][PASSED] - click: Object: 'Object Repository/Inpatient Request/Page_Store/button_Add' is clicked on

2018-05-15 14:30:00 - [MESSAGE][PASSED] - Object: 'Object Repository/Inpatient Request/Page_Store/button_Add' is clicked on

2018-05-15 14:30:00 - [TEST_STEP][PASSED] - Statement - Break: null

2018-05-15 14:30:00 - [TEST_STEP][PASSED] - selectOptionByIndex: All options with index in [5] are selected on object 'Object Repository/Inpatient Request/Page_Store/select_--Select--Alcohol Rub i'

2018-05-15 14:30:00 - [MESSAGE][PASSED] - All options with index in [5] are selected on object 'Object Repository/Inpatient Request/Page_Store/select_--Select--Alcohol Rub i'

2018-05-15 14:30:00 - [TEST_STEP][PASSED] - delay: Delayed 2 second(s)

2018-05-15 14:30:02 - [MESSAGE][PASSED] - Delayed 2 second(s)

2018-05-15 14:30:02 - [TEST_STEP][PASSED] - Statement - RequestedQty = com.kms.katalon.core.webui.keyword.WebUiBuiltInKeywords.getAttribute(com.kms.katalon.core.testobject.ObjectRepository.findTestObject(Inpatient Request/Page_Store/input_txttotal), "value"): Attribute 'value' of object 'Object Repository/Inpatient Request/Page_Store/input_txttotal' is: '5'

2018-05-15 14:30:02 - [MESSAGE][PASSED] - Attribute 'value' of object 'Object Repository/Inpatient Request/Page_Store/input_txttotal' is: '5'

2018-05-15 14:30:02 - [TEST_STEP][PASSED] - Statement - out.println("RequestedQty IS : " + RequestedQty): null

2018-05-15 14:30:02 - [TEST_STEP][PASSED] - Statement - BatchNo = com.kms.katalon.core.webui.keyword.WebUiBuiltInKeywords.getNumberOfTotalOption(com.kms.katalon.core.testobject.ObjectRepository.findTestObject(Inpatient Request/Page_Store/select_--Select--BA2910)): 2 options of object 'Object Repository/Inpatient Request/Page_Store/select_--Select--BA2910' counted

2018-05-15 14:30:02 - [MESSAGE][PASSED] - 2 options of object 'Object Repository/Inpatient Request/Page_Store/select_--Select--BA2910' counted

2018-05-15 14:30:02 - [TEST_STEP][PASSED] - Statement - For ([k = 1, k < BatchNo, (k++)]): null

2018-05-15 14:30:02 - [TEST_STEP][PASSED] - selectOptionByIndex: All options with index in [1] are selected on object 'Object Repository/Inpatient Request/Page_Store/select_--Select--BA2910'

2018-05-15 14:30:03 - [MESSAGE][PASSED] - All options with index in [1] are selected on object 'Object Repository/Inpatient Request/Page_Store/select_--Select--BA2910'

2018-05-15 14:30:03 - [TEST_STEP][PASSED] - delay: Delayed 2 second(s)

2018-05-15 14:30:05 - [MESSAGE][PASSED] - Delayed 2 second(s)

2018-05-15 14:30:05 - [TEST_STEP][PASSED] - Statement - StockQty = com.kms.katalon.core.webui.keyword.WebUiBuiltInKeywords.getAttribute(com.kms.katalon.core.testobject.ObjectRepository.findTestObject(Inpatient Request/Page_Store/input_txtprice), "value"): Attribute 'value' of object 'Object Repository/Inpatient Request/Page_Store/input_txtprice' is: '975'

2018-05-15 14:30:05 - [MESSAGE][PASSED] - Attribute 'value' of object 'Object Repository/Inpatient Request/Page_Store/input_txtprice' is: '975'

2018-05-15 14:30:05 - [TEST_STEP][PASSED] - Statement - out.println("StockQty IS : " + StockQty): null

2018-05-15 14:30:05 - [TEST_STEP][PASSED] - Statement - If (java.lang.Integer.valueOf(StockQty) > java.lang.Integer.valueOf(RequestedQty)): null

2018-05-15 14:30:05 - [TEST_STEP][PASSED] - delay: Delayed 1 second(s)

2018-05-15 14:30:06 - [MESSAGE][PASSED] - Delayed 1 second(s)

2018-05-15 14:30:06 - [TEST_STEP][PASSED] - setText: Text '5' is set on object 'Object Repository/Inpatient Request/Page_Store/input_txtqty'

2018-05-15 14:30:06 - [MESSAGE][PASSED] - Text '5' is set on object 'Object Repository/Inpatient Request/Page_Store/input_txtqty'

2018-05-15 14:30:06 - [TEST_STEP][PASSED] - click: Object: 'Object Repository/Inpatient Request/Page_Store/button_Add' is clicked on

2018-05-15 14:30:06 - [MESSAGE][PASSED] - Object: 'Object Repository/Inpatient Request/Page_Store/button_Add' is clicked on

2018-05-15 14:30:06 - [TEST_STEP][PASSED] - Statement - Break: null

2018-05-15 14:30:06 - [TEST_STEP][PASSED] - selectOptionByIndex: All options with index in [6] are selected on object 'Object Repository/Inpatient Request/Page_Store/select_--Select--Alcohol Rub i'

2018-05-15 14:30:06 - [MESSAGE][PASSED] - All options with index in [6] are selected on object 'Object Repository/Inpatient Request/Page_Store/select_--Select--Alcohol Rub i'

2018-05-15 14:30:06 - [TEST_STEP][PASSED] - delay: Delayed 2 second(s)

2018-05-15 14:30:08 - [MESSAGE][PASSED] - Delayed 2 second(s)

2018-05-15 14:30:08 - [TEST_STEP][PASSED] - Statement - RequestedQty = com.kms.katalon.core.webui.keyword.WebUiBuiltInKeywords.getAttribute(com.kms.katalon.core.testobject.ObjectRepository.findTestObject(Inpatient Request/Page_Store/input_txttotal), "value"): Attribute 'value' of object 'Object Repository/Inpatient Request/Page_Store/input_txttotal' is: '5'

2018-05-15 14:30:08 - [MESSAGE][PASSED] - Attribute 'value' of object 'Object Repository/Inpatient Request/Page_Store/input_txttotal' is: '5'

2018-05-15 14:30:08 - [TEST_STEP][PASSED] - Statement - out.println("RequestedQty IS : " + RequestedQty): null

2018-05-15 14:30:08 - [TEST_STEP][PASSED] - Statement - BatchNo = com.kms.katalon.core.webui.keyword.WebUiBuiltInKeywords.getNumberOfTotalOption(com.kms.katalon.core.testobject.ObjectRepository.findTestObject(Inpatient Request/Page_Store/select_--Select--BA2910)): 2 options of object 'Object Repository/Inpatient Request/Page_Store/select_--Select--BA2910' counted

2018-05-15 14:30:08 - [MESSAGE][PASSED] - 2 options of object 'Object Repository/Inpatient Request/Page_Store/select_--Select--BA2910' counted

2018-05-15 14:30:08 - [TEST_STEP][PASSED] - Statement - For ([k = 1, k < BatchNo, (k++)]): null

2018-05-15 14:30:08 - [TEST_STEP][PASSED] - selectOptionByIndex: All options with index in [1] are selected on object 'Object Repository/Inpatient Request/Page_Store/select_--Select--BA2910'

2018-05-15 14:30:08 - [MESSAGE][PASSED] - All options with index in [1] are selected on object 'Object Repository/Inpatient Request/Page_Store/select_--Select--BA2910'

2018-05-15 14:30:08 - [TEST_STEP][PASSED] - delay: Delayed 2 second(s)

2018-05-15 14:30:10 - [MESSAGE][PASSED] - Delayed 2 second(s)

2018-05-15 14:30:10 - [TEST_STEP][PASSED] - Statement - StockQty = com.kms.katalon.core.webui.keyword.WebUiBuiltInKeywords.getAttribute(com.kms.katalon.core.testobject.ObjectRepository.findTestObject(Inpatient Request/Page_Store/input_txtprice), "value"): Attribute 'value' of object 'Object Repository/Inpatient Request/Page_Store/input_txtprice' is: '975'

2018-05-15 14:30:10 - [MESSAGE][PASSED] - Attribute 'value' of object 'Object Repository/Inpatient Request/Page_Store/input_txtprice' is: '975'

2018-05-15 14:30:10 - [TEST_STEP][PASSED] - Statement - out.println("StockQty IS : " + StockQty): null

2018-05-15 14:30:10 - [TEST_STEP][PASSED] - Statement - If (java.lang.Integer.valueOf(StockQty) > java.lang.Integer.valueOf(RequestedQty)): null

2018-05-15 14:30:10 - [TEST_STEP][PASSED] - delay: Delayed 1 second(s)

2018-05-15 14:30:11 - [MESSAGE][PASSED] - Delayed 1 second(s)

2018-05-15 14:30:11 - [TEST_STEP][PASSED] - setText: Text '5' is set on object 'Object Repository/Inpatient Request/Page_Store/input_txtqty'

2018-05-15 14:30:11 - [MESSAGE][PASSED] - Text '5' is set on object 'Object Repository/Inpatient Request/Page_Store/input_txtqty'

2018-05-15 14:30:11 - [TEST_STEP][PASSED] - click: Object: 'Object Repository/Inpatient Request/Page_Store/button_Add' is clicked on

2018-05-15 14:30:11 - [MESSAGE][PASSED] - Object: 'Object Repository/Inpatient Request/Page_Store/button_Add' is clicked on

2018-05-15 14:30:11 - [TEST_STEP][PASSED] - Statement - Break: null

2018-05-15 14:30:11 - [TEST_STEP][PASSED] - selectOptionByIndex: All options with index in [7] are selected on object 'Object Repository/Inpatient Request/Page_Store/select_--Select--Alcohol Rub i'

2018-05-15 14:30:12 - [MESSAGE][PASSED] - All options with index in [7] are selected on object 'Object Repository/Inpatient Request/Page_Store/select_--Select--Alcohol Rub i'

2018-05-15 14:30:12 - [TEST_STEP][PASSED] - delay: Delayed 2 second(s)

2018-05-15 14:30:14 - [MESSAGE][PASSED] - Delayed 2 second(s)

2018-05-15 14:30:14 - [TEST_STEP][PASSED] - Statement - RequestedQty = com.kms.katalon.core.webui.keyword.WebUiBuiltInKeywords.getAttribute(com.kms.katalon.core.testobject.ObjectRepository.findTestObject(Inpatient Request/Page_Store/input_txttotal), "value"): Attribute 'value' of object 'Object Repository/Inpatient Request/Page_Store/input_txttotal' is: '5'

2018-05-15 14:30:14 - [MESSAGE][PASSED] - Attribute 'value' of object 'Object Repository/Inpatient Request/Page_Store/input_txttotal' is: '5'

2018-05-15 14:30:14 - [TEST_STEP][PASSED] - Statement - out.println("RequestedQty IS : " + RequestedQty): null

2018-05-15 14:30:14 - [TEST_STEP][PASSED] - Statement - BatchNo = com.kms.katalon.core.webui.keyword.WebUiBuiltInKeywords.getNumberOfTotalOption(com.kms.katalon.core.testobject.ObjectRepository.findTestObject(Inpatient Request/Page_Store/select_--Select--BA2910)): 2 options of object 'Object Repository/Inpatient Request/Page_Store/select_--Select--BA2910' counted

2018-05-15 14:30:14 - [MESSAGE][PASSED] - 2 options of object 'Object Repository/Inpatient Request/Page_Store/select_--Select--BA2910' counted

2018-05-15 14:30:14 - [TEST_STEP][PASSED] - Statement - For ([k = 1, k < BatchNo, (k++)]): null

2018-05-15 14:30:14 - [TEST_STEP][PASSED] - selectOptionByIndex: All options with index in [1] are selected on object 'Object Repository/Inpatient Request/Page_Store/select_--Select--BA2910'

2018-05-15 14:30:14 - [MESSAGE][PASSED] - All options with index in [1] are selected on object 'Object Repository/Inpatient Request/Page_Store/select_--Select--BA2910'

2018-05-15 14:30:14 - [TEST_STEP][PASSED] - delay: Delayed 2 second(s)

2018-05-15 14:30:16 - [MESSAGE][PASSED] - Delayed 2 second(s)

2018-05-15 14:30:16 - [TEST_STEP][PASSED] - Statement - StockQty = com.kms.katalon.core.webui.keyword.WebUiBuiltInKeywords.getAttribute(com.kms.katalon.core.testobject.ObjectRepository.findTestObject(Inpatient Request/Page_Store/input_txtprice), "value"): Attribute 'value' of object 'Object Repository/Inpatient Request/Page_Store/input_txtprice' is: '975'

2018-05-15 14:30:16 - [MESSAGE][PASSED] - Attribute 'value' of object 'Object Repository/Inpatient Request/Page_Store/input_txtprice' is: '975'

2018-05-15 14:30:16 - [TEST_STEP][PASSED] - Statement - out.println("StockQty IS : " + StockQty): null

2018-05-15 14:30:16 - [TEST_STEP][PASSED] - Statement - If (java.lang.Integer.valueOf(StockQty) > java.lang.Integer.valueOf(RequestedQty)): null

2018-05-15 14:30:16 - [TEST_STEP][PASSED] - delay: Delayed 1 second(s)

2018-05-15 14:30:17 - [MESSAGE][PASSED] - Delayed 1 second(s)

2018-05-15 14:30:17 - [TEST_STEP][PASSED] - setText: Text '5' is set on object 'Object Repository/Inpatient Request/Page_Store/input_txtqty'

2018-05-15 14:30:17 - [MESSAGE][PASSED] - Text '5' is set on object 'Object Repository/Inpatient Request/Page_Store/input_txtqty'

2018-05-15 14:30:17 - [TEST_STEP][PASSED] - click: Object: 'Object Repository/Inpatient Request/Page_Store/button_Add' is clicked on

2018-05-15 14:30:17 - [MESSAGE][PASSED] - Object: 'Object Repository/Inpatient Request/Page_Store/button_Add' is clicked on

2018-05-15 14:30:17 - [TEST_STEP][PASSED] - Statement - Break: null

2018-05-15 14:30:17 - [TEST_STEP][PASSED] - selectOptionByIndex: All options with index in [8] are selected on object 'Object Repository/Inpatient Request/Page_Store/select_--Select--Alcohol Rub i'

2018-05-15 14:30:17 - [MESSAGE][PASSED] - All options with index in [8] are selected on object 'Object Repository/Inpatient Request/Page_Store/select_--Select--Alcohol Rub i'

2018-05-15 14:30:17 - [TEST_STEP][PASSED] - delay: Delayed 2 second(s)

2018-05-15 14:30:19 - [MESSAGE][PASSED] - Delayed 2 second(s)

2018-05-15 14:30:19 - [TEST_STEP][PASSED] - Statement - RequestedQty = com.kms.katalon.core.webui.keyword.WebUiBuiltInKeywords.getAttribute(com.kms.katalon.core.testobject.ObjectRepository.findTestObject(Inpatient Request/Page_Store/input_txttotal), "value"): Attribute 'value' of object 'Object Repository/Inpatient Request/Page_Store/input_txttotal' is: '5'

2018-05-15 14:30:19 - [MESSAGE][PASSED] - Attribute 'value' of object 'Object Repository/Inpatient Request/Page_Store/input_txttotal' is: '5'

2018-05-15 14:30:19 - [TEST_STEP][PASSED] - Statement - out.println("RequestedQty IS : " + RequestedQty): null

2018-05-15 14:30:19 - [TEST_STEP][PASSED] - Statement - BatchNo = com.kms.katalon.core.webui.keyword.WebUiBuiltInKeywords.getNumberOfTotalOption(com.kms.katalon.core.testobject.ObjectRepository.findTestObject(Inpatient Request/Page_Store/select_--Select--BA2910)): 2 options of object 'Object Repository/Inpatient Request/Page_Store/select_--Select--BA2910' counted

2018-05-15 14:30:19 - [MESSAGE][PASSED] - 2 options of object 'Object Repository/Inpatient Request/Page_Store/select_--Select--BA2910' counted

2018-05-15 14:30:19 - [TEST_STEP][PASSED] - Statement - For ([k = 1, k < BatchNo, (k++)]): null

2018-05-15 14:30:19 - [TEST_STEP][PASSED] - selectOptionByIndex: All options with index in [1] are selected on object 'Object Repository/Inpatient Request/Page_Store/select_--Select--BA2910'

2018-05-15 14:30:19 - [MESSAGE][PASSED] - All options with index in [1] are selected on object 'Object Repository/Inpatient Request/Page_Store/select_--Select--BA2910'

2018-05-15 14:30:19 - [TEST_STEP][PASSED] - delay: Delayed 2 second(s)

2018-05-15 14:30:21 - [MESSAGE][PASSED] - Delayed 2 second(s)

2018-05-15 14:30:21 - [TEST_STEP][PASSED] - Statement - StockQty = com.kms.katalon.core.webui.keyword.WebUiBuiltInKeywords.getAttribute(com.kms.katalon.core.testobject.ObjectRepository.findTestObject(Inpatient Request/Page_Store/input_txtprice), "value"): Attribute 'value' of object 'Object Repository/Inpatient Request/Page_Store/input_txtprice' is: '10000'

2018-05-15 14:30:21 - [MESSAGE][PASSED] - Attribute 'value' of object 'Object Repository/Inpatient Request/Page_Store/input_txtprice' is: '10000'

2018-05-15 14:30:21 - [TEST_STEP][PASSED] - Statement - out.println("StockQty IS : " + StockQty): null

2018-05-15 14:30:21 - [TEST_STEP][PASSED] - Statement - If (java.lang.Integer.valueOf(StockQty) > java.lang.Integer.valueOf(RequestedQty)): null

2018-05-15 14:30:21 - [TEST_STEP][PASSED] - delay: Delayed 1 second(s)

2018-05-15 14:30:22 - [MESSAGE][PASSED] - Delayed 1 second(s)

2018-05-15 14:30:22 - [TEST_STEP][PASSED] - setText: Text '5' is set on object 'Object Repository/Inpatient Request/Page_Store/input_txtqty'

2018-05-15 14:30:23 - [MESSAGE][PASSED] - Text '5' is set on object 'Object Repository/Inpatient Request/Page_Store/input_txtqty'

2018-05-15 14:30:23 - [TEST_STEP][PASSED] - click: Object: 'Object Repository/Inpatient Request/Page_Store/button_Add' is clicked on

2018-05-15 14:30:23 - [MESSAGE][PASSED] - Object: 'Object Repository/Inpatient Request/Page_Store/button_Add' is clicked on

2018-05-15 14:30:23 - [TEST_STEP][PASSED] - Statement - Break: null

2018-05-15 14:30:23 - [TEST_STEP][PASSED] - selectOptionByIndex: All options with index in [9] are selected on object 'Object Repository/Inpatient Request/Page_Store/select_--Select--Alcohol Rub i'

2018-05-15 14:30:23 - [MESSAGE][PASSED] - All options with index in [9] are selected on object 'Object Repository/Inpatient Request/Page_Store/select_--Select--Alcohol Rub i'

2018-05-15 14:30:23 - [TEST_STEP][PASSED] - delay: Delayed 2 second(s)

2018-05-15 14:30:25 - [MESSAGE][PASSED] - Delayed 2 second(s)

2018-05-15 14:30:25 - [TEST_STEP][PASSED] - Statement - RequestedQty = com.kms.katalon.core.webui.keyword.WebUiBuiltInKeywords.getAttribute(com.kms.katalon.core.testobject.ObjectRepository.findTestObject(Inpatient Request/Page_Store/input_txttotal), "value"): Attribute 'value' of object 'Object Repository/Inpatient Request/Page_Store/input_txttotal' is: '5'

2018-05-15 14:30:25 - [MESSAGE][PASSED] - Attribute 'value' of object 'Object Repository/Inpatient Request/Page_Store/input_txttotal' is: '5'

2018-05-15 14:30:25 - [TEST_STEP][PASSED] - Statement - out.println("RequestedQty IS : " + RequestedQty): null

2018-05-15 14:30:25 - [TEST_STEP][PASSED] - Statement - BatchNo = com.kms.katalon.core.webui.keyword.WebUiBuiltInKeywords.getNumberOfTotalOption(com.kms.katalon.core.testobject.ObjectRepository.findTestObject(Inpatient Request/Page_Store/select_--Select--BA2910)): 2 options of object 'Object Repository/Inpatient Request/Page_Store/select_--Select--BA2910' counted

2018-05-15 14:30:25 - [MESSAGE][PASSED] - 2 options of object 'Object Repository/Inpatient Request/Page_Store/select_--Select--BA2910' counted

2018-05-15 14:30:25 - [TEST_STEP][PASSED] - Statement - For ([k = 1, k < BatchNo, (k++)]): null

2018-05-15 14:30:25 - [TEST_STEP][PASSED] - selectOptionByIndex: All options with index in [1] are selected on object 'Object Repository/Inpatient Request/Page_Store/select_--Select--BA2910'

2018-05-15 14:30:25 - [MESSAGE][PASSED] - All options with index in [1] are selected on object 'Object Repository/Inpatient Request/Page_Store/select_--Select--BA2910'

2018-05-15 14:30:25 - [TEST_STEP][PASSED] - delay: Delayed 2 second(s)

2018-05-15 14:30:27 - [MESSAGE][PASSED] - Delayed 2 second(s)

2018-05-15 14:30:27 - [TEST_STEP][PASSED] - Statement - StockQty = com.kms.katalon.core.webui.keyword.WebUiBuiltInKeywords.getAttribute(com.kms.katalon.core.testobject.ObjectRepository.findTestObject(Inpatient Request/Page_Store/input_txtprice), "value"): Attribute 'value' of object 'Object Repository/Inpatient Request/Page_Store/input_txtprice' is: '10000'

2018-05-15 14:30:27 - [MESSAGE][PASSED] - Attribute 'value' of object 'Object Repository/Inpatient Request/Page_Store/input_txtprice' is: '10000'

2018-05-15 14:30:27 - [TEST_STEP][PASSED] - Statement - out.println("StockQty IS : " + StockQty): null

2018-05-15 14:30:27 - [TEST_STEP][PASSED] - Statement - If (java.lang.Integer.valueOf(StockQty) > java.lang.Integer.valueOf(RequestedQty)): null

2018-05-15 14:30:27 - [TEST_STEP][PASSED] - delay: Delayed 1 second(s)

2018-05-15 14:30:28 - [MESSAGE][PASSED] - Delayed 1 second(s)

2018-05-15 14:30:28 - [TEST_STEP][PASSED] - setText: Text '5' is set on object 'Object Repository/Inpatient Request/Page_Store/input_txtqty'

2018-05-15 14:30:28 - [MESSAGE][PASSED] - Text '5' is set on object 'Object Repository/Inpatient Request/Page_Store/input_txtqty'

2018-05-15 14:30:28 - [TEST_STEP][PASSED] - click: Object: 'Object Repository/Inpatient Request/Page_Store/button_Add' is clicked on

2018-05-15 14:30:28 - [MESSAGE][PASSED] - Object: 'Object Repository/Inpatient Request/Page_Store/button_Add' is clicked on

2018-05-15 14:30:28 - [TEST_STEP][PASSED] - Statement - Break: null

2018-05-15 14:30:28 - [TEST_STEP][PASSED] - selectOptionByIndex: All options with index in [10] are selected on object 'Object Repository/Inpatient Request/Page_Store/select_--Select--Alcohol Rub i'

2018-05-15 14:30:28 - [MESSAGE][PASSED] - All options with index in [10] are selected on object 'Object Repository/Inpatient Request/Page_Store/select_--Select--Alcohol Rub i'

2018-05-15 14:30:28 - [TEST_STEP][PASSED] - delay: Delayed 2 second(s)

2018-05-15 14:30:30 - [MESSAGE][PASSED] - Delayed 2 second(s)

2018-05-15 14:30:30 - [TEST_STEP][PASSED] - Statement - RequestedQty = com.kms.katalon.core.webui.keyword.WebUiBuiltInKeywords.getAttribute(com.kms.katalon.core.testobject.ObjectRepository.findTestObject(Inpatient Request/Page_Store/input_txttotal), "value"): Attribute 'value' of object 'Object Repository/Inpatient Request/Page_Store/input_txttotal' is: '5'

2018-05-15 14:30:30 - [MESSAGE][PASSED] - Attribute 'value' of object 'Object Repository/Inpatient Request/Page_Store/input_txttotal' is: '5'

2018-05-15 14:30:30 - [TEST_STEP][PASSED] - Statement - out.println("RequestedQty IS : " + RequestedQty): null

2018-05-15 14:30:30 - [TEST_STEP][PASSED] - Statement - BatchNo = com.kms.katalon.core.webui.keyword.WebUiBuiltInKeywords.getNumberOfTotalOption(com.kms.katalon.core.testobject.ObjectRepository.findTestObject(Inpatient Request/Page_Store/select_--Select--BA2910)): 2 options of object 'Object Repository/Inpatient Request/Page_Store/select_--Select--BA2910' counted

2018-05-15 14:30:31 - [MESSAGE][PASSED] - 2 options of object 'Object Repository/Inpatient Request/Page_Store/select_--Select--BA2910' counted

2018-05-15 14:30:31 - [TEST_STEP][PASSED] - Statement - For ([k = 1, k < BatchNo, (k++)]): null

2018-05-15 14:30:31 - [TEST_STEP][PASSED] - selectOptionByIndex: All options with index in [1] are selected on object 'Object Repository/Inpatient Request/Page_Store/select_--Select--BA2910'

2018-05-15 14:30:31 - [MESSAGE][PASSED] - All options with index in [1] are selected on object 'Object Repository/Inpatient Request/Page_Store/select_--Select--BA2910'

2018-05-15 14:30:31 - [TEST_STEP][PASSED] - delay: Delayed 2 second(s)

2018-05-15 14:30:33 - [MESSAGE][PASSED] - Delayed 2 second(s)

2018-05-15 14:30:33 - [TEST_STEP][PASSED] - Statement - StockQty = com.kms.katalon.core.webui.keyword.WebUiBuiltInKeywords.getAttribute(com.kms.katalon.core.testobject.ObjectRepository.findTestObject(Inpatient Request/Page_Store/input_txtprice), "value"): Attribute 'value' of object 'Object Repository/Inpatient Request/Page_Store/input_txtprice' is: '9830'

2018-05-15 14:30:33 - [MESSAGE][PASSED] - Attribute 'value' of object 'Object Repository/Inpatient Request/Page_Store/input_txtprice' is: '9830'

2018-05-15 14:30:33 - [TEST_STEP][PASSED] - Statement - out.println("StockQty IS : " + StockQty): null

2018-05-15 14:30:33 - [TEST_STEP][PASSED] - Statement - If (java.lang.Integer.valueOf(StockQty) > java.lang.Integer.valueOf(RequestedQty)): null

2018-05-15 14:30:33 - [TEST_STEP][PASSED] - delay: Delayed 1 second(s)

2018-05-15 14:30:34 - [MESSAGE][PASSED] - Delayed 1 second(s)

2018-05-15 14:30:34 - [TEST_STEP][PASSED] - setText: Text '5' is set on object 'Object Repository/Inpatient Request/Page_Store/input_txtqty'

2018-05-15 14:30:34 - [MESSAGE][PASSED] - Text '5' is set on object 'Object Repository/Inpatient Request/Page_Store/input_txtqty'

2018-05-15 14:30:34 - [TEST_STEP][PASSED] - click: Object: 'Object Repository/Inpatient Request/Page_Store/button_Add' is clicked on

2018-05-15 14:30:34 - [MESSAGE][PASSED] - Object: 'Object Repository/Inpatient Request/Page_Store/button_Add' is clicked on

2018-05-15 14:30:34 - [TEST_STEP][PASSED] - Statement - Break: null

2018-05-15 14:30:34 - [TEST_STEP][PASSED] - selectOptionByIndex: All options with index in [11] are selected on object 'Object Repository/Inpatient Request/Page_Store/select_--Select--Alcohol Rub i'

2018-05-15 14:30:34 - [MESSAGE][PASSED] - All options with index in [11] are selected on object 'Object Repository/Inpatient Request/Page_Store/select_--Select--Alcohol Rub i'

2018-05-15 14:30:34 - [TEST_STEP][PASSED] - delay: Delayed 2 second(s)

2018-05-15 14:30:36 - [MESSAGE][PASSED] - Delayed 2 second(s)

2018-05-15 14:30:36 - [TEST_STEP][PASSED] - Statement - RequestedQty = com.kms.katalon.core.webui.keyword.WebUiBuiltInKeywords.getAttribute(com.kms.katalon.core.testobject.ObjectRepository.findTestObject(Inpatient Request/Page_Store/input_txttotal), "value"): Attribute 'value' of object 'Object Repository/Inpatient Request/Page_Store/input_txttotal' is: '5'

2018-05-15 14:30:36 - [MESSAGE][PASSED] - Attribute 'value' of object 'Object Repository/Inpatient Request/Page_Store/input_txttotal' is: '5'

2018-05-15 14:30:36 - [TEST_STEP][PASSED] - Statement - out.println("RequestedQty IS : " + RequestedQty): null

2018-05-15 14:30:36 - [TEST_STEP][PASSED] - Statement - BatchNo = com.kms.katalon.core.webui.keyword.WebUiBuiltInKeywords.getNumberOfTotalOption(com.kms.katalon.core.testobject.ObjectRepository.findTestObject(Inpatient Request/Page_Store/select_--Select--BA2910)): 2 options of object 'Object Repository/Inpatient Request/Page_Store/select_--Select--BA2910' counted

2018-05-15 14:30:36 - [MESSAGE][PASSED] - 2 options of object 'Object Repository/Inpatient Request/Page_Store/select_--Select--BA2910' counted

2018-05-15 14:30:36 - [TEST_STEP][PASSED] - Statement - For ([k = 1, k < BatchNo, (k++)]): null

2018-05-15 14:30:36 - [TEST_STEP][PASSED] - selectOptionByIndex: All options with index in [1] are selected on object 'Object Repository/Inpatient Request/Page_Store/select_--Select--BA2910'

2018-05-15 14:30:36 - [MESSAGE][PASSED] - All options with index in [1] are selected on object 'Object Repository/Inpatient Request/Page_Store/select_--Select--BA2910'

2018-05-15 14:30:36 - [TEST_STEP][PASSED] - delay: Delayed 2 second(s)

2018-05-15 14:30:38 - [MESSAGE][PASSED] - Delayed 2 second(s)

2018-05-15 14:30:38 - [TEST_STEP][PASSED] - Statement - StockQty = com.kms.katalon.core.webui.keyword.WebUiBuiltInKeywords.getAttribute(com.kms.katalon.core.testobject.ObjectRepository.findTestObject(Inpatient Request/Page_Store/input_txtprice), "value"): Attribute 'value' of object 'Object Repository/Inpatient Request/Page_Store/input_txtprice' is: '10000'

2018-05-15 14:30:38 - [MESSAGE][PASSED] - Attribute 'value' of object 'Object Repository/Inpatient Request/Page_Store/input_txtprice' is: '10000'

2018-05-15 14:30:38 - [TEST_STEP][PASSED] - Statement - out.println("StockQty IS : " + StockQty): null

2018-05-15 14:30:38 - [TEST_STEP][PASSED] - Statement - If (java.lang.Integer.valueOf(StockQty) > java.lang.Integer.valueOf(RequestedQty)): null

2018-05-15 14:30:38 - [TEST_STEP][PASSED] - delay: Delayed 1 second(s)

2018-05-15 14:30:39 - [MESSAGE][PASSED] - Delayed 1 second(s)

2018-05-15 14:30:39 - [TEST_STEP][PASSED] - setText: Text '5' is set on object 'Object Repository/Inpatient Request/Page_Store/input_txtqty'

2018-05-15 14:30:39 - [MESSAGE][PASSED] - Text '5' is set on object 'Object Repository/Inpatient Request/Page_Store/input_txtqty'

2018-05-15 14:30:39 - [TEST_STEP][PASSED] - click: Object: 'Object Repository/Inpatient Request/Page_Store/button_Add' is clicked on

2018-05-15 14:30:39 - [MESSAGE][PASSED] - Object: 'Object Repository/Inpatient Request/Page_Store/button_Add' is clicked on

2018-05-15 14:30:39 - [TEST_STEP][PASSED] - Statement - Break: null

2018-05-15 14:30:39 - [TEST_STEP][PASSED] - selectOptionByIndex: All options with index in [12] are selected on object 'Object Repository/Inpatient Request/Page_Store/select_--Select--Alcohol Rub i'

2018-05-15 14:30:40 - [MESSAGE][PASSED] - All options with index in [12] are selected on object 'Object Repository/Inpatient Request/Page_Store/select_--Select--Alcohol Rub i'

2018-05-15 14:30:40 - [TEST_STEP][PASSED] - delay: Delayed 2 second(s)

2018-05-15 14:30:42 - [MESSAGE][PASSED] - Delayed 2 second(s)

2018-05-15 14:30:42 - [TEST_STEP][PASSED] - Statement - RequestedQty = com.kms.katalon.core.webui.keyword.WebUiBuiltInKeywords.getAttribute(com.kms.katalon.core.testobject.ObjectRepository.findTestObject(Inpatient Request/Page_Store/input_txttotal), "value"): Attribute 'value' of object 'Object Repository/Inpatient Request/Page_Store/input_txttotal' is: '5'

2018-05-15 14:30:42 - [MESSAGE][PASSED] - Attribute 'value' of object 'Object Repository/Inpatient Request/Page_Store/input_txttotal' is: '5'

2018-05-15 14:30:42 - [TEST_STEP][PASSED] - Statement - out.println("RequestedQty IS : " + RequestedQty): null

2018-05-15 14:30:42 - [TEST_STEP][PASSED] - Statement - BatchNo = com.kms.katalon.core.webui.keyword.WebUiBuiltInKeywords.getNumberOfTotalOption(com.kms.katalon.core.testobject.ObjectRepository.findTestObject(Inpatient Request/Page_Store/select_--Select--BA2910)): 2 options of object 'Object Repository/Inpatient Request/Page_Store/select_--Select--BA2910' counted

2018-05-15 14:30:42 - [MESSAGE][PASSED] - 2 options of object 'Object Repository/Inpatient Request/Page_Store/select_--Select--BA2910' counted

2018-05-15 14:30:42 - [TEST_STEP][PASSED] - Statement - For ([k = 1, k < BatchNo, (k++)]): null

2018-05-15 14:30:42 - [TEST_STEP][PASSED] - selectOptionByIndex: All options with index in [1] are selected on object 'Object Repository/Inpatient Request/Page_Store/select_--Select--BA2910'

2018-05-15 14:30:42 - [MESSAGE][PASSED] - All options with index in [1] are selected on object 'Object Repository/Inpatient Request/Page_Store/select_--Select--BA2910'

2018-05-15 14:30:42 - [TEST_STEP][PASSED] - delay: Delayed 2 second(s)

2018-05-15 14:30:44 - [MESSAGE][PASSED] - Delayed 2 second(s)

2018-05-15 14:30:44 - [TEST_STEP][PASSED] - Statement - StockQty = com.kms.katalon.core.webui.keyword.WebUiBuiltInKeywords.getAttribute(com.kms.katalon.core.testobject.ObjectRepository.findTestObject(Inpatient Request/Page_Store/input_txtprice), "value"): Attribute 'value' of object 'Object Repository/Inpatient Request/Page_Store/input_txtprice' is: '10000'

2018-05-15 14:30:44 - [MESSAGE][PASSED] - Attribute 'value' of object 'Object Repository/Inpatient Request/Page_Store/input_txtprice' is: '10000'

2018-05-15 14:30:44 - [TEST_STEP][PASSED] - Statement - out.println("StockQty IS : " + StockQty): null

2018-05-15 14:30:44 - [TEST_STEP][PASSED] - Statement - If (java.lang.Integer.valueOf(StockQty) > java.lang.Integer.valueOf(RequestedQty)): null

2018-05-15 14:30:44 - [TEST_STEP][PASSED] - delay: Delayed 1 second(s)

2018-05-15 14:30:45 - [MESSAGE][PASSED] - Delayed 1 second(s)

2018-05-15 14:30:45 - [TEST_STEP][PASSED] - setText: Text '5' is set on object 'Object Repository/Inpatient Request/Page_Store/input_txtqty'

2018-05-15 14:30:45 - [MESSAGE][PASSED] - Text '5' is set on object 'Object Repository/Inpatient Request/Page_Store/input_txtqty'

2018-05-15 14:30:45 - [TEST_STEP][PASSED] - click: Object: 'Object Repository/Inpatient Request/Page_Store/button_Add' is clicked on

2018-05-15 14:30:45 - [MESSAGE][PASSED] - Object: 'Object Repository/Inpatient Request/Page_Store/button_Add' is clicked on

2018-05-15 14:30:45 - [TEST_STEP][PASSED] - Statement - Break: null

2018-05-15 14:30:45 - [TEST_STEP][PASSED] - selectOptionByIndex: All options with index in [13] are selected on object 'Object Repository/Inpatient Request/Page_Store/select_--Select--Alcohol Rub i'

2018-05-15 14:30:45 - [MESSAGE][PASSED] - All options with index in [13] are selected on object 'Object Repository/Inpatient Request/Page_Store/select_--Select--Alcohol Rub i'

2018-05-15 14:30:45 - [TEST_STEP][PASSED] - delay: Delayed 2 second(s)

2018-05-15 14:30:47 - [MESSAGE][PASSED] - Delayed 2 second(s)

2018-05-15 14:30:47 - [TEST_STEP][PASSED] - Statement - RequestedQty = com.kms.katalon.core.webui.keyword.WebUiBuiltInKeywords.getAttribute(com.kms.katalon.core.testobject.ObjectRepository.findTestObject(Inpatient Request/Page_Store/input_txttotal), "value"): Attribute 'value' of object 'Object Repository/Inpatient Request/Page_Store/input_txttotal' is: '5'

2018-05-15 14:30:47 - [MESSAGE][PASSED] - Attribute 'value' of object 'Object Repository/Inpatient Request/Page_Store/input_txttotal' is: '5'

2018-05-15 14:30:47 - [TEST_STEP][PASSED] - Statement - out.println("RequestedQty IS : " + RequestedQty): null

2018-05-15 14:30:47 - [TEST_STEP][PASSED] - Statement - BatchNo = com.kms.katalon.core.webui.keyword.WebUiBuiltInKeywords.getNumberOfTotalOption(com.kms.katalon.core.testobject.ObjectRepository.findTestObject(Inpatient Request/Page_Store/select_--Select--BA2910)): 2 options of object 'Object Repository/Inpatient Request/Page_Store/select_--Select--BA2910' counted

2018-05-15 14:30:47 - [MESSAGE][PASSED] - 2 options of object 'Object Repository/Inpatient Request/Page_Store/select_--Select--BA2910' counted

2018-05-15 14:30:47 - [TEST_STEP][PASSED] - Statement - For ([k = 1, k < BatchNo, (k++)]): null

2018-05-15 14:30:47 - [TEST_STEP][PASSED] - selectOptionByIndex: All options with index in [1] are selected on object 'Object Repository/Inpatient Request/Page_Store/select_--Select--BA2910'

2018-05-15 14:30:48 - [MESSAGE][PASSED] - All options with index in [1] are selected on object 'Object Repository/Inpatient Request/Page_Store/select_--Select--BA2910'

2018-05-15 14:30:48 - [TEST_STEP][PASSED] - delay: Delayed 2 second(s)

2018-05-15 14:30:50 - [MESSAGE][PASSED] - Delayed 2 second(s)

2018-05-15 14:30:50 - [TEST_STEP][PASSED] - Statement - StockQty = com.kms.katalon.core.webui.keyword.WebUiBuiltInKeywords.getAttribute(com.kms.katalon.core.testobject.ObjectRepository.findTestObject(Inpatient Request/Page_Store/input_txtprice), "value"): Attribute 'value' of object 'Object Repository/Inpatient Request/Page_Store/input_txtprice' is: '10000'

2018-05-15 14:30:50 - [MESSAGE][PASSED] - Attribute 'value' of object 'Object Repository/Inpatient Request/Page_Store/input_txtprice' is: '10000'

2018-05-15 14:30:50 - [TEST_STEP][PASSED] - Statement - out.println("StockQty IS : " + StockQty): null

2018-05-15 14:30:50 - [TEST_STEP][PASSED] - Statement - If (java.lang.Integer.valueOf(StockQty) > java.lang.Integer.valueOf(RequestedQty)): null

2018-05-15 14:30:50 - [TEST_STEP][PASSED] - delay: Delayed 1 second(s)

2018-05-15 14:30:51 - [MESSAGE][PASSED] - Delayed 1 second(s)

2018-05-15 14:30:51 - [TEST_STEP][PASSED] - setText: Text '5' is set on object 'Object Repository/Inpatient Request/Page_Store/input_txtqty'

2018-05-15 14:30:51 - [MESSAGE][PASSED] - Text '5' is set on object 'Object Repository/Inpatient Request/Page_Store/input_txtqty'

2018-05-15 14:30:51 - [TEST_STEP][PASSED] - click: Object: 'Object Repository/Inpatient Request/Page_Store/button_Add' is clicked on

2018-05-15 14:30:51 - [MESSAGE][PASSED] - Object: 'Object Repository/Inpatient Request/Page_Store/button_Add' is clicked on

2018-05-15 14:30:51 - [TEST_STEP][PASSED] - Statement - Break: null

2018-05-15 14:30:51 - [TEST_STEP][PASSED] - selectOptionByIndex: All options with index in [14] are selected on object 'Object Repository/Inpatient Request/Page_Store/select_--Select--Alcohol Rub i'

2018-05-15 14:30:51 - [MESSAGE][PASSED] - All options with index in [14] are selected on object 'Object Repository/Inpatient Request/Page_Store/select_--Select--Alcohol Rub i'

2018-05-15 14:30:51 - [TEST_STEP][PASSED] - delay: Delayed 2 second(s)

2018-05-15 14:30:53 - [MESSAGE][PASSED] - Delayed 2 second(s)

2018-05-15 14:30:53 - [TEST_STEP][PASSED] - Statement - RequestedQty = com.kms.katalon.core.webui.keyword.WebUiBuiltInKeywords.getAttribute(com.kms.katalon.core.testobject.ObjectRepository.findTestObject(Inpatient Request/Page_Store/input_txttotal), "value"): Attribute 'value' of object 'Object Repository/Inpatient Request/Page_Store/input_txttotal' is: '5'

2018-05-15 14:30:53 - [MESSAGE][PASSED] - Attribute 'value' of object 'Object Repository/Inpatient Request/Page_Store/input_txttotal' is: '5'

2018-05-15 14:30:53 - [TEST_STEP][PASSED] - Statement - out.println("RequestedQty IS : " + RequestedQty): null

2018-05-15 14:30:53 - [TEST_STEP][PASSED] - Statement - BatchNo = com.kms.katalon.core.webui.keyword.WebUiBuiltInKeywords.getNumberOfTotalOption(com.kms.katalon.core.testobject.ObjectRepository.findTestObject(Inpatient Request/Page_Store/select_--Select--BA2910)): 2 options of object 'Object Repository/Inpatient Request/Page_Store/select_--Select--BA2910' counted

2018-05-15 14:30:53 - [MESSAGE][PASSED] - 2 options of object 'Object Repository/Inpatient Request/Page_Store/select_--Select--BA2910' counted

2018-05-15 14:30:53 - [TEST_STEP][PASSED] - Statement - For ([k = 1, k < BatchNo, (k++)]): null

2018-05-15 14:30:53 - [TEST_STEP][PASSED] - selectOptionByIndex: All options with index in [1] are selected on object 'Object Repository/Inpatient Request/Page_Store/select_--Select--BA2910'

2018-05-15 14:30:53 - [MESSAGE][PASSED] - All options with index in [1] are selected on object 'Object Repository/Inpatient Request/Page_Store/select_--Select--BA2910'

2018-05-15 14:30:53 - [TEST_STEP][PASSED] - delay: Delayed 2 second(s)

2018-05-15 14:30:55 - [MESSAGE][PASSED] - Delayed 2 second(s)

2018-05-15 14:30:55 - [TEST_STEP][PASSED] - Statement - StockQty = com.kms.katalon.core.webui.keyword.WebUiBuiltInKeywords.getAttribute(com.kms.katalon.core.testobject.ObjectRepository.findTestObject(Inpatient Request/Page_Store/input_txtprice), "value"): Attribute 'value' of object 'Object Repository/Inpatient Request/Page_Store/input_txtprice' is: '10000'

2018-05-15 14:30:55 - [MESSAGE][PASSED] - Attribute 'value' of object 'Object Repository/Inpatient Request/Page_Store/input_txtprice' is: '10000'

2018-05-15 14:30:55 - [TEST_STEP][PASSED] - Statement - out.println("StockQty IS : " + StockQty): null

2018-05-15 14:30:55 - [TEST_STEP][PASSED] - Statement - If (java.lang.Integer.valueOf(StockQty) > java.lang.Integer.valueOf(RequestedQty)): null

2018-05-15 14:30:55 - [TEST_STEP][PASSED] - delay: Delayed 1 second(s)

2018-05-15 14:30:56 - [MESSAGE][PASSED] - Delayed 1 second(s)

2018-05-15 14:30:56 - [TEST_STEP][PASSED] - setText: Text '5' is set on object 'Object Repository/Inpatient Request/Page_Store/input_txtqty'

2018-05-15 14:30:56 - [MESSAGE][PASSED] - Text '5' is set on object 'Object Repository/Inpatient Request/Page_Store/input_txtqty'

2018-05-15 14:30:56 - [TEST_STEP][PASSED] - click: Object: 'Object Repository/Inpatient Request/Page_Store/button_Add' is clicked on

2018-05-15 14:30:56 - [MESSAGE][PASSED] - Object: 'Object Repository/Inpatient Request/Page_Store/button_Add' is clicked on

2018-05-15 14:30:56 - [TEST_STEP][PASSED] - Statement - Break: null

2018-05-15 14:30:56 - [TEST_STEP][PASSED] - selectOptionByIndex: All options with index in [15] are selected on object 'Object Repository/Inpatient Request/Page_Store/select_--Select--Alcohol Rub i'

2018-05-15 14:30:57 - [MESSAGE][PASSED] - All options with index in [15] are selected on object 'Object Repository/Inpatient Request/Page_Store/select_--Select--Alcohol Rub i'

2018-05-15 14:30:57 - [TEST_STEP][PASSED] - delay: Delayed 2 second(s)

2018-05-15 14:30:59 - [MESSAGE][PASSED] - Delayed 2 second(s)

2018-05-15 14:30:59 - [TEST_STEP][PASSED] - Statement - RequestedQty = com.kms.katalon.core.webui.keyword.WebUiBuiltInKeywords.getAttribute(com.kms.katalon.core.testobject.ObjectRepository.findTestObject(Inpatient Request/Page_Store/input_txttotal), "value"): Attribute 'value' of object 'Object Repository/Inpatient Request/Page_Store/input_txttotal' is: '5'

2018-05-15 14:30:59 - [MESSAGE][PASSED] - Attribute 'value' of object 'Object Repository/Inpatient Request/Page_Store/input_txttotal' is: '5'

2018-05-15 14:30:59 - [TEST_STEP][PASSED] - Statement - out.println("RequestedQty IS : " + RequestedQty): null

2018-05-15 14:30:59 - [TEST_STEP][PASSED] - Statement - BatchNo = com.kms.katalon.core.webui.keyword.WebUiBuiltInKeywords.getNumberOfTotalOption(com.kms.katalon.core.testobject.ObjectRepository.findTestObject(Inpatient Request/Page_Store/select_--Select--BA2910)): 2 options of object 'Object Repository/Inpatient Request/Page_Store/select_--Select--BA2910' counted

2018-05-15 14:30:59 - [MESSAGE][PASSED] - 2 options of object 'Object Repository/Inpatient Request/Page_Store/select_--Select--BA2910' counted

2018-05-15 14:30:59 - [TEST_STEP][PASSED] - Statement - For ([k = 1, k < BatchNo, (k++)]): null

2018-05-15 14:30:59 - [TEST_STEP][PASSED] - selectOptionByIndex: All options with index in [1] are selected on object 'Object Repository/Inpatient Request/Page_Store/select_--Select--BA2910'

2018-05-15 14:30:59 - [MESSAGE][PASSED] - All options with index in [1] are selected on object 'Object Repository/Inpatient Request/Page_Store/select_--Select--BA2910'

2018-05-15 14:30:59 - [TEST_STEP][PASSED] - delay: Delayed 2 second(s)

2018-05-15 14:31:01 - [MESSAGE][PASSED] - Delayed 2 second(s)

2018-05-15 14:31:01 - [TEST_STEP][PASSED] - Statement - StockQty = com.kms.katalon.core.webui.keyword.WebUiBuiltInKeywords.getAttribute(com.kms.katalon.core.testobject.ObjectRepository.findTestObject(Inpatient Request/Page_Store/input_txtprice), "value"): Attribute 'value' of object 'Object Repository/Inpatient Request/Page_Store/input_txtprice' is: '20000'

2018-05-15 14:31:01 - [MESSAGE][PASSED] - Attribute 'value' of object 'Object Repository/Inpatient Request/Page_Store/input_txtprice' is: '20000'

2018-05-15 14:31:01 - [TEST_STEP][PASSED] - Statement - out.println("StockQty IS : " + StockQty): null

2018-05-15 14:31:01 - [TEST_STEP][PASSED] - Statement - If (java.lang.Integer.valueOf(StockQty) > java.lang.Integer.valueOf(RequestedQty)): null

2018-05-15 14:31:01 - [TEST_STEP][PASSED] - delay: Delayed 1 second(s)

2018-05-15 14:31:02 - [MESSAGE][PASSED] - Delayed 1 second(s)

2018-05-15 14:31:02 - [TEST_STEP][PASSED] - setText: Text '5' is set on object 'Object Repository/Inpatient Request/Page_Store/input_txtqty'

2018-05-15 14:31:02 - [MESSAGE][PASSED] - Text '5' is set on object 'Object Repository/Inpatient Request/Page_Store/input_txtqty'

2018-05-15 14:31:02 - [TEST_STEP][PASSED] - click: Object: 'Object Repository/Inpatient Request/Page_Store/button_Add' is clicked on

2018-05-15 14:31:02 - [MESSAGE][PASSED] - Object: 'Object Repository/Inpatient Request/Page_Store/button_Add' is clicked on

2018-05-15 14:31:02 - [TEST_STEP][PASSED] - Statement - Break: null

2018-05-15 14:31:02 - [TEST_STEP][PASSED] - selectOptionByIndex: All options with index in [16] are selected on object 'Object Repository/Inpatient Request/Page_Store/select_--Select--Alcohol Rub i'

2018-05-15 14:31:02 - [MESSAGE][PASSED] - All options with index in [16] are selected on object 'Object Repository/Inpatient Request/Page_Store/select_--Select--Alcohol Rub i'

2018-05-15 14:31:02 - [TEST_STEP][PASSED] - delay: Delayed 2 second(s)

2018-05-15 14:31:04 - [MESSAGE][PASSED] - Delayed 2 second(s)

2018-05-15 14:31:04 - [TEST_STEP][PASSED] - Statement - RequestedQty = com.kms.katalon.core.webui.keyword.WebUiBuiltInKeywords.getAttribute(com.kms.katalon.core.testobject.ObjectRepository.findTestObject(Inpatient Request/Page_Store/input_txttotal), "value"): Attribute 'value' of object 'Object Repository/Inpatient Request/Page_Store/input_txttotal' is: '5'

2018-05-15 14:31:04 - [MESSAGE][PASSED] - Attribute 'value' of object 'Object Repository/Inpatient Request/Page_Store/input_txttotal' is: '5'

2018-05-15 14:31:04 - [TEST_STEP][PASSED] - Statement - out.println("RequestedQty IS : " + RequestedQty): null

2018-05-15 14:31:04 - [TEST_STEP][PASSED] - Statement - BatchNo = com.kms.katalon.core.webui.keyword.WebUiBuiltInKeywords.getNumberOfTotalOption(com.kms.katalon.core.testobject.ObjectRepository.findTestObject(Inpatient Request/Page_Store/select_--Select--BA2910)): 2 options of object 'Object Repository/Inpatient Request/Page_Store/select_--Select--BA2910' counted

2018-05-15 14:31:04 - [MESSAGE][PASSED] - 2 options of object 'Object Repository/Inpatient Request/Page_Store/select_--Select--BA2910' counted

2018-05-15 14:31:04 - [TEST_STEP][PASSED] - Statement - For ([k = 1, k < BatchNo, (k++)]): null

2018-05-15 14:31:04 - [TEST_STEP][PASSED] - selectOptionByIndex: All options with index in [1] are selected on object 'Object Repository/Inpatient Request/Page_Store/select_--Select--BA2910'

2018-05-15 14:31:04 - [MESSAGE][PASSED] - All options with index in [1] are selected on object 'Object Repository/Inpatient Request/Page_Store/select_--Select--BA2910'

2018-05-15 14:31:04 - [TEST_STEP][PASSED] - delay: Delayed 2 second(s)

2018-05-15 14:31:06 - [MESSAGE][PASSED] - Delayed 2 second(s)

2018-05-15 14:31:06 - [TEST_STEP][PASSED] - Statement - StockQty = com.kms.katalon.core.webui.keyword.WebUiBuiltInKeywords.getAttribute(com.kms.katalon.core.testobject.ObjectRepository.findTestObject(Inpatient Request/Page_Store/input_txtprice), "value"): Attribute 'value' of object 'Object Repository/Inpatient Request/Page_Store/input_txtprice' is: '10000'

2018-05-15 14:31:06 - [MESSAGE][PASSED] - Attribute 'value' of object 'Object Repository/Inpatient Request/Page_Store/input_txtprice' is: '10000'

2018-05-15 14:31:06 - [TEST_STEP][PASSED] - Statement - out.println("StockQty IS : " + StockQty): null

2018-05-15 14:31:06 - [TEST_STEP][PASSED] - Statement - If (java.lang.Integer.valueOf(StockQty) > java.lang.Integer.valueOf(RequestedQty)): null

2018-05-15 14:31:06 - [TEST_STEP][PASSED] - delay: Delayed 1 second(s)

2018-05-15 14:31:07 - [MESSAGE][PASSED] - Delayed 1 second(s)

2018-05-15 14:31:07 - [TEST_STEP][PASSED] - setText: Text '5' is set on object 'Object Repository/Inpatient Request/Page_Store/input_txtqty'

2018-05-15 14:31:08 - [MESSAGE][PASSED] - Text '5' is set on object 'Object Repository/Inpatient Request/Page_Store/input_txtqty'

2018-05-15 14:31:08 - [TEST_STEP][PASSED] - click: Object: 'Object Repository/Inpatient Request/Page_Store/button_Add' is clicked on

2018-05-15 14:31:08 - [MESSAGE][PASSED] - Object: 'Object Repository/Inpatient Request/Page_Store/button_Add' is clicked on

2018-05-15 14:31:08 - [TEST_STEP][PASSED] - Statement - Break: null

2018-05-15 14:31:08 - [TEST_STEP][PASSED] - selectOptionByIndex: All options with index in [17] are selected on object 'Object Repository/Inpatient Request/Page_Store/select_--Select--Alcohol Rub i'

2018-05-15 14:31:08 - [MESSAGE][PASSED] - All options with index in [17] are selected on object 'Object Repository/Inpatient Request/Page_Store/select_--Select--Alcohol Rub i'

2018-05-15 14:31:08 - [TEST_STEP][PASSED] - delay: Delayed 2 second(s)

2018-05-15 14:31:10 - [MESSAGE][PASSED] - Delayed 2 second(s)

2018-05-15 14:31:10 - [TEST_STEP][PASSED] - Statement - RequestedQty = com.kms.katalon.core.webui.keyword.WebUiBuiltInKeywords.getAttribute(com.kms.katalon.core.testobject.ObjectRepository.findTestObject(Inpatient Request/Page_Store/input_txttotal), "value"): Attribute 'value' of object 'Object Repository/Inpatient Request/Page_Store/input_txttotal' is: '5'

2018-05-15 14:31:10 - [MESSAGE][PASSED] - Attribute 'value' of object 'Object Repository/Inpatient Request/Page_Store/input_txttotal' is: '5'

2018-05-15 14:31:10 - [TEST_STEP][PASSED] - Statement - out.println("RequestedQty IS : " + RequestedQty): null

2018-05-15 14:31:10 - [TEST_STEP][PASSED] - Statement - BatchNo = com.kms.katalon.core.webui.keyword.WebUiBuiltInKeywords.getNumberOfTotalOption(com.kms.katalon.core.testobject.ObjectRepository.findTestObject(Inpatient Request/Page_Store/select_--Select--BA2910)): 2 options of object 'Object Repository/Inpatient Request/Page_Store/select_--Select--BA2910' counted

2018-05-15 14:31:10 - [MESSAGE][PASSED] - 2 options of object 'Object Repository/Inpatient Request/Page_Store/select_--Select--BA2910' counted

2018-05-15 14:31:10 - [TEST_STEP][PASSED] - Statement - For ([k = 1, k < BatchNo, (k++)]): null

2018-05-15 14:31:10 - [TEST_STEP][PASSED] - selectOptionByIndex: All options with index in [1] are selected on object 'Object Repository/Inpatient Request/Page_Store/select_--Select--BA2910'

2018-05-15 14:31:10 - [MESSAGE][PASSED] - All options with index in [1] are selected on object 'Object Repository/Inpatient Request/Page_Store/select_--Select--BA2910'

2018-05-15 14:31:10 - [TEST_STEP][PASSED] - delay: Delayed 2 second(s)

2018-05-15 14:31:12 - [MESSAGE][PASSED] - Delayed 2 second(s)

2018-05-15 14:31:12 - [TEST_STEP][PASSED] - Statement - StockQty = com.kms.katalon.core.webui.keyword.WebUiBuiltInKeywords.getAttribute(com.kms.katalon.core.testobject.ObjectRepository.findTestObject(Inpatient Request/Page_Store/input_txtprice), "value"): Attribute 'value' of object 'Object Repository/Inpatient Request/Page_Store/input_txtprice' is: '10000'

2018-05-15 14:31:12 - [MESSAGE][PASSED] - Attribute 'value' of object 'Object Repository/Inpatient Request/Page_Store/input_txtprice' is: '10000'

2018-05-15 14:31:12 - [TEST_STEP][PASSED] - Statement - out.println("StockQty IS : " + StockQty): null

2018-05-15 14:31:12 - [TEST_STEP][PASSED] - Statement - If (java.lang.Integer.valueOf(StockQty) > java.lang.Integer.valueOf(RequestedQty)): null

2018-05-15 14:31:12 - [TEST_STEP][PASSED] - delay: Delayed 1 second(s)

2018-05-15 14:31:13 - [MESSAGE][PASSED] - Delayed 1 second(s)

2018-05-15 14:31:13 - [TEST_STEP][PASSED] - setText: Text '5' is set on object 'Object Repository/Inpatient Request/Page_Store/input_txtqty'

2018-05-15 14:31:13 - [MESSAGE][PASSED] - Text '5' is set on object 'Object Repository/Inpatient Request/Page_Store/input_txtqty'

2018-05-15 14:31:13 - [TEST_STEP][PASSED] - click: Object: 'Object Repository/Inpatient Request/Page_Store/button_Add' is clicked on

2018-05-15 14:31:13 - [MESSAGE][PASSED] - Object: 'Object Repository/Inpatient Request/Page_Store/button_Add' is clicked on

2018-05-15 14:31:13 - [TEST_STEP][PASSED] - Statement - Break: null

2018-05-15 14:31:13 - [TEST_STEP][PASSED] - selectOptionByIndex: All options with index in [18] are selected on object 'Object Repository/Inpatient Request/Page_Store/select_--Select--Alcohol Rub i'

2018-05-15 14:31:14 - [MESSAGE][PASSED] - All options with index in [18] are selected on object 'Object Repository/Inpatient Request/Page_Store/select_--Select--Alcohol Rub i'

2018-05-15 14:31:14 - [TEST_STEP][PASSED] - delay: Delayed 2 second(s)

2018-05-15 14:31:16 - [MESSAGE][PASSED] - Delayed 2 second(s)

2018-05-15 14:31:16 - [TEST_STEP][PASSED] - Statement - RequestedQty = com.kms.katalon.core.webui.keyword.WebUiBuiltInKeywords.getAttribute(com.kms.katalon.core.testobject.ObjectRepository.findTestObject(Inpatient Request/Page_Store/input_txttotal), "value"): Attribute 'value' of object 'Object Repository/Inpatient Request/Page_Store/input_txttotal' is: '5'

2018-05-15 14:31:16 - [MESSAGE][PASSED] - Attribute 'value' of object 'Object Repository/Inpatient Request/Page_Store/input_txttotal' is: '5'

2018-05-15 14:31:16 - [TEST_STEP][PASSED] - Statement - out.println("RequestedQty IS : " + RequestedQty): null

2018-05-15 14:31:16 - [TEST_STEP][PASSED] - Statement - BatchNo = com.kms.katalon.core.webui.keyword.WebUiBuiltInKeywords.getNumberOfTotalOption(com.kms.katalon.core.testobject.ObjectRepository.findTestObject(Inpatient Request/Page_Store/select_--Select--BA2910)): 2 options of object 'Object Repository/Inpatient Request/Page_Store/select_--Select--BA2910' counted

2018-05-15 14:31:16 - [MESSAGE][PASSED] - 2 options of object 'Object Repository/Inpatient Request/Page_Store/select_--Select--BA2910' counted

2018-05-15 14:31:16 - [TEST_STEP][PASSED] - Statement - For ([k = 1, k < BatchNo, (k++)]): null

2018-05-15 14:31:16 - [TEST_STEP][PASSED] - selectOptionByIndex: All options with index in [1] are selected on object 'Object Repository/Inpatient Request/Page_Store/select_--Select--BA2910'

2018-05-15 14:31:16 - [MESSAGE][PASSED] - All options with index in [1] are selected on object 'Object Repository/Inpatient Request/Page_Store/select_--Select--BA2910'

2018-05-15 14:31:16 - [TEST_STEP][PASSED] - delay: Delayed 2 second(s)

2018-05-15 14:31:18 - [MESSAGE][PASSED] - Delayed 2 second(s)

2018-05-15 14:31:18 - [TEST_STEP][PASSED] - Statement - StockQty = com.kms.katalon.core.webui.keyword.WebUiBuiltInKeywords.getAttribute(com.kms.katalon.core.testobject.ObjectRepository.findTestObject(Inpatient Request/Page_Store/input_txtprice), "value"): Attribute 'value' of object 'Object Repository/Inpatient Request/Page_Store/input_txtprice' is: '10000'

2018-05-15 14:31:18 - [MESSAGE][PASSED] - Attribute 'value' of object 'Object Repository/Inpatient Request/Page_Store/input_txtprice' is: '10000'

2018-05-15 14:31:18 - [TEST_STEP][PASSED] - Statement - out.println("StockQty IS : " + StockQty): null

2018-05-15 14:31:18 - [TEST_STEP][PASSED] - Statement - If (java.lang.Integer.valueOf(StockQty) > java.lang.Integer.valueOf(RequestedQty)): null

2018-05-15 14:31:18 - [TEST_STEP][PASSED] - delay: Delayed 1 second(s)

2018-05-15 14:31:19 - [MESSAGE][PASSED] - Delayed 1 second(s)

2018-05-15 14:31:19 - [TEST_STEP][PASSED] - setText: Text '5' is set on object 'Object Repository/Inpatient Request/Page_Store/input_txtqty'

2018-05-15 14:31:19 - [MESSAGE][PASSED] - Text '5' is set on object 'Object Repository/Inpatient Request/Page_Store/input_txtqty'

2018-05-15 14:31:19 - [TEST_STEP][PASSED] - click: Object: 'Object Repository/Inpatient Request/Page_Store/button_Add' is clicked on

2018-05-15 14:31:19 - [MESSAGE][PASSED] - Object: 'Object Repository/Inpatient Request/Page_Store/button_Add' is clicked on

2018-05-15 14:31:19 - [TEST_STEP][PASSED] - Statement - Break: null

2018-05-15 14:31:19 - [TEST_STEP][PASSED] - scrollToElement: Scroll to object 'Object Repository/Inpatient Request/Page_Store/input_btnSubmit' successfully

2018-05-15 14:31:19 - [MESSAGE][PASSED] - Scroll to object 'Object Repository/Inpatient Request/Page_Store/input_btnSubmit' successfully

2018-05-15 14:31:19 - [TEST_STEP][PASSED] - click: Object: 'Object Repository/Inpatient Request/Page_Store/input_btnSubmit' is clicked on

2018-05-15 14:31:19 - [MESSAGE][PASSED] - Object: 'Object Repository/Inpatient Request/Page_Store/input_btnSubmit' is clicked on

2018-05-15 14:31:19 - [TEST_STEP][PASSED] - delay: Delayed 3 second(s)

2018-05-15 14:31:22 - [MESSAGE][PASSED] - Delayed 3 second(s)

2018-05-15 14:31:22 - [TEST_STEP][PASSED] - click: Object: 'Object Repository/Inpatient Request/Page_Store/button_OK' is clicked on

2018-05-15 14:31:23 - [MESSAGE][PASSED] - Object: 'Object Repository/Inpatient Request/Page_Store/button_OK' is clicked on

2018-05-15 14:31:23 - [TEST_STEP][PASSED] - delay: Delayed 3 second(s)

2018-05-15 14:31:26 - [MESSAGE][PASSED] - Delayed 3 second(s)

2018-05-15 14:31:26 - [TEST_STEP][PASSED] - click: Object: 'Object Repository/Inpatient Request/Page_Store/a_dropdown-toggle' is clicked on

2018-05-15 14:31:26 - [MESSAGE][PASSED] - Object: 'Object Repository/Inpatient Request/Page_Store/a_dropdown-toggle' is clicked on

2018-05-15 14:31:26 - [TEST_STEP][PASSED] - click: Object: 'Object Repository/Inpatient Request/Page_Store/a_Sign out' is clicked on

2018-05-15 14:31:26 - [MESSAGE][PASSED] - Object: 'Object Repository/Inpatient Request/Page_Store/a_Sign out' is clicked on

2018-05-15 14:31:26 - [TEST_STEP][PASSED] - closeBrowser: Browser is closed

2018-05-15 14:31:27 - [MESSAGE][PASSED] - Browser is closed

2018-05-15 14:31:27 - [TEST_STEP][PASSED] - Statement - out.println("Schedule 12 Inpatient Request Are Working Successfully"): null]]></system-out>
         <system-err><![CDATA[]]></system-err>
      </testcase>
      <system-out><![CDATA[2018-05-15 14:22:01 - [TEST_SUITE][PASSED] - Inpatient_Suit: Test Cases/INPATIENT TEST CASES/TC_INR_003 Verify Schedule 12 Inpatient Request Are Working Successfully Or Not]]></system-out>
      <system-err><![CDATA[]]></system-err>
   </testsuite>
</testsuites>
